[
  {
    "Plan": {
      "Node Type": "Aggregate",
      "Strategy": "Plain",
      "Partial Mode": "Finalize",
      "Parallel Aware": false,
      "Startup Cost": 38238.63,
      "Total Cost": 38238.64,
      "Plan Rows": 1,
      "Plan Width": 8,
      "Actual Startup Time": 114.653,
      "Actual Total Time": 133.7,
      "Actual Rows": 1,
      "Actual Loops": 1,
      "Plans": [
        {
          "Node Type": "Gather",
          "Parent Relationship": "Outer",
          "Parallel Aware": false,
          "Startup Cost": 38238.41,
          "Total Cost": 38238.62,
          "Plan Rows": 2,
          "Plan Width": 8,
          "Actual Startup Time": 114.384,
          "Actual Total Time": 133.692,
          "Actual Rows": 3,
          "Actual Loops": 1,
          "Workers Planned": 2,
          "Workers Launched": 2,
          "Single Copy": false,
          "Plans": [
            {
              "Node Type": "Aggregate",
              "Strategy": "Plain",
              "Partial Mode": "Partial",
              "Parent Relationship": "Outer",
              "Parallel Aware": false,
              "Startup Cost": 37238.41,
              "Total Cost": 37238.42,
              "Plan Rows": 1,
              "Plan Width": 8,
              "Actual Startup Time": 108.124,
              "Actual Total Time": 108.126,
              "Actual Rows": 1,
              "Actual Loops": 3,
              "Plans": [
                {
                  "Node Type": "Nested Loop",
                  "Parent Relationship": "Outer",
                  "Parallel Aware": false,
                  "Join Type": "Inner",
                  "Startup Cost": 234.89,
                  "Total Cost": 37233.59,
                  "Plan Rows": 1928,
                  "Plan Width": 0,
                  "Actual Startup Time": 26.419,
                  "Actual Total Time": 107.678,
                  "Actual Rows": 2567,
                  "Actual Loops": 3,
                  "Inner Unique": false,
                  "Plans": [
                    {
                      "Node Type": "Nested Loop",
                      "Parent Relationship": "Outer",
                      "Parallel Aware": false,
                      "Join Type": "Inner",
                      "Startup Cost": 234.45,
                      "Total Cost": 33458.91,
                      "Plan Rows": 2278,
                      "Plan Width": 8,
                      "Actual Startup Time": 26.215,
                      "Actual Total Time": 44.271,
                      "Actual Rows": 1385,
                      "Actual Loops": 3,
                      "Inner Unique": true,
                      "Plans": [
                        {
                          "Node Type": "Bitmap Heap Scan",
                          "Parent Relationship": "Outer",
                          "Parallel Aware": true,
                          "Relation Name": "movie_companies",
                          "Alias": "mc",
                          "Startup Cost": 234.02,
                          "Total Cost": 16978.94,
                          "Plan Rows": 2278,
                          "Plan Width": 4,
                          "Actual Startup Time": 26.034,
                          "Actual Total Time": 30.188,
                          "Actual Rows": 1385,
                          "Actual Loops": 3,
                          "Recheck Cond": "(company_id = 846)",
                          "Rows Removed by Index Recheck": 0,
                          "Filter": "(company_type_id = 2)",
                          "Rows Removed by Filter": 2003,
                          "Exact Heap Blocks": 4479,
                          "Lossy Heap Blocks": 0,
                          "Plans": [
                            {
                              "Node Type": "Bitmap Index Scan",
                              "Parent Relationship": "Outer",
                              "Parallel Aware": false,
                              "Index Name": "company_id_movie_companies",
                              "Startup Cost": 0.0,
                              "Total Cost": 232.66,
                              "Plan Rows": 10697,
                              "Plan Width": 0,
                              "Actual Startup Time": 23.176,
                              "Actual Total Time": 23.177,
                              "Actual Rows": 10163,
                              "Actual Loops": 1,
                              "Index Cond": "(company_id = 846)"
                            }
                          ]
                        },
                        {
                          "Node Type": "Index Only Scan",
                          "Parent Relationship": "Inner",
                          "Parallel Aware": false,
                          "Scan Direction": "Forward",
                          "Index Name": "title_pkey",
                          "Relation Name": "title",
                          "Alias": "t",
                          "Startup Cost": 0.43,
                          "Total Cost": 7.23,
                          "Plan Rows": 1,
                          "Plan Width": 4,
                          "Actual Startup Time": 0.009,
                          "Actual Total Time": 0.009,
                          "Actual Rows": 1,
                          "Actual Loops": 4155,
                          "Index Cond": "(id = mc.movie_id)",
                          "Rows Removed by Index Recheck": 0,
                          "Heap Fetches": 4155
                        }
                      ]
                    },
                    {
                      "Node Type": "Index Scan",
                      "Parent Relationship": "Inner",
                      "Parallel Aware": false,
                      "Scan Direction": "Forward",
                      "Index Name": "movie_id_movie_info",
                      "Relation Name": "movie_info",
                      "Alias": "mi",
                      "Startup Cost": 0.43,
                      "Total Cost": 1.6,
                      "Plan Rows": 6,
                      "Plan Width": 4,
                      "Actual Startup Time": 0.016,
                      "Actual Total Time": 0.045,
                      "Actual Rows": 2,
                      "Actual Loops": 4155,
                      "Index Cond": "(movie_id = t.id)",
                      "Rows Removed by Index Recheck": 0,
                      "Filter": "(info_type_id < 3)",
                      "Rows Removed by Filter": 44
                    }
                  ]
                }
              ]
            }
          ]
        }
      ]
    },
    "Planning Time": 0.68,
    "Triggers": [],
    "Execution Time": 133.758
  }
]