[
  {
    "Plan": {
      "Node Type": "Aggregate",
      "Strategy": "Plain",
      "Partial Mode": "Finalize",
      "Parallel Aware": false,
      "Startup Cost": 113215.14,
      "Total Cost": 113215.15,
      "Plan Rows": 1,
      "Plan Width": 8,
      "Actual Startup Time": 804.336,
      "Actual Total Time": 832.875,
      "Actual Rows": 1,
      "Actual Loops": 1,
      "Plans": [
        {
          "Node Type": "Gather",
          "Parent Relationship": "Outer",
          "Parallel Aware": false,
          "Startup Cost": 113214.92,
          "Total Cost": 113215.13,
          "Plan Rows": 2,
          "Plan Width": 8,
          "Actual Startup Time": 789.737,
          "Actual Total Time": 832.867,
          "Actual Rows": 3,
          "Actual Loops": 1,
          "Workers Planned": 2,
          "Workers Launched": 2,
          "Single Copy": false,
          "Plans": [
            {
              "Node Type": "Aggregate",
              "Strategy": "Plain",
              "Partial Mode": "Partial",
              "Parent Relationship": "Outer",
              "Parallel Aware": false,
              "Startup Cost": 112214.92,
              "Total Cost": 112214.93,
              "Plan Rows": 1,
              "Plan Width": 8,
              "Actual Startup Time": 786.942,
              "Actual Total Time": 787.138,
              "Actual Rows": 1,
              "Actual Loops": 3,
              "Plans": [
                {
                  "Node Type": "Hash Join",
                  "Parent Relationship": "Outer",
                  "Parallel Aware": true,
                  "Join Type": "Inner",
                  "Startup Cost": 95474.33,
                  "Total Cost": 111822.34,
                  "Plan Rows": 157032,
                  "Plan Width": 0,
                  "Actual Startup Time": 627.443,
                  "Actual Total Time": 764.938,
                  "Actual Rows": 480254,
                  "Actual Loops": 3,
                  "Inner Unique": false,
                  "Hash Cond": "(mi_idx.movie_id = t.id)",
                  "Plans": [
                    {
                      "Node Type": "Seq Scan",
                      "Parent Relationship": "Outer",
                      "Parallel Aware": true,
                      "Relation Name": "movie_info_idx",
                      "Alias": "mi_idx",
                      "Startup Cost": 0.0,
                      "Total Cost": 13685.15,
                      "Plan Rows": 575015,
                      "Plan Width": 4,
                      "Actual Startup Time": 0.018,
                      "Actual Total Time": 36.485,
                      "Actual Rows": 460012,
                      "Actual Loops": 3
                    },
                    {
                      "Node Type": "Hash",
                      "Parent Relationship": "Inner",
                      "Parallel Aware": true,
                      "Startup Cost": 92690.18,
                      "Total Cost": 92690.18,
                      "Plan Rows": 222732,
                      "Plan Width": 8,
                      "Actual Startup Time": 624.469,
                      "Actual Total Time": 624.663,
                      "Actual Rows": 232038,
                      "Actual Loops": 3,
                      "Hash Buckets": 1048576,
                      "Original Hash Buckets": 1048576,
                      "Hash Batches": 1,
                      "Original Hash Batches": 1,
                      "Peak Memory Usage": 35488,
                      "Plans": [
                        {
                          "Node Type": "Hash Join",
                          "Parent Relationship": "Outer",
                          "Parallel Aware": true,
                          "Join Type": "Inner",
                          "Startup Cost": 64867.36,
                          "Total Cost": 92690.18,
                          "Plan Rows": 222732,
                          "Plan Width": 8,
                          "Actual Startup Time": 422.942,
                          "Actual Total Time": 561.841,
                          "Actual Rows": 232038,
                          "Actual Loops": 3,
                          "Inner Unique": true,
                          "Hash Cond": "(mk.movie_id = t.id)",
                          "Plans": [
                            {
                              "Node Type": "Bitmap Heap Scan",
                              "Parent Relationship": "Outer",
                              "Parallel Aware": true,
                              "Relation Name": "movie_keyword",
                              "Alias": "mk",
                              "Startup Cost": 14647.56,
                              "Total Cost": 41885.7,
                              "Plan Rows": 222732,
                              "Plan Width": 4,
                              "Actual Startup Time": 49.385,
                              "Actual Total Time": 111.317,
                              "Actual Rows": 232038,
                              "Actual Loops": 3,
                              "Recheck Cond": "(keyword_id < 580)",
                              "Rows Removed by Index Recheck": 0,
                              "Exact Heap Blocks": 7691,
                              "Lossy Heap Blocks": 0,
                              "Plans": [
                                {
                                  "Node Type": "Bitmap Index Scan",
                                  "Parent Relationship": "Outer",
                                  "Parallel Aware": false,
                                  "Index Name": "keyword_id_movie_keyword",
                                  "Startup Cost": 0.0,
                                  "Total Cost": 14474.94,
                                  "Plan Rows": 690468,
                                  "Plan Width": 0,
                                  "Actual Startup Time": 45.732,
                                  "Actual Total Time": 45.732,
                                  "Actual Rows": 696113,
                                  "Actual Loops": 1,
                                  "Index Cond": "(keyword_id < 580)"
                                }
                              ]
                            },
                            {
                              "Node Type": "Hash",
                              "Parent Relationship": "Inner",
                              "Parallel Aware": true,
                              "Startup Cost": 42318.81,
                              "Total Cost": 42318.81,
                              "Plan Rows": 632080,
                              "Plan Width": 4,
                              "Actual Startup Time": 364.946,
                              "Actual Total Time": 364.947,
                              "Actual Rows": 842771,
                              "Actual Loops": 3,
                              "Hash Buckets": 4194304,
                              "Original Hash Buckets": 4194304,
                              "Hash Batches": 1,
                              "Original Hash Batches": 1,
                              "Peak Memory Usage": 131744,
                              "Plans": [
                                {
                                  "Node Type": "Seq Scan",
                                  "Parent Relationship": "Outer",
                                  "Parallel Aware": true,
                                  "Relation Name": "title",
                                  "Alias": "t",
                                  "Startup Cost": 0.0,
                                  "Total Cost": 42318.81,
                                  "Plan Rows": 632080,
                                  "Plan Width": 4,
                                  "Actual Startup Time": 0.02,
                                  "Actual Total Time": 103.269,
                                  "Actual Rows": 842771,
                                  "Actual Loops": 3
                                }
                              ]
                            }
                          ]
                        }
                      ]
                    }
                  ]
                }
              ]
            }
          ]
        }
      ]
    },
    "Planning Time": 0.408,
    "Triggers": [],
    "Execution Time": 832.921
  }
]