[
  {
    "Plan": {
      "Node Type": "Aggregate",
      "Strategy": "Plain",
      "Partial Mode": "Finalize",
      "Parallel Aware": false,
      "Startup Cost": 113203.49,
      "Total Cost": 113203.5,
      "Plan Rows": 1,
      "Plan Width": 8,
      "Actual Startup Time": 823.98,
      "Actual Total Time": 845.531,
      "Actual Rows": 1,
      "Actual Loops": 1,
      "Plans": [
        {
          "Node Type": "Gather",
          "Parent Relationship": "Outer",
          "Parallel Aware": false,
          "Startup Cost": 113203.28,
          "Total Cost": 113203.49,
          "Plan Rows": 2,
          "Plan Width": 8,
          "Actual Startup Time": 813.883,
          "Actual Total Time": 845.523,
          "Actual Rows": 3,
          "Actual Loops": 1,
          "Workers Planned": 2,
          "Workers Launched": 2,
          "Single Copy": false,
          "Plans": [
            {
              "Node Type": "Aggregate",
              "Strategy": "Plain",
              "Partial Mode": "Partial",
              "Parent Relationship": "Outer",
              "Parallel Aware": false,
              "Startup Cost": 112203.28,
              "Total Cost": 112203.29,
              "Plan Rows": 1,
              "Plan Width": 8,
              "Actual Startup Time": 805.964,
              "Actual Total Time": 806.15,
              "Actual Rows": 1,
              "Actual Loops": 3,
              "Plans": [
                {
                  "Node Type": "Hash Join",
                  "Parent Relationship": "Outer",
                  "Parallel Aware": true,
                  "Join Type": "Inner",
                  "Startup Cost": 95463.22,
                  "Total Cost": 111810.93,
                  "Plan Rows": 156940,
                  "Plan Width": 0,
                  "Actual Startup Time": 660.53,
                  "Actual Total Time": 787.143,
                  "Actual Rows": 480254,
                  "Actual Loops": 3,
                  "Inner Unique": false,
                  "Hash Cond": "(mi_idx.movie_id = t.id)",
                  "Plans": [
                    {
                      "Node Type": "Seq Scan",
                      "Parent Relationship": "Outer",
                      "Parallel Aware": true,
                      "Relation Name": "movie_info_idx",
                      "Alias": "mi_idx",
                      "Startup Cost": 0.0,
                      "Total Cost": 13685.15,
                      "Plan Rows": 575015,
                      "Plan Width": 4,
                      "Actual Startup Time": 0.029,
                      "Actual Total Time": 34.044,
                      "Actual Rows": 460012,
                      "Actual Loops": 3
                    },
                    {
                      "Node Type": "Hash",
                      "Parent Relationship": "Inner",
                      "Parallel Aware": true,
                      "Startup Cost": 92680.75,
                      "Total Cost": 92680.75,
                      "Plan Rows": 222597,
                      "Plan Width": 8,
                      "Actual Startup Time": 654.682,
                      "Actual Total Time": 654.866,
                      "Actual Rows": 232038,
                      "Actual Loops": 3,
                      "Hash Buckets": 1048576,
                      "Original Hash Buckets": 1048576,
                      "Hash Batches": 1,
                      "Original Hash Batches": 1,
                      "Peak Memory Usage": 35456,
                      "Plans": [
                        {
                          "Node Type": "Hash Join",
                          "Parent Relationship": "Outer",
                          "Parallel Aware": true,
                          "Join Type": "Inner",
                          "Startup Cost": 64859.97,
                          "Total Cost": 92680.75,
                          "Plan Rows": 222597,
                          "Plan Width": 8,
                          "Actual Startup Time": 442.488,
                          "Actual Total Time": 588.679,
                          "Actual Rows": 232038,
                          "Actual Loops": 3,
                          "Inner Unique": true,
                          "Hash Cond": "(mk.movie_id = t.id)",
                          "Plans": [
                            {
                              "Node Type": "Bitmap Heap Scan",
                              "Parent Relationship": "Outer",
                              "Parallel Aware": true,
                              "Relation Name": "movie_keyword",
                              "Alias": "mk",
                              "Startup Cost": 14640.33,
                              "Total Cost": 41876.79,
                              "Plan Rows": 222597,
                              "Plan Width": 4,
                              "Actual Startup Time": 40.385,
                              "Actual Total Time": 104.824,
                              "Actual Rows": 232038,
                              "Actual Loops": 3,
                              "Recheck Cond": "(keyword_id < 580)",
                              "Rows Removed by Index Recheck": 0,
                              "Exact Heap Blocks": 9237,
                              "Lossy Heap Blocks": 0,
                              "Plans": [
                                {
                                  "Node Type": "Bitmap Index Scan",
                                  "Parent Relationship": "Outer",
                                  "Parallel Aware": false,
                                  "Index Name": "keyword_id_movie_keyword",
                                  "Startup Cost": 0.0,
                                  "Total Cost": 14467.82,
                                  "Plan Rows": 690051,
                                  "Plan Width": 0,
                                  "Actual Startup Time": 36.718,
                                  "Actual Total Time": 36.719,
                                  "Actual Rows": 696113,
                                  "Actual Loops": 1,
                                  "Index Cond": "(keyword_id < 580)"
                                }
                              ]
                            },
                            {
                              "Node Type": "Hash",
                              "Parent Relationship": "Inner",
                              "Parallel Aware": true,
                              "Startup Cost": 42318.73,
                              "Total Cost": 42318.73,
                              "Plan Rows": 632073,
                              "Plan Width": 4,
                              "Actual Startup Time": 391.994,
                              "Actual Total Time": 391.995,
                              "Actual Rows": 842771,
                              "Actual Loops": 3,
                              "Hash Buckets": 4194304,
                              "Original Hash Buckets": 4194304,
                              "Hash Batches": 1,
                              "Original Hash Batches": 1,
                              "Peak Memory Usage": 131744,
                              "Plans": [
                                {
                                  "Node Type": "Seq Scan",
                                  "Parent Relationship": "Outer",
                                  "Parallel Aware": true,
                                  "Relation Name": "title",
                                  "Alias": "t",
                                  "Startup Cost": 0.0,
                                  "Total Cost": 42318.73,
                                  "Plan Rows": 632073,
                                  "Plan Width": 4,
                                  "Actual Startup Time": 0.041,
                                  "Actual Total Time": 112.179,
                                  "Actual Rows": 842771,
                                  "Actual Loops": 3
                                }
                              ]
                            }
                          ]
                        }
                      ]
                    }
                  ]
                }
              ]
            }
          ]
        }
      ]
    },
    "Planning Time": 1.012,
    "Triggers": [],
    "Execution Time": 845.618
  }
]