[
  {
    "Plan": {
      "Node Type": "Aggregate",
      "Strategy": "Plain",
      "Partial Mode": "Finalize",
      "Parallel Aware": false,
      "Startup Cost": 333551.52,
      "Total Cost": 333551.53,
      "Plan Rows": 1,
      "Plan Width": 8,
      "Actual Startup Time": 626.803,
      "Actual Total Time": 676.866,
      "Actual Rows": 1,
      "Actual Loops": 1,
      "Plans": [
        {
          "Node Type": "Gather",
          "Parent Relationship": "Outer",
          "Parallel Aware": false,
          "Startup Cost": 333550.89,
          "Total Cost": 333551.5,
          "Plan Rows": 6,
          "Plan Width": 8,
          "Actual Startup Time": 626.54,
          "Actual Total Time": 676.854,
          "Actual Rows": 7,
          "Actual Loops": 1,
          "Workers Planned": 6,
          "Workers Launched": 6,
          "Single Copy": false,
          "Plans": [
            {
              "Node Type": "Aggregate",
              "Strategy": "Plain",
              "Partial Mode": "Partial",
              "Parent Relationship": "Outer",
              "Parallel Aware": false,
              "Startup Cost": 332550.89,
              "Total Cost": 332550.9,
              "Plan Rows": 1,
              "Plan Width": 8,
              "Actual Startup Time": 617.48,
              "Actual Total Time": 617.481,
              "Actual Rows": 1,
              "Actual Loops": 7,
              "Plans": [
                {
                  "Node Type": "Seq Scan",
                  "Parent Relationship": "Outer",
                  "Parallel Aware": true,
                  "Relation Name": "cast_info",
                  "Alias": "ci",
                  "Startup Cost": 0.0,
                  "Total Cost": 328211.39,
                  "Plan Rows": 1735801,
                  "Plan Width": 0,
                  "Actual Startup Time": 0.052,
                  "Actual Total Time": 545.956,
                  "Actual Rows": 1489693,
                  "Actual Loops": 7,
                  "Filter": "(person_id < 1023910)",
                  "Rows Removed by Filter": 3688071
                }
              ]
            }
          ]
        }
      ]
    },
    "Planning Time": 0.104,
    "Triggers": [],
    "Execution Time": 676.913
  }
]