[
    {
        "Bao": {
            "Bao prediction": "NaN",
            "Bao recommended hint": "(no hint)"
        }
    },
    {
        "Plan": {
            "Node Type": "Aggregate",
            "Strategy": "Plain",
            "Partial Mode": "Finalize",
            "Parallel Aware": false,
            "Startup Cost": 223247.17,
            "Total Cost": 223247.18,
            "Plan Rows": 1,
            "Plan Width": 8,
            "Actual Startup Time": 1051.702,
            "Actual Total Time": 1092.337,
            "Actual Rows": 1,
            "Actual Loops": 1,
            "Output": [
                "count(*)"
            ],
            "Plans": [
                {
                    "Node Type": "Gather",
                    "Parent Relationship": "Outer",
                    "Parallel Aware": false,
                    "Startup Cost": 223246.85,
                    "Total Cost": 223247.16,
                    "Plan Rows": 3,
                    "Plan Width": 8,
                    "Actual Startup Time": 1048.896,
                    "Actual Total Time": 1092.325,
                    "Actual Rows": 4,
                    "Actual Loops": 1,
                    "Output": [
                        "(PARTIAL count(*))"
                    ],
                    "Workers Planned": 3,
                    "Workers Launched": 3,
                    "Single Copy": false,
                    "Plans": [
                        {
                            "Node Type": "Aggregate",
                            "Strategy": "Plain",
                            "Partial Mode": "Partial",
                            "Parent Relationship": "Outer",
                            "Parallel Aware": false,
                            "Startup Cost": 222246.85,
                            "Total Cost": 222246.86,
                            "Plan Rows": 1,
                            "Plan Width": 8,
                            "Actual Startup Time": 1039.847,
                            "Actual Total Time": 1039.851,
                            "Actual Rows": 1,
                            "Actual Loops": 4,
                            "Output": [
                                "PARTIAL count(*)"
                            ],
                            "Workers": [
                                {
                                    "Worker Number": 0,
                                    "Actual Startup Time": 1036.628,
                                    "Actual Total Time": 1036.632,
                                    "Actual Rows": 1,
                                    "Actual Loops": 1
                                },
                                {
                                    "Worker Number": 1,
                                    "Actual Startup Time": 1036.873,
                                    "Actual Total Time": 1036.876,
                                    "Actual Rows": 1,
                                    "Actual Loops": 1
                                },
                                {
                                    "Worker Number": 2,
                                    "Actual Startup Time": 1037.578,
                                    "Actual Total Time": 1037.581,
                                    "Actual Rows": 1,
                                    "Actual Loops": 1
                                }
                            ],
                            "Plans": [
                                {
                                    "Node Type": "Nested Loop",
                                    "Parent Relationship": "Outer",
                                    "Parallel Aware": false,
                                    "Join Type": "Inner",
                                    "Startup Cost": 45509.15,
                                    "Total Cost": 221921.84,
                                    "Plan Rows": 130005,
                                    "Plan Width": 0,
                                    "Actual Startup Time": 183.614,
                                    "Actual Total Time": 1022.286,
                                    "Actual Rows": 273619,
                                    "Actual Loops": 4,
                                    "Inner Unique": false,
                                    "Join Filter": "(t.id = mi.movie_id)",
                                    "Rows Removed by Join Filter": 0,
                                    "Workers": [
                                        {
                                            "Worker Number": 0,
                                            "Actual Startup Time": 180.456,
                                            "Actual Total Time": 1018.532,
                                            "Actual Rows": 212386,
                                            "Actual Loops": 1
                                        },
                                        {
                                            "Worker Number": 1,
                                            "Actual Startup Time": 180.37,
                                            "Actual Total Time": 1020.819,
                                            "Actual Rows": 307764,
                                            "Actual Loops": 1
                                        },
                                        {
                                            "Worker Number": 2,
                                            "Actual Startup Time": 181.333,
                                            "Actual Total Time": 1022.223,
                                            "Actual Rows": 293456,
                                            "Actual Loops": 1
                                        }
                                    ],
                                    "Plans": [
                                        {
                                            "Node Type": "Hash Join",
                                            "Parent Relationship": "Outer",
                                            "Parallel Aware": true,
                                            "Join Type": "Inner",
                                            "Startup Cost": 45508.72,
                                            "Total Cost": 77733.27,
                                            "Plan Rows": 62846,
                                            "Plan Width": 8,
                                            "Actual Startup Time": 183.528,
                                            "Actual Total Time": 326.231,
                                            "Actual Rows": 83650,
                                            "Actual Loops": 4,
                                            "Output": [
                                                "t.id",
                                                "mc.movie_id"
                                            ],
                                            "Inner Unique": true,
                                            "Hash Cond": "(mc.movie_id = t.id)",
                                            "Workers": [
                                                {
                                                    "Worker Number": 0,
                                                    "Actual Startup Time": 180.372,
                                                    "Actual Total Time": 312.553,
                                                    "Actual Rows": 64262,
                                                    "Actual Loops": 1
                                                },
                                                {
                                                    "Worker Number": 1,
                                                    "Actual Startup Time": 180.309,
                                                    "Actual Total Time": 322.784,
                                                    "Actual Rows": 95912,
                                                    "Actual Loops": 1
                                                },
                                                {
                                                    "Worker Number": 2,
                                                    "Actual Startup Time": 181.161,
                                                    "Actual Total Time": 320.649,
                                                    "Actual Rows": 90173,
                                                    "Actual Loops": 1
                                                }
                                            ],
                                            "Plans": [
                                                {
                                                    "Node Type": "Seq Scan",
                                                    "Parent Relationship": "Outer",
                                                    "Parallel Aware": true,
                                                    "Relation Name": "movie_companies",
                                                    "Schema": "public",
                                                    "Alias": "mc",
                                                    "Startup Cost": 0.0,
                                                    "Total Cost": 31414.82,
                                                    "Plan Rows": 308471,
                                                    "Plan Width": 4,
                                                    "Actual Startup Time": 32.517,
                                                    "Actual Total Time": 78.363,
                                                    "Actual Rows": 279917,
                                                    "Actual Loops": 4,
                                                    "Output": [
                                                        "mc.id",
                                                        "mc.movie_id",
                                                        "mc.company_id",
                                                        "mc.company_type_id",
                                                        "mc.note"
                                                    ],
                                                    "Filter": "((mc.company_id > 1427) AND (mc.company_type_id = 2))",
                                                    "Rows Removed by Filter": 372365,
                                                    "Workers": [
                                                        {
                                                            "Worker Number": 0,
                                                            "Actual Startup Time": 32.519,
                                                            "Actual Total Time": 78.238,
                                                            "Actual Rows": 209778,
                                                            "Actual Loops": 1
                                                        },
                                                        {
                                                            "Worker Number": 1,
                                                            "Actual Startup Time": 32.539,
                                                            "Actual Total Time": 75.315,
                                                            "Actual Rows": 316533,
                                                            "Actual Loops": 1
                                                        },
                                                        {
                                                            "Worker Number": 2,
                                                            "Actual Startup Time": 32.528,
                                                            "Actual Total Time": 75.273,
                                                            "Actual Rows": 305112,
                                                            "Actual Loops": 1
                                                        }
                                                    ]
                                                },
                                                {
                                                    "Node Type": "Hash",
                                                    "Parent Relationship": "Inner",
                                                    "Parallel Aware": true,
                                                    "Startup Cost": 43899.01,
                                                    "Total Cost": 43899.01,
                                                    "Plan Rows": 128777,
                                                    "Plan Width": 4,
                                                    "Actual Startup Time": 148.325,
                                                    "Actual Total Time": 148.326,
                                                    "Actual Rows": 127239,
                                                    "Actual Loops": 4,
                                                    "Output": [
                                                        "t.id"
                                                    ],
                                                    "Hash Buckets": 524288,
                                                    "Original Hash Buckets": 524288,
                                                    "Hash Batches": 1,
                                                    "Original Hash Batches": 1,
                                                    "Peak Memory Usage": 24064,
                                                    "Workers": [
                                                        {
                                                            "Worker Number": 0,
                                                            "Actual Startup Time": 147.23,
                                                            "Actual Total Time": 147.231,
                                                            "Actual Rows": 97988,
                                                            "Actual Loops": 1
                                                        },
                                                        {
                                                            "Worker Number": 1,
                                                            "Actual Startup Time": 147.323,
                                                            "Actual Total Time": 147.324,
                                                            "Actual Rows": 139074,
                                                            "Actual Loops": 1
                                                        },
                                                        {
                                                            "Worker Number": 2,
                                                            "Actual Startup Time": 147.596,
                                                            "Actual Total Time": 147.597,
                                                            "Actual Rows": 136465,
                                                            "Actual Loops": 1
                                                        }
                                                    ],
                                                    "Plans": [
                                                        {
                                                            "Node Type": "Seq Scan",
                                                            "Parent Relationship": "Outer",
                                                            "Parallel Aware": true,
                                                            "Relation Name": "title",
                                                            "Schema": "public",
                                                            "Alias": "t",
                                                            "Startup Cost": 0.0,
                                                            "Total Cost": 43899.01,
                                                            "Plan Rows": 128777,
                                                            "Plan Width": 4,
                                                            "Actual Startup Time": 0.042,
                                                            "Actual Total Time": 101.419,
                                                            "Actual Rows": 127239,
                                                            "Actual Loops": 4,
                                                            "Output": [
                                                                "t.id"
                                                            ],
                                                            "Filter": "(t.production_year < 1980)",
                                                            "Rows Removed by Filter": 504839,
                                                            "Workers": [
                                                                {
                                                                    "Worker Number": 0,
                                                                    "Actual Startup Time": 0.048,
                                                                    "Actual Total Time": 104.498,
                                                                    "Actual Rows": 97988,
                                                                    "Actual Loops": 1
                                                                },
                                                                {
                                                                    "Worker Number": 1,
                                                                    "Actual Startup Time": 0.049,
                                                                    "Actual Total Time": 101.061,
                                                                    "Actual Rows": 139074,
                                                                    "Actual Loops": 1
                                                                },
                                                                {
                                                                    "Worker Number": 2,
                                                                    "Actual Startup Time": 0.052,
                                                                    "Actual Total Time": 100.931,
                                                                    "Actual Rows": 136465,
                                                                    "Actual Loops": 1
                                                                }
                                                            ]
                                                        }
                                                    ]
                                                }
                                            ]
                                        },
                                        {
                                            "Node Type": "Index Scan",
                                            "Parent Relationship": "Inner",
                                            "Parallel Aware": false,
                                            "Scan Direction": "Forward",
                                            "Index Name": "movie_id_movie_info",
                                            "Relation Name": "movie_info",
                                            "Schema": "public",
                                            "Alias": "mi",
                                            "Startup Cost": 0.43,
                                            "Total Cost": 2.12,
                                            "Plan Rows": 14,
                                            "Plan Width": 4,
                                            "Actual Startup Time": 0.005,
                                            "Actual Total Time": 0.008,
                                            "Actual Rows": 3,
                                            "Actual Loops": 334600,
                                            "Output": [
                                                "mi.id",
                                                "mi.movie_id",
                                                "mi.info_type_id",
                                                "mi.info",
                                                "mi.note"
                                            ],
                                            "Index Cond": "(mi.movie_id = mc.movie_id)",
                                            "Rows Removed by Index Recheck": 0,
                                            "Filter": "(mi.info_type_id > 15)",
                                            "Rows Removed by Filter": 9,
                                            "Workers": [
                                                {
                                                    "Worker Number": 0,
                                                    "Actual Startup Time": 0.006,
                                                    "Actual Total Time": 0.01,
                                                    "Actual Rows": 3,
                                                    "Actual Loops": 64262
                                                },
                                                {
                                                    "Worker Number": 1,
                                                    "Actual Startup Time": 0.004,
                                                    "Actual Total Time": 0.007,
                                                    "Actual Rows": 3,
                                                    "Actual Loops": 95912
                                                },
                                                {
                                                    "Worker Number": 2,
                                                    "Actual Startup Time": 0.004,
                                                    "Actual Total Time": 0.007,
                                                    "Actual Rows": 3,
                                                    "Actual Loops": 90173
                                                }
                                            ]
                                        }
                                    ]
                                }
                            ]
                        }
                    ]
                }
            ]
        },
        "Planning Time": 333.893,
        "Triggers": [],
        "Execution Time": 1092.481
    }
]