[
  {
    "Plan": {
      "Node Type": "Aggregate",
      "Strategy": "Plain",
      "Partial Mode": "Finalize",
      "Parallel Aware": false,
      "Startup Cost": 98433.97,
      "Total Cost": 98433.98,
      "Plan Rows": 1,
      "Plan Width": 8,
      "Actual Startup Time": 456.853,
      "Actual Total Time": 475.276,
      "Actual Rows": 1,
      "Actual Loops": 1,
      "Plans": [
        {
          "Node Type": "Gather",
          "Parent Relationship": "Outer",
          "Parallel Aware": false,
          "Startup Cost": 98433.76,
          "Total Cost": 98433.97,
          "Plan Rows": 2,
          "Plan Width": 8,
          "Actual Startup Time": 455.187,
          "Actual Total Time": 475.268,
          "Actual Rows": 3,
          "Actual Loops": 1,
          "Workers Planned": 2,
          "Workers Launched": 2,
          "Single Copy": false,
          "Plans": [
            {
              "Node Type": "Aggregate",
              "Strategy": "Plain",
              "Partial Mode": "Partial",
              "Parent Relationship": "Outer",
              "Parallel Aware": false,
              "Startup Cost": 97433.76,
              "Total Cost": 97433.77,
              "Plan Rows": 1,
              "Plan Width": 8,
              "Actual Startup Time": 447.333,
              "Actual Total Time": 447.419,
              "Actual Rows": 1,
              "Actual Loops": 3,
              "Plans": [
                {
                  "Node Type": "Hash Join",
                  "Parent Relationship": "Outer",
                  "Parallel Aware": true,
                  "Join Type": "Inner",
                  "Startup Cost": 81005.24,
                  "Total Cost": 97140.22,
                  "Plan Rows": 117414,
                  "Plan Width": 0,
                  "Actual Startup Time": 384.641,
                  "Actual Total Time": 442.394,
                  "Actual Rows": 126276,
                  "Actual Loops": 3,
                  "Inner Unique": false,
                  "Hash Cond": "(mi_idx.movie_id = t.id)",
                  "Plans": [
                    {
                      "Node Type": "Seq Scan",
                      "Parent Relationship": "Outer",
                      "Parallel Aware": true,
                      "Relation Name": "movie_info_idx",
                      "Alias": "mi_idx",
                      "Startup Cost": 0.0,
                      "Total Cost": 13685.15,
                      "Plan Rows": 575015,
                      "Plan Width": 4,
                      "Actual Startup Time": 0.026,
                      "Actual Total Time": 35.197,
                      "Actual Rows": 460012,
                      "Actual Loops": 3
                    },
                    {
                      "Node Type": "Hash",
                      "Parent Relationship": "Inner",
                      "Parallel Aware": true,
                      "Startup Cost": 79391.94,
                      "Total Cost": 79391.94,
                      "Plan Rows": 129064,
                      "Plan Width": 8,
                      "Actual Startup Time": 347.457,
                      "Actual Total Time": 347.541,
                      "Actual Rows": 73663,
                      "Actual Loops": 3,
                      "Hash Buckets": 524288,
                      "Original Hash Buckets": 524288,
                      "Hash Batches": 1,
                      "Original Hash Batches": 1,
                      "Peak Memory Usage": 12800,
                      "Plans": [
                        {
                          "Node Type": "Hash Join",
                          "Parent Relationship": "Outer",
                          "Parallel Aware": true,
                          "Join Type": "Inner",
                          "Startup Cost": 33496.51,
                          "Total Cost": 79391.94,
                          "Plan Rows": 129064,
                          "Plan Width": 8,
                          "Actual Startup Time": 228.275,
                          "Actual Total Time": 328.004,
                          "Actual Rows": 73663,
                          "Actual Loops": 3,
                          "Inner Unique": false,
                          "Hash Cond": "(t.id = mc.movie_id)",
                          "Plans": [
                            {
                              "Node Type": "Seq Scan",
                              "Parent Relationship": "Outer",
                              "Parallel Aware": true,
                              "Relation Name": "title",
                              "Alias": "t",
                              "Startup Cost": 0.0,
                              "Total Cost": 42318.73,
                              "Plan Rows": 632073,
                              "Plan Width": 4,
                              "Actual Startup Time": 0.012,
                              "Actual Total Time": 86.46,
                              "Actual Rows": 842771,
                              "Actual Loops": 3
                            },
                            {
                              "Node Type": "Hash",
                              "Parent Relationship": "Inner",
                              "Parallel Aware": true,
                              "Startup Cost": 31414.82,
                              "Total Cost": 31414.82,
                              "Plan Rows": 166535,
                              "Plan Width": 4,
                              "Actual Startup Time": 112.627,
                              "Actual Total Time": 112.628,
                              "Actual Rows": 73663,
                              "Actual Loops": 3,
                              "Hash Buckets": 524288,
                              "Original Hash Buckets": 524288,
                              "Hash Batches": 1,
                              "Original Hash Batches": 1,
                              "Peak Memory Usage": 12800,
                              "Plans": [
                                {
                                  "Node Type": "Seq Scan",
                                  "Parent Relationship": "Outer",
                                  "Parallel Aware": true,
                                  "Relation Name": "movie_companies",
                                  "Alias": "mc",
                                  "Startup Cost": 0.0,
                                  "Total Cost": 31414.82,
                                  "Plan Rows": 166535,
                                  "Plan Width": 4,
                                  "Actual Startup Time": 25.587,
                                  "Actual Total Time": 90.796,
                                  "Actual Rows": 73663,
                                  "Actual Loops": 3,
                                  "Filter": "((company_id > 14766) AND (company_type_id = 1))",
                                  "Rows Removed by Filter": 796047
                                }
                              ]
                            }
                          ]
                        }
                      ]
                    }
                  ]
                }
              ]
            }
          ]
        }
      ]
    },
    "Planning Time": 1.424,
    "Triggers": [],
    "Execution Time": 475.363
  }
]