{
  "Plan": {
    "Node Type": "Aggregate",
    "Strategy": "Plain",
    "Partial Mode": "Finalize",
    "Parallel Aware": false,
    "Startup Cost": 614203.51,
    "Total Cost": 614203.52,
    "Plan Rows": 1,
    "Plan Width": 8,
    "Actual Startup Time": 3403.072,
    "Actual Total Time": 3462.946,
    "Actual Rows": 1,
    "Actual Loops": 1,
    "Plans": [
      {
        "Node Type": "Gather",
        "Parent Relationship": "Outer",
        "Parallel Aware": false,
        "Startup Cost": 614203.39,
        "Total Cost": 614203.5,
        "Plan Rows": 1,
        "Plan Width": 8,
        "Actual Startup Time": 3401.957,
        "Actual Total Time": 3462.934,
        "Actual Rows": 2,
        "Actual Loops": 1,
        "Workers Planned": 1,
        "Workers Launched": 1,
        "Single Copy": false,
        "Plans": [
          {
            "Node Type": "Aggregate",
            "Strategy": "Plain",
            "Partial Mode": "Partial",
            "Parent Relationship": "Outer",
            "Parallel Aware": false,
            "Startup Cost": 613203.39,
            "Total Cost": 613203.4,
            "Plan Rows": 1,
            "Plan Width": 8,
            "Actual Startup Time": 3399.224,
            "Actual Total Time": 3399.374,
            "Actual Rows": 1,
            "Actual Loops": 2,
            "Plans": [
              {
                "Node Type": "Hash Join",
                "Parent Relationship": "Outer",
                "Parallel Aware": true,
                "Join Type": "Inner",
                "Startup Cost": 55594.09,
                "Total Cost": 609854.12,
                "Plan Rows": 1339710,
                "Plan Width": 0,
                "Actual Startup Time": 442.765,
                "Actual Total Time": 3339.694,
                "Actual Rows": 1448242,
                "Actual Loops": 2,
                "Inner Unique": true,
                "Hash Cond": "(ci.movie_id = t.id)",
                "Plans": [
                  {
                    "Node Type": "Seq Scan",
                    "Parent Relationship": "Outer",
                    "Parallel Aware": true,
                    "Relation Name": "cast_info",
                    "Alias": "ci",
                    "Startup Cost": 0.0,
                    "Total Cost": 519069.44,
                    "Plan Rows": 13405918,
                    "Plan Width": 4,
                    "Actual Startup Time": 305.295,
                    "Actual Total Time": 1505.633,
                    "Actual Rows": 11404768,
                    "Actual Loops": 2,
                    "Filter": "(person_id > 1324838)",
                    "Rows Removed by Filter": 6717404
                  },
                  {
                    "Node Type": "Hash",
                    "Parent Relationship": "Inner",
                    "Parallel Aware": true,
                    "Startup Cost": 53736.27,
                    "Total Cost": 53736.27,
                    "Plan Rows": 148625,
                    "Plan Width": 4,
                    "Actual Startup Time": 135.809,
                    "Actual Total Time": 135.81,
                    "Actual Rows": 183309,
                    "Actual Loops": 2,
                    "Hash Buckets": 524288,
                    "Original Hash Buckets": 262144,
                    "Hash Batches": 1,
                    "Original Hash Batches": 1,
                    "Peak Memory Usage": 20512,
                    "Plans": [
                      {
                        "Node Type": "Bitmap Heap Scan",
                        "Parent Relationship": "Outer",
                        "Parallel Aware": true,
                        "Relation Name": "title",
                        "Alias": "t",
                        "Startup Cost": 11886.02,
                        "Total Cost": 53736.27,
                        "Plan Rows": 148625,
                        "Plan Width": 4,
                        "Actual Startup Time": 25.549,
                        "Actual Total Time": 93.618,
                        "Actual Rows": 183309,
                        "Actual Loops": 2,
                        "Recheck Cond": "(kind_id = 1)",
                        "Rows Removed by Index Recheck": 0,
                        "Filter": "(production_year < 1999)",
                        "Rows Removed by Filter": 148104,
                        "Exact Heap Blocks": 8232,
                        "Lossy Heap Blocks": 0,
                        "Plans": [
                          {
                            "Node Type": "Bitmap Index Scan",
                            "Parent Relationship": "Outer",
                            "Parallel Aware": false,
                            "Index Name": "kind_id_title",
                            "Startup Cost": 0.0,
                            "Total Cost": 11822.85,
                            "Plan Rows": 663256,
                            "Plan Width": 0,
                            "Actual Startup Time": 24.827,
                            "Actual Total Time": 24.828,
                            "Actual Rows": 662825,
                            "Actual Loops": 1,
                            "Index Cond": "(kind_id = 1)"
                          }
                        ]
                      }
                    ]
                  }
                ]
              }
            ]
          }
        ]
      }
    ]
  },
  "Planning Time": 0.3,
  "Triggers": [],
  "Execution Time": 3463.012
}