[
  {
    "Plan": {
      "Node Type": "Aggregate",
      "Strategy": "Plain",
      "Partial Mode": "Finalize",
      "Parallel Aware": false,
      "Startup Cost": 139564.14,
      "Total Cost": 139564.15,
      "Plan Rows": 1,
      "Plan Width": 8,
      "Actual Startup Time": 1033.575,
      "Actual Total Time": 1062.1,
      "Actual Rows": 1,
      "Actual Loops": 1,
      "Plans": [
        {
          "Node Type": "Gather",
          "Parent Relationship": "Outer",
          "Parallel Aware": false,
          "Startup Cost": 139563.82,
          "Total Cost": 139564.13,
          "Plan Rows": 3,
          "Plan Width": 8,
          "Actual Startup Time": 1002.31,
          "Actual Total Time": 1062.086,
          "Actual Rows": 4,
          "Actual Loops": 1,
          "Workers Planned": 3,
          "Workers Launched": 3,
          "Single Copy": false,
          "Plans": [
            {
              "Node Type": "Aggregate",
              "Strategy": "Plain",
              "Partial Mode": "Partial",
              "Parent Relationship": "Outer",
              "Parallel Aware": false,
              "Startup Cost": 138563.82,
              "Total Cost": 138563.83,
              "Plan Rows": 1,
              "Plan Width": 8,
              "Actual Startup Time": 995.304,
              "Actual Total Time": 995.859,
              "Actual Rows": 1,
              "Actual Loops": 4,
              "Plans": [
                {
                  "Node Type": "Hash Join",
                  "Parent Relationship": "Outer",
                  "Parallel Aware": true,
                  "Join Type": "Inner",
                  "Startup Cost": 87139.9,
                  "Total Cost": 137019.51,
                  "Plan Rows": 617725,
                  "Plan Width": 0,
                  "Actual Startup Time": 634.158,
                  "Actual Total Time": 940.645,
                  "Actual Rows": 1249769,
                  "Actual Loops": 4,
                  "Inner Unique": false,
                  "Hash Cond": "(mk.movie_id = t.id)",
                  "Plans": [
                    {
                      "Node Type": "Seq Scan",
                      "Parent Relationship": "Outer",
                      "Parallel Aware": true,
                      "Relation Name": "movie_keyword",
                      "Alias": "mk",
                      "Startup Cost": 0.0,
                      "Total Cost": 42695.65,
                      "Plan Rows": 1384345,
                      "Plan Width": 4,
                      "Actual Startup Time": 0.022,
                      "Actual Total Time": 120.643,
                      "Actual Rows": 1071617,
                      "Actual Loops": 4,
                      "Filter": "(keyword_id < 62356)",
                      "Rows Removed by Filter": 59366
                    },
                    {
                      "Node Type": "Hash",
                      "Parent Relationship": "Inner",
                      "Parallel Aware": true,
                      "Startup Cost": 82590.56,
                      "Total Cost": 82590.56,
                      "Plan Rows": 363947,
                      "Plan Width": 8,
                      "Actual Startup Time": 629.296,
                      "Actual Total Time": 629.848,
                      "Actual Rows": 233524,
                      "Actual Loops": 4,
                      "Hash Buckets": 2097152,
                      "Original Hash Buckets": 2097152,
                      "Hash Batches": 1,
                      "Original Hash Batches": 1,
                      "Peak Memory Usage": 52960,
                      "Plans": [
                        {
                          "Node Type": "Hash Join",
                          "Parent Relationship": "Outer",
                          "Parallel Aware": true,
                          "Join Type": "Inner",
                          "Startup Cost": 50220.38,
                          "Total Cost": 82590.56,
                          "Plan Rows": 363947,
                          "Plan Width": 8,
                          "Actual Startup Time": 399.103,
                          "Actual Total Time": 541.222,
                          "Actual Rows": 233524,
                          "Actual Loops": 4,
                          "Inner Unique": true,
                          "Hash Cond": "(mc.movie_id = t.id)",
                          "Plans": [
                            {
                              "Node Type": "Seq Scan",
                              "Parent Relationship": "Outer",
                              "Parallel Aware": true,
                              "Relation Name": "movie_companies",
                              "Alias": "mc",
                              "Startup Cost": 0.0,
                              "Total Cost": 31414.82,
                              "Plan Rows": 363947,
                              "Plan Width": 4,
                              "Actual Startup Time": 33.075,
                              "Actual Total Time": 75.519,
                              "Actual Rows": 233524,
                              "Actual Loops": 4,
                              "Filter": "((company_id < 82207) AND (company_type_id > 1))",
                              "Rows Removed by Filter": 418758
                            },
                            {
                              "Node Type": "Hash",
                              "Parent Relationship": "Inner",
                              "Parallel Aware": true,
                              "Startup Cost": 42319.06,
                              "Total Cost": 42319.06,
                              "Plan Rows": 632106,
                              "Plan Width": 4,
                              "Actual Startup Time": 359.27,
                              "Actual Total Time": 359.272,
                              "Actual Rows": 632078,
                              "Actual Loops": 4,
                              "Hash Buckets": 4194304,
                              "Original Hash Buckets": 4194304,
                              "Hash Batches": 1,
                              "Original Hash Batches": 1,
                              "Peak Memory Usage": 131744,
                              "Plans": [
                                {
                                  "Node Type": "Seq Scan",
                                  "Parent Relationship": "Outer",
                                  "Parallel Aware": true,
                                  "Relation Name": "title",
                                  "Alias": "t",
                                  "Startup Cost": 0.0,
                                  "Total Cost": 42319.06,
                                  "Plan Rows": 632106,
                                  "Plan Width": 4,
                                  "Actual Startup Time": 0.028,
                                  "Actual Total Time": 106.66,
                                  "Actual Rows": 632078,
                                  "Actual Loops": 4
                                }
                              ]
                            }
                          ]
                        }
                      ]
                    }
                  ]
                }
              ]
            }
          ]
        }
      ]
    },
    "Planning Time": 0.549,
    "Triggers": [],
    "Execution Time": 1062.148
  }
]