[
  {
    "Plan": {
      "Node Type": "Aggregate",
      "Strategy": "Plain",
      "Partial Mode": "Finalize",
      "Parallel Aware": false,
      "Startup Cost": 335500.09,
      "Total Cost": 335500.1,
      "Plan Rows": 1,
      "Plan Width": 8,
      "Actual Startup Time": 726.663,
      "Actual Total Time": 786.596,
      "Actual Rows": 1,
      "Actual Loops": 1,
      "Plans": [
        {
          "Node Type": "Gather",
          "Parent Relationship": "Outer",
          "Parallel Aware": false,
          "Startup Cost": 335499.46,
          "Total Cost": 335500.07,
          "Plan Rows": 6,
          "Plan Width": 8,
          "Actual Startup Time": 726.529,
          "Actual Total Time": 786.584,
          "Actual Rows": 7,
          "Actual Loops": 1,
          "Workers Planned": 6,
          "Workers Launched": 6,
          "Single Copy": false,
          "Plans": [
            {
              "Node Type": "Aggregate",
              "Strategy": "Plain",
              "Partial Mode": "Partial",
              "Parent Relationship": "Outer",
              "Parallel Aware": false,
              "Startup Cost": 334499.46,
              "Total Cost": 334499.47,
              "Plan Rows": 1,
              "Plan Width": 8,
              "Actual Startup Time": 717.129,
              "Actual Total Time": 717.13,
              "Actual Rows": 1,
              "Actual Loops": 7,
              "Plans": [
                {
                  "Node Type": "Seq Scan",
                  "Parent Relationship": "Outer",
                  "Parallel Aware": true,
                  "Relation Name": "cast_info",
                  "Alias": "ci",
                  "Startup Cost": 0.0,
                  "Total Cost": 328162.03,
                  "Plan Rows": 2534974,
                  "Plan Width": 0,
                  "Actual Startup Time": 0.05,
                  "Actual Total Time": 611.093,
                  "Actual Rows": 2166228,
                  "Actual Loops": 7,
                  "Filter": "(person_id < 1495180)",
                  "Rows Removed by Filter": 3011535
                }
              ]
            }
          ]
        }
      ]
    },
    "Planning Time": 0.193,
    "Triggers": [],
    "Execution Time": 786.666
  }
]