[
  {
    "Plan": {
      "Node Type": "Aggregate",
      "Strategy": "Plain",
      "Partial Mode": "Simple",
      "Parallel Aware": false,
      "Startup Cost": 7492.63,
      "Total Cost": 7492.64,
      "Plan Rows": 1,
      "Plan Width": 96,
      "Actual Startup Time": 1559.799,
      "Actual Total Time": 1559.805,
      "Actual Rows": 1,
      "Actual Loops": 1,
      "Plans": [
        {
          "Node Type": "Nested Loop",
          "Parent Relationship": "Outer",
          "Parallel Aware": false,
          "Join Type": "Inner",
          "Startup Cost": 12.94,
          "Total Cost": 7492.62,
          "Plan Rows": 1,
          "Plan Width": 41,
          "Actual Startup Time": 6.622,
          "Actual Total Time": 1553.577,
          "Actual Rows": 19829,
          "Actual Loops": 1,
          "Inner Unique": true,
          "Join Filter": "(t.kind_id = kt.id)",
          "Rows Removed by Join Filter": 3719,
          "Plans": [
            {
              "Node Type": "Nested Loop",
              "Parent Relationship": "Outer",
              "Parallel Aware": false,
              "Join Type": "Inner",
              "Startup Cost": 12.94,
              "Total Cost": 7491.51,
              "Plan Rows": 1,
              "Plan Width": 45,
              "Actual Startup Time": 5.604,
              "Actual Total Time": 1501.724,
              "Actual Rows": 21667,
              "Actual Loops": 1,
              "Inner Unique": true,
              "Join Filter": "(mi.info_type_id = it1.id)",
              "Rows Removed by Join Filter": 1935,
              "Plans": [
                {
                  "Node Type": "Nested Loop",
                  "Parent Relationship": "Outer",
                  "Parallel Aware": false,
                  "Join Type": "Inner",
                  "Startup Cost": 12.94,
                  "Total Cost": 7489.08,
                  "Plan Rows": 1,
                  "Plan Width": 49,
                  "Actual Startup Time": 5.598,
                  "Actual Total Time": 1399.867,
                  "Actual Rows": 23602,
                  "Actual Loops": 1,
                  "Inner Unique": false,
                  "Join Filter": "(t.id = mi.movie_id)",
                  "Rows Removed by Join Filter": 0,
                  "Plans": [
                    {
                      "Node Type": "Nested Loop",
                      "Parent Relationship": "Outer",
                      "Parallel Aware": false,
                      "Join Type": "Inner",
                      "Startup Cost": 12.5,
                      "Total Cost": 7487.51,
                      "Plan Rows": 1,
                      "Plan Width": 61,
                      "Actual Startup Time": 4.339,
                      "Actual Total Time": 525.398,
                      "Actual Rows": 24344,
                      "Actual Loops": 1,
                      "Inner Unique": true,
                      "Join Filter": "(mc.company_type_id = ct.id)",
                      "Rows Removed by Join Filter": 2,
                      "Plans": [
                        {
                          "Node Type": "Nested Loop",
                          "Parent Relationship": "Outer",
                          "Parallel Aware": false,
                          "Join Type": "Inner",
                          "Startup Cost": 12.5,
                          "Total Cost": 7486.42,
                          "Plan Rows": 1,
                          "Plan Width": 65,
                          "Actual Startup Time": 4.334,
                          "Actual Total Time": 463.643,
                          "Actual Rows": 24344,
                          "Actual Loops": 1,
                          "Inner Unique": true,
                          "Plans": [
                            {
                              "Node Type": "Nested Loop",
                              "Parent Relationship": "Outer",
                              "Parallel Aware": false,
                              "Join Type": "Inner",
                              "Startup Cost": 12.08,
                              "Total Cost": 7485.87,
                              "Plan Rows": 1,
                              "Plan Width": 50,
                              "Actual Startup Time": 4.306,
                              "Actual Total Time": 386.674,
                              "Actual Rows": 26786,
                              "Actual Loops": 1,
                              "Inner Unique": false,
                              "Join Filter": "(t.id = mc.movie_id)",
                              "Rows Removed by Join Filter": 0,
                              "Plans": [
                                {
                                  "Node Type": "Nested Loop",
                                  "Parent Relationship": "Outer",
                                  "Parallel Aware": false,
                                  "Join Type": "Inner",
                                  "Startup Cost": 11.65,
                                  "Total Cost": 7485.29,
                                  "Plan Rows": 1,
                                  "Plan Width": 38,
                                  "Actual Startup Time": 3.568,
                                  "Actual Total Time": 303.574,
                                  "Actual Rows": 6933,
                                  "Actual Loops": 1,
                                  "Inner Unique": true,
                                  "Plans": [
                                    {
                                      "Node Type": "Nested Loop",
                                      "Parent Relationship": "Outer",
                                      "Parallel Aware": false,
                                      "Join Type": "Inner",
                                      "Startup Cost": 11.22,
                                      "Total Cost": 7483.82,
                                      "Plan Rows": 3,
                                      "Plan Width": 13,
                                      "Actual Startup Time": 3.531,
                                      "Actual Total Time": 214.589,
                                      "Actual Rows": 24800,
                                      "Actual Loops": 1,
                                      "Inner Unique": false,
                                      "Join Filter": "(mi_idx.info_type_id = it2.id)",
                                      "Rows Removed by Join Filter": 60221,
                                      "Plans": [
                                        {
                                          "Node Type": "Seq Scan",
                                          "Parent Relationship": "Outer",
                                          "Parallel Aware": false,
                                          "Relation Name": "info_type",
                                          "Alias": "it2",
                                          "Startup Cost": 0.0,
                                          "Total Cost": 2.41,
                                          "Plan Rows": 1,
                                          "Plan Width": 4,
                                          "Actual Startup Time": 0.013,
                                          "Actual Total Time": 0.015,
                                          "Actual Rows": 1,
                                          "Actual Loops": 1,
                                          "Filter": "((info)::text = 'rating'::text)",
                                          "Rows Removed by Filter": 112
                                        },
                                        {
                                          "Node Type": "Nested Loop",
                                          "Parent Relationship": "Inner",
                                          "Parallel Aware": false,
                                          "Join Type": "Inner",
                                          "Startup Cost": 11.22,
                                          "Total Cost": 7476.98,
                                          "Plan Rows": 354,
                                          "Plan Width": 17,
                                          "Actual Startup Time": 3.515,
                                          "Actual Total Time": 208.285,
                                          "Actual Rows": 85021,
                                          "Actual Loops": 1,
                                          "Inner Unique": false,
                                          "Plans": [
                                            {
                                              "Node Type": "Nested Loop",
                                              "Parent Relationship": "Outer",
                                              "Parallel Aware": false,
                                              "Join Type": "Inner",
                                              "Startup Cost": 10.8,
                                              "Total Cost": 7405.43,
                                              "Plan Rows": 135,
                                              "Plan Width": 4,
                                              "Actual Startup Time": 3.483,
                                              "Actual Total Time": 78.891,
                                              "Actual Rows": 37091,
                                              "Actual Loops": 1,
                                              "Inner Unique": false,
                                              "Plans": [
                                                {
                                                  "Node Type": "Seq Scan",
                                                  "Parent Relationship": "Outer",
                                                  "Parallel Aware": false,
                                                  "Relation Name": "keyword",
                                                  "Alias": "k",
                                                  "Startup Cost": 0.0,
                                                  "Total Cost": 2961.55,
                                                  "Plan Rows": 4,
                                                  "Plan Width": 4,
                                                  "Actual Startup Time": 0.847,
                                                  "Actual Total Time": 13.928,
                                                  "Actual Rows": 3,
                                                  "Actual Loops": 1,
                                                  "Filter": "(keyword = ANY ('{murder,murder-in-title,blood,violence}'::text[]))",
                                                  "Rows Removed by Filter": 134167
                                                },
                                                {
                                                  "Node Type": "Bitmap Heap Scan",
                                                  "Parent Relationship": "Inner",
                                                  "Parallel Aware": false,
                                                  "Relation Name": "movie_keyword",
                                                  "Alias": "mk",
                                                  "Startup Cost": 10.8,
                                                  "Total Cost": 1107.92,
                                                  "Plan Rows": 305,
                                                  "Plan Width": 8,
                                                  "Actual Startup Time": 2.457,
                                                  "Actual Total Time": 20.338,
                                                  "Actual Rows": 12364,
                                                  "Actual Loops": 3,
                                                  "Recheck Cond": "(keyword_id = k.id)",
                                                  "Rows Removed by Index Recheck": 0,
                                                  "Exact Heap Blocks": 26312,
                                                  "Lossy Heap Blocks": 0,
                                                  "Plans": [
                                                    {
                                                      "Node Type": "Bitmap Index Scan",
                                                      "Parent Relationship": "Outer",
                                                      "Parallel Aware": false,
                                                      "Index Name": "keyword_id_movie_keyword",
                                                      "Startup Cost": 0.0,
                                                      "Total Cost": 10.72,
                                                      "Plan Rows": 305,
                                                      "Plan Width": 0,
                                                      "Actual Startup Time": 1.507,
                                                      "Actual Total Time": 1.507,
                                                      "Actual Rows": 12364,
                                                      "Actual Loops": 3,
                                                      "Index Cond": "(keyword_id = k.id)"
                                                    }
                                                  ]
                                                }
                                              ]
                                            },
                                            {
                                              "Node Type": "Index Scan",
                                              "Parent Relationship": "Inner",
                                              "Parallel Aware": false,
                                              "Scan Direction": "Forward",
                                              "Index Name": "movie_id_movie_info_idx",
                                              "Relation Name": "movie_info_idx",
                                              "Alias": "mi_idx",
                                              "Startup Cost": 0.43,
                                              "Total Cost": 0.5,
                                              "Plan Rows": 3,
                                              "Plan Width": 13,
                                              "Actual Startup Time": 0.003,
                                              "Actual Total Time": 0.003,
                                              "Actual Rows": 2,
                                              "Actual Loops": 37091,
                                              "Index Cond": "(movie_id = mk.movie_id)",
                                              "Rows Removed by Index Recheck": 0,
                                              "Filter": "(info < '7.0'::text)",
                                              "Rows Removed by Filter": 0
                                            }
                                          ]
                                        }
                                      ]
                                    },
                                    {
                                      "Node Type": "Index Scan",
                                      "Parent Relationship": "Inner",
                                      "Parallel Aware": false,
                                      "Scan Direction": "Forward",
                                      "Index Name": "title_pkey",
                                      "Relation Name": "title",
                                      "Alias": "t",
                                      "Startup Cost": 0.43,
                                      "Total Cost": 0.49,
                                      "Plan Rows": 1,
                                      "Plan Width": 25,
                                      "Actual Startup Time": 0.003,
                                      "Actual Total Time": 0.003,
                                      "Actual Rows": 0,
                                      "Actual Loops": 24800,
                                      "Index Cond": "(id = mk.movie_id)",
                                      "Rows Removed by Index Recheck": 0,
                                      "Filter": "(production_year > 2003)",
                                      "Rows Removed by Filter": 1
                                    }
                                  ]
                                },
                                {
                                  "Node Type": "Index Scan",
                                  "Parent Relationship": "Inner",
                                  "Parallel Aware": false,
                                  "Scan Direction": "Forward",
                                  "Index Name": "movie_id_movie_companies",
                                  "Relation Name": "movie_companies",
                                  "Alias": "mc",
                                  "Startup Cost": 0.43,
                                  "Total Cost": 0.57,
                                  "Plan Rows": 1,
                                  "Plan Width": 12,
                                  "Actual Startup Time": 0.008,
                                  "Actual Total Time": 0.011,
                                  "Actual Rows": 4,
                                  "Actual Loops": 6933,
                                  "Index Cond": "(movie_id = mk.movie_id)",
                                  "Rows Removed by Index Recheck": 0,
                                  "Filter": "((note !~~ '%(USA)%'::text) AND (note ~~ '%(200%)%'::text))",
                                  "Rows Removed by Filter": 7
                                }
                              ]
                            },
                            {
                              "Node Type": "Index Scan",
                              "Parent Relationship": "Inner",
                              "Parallel Aware": false,
                              "Scan Direction": "Forward",
                              "Index Name": "company_name_pkey",
                              "Relation Name": "company_name",
                              "Alias": "cn",
                              "Startup Cost": 0.42,
                              "Total Cost": 0.55,
                              "Plan Rows": 1,
                              "Plan Width": 23,
                              "Actual Startup Time": 0.002,
                              "Actual Total Time": 0.002,
                              "Actual Rows": 1,
                              "Actual Loops": 26786,
                              "Index Cond": "(id = mc.company_id)",
                              "Rows Removed by Index Recheck": 0,
                              "Filter": "((country_code)::text <> '[us]'::text)",
                              "Rows Removed by Filter": 0
                            }
                          ]
                        },
                        {
                          "Node Type": "Seq Scan",
                          "Parent Relationship": "Inner",
                          "Parallel Aware": false,
                          "Relation Name": "company_type",
                          "Alias": "ct",
                          "Startup Cost": 0.0,
                          "Total Cost": 1.04,
                          "Plan Rows": 4,
                          "Plan Width": 4,
                          "Actual Startup Time": 0.001,
                          "Actual Total Time": 0.001,
                          "Actual Rows": 1,
                          "Actual Loops": 24344
                        }
                      ]
                    },
                    {
                      "Node Type": "Index Scan",
                      "Parent Relationship": "Inner",
                      "Parallel Aware": false,
                      "Scan Direction": "Forward",
                      "Index Name": "movie_id_movie_info",
                      "Relation Name": "movie_info",
                      "Alias": "mi",
                      "Startup Cost": 0.43,
                      "Total Cost": 1.55,
                      "Plan Rows": 2,
                      "Plan Width": 8,
                      "Actual Startup Time": 0.031,
                      "Actual Total Time": 0.035,
                      "Actual Rows": 1,
                      "Actual Loops": 24344,
                      "Index Cond": "(movie_id = mk.movie_id)",
                      "Rows Removed by Index Recheck": 0,
                      "Filter": "(info = ANY ('{Germany,German,USA,American}'::text[]))",
                      "Rows Removed by Filter": 146
                    }
                  ]
                },
                {
                  "Node Type": "Seq Scan",
                  "Parent Relationship": "Inner",
                  "Parallel Aware": false,
                  "Relation Name": "info_type",
                  "Alias": "it1",
                  "Startup Cost": 0.0,
                  "Total Cost": 2.41,
                  "Plan Rows": 1,
                  "Plan Width": 4,
                  "Actual Startup Time": 0.002,
                  "Actual Total Time": 0.003,
                  "Actual Rows": 1,
                  "Actual Loops": 23602,
                  "Filter": "((info)::text = 'countries'::text)",
                  "Rows Removed by Filter": 16
                }
              ]
            },
            {
              "Node Type": "Seq Scan",
              "Parent Relationship": "Inner",
              "Parallel Aware": false,
              "Relation Name": "kind_type",
              "Alias": "kt",
              "Startup Cost": 0.0,
              "Total Cost": 1.09,
              "Plan Rows": 2,
              "Plan Width": 4,
              "Actual Startup Time": 0.001,
              "Actual Total Time": 0.001,
              "Actual Rows": 1,
              "Actual Loops": 21667,
              "Filter": "((kind)::text = ANY ('{movie,episode}'::text[]))",
              "Rows Removed by Filter": 0
            }
          ]
        }
      ]
    },
    "Planning Time": 48.119,
    "Triggers": [],
    "Execution Time": 1560.075
  }
]