[
  {
    "Plan": {
      "Node Type": "Aggregate",
      "Strategy": "Plain",
      "Partial Mode": "Finalize",
      "Parallel Aware": false,
      "Startup Cost": 85849.64,
      "Total Cost": 85849.65,
      "Plan Rows": 1,
      "Plan Width": 8,
      "Actual Startup Time": 445.156,
      "Actual Total Time": 515.181,
      "Actual Rows": 1,
      "Actual Loops": 1,
      "Plans": [
        {
          "Node Type": "Gather",
          "Parent Relationship": "Outer",
          "Parallel Aware": false,
          "Startup Cost": 85849.32,
          "Total Cost": 85849.63,
          "Plan Rows": 3,
          "Plan Width": 8,
          "Actual Startup Time": 444.806,
          "Actual Total Time": 515.169,
          "Actual Rows": 4,
          "Actual Loops": 1,
          "Workers Planned": 3,
          "Workers Launched": 3,
          "Single Copy": false,
          "Plans": [
            {
              "Node Type": "Aggregate",
              "Strategy": "Plain",
              "Partial Mode": "Partial",
              "Parent Relationship": "Outer",
              "Parallel Aware": false,
              "Startup Cost": 84849.32,
              "Total Cost": 84849.33,
              "Plan Rows": 1,
              "Plan Width": 8,
              "Actual Startup Time": 440.979,
              "Actual Total Time": 440.981,
              "Actual Rows": 1,
              "Actual Loops": 4,
              "Plans": [
                {
                  "Node Type": "Nested Loop",
                  "Parent Relationship": "Outer",
                  "Parallel Aware": false,
                  "Join Type": "Inner",
                  "Startup Cost": 660.43,
                  "Total Cost": 84600.56,
                  "Plan Rows": 99506,
                  "Plan Width": 0,
                  "Actual Startup Time": 1.01,
                  "Actual Total Time": 431.916,
                  "Actual Rows": 143087,
                  "Actual Loops": 4,
                  "Inner Unique": false,
                  "Plans": [
                    {
                      "Node Type": "Nested Loop",
                      "Parent Relationship": "Outer",
                      "Parallel Aware": false,
                      "Join Type": "Inner",
                      "Startup Cost": 659.86,
                      "Total Cost": 63857.19,
                      "Plan Rows": 9782,
                      "Plan Width": 8,
                      "Actual Startup Time": 0.649,
                      "Actual Total Time": 28.118,
                      "Actual Rows": 7397,
                      "Actual Loops": 4,
                      "Inner Unique": true,
                      "Plans": [
                        {
                          "Node Type": "Bitmap Heap Scan",
                          "Parent Relationship": "Outer",
                          "Parallel Aware": true,
                          "Relation Name": "movie_companies",
                          "Alias": "mc",
                          "Startup Cost": 659.43,
                          "Total Cost": 20329.81,
                          "Plan Rows": 9782,
                          "Plan Width": 4,
                          "Actual Startup Time": 0.547,
                          "Actual Total Time": 3.518,
                          "Actual Rows": 7397,
                          "Actual Loops": 4,
                          "Recheck Cond": "(company_id > 208053)",
                          "Rows Removed by Index Recheck": 0,
                          "Exact Heap Blocks": 449,
                          "Lossy Heap Blocks": 0,
                          "Plans": [
                            {
                              "Node Type": "Bitmap Index Scan",
                              "Parent Relationship": "Outer",
                              "Parallel Aware": false,
                              "Index Name": "company_id_movie_companies",
                              "Startup Cost": 0.0,
                              "Total Cost": 651.85,
                              "Plan Rows": 30323,
                              "Plan Width": 0,
                              "Actual Startup Time": 1.775,
                              "Actual Total Time": 1.776,
                              "Actual Rows": 29589,
                              "Actual Loops": 1,
                              "Index Cond": "(company_id > 208053)"
                            }
                          ]
                        },
                        {
                          "Node Type": "Index Only Scan",
                          "Parent Relationship": "Inner",
                          "Parallel Aware": false,
                          "Scan Direction": "Forward",
                          "Index Name": "title_pkey",
                          "Relation Name": "title",
                          "Alias": "t",
                          "Startup Cost": 0.43,
                          "Total Cost": 4.45,
                          "Plan Rows": 1,
                          "Plan Width": 4,
                          "Actual Startup Time": 0.003,
                          "Actual Total Time": 0.003,
                          "Actual Rows": 1,
                          "Actual Loops": 29589,
                          "Index Cond": "(id = mc.movie_id)",
                          "Rows Removed by Index Recheck": 0,
                          "Heap Fetches": 29589
                        }
                      ]
                    },
                    {
                      "Node Type": "Index Scan",
                      "Parent Relationship": "Inner",
                      "Parallel Aware": false,
                      "Scan Direction": "Forward",
                      "Index Name": "movie_id_cast_info",
                      "Relation Name": "cast_info",
                      "Alias": "ci",
                      "Startup Cost": 0.56,
                      "Total Cost": 1.87,
                      "Plan Rows": 25,
                      "Plan Width": 4,
                      "Actual Startup Time": 0.016,
                      "Actual Total Time": 0.053,
                      "Actual Rows": 19,
                      "Actual Loops": 29589,
                      "Index Cond": "(movie_id = t.id)",
                      "Rows Removed by Index Recheck": 0,
                      "Filter": "(person_id > 1033588)",
                      "Rows Removed by Filter": 8
                    }
                  ]
                }
              ]
            }
          ]
        }
      ]
    },
    "Planning Time": 0.61,
    "Triggers": [],
    "Execution Time": 515.267
  }
]