[
  {
    "Plan": {
      "Node Type": "Aggregate",
      "Strategy": "Plain",
      "Partial Mode": "Finalize",
      "Parallel Aware": false,
      "Startup Cost": 513886.56,
      "Total Cost": 513886.57,
      "Plan Rows": 1,
      "Plan Width": 8,
      "Actual Startup Time": 4372.662,
      "Actual Total Time": 4436.897,
      "Actual Rows": 1,
      "Actual Loops": 1,
      "Plans": [
        {
          "Node Type": "Gather",
          "Parent Relationship": "Outer",
          "Parallel Aware": false,
          "Startup Cost": 513885.94,
          "Total Cost": 513886.55,
          "Plan Rows": 6,
          "Plan Width": 8,
          "Actual Startup Time": 4356.574,
          "Actual Total Time": 4436.884,
          "Actual Rows": 7,
          "Actual Loops": 1,
          "Workers Planned": 6,
          "Workers Launched": 6,
          "Single Copy": false,
          "Plans": [
            {
              "Node Type": "Aggregate",
              "Strategy": "Plain",
              "Partial Mode": "Partial",
              "Parent Relationship": "Outer",
              "Parallel Aware": false,
              "Startup Cost": 512885.94,
              "Total Cost": 512885.95,
              "Plan Rows": 1,
              "Plan Width": 8,
              "Actual Startup Time": 4334.002,
              "Actual Total Time": 4334.546,
              "Actual Rows": 1,
              "Actual Loops": 7,
              "Plans": [
                {
                  "Node Type": "Hash Join",
                  "Parent Relationship": "Outer",
                  "Parallel Aware": true,
                  "Join Type": "Inner",
                  "Startup Cost": 107467.68,
                  "Total Cost": 494327.68,
                  "Plan Rows": 7423303,
                  "Plan Width": 0,
                  "Actual Startup Time": 527.26,
                  "Actual Total Time": 3664.946,
                  "Actual Rows": 17145960,
                  "Actual Loops": 7,
                  "Inner Unique": false,
                  "Hash Cond": "(ci.movie_id = t.id)",
                  "Plans": [
                    {
                      "Node Type": "Seq Scan",
                      "Parent Relationship": "Outer",
                      "Parallel Aware": true,
                      "Relation Name": "cast_info",
                      "Alias": "ci",
                      "Startup Cost": 0.0,
                      "Total Cost": 343257.03,
                      "Plan Rows": 5241820,
                      "Plan Width": 4,
                      "Actual Startup Time": 1.476,
                      "Actual Total Time": 703.49,
                      "Actual Rows": 4499471,
                      "Actual Loops": 7,
                      "Filter": "((person_id > 13177) AND (role_id < 10))",
                      "Rows Removed by Filter": 678292
                    },
                    {
                      "Node Type": "Hash",
                      "Parent Relationship": "Inner",
                      "Parallel Aware": true,
                      "Startup Cost": 93030.22,
                      "Total Cost": 93030.22,
                      "Plan Rows": 1154997,
                      "Plan Width": 8,
                      "Actual Startup Time": 518.681,
                      "Actual Total Time": 519.224,
                      "Actual Rows": 474620,
                      "Actual Loops": 7,
                      "Hash Buckets": 4194304,
                      "Original Hash Buckets": 4194304,
                      "Hash Batches": 1,
                      "Original Hash Batches": 1,
                      "Peak Memory Usage": 162816,
                      "Plans": [
                        {
                          "Node Type": "Hash Join",
                          "Parent Relationship": "Outer",
                          "Parallel Aware": true,
                          "Join Type": "Inner",
                          "Startup Cost": 50152.14,
                          "Total Cost": 93030.22,
                          "Plan Rows": 1154997,
                          "Plan Width": 8,
                          "Actual Startup Time": 212.039,
                          "Actual Total Time": 385.86,
                          "Actual Rows": 474620,
                          "Actual Loops": 7,
                          "Inner Unique": true,
                          "Hash Cond": "(mk.movie_id = t.id)",
                          "Plans": [
                            {
                              "Node Type": "Seq Scan",
                              "Parent Relationship": "Outer",
                              "Parallel Aware": true,
                              "Relation Name": "movie_keyword",
                              "Alias": "mk",
                              "Startup Cost": 0.0,
                              "Total Cost": 39047.32,
                              "Plan Rows": 1459332,
                              "Plan Width": 4,
                              "Actual Startup Time": 0.026,
                              "Actual Total Time": 59.847,
                              "Actual Rows": 646276,
                              "Actual Loops": 7
                            },
                            {
                              "Node Type": "Hash",
                              "Parent Relationship": "Inner",
                              "Parallel Aware": true,
                              "Startup Cost": 43898.92,
                              "Total Cost": 43898.92,
                              "Plan Rows": 500258,
                              "Plan Width": 4,
                              "Actual Startup Time": 210.126,
                              "Actual Total Time": 210.127,
                              "Actual Rows": 284379,
                              "Actual Loops": 7,
                              "Hash Buckets": 2097152,
                              "Original Hash Buckets": 2097152,
                              "Hash Batches": 1,
                              "Original Hash Batches": 1,
                              "Peak Memory Usage": 94368,
                              "Plans": [
                                {
                                  "Node Type": "Seq Scan",
                                  "Parent Relationship": "Outer",
                                  "Parallel Aware": true,
                                  "Relation Name": "title",
                                  "Alias": "t",
                                  "Startup Cost": 0.0,
                                  "Total Cost": 43898.92,
                                  "Plan Rows": 500258,
                                  "Plan Width": 4,
                                  "Actual Startup Time": 0.042,
                                  "Actual Total Time": 80.684,
                                  "Actual Rows": 284379,
                                  "Actual Loops": 7,
                                  "Filter": "(production_year > 1976)",
                                  "Rows Removed by Filter": 76808
                                }
                              ]
                            }
                          ]
                        }
                      ]
                    }
                  ]
                }
              ]
            }
          ]
        }
      ]
    },
    "Planning Time": 1.393,
    "Triggers": [],
    "Execution Time": 4436.988
  }
]