[
  {
    "Plan": {
      "Node Type": "Aggregate",
      "Strategy": "Plain",
      "Partial Mode": "Finalize",
      "Parallel Aware": false,
      "Startup Cost": 107124.76,
      "Total Cost": 107124.77,
      "Plan Rows": 1,
      "Plan Width": 8,
      "Actual Startup Time": 736.52,
      "Actual Total Time": 754.76,
      "Actual Rows": 1,
      "Actual Loops": 1,
      "Plans": [
        {
          "Node Type": "Gather",
          "Parent Relationship": "Outer",
          "Parallel Aware": false,
          "Startup Cost": 107124.55,
          "Total Cost": 107124.76,
          "Plan Rows": 2,
          "Plan Width": 8,
          "Actual Startup Time": 727.472,
          "Actual Total Time": 754.752,
          "Actual Rows": 3,
          "Actual Loops": 1,
          "Workers Planned": 2,
          "Workers Launched": 2,
          "Single Copy": false,
          "Plans": [
            {
              "Node Type": "Aggregate",
              "Strategy": "Plain",
              "Partial Mode": "Partial",
              "Parent Relationship": "Outer",
              "Parallel Aware": false,
              "Startup Cost": 106124.55,
              "Total Cost": 106124.56,
              "Plan Rows": 1,
              "Plan Width": 8,
              "Actual Startup Time": 725.299,
              "Actual Total Time": 725.697,
              "Actual Rows": 1,
              "Actual Loops": 3,
              "Plans": [
                {
                  "Node Type": "Hash Join",
                  "Parent Relationship": "Outer",
                  "Parallel Aware": true,
                  "Join Type": "Inner",
                  "Startup Cost": 89929.02,
                  "Total Cost": 105969.95,
                  "Plan Rows": 61839,
                  "Plan Width": 0,
                  "Actual Startup Time": 530.214,
                  "Actual Total Time": 686.409,
                  "Actual Rows": 974965,
                  "Actual Loops": 3,
                  "Inner Unique": false,
                  "Hash Cond": "(mi_idx.movie_id = t.id)",
                  "Plans": [
                    {
                      "Node Type": "Seq Scan",
                      "Parent Relationship": "Outer",
                      "Parallel Aware": true,
                      "Relation Name": "movie_info_idx",
                      "Alias": "mi_idx",
                      "Startup Cost": 0.0,
                      "Total Cost": 13685.15,
                      "Plan Rows": 575015,
                      "Plan Width": 4,
                      "Actual Startup Time": 0.027,
                      "Actual Total Time": 37.38,
                      "Actual Rows": 460012,
                      "Actual Loops": 3
                    },
                    {
                      "Node Type": "Hash",
                      "Parent Relationship": "Inner",
                      "Parallel Aware": true,
                      "Startup Cost": 88832.58,
                      "Total Cost": 88832.58,
                      "Plan Rows": 87715,
                      "Plan Width": 8,
                      "Actual Startup Time": 527.817,
                      "Actual Total Time": 528.214,
                      "Actual Rows": 384244,
                      "Actual Loops": 3,
                      "Hash Buckets": 2097152,
                      "Original Hash Buckets": 524288,
                      "Hash Batches": 1,
                      "Original Hash Batches": 1,
                      "Peak Memory Usage": 73824,
                      "Plans": [
                        {
                          "Node Type": "Hash Join",
                          "Parent Relationship": "Outer",
                          "Parallel Aware": true,
                          "Join Type": "Inner",
                          "Startup Cost": 45954.5,
                          "Total Cost": 88832.58,
                          "Plan Rows": 87715,
                          "Plan Width": 8,
                          "Actual Startup Time": 140.687,
                          "Actual Total Time": 412.248,
                          "Actual Rows": 384244,
                          "Actual Loops": 3,
                          "Inner Unique": true,
                          "Hash Cond": "(mk.movie_id = t.id)",
                          "Plans": [
                            {
                              "Node Type": "Seq Scan",
                              "Parent Relationship": "Outer",
                              "Parallel Aware": true,
                              "Relation Name": "movie_keyword",
                              "Alias": "mk",
                              "Startup Cost": 0.0,
                              "Total Cost": 39047.32,
                              "Plan Rows": 1459332,
                              "Plan Width": 4,
                              "Actual Startup Time": 0.024,
                              "Actual Total Time": 112.821,
                              "Actual Rows": 1507977,
                              "Actual Loops": 3
                            },
                            {
                              "Node Type": "Hash",
                              "Parent Relationship": "Inner",
                              "Parallel Aware": true,
                              "Startup Cost": 45479.59,
                              "Total Cost": 45479.59,
                              "Plan Rows": 37993,
                              "Plan Width": 4,
                              "Actual Startup Time": 139.89,
                              "Actual Total Time": 139.892,
                              "Actual Rows": 96431,
                              "Actual Loops": 3,
                              "Hash Buckets": 524288,
                              "Original Hash Buckets": 262144,
                              "Hash Batches": 1,
                              "Original Hash Batches": 1,
                              "Peak Memory Usage": 17504,
                              "Plans": [
                                {
                                  "Node Type": "Seq Scan",
                                  "Parent Relationship": "Outer",
                                  "Parallel Aware": true,
                                  "Relation Name": "title",
                                  "Alias": "t",
                                  "Startup Cost": 0.0,
                                  "Total Cost": 45479.59,
                                  "Plan Rows": 37993,
                                  "Plan Width": 4,
                                  "Actual Startup Time": 0.062,
                                  "Actual Total Time": 103.433,
                                  "Actual Rows": 96431,
                                  "Actual Loops": 3,
                                  "Filter": "((kind_id < 3) AND (production_year < 1981))",
                                  "Rows Removed by Filter": 746340
                                }
                              ]
                            }
                          ]
                        }
                      ]
                    }
                  ]
                }
              ]
            }
          ]
        }
      ]
    },
    "Planning Time": 0.613,
    "Triggers": [],
    "Execution Time": 754.803
  }
]