{
  "Plan": {
    "Node Type": "Aggregate",
    "Strategy": "Plain",
    "Partial Mode": "Finalize",
    "Parallel Aware": false,
    "Startup Cost": 691949.15,
    "Total Cost": 691949.16,
    "Plan Rows": 1,
    "Plan Width": 8,
    "Actual Startup Time": 6260.126,
    "Actual Total Time": 6334.418,
    "Actual Rows": 1,
    "Actual Loops": 1,
    "Plans": [
      {
        "Node Type": "Gather",
        "Parent Relationship": "Outer",
        "Parallel Aware": false,
        "Startup Cost": 691949.04,
        "Total Cost": 691949.15,
        "Plan Rows": 1,
        "Plan Width": 8,
        "Actual Startup Time": 6254.005,
        "Actual Total Time": 6334.409,
        "Actual Rows": 2,
        "Actual Loops": 1,
        "Workers Planned": 1,
        "Workers Launched": 1,
        "Single Copy": false,
        "Plans": [
          {
            "Node Type": "Aggregate",
            "Strategy": "Plain",
            "Partial Mode": "Partial",
            "Parent Relationship": "Outer",
            "Parallel Aware": false,
            "Startup Cost": 690949.04,
            "Total Cost": 690949.05,
            "Plan Rows": 1,
            "Plan Width": 8,
            "Actual Startup Time": 6245.137,
            "Actual Total Time": 6245.143,
            "Actual Rows": 1,
            "Actual Loops": 2,
            "Plans": [
              {
                "Node Type": "Hash Join",
                "Parent Relationship": "Outer",
                "Parallel Aware": true,
                "Join Type": "Inner",
                "Startup Cost": 592567.82,
                "Total Cost": 686758.19,
                "Plan Rows": 1676340,
                "Plan Width": 0,
                "Actual Startup Time": 4416.483,
                "Actual Total Time": 5713.622,
                "Actual Rows": 13108022,
                "Actual Loops": 2,
                "Inner Unique": false,
                "Hash Cond": "(mk.movie_id = t.id)",
                "Plans": [
                  {
                    "Node Type": "Seq Scan",
                    "Parent Relationship": "Outer",
                    "Parallel Aware": true,
                    "Relation Name": "movie_keyword",
                    "Alias": "mk",
                    "Startup Cost": 0.0,
                    "Total Cost": 51065.35,
                    "Plan Rows": 2661135,
                    "Plan Width": 4,
                    "Actual Startup Time": 0.01,
                    "Actual Total Time": 152.71,
                    "Actual Rows": 2261965,
                    "Actual Loops": 2
                  },
                  {
                    "Node Type": "Hash",
                    "Parent Relationship": "Inner",
                    "Parallel Aware": true,
                    "Startup Cost": 580857.1,
                    "Total Cost": 580857.1,
                    "Plan Rows": 936858,
                    "Plan Width": 8,
                    "Actual Startup Time": 4400.85,
                    "Actual Total Time": 4400.854,
                    "Actual Rows": 1175845,
                    "Actual Loops": 2,
                    "Hash Buckets": 4194304,
                    "Original Hash Buckets": 2097152,
                    "Hash Batches": 1,
                    "Original Hash Batches": 1,
                    "Peak Memory Usage": 141184,
                    "Plans": [
                      {
                        "Node Type": "Hash Join",
                        "Parent Relationship": "Outer",
                        "Parallel Aware": true,
                        "Join Type": "Inner",
                        "Startup Cost": 59123.74,
                        "Total Cost": 580857.1,
                        "Plan Rows": 936858,
                        "Plan Width": 8,
                        "Actual Startup Time": 164.648,
                        "Actual Total Time": 4011.777,
                        "Actual Rows": 1175845,
                        "Actual Loops": 2,
                        "Inner Unique": true,
                        "Hash Cond": "(ci.movie_id = t.id)",
                        "Plans": [
                          {
                            "Node Type": "Seq Scan",
                            "Parent Relationship": "Outer",
                            "Parallel Aware": true,
                            "Relation Name": "cast_info",
                            "Alias": "ci",
                            "Startup Cost": 0.0,
                            "Total Cost": 465792.95,
                            "Plan Rows": 21310595,
                            "Plan Width": 4,
                            "Actual Startup Time": 0.013,
                            "Actual Total Time": 1304.334,
                            "Actual Rows": 18122172,
                            "Actual Loops": 2
                          },
                          {
                            "Node Type": "Hash",
                            "Parent Relationship": "Inner",
                            "Parallel Aware": true,
                            "Startup Cost": 58306.47,
                            "Total Cost": 58306.47,
                            "Plan Rows": 65382,
                            "Plan Width": 4,
                            "Actual Startup Time": 163.991,
                            "Actual Total Time": 163.992,
                            "Actual Rows": 108690,
                            "Actual Loops": 2,
                            "Hash Buckets": 262144,
                            "Original Hash Buckets": 131072,
                            "Hash Batches": 1,
                            "Original Hash Batches": 1,
                            "Peak Memory Usage": 11584,
                            "Plans": [
                              {
                                "Node Type": "Seq Scan",
                                "Parent Relationship": "Outer",
                                "Parallel Aware": true,
                                "Relation Name": "title",
                                "Alias": "t",
                                "Startup Cost": 0.0,
                                "Total Cost": 58306.47,
                                "Plan Rows": 65382,
                                "Plan Width": 4,
                                "Actual Startup Time": 0.105,
                                "Actual Total Time": 138.362,
                                "Actual Rows": 108690,
                                "Actual Loops": 2,
                                "Filter": "((kind_id < 7) AND (production_year < 1965))",
                                "Rows Removed by Filter": 1155466
                              }
                            ]
                          }
                        ]
                      }
                    ]
                  }
                ]
              }
            ]
          }
        ]
      }
    ]
  },
  "Planning Time": 0.907,
  "Triggers": [],
  "Execution Time": 6334.509
}