[
  {
    "Plan": {
      "Node Type": "Aggregate",
      "Strategy": "Plain",
      "Partial Mode": "Finalize",
      "Parallel Aware": false,
      "Startup Cost": 341050.98,
      "Total Cost": 341050.99,
      "Plan Rows": 1,
      "Plan Width": 8,
      "Actual Startup Time": 810.656,
      "Actual Total Time": 858.686,
      "Actual Rows": 1,
      "Actual Loops": 1,
      "Plans": [
        {
          "Node Type": "Gather",
          "Parent Relationship": "Outer",
          "Parallel Aware": false,
          "Startup Cost": 341050.36,
          "Total Cost": 341050.97,
          "Plan Rows": 6,
          "Plan Width": 8,
          "Actual Startup Time": 810.473,
          "Actual Total Time": 858.67,
          "Actual Rows": 7,
          "Actual Loops": 1,
          "Workers Planned": 6,
          "Workers Launched": 6,
          "Single Copy": false,
          "Plans": [
            {
              "Node Type": "Aggregate",
              "Strategy": "Plain",
              "Partial Mode": "Partial",
              "Parent Relationship": "Outer",
              "Parallel Aware": false,
              "Startup Cost": 340050.36,
              "Total Cost": 340050.37,
              "Plan Rows": 1,
              "Plan Width": 8,
              "Actual Startup Time": 803.082,
              "Actual Total Time": 803.084,
              "Actual Rows": 1,
              "Actual Loops": 7,
              "Plans": [
                {
                  "Node Type": "Seq Scan",
                  "Parent Relationship": "Outer",
                  "Parallel Aware": true,
                  "Relation Name": "cast_info",
                  "Alias": "ci",
                  "Startup Cost": 0.0,
                  "Total Cost": 328211.39,
                  "Plan Rows": 4735586,
                  "Plan Width": 0,
                  "Actual Startup Time": 0.047,
                  "Actual Total Time": 617.613,
                  "Actual Rows": 4064310,
                  "Actual Loops": 7,
                  "Filter": "(person_id < 2898291)",
                  "Rows Removed by Filter": 1113454
                }
              ]
            }
          ]
        }
      ]
    },
    "Planning Time": 0.224,
    "Triggers": [],
    "Execution Time": 858.757
  }
]