{
  "Plan": {
    "Node Type": "Aggregate",
    "Strategy": "Plain",
    "Partial Mode": "Finalize",
    "Parallel Aware": false,
    "Startup Cost": 76630.3,
    "Total Cost": 76630.31,
    "Plan Rows": 1,
    "Plan Width": 8,
    "Actual Startup Time": 165.537,
    "Actual Total Time": 183.377,
    "Actual Rows": 1,
    "Actual Loops": 1,
    "Plans": [
      {
        "Node Type": "Gather",
        "Parent Relationship": "Outer",
        "Parallel Aware": false,
        "Startup Cost": 76630.19,
        "Total Cost": 76630.3,
        "Plan Rows": 1,
        "Plan Width": 8,
        "Actual Startup Time": 165.422,
        "Actual Total Time": 183.37,
        "Actual Rows": 2,
        "Actual Loops": 1,
        "Workers Planned": 1,
        "Workers Launched": 1,
        "Single Copy": false,
        "Plans": [
          {
            "Node Type": "Aggregate",
            "Strategy": "Plain",
            "Partial Mode": "Partial",
            "Parent Relationship": "Outer",
            "Parallel Aware": false,
            "Startup Cost": 75630.19,
            "Total Cost": 75630.2,
            "Plan Rows": 1,
            "Plan Width": 8,
            "Actual Startup Time": 159.257,
            "Actual Total Time": 159.259,
            "Actual Rows": 1,
            "Actual Loops": 2,
            "Plans": [
              {
                "Node Type": "Nested Loop",
                "Parent Relationship": "Outer",
                "Parallel Aware": false,
                "Join Type": "Inner",
                "Startup Cost": 0.86,
                "Total Cost": 75614.12,
                "Plan Rows": 6425,
                "Plan Width": 0,
                "Actual Startup Time": 93.273,
                "Actual Total Time": 158.659,
                "Actual Rows": 11032,
                "Actual Loops": 2,
                "Inner Unique": false,
                "Join Filter": "(t.id = mi.movie_id)",
                "Rows Removed by Join Filter": 0,
                "Plans": [
                  {
                    "Node Type": "Nested Loop",
                    "Parent Relationship": "Outer",
                    "Parallel Aware": false,
                    "Join Type": "Inner",
                    "Startup Cost": 0.43,
                    "Total Cost": 73387.07,
                    "Plan Rows": 1099,
                    "Plan Width": 8,
                    "Actual Startup Time": 93.216,
                    "Actual Total Time": 140.926,
                    "Actual Rows": 992,
                    "Actual Loops": 2,
                    "Inner Unique": false,
                    "Plans": [
                      {
                        "Node Type": "Seq Scan",
                        "Parent Relationship": "Outer",
                        "Parallel Aware": true,
                        "Relation Name": "title",
                        "Alias": "t",
                        "Startup Cost": 0.0,
                        "Total Cost": 54588.39,
                        "Plan Rows": 1065,
                        "Plan Width": 4,
                        "Actual Startup Time": 93.119,
                        "Actual Total Time": 133.656,
                        "Actual Rows": 552,
                        "Actual Loops": 2,
                        "Filter": "(production_year = 1906)",
                        "Rows Removed by Filter": 1263604
                      },
                      {
                        "Node Type": "Index Only Scan",
                        "Parent Relationship": "Inner",
                        "Parallel Aware": false,
                        "Scan Direction": "Forward",
                        "Index Name": "movie_id_movie_companies",
                        "Relation Name": "movie_companies",
                        "Alias": "mc",
                        "Startup Cost": 0.43,
                        "Total Cost": 17.6,
                        "Plan Rows": 5,
                        "Plan Width": 4,
                        "Actual Startup Time": 0.011,
                        "Actual Total Time": 0.013,
                        "Actual Rows": 2,
                        "Actual Loops": 1104,
                        "Index Cond": "(movie_id = t.id)",
                        "Rows Removed by Index Recheck": 0,
                        "Heap Fetches": 1983
                      }
                    ]
                  },
                  {
                    "Node Type": "Index Only Scan",
                    "Parent Relationship": "Inner",
                    "Parallel Aware": false,
                    "Scan Direction": "Forward",
                    "Index Name": "movie_id_movie_info",
                    "Relation Name": "movie_info",
                    "Alias": "mi",
                    "Startup Cost": 0.43,
                    "Total Cost": 1.5,
                    "Plan Rows": 42,
                    "Plan Width": 4,
                    "Actual Startup Time": 0.006,
                    "Actual Total Time": 0.017,
                    "Actual Rows": 11,
                    "Actual Loops": 1983,
                    "Index Cond": "(movie_id = mc.movie_id)",
                    "Rows Removed by Index Recheck": 0,
                    "Heap Fetches": 22063
                  }
                ]
              }
            ]
          }
        ]
      }
    ]
  },
  "Planning Time": 0.913,
  "Triggers": [],
  "Execution Time": 183.49
}