{
    "Plan": {
        "Node Type": "Aggregate",
        "Strategy": "Plain",
        "Partial Mode": "Finalize",
        "Parallel Aware": false,
        "Startup Cost": 214660.52,
        "Total Cost": 214660.53,
        "Plan Rows": 1,
        "Plan Width": 64,
        "Actual Startup Time": 4302.576,
        "Actual Total Time": 4359.88,
        "Actual Rows": 1,
        "Actual Loops": 1,
        "Output": [
            "min(mi.info)",
            "min(t.title)"
        ],
        "Plans": [
            {
                "Node Type": "Gather",
                "Parent Relationship": "Outer",
                "Parallel Aware": false,
                "Startup Cost": 214659.98,
                "Total Cost": 214660.49,
                "Plan Rows": 5,
                "Plan Width": 64,
                "Actual Startup Time": 4302.291,
                "Actual Total Time": 4359.86,
                "Actual Rows": 6,
                "Actual Loops": 1,
                "Output": [
                    "(PARTIAL min(mi.info))",
                    "(PARTIAL min(t.title))"
                ],
                "Workers Planned": 5,
                "Workers Launched": 5,
                "Single Copy": false,
                "Plans": [
                    {
                        "Node Type": "Aggregate",
                        "Strategy": "Plain",
                        "Partial Mode": "Partial",
                        "Parent Relationship": "Outer",
                        "Parallel Aware": false,
                        "Startup Cost": 213659.98,
                        "Total Cost": 213659.99,
                        "Plan Rows": 1,
                        "Plan Width": 64,
                        "Actual Startup Time": 4289.703,
                        "Actual Total Time": 4289.717,
                        "Actual Rows": 1,
                        "Actual Loops": 6,
                        "Output": [
                            "PARTIAL min(mi.info)",
                            "PARTIAL min(t.title)"
                        ],
                        "Workers": [
                            {
                                "Worker Number": 0,
                                "Actual Startup Time": 4286.36,
                                "Actual Total Time": 4286.376,
                                "Actual Rows": 1,
                                "Actual Loops": 1
                            },
                            {
                                "Worker Number": 1,
                                "Actual Startup Time": 4286.799,
                                "Actual Total Time": 4286.813,
                                "Actual Rows": 1,
                                "Actual Loops": 1
                            },
                            {
                                "Worker Number": 2,
                                "Actual Startup Time": 4287.374,
                                "Actual Total Time": 4287.388,
                                "Actual Rows": 1,
                                "Actual Loops": 1
                            },
                            {
                                "Worker Number": 3,
                                "Actual Startup Time": 4288.043,
                                "Actual Total Time": 4288.058,
                                "Actual Rows": 1,
                                "Actual Loops": 1
                            },
                            {
                                "Worker Number": 4,
                                "Actual Startup Time": 4288.373,
                                "Actual Total Time": 4288.388,
                                "Actual Rows": 1,
                                "Actual Loops": 1
                            }
                        ],
                        "Plans": [
                            {
                                "Node Type": "Nested Loop",
                                "Parent Relationship": "Outer",
                                "Parallel Aware": false,
                                "Join Type": "Inner",
                                "Startup Cost": 5.11,
                                "Total Cost": 213659.87,
                                "Plan Rows": 22,
                                "Plan Width": 60,
                                "Actual Startup Time": 860.308,
                                "Actual Total Time": 4289.43,
                                "Actual Rows": 378,
                                "Actual Loops": 6,
                                "Output": [
                                    "mi.info",
                                    "t.title"
                                ],
                                "Inner Unique": false,
                                "Join Filter": "(t.id = at.movie_id)",
                                "Rows Removed by Join Filter": 0,
                                "Workers": [
                                    {
                                        "Worker Number": 0,
                                        "Actual Startup Time": 654.856,
                                        "Actual Total Time": 4286.056,
                                        "Actual Rows": 432,
                                        "Actual Loops": 1
                                    },
                                    {
                                        "Worker Number": 1,
                                        "Actual Startup Time": 642.168,
                                        "Actual Total Time": 4286.503,
                                        "Actual Rows": 441,
                                        "Actual Loops": 1
                                    },
                                    {
                                        "Worker Number": 2,
                                        "Actual Startup Time": 1540.222,
                                        "Actual Total Time": 4287.122,
                                        "Actual Rows": 341,
                                        "Actual Loops": 1
                                    },
                                    {
                                        "Worker Number": 3,
                                        "Actual Startup Time": 639.525,
                                        "Actual Total Time": 4287.882,
                                        "Actual Rows": 188,
                                        "Actual Loops": 1
                                    },
                                    {
                                        "Worker Number": 4,
                                        "Actual Startup Time": 1108.92,
                                        "Actual Total Time": 4288.175,
                                        "Actual Rows": 237,
                                        "Actual Loops": 1
                                    }
                                ],
                                "Plans": [
                                    {
                                        "Node Type": "Nested Loop",
                                        "Parent Relationship": "Outer",
                                        "Parallel Aware": false,
                                        "Join Type": "Inner",
                                        "Startup Cost": 4.69,
                                        "Total Cost": 213654.68,
                                        "Plan Rows": 10,
                                        "Plan Width": 76,
                                        "Actual Startup Time": 580.145,
                                        "Actual Total Time": 4280.677,
                                        "Actual Rows": 1327,
                                        "Actual Loops": 6,
                                        "Output": [
                                            "mc.movie_id",
                                            "mi.info",
                                            "mi.movie_id",
                                            "mk.movie_id",
                                            "t.title",
                                            "t.id"
                                        ],
                                        "Inner Unique": true,
                                        "Workers": [
                                            {
                                                "Worker Number": 0,
                                                "Actual Startup Time": 652.353,
                                                "Actual Total Time": 4276.222,
                                                "Actual Rows": 1419,
                                                "Actual Loops": 1
                                            },
                                            {
                                                "Worker Number": 1,
                                                "Actual Startup Time": 560.379,
                                                "Actual Total Time": 4277.567,
                                                "Actual Rows": 1225,
                                                "Actual Loops": 1
                                            },
                                            {
                                                "Worker Number": 2,
                                                "Actual Startup Time": 563.528,
                                                "Actual Total Time": 4276.207,
                                                "Actual Rows": 1814,
                                                "Actual Loops": 1
                                            },
                                            {
                                                "Worker Number": 3,
                                                "Actual Startup Time": 564.321,
                                                "Actual Total Time": 4280.868,
                                                "Actual Rows": 997,
                                                "Actual Loops": 1
                                            },
                                            {
                                                "Worker Number": 4,
                                                "Actual Startup Time": 564.202,
                                                "Actual Total Time": 4281.077,
                                                "Actual Rows": 929,
                                                "Actual Loops": 1
                                            }
                                        ],
                                        "Plans": [
                                            {
                                                "Node Type": "Nested Loop",
                                                "Parent Relationship": "Outer",
                                                "Parallel Aware": false,
                                                "Join Type": "Inner",
                                                "Startup Cost": 4.27,
                                                "Total Cost": 213650.29,
                                                "Plan Rows": 10,
                                                "Plan Width": 80,
                                                "Actual Startup Time": 580.012,
                                                "Actual Total Time": 4203.452,
                                                "Actual Rows": 1327,
                                                "Actual Loops": 6,
                                                "Output": [
                                                    "mc.movie_id",
                                                    "mi.info",
                                                    "mi.movie_id",
                                                    "mk.movie_id",
                                                    "mk.keyword_id",
                                                    "t.title",
                                                    "t.id"
                                                ],
                                                "Inner Unique": false,
                                                "Workers": [
                                                    {
                                                        "Worker Number": 0,
                                                        "Actual Startup Time": 652.047,
                                                        "Actual Total Time": 4212.029,
                                                        "Actual Rows": 1419,
                                                        "Actual Loops": 1
                                                    },
                                                    {
                                                        "Worker Number": 1,
                                                        "Actual Startup Time": 560.258,
                                                        "Actual Total Time": 4254.882,
                                                        "Actual Rows": 1225,
                                                        "Actual Loops": 1
                                                    },
                                                    {
                                                        "Worker Number": 2,
                                                        "Actual Startup Time": 563.413,
                                                        "Actual Total Time": 4141.801,
                                                        "Actual Rows": 1814,
                                                        "Actual Loops": 1
                                                    },
                                                    {
                                                        "Worker Number": 3,
                                                        "Actual Startup Time": 564.234,
                                                        "Actual Total Time": 4225.589,
                                                        "Actual Rows": 997,
                                                        "Actual Loops": 1
                                                    },
                                                    {
                                                        "Worker Number": 4,
                                                        "Actual Startup Time": 564.111,
                                                        "Actual Total Time": 4194.504,
                                                        "Actual Rows": 929,
                                                        "Actual Loops": 1
                                                    }
                                                ],
                                                "Plans": [
                                                    {
                                                        "Node Type": "Nested Loop",
                                                        "Parent Relationship": "Outer",
                                                        "Parallel Aware": false,
                                                        "Join Type": "Inner",
                                                        "Startup Cost": 3.84,
                                                        "Total Cost": 213648.49,
                                                        "Plan Rows": 1,
                                                        "Plan Width": 72,
                                                        "Actual Startup Time": 564.577,
                                                        "Actual Total Time": 3016.226,
                                                        "Actual Rows": 441,
                                                        "Actual Loops": 6,
                                                        "Output": [
                                                            "mc.movie_id",
                                                            "mi.info",
                                                            "mi.movie_id",
                                                            "t.title",
                                                            "t.id"
                                                        ],
                                                        "Inner Unique": true,
                                                        "Workers": [
                                                            {
                                                                "Worker Number": 0,
                                                                "Actual Startup Time": 560.68,
                                                                "Actual Total Time": 3056.726,
                                                                "Actual Rows": 463,
                                                                "Actual Loops": 1
                                                            },
                                                            {
                                                                "Worker Number": 1,
                                                                "Actual Startup Time": 559.992,
                                                                "Actual Total Time": 3019.843,
                                                                "Actual Rows": 481,
                                                                "Actual Loops": 1
                                                            },
                                                            {
                                                                "Worker Number": 2,
                                                                "Actual Startup Time": 562.961,
                                                                "Actual Total Time": 3024.388,
                                                                "Actual Rows": 429,
                                                                "Actual Loops": 1
                                                            },
                                                            {
                                                                "Worker Number": 3,
                                                                "Actual Startup Time": 564.163,
                                                                "Actual Total Time": 2979.248,
                                                                "Actual Rows": 398,
                                                                "Actual Loops": 1
                                                            },
                                                            {
                                                                "Worker Number": 4,
                                                                "Actual Startup Time": 563.847,
                                                                "Actual Total Time": 3030.245,
                                                                "Actual Rows": 468,
                                                                "Actual Loops": 1
                                                            }
                                                        ],
                                                        "Plans": [
                                                            {
                                                                "Node Type": "Nested Loop",
                                                                "Parent Relationship": "Outer",
                                                                "Parallel Aware": false,
                                                                "Join Type": "Inner",
                                                                "Startup Cost": 3.71,
                                                                "Total Cost": 213648.34,
                                                                "Plan Rows": 1,
                                                                "Plan Width": 76,
                                                                "Actual Startup Time": 564.49,
                                                                "Actual Total Time": 3013.052,
                                                                "Actual Rows": 441,
                                                                "Actual Loops": 6,
                                                                "Output": [
                                                                    "mc.movie_id",
                                                                    "mc.company_type_id",
                                                                    "mi.info",
                                                                    "mi.movie_id",
                                                                    "t.title",
                                                                    "t.id"
                                                                ],
                                                                "Inner Unique": true,
                                                                "Workers": [
                                                                    {
                                                                        "Worker Number": 0,
                                                                        "Actual Startup Time": 560.571,
                                                                        "Actual Total Time": 3053.244,
                                                                        "Actual Rows": 463,
                                                                        "Actual Loops": 1
                                                                    },
                                                                    {
                                                                        "Worker Number": 1,
                                                                        "Actual Startup Time": 559.907,
                                                                        "Actual Total Time": 3016.364,
                                                                        "Actual Rows": 481,
                                                                        "Actual Loops": 1
                                                                    },
                                                                    {
                                                                        "Worker Number": 2,
                                                                        "Actual Startup Time": 562.862,
                                                                        "Actual Total Time": 3021.237,
                                                                        "Actual Rows": 429,
                                                                        "Actual Loops": 1
                                                                    },
                                                                    {
                                                                        "Worker Number": 3,
                                                                        "Actual Startup Time": 564.085,
                                                                        "Actual Total Time": 2976.142,
                                                                        "Actual Rows": 398,
                                                                        "Actual Loops": 1
                                                                    },
                                                                    {
                                                                        "Worker Number": 4,
                                                                        "Actual Startup Time": 563.757,
                                                                        "Actual Total Time": 3026.732,
                                                                        "Actual Rows": 468,
                                                                        "Actual Loops": 1
                                                                    }
                                                                ],
                                                                "Plans": [
                                                                    {
                                                                        "Node Type": "Nested Loop",
                                                                        "Parent Relationship": "Outer",
                                                                        "Parallel Aware": false,
                                                                        "Join Type": "Inner",
                                                                        "Startup Cost": 3.29,
                                                                        "Total Cost": 213647.44,
                                                                        "Plan Rows": 2,
                                                                        "Plan Width": 80,
                                                                        "Actual Startup Time": 564.104,
                                                                        "Actual Total Time": 3000.776,
                                                                        "Actual Rows": 481,
                                                                        "Actual Loops": 6,
                                                                        "Output": [
                                                                            "mi.info",
                                                                            "mi.movie_id",
                                                                            "mc.movie_id",
                                                                            "mc.company_id",
                                                                            "mc.company_type_id",
                                                                            "t.title",
                                                                            "t.id"
                                                                        ],
                                                                        "Inner Unique": false,
                                                                        "Workers": [
                                                                            {
                                                                                "Worker Number": 0,
                                                                                "Actual Startup Time": 560.5,
                                                                                "Actual Total Time": 3039.454,
                                                                                "Actual Rows": 507,
                                                                                "Actual Loops": 1
                                                                            },
                                                                            {
                                                                                "Worker Number": 1,
                                                                                "Actual Startup Time": 559.83,
                                                                                "Actual Total Time": 3002.571,
                                                                                "Actual Rows": 525,
                                                                                "Actual Loops": 1
                                                                            },
                                                                            {
                                                                                "Worker Number": 2,
                                                                                "Actual Startup Time": 560.885,
                                                                                "Actual Total Time": 3008.234,
                                                                                "Actual Rows": 477,
                                                                                "Actual Loops": 1
                                                                            },
                                                                            {
                                                                                "Worker Number": 3,
                                                                                "Actual Startup Time": 564.005,
                                                                                "Actual Total Time": 2963.553,
                                                                                "Actual Rows": 426,
                                                                                "Actual Loops": 1
                                                                            },
                                                                            {
                                                                                "Worker Number": 4,
                                                                                "Actual Startup Time": 563.685,
                                                                                "Actual Total Time": 3012.397,
                                                                                "Actual Rows": 509,
                                                                                "Actual Loops": 1
                                                                            }
                                                                        ],
                                                                        "Plans": [
                                                                            {
                                                                                "Node Type": "Nested Loop",
                                                                                "Parent Relationship": "Outer",
                                                                                "Parallel Aware": false,
                                                                                "Join Type": "Inner",
                                                                                "Startup Cost": 2.86,
                                                                                "Total Cost": 213646.81,
                                                                                "Plan Rows": 1,
                                                                                "Plan Width": 68,
                                                                                "Actual Startup Time": 564.016,
                                                                                "Actual Total Time": 2986.483,
                                                                                "Actual Rows": 297,
                                                                                "Actual Loops": 6,
                                                                                "Output": [
                                                                                    "mi.info",
                                                                                    "mi.movie_id",
                                                                                    "t.title",
                                                                                    "t.id"
                                                                                ],
                                                                                "Inner Unique": true,
                                                                                "Workers": [
                                                                                    {
                                                                                        "Worker Number": 0,
                                                                                        "Actual Startup Time": 560.41,
                                                                                        "Actual Total Time": 3023.001,
                                                                                        "Actual Rows": 310,
                                                                                        "Actual Loops": 1
                                                                                    },
                                                                                    {
                                                                                        "Worker Number": 1,
                                                                                        "Actual Startup Time": 559.742,
                                                                                        "Actual Total Time": 2985.759,
                                                                                        "Actual Rows": 314,
                                                                                        "Actual Loops": 1
                                                                                    },
                                                                                    {
                                                                                        "Worker Number": 2,
                                                                                        "Actual Startup Time": 560.775,
                                                                                        "Actual Total Time": 2992.616,
                                                                                        "Actual Rows": 272,
                                                                                        "Actual Loops": 1
                                                                                    },
                                                                                    {
                                                                                        "Worker Number": 3,
                                                                                        "Actual Startup Time": 563.894,
                                                                                        "Actual Total Time": 2948.628,
                                                                                        "Actual Rows": 262,
                                                                                        "Actual Loops": 1
                                                                                    },
                                                                                    {
                                                                                        "Worker Number": 4,
                                                                                        "Actual Startup Time": 563.603,
                                                                                        "Actual Total Time": 2996.455,
                                                                                        "Actual Rows": 312,
                                                                                        "Actual Loops": 1
                                                                                    }
                                                                                ],
                                                                                "Plans": [
                                                                                    {
                                                                                        "Node Type": "Hash Join",
                                                                                        "Parent Relationship": "Outer",
                                                                                        "Parallel Aware": false,
                                                                                        "Join Type": "Inner",
                                                                                        "Startup Cost": 2.43,
                                                                                        "Total Cost": 213638.44,
                                                                                        "Plan Rows": 1,
                                                                                        "Plan Width": 47,
                                                                                        "Actual Startup Time": 563.928,
                                                                                        "Actual Total Time": 2968.613,
                                                                                        "Actual Rows": 297,
                                                                                        "Actual Loops": 6,
                                                                                        "Output": [
                                                                                            "mi.info",
                                                                                            "mi.movie_id"
                                                                                        ],
                                                                                        "Inner Unique": true,
                                                                                        "Hash Cond": "(mi.info_type_id = it1.id)",
                                                                                        "Workers": [
                                                                                            {
                                                                                                "Worker Number": 0,
                                                                                                "Actual Startup Time": 560.325,
                                                                                                "Actual Total Time": 3002.498,
                                                                                                "Actual Rows": 310,
                                                                                                "Actual Loops": 1
                                                                                            },
                                                                                            {
                                                                                                "Worker Number": 1,
                                                                                                "Actual Startup Time": 559.66,
                                                                                                "Actual Total Time": 2963.6,
                                                                                                "Actual Rows": 315,
                                                                                                "Actual Loops": 1
                                                                                            },
                                                                                            {
                                                                                                "Worker Number": 2,
                                                                                                "Actual Startup Time": 560.674,
                                                                                                "Actual Total Time": 2972.575,
                                                                                                "Actual Rows": 272,
                                                                                                "Actual Loops": 1
                                                                                            },
                                                                                            {
                                                                                                "Worker Number": 3,
                                                                                                "Actual Startup Time": 563.791,
                                                                                                "Actual Total Time": 2929.064,
                                                                                                "Actual Rows": 262,
                                                                                                "Actual Loops": 1
                                                                                            },
                                                                                            {
                                                                                                "Worker Number": 4,
                                                                                                "Actual Startup Time": 563.506,
                                                                                                "Actual Total Time": 2977.288,
                                                                                                "Actual Rows": 312,
                                                                                                "Actual Loops": 1
                                                                                            }
                                                                                        ],
                                                                                        "Plans": [
                                                                                            {
                                                                                                "Node Type": "Seq Scan",
                                                                                                "Parent Relationship": "Outer",
                                                                                                "Parallel Aware": true,
                                                                                                "Relation Name": "movie_info",
                                                                                                "Schema": "public",
                                                                                                "Alias": "mi",
                                                                                                "Startup Cost": 0.0,
                                                                                                "Total Cost": 213635.83,
                                                                                                "Plan Rows": 64,
                                                                                                "Plan Width": 51,
                                                                                                "Actual Startup Time": 563.612,
                                                                                                "Actual Total Time": 2967.345,
                                                                                                "Actual Rows": 297,
                                                                                                "Actual Loops": 6,
                                                                                                "Output": [
                                                                                                    "mi.id",
                                                                                                    "mi.movie_id",
                                                                                                    "mi.info_type_id",
                                                                                                    "mi.info",
                                                                                                    "mi.note"
                                                                                                ],
                                                                                                "Filter": "((mi.info IS NOT NULL) AND (mi.note ~~ '%internet%'::text) AND ((mi.info ~~ 'USA:% 199%'::text) OR (mi.info ~~ 'USA:% 200%'::text)))",
                                                                                                "Rows Removed by Filter": 2472323,
                                                                                                "Workers": [
                                                                                                    {
                                                                                                        "Worker Number": 0,
                                                                                                        "Actual Startup Time": 559.959,
                                                                                                        "Actual Total Time": 3001.107,
                                                                                                        "Actual Rows": 310,
                                                                                                        "Actual Loops": 1
                                                                                                    },
                                                                                                    {
                                                                                                        "Worker Number": 1,
                                                                                                        "Actual Startup Time": 559.261,
                                                                                                        "Actual Total Time": 2962.169,
                                                                                                        "Actual Rows": 315,
                                                                                                        "Actual Loops": 1
                                                                                                    },
                                                                                                    {
                                                                                                        "Worker Number": 2,
                                                                                                        "Actual Startup Time": 560.319,
                                                                                                        "Actual Total Time": 2971.301,
                                                                                                        "Actual Rows": 272,
                                                                                                        "Actual Loops": 1
                                                                                                    },
                                                                                                    {
                                                                                                        "Worker Number": 3,
                                                                                                        "Actual Startup Time": 563.488,
                                                                                                        "Actual Total Time": 2927.873,
                                                                                                        "Actual Rows": 262,
                                                                                                        "Actual Loops": 1
                                                                                                    },
                                                                                                    {
                                                                                                        "Worker Number": 4,
                                                                                                        "Actual Startup Time": 563.179,
                                                                                                        "Actual Total Time": 2975.956,
                                                                                                        "Actual Rows": 312,
                                                                                                        "Actual Loops": 1
                                                                                                    }
                                                                                                ]
                                                                                            },
                                                                                            {
                                                                                                "Node Type": "Hash",
                                                                                                "Parent Relationship": "Inner",
                                                                                                "Parallel Aware": false,
                                                                                                "Startup Cost": 2.41,
                                                                                                "Total Cost": 2.41,
                                                                                                "Plan Rows": 1,
                                                                                                "Plan Width": 4,
                                                                                                "Actual Startup Time": 0.077,
                                                                                                "Actual Total Time": 0.078,
                                                                                                "Actual Rows": 1,
                                                                                                "Actual Loops": 6,
                                                                                                "Output": [
                                                                                                    "it1.id"
                                                                                                ],
                                                                                                "Hash Buckets": 1024,
                                                                                                "Original Hash Buckets": 1024,
                                                                                                "Hash Batches": 1,
                                                                                                "Original Hash Batches": 1,
                                                                                                "Peak Memory Usage": 9,
                                                                                                "Workers": [
                                                                                                    {
                                                                                                        "Worker Number": 0,
                                                                                                        "Actual Startup Time": 0.07,
                                                                                                        "Actual Total Time": 0.072,
                                                                                                        "Actual Rows": 1,
                                                                                                        "Actual Loops": 1
                                                                                                    },
                                                                                                    {
                                                                                                        "Worker Number": 1,
                                                                                                        "Actual Startup Time": 0.095,
                                                                                                        "Actual Total Time": 0.096,
                                                                                                        "Actual Rows": 1,
                                                                                                        "Actual Loops": 1
                                                                                                    },
                                                                                                    {
                                                                                                        "Worker Number": 2,
                                                                                                        "Actual Startup Time": 0.085,
                                                                                                        "Actual Total Time": 0.087,
                                                                                                        "Actual Rows": 1,
                                                                                                        "Actual Loops": 1
                                                                                                    },
                                                                                                    {
                                                                                                        "Worker Number": 3,
                                                                                                        "Actual Startup Time": 0.067,
                                                                                                        "Actual Total Time": 0.068,
                                                                                                        "Actual Rows": 1,
                                                                                                        "Actual Loops": 1
                                                                                                    },
                                                                                                    {
                                                                                                        "Worker Number": 4,
                                                                                                        "Actual Startup Time": 0.076,
                                                                                                        "Actual Total Time": 0.077,
                                                                                                        "Actual Rows": 1,
                                                                                                        "Actual Loops": 1
                                                                                                    }
                                                                                                ],
                                                                                                "Plans": [
                                                                                                    {
                                                                                                        "Node Type": "Seq Scan",
                                                                                                        "Parent Relationship": "Outer",
                                                                                                        "Parallel Aware": false,
                                                                                                        "Relation Name": "info_type",
                                                                                                        "Schema": "public",
                                                                                                        "Alias": "it1",
                                                                                                        "Startup Cost": 0.0,
                                                                                                        "Total Cost": 2.41,
                                                                                                        "Plan Rows": 1,
                                                                                                        "Plan Width": 4,
                                                                                                        "Actual Startup Time": 0.041,
                                                                                                        "Actual Total Time": 0.049,
                                                                                                        "Actual Rows": 1,
                                                                                                        "Actual Loops": 6,
                                                                                                        "Output": [
                                                                                                            "it1.id"
                                                                                                        ],
                                                                                                        "Filter": "((it1.info)::text = 'release dates'::text)",
                                                                                                        "Rows Removed by Filter": 112,
                                                                                                        "Workers": [
                                                                                                            {
                                                                                                                "Worker Number": 0,
                                                                                                                "Actual Startup Time": 0.039,
                                                                                                                "Actual Total Time": 0.047,
                                                                                                                "Actual Rows": 1,
                                                                                                                "Actual Loops": 1
                                                                                                            },
                                                                                                            {
                                                                                                                "Worker Number": 1,
                                                                                                                "Actual Startup Time": 0.059,
                                                                                                                "Actual Total Time": 0.067,
                                                                                                                "Actual Rows": 1,
                                                                                                                "Actual Loops": 1
                                                                                                            },
                                                                                                            {
                                                                                                                "Worker Number": 2,
                                                                                                                "Actual Startup Time": 0.05,
                                                                                                                "Actual Total Time": 0.058,
                                                                                                                "Actual Rows": 1,
                                                                                                                "Actual Loops": 1
                                                                                                            },
                                                                                                            {
                                                                                                                "Worker Number": 3,
                                                                                                                "Actual Startup Time": 0.038,
                                                                                                                "Actual Total Time": 0.046,
                                                                                                                "Actual Rows": 1,
                                                                                                                "Actual Loops": 1
                                                                                                            },
                                                                                                            {
                                                                                                                "Worker Number": 4,
                                                                                                                "Actual Startup Time": 0.045,
                                                                                                                "Actual Total Time": 0.053,
                                                                                                                "Actual Rows": 1,
                                                                                                                "Actual Loops": 1
                                                                                                            }
                                                                                                        ]
                                                                                                    }
                                                                                                ]
                                                                                            }
                                                                                        ]
                                                                                    },
                                                                                    {
                                                                                        "Node Type": "Index Scan",
                                                                                        "Parent Relationship": "Inner",
                                                                                        "Parallel Aware": false,
                                                                                        "Scan Direction": "Forward",
                                                                                        "Index Name": "title_pkey",
                                                                                        "Relation Name": "title",
                                                                                        "Schema": "public",
                                                                                        "Alias": "t",
                                                                                        "Startup Cost": 0.43,
                                                                                        "Total Cost": 8.38,
                                                                                        "Plan Rows": 1,
                                                                                        "Plan Width": 21,
                                                                                        "Actual Startup Time": 0.055,
                                                                                        "Actual Total Time": 0.055,
                                                                                        "Actual Rows": 1,
                                                                                        "Actual Loops": 1783,
                                                                                        "Output": [
                                                                                            "t.id",
                                                                                            "t.title",
                                                                                            "t.imdb_index",
                                                                                            "t.kind_id",
                                                                                            "t.production_year",
                                                                                            "t.imdb_id",
                                                                                            "t.phonetic_code",
                                                                                            "t.episode_of_id",
                                                                                            "t.season_nr",
                                                                                            "t.episode_nr",
                                                                                            "t.series_years",
                                                                                            "t.md5sum"
                                                                                        ],
                                                                                        "Index Cond": "(t.id = mi.movie_id)",
                                                                                        "Rows Removed by Index Recheck": 0,
                                                                                        "Filter": "(t.production_year > 1990)",
                                                                                        "Rows Removed by Filter": 0,
                                                                                        "Workers": [
                                                                                            {
                                                                                                "Worker Number": 0,
                                                                                                "Actual Startup Time": 0.061,
                                                                                                "Actual Total Time": 0.061,
                                                                                                "Actual Rows": 1,
                                                                                                "Actual Loops": 310
                                                                                            },
                                                                                            {
                                                                                                "Worker Number": 1,
                                                                                                "Actual Startup Time": 0.066,
                                                                                                "Actual Total Time": 0.066,
                                                                                                "Actual Rows": 1,
                                                                                                "Actual Loops": 315
                                                                                            },
                                                                                            {
                                                                                                "Worker Number": 2,
                                                                                                "Actual Startup Time": 0.069,
                                                                                                "Actual Total Time": 0.069,
                                                                                                "Actual Rows": 1,
                                                                                                "Actual Loops": 272
                                                                                            },
                                                                                            {
                                                                                                "Worker Number": 3,
                                                                                                "Actual Startup Time": 0.07,
                                                                                                "Actual Total Time": 0.07,
                                                                                                "Actual Rows": 1,
                                                                                                "Actual Loops": 262
                                                                                            },
                                                                                            {
                                                                                                "Worker Number": 4,
                                                                                                "Actual Startup Time": 0.057,
                                                                                                "Actual Total Time": 0.057,
                                                                                                "Actual Rows": 1,
                                                                                                "Actual Loops": 312
                                                                                            }
                                                                                        ]
                                                                                    }
                                                                                ]
                                                                            },
                                                                            {
                                                                                "Node Type": "Index Scan",
                                                                                "Parent Relationship": "Inner",
                                                                                "Parallel Aware": false,
                                                                                "Scan Direction": "Forward",
                                                                                "Index Name": "movie_id_movie_companies",
                                                                                "Relation Name": "movie_companies",
                                                                                "Schema": "public",
                                                                                "Alias": "mc",
                                                                                "Startup Cost": 0.43,
                                                                                "Total Cost": 0.58,
                                                                                "Plan Rows": 5,
                                                                                "Plan Width": 12,
                                                                                "Actual Startup Time": 0.033,
                                                                                "Actual Total Time": 0.044,
                                                                                "Actual Rows": 2,
                                                                                "Actual Loops": 1782,
                                                                                "Output": [
                                                                                    "mc.id",
                                                                                    "mc.movie_id",
                                                                                    "mc.company_id",
                                                                                    "mc.company_type_id",
                                                                                    "mc.note"
                                                                                ],
                                                                                "Index Cond": "(mc.movie_id = t.id)",
                                                                                "Rows Removed by Index Recheck": 0,
                                                                                "Workers": [
                                                                                    {
                                                                                        "Worker Number": 0,
                                                                                        "Actual Startup Time": 0.037,
                                                                                        "Actual Total Time": 0.049,
                                                                                        "Actual Rows": 2,
                                                                                        "Actual Loops": 310
                                                                                    },
                                                                                    {
                                                                                        "Worker Number": 1,
                                                                                        "Actual Startup Time": 0.037,
                                                                                        "Actual Total Time": 0.049,
                                                                                        "Actual Rows": 2,
                                                                                        "Actual Loops": 314
                                                                                    },
                                                                                    {
                                                                                        "Worker Number": 2,
                                                                                        "Actual Startup Time": 0.041,
                                                                                        "Actual Total Time": 0.053,
                                                                                        "Actual Rows": 2,
                                                                                        "Actual Loops": 272
                                                                                    },
                                                                                    {
                                                                                        "Worker Number": 3,
                                                                                        "Actual Startup Time": 0.04,
                                                                                        "Actual Total Time": 0.052,
                                                                                        "Actual Rows": 2,
                                                                                        "Actual Loops": 262
                                                                                    },
                                                                                    {
                                                                                        "Worker Number": 4,
                                                                                        "Actual Startup Time": 0.035,
                                                                                        "Actual Total Time": 0.047,
                                                                                        "Actual Rows": 2,
                                                                                        "Actual Loops": 312
                                                                                    }
                                                                                ]
                                                                            }
                                                                        ]
                                                                    },
                                                                    {
                                                                        "Node Type": "Index Scan",
                                                                        "Parent Relationship": "Inner",
                                                                        "Parallel Aware": false,
                                                                        "Scan Direction": "Forward",
                                                                        "Index Name": "company_name_pkey",
                                                                        "Relation Name": "company_name",
                                                                        "Schema": "public",
                                                                        "Alias": "cn",
                                                                        "Startup Cost": 0.42,
                                                                        "Total Cost": 0.45,
                                                                        "Plan Rows": 1,
                                                                        "Plan Width": 4,
                                                                        "Actual Startup Time": 0.022,
                                                                        "Actual Total Time": 0.022,
                                                                        "Actual Rows": 1,
                                                                        "Actual Loops": 2884,
                                                                        "Output": [
                                                                            "cn.id",
                                                                            "cn.name",
                                                                            "cn.country_code",
                                                                            "cn.imdb_id",
                                                                            "cn.name_pcode_nf",
                                                                            "cn.name_pcode_sf",
                                                                            "cn.md5sum"
                                                                        ],
                                                                        "Index Cond": "(cn.id = mc.company_id)",
                                                                        "Rows Removed by Index Recheck": 0,
                                                                        "Filter": "((cn.country_code)::text = '[us]'::text)",
                                                                        "Rows Removed by Filter": 0,
                                                                        "Workers": [
                                                                            {
                                                                                "Worker Number": 0,
                                                                                "Actual Startup Time": 0.024,
                                                                                "Actual Total Time": 0.024,
                                                                                "Actual Rows": 1,
                                                                                "Actual Loops": 507
                                                                            },
                                                                            {
                                                                                "Worker Number": 1,
                                                                                "Actual Startup Time": 0.023,
                                                                                "Actual Total Time": 0.023,
                                                                                "Actual Rows": 1,
                                                                                "Actual Loops": 525
                                                                            },
                                                                            {
                                                                                "Worker Number": 2,
                                                                                "Actual Startup Time": 0.024,
                                                                                "Actual Total Time": 0.024,
                                                                                "Actual Rows": 1,
                                                                                "Actual Loops": 477
                                                                            },
                                                                            {
                                                                                "Worker Number": 3,
                                                                                "Actual Startup Time": 0.026,
                                                                                "Actual Total Time": 0.026,
                                                                                "Actual Rows": 1,
                                                                                "Actual Loops": 426
                                                                            },
                                                                            {
                                                                                "Worker Number": 4,
                                                                                "Actual Startup Time": 0.025,
                                                                                "Actual Total Time": 0.025,
                                                                                "Actual Rows": 1,
                                                                                "Actual Loops": 509
                                                                            }
                                                                        ]
                                                                    }
                                                                ]
                                                            },
                                                            {
                                                                "Node Type": "Index Only Scan",
                                                                "Parent Relationship": "Inner",
                                                                "Parallel Aware": false,
                                                                "Scan Direction": "Forward",
                                                                "Index Name": "company_type_pkey",
                                                                "Relation Name": "company_type",
                                                                "Schema": "public",
                                                                "Alias": "ct",
                                                                "Startup Cost": 0.13,
                                                                "Total Cost": 0.15,
                                                                "Plan Rows": 1,
                                                                "Plan Width": 4,
                                                                "Actual Startup Time": 0.004,
                                                                "Actual Total Time": 0.004,
                                                                "Actual Rows": 1,
                                                                "Actual Loops": 2647,
                                                                "Output": [
                                                                    "ct.id"
                                                                ],
                                                                "Index Cond": "(ct.id = mc.company_type_id)",
                                                                "Rows Removed by Index Recheck": 0,
                                                                "Heap Fetches": 2647,
                                                                "Workers": [
                                                                    {
                                                                        "Worker Number": 0,
                                                                        "Actual Startup Time": 0.005,
                                                                        "Actual Total Time": 0.005,
                                                                        "Actual Rows": 1,
                                                                        "Actual Loops": 463
                                                                    },
                                                                    {
                                                                        "Worker Number": 1,
                                                                        "Actual Startup Time": 0.005,
                                                                        "Actual Total Time": 0.005,
                                                                        "Actual Rows": 1,
                                                                        "Actual Loops": 481
                                                                    },
                                                                    {
                                                                        "Worker Number": 2,
                                                                        "Actual Startup Time": 0.005,
                                                                        "Actual Total Time": 0.005,
                                                                        "Actual Rows": 1,
                                                                        "Actual Loops": 429
                                                                    },
                                                                    {
                                                                        "Worker Number": 3,
                                                                        "Actual Startup Time": 0.005,
                                                                        "Actual Total Time": 0.005,
                                                                        "Actual Rows": 1,
                                                                        "Actual Loops": 398
                                                                    },
                                                                    {
                                                                        "Worker Number": 4,
                                                                        "Actual Startup Time": 0.005,
                                                                        "Actual Total Time": 0.005,
                                                                        "Actual Rows": 1,
                                                                        "Actual Loops": 468
                                                                    }
                                                                ]
                                                            }
                                                        ]
                                                    },
                                                    {
                                                        "Node Type": "Index Scan",
                                                        "Parent Relationship": "Inner",
                                                        "Parallel Aware": false,
                                                        "Scan Direction": "Forward",
                                                        "Index Name": "movie_id_movie_keyword",
                                                        "Relation Name": "movie_keyword",
                                                        "Schema": "public",
                                                        "Alias": "mk",
                                                        "Startup Cost": 0.43,
                                                        "Total Cost": 1.34,
                                                        "Plan Rows": 46,
                                                        "Plan Width": 8,
                                                        "Actual Startup Time": 2.686,
                                                        "Actual Total Time": 2.688,
                                                        "Actual Rows": 3,
                                                        "Actual Loops": 2647,
                                                        "Output": [
                                                            "mk.id",
                                                            "mk.movie_id",
                                                            "mk.keyword_id"
                                                        ],
                                                        "Index Cond": "(mk.movie_id = t.id)",
                                                        "Rows Removed by Index Recheck": 0,
                                                        "Workers": [
                                                            {
                                                                "Worker Number": 0,
                                                                "Actual Startup Time": 2.49,
                                                                "Actual Total Time": 2.492,
                                                                "Actual Rows": 3,
                                                                "Actual Loops": 463
                                                            },
                                                            {
                                                                "Worker Number": 1,
                                                                "Actual Startup Time": 2.563,
                                                                "Actual Total Time": 2.565,
                                                                "Actual Rows": 3,
                                                                "Actual Loops": 481
                                                            },
                                                            {
                                                                "Worker Number": 2,
                                                                "Actual Startup Time": 2.597,
                                                                "Actual Total Time": 2.601,
                                                                "Actual Rows": 4,
                                                                "Actual Loops": 429
                                                            },
                                                            {
                                                                "Worker Number": 3,
                                                                "Actual Startup Time": 3.127,
                                                                "Actual Total Time": 3.129,
                                                                "Actual Rows": 3,
                                                                "Actual Loops": 398
                                                            },
                                                            {
                                                                "Worker Number": 4,
                                                                "Actual Startup Time": 2.484,
                                                                "Actual Total Time": 2.485,
                                                                "Actual Rows": 2,
                                                                "Actual Loops": 468
                                                            }
                                                        ]
                                                    }
                                                ]
                                            },
                                            {
                                                "Node Type": "Index Only Scan",
                                                "Parent Relationship": "Inner",
                                                "Parallel Aware": false,
                                                "Scan Direction": "Forward",
                                                "Index Name": "keyword_pkey",
                                                "Relation Name": "keyword",
                                                "Schema": "public",
                                                "Alias": "k",
                                                "Startup Cost": 0.42,
                                                "Total Cost": 0.44,
                                                "Plan Rows": 1,
                                                "Plan Width": 4,
                                                "Actual Startup Time": 0.057,
                                                "Actual Total Time": 0.057,
                                                "Actual Rows": 1,
                                                "Actual Loops": 7964,
                                                "Output": [
                                                    "k.id"
                                                ],
                                                "Index Cond": "(k.id = mk.keyword_id)",
                                                "Rows Removed by Index Recheck": 0,
                                                "Heap Fetches": 7964,
                                                "Workers": [
                                                    {
                                                        "Worker Number": 0,
                                                        "Actual Startup Time": 0.044,
                                                        "Actual Total Time": 0.044,
                                                        "Actual Rows": 1,
                                                        "Actual Loops": 1419
                                                    },
                                                    {
                                                        "Worker Number": 1,
                                                        "Actual Startup Time": 0.017,
                                                        "Actual Total Time": 0.017,
                                                        "Actual Rows": 1,
                                                        "Actual Loops": 1225
                                                    },
                                                    {
                                                        "Worker Number": 2,
                                                        "Actual Startup Time": 0.073,
                                                        "Actual Total Time": 0.073,
                                                        "Actual Rows": 1,
                                                        "Actual Loops": 1814
                                                    },
                                                    {
                                                        "Worker Number": 3,
                                                        "Actual Startup Time": 0.054,
                                                        "Actual Total Time": 0.054,
                                                        "Actual Rows": 1,
                                                        "Actual Loops": 997
                                                    },
                                                    {
                                                        "Worker Number": 4,
                                                        "Actual Startup Time": 0.092,
                                                        "Actual Total Time": 0.092,
                                                        "Actual Rows": 1,
                                                        "Actual Loops": 929
                                                    }
                                                ]
                                            }
                                        ]
                                    },
                                    {
                                        "Node Type": "Index Only Scan",
                                        "Parent Relationship": "Inner",
                                        "Parallel Aware": false,
                                        "Scan Direction": "Forward",
                                        "Index Name": "movie_id_aka_title",
                                        "Relation Name": "aka_title",
                                        "Schema": "public",
                                        "Alias": "at",
                                        "Startup Cost": 0.42,
                                        "Total Cost": 0.48,
                                        "Plan Rows": 3,
                                        "Plan Width": 4,
                                        "Actual Startup Time": 0.005,
                                        "Actual Total Time": 0.006,
                                        "Actual Rows": 0,
                                        "Actual Loops": 7964,
                                        "Output": [
                                            "at.movie_id"
                                        ],
                                        "Index Cond": "(at.movie_id = mk.movie_id)",
                                        "Rows Removed by Index Recheck": 0,
                                        "Heap Fetches": 2271,
                                        "Workers": [
                                            {
                                                "Worker Number": 0,
                                                "Actual Startup Time": 0.006,
                                                "Actual Total Time": 0.006,
                                                "Actual Rows": 0,
                                                "Actual Loops": 1419
                                            },
                                            {
                                                "Worker Number": 1,
                                                "Actual Startup Time": 0.006,
                                                "Actual Total Time": 0.006,
                                                "Actual Rows": 0,
                                                "Actual Loops": 1225
                                            },
                                            {
                                                "Worker Number": 2,
                                                "Actual Startup Time": 0.005,
                                                "Actual Total Time": 0.005,
                                                "Actual Rows": 0,
                                                "Actual Loops": 1814
                                            },
                                            {
                                                "Worker Number": 3,
                                                "Actual Startup Time": 0.006,
                                                "Actual Total Time": 0.006,
                                                "Actual Rows": 0,
                                                "Actual Loops": 997
                                            },
                                            {
                                                "Worker Number": 4,
                                                "Actual Startup Time": 0.006,
                                                "Actual Total Time": 0.007,
                                                "Actual Rows": 0,
                                                "Actual Loops": 929
                                            }
                                        ]
                                    }
                                ]
                            }
                        ]
                    }
                ]
            }
        ]
    },
    "Planning Time": 26.31,
    "Triggers": [],
    "Execution Time": 4360.21
}