{
  "Plan": {
    "Node Type": "Aggregate",
    "Strategy": "Plain",
    "Partial Mode": "Finalize",
    "Parallel Aware": false,
    "Startup Cost": 318814.85,
    "Total Cost": 318814.86,
    "Plan Rows": 1,
    "Plan Width": 8,
    "Actual Startup Time": 2333.055,
    "Actual Total Time": 2363.714,
    "Actual Rows": 1,
    "Actual Loops": 1,
    "Plans": [
      {
        "Node Type": "Gather",
        "Parent Relationship": "Outer",
        "Parallel Aware": false,
        "Startup Cost": 318814.74,
        "Total Cost": 318814.85,
        "Plan Rows": 1,
        "Plan Width": 8,
        "Actual Startup Time": 2323.182,
        "Actual Total Time": 2363.704,
        "Actual Rows": 2,
        "Actual Loops": 1,
        "Workers Planned": 1,
        "Workers Launched": 1,
        "Single Copy": false,
        "Plans": [
          {
            "Node Type": "Aggregate",
            "Strategy": "Plain",
            "Partial Mode": "Partial",
            "Parent Relationship": "Outer",
            "Parallel Aware": false,
            "Startup Cost": 317814.74,
            "Total Cost": 317814.75,
            "Plan Rows": 1,
            "Plan Width": 8,
            "Actual Startup Time": 2315.62,
            "Actual Total Time": 2315.627,
            "Actual Rows": 1,
            "Actual Loops": 2,
            "Plans": [
              {
                "Node Type": "Hash Join",
                "Parent Relationship": "Outer",
                "Parallel Aware": true,
                "Join Type": "Inner",
                "Startup Cost": 271928.5,
                "Total Cost": 316027.36,
                "Plan Rows": 714954,
                "Plan Width": 0,
                "Actual Startup Time": 1115.005,
                "Actual Total Time": 2002.904,
                "Actual Rows": 6304100,
                "Actual Loops": 2,
                "Inner Unique": false,
                "Hash Cond": "(mc.movie_id = t.id)",
                "Plans": [
                  {
                    "Node Type": "Seq Scan",
                    "Parent Relationship": "Outer",
                    "Parallel Aware": true,
                    "Relation Name": "movie_companies",
                    "Alias": "mc",
                    "Startup Cost": 0.0,
                    "Total Cost": 34137.82,
                    "Plan Rows": 1534782,
                    "Plan Width": 4,
                    "Actual Startup Time": 0.022,
                    "Actual Total Time": 115.758,
                    "Actual Rows": 1304564,
                    "Actual Loops": 2
                  },
                  {
                    "Node Type": "Hash",
                    "Parent Relationship": "Inner",
                    "Parallel Aware": true,
                    "Startup Cost": 263268.46,
                    "Total Cost": 263268.46,
                    "Plan Rows": 692803,
                    "Plan Width": 8,
                    "Actual Startup Time": 1100.168,
                    "Actual Total Time": 1100.173,
                    "Actual Rows": 567600,
                    "Actual Loops": 2,
                    "Hash Buckets": 2097152,
                    "Original Hash Buckets": 2097152,
                    "Hash Batches": 1,
                    "Original Hash Batches": 1,
                    "Peak Memory Usage": 60832,
                    "Plans": [
                      {
                        "Node Type": "Hash Join",
                        "Parent Relationship": "Outer",
                        "Parallel Aware": true,
                        "Join Type": "Inner",
                        "Startup Cost": 90796.81,
                        "Total Cost": 263268.46,
                        "Plan Rows": 692803,
                        "Plan Width": 8,
                        "Actual Startup Time": 632.162,
                        "Actual Total Time": 948.41,
                        "Actual Rows": 567600,
                        "Actual Loops": 2,
                        "Inner Unique": true,
                        "Hash Cond": "(mi.movie_id = t.id)",
                        "Plans": [
                          {
                            "Node Type": "Bitmap Heap Scan",
                            "Parent Relationship": "Outer",
                            "Parallel Aware": true,
                            "Relation Name": "movie_info",
                            "Alias": "mi",
                            "Startup Cost": 21336.11,
                            "Total Cost": 191989.15,
                            "Plan Rows": 692803,
                            "Plan Width": 4,
                            "Actual Startup Time": 45.407,
                            "Actual Total Time": 154.452,
                            "Actual Rows": 567600,
                            "Actual Loops": 2,
                            "Recheck Cond": "(info_type_id > 57)",
                            "Rows Removed by Index Recheck": 0,
                            "Exact Heap Blocks": 21226,
                            "Lossy Heap Blocks": 0,
                            "Plans": [
                              {
                                "Node Type": "Bitmap Index Scan",
                                "Parent Relationship": "Outer",
                                "Parallel Aware": false,
                                "Index Name": "info_type_id_movie_info",
                                "Startup Cost": 0.0,
                                "Total Cost": 21041.67,
                                "Plan Rows": 1177765,
                                "Plan Width": 0,
                                "Actual Startup Time": 39.749,
                                "Actual Total Time": 39.749,
                                "Actual Rows": 1135201,
                                "Actual Loops": 1,
                                "Index Cond": "(info_type_id > 57)"
                              }
                            ]
                          },
                          {
                            "Node Type": "Hash",
                            "Parent Relationship": "Inner",
                            "Parallel Aware": true,
                            "Startup Cost": 50870.31,
                            "Total Cost": 50870.31,
                            "Plan Rows": 1487231,
                            "Plan Width": 4,
                            "Actual Startup Time": 572.688,
                            "Actual Total Time": 572.689,
                            "Actual Rows": 1264156,
                            "Actual Loops": 2,
                            "Hash Buckets": 4194304,
                            "Original Hash Buckets": 4194304,
                            "Hash Batches": 1,
                            "Original Hash Batches": 1,
                            "Peak Memory Usage": 131680,
                            "Plans": [
                              {
                                "Node Type": "Seq Scan",
                                "Parent Relationship": "Outer",
                                "Parallel Aware": true,
                                "Relation Name": "title",
                                "Alias": "t",
                                "Startup Cost": 0.0,
                                "Total Cost": 50870.31,
                                "Plan Rows": 1487231,
                                "Plan Width": 4,
                                "Actual Startup Time": 0.03,
                                "Actual Total Time": 180.703,
                                "Actual Rows": 1264156,
                                "Actual Loops": 2
                              }
                            ]
                          }
                        ]
                      }
                    ]
                  }
                ]
              }
            ]
          }
        ]
      }
    ]
  },
  "Planning Time": 0.905,
  "Triggers": [],
  "Execution Time": 2363.815
}