[
  {
    "Plan": {
      "Node Type": "Aggregate",
      "Strategy": "Plain",
      "Partial Mode": "Simple",
      "Parallel Aware": false,
      "Startup Cost": 523822.62,
      "Total Cost": 523822.63,
      "Plan Rows": 1,
      "Plan Width": 64,
      "Actual Startup Time": 4028.566,
      "Actual Total Time": 4150.226,
      "Actual Rows": 1,
      "Actual Loops": 1,
      "Plans": [
        {
          "Node Type": "Gather",
          "Parent Relationship": "Outer",
          "Parallel Aware": false,
          "Startup Cost": 479133.62,
          "Total Cost": 523822.61,
          "Plan Rows": 3,
          "Plan Width": 15,
          "Actual Startup Time": 3880.338,
          "Actual Total Time": 4149.532,
          "Actual Rows": 8137,
          "Actual Loops": 1,
          "Workers Planned": 4,
          "Workers Launched": 4,
          "Single Copy": false,
          "Plans": [
            {
              "Node Type": "Hash Join",
              "Parent Relationship": "Outer",
              "Parallel Aware": true,
              "Join Type": "Inner",
              "Startup Cost": 478133.62,
              "Total Cost": 522822.31,
              "Plan Rows": 1,
              "Plan Width": 15,
              "Actual Startup Time": 3873.246,
              "Actual Total Time": 4013.221,
              "Actual Rows": 1627,
              "Actual Loops": 5,
              "Inner Unique": false,
              "Hash Cond": "(t.id = ci.movie_id)",
              "Plans": [
                {
                  "Node Type": "Seq Scan",
                  "Parent Relationship": "Outer",
                  "Parallel Aware": true,
                  "Relation Name": "title",
                  "Alias": "t",
                  "Startup Cost": 0.0,
                  "Total Cost": 42318.49,
                  "Plan Rows": 632049,
                  "Plan Width": 4,
                  "Actual Startup Time": 0.031,
                  "Actual Total Time": 86.402,
                  "Actual Rows": 505662,
                  "Actual Loops": 5
                },
                {
                  "Node Type": "Hash",
                  "Parent Relationship": "Inner",
                  "Parallel Aware": true,
                  "Startup Cost": 478133.61,
                  "Total Cost": 478133.61,
                  "Plan Rows": 1,
                  "Plan Width": 27,
                  "Actual Startup Time": 3864.53,
                  "Actual Total Time": 3864.543,
                  "Actual Rows": 1627,
                  "Actual Loops": 5,
                  "Hash Buckets": 8192,
                  "Original Hash Buckets": 1024,
                  "Hash Batches": 1,
                  "Original Hash Batches": 1,
                  "Peak Memory Usage": 728,
                  "Plans": [
                    {
                      "Node Type": "Hash Join",
                      "Parent Relationship": "Outer",
                      "Parallel Aware": true,
                      "Join Type": "Inner",
                      "Startup Cost": 148757.41,
                      "Total Cost": 478133.61,
                      "Plan Rows": 1,
                      "Plan Width": 27,
                      "Actual Startup Time": 932.79,
                      "Actual Total Time": 2369.934,
                      "Actual Rows": 1627,
                      "Actual Loops": 5,
                      "Inner Unique": false,
                      "Hash Cond": "(ci.movie_id = mk.movie_id)",
                      "Plans": [
                        {
                          "Node Type": "Hash Join",
                          "Parent Relationship": "Outer",
                          "Parallel Aware": true,
                          "Join Type": "Inner",
                          "Startup Cost": 68898.66,
                          "Total Cost": 397817.42,
                          "Plan Rows": 121982,
                          "Plan Width": 19,
                          "Actual Startup Time": 445.149,
                          "Actual Total Time": 1860.26,
                          "Actual Rows": 160863,
                          "Actual Loops": 5,
                          "Inner Unique": true,
                          "Hash Cond": "(ci.person_id = n.id)",
                          "Plans": [
                            {
                              "Node Type": "Seq Scan",
                              "Parent Relationship": "Outer",
                              "Parallel Aware": true,
                              "Relation Name": "cast_info",
                              "Alias": "ci",
                              "Startup Cost": 0.0,
                              "Total Cost": 313068.58,
                              "Plan Rows": 6038158,
                              "Plan Width": 8,
                              "Actual Startup Time": 0.022,
                              "Actual Total Time": 908.939,
                              "Actual Rows": 7248869,
                              "Actual Loops": 5
                            },
                            {
                              "Node Type": "Hash",
                              "Parent Relationship": "Inner",
                              "Parallel Aware": true,
                              "Startup Cost": 68635.58,
                              "Total Cost": 68635.58,
                              "Plan Rows": 21046,
                              "Plan Width": 19,
                              "Actual Startup Time": 172.576,
                              "Actual Total Time": 172.577,
                              "Actual Rows": 20229,
                              "Actual Loops": 5,
                              "Hash Buckets": 131072,
                              "Original Hash Buckets": 131072,
                              "Hash Batches": 1,
                              "Original Hash Batches": 1,
                              "Peak Memory Usage": 6560,
                              "Plans": [
                                {
                                  "Node Type": "Seq Scan",
                                  "Parent Relationship": "Outer",
                                  "Parallel Aware": true,
                                  "Relation Name": "name",
                                  "Alias": "n",
                                  "Startup Cost": 0.0,
                                  "Total Cost": 68635.58,
                                  "Plan Rows": 21046,
                                  "Plan Width": 19,
                                  "Actual Startup Time": 30.209,
                                  "Actual Total Time": 157.36,
                                  "Actual Rows": 20229,
                                  "Actual Loops": 5,
                                  "Filter": "(name ~~ 'J%'::text)",
                                  "Rows Removed by Filter": 813269
                                }
                              ]
                            }
                          ]
                        },
                        {
                          "Node Type": "Hash",
                          "Parent Relationship": "Inner",
                          "Parallel Aware": true,
                          "Startup Cost": 79858.71,
                          "Total Cost": 79858.71,
                          "Plan Rows": 3,
                          "Plan Width": 8,
                          "Actual Startup Time": 487.197,
                          "Actual Total Time": 487.205,
                          "Actual Rows": 1573,
                          "Actual Loops": 5,
                          "Hash Buckets": 8192,
                          "Original Hash Buckets": 1024,
                          "Hash Batches": 1,
                          "Original Hash Batches": 1,
                          "Peak Memory Usage": 504,
                          "Plans": [
                            {
                              "Node Type": "Hash Join",
                              "Parent Relationship": "Outer",
                              "Parallel Aware": true,
                              "Join Type": "Inner",
                              "Startup Cost": 50303.59,
                              "Total Cost": 79858.71,
                              "Plan Rows": 3,
                              "Plan Width": 8,
                              "Actual Startup Time": 313.734,
                              "Actual Total Time": 458.181,
                              "Actual Rows": 1573,
                              "Actual Loops": 5,
                              "Inner Unique": false,
                              "Hash Cond": "(mc.movie_id = mk.movie_id)",
                              "Plans": [
                                {
                                  "Node Type": "Hash Join",
                                  "Parent Relationship": "Outer",
                                  "Parallel Aware": true,
                                  "Join Type": "Inner",
                                  "Startup Cost": 4799.12,
                                  "Total Cost": 34215.05,
                                  "Plan Rows": 37116,
                                  "Plan Width": 4,
                                  "Actual Startup Time": 14.699,
                                  "Actual Total Time": 154.562,
                                  "Actual Rows": 24875,
                                  "Actual Loops": 5,
                                  "Inner Unique": true,
                                  "Hash Cond": "(mc.company_id = cn.id)",
                                  "Plans": [
                                    {
                                      "Node Type": "Seq Scan",
                                      "Parent Relationship": "Outer",
                                      "Parallel Aware": true,
                                      "Relation Name": "movie_companies",
                                      "Alias": "mc",
                                      "Startup Cost": 0.0,
                                      "Total Cost": 27206.55,
                                      "Plan Rows": 841655,
                                      "Plan Width": 8,
                                      "Actual Startup Time": 0.018,
                                      "Actual Total Time": 74.18,
                                      "Actual Rows": 521826,
                                      "Actual Loops": 5
                                    },
                                    {
                                      "Node Type": "Hash",
                                      "Parent Relationship": "Inner",
                                      "Parallel Aware": true,
                                      "Startup Cost": 4722.92,
                                      "Total Cost": 4722.92,
                                      "Plan Rows": 6096,
                                      "Plan Width": 4,
                                      "Actual Startup Time": 14.347,
                                      "Actual Total Time": 14.348,
                                      "Actual Rows": 2079,
                                      "Actual Loops": 5,
                                      "Hash Buckets": 16384,
                                      "Original Hash Buckets": 16384,
                                      "Hash Batches": 1,
                                      "Original Hash Batches": 1,
                                      "Peak Memory Usage": 608,
                                      "Plans": [
                                        {
                                          "Node Type": "Seq Scan",
                                          "Parent Relationship": "Outer",
                                          "Parallel Aware": true,
                                          "Relation Name": "company_name",
                                          "Alias": "cn",
                                          "Startup Cost": 0.0,
                                          "Total Cost": 4722.92,
                                          "Plan Rows": 6096,
                                          "Plan Width": 4,
                                          "Actual Startup Time": 0.039,
                                          "Actual Total Time": 12.531,
                                          "Actual Rows": 2079,
                                          "Actual Loops": 5,
                                          "Filter": "((country_code)::text = '[fr]'::text)",
                                          "Rows Removed by Filter": 44921
                                        }
                                      ]
                                    }
                                  ]
                                },
                                {
                                  "Node Type": "Hash",
                                  "Parent Relationship": "Inner",
                                  "Parallel Aware": true,
                                  "Startup Cost": 45504.33,
                                  "Total Cost": 45504.33,
                                  "Plan Rows": 11,
                                  "Plan Width": 4,
                                  "Actual Startup Time": 298.148,
                                  "Actual Total Time": 298.151,
                                  "Actual Rows": 8368,
                                  "Actual Loops": 5,
                                  "Hash Buckets": 65536,
                                  "Original Hash Buckets": 1024,
                                  "Hash Batches": 1,
                                  "Original Hash Batches": 1,
                                  "Peak Memory Usage": 2776,
                                  "Plans": [
                                    {
                                      "Node Type": "Hash Join",
                                      "Parent Relationship": "Outer",
                                      "Parallel Aware": false,
                                      "Join Type": "Inner",
                                      "Startup Cost": 2626.14,
                                      "Total Cost": 45504.33,
                                      "Plan Rows": 11,
                                      "Plan Width": 4,
                                      "Actual Startup Time": 27.482,
                                      "Actual Total Time": 242.457,
                                      "Actual Rows": 8368,
                                      "Actual Loops": 5,
                                      "Inner Unique": true,
                                      "Hash Cond": "(mk.keyword_id = k.id)",
                                      "Plans": [
                                        {
                                          "Node Type": "Seq Scan",
                                          "Parent Relationship": "Outer",
                                          "Parallel Aware": true,
                                          "Relation Name": "movie_keyword",
                                          "Alias": "mk",
                                          "Startup Cost": 0.0,
                                          "Total Cost": 39047.32,
                                          "Plan Rows": 1459332,
                                          "Plan Width": 8,
                                          "Actual Startup Time": 0.059,
                                          "Actual Total Time": 125.225,
                                          "Actual Rows": 904786,
                                          "Actual Loops": 5
                                        },
                                        {
                                          "Node Type": "Hash",
                                          "Parent Relationship": "Inner",
                                          "Parallel Aware": false,
                                          "Startup Cost": 2626.12,
                                          "Total Cost": 2626.12,
                                          "Plan Rows": 1,
                                          "Plan Width": 4,
                                          "Actual Startup Time": 27.328,
                                          "Actual Total Time": 27.329,
                                          "Actual Rows": 1,
                                          "Actual Loops": 5,
                                          "Hash Buckets": 1024,
                                          "Original Hash Buckets": 1024,
                                          "Hash Batches": 1,
                                          "Original Hash Batches": 1,
                                          "Peak Memory Usage": 9,
                                          "Plans": [
                                            {
                                              "Node Type": "Seq Scan",
                                              "Parent Relationship": "Outer",
                                              "Parallel Aware": false,
                                              "Relation Name": "keyword",
                                              "Alias": "k",
                                              "Startup Cost": 0.0,
                                              "Total Cost": 2626.12,
                                              "Plan Rows": 1,
                                              "Plan Width": 4,
                                              "Actual Startup Time": 2.1,
                                              "Actual Total Time": 27.297,
                                              "Actual Rows": 1,
                                              "Actual Loops": 5,
                                              "Filter": "(keyword = 'character-name-in-title'::text)",
                                              "Rows Removed by Filter": 134169
                                            }
                                          ]
                                        }
                                      ]
                                    }
                                  ]
                                }
                              ]
                            }
                          ]
                        }
                      ]
                    }
                  ]
                }
              ]
            }
          ]
        }
      ]
    },
    "Planning Time": 13.584,
    "Triggers": [],
    "Execution Time": 4150.656
  }
]