[
  {
    "Plan": {
      "Node Type": "Aggregate",
      "Strategy": "Plain",
      "Partial Mode": "Finalize",
      "Parallel Aware": false,
      "Startup Cost": 31181.49,
      "Total Cost": 31181.5,
      "Plan Rows": 1,
      "Plan Width": 8,
      "Actual Startup Time": 85.866,
      "Actual Total Time": 93.88,
      "Actual Rows": 1,
      "Actual Loops": 1,
      "Plans": [
        {
          "Node Type": "Gather",
          "Parent Relationship": "Outer",
          "Parallel Aware": false,
          "Startup Cost": 31181.17,
          "Total Cost": 31181.48,
          "Plan Rows": 3,
          "Plan Width": 8,
          "Actual Startup Time": 85.702,
          "Actual Total Time": 93.873,
          "Actual Rows": 4,
          "Actual Loops": 1,
          "Workers Planned": 3,
          "Workers Launched": 3,
          "Single Copy": false,
          "Plans": [
            {
              "Node Type": "Aggregate",
              "Strategy": "Plain",
              "Partial Mode": "Partial",
              "Parent Relationship": "Outer",
              "Parallel Aware": false,
              "Startup Cost": 30181.17,
              "Total Cost": 30181.18,
              "Plan Rows": 1,
              "Plan Width": 8,
              "Actual Startup Time": 82.423,
              "Actual Total Time": 82.424,
              "Actual Rows": 1,
              "Actual Loops": 4,
              "Plans": [
                {
                  "Node Type": "Seq Scan",
                  "Parent Relationship": "Outer",
                  "Parallel Aware": true,
                  "Relation Name": "movie_companies",
                  "Alias": "mc",
                  "Startup Cost": 0.0,
                  "Total Cost": 29310.68,
                  "Plan Rows": 348195,
                  "Plan Width": 0,
                  "Actual Startup Time": 14.327,
                  "Actual Total Time": 71.004,
                  "Actual Rows": 267727,
                  "Actual Loops": 4,
                  "Filter": "(company_id > 14490)",
                  "Rows Removed by Filter": 384555
                }
              ]
            }
          ]
        }
      ]
    },
    "Planning Time": 0.18,
    "Triggers": [],
    "Execution Time": 93.932
  }
]