[
    {
        "Bao": {
            "Bao prediction": "NaN",
            "Bao recommended hint": "(no hint)"
        }
    },
    {
        "Plan": {
            "Node Type": "Aggregate",
            "Strategy": "Plain",
            "Partial Mode": "Finalize",
            "Parallel Aware": false,
            "Startup Cost": 32676.81,
            "Total Cost": 32676.82,
            "Plan Rows": 1,
            "Plan Width": 8,
            "Actual Startup Time": 74.331,
            "Actual Total Time": 77.983,
            "Actual Rows": 1,
            "Actual Loops": 1,
            "Output": [
                "count(*)"
            ],
            "Plans": [
                {
                    "Node Type": "Gather",
                    "Parent Relationship": "Outer",
                    "Parallel Aware": false,
                    "Startup Cost": 32676.5,
                    "Total Cost": 32676.81,
                    "Plan Rows": 3,
                    "Plan Width": 8,
                    "Actual Startup Time": 74.199,
                    "Actual Total Time": 77.975,
                    "Actual Rows": 4,
                    "Actual Loops": 1,
                    "Output": [
                        "(PARTIAL count(*))"
                    ],
                    "Workers Planned": 3,
                    "Workers Launched": 3,
                    "Single Copy": false,
                    "Plans": [
                        {
                            "Node Type": "Aggregate",
                            "Strategy": "Plain",
                            "Partial Mode": "Partial",
                            "Parent Relationship": "Outer",
                            "Parallel Aware": false,
                            "Startup Cost": 31676.5,
                            "Total Cost": 31676.51,
                            "Plan Rows": 1,
                            "Plan Width": 8,
                            "Actual Startup Time": 66.466,
                            "Actual Total Time": 66.467,
                            "Actual Rows": 1,
                            "Actual Loops": 4,
                            "Output": [
                                "PARTIAL count(*)"
                            ],
                            "Workers": [
                                {
                                    "Worker Number": 0,
                                    "Actual Startup Time": 63.71,
                                    "Actual Total Time": 63.711,
                                    "Actual Rows": 1,
                                    "Actual Loops": 1
                                },
                                {
                                    "Worker Number": 1,
                                    "Actual Startup Time": 63.952,
                                    "Actual Total Time": 63.953,
                                    "Actual Rows": 1,
                                    "Actual Loops": 1
                                },
                                {
                                    "Worker Number": 2,
                                    "Actual Startup Time": 64.258,
                                    "Actual Total Time": 64.259,
                                    "Actual Rows": 1,
                                    "Actual Loops": 1
                                }
                            ],
                            "Plans": [
                                {
                                    "Node Type": "Seq Scan",
                                    "Parent Relationship": "Outer",
                                    "Parallel Aware": true,
                                    "Relation Name": "movie_companies",
                                    "Schema": "public",
                                    "Alias": "mc",
                                    "Startup Cost": 0.0,
                                    "Total Cost": 31414.82,
                                    "Plan Rows": 104671,
                                    "Plan Width": 0,
                                    "Actual Startup Time": 39.055,
                                    "Actual Total Time": 64.587,
                                    "Actual Rows": 44426,
                                    "Actual Loops": 4,
                                    "Output": [
                                        "id",
                                        "movie_id",
                                        "company_id",
                                        "company_type_id",
                                        "note"
                                    ],
                                    "Filter": "((mc.company_id < 846) AND (mc.company_type_id > 1))",
                                    "Rows Removed by Filter": 607856,
                                    "Workers": [
                                        {
                                            "Worker Number": 0,
                                            "Actual Startup Time": 36.299,
                                            "Actual Total Time": 61.881,
                                            "Actual Rows": 42136,
                                            "Actual Loops": 1
                                        },
                                        {
                                            "Worker Number": 1,
                                            "Actual Startup Time": 36.547,
                                            "Actual Total Time": 62.121,
                                            "Actual Rows": 41501,
                                            "Actual Loops": 1
                                        },
                                        {
                                            "Worker Number": 2,
                                            "Actual Startup Time": 36.846,
                                            "Actual Total Time": 62.427,
                                            "Actual Rows": 42215,
                                            "Actual Loops": 1
                                        }
                                    ]
                                }
                            ]
                        }
                    ]
                }
            ]
        },
        "Planning Time": 178.209,
        "Triggers": [],
        "Execution Time": 78.038
    }
]