[
    {
        "Bao": {
            "Bao prediction": "NaN",
            "Bao recommended hint": "(no hint)"
        }
    },
    {
        "Plan": {
            "Node Type": "Aggregate",
            "Strategy": "Plain",
            "Partial Mode": "Finalize",
            "Parallel Aware": false,
            "Startup Cost": 307148.66,
            "Total Cost": 307148.67,
            "Plan Rows": 1,
            "Plan Width": 8,
            "Actual Startup Time": 172.364,
            "Actual Total Time": 177.644,
            "Actual Rows": 1,
            "Actual Loops": 1,
            "Output": [
                "count(*)"
            ],
            "Plans": [
                {
                    "Node Type": "Gather",
                    "Parent Relationship": "Outer",
                    "Parallel Aware": false,
                    "Startup Cost": 307148.04,
                    "Total Cost": 307148.65,
                    "Plan Rows": 6,
                    "Plan Width": 8,
                    "Actual Startup Time": 171.864,
                    "Actual Total Time": 177.636,
                    "Actual Rows": 7,
                    "Actual Loops": 1,
                    "Output": [
                        "(PARTIAL count(*))"
                    ],
                    "Workers Planned": 6,
                    "Workers Launched": 6,
                    "Single Copy": false,
                    "Plans": [
                        {
                            "Node Type": "Aggregate",
                            "Strategy": "Plain",
                            "Partial Mode": "Partial",
                            "Parent Relationship": "Outer",
                            "Parallel Aware": false,
                            "Startup Cost": 306148.04,
                            "Total Cost": 306148.05,
                            "Plan Rows": 1,
                            "Plan Width": 8,
                            "Actual Startup Time": 161.371,
                            "Actual Total Time": 161.372,
                            "Actual Rows": 1,
                            "Actual Loops": 7,
                            "Output": [
                                "PARTIAL count(*)"
                            ],
                            "Workers": [
                                {
                                    "Worker Number": 0,
                                    "Actual Startup Time": 158.879,
                                    "Actual Total Time": 158.88,
                                    "Actual Rows": 1,
                                    "Actual Loops": 1
                                },
                                {
                                    "Worker Number": 1,
                                    "Actual Startup Time": 159.4,
                                    "Actual Total Time": 159.402,
                                    "Actual Rows": 1,
                                    "Actual Loops": 1
                                },
                                {
                                    "Worker Number": 2,
                                    "Actual Startup Time": 159.607,
                                    "Actual Total Time": 159.609,
                                    "Actual Rows": 1,
                                    "Actual Loops": 1
                                },
                                {
                                    "Worker Number": 3,
                                    "Actual Startup Time": 159.76,
                                    "Actual Total Time": 159.761,
                                    "Actual Rows": 1,
                                    "Actual Loops": 1
                                },
                                {
                                    "Worker Number": 4,
                                    "Actual Startup Time": 160.279,
                                    "Actual Total Time": 160.28,
                                    "Actual Rows": 1,
                                    "Actual Loops": 1
                                },
                                {
                                    "Worker Number": 5,
                                    "Actual Startup Time": 160.582,
                                    "Actual Total Time": 160.584,
                                    "Actual Rows": 1,
                                    "Actual Loops": 1
                                }
                            ],
                            "Plans": [
                                {
                                    "Node Type": "Bitmap Heap Scan",
                                    "Parent Relationship": "Outer",
                                    "Parallel Aware": true,
                                    "Relation Name": "cast_info",
                                    "Schema": "public",
                                    "Alias": "ci",
                                    "Startup Cost": 47480.17,
                                    "Total Cost": 305565.12,
                                    "Plan Rows": 233168,
                                    "Plan Width": 0,
                                    "Actual Startup Time": 126.069,
                                    "Actual Total Time": 156.905,
                                    "Actual Rows": 88192,
                                    "Actual Loops": 7,
                                    "Recheck Cond": "(ci.person_id < 211974)",
                                    "Rows Removed by Index Recheck": 0,
                                    "Filter": "(ci.role_id > 1)",
                                    "Rows Removed by Filter": 220420,
                                    "Exact Heap Blocks": 5868,
                                    "Lossy Heap Blocks": 0,
                                    "Workers": [
                                        {
                                            "Worker Number": 0,
                                            "Actual Startup Time": 123.655,
                                            "Actual Total Time": 154.296,
                                            "Actual Rows": 65824,
                                            "Actual Loops": 1
                                        },
                                        {
                                            "Worker Number": 1,
                                            "Actual Startup Time": 124.081,
                                            "Actual Total Time": 154.883,
                                            "Actual Rows": 65202,
                                            "Actual Loops": 1
                                        },
                                        {
                                            "Worker Number": 2,
                                            "Actual Startup Time": 124.289,
                                            "Actual Total Time": 155.077,
                                            "Actual Rows": 65610,
                                            "Actual Loops": 1
                                        },
                                        {
                                            "Worker Number": 3,
                                            "Actual Startup Time": 124.442,
                                            "Actual Total Time": 155.444,
                                            "Actual Rows": 98835,
                                            "Actual Loops": 1
                                        },
                                        {
                                            "Worker Number": 4,
                                            "Actual Startup Time": 124.986,
                                            "Actual Total Time": 156.154,
                                            "Actual Rows": 97046,
                                            "Actual Loops": 1
                                        },
                                        {
                                            "Worker Number": 5,
                                            "Actual Startup Time": 125.268,
                                            "Actual Total Time": 156.456,
                                            "Actual Rows": 97399,
                                            "Actual Loops": 1
                                        }
                                    ],
                                    "Plans": [
                                        {
                                            "Node Type": "Bitmap Index Scan",
                                            "Parent Relationship": "Outer",
                                            "Parallel Aware": false,
                                            "Index Name": "person_id_cast_info",
                                            "Startup Cost": 0.0,
                                            "Total Cost": 47130.42,
                                            "Plan Rows": 2159180,
                                            "Plan Width": 0,
                                            "Actual Startup Time": 76.772,
                                            "Actual Total Time": 76.772,
                                            "Actual Rows": 2160284,
                                            "Actual Loops": 1,
                                            "Index Cond": "(ci.person_id < 211974)"
                                        }
                                    ]
                                }
                            ]
                        }
                    ]
                }
            ]
        },
        "Planning Time": 223.589,
        "Triggers": [],
        "Execution Time": 177.745
    }
]