{
  "Plan": {
    "Node Type": "Aggregate",
    "Strategy": "Plain",
    "Partial Mode": "Finalize",
    "Parallel Aware": false,
    "Startup Cost": 1934561.95,
    "Total Cost": 1934561.96,
    "Plan Rows": 1,
    "Plan Width": 8,
    "Actual Startup Time": 39617.553,
    "Actual Total Time": 39836.626,
    "Actual Rows": 1,
    "Actual Loops": 1,
    "Plans": [
      {
        "Node Type": "Gather",
        "Parent Relationship": "Outer",
        "Parallel Aware": false,
        "Startup Cost": 1934561.84,
        "Total Cost": 1934561.95,
        "Plan Rows": 1,
        "Plan Width": 8,
        "Actual Startup Time": 39571.021,
        "Actual Total Time": 39836.611,
        "Actual Rows": 2,
        "Actual Loops": 1,
        "Workers Planned": 1,
        "Workers Launched": 1,
        "Single Copy": false,
        "Plans": [
          {
            "Node Type": "Aggregate",
            "Strategy": "Plain",
            "Partial Mode": "Partial",
            "Parent Relationship": "Outer",
            "Parallel Aware": false,
            "Startup Cost": 1933561.84,
            "Total Cost": 1933561.85,
            "Plan Rows": 1,
            "Plan Width": 8,
            "Actual Startup Time": 39522.694,
            "Actual Total Time": 39531.729,
            "Actual Rows": 1,
            "Actual Loops": 2,
            "Plans": [
              {
                "Node Type": "Hash Join",
                "Parent Relationship": "Outer",
                "Parallel Aware": true,
                "Join Type": "Inner",
                "Startup Cost": 831445.7,
                "Total Cost": 1735831.79,
                "Plan Rows": 79092022,
                "Plan Width": 0,
                "Actual Startup Time": 13764.377,
                "Actual Total Time": 33893.158,
                "Actual Rows": 141737244,
                "Actual Loops": 2,
                "Inner Unique": false,
                "Hash Cond": "(mi.movie_id = t.id)",
                "Plans": [
                  {
                    "Node Type": "Seq Scan",
                    "Parent Relationship": "Outer",
                    "Parallel Aware": true,
                    "Relation Name": "movie_info",
                    "Alias": "mi",
                    "Startup Cost": 0.0,
                    "Total Cost": 270696.42,
                    "Plan Rows": 7486332,
                    "Plan Width": 4,
                    "Actual Startup Time": 0.025,
                    "Actual Total Time": 839.318,
                    "Actual Rows": 6372326,
                    "Actual Loops": 2,
                    "Filter": "(info_type_id > 2)",
                    "Rows Removed by Filter": 1045534
                  },
                  {
                    "Node Type": "Hash",
                    "Parent Relationship": "Inner",
                    "Parallel Aware": true,
                    "Startup Cost": 635040.9,
                    "Total Cost": 635040.9,
                    "Plan Rows": 15712384,
                    "Plan Width": 8,
                    "Actual Startup Time": 13621.397,
                    "Actual Total Time": 13630.428,
                    "Actual Rows": 13973980,
                    "Actual Loops": 2,
                    "Hash Buckets": 33554432,
                    "Original Hash Buckets": 33554432,
                    "Hash Batches": 1,
                    "Original Hash Batches": 1,
                    "Peak Memory Usage": 1355488,
                    "Plans": [
                      {
                        "Node Type": "Hash Join",
                        "Parent Relationship": "Outer",
                        "Parallel Aware": true,
                        "Join Type": "Inner",
                        "Startup Cost": 72043.31,
                        "Total Cost": 635040.9,
                        "Plan Rows": 15712384,
                        "Plan Width": 8,
                        "Actual Startup Time": 616.877,
                        "Actual Total Time": 8779.775,
                        "Actual Rows": 13973980,
                        "Actual Loops": 2,
                        "Inner Unique": true,
                        "Hash Cond": "(ci.movie_id = t.id)",
                        "Plans": [
                          {
                            "Node Type": "Seq Scan",
                            "Parent Relationship": "Outer",
                            "Parallel Aware": true,
                            "Relation Name": "cast_info",
                            "Alias": "ci",
                            "Startup Cost": 0.0,
                            "Total Cost": 519069.44,
                            "Plan Rows": 16734500,
                            "Plan Width": 4,
                            "Actual Startup Time": 0.018,
                            "Actual Total Time": 2059.113,
                            "Actual Rows": 14265852,
                            "Actual Loops": 2,
                            "Filter": "(role_id < 7)",
                            "Rows Removed by Filter": 3856320
                          },
                          {
                            "Node Type": "Hash",
                            "Parent Relationship": "Inner",
                            "Parallel Aware": true,
                            "Startup Cost": 54588.39,
                            "Total Cost": 54588.39,
                            "Plan Rows": 1396394,
                            "Plan Width": 4,
                            "Actual Startup Time": 597.586,
                            "Actual Total Time": 597.587,
                            "Actual Rows": 1185479,
                            "Actual Loops": 2,
                            "Hash Buckets": 4194304,
                            "Original Hash Buckets": 4194304,
                            "Hash Batches": 1,
                            "Original Hash Batches": 1,
                            "Peak Memory Usage": 125568,
                            "Plans": [
                              {
                                "Node Type": "Seq Scan",
                                "Parent Relationship": "Outer",
                                "Parallel Aware": true,
                                "Relation Name": "title",
                                "Alias": "t",
                                "Startup Cost": 0.0,
                                "Total Cost": 54588.39,
                                "Plan Rows": 1396394,
                                "Plan Width": 4,
                                "Actual Startup Time": 0.055,
                                "Actual Total Time": 217.151,
                                "Actual Rows": 1185479,
                                "Actual Loops": 2,
                                "Filter": "(production_year > 1919)",
                                "Rows Removed by Filter": 78677
                              }
                            ]
                          }
                        ]
                      }
                    ]
                  }
                ]
              }
            ]
          }
        ]
      }
    ]
  },
  "Planning Time": 1.035,
  "Triggers": [],
  "Execution Time": 39836.847
}