[
  {
    "Plan": {
      "Node Type": "Aggregate",
      "Strategy": "Plain",
      "Partial Mode": "Finalize",
      "Parallel Aware": false,
      "Startup Cost": 27615.19,
      "Total Cost": 27615.2,
      "Plan Rows": 1,
      "Plan Width": 8,
      "Actual Startup Time": 39.333,
      "Actual Total Time": 42.854,
      "Actual Rows": 1,
      "Actual Loops": 1,
      "Plans": [
        {
          "Node Type": "Gather",
          "Parent Relationship": "Outer",
          "Parallel Aware": false,
          "Startup Cost": 27614.87,
          "Total Cost": 27615.18,
          "Plan Rows": 3,
          "Plan Width": 8,
          "Actual Startup Time": 39.225,
          "Actual Total Time": 42.848,
          "Actual Rows": 4,
          "Actual Loops": 1,
          "Workers Planned": 3,
          "Workers Launched": 3,
          "Single Copy": false,
          "Plans": [
            {
              "Node Type": "Aggregate",
              "Strategy": "Plain",
              "Partial Mode": "Partial",
              "Parent Relationship": "Outer",
              "Parallel Aware": false,
              "Startup Cost": 26614.87,
              "Total Cost": 26614.88,
              "Plan Rows": 1,
              "Plan Width": 8,
              "Actual Startup Time": 35.859,
              "Actual Total Time": 35.86,
              "Actual Rows": 1,
              "Actual Loops": 4,
              "Plans": [
                {
                  "Node Type": "Bitmap Heap Scan",
                  "Parent Relationship": "Outer",
                  "Parallel Aware": true,
                  "Relation Name": "movie_companies",
                  "Alias": "mc",
                  "Startup Cost": 6396.39,
                  "Total Cost": 26376.79,
                  "Plan Rows": 95232,
                  "Plan Width": 0,
                  "Actual Startup Time": 11.84,
                  "Actual Total Time": 32.109,
                  "Actual Rows": 72028,
                  "Actual Loops": 4,
                  "Recheck Cond": "(company_id > 95066)",
                  "Rows Removed by Index Recheck": 0,
                  "Exact Heap Blocks": 1999,
                  "Lossy Heap Blocks": 0,
                  "Plans": [
                    {
                      "Node Type": "Bitmap Index Scan",
                      "Parent Relationship": "Outer",
                      "Parallel Aware": false,
                      "Index Name": "company_id_movie_companies",
                      "Startup Cost": 0.0,
                      "Total Cost": 6322.58,
                      "Plan Rows": 295220,
                      "Plan Width": 0,
                      "Actual Startup Time": 13.967,
                      "Actual Total Time": 13.967,
                      "Actual Rows": 288110,
                      "Actual Loops": 1,
                      "Index Cond": "(company_id > 95066)"
                    }
                  ]
                }
              ]
            }
          ]
        }
      ]
    },
    "Planning Time": 0.186,
    "Triggers": [],
    "Execution Time": 42.923
  }
]