[
  {
    "Plan": {
      "Node Type": "Aggregate",
      "Strategy": "Plain",
      "Partial Mode": "Finalize",
      "Parallel Aware": false,
      "Startup Cost": 27513.46,
      "Total Cost": 27513.47,
      "Plan Rows": 1,
      "Plan Width": 8,
      "Actual Startup Time": 69.131,
      "Actual Total Time": 73.516,
      "Actual Rows": 1,
      "Actual Loops": 1,
      "Plans": [
        {
          "Node Type": "Gather",
          "Parent Relationship": "Outer",
          "Parallel Aware": false,
          "Startup Cost": 27513.14,
          "Total Cost": 27513.45,
          "Plan Rows": 3,
          "Plan Width": 8,
          "Actual Startup Time": 68.971,
          "Actual Total Time": 73.508,
          "Actual Rows": 4,
          "Actual Loops": 1,
          "Workers Planned": 3,
          "Workers Launched": 3,
          "Single Copy": false,
          "Plans": [
            {
              "Node Type": "Aggregate",
              "Strategy": "Plain",
              "Partial Mode": "Partial",
              "Parent Relationship": "Outer",
              "Parallel Aware": false,
              "Startup Cost": 26513.14,
              "Total Cost": 26513.15,
              "Plan Rows": 1,
              "Plan Width": 8,
              "Actual Startup Time": 59.792,
              "Actual Total Time": 59.793,
              "Actual Rows": 1,
              "Actual Loops": 4,
              "Plans": [
                {
                  "Node Type": "Bitmap Heap Scan",
                  "Parent Relationship": "Outer",
                  "Parallel Aware": true,
                  "Relation Name": "movie_companies",
                  "Alias": "mc",
                  "Startup Cost": 6313.77,
                  "Total Cost": 26278.25,
                  "Plan Rows": 93958,
                  "Plan Width": 0,
                  "Actual Startup Time": 23.909,
                  "Actual Total Time": 54.439,
                  "Actual Rows": 72028,
                  "Actual Loops": 4,
                  "Recheck Cond": "(company_id > 95066)",
                  "Rows Removed by Index Recheck": 0,
                  "Exact Heap Blocks": 2689,
                  "Lossy Heap Blocks": 0,
                  "Plans": [
                    {
                      "Node Type": "Bitmap Index Scan",
                      "Parent Relationship": "Outer",
                      "Parallel Aware": false,
                      "Index Name": "company_id_movie_companies",
                      "Startup Cost": 0.0,
                      "Total Cost": 6240.95,
                      "Plan Rows": 291270,
                      "Plan Width": 0,
                      "Actual Startup Time": 31.177,
                      "Actual Total Time": 31.178,
                      "Actual Rows": 288110,
                      "Actual Loops": 1,
                      "Index Cond": "(company_id > 95066)"
                    }
                  ]
                }
              ]
            }
          ]
        }
      ]
    },
    "Planning Time": 0.164,
    "Triggers": [],
    "Execution Time": 73.585
  }
]