{
  "Plan": {
    "Node Type": "Aggregate",
    "Strategy": "Plain",
    "Partial Mode": "Finalize",
    "Parallel Aware": false,
    "Startup Cost": 390824.3,
    "Total Cost": 390824.31,
    "Plan Rows": 1,
    "Plan Width": 8,
    "Actual Startup Time": 1187.424,
    "Actual Total Time": 1208.366,
    "Actual Rows": 1,
    "Actual Loops": 1,
    "Plans": [
      {
        "Node Type": "Gather",
        "Parent Relationship": "Outer",
        "Parallel Aware": false,
        "Startup Cost": 390824.19,
        "Total Cost": 390824.3,
        "Plan Rows": 1,
        "Plan Width": 8,
        "Actual Startup Time": 1180.892,
        "Actual Total Time": 1208.357,
        "Actual Rows": 2,
        "Actual Loops": 1,
        "Workers Planned": 1,
        "Workers Launched": 1,
        "Single Copy": false,
        "Plans": [
          {
            "Node Type": "Aggregate",
            "Strategy": "Plain",
            "Partial Mode": "Partial",
            "Parent Relationship": "Outer",
            "Parallel Aware": false,
            "Startup Cost": 389824.19,
            "Total Cost": 389824.2,
            "Plan Rows": 1,
            "Plan Width": 8,
            "Actual Startup Time": 1169.193,
            "Actual Total Time": 1169.197,
            "Actual Rows": 1,
            "Actual Loops": 2,
            "Plans": [
              {
                "Node Type": "Hash Join",
                "Parent Relationship": "Outer",
                "Parallel Aware": true,
                "Join Type": "Inner",
                "Startup Cost": 115684.87,
                "Total Cost": 388423.32,
                "Plan Rows": 560348,
                "Plan Width": 0,
                "Actual Startup Time": 593.454,
                "Actual Total Time": 1126.972,
                "Actual Rows": 1011255,
                "Actual Loops": 2,
                "Inner Unique": true,
                "Hash Cond": "(ci.movie_id = t.id)",
                "Plans": [
                  {
                    "Node Type": "Bitmap Heap Scan",
                    "Parent Relationship": "Outer",
                    "Parallel Aware": true,
                    "Relation Name": "cast_info",
                    "Alias": "ci",
                    "Startup Cost": 46224.17,
                    "Total Cost": 317491.7,
                    "Plan Rows": 560348,
                    "Plan Width": 4,
                    "Actual Startup Time": 73.087,
                    "Actual Total Time": 226.337,
                    "Actual Rows": 1011255,
                    "Actual Loops": 2,
                    "Recheck Cond": "(person_id > 3665069)",
                    "Rows Removed by Index Recheck": 0,
                    "Filter": "(role_id > 2)",
                    "Rows Removed by Filter": 0,
                    "Exact Heap Blocks": 15094,
                    "Lossy Heap Blocks": 0,
                    "Plans": [
                      {
                        "Node Type": "Bitmap Index Scan",
                        "Parent Relationship": "Outer",
                        "Parallel Aware": false,
                        "Index Name": "person_id_cast_info",
                        "Startup Cost": 0.0,
                        "Total Cost": 45986.02,
                        "Plan Rows": 2105794,
                        "Plan Width": 0,
                        "Actual Startup Time": 68.193,
                        "Actual Total Time": 68.194,
                        "Actual Rows": 2022510,
                        "Actual Loops": 1,
                        "Index Cond": "(person_id > 3665069)"
                      }
                    ]
                  },
                  {
                    "Node Type": "Hash",
                    "Parent Relationship": "Inner",
                    "Parallel Aware": true,
                    "Startup Cost": 50870.31,
                    "Total Cost": 50870.31,
                    "Plan Rows": 1487231,
                    "Plan Width": 4,
                    "Actual Startup Time": 498.969,
                    "Actual Total Time": 498.97,
                    "Actual Rows": 1264156,
                    "Actual Loops": 2,
                    "Hash Buckets": 4194304,
                    "Original Hash Buckets": 4194304,
                    "Hash Batches": 1,
                    "Original Hash Batches": 1,
                    "Peak Memory Usage": 131712,
                    "Plans": [
                      {
                        "Node Type": "Seq Scan",
                        "Parent Relationship": "Outer",
                        "Parallel Aware": true,
                        "Relation Name": "title",
                        "Alias": "t",
                        "Startup Cost": 0.0,
                        "Total Cost": 50870.31,
                        "Plan Rows": 1487231,
                        "Plan Width": 4,
                        "Actual Startup Time": 0.025,
                        "Actual Total Time": 151.984,
                        "Actual Rows": 1264156,
                        "Actual Loops": 2
                      }
                    ]
                  }
                ]
              }
            ]
          }
        ]
      }
    ]
  },
  "Planning Time": 0.719,
  "Triggers": [],
  "Execution Time": 1208.459
}