{
  "Plan": {
    "Node Type": "Aggregate",
    "Strategy": "Plain",
    "Partial Mode": "Finalize",
    "Parallel Aware": false,
    "Startup Cost": 125324.05,
    "Total Cost": 125324.06,
    "Plan Rows": 1,
    "Plan Width": 8,
    "Actual Startup Time": 779.877,
    "Actual Total Time": 792.439,
    "Actual Rows": 1,
    "Actual Loops": 1,
    "Plans": [
      {
        "Node Type": "Gather",
        "Parent Relationship": "Outer",
        "Parallel Aware": false,
        "Startup Cost": 125323.94,
        "Total Cost": 125324.05,
        "Plan Rows": 1,
        "Plan Width": 8,
        "Actual Startup Time": 777.665,
        "Actual Total Time": 792.43,
        "Actual Rows": 2,
        "Actual Loops": 1,
        "Workers Planned": 1,
        "Workers Launched": 1,
        "Single Copy": false,
        "Plans": [
          {
            "Node Type": "Aggregate",
            "Strategy": "Plain",
            "Partial Mode": "Partial",
            "Parent Relationship": "Outer",
            "Parallel Aware": false,
            "Startup Cost": 124323.94,
            "Total Cost": 124323.95,
            "Plan Rows": 1,
            "Plan Width": 8,
            "Actual Startup Time": 771.331,
            "Actual Total Time": 771.338,
            "Actual Rows": 1,
            "Actual Loops": 2,
            "Plans": [
              {
                "Node Type": "Hash Join",
                "Parent Relationship": "Outer",
                "Parallel Aware": true,
                "Join Type": "Inner",
                "Startup Cost": 103617.33,
                "Total Cost": 124145.9,
                "Plan Rows": 71216,
                "Plan Width": 0,
                "Actual Startup Time": 623.601,
                "Actual Total Time": 763.819,
                "Actual Rows": 174052,
                "Actual Loops": 2,
                "Inner Unique": false,
                "Hash Cond": "(mi_idx.movie_id = t.id)",
                "Plans": [
                  {
                    "Node Type": "Seq Scan",
                    "Parent Relationship": "Outer",
                    "Parallel Aware": true,
                    "Relation Name": "movie_info_idx",
                    "Alias": "mi_idx",
                    "Startup Cost": 0.0,
                    "Total Cost": 18082.32,
                    "Plan Rows": 540622,
                    "Plan Width": 4,
                    "Actual Startup Time": 0.03,
                    "Actual Total Time": 59.898,
                    "Actual Rows": 459925,
                    "Actual Loops": 2,
                    "Filter": "(info_type_id < 101)",
                    "Rows Removed by Filter": 230092
                  },
                  {
                    "Node Type": "Hash",
                    "Parent Relationship": "Inner",
                    "Parallel Aware": true,
                    "Startup Cost": 101168.39,
                    "Total Cost": 101168.39,
                    "Plan Rows": 195915,
                    "Plan Width": 8,
                    "Actual Startup Time": 618.128,
                    "Actual Total Time": 618.133,
                    "Actual Rows": 180058,
                    "Actual Loops": 2,
                    "Hash Buckets": 524288,
                    "Original Hash Buckets": 524288,
                    "Hash Batches": 1,
                    "Original Hash Batches": 1,
                    "Peak Memory Usage": 18208,
                    "Plans": [
                      {
                        "Node Type": "Hash Join",
                        "Parent Relationship": "Outer",
                        "Parallel Aware": true,
                        "Join Type": "Inner",
                        "Startup Cost": 40157.31,
                        "Total Cost": 101168.39,
                        "Plan Rows": 195915,
                        "Plan Width": 8,
                        "Actual Startup Time": 192.455,
                        "Actual Total Time": 562.964,
                        "Actual Rows": 180058,
                        "Actual Loops": 2,
                        "Inner Unique": false,
                        "Hash Cond": "(t.id = mc.movie_id)",
                        "Plans": [
                          {
                            "Node Type": "Seq Scan",
                            "Parent Relationship": "Outer",
                            "Parallel Aware": true,
                            "Relation Name": "title",
                            "Alias": "t",
                            "Startup Cost": 0.0,
                            "Total Cost": 54588.39,
                            "Plan Rows": 843241,
                            "Plan Width": 4,
                            "Actual Startup Time": 0.017,
                            "Actual Total Time": 158.486,
                            "Actual Rows": 721649,
                            "Actual Loops": 2,
                            "Filter": "(production_year < 2006)",
                            "Rows Removed by Filter": 542507
                          },
                          {
                            "Node Type": "Hash",
                            "Parent Relationship": "Inner",
                            "Parallel Aware": true,
                            "Startup Cost": 35838.09,
                            "Total Cost": 35838.09,
                            "Plan Rows": 345537,
                            "Plan Width": 4,
                            "Actual Startup Time": 185.9,
                            "Actual Total Time": 185.902,
                            "Actual Rows": 300479,
                            "Actual Loops": 2,
                            "Hash Buckets": 1048576,
                            "Original Hash Buckets": 1048576,
                            "Hash Batches": 1,
                            "Original Hash Batches": 1,
                            "Peak Memory Usage": 31744,
                            "Plans": [
                              {
                                "Node Type": "Bitmap Heap Scan",
                                "Parent Relationship": "Outer",
                                "Parallel Aware": true,
                                "Relation Name": "movie_companies",
                                "Alias": "mc",
                                "Startup Cost": 12728.88,
                                "Total Cost": 35838.09,
                                "Plan Rows": 345537,
                                "Plan Width": 4,
                                "Actual Startup Time": 39.716,
                                "Actual Total Time": 101.114,
                                "Actual Rows": 300479,
                                "Actual Loops": 2,
                                "Recheck Cond": "(company_id > 67439)",
                                "Rows Removed by Index Recheck": 0,
                                "Exact Heap Blocks": 5094,
                                "Lossy Heap Blocks": 0,
                                "Plans": [
                                  {
                                    "Node Type": "Bitmap Index Scan",
                                    "Parent Relationship": "Outer",
                                    "Parallel Aware": false,
                                    "Index Name": "company_id_movie_companies",
                                    "Startup Cost": 0.0,
                                    "Total Cost": 12582.03,
                                    "Plan Rows": 587413,
                                    "Plan Width": 0,
                                    "Actual Startup Time": 38.499,
                                    "Actual Total Time": 38.499,
                                    "Actual Rows": 600958,
                                    "Actual Loops": 1,
                                    "Index Cond": "(company_id > 67439)"
                                  }
                                ]
                              }
                            ]
                          }
                        ]
                      }
                    ]
                  }
                ]
              }
            ]
          }
        ]
      }
    ]
  },
  "Planning Time": 1.045,
  "Triggers": [],
  "Execution Time": 792.541
}