[
  {
    "Plan": {
      "Node Type": "Aggregate",
      "Strategy": "Plain",
      "Partial Mode": "Finalize",
      "Parallel Aware": false,
      "Startup Cost": 32864.33,
      "Total Cost": 32864.34,
      "Plan Rows": 1,
      "Plan Width": 8,
      "Actual Startup Time": 89.787,
      "Actual Total Time": 98.535,
      "Actual Rows": 1,
      "Actual Loops": 1,
      "Plans": [
        {
          "Node Type": "Gather",
          "Parent Relationship": "Outer",
          "Parallel Aware": false,
          "Startup Cost": 32864.01,
          "Total Cost": 32864.32,
          "Plan Rows": 3,
          "Plan Width": 8,
          "Actual Startup Time": 89.63,
          "Actual Total Time": 98.527,
          "Actual Rows": 4,
          "Actual Loops": 1,
          "Workers Planned": 3,
          "Workers Launched": 3,
          "Single Copy": false,
          "Plans": [
            {
              "Node Type": "Aggregate",
              "Strategy": "Plain",
              "Partial Mode": "Partial",
              "Parent Relationship": "Outer",
              "Parallel Aware": false,
              "Startup Cost": 31864.01,
              "Total Cost": 31864.02,
              "Plan Rows": 1,
              "Plan Width": 8,
              "Actual Startup Time": 82.019,
              "Actual Total Time": 82.02,
              "Actual Rows": 1,
              "Actual Loops": 4,
              "Plans": [
                {
                  "Node Type": "Seq Scan",
                  "Parent Relationship": "Outer",
                  "Parallel Aware": true,
                  "Relation Name": "movie_companies",
                  "Alias": "mc",
                  "Startup Cost": 0.0,
                  "Total Cost": 31414.82,
                  "Plan Rows": 179677,
                  "Plan Width": 0,
                  "Actual Startup Time": 49.594,
                  "Actual Total Time": 78.443,
                  "Actual Rows": 86322,
                  "Actual Loops": 4,
                  "Filter": "((company_id < 7436) AND (company_type_id > 1))",
                  "Rows Removed by Filter": 565960
                }
              ]
            }
          ]
        }
      ]
    },
    "Planning Time": 0.228,
    "Triggers": [],
    "Execution Time": 98.594
  }
]