[
  {
    "Plan": {
      "Node Type": "Aggregate",
      "Strategy": "Plain",
      "Partial Mode": "Simple",
      "Parallel Aware": false,
      "Startup Cost": 15113.26,
      "Total Cost": 15113.27,
      "Plan Rows": 1,
      "Plan Width": 96,
      "Actual Startup Time": 4726.637,
      "Actual Total Time": 4726.645,
      "Actual Rows": 1,
      "Actual Loops": 1,
      "Plans": [
        {
          "Node Type": "Nested Loop",
          "Parent Relationship": "Outer",
          "Parallel Aware": false,
          "Join Type": "Inner",
          "Startup Cost": 12.22,
          "Total Cost": 15112.87,
          "Plan Rows": 52,
          "Plan Width": 48,
          "Actual Startup Time": 32.23,
          "Actual Total Time": 4725.203,
          "Actual Rows": 2613,
          "Actual Loops": 1,
          "Inner Unique": true,
          "Plans": [
            {
              "Node Type": "Nested Loop",
              "Parent Relationship": "Outer",
              "Parallel Aware": false,
              "Join Type": "Inner",
              "Startup Cost": 11.79,
              "Total Cost": 12745.16,
              "Plan Rows": 5172,
              "Plan Width": 37,
              "Actual Startup Time": 5.98,
              "Actual Total Time": 1696.293,
              "Actual Rows": 841636,
              "Actual Loops": 1,
              "Inner Unique": false,
              "Join Filter": "(t.id = ci.movie_id)",
              "Rows Removed by Join Filter": 0,
              "Plans": [
                {
                  "Node Type": "Nested Loop",
                  "Parent Relationship": "Outer",
                  "Parallel Aware": false,
                  "Join Type": "Inner",
                  "Startup Cost": 11.23,
                  "Total Cost": 12456.05,
                  "Plan Rows": 148,
                  "Plan Width": 41,
                  "Actual Startup Time": 5.857,
                  "Actual Total Time": 223.692,
                  "Actual Rows": 14024,
                  "Actual Loops": 1,
                  "Inner Unique": true,
                  "Plans": [
                    {
                      "Node Type": "Nested Loop",
                      "Parent Relationship": "Outer",
                      "Parallel Aware": false,
                      "Join Type": "Inner",
                      "Startup Cost": 10.8,
                      "Total Cost": 12323.81,
                      "Plan Rows": 270,
                      "Plan Width": 20,
                      "Actual Startup Time": 5.789,
                      "Actual Total Time": 91.074,
                      "Actual Rows": 30138,
                      "Actual Loops": 1,
                      "Inner Unique": false,
                      "Plans": [
                        {
                          "Node Type": "Seq Scan",
                          "Parent Relationship": "Outer",
                          "Parallel Aware": false,
                          "Relation Name": "keyword",
                          "Alias": "k",
                          "Startup Cost": 0.0,
                          "Total Cost": 3632.4,
                          "Plan Rows": 8,
                          "Plan Width": 20,
                          "Actual Startup Time": 1.635,
                          "Actual Total Time": 20.767,
                          "Actual Rows": 6,
                          "Actual Loops": 1,
                          "Filter": "(keyword = ANY ('{marvel-comics,magnet,violence,marvel-comics,tv-special,murder-in-title,fight,death}'::text[]))",
                          "Rows Removed by Filter": 134164
                        },
                        {
                          "Node Type": "Bitmap Heap Scan",
                          "Parent Relationship": "Inner",
                          "Parallel Aware": false,
                          "Relation Name": "movie_keyword",
                          "Alias": "mk",
                          "Startup Cost": 10.8,
                          "Total Cost": 1083.38,
                          "Plan Rows": 305,
                          "Plan Width": 8,
                          "Actual Startup Time": 1.582,
                          "Actual Total Time": 10.95,
                          "Actual Rows": 5023,
                          "Actual Loops": 6,
                          "Recheck Cond": "(keyword_id = k.id)",
                          "Rows Removed by Index Recheck": 0,
                          "Exact Heap Blocks": 22499,
                          "Lossy Heap Blocks": 0,
                          "Plans": [
                            {
                              "Node Type": "Bitmap Index Scan",
                              "Parent Relationship": "Outer",
                              "Parallel Aware": false,
                              "Index Name": "keyword_id_movie_keyword",
                              "Startup Cost": 0.0,
                              "Total Cost": 10.72,
                              "Plan Rows": 305,
                              "Plan Width": 0,
                              "Actual Startup Time": 0.99,
                              "Actual Total Time": 0.99,
                              "Actual Rows": 5023,
                              "Actual Loops": 6,
                              "Index Cond": "(keyword_id = k.id)"
                            }
                          ]
                        }
                      ]
                    },
                    {
                      "Node Type": "Index Scan",
                      "Parent Relationship": "Inner",
                      "Parallel Aware": false,
                      "Scan Direction": "Forward",
                      "Index Name": "title_pkey",
                      "Relation Name": "title",
                      "Alias": "t",
                      "Startup Cost": 0.43,
                      "Total Cost": 0.49,
                      "Plan Rows": 1,
                      "Plan Width": 21,
                      "Actual Startup Time": 0.004,
                      "Actual Total Time": 0.004,
                      "Actual Rows": 0,
                      "Actual Loops": 30138,
                      "Index Cond": "(id = mk.movie_id)",
                      "Rows Removed by Index Recheck": 0,
                      "Filter": "(production_year > 2000)",
                      "Rows Removed by Filter": 1
                    }
                  ]
                },
                {
                  "Node Type": "Index Scan",
                  "Parent Relationship": "Inner",
                  "Parallel Aware": false,
                  "Scan Direction": "Forward",
                  "Index Name": "movie_id_cast_info",
                  "Relation Name": "cast_info",
                  "Alias": "ci",
                  "Startup Cost": 0.56,
                  "Total Cost": 1.52,
                  "Plan Rows": 35,
                  "Plan Width": 8,
                  "Actual Startup Time": 0.01,
                  "Actual Total Time": 0.097,
                  "Actual Rows": 60,
                  "Actual Loops": 14024,
                  "Index Cond": "(movie_id = mk.movie_id)",
                  "Rows Removed by Index Recheck": 0
                }
              ]
            },
            {
              "Node Type": "Index Scan",
              "Parent Relationship": "Inner",
              "Parallel Aware": false,
              "Scan Direction": "Forward",
              "Index Name": "name_pkey",
              "Relation Name": "name",
              "Alias": "n",
              "Startup Cost": 0.43,
              "Total Cost": 0.46,
              "Plan Rows": 1,
              "Plan Width": 19,
              "Actual Startup Time": 0.003,
              "Actual Total Time": 0.003,
              "Actual Rows": 0,
              "Actual Loops": 841636,
              "Index Cond": "(id = ci.person_id)",
              "Rows Removed by Index Recheck": 0,
              "Filter": "(name ~~ '%Williams,%'::text)",
              "Rows Removed by Filter": 1
            }
          ]
        }
      ]
    },
    "Planning Time": 7.495,
    "Triggers": [],
    "Execution Time": 4727.01
  }
]