{
  "Plan": {
    "Node Type": "Aggregate",
    "Strategy": "Plain",
    "Partial Mode": "Finalize",
    "Parallel Aware": false,
    "Startup Cost": 18574.73,
    "Total Cost": 18574.74,
    "Plan Rows": 1,
    "Plan Width": 8,
    "Actual Startup Time": 29.083,
    "Actual Total Time": 32.754,
    "Actual Rows": 1,
    "Actual Loops": 1,
    "Plans": [
      {
        "Node Type": "Gather",
        "Parent Relationship": "Outer",
        "Parallel Aware": false,
        "Startup Cost": 18574.61,
        "Total Cost": 18574.72,
        "Plan Rows": 1,
        "Plan Width": 8,
        "Actual Startup Time": 28.782,
        "Actual Total Time": 32.746,
        "Actual Rows": 2,
        "Actual Loops": 1,
        "Workers Planned": 1,
        "Workers Launched": 1,
        "Single Copy": false,
        "Plans": [
          {
            "Node Type": "Aggregate",
            "Strategy": "Plain",
            "Partial Mode": "Partial",
            "Parent Relationship": "Outer",
            "Parallel Aware": false,
            "Startup Cost": 17574.61,
            "Total Cost": 17574.62,
            "Plan Rows": 1,
            "Plan Width": 8,
            "Actual Startup Time": 22.387,
            "Actual Total Time": 22.39,
            "Actual Rows": 1,
            "Actual Loops": 2,
            "Plans": [
              {
                "Node Type": "Nested Loop",
                "Parent Relationship": "Outer",
                "Parallel Aware": false,
                "Join Type": "Inner",
                "Startup Cost": 55.48,
                "Total Cost": 17574.49,
                "Plan Rows": 49,
                "Plan Width": 0,
                "Actual Startup Time": 2.281,
                "Actual Total Time": 22.325,
                "Actual Rows": 234,
                "Actual Loops": 2,
                "Inner Unique": false,
                "Plans": [
                  {
                    "Node Type": "Nested Loop",
                    "Parent Relationship": "Outer",
                    "Parallel Aware": false,
                    "Join Type": "Inner",
                    "Startup Cost": 55.06,
                    "Total Cost": 17498.26,
                    "Plan Rows": 89,
                    "Plan Width": 8,
                    "Actual Startup Time": 1.63,
                    "Actual Total Time": 15.422,
                    "Actual Rows": 1029,
                    "Actual Loops": 2,
                    "Inner Unique": true,
                    "Plans": [
                      {
                        "Node Type": "Bitmap Heap Scan",
                        "Parent Relationship": "Outer",
                        "Parallel Aware": true,
                        "Relation Name": "movie_companies",
                        "Alias": "mc",
                        "Startup Cost": 54.63,
                        "Total Cost": 6638.12,
                        "Plan Rows": 1381,
                        "Plan Width": 4,
                        "Actual Startup Time": 1.483,
                        "Actual Total Time": 4.758,
                        "Actual Rows": 1029,
                        "Actual Loops": 2,
                        "Recheck Cond": "(company_id = 14060)",
                        "Rows Removed by Index Recheck": 0,
                        "Exact Heap Blocks": 1107,
                        "Lossy Heap Blocks": 0,
                        "Plans": [
                          {
                            "Node Type": "Bitmap Index Scan",
                            "Parent Relationship": "Outer",
                            "Parallel Aware": false,
                            "Index Name": "company_id_movie_companies",
                            "Startup Cost": 0.0,
                            "Total Cost": 54.04,
                            "Plan Rows": 2348,
                            "Plan Width": 0,
                            "Actual Startup Time": 2.245,
                            "Actual Total Time": 2.246,
                            "Actual Rows": 2058,
                            "Actual Loops": 1,
                            "Index Cond": "(company_id = 14060)"
                          }
                        ]
                      },
                      {
                        "Node Type": "Index Scan",
                        "Parent Relationship": "Inner",
                        "Parallel Aware": false,
                        "Scan Direction": "Forward",
                        "Index Name": "title_pkey",
                        "Relation Name": "title",
                        "Alias": "t",
                        "Startup Cost": 0.43,
                        "Total Cost": 7.86,
                        "Plan Rows": 1,
                        "Plan Width": 4,
                        "Actual Startup Time": 0.009,
                        "Actual Total Time": 0.009,
                        "Actual Rows": 1,
                        "Actual Loops": 2058,
                        "Index Cond": "(id = mc.movie_id)",
                        "Rows Removed by Index Recheck": 0,
                        "Filter": "(production_year < 1951)",
                        "Rows Removed by Filter": 0
                      }
                    ]
                  },
                  {
                    "Node Type": "Index Only Scan",
                    "Parent Relationship": "Inner",
                    "Parallel Aware": false,
                    "Scan Direction": "Forward",
                    "Index Name": "movie_id_movie_info_idx",
                    "Relation Name": "movie_info_idx",
                    "Alias": "mi_idx",
                    "Startup Cost": 0.43,
                    "Total Cost": 0.83,
                    "Plan Rows": 3,
                    "Plan Width": 4,
                    "Actual Startup Time": 0.006,
                    "Actual Total Time": 0.006,
                    "Actual Rows": 0,
                    "Actual Loops": 2058,
                    "Index Cond": "(movie_id = t.id)",
                    "Rows Removed by Index Recheck": 0,
                    "Heap Fetches": 468
                  }
                ]
              }
            ]
          }
        ]
      }
    ]
  },
  "Planning Time": 0.956,
  "Triggers": [],
  "Execution Time": 32.855
}