{
  "Plan": {
    "Node Type": "Aggregate",
    "Strategy": "Plain",
    "Partial Mode": "Finalize",
    "Parallel Aware": false,
    "Startup Cost": 1054775.95,
    "Total Cost": 1054775.96,
    "Plan Rows": 1,
    "Plan Width": 8,
    "Actual Startup Time": 6308.569,
    "Actual Total Time": 6375.046,
    "Actual Rows": 1,
    "Actual Loops": 1,
    "Plans": [
      {
        "Node Type": "Gather",
        "Parent Relationship": "Outer",
        "Parallel Aware": false,
        "Startup Cost": 1054775.83,
        "Total Cost": 1054775.94,
        "Plan Rows": 1,
        "Plan Width": 8,
        "Actual Startup Time": 6237.394,
        "Actual Total Time": 6375.03,
        "Actual Rows": 2,
        "Actual Loops": 1,
        "Workers Planned": 1,
        "Workers Launched": 1,
        "Single Copy": false,
        "Plans": [
          {
            "Node Type": "Aggregate",
            "Strategy": "Plain",
            "Partial Mode": "Partial",
            "Parent Relationship": "Outer",
            "Parallel Aware": false,
            "Startup Cost": 1053775.83,
            "Total Cost": 1053775.84,
            "Plan Rows": 1,
            "Plan Width": 8,
            "Actual Startup Time": 6257.918,
            "Actual Total Time": 6257.928,
            "Actual Rows": 1,
            "Actual Loops": 2,
            "Plans": [
              {
                "Node Type": "Merge Join",
                "Parent Relationship": "Outer",
                "Parallel Aware": false,
                "Join Type": "Inner",
                "Startup Cost": 1016372.49,
                "Total Cost": 1050267.18,
                "Plan Rows": 1403461,
                "Plan Width": 0,
                "Actual Startup Time": 5185.814,
                "Actual Total Time": 6145.816,
                "Actual Rows": 2919529,
                "Actual Loops": 2,
                "Inner Unique": false,
                "Merge Cond": "(t.id = mi_idx.movie_id)",
                "Plans": [
                  {
                    "Node Type": "Sort",
                    "Parent Relationship": "Outer",
                    "Parallel Aware": false,
                    "Startup Cost": 853899.02,
                    "Total Cost": 860327.05,
                    "Plan Rows": 2571211,
                    "Plan Width": 8,
                    "Actual Startup Time": 4808.186,
                    "Actual Total Time": 5150.439,
                    "Actual Rows": 2013398,
                    "Actual Loops": 2,
                    "Sort Key": [
                      "t.id"
                    ],
                    "Sort Method": "quicksort",
                    "Sort Space Used": 141618,
                    "Sort Space Type": "Memory",
                    "Workers": [
                      {
                        "Worker Number": 0,
                        "Sort Method": "quicksort",
                        "Sort Space Used": 145451,
                        "Sort Space Type": "Memory"
                      }
                    ],
                    "Plans": [
                      {
                        "Node Type": "Hash Join",
                        "Parent Relationship": "Outer",
                        "Parallel Aware": true,
                        "Join Type": "Inner",
                        "Startup Cost": 58408.62,
                        "Total Cost": 580141.97,
                        "Plan Rows": 2571211,
                        "Plan Width": 8,
                        "Actual Startup Time": 170.991,
                        "Actual Total Time": 4265.593,
                        "Actual Rows": 2013490,
                        "Actual Loops": 2,
                        "Inner Unique": true,
                        "Hash Cond": "(ci.movie_id = t.id)",
                        "Plans": [
                          {
                            "Node Type": "Seq Scan",
                            "Parent Relationship": "Outer",
                            "Parallel Aware": true,
                            "Relation Name": "cast_info",
                            "Alias": "ci",
                            "Startup Cost": 0.0,
                            "Total Cost": 465792.95,
                            "Plan Rows": 21310595,
                            "Plan Width": 4,
                            "Actual Startup Time": 0.014,
                            "Actual Total Time": 1386.748,
                            "Actual Rows": 18122172,
                            "Actual Loops": 2
                          },
                          {
                            "Node Type": "Hash",
                            "Parent Relationship": "Inner",
                            "Parallel Aware": true,
                            "Startup Cost": 56165.61,
                            "Total Cost": 56165.61,
                            "Plan Rows": 179441,
                            "Plan Width": 4,
                            "Actual Startup Time": 165.409,
                            "Actual Total Time": 165.412,
                            "Actual Rows": 125100,
                            "Actual Loops": 2,
                            "Hash Buckets": 524288,
                            "Original Hash Buckets": 524288,
                            "Hash Batches": 1,
                            "Original Hash Batches": 1,
                            "Peak Memory Usage": 13920,
                            "Plans": [
                              {
                                "Node Type": "Bitmap Heap Scan",
                                "Parent Relationship": "Outer",
                                "Parallel Aware": true,
                                "Relation Name": "title",
                                "Alias": "t",
                                "Startup Cost": 13515.22,
                                "Total Cost": 56165.61,
                                "Plan Rows": 179441,
                                "Plan Width": 4,
                                "Actual Startup Time": 46.512,
                                "Actual Total Time": 138.425,
                                "Actual Rows": 125100,
                                "Actual Loops": 2,
                                "Recheck Cond": "(kind_id < 3)",
                                "Rows Removed by Index Recheck": 0,
                                "Filter": "(production_year > 2005)",
                                "Rows Removed by Filter": 251738,
                                "Exact Heap Blocks": 26699,
                                "Lossy Heap Blocks": 0,
                                "Plans": [
                                  {
                                    "Node Type": "Bitmap Index Scan",
                                    "Parent Relationship": "Outer",
                                    "Parallel Aware": false,
                                    "Index Name": "kind_id_title",
                                    "Startup Cost": 0.0,
                                    "Total Cost": 13438.96,
                                    "Plan Rows": 753937,
                                    "Plan Width": 0,
                                    "Actual Startup Time": 41.392,
                                    "Actual Total Time": 41.392,
                                    "Actual Rows": 753677,
                                    "Actual Loops": 1,
                                    "Index Cond": "(kind_id < 3)"
                                  }
                                ]
                              }
                            ]
                          }
                        ]
                      }
                    ]
                  },
                  {
                    "Node Type": "Sort",
                    "Parent Relationship": "Inner",
                    "Parallel Aware": false,
                    "Startup Cost": 162473.21,
                    "Total Cost": 165923.29,
                    "Plan Rows": 1380035,
                    "Plan Width": 4,
                    "Actual Startup Time": 377.599,
                    "Actual Total Time": 522.797,
                    "Actual Rows": 4099230,
                    "Actual Loops": 2,
                    "Sort Key": [
                      "mi_idx.movie_id"
                    ],
                    "Sort Method": "quicksort",
                    "Sort Space Used": 113842,
                    "Sort Space Type": "Memory",
                    "Workers": [
                      {
                        "Worker Number": 0,
                        "Sort Method": "quicksort",
                        "Sort Space Used": 113842,
                        "Sort Space Type": "Memory"
                      }
                    ],
                    "Plans": [
                      {
                        "Node Type": "Seq Scan",
                        "Parent Relationship": "Outer",
                        "Parallel Aware": false,
                        "Relation Name": "movie_info_idx",
                        "Alias": "mi_idx",
                        "Startup Cost": 0.0,
                        "Total Cost": 21735.35,
                        "Plan Rows": 1380035,
                        "Plan Width": 4,
                        "Actual Startup Time": 0.04,
                        "Actual Total Time": 113.584,
                        "Actual Rows": 1380035,
                        "Actual Loops": 2
                      }
                    ]
                  }
                ]
              }
            ]
          }
        ]
      }
    ]
  },
  "Planning Time": 1.024,
  "Triggers": [],
  "Execution Time": 6401.123
}