{
    "Plan": {
        "Node Type": "Aggregate",
        "Strategy": "Plain",
        "Partial Mode": "Finalize",
        "Parallel Aware": false,
        "Startup Cost": 189016.78,
        "Total Cost": 189016.79,
        "Plan Rows": 1,
        "Plan Width": 8,
        "Actual Startup Time": 366.945,
        "Actual Total Time": 379.08,
        "Actual Rows": 1,
        "Actual Loops": 1,
        "Output": [
            "count(*)"
        ],
        "Plans": [
            {
                "Node Type": "Gather",
                "Parent Relationship": "Outer",
                "Parallel Aware": false,
                "Startup Cost": 189016.67,
                "Total Cost": 189016.78,
                "Plan Rows": 1,
                "Plan Width": 8,
                "Actual Startup Time": 364.711,
                "Actual Total Time": 379.072,
                "Actual Rows": 2,
                "Actual Loops": 1,
                "Output": [
                    "(PARTIAL count(*))"
                ],
                "Workers Planned": 1,
                "Workers Launched": 1,
                "Single Copy": false,
                "Plans": [
                    {
                        "Node Type": "Aggregate",
                        "Strategy": "Plain",
                        "Partial Mode": "Partial",
                        "Parent Relationship": "Outer",
                        "Parallel Aware": false,
                        "Startup Cost": 188016.67,
                        "Total Cost": 188016.68,
                        "Plan Rows": 1,
                        "Plan Width": 8,
                        "Actual Startup Time": 358.949,
                        "Actual Total Time": 358.953,
                        "Actual Rows": 1,
                        "Actual Loops": 2,
                        "Output": [
                            "PARTIAL count(*)"
                        ],
                        "Workers": [
                            {
                                "Worker Number": 0,
                                "Actual Startup Time": 353.637,
                                "Actual Total Time": 353.64,
                                "Actual Rows": 1,
                                "Actual Loops": 1
                            }
                        ],
                        "Plans": [
                            {
                                "Node Type": "Hash Join",
                                "Parent Relationship": "Outer",
                                "Parallel Aware": true,
                                "Join Type": "Inner",
                                "Startup Cost": 47061.1,
                                "Total Cost": 187993.1,
                                "Plan Rows": 9427,
                                "Plan Width": 0,
                                "Actual Startup Time": 342.892,
                                "Actual Total Time": 358.661,
                                "Actual Rows": 6528,
                                "Actual Loops": 2,
                                "Inner Unique": true,
                                "Hash Cond": "(mi.movie_id = t.id)",
                                "Workers": [
                                    {
                                        "Worker Number": 0,
                                        "Actual Startup Time": 337.372,
                                        "Actual Total Time": 353.38,
                                        "Actual Rows": 5698,
                                        "Actual Loops": 1
                                    }
                                ],
                                "Plans": [
                                    {
                                        "Node Type": "Index Scan",
                                        "Parent Relationship": "Outer",
                                        "Parallel Aware": true,
                                        "Scan Direction": "Forward",
                                        "Index Name": "info_type_id_movie_info",
                                        "Relation Name": "movie_info",
                                        "Schema": "public",
                                        "Alias": "mi",
                                        "Startup Cost": 0.43,
                                        "Total Cost": 140870.59,
                                        "Plan Rows": 23558,
                                        "Plan Width": 4,
                                        "Actual Startup Time": 0.117,
                                        "Actual Total Time": 10.673,
                                        "Actual Rows": 25134,
                                        "Actual Loops": 2,
                                        "Output": [
                                            "mi.id",
                                            "mi.movie_id",
                                            "mi.info_type_id",
                                            "mi.info",
                                            "mi.note"
                                        ],
                                        "Index Cond": "(mi.info_type_id > 107)",
                                        "Rows Removed by Index Recheck": 0,
                                        "Workers": [
                                            {
                                                "Worker Number": 0,
                                                "Actual Startup Time": 0.142,
                                                "Actual Total Time": 11.298,
                                                "Actual Rows": 22174,
                                                "Actual Loops": 1
                                            }
                                        ]
                                    },
                                    {
                                        "Node Type": "Hash",
                                        "Parent Relationship": "Inner",
                                        "Parallel Aware": true,
                                        "Startup Cost": 43899.01,
                                        "Total Cost": 43899.01,
                                        "Plan Rows": 252933,
                                        "Plan Width": 4,
                                        "Actual Startup Time": 329.806,
                                        "Actual Total Time": 329.807,
                                        "Actual Rows": 506460,
                                        "Actual Loops": 2,
                                        "Output": [
                                            "t.id"
                                        ],
                                        "Hash Buckets": 1048576,
                                        "Original Hash Buckets": 1048576,
                                        "Hash Batches": 1,
                                        "Original Hash Batches": 1,
                                        "Peak Memory Usage": 47840,
                                        "Workers": [
                                            {
                                                "Worker Number": 0,
                                                "Actual Startup Time": 333.328,
                                                "Actual Total Time": 333.328,
                                                "Actual Rows": 445413,
                                                "Actual Loops": 1
                                            }
                                        ],
                                        "Plans": [
                                            {
                                                "Node Type": "Seq Scan",
                                                "Parent Relationship": "Outer",
                                                "Parallel Aware": true,
                                                "Relation Name": "title",
                                                "Schema": "public",
                                                "Alias": "t",
                                                "Startup Cost": 0.0,
                                                "Total Cost": 43899.01,
                                                "Plan Rows": 252933,
                                                "Plan Width": 4,
                                                "Actual Startup Time": 0.052,
                                                "Actual Total Time": 174.653,
                                                "Actual Rows": 506460,
                                                "Actual Loops": 2,
                                                "Output": [
                                                    "t.id"
                                                ],
                                                "Filter": "(t.production_year > 2005)",
                                                "Rows Removed by Filter": 757696,
                                                "Workers": [
                                                    {
                                                        "Worker Number": 0,
                                                        "Actual Startup Time": 0.085,
                                                        "Actual Total Time": 183.18,
                                                        "Actual Rows": 445413,
                                                        "Actual Loops": 1
                                                    }
                                                ]
                                            }
                                        ]
                                    }
                                ]
                            }
                        ]
                    }
                ]
            }
        ]
    },
    "Planning Time": 0.578,
    "Triggers": [],
    "Execution Time": 379.146
}