{
  "Plan": {
    "Node Type": "Aggregate",
    "Strategy": "Plain",
    "Partial Mode": "Finalize",
    "Parallel Aware": false,
    "Startup Cost": 370248.37,
    "Total Cost": 370248.38,
    "Plan Rows": 1,
    "Plan Width": 8,
    "Actual Startup Time": 1669.578,
    "Actual Total Time": 1709.453,
    "Actual Rows": 1,
    "Actual Loops": 1,
    "Plans": [
      {
        "Node Type": "Gather",
        "Parent Relationship": "Outer",
        "Parallel Aware": false,
        "Startup Cost": 370248.25,
        "Total Cost": 370248.36,
        "Plan Rows": 1,
        "Plan Width": 8,
        "Actual Startup Time": 1669.012,
        "Actual Total Time": 1709.445,
        "Actual Rows": 2,
        "Actual Loops": 1,
        "Workers Planned": 1,
        "Workers Launched": 1,
        "Single Copy": false,
        "Plans": [
          {
            "Node Type": "Aggregate",
            "Strategy": "Plain",
            "Partial Mode": "Partial",
            "Parent Relationship": "Outer",
            "Parallel Aware": false,
            "Startup Cost": 369248.25,
            "Total Cost": 369248.26,
            "Plan Rows": 1,
            "Plan Width": 8,
            "Actual Startup Time": 1663.073,
            "Actual Total Time": 1663.08,
            "Actual Rows": 1,
            "Actual Loops": 2,
            "Plans": [
              {
                "Node Type": "Hash Join",
                "Parent Relationship": "Outer",
                "Parallel Aware": true,
                "Join Type": "Inner",
                "Startup Cost": 87036.51,
                "Total Cost": 369055.89,
                "Plan Rows": 76947,
                "Plan Width": 0,
                "Actual Startup Time": 270.406,
                "Actual Total Time": 1645.366,
                "Actual Rows": 405269,
                "Actual Loops": 2,
                "Inner Unique": false,
                "Hash Cond": "(mi.movie_id = t.id)",
                "Plans": [
                  {
                    "Node Type": "Seq Scan",
                    "Parent Relationship": "Outer",
                    "Parallel Aware": true,
                    "Relation Name": "movie_info",
                    "Alias": "mi",
                    "Startup Cost": 0.0,
                    "Total Cost": 248955.74,
                    "Plan Rows": 8696274,
                    "Plan Width": 4,
                    "Actual Startup Time": 0.015,
                    "Actual Total Time": 663.32,
                    "Actual Rows": 7417860,
                    "Actual Loops": 2
                  },
                  {
                    "Node Type": "Hash",
                    "Parent Relationship": "Inner",
                    "Parallel Aware": true,
                    "Startup Cost": 86872.03,
                    "Total Cost": 86872.03,
                    "Plan Rows": 13159,
                    "Plan Width": 8,
                    "Actual Startup Time": 245.549,
                    "Actual Total Time": 245.554,
                    "Actual Rows": 27792,
                    "Actual Loops": 2,
                    "Hash Buckets": 65536,
                    "Original Hash Buckets": 32768,
                    "Hash Batches": 1,
                    "Original Hash Batches": 1,
                    "Peak Memory Usage": 2976,
                    "Plans": [
                      {
                        "Node Type": "Hash Join",
                        "Parent Relationship": "Outer",
                        "Parallel Aware": true,
                        "Join Type": "Inner",
                        "Startup Cost": 65686.26,
                        "Total Cost": 86872.03,
                        "Plan Rows": 13159,
                        "Plan Width": 8,
                        "Actual Startup Time": 181.972,
                        "Actual Total Time": 236.985,
                        "Actual Rows": 27792,
                        "Actual Loops": 2,
                        "Inner Unique": true,
                        "Hash Cond": "(mc.movie_id = t.id)",
                        "Plans": [
                          {
                            "Node Type": "Bitmap Heap Scan",
                            "Parent Relationship": "Outer",
                            "Parallel Aware": true,
                            "Relation Name": "movie_companies",
                            "Alias": "mc",
                            "Startup Cost": 5835.32,
                            "Total Cost": 26605.29,
                            "Plan Rows": 158398,
                            "Plan Width": 4,
                            "Actual Startup Time": 11.526,
                            "Actual Total Time": 34.413,
                            "Actual Rows": 133954,
                            "Actual Loops": 2,
                            "Recheck Cond": "(company_id > 98061)",
                            "Rows Removed by Index Recheck": 0,
                            "Exact Heap Blocks": 2576,
                            "Lossy Heap Blocks": 0,
                            "Plans": [
                              {
                                "Node Type": "Bitmap Index Scan",
                                "Parent Relationship": "Outer",
                                "Parallel Aware": false,
                                "Index Name": "company_id_movie_companies",
                                "Startup Cost": 0.0,
                                "Total Cost": 5768.0,
                                "Plan Rows": 269276,
                                "Plan Width": 0,
                                "Actual Startup Time": 10.844,
                                "Actual Total Time": 10.844,
                                "Actual Rows": 267908,
                                "Actual Loops": 1,
                                "Index Cond": "(company_id > 98061)"
                              }
                            ]
                          },
                          {
                            "Node Type": "Hash",
                            "Parent Relationship": "Inner",
                            "Parallel Aware": true,
                            "Startup Cost": 58306.47,
                            "Total Cost": 58306.47,
                            "Plan Rows": 123558,
                            "Plan Width": 4,
                            "Actual Startup Time": 168.093,
                            "Actual Total Time": 168.094,
                            "Actual Rows": 91918,
                            "Actual Loops": 2,
                            "Hash Buckets": 262144,
                            "Original Hash Buckets": 262144,
                            "Hash Batches": 1,
                            "Original Hash Batches": 1,
                            "Peak Memory Usage": 9280,
                            "Plans": [
                              {
                                "Node Type": "Seq Scan",
                                "Parent Relationship": "Outer",
                                "Parallel Aware": true,
                                "Relation Name": "title",
                                "Alias": "t",
                                "Startup Cost": 0.0,
                                "Total Cost": 58306.47,
                                "Plan Rows": 123558,
                                "Plan Width": 4,
                                "Actual Startup Time": 0.05,
                                "Actual Total Time": 141.183,
                                "Actual Rows": 91918,
                                "Actual Loops": 2,
                                "Filter": "((kind_id < 7) AND (production_year > 2009))",
                                "Rows Removed by Filter": 1172238
                              }
                            ]
                          }
                        ]
                      }
                    ]
                  }
                ]
              }
            ]
          }
        ]
      }
    ]
  },
  "Planning Time": 0.612,
  "Triggers": [],
  "Execution Time": 1709.528
}