[
  {
    "Plan": {
      "Node Type": "Aggregate",
      "Strategy": "Plain",
      "Partial Mode": "Finalize",
      "Parallel Aware": false,
      "Startup Cost": 238153.33,
      "Total Cost": 238153.34,
      "Plan Rows": 1,
      "Plan Width": 8,
      "Actual Startup Time": 179.654,
      "Actual Total Time": 216.783,
      "Actual Rows": 1,
      "Actual Loops": 1,
      "Plans": [
        {
          "Node Type": "Gather",
          "Parent Relationship": "Outer",
          "Parallel Aware": false,
          "Startup Cost": 238152.91,
          "Total Cost": 238153.32,
          "Plan Rows": 4,
          "Plan Width": 8,
          "Actual Startup Time": 179.143,
          "Actual Total Time": 216.77,
          "Actual Rows": 5,
          "Actual Loops": 1,
          "Workers Planned": 4,
          "Workers Launched": 4,
          "Single Copy": false,
          "Plans": [
            {
              "Node Type": "Aggregate",
              "Strategy": "Plain",
              "Partial Mode": "Partial",
              "Parent Relationship": "Outer",
              "Parallel Aware": false,
              "Startup Cost": 237152.91,
              "Total Cost": 237152.92,
              "Plan Rows": 1,
              "Plan Width": 8,
              "Actual Startup Time": 173.036,
              "Actual Total Time": 173.038,
              "Actual Rows": 1,
              "Actual Loops": 5,
              "Plans": [
                {
                  "Node Type": "Nested Loop",
                  "Parent Relationship": "Outer",
                  "Parallel Aware": false,
                  "Join Type": "Inner",
                  "Startup Cost": 0.56,
                  "Total Cost": 237139.89,
                  "Plan Rows": 5208,
                  "Plan Width": 0,
                  "Actual Startup Time": 57.719,
                  "Actual Total Time": 172.438,
                  "Actual Rows": 5726,
                  "Actual Loops": 5,
                  "Inner Unique": false,
                  "Plans": [
                    {
                      "Node Type": "Seq Scan",
                      "Parent Relationship": "Outer",
                      "Parallel Aware": true,
                      "Relation Name": "title",
                      "Alias": "t",
                      "Startup Cost": 0.0,
                      "Total Cost": 45479.59,
                      "Plan Rows": 2014,
                      "Plan Width": 4,
                      "Actual Startup Time": 57.286,
                      "Actual Total Time": 81.281,
                      "Actual Rows": 1067,
                      "Actual Loops": 5,
                      "Filter": "((kind_id = 1) AND (production_year = 1994))",
                      "Rows Removed by Filter": 504595
                    },
                    {
                      "Node Type": "Index Scan",
                      "Parent Relationship": "Inner",
                      "Parallel Aware": false,
                      "Scan Direction": "Forward",
                      "Index Name": "movie_id_cast_info",
                      "Relation Name": "cast_info",
                      "Alias": "ci",
                      "Startup Cost": 0.56,
                      "Total Cost": 95.1,
                      "Plan Rows": 6,
                      "Plan Width": 4,
                      "Actual Startup Time": 0.061,
                      "Actual Total Time": 0.084,
                      "Actual Rows": 5,
                      "Actual Loops": 5336,
                      "Index Cond": "(movie_id = t.id)",
                      "Rows Removed by Index Recheck": 0,
                      "Filter": "((person_id > 1666963) AND (role_id > 3))",
                      "Rows Removed by Filter": 14
                    }
                  ]
                }
              ]
            }
          ]
        }
      ]
    },
    "Planning Time": 0.588,
    "Triggers": [],
    "Execution Time": 216.852
  }
]