[
  {
    "Plan": {
      "Node Type": "Aggregate",
      "Strategy": "Plain",
      "Partial Mode": "Finalize",
      "Parallel Aware": false,
      "Startup Cost": 38041.04,
      "Total Cost": 38041.05,
      "Plan Rows": 1,
      "Plan Width": 8,
      "Actual Startup Time": 43.901,
      "Actual Total Time": 48.791,
      "Actual Rows": 1,
      "Actual Loops": 1,
      "Plans": [
        {
          "Node Type": "Gather",
          "Parent Relationship": "Outer",
          "Parallel Aware": false,
          "Startup Cost": 38040.82,
          "Total Cost": 38041.03,
          "Plan Rows": 2,
          "Plan Width": 8,
          "Actual Startup Time": 43.771,
          "Actual Total Time": 48.785,
          "Actual Rows": 3,
          "Actual Loops": 1,
          "Workers Planned": 2,
          "Workers Launched": 2,
          "Single Copy": false,
          "Plans": [
            {
              "Node Type": "Aggregate",
              "Strategy": "Plain",
              "Partial Mode": "Partial",
              "Parent Relationship": "Outer",
              "Parallel Aware": false,
              "Startup Cost": 37040.82,
              "Total Cost": 37040.83,
              "Plan Rows": 1,
              "Plan Width": 8,
              "Actual Startup Time": 36.544,
              "Actual Total Time": 36.545,
              "Actual Rows": 1,
              "Actual Loops": 3,
              "Plans": [
                {
                  "Node Type": "Nested Loop",
                  "Parent Relationship": "Outer",
                  "Parallel Aware": false,
                  "Join Type": "Inner",
                  "Startup Cost": 173.52,
                  "Total Cost": 37032.67,
                  "Plan Rows": 3261,
                  "Plan Width": 0,
                  "Actual Startup Time": 2.599,
                  "Actual Total Time": 36.162,
                  "Actual Rows": 2384,
                  "Actual Loops": 3,
                  "Inner Unique": true,
                  "Plans": [
                    {
                      "Node Type": "Bitmap Heap Scan",
                      "Parent Relationship": "Outer",
                      "Parallel Aware": true,
                      "Relation Name": "movie_companies",
                      "Alias": "mc",
                      "Startup Cost": 173.09,
                      "Total Cost": 14714.97,
                      "Plan Rows": 3261,
                      "Plan Width": 4,
                      "Actual Startup Time": 2.418,
                      "Actual Total Time": 11.749,
                      "Actual Rows": 2384,
                      "Actual Loops": 3,
                      "Recheck Cond": "(company_id = 7851)",
                      "Rows Removed by Index Recheck": 0,
                      "Exact Heap Blocks": 3001,
                      "Lossy Heap Blocks": 0,
                      "Plans": [
                        {
                          "Node Type": "Bitmap Index Scan",
                          "Parent Relationship": "Outer",
                          "Parallel Aware": false,
                          "Index Name": "company_id_movie_companies",
                          "Startup Cost": 0.0,
                          "Total Cost": 171.13,
                          "Plan Rows": 7827,
                          "Plan Width": 0,
                          "Actual Startup Time": 4.666,
                          "Actual Total Time": 4.666,
                          "Actual Rows": 7151,
                          "Actual Loops": 1,
                          "Index Cond": "(company_id = 7851)"
                        }
                      ]
                    },
                    {
                      "Node Type": "Index Only Scan",
                      "Parent Relationship": "Inner",
                      "Parallel Aware": false,
                      "Scan Direction": "Forward",
                      "Index Name": "title_pkey",
                      "Relation Name": "title",
                      "Alias": "t",
                      "Startup Cost": 0.43,
                      "Total Cost": 6.84,
                      "Plan Rows": 1,
                      "Plan Width": 4,
                      "Actual Startup Time": 0.009,
                      "Actual Total Time": 0.009,
                      "Actual Rows": 1,
                      "Actual Loops": 7151,
                      "Index Cond": "(id = mc.movie_id)",
                      "Rows Removed by Index Recheck": 0,
                      "Heap Fetches": 7151
                    }
                  ]
                }
              ]
            }
          ]
        }
      ]
    },
    "Planning Time": 0.464,
    "Triggers": [],
    "Execution Time": 48.855
  }
]