{
  "Plan": {
    "Node Type": "Aggregate",
    "Strategy": "Plain",
    "Partial Mode": "Finalize",
    "Parallel Aware": false,
    "Startup Cost": 109028.18,
    "Total Cost": 109028.19,
    "Plan Rows": 1,
    "Plan Width": 8,
    "Actual Startup Time": 825.28,
    "Actual Total Time": 839.89,
    "Actual Rows": 1,
    "Actual Loops": 1,
    "Plans": [
      {
        "Node Type": "Gather",
        "Parent Relationship": "Outer",
        "Parallel Aware": false,
        "Startup Cost": 109028.07,
        "Total Cost": 109028.18,
        "Plan Rows": 1,
        "Plan Width": 8,
        "Actual Startup Time": 822.852,
        "Actual Total Time": 839.875,
        "Actual Rows": 2,
        "Actual Loops": 1,
        "Workers Planned": 1,
        "Workers Launched": 1,
        "Single Copy": false,
        "Plans": [
          {
            "Node Type": "Aggregate",
            "Strategy": "Plain",
            "Partial Mode": "Partial",
            "Parent Relationship": "Outer",
            "Parallel Aware": false,
            "Startup Cost": 108028.07,
            "Total Cost": 108028.08,
            "Plan Rows": 1,
            "Plan Width": 8,
            "Actual Startup Time": 817.938,
            "Actual Total Time": 817.944,
            "Actual Rows": 1,
            "Actual Loops": 2,
            "Plans": [
              {
                "Node Type": "Hash Join",
                "Parent Relationship": "Outer",
                "Parallel Aware": true,
                "Join Type": "Inner",
                "Startup Cost": 43893.52,
                "Total Cost": 106844.32,
                "Plan Rows": 473500,
                "Plan Width": 0,
                "Actual Startup Time": 254.264,
                "Actual Total Time": 796.611,
                "Actual Rows": 399249,
                "Actual Loops": 2,
                "Inner Unique": false,
                "Hash Cond": "(t.id = mc.movie_id)",
                "Plans": [
                  {
                    "Node Type": "Seq Scan",
                    "Parent Relationship": "Outer",
                    "Parallel Aware": true,
                    "Relation Name": "title",
                    "Alias": "t",
                    "Startup Cost": 0.0,
                    "Total Cost": 50870.31,
                    "Plan Rows": 1487231,
                    "Plan Width": 4,
                    "Actual Startup Time": 0.01,
                    "Actual Total Time": 141.686,
                    "Actual Rows": 1264156,
                    "Actual Loops": 2
                  },
                  {
                    "Node Type": "Hash",
                    "Parent Relationship": "Inner",
                    "Parallel Aware": true,
                    "Startup Cost": 37974.77,
                    "Total Cost": 37974.77,
                    "Plan Rows": 473500,
                    "Plan Width": 4,
                    "Actual Startup Time": 247.663,
                    "Actual Total Time": 247.665,
                    "Actual Rows": 399249,
                    "Actual Loops": 2,
                    "Hash Buckets": 1048576,
                    "Original Hash Buckets": 1048576,
                    "Hash Batches": 1,
                    "Original Hash Batches": 1,
                    "Peak Memory Usage": 39456,
                    "Plans": [
                      {
                        "Node Type": "Seq Scan",
                        "Parent Relationship": "Outer",
                        "Parallel Aware": true,
                        "Relation Name": "movie_companies",
                        "Alias": "mc",
                        "Startup Cost": 0.0,
                        "Total Cost": 37974.77,
                        "Plan Rows": 473500,
                        "Plan Width": 4,
                        "Actual Startup Time": 0.036,
                        "Actual Total Time": 137.186,
                        "Actual Rows": 399249,
                        "Actual Loops": 2,
                        "Filter": "(company_id < 1739)",
                        "Rows Removed by Filter": 905316
                      }
                    ]
                  }
                ]
              }
            ]
          }
        ]
      }
    ]
  },
  "Planning Time": 0.35,
  "Triggers": [],
  "Execution Time": 839.926
}