[
  {
    "Plan": {
      "Node Type": "Aggregate",
      "Strategy": "Plain",
      "Partial Mode": "Finalize",
      "Parallel Aware": false,
      "Startup Cost": 185041.99,
      "Total Cost": 185042.0,
      "Plan Rows": 1,
      "Plan Width": 8,
      "Actual Startup Time": 1205.007,
      "Actual Total Time": 1240.101,
      "Actual Rows": 1,
      "Actual Loops": 1,
      "Plans": [
        {
          "Node Type": "Gather",
          "Parent Relationship": "Outer",
          "Parallel Aware": false,
          "Startup Cost": 185041.46,
          "Total Cost": 185041.97,
          "Plan Rows": 5,
          "Plan Width": 8,
          "Actual Startup Time": 1202.568,
          "Actual Total Time": 1240.088,
          "Actual Rows": 6,
          "Actual Loops": 1,
          "Workers Planned": 5,
          "Workers Launched": 5,
          "Single Copy": false,
          "Plans": [
            {
              "Node Type": "Aggregate",
              "Strategy": "Plain",
              "Partial Mode": "Partial",
              "Parent Relationship": "Outer",
              "Parallel Aware": false,
              "Startup Cost": 184041.46,
              "Total Cost": 184041.47,
              "Plan Rows": 1,
              "Plan Width": 8,
              "Actual Startup Time": 1193.73,
              "Actual Total Time": 1193.733,
              "Actual Rows": 1,
              "Actual Loops": 6,
              "Plans": [
                {
                  "Node Type": "Nested Loop",
                  "Parent Relationship": "Outer",
                  "Parallel Aware": false,
                  "Join Type": "Inner",
                  "Startup Cost": 17495.61,
                  "Total Cost": 184017.68,
                  "Plan Rows": 9513,
                  "Plan Width": 0,
                  "Actual Startup Time": 69.218,
                  "Actual Total Time": 1186.911,
                  "Actual Rows": 84459,
                  "Actual Loops": 6,
                  "Inner Unique": true,
                  "Plans": [
                    {
                      "Node Type": "Hash Join",
                      "Parent Relationship": "Outer",
                      "Parallel Aware": true,
                      "Join Type": "Inner",
                      "Startup Cost": 17495.18,
                      "Total Cost": 144827.32,
                      "Plan Rows": 51978,
                      "Plan Width": 8,
                      "Actual Startup Time": 69.081,
                      "Actual Total Time": 443.338,
                      "Actual Rows": 225928,
                      "Actual Loops": 6,
                      "Inner Unique": false,
                      "Hash Cond": "(ci.movie_id = mi_idx.movie_id)",
                      "Plans": [
                        {
                          "Node Type": "Index Scan",
                          "Parent Relationship": "Outer",
                          "Parallel Aware": true,
                          "Scan Direction": "Forward",
                          "Index Name": "role_id_cast_info",
                          "Relation Name": "cast_info",
                          "Alias": "ci",
                          "Startup Cost": 0.56,
                          "Total Cost": 126672.01,
                          "Plan Rows": 118432,
                          "Plan Width": 4,
                          "Actual Startup Time": 0.134,
                          "Actual Total Time": 179.014,
                          "Actual Rows": 445590,
                          "Actual Loops": 6,
                          "Index Cond": "(role_id > 9)",
                          "Rows Removed by Index Recheck": 0,
                          "Filter": "(person_id > 3227659)",
                          "Rows Removed by Filter": 327600
                        },
                        {
                          "Node Type": "Hash",
                          "Parent Relationship": "Inner",
                          "Parallel Aware": true,
                          "Startup Cost": 15122.68,
                          "Total Cost": 15122.68,
                          "Plan Rows": 189755,
                          "Plan Width": 4,
                          "Actual Startup Time": 66.661,
                          "Actual Total Time": 66.662,
                          "Actual Rows": 76654,
                          "Actual Loops": 6,
                          "Hash Buckets": 524288,
                          "Original Hash Buckets": 524288,
                          "Hash Batches": 1,
                          "Original Hash Batches": 1,
                          "Peak Memory Usage": 22208,
                          "Plans": [
                            {
                              "Node Type": "Seq Scan",
                              "Parent Relationship": "Outer",
                              "Parallel Aware": true,
                              "Relation Name": "movie_info_idx",
                              "Alias": "mi_idx",
                              "Startup Cost": 0.0,
                              "Total Cost": 15122.68,
                              "Plan Rows": 189755,
                              "Plan Width": 4,
                              "Actual Startup Time": 0.047,
                              "Actual Total Time": 33.95,
                              "Actual Rows": 76654,
                              "Actual Loops": 6,
                              "Filter": "(info_type_id < 100)",
                              "Rows Removed by Filter": 153352
                            }
                          ]
                        }
                      ]
                    },
                    {
                      "Node Type": "Index Scan",
                      "Parent Relationship": "Inner",
                      "Parallel Aware": false,
                      "Scan Direction": "Forward",
                      "Index Name": "title_pkey",
                      "Relation Name": "title",
                      "Alias": "t",
                      "Startup Cost": 0.43,
                      "Total Cost": 0.75,
                      "Plan Rows": 1,
                      "Plan Width": 4,
                      "Actual Startup Time": 0.003,
                      "Actual Total Time": 0.003,
                      "Actual Rows": 0,
                      "Actual Loops": 1355570,
                      "Index Cond": "(id = ci.movie_id)",
                      "Rows Removed by Index Recheck": 0,
                      "Filter": "(production_year < 2002)",
                      "Rows Removed by Filter": 1
                    }
                  ]
                }
              ]
            }
          ]
        }
      ]
    },
    "Planning Time": 1.104,
    "Triggers": [],
    "Execution Time": 1240.197
  }
]