{
    "Plan": {
        "Node Type": "Aggregate",
        "Strategy": "Plain",
        "Partial Mode": "Finalize",
        "Parallel Aware": false,
        "Startup Cost": 369784.02,
        "Total Cost": 369784.03,
        "Plan Rows": 1,
        "Plan Width": 8,
        "Actual Startup Time": 213.671,
        "Actual Total Time": 245.107,
        "Actual Rows": 1,
        "Actual Loops": 1,
        "Output": [
            "count(*)"
        ],
        "Plans": [
            {
                "Node Type": "Gather",
                "Parent Relationship": "Outer",
                "Parallel Aware": false,
                "Startup Cost": 369783.6,
                "Total Cost": 369784.01,
                "Plan Rows": 4,
                "Plan Width": 8,
                "Actual Startup Time": 213.531,
                "Actual Total Time": 245.1,
                "Actual Rows": 5,
                "Actual Loops": 1,
                "Output": [
                    "(PARTIAL count(*))"
                ],
                "Workers Planned": 4,
                "Workers Launched": 4,
                "Single Copy": false,
                "Plans": [
                    {
                        "Node Type": "Aggregate",
                        "Strategy": "Plain",
                        "Partial Mode": "Partial",
                        "Parent Relationship": "Outer",
                        "Parallel Aware": false,
                        "Startup Cost": 368783.6,
                        "Total Cost": 368783.61,
                        "Plan Rows": 1,
                        "Plan Width": 8,
                        "Actual Startup Time": 203.331,
                        "Actual Total Time": 203.333,
                        "Actual Rows": 1,
                        "Actual Loops": 5,
                        "Output": [
                            "PARTIAL count(*)"
                        ],
                        "Workers": [
                            {
                                "Worker Number": 0,
                                "Actual Startup Time": 200.597,
                                "Actual Total Time": 200.598,
                                "Actual Rows": 1,
                                "Actual Loops": 1
                            },
                            {
                                "Worker Number": 1,
                                "Actual Startup Time": 200.905,
                                "Actual Total Time": 200.906,
                                "Actual Rows": 1,
                                "Actual Loops": 1
                            },
                            {
                                "Worker Number": 2,
                                "Actual Startup Time": 201.239,
                                "Actual Total Time": 201.24,
                                "Actual Rows": 1,
                                "Actual Loops": 1
                            },
                            {
                                "Worker Number": 3,
                                "Actual Startup Time": 201.129,
                                "Actual Total Time": 201.13,
                                "Actual Rows": 1,
                                "Actual Loops": 1
                            }
                        ],
                        "Plans": [
                            {
                                "Node Type": "Nested Loop",
                                "Parent Relationship": "Outer",
                                "Parallel Aware": false,
                                "Join Type": "Inner",
                                "Startup Cost": 0.56,
                                "Total Cost": 368256.39,
                                "Plan Rows": 210886,
                                "Plan Width": 0,
                                "Actual Startup Time": 53.361,
                                "Actual Total Time": 200.884,
                                "Actual Rows": 32200,
                                "Actual Loops": 5,
                                "Inner Unique": false,
                                "Workers": [
                                    {
                                        "Worker Number": 0,
                                        "Actual Startup Time": 35.493,
                                        "Actual Total Time": 198.17,
                                        "Actual Rows": 26729,
                                        "Actual Loops": 1
                                    },
                                    {
                                        "Worker Number": 1,
                                        "Actual Startup Time": 54.726,
                                        "Actual Total Time": 198.454,
                                        "Actual Rows": 26666,
                                        "Actual Loops": 1
                                    },
                                    {
                                        "Worker Number": 2,
                                        "Actual Startup Time": 55.116,
                                        "Actual Total Time": 198.775,
                                        "Actual Rows": 27159,
                                        "Actual Loops": 1
                                    },
                                    {
                                        "Worker Number": 3,
                                        "Actual Startup Time": 54.959,
                                        "Actual Total Time": 198.991,
                                        "Actual Rows": 22737,
                                        "Actual Loops": 1
                                    }
                                ],
                                "Plans": [
                                    {
                                        "Node Type": "Seq Scan",
                                        "Parent Relationship": "Outer",
                                        "Parallel Aware": true,
                                        "Relation Name": "title",
                                        "Schema": "public",
                                        "Alias": "t",
                                        "Startup Cost": 0.0,
                                        "Total Cost": 43899.01,
                                        "Plan Rows": 14708,
                                        "Plan Width": 4,
                                        "Actual Startup Time": 53.243,
                                        "Actual Total Time": 80.46,
                                        "Actual Rows": 11969,
                                        "Actual Loops": 5,
                                        "Output": [
                                            "t.id",
                                            "t.title",
                                            "t.imdb_index",
                                            "t.kind_id",
                                            "t.production_year",
                                            "t.imdb_id",
                                            "t.phonetic_code",
                                            "t.episode_of_id",
                                            "t.season_nr",
                                            "t.episode_nr",
                                            "t.series_years",
                                            "t.md5sum"
                                        ],
                                        "Filter": "(t.production_year < 1915)",
                                        "Rows Removed by Filter": 493693,
                                        "Workers": [
                                            {
                                                "Worker Number": 0,
                                                "Actual Startup Time": 35.373,
                                                "Actual Total Time": 75.871,
                                                "Actual Rows": 10098,
                                                "Actual Loops": 1
                                            },
                                            {
                                                "Worker Number": 1,
                                                "Actual Startup Time": 54.604,
                                                "Actual Total Time": 75.894,
                                                "Actual Rows": 9735,
                                                "Actual Loops": 1
                                            },
                                            {
                                                "Worker Number": 2,
                                                "Actual Startup Time": 54.933,
                                                "Actual Total Time": 76.643,
                                                "Actual Rows": 9938,
                                                "Actual Loops": 1
                                            },
                                            {
                                                "Worker Number": 3,
                                                "Actual Startup Time": 54.828,
                                                "Actual Total Time": 75.344,
                                                "Actual Rows": 8471,
                                                "Actual Loops": 1
                                            }
                                        ]
                                    },
                                    {
                                        "Node Type": "Index Only Scan",
                                        "Parent Relationship": "Inner",
                                        "Parallel Aware": false,
                                        "Scan Direction": "Forward",
                                        "Index Name": "movie_id_cast_info",
                                        "Relation Name": "cast_info",
                                        "Schema": "public",
                                        "Alias": "ci",
                                        "Startup Cost": 0.56,
                                        "Total Cost": 21.67,
                                        "Plan Rows": 38,
                                        "Plan Width": 4,
                                        "Actual Startup Time": 0.006,
                                        "Actual Total Time": 0.01,
                                        "Actual Rows": 3,
                                        "Actual Loops": 59847,
                                        "Output": [
                                            "ci.movie_id"
                                        ],
                                        "Index Cond": "(ci.movie_id = t.id)",
                                        "Rows Removed by Index Recheck": 0,
                                        "Heap Fetches": 161000,
                                        "Workers": [
                                            {
                                                "Worker Number": 0,
                                                "Actual Startup Time": 0.007,
                                                "Actual Total Time": 0.012,
                                                "Actual Rows": 3,
                                                "Actual Loops": 10098
                                            },
                                            {
                                                "Worker Number": 1,
                                                "Actual Startup Time": 0.007,
                                                "Actual Total Time": 0.012,
                                                "Actual Rows": 3,
                                                "Actual Loops": 9735
                                            },
                                            {
                                                "Worker Number": 2,
                                                "Actual Startup Time": 0.007,
                                                "Actual Total Time": 0.012,
                                                "Actual Rows": 3,
                                                "Actual Loops": 9938
                                            },
                                            {
                                                "Worker Number": 3,
                                                "Actual Startup Time": 0.008,
                                                "Actual Total Time": 0.014,
                                                "Actual Rows": 3,
                                                "Actual Loops": 8471
                                            }
                                        ]
                                    }
                                ]
                            }
                        ]
                    }
                ]
            }
        ]
    },
    "Planning Time": 0.674,
    "Triggers": [],
    "Execution Time": 245.19
}