{
  "Plan": {
    "Node Type": "Aggregate",
    "Strategy": "Plain",
    "Partial Mode": "Finalize",
    "Parallel Aware": false,
    "Startup Cost": 585466.2,
    "Total Cost": 585466.21,
    "Plan Rows": 1,
    "Plan Width": 8,
    "Actual Startup Time": 3904.832,
    "Actual Total Time": 3972.375,
    "Actual Rows": 1,
    "Actual Loops": 1,
    "Plans": [
      {
        "Node Type": "Gather",
        "Parent Relationship": "Outer",
        "Parallel Aware": false,
        "Startup Cost": 585466.08,
        "Total Cost": 585466.19,
        "Plan Rows": 1,
        "Plan Width": 8,
        "Actual Startup Time": 3903.888,
        "Actual Total Time": 3972.363,
        "Actual Rows": 2,
        "Actual Loops": 1,
        "Workers Planned": 1,
        "Workers Launched": 1,
        "Single Copy": false,
        "Plans": [
          {
            "Node Type": "Aggregate",
            "Strategy": "Plain",
            "Partial Mode": "Partial",
            "Parent Relationship": "Outer",
            "Parallel Aware": false,
            "Startup Cost": 584466.08,
            "Total Cost": 584466.09,
            "Plan Rows": 1,
            "Plan Width": 8,
            "Actual Startup Time": 3898.169,
            "Actual Total Time": 3898.173,
            "Actual Rows": 1,
            "Actual Loops": 2,
            "Plans": [
              {
                "Node Type": "Hash Join",
                "Parent Relationship": "Outer",
                "Parallel Aware": true,
                "Join Type": "Inner",
                "Startup Cost": 59451.44,
                "Total Cost": 581184.8,
                "Plan Rows": 1312515,
                "Plan Width": 0,
                "Actual Startup Time": 179.426,
                "Actual Total Time": 3835.53,
                "Actual Rows": 1516530,
                "Actual Loops": 2,
                "Inner Unique": true,
                "Hash Cond": "(ci.movie_id = t.id)",
                "Plans": [
                  {
                    "Node Type": "Seq Scan",
                    "Parent Relationship": "Outer",
                    "Parallel Aware": true,
                    "Relation Name": "cast_info",
                    "Alias": "ci",
                    "Startup Cost": 0.0,
                    "Total Cost": 465792.95,
                    "Plan Rows": 21310595,
                    "Plan Width": 4,
                    "Actual Startup Time": 0.013,
                    "Actual Total Time": 1312.098,
                    "Actual Rows": 18122172,
                    "Actual Loops": 2
                  },
                  {
                    "Node Type": "Hash",
                    "Parent Relationship": "Inner",
                    "Parallel Aware": true,
                    "Startup Cost": 58306.47,
                    "Total Cost": 58306.47,
                    "Plan Rows": 91598,
                    "Plan Width": 4,
                    "Actual Startup Time": 175.91,
                    "Actual Total Time": 175.911,
                    "Actual Rows": 132018,
                    "Actual Loops": 2,
                    "Hash Buckets": 524288,
                    "Original Hash Buckets": 262144,
                    "Hash Batches": 1,
                    "Original Hash Batches": 1,
                    "Peak Memory Usage": 16512,
                    "Plans": [
                      {
                        "Node Type": "Seq Scan",
                        "Parent Relationship": "Outer",
                        "Parallel Aware": true,
                        "Relation Name": "title",
                        "Alias": "t",
                        "Startup Cost": 0.0,
                        "Total Cost": 58306.47,
                        "Plan Rows": 91598,
                        "Plan Width": 4,
                        "Actual Startup Time": 0.149,
                        "Actual Total Time": 142.869,
                        "Actual Rows": 132018,
                        "Actual Loops": 2,
                        "Filter": "((kind_id < 7) AND (production_year < 1973))",
                        "Rows Removed by Filter": 1132138
                      }
                    ]
                  }
                ]
              }
            ]
          }
        ]
      }
    ]
  },
  "Planning Time": 0.596,
  "Triggers": [],
  "Execution Time": 3972.466
}