{
    "Plan": {
        "Node Type": "Aggregate",
        "Strategy": "Plain",
        "Partial Mode": "Finalize",
        "Parallel Aware": false,
        "Startup Cost": 130983.37,
        "Total Cost": 130983.38,
        "Plan Rows": 1,
        "Plan Width": 8,
        "Actual Startup Time": 333.171,
        "Actual Total Time": 366.639,
        "Actual Rows": 1,
        "Actual Loops": 1,
        "Output": [
            "count(*)"
        ],
        "Plans": [
            {
                "Node Type": "Gather",
                "Parent Relationship": "Outer",
                "Parallel Aware": false,
                "Startup Cost": 130983.06,
                "Total Cost": 130983.37,
                "Plan Rows": 3,
                "Plan Width": 8,
                "Actual Startup Time": 331.408,
                "Actual Total Time": 366.629,
                "Actual Rows": 4,
                "Actual Loops": 1,
                "Output": [
                    "(PARTIAL count(*))"
                ],
                "Workers Planned": 3,
                "Workers Launched": 3,
                "Single Copy": false,
                "Plans": [
                    {
                        "Node Type": "Aggregate",
                        "Strategy": "Plain",
                        "Partial Mode": "Partial",
                        "Parent Relationship": "Outer",
                        "Parallel Aware": false,
                        "Startup Cost": 129983.06,
                        "Total Cost": 129983.07,
                        "Plan Rows": 1,
                        "Plan Width": 8,
                        "Actual Startup Time": 322.005,
                        "Actual Total Time": 322.008,
                        "Actual Rows": 1,
                        "Actual Loops": 4,
                        "Output": [
                            "PARTIAL count(*)"
                        ],
                        "Workers": [
                            {
                                "Worker Number": 0,
                                "Actual Startup Time": 319.116,
                                "Actual Total Time": 319.119,
                                "Actual Rows": 1,
                                "Actual Loops": 1
                            },
                            {
                                "Worker Number": 1,
                                "Actual Startup Time": 318.828,
                                "Actual Total Time": 318.831,
                                "Actual Rows": 1,
                                "Actual Loops": 1
                            },
                            {
                                "Worker Number": 2,
                                "Actual Startup Time": 319.456,
                                "Actual Total Time": 319.459,
                                "Actual Rows": 1,
                                "Actual Loops": 1
                            }
                        ],
                        "Plans": [
                            {
                                "Node Type": "Nested Loop",
                                "Parent Relationship": "Outer",
                                "Parallel Aware": false,
                                "Join Type": "Inner",
                                "Startup Cost": 46598.03,
                                "Total Cost": 129791.44,
                                "Plan Rows": 76648,
                                "Plan Width": 0,
                                "Actual Startup Time": 187.111,
                                "Actual Total Time": 317.029,
                                "Actual Rows": 100682,
                                "Actual Loops": 4,
                                "Inner Unique": false,
                                "Workers": [
                                    {
                                        "Worker Number": 0,
                                        "Actual Startup Time": 184.002,
                                        "Actual Total Time": 314.535,
                                        "Actual Rows": 81639,
                                        "Actual Loops": 1
                                    },
                                    {
                                        "Worker Number": 1,
                                        "Actual Startup Time": 184.02,
                                        "Actual Total Time": 314.28,
                                        "Actual Rows": 80928,
                                        "Actual Loops": 1
                                    },
                                    {
                                        "Worker Number": 2,
                                        "Actual Startup Time": 184.657,
                                        "Actual Total Time": 314.736,
                                        "Actual Rows": 86351,
                                        "Actual Loops": 1
                                    }
                                ],
                                "Plans": [
                                    {
                                        "Node Type": "Hash Join",
                                        "Parent Relationship": "Outer",
                                        "Parallel Aware": true,
                                        "Join Type": "Inner",
                                        "Startup Cost": 46597.6,
                                        "Total Cost": 78255.98,
                                        "Plan Rows": 13134,
                                        "Plan Width": 8,
                                        "Actual Startup Time": 187.002,
                                        "Actual Total Time": 209.106,
                                        "Actual Rows": 3585,
                                        "Actual Loops": 4,
                                        "Output": [
                                            "t.id",
                                            "mc.movie_id"
                                        ],
                                        "Inner Unique": true,
                                        "Hash Cond": "(mc.movie_id = t.id)",
                                        "Workers": [
                                            {
                                                "Worker Number": 0,
                                                "Actual Startup Time": 183.849,
                                                "Actual Total Time": 204.017,
                                                "Actual Rows": 2917,
                                                "Actual Loops": 1
                                            },
                                            {
                                                "Worker Number": 1,
                                                "Actual Startup Time": 183.889,
                                                "Actual Total Time": 203.756,
                                                "Actual Rows": 2866,
                                                "Actual Loops": 1
                                            },
                                            {
                                                "Worker Number": 2,
                                                "Actual Startup Time": 184.535,
                                                "Actual Total Time": 203.599,
                                                "Actual Rows": 3028,
                                                "Actual Loops": 1
                                            }
                                        ],
                                        "Plans": [
                                            {
                                                "Node Type": "Seq Scan",
                                                "Parent Relationship": "Outer",
                                                "Parallel Aware": true,
                                                "Relation Name": "movie_companies",
                                                "Schema": "public",
                                                "Alias": "mc",
                                                "Startup Cost": 0.0,
                                                "Total Cost": 31414.82,
                                                "Plan Rows": 92787,
                                                "Plan Width": 4,
                                                "Actual Startup Time": 29.16,
                                                "Actual Total Time": 55.692,
                                                "Actual Rows": 36517,
                                                "Actual Loops": 4,
                                                "Output": [
                                                    "mc.id",
                                                    "mc.movie_id",
                                                    "mc.company_id",
                                                    "mc.company_type_id",
                                                    "mc.note"
                                                ],
                                                "Filter": "((mc.company_id < 596) AND (mc.company_type_id > 1))",
                                                "Rows Removed by Filter": 615765,
                                                "Workers": [
                                                    {
                                                        "Worker Number": 0,
                                                        "Actual Startup Time": 29.158,
                                                        "Actual Total Time": 53.987,
                                                        "Actual Rows": 32936,
                                                        "Actual Loops": 1
                                                    },
                                                    {
                                                        "Worker Number": 1,
                                                        "Actual Startup Time": 29.167,
                                                        "Actual Total Time": 54.046,
                                                        "Actual Rows": 32255,
                                                        "Actual Loops": 1
                                                    },
                                                    {
                                                        "Worker Number": 2,
                                                        "Actual Startup Time": 29.156,
                                                        "Actual Total Time": 54.094,
                                                        "Actual Rows": 34064,
                                                        "Actual Loops": 1
                                                    }
                                                ]
                                            },
                                            {
                                                "Node Type": "Hash",
                                                "Parent Relationship": "Inner",
                                                "Parallel Aware": true,
                                                "Startup Cost": 45479.21,
                                                "Total Cost": 45479.21,
                                                "Plan Rows": 89471,
                                                "Plan Width": 4,
                                                "Actual Startup Time": 135.813,
                                                "Actual Total Time": 135.814,
                                                "Actual Rows": 106143,
                                                "Actual Loops": 4,
                                                "Output": [
                                                    "t.id"
                                                ],
                                                "Hash Buckets": 524288,
                                                "Original Hash Buckets": 524288,
                                                "Hash Batches": 1,
                                                "Original Hash Batches": 1,
                                                "Peak Memory Usage": 20768,
                                                "Workers": [
                                                    {
                                                        "Worker Number": 0,
                                                        "Actual Startup Time": 135.67,
                                                        "Actual Total Time": 135.671,
                                                        "Actual Rows": 100475,
                                                        "Actual Loops": 1
                                                    },
                                                    {
                                                        "Worker Number": 1,
                                                        "Actual Startup Time": 135.734,
                                                        "Actual Total Time": 135.735,
                                                        "Actual Rows": 98360,
                                                        "Actual Loops": 1
                                                    },
                                                    {
                                                        "Worker Number": 2,
                                                        "Actual Startup Time": 136.341,
                                                        "Actual Total Time": 136.342,
                                                        "Actual Rows": 105254,
                                                        "Actual Loops": 1
                                                    }
                                                ],
                                                "Plans": [
                                                    {
                                                        "Node Type": "Seq Scan",
                                                        "Parent Relationship": "Outer",
                                                        "Parallel Aware": true,
                                                        "Relation Name": "title",
                                                        "Schema": "public",
                                                        "Alias": "t",
                                                        "Startup Cost": 0.0,
                                                        "Total Cost": 45479.21,
                                                        "Plan Rows": 89471,
                                                        "Plan Width": 4,
                                                        "Actual Startup Time": 62.129,
                                                        "Actual Total Time": 102.962,
                                                        "Actual Rows": 106143,
                                                        "Actual Loops": 4,
                                                        "Output": [
                                                            "t.id"
                                                        ],
                                                        "Filter": "((t.production_year < 2005) AND (t.kind_id = 1))",
                                                        "Rows Removed by Filter": 525935,
                                                        "Workers": [
                                                            {
                                                                "Worker Number": 0,
                                                                "Actual Startup Time": 61.907,
                                                                "Actual Total Time": 103.784,
                                                                "Actual Rows": 100475,
                                                                "Actual Loops": 1
                                                            },
                                                            {
                                                                "Worker Number": 1,
                                                                "Actual Startup Time": 61.969,
                                                                "Actual Total Time": 103.578,
                                                                "Actual Rows": 98360,
                                                                "Actual Loops": 1
                                                            },
                                                            {
                                                                "Worker Number": 2,
                                                                "Actual Startup Time": 62.398,
                                                                "Actual Total Time": 103.684,
                                                                "Actual Rows": 105254,
                                                                "Actual Loops": 1
                                                            }
                                                        ]
                                                    }
                                                ]
                                            }
                                        ]
                                    },
                                    {
                                        "Node Type": "Index Only Scan",
                                        "Parent Relationship": "Inner",
                                        "Parallel Aware": false,
                                        "Scan Direction": "Forward",
                                        "Index Name": "movie_id_movie_info",
                                        "Relation Name": "movie_info",
                                        "Schema": "public",
                                        "Alias": "mi",
                                        "Startup Cost": 0.43,
                                        "Total Cost": 3.53,
                                        "Plan Rows": 39,
                                        "Plan Width": 4,
                                        "Actual Startup Time": 0.008,
                                        "Actual Total Time": 0.028,
                                        "Actual Rows": 28,
                                        "Actual Loops": 14341,
                                        "Output": [
                                            "mi.movie_id"
                                        ],
                                        "Index Cond": "(mi.movie_id = t.id)",
                                        "Rows Removed by Index Recheck": 0,
                                        "Heap Fetches": 402727,
                                        "Workers": [
                                            {
                                                "Worker Number": 0,
                                                "Actual Startup Time": 0.01,
                                                "Actual Total Time": 0.035,
                                                "Actual Rows": 28,
                                                "Actual Loops": 2917
                                            },
                                            {
                                                "Worker Number": 1,
                                                "Actual Startup Time": 0.01,
                                                "Actual Total Time": 0.036,
                                                "Actual Rows": 28,
                                                "Actual Loops": 2866
                                            },
                                            {
                                                "Worker Number": 2,
                                                "Actual Startup Time": 0.009,
                                                "Actual Total Time": 0.034,
                                                "Actual Rows": 29,
                                                "Actual Loops": 3028
                                            }
                                        ]
                                    }
                                ]
                            }
                        ]
                    }
                ]
            }
        ]
    },
    "Planning Time": 1.614,
    "Triggers": [],
    "Execution Time": 366.728
}