[
  {
    "Plan": {
      "Node Type": "Aggregate",
      "Strategy": "Plain",
      "Partial Mode": "Finalize",
      "Parallel Aware": false,
      "Startup Cost": 120753.82,
      "Total Cost": 120753.83,
      "Plan Rows": 1,
      "Plan Width": 8,
      "Actual Startup Time": 183.305,
      "Actual Total Time": 196.71,
      "Actual Rows": 1,
      "Actual Loops": 1,
      "Plans": [
        {
          "Node Type": "Gather",
          "Parent Relationship": "Outer",
          "Parallel Aware": false,
          "Startup Cost": 120753.29,
          "Total Cost": 120753.8,
          "Plan Rows": 5,
          "Plan Width": 8,
          "Actual Startup Time": 183.186,
          "Actual Total Time": 196.695,
          "Actual Rows": 6,
          "Actual Loops": 1,
          "Workers Planned": 5,
          "Workers Launched": 5,
          "Single Copy": false,
          "Plans": [
            {
              "Node Type": "Aggregate",
              "Strategy": "Plain",
              "Partial Mode": "Partial",
              "Parent Relationship": "Outer",
              "Parallel Aware": false,
              "Startup Cost": 119753.29,
              "Total Cost": 119753.3,
              "Plan Rows": 1,
              "Plan Width": 8,
              "Actual Startup Time": 177.91,
              "Actual Total Time": 177.911,
              "Actual Rows": 1,
              "Actual Loops": 6,
              "Plans": [
                {
                  "Node Type": "Index Scan",
                  "Parent Relationship": "Outer",
                  "Parallel Aware": true,
                  "Scan Direction": "Forward",
                  "Index Name": "role_id_cast_info",
                  "Relation Name": "cast_info",
                  "Alias": "ci",
                  "Startup Cost": 0.56,
                  "Total Cost": 118067.1,
                  "Plan Rows": 674476,
                  "Plan Width": 0,
                  "Actual Startup Time": 0.086,
                  "Actual Total Time": 146.6,
                  "Actual Rows": 667766,
                  "Actual Loops": 6,
                  "Index Cond": "(role_id = 10)",
                  "Rows Removed by Index Recheck": 0,
                  "Filter": "(person_id > 794785)",
                  "Rows Removed by Filter": 52737
                }
              ]
            }
          ]
        }
      ]
    },
    "Planning Time": 0.314,
    "Triggers": [],
    "Execution Time": 196.775
  }
]