{
  "Plan": {
    "Node Type": "Aggregate",
    "Strategy": "Plain",
    "Partial Mode": "Finalize",
    "Parallel Aware": false,
    "Startup Cost": 342025.93,
    "Total Cost": 342025.94,
    "Plan Rows": 1,
    "Plan Width": 8,
    "Actual Startup Time": 1339.622,
    "Actual Total Time": 1386.84,
    "Actual Rows": 1,
    "Actual Loops": 1,
    "Plans": [
      {
        "Node Type": "Gather",
        "Parent Relationship": "Outer",
        "Parallel Aware": false,
        "Startup Cost": 342025.82,
        "Total Cost": 342025.93,
        "Plan Rows": 1,
        "Plan Width": 8,
        "Actual Startup Time": 1338.948,
        "Actual Total Time": 1386.83,
        "Actual Rows": 2,
        "Actual Loops": 1,
        "Workers Planned": 1,
        "Workers Launched": 1,
        "Single Copy": false,
        "Plans": [
          {
            "Node Type": "Aggregate",
            "Strategy": "Plain",
            "Partial Mode": "Partial",
            "Parent Relationship": "Outer",
            "Parallel Aware": false,
            "Startup Cost": 341025.82,
            "Total Cost": 341025.83,
            "Plan Rows": 1,
            "Plan Width": 8,
            "Actual Startup Time": 1333.367,
            "Actual Total Time": 1333.372,
            "Actual Rows": 1,
            "Actual Loops": 2,
            "Plans": [
              {
                "Node Type": "Hash Join",
                "Parent Relationship": "Outer",
                "Parallel Aware": true,
                "Join Type": "Inner",
                "Startup Cost": 59850.94,
                "Total Cost": 340257.52,
                "Plan Rows": 307319,
                "Plan Width": 0,
                "Actual Startup Time": 222.219,
                "Actual Total Time": 1317.654,
                "Actual Rows": 286804,
                "Actual Loops": 2,
                "Inner Unique": true,
                "Hash Cond": "(mi.movie_id = t.id)",
                "Plans": [
                  {
                    "Node Type": "Seq Scan",
                    "Parent Relationship": "Outer",
                    "Parallel Aware": true,
                    "Relation Name": "movie_info",
                    "Alias": "mi",
                    "Startup Cost": 0.0,
                    "Total Cost": 270696.42,
                    "Plan Rows": 3699105,
                    "Plan Width": 4,
                    "Actual Startup Time": 38.468,
                    "Actual Total Time": 748.047,
                    "Actual Rows": 3111747,
                    "Actual Loops": 2,
                    "Filter": "(info_type_id > 8)",
                    "Rows Removed by Filter": 4306113
                  },
                  {
                    "Node Type": "Hash",
                    "Parent Relationship": "Inner",
                    "Parallel Aware": true,
                    "Startup Cost": 58306.47,
                    "Total Cost": 58306.47,
                    "Plan Rows": 123558,
                    "Plan Width": 4,
                    "Actual Startup Time": 180.181,
                    "Actual Total Time": 180.182,
                    "Actual Rows": 91918,
                    "Actual Loops": 2,
                    "Hash Buckets": 262144,
                    "Original Hash Buckets": 262144,
                    "Hash Batches": 1,
                    "Original Hash Batches": 1,
                    "Peak Memory Usage": 9248,
                    "Plans": [
                      {
                        "Node Type": "Seq Scan",
                        "Parent Relationship": "Outer",
                        "Parallel Aware": true,
                        "Relation Name": "title",
                        "Alias": "t",
                        "Startup Cost": 0.0,
                        "Total Cost": 58306.47,
                        "Plan Rows": 123558,
                        "Plan Width": 4,
                        "Actual Startup Time": 0.074,
                        "Actual Total Time": 155.778,
                        "Actual Rows": 91918,
                        "Actual Loops": 2,
                        "Filter": "((kind_id < 7) AND (production_year > 2009))",
                        "Rows Removed by Filter": 1172238
                      }
                    ]
                  }
                ]
              }
            ]
          }
        ]
      }
    ]
  },
  "Planning Time": 0.604,
  "Triggers": [],
  "Execution Time": 1386.921
}