[
  {
    "Plan": {
      "Node Type": "Aggregate",
      "Strategy": "Plain",
      "Partial Mode": "Finalize",
      "Parallel Aware": false,
      "Startup Cost": 29508.8,
      "Total Cost": 29508.81,
      "Plan Rows": 1,
      "Plan Width": 8,
      "Actual Startup Time": 86.415,
      "Actual Total Time": 90.787,
      "Actual Rows": 1,
      "Actual Loops": 1,
      "Plans": [
        {
          "Node Type": "Gather",
          "Parent Relationship": "Outer",
          "Parallel Aware": false,
          "Startup Cost": 29508.48,
          "Total Cost": 29508.79,
          "Plan Rows": 3,
          "Plan Width": 8,
          "Actual Startup Time": 86.203,
          "Actual Total Time": 90.781,
          "Actual Rows": 4,
          "Actual Loops": 1,
          "Workers Planned": 3,
          "Workers Launched": 3,
          "Single Copy": false,
          "Plans": [
            {
              "Node Type": "Aggregate",
              "Strategy": "Plain",
              "Partial Mode": "Partial",
              "Parent Relationship": "Outer",
              "Parallel Aware": false,
              "Startup Cost": 28508.48,
              "Total Cost": 28508.49,
              "Plan Rows": 1,
              "Plan Width": 8,
              "Actual Startup Time": 77.528,
              "Actual Total Time": 77.529,
              "Actual Rows": 1,
              "Actual Loops": 4,
              "Plans": [
                {
                  "Node Type": "Bitmap Heap Scan",
                  "Parent Relationship": "Outer",
                  "Parallel Aware": true,
                  "Relation Name": "movie_companies",
                  "Alias": "mc",
                  "Startup Cost": 7814.41,
                  "Total Cost": 28359.02,
                  "Plan Rows": 59782,
                  "Plan Width": 0,
                  "Actual Startup Time": 64.42,
                  "Actual Total Time": 76.413,
                  "Actual Rows": 20185,
                  "Actual Loops": 4,
                  "Recheck Cond": "(company_id < 181)",
                  "Rows Removed by Index Recheck": 0,
                  "Filter": "(company_type_id = 2)",
                  "Rows Removed by Filter": 69331,
                  "Exact Heap Blocks": 10296,
                  "Lossy Heap Blocks": 0,
                  "Plans": [
                    {
                      "Node Type": "Bitmap Index Scan",
                      "Parent Relationship": "Outer",
                      "Parallel Aware": false,
                      "Index Name": "company_id_movie_companies",
                      "Startup Cost": 0.0,
                      "Total Cost": 7768.08,
                      "Plan Rows": 362620,
                      "Plan Width": 0,
                      "Actual Startup Time": 34.257,
                      "Actual Total Time": 34.257,
                      "Actual Rows": 358065,
                      "Actual Loops": 1,
                      "Index Cond": "(company_id < 181)"
                    }
                  ]
                }
              ]
            }
          ]
        }
      ]
    },
    "Planning Time": 0.187,
    "Triggers": [],
    "Execution Time": 90.855
  }
]