{
  "Plan": {
    "Node Type": "Aggregate",
    "Strategy": "Plain",
    "Partial Mode": "Finalize",
    "Parallel Aware": false,
    "Startup Cost": 79270.68,
    "Total Cost": 79270.69,
    "Plan Rows": 1,
    "Plan Width": 8,
    "Actual Startup Time": 312.968,
    "Actual Total Time": 323.072,
    "Actual Rows": 1,
    "Actual Loops": 1,
    "Plans": [
      {
        "Node Type": "Gather",
        "Parent Relationship": "Outer",
        "Parallel Aware": false,
        "Startup Cost": 79270.57,
        "Total Cost": 79270.68,
        "Plan Rows": 1,
        "Plan Width": 8,
        "Actual Startup Time": 312.477,
        "Actual Total Time": 323.063,
        "Actual Rows": 2,
        "Actual Loops": 1,
        "Workers Planned": 1,
        "Workers Launched": 1,
        "Single Copy": false,
        "Plans": [
          {
            "Node Type": "Aggregate",
            "Strategy": "Plain",
            "Partial Mode": "Partial",
            "Parent Relationship": "Outer",
            "Parallel Aware": false,
            "Startup Cost": 78270.57,
            "Total Cost": 78270.58,
            "Plan Rows": 1,
            "Plan Width": 8,
            "Actual Startup Time": 306.407,
            "Actual Total Time": 306.411,
            "Actual Rows": 1,
            "Actual Loops": 2,
            "Plans": [
              {
                "Node Type": "Hash Join",
                "Parent Relationship": "Outer",
                "Parallel Aware": true,
                "Join Type": "Inner",
                "Startup Cost": 39963.04,
                "Total Cost": 78129.67,
                "Plan Rows": 56358,
                "Plan Width": 0,
                "Actual Startup Time": 109.516,
                "Actual Total Time": 303.521,
                "Actual Rows": 67562,
                "Actual Loops": 2,
                "Inner Unique": true,
                "Hash Cond": "(mc.movie_id = t.id)",
                "Plans": [
                  {
                    "Node Type": "Seq Scan",
                    "Parent Relationship": "Outer",
                    "Parallel Aware": true,
                    "Relation Name": "movie_companies",
                    "Alias": "mc",
                    "Startup Cost": 0.0,
                    "Total Cost": 34137.82,
                    "Plan Rows": 1534782,
                    "Plan Width": 4,
                    "Actual Startup Time": 0.014,
                    "Actual Total Time": 98.998,
                    "Actual Rows": 1304564,
                    "Actual Loops": 2
                  },
                  {
                    "Node Type": "Hash",
                    "Parent Relationship": "Inner",
                    "Parallel Aware": true,
                    "Startup Cost": 39280.39,
                    "Total Cost": 39280.39,
                    "Plan Rows": 54612,
                    "Plan Width": 4,
                    "Actual Startup Time": 68.021,
                    "Actual Total Time": 68.022,
                    "Actual Rows": 48419,
                    "Actual Loops": 2,
                    "Hash Buckets": 131072,
                    "Original Hash Buckets": 131072,
                    "Hash Batches": 1,
                    "Original Hash Batches": 1,
                    "Peak Memory Usage": 4832,
                    "Plans": [
                      {
                        "Node Type": "Bitmap Heap Scan",
                        "Parent Relationship": "Outer",
                        "Parallel Aware": true,
                        "Relation Name": "title",
                        "Alias": "t",
                        "Startup Cost": 2204.15,
                        "Total Cost": 39280.39,
                        "Plan Rows": 54612,
                        "Plan Width": 4,
                        "Actual Startup Time": 18.279,
                        "Actual Total Time": 55.989,
                        "Actual Rows": 48419,
                        "Actual Loops": 2,
                        "Recheck Cond": "(kind_id = 4)",
                        "Rows Removed by Index Recheck": 0,
                        "Filter": "(production_year < 2010)",
                        "Rows Removed by Filter": 10698,
                        "Exact Heap Blocks": 9862,
                        "Lossy Heap Blocks": 0,
                        "Plans": [
                          {
                            "Node Type": "Bitmap Index Scan",
                            "Parent Relationship": "Outer",
                            "Parallel Aware": false,
                            "Index Name": "kind_id_title",
                            "Startup Cost": 0.0,
                            "Total Cost": 2180.94,
                            "Plan Rows": 122201,
                            "Plan Width": 0,
                            "Actual Startup Time": 17.042,
                            "Actual Total Time": 17.042,
                            "Actual Rows": 118234,
                            "Actual Loops": 1,
                            "Index Cond": "(kind_id = 4)"
                          }
                        ]
                      }
                    ]
                  }
                ]
              }
            ]
          }
        ]
      }
    ]
  },
  "Planning Time": 0.453,
  "Triggers": [],
  "Execution Time": 323.166
}