{
  "Plan": {
    "Node Type": "Aggregate",
    "Strategy": "Plain",
    "Partial Mode": "Finalize",
    "Parallel Aware": false,
    "Startup Cost": 68578.12,
    "Total Cost": 68578.13,
    "Plan Rows": 1,
    "Plan Width": 8,
    "Actual Startup Time": 154.792,
    "Actual Total Time": 167.626,
    "Actual Rows": 1,
    "Actual Loops": 1,
    "Plans": [
      {
        "Node Type": "Gather",
        "Parent Relationship": "Outer",
        "Parallel Aware": false,
        "Startup Cost": 68578.01,
        "Total Cost": 68578.12,
        "Plan Rows": 1,
        "Plan Width": 8,
        "Actual Startup Time": 154.555,
        "Actual Total Time": 167.617,
        "Actual Rows": 2,
        "Actual Loops": 1,
        "Workers Planned": 1,
        "Workers Launched": 1,
        "Single Copy": false,
        "Plans": [
          {
            "Node Type": "Aggregate",
            "Strategy": "Plain",
            "Partial Mode": "Partial",
            "Parent Relationship": "Outer",
            "Parallel Aware": false,
            "Startup Cost": 67578.01,
            "Total Cost": 67578.02,
            "Plan Rows": 1,
            "Plan Width": 8,
            "Actual Startup Time": 148.515,
            "Actual Total Time": 148.517,
            "Actual Rows": 1,
            "Actual Loops": 2,
            "Plans": [
              {
                "Node Type": "Nested Loop",
                "Parent Relationship": "Outer",
                "Parallel Aware": false,
                "Join Type": "Inner",
                "Startup Cost": 0.86,
                "Total Cost": 67575.57,
                "Plan Rows": 977,
                "Plan Width": 0,
                "Actual Startup Time": 94.349,
                "Actual Total Time": 148.431,
                "Actual Rows": 1306,
                "Actual Loops": 2,
                "Inner Unique": false,
                "Join Filter": "(t.id = mc.movie_id)",
                "Rows Removed by Join Filter": 0,
                "Plans": [
                  {
                    "Node Type": "Nested Loop",
                    "Parent Relationship": "Outer",
                    "Parallel Aware": false,
                    "Join Type": "Inner",
                    "Startup Cost": 0.43,
                    "Total Cost": 66948.6,
                    "Plan Rows": 947,
                    "Plan Width": 8,
                    "Actual Startup Time": 94.275,
                    "Actual Total Time": 145.59,
                    "Actual Rows": 348,
                    "Actual Loops": 2,
                    "Inner Unique": false,
                    "Plans": [
                      {
                        "Node Type": "Seq Scan",
                        "Parent Relationship": "Outer",
                        "Parallel Aware": true,
                        "Relation Name": "title",
                        "Alias": "t",
                        "Startup Cost": 0.0,
                        "Total Cost": 54588.39,
                        "Plan Rows": 1735,
                        "Plan Width": 4,
                        "Actual Startup Time": 73.667,
                        "Actual Total Time": 135.084,
                        "Actual Rows": 1533,
                        "Actual Loops": 2,
                        "Filter": "(production_year = 1922)",
                        "Rows Removed by Filter": 1262623
                      },
                      {
                        "Node Type": "Index Only Scan",
                        "Parent Relationship": "Inner",
                        "Parallel Aware": false,
                        "Scan Direction": "Forward",
                        "Index Name": "movie_id_movie_info_idx",
                        "Relation Name": "movie_info_idx",
                        "Alias": "mi_idx",
                        "Startup Cost": 0.43,
                        "Total Cost": 7.09,
                        "Plan Rows": 3,
                        "Plan Width": 4,
                        "Actual Startup Time": 0.006,
                        "Actual Total Time": 0.007,
                        "Actual Rows": 0,
                        "Actual Loops": 3066,
                        "Index Cond": "(movie_id = t.id)",
                        "Rows Removed by Index Recheck": 0,
                        "Heap Fetches": 697
                      }
                    ]
                  },
                  {
                    "Node Type": "Index Only Scan",
                    "Parent Relationship": "Inner",
                    "Parallel Aware": false,
                    "Scan Direction": "Forward",
                    "Index Name": "movie_id_movie_companies",
                    "Relation Name": "movie_companies",
                    "Alias": "mc",
                    "Startup Cost": 0.43,
                    "Total Cost": 0.6,
                    "Plan Rows": 5,
                    "Plan Width": 4,
                    "Actual Startup Time": 0.006,
                    "Actual Total Time": 0.008,
                    "Actual Rows": 4,
                    "Actual Loops": 697,
                    "Index Cond": "(movie_id = mi_idx.movie_id)",
                    "Rows Removed by Index Recheck": 0,
                    "Heap Fetches": 2611
                  }
                ]
              }
            ]
          }
        ]
      }
    ]
  },
  "Planning Time": 0.836,
  "Triggers": [],
  "Execution Time": 167.757
}