{
    "Plan": {
        "Node Type": "Aggregate",
        "Strategy": "Plain",
        "Partial Mode": "Finalize",
        "Parallel Aware": false,
        "Startup Cost": 92170.74,
        "Total Cost": 92170.75,
        "Plan Rows": 1,
        "Plan Width": 8,
        "Actual Startup Time": 330.419,
        "Actual Total Time": 355.377,
        "Actual Rows": 1,
        "Actual Loops": 1,
        "Output": [
            "count(*)"
        ],
        "Plans": [
            {
                "Node Type": "Gather",
                "Parent Relationship": "Outer",
                "Parallel Aware": false,
                "Startup Cost": 92170.42,
                "Total Cost": 92170.73,
                "Plan Rows": 3,
                "Plan Width": 8,
                "Actual Startup Time": 329.809,
                "Actual Total Time": 355.363,
                "Actual Rows": 4,
                "Actual Loops": 1,
                "Output": [
                    "(PARTIAL count(*))"
                ],
                "Workers Planned": 3,
                "Workers Launched": 3,
                "Single Copy": false,
                "Plans": [
                    {
                        "Node Type": "Aggregate",
                        "Strategy": "Plain",
                        "Partial Mode": "Partial",
                        "Parent Relationship": "Outer",
                        "Parallel Aware": false,
                        "Startup Cost": 91170.42,
                        "Total Cost": 91170.43,
                        "Plan Rows": 1,
                        "Plan Width": 8,
                        "Actual Startup Time": 322.114,
                        "Actual Total Time": 322.121,
                        "Actual Rows": 1,
                        "Actual Loops": 4,
                        "Output": [
                            "PARTIAL count(*)"
                        ],
                        "Workers": [
                            {
                                "Worker Number": 0,
                                "Actual Startup Time": 321.484,
                                "Actual Total Time": 321.492,
                                "Actual Rows": 1,
                                "Actual Loops": 1
                            },
                            {
                                "Worker Number": 1,
                                "Actual Startup Time": 318.942,
                                "Actual Total Time": 318.945,
                                "Actual Rows": 1,
                                "Actual Loops": 1
                            },
                            {
                                "Worker Number": 2,
                                "Actual Startup Time": 318.903,
                                "Actual Total Time": 318.915,
                                "Actual Rows": 1,
                                "Actual Loops": 1
                            }
                        ],
                        "Plans": [
                            {
                                "Node Type": "Hash Join",
                                "Parent Relationship": "Outer",
                                "Parallel Aware": true,
                                "Join Type": "Inner",
                                "Startup Cost": 45803.56,
                                "Total Cost": 91069.91,
                                "Plan Rows": 40202,
                                "Plan Width": 0,
                                "Actual Startup Time": 154.396,
                                "Actual Total Time": 320.521,
                                "Actual Rows": 28256,
                                "Actual Loops": 4,
                                "Inner Unique": true,
                                "Hash Cond": "(mk.movie_id = t.id)",
                                "Workers": [
                                    {
                                        "Worker Number": 0,
                                        "Actual Startup Time": 153.753,
                                        "Actual Total Time": 319.946,
                                        "Actual Rows": 32423,
                                        "Actual Loops": 1
                                    },
                                    {
                                        "Worker Number": 1,
                                        "Actual Startup Time": 151.256,
                                        "Actual Total Time": 317.396,
                                        "Actual Rows": 19925,
                                        "Actual Loops": 1
                                    },
                                    {
                                        "Worker Number": 2,
                                        "Actual Startup Time": 151.197,
                                        "Actual Total Time": 317.325,
                                        "Actual Rows": 20894,
                                        "Actual Loops": 1
                                    }
                                ],
                                "Plans": [
                                    {
                                        "Node Type": "Seq Scan",
                                        "Parent Relationship": "Outer",
                                        "Parallel Aware": true,
                                        "Relation Name": "movie_keyword",
                                        "Schema": "public",
                                        "Alias": "mk",
                                        "Startup Cost": 0.0,
                                        "Total Cost": 42695.65,
                                        "Plan Rows": 979315,
                                        "Plan Width": 4,
                                        "Actual Startup Time": 0.111,
                                        "Actual Total Time": 139.679,
                                        "Actual Rows": 759026,
                                        "Actual Loops": 4,
                                        "Output": [
                                            "mk.id",
                                            "mk.movie_id",
                                            "mk.keyword_id"
                                        ],
                                        "Filter": "(mk.keyword_id > 2128)",
                                        "Rows Removed by Filter": 371956,
                                        "Workers": [
                                            {
                                                "Worker Number": 0,
                                                "Actual Startup Time": 0.117,
                                                "Actual Total Time": 141.631,
                                                "Actual Rows": 824562,
                                                "Actual Loops": 1
                                            },
                                            {
                                                "Worker Number": 1,
                                                "Actual Startup Time": 0.088,
                                                "Actual Total Time": 142.584,
                                                "Actual Rows": 575292,
                                                "Actual Loops": 1
                                            },
                                            {
                                                "Worker Number": 2,
                                                "Actual Startup Time": 0.088,
                                                "Actual Total Time": 142.482,
                                                "Actual Rows": 571438,
                                                "Actual Loops": 1
                                            }
                                        ]
                                    },
                                    {
                                        "Node Type": "Hash",
                                        "Parent Relationship": "Inner",
                                        "Parallel Aware": true,
                                        "Startup Cost": 45479.21,
                                        "Total Cost": 45479.21,
                                        "Plan Rows": 25948,
                                        "Plan Width": 4,
                                        "Actual Startup Time": 113.05,
                                        "Actual Total Time": 113.051,
                                        "Actual Rows": 24748,
                                        "Actual Loops": 4,
                                        "Output": [
                                            "t.id"
                                        ],
                                        "Hash Buckets": 131072,
                                        "Original Hash Buckets": 131072,
                                        "Hash Batches": 1,
                                        "Original Hash Batches": 1,
                                        "Peak Memory Usage": 4960,
                                        "Workers": [
                                            {
                                                "Worker Number": 0,
                                                "Actual Startup Time": 113.577,
                                                "Actual Total Time": 113.578,
                                                "Actual Rows": 25679,
                                                "Actual Loops": 1
                                            },
                                            {
                                                "Worker Number": 1,
                                                "Actual Startup Time": 110.886,
                                                "Actual Total Time": 110.887,
                                                "Actual Rows": 18847,
                                                "Actual Loops": 1
                                            },
                                            {
                                                "Worker Number": 2,
                                                "Actual Startup Time": 110.942,
                                                "Actual Total Time": 110.943,
                                                "Actual Rows": 19561,
                                                "Actual Loops": 1
                                            }
                                        ],
                                        "Plans": [
                                            {
                                                "Node Type": "Seq Scan",
                                                "Parent Relationship": "Outer",
                                                "Parallel Aware": true,
                                                "Relation Name": "title",
                                                "Schema": "public",
                                                "Alias": "t",
                                                "Startup Cost": 0.0,
                                                "Total Cost": 45479.21,
                                                "Plan Rows": 25948,
                                                "Plan Width": 4,
                                                "Actual Startup Time": 51.218,
                                                "Actual Total Time": 104.775,
                                                "Actual Rows": 24748,
                                                "Actual Loops": 4,
                                                "Output": [
                                                    "t.id"
                                                ],
                                                "Filter": "((t.production_year > 2010) AND (t.kind_id = 1))",
                                                "Rows Removed by Filter": 607330,
                                                "Workers": [
                                                    {
                                                        "Worker Number": 0,
                                                        "Actual Startup Time": 65.928,
                                                        "Actual Total Time": 104.741,
                                                        "Actual Rows": 25679,
                                                        "Actual Loops": 1
                                                    },
                                                    {
                                                        "Worker Number": 1,
                                                        "Actual Startup Time": 63.182,
                                                        "Actual Total Time": 102.728,
                                                        "Actual Rows": 18847,
                                                        "Actual Loops": 1
                                                    },
                                                    {
                                                        "Worker Number": 2,
                                                        "Actual Startup Time": 63.332,
                                                        "Actual Total Time": 103.722,
                                                        "Actual Rows": 19561,
                                                        "Actual Loops": 1
                                                    }
                                                ]
                                            }
                                        ]
                                    }
                                ]
                            }
                        ]
                    }
                ]
            }
        ]
    },
    "Planning Time": 0.72,
    "Triggers": [],
    "Execution Time": 355.451
}