[
  {
    "Plan": {
      "Node Type": "Aggregate",
      "Strategy": "Plain",
      "Partial Mode": "Finalize",
      "Parallel Aware": false,
      "Startup Cost": 111915.77,
      "Total Cost": 111915.78,
      "Plan Rows": 1,
      "Plan Width": 8,
      "Actual Startup Time": 169.106,
      "Actual Total Time": 179.835,
      "Actual Rows": 1,
      "Actual Loops": 1,
      "Plans": [
        {
          "Node Type": "Gather",
          "Parent Relationship": "Outer",
          "Parallel Aware": false,
          "Startup Cost": 111915.25,
          "Total Cost": 111915.76,
          "Plan Rows": 5,
          "Plan Width": 8,
          "Actual Startup Time": 168.978,
          "Actual Total Time": 179.825,
          "Actual Rows": 6,
          "Actual Loops": 1,
          "Workers Planned": 5,
          "Workers Launched": 5,
          "Single Copy": false,
          "Plans": [
            {
              "Node Type": "Aggregate",
              "Strategy": "Plain",
              "Partial Mode": "Partial",
              "Parent Relationship": "Outer",
              "Parallel Aware": false,
              "Startup Cost": 110915.25,
              "Total Cost": 110915.26,
              "Plan Rows": 1,
              "Plan Width": 8,
              "Actual Startup Time": 158.898,
              "Actual Total Time": 158.899,
              "Actual Rows": 1,
              "Actual Loops": 6,
              "Plans": [
                {
                  "Node Type": "Index Scan",
                  "Parent Relationship": "Outer",
                  "Parallel Aware": true,
                  "Scan Direction": "Forward",
                  "Index Name": "role_id_cast_info",
                  "Relation Name": "cast_info",
                  "Alias": "ci",
                  "Startup Cost": 0.56,
                  "Total Cost": 110428.26,
                  "Plan Rows": 194797,
                  "Plan Width": 0,
                  "Actual Startup Time": 0.396,
                  "Actual Total Time": 151.772,
                  "Actual Rows": 113423,
                  "Actual Loops": 6,
                  "Index Cond": "(role_id = 3)",
                  "Rows Removed by Index Recheck": 0,
                  "Filter": "(person_id < 871358)",
                  "Rows Removed by Filter": 554583
                }
              ]
            }
          ]
        }
      ]
    },
    "Planning Time": 0.205,
    "Triggers": [],
    "Execution Time": 179.903
  }
]