[
  {
    "Plan": {
      "Node Type": "Aggregate",
      "Strategy": "Plain",
      "Partial Mode": "Finalize",
      "Parallel Aware": false,
      "Startup Cost": 117537.04,
      "Total Cost": 117537.05,
      "Plan Rows": 1,
      "Plan Width": 8,
      "Actual Startup Time": 673.535,
      "Actual Total Time": 690.77,
      "Actual Rows": 1,
      "Actual Loops": 1,
      "Plans": [
        {
          "Node Type": "Gather",
          "Parent Relationship": "Outer",
          "Parallel Aware": false,
          "Startup Cost": 117536.73,
          "Total Cost": 117537.04,
          "Plan Rows": 3,
          "Plan Width": 8,
          "Actual Startup Time": 659.967,
          "Actual Total Time": 690.762,
          "Actual Rows": 4,
          "Actual Loops": 1,
          "Workers Planned": 3,
          "Workers Launched": 3,
          "Single Copy": false,
          "Plans": [
            {
              "Node Type": "Aggregate",
              "Strategy": "Plain",
              "Partial Mode": "Partial",
              "Parent Relationship": "Outer",
              "Parallel Aware": false,
              "Startup Cost": 116536.73,
              "Total Cost": 116536.74,
              "Plan Rows": 1,
              "Plan Width": 8,
              "Actual Startup Time": 650.446,
              "Actual Total Time": 650.452,
              "Actual Rows": 1,
              "Actual Loops": 4,
              "Plans": [
                {
                  "Node Type": "Hash Join",
                  "Parent Relationship": "Outer",
                  "Parallel Aware": true,
                  "Join Type": "Inner",
                  "Startup Cost": 69108.35,
                  "Total Cost": 115841.45,
                  "Plan Rows": 278111,
                  "Plan Width": 0,
                  "Actual Startup Time": 409.331,
                  "Actual Total Time": 621.085,
                  "Actual Rows": 754484,
                  "Actual Loops": 4,
                  "Inner Unique": false,
                  "Hash Cond": "(mk.movie_id = t.id)",
                  "Plans": [
                    {
                      "Node Type": "Seq Scan",
                      "Parent Relationship": "Outer",
                      "Parallel Aware": true,
                      "Relation Name": "movie_keyword",
                      "Alias": "mk",
                      "Startup Cost": 0.0,
                      "Total Cost": 42695.65,
                      "Plan Rows": 767641,
                      "Plan Width": 4,
                      "Actual Startup Time": 0.045,
                      "Actual Total Time": 101.27,
                      "Actual Rows": 594396,
                      "Actual Loops": 4,
                      "Filter": "(keyword_id < 5443)",
                      "Rows Removed by Filter": 536586
                    },
                    {
                      "Node Type": "Hash",
                      "Parent Relationship": "Inner",
                      "Parallel Aware": true,
                      "Startup Cost": 64337.61,
                      "Total Cost": 64337.61,
                      "Plan Rows": 381659,
                      "Plan Width": 8,
                      "Actual Startup Time": 404.353,
                      "Actual Total Time": 404.357,
                      "Actual Rows": 213838,
                      "Actual Loops": 4,
                      "Hash Buckets": 1048576,
                      "Original Hash Buckets": 1048576,
                      "Hash Batches": 1,
                      "Original Hash Batches": 1,
                      "Peak Memory Usage": 41696,
                      "Plans": [
                        {
                          "Node Type": "Hash Join",
                          "Parent Relationship": "Outer",
                          "Parallel Aware": true,
                          "Join Type": "Inner",
                          "Startup Cost": 49143.05,
                          "Total Cost": 64337.61,
                          "Plan Rows": 381659,
                          "Plan Width": 8,
                          "Actual Startup Time": 250.454,
                          "Actual Total Time": 354.636,
                          "Actual Rows": 213838,
                          "Actual Loops": 4,
                          "Inner Unique": true,
                          "Hash Cond": "(mi_idx.movie_id = t.id)",
                          "Plans": [
                            {
                              "Node Type": "Seq Scan",
                              "Parent Relationship": "Outer",
                              "Parallel Aware": true,
                              "Relation Name": "movie_info_idx",
                              "Alias": "mi_idx",
                              "Startup Cost": 0.0,
                              "Total Cost": 13685.15,
                              "Plan Rows": 575015,
                              "Plan Width": 4,
                              "Actual Startup Time": 0.024,
                              "Actual Total Time": 28.495,
                              "Actual Rows": 345009,
                              "Actual Loops": 4
                            },
                            {
                              "Node Type": "Hash",
                              "Parent Relationship": "Inner",
                              "Parallel Aware": true,
                              "Startup Cost": 43898.92,
                              "Total Cost": 43898.92,
                              "Plan Rows": 419531,
                              "Plan Width": 4,
                              "Actual Startup Time": 246.106,
                              "Actual Total Time": 246.107,
                              "Actual Rows": 418385,
                              "Actual Loops": 4,
                              "Hash Buckets": 2097152,
                              "Original Hash Buckets": 2097152,
                              "Hash Batches": 1,
                              "Original Hash Batches": 1,
                              "Peak Memory Usage": 81920,
                              "Plans": [
                                {
                                  "Node Type": "Seq Scan",
                                  "Parent Relationship": "Outer",
                                  "Parallel Aware": true,
                                  "Relation Name": "title",
                                  "Alias": "t",
                                  "Startup Cost": 0.0,
                                  "Total Cost": 43898.92,
                                  "Plan Rows": 419531,
                                  "Plan Width": 4,
                                  "Actual Startup Time": 0.053,
                                  "Actual Total Time": 106.576,
                                  "Actual Rows": 418385,
                                  "Actual Loops": 4,
                                  "Filter": "(production_year > 1993)",
                                  "Rows Removed by Filter": 213693
                                }
                              ]
                            }
                          ]
                        }
                      ]
                    }
                  ]
                }
              ]
            }
          ]
        }
      ]
    },
    "Planning Time": 1.255,
    "Triggers": [],
    "Execution Time": 690.846
  }
]