[
  {
    "Plan": {
      "Node Type": "Aggregate",
      "Strategy": "Plain",
      "Partial Mode": "Finalize",
      "Parallel Aware": false,
      "Startup Cost": 269750.83,
      "Total Cost": 269750.84,
      "Plan Rows": 1,
      "Plan Width": 8,
      "Actual Startup Time": 172.681,
      "Actual Total Time": 204.548,
      "Actual Rows": 1,
      "Actual Loops": 1,
      "Plans": [
        {
          "Node Type": "Gather",
          "Parent Relationship": "Outer",
          "Parallel Aware": false,
          "Startup Cost": 269750.41,
          "Total Cost": 269750.82,
          "Plan Rows": 4,
          "Plan Width": 8,
          "Actual Startup Time": 172.477,
          "Actual Total Time": 204.53,
          "Actual Rows": 5,
          "Actual Loops": 1,
          "Workers Planned": 4,
          "Workers Launched": 4,
          "Single Copy": false,
          "Plans": [
            {
              "Node Type": "Aggregate",
              "Strategy": "Plain",
              "Partial Mode": "Partial",
              "Parent Relationship": "Outer",
              "Parallel Aware": false,
              "Startup Cost": 268750.41,
              "Total Cost": 268750.42,
              "Plan Rows": 1,
              "Plan Width": 8,
              "Actual Startup Time": 166.893,
              "Actual Total Time": 166.896,
              "Actual Rows": 1,
              "Actual Loops": 5,
              "Plans": [
                {
                  "Node Type": "Nested Loop",
                  "Parent Relationship": "Outer",
                  "Parallel Aware": false,
                  "Join Type": "Inner",
                  "Startup Cost": 0.56,
                  "Total Cost": 268711.08,
                  "Plan Rows": 15729,
                  "Plan Width": 0,
                  "Actual Startup Time": 0.487,
                  "Actual Total Time": 165.997,
                  "Actual Rows": 8953,
                  "Actual Loops": 5,
                  "Inner Unique": false,
                  "Plans": [
                    {
                      "Node Type": "Seq Scan",
                      "Parent Relationship": "Outer",
                      "Parallel Aware": true,
                      "Relation Name": "title",
                      "Alias": "t",
                      "Startup Cost": 0.0,
                      "Total Cost": 45479.59,
                      "Plan Rows": 2557,
                      "Plan Width": 4,
                      "Actual Startup Time": 0.055,
                      "Actual Total Time": 69.354,
                      "Actual Rows": 1848,
                      "Actual Loops": 5,
                      "Filter": "((kind_id = 7) AND (production_year = 1984))",
                      "Rows Removed by Filter": 503814
                    },
                    {
                      "Node Type": "Index Scan",
                      "Parent Relationship": "Inner",
                      "Parallel Aware": false,
                      "Scan Direction": "Forward",
                      "Index Name": "movie_id_cast_info",
                      "Relation Name": "cast_info",
                      "Alias": "ci",
                      "Startup Cost": 0.56,
                      "Total Cost": 87.15,
                      "Plan Rows": 15,
                      "Plan Width": 4,
                      "Actual Startup Time": 0.028,
                      "Actual Total Time": 0.051,
                      "Actual Rows": 5,
                      "Actual Loops": 9242,
                      "Index Cond": "(movie_id = t.id)",
                      "Rows Removed by Index Recheck": 0,
                      "Filter": "((person_id < 2472688) AND (role_id > 1))",
                      "Rows Removed by Filter": 10
                    }
                  ]
                }
              ]
            }
          ]
        }
      ]
    },
    "Planning Time": 0.276,
    "Triggers": [],
    "Execution Time": 204.595
  }
]