[
  {
    "Plan": {
      "Node Type": "Aggregate",
      "Strategy": "Plain",
      "Partial Mode": "Finalize",
      "Parallel Aware": false,
      "Startup Cost": 391219.16,
      "Total Cost": 391219.17,
      "Plan Rows": 1,
      "Plan Width": 8,
      "Actual Startup Time": 1532.515,
      "Actual Total Time": 1583.811,
      "Actual Rows": 1,
      "Actual Loops": 1,
      "Plans": [
        {
          "Node Type": "Gather",
          "Parent Relationship": "Outer",
          "Parallel Aware": false,
          "Startup Cost": 391218.53,
          "Total Cost": 391219.14,
          "Plan Rows": 6,
          "Plan Width": 8,
          "Actual Startup Time": 1529.569,
          "Actual Total Time": 1583.792,
          "Actual Rows": 7,
          "Actual Loops": 1,
          "Workers Planned": 6,
          "Workers Launched": 6,
          "Single Copy": false,
          "Plans": [
            {
              "Node Type": "Aggregate",
              "Strategy": "Plain",
              "Partial Mode": "Partial",
              "Parent Relationship": "Outer",
              "Parallel Aware": false,
              "Startup Cost": 390218.53,
              "Total Cost": 390218.54,
              "Plan Rows": 1,
              "Plan Width": 8,
              "Actual Startup Time": 1520.789,
              "Actual Total Time": 1520.793,
              "Actual Rows": 1,
              "Actual Loops": 7,
              "Plans": [
                {
                  "Node Type": "Hash Join",
                  "Parent Relationship": "Outer",
                  "Parallel Aware": true,
                  "Join Type": "Inner",
                  "Startup Cost": 46738.91,
                  "Total Cost": 388206.37,
                  "Plan Rows": 804864,
                  "Plan Width": 0,
                  "Actual Startup Time": 98.78,
                  "Actual Total Time": 1489.387,
                  "Actual Rows": 633225,
                  "Actual Loops": 7,
                  "Inner Unique": true,
                  "Hash Cond": "(ci.movie_id = t.id)",
                  "Plans": [
                    {
                      "Node Type": "Seq Scan",
                      "Parent Relationship": "Outer",
                      "Parallel Aware": true,
                      "Relation Name": "cast_info",
                      "Alias": "ci",
                      "Startup Cost": 0.0,
                      "Total Cost": 328211.39,
                      "Plan Rows": 5049922,
                      "Plan Width": 4,
                      "Actual Startup Time": 0.038,
                      "Actual Total Time": 651.559,
                      "Actual Rows": 4340546,
                      "Actual Loops": 7,
                      "Filter": "(person_id < 3058055)",
                      "Rows Removed by Filter": 837218
                    },
                    {
                      "Node Type": "Hash",
                      "Parent Relationship": "Inner",
                      "Parallel Aware": true,
                      "Startup Cost": 45479.59,
                      "Total Cost": 45479.59,
                      "Plan Rows": 100746,
                      "Plan Width": 4,
                      "Actual Startup Time": 96.855,
                      "Actual Total Time": 96.856,
                      "Actual Rows": 45725,
                      "Actual Loops": 7,
                      "Hash Buckets": 524288,
                      "Original Hash Buckets": 524288,
                      "Hash Batches": 1,
                      "Original Hash Batches": 1,
                      "Peak Memory Usage": 16768,
                      "Plans": [
                        {
                          "Node Type": "Seq Scan",
                          "Parent Relationship": "Outer",
                          "Parallel Aware": true,
                          "Relation Name": "title",
                          "Alias": "t",
                          "Startup Cost": 0.0,
                          "Total Cost": 45479.59,
                          "Plan Rows": 100746,
                          "Plan Width": 4,
                          "Actual Startup Time": 0.061,
                          "Actual Total Time": 75.06,
                          "Actual Rows": 45725,
                          "Actual Loops": 7,
                          "Filter": "((kind_id < 4) AND (production_year > 2003))",
                          "Rows Removed by Filter": 315462
                        }
                      ]
                    }
                  ]
                }
              ]
            }
          ]
        }
      ]
    },
    "Planning Time": 0.298,
    "Triggers": [],
    "Execution Time": 1583.87
  }
]