[
  {
    "Plan": {
      "Node Type": "Aggregate",
      "Strategy": "Plain",
      "Partial Mode": "Finalize",
      "Parallel Aware": false,
      "Startup Cost": 100075.94,
      "Total Cost": 100075.95,
      "Plan Rows": 1,
      "Plan Width": 8,
      "Actual Startup Time": 613.3,
      "Actual Total Time": 629.513,
      "Actual Rows": 1,
      "Actual Loops": 1,
      "Plans": [
        {
          "Node Type": "Gather",
          "Parent Relationship": "Outer",
          "Parallel Aware": false,
          "Startup Cost": 100075.72,
          "Total Cost": 100075.93,
          "Plan Rows": 2,
          "Plan Width": 8,
          "Actual Startup Time": 608.454,
          "Actual Total Time": 629.502,
          "Actual Rows": 3,
          "Actual Loops": 1,
          "Workers Planned": 2,
          "Workers Launched": 2,
          "Single Copy": false,
          "Plans": [
            {
              "Node Type": "Aggregate",
              "Strategy": "Plain",
              "Partial Mode": "Partial",
              "Parent Relationship": "Outer",
              "Parallel Aware": false,
              "Startup Cost": 99075.72,
              "Total Cost": 99075.73,
              "Plan Rows": 1,
              "Plan Width": 8,
              "Actual Startup Time": 602.604,
              "Actual Total Time": 603.147,
              "Actual Rows": 1,
              "Actual Loops": 3,
              "Plans": [
                {
                  "Node Type": "Hash Join",
                  "Parent Relationship": "Outer",
                  "Parallel Aware": true,
                  "Join Type": "Inner",
                  "Startup Cost": 82526.77,
                  "Total Cost": 98766.81,
                  "Plan Rows": 123564,
                  "Plan Width": 0,
                  "Actual Startup Time": 495.451,
                  "Actual Total Time": 596.182,
                  "Actual Rows": 143655,
                  "Actual Loops": 3,
                  "Inner Unique": false,
                  "Hash Cond": "(mi_idx.movie_id = t.id)",
                  "Plans": [
                    {
                      "Node Type": "Seq Scan",
                      "Parent Relationship": "Outer",
                      "Parallel Aware": true,
                      "Relation Name": "movie_info_idx",
                      "Alias": "mi_idx",
                      "Startup Cost": 0.0,
                      "Total Cost": 13685.15,
                      "Plan Rows": 575015,
                      "Plan Width": 4,
                      "Actual Startup Time": 0.029,
                      "Actual Total Time": 37.093,
                      "Actual Rows": 460012,
                      "Actual Loops": 3
                    },
                    {
                      "Node Type": "Hash",
                      "Parent Relationship": "Inner",
                      "Parallel Aware": true,
                      "Startup Cost": 80335.93,
                      "Total Cost": 80335.93,
                      "Plan Rows": 175267,
                      "Plan Width": 8,
                      "Actual Startup Time": 491.407,
                      "Actual Total Time": 491.948,
                      "Actual Rows": 102475,
                      "Actual Loops": 3,
                      "Hash Buckets": 1048576,
                      "Original Hash Buckets": 1048576,
                      "Hash Batches": 1,
                      "Original Hash Batches": 1,
                      "Peak Memory Usage": 20256,
                      "Plans": [
                        {
                          "Node Type": "Hash Join",
                          "Parent Relationship": "Outer",
                          "Parallel Aware": true,
                          "Join Type": "Inner",
                          "Startup Cost": 48044.05,
                          "Total Cost": 80335.93,
                          "Plan Rows": 175267,
                          "Plan Width": 8,
                          "Actual Startup Time": 326.928,
                          "Actual Total Time": 458.456,
                          "Actual Rows": 102475,
                          "Actual Loops": 3,
                          "Inner Unique": true,
                          "Hash Cond": "(mc.movie_id = t.id)",
                          "Plans": [
                            {
                              "Node Type": "Seq Scan",
                              "Parent Relationship": "Outer",
                              "Parallel Aware": true,
                              "Relation Name": "movie_companies",
                              "Alias": "mc",
                              "Startup Cost": 0.0,
                              "Total Cost": 31414.82,
                              "Plan Rows": 334122,
                              "Plan Width": 4,
                              "Actual Startup Time": 39.59,
                              "Actual Total Time": 89.587,
                              "Actual Rows": 250968,
                              "Actual Loops": 3,
                              "Filter": "((company_id < 71013) AND (company_type_id > 1))",
                              "Rows Removed by Filter": 618741
                            },
                            {
                              "Node Type": "Hash",
                              "Parent Relationship": "Inner",
                              "Parallel Aware": true,
                              "Startup Cost": 43899.32,
                              "Total Cost": 43899.32,
                              "Plan Rows": 331578,
                              "Plan Width": 4,
                              "Actual Startup Time": 281.33,
                              "Actual Total Time": 281.331,
                              "Actual Rows": 440954,
                              "Actual Loops": 3,
                              "Hash Buckets": 2097152,
                              "Original Hash Buckets": 2097152,
                              "Hash Batches": 1,
                              "Original Hash Batches": 1,
                              "Peak Memory Usage": 68192,
                              "Plans": [
                                {
                                  "Node Type": "Seq Scan",
                                  "Parent Relationship": "Outer",
                                  "Parallel Aware": true,
                                  "Relation Name": "title",
                                  "Alias": "t",
                                  "Startup Cost": 0.0,
                                  "Total Cost": 43899.32,
                                  "Plan Rows": 331578,
                                  "Plan Width": 4,
                                  "Actual Startup Time": 0.057,
                                  "Actual Total Time": 132.946,
                                  "Actual Rows": 440954,
                                  "Actual Loops": 3,
                                  "Filter": "(production_year > 2001)",
                                  "Rows Removed by Filter": 401816
                                }
                              ]
                            }
                          ]
                        }
                      ]
                    }
                  ]
                }
              ]
            }
          ]
        }
      ]
    },
    "Planning Time": 0.602,
    "Triggers": [],
    "Execution Time": 629.561
  }
]