{
  "Plan": {
    "Node Type": "Aggregate",
    "Strategy": "Plain",
    "Partial Mode": "Finalize",
    "Parallel Aware": false,
    "Startup Cost": 110657.1,
    "Total Cost": 110657.11,
    "Plan Rows": 1,
    "Plan Width": 8,
    "Actual Startup Time": 797.384,
    "Actual Total Time": 812.669,
    "Actual Rows": 1,
    "Actual Loops": 1,
    "Plans": [
      {
        "Node Type": "Gather",
        "Parent Relationship": "Outer",
        "Parallel Aware": false,
        "Startup Cost": 110656.99,
        "Total Cost": 110657.1,
        "Plan Rows": 1,
        "Plan Width": 8,
        "Actual Startup Time": 795.671,
        "Actual Total Time": 812.661,
        "Actual Rows": 2,
        "Actual Loops": 1,
        "Workers Planned": 1,
        "Workers Launched": 1,
        "Single Copy": false,
        "Plans": [
          {
            "Node Type": "Aggregate",
            "Strategy": "Plain",
            "Partial Mode": "Partial",
            "Parent Relationship": "Outer",
            "Parallel Aware": false,
            "Startup Cost": 109656.99,
            "Total Cost": 109657.0,
            "Plan Rows": 1,
            "Plan Width": 8,
            "Actual Startup Time": 789.485,
            "Actual Total Time": 789.489,
            "Actual Rows": 1,
            "Actual Loops": 2,
            "Plans": [
              {
                "Node Type": "Hash Join",
                "Parent Relationship": "Outer",
                "Parallel Aware": true,
                "Join Type": "Inner",
                "Startup Cost": 46408.76,
                "Total Cost": 108737.58,
                "Plan Rows": 367763,
                "Plan Width": 0,
                "Actual Startup Time": 260.254,
                "Actual Total Time": 771.577,
                "Actual Rows": 444944,
                "Actual Loops": 2,
                "Inner Unique": false,
                "Hash Cond": "(t.id = mc.movie_id)",
                "Plans": [
                  {
                    "Node Type": "Seq Scan",
                    "Parent Relationship": "Outer",
                    "Parallel Aware": true,
                    "Relation Name": "title",
                    "Alias": "t",
                    "Startup Cost": 0.0,
                    "Total Cost": 50870.31,
                    "Plan Rows": 1487231,
                    "Plan Width": 4,
                    "Actual Startup Time": 0.011,
                    "Actual Total Time": 124.195,
                    "Actual Rows": 1264156,
                    "Actual Loops": 2
                  },
                  {
                    "Node Type": "Hash",
                    "Parent Relationship": "Inner",
                    "Parallel Aware": true,
                    "Startup Cost": 41811.73,
                    "Total Cost": 41811.73,
                    "Plan Rows": 367763,
                    "Plan Width": 4,
                    "Actual Startup Time": 251.106,
                    "Actual Total Time": 251.108,
                    "Actual Rows": 444944,
                    "Actual Loops": 2,
                    "Hash Buckets": 1048576,
                    "Original Hash Buckets": 1048576,
                    "Hash Batches": 1,
                    "Original Hash Batches": 1,
                    "Peak Memory Usage": 43040,
                    "Plans": [
                      {
                        "Node Type": "Seq Scan",
                        "Parent Relationship": "Outer",
                        "Parallel Aware": true,
                        "Relation Name": "movie_companies",
                        "Alias": "mc",
                        "Startup Cost": 0.0,
                        "Total Cost": 41811.73,
                        "Plan Rows": 367763,
                        "Plan Width": 4,
                        "Actual Startup Time": 65.935,
                        "Actual Total Time": 137.571,
                        "Actual Rows": 444944,
                        "Actual Loops": 2,
                        "Filter": "((company_id > 11856) AND (company_type_id > 1))",
                        "Rows Removed by Filter": 859621
                      }
                    ]
                  }
                ]
              }
            ]
          }
        ]
      }
    ]
  },
  "Planning Time": 0.613,
  "Triggers": [],
  "Execution Time": 812.732
}