[
    {
        "Bao": {
            "Bao prediction": "NaN",
            "Bao recommended hint": "(no hint)"
        }
    },
    {
        "Plan": {
            "Node Type": "Aggregate",
            "Strategy": "Plain",
            "Partial Mode": "Finalize",
            "Parallel Aware": false,
            "Startup Cost": 33058.67,
            "Total Cost": 33058.68,
            "Plan Rows": 1,
            "Plan Width": 8,
            "Actual Startup Time": 89.598,
            "Actual Total Time": 96.586,
            "Actual Rows": 1,
            "Actual Loops": 1,
            "Output": [
                "count(*)"
            ],
            "Plans": [
                {
                    "Node Type": "Gather",
                    "Parent Relationship": "Outer",
                    "Parallel Aware": false,
                    "Startup Cost": 33058.35,
                    "Total Cost": 33058.66,
                    "Plan Rows": 3,
                    "Plan Width": 8,
                    "Actual Startup Time": 89.506,
                    "Actual Total Time": 96.58,
                    "Actual Rows": 4,
                    "Actual Loops": 1,
                    "Output": [
                        "(PARTIAL count(*))"
                    ],
                    "Workers Planned": 3,
                    "Workers Launched": 3,
                    "Single Copy": false,
                    "Plans": [
                        {
                            "Node Type": "Aggregate",
                            "Strategy": "Plain",
                            "Partial Mode": "Partial",
                            "Parent Relationship": "Outer",
                            "Parallel Aware": false,
                            "Startup Cost": 32058.35,
                            "Total Cost": 32058.36,
                            "Plan Rows": 1,
                            "Plan Width": 8,
                            "Actual Startup Time": 81.338,
                            "Actual Total Time": 81.339,
                            "Actual Rows": 1,
                            "Actual Loops": 4,
                            "Output": [
                                "PARTIAL count(*)"
                            ],
                            "Workers": [
                                {
                                    "Worker Number": 0,
                                    "Actual Startup Time": 78.553,
                                    "Actual Total Time": 78.554,
                                    "Actual Rows": 1,
                                    "Actual Loops": 1
                                },
                                {
                                    "Worker Number": 1,
                                    "Actual Startup Time": 78.438,
                                    "Actual Total Time": 78.439,
                                    "Actual Rows": 1,
                                    "Actual Loops": 1
                                },
                                {
                                    "Worker Number": 2,
                                    "Actual Startup Time": 79.137,
                                    "Actual Total Time": 79.138,
                                    "Actual Rows": 1,
                                    "Actual Loops": 1
                                }
                            ],
                            "Plans": [
                                {
                                    "Node Type": "Seq Scan",
                                    "Parent Relationship": "Outer",
                                    "Parallel Aware": true,
                                    "Relation Name": "movie_companies",
                                    "Schema": "public",
                                    "Alias": "mc",
                                    "Startup Cost": 0.0,
                                    "Total Cost": 31414.82,
                                    "Plan Rows": 257414,
                                    "Plan Width": 0,
                                    "Actual Startup Time": 43.422,
                                    "Actual Total Time": 75.744,
                                    "Actual Rows": 125229,
                                    "Actual Loops": 4,
                                    "Output": [
                                        "id",
                                        "movie_id",
                                        "company_id",
                                        "company_type_id",
                                        "note"
                                    ],
                                    "Filter": "((mc.company_id < 15038) AND (mc.company_type_id > 1))",
                                    "Rows Removed by Filter": 527054,
                                    "Workers": [
                                        {
                                            "Worker Number": 0,
                                            "Actual Startup Time": 40.651,
                                            "Actual Total Time": 73.135,
                                            "Actual Rows": 130856,
                                            "Actual Loops": 1
                                        },
                                        {
                                            "Worker Number": 1,
                                            "Actual Startup Time": 40.503,
                                            "Actual Total Time": 72.953,
                                            "Actual Rows": 80607,
                                            "Actual Loops": 1
                                        },
                                        {
                                            "Worker Number": 2,
                                            "Actual Startup Time": 41.222,
                                            "Actual Total Time": 73.742,
                                            "Actual Rows": 129270,
                                            "Actual Loops": 1
                                        }
                                    ]
                                }
                            ]
                        }
                    ]
                }
            ]
        },
        "Planning Time": 219.6,
        "Triggers": [],
        "Execution Time": 96.629
    }
]