[
  {
    "Plan": {
      "Node Type": "Aggregate",
      "Strategy": "Plain",
      "Partial Mode": "Finalize",
      "Parallel Aware": false,
      "Startup Cost": 254511.82,
      "Total Cost": 254511.83,
      "Plan Rows": 1,
      "Plan Width": 8,
      "Actual Startup Time": 1118.445,
      "Actual Total Time": 1147.8,
      "Actual Rows": 1,
      "Actual Loops": 1,
      "Plans": [
        {
          "Node Type": "Gather",
          "Parent Relationship": "Outer",
          "Parallel Aware": false,
          "Startup Cost": 254511.6,
          "Total Cost": 254511.81,
          "Plan Rows": 2,
          "Plan Width": 8,
          "Actual Startup Time": 1102.808,
          "Actual Total Time": 1147.792,
          "Actual Rows": 3,
          "Actual Loops": 1,
          "Workers Planned": 2,
          "Workers Launched": 2,
          "Single Copy": false,
          "Plans": [
            {
              "Node Type": "Aggregate",
              "Strategy": "Plain",
              "Partial Mode": "Partial",
              "Parent Relationship": "Outer",
              "Parallel Aware": false,
              "Startup Cost": 253511.6,
              "Total Cost": 253511.61,
              "Plan Rows": 1,
              "Plan Width": 8,
              "Actual Startup Time": 1098.863,
              "Actual Total Time": 1099.103,
              "Actual Rows": 1,
              "Actual Loops": 3,
              "Plans": [
                {
                  "Node Type": "Hash Join",
                  "Parent Relationship": "Outer",
                  "Parallel Aware": true,
                  "Join Type": "Inner",
                  "Startup Cost": 236611.98,
                  "Total Cost": 252923.73,
                  "Plan Rows": 235149,
                  "Plan Width": 0,
                  "Actual Startup Time": 871.024,
                  "Actual Total Time": 1062.064,
                  "Actual Rows": 765259,
                  "Actual Loops": 3,
                  "Inner Unique": false,
                  "Hash Cond": "(mi_idx.movie_id = t.id)",
                  "Plans": [
                    {
                      "Node Type": "Seq Scan",
                      "Parent Relationship": "Outer",
                      "Parallel Aware": true,
                      "Relation Name": "movie_info_idx",
                      "Alias": "mi_idx",
                      "Startup Cost": 0.0,
                      "Total Cost": 13685.15,
                      "Plan Rows": 575015,
                      "Plan Width": 4,
                      "Actual Startup Time": 0.019,
                      "Actual Total Time": 44.016,
                      "Actual Rows": 460012,
                      "Actual Loops": 3
                    },
                    {
                      "Node Type": "Hash",
                      "Parent Relationship": "Inner",
                      "Parallel Aware": true,
                      "Startup Cost": 234027.02,
                      "Total Cost": 234027.02,
                      "Plan Rows": 206797,
                      "Plan Width": 8,
                      "Actual Startup Time": 867.238,
                      "Actual Total Time": 867.476,
                      "Actual Rows": 344420,
                      "Actual Loops": 3,
                      "Hash Buckets": 1048576,
                      "Original Hash Buckets": 1048576,
                      "Hash Batches": 1,
                      "Original Hash Batches": 1,
                      "Peak Memory Usage": 48640,
                      "Plans": [
                        {
                          "Node Type": "Hash Join",
                          "Parent Relationship": "Outer",
                          "Parallel Aware": true,
                          "Join Type": "Inner",
                          "Startup Cost": 68906.21,
                          "Total Cost": 234027.02,
                          "Plan Rows": 206797,
                          "Plan Width": 8,
                          "Actual Startup Time": 513.476,
                          "Actual Total Time": 750.938,
                          "Actual Rows": 344420,
                          "Actual Loops": 3,
                          "Inner Unique": true,
                          "Hash Cond": "(mi.movie_id = t.id)",
                          "Plans": [
                            {
                              "Node Type": "Bitmap Heap Scan",
                              "Parent Relationship": "Outer",
                              "Parallel Aware": true,
                              "Relation Name": "movie_info",
                              "Alias": "mi",
                              "Startup Cost": 18685.83,
                              "Total Cost": 183263.79,
                              "Plan Rows": 206797,
                              "Plan Width": 4,
                              "Actual Startup Time": 46.468,
                              "Actual Total Time": 136.125,
                              "Actual Rows": 344420,
                              "Actual Loops": 3,
                              "Recheck Cond": "(info_type_id > 81)",
                              "Rows Removed by Index Recheck": 0,
                              "Exact Heap Blocks": 13889,
                              "Lossy Heap Blocks": 0,
                              "Plans": [
                                {
                                  "Node Type": "Bitmap Index Scan",
                                  "Parent Relationship": "Outer",
                                  "Parallel Aware": false,
                                  "Index Name": "info_type_id_movie_info",
                                  "Startup Cost": 0.0,
                                  "Total Cost": 18427.33,
                                  "Plan Rows": 1033986,
                                  "Plan Width": 0,
                                  "Actual Startup Time": 40.863,
                                  "Actual Total Time": 40.864,
                                  "Actual Rows": 1033261,
                                  "Actual Loops": 1,
                                  "Index Cond": "(info_type_id > 81)"
                                }
                              ]
                            },
                            {
                              "Node Type": "Hash",
                              "Parent Relationship": "Inner",
                              "Parallel Aware": true,
                              "Startup Cost": 42319.06,
                              "Total Cost": 42319.06,
                              "Plan Rows": 632106,
                              "Plan Width": 4,
                              "Actual Startup Time": 457.266,
                              "Actual Total Time": 457.267,
                              "Actual Rows": 842771,
                              "Actual Loops": 3,
                              "Hash Buckets": 4194304,
                              "Original Hash Buckets": 4194304,
                              "Hash Batches": 1,
                              "Original Hash Batches": 1,
                              "Peak Memory Usage": 131712,
                              "Plans": [
                                {
                                  "Node Type": "Seq Scan",
                                  "Parent Relationship": "Outer",
                                  "Parallel Aware": true,
                                  "Relation Name": "title",
                                  "Alias": "t",
                                  "Startup Cost": 0.0,
                                  "Total Cost": 42319.06,
                                  "Plan Rows": 632106,
                                  "Plan Width": 4,
                                  "Actual Startup Time": 0.03,
                                  "Actual Total Time": 130.103,
                                  "Actual Rows": 842771,
                                  "Actual Loops": 3
                                }
                              ]
                            }
                          ]
                        }
                      ]
                    }
                  ]
                }
              ]
            }
          ]
        }
      ]
    },
    "Planning Time": 0.614,
    "Triggers": [],
    "Execution Time": 1147.86
  }
]