[
  {
    "Plan": {
      "Node Type": "Aggregate",
      "Strategy": "Plain",
      "Partial Mode": "Finalize",
      "Parallel Aware": false,
      "Startup Cost": 255892.58,
      "Total Cost": 255892.59,
      "Plan Rows": 1,
      "Plan Width": 8,
      "Actual Startup Time": 1074.607,
      "Actual Total Time": 1099.278,
      "Actual Rows": 1,
      "Actual Loops": 1,
      "Plans": [
        {
          "Node Type": "Gather",
          "Parent Relationship": "Outer",
          "Parallel Aware": false,
          "Startup Cost": 255892.36,
          "Total Cost": 255892.57,
          "Plan Rows": 2,
          "Plan Width": 8,
          "Actual Startup Time": 1063.92,
          "Actual Total Time": 1099.271,
          "Actual Rows": 3,
          "Actual Loops": 1,
          "Workers Planned": 2,
          "Workers Launched": 2,
          "Single Copy": false,
          "Plans": [
            {
              "Node Type": "Aggregate",
              "Strategy": "Plain",
              "Partial Mode": "Partial",
              "Parent Relationship": "Outer",
              "Parallel Aware": false,
              "Startup Cost": 254892.36,
              "Total Cost": 254892.37,
              "Plan Rows": 1,
              "Plan Width": 8,
              "Actual Startup Time": 1051.812,
              "Actual Total Time": 1051.818,
              "Actual Rows": 1,
              "Actual Loops": 3,
              "Plans": [
                {
                  "Node Type": "Hash Join",
                  "Parent Relationship": "Outer",
                  "Parallel Aware": true,
                  "Join Type": "Inner",
                  "Startup Cost": 237937.32,
                  "Total Cost": 254273.7,
                  "Plan Rows": 247464,
                  "Plan Width": 0,
                  "Actual Startup Time": 842.044,
                  "Actual Total Time": 1017.765,
                  "Actual Rows": 765259,
                  "Actual Loops": 3,
                  "Inner Unique": false,
                  "Hash Cond": "(mi_idx.movie_id = t.id)",
                  "Plans": [
                    {
                      "Node Type": "Seq Scan",
                      "Parent Relationship": "Outer",
                      "Parallel Aware": true,
                      "Relation Name": "movie_info_idx",
                      "Alias": "mi_idx",
                      "Startup Cost": 0.0,
                      "Total Cost": 13685.15,
                      "Plan Rows": 575015,
                      "Plan Width": 4,
                      "Actual Startup Time": 0.031,
                      "Actual Total Time": 39.149,
                      "Actual Rows": 460012,
                      "Actual Loops": 3
                    },
                    {
                      "Node Type": "Hash",
                      "Parent Relationship": "Inner",
                      "Parallel Aware": true,
                      "Startup Cost": 235217.12,
                      "Total Cost": 235217.12,
                      "Plan Rows": 217616,
                      "Plan Width": 8,
                      "Actual Startup Time": 832.364,
                      "Actual Total Time": 832.368,
                      "Actual Rows": 344420,
                      "Actual Loops": 3,
                      "Hash Buckets": 2097152,
                      "Original Hash Buckets": 2097152,
                      "Hash Batches": 1,
                      "Original Hash Batches": 1,
                      "Peak Memory Usage": 56864,
                      "Plans": [
                        {
                          "Node Type": "Hash Join",
                          "Parent Relationship": "Outer",
                          "Parallel Aware": true,
                          "Join Type": "Inner",
                          "Startup Cost": 69932.68,
                          "Total Cost": 235217.12,
                          "Plan Rows": 217616,
                          "Plan Width": 8,
                          "Actual Startup Time": 487.471,
                          "Actual Total Time": 719.257,
                          "Actual Rows": 344420,
                          "Actual Loops": 3,
                          "Inner Unique": true,
                          "Hash Cond": "(mi.movie_id = t.id)",
                          "Plans": [
                            {
                              "Node Type": "Bitmap Heap Scan",
                              "Parent Relationship": "Outer",
                              "Parallel Aware": true,
                              "Relation Name": "movie_info",
                              "Alias": "mi",
                              "Startup Cost": 19713.04,
                              "Total Cost": 184426.23,
                              "Plan Rows": 217616,
                              "Plan Width": 4,
                              "Actual Startup Time": 49.036,
                              "Actual Total Time": 142.148,
                              "Actual Rows": 344420,
                              "Actual Loops": 3,
                              "Recheck Cond": "(info_type_id > 81)",
                              "Rows Removed by Index Recheck": 0,
                              "Exact Heap Blocks": 14405,
                              "Lossy Heap Blocks": 0,
                              "Plans": [
                                {
                                  "Node Type": "Bitmap Index Scan",
                                  "Parent Relationship": "Outer",
                                  "Parallel Aware": false,
                                  "Index Name": "info_type_id_movie_info",
                                  "Startup Cost": 0.0,
                                  "Total Cost": 19441.02,
                                  "Plan Rows": 1088078,
                                  "Plan Width": 0,
                                  "Actual Startup Time": 43.35,
                                  "Actual Total Time": 43.35,
                                  "Actual Rows": 1033261,
                                  "Actual Loops": 1,
                                  "Index Cond": "(info_type_id > 81)"
                                }
                              ]
                            },
                            {
                              "Node Type": "Hash",
                              "Parent Relationship": "Inner",
                              "Parallel Aware": true,
                              "Startup Cost": 42318.73,
                              "Total Cost": 42318.73,
                              "Plan Rows": 632073,
                              "Plan Width": 4,
                              "Actual Startup Time": 430.086,
                              "Actual Total Time": 430.087,
                              "Actual Rows": 842771,
                              "Actual Loops": 3,
                              "Hash Buckets": 4194304,
                              "Original Hash Buckets": 4194304,
                              "Hash Batches": 1,
                              "Original Hash Batches": 1,
                              "Peak Memory Usage": 131744,
                              "Plans": [
                                {
                                  "Node Type": "Seq Scan",
                                  "Parent Relationship": "Outer",
                                  "Parallel Aware": true,
                                  "Relation Name": "title",
                                  "Alias": "t",
                                  "Startup Cost": 0.0,
                                  "Total Cost": 42318.73,
                                  "Plan Rows": 632073,
                                  "Plan Width": 4,
                                  "Actual Startup Time": 0.036,
                                  "Actual Total Time": 127.431,
                                  "Actual Rows": 842771,
                                  "Actual Loops": 3
                                }
                              ]
                            }
                          ]
                        }
                      ]
                    }
                  ]
                }
              ]
            }
          ]
        }
      ]
    },
    "Planning Time": 1.298,
    "Triggers": [],
    "Execution Time": 1099.376
  }
]