[
  {
    "Plan": {
      "Node Type": "Aggregate",
      "Strategy": "Plain",
      "Partial Mode": "Finalize",
      "Parallel Aware": false,
      "Startup Cost": 45355.02,
      "Total Cost": 45355.03,
      "Plan Rows": 1,
      "Plan Width": 8,
      "Actual Startup Time": 145.802,
      "Actual Total Time": 156.283,
      "Actual Rows": 1,
      "Actual Loops": 1,
      "Plans": [
        {
          "Node Type": "Gather",
          "Parent Relationship": "Outer",
          "Parallel Aware": false,
          "Startup Cost": 45354.7,
          "Total Cost": 45355.01,
          "Plan Rows": 3,
          "Plan Width": 8,
          "Actual Startup Time": 145.653,
          "Actual Total Time": 156.272,
          "Actual Rows": 4,
          "Actual Loops": 1,
          "Workers Planned": 3,
          "Workers Launched": 3,
          "Single Copy": false,
          "Plans": [
            {
              "Node Type": "Aggregate",
              "Strategy": "Plain",
              "Partial Mode": "Partial",
              "Parent Relationship": "Outer",
              "Parallel Aware": false,
              "Startup Cost": 44354.7,
              "Total Cost": 44354.71,
              "Plan Rows": 1,
              "Plan Width": 8,
              "Actual Startup Time": 138.608,
              "Actual Total Time": 138.609,
              "Actual Rows": 1,
              "Actual Loops": 4,
              "Plans": [
                {
                  "Node Type": "Seq Scan",
                  "Parent Relationship": "Outer",
                  "Parallel Aware": true,
                  "Relation Name": "movie_keyword",
                  "Alias": "mk",
                  "Startup Cost": 0.0,
                  "Total Cost": 42695.65,
                  "Plan Rows": 663618,
                  "Plan Width": 0,
                  "Actual Startup Time": 0.579,
                  "Actual Total Time": 114.303,
                  "Actual Rows": 513924,
                  "Actual Loops": 4,
                  "Filter": "(keyword_id > 5943)",
                  "Rows Removed by Filter": 617058
                }
              ]
            }
          ]
        }
      ]
    },
    "Planning Time": 0.178,
    "Triggers": [],
    "Execution Time": 156.346
  }
]