{
  "Plan": {
    "Node Type": "Aggregate",
    "Strategy": "Plain",
    "Partial Mode": "Finalize",
    "Parallel Aware": false,
    "Startup Cost": 113680.22,
    "Total Cost": 113680.23,
    "Plan Rows": 1,
    "Plan Width": 8,
    "Actual Startup Time": 1131.845,
    "Actual Total Time": 1148.362,
    "Actual Rows": 1,
    "Actual Loops": 1,
    "Plans": [
      {
        "Node Type": "Gather",
        "Parent Relationship": "Outer",
        "Parallel Aware": false,
        "Startup Cost": 113680.1,
        "Total Cost": 113680.21,
        "Plan Rows": 1,
        "Plan Width": 8,
        "Actual Startup Time": 1126.113,
        "Actual Total Time": 1148.354,
        "Actual Rows": 2,
        "Actual Loops": 1,
        "Workers Planned": 1,
        "Workers Launched": 1,
        "Single Copy": false,
        "Plans": [
          {
            "Node Type": "Aggregate",
            "Strategy": "Plain",
            "Partial Mode": "Partial",
            "Parent Relationship": "Outer",
            "Parallel Aware": false,
            "Startup Cost": 112680.1,
            "Total Cost": 112680.11,
            "Plan Rows": 1,
            "Plan Width": 8,
            "Actual Startup Time": 1116.681,
            "Actual Total Time": 1116.685,
            "Actual Rows": 1,
            "Actual Loops": 2,
            "Plans": [
              {
                "Node Type": "Hash Join",
                "Parent Relationship": "Outer",
                "Parallel Aware": true,
                "Join Type": "Inner",
                "Startup Cost": 71104.61,
                "Total Cost": 109271.25,
                "Plan Rows": 1363543,
                "Plan Width": 0,
                "Actual Startup Time": 560.009,
                "Actual Total Time": 1072.439,
                "Actual Rows": 1070200,
                "Actual Loops": 2,
                "Inner Unique": true,
                "Hash Cond": "(mc.movie_id = t.id)",
                "Plans": [
                  {
                    "Node Type": "Seq Scan",
                    "Parent Relationship": "Outer",
                    "Parallel Aware": true,
                    "Relation Name": "movie_companies",
                    "Alias": "mc",
                    "Startup Cost": 0.0,
                    "Total Cost": 34137.82,
                    "Plan Rows": 1534782,
                    "Plan Width": 4,
                    "Actual Startup Time": 0.019,
                    "Actual Total Time": 110.744,
                    "Actual Rows": 1304564,
                    "Actual Loops": 2
                  },
                  {
                    "Node Type": "Hash",
                    "Parent Relationship": "Inner",
                    "Parallel Aware": true,
                    "Startup Cost": 54588.39,
                    "Total Cost": 54588.39,
                    "Plan Rows": 1321298,
                    "Plan Width": 4,
                    "Actual Startup Time": 540.505,
                    "Actual Total Time": 540.506,
                    "Actual Rows": 1117552,
                    "Actual Loops": 2,
                    "Hash Buckets": 4194304,
                    "Original Hash Buckets": 4194304,
                    "Hash Batches": 1,
                    "Original Hash Batches": 1,
                    "Peak Memory Usage": 120256,
                    "Plans": [
                      {
                        "Node Type": "Seq Scan",
                        "Parent Relationship": "Outer",
                        "Parallel Aware": true,
                        "Relation Name": "title",
                        "Alias": "t",
                        "Startup Cost": 0.0,
                        "Total Cost": 54588.39,
                        "Plan Rows": 1321298,
                        "Plan Width": 4,
                        "Actual Startup Time": 0.023,
                        "Actual Total Time": 188.064,
                        "Actual Rows": 1117552,
                        "Actual Loops": 2,
                        "Filter": "(production_year > 1957)",
                        "Rows Removed by Filter": 146604
                      }
                    ]
                  }
                ]
              }
            ]
          }
        ]
      }
    ]
  },
  "Planning Time": 0.252,
  "Triggers": [],
  "Execution Time": 1148.408
}