[
  {
    "Plan": {
      "Node Type": "Aggregate",
      "Strategy": "Plain",
      "Partial Mode": "Finalize",
      "Parallel Aware": false,
      "Startup Cost": 109264.83,
      "Total Cost": 109264.84,
      "Plan Rows": 1,
      "Plan Width": 8,
      "Actual Startup Time": 539.015,
      "Actual Total Time": 579.645,
      "Actual Rows": 1,
      "Actual Loops": 1,
      "Plans": [
        {
          "Node Type": "Gather",
          "Parent Relationship": "Outer",
          "Parallel Aware": false,
          "Startup Cost": 109264.51,
          "Total Cost": 109264.82,
          "Plan Rows": 3,
          "Plan Width": 8,
          "Actual Startup Time": 537.399,
          "Actual Total Time": 579.637,
          "Actual Rows": 4,
          "Actual Loops": 1,
          "Workers Planned": 3,
          "Workers Launched": 3,
          "Single Copy": false,
          "Plans": [
            {
              "Node Type": "Aggregate",
              "Strategy": "Plain",
              "Partial Mode": "Partial",
              "Parent Relationship": "Outer",
              "Parallel Aware": false,
              "Startup Cost": 108264.51,
              "Total Cost": 108264.52,
              "Plan Rows": 1,
              "Plan Width": 8,
              "Actual Startup Time": 533.637,
              "Actual Total Time": 533.641,
              "Actual Rows": 1,
              "Actual Loops": 4,
              "Plans": [
                {
                  "Node Type": "Nested Loop",
                  "Parent Relationship": "Outer",
                  "Parallel Aware": false,
                  "Join Type": "Inner",
                  "Startup Cost": 50338.1,
                  "Total Cost": 108126.82,
                  "Plan Rows": 55078,
                  "Plan Width": 0,
                  "Actual Startup Time": 147.268,
                  "Actual Total Time": 503.763,
                  "Actual Rows": 714346,
                  "Actual Loops": 4,
                  "Inner Unique": false,
                  "Plans": [
                    {
                      "Node Type": "Hash Join",
                      "Parent Relationship": "Outer",
                      "Parallel Aware": true,
                      "Join Type": "Inner",
                      "Startup Cost": 50337.66,
                      "Total Cost": 75582.74,
                      "Plan Rows": 9380,
                      "Plan Width": 8,
                      "Actual Startup Time": 147.163,
                      "Actual Total Time": 179.8,
                      "Actual Rows": 9112,
                      "Actual Loops": 4,
                      "Inner Unique": true,
                      "Hash Cond": "(mk.movie_id = t.id)",
                      "Plans": [
                        {
                          "Node Type": "Bitmap Heap Scan",
                          "Parent Relationship": "Outer",
                          "Parallel Aware": true,
                          "Relation Name": "movie_keyword",
                          "Alias": "mk",
                          "Startup Cost": 3441.0,
                          "Total Cost": 28548.78,
                          "Plan Rows": 52303,
                          "Plan Width": 4,
                          "Actual Startup Time": 14.878,
                          "Actual Total Time": 45.782,
                          "Actual Rows": 40952,
                          "Actual Loops": 4,
                          "Recheck Cond": "(keyword_id < 121)",
                          "Rows Removed by Index Recheck": 0,
                          "Exact Heap Blocks": 7487,
                          "Lossy Heap Blocks": 0,
                          "Plans": [
                            {
                              "Node Type": "Bitmap Index Scan",
                              "Parent Relationship": "Outer",
                              "Parallel Aware": false,
                              "Index Name": "keyword_id_movie_keyword",
                              "Startup Cost": 0.0,
                              "Total Cost": 3400.47,
                              "Plan Rows": 162138,
                              "Plan Width": 0,
                              "Actual Startup Time": 11.404,
                              "Actual Total Time": 11.404,
                              "Actual Rows": 163809,
                              "Actual Loops": 1,
                              "Index Cond": "(keyword_id < 121)"
                            }
                          ]
                        },
                        {
                          "Node Type": "Hash",
                          "Parent Relationship": "Inner",
                          "Parallel Aware": true,
                          "Startup Cost": 45479.59,
                          "Total Cost": 45479.59,
                          "Plan Rows": 113366,
                          "Plan Width": 4,
                          "Actual Startup Time": 117.123,
                          "Actual Total Time": 117.124,
                          "Actual Rows": 82570,
                          "Actual Loops": 4,
                          "Hash Buckets": 524288,
                          "Original Hash Buckets": 524288,
                          "Hash Batches": 1,
                          "Original Hash Batches": 1,
                          "Peak Memory Usage": 17088,
                          "Plans": [
                            {
                              "Node Type": "Seq Scan",
                              "Parent Relationship": "Outer",
                              "Parallel Aware": true,
                              "Relation Name": "title",
                              "Alias": "t",
                              "Startup Cost": 0.0,
                              "Total Cost": 45479.59,
                              "Plan Rows": 113366,
                              "Plan Width": 4,
                              "Actual Startup Time": 37.499,
                              "Actual Total Time": 89.227,
                              "Actual Rows": 82570,
                              "Actual Loops": 4,
                              "Filter": "((production_year > 1991) AND (kind_id = 1))",
                              "Rows Removed by Filter": 549508
                            }
                          ]
                        }
                      ]
                    },
                    {
                      "Node Type": "Index Only Scan",
                      "Parent Relationship": "Inner",
                      "Parallel Aware": false,
                      "Scan Direction": "Forward",
                      "Index Name": "movie_id_movie_info",
                      "Relation Name": "movie_info",
                      "Alias": "mi",
                      "Startup Cost": 0.43,
                      "Total Cost": 3.06,
                      "Plan Rows": 41,
                      "Plan Width": 4,
                      "Actual Startup Time": 0.007,
                      "Actual Total Time": 0.03,
                      "Actual Rows": 78,
                      "Actual Loops": 36450,
                      "Index Cond": "(movie_id = t.id)",
                      "Rows Removed by Index Recheck": 0,
                      "Heap Fetches": 2857382
                    }
                  ]
                }
              ]
            }
          ]
        }
      ]
    },
    "Planning Time": 0.542,
    "Triggers": [],
    "Execution Time": 579.707
  }
]