{
  "Plan": {
    "Node Type": "Aggregate",
    "Strategy": "Plain",
    "Partial Mode": "Finalize",
    "Parallel Aware": false,
    "Startup Cost": 233360.28,
    "Total Cost": 233360.29,
    "Plan Rows": 1,
    "Plan Width": 8,
    "Actual Startup Time": 2247.512,
    "Actual Total Time": 2272.795,
    "Actual Rows": 1,
    "Actual Loops": 1,
    "Plans": [
      {
        "Node Type": "Gather",
        "Parent Relationship": "Outer",
        "Parallel Aware": false,
        "Startup Cost": 233360.16,
        "Total Cost": 233360.27,
        "Plan Rows": 1,
        "Plan Width": 8,
        "Actual Startup Time": 2245.725,
        "Actual Total Time": 2272.789,
        "Actual Rows": 2,
        "Actual Loops": 1,
        "Workers Planned": 1,
        "Workers Launched": 1,
        "Single Copy": false,
        "Plans": [
          {
            "Node Type": "Aggregate",
            "Strategy": "Plain",
            "Partial Mode": "Partial",
            "Parent Relationship": "Outer",
            "Parallel Aware": false,
            "Startup Cost": 232360.16,
            "Total Cost": 232360.17,
            "Plan Rows": 1,
            "Plan Width": 8,
            "Actual Startup Time": 2239.197,
            "Actual Total Time": 2239.201,
            "Actual Rows": 1,
            "Actual Loops": 2,
            "Plans": [
              {
                "Node Type": "Nested Loop",
                "Parent Relationship": "Outer",
                "Parallel Aware": false,
                "Join Type": "Inner",
                "Startup Cost": 78360.33,
                "Total Cost": 231897.81,
                "Plan Rows": 184941,
                "Plan Width": 0,
                "Actual Startup Time": 384.642,
                "Actual Total Time": 2091.629,
                "Actual Rows": 2936192,
                "Actual Loops": 2,
                "Inner Unique": false,
                "Plans": [
                  {
                    "Node Type": "Hash Join",
                    "Parent Relationship": "Outer",
                    "Parallel Aware": true,
                    "Join Type": "Inner",
                    "Startup Cost": 78359.9,
                    "Total Cost": 109726.25,
                    "Plan Rows": 179211,
                    "Plan Width": 8,
                    "Actual Startup Time": 384.519,
                    "Actual Total Time": 591.454,
                    "Actual Rows": 321759,
                    "Actual Loops": 2,
                    "Inner Unique": true,
                    "Hash Cond": "(mk.movie_id = t.id)",
                    "Plans": [
                      {
                        "Node Type": "Bitmap Heap Scan",
                        "Parent Relationship": "Outer",
                        "Parallel Aware": true,
                        "Relation Name": "movie_keyword",
                        "Alias": "mk",
                        "Startup Cost": 16481.6,
                        "Total Cost": 46648.29,
                        "Plan Rows": 457015,
                        "Plan Width": 4,
                        "Actual Startup Time": 77.276,
                        "Actual Total Time": 167.911,
                        "Actual Rows": 383754,
                        "Actual Loops": 2,
                        "Recheck Cond": "(keyword_id > 24387)",
                        "Rows Removed by Index Recheck": 0,
                        "Exact Heap Blocks": 14755,
                        "Lossy Heap Blocks": 0,
                        "Plans": [
                          {
                            "Node Type": "Bitmap Index Scan",
                            "Parent Relationship": "Outer",
                            "Parallel Aware": false,
                            "Index Name": "keyword_id_movie_keyword",
                            "Startup Cost": 0.0,
                            "Total Cost": 16287.37,
                            "Plan Rows": 776925,
                            "Plan Width": 0,
                            "Actual Startup Time": 71.49,
                            "Actual Total Time": 71.491,
                            "Actual Rows": 767507,
                            "Actual Loops": 1,
                            "Index Cond": "(keyword_id > 24387)"
                          }
                        ]
                      },
                      {
                        "Node Type": "Hash",
                        "Parent Relationship": "Inner",
                        "Parallel Aware": true,
                        "Startup Cost": 54588.39,
                        "Total Cost": 54588.39,
                        "Plan Rows": 583193,
                        "Plan Width": 4,
                        "Actual Startup Time": 298.158,
                        "Actual Total Time": 298.159,
                        "Actual Rows": 492524,
                        "Actual Loops": 2,
                        "Hash Buckets": 1048576,
                        "Original Hash Buckets": 1048576,
                        "Hash Batches": 1,
                        "Original Hash Batches": 1,
                        "Peak Memory Usage": 46752,
                        "Plans": [
                          {
                            "Node Type": "Seq Scan",
                            "Parent Relationship": "Outer",
                            "Parallel Aware": true,
                            "Relation Name": "title",
                            "Alias": "t",
                            "Startup Cost": 0.0,
                            "Total Cost": 54588.39,
                            "Plan Rows": 583193,
                            "Plan Width": 4,
                            "Actual Startup Time": 0.04,
                            "Actual Total Time": 171.872,
                            "Actual Rows": 492524,
                            "Actual Loops": 2,
                            "Filter": "(kind_id < 7)",
                            "Rows Removed by Filter": 771632
                          }
                        ]
                      }
                    ]
                  },
                  {
                    "Node Type": "Index Only Scan",
                    "Parent Relationship": "Inner",
                    "Parallel Aware": false,
                    "Scan Direction": "Forward",
                    "Index Name": "movie_id_movie_companies",
                    "Relation Name": "movie_companies",
                    "Alias": "mc",
                    "Startup Cost": 0.43,
                    "Total Cost": 0.63,
                    "Plan Rows": 5,
                    "Plan Width": 4,
                    "Actual Startup Time": 0.002,
                    "Actual Total Time": 0.004,
                    "Actual Rows": 9,
                    "Actual Loops": 643518,
                    "Index Cond": "(movie_id = t.id)",
                    "Rows Removed by Index Recheck": 0,
                    "Heap Fetches": 5872385
                  }
                ]
              }
            ]
          }
        ]
      }
    ]
  },
  "Planning Time": 1.09,
  "Triggers": [],
  "Execution Time": 2272.898
}