[
  {
    "Plan": {
      "Node Type": "Aggregate",
      "Strategy": "Plain",
      "Partial Mode": "Finalize",
      "Parallel Aware": false,
      "Startup Cost": 44394.33,
      "Total Cost": 44394.34,
      "Plan Rows": 1,
      "Plan Width": 8,
      "Actual Startup Time": 115.834,
      "Actual Total Time": 126.916,
      "Actual Rows": 1,
      "Actual Loops": 1,
      "Plans": [
        {
          "Node Type": "Gather",
          "Parent Relationship": "Outer",
          "Parallel Aware": false,
          "Startup Cost": 44394.01,
          "Total Cost": 44394.32,
          "Plan Rows": 3,
          "Plan Width": 8,
          "Actual Startup Time": 115.671,
          "Actual Total Time": 126.907,
          "Actual Rows": 4,
          "Actual Loops": 1,
          "Workers Planned": 3,
          "Workers Launched": 3,
          "Single Copy": false,
          "Plans": [
            {
              "Node Type": "Aggregate",
              "Strategy": "Plain",
              "Partial Mode": "Partial",
              "Parent Relationship": "Outer",
              "Parallel Aware": false,
              "Startup Cost": 43394.01,
              "Total Cost": 43394.02,
              "Plan Rows": 1,
              "Plan Width": 8,
              "Actual Startup Time": 108.978,
              "Actual Total Time": 108.979,
              "Actual Rows": 1,
              "Actual Loops": 4,
              "Plans": [
                {
                  "Node Type": "Seq Scan",
                  "Parent Relationship": "Outer",
                  "Parallel Aware": true,
                  "Relation Name": "movie_keyword",
                  "Alias": "mk",
                  "Startup Cost": 0.0,
                  "Total Cost": 42695.65,
                  "Plan Rows": 279344,
                  "Plan Width": 0,
                  "Actual Startup Time": 3.242,
                  "Actual Total Time": 98.666,
                  "Actual Rows": 214551,
                  "Actual Loops": 4,
                  "Filter": "(keyword_id > 21411)",
                  "Rows Removed by Filter": 916432
                }
              ]
            }
          ]
        }
      ]
    },
    "Planning Time": 0.18,
    "Triggers": [],
    "Execution Time": 126.963
  }
]