[
  {
    "Plan": {
      "Node Type": "Aggregate",
      "Strategy": "Plain",
      "Partial Mode": "Finalize",
      "Parallel Aware": false,
      "Startup Cost": 44393.27,
      "Total Cost": 44393.28,
      "Plan Rows": 1,
      "Plan Width": 8,
      "Actual Startup Time": 110.871,
      "Actual Total Time": 120.318,
      "Actual Rows": 1,
      "Actual Loops": 1,
      "Plans": [
        {
          "Node Type": "Gather",
          "Parent Relationship": "Outer",
          "Parallel Aware": false,
          "Startup Cost": 44392.96,
          "Total Cost": 44393.27,
          "Plan Rows": 3,
          "Plan Width": 8,
          "Actual Startup Time": 110.765,
          "Actual Total Time": 120.31,
          "Actual Rows": 4,
          "Actual Loops": 1,
          "Workers Planned": 3,
          "Workers Launched": 3,
          "Single Copy": false,
          "Plans": [
            {
              "Node Type": "Aggregate",
              "Strategy": "Plain",
              "Partial Mode": "Partial",
              "Parent Relationship": "Outer",
              "Parallel Aware": false,
              "Startup Cost": 43392.96,
              "Total Cost": 43392.97,
              "Plan Rows": 1,
              "Plan Width": 8,
              "Actual Startup Time": 105.918,
              "Actual Total Time": 105.92,
              "Actual Rows": 1,
              "Actual Loops": 4,
              "Plans": [
                {
                  "Node Type": "Seq Scan",
                  "Parent Relationship": "Outer",
                  "Parallel Aware": true,
                  "Relation Name": "movie_keyword",
                  "Alias": "mk",
                  "Startup Cost": 0.0,
                  "Total Cost": 42695.65,
                  "Plan Rows": 278921,
                  "Plan Width": 0,
                  "Actual Startup Time": 2.833,
                  "Actual Total Time": 95.891,
                  "Actual Rows": 214551,
                  "Actual Loops": 4,
                  "Filter": "(keyword_id > 21411)",
                  "Rows Removed by Filter": 916432
                }
              ]
            }
          ]
        }
      ]
    },
    "Planning Time": 0.097,
    "Triggers": [],
    "Execution Time": 120.35
  }
]