[
    {
        "Bao": {
            "Bao prediction": "NaN",
            "Bao recommended hint": "(no hint)"
        }
    },
    {
        "Plan": {
            "Node Type": "Aggregate",
            "Strategy": "Plain",
            "Partial Mode": "Finalize",
            "Parallel Aware": false,
            "Startup Cost": 351427.63,
            "Total Cost": 351427.64,
            "Plan Rows": 1,
            "Plan Width": 8,
            "Actual Startup Time": 752.085,
            "Actual Total Time": 788.557,
            "Actual Rows": 1,
            "Actual Loops": 1,
            "Output": [
                "count(*)"
            ],
            "Plans": [
                {
                    "Node Type": "Gather",
                    "Parent Relationship": "Outer",
                    "Parallel Aware": false,
                    "Startup Cost": 351427.01,
                    "Total Cost": 351427.61,
                    "Plan Rows": 6,
                    "Plan Width": 8,
                    "Actual Startup Time": 751.978,
                    "Actual Total Time": 788.549,
                    "Actual Rows": 7,
                    "Actual Loops": 1,
                    "Output": [
                        "(PARTIAL count(*))"
                    ],
                    "Workers Planned": 6,
                    "Workers Launched": 6,
                    "Single Copy": false,
                    "Plans": [
                        {
                            "Node Type": "Aggregate",
                            "Strategy": "Plain",
                            "Partial Mode": "Partial",
                            "Parent Relationship": "Outer",
                            "Parallel Aware": false,
                            "Startup Cost": 350427.01,
                            "Total Cost": 350427.02,
                            "Plan Rows": 1,
                            "Plan Width": 8,
                            "Actual Startup Time": 742.28,
                            "Actual Total Time": 742.282,
                            "Actual Rows": 1,
                            "Actual Loops": 7,
                            "Output": [
                                "PARTIAL count(*)"
                            ],
                            "Workers": [
                                {
                                    "Worker Number": 0,
                                    "Actual Startup Time": 739.913,
                                    "Actual Total Time": 739.914,
                                    "Actual Rows": 1,
                                    "Actual Loops": 1
                                },
                                {
                                    "Worker Number": 1,
                                    "Actual Startup Time": 740.405,
                                    "Actual Total Time": 740.406,
                                    "Actual Rows": 1,
                                    "Actual Loops": 1
                                },
                                {
                                    "Worker Number": 2,
                                    "Actual Startup Time": 740.601,
                                    "Actual Total Time": 740.602,
                                    "Actual Rows": 1,
                                    "Actual Loops": 1
                                },
                                {
                                    "Worker Number": 3,
                                    "Actual Startup Time": 740.69,
                                    "Actual Total Time": 740.691,
                                    "Actual Rows": 1,
                                    "Actual Loops": 1
                                },
                                {
                                    "Worker Number": 4,
                                    "Actual Startup Time": 741.104,
                                    "Actual Total Time": 741.105,
                                    "Actual Rows": 1,
                                    "Actual Loops": 1
                                },
                                {
                                    "Worker Number": 5,
                                    "Actual Startup Time": 741.586,
                                    "Actual Total Time": 741.587,
                                    "Actual Rows": 1,
                                    "Actual Loops": 1
                                }
                            ],
                            "Plans": [
                                {
                                    "Node Type": "Seq Scan",
                                    "Parent Relationship": "Outer",
                                    "Parallel Aware": true,
                                    "Relation Name": "cast_info",
                                    "Schema": "public",
                                    "Alias": "ci",
                                    "Startup Cost": 0.0,
                                    "Total Cost": 343318.94,
                                    "Plan Rows": 2843226,
                                    "Plan Width": 0,
                                    "Actual Startup Time": 197.083,
                                    "Actual Total Time": 640.306,
                                    "Actual Rows": 2232265,
                                    "Actual Loops": 7,
                                    "Output": [
                                        "id",
                                        "person_id",
                                        "movie_id",
                                        "person_role_id",
                                        "note",
                                        "nr_order",
                                        "role_id"
                                    ],
                                    "Filter": "((ci.person_id > 1652585) AND (ci.role_id < 10))",
                                    "Rows Removed by Filter": 2945498,
                                    "Workers": [
                                        {
                                            "Worker Number": 0,
                                            "Actual Startup Time": 194.715,
                                            "Actual Total Time": 641.324,
                                            "Actual Rows": 2420952,
                                            "Actual Loops": 1
                                        },
                                        {
                                            "Worker Number": 1,
                                            "Actual Startup Time": 195.204,
                                            "Actual Total Time": 640.212,
                                            "Actual Rows": 2404399,
                                            "Actual Loops": 1
                                        },
                                        {
                                            "Worker Number": 2,
                                            "Actual Startup Time": 195.401,
                                            "Actual Total Time": 640.724,
                                            "Actual Rows": 2405087,
                                            "Actual Loops": 1
                                        },
                                        {
                                            "Worker Number": 3,
                                            "Actual Startup Time": 195.502,
                                            "Actual Total Time": 638.218,
                                            "Actual Rows": 1547172,
                                            "Actual Loops": 1
                                        },
                                        {
                                            "Worker Number": 4,
                                            "Actual Startup Time": 195.911,
                                            "Actual Total Time": 642.119,
                                            "Actual Rows": 2425688,
                                            "Actual Loops": 1
                                        },
                                        {
                                            "Worker Number": 5,
                                            "Actual Startup Time": 196.388,
                                            "Actual Total Time": 639.699,
                                            "Actual Rows": 1538338,
                                            "Actual Loops": 1
                                        }
                                    ]
                                }
                            ]
                        }
                    ]
                }
            ]
        },
        "Planning Time": 173.798,
        "Triggers": [],
        "Execution Time": 788.605
    }
]