[
  {
    "Plan": {
      "Node Type": "Aggregate",
      "Strategy": "Plain",
      "Partial Mode": "Finalize",
      "Parallel Aware": false,
      "Startup Cost": 497362.63,
      "Total Cost": 497362.64,
      "Plan Rows": 1,
      "Plan Width": 8,
      "Actual Startup Time": 5213.37,
      "Actual Total Time": 5280.11,
      "Actual Rows": 1,
      "Actual Loops": 1,
      "Plans": [
        {
          "Node Type": "Gather",
          "Parent Relationship": "Outer",
          "Parallel Aware": false,
          "Startup Cost": 497362.01,
          "Total Cost": 497362.62,
          "Plan Rows": 6,
          "Plan Width": 8,
          "Actual Startup Time": 5156.691,
          "Actual Total Time": 5280.099,
          "Actual Rows": 7,
          "Actual Loops": 1,
          "Workers Planned": 6,
          "Workers Launched": 6,
          "Single Copy": false,
          "Plans": [
            {
              "Node Type": "Aggregate",
              "Strategy": "Plain",
              "Partial Mode": "Partial",
              "Parent Relationship": "Outer",
              "Parallel Aware": false,
              "Startup Cost": 496362.01,
              "Total Cost": 496362.02,
              "Plan Rows": 1,
              "Plan Width": 8,
              "Actual Startup Time": 5144.301,
              "Actual Total Time": 5146.335,
              "Actual Rows": 1,
              "Actual Loops": 7,
              "Plans": [
                {
                  "Node Type": "Hash Join",
                  "Parent Relationship": "Outer",
                  "Parallel Aware": true,
                  "Join Type": "Inner",
                  "Startup Cost": 110986.64,
                  "Total Cost": 478474.23,
                  "Plan Rows": 7155109,
                  "Plan Width": 0,
                  "Actual Startup Time": 788.428,
                  "Actual Total Time": 4132.826,
                  "Actual Rows": 21416874,
                  "Actual Loops": 7,
                  "Inner Unique": false,
                  "Hash Cond": "(ci.movie_id = t.id)",
                  "Plans": [
                    {
                      "Node Type": "Seq Scan",
                      "Parent Relationship": "Outer",
                      "Parallel Aware": true,
                      "Relation Name": "cast_info",
                      "Alias": "ci",
                      "Startup Cost": 0.0,
                      "Total Cost": 328213.62,
                      "Plan Rows": 4318131,
                      "Plan Width": 4,
                      "Actual Startup Time": 0.027,
                      "Actual Total Time": 575.566,
                      "Actual Rows": 3695172,
                      "Actual Loops": 7,
                      "Filter": "(person_id < 2673074)",
                      "Rows Removed by Filter": 1482591
                    },
                    {
                      "Node Type": "Hash",
                      "Parent Relationship": "Inner",
                      "Parallel Aware": true,
                      "Startup Cost": 94093.86,
                      "Total Cost": 94093.86,
                      "Plan Rows": 1351422,
                      "Plan Width": 8,
                      "Actual Startup Time": 782.935,
                      "Actual Total Time": 784.968,
                      "Actual Rows": 629392,
                      "Actual Loops": 7,
                      "Hash Buckets": 8388608,
                      "Original Hash Buckets": 4194304,
                      "Hash Batches": 1,
                      "Original Hash Batches": 1,
                      "Peak Memory Usage": 270752,
                      "Plans": [
                        {
                          "Node Type": "Hash Join",
                          "Parent Relationship": "Outer",
                          "Parallel Aware": true,
                          "Join Type": "Inner",
                          "Startup Cost": 51215.78,
                          "Total Cost": 94093.86,
                          "Plan Rows": 1351422,
                          "Plan Width": 8,
                          "Actual Startup Time": 258.902,
                          "Actual Total Time": 473.039,
                          "Actual Rows": 629392,
                          "Actual Loops": 7,
                          "Inner Unique": true,
                          "Hash Cond": "(mk.movie_id = t.id)",
                          "Plans": [
                            {
                              "Node Type": "Seq Scan",
                              "Parent Relationship": "Outer",
                              "Parallel Aware": true,
                              "Relation Name": "movie_keyword",
                              "Alias": "mk",
                              "Startup Cost": 0.0,
                              "Total Cost": 39047.32,
                              "Plan Rows": 1459332,
                              "Plan Width": 4,
                              "Actual Startup Time": 0.013,
                              "Actual Total Time": 65.766,
                              "Actual Rows": 646276,
                              "Actual Loops": 7
                            },
                            {
                              "Node Type": "Hash",
                              "Parent Relationship": "Inner",
                              "Parallel Aware": true,
                              "Startup Cost": 43899.01,
                              "Total Cost": 43899.01,
                              "Plan Rows": 585342,
                              "Plan Width": 4,
                              "Actual Startup Time": 254.45,
                              "Actual Total Time": 254.452,
                              "Actual Rows": 334815,
                              "Actual Loops": 7,
                              "Hash Buckets": 4194304,
                              "Original Hash Buckets": 4194304,
                              "Hash Batches": 1,
                              "Original Hash Batches": 1,
                              "Peak Memory Usage": 124544,
                              "Plans": [
                                {
                                  "Node Type": "Seq Scan",
                                  "Parent Relationship": "Outer",
                                  "Parallel Aware": true,
                                  "Relation Name": "title",
                                  "Alias": "t",
                                  "Startup Cost": 0.0,
                                  "Total Cost": 43899.01,
                                  "Plan Rows": 585342,
                                  "Plan Width": 4,
                                  "Actual Startup Time": 0.052,
                                  "Actual Total Time": 84.321,
                                  "Actual Rows": 334815,
                                  "Actual Loops": 7,
                                  "Filter": "(production_year > 1928)",
                                  "Rows Removed by Filter": 26373
                                }
                              ]
                            }
                          ]
                        }
                      ]
                    }
                  ]
                }
              ]
            }
          ]
        }
      ]
    },
    "Planning Time": 0.501,
    "Triggers": [],
    "Execution Time": 5280.153
  }
]