{
  "Plan": {
    "Node Type": "Aggregate",
    "Strategy": "Plain",
    "Partial Mode": "Finalize",
    "Parallel Aware": false,
    "Startup Cost": 1474317.46,
    "Total Cost": 1474317.47,
    "Plan Rows": 1,
    "Plan Width": 8,
    "Actual Startup Time": 13696.775,
    "Actual Total Time": 13772.731,
    "Actual Rows": 1,
    "Actual Loops": 1,
    "Plans": [
      {
        "Node Type": "Gather",
        "Parent Relationship": "Outer",
        "Parallel Aware": false,
        "Startup Cost": 1474317.35,
        "Total Cost": 1474317.46,
        "Plan Rows": 1,
        "Plan Width": 8,
        "Actual Startup Time": 13696.42,
        "Actual Total Time": 13772.722,
        "Actual Rows": 2,
        "Actual Loops": 1,
        "Workers Planned": 1,
        "Workers Launched": 1,
        "Single Copy": false,
        "Plans": [
          {
            "Node Type": "Aggregate",
            "Strategy": "Plain",
            "Partial Mode": "Partial",
            "Parent Relationship": "Outer",
            "Parallel Aware": false,
            "Startup Cost": 1473317.35,
            "Total Cost": 1473317.36,
            "Plan Rows": 1,
            "Plan Width": 8,
            "Actual Startup Time": 13690.524,
            "Actual Total Time": 13690.526,
            "Actual Rows": 1,
            "Actual Loops": 2,
            "Plans": [
              {
                "Node Type": "Merge Join",
                "Parent Relationship": "Outer",
                "Parallel Aware": false,
                "Join Type": "Inner",
                "Startup Cost": 21.68,
                "Total Cost": 1458830.62,
                "Plan Rows": 5794693,
                "Plan Width": 0,
                "Actual Startup Time": 4.911,
                "Actual Total Time": 11871.185,
                "Actual Rows": 47411220,
                "Actual Loops": 2,
                "Inner Unique": false,
                "Merge Cond": "(mi.movie_id = t.id)",
                "Plans": [
                  {
                    "Node Type": "Index Only Scan",
                    "Parent Relationship": "Outer",
                    "Parallel Aware": true,
                    "Scan Direction": "Forward",
                    "Index Name": "movie_id_movie_info",
                    "Relation Name": "movie_info",
                    "Alias": "mi",
                    "Startup Cost": 0.43,
                    "Total Cost": 1018223.42,
                    "Plan Rows": 8696274,
                    "Plan Width": 4,
                    "Actual Startup Time": 0.099,
                    "Actual Total Time": 2612.043,
                    "Actual Rows": 7417413,
                    "Actual Loops": 2,
                    "Heap Fetches": 14834826
                  },
                  {
                    "Node Type": "Materialize",
                    "Parent Relationship": "Inner",
                    "Parallel Aware": false,
                    "Startup Cost": 14.25,
                    "Total Cost": 336414.66,
                    "Plan Rows": 1684708,
                    "Plan Width": 8,
                    "Actual Startup Time": 0.217,
                    "Actual Total Time": 4570.928,
                    "Actual Rows": 48360089,
                    "Actual Loops": 2,
                    "Plans": [
                      {
                        "Node Type": "Merge Join",
                        "Parent Relationship": "Outer",
                        "Parallel Aware": false,
                        "Join Type": "Inner",
                        "Startup Cost": 14.25,
                        "Total Cost": 332202.89,
                        "Plan Rows": 1684708,
                        "Plan Width": 8,
                        "Actual Startup Time": 0.207,
                        "Actual Total Time": 2728.484,
                        "Actual Rows": 1917407,
                        "Actual Loops": 2,
                        "Inner Unique": true,
                        "Merge Cond": "(mk.movie_id = t.id)",
                        "Plans": [
                          {
                            "Node Type": "Index Scan",
                            "Parent Relationship": "Outer",
                            "Parallel Aware": false,
                            "Scan Direction": "Forward",
                            "Index Name": "movie_id_movie_keyword",
                            "Relation Name": "movie_keyword",
                            "Alias": "mk",
                            "Startup Cost": 0.43,
                            "Total Cost": 188497.89,
                            "Plan Rows": 2062299,
                            "Plan Width": 4,
                            "Actual Startup Time": 0.102,
                            "Actual Total Time": 698.906,
                            "Actual Rows": 2058733,
                            "Actual Loops": 2,
                            "Filter": "(keyword_id < 3661)",
                            "Rows Removed by Filter": 2465197
                          },
                          {
                            "Node Type": "Index Scan",
                            "Parent Relationship": "Inner",
                            "Parallel Aware": false,
                            "Scan Direction": "Forward",
                            "Index Name": "title_pkey",
                            "Relation Name": "title",
                            "Alias": "t",
                            "Startup Cost": 0.43,
                            "Total Cost": 116660.7,
                            "Plan Rows": 2065382,
                            "Plan Width": 4,
                            "Actual Startup Time": 0.082,
                            "Actual Total Time": 1676.947,
                            "Actual Rows": 2063526,
                            "Actual Loops": 2,
                            "Filter": "(production_year < 2011)",
                            "Rows Removed by Filter": 462307
                          }
                        ]
                      }
                    ]
                  }
                ]
              }
            ]
          }
        ]
      }
    ]
  },
  "Planning Time": 1.088,
  "Triggers": [],
  "Execution Time": 13772.846
}