[
  {
    "Plan": {
      "Node Type": "Aggregate",
      "Strategy": "Plain",
      "Partial Mode": "Finalize",
      "Parallel Aware": false,
      "Startup Cost": 33025.63,
      "Total Cost": 33025.64,
      "Plan Rows": 1,
      "Plan Width": 8,
      "Actual Startup Time": 99.927,
      "Actual Total Time": 108.288,
      "Actual Rows": 1,
      "Actual Loops": 1,
      "Plans": [
        {
          "Node Type": "Gather",
          "Parent Relationship": "Outer",
          "Parallel Aware": false,
          "Startup Cost": 33025.31,
          "Total Cost": 33025.62,
          "Plan Rows": 3,
          "Plan Width": 8,
          "Actual Startup Time": 99.778,
          "Actual Total Time": 108.279,
          "Actual Rows": 4,
          "Actual Loops": 1,
          "Workers Planned": 3,
          "Workers Launched": 3,
          "Single Copy": false,
          "Plans": [
            {
              "Node Type": "Aggregate",
              "Strategy": "Plain",
              "Partial Mode": "Partial",
              "Parent Relationship": "Outer",
              "Parallel Aware": false,
              "Startup Cost": 32025.31,
              "Total Cost": 32025.32,
              "Plan Rows": 1,
              "Plan Width": 8,
              "Actual Startup Time": 95.739,
              "Actual Total Time": 95.741,
              "Actual Rows": 1,
              "Actual Loops": 4,
              "Plans": [
                {
                  "Node Type": "Seq Scan",
                  "Parent Relationship": "Outer",
                  "Parallel Aware": true,
                  "Relation Name": "movie_companies",
                  "Alias": "mc",
                  "Startup Cost": 0.0,
                  "Total Cost": 31414.82,
                  "Plan Rows": 244198,
                  "Plan Width": 0,
                  "Actual Startup Time": 41.842,
                  "Actual Total Time": 83.448,
                  "Actual Rows": 241529,
                  "Actual Loops": 4,
                  "Filter": "((company_id > 8416) AND (company_type_id = 2))",
                  "Rows Removed by Filter": 410753
                }
              ]
            }
          ]
        }
      ]
    },
    "Planning Time": 0.229,
    "Triggers": [],
    "Execution Time": 108.347
  }
]