{
    "Plan": {
        "Node Type": "Aggregate",
        "Strategy": "Plain",
        "Partial Mode": "Simple",
        "Parallel Aware": false,
        "Startup Cost": 80013684435.74,
        "Total Cost": 80013684435.75,
        "Plan Rows": 1,
        "Plan Width": 64,
        "Actual Startup Time": 15685.568,
        "Actual Total Time": 15685.576,
        "Actual Rows": 1,
        "Actual Loops": 1,
        "Output": [
            "min(an.name)",
            "min(t.title)"
        ],
        "Plans": [
            {
                "Node Type": "Nested Loop",
                "Parent Relationship": "Outer",
                "Parallel Aware": false,
                "Join Type": "Inner",
                "Startup Cost": 80000000004.42,
                "Total Cost": 80013684435.5,
                "Plan Rows": 47,
                "Plan Width": 33,
                "Actual Startup Time": 63.131,
                "Actual Total Time": 15680.085,
                "Actual Rows": 23766,
                "Actual Loops": 1,
                "Output": [
                    "an.name",
                    "t.title"
                ],
                "Inner Unique": true,
                "Plans": [
                    {
                        "Node Type": "Nested Loop",
                        "Parent Relationship": "Outer",
                        "Parallel Aware": false,
                        "Join Type": "Inner",
                        "Startup Cost": 70000000003.99,
                        "Total Cost": 70013683848.88,
                        "Plan Rows": 132,
                        "Plan Width": 37,
                        "Actual Startup Time": 49.832,
                        "Actual Total Time": 15553.174,
                        "Actual Rows": 28446,
                        "Actual Loops": 1,
                        "Output": [
                            "an.name",
                            "mc.company_id",
                            "t.title"
                        ],
                        "Inner Unique": false,
                        "Join Filter": "(n.id = an.person_id)",
                        "Rows Removed by Join Filter": 0,
                        "Plans": [
                            {
                                "Node Type": "Nested Loop",
                                "Parent Relationship": "Outer",
                                "Parallel Aware": false,
                                "Join Type": "Inner",
                                "Startup Cost": 60000000003.55,
                                "Total Cost": 60013683601.89,
                                "Plan Rows": 55,
                                "Plan Width": 29,
                                "Actual Startup Time": 49.775,
                                "Actual Total Time": 15390.071,
                                "Actual Rows": 20251,
                                "Actual Loops": 1,
                                "Output": [
                                    "ci.person_id",
                                    "mc.company_id",
                                    "n.id",
                                    "t.title"
                                ],
                                "Inner Unique": true,
                                "Plans": [
                                    {
                                        "Node Type": "Nested Loop",
                                        "Parent Relationship": "Outer",
                                        "Parallel Aware": false,
                                        "Join Type": "Inner",
                                        "Startup Cost": 50000000003.11,
                                        "Total Cost": 50013683357.03,
                                        "Plan Rows": 55,
                                        "Plan Width": 25,
                                        "Actual Startup Time": 49.737,
                                        "Actual Total Time": 15227.578,
                                        "Actual Rows": 20251,
                                        "Actual Loops": 1,
                                        "Output": [
                                            "ci.person_id",
                                            "mc.company_id",
                                            "t.title"
                                        ],
                                        "Inner Unique": false,
                                        "Join Filter": "(t.id = ci.movie_id)",
                                        "Rows Removed by Join Filter": 0,
                                        "Plans": [
                                            {
                                                "Node Type": "Nested Loop",
                                                "Parent Relationship": "Outer",
                                                "Parallel Aware": false,
                                                "Join Type": "Inner",
                                                "Startup Cost": 40000000002.13,
                                                "Total Cost": 40013683339.26,
                                                "Plan Rows": 3,
                                                "Plan Width": 33,
                                                "Actual Startup Time": 49.666,
                                                "Actual Total Time": 15159.743,
                                                "Actual Rows": 768,
                                                "Actual Loops": 1,
                                                "Output": [
                                                    "mk.movie_id",
                                                    "mc.movie_id",
                                                    "mc.company_id",
                                                    "t.title",
                                                    "t.id"
                                                ],
                                                "Inner Unique": true,
                                                "Plans": [
                                                    {
                                                        "Node Type": "Nested Loop",
                                                        "Parent Relationship": "Outer",
                                                        "Parallel Aware": false,
                                                        "Join Type": "Inner",
                                                        "Startup Cost": 30000000001.7,
                                                        "Total Cost": 30012029208.91,
                                                        "Plan Rows": 372284,
                                                        "Plan Width": 37,
                                                        "Actual Startup Time": 18.857,
                                                        "Actual Total Time": 14819.273,
                                                        "Actual Rows": 71459,
                                                        "Actual Loops": 1,
                                                        "Output": [
                                                            "mc.movie_id",
                                                            "mc.company_id",
                                                            "mk.movie_id",
                                                            "mk.keyword_id",
                                                            "t.title",
                                                            "t.id"
                                                        ],
                                                        "Inner Unique": false,
                                                        "Join Filter": "(t.id = mk.movie_id)",
                                                        "Rows Removed by Join Filter": 0,
                                                        "Plans": [
                                                            {
                                                                "Node Type": "Nested Loop",
                                                                "Parent Relationship": "Outer",
                                                                "Parallel Aware": false,
                                                                "Join Type": "Inner",
                                                                "Startup Cost": 20000000000.88,
                                                                "Total Cost": 20011791346.16,
                                                                "Plan Rows": 39833,
                                                                "Plan Width": 29,
                                                                "Actual Startup Time": 2.644,
                                                                "Actual Total Time": 14604.088,
                                                                "Actual Rows": 41358,
                                                                "Actual Loops": 1,
                                                                "Output": [
                                                                    "mc.movie_id",
                                                                    "mc.company_id",
                                                                    "t.title",
                                                                    "t.id"
                                                                ],
                                                                "Inner Unique": true,
                                                                "Plans": [
                                                                    {
                                                                        "Node Type": "Index Scan",
                                                                        "Parent Relationship": "Outer",
                                                                        "Parallel Aware": false,
                                                                        "Scan Direction": "Forward",
                                                                        "Index Name": "company_id_movie_companies",
                                                                        "Relation Name": "movie_companies",
                                                                        "Schema": "public",
                                                                        "Alias": "mc",
                                                                        "Startup Cost": 10000000000.43,
                                                                        "Total Cost": 10000131016.21,
                                                                        "Plan Rows": 2609129,
                                                                        "Plan Width": 8,
                                                                        "Actual Startup Time": 0.056,
                                                                        "Actual Total Time": 1809.427,
                                                                        "Actual Rows": 2609129,
                                                                        "Actual Loops": 1,
                                                                        "Output": [
                                                                            "mc.id",
                                                                            "mc.movie_id",
                                                                            "mc.company_id",
                                                                            "mc.company_type_id",
                                                                            "mc.note"
                                                                        ]
                                                                    },
                                                                    {
                                                                        "Node Type": "Bitmap Heap Scan",
                                                                        "Parent Relationship": "Inner",
                                                                        "Parallel Aware": false,
                                                                        "Relation Name": "title",
                                                                        "Schema": "public",
                                                                        "Alias": "t",
                                                                        "Startup Cost": 0.45,
                                                                        "Total Cost": 4.47,
                                                                        "Plan Rows": 1,
                                                                        "Plan Width": 21,
                                                                        "Actual Startup Time": 0.003,
                                                                        "Actual Total Time": 0.003,
                                                                        "Actual Rows": 0,
                                                                        "Actual Loops": 2609129,
                                                                        "Output": [
                                                                            "t.id",
                                                                            "t.title",
                                                                            "t.imdb_index",
                                                                            "t.kind_id",
                                                                            "t.production_year",
                                                                            "t.imdb_id",
                                                                            "t.phonetic_code",
                                                                            "t.episode_of_id",
                                                                            "t.season_nr",
                                                                            "t.episode_nr",
                                                                            "t.series_years",
                                                                            "t.md5sum"
                                                                        ],
                                                                        "Recheck Cond": "(t.id = mc.movie_id)",
                                                                        "Rows Removed by Index Recheck": 0,
                                                                        "Filter": "((t.episode_nr >= 18) AND (t.episode_nr <= 20))",
                                                                        "Rows Removed by Filter": 1,
                                                                        "Exact Heap Blocks": 2609129,
                                                                        "Lossy Heap Blocks": 0,
                                                                        "Plans": [
                                                                            {
                                                                                "Node Type": "Bitmap Index Scan",
                                                                                "Parent Relationship": "Outer",
                                                                                "Parallel Aware": false,
                                                                                "Index Name": "title_pkey",
                                                                                "Startup Cost": 0.0,
                                                                                "Total Cost": 0.45,
                                                                                "Plan Rows": 1,
                                                                                "Plan Width": 0,
                                                                                "Actual Startup Time": 0.002,
                                                                                "Actual Total Time": 0.002,
                                                                                "Actual Rows": 1,
                                                                                "Actual Loops": 2609129,
                                                                                "Index Cond": "(t.id = mc.movie_id)"
                                                                            }
                                                                        ]
                                                                    }
                                                                ]
                                                            },
                                                            {
                                                                "Node Type": "Bitmap Heap Scan",
                                                                "Parent Relationship": "Inner",
                                                                "Parallel Aware": false,
                                                                "Relation Name": "movie_keyword",
                                                                "Schema": "public",
                                                                "Alias": "mk",
                                                                "Startup Cost": 0.82,
                                                                "Total Cost": 5.4,
                                                                "Plan Rows": 46,
                                                                "Plan Width": 8,
                                                                "Actual Startup Time": 0.003,
                                                                "Actual Total Time": 0.003,
                                                                "Actual Rows": 2,
                                                                "Actual Loops": 41358,
                                                                "Output": [
                                                                    "mk.id",
                                                                    "mk.movie_id",
                                                                    "mk.keyword_id"
                                                                ],
                                                                "Recheck Cond": "(mk.movie_id = mc.movie_id)",
                                                                "Rows Removed by Index Recheck": 0,
                                                                "Exact Heap Blocks": 11152,
                                                                "Lossy Heap Blocks": 0,
                                                                "Plans": [
                                                                    {
                                                                        "Node Type": "Bitmap Index Scan",
                                                                        "Parent Relationship": "Outer",
                                                                        "Parallel Aware": false,
                                                                        "Index Name": "movie_id_movie_keyword",
                                                                        "Startup Cost": 0.0,
                                                                        "Total Cost": 0.81,
                                                                        "Plan Rows": 46,
                                                                        "Plan Width": 0,
                                                                        "Actual Startup Time": 0.002,
                                                                        "Actual Total Time": 0.002,
                                                                        "Actual Rows": 2,
                                                                        "Actual Loops": 41358,
                                                                        "Index Cond": "(mk.movie_id = mc.movie_id)"
                                                                    }
                                                                ]
                                                            }
                                                        ]
                                                    },
                                                    {
                                                        "Node Type": "Bitmap Heap Scan",
                                                        "Parent Relationship": "Inner",
                                                        "Parallel Aware": false,
                                                        "Relation Name": "keyword",
                                                        "Schema": "public",
                                                        "Alias": "k",
                                                        "Startup Cost": 0.43,
                                                        "Total Cost": 4.44,
                                                        "Plan Rows": 1,
                                                        "Plan Width": 4,
                                                        "Actual Startup Time": 0.003,
                                                        "Actual Total Time": 0.003,
                                                        "Actual Rows": 0,
                                                        "Actual Loops": 71459,
                                                        "Output": [
                                                            "k.id",
                                                            "k.keyword",
                                                            "k.phonetic_code"
                                                        ],
                                                        "Recheck Cond": "(k.id = mk.keyword_id)",
                                                        "Rows Removed by Index Recheck": 0,
                                                        "Filter": "(k.keyword = 'character-name-in-title'::text)",
                                                        "Rows Removed by Filter": 1,
                                                        "Exact Heap Blocks": 71459,
                                                        "Lossy Heap Blocks": 0,
                                                        "Plans": [
                                                            {
                                                                "Node Type": "Bitmap Index Scan",
                                                                "Parent Relationship": "Outer",
                                                                "Parallel Aware": false,
                                                                "Index Name": "keyword_pkey",
                                                                "Startup Cost": 0.0,
                                                                "Total Cost": 0.43,
                                                                "Plan Rows": 1,
                                                                "Plan Width": 0,
                                                                "Actual Startup Time": 0.002,
                                                                "Actual Total Time": 0.002,
                                                                "Actual Rows": 1,
                                                                "Actual Loops": 71459,
                                                                "Index Cond": "(k.id = mk.keyword_id)"
                                                            }
                                                        ]
                                                    }
                                                ]
                                            },
                                            {
                                                "Node Type": "Bitmap Heap Scan",
                                                "Parent Relationship": "Inner",
                                                "Parallel Aware": false,
                                                "Relation Name": "cast_info",
                                                "Schema": "public",
                                                "Alias": "ci",
                                                "Startup Cost": 0.97,
                                                "Total Cost": 5.45,
                                                "Plan Rows": 38,
                                                "Plan Width": 8,
                                                "Actual Startup Time": 0.017,
                                                "Actual Total Time": 0.081,
                                                "Actual Rows": 26,
                                                "Actual Loops": 768,
                                                "Output": [
                                                    "ci.id",
                                                    "ci.person_id",
                                                    "ci.movie_id",
                                                    "ci.person_role_id",
                                                    "ci.note",
                                                    "ci.nr_order",
                                                    "ci.role_id"
                                                ],
                                                "Recheck Cond": "(ci.movie_id = mk.movie_id)",
                                                "Rows Removed by Index Recheck": 0,
                                                "Exact Heap Blocks": 19803,
                                                "Lossy Heap Blocks": 0,
                                                "Plans": [
                                                    {
                                                        "Node Type": "Bitmap Index Scan",
                                                        "Parent Relationship": "Outer",
                                                        "Parallel Aware": false,
                                                        "Index Name": "movie_id_cast_info",
                                                        "Startup Cost": 0.0,
                                                        "Total Cost": 0.97,
                                                        "Plan Rows": 38,
                                                        "Plan Width": 0,
                                                        "Actual Startup Time": 0.012,
                                                        "Actual Total Time": 0.012,
                                                        "Actual Rows": 26,
                                                        "Actual Loops": 768,
                                                        "Index Cond": "(ci.movie_id = mk.movie_id)"
                                                    }
                                                ]
                                            }
                                        ]
                                    },
                                    {
                                        "Node Type": "Bitmap Heap Scan",
                                        "Parent Relationship": "Inner",
                                        "Parallel Aware": false,
                                        "Relation Name": "name",
                                        "Schema": "public",
                                        "Alias": "n",
                                        "Startup Cost": 0.44,
                                        "Total Cost": 4.45,
                                        "Plan Rows": 1,
                                        "Plan Width": 4,
                                        "Actual Startup Time": 0.006,
                                        "Actual Total Time": 0.006,
                                        "Actual Rows": 1,
                                        "Actual Loops": 20251,
                                        "Output": [
                                            "n.id",
                                            "n.name",
                                            "n.imdb_index",
                                            "n.imdb_id",
                                            "n.gender",
                                            "n.name_pcode_cf",
                                            "n.name_pcode_nf",
                                            "n.surname_pcode",
                                            "n.md5sum"
                                        ],
                                        "Recheck Cond": "(n.id = ci.person_id)",
                                        "Rows Removed by Index Recheck": 0,
                                        "Exact Heap Blocks": 20251,
                                        "Lossy Heap Blocks": 0,
                                        "Plans": [
                                            {
                                                "Node Type": "Bitmap Index Scan",
                                                "Parent Relationship": "Outer",
                                                "Parallel Aware": false,
                                                "Index Name": "name_pkey",
                                                "Startup Cost": 0.0,
                                                "Total Cost": 0.44,
                                                "Plan Rows": 1,
                                                "Plan Width": 0,
                                                "Actual Startup Time": 0.004,
                                                "Actual Total Time": 0.004,
                                                "Actual Rows": 1,
                                                "Actual Loops": 20251,
                                                "Index Cond": "(n.id = ci.person_id)"
                                            }
                                        ]
                                    }
                                ]
                            },
                            {
                                "Node Type": "Bitmap Heap Scan",
                                "Parent Relationship": "Inner",
                                "Parallel Aware": false,
                                "Relation Name": "aka_name",
                                "Schema": "public",
                                "Alias": "an",
                                "Startup Cost": 0.44,
                                "Total Cost": 4.47,
                                "Plan Rows": 2,
                                "Plan Width": 20,
                                "Actual Startup Time": 0.006,
                                "Actual Total Time": 0.006,
                                "Actual Rows": 1,
                                "Actual Loops": 20251,
                                "Output": [
                                    "an.id",
                                    "an.person_id",
                                    "an.name",
                                    "an.imdb_index",
                                    "an.name_pcode_cf",
                                    "an.name_pcode_nf",
                                    "an.surname_pcode",
                                    "an.md5sum"
                                ],
                                "Recheck Cond": "(an.person_id = ci.person_id)",
                                "Rows Removed by Index Recheck": 0,
                                "Exact Heap Blocks": 18391,
                                "Lossy Heap Blocks": 0,
                                "Plans": [
                                    {
                                        "Node Type": "Bitmap Index Scan",
                                        "Parent Relationship": "Outer",
                                        "Parallel Aware": false,
                                        "Index Name": "person_id_aka_name",
                                        "Startup Cost": 0.0,
                                        "Total Cost": 0.44,
                                        "Plan Rows": 2,
                                        "Plan Width": 0,
                                        "Actual Startup Time": 0.004,
                                        "Actual Total Time": 0.004,
                                        "Actual Rows": 1,
                                        "Actual Loops": 20251,
                                        "Index Cond": "(an.person_id = ci.person_id)"
                                    }
                                ]
                            }
                        ]
                    },
                    {
                        "Node Type": "Bitmap Heap Scan",
                        "Parent Relationship": "Inner",
                        "Parallel Aware": false,
                        "Relation Name": "company_name",
                        "Schema": "public",
                        "Alias": "cn",
                        "Startup Cost": 0.43,
                        "Total Cost": 4.44,
                        "Plan Rows": 1,
                        "Plan Width": 4,
                        "Actual Startup Time": 0.003,
                        "Actual Total Time": 0.003,
                        "Actual Rows": 1,
                        "Actual Loops": 28446,
                        "Output": [
                            "cn.id",
                            "cn.name",
                            "cn.country_code",
                            "cn.imdb_id",
                            "cn.name_pcode_nf",
                            "cn.name_pcode_sf",
                            "cn.md5sum"
                        ],
                        "Recheck Cond": "(cn.id = mc.company_id)",
                        "Rows Removed by Index Recheck": 0,
                        "Filter": "((cn.country_code)::text = '[us]'::text)",
                        "Rows Removed by Filter": 0,
                        "Exact Heap Blocks": 28446,
                        "Lossy Heap Blocks": 0,
                        "Plans": [
                            {
                                "Node Type": "Bitmap Index Scan",
                                "Parent Relationship": "Outer",
                                "Parallel Aware": false,
                                "Index Name": "company_name_pkey",
                                "Startup Cost": 0.0,
                                "Total Cost": 0.43,
                                "Plan Rows": 1,
                                "Plan Width": 0,
                                "Actual Startup Time": 0.002,
                                "Actual Total Time": 0.002,
                                "Actual Rows": 1,
                                "Actual Loops": 28446,
                                "Index Cond": "(cn.id = mc.company_id)"
                            }
                        ]
                    }
                ]
            }
        ]
    },
    "Planning Time": 4.053,
    "Triggers": [],
    "Execution Time": 15685.938
}