{
  "Plan": {
    "Node Type": "Aggregate",
    "Strategy": "Plain",
    "Partial Mode": "Finalize",
    "Parallel Aware": false,
    "Startup Cost": 595044.09,
    "Total Cost": 595044.1,
    "Plan Rows": 1,
    "Plan Width": 8,
    "Actual Startup Time": 4993.167,
    "Actual Total Time": 5035.418,
    "Actual Rows": 1,
    "Actual Loops": 1,
    "Plans": [
      {
        "Node Type": "Gather",
        "Parent Relationship": "Outer",
        "Parallel Aware": false,
        "Startup Cost": 595043.97,
        "Total Cost": 595044.08,
        "Plan Rows": 1,
        "Plan Width": 8,
        "Actual Startup Time": 4983.665,
        "Actual Total Time": 5035.408,
        "Actual Rows": 2,
        "Actual Loops": 1,
        "Workers Planned": 1,
        "Workers Launched": 1,
        "Single Copy": false,
        "Plans": [
          {
            "Node Type": "Aggregate",
            "Strategy": "Plain",
            "Partial Mode": "Partial",
            "Parent Relationship": "Outer",
            "Parallel Aware": false,
            "Startup Cost": 594043.97,
            "Total Cost": 594043.98,
            "Plan Rows": 1,
            "Plan Width": 8,
            "Actual Startup Time": 4969.194,
            "Actual Total Time": 4969.198,
            "Actual Rows": 1,
            "Actual Loops": 2,
            "Plans": [
              {
                "Node Type": "Hash Join",
                "Parent Relationship": "Outer",
                "Parallel Aware": true,
                "Join Type": "Inner",
                "Startup Cost": 382699.29,
                "Total Cost": 588481.41,
                "Plan Rows": 2225025,
                "Plan Width": 0,
                "Actual Startup Time": 2964.091,
                "Actual Total Time": 4402.997,
                "Actual Rows": 14731018,
                "Actual Loops": 2,
                "Inner Unique": false,
                "Hash Cond": "(mi.movie_id = t.id)",
                "Plans": [
                  {
                    "Node Type": "Bitmap Heap Scan",
                    "Parent Relationship": "Outer",
                    "Parallel Aware": true,
                    "Relation Name": "movie_info",
                    "Alias": "mi",
                    "Startup Cost": 54025.71,
                    "Total Cost": 237947.81,
                    "Plan Rows": 1754328,
                    "Plan Width": 4,
                    "Actual Startup Time": 95.046,
                    "Actual Total Time": 244.79,
                    "Actual Rows": 1518360,
                    "Actual Loops": 2,
                    "Recheck Cond": "(info_type_id = 16)",
                    "Rows Removed by Index Recheck": 0,
                    "Exact Heap Blocks": 12595,
                    "Lossy Heap Blocks": 0,
                    "Plans": [
                      {
                        "Node Type": "Bitmap Index Scan",
                        "Parent Relationship": "Outer",
                        "Parallel Aware": false,
                        "Index Name": "info_type_id_movie_info",
                        "Startup Cost": 0.0,
                        "Total Cost": 53280.12,
                        "Plan Rows": 2982358,
                        "Plan Width": 0,
                        "Actual Startup Time": 90.871,
                        "Actual Total Time": 90.872,
                        "Actual Rows": 3036719,
                        "Actual Loops": 1,
                        "Index Cond": "(info_type_id = 16)"
                      }
                    ]
                  },
                  {
                    "Node Type": "Hash",
                    "Parent Relationship": "Inner",
                    "Parallel Aware": true,
                    "Startup Cost": 305095.28,
                    "Total Cost": 305095.28,
                    "Plan Rows": 1886264,
                    "Plan Width": 8,
                    "Actual Startup Time": 2845.033,
                    "Actual Total Time": 2845.034,
                    "Actual Rows": 1907965,
                    "Actual Loops": 2,
                    "Hash Buckets": 4194304,
                    "Original Hash Buckets": 4194304,
                    "Hash Batches": 1,
                    "Original Hash Batches": 1,
                    "Peak Memory Usage": 182080,
                    "Plans": [
                      {
                        "Node Type": "Merge Join",
                        "Parent Relationship": "Outer",
                        "Parallel Aware": false,
                        "Join Type": "Inner",
                        "Startup Cost": 14.18,
                        "Total Cost": 305095.28,
                        "Plan Rows": 1886264,
                        "Plan Width": 8,
                        "Actual Startup Time": 5.503,
                        "Actual Total Time": 2438.987,
                        "Actual Rows": 1907965,
                        "Actual Loops": 2,
                        "Inner Unique": true,
                        "Merge Cond": "(mk.movie_id = t.id)",
                        "Plans": [
                          {
                            "Node Type": "Index Only Scan",
                            "Parent Relationship": "Outer",
                            "Parallel Aware": true,
                            "Scan Direction": "Forward",
                            "Index Name": "movie_id_movie_keyword",
                            "Relation Name": "movie_keyword",
                            "Alias": "mk",
                            "Startup Cost": 0.43,
                            "Total Cost": 158560.11,
                            "Plan Rows": 2661135,
                            "Plan Width": 4,
                            "Actual Startup Time": 0.105,
                            "Actual Total Time": 557.345,
                            "Actual Rows": 2261965,
                            "Actual Loops": 2,
                            "Heap Fetches": 4523930
                          },
                          {
                            "Node Type": "Index Scan",
                            "Parent Relationship": "Inner",
                            "Parallel Aware": false,
                            "Scan Direction": "Forward",
                            "Index Name": "title_pkey",
                            "Relation Name": "title",
                            "Alias": "t",
                            "Startup Cost": 0.43,
                            "Total Cost": 116660.7,
                            "Plan Rows": 1792103,
                            "Plan Width": 4,
                            "Actual Startup Time": 0.092,
                            "Actual Total Time": 1478.984,
                            "Actual Rows": 1793188,
                            "Actual Loops": 2,
                            "Filter": "(production_year < 2009)",
                            "Rows Removed by Filter": 732633
                          }
                        ]
                      }
                    ]
                  }
                ]
              }
            ]
          }
        ]
      }
    ]
  },
  "Planning Time": 0.845,
  "Triggers": [],
  "Execution Time": 5035.526
}