[
  {
    "Plan": {
      "Node Type": "Aggregate",
      "Strategy": "Plain",
      "Partial Mode": "Finalize",
      "Parallel Aware": false,
      "Startup Cost": 79057.41,
      "Total Cost": 79057.42,
      "Plan Rows": 1,
      "Plan Width": 8,
      "Actual Startup Time": 296.917,
      "Actual Total Time": 313.463,
      "Actual Rows": 1,
      "Actual Loops": 1,
      "Plans": [
        {
          "Node Type": "Gather",
          "Parent Relationship": "Outer",
          "Parallel Aware": false,
          "Startup Cost": 79057.09,
          "Total Cost": 79057.4,
          "Plan Rows": 3,
          "Plan Width": 8,
          "Actual Startup Time": 293.601,
          "Actual Total Time": 313.455,
          "Actual Rows": 4,
          "Actual Loops": 1,
          "Workers Planned": 3,
          "Workers Launched": 3,
          "Single Copy": false,
          "Plans": [
            {
              "Node Type": "Aggregate",
              "Strategy": "Plain",
              "Partial Mode": "Partial",
              "Parent Relationship": "Outer",
              "Parallel Aware": false,
              "Startup Cost": 78057.09,
              "Total Cost": 78057.1,
              "Plan Rows": 1,
              "Plan Width": 8,
              "Actual Startup Time": 287.879,
              "Actual Total Time": 287.882,
              "Actual Rows": 1,
              "Actual Loops": 4,
              "Plans": [
                {
                  "Node Type": "Hash Join",
                  "Parent Relationship": "Outer",
                  "Parallel Aware": true,
                  "Join Type": "Inner",
                  "Startup Cost": 47414.29,
                  "Total Cost": 77805.19,
                  "Plan Rows": 100762,
                  "Plan Width": 0,
                  "Actual Startup Time": 150.441,
                  "Actual Total Time": 282.559,
                  "Actual Rows": 114731,
                  "Actual Loops": 4,
                  "Inner Unique": true,
                  "Hash Cond": "(mc.movie_id = t.id)",
                  "Plans": [
                    {
                      "Node Type": "Seq Scan",
                      "Parent Relationship": "Outer",
                      "Parallel Aware": true,
                      "Relation Name": "movie_companies",
                      "Alias": "mc",
                      "Startup Cost": 0.0,
                      "Total Cost": 29310.68,
                      "Plan Rows": 411513,
                      "Plan Width": 4,
                      "Actual Startup Time": 0.013,
                      "Actual Total Time": 69.619,
                      "Actual Rows": 318562,
                      "Actual Loops": 4,
                      "Filter": "(company_type_id < 2)",
                      "Rows Removed by Filter": 333721
                    },
                    {
                      "Node Type": "Hash",
                      "Parent Relationship": "Inner",
                      "Parallel Aware": true,
                      "Startup Cost": 45479.59,
                      "Total Cost": 45479.59,
                      "Plan Rows": 154776,
                      "Plan Width": 4,
                      "Actual Startup Time": 147.601,
                      "Actual Total Time": 147.602,
                      "Actual Rows": 130094,
                      "Actual Loops": 4,
                      "Hash Buckets": 1048576,
                      "Original Hash Buckets": 1048576,
                      "Hash Batches": 1,
                      "Original Hash Batches": 1,
                      "Peak Memory Usage": 28608,
                      "Plans": [
                        {
                          "Node Type": "Seq Scan",
                          "Parent Relationship": "Outer",
                          "Parallel Aware": true,
                          "Relation Name": "title",
                          "Alias": "t",
                          "Startup Cost": 0.0,
                          "Total Cost": 45479.59,
                          "Plan Rows": 154776,
                          "Plan Width": 4,
                          "Actual Startup Time": 0.029,
                          "Actual Total Time": 99.794,
                          "Actual Rows": 130094,
                          "Actual Loops": 4,
                          "Filter": "((kind_id < 7) AND (production_year > 1996))",
                          "Rows Removed by Filter": 501984
                        }
                      ]
                    }
                  ]
                }
              ]
            }
          ]
        }
      ]
    },
    "Planning Time": 0.223,
    "Triggers": [],
    "Execution Time": 313.495
  }
]