[
  {
    "Bao": {
      "Bao prediction": 619.839,
      "Bao recommended hint": "SET enable_nestloop TO off; "
    }
  },
  {
    "Plan": {
      "Node Type": "Aggregate",
      "Strategy": "Plain",
      "Partial Mode": "Finalize",
      "Parallel Aware": false,
      "Startup Cost": 339316.06,
      "Total Cost": 339316.07,
      "Plan Rows": 1,
      "Plan Width": 64,
      "Actual Startup Time": 1649.75,
      "Actual Total Time": 1717.225,
      "Actual Rows": 1,
      "Actual Loops": 1,
      "Plans": [
        {
          "Node Type": "Gather",
          "Parent Relationship": "Outer",
          "Parallel Aware": false,
          "Startup Cost": 339315.73,
          "Total Cost": 339316.04,
          "Plan Rows": 3,
          "Plan Width": 64,
          "Actual Startup Time": 1648.981,
          "Actual Total Time": 1717.205,
          "Actual Rows": 4,
          "Actual Loops": 1,
          "Workers Planned": 3,
          "Workers Launched": 3,
          "Single Copy": false,
          "Plans": [
            {
              "Node Type": "Aggregate",
              "Strategy": "Plain",
              "Partial Mode": "Partial",
              "Parent Relationship": "Outer",
              "Parallel Aware": false,
              "Startup Cost": 338315.73,
              "Total Cost": 338315.74,
              "Plan Rows": 1,
              "Plan Width": 64,
              "Actual Startup Time": 1637.938,
              "Actual Total Time": 1637.975,
              "Actual Rows": 1,
              "Actual Loops": 4,
              "Plans": [
                {
                  "Node Type": "Hash Join",
                  "Parent Relationship": "Outer",
                  "Parallel Aware": false,
                  "Join Type": "Inner",
                  "Startup Cost": 293780.02,
                  "Total Cost": 338305.74,
                  "Plan Rows": 1998,
                  "Plan Width": 38,
                  "Actual Startup Time": 1371.141,
                  "Actual Total Time": 1637.564,
                  "Actual Rows": 2879,
                  "Actual Loops": 4,
                  "Inner Unique": true,
                  "Hash Cond": "(mk.keyword_id = k.id)",
                  "Plans": [
                    {
                      "Node Type": "Hash Join",
                      "Parent Relationship": "Outer",
                      "Parallel Aware": true,
                      "Join Type": "Inner",
                      "Startup Cost": 289812.19,
                      "Total Cost": 334332.67,
                      "Plan Rows": 1998,
                      "Plan Width": 42,
                      "Actual Startup Time": 1306.227,
                      "Actual Total Time": 1571.402,
                      "Actual Rows": 2879,
                      "Actual Loops": 4,
                      "Inner Unique": false,
                      "Hash Cond": "(mk.movie_id = t.id)",
                      "Plans": [
                        {
                          "Node Type": "Seq Scan",
                          "Parent Relationship": "Outer",
                          "Parallel Aware": true,
                          "Relation Name": "movie_keyword",
                          "Alias": "mk",
                          "Startup Cost": 0.0,
                          "Total Cost": 39047.32,
                          "Plan Rows": 1459332,
                          "Plan Width": 8,
                          "Actual Startup Time": 0.025,
                          "Actual Total Time": 147.589,
                          "Actual Rows": 1130982,
                          "Actual Loops": 4
                        },
                        {
                          "Node Type": "Hash",
                          "Parent Relationship": "Inner",
                          "Parallel Aware": true,
                          "Startup Cost": 289810.77,
                          "Total Cost": 289810.77,
                          "Plan Rows": 114,
                          "Plan Width": 54,
                          "Actual Startup Time": 1302.598,
                          "Actual Total Time": 1302.627,
                          "Actual Rows": 214,
                          "Actual Loops": 4,
                          "Hash Buckets": 1024,
                          "Original Hash Buckets": 1024,
                          "Hash Batches": 1,
                          "Original Hash Batches": 1,
                          "Peak Memory Usage": 136,
                          "Plans": [
                            {
                              "Node Type": "Hash Join",
                              "Parent Relationship": "Outer",
                              "Parallel Aware": false,
                              "Join Type": "Inner",
                              "Startup Cost": 284711.65,
                              "Total Cost": 289810.77,
                              "Plan Rows": 114,
                              "Plan Width": 54,
                              "Actual Startup Time": 1283.511,
                              "Actual Total Time": 1302.381,
                              "Actual Rows": 214,
                              "Actual Loops": 4,
                              "Inner Unique": true,
                              "Hash Cond": "(mc.company_type_id = ct.id)",
                              "Plans": [
                                {
                                  "Node Type": "Hash Join",
                                  "Parent Relationship": "Outer",
                                  "Parallel Aware": true,
                                  "Join Type": "Inner",
                                  "Startup Cost": 284710.56,
                                  "Total Cost": 289809.07,
                                  "Plan Rows": 114,
                                  "Plan Width": 58,
                                  "Actual Startup Time": 1283.445,
                                  "Actual Total Time": 1302.239,
                                  "Actual Rows": 214,
                                  "Actual Loops": 4,
                                  "Inner Unique": false,
                                  "Hash Cond": "(cn.id = mc.company_id)",
                                  "Plans": [
                                    {
                                      "Node Type": "Seq Scan",
                                      "Parent Relationship": "Outer",
                                      "Parallel Aware": true,
                                      "Relation Name": "company_name",
                                      "Alias": "cn",
                                      "Startup Cost": 0.0,
                                      "Total Cost": 4722.92,
                                      "Plan Rows": 50031,
                                      "Plan Width": 4,
                                      "Actual Startup Time": 0.053,
                                      "Actual Total Time": 15.661,
                                      "Actual Rows": 21211,
                                      "Actual Loops": 4,
                                      "Filter": "((country_code)::text = '[us]'::text)",
                                      "Rows Removed by Filter": 37538
                                    },
                                    {
                                      "Node Type": "Hash",
                                      "Parent Relationship": "Inner",
                                      "Parallel Aware": true,
                                      "Startup Cost": 284708.42,
                                      "Total Cost": 284708.42,
                                      "Plan Rows": 171,
                                      "Plan Width": 62,
                                      "Actual Startup Time": 1283.07,
                                      "Actual Total Time": 1283.092,
                                      "Actual Rows": 518,
                                      "Actual Loops": 4,
                                      "Hash Buckets": 4096,
                                      "Original Hash Buckets": 1024,
                                      "Hash Batches": 1,
                                      "Original Hash Batches": 1,
                                      "Peak Memory Usage": 312,
                                      "Plans": [
                                        {
                                          "Node Type": "Hash Join",
                                          "Parent Relationship": "Outer",
                                          "Parallel Aware": true,
                                          "Join Type": "Inner",
                                          "Startup Cost": 254345.58,
                                          "Total Cost": 284708.42,
                                          "Plan Rows": 171,
                                          "Plan Width": 62,
                                          "Actual Startup Time": 1109.335,
                                          "Actual Total Time": 1272.972,
                                          "Actual Rows": 518,
                                          "Actual Loops": 4,
                                          "Inner Unique": false,
                                          "Hash Cond": "(mc.movie_id = t.id)",
                                          "Plans": [
                                            {
                                              "Node Type": "Seq Scan",
                                              "Parent Relationship": "Outer",
                                              "Parallel Aware": true,
                                              "Relation Name": "movie_companies",
                                              "Alias": "mc",
                                              "Startup Cost": 0.0,
                                              "Total Cost": 27206.55,
                                              "Plan Rows": 841655,
                                              "Plan Width": 12,
                                              "Actual Startup Time": 0.028,
                                              "Actual Total Time": 91.983,
                                              "Actual Rows": 652282,
                                              "Actual Loops": 4
                                            },
                                            {
                                              "Node Type": "Hash",
                                              "Parent Relationship": "Inner",
                                              "Parallel Aware": true,
                                              "Startup Cost": 254345.25,
                                              "Total Cost": 254345.25,
                                              "Plan Rows": 26,
                                              "Plan Width": 50,
                                              "Actual Startup Time": 1107.858,
                                              "Actual Total Time": 1107.876,
                                              "Actual Rows": 140,
                                              "Actual Loops": 4,
                                              "Hash Buckets": 1024,
                                              "Original Hash Buckets": 1024,
                                              "Hash Batches": 1,
                                              "Original Hash Batches": 1,
                                              "Peak Memory Usage": 136,
                                              "Plans": [
                                                {
                                                  "Node Type": "Hash Join",
                                                  "Parent Relationship": "Outer",
                                                  "Parallel Aware": true,
                                                  "Join Type": "Inner",
                                                  "Startup Cost": 208208.45,
                                                  "Total Cost": 254345.25,
                                                  "Plan Rows": 26,
                                                  "Plan Width": 50,
                                                  "Actual Startup Time": 900.151,
                                                  "Actual Total Time": 1107.639,
                                                  "Actual Rows": 140,
                                                  "Actual Loops": 4,
                                                  "Inner Unique": false,
                                                  "Hash Cond": "(t.id = at.movie_id)",
                                                  "Plans": [
                                                    {
                                                      "Node Type": "Seq Scan",
                                                      "Parent Relationship": "Outer",
                                                      "Parallel Aware": true,
                                                      "Relation Name": "title",
                                                      "Alias": "t",
                                                      "Startup Cost": 0.0,
                                                      "Total Cost": 43898.97,
                                                      "Plan Rows": 596726,
                                                      "Plan Width": 21,
                                                      "Actual Startup Time": 0.019,
                                                      "Actual Total Time": 146.345,
                                                      "Actual Rows": 597219,
                                                      "Actual Loops": 4,
                                                      "Filter": "(production_year < 2013)",
                                                      "Rows Removed by Filter": 34859
                                                    },
                                                    {
                                                      "Node Type": "Hash",
                                                      "Parent Relationship": "Inner",
                                                      "Parallel Aware": true,
                                                      "Startup Cost": 208207.88,
                                                      "Total Cost": 208207.88,
                                                      "Plan Rows": 45,
                                                      "Plan Width": 29,
                                                      "Actual Startup Time": 897.388,
                                                      "Actual Total Time": 897.398,
                                                      "Actual Rows": 148,
                                                      "Actual Loops": 4,
                                                      "Hash Buckets": 1024,
                                                      "Original Hash Buckets": 1024,
                                                      "Hash Batches": 1,
                                                      "Original Hash Batches": 1,
                                                      "Peak Memory Usage": 136,
                                                      "Plans": [
                                                        {
                                                          "Node Type": "Hash Join",
                                                          "Parent Relationship": "Outer",
                                                          "Parallel Aware": true,
                                                          "Join Type": "Inner",
                                                          "Startup Cost": 199191.8,
                                                          "Total Cost": 208207.88,
                                                          "Plan Rows": 45,
                                                          "Plan Width": 29,
                                                          "Actual Startup Time": 852.077,
                                                          "Actual Total Time": 897.127,
                                                          "Actual Rows": 148,
                                                          "Actual Loops": 4,
                                                          "Inner Unique": false,
                                                          "Hash Cond": "(at.movie_id = mi.movie_id)",
                                                          "Plans": [
                                                            {
                                                              "Node Type": "Seq Scan",
                                                              "Parent Relationship": "Outer",
                                                              "Parallel Aware": true,
                                                              "Relation Name": "aka_title",
                                                              "Alias": "at",
                                                              "Startup Cost": 0.0,
                                                              "Total Cost": 7698.13,
                                                              "Plan Rows": 150613,
                                                              "Plan Width": 25,
                                                              "Actual Startup Time": 0.078,
                                                              "Actual Total Time": 27.091,
                                                              "Actual Rows": 90368,
                                                              "Actual Loops": 4
                                                            },
                                                            {
                                                              "Node Type": "Hash",
                                                              "Parent Relationship": "Inner",
                                                              "Parallel Aware": true,
                                                              "Startup Cost": 199191.53,
                                                              "Total Cost": 199191.53,
                                                              "Plan Rows": 21,
                                                              "Plan Width": 4,
                                                              "Actual Startup Time": 851.358,
                                                              "Actual Total Time": 851.363,
                                                              "Actual Rows": 2670,
                                                              "Actual Loops": 4,
                                                              "Hash Buckets": 16384,
                                                              "Original Hash Buckets": 1024,
                                                              "Hash Batches": 1,
                                                              "Original Hash Batches": 1,
                                                              "Peak Memory Usage": 760,
                                                              "Plans": [
                                                                {
                                                                  "Node Type": "Hash Join",
                                                                  "Parent Relationship": "Outer",
                                                                  "Parallel Aware": false,
                                                                  "Join Type": "Inner",
                                                                  "Startup Cost": 2.43,
                                                                  "Total Cost": 199191.53,
                                                                  "Plan Rows": 21,
                                                                  "Plan Width": 4,
                                                                  "Actual Startup Time": 148.624,
                                                                  "Actual Total Time": 548.825,
                                                                  "Actual Rows": 2670,
                                                                  "Actual Loops": 4,
                                                                  "Inner Unique": true,
                                                                  "Hash Cond": "(mi.info_type_id = it1.id)",
                                                                  "Plans": [
                                                                    {
                                                                      "Node Type": "Seq Scan",
                                                                      "Parent Relationship": "Outer",
                                                                      "Parallel Aware": true,
                                                                      "Relation Name": "movie_info",
                                                                      "Alias": "mi",
                                                                      "Startup Cost": 0.0,
                                                                      "Total Cost": 199182.58,
                                                                      "Plan Rows": 2397,
                                                                      "Plan Width": 8,
                                                                      "Actual Startup Time": 54.633,
                                                                      "Actual Total Time": 547.391,
                                                                      "Actual Rows": 2702,
                                                                      "Actual Loops": 4,
                                                                      "Filter": "(note ~~ '%internet%'::text)",
                                                                      "Rows Removed by Filter": 3706228
                                                                    },
                                                                    {
                                                                      "Node Type": "Hash",
                                                                      "Parent Relationship": "Inner",
                                                                      "Parallel Aware": false,
                                                                      "Startup Cost": 2.41,
                                                                      "Total Cost": 2.41,
                                                                      "Plan Rows": 1,
                                                                      "Plan Width": 4,
                                                                      "Actual Startup Time": 0.049,
                                                                      "Actual Total Time": 0.051,
                                                                      "Actual Rows": 1,
                                                                      "Actual Loops": 4,
                                                                      "Hash Buckets": 1024,
                                                                      "Original Hash Buckets": 1024,
                                                                      "Hash Batches": 1,
                                                                      "Original Hash Batches": 1,
                                                                      "Peak Memory Usage": 9,
                                                                      "Plans": [
                                                                        {
                                                                          "Node Type": "Seq Scan",
                                                                          "Parent Relationship": "Outer",
                                                                          "Parallel Aware": false,
                                                                          "Relation Name": "info_type",
                                                                          "Alias": "it1",
                                                                          "Startup Cost": 0.0,
                                                                          "Total Cost": 2.41,
                                                                          "Plan Rows": 1,
                                                                          "Plan Width": 4,
                                                                          "Actual Startup Time": 0.032,
                                                                          "Actual Total Time": 0.04,
                                                                          "Actual Rows": 1,
                                                                          "Actual Loops": 4,
                                                                          "Filter": "((info)::text = 'release dates'::text)",
                                                                          "Rows Removed by Filter": 112
                                                                        }
                                                                      ]
                                                                    }
                                                                  ]
                                                                }
                                                              ]
                                                            }
                                                          ]
                                                        }
                                                      ]
                                                    }
                                                  ]
                                                }
                                              ]
                                            }
                                          ]
                                        }
                                      ]
                                    }
                                  ]
                                },
                                {
                                  "Node Type": "Hash",
                                  "Parent Relationship": "Inner",
                                  "Parallel Aware": false,
                                  "Startup Cost": 1.04,
                                  "Total Cost": 1.04,
                                  "Plan Rows": 4,
                                  "Plan Width": 4,
                                  "Actual Startup Time": 0.033,
                                  "Actual Total Time": 0.034,
                                  "Actual Rows": 4,
                                  "Actual Loops": 4,
                                  "Hash Buckets": 1024,
                                  "Original Hash Buckets": 1024,
                                  "Hash Batches": 1,
                                  "Original Hash Batches": 1,
                                  "Peak Memory Usage": 9,
                                  "Plans": [
                                    {
                                      "Node Type": "Seq Scan",
                                      "Parent Relationship": "Outer",
                                      "Parallel Aware": false,
                                      "Relation Name": "company_type",
                                      "Alias": "ct",
                                      "Startup Cost": 0.0,
                                      "Total Cost": 1.04,
                                      "Plan Rows": 4,
                                      "Plan Width": 4,
                                      "Actual Startup Time": 0.026,
                                      "Actual Total Time": 0.027,
                                      "Actual Rows": 4,
                                      "Actual Loops": 4
                                    }
                                  ]
                                }
                              ]
                            }
                          ]
                        }
                      ]
                    },
                    {
                      "Node Type": "Hash",
                      "Parent Relationship": "Inner",
                      "Parallel Aware": false,
                      "Startup Cost": 2290.7,
                      "Total Cost": 2290.7,
                      "Plan Rows": 134170,
                      "Plan Width": 4,
                      "Actual Startup Time": 61.563,
                      "Actual Total Time": 61.564,
                      "Actual Rows": 134170,
                      "Actual Loops": 4,
                      "Hash Buckets": 262144,
                      "Original Hash Buckets": 262144,
                      "Hash Batches": 1,
                      "Original Hash Batches": 1,
                      "Peak Memory Usage": 6765,
                      "Plans": [
                        {
                          "Node Type": "Seq Scan",
                          "Parent Relationship": "Outer",
                          "Parallel Aware": false,
                          "Relation Name": "keyword",
                          "Alias": "k",
                          "Startup Cost": 0.0,
                          "Total Cost": 2290.7,
                          "Plan Rows": 134170,
                          "Plan Width": 4,
                          "Actual Startup Time": 0.055,
                          "Actual Total Time": 26.446,
                          "Actual Rows": 134170,
                          "Actual Loops": 4
                        }
                      ]
                    }
                  ]
                }
              ]
            }
          ]
        }
      ]
    },
    "Planning Time": 439.961,
    "Triggers": [],
    "Execution Time": 1718.423
  }
]