[
  {
    "Plan": {
      "Node Type": "Aggregate",
      "Strategy": "Plain",
      "Partial Mode": "Finalize",
      "Parallel Aware": false,
      "Startup Cost": 340512.31,
      "Total Cost": 340512.32,
      "Plan Rows": 1,
      "Plan Width": 8,
      "Actual Startup Time": 481.421,
      "Actual Total Time": 503.399,
      "Actual Rows": 1,
      "Actual Loops": 1,
      "Plans": [
        {
          "Node Type": "Gather",
          "Parent Relationship": "Outer",
          "Parallel Aware": false,
          "Startup Cost": 340511.69,
          "Total Cost": 340512.3,
          "Plan Rows": 6,
          "Plan Width": 8,
          "Actual Startup Time": 481.299,
          "Actual Total Time": 503.389,
          "Actual Rows": 7,
          "Actual Loops": 1,
          "Workers Planned": 6,
          "Workers Launched": 6,
          "Single Copy": false,
          "Plans": [
            {
              "Node Type": "Aggregate",
              "Strategy": "Plain",
              "Partial Mode": "Partial",
              "Parent Relationship": "Outer",
              "Parallel Aware": false,
              "Startup Cost": 339511.69,
              "Total Cost": 339511.7,
              "Plan Rows": 1,
              "Plan Width": 8,
              "Actual Startup Time": 470.533,
              "Actual Total Time": 470.534,
              "Actual Rows": 1,
              "Actual Loops": 7,
              "Plans": [
                {
                  "Node Type": "Index Scan",
                  "Parent Relationship": "Outer",
                  "Parallel Aware": true,
                  "Scan Direction": "Forward",
                  "Index Name": "role_id_cast_info",
                  "Relation Name": "cast_info",
                  "Alias": "ci",
                  "Startup Cost": 0.56,
                  "Total Cost": 335235.55,
                  "Plan Rows": 1710456,
                  "Plan Width": 0,
                  "Actual Startup Time": 163.272,
                  "Actual Total Time": 418.102,
                  "Actual Rows": 1128457,
                  "Actual Loops": 7,
                  "Index Cond": "(role_id = 1)",
                  "Rows Removed by Index Recheck": 0,
                  "Filter": "(person_id > 639984)",
                  "Rows Removed by Filter": 681641
                }
              ]
            }
          ]
        }
      ]
    },
    "Planning Time": 0.21,
    "Triggers": [],
    "Execution Time": 503.467
  }
]