{
  "Plan": {
    "Node Type": "Aggregate",
    "Strategy": "Plain",
    "Partial Mode": "Finalize",
    "Parallel Aware": false,
    "Startup Cost": 451387.23,
    "Total Cost": 451387.24,
    "Plan Rows": 1,
    "Plan Width": 8,
    "Actual Startup Time": 2633.244,
    "Actual Total Time": 2674.294,
    "Actual Rows": 1,
    "Actual Loops": 1,
    "Plans": [
      {
        "Node Type": "Gather",
        "Parent Relationship": "Outer",
        "Parallel Aware": false,
        "Startup Cost": 451387.11,
        "Total Cost": 451387.22,
        "Plan Rows": 1,
        "Plan Width": 8,
        "Actual Startup Time": 2633.237,
        "Actual Total Time": 2674.287,
        "Actual Rows": 2,
        "Actual Loops": 1,
        "Workers Planned": 1,
        "Workers Launched": 1,
        "Single Copy": false,
        "Plans": [
          {
            "Node Type": "Aggregate",
            "Strategy": "Plain",
            "Partial Mode": "Partial",
            "Parent Relationship": "Outer",
            "Parallel Aware": false,
            "Startup Cost": 450387.11,
            "Total Cost": 450387.12,
            "Plan Rows": 1,
            "Plan Width": 8,
            "Actual Startup Time": 2627.017,
            "Actual Total Time": 2627.019,
            "Actual Rows": 1,
            "Actual Loops": 2,
            "Plans": [
              {
                "Node Type": "Merge Join",
                "Parent Relationship": "Outer",
                "Parallel Aware": false,
                "Join Type": "Inner",
                "Startup Cost": 20.41,
                "Total Cost": 448801.82,
                "Plan Rows": 634118,
                "Plan Width": 0,
                "Actual Startup Time": 7.651,
                "Actual Total Time": 2592.911,
                "Actual Rows": 794878,
                "Actual Loops": 2,
                "Inner Unique": false,
                "Merge Cond": "(t.id = mc.movie_id)",
                "Plans": [
                  {
                    "Node Type": "Merge Join",
                    "Parent Relationship": "Outer",
                    "Parallel Aware": false,
                    "Join Type": "Inner",
                    "Startup Cost": 14.2,
                    "Total Cost": 294642.0,
                    "Plan Rows": 614471,
                    "Plan Width": 8,
                    "Actual Startup Time": 7.08,
                    "Actual Total Time": 1638.971,
                    "Actual Rows": 265380,
                    "Actual Loops": 2,
                    "Inner Unique": true,
                    "Merge Cond": "(mk.movie_id = t.id)",
                    "Plans": [
                      {
                        "Node Type": "Index Scan",
                        "Parent Relationship": "Outer",
                        "Parallel Aware": true,
                        "Scan Direction": "Forward",
                        "Index Name": "movie_id_movie_keyword",
                        "Relation Name": "movie_keyword",
                        "Alias": "mk",
                        "Startup Cost": 0.43,
                        "Total Cost": 165212.95,
                        "Plan Rows": 832994,
                        "Plan Width": 4,
                        "Actual Startup Time": 0.068,
                        "Actual Total Time": 333.783,
                        "Actual Rows": 715012,
                        "Actual Loops": 2,
                        "Filter": "(keyword_id < 1969)",
                        "Rows Removed by Filter": 1546945
                      },
                      {
                        "Node Type": "Index Scan",
                        "Parent Relationship": "Inner",
                        "Parallel Aware": false,
                        "Scan Direction": "Forward",
                        "Index Name": "title_pkey",
                        "Relation Name": "title",
                        "Alias": "t",
                        "Startup Cost": 0.43,
                        "Total Cost": 116660.7,
                        "Plan Rows": 1865037,
                        "Plan Width": 4,
                        "Actual Startup Time": 0.093,
                        "Actual Total Time": 1156.188,
                        "Actual Rows": 1864088,
                        "Actual Loops": 2,
                        "Filter": "(kind_id > 1)",
                        "Rows Removed by Filter": 661626
                      }
                    ]
                  },
                  {
                    "Node Type": "Index Only Scan",
                    "Parent Relationship": "Inner",
                    "Parallel Aware": false,
                    "Scan Direction": "Forward",
                    "Index Name": "movie_id_movie_companies",
                    "Relation Name": "movie_companies",
                    "Alias": "mc",
                    "Startup Cost": 0.43,
                    "Total Cost": 140059.44,
                    "Plan Rows": 2609129,
                    "Plan Width": 4,
                    "Actual Startup Time": 0.085,
                    "Actual Total Time": 753.506,
                    "Actual Rows": 3193920,
                    "Actual Loops": 2,
                    "Heap Fetches": 6387841
                  }
                ]
              }
            ]
          }
        ]
      }
    ]
  },
  "Planning Time": 1.052,
  "Triggers": [],
  "Execution Time": 2674.394
}