[
    {
        "Bao": {
            "Bao prediction": 658.015,
            "Bao recommended hint": "(no hint)"
        }
    },
    {
        "Plan": {
            "Node Type": "Aggregate",
            "Strategy": "Plain",
            "Partial Mode": "Finalize",
            "Parallel Aware": false,
            "Startup Cost": 28590.32,
            "Total Cost": 28590.33,
            "Plan Rows": 1,
            "Plan Width": 8,
            "Actual Startup Time": 80.198,
            "Actual Total Time": 83.973,
            "Actual Rows": 1,
            "Actual Loops": 1,
            "Output": [
                "count(*)"
            ],
            "Plans": [
                {
                    "Node Type": "Gather",
                    "Parent Relationship": "Outer",
                    "Parallel Aware": false,
                    "Startup Cost": 28590.01,
                    "Total Cost": 28590.32,
                    "Plan Rows": 3,
                    "Plan Width": 8,
                    "Actual Startup Time": 80.032,
                    "Actual Total Time": 83.965,
                    "Actual Rows": 4,
                    "Actual Loops": 1,
                    "Output": [
                        "(PARTIAL count(*))"
                    ],
                    "Workers Planned": 3,
                    "Workers Launched": 3,
                    "Single Copy": false,
                    "Plans": [
                        {
                            "Node Type": "Aggregate",
                            "Strategy": "Plain",
                            "Partial Mode": "Partial",
                            "Parent Relationship": "Outer",
                            "Parallel Aware": false,
                            "Startup Cost": 27590.01,
                            "Total Cost": 27590.02,
                            "Plan Rows": 1,
                            "Plan Width": 8,
                            "Actual Startup Time": 71.898,
                            "Actual Total Time": 71.899,
                            "Actual Rows": 1,
                            "Actual Loops": 4,
                            "Output": [
                                "PARTIAL count(*)"
                            ],
                            "Workers": [
                                {
                                    "Worker Number": 0,
                                    "Actual Startup Time": 69.039,
                                    "Actual Total Time": 69.04,
                                    "Actual Rows": 1,
                                    "Actual Loops": 1
                                },
                                {
                                    "Worker Number": 1,
                                    "Actual Startup Time": 69.552,
                                    "Actual Total Time": 69.553,
                                    "Actual Rows": 1,
                                    "Actual Loops": 1
                                },
                                {
                                    "Worker Number": 2,
                                    "Actual Startup Time": 69.559,
                                    "Actual Total Time": 69.56,
                                    "Actual Rows": 1,
                                    "Actual Loops": 1
                                }
                            ],
                            "Plans": [
                                {
                                    "Node Type": "Bitmap Heap Scan",
                                    "Parent Relationship": "Outer",
                                    "Parallel Aware": true,
                                    "Relation Name": "movie_companies",
                                    "Schema": "public",
                                    "Alias": "mc",
                                    "Startup Cost": 7193.51,
                                    "Total Cost": 27322.26,
                                    "Plan Rows": 107100,
                                    "Plan Width": 0,
                                    "Actual Startup Time": 29.691,
                                    "Actual Total Time": 64.508,
                                    "Actual Rows": 83995,
                                    "Actual Loops": 4,
                                    "Recheck Cond": "(mc.company_id > 89695)",
                                    "Rows Removed by Index Recheck": 0,
                                    "Exact Heap Blocks": 2312,
                                    "Lossy Heap Blocks": 0,
                                    "Workers": [
                                        {
                                            "Worker Number": 0,
                                            "Actual Startup Time": 26.859,
                                            "Actual Total Time": 62.608,
                                            "Actual Rows": 59555,
                                            "Actual Loops": 1
                                        },
                                        {
                                            "Worker Number": 1,
                                            "Actual Startup Time": 27.46,
                                            "Actual Total Time": 62.809,
                                            "Actual Rows": 62593,
                                            "Actual Loops": 1
                                        },
                                        {
                                            "Worker Number": 2,
                                            "Actual Startup Time": 27.397,
                                            "Actual Total Time": 62.724,
                                            "Actual Rows": 62629,
                                            "Actual Loops": 1
                                        }
                                    ],
                                    "Plans": [
                                        {
                                            "Node Type": "Bitmap Index Scan",
                                            "Parent Relationship": "Outer",
                                            "Parallel Aware": false,
                                            "Index Name": "company_id_movie_companies",
                                            "Startup Cost": 0.0,
                                            "Total Cost": 7110.51,
                                            "Plan Rows": 332010,
                                            "Plan Width": 0,
                                            "Actual Startup Time": 35.998,
                                            "Actual Total Time": 35.999,
                                            "Actual Rows": 335979,
                                            "Actual Loops": 1,
                                            "Index Cond": "(mc.company_id > 89695)"
                                        }
                                    ]
                                }
                            ]
                        }
                    ]
                }
            ]
        },
        "Planning Time": 1810.486,
        "Triggers": [],
        "Execution Time": 84.096
    }
]