{
  "Plan": {
    "Node Type": "Aggregate",
    "Strategy": "Plain",
    "Partial Mode": "Finalize",
    "Parallel Aware": false,
    "Startup Cost": 21661.59,
    "Total Cost": 21661.6,
    "Plan Rows": 1,
    "Plan Width": 8,
    "Actual Startup Time": 28.598,
    "Actual Total Time": 31.788,
    "Actual Rows": 1,
    "Actual Loops": 1,
    "Plans": [
      {
        "Node Type": "Gather",
        "Parent Relationship": "Outer",
        "Parallel Aware": false,
        "Startup Cost": 21661.48,
        "Total Cost": 21661.59,
        "Plan Rows": 1,
        "Plan Width": 8,
        "Actual Startup Time": 28.457,
        "Actual Total Time": 31.78,
        "Actual Rows": 2,
        "Actual Loops": 1,
        "Workers Planned": 1,
        "Workers Launched": 1,
        "Single Copy": false,
        "Plans": [
          {
            "Node Type": "Aggregate",
            "Strategy": "Plain",
            "Partial Mode": "Partial",
            "Parent Relationship": "Outer",
            "Parallel Aware": false,
            "Startup Cost": 20661.48,
            "Total Cost": 20661.49,
            "Plan Rows": 1,
            "Plan Width": 8,
            "Actual Startup Time": 22.434,
            "Actual Total Time": 22.435,
            "Actual Rows": 1,
            "Actual Loops": 2,
            "Plans": [
              {
                "Node Type": "Nested Loop",
                "Parent Relationship": "Outer",
                "Parallel Aware": false,
                "Join Type": "Inner",
                "Startup Cost": 98.03,
                "Total Cost": 20661.43,
                "Plan Rows": 19,
                "Plan Width": 0,
                "Actual Startup Time": 11.083,
                "Actual Total Time": 22.419,
                "Actual Rows": 35,
                "Actual Loops": 2,
                "Inner Unique": true,
                "Plans": [
                  {
                    "Node Type": "Bitmap Heap Scan",
                    "Parent Relationship": "Outer",
                    "Parallel Aware": true,
                    "Relation Name": "movie_companies",
                    "Alias": "mc",
                    "Startup Cost": 97.6,
                    "Total Cost": 10401.73,
                    "Plan Rows": 1299,
                    "Plan Width": 4,
                    "Actual Startup Time": 1.573,
                    "Actual Total Time": 3.43,
                    "Actual Rows": 2021,
                    "Actual Loops": 2,
                    "Recheck Cond": "(company_id = 687)",
                    "Rows Removed by Index Recheck": 0,
                    "Filter": "(company_type_id = 2)",
                    "Rows Removed by Filter": 103,
                    "Exact Heap Blocks": 544,
                    "Lossy Heap Blocks": 0,
                    "Plans": [
                      {
                        "Node Type": "Bitmap Index Scan",
                        "Parent Relationship": "Outer",
                        "Parallel Aware": false,
                        "Index Name": "company_id_movie_companies",
                        "Startup Cost": 0.0,
                        "Total Cost": 97.05,
                        "Plan Rows": 4349,
                        "Plan Width": 0,
                        "Actual Startup Time": 2.142,
                        "Actual Total Time": 2.142,
                        "Actual Rows": 4248,
                        "Actual Loops": 1,
                        "Index Cond": "(company_id = 687)"
                      }
                    ]
                  },
                  {
                    "Node Type": "Index Scan",
                    "Parent Relationship": "Inner",
                    "Parallel Aware": false,
                    "Scan Direction": "Forward",
                    "Index Name": "title_pkey",
                    "Relation Name": "title",
                    "Alias": "t",
                    "Startup Cost": 0.43,
                    "Total Cost": 7.9,
                    "Plan Rows": 1,
                    "Plan Width": 4,
                    "Actual Startup Time": 0.009,
                    "Actual Total Time": 0.009,
                    "Actual Rows": 0,
                    "Actual Loops": 4042,
                    "Index Cond": "(id = mc.movie_id)",
                    "Rows Removed by Index Recheck": 0,
                    "Filter": "((kind_id > 1) AND (production_year = 2000))",
                    "Rows Removed by Filter": 1
                  }
                ]
              }
            ]
          }
        ]
      }
    ]
  },
  "Planning Time": 0.547,
  "Triggers": [],
  "Execution Time": 31.884
}