[
  {
    "Plan": {
      "Node Type": "Aggregate",
      "Strategy": "Plain",
      "Partial Mode": "Simple",
      "Parallel Aware": false,
      "Startup Cost": 28218.39,
      "Total Cost": 28218.4,
      "Plan Rows": 1,
      "Plan Width": 8,
      "Actual Startup Time": 61.903,
      "Actual Total Time": 61.904,
      "Actual Rows": 1,
      "Actual Loops": 1,
      "Plans": [
        {
          "Node Type": "Bitmap Heap Scan",
          "Parent Relationship": "Outer",
          "Parallel Aware": false,
          "Relation Name": "movie_keyword",
          "Alias": "mk",
          "Startup Cost": 2205.73,
          "Total Cost": 27958.61,
          "Plan Rows": 103910,
          "Plan Width": 0,
          "Actual Startup Time": 19.619,
          "Actual Total Time": 57.194,
          "Actual Rows": 102601,
          "Actual Loops": 1,
          "Recheck Cond": "(keyword_id > 81680)",
          "Rows Removed by Index Recheck": 0,
          "Exact Heap Blocks": 17466,
          "Lossy Heap Blocks": 0,
          "Plans": [
            {
              "Node Type": "Bitmap Index Scan",
              "Parent Relationship": "Outer",
              "Parallel Aware": false,
              "Index Name": "keyword_id_movie_keyword",
              "Startup Cost": 0.0,
              "Total Cost": 2179.76,
              "Plan Rows": 103910,
              "Plan Width": 0,
              "Actual Startup Time": 14.783,
              "Actual Total Time": 14.783,
              "Actual Rows": 102601,
              "Actual Loops": 1,
              "Index Cond": "(keyword_id > 81680)"
            }
          ]
        }
      ]
    },
    "Planning Time": 0.165,
    "Triggers": [],
    "Execution Time": 61.963
  }
]