[
  {
    "Plan": {
      "Node Type": "Aggregate",
      "Strategy": "Plain",
      "Partial Mode": "Finalize",
      "Parallel Aware": false,
      "Startup Cost": 58486.15,
      "Total Cost": 58486.16,
      "Plan Rows": 1,
      "Plan Width": 8,
      "Actual Startup Time": 79.801,
      "Actual Total Time": 90.654,
      "Actual Rows": 1,
      "Actual Loops": 1,
      "Plans": [
        {
          "Node Type": "Gather",
          "Parent Relationship": "Outer",
          "Parallel Aware": false,
          "Startup Cost": 58485.83,
          "Total Cost": 58486.14,
          "Plan Rows": 3,
          "Plan Width": 8,
          "Actual Startup Time": 79.531,
          "Actual Total Time": 90.647,
          "Actual Rows": 4,
          "Actual Loops": 1,
          "Workers Planned": 3,
          "Workers Launched": 3,
          "Single Copy": false,
          "Plans": [
            {
              "Node Type": "Aggregate",
              "Strategy": "Plain",
              "Partial Mode": "Partial",
              "Parent Relationship": "Outer",
              "Parallel Aware": false,
              "Startup Cost": 57485.83,
              "Total Cost": 57485.84,
              "Plan Rows": 1,
              "Plan Width": 8,
              "Actual Startup Time": 70.085,
              "Actual Total Time": 70.087,
              "Actual Rows": 1,
              "Actual Loops": 4,
              "Plans": [
                {
                  "Node Type": "Nested Loop",
                  "Parent Relationship": "Outer",
                  "Parallel Aware": false,
                  "Join Type": "Inner",
                  "Startup Cost": 390.71,
                  "Total Cost": 57485.79,
                  "Plan Rows": 16,
                  "Plan Width": 0,
                  "Actual Startup Time": 14.74,
                  "Actual Total Time": 70.051,
                  "Actual Rows": 281,
                  "Actual Loops": 4,
                  "Inner Unique": false,
                  "Join Filter": "(t.id = mc.movie_id)",
                  "Rows Removed by Join Filter": 0,
                  "Plans": [
                    {
                      "Node Type": "Nested Loop",
                      "Parent Relationship": "Outer",
                      "Parallel Aware": false,
                      "Join Type": "Inner",
                      "Startup Cost": 390.28,
                      "Total Cost": 57280.43,
                      "Plan Rows": 32,
                      "Plan Width": 8,
                      "Actual Startup Time": 13.122,
                      "Actual Total Time": 68.163,
                      "Actual Rows": 68,
                      "Actual Loops": 4,
                      "Inner Unique": true,
                      "Plans": [
                        {
                          "Node Type": "Bitmap Heap Scan",
                          "Parent Relationship": "Outer",
                          "Parallel Aware": true,
                          "Relation Name": "movie_keyword",
                          "Alias": "mk",
                          "Startup Cost": 389.85,
                          "Total Cost": 24231.11,
                          "Plan Rows": 5886,
                          "Plan Width": 4,
                          "Actual Startup Time": 7.854,
                          "Actual Total Time": 25.51,
                          "Actual Rows": 5130,
                          "Actual Loops": 4,
                          "Recheck Cond": "(keyword_id = 382)",
                          "Rows Removed by Index Recheck": 0,
                          "Exact Heap Blocks": 6873,
                          "Lossy Heap Blocks": 0,
                          "Plans": [
                            {
                              "Node Type": "Bitmap Index Scan",
                              "Parent Relationship": "Outer",
                              "Parallel Aware": false,
                              "Index Name": "keyword_id_movie_keyword",
                              "Startup Cost": 0.0,
                              "Total Cost": 385.28,
                              "Plan Rows": 18247,
                              "Plan Width": 0,
                              "Actual Startup Time": 10.78,
                              "Actual Total Time": 10.78,
                              "Actual Rows": 20522,
                              "Actual Loops": 1,
                              "Index Cond": "(keyword_id = 382)"
                            }
                          ]
                        },
                        {
                          "Node Type": "Index Scan",
                          "Parent Relationship": "Inner",
                          "Parallel Aware": false,
                          "Scan Direction": "Forward",
                          "Index Name": "title_pkey",
                          "Relation Name": "title",
                          "Alias": "t",
                          "Startup Cost": 0.43,
                          "Total Cost": 5.61,
                          "Plan Rows": 1,
                          "Plan Width": 4,
                          "Actual Startup Time": 0.008,
                          "Actual Total Time": 0.008,
                          "Actual Rows": 0,
                          "Actual Loops": 20522,
                          "Index Cond": "(id = mk.movie_id)",
                          "Rows Removed by Index Recheck": 0,
                          "Filter": "(production_year = 1978)",
                          "Rows Removed by Filter": 1
                        }
                      ]
                    },
                    {
                      "Node Type": "Index Scan",
                      "Parent Relationship": "Inner",
                      "Parallel Aware": false,
                      "Scan Direction": "Forward",
                      "Index Name": "movie_id_movie_companies",
                      "Relation Name": "movie_companies",
                      "Alias": "mc",
                      "Startup Cost": 0.43,
                      "Total Cost": 6.38,
                      "Plan Rows": 3,
                      "Plan Width": 4,
                      "Actual Startup Time": 0.021,
                      "Actual Total Time": 0.027,
                      "Actual Rows": 4,
                      "Actual Loops": 270,
                      "Index Cond": "(movie_id = mk.movie_id)",
                      "Rows Removed by Index Recheck": 0,
                      "Filter": "(company_type_id < 2)",
                      "Rows Removed by Filter": 1
                    }
                  ]
                }
              ]
            }
          ]
        }
      ]
    },
    "Planning Time": 1.471,
    "Triggers": [],
    "Execution Time": 90.763
  }
]