{
  "Plan": {
    "Node Type": "Aggregate",
    "Strategy": "Plain",
    "Partial Mode": "Finalize",
    "Parallel Aware": false,
    "Startup Cost": 404326.34,
    "Total Cost": 404326.35,
    "Plan Rows": 1,
    "Plan Width": 8,
    "Actual Startup Time": 1664.789,
    "Actual Total Time": 1676.575,
    "Actual Rows": 1,
    "Actual Loops": 1,
    "Plans": [
      {
        "Node Type": "Gather",
        "Parent Relationship": "Outer",
        "Parallel Aware": false,
        "Startup Cost": 404326.22,
        "Total Cost": 404326.33,
        "Plan Rows": 1,
        "Plan Width": 8,
        "Actual Startup Time": 1342.577,
        "Actual Total Time": 1676.558,
        "Actual Rows": 2,
        "Actual Loops": 1,
        "Workers Planned": 1,
        "Workers Launched": 1,
        "Single Copy": false,
        "Plans": [
          {
            "Node Type": "Aggregate",
            "Strategy": "Plain",
            "Partial Mode": "Partial",
            "Parent Relationship": "Outer",
            "Parallel Aware": false,
            "Startup Cost": 403326.22,
            "Total Cost": 403326.23,
            "Plan Rows": 1,
            "Plan Width": 8,
            "Actual Startup Time": 1494.123,
            "Actual Total Time": 1494.132,
            "Actual Rows": 1,
            "Actual Loops": 2,
            "Plans": [
              {
                "Node Type": "Merge Join",
                "Parent Relationship": "Outer",
                "Parallel Aware": false,
                "Join Type": "Inner",
                "Startup Cost": 396323.67,
                "Total Cost": 403058.7,
                "Plan Rows": 107011,
                "Plan Width": 0,
                "Actual Startup Time": 1260.148,
                "Actual Total Time": 1464.966,
                "Actual Rows": 614872,
                "Actual Loops": 2,
                "Inner Unique": false,
                "Merge Cond": "(mi.movie_id = t.id)",
                "Plans": [
                  {
                    "Node Type": "Sort",
                    "Parent Relationship": "Outer",
                    "Parallel Aware": false,
                    "Startup Cost": 273785.16,
                    "Total Cost": 275763.56,
                    "Plan Rows": 791361,
                    "Plan Width": 4,
                    "Actual Startup Time": 322.014,
                    "Actual Total Time": 352.054,
                    "Actual Rows": 700949,
                    "Actual Loops": 2,
                    "Sort Key": [
                      "mi.movie_id"
                    ],
                    "Sort Method": "quicksort",
                    "Sort Space Used": 69375,
                    "Sort Space Type": "Memory",
                    "Workers": [
                      {
                        "Worker Number": 0,
                        "Sort Method": "quicksort",
                        "Sort Space Used": 33204,
                        "Sort Space Type": "Memory"
                      }
                    ],
                    "Plans": [
                      {
                        "Node Type": "Bitmap Heap Scan",
                        "Parent Relationship": "Outer",
                        "Parallel Aware": true,
                        "Relation Name": "movie_info",
                        "Alias": "mi",
                        "Startup Cost": 24370.61,
                        "Total Cost": 196255.62,
                        "Plan Rows": 791361,
                        "Plan Width": 4,
                        "Actual Startup Time": 71.449,
                        "Actual Total Time": 169.834,
                        "Actual Rows": 700951,
                        "Actual Loops": 2,
                        "Recheck Cond": "(info_type_id = 7)",
                        "Rows Removed by Index Recheck": 0,
                        "Exact Heap Blocks": 6835,
                        "Lossy Heap Blocks": 0,
                        "Plans": [
                          {
                            "Node Type": "Bitmap Index Scan",
                            "Parent Relationship": "Outer",
                            "Parallel Aware": false,
                            "Index Name": "info_type_id_movie_info",
                            "Startup Cost": 0.0,
                            "Total Cost": 24034.28,
                            "Plan Rows": 1345313,
                            "Plan Width": 0,
                            "Actual Startup Time": 75.523,
                            "Actual Total Time": 75.524,
                            "Actual Rows": 1401902,
                            "Actual Loops": 1,
                            "Index Cond": "(info_type_id = 7)"
                          }
                        ]
                      }
                    ]
                  },
                  {
                    "Node Type": "Sort",
                    "Parent Relationship": "Inner",
                    "Parallel Aware": false,
                    "Startup Cost": 122538.47,
                    "Total Cost": 123393.19,
                    "Plan Rows": 341887,
                    "Plan Width": 8,
                    "Actual Startup Time": 922.675,
                    "Actual Total Time": 967.475,
                    "Actual Rows": 1056362,
                    "Actual Loops": 2,
                    "Sort Key": [
                      "mi_idx.movie_id"
                    ],
                    "Sort Method": "quicksort",
                    "Sort Space Used": 53894,
                    "Sort Space Type": "Memory",
                    "Workers": [
                      {
                        "Worker Number": 0,
                        "Sort Method": "quicksort",
                        "Sort Space Used": 53894,
                        "Sort Space Type": "Memory"
                      }
                    ],
                    "Plans": [
                      {
                        "Node Type": "Hash Join",
                        "Parent Relationship": "Outer",
                        "Parallel Aware": false,
                        "Join Type": "Inner",
                        "Startup Cost": 65755.7,
                        "Total Cost": 91113.66,
                        "Plan Rows": 341887,
                        "Plan Width": 8,
                        "Actual Startup Time": 454.546,
                        "Actual Total Time": 755.412,
                        "Actual Rows": 625433,
                        "Actual Loops": 2,
                        "Inner Unique": true,
                        "Hash Cond": "(mi_idx.movie_id = t.id)",
                        "Plans": [
                          {
                            "Node Type": "Seq Scan",
                            "Parent Relationship": "Outer",
                            "Parallel Aware": false,
                            "Relation Name": "movie_info_idx",
                            "Alias": "mi_idx",
                            "Startup Cost": 0.0,
                            "Total Cost": 21735.35,
                            "Plan Rows": 1380035,
                            "Plan Width": 4,
                            "Actual Startup Time": 0.048,
                            "Actual Total Time": 121.407,
                            "Actual Rows": 1380035,
                            "Actual Loops": 2
                          },
                          {
                            "Node Type": "Hash",
                            "Parent Relationship": "Inner",
                            "Parallel Aware": false,
                            "Startup Cost": 57926.28,
                            "Total Cost": 57926.28,
                            "Plan Rows": 626354,
                            "Plan Width": 4,
                            "Actual Startup Time": 318.947,
                            "Actual Total Time": 318.949,
                            "Actual Rows": 634290,
                            "Actual Loops": 2,
                            "Hash Buckets": 1048576,
                            "Original Hash Buckets": 1048576,
                            "Hash Batches": 1,
                            "Original Hash Batches": 1,
                            "Peak Memory Usage": 30492,
                            "Plans": [
                              {
                                "Node Type": "Bitmap Heap Scan",
                                "Parent Relationship": "Outer",
                                "Parallel Aware": false,
                                "Relation Name": "title",
                                "Alias": "t",
                                "Startup Cost": 11979.44,
                                "Total Cost": 57926.28,
                                "Plan Rows": 626354,
                                "Plan Width": 4,
                                "Actual Startup Time": 27.557,
                                "Actual Total Time": 161.963,
                                "Actual Rows": 634290,
                                "Actual Loops": 2,
                                "Recheck Cond": "(kind_id = 1)",
                                "Rows Removed by Index Recheck": 0,
                                "Filter": "(production_year < 2013)",
                                "Rows Removed by Filter": 28535,
                                "Exact Heap Blocks": 12863,
                                "Lossy Heap Blocks": 0,
                                "Plans": [
                                  {
                                    "Node Type": "Bitmap Index Scan",
                                    "Parent Relationship": "Outer",
                                    "Parallel Aware": false,
                                    "Index Name": "kind_id_title",
                                    "Startup Cost": 0.0,
                                    "Total Cost": 11822.85,
                                    "Plan Rows": 663256,
                                    "Plan Width": 0,
                                    "Actual Startup Time": 25.639,
                                    "Actual Total Time": 25.639,
                                    "Actual Rows": 662825,
                                    "Actual Loops": 2,
                                    "Index Cond": "(kind_id = 1)"
                                  }
                                ]
                              }
                            ]
                          }
                        ]
                      }
                    ]
                  }
                ]
              }
            ]
          }
        ]
      }
    ]
  },
  "Planning Time": 1.198,
  "Triggers": [],
  "Execution Time": 1691.285
}