{
    "Plan": {
        "Node Type": "Aggregate",
        "Strategy": "Plain",
        "Partial Mode": "Simple",
        "Parallel Aware": false,
        "Startup Cost": 50000641686.19,
        "Total Cost": 50000641686.2,
        "Plan Rows": 1,
        "Plan Width": 96,
        "Actual Startup Time": 4147.38,
        "Actual Total Time": 4147.525,
        "Actual Rows": 1,
        "Actual Loops": 1,
        "Output": [
            "min(cn.name)",
            "min(mi_idx.info)",
            "min(t.title)"
        ],
        "Plans": [
            {
                "Node Type": "Nested Loop",
                "Parent Relationship": "Outer",
                "Parallel Aware": false,
                "Join Type": "Inner",
                "Startup Cost": 50000641666.57,
                "Total Cost": 50000641686.18,
                "Plan Rows": 1,
                "Plan Width": 41,
                "Actual Startup Time": 4042.61,
                "Actual Total Time": 4139.54,
                "Actual Rows": 27943,
                "Actual Loops": 1,
                "Output": [
                    "cn.name",
                    "mi_idx.info",
                    "t.title"
                ],
                "Inner Unique": true,
                "Plans": [
                    {
                        "Node Type": "Hash Join",
                        "Parent Relationship": "Outer",
                        "Parallel Aware": false,
                        "Join Type": "Inner",
                        "Startup Cost": 40000641666.43,
                        "Total Cost": 40000641680.42,
                        "Plan Rows": 1,
                        "Plan Width": 45,
                        "Actual Startup Time": 4042.594,
                        "Actual Total Time": 4047.339,
                        "Actual Rows": 27943,
                        "Actual Loops": 1,
                        "Output": [
                            "cn.name",
                            "mc.company_type_id",
                            "mi_idx.info",
                            "t.title"
                        ],
                        "Inner Unique": false,
                        "Hash Cond": "(it2.id = mi_idx.info_type_id)",
                        "Plans": [
                            {
                                "Node Type": "Index Scan",
                                "Parent Relationship": "Outer",
                                "Parallel Aware": false,
                                "Scan Direction": "Forward",
                                "Index Name": "info_type_pkey",
                                "Relation Name": "info_type",
                                "Schema": "public",
                                "Alias": "it2",
                                "Startup Cost": 0.14,
                                "Total Cost": 14.12,
                                "Plan Rows": 1,
                                "Plan Width": 4,
                                "Actual Startup Time": 0.034,
                                "Actual Total Time": 0.042,
                                "Actual Rows": 1,
                                "Actual Loops": 1,
                                "Output": [
                                    "it2.id",
                                    "it2.info"
                                ],
                                "Filter": "((it2.info)::text = 'rating'::text)",
                                "Rows Removed by Filter": 112
                            },
                            {
                                "Node Type": "Hash",
                                "Parent Relationship": "Inner",
                                "Parallel Aware": false,
                                "Startup Cost": 40000641666.28,
                                "Total Cost": 40000641666.28,
                                "Plan Rows": 1,
                                "Plan Width": 49,
                                "Actual Startup Time": 4042.542,
                                "Actual Total Time": 4042.684,
                                "Actual Rows": 110384,
                                "Actual Loops": 1,
                                "Output": [
                                    "cn.name",
                                    "mc.company_type_id",
                                    "mi_idx.info",
                                    "mi_idx.info_type_id",
                                    "t.title"
                                ],
                                "Hash Buckets": 131072,
                                "Original Hash Buckets": 1024,
                                "Hash Batches": 1,
                                "Original Hash Batches": 1,
                                "Peak Memory Usage": 10337,
                                "Plans": [
                                    {
                                        "Node Type": "Merge Join",
                                        "Parent Relationship": "Outer",
                                        "Parallel Aware": false,
                                        "Join Type": "Inner",
                                        "Startup Cost": 40000635559.21,
                                        "Total Cost": 40000641666.28,
                                        "Plan Rows": 1,
                                        "Plan Width": 49,
                                        "Actual Startup Time": 3583.795,
                                        "Actual Total Time": 4012.658,
                                        "Actual Rows": 110384,
                                        "Actual Loops": 1,
                                        "Output": [
                                            "cn.name",
                                            "mc.company_type_id",
                                            "mi_idx.info",
                                            "mi_idx.info_type_id",
                                            "t.title"
                                        ],
                                        "Inner Unique": false,
                                        "Merge Cond": "(mi_idx.movie_id = t.id)",
                                        "Plans": [
                                            {
                                                "Node Type": "Sort",
                                                "Parent Relationship": "Outer",
                                                "Parallel Aware": false,
                                                "Startup Cost": 10000143387.02,
                                                "Total Cost": 10000146318.43,
                                                "Plan Rows": 1172563,
                                                "Plan Width": 13,
                                                "Actual Startup Time": 642.129,
                                                "Actual Total Time": 693.587,
                                                "Actual Rows": 1169932,
                                                "Actual Loops": 1,
                                                "Output": [
                                                    "mi_idx.info",
                                                    "mi_idx.movie_id",
                                                    "mi_idx.info_type_id"
                                                ],
                                                "Sort Key": [
                                                    "mi_idx.movie_id"
                                                ],
                                                "Sort Method": "quicksort",
                                                "Sort Space Used": 118451,
                                                "Sort Space Type": "Memory",
                                                "Plans": [
                                                    {
                                                        "Node Type": "Seq Scan",
                                                        "Parent Relationship": "Outer",
                                                        "Parallel Aware": false,
                                                        "Relation Name": "movie_info_idx",
                                                        "Schema": "public",
                                                        "Alias": "mi_idx",
                                                        "Startup Cost": 10000000000.0,
                                                        "Total Cost": 10000025185.44,
                                                        "Plan Rows": 1172563,
                                                        "Plan Width": 13,
                                                        "Actual Startup Time": 0.038,
                                                        "Actual Total Time": 280.596,
                                                        "Actual Rows": 1172960,
                                                        "Actual Loops": 1,
                                                        "Output": [
                                                            "mi_idx.info",
                                                            "mi_idx.movie_id",
                                                            "mi_idx.info_type_id"
                                                        ],
                                                        "Filter": "(mi_idx.info < '7.0'::text)",
                                                        "Rows Removed by Filter": 207075
                                                    }
                                                ]
                                            },
                                            {
                                                "Node Type": "Materialize",
                                                "Parent Relationship": "Inner",
                                                "Parallel Aware": false,
                                                "Startup Cost": 30000492172.18,
                                                "Total Cost": 30000492416.43,
                                                "Plan Rows": 1,
                                                "Plan Width": 56,
                                                "Actual Startup Time": 2937.412,
                                                "Actual Total Time": 3222.985,
                                                "Actual Rows": 110406,
                                                "Actual Loops": 1,
                                                "Output": [
                                                    "cn.name",
                                                    "mc.movie_id",
                                                    "mc.company_type_id",
                                                    "mi.movie_id",
                                                    "mk.movie_id",
                                                    "t.title",
                                                    "t.id"
                                                ],
                                                "Plans": [
                                                    {
                                                        "Node Type": "Nested Loop",
                                                        "Parent Relationship": "Outer",
                                                        "Parallel Aware": false,
                                                        "Join Type": "Inner",
                                                        "Startup Cost": 30000492172.18,
                                                        "Total Cost": 30000492416.42,
                                                        "Plan Rows": 1,
                                                        "Plan Width": 56,
                                                        "Actual Startup Time": 2937.398,
                                                        "Actual Total Time": 3199.048,
                                                        "Actual Rows": 43849,
                                                        "Actual Loops": 1,
                                                        "Output": [
                                                            "cn.name",
                                                            "mc.movie_id",
                                                            "mc.company_type_id",
                                                            "mi.movie_id",
                                                            "mk.movie_id",
                                                            "t.title",
                                                            "t.id"
                                                        ],
                                                        "Inner Unique": true,
                                                        "Plans": [
                                                            {
                                                                "Node Type": "Gather Merge",
                                                                "Parent Relationship": "Outer",
                                                                "Parallel Aware": false,
                                                                "Startup Cost": 20000492171.73,
                                                                "Total Cost": 20000492411.96,
                                                                "Plan Rows": 1,
                                                                "Plan Width": 41,
                                                                "Actual Startup Time": 2937.272,
                                                                "Actual Total Time": 2965.531,
                                                                "Actual Rows": 46574,
                                                                "Actual Loops": 1,
                                                                "Output": [
                                                                    "mi.movie_id",
                                                                    "mc.movie_id",
                                                                    "mc.company_type_id",
                                                                    "mc.company_id",
                                                                    "mk.movie_id",
                                                                    "t.title",
                                                                    "t.id"
                                                                ],
                                                                "Workers Planned": 3,
                                                                "Workers Launched": 3,
                                                                "Plans": [
                                                                    {
                                                                        "Node Type": "Merge Join",
                                                                        "Parent Relationship": "Outer",
                                                                        "Parallel Aware": false,
                                                                        "Join Type": "Inner",
                                                                        "Startup Cost": 20000491171.69,
                                                                        "Total Cost": 20000491411.8,
                                                                        "Plan Rows": 1,
                                                                        "Plan Width": 41,
                                                                        "Actual Startup Time": 2810.533,
                                                                        "Actual Total Time": 2835.127,
                                                                        "Actual Rows": 11644,
                                                                        "Actual Loops": 4,
                                                                        "Output": [
                                                                            "mi.movie_id",
                                                                            "mc.movie_id",
                                                                            "mc.company_type_id",
                                                                            "mc.company_id",
                                                                            "mk.movie_id",
                                                                            "t.title",
                                                                            "t.id"
                                                                        ],
                                                                        "Inner Unique": false,
                                                                        "Merge Cond": "(mc.movie_id = t.id)",
                                                                        "Workers": [
                                                                            {
                                                                                "Worker Number": 0,
                                                                                "Actual Startup Time": 2876.763,
                                                                                "Actual Total Time": 2904.088,
                                                                                "Actual Rows": 11223,
                                                                                "Actual Loops": 1
                                                                            },
                                                                            {
                                                                                "Worker Number": 1,
                                                                                "Actual Startup Time": 2923.274,
                                                                                "Actual Total Time": 2947.933,
                                                                                "Actual Rows": 8795,
                                                                                "Actual Loops": 1
                                                                            },
                                                                            {
                                                                                "Worker Number": 2,
                                                                                "Actual Startup Time": 2876.679,
                                                                                "Actual Total Time": 2903.865,
                                                                                "Actual Rows": 10913,
                                                                                "Actual Loops": 1
                                                                            }
                                                                        ],
                                                                        "Plans": [
                                                                            {
                                                                                "Node Type": "Sort",
                                                                                "Parent Relationship": "Outer",
                                                                                "Parallel Aware": false,
                                                                                "Startup Cost": 35148.53,
                                                                                "Total Cost": 35268.57,
                                                                                "Plan Rows": 48018,
                                                                                "Plan Width": 12,
                                                                                "Actual Startup Time": 188.767,
                                                                                "Actual Total Time": 195.606,
                                                                                "Actual Rows": 75637,
                                                                                "Actual Loops": 4,
                                                                                "Output": [
                                                                                    "mc.movie_id",
                                                                                    "mc.company_type_id",
                                                                                    "mc.company_id"
                                                                                ],
                                                                                "Sort Key": [
                                                                                    "mc.movie_id"
                                                                                ],
                                                                                "Sort Method": "quicksort",
                                                                                "Sort Space Used": 8140,
                                                                                "Sort Space Type": "Memory",
                                                                                "Workers": [
                                                                                    {
                                                                                        "Worker Number": 0,
                                                                                        "Actual Startup Time": 184.59,
                                                                                        "Actual Total Time": 191.904,
                                                                                        "Actual Rows": 66558,
                                                                                        "Actual Loops": 1
                                                                                    },
                                                                                    {
                                                                                        "Worker Number": 1,
                                                                                        "Actual Startup Time": 184.054,
                                                                                        "Actual Total Time": 190.981,
                                                                                        "Actual Rows": 63293,
                                                                                        "Actual Loops": 1
                                                                                    },
                                                                                    {
                                                                                        "Worker Number": 2,
                                                                                        "Actual Startup Time": 184.436,
                                                                                        "Actual Total Time": 191.635,
                                                                                        "Actual Rows": 64784,
                                                                                        "Actual Loops": 1
                                                                                    }
                                                                                ],
                                                                                "Plans": [
                                                                                    {
                                                                                        "Node Type": "Seq Scan",
                                                                                        "Parent Relationship": "Outer",
                                                                                        "Parallel Aware": true,
                                                                                        "Relation Name": "movie_companies",
                                                                                        "Schema": "public",
                                                                                        "Alias": "mc",
                                                                                        "Startup Cost": 0.0,
                                                                                        "Total Cost": 31414.82,
                                                                                        "Plan Rows": 48018,
                                                                                        "Plan Width": 12,
                                                                                        "Actual Startup Time": 0.08,
                                                                                        "Actual Total Time": 164.394,
                                                                                        "Actual Rows": 75818,
                                                                                        "Actual Loops": 4,
                                                                                        "Output": [
                                                                                            "mc.movie_id",
                                                                                            "mc.company_type_id",
                                                                                            "mc.company_id"
                                                                                        ],
                                                                                        "Filter": "((mc.note !~~ '%(USA)%'::text) AND (mc.note ~~ '%(200%)%'::text))",
                                                                                        "Rows Removed by Filter": 576464,
                                                                                        "Workers": [
                                                                                            {
                                                                                                "Worker Number": 0,
                                                                                                "Actual Startup Time": 0.111,
                                                                                                "Actual Total Time": 160.98,
                                                                                                "Actual Rows": 66772,
                                                                                                "Actual Loops": 1
                                                                                            },
                                                                                            {
                                                                                                "Worker Number": 1,
                                                                                                "Actual Startup Time": 0.096,
                                                                                                "Actual Total Time": 161.297,
                                                                                                "Actual Rows": 63422,
                                                                                                "Actual Loops": 1
                                                                                            },
                                                                                            {
                                                                                                "Worker Number": 2,
                                                                                                "Actual Startup Time": 0.096,
                                                                                                "Actual Total Time": 161.149,
                                                                                                "Actual Rows": 64978,
                                                                                                "Actual Loops": 1
                                                                                            }
                                                                                        ]
                                                                                    }
                                                                                ]
                                                                            },
                                                                            {
                                                                                "Node Type": "Sort",
                                                                                "Parent Relationship": "Inner",
                                                                                "Parallel Aware": false,
                                                                                "Startup Cost": 20000456023.17,
                                                                                "Total Cost": 20000456023.17,
                                                                                "Plan Rows": 1,
                                                                                "Plan Width": 29,
                                                                                "Actual Startup Time": 2621.603,
                                                                                "Actual Total Time": 2623.82,
                                                                                "Actual Rows": 17914,
                                                                                "Actual Loops": 4,
                                                                                "Output": [
                                                                                    "mi.movie_id",
                                                                                    "mk.movie_id",
                                                                                    "t.title",
                                                                                    "t.id"
                                                                                ],
                                                                                "Sort Key": [
                                                                                    "mi.movie_id"
                                                                                ],
                                                                                "Sort Method": "quicksort",
                                                                                "Sort Space Used": 780,
                                                                                "Sort Space Type": "Memory",
                                                                                "Workers": [
                                                                                    {
                                                                                        "Worker Number": 0,
                                                                                        "Actual Startup Time": 2691.998,
                                                                                        "Actual Total Time": 2694.35,
                                                                                        "Actual Rows": 17553,
                                                                                        "Actual Loops": 1
                                                                                    },
                                                                                    {
                                                                                        "Worker Number": 1,
                                                                                        "Actual Startup Time": 2739.093,
                                                                                        "Actual Total Time": 2741.124,
                                                                                        "Actual Rows": 15276,
                                                                                        "Actual Loops": 1
                                                                                    },
                                                                                    {
                                                                                        "Worker Number": 2,
                                                                                        "Actual Startup Time": 2692.197,
                                                                                        "Actual Total Time": 2694.526,
                                                                                        "Actual Rows": 17273,
                                                                                        "Actual Loops": 1
                                                                                    }
                                                                                ],
                                                                                "Plans": [
                                                                                    {
                                                                                        "Node Type": "Merge Join",
                                                                                        "Parent Relationship": "Outer",
                                                                                        "Parallel Aware": false,
                                                                                        "Join Type": "Inner",
                                                                                        "Startup Cost": 20000456022.95,
                                                                                        "Total Cost": 20000456023.16,
                                                                                        "Plan Rows": 1,
                                                                                        "Plan Width": 29,
                                                                                        "Actual Startup Time": 2618.163,
                                                                                        "Actual Total Time": 2619.836,
                                                                                        "Actual Rows": 7366,
                                                                                        "Actual Loops": 4,
                                                                                        "Output": [
                                                                                            "mi.movie_id",
                                                                                            "mk.movie_id",
                                                                                            "t.title",
                                                                                            "t.id"
                                                                                        ],
                                                                                        "Inner Unique": false,
                                                                                        "Merge Cond": "(mi.info_type_id = it1.id)",
                                                                                        "Workers": [
                                                                                            {
                                                                                                "Worker Number": 0,
                                                                                                "Actual Startup Time": 2688.459,
                                                                                                "Actual Total Time": 2690.142,
                                                                                                "Actual Rows": 7366,
                                                                                                "Actual Loops": 1
                                                                                            },
                                                                                            {
                                                                                                "Worker Number": 1,
                                                                                                "Actual Startup Time": 2735.453,
                                                                                                "Actual Total Time": 2737.154,
                                                                                                "Actual Rows": 7366,
                                                                                                "Actual Loops": 1
                                                                                            },
                                                                                            {
                                                                                                "Worker Number": 2,
                                                                                                "Actual Startup Time": 2688.603,
                                                                                                "Actual Total Time": 2690.292,
                                                                                                "Actual Rows": 7366,
                                                                                                "Actual Loops": 1
                                                                                            }
                                                                                        ],
                                                                                        "Plans": [
                                                                                            {
                                                                                                "Node Type": "Sort",
                                                                                                "Parent Relationship": "Outer",
                                                                                                "Parallel Aware": false,
                                                                                                "Startup Cost": 20000456020.53,
                                                                                                "Total Cost": 20000456020.62,
                                                                                                "Plan Rows": 37,
                                                                                                "Plan Width": 33,
                                                                                                "Actual Startup Time": 2617.987,
                                                                                                "Actual Total Time": 2618.339,
                                                                                                "Actual Rows": 7953,
                                                                                                "Actual Loops": 4,
                                                                                                "Output": [
                                                                                                    "mk.movie_id",
                                                                                                    "mi.movie_id",
                                                                                                    "mi.info_type_id",
                                                                                                    "t.title",
                                                                                                    "t.id"
                                                                                                ],
                                                                                                "Sort Key": [
                                                                                                    "mi.info_type_id"
                                                                                                ],
                                                                                                "Sort Method": "quicksort",
                                                                                                "Sort Space Used": 1049,
                                                                                                "Sort Space Type": "Memory",
                                                                                                "Workers": [
                                                                                                    {
                                                                                                        "Worker Number": 0,
                                                                                                        "Actual Startup Time": 2688.282,
                                                                                                        "Actual Total Time": 2688.632,
                                                                                                        "Actual Rows": 7953,
                                                                                                        "Actual Loops": 1
                                                                                                    },
                                                                                                    {
                                                                                                        "Worker Number": 1,
                                                                                                        "Actual Startup Time": 2735.256,
                                                                                                        "Actual Total Time": 2735.626,
                                                                                                        "Actual Rows": 7953,
                                                                                                        "Actual Loops": 1
                                                                                                    },
                                                                                                    {
                                                                                                        "Worker Number": 2,
                                                                                                        "Actual Startup Time": 2688.42,
                                                                                                        "Actual Total Time": 2688.779,
                                                                                                        "Actual Rows": 7953,
                                                                                                        "Actual Loops": 1
                                                                                                    }
                                                                                                ],
                                                                                                "Plans": [
                                                                                                    {
                                                                                                        "Node Type": "Nested Loop",
                                                                                                        "Parent Relationship": "Outer",
                                                                                                        "Parallel Aware": false,
                                                                                                        "Join Type": "Inner",
                                                                                                        "Startup Cost": 20000449096.2,
                                                                                                        "Total Cost": 20000456019.57,
                                                                                                        "Plan Rows": 37,
                                                                                                        "Plan Width": 33,
                                                                                                        "Actual Startup Time": 1889.745,
                                                                                                        "Actual Total Time": 2614.253,
                                                                                                        "Actual Rows": 8195,
                                                                                                        "Actual Loops": 4,
                                                                                                        "Output": [
                                                                                                            "mk.movie_id",
                                                                                                            "mi.movie_id",
                                                                                                            "mi.info_type_id",
                                                                                                            "t.title",
                                                                                                            "t.id"
                                                                                                        ],
                                                                                                        "Inner Unique": false,
                                                                                                        "Join Filter": "(t.id = mi.movie_id)",
                                                                                                        "Rows Removed by Join Filter": 0,
                                                                                                        "Workers": [
                                                                                                            {
                                                                                                                "Worker Number": 0,
                                                                                                                "Actual Startup Time": 1957.418,
                                                                                                                "Actual Total Time": 2684.054,
                                                                                                                "Actual Rows": 8195,
                                                                                                                "Actual Loops": 1
                                                                                                            },
                                                                                                            {
                                                                                                                "Worker Number": 1,
                                                                                                                "Actual Startup Time": 1974.026,
                                                                                                                "Actual Total Time": 2730.962,
                                                                                                                "Actual Rows": 8195,
                                                                                                                "Actual Loops": 1
                                                                                                            },
                                                                                                            {
                                                                                                                "Worker Number": 2,
                                                                                                                "Actual Startup Time": 1957.558,
                                                                                                                "Actual Total Time": 2684.222,
                                                                                                                "Actual Rows": 8195,
                                                                                                                "Actual Loops": 1
                                                                                                            }
                                                                                                        ],
                                                                                                        "Plans": [
                                                                                                            {
                                                                                                                "Node Type": "Hash Join",
                                                                                                                "Parent Relationship": "Outer",
                                                                                                                "Parallel Aware": false,
                                                                                                                "Join Type": "Inner",
                                                                                                                "Startup Cost": 20000449095.76,
                                                                                                                "Total Cost": 20000455987.47,
                                                                                                                "Plan Rows": 21,
                                                                                                                "Plan Width": 25,
                                                                                                                "Actual Startup Time": 1889.654,
                                                                                                                "Actual Total Time": 2225.985,
                                                                                                                "Actual Rows": 11686,
                                                                                                                "Actual Loops": 4,
                                                                                                                "Output": [
                                                                                                                    "mk.movie_id",
                                                                                                                    "t.title",
                                                                                                                    "t.id"
                                                                                                                ],
                                                                                                                "Inner Unique": false,
                                                                                                                "Hash Cond": "(t.kind_id = kt.id)",
                                                                                                                "Workers": [
                                                                                                                    {
                                                                                                                        "Worker Number": 0,
                                                                                                                        "Actual Startup Time": 1957.334,
                                                                                                                        "Actual Total Time": 2284.707,
                                                                                                                        "Actual Rows": 11686,
                                                                                                                        "Actual Loops": 1
                                                                                                                    },
                                                                                                                    {
                                                                                                                        "Worker Number": 1,
                                                                                                                        "Actual Startup Time": 1973.92,
                                                                                                                        "Actual Total Time": 2354.291,
                                                                                                                        "Actual Rows": 11686,
                                                                                                                        "Actual Loops": 1
                                                                                                                    },
                                                                                                                    {
                                                                                                                        "Worker Number": 2,
                                                                                                                        "Actual Startup Time": 1957.451,
                                                                                                                        "Actual Total Time": 2287.158,
                                                                                                                        "Actual Rows": 11686,
                                                                                                                        "Actual Loops": 1
                                                                                                                    }
                                                                                                                ],
                                                                                                                "Plans": [
                                                                                                                    {
                                                                                                                        "Node Type": "Merge Join",
                                                                                                                        "Parent Relationship": "Outer",
                                                                                                                        "Parallel Aware": false,
                                                                                                                        "Join Type": "Inner",
                                                                                                                        "Startup Cost": 20000449094.65,
                                                                                                                        "Total Cost": 20000455985.87,
                                                                                                                        "Plan Rows": 74,
                                                                                                                        "Plan Width": 29,
                                                                                                                        "Actual Startup Time": 1887.26,
                                                                                                                        "Actual Total Time": 2222.784,
                                                                                                                        "Actual Rows": 14771,
                                                                                                                        "Actual Loops": 4,
                                                                                                                        "Output": [
                                                                                                                            "mk.movie_id",
                                                                                                                            "t.title",
                                                                                                                            "t.kind_id",
                                                                                                                            "t.id"
                                                                                                                        ],
                                                                                                                        "Inner Unique": false,
                                                                                                                        "Merge Cond": "(t.id = mk.movie_id)",
                                                                                                                        "Workers": [
                                                                                                                            {
                                                                                                                                "Worker Number": 0,
                                                                                                                                "Actual Startup Time": 1955.001,
                                                                                                                                "Actual Total Time": 2281.289,
                                                                                                                                "Actual Rows": 14771,
                                                                                                                                "Actual Loops": 1
                                                                                                                            },
                                                                                                                            {
                                                                                                                                "Worker Number": 1,
                                                                                                                                "Actual Startup Time": 1971.062,
                                                                                                                                "Actual Total Time": 2350.826,
                                                                                                                                "Actual Rows": 14771,
                                                                                                                                "Actual Loops": 1
                                                                                                                            },
                                                                                                                            {
                                                                                                                                "Worker Number": 2,
                                                                                                                                "Actual Startup Time": 1955.034,
                                                                                                                                "Actual Total Time": 2283.695,
                                                                                                                                "Actual Rows": 14771,
                                                                                                                                "Actual Loops": 1
                                                                                                                            }
                                                                                                                        ],
                                                                                                                        "Plans": [
                                                                                                                            {
                                                                                                                                "Node Type": "Sort",
                                                                                                                                "Parent Relationship": "Outer",
                                                                                                                                "Parallel Aware": false,
                                                                                                                                "Startup Cost": 10000208291.51,
                                                                                                                                "Total Cost": 10000211740.49,
                                                                                                                                "Plan Rows": 1379592,
                                                                                                                                "Plan Width": 25,
                                                                                                                                "Actual Startup Time": 1193.928,
                                                                                                                                "Actual Total Time": 1383.082,
                                                                                                                                "Actual Rows": 1381058,
                                                                                                                                "Actual Loops": 4,
                                                                                                                                "Output": [
                                                                                                                                    "t.title",
                                                                                                                                    "t.kind_id",
                                                                                                                                    "t.id"
                                                                                                                                ],
                                                                                                                                "Sort Key": [
                                                                                                                                    "t.id"
                                                                                                                                ],
                                                                                                                                "Sort Method": "quicksort",
                                                                                                                                "Sort Space Used": 153732,
                                                                                                                                "Sort Space Type": "Memory",
                                                                                                                                "Workers": [
                                                                                                                                    {
                                                                                                                                        "Worker Number": 0,
                                                                                                                                        "Actual Startup Time": 1249.093,
                                                                                                                                        "Actual Total Time": 1432.701,
                                                                                                                                        "Actual Rows": 1381058,
                                                                                                                                        "Actual Loops": 1
                                                                                                                                    },
                                                                                                                                    {
                                                                                                                                        "Worker Number": 1,
                                                                                                                                        "Actual Startup Time": 1263.177,
                                                                                                                                        "Actual Total Time": 1481.107,
                                                                                                                                        "Actual Rows": 1381058,
                                                                                                                                        "Actual Loops": 1
                                                                                                                                    },
                                                                                                                                    {
                                                                                                                                        "Worker Number": 2,
                                                                                                                                        "Actual Startup Time": 1249.999,
                                                                                                                                        "Actual Total Time": 1435.281,
                                                                                                                                        "Actual Rows": 1381058,
                                                                                                                                        "Actual Loops": 1
                                                                                                                                    }
                                                                                                                                ],
                                                                                                                                "Plans": [
                                                                                                                                    {
                                                                                                                                        "Node Type": "Seq Scan",
                                                                                                                                        "Parent Relationship": "Outer",
                                                                                                                                        "Parallel Aware": false,
                                                                                                                                        "Relation Name": "title",
                                                                                                                                        "Schema": "public",
                                                                                                                                        "Alias": "t",
                                                                                                                                        "Startup Cost": 10000000000.0,
                                                                                                                                        "Total Cost": 10000067602.02,
                                                                                                                                        "Plan Rows": 1379592,
                                                                                                                                        "Plan Width": 25,
                                                                                                                                        "Actual Startup Time": 0.029,
                                                                                                                                        "Actual Total Time": 461.749,
                                                                                                                                        "Actual Rows": 1381453,
                                                                                                                                        "Actual Loops": 4,
                                                                                                                                        "Output": [
                                                                                                                                            "t.title",
                                                                                                                                            "t.kind_id",
                                                                                                                                            "t.id"
                                                                                                                                        ],
                                                                                                                                        "Filter": "(t.production_year > 2000)",
                                                                                                                                        "Rows Removed by Filter": 1146859,
                                                                                                                                        "Workers": [
                                                                                                                                            {
                                                                                                                                                "Worker Number": 0,
                                                                                                                                                "Actual Startup Time": 0.034,
                                                                                                                                                "Actual Total Time": 473.131,
                                                                                                                                                "Actual Rows": 1381453,
                                                                                                                                                "Actual Loops": 1
                                                                                                                                            },
                                                                                                                                            {
                                                                                                                                                "Worker Number": 1,
                                                                                                                                                "Actual Startup Time": 0.04,
                                                                                                                                                "Actual Total Time": 478.926,
                                                                                                                                                "Actual Rows": 1381453,
                                                                                                                                                "Actual Loops": 1
                                                                                                                                            },
                                                                                                                                            {
                                                                                                                                                "Worker Number": 2,
                                                                                                                                                "Actual Startup Time": 0.033,
                                                                                                                                                "Actual Total Time": 474.884,
                                                                                                                                                "Actual Rows": 1381453,
                                                                                                                                                "Actual Loops": 1
                                                                                                                                            }
                                                                                                                                        ]
                                                                                                                                    }
                                                                                                                                ]
                                                                                                                            },
                                                                                                                            {
                                                                                                                                "Node Type": "Sort",
                                                                                                                                "Parent Relationship": "Inner",
                                                                                                                                "Parallel Aware": false,
                                                                                                                                "Startup Cost": 10000240801.75,
                                                                                                                                "Total Cost": 10000240802.09,
                                                                                                                                "Plan Rows": 135,
                                                                                                                                "Plan Width": 4,
                                                                                                                                "Actual Startup Time": 693.138,
                                                                                                                                "Actual Total Time": 696.767,
                                                                                                                                "Actual Rows": 37091,
                                                                                                                                "Actual Loops": 4,
                                                                                                                                "Output": [
                                                                                                                                    "mk.movie_id"
                                                                                                                                ],
                                                                                                                                "Sort Key": [
                                                                                                                                    "mk.movie_id"
                                                                                                                                ],
                                                                                                                                "Sort Method": "quicksort",
                                                                                                                                "Sort Space Used": 3275,
                                                                                                                                "Sort Space Type": "Memory",
                                                                                                                                "Workers": [
                                                                                                                                    {
                                                                                                                                        "Worker Number": 0,
                                                                                                                                        "Actual Startup Time": 705.714,
                                                                                                                                        "Actual Total Time": 709.455,
                                                                                                                                        "Actual Rows": 37091,
                                                                                                                                        "Actual Loops": 1
                                                                                                                                    },
                                                                                                                                    {
                                                                                                                                        "Worker Number": 1,
                                                                                                                                        "Actual Startup Time": 707.665,
                                                                                                                                        "Actual Total Time": 711.72,
                                                                                                                                        "Actual Rows": 37091,
                                                                                                                                        "Actual Loops": 1
                                                                                                                                    },
                                                                                                                                    {
                                                                                                                                        "Worker Number": 2,
                                                                                                                                        "Actual Startup Time": 704.853,
                                                                                                                                        "Actual Total Time": 708.574,
                                                                                                                                        "Actual Rows": 37091,
                                                                                                                                        "Actual Loops": 1
                                                                                                                                    }
                                                                                                                                ],
                                                                                                                                "Plans": [
                                                                                                                                    {
                                                                                                                                        "Node Type": "Merge Join",
                                                                                                                                        "Parent Relationship": "Outer",
                                                                                                                                        "Parallel Aware": false,
                                                                                                                                        "Join Type": "Inner",
                                                                                                                                        "Startup Cost": 10000002962.02,
                                                                                                                                        "Total Cost": 10000240796.98,
                                                                                                                                        "Plan Rows": 135,
                                                                                                                                        "Plan Width": 4,
                                                                                                                                        "Actual Startup Time": 187.117,
                                                                                                                                        "Actual Total Time": 684.206,
                                                                                                                                        "Actual Rows": 37091,
                                                                                                                                        "Actual Loops": 4,
                                                                                                                                        "Output": [
                                                                                                                                            "mk.movie_id"
                                                                                                                                        ],
                                                                                                                                        "Inner Unique": false,
                                                                                                                                        "Merge Cond": "(mk.keyword_id = k.id)",
                                                                                                                                        "Workers": [
                                                                                                                                            {
                                                                                                                                                "Worker Number": 0,
                                                                                                                                                "Actual Startup Time": 200.541,
                                                                                                                                                "Actual Total Time": 696.319,
                                                                                                                                                "Actual Rows": 37091,
                                                                                                                                                "Actual Loops": 1
                                                                                                                                            },
                                                                                                                                            {
                                                                                                                                                "Worker Number": 1,
                                                                                                                                                "Actual Startup Time": 188.003,
                                                                                                                                                "Actual Total Time": 697.299,
                                                                                                                                                "Actual Rows": 37091,
                                                                                                                                                "Actual Loops": 1
                                                                                                                                            },
                                                                                                                                            {
                                                                                                                                                "Worker Number": 2,
                                                                                                                                                "Actual Startup Time": 199.733,
                                                                                                                                                "Actual Total Time": 694.816,
                                                                                                                                                "Actual Rows": 37091,
                                                                                                                                                "Actual Loops": 1
                                                                                                                                            }
                                                                                                                                        ],
                                                                                                                                        "Plans": [
                                                                                                                                            {
                                                                                                                                                "Node Type": "Index Scan",
                                                                                                                                                "Parent Relationship": "Outer",
                                                                                                                                                "Parallel Aware": false,
                                                                                                                                                "Scan Direction": "Forward",
                                                                                                                                                "Index Name": "keyword_id_movie_keyword",
                                                                                                                                                "Relation Name": "movie_keyword",
                                                                                                                                                "Schema": "public",
                                                                                                                                                "Alias": "mk",
                                                                                                                                                "Startup Cost": 0.43,
                                                                                                                                                "Total Cost": 226523.54,
                                                                                                                                                "Plan Rows": 4523930,
                                                                                                                                                "Plan Width": 8,
                                                                                                                                                "Actual Startup Time": 0.083,
                                                                                                                                                "Actual Total Time": 586.213,
                                                                                                                                                "Actual Rows": 943582,
                                                                                                                                                "Actual Loops": 4,
                                                                                                                                                "Output": [
                                                                                                                                                    "mk.id",
                                                                                                                                                    "mk.movie_id",
                                                                                                                                                    "mk.keyword_id"
                                                                                                                                                ],
                                                                                                                                                "Workers": [
                                                                                                                                                    {
                                                                                                                                                        "Worker Number": 0,
                                                                                                                                                        "Actual Startup Time": 0.117,
                                                                                                                                                        "Actual Total Time": 599.111,
                                                                                                                                                        "Actual Rows": 943582,
                                                                                                                                                        "Actual Loops": 1
                                                                                                                                                    },
                                                                                                                                                    {
                                                                                                                                                        "Worker Number": 1,
                                                                                                                                                        "Actual Startup Time": 0.097,
                                                                                                                                                        "Actual Total Time": 598.656,
                                                                                                                                                        "Actual Rows": 943582,
                                                                                                                                                        "Actual Loops": 1
                                                                                                                                                    },
                                                                                                                                                    {
                                                                                                                                                        "Worker Number": 2,
                                                                                                                                                        "Actual Startup Time": 0.079,
                                                                                                                                                        "Actual Total Time": 589.568,
                                                                                                                                                        "Actual Rows": 943582,
                                                                                                                                                        "Actual Loops": 1
                                                                                                                                                    }
                                                                                                                                                ]
                                                                                                                                            },
                                                                                                                                            {
                                                                                                                                                "Node Type": "Sort",
                                                                                                                                                "Parent Relationship": "Inner",
                                                                                                                                                "Parallel Aware": false,
                                                                                                                                                "Startup Cost": 10000002961.59,
                                                                                                                                                "Total Cost": 10000002961.6,
                                                                                                                                                "Plan Rows": 4,
                                                                                                                                                "Plan Width": 4,
                                                                                                                                                "Actual Startup Time": 22.262,
                                                                                                                                                "Actual Total Time": 24.192,
                                                                                                                                                "Actual Rows": 27866,
                                                                                                                                                "Actual Loops": 4,
                                                                                                                                                "Output": [
                                                                                                                                                    "k.id"
                                                                                                                                                ],
                                                                                                                                                "Sort Key": [
                                                                                                                                                    "k.id"
                                                                                                                                                ],
                                                                                                                                                "Sort Method": "quicksort",
                                                                                                                                                "Sort Space Used": 25,
                                                                                                                                                "Sort Space Type": "Memory",
                                                                                                                                                "Workers": [
                                                                                                                                                    {
                                                                                                                                                        "Worker Number": 0,
                                                                                                                                                        "Actual Startup Time": 22.562,
                                                                                                                                                        "Actual Total Time": 24.231,
                                                                                                                                                        "Actual Rows": 27866,
                                                                                                                                                        "Actual Loops": 1
                                                                                                                                                    },
                                                                                                                                                    {
                                                                                                                                                        "Worker Number": 1,
                                                                                                                                                        "Actual Startup Time": 22.845,
                                                                                                                                                        "Actual Total Time": 24.695,
                                                                                                                                                        "Actual Rows": 27866,
                                                                                                                                                        "Actual Loops": 1
                                                                                                                                                    },
                                                                                                                                                    {
                                                                                                                                                        "Worker Number": 2,
                                                                                                                                                        "Actual Startup Time": 21.887,
                                                                                                                                                        "Actual Total Time": 23.736,
                                                                                                                                                        "Actual Rows": 27866,
                                                                                                                                                        "Actual Loops": 1
                                                                                                                                                    }
                                                                                                                                                ],
                                                                                                                                                "Plans": [
                                                                                                                                                    {
                                                                                                                                                        "Node Type": "Seq Scan",
                                                                                                                                                        "Parent Relationship": "Outer",
                                                                                                                                                        "Parallel Aware": false,
                                                                                                                                                        "Relation Name": "keyword",
                                                                                                                                                        "Schema": "public",
                                                                                                                                                        "Alias": "k",
                                                                                                                                                        "Startup Cost": 10000000000.0,
                                                                                                                                                        "Total Cost": 10000002961.55,
                                                                                                                                                        "Plan Rows": 4,
                                                                                                                                                        "Plan Width": 4,
                                                                                                                                                        "Actual Startup Time": 1.151,
                                                                                                                                                        "Actual Total Time": 22.254,
                                                                                                                                                        "Actual Rows": 3,
                                                                                                                                                        "Actual Loops": 4,
                                                                                                                                                        "Output": [
                                                                                                                                                            "k.id"
                                                                                                                                                        ],
                                                                                                                                                        "Filter": "(k.keyword = ANY ('{murder,murder-in-title,blood,violence}'::text[]))",
                                                                                                                                                        "Rows Removed by Filter": 134167,
                                                                                                                                                        "Workers": [
                                                                                                                                                            {
                                                                                                                                                                "Worker Number": 0,
                                                                                                                                                                "Actual Startup Time": 1.177,
                                                                                                                                                                "Actual Total Time": 22.555,
                                                                                                                                                                "Actual Rows": 3,
                                                                                                                                                                "Actual Loops": 1
                                                                                                                                                            },
                                                                                                                                                            {
                                                                                                                                                                "Worker Number": 1,
                                                                                                                                                                "Actual Startup Time": 1.22,
                                                                                                                                                                "Actual Total Time": 22.837,
                                                                                                                                                                "Actual Rows": 3,
                                                                                                                                                                "Actual Loops": 1
                                                                                                                                                            },
                                                                                                                                                            {
                                                                                                                                                                "Worker Number": 2,
                                                                                                                                                                "Actual Startup Time": 1.149,
                                                                                                                                                                "Actual Total Time": 21.881,
                                                                                                                                                                "Actual Rows": 3,
                                                                                                                                                                "Actual Loops": 1
                                                                                                                                                            }
                                                                                                                                                        ]
                                                                                                                                                    }
                                                                                                                                                ]
                                                                                                                                            }
                                                                                                                                        ]
                                                                                                                                    }
                                                                                                                                ]
                                                                                                                            }
                                                                                                                        ]
                                                                                                                    },
                                                                                                                    {
                                                                                                                        "Node Type": "Hash",
                                                                                                                        "Parent Relationship": "Inner",
                                                                                                                        "Parallel Aware": false,
                                                                                                                        "Startup Cost": 1.09,
                                                                                                                        "Total Cost": 1.09,
                                                                                                                        "Plan Rows": 2,
                                                                                                                        "Plan Width": 4,
                                                                                                                        "Actual Startup Time": 0.072,
                                                                                                                        "Actual Total Time": 0.074,
                                                                                                                        "Actual Rows": 2,
                                                                                                                        "Actual Loops": 4,
                                                                                                                        "Output": [
                                                                                                                            "kt.id"
                                                                                                                        ],
                                                                                                                        "Hash Buckets": 1024,
                                                                                                                        "Original Hash Buckets": 1024,
                                                                                                                        "Hash Batches": 1,
                                                                                                                        "Original Hash Batches": 1,
                                                                                                                        "Peak Memory Usage": 9,
                                                                                                                        "Workers": [
                                                                                                                            {
                                                                                                                                "Worker Number": 0,
                                                                                                                                "Actual Startup Time": 0.068,
                                                                                                                                "Actual Total Time": 0.069,
                                                                                                                                "Actual Rows": 2,
                                                                                                                                "Actual Loops": 1
                                                                                                                            },
                                                                                                                            {
                                                                                                                                "Worker Number": 1,
                                                                                                                                "Actual Startup Time": 0.119,
                                                                                                                                "Actual Total Time": 0.12,
                                                                                                                                "Actual Rows": 2,
                                                                                                                                "Actual Loops": 1
                                                                                                                            },
                                                                                                                            {
                                                                                                                                "Worker Number": 2,
                                                                                                                                "Actual Startup Time": 0.082,
                                                                                                                                "Actual Total Time": 0.084,
                                                                                                                                "Actual Rows": 2,
                                                                                                                                "Actual Loops": 1
                                                                                                                            }
                                                                                                                        ],
                                                                                                                        "Plans": [
                                                                                                                            {
                                                                                                                                "Node Type": "Seq Scan",
                                                                                                                                "Parent Relationship": "Outer",
                                                                                                                                "Parallel Aware": false,
                                                                                                                                "Relation Name": "kind_type",
                                                                                                                                "Schema": "public",
                                                                                                                                "Alias": "kt",
                                                                                                                                "Startup Cost": 0.0,
                                                                                                                                "Total Cost": 1.09,
                                                                                                                                "Plan Rows": 2,
                                                                                                                                "Plan Width": 4,
                                                                                                                                "Actual Startup Time": 0.062,
                                                                                                                                "Actual Total Time": 0.065,
                                                                                                                                "Actual Rows": 2,
                                                                                                                                "Actual Loops": 4,
                                                                                                                                "Output": [
                                                                                                                                    "kt.id"
                                                                                                                                ],
                                                                                                                                "Filter": "((kt.kind)::text = ANY ('{movie,episode}'::text[]))",
                                                                                                                                "Rows Removed by Filter": 5,
                                                                                                                                "Workers": [
                                                                                                                                    {
                                                                                                                                        "Worker Number": 0,
                                                                                                                                        "Actual Startup Time": 0.057,
                                                                                                                                        "Actual Total Time": 0.06,
                                                                                                                                        "Actual Rows": 2,
                                                                                                                                        "Actual Loops": 1
                                                                                                                                    },
                                                                                                                                    {
                                                                                                                                        "Worker Number": 1,
                                                                                                                                        "Actual Startup Time": 0.106,
                                                                                                                                        "Actual Total Time": 0.108,
                                                                                                                                        "Actual Rows": 2,
                                                                                                                                        "Actual Loops": 1
                                                                                                                                    },
                                                                                                                                    {
                                                                                                                                        "Worker Number": 2,
                                                                                                                                        "Actual Startup Time": 0.071,
                                                                                                                                        "Actual Total Time": 0.074,
                                                                                                                                        "Actual Rows": 2,
                                                                                                                                        "Actual Loops": 1
                                                                                                                                    }
                                                                                                                                ]
                                                                                                                            }
                                                                                                                        ]
                                                                                                                    }
                                                                                                                ]
                                                                                                            },
                                                                                                            {
                                                                                                                "Node Type": "Index Scan",
                                                                                                                "Parent Relationship": "Inner",
                                                                                                                "Parallel Aware": false,
                                                                                                                "Scan Direction": "Forward",
                                                                                                                "Index Name": "movie_id_movie_info",
                                                                                                                "Relation Name": "movie_info",
                                                                                                                "Schema": "public",
                                                                                                                "Alias": "mi",
                                                                                                                "Startup Cost": 0.43,
                                                                                                                "Total Cost": 1.5,
                                                                                                                "Plan Rows": 2,
                                                                                                                "Plan Width": 8,
                                                                                                                "Actual Startup Time": 0.03,
                                                                                                                "Actual Total Time": 0.033,
                                                                                                                "Actual Rows": 1,
                                                                                                                "Actual Loops": 46744,
                                                                                                                "Output": [
                                                                                                                    "mi.id",
                                                                                                                    "mi.movie_id",
                                                                                                                    "mi.info_type_id",
                                                                                                                    "mi.info",
                                                                                                                    "mi.note"
                                                                                                                ],
                                                                                                                "Index Cond": "(mi.movie_id = mk.movie_id)",
                                                                                                                "Rows Removed by Index Recheck": 0,
                                                                                                                "Filter": "(mi.info = ANY ('{Germany,German,USA,American}'::text[]))",
                                                                                                                "Rows Removed by Filter": 69,
                                                                                                                "Workers": [
                                                                                                                    {
                                                                                                                        "Worker Number": 0,
                                                                                                                        "Actual Startup Time": 0.03,
                                                                                                                        "Actual Total Time": 0.034,
                                                                                                                        "Actual Rows": 1,
                                                                                                                        "Actual Loops": 11686
                                                                                                                    },
                                                                                                                    {
                                                                                                                        "Worker Number": 1,
                                                                                                                        "Actual Startup Time": 0.029,
                                                                                                                        "Actual Total Time": 0.032,
                                                                                                                        "Actual Rows": 1,
                                                                                                                        "Actual Loops": 11686
                                                                                                                    },
                                                                                                                    {
                                                                                                                        "Worker Number": 2,
                                                                                                                        "Actual Startup Time": 0.03,
                                                                                                                        "Actual Total Time": 0.034,
                                                                                                                        "Actual Rows": 1,
                                                                                                                        "Actual Loops": 11686
                                                                                                                    }
                                                                                                                ]
                                                                                                            }
                                                                                                        ]
                                                                                                    }
                                                                                                ]
                                                                                            },
                                                                                            {
                                                                                                "Node Type": "Sort",
                                                                                                "Parent Relationship": "Inner",
                                                                                                "Parallel Aware": false,
                                                                                                "Startup Cost": 2.42,
                                                                                                "Total Cost": 2.43,
                                                                                                "Plan Rows": 1,
                                                                                                "Plan Width": 4,
                                                                                                "Actual Startup Time": 0.043,
                                                                                                "Actual Total Time": 0.286,
                                                                                                "Actual Rows": 1,
                                                                                                "Actual Loops": 4,
                                                                                                "Output": [
                                                                                                    "it1.id"
                                                                                                ],
                                                                                                "Sort Key": [
                                                                                                    "it1.id"
                                                                                                ],
                                                                                                "Sort Method": "quicksort",
                                                                                                "Sort Space Used": 25,
                                                                                                "Sort Space Type": "Memory",
                                                                                                "Workers": [
                                                                                                    {
                                                                                                        "Worker Number": 0,
                                                                                                        "Actual Startup Time": 0.042,
                                                                                                        "Actual Total Time": 0.284,
                                                                                                        "Actual Rows": 1,
                                                                                                        "Actual Loops": 1
                                                                                                    },
                                                                                                    {
                                                                                                        "Worker Number": 1,
                                                                                                        "Actual Startup Time": 0.052,
                                                                                                        "Actual Total Time": 0.3,
                                                                                                        "Actual Rows": 1,
                                                                                                        "Actual Loops": 1
                                                                                                    },
                                                                                                    {
                                                                                                        "Worker Number": 2,
                                                                                                        "Actual Startup Time": 0.052,
                                                                                                        "Actual Total Time": 0.295,
                                                                                                        "Actual Rows": 1,
                                                                                                        "Actual Loops": 1
                                                                                                    }
                                                                                                ],
                                                                                                "Plans": [
                                                                                                    {
                                                                                                        "Node Type": "Seq Scan",
                                                                                                        "Parent Relationship": "Outer",
                                                                                                        "Parallel Aware": false,
                                                                                                        "Relation Name": "info_type",
                                                                                                        "Schema": "public",
                                                                                                        "Alias": "it1",
                                                                                                        "Startup Cost": 0.0,
                                                                                                        "Total Cost": 2.41,
                                                                                                        "Plan Rows": 1,
                                                                                                        "Plan Width": 4,
                                                                                                        "Actual Startup Time": 0.031,
                                                                                                        "Actual Total Time": 0.036,
                                                                                                        "Actual Rows": 1,
                                                                                                        "Actual Loops": 4,
                                                                                                        "Output": [
                                                                                                            "it1.id"
                                                                                                        ],
                                                                                                        "Filter": "((it1.info)::text = 'countries'::text)",
                                                                                                        "Rows Removed by Filter": 112,
                                                                                                        "Workers": [
                                                                                                            {
                                                                                                                "Worker Number": 0,
                                                                                                                "Actual Startup Time": 0.031,
                                                                                                                "Actual Total Time": 0.036,
                                                                                                                "Actual Rows": 1,
                                                                                                                "Actual Loops": 1
                                                                                                            },
                                                                                                            {
                                                                                                                "Worker Number": 1,
                                                                                                                "Actual Startup Time": 0.04,
                                                                                                                "Actual Total Time": 0.045,
                                                                                                                "Actual Rows": 1,
                                                                                                                "Actual Loops": 1
                                                                                                            },
                                                                                                            {
                                                                                                                "Worker Number": 2,
                                                                                                                "Actual Startup Time": 0.039,
                                                                                                                "Actual Total Time": 0.044,
                                                                                                                "Actual Rows": 1,
                                                                                                                "Actual Loops": 1
                                                                                                            }
                                                                                                        ]
                                                                                                    }
                                                                                                ]
                                                                                            }
                                                                                        ]
                                                                                    }
                                                                                ]
                                                                            }
                                                                        ]
                                                                    }
                                                                ]
                                                            },
                                                            {
                                                                "Node Type": "Bitmap Heap Scan",
                                                                "Parent Relationship": "Inner",
                                                                "Parallel Aware": false,
                                                                "Relation Name": "company_name",
                                                                "Schema": "public",
                                                                "Alias": "cn",
                                                                "Startup Cost": 0.45,
                                                                "Total Cost": 4.47,
                                                                "Plan Rows": 1,
                                                                "Plan Width": 23,
                                                                "Actual Startup Time": 0.003,
                                                                "Actual Total Time": 0.003,
                                                                "Actual Rows": 1,
                                                                "Actual Loops": 46574,
                                                                "Output": [
                                                                    "cn.id",
                                                                    "cn.name",
                                                                    "cn.country_code",
                                                                    "cn.imdb_id",
                                                                    "cn.name_pcode_nf",
                                                                    "cn.name_pcode_sf",
                                                                    "cn.md5sum"
                                                                ],
                                                                "Recheck Cond": "(cn.id = mc.company_id)",
                                                                "Rows Removed by Index Recheck": 0,
                                                                "Filter": "((cn.country_code)::text <> '[us]'::text)",
                                                                "Rows Removed by Filter": 0,
                                                                "Exact Heap Blocks": 46574,
                                                                "Lossy Heap Blocks": 0,
                                                                "Plans": [
                                                                    {
                                                                        "Node Type": "Bitmap Index Scan",
                                                                        "Parent Relationship": "Outer",
                                                                        "Parallel Aware": false,
                                                                        "Index Name": "company_name_pkey",
                                                                        "Startup Cost": 0.0,
                                                                        "Total Cost": 0.45,
                                                                        "Plan Rows": 1,
                                                                        "Plan Width": 0,
                                                                        "Actual Startup Time": 0.002,
                                                                        "Actual Total Time": 0.002,
                                                                        "Actual Rows": 1,
                                                                        "Actual Loops": 46574,
                                                                        "Index Cond": "(cn.id = mc.company_id)"
                                                                    }
                                                                ]
                                                            }
                                                        ]
                                                    }
                                                ]
                                            }
                                        ]
                                    }
                                ]
                            }
                        ]
                    },
                    {
                        "Node Type": "Bitmap Heap Scan",
                        "Parent Relationship": "Inner",
                        "Parallel Aware": false,
                        "Relation Name": "company_type",
                        "Schema": "public",
                        "Alias": "ct",
                        "Startup Cost": 0.14,
                        "Total Cost": 4.15,
                        "Plan Rows": 1,
                        "Plan Width": 4,
                        "Actual Startup Time": 0.002,
                        "Actual Total Time": 0.002,
                        "Actual Rows": 1,
                        "Actual Loops": 27943,
                        "Output": [
                            "ct.id",
                            "ct.kind"
                        ],
                        "Recheck Cond": "(ct.id = mc.company_type_id)",
                        "Rows Removed by Index Recheck": 0,
                        "Exact Heap Blocks": 27943,
                        "Lossy Heap Blocks": 0,
                        "Plans": [
                            {
                                "Node Type": "Bitmap Index Scan",
                                "Parent Relationship": "Outer",
                                "Parallel Aware": false,
                                "Index Name": "company_type_pkey",
                                "Startup Cost": 0.0,
                                "Total Cost": 0.14,
                                "Plan Rows": 1,
                                "Plan Width": 0,
                                "Actual Startup Time": 0.001,
                                "Actual Total Time": 0.001,
                                "Actual Rows": 1,
                                "Actual Loops": 27943,
                                "Index Cond": "(ct.id = mc.company_type_id)"
                            }
                        ]
                    }
                ]
            }
        ]
    },
    "Planning Time": 25.215,
    "Triggers": [],
    "Execution Time": 4147.798
}