[
  {
    "Plan": {
      "Node Type": "Aggregate",
      "Strategy": "Plain",
      "Partial Mode": "Finalize",
      "Parallel Aware": false,
      "Startup Cost": 36893.92,
      "Total Cost": 36893.93,
      "Plan Rows": 1,
      "Plan Width": 8,
      "Actual Startup Time": 123.792,
      "Actual Total Time": 133.139,
      "Actual Rows": 1,
      "Actual Loops": 1,
      "Plans": [
        {
          "Node Type": "Gather",
          "Parent Relationship": "Outer",
          "Parallel Aware": false,
          "Startup Cost": 36893.61,
          "Total Cost": 36893.92,
          "Plan Rows": 3,
          "Plan Width": 8,
          "Actual Startup Time": 123.465,
          "Actual Total Time": 133.124,
          "Actual Rows": 4,
          "Actual Loops": 1,
          "Workers Planned": 3,
          "Workers Launched": 3,
          "Single Copy": false,
          "Plans": [
            {
              "Node Type": "Aggregate",
              "Strategy": "Plain",
              "Partial Mode": "Partial",
              "Parent Relationship": "Outer",
              "Parallel Aware": false,
              "Startup Cost": 35893.61,
              "Total Cost": 35893.62,
              "Plan Rows": 1,
              "Plan Width": 8,
              "Actual Startup Time": 115.878,
              "Actual Total Time": 115.881,
              "Actual Rows": 1,
              "Actual Loops": 4,
              "Plans": [
                {
                  "Node Type": "Bitmap Heap Scan",
                  "Parent Relationship": "Outer",
                  "Parallel Aware": true,
                  "Relation Name": "movie_keyword",
                  "Alias": "mk",
                  "Startup Cost": 9315.13,
                  "Total Cost": 35539.53,
                  "Plan Rows": 141632,
                  "Plan Width": 0,
                  "Actual Startup Time": 42.684,
                  "Actual Total Time": 109.877,
                  "Actual Rows": 108486,
                  "Actual Loops": 4,
                  "Recheck Cond": "(keyword_id > 40406)",
                  "Rows Removed by Index Recheck": 0,
                  "Exact Heap Blocks": 10691,
                  "Lossy Heap Blocks": 0,
                  "Plans": [
                    {
                      "Node Type": "Bitmap Index Scan",
                      "Parent Relationship": "Outer",
                      "Parallel Aware": false,
                      "Index Name": "keyword_id_movie_keyword",
                      "Startup Cost": 0.0,
                      "Total Cost": 9205.37,
                      "Plan Rows": 439058,
                      "Plan Width": 0,
                      "Actual Startup Time": 46.094,
                      "Actual Total Time": 46.095,
                      "Actual Rows": 433943,
                      "Actual Loops": 1,
                      "Index Cond": "(keyword_id > 40406)"
                    }
                  ]
                }
              ]
            }
          ]
        }
      ]
    },
    "Planning Time": 0.185,
    "Triggers": [],
    "Execution Time": 133.214
  }
]