[
  {
    "Plan": {
      "Node Type": "Aggregate",
      "Strategy": "Plain",
      "Partial Mode": "Finalize",
      "Parallel Aware": false,
      "Startup Cost": 37050.34,
      "Total Cost": 37050.35,
      "Plan Rows": 1,
      "Plan Width": 8,
      "Actual Startup Time": 113.728,
      "Actual Total Time": 121.422,
      "Actual Rows": 1,
      "Actual Loops": 1,
      "Plans": [
        {
          "Node Type": "Gather",
          "Parent Relationship": "Outer",
          "Parallel Aware": false,
          "Startup Cost": 37050.02,
          "Total Cost": 37050.33,
          "Plan Rows": 3,
          "Plan Width": 8,
          "Actual Startup Time": 113.421,
          "Actual Total Time": 121.415,
          "Actual Rows": 4,
          "Actual Loops": 1,
          "Workers Planned": 3,
          "Workers Launched": 3,
          "Single Copy": false,
          "Plans": [
            {
              "Node Type": "Aggregate",
              "Strategy": "Plain",
              "Partial Mode": "Partial",
              "Parent Relationship": "Outer",
              "Parallel Aware": false,
              "Startup Cost": 36050.02,
              "Total Cost": 36050.03,
              "Plan Rows": 1,
              "Plan Width": 8,
              "Actual Startup Time": 104.431,
              "Actual Total Time": 104.432,
              "Actual Rows": 1,
              "Actual Loops": 4,
              "Plans": [
                {
                  "Node Type": "Bitmap Heap Scan",
                  "Parent Relationship": "Outer",
                  "Parallel Aware": true,
                  "Relation Name": "movie_keyword",
                  "Alias": "mk",
                  "Startup Cost": 9442.17,
                  "Total Cost": 35691.05,
                  "Plan Rows": 143590,
                  "Plan Width": 0,
                  "Actual Startup Time": 31.112,
                  "Actual Total Time": 98.15,
                  "Actual Rows": 108486,
                  "Actual Loops": 4,
                  "Recheck Cond": "(keyword_id > 40406)",
                  "Rows Removed by Index Recheck": 0,
                  "Exact Heap Blocks": 10935,
                  "Lossy Heap Blocks": 0,
                  "Plans": [
                    {
                      "Node Type": "Bitmap Index Scan",
                      "Parent Relationship": "Outer",
                      "Parallel Aware": false,
                      "Index Name": "keyword_id_movie_keyword",
                      "Startup Cost": 0.0,
                      "Total Cost": 9330.89,
                      "Plan Rows": 445128,
                      "Plan Width": 0,
                      "Actual Startup Time": 35.902,
                      "Actual Total Time": 35.903,
                      "Actual Rows": 433943,
                      "Actual Loops": 1,
                      "Index Cond": "(keyword_id > 40406)"
                    }
                  ]
                }
              ]
            }
          ]
        }
      ]
    },
    "Planning Time": 0.11,
    "Triggers": [],
    "Execution Time": 121.473
  }
]