[
  {
    "Plan": {
      "Node Type": "Aggregate",
      "Strategy": "Plain",
      "Partial Mode": "Finalize",
      "Parallel Aware": false,
      "Startup Cost": 46500.53,
      "Total Cost": 46500.54,
      "Plan Rows": 1,
      "Plan Width": 8,
      "Actual Startup Time": 91.87,
      "Actual Total Time": 104.08,
      "Actual Rows": 1,
      "Actual Loops": 1,
      "Plans": [
        {
          "Node Type": "Gather",
          "Parent Relationship": "Outer",
          "Parallel Aware": false,
          "Startup Cost": 46500.11,
          "Total Cost": 46500.52,
          "Plan Rows": 4,
          "Plan Width": 8,
          "Actual Startup Time": 91.672,
          "Actual Total Time": 104.07,
          "Actual Rows": 5,
          "Actual Loops": 1,
          "Workers Planned": 4,
          "Workers Launched": 4,
          "Single Copy": false,
          "Plans": [
            {
              "Node Type": "Aggregate",
              "Strategy": "Plain",
              "Partial Mode": "Partial",
              "Parent Relationship": "Outer",
              "Parallel Aware": false,
              "Startup Cost": 45500.11,
              "Total Cost": 45500.12,
              "Plan Rows": 1,
              "Plan Width": 8,
              "Actual Startup Time": 84.992,
              "Actual Total Time": 84.994,
              "Actual Rows": 1,
              "Actual Loops": 5,
              "Plans": [
                {
                  "Node Type": "Seq Scan",
                  "Parent Relationship": "Outer",
                  "Parallel Aware": true,
                  "Relation Name": "title",
                  "Alias": "t",
                  "Startup Cost": 0.0,
                  "Total Cost": 45479.59,
                  "Plan Rows": 8208,
                  "Plan Width": 0,
                  "Actual Startup Time": 52.133,
                  "Actual Total Time": 84.554,
                  "Actual Rows": 5621,
                  "Actual Loops": 5,
                  "Filter": "((kind_id < 2) AND (production_year = 2009))",
                  "Rows Removed by Filter": 500042
                }
              ]
            }
          ]
        }
      ]
    },
    "Planning Time": 0.092,
    "Triggers": [],
    "Execution Time": 104.112
  }
]