[
  {
    "Plan": {
      "Node Type": "Aggregate",
      "Strategy": "Plain",
      "Partial Mode": "Finalize",
      "Parallel Aware": false,
      "Startup Cost": 92072.95,
      "Total Cost": 92072.96,
      "Plan Rows": 1,
      "Plan Width": 8,
      "Actual Startup Time": 493.806,
      "Actual Total Time": 507.448,
      "Actual Rows": 1,
      "Actual Loops": 1,
      "Plans": [
        {
          "Node Type": "Gather",
          "Parent Relationship": "Outer",
          "Parallel Aware": false,
          "Startup Cost": 92072.74,
          "Total Cost": 92072.95,
          "Plan Rows": 2,
          "Plan Width": 8,
          "Actual Startup Time": 491.341,
          "Actual Total Time": 507.44,
          "Actual Rows": 3,
          "Actual Loops": 1,
          "Workers Planned": 2,
          "Workers Launched": 2,
          "Single Copy": false,
          "Plans": [
            {
              "Node Type": "Aggregate",
              "Strategy": "Plain",
              "Partial Mode": "Partial",
              "Parent Relationship": "Outer",
              "Parallel Aware": false,
              "Startup Cost": 91072.74,
              "Total Cost": 91072.75,
              "Plan Rows": 1,
              "Plan Width": 8,
              "Actual Startup Time": 482.645,
              "Actual Total Time": 482.651,
              "Actual Rows": 1,
              "Actual Loops": 3,
              "Plans": [
                {
                  "Node Type": "Hash Join",
                  "Parent Relationship": "Outer",
                  "Parallel Aware": true,
                  "Join Type": "Inner",
                  "Startup Cost": 74873.1,
                  "Total Cost": 90893.64,
                  "Plan Rows": 71637,
                  "Plan Width": 0,
                  "Actual Startup Time": 411.86,
                  "Actual Total Time": 476.825,
                  "Actual Rows": 145651,
                  "Actual Loops": 3,
                  "Inner Unique": false,
                  "Hash Cond": "(mi_idx.movie_id = t.id)",
                  "Plans": [
                    {
                      "Node Type": "Seq Scan",
                      "Parent Relationship": "Outer",
                      "Parallel Aware": true,
                      "Relation Name": "movie_info_idx",
                      "Alias": "mi_idx",
                      "Startup Cost": 0.0,
                      "Total Cost": 13685.15,
                      "Plan Rows": 575015,
                      "Plan Width": 4,
                      "Actual Startup Time": 0.047,
                      "Actual Total Time": 34.597,
                      "Actual Rows": 460012,
                      "Actual Loops": 3
                    },
                    {
                      "Node Type": "Hash",
                      "Parent Relationship": "Inner",
                      "Parallel Aware": true,
                      "Startup Cost": 73888.79,
                      "Total Cost": 73888.79,
                      "Plan Rows": 78745,
                      "Plan Width": 8,
                      "Actual Startup Time": 372.378,
                      "Actual Total Time": 372.383,
                      "Actual Rows": 104480,
                      "Actual Loops": 3,
                      "Hash Buckets": 524288,
                      "Original Hash Buckets": 524288,
                      "Hash Batches": 1,
                      "Original Hash Batches": 1,
                      "Peak Memory Usage": 16384,
                      "Plans": [
                        {
                          "Node Type": "Hash Join",
                          "Parent Relationship": "Outer",
                          "Parallel Aware": true,
                          "Join Type": "Inner",
                          "Startup Cost": 28155.68,
                          "Total Cost": 73888.79,
                          "Plan Rows": 78745,
                          "Plan Width": 8,
                          "Actual Startup Time": 226.079,
                          "Actual Total Time": 341.979,
                          "Actual Rows": 104480,
                          "Actual Loops": 3,
                          "Inner Unique": false,
                          "Hash Cond": "(t.id = mc.movie_id)",
                          "Plans": [
                            {
                              "Node Type": "Seq Scan",
                              "Parent Relationship": "Outer",
                              "Parallel Aware": true,
                              "Relation Name": "title",
                              "Alias": "t",
                              "Startup Cost": 0.0,
                              "Total Cost": 42318.73,
                              "Plan Rows": 632073,
                              "Plan Width": 4,
                              "Actual Startup Time": 0.011,
                              "Actual Total Time": 91.434,
                              "Actual Rows": 842771,
                              "Actual Loops": 3
                            },
                            {
                              "Node Type": "Hash",
                              "Parent Relationship": "Inner",
                              "Parallel Aware": true,
                              "Startup Cost": 26885.61,
                              "Total Cost": 26885.61,
                              "Plan Rows": 101606,
                              "Plan Width": 4,
                              "Actual Startup Time": 90.842,
                              "Actual Total Time": 90.843,
                              "Actual Rows": 104480,
                              "Actual Loops": 3,
                              "Hash Buckets": 524288,
                              "Original Hash Buckets": 524288,
                              "Hash Batches": 1,
                              "Original Hash Batches": 1,
                              "Peak Memory Usage": 16384,
                              "Plans": [
                                {
                                  "Node Type": "Bitmap Heap Scan",
                                  "Parent Relationship": "Outer",
                                  "Parallel Aware": true,
                                  "Relation Name": "movie_companies",
                                  "Alias": "mc",
                                  "Startup Cost": 6825.53,
                                  "Total Cost": 26885.61,
                                  "Plan Rows": 101606,
                                  "Plan Width": 4,
                                  "Actual Startup Time": 23.043,
                                  "Actual Total Time": 54.89,
                                  "Actual Rows": 104480,
                                  "Actual Loops": 3,
                                  "Recheck Cond": "(company_id > 92266)",
                                  "Rows Removed by Index Recheck": 0,
                                  "Exact Heap Blocks": 2491,
                                  "Lossy Heap Blocks": 0,
                                  "Plans": [
                                    {
                                      "Node Type": "Bitmap Index Scan",
                                      "Parent Relationship": "Outer",
                                      "Parallel Aware": false,
                                      "Index Name": "company_id_movie_companies",
                                      "Startup Cost": 0.0,
                                      "Total Cost": 6746.78,
                                      "Plan Rows": 314980,
                                      "Plan Width": 0,
                                      "Actual Startup Time": 22.102,
                                      "Actual Total Time": 22.103,
                                      "Actual Rows": 313439,
                                      "Actual Loops": 1,
                                      "Index Cond": "(company_id > 92266)"
                                    }
                                  ]
                                }
                              ]
                            }
                          ]
                        }
                      ]
                    }
                  ]
                }
              ]
            }
          ]
        }
      ]
    },
    "Planning Time": 1.412,
    "Triggers": [],
    "Execution Time": 507.555
  }
]