[
  {
    "Plan": {
      "Node Type": "Aggregate",
      "Strategy": "Plain",
      "Partial Mode": "Finalize",
      "Parallel Aware": false,
      "Startup Cost": 336826.54,
      "Total Cost": 336826.55,
      "Plan Rows": 1,
      "Plan Width": 8,
      "Actual Startup Time": 736.206,
      "Actual Total Time": 792.998,
      "Actual Rows": 1,
      "Actual Loops": 1,
      "Plans": [
        {
          "Node Type": "Gather",
          "Parent Relationship": "Outer",
          "Parallel Aware": false,
          "Startup Cost": 336825.91,
          "Total Cost": 336826.52,
          "Plan Rows": 6,
          "Plan Width": 8,
          "Actual Startup Time": 736.069,
          "Actual Total Time": 792.988,
          "Actual Rows": 7,
          "Actual Loops": 1,
          "Workers Planned": 6,
          "Workers Launched": 6,
          "Single Copy": false,
          "Plans": [
            {
              "Node Type": "Aggregate",
              "Strategy": "Plain",
              "Partial Mode": "Partial",
              "Parent Relationship": "Outer",
              "Parallel Aware": false,
              "Startup Cost": 335825.91,
              "Total Cost": 335825.92,
              "Plan Rows": 1,
              "Plan Width": 8,
              "Actual Startup Time": 727.402,
              "Actual Total Time": 727.403,
              "Actual Rows": 1,
              "Actual Loops": 7,
              "Plans": [
                {
                  "Node Type": "Seq Scan",
                  "Parent Relationship": "Outer",
                  "Parallel Aware": true,
                  "Relation Name": "cast_info",
                  "Alias": "ci",
                  "Startup Cost": 0.0,
                  "Total Cost": 328162.03,
                  "Plan Rows": 3065554,
                  "Plan Width": 0,
                  "Actual Startup Time": 200.156,
                  "Actual Total Time": 612.307,
                  "Actual Rows": 2624235,
                  "Actual Loops": 7,
                  "Filter": "(person_id > 1771560)",
                  "Rows Removed by Filter": 2553529
                }
              ]
            }
          ]
        }
      ]
    },
    "Planning Time": 0.193,
    "Triggers": [],
    "Execution Time": 793.069
  }
]