{
  "Plan": {
    "Node Type": "Aggregate",
    "Strategy": "Plain",
    "Partial Mode": "Finalize",
    "Parallel Aware": false,
    "Startup Cost": 400658.21,
    "Total Cost": 400658.22,
    "Plan Rows": 1,
    "Plan Width": 8,
    "Actual Startup Time": 2054.448,
    "Actual Total Time": 2108.789,
    "Actual Rows": 1,
    "Actual Loops": 1,
    "Plans": [
      {
        "Node Type": "Gather",
        "Parent Relationship": "Outer",
        "Parallel Aware": false,
        "Startup Cost": 400658.1,
        "Total Cost": 400658.21,
        "Plan Rows": 1,
        "Plan Width": 8,
        "Actual Startup Time": 2052.88,
        "Actual Total Time": 2108.782,
        "Actual Rows": 2,
        "Actual Loops": 1,
        "Workers Planned": 1,
        "Workers Launched": 1,
        "Single Copy": false,
        "Plans": [
          {
            "Node Type": "Aggregate",
            "Strategy": "Plain",
            "Partial Mode": "Partial",
            "Parent Relationship": "Outer",
            "Parallel Aware": false,
            "Startup Cost": 399658.1,
            "Total Cost": 399658.11,
            "Plan Rows": 1,
            "Plan Width": 8,
            "Actual Startup Time": 2048.296,
            "Actual Total Time": 2048.302,
            "Actual Rows": 1,
            "Actual Loops": 2,
            "Plans": [
              {
                "Node Type": "Hash Join",
                "Parent Relationship": "Outer",
                "Parallel Aware": true,
                "Join Type": "Inner",
                "Startup Cost": 106202.58,
                "Total Cost": 396112.33,
                "Plan Rows": 1418309,
                "Plan Width": 0,
                "Actual Startup Time": 505.896,
                "Actual Total Time": 2009.563,
                "Actual Rows": 914078,
                "Actual Loops": 2,
                "Inner Unique": false,
                "Hash Cond": "(mi.movie_id = t.id)",
                "Plans": [
                  {
                    "Node Type": "Seq Scan",
                    "Parent Relationship": "Outer",
                    "Parallel Aware": true,
                    "Relation Name": "movie_info",
                    "Alias": "mi",
                    "Startup Cost": 0.0,
                    "Total Cost": 248955.74,
                    "Plan Rows": 8696274,
                    "Plan Width": 4,
                    "Actual Startup Time": 0.016,
                    "Actual Total Time": 635.115,
                    "Actual Rows": 7417860,
                    "Actual Loops": 2
                  },
                  {
                    "Node Type": "Hash",
                    "Parent Relationship": "Inner",
                    "Parallel Aware": true,
                    "Startup Cost": 103170.61,
                    "Total Cost": 103170.61,
                    "Plan Rows": 242558,
                    "Plan Width": 8,
                    "Actual Startup Time": 500.414,
                    "Actual Total Time": 500.418,
                    "Actual Rows": 97657,
                    "Actual Loops": 2,
                    "Hash Buckets": 524288,
                    "Original Hash Buckets": 524288,
                    "Hash Batches": 1,
                    "Original Hash Batches": 1,
                    "Peak Memory Usage": 11744,
                    "Plans": [
                      {
                        "Node Type": "Hash Join",
                        "Parent Relationship": "Outer",
                        "Parallel Aware": true,
                        "Join Type": "Inner",
                        "Startup Cost": 61921.61,
                        "Total Cost": 103170.61,
                        "Plan Rows": 242558,
                        "Plan Width": 8,
                        "Actual Startup Time": 202.656,
                        "Actual Total Time": 475.379,
                        "Actual Rows": 97657,
                        "Actual Loops": 2,
                        "Inner Unique": true,
                        "Hash Cond": "(mc.movie_id = t.id)",
                        "Plans": [
                          {
                            "Node Type": "Seq Scan",
                            "Parent Relationship": "Outer",
                            "Parallel Aware": true,
                            "Relation Name": "movie_companies",
                            "Alias": "mc",
                            "Startup Cost": 0.0,
                            "Total Cost": 37974.77,
                            "Plan Rows": 1247326,
                            "Plan Width": 4,
                            "Actual Startup Time": 0.12,
                            "Actual Total Time": 121.675,
                            "Actual Rows": 1060306,
                            "Actual Loops": 2,
                            "Filter": "(company_id > 426)",
                            "Rows Removed by Filter": 244259
                          },
                          {
                            "Node Type": "Hash",
                            "Parent Relationship": "Inner",
                            "Parallel Aware": true,
                            "Startup Cost": 58306.47,
                            "Total Cost": 58306.47,
                            "Plan Rows": 289211,
                            "Plan Width": 4,
                            "Actual Startup Time": 198.719,
                            "Actual Total Time": 198.72,
                            "Actual Rows": 180831,
                            "Actual Loops": 2,
                            "Hash Buckets": 524288,
                            "Original Hash Buckets": 524288,
                            "Hash Batches": 1,
                            "Original Hash Batches": 1,
                            "Peak Memory Usage": 18272,
                            "Plans": [
                              {
                                "Node Type": "Seq Scan",
                                "Parent Relationship": "Outer",
                                "Parallel Aware": true,
                                "Relation Name": "title",
                                "Alias": "t",
                                "Startup Cost": 0.0,
                                "Total Cost": 58306.47,
                                "Plan Rows": 289211,
                                "Plan Width": 4,
                                "Actual Startup Time": 0.029,
                                "Actual Total Time": 149.632,
                                "Actual Rows": 180831,
                                "Actual Loops": 2,
                                "Filter": "((kind_id > 2) AND (production_year < 1991))",
                                "Rows Removed by Filter": 1083325
                              }
                            ]
                          }
                        ]
                      }
                    ]
                  }
                ]
              }
            ]
          }
        ]
      }
    ]
  },
  "Planning Time": 0.726,
  "Triggers": [],
  "Execution Time": 2108.868
}