[
  {
    "Plan": {
      "Node Type": "Aggregate",
      "Strategy": "Plain",
      "Partial Mode": "Finalize",
      "Parallel Aware": false,
      "Startup Cost": 50861.45,
      "Total Cost": 50861.46,
      "Plan Rows": 1,
      "Plan Width": 8,
      "Actual Startup Time": 92.313,
      "Actual Total Time": 101.814,
      "Actual Rows": 1,
      "Actual Loops": 1,
      "Plans": [
        {
          "Node Type": "Gather",
          "Parent Relationship": "Outer",
          "Parallel Aware": false,
          "Startup Cost": 50861.03,
          "Total Cost": 50861.44,
          "Plan Rows": 4,
          "Plan Width": 8,
          "Actual Startup Time": 92.208,
          "Actual Total Time": 101.799,
          "Actual Rows": 5,
          "Actual Loops": 1,
          "Workers Planned": 4,
          "Workers Launched": 4,
          "Single Copy": false,
          "Plans": [
            {
              "Node Type": "Aggregate",
              "Strategy": "Plain",
              "Partial Mode": "Partial",
              "Parent Relationship": "Outer",
              "Parallel Aware": false,
              "Startup Cost": 49861.03,
              "Total Cost": 49861.04,
              "Plan Rows": 1,
              "Plan Width": 8,
              "Actual Startup Time": 87.154,
              "Actual Total Time": 87.156,
              "Actual Rows": 1,
              "Actual Loops": 5,
              "Plans": [
                {
                  "Node Type": "Index Scan",
                  "Parent Relationship": "Outer",
                  "Parallel Aware": true,
                  "Scan Direction": "Forward",
                  "Index Name": "role_id_cast_info",
                  "Relation Name": "cast_info",
                  "Alias": "ci",
                  "Startup Cost": 0.56,
                  "Total Cost": 49093.36,
                  "Plan Rows": 307066,
                  "Plan Width": 0,
                  "Actual Startup Time": 0.084,
                  "Actual Total Time": 75.269,
                  "Actual Rows": 242183,
                  "Actual Loops": 5,
                  "Index Cond": "(role_id = 8)",
                  "Rows Removed by Index Recheck": 0,
                  "Filter": "(person_id > 1082814)",
                  "Rows Removed by Filter": 98525
                }
              ]
            }
          ]
        }
      ]
    },
    "Planning Time": 0.142,
    "Triggers": [],
    "Execution Time": 101.861
  }
]