{
  "Plan": {
    "Node Type": "Aggregate",
    "Strategy": "Plain",
    "Partial Mode": "Finalize",
    "Parallel Aware": false,
    "Startup Cost": 94665.54,
    "Total Cost": 94665.55,
    "Plan Rows": 1,
    "Plan Width": 8,
    "Actual Startup Time": 430.03,
    "Actual Total Time": 445.722,
    "Actual Rows": 1,
    "Actual Loops": 1,
    "Plans": [
      {
        "Node Type": "Gather",
        "Parent Relationship": "Outer",
        "Parallel Aware": false,
        "Startup Cost": 94665.43,
        "Total Cost": 94665.54,
        "Plan Rows": 1,
        "Plan Width": 8,
        "Actual Startup Time": 429.033,
        "Actual Total Time": 445.714,
        "Actual Rows": 2,
        "Actual Loops": 1,
        "Workers Planned": 1,
        "Workers Launched": 1,
        "Single Copy": false,
        "Plans": [
          {
            "Node Type": "Aggregate",
            "Strategy": "Plain",
            "Partial Mode": "Partial",
            "Parent Relationship": "Outer",
            "Parallel Aware": false,
            "Startup Cost": 93665.43,
            "Total Cost": 93665.44,
            "Plan Rows": 1,
            "Plan Width": 8,
            "Actual Startup Time": 422.863,
            "Actual Total Time": 422.87,
            "Actual Rows": 1,
            "Actual Loops": 2,
            "Plans": [
              {
                "Node Type": "Hash Join",
                "Parent Relationship": "Outer",
                "Parallel Aware": true,
                "Join Type": "Inner",
                "Startup Cost": 32817.73,
                "Total Cost": 93483.77,
                "Plan Rows": 72661,
                "Plan Width": 0,
                "Actual Startup Time": 142.402,
                "Actual Total Time": 418.503,
                "Actual Rows": 102867,
                "Actual Loops": 2,
                "Inner Unique": false,
                "Hash Cond": "(t.id = mc.movie_id)",
                "Plans": [
                  {
                    "Node Type": "Seq Scan",
                    "Parent Relationship": "Outer",
                    "Parallel Aware": true,
                    "Relation Name": "title",
                    "Alias": "t",
                    "Startup Cost": 0.0,
                    "Total Cost": 54588.39,
                    "Plan Rows": 904038,
                    "Plan Width": 4,
                    "Actual Startup Time": 0.012,
                    "Actual Total Time": 140.492,
                    "Actual Rows": 771632,
                    "Actual Loops": 2,
                    "Filter": "(kind_id = 7)",
                    "Rows Removed by Filter": 492524
                  },
                  {
                    "Node Type": "Hash",
                    "Parent Relationship": "Inner",
                    "Parallel Aware": true,
                    "Startup Cost": 31323.55,
                    "Total Cost": 31323.55,
                    "Plan Rows": 119534,
                    "Plan Width": 4,
                    "Actual Startup Time": 139.024,
                    "Actual Total Time": 139.026,
                    "Actual Rows": 157056,
                    "Actual Loops": 2,
                    "Hash Buckets": 524288,
                    "Original Hash Buckets": 262144,
                    "Hash Batches": 1,
                    "Original Hash Batches": 1,
                    "Peak Memory Usage": 18464,
                    "Plans": [
                      {
                        "Node Type": "Bitmap Heap Scan",
                        "Parent Relationship": "Outer",
                        "Parallel Aware": true,
                        "Relation Name": "movie_companies",
                        "Alias": "mc",
                        "Startup Cost": 8891.22,
                        "Total Cost": 31323.55,
                        "Plan Rows": 119534,
                        "Plan Width": 4,
                        "Actual Startup Time": 39.863,
                        "Actual Total Time": 100.323,
                        "Actual Rows": 157056,
                        "Actual Loops": 2,
                        "Recheck Cond": "(company_id < 265)",
                        "Rows Removed by Index Recheck": 0,
                        "Filter": "(company_type_id < 2)",
                        "Rows Removed by Filter": 48120,
                        "Exact Heap Blocks": 11707,
                        "Lossy Heap Blocks": 0,
                        "Plans": [
                          {
                            "Node Type": "Bitmap Index Scan",
                            "Parent Relationship": "Outer",
                            "Parallel Aware": false,
                            "Index Name": "company_id_movie_companies",
                            "Startup Cost": 0.0,
                            "Total Cost": 8840.42,
                            "Plan Rows": 412798,
                            "Plan Width": 0,
                            "Actual Startup Time": 39.719,
                            "Actual Total Time": 39.719,
                            "Actual Rows": 410351,
                            "Actual Loops": 1,
                            "Index Cond": "(company_id < 265)"
                          }
                        ]
                      }
                    ]
                  }
                ]
              }
            ]
          }
        ]
      }
    ]
  },
  "Planning Time": 0.749,
  "Triggers": [],
  "Execution Time": 445.818
}