[
  {
    "Plan": {
      "Node Type": "Aggregate",
      "Strategy": "Plain",
      "Partial Mode": "Finalize",
      "Parallel Aware": false,
      "Startup Cost": 38365.59,
      "Total Cost": 38365.6,
      "Plan Rows": 1,
      "Plan Width": 8,
      "Actual Startup Time": 21.844,
      "Actual Total Time": 25.665,
      "Actual Rows": 1,
      "Actual Loops": 1,
      "Plans": [
        {
          "Node Type": "Gather",
          "Parent Relationship": "Outer",
          "Parallel Aware": false,
          "Startup Cost": 38365.37,
          "Total Cost": 38365.58,
          "Plan Rows": 2,
          "Plan Width": 8,
          "Actual Startup Time": 21.669,
          "Actual Total Time": 25.658,
          "Actual Rows": 3,
          "Actual Loops": 1,
          "Workers Planned": 2,
          "Workers Launched": 2,
          "Single Copy": false,
          "Plans": [
            {
              "Node Type": "Aggregate",
              "Strategy": "Plain",
              "Partial Mode": "Partial",
              "Parent Relationship": "Outer",
              "Parallel Aware": false,
              "Startup Cost": 37365.37,
              "Total Cost": 37365.38,
              "Plan Rows": 1,
              "Plan Width": 8,
              "Actual Startup Time": 17.973,
              "Actual Total Time": 17.974,
              "Actual Rows": 1,
              "Actual Loops": 3,
              "Plans": [
                {
                  "Node Type": "Nested Loop",
                  "Parent Relationship": "Outer",
                  "Parallel Aware": false,
                  "Join Type": "Inner",
                  "Startup Cost": 110.22,
                  "Total Cost": 37359.28,
                  "Plan Rows": 2438,
                  "Plan Width": 0,
                  "Actual Startup Time": 1.014,
                  "Actual Total Time": 17.722,
                  "Actual Rows": 2198,
                  "Actual Loops": 3,
                  "Inner Unique": true,
                  "Plans": [
                    {
                      "Node Type": "Bitmap Heap Scan",
                      "Parent Relationship": "Outer",
                      "Parallel Aware": true,
                      "Relation Name": "movie_info",
                      "Alias": "mi",
                      "Startup Cost": 109.79,
                      "Total Cost": 19887.18,
                      "Plan Rows": 2438,
                      "Plan Width": 4,
                      "Actual Startup Time": 0.923,
                      "Actual Total Time": 3.358,
                      "Actual Rows": 2198,
                      "Actual Loops": 3,
                      "Recheck Cond": "(info_type_id = 51)",
                      "Rows Removed by Index Recheck": 0,
                      "Exact Heap Blocks": 860,
                      "Lossy Heap Blocks": 0,
                      "Plans": [
                        {
                          "Node Type": "Bitmap Index Scan",
                          "Parent Relationship": "Outer",
                          "Parallel Aware": false,
                          "Index Name": "info_type_id_movie_info",
                          "Startup Cost": 0.0,
                          "Total Cost": 108.33,
                          "Plan Rows": 5852,
                          "Plan Width": 0,
                          "Actual Startup Time": 2.383,
                          "Actual Total Time": 2.383,
                          "Actual Rows": 6594,
                          "Actual Loops": 1,
                          "Index Cond": "(info_type_id = 51)"
                        }
                      ]
                    },
                    {
                      "Node Type": "Index Only Scan",
                      "Parent Relationship": "Inner",
                      "Parallel Aware": false,
                      "Scan Direction": "Forward",
                      "Index Name": "title_pkey",
                      "Relation Name": "title",
                      "Alias": "t",
                      "Startup Cost": 0.43,
                      "Total Cost": 7.17,
                      "Plan Rows": 1,
                      "Plan Width": 4,
                      "Actual Startup Time": 0.006,
                      "Actual Total Time": 0.006,
                      "Actual Rows": 1,
                      "Actual Loops": 6594,
                      "Index Cond": "(id = mi.movie_id)",
                      "Rows Removed by Index Recheck": 0,
                      "Heap Fetches": 6594
                    }
                  ]
                }
              ]
            }
          ]
        }
      ]
    },
    "Planning Time": 0.41,
    "Triggers": [],
    "Execution Time": 25.733
  }
]