[
  {
    "Plan": {
      "Node Type": "Aggregate",
      "Strategy": "Plain",
      "Partial Mode": "Simple",
      "Parallel Aware": false,
      "Startup Cost": 26210.7,
      "Total Cost": 26210.71,
      "Plan Rows": 1,
      "Plan Width": 8,
      "Actual Startup Time": 21.5,
      "Actual Total Time": 21.501,
      "Actual Rows": 1,
      "Actual Loops": 1,
      "Plans": [
        {
          "Node Type": "Bitmap Heap Scan",
          "Parent Relationship": "Outer",
          "Parallel Aware": false,
          "Relation Name": "title",
          "Alias": "t",
          "Startup Cost": 236.38,
          "Total Cost": 26184.59,
          "Plan Rows": 10445,
          "Plan Width": 0,
          "Actual Startup Time": 4.271,
          "Actual Total Time": 20.395,
          "Actual Rows": 12302,
          "Actual Loops": 1,
          "Recheck Cond": "(kind_id = 6)",
          "Rows Removed by Index Recheck": 0,
          "Filter": "(production_year > 1974)",
          "Rows Removed by Filter": 298,
          "Exact Heap Blocks": 7903,
          "Lossy Heap Blocks": 0,
          "Plans": [
            {
              "Node Type": "Bitmap Index Scan",
              "Parent Relationship": "Outer",
              "Parallel Aware": false,
              "Index Name": "kind_id_title",
              "Startup Cost": 0.0,
              "Total Cost": 233.77,
              "Plan Rows": 12979,
              "Plan Width": 0,
              "Actual Startup Time": 2.339,
              "Actual Total Time": 2.339,
              "Actual Rows": 12600,
              "Actual Loops": 1,
              "Index Cond": "(kind_id = 6)"
            }
          ]
        }
      ]
    },
    "Planning Time": 0.179,
    "Triggers": [],
    "Execution Time": 21.563
  }
]