[
  {
    "Plan": {
      "Node Type": "Aggregate",
      "Strategy": "Plain",
      "Partial Mode": "Finalize",
      "Parallel Aware": false,
      "Startup Cost": 77702.67,
      "Total Cost": 77702.68,
      "Plan Rows": 1,
      "Plan Width": 8,
      "Actual Startup Time": 233.99,
      "Actual Total Time": 251.929,
      "Actual Rows": 1,
      "Actual Loops": 1,
      "Plans": [
        {
          "Node Type": "Gather",
          "Parent Relationship": "Outer",
          "Parallel Aware": false,
          "Startup Cost": 77702.36,
          "Total Cost": 77702.67,
          "Plan Rows": 3,
          "Plan Width": 8,
          "Actual Startup Time": 233.326,
          "Actual Total Time": 251.92,
          "Actual Rows": 4,
          "Actual Loops": 1,
          "Workers Planned": 3,
          "Workers Launched": 3,
          "Single Copy": false,
          "Plans": [
            {
              "Node Type": "Aggregate",
              "Strategy": "Plain",
              "Partial Mode": "Partial",
              "Parent Relationship": "Outer",
              "Parallel Aware": false,
              "Startup Cost": 76702.36,
              "Total Cost": 76702.37,
              "Plan Rows": 1,
              "Plan Width": 8,
              "Actual Startup Time": 224.634,
              "Actual Total Time": 224.637,
              "Actual Rows": 1,
              "Actual Loops": 4,
              "Plans": [
                {
                  "Node Type": "Hash Join",
                  "Parent Relationship": "Outer",
                  "Parallel Aware": true,
                  "Join Type": "Inner",
                  "Startup Cost": 46135.5,
                  "Total Cost": 76610.25,
                  "Plan Rows": 36842,
                  "Plan Width": 0,
                  "Actual Startup Time": 119.955,
                  "Actual Total Time": 222.747,
                  "Actual Rows": 44771,
                  "Actual Loops": 4,
                  "Inner Unique": true,
                  "Hash Cond": "(mc.movie_id = t.id)",
                  "Plans": [
                    {
                      "Node Type": "Seq Scan",
                      "Parent Relationship": "Outer",
                      "Parallel Aware": true,
                      "Relation Name": "movie_companies",
                      "Alias": "mc",
                      "Startup Cost": 0.0,
                      "Total Cost": 29310.68,
                      "Plan Rows": 443456,
                      "Plan Width": 4,
                      "Actual Startup Time": 8.627,
                      "Actual Total Time": 62.701,
                      "Actual Rows": 346444,
                      "Actual Loops": 4,
                      "Filter": "(company_id > 11138)",
                      "Rows Removed by Filter": 305839
                    },
                    {
                      "Node Type": "Hash",
                      "Parent Relationship": "Inner",
                      "Parallel Aware": true,
                      "Startup Cost": 45479.1,
                      "Total Cost": 45479.1,
                      "Plan Rows": 52512,
                      "Plan Width": 4,
                      "Actual Startup Time": 108.781,
                      "Actual Total Time": 108.782,
                      "Actual Rows": 45959,
                      "Actual Loops": 4,
                      "Hash Buckets": 262144,
                      "Original Hash Buckets": 262144,
                      "Hash Batches": 1,
                      "Original Hash Batches": 1,
                      "Peak Memory Usage": 9312,
                      "Plans": [
                        {
                          "Node Type": "Seq Scan",
                          "Parent Relationship": "Outer",
                          "Parallel Aware": true,
                          "Relation Name": "title",
                          "Alias": "t",
                          "Startup Cost": 0.0,
                          "Total Cost": 45479.1,
                          "Plan Rows": 52512,
                          "Plan Width": 4,
                          "Actual Startup Time": 0.058,
                          "Actual Total Time": 93.58,
                          "Actual Rows": 45959,
                          "Actual Loops": 4,
                          "Filter": "((kind_id < 7) AND (production_year > 2009))",
                          "Rows Removed by Filter": 586119
                        }
                      ]
                    }
                  ]
                }
              ]
            }
          ]
        }
      ]
    },
    "Planning Time": 0.637,
    "Triggers": [],
    "Execution Time": 251.996
  }
]