{
  "Plan": {
    "Node Type": "Aggregate",
    "Strategy": "Plain",
    "Partial Mode": "Finalize",
    "Parallel Aware": false,
    "Startup Cost": 421552.1,
    "Total Cost": 421552.11,
    "Plan Rows": 1,
    "Plan Width": 8,
    "Actual Startup Time": 1880.489,
    "Actual Total Time": 1936.213,
    "Actual Rows": 1,
    "Actual Loops": 1,
    "Plans": [
      {
        "Node Type": "Gather",
        "Parent Relationship": "Outer",
        "Parallel Aware": false,
        "Startup Cost": 421551.99,
        "Total Cost": 421552.1,
        "Plan Rows": 1,
        "Plan Width": 8,
        "Actual Startup Time": 1878.807,
        "Actual Total Time": 1936.204,
        "Actual Rows": 2,
        "Actual Loops": 1,
        "Workers Planned": 1,
        "Workers Launched": 1,
        "Single Copy": false,
        "Plans": [
          {
            "Node Type": "Aggregate",
            "Strategy": "Plain",
            "Partial Mode": "Partial",
            "Parent Relationship": "Outer",
            "Parallel Aware": false,
            "Startup Cost": 420551.99,
            "Total Cost": 420552.0,
            "Plan Rows": 1,
            "Plan Width": 8,
            "Actual Startup Time": 1872.734,
            "Actual Total Time": 1872.74,
            "Actual Rows": 1,
            "Actual Loops": 2,
            "Plans": [
              {
                "Node Type": "Hash Join",
                "Parent Relationship": "Outer",
                "Parallel Aware": true,
                "Join Type": "Inner",
                "Startup Cost": 126344.11,
                "Total Cost": 416781.83,
                "Plan Rows": 1508065,
                "Plan Width": 0,
                "Actual Startup Time": 530.825,
                "Actual Total Time": 1850.996,
                "Actual Rows": 538842,
                "Actual Loops": 2,
                "Inner Unique": false,
                "Hash Cond": "(mi.movie_id = t.id)",
                "Plans": [
                  {
                    "Node Type": "Seq Scan",
                    "Parent Relationship": "Outer",
                    "Parallel Aware": true,
                    "Relation Name": "movie_info",
                    "Alias": "mi",
                    "Startup Cost": 0.0,
                    "Total Cost": 248955.74,
                    "Plan Rows": 8696274,
                    "Plan Width": 4,
                    "Actual Startup Time": 0.023,
                    "Actual Total Time": 651.039,
                    "Actual Rows": 7417860,
                    "Actual Loops": 2
                  },
                  {
                    "Node Type": "Hash",
                    "Parent Relationship": "Inner",
                    "Parallel Aware": true,
                    "Startup Cost": 123120.26,
                    "Total Cost": 123120.26,
                    "Plan Rows": 257908,
                    "Plan Width": 8,
                    "Actual Startup Time": 524.533,
                    "Actual Total Time": 524.537,
                    "Actual Rows": 53865,
                    "Actual Loops": 2,
                    "Hash Buckets": 524288,
                    "Original Hash Buckets": 524288,
                    "Hash Batches": 1,
                    "Original Hash Batches": 1,
                    "Peak Memory Usage": 8352,
                    "Plans": [
                      {
                        "Node Type": "Hash Join",
                        "Parent Relationship": "Outer",
                        "Parallel Aware": true,
                        "Join Type": "Inner",
                        "Startup Cost": 61823.03,
                        "Total Cost": 123120.26,
                        "Plan Rows": 257908,
                        "Plan Width": 8,
                        "Actual Startup Time": 216.326,
                        "Actual Total Time": 514.437,
                        "Actual Rows": 53865,
                        "Actual Loops": 2,
                        "Inner Unique": true,
                        "Hash Cond": "(mk.movie_id = t.id)",
                        "Plans": [
                          {
                            "Node Type": "Seq Scan",
                            "Parent Relationship": "Outer",
                            "Parallel Aware": true,
                            "Relation Name": "movie_keyword",
                            "Alias": "mk",
                            "Startup Cost": 0.0,
                            "Total Cost": 57718.19,
                            "Plan Rows": 1363438,
                            "Plan Width": 4,
                            "Actual Startup Time": 0.015,
                            "Actual Total Time": 180.303,
                            "Actual Rows": 1159466,
                            "Actual Loops": 2,
                            "Filter": "(keyword_id < 5053)",
                            "Rows Removed by Filter": 1102500
                          },
                          {
                            "Node Type": "Hash",
                            "Parent Relationship": "Inner",
                            "Parallel Aware": true,
                            "Startup Cost": 58306.47,
                            "Total Cost": 58306.47,
                            "Plan Rows": 281325,
                            "Plan Width": 4,
                            "Actual Startup Time": 212.667,
                            "Actual Total Time": 212.668,
                            "Actual Rows": 259164,
                            "Actual Loops": 2,
                            "Hash Buckets": 524288,
                            "Original Hash Buckets": 524288,
                            "Hash Batches": 1,
                            "Original Hash Batches": 1,
                            "Peak Memory Usage": 24384,
                            "Plans": [
                              {
                                "Node Type": "Seq Scan",
                                "Parent Relationship": "Outer",
                                "Parallel Aware": true,
                                "Relation Name": "title",
                                "Alias": "t",
                                "Startup Cost": 0.0,
                                "Total Cost": 58306.47,
                                "Plan Rows": 281325,
                                "Plan Width": 4,
                                "Actual Startup Time": 0.043,
                                "Actual Total Time": 151.69,
                                "Actual Rows": 259164,
                                "Actual Loops": 2,
                                "Filter": "((production_year > 2007) AND (kind_id = 7))",
                                "Rows Removed by Filter": 1004992
                              }
                            ]
                          }
                        ]
                      }
                    ]
                  }
                ]
              }
            ]
          }
        ]
      }
    ]
  },
  "Planning Time": 1.006,
  "Triggers": [],
  "Execution Time": 1936.31
}