[
  {
    "Plan": {
      "Node Type": "Aggregate",
      "Strategy": "Plain",
      "Partial Mode": "Finalize",
      "Parallel Aware": false,
      "Startup Cost": 244700.6,
      "Total Cost": 244700.61,
      "Plan Rows": 1,
      "Plan Width": 8,
      "Actual Startup Time": 369.827,
      "Actual Total Time": 391.894,
      "Actual Rows": 1,
      "Actual Loops": 1,
      "Plans": [
        {
          "Node Type": "Gather",
          "Parent Relationship": "Outer",
          "Parallel Aware": false,
          "Startup Cost": 244700.18,
          "Total Cost": 244700.59,
          "Plan Rows": 4,
          "Plan Width": 8,
          "Actual Startup Time": 369.522,
          "Actual Total Time": 391.879,
          "Actual Rows": 5,
          "Actual Loops": 1,
          "Workers Planned": 4,
          "Workers Launched": 4,
          "Single Copy": false,
          "Plans": [
            {
              "Node Type": "Aggregate",
              "Strategy": "Plain",
              "Partial Mode": "Partial",
              "Parent Relationship": "Outer",
              "Parallel Aware": false,
              "Startup Cost": 243700.18,
              "Total Cost": 243700.19,
              "Plan Rows": 1,
              "Plan Width": 8,
              "Actual Startup Time": 364.291,
              "Actual Total Time": 364.293,
              "Actual Rows": 1,
              "Actual Loops": 5,
              "Plans": [
                {
                  "Node Type": "Nested Loop",
                  "Parent Relationship": "Outer",
                  "Parallel Aware": false,
                  "Join Type": "Inner",
                  "Startup Cost": 0.43,
                  "Total Cost": 243580.74,
                  "Plan Rows": 47779,
                  "Plan Width": 0,
                  "Actual Startup Time": 0.226,
                  "Actual Total Time": 361.272,
                  "Actual Rows": 19211,
                  "Actual Loops": 5,
                  "Inner Unique": false,
                  "Plans": [
                    {
                      "Node Type": "Seq Scan",
                      "Parent Relationship": "Outer",
                      "Parallel Aware": true,
                      "Relation Name": "title",
                      "Alias": "t",
                      "Startup Cost": 0.0,
                      "Total Cost": 45479.59,
                      "Plan Rows": 8137,
                      "Plan Width": 4,
                      "Actual Startup Time": 0.029,
                      "Actual Total Time": 109.91,
                      "Actual Rows": 7034,
                      "Actual Loops": 5,
                      "Filter": "((kind_id > 4) AND (production_year = 1999))",
                      "Rows Removed by Filter": 498629
                    },
                    {
                      "Node Type": "Index Only Scan",
                      "Parent Relationship": "Inner",
                      "Parallel Aware": false,
                      "Scan Direction": "Forward",
                      "Index Name": "movie_id_movie_info",
                      "Relation Name": "movie_info",
                      "Alias": "mi",
                      "Startup Cost": 0.43,
                      "Total Cost": 23.94,
                      "Plan Rows": 41,
                      "Plan Width": 4,
                      "Actual Startup Time": 0.03,
                      "Actual Total Time": 0.035,
                      "Actual Rows": 3,
                      "Actual Loops": 35169,
                      "Index Cond": "(movie_id = t.id)",
                      "Rows Removed by Index Recheck": 0,
                      "Heap Fetches": 96053
                    }
                  ]
                }
              ]
            }
          ]
        }
      ]
    },
    "Planning Time": 0.239,
    "Triggers": [],
    "Execution Time": 391.936
  }
]