[
  {
    "Plan": {
      "Node Type": "Aggregate",
      "Strategy": "Plain",
      "Partial Mode": "Finalize",
      "Parallel Aware": false,
      "Startup Cost": 23686.88,
      "Total Cost": 23686.89,
      "Plan Rows": 1,
      "Plan Width": 8,
      "Actual Startup Time": 75.384,
      "Actual Total Time": 90.326,
      "Actual Rows": 1,
      "Actual Loops": 1,
      "Plans": [
        {
          "Node Type": "Gather",
          "Parent Relationship": "Outer",
          "Parallel Aware": false,
          "Startup Cost": 23686.66,
          "Total Cost": 23686.87,
          "Plan Rows": 2,
          "Plan Width": 8,
          "Actual Startup Time": 75.07,
          "Actual Total Time": 90.318,
          "Actual Rows": 3,
          "Actual Loops": 1,
          "Workers Planned": 2,
          "Workers Launched": 2,
          "Single Copy": false,
          "Plans": [
            {
              "Node Type": "Aggregate",
              "Strategy": "Plain",
              "Partial Mode": "Partial",
              "Parent Relationship": "Outer",
              "Parallel Aware": false,
              "Startup Cost": 22686.66,
              "Total Cost": 22686.67,
              "Plan Rows": 1,
              "Plan Width": 8,
              "Actual Startup Time": 66.526,
              "Actual Total Time": 66.528,
              "Actual Rows": 1,
              "Actual Loops": 3,
              "Plans": [
                {
                  "Node Type": "Nested Loop",
                  "Parent Relationship": "Outer",
                  "Parallel Aware": false,
                  "Join Type": "Inner",
                  "Startup Cost": 125.18,
                  "Total Cost": 22684.5,
                  "Plan Rows": 864,
                  "Plan Width": 0,
                  "Actual Startup Time": 3.397,
                  "Actual Total Time": 66.121,
                  "Actual Rows": 3739,
                  "Actual Loops": 3,
                  "Inner Unique": false,
                  "Plans": [
                    {
                      "Node Type": "Nested Loop",
                      "Parent Relationship": "Outer",
                      "Parallel Aware": false,
                      "Join Type": "Inner",
                      "Startup Cost": 124.61,
                      "Total Cost": 21469.93,
                      "Plan Rows": 385,
                      "Plan Width": 8,
                      "Actual Startup Time": 3.083,
                      "Actual Total Time": 15.788,
                      "Actual Rows": 469,
                      "Actual Loops": 3,
                      "Inner Unique": true,
                      "Plans": [
                        {
                          "Node Type": "Bitmap Heap Scan",
                          "Parent Relationship": "Outer",
                          "Parallel Aware": true,
                          "Relation Name": "movie_companies",
                          "Alias": "mc",
                          "Startup Cost": 124.18,
                          "Total Cost": 12388.72,
                          "Plan Rows": 1170,
                          "Plan Width": 4,
                          "Actual Startup Time": 1.258,
                          "Actual Total Time": 3.153,
                          "Actual Rows": 1719,
                          "Actual Loops": 3,
                          "Recheck Cond": "(company_id = 49)",
                          "Rows Removed by Index Recheck": 0,
                          "Filter": "(company_type_id = 1)",
                          "Rows Removed by Filter": 3,
                          "Exact Heap Blocks": 750,
                          "Lossy Heap Blocks": 0,
                          "Plans": [
                            {
                              "Node Type": "Bitmap Index Scan",
                              "Parent Relationship": "Outer",
                              "Parallel Aware": false,
                              "Index Name": "company_id_movie_companies",
                              "Startup Cost": 0.0,
                              "Total Cost": 123.48,
                              "Plan Rows": 5740,
                              "Plan Width": 0,
                              "Actual Startup Time": 2.939,
                              "Actual Total Time": 2.939,
                              "Actual Rows": 5166,
                              "Actual Loops": 1,
                              "Index Cond": "(company_id = 49)"
                            }
                          ]
                        },
                        {
                          "Node Type": "Index Scan",
                          "Parent Relationship": "Inner",
                          "Parallel Aware": false,
                          "Scan Direction": "Forward",
                          "Index Name": "title_pkey",
                          "Relation Name": "title",
                          "Alias": "t",
                          "Startup Cost": 0.43,
                          "Total Cost": 7.76,
                          "Plan Rows": 1,
                          "Plan Width": 4,
                          "Actual Startup Time": 0.007,
                          "Actual Total Time": 0.007,
                          "Actual Rows": 0,
                          "Actual Loops": 5156,
                          "Index Cond": "(id = mc.movie_id)",
                          "Rows Removed by Index Recheck": 0,
                          "Filter": "(production_year < 1996)",
                          "Rows Removed by Filter": 1
                        }
                      ]
                    },
                    {
                      "Node Type": "Index Scan",
                      "Parent Relationship": "Inner",
                      "Parallel Aware": false,
                      "Scan Direction": "Forward",
                      "Index Name": "movie_id_cast_info",
                      "Relation Name": "cast_info",
                      "Alias": "ci",
                      "Startup Cost": 0.56,
                      "Total Cost": 3.1,
                      "Plan Rows": 5,
                      "Plan Width": 4,
                      "Actual Startup Time": 0.076,
                      "Actual Total Time": 0.106,
                      "Actual Rows": 8,
                      "Actual Loops": 1406,
                      "Index Cond": "(movie_id = t.id)",
                      "Rows Removed by Index Recheck": 0,
                      "Filter": "(person_id > 3089199)",
                      "Rows Removed by Filter": 38
                    }
                  ]
                }
              ]
            }
          ]
        }
      ]
    },
    "Planning Time": 1.576,
    "Triggers": [],
    "Execution Time": 90.444
  }
]