[
  {
    "Plan": {
      "Node Type": "Aggregate",
      "Strategy": "Plain",
      "Partial Mode": "Finalize",
      "Parallel Aware": false,
      "Startup Cost": 32671.81,
      "Total Cost": 32671.82,
      "Plan Rows": 1,
      "Plan Width": 8,
      "Actual Startup Time": 99.273,
      "Actual Total Time": 107.56,
      "Actual Rows": 1,
      "Actual Loops": 1,
      "Plans": [
        {
          "Node Type": "Gather",
          "Parent Relationship": "Outer",
          "Parallel Aware": false,
          "Startup Cost": 32671.5,
          "Total Cost": 32671.81,
          "Plan Rows": 3,
          "Plan Width": 8,
          "Actual Startup Time": 99.175,
          "Actual Total Time": 107.552,
          "Actual Rows": 4,
          "Actual Loops": 1,
          "Workers Planned": 3,
          "Workers Launched": 3,
          "Single Copy": false,
          "Plans": [
            {
              "Node Type": "Aggregate",
              "Strategy": "Plain",
              "Partial Mode": "Partial",
              "Parent Relationship": "Outer",
              "Parallel Aware": false,
              "Startup Cost": 31671.5,
              "Total Cost": 31671.51,
              "Plan Rows": 1,
              "Plan Width": 8,
              "Actual Startup Time": 90.764,
              "Actual Total Time": 90.765,
              "Actual Rows": 1,
              "Actual Loops": 4,
              "Plans": [
                {
                  "Node Type": "Seq Scan",
                  "Parent Relationship": "Outer",
                  "Parallel Aware": true,
                  "Relation Name": "movie_companies",
                  "Alias": "mc",
                  "Startup Cost": 0.0,
                  "Total Cost": 31414.82,
                  "Plan Rows": 102671,
                  "Plan Width": 0,
                  "Actual Startup Time": 49.132,
                  "Actual Total Time": 83.911,
                  "Actual Rows": 155755,
                  "Actual Loops": 4,
                  "Filter": "((company_id > 57370) AND (company_type_id = 2))",
                  "Rows Removed by Filter": 496527
                }
              ]
            }
          ]
        }
      ]
    },
    "Planning Time": 0.193,
    "Triggers": [],
    "Execution Time": 107.612
  }
]