{
  "Plan": {
    "Node Type": "Aggregate",
    "Strategy": "Plain",
    "Partial Mode": "Finalize",
    "Parallel Aware": false,
    "Startup Cost": 32508.57,
    "Total Cost": 32508.58,
    "Plan Rows": 1,
    "Plan Width": 8,
    "Actual Startup Time": 40.717,
    "Actual Total Time": 46.175,
    "Actual Rows": 1,
    "Actual Loops": 1,
    "Plans": [
      {
        "Node Type": "Gather",
        "Parent Relationship": "Outer",
        "Parallel Aware": false,
        "Startup Cost": 32508.45,
        "Total Cost": 32508.56,
        "Plan Rows": 1,
        "Plan Width": 8,
        "Actual Startup Time": 40.617,
        "Actual Total Time": 46.169,
        "Actual Rows": 2,
        "Actual Loops": 1,
        "Workers Planned": 1,
        "Workers Launched": 1,
        "Single Copy": false,
        "Plans": [
          {
            "Node Type": "Aggregate",
            "Strategy": "Plain",
            "Partial Mode": "Partial",
            "Parent Relationship": "Outer",
            "Parallel Aware": false,
            "Startup Cost": 31508.45,
            "Total Cost": 31508.46,
            "Plan Rows": 1,
            "Plan Width": 8,
            "Actual Startup Time": 34.425,
            "Actual Total Time": 34.427,
            "Actual Rows": 1,
            "Actual Loops": 2,
            "Plans": [
              {
                "Node Type": "Nested Loop",
                "Parent Relationship": "Outer",
                "Parallel Aware": false,
                "Join Type": "Inner",
                "Startup Cost": 100.35,
                "Total Cost": 31508.33,
                "Plan Rows": 50,
                "Plan Width": 0,
                "Actual Startup Time": 3.656,
                "Actual Total Time": 34.415,
                "Actual Rows": 12,
                "Actual Loops": 2,
                "Inner Unique": false,
                "Plans": [
                  {
                    "Node Type": "Nested Loop",
                    "Parent Relationship": "Outer",
                    "Parallel Aware": false,
                    "Join Type": "Inner",
                    "Startup Cost": 99.92,
                    "Total Cost": 31312.18,
                    "Plan Rows": 274,
                    "Plan Width": 8,
                    "Actual Startup Time": 3.506,
                    "Actual Total Time": 33.93,
                    "Actual Rows": 28,
                    "Actual Loops": 2,
                    "Inner Unique": true,
                    "Plans": [
                      {
                        "Node Type": "Bitmap Heap Scan",
                        "Parent Relationship": "Outer",
                        "Parallel Aware": true,
                        "Relation Name": "movie_keyword",
                        "Alias": "mk",
                        "Startup Cost": 99.49,
                        "Total Cost": 11584.6,
                        "Plan Rows": 2661,
                        "Plan Width": 4,
                        "Actual Startup Time": 3.26,
                        "Actual Total Time": 12.33,
                        "Actual Rows": 2351,
                        "Actual Loops": 2,
                        "Recheck Cond": "(keyword_id = 275)",
                        "Rows Removed by Index Recheck": 0,
                        "Exact Heap Blocks": 3720,
                        "Lossy Heap Blocks": 0,
                        "Plans": [
                          {
                            "Node Type": "Bitmap Index Scan",
                            "Parent Relationship": "Outer",
                            "Parallel Aware": false,
                            "Index Name": "keyword_id_movie_keyword",
                            "Startup Cost": 0.0,
                            "Total Cost": 98.36,
                            "Plan Rows": 4524,
                            "Plan Width": 0,
                            "Actual Startup Time": 4.086,
                            "Actual Total Time": 4.087,
                            "Actual Rows": 4702,
                            "Actual Loops": 1,
                            "Index Cond": "(keyword_id = 275)"
                          }
                        ]
                      },
                      {
                        "Node Type": "Index Scan",
                        "Parent Relationship": "Inner",
                        "Parallel Aware": false,
                        "Scan Direction": "Forward",
                        "Index Name": "title_pkey",
                        "Relation Name": "title",
                        "Alias": "t",
                        "Startup Cost": 0.43,
                        "Total Cost": 7.41,
                        "Plan Rows": 1,
                        "Plan Width": 4,
                        "Actual Startup Time": 0.009,
                        "Actual Total Time": 0.009,
                        "Actual Rows": 0,
                        "Actual Loops": 4702,
                        "Index Cond": "(id = mk.movie_id)",
                        "Rows Removed by Index Recheck": 0,
                        "Filter": "((production_year < 1975) AND (kind_id = 7))",
                        "Rows Removed by Filter": 1
                      }
                    ]
                  },
                  {
                    "Node Type": "Index Scan",
                    "Parent Relationship": "Inner",
                    "Parallel Aware": false,
                    "Scan Direction": "Forward",
                    "Index Name": "movie_id_movie_info_idx",
                    "Relation Name": "movie_info_idx",
                    "Alias": "mi_idx",
                    "Startup Cost": 0.43,
                    "Total Cost": 0.71,
                    "Plan Rows": 1,
                    "Plan Width": 4,
                    "Actual Startup Time": 0.016,
                    "Actual Total Time": 0.016,
                    "Actual Rows": 0,
                    "Actual Loops": 57,
                    "Index Cond": "(movie_id = t.id)",
                    "Rows Removed by Index Recheck": 0,
                    "Filter": "(info_type_id = 100)",
                    "Rows Removed by Filter": 1
                  }
                ]
              }
            ]
          }
        ]
      }
    ]
  },
  "Planning Time": 0.999,
  "Triggers": [],
  "Execution Time": 46.272
}