[
  {
    "Plan": {
      "Node Type": "Aggregate",
      "Strategy": "Plain",
      "Partial Mode": "Finalize",
      "Parallel Aware": false,
      "Startup Cost": 77911.66,
      "Total Cost": 77911.67,
      "Plan Rows": 1,
      "Plan Width": 8,
      "Actual Startup Time": 446.742,
      "Actual Total Time": 469.034,
      "Actual Rows": 1,
      "Actual Loops": 1,
      "Plans": [
        {
          "Node Type": "Gather",
          "Parent Relationship": "Outer",
          "Parallel Aware": false,
          "Startup Cost": 77911.34,
          "Total Cost": 77911.65,
          "Plan Rows": 3,
          "Plan Width": 8,
          "Actual Startup Time": 437.622,
          "Actual Total Time": 469.023,
          "Actual Rows": 4,
          "Actual Loops": 1,
          "Workers Planned": 3,
          "Workers Launched": 3,
          "Single Copy": false,
          "Plans": [
            {
              "Node Type": "Aggregate",
              "Strategy": "Plain",
              "Partial Mode": "Partial",
              "Parent Relationship": "Outer",
              "Parallel Aware": false,
              "Startup Cost": 76911.34,
              "Total Cost": 76911.35,
              "Plan Rows": 1,
              "Plan Width": 8,
              "Actual Startup Time": 420.909,
              "Actual Total Time": 420.913,
              "Actual Rows": 1,
              "Actual Loops": 4,
              "Plans": [
                {
                  "Node Type": "Hash Join",
                  "Parent Relationship": "Outer",
                  "Parallel Aware": true,
                  "Join Type": "Inner",
                  "Startup Cost": 51984.55,
                  "Total Cost": 76844.28,
                  "Plan Rows": 26825,
                  "Plan Width": 0,
                  "Actual Startup Time": 368.026,
                  "Actual Total Time": 419.413,
                  "Actual Rows": 22504,
                  "Actual Loops": 4,
                  "Inner Unique": true,
                  "Hash Cond": "(mk.movie_id = t.id)",
                  "Plans": [
                    {
                      "Node Type": "Bitmap Heap Scan",
                      "Parent Relationship": "Outer",
                      "Parallel Aware": true,
                      "Relation Name": "movie_keyword",
                      "Alias": "mk",
                      "Startup Cost": 1764.91,
                      "Total Cost": 26554.22,
                      "Plan Rows": 26825,
                      "Plan Width": 4,
                      "Actual Startup Time": 13.326,
                      "Actual Total Time": 46.026,
                      "Actual Rows": 22504,
                      "Actual Loops": 4,
                      "Recheck Cond": "(keyword_id < 77)",
                      "Rows Removed by Index Recheck": 0,
                      "Exact Heap Blocks": 7008,
                      "Lossy Heap Blocks": 0,
                      "Plans": [
                        {
                          "Node Type": "Bitmap Index Scan",
                          "Parent Relationship": "Outer",
                          "Parallel Aware": false,
                          "Index Name": "keyword_id_movie_keyword",
                          "Startup Cost": 0.0,
                          "Total Cost": 1744.12,
                          "Plan Rows": 83158,
                          "Plan Width": 0,
                          "Actual Startup Time": 8.322,
                          "Actual Total Time": 8.322,
                          "Actual Rows": 90016,
                          "Actual Loops": 1,
                          "Index Cond": "(keyword_id < 77)"
                        }
                      ]
                    },
                    {
                      "Node Type": "Hash",
                      "Parent Relationship": "Inner",
                      "Parallel Aware": true,
                      "Startup Cost": 42318.73,
                      "Total Cost": 42318.73,
                      "Plan Rows": 632073,
                      "Plan Width": 4,
                      "Actual Startup Time": 343.722,
                      "Actual Total Time": 343.723,
                      "Actual Rows": 632078,
                      "Actual Loops": 4,
                      "Hash Buckets": 4194304,
                      "Original Hash Buckets": 4194304,
                      "Hash Batches": 1,
                      "Original Hash Batches": 1,
                      "Peak Memory Usage": 131744,
                      "Plans": [
                        {
                          "Node Type": "Seq Scan",
                          "Parent Relationship": "Outer",
                          "Parallel Aware": true,
                          "Relation Name": "title",
                          "Alias": "t",
                          "Startup Cost": 0.0,
                          "Total Cost": 42318.73,
                          "Plan Rows": 632073,
                          "Plan Width": 4,
                          "Actual Startup Time": 0.041,
                          "Actual Total Time": 102.011,
                          "Actual Rows": 632078,
                          "Actual Loops": 4
                        }
                      ]
                    }
                  ]
                }
              ]
            }
          ]
        }
      ]
    },
    "Planning Time": 0.556,
    "Triggers": [],
    "Execution Time": 469.111
  }
]