[
  {
    "Plan": {
      "Node Type": "Aggregate",
      "Strategy": "Plain",
      "Partial Mode": "Simple",
      "Parallel Aware": false,
      "Startup Cost": 26595.57,
      "Total Cost": 26595.58,
      "Plan Rows": 1,
      "Plan Width": 8,
      "Actual Startup Time": 28.45,
      "Actual Total Time": 28.451,
      "Actual Rows": 1,
      "Actual Loops": 1,
      "Plans": [
        {
          "Node Type": "Bitmap Heap Scan",
          "Parent Relationship": "Outer",
          "Parallel Aware": false,
          "Relation Name": "movie_keyword",
          "Alias": "mk",
          "Startup Cost": 944.06,
          "Total Cost": 26484.72,
          "Plan Rows": 44339,
          "Plan Width": 0,
          "Actual Startup Time": 5.268,
          "Actual Total Time": 26.533,
          "Actual Rows": 36407,
          "Actual Loops": 1,
          "Recheck Cond": "(keyword_id < 43)",
          "Rows Removed by Index Recheck": 0,
          "Exact Heap Blocks": 13092,
          "Lossy Heap Blocks": 0,
          "Plans": [
            {
              "Node Type": "Bitmap Index Scan",
              "Parent Relationship": "Outer",
              "Parallel Aware": false,
              "Index Name": "keyword_id_movie_keyword",
              "Startup Cost": 0.0,
              "Total Cost": 932.98,
              "Plan Rows": 44339,
              "Plan Width": 0,
              "Actual Startup Time": 3.297,
              "Actual Total Time": 3.297,
              "Actual Rows": 36407,
              "Actual Loops": 1,
              "Index Cond": "(keyword_id < 43)"
            }
          ]
        }
      ]
    },
    "Planning Time": 0.139,
    "Triggers": [],
    "Execution Time": 28.479
  }
]