[
  {
    "Plan": {
      "Node Type": "Aggregate",
      "Strategy": "Plain",
      "Partial Mode": "Finalize",
      "Parallel Aware": false,
      "Startup Cost": 335469.15,
      "Total Cost": 335469.16,
      "Plan Rows": 1,
      "Plan Width": 8,
      "Actual Startup Time": 770.376,
      "Actual Total Time": 815.309,
      "Actual Rows": 1,
      "Actual Loops": 1,
      "Plans": [
        {
          "Node Type": "Gather",
          "Parent Relationship": "Outer",
          "Parallel Aware": false,
          "Startup Cost": 335468.52,
          "Total Cost": 335469.13,
          "Plan Rows": 6,
          "Plan Width": 8,
          "Actual Startup Time": 770.147,
          "Actual Total Time": 815.295,
          "Actual Rows": 7,
          "Actual Loops": 1,
          "Workers Planned": 6,
          "Workers Launched": 6,
          "Single Copy": false,
          "Plans": [
            {
              "Node Type": "Aggregate",
              "Strategy": "Plain",
              "Partial Mode": "Partial",
              "Parent Relationship": "Outer",
              "Parallel Aware": false,
              "Startup Cost": 334468.52,
              "Total Cost": 334468.53,
              "Plan Rows": 1,
              "Plan Width": 8,
              "Actual Startup Time": 762.066,
              "Actual Total Time": 762.067,
              "Actual Rows": 1,
              "Actual Loops": 7,
              "Plans": [
                {
                  "Node Type": "Seq Scan",
                  "Parent Relationship": "Outer",
                  "Parallel Aware": true,
                  "Relation Name": "cast_info",
                  "Alias": "ci",
                  "Startup Cost": 0.0,
                  "Total Cost": 328211.39,
                  "Plan Rows": 2502853,
                  "Plan Width": 0,
                  "Actual Startup Time": 0.051,
                  "Actual Total Time": 639.277,
                  "Actual Rows": 2166228,
                  "Actual Loops": 7,
                  "Filter": "(person_id < 1495180)",
                  "Rows Removed by Filter": 3011535
                }
              ]
            }
          ]
        }
      ]
    },
    "Planning Time": 0.126,
    "Triggers": [],
    "Execution Time": 815.364
  }
]