[
  {
    "Plan": {
      "Node Type": "Aggregate",
      "Strategy": "Plain",
      "Partial Mode": "Finalize",
      "Parallel Aware": false,
      "Startup Cost": 111022.91,
      "Total Cost": 111022.92,
      "Plan Rows": 1,
      "Plan Width": 8,
      "Actual Startup Time": 651.715,
      "Actual Total Time": 669.148,
      "Actual Rows": 1,
      "Actual Loops": 1,
      "Plans": [
        {
          "Node Type": "Gather",
          "Parent Relationship": "Outer",
          "Parallel Aware": false,
          "Startup Cost": 111022.59,
          "Total Cost": 111022.9,
          "Plan Rows": 3,
          "Plan Width": 8,
          "Actual Startup Time": 645.821,
          "Actual Total Time": 669.142,
          "Actual Rows": 4,
          "Actual Loops": 1,
          "Workers Planned": 3,
          "Workers Launched": 3,
          "Single Copy": false,
          "Plans": [
            {
              "Node Type": "Aggregate",
              "Strategy": "Plain",
              "Partial Mode": "Partial",
              "Parent Relationship": "Outer",
              "Parallel Aware": false,
              "Startup Cost": 110022.59,
              "Total Cost": 110022.6,
              "Plan Rows": 1,
              "Plan Width": 8,
              "Actual Startup Time": 636.424,
              "Actual Total Time": 636.43,
              "Actual Rows": 1,
              "Actual Loops": 4,
              "Plans": [
                {
                  "Node Type": "Hash Join",
                  "Parent Relationship": "Outer",
                  "Parallel Aware": true,
                  "Join Type": "Inner",
                  "Startup Cost": 64245.63,
                  "Total Cost": 109551.16,
                  "Plan Rows": 188572,
                  "Plan Width": 0,
                  "Actual Startup Time": 317.831,
                  "Actual Total Time": 572.654,
                  "Actual Rows": 1552730,
                  "Actual Loops": 4,
                  "Inner Unique": false,
                  "Hash Cond": "(mk.movie_id = t.id)",
                  "Plans": [
                    {
                      "Node Type": "Seq Scan",
                      "Parent Relationship": "Outer",
                      "Parallel Aware": true,
                      "Relation Name": "movie_keyword",
                      "Alias": "mk",
                      "Startup Cost": 0.0,
                      "Total Cost": 39047.32,
                      "Plan Rows": 1459332,
                      "Plan Width": 4,
                      "Actual Startup Time": 0.047,
                      "Actual Total Time": 86.495,
                      "Actual Rows": 1130982,
                      "Actual Loops": 4
                    },
                    {
                      "Node Type": "Hash",
                      "Parent Relationship": "Inner",
                      "Parallel Aware": true,
                      "Startup Cost": 62544.07,
                      "Total Cost": 62544.07,
                      "Plan Rows": 136125,
                      "Plan Width": 8,
                      "Actual Startup Time": 280.466,
                      "Actual Total Time": 280.471,
                      "Actual Rows": 134492,
                      "Actual Loops": 4,
                      "Hash Buckets": 1048576,
                      "Original Hash Buckets": 524288,
                      "Hash Batches": 1,
                      "Original Hash Batches": 1,
                      "Peak Memory Usage": 33408,
                      "Plans": [
                        {
                          "Node Type": "Hash Join",
                          "Parent Relationship": "Outer",
                          "Parallel Aware": true,
                          "Join Type": "Inner",
                          "Startup Cost": 47349.51,
                          "Total Cost": 62544.07,
                          "Plan Rows": 136125,
                          "Plan Width": 8,
                          "Actual Startup Time": 179.654,
                          "Actual Total Time": 238.299,
                          "Actual Rows": 134492,
                          "Actual Loops": 4,
                          "Inner Unique": true,
                          "Hash Cond": "(mi_idx.movie_id = t.id)",
                          "Plans": [
                            {
                              "Node Type": "Seq Scan",
                              "Parent Relationship": "Outer",
                              "Parallel Aware": true,
                              "Relation Name": "movie_info_idx",
                              "Alias": "mi_idx",
                              "Startup Cost": 0.0,
                              "Total Cost": 13685.15,
                              "Plan Rows": 575015,
                              "Plan Width": 4,
                              "Actual Startup Time": 0.023,
                              "Actual Total Time": 28.226,
                              "Actual Rows": 345009,
                              "Actual Loops": 4
                            },
                            {
                              "Node Type": "Hash",
                              "Parent Relationship": "Inner",
                              "Parallel Aware": true,
                              "Startup Cost": 45479.1,
                              "Total Cost": 45479.1,
                              "Plan Rows": 149633,
                              "Plan Width": 4,
                              "Actual Startup Time": 149.504,
                              "Actual Total Time": 149.505,
                              "Actual Rows": 121840,
                              "Actual Loops": 4,
                              "Hash Buckets": 1048576,
                              "Original Hash Buckets": 1048576,
                              "Hash Batches": 1,
                              "Original Hash Batches": 1,
                              "Peak Memory Usage": 27296,
                              "Plans": [
                                {
                                  "Node Type": "Seq Scan",
                                  "Parent Relationship": "Outer",
                                  "Parallel Aware": true,
                                  "Relation Name": "title",
                                  "Alias": "t",
                                  "Startup Cost": 0.0,
                                  "Total Cost": 45479.1,
                                  "Plan Rows": 149633,
                                  "Plan Width": 4,
                                  "Actual Startup Time": 48.94,
                                  "Actual Total Time": 104.089,
                                  "Actual Rows": 121840,
                                  "Actual Loops": 4,
                                  "Filter": "((production_year > 1952) AND (kind_id = 1))",
                                  "Rows Removed by Filter": 510238
                                }
                              ]
                            }
                          ]
                        }
                      ]
                    }
                  ]
                }
              ]
            }
          ]
        }
      ]
    },
    "Planning Time": 1.405,
    "Triggers": [],
    "Execution Time": 669.233
  }
]