[
  {
    "Plan": {
      "Node Type": "Aggregate",
      "Strategy": "Plain",
      "Partial Mode": "Finalize",
      "Parallel Aware": false,
      "Startup Cost": 45404.86,
      "Total Cost": 45404.87,
      "Plan Rows": 1,
      "Plan Width": 8,
      "Actual Startup Time": 158.319,
      "Actual Total Time": 167.764,
      "Actual Rows": 1,
      "Actual Loops": 1,
      "Plans": [
        {
          "Node Type": "Gather",
          "Parent Relationship": "Outer",
          "Parallel Aware": false,
          "Startup Cost": 45404.55,
          "Total Cost": 45404.86,
          "Plan Rows": 3,
          "Plan Width": 8,
          "Actual Startup Time": 158.236,
          "Actual Total Time": 167.756,
          "Actual Rows": 4,
          "Actual Loops": 1,
          "Workers Planned": 3,
          "Workers Launched": 3,
          "Single Copy": false,
          "Plans": [
            {
              "Node Type": "Aggregate",
              "Strategy": "Plain",
              "Partial Mode": "Partial",
              "Parent Relationship": "Outer",
              "Parallel Aware": false,
              "Startup Cost": 44404.55,
              "Total Cost": 44404.56,
              "Plan Rows": 1,
              "Plan Width": 8,
              "Actual Startup Time": 151.196,
              "Actual Total Time": 151.197,
              "Actual Rows": 1,
              "Actual Loops": 4,
              "Plans": [
                {
                  "Node Type": "Seq Scan",
                  "Parent Relationship": "Outer",
                  "Parallel Aware": true,
                  "Relation Name": "movie_keyword",
                  "Alias": "mk",
                  "Startup Cost": 0.0,
                  "Total Cost": 42695.65,
                  "Plan Rows": 683557,
                  "Plan Width": 0,
                  "Actual Startup Time": 0.061,
                  "Actual Total Time": 123.336,
                  "Actual Rows": 530284,
                  "Actual Loops": 4,
                  "Filter": "(keyword_id < 3894)",
                  "Rows Removed by Filter": 600698
                }
              ]
            }
          ]
        }
      ]
    },
    "Planning Time": 0.18,
    "Triggers": [],
    "Execution Time": 167.818
  }
]