[
  {
    "Plan": {
      "Node Type": "Aggregate",
      "Strategy": "Plain",
      "Partial Mode": "Finalize",
      "Parallel Aware": false,
      "Startup Cost": 46930.71,
      "Total Cost": 46930.72,
      "Plan Rows": 1,
      "Plan Width": 8,
      "Actual Startup Time": 191.655,
      "Actual Total Time": 202.023,
      "Actual Rows": 1,
      "Actual Loops": 1,
      "Plans": [
        {
          "Node Type": "Gather",
          "Parent Relationship": "Outer",
          "Parallel Aware": false,
          "Startup Cost": 46930.39,
          "Total Cost": 46930.7,
          "Plan Rows": 3,
          "Plan Width": 8,
          "Actual Startup Time": 191.593,
          "Actual Total Time": 202.015,
          "Actual Rows": 4,
          "Actual Loops": 1,
          "Workers Planned": 3,
          "Workers Launched": 3,
          "Single Copy": false,
          "Plans": [
            {
              "Node Type": "Aggregate",
              "Strategy": "Plain",
              "Partial Mode": "Partial",
              "Parent Relationship": "Outer",
              "Parallel Aware": false,
              "Startup Cost": 45930.39,
              "Total Cost": 45930.4,
              "Plan Rows": 1,
              "Plan Width": 8,
              "Actual Startup Time": 185.59,
              "Actual Total Time": 185.591,
              "Actual Rows": 1,
              "Actual Loops": 4,
              "Plans": [
                {
                  "Node Type": "Seq Scan",
                  "Parent Relationship": "Outer",
                  "Parallel Aware": true,
                  "Relation Name": "movie_keyword",
                  "Alias": "mk",
                  "Startup Cost": 0.0,
                  "Total Cost": 42695.65,
                  "Plan Rows": 1293896,
                  "Plan Width": 0,
                  "Actual Startup Time": 0.046,
                  "Actual Total Time": 135.843,
                  "Actual Rows": 1006214,
                  "Actual Loops": 4,
                  "Filter": "(keyword_id < 36139)",
                  "Rows Removed by Filter": 124769
                }
              ]
            }
          ]
        }
      ]
    },
    "Planning Time": 0.156,
    "Triggers": [],
    "Execution Time": 202.072
  }
]