[
  {
    "Plan": {
      "Node Type": "Aggregate",
      "Strategy": "Plain",
      "Partial Mode": "Finalize",
      "Parallel Aware": false,
      "Startup Cost": 94392.34,
      "Total Cost": 94392.35,
      "Plan Rows": 1,
      "Plan Width": 8,
      "Actual Startup Time": 522.787,
      "Actual Total Time": 539.346,
      "Actual Rows": 1,
      "Actual Loops": 1,
      "Plans": [
        {
          "Node Type": "Gather",
          "Parent Relationship": "Outer",
          "Parallel Aware": false,
          "Startup Cost": 94392.02,
          "Total Cost": 94392.33,
          "Plan Rows": 3,
          "Plan Width": 8,
          "Actual Startup Time": 519.993,
          "Actual Total Time": 539.334,
          "Actual Rows": 4,
          "Actual Loops": 1,
          "Workers Planned": 3,
          "Workers Launched": 3,
          "Single Copy": false,
          "Plans": [
            {
              "Node Type": "Aggregate",
              "Strategy": "Plain",
              "Partial Mode": "Partial",
              "Parent Relationship": "Outer",
              "Parallel Aware": false,
              "Startup Cost": 93392.02,
              "Total Cost": 93392.03,
              "Plan Rows": 1,
              "Plan Width": 8,
              "Actual Startup Time": 510.222,
              "Actual Total Time": 510.515,
              "Actual Rows": 1,
              "Actual Loops": 4,
              "Plans": [
                {
                  "Node Type": "Hash Join",
                  "Parent Relationship": "Outer",
                  "Parallel Aware": true,
                  "Join Type": "Inner",
                  "Startup Cost": 62631.8,
                  "Total Cost": 93242.97,
                  "Plan Rows": 59620,
                  "Plan Width": 0,
                  "Actual Startup Time": 319.823,
                  "Actual Total Time": 491.544,
                  "Actual Rows": 384435,
                  "Actual Loops": 4,
                  "Inner Unique": false,
                  "Hash Cond": "(mc.movie_id = t.id)",
                  "Plans": [
                    {
                      "Node Type": "Seq Scan",
                      "Parent Relationship": "Outer",
                      "Parallel Aware": true,
                      "Relation Name": "movie_companies",
                      "Alias": "mc",
                      "Startup Cost": 0.0,
                      "Total Cost": 27206.55,
                      "Plan Rows": 841655,
                      "Plan Width": 4,
                      "Actual Startup Time": 0.023,
                      "Actual Total Time": 67.146,
                      "Actual Rows": 652282,
                      "Actual Loops": 4
                    },
                    {
                      "Node Type": "Hash",
                      "Parent Relationship": "Inner",
                      "Parallel Aware": true,
                      "Startup Cost": 61699.01,
                      "Total Cost": 61699.01,
                      "Plan Rows": 74623,
                      "Plan Width": 8,
                      "Actual Startup Time": 288.25,
                      "Actual Total Time": 288.541,
                      "Actual Rows": 103692,
                      "Actual Loops": 4,
                      "Hash Buckets": 524288,
                      "Original Hash Buckets": 262144,
                      "Hash Batches": 1,
                      "Original Hash Batches": 1,
                      "Peak Memory Usage": 22464,
                      "Plans": [
                        {
                          "Node Type": "Hash Join",
                          "Parent Relationship": "Outer",
                          "Parallel Aware": true,
                          "Join Type": "Inner",
                          "Startup Cost": 46504.45,
                          "Total Cost": 61699.01,
                          "Plan Rows": 74623,
                          "Plan Width": 8,
                          "Actual Startup Time": 187.706,
                          "Actual Total Time": 253.643,
                          "Actual Rows": 103692,
                          "Actual Loops": 4,
                          "Inner Unique": true,
                          "Hash Cond": "(mi_idx.movie_id = t.id)",
                          "Plans": [
                            {
                              "Node Type": "Seq Scan",
                              "Parent Relationship": "Outer",
                              "Parallel Aware": true,
                              "Relation Name": "movie_info_idx",
                              "Alias": "mi_idx",
                              "Startup Cost": 0.0,
                              "Total Cost": 13685.15,
                              "Plan Rows": 575015,
                              "Plan Width": 4,
                              "Actual Startup Time": 0.027,
                              "Actual Total Time": 33.743,
                              "Actual Rows": 345009,
                              "Actual Loops": 4
                            },
                            {
                              "Node Type": "Hash",
                              "Parent Relationship": "Inner",
                              "Parallel Aware": true,
                              "Startup Cost": 45479.1,
                              "Total Cost": 45479.1,
                              "Plan Rows": 82028,
                              "Plan Width": 4,
                              "Actual Startup Time": 152.361,
                              "Actual Total Time": 152.362,
                              "Actual Rows": 102880,
                              "Actual Loops": 4,
                              "Hash Buckets": 524288,
                              "Original Hash Buckets": 524288,
                              "Hash Batches": 1,
                              "Original Hash Batches": 1,
                              "Peak Memory Usage": 20256,
                              "Plans": [
                                {
                                  "Node Type": "Seq Scan",
                                  "Parent Relationship": "Outer",
                                  "Parallel Aware": true,
                                  "Relation Name": "title",
                                  "Alias": "t",
                                  "Startup Cost": 0.0,
                                  "Total Cost": 45479.1,
                                  "Plan Rows": 82028,
                                  "Plan Width": 4,
                                  "Actual Startup Time": 67.252,
                                  "Actual Total Time": 116.62,
                                  "Actual Rows": 102880,
                                  "Actual Loops": 4,
                                  "Filter": "((production_year < 2004) AND (kind_id = 1))",
                                  "Rows Removed by Filter": 529198
                                }
                              ]
                            }
                          ]
                        }
                      ]
                    }
                  ]
                }
              ]
            }
          ]
        }
      ]
    },
    "Planning Time": 1.318,
    "Triggers": [],
    "Execution Time": 539.439
  }
]