[
  {
    "Plan": {
      "Node Type": "Aggregate",
      "Strategy": "Plain",
      "Partial Mode": "Finalize",
      "Parallel Aware": false,
      "Startup Cost": 44925.73,
      "Total Cost": 44925.74,
      "Plan Rows": 1,
      "Plan Width": 8,
      "Actual Startup Time": 133.731,
      "Actual Total Time": 143.409,
      "Actual Rows": 1,
      "Actual Loops": 1,
      "Plans": [
        {
          "Node Type": "Gather",
          "Parent Relationship": "Outer",
          "Parallel Aware": false,
          "Startup Cost": 44925.41,
          "Total Cost": 44925.72,
          "Plan Rows": 3,
          "Plan Width": 8,
          "Actual Startup Time": 133.6,
          "Actual Total Time": 143.4,
          "Actual Rows": 4,
          "Actual Loops": 1,
          "Workers Planned": 3,
          "Workers Launched": 3,
          "Single Copy": false,
          "Plans": [
            {
              "Node Type": "Aggregate",
              "Strategy": "Plain",
              "Partial Mode": "Partial",
              "Parent Relationship": "Outer",
              "Parallel Aware": false,
              "Startup Cost": 43925.41,
              "Total Cost": 43925.42,
              "Plan Rows": 1,
              "Plan Width": 8,
              "Actual Startup Time": 126.388,
              "Actual Total Time": 126.389,
              "Actual Rows": 1,
              "Actual Loops": 4,
              "Plans": [
                {
                  "Node Type": "Seq Scan",
                  "Parent Relationship": "Outer",
                  "Parallel Aware": true,
                  "Relation Name": "movie_keyword",
                  "Alias": "mk",
                  "Startup Cost": 0.0,
                  "Total Cost": 42695.65,
                  "Plan Rows": 491903,
                  "Plan Width": 0,
                  "Actual Startup Time": 0.054,
                  "Actual Total Time": 107.81,
                  "Actual Rows": 386036,
                  "Actual Loops": 4,
                  "Filter": "(keyword_id < 2276)",
                  "Rows Removed by Filter": 744947
                }
              ]
            }
          ]
        }
      ]
    },
    "Planning Time": 0.177,
    "Triggers": [],
    "Execution Time": 143.471
  }
]