[
  {
    "Plan": {
      "Node Type": "Aggregate",
      "Strategy": "Plain",
      "Partial Mode": "Finalize",
      "Parallel Aware": false,
      "Startup Cost": 32862.42,
      "Total Cost": 32862.43,
      "Plan Rows": 1,
      "Plan Width": 8,
      "Actual Startup Time": 81.391,
      "Actual Total Time": 88.89,
      "Actual Rows": 1,
      "Actual Loops": 1,
      "Plans": [
        {
          "Node Type": "Gather",
          "Parent Relationship": "Outer",
          "Parallel Aware": false,
          "Startup Cost": 32862.1,
          "Total Cost": 32862.41,
          "Plan Rows": 3,
          "Plan Width": 8,
          "Actual Startup Time": 81.226,
          "Actual Total Time": 88.881,
          "Actual Rows": 4,
          "Actual Loops": 1,
          "Workers Planned": 3,
          "Workers Launched": 3,
          "Single Copy": false,
          "Plans": [
            {
              "Node Type": "Aggregate",
              "Strategy": "Plain",
              "Partial Mode": "Partial",
              "Parent Relationship": "Outer",
              "Parallel Aware": false,
              "Startup Cost": 31862.1,
              "Total Cost": 31862.11,
              "Plan Rows": 1,
              "Plan Width": 8,
              "Actual Startup Time": 76.035,
              "Actual Total Time": 76.037,
              "Actual Rows": 1,
              "Actual Loops": 4,
              "Plans": [
                {
                  "Node Type": "Seq Scan",
                  "Parent Relationship": "Outer",
                  "Parallel Aware": true,
                  "Relation Name": "movie_companies",
                  "Alias": "mc",
                  "Startup Cost": 0.0,
                  "Total Cost": 31414.82,
                  "Plan Rows": 178913,
                  "Plan Width": 0,
                  "Actual Startup Time": 15.398,
                  "Actual Total Time": 72.444,
                  "Actual Rows": 66800,
                  "Actual Loops": 4,
                  "Filter": "((company_id > 13564) AND (company_type_id = 1))",
                  "Rows Removed by Filter": 585482
                }
              ]
            }
          ]
        }
      ]
    },
    "Planning Time": 0.13,
    "Triggers": [],
    "Execution Time": 88.923
  }
]