[
  {
    "Plan": {
      "Node Type": "Aggregate",
      "Strategy": "Plain",
      "Partial Mode": "Finalize",
      "Parallel Aware": false,
      "Startup Cost": 347895.49,
      "Total Cost": 347895.5,
      "Plan Rows": 1,
      "Plan Width": 8,
      "Actual Startup Time": 1550.248,
      "Actual Total Time": 1633.146,
      "Actual Rows": 1,
      "Actual Loops": 1,
      "Plans": [
        {
          "Node Type": "Gather",
          "Parent Relationship": "Outer",
          "Parallel Aware": false,
          "Startup Cost": 347895.07,
          "Total Cost": 347895.48,
          "Plan Rows": 4,
          "Plan Width": 8,
          "Actual Startup Time": 1549.207,
          "Actual Total Time": 1633.122,
          "Actual Rows": 5,
          "Actual Loops": 1,
          "Workers Planned": 4,
          "Workers Launched": 4,
          "Single Copy": false,
          "Plans": [
            {
              "Node Type": "Aggregate",
              "Strategy": "Plain",
              "Partial Mode": "Partial",
              "Parent Relationship": "Outer",
              "Parallel Aware": false,
              "Startup Cost": 346895.07,
              "Total Cost": 346895.08,
              "Plan Rows": 1,
              "Plan Width": 8,
              "Actual Startup Time": 1539.154,
              "Actual Total Time": 1539.157,
              "Actual Rows": 1,
              "Actual Loops": 5,
              "Plans": [
                {
                  "Node Type": "Nested Loop",
                  "Parent Relationship": "Outer",
                  "Parallel Aware": false,
                  "Join Type": "Inner",
                  "Startup Cost": 33400.78,
                  "Total Cost": 344004.0,
                  "Plan Rows": 1156428,
                  "Plan Width": 0,
                  "Actual Startup Time": 156.039,
                  "Actual Total Time": 1506.664,
                  "Actual Rows": 699703,
                  "Actual Loops": 5,
                  "Inner Unique": false,
                  "Plans": [
                    {
                      "Node Type": "Hash Join",
                      "Parent Relationship": "Outer",
                      "Parallel Aware": true,
                      "Join Type": "Inner",
                      "Startup Cost": 33400.22,
                      "Total Cost": 79276.4,
                      "Plan Rows": 123095,
                      "Plan Width": 8,
                      "Actual Startup Time": 155.854,
                      "Actual Total Time": 249.295,
                      "Actual Rows": 37844,
                      "Actual Loops": 5,
                      "Inner Unique": false,
                      "Hash Cond": "(t.id = mc.movie_id)",
                      "Plans": [
                        {
                          "Node Type": "Seq Scan",
                          "Parent Relationship": "Outer",
                          "Parallel Aware": true,
                          "Relation Name": "title",
                          "Alias": "t",
                          "Startup Cost": 0.0,
                          "Total Cost": 42318.73,
                          "Plan Rows": 632073,
                          "Plan Width": 4,
                          "Actual Startup Time": 0.01,
                          "Actual Total Time": 62.292,
                          "Actual Rows": 505662,
                          "Actual Loops": 5
                        },
                        {
                          "Node Type": "Hash",
                          "Parent Relationship": "Inner",
                          "Parallel Aware": true,
                          "Startup Cost": 31414.82,
                          "Total Cost": 31414.82,
                          "Plan Rows": 158832,
                          "Plan Width": 4,
                          "Actual Startup Time": 77.156,
                          "Actual Total Time": 77.157,
                          "Actual Rows": 37844,
                          "Actual Loops": 5,
                          "Hash Buckets": 524288,
                          "Original Hash Buckets": 524288,
                          "Hash Batches": 1,
                          "Original Hash Batches": 1,
                          "Peak Memory Usage": 11584,
                          "Plans": [
                            {
                              "Node Type": "Seq Scan",
                              "Parent Relationship": "Outer",
                              "Parallel Aware": true,
                              "Relation Name": "movie_companies",
                              "Alias": "mc",
                              "Startup Cost": 0.0,
                              "Total Cost": 31414.82,
                              "Plan Rows": 158832,
                              "Plan Width": 4,
                              "Actual Startup Time": 20.631,
                              "Actual Total Time": 65.47,
                              "Actual Rows": 37844,
                              "Actual Loops": 5,
                              "Filter": "((company_id > 16288) AND (company_type_id = 1))",
                              "Rows Removed by Filter": 483981
                            }
                          ]
                        }
                      ]
                    },
                    {
                      "Node Type": "Index Scan",
                      "Parent Relationship": "Inner",
                      "Parallel Aware": false,
                      "Scan Direction": "Forward",
                      "Index Name": "movie_id_cast_info",
                      "Relation Name": "cast_info",
                      "Alias": "ci",
                      "Startup Cost": 0.56,
                      "Total Cost": 1.91,
                      "Plan Rows": 24,
                      "Plan Width": 4,
                      "Actual Startup Time": 0.015,
                      "Actual Total Time": 0.032,
                      "Actual Rows": 18,
                      "Actual Loops": 189222,
                      "Index Cond": "(movie_id = t.id)",
                      "Rows Removed by Index Recheck": 0,
                      "Filter": "(role_id > 1)",
                      "Rows Removed by Filter": 11
                    }
                  ]
                }
              ]
            }
          ]
        }
      ]
    },
    "Planning Time": 1.433,
    "Triggers": [],
    "Execution Time": 1633.253
  }
]