[
  {
    "Plan": {
      "Node Type": "Aggregate",
      "Strategy": "Plain",
      "Partial Mode": "Finalize",
      "Parallel Aware": false,
      "Startup Cost": 33101.68,
      "Total Cost": 33101.69,
      "Plan Rows": 1,
      "Plan Width": 8,
      "Actual Startup Time": 105.365,
      "Actual Total Time": 113.483,
      "Actual Rows": 1,
      "Actual Loops": 1,
      "Plans": [
        {
          "Node Type": "Gather",
          "Parent Relationship": "Outer",
          "Parallel Aware": false,
          "Startup Cost": 33101.36,
          "Total Cost": 33101.67,
          "Plan Rows": 3,
          "Plan Width": 8,
          "Actual Startup Time": 105.131,
          "Actual Total Time": 113.475,
          "Actual Rows": 4,
          "Actual Loops": 1,
          "Workers Planned": 3,
          "Workers Launched": 3,
          "Single Copy": false,
          "Plans": [
            {
              "Node Type": "Aggregate",
              "Strategy": "Plain",
              "Partial Mode": "Partial",
              "Parent Relationship": "Outer",
              "Parallel Aware": false,
              "Startup Cost": 32101.36,
              "Total Cost": 32101.37,
              "Plan Rows": 1,
              "Plan Width": 8,
              "Actual Startup Time": 96.618,
              "Actual Total Time": 96.619,
              "Actual Rows": 1,
              "Actual Loops": 4,
              "Plans": [
                {
                  "Node Type": "Seq Scan",
                  "Parent Relationship": "Outer",
                  "Parallel Aware": true,
                  "Relation Name": "movie_companies",
                  "Alias": "mc",
                  "Startup Cost": 0.0,
                  "Total Cost": 31414.82,
                  "Plan Rows": 274616,
                  "Plan Width": 0,
                  "Actual Startup Time": 0.06,
                  "Actual Total Time": 80.625,
                  "Actual Rows": 289327,
                  "Actual Loops": 4,
                  "Filter": "((company_id < 21845) AND (company_type_id < 2))",
                  "Rows Removed by Filter": 362955
                }
              ]
            }
          ]
        }
      ]
    },
    "Planning Time": 0.211,
    "Triggers": [],
    "Execution Time": 113.54
  }
]