[
    {
        "Bao": {
            "Bao prediction": 616.281,
            "Bao recommended hint": "(no hint)"
        }
    },
    {
        "Plan": {
            "Node Type": "Aggregate",
            "Strategy": "Plain",
            "Partial Mode": "Simple",
            "Parallel Aware": false,
            "Startup Cost": 28098.45,
            "Total Cost": 28098.46,
            "Plan Rows": 1,
            "Plan Width": 8,
            "Actual Startup Time": 65.037,
            "Actual Total Time": 65.038,
            "Actual Rows": 1,
            "Actual Loops": 1,
            "Output": [
                "count(*)"
            ],
            "Plans": [
                {
                    "Node Type": "Bitmap Heap Scan",
                    "Parent Relationship": "Outer",
                    "Parallel Aware": false,
                    "Relation Name": "movie_keyword",
                    "Schema": "public",
                    "Alias": "mk",
                    "Startup Cost": 2135.87,
                    "Total Cost": 27847.02,
                    "Plan Rows": 100572,
                    "Plan Width": 0,
                    "Actual Startup Time": 24.933,
                    "Actual Total Time": 60.064,
                    "Actual Rows": 94588,
                    "Actual Loops": 1,
                    "Recheck Cond": "(mk.keyword_id > 83737)",
                    "Rows Removed by Index Recheck": 0,
                    "Exact Heap Blocks": 16952,
                    "Lossy Heap Blocks": 0,
                    "Plans": [
                        {
                            "Node Type": "Bitmap Index Scan",
                            "Parent Relationship": "Outer",
                            "Parallel Aware": false,
                            "Index Name": "keyword_id_movie_keyword",
                            "Startup Cost": 0.0,
                            "Total Cost": 2110.72,
                            "Plan Rows": 100572,
                            "Plan Width": 0,
                            "Actual Startup Time": 18.959,
                            "Actual Total Time": 18.96,
                            "Actual Rows": 94588,
                            "Actual Loops": 1,
                            "Index Cond": "(mk.keyword_id > 83737)"
                        }
                    ]
                }
            ]
        },
        "Planning Time": 258.597,
        "Triggers": [],
        "Execution Time": 65.119
    }
]