[
  {
    "Plan": {
      "Node Type": "Aggregate",
      "Strategy": "Plain",
      "Partial Mode": "Finalize",
      "Parallel Aware": false,
      "Startup Cost": 339993.48,
      "Total Cost": 339993.49,
      "Plan Rows": 1,
      "Plan Width": 8,
      "Actual Startup Time": 765.455,
      "Actual Total Time": 833.486,
      "Actual Rows": 1,
      "Actual Loops": 1,
      "Plans": [
        {
          "Node Type": "Gather",
          "Parent Relationship": "Outer",
          "Parallel Aware": false,
          "Startup Cost": 339992.86,
          "Total Cost": 339993.47,
          "Plan Rows": 6,
          "Plan Width": 8,
          "Actual Startup Time": 765.3,
          "Actual Total Time": 833.473,
          "Actual Rows": 7,
          "Actual Loops": 1,
          "Workers Planned": 6,
          "Workers Launched": 6,
          "Single Copy": false,
          "Plans": [
            {
              "Node Type": "Aggregate",
              "Strategy": "Plain",
              "Partial Mode": "Partial",
              "Parent Relationship": "Outer",
              "Parallel Aware": false,
              "Startup Cost": 338992.86,
              "Total Cost": 338992.87,
              "Plan Rows": 1,
              "Plan Width": 8,
              "Actual Startup Time": 754.881,
              "Actual Total Time": 754.882,
              "Actual Rows": 1,
              "Actual Loops": 7,
              "Plans": [
                {
                  "Node Type": "Seq Scan",
                  "Parent Relationship": "Outer",
                  "Parallel Aware": true,
                  "Relation Name": "cast_info",
                  "Alias": "ci",
                  "Startup Cost": 0.0,
                  "Total Cost": 328162.03,
                  "Plan Rows": 4332332,
                  "Plan Width": 0,
                  "Actual Startup Time": 0.059,
                  "Actual Total Time": 601.832,
                  "Actual Rows": 3727657,
                  "Actual Loops": 7,
                  "Filter": "(person_id < 2701090)",
                  "Rows Removed by Filter": 1450106
                }
              ]
            }
          ]
        }
      ]
    },
    "Planning Time": 0.179,
    "Triggers": [],
    "Execution Time": 833.556
  }
]