{
  "Plan": {
    "Node Type": "Aggregate",
    "Strategy": "Plain",
    "Partial Mode": "Finalize",
    "Parallel Aware": false,
    "Startup Cost": 1416357.75,
    "Total Cost": 1416357.76,
    "Plan Rows": 1,
    "Plan Width": 8,
    "Actual Startup Time": 6290.623,
    "Actual Total Time": 6366.339,
    "Actual Rows": 1,
    "Actual Loops": 1,
    "Plans": [
      {
        "Node Type": "Gather",
        "Parent Relationship": "Outer",
        "Parallel Aware": false,
        "Startup Cost": 1416357.64,
        "Total Cost": 1416357.75,
        "Plan Rows": 1,
        "Plan Width": 8,
        "Actual Startup Time": 6290.447,
        "Actual Total Time": 6366.318,
        "Actual Rows": 2,
        "Actual Loops": 1,
        "Workers Planned": 1,
        "Workers Launched": 1,
        "Single Copy": false,
        "Plans": [
          {
            "Node Type": "Aggregate",
            "Strategy": "Plain",
            "Partial Mode": "Partial",
            "Parent Relationship": "Outer",
            "Parallel Aware": false,
            "Startup Cost": 1415357.64,
            "Total Cost": 1415357.65,
            "Plan Rows": 1,
            "Plan Width": 8,
            "Actual Startup Time": 6284.341,
            "Actual Total Time": 6284.343,
            "Actual Rows": 1,
            "Actual Loops": 2,
            "Plans": [
              {
                "Node Type": "Merge Join",
                "Parent Relationship": "Outer",
                "Parallel Aware": false,
                "Join Type": "Inner",
                "Startup Cost": 10.04,
                "Total Cost": 1402784.0,
                "Plan Rows": 5029455,
                "Plan Width": 0,
                "Actual Startup Time": 7.125,
                "Actual Total Time": 6033.77,
                "Actual Rows": 5874478,
                "Actual Loops": 2,
                "Inner Unique": false,
                "Merge Cond": "(mi.movie_id = t.id)",
                "Plans": [
                  {
                    "Node Type": "Index Only Scan",
                    "Parent Relationship": "Outer",
                    "Parallel Aware": true,
                    "Scan Direction": "Forward",
                    "Index Name": "movie_id_movie_info",
                    "Relation Name": "movie_info",
                    "Alias": "mi",
                    "Startup Cost": 0.43,
                    "Total Cost": 1018223.42,
                    "Plan Rows": 8696274,
                    "Plan Width": 4,
                    "Actual Startup Time": 0.13,
                    "Actual Total Time": 2385.803,
                    "Actual Rows": 7417052,
                    "Actual Loops": 2,
                    "Heap Fetches": 14834104
                  },
                  {
                    "Node Type": "Materialize",
                    "Parent Relationship": "Inner",
                    "Parallel Aware": false,
                    "Startup Cost": 3.45,
                    "Total Cost": 291255.9,
                    "Plan Rows": 1462228,
                    "Plan Width": 8,
                    "Actual Startup Time": 0.289,
                    "Actual Total Time": 2653.823,
                    "Actual Rows": 6400928,
                    "Actual Loops": 2,
                    "Plans": [
                      {
                        "Node Type": "Merge Join",
                        "Parent Relationship": "Outer",
                        "Parallel Aware": false,
                        "Join Type": "Inner",
                        "Startup Cost": 3.45,
                        "Total Cost": 287600.33,
                        "Plan Rows": 1462228,
                        "Plan Width": 8,
                        "Actual Startup Time": 0.279,
                        "Actual Total Time": 2301.973,
                        "Actual Rows": 1053378,
                        "Actual Loops": 2,
                        "Inner Unique": true,
                        "Merge Cond": "(mc.movie_id = t.id)",
                        "Plans": [
                          {
                            "Node Type": "Index Only Scan",
                            "Parent Relationship": "Outer",
                            "Parallel Aware": false,
                            "Scan Direction": "Forward",
                            "Index Name": "movie_id_movie_companies",
                            "Relation Name": "movie_companies",
                            "Alias": "mc",
                            "Startup Cost": 0.43,
                            "Total Cost": 140059.44,
                            "Plan Rows": 2609129,
                            "Plan Width": 4,
                            "Actual Startup Time": 0.135,
                            "Actual Total Time": 686.197,
                            "Actual Rows": 2609129,
                            "Actual Loops": 2,
                            "Heap Fetches": 5218258
                          },
                          {
                            "Node Type": "Index Scan",
                            "Parent Relationship": "Inner",
                            "Parallel Aware": false,
                            "Scan Direction": "Forward",
                            "Index Name": "title_pkey",
                            "Relation Name": "title",
                            "Alias": "t",
                            "Startup Cost": 0.43,
                            "Total Cost": 122981.43,
                            "Plan Rows": 1416925,
                            "Plan Width": 4,
                            "Actual Startup Time": 0.12,
                            "Actual Total Time": 1319.302,
                            "Actual Rows": 1398522,
                            "Actual Loops": 2,
                            "Filter": "((kind_id > 1) AND (production_year < 2010))",
                            "Rows Removed by Filter": 1127225
                          }
                        ]
                      }
                    ]
                  }
                ]
              }
            ]
          }
        ]
      }
    ]
  },
  "Planning Time": 1.037,
  "Triggers": [],
  "Execution Time": 6366.451
}