[
  {
    "Plan": {
      "Node Type": "Aggregate",
      "Strategy": "Plain",
      "Partial Mode": "Finalize",
      "Parallel Aware": false,
      "Startup Cost": 31331.94,
      "Total Cost": 31331.95,
      "Plan Rows": 1,
      "Plan Width": 8,
      "Actual Startup Time": 131.699,
      "Actual Total Time": 141.723,
      "Actual Rows": 1,
      "Actual Loops": 1,
      "Plans": [
        {
          "Node Type": "Gather",
          "Parent Relationship": "Outer",
          "Parallel Aware": false,
          "Startup Cost": 31331.62,
          "Total Cost": 31331.93,
          "Plan Rows": 3,
          "Plan Width": 8,
          "Actual Startup Time": 131.531,
          "Actual Total Time": 141.713,
          "Actual Rows": 4,
          "Actual Loops": 1,
          "Workers Planned": 3,
          "Workers Launched": 3,
          "Single Copy": false,
          "Plans": [
            {
              "Node Type": "Aggregate",
              "Strategy": "Plain",
              "Partial Mode": "Partial",
              "Parent Relationship": "Outer",
              "Parallel Aware": false,
              "Startup Cost": 30331.62,
              "Total Cost": 30331.63,
              "Plan Rows": 1,
              "Plan Width": 8,
              "Actual Startup Time": 124.983,
              "Actual Total Time": 124.985,
              "Actual Rows": 1,
              "Actual Loops": 4,
              "Plans": [
                {
                  "Node Type": "Seq Scan",
                  "Parent Relationship": "Outer",
                  "Parallel Aware": true,
                  "Relation Name": "movie_companies",
                  "Alias": "mc",
                  "Startup Cost": 0.0,
                  "Total Cost": 29310.68,
                  "Plan Rows": 408375,
                  "Plan Width": 0,
                  "Actual Startup Time": 0.048,
                  "Actual Total Time": 101.604,
                  "Actual Rows": 319440,
                  "Actual Loops": 4,
                  "Filter": "(company_id < 11208)",
                  "Rows Removed by Filter": 332842
                }
              ]
            }
          ]
        }
      ]
    },
    "Planning Time": 0.197,
    "Triggers": [],
    "Execution Time": 141.782
  }
]