[
  {
    "Plan": {
      "Node Type": "Aggregate",
      "Strategy": "Plain",
      "Partial Mode": "Finalize",
      "Parallel Aware": false,
      "Startup Cost": 31345.51,
      "Total Cost": 31345.52,
      "Plan Rows": 1,
      "Plan Width": 8,
      "Actual Startup Time": 104.768,
      "Actual Total Time": 112.256,
      "Actual Rows": 1,
      "Actual Loops": 1,
      "Plans": [
        {
          "Node Type": "Gather",
          "Parent Relationship": "Outer",
          "Parallel Aware": false,
          "Startup Cost": 31345.19,
          "Total Cost": 31345.5,
          "Plan Rows": 3,
          "Plan Width": 8,
          "Actual Startup Time": 104.522,
          "Actual Total Time": 112.247,
          "Actual Rows": 4,
          "Actual Loops": 1,
          "Workers Planned": 3,
          "Workers Launched": 3,
          "Single Copy": false,
          "Plans": [
            {
              "Node Type": "Aggregate",
              "Strategy": "Plain",
              "Partial Mode": "Partial",
              "Parent Relationship": "Outer",
              "Parallel Aware": false,
              "Startup Cost": 30345.19,
              "Total Cost": 30345.2,
              "Plan Rows": 1,
              "Plan Width": 8,
              "Actual Startup Time": 97.967,
              "Actual Total Time": 97.969,
              "Actual Rows": 1,
              "Actual Loops": 4,
              "Plans": [
                {
                  "Node Type": "Seq Scan",
                  "Parent Relationship": "Outer",
                  "Parallel Aware": true,
                  "Relation Name": "movie_companies",
                  "Alias": "mc",
                  "Startup Cost": 0.0,
                  "Total Cost": 29310.68,
                  "Plan Rows": 413803,
                  "Plan Width": 0,
                  "Actual Startup Time": 0.038,
                  "Actual Total Time": 79.898,
                  "Actual Rows": 319440,
                  "Actual Loops": 4,
                  "Filter": "(company_id < 11208)",
                  "Rows Removed by Filter": 332842
                }
              ]
            }
          ]
        }
      ]
    },
    "Planning Time": 0.102,
    "Triggers": [],
    "Execution Time": 112.306
  }
]