[
  {
    "Plan": {
      "Node Type": "Aggregate",
      "Strategy": "Plain",
      "Partial Mode": "Finalize",
      "Parallel Aware": false,
      "Startup Cost": 73104.14,
      "Total Cost": 73104.15,
      "Plan Rows": 1,
      "Plan Width": 8,
      "Actual Startup Time": 398.39,
      "Actual Total Time": 428.854,
      "Actual Rows": 1,
      "Actual Loops": 1,
      "Plans": [
        {
          "Node Type": "Gather",
          "Parent Relationship": "Outer",
          "Parallel Aware": false,
          "Startup Cost": 73103.72,
          "Total Cost": 73104.13,
          "Plan Rows": 4,
          "Plan Width": 8,
          "Actual Startup Time": 398.38,
          "Actual Total Time": 428.847,
          "Actual Rows": 5,
          "Actual Loops": 1,
          "Workers Planned": 4,
          "Workers Launched": 4,
          "Single Copy": false,
          "Plans": [
            {
              "Node Type": "Aggregate",
              "Strategy": "Plain",
              "Partial Mode": "Partial",
              "Parent Relationship": "Outer",
              "Parallel Aware": false,
              "Startup Cost": 72103.72,
              "Total Cost": 72103.73,
              "Plan Rows": 1,
              "Plan Width": 8,
              "Actual Startup Time": 385.464,
              "Actual Total Time": 385.465,
              "Actual Rows": 1,
              "Actual Loops": 5,
              "Plans": [
                {
                  "Node Type": "Nested Loop",
                  "Parent Relationship": "Outer",
                  "Parallel Aware": false,
                  "Join Type": "Inner",
                  "Startup Cost": 1.0,
                  "Total Cost": 72001.04,
                  "Plan Rows": 41072,
                  "Plan Width": 0,
                  "Actual Startup Time": 1.751,
                  "Actual Total Time": 371.071,
                  "Actual Rows": 325293,
                  "Actual Loops": 5,
                  "Inner Unique": false,
                  "Join Filter": "(t.id = ci.movie_id)",
                  "Rows Removed by Join Filter": 0,
                  "Plans": [
                    {
                      "Node Type": "Nested Loop",
                      "Parent Relationship": "Outer",
                      "Parallel Aware": false,
                      "Join Type": "Inner",
                      "Startup Cost": 0.43,
                      "Total Cost": 64142.98,
                      "Plan Rows": 3992,
                      "Plan Width": 8,
                      "Actual Startup Time": 1.048,
                      "Actual Total Time": 91.752,
                      "Actual Rows": 9281,
                      "Actual Loops": 5,
                      "Inner Unique": false,
                      "Plans": [
                        {
                          "Node Type": "Seq Scan",
                          "Parent Relationship": "Outer",
                          "Parallel Aware": true,
                          "Relation Name": "title",
                          "Alias": "t",
                          "Startup Cost": 0.0,
                          "Total Cost": 45479.1,
                          "Plan Rows": 2231,
                          "Plan Width": 4,
                          "Actual Startup Time": 0.504,
                          "Actual Total Time": 68.651,
                          "Actual Rows": 1882,
                          "Actual Loops": 5,
                          "Filter": "((kind_id < 7) AND (production_year = 1990))",
                          "Rows Removed by Filter": 503781
                        },
                        {
                          "Node Type": "Index Only Scan",
                          "Parent Relationship": "Inner",
                          "Parallel Aware": false,
                          "Scan Direction": "Forward",
                          "Index Name": "movie_id_movie_keyword",
                          "Relation Name": "movie_keyword",
                          "Alias": "mk",
                          "Startup Cost": 0.43,
                          "Total Cost": 7.92,
                          "Plan Rows": 45,
                          "Plan Width": 4,
                          "Actual Startup Time": 0.01,
                          "Actual Total Time": 0.011,
                          "Actual Rows": 5,
                          "Actual Loops": 9408,
                          "Index Cond": "(movie_id = t.id)",
                          "Rows Removed by Index Recheck": 0,
                          "Heap Fetches": 46406
                        }
                      ]
                    },
                    {
                      "Node Type": "Index Scan",
                      "Parent Relationship": "Inner",
                      "Parallel Aware": false,
                      "Scan Direction": "Forward",
                      "Index Name": "movie_id_cast_info",
                      "Relation Name": "cast_info",
                      "Alias": "ci",
                      "Startup Cost": 0.56,
                      "Total Cost": 1.64,
                      "Plan Rows": 26,
                      "Plan Width": 4,
                      "Actual Startup Time": 0.004,
                      "Actual Total Time": 0.027,
                      "Actual Rows": 35,
                      "Actual Loops": 46406,
                      "Index Cond": "(movie_id = mk.movie_id)",
                      "Rows Removed by Index Recheck": 0,
                      "Filter": "(person_id < 2703361)",
                      "Rows Removed by Filter": 12
                    }
                  ]
                }
              ]
            }
          ]
        }
      ]
    },
    "Planning Time": 1.318,
    "Triggers": [],
    "Execution Time": 428.946
  }
]