[
    {
        "Bao": {
            "Bao prediction": "NaN",
            "Bao recommended hint": "(no hint)"
        }
    },
    {
        "Plan": {
            "Node Type": "Aggregate",
            "Strategy": "Plain",
            "Partial Mode": "Finalize",
            "Parallel Aware": false,
            "Startup Cost": 240231.44,
            "Total Cost": 240231.45,
            "Plan Rows": 1,
            "Plan Width": 8,
            "Actual Startup Time": 425.771,
            "Actual Total Time": 446.517,
            "Actual Rows": 1,
            "Actual Loops": 1,
            "Output": [
                "count(*)"
            ],
            "Plans": [
                {
                    "Node Type": "Gather",
                    "Parent Relationship": "Outer",
                    "Parallel Aware": false,
                    "Startup Cost": 240230.92,
                    "Total Cost": 240231.43,
                    "Plan Rows": 5,
                    "Plan Width": 8,
                    "Actual Startup Time": 425.01,
                    "Actual Total Time": 446.508,
                    "Actual Rows": 6,
                    "Actual Loops": 1,
                    "Output": [
                        "(PARTIAL count(*))"
                    ],
                    "Workers Planned": 5,
                    "Workers Launched": 5,
                    "Single Copy": false,
                    "Plans": [
                        {
                            "Node Type": "Aggregate",
                            "Strategy": "Plain",
                            "Partial Mode": "Partial",
                            "Parent Relationship": "Outer",
                            "Parallel Aware": false,
                            "Startup Cost": 239230.92,
                            "Total Cost": 239230.93,
                            "Plan Rows": 1,
                            "Plan Width": 8,
                            "Actual Startup Time": 414.797,
                            "Actual Total Time": 414.8,
                            "Actual Rows": 1,
                            "Actual Loops": 6,
                            "Output": [
                                "PARTIAL count(*)"
                            ],
                            "Workers": [
                                {
                                    "Worker Number": 0,
                                    "Actual Startup Time": 411.94,
                                    "Actual Total Time": 411.944,
                                    "Actual Rows": 1,
                                    "Actual Loops": 1
                                },
                                {
                                    "Worker Number": 1,
                                    "Actual Startup Time": 412.619,
                                    "Actual Total Time": 412.621,
                                    "Actual Rows": 1,
                                    "Actual Loops": 1
                                },
                                {
                                    "Worker Number": 2,
                                    "Actual Startup Time": 412.987,
                                    "Actual Total Time": 412.989,
                                    "Actual Rows": 1,
                                    "Actual Loops": 1
                                },
                                {
                                    "Worker Number": 3,
                                    "Actual Startup Time": 413.337,
                                    "Actual Total Time": 413.339,
                                    "Actual Rows": 1,
                                    "Actual Loops": 1
                                },
                                {
                                    "Worker Number": 4,
                                    "Actual Startup Time": 413.369,
                                    "Actual Total Time": 413.372,
                                    "Actual Rows": 1,
                                    "Actual Loops": 1
                                }
                            ],
                            "Plans": [
                                {
                                    "Node Type": "Hash Join",
                                    "Parent Relationship": "Outer",
                                    "Parallel Aware": true,
                                    "Join Type": "Inner",
                                    "Startup Cost": 38414.13,
                                    "Total Cost": 239180.87,
                                    "Plan Rows": 20018,
                                    "Plan Width": 0,
                                    "Actual Startup Time": 82.956,
                                    "Actual Total Time": 413.129,
                                    "Actual Rows": 30293,
                                    "Actual Loops": 6,
                                    "Inner Unique": true,
                                    "Hash Cond": "(mi.movie_id = t.id)",
                                    "Workers": [
                                        {
                                            "Worker Number": 0,
                                            "Actual Startup Time": 80.123,
                                            "Actual Total Time": 410.257,
                                            "Actual Rows": 20228,
                                            "Actual Loops": 1
                                        },
                                        {
                                            "Worker Number": 1,
                                            "Actual Startup Time": 80.776,
                                            "Actual Total Time": 410.963,
                                            "Actual Rows": 33850,
                                            "Actual Loops": 1
                                        },
                                        {
                                            "Worker Number": 2,
                                            "Actual Startup Time": 81.145,
                                            "Actual Total Time": 411.317,
                                            "Actual Rows": 34370,
                                            "Actual Loops": 1
                                        },
                                        {
                                            "Worker Number": 3,
                                            "Actual Startup Time": 81.44,
                                            "Actual Total Time": 411.666,
                                            "Actual Rows": 33944,
                                            "Actual Loops": 1
                                        },
                                        {
                                            "Worker Number": 4,
                                            "Actual Startup Time": 81.537,
                                            "Actual Total Time": 411.721,
                                            "Actual Rows": 33595,
                                            "Actual Loops": 1
                                        }
                                    ],
                                    "Plans": [
                                        {
                                            "Node Type": "Seq Scan",
                                            "Parent Relationship": "Outer",
                                            "Parallel Aware": true,
                                            "Relation Name": "movie_info",
                                            "Schema": "public",
                                            "Alias": "mi",
                                            "Startup Cost": 0.0,
                                            "Total Cost": 198880.74,
                                            "Plan Rows": 718477,
                                            "Plan Width": 4,
                                            "Actual Startup Time": 28.523,
                                            "Actual Total Time": 299.374,
                                            "Actual Rows": 604163,
                                            "Actual Loops": 6,
                                            "Output": [
                                                "mi.id",
                                                "mi.movie_id",
                                                "mi.info_type_id",
                                                "mi.info",
                                                "mi.note"
                                            ],
                                            "Filter": "(mi.info_type_id < 4)",
                                            "Rows Removed by Filter": 1868457,
                                            "Workers": [
                                                {
                                                    "Worker Number": 0,
                                                    "Actual Startup Time": 28.521,
                                                    "Actual Total Time": 298.054,
                                                    "Actual Rows": 404266,
                                                    "Actual Loops": 1
                                                },
                                                {
                                                    "Worker Number": 1,
                                                    "Actual Startup Time": 28.522,
                                                    "Actual Total Time": 299.614,
                                                    "Actual Rows": 676995,
                                                    "Actual Loops": 1
                                                },
                                                {
                                                    "Worker Number": 2,
                                                    "Actual Startup Time": 28.523,
                                                    "Actual Total Time": 299.439,
                                                    "Actual Rows": 674846,
                                                    "Actual Loops": 1
                                                },
                                                {
                                                    "Worker Number": 3,
                                                    "Actual Startup Time": 28.506,
                                                    "Actual Total Time": 299.863,
                                                    "Actual Rows": 678642,
                                                    "Actual Loops": 1
                                                },
                                                {
                                                    "Worker Number": 4,
                                                    "Actual Startup Time": 28.536,
                                                    "Actual Total Time": 299.155,
                                                    "Actual Rows": 672663,
                                                    "Actual Loops": 1
                                                }
                                            ]
                                        },
                                        {
                                            "Node Type": "Hash",
                                            "Parent Relationship": "Inner",
                                            "Parallel Aware": true,
                                            "Startup Cost": 38194.0,
                                            "Total Cost": 38194.0,
                                            "Plan Rows": 17611,
                                            "Plan Width": 4,
                                            "Actual Startup Time": 43.953,
                                            "Actual Total Time": 43.954,
                                            "Actual Rows": 10877,
                                            "Actual Loops": 6,
                                            "Output": [
                                                "t.id"
                                            ],
                                            "Hash Buckets": 131072,
                                            "Original Hash Buckets": 131072,
                                            "Hash Batches": 1,
                                            "Original Hash Batches": 1,
                                            "Peak Memory Usage": 3648,
                                            "Workers": [
                                                {
                                                    "Worker Number": 0,
                                                    "Actual Startup Time": 41.339,
                                                    "Actual Total Time": 41.34,
                                                    "Actual Rows": 6540,
                                                    "Actual Loops": 1
                                                },
                                                {
                                                    "Worker Number": 1,
                                                    "Actual Startup Time": 42.027,
                                                    "Actual Total Time": 42.027,
                                                    "Actual Rows": 7853,
                                                    "Actual Loops": 1
                                                },
                                                {
                                                    "Worker Number": 2,
                                                    "Actual Startup Time": 42.413,
                                                    "Actual Total Time": 42.414,
                                                    "Actual Rows": 7935,
                                                    "Actual Loops": 1
                                                },
                                                {
                                                    "Worker Number": 3,
                                                    "Actual Startup Time": 42.701,
                                                    "Actual Total Time": 42.702,
                                                    "Actual Rows": 7723,
                                                    "Actual Loops": 1
                                                },
                                                {
                                                    "Worker Number": 4,
                                                    "Actual Startup Time": 42.756,
                                                    "Actual Total Time": 42.757,
                                                    "Actual Rows": 8467,
                                                    "Actual Loops": 1
                                                }
                                            ],
                                            "Plans": [
                                                {
                                                    "Node Type": "Bitmap Heap Scan",
                                                    "Parent Relationship": "Outer",
                                                    "Parallel Aware": true,
                                                    "Relation Name": "title",
                                                    "Schema": "public",
                                                    "Alias": "t",
                                                    "Startup Cost": 1818.01,
                                                    "Total Cost": 38194.0,
                                                    "Plan Rows": 17611,
                                                    "Plan Width": 4,
                                                    "Actual Startup Time": 5.534,
                                                    "Actual Total Time": 38.041,
                                                    "Actual Rows": 10877,
                                                    "Actual Loops": 6,
                                                    "Output": [
                                                        "t.id"
                                                    ],
                                                    "Recheck Cond": "(t.kind_id = 3)",
                                                    "Rows Removed by Index Recheck": 0,
                                                    "Filter": "(t.production_year > 1989)",
                                                    "Rows Removed by Filter": 5879,
                                                    "Exact Heap Blocks": 5255,
                                                    "Lossy Heap Blocks": 0,
                                                    "Workers": [
                                                        {
                                                            "Worker Number": 0,
                                                            "Actual Startup Time": 2.914,
                                                            "Actual Total Time": 36.635,
                                                            "Actual Rows": 6540,
                                                            "Actual Loops": 1
                                                        },
                                                        {
                                                            "Worker Number": 1,
                                                            "Actual Startup Time": 3.957,
                                                            "Actual Total Time": 36.226,
                                                            "Actual Rows": 7853,
                                                            "Actual Loops": 1
                                                        },
                                                        {
                                                            "Worker Number": 2,
                                                            "Actual Startup Time": 4.13,
                                                            "Actual Total Time": 36.854,
                                                            "Actual Rows": 7935,
                                                            "Actual Loops": 1
                                                        },
                                                        {
                                                            "Worker Number": 3,
                                                            "Actual Startup Time": 4.212,
                                                            "Actual Total Time": 36.977,
                                                            "Actual Rows": 7723,
                                                            "Actual Loops": 1
                                                        },
                                                        {
                                                            "Worker Number": 4,
                                                            "Actual Startup Time": 4.247,
                                                            "Actual Total Time": 38.004,
                                                            "Actual Rows": 8467,
                                                            "Actual Loops": 1
                                                        }
                                                    ],
                                                    "Plans": [
                                                        {
                                                            "Node Type": "Bitmap Index Scan",
                                                            "Parent Relationship": "Outer",
                                                            "Parallel Aware": false,
                                                            "Index Name": "kind_id_title",
                                                            "Startup Cost": 0.0,
                                                            "Total Cost": 1800.4,
                                                            "Plan Rows": 100796,
                                                            "Plan Width": 0,
                                                            "Actual Startup Time": 10.225,
                                                            "Actual Total Time": 10.226,
                                                            "Actual Rows": 100537,
                                                            "Actual Loops": 1,
                                                            "Index Cond": "(t.kind_id = 3)"
                                                        }
                                                    ]
                                                }
                                            ]
                                        }
                                    ]
                                }
                            ]
                        }
                    ]
                }
            ]
        },
        "Planning Time": 270.351,
        "Triggers": [],
        "Execution Time": 446.6
    }
]