[
  {
    "Plan": {
      "Node Type": "Aggregate",
      "Strategy": "Plain",
      "Partial Mode": "Finalize",
      "Parallel Aware": false,
      "Startup Cost": 408684.76,
      "Total Cost": 408684.77,
      "Plan Rows": 1,
      "Plan Width": 8,
      "Actual Startup Time": 3344.392,
      "Actual Total Time": 3407.35,
      "Actual Rows": 1,
      "Actual Loops": 1,
      "Plans": [
        {
          "Node Type": "Gather",
          "Parent Relationship": "Outer",
          "Parallel Aware": false,
          "Startup Cost": 408684.14,
          "Total Cost": 408684.75,
          "Plan Rows": 6,
          "Plan Width": 8,
          "Actual Startup Time": 3331.317,
          "Actual Total Time": 3407.338,
          "Actual Rows": 7,
          "Actual Loops": 1,
          "Workers Planned": 6,
          "Workers Launched": 6,
          "Single Copy": false,
          "Plans": [
            {
              "Node Type": "Aggregate",
              "Strategy": "Plain",
              "Partial Mode": "Partial",
              "Parent Relationship": "Outer",
              "Parallel Aware": false,
              "Startup Cost": 407684.14,
              "Total Cost": 407684.15,
              "Plan Rows": 1,
              "Plan Width": 8,
              "Actual Startup Time": 3310.14,
              "Actual Total Time": 3310.143,
              "Actual Rows": 1,
              "Actual Loops": 7,
              "Plans": [
                {
                  "Node Type": "Hash Join",
                  "Parent Relationship": "Outer",
                  "Parallel Aware": true,
                  "Join Type": "Inner",
                  "Startup Cost": 50219.64,
                  "Total Cost": 393390.26,
                  "Plan Rows": 5717550,
                  "Plan Width": 0,
                  "Actual Startup Time": 274.501,
                  "Actual Total Time": 3088.079,
                  "Actual Rows": 4900026,
                  "Actual Loops": 7,
                  "Inner Unique": true,
                  "Hash Cond": "(ci.movie_id = t.id)",
                  "Plans": [
                    {
                      "Node Type": "Seq Scan",
                      "Parent Relationship": "Outer",
                      "Parallel Aware": true,
                      "Relation Name": "cast_info",
                      "Alias": "ci",
                      "Startup Cost": 0.0,
                      "Total Cost": 328162.03,
                      "Plan Rows": 5717550,
                      "Plan Width": 4,
                      "Actual Startup Time": 19.909,
                      "Actual Total Time": 662.889,
                      "Actual Rows": 4900026,
                      "Actual Loops": 7,
                      "Filter": "(person_id > 190628)",
                      "Rows Removed by Filter": 277737
                    },
                    {
                      "Node Type": "Hash",
                      "Parent Relationship": "Inner",
                      "Parallel Aware": true,
                      "Startup Cost": 42318.73,
                      "Total Cost": 42318.73,
                      "Plan Rows": 632073,
                      "Plan Width": 4,
                      "Actual Startup Time": 247.812,
                      "Actual Total Time": 247.813,
                      "Actual Rows": 361187,
                      "Actual Loops": 7,
                      "Hash Buckets": 4194304,
                      "Original Hash Buckets": 4194304,
                      "Hash Batches": 1,
                      "Original Hash Batches": 1,
                      "Peak Memory Usage": 131776,
                      "Plans": [
                        {
                          "Node Type": "Seq Scan",
                          "Parent Relationship": "Outer",
                          "Parallel Aware": true,
                          "Relation Name": "title",
                          "Alias": "t",
                          "Startup Cost": 0.0,
                          "Total Cost": 42318.73,
                          "Plan Rows": 632073,
                          "Plan Width": 4,
                          "Actual Startup Time": 0.049,
                          "Actual Total Time": 74.675,
                          "Actual Rows": 361187,
                          "Actual Loops": 7
                        }
                      ]
                    }
                  ]
                }
              ]
            }
          ]
        }
      ]
    },
    "Planning Time": 0.486,
    "Triggers": [],
    "Execution Time": 3407.424
  }
]