[
  {
    "Plan": {
      "Node Type": "Aggregate",
      "Strategy": "Plain",
      "Partial Mode": "Simple",
      "Parallel Aware": false,
      "Startup Cost": 80000183633.3,
      "Total Cost": 80000183633.31,
      "Plan Rows": 1,
      "Plan Width": 96,
      "Actual Startup Time": 21.92,
      "Actual Total Time": 21.926,
      "Actual Rows": 1,
      "Actual Loops": 1,
      "Plans": [
        {
          "Node Type": "Merge Join",
          "Parent Relationship": "Outer",
          "Parallel Aware": false,
          "Join Type": "Inner",
          "Startup Cost": 80000000005.65,
          "Total Cost": 80000183633.29,
          "Plan Rows": 1,
          "Plan Width": 48,
          "Actual Startup Time": 4.207,
          "Actual Total Time": 21.916,
          "Actual Rows": 1,
          "Actual Loops": 1,
          "Inner Unique": true,
          "Merge Cond": "(ml.link_type_id = lt.id)",
          "Plans": [
            {
              "Node Type": "Nested Loop",
              "Parent Relationship": "Outer",
              "Parallel Aware": false,
              "Join Type": "Inner",
              "Startup Cost": 70000000005.52,
              "Total Cost": 70000183620.82,
              "Plan Rows": 1,
              "Plan Width": 40,
              "Actual Startup Time": 4.188,
              "Actual Total Time": 21.889,
              "Actual Rows": 2,
              "Actual Loops": 1,
              "Inner Unique": true,
              "Plans": [
                {
                  "Node Type": "Nested Loop",
                  "Parent Relationship": "Outer",
                  "Parallel Aware": false,
                  "Join Type": "Inner",
                  "Startup Cost": 60000000005.09,
                  "Total Cost": 60000176743.19,
                  "Plan Rows": 1547,
                  "Plan Width": 44,
                  "Actual Startup Time": 3.707,
                  "Actual Total Time": 21.16,
                  "Actual Rows": 39,
                  "Actual Loops": 1,
                  "Inner Unique": false,
                  "Join Filter": "(ml.movie_id = mk.movie_id)",
                  "Rows Removed by Join Filter": 0,
                  "Plans": [
                    {
                      "Node Type": "Nested Loop",
                      "Parent Relationship": "Outer",
                      "Parallel Aware": false,
                      "Join Type": "Inner",
                      "Startup Cost": 50000000004.23,
                      "Total Cost": 50000176539.0,
                      "Plan Rows": 34,
                      "Plan Width": 52,
                      "Actual Startup Time": 3.649,
                      "Actual Total Time": 21.066,
                      "Actual Rows": 2,
                      "Actual Loops": 1,
                      "Inner Unique": true,
                      "Plans": [
                        {
                          "Node Type": "Nested Loop",
                          "Parent Relationship": "Outer",
                          "Parallel Aware": false,
                          "Join Type": "Inner",
                          "Startup Cost": 40000000004.09,
                          "Total Cost": 40000175978.03,
                          "Plan Rows": 135,
                          "Plan Width": 56,
                          "Actual Startup Time": 3.634,
                          "Actual Total Time": 21.042,
                          "Actual Rows": 2,
                          "Actual Loops": 1,
                          "Inner Unique": true,
                          "Plans": [
                            {
                              "Node Type": "Nested Loop",
                              "Parent Relationship": "Outer",
                              "Parallel Aware": false,
                              "Join Type": "Inner",
                              "Startup Cost": 30000000003.66,
                              "Total Cost": 30000172644.59,
                              "Plan Rows": 749,
                              "Plan Width": 41,
                              "Actual Startup Time": 3.599,
                              "Actual Total Time": 20.993,
                              "Actual Rows": 2,
                              "Actual Loops": 1,
                              "Inner Unique": false,
                              "Plans": [
                                {
                                  "Node Type": "Nested Loop",
                                  "Parent Relationship": "Outer",
                                  "Parallel Aware": false,
                                  "Join Type": "Inner",
                                  "Startup Cost": 20000000001.93,
                                  "Total Cost": 20000171006.3,
                                  "Plan Rows": 281,
                                  "Plan Width": 29,
                                  "Actual Startup Time": 3.497,
                                  "Actual Total Time": 20.871,
                                  "Actual Rows": 2,
                                  "Actual Loops": 1,
                                  "Inner Unique": true,
                                  "Plans": [
                                    {
                                      "Node Type": "Index Scan",
                                      "Parent Relationship": "Outer",
                                      "Parallel Aware": false,
                                      "Scan Direction": "Forward",
                                      "Index Name": "link_type_id_movie_link",
                                      "Relation Name": "movie_link",
                                      "Alias": "ml",
                                      "Startup Cost": 10000000000.29,
                                      "Total Cost": 10000001425.16,
                                      "Plan Rows": 29997,
                                      "Plan Width": 8,
                                      "Actual Startup Time": 0.055,
                                      "Actual Total Time": 1.682,
                                      "Actual Rows": 1276,
                                      "Actual Loops": 1
                                    },
                                    {
                                      "Node Type": "Bitmap Heap Scan",
                                      "Parent Relationship": "Inner",
                                      "Parallel Aware": false,
                                      "Relation Name": "title",
                                      "Alias": "t",
                                      "Startup Cost": 1.64,
                                      "Total Cost": 5.65,
                                      "Plan Rows": 1,
                                      "Plan Width": 21,
                                      "Actual Startup Time": 0.012,
                                      "Actual Total Time": 0.012,
                                      "Actual Rows": 0,
                                      "Actual Loops": 1276,
                                      "Recheck Cond": "(id = ml.movie_id)",
                                      "Rows Removed by Index Recheck": 0,
                                      "Filter": "(title ~~ '%77%'::text)",
                                      "Rows Removed by Filter": 1,
                                      "Exact Heap Blocks": 1276,
                                      "Lossy Heap Blocks": 0,
                                      "Plans": [
                                        {
                                          "Node Type": "Bitmap Index Scan",
                                          "Parent Relationship": "Outer",
                                          "Parallel Aware": false,
                                          "Index Name": "title_pkey",
                                          "Startup Cost": 0.0,
                                          "Total Cost": 1.64,
                                          "Plan Rows": 1,
                                          "Plan Width": 0,
                                          "Actual Startup Time": 0.006,
                                          "Actual Total Time": 0.006,
                                          "Actual Rows": 1,
                                          "Actual Loops": 1276,
                                          "Index Cond": "(id = ml.movie_id)"
                                        }
                                      ]
                                    }
                                  ]
                                },
                                {
                                  "Node Type": "Bitmap Heap Scan",
                                  "Parent Relationship": "Inner",
                                  "Parallel Aware": false,
                                  "Relation Name": "movie_companies",
                                  "Alias": "mc",
                                  "Startup Cost": 1.74,
                                  "Total Cost": 5.8,
                                  "Plan Rows": 3,
                                  "Plan Width": 12,
                                  "Actual Startup Time": 0.056,
                                  "Actual Total Time": 0.056,
                                  "Actual Rows": 1,
                                  "Actual Loops": 2,
                                  "Recheck Cond": "(movie_id = ml.movie_id)",
                                  "Rows Removed by Index Recheck": 0,
                                  "Filter": "(note IS NULL)",
                                  "Rows Removed by Filter": 3,
                                  "Exact Heap Blocks": 4,
                                  "Lossy Heap Blocks": 0,
                                  "Plans": [
                                    {
                                      "Node Type": "Bitmap Index Scan",
                                      "Parent Relationship": "Outer",
                                      "Parallel Aware": false,
                                      "Index Name": "movie_id_movie_companies",
                                      "Startup Cost": 0.0,
                                      "Total Cost": 1.74,
                                      "Plan Rows": 5,
                                      "Plan Width": 0,
                                      "Actual Startup Time": 0.025,
                                      "Actual Total Time": 0.025,
                                      "Actual Rows": 4,
                                      "Actual Loops": 2,
                                      "Index Cond": "(movie_id = ml.movie_id)"
                                    }
                                  ]
                                }
                              ]
                            },
                            {
                              "Node Type": "Bitmap Heap Scan",
                              "Parent Relationship": "Inner",
                              "Parallel Aware": false,
                              "Relation Name": "company_name",
                              "Alias": "cn",
                              "Startup Cost": 0.43,
                              "Total Cost": 4.45,
                              "Plan Rows": 1,
                              "Plan Width": 23,
                              "Actual Startup Time": 0.019,
                              "Actual Total Time": 0.019,
                              "Actual Rows": 1,
                              "Actual Loops": 2,
                              "Recheck Cond": "(id = mc.company_id)",
                              "Rows Removed by Index Recheck": 0,
                              "Filter": "(((country_code)::text <> '[pl]'::text) AND ((name ~~ '%Film%'::text) OR (name ~~ '%Warner%'::text)))",
                              "Rows Removed by Filter": 0,
                              "Exact Heap Blocks": 2,
                              "Lossy Heap Blocks": 0,
                              "Plans": [
                                {
                                  "Node Type": "Bitmap Index Scan",
                                  "Parent Relationship": "Outer",
                                  "Parallel Aware": false,
                                  "Index Name": "company_name_pkey",
                                  "Startup Cost": 0.0,
                                  "Total Cost": 0.43,
                                  "Plan Rows": 1,
                                  "Plan Width": 0,
                                  "Actual Startup Time": 0.005,
                                  "Actual Total Time": 0.005,
                                  "Actual Rows": 1,
                                  "Actual Loops": 2,
                                  "Index Cond": "(id = mc.company_id)"
                                }
                              ]
                            }
                          ]
                        },
                        {
                          "Node Type": "Bitmap Heap Scan",
                          "Parent Relationship": "Inner",
                          "Parallel Aware": false,
                          "Relation Name": "company_type",
                          "Alias": "ct",
                          "Startup Cost": 0.14,
                          "Total Cost": 4.15,
                          "Plan Rows": 1,
                          "Plan Width": 4,
                          "Actual Startup Time": 0.007,
                          "Actual Total Time": 0.008,
                          "Actual Rows": 1,
                          "Actual Loops": 2,
                          "Recheck Cond": "(id = mc.company_type_id)",
                          "Rows Removed by Index Recheck": 0,
                          "Filter": "((kind)::text = 'production companies'::text)",
                          "Rows Removed by Filter": 0,
                          "Exact Heap Blocks": 2,
                          "Lossy Heap Blocks": 0,
                          "Plans": [
                            {
                              "Node Type": "Bitmap Index Scan",
                              "Parent Relationship": "Outer",
                              "Parallel Aware": false,
                              "Index Name": "company_type_pkey",
                              "Startup Cost": 0.0,
                              "Total Cost": 0.14,
                              "Plan Rows": 1,
                              "Plan Width": 0,
                              "Actual Startup Time": 0.005,
                              "Actual Total Time": 0.005,
                              "Actual Rows": 1,
                              "Actual Loops": 2,
                              "Index Cond": "(id = mc.company_type_id)"
                            }
                          ]
                        }
                      ]
                    },
                    {
                      "Node Type": "Bitmap Heap Scan",
                      "Parent Relationship": "Inner",
                      "Parallel Aware": false,
                      "Relation Name": "movie_keyword",
                      "Alias": "mk",
                      "Startup Cost": 0.86,
                      "Total Cost": 5.43,
                      "Plan Rows": 46,
                      "Plan Width": 8,
                      "Actual Startup Time": 0.031,
                      "Actual Total Time": 0.035,
                      "Actual Rows": 20,
                      "Actual Loops": 2,
                      "Recheck Cond": "(movie_id = mc.movie_id)",
                      "Rows Removed by Index Recheck": 0,
                      "Exact Heap Blocks": 2,
                      "Lossy Heap Blocks": 0,
                      "Plans": [
                        {
                          "Node Type": "Bitmap Index Scan",
                          "Parent Relationship": "Outer",
                          "Parallel Aware": false,
                          "Index Name": "movie_id_movie_keyword",
                          "Startup Cost": 0.0,
                          "Total Cost": 0.84,
                          "Plan Rows": 46,
                          "Plan Width": 0,
                          "Actual Startup Time": 0.02,
                          "Actual Total Time": 0.02,
                          "Actual Rows": 23,
                          "Actual Loops": 2,
                          "Index Cond": "(movie_id = mc.movie_id)"
                        }
                      ]
                    }
                  ]
                },
                {
                  "Node Type": "Bitmap Heap Scan",
                  "Parent Relationship": "Inner",
                  "Parallel Aware": false,
                  "Relation Name": "keyword",
                  "Alias": "k",
                  "Startup Cost": 0.43,
                  "Total Cost": 4.44,
                  "Plan Rows": 1,
                  "Plan Width": 4,
                  "Actual Startup Time": 0.016,
                  "Actual Total Time": 0.016,
                  "Actual Rows": 0,
                  "Actual Loops": 39,
                  "Recheck Cond": "(id = mk.keyword_id)",
                  "Rows Removed by Index Recheck": 0,
                  "Filter": "(keyword = 'private'::text)",
                  "Rows Removed by Filter": 1,
                  "Exact Heap Blocks": 39,
                  "Lossy Heap Blocks": 0,
                  "Plans": [
                    {
                      "Node Type": "Bitmap Index Scan",
                      "Parent Relationship": "Outer",
                      "Parallel Aware": false,
                      "Index Name": "keyword_pkey",
                      "Startup Cost": 0.0,
                      "Total Cost": 0.43,
                      "Plan Rows": 1,
                      "Plan Width": 0,
                      "Actual Startup Time": 0.006,
                      "Actual Total Time": 0.006,
                      "Actual Rows": 1,
                      "Actual Loops": 39,
                      "Index Cond": "(id = mk.keyword_id)"
                    }
                  ]
                }
              ]
            },
            {
              "Node Type": "Index Scan",
              "Parent Relationship": "Inner",
              "Parallel Aware": false,
              "Scan Direction": "Forward",
              "Index Name": "link_type_pkey",
              "Relation Name": "link_type",
              "Alias": "lt",
              "Startup Cost": 10000000000.14,
              "Total Cost": 10000000012.45,
              "Plan Rows": 1,
              "Plan Width": 16,
              "Actual Startup Time": 0.014,
              "Actual Total Time": 0.02,
              "Actual Rows": 1,
              "Actual Loops": 1,
              "Filter": "((link)::text ~~ '%follows%'::text)",
              "Rows Removed by Filter": 17
            }
          ]
        }
      ]
    },
    "Planning Time": 16.475,
    "Triggers": [],
    "Execution Time": 22.409
  }
]