[
    {
        "Bao": {
            "Bao prediction": 2328.691,
            "Bao recommended hint": "(no hint)"
        }
    },
    {
        "Plan": {
            "Node Type": "Aggregate",
            "Strategy": "Plain",
            "Partial Mode": "Finalize",
            "Parallel Aware": false,
            "Startup Cost": 152427.59,
            "Total Cost": 152427.6,
            "Plan Rows": 1,
            "Plan Width": 64,
            "Actual Startup Time": 2042.737,
            "Actual Total Time": 2143.649,
            "Actual Rows": 1,
            "Actual Loops": 1,
            "Output": [
                "min(an1.name)",
                "min(t.title)"
            ],
            "Plans": [
                {
                    "Node Type": "Gather",
                    "Parent Relationship": "Outer",
                    "Parallel Aware": false,
                    "Startup Cost": 152427.26,
                    "Total Cost": 152427.57,
                    "Plan Rows": 3,
                    "Plan Width": 64,
                    "Actual Startup Time": 2039.429,
                    "Actual Total Time": 2143.632,
                    "Actual Rows": 4,
                    "Actual Loops": 1,
                    "Output": [
                        "(PARTIAL min(an1.name))",
                        "(PARTIAL min(t.title))"
                    ],
                    "Workers Planned": 3,
                    "Workers Launched": 3,
                    "Single Copy": false,
                    "Plans": [
                        {
                            "Node Type": "Aggregate",
                            "Strategy": "Plain",
                            "Partial Mode": "Partial",
                            "Parent Relationship": "Outer",
                            "Parallel Aware": false,
                            "Startup Cost": 151427.26,
                            "Total Cost": 151427.27,
                            "Plan Rows": 1,
                            "Plan Width": 64,
                            "Actual Startup Time": 2027.492,
                            "Actual Total Time": 2027.678,
                            "Actual Rows": 1,
                            "Actual Loops": 4,
                            "Output": [
                                "PARTIAL min(an1.name)",
                                "PARTIAL min(t.title)"
                            ],
                            "Workers": [
                                {
                                    "Worker Number": 0,
                                    "Actual Startup Time": 2023.891,
                                    "Actual Total Time": 2023.901,
                                    "Actual Rows": 1,
                                    "Actual Loops": 1
                                },
                                {
                                    "Worker Number": 1,
                                    "Actual Startup Time": 2024.78,
                                    "Actual Total Time": 2024.792,
                                    "Actual Rows": 1,
                                    "Actual Loops": 1
                                },
                                {
                                    "Worker Number": 2,
                                    "Actual Startup Time": 2024.067,
                                    "Actual Total Time": 2024.078,
                                    "Actual Rows": 1,
                                    "Actual Loops": 1
                                }
                            ],
                            "Plans": [
                                {
                                    "Node Type": "Hash Join",
                                    "Parent Relationship": "Outer",
                                    "Parallel Aware": true,
                                    "Join Type": "Inner",
                                    "Startup Cost": 135131.25,
                                    "Total Cost": 150574.72,
                                    "Plan Rows": 170508,
                                    "Plan Width": 33,
                                    "Actual Startup Time": 1923.385,
                                    "Actual Total Time": 2018.78,
                                    "Actual Rows": 101564,
                                    "Actual Loops": 4,
                                    "Output": [
                                        "an1.name",
                                        "t.title"
                                    ],
                                    "Inner Unique": false,
                                    "Hash Cond": "(an1.person_id = n1.id)",
                                    "Workers": [
                                        {
                                            "Worker Number": 0,
                                            "Actual Startup Time": 1919.964,
                                            "Actual Total Time": 2015.803,
                                            "Actual Rows": 109433,
                                            "Actual Loops": 1
                                        },
                                        {
                                            "Worker Number": 1,
                                            "Actual Startup Time": 1920.291,
                                            "Actual Total Time": 2016.501,
                                            "Actual Rows": 105236,
                                            "Actual Loops": 1
                                        },
                                        {
                                            "Worker Number": 2,
                                            "Actual Startup Time": 1920.103,
                                            "Actual Total Time": 2015.663,
                                            "Actual Rows": 108563,
                                            "Actual Loops": 1
                                        }
                                    ],
                                    "Plans": [
                                        {
                                            "Node Type": "Seq Scan",
                                            "Parent Relationship": "Outer",
                                            "Parallel Aware": true,
                                            "Relation Name": "aka_name",
                                            "Schema": "public",
                                            "Alias": "an1",
                                            "Startup Cost": 0.0,
                                            "Total Cost": 14303.56,
                                            "Plan Rows": 290756,
                                            "Plan Width": 20,
                                            "Actual Startup Time": 0.027,
                                            "Actual Total Time": 28.611,
                                            "Actual Rows": 225336,
                                            "Actual Loops": 4,
                                            "Output": [
                                                "an1.id",
                                                "an1.person_id",
                                                "an1.name",
                                                "an1.imdb_index",
                                                "an1.name_pcode_cf",
                                                "an1.name_pcode_nf",
                                                "an1.surname_pcode",
                                                "an1.md5sum"
                                            ],
                                            "Workers": [
                                                {
                                                    "Worker Number": 0,
                                                    "Actual Startup Time": 0.028,
                                                    "Actual Total Time": 28.496,
                                                    "Actual Rows": 251738,
                                                    "Actual Loops": 1
                                                },
                                                {
                                                    "Worker Number": 1,
                                                    "Actual Startup Time": 0.036,
                                                    "Actual Total Time": 28.814,
                                                    "Actual Rows": 242025,
                                                    "Actual Loops": 1
                                                },
                                                {
                                                    "Worker Number": 2,
                                                    "Actual Startup Time": 0.033,
                                                    "Actual Total Time": 28.561,
                                                    "Actual Rows": 235958,
                                                    "Actual Loops": 1
                                                }
                                            ]
                                        },
                                        {
                                            "Node Type": "Hash",
                                            "Parent Relationship": "Inner",
                                            "Parallel Aware": true,
                                            "Startup Cost": 134242.99,
                                            "Total Cost": 134242.99,
                                            "Plan Rows": 71061,
                                            "Plan Width": 25,
                                            "Actual Startup Time": 1920.687,
                                            "Actual Total Time": 1920.871,
                                            "Actual Rows": 127118,
                                            "Actual Loops": 4,
                                            "Output": [
                                                "ci.person_id",
                                                "n1.id",
                                                "t.title"
                                            ],
                                            "Hash Buckets": 524288,
                                            "Original Hash Buckets": 262144,
                                            "Hash Batches": 1,
                                            "Original Hash Batches": 1,
                                            "Peak Memory Usage": 37632,
                                            "Workers": [
                                                {
                                                    "Worker Number": 0,
                                                    "Actual Startup Time": 1919.349,
                                                    "Actual Total Time": 1919.357,
                                                    "Actual Rows": 163459,
                                                    "Actual Loops": 1
                                                },
                                                {
                                                    "Worker Number": 1,
                                                    "Actual Startup Time": 1919.562,
                                                    "Actual Total Time": 1919.573,
                                                    "Actual Rows": 120609,
                                                    "Actual Loops": 1
                                                },
                                                {
                                                    "Worker Number": 2,
                                                    "Actual Startup Time": 1919.563,
                                                    "Actual Total Time": 1919.572,
                                                    "Actual Rows": 112397,
                                                    "Actual Loops": 1
                                                }
                                            ],
                                            "Plans": [
                                                {
                                                    "Node Type": "Nested Loop",
                                                    "Parent Relationship": "Outer",
                                                    "Parallel Aware": false,
                                                    "Join Type": "Inner",
                                                    "Startup Cost": 4775.62,
                                                    "Total Cost": 134242.99,
                                                    "Plan Rows": 71061,
                                                    "Plan Width": 25,
                                                    "Actual Startup Time": 22.836,
                                                    "Actual Total Time": 1843.799,
                                                    "Actual Rows": 127118,
                                                    "Actual Loops": 4,
                                                    "Output": [
                                                        "ci.person_id",
                                                        "n1.id",
                                                        "t.title"
                                                    ],
                                                    "Inner Unique": true,
                                                    "Workers": [
                                                        {
                                                            "Worker Number": 0,
                                                            "Actual Startup Time": 21.173,
                                                            "Actual Total Time": 1838.003,
                                                            "Actual Rows": 163459,
                                                            "Actual Loops": 1
                                                        },
                                                        {
                                                            "Worker Number": 1,
                                                            "Actual Startup Time": 22.35,
                                                            "Actual Total Time": 1844.267,
                                                            "Actual Rows": 120609,
                                                            "Actual Loops": 1
                                                        },
                                                        {
                                                            "Worker Number": 2,
                                                            "Actual Startup Time": 22.139,
                                                            "Actual Total Time": 1843.549,
                                                            "Actual Rows": 112397,
                                                            "Actual Loops": 1
                                                        }
                                                    ],
                                                    "Plans": [
                                                        {
                                                            "Node Type": "Hash Join",
                                                            "Parent Relationship": "Outer",
                                                            "Parallel Aware": false,
                                                            "Join Type": "Inner",
                                                            "Startup Cost": 4775.19,
                                                            "Total Cost": 101889.44,
                                                            "Plan Rows": 71061,
                                                            "Plan Width": 21,
                                                            "Actual Startup Time": 22.695,
                                                            "Actual Total Time": 1409.099,
                                                            "Actual Rows": 127118,
                                                            "Actual Loops": 4,
                                                            "Output": [
                                                                "ci.person_id",
                                                                "t.title"
                                                            ],
                                                            "Inner Unique": true,
                                                            "Hash Cond": "(ci.role_id = rt.id)",
                                                            "Workers": [
                                                                {
                                                                    "Worker Number": 0,
                                                                    "Actual Startup Time": 21.022,
                                                                    "Actual Total Time": 1399.19,
                                                                    "Actual Rows": 163459,
                                                                    "Actual Loops": 1
                                                                },
                                                                {
                                                                    "Worker Number": 1,
                                                                    "Actual Startup Time": 22.212,
                                                                    "Actual Total Time": 1408.858,
                                                                    "Actual Rows": 120609,
                                                                    "Actual Loops": 1
                                                                },
                                                                {
                                                                    "Worker Number": 2,
                                                                    "Actual Startup Time": 21.953,
                                                                    "Actual Total Time": 1407.393,
                                                                    "Actual Rows": 112397,
                                                                    "Actual Loops": 1
                                                                }
                                                            ],
                                                            "Plans": [
                                                                {
                                                                    "Node Type": "Nested Loop",
                                                                    "Parent Relationship": "Outer",
                                                                    "Parallel Aware": false,
                                                                    "Join Type": "Inner",
                                                                    "Startup Cost": 4774.03,
                                                                    "Total Cost": 98859.3,
                                                                    "Plan Rows": 852732,
                                                                    "Plan Width": 25,
                                                                    "Actual Startup Time": 21.784,
                                                                    "Actual Total Time": 1325.919,
                                                                    "Actual Rows": 668023,
                                                                    "Actual Loops": 4,
                                                                    "Output": [
                                                                        "ci.person_id",
                                                                        "ci.role_id",
                                                                        "t.title"
                                                                    ],
                                                                    "Inner Unique": false,
                                                                    "Workers": [
                                                                        {
                                                                            "Worker Number": 0,
                                                                            "Actual Startup Time": 20.56,
                                                                            "Actual Total Time": 1323.037,
                                                                            "Actual Rows": 849681,
                                                                            "Actual Loops": 1
                                                                        },
                                                                        {
                                                                            "Worker Number": 1,
                                                                            "Actual Startup Time": 20.672,
                                                                            "Actual Total Time": 1324.694,
                                                                            "Actual Rows": 630806,
                                                                            "Actual Loops": 1
                                                                        },
                                                                        {
                                                                            "Worker Number": 2,
                                                                            "Actual Startup Time": 20.6,
                                                                            "Actual Total Time": 1322.538,
                                                                            "Actual Rows": 585374,
                                                                            "Actual Loops": 1
                                                                        }
                                                                    ],
                                                                    "Plans": [
                                                                        {
                                                                            "Node Type": "Nested Loop",
                                                                            "Parent Relationship": "Outer",
                                                                            "Parallel Aware": false,
                                                                            "Join Type": "Inner",
                                                                            "Startup Cost": 4773.46,
                                                                            "Total Cost": 46795.46,
                                                                            "Plan Rows": 24408,
                                                                            "Plan Width": 25,
                                                                            "Actual Startup Time": 21.622,
                                                                            "Actual Total Time": 305.768,
                                                                            "Actual Rows": 26249,
                                                                            "Actual Loops": 4,
                                                                            "Output": [
                                                                                "mc.movie_id",
                                                                                "t.title",
                                                                                "t.id"
                                                                            ],
                                                                            "Inner Unique": true,
                                                                            "Workers": [
                                                                                {
                                                                                    "Worker Number": 0,
                                                                                    "Actual Startup Time": 20.336,
                                                                                    "Actual Total Time": 301.817,
                                                                                    "Actual Rows": 33651,
                                                                                    "Actual Loops": 1
                                                                                },
                                                                                {
                                                                                    "Worker Number": 1,
                                                                                    "Actual Startup Time": 20.511,
                                                                                    "Actual Total Time": 300.611,
                                                                                    "Actual Rows": 25046,
                                                                                    "Actual Loops": 1
                                                                                },
                                                                                {
                                                                                    "Worker Number": 2,
                                                                                    "Actual Startup Time": 20.428,
                                                                                    "Actual Total Time": 301.275,
                                                                                    "Actual Rows": 22874,
                                                                                    "Actual Loops": 1
                                                                                }
                                                                            ],
                                                                            "Plans": [
                                                                                {
                                                                                    "Node Type": "Hash Join",
                                                                                    "Parent Relationship": "Outer",
                                                                                    "Parallel Aware": true,
                                                                                    "Join Type": "Inner",
                                                                                    "Startup Cost": 4773.03,
                                                                                    "Total Cost": 34188.97,
                                                                                    "Plan Rows": 24408,
                                                                                    "Plan Width": 4,
                                                                                    "Actual Startup Time": 21.499,
                                                                                    "Actual Total Time": 181.617,
                                                                                    "Actual Rows": 26249,
                                                                                    "Actual Loops": 4,
                                                                                    "Output": [
                                                                                        "mc.movie_id"
                                                                                    ],
                                                                                    "Inner Unique": true,
                                                                                    "Hash Cond": "(mc.company_id = cn.id)",
                                                                                    "Workers": [
                                                                                        {
                                                                                            "Worker Number": 0,
                                                                                            "Actual Startup Time": 20.203,
                                                                                            "Actual Total Time": 181.565,
                                                                                            "Actual Rows": 33651,
                                                                                            "Actual Loops": 1
                                                                                        },
                                                                                        {
                                                                                            "Worker Number": 1,
                                                                                            "Actual Startup Time": 20.361,
                                                                                            "Actual Total Time": 173.99,
                                                                                            "Actual Rows": 25046,
                                                                                            "Actual Loops": 1
                                                                                        },
                                                                                        {
                                                                                            "Worker Number": 2,
                                                                                            "Actual Startup Time": 20.284,
                                                                                            "Actual Total Time": 176.522,
                                                                                            "Actual Rows": 22874,
                                                                                            "Actual Loops": 1
                                                                                        }
                                                                                    ],
                                                                                    "Plans": [
                                                                                        {
                                                                                            "Node Type": "Seq Scan",
                                                                                            "Parent Relationship": "Outer",
                                                                                            "Parallel Aware": true,
                                                                                            "Relation Name": "movie_companies",
                                                                                            "Schema": "public",
                                                                                            "Alias": "mc",
                                                                                            "Startup Cost": 0.0,
                                                                                            "Total Cost": 27206.55,
                                                                                            "Plan Rows": 841655,
                                                                                            "Plan Width": 8,
                                                                                            "Actual Startup Time": 0.026,
                                                                                            "Actual Total Time": 70.963,
                                                                                            "Actual Rows": 652282,
                                                                                            "Actual Loops": 4,
                                                                                            "Output": [
                                                                                                "mc.id",
                                                                                                "mc.movie_id",
                                                                                                "mc.company_id",
                                                                                                "mc.company_type_id",
                                                                                                "mc.note"
                                                                                            ],
                                                                                            "Workers": [
                                                                                                {
                                                                                                    "Worker Number": 0,
                                                                                                    "Actual Startup Time": 0.028,
                                                                                                    "Actual Total Time": 72.468,
                                                                                                    "Actual Rows": 880649,
                                                                                                    "Actual Loops": 1
                                                                                                },
                                                                                                {
                                                                                                    "Worker Number": 1,
                                                                                                    "Actual Startup Time": 0.037,
                                                                                                    "Actual Total Time": 69.188,
                                                                                                    "Actual Rows": 596555,
                                                                                                    "Actual Loops": 1
                                                                                                },
                                                                                                {
                                                                                                    "Worker Number": 2,
                                                                                                    "Actual Startup Time": 0.026,
                                                                                                    "Actual Total Time": 70.471,
                                                                                                    "Actual Rows": 546160,
                                                                                                    "Actual Loops": 1
                                                                                                }
                                                                                            ]
                                                                                        },
                                                                                        {
                                                                                            "Node Type": "Hash",
                                                                                            "Parent Relationship": "Inner",
                                                                                            "Parallel Aware": true,
                                                                                            "Startup Cost": 4722.92,
                                                                                            "Total Cost": 4722.92,
                                                                                            "Plan Rows": 4009,
                                                                                            "Plan Width": 4,
                                                                                            "Actual Startup Time": 21.264,
                                                                                            "Actual Total Time": 21.265,
                                                                                            "Actual Rows": 1688,
                                                                                            "Actual Loops": 4,
                                                                                            "Output": [
                                                                                                "cn.id"
                                                                                            ],
                                                                                            "Hash Buckets": 8192,
                                                                                            "Original Hash Buckets": 8192,
                                                                                            "Hash Batches": 1,
                                                                                            "Original Hash Batches": 1,
                                                                                            "Peak Memory Usage": 352,
                                                                                            "Workers": [
                                                                                                {
                                                                                                    "Worker Number": 0,
                                                                                                    "Actual Startup Time": 19.989,
                                                                                                    "Actual Total Time": 19.99,
                                                                                                    "Actual Rows": 1408,
                                                                                                    "Actual Loops": 1
                                                                                                },
                                                                                                {
                                                                                                    "Worker Number": 1,
                                                                                                    "Actual Startup Time": 20.093,
                                                                                                    "Actual Total Time": 20.094,
                                                                                                    "Actual Rows": 1528,
                                                                                                    "Actual Loops": 1
                                                                                                },
                                                                                                {
                                                                                                    "Worker Number": 2,
                                                                                                    "Actual Startup Time": 20.106,
                                                                                                    "Actual Total Time": 20.107,
                                                                                                    "Actual Rows": 1462,
                                                                                                    "Actual Loops": 1
                                                                                                }
                                                                                            ],
                                                                                            "Plans": [
                                                                                                {
                                                                                                    "Node Type": "Seq Scan",
                                                                                                    "Parent Relationship": "Outer",
                                                                                                    "Parallel Aware": true,
                                                                                                    "Relation Name": "company_name",
                                                                                                    "Schema": "public",
                                                                                                    "Alias": "cn",
                                                                                                    "Startup Cost": 0.0,
                                                                                                    "Total Cost": 4722.92,
                                                                                                    "Plan Rows": 4009,
                                                                                                    "Plan Width": 4,
                                                                                                    "Actual Startup Time": 0.066,
                                                                                                    "Actual Total Time": 19.891,
                                                                                                    "Actual Rows": 1688,
                                                                                                    "Actual Loops": 4,
                                                                                                    "Output": [
                                                                                                        "cn.id"
                                                                                                    ],
                                                                                                    "Filter": "((cn.country_code)::text = '[jp]'::text)",
                                                                                                    "Rows Removed by Filter": 57061,
                                                                                                    "Workers": [
                                                                                                        {
                                                                                                            "Worker Number": 0,
                                                                                                            "Actual Startup Time": 0.067,
                                                                                                            "Actual Total Time": 18.715,
                                                                                                            "Actual Rows": 1408,
                                                                                                            "Actual Loops": 1
                                                                                                        },
                                                                                                        {
                                                                                                            "Worker Number": 1,
                                                                                                            "Actual Startup Time": 0.089,
                                                                                                            "Actual Total Time": 18.742,
                                                                                                            "Actual Rows": 1528,
                                                                                                            "Actual Loops": 1
                                                                                                        },
                                                                                                        {
                                                                                                            "Worker Number": 2,
                                                                                                            "Actual Startup Time": 0.073,
                                                                                                            "Actual Total Time": 18.82,
                                                                                                            "Actual Rows": 1462,
                                                                                                            "Actual Loops": 1
                                                                                                        }
                                                                                                    ]
                                                                                                }
                                                                                            ]
                                                                                        }
                                                                                    ]
                                                                                },
                                                                                {
                                                                                    "Node Type": "Index Scan",
                                                                                    "Parent Relationship": "Inner",
                                                                                    "Parallel Aware": false,
                                                                                    "Scan Direction": "Forward",
                                                                                    "Index Name": "title_pkey",
                                                                                    "Relation Name": "title",
                                                                                    "Schema": "public",
                                                                                    "Alias": "t",
                                                                                    "Startup Cost": 0.43,
                                                                                    "Total Cost": 0.52,
                                                                                    "Plan Rows": 1,
                                                                                    "Plan Width": 21,
                                                                                    "Actual Startup Time": 0.004,
                                                                                    "Actual Total Time": 0.004,
                                                                                    "Actual Rows": 1,
                                                                                    "Actual Loops": 104995,
                                                                                    "Output": [
                                                                                        "t.id",
                                                                                        "t.title",
                                                                                        "t.imdb_index",
                                                                                        "t.kind_id",
                                                                                        "t.production_year",
                                                                                        "t.imdb_id",
                                                                                        "t.phonetic_code",
                                                                                        "t.episode_of_id",
                                                                                        "t.season_nr",
                                                                                        "t.episode_nr",
                                                                                        "t.series_years",
                                                                                        "t.md5sum"
                                                                                    ],
                                                                                    "Index Cond": "(t.id = mc.movie_id)",
                                                                                    "Rows Removed by Index Recheck": 0,
                                                                                    "Workers": [
                                                                                        {
                                                                                            "Worker Number": 0,
                                                                                            "Actual Startup Time": 0.003,
                                                                                            "Actual Total Time": 0.003,
                                                                                            "Actual Rows": 1,
                                                                                            "Actual Loops": 33651
                                                                                        },
                                                                                        {
                                                                                            "Worker Number": 1,
                                                                                            "Actual Startup Time": 0.005,
                                                                                            "Actual Total Time": 0.005,
                                                                                            "Actual Rows": 1,
                                                                                            "Actual Loops": 25046
                                                                                        },
                                                                                        {
                                                                                            "Worker Number": 2,
                                                                                            "Actual Startup Time": 0.005,
                                                                                            "Actual Total Time": 0.005,
                                                                                            "Actual Rows": 1,
                                                                                            "Actual Loops": 22874
                                                                                        }
                                                                                    ]
                                                                                }
                                                                            ]
                                                                        },
                                                                        {
                                                                            "Node Type": "Index Scan",
                                                                            "Parent Relationship": "Inner",
                                                                            "Parallel Aware": false,
                                                                            "Scan Direction": "Forward",
                                                                            "Index Name": "movie_id_cast_info",
                                                                            "Relation Name": "cast_info",
                                                                            "Schema": "public",
                                                                            "Alias": "ci",
                                                                            "Startup Cost": 0.56,
                                                                            "Total Cost": 1.78,
                                                                            "Plan Rows": 35,
                                                                            "Plan Width": 12,
                                                                            "Actual Startup Time": 0.006,
                                                                            "Actual Total Time": 0.034,
                                                                            "Actual Rows": 25,
                                                                            "Actual Loops": 104995,
                                                                            "Output": [
                                                                                "ci.id",
                                                                                "ci.person_id",
                                                                                "ci.movie_id",
                                                                                "ci.person_role_id",
                                                                                "ci.note",
                                                                                "ci.nr_order",
                                                                                "ci.role_id"
                                                                            ],
                                                                            "Index Cond": "(ci.movie_id = t.id)",
                                                                            "Rows Removed by Index Recheck": 0,
                                                                            "Workers": [
                                                                                {
                                                                                    "Worker Number": 0,
                                                                                    "Actual Startup Time": 0.005,
                                                                                    "Actual Total Time": 0.027,
                                                                                    "Actual Rows": 25,
                                                                                    "Actual Loops": 33651
                                                                                },
                                                                                {
                                                                                    "Worker Number": 1,
                                                                                    "Actual Startup Time": 0.007,
                                                                                    "Actual Total Time": 0.036,
                                                                                    "Actual Rows": 25,
                                                                                    "Actual Loops": 25046
                                                                                },
                                                                                {
                                                                                    "Worker Number": 2,
                                                                                    "Actual Startup Time": 0.007,
                                                                                    "Actual Total Time": 0.04,
                                                                                    "Actual Rows": 26,
                                                                                    "Actual Loops": 22874
                                                                                }
                                                                            ]
                                                                        }
                                                                    ]
                                                                },
                                                                {
                                                                    "Node Type": "Hash",
                                                                    "Parent Relationship": "Inner",
                                                                    "Parallel Aware": false,
                                                                    "Startup Cost": 1.15,
                                                                    "Total Cost": 1.15,
                                                                    "Plan Rows": 1,
                                                                    "Plan Width": 4,
                                                                    "Actual Startup Time": 0.114,
                                                                    "Actual Total Time": 0.114,
                                                                    "Actual Rows": 1,
                                                                    "Actual Loops": 4,
                                                                    "Output": [
                                                                        "rt.id"
                                                                    ],
                                                                    "Hash Buckets": 1024,
                                                                    "Original Hash Buckets": 1024,
                                                                    "Hash Batches": 1,
                                                                    "Original Hash Batches": 1,
                                                                    "Peak Memory Usage": 9,
                                                                    "Workers": [
                                                                        {
                                                                            "Worker Number": 0,
                                                                            "Actual Startup Time": 0.103,
                                                                            "Actual Total Time": 0.104,
                                                                            "Actual Rows": 1,
                                                                            "Actual Loops": 1
                                                                        },
                                                                        {
                                                                            "Worker Number": 1,
                                                                            "Actual Startup Time": 0.146,
                                                                            "Actual Total Time": 0.147,
                                                                            "Actual Rows": 1,
                                                                            "Actual Loops": 1
                                                                        },
                                                                        {
                                                                            "Worker Number": 2,
                                                                            "Actual Startup Time": 0.152,
                                                                            "Actual Total Time": 0.153,
                                                                            "Actual Rows": 1,
                                                                            "Actual Loops": 1
                                                                        }
                                                                    ],
                                                                    "Plans": [
                                                                        {
                                                                            "Node Type": "Seq Scan",
                                                                            "Parent Relationship": "Outer",
                                                                            "Parallel Aware": false,
                                                                            "Relation Name": "role_type",
                                                                            "Schema": "public",
                                                                            "Alias": "rt",
                                                                            "Startup Cost": 0.0,
                                                                            "Total Cost": 1.15,
                                                                            "Plan Rows": 1,
                                                                            "Plan Width": 4,
                                                                            "Actual Startup Time": 0.088,
                                                                            "Actual Total Time": 0.093,
                                                                            "Actual Rows": 1,
                                                                            "Actual Loops": 4,
                                                                            "Output": [
                                                                                "rt.id"
                                                                            ],
                                                                            "Filter": "((rt.role)::text = 'actress'::text)",
                                                                            "Rows Removed by Filter": 11,
                                                                            "Workers": [
                                                                                {
                                                                                    "Worker Number": 0,
                                                                                    "Actual Startup Time": 0.078,
                                                                                    "Actual Total Time": 0.083,
                                                                                    "Actual Rows": 1,
                                                                                    "Actual Loops": 1
                                                                                },
                                                                                {
                                                                                    "Worker Number": 1,
                                                                                    "Actual Startup Time": 0.118,
                                                                                    "Actual Total Time": 0.123,
                                                                                    "Actual Rows": 1,
                                                                                    "Actual Loops": 1
                                                                                },
                                                                                {
                                                                                    "Worker Number": 2,
                                                                                    "Actual Startup Time": 0.125,
                                                                                    "Actual Total Time": 0.13,
                                                                                    "Actual Rows": 1,
                                                                                    "Actual Loops": 1
                                                                                }
                                                                            ]
                                                                        }
                                                                    ]
                                                                }
                                                            ]
                                                        },
                                                        {
                                                            "Node Type": "Index Only Scan",
                                                            "Parent Relationship": "Inner",
                                                            "Parallel Aware": false,
                                                            "Scan Direction": "Forward",
                                                            "Index Name": "name_pkey",
                                                            "Relation Name": "name",
                                                            "Schema": "public",
                                                            "Alias": "n1",
                                                            "Startup Cost": 0.43,
                                                            "Total Cost": 0.46,
                                                            "Plan Rows": 1,
                                                            "Plan Width": 4,
                                                            "Actual Startup Time": 0.003,
                                                            "Actual Total Time": 0.003,
                                                            "Actual Rows": 1,
                                                            "Actual Loops": 508471,
                                                            "Output": [
                                                                "n1.id"
                                                            ],
                                                            "Index Cond": "(n1.id = ci.person_id)",
                                                            "Rows Removed by Index Recheck": 0,
                                                            "Heap Fetches": 508471,
                                                            "Workers": [
                                                                {
                                                                    "Worker Number": 0,
                                                                    "Actual Startup Time": 0.002,
                                                                    "Actual Total Time": 0.002,
                                                                    "Actual Rows": 1,
                                                                    "Actual Loops": 163459
                                                                },
                                                                {
                                                                    "Worker Number": 1,
                                                                    "Actual Startup Time": 0.003,
                                                                    "Actual Total Time": 0.003,
                                                                    "Actual Rows": 1,
                                                                    "Actual Loops": 120609
                                                                },
                                                                {
                                                                    "Worker Number": 2,
                                                                    "Actual Startup Time": 0.003,
                                                                    "Actual Total Time": 0.003,
                                                                    "Actual Rows": 1,
                                                                    "Actual Loops": 112397
                                                                }
                                                            ]
                                                        }
                                                    ]
                                                }
                                            ]
                                        }
                                    ]
                                }
                            ]
                        }
                    ]
                }
            ]
        },
        "Planning Time": 1400.906,
        "Triggers": [],
        "Execution Time": 2144.658
    }
]