{
  "Plan": {
    "Node Type": "Aggregate",
    "Strategy": "Plain",
    "Partial Mode": "Finalize",
    "Parallel Aware": false,
    "Startup Cost": 80967.61,
    "Total Cost": 80967.62,
    "Plan Rows": 1,
    "Plan Width": 8,
    "Actual Startup Time": 141.239,
    "Actual Total Time": 153.552,
    "Actual Rows": 1,
    "Actual Loops": 1,
    "Plans": [
      {
        "Node Type": "Gather",
        "Parent Relationship": "Outer",
        "Parallel Aware": false,
        "Startup Cost": 80967.5,
        "Total Cost": 80967.61,
        "Plan Rows": 1,
        "Plan Width": 8,
        "Actual Startup Time": 141.095,
        "Actual Total Time": 153.546,
        "Actual Rows": 2,
        "Actual Loops": 1,
        "Workers Planned": 1,
        "Workers Launched": 1,
        "Single Copy": false,
        "Plans": [
          {
            "Node Type": "Aggregate",
            "Strategy": "Plain",
            "Partial Mode": "Partial",
            "Parent Relationship": "Outer",
            "Parallel Aware": false,
            "Startup Cost": 79967.5,
            "Total Cost": 79967.51,
            "Plan Rows": 1,
            "Plan Width": 8,
            "Actual Startup Time": 135.509,
            "Actual Total Time": 135.513,
            "Actual Rows": 1,
            "Actual Loops": 2,
            "Plans": [
              {
                "Node Type": "Hash Join",
                "Parent Relationship": "Outer",
                "Parallel Aware": true,
                "Join Type": "Inner",
                "Startup Cost": 60859.07,
                "Total Cost": 79964.59,
                "Plan Rows": 1164,
                "Plan Width": 0,
                "Actual Startup Time": 66.224,
                "Actual Total Time": 135.265,
                "Actual Rows": 4214,
                "Actual Loops": 2,
                "Inner Unique": false,
                "Hash Cond": "(mi_idx.movie_id = t.id)",
                "Plans": [
                  {
                    "Node Type": "Seq Scan",
                    "Parent Relationship": "Outer",
                    "Parallel Aware": true,
                    "Relation Name": "movie_info_idx",
                    "Alias": "mi_idx",
                    "Startup Cost": 0.0,
                    "Total Cost": 18082.32,
                    "Plan Rows": 271028,
                    "Plan Width": 4,
                    "Actual Startup Time": 0.015,
                    "Actual Total Time": 50.461,
                    "Actual Rows": 229962,
                    "Actual Loops": 2,
                    "Filter": "(info_type_id = 101)",
                    "Rows Removed by Filter": 460055
                  },
                  {
                    "Node Type": "Hash",
                    "Parent Relationship": "Inner",
                    "Parallel Aware": true,
                    "Startup Cost": 60779.24,
                    "Total Cost": 60779.24,
                    "Plan Rows": 6386,
                    "Plan Width": 8,
                    "Actual Startup Time": 65.195,
                    "Actual Total Time": 65.197,
                    "Actual Rows": 5400,
                    "Actual Loops": 2,
                    "Hash Buckets": 16384,
                    "Original Hash Buckets": 16384,
                    "Hash Batches": 1,
                    "Original Hash Batches": 1,
                    "Peak Memory Usage": 576,
                    "Plans": [
                      {
                        "Node Type": "Nested Loop",
                        "Parent Relationship": "Outer",
                        "Parallel Aware": false,
                        "Join Type": "Inner",
                        "Startup Cost": 233.0,
                        "Total Cost": 60779.24,
                        "Plan Rows": 6386,
                        "Plan Width": 8,
                        "Actual Startup Time": 10.312,
                        "Actual Total Time": 63.194,
                        "Actual Rows": 5400,
                        "Actual Loops": 2,
                        "Inner Unique": true,
                        "Plans": [
                          {
                            "Node Type": "Bitmap Heap Scan",
                            "Parent Relationship": "Outer",
                            "Parallel Aware": true,
                            "Relation Name": "movie_keyword",
                            "Alias": "mk",
                            "Startup Cost": 232.57,
                            "Total Cost": 19785.49,
                            "Plan Rows": 6386,
                            "Plan Width": 4,
                            "Actual Startup Time": 10.164,
                            "Actual Total Time": 24.676,
                            "Actual Rows": 5400,
                            "Actual Loops": 2,
                            "Recheck Cond": "(keyword_id = 347)",
                            "Rows Removed by Index Recheck": 0,
                            "Exact Heap Blocks": 6245,
                            "Lossy Heap Blocks": 0,
                            "Plans": [
                              {
                                "Node Type": "Bitmap Index Scan",
                                "Parent Relationship": "Outer",
                                "Parallel Aware": false,
                                "Index Name": "keyword_id_movie_keyword",
                                "Startup Cost": 0.0,
                                "Total Cost": 229.86,
                                "Plan Rows": 10857,
                                "Plan Width": 0,
                                "Actual Startup Time": 10.846,
                                "Actual Total Time": 10.846,
                                "Actual Rows": 10799,
                                "Actual Loops": 1,
                                "Index Cond": "(keyword_id = 347)"
                              }
                            ]
                          },
                          {
                            "Node Type": "Index Only Scan",
                            "Parent Relationship": "Inner",
                            "Parallel Aware": false,
                            "Scan Direction": "Forward",
                            "Index Name": "title_pkey",
                            "Relation Name": "title",
                            "Alias": "t",
                            "Startup Cost": 0.43,
                            "Total Cost": 6.42,
                            "Plan Rows": 1,
                            "Plan Width": 4,
                            "Actual Startup Time": 0.007,
                            "Actual Total Time": 0.007,
                            "Actual Rows": 1,
                            "Actual Loops": 10799,
                            "Index Cond": "(id = mk.movie_id)",
                            "Rows Removed by Index Recheck": 0,
                            "Heap Fetches": 10799
                          }
                        ]
                      }
                    ]
                  }
                ]
              }
            ]
          }
        ]
      }
    ]
  },
  "Planning Time": 1.103,
  "Triggers": [],
  "Execution Time": 153.656
}