[
  {
    "Plan": {
      "Node Type": "Aggregate",
      "Strategy": "Plain",
      "Partial Mode": "Simple",
      "Parallel Aware": false,
      "Startup Cost": 2569.61,
      "Total Cost": 2569.62,
      "Plan Rows": 1,
      "Plan Width": 8,
      "Actual Startup Time": 2.813,
      "Actual Total Time": 2.815,
      "Actual Rows": 1,
      "Actual Loops": 1,
      "Plans": [
        {
          "Node Type": "Nested Loop",
          "Parent Relationship": "Outer",
          "Parallel Aware": false,
          "Join Type": "Inner",
          "Startup Cost": 1.42,
          "Total Cost": 2569.53,
          "Plan Rows": 31,
          "Plan Width": 0,
          "Actual Startup Time": 0.614,
          "Actual Total Time": 2.783,
          "Actual Rows": 64,
          "Actual Loops": 1,
          "Inner Unique": true,
          "Join Filter": "(ci.movie_id = t.id)",
          "Rows Removed by Join Filter": 0,
          "Plans": [
            {
              "Node Type": "Nested Loop",
              "Parent Relationship": "Outer",
              "Parallel Aware": false,
              "Join Type": "Inner",
              "Startup Cost": 0.99,
              "Total Cost": 2501.91,
              "Plan Rows": 79,
              "Plan Width": 8,
              "Actual Startup Time": 0.591,
              "Actual Total Time": 1.961,
              "Actual Rows": 64,
              "Actual Loops": 1,
              "Inner Unique": false,
              "Plans": [
                {
                  "Node Type": "Index Scan",
                  "Parent Relationship": "Outer",
                  "Parallel Aware": false,
                  "Scan Direction": "Forward",
                  "Index Name": "person_id_cast_info",
                  "Relation Name": "cast_info",
                  "Alias": "ci",
                  "Startup Cost": 0.56,
                  "Total Cost": 1059.67,
                  "Plan Rows": 171,
                  "Plan Width": 4,
                  "Actual Startup Time": 0.548,
                  "Actual Total Time": 0.626,
                  "Actual Rows": 108,
                  "Actual Loops": 1,
                  "Index Cond": "(person_id = 22853)",
                  "Rows Removed by Index Recheck": 0,
                  "Filter": "(role_id = 1)",
                  "Rows Removed by Filter": 0
                },
                {
                  "Node Type": "Index Scan",
                  "Parent Relationship": "Inner",
                  "Parallel Aware": false,
                  "Scan Direction": "Forward",
                  "Index Name": "movie_id_movie_info_idx",
                  "Relation Name": "movie_info_idx",
                  "Alias": "mi_idx",
                  "Startup Cost": 0.43,
                  "Total Cost": 8.42,
                  "Plan Rows": 1,
                  "Plan Width": 4,
                  "Actual Startup Time": 0.011,
                  "Actual Total Time": 0.011,
                  "Actual Rows": 1,
                  "Actual Loops": 108,
                  "Index Cond": "(movie_id = ci.movie_id)",
                  "Rows Removed by Index Recheck": 0,
                  "Filter": "(info_type_id = 99)",
                  "Rows Removed by Filter": 1
                }
              ]
            },
            {
              "Node Type": "Index Only Scan",
              "Parent Relationship": "Inner",
              "Parallel Aware": false,
              "Scan Direction": "Forward",
              "Index Name": "title_pkey",
              "Relation Name": "title",
              "Alias": "t",
              "Startup Cost": 0.43,
              "Total Cost": 0.84,
              "Plan Rows": 1,
              "Plan Width": 4,
              "Actual Startup Time": 0.012,
              "Actual Total Time": 0.012,
              "Actual Rows": 1,
              "Actual Loops": 64,
              "Index Cond": "(id = mi_idx.movie_id)",
              "Rows Removed by Index Recheck": 0,
              "Heap Fetches": 64
            }
          ]
        }
      ]
    },
    "Planning Time": 1.333,
    "Triggers": [],
    "Execution Time": 2.891
  }
]