{
  "Plan": {
    "Node Type": "Aggregate",
    "Strategy": "Plain",
    "Partial Mode": "Finalize",
    "Parallel Aware": false,
    "Startup Cost": 583080.03,
    "Total Cost": 583080.04,
    "Plan Rows": 1,
    "Plan Width": 8,
    "Actual Startup Time": 4246.159,
    "Actual Total Time": 4312.465,
    "Actual Rows": 1,
    "Actual Loops": 1,
    "Plans": [
      {
        "Node Type": "Gather",
        "Parent Relationship": "Outer",
        "Parallel Aware": false,
        "Startup Cost": 583079.92,
        "Total Cost": 583080.03,
        "Plan Rows": 1,
        "Plan Width": 8,
        "Actual Startup Time": 4245.415,
        "Actual Total Time": 4312.452,
        "Actual Rows": 2,
        "Actual Loops": 1,
        "Workers Planned": 1,
        "Workers Launched": 1,
        "Single Copy": false,
        "Plans": [
          {
            "Node Type": "Aggregate",
            "Strategy": "Plain",
            "Partial Mode": "Partial",
            "Parent Relationship": "Outer",
            "Parallel Aware": false,
            "Startup Cost": 582079.92,
            "Total Cost": 582079.93,
            "Plan Rows": 1,
            "Plan Width": 8,
            "Actual Startup Time": 4239.832,
            "Actual Total Time": 4239.836,
            "Actual Rows": 1,
            "Actual Loops": 2,
            "Plans": [
              {
                "Node Type": "Hash Join",
                "Parent Relationship": "Outer",
                "Parallel Aware": true,
                "Join Type": "Inner",
                "Startup Cost": 56077.9,
                "Total Cost": 577811.26,
                "Plan Rows": 1707465,
                "Plan Width": 0,
                "Actual Startup Time": 204.211,
                "Actual Total Time": 4192.32,
                "Actual Rows": 1032690,
                "Actual Loops": 2,
                "Inner Unique": true,
                "Hash Cond": "(ci.movie_id = t.id)",
                "Plans": [
                  {
                    "Node Type": "Seq Scan",
                    "Parent Relationship": "Outer",
                    "Parallel Aware": true,
                    "Relation Name": "cast_info",
                    "Alias": "ci",
                    "Startup Cost": 0.0,
                    "Total Cost": 465792.95,
                    "Plan Rows": 21310595,
                    "Plan Width": 4,
                    "Actual Startup Time": 0.015,
                    "Actual Total Time": 1463.617,
                    "Actual Rows": 18122172,
                    "Actual Loops": 2
                  },
                  {
                    "Node Type": "Hash",
                    "Parent Relationship": "Inner",
                    "Parallel Aware": true,
                    "Startup Cost": 54588.39,
                    "Total Cost": 54588.39,
                    "Plan Rows": 119161,
                    "Plan Width": 4,
                    "Actual Startup Time": 200.277,
                    "Actual Total Time": 200.277,
                    "Actual Rows": 105812,
                    "Actual Loops": 2,
                    "Hash Buckets": 262144,
                    "Original Hash Buckets": 262144,
                    "Hash Batches": 1,
                    "Original Hash Batches": 1,
                    "Peak Memory Usage": 10368,
                    "Plans": [
                      {
                        "Node Type": "Seq Scan",
                        "Parent Relationship": "Outer",
                        "Parallel Aware": true,
                        "Relation Name": "title",
                        "Alias": "t",
                        "Startup Cost": 0.0,
                        "Total Cost": 54588.39,
                        "Plan Rows": 119161,
                        "Plan Width": 4,
                        "Actual Startup Time": 0.04,
                        "Actual Total Time": 165.08,
                        "Actual Rows": 105812,
                        "Actual Loops": 2,
                        "Filter": "(production_year < 1957)",
                        "Rows Removed by Filter": 1158344
                      }
                    ]
                  }
                ]
              }
            ]
          }
        ]
      }
    ]
  },
  "Planning Time": 0.58,
  "Triggers": [],
  "Execution Time": 4312.552
}