[
  {
    "Plan": {
      "Node Type": "Aggregate",
      "Strategy": "Plain",
      "Partial Mode": "Finalize",
      "Parallel Aware": false,
      "Startup Cost": 65059.03,
      "Total Cost": 65059.04,
      "Plan Rows": 1,
      "Plan Width": 8,
      "Actual Startup Time": 476.346,
      "Actual Total Time": 491.092,
      "Actual Rows": 1,
      "Actual Loops": 1,
      "Plans": [
        {
          "Node Type": "Gather",
          "Parent Relationship": "Outer",
          "Parallel Aware": false,
          "Startup Cost": 65058.81,
          "Total Cost": 65059.02,
          "Plan Rows": 2,
          "Plan Width": 8,
          "Actual Startup Time": 471.749,
          "Actual Total Time": 491.083,
          "Actual Rows": 3,
          "Actual Loops": 1,
          "Workers Planned": 2,
          "Workers Launched": 2,
          "Single Copy": false,
          "Plans": [
            {
              "Node Type": "Aggregate",
              "Strategy": "Plain",
              "Partial Mode": "Partial",
              "Parent Relationship": "Outer",
              "Parallel Aware": false,
              "Startup Cost": 64058.81,
              "Total Cost": 64058.82,
              "Plan Rows": 1,
              "Plan Width": 8,
              "Actual Startup Time": 465.356,
              "Actual Total Time": 465.363,
              "Actual Rows": 1,
              "Actual Loops": 3,
              "Plans": [
                {
                  "Node Type": "Hash Join",
                  "Parent Relationship": "Outer",
                  "Parallel Aware": true,
                  "Join Type": "Inner",
                  "Startup Cost": 48100.0,
                  "Total Cost": 63294.56,
                  "Plan Rows": 305702,
                  "Plan Width": 0,
                  "Actual Startup Time": 304.886,
                  "Actual Total Time": 451.285,
                  "Actual Rows": 297079,
                  "Actual Loops": 3,
                  "Inner Unique": true,
                  "Hash Cond": "(mi_idx.movie_id = t.id)",
                  "Plans": [
                    {
                      "Node Type": "Seq Scan",
                      "Parent Relationship": "Outer",
                      "Parallel Aware": true,
                      "Relation Name": "movie_info_idx",
                      "Alias": "mi_idx",
                      "Startup Cost": 0.0,
                      "Total Cost": 13685.15,
                      "Plan Rows": 575015,
                      "Plan Width": 4,
                      "Actual Startup Time": 0.014,
                      "Actual Total Time": 41.968,
                      "Actual Rows": 460012,
                      "Actual Loops": 3
                    },
                    {
                      "Node Type": "Hash",
                      "Parent Relationship": "Inner",
                      "Parallel Aware": true,
                      "Startup Cost": 43899.32,
                      "Total Cost": 43899.32,
                      "Plan Rows": 336054,
                      "Plan Width": 4,
                      "Actual Startup Time": 299.264,
                      "Actual Total Time": 299.265,
                      "Actual Rows": 449431,
                      "Actual Loops": 3,
                      "Hash Buckets": 2097152,
                      "Original Hash Buckets": 2097152,
                      "Hash Batches": 1,
                      "Original Hash Batches": 1,
                      "Peak Memory Usage": 69184,
                      "Plans": [
                        {
                          "Node Type": "Seq Scan",
                          "Parent Relationship": "Outer",
                          "Parallel Aware": true,
                          "Relation Name": "title",
                          "Alias": "t",
                          "Startup Cost": 0.0,
                          "Total Cost": 43899.32,
                          "Plan Rows": 336054,
                          "Plan Width": 4,
                          "Actual Startup Time": 0.042,
                          "Actual Total Time": 138.282,
                          "Actual Rows": 449431,
                          "Actual Loops": 3,
                          "Filter": "(production_year < 2005)",
                          "Rows Removed by Filter": 393340
                        }
                      ]
                    }
                  ]
                }
              ]
            }
          ]
        }
      ]
    },
    "Planning Time": 0.241,
    "Triggers": [],
    "Execution Time": 491.128
  }
]