[
  {
    "Plan": {
      "Node Type": "Aggregate",
      "Strategy": "Plain",
      "Partial Mode": "Finalize",
      "Parallel Aware": false,
      "Startup Cost": 44598.83,
      "Total Cost": 44598.84,
      "Plan Rows": 1,
      "Plan Width": 8,
      "Actual Startup Time": 133.82,
      "Actual Total Time": 143.758,
      "Actual Rows": 1,
      "Actual Loops": 1,
      "Plans": [
        {
          "Node Type": "Gather",
          "Parent Relationship": "Outer",
          "Parallel Aware": false,
          "Startup Cost": 44598.52,
          "Total Cost": 44598.83,
          "Plan Rows": 3,
          "Plan Width": 8,
          "Actual Startup Time": 133.709,
          "Actual Total Time": 143.75,
          "Actual Rows": 4,
          "Actual Loops": 1,
          "Workers Planned": 3,
          "Workers Launched": 3,
          "Single Copy": false,
          "Plans": [
            {
              "Node Type": "Aggregate",
              "Strategy": "Plain",
              "Partial Mode": "Partial",
              "Parent Relationship": "Outer",
              "Parallel Aware": false,
              "Startup Cost": 43598.52,
              "Total Cost": 43598.53,
              "Plan Rows": 1,
              "Plan Width": 8,
              "Actual Startup Time": 125.332,
              "Actual Total Time": 125.333,
              "Actual Rows": 1,
              "Actual Loops": 4,
              "Plans": [
                {
                  "Node Type": "Seq Scan",
                  "Parent Relationship": "Outer",
                  "Parallel Aware": true,
                  "Relation Name": "movie_keyword",
                  "Alias": "mk",
                  "Startup Cost": 0.0,
                  "Total Cost": 42695.65,
                  "Plan Rows": 361145,
                  "Plan Width": 0,
                  "Actual Startup Time": 0.059,
                  "Actual Total Time": 110.897,
                  "Actual Rows": 282682,
                  "Actual Loops": 4,
                  "Filter": "(keyword_id < 1229)",
                  "Rows Removed by Filter": 848300
                }
              ]
            }
          ]
        }
      ]
    },
    "Planning Time": 0.163,
    "Triggers": [],
    "Execution Time": 143.812
  }
]