[
  {
    "Plan": {
      "Node Type": "Aggregate",
      "Strategy": "Plain",
      "Partial Mode": "Finalize",
      "Parallel Aware": false,
      "Startup Cost": 60978.52,
      "Total Cost": 60978.53,
      "Plan Rows": 1,
      "Plan Width": 8,
      "Actual Startup Time": 69.921,
      "Actual Total Time": 75.469,
      "Actual Rows": 1,
      "Actual Loops": 1,
      "Plans": [
        {
          "Node Type": "Gather",
          "Parent Relationship": "Outer",
          "Parallel Aware": false,
          "Startup Cost": 60978.2,
          "Total Cost": 60978.51,
          "Plan Rows": 3,
          "Plan Width": 8,
          "Actual Startup Time": 69.271,
          "Actual Total Time": 75.46,
          "Actual Rows": 4,
          "Actual Loops": 1,
          "Workers Planned": 3,
          "Workers Launched": 3,
          "Single Copy": false,
          "Plans": [
            {
              "Node Type": "Aggregate",
              "Strategy": "Plain",
              "Partial Mode": "Partial",
              "Parent Relationship": "Outer",
              "Parallel Aware": false,
              "Startup Cost": 59978.2,
              "Total Cost": 59978.21,
              "Plan Rows": 1,
              "Plan Width": 8,
              "Actual Startup Time": 59.995,
              "Actual Total Time": 59.997,
              "Actual Rows": 1,
              "Actual Loops": 4,
              "Plans": [
                {
                  "Node Type": "Nested Loop",
                  "Parent Relationship": "Outer",
                  "Parallel Aware": false,
                  "Join Type": "Inner",
                  "Startup Cost": 443.12,
                  "Total Cost": 59966.68,
                  "Plan Rows": 4610,
                  "Plan Width": 0,
                  "Actual Startup Time": 1.648,
                  "Actual Total Time": 57.311,
                  "Actual Rows": 41809,
                  "Actual Loops": 4,
                  "Inner Unique": false,
                  "Plans": [
                    {
                      "Node Type": "Nested Loop",
                      "Parent Relationship": "Outer",
                      "Parallel Aware": false,
                      "Join Type": "Inner",
                      "Startup Cost": 442.69,
                      "Total Cost": 55190.28,
                      "Plan Rows": 2576,
                      "Plan Width": 8,
                      "Actual Startup Time": 1.368,
                      "Actual Total Time": 24.821,
                      "Actual Rows": 4694,
                      "Actual Loops": 4,
                      "Inner Unique": true,
                      "Plans": [
                        {
                          "Node Type": "Bitmap Heap Scan",
                          "Parent Relationship": "Outer",
                          "Parallel Aware": true,
                          "Relation Name": "movie_companies",
                          "Alias": "mc",
                          "Startup Cost": 442.26,
                          "Total Cost": 20135.32,
                          "Plan Rows": 6569,
                          "Plan Width": 4,
                          "Actual Startup Time": 1.183,
                          "Actual Total Time": 3.567,
                          "Actual Rows": 4694,
                          "Actual Loops": 4,
                          "Recheck Cond": "(company_id > 217405)",
                          "Rows Removed by Index Recheck": 0,
                          "Exact Heap Blocks": 304,
                          "Lossy Heap Blocks": 0,
                          "Plans": [
                            {
                              "Node Type": "Bitmap Index Scan",
                              "Parent Relationship": "Outer",
                              "Parallel Aware": false,
                              "Index Name": "company_id_movie_companies",
                              "Startup Cost": 0.0,
                              "Total Cost": 437.17,
                              "Plan Rows": 20365,
                              "Plan Width": 0,
                              "Actual Startup Time": 3.958,
                              "Actual Total Time": 3.958,
                              "Actual Rows": 18777,
                              "Actual Loops": 1,
                              "Index Cond": "(company_id > 217405)"
                            }
                          ]
                        },
                        {
                          "Node Type": "Index Scan",
                          "Parent Relationship": "Inner",
                          "Parallel Aware": false,
                          "Scan Direction": "Forward",
                          "Index Name": "title_pkey",
                          "Relation Name": "title",
                          "Alias": "t",
                          "Startup Cost": 0.43,
                          "Total Cost": 5.34,
                          "Plan Rows": 1,
                          "Plan Width": 4,
                          "Actual Startup Time": 0.004,
                          "Actual Total Time": 0.004,
                          "Actual Rows": 1,
                          "Actual Loops": 18777,
                          "Index Cond": "(id = mc.movie_id)",
                          "Rows Removed by Index Recheck": 0,
                          "Filter": "(kind_id < 7)",
                          "Rows Removed by Filter": 0
                        }
                      ]
                    },
                    {
                      "Node Type": "Index Only Scan",
                      "Parent Relationship": "Inner",
                      "Parallel Aware": false,
                      "Scan Direction": "Forward",
                      "Index Name": "movie_id_movie_keyword",
                      "Relation Name": "movie_keyword",
                      "Alias": "mk",
                      "Startup Cost": 0.43,
                      "Total Cost": 1.4,
                      "Plan Rows": 45,
                      "Plan Width": 4,
                      "Actual Startup Time": 0.004,
                      "Actual Total Time": 0.006,
                      "Actual Rows": 9,
                      "Actual Loops": 18777,
                      "Index Cond": "(movie_id = t.id)",
                      "Rows Removed by Index Recheck": 0,
                      "Heap Fetches": 167235
                    }
                  ]
                }
              ]
            }
          ]
        }
      ]
    },
    "Planning Time": 1.444,
    "Triggers": [],
    "Execution Time": 75.579
  }
]