{
  "Plan": {
    "Node Type": "Aggregate",
    "Strategy": "Plain",
    "Partial Mode": "Finalize",
    "Parallel Aware": false,
    "Startup Cost": 98347.06,
    "Total Cost": 98347.07,
    "Plan Rows": 1,
    "Plan Width": 8,
    "Actual Startup Time": 329.338,
    "Actual Total Time": 347.489,
    "Actual Rows": 1,
    "Actual Loops": 1,
    "Plans": [
      {
        "Node Type": "Gather",
        "Parent Relationship": "Outer",
        "Parallel Aware": false,
        "Startup Cost": 98346.95,
        "Total Cost": 98347.06,
        "Plan Rows": 1,
        "Plan Width": 8,
        "Actual Startup Time": 329.082,
        "Actual Total Time": 347.482,
        "Actual Rows": 2,
        "Actual Loops": 1,
        "Workers Planned": 1,
        "Workers Launched": 1,
        "Single Copy": false,
        "Plans": [
          {
            "Node Type": "Aggregate",
            "Strategy": "Plain",
            "Partial Mode": "Partial",
            "Parent Relationship": "Outer",
            "Parallel Aware": false,
            "Startup Cost": 97346.95,
            "Total Cost": 97346.96,
            "Plan Rows": 1,
            "Plan Width": 8,
            "Actual Startup Time": 323.413,
            "Actual Total Time": 323.416,
            "Actual Rows": 1,
            "Actual Loops": 2,
            "Plans": [
              {
                "Node Type": "Hash Join",
                "Parent Relationship": "Outer",
                "Parallel Aware": true,
                "Join Type": "Inner",
                "Startup Cost": 54683.83,
                "Total Cost": 97342.8,
                "Plan Rows": 1657,
                "Plan Width": 0,
                "Actual Startup Time": 211.376,
                "Actual Total Time": 323.218,
                "Actual Rows": 2508,
                "Actual Loops": 2,
                "Inner Unique": true,
                "Hash Cond": "(mc.movie_id = t.id)",
                "Plans": [
                  {
                    "Node Type": "Seq Scan",
                    "Parent Relationship": "Outer",
                    "Parallel Aware": true,
                    "Relation Name": "movie_companies",
                    "Alias": "mc",
                    "Startup Cost": 0.0,
                    "Total Cost": 41811.73,
                    "Plan Rows": 322762,
                    "Plan Width": 4,
                    "Actual Startup Time": 55.977,
                    "Actual Total Time": 128.916,
                    "Actual Rows": 423816,
                    "Actual Loops": 2,
                    "Filter": "((company_id > 14252) AND (company_type_id > 1))",
                    "Rows Removed by Filter": 880748
                  },
                  {
                    "Node Type": "Hash",
                    "Parent Relationship": "Inner",
                    "Parallel Aware": true,
                    "Startup Cost": 54588.39,
                    "Total Cost": 54588.39,
                    "Plan Rows": 7635,
                    "Plan Width": 4,
                    "Actual Startup Time": 153.732,
                    "Actual Total Time": 153.732,
                    "Actual Rows": 7027,
                    "Actual Loops": 2,
                    "Hash Buckets": 16384,
                    "Original Hash Buckets": 16384,
                    "Hash Batches": 1,
                    "Original Hash Batches": 1,
                    "Peak Memory Usage": 704,
                    "Plans": [
                      {
                        "Node Type": "Seq Scan",
                        "Parent Relationship": "Outer",
                        "Parallel Aware": true,
                        "Relation Name": "title",
                        "Alias": "t",
                        "Startup Cost": 0.0,
                        "Total Cost": 54588.39,
                        "Plan Rows": 7635,
                        "Plan Width": 4,
                        "Actual Startup Time": 0.161,
                        "Actual Total Time": 150.862,
                        "Actual Rows": 7027,
                        "Actual Loops": 2,
                        "Filter": "(production_year = 1975)",
                        "Rows Removed by Filter": 1257129
                      }
                    ]
                  }
                ]
              }
            ]
          }
        ]
      }
    ]
  },
  "Planning Time": 0.479,
  "Triggers": [],
  "Execution Time": 347.56
}