[
  {
    "Plan": {
      "Node Type": "Aggregate",
      "Strategy": "Plain",
      "Partial Mode": "Finalize",
      "Parallel Aware": false,
      "Startup Cost": 54877.71,
      "Total Cost": 54877.72,
      "Plan Rows": 1,
      "Plan Width": 8,
      "Actual Startup Time": 103.393,
      "Actual Total Time": 117.684,
      "Actual Rows": 1,
      "Actual Loops": 1,
      "Plans": [
        {
          "Node Type": "Gather",
          "Parent Relationship": "Outer",
          "Parallel Aware": false,
          "Startup Cost": 54877.29,
          "Total Cost": 54877.7,
          "Plan Rows": 4,
          "Plan Width": 8,
          "Actual Startup Time": 103.279,
          "Actual Total Time": 117.676,
          "Actual Rows": 5,
          "Actual Loops": 1,
          "Workers Planned": 4,
          "Workers Launched": 4,
          "Single Copy": false,
          "Plans": [
            {
              "Node Type": "Aggregate",
              "Strategy": "Plain",
              "Partial Mode": "Partial",
              "Parent Relationship": "Outer",
              "Parallel Aware": false,
              "Startup Cost": 53877.29,
              "Total Cost": 53877.3,
              "Plan Rows": 1,
              "Plan Width": 8,
              "Actual Startup Time": 93.259,
              "Actual Total Time": 93.26,
              "Actual Rows": 1,
              "Actual Loops": 5,
              "Plans": [
                {
                  "Node Type": "Nested Loop",
                  "Parent Relationship": "Outer",
                  "Parallel Aware": false,
                  "Join Type": "Inner",
                  "Startup Cost": 0.43,
                  "Total Cost": 53875.48,
                  "Plan Rows": 726,
                  "Plan Width": 0,
                  "Actual Startup Time": 0.907,
                  "Actual Total Time": 93.121,
                  "Actual Rows": 1486,
                  "Actual Loops": 5,
                  "Inner Unique": false,
                  "Plans": [
                    {
                      "Node Type": "Seq Scan",
                      "Parent Relationship": "Outer",
                      "Parallel Aware": true,
                      "Relation Name": "title",
                      "Alias": "t",
                      "Startup Cost": 0.0,
                      "Total Cost": 45479.1,
                      "Plan Rows": 1330,
                      "Plan Width": 4,
                      "Actual Startup Time": 0.701,
                      "Actual Total Time": 82.476,
                      "Actual Rows": 1266,
                      "Actual Loops": 5,
                      "Filter": "((kind_id < 7) AND (production_year = 1978))",
                      "Rows Removed by Filter": 504396
                    },
                    {
                      "Node Type": "Index Only Scan",
                      "Parent Relationship": "Inner",
                      "Parallel Aware": false,
                      "Scan Direction": "Forward",
                      "Index Name": "movie_id_movie_info_idx",
                      "Relation Name": "movie_info_idx",
                      "Alias": "mi_idx",
                      "Startup Cost": 0.43,
                      "Total Cost": 6.28,
                      "Plan Rows": 3,
                      "Plan Width": 4,
                      "Actual Startup Time": 0.008,
                      "Actual Total Time": 0.008,
                      "Actual Rows": 1,
                      "Actual Loops": 6330,
                      "Index Cond": "(movie_id = t.id)",
                      "Rows Removed by Index Recheck": 0,
                      "Heap Fetches": 7429
                    }
                  ]
                }
              ]
            }
          ]
        }
      ]
    },
    "Planning Time": 0.584,
    "Triggers": [],
    "Execution Time": 117.756
  }
]