[
  {
    "Plan": {
      "Node Type": "Aggregate",
      "Strategy": "Plain",
      "Partial Mode": "Finalize",
      "Parallel Aware": false,
      "Startup Cost": 339155.16,
      "Total Cost": 339155.17,
      "Plan Rows": 1,
      "Plan Width": 8,
      "Actual Startup Time": 337.963,
      "Actual Total Time": 355.256,
      "Actual Rows": 1,
      "Actual Loops": 1,
      "Plans": [
        {
          "Node Type": "Gather",
          "Parent Relationship": "Outer",
          "Parallel Aware": false,
          "Startup Cost": 339154.54,
          "Total Cost": 339155.15,
          "Plan Rows": 6,
          "Plan Width": 8,
          "Actual Startup Time": 330.35,
          "Actual Total Time": 355.245,
          "Actual Rows": 7,
          "Actual Loops": 1,
          "Workers Planned": 6,
          "Workers Launched": 6,
          "Single Copy": false,
          "Plans": [
            {
              "Node Type": "Aggregate",
              "Strategy": "Plain",
              "Partial Mode": "Partial",
              "Parent Relationship": "Outer",
              "Parallel Aware": false,
              "Startup Cost": 338154.54,
              "Total Cost": 338154.55,
              "Plan Rows": 1,
              "Plan Width": 8,
              "Actual Startup Time": 318.637,
              "Actual Total Time": 318.642,
              "Actual Rows": 1,
              "Actual Loops": 7,
              "Plans": [
                {
                  "Node Type": "Nested Loop",
                  "Parent Relationship": "Outer",
                  "Parallel Aware": false,
                  "Join Type": "Inner",
                  "Startup Cost": 70960.64,
                  "Total Cost": 338133.71,
                  "Plan Rows": 8332,
                  "Plan Width": 0,
                  "Actual Startup Time": 166.116,
                  "Actual Total Time": 317.645,
                  "Actual Rows": 12767,
                  "Actual Loops": 7,
                  "Inner Unique": false,
                  "Plans": [
                    {
                      "Node Type": "Hash Join",
                      "Parent Relationship": "Outer",
                      "Parallel Aware": true,
                      "Join Type": "Inner",
                      "Startup Cost": 70960.21,
                      "Total Cost": 326480.36,
                      "Plan Rows": 15903,
                      "Plan Width": 8,
                      "Actual Startup Time": 165.181,
                      "Actual Total Time": 236.927,
                      "Actual Rows": 24331,
                      "Actual Loops": 7,
                      "Inner Unique": true,
                      "Hash Cond": "(ci.movie_id = t.id)",
                      "Plans": [
                        {
                          "Node Type": "Bitmap Heap Scan",
                          "Parent Relationship": "Outer",
                          "Parallel Aware": true,
                          "Relation Name": "cast_info",
                          "Alias": "ci",
                          "Startup Cost": 23432.94,
                          "Total Cost": 278792.06,
                          "Plan Rows": 61346,
                          "Plan Width": 4,
                          "Actual Startup Time": 41.722,
                          "Actual Total Time": 77.432,
                          "Actual Rows": 112007,
                          "Actual Loops": 7,
                          "Recheck Cond": "(person_id < 109822)",
                          "Rows Removed by Index Recheck": 0,
                          "Filter": "(role_id = 1)",
                          "Rows Removed by Filter": 41582,
                          "Exact Heap Blocks": 2144,
                          "Lossy Heap Blocks": 0,
                          "Plans": [
                            {
                              "Node Type": "Bitmap Index Scan",
                              "Parent Relationship": "Outer",
                              "Parallel Aware": false,
                              "Index Name": "person_id_cast_info",
                              "Startup Cost": 0.0,
                              "Total Cost": 23340.92,
                              "Plan Rows": 1068848,
                              "Plan Width": 0,
                              "Actual Startup Time": 40.052,
                              "Actual Total Time": 40.053,
                              "Actual Rows": 1075122,
                              "Actual Loops": 1,
                              "Index Cond": "(person_id < 109822)"
                            }
                          ]
                        },
                        {
                          "Node Type": "Hash",
                          "Parent Relationship": "Inner",
                          "Parallel Aware": true,
                          "Startup Cost": 45479.1,
                          "Total Cost": 45479.1,
                          "Plan Rows": 163853,
                          "Plan Width": 4,
                          "Actual Startup Time": 120.045,
                          "Actual Total Time": 120.046,
                          "Actual Rows": 80560,
                          "Actual Loops": 7,
                          "Hash Buckets": 1048576,
                          "Original Hash Buckets": 1048576,
                          "Hash Batches": 1,
                          "Original Hash Batches": 1,
                          "Peak Memory Usage": 30368,
                          "Plans": [
                            {
                              "Node Type": "Seq Scan",
                              "Parent Relationship": "Outer",
                              "Parallel Aware": true,
                              "Relation Name": "title",
                              "Alias": "t",
                              "Startup Cost": 0.0,
                              "Total Cost": 45479.1,
                              "Plan Rows": 163853,
                              "Plan Width": 4,
                              "Actual Startup Time": 0.044,
                              "Actual Total Time": 79.06,
                              "Actual Rows": 80560,
                              "Actual Loops": 7,
                              "Filter": "((kind_id > 4) AND (production_year < 2001))",
                              "Rows Removed by Filter": 280628
                            }
                          ]
                        }
                      ]
                    },
                    {
                      "Node Type": "Index Scan",
                      "Parent Relationship": "Inner",
                      "Parallel Aware": false,
                      "Scan Direction": "Forward",
                      "Index Name": "movie_id_movie_companies",
                      "Relation Name": "movie_companies",
                      "Alias": "mc",
                      "Startup Cost": 0.43,
                      "Total Cost": 0.7,
                      "Plan Rows": 3,
                      "Plan Width": 4,
                      "Actual Startup Time": 0.003,
                      "Actual Total Time": 0.003,
                      "Actual Rows": 1,
                      "Actual Loops": 170320,
                      "Index Cond": "(movie_id = t.id)",
                      "Rows Removed by Index Recheck": 0,
                      "Filter": "(company_type_id > 1)",
                      "Rows Removed by Filter": 0
                    }
                  ]
                }
              ]
            }
          ]
        }
      ]
    },
    "Planning Time": 1.469,
    "Triggers": [],
    "Execution Time": 355.373
  }
]