[
  {
    "Plan": {
      "Node Type": "Aggregate",
      "Strategy": "Plain",
      "Partial Mode": "Finalize",
      "Parallel Aware": false,
      "Startup Cost": 338384.73,
      "Total Cost": 338384.74,
      "Plan Rows": 1,
      "Plan Width": 8,
      "Actual Startup Time": 768.43,
      "Actual Total Time": 818.056,
      "Actual Rows": 1,
      "Actual Loops": 1,
      "Plans": [
        {
          "Node Type": "Gather",
          "Parent Relationship": "Outer",
          "Parallel Aware": false,
          "Startup Cost": 338384.1,
          "Total Cost": 338384.71,
          "Plan Rows": 6,
          "Plan Width": 8,
          "Actual Startup Time": 768.219,
          "Actual Total Time": 818.045,
          "Actual Rows": 7,
          "Actual Loops": 1,
          "Workers Planned": 6,
          "Workers Launched": 6,
          "Single Copy": false,
          "Plans": [
            {
              "Node Type": "Aggregate",
              "Strategy": "Plain",
              "Partial Mode": "Partial",
              "Parent Relationship": "Outer",
              "Parallel Aware": false,
              "Startup Cost": 337384.1,
              "Total Cost": 337384.11,
              "Plan Rows": 1,
              "Plan Width": 8,
              "Actual Startup Time": 761.487,
              "Actual Total Time": 761.489,
              "Actual Rows": 1,
              "Actual Loops": 7,
              "Plans": [
                {
                  "Node Type": "Seq Scan",
                  "Parent Relationship": "Outer",
                  "Parallel Aware": true,
                  "Relation Name": "cast_info",
                  "Alias": "ci",
                  "Startup Cost": 0.0,
                  "Total Cost": 328211.39,
                  "Plan Rows": 3669084,
                  "Plan Width": 0,
                  "Actual Startup Time": 159.691,
                  "Actual Total Time": 611.628,
                  "Actual Rows": 3124133,
                  "Actual Loops": 7,
                  "Filter": "(person_id > 1415351)",
                  "Rows Removed by Filter": 2053630
                }
              ]
            }
          ]
        }
      ]
    },
    "Planning Time": 0.186,
    "Triggers": [],
    "Execution Time": 818.122
  }
]