[
  {
    "Plan": {
      "Node Type": "Aggregate",
      "Strategy": "Plain",
      "Partial Mode": "Finalize",
      "Parallel Aware": false,
      "Startup Cost": 62420.15,
      "Total Cost": 62420.16,
      "Plan Rows": 1,
      "Plan Width": 8,
      "Actual Startup Time": 230.149,
      "Actual Total Time": 244.582,
      "Actual Rows": 1,
      "Actual Loops": 1,
      "Plans": [
        {
          "Node Type": "Gather",
          "Parent Relationship": "Outer",
          "Parallel Aware": false,
          "Startup Cost": 62419.94,
          "Total Cost": 62420.15,
          "Plan Rows": 2,
          "Plan Width": 8,
          "Actual Startup Time": 229.947,
          "Actual Total Time": 244.573,
          "Actual Rows": 3,
          "Actual Loops": 1,
          "Workers Planned": 2,
          "Workers Launched": 2,
          "Single Copy": false,
          "Plans": [
            {
              "Node Type": "Aggregate",
              "Strategy": "Plain",
              "Partial Mode": "Partial",
              "Parent Relationship": "Outer",
              "Parallel Aware": false,
              "Startup Cost": 61419.94,
              "Total Cost": 61419.95,
              "Plan Rows": 1,
              "Plan Width": 8,
              "Actual Startup Time": 221.887,
              "Actual Total Time": 221.89,
              "Actual Rows": 1,
              "Actual Loops": 3,
              "Plans": [
                {
                  "Node Type": "Hash Join",
                  "Parent Relationship": "Outer",
                  "Parallel Aware": true,
                  "Join Type": "Inner",
                  "Startup Cost": 45775.07,
                  "Total Cost": 61401.95,
                  "Plan Rows": 7195,
                  "Plan Width": 0,
                  "Actual Startup Time": 150.479,
                  "Actual Total Time": 221.157,
                  "Actual Rows": 13907,
                  "Actual Loops": 3,
                  "Inner Unique": true,
                  "Hash Cond": "(mi_idx.movie_id = t.id)",
                  "Plans": [
                    {
                      "Node Type": "Seq Scan",
                      "Parent Relationship": "Outer",
                      "Parallel Aware": true,
                      "Relation Name": "movie_info_idx",
                      "Alias": "mi_idx",
                      "Startup Cost": 0.0,
                      "Total Cost": 15122.68,
                      "Plan Rows": 192074,
                      "Plan Width": 4,
                      "Actual Startup Time": 0.024,
                      "Actual Total Time": 40.682,
                      "Actual Rows": 153395,
                      "Actual Loops": 3,
                      "Filter": "(info_type_id > 100)",
                      "Rows Removed by Filter": 306617
                    },
                    {
                      "Node Type": "Hash",
                      "Parent Relationship": "Inner",
                      "Parallel Aware": true,
                      "Startup Cost": 45479.1,
                      "Total Cost": 45479.1,
                      "Plan Rows": 23678,
                      "Plan Width": 4,
                      "Actual Startup Time": 147.979,
                      "Actual Total Time": 147.98,
                      "Actual Rows": 66365,
                      "Actual Loops": 3,
                      "Hash Buckets": 262144,
                      "Original Hash Buckets": 131072,
                      "Hash Batches": 1,
                      "Original Hash Batches": 1,
                      "Peak Memory Usage": 10912,
                      "Plans": [
                        {
                          "Node Type": "Seq Scan",
                          "Parent Relationship": "Outer",
                          "Parallel Aware": true,
                          "Relation Name": "title",
                          "Alias": "t",
                          "Startup Cost": 0.0,
                          "Total Cost": 45479.1,
                          "Plan Rows": 23678,
                          "Plan Width": 4,
                          "Actual Startup Time": 0.579,
                          "Actual Total Time": 124.862,
                          "Actual Rows": 66365,
                          "Actual Loops": 3,
                          "Filter": "((kind_id < 7) AND (production_year < 1961))",
                          "Rows Removed by Filter": 776406
                        }
                      ]
                    }
                  ]
                }
              ]
            }
          ]
        }
      ]
    },
    "Planning Time": 0.647,
    "Triggers": [],
    "Execution Time": 244.66
  }
]