[
  {
    "Plan": {
      "Node Type": "Aggregate",
      "Strategy": "Plain",
      "Partial Mode": "Finalize",
      "Parallel Aware": false,
      "Startup Cost": 33473.37,
      "Total Cost": 33473.38,
      "Plan Rows": 1,
      "Plan Width": 8,
      "Actual Startup Time": 103.25,
      "Actual Total Time": 111.695,
      "Actual Rows": 1,
      "Actual Loops": 1,
      "Plans": [
        {
          "Node Type": "Gather",
          "Parent Relationship": "Outer",
          "Parallel Aware": false,
          "Startup Cost": 33473.05,
          "Total Cost": 33473.36,
          "Plan Rows": 3,
          "Plan Width": 8,
          "Actual Startup Time": 103.129,
          "Actual Total Time": 111.687,
          "Actual Rows": 4,
          "Actual Loops": 1,
          "Workers Planned": 3,
          "Workers Launched": 3,
          "Single Copy": false,
          "Plans": [
            {
              "Node Type": "Aggregate",
              "Strategy": "Plain",
              "Partial Mode": "Partial",
              "Parent Relationship": "Outer",
              "Parallel Aware": false,
              "Startup Cost": 32473.05,
              "Total Cost": 32473.06,
              "Plan Rows": 1,
              "Plan Width": 8,
              "Actual Startup Time": 95.37,
              "Actual Total Time": 95.389,
              "Actual Rows": 1,
              "Actual Loops": 4,
              "Plans": [
                {
                  "Node Type": "Seq Scan",
                  "Parent Relationship": "Outer",
                  "Parallel Aware": true,
                  "Relation Name": "movie_companies",
                  "Alias": "mc",
                  "Startup Cost": 0.0,
                  "Total Cost": 31414.82,
                  "Plan Rows": 423292,
                  "Plan Width": 0,
                  "Actual Startup Time": 47.397,
                  "Actual Total Time": 83.051,
                  "Actual Rows": 328036,
                  "Actual Loops": 4,
                  "Filter": "((company_id < 213970) AND (company_type_id > 1))",
                  "Rows Removed by Filter": 324246
                }
              ]
            }
          ]
        }
      ]
    },
    "Planning Time": 0.238,
    "Triggers": [],
    "Execution Time": 111.752
  }
]