{
  "Plan": {
    "Node Type": "Aggregate",
    "Strategy": "Plain",
    "Partial Mode": "Finalize",
    "Parallel Aware": false,
    "Startup Cost": 98259.18,
    "Total Cost": 98259.19,
    "Plan Rows": 1,
    "Plan Width": 8,
    "Actual Startup Time": 372.799,
    "Actual Total Time": 388.351,
    "Actual Rows": 1,
    "Actual Loops": 1,
    "Plans": [
      {
        "Node Type": "Gather",
        "Parent Relationship": "Outer",
        "Parallel Aware": false,
        "Startup Cost": 98259.06,
        "Total Cost": 98259.17,
        "Plan Rows": 1,
        "Plan Width": 8,
        "Actual Startup Time": 372.468,
        "Actual Total Time": 388.343,
        "Actual Rows": 2,
        "Actual Loops": 1,
        "Workers Planned": 1,
        "Workers Launched": 1,
        "Single Copy": false,
        "Plans": [
          {
            "Node Type": "Aggregate",
            "Strategy": "Plain",
            "Partial Mode": "Partial",
            "Parent Relationship": "Outer",
            "Parallel Aware": false,
            "Startup Cost": 97259.06,
            "Total Cost": 97259.07,
            "Plan Rows": 1,
            "Plan Width": 8,
            "Actual Startup Time": 369.147,
            "Actual Total Time": 369.15,
            "Actual Rows": 1,
            "Actual Loops": 2,
            "Plans": [
              {
                "Node Type": "Hash Join",
                "Parent Relationship": "Outer",
                "Parallel Aware": true,
                "Join Type": "Inner",
                "Startup Cost": 58957.97,
                "Total Cost": 97124.6,
                "Plan Rows": 53786,
                "Plan Width": 0,
                "Actual Startup Time": 145.734,
                "Actual Total Time": 368.27,
                "Actual Rows": 20247,
                "Actual Loops": 2,
                "Inner Unique": true,
                "Hash Cond": "(mc.movie_id = t.id)",
                "Plans": [
                  {
                    "Node Type": "Seq Scan",
                    "Parent Relationship": "Outer",
                    "Parallel Aware": true,
                    "Relation Name": "movie_companies",
                    "Alias": "mc",
                    "Startup Cost": 0.0,
                    "Total Cost": 34137.82,
                    "Plan Rows": 1534782,
                    "Plan Width": 4,
                    "Actual Startup Time": 0.012,
                    "Actual Total Time": 95.497,
                    "Actual Rows": 1304564,
                    "Actual Loops": 2
                  },
                  {
                    "Node Type": "Hash",
                    "Parent Relationship": "Inner",
                    "Parallel Aware": true,
                    "Startup Cost": 58306.47,
                    "Total Cost": 58306.47,
                    "Plan Rows": 52120,
                    "Plan Width": 4,
                    "Actual Startup Time": 144.26,
                    "Actual Total Time": 144.261,
                    "Actual Rows": 46534,
                    "Actual Loops": 2,
                    "Hash Buckets": 131072,
                    "Original Hash Buckets": 131072,
                    "Hash Batches": 1,
                    "Original Hash Batches": 1,
                    "Peak Memory Usage": 4672,
                    "Plans": [
                      {
                        "Node Type": "Seq Scan",
                        "Parent Relationship": "Outer",
                        "Parallel Aware": true,
                        "Relation Name": "title",
                        "Alias": "t",
                        "Startup Cost": 0.0,
                        "Total Cost": 58306.47,
                        "Plan Rows": 52120,
                        "Plan Width": 4,
                        "Actual Startup Time": 0.023,
                        "Actual Total Time": 132.712,
                        "Actual Rows": 46534,
                        "Actual Loops": 2,
                        "Filter": "((kind_id > 4) AND (production_year = 2010))",
                        "Rows Removed by Filter": 1217622
                      }
                    ]
                  }
                ]
              }
            ]
          }
        ]
      }
    ]
  },
  "Planning Time": 0.272,
  "Triggers": [],
  "Execution Time": 388.398
}