[
  {
    "Plan": {
      "Node Type": "Aggregate",
      "Strategy": "Plain",
      "Partial Mode": "Finalize",
      "Parallel Aware": false,
      "Startup Cost": 44744.18,
      "Total Cost": 44744.19,
      "Plan Rows": 1,
      "Plan Width": 8,
      "Actual Startup Time": 124.577,
      "Actual Total Time": 135.934,
      "Actual Rows": 1,
      "Actual Loops": 1,
      "Plans": [
        {
          "Node Type": "Gather",
          "Parent Relationship": "Outer",
          "Parallel Aware": false,
          "Startup Cost": 44743.87,
          "Total Cost": 44744.18,
          "Plan Rows": 3,
          "Plan Width": 8,
          "Actual Startup Time": 124.446,
          "Actual Total Time": 135.926,
          "Actual Rows": 4,
          "Actual Loops": 1,
          "Workers Planned": 3,
          "Workers Launched": 3,
          "Single Copy": false,
          "Plans": [
            {
              "Node Type": "Aggregate",
              "Strategy": "Plain",
              "Partial Mode": "Partial",
              "Parent Relationship": "Outer",
              "Parallel Aware": false,
              "Startup Cost": 43743.87,
              "Total Cost": 43743.88,
              "Plan Rows": 1,
              "Plan Width": 8,
              "Actual Startup Time": 120.638,
              "Actual Total Time": 120.639,
              "Actual Rows": 1,
              "Actual Loops": 4,
              "Plans": [
                {
                  "Node Type": "Seq Scan",
                  "Parent Relationship": "Outer",
                  "Parallel Aware": true,
                  "Relation Name": "movie_keyword",
                  "Alias": "mk",
                  "Startup Cost": 0.0,
                  "Total Cost": 42695.65,
                  "Plan Rows": 419285,
                  "Plan Width": 0,
                  "Actual Startup Time": 1.025,
                  "Actual Total Time": 104.811,
                  "Actual Rows": 325196,
                  "Actual Loops": 4,
                  "Filter": "(keyword_id > 13552)",
                  "Rows Removed by Filter": 805786
                }
              ]
            }
          ]
        }
      ]
    },
    "Planning Time": 0.069,
    "Triggers": [],
    "Execution Time": 135.96
  }
]