[
  {
    "Plan": {
      "Node Type": "Aggregate",
      "Strategy": "Plain",
      "Partial Mode": "Finalize",
      "Parallel Aware": false,
      "Startup Cost": 228731.01,
      "Total Cost": 228731.02,
      "Plan Rows": 1,
      "Plan Width": 8,
      "Actual Startup Time": 142.616,
      "Actual Total Time": 166.131,
      "Actual Rows": 1,
      "Actual Loops": 1,
      "Plans": [
        {
          "Node Type": "Gather",
          "Parent Relationship": "Outer",
          "Parallel Aware": false,
          "Startup Cost": 228730.59,
          "Total Cost": 228731.0,
          "Plan Rows": 4,
          "Plan Width": 8,
          "Actual Startup Time": 142.49,
          "Actual Total Time": 166.123,
          "Actual Rows": 5,
          "Actual Loops": 1,
          "Workers Planned": 4,
          "Workers Launched": 4,
          "Single Copy": false,
          "Plans": [
            {
              "Node Type": "Aggregate",
              "Strategy": "Plain",
              "Partial Mode": "Partial",
              "Parent Relationship": "Outer",
              "Parallel Aware": false,
              "Startup Cost": 227730.59,
              "Total Cost": 227730.6,
              "Plan Rows": 1,
              "Plan Width": 8,
              "Actual Startup Time": 132.942,
              "Actual Total Time": 132.944,
              "Actual Rows": 1,
              "Actual Loops": 5,
              "Plans": [
                {
                  "Node Type": "Nested Loop",
                  "Parent Relationship": "Outer",
                  "Parallel Aware": false,
                  "Join Type": "Inner",
                  "Startup Cost": 0.56,
                  "Total Cost": 227712.17,
                  "Plan Rows": 7370,
                  "Plan Width": 0,
                  "Actual Startup Time": 0.727,
                  "Actual Total Time": 132.446,
                  "Actual Rows": 4641,
                  "Actual Loops": 5,
                  "Inner Unique": false,
                  "Plans": [
                    {
                      "Node Type": "Seq Scan",
                      "Parent Relationship": "Outer",
                      "Parallel Aware": true,
                      "Relation Name": "title",
                      "Alias": "t",
                      "Startup Cost": 0.0,
                      "Total Cost": 45479.1,
                      "Plan Rows": 1772,
                      "Plan Width": 4,
                      "Actual Startup Time": 0.251,
                      "Actual Total Time": 66.42,
                      "Actual Rows": 1394,
                      "Actual Loops": 5,
                      "Filter": "((kind_id > 1) AND (production_year = 1962))",
                      "Rows Removed by Filter": 504268
                    },
                    {
                      "Node Type": "Index Scan",
                      "Parent Relationship": "Inner",
                      "Parallel Aware": false,
                      "Scan Direction": "Forward",
                      "Index Name": "movie_id_cast_info",
                      "Relation Name": "cast_info",
                      "Alias": "ci",
                      "Startup Cost": 0.56,
                      "Total Cost": 102.73,
                      "Plan Rows": 11,
                      "Plan Width": 4,
                      "Actual Startup Time": 0.033,
                      "Actual Total Time": 0.046,
                      "Actual Rows": 3,
                      "Actual Loops": 6970,
                      "Index Cond": "(movie_id = t.id)",
                      "Rows Removed by Index Recheck": 0,
                      "Filter": "((person_id > 2032623) AND (role_id > 1))",
                      "Rows Removed by Filter": 8
                    }
                  ]
                }
              ]
            }
          ]
        }
      ]
    },
    "Planning Time": 0.597,
    "Triggers": [],
    "Execution Time": 166.198
  }
]