[
    {
        "Bao": {
            "Bao prediction": "NaN",
            "Bao recommended hint": "(no hint)"
        }
    },
    {
        "Plan": {
            "Node Type": "Aggregate",
            "Strategy": "Plain",
            "Partial Mode": "Finalize",
            "Parallel Aware": false,
            "Startup Cost": 39395.33,
            "Total Cost": 39395.34,
            "Plan Rows": 1,
            "Plan Width": 8,
            "Actual Startup Time": 128.336,
            "Actual Total Time": 135.529,
            "Actual Rows": 1,
            "Actual Loops": 1,
            "Output": [
                "count(*)"
            ],
            "Plans": [
                {
                    "Node Type": "Gather",
                    "Parent Relationship": "Outer",
                    "Parallel Aware": false,
                    "Startup Cost": 39395.02,
                    "Total Cost": 39395.33,
                    "Plan Rows": 3,
                    "Plan Width": 8,
                    "Actual Startup Time": 128.1,
                    "Actual Total Time": 135.521,
                    "Actual Rows": 4,
                    "Actual Loops": 1,
                    "Output": [
                        "(PARTIAL count(*))"
                    ],
                    "Workers Planned": 3,
                    "Workers Launched": 3,
                    "Single Copy": false,
                    "Plans": [
                        {
                            "Node Type": "Aggregate",
                            "Strategy": "Plain",
                            "Partial Mode": "Partial",
                            "Parent Relationship": "Outer",
                            "Parallel Aware": false,
                            "Startup Cost": 38395.02,
                            "Total Cost": 38395.03,
                            "Plan Rows": 1,
                            "Plan Width": 8,
                            "Actual Startup Time": 118.973,
                            "Actual Total Time": 118.974,
                            "Actual Rows": 1,
                            "Actual Loops": 4,
                            "Output": [
                                "PARTIAL count(*)"
                            ],
                            "Workers": [
                                {
                                    "Worker Number": 0,
                                    "Actual Startup Time": 115.326,
                                    "Actual Total Time": 115.328,
                                    "Actual Rows": 1,
                                    "Actual Loops": 1
                                },
                                {
                                    "Worker Number": 1,
                                    "Actual Startup Time": 116.389,
                                    "Actual Total Time": 116.391,
                                    "Actual Rows": 1,
                                    "Actual Loops": 1
                                },
                                {
                                    "Worker Number": 2,
                                    "Actual Startup Time": 116.62,
                                    "Actual Total Time": 116.622,
                                    "Actual Rows": 1,
                                    "Actual Loops": 1
                                }
                            ],
                            "Plans": [
                                {
                                    "Node Type": "Bitmap Heap Scan",
                                    "Parent Relationship": "Outer",
                                    "Parallel Aware": true,
                                    "Relation Name": "movie_keyword",
                                    "Schema": "public",
                                    "Alias": "mk",
                                    "Startup Cost": 11351.68,
                                    "Total Cost": 37963.46,
                                    "Plan Rows": 172622,
                                    "Plan Width": 0,
                                    "Actual Startup Time": 42.861,
                                    "Actual Total Time": 111.84,
                                    "Actual Rows": 131348,
                                    "Actual Loops": 4,
                                    "Recheck Cond": "(mk.keyword_id > 34586)",
                                    "Rows Removed by Index Recheck": 0,
                                    "Exact Heap Blocks": 10226,
                                    "Lossy Heap Blocks": 0,
                                    "Workers": [
                                        {
                                            "Worker Number": 0,
                                            "Actual Startup Time": 39.268,
                                            "Actual Total Time": 108.648,
                                            "Actual Rows": 102242,
                                            "Actual Loops": 1
                                        },
                                        {
                                            "Worker Number": 1,
                                            "Actual Startup Time": 40.339,
                                            "Actual Total Time": 110.272,
                                            "Actual Rows": 89977,
                                            "Actual Loops": 1
                                        },
                                        {
                                            "Worker Number": 2,
                                            "Actual Startup Time": 40.767,
                                            "Actual Total Time": 110.03,
                                            "Actual Rows": 101503,
                                            "Actual Loops": 1
                                        }
                                    ],
                                    "Plans": [
                                        {
                                            "Node Type": "Bitmap Index Scan",
                                            "Parent Relationship": "Outer",
                                            "Parallel Aware": false,
                                            "Index Name": "keyword_id_movie_keyword",
                                            "Startup Cost": 0.0,
                                            "Total Cost": 11217.9,
                                            "Plan Rows": 535129,
                                            "Plan Width": 0,
                                            "Actual Startup Time": 47.733,
                                            "Actual Total Time": 47.733,
                                            "Actual Rows": 525391,
                                            "Actual Loops": 1,
                                            "Index Cond": "(mk.keyword_id > 34586)"
                                        }
                                    ]
                                }
                            ]
                        }
                    ]
                }
            ]
        },
        "Planning Time": 207.261,
        "Triggers": [],
        "Execution Time": 135.618
    }
]