[
  {
    "Plan": {
      "Node Type": "Aggregate",
      "Strategy": "Plain",
      "Partial Mode": "Finalize",
      "Parallel Aware": false,
      "Startup Cost": 46793.57,
      "Total Cost": 46793.58,
      "Plan Rows": 1,
      "Plan Width": 8,
      "Actual Startup Time": 100.989,
      "Actual Total Time": 113.06,
      "Actual Rows": 1,
      "Actual Loops": 1,
      "Plans": [
        {
          "Node Type": "Gather",
          "Parent Relationship": "Outer",
          "Parallel Aware": false,
          "Startup Cost": 46793.15,
          "Total Cost": 46793.56,
          "Plan Rows": 4,
          "Plan Width": 8,
          "Actual Startup Time": 100.845,
          "Actual Total Time": 113.051,
          "Actual Rows": 5,
          "Actual Loops": 1,
          "Workers Planned": 4,
          "Workers Launched": 4,
          "Single Copy": false,
          "Plans": [
            {
              "Node Type": "Aggregate",
              "Strategy": "Plain",
              "Partial Mode": "Partial",
              "Parent Relationship": "Outer",
              "Parallel Aware": false,
              "Startup Cost": 45793.15,
              "Total Cost": 45793.16,
              "Plan Rows": 1,
              "Plan Width": 8,
              "Actual Startup Time": 91.589,
              "Actual Total Time": 91.59,
              "Actual Rows": 1,
              "Actual Loops": 5,
              "Plans": [
                {
                  "Node Type": "Seq Scan",
                  "Parent Relationship": "Outer",
                  "Parallel Aware": true,
                  "Relation Name": "title",
                  "Alias": "t",
                  "Startup Cost": 0.0,
                  "Total Cost": 45479.1,
                  "Plan Rows": 125619,
                  "Plan Width": 0,
                  "Actual Startup Time": 44.416,
                  "Actual Total Time": 88.21,
                  "Actual Rows": 74726,
                  "Actual Loops": 5,
                  "Filter": "((kind_id < 2) AND (production_year > 1982))",
                  "Rows Removed by Filter": 430936
                }
              ]
            }
          ]
        }
      ]
    },
    "Planning Time": 0.153,
    "Triggers": [],
    "Execution Time": 113.112
  }
]