[
  {
    "Plan": {
      "Node Type": "Aggregate",
      "Strategy": "Plain",
      "Partial Mode": "Finalize",
      "Parallel Aware": false,
      "Startup Cost": 430508.43,
      "Total Cost": 430508.44,
      "Plan Rows": 1,
      "Plan Width": 8,
      "Actual Startup Time": 2293.385,
      "Actual Total Time": 2362.704,
      "Actual Rows": 1,
      "Actual Loops": 1,
      "Plans": [
        {
          "Node Type": "Gather",
          "Parent Relationship": "Outer",
          "Parallel Aware": false,
          "Startup Cost": 430507.8,
          "Total Cost": 430508.41,
          "Plan Rows": 6,
          "Plan Width": 8,
          "Actual Startup Time": 2273.648,
          "Actual Total Time": 2362.693,
          "Actual Rows": 7,
          "Actual Loops": 1,
          "Workers Planned": 6,
          "Workers Launched": 6,
          "Single Copy": false,
          "Plans": [
            {
              "Node Type": "Aggregate",
              "Strategy": "Plain",
              "Partial Mode": "Partial",
              "Parent Relationship": "Outer",
              "Parallel Aware": false,
              "Startup Cost": 429507.8,
              "Total Cost": 429507.81,
              "Plan Rows": 1,
              "Plan Width": 8,
              "Actual Startup Time": 2261.595,
              "Actual Total Time": 2261.601,
              "Actual Rows": 1,
              "Actual Loops": 7,
              "Plans": [
                {
                  "Node Type": "Hash Join",
                  "Parent Relationship": "Outer",
                  "Parallel Aware": true,
                  "Join Type": "Inner",
                  "Startup Cost": 83120.08,
                  "Total Cost": 424845.49,
                  "Plan Rows": 1864924,
                  "Plan Width": 0,
                  "Actual Startup Time": 346.957,
                  "Actual Total Time": 2101.355,
                  "Actual Rows": 4043263,
                  "Actual Loops": 7,
                  "Inner Unique": false,
                  "Hash Cond": "(ci.movie_id = t.id)",
                  "Plans": [
                    {
                      "Node Type": "Seq Scan",
                      "Parent Relationship": "Outer",
                      "Parallel Aware": true,
                      "Relation Name": "cast_info",
                      "Alias": "ci",
                      "Startup Cost": 0.0,
                      "Total Cost": 313067.02,
                      "Plan Rows": 6038002,
                      "Plan Width": 4,
                      "Actual Startup Time": 0.047,
                      "Actual Total Time": 504.495,
                      "Actual Rows": 5177763,
                      "Actual Loops": 7
                    },
                    {
                      "Node Type": "Hash",
                      "Parent Relationship": "Inner",
                      "Parallel Aware": true,
                      "Startup Cost": 79971.3,
                      "Total Cost": 79971.3,
                      "Plan Rows": 251903,
                      "Plan Width": 8,
                      "Actual Startup Time": 343.392,
                      "Actual Total Time": 343.396,
                      "Actual Rows": 97931,
                      "Actual Loops": 7,
                      "Hash Buckets": 1048576,
                      "Original Hash Buckets": 1048576,
                      "Hash Batches": 1,
                      "Original Hash Batches": 1,
                      "Peak Memory Usage": 35104,
                      "Plans": [
                        {
                          "Node Type": "Hash Join",
                          "Parent Relationship": "Outer",
                          "Parallel Aware": true,
                          "Join Type": "Inner",
                          "Startup Cost": 49770.89,
                          "Total Cost": 79971.3,
                          "Plan Rows": 251903,
                          "Plan Width": 8,
                          "Actual Startup Time": 204.086,
                          "Actual Total Time": 304.088,
                          "Actual Rows": 97931,
                          "Actual Loops": 7,
                          "Inner Unique": true,
                          "Hash Cond": "(mc.movie_id = t.id)",
                          "Plans": [
                            {
                              "Node Type": "Seq Scan",
                              "Parent Relationship": "Outer",
                              "Parallel Aware": true,
                              "Relation Name": "movie_companies",
                              "Alias": "mc",
                              "Startup Cost": 0.0,
                              "Total Cost": 29310.68,
                              "Plan Rows": 338943,
                              "Plan Width": 4,
                              "Actual Startup Time": 0.023,
                              "Actual Total Time": 42.282,
                              "Actual Rows": 149950,
                              "Actual Loops": 7,
                              "Filter": "(company_id < 6158)",
                              "Rows Removed by Filter": 222782
                            },
                            {
                              "Node Type": "Hash",
                              "Parent Relationship": "Inner",
                              "Parallel Aware": true,
                              "Startup Cost": 43898.92,
                              "Total Cost": 43898.92,
                              "Plan Rows": 469758,
                              "Plan Width": 4,
                              "Actual Startup Time": 201.176,
                              "Actual Total Time": 201.177,
                              "Actual Rows": 267314,
                              "Actual Loops": 7,
                              "Hash Buckets": 2097152,
                              "Original Hash Buckets": 2097152,
                              "Hash Batches": 1,
                              "Original Hash Batches": 1,
                              "Peak Memory Usage": 89728,
                              "Plans": [
                                {
                                  "Node Type": "Seq Scan",
                                  "Parent Relationship": "Outer",
                                  "Parallel Aware": true,
                                  "Relation Name": "title",
                                  "Alias": "t",
                                  "Startup Cost": 0.0,
                                  "Total Cost": 43898.92,
                                  "Plan Rows": 469758,
                                  "Plan Width": 4,
                                  "Actual Startup Time": 0.045,
                                  "Actual Total Time": 77.99,
                                  "Actual Rows": 267314,
                                  "Actual Loops": 7,
                                  "Filter": "(production_year > 1984)",
                                  "Rows Removed by Filter": 93873
                                }
                              ]
                            }
                          ]
                        }
                      ]
                    }
                  ]
                }
              ]
            }
          ]
        }
      ]
    },
    "Planning Time": 1.375,
    "Triggers": [],
    "Execution Time": 2362.814
  }
]