[
  {
    "Plan": {
      "Node Type": "Aggregate",
      "Strategy": "Plain",
      "Partial Mode": "Finalize",
      "Parallel Aware": false,
      "Startup Cost": 126593.76,
      "Total Cost": 126593.77,
      "Plan Rows": 1,
      "Plan Width": 8,
      "Actual Startup Time": 973.186,
      "Actual Total Time": 998.831,
      "Actual Rows": 1,
      "Actual Loops": 1,
      "Plans": [
        {
          "Node Type": "Gather",
          "Parent Relationship": "Outer",
          "Parallel Aware": false,
          "Startup Cost": 126593.45,
          "Total Cost": 126593.76,
          "Plan Rows": 3,
          "Plan Width": 8,
          "Actual Startup Time": 961.461,
          "Actual Total Time": 998.808,
          "Actual Rows": 4,
          "Actual Loops": 1,
          "Workers Planned": 3,
          "Workers Launched": 3,
          "Single Copy": false,
          "Plans": [
            {
              "Node Type": "Aggregate",
              "Strategy": "Plain",
              "Partial Mode": "Partial",
              "Parent Relationship": "Outer",
              "Parallel Aware": false,
              "Startup Cost": 125593.45,
              "Total Cost": 125593.46,
              "Plan Rows": 1,
              "Plan Width": 8,
              "Actual Startup Time": 950.95,
              "Actual Total Time": 951.104,
              "Actual Rows": 1,
              "Actual Loops": 4,
              "Plans": [
                {
                  "Node Type": "Hash Join",
                  "Parent Relationship": "Outer",
                  "Parallel Aware": true,
                  "Join Type": "Inner",
                  "Startup Cost": 79897.32,
                  "Total Cost": 125079.84,
                  "Plan Rows": 205441,
                  "Plan Width": 0,
                  "Actual Startup Time": 632.272,
                  "Actual Total Time": 909.674,
                  "Actual Rows": 722760,
                  "Actual Loops": 4,
                  "Inner Unique": false,
                  "Hash Cond": "(mk.movie_id = t.id)",
                  "Plans": [
                    {
                      "Node Type": "Seq Scan",
                      "Parent Relationship": "Outer",
                      "Parallel Aware": true,
                      "Relation Name": "movie_keyword",
                      "Alias": "mk",
                      "Startup Cost": 0.0,
                      "Total Cost": 39047.32,
                      "Plan Rows": 1459332,
                      "Plan Width": 4,
                      "Actual Startup Time": 0.05,
                      "Actual Total Time": 112.438,
                      "Actual Rows": 1130982,
                      "Actual Loops": 4
                    },
                    {
                      "Node Type": "Hash",
                      "Parent Relationship": "Inner",
                      "Parallel Aware": true,
                      "Startup Cost": 78462.05,
                      "Total Cost": 78462.05,
                      "Plan Rows": 114821,
                      "Plan Width": 8,
                      "Actual Startup Time": 592.85,
                      "Actual Total Time": 593.002,
                      "Actual Rows": 88800,
                      "Actual Loops": 4,
                      "Hash Buckets": 524288,
                      "Original Hash Buckets": 524288,
                      "Hash Batches": 1,
                      "Original Hash Batches": 1,
                      "Peak Memory Usage": 18048,
                      "Plans": [
                        {
                          "Node Type": "Hash Join",
                          "Parent Relationship": "Outer",
                          "Parallel Aware": true,
                          "Join Type": "Inner",
                          "Startup Cost": 57935.39,
                          "Total Cost": 78462.05,
                          "Plan Rows": 114821,
                          "Plan Width": 8,
                          "Actual Startup Time": 479.351,
                          "Actual Total Time": 556.269,
                          "Actual Rows": 88800,
                          "Actual Loops": 4,
                          "Inner Unique": true,
                          "Hash Cond": "(mc.movie_id = t.id)",
                          "Plans": [
                            {
                              "Node Type": "Bitmap Heap Scan",
                              "Parent Relationship": "Outer",
                              "Parallel Aware": true,
                              "Relation Name": "movie_companies",
                              "Alias": "mc",
                              "Startup Cost": 7715.0,
                              "Total Cost": 27940.27,
                              "Plan Rows": 114821,
                              "Plan Width": 4,
                              "Actual Startup Time": 26.399,
                              "Actual Total Time": 49.256,
                              "Actual Rows": 88800,
                              "Actual Loops": 4,
                              "Recheck Cond": "(company_id > 87696)",
                              "Rows Removed by Index Recheck": 0,
                              "Exact Heap Blocks": 1575,
                              "Lossy Heap Blocks": 0,
                              "Plans": [
                                {
                                  "Node Type": "Bitmap Index Scan",
                                  "Parent Relationship": "Outer",
                                  "Parallel Aware": false,
                                  "Index Name": "company_id_movie_companies",
                                  "Startup Cost": 0.0,
                                  "Total Cost": 7626.02,
                                  "Plan Rows": 355945,
                                  "Plan Width": 0,
                                  "Actual Startup Time": 25.136,
                                  "Actual Total Time": 25.136,
                                  "Actual Rows": 355202,
                                  "Actual Loops": 1,
                                  "Index Cond": "(company_id > 87696)"
                                }
                              ]
                            },
                            {
                              "Node Type": "Hash",
                              "Parent Relationship": "Inner",
                              "Parallel Aware": true,
                              "Startup Cost": 42319.06,
                              "Total Cost": 42319.06,
                              "Plan Rows": 632106,
                              "Plan Width": 4,
                              "Actual Startup Time": 443.383,
                              "Actual Total Time": 443.384,
                              "Actual Rows": 632078,
                              "Actual Loops": 4,
                              "Hash Buckets": 4194304,
                              "Original Hash Buckets": 4194304,
                              "Hash Batches": 1,
                              "Original Hash Batches": 1,
                              "Peak Memory Usage": 131712,
                              "Plans": [
                                {
                                  "Node Type": "Seq Scan",
                                  "Parent Relationship": "Outer",
                                  "Parallel Aware": true,
                                  "Relation Name": "title",
                                  "Alias": "t",
                                  "Startup Cost": 0.0,
                                  "Total Cost": 42319.06,
                                  "Plan Rows": 632106,
                                  "Plan Width": 4,
                                  "Actual Startup Time": 0.065,
                                  "Actual Total Time": 128.292,
                                  "Actual Rows": 632078,
                                  "Actual Loops": 4
                                }
                              ]
                            }
                          ]
                        }
                      ]
                    }
                  ]
                }
              ]
            }
          ]
        }
      ]
    },
    "Planning Time": 1.401,
    "Triggers": [],
    "Execution Time": 998.94
  }
]