[
  {
    "Plan": {
      "Node Type": "Aggregate",
      "Strategy": "Plain",
      "Partial Mode": "Finalize",
      "Parallel Aware": false,
      "Startup Cost": 122669.71,
      "Total Cost": 122669.72,
      "Plan Rows": 1,
      "Plan Width": 8,
      "Actual Startup Time": 643.955,
      "Actual Total Time": 661.732,
      "Actual Rows": 1,
      "Actual Loops": 1,
      "Plans": [
        {
          "Node Type": "Gather",
          "Parent Relationship": "Outer",
          "Parallel Aware": false,
          "Startup Cost": 122669.39,
          "Total Cost": 122669.7,
          "Plan Rows": 3,
          "Plan Width": 8,
          "Actual Startup Time": 641.227,
          "Actual Total Time": 661.724,
          "Actual Rows": 4,
          "Actual Loops": 1,
          "Workers Planned": 3,
          "Workers Launched": 3,
          "Single Copy": false,
          "Plans": [
            {
              "Node Type": "Aggregate",
              "Strategy": "Plain",
              "Partial Mode": "Partial",
              "Parent Relationship": "Outer",
              "Parallel Aware": false,
              "Startup Cost": 121669.39,
              "Total Cost": 121669.4,
              "Plan Rows": 1,
              "Plan Width": 8,
              "Actual Startup Time": 631.769,
              "Actual Total Time": 631.775,
              "Actual Rows": 1,
              "Actual Loops": 4,
              "Plans": [
                {
                  "Node Type": "Hash Join",
                  "Parent Relationship": "Outer",
                  "Parallel Aware": true,
                  "Join Type": "Inner",
                  "Startup Cost": 76132.48,
                  "Total Cost": 121160.84,
                  "Plan Rows": 203419,
                  "Plan Width": 0,
                  "Actual Startup Time": 371.752,
                  "Actual Total Time": 599.99,
                  "Actual Rows": 722760,
                  "Actual Loops": 4,
                  "Inner Unique": false,
                  "Hash Cond": "(mk.movie_id = t.id)",
                  "Plans": [
                    {
                      "Node Type": "Seq Scan",
                      "Parent Relationship": "Outer",
                      "Parallel Aware": true,
                      "Relation Name": "movie_keyword",
                      "Alias": "mk",
                      "Startup Cost": 0.0,
                      "Total Cost": 39047.32,
                      "Plan Rows": 1459332,
                      "Plan Width": 4,
                      "Actual Startup Time": 0.047,
                      "Actual Total Time": 97.137,
                      "Actual Rows": 1130982,
                      "Actual Loops": 4
                    },
                    {
                      "Node Type": "Hash",
                      "Parent Relationship": "Inner",
                      "Parallel Aware": true,
                      "Startup Cost": 75031.15,
                      "Total Cost": 75031.15,
                      "Plan Rows": 88106,
                      "Plan Width": 8,
                      "Actual Startup Time": 338.4,
                      "Actual Total Time": 338.404,
                      "Actual Rows": 88800,
                      "Actual Loops": 4,
                      "Hash Buckets": 524288,
                      "Original Hash Buckets": 524288,
                      "Hash Batches": 1,
                      "Original Hash Batches": 1,
                      "Peak Memory Usage": 18048,
                      "Plans": [
                        {
                          "Node Type": "Hash Join",
                          "Parent Relationship": "Outer",
                          "Parallel Aware": true,
                          "Join Type": "Inner",
                          "Startup Cost": 29267.84,
                          "Total Cost": 75031.15,
                          "Plan Rows": 88106,
                          "Plan Width": 8,
                          "Actual Startup Time": 106.397,
                          "Actual Total Time": 310.391,
                          "Actual Rows": 88800,
                          "Actual Loops": 4,
                          "Inner Unique": false,
                          "Hash Cond": "(t.id = mc.movie_id)",
                          "Plans": [
                            {
                              "Node Type": "Seq Scan",
                              "Parent Relationship": "Outer",
                              "Parallel Aware": true,
                              "Relation Name": "title",
                              "Alias": "t",
                              "Startup Cost": 0.0,
                              "Total Cost": 42318.73,
                              "Plan Rows": 632073,
                              "Plan Width": 4,
                              "Actual Startup Time": 0.014,
                              "Actual Total Time": 82.137,
                              "Actual Rows": 632078,
                              "Actual Loops": 4
                            },
                            {
                              "Node Type": "Hash",
                              "Parent Relationship": "Inner",
                              "Parallel Aware": true,
                              "Startup Cost": 27846.78,
                              "Total Cost": 27846.78,
                              "Plan Rows": 113685,
                              "Plan Width": 4,
                              "Actual Startup Time": 91.728,
                              "Actual Total Time": 91.73,
                              "Actual Rows": 88800,
                              "Actual Loops": 4,
                              "Hash Buckets": 524288,
                              "Original Hash Buckets": 524288,
                              "Hash Batches": 1,
                              "Original Hash Batches": 1,
                              "Peak Memory Usage": 18048,
                              "Plans": [
                                {
                                  "Node Type": "Bitmap Heap Scan",
                                  "Parent Relationship": "Outer",
                                  "Parallel Aware": true,
                                  "Relation Name": "movie_companies",
                                  "Alias": "mc",
                                  "Startup Cost": 7635.72,
                                  "Total Cost": 27846.78,
                                  "Plan Rows": 113685,
                                  "Plan Width": 4,
                                  "Actual Startup Time": 23.933,
                                  "Actual Total Time": 55.904,
                                  "Actual Rows": 88800,
                                  "Actual Loops": 4,
                                  "Recheck Cond": "(company_id > 87696)",
                                  "Rows Removed by Index Recheck": 0,
                                  "Exact Heap Blocks": 2407,
                                  "Lossy Heap Blocks": 0,
                                  "Plans": [
                                    {
                                      "Node Type": "Bitmap Index Scan",
                                      "Parent Relationship": "Outer",
                                      "Parallel Aware": false,
                                      "Index Name": "company_id_movie_companies",
                                      "Startup Cost": 0.0,
                                      "Total Cost": 7547.61,
                                      "Plan Rows": 352424,
                                      "Plan Width": 0,
                                      "Actual Startup Time": 22.986,
                                      "Actual Total Time": 22.986,
                                      "Actual Rows": 355202,
                                      "Actual Loops": 1,
                                      "Index Cond": "(company_id > 87696)"
                                    }
                                  ]
                                }
                              ]
                            }
                          ]
                        }
                      ]
                    }
                  ]
                }
              ]
            }
          ]
        }
      ]
    },
    "Planning Time": 1.35,
    "Triggers": [],
    "Execution Time": 661.882
  }
]