[
    {
        "Bao": {
            "Bao prediction": "NaN",
            "Bao recommended hint": "(no hint)"
        }
    },
    {
        "Plan": {
            "Node Type": "Aggregate",
            "Strategy": "Plain",
            "Partial Mode": "Finalize",
            "Parallel Aware": false,
            "Startup Cost": 78021.64,
            "Total Cost": 78021.65,
            "Plan Rows": 1,
            "Plan Width": 8,
            "Actual Startup Time": 161.667,
            "Actual Total Time": 171.218,
            "Actual Rows": 1,
            "Actual Loops": 1,
            "Output": [
                "count(*)"
            ],
            "Plans": [
                {
                    "Node Type": "Gather",
                    "Parent Relationship": "Outer",
                    "Parallel Aware": false,
                    "Startup Cost": 78021.22,
                    "Total Cost": 78021.63,
                    "Plan Rows": 4,
                    "Plan Width": 8,
                    "Actual Startup Time": 161.417,
                    "Actual Total Time": 171.207,
                    "Actual Rows": 5,
                    "Actual Loops": 1,
                    "Output": [
                        "(PARTIAL count(*))"
                    ],
                    "Workers Planned": 4,
                    "Workers Launched": 4,
                    "Single Copy": false,
                    "Plans": [
                        {
                            "Node Type": "Aggregate",
                            "Strategy": "Plain",
                            "Partial Mode": "Partial",
                            "Parent Relationship": "Outer",
                            "Parallel Aware": false,
                            "Startup Cost": 77021.22,
                            "Total Cost": 77021.23,
                            "Plan Rows": 1,
                            "Plan Width": 8,
                            "Actual Startup Time": 151.978,
                            "Actual Total Time": 151.982,
                            "Actual Rows": 1,
                            "Actual Loops": 5,
                            "Output": [
                                "PARTIAL count(*)"
                            ],
                            "Workers": [
                                {
                                    "Worker Number": 0,
                                    "Actual Startup Time": 149.221,
                                    "Actual Total Time": 149.224,
                                    "Actual Rows": 1,
                                    "Actual Loops": 1
                                },
                                {
                                    "Worker Number": 1,
                                    "Actual Startup Time": 149.743,
                                    "Actual Total Time": 149.745,
                                    "Actual Rows": 1,
                                    "Actual Loops": 1
                                },
                                {
                                    "Worker Number": 2,
                                    "Actual Startup Time": 149.871,
                                    "Actual Total Time": 149.873,
                                    "Actual Rows": 1,
                                    "Actual Loops": 1
                                },
                                {
                                    "Worker Number": 3,
                                    "Actual Startup Time": 150.035,
                                    "Actual Total Time": 150.038,
                                    "Actual Rows": 1,
                                    "Actual Loops": 1
                                }
                            ],
                            "Plans": [
                                {
                                    "Node Type": "Hash Join",
                                    "Parent Relationship": "Outer",
                                    "Parallel Aware": true,
                                    "Join Type": "Inner",
                                    "Startup Cost": 45551.22,
                                    "Total Cost": 77014.86,
                                    "Plan Rows": 2546,
                                    "Plan Width": 0,
                                    "Actual Startup Time": 87.554,
                                    "Actual Total Time": 151.776,
                                    "Actual Rows": 2419,
                                    "Actual Loops": 5,
                                    "Inner Unique": true,
                                    "Hash Cond": "(ci.movie_id = t.id)",
                                    "Workers": [
                                        {
                                            "Worker Number": 0,
                                            "Actual Startup Time": 84.924,
                                            "Actual Total Time": 149.009,
                                            "Actual Rows": 1709,
                                            "Actual Loops": 1
                                        },
                                        {
                                            "Worker Number": 1,
                                            "Actual Startup Time": 85.246,
                                            "Actual Total Time": 149.536,
                                            "Actual Rows": 2843,
                                            "Actual Loops": 1
                                        },
                                        {
                                            "Worker Number": 2,
                                            "Actual Startup Time": 85.548,
                                            "Actual Total Time": 149.671,
                                            "Actual Rows": 2807,
                                            "Actual Loops": 1
                                        },
                                        {
                                            "Worker Number": 3,
                                            "Actual Startup Time": 85.555,
                                            "Actual Total Time": 149.837,
                                            "Actual Rows": 2748,
                                            "Actual Loops": 1
                                        }
                                    ],
                                    "Plans": [
                                        {
                                            "Node Type": "Index Scan",
                                            "Parent Relationship": "Outer",
                                            "Parallel Aware": true,
                                            "Scan Direction": "Forward",
                                            "Index Name": "role_id_cast_info",
                                            "Relation Name": "cast_info",
                                            "Schema": "public",
                                            "Alias": "ci",
                                            "Startup Cost": 0.56,
                                            "Total Cost": 30725.09,
                                            "Plan Rows": 281563,
                                            "Plan Width": 4,
                                            "Actual Startup Time": 0.1,
                                            "Actual Total Time": 37.678,
                                            "Actual Rows": 218712,
                                            "Actual Loops": 5,
                                            "Output": [
                                                "ci.id",
                                                "ci.person_id",
                                                "ci.movie_id",
                                                "ci.person_role_id",
                                                "ci.note",
                                                "ci.nr_order",
                                                "ci.role_id"
                                            ],
                                            "Index Cond": "(ci.role_id = 9)",
                                            "Rows Removed by Index Recheck": 0,
                                            "Workers": [
                                                {
                                                    "Worker Number": 0,
                                                    "Actual Startup Time": 0.063,
                                                    "Actual Total Time": 38.207,
                                                    "Actual Rows": 158730,
                                                    "Actual Loops": 1
                                                },
                                                {
                                                    "Worker Number": 1,
                                                    "Actual Startup Time": 0.059,
                                                    "Actual Total Time": 37.912,
                                                    "Actual Rows": 251938,
                                                    "Actual Loops": 1
                                                },
                                                {
                                                    "Worker Number": 2,
                                                    "Actual Startup Time": 0.097,
                                                    "Actual Total Time": 37.739,
                                                    "Actual Rows": 250770,
                                                    "Actual Loops": 1
                                                },
                                                {
                                                    "Worker Number": 3,
                                                    "Actual Startup Time": 0.233,
                                                    "Actual Total Time": 38.244,
                                                    "Actual Rows": 251550,
                                                    "Actual Loops": 1
                                                }
                                            ]
                                        },
                                        {
                                            "Node Type": "Hash",
                                            "Parent Relationship": "Inner",
                                            "Parallel Aware": true,
                                            "Startup Cost": 45479.21,
                                            "Total Cost": 45479.21,
                                            "Plan Rows": 5716,
                                            "Plan Width": 4,
                                            "Actual Startup Time": 86.73,
                                            "Actual Total Time": 86.731,
                                            "Actual Rows": 3778,
                                            "Actual Loops": 5,
                                            "Output": [
                                                "t.id"
                                            ],
                                            "Hash Buckets": 32768,
                                            "Original Hash Buckets": 32768,
                                            "Hash Batches": 1,
                                            "Original Hash Batches": 1,
                                            "Peak Memory Usage": 1056,
                                            "Workers": [
                                                {
                                                    "Worker Number": 0,
                                                    "Actual Startup Time": 83.98,
                                                    "Actual Total Time": 83.98,
                                                    "Actual Rows": 2601,
                                                    "Actual Loops": 1
                                                },
                                                {
                                                    "Worker Number": 1,
                                                    "Actual Startup Time": 84.48,
                                                    "Actual Total Time": 84.481,
                                                    "Actual Rows": 3791,
                                                    "Actual Loops": 1
                                                },
                                                {
                                                    "Worker Number": 2,
                                                    "Actual Startup Time": 84.686,
                                                    "Actual Total Time": 84.687,
                                                    "Actual Rows": 3881,
                                                    "Actual Loops": 1
                                                },
                                                {
                                                    "Worker Number": 3,
                                                    "Actual Startup Time": 84.833,
                                                    "Actual Total Time": 84.834,
                                                    "Actual Rows": 3944,
                                                    "Actual Loops": 1
                                                }
                                            ],
                                            "Plans": [
                                                {
                                                    "Node Type": "Seq Scan",
                                                    "Parent Relationship": "Outer",
                                                    "Parallel Aware": true,
                                                    "Relation Name": "title",
                                                    "Schema": "public",
                                                    "Alias": "t",
                                                    "Startup Cost": 0.0,
                                                    "Total Cost": 45479.21,
                                                    "Plan Rows": 5716,
                                                    "Plan Width": 4,
                                                    "Actual Startup Time": 0.256,
                                                    "Actual Total Time": 84.758,
                                                    "Actual Rows": 3778,
                                                    "Actual Loops": 5,
                                                    "Output": [
                                                        "t.id"
                                                    ],
                                                    "Filter": "((t.kind_id < 7) AND (t.production_year = 2001))",
                                                    "Rows Removed by Filter": 501884,
                                                    "Workers": [
                                                        {
                                                            "Worker Number": 0,
                                                            "Actual Startup Time": 0.125,
                                                            "Actual Total Time": 82.06,
                                                            "Actual Rows": 2601,
                                                            "Actual Loops": 1
                                                        },
                                                        {
                                                            "Worker Number": 1,
                                                            "Actual Startup Time": 0.38,
                                                            "Actual Total Time": 82.583,
                                                            "Actual Rows": 3791,
                                                            "Actual Loops": 1
                                                        },
                                                        {
                                                            "Worker Number": 2,
                                                            "Actual Startup Time": 0.125,
                                                            "Actual Total Time": 82.429,
                                                            "Actual Rows": 3881,
                                                            "Actual Loops": 1
                                                        },
                                                        {
                                                            "Worker Number": 3,
                                                            "Actual Startup Time": 0.571,
                                                            "Actual Total Time": 82.954,
                                                            "Actual Rows": 3944,
                                                            "Actual Loops": 1
                                                        }
                                                    ]
                                                }
                                            ]
                                        }
                                    ]
                                }
                            ]
                        }
                    ]
                }
            ]
        },
        "Planning Time": 266.171,
        "Triggers": [],
        "Execution Time": 171.278
    }
]