{
    "Plan": {
        "Node Type": "Aggregate",
        "Strategy": "Plain",
        "Partial Mode": "Finalize",
        "Parallel Aware": false,
        "Startup Cost": 244906.04,
        "Total Cost": 244906.05,
        "Plan Rows": 1,
        "Plan Width": 8,
        "Actual Startup Time": 401.46,
        "Actual Total Time": 437.741,
        "Actual Rows": 1,
        "Actual Loops": 1,
        "Output": [
            "count(*)"
        ],
        "Plans": [
            {
                "Node Type": "Gather",
                "Parent Relationship": "Outer",
                "Parallel Aware": false,
                "Startup Cost": 244905.52,
                "Total Cost": 244906.03,
                "Plan Rows": 5,
                "Plan Width": 8,
                "Actual Startup Time": 400.382,
                "Actual Total Time": 437.732,
                "Actual Rows": 6,
                "Actual Loops": 1,
                "Output": [
                    "(PARTIAL count(*))"
                ],
                "Workers Planned": 5,
                "Workers Launched": 5,
                "Single Copy": false,
                "Plans": [
                    {
                        "Node Type": "Aggregate",
                        "Strategy": "Plain",
                        "Partial Mode": "Partial",
                        "Parent Relationship": "Outer",
                        "Parallel Aware": false,
                        "Startup Cost": 243905.52,
                        "Total Cost": 243905.53,
                        "Plan Rows": 1,
                        "Plan Width": 8,
                        "Actual Startup Time": 390.117,
                        "Actual Total Time": 390.121,
                        "Actual Rows": 1,
                        "Actual Loops": 6,
                        "Output": [
                            "PARTIAL count(*)"
                        ],
                        "Workers": [
                            {
                                "Worker Number": 0,
                                "Actual Startup Time": 387.307,
                                "Actual Total Time": 387.31,
                                "Actual Rows": 1,
                                "Actual Loops": 1
                            },
                            {
                                "Worker Number": 1,
                                "Actual Startup Time": 388.202,
                                "Actual Total Time": 388.205,
                                "Actual Rows": 1,
                                "Actual Loops": 1
                            },
                            {
                                "Worker Number": 2,
                                "Actual Startup Time": 388.368,
                                "Actual Total Time": 388.371,
                                "Actual Rows": 1,
                                "Actual Loops": 1
                            },
                            {
                                "Worker Number": 3,
                                "Actual Startup Time": 388.499,
                                "Actual Total Time": 388.501,
                                "Actual Rows": 1,
                                "Actual Loops": 1
                            },
                            {
                                "Worker Number": 4,
                                "Actual Startup Time": 388.766,
                                "Actual Total Time": 388.77,
                                "Actual Rows": 1,
                                "Actual Loops": 1
                            }
                        ],
                        "Plans": [
                            {
                                "Node Type": "Hash Join",
                                "Parent Relationship": "Outer",
                                "Parallel Aware": true,
                                "Join Type": "Inner",
                                "Startup Cost": 44190.82,
                                "Total Cost": 243877.18,
                                "Plan Rows": 11335,
                                "Plan Width": 0,
                                "Actual Startup Time": 330.335,
                                "Actual Total Time": 389.667,
                                "Actual Rows": 8068,
                                "Actual Loops": 6,
                                "Inner Unique": true,
                                "Hash Cond": "(mi.movie_id = t.id)",
                                "Workers": [
                                    {
                                        "Worker Number": 0,
                                        "Actual Startup Time": 327.661,
                                        "Actual Total Time": 386.85,
                                        "Actual Rows": 8253,
                                        "Actual Loops": 1
                                    },
                                    {
                                        "Worker Number": 1,
                                        "Actual Startup Time": 328.478,
                                        "Actual Total Time": 387.745,
                                        "Actual Rows": 7698,
                                        "Actual Loops": 1
                                    },
                                    {
                                        "Worker Number": 2,
                                        "Actual Startup Time": 328.554,
                                        "Actual Total Time": 387.925,
                                        "Actual Rows": 7379,
                                        "Actual Loops": 1
                                    },
                                    {
                                        "Worker Number": 3,
                                        "Actual Startup Time": 328.585,
                                        "Actual Total Time": 388.047,
                                        "Actual Rows": 7379,
                                        "Actual Loops": 1
                                    },
                                    {
                                        "Worker Number": 4,
                                        "Actual Startup Time": 328.942,
                                        "Actual Total Time": 388.314,
                                        "Actual Rows": 7668,
                                        "Actual Loops": 1
                                    }
                                ],
                                "Plans": [
                                    {
                                        "Node Type": "Seq Scan",
                                        "Parent Relationship": "Outer",
                                        "Parallel Aware": true,
                                        "Relation Name": "movie_info",
                                        "Schema": "public",
                                        "Alias": "mi",
                                        "Startup Cost": 0.0,
                                        "Total Cost": 198880.74,
                                        "Plan Rows": 306906,
                                        "Plan Width": 4,
                                        "Actual Startup Time": 248.244,
                                        "Actual Total Time": 280.816,
                                        "Actual Rows": 255652,
                                        "Actual Loops": 6,
                                        "Output": [
                                            "mi.id",
                                            "mi.movie_id",
                                            "mi.info_type_id",
                                            "mi.info",
                                            "mi.note"
                                        ],
                                        "Filter": "(mi.info_type_id = 3)",
                                        "Rows Removed by Filter": 2216968,
                                        "Workers": [
                                            {
                                                "Worker Number": 0,
                                                "Actual Startup Time": 248.276,
                                                "Actual Total Time": 280.516,
                                                "Actual Rows": 254531,
                                                "Actual Loops": 1
                                            },
                                            {
                                                "Worker Number": 1,
                                                "Actual Startup Time": 248.206,
                                                "Actual Total Time": 281.29,
                                                "Actual Rows": 242447,
                                                "Actual Loops": 1
                                            },
                                            {
                                                "Worker Number": 2,
                                                "Actual Startup Time": 248.209,
                                                "Actual Total Time": 281.13,
                                                "Actual Rows": 241547,
                                                "Actual Loops": 1
                                            },
                                            {
                                                "Worker Number": 3,
                                                "Actual Startup Time": 248.207,
                                                "Actual Total Time": 281.353,
                                                "Actual Rows": 239927,
                                                "Actual Loops": 1
                                            },
                                            {
                                                "Worker Number": 4,
                                                "Actual Startup Time": 248.217,
                                                "Actual Total Time": 281.415,
                                                "Actual Rows": 242446,
                                                "Actual Loops": 1
                                            }
                                        ]
                                    },
                                    {
                                        "Node Type": "Hash",
                                        "Parent Relationship": "Inner",
                                        "Parallel Aware": true,
                                        "Startup Cost": 43899.01,
                                        "Total Cost": 43899.01,
                                        "Plan Rows": 23345,
                                        "Plan Width": 4,
                                        "Actual Startup Time": 80.252,
                                        "Actual Total Time": 80.253,
                                        "Actual Rows": 15834,
                                        "Actual Loops": 6,
                                        "Output": [
                                            "t.id"
                                        ],
                                        "Hash Buckets": 131072,
                                        "Original Hash Buckets": 131072,
                                        "Hash Batches": 1,
                                        "Original Hash Batches": 1,
                                        "Peak Memory Usage": 4832,
                                        "Workers": [
                                            {
                                                "Worker Number": 0,
                                                "Actual Startup Time": 78.438,
                                                "Actual Total Time": 78.438,
                                                "Actual Rows": 13902,
                                                "Actual Loops": 1
                                            },
                                            {
                                                "Worker Number": 1,
                                                "Actual Startup Time": 79.357,
                                                "Actual Total Time": 79.358,
                                                "Actual Rows": 13244,
                                                "Actual Loops": 1
                                            },
                                            {
                                                "Worker Number": 2,
                                                "Actual Startup Time": 79.582,
                                                "Actual Total Time": 79.583,
                                                "Actual Rows": 13504,
                                                "Actual Loops": 1
                                            },
                                            {
                                                "Worker Number": 3,
                                                "Actual Startup Time": 79.615,
                                                "Actual Total Time": 79.616,
                                                "Actual Rows": 13767,
                                                "Actual Loops": 1
                                            },
                                            {
                                                "Worker Number": 4,
                                                "Actual Startup Time": 79.938,
                                                "Actual Total Time": 79.939,
                                                "Actual Rows": 14312,
                                                "Actual Loops": 1
                                            }
                                        ],
                                        "Plans": [
                                            {
                                                "Node Type": "Seq Scan",
                                                "Parent Relationship": "Outer",
                                                "Parallel Aware": true,
                                                "Relation Name": "title",
                                                "Schema": "public",
                                                "Alias": "t",
                                                "Startup Cost": 0.0,
                                                "Total Cost": 43899.01,
                                                "Plan Rows": 23345,
                                                "Plan Width": 4,
                                                "Actual Startup Time": 0.074,
                                                "Actual Total Time": 72.847,
                                                "Actual Rows": 15834,
                                                "Actual Loops": 6,
                                                "Output": [
                                                    "t.id"
                                                ],
                                                "Filter": "(t.production_year = 2005)",
                                                "Rows Removed by Filter": 405551,
                                                "Workers": [
                                                    {
                                                        "Worker Number": 0,
                                                        "Actual Startup Time": 0.083,
                                                        "Actual Total Time": 71.566,
                                                        "Actual Rows": 13902,
                                                        "Actual Loops": 1
                                                    },
                                                    {
                                                        "Worker Number": 1,
                                                        "Actual Startup Time": 0.089,
                                                        "Actual Total Time": 72.419,
                                                        "Actual Rows": 13244,
                                                        "Actual Loops": 1
                                                    },
                                                    {
                                                        "Worker Number": 2,
                                                        "Actual Startup Time": 0.122,
                                                        "Actual Total Time": 72.563,
                                                        "Actual Rows": 13504,
                                                        "Actual Loops": 1
                                                    },
                                                    {
                                                        "Worker Number": 3,
                                                        "Actual Startup Time": 0.063,
                                                        "Actual Total Time": 72.638,
                                                        "Actual Rows": 13767,
                                                        "Actual Loops": 1
                                                    },
                                                    {
                                                        "Worker Number": 4,
                                                        "Actual Startup Time": 0.063,
                                                        "Actual Total Time": 72.913,
                                                        "Actual Rows": 14312,
                                                        "Actual Loops": 1
                                                    }
                                                ]
                                            }
                                        ]
                                    }
                                ]
                            }
                        ]
                    }
                ]
            }
        ]
    },
    "Planning Time": 0.68,
    "Triggers": [],
    "Execution Time": 437.817
}