[
  {
    "Plan": {
      "Node Type": "Aggregate",
      "Strategy": "Plain",
      "Partial Mode": "Finalize",
      "Parallel Aware": false,
      "Startup Cost": 38293.9,
      "Total Cost": 38293.91,
      "Plan Rows": 1,
      "Plan Width": 8,
      "Actual Startup Time": 133.394,
      "Actual Total Time": 141.591,
      "Actual Rows": 1,
      "Actual Loops": 1,
      "Plans": [
        {
          "Node Type": "Gather",
          "Parent Relationship": "Outer",
          "Parallel Aware": false,
          "Startup Cost": 38293.58,
          "Total Cost": 38293.89,
          "Plan Rows": 3,
          "Plan Width": 8,
          "Actual Startup Time": 133.047,
          "Actual Total Time": 141.581,
          "Actual Rows": 4,
          "Actual Loops": 1,
          "Workers Planned": 3,
          "Workers Launched": 3,
          "Single Copy": false,
          "Plans": [
            {
              "Node Type": "Aggregate",
              "Strategy": "Plain",
              "Partial Mode": "Partial",
              "Parent Relationship": "Outer",
              "Parallel Aware": false,
              "Startup Cost": 37293.58,
              "Total Cost": 37293.59,
              "Plan Rows": 1,
              "Plan Width": 8,
              "Actual Startup Time": 123.893,
              "Actual Total Time": 123.895,
              "Actual Rows": 1,
              "Actual Loops": 4,
              "Plans": [
                {
                  "Node Type": "Bitmap Heap Scan",
                  "Parent Relationship": "Outer",
                  "Parallel Aware": true,
                  "Relation Name": "movie_keyword",
                  "Alias": "mk",
                  "Startup Cost": 10455.28,
                  "Total Cost": 36896.2,
                  "Plan Rows": 158953,
                  "Plan Width": 0,
                  "Actual Startup Time": 44.993,
                  "Actual Total Time": 116.896,
                  "Actual Rows": 122904,
                  "Actual Loops": 4,
                  "Recheck Cond": "(keyword_id > 36635)",
                  "Rows Removed by Index Recheck": 0,
                  "Exact Heap Blocks": 11092,
                  "Lossy Heap Blocks": 0,
                  "Plans": [
                    {
                      "Node Type": "Bitmap Index Scan",
                      "Parent Relationship": "Outer",
                      "Parallel Aware": false,
                      "Index Name": "keyword_id_movie_keyword",
                      "Startup Cost": 0.0,
                      "Total Cost": 10332.1,
                      "Plan Rows": 492755,
                      "Plan Width": 0,
                      "Actual Startup Time": 49.861,
                      "Actual Total Time": 49.862,
                      "Actual Rows": 491618,
                      "Actual Loops": 1,
                      "Index Cond": "(keyword_id > 36635)"
                    }
                  ]
                }
              ]
            }
          ]
        }
      ]
    },
    "Planning Time": 0.143,
    "Triggers": [],
    "Execution Time": 141.658
  }
]