[
  {
    "Plan": {
      "Node Type": "Aggregate",
      "Strategy": "Plain",
      "Partial Mode": "Finalize",
      "Parallel Aware": false,
      "Startup Cost": 24115.59,
      "Total Cost": 24115.6,
      "Plan Rows": 1,
      "Plan Width": 8,
      "Actual Startup Time": 38.31,
      "Actual Total Time": 40.905,
      "Actual Rows": 1,
      "Actual Loops": 1,
      "Plans": [
        {
          "Node Type": "Gather",
          "Parent Relationship": "Outer",
          "Parallel Aware": false,
          "Startup Cost": 24115.27,
          "Total Cost": 24115.58,
          "Plan Rows": 3,
          "Plan Width": 8,
          "Actual Startup Time": 38.197,
          "Actual Total Time": 40.898,
          "Actual Rows": 4,
          "Actual Loops": 1,
          "Workers Planned": 3,
          "Workers Launched": 3,
          "Single Copy": false,
          "Plans": [
            {
              "Node Type": "Aggregate",
              "Strategy": "Plain",
              "Partial Mode": "Partial",
              "Parent Relationship": "Outer",
              "Parallel Aware": false,
              "Startup Cost": 23115.27,
              "Total Cost": 23115.28,
              "Plan Rows": 1,
              "Plan Width": 8,
              "Actual Startup Time": 35.013,
              "Actual Total Time": 35.014,
              "Actual Rows": 1,
              "Actual Loops": 4,
              "Plans": [
                {
                  "Node Type": "Bitmap Heap Scan",
                  "Parent Relationship": "Outer",
                  "Parallel Aware": true,
                  "Relation Name": "movie_companies",
                  "Alias": "mc",
                  "Startup Cost": 3536.22,
                  "Total Cost": 22983.76,
                  "Plan Rows": 52603,
                  "Plan Width": 0,
                  "Actual Startup Time": 14.249,
                  "Actual Total Time": 31.921,
                  "Actual Rows": 41383,
                  "Actual Loops": 4,
                  "Recheck Cond": "(company_id > 125566)",
                  "Rows Removed by Index Recheck": 0,
                  "Exact Heap Blocks": 1792,
                  "Lossy Heap Blocks": 0,
                  "Plans": [
                    {
                      "Node Type": "Bitmap Index Scan",
                      "Parent Relationship": "Outer",
                      "Parallel Aware": false,
                      "Index Name": "company_id_movie_companies",
                      "Startup Cost": 0.0,
                      "Total Cost": 3495.45,
                      "Plan Rows": 163070,
                      "Plan Width": 0,
                      "Actual Startup Time": 15.692,
                      "Actual Total Time": 15.693,
                      "Actual Rows": 165533,
                      "Actual Loops": 1,
                      "Index Cond": "(company_id > 125566)"
                    }
                  ]
                }
              ]
            }
          ]
        }
      ]
    },
    "Planning Time": 0.135,
    "Triggers": [],
    "Execution Time": 40.953
  }
]