[
  {
    "Plan": {
      "Node Type": "Aggregate",
      "Strategy": "Plain",
      "Partial Mode": "Finalize",
      "Parallel Aware": false,
      "Startup Cost": 24292.5,
      "Total Cost": 24292.51,
      "Plan Rows": 1,
      "Plan Width": 8,
      "Actual Startup Time": 53.166,
      "Actual Total Time": 56.086,
      "Actual Rows": 1,
      "Actual Loops": 1,
      "Plans": [
        {
          "Node Type": "Gather",
          "Parent Relationship": "Outer",
          "Parallel Aware": false,
          "Startup Cost": 24292.18,
          "Total Cost": 24292.49,
          "Plan Rows": 3,
          "Plan Width": 8,
          "Actual Startup Time": 52.982,
          "Actual Total Time": 56.078,
          "Actual Rows": 4,
          "Actual Loops": 1,
          "Workers Planned": 3,
          "Workers Launched": 3,
          "Single Copy": false,
          "Plans": [
            {
              "Node Type": "Aggregate",
              "Strategy": "Plain",
              "Partial Mode": "Partial",
              "Parent Relationship": "Outer",
              "Parallel Aware": false,
              "Startup Cost": 23292.18,
              "Total Cost": 23292.19,
              "Plan Rows": 1,
              "Plan Width": 8,
              "Actual Startup Time": 45.791,
              "Actual Total Time": 45.793,
              "Actual Rows": 1,
              "Actual Loops": 4,
              "Plans": [
                {
                  "Node Type": "Bitmap Heap Scan",
                  "Parent Relationship": "Outer",
                  "Parallel Aware": true,
                  "Relation Name": "movie_companies",
                  "Alias": "mc",
                  "Startup Cost": 3680.5,
                  "Total Cost": 23155.23,
                  "Plan Rows": 54779,
                  "Plan Width": 0,
                  "Actual Startup Time": 16.949,
                  "Actual Total Time": 42.001,
                  "Actual Rows": 41383,
                  "Actual Loops": 4,
                  "Recheck Cond": "(company_id > 125566)",
                  "Rows Removed by Index Recheck": 0,
                  "Exact Heap Blocks": 2232,
                  "Lossy Heap Blocks": 0,
                  "Plans": [
                    {
                      "Node Type": "Bitmap Index Scan",
                      "Parent Relationship": "Outer",
                      "Parallel Aware": false,
                      "Index Name": "company_id_movie_companies",
                      "Startup Cost": 0.0,
                      "Total Cost": 3638.04,
                      "Plan Rows": 169815,
                      "Plan Width": 0,
                      "Actual Startup Time": 21.812,
                      "Actual Total Time": 21.812,
                      "Actual Rows": 165533,
                      "Actual Loops": 1,
                      "Index Cond": "(company_id > 125566)"
                    }
                  ]
                }
              ]
            }
          ]
        }
      ]
    },
    "Planning Time": 0.251,
    "Triggers": [],
    "Execution Time": 56.173
  }
]