[
  {
    "Plan": {
      "Node Type": "Aggregate",
      "Strategy": "Plain",
      "Partial Mode": "Simple",
      "Parallel Aware": false,
      "Startup Cost": 26830.75,
      "Total Cost": 26830.76,
      "Plan Rows": 1,
      "Plan Width": 8,
      "Actual Startup Time": 44.683,
      "Actual Total Time": 44.684,
      "Actual Rows": 1,
      "Actual Loops": 1,
      "Plans": [
        {
          "Node Type": "Bitmap Heap Scan",
          "Parent Relationship": "Outer",
          "Parallel Aware": false,
          "Relation Name": "movie_keyword",
          "Alias": "mk",
          "Startup Cost": 861.74,
          "Total Cost": 26729.68,
          "Plan Rows": 40427,
          "Plan Width": 0,
          "Actual Startup Time": 14.175,
          "Actual Total Time": 40.966,
          "Actual Rows": 42341,
          "Actual Loops": 1,
          "Recheck Cond": "(keyword_id > 103424)",
          "Rows Removed by Index Recheck": 0,
          "Exact Heap Blocks": 10967,
          "Lossy Heap Blocks": 0,
          "Plans": [
            {
              "Node Type": "Bitmap Index Scan",
              "Parent Relationship": "Outer",
              "Parallel Aware": false,
              "Index Name": "keyword_id_movie_keyword",
              "Startup Cost": 0.0,
              "Total Cost": 851.63,
              "Plan Rows": 40427,
              "Plan Width": 0,
              "Actual Startup Time": 9.501,
              "Actual Total Time": 9.502,
              "Actual Rows": 42341,
              "Actual Loops": 1,
              "Index Cond": "(keyword_id > 103424)"
            }
          ]
        }
      ]
    },
    "Planning Time": 0.305,
    "Triggers": [],
    "Execution Time": 44.74
  }
]