[
  {
    "Plan": {
      "Node Type": "Aggregate",
      "Strategy": "Plain",
      "Partial Mode": "Finalize",
      "Parallel Aware": false,
      "Startup Cost": 340001.71,
      "Total Cost": 340001.72,
      "Plan Rows": 1,
      "Plan Width": 8,
      "Actual Startup Time": 838.346,
      "Actual Total Time": 896.891,
      "Actual Rows": 1,
      "Actual Loops": 1,
      "Plans": [
        {
          "Node Type": "Gather",
          "Parent Relationship": "Outer",
          "Parallel Aware": false,
          "Startup Cost": 340001.08,
          "Total Cost": 340001.69,
          "Plan Rows": 6,
          "Plan Width": 8,
          "Actual Startup Time": 838.23,
          "Actual Total Time": 896.881,
          "Actual Rows": 7,
          "Actual Loops": 1,
          "Workers Planned": 6,
          "Workers Launched": 6,
          "Single Copy": false,
          "Plans": [
            {
              "Node Type": "Aggregate",
              "Strategy": "Plain",
              "Partial Mode": "Partial",
              "Parent Relationship": "Outer",
              "Parallel Aware": false,
              "Startup Cost": 339001.08,
              "Total Cost": 339001.09,
              "Plan Rows": 1,
              "Plan Width": 8,
              "Actual Startup Time": 828.069,
              "Actual Total Time": 828.07,
              "Actual Rows": 1,
              "Actual Loops": 7,
              "Plans": [
                {
                  "Node Type": "Seq Scan",
                  "Parent Relationship": "Outer",
                  "Parallel Aware": true,
                  "Relation Name": "cast_info",
                  "Alias": "ci",
                  "Startup Cost": 0.0,
                  "Total Cost": 328162.03,
                  "Plan Rows": 4335622,
                  "Plan Width": 0,
                  "Actual Startup Time": 124.379,
                  "Actual Total Time": 658.085,
                  "Actual Rows": 3711427,
                  "Actual Loops": 7,
                  "Filter": "(person_id > 1009768)",
                  "Rows Removed by Filter": 1466337
                }
              ]
            }
          ]
        }
      ]
    },
    "Planning Time": 0.175,
    "Triggers": [],
    "Execution Time": 896.959
  }
]