[
  {
    "Plan": {
      "Node Type": "Aggregate",
      "Strategy": "Plain",
      "Partial Mode": "Finalize",
      "Parallel Aware": false,
      "Startup Cost": 79374.72,
      "Total Cost": 79374.73,
      "Plan Rows": 1,
      "Plan Width": 8,
      "Actual Startup Time": 575.2,
      "Actual Total Time": 655.76,
      "Actual Rows": 1,
      "Actual Loops": 1,
      "Plans": [
        {
          "Node Type": "Gather",
          "Parent Relationship": "Outer",
          "Parallel Aware": false,
          "Startup Cost": 79374.4,
          "Total Cost": 79374.71,
          "Plan Rows": 3,
          "Plan Width": 8,
          "Actual Startup Time": 575.178,
          "Actual Total Time": 655.748,
          "Actual Rows": 4,
          "Actual Loops": 1,
          "Workers Planned": 3,
          "Workers Launched": 3,
          "Single Copy": false,
          "Plans": [
            {
              "Node Type": "Aggregate",
              "Strategy": "Plain",
              "Partial Mode": "Partial",
              "Parent Relationship": "Outer",
              "Parallel Aware": false,
              "Startup Cost": 78374.4,
              "Total Cost": 78374.41,
              "Plan Rows": 1,
              "Plan Width": 8,
              "Actual Startup Time": 568.739,
              "Actual Total Time": 568.741,
              "Actual Rows": 1,
              "Actual Loops": 4,
              "Plans": [
                {
                  "Node Type": "Nested Loop",
                  "Parent Relationship": "Outer",
                  "Parallel Aware": false,
                  "Join Type": "Inner",
                  "Startup Cost": 484.73,
                  "Total Cost": 78180.76,
                  "Plan Rows": 77456,
                  "Plan Width": 0,
                  "Actual Startup Time": 2.406,
                  "Actual Total Time": 558.195,
                  "Actual Rows": 169900,
                  "Actual Loops": 4,
                  "Inner Unique": false,
                  "Plans": [
                    {
                      "Node Type": "Nested Loop",
                      "Parent Relationship": "Outer",
                      "Parallel Aware": false,
                      "Join Type": "Inner",
                      "Startup Cost": 484.17,
                      "Total Cost": 62634.03,
                      "Plan Rows": 7297,
                      "Plan Width": 8,
                      "Actual Startup Time": 2.249,
                      "Actual Total Time": 50.852,
                      "Actual Rows": 4882,
                      "Actual Loops": 4,
                      "Inner Unique": true,
                      "Plans": [
                        {
                          "Node Type": "Bitmap Heap Scan",
                          "Parent Relationship": "Outer",
                          "Parallel Aware": true,
                          "Relation Name": "movie_keyword",
                          "Alias": "mk",
                          "Startup Cost": 483.74,
                          "Total Cost": 25540.48,
                          "Plan Rows": 7297,
                          "Plan Width": 4,
                          "Actual Startup Time": 2.078,
                          "Actual Total Time": 17.518,
                          "Actual Rows": 4882,
                          "Actual Loops": 4,
                          "Recheck Cond": "(keyword_id = 137)",
                          "Rows Removed by Index Recheck": 0,
                          "Exact Heap Blocks": 4845,
                          "Lossy Heap Blocks": 0,
                          "Plans": [
                            {
                              "Node Type": "Bitmap Index Scan",
                              "Parent Relationship": "Outer",
                              "Parallel Aware": false,
                              "Index Name": "keyword_id_movie_keyword",
                              "Startup Cost": 0.0,
                              "Total Cost": 478.08,
                              "Plan Rows": 22620,
                              "Plan Width": 0,
                              "Actual Startup Time": 3.561,
                              "Actual Total Time": 3.562,
                              "Actual Rows": 19528,
                              "Actual Loops": 1,
                              "Index Cond": "(keyword_id = 137)"
                            }
                          ]
                        },
                        {
                          "Node Type": "Index Only Scan",
                          "Parent Relationship": "Inner",
                          "Parallel Aware": false,
                          "Scan Direction": "Forward",
                          "Index Name": "title_pkey",
                          "Relation Name": "title",
                          "Alias": "t",
                          "Startup Cost": 0.43,
                          "Total Cost": 5.08,
                          "Plan Rows": 1,
                          "Plan Width": 4,
                          "Actual Startup Time": 0.006,
                          "Actual Total Time": 0.006,
                          "Actual Rows": 1,
                          "Actual Loops": 19528,
                          "Index Cond": "(id = mk.movie_id)",
                          "Rows Removed by Index Recheck": 0,
                          "Heap Fetches": 19528
                        }
                      ]
                    },
                    {
                      "Node Type": "Index Scan",
                      "Parent Relationship": "Inner",
                      "Parallel Aware": false,
                      "Scan Direction": "Forward",
                      "Index Name": "movie_id_cast_info",
                      "Relation Name": "cast_info",
                      "Alias": "ci",
                      "Startup Cost": 0.56,
                      "Total Cost": 1.87,
                      "Plan Rows": 26,
                      "Plan Width": 4,
                      "Actual Startup Time": 0.009,
                      "Actual Total Time": 0.101,
                      "Actual Rows": 35,
                      "Actual Loops": 19528,
                      "Index Cond": "(movie_id = t.id)",
                      "Rows Removed by Index Recheck": 0,
                      "Filter": "(person_id < 2771096)",
                      "Rows Removed by Filter": 12
                    }
                  ]
                }
              ]
            }
          ]
        }
      ]
    },
    "Planning Time": 0.559,
    "Triggers": [],
    "Execution Time": 655.841
  }
]