[
    {
        "Bao": {
            "Bao prediction": "NaN",
            "Bao recommended hint": "(no hint)"
        }
    },
    {
        "Plan": {
            "Node Type": "Aggregate",
            "Strategy": "Plain",
            "Partial Mode": "Finalize",
            "Parallel Aware": false,
            "Startup Cost": 43614.34,
            "Total Cost": 43614.35,
            "Plan Rows": 1,
            "Plan Width": 8,
            "Actual Startup Time": 141.835,
            "Actual Total Time": 148.427,
            "Actual Rows": 1,
            "Actual Loops": 1,
            "Output": [
                "count(*)"
            ],
            "Plans": [
                {
                    "Node Type": "Gather",
                    "Parent Relationship": "Outer",
                    "Parallel Aware": false,
                    "Startup Cost": 43614.02,
                    "Total Cost": 43614.33,
                    "Plan Rows": 3,
                    "Plan Width": 8,
                    "Actual Startup Time": 141.575,
                    "Actual Total Time": 148.42,
                    "Actual Rows": 4,
                    "Actual Loops": 1,
                    "Output": [
                        "(PARTIAL count(*))"
                    ],
                    "Workers Planned": 3,
                    "Workers Launched": 3,
                    "Single Copy": false,
                    "Plans": [
                        {
                            "Node Type": "Aggregate",
                            "Strategy": "Plain",
                            "Partial Mode": "Partial",
                            "Parent Relationship": "Outer",
                            "Parallel Aware": false,
                            "Startup Cost": 42614.02,
                            "Total Cost": 42614.03,
                            "Plan Rows": 1,
                            "Plan Width": 8,
                            "Actual Startup Time": 132.894,
                            "Actual Total Time": 132.896,
                            "Actual Rows": 1,
                            "Actual Loops": 4,
                            "Output": [
                                "PARTIAL count(*)"
                            ],
                            "Workers": [
                                {
                                    "Worker Number": 0,
                                    "Actual Startup Time": 129.649,
                                    "Actual Total Time": 129.651,
                                    "Actual Rows": 1,
                                    "Actual Loops": 1
                                },
                                {
                                    "Worker Number": 1,
                                    "Actual Startup Time": 130.382,
                                    "Actual Total Time": 130.384,
                                    "Actual Rows": 1,
                                    "Actual Loops": 1
                                },
                                {
                                    "Worker Number": 2,
                                    "Actual Startup Time": 130.356,
                                    "Actual Total Time": 130.358,
                                    "Actual Rows": 1,
                                    "Actual Loops": 1
                                }
                            ],
                            "Plans": [
                                {
                                    "Node Type": "Bitmap Heap Scan",
                                    "Parent Relationship": "Outer",
                                    "Parallel Aware": true,
                                    "Relation Name": "movie_keyword",
                                    "Schema": "public",
                                    "Alias": "mk",
                                    "Startup Cost": 14786.96,
                                    "Total Cost": 42051.84,
                                    "Plan Rows": 224871,
                                    "Plan Width": 0,
                                    "Actual Startup Time": 49.04,
                                    "Actual Total Time": 123.708,
                                    "Actual Rows": 171031,
                                    "Actual Loops": 4,
                                    "Recheck Cond": "(mk.keyword_id > 27529)",
                                    "Rows Removed by Index Recheck": 0,
                                    "Exact Heap Blocks": 10365,
                                    "Lossy Heap Blocks": 0,
                                    "Workers": [
                                        {
                                            "Worker Number": 0,
                                            "Actual Startup Time": 46.071,
                                            "Actual Total Time": 121.871,
                                            "Actual Rows": 119305,
                                            "Actual Loops": 1
                                        },
                                        {
                                            "Worker Number": 1,
                                            "Actual Startup Time": 46.594,
                                            "Actual Total Time": 121.843,
                                            "Actual Rows": 132151,
                                            "Actual Loops": 1
                                        },
                                        {
                                            "Worker Number": 2,
                                            "Actual Startup Time": 46.48,
                                            "Actual Total Time": 121.714,
                                            "Actual Rows": 130494,
                                            "Actual Loops": 1
                                        }
                                    ],
                                    "Plans": [
                                        {
                                            "Node Type": "Bitmap Index Scan",
                                            "Parent Relationship": "Outer",
                                            "Parallel Aware": false,
                                            "Index Name": "keyword_id_movie_keyword",
                                            "Startup Cost": 0.0,
                                            "Total Cost": 14612.68,
                                            "Plan Rows": 697100,
                                            "Plan Width": 0,
                                            "Actual Startup Time": 53.593,
                                            "Actual Total Time": 53.593,
                                            "Actual Rows": 684124,
                                            "Actual Loops": 1,
                                            "Index Cond": "(mk.keyword_id > 27529)"
                                        }
                                    ]
                                }
                            ]
                        }
                    ]
                }
            ]
        },
        "Planning Time": 205.127,
        "Triggers": [],
        "Execution Time": 148.502
    }
]