[
  {
    "Plan": {
      "Node Type": "Aggregate",
      "Strategy": "Plain",
      "Partial Mode": "Finalize",
      "Parallel Aware": false,
      "Startup Cost": 44658.33,
      "Total Cost": 44658.34,
      "Plan Rows": 1,
      "Plan Width": 8,
      "Actual Startup Time": 135.838,
      "Actual Total Time": 145.212,
      "Actual Rows": 1,
      "Actual Loops": 1,
      "Plans": [
        {
          "Node Type": "Gather",
          "Parent Relationship": "Outer",
          "Parallel Aware": false,
          "Startup Cost": 44658.01,
          "Total Cost": 44658.32,
          "Plan Rows": 3,
          "Plan Width": 8,
          "Actual Startup Time": 135.678,
          "Actual Total Time": 145.203,
          "Actual Rows": 4,
          "Actual Loops": 1,
          "Workers Planned": 3,
          "Workers Launched": 3,
          "Single Copy": false,
          "Plans": [
            {
              "Node Type": "Aggregate",
              "Strategy": "Plain",
              "Partial Mode": "Partial",
              "Parent Relationship": "Outer",
              "Parallel Aware": false,
              "Startup Cost": 43658.01,
              "Total Cost": 43658.02,
              "Plan Rows": 1,
              "Plan Width": 8,
              "Actual Startup Time": 129.844,
              "Actual Total Time": 129.846,
              "Actual Rows": 1,
              "Actual Loops": 4,
              "Plans": [
                {
                  "Node Type": "Seq Scan",
                  "Parent Relationship": "Outer",
                  "Parallel Aware": true,
                  "Relation Name": "movie_keyword",
                  "Alias": "mk",
                  "Startup Cost": 0.0,
                  "Total Cost": 42695.65,
                  "Plan Rows": 384943,
                  "Plan Width": 0,
                  "Actual Startup Time": 2.369,
                  "Actual Total Time": 113.503,
                  "Actual Rows": 299298,
                  "Actual Loops": 4,
                  "Filter": "(keyword_id > 15392)",
                  "Rows Removed by Filter": 831685
                }
              ]
            }
          ]
        }
      ]
    },
    "Planning Time": 0.193,
    "Triggers": [],
    "Execution Time": 145.268
  }
]