{
  "Plan": {
    "Node Type": "Aggregate",
    "Strategy": "Plain",
    "Partial Mode": "Finalize",
    "Parallel Aware": false,
    "Startup Cost": 308856.81,
    "Total Cost": 308856.82,
    "Plan Rows": 1,
    "Plan Width": 8,
    "Actual Startup Time": 725.223,
    "Actual Total Time": 752.786,
    "Actual Rows": 1,
    "Actual Loops": 1,
    "Plans": [
      {
        "Node Type": "Gather",
        "Parent Relationship": "Outer",
        "Parallel Aware": false,
        "Startup Cost": 308856.7,
        "Total Cost": 308856.81,
        "Plan Rows": 1,
        "Plan Width": 8,
        "Actual Startup Time": 724.779,
        "Actual Total Time": 752.78,
        "Actual Rows": 2,
        "Actual Loops": 1,
        "Workers Planned": 1,
        "Workers Launched": 1,
        "Single Copy": false,
        "Plans": [
          {
            "Node Type": "Aggregate",
            "Strategy": "Plain",
            "Partial Mode": "Partial",
            "Parent Relationship": "Outer",
            "Parallel Aware": false,
            "Startup Cost": 307856.7,
            "Total Cost": 307856.71,
            "Plan Rows": 1,
            "Plan Width": 8,
            "Actual Startup Time": 720.904,
            "Actual Total Time": 720.907,
            "Actual Rows": 1,
            "Actual Loops": 2,
            "Plans": [
              {
                "Node Type": "Hash Join",
                "Parent Relationship": "Outer",
                "Parallel Aware": true,
                "Join Type": "Inner",
                "Startup Cost": 55774.4,
                "Total Cost": 307739.45,
                "Plan Rows": 46899,
                "Plan Width": 0,
                "Actual Startup Time": 157.326,
                "Actual Total Time": 719.748,
                "Actual Rows": 22363,
                "Actual Loops": 2,
                "Inner Unique": true,
                "Hash Cond": "(ci.movie_id = t.id)",
                "Plans": [
                  {
                    "Node Type": "Index Scan",
                    "Parent Relationship": "Outer",
                    "Parallel Aware": true,
                    "Scan Direction": "Forward",
                    "Index Name": "role_id_cast_info",
                    "Relation Name": "cast_info",
                    "Alias": "ci",
                    "Startup Cost": 0.56,
                    "Total Cost": 250034.97,
                    "Plan Rows": 735481,
                    "Plan Width": 4,
                    "Actual Startup Time": 0.074,
                    "Actual Total Time": 502.711,
                    "Actual Rows": 310286,
                    "Actual Loops": 2,
                    "Index Cond": "(role_id > 6)",
                    "Rows Removed by Index Recheck": 0,
                    "Filter": "(person_id < 578145)",
                    "Rows Removed by Filter": 3546034
                  },
                  {
                    "Node Type": "Hash",
                    "Parent Relationship": "Inner",
                    "Parallel Aware": true,
                    "Startup Cost": 54588.39,
                    "Total Cost": 54588.39,
                    "Plan Rows": 94836,
                    "Plan Width": 4,
                    "Actual Startup Time": 154.226,
                    "Actual Total Time": 154.227,
                    "Actual Rows": 80008,
                    "Actual Loops": 2,
                    "Hash Buckets": 262144,
                    "Original Hash Buckets": 262144,
                    "Hash Batches": 1,
                    "Original Hash Batches": 1,
                    "Peak Memory Usage": 8352,
                    "Plans": [
                      {
                        "Node Type": "Seq Scan",
                        "Parent Relationship": "Outer",
                        "Parallel Aware": true,
                        "Relation Name": "title",
                        "Alias": "t",
                        "Startup Cost": 0.0,
                        "Total Cost": 54588.39,
                        "Plan Rows": 94836,
                        "Plan Width": 4,
                        "Actual Startup Time": 0.026,
                        "Actual Total Time": 133.366,
                        "Actual Rows": 80008,
                        "Actual Loops": 2,
                        "Filter": "(production_year = 2011)",
                        "Rows Removed by Filter": 1184148
                      }
                    ]
                  }
                ]
              }
            ]
          }
        ]
      }
    ]
  },
  "Planning Time": 0.567,
  "Triggers": [],
  "Execution Time": 752.854
}