[
  {
    "Plan": {
      "Node Type": "Aggregate",
      "Strategy": "Plain",
      "Partial Mode": "Finalize",
      "Parallel Aware": false,
      "Startup Cost": 381829.7,
      "Total Cost": 381829.71,
      "Plan Rows": 1,
      "Plan Width": 8,
      "Actual Startup Time": 522.631,
      "Actual Total Time": 539.1,
      "Actual Rows": 1,
      "Actual Loops": 1,
      "Plans": [
        {
          "Node Type": "Gather",
          "Parent Relationship": "Outer",
          "Parallel Aware": false,
          "Startup Cost": 381829.07,
          "Total Cost": 381829.68,
          "Plan Rows": 6,
          "Plan Width": 8,
          "Actual Startup Time": 514.743,
          "Actual Total Time": 539.083,
          "Actual Rows": 7,
          "Actual Loops": 1,
          "Workers Planned": 6,
          "Workers Launched": 6,
          "Single Copy": false,
          "Plans": [
            {
              "Node Type": "Aggregate",
              "Strategy": "Plain",
              "Partial Mode": "Partial",
              "Parent Relationship": "Outer",
              "Parallel Aware": false,
              "Startup Cost": 380829.07,
              "Total Cost": 380829.08,
              "Plan Rows": 1,
              "Plan Width": 8,
              "Actual Startup Time": 501.297,
              "Actual Total Time": 501.3,
              "Actual Rows": 1,
              "Actual Loops": 7,
              "Plans": [
                {
                  "Node Type": "Hash Join",
                  "Parent Relationship": "Outer",
                  "Parallel Aware": true,
                  "Join Type": "Inner",
                  "Startup Cost": 118641.1,
                  "Total Cost": 379989.04,
                  "Plan Rows": 336014,
                  "Plan Width": 0,
                  "Actual Startup Time": 399.786,
                  "Actual Total Time": 494.968,
                  "Actual Rows": 126754,
                  "Actual Loops": 7,
                  "Inner Unique": true,
                  "Hash Cond": "(ci.movie_id = t.id)",
                  "Plans": [
                    {
                      "Node Type": "Bitmap Heap Scan",
                      "Parent Relationship": "Outer",
                      "Parallel Aware": true,
                      "Relation Name": "cast_info",
                      "Alias": "ci",
                      "Startup Cost": 68421.29,
                      "Total Cost": 328887.2,
                      "Plan Rows": 336014,
                      "Plan Width": 4,
                      "Actual Startup Time": 175.562,
                      "Actual Total Time": 211.912,
                      "Actual Rows": 126754,
                      "Actual Loops": 7,
                      "Recheck Cond": "(person_id < 306106)",
                      "Rows Removed by Index Recheck": 0,
                      "Filter": "(role_id > 1)",
                      "Rows Removed by Filter": 324728,
                      "Exact Heap Blocks": 6835,
                      "Lossy Heap Blocks": 0,
                      "Plans": [
                        {
                          "Node Type": "Bitmap Index Scan",
                          "Parent Relationship": "Outer",
                          "Parallel Aware": false,
                          "Index Name": "person_id_cast_info",
                          "Startup Cost": 0.0,
                          "Total Cost": 67917.27,
                          "Plan Rows": 3111561,
                          "Plan Width": 0,
                          "Actual Startup Time": 101.299,
                          "Actual Total Time": 101.299,
                          "Actual Rows": 3160380,
                          "Actual Loops": 1,
                          "Index Cond": "(person_id < 306106)"
                        }
                      ]
                    },
                    {
                      "Node Type": "Hash",
                      "Parent Relationship": "Inner",
                      "Parallel Aware": true,
                      "Startup Cost": 42318.81,
                      "Total Cost": 42318.81,
                      "Plan Rows": 632080,
                      "Plan Width": 4,
                      "Actual Startup Time": 219.491,
                      "Actual Total Time": 219.492,
                      "Actual Rows": 361187,
                      "Actual Loops": 7,
                      "Hash Buckets": 4194304,
                      "Original Hash Buckets": 4194304,
                      "Hash Batches": 1,
                      "Original Hash Batches": 1,
                      "Peak Memory Usage": 131744,
                      "Plans": [
                        {
                          "Node Type": "Seq Scan",
                          "Parent Relationship": "Outer",
                          "Parallel Aware": true,
                          "Relation Name": "title",
                          "Alias": "t",
                          "Startup Cost": 0.0,
                          "Total Cost": 42318.81,
                          "Plan Rows": 632080,
                          "Plan Width": 4,
                          "Actual Startup Time": 0.025,
                          "Actual Total Time": 65.074,
                          "Actual Rows": 361187,
                          "Actual Loops": 7
                        }
                      ]
                    }
                  ]
                }
              ]
            }
          ]
        }
      ]
    },
    "Planning Time": 0.226,
    "Triggers": [],
    "Execution Time": 539.136
  }
]