{
    "Plan": {
        "Node Type": "Aggregate",
        "Strategy": "Plain",
        "Partial Mode": "Finalize",
        "Parallel Aware": false,
        "Startup Cost": 400410.97,
        "Total Cost": 400410.98,
        "Plan Rows": 1,
        "Plan Width": 8,
        "Actual Startup Time": 2583.444,
        "Actual Total Time": 2634.227,
        "Actual Rows": 1,
        "Actual Loops": 1,
        "Output": [
            "count(*)"
        ],
        "Plans": [
            {
                "Node Type": "Gather",
                "Parent Relationship": "Outer",
                "Parallel Aware": false,
                "Startup Cost": 400410.34,
                "Total Cost": 400410.95,
                "Plan Rows": 6,
                "Plan Width": 8,
                "Actual Startup Time": 2579.001,
                "Actual Total Time": 2634.217,
                "Actual Rows": 7,
                "Actual Loops": 1,
                "Output": [
                    "(PARTIAL count(*))"
                ],
                "Workers Planned": 6,
                "Workers Launched": 6,
                "Single Copy": false,
                "Plans": [
                    {
                        "Node Type": "Aggregate",
                        "Strategy": "Plain",
                        "Partial Mode": "Partial",
                        "Parent Relationship": "Outer",
                        "Parallel Aware": false,
                        "Startup Cost": 399410.34,
                        "Total Cost": 399410.35,
                        "Plan Rows": 1,
                        "Plan Width": 8,
                        "Actual Startup Time": 2564.55,
                        "Actual Total Time": 2564.552,
                        "Actual Rows": 1,
                        "Actual Loops": 7,
                        "Output": [
                            "PARTIAL count(*)"
                        ],
                        "Workers": [
                            {
                                "Worker Number": 0,
                                "Actual Startup Time": 2562.697,
                                "Actual Total Time": 2562.699,
                                "Actual Rows": 1,
                                "Actual Loops": 1
                            },
                            {
                                "Worker Number": 1,
                                "Actual Startup Time": 2561.699,
                                "Actual Total Time": 2561.702,
                                "Actual Rows": 1,
                                "Actual Loops": 1
                            },
                            {
                                "Worker Number": 2,
                                "Actual Startup Time": 2561.693,
                                "Actual Total Time": 2561.696,
                                "Actual Rows": 1,
                                "Actual Loops": 1
                            },
                            {
                                "Worker Number": 3,
                                "Actual Startup Time": 2561.944,
                                "Actual Total Time": 2561.947,
                                "Actual Rows": 1,
                                "Actual Loops": 1
                            },
                            {
                                "Worker Number": 4,
                                "Actual Startup Time": 2563.077,
                                "Actual Total Time": 2563.079,
                                "Actual Rows": 1,
                                "Actual Loops": 1
                            },
                            {
                                "Worker Number": 5,
                                "Actual Startup Time": 2562.698,
                                "Actual Total Time": 2562.7,
                                "Actual Rows": 1,
                                "Actual Loops": 1
                            }
                        ],
                        "Plans": [
                            {
                                "Node Type": "Hash Join",
                                "Parent Relationship": "Outer",
                                "Parallel Aware": true,
                                "Join Type": "Inner",
                                "Startup Cost": 50130.21,
                                "Total Cost": 391842.57,
                                "Plan Rows": 3027108,
                                "Plan Width": 0,
                                "Actual Startup Time": 246.797,
                                "Actual Total Time": 2449.098,
                                "Actual Rows": 2557167,
                                "Actual Loops": 7,
                                "Inner Unique": true,
                                "Hash Cond": "(ci.movie_id = t.id)",
                                "Workers": [
                                    {
                                        "Worker Number": 0,
                                        "Actual Startup Time": 245.036,
                                        "Actual Total Time": 2442.572,
                                        "Actual Rows": 2089295,
                                        "Actual Loops": 1
                                    },
                                    {
                                        "Worker Number": 1,
                                        "Actual Startup Time": 244.058,
                                        "Actual Total Time": 2450.466,
                                        "Actual Rows": 2794156,
                                        "Actual Loops": 1
                                    },
                                    {
                                        "Worker Number": 2,
                                        "Actual Startup Time": 244.038,
                                        "Actual Total Time": 2451.425,
                                        "Actual Rows": 2774833,
                                        "Actual Loops": 1
                                    },
                                    {
                                        "Worker Number": 3,
                                        "Actual Startup Time": 244.38,
                                        "Actual Total Time": 2456.532,
                                        "Actual Rows": 2545617,
                                        "Actual Loops": 1
                                    },
                                    {
                                        "Worker Number": 4,
                                        "Actual Startup Time": 244.534,
                                        "Actual Total Time": 2453.453,
                                        "Actual Rows": 2756209,
                                        "Actual Loops": 1
                                    },
                                    {
                                        "Worker Number": 5,
                                        "Actual Startup Time": 245.215,
                                        "Actual Total Time": 2436.911,
                                        "Actual Rows": 1957626,
                                        "Actual Loops": 1
                                    }
                                ],
                                "Plans": [
                                    {
                                        "Node Type": "Seq Scan",
                                        "Parent Relationship": "Outer",
                                        "Parallel Aware": true,
                                        "Relation Name": "cast_info",
                                        "Schema": "public",
                                        "Alias": "ci",
                                        "Startup Cost": 0.0,
                                        "Total Cost": 328213.62,
                                        "Plan Rows": 5142372,
                                        "Plan Width": 4,
                                        "Actual Startup Time": 59.514,
                                        "Actual Total Time": 654.624,
                                        "Actual Rows": 4386661,
                                        "Actual Loops": 7,
                                        "Output": [
                                            "ci.id",
                                            "ci.person_id",
                                            "ci.movie_id",
                                            "ci.person_role_id",
                                            "ci.note",
                                            "ci.nr_order",
                                            "ci.role_id"
                                        ],
                                        "Filter": "(ci.person_id > 534673)",
                                        "Rows Removed by Filter": 791102,
                                        "Workers": [
                                            {
                                                "Worker Number": 0,
                                                "Actual Startup Time": 59.636,
                                                "Actual Total Time": 693.499,
                                                "Actual Rows": 3602473,
                                                "Actual Loops": 1
                                            },
                                            {
                                                "Worker Number": 1,
                                                "Actual Startup Time": 59.499,
                                                "Actual Total Time": 657.84,
                                                "Actual Rows": 4786327,
                                                "Actual Loops": 1
                                            },
                                            {
                                                "Worker Number": 2,
                                                "Actual Startup Time": 59.519,
                                                "Actual Total Time": 656.286,
                                                "Actual Rows": 4773523,
                                                "Actual Loops": 1
                                            },
                                            {
                                                "Worker Number": 3,
                                                "Actual Startup Time": 59.487,
                                                "Actual Total Time": 653.444,
                                                "Actual Rows": 4360372,
                                                "Actual Loops": 1
                                            },
                                            {
                                                "Worker Number": 4,
                                                "Actual Startup Time": 59.477,
                                                "Actual Total Time": 653.621,
                                                "Actual Rows": 4725733,
                                                "Actual Loops": 1
                                            },
                                            {
                                                "Worker Number": 5,
                                                "Actual Startup Time": 59.51,
                                                "Actual Total Time": 705.22,
                                                "Actual Rows": 3341638,
                                                "Actual Loops": 1
                                            }
                                        ]
                                    },
                                    {
                                        "Node Type": "Hash",
                                        "Parent Relationship": "Inner",
                                        "Parallel Aware": true,
                                        "Startup Cost": 45479.21,
                                        "Total Cost": 45479.21,
                                        "Plan Rows": 372080,
                                        "Plan Width": 4,
                                        "Actual Startup Time": 182.297,
                                        "Actual Total Time": 182.298,
                                        "Actual Rows": 211206,
                                        "Actual Loops": 7,
                                        "Output": [
                                            "t.id"
                                        ],
                                        "Hash Buckets": 2097152,
                                        "Original Hash Buckets": 2097152,
                                        "Hash Batches": 1,
                                        "Original Hash Batches": 1,
                                        "Peak Memory Usage": 74304,
                                        "Workers": [
                                            {
                                                "Worker Number": 0,
                                                "Actual Startup Time": 184.918,
                                                "Actual Total Time": 184.919,
                                                "Actual Rows": 160019,
                                                "Actual Loops": 1
                                            },
                                            {
                                                "Worker Number": 1,
                                                "Actual Startup Time": 183.658,
                                                "Actual Total Time": 183.659,
                                                "Actual Rows": 212410,
                                                "Actual Loops": 1
                                            },
                                            {
                                                "Worker Number": 2,
                                                "Actual Startup Time": 183.61,
                                                "Actual Total Time": 183.611,
                                                "Actual Rows": 221673,
                                                "Actual Loops": 1
                                            },
                                            {
                                                "Worker Number": 3,
                                                "Actual Startup Time": 184.015,
                                                "Actual Total Time": 184.017,
                                                "Actual Rows": 191788,
                                                "Actual Loops": 1
                                            },
                                            {
                                                "Worker Number": 4,
                                                "Actual Startup Time": 184.234,
                                                "Actual Total Time": 184.235,
                                                "Actual Rows": 213774,
                                                "Actual Loops": 1
                                            },
                                            {
                                                "Worker Number": 5,
                                                "Actual Startup Time": 184.817,
                                                "Actual Total Time": 184.818,
                                                "Actual Rows": 160964,
                                                "Actual Loops": 1
                                            }
                                        ],
                                        "Plans": [
                                            {
                                                "Node Type": "Seq Scan",
                                                "Parent Relationship": "Outer",
                                                "Parallel Aware": true,
                                                "Relation Name": "title",
                                                "Schema": "public",
                                                "Alias": "t",
                                                "Startup Cost": 0.0,
                                                "Total Cost": 45479.21,
                                                "Plan Rows": 372080,
                                                "Plan Width": 4,
                                                "Actual Startup Time": 0.054,
                                                "Actual Total Time": 77.943,
                                                "Actual Rows": 211206,
                                                "Actual Loops": 7,
                                                "Output": [
                                                    "t.id"
                                                ],
                                                "Filter": "((t.production_year > 0) AND (t.kind_id = 7))",
                                                "Rows Removed by Filter": 149982,
                                                "Workers": [
                                                    {
                                                        "Worker Number": 0,
                                                        "Actual Startup Time": 0.049,
                                                        "Actual Total Time": 80.455,
                                                        "Actual Rows": 160019,
                                                        "Actual Loops": 1
                                                    },
                                                    {
                                                        "Worker Number": 1,
                                                        "Actual Startup Time": 0.065,
                                                        "Actual Total Time": 80.667,
                                                        "Actual Rows": 212410,
                                                        "Actual Loops": 1
                                                    },
                                                    {
                                                        "Worker Number": 2,
                                                        "Actual Startup Time": 0.063,
                                                        "Actual Total Time": 79.041,
                                                        "Actual Rows": 221673,
                                                        "Actual Loops": 1
                                                    },
                                                    {
                                                        "Worker Number": 3,
                                                        "Actual Startup Time": 0.062,
                                                        "Actual Total Time": 78.403,
                                                        "Actual Rows": 191788,
                                                        "Actual Loops": 1
                                                    },
                                                    {
                                                        "Worker Number": 4,
                                                        "Actual Startup Time": 0.07,
                                                        "Actual Total Time": 78.508,
                                                        "Actual Rows": 213774,
                                                        "Actual Loops": 1
                                                    },
                                                    {
                                                        "Worker Number": 5,
                                                        "Actual Startup Time": 0.048,
                                                        "Actual Total Time": 81.041,
                                                        "Actual Rows": 160964,
                                                        "Actual Loops": 1
                                                    }
                                                ]
                                            }
                                        ]
                                    }
                                ]
                            }
                        ]
                    }
                ]
            }
        ]
    },
    "Planning Time": 0.725,
    "Triggers": [],
    "Execution Time": 2634.312
}