[
  {
    "Plan": {
      "Node Type": "Aggregate",
      "Strategy": "Plain",
      "Partial Mode": "Finalize",
      "Parallel Aware": false,
      "Startup Cost": 79636.32,
      "Total Cost": 79636.33,
      "Plan Rows": 1,
      "Plan Width": 8,
      "Actual Startup Time": 128.678,
      "Actual Total Time": 136.793,
      "Actual Rows": 1,
      "Actual Loops": 1,
      "Plans": [
        {
          "Node Type": "Gather",
          "Parent Relationship": "Outer",
          "Parallel Aware": false,
          "Startup Cost": 79635.79,
          "Total Cost": 79636.3,
          "Plan Rows": 5,
          "Plan Width": 8,
          "Actual Startup Time": 128.616,
          "Actual Total Time": 136.784,
          "Actual Rows": 6,
          "Actual Loops": 1,
          "Workers Planned": 5,
          "Workers Launched": 5,
          "Single Copy": false,
          "Plans": [
            {
              "Node Type": "Aggregate",
              "Strategy": "Plain",
              "Partial Mode": "Partial",
              "Parent Relationship": "Outer",
              "Parallel Aware": false,
              "Startup Cost": 78635.79,
              "Total Cost": 78635.8,
              "Plan Rows": 1,
              "Plan Width": 8,
              "Actual Startup Time": 118.687,
              "Actual Total Time": 118.688,
              "Actual Rows": 1,
              "Actual Loops": 6,
              "Plans": [
                {
                  "Node Type": "Index Scan",
                  "Parent Relationship": "Outer",
                  "Parallel Aware": true,
                  "Scan Direction": "Forward",
                  "Index Name": "role_id_cast_info",
                  "Relation Name": "cast_info",
                  "Alias": "ci",
                  "Startup Cost": 0.56,
                  "Total Cost": 77740.85,
                  "Plan Rows": 357976,
                  "Plan Width": 0,
                  "Actual Startup Time": 0.335,
                  "Actual Total Time": 106.267,
                  "Actual Rows": 226133,
                  "Actual Loops": 6,
                  "Index Cond": "(role_id = 4)",
                  "Rows Removed by Index Recheck": 0,
                  "Filter": "(person_id < 2328644)",
                  "Rows Removed by Filter": 228691
                }
              ]
            }
          ]
        }
      ]
    },
    "Planning Time": 0.25,
    "Triggers": [],
    "Execution Time": 136.855
  }
]