{
    "Plan": {
        "Node Type": "Aggregate",
        "Strategy": "Plain",
        "Partial Mode": "Simple",
        "Parallel Aware": false,
        "Startup Cost": 80001383050.93,
        "Total Cost": 80001383050.94,
        "Plan Rows": 1,
        "Plan Width": 96,
        "Actual Startup Time": 6486.809,
        "Actual Total Time": 6513.696,
        "Actual Rows": 1,
        "Actual Loops": 1,
        "Output": [
            "min(chn.name)",
            "min(n.name)",
            "min(t.title)"
        ],
        "Plans": [
            {
                "Node Type": "Nested Loop",
                "Parent Relationship": "Outer",
                "Parallel Aware": false,
                "Join Type": "Inner",
                "Startup Cost": 80001383045.71,
                "Total Cost": 80001383050.93,
                "Plan Rows": 1,
                "Plan Width": 48,
                "Actual Startup Time": 6486.779,
                "Actual Total Time": 6513.683,
                "Actual Rows": 10,
                "Actual Loops": 1,
                "Output": [
                    "chn.name",
                    "n.name",
                    "t.title"
                ],
                "Inner Unique": false,
                "Join Filter": "(n.id = an.person_id)",
                "Rows Removed by Join Filter": 0,
                "Plans": [
                    {
                        "Node Type": "Hash Join",
                        "Parent Relationship": "Outer",
                        "Parallel Aware": false,
                        "Join Type": "Inner",
                        "Startup Cost": 70001383045.26,
                        "Total Cost": 70001383046.42,
                        "Plan Rows": 1,
                        "Plan Width": 56,
                        "Actual Startup Time": 6486.739,
                        "Actual Total Time": 6513.626,
                        "Actual Rows": 2,
                        "Actual Loops": 1,
                        "Output": [
                            "chn.name",
                            "ci.person_id",
                            "n.name",
                            "n.id",
                            "t.title"
                        ],
                        "Inner Unique": false,
                        "Hash Cond": "(rt.id = ci.role_id)",
                        "Plans": [
                            {
                                "Node Type": "Seq Scan",
                                "Parent Relationship": "Outer",
                                "Parallel Aware": false,
                                "Relation Name": "role_type",
                                "Schema": "public",
                                "Alias": "rt",
                                "Startup Cost": 10000000000.0,
                                "Total Cost": 10000000001.15,
                                "Plan Rows": 1,
                                "Plan Width": 4,
                                "Actual Startup Time": 0.018,
                                "Actual Total Time": 0.022,
                                "Actual Rows": 1,
                                "Actual Loops": 1,
                                "Output": [
                                    "rt.id",
                                    "rt.role"
                                ],
                                "Filter": "((rt.role)::text = 'actress'::text)",
                                "Rows Removed by Filter": 11
                            },
                            {
                                "Node Type": "Hash",
                                "Parent Relationship": "Inner",
                                "Parallel Aware": false,
                                "Startup Cost": 60001383045.24,
                                "Total Cost": 60001383045.24,
                                "Plan Rows": 1,
                                "Plan Width": 60,
                                "Actual Startup Time": 6486.695,
                                "Actual Total Time": 6513.578,
                                "Actual Rows": 2,
                                "Actual Loops": 1,
                                "Output": [
                                    "chn.name",
                                    "ci.person_id",
                                    "ci.role_id",
                                    "n.name",
                                    "n.id",
                                    "t.title"
                                ],
                                "Hash Buckets": 1024,
                                "Original Hash Buckets": 1024,
                                "Hash Batches": 1,
                                "Original Hash Batches": 1,
                                "Peak Memory Usage": 9,
                                "Plans": [
                                    {
                                        "Node Type": "Hash Join",
                                        "Parent Relationship": "Outer",
                                        "Parallel Aware": false,
                                        "Join Type": "Inner",
                                        "Startup Cost": 60001383045.21,
                                        "Total Cost": 60001383045.24,
                                        "Plan Rows": 1,
                                        "Plan Width": 60,
                                        "Actual Startup Time": 6486.682,
                                        "Actual Total Time": 6513.572,
                                        "Actual Rows": 2,
                                        "Actual Loops": 1,
                                        "Output": [
                                            "chn.name",
                                            "ci.person_id",
                                            "ci.role_id",
                                            "n.name",
                                            "n.id",
                                            "t.title"
                                        ],
                                        "Inner Unique": false,
                                        "Hash Cond": "(ci.person_id = n.id)",
                                        "Plans": [
                                            {
                                                "Node Type": "Merge Join",
                                                "Parent Relationship": "Outer",
                                                "Parallel Aware": false,
                                                "Join Type": "Inner",
                                                "Startup Cost": 60001306550.5,
                                                "Total Cost": 60001306550.52,
                                                "Plan Rows": 1,
                                                "Plan Width": 41,
                                                "Actual Startup Time": 6262.841,
                                                "Actual Total Time": 6289.662,
                                                "Actual Rows": 44,
                                                "Actual Loops": 1,
                                                "Output": [
                                                    "chn.name",
                                                    "ci.person_id",
                                                    "ci.role_id",
                                                    "t.title"
                                                ],
                                                "Inner Unique": false,
                                                "Merge Cond": "(it.id = mi.info_type_id)",
                                                "Plans": [
                                                    {
                                                        "Node Type": "Sort",
                                                        "Parent Relationship": "Outer",
                                                        "Parallel Aware": false,
                                                        "Startup Cost": 10000000002.42,
                                                        "Total Cost": 10000000002.43,
                                                        "Plan Rows": 1,
                                                        "Plan Width": 4,
                                                        "Actual Startup Time": 0.045,
                                                        "Actual Total Time": 0.047,
                                                        "Actual Rows": 1,
                                                        "Actual Loops": 1,
                                                        "Output": [
                                                            "it.id"
                                                        ],
                                                        "Sort Key": [
                                                            "it.id"
                                                        ],
                                                        "Sort Method": "quicksort",
                                                        "Sort Space Used": 25,
                                                        "Sort Space Type": "Memory",
                                                        "Plans": [
                                                            {
                                                                "Node Type": "Seq Scan",
                                                                "Parent Relationship": "Outer",
                                                                "Parallel Aware": false,
                                                                "Relation Name": "info_type",
                                                                "Schema": "public",
                                                                "Alias": "it",
                                                                "Startup Cost": 10000000000.0,
                                                                "Total Cost": 10000000002.41,
                                                                "Plan Rows": 1,
                                                                "Plan Width": 4,
                                                                "Actual Startup Time": 0.021,
                                                                "Actual Total Time": 0.028,
                                                                "Actual Rows": 1,
                                                                "Actual Loops": 1,
                                                                "Output": [
                                                                    "it.id"
                                                                ],
                                                                "Filter": "((it.info)::text = 'release dates'::text)",
                                                                "Rows Removed by Filter": 112
                                                            }
                                                        ]
                                                    },
                                                    {
                                                        "Node Type": "Sort",
                                                        "Parent Relationship": "Inner",
                                                        "Parallel Aware": false,
                                                        "Startup Cost": 50001306548.07,
                                                        "Total Cost": 50001306548.08,
                                                        "Plan Rows": 1,
                                                        "Plan Width": 45,
                                                        "Actual Startup Time": 6262.787,
                                                        "Actual Total Time": 6289.6,
                                                        "Actual Rows": 44,
                                                        "Actual Loops": 1,
                                                        "Output": [
                                                            "chn.name",
                                                            "ci.person_id",
                                                            "ci.role_id",
                                                            "mi.info_type_id",
                                                            "t.title"
                                                        ],
                                                        "Sort Key": [
                                                            "mi.info_type_id"
                                                        ],
                                                        "Sort Method": "quicksort",
                                                        "Sort Space Used": 29,
                                                        "Sort Space Type": "Memory",
                                                        "Plans": [
                                                            {
                                                                "Node Type": "Hash Join",
                                                                "Parent Relationship": "Outer",
                                                                "Parallel Aware": false,
                                                                "Join Type": "Inner",
                                                                "Startup Cost": 50001300870.09,
                                                                "Total Cost": 50001306548.06,
                                                                "Plan Rows": 1,
                                                                "Plan Width": 45,
                                                                "Actual Startup Time": 6218.513,
                                                                "Actual Total Time": 6289.579,
                                                                "Actual Rows": 44,
                                                                "Actual Loops": 1,
                                                                "Output": [
                                                                    "chn.name",
                                                                    "ci.person_id",
                                                                    "ci.role_id",
                                                                    "mi.info_type_id",
                                                                    "t.title"
                                                                ],
                                                                "Inner Unique": false,
                                                                "Hash Cond": "(ci.person_role_id = chn.id)",
                                                                "Plans": [
                                                                    {
                                                                        "Node Type": "Hash Join",
                                                                        "Parent Relationship": "Outer",
                                                                        "Parallel Aware": false,
                                                                        "Join Type": "Inner",
                                                                        "Startup Cost": 40001193766.99,
                                                                        "Total Cost": 40001199444.94,
                                                                        "Plan Rows": 1,
                                                                        "Plan Width": 33,
                                                                        "Actual Startup Time": 4572.237,
                                                                        "Actual Total Time": 4643.214,
                                                                        "Actual Rows": 44,
                                                                        "Actual Loops": 1,
                                                                        "Output": [
                                                                            "ci.person_id",
                                                                            "ci.role_id",
                                                                            "ci.person_role_id",
                                                                            "mi.info_type_id",
                                                                            "t.title"
                                                                        ],
                                                                        "Inner Unique": false,
                                                                        "Hash Cond": "(k.id = mk.keyword_id)",
                                                                        "Plans": [
                                                                            {
                                                                                "Node Type": "Index Scan",
                                                                                "Parent Relationship": "Outer",
                                                                                "Parallel Aware": false,
                                                                                "Scan Direction": "Forward",
                                                                                "Index Name": "keyword_pkey",
                                                                                "Relation Name": "keyword",
                                                                                "Schema": "public",
                                                                                "Alias": "k",
                                                                                "Startup Cost": 0.42,
                                                                                "Total Cost": 5678.35,
                                                                                "Plan Rows": 4,
                                                                                "Plan Width": 4,
                                                                                "Actual Startup Time": 0.736,
                                                                                "Actual Total Time": 44.894,
                                                                                "Actual Rows": 3,
                                                                                "Actual Loops": 1,
                                                                                "Output": [
                                                                                    "k.id",
                                                                                    "k.keyword",
                                                                                    "k.phonetic_code"
                                                                                ],
                                                                                "Filter": "(k.keyword = ANY ('{hero,tv-special,hero,female-warrior}'::text[]))",
                                                                                "Rows Removed by Filter": 134167
                                                                            },
                                                                            {
                                                                                "Node Type": "Hash",
                                                                                "Parent Relationship": "Inner",
                                                                                "Parallel Aware": false,
                                                                                "Startup Cost": 40001193766.55,
                                                                                "Total Cost": 40001193766.55,
                                                                                "Plan Rows": 1,
                                                                                "Plan Width": 37,
                                                                                "Actual Startup Time": 4571.471,
                                                                                "Actual Total Time": 4598.277,
                                                                                "Actual Rows": 770,
                                                                                "Actual Loops": 1,
                                                                                "Output": [
                                                                                    "ci.person_id",
                                                                                    "ci.role_id",
                                                                                    "ci.person_role_id",
                                                                                    "mi.info_type_id",
                                                                                    "mk.keyword_id",
                                                                                    "t.title"
                                                                                ],
                                                                                "Hash Buckets": 1024,
                                                                                "Original Hash Buckets": 1024,
                                                                                "Hash Batches": 1,
                                                                                "Original Hash Batches": 1,
                                                                                "Peak Memory Usage": 64,
                                                                                "Plans": [
                                                                                    {
                                                                                        "Node Type": "Merge Join",
                                                                                        "Parent Relationship": "Outer",
                                                                                        "Parallel Aware": false,
                                                                                        "Join Type": "Inner",
                                                                                        "Startup Cost": 40001189561.22,
                                                                                        "Total Cost": 40001193766.55,
                                                                                        "Plan Rows": 1,
                                                                                        "Plan Width": 37,
                                                                                        "Actual Startup Time": 4571.209,
                                                                                        "Actual Total Time": 4598.155,
                                                                                        "Actual Rows": 770,
                                                                                        "Actual Loops": 1,
                                                                                        "Output": [
                                                                                            "ci.person_id",
                                                                                            "ci.role_id",
                                                                                            "ci.person_role_id",
                                                                                            "mi.info_type_id",
                                                                                            "mk.keyword_id",
                                                                                            "t.title"
                                                                                        ],
                                                                                        "Inner Unique": false,
                                                                                        "Merge Cond": "(t.id = ci.movie_id)",
                                                                                        "Plans": [
                                                                                            {
                                                                                                "Node Type": "Sort",
                                                                                                "Parent Relationship": "Outer",
                                                                                                "Parallel Aware": false,
                                                                                                "Startup Cost": 30000310314.07,
                                                                                                "Total Cost": 30000310314.08,
                                                                                                "Plan Rows": 1,
                                                                                                "Plan Width": 41,
                                                                                                "Actual Startup Time": 1035.073,
                                                                                                "Actual Total Time": 1061.879,
                                                                                                "Actual Rows": 35,
                                                                                                "Actual Loops": 1,
                                                                                                "Output": [
                                                                                                    "mc.movie_id",
                                                                                                    "mi.movie_id",
                                                                                                    "mi.info_type_id",
                                                                                                    "mk.movie_id",
                                                                                                    "mk.keyword_id",
                                                                                                    "t.title",
                                                                                                    "t.id"
                                                                                                ],
                                                                                                "Sort Key": [
                                                                                                    "mc.movie_id"
                                                                                                ],
                                                                                                "Sort Method": "quicksort",
                                                                                                "Sort Space Used": 27,
                                                                                                "Sort Space Type": "Memory",
                                                                                                "Plans": [
                                                                                                    {
                                                                                                        "Node Type": "Gather",
                                                                                                        "Parent Relationship": "Outer",
                                                                                                        "Parallel Aware": false,
                                                                                                        "Startup Cost": 30000103769.39,
                                                                                                        "Total Cost": 30000310314.06,
                                                                                                        "Plan Rows": 1,
                                                                                                        "Plan Width": 41,
                                                                                                        "Actual Startup Time": 1010.565,
                                                                                                        "Actual Total Time": 1061.857,
                                                                                                        "Actual Rows": 35,
                                                                                                        "Actual Loops": 1,
                                                                                                        "Output": [
                                                                                                            "mc.movie_id",
                                                                                                            "mi.movie_id",
                                                                                                            "mi.info_type_id",
                                                                                                            "mk.movie_id",
                                                                                                            "mk.keyword_id",
                                                                                                            "t.title",
                                                                                                            "t.id"
                                                                                                        ],
                                                                                                        "Workers Planned": 5,
                                                                                                        "Workers Launched": 5,
                                                                                                        "Single Copy": false,
                                                                                                        "Plans": [
                                                                                                            {
                                                                                                                "Node Type": "Nested Loop",
                                                                                                                "Parent Relationship": "Outer",
                                                                                                                "Parallel Aware": false,
                                                                                                                "Join Type": "Inner",
                                                                                                                "Startup Cost": 30000102769.39,
                                                                                                                "Total Cost": 30000309313.96,
                                                                                                                "Plan Rows": 1,
                                                                                                                "Plan Width": 41,
                                                                                                                "Actual Startup Time": 942.845,
                                                                                                                "Actual Total Time": 992.365,
                                                                                                                "Actual Rows": 6,
                                                                                                                "Actual Loops": 6,
                                                                                                                "Output": [
                                                                                                                    "mc.movie_id",
                                                                                                                    "mi.movie_id",
                                                                                                                    "mi.info_type_id",
                                                                                                                    "mk.movie_id",
                                                                                                                    "mk.keyword_id",
                                                                                                                    "t.title",
                                                                                                                    "t.id"
                                                                                                                ],
                                                                                                                "Inner Unique": true,
                                                                                                                "Workers": [
                                                                                                                    {
                                                                                                                        "Worker Number": 0,
                                                                                                                        "Actual Startup Time": 689.156,
                                                                                                                        "Actual Total Time": 986.218,
                                                                                                                        "Actual Rows": 35,
                                                                                                                        "Actual Loops": 1
                                                                                                                    },
                                                                                                                    {
                                                                                                                        "Worker Number": 1,
                                                                                                                        "Actual Startup Time": 998.872,
                                                                                                                        "Actual Total Time": 998.882,
                                                                                                                        "Actual Rows": 0,
                                                                                                                        "Actual Loops": 1
                                                                                                                    },
                                                                                                                    {
                                                                                                                        "Worker Number": 2,
                                                                                                                        "Actual Startup Time": 986.229,
                                                                                                                        "Actual Total Time": 986.237,
                                                                                                                        "Actual Rows": 0,
                                                                                                                        "Actual Loops": 1
                                                                                                                    },
                                                                                                                    {
                                                                                                                        "Worker Number": 3,
                                                                                                                        "Actual Startup Time": 986.39,
                                                                                                                        "Actual Total Time": 986.398,
                                                                                                                        "Actual Rows": 0,
                                                                                                                        "Actual Loops": 1
                                                                                                                    },
                                                                                                                    {
                                                                                                                        "Worker Number": 4,
                                                                                                                        "Actual Startup Time": 986.422,
                                                                                                                        "Actual Total Time": 986.428,
                                                                                                                        "Actual Rows": 0,
                                                                                                                        "Actual Loops": 1
                                                                                                                    }
                                                                                                                ],
                                                                                                                "Plans": [
                                                                                                                    {
                                                                                                                        "Node Type": "Hash Join",
                                                                                                                        "Parent Relationship": "Outer",
                                                                                                                        "Parallel Aware": true,
                                                                                                                        "Join Type": "Inner",
                                                                                                                        "Startup Cost": 30000102768.97,
                                                                                                                        "Total Cost": 30000309269.99,
                                                                                                                        "Plan Rows": 98,
                                                                                                                        "Plan Width": 45,
                                                                                                                        "Actual Startup Time": 892.281,
                                                                                                                        "Actual Total Time": 991.298,
                                                                                                                        "Actual Rows": 574,
                                                                                                                        "Actual Loops": 6,
                                                                                                                        "Output": [
                                                                                                                            "mc.movie_id",
                                                                                                                            "mc.company_id",
                                                                                                                            "mi.movie_id",
                                                                                                                            "mi.info_type_id",
                                                                                                                            "mk.movie_id",
                                                                                                                            "mk.keyword_id",
                                                                                                                            "t.title",
                                                                                                                            "t.id"
                                                                                                                        ],
                                                                                                                        "Inner Unique": false,
                                                                                                                        "Hash Cond": "(t.id = mk.movie_id)",
                                                                                                                        "Workers": [
                                                                                                                            {
                                                                                                                                "Worker Number": 0,
                                                                                                                                "Actual Startup Time": 686.03,
                                                                                                                                "Actual Total Time": 983.172,
                                                                                                                                "Actual Rows": 1245,
                                                                                                                                "Actual Loops": 1
                                                                                                                            },
                                                                                                                            {
                                                                                                                                "Worker Number": 1,
                                                                                                                                "Actual Startup Time": 998.87,
                                                                                                                                "Actual Total Time": 998.879,
                                                                                                                                "Actual Rows": 0,
                                                                                                                                "Actual Loops": 1
                                                                                                                            },
                                                                                                                            {
                                                                                                                                "Worker Number": 2,
                                                                                                                                "Actual Startup Time": 986.228,
                                                                                                                                "Actual Total Time": 986.234,
                                                                                                                                "Actual Rows": 0,
                                                                                                                                "Actual Loops": 1
                                                                                                                            },
                                                                                                                            {
                                                                                                                                "Worker Number": 3,
                                                                                                                                "Actual Startup Time": 986.388,
                                                                                                                                "Actual Total Time": 986.395,
                                                                                                                                "Actual Rows": 0,
                                                                                                                                "Actual Loops": 1
                                                                                                                            },
                                                                                                                            {
                                                                                                                                "Worker Number": 4,
                                                                                                                                "Actual Startup Time": 986.42,
                                                                                                                                "Actual Total Time": 986.425,
                                                                                                                                "Actual Rows": 0,
                                                                                                                                "Actual Loops": 1
                                                                                                                            }
                                                                                                                        ],
                                                                                                                        "Plans": [
                                                                                                                            {
                                                                                                                                "Node Type": "Nested Loop",
                                                                                                                                "Parent Relationship": "Outer",
                                                                                                                                "Parallel Aware": false,
                                                                                                                                "Join Type": "Inner",
                                                                                                                                "Startup Cost": 20000045480.0,
                                                                                                                                "Total Cost": 20000251977.05,
                                                                                                                                "Plan Rows": 8,
                                                                                                                                "Plan Width": 37,
                                                                                                                                "Actual Startup Time": 496.335,
                                                                                                                                "Actual Total Time": 595.266,
                                                                                                                                "Actual Rows": 14,
                                                                                                                                "Actual Loops": 6,
                                                                                                                                "Output": [
                                                                                                                                    "mc.movie_id",
                                                                                                                                    "mc.company_id",
                                                                                                                                    "mi.movie_id",
                                                                                                                                    "mi.info_type_id",
                                                                                                                                    "t.title",
                                                                                                                                    "t.id"
                                                                                                                                ],
                                                                                                                                "Inner Unique": false,
                                                                                                                                "Join Filter": "(t.id = mc.movie_id)",
                                                                                                                                "Rows Removed by Join Filter": 0,
                                                                                                                                "Workers": [
                                                                                                                                    {
                                                                                                                                        "Worker Number": 0,
                                                                                                                                        "Actual Startup Time": 296.13,
                                                                                                                                        "Actual Total Time": 593.027,
                                                                                                                                        "Actual Rows": 34,
                                                                                                                                        "Actual Loops": 1
                                                                                                                                    },
                                                                                                                                    {
                                                                                                                                        "Worker Number": 1,
                                                                                                                                        "Actual Startup Time": 596.421,
                                                                                                                                        "Actual Total Time": 596.427,
                                                                                                                                        "Actual Rows": 0,
                                                                                                                                        "Actual Loops": 1
                                                                                                                                    },
                                                                                                                                    {
                                                                                                                                        "Worker Number": 2,
                                                                                                                                        "Actual Startup Time": 596.385,
                                                                                                                                        "Actual Total Time": 596.39,
                                                                                                                                        "Actual Rows": 0,
                                                                                                                                        "Actual Loops": 1
                                                                                                                                    },
                                                                                                                                    {
                                                                                                                                        "Worker Number": 3,
                                                                                                                                        "Actual Startup Time": 596.379,
                                                                                                                                        "Actual Total Time": 596.385,
                                                                                                                                        "Actual Rows": 0,
                                                                                                                                        "Actual Loops": 1
                                                                                                                                    },
                                                                                                                                    {
                                                                                                                                        "Worker Number": 4,
                                                                                                                                        "Actual Startup Time": 596.427,
                                                                                                                                        "Actual Total Time": 596.431,
                                                                                                                                        "Actual Rows": 0,
                                                                                                                                        "Actual Loops": 1
                                                                                                                                    }
                                                                                                                                ],
                                                                                                                                "Plans": [
                                                                                                                                    {
                                                                                                                                        "Node Type": "Hash Join",
                                                                                                                                        "Parent Relationship": "Outer",
                                                                                                                                        "Parallel Aware": true,
                                                                                                                                        "Join Type": "Inner",
                                                                                                                                        "Startup Cost": 10000045479.41,
                                                                                                                                        "Total Cost": 10000251967.62,
                                                                                                                                        "Plan Rows": 2,
                                                                                                                                        "Plan Width": 29,
                                                                                                                                        "Actual Startup Time": 420.053,
                                                                                                                                        "Actual Total Time": 595.195,
                                                                                                                                        "Actual Rows": 2,
                                                                                                                                        "Actual Loops": 6,
                                                                                                                                        "Output": [
                                                                                                                                            "mi.movie_id",
                                                                                                                                            "mi.info_type_id",
                                                                                                                                            "t.title",
                                                                                                                                            "t.id"
                                                                                                                                        ],
                                                                                                                                        "Inner Unique": false,
                                                                                                                                        "Hash Cond": "(mi.movie_id = t.id)",
                                                                                                                                        "Workers": [
                                                                                                                                            {
                                                                                                                                                "Worker Number": 0,
                                                                                                                                                "Actual Startup Time": 261.666,
                                                                                                                                                "Actual Total Time": 592.807,
                                                                                                                                                "Actual Rows": 6,
                                                                                                                                                "Actual Loops": 1
                                                                                                                                            },
                                                                                                                                            {
                                                                                                                                                "Worker Number": 1,
                                                                                                                                                "Actual Startup Time": 232.479,
                                                                                                                                                "Actual Total Time": 596.35,
                                                                                                                                                "Actual Rows": 1,
                                                                                                                                                "Actual Loops": 1
                                                                                                                                            },
                                                                                                                                            {
                                                                                                                                                "Worker Number": 2,
                                                                                                                                                "Actual Startup Time": 596.382,
                                                                                                                                                "Actual Total Time": 596.385,
                                                                                                                                                "Actual Rows": 0,
                                                                                                                                                "Actual Loops": 1
                                                                                                                                            },
                                                                                                                                            {
                                                                                                                                                "Worker Number": 3,
                                                                                                                                                "Actual Startup Time": 596.377,
                                                                                                                                                "Actual Total Time": 596.38,
                                                                                                                                                "Actual Rows": 0,
                                                                                                                                                "Actual Loops": 1
                                                                                                                                            },
                                                                                                                                            {
                                                                                                                                                "Worker Number": 4,
                                                                                                                                                "Actual Startup Time": 596.425,
                                                                                                                                                "Actual Total Time": 596.427,
                                                                                                                                                "Actual Rows": 0,
                                                                                                                                                "Actual Loops": 1
                                                                                                                                            }
                                                                                                                                        ],
                                                                                                                                        "Plans": [
                                                                                                                                            {
                                                                                                                                                "Node Type": "Seq Scan",
                                                                                                                                                "Parent Relationship": "Outer",
                                                                                                                                                "Parallel Aware": true,
                                                                                                                                                "Relation Name": "movie_info",
                                                                                                                                                "Schema": "public",
                                                                                                                                                "Alias": "mi",
                                                                                                                                                "Startup Cost": 10000000000.0,
                                                                                                                                                "Total Cost": 10000206258.28,
                                                                                                                                                "Plan Rows": 61311,
                                                                                                                                                "Plan Width": 8,
                                                                                                                                                "Actual Startup Time": 91.974,
                                                                                                                                                "Actual Total Time": 517.29,
                                                                                                                                                "Actual Rows": 50208,
                                                                                                                                                "Actual Loops": 6,
                                                                                                                                                "Output": [
                                                                                                                                                    "mi.id",
                                                                                                                                                    "mi.movie_id",
                                                                                                                                                    "mi.info_type_id",
                                                                                                                                                    "mi.info",
                                                                                                                                                    "mi.note"
                                                                                                                                                ],
                                                                                                                                                "Filter": "((mi.info IS NOT NULL) AND ((mi.info ~~ 'Japan:%201%'::text) OR (mi.info ~~ 'USA:%201%'::text)))",
                                                                                                                                                "Rows Removed by Filter": 2422412,
                                                                                                                                                "Workers": [
                                                                                                                                                    {
                                                                                                                                                        "Worker Number": 0,
                                                                                                                                                        "Actual Startup Time": 136.493,
                                                                                                                                                        "Actual Total Time": 514.781,
                                                                                                                                                        "Actual Rows": 45315,
                                                                                                                                                        "Actual Loops": 1
                                                                                                                                                    },
                                                                                                                                                    {
                                                                                                                                                        "Worker Number": 1,
                                                                                                                                                        "Actual Startup Time": 64.899,
                                                                                                                                                        "Actual Total Time": 518.363,
                                                                                                                                                        "Actual Rows": 43692,
                                                                                                                                                        "Actual Loops": 1
                                                                                                                                                    },
                                                                                                                                                    {
                                                                                                                                                        "Worker Number": 2,
                                                                                                                                                        "Actual Startup Time": 136.479,
                                                                                                                                                        "Actual Total Time": 518.355,
                                                                                                                                                        "Actual Rows": 45238,
                                                                                                                                                        "Actual Loops": 1
                                                                                                                                                    },
                                                                                                                                                    {
                                                                                                                                                        "Worker Number": 3,
                                                                                                                                                        "Actual Startup Time": 66.252,
                                                                                                                                                        "Actual Total Time": 518.516,
                                                                                                                                                        "Actual Rows": 43265,
                                                                                                                                                        "Actual Loops": 1
                                                                                                                                                    },
                                                                                                                                                    {
                                                                                                                                                        "Worker Number": 4,
                                                                                                                                                        "Actual Startup Time": 66.838,
                                                                                                                                                        "Actual Total Time": 518.461,
                                                                                                                                                        "Actual Rows": 44274,
                                                                                                                                                        "Actual Loops": 1
                                                                                                                                                    }
                                                                                                                                                ]
                                                                                                                                            },
                                                                                                                                            {
                                                                                                                                                "Node Type": "Hash",
                                                                                                                                                "Parent Relationship": "Inner",
                                                                                                                                                "Parallel Aware": true,
                                                                                                                                                "Startup Cost": 45479.21,
                                                                                                                                                "Total Cost": 45479.21,
                                                                                                                                                "Plan Rows": 16,
                                                                                                                                                "Plan Width": 21,
                                                                                                                                                "Actual Startup Time": 72.761,
                                                                                                                                                "Actual Total Time": 72.762,
                                                                                                                                                "Actual Rows": 2,
                                                                                                                                                "Actual Loops": 6,
                                                                                                                                                "Output": [
                                                                                                                                                    "t.title",
                                                                                                                                                    "t.id"
                                                                                                                                                ],
                                                                                                                                                "Hash Buckets": 1024,
                                                                                                                                                "Original Hash Buckets": 1024,
                                                                                                                                                "Hash Batches": 1,
                                                                                                                                                "Original Hash Batches": 1,
                                                                                                                                                "Peak Memory Usage": 168,
                                                                                                                                                "Workers": [
                                                                                                                                                    {
                                                                                                                                                        "Worker Number": 0,
                                                                                                                                                        "Actual Startup Time": 72.741,
                                                                                                                                                        "Actual Total Time": 72.742,
                                                                                                                                                        "Actual Rows": 1,
                                                                                                                                                        "Actual Loops": 1
                                                                                                                                                    },
                                                                                                                                                    {
                                                                                                                                                        "Worker Number": 1,
                                                                                                                                                        "Actual Startup Time": 72.76,
                                                                                                                                                        "Actual Total Time": 72.761,
                                                                                                                                                        "Actual Rows": 3,
                                                                                                                                                        "Actual Loops": 1
                                                                                                                                                    },
                                                                                                                                                    {
                                                                                                                                                        "Worker Number": 2,
                                                                                                                                                        "Actual Startup Time": 72.738,
                                                                                                                                                        "Actual Total Time": 72.739,
                                                                                                                                                        "Actual Rows": 1,
                                                                                                                                                        "Actual Loops": 1
                                                                                                                                                    },
                                                                                                                                                    {
                                                                                                                                                        "Worker Number": 3,
                                                                                                                                                        "Actual Startup Time": 72.693,
                                                                                                                                                        "Actual Total Time": 72.694,
                                                                                                                                                        "Actual Rows": 2,
                                                                                                                                                        "Actual Loops": 1
                                                                                                                                                    },
                                                                                                                                                    {
                                                                                                                                                        "Worker Number": 4,
                                                                                                                                                        "Actual Startup Time": 72.765,
                                                                                                                                                        "Actual Total Time": 72.766,
                                                                                                                                                        "Actual Rows": 0,
                                                                                                                                                        "Actual Loops": 1
                                                                                                                                                    }
                                                                                                                                                ],
                                                                                                                                                "Plans": [
                                                                                                                                                    {
                                                                                                                                                        "Node Type": "Seq Scan",
                                                                                                                                                        "Parent Relationship": "Outer",
                                                                                                                                                        "Parallel Aware": true,
                                                                                                                                                        "Relation Name": "title",
                                                                                                                                                        "Schema": "public",
                                                                                                                                                        "Alias": "t",
                                                                                                                                                        "Startup Cost": 0.0,
                                                                                                                                                        "Total Cost": 45479.21,
                                                                                                                                                        "Plan Rows": 16,
                                                                                                                                                        "Plan Width": 21,
                                                                                                                                                        "Actual Startup Time": 44.611,
                                                                                                                                                        "Actual Total Time": 72.682,
                                                                                                                                                        "Actual Rows": 2,
                                                                                                                                                        "Actual Loops": 6,
                                                                                                                                                        "Output": [
                                                                                                                                                            "t.title",
                                                                                                                                                            "t.id"
                                                                                                                                                        ],
                                                                                                                                                        "Filter": "((t.title ~~ 'Kung Fu Panda%'::text) AND (t.production_year > 2008))",
                                                                                                                                                        "Rows Removed by Filter": 421384,
                                                                                                                                                        "Workers": [
                                                                                                                                                            {
                                                                                                                                                                "Worker Number": 0,
                                                                                                                                                                "Actual Startup Time": 58.706,
                                                                                                                                                                "Actual Total Time": 72.639,
                                                                                                                                                                "Actual Rows": 1,
                                                                                                                                                                "Actual Loops": 1
                                                                                                                                                            },
                                                                                                                                                            {
                                                                                                                                                                "Worker Number": 1,
                                                                                                                                                                "Actual Startup Time": 17.056,
                                                                                                                                                                "Actual Total Time": 72.655,
                                                                                                                                                                "Actual Rows": 3,
                                                                                                                                                                "Actual Loops": 1
                                                                                                                                                            },
                                                                                                                                                            {
                                                                                                                                                                "Worker Number": 2,
                                                                                                                                                                "Actual Startup Time": 58.761,
                                                                                                                                                                "Actual Total Time": 72.664,
                                                                                                                                                                "Actual Rows": 1,
                                                                                                                                                                "Actual Loops": 1
                                                                                                                                                            },
                                                                                                                                                            {
                                                                                                                                                                "Worker Number": 3,
                                                                                                                                                                "Actual Startup Time": 40.623,
                                                                                                                                                                "Actual Total Time": 72.643,
                                                                                                                                                                "Actual Rows": 2,
                                                                                                                                                                "Actual Loops": 1
                                                                                                                                                            },
                                                                                                                                                            {
                                                                                                                                                                "Worker Number": 4,
                                                                                                                                                                "Actual Startup Time": 72.704,
                                                                                                                                                                "Actual Total Time": 72.705,
                                                                                                                                                                "Actual Rows": 0,
                                                                                                                                                                "Actual Loops": 1
                                                                                                                                                            }
                                                                                                                                                        ]
                                                                                                                                                    }
                                                                                                                                                ]
                                                                                                                                            }
                                                                                                                                        ]
                                                                                                                                    },
                                                                                                                                    {
                                                                                                                                        "Node Type": "Bitmap Heap Scan",
                                                                                                                                        "Parent Relationship": "Inner",
                                                                                                                                        "Parallel Aware": false,
                                                                                                                                        "Relation Name": "movie_companies",
                                                                                                                                        "Schema": "public",
                                                                                                                                        "Alias": "mc",
                                                                                                                                        "Startup Cost": 0.59,
                                                                                                                                        "Total Cost": 4.66,
                                                                                                                                        "Plan Rows": 5,
                                                                                                                                        "Plan Width": 8,
                                                                                                                                        "Actual Startup Time": 0.026,
                                                                                                                                        "Actual Total Time": 0.03,
                                                                                                                                        "Actual Rows": 8,
                                                                                                                                        "Actual Loops": 10,
                                                                                                                                        "Output": [
                                                                                                                                            "mc.id",
                                                                                                                                            "mc.movie_id",
                                                                                                                                            "mc.company_id",
                                                                                                                                            "mc.company_type_id",
                                                                                                                                            "mc.note"
                                                                                                                                        ],
                                                                                                                                        "Recheck Cond": "(mc.movie_id = mi.movie_id)",
                                                                                                                                        "Rows Removed by Index Recheck": 0,
                                                                                                                                        "Exact Heap Blocks": 6,
                                                                                                                                        "Lossy Heap Blocks": 0,
                                                                                                                                        "Workers": [
                                                                                                                                            {
                                                                                                                                                "Worker Number": 0,
                                                                                                                                                "Actual Startup Time": 0.023,
                                                                                                                                                "Actual Total Time": 0.028,
                                                                                                                                                "Actual Rows": 6,
                                                                                                                                                "Actual Loops": 6
                                                                                                                                            },
                                                                                                                                            {
                                                                                                                                                "Worker Number": 1,
                                                                                                                                                "Actual Startup Time": 0.056,
                                                                                                                                                "Actual Total Time": 0.058,
                                                                                                                                                "Actual Rows": 0,
                                                                                                                                                "Actual Loops": 1
                                                                                                                                            }
                                                                                                                                        ],
                                                                                                                                        "Plans": [
                                                                                                                                            {
                                                                                                                                                "Node Type": "Bitmap Index Scan",
                                                                                                                                                "Parent Relationship": "Outer",
                                                                                                                                                "Parallel Aware": false,
                                                                                                                                                "Index Name": "movie_id_movie_companies",
                                                                                                                                                "Startup Cost": 0.0,
                                                                                                                                                "Total Cost": 0.59,
                                                                                                                                                "Plan Rows": 5,
                                                                                                                                                "Plan Width": 0,
                                                                                                                                                "Actual Startup Time": 0.021,
                                                                                                                                                "Actual Total Time": 0.021,
                                                                                                                                                "Actual Rows": 8,
                                                                                                                                                "Actual Loops": 10,
                                                                                                                                                "Index Cond": "(mc.movie_id = mi.movie_id)",
                                                                                                                                                "Workers": [
                                                                                                                                                    {
                                                                                                                                                        "Worker Number": 0,
                                                                                                                                                        "Actual Startup Time": 0.018,
                                                                                                                                                        "Actual Total Time": 0.019,
                                                                                                                                                        "Actual Rows": 6,
                                                                                                                                                        "Actual Loops": 6
                                                                                                                                                    },
                                                                                                                                                    {
                                                                                                                                                        "Worker Number": 1,
                                                                                                                                                        "Actual Startup Time": 0.044,
                                                                                                                                                        "Actual Total Time": 0.044,
                                                                                                                                                        "Actual Rows": 0,
                                                                                                                                                        "Actual Loops": 1
                                                                                                                                                    }
                                                                                                                                                ]
                                                                                                                                            }
                                                                                                                                        ]
                                                                                                                                    }
                                                                                                                                ]
                                                                                                                            },
                                                                                                                            {
                                                                                                                                "Node Type": "Hash",
                                                                                                                                "Parent Relationship": "Inner",
                                                                                                                                "Parallel Aware": true,
                                                                                                                                "Startup Cost": 10000039047.32,
                                                                                                                                "Total Cost": 10000039047.32,
                                                                                                                                "Plan Rows": 1459332,
                                                                                                                                "Plan Width": 8,
                                                                                                                                "Actual Startup Time": 384.673,
                                                                                                                                "Actual Total Time": 384.673,
                                                                                                                                "Actual Rows": 753988,
                                                                                                                                "Actual Loops": 6,
                                                                                                                                "Output": [
                                                                                                                                    "mk.movie_id",
                                                                                                                                    "mk.keyword_id"
                                                                                                                                ],
                                                                                                                                "Hash Buckets": 8388608,
                                                                                                                                "Original Hash Buckets": 8388608,
                                                                                                                                "Hash Batches": 1,
                                                                                                                                "Original Hash Batches": 1,
                                                                                                                                "Peak Memory Usage": 242592,
                                                                                                                                "Workers": [
                                                                                                                                    {
                                                                                                                                        "Worker Number": 0,
                                                                                                                                        "Actual Startup Time": 389.187,
                                                                                                                                        "Actual Total Time": 389.188,
                                                                                                                                        "Actual Rows": 690420,
                                                                                                                                        "Actual Loops": 1
                                                                                                                                    },
                                                                                                                                    {
                                                                                                                                        "Worker Number": 1,
                                                                                                                                        "Actual Startup Time": 389.183,
                                                                                                                                        "Actual Total Time": 389.183,
                                                                                                                                        "Actual Rows": 641025,
                                                                                                                                        "Actual Loops": 1
                                                                                                                                    },
                                                                                                                                    {
                                                                                                                                        "Worker Number": 2,
                                                                                                                                        "Actual Startup Time": 389.155,
                                                                                                                                        "Actual Total Time": 389.156,
                                                                                                                                        "Actual Rows": 682405,
                                                                                                                                        "Actual Loops": 1
                                                                                                                                    },
                                                                                                                                    {
                                                                                                                                        "Worker Number": 3,
                                                                                                                                        "Actual Startup Time": 389.221,
                                                                                                                                        "Actual Total Time": 389.221,
                                                                                                                                        "Actual Rows": 690235,
                                                                                                                                        "Actual Loops": 1
                                                                                                                                    },
                                                                                                                                    {
                                                                                                                                        "Worker Number": 4,
                                                                                                                                        "Actual Startup Time": 389.194,
                                                                                                                                        "Actual Total Time": 389.194,
                                                                                                                                        "Actual Rows": 682835,
                                                                                                                                        "Actual Loops": 1
                                                                                                                                    }
                                                                                                                                ],
                                                                                                                                "Plans": [
                                                                                                                                    {
                                                                                                                                        "Node Type": "Seq Scan",
                                                                                                                                        "Parent Relationship": "Outer",
                                                                                                                                        "Parallel Aware": true,
                                                                                                                                        "Relation Name": "movie_keyword",
                                                                                                                                        "Schema": "public",
                                                                                                                                        "Alias": "mk",
                                                                                                                                        "Startup Cost": 10000000000.0,
                                                                                                                                        "Total Cost": 10000039047.32,
                                                                                                                                        "Plan Rows": 1459332,
                                                                                                                                        "Plan Width": 8,
                                                                                                                                        "Actual Startup Time": 0.047,
                                                                                                                                        "Actual Total Time": 122.225,
                                                                                                                                        "Actual Rows": 753988,
                                                                                                                                        "Actual Loops": 6,
                                                                                                                                        "Output": [
                                                                                                                                            "mk.movie_id",
                                                                                                                                            "mk.keyword_id"
                                                                                                                                        ],
                                                                                                                                        "Workers": [
                                                                                                                                            {
                                                                                                                                                "Worker Number": 0,
                                                                                                                                                "Actual Startup Time": 0.048,
                                                                                                                                                "Actual Total Time": 124.611,
                                                                                                                                                "Actual Rows": 690420,
                                                                                                                                                "Actual Loops": 1
                                                                                                                                            },
                                                                                                                                            {
                                                                                                                                                "Worker Number": 1,
                                                                                                                                                "Actual Startup Time": 0.047,
                                                                                                                                                "Actual Total Time": 124.062,
                                                                                                                                                "Actual Rows": 641025,
                                                                                                                                                "Actual Loops": 1
                                                                                                                                            },
                                                                                                                                            {
                                                                                                                                                "Worker Number": 2,
                                                                                                                                                "Actual Startup Time": 0.045,
                                                                                                                                                "Actual Total Time": 124.243,
                                                                                                                                                "Actual Rows": 682405,
                                                                                                                                                "Actual Loops": 1
                                                                                                                                            },
                                                                                                                                            {
                                                                                                                                                "Worker Number": 3,
                                                                                                                                                "Actual Startup Time": 0.064,
                                                                                                                                                "Actual Total Time": 124.332,
                                                                                                                                                "Actual Rows": 690235,
                                                                                                                                                "Actual Loops": 1
                                                                                                                                            },
                                                                                                                                            {
                                                                                                                                                "Worker Number": 4,
                                                                                                                                                "Actual Startup Time": 0.062,
                                                                                                                                                "Actual Total Time": 123.994,
                                                                                                                                                "Actual Rows": 682835,
                                                                                                                                                "Actual Loops": 1
                                                                                                                                            }
                                                                                                                                        ]
                                                                                                                                    }
                                                                                                                                ]
                                                                                                                            }
                                                                                                                        ]
                                                                                                                    },
                                                                                                                    {
                                                                                                                        "Node Type": "Index Scan",
                                                                                                                        "Parent Relationship": "Inner",
                                                                                                                        "Parallel Aware": false,
                                                                                                                        "Scan Direction": "Forward",
                                                                                                                        "Index Name": "company_name_pkey",
                                                                                                                        "Relation Name": "company_name",
                                                                                                                        "Schema": "public",
                                                                                                                        "Alias": "cn",
                                                                                                                        "Startup Cost": 0.42,
                                                                                                                        "Total Cost": 0.45,
                                                                                                                        "Plan Rows": 1,
                                                                                                                        "Plan Width": 4,
                                                                                                                        "Actual Startup Time": 0.002,
                                                                                                                        "Actual Total Time": 0.002,
                                                                                                                        "Actual Rows": 0,
                                                                                                                        "Actual Loops": 3445,
                                                                                                                        "Output": [
                                                                                                                            "cn.id",
                                                                                                                            "cn.name",
                                                                                                                            "cn.country_code",
                                                                                                                            "cn.imdb_id",
                                                                                                                            "cn.name_pcode_nf",
                                                                                                                            "cn.name_pcode_sf",
                                                                                                                            "cn.md5sum"
                                                                                                                        ],
                                                                                                                        "Index Cond": "(cn.id = mc.company_id)",
                                                                                                                        "Rows Removed by Index Recheck": 0,
                                                                                                                        "Filter": "(((cn.country_code)::text = '[us]'::text) AND (cn.name = 'NBC Universal Television'::text))",
                                                                                                                        "Rows Removed by Filter": 1,
                                                                                                                        "Workers": [
                                                                                                                            {
                                                                                                                                "Worker Number": 0,
                                                                                                                                "Actual Startup Time": 0.002,
                                                                                                                                "Actual Total Time": 0.002,
                                                                                                                                "Actual Rows": 0,
                                                                                                                                "Actual Loops": 1245
                                                                                                                            }
                                                                                                                        ]
                                                                                                                    }
                                                                                                                ]
                                                                                                            }
                                                                                                        ]
                                                                                                    }
                                                                                                ]
                                                                                            },
                                                                                            {
                                                                                                "Node Type": "Sort",
                                                                                                "Parent Relationship": "Inner",
                                                                                                "Parallel Aware": false,
                                                                                                "Startup Cost": 10000879247.14,
                                                                                                "Total Cost": 10000881349.8,
                                                                                                "Plan Rows": 841064,
                                                                                                "Plan Width": 16,
                                                                                                "Actual Startup Time": 3427.234,
                                                                                                "Actual Total Time": 3486.086,
                                                                                                "Actual Rows": 754280,
                                                                                                "Actual Loops": 1,
                                                                                                "Output": [
                                                                                                    "ci.movie_id",
                                                                                                    "ci.person_id",
                                                                                                    "ci.role_id",
                                                                                                    "ci.person_role_id"
                                                                                                ],
                                                                                                "Sort Key": [
                                                                                                    "ci.movie_id"
                                                                                                ],
                                                                                                "Sort Method": "quicksort",
                                                                                                "Sort Space Used": 65239,
                                                                                                "Sort Space Type": "Memory",
                                                                                                "Plans": [
                                                                                                    {
                                                                                                        "Node Type": "Seq Scan",
                                                                                                        "Parent Relationship": "Outer",
                                                                                                        "Parallel Aware": false,
                                                                                                        "Relation Name": "cast_info",
                                                                                                        "Schema": "public",
                                                                                                        "Alias": "ci",
                                                                                                        "Startup Cost": 10000000000.0,
                                                                                                        "Total Cost": 10000796478.64,
                                                                                                        "Plan Rows": 841064,
                                                                                                        "Plan Width": 16,
                                                                                                        "Actual Startup Time": 0.03,
                                                                                                        "Actual Total Time": 3204.116,
                                                                                                        "Actual Rows": 867477,
                                                                                                        "Actual Loops": 1,
                                                                                                        "Output": [
                                                                                                            "ci.movie_id",
                                                                                                            "ci.person_id",
                                                                                                            "ci.role_id",
                                                                                                            "ci.person_role_id"
                                                                                                        ],
                                                                                                        "Filter": "(ci.note = ANY ('{(voice),\"(voice: Japanese version)\",\"(voice) (uncredited)\",\"(voice: English version)\"}'::text[]))",
                                                                                                        "Rows Removed by Filter": 35376867
                                                                                                    }
                                                                                                ]
                                                                                            }
                                                                                        ]
                                                                                    }
                                                                                ]
                                                                            }
                                                                        ]
                                                                    },
                                                                    {
                                                                        "Node Type": "Hash",
                                                                        "Parent Relationship": "Inner",
                                                                        "Parallel Aware": false,
                                                                        "Startup Cost": 10000067850.27,
                                                                        "Total Cost": 10000067850.27,
                                                                        "Plan Rows": 3140227,
                                                                        "Plan Width": 20,
                                                                        "Actual Startup Time": 1641.025,
                                                                        "Actual Total Time": 1641.025,
                                                                        "Actual Rows": 3140339,
                                                                        "Actual Loops": 1,
                                                                        "Output": [
                                                                            "chn.name",
                                                                            "chn.id"
                                                                        ],
                                                                        "Hash Buckets": 4194304,
                                                                        "Original Hash Buckets": 4194304,
                                                                        "Hash Batches": 1,
                                                                        "Original Hash Batches": 1,
                                                                        "Peak Memory Usage": 198037,
                                                                        "Plans": [
                                                                            {
                                                                                "Node Type": "Seq Scan",
                                                                                "Parent Relationship": "Outer",
                                                                                "Parallel Aware": false,
                                                                                "Relation Name": "char_name",
                                                                                "Schema": "public",
                                                                                "Alias": "chn",
                                                                                "Startup Cost": 10000000000.0,
                                                                                "Total Cost": 10000067850.27,
                                                                                "Plan Rows": 3140227,
                                                                                "Plan Width": 20,
                                                                                "Actual Startup Time": 0.017,
                                                                                "Actual Total Time": 453.091,
                                                                                "Actual Rows": 3140339,
                                                                                "Actual Loops": 1,
                                                                                "Output": [
                                                                                    "chn.name",
                                                                                    "chn.id"
                                                                                ]
                                                                            }
                                                                        ]
                                                                    }
                                                                ]
                                                            }
                                                        ]
                                                    }
                                                ]
                                            },
                                            {
                                                "Node Type": "Hash",
                                                "Parent Relationship": "Inner",
                                                "Parallel Aware": false,
                                                "Startup Cost": 76022.11,
                                                "Total Cost": 76022.11,
                                                "Plan Rows": 37808,
                                                "Plan Width": 19,
                                                "Actual Startup Time": 223.737,
                                                "Actual Total Time": 223.805,
                                                "Actual Rows": 50011,
                                                "Actual Loops": 1,
                                                "Output": [
                                                    "n.name",
                                                    "n.id"
                                                ],
                                                "Hash Buckets": 65536,
                                                "Original Hash Buckets": 65536,
                                                "Hash Batches": 1,
                                                "Original Hash Batches": 1,
                                                "Peak Memory Usage": 3135,
                                                "Plans": [
                                                    {
                                                        "Node Type": "Gather",
                                                        "Parent Relationship": "Outer",
                                                        "Parallel Aware": false,
                                                        "Startup Cost": 1000.0,
                                                        "Total Cost": 76022.11,
                                                        "Plan Rows": 37808,
                                                        "Plan Width": 19,
                                                        "Actual Startup Time": 100.157,
                                                        "Actual Total Time": 213.805,
                                                        "Actual Rows": 50011,
                                                        "Actual Loops": 1,
                                                        "Output": [
                                                            "n.name",
                                                            "n.id"
                                                        ],
                                                        "Workers Planned": 4,
                                                        "Workers Launched": 4,
                                                        "Single Copy": false,
                                                        "Plans": [
                                                            {
                                                                "Node Type": "Seq Scan",
                                                                "Parent Relationship": "Outer",
                                                                "Parallel Aware": true,
                                                                "Relation Name": "name",
                                                                "Schema": "public",
                                                                "Alias": "n",
                                                                "Startup Cost": 0.0,
                                                                "Total Cost": 71241.31,
                                                                "Plan Rows": 9452,
                                                                "Plan Width": 19,
                                                                "Actual Startup Time": 91.071,
                                                                "Actual Total Time": 204.907,
                                                                "Actual Rows": 10002,
                                                                "Actual Loops": 5,
                                                                "Output": [
                                                                    "n.name",
                                                                    "n.id"
                                                                ],
                                                                "Filter": "((n.name ~~ '%An%'::text) AND ((n.gender)::text = 'f'::text))",
                                                                "Rows Removed by Filter": 823496,
                                                                "Workers": [
                                                                    {
                                                                        "Worker Number": 0,
                                                                        "Actual Startup Time": 88.671,
                                                                        "Actual Total Time": 206.238,
                                                                        "Actual Rows": 10972,
                                                                        "Actual Loops": 1
                                                                    },
                                                                    {
                                                                        "Worker Number": 1,
                                                                        "Actual Startup Time": 89.002,
                                                                        "Actual Total Time": 206.397,
                                                                        "Actual Rows": 10710,
                                                                        "Actual Loops": 1
                                                                    },
                                                                    {
                                                                        "Worker Number": 2,
                                                                        "Actual Startup Time": 88.984,
                                                                        "Actual Total Time": 206.026,
                                                                        "Actual Rows": 10337,
                                                                        "Actual Loops": 1
                                                                    },
                                                                    {
                                                                        "Worker Number": 3,
                                                                        "Actual Startup Time": 88.97,
                                                                        "Actual Total Time": 205.686,
                                                                        "Actual Rows": 10479,
                                                                        "Actual Loops": 1
                                                                    }
                                                                ]
                                                            }
                                                        ]
                                                    }
                                                ]
                                            }
                                        ]
                                    }
                                ]
                            }
                        ]
                    },
                    {
                        "Node Type": "Bitmap Heap Scan",
                        "Parent Relationship": "Inner",
                        "Parallel Aware": false,
                        "Relation Name": "aka_name",
                        "Schema": "public",
                        "Alias": "an",
                        "Startup Cost": 0.46,
                        "Total Cost": 4.48,
                        "Plan Rows": 2,
                        "Plan Width": 4,
                        "Actual Startup Time": 0.015,
                        "Actual Total Time": 0.017,
                        "Actual Rows": 5,
                        "Actual Loops": 2,
                        "Output": [
                            "an.id",
                            "an.person_id",
                            "an.name",
                            "an.imdb_index",
                            "an.name_pcode_cf",
                            "an.name_pcode_nf",
                            "an.surname_pcode",
                            "an.md5sum"
                        ],
                        "Recheck Cond": "(an.person_id = ci.person_id)",
                        "Rows Removed by Index Recheck": 0,
                        "Exact Heap Blocks": 4,
                        "Lossy Heap Blocks": 0,
                        "Plans": [
                            {
                                "Node Type": "Bitmap Index Scan",
                                "Parent Relationship": "Outer",
                                "Parallel Aware": false,
                                "Index Name": "person_id_aka_name",
                                "Startup Cost": 0.0,
                                "Total Cost": 0.46,
                                "Plan Rows": 2,
                                "Plan Width": 0,
                                "Actual Startup Time": 0.01,
                                "Actual Total Time": 0.01,
                                "Actual Rows": 5,
                                "Actual Loops": 2,
                                "Index Cond": "(an.person_id = ci.person_id)"
                            }
                        ]
                    }
                ]
            }
        ]
    },
    "Planning Time": 44.146,
    "Triggers": [],
    "Execution Time": 6520.206
}