[
  {
    "Plan": {
      "Node Type": "Aggregate",
      "Strategy": "Plain",
      "Partial Mode": "Finalize",
      "Parallel Aware": false,
      "Startup Cost": 347412.51,
      "Total Cost": 347412.52,
      "Plan Rows": 1,
      "Plan Width": 8,
      "Actual Startup Time": 627.767,
      "Actual Total Time": 683.924,
      "Actual Rows": 1,
      "Actual Loops": 1,
      "Plans": [
        {
          "Node Type": "Gather",
          "Parent Relationship": "Outer",
          "Parallel Aware": false,
          "Startup Cost": 347411.88,
          "Total Cost": 347412.49,
          "Plan Rows": 6,
          "Plan Width": 8,
          "Actual Startup Time": 627.648,
          "Actual Total Time": 683.913,
          "Actual Rows": 7,
          "Actual Loops": 1,
          "Workers Planned": 6,
          "Workers Launched": 6,
          "Single Copy": false,
          "Plans": [
            {
              "Node Type": "Aggregate",
              "Strategy": "Plain",
              "Partial Mode": "Partial",
              "Parent Relationship": "Outer",
              "Parallel Aware": false,
              "Startup Cost": 346411.88,
              "Total Cost": 346411.89,
              "Plan Rows": 1,
              "Plan Width": 8,
              "Actual Startup Time": 617.159,
              "Actual Total Time": 617.16,
              "Actual Rows": 1,
              "Actual Loops": 7,
              "Plans": [
                {
                  "Node Type": "Seq Scan",
                  "Parent Relationship": "Outer",
                  "Parallel Aware": true,
                  "Relation Name": "cast_info",
                  "Alias": "ci",
                  "Startup Cost": 0.0,
                  "Total Cost": 343257.03,
                  "Plan Rows": 1261942,
                  "Plan Width": 0,
                  "Actual Startup Time": 224.85,
                  "Actual Total Time": 597.622,
                  "Actual Rows": 459910,
                  "Actual Loops": 7,
                  "Filter": "((person_id < 1135477) AND (role_id > 1))",
                  "Rows Removed by Filter": 4717853
                }
              ]
            }
          ]
        }
      ]
    },
    "Planning Time": 0.196,
    "Triggers": [],
    "Execution Time": 684.013
  }
]