[
  {
    "Plan": {
      "Node Type": "Aggregate",
      "Strategy": "Plain",
      "Partial Mode": "Finalize",
      "Parallel Aware": false,
      "Startup Cost": 44737.18,
      "Total Cost": 44737.19,
      "Plan Rows": 1,
      "Plan Width": 8,
      "Actual Startup Time": 160.556,
      "Actual Total Time": 173.14,
      "Actual Rows": 1,
      "Actual Loops": 1,
      "Plans": [
        {
          "Node Type": "Gather",
          "Parent Relationship": "Outer",
          "Parallel Aware": false,
          "Startup Cost": 44736.86,
          "Total Cost": 44737.17,
          "Plan Rows": 3,
          "Plan Width": 8,
          "Actual Startup Time": 160.385,
          "Actual Total Time": 173.13,
          "Actual Rows": 4,
          "Actual Loops": 1,
          "Workers Planned": 3,
          "Workers Launched": 3,
          "Single Copy": false,
          "Plans": [
            {
              "Node Type": "Aggregate",
              "Strategy": "Plain",
              "Partial Mode": "Partial",
              "Parent Relationship": "Outer",
              "Parallel Aware": false,
              "Startup Cost": 43736.86,
              "Total Cost": 43736.87,
              "Plan Rows": 1,
              "Plan Width": 8,
              "Actual Startup Time": 151.661,
              "Actual Total Time": 151.662,
              "Actual Rows": 1,
              "Actual Loops": 4,
              "Plans": [
                {
                  "Node Type": "Seq Scan",
                  "Parent Relationship": "Outer",
                  "Parallel Aware": true,
                  "Relation Name": "movie_keyword",
                  "Alias": "mk",
                  "Startup Cost": 0.0,
                  "Total Cost": 42695.65,
                  "Plan Rows": 416484,
                  "Plan Width": 0,
                  "Actual Startup Time": 0.066,
                  "Actual Total Time": 131.725,
                  "Actual Rows": 324018,
                  "Actual Loops": 4,
                  "Filter": "(keyword_id < 1682)",
                  "Rows Removed by Filter": 806964
                }
              ]
            }
          ]
        }
      ]
    },
    "Planning Time": 0.198,
    "Triggers": [],
    "Execution Time": 173.199
  }
]