{
  "Plan": {
    "Node Type": "Aggregate",
    "Strategy": "Plain",
    "Partial Mode": "Finalize",
    "Parallel Aware": false,
    "Startup Cost": 116283.28,
    "Total Cost": 116283.29,
    "Plan Rows": 1,
    "Plan Width": 8,
    "Actual Startup Time": 428.075,
    "Actual Total Time": 443.867,
    "Actual Rows": 1,
    "Actual Loops": 1,
    "Plans": [
      {
        "Node Type": "Gather",
        "Parent Relationship": "Outer",
        "Parallel Aware": false,
        "Startup Cost": 116283.17,
        "Total Cost": 116283.28,
        "Plan Rows": 1,
        "Plan Width": 8,
        "Actual Startup Time": 427.882,
        "Actual Total Time": 443.858,
        "Actual Rows": 2,
        "Actual Loops": 1,
        "Workers Planned": 1,
        "Workers Launched": 1,
        "Single Copy": false,
        "Plans": [
          {
            "Node Type": "Aggregate",
            "Strategy": "Plain",
            "Partial Mode": "Partial",
            "Parent Relationship": "Outer",
            "Parallel Aware": false,
            "Startup Cost": 115283.17,
            "Total Cost": 115283.18,
            "Plan Rows": 1,
            "Plan Width": 8,
            "Actual Startup Time": 421.812,
            "Actual Total Time": 421.815,
            "Actual Rows": 1,
            "Actual Loops": 2,
            "Plans": [
              {
                "Node Type": "Hash Join",
                "Parent Relationship": "Outer",
                "Parallel Aware": true,
                "Join Type": "Inner",
                "Startup Cost": 54697.45,
                "Total Cost": 115267.24,
                "Plan Rows": 6373,
                "Plan Width": 0,
                "Actual Startup Time": 146.644,
                "Actual Total Time": 421.39,
                "Actual Rows": 6936,
                "Actual Loops": 2,
                "Inner Unique": true,
                "Hash Cond": "(mk.movie_id = t.id)",
                "Plans": [
                  {
                    "Node Type": "Seq Scan",
                    "Parent Relationship": "Outer",
                    "Parallel Aware": true,
                    "Relation Name": "movie_keyword",
                    "Alias": "mk",
                    "Startup Cost": 0.0,
                    "Total Cost": 57718.19,
                    "Plan Rows": 1086321,
                    "Plan Width": 4,
                    "Actual Startup Time": 0.016,
                    "Actual Total Time": 199.478,
                    "Actual Rows": 927922,
                    "Actual Loops": 2,
                    "Filter": "(keyword_id < 3089)",
                    "Rows Removed by Filter": 1334044
                  },
                  {
                    "Node Type": "Hash",
                    "Parent Relationship": "Inner",
                    "Parallel Aware": true,
                    "Startup Cost": 54588.39,
                    "Total Cost": 54588.39,
                    "Plan Rows": 8725,
                    "Plan Width": 4,
                    "Actual Startup Time": 144.539,
                    "Actual Total Time": 144.54,
                    "Actual Rows": 6868,
                    "Actual Loops": 2,
                    "Hash Buckets": 16384,
                    "Original Hash Buckets": 16384,
                    "Hash Batches": 1,
                    "Original Hash Batches": 1,
                    "Peak Memory Usage": 704,
                    "Plans": [
                      {
                        "Node Type": "Seq Scan",
                        "Parent Relationship": "Outer",
                        "Parallel Aware": true,
                        "Relation Name": "title",
                        "Alias": "t",
                        "Startup Cost": 0.0,
                        "Total Cost": 54588.39,
                        "Plan Rows": 8725,
                        "Plan Width": 4,
                        "Actual Startup Time": 0.122,
                        "Actual Total Time": 141.66,
                        "Actual Rows": 6868,
                        "Actual Loops": 2,
                        "Filter": "(production_year = 1974)",
                        "Rows Removed by Filter": 1257288
                      }
                    ]
                  }
                ]
              }
            ]
          }
        ]
      }
    ]
  },
  "Planning Time": 0.446,
  "Triggers": [],
  "Execution Time": 443.942
}