{
  "Plan": {
    "Node Type": "Merge Join",
    "Parallel Aware": false,
    "Join Type": "Inner",
    "Startup Cost": 532903.84,
    "Total Cost": 583694.4,
    "Plan Rows": 2581606,
    "Plan Width": 4,
    "Actual Startup Time": 5283.1,
    "Actual Total Time": 6230.23,
    "Actual Rows": 2583037,
    "Actual Loops": 1,
    "Inner Unique": false,
    "Merge Cond": "(cn.id = mc.company_id)",
    "Plans": [
      {
        "Node Type": "Index Only Scan",
        "Parent Relationship": "Outer",
        "Parallel Aware": false,
        "Scan Direction": "Forward",
        "Index Name": "company_name_pkey",
        "Relation Name": "company_name",
        "Alias": "cn",
        "Startup Cost": 0.42,
        "Total Cost": 11881.93,
        "Plan Rows": 234997,
        "Plan Width": 4,
        "Actual Startup Time": 0.079,
        "Actual Total Time": 163.874,
        "Actual Rows": 211061,
        "Actual Loops": 1,
        "Heap Fetches": 211061
      },
      {
        "Node Type": "Sort",
        "Parent Relationship": "Inner",
        "Parallel Aware": false,
        "Startup Cost": 532508.73,
        "Total Cost": 538962.75,
        "Plan Rows": 2581606,
        "Plan Width": 4,
        "Actual Startup Time": 5282.973,
        "Actual Total Time": 5766.19,
        "Actual Rows": 2583037,
        "Actual Loops": 1,
        "Sort Key": [
          "mc.company_id"
        ],
        "Sort Method": "quicksort",
        "Sort Space Used": 219384,
        "Sort Space Type": "Memory",
        "Plans": [
          {
            "Node Type": "Hash Join",
            "Parent Relationship": "Outer",
            "Parallel Aware": false,
            "Join Type": "Inner",
            "Startup Cost": 148346.19,
            "Total Cost": 257569.79,
            "Plan Rows": 2581606,
            "Plan Width": 4,
            "Actual Startup Time": 2373.491,
            "Actual Total Time": 4504.906,
            "Actual Rows": 2583037,
            "Actual Loops": 1,
            "Inner Unique": false,
            "Hash Cond": "(t.id = mc.movie_id)",
            "Plans": [
              {
                "Node Type": "Seq Scan",
                "Parent Relationship": "Outer",
                "Parallel Aware": false,
                "Relation Name": "title",
                "Alias": "t",
                "Startup Cost": 0.0,
                "Total Cost": 61283.09,
                "Plan Rows": 2528509,
                "Plan Width": 4,
                "Actual Startup Time": 0.244,
                "Actual Total Time": 859.542,
                "Actual Rows": 2528312,
                "Actual Loops": 1
              },
              {
                "Node Type": "Hash",
                "Parent Relationship": "Inner",
                "Parallel Aware": false,
                "Startup Cost": 116076.11,
                "Total Cost": 116076.11,
                "Plan Rows": 2581606,
                "Plan Width": 8,
                "Actual Startup Time": 2293.497,
                "Actual Total Time": 2293.522,
                "Actual Rows": 2583037,
                "Actual Loops": 1,
                "Hash Buckets": 4194304,
                "Original Hash Buckets": 4194304,
                "Hash Batches": 1,
                "Original Hash Batches": 1,
                "Peak Memory Usage": 133668,
                "Plans": [
                  {
                    "Node Type": "Hash Join",
                    "Parent Relationship": "Outer",
                    "Parallel Aware": false,
                    "Join Type": "Inner",
                    "Startup Cost": 83674.19,
                    "Total Cost": 116076.11,
                    "Plan Rows": 2581606,
                    "Plan Width": 8,
                    "Actual Startup Time": 1278.476,
                    "Actual Total Time": 1528.905,
                    "Actual Rows": 2583037,
                    "Actual Loops": 1,
                    "Inner Unique": false,
                    "Hash Cond": "(ct.id = mc.company_type_id)",
                    "Plans": [
                      {
                        "Node Type": "Seq Scan",
                        "Parent Relationship": "Outer",
                        "Parallel Aware": false,
                        "Relation Name": "company_type",
                        "Alias": "ct",
                        "Startup Cost": 0.0,
                        "Total Cost": 1.04,
                        "Plan Rows": 4,
                        "Plan Width": 4,
                        "Actual Startup Time": 0.024,
                        "Actual Total Time": 0.074,
                        "Actual Rows": 4,
                        "Actual Loops": 1
                      },
                      {
                        "Node Type": "Hash",
                        "Parent Relationship": "Inner",
                        "Parallel Aware": false,
                        "Startup Cost": 51404.11,
                        "Total Cost": 51404.11,
                        "Plan Rows": 2581606,
                        "Plan Width": 12,
                        "Actual Startup Time": 1202.926,
                        "Actual Total Time": 1202.936,
                        "Actual Rows": 2583037,
                        "Actual Loops": 1,
                        "Hash Buckets": 4194304,
                        "Original Hash Buckets": 4194304,
                        "Hash Batches": 1,
                        "Original Hash Batches": 1,
                        "Peak Memory Usage": 143758,
                        "Plans": [
                          {
                            "Node Type": "Seq Scan",
                            "Parent Relationship": "Outer",
                            "Parallel Aware": false,
                            "Relation Name": "movie_companies",
                            "Alias": "mc",
                            "Startup Cost": 0.0,
                            "Total Cost": 51404.11,
                            "Plan Rows": 2581606,
                            "Plan Width": 12,
                            "Actual Startup Time": 0.057,
                            "Actual Total Time": 626.503,
                            "Actual Rows": 2583037,
                            "Actual Loops": 1,
                            "Filter": "(company_id < 211061)",
                            "Rows Removed by Filter": 26092
                          }
                        ]
                      }
                    ]
                  }
                ]
              }
            ]
          }
        ]
      }
    ]
  },
  "Planning Time": 8.739,
  "Triggers": [],
  "Execution Time": 6339.587
}