{
  "Plan": {
    "Node Type": "Aggregate",
    "Strategy": "Plain",
    "Partial Mode": "Finalize",
    "Parallel Aware": false,
    "Startup Cost": 409234.31,
    "Total Cost": 409234.32,
    "Plan Rows": 1,
    "Plan Width": 8,
    "Actual Startup Time": 2304.028,
    "Actual Total Time": 2337.652,
    "Actual Rows": 1,
    "Actual Loops": 1,
    "Plans": [
      {
        "Node Type": "Gather",
        "Parent Relationship": "Outer",
        "Parallel Aware": false,
        "Startup Cost": 409234.2,
        "Total Cost": 409234.31,
        "Plan Rows": 1,
        "Plan Width": 8,
        "Actual Startup Time": 2297.335,
        "Actual Total Time": 2337.642,
        "Actual Rows": 2,
        "Actual Loops": 1,
        "Workers Planned": 1,
        "Workers Launched": 1,
        "Single Copy": false,
        "Plans": [
          {
            "Node Type": "Aggregate",
            "Strategy": "Plain",
            "Partial Mode": "Partial",
            "Parent Relationship": "Outer",
            "Parallel Aware": false,
            "Startup Cost": 408234.2,
            "Total Cost": 408234.21,
            "Plan Rows": 1,
            "Plan Width": 8,
            "Actual Startup Time": 2289.324,
            "Actual Total Time": 2290.57,
            "Actual Rows": 1,
            "Actual Loops": 2,
            "Plans": [
              {
                "Node Type": "Hash Join",
                "Parent Relationship": "Outer",
                "Parallel Aware": true,
                "Join Type": "Inner",
                "Startup Cost": 98077.43,
                "Total Cost": 407454.66,
                "Plan Rows": 311814,
                "Plan Width": 0,
                "Actual Startup Time": 913.925,
                "Actual Total Time": 2186.411,
                "Actual Rows": 2641102,
                "Actual Loops": 2,
                "Inner Unique": false,
                "Hash Cond": "(ci.movie_id = t.id)",
                "Plans": [
                  {
                    "Node Type": "Index Scan",
                    "Parent Relationship": "Outer",
                    "Parallel Aware": true,
                    "Scan Direction": "Forward",
                    "Index Name": "role_id_cast_info",
                    "Relation Name": "cast_info",
                    "Alias": "ci",
                    "Startup Cost": 0.56,
                    "Total Cost": 305110.75,
                    "Plan Rows": 648759,
                    "Plan Width": 4,
                    "Actual Startup Time": 58.416,
                    "Actual Total Time": 650.608,
                    "Actual Rows": 1999850,
                    "Actual Loops": 2,
                    "Index Cond": "(role_id > 4)",
                    "Rows Removed by Index Recheck": 0,
                    "Filter": "(person_id > 3325163)",
                    "Rows Removed by Filter": 2692501
                  },
                  {
                    "Node Type": "Hash",
                    "Parent Relationship": "Inner",
                    "Parallel Aware": true,
                    "Startup Cost": 89141.75,
                    "Total Cost": 89141.75,
                    "Plan Rows": 714809,
                    "Plan Width": 8,
                    "Actual Startup Time": 840.503,
                    "Actual Total Time": 841.747,
                    "Actual Rows": 623665,
                    "Actual Loops": 2,
                    "Hash Buckets": 2097152,
                    "Original Hash Buckets": 2097152,
                    "Hash Batches": 1,
                    "Original Hash Batches": 1,
                    "Peak Memory Usage": 65216,
                    "Plans": [
                      {
                        "Node Type": "Hash Join",
                        "Parent Relationship": "Outer",
                        "Parallel Aware": true,
                        "Join Type": "Inner",
                        "Startup Cost": 70957.96,
                        "Total Cost": 89141.75,
                        "Plan Rows": 714809,
                        "Plan Width": 8,
                        "Actual Startup Time": 492.823,
                        "Actual Total Time": 712.076,
                        "Actual Rows": 623665,
                        "Actual Loops": 2,
                        "Inner Unique": true,
                        "Hash Cond": "(mi_idx.movie_id = t.id)",
                        "Plans": [
                          {
                            "Node Type": "Seq Scan",
                            "Parent Relationship": "Outer",
                            "Parallel Aware": true,
                            "Relation Name": "movie_info_idx",
                            "Alias": "mi_idx",
                            "Startup Cost": 0.0,
                            "Total Cost": 16052.85,
                            "Plan Rows": 811785,
                            "Plan Width": 4,
                            "Actual Startup Time": 0.031,
                            "Actual Total Time": 52.699,
                            "Actual Rows": 690018,
                            "Actual Loops": 2
                          },
                          {
                            "Node Type": "Hash",
                            "Parent Relationship": "Inner",
                            "Parallel Aware": true,
                            "Startup Cost": 54588.39,
                            "Total Cost": 54588.39,
                            "Plan Rows": 1309566,
                            "Plan Width": 4,
                            "Actual Startup Time": 479.564,
                            "Actual Total Time": 479.565,
                            "Actual Rows": 1107409,
                            "Actual Loops": 2,
                            "Hash Buckets": 4194304,
                            "Original Hash Buckets": 4194304,
                            "Hash Batches": 1,
                            "Original Hash Batches": 1,
                            "Peak Memory Usage": 119424,
                            "Plans": [
                              {
                                "Node Type": "Seq Scan",
                                "Parent Relationship": "Outer",
                                "Parallel Aware": true,
                                "Relation Name": "title",
                                "Alias": "t",
                                "Startup Cost": 0.0,
                                "Total Cost": 54588.39,
                                "Plan Rows": 1309566,
                                "Plan Width": 4,
                                "Actual Startup Time": 0.047,
                                "Actual Total Time": 181.917,
                                "Actual Rows": 1107409,
                                "Actual Loops": 2,
                                "Filter": "(production_year > 1959)",
                                "Rows Removed by Filter": 156747
                              }
                            ]
                          }
                        ]
                      }
                    ]
                  }
                ]
              }
            ]
          }
        ]
      }
    ]
  },
  "Planning Time": 0.827,
  "Triggers": [],
  "Execution Time": 2337.737
}