[
  {
    "Plan": {
      "Node Type": "Aggregate",
      "Strategy": "Plain",
      "Partial Mode": "Finalize",
      "Parallel Aware": false,
      "Startup Cost": 109644.7,
      "Total Cost": 109644.71,
      "Plan Rows": 1,
      "Plan Width": 8,
      "Actual Startup Time": 161.835,
      "Actual Total Time": 177.406,
      "Actual Rows": 1,
      "Actual Loops": 1,
      "Plans": [
        {
          "Node Type": "Gather",
          "Parent Relationship": "Outer",
          "Parallel Aware": false,
          "Startup Cost": 109644.18,
          "Total Cost": 109644.68,
          "Plan Rows": 5,
          "Plan Width": 8,
          "Actual Startup Time": 161.719,
          "Actual Total Time": 177.392,
          "Actual Rows": 6,
          "Actual Loops": 1,
          "Workers Planned": 5,
          "Workers Launched": 5,
          "Single Copy": false,
          "Plans": [
            {
              "Node Type": "Aggregate",
              "Strategy": "Plain",
              "Partial Mode": "Partial",
              "Parent Relationship": "Outer",
              "Parallel Aware": false,
              "Startup Cost": 108644.18,
              "Total Cost": 108644.18,
              "Plan Rows": 1,
              "Plan Width": 8,
              "Actual Startup Time": 156.735,
              "Actual Total Time": 156.736,
              "Actual Rows": 1,
              "Actual Loops": 6,
              "Plans": [
                {
                  "Node Type": "Index Scan",
                  "Parent Relationship": "Outer",
                  "Parallel Aware": true,
                  "Scan Direction": "Forward",
                  "Index Name": "role_id_cast_info",
                  "Relation Name": "cast_info",
                  "Alias": "ci",
                  "Startup Cost": 0.56,
                  "Total Cost": 107159.34,
                  "Plan Rows": 593936,
                  "Plan Width": 0,
                  "Actual Startup Time": 0.08,
                  "Actual Total Time": 137.459,
                  "Actual Rows": 405092,
                  "Actual Loops": 6,
                  "Index Cond": "(role_id = 3)",
                  "Rows Removed by Index Recheck": 0,
                  "Filter": "(person_id < 2817824)",
                  "Rows Removed by Filter": 262914
                }
              ]
            }
          ]
        }
      ]
    },
    "Planning Time": 0.108,
    "Triggers": [],
    "Execution Time": 177.444
  }
]