[
  {
    "Plan": {
      "Node Type": "Aggregate",
      "Strategy": "Plain",
      "Partial Mode": "Finalize",
      "Parallel Aware": false,
      "Startup Cost": 47239.54,
      "Total Cost": 47239.55,
      "Plan Rows": 1,
      "Plan Width": 8,
      "Actual Startup Time": 102.372,
      "Actual Total Time": 115.721,
      "Actual Rows": 1,
      "Actual Loops": 1,
      "Plans": [
        {
          "Node Type": "Gather",
          "Parent Relationship": "Outer",
          "Parallel Aware": false,
          "Startup Cost": 47239.12,
          "Total Cost": 47239.53,
          "Plan Rows": 4,
          "Plan Width": 8,
          "Actual Startup Time": 102.218,
          "Actual Total Time": 115.71,
          "Actual Rows": 5,
          "Actual Loops": 1,
          "Workers Planned": 4,
          "Workers Launched": 4,
          "Single Copy": false,
          "Plans": [
            {
              "Node Type": "Aggregate",
              "Strategy": "Plain",
              "Partial Mode": "Partial",
              "Parent Relationship": "Outer",
              "Parallel Aware": false,
              "Startup Cost": 46239.12,
              "Total Cost": 46239.13,
              "Plan Rows": 1,
              "Plan Width": 8,
              "Actual Startup Time": 97.373,
              "Actual Total Time": 97.375,
              "Actual Rows": 1,
              "Actual Loops": 5,
              "Plans": [
                {
                  "Node Type": "Seq Scan",
                  "Parent Relationship": "Outer",
                  "Parallel Aware": true,
                  "Relation Name": "title",
                  "Alias": "t",
                  "Startup Cost": 0.0,
                  "Total Cost": 45479.59,
                  "Plan Rows": 303815,
                  "Plan Width": 0,
                  "Actual Startup Time": 0.027,
                  "Actual Total Time": 85.327,
                  "Actual Rows": 259350,
                  "Actual Loops": 5,
                  "Filter": "((kind_id > 4) AND (production_year > 1978))",
                  "Rows Removed by Filter": 246313
                }
              ]
            }
          ]
        }
      ]
    },
    "Planning Time": 0.1,
    "Triggers": [],
    "Execution Time": 115.757
  }
]