{
  "Plan": {
    "Node Type": "Aggregate",
    "Strategy": "Plain",
    "Partial Mode": "Finalize",
    "Parallel Aware": false,
    "Startup Cost": 102314.61,
    "Total Cost": 102314.62,
    "Plan Rows": 1,
    "Plan Width": 8,
    "Actual Startup Time": 370.003,
    "Actual Total Time": 381.225,
    "Actual Rows": 1,
    "Actual Loops": 1,
    "Plans": [
      {
        "Node Type": "Gather",
        "Parent Relationship": "Outer",
        "Parallel Aware": false,
        "Startup Cost": 102314.49,
        "Total Cost": 102314.6,
        "Plan Rows": 1,
        "Plan Width": 8,
        "Actual Startup Time": 369.61,
        "Actual Total Time": 381.217,
        "Actual Rows": 2,
        "Actual Loops": 1,
        "Workers Planned": 1,
        "Workers Launched": 1,
        "Single Copy": false,
        "Plans": [
          {
            "Node Type": "Aggregate",
            "Strategy": "Plain",
            "Partial Mode": "Partial",
            "Parent Relationship": "Outer",
            "Parallel Aware": false,
            "Startup Cost": 101314.49,
            "Total Cost": 101314.5,
            "Plan Rows": 1,
            "Plan Width": 8,
            "Actual Startup Time": 363.766,
            "Actual Total Time": 363.77,
            "Actual Rows": 1,
            "Actual Loops": 2,
            "Plans": [
              {
                "Node Type": "Hash Join",
                "Parent Relationship": "Outer",
                "Parallel Aware": true,
                "Join Type": "Inner",
                "Startup Cost": 38779.02,
                "Total Cost": 101229.07,
                "Plan Rows": 34168,
                "Plan Width": 0,
                "Actual Startup Time": 72.033,
                "Actual Total Time": 361.703,
                "Actual Rows": 49371,
                "Actual Loops": 2,
                "Inner Unique": true,
                "Hash Cond": "(mk.movie_id = t.id)",
                "Plans": [
                  {
                    "Node Type": "Seq Scan",
                    "Parent Relationship": "Outer",
                    "Parallel Aware": true,
                    "Relation Name": "movie_keyword",
                    "Alias": "mk",
                    "Startup Cost": 0.0,
                    "Total Cost": 57718.19,
                    "Plan Rows": 1802610,
                    "Plan Width": 4,
                    "Actual Startup Time": 0.013,
                    "Actual Total Time": 186.967,
                    "Actual Rows": 1528878,
                    "Actual Loops": 2,
                    "Filter": "(keyword_id < 11277)",
                    "Rows Removed by Filter": 733087
                  },
                  {
                    "Node Type": "Hash",
                    "Parent Relationship": "Inner",
                    "Parallel Aware": true,
                    "Startup Cost": 38426.64,
                    "Total Cost": 38426.64,
                    "Plan Rows": 28190,
                    "Plan Width": 4,
                    "Actual Startup Time": 70.732,
                    "Actual Total Time": 70.734,
                    "Actual Rows": 26556,
                    "Actual Loops": 2,
                    "Hash Buckets": 65536,
                    "Original Hash Buckets": 65536,
                    "Hash Batches": 1,
                    "Original Hash Batches": 1,
                    "Peak Memory Usage": 2624,
                    "Plans": [
                      {
                        "Node Type": "Bitmap Heap Scan",
                        "Parent Relationship": "Outer",
                        "Parallel Aware": true,
                        "Relation Name": "title",
                        "Alias": "t",
                        "Startup Cost": 1628.52,
                        "Total Cost": 38426.64,
                        "Plan Rows": 28190,
                        "Plan Width": 4,
                        "Actual Startup Time": 21.547,
                        "Actual Total Time": 64.618,
                        "Actual Rows": 26556,
                        "Actual Loops": 2,
                        "Recheck Cond": "(kind_id = 2)",
                        "Rows Removed by Index Recheck": 0,
                        "Filter": "(production_year < 2005)",
                        "Rows Removed by Filter": 18870,
                        "Exact Heap Blocks": 19904,
                        "Lossy Heap Blocks": 0,
                        "Plans": [
                          {
                            "Node Type": "Bitmap Index Scan",
                            "Parent Relationship": "Outer",
                            "Parallel Aware": false,
                            "Index Name": "kind_id_title",
                            "Startup Cost": 0.0,
                            "Total Cost": 1616.54,
                            "Plan Rows": 90681,
                            "Plan Width": 0,
                            "Actual Startup Time": 18.256,
                            "Actual Total Time": 18.256,
                            "Actual Rows": 90852,
                            "Actual Loops": 1,
                            "Index Cond": "(kind_id = 2)"
                          }
                        ]
                      }
                    ]
                  }
                ]
              }
            ]
          }
        ]
      }
    ]
  },
  "Planning Time": 0.51,
  "Triggers": [],
  "Execution Time": 381.317
}