[
  {
    "Plan": {
      "Node Type": "Aggregate",
      "Strategy": "Plain",
      "Partial Mode": "Finalize",
      "Parallel Aware": false,
      "Startup Cost": 343014.29,
      "Total Cost": 343014.3,
      "Plan Rows": 1,
      "Plan Width": 8,
      "Actual Startup Time": 886.689,
      "Actual Total Time": 932.283,
      "Actual Rows": 1,
      "Actual Loops": 1,
      "Plans": [
        {
          "Node Type": "Gather",
          "Parent Relationship": "Outer",
          "Parallel Aware": false,
          "Startup Cost": 343013.66,
          "Total Cost": 343014.27,
          "Plan Rows": 6,
          "Plan Width": 8,
          "Actual Startup Time": 886.46,
          "Actual Total Time": 932.274,
          "Actual Rows": 7,
          "Actual Loops": 1,
          "Workers Planned": 6,
          "Workers Launched": 6,
          "Single Copy": false,
          "Plans": [
            {
              "Node Type": "Aggregate",
              "Strategy": "Plain",
              "Partial Mode": "Partial",
              "Parent Relationship": "Outer",
              "Parallel Aware": false,
              "Startup Cost": 342013.66,
              "Total Cost": 342013.67,
              "Plan Rows": 1,
              "Plan Width": 8,
              "Actual Startup Time": 878.805,
              "Actual Total Time": 878.807,
              "Actual Rows": 1,
              "Actual Loops": 7,
              "Plans": [
                {
                  "Node Type": "Seq Scan",
                  "Parent Relationship": "Outer",
                  "Parallel Aware": true,
                  "Relation Name": "cast_info",
                  "Alias": "ci",
                  "Startup Cost": 0.0,
                  "Total Cost": 328211.39,
                  "Plan Rows": 5520909,
                  "Plan Width": 0,
                  "Actual Startup Time": 44.94,
                  "Actual Total Time": 651.933,
                  "Actual Rows": 4716492,
                  "Actual Loops": 7,
                  "Filter": "(person_id > 312177)",
                  "Rows Removed by Filter": 461271
                }
              ]
            }
          ]
        }
      ]
    },
    "Planning Time": 0.086,
    "Triggers": [],
    "Execution Time": 932.327
  }
]