[
  {
    "Plan": {
      "Node Type": "Aggregate",
      "Strategy": "Plain",
      "Partial Mode": "Finalize",
      "Parallel Aware": false,
      "Startup Cost": 342943.85,
      "Total Cost": 342943.86,
      "Plan Rows": 1,
      "Plan Width": 8,
      "Actual Startup Time": 1064.92,
      "Actual Total Time": 1130.787,
      "Actual Rows": 1,
      "Actual Loops": 1,
      "Plans": [
        {
          "Node Type": "Gather",
          "Parent Relationship": "Outer",
          "Parallel Aware": false,
          "Startup Cost": 342943.22,
          "Total Cost": 342943.83,
          "Plan Rows": 6,
          "Plan Width": 8,
          "Actual Startup Time": 1064.756,
          "Actual Total Time": 1130.775,
          "Actual Rows": 7,
          "Actual Loops": 1,
          "Workers Planned": 6,
          "Workers Launched": 6,
          "Single Copy": false,
          "Plans": [
            {
              "Node Type": "Aggregate",
              "Strategy": "Plain",
              "Partial Mode": "Partial",
              "Parent Relationship": "Outer",
              "Parallel Aware": false,
              "Startup Cost": 341943.22,
              "Total Cost": 341943.23,
              "Plan Rows": 1,
              "Plan Width": 8,
              "Actual Startup Time": 1056.358,
              "Actual Total Time": 1056.36,
              "Actual Rows": 1,
              "Actual Loops": 7,
              "Plans": [
                {
                  "Node Type": "Seq Scan",
                  "Parent Relationship": "Outer",
                  "Parallel Aware": true,
                  "Relation Name": "cast_info",
                  "Alias": "ci",
                  "Startup Cost": 0.0,
                  "Total Cost": 328162.03,
                  "Plan Rows": 5512478,
                  "Plan Width": 0,
                  "Actual Startup Time": 48.899,
                  "Actual Total Time": 794.238,
                  "Actual Rows": 4716492,
                  "Actual Loops": 7,
                  "Filter": "(person_id > 312177)",
                  "Rows Removed by Filter": 461271
                }
              ]
            }
          ]
        }
      ]
    },
    "Planning Time": 0.219,
    "Triggers": [],
    "Execution Time": 1130.867
  }
]