{
  "Plan": {
    "Node Type": "Aggregate",
    "Strategy": "Plain",
    "Partial Mode": "Finalize",
    "Parallel Aware": false,
    "Startup Cost": 245334.84,
    "Total Cost": 245334.85,
    "Plan Rows": 1,
    "Plan Width": 8,
    "Actual Startup Time": 547.765,
    "Actual Total Time": 562.792,
    "Actual Rows": 1,
    "Actual Loops": 1,
    "Plans": [
      {
        "Node Type": "Gather",
        "Parent Relationship": "Outer",
        "Parallel Aware": false,
        "Startup Cost": 245334.73,
        "Total Cost": 245334.84,
        "Plan Rows": 1,
        "Plan Width": 8,
        "Actual Startup Time": 544.461,
        "Actual Total Time": 562.786,
        "Actual Rows": 2,
        "Actual Loops": 1,
        "Workers Planned": 1,
        "Workers Launched": 1,
        "Single Copy": false,
        "Plans": [
          {
            "Node Type": "Aggregate",
            "Strategy": "Plain",
            "Partial Mode": "Partial",
            "Parent Relationship": "Outer",
            "Parallel Aware": false,
            "Startup Cost": 244334.73,
            "Total Cost": 244334.74,
            "Plan Rows": 1,
            "Plan Width": 8,
            "Actual Startup Time": 539.684,
            "Actual Total Time": 539.688,
            "Actual Rows": 1,
            "Actual Loops": 2,
            "Plans": [
              {
                "Node Type": "Hash Join",
                "Parent Relationship": "Outer",
                "Parallel Aware": true,
                "Join Type": "Inner",
                "Startup Cost": 77490.68,
                "Total Cost": 243793.52,
                "Plan Rows": 216484,
                "Plan Width": 0,
                "Actual Startup Time": 440.879,
                "Actual Total Time": 530.63,
                "Actual Rows": 220933,
                "Actual Loops": 2,
                "Inner Unique": true,
                "Hash Cond": "(mi.movie_id = t.id)",
                "Plans": [
                  {
                    "Node Type": "Bitmap Heap Scan",
                    "Parent Relationship": "Outer",
                    "Parallel Aware": true,
                    "Relation Name": "movie_info",
                    "Alias": "mi",
                    "Startup Cost": 8778.62,
                    "Total Cost": 174333.47,
                    "Plan Rows": 284948,
                    "Plan Width": 4,
                    "Actual Startup Time": 13.915,
                    "Actual Total Time": 37.577,
                    "Actual Rows": 243277,
                    "Actual Loops": 2,
                    "Recheck Cond": "(info_type_id = 5)",
                    "Rows Removed by Index Recheck": 0,
                    "Exact Heap Blocks": 3024,
                    "Lossy Heap Blocks": 0,
                    "Plans": [
                      {
                        "Node Type": "Bitmap Index Scan",
                        "Parent Relationship": "Outer",
                        "Parallel Aware": false,
                        "Index Name": "info_type_id_movie_info",
                        "Startup Cost": 0.0,
                        "Total Cost": 8657.52,
                        "Plan Rows": 484411,
                        "Plan Width": 0,
                        "Actual Startup Time": 13.156,
                        "Actual Total Time": 13.157,
                        "Actual Rows": 486554,
                        "Actual Loops": 1,
                        "Index Cond": "(info_type_id = 5)"
                      }
                    ]
                  },
                  {
                    "Node Type": "Hash",
                    "Parent Relationship": "Inner",
                    "Parallel Aware": true,
                    "Startup Cost": 54588.39,
                    "Total Cost": 54588.39,
                    "Plan Rows": 1129894,
                    "Plan Width": 4,
                    "Actual Startup Time": 417.774,
                    "Actual Total Time": 417.775,
                    "Actual Rows": 961424,
                    "Actual Loops": 2,
                    "Hash Buckets": 2097152,
                    "Original Hash Buckets": 2097152,
                    "Hash Batches": 1,
                    "Original Hash Batches": 1,
                    "Peak Memory Usage": 91648,
                    "Plans": [
                      {
                        "Node Type": "Seq Scan",
                        "Parent Relationship": "Outer",
                        "Parallel Aware": true,
                        "Relation Name": "title",
                        "Alias": "t",
                        "Startup Cost": 0.0,
                        "Total Cost": 54588.39,
                        "Plan Rows": 1129894,
                        "Plan Width": 4,
                        "Actual Startup Time": 0.022,
                        "Actual Total Time": 172.793,
                        "Actual Rows": 961424,
                        "Actual Loops": 2,
                        "Filter": "(production_year < 2010)",
                        "Rows Removed by Filter": 302732
                      }
                    ]
                  }
                ]
              }
            ]
          }
        ]
      }
    ]
  },
  "Planning Time": 0.342,
  "Triggers": [],
  "Execution Time": 562.844
}