[
  {
    "Plan": {
      "Node Type": "Aggregate",
      "Strategy": "Plain",
      "Partial Mode": "Finalize",
      "Parallel Aware": false,
      "Startup Cost": 46609.37,
      "Total Cost": 46609.38,
      "Plan Rows": 1,
      "Plan Width": 8,
      "Actual Startup Time": 99.07,
      "Actual Total Time": 111.663,
      "Actual Rows": 1,
      "Actual Loops": 1,
      "Plans": [
        {
          "Node Type": "Gather",
          "Parent Relationship": "Outer",
          "Parallel Aware": false,
          "Startup Cost": 46608.95,
          "Total Cost": 46609.36,
          "Plan Rows": 4,
          "Plan Width": 8,
          "Actual Startup Time": 98.904,
          "Actual Total Time": 111.653,
          "Actual Rows": 5,
          "Actual Loops": 1,
          "Workers Planned": 4,
          "Workers Launched": 4,
          "Single Copy": false,
          "Plans": [
            {
              "Node Type": "Aggregate",
              "Strategy": "Plain",
              "Partial Mode": "Partial",
              "Parent Relationship": "Outer",
              "Parallel Aware": false,
              "Startup Cost": 45608.95,
              "Total Cost": 45608.96,
              "Plan Rows": 1,
              "Plan Width": 8,
              "Actual Startup Time": 92.916,
              "Actual Total Time": 92.917,
              "Actual Rows": 1,
              "Actual Loops": 5,
              "Plans": [
                {
                  "Node Type": "Seq Scan",
                  "Parent Relationship": "Outer",
                  "Parallel Aware": true,
                  "Relation Name": "title",
                  "Alias": "t",
                  "Startup Cost": 0.0,
                  "Total Cost": 45479.59,
                  "Plan Rows": 51745,
                  "Plan Width": 0,
                  "Actual Startup Time": 0.039,
                  "Actual Total Time": 91.102,
                  "Actual Rows": 22460,
                  "Actual Loops": 5,
                  "Filter": "((kind_id > 4) AND (production_year < 1969))",
                  "Rows Removed by Filter": 483202
                }
              ]
            }
          ]
        }
      ]
    },
    "Planning Time": 0.193,
    "Triggers": [],
    "Execution Time": 111.726
  }
]