[
  {
    "Plan": {
      "Node Type": "Aggregate",
      "Strategy": "Plain",
      "Partial Mode": "Finalize",
      "Parallel Aware": false,
      "Startup Cost": 46610.15,
      "Total Cost": 46610.16,
      "Plan Rows": 1,
      "Plan Width": 8,
      "Actual Startup Time": 99.647,
      "Actual Total Time": 110.951,
      "Actual Rows": 1,
      "Actual Loops": 1,
      "Plans": [
        {
          "Node Type": "Gather",
          "Parent Relationship": "Outer",
          "Parallel Aware": false,
          "Startup Cost": 46609.73,
          "Total Cost": 46610.14,
          "Plan Rows": 4,
          "Plan Width": 8,
          "Actual Startup Time": 99.522,
          "Actual Total Time": 110.943,
          "Actual Rows": 5,
          "Actual Loops": 1,
          "Workers Planned": 4,
          "Workers Launched": 4,
          "Single Copy": false,
          "Plans": [
            {
              "Node Type": "Aggregate",
              "Strategy": "Plain",
              "Partial Mode": "Partial",
              "Parent Relationship": "Outer",
              "Parallel Aware": false,
              "Startup Cost": 45609.73,
              "Total Cost": 45609.74,
              "Plan Rows": 1,
              "Plan Width": 8,
              "Actual Startup Time": 90.557,
              "Actual Total Time": 90.558,
              "Actual Rows": 1,
              "Actual Loops": 5,
              "Plans": [
                {
                  "Node Type": "Seq Scan",
                  "Parent Relationship": "Outer",
                  "Parallel Aware": true,
                  "Relation Name": "title",
                  "Alias": "t",
                  "Startup Cost": 0.0,
                  "Total Cost": 45479.1,
                  "Plan Rows": 52253,
                  "Plan Width": 0,
                  "Actual Startup Time": 0.044,
                  "Actual Total Time": 88.71,
                  "Actual Rows": 22460,
                  "Actual Loops": 5,
                  "Filter": "((kind_id > 4) AND (production_year < 1969))",
                  "Rows Removed by Filter": 483202
                }
              ]
            }
          ]
        }
      ]
    },
    "Planning Time": 0.161,
    "Triggers": [],
    "Execution Time": 111.006
  }
]