[
    {
        "Bao": {
            "Bao prediction": "NaN",
            "Bao recommended hint": "(no hint)"
        }
    },
    {
        "Plan": {
            "Node Type": "Aggregate",
            "Strategy": "Plain",
            "Partial Mode": "Finalize",
            "Parallel Aware": false,
            "Startup Cost": 24578.29,
            "Total Cost": 24578.3,
            "Plan Rows": 1,
            "Plan Width": 8,
            "Actual Startup Time": 42.352,
            "Actual Total Time": 46.148,
            "Actual Rows": 1,
            "Actual Loops": 1,
            "Output": [
                "count(*)"
            ],
            "Plans": [
                {
                    "Node Type": "Gather",
                    "Parent Relationship": "Outer",
                    "Parallel Aware": false,
                    "Startup Cost": 24577.97,
                    "Total Cost": 24578.28,
                    "Plan Rows": 3,
                    "Plan Width": 8,
                    "Actual Startup Time": 42.186,
                    "Actual Total Time": 46.142,
                    "Actual Rows": 4,
                    "Actual Loops": 1,
                    "Output": [
                        "(PARTIAL count(*))"
                    ],
                    "Workers Planned": 3,
                    "Workers Launched": 3,
                    "Single Copy": false,
                    "Plans": [
                        {
                            "Node Type": "Aggregate",
                            "Strategy": "Plain",
                            "Partial Mode": "Partial",
                            "Parent Relationship": "Outer",
                            "Parallel Aware": false,
                            "Startup Cost": 23577.97,
                            "Total Cost": 23577.98,
                            "Plan Rows": 1,
                            "Plan Width": 8,
                            "Actual Startup Time": 33.617,
                            "Actual Total Time": 33.618,
                            "Actual Rows": 1,
                            "Actual Loops": 4,
                            "Output": [
                                "PARTIAL count(*)"
                            ],
                            "Workers": [
                                {
                                    "Worker Number": 0,
                                    "Actual Startup Time": 30.43,
                                    "Actual Total Time": 30.432,
                                    "Actual Rows": 1,
                                    "Actual Loops": 1
                                },
                                {
                                    "Worker Number": 1,
                                    "Actual Startup Time": 30.998,
                                    "Actual Total Time": 30.999,
                                    "Actual Rows": 1,
                                    "Actual Loops": 1
                                },
                                {
                                    "Worker Number": 2,
                                    "Actual Startup Time": 31.205,
                                    "Actual Total Time": 31.206,
                                    "Actual Rows": 1,
                                    "Actual Loops": 1
                                }
                            ],
                            "Plans": [
                                {
                                    "Node Type": "Bitmap Heap Scan",
                                    "Parent Relationship": "Outer",
                                    "Parallel Aware": true,
                                    "Relation Name": "movie_companies",
                                    "Schema": "public",
                                    "Alias": "mc",
                                    "Startup Cost": 3850.49,
                                    "Total Cost": 23504.55,
                                    "Plan Rows": 29368,
                                    "Plan Width": 0,
                                    "Actual Startup Time": 4.309,
                                    "Actual Total Time": 30.192,
                                    "Actual Rows": 45412,
                                    "Actual Loops": 4,
                                    "Recheck Cond": "(mc.company_id > 119713)",
                                    "Rows Removed by Index Recheck": 0,
                                    "Filter": "(mc.company_type_id = 2)",
                                    "Rows Removed by Filter": 0,
                                    "Exact Heap Blocks": 2472,
                                    "Lossy Heap Blocks": 0,
                                    "Workers": [
                                        {
                                            "Worker Number": 0,
                                            "Actual Startup Time": 1.137,
                                            "Actual Total Time": 27.536,
                                            "Actual Rows": 23339,
                                            "Actual Loops": 1
                                        },
                                        {
                                            "Worker Number": 1,
                                            "Actual Startup Time": 1.812,
                                            "Actual Total Time": 27.99,
                                            "Actual Rows": 26437,
                                            "Actual Loops": 1
                                        },
                                        {
                                            "Worker Number": 2,
                                            "Actual Startup Time": 1.958,
                                            "Actual Total Time": 28.194,
                                            "Actual Rows": 25775,
                                            "Actual Loops": 1
                                        }
                                    ],
                                    "Plans": [
                                        {
                                            "Node Type": "Bitmap Index Scan",
                                            "Parent Relationship": "Outer",
                                            "Parallel Aware": false,
                                            "Index Name": "company_id_movie_companies",
                                            "Startup Cost": 0.0,
                                            "Total Cost": 3827.73,
                                            "Plan Rows": 178573,
                                            "Plan Width": 0,
                                            "Actual Startup Time": 11.5,
                                            "Actual Total Time": 11.501,
                                            "Actual Rows": 181647,
                                            "Actual Loops": 1,
                                            "Index Cond": "(mc.company_id > 119713)"
                                        }
                                    ]
                                }
                            ]
                        }
                    ]
                }
            ]
        },
        "Planning Time": 217.85,
        "Triggers": [],
        "Execution Time": 46.217
    }
]