{
  "Plan": {
    "Node Type": "Aggregate",
    "Strategy": "Plain",
    "Partial Mode": "Finalize",
    "Parallel Aware": false,
    "Startup Cost": 125385.01,
    "Total Cost": 125385.02,
    "Plan Rows": 1,
    "Plan Width": 8,
    "Actual Startup Time": 591.367,
    "Actual Total Time": 604.131,
    "Actual Rows": 1,
    "Actual Loops": 1,
    "Plans": [
      {
        "Node Type": "Gather",
        "Parent Relationship": "Outer",
        "Parallel Aware": false,
        "Startup Cost": 125384.89,
        "Total Cost": 125385.0,
        "Plan Rows": 1,
        "Plan Width": 8,
        "Actual Startup Time": 590.383,
        "Actual Total Time": 604.124,
        "Actual Rows": 2,
        "Actual Loops": 1,
        "Workers Planned": 1,
        "Workers Launched": 1,
        "Single Copy": false,
        "Plans": [
          {
            "Node Type": "Aggregate",
            "Strategy": "Plain",
            "Partial Mode": "Partial",
            "Parent Relationship": "Outer",
            "Parallel Aware": false,
            "Startup Cost": 124384.89,
            "Total Cost": 124384.9,
            "Plan Rows": 1,
            "Plan Width": 8,
            "Actual Startup Time": 584.35,
            "Actual Total Time": 584.353,
            "Actual Rows": 1,
            "Actual Loops": 2,
            "Plans": [
              {
                "Node Type": "Hash Join",
                "Parent Relationship": "Outer",
                "Parallel Aware": true,
                "Join Type": "Inner",
                "Startup Cost": 60121.99,
                "Total Cost": 123295.03,
                "Plan Rows": 435946,
                "Plan Width": 0,
                "Actual Startup Time": 197.01,
                "Actual Total Time": 558.257,
                "Actual Rows": 643434,
                "Actual Loops": 2,
                "Inner Unique": true,
                "Hash Cond": "(mk.movie_id = t.id)",
                "Plans": [
                  {
                    "Node Type": "Seq Scan",
                    "Parent Relationship": "Outer",
                    "Parallel Aware": true,
                    "Relation Name": "movie_keyword",
                    "Alias": "mk",
                    "Startup Cost": 0.0,
                    "Total Cost": 57718.19,
                    "Plan Rows": 2078031,
                    "Plan Width": 4,
                    "Actual Startup Time": 0.015,
                    "Actual Total Time": 187.435,
                    "Actual Rows": 1771412,
                    "Actual Loops": 2,
                    "Filter": "(keyword_id < 18928)",
                    "Rows Removed by Filter": 490554
                  },
                  {
                    "Node Type": "Hash",
                    "Parent Relationship": "Inner",
                    "Parallel Aware": true,
                    "Startup Cost": 56221.94,
                    "Total Cost": 56221.94,
                    "Plan Rows": 312004,
                    "Plan Width": 4,
                    "Actual Startup Time": 188.183,
                    "Actual Total Time": 188.184,
                    "Actual Rows": 204048,
                    "Actual Loops": 2,
                    "Hash Buckets": 1048576,
                    "Original Hash Buckets": 1048576,
                    "Hash Batches": 1,
                    "Original Hash Batches": 1,
                    "Peak Memory Usage": 24192,
                    "Plans": [
                      {
                        "Node Type": "Bitmap Heap Scan",
                        "Parent Relationship": "Outer",
                        "Parallel Aware": true,
                        "Relation Name": "title",
                        "Alias": "t",
                        "Startup Cost": 13571.56,
                        "Total Cost": 56221.94,
                        "Plan Rows": 312004,
                        "Plan Width": 4,
                        "Actual Startup Time": 42.333,
                        "Actual Total Time": 136.279,
                        "Actual Rows": 204048,
                        "Actual Loops": 2,
                        "Recheck Cond": "(kind_id < 3)",
                        "Rows Removed by Index Recheck": 0,
                        "Filter": "(production_year > 1989)",
                        "Rows Removed by Filter": 172790,
                        "Exact Heap Blocks": 25816,
                        "Lossy Heap Blocks": 0,
                        "Plans": [
                          {
                            "Node Type": "Bitmap Index Scan",
                            "Parent Relationship": "Outer",
                            "Parallel Aware": false,
                            "Index Name": "kind_id_title",
                            "Startup Cost": 0.0,
                            "Total Cost": 13438.96,
                            "Plan Rows": 753937,
                            "Plan Width": 0,
                            "Actual Startup Time": 36.644,
                            "Actual Total Time": 36.644,
                            "Actual Rows": 753677,
                            "Actual Loops": 1,
                            "Index Cond": "(kind_id < 3)"
                          }
                        ]
                      }
                    ]
                  }
                ]
              }
            ]
          }
        ]
      }
    ]
  },
  "Planning Time": 0.604,
  "Triggers": [],
  "Execution Time": 604.22
}