{
  "Plan": {
    "Node Type": "Aggregate",
    "Strategy": "Plain",
    "Partial Mode": "Finalize",
    "Parallel Aware": false,
    "Startup Cost": 678797.87,
    "Total Cost": 678797.88,
    "Plan Rows": 1,
    "Plan Width": 8,
    "Actual Startup Time": 4943.126,
    "Actual Total Time": 4998.883,
    "Actual Rows": 1,
    "Actual Loops": 1,
    "Plans": [
      {
        "Node Type": "Gather",
        "Parent Relationship": "Outer",
        "Parallel Aware": false,
        "Startup Cost": 678797.76,
        "Total Cost": 678797.87,
        "Plan Rows": 1,
        "Plan Width": 8,
        "Actual Startup Time": 4940.959,
        "Actual Total Time": 4998.873,
        "Actual Rows": 2,
        "Actual Loops": 1,
        "Workers Planned": 1,
        "Workers Launched": 1,
        "Single Copy": false,
        "Plans": [
          {
            "Node Type": "Aggregate",
            "Strategy": "Plain",
            "Partial Mode": "Partial",
            "Parent Relationship": "Outer",
            "Parallel Aware": false,
            "Startup Cost": 677797.76,
            "Total Cost": 677797.77,
            "Plan Rows": 1,
            "Plan Width": 8,
            "Actual Startup Time": 4935.132,
            "Actual Total Time": 4935.138,
            "Actual Rows": 1,
            "Actual Loops": 2,
            "Plans": [
              {
                "Node Type": "Hash Join",
                "Parent Relationship": "Outer",
                "Parallel Aware": true,
                "Join Type": "Inner",
                "Startup Cost": 103356.52,
                "Total Cost": 669228.11,
                "Plan Rows": 3427861,
                "Plan Width": 0,
                "Actual Startup Time": 560.458,
                "Actual Total Time": 4665.812,
                "Actual Rows": 6238317,
                "Actual Loops": 2,
                "Inner Unique": false,
                "Hash Cond": "(ci.movie_id = t.id)",
                "Plans": [
                  {
                    "Node Type": "Seq Scan",
                    "Parent Relationship": "Outer",
                    "Parallel Aware": true,
                    "Relation Name": "cast_info",
                    "Alias": "ci",
                    "Startup Cost": 0.0,
                    "Total Cost": 465792.95,
                    "Plan Rows": 21310595,
                    "Plan Width": 4,
                    "Actual Startup Time": 0.015,
                    "Actual Total Time": 1308.331,
                    "Actual Rows": 18122172,
                    "Actual Loops": 2
                  },
                  {
                    "Node Type": "Hash",
                    "Parent Relationship": "Inner",
                    "Parallel Aware": true,
                    "Startup Cost": 100366.2,
                    "Total Cost": 100366.2,
                    "Plan Rows": 239225,
                    "Plan Width": 8,
                    "Actual Startup Time": 554.753,
                    "Actual Total Time": 554.757,
                    "Actual Rows": 146656,
                    "Actual Loops": 2,
                    "Hash Buckets": 524288,
                    "Original Hash Buckets": 524288,
                    "Hash Batches": 1,
                    "Original Hash Batches": 1,
                    "Peak Memory Usage": 15584,
                    "Plans": [
                      {
                        "Node Type": "Hash Join",
                        "Parent Relationship": "Outer",
                        "Parallel Aware": true,
                        "Join Type": "Inner",
                        "Startup Cost": 60373.46,
                        "Total Cost": 100366.2,
                        "Plan Rows": 239225,
                        "Plan Width": 8,
                        "Actual Startup Time": 260.93,
                        "Actual Total Time": 518.157,
                        "Actual Rows": 146656,
                        "Actual Loops": 2,
                        "Inner Unique": true,
                        "Hash Cond": "(mc.movie_id = t.id)",
                        "Plans": [
                          {
                            "Node Type": "Seq Scan",
                            "Parent Relationship": "Outer",
                            "Parallel Aware": true,
                            "Relation Name": "movie_companies",
                            "Alias": "mc",
                            "Startup Cost": 0.0,
                            "Total Cost": 37974.77,
                            "Plan Rows": 768749,
                            "Plan Width": 4,
                            "Actual Startup Time": 0.013,
                            "Actual Total Time": 109.854,
                            "Actual Rows": 649974,
                            "Actual Loops": 2,
                            "Filter": "(company_id < 11299)",
                            "Rows Removed by Filter": 654590
                          },
                          {
                            "Node Type": "Hash",
                            "Parent Relationship": "Inner",
                            "Parallel Aware": true,
                            "Startup Cost": 54588.39,
                            "Total Cost": 54588.39,
                            "Plan Rows": 462806,
                            "Plan Width": 4,
                            "Actual Startup Time": 254.88,
                            "Actual Total Time": 254.881,
                            "Actual Rows": 392463,
                            "Actual Loops": 2,
                            "Hash Buckets": 1048576,
                            "Original Hash Buckets": 1048576,
                            "Hash Batches": 1,
                            "Original Hash Batches": 1,
                            "Peak Memory Usage": 38944,
                            "Plans": [
                              {
                                "Node Type": "Seq Scan",
                                "Parent Relationship": "Outer",
                                "Parallel Aware": true,
                                "Relation Name": "title",
                                "Alias": "t",
                                "Startup Cost": 0.0,
                                "Total Cost": 54588.39,
                                "Plan Rows": 462806,
                                "Plan Width": 4,
                                "Actual Startup Time": 0.03,
                                "Actual Total Time": 148.071,
                                "Actual Rows": 392463,
                                "Actual Loops": 2,
                                "Filter": "(production_year > 2007)",
                                "Rows Removed by Filter": 871693
                              }
                            ]
                          }
                        ]
                      }
                    ]
                  }
                ]
              }
            ]
          }
        ]
      }
    ]
  },
  "Planning Time": 0.91,
  "Triggers": [],
  "Execution Time": 4998.973
}