{
  "Plan": {
    "Node Type": "Aggregate",
    "Strategy": "Plain",
    "Partial Mode": "Finalize",
    "Parallel Aware": false,
    "Startup Cost": 463038.55,
    "Total Cost": 463038.56,
    "Plan Rows": 1,
    "Plan Width": 8,
    "Actual Startup Time": 3882.14,
    "Actual Total Time": 3943.389,
    "Actual Rows": 1,
    "Actual Loops": 1,
    "Plans": [
      {
        "Node Type": "Gather",
        "Parent Relationship": "Outer",
        "Parallel Aware": false,
        "Startup Cost": 463038.43,
        "Total Cost": 463038.54,
        "Plan Rows": 1,
        "Plan Width": 8,
        "Actual Startup Time": 3869.497,
        "Actual Total Time": 3943.381,
        "Actual Rows": 2,
        "Actual Loops": 1,
        "Workers Planned": 1,
        "Workers Launched": 1,
        "Single Copy": false,
        "Plans": [
          {
            "Node Type": "Aggregate",
            "Strategy": "Plain",
            "Partial Mode": "Partial",
            "Parent Relationship": "Outer",
            "Parallel Aware": false,
            "Startup Cost": 462038.43,
            "Total Cost": 462038.44,
            "Plan Rows": 1,
            "Plan Width": 8,
            "Actual Startup Time": 3849.539,
            "Actual Total Time": 3849.545,
            "Actual Rows": 1,
            "Actual Loops": 2,
            "Plans": [
              {
                "Node Type": "Hash Join",
                "Parent Relationship": "Outer",
                "Parallel Aware": true,
                "Join Type": "Inner",
                "Startup Cost": 414169.86,
                "Total Cost": 458494.98,
                "Plan Rows": 1417382,
                "Plan Width": 0,
                "Actual Startup Time": 3080.657,
                "Actual Total Time": 3648.76,
                "Actual Rows": 4980452,
                "Actual Loops": 2,
                "Inner Unique": false,
                "Hash Cond": "(mk.movie_id = t.id)",
                "Plans": [
                  {
                    "Node Type": "Bitmap Heap Scan",
                    "Parent Relationship": "Outer",
                    "Parallel Aware": true,
                    "Relation Name": "movie_keyword",
                    "Alias": "mk",
                    "Startup Cost": 22180.69,
                    "Total Cost": 54323.73,
                    "Plan Rows": 615124,
                    "Plan Width": 4,
                    "Actual Startup Time": 62.151,
                    "Actual Total Time": 155.46,
                    "Actual Rows": 527804,
                    "Actual Loops": 2,
                    "Recheck Cond": "(keyword_id < 1050)",
                    "Rows Removed by Index Recheck": 0,
                    "Exact Heap Blocks": 12034,
                    "Lossy Heap Blocks": 0,
                    "Plans": [
                      {
                        "Node Type": "Bitmap Index Scan",
                        "Parent Relationship": "Outer",
                        "Parallel Aware": false,
                        "Index Name": "keyword_id_movie_keyword",
                        "Startup Cost": 0.0,
                        "Total Cost": 21919.26,
                        "Plan Rows": 1045710,
                        "Plan Width": 0,
                        "Actual Startup Time": 58.536,
                        "Actual Total Time": 58.537,
                        "Actual Rows": 1055609,
                        "Actual Loops": 1,
                        "Index Cond": "(keyword_id < 1050)"
                      }
                    ]
                  },
                  {
                    "Node Type": "Hash",
                    "Parent Relationship": "Inner",
                    "Parallel Aware": true,
                    "Startup Cost": 349152.77,
                    "Total Cost": 349152.77,
                    "Plan Rows": 3426912,
                    "Plan Width": 8,
                    "Actual Startup Time": 2986.168,
                    "Actual Total Time": 2986.172,
                    "Actual Rows": 2942482,
                    "Actual Loops": 2,
                    "Hash Buckets": 8388608,
                    "Original Hash Buckets": 8388608,
                    "Hash Batches": 1,
                    "Original Hash Batches": 1,
                    "Peak Memory Usage": 295776,
                    "Plans": [
                      {
                        "Node Type": "Hash Join",
                        "Parent Relationship": "Outer",
                        "Parallel Aware": true,
                        "Join Type": "Inner",
                        "Startup Cost": 69460.7,
                        "Total Cost": 349152.77,
                        "Plan Rows": 3426912,
                        "Plan Width": 8,
                        "Actual Startup Time": 494.51,
                        "Actual Total Time": 2143.856,
                        "Actual Rows": 2942482,
                        "Actual Loops": 2,
                        "Inner Unique": true,
                        "Hash Cond": "(mi.movie_id = t.id)",
                        "Plans": [
                          {
                            "Node Type": "Seq Scan",
                            "Parent Relationship": "Outer",
                            "Parallel Aware": true,
                            "Relation Name": "movie_info",
                            "Alias": "mi",
                            "Startup Cost": 0.0,
                            "Total Cost": 270696.42,
                            "Plan Rows": 3426912,
                            "Plan Width": 4,
                            "Actual Startup Time": 0.012,
                            "Actual Total Time": 679.035,
                            "Actual Rows": 2942482,
                            "Actual Loops": 2,
                            "Filter": "(info_type_id < 7)",
                            "Rows Removed by Filter": 4475378
                          },
                          {
                            "Node Type": "Hash",
                            "Parent Relationship": "Inner",
                            "Parallel Aware": true,
                            "Startup Cost": 50870.31,
                            "Total Cost": 50870.31,
                            "Plan Rows": 1487231,
                            "Plan Width": 4,
                            "Actual Startup Time": 483.404,
                            "Actual Total Time": 483.405,
                            "Actual Rows": 1264156,
                            "Actual Loops": 2,
                            "Hash Buckets": 4194304,
                            "Original Hash Buckets": 4194304,
                            "Hash Batches": 1,
                            "Original Hash Batches": 1,
                            "Peak Memory Usage": 131712,
                            "Plans": [
                              {
                                "Node Type": "Seq Scan",
                                "Parent Relationship": "Outer",
                                "Parallel Aware": true,
                                "Relation Name": "title",
                                "Alias": "t",
                                "Startup Cost": 0.0,
                                "Total Cost": 50870.31,
                                "Plan Rows": 1487231,
                                "Plan Width": 4,
                                "Actual Startup Time": 0.037,
                                "Actual Total Time": 152.886,
                                "Actual Rows": 1264156,
                                "Actual Loops": 2
                              }
                            ]
                          }
                        ]
                      }
                    ]
                  }
                ]
              }
            ]
          }
        ]
      }
    ]
  },
  "Planning Time": 0.893,
  "Triggers": [],
  "Execution Time": 3943.495
}