[
  {
    "Plan": {
      "Node Type": "Aggregate",
      "Strategy": "Plain",
      "Partial Mode": "Finalize",
      "Parallel Aware": false,
      "Startup Cost": 382720.74,
      "Total Cost": 382720.75,
      "Plan Rows": 1,
      "Plan Width": 8,
      "Actual Startup Time": 1079.066,
      "Actual Total Time": 1140.863,
      "Actual Rows": 1,
      "Actual Loops": 1,
      "Plans": [
        {
          "Node Type": "Gather",
          "Parent Relationship": "Outer",
          "Parallel Aware": false,
          "Startup Cost": 382720.12,
          "Total Cost": 382720.73,
          "Plan Rows": 6,
          "Plan Width": 8,
          "Actual Startup Time": 1070.047,
          "Actual Total Time": 1140.838,
          "Actual Rows": 7,
          "Actual Loops": 1,
          "Workers Planned": 6,
          "Workers Launched": 6,
          "Single Copy": false,
          "Plans": [
            {
              "Node Type": "Aggregate",
              "Strategy": "Plain",
              "Partial Mode": "Partial",
              "Parent Relationship": "Outer",
              "Parallel Aware": false,
              "Startup Cost": 381720.12,
              "Total Cost": 381720.13,
              "Plan Rows": 1,
              "Plan Width": 8,
              "Actual Startup Time": 1059.047,
              "Actual Total Time": 1059.05,
              "Actual Rows": 1,
              "Actual Loops": 7,
              "Plans": [
                {
                  "Node Type": "Hash Join",
                  "Parent Relationship": "Outer",
                  "Parallel Aware": true,
                  "Join Type": "Inner",
                  "Startup Cost": 47949.92,
                  "Total Cost": 380433.13,
                  "Plan Rows": 514797,
                  "Plan Width": 0,
                  "Actual Startup Time": 422.682,
                  "Actual Total Time": 1037.315,
                  "Actual Rows": 470352,
                  "Actual Loops": 7,
                  "Inner Unique": true,
                  "Hash Cond": "(ci.movie_id = t.id)",
                  "Plans": [
                    {
                      "Node Type": "Seq Scan",
                      "Parent Relationship": "Outer",
                      "Parallel Aware": true,
                      "Relation Name": "cast_info",
                      "Alias": "ci",
                      "Startup Cost": 0.0,
                      "Total Cost": 328162.03,
                      "Plan Rows": 1646159,
                      "Plan Width": 4,
                      "Actual Startup Time": 287.275,
                      "Actual Total Time": 559.332,
                      "Actual Rows": 1396568,
                      "Actual Loops": 7,
                      "Filter": "(person_id > 2732811)",
                      "Rows Removed by Filter": 3781196
                    },
                    {
                      "Node Type": "Hash",
                      "Parent Relationship": "Inner",
                      "Parallel Aware": true,
                      "Startup Cost": 45479.1,
                      "Total Cost": 45479.1,
                      "Plan Rows": 197666,
                      "Plan Width": 4,
                      "Actual Startup Time": 131.929,
                      "Actual Total Time": 131.93,
                      "Actual Rows": 99393,
                      "Actual Loops": 7,
                      "Hash Buckets": 1048576,
                      "Original Hash Buckets": 1048576,
                      "Hash Batches": 1,
                      "Original Hash Batches": 1,
                      "Peak Memory Usage": 35552,
                      "Plans": [
                        {
                          "Node Type": "Seq Scan",
                          "Parent Relationship": "Outer",
                          "Parallel Aware": true,
                          "Relation Name": "title",
                          "Alias": "t",
                          "Startup Cost": 0.0,
                          "Total Cost": 45479.1,
                          "Plan Rows": 197666,
                          "Plan Width": 4,
                          "Actual Startup Time": 0.047,
                          "Actual Total Time": 82.773,
                          "Actual Rows": 99393,
                          "Actual Loops": 7,
                          "Filter": "((kind_id < 7) AND (production_year > 1975))",
                          "Rows Removed by Filter": 261794
                        }
                      ]
                    }
                  ]
                }
              ]
            }
          ]
        }
      ]
    },
    "Planning Time": 0.697,
    "Triggers": [],
    "Execution Time": 1140.96
  }
]