[
  {
    "Plan": {
      "Node Type": "Aggregate",
      "Strategy": "Plain",
      "Partial Mode": "Finalize",
      "Parallel Aware": false,
      "Startup Cost": 247352.01,
      "Total Cost": 247352.02,
      "Plan Rows": 1,
      "Plan Width": 8,
      "Actual Startup Time": 480.838,
      "Actual Total Time": 526.639,
      "Actual Rows": 1,
      "Actual Loops": 1,
      "Plans": [
        {
          "Node Type": "Gather",
          "Parent Relationship": "Outer",
          "Parallel Aware": false,
          "Startup Cost": 247351.48,
          "Total Cost": 247351.99,
          "Plan Rows": 5,
          "Plan Width": 8,
          "Actual Startup Time": 479.515,
          "Actual Total Time": 526.624,
          "Actual Rows": 6,
          "Actual Loops": 1,
          "Workers Planned": 5,
          "Workers Launched": 5,
          "Single Copy": false,
          "Plans": [
            {
              "Node Type": "Aggregate",
              "Strategy": "Plain",
              "Partial Mode": "Partial",
              "Parent Relationship": "Outer",
              "Parallel Aware": false,
              "Startup Cost": 246351.48,
              "Total Cost": 246351.49,
              "Plan Rows": 1,
              "Plan Width": 8,
              "Actual Startup Time": 473.489,
              "Actual Total Time": 473.494,
              "Actual Rows": 1,
              "Actual Loops": 6,
              "Plans": [
                {
                  "Node Type": "Hash Join",
                  "Parent Relationship": "Outer",
                  "Parallel Aware": true,
                  "Join Type": "Inner",
                  "Startup Cost": 46015.21,
                  "Total Cost": 246277.01,
                  "Plan Rows": 29790,
                  "Plan Width": 0,
                  "Actual Startup Time": 120.437,
                  "Actual Total Time": 470.802,
                  "Actual Rows": 52695,
                  "Actual Loops": 6,
                  "Inner Unique": true,
                  "Hash Cond": "(mi.movie_id = t.id)",
                  "Plans": [
                    {
                      "Node Type": "Seq Scan",
                      "Parent Relationship": "Outer",
                      "Parallel Aware": true,
                      "Relation Name": "movie_info",
                      "Alias": "mi",
                      "Startup Cost": 0.0,
                      "Total Cost": 199108.24,
                      "Plan Rows": 439450,
                      "Plan Width": 4,
                      "Actual Startup Time": 16.81,
                      "Actual Total Time": 328.896,
                      "Actual Rows": 372308,
                      "Actual Loops": 6,
                      "Filter": "(info_type_id > 16)",
                      "Rows Removed by Filter": 2100312
                    },
                    {
                      "Node Type": "Hash",
                      "Parent Relationship": "Inner",
                      "Parallel Aware": true,
                      "Startup Cost": 45479.59,
                      "Total Cost": 45479.59,
                      "Plan Rows": 42850,
                      "Plan Width": 4,
                      "Actual Startup Time": 89.584,
                      "Actual Total Time": 89.585,
                      "Actual Rows": 26714,
                      "Actual Loops": 6,
                      "Hash Buckets": 262144,
                      "Original Hash Buckets": 262144,
                      "Hash Batches": 1,
                      "Original Hash Batches": 1,
                      "Peak Memory Usage": 8416,
                      "Plans": [
                        {
                          "Node Type": "Seq Scan",
                          "Parent Relationship": "Outer",
                          "Parallel Aware": true,
                          "Relation Name": "title",
                          "Alias": "t",
                          "Startup Cost": 0.0,
                          "Total Cost": 45479.59,
                          "Plan Rows": 42850,
                          "Plan Width": 4,
                          "Actual Startup Time": 37.804,
                          "Actual Total Time": 76.475,
                          "Actual Rows": 26714,
                          "Actual Loops": 6,
                          "Filter": "((production_year > 2008) AND (kind_id = 1))",
                          "Rows Removed by Filter": 394671
                        }
                      ]
                    }
                  ]
                }
              ]
            }
          ]
        }
      ]
    },
    "Planning Time": 0.456,
    "Triggers": [],
    "Execution Time": 526.696
  }
]