[
  {
    "Plan": {
      "Node Type": "Aggregate",
      "Strategy": "Plain",
      "Partial Mode": "Finalize",
      "Parallel Aware": false,
      "Startup Cost": 31115.39,
      "Total Cost": 31115.4,
      "Plan Rows": 1,
      "Plan Width": 8,
      "Actual Startup Time": 96.549,
      "Actual Total Time": 104.461,
      "Actual Rows": 1,
      "Actual Loops": 1,
      "Plans": [
        {
          "Node Type": "Gather",
          "Parent Relationship": "Outer",
          "Parallel Aware": false,
          "Startup Cost": 31115.08,
          "Total Cost": 31115.39,
          "Plan Rows": 3,
          "Plan Width": 8,
          "Actual Startup Time": 96.411,
          "Actual Total Time": 104.453,
          "Actual Rows": 4,
          "Actual Loops": 1,
          "Workers Planned": 3,
          "Workers Launched": 3,
          "Single Copy": false,
          "Plans": [
            {
              "Node Type": "Aggregate",
              "Strategy": "Plain",
              "Partial Mode": "Partial",
              "Parent Relationship": "Outer",
              "Parallel Aware": false,
              "Startup Cost": 30115.08,
              "Total Cost": 30115.09,
              "Plan Rows": 1,
              "Plan Width": 8,
              "Actual Startup Time": 88.152,
              "Actual Total Time": 88.154,
              "Actual Rows": 1,
              "Actual Loops": 4,
              "Plans": [
                {
                  "Node Type": "Seq Scan",
                  "Parent Relationship": "Outer",
                  "Parallel Aware": true,
                  "Relation Name": "movie_companies",
                  "Alias": "mc",
                  "Startup Cost": 0.0,
                  "Total Cost": 29310.68,
                  "Plan Rows": 321758,
                  "Plan Width": 0,
                  "Actual Startup Time": 0.052,
                  "Actual Total Time": 74.342,
                  "Actual Rows": 250790,
                  "Actual Loops": 4,
                  "Filter": "(company_id < 4739)",
                  "Rows Removed by Filter": 401492
                }
              ]
            }
          ]
        }
      ]
    },
    "Planning Time": 0.098,
    "Triggers": [],
    "Execution Time": 104.49
  }
]