[
  {
    "Plan": {
      "Node Type": "Aggregate",
      "Strategy": "Plain",
      "Partial Mode": "Finalize",
      "Parallel Aware": false,
      "Startup Cost": 29701.75,
      "Total Cost": 29701.76,
      "Plan Rows": 1,
      "Plan Width": 8,
      "Actual Startup Time": 98.969,
      "Actual Total Time": 106.25,
      "Actual Rows": 1,
      "Actual Loops": 1,
      "Plans": [
        {
          "Node Type": "Gather",
          "Parent Relationship": "Outer",
          "Parallel Aware": false,
          "Startup Cost": 29701.44,
          "Total Cost": 29701.75,
          "Plan Rows": 3,
          "Plan Width": 8,
          "Actual Startup Time": 98.515,
          "Actual Total Time": 106.243,
          "Actual Rows": 4,
          "Actual Loops": 1,
          "Workers Planned": 3,
          "Workers Launched": 3,
          "Single Copy": false,
          "Plans": [
            {
              "Node Type": "Aggregate",
              "Strategy": "Plain",
              "Partial Mode": "Partial",
              "Parent Relationship": "Outer",
              "Parallel Aware": false,
              "Startup Cost": 28701.44,
              "Total Cost": 28701.45,
              "Plan Rows": 1,
              "Plan Width": 8,
              "Actual Startup Time": 89.598,
              "Actual Total Time": 89.601,
              "Actual Rows": 1,
              "Actual Loops": 4,
              "Plans": [
                {
                  "Node Type": "Bitmap Heap Scan",
                  "Parent Relationship": "Outer",
                  "Parallel Aware": true,
                  "Relation Name": "movie_companies",
                  "Alias": "mc",
                  "Startup Cost": 8102.21,
                  "Total Cost": 28399.9,
                  "Plan Rows": 120615,
                  "Plan Width": 0,
                  "Actual Startup Time": 31.231,
                  "Actual Total Time": 82.974,
                  "Actual Rows": 92908,
                  "Actual Loops": 4,
                  "Recheck Cond": "(company_id < 203)",
                  "Rows Removed by Index Recheck": 0,
                  "Exact Heap Blocks": 9810,
                  "Lossy Heap Blocks": 0,
                  "Plans": [
                    {
                      "Node Type": "Bitmap Index Scan",
                      "Parent Relationship": "Outer",
                      "Parallel Aware": false,
                      "Index Name": "company_id_movie_companies",
                      "Startup Cost": 0.0,
                      "Total Cost": 8008.73,
                      "Plan Rows": 373907,
                      "Plan Width": 0,
                      "Actual Startup Time": 36.182,
                      "Actual Total Time": 36.183,
                      "Actual Rows": 371634,
                      "Actual Loops": 1,
                      "Index Cond": "(company_id < 203)"
                    }
                  ]
                }
              ]
            }
          ]
        }
      ]
    },
    "Planning Time": 0.155,
    "Triggers": [],
    "Execution Time": 106.309
  }
]