[
  {
    "Plan": {
      "Node Type": "Aggregate",
      "Strategy": "Plain",
      "Partial Mode": "Simple",
      "Parallel Aware": false,
      "Startup Cost": 123472.55,
      "Total Cost": 123472.56,
      "Plan Rows": 1,
      "Plan Width": 8,
      "Actual Startup Time": 39.221,
      "Actual Total Time": 39.222,
      "Actual Rows": 1,
      "Actual Loops": 1,
      "Plans": [
        {
          "Node Type": "Index Only Scan",
          "Parent Relationship": "Outer",
          "Parallel Aware": false,
          "Scan Direction": "Forward",
          "Index Name": "person_id_cast_info",
          "Relation Name": "cast_info",
          "Alias": "ci",
          "Startup Cost": 0.56,
          "Total Cost": 123308.92,
          "Plan Rows": 65451,
          "Plan Width": 0,
          "Actual Startup Time": 0.136,
          "Actual Total Time": 31.106,
          "Actual Rows": 75885,
          "Actual Loops": 1,
          "Index Cond": "(person_id > 4050127)",
          "Rows Removed by Index Recheck": 0,
          "Heap Fetches": 75885
        }
      ]
    },
    "Planning Time": 0.413,
    "Triggers": [],
    "Execution Time": 39.269
  }
]