{
  "Plan": {
    "Node Type": "Aggregate",
    "Strategy": "Plain",
    "Partial Mode": "Finalize",
    "Parallel Aware": false,
    "Startup Cost": 600301.63,
    "Total Cost": 600301.64,
    "Plan Rows": 1,
    "Plan Width": 8,
    "Actual Startup Time": 4896.228,
    "Actual Total Time": 4962.894,
    "Actual Rows": 1,
    "Actual Loops": 1,
    "Plans": [
      {
        "Node Type": "Gather",
        "Parent Relationship": "Outer",
        "Parallel Aware": false,
        "Startup Cost": 600301.52,
        "Total Cost": 600301.63,
        "Plan Rows": 1,
        "Plan Width": 8,
        "Actual Startup Time": 4894.813,
        "Actual Total Time": 4962.886,
        "Actual Rows": 2,
        "Actual Loops": 1,
        "Workers Planned": 1,
        "Workers Launched": 1,
        "Single Copy": false,
        "Plans": [
          {
            "Node Type": "Aggregate",
            "Strategy": "Plain",
            "Partial Mode": "Partial",
            "Parent Relationship": "Outer",
            "Parallel Aware": false,
            "Startup Cost": 599301.52,
            "Total Cost": 599301.53,
            "Plan Rows": 1,
            "Plan Width": 8,
            "Actual Startup Time": 4889.017,
            "Actual Total Time": 4889.02,
            "Actual Rows": 1,
            "Actual Loops": 2,
            "Plans": [
              {
                "Node Type": "Hash Join",
                "Parent Relationship": "Outer",
                "Parallel Aware": true,
                "Join Type": "Inner",
                "Startup Cost": 63289.04,
                "Total Cost": 585022.4,
                "Plan Rows": 5711648,
                "Plan Width": 0,
                "Actual Startup Time": 230.527,
                "Actual Total Time": 4739.686,
                "Actual Rows": 3696594,
                "Actual Loops": 2,
                "Inner Unique": true,
                "Hash Cond": "(ci.movie_id = t.id)",
                "Plans": [
                  {
                    "Node Type": "Seq Scan",
                    "Parent Relationship": "Outer",
                    "Parallel Aware": true,
                    "Relation Name": "cast_info",
                    "Alias": "ci",
                    "Startup Cost": 0.0,
                    "Total Cost": 465792.95,
                    "Plan Rows": 21310595,
                    "Plan Width": 4,
                    "Actual Startup Time": 0.013,
                    "Actual Total Time": 1317.083,
                    "Actual Rows": 18122172,
                    "Actual Loops": 2
                  },
                  {
                    "Node Type": "Hash",
                    "Parent Relationship": "Inner",
                    "Parallel Aware": true,
                    "Startup Cost": 58306.47,
                    "Total Cost": 58306.47,
                    "Plan Rows": 398606,
                    "Plan Width": 4,
                    "Actual Startup Time": 222.766,
                    "Actual Total Time": 222.767,
                    "Actual Rows": 282531,
                    "Actual Loops": 2,
                    "Hash Buckets": 1048576,
                    "Original Hash Buckets": 1048576,
                    "Hash Batches": 1,
                    "Original Hash Batches": 1,
                    "Peak Memory Usage": 30336,
                    "Plans": [
                      {
                        "Node Type": "Seq Scan",
                        "Parent Relationship": "Outer",
                        "Parallel Aware": true,
                        "Relation Name": "title",
                        "Alias": "t",
                        "Startup Cost": 0.0,
                        "Total Cost": 58306.47,
                        "Plan Rows": 398606,
                        "Plan Width": 4,
                        "Actual Startup Time": 0.033,
                        "Actual Total Time": 150.666,
                        "Actual Rows": 282531,
                        "Actual Loops": 2,
                        "Filter": "((kind_id > 1) AND (production_year < 1998))",
                        "Rows Removed by Filter": 981625
                      }
                    ]
                  }
                ]
              }
            ]
          }
        ]
      }
    ]
  },
  "Planning Time": 0.426,
  "Triggers": [],
  "Execution Time": 4962.967
}