[
  {
    "Plan": {
      "Node Type": "Aggregate",
      "Strategy": "Plain",
      "Partial Mode": "Finalize",
      "Parallel Aware": false,
      "Startup Cost": 124853.06,
      "Total Cost": 124853.07,
      "Plan Rows": 1,
      "Plan Width": 8,
      "Actual Startup Time": 428.298,
      "Actual Total Time": 451.377,
      "Actual Rows": 1,
      "Actual Loops": 1,
      "Plans": [
        {
          "Node Type": "Gather",
          "Parent Relationship": "Outer",
          "Parallel Aware": false,
          "Startup Cost": 124852.74,
          "Total Cost": 124853.05,
          "Plan Rows": 3,
          "Plan Width": 8,
          "Actual Startup Time": 426.418,
          "Actual Total Time": 451.365,
          "Actual Rows": 4,
          "Actual Loops": 1,
          "Workers Planned": 3,
          "Workers Launched": 3,
          "Single Copy": false,
          "Plans": [
            {
              "Node Type": "Aggregate",
              "Strategy": "Plain",
              "Partial Mode": "Partial",
              "Parent Relationship": "Outer",
              "Parallel Aware": false,
              "Startup Cost": 123852.74,
              "Total Cost": 123852.75,
              "Plan Rows": 1,
              "Plan Width": 8,
              "Actual Startup Time": 416.149,
              "Actual Total Time": 416.224,
              "Actual Rows": 1,
              "Actual Loops": 4,
              "Plans": [
                {
                  "Node Type": "Hash Join",
                  "Parent Relationship": "Outer",
                  "Parallel Aware": true,
                  "Join Type": "Inner",
                  "Startup Cost": 79204.81,
                  "Total Cost": 123765.31,
                  "Plan Rows": 34974,
                  "Plan Width": 0,
                  "Actual Startup Time": 265.61,
                  "Actual Total Time": 412.138,
                  "Actual Rows": 91247,
                  "Actual Loops": 4,
                  "Inner Unique": false,
                  "Hash Cond": "(mk.movie_id = t.id)",
                  "Plans": [
                    {
                      "Node Type": "Seq Scan",
                      "Parent Relationship": "Outer",
                      "Parallel Aware": true,
                      "Relation Name": "movie_keyword",
                      "Alias": "mk",
                      "Startup Cost": 0.0,
                      "Total Cost": 42695.65,
                      "Plan Rows": 473978,
                      "Plan Width": 4,
                      "Actual Startup Time": 0.792,
                      "Actual Total Time": 104.871,
                      "Actual Rows": 369351,
                      "Actual Loops": 4,
                      "Filter": "(keyword_id > 11117)",
                      "Rows Removed by Filter": 761632
                    },
                    {
                      "Node Type": "Hash",
                      "Parent Relationship": "Inner",
                      "Parallel Aware": true,
                      "Startup Cost": 78621.82,
                      "Total Cost": 78621.82,
                      "Plan Rows": 46639,
                      "Plan Width": 8,
                      "Actual Startup Time": 262.132,
                      "Actual Total Time": 262.206,
                      "Actual Rows": 33625,
                      "Actual Loops": 4,
                      "Hash Buckets": 262144,
                      "Original Hash Buckets": 262144,
                      "Hash Batches": 1,
                      "Original Hash Batches": 1,
                      "Peak Memory Usage": 7392,
                      "Plans": [
                        {
                          "Node Type": "Hash Join",
                          "Parent Relationship": "Outer",
                          "Parallel Aware": true,
                          "Join Type": "Inner",
                          "Startup Cost": 33333.17,
                          "Total Cost": 78621.82,
                          "Plan Rows": 46639,
                          "Plan Width": 8,
                          "Actual Startup Time": 107.988,
                          "Actual Total Time": 250.859,
                          "Actual Rows": 33625,
                          "Actual Loops": 4,
                          "Inner Unique": false,
                          "Hash Cond": "(t.id = mc.movie_id)",
                          "Plans": [
                            {
                              "Node Type": "Seq Scan",
                              "Parent Relationship": "Outer",
                              "Parallel Aware": true,
                              "Relation Name": "title",
                              "Alias": "t",
                              "Startup Cost": 0.0,
                              "Total Cost": 43898.92,
                              "Plan Rows": 247857,
                              "Plan Width": 4,
                              "Actual Startup Time": 0.017,
                              "Actual Total Time": 89.918,
                              "Actual Rows": 246262,
                              "Actual Loops": 4,
                              "Filter": "(kind_id < 7)",
                              "Rows Removed by Filter": 385816
                            },
                            {
                              "Node Type": "Hash",
                              "Parent Relationship": "Inner",
                              "Parallel Aware": true,
                              "Startup Cost": 31414.82,
                              "Total Cost": 31414.82,
                              "Plan Rows": 153468,
                              "Plan Width": 4,
                              "Actual Startup Time": 105.914,
                              "Actual Total Time": 105.916,
                              "Actual Rows": 68796,
                              "Actual Loops": 4,
                              "Hash Buckets": 524288,
                              "Original Hash Buckets": 524288,
                              "Hash Batches": 1,
                              "Original Hash Batches": 1,
                              "Peak Memory Usage": 14912,
                              "Plans": [
                                {
                                  "Node Type": "Seq Scan",
                                  "Parent Relationship": "Outer",
                                  "Parallel Aware": true,
                                  "Relation Name": "movie_companies",
                                  "Alias": "mc",
                                  "Startup Cost": 0.0,
                                  "Total Cost": 31414.82,
                                  "Plan Rows": 153468,
                                  "Plan Width": 4,
                                  "Actual Startup Time": 49.28,
                                  "Actual Total Time": 82.875,
                                  "Actual Rows": 68796,
                                  "Actual Loops": 4,
                                  "Filter": "((company_id < 3436) AND (company_type_id > 1))",
                                  "Rows Removed by Filter": 583486
                                }
                              ]
                            }
                          ]
                        }
                      ]
                    }
                  ]
                }
              ]
            }
          ]
        }
      ]
    },
    "Planning Time": 1.464,
    "Triggers": [],
    "Execution Time": 451.465
  }
]