[
  {
    "Plan": {
      "Node Type": "Aggregate",
      "Strategy": "Plain",
      "Partial Mode": "Finalize",
      "Parallel Aware": false,
      "Startup Cost": 83918.92,
      "Total Cost": 83918.93,
      "Plan Rows": 1,
      "Plan Width": 8,
      "Actual Startup Time": 337.758,
      "Actual Total Time": 348.163,
      "Actual Rows": 1,
      "Actual Loops": 1,
      "Plans": [
        {
          "Node Type": "Gather",
          "Parent Relationship": "Outer",
          "Parallel Aware": false,
          "Startup Cost": 83918.5,
          "Total Cost": 83918.91,
          "Plan Rows": 4,
          "Plan Width": 8,
          "Actual Startup Time": 330.873,
          "Actual Total Time": 348.154,
          "Actual Rows": 5,
          "Actual Loops": 1,
          "Workers Planned": 4,
          "Workers Launched": 4,
          "Single Copy": false,
          "Plans": [
            {
              "Node Type": "Aggregate",
              "Strategy": "Plain",
              "Partial Mode": "Partial",
              "Parent Relationship": "Outer",
              "Parallel Aware": false,
              "Startup Cost": 82918.5,
              "Total Cost": 82918.51,
              "Plan Rows": 1,
              "Plan Width": 8,
              "Actual Startup Time": 324.389,
              "Actual Total Time": 324.392,
              "Actual Rows": 1,
              "Actual Loops": 5,
              "Plans": [
                {
                  "Node Type": "Hash Join",
                  "Parent Relationship": "Outer",
                  "Parallel Aware": true,
                  "Join Type": "Inner",
                  "Startup Cost": 35860.93,
                  "Total Cost": 82229.36,
                  "Plan Rows": 275659,
                  "Plan Width": 0,
                  "Actual Startup Time": 127.702,
                  "Actual Total Time": 316.502,
                  "Actual Rows": 177196,
                  "Actual Loops": 5,
                  "Inner Unique": false,
                  "Hash Cond": "(t.id = mc.movie_id)",
                  "Plans": [
                    {
                      "Node Type": "Seq Scan",
                      "Parent Relationship": "Outer",
                      "Parallel Aware": true,
                      "Relation Name": "title",
                      "Alias": "t",
                      "Startup Cost": 0.0,
                      "Total Cost": 42318.81,
                      "Plan Rows": 632080,
                      "Plan Width": 4,
                      "Actual Startup Time": 0.01,
                      "Actual Total Time": 56.16,
                      "Actual Rows": 505662,
                      "Actual Loops": 5
                    },
                    {
                      "Node Type": "Hash",
                      "Parent Relationship": "Inner",
                      "Parallel Aware": true,
                      "Startup Cost": 31414.82,
                      "Total Cost": 31414.82,
                      "Plan Rows": 355689,
                      "Plan Width": 4,
                      "Actual Startup Time": 124.324,
                      "Actual Total Time": 124.325,
                      "Actual Rows": 177196,
                      "Actual Loops": 5,
                      "Hash Buckets": 2097152,
                      "Original Hash Buckets": 2097152,
                      "Hash Batches": 1,
                      "Original Hash Batches": 1,
                      "Peak Memory Usage": 51104,
                      "Plans": [
                        {
                          "Node Type": "Seq Scan",
                          "Parent Relationship": "Outer",
                          "Parallel Aware": true,
                          "Relation Name": "movie_companies",
                          "Alias": "mc",
                          "Startup Cost": 0.0,
                          "Total Cost": 31414.82,
                          "Plan Rows": 355689,
                          "Plan Width": 4,
                          "Actual Startup Time": 35.656,
                          "Actual Total Time": 67.194,
                          "Actual Rows": 177196,
                          "Actual Loops": 5,
                          "Filter": "((company_id < 77355) AND (company_type_id = 2))",
                          "Rows Removed by Filter": 344629
                        }
                      ]
                    }
                  ]
                }
              ]
            }
          ]
        }
      ]
    },
    "Planning Time": 0.219,
    "Triggers": [],
    "Execution Time": 348.194
  }
]