[
  {
    "Plan": {
      "Node Type": "Aggregate",
      "Strategy": "Plain",
      "Partial Mode": "Finalize",
      "Parallel Aware": false,
      "Startup Cost": 45524.57,
      "Total Cost": 45524.58,
      "Plan Rows": 1,
      "Plan Width": 8,
      "Actual Startup Time": 142.746,
      "Actual Total Time": 150.625,
      "Actual Rows": 1,
      "Actual Loops": 1,
      "Plans": [
        {
          "Node Type": "Gather",
          "Parent Relationship": "Outer",
          "Parallel Aware": false,
          "Startup Cost": 45524.25,
          "Total Cost": 45524.56,
          "Plan Rows": 3,
          "Plan Width": 8,
          "Actual Startup Time": 142.615,
          "Actual Total Time": 150.616,
          "Actual Rows": 4,
          "Actual Loops": 1,
          "Workers Planned": 3,
          "Workers Launched": 3,
          "Single Copy": false,
          "Plans": [
            {
              "Node Type": "Aggregate",
              "Strategy": "Plain",
              "Partial Mode": "Partial",
              "Parent Relationship": "Outer",
              "Parallel Aware": false,
              "Startup Cost": 44524.25,
              "Total Cost": 44524.26,
              "Plan Rows": 1,
              "Plan Width": 8,
              "Actual Startup Time": 136.134,
              "Actual Total Time": 136.135,
              "Actual Rows": 1,
              "Actual Loops": 4,
              "Plans": [
                {
                  "Node Type": "Seq Scan",
                  "Parent Relationship": "Outer",
                  "Parallel Aware": true,
                  "Relation Name": "movie_keyword",
                  "Alias": "mk",
                  "Startup Cost": 0.0,
                  "Total Cost": 42695.65,
                  "Plan Rows": 731439,
                  "Plan Width": 0,
                  "Actual Startup Time": 0.692,
                  "Actual Total Time": 109.799,
                  "Actual Rows": 565263,
                  "Actual Loops": 4,
                  "Filter": "(keyword_id > 4705)",
                  "Rows Removed by Filter": 565720
                }
              ]
            }
          ]
        }
      ]
    },
    "Planning Time": 0.182,
    "Triggers": [],
    "Execution Time": 150.733
  }
]