{
  "Plan": {
    "Node Type": "Aggregate",
    "Strategy": "Plain",
    "Partial Mode": "Finalize",
    "Parallel Aware": false,
    "Startup Cost": 435390.59,
    "Total Cost": 435390.6,
    "Plan Rows": 1,
    "Plan Width": 8,
    "Actual Startup Time": 4166.798,
    "Actual Total Time": 4221.814,
    "Actual Rows": 1,
    "Actual Loops": 1,
    "Plans": [
      {
        "Node Type": "Gather",
        "Parent Relationship": "Outer",
        "Parallel Aware": false,
        "Startup Cost": 435390.48,
        "Total Cost": 435390.59,
        "Plan Rows": 1,
        "Plan Width": 8,
        "Actual Startup Time": 4161.983,
        "Actual Total Time": 4221.802,
        "Actual Rows": 2,
        "Actual Loops": 1,
        "Workers Planned": 1,
        "Workers Launched": 1,
        "Single Copy": false,
        "Plans": [
          {
            "Node Type": "Aggregate",
            "Strategy": "Plain",
            "Partial Mode": "Partial",
            "Parent Relationship": "Outer",
            "Parallel Aware": false,
            "Startup Cost": 434390.48,
            "Total Cost": 434390.49,
            "Plan Rows": 1,
            "Plan Width": 8,
            "Actual Startup Time": 4155.443,
            "Actual Total Time": 4155.454,
            "Actual Rows": 1,
            "Actual Loops": 2,
            "Plans": [
              {
                "Node Type": "Hash Join",
                "Parent Relationship": "Outer",
                "Parallel Aware": true,
                "Join Type": "Inner",
                "Startup Cost": 131162.29,
                "Total Cost": 430523.67,
                "Plan Rows": 1546721,
                "Plan Width": 0,
                "Actual Startup Time": 871.474,
                "Actual Total Time": 3492.923,
                "Actual Rows": 16337170,
                "Actual Loops": 2,
                "Inner Unique": false,
                "Hash Cond": "(mi.movie_id = t.id)",
                "Plans": [
                  {
                    "Node Type": "Seq Scan",
                    "Parent Relationship": "Outer",
                    "Parallel Aware": true,
                    "Relation Name": "movie_info",
                    "Alias": "mi",
                    "Startup Cost": 0.0,
                    "Total Cost": 270696.42,
                    "Plan Rows": 5217764,
                    "Plan Width": 4,
                    "Actual Startup Time": 0.014,
                    "Actual Total Time": 750.445,
                    "Actual Rows": 4483347,
                    "Actual Loops": 2,
                    "Filter": "(info_type_id < 15)",
                    "Rows Removed by Filter": 2934513
                  },
                  {
                    "Node Type": "Hash",
                    "Parent Relationship": "Inner",
                    "Parallel Aware": true,
                    "Startup Cost": 125651.48,
                    "Total Cost": 125651.48,
                    "Plan Rows": 440865,
                    "Plan Width": 8,
                    "Actual Startup Time": 860.911,
                    "Actual Total Time": 860.919,
                    "Actual Rows": 776065,
                    "Actual Loops": 2,
                    "Hash Buckets": 2097152,
                    "Original Hash Buckets": 1048576,
                    "Hash Batches": 1,
                    "Original Hash Batches": 1,
                    "Peak Memory Usage": 85344,
                    "Plans": [
                      {
                        "Node Type": "Hash Join",
                        "Parent Relationship": "Outer",
                        "Parallel Aware": true,
                        "Join Type": "Inner",
                        "Startup Cost": 64406.24,
                        "Total Cost": 125651.48,
                        "Plan Rows": 440865,
                        "Plan Width": 8,
                        "Actual Startup Time": 281.866,
                        "Actual Total Time": 684.992,
                        "Actual Rows": 776065,
                        "Actual Loops": 2,
                        "Inner Unique": true,
                        "Hash Cond": "(mk.movie_id = t.id)",
                        "Plans": [
                          {
                            "Node Type": "Seq Scan",
                            "Parent Relationship": "Outer",
                            "Parallel Aware": true,
                            "Relation Name": "movie_keyword",
                            "Alias": "mk",
                            "Startup Cost": 0.0,
                            "Total Cost": 57718.19,
                            "Plan Rows": 1343631,
                            "Plan Width": 4,
                            "Actual Startup Time": 0.015,
                            "Actual Total Time": 199.765,
                            "Actual Rows": 1142176,
                            "Actual Loops": 2,
                            "Filter": "(keyword_id < 4851)",
                            "Rows Removed by Filter": 1119789
                          },
                          {
                            "Node Type": "Hash",
                            "Parent Relationship": "Inner",
                            "Parallel Aware": true,
                            "Startup Cost": 58306.47,
                            "Total Cost": 58306.47,
                            "Plan Rows": 487982,
                            "Plan Width": 4,
                            "Actual Startup Time": 276.477,
                            "Actual Total Time": 276.479,
                            "Actual Rows": 368998,
                            "Actual Loops": 2,
                            "Hash Buckets": 1048576,
                            "Original Hash Buckets": 1048576,
                            "Hash Batches": 1,
                            "Original Hash Batches": 1,
                            "Peak Memory Usage": 37088,
                            "Plans": [
                              {
                                "Node Type": "Seq Scan",
                                "Parent Relationship": "Outer",
                                "Parallel Aware": true,
                                "Relation Name": "title",
                                "Alias": "t",
                                "Startup Cost": 0.0,
                                "Total Cost": 58306.47,
                                "Plan Rows": 487982,
                                "Plan Width": 4,
                                "Actual Startup Time": 0.031,
                                "Actual Total Time": 163.266,
                                "Actual Rows": 368998,
                                "Actual Loops": 2,
                                "Filter": "((kind_id < 7) AND (production_year > 1968))",
                                "Rows Removed by Filter": 895158
                              }
                            ]
                          }
                        ]
                      }
                    ]
                  }
                ]
              }
            ]
          }
        ]
      }
    ]
  },
  "Planning Time": 0.985,
  "Triggers": [],
  "Execution Time": 4221.911
}