[
  {
    "Plan": {
      "Node Type": "Aggregate",
      "Strategy": "Plain",
      "Partial Mode": "Finalize",
      "Parallel Aware": false,
      "Startup Cost": 487162.5,
      "Total Cost": 487162.51,
      "Plan Rows": 1,
      "Plan Width": 8,
      "Actual Startup Time": 3143.636,
      "Actual Total Time": 3219.267,
      "Actual Rows": 1,
      "Actual Loops": 1,
      "Plans": [
        {
          "Node Type": "Gather",
          "Parent Relationship": "Outer",
          "Parallel Aware": false,
          "Startup Cost": 487161.87,
          "Total Cost": 487162.48,
          "Plan Rows": 6,
          "Plan Width": 8,
          "Actual Startup Time": 3084.856,
          "Actual Total Time": 3219.25,
          "Actual Rows": 7,
          "Actual Loops": 1,
          "Workers Planned": 6,
          "Workers Launched": 6,
          "Single Copy": false,
          "Plans": [
            {
              "Node Type": "Aggregate",
              "Strategy": "Plain",
              "Partial Mode": "Partial",
              "Parent Relationship": "Outer",
              "Parallel Aware": false,
              "Startup Cost": 486161.87,
              "Total Cost": 486161.88,
              "Plan Rows": 1,
              "Plan Width": 8,
              "Actual Startup Time": 3051.034,
              "Actual Total Time": 3052.504,
              "Actual Rows": 1,
              "Actual Loops": 7,
              "Plans": [
                {
                  "Node Type": "Hash Join",
                  "Parent Relationship": "Outer",
                  "Parallel Aware": true,
                  "Join Type": "Inner",
                  "Startup Cost": 111340.11,
                  "Total Cost": 476091.95,
                  "Plan Rows": 4027970,
                  "Plan Width": 0,
                  "Actual Startup Time": 1131.793,
                  "Actual Total Time": 2687.215,
                  "Actual Rows": 6925703,
                  "Actual Loops": 7,
                  "Inner Unique": false,
                  "Hash Cond": "(ci.movie_id = t.id)",
                  "Plans": [
                    {
                      "Node Type": "Seq Scan",
                      "Parent Relationship": "Outer",
                      "Parallel Aware": true,
                      "Relation Name": "cast_info",
                      "Alias": "ci",
                      "Startup Cost": 0.0,
                      "Total Cost": 343316.27,
                      "Plan Rows": 2251231,
                      "Plan Width": 4,
                      "Actual Startup Time": 257.931,
                      "Actual Total Time": 730.647,
                      "Actual Rows": 1201052,
                      "Actual Loops": 7,
                      "Filter": "((person_id < 2127838) AND (role_id > 1))",
                      "Rows Removed by Filter": 3976712
                    },
                    {
                      "Node Type": "Hash",
                      "Parent Relationship": "Inner",
                      "Parallel Aware": true,
                      "Startup Cost": 93098.46,
                      "Total Cost": 93098.46,
                      "Plan Rows": 1459332,
                      "Plan Width": 8,
                      "Actual Startup Time": 862.691,
                      "Actual Total Time": 864.159,
                      "Actual Rows": 646276,
                      "Actual Loops": 7,
                      "Hash Buckets": 8388608,
                      "Original Hash Buckets": 8388608,
                      "Hash Batches": 1,
                      "Original Hash Batches": 1,
                      "Peak Memory Usage": 242656,
                      "Plans": [
                        {
                          "Node Type": "Hash Join",
                          "Parent Relationship": "Outer",
                          "Parallel Aware": true,
                          "Join Type": "Inner",
                          "Startup Cost": 50220.38,
                          "Total Cost": 93098.46,
                          "Plan Rows": 1459332,
                          "Plan Width": 8,
                          "Actual Startup Time": 312.436,
                          "Actual Total Time": 571.634,
                          "Actual Rows": 646276,
                          "Actual Loops": 7,
                          "Inner Unique": true,
                          "Hash Cond": "(mk.movie_id = t.id)",
                          "Plans": [
                            {
                              "Node Type": "Seq Scan",
                              "Parent Relationship": "Outer",
                              "Parallel Aware": true,
                              "Relation Name": "movie_keyword",
                              "Alias": "mk",
                              "Startup Cost": 0.0,
                              "Total Cost": 39047.32,
                              "Plan Rows": 1459332,
                              "Plan Width": 4,
                              "Actual Startup Time": 0.043,
                              "Actual Total Time": 79.724,
                              "Actual Rows": 646276,
                              "Actual Loops": 7
                            },
                            {
                              "Node Type": "Hash",
                              "Parent Relationship": "Inner",
                              "Parallel Aware": true,
                              "Startup Cost": 42319.06,
                              "Total Cost": 42319.06,
                              "Plan Rows": 632106,
                              "Plan Width": 4,
                              "Actual Startup Time": 308.011,
                              "Actual Total Time": 308.012,
                              "Actual Rows": 361187,
                              "Actual Loops": 7,
                              "Hash Buckets": 4194304,
                              "Original Hash Buckets": 4194304,
                              "Hash Batches": 1,
                              "Original Hash Batches": 1,
                              "Peak Memory Usage": 131776,
                              "Plans": [
                                {
                                  "Node Type": "Seq Scan",
                                  "Parent Relationship": "Outer",
                                  "Parallel Aware": true,
                                  "Relation Name": "title",
                                  "Alias": "t",
                                  "Startup Cost": 0.0,
                                  "Total Cost": 42319.06,
                                  "Plan Rows": 632106,
                                  "Plan Width": 4,
                                  "Actual Startup Time": 0.064,
                                  "Actual Total Time": 88.337,
                                  "Actual Rows": 361187,
                                  "Actual Loops": 7
                                }
                              ]
                            }
                          ]
                        }
                      ]
                    }
                  ]
                }
              ]
            }
          ]
        }
      ]
    },
    "Planning Time": 1.175,
    "Triggers": [],
    "Execution Time": 3219.351
  }
]