[
  {
    "Plan": {
      "Node Type": "Aggregate",
      "Strategy": "Plain",
      "Partial Mode": "Finalize",
      "Parallel Aware": false,
      "Startup Cost": 44768.13,
      "Total Cost": 44768.14,
      "Plan Rows": 1,
      "Plan Width": 8,
      "Actual Startup Time": 134.413,
      "Actual Total Time": 143.48,
      "Actual Rows": 1,
      "Actual Loops": 1,
      "Plans": [
        {
          "Node Type": "Gather",
          "Parent Relationship": "Outer",
          "Parallel Aware": false,
          "Startup Cost": 44767.82,
          "Total Cost": 44768.13,
          "Plan Rows": 3,
          "Plan Width": 8,
          "Actual Startup Time": 134.32,
          "Actual Total Time": 143.472,
          "Actual Rows": 4,
          "Actual Loops": 1,
          "Workers Planned": 3,
          "Workers Launched": 3,
          "Single Copy": false,
          "Plans": [
            {
              "Node Type": "Aggregate",
              "Strategy": "Plain",
              "Partial Mode": "Partial",
              "Parent Relationship": "Outer",
              "Parallel Aware": false,
              "Startup Cost": 43767.82,
              "Total Cost": 43767.83,
              "Plan Rows": 1,
              "Plan Width": 8,
              "Actual Startup Time": 126.019,
              "Actual Total Time": 126.02,
              "Actual Rows": 1,
              "Actual Loops": 4,
              "Plans": [
                {
                  "Node Type": "Seq Scan",
                  "Parent Relationship": "Outer",
                  "Parallel Aware": true,
                  "Relation Name": "movie_keyword",
                  "Alias": "mk",
                  "Startup Cost": 0.0,
                  "Total Cost": 42695.65,
                  "Plan Rows": 428865,
                  "Plan Width": 0,
                  "Actual Startup Time": 2.194,
                  "Actual Total Time": 109.738,
                  "Actual Rows": 334244,
                  "Actual Loops": 4,
                  "Filter": "(keyword_id > 12846)",
                  "Rows Removed by Filter": 796739
                }
              ]
            }
          ]
        }
      ]
    },
    "Planning Time": 0.158,
    "Triggers": [],
    "Execution Time": 143.53
  }
]