{
  "Plan": {
    "Node Type": "Aggregate",
    "Strategy": "Plain",
    "Partial Mode": "Finalize",
    "Parallel Aware": false,
    "Startup Cost": 714728.67,
    "Total Cost": 714728.68,
    "Plan Rows": 1,
    "Plan Width": 8,
    "Actual Startup Time": 6812.243,
    "Actual Total Time": 6884.286,
    "Actual Rows": 1,
    "Actual Loops": 1,
    "Plans": [
      {
        "Node Type": "Gather",
        "Parent Relationship": "Outer",
        "Parallel Aware": false,
        "Startup Cost": 714728.55,
        "Total Cost": 714728.66,
        "Plan Rows": 1,
        "Plan Width": 8,
        "Actual Startup Time": 6805.56,
        "Actual Total Time": 6884.275,
        "Actual Rows": 2,
        "Actual Loops": 1,
        "Workers Planned": 1,
        "Workers Launched": 1,
        "Single Copy": false,
        "Plans": [
          {
            "Node Type": "Aggregate",
            "Strategy": "Plain",
            "Partial Mode": "Partial",
            "Parent Relationship": "Outer",
            "Parallel Aware": false,
            "Startup Cost": 713728.55,
            "Total Cost": 713728.56,
            "Plan Rows": 1,
            "Plan Width": 8,
            "Actual Startup Time": 6799.557,
            "Actual Total Time": 6799.846,
            "Actual Rows": 1,
            "Actual Loops": 2,
            "Plans": [
              {
                "Node Type": "Hash Join",
                "Parent Relationship": "Outer",
                "Parallel Aware": true,
                "Join Type": "Inner",
                "Startup Cost": 119593.28,
                "Total Cost": 699285.24,
                "Plan Rows": 5777326,
                "Plan Width": 0,
                "Actual Startup Time": 827.884,
                "Actual Total Time": 6265.708,
                "Actual Rows": 13550771,
                "Actual Loops": 2,
                "Inner Unique": false,
                "Hash Cond": "(ci.movie_id = t.id)",
                "Plans": [
                  {
                    "Node Type": "Seq Scan",
                    "Parent Relationship": "Outer",
                    "Parallel Aware": true,
                    "Relation Name": "cast_info",
                    "Alias": "ci",
                    "Startup Cost": 0.0,
                    "Total Cost": 465792.95,
                    "Plan Rows": 21310595,
                    "Plan Width": 4,
                    "Actual Startup Time": 0.015,
                    "Actual Total Time": 1356.763,
                    "Actual Rows": 18122172,
                    "Actual Loops": 2
                  },
                  {
                    "Node Type": "Hash",
                    "Parent Relationship": "Inner",
                    "Parallel Aware": true,
                    "Startup Cost": 114553.41,
                    "Total Cost": 114553.41,
                    "Plan Rows": 403190,
                    "Plan Width": 8,
                    "Actual Startup Time": 818.831,
                    "Actual Total Time": 819.118,
                    "Actual Rows": 344580,
                    "Actual Loops": 2,
                    "Hash Buckets": 1048576,
                    "Original Hash Buckets": 1048576,
                    "Hash Batches": 1,
                    "Original Hash Batches": 1,
                    "Peak Memory Usage": 35200,
                    "Plans": [
                      {
                        "Node Type": "Hash Join",
                        "Parent Relationship": "Outer",
                        "Parallel Aware": true,
                        "Join Type": "Inner",
                        "Startup Cost": 84001.16,
                        "Total Cost": 114553.41,
                        "Plan Rows": 403190,
                        "Plan Width": 8,
                        "Actual Startup Time": 557.989,
                        "Actual Total Time": 739.388,
                        "Actual Rows": 344580,
                        "Actual Loops": 2,
                        "Inner Unique": true,
                        "Hash Cond": "(mk.movie_id = t.id)",
                        "Plans": [
                          {
                            "Node Type": "Bitmap Heap Scan",
                            "Parent Relationship": "Outer",
                            "Parallel Aware": true,
                            "Relation Name": "movie_keyword",
                            "Alias": "mk",
                            "Startup Cost": 14540.46,
                            "Total Cost": 44034.34,
                            "Plan Rows": 403190,
                            "Plan Width": 4,
                            "Actual Startup Time": 34.797,
                            "Actual Total Time": 112.475,
                            "Actual Rows": 344580,
                            "Actual Loops": 2,
                            "Recheck Cond": "(keyword_id < 571)",
                            "Rows Removed by Index Recheck": 0,
                            "Exact Heap Blocks": 13057,
                            "Lossy Heap Blocks": 0,
                            "Plans": [
                              {
                                "Node Type": "Bitmap Index Scan",
                                "Parent Relationship": "Outer",
                                "Parallel Aware": false,
                                "Index Name": "keyword_id_movie_keyword",
                                "Startup Cost": 0.0,
                                "Total Cost": 14369.11,
                                "Plan Rows": 685423,
                                "Plan Width": 0,
                                "Actual Startup Time": 31.22,
                                "Actual Total Time": 31.22,
                                "Actual Rows": 689160,
                                "Actual Loops": 1,
                                "Index Cond": "(keyword_id < 571)"
                              }
                            ]
                          },
                          {
                            "Node Type": "Hash",
                            "Parent Relationship": "Inner",
                            "Parallel Aware": true,
                            "Startup Cost": 50870.31,
                            "Total Cost": 50870.31,
                            "Plan Rows": 1487231,
                            "Plan Width": 4,
                            "Actual Startup Time": 507.589,
                            "Actual Total Time": 507.59,
                            "Actual Rows": 1264156,
                            "Actual Loops": 2,
                            "Hash Buckets": 4194304,
                            "Original Hash Buckets": 4194304,
                            "Hash Batches": 1,
                            "Original Hash Batches": 1,
                            "Peak Memory Usage": 131712,
                            "Plans": [
                              {
                                "Node Type": "Seq Scan",
                                "Parent Relationship": "Outer",
                                "Parallel Aware": true,
                                "Relation Name": "title",
                                "Alias": "t",
                                "Startup Cost": 0.0,
                                "Total Cost": 50870.31,
                                "Plan Rows": 1487231,
                                "Plan Width": 4,
                                "Actual Startup Time": 0.033,
                                "Actual Total Time": 150.832,
                                "Actual Rows": 1264156,
                                "Actual Loops": 2
                              }
                            ]
                          }
                        ]
                      }
                    ]
                  }
                ]
              }
            ]
          }
        ]
      }
    ]
  },
  "Planning Time": 0.976,
  "Triggers": [],
  "Execution Time": 6884.394
}