[
  {
    "Plan": {
      "Node Type": "Aggregate",
      "Strategy": "Plain",
      "Partial Mode": "Finalize",
      "Parallel Aware": false,
      "Startup Cost": 340463.3,
      "Total Cost": 340463.31,
      "Plan Rows": 1,
      "Plan Width": 8,
      "Actual Startup Time": 398.111,
      "Actual Total Time": 413.036,
      "Actual Rows": 1,
      "Actual Loops": 1,
      "Plans": [
        {
          "Node Type": "Gather",
          "Parent Relationship": "Outer",
          "Parallel Aware": false,
          "Startup Cost": 340462.68,
          "Total Cost": 340463.29,
          "Plan Rows": 6,
          "Plan Width": 8,
          "Actual Startup Time": 396.962,
          "Actual Total Time": 413.014,
          "Actual Rows": 7,
          "Actual Loops": 1,
          "Workers Planned": 6,
          "Workers Launched": 6,
          "Single Copy": false,
          "Plans": [
            {
              "Node Type": "Aggregate",
              "Strategy": "Plain",
              "Partial Mode": "Partial",
              "Parent Relationship": "Outer",
              "Parallel Aware": false,
              "Startup Cost": 339462.68,
              "Total Cost": 339462.69,
              "Plan Rows": 1,
              "Plan Width": 8,
              "Actual Startup Time": 388.24,
              "Actual Total Time": 388.245,
              "Actual Rows": 1,
              "Actual Loops": 7,
              "Plans": [
                {
                  "Node Type": "Bitmap Heap Scan",
                  "Parent Relationship": "Outer",
                  "Parallel Aware": true,
                  "Relation Name": "cast_info",
                  "Alias": "ci",
                  "Startup Cost": 77176.06,
                  "Total Cost": 338646.28,
                  "Plan Rows": 326560,
                  "Plan Width": 0,
                  "Actual Startup Time": 206.388,
                  "Actual Total Time": 365.793,
                  "Actual Rows": 375266,
                  "Actual Loops": 7,
                  "Recheck Cond": "(person_id < 349085)",
                  "Rows Removed by Index Recheck": 0,
                  "Filter": "(role_id < 3)",
                  "Rows Removed by Filter": 145567,
                  "Exact Heap Blocks": 6543,
                  "Lossy Heap Blocks": 0,
                  "Plans": [
                    {
                      "Node Type": "Bitmap Index Scan",
                      "Parent Relationship": "Outer",
                      "Parallel Aware": false,
                      "Index Name": "person_id_cast_info",
                      "Startup Cost": 0.0,
                      "Total Cost": 76686.22,
                      "Plan Rows": 3513287,
                      "Plan Width": 0,
                      "Actual Startup Time": 204.204,
                      "Actual Total Time": 204.204,
                      "Actual Rows": 3645827,
                      "Actual Loops": 1,
                      "Index Cond": "(person_id < 349085)"
                    }
                  ]
                }
              ]
            }
          ]
        }
      ]
    },
    "Planning Time": 0.114,
    "Triggers": [],
    "Execution Time": 413.079
  }
]