[
  {
    "Plan": {
      "Node Type": "Aggregate",
      "Strategy": "Plain",
      "Partial Mode": "Finalize",
      "Parallel Aware": false,
      "Startup Cost": 382571.6,
      "Total Cost": 382571.61,
      "Plan Rows": 1,
      "Plan Width": 8,
      "Actual Startup Time": 1024.167,
      "Actual Total Time": 1090.776,
      "Actual Rows": 1,
      "Actual Loops": 1,
      "Plans": [
        {
          "Node Type": "Gather",
          "Parent Relationship": "Outer",
          "Parallel Aware": false,
          "Startup Cost": 382570.98,
          "Total Cost": 382571.59,
          "Plan Rows": 6,
          "Plan Width": 8,
          "Actual Startup Time": 1021.502,
          "Actual Total Time": 1090.754,
          "Actual Rows": 7,
          "Actual Loops": 1,
          "Workers Planned": 6,
          "Workers Launched": 6,
          "Single Copy": false,
          "Plans": [
            {
              "Node Type": "Aggregate",
              "Strategy": "Plain",
              "Partial Mode": "Partial",
              "Parent Relationship": "Outer",
              "Parallel Aware": false,
              "Startup Cost": 381570.98,
              "Total Cost": 381570.99,
              "Plan Rows": 1,
              "Plan Width": 8,
              "Actual Startup Time": 1009.86,
              "Actual Total Time": 1009.862,
              "Actual Rows": 1,
              "Actual Loops": 7,
              "Plans": [
                {
                  "Node Type": "Hash Join",
                  "Parent Relationship": "Outer",
                  "Parallel Aware": true,
                  "Join Type": "Inner",
                  "Startup Cost": 47684.17,
                  "Total Cost": 380368.85,
                  "Plan Rows": 480850,
                  "Plan Width": 0,
                  "Actual Startup Time": 393.382,
                  "Actual Total Time": 990.443,
                  "Actual Rows": 444643,
                  "Actual Loops": 7,
                  "Inner Unique": true,
                  "Hash Cond": "(ci.movie_id = t.id)",
                  "Plans": [
                    {
                      "Node Type": "Seq Scan",
                      "Parent Relationship": "Outer",
                      "Parallel Aware": true,
                      "Relation Name": "cast_info",
                      "Alias": "ci",
                      "Startup Cost": 0.0,
                      "Total Cost": 328162.03,
                      "Plan Rows": 1722912,
                      "Plan Width": 4,
                      "Actual Startup Time": 268.736,
                      "Actual Total Time": 535.588,
                      "Actual Rows": 1462144,
                      "Actual Loops": 7,
                      "Filter": "(person_id > 2690195)",
                      "Rows Removed by Filter": 3715620
                    },
                    {
                      "Node Type": "Hash",
                      "Parent Relationship": "Inner",
                      "Parallel Aware": true,
                      "Startup Cost": 45479.1,
                      "Total Cost": 45479.1,
                      "Plan Rows": 176406,
                      "Plan Width": 4,
                      "Actual Startup Time": 121.116,
                      "Actual Total Time": 121.117,
                      "Actual Rows": 86262,
                      "Actual Loops": 7,
                      "Hash Buckets": 1048576,
                      "Original Hash Buckets": 1048576,
                      "Hash Batches": 1,
                      "Original Hash Batches": 1,
                      "Peak Memory Usage": 31872,
                      "Plans": [
                        {
                          "Node Type": "Seq Scan",
                          "Parent Relationship": "Outer",
                          "Parallel Aware": true,
                          "Relation Name": "title",
                          "Alias": "t",
                          "Startup Cost": 0.0,
                          "Total Cost": 45479.1,
                          "Plan Rows": 176406,
                          "Plan Width": 4,
                          "Actual Startup Time": 0.049,
                          "Actual Total Time": 80.021,
                          "Actual Rows": 86262,
                          "Actual Loops": 7,
                          "Filter": "((kind_id < 7) AND (production_year > 1988))",
                          "Rows Removed by Filter": 274925
                        }
                      ]
                    }
                  ]
                }
              ]
            }
          ]
        }
      ]
    },
    "Planning Time": 0.689,
    "Triggers": [],
    "Execution Time": 1090.867
  }
]