[
  {
    "Plan": {
      "Node Type": "Aggregate",
      "Strategy": "Plain",
      "Partial Mode": "Simple",
      "Parallel Aware": false,
      "Startup Cost": 6240.21,
      "Total Cost": 6240.22,
      "Plan Rows": 1,
      "Plan Width": 96,
      "Actual Startup Time": 91.052,
      "Actual Total Time": 91.061,
      "Actual Rows": 1,
      "Actual Loops": 1,
      "Plans": [
        {
          "Node Type": "Nested Loop",
          "Parent Relationship": "Outer",
          "Parallel Aware": false,
          "Join Type": "Inner",
          "Startup Cost": 12.36,
          "Total Cost": 6240.2,
          "Plan Rows": 1,
          "Plan Width": 60,
          "Actual Startup Time": 91.046,
          "Actual Total Time": 91.054,
          "Actual Rows": 0,
          "Actual Loops": 1,
          "Inner Unique": true,
          "Join Filter": "(ml.link_type_id = lt.id)",
          "Rows Removed by Join Filter": 0,
          "Plans": [
            {
              "Node Type": "Nested Loop",
              "Parent Relationship": "Outer",
              "Parallel Aware": false,
              "Join Type": "Inner",
              "Startup Cost": 12.36,
              "Total Cost": 6238.8,
              "Plan Rows": 1,
              "Plan Width": 64,
              "Actual Startup Time": 91.046,
              "Actual Total Time": 91.053,
              "Actual Rows": 0,
              "Actual Loops": 1,
              "Inner Unique": true,
              "Plans": [
                {
                  "Node Type": "Nested Loop",
                  "Parent Relationship": "Outer",
                  "Parallel Aware": false,
                  "Join Type": "Inner",
                  "Startup Cost": 11.94,
                  "Total Cost": 6220.99,
                  "Plan Rows": 39,
                  "Plan Width": 49,
                  "Actual Startup Time": 17.43,
                  "Actual Total Time": 90.298,
                  "Actual Rows": 233,
                  "Actual Loops": 1,
                  "Inner Unique": true,
                  "Join Filter": "(mc.company_type_id = ct.id)",
                  "Rows Removed by Join Filter": 16329,
                  "Plans": [
                    {
                      "Node Type": "Nested Loop",
                      "Parent Relationship": "Outer",
                      "Parallel Aware": false,
                      "Join Type": "Inner",
                      "Startup Cost": 11.94,
                      "Total Cost": 6217.88,
                      "Plan Rows": 52,
                      "Plan Width": 53,
                      "Actual Startup Time": 0.853,
                      "Actual Total Time": 86.846,
                      "Actual Rows": 5676,
                      "Actual Loops": 1,
                      "Inner Unique": false,
                      "Join Filter": "(ml.movie_id = mc.movie_id)",
                      "Rows Removed by Join Filter": 0,
                      "Plans": [
                        {
                          "Node Type": "Nested Loop",
                          "Parent Relationship": "Outer",
                          "Parallel Aware": false,
                          "Join Type": "Inner",
                          "Startup Cost": 11.51,
                          "Total Cost": 6206.28,
                          "Plan Rows": 20,
                          "Plan Width": 33,
                          "Actual Startup Time": 0.777,
                          "Actual Total Time": 82.432,
                          "Actual Rows": 429,
                          "Actual Loops": 1,
                          "Inner Unique": true,
                          "Join Filter": "(ml.movie_id = t.id)",
                          "Rows Removed by Join Filter": 0,
                          "Plans": [
                            {
                              "Node Type": "Nested Loop",
                              "Parent Relationship": "Outer",
                              "Parallel Aware": false,
                              "Join Type": "Inner",
                              "Startup Cost": 11.08,
                              "Total Cost": 6190.71,
                              "Plan Rows": 31,
                              "Plan Width": 12,
                              "Actual Startup Time": 0.711,
                              "Actual Total Time": 79.196,
                              "Actual Rows": 1231,
                              "Actual Loops": 1,
                              "Inner Unique": false,
                              "Plans": [
                                {
                                  "Node Type": "Nested Loop",
                                  "Parent Relationship": "Outer",
                                  "Parallel Aware": false,
                                  "Join Type": "Inner",
                                  "Startup Cost": 10.8,
                                  "Total Cost": 6147.76,
                                  "Plan Rows": 101,
                                  "Plan Width": 4,
                                  "Actual Startup Time": 0.507,
                                  "Actual Total Time": 62.917,
                                  "Actual Rows": 9616,
                                  "Actual Loops": 1,
                                  "Inner Unique": false,
                                  "Plans": [
                                    {
                                      "Node Type": "Seq Scan",
                                      "Parent Relationship": "Outer",
                                      "Parallel Aware": false,
                                      "Relation Name": "keyword",
                                      "Alias": "k",
                                      "Startup Cost": 0.0,
                                      "Total Cost": 2793.84,
                                      "Plan Rows": 3,
                                      "Plan Width": 4,
                                      "Actual Startup Time": 0.21,
                                      "Actual Total Time": 19.808,
                                      "Actual Rows": 2,
                                      "Actual Loops": 1,
                                      "Filter": "(keyword = ANY ('{violence,violence,childhood-friend}'::text[]))",
                                      "Rows Removed by Filter": 134168
                                    },
                                    {
                                      "Node Type": "Bitmap Heap Scan",
                                      "Parent Relationship": "Inner",
                                      "Parallel Aware": false,
                                      "Relation Name": "movie_keyword",
                                      "Alias": "mk",
                                      "Startup Cost": 10.8,
                                      "Total Cost": 1114.92,
                                      "Plan Rows": 305,
                                      "Plan Width": 8,
                                      "Actual Startup Time": 2.139,
                                      "Actual Total Time": 20.416,
                                      "Actual Rows": 4808,
                                      "Actual Loops": 2,
                                      "Recheck Cond": "(keyword_id = k.id)",
                                      "Rows Removed by Index Recheck": 0,
                                      "Exact Heap Blocks": 7514,
                                      "Lossy Heap Blocks": 0,
                                      "Plans": [
                                        {
                                          "Node Type": "Bitmap Index Scan",
                                          "Parent Relationship": "Outer",
                                          "Parallel Aware": false,
                                          "Index Name": "keyword_id_movie_keyword",
                                          "Startup Cost": 0.0,
                                          "Total Cost": 10.72,
                                          "Plan Rows": 305,
                                          "Plan Width": 0,
                                          "Actual Startup Time": 1.443,
                                          "Actual Total Time": 1.443,
                                          "Actual Rows": 4808,
                                          "Actual Loops": 2,
                                          "Index Cond": "(keyword_id = k.id)"
                                        }
                                      ]
                                    }
                                  ]
                                },
                                {
                                  "Node Type": "Index Scan",
                                  "Parent Relationship": "Inner",
                                  "Parallel Aware": false,
                                  "Scan Direction": "Forward",
                                  "Index Name": "movie_id_movie_link",
                                  "Relation Name": "movie_link",
                                  "Alias": "ml",
                                  "Startup Cost": 0.29,
                                  "Total Cost": 0.38,
                                  "Plan Rows": 5,
                                  "Plan Width": 8,
                                  "Actual Startup Time": 0.001,
                                  "Actual Total Time": 0.001,
                                  "Actual Rows": 0,
                                  "Actual Loops": 9616,
                                  "Index Cond": "(movie_id = mk.movie_id)",
                                  "Rows Removed by Index Recheck": 0
                                }
                              ]
                            },
                            {
                              "Node Type": "Index Scan",
                              "Parent Relationship": "Inner",
                              "Parallel Aware": false,
                              "Scan Direction": "Forward",
                              "Index Name": "title_pkey",
                              "Relation Name": "title",
                              "Alias": "t",
                              "Startup Cost": 0.43,
                              "Total Cost": 0.49,
                              "Plan Rows": 1,
                              "Plan Width": 21,
                              "Actual Startup Time": 0.002,
                              "Actual Total Time": 0.002,
                              "Actual Rows": 0,
                              "Actual Loops": 1231,
                              "Index Cond": "(id = mk.movie_id)",
                              "Rows Removed by Index Recheck": 0,
                              "Filter": "(production_year > 1995)",
                              "Rows Removed by Filter": 1
                            }
                          ]
                        },
                        {
                          "Node Type": "Index Scan",
                          "Parent Relationship": "Inner",
                          "Parallel Aware": false,
                          "Scan Direction": "Forward",
                          "Index Name": "movie_id_movie_companies",
                          "Relation Name": "movie_companies",
                          "Alias": "mc",
                          "Startup Cost": 0.43,
                          "Total Cost": 0.54,
                          "Plan Rows": 3,
                          "Plan Width": 36,
                          "Actual Startup Time": 0.004,
                          "Actual Total Time": 0.008,
                          "Actual Rows": 13,
                          "Actual Loops": 429,
                          "Index Cond": "(movie_id = mk.movie_id)",
                          "Rows Removed by Index Recheck": 0,
                          "Filter": "(note IS NOT NULL)",
                          "Rows Removed by Filter": 3
                        }
                      ]
                    },
                    {
                      "Node Type": "Materialize",
                      "Parent Relationship": "Inner",
                      "Parallel Aware": false,
                      "Startup Cost": 0.0,
                      "Total Cost": 1.06,
                      "Plan Rows": 3,
                      "Plan Width": 4,
                      "Actual Startup Time": 0.0,
                      "Actual Total Time": 0.0,
                      "Actual Rows": 3,
                      "Actual Loops": 5676,
                      "Plans": [
                        {
                          "Node Type": "Seq Scan",
                          "Parent Relationship": "Outer",
                          "Parallel Aware": false,
                          "Relation Name": "company_type",
                          "Alias": "ct",
                          "Startup Cost": 0.0,
                          "Total Cost": 1.05,
                          "Plan Rows": 3,
                          "Plan Width": 4,
                          "Actual Startup Time": 0.011,
                          "Actual Total Time": 0.013,
                          "Actual Rows": 3,
                          "Actual Loops": 1,
                          "Filter": "((kind IS NOT NULL) AND ((kind)::text <> 'distributors'::text))",
                          "Rows Removed by Filter": 1
                        }
                      ]
                    }
                  ]
                },
                {
                  "Node Type": "Index Scan",
                  "Parent Relationship": "Inner",
                  "Parallel Aware": false,
                  "Scan Direction": "Forward",
                  "Index Name": "company_name_pkey",
                  "Relation Name": "company_name",
                  "Alias": "cn",
                  "Startup Cost": 0.42,
                  "Total Cost": 0.46,
                  "Plan Rows": 1,
                  "Plan Width": 23,
                  "Actual Startup Time": 0.003,
                  "Actual Total Time": 0.003,
                  "Actual Rows": 0,
                  "Actual Loops": 233,
                  "Index Cond": "(id = mc.company_id)",
                  "Rows Removed by Index Recheck": 0,
                  "Filter": "(((country_code)::text <> '[pl]'::text) AND ((name ~~ '20th Century Fox%'::text) OR (name ~~ 'Twentieth Century Fox%'::text)))",
                  "Rows Removed by Filter": 1
                }
              ]
            },
            {
              "Node Type": "Seq Scan",
              "Parent Relationship": "Inner",
              "Parallel Aware": false,
              "Relation Name": "link_type",
              "Alias": "lt",
              "Startup Cost": 0.0,
              "Total Cost": 1.18,
              "Plan Rows": 18,
              "Plan Width": 4,
              "Actual Startup Time": 0.0,
              "Actual Total Time": 0.0,
              "Actual Rows": 0,
              "Actual Loops": 0
            }
          ]
        }
      ]
    },
    "Planning Time": 14.034,
    "Triggers": [],
    "Execution Time": 91.496
  }
]