{
    "Plan": {
        "Node Type": "Aggregate",
        "Strategy": "Plain",
        "Partial Mode": "Finalize",
        "Parallel Aware": false,
        "Startup Cost": 232116.01,
        "Total Cost": 232116.02,
        "Plan Rows": 1,
        "Plan Width": 8,
        "Actual Startup Time": 180.241,
        "Actual Total Time": 207.297,
        "Actual Rows": 1,
        "Actual Loops": 1,
        "Output": [
            "count(*)"
        ],
        "Plans": [
            {
                "Node Type": "Gather",
                "Parent Relationship": "Outer",
                "Parallel Aware": false,
                "Startup Cost": 232115.59,
                "Total Cost": 232116.0,
                "Plan Rows": 4,
                "Plan Width": 8,
                "Actual Startup Time": 180.119,
                "Actual Total Time": 207.288,
                "Actual Rows": 5,
                "Actual Loops": 1,
                "Output": [
                    "(PARTIAL count(*))"
                ],
                "Workers Planned": 4,
                "Workers Launched": 4,
                "Single Copy": false,
                "Plans": [
                    {
                        "Node Type": "Aggregate",
                        "Strategy": "Plain",
                        "Partial Mode": "Partial",
                        "Parent Relationship": "Outer",
                        "Parallel Aware": false,
                        "Startup Cost": 231115.59,
                        "Total Cost": 231115.6,
                        "Plan Rows": 1,
                        "Plan Width": 8,
                        "Actual Startup Time": 169.971,
                        "Actual Total Time": 169.973,
                        "Actual Rows": 1,
                        "Actual Loops": 5,
                        "Output": [
                            "PARTIAL count(*)"
                        ],
                        "Workers": [
                            {
                                "Worker Number": 0,
                                "Actual Startup Time": 167.083,
                                "Actual Total Time": 167.085,
                                "Actual Rows": 1,
                                "Actual Loops": 1
                            },
                            {
                                "Worker Number": 1,
                                "Actual Startup Time": 167.635,
                                "Actual Total Time": 167.636,
                                "Actual Rows": 1,
                                "Actual Loops": 1
                            },
                            {
                                "Worker Number": 2,
                                "Actual Startup Time": 167.682,
                                "Actual Total Time": 167.683,
                                "Actual Rows": 1,
                                "Actual Loops": 1
                            },
                            {
                                "Worker Number": 3,
                                "Actual Startup Time": 168.226,
                                "Actual Total Time": 168.227,
                                "Actual Rows": 1,
                                "Actual Loops": 1
                            }
                        ],
                        "Plans": [
                            {
                                "Node Type": "Nested Loop",
                                "Parent Relationship": "Outer",
                                "Parallel Aware": false,
                                "Join Type": "Inner",
                                "Startup Cost": 0.43,
                                "Total Cost": 231102.31,
                                "Plan Rows": 5311,
                                "Plan Width": 0,
                                "Actual Startup Time": 1.267,
                                "Actual Total Time": 169.518,
                                "Actual Rows": 5551,
                                "Actual Loops": 5,
                                "Inner Unique": false,
                                "Workers": [
                                    {
                                        "Worker Number": 0,
                                        "Actual Startup Time": 0.766,
                                        "Actual Total Time": 166.634,
                                        "Actual Rows": 3253,
                                        "Actual Loops": 1
                                    },
                                    {
                                        "Worker Number": 1,
                                        "Actual Startup Time": 0.423,
                                        "Actual Total Time": 167.245,
                                        "Actual Rows": 4665,
                                        "Actual Loops": 1
                                    },
                                    {
                                        "Worker Number": 2,
                                        "Actual Startup Time": 1.415,
                                        "Actual Total Time": 167.278,
                                        "Actual Rows": 4969,
                                        "Actual Loops": 1
                                    },
                                    {
                                        "Worker Number": 3,
                                        "Actual Startup Time": 3.558,
                                        "Actual Total Time": 167.816,
                                        "Actual Rows": 4874,
                                        "Actual Loops": 1
                                    }
                                ],
                                "Plans": [
                                    {
                                        "Node Type": "Seq Scan",
                                        "Parent Relationship": "Outer",
                                        "Parallel Aware": true,
                                        "Relation Name": "title",
                                        "Schema": "public",
                                        "Alias": "t",
                                        "Startup Cost": 0.0,
                                        "Total Cost": 43899.01,
                                        "Plan Rows": 6026,
                                        "Plan Width": 4,
                                        "Actual Startup Time": 0.085,
                                        "Actual Total Time": 75.131,
                                        "Actual Rows": 4983,
                                        "Actual Loops": 5,
                                        "Output": [
                                            "t.id",
                                            "t.title",
                                            "t.imdb_index",
                                            "t.kind_id",
                                            "t.production_year",
                                            "t.imdb_id",
                                            "t.phonetic_code",
                                            "t.episode_of_id",
                                            "t.season_nr",
                                            "t.episode_nr",
                                            "t.series_years",
                                            "t.md5sum"
                                        ],
                                        "Filter": "(t.production_year = 1992)",
                                        "Rows Removed by Filter": 500679,
                                        "Workers": [
                                            {
                                                "Worker Number": 0,
                                                "Actual Startup Time": 0.133,
                                                "Actual Total Time": 65.887,
                                                "Actual Rows": 3085,
                                                "Actual Loops": 1
                                            },
                                            {
                                                "Worker Number": 1,
                                                "Actual Startup Time": 0.074,
                                                "Actual Total Time": 70.559,
                                                "Actual Rows": 4316,
                                                "Actual Loops": 1
                                            },
                                            {
                                                "Worker Number": 2,
                                                "Actual Startup Time": 0.126,
                                                "Actual Total Time": 70.556,
                                                "Actual Rows": 4233,
                                                "Actual Loops": 1
                                            },
                                            {
                                                "Worker Number": 3,
                                                "Actual Startup Time": 0.063,
                                                "Actual Total Time": 69.205,
                                                "Actual Rows": 4417,
                                                "Actual Loops": 1
                                            }
                                        ]
                                    },
                                    {
                                        "Node Type": "Index Scan",
                                        "Parent Relationship": "Inner",
                                        "Parallel Aware": false,
                                        "Scan Direction": "Forward",
                                        "Index Name": "movie_id_movie_info",
                                        "Relation Name": "movie_info",
                                        "Schema": "public",
                                        "Alias": "mi",
                                        "Startup Cost": 0.43,
                                        "Total Cost": 31.01,
                                        "Plan Rows": 6,
                                        "Plan Width": 4,
                                        "Actual Startup Time": 0.014,
                                        "Actual Total Time": 0.018,
                                        "Actual Rows": 1,
                                        "Actual Loops": 24917,
                                        "Output": [
                                            "mi.id",
                                            "mi.movie_id",
                                            "mi.info_type_id",
                                            "mi.info",
                                            "mi.note"
                                        ],
                                        "Index Cond": "(mi.movie_id = t.id)",
                                        "Rows Removed by Index Recheck": 0,
                                        "Filter": "(mi.info_type_id > 16)",
                                        "Rows Removed by Filter": 5,
                                        "Workers": [
                                            {
                                                "Worker Number": 0,
                                                "Actual Startup Time": 0.024,
                                                "Actual Total Time": 0.032,
                                                "Actual Rows": 1,
                                                "Actual Loops": 3085
                                            },
                                            {
                                                "Worker Number": 1,
                                                "Actual Startup Time": 0.017,
                                                "Actual Total Time": 0.022,
                                                "Actual Rows": 1,
                                                "Actual Loops": 4316
                                            },
                                            {
                                                "Worker Number": 2,
                                                "Actual Startup Time": 0.017,
                                                "Actual Total Time": 0.022,
                                                "Actual Rows": 1,
                                                "Actual Loops": 4233
                                            },
                                            {
                                                "Worker Number": 3,
                                                "Actual Startup Time": 0.017,
                                                "Actual Total Time": 0.022,
                                                "Actual Rows": 1,
                                                "Actual Loops": 4417
                                            }
                                        ]
                                    }
                                ]
                            }
                        ]
                    }
                ]
            }
        ]
    },
    "Planning Time": 0.79,
    "Triggers": [],
    "Execution Time": 207.402
}