[
  {
    "Plan": {
      "Node Type": "Aggregate",
      "Strategy": "Plain",
      "Partial Mode": "Finalize",
      "Parallel Aware": false,
      "Startup Cost": 377493.54,
      "Total Cost": 377493.55,
      "Plan Rows": 1,
      "Plan Width": 8,
      "Actual Startup Time": 1064.289,
      "Actual Total Time": 1126.194,
      "Actual Rows": 1,
      "Actual Loops": 1,
      "Plans": [
        {
          "Node Type": "Gather",
          "Parent Relationship": "Outer",
          "Parallel Aware": false,
          "Startup Cost": 377492.92,
          "Total Cost": 377493.53,
          "Plan Rows": 6,
          "Plan Width": 8,
          "Actual Startup Time": 1063.119,
          "Actual Total Time": 1126.183,
          "Actual Rows": 7,
          "Actual Loops": 1,
          "Workers Planned": 6,
          "Workers Launched": 6,
          "Single Copy": false,
          "Plans": [
            {
              "Node Type": "Aggregate",
              "Strategy": "Plain",
              "Partial Mode": "Partial",
              "Parent Relationship": "Outer",
              "Parallel Aware": false,
              "Startup Cost": 376492.92,
              "Total Cost": 376492.93,
              "Plan Rows": 1,
              "Plan Width": 8,
              "Actual Startup Time": 1051.781,
              "Actual Total Time": 1051.784,
              "Actual Rows": 1,
              "Actual Loops": 7,
              "Plans": [
                {
                  "Node Type": "Hash Join",
                  "Parent Relationship": "Outer",
                  "Parallel Aware": true,
                  "Join Type": "Inner",
                  "Startup Cost": 38998.51,
                  "Total Cost": 376131.16,
                  "Plan Rows": 144703,
                  "Plan Width": 0,
                  "Actual Startup Time": 213.047,
                  "Actual Total Time": 1045.935,
                  "Actual Rows": 109295,
                  "Actual Loops": 7,
                  "Inner Unique": true,
                  "Hash Cond": "(ci.movie_id = t.id)",
                  "Plans": [
                    {
                      "Node Type": "Seq Scan",
                      "Parent Relationship": "Outer",
                      "Parallel Aware": true,
                      "Relation Name": "cast_info",
                      "Alias": "ci",
                      "Startup Cost": 0.0,
                      "Total Cost": 328162.03,
                      "Plan Rows": 3417379,
                      "Plan Width": 4,
                      "Actual Startup Time": 153.32,
                      "Actual Total Time": 580.214,
                      "Actual Rows": 2937430,
                      "Actual Loops": 7,
                      "Filter": "(person_id > 1548972)",
                      "Rows Removed by Filter": 2240334
                    },
                    {
                      "Node Type": "Hash",
                      "Parent Relationship": "Inner",
                      "Parallel Aware": true,
                      "Startup Cost": 38663.96,
                      "Total Cost": 38663.96,
                      "Plan Rows": 26764,
                      "Plan Width": 4,
                      "Actual Startup Time": 58.324,
                      "Actual Total Time": 58.326,
                      "Actual Rows": 16845,
                      "Actual Loops": 7,
                      "Hash Buckets": 131072,
                      "Original Hash Buckets": 131072,
                      "Hash Batches": 1,
                      "Original Hash Batches": 1,
                      "Peak Memory Usage": 5792,
                      "Plans": [
                        {
                          "Node Type": "Bitmap Heap Scan",
                          "Parent Relationship": "Outer",
                          "Parallel Aware": true,
                          "Relation Name": "title",
                          "Alias": "t",
                          "Startup Cost": 2207.7,
                          "Total Cost": 38663.96,
                          "Plan Rows": 26764,
                          "Plan Width": 4,
                          "Actual Startup Time": 14.69,
                          "Actual Total Time": 49.749,
                          "Actual Rows": 16845,
                          "Actual Loops": 7,
                          "Recheck Cond": "(kind_id = 4)",
                          "Rows Removed by Index Recheck": 0,
                          "Filter": "(production_year > 1960)",
                          "Rows Removed by Filter": 45,
                          "Exact Heap Blocks": 4837,
                          "Lossy Heap Blocks": 0,
                          "Plans": [
                            {
                              "Node Type": "Bitmap Index Scan",
                              "Parent Relationship": "Outer",
                              "Parallel Aware": false,
                              "Index Name": "kind_id_title",
                              "Startup Cost": 0.0,
                              "Total Cost": 2180.94,
                              "Plan Rows": 122201,
                              "Plan Width": 0,
                              "Actual Startup Time": 14.462,
                              "Actual Total Time": 14.462,
                              "Actual Rows": 118234,
                              "Actual Loops": 1,
                              "Index Cond": "(kind_id = 4)"
                            }
                          ]
                        }
                      ]
                    }
                  ]
                }
              ]
            }
          ]
        }
      ]
    },
    "Planning Time": 0.625,
    "Triggers": [],
    "Execution Time": 1126.304
  }
]