[
  {
    "Plan": {
      "Node Type": "Aggregate",
      "Strategy": "Plain",
      "Partial Mode": "Finalize",
      "Parallel Aware": false,
      "Startup Cost": 47516.27,
      "Total Cost": 47516.28,
      "Plan Rows": 1,
      "Plan Width": 8,
      "Actual Startup Time": 115.594,
      "Actual Total Time": 127.657,
      "Actual Rows": 1,
      "Actual Loops": 1,
      "Plans": [
        {
          "Node Type": "Gather",
          "Parent Relationship": "Outer",
          "Parallel Aware": false,
          "Startup Cost": 47515.85,
          "Total Cost": 47516.26,
          "Plan Rows": 4,
          "Plan Width": 8,
          "Actual Startup Time": 115.281,
          "Actual Total Time": 127.642,
          "Actual Rows": 5,
          "Actual Loops": 1,
          "Workers Planned": 4,
          "Workers Launched": 4,
          "Single Copy": false,
          "Plans": [
            {
              "Node Type": "Aggregate",
              "Strategy": "Plain",
              "Partial Mode": "Partial",
              "Parent Relationship": "Outer",
              "Parallel Aware": false,
              "Startup Cost": 46515.85,
              "Total Cost": 46515.86,
              "Plan Rows": 1,
              "Plan Width": 8,
              "Actual Startup Time": 108.68,
              "Actual Total Time": 108.681,
              "Actual Rows": 1,
              "Actual Loops": 5,
              "Plans": [
                {
                  "Node Type": "Seq Scan",
                  "Parent Relationship": "Outer",
                  "Parallel Aware": true,
                  "Relation Name": "title",
                  "Alias": "t",
                  "Startup Cost": 0.0,
                  "Total Cost": 45479.59,
                  "Plan Rows": 414506,
                  "Plan Width": 0,
                  "Actual Startup Time": 0.036,
                  "Actual Total Time": 91.896,
                  "Actual Rows": 341850,
                  "Actual Loops": 5,
                  "Filter": "((kind_id > 2) AND (production_year > 1921))",
                  "Rows Removed by Filter": 163812
                }
              ]
            }
          ]
        }
      ]
    },
    "Planning Time": 0.13,
    "Triggers": [],
    "Execution Time": 127.7
  }
]