[
  {
    "Plan": {
      "Node Type": "Aggregate",
      "Strategy": "Plain",
      "Partial Mode": "Finalize",
      "Parallel Aware": false,
      "Startup Cost": 767727.02,
      "Total Cost": 767727.03,
      "Plan Rows": 1,
      "Plan Width": 64,
      "Actual Startup Time": 3734.115,
      "Actual Total Time": 3922.596,
      "Actual Rows": 1,
      "Actual Loops": 1,
      "Plans": [
        {
          "Node Type": "Gather",
          "Parent Relationship": "Outer",
          "Parallel Aware": false,
          "Startup Cost": 767726.7,
          "Total Cost": 767727.01,
          "Plan Rows": 3,
          "Plan Width": 64,
          "Actual Startup Time": 3724.48,
          "Actual Total Time": 3922.581,
          "Actual Rows": 4,
          "Actual Loops": 1,
          "Workers Planned": 3,
          "Workers Launched": 3,
          "Single Copy": false,
          "Plans": [
            {
              "Node Type": "Aggregate",
              "Strategy": "Plain",
              "Partial Mode": "Partial",
              "Parent Relationship": "Outer",
              "Parallel Aware": false,
              "Startup Cost": 766726.7,
              "Total Cost": 766726.71,
              "Plan Rows": 1,
              "Plan Width": 64,
              "Actual Startup Time": 3713.541,
              "Actual Total Time": 3713.567,
              "Actual Rows": 1,
              "Actual Loops": 4,
              "Plans": [
                {
                  "Node Type": "Hash Join",
                  "Parent Relationship": "Outer",
                  "Parallel Aware": true,
                  "Join Type": "Inner",
                  "Startup Cost": 751311.81,
                  "Total Cost": 766706.88,
                  "Plan Rows": 3963,
                  "Plan Width": 32,
                  "Actual Startup Time": 3705.685,
                  "Actual Total Time": 3713.558,
                  "Actual Rows": 8,
                  "Actual Loops": 4,
                  "Inner Unique": false,
                  "Hash Cond": "(an.person_id = n.id)",
                  "Plans": [
                    {
                      "Node Type": "Seq Scan",
                      "Parent Relationship": "Outer",
                      "Parallel Aware": true,
                      "Relation Name": "aka_name",
                      "Alias": "an",
                      "Startup Cost": 0.0,
                      "Total Cost": 14303.56,
                      "Plan Rows": 290756,
                      "Plan Width": 4,
                      "Actual Startup Time": 0.048,
                      "Actual Total Time": 33.429,
                      "Actual Rows": 225336,
                      "Actual Loops": 4
                    },
                    {
                      "Node Type": "Hash",
                      "Parent Relationship": "Inner",
                      "Parallel Aware": true,
                      "Startup Cost": 751290.68,
                      "Total Cost": 751290.68,
                      "Plan Rows": 1690,
                      "Plan Width": 40,
                      "Actual Startup Time": 3663.265,
                      "Actual Total Time": 3663.289,
                      "Actual Rows": 8,
                      "Actual Loops": 4,
                      "Hash Buckets": 8192,
                      "Original Hash Buckets": 8192,
                      "Hash Batches": 1,
                      "Original Hash Batches": 1,
                      "Peak Memory Usage": 160,
                      "Plans": [
                        {
                          "Node Type": "Hash Join",
                          "Parent Relationship": "Outer",
                          "Parallel Aware": true,
                          "Join Type": "Inner",
                          "Startup Cost": 720913.5,
                          "Total Cost": 751290.68,
                          "Plan Rows": 1690,
                          "Plan Width": 40,
                          "Actual Startup Time": 3597.515,
                          "Actual Total Time": 3663.05,
                          "Actual Rows": 8,
                          "Actual Loops": 4,
                          "Inner Unique": true,
                          "Hash Cond": "(mc.company_id = cn.id)",
                          "Plans": [
                            {
                              "Node Type": "Hash Join",
                              "Parent Relationship": "Outer",
                              "Parallel Aware": true,
                              "Join Type": "Inner",
                              "Startup Cost": 715563.87,
                              "Total Cost": 745928.82,
                              "Plan Rows": 4659,
                              "Plan Width": 44,
                              "Actual Startup Time": 3563.676,
                              "Actual Total Time": 3629.195,
                              "Actual Rows": 12,
                              "Actual Loops": 4,
                              "Inner Unique": false,
                              "Hash Cond": "(mc.movie_id = t.id)",
                              "Plans": [
                                {
                                  "Node Type": "Seq Scan",
                                  "Parent Relationship": "Outer",
                                  "Parallel Aware": true,
                                  "Relation Name": "movie_companies",
                                  "Alias": "mc",
                                  "Startup Cost": 0.0,
                                  "Total Cost": 27206.55,
                                  "Plan Rows": 841655,
                                  "Plan Width": 8,
                                  "Actual Startup Time": 0.02,
                                  "Actual Total Time": 63.29,
                                  "Actual Rows": 652282,
                                  "Actual Loops": 4
                                },
                                {
                                  "Node Type": "Hash",
                                  "Parent Relationship": "Inner",
                                  "Parallel Aware": true,
                                  "Startup Cost": 715555.61,
                                  "Total Cost": 715555.61,
                                  "Plan Rows": 661,
                                  "Plan Width": 52,
                                  "Actual Startup Time": 3521.95,
                                  "Actual Total Time": 3521.968,
                                  "Actual Rows": 2,
                                  "Actual Loops": 4,
                                  "Hash Buckets": 4096,
                                  "Original Hash Buckets": 4096,
                                  "Hash Batches": 1,
                                  "Original Hash Batches": 1,
                                  "Peak Memory Usage": 160,
                                  "Plans": [
                                    {
                                      "Node Type": "Hash Join",
                                      "Parent Relationship": "Outer",
                                      "Parallel Aware": true,
                                      "Join Type": "Inner",
                                      "Startup Cost": 670805.38,
                                      "Total Cost": 715555.61,
                                      "Plan Rows": 661,
                                      "Plan Width": 52,
                                      "Actual Startup Time": 3394.152,
                                      "Actual Total Time": 3517.773,
                                      "Actual Rows": 2,
                                      "Actual Loops": 4,
                                      "Inner Unique": true,
                                      "Hash Cond": "(ci.person_role_id = chn.id)",
                                      "Plans": [
                                        {
                                          "Node Type": "Hash Join",
                                          "Parent Relationship": "Outer",
                                          "Parallel Aware": true,
                                          "Join Type": "Inner",
                                          "Startup Cost": 616660.6,
                                          "Total Cost": 661409.09,
                                          "Plan Rows": 661,
                                          "Plan Width": 56,
                                          "Actual Startup Time": 2858.377,
                                          "Actual Total Time": 2980.65,
                                          "Actual Rows": 2,
                                          "Actual Loops": 4,
                                          "Inner Unique": false,
                                          "Hash Cond": "(t.id = mi.movie_id)",
                                          "Plans": [
                                            {
                                              "Node Type": "Seq Scan",
                                              "Parent Relationship": "Outer",
                                              "Parallel Aware": true,
                                              "Relation Name": "title",
                                              "Alias": "t",
                                              "Startup Cost": 0.0,
                                              "Total Cost": 43898.62,
                                              "Plan Rows": 226281,
                                              "Plan Width": 21,
                                              "Actual Startup Time": 0.024,
                                              "Actual Total Time": 110.133,
                                              "Actual Rows": 226123,
                                              "Actual Loops": 4,
                                              "Filter": "(production_year > 2006)",
                                              "Rows Removed by Filter": 405955
                                            },
                                            {
                                              "Node Type": "Hash",
                                              "Parent Relationship": "Inner",
                                              "Parallel Aware": true,
                                              "Startup Cost": 616642.13,
                                              "Total Cost": 616642.13,
                                              "Plan Rows": 1478,
                                              "Plan Width": 35,
                                              "Actual Startup Time": 2853.303,
                                              "Actual Total Time": 2853.314,
                                              "Actual Rows": 4,
                                              "Actual Loops": 4,
                                              "Hash Buckets": 8192,
                                              "Original Hash Buckets": 8192,
                                              "Hash Batches": 1,
                                              "Original Hash Batches": 1,
                                              "Peak Memory Usage": 192,
                                              "Plans": [
                                                {
                                                  "Node Type": "Hash Join",
                                                  "Parent Relationship": "Outer",
                                                  "Parallel Aware": true,
                                                  "Join Type": "Inner",
                                                  "Startup Cost": 416787.72,
                                                  "Total Cost": 616642.13,
                                                  "Plan Rows": 1478,
                                                  "Plan Width": 35,
                                                  "Actual Startup Time": 2230.438,
                                                  "Actual Total Time": 2853.191,
                                                  "Actual Rows": 4,
                                                  "Actual Loops": 4,
                                                  "Inner Unique": false,
                                                  "Hash Cond": "(mi.movie_id = ci.movie_id)",
                                                  "Plans": [
                                                    {
                                                      "Node Type": "Hash Join",
                                                      "Parent Relationship": "Outer",
                                                      "Parallel Aware": false,
                                                      "Join Type": "Inner",
                                                      "Startup Cost": 2.43,
                                                      "Total Cost": 199755.89,
                                                      "Plan Rows": 26264,
                                                      "Plan Width": 4,
                                                      "Actual Startup Time": 250.996,
                                                      "Actual Total Time": 890.517,
                                                      "Actual Rows": 759180,
                                                      "Actual Loops": 4,
                                                      "Inner Unique": true,
                                                      "Hash Cond": "(mi.info_type_id = it.id)",
                                                      "Plans": [
                                                        {
                                                          "Node Type": "Seq Scan",
                                                          "Parent Relationship": "Outer",
                                                          "Parallel Aware": true,
                                                          "Relation Name": "movie_info",
                                                          "Alias": "mi",
                                                          "Startup Cost": 0.0,
                                                          "Total Cost": 191670.84,
                                                          "Plan Rows": 2967784,
                                                          "Plan Width": 8,
                                                          "Actual Startup Time": 0.048,
                                                          "Actual Total Time": 528.835,
                                                          "Actual Rows": 3708930,
                                                          "Actual Loops": 4
                                                        },
                                                        {
                                                          "Node Type": "Hash",
                                                          "Parent Relationship": "Inner",
                                                          "Parallel Aware": false,
                                                          "Startup Cost": 2.41,
                                                          "Total Cost": 2.41,
                                                          "Plan Rows": 1,
                                                          "Plan Width": 4,
                                                          "Actual Startup Time": 0.063,
                                                          "Actual Total Time": 0.064,
                                                          "Actual Rows": 1,
                                                          "Actual Loops": 4,
                                                          "Hash Buckets": 1024,
                                                          "Original Hash Buckets": 1024,
                                                          "Hash Batches": 1,
                                                          "Original Hash Batches": 1,
                                                          "Peak Memory Usage": 9,
                                                          "Plans": [
                                                            {
                                                              "Node Type": "Seq Scan",
                                                              "Parent Relationship": "Outer",
                                                              "Parallel Aware": false,
                                                              "Relation Name": "info_type",
                                                              "Alias": "it",
                                                              "Startup Cost": 0.0,
                                                              "Total Cost": 2.41,
                                                              "Plan Rows": 1,
                                                              "Plan Width": 4,
                                                              "Actual Startup Time": 0.045,
                                                              "Actual Total Time": 0.053,
                                                              "Actual Rows": 1,
                                                              "Actual Loops": 4,
                                                              "Filter": "((info)::text = 'release dates'::text)",
                                                              "Rows Removed by Filter": 112
                                                            }
                                                          ]
                                                        }
                                                      ]
                                                    },
                                                    {
                                                      "Node Type": "Hash",
                                                      "Parent Relationship": "Inner",
                                                      "Parallel Aware": true,
                                                      "Startup Cost": 416661.44,
                                                      "Total Cost": 416661.44,
                                                      "Plan Rows": 9908,
                                                      "Plan Width": 31,
                                                      "Actual Startup Time": 1901.165,
                                                      "Actual Total Time": 1901.17,
                                                      "Actual Rows": 3,
                                                      "Actual Loops": 4,
                                                      "Hash Buckets": 65536,
                                                      "Original Hash Buckets": 65536,
                                                      "Hash Batches": 1,
                                                      "Original Hash Batches": 1,
                                                      "Peak Memory Usage": 640,
                                                      "Plans": [
                                                        {
                                                          "Node Type": "Hash Join",
                                                          "Parent Relationship": "Outer",
                                                          "Parallel Aware": false,
                                                          "Join Type": "Inner",
                                                          "Startup Cost": 71615.01,
                                                          "Total Cost": 416661.44,
                                                          "Plan Rows": 9908,
                                                          "Plan Width": 31,
                                                          "Actual Startup Time": 864.962,
                                                          "Actual Total Time": 1900.008,
                                                          "Actual Rows": 3,
                                                          "Actual Loops": 4,
                                                          "Inner Unique": true,
                                                          "Hash Cond": "(ci.role_id = rt.id)",
                                                          "Plans": [
                                                            {
                                                              "Node Type": "Hash Join",
                                                              "Parent Relationship": "Outer",
                                                              "Parallel Aware": true,
                                                              "Join Type": "Inner",
                                                              "Startup Cost": 71613.85,
                                                              "Total Cost": 416237.94,
                                                              "Plan Rows": 118900,
                                                              "Plan Width": 35,
                                                              "Actual Startup Time": 864.881,
                                                              "Actual Total Time": 1894.781,
                                                              "Actual Rows": 60765,
                                                              "Actual Loops": 4,
                                                              "Inner Unique": true,
                                                              "Hash Cond": "(ci.person_id = n.id)",
                                                              "Plans": [
                                                                {
                                                                  "Node Type": "Seq Scan",
                                                                  "Parent Relationship": "Outer",
                                                                  "Parallel Aware": true,
                                                                  "Relation Name": "cast_info",
                                                                  "Alias": "ci",
                                                                  "Startup Cost": 0.0,
                                                                  "Total Cost": 343259.37,
                                                                  "Plan Rows": 519894,
                                                                  "Plan Width": 16,
                                                                  "Actual Startup Time": 118.704,
                                                                  "Actual Total Time": 1440.931,
                                                                  "Actual Rows": 774708,
                                                                  "Actual Loops": 4,
                                                                  "Filter": "(note = ANY ('{(writer),\"(executive producer)\",(producer),\"(as Amis)\"}'::text[]))",
                                                                  "Rows Removed by Filter": 8286378
                                                                },
                                                                {
                                                                  "Node Type": "Hash",
                                                                  "Parent Relationship": "Inner",
                                                                  "Parallel Aware": true,
                                                                  "Startup Cost": 68635.58,
                                                                  "Total Cost": 68635.58,
                                                                  "Plan Rows": 238261,
                                                                  "Plan Width": 19,
                                                                  "Actual Startup Time": 329.907,
                                                                  "Actual Total Time": 329.908,
                                                                  "Actual Rows": 240389,
                                                                  "Actual Loops": 4,
                                                                  "Hash Buckets": 1048576,
                                                                  "Original Hash Buckets": 1048576,
                                                                  "Hash Batches": 1,
                                                                  "Original Hash Batches": 1,
                                                                  "Peak Memory Usage": 60608,
                                                                  "Plans": [
                                                                    {
                                                                      "Node Type": "Seq Scan",
                                                                      "Parent Relationship": "Outer",
                                                                      "Parallel Aware": true,
                                                                      "Relation Name": "name",
                                                                      "Alias": "n",
                                                                      "Startup Cost": 0.0,
                                                                      "Total Cost": 68635.58,
                                                                      "Plan Rows": 238261,
                                                                      "Plan Width": 19,
                                                                      "Actual Startup Time": 80.316,
                                                                      "Actual Total Time": 207.281,
                                                                      "Actual Rows": 240389,
                                                                      "Actual Loops": 4,
                                                                      "Filter": "((gender)::text = 'f'::text)",
                                                                      "Rows Removed by Filter": 801484
                                                                    }
                                                                  ]
                                                                }
                                                              ]
                                                            },
                                                            {
                                                              "Node Type": "Hash",
                                                              "Parent Relationship": "Inner",
                                                              "Parallel Aware": false,
                                                              "Startup Cost": 1.15,
                                                              "Total Cost": 1.15,
                                                              "Plan Rows": 1,
                                                              "Plan Width": 4,
                                                              "Actual Startup Time": 0.049,
                                                              "Actual Total Time": 0.05,
                                                              "Actual Rows": 1,
                                                              "Actual Loops": 4,
                                                              "Hash Buckets": 1024,
                                                              "Original Hash Buckets": 1024,
                                                              "Hash Batches": 1,
                                                              "Original Hash Batches": 1,
                                                              "Peak Memory Usage": 9,
                                                              "Plans": [
                                                                {
                                                                  "Node Type": "Seq Scan",
                                                                  "Parent Relationship": "Outer",
                                                                  "Parallel Aware": false,
                                                                  "Relation Name": "role_type",
                                                                  "Alias": "rt",
                                                                  "Startup Cost": 0.0,
                                                                  "Total Cost": 1.15,
                                                                  "Plan Rows": 1,
                                                                  "Plan Width": 4,
                                                                  "Actual Startup Time": 0.041,
                                                                  "Actual Total Time": 0.043,
                                                                  "Actual Rows": 1,
                                                                  "Actual Loops": 4,
                                                                  "Filter": "((role)::text = 'actress'::text)",
                                                                  "Rows Removed by Filter": 11
                                                                }
                                                              ]
                                                            }
                                                          ]
                                                        }
                                                      ]
                                                    }
                                                  ]
                                                }
                                              ]
                                            }
                                          ]
                                        },
                                        {
                                          "Node Type": "Hash",
                                          "Parent Relationship": "Inner",
                                          "Parallel Aware": true,
                                          "Startup Cost": 44325.46,
                                          "Total Cost": 44325.46,
                                          "Plan Rows": 785546,
                                          "Plan Width": 4,
                                          "Actual Startup Time": 527.666,
                                          "Actual Total Time": 527.667,
                                          "Actual Rows": 785085,
                                          "Actual Loops": 4,
                                          "Hash Buckets": 4194304,
                                          "Original Hash Buckets": 4194304,
                                          "Hash Batches": 1,
                                          "Original Hash Batches": 1,
                                          "Peak Memory Usage": 155712,
                                          "Plans": [
                                            {
                                              "Node Type": "Seq Scan",
                                              "Parent Relationship": "Outer",
                                              "Parallel Aware": true,
                                              "Relation Name": "char_name",
                                              "Alias": "chn",
                                              "Startup Cost": 0.0,
                                              "Total Cost": 44325.46,
                                              "Plan Rows": 785546,
                                              "Plan Width": 4,
                                              "Actual Startup Time": 0.059,
                                              "Actual Total Time": 177.475,
                                              "Actual Rows": 785085,
                                              "Actual Loops": 4
                                            }
                                          ]
                                        }
                                      ]
                                    }
                                  ]
                                }
                              ]
                            },
                            {
                              "Node Type": "Hash",
                              "Parent Relationship": "Inner",
                              "Parallel Aware": true,
                              "Startup Cost": 4722.92,
                              "Total Cost": 4722.92,
                              "Plan Rows": 50137,
                              "Plan Width": 4,
                              "Actual Startup Time": 33.376,
                              "Actual Total Time": 33.379,
                              "Actual Rows": 21211,
                              "Actual Loops": 4,
                              "Hash Buckets": 131072,
                              "Original Hash Buckets": 131072,
                              "Hash Batches": 1,
                              "Original Hash Batches": 1,
                              "Peak Memory Usage": 4384,
                              "Plans": [
                                {
                                  "Node Type": "Seq Scan",
                                  "Parent Relationship": "Outer",
                                  "Parallel Aware": true,
                                  "Relation Name": "company_name",
                                  "Alias": "cn",
                                  "Startup Cost": 0.0,
                                  "Total Cost": 4722.92,
                                  "Plan Rows": 50137,
                                  "Plan Width": 4,
                                  "Actual Startup Time": 0.061,
                                  "Actual Total Time": 24.756,
                                  "Actual Rows": 21211,
                                  "Actual Loops": 4,
                                  "Filter": "((country_code)::text = '[us]'::text)",
                                  "Rows Removed by Filter": 37538
                                }
                              ]
                            }
                          ]
                        }
                      ]
                    }
                  ]
                }
              ]
            }
          ]
        }
      ]
    },
    "Planning Time": 42.002,
    "Triggers": [],
    "Execution Time": 3923.075
  }
]