[
  {
    "Plan": {
      "Node Type": "Aggregate",
      "Strategy": "Plain",
      "Partial Mode": "Finalize",
      "Parallel Aware": false,
      "Startup Cost": 399127.39,
      "Total Cost": 399127.4,
      "Plan Rows": 1,
      "Plan Width": 8,
      "Actual Startup Time": 2289.335,
      "Actual Total Time": 2355.509,
      "Actual Rows": 1,
      "Actual Loops": 1,
      "Plans": [
        {
          "Node Type": "Gather",
          "Parent Relationship": "Outer",
          "Parallel Aware": false,
          "Startup Cost": 399126.77,
          "Total Cost": 399127.38,
          "Plan Rows": 6,
          "Plan Width": 8,
          "Actual Startup Time": 2269.746,
          "Actual Total Time": 2355.5,
          "Actual Rows": 7,
          "Actual Loops": 1,
          "Workers Planned": 6,
          "Workers Launched": 6,
          "Single Copy": false,
          "Plans": [
            {
              "Node Type": "Aggregate",
              "Strategy": "Plain",
              "Partial Mode": "Partial",
              "Parent Relationship": "Outer",
              "Parallel Aware": false,
              "Startup Cost": 398126.77,
              "Total Cost": 398126.78,
              "Plan Rows": 1,
              "Plan Width": 8,
              "Actual Startup Time": 2247.491,
              "Actual Total Time": 2247.494,
              "Actual Rows": 1,
              "Actual Loops": 7,
              "Plans": [
                {
                  "Node Type": "Hash Join",
                  "Parent Relationship": "Outer",
                  "Parallel Aware": true,
                  "Join Type": "Inner",
                  "Startup Cost": 50857.14,
                  "Total Cost": 389410.81,
                  "Plan Rows": 3486382,
                  "Plan Width": 0,
                  "Actual Startup Time": 429.291,
                  "Actual Total Time": 2120.838,
                  "Actual Rows": 2979137,
                  "Actual Loops": 7,
                  "Inner Unique": true,
                  "Hash Cond": "(ci.movie_id = t.id)",
                  "Plans": [
                    {
                      "Node Type": "Seq Scan",
                      "Parent Relationship": "Outer",
                      "Parallel Aware": true,
                      "Relation Name": "cast_info",
                      "Alias": "ci",
                      "Startup Cost": 0.0,
                      "Total Cost": 328162.03,
                      "Plan Rows": 3958715,
                      "Plan Width": 4,
                      "Actual Startup Time": 198.07,
                      "Actual Total Time": 676.02,
                      "Actual Rows": 3367665,
                      "Actual Loops": 7,
                      "Filter": "(role_id > 1)",
                      "Rows Removed by Filter": 1810098
                    },
                    {
                      "Node Type": "Hash",
                      "Parent Relationship": "Inner",
                      "Parallel Aware": true,
                      "Startup Cost": 43898.92,
                      "Total Cost": 43898.92,
                      "Plan Rows": 556658,
                      "Plan Width": 4,
                      "Actual Startup Time": 224.331,
                      "Actual Total Time": 224.332,
                      "Actual Rows": 317796,
                      "Actual Loops": 7,
                      "Hash Buckets": 4194304,
                      "Original Hash Buckets": 4194304,
                      "Hash Batches": 1,
                      "Original Hash Batches": 1,
                      "Peak Memory Usage": 119872,
                      "Plans": [
                        {
                          "Node Type": "Seq Scan",
                          "Parent Relationship": "Outer",
                          "Parallel Aware": true,
                          "Relation Name": "title",
                          "Alias": "t",
                          "Startup Cost": 0.0,
                          "Total Cost": 43898.92,
                          "Plan Rows": 556658,
                          "Plan Width": 4,
                          "Actual Startup Time": 0.039,
                          "Actual Total Time": 80.463,
                          "Actual Rows": 317796,
                          "Actual Loops": 7,
                          "Filter": "(production_year < 2012)",
                          "Rows Removed by Filter": 43392
                        }
                      ]
                    }
                  ]
                }
              ]
            }
          ]
        }
      ]
    },
    "Planning Time": 0.577,
    "Triggers": [],
    "Execution Time": 2355.597
  }
]