{
  "Plan": {
    "Node Type": "Aggregate",
    "Strategy": "Plain",
    "Partial Mode": "Finalize",
    "Parallel Aware": false,
    "Startup Cost": 95593.84,
    "Total Cost": 95593.85,
    "Plan Rows": 1,
    "Plan Width": 8,
    "Actual Startup Time": 278.227,
    "Actual Total Time": 291.266,
    "Actual Rows": 1,
    "Actual Loops": 1,
    "Plans": [
      {
        "Node Type": "Gather",
        "Parent Relationship": "Outer",
        "Parallel Aware": false,
        "Startup Cost": 95593.72,
        "Total Cost": 95593.83,
        "Plan Rows": 1,
        "Plan Width": 8,
        "Actual Startup Time": 278.08,
        "Actual Total Time": 291.259,
        "Actual Rows": 2,
        "Actual Loops": 1,
        "Workers Planned": 1,
        "Workers Launched": 1,
        "Single Copy": false,
        "Plans": [
          {
            "Node Type": "Aggregate",
            "Strategy": "Plain",
            "Partial Mode": "Partial",
            "Parent Relationship": "Outer",
            "Parallel Aware": false,
            "Startup Cost": 94593.72,
            "Total Cost": 94593.73,
            "Plan Rows": 1,
            "Plan Width": 8,
            "Actual Startup Time": 275.323,
            "Actual Total Time": 275.326,
            "Actual Rows": 1,
            "Actual Loops": 2,
            "Plans": [
              {
                "Node Type": "Hash Join",
                "Parent Relationship": "Outer",
                "Parallel Aware": true,
                "Join Type": "Inner",
                "Startup Cost": 54650.98,
                "Total Cost": 94587.43,
                "Plan Rows": 2516,
                "Plan Width": 0,
                "Actual Startup Time": 158.523,
                "Actual Total Time": 275.164,
                "Actual Rows": 2705,
                "Actual Loops": 2,
                "Inner Unique": true,
                "Hash Cond": "(mc.movie_id = t.id)",
                "Plans": [
                  {
                    "Node Type": "Seq Scan",
                    "Parent Relationship": "Outer",
                    "Parallel Aware": true,
                    "Relation Name": "movie_companies",
                    "Alias": "mc",
                    "Startup Cost": 0.0,
                    "Total Cost": 37974.77,
                    "Plan Rows": 747308,
                    "Plan Width": 4,
                    "Actual Startup Time": 0.013,
                    "Actual Total Time": 106.94,
                    "Actual Rows": 631787,
                    "Actual Loops": 2,
                    "Filter": "(company_id < 11203)",
                    "Rows Removed by Filter": 672778
                  },
                  {
                    "Node Type": "Hash",
                    "Parent Relationship": "Inner",
                    "Parallel Aware": true,
                    "Startup Cost": 54588.39,
                    "Total Cost": 54588.39,
                    "Plan Rows": 5007,
                    "Plan Width": 4,
                    "Actual Startup Time": 124.431,
                    "Actual Total Time": 124.431,
                    "Actual Rows": 4451,
                    "Actual Loops": 2,
                    "Hash Buckets": 16384,
                    "Original Hash Buckets": 16384,
                    "Hash Batches": 1,
                    "Original Hash Batches": 1,
                    "Peak Memory Usage": 512,
                    "Plans": [
                      {
                        "Node Type": "Seq Scan",
                        "Parent Relationship": "Outer",
                        "Parallel Aware": true,
                        "Relation Name": "title",
                        "Alias": "t",
                        "Startup Cost": 0.0,
                        "Total Cost": 54588.39,
                        "Plan Rows": 5007,
                        "Plan Width": 4,
                        "Actual Startup Time": 83.223,
                        "Actual Total Time": 123.103,
                        "Actual Rows": 4451,
                        "Actual Loops": 2,
                        "Filter": "(production_year = 1913)",
                        "Rows Removed by Filter": 1259705
                      }
                    ]
                  }
                ]
              }
            ]
          }
        ]
      }
    ]
  },
  "Planning Time": 0.221,
  "Triggers": [],
  "Execution Time": 291.306
}