[
  {
    "Plan": {
      "Node Type": "Aggregate",
      "Strategy": "Plain",
      "Partial Mode": "Finalize",
      "Parallel Aware": false,
      "Startup Cost": 73357.25,
      "Total Cost": 73357.26,
      "Plan Rows": 1,
      "Plan Width": 8,
      "Actual Startup Time": 188.29,
      "Actual Total Time": 216.853,
      "Actual Rows": 1,
      "Actual Loops": 1,
      "Plans": [
        {
          "Node Type": "Gather",
          "Parent Relationship": "Outer",
          "Parallel Aware": false,
          "Startup Cost": 73356.83,
          "Total Cost": 73357.24,
          "Plan Rows": 4,
          "Plan Width": 8,
          "Actual Startup Time": 187.897,
          "Actual Total Time": 216.837,
          "Actual Rows": 5,
          "Actual Loops": 1,
          "Workers Planned": 4,
          "Workers Launched": 4,
          "Single Copy": false,
          "Plans": [
            {
              "Node Type": "Aggregate",
              "Strategy": "Plain",
              "Partial Mode": "Partial",
              "Parent Relationship": "Outer",
              "Parallel Aware": false,
              "Startup Cost": 72356.83,
              "Total Cost": 72356.84,
              "Plan Rows": 1,
              "Plan Width": 8,
              "Actual Startup Time": 177.894,
              "Actual Total Time": 177.898,
              "Actual Rows": 1,
              "Actual Loops": 5,
              "Plans": [
                {
                  "Node Type": "Nested Loop",
                  "Parent Relationship": "Outer",
                  "Parallel Aware": false,
                  "Join Type": "Inner",
                  "Startup Cost": 0.86,
                  "Total Cost": 72327.36,
                  "Plan Rows": 11790,
                  "Plan Width": 0,
                  "Actual Startup Time": 0.744,
                  "Actual Total Time": 176.062,
                  "Actual Rows": 20681,
                  "Actual Loops": 5,
                  "Inner Unique": false,
                  "Join Filter": "(t.id = mi.movie_id)",
                  "Rows Removed by Join Filter": 0,
                  "Plans": [
                    {
                      "Node Type": "Nested Loop",
                      "Parent Relationship": "Outer",
                      "Parallel Aware": false,
                      "Join Type": "Inner",
                      "Startup Cost": 0.43,
                      "Total Cost": 68318.52,
                      "Plan Rows": 2008,
                      "Plan Width": 8,
                      "Actual Startup Time": 0.505,
                      "Actual Total Time": 129.141,
                      "Actual Rows": 1951,
                      "Actual Loops": 5,
                      "Inner Unique": false,
                      "Plans": [
                        {
                          "Node Type": "Seq Scan",
                          "Parent Relationship": "Outer",
                          "Parallel Aware": true,
                          "Relation Name": "title",
                          "Alias": "t",
                          "Startup Cost": 0.0,
                          "Total Cost": 45479.59,
                          "Plan Rows": 1946,
                          "Plan Width": 4,
                          "Actual Startup Time": 0.207,
                          "Actual Total Time": 111.384,
                          "Actual Rows": 1558,
                          "Actual Loops": 5,
                          "Filter": "((kind_id > 1) AND (production_year = 1963))",
                          "Rows Removed by Filter": 504104
                        },
                        {
                          "Node Type": "Index Only Scan",
                          "Parent Relationship": "Inner",
                          "Parallel Aware": false,
                          "Scan Direction": "Forward",
                          "Index Name": "movie_id_movie_companies",
                          "Relation Name": "movie_companies",
                          "Alias": "mc",
                          "Startup Cost": 0.43,
                          "Total Cost": 11.69,
                          "Plan Rows": 5,
                          "Plan Width": 4,
                          "Actual Startup Time": 0.009,
                          "Actual Total Time": 0.01,
                          "Actual Rows": 1,
                          "Actual Loops": 7792,
                          "Index Cond": "(movie_id = t.id)",
                          "Rows Removed by Index Recheck": 0,
                          "Heap Fetches": 9754
                        }
                      ]
                    },
                    {
                      "Node Type": "Index Only Scan",
                      "Parent Relationship": "Inner",
                      "Parallel Aware": false,
                      "Scan Direction": "Forward",
                      "Index Name": "movie_id_movie_info",
                      "Relation Name": "movie_info",
                      "Alias": "mi",
                      "Startup Cost": 0.43,
                      "Total Cost": 1.48,
                      "Plan Rows": 41,
                      "Plan Width": 4,
                      "Actual Startup Time": 0.009,
                      "Actual Total Time": 0.022,
                      "Actual Rows": 11,
                      "Actual Loops": 9754,
                      "Index Cond": "(movie_id = mc.movie_id)",
                      "Rows Removed by Index Recheck": 0,
                      "Heap Fetches": 103407
                    }
                  ]
                }
              ]
            }
          ]
        }
      ]
    },
    "Planning Time": 1.47,
    "Triggers": [],
    "Execution Time": 216.954
  }
]