[
    {
        "Bao": {
            "Bao prediction": 863.441,
            "Bao recommended hint": "(no hint)"
        }
    },
    {
        "Plan": {
            "Node Type": "Aggregate",
            "Strategy": "Plain",
            "Partial Mode": "Finalize",
            "Parallel Aware": false,
            "Startup Cost": 71144.32,
            "Total Cost": 71144.33,
            "Plan Rows": 1,
            "Plan Width": 8,
            "Actual Startup Time": 275.14,
            "Actual Total Time": 284.063,
            "Actual Rows": 1,
            "Actual Loops": 1,
            "Output": [
                "count(*)"
            ],
            "Plans": [
                {
                    "Node Type": "Gather",
                    "Parent Relationship": "Outer",
                    "Parallel Aware": false,
                    "Startup Cost": 71143.9,
                    "Total Cost": 71144.31,
                    "Plan Rows": 4,
                    "Plan Width": 8,
                    "Actual Startup Time": 273.911,
                    "Actual Total Time": 284.054,
                    "Actual Rows": 5,
                    "Actual Loops": 1,
                    "Output": [
                        "(PARTIAL count(*))"
                    ],
                    "Workers Planned": 4,
                    "Workers Launched": 4,
                    "Single Copy": false,
                    "Plans": [
                        {
                            "Node Type": "Aggregate",
                            "Strategy": "Plain",
                            "Partial Mode": "Partial",
                            "Parent Relationship": "Outer",
                            "Parallel Aware": false,
                            "Startup Cost": 70143.9,
                            "Total Cost": 70143.91,
                            "Plan Rows": 1,
                            "Plan Width": 8,
                            "Actual Startup Time": 264.685,
                            "Actual Total Time": 264.761,
                            "Actual Rows": 1,
                            "Actual Loops": 5,
                            "Output": [
                                "PARTIAL count(*)"
                            ],
                            "Workers": [
                                {
                                    "Worker Number": 0,
                                    "Actual Startup Time": 262.353,
                                    "Actual Total Time": 262.357,
                                    "Actual Rows": 1,
                                    "Actual Loops": 1
                                },
                                {
                                    "Worker Number": 1,
                                    "Actual Startup Time": 262.715,
                                    "Actual Total Time": 262.719,
                                    "Actual Rows": 1,
                                    "Actual Loops": 1
                                },
                                {
                                    "Worker Number": 2,
                                    "Actual Startup Time": 262.46,
                                    "Actual Total Time": 262.464,
                                    "Actual Rows": 1,
                                    "Actual Loops": 1
                                },
                                {
                                    "Worker Number": 3,
                                    "Actual Startup Time": 262.794,
                                    "Actual Total Time": 262.798,
                                    "Actual Rows": 1,
                                    "Actual Loops": 1
                                }
                            ],
                            "Plans": [
                                {
                                    "Node Type": "Hash Join",
                                    "Parent Relationship": "Outer",
                                    "Parallel Aware": true,
                                    "Join Type": "Inner",
                                    "Startup Cost": 24517.78,
                                    "Total Cost": 70079.76,
                                    "Plan Rows": 25658,
                                    "Plan Width": 0,
                                    "Actual Startup Time": 193.917,
                                    "Actual Total Time": 261.822,
                                    "Actual Rows": 41030,
                                    "Actual Loops": 5,
                                    "Inner Unique": false,
                                    "Hash Cond": "(t.id = mc.movie_id)",
                                    "Workers": [
                                        {
                                            "Worker Number": 0,
                                            "Actual Startup Time": 188.36,
                                            "Actual Total Time": 259.425,
                                            "Actual Rows": 39565,
                                            "Actual Loops": 1
                                        },
                                        {
                                            "Worker Number": 1,
                                            "Actual Startup Time": 191.866,
                                            "Actual Total Time": 259.861,
                                            "Actual Rows": 38643,
                                            "Actual Loops": 1
                                        },
                                        {
                                            "Worker Number": 2,
                                            "Actual Startup Time": 193.167,
                                            "Actual Total Time": 259.703,
                                            "Actual Rows": 37244,
                                            "Actual Loops": 1
                                        },
                                        {
                                            "Worker Number": 3,
                                            "Actual Startup Time": 194.532,
                                            "Actual Total Time": 259.851,
                                            "Actual Rows": 39300,
                                            "Actual Loops": 1
                                        }
                                    ],
                                    "Plans": [
                                        {
                                            "Node Type": "Seq Scan",
                                            "Parent Relationship": "Outer",
                                            "Parallel Aware": true,
                                            "Relation Name": "title",
                                            "Schema": "public",
                                            "Alias": "t",
                                            "Startup Cost": 0.0,
                                            "Total Cost": 42318.81,
                                            "Plan Rows": 632080,
                                            "Plan Width": 4,
                                            "Actual Startup Time": 0.012,
                                            "Actual Total Time": 80.593,
                                            "Actual Rows": 505662,
                                            "Actual Loops": 5,
                                            "Output": [
                                                "t.id",
                                                "t.title",
                                                "t.imdb_index",
                                                "t.kind_id",
                                                "t.production_year",
                                                "t.imdb_id",
                                                "t.phonetic_code",
                                                "t.episode_of_id",
                                                "t.season_nr",
                                                "t.episode_nr",
                                                "t.series_years",
                                                "t.md5sum"
                                            ],
                                            "Workers": [
                                                {
                                                    "Worker Number": 0,
                                                    "Actual Startup Time": 0.007,
                                                    "Actual Total Time": 83.856,
                                                    "Actual Rows": 483326,
                                                    "Actual Loops": 1
                                                },
                                                {
                                                    "Worker Number": 1,
                                                    "Actual Startup Time": 0.011,
                                                    "Actual Total Time": 83.553,
                                                    "Actual Rows": 481911,
                                                    "Actual Loops": 1
                                                },
                                                {
                                                    "Worker Number": 2,
                                                    "Actual Startup Time": 0.017,
                                                    "Actual Total Time": 79.248,
                                                    "Actual Rows": 442988,
                                                    "Actual Loops": 1
                                                },
                                                {
                                                    "Worker Number": 3,
                                                    "Actual Startup Time": 0.021,
                                                    "Actual Total Time": 84.047,
                                                    "Actual Rows": 486558,
                                                    "Actual Loops": 1
                                                }
                                            ]
                                        },
                                        {
                                            "Node Type": "Hash",
                                            "Parent Relationship": "Inner",
                                            "Parallel Aware": true,
                                            "Startup Cost": 24103.94,
                                            "Total Cost": 24103.94,
                                            "Plan Rows": 33107,
                                            "Plan Width": 4,
                                            "Actual Startup Time": 71.397,
                                            "Actual Total Time": 71.399,
                                            "Actual Rows": 41030,
                                            "Actual Loops": 5,
                                            "Output": [
                                                "mc.movie_id"
                                            ],
                                            "Hash Buckets": 262144,
                                            "Original Hash Buckets": 131072,
                                            "Hash Batches": 1,
                                            "Original Hash Batches": 1,
                                            "Peak Memory Usage": 11200,
                                            "Workers": [
                                                {
                                                    "Worker Number": 0,
                                                    "Actual Startup Time": 70.131,
                                                    "Actual Total Time": 70.132,
                                                    "Actual Rows": 34764,
                                                    "Actual Loops": 1
                                                },
                                                {
                                                    "Worker Number": 1,
                                                    "Actual Startup Time": 70.196,
                                                    "Actual Total Time": 70.198,
                                                    "Actual Rows": 37091,
                                                    "Actual Loops": 1
                                                },
                                                {
                                                    "Worker Number": 2,
                                                    "Actual Startup Time": 70.241,
                                                    "Actual Total Time": 70.243,
                                                    "Actual Rows": 29928,
                                                    "Actual Loops": 1
                                                },
                                                {
                                                    "Worker Number": 3,
                                                    "Actual Startup Time": 70.609,
                                                    "Actual Total Time": 70.611,
                                                    "Actual Rows": 32197,
                                                    "Actual Loops": 1
                                                }
                                            ],
                                            "Plans": [
                                                {
                                                    "Node Type": "Bitmap Heap Scan",
                                                    "Parent Relationship": "Outer",
                                                    "Parallel Aware": true,
                                                    "Relation Name": "movie_companies",
                                                    "Schema": "public",
                                                    "Alias": "mc",
                                                    "Startup Cost": 4339.88,
                                                    "Total Cost": 24103.94,
                                                    "Plan Rows": 33107,
                                                    "Plan Width": 4,
                                                    "Actual Startup Time": 18.742,
                                                    "Actual Total Time": 46.699,
                                                    "Actual Rows": 41030,
                                                    "Actual Loops": 5,
                                                    "Output": [
                                                        "mc.movie_id"
                                                    ],
                                                    "Recheck Cond": "(mc.company_id > 111933)",
                                                    "Rows Removed by Index Recheck": 0,
                                                    "Filter": "(mc.company_type_id > 1)",
                                                    "Rows Removed by Filter": 0,
                                                    "Exact Heap Blocks": 1539,
                                                    "Lossy Heap Blocks": 0,
                                                    "Workers": [
                                                        {
                                                            "Worker Number": 0,
                                                            "Actual Startup Time": 17.578,
                                                            "Actual Total Time": 46.864,
                                                            "Actual Rows": 34764,
                                                            "Actual Loops": 1
                                                        },
                                                        {
                                                            "Worker Number": 1,
                                                            "Actual Startup Time": 17.545,
                                                            "Actual Total Time": 46.484,
                                                            "Actual Rows": 37091,
                                                            "Actual Loops": 1
                                                        },
                                                        {
                                                            "Worker Number": 2,
                                                            "Actual Startup Time": 17.648,
                                                            "Actual Total Time": 45.479,
                                                            "Actual Rows": 29928,
                                                            "Actual Loops": 1
                                                        },
                                                        {
                                                            "Worker Number": 3,
                                                            "Actual Startup Time": 17.905,
                                                            "Actual Total Time": 46.987,
                                                            "Actual Rows": 32197,
                                                            "Actual Loops": 1
                                                        }
                                                    ],
                                                    "Plans": [
                                                        {
                                                            "Node Type": "Bitmap Index Scan",
                                                            "Parent Relationship": "Outer",
                                                            "Parallel Aware": false,
                                                            "Index Name": "company_id_movie_companies",
                                                            "Startup Cost": 0.0,
                                                            "Total Cost": 4314.23,
                                                            "Plan Rows": 201306,
                                                            "Plan Width": 0,
                                                            "Actual Startup Time": 21.801,
                                                            "Actual Total Time": 21.801,
                                                            "Actual Rows": 205148,
                                                            "Actual Loops": 1,
                                                            "Index Cond": "(mc.company_id > 111933)"
                                                        }
                                                    ]
                                                }
                                            ]
                                        }
                                    ]
                                }
                            ]
                        }
                    ]
                }
            ]
        },
        "Planning Time": 966.179,
        "Triggers": [],
        "Execution Time": 284.219
    }
]