[
  {
    "Plan": {
      "Node Type": "Aggregate",
      "Strategy": "Plain",
      "Partial Mode": "Finalize",
      "Parallel Aware": false,
      "Startup Cost": 32875.15,
      "Total Cost": 32875.16,
      "Plan Rows": 1,
      "Plan Width": 8,
      "Actual Startup Time": 83.978,
      "Actual Total Time": 89.943,
      "Actual Rows": 1,
      "Actual Loops": 1,
      "Plans": [
        {
          "Node Type": "Gather",
          "Parent Relationship": "Outer",
          "Parallel Aware": false,
          "Startup Cost": 32874.83,
          "Total Cost": 32875.14,
          "Plan Rows": 3,
          "Plan Width": 8,
          "Actual Startup Time": 83.87,
          "Actual Total Time": 89.935,
          "Actual Rows": 4,
          "Actual Loops": 1,
          "Workers Planned": 3,
          "Workers Launched": 3,
          "Single Copy": false,
          "Plans": [
            {
              "Node Type": "Aggregate",
              "Strategy": "Plain",
              "Partial Mode": "Partial",
              "Parent Relationship": "Outer",
              "Parallel Aware": false,
              "Startup Cost": 31874.83,
              "Total Cost": 31874.84,
              "Plan Rows": 1,
              "Plan Width": 8,
              "Actual Startup Time": 77.916,
              "Actual Total Time": 77.917,
              "Actual Rows": 1,
              "Actual Loops": 4,
              "Plans": [
                {
                  "Node Type": "Seq Scan",
                  "Parent Relationship": "Outer",
                  "Parallel Aware": true,
                  "Relation Name": "movie_companies",
                  "Alias": "mc",
                  "Startup Cost": 0.0,
                  "Total Cost": 31414.82,
                  "Plan Rows": 184005,
                  "Plan Width": 0,
                  "Actual Startup Time": 46.324,
                  "Actual Total Time": 74.299,
                  "Actual Rows": 90540,
                  "Actual Loops": 4,
                  "Filter": "((company_id < 7941) AND (company_type_id = 2))",
                  "Rows Removed by Filter": 561742
                }
              ]
            }
          ]
        }
      ]
    },
    "Planning Time": 0.221,
    "Triggers": [],
    "Execution Time": 89.999
  }
]