[
  {
    "Plan": {
      "Node Type": "Aggregate",
      "Strategy": "Plain",
      "Partial Mode": "Finalize",
      "Parallel Aware": false,
      "Startup Cost": 46647.59,
      "Total Cost": 46647.6,
      "Plan Rows": 1,
      "Plan Width": 8,
      "Actual Startup Time": 92.277,
      "Actual Total Time": 102.248,
      "Actual Rows": 1,
      "Actual Loops": 1,
      "Plans": [
        {
          "Node Type": "Gather",
          "Parent Relationship": "Outer",
          "Parallel Aware": false,
          "Startup Cost": 46647.17,
          "Total Cost": 46647.58,
          "Plan Rows": 4,
          "Plan Width": 8,
          "Actual Startup Time": 92.119,
          "Actual Total Time": 102.24,
          "Actual Rows": 5,
          "Actual Loops": 1,
          "Workers Planned": 4,
          "Workers Launched": 4,
          "Single Copy": false,
          "Plans": [
            {
              "Node Type": "Aggregate",
              "Strategy": "Plain",
              "Partial Mode": "Partial",
              "Parent Relationship": "Outer",
              "Parallel Aware": false,
              "Startup Cost": 45647.17,
              "Total Cost": 45647.18,
              "Plan Rows": 1,
              "Plan Width": 8,
              "Actual Startup Time": 83.334,
              "Actual Total Time": 83.335,
              "Actual Rows": 1,
              "Actual Loops": 5,
              "Plans": [
                {
                  "Node Type": "Seq Scan",
                  "Parent Relationship": "Outer",
                  "Parallel Aware": true,
                  "Relation Name": "title",
                  "Alias": "t",
                  "Startup Cost": 0.0,
                  "Total Cost": 45479.59,
                  "Plan Rows": 67034,
                  "Plan Width": 0,
                  "Actual Startup Time": 0.07,
                  "Actual Total Time": 79.432,
                  "Actual Rows": 82878,
                  "Actual Loops": 5,
                  "Filter": "((kind_id < 4) AND (production_year < 1995))",
                  "Rows Removed by Filter": 422785
                }
              ]
            }
          ]
        }
      ]
    },
    "Planning Time": 0.22,
    "Triggers": [],
    "Execution Time": 102.303
  }
]