[
    {
        "Bao": {
            "Bao prediction": "NaN",
            "Bao recommended hint": "(no hint)"
        }
    },
    {
        "Plan": {
            "Node Type": "Aggregate",
            "Strategy": "Plain",
            "Partial Mode": "Finalize",
            "Parallel Aware": false,
            "Startup Cost": 32756.82,
            "Total Cost": 32756.83,
            "Plan Rows": 1,
            "Plan Width": 8,
            "Actual Startup Time": 78.449,
            "Actual Total Time": 84.464,
            "Actual Rows": 1,
            "Actual Loops": 1,
            "Output": [
                "count(*)"
            ],
            "Plans": [
                {
                    "Node Type": "Gather",
                    "Parent Relationship": "Outer",
                    "Parallel Aware": false,
                    "Startup Cost": 32756.5,
                    "Total Cost": 32756.81,
                    "Plan Rows": 3,
                    "Plan Width": 8,
                    "Actual Startup Time": 78.381,
                    "Actual Total Time": 84.446,
                    "Actual Rows": 4,
                    "Actual Loops": 1,
                    "Output": [
                        "(PARTIAL count(*))"
                    ],
                    "Workers Planned": 3,
                    "Workers Launched": 3,
                    "Single Copy": false,
                    "Plans": [
                        {
                            "Node Type": "Aggregate",
                            "Strategy": "Plain",
                            "Partial Mode": "Partial",
                            "Parent Relationship": "Outer",
                            "Parallel Aware": false,
                            "Startup Cost": 31756.5,
                            "Total Cost": 31756.51,
                            "Plan Rows": 1,
                            "Plan Width": 8,
                            "Actual Startup Time": 69.411,
                            "Actual Total Time": 69.412,
                            "Actual Rows": 1,
                            "Actual Loops": 4,
                            "Output": [
                                "PARTIAL count(*)"
                            ],
                            "Workers": [
                                {
                                    "Worker Number": 0,
                                    "Actual Startup Time": 66.394,
                                    "Actual Total Time": 66.396,
                                    "Actual Rows": 1,
                                    "Actual Loops": 1
                                },
                                {
                                    "Worker Number": 1,
                                    "Actual Startup Time": 66.494,
                                    "Actual Total Time": 66.495,
                                    "Actual Rows": 1,
                                    "Actual Loops": 1
                                },
                                {
                                    "Worker Number": 2,
                                    "Actual Startup Time": 66.651,
                                    "Actual Total Time": 66.652,
                                    "Actual Rows": 1,
                                    "Actual Loops": 1
                                }
                            ],
                            "Plans": [
                                {
                                    "Node Type": "Seq Scan",
                                    "Parent Relationship": "Outer",
                                    "Parallel Aware": true,
                                    "Relation Name": "movie_companies",
                                    "Schema": "public",
                                    "Alias": "mc",
                                    "Startup Cost": 0.0,
                                    "Total Cost": 31414.82,
                                    "Plan Rows": 136673,
                                    "Plan Width": 0,
                                    "Actual Startup Time": 18.234,
                                    "Actual Total Time": 67.916,
                                    "Actual Rows": 25676,
                                    "Actual Loops": 4,
                                    "Output": [
                                        "id",
                                        "movie_id",
                                        "company_id",
                                        "company_type_id",
                                        "note"
                                    ],
                                    "Filter": "((mc.company_id > 23837) AND (mc.company_type_id = 1))",
                                    "Rows Removed by Filter": 626606,
                                    "Workers": [
                                        {
                                            "Worker Number": 0,
                                            "Actual Startup Time": 15.223,
                                            "Actual Total Time": 64.963,
                                            "Actual Rows": 20829,
                                            "Actual Loops": 1
                                        },
                                        {
                                            "Worker Number": 1,
                                            "Actual Startup Time": 15.325,
                                            "Actual Total Time": 65.085,
                                            "Actual Rows": 20876,
                                            "Actual Loops": 1
                                        },
                                        {
                                            "Worker Number": 2,
                                            "Actual Startup Time": 15.476,
                                            "Actual Total Time": 65.287,
                                            "Actual Rows": 18842,
                                            "Actual Loops": 1
                                        }
                                    ]
                                }
                            ]
                        }
                    ]
                }
            ]
        },
        "Planning Time": 181.467,
        "Triggers": [],
        "Execution Time": 84.512
    }
]