{
  "Plan": {
    "Node Type": "Aggregate",
    "Strategy": "Plain",
    "Partial Mode": "Finalize",
    "Parallel Aware": false,
    "Startup Cost": 667686.68,
    "Total Cost": 667686.69,
    "Plan Rows": 1,
    "Plan Width": 8,
    "Actual Startup Time": 6597.547,
    "Actual Total Time": 6665.715,
    "Actual Rows": 1,
    "Actual Loops": 1,
    "Plans": [
      {
        "Node Type": "Gather",
        "Parent Relationship": "Outer",
        "Parallel Aware": false,
        "Startup Cost": 667686.57,
        "Total Cost": 667686.68,
        "Plan Rows": 1,
        "Plan Width": 8,
        "Actual Startup Time": 6581.138,
        "Actual Total Time": 6665.706,
        "Actual Rows": 2,
        "Actual Loops": 1,
        "Workers Planned": 1,
        "Workers Launched": 1,
        "Single Copy": false,
        "Plans": [
          {
            "Node Type": "Aggregate",
            "Strategy": "Plain",
            "Partial Mode": "Partial",
            "Parent Relationship": "Outer",
            "Parallel Aware": false,
            "Startup Cost": 666686.57,
            "Total Cost": 666686.58,
            "Plan Rows": 1,
            "Plan Width": 8,
            "Actual Startup Time": 6563.192,
            "Actual Total Time": 6564.28,
            "Actual Rows": 1,
            "Actual Loops": 2,
            "Plans": [
              {
                "Node Type": "Hash Join",
                "Parent Relationship": "Outer",
                "Parallel Aware": true,
                "Join Type": "Inner",
                "Startup Cost": 561257.81,
                "Total Cost": 655433.37,
                "Plan Rows": 4501279,
                "Plan Width": 0,
                "Actual Startup Time": 3591.199,
                "Actual Total Time": 5653.659,
                "Actual Rows": 23465812,
                "Actual Loops": 2,
                "Inner Unique": false,
                "Hash Cond": "(mk.movie_id = t.id)",
                "Plans": [
                  {
                    "Node Type": "Seq Scan",
                    "Parent Relationship": "Outer",
                    "Parallel Aware": true,
                    "Relation Name": "movie_keyword",
                    "Alias": "mk",
                    "Startup Cost": 0.0,
                    "Total Cost": 51065.35,
                    "Plan Rows": 2661135,
                    "Plan Width": 4,
                    "Actual Startup Time": 0.016,
                    "Actual Total Time": 156.726,
                    "Actual Rows": 2261965,
                    "Actual Loops": 2
                  },
                  {
                    "Node Type": "Hash",
                    "Parent Relationship": "Inner",
                    "Parallel Aware": true,
                    "Startup Cost": 529812.39,
                    "Total Cost": 529812.39,
                    "Plan Rows": 2515634,
                    "Plan Width": 8,
                    "Actual Startup Time": 3557.734,
                    "Actual Total Time": 3558.82,
                    "Actual Rows": 3174594,
                    "Actual Loops": 2,
                    "Hash Buckets": 8388608,
                    "Original Hash Buckets": 8388608,
                    "Hash Batches": 1,
                    "Original Hash Batches": 1,
                    "Peak Memory Usage": 313952,
                    "Plans": [
                      {
                        "Node Type": "Hash Join",
                        "Parent Relationship": "Outer",
                        "Parallel Aware": true,
                        "Join Type": "Inner",
                        "Startup Cost": 212967.55,
                        "Total Cost": 529812.39,
                        "Plan Rows": 2515634,
                        "Plan Width": 8,
                        "Actual Startup Time": 737.058,
                        "Actual Total Time": 2595.531,
                        "Actual Rows": 3174594,
                        "Actual Loops": 2,
                        "Inner Unique": true,
                        "Hash Cond": "(ci.movie_id = t.id)",
                        "Plans": [
                          {
                            "Node Type": "Bitmap Heap Scan",
                            "Parent Relationship": "Outer",
                            "Parallel Aware": true,
                            "Relation Name": "cast_info",
                            "Alias": "ci",
                            "Startup Cost": 143506.85,
                            "Total Cost": 453748.14,
                            "Plan Rows": 2515634,
                            "Plan Width": 4,
                            "Actual Startup Time": 242.524,
                            "Actual Total Time": 746.061,
                            "Actual Rows": 3174594,
                            "Actual Loops": 2,
                            "Recheck Cond": "(person_id > 3018598)",
                            "Rows Removed by Index Recheck": 0,
                            "Filter": "(role_id > 1)",
                            "Rows Removed by Filter": 0,
                            "Exact Heap Blocks": 41740,
                            "Lossy Heap Blocks": 0,
                            "Plans": [
                              {
                                "Node Type": "Bitmap Index Scan",
                                "Parent Relationship": "Outer",
                                "Parallel Aware": false,
                                "Index Name": "person_id_cast_info",
                                "Startup Cost": 0.0,
                                "Total Cost": 142437.71,
                                "Plan Rows": 6522819,
                                "Plan Width": 0,
                                "Actual Startup Time": 228.252,
                                "Actual Total Time": 228.252,
                                "Actual Rows": 6349187,
                                "Actual Loops": 1,
                                "Index Cond": "(person_id > 3018598)"
                              }
                            ]
                          },
                          {
                            "Node Type": "Hash",
                            "Parent Relationship": "Inner",
                            "Parallel Aware": true,
                            "Startup Cost": 50870.31,
                            "Total Cost": 50870.31,
                            "Plan Rows": 1487231,
                            "Plan Width": 4,
                            "Actual Startup Time": 483.366,
                            "Actual Total Time": 483.367,
                            "Actual Rows": 1264156,
                            "Actual Loops": 2,
                            "Hash Buckets": 4194304,
                            "Original Hash Buckets": 4194304,
                            "Hash Batches": 1,
                            "Original Hash Batches": 1,
                            "Peak Memory Usage": 131712,
                            "Plans": [
                              {
                                "Node Type": "Seq Scan",
                                "Parent Relationship": "Outer",
                                "Parallel Aware": true,
                                "Relation Name": "title",
                                "Alias": "t",
                                "Startup Cost": 0.0,
                                "Total Cost": 50870.31,
                                "Plan Rows": 1487231,
                                "Plan Width": 4,
                                "Actual Startup Time": 0.029,
                                "Actual Total Time": 148.575,
                                "Actual Rows": 1264156,
                                "Actual Loops": 2
                              }
                            ]
                          }
                        ]
                      }
                    ]
                  }
                ]
              }
            ]
          }
        ]
      }
    ]
  },
  "Planning Time": 1.083,
  "Triggers": [],
  "Execution Time": 6665.833
}