{
  "Plan": {
    "Node Type": "Aggregate",
    "Strategy": "Plain",
    "Partial Mode": "Finalize",
    "Parallel Aware": false,
    "Startup Cost": 710582.92,
    "Total Cost": 710582.93,
    "Plan Rows": 1,
    "Plan Width": 8,
    "Actual Startup Time": 7441.761,
    "Actual Total Time": 7495.404,
    "Actual Rows": 1,
    "Actual Loops": 1,
    "Plans": [
      {
        "Node Type": "Gather",
        "Parent Relationship": "Outer",
        "Parallel Aware": false,
        "Startup Cost": 710582.81,
        "Total Cost": 710582.92,
        "Plan Rows": 1,
        "Plan Width": 8,
        "Actual Startup Time": 7436.66,
        "Actual Total Time": 7495.395,
        "Actual Rows": 2,
        "Actual Loops": 1,
        "Workers Planned": 1,
        "Workers Launched": 1,
        "Single Copy": false,
        "Plans": [
          {
            "Node Type": "Aggregate",
            "Strategy": "Plain",
            "Partial Mode": "Partial",
            "Parent Relationship": "Outer",
            "Parallel Aware": false,
            "Startup Cost": 709582.81,
            "Total Cost": 709582.82,
            "Plan Rows": 1,
            "Plan Width": 8,
            "Actual Startup Time": 7429.541,
            "Actual Total Time": 7429.543,
            "Actual Rows": 1,
            "Actual Loops": 2,
            "Plans": [
              {
                "Node Type": "Hash Join",
                "Parent Relationship": "Outer",
                "Parallel Aware": true,
                "Join Type": "Inner",
                "Startup Cost": 69460.7,
                "Total Cost": 676521.28,
                "Plan Rows": 13224609,
                "Plan Width": 0,
                "Actual Startup Time": 1020.032,
                "Actual Total Time": 6961.85,
                "Actual Rows": 11508116,
                "Actual Loops": 2,
                "Inner Unique": true,
                "Hash Cond": "(ci.movie_id = t.id)",
                "Plans": [
                  {
                    "Node Type": "Seq Scan",
                    "Parent Relationship": "Outer",
                    "Parallel Aware": true,
                    "Relation Name": "cast_info",
                    "Alias": "ci",
                    "Startup Cost": 0.0,
                    "Total Cost": 572345.93,
                    "Plan Rows": 13224609,
                    "Plan Width": 4,
                    "Actual Startup Time": 511.081,
                    "Actual Total Time": 1837.933,
                    "Actual Rows": 11508116,
                    "Actual Loops": 2,
                    "Filter": "((person_id > 191926) AND (role_id > 1))",
                    "Rows Removed by Filter": 6614056
                  },
                  {
                    "Node Type": "Hash",
                    "Parent Relationship": "Inner",
                    "Parallel Aware": true,
                    "Startup Cost": 50870.31,
                    "Total Cost": 50870.31,
                    "Plan Rows": 1487231,
                    "Plan Width": 4,
                    "Actual Startup Time": 493.572,
                    "Actual Total Time": 493.572,
                    "Actual Rows": 1264156,
                    "Actual Loops": 2,
                    "Hash Buckets": 4194304,
                    "Original Hash Buckets": 4194304,
                    "Hash Batches": 1,
                    "Original Hash Batches": 1,
                    "Peak Memory Usage": 131712,
                    "Plans": [
                      {
                        "Node Type": "Seq Scan",
                        "Parent Relationship": "Outer",
                        "Parallel Aware": true,
                        "Relation Name": "title",
                        "Alias": "t",
                        "Startup Cost": 0.0,
                        "Total Cost": 50870.31,
                        "Plan Rows": 1487231,
                        "Plan Width": 4,
                        "Actual Startup Time": 0.02,
                        "Actual Total Time": 149.232,
                        "Actual Rows": 1264156,
                        "Actual Loops": 2
                      }
                    ]
                  }
                ]
              }
            ]
          }
        ]
      }
    ]
  },
  "Planning Time": 0.281,
  "Triggers": [],
  "Execution Time": 7495.446
}