{
  "Plan": {
    "Node Type": "Aggregate",
    "Strategy": "Plain",
    "Partial Mode": "Finalize",
    "Parallel Aware": false,
    "Startup Cost": 438593.26,
    "Total Cost": 438593.27,
    "Plan Rows": 1,
    "Plan Width": 8,
    "Actual Startup Time": 2589.265,
    "Actual Total Time": 2643.897,
    "Actual Rows": 1,
    "Actual Loops": 1,
    "Plans": [
      {
        "Node Type": "Gather",
        "Parent Relationship": "Outer",
        "Parallel Aware": false,
        "Startup Cost": 438593.14,
        "Total Cost": 438593.25,
        "Plan Rows": 1,
        "Plan Width": 8,
        "Actual Startup Time": 2584.694,
        "Actual Total Time": 2643.89,
        "Actual Rows": 2,
        "Actual Loops": 1,
        "Workers Planned": 1,
        "Workers Launched": 1,
        "Single Copy": false,
        "Plans": [
          {
            "Node Type": "Aggregate",
            "Strategy": "Plain",
            "Partial Mode": "Partial",
            "Parent Relationship": "Outer",
            "Parallel Aware": false,
            "Startup Cost": 437593.14,
            "Total Cost": 437593.15,
            "Plan Rows": 1,
            "Plan Width": 8,
            "Actual Startup Time": 2578.541,
            "Actual Total Time": 2578.547,
            "Actual Rows": 1,
            "Actual Loops": 2,
            "Plans": [
              {
                "Node Type": "Hash Join",
                "Parent Relationship": "Outer",
                "Parallel Aware": true,
                "Join Type": "Inner",
                "Startup Cost": 134122.53,
                "Total Cost": 431060.41,
                "Plan Rows": 2613092,
                "Plan Width": 0,
                "Actual Startup Time": 694.925,
                "Actual Total Time": 2442.867,
                "Actual Rows": 3380972,
                "Actual Loops": 2,
                "Inner Unique": false,
                "Hash Cond": "(mi.movie_id = t.id)",
                "Plans": [
                  {
                    "Node Type": "Seq Scan",
                    "Parent Relationship": "Outer",
                    "Parallel Aware": true,
                    "Relation Name": "movie_info",
                    "Alias": "mi",
                    "Startup Cost": 0.0,
                    "Total Cost": 248955.74,
                    "Plan Rows": 8696274,
                    "Plan Width": 4,
                    "Actual Startup Time": 0.021,
                    "Actual Total Time": 648.621,
                    "Actual Rows": 7417860,
                    "Actual Loops": 2
                  },
                  {
                    "Node Type": "Hash",
                    "Parent Relationship": "Inner",
                    "Parallel Aware": true,
                    "Startup Cost": 128536.42,
                    "Total Cost": 128536.42,
                    "Plan Rows": 446889,
                    "Plan Width": 8,
                    "Actual Startup Time": 685.041,
                    "Actual Total Time": 685.045,
                    "Actual Rows": 223980,
                    "Actual Loops": 2,
                    "Hash Buckets": 1048576,
                    "Original Hash Buckets": 1048576,
                    "Hash Batches": 1,
                    "Original Hash Batches": 1,
                    "Peak Memory Usage": 25760,
                    "Plans": [
                      {
                        "Node Type": "Hash Join",
                        "Parent Relationship": "Outer",
                        "Parallel Aware": true,
                        "Join Type": "Inner",
                        "Startup Cost": 68725.03,
                        "Total Cost": 128536.42,
                        "Plan Rows": 446889,
                        "Plan Width": 8,
                        "Actual Startup Time": 359.209,
                        "Actual Total Time": 634.636,
                        "Actual Rows": 223980,
                        "Actual Loops": 2,
                        "Inner Unique": true,
                        "Hash Cond": "(mk.movie_id = t.id)",
                        "Plans": [
                          {
                            "Node Type": "Seq Scan",
                            "Parent Relationship": "Outer",
                            "Parallel Aware": true,
                            "Relation Name": "movie_keyword",
                            "Alias": "mk",
                            "Startup Cost": 0.0,
                            "Total Cost": 57718.19,
                            "Plan Rows": 797408,
                            "Plan Width": 4,
                            "Actual Startup Time": 0.017,
                            "Actual Total Time": 164.534,
                            "Actual Rows": 684730,
                            "Actual Loops": 2,
                            "Filter": "(keyword_id < 1806)",
                            "Rows Removed by Filter": 1577235
                          },
                          {
                            "Node Type": "Hash",
                            "Parent Relationship": "Inner",
                            "Parallel Aware": true,
                            "Startup Cost": 58306.47,
                            "Total Cost": 58306.47,
                            "Plan Rows": 833485,
                            "Plan Width": 4,
                            "Actual Startup Time": 349.488,
                            "Actual Total Time": 349.489,
                            "Actual Rows": 699360,
                            "Actual Loops": 2,
                            "Hash Buckets": 2097152,
                            "Original Hash Buckets": 2097152,
                            "Hash Batches": 1,
                            "Original Hash Batches": 1,
                            "Peak Memory Usage": 71136,
                            "Plans": [
                              {
                                "Node Type": "Seq Scan",
                                "Parent Relationship": "Outer",
                                "Parallel Aware": true,
                                "Relation Name": "title",
                                "Alias": "t",
                                "Startup Cost": 0.0,
                                "Total Cost": 58306.47,
                                "Plan Rows": 833485,
                                "Plan Width": 4,
                                "Actual Startup Time": 0.035,
                                "Actual Total Time": 166.998,
                                "Actual Rows": 699360,
                                "Actual Loops": 2,
                                "Filter": "((kind_id > 1) AND (production_year < 2010))",
                                "Rows Removed by Filter": 564796
                              }
                            ]
                          }
                        ]
                      }
                    ]
                  }
                ]
              }
            ]
          }
        ]
      }
    ]
  },
  "Planning Time": 0.941,
  "Triggers": [],
  "Execution Time": 2643.987
}