[
  {
    "Plan": {
      "Node Type": "Aggregate",
      "Strategy": "Plain",
      "Partial Mode": "Simple",
      "Parallel Aware": false,
      "Startup Cost": 3013.14,
      "Total Cost": 3013.15,
      "Plan Rows": 1,
      "Plan Width": 8,
      "Actual Startup Time": 0.128,
      "Actual Total Time": 0.13,
      "Actual Rows": 1,
      "Actual Loops": 1,
      "Plans": [
        {
          "Node Type": "Nested Loop",
          "Parent Relationship": "Outer",
          "Parallel Aware": false,
          "Join Type": "Inner",
          "Startup Cost": 1.42,
          "Total Cost": 3012.91,
          "Plan Rows": 91,
          "Plan Width": 0,
          "Actual Startup Time": 0.111,
          "Actual Total Time": 0.122,
          "Actual Rows": 2,
          "Actual Loops": 1,
          "Inner Unique": false,
          "Plans": [
            {
              "Node Type": "Nested Loop",
              "Parent Relationship": "Outer",
              "Parallel Aware": false,
              "Join Type": "Inner",
              "Startup Cost": 0.99,
              "Total Cost": 2952.92,
              "Plan Rows": 88,
              "Plan Width": 8,
              "Actual Startup Time": 0.088,
              "Actual Total Time": 0.091,
              "Actual Rows": 1,
              "Actual Loops": 1,
              "Inner Unique": true,
              "Plans": [
                {
                  "Node Type": "Index Scan",
                  "Parent Relationship": "Outer",
                  "Parallel Aware": false,
                  "Scan Direction": "Forward",
                  "Index Name": "person_id_cast_info",
                  "Relation Name": "cast_info",
                  "Alias": "ci",
                  "Startup Cost": 0.56,
                  "Total Cost": 1059.67,
                  "Plan Rows": 225,
                  "Plan Width": 4,
                  "Actual Startup Time": 0.063,
                  "Actual Total Time": 0.065,
                  "Actual Rows": 1,
                  "Actual Loops": 1,
                  "Index Cond": "(person_id = 4059993)",
                  "Rows Removed by Index Recheck": 0,
                  "Filter": "(role_id > 2)",
                  "Rows Removed by Filter": 0
                },
                {
                  "Node Type": "Index Scan",
                  "Parent Relationship": "Inner",
                  "Parallel Aware": false,
                  "Scan Direction": "Forward",
                  "Index Name": "title_pkey",
                  "Relation Name": "title",
                  "Alias": "t",
                  "Startup Cost": 0.43,
                  "Total Cost": 8.41,
                  "Plan Rows": 1,
                  "Plan Width": 4,
                  "Actual Startup Time": 0.02,
                  "Actual Total Time": 0.02,
                  "Actual Rows": 1,
                  "Actual Loops": 1,
                  "Index Cond": "(id = ci.movie_id)",
                  "Rows Removed by Index Recheck": 0,
                  "Filter": "(kind_id < 7)",
                  "Rows Removed by Filter": 0
                }
              ]
            },
            {
              "Node Type": "Index Only Scan",
              "Parent Relationship": "Inner",
              "Parallel Aware": false,
              "Scan Direction": "Forward",
              "Index Name": "movie_id_movie_companies",
              "Relation Name": "movie_companies",
              "Alias": "mc",
              "Startup Cost": 0.43,
              "Total Cost": 0.63,
              "Plan Rows": 5,
              "Plan Width": 4,
              "Actual Startup Time": 0.021,
              "Actual Total Time": 0.027,
              "Actual Rows": 2,
              "Actual Loops": 1,
              "Index Cond": "(movie_id = t.id)",
              "Rows Removed by Index Recheck": 0,
              "Heap Fetches": 2
            }
          ]
        }
      ]
    },
    "Planning Time": 1.492,
    "Triggers": [],
    "Execution Time": 0.202
  }
]