[
  {
    "Plan": {
      "Node Type": "Aggregate",
      "Strategy": "Plain",
      "Partial Mode": "Finalize",
      "Parallel Aware": false,
      "Startup Cost": 81869.65,
      "Total Cost": 81869.66,
      "Plan Rows": 1,
      "Plan Width": 8,
      "Actual Startup Time": 292.652,
      "Actual Total Time": 308.037,
      "Actual Rows": 1,
      "Actual Loops": 1,
      "Plans": [
        {
          "Node Type": "Gather",
          "Parent Relationship": "Outer",
          "Parallel Aware": false,
          "Startup Cost": 81869.23,
          "Total Cost": 81869.64,
          "Plan Rows": 4,
          "Plan Width": 8,
          "Actual Startup Time": 287.869,
          "Actual Total Time": 308.026,
          "Actual Rows": 5,
          "Actual Loops": 1,
          "Workers Planned": 4,
          "Workers Launched": 4,
          "Single Copy": false,
          "Plans": [
            {
              "Node Type": "Aggregate",
              "Strategy": "Plain",
              "Partial Mode": "Partial",
              "Parent Relationship": "Outer",
              "Parallel Aware": false,
              "Startup Cost": 80869.23,
              "Total Cost": 80869.24,
              "Plan Rows": 1,
              "Plan Width": 8,
              "Actual Startup Time": 278.405,
              "Actual Total Time": 278.408,
              "Actual Rows": 1,
              "Actual Loops": 5,
              "Plans": [
                {
                  "Node Type": "Hash Join",
                  "Parent Relationship": "Outer",
                  "Parallel Aware": true,
                  "Join Type": "Inner",
                  "Startup Cost": 34348.63,
                  "Total Cost": 80414.49,
                  "Plan Rows": 181896,
                  "Plan Width": 0,
                  "Actual Startup Time": 131.2,
                  "Actual Total Time": 274.149,
                  "Actual Rows": 102078,
                  "Actual Loops": 5,
                  "Inner Unique": false,
                  "Hash Cond": "(t.id = mc.movie_id)",
                  "Plans": [
                    {
                      "Node Type": "Seq Scan",
                      "Parent Relationship": "Outer",
                      "Parallel Aware": true,
                      "Relation Name": "title",
                      "Alias": "t",
                      "Startup Cost": 0.0,
                      "Total Cost": 42318.73,
                      "Plan Rows": 632073,
                      "Plan Width": 4,
                      "Actual Startup Time": 0.012,
                      "Actual Total Time": 61.412,
                      "Actual Rows": 505662,
                      "Actual Loops": 5
                    },
                    {
                      "Node Type": "Hash",
                      "Parent Relationship": "Inner",
                      "Parallel Aware": true,
                      "Startup Cost": 31414.82,
                      "Total Cost": 31414.82,
                      "Plan Rows": 234705,
                      "Plan Width": 4,
                      "Actual Startup Time": 106.83,
                      "Actual Total Time": 106.831,
                      "Actual Rows": 102078,
                      "Actual Loops": 5,
                      "Hash Buckets": 1048576,
                      "Original Hash Buckets": 1048576,
                      "Hash Batches": 1,
                      "Original Hash Batches": 1,
                      "Peak Memory Usage": 28256,
                      "Plans": [
                        {
                          "Node Type": "Seq Scan",
                          "Parent Relationship": "Outer",
                          "Parallel Aware": true,
                          "Relation Name": "movie_companies",
                          "Alias": "mc",
                          "Startup Cost": 0.0,
                          "Total Cost": 31414.82,
                          "Plan Rows": 234705,
                          "Plan Width": 4,
                          "Actual Startup Time": 12.912,
                          "Actual Total Time": 69.766,
                          "Actual Rows": 102078,
                          "Actual Loops": 5,
                          "Filter": "((company_id > 8191) AND (company_type_id = 1))",
                          "Rows Removed by Filter": 419748
                        }
                      ]
                    }
                  ]
                }
              ]
            }
          ]
        }
      ]
    },
    "Planning Time": 0.64,
    "Triggers": [],
    "Execution Time": 308.106
  }
]