[
  {
    "Plan": {
      "Node Type": "Aggregate",
      "Strategy": "Plain",
      "Partial Mode": "Finalize",
      "Parallel Aware": false,
      "Startup Cost": 79213.17,
      "Total Cost": 79213.18,
      "Plan Rows": 1,
      "Plan Width": 8,
      "Actual Startup Time": 236.17,
      "Actual Total Time": 252.496,
      "Actual Rows": 1,
      "Actual Loops": 1,
      "Plans": [
        {
          "Node Type": "Gather",
          "Parent Relationship": "Outer",
          "Parallel Aware": false,
          "Startup Cost": 79212.85,
          "Total Cost": 79213.16,
          "Plan Rows": 3,
          "Plan Width": 8,
          "Actual Startup Time": 234.9,
          "Actual Total Time": 252.486,
          "Actual Rows": 4,
          "Actual Loops": 1,
          "Workers Planned": 3,
          "Workers Launched": 3,
          "Single Copy": false,
          "Plans": [
            {
              "Node Type": "Aggregate",
              "Strategy": "Plain",
              "Partial Mode": "Partial",
              "Parent Relationship": "Outer",
              "Parallel Aware": false,
              "Startup Cost": 78212.85,
              "Total Cost": 78212.86,
              "Plan Rows": 1,
              "Plan Width": 8,
              "Actual Startup Time": 225.867,
              "Actual Total Time": 225.871,
              "Actual Rows": 1,
              "Actual Loops": 4,
              "Plans": [
                {
                  "Node Type": "Hash Join",
                  "Parent Relationship": "Outer",
                  "Parallel Aware": true,
                  "Join Type": "Inner",
                  "Startup Cost": 46455.29,
                  "Total Cost": 78176.79,
                  "Plan Rows": 14427,
                  "Plan Width": 0,
                  "Actual Startup Time": 165.273,
                  "Actual Total Time": 225.517,
                  "Actual Rows": 5822,
                  "Actual Loops": 4,
                  "Inner Unique": true,
                  "Hash Cond": "(mc.movie_id = t.id)",
                  "Plans": [
                    {
                      "Node Type": "Seq Scan",
                      "Parent Relationship": "Outer",
                      "Parallel Aware": true,
                      "Relation Name": "movie_companies",
                      "Alias": "mc",
                      "Startup Cost": 0.0,
                      "Total Cost": 31414.82,
                      "Plan Rows": 116831,
                      "Plan Width": 4,
                      "Actual Startup Time": 0.01,
                      "Actual Total Time": 66.774,
                      "Actual Rows": 130016,
                      "Actual Loops": 4,
                      "Filter": "((company_id < 1451) AND (company_type_id < 2))",
                      "Rows Removed by Filter": 522266
                    },
                    {
                      "Node Type": "Hash",
                      "Parent Relationship": "Inner",
                      "Parallel Aware": true,
                      "Startup Cost": 45479.59,
                      "Total Cost": 45479.59,
                      "Plan Rows": 78056,
                      "Plan Width": 4,
                      "Actual Startup Time": 132.62,
                      "Actual Total Time": 132.621,
                      "Actual Rows": 61197,
                      "Actual Loops": 4,
                      "Hash Buckets": 524288,
                      "Original Hash Buckets": 524288,
                      "Hash Batches": 1,
                      "Original Hash Batches": 1,
                      "Peak Memory Usage": 13760,
                      "Plans": [
                        {
                          "Node Type": "Seq Scan",
                          "Parent Relationship": "Outer",
                          "Parallel Aware": true,
                          "Relation Name": "title",
                          "Alias": "t",
                          "Startup Cost": 0.0,
                          "Total Cost": 45479.59,
                          "Plan Rows": 78056,
                          "Plan Width": 4,
                          "Actual Startup Time": 52.353,
                          "Actual Total Time": 109.727,
                          "Actual Rows": 61197,
                          "Actual Loops": 4,
                          "Filter": "((production_year > 2003) AND (kind_id = 1))",
                          "Rows Removed by Filter": 570881
                        }
                      ]
                    }
                  ]
                }
              ]
            }
          ]
        }
      ]
    },
    "Planning Time": 0.675,
    "Triggers": [],
    "Execution Time": 252.565
  }
]