[
  {
    "Plan": {
      "Node Type": "Aggregate",
      "Strategy": "Plain",
      "Partial Mode": "Finalize",
      "Parallel Aware": false,
      "Startup Cost": 190092.96,
      "Total Cost": 190092.97,
      "Plan Rows": 1,
      "Plan Width": 8,
      "Actual Startup Time": 1564.088,
      "Actual Total Time": 1624.459,
      "Actual Rows": 1,
      "Actual Loops": 1,
      "Plans": [
        {
          "Node Type": "Gather",
          "Parent Relationship": "Outer",
          "Parallel Aware": false,
          "Startup Cost": 190092.54,
          "Total Cost": 190092.95,
          "Plan Rows": 4,
          "Plan Width": 8,
          "Actual Startup Time": 1562.884,
          "Actual Total Time": 1624.449,
          "Actual Rows": 5,
          "Actual Loops": 1,
          "Workers Planned": 4,
          "Workers Launched": 4,
          "Single Copy": false,
          "Plans": [
            {
              "Node Type": "Aggregate",
              "Strategy": "Plain",
              "Partial Mode": "Partial",
              "Parent Relationship": "Outer",
              "Parallel Aware": false,
              "Startup Cost": 189092.54,
              "Total Cost": 189092.55,
              "Plan Rows": 1,
              "Plan Width": 8,
              "Actual Startup Time": 1552.004,
              "Actual Total Time": 1552.008,
              "Actual Rows": 1,
              "Actual Loops": 5,
              "Plans": [
                {
                  "Node Type": "Nested Loop",
                  "Parent Relationship": "Outer",
                  "Parallel Aware": false,
                  "Join Type": "Inner",
                  "Startup Cost": 31651.95,
                  "Total Cost": 188253.17,
                  "Plan Rows": 335748,
                  "Plan Width": 0,
                  "Actual Startup Time": 131.836,
                  "Actual Total Time": 1479.666,
                  "Actual Rows": 1505217,
                  "Actual Loops": 5,
                  "Inner Unique": false,
                  "Plans": [
                    {
                      "Node Type": "Hash Join",
                      "Parent Relationship": "Outer",
                      "Parallel Aware": true,
                      "Join Type": "Inner",
                      "Startup Cost": 31651.51,
                      "Total Cost": 77315.83,
                      "Plan Rows": 57420,
                      "Plan Width": 8,
                      "Actual Startup Time": 131.755,
                      "Actual Total Time": 353.402,
                      "Actual Rows": 91927,
                      "Actual Loops": 5,
                      "Inner Unique": false,
                      "Hash Cond": "(t.id = mc.movie_id)",
                      "Plans": [
                        {
                          "Node Type": "Seq Scan",
                          "Parent Relationship": "Outer",
                          "Parallel Aware": true,
                          "Relation Name": "title",
                          "Alias": "t",
                          "Startup Cost": 0.0,
                          "Total Cost": 42318.73,
                          "Plan Rows": 632073,
                          "Plan Width": 4,
                          "Actual Startup Time": 0.01,
                          "Actual Total Time": 66.579,
                          "Actual Rows": 505662,
                          "Actual Loops": 5
                        },
                        {
                          "Node Type": "Hash",
                          "Parent Relationship": "Inner",
                          "Parallel Aware": true,
                          "Startup Cost": 30725.39,
                          "Total Cost": 30725.39,
                          "Plan Rows": 74090,
                          "Plan Width": 4,
                          "Actual Startup Time": 118.997,
                          "Actual Total Time": 118.998,
                          "Actual Rows": 91927,
                          "Actual Loops": 5,
                          "Hash Buckets": 524288,
                          "Original Hash Buckets": 262144,
                          "Hash Batches": 1,
                          "Original Hash Batches": 1,
                          "Peak Memory Usage": 24224,
                          "Plans": [
                            {
                              "Node Type": "Bitmap Heap Scan",
                              "Parent Relationship": "Outer",
                              "Parallel Aware": true,
                              "Relation Name": "movie_companies",
                              "Alias": "mc",
                              "Startup Cost": 9746.55,
                              "Total Cost": 30725.39,
                              "Plan Rows": 74090,
                              "Plan Width": 4,
                              "Actual Startup Time": 41.982,
                              "Actual Total Time": 79.479,
                              "Actual Rows": 91927,
                              "Actual Loops": 5,
                              "Recheck Cond": "(company_id > 76631)",
                              "Rows Removed by Index Recheck": 0,
                              "Filter": "(company_type_id > 1)",
                              "Rows Removed by Filter": 0,
                              "Exact Heap Blocks": 1984,
                              "Lossy Heap Blocks": 0,
                              "Plans": [
                                {
                                  "Node Type": "Bitmap Index Scan",
                                  "Parent Relationship": "Outer",
                                  "Parallel Aware": false,
                                  "Index Name": "company_id_movie_companies",
                                  "Startup Cost": 0.0,
                                  "Total Cost": 9689.13,
                                  "Plan Rows": 452360,
                                  "Plan Width": 0,
                                  "Actual Startup Time": 43.497,
                                  "Actual Total Time": 43.497,
                                  "Actual Rows": 459635,
                                  "Actual Loops": 1,
                                  "Index Cond": "(company_id > 76631)"
                                }
                              ]
                            }
                          ]
                        }
                      ]
                    },
                    {
                      "Node Type": "Index Only Scan",
                      "Parent Relationship": "Inner",
                      "Parallel Aware": false,
                      "Scan Direction": "Forward",
                      "Index Name": "movie_id_movie_info",
                      "Relation Name": "movie_info",
                      "Alias": "mi",
                      "Startup Cost": 0.43,
                      "Total Cost": 1.51,
                      "Plan Rows": 42,
                      "Plan Width": 4,
                      "Actual Startup Time": 0.004,
                      "Actual Total Time": 0.011,
                      "Actual Rows": 16,
                      "Actual Loops": 459635,
                      "Index Cond": "(movie_id = t.id)",
                      "Rows Removed by Index Recheck": 0,
                      "Heap Fetches": 7526086
                    }
                  ]
                }
              ]
            }
          ]
        }
      ]
    },
    "Planning Time": 1.481,
    "Triggers": [],
    "Execution Time": 1624.587
  }
]