[
  {
    "Plan": {
      "Node Type": "Aggregate",
      "Strategy": "Plain",
      "Partial Mode": "Finalize",
      "Parallel Aware": false,
      "Startup Cost": 46017.53,
      "Total Cost": 46017.54,
      "Plan Rows": 1,
      "Plan Width": 8,
      "Actual Startup Time": 164.969,
      "Actual Total Time": 174.25,
      "Actual Rows": 1,
      "Actual Loops": 1,
      "Plans": [
        {
          "Node Type": "Gather",
          "Parent Relationship": "Outer",
          "Parallel Aware": false,
          "Startup Cost": 46017.21,
          "Total Cost": 46017.52,
          "Plan Rows": 3,
          "Plan Width": 8,
          "Actual Startup Time": 164.736,
          "Actual Total Time": 174.238,
          "Actual Rows": 4,
          "Actual Loops": 1,
          "Workers Planned": 3,
          "Workers Launched": 3,
          "Single Copy": false,
          "Plans": [
            {
              "Node Type": "Aggregate",
              "Strategy": "Plain",
              "Partial Mode": "Partial",
              "Parent Relationship": "Outer",
              "Parallel Aware": false,
              "Startup Cost": 45017.21,
              "Total Cost": 45017.22,
              "Plan Rows": 1,
              "Plan Width": 8,
              "Actual Startup Time": 158.877,
              "Actual Total Time": 158.878,
              "Actual Rows": 1,
              "Actual Loops": 4,
              "Plans": [
                {
                  "Node Type": "Seq Scan",
                  "Parent Relationship": "Outer",
                  "Parallel Aware": true,
                  "Relation Name": "movie_keyword",
                  "Alias": "mk",
                  "Startup Cost": 0.0,
                  "Total Cost": 42695.65,
                  "Plan Rows": 928623,
                  "Plan Width": 0,
                  "Actual Startup Time": 0.044,
                  "Actual Total Time": 123.966,
                  "Actual Rows": 723230,
                  "Actual Loops": 4,
                  "Filter": "(keyword_id < 9119)",
                  "Rows Removed by Filter": 407752
                }
              ]
            }
          ]
        }
      ]
    },
    "Planning Time": 0.182,
    "Triggers": [],
    "Execution Time": 174.302
  }
]