[
  {
    "Plan": {
      "Node Type": "Aggregate",
      "Strategy": "Plain",
      "Partial Mode": "Finalize",
      "Parallel Aware": false,
      "Startup Cost": 46032.76,
      "Total Cost": 46032.77,
      "Plan Rows": 1,
      "Plan Width": 8,
      "Actual Startup Time": 156.02,
      "Actual Total Time": 166.134,
      "Actual Rows": 1,
      "Actual Loops": 1,
      "Plans": [
        {
          "Node Type": "Gather",
          "Parent Relationship": "Outer",
          "Parallel Aware": false,
          "Startup Cost": 46032.44,
          "Total Cost": 46032.75,
          "Plan Rows": 3,
          "Plan Width": 8,
          "Actual Startup Time": 155.87,
          "Actual Total Time": 166.125,
          "Actual Rows": 4,
          "Actual Loops": 1,
          "Workers Planned": 3,
          "Workers Launched": 3,
          "Single Copy": false,
          "Plans": [
            {
              "Node Type": "Aggregate",
              "Strategy": "Plain",
              "Partial Mode": "Partial",
              "Parent Relationship": "Outer",
              "Parallel Aware": false,
              "Startup Cost": 45032.44,
              "Total Cost": 45032.45,
              "Plan Rows": 1,
              "Plan Width": 8,
              "Actual Startup Time": 149.989,
              "Actual Total Time": 149.99,
              "Actual Rows": 1,
              "Actual Loops": 4,
              "Plans": [
                {
                  "Node Type": "Seq Scan",
                  "Parent Relationship": "Outer",
                  "Parallel Aware": true,
                  "Relation Name": "movie_keyword",
                  "Alias": "mk",
                  "Startup Cost": 0.0,
                  "Total Cost": 42695.65,
                  "Plan Rows": 934714,
                  "Plan Width": 0,
                  "Actual Startup Time": 0.044,
                  "Actual Total Time": 117.877,
                  "Actual Rows": 723230,
                  "Actual Loops": 4,
                  "Filter": "(keyword_id < 9119)",
                  "Rows Removed by Filter": 407752
                }
              ]
            }
          ]
        }
      ]
    },
    "Planning Time": 0.183,
    "Triggers": [],
    "Execution Time": 166.184
  }
]