[
  {
    "Plan": {
      "Node Type": "Aggregate",
      "Strategy": "Plain",
      "Partial Mode": "Finalize",
      "Parallel Aware": false,
      "Startup Cost": 252670.67,
      "Total Cost": 252670.68,
      "Plan Rows": 1,
      "Plan Width": 8,
      "Actual Startup Time": 967.661,
      "Actual Total Time": 1028.283,
      "Actual Rows": 1,
      "Actual Loops": 1,
      "Plans": [
        {
          "Node Type": "Gather",
          "Parent Relationship": "Outer",
          "Parallel Aware": false,
          "Startup Cost": 252670.15,
          "Total Cost": 252670.66,
          "Plan Rows": 5,
          "Plan Width": 8,
          "Actual Startup Time": 963.567,
          "Actual Total Time": 1028.267,
          "Actual Rows": 6,
          "Actual Loops": 1,
          "Workers Planned": 5,
          "Workers Launched": 5,
          "Single Copy": false,
          "Plans": [
            {
              "Node Type": "Aggregate",
              "Strategy": "Plain",
              "Partial Mode": "Partial",
              "Parent Relationship": "Outer",
              "Parallel Aware": false,
              "Startup Cost": 251670.15,
              "Total Cost": 251670.16,
              "Plan Rows": 1,
              "Plan Width": 8,
              "Actual Startup Time": 952.725,
              "Actual Total Time": 952.73,
              "Actual Rows": 1,
              "Actual Loops": 6,
              "Plans": [
                {
                  "Node Type": "Hash Join",
                  "Parent Relationship": "Outer",
                  "Parallel Aware": true,
                  "Join Type": "Inner",
                  "Startup Cost": 47043.79,
                  "Total Cost": 250794.81,
                  "Plan Rows": 350137,
                  "Plan Width": 0,
                  "Actual Startup Time": 152.982,
                  "Actual Total Time": 924.156,
                  "Actual Rows": 468106,
                  "Actual Loops": 6,
                  "Inner Unique": true,
                  "Hash Cond": "(mi.movie_id = t.id)",
                  "Plans": [
                    {
                      "Node Type": "Seq Scan",
                      "Parent Relationship": "Outer",
                      "Parallel Aware": true,
                      "Relation Name": "movie_info",
                      "Alias": "mi",
                      "Startup Cost": 0.0,
                      "Total Cost": 199108.24,
                      "Plan Rows": 1768673,
                      "Plan Width": 4,
                      "Actual Startup Time": 0.031,
                      "Actual Total Time": 446.227,
                      "Actual Rows": 1461749,
                      "Actual Loops": 6,
                      "Filter": "(info_type_id < 12)",
                      "Rows Removed by Filter": 1010871
                    },
                    {
                      "Node Type": "Hash",
                      "Parent Relationship": "Inner",
                      "Parallel Aware": true,
                      "Startup Cost": 45479.59,
                      "Total Cost": 45479.59,
                      "Plan Rows": 125136,
                      "Plan Width": 4,
                      "Actual Startup Time": 133.406,
                      "Actual Total Time": 133.408,
                      "Actual Rows": 62272,
                      "Actual Loops": 6,
                      "Hash Buckets": 524288,
                      "Original Hash Buckets": 524288,
                      "Hash Batches": 1,
                      "Original Hash Batches": 1,
                      "Peak Memory Usage": 18816,
                      "Plans": [
                        {
                          "Node Type": "Seq Scan",
                          "Parent Relationship": "Outer",
                          "Parallel Aware": true,
                          "Relation Name": "title",
                          "Alias": "t",
                          "Startup Cost": 0.0,
                          "Total Cost": 45479.59,
                          "Plan Rows": 125136,
                          "Plan Width": 4,
                          "Actual Startup Time": 51.403,
                          "Actual Total Time": 102.659,
                          "Actual Rows": 62272,
                          "Actual Loops": 6,
                          "Filter": "((production_year > 1982) AND (kind_id = 1))",
                          "Rows Removed by Filter": 359113
                        }
                      ]
                    }
                  ]
                }
              ]
            }
          ]
        }
      ]
    },
    "Planning Time": 0.703,
    "Triggers": [],
    "Execution Time": 1028.376
  }
]