{
  "Plan": {
    "Node Type": "Aggregate",
    "Strategy": "Plain",
    "Partial Mode": "Finalize",
    "Parallel Aware": false,
    "Startup Cost": 101104.15,
    "Total Cost": 101104.16,
    "Plan Rows": 1,
    "Plan Width": 8,
    "Actual Startup Time": 630.1,
    "Actual Total Time": 647.347,
    "Actual Rows": 1,
    "Actual Loops": 1,
    "Plans": [
      {
        "Node Type": "Gather",
        "Parent Relationship": "Outer",
        "Parallel Aware": false,
        "Startup Cost": 101104.03,
        "Total Cost": 101104.14,
        "Plan Rows": 1,
        "Plan Width": 8,
        "Actual Startup Time": 624.77,
        "Actual Total Time": 647.34,
        "Actual Rows": 2,
        "Actual Loops": 1,
        "Workers Planned": 1,
        "Workers Launched": 1,
        "Single Copy": false,
        "Plans": [
          {
            "Node Type": "Aggregate",
            "Strategy": "Plain",
            "Partial Mode": "Partial",
            "Parent Relationship": "Outer",
            "Parallel Aware": false,
            "Startup Cost": 100104.03,
            "Total Cost": 100104.04,
            "Plan Rows": 1,
            "Plan Width": 8,
            "Actual Startup Time": 617.368,
            "Actual Total Time": 617.372,
            "Actual Rows": 1,
            "Actual Loops": 2,
            "Plans": [
              {
                "Node Type": "Hash Join",
                "Parent Relationship": "Outer",
                "Parallel Aware": true,
                "Join Type": "Inner",
                "Startup Cost": 73619.21,
                "Total Cost": 99815.97,
                "Plan Rows": 115224,
                "Plan Width": 0,
                "Actual Startup Time": 540.15,
                "Actual Total Time": 612.601,
                "Actual Rows": 97444,
                "Actual Loops": 2,
                "Inner Unique": true,
                "Hash Cond": "(mk.movie_id = t.id)",
                "Plans": [
                  {
                    "Node Type": "Bitmap Heap Scan",
                    "Parent Relationship": "Outer",
                    "Parallel Aware": true,
                    "Relation Name": "movie_keyword",
                    "Alias": "mk",
                    "Startup Cost": 4158.51,
                    "Total Cost": 30052.81,
                    "Plan Rows": 115224,
                    "Plan Width": 4,
                    "Actual Startup Time": 14.318,
                    "Actual Total Time": 54.884,
                    "Actual Rows": 97444,
                    "Actual Loops": 2,
                    "Recheck Cond": "(keyword_id > 69813)",
                    "Rows Removed by Index Recheck": 0,
                    "Exact Heap Blocks": 10299,
                    "Lossy Heap Blocks": 0,
                    "Plans": [
                      {
                        "Node Type": "Bitmap Index Scan",
                        "Parent Relationship": "Outer",
                        "Parallel Aware": false,
                        "Index Name": "keyword_id_movie_keyword",
                        "Startup Cost": 0.0,
                        "Total Cost": 4109.54,
                        "Plan Rows": 195881,
                        "Plan Width": 0,
                        "Actual Startup Time": 11.386,
                        "Actual Total Time": 11.387,
                        "Actual Rows": 194888,
                        "Actual Loops": 1,
                        "Index Cond": "(keyword_id > 69813)"
                      }
                    ]
                  },
                  {
                    "Node Type": "Hash",
                    "Parent Relationship": "Inner",
                    "Parallel Aware": true,
                    "Startup Cost": 50870.31,
                    "Total Cost": 50870.31,
                    "Plan Rows": 1487231,
                    "Plan Width": 4,
                    "Actual Startup Time": 509.891,
                    "Actual Total Time": 509.892,
                    "Actual Rows": 1264156,
                    "Actual Loops": 2,
                    "Hash Buckets": 4194304,
                    "Original Hash Buckets": 4194304,
                    "Hash Batches": 1,
                    "Original Hash Batches": 1,
                    "Peak Memory Usage": 131712,
                    "Plans": [
                      {
                        "Node Type": "Seq Scan",
                        "Parent Relationship": "Outer",
                        "Parallel Aware": true,
                        "Relation Name": "title",
                        "Alias": "t",
                        "Startup Cost": 0.0,
                        "Total Cost": 50870.31,
                        "Plan Rows": 1487231,
                        "Plan Width": 4,
                        "Actual Startup Time": 0.02,
                        "Actual Total Time": 145.992,
                        "Actual Rows": 1264156,
                        "Actual Loops": 2
                      }
                    ]
                  }
                ]
              }
            ]
          }
        ]
      }
    ]
  },
  "Planning Time": 0.286,
  "Triggers": [],
  "Execution Time": 647.389
}