{
  "Plan": {
    "Node Type": "Aggregate",
    "Strategy": "Plain",
    "Partial Mode": "Finalize",
    "Parallel Aware": false,
    "Startup Cost": 345157.05,
    "Total Cost": 345157.06,
    "Plan Rows": 1,
    "Plan Width": 8,
    "Actual Startup Time": 551.214,
    "Actual Total Time": 580.198,
    "Actual Rows": 1,
    "Actual Loops": 1,
    "Plans": [
      {
        "Node Type": "Gather",
        "Parent Relationship": "Outer",
        "Parallel Aware": false,
        "Startup Cost": 345156.93,
        "Total Cost": 345157.04,
        "Plan Rows": 1,
        "Plan Width": 8,
        "Actual Startup Time": 549.256,
        "Actual Total Time": 580.191,
        "Actual Rows": 2,
        "Actual Loops": 1,
        "Workers Planned": 1,
        "Workers Launched": 1,
        "Single Copy": false,
        "Plans": [
          {
            "Node Type": "Aggregate",
            "Strategy": "Plain",
            "Partial Mode": "Partial",
            "Parent Relationship": "Outer",
            "Parallel Aware": false,
            "Startup Cost": 344156.93,
            "Total Cost": 344156.94,
            "Plan Rows": 1,
            "Plan Width": 8,
            "Actual Startup Time": 542.944,
            "Actual Total Time": 542.949,
            "Actual Rows": 1,
            "Actual Loops": 2,
            "Plans": [
              {
                "Node Type": "Nested Loop",
                "Parent Relationship": "Outer",
                "Parallel Aware": false,
                "Join Type": "Inner",
                "Startup Cost": 74491.31,
                "Total Cost": 342759.92,
                "Plan Rows": 558805,
                "Plan Width": 0,
                "Actual Startup Time": 297.363,
                "Actual Total Time": 535.622,
                "Actual Rows": 162545,
                "Actual Loops": 2,
                "Inner Unique": false,
                "Plans": [
                  {
                    "Node Type": "Hash Join",
                    "Parent Relationship": "Outer",
                    "Parallel Aware": true,
                    "Join Type": "Inner",
                    "Startup Cost": 74490.87,
                    "Total Cost": 102835.21,
                    "Plan Rows": 95566,
                    "Plan Width": 8,
                    "Actual Startup Time": 297.28,
                    "Actual Total Time": 413.718,
                    "Actual Rows": 18352,
                    "Actual Loops": 2,
                    "Inner Unique": true,
                    "Hash Cond": "(mk.movie_id = t.id)",
                    "Plans": [
                      {
                        "Node Type": "Bitmap Heap Scan",
                        "Parent Relationship": "Outer",
                        "Parallel Aware": true,
                        "Relation Name": "movie_keyword",
                        "Alias": "mk",
                        "Startup Cost": 9277.21,
                        "Total Cost": 36946.36,
                        "Plan Rows": 257212,
                        "Plan Width": 4,
                        "Actual Startup Time": 27.745,
                        "Actual Total Time": 88.388,
                        "Actual Rows": 226665,
                        "Actual Loops": 2,
                        "Recheck Cond": "(keyword_id < 348)",
                        "Rows Removed by Index Recheck": 0,
                        "Exact Heap Blocks": 13864,
                        "Lossy Heap Blocks": 0,
                        "Plans": [
                          {
                            "Node Type": "Bitmap Index Scan",
                            "Parent Relationship": "Outer",
                            "Parallel Aware": false,
                            "Index Name": "keyword_id_movie_keyword",
                            "Startup Cost": 0.0,
                            "Total Cost": 9167.89,
                            "Plan Rows": 437261,
                            "Plan Width": 0,
                            "Actual Startup Time": 24.1,
                            "Actual Total Time": 24.1,
                            "Actual Rows": 453330,
                            "Actual Loops": 1,
                            "Index Cond": "(keyword_id < 348)"
                          }
                        ]
                      },
                      {
                        "Node Type": "Hash",
                        "Parent Relationship": "Inner",
                        "Parallel Aware": true,
                        "Startup Cost": 58306.47,
                        "Total Cost": 58306.47,
                        "Plan Rows": 552576,
                        "Plan Width": 4,
                        "Actual Startup Time": 260.076,
                        "Actual Total Time": 260.077,
                        "Actual Rows": 438018,
                        "Actual Loops": 2,
                        "Hash Buckets": 1048576,
                        "Original Hash Buckets": 1048576,
                        "Hash Batches": 1,
                        "Original Hash Batches": 1,
                        "Peak Memory Usage": 42496,
                        "Plans": [
                          {
                            "Node Type": "Seq Scan",
                            "Parent Relationship": "Outer",
                            "Parallel Aware": true,
                            "Relation Name": "title",
                            "Alias": "t",
                            "Startup Cost": 0.0,
                            "Total Cost": 58306.47,
                            "Plan Rows": 552576,
                            "Plan Width": 4,
                            "Actual Startup Time": 0.036,
                            "Actual Total Time": 158.332,
                            "Actual Rows": 438018,
                            "Actual Loops": 2,
                            "Filter": "((production_year < 2007) AND (kind_id = 7))",
                            "Rows Removed by Filter": 826138
                          }
                        ]
                      }
                    ]
                  },
                  {
                    "Node Type": "Index Only Scan",
                    "Parent Relationship": "Inner",
                    "Parallel Aware": false,
                    "Scan Direction": "Forward",
                    "Index Name": "movie_id_movie_info",
                    "Relation Name": "movie_info",
                    "Alias": "mi",
                    "Startup Cost": 0.43,
                    "Total Cost": 2.09,
                    "Plan Rows": 42,
                    "Plan Width": 4,
                    "Actual Startup Time": 0.002,
                    "Actual Total Time": 0.006,
                    "Actual Rows": 9,
                    "Actual Loops": 36703,
                    "Index Cond": "(movie_id = t.id)",
                    "Rows Removed by Index Recheck": 0,
                    "Heap Fetches": 325090
                  }
                ]
              }
            ]
          }
        ]
      }
    ]
  },
  "Planning Time": 0.939,
  "Triggers": [],
  "Execution Time": 580.305
}