{
  "Plan": {
    "Node Type": "Aggregate",
    "Strategy": "Plain",
    "Partial Mode": "Finalize",
    "Parallel Aware": false,
    "Startup Cost": 398860.66,
    "Total Cost": 398860.67,
    "Plan Rows": 1,
    "Plan Width": 8,
    "Actual Startup Time": 3656.149,
    "Actual Total Time": 3741.399,
    "Actual Rows": 1,
    "Actual Loops": 1,
    "Plans": [
      {
        "Node Type": "Gather",
        "Parent Relationship": "Outer",
        "Parallel Aware": false,
        "Startup Cost": 398860.55,
        "Total Cost": 398860.66,
        "Plan Rows": 1,
        "Plan Width": 8,
        "Actual Startup Time": 3654.916,
        "Actual Total Time": 3741.389,
        "Actual Rows": 2,
        "Actual Loops": 1,
        "Workers Planned": 1,
        "Workers Launched": 1,
        "Single Copy": false,
        "Plans": [
          {
            "Node Type": "Aggregate",
            "Strategy": "Plain",
            "Partial Mode": "Partial",
            "Parent Relationship": "Outer",
            "Parallel Aware": false,
            "Startup Cost": 397860.55,
            "Total Cost": 397860.56,
            "Plan Rows": 1,
            "Plan Width": 8,
            "Actual Startup Time": 3648.693,
            "Actual Total Time": 3648.697,
            "Actual Rows": 1,
            "Actual Loops": 2,
            "Plans": [
              {
                "Node Type": "Nested Loop",
                "Parent Relationship": "Outer",
                "Parallel Aware": false,
                "Join Type": "Inner",
                "Startup Cost": 77616.21,
                "Total Cost": 395085.14,
                "Plan Rows": 1110164,
                "Plan Width": 0,
                "Actual Startup Time": 266.605,
                "Actual Total Time": 3424.813,
                "Actual Rows": 4700091,
                "Actual Loops": 2,
                "Inner Unique": false,
                "Join Filter": "(t.id = ci.movie_id)",
                "Rows Removed by Join Filter": 0,
                "Plans": [
                  {
                    "Node Type": "Hash Join",
                    "Parent Relationship": "Outer",
                    "Parallel Aware": true,
                    "Join Type": "Inner",
                    "Startup Cost": 77615.65,
                    "Total Cost": 108813.55,
                    "Plan Rows": 77476,
                    "Plan Width": 8,
                    "Actual Startup Time": 266.48,
                    "Actual Total Time": 444.419,
                    "Actual Rows": 93110,
                    "Actual Loops": 2,
                    "Inner Unique": true,
                    "Hash Cond": "(mk.movie_id = t.id)",
                    "Plans": [
                      {
                        "Node Type": "Bitmap Heap Scan",
                        "Parent Relationship": "Outer",
                        "Parallel Aware": true,
                        "Relation Name": "movie_keyword",
                        "Alias": "mk",
                        "Startup Cost": 16078.88,
                        "Total Cost": 46106.36,
                        "Plan Rows": 445878,
                        "Plan Width": 4,
                        "Actual Startup Time": 43.766,
                        "Actual Total Time": 125.463,
                        "Actual Rows": 382712,
                        "Actual Loops": 2,
                        "Recheck Cond": "(keyword_id < 722)",
                        "Rows Removed by Index Recheck": 0,
                        "Exact Heap Blocks": 14983,
                        "Lossy Heap Blocks": 0,
                        "Plans": [
                          {
                            "Node Type": "Bitmap Index Scan",
                            "Parent Relationship": "Outer",
                            "Parallel Aware": false,
                            "Index Name": "keyword_id_movie_keyword",
                            "Startup Cost": 0.0,
                            "Total Cost": 15889.38,
                            "Plan Rows": 757993,
                            "Plan Width": 0,
                            "Actual Startup Time": 38.857,
                            "Actual Total Time": 38.857,
                            "Actual Rows": 765423,
                            "Actual Loops": 1,
                            "Index Cond": "(keyword_id < 722)"
                          }
                        ]
                      },
                      {
                        "Node Type": "Hash",
                        "Parent Relationship": "Inner",
                        "Parallel Aware": true,
                        "Startup Cost": 58306.47,
                        "Total Cost": 58306.47,
                        "Plan Rows": 258424,
                        "Plan Width": 4,
                        "Actual Startup Time": 216.87,
                        "Actual Total Time": 216.871,
                        "Actual Rows": 184123,
                        "Actual Loops": 2,
                        "Hash Buckets": 524288,
                        "Original Hash Buckets": 524288,
                        "Hash Batches": 1,
                        "Original Hash Batches": 1,
                        "Peak Memory Usage": 18528,
                        "Plans": [
                          {
                            "Node Type": "Seq Scan",
                            "Parent Relationship": "Outer",
                            "Parallel Aware": true,
                            "Relation Name": "title",
                            "Alias": "t",
                            "Startup Cost": 0.0,
                            "Total Cost": 58306.47,
                            "Plan Rows": 258424,
                            "Plan Width": 4,
                            "Actual Startup Time": 0.065,
                            "Actual Total Time": 166.759,
                            "Actual Rows": 184123,
                            "Actual Loops": 2,
                            "Filter": "((kind_id < 7) AND (production_year > 2004))",
                            "Rows Removed by Filter": 1080033
                          }
                        ]
                      }
                    ]
                  },
                  {
                    "Node Type": "Index Only Scan",
                    "Parent Relationship": "Inner",
                    "Parallel Aware": false,
                    "Scan Direction": "Forward",
                    "Index Name": "movie_id_cast_info",
                    "Relation Name": "cast_info",
                    "Alias": "ci",
                    "Startup Cost": 0.56,
                    "Total Cost": 3.23,
                    "Plan Rows": 37,
                    "Plan Width": 4,
                    "Actual Startup Time": 0.004,
                    "Actual Total Time": 0.027,
                    "Actual Rows": 50,
                    "Actual Loops": 186220,
                    "Index Cond": "(movie_id = mk.movie_id)",
                    "Rows Removed by Index Recheck": 0,
                    "Heap Fetches": 9400182
                  }
                ]
              }
            ]
          }
        ]
      }
    ]
  },
  "Planning Time": 1.003,
  "Triggers": [],
  "Execution Time": 3741.531
}