[
  {
    "Plan": {
      "Node Type": "Aggregate",
      "Strategy": "Plain",
      "Partial Mode": "Finalize",
      "Parallel Aware": false,
      "Startup Cost": 360981.28,
      "Total Cost": 360981.29,
      "Plan Rows": 1,
      "Plan Width": 8,
      "Actual Startup Time": 524.387,
      "Actual Total Time": 573.408,
      "Actual Rows": 1,
      "Actual Loops": 1,
      "Plans": [
        {
          "Node Type": "Gather",
          "Parent Relationship": "Outer",
          "Parallel Aware": false,
          "Startup Cost": 360980.66,
          "Total Cost": 360981.27,
          "Plan Rows": 6,
          "Plan Width": 8,
          "Actual Startup Time": 521.973,
          "Actual Total Time": 573.39,
          "Actual Rows": 7,
          "Actual Loops": 1,
          "Workers Planned": 6,
          "Workers Launched": 6,
          "Single Copy": false,
          "Plans": [
            {
              "Node Type": "Aggregate",
              "Strategy": "Plain",
              "Partial Mode": "Partial",
              "Parent Relationship": "Outer",
              "Parallel Aware": false,
              "Startup Cost": 359980.66,
              "Total Cost": 359980.67,
              "Plan Rows": 1,
              "Plan Width": 8,
              "Actual Startup Time": 513.169,
              "Actual Total Time": 513.174,
              "Actual Rows": 1,
              "Actual Loops": 7,
              "Plans": [
                {
                  "Node Type": "Nested Loop",
                  "Parent Relationship": "Outer",
                  "Parallel Aware": false,
                  "Join Type": "Inner",
                  "Startup Cost": 66908.95,
                  "Total Cost": 359898.98,
                  "Plan Rows": 32672,
                  "Plan Width": 0,
                  "Actual Startup Time": 145.503,
                  "Actual Total Time": 507.515,
                  "Actual Rows": 81130,
                  "Actual Loops": 7,
                  "Inner Unique": false,
                  "Join Filter": "(t.id = mi.movie_id)",
                  "Rows Removed by Join Filter": 0,
                  "Plans": [
                    {
                      "Node Type": "Hash Join",
                      "Parent Relationship": "Outer",
                      "Parallel Aware": true,
                      "Join Type": "Inner",
                      "Startup Cost": 66908.52,
                      "Total Cost": 322221.68,
                      "Plan Rows": 13830,
                      "Plan Width": 8,
                      "Actual Startup Time": 145.308,
                      "Actual Total Time": 209.897,
                      "Actual Rows": 12985,
                      "Actual Loops": 7,
                      "Inner Unique": true,
                      "Hash Cond": "(ci.movie_id = t.id)",
                      "Plans": [
                        {
                          "Node Type": "Bitmap Heap Scan",
                          "Parent Relationship": "Outer",
                          "Parallel Aware": true,
                          "Relation Name": "cast_info",
                          "Alias": "ci",
                          "Startup Cost": 20476.01,
                          "Total Cost": 275488.15,
                          "Plan Rows": 114676,
                          "Plan Width": 4,
                          "Actual Startup Time": 44.451,
                          "Actual Total Time": 72.977,
                          "Actual Rows": 119415,
                          "Actual Loops": 7,
                          "Recheck Cond": "(person_id < 99435)",
                          "Rows Removed by Index Recheck": 0,
                          "Filter": "(role_id < 5)",
                          "Rows Removed by Filter": 17812,
                          "Exact Heap Blocks": 1447,
                          "Lossy Heap Blocks": 0,
                          "Plans": [
                            {
                              "Node Type": "Bitmap Index Scan",
                              "Parent Relationship": "Outer",
                              "Parallel Aware": false,
                              "Index Name": "person_id_cast_info",
                              "Startup Cost": 0.0,
                              "Total Cost": 20303.99,
                              "Plan Rows": 930057,
                              "Plan Width": 0,
                              "Actual Startup Time": 42.606,
                              "Actual Total Time": 42.607,
                              "Actual Rows": 960588,
                              "Actual Loops": 1,
                              "Index Cond": "(person_id < 99435)"
                            }
                          ]
                        },
                        {
                          "Node Type": "Hash",
                          "Parent Relationship": "Inner",
                          "Parallel Aware": true,
                          "Startup Cost": 45479.59,
                          "Total Cost": 45479.59,
                          "Plan Rows": 76234,
                          "Plan Width": 4,
                          "Actual Startup Time": 98.693,
                          "Actual Total Time": 98.694,
                          "Actual Rows": 38086,
                          "Actual Loops": 7,
                          "Hash Buckets": 524288,
                          "Original Hash Buckets": 524288,
                          "Hash Batches": 1,
                          "Original Hash Batches": 1,
                          "Peak Memory Usage": 14656,
                          "Plans": [
                            {
                              "Node Type": "Seq Scan",
                              "Parent Relationship": "Outer",
                              "Parallel Aware": true,
                              "Relation Name": "title",
                              "Alias": "t",
                              "Startup Cost": 0.0,
                              "Total Cost": 45479.59,
                              "Plan Rows": 76234,
                              "Plan Width": 4,
                              "Actual Startup Time": 0.08,
                              "Actual Total Time": 76.901,
                              "Actual Rows": 38086,
                              "Actual Loops": 7,
                              "Filter": "((kind_id < 7) AND (production_year > 2007))",
                              "Rows Removed by Filter": 323102
                            }
                          ]
                        }
                      ]
                    },
                    {
                      "Node Type": "Index Scan",
                      "Parent Relationship": "Inner",
                      "Parallel Aware": false,
                      "Scan Direction": "Forward",
                      "Index Name": "movie_id_movie_info",
                      "Relation Name": "movie_info",
                      "Alias": "mi",
                      "Startup Cost": 0.43,
                      "Total Cost": 2.51,
                      "Plan Rows": 17,
                      "Plan Width": 4,
                      "Actual Startup Time": 0.008,
                      "Actual Total Time": 0.022,
                      "Actual Rows": 6,
                      "Actual Loops": 90894,
                      "Index Cond": "(movie_id = ci.movie_id)",
                      "Rows Removed by Index Recheck": 0,
                      "Filter": "(info_type_id < 7)",
                      "Rows Removed by Filter": 13
                    }
                  ]
                }
              ]
            }
          ]
        }
      ]
    },
    "Planning Time": 1.519,
    "Triggers": [],
    "Execution Time": 573.535
  }
]