[
    {
        "Bao": {
            "Bao prediction": "NaN",
            "Bao recommended hint": "(no hint)"
        }
    },
    {
        "Plan": {
            "Node Type": "Aggregate",
            "Strategy": "Plain",
            "Partial Mode": "Finalize",
            "Parallel Aware": false,
            "Startup Cost": 50884.1,
            "Total Cost": 50884.11,
            "Plan Rows": 1,
            "Plan Width": 8,
            "Actual Startup Time": 62.034,
            "Actual Total Time": 69.616,
            "Actual Rows": 1,
            "Actual Loops": 1,
            "Output": [
                "count(*)"
            ],
            "Plans": [
                {
                    "Node Type": "Gather",
                    "Parent Relationship": "Outer",
                    "Parallel Aware": false,
                    "Startup Cost": 50883.68,
                    "Total Cost": 50884.09,
                    "Plan Rows": 4,
                    "Plan Width": 8,
                    "Actual Startup Time": 61.82,
                    "Actual Total Time": 69.609,
                    "Actual Rows": 5,
                    "Actual Loops": 1,
                    "Output": [
                        "(PARTIAL count(*))"
                    ],
                    "Workers Planned": 4,
                    "Workers Launched": 4,
                    "Single Copy": false,
                    "Plans": [
                        {
                            "Node Type": "Aggregate",
                            "Strategy": "Plain",
                            "Partial Mode": "Partial",
                            "Parent Relationship": "Outer",
                            "Parallel Aware": false,
                            "Startup Cost": 49883.68,
                            "Total Cost": 49883.69,
                            "Plan Rows": 1,
                            "Plan Width": 8,
                            "Actual Startup Time": 52.288,
                            "Actual Total Time": 52.289,
                            "Actual Rows": 1,
                            "Actual Loops": 5,
                            "Output": [
                                "PARTIAL count(*)"
                            ],
                            "Workers": [
                                {
                                    "Worker Number": 0,
                                    "Actual Startup Time": 49.516,
                                    "Actual Total Time": 49.517,
                                    "Actual Rows": 1,
                                    "Actual Loops": 1
                                },
                                {
                                    "Worker Number": 1,
                                    "Actual Startup Time": 49.916,
                                    "Actual Total Time": 49.918,
                                    "Actual Rows": 1,
                                    "Actual Loops": 1
                                },
                                {
                                    "Worker Number": 2,
                                    "Actual Startup Time": 50.104,
                                    "Actual Total Time": 50.105,
                                    "Actual Rows": 1,
                                    "Actual Loops": 1
                                },
                                {
                                    "Worker Number": 3,
                                    "Actual Startup Time": 50.581,
                                    "Actual Total Time": 50.583,
                                    "Actual Rows": 1,
                                    "Actual Loops": 1
                                }
                            ],
                            "Plans": [
                                {
                                    "Node Type": "Nested Loop",
                                    "Parent Relationship": "Outer",
                                    "Parallel Aware": false,
                                    "Join Type": "Inner",
                                    "Startup Cost": 2108.31,
                                    "Total Cost": 49877.99,
                                    "Plan Rows": 2276,
                                    "Plan Width": 0,
                                    "Actual Startup Time": 4.263,
                                    "Actual Total Time": 51.638,
                                    "Actual Rows": 7890,
                                    "Actual Loops": 5,
                                    "Inner Unique": false,
                                    "Workers": [
                                        {
                                            "Worker Number": 0,
                                            "Actual Startup Time": 1.688,
                                            "Actual Total Time": 48.925,
                                            "Actual Rows": 3597,
                                            "Actual Loops": 1
                                        },
                                        {
                                            "Worker Number": 1,
                                            "Actual Startup Time": 2.316,
                                            "Actual Total Time": 49.399,
                                            "Actual Rows": 5192,
                                            "Actual Loops": 1
                                        },
                                        {
                                            "Worker Number": 2,
                                            "Actual Startup Time": 2.319,
                                            "Actual Total Time": 49.541,
                                            "Actual Rows": 5645,
                                            "Actual Loops": 1
                                        },
                                        {
                                            "Worker Number": 3,
                                            "Actual Startup Time": 2.56,
                                            "Actual Total Time": 50.047,
                                            "Actual Rows": 5139,
                                            "Actual Loops": 1
                                        }
                                    ],
                                    "Plans": [
                                        {
                                            "Node Type": "Bitmap Heap Scan",
                                            "Parent Relationship": "Outer",
                                            "Parallel Aware": true,
                                            "Relation Name": "title",
                                            "Schema": "public",
                                            "Alias": "t",
                                            "Startup Cost": 2107.88,
                                            "Total Cost": 38548.97,
                                            "Plan Rows": 1272,
                                            "Plan Width": 4,
                                            "Actual Startup Time": 3.932,
                                            "Actual Total Time": 26.465,
                                            "Actual Rows": 1853,
                                            "Actual Loops": 5,
                                            "Output": [
                                                "t.id",
                                                "t.title",
                                                "t.imdb_index",
                                                "t.kind_id",
                                                "t.production_year",
                                                "t.imdb_id",
                                                "t.phonetic_code",
                                                "t.episode_of_id",
                                                "t.season_nr",
                                                "t.episode_nr",
                                                "t.series_years",
                                                "t.md5sum"
                                            ],
                                            "Recheck Cond": "(t.kind_id = 4)",
                                            "Rows Removed by Index Recheck": 0,
                                            "Filter": "(t.production_year = 2006)",
                                            "Rows Removed by Filter": 21794,
                                            "Exact Heap Blocks": 6632,
                                            "Lossy Heap Blocks": 0,
                                            "Workers": [
                                                {
                                                    "Worker Number": 0,
                                                    "Actual Startup Time": 1.435,
                                                    "Actual Total Time": 23.375,
                                                    "Actual Rows": 765,
                                                    "Actual Loops": 1
                                                },
                                                {
                                                    "Worker Number": 1,
                                                    "Actual Startup Time": 1.582,
                                                    "Actual Total Time": 23.409,
                                                    "Actual Rows": 1248,
                                                    "Actual Loops": 1
                                                },
                                                {
                                                    "Worker Number": 2,
                                                    "Actual Startup Time": 1.915,
                                                    "Actual Total Time": 23.839,
                                                    "Actual Rows": 1179,
                                                    "Actual Loops": 1
                                                },
                                                {
                                                    "Worker Number": 3,
                                                    "Actual Startup Time": 2.319,
                                                    "Actual Total Time": 23.966,
                                                    "Actual Rows": 1195,
                                                    "Actual Loops": 1
                                                }
                                            ],
                                            "Plans": [
                                                {
                                                    "Node Type": "Bitmap Index Scan",
                                                    "Parent Relationship": "Outer",
                                                    "Parallel Aware": false,
                                                    "Index Name": "kind_id_title",
                                                    "Startup Cost": 0.0,
                                                    "Total Cost": 2106.61,
                                                    "Plan Rows": 118157,
                                                    "Plan Width": 0,
                                                    "Actual Startup Time": 8.914,
                                                    "Actual Total Time": 8.914,
                                                    "Actual Rows": 118234,
                                                    "Actual Loops": 1,
                                                    "Index Cond": "(t.kind_id = 4)"
                                                }
                                            ]
                                        },
                                        {
                                            "Node Type": "Index Only Scan",
                                            "Parent Relationship": "Inner",
                                            "Parallel Aware": false,
                                            "Scan Direction": "Forward",
                                            "Index Name": "movie_id_movie_keyword",
                                            "Relation Name": "movie_keyword",
                                            "Schema": "public",
                                            "Alias": "mk",
                                            "Startup Cost": 0.43,
                                            "Total Cost": 8.45,
                                            "Plan Rows": 46,
                                            "Plan Width": 4,
                                            "Actual Startup Time": 0.012,
                                            "Actual Total Time": 0.013,
                                            "Actual Rows": 4,
                                            "Actual Loops": 9263,
                                            "Output": [
                                                "mk.movie_id"
                                            ],
                                            "Index Cond": "(mk.movie_id = t.id)",
                                            "Rows Removed by Index Recheck": 0,
                                            "Heap Fetches": 39448,
                                            "Workers": [
                                                {
                                                    "Worker Number": 0,
                                                    "Actual Startup Time": 0.029,
                                                    "Actual Total Time": 0.031,
                                                    "Actual Rows": 5,
                                                    "Actual Loops": 765
                                                },
                                                {
                                                    "Worker Number": 1,
                                                    "Actual Startup Time": 0.018,
                                                    "Actual Total Time": 0.02,
                                                    "Actual Rows": 4,
                                                    "Actual Loops": 1248
                                                },
                                                {
                                                    "Worker Number": 2,
                                                    "Actual Startup Time": 0.019,
                                                    "Actual Total Time": 0.02,
                                                    "Actual Rows": 5,
                                                    "Actual Loops": 1179
                                                },
                                                {
                                                    "Worker Number": 3,
                                                    "Actual Startup Time": 0.019,
                                                    "Actual Total Time": 0.02,
                                                    "Actual Rows": 4,
                                                    "Actual Loops": 1195
                                                }
                                            ]
                                        }
                                    ]
                                }
                            ]
                        }
                    ]
                }
            ]
        },
        "Planning Time": 214.651,
        "Triggers": [],
        "Execution Time": 69.735
    }
]