{
  "Plan": {
    "Node Type": "Aggregate",
    "Strategy": "Plain",
    "Partial Mode": "Finalize",
    "Parallel Aware": false,
    "Startup Cost": 284109.05,
    "Total Cost": 284109.06,
    "Plan Rows": 1,
    "Plan Width": 8,
    "Actual Startup Time": 1899.128,
    "Actual Total Time": 1952.16,
    "Actual Rows": 1,
    "Actual Loops": 1,
    "Plans": [
      {
        "Node Type": "Gather",
        "Parent Relationship": "Outer",
        "Parallel Aware": false,
        "Startup Cost": 284108.94,
        "Total Cost": 284109.05,
        "Plan Rows": 1,
        "Plan Width": 8,
        "Actual Startup Time": 1898.874,
        "Actual Total Time": 1952.153,
        "Actual Rows": 2,
        "Actual Loops": 1,
        "Workers Planned": 1,
        "Workers Launched": 1,
        "Single Copy": false,
        "Plans": [
          {
            "Node Type": "Aggregate",
            "Strategy": "Plain",
            "Partial Mode": "Partial",
            "Parent Relationship": "Outer",
            "Parallel Aware": false,
            "Startup Cost": 283108.94,
            "Total Cost": 283108.95,
            "Plan Rows": 1,
            "Plan Width": 8,
            "Actual Startup Time": 1894.625,
            "Actual Total Time": 1894.629,
            "Actual Rows": 1,
            "Actual Loops": 2,
            "Plans": [
              {
                "Node Type": "Nested Loop",
                "Parent Relationship": "Outer",
                "Parallel Aware": false,
                "Join Type": "Inner",
                "Startup Cost": 55713.99,
                "Total Cost": 283018.12,
                "Plan Rows": 36330,
                "Plan Width": 0,
                "Actual Startup Time": 171.516,
                "Actual Total Time": 1888.293,
                "Actual Rows": 117594,
                "Actual Loops": 2,
                "Inner Unique": false,
                "Join Filter": "(t.id = ci.movie_id)",
                "Rows Removed by Join Filter": 0,
                "Plans": [
                  {
                    "Node Type": "Hash Join",
                    "Parent Relationship": "Outer",
                    "Parallel Aware": true,
                    "Join Type": "Inner",
                    "Startup Cost": 55713.42,
                    "Total Cost": 73897.21,
                    "Plan Rows": 86165,
                    "Plan Width": 8,
                    "Actual Startup Time": 171.045,
                    "Actual Total Time": 276.489,
                    "Actual Rows": 87059,
                    "Actual Loops": 2,
                    "Inner Unique": true,
                    "Hash Cond": "(mi_idx.movie_id = t.id)",
                    "Plans": [
                      {
                        "Node Type": "Seq Scan",
                        "Parent Relationship": "Outer",
                        "Parallel Aware": true,
                        "Relation Name": "movie_info_idx",
                        "Alias": "mi_idx",
                        "Startup Cost": 0.0,
                        "Total Cost": 16052.85,
                        "Plan Rows": 811785,
                        "Plan Width": 4,
                        "Actual Startup Time": 0.02,
                        "Actual Total Time": 49.507,
                        "Actual Rows": 690018,
                        "Actual Loops": 2
                      },
                      {
                        "Node Type": "Hash",
                        "Parent Relationship": "Inner",
                        "Parallel Aware": true,
                        "Startup Cost": 53740.2,
                        "Total Cost": 53740.2,
                        "Plan Rows": 157858,
                        "Plan Width": 4,
                        "Actual Startup Time": 123.202,
                        "Actual Total Time": 123.203,
                        "Actual Rows": 108141,
                        "Actual Loops": 2,
                        "Hash Buckets": 524288,
                        "Original Hash Buckets": 524288,
                        "Hash Batches": 1,
                        "Original Hash Batches": 1,
                        "Peak Memory Usage": 12576,
                        "Plans": [
                          {
                            "Node Type": "Bitmap Heap Scan",
                            "Parent Relationship": "Outer",
                            "Parallel Aware": true,
                            "Relation Name": "title",
                            "Alias": "t",
                            "Startup Cost": 11889.94,
                            "Total Cost": 53740.2,
                            "Plan Rows": 157858,
                            "Plan Width": 4,
                            "Actual Startup Time": 35.895,
                            "Actual Total Time": 96.594,
                            "Actual Rows": 108141,
                            "Actual Loops": 2,
                            "Recheck Cond": "(kind_id = 1)",
                            "Rows Removed by Index Recheck": 0,
                            "Filter": "(production_year > 2005)",
                            "Rows Removed by Filter": 223272,
                            "Exact Heap Blocks": 8389,
                            "Lossy Heap Blocks": 0,
                            "Plans": [
                              {
                                "Node Type": "Bitmap Index Scan",
                                "Parent Relationship": "Outer",
                                "Parallel Aware": false,
                                "Index Name": "kind_id_title",
                                "Startup Cost": 0.0,
                                "Total Cost": 11822.85,
                                "Plan Rows": 663256,
                                "Plan Width": 0,
                                "Actual Startup Time": 33.78,
                                "Actual Total Time": 33.78,
                                "Actual Rows": 662825,
                                "Actual Loops": 1,
                                "Index Cond": "(kind_id = 1)"
                              }
                            ]
                          }
                        ]
                      }
                    ]
                  },
                  {
                    "Node Type": "Index Scan",
                    "Parent Relationship": "Inner",
                    "Parallel Aware": false,
                    "Scan Direction": "Forward",
                    "Index Name": "movie_id_cast_info",
                    "Relation Name": "cast_info",
                    "Alias": "ci",
                    "Startup Cost": 0.56,
                    "Total Cost": 2.41,
                    "Plan Rows": 1,
                    "Plan Width": 4,
                    "Actual Startup Time": 0.017,
                    "Actual Total Time": 0.018,
                    "Actual Rows": 1,
                    "Actual Loops": 174118,
                    "Index Cond": "(movie_id = mi_idx.movie_id)",
                    "Rows Removed by Index Recheck": 0,
                    "Filter": "(person_id > 3862503)",
                    "Rows Removed by Filter": 30
                  }
                ]
              }
            ]
          }
        ]
      }
    ]
  },
  "Planning Time": 1.187,
  "Triggers": [],
  "Execution Time": 1952.283
}