{
  "Plan": {
    "Node Type": "Aggregate",
    "Strategy": "Plain",
    "Partial Mode": "Finalize",
    "Parallel Aware": false,
    "Startup Cost": 348019.42,
    "Total Cost": 348019.43,
    "Plan Rows": 1,
    "Plan Width": 8,
    "Actual Startup Time": 1622.045,
    "Actual Total Time": 1663.169,
    "Actual Rows": 1,
    "Actual Loops": 1,
    "Plans": [
      {
        "Node Type": "Gather",
        "Parent Relationship": "Outer",
        "Parallel Aware": false,
        "Startup Cost": 348019.31,
        "Total Cost": 348019.42,
        "Plan Rows": 1,
        "Plan Width": 8,
        "Actual Startup Time": 1621.644,
        "Actual Total Time": 1663.162,
        "Actual Rows": 2,
        "Actual Loops": 1,
        "Workers Planned": 1,
        "Workers Launched": 1,
        "Single Copy": false,
        "Plans": [
          {
            "Node Type": "Aggregate",
            "Strategy": "Plain",
            "Partial Mode": "Partial",
            "Parent Relationship": "Outer",
            "Parallel Aware": false,
            "Startup Cost": 347019.31,
            "Total Cost": 347019.32,
            "Plan Rows": 1,
            "Plan Width": 8,
            "Actual Startup Time": 1615.86,
            "Actual Total Time": 1615.864,
            "Actual Rows": 1,
            "Actual Loops": 2,
            "Plans": [
              {
                "Node Type": "Hash Join",
                "Parent Relationship": "Outer",
                "Parallel Aware": true,
                "Join Type": "Inner",
                "Startup Cost": 55626.31,
                "Total Cost": 345974.39,
                "Plan Rows": 417969,
                "Plan Width": 0,
                "Actual Startup Time": 168.461,
                "Actual Total Time": 1586.693,
                "Actual Rows": 726580,
                "Actual Loops": 2,
                "Inner Unique": true,
                "Hash Cond": "(mi.movie_id = t.id)",
                "Plans": [
                  {
                    "Node Type": "Seq Scan",
                    "Parent Relationship": "Outer",
                    "Parallel Aware": true,
                    "Relation Name": "movie_info",
                    "Alias": "mi",
                    "Startup Cost": 0.0,
                    "Total Cost": 270696.42,
                    "Plan Rows": 7486332,
                    "Plan Width": 4,
                    "Actual Startup Time": 0.011,
                    "Actual Total Time": 789.442,
                    "Actual Rows": 6372326,
                    "Actual Loops": 2,
                    "Filter": "(info_type_id > 2)",
                    "Rows Removed by Filter": 1045534
                  },
                  {
                    "Node Type": "Hash",
                    "Parent Relationship": "Inner",
                    "Parallel Aware": true,
                    "Startup Cost": 54588.39,
                    "Total Cost": 54588.39,
                    "Plan Rows": 83034,
                    "Plan Width": 4,
                    "Actual Startup Time": 160.766,
                    "Actual Total Time": 160.767,
                    "Actual Rows": 71666,
                    "Actual Loops": 2,
                    "Hash Buckets": 262144,
                    "Original Hash Buckets": 262144,
                    "Hash Batches": 1,
                    "Original Hash Batches": 1,
                    "Peak Memory Usage": 7680,
                    "Plans": [
                      {
                        "Node Type": "Seq Scan",
                        "Parent Relationship": "Outer",
                        "Parallel Aware": true,
                        "Relation Name": "title",
                        "Alias": "t",
                        "Startup Cost": 0.0,
                        "Total Cost": 54588.39,
                        "Plan Rows": 83034,
                        "Plan Width": 4,
                        "Actual Startup Time": 6.59,
                        "Actual Total Time": 140.549,
                        "Actual Rows": 71666,
                        "Actual Loops": 2,
                        "Filter": "(production_year < 1941)",
                        "Rows Removed by Filter": 1192490
                      }
                    ]
                  }
                ]
              }
            ]
          }
        ]
      }
    ]
  },
  "Planning Time": 0.516,
  "Triggers": [],
  "Execution Time": 1663.257
}