{
  "Plan": {
    "Node Type": "Aggregate",
    "Strategy": "Plain",
    "Partial Mode": "Finalize",
    "Parallel Aware": false,
    "Startup Cost": 477288.71,
    "Total Cost": 477288.72,
    "Plan Rows": 1,
    "Plan Width": 8,
    "Actual Startup Time": 1451.15,
    "Actual Total Time": 1481.371,
    "Actual Rows": 1,
    "Actual Loops": 1,
    "Plans": [
      {
        "Node Type": "Gather",
        "Parent Relationship": "Outer",
        "Parallel Aware": false,
        "Startup Cost": 477288.6,
        "Total Cost": 477288.71,
        "Plan Rows": 1,
        "Plan Width": 8,
        "Actual Startup Time": 1448.406,
        "Actual Total Time": 1481.361,
        "Actual Rows": 2,
        "Actual Loops": 1,
        "Workers Planned": 1,
        "Workers Launched": 1,
        "Single Copy": false,
        "Plans": [
          {
            "Node Type": "Aggregate",
            "Strategy": "Plain",
            "Partial Mode": "Partial",
            "Parent Relationship": "Outer",
            "Parallel Aware": false,
            "Startup Cost": 476288.6,
            "Total Cost": 476288.61,
            "Plan Rows": 1,
            "Plan Width": 8,
            "Actual Startup Time": 1442.569,
            "Actual Total Time": 1442.573,
            "Actual Rows": 1,
            "Actual Loops": 2,
            "Plans": [
              {
                "Node Type": "Hash Join",
                "Parent Relationship": "Outer",
                "Parallel Aware": true,
                "Join Type": "Inner",
                "Startup Cost": 176143.01,
                "Total Cost": 473961.64,
                "Plan Rows": 930783,
                "Plan Width": 0,
                "Actual Startup Time": 452.869,
                "Actual Total Time": 1416.527,
                "Actual Rows": 478454,
                "Actual Loops": 2,
                "Inner Unique": true,
                "Hash Cond": "(ci.movie_id = t.id)",
                "Plans": [
                  {
                    "Node Type": "Bitmap Heap Scan",
                    "Parent Relationship": "Outer",
                    "Parallel Aware": true,
                    "Relation Name": "cast_info",
                    "Alias": "ci",
                    "Startup Cost": 112037.56,
                    "Total Cost": 402023.42,
                    "Plan Rows": 2983909,
                    "Plan Width": 4,
                    "Actual Startup Time": 156.693,
                    "Actual Total Time": 479.72,
                    "Actual Rows": 2453706,
                    "Actual Loops": 2,
                    "Recheck Cond": "(person_id > 3182522)",
                    "Rows Removed by Index Recheck": 0,
                    "Exact Heap Blocks": 41677,
                    "Lossy Heap Blocks": 0,
                    "Plans": [
                      {
                        "Node Type": "Bitmap Index Scan",
                        "Parent Relationship": "Outer",
                        "Parallel Aware": false,
                        "Index Name": "person_id_cast_info",
                        "Startup Cost": 0.0,
                        "Total Cost": 110769.4,
                        "Plan Rows": 5072645,
                        "Plan Width": 0,
                        "Actual Startup Time": 144.844,
                        "Actual Total Time": 144.845,
                        "Actual Rows": 4907411,
                        "Actual Loops": 1,
                        "Index Cond": "(person_id > 3182522)"
                      }
                    ]
                  },
                  {
                    "Node Type": "Hash",
                    "Parent Relationship": "Inner",
                    "Parallel Aware": true,
                    "Startup Cost": 58306.47,
                    "Total Cost": 58306.47,
                    "Plan Rows": 463918,
                    "Plan Width": 4,
                    "Actual Startup Time": 286.122,
                    "Actual Total Time": 286.123,
                    "Actual Rows": 346234,
                    "Actual Loops": 2,
                    "Hash Buckets": 1048576,
                    "Original Hash Buckets": 1048576,
                    "Hash Batches": 1,
                    "Original Hash Batches": 1,
                    "Peak Memory Usage": 35296,
                    "Plans": [
                      {
                        "Node Type": "Seq Scan",
                        "Parent Relationship": "Outer",
                        "Parallel Aware": true,
                        "Relation Name": "title",
                        "Alias": "t",
                        "Startup Cost": 0.0,
                        "Total Cost": 58306.47,
                        "Plan Rows": 463918,
                        "Plan Width": 4,
                        "Actual Startup Time": 0.029,
                        "Actual Total Time": 178.592,
                        "Actual Rows": 346234,
                        "Actual Loops": 2,
                        "Filter": "((kind_id > 1) AND (production_year < 2001))",
                        "Rows Removed by Filter": 917922
                      }
                    ]
                  }
                ]
              }
            ]
          }
        ]
      }
    ]
  },
  "Planning Time": 0.753,
  "Triggers": [],
  "Execution Time": 1481.469
}