{
  "Plan": {
    "Node Type": "Aggregate",
    "Strategy": "Plain",
    "Partial Mode": "Finalize",
    "Parallel Aware": false,
    "Startup Cost": 125467.86,
    "Total Cost": 125467.87,
    "Plan Rows": 1,
    "Plan Width": 8,
    "Actual Startup Time": 750.722,
    "Actual Total Time": 767.897,
    "Actual Rows": 1,
    "Actual Loops": 1,
    "Plans": [
      {
        "Node Type": "Gather",
        "Parent Relationship": "Outer",
        "Parallel Aware": false,
        "Startup Cost": 125467.75,
        "Total Cost": 125467.86,
        "Plan Rows": 1,
        "Plan Width": 8,
        "Actual Startup Time": 749.042,
        "Actual Total Time": 767.89,
        "Actual Rows": 2,
        "Actual Loops": 1,
        "Workers Planned": 1,
        "Workers Launched": 1,
        "Single Copy": false,
        "Plans": [
          {
            "Node Type": "Aggregate",
            "Strategy": "Plain",
            "Partial Mode": "Partial",
            "Parent Relationship": "Outer",
            "Parallel Aware": false,
            "Startup Cost": 124467.75,
            "Total Cost": 124467.76,
            "Plan Rows": 1,
            "Plan Width": 8,
            "Actual Startup Time": 743.413,
            "Actual Total Time": 743.416,
            "Actual Rows": 1,
            "Actual Loops": 2,
            "Plans": [
              {
                "Node Type": "Hash Join",
                "Parent Relationship": "Outer",
                "Parallel Aware": true,
                "Join Type": "Inner",
                "Startup Cost": 64279.41,
                "Total Cost": 122330.25,
                "Plan Rows": 855001,
                "Plan Width": 0,
                "Actual Startup Time": 251.253,
                "Actual Total Time": 685.689,
                "Actual Rows": 1467192,
                "Actual Loops": 2,
                "Inner Unique": true,
                "Hash Cond": "(mk.movie_id = t.id)",
                "Plans": [
                  {
                    "Node Type": "Seq Scan",
                    "Parent Relationship": "Outer",
                    "Parallel Aware": true,
                    "Relation Name": "movie_keyword",
                    "Alias": "mk",
                    "Startup Cost": 0.0,
                    "Total Cost": 51065.35,
                    "Plan Rows": 2661135,
                    "Plan Width": 4,
                    "Actual Startup Time": 0.012,
                    "Actual Total Time": 149.007,
                    "Actual Rows": 2261965,
                    "Actual Loops": 2
                  },
                  {
                    "Node Type": "Hash",
                    "Parent Relationship": "Inner",
                    "Parallel Aware": true,
                    "Startup Cost": 58306.47,
                    "Total Cost": 58306.47,
                    "Plan Rows": 477835,
                    "Plan Width": 4,
                    "Actual Startup Time": 241.931,
                    "Actual Total Time": 241.932,
                    "Actual Rows": 359865,
                    "Actual Loops": 2,
                    "Hash Buckets": 1048576,
                    "Original Hash Buckets": 1048576,
                    "Hash Batches": 1,
                    "Original Hash Batches": 1,
                    "Peak Memory Usage": 36384,
                    "Plans": [
                      {
                        "Node Type": "Seq Scan",
                        "Parent Relationship": "Outer",
                        "Parallel Aware": true,
                        "Relation Name": "title",
                        "Alias": "t",
                        "Startup Cost": 0.0,
                        "Total Cost": 58306.47,
                        "Plan Rows": 477835,
                        "Plan Width": 4,
                        "Actual Startup Time": 0.037,
                        "Actual Total Time": 154.892,
                        "Actual Rows": 359865,
                        "Actual Loops": 2,
                        "Filter": "((kind_id < 7) AND (production_year > 1971))",
                        "Rows Removed by Filter": 904291
                      }
                    ]
                  }
                ]
              }
            ]
          }
        ]
      }
    ]
  },
  "Planning Time": 0.649,
  "Triggers": [],
  "Execution Time": 767.963
}