{
  "Plan": {
    "Node Type": "Aggregate",
    "Strategy": "Plain",
    "Partial Mode": "Finalize",
    "Parallel Aware": false,
    "Startup Cost": 190429.33,
    "Total Cost": 190429.34,
    "Plan Rows": 1,
    "Plan Width": 8,
    "Actual Startup Time": 1872.868,
    "Actual Total Time": 1906.021,
    "Actual Rows": 1,
    "Actual Loops": 1,
    "Plans": [
      {
        "Node Type": "Gather",
        "Parent Relationship": "Outer",
        "Parallel Aware": false,
        "Startup Cost": 190429.21,
        "Total Cost": 190429.32,
        "Plan Rows": 1,
        "Plan Width": 8,
        "Actual Startup Time": 1864.48,
        "Actual Total Time": 1906.013,
        "Actual Rows": 2,
        "Actual Loops": 1,
        "Workers Planned": 1,
        "Workers Launched": 1,
        "Single Copy": false,
        "Plans": [
          {
            "Node Type": "Aggregate",
            "Strategy": "Plain",
            "Partial Mode": "Partial",
            "Parent Relationship": "Outer",
            "Parallel Aware": false,
            "Startup Cost": 189429.21,
            "Total Cost": 189429.22,
            "Plan Rows": 1,
            "Plan Width": 8,
            "Actual Startup Time": 1857.203,
            "Actual Total Time": 1858.585,
            "Actual Rows": 1,
            "Actual Loops": 2,
            "Plans": [
              {
                "Node Type": "Hash Join",
                "Parent Relationship": "Outer",
                "Parallel Aware": true,
                "Join Type": "Inner",
                "Startup Cost": 140147.85,
                "Total Cost": 187530.43,
                "Plan Rows": 759512,
                "Plan Width": 0,
                "Actual Startup Time": 1001.14,
                "Actual Total Time": 1652.243,
                "Actual Rows": 5301382,
                "Actual Loops": 2,
                "Inner Unique": false,
                "Hash Cond": "(mc.movie_id = t.id)",
                "Plans": [
                  {
                    "Node Type": "Seq Scan",
                    "Parent Relationship": "Outer",
                    "Parallel Aware": true,
                    "Relation Name": "movie_companies",
                    "Alias": "mc",
                    "Startup Cost": 0.0,
                    "Total Cost": 37974.77,
                    "Plan Rows": 1317357,
                    "Plan Width": 4,
                    "Actual Startup Time": 0.052,
                    "Actual Total Time": 125.571,
                    "Actual Rows": 1121924,
                    "Actual Loops": 2,
                    "Filter": "(company_id > 189)",
                    "Rows Removed by Filter": 182641
                  },
                  {
                    "Node Type": "Hash",
                    "Parent Relationship": "Inner",
                    "Parallel Aware": true,
                    "Startup Cost": 129429.7,
                    "Total Cost": 129429.7,
                    "Plan Rows": 857452,
                    "Plan Width": 8,
                    "Actual Startup Time": 984.607,
                    "Actual Total Time": 985.987,
                    "Actual Rows": 732210,
                    "Actual Loops": 2,
                    "Hash Buckets": 2097152,
                    "Original Hash Buckets": 2097152,
                    "Hash Batches": 1,
                    "Original Hash Batches": 1,
                    "Peak Memory Usage": 73696,
                    "Plans": [
                      {
                        "Node Type": "Hash Join",
                        "Parent Relationship": "Outer",
                        "Parallel Aware": true,
                        "Join Type": "Inner",
                        "Startup Cost": 69460.7,
                        "Total Cost": 129429.7,
                        "Plan Rows": 857452,
                        "Plan Width": 8,
                        "Actual Startup Time": 516.366,
                        "Actual Total Time": 841.746,
                        "Actual Rows": 732210,
                        "Actual Loops": 2,
                        "Inner Unique": true,
                        "Hash Cond": "(mk.movie_id = t.id)",
                        "Plans": [
                          {
                            "Node Type": "Seq Scan",
                            "Parent Relationship": "Outer",
                            "Parallel Aware": true,
                            "Relation Name": "movie_keyword",
                            "Alias": "mk",
                            "Startup Cost": 0.0,
                            "Total Cost": 57718.19,
                            "Plan Rows": 857452,
                            "Plan Width": 4,
                            "Actual Startup Time": 1.081,
                            "Actual Total Time": 174.407,
                            "Actual Rows": 732210,
                            "Actual Loops": 2,
                            "Filter": "(keyword_id > 11302)",
                            "Rows Removed by Filter": 1529754
                          },
                          {
                            "Node Type": "Hash",
                            "Parent Relationship": "Inner",
                            "Parallel Aware": true,
                            "Startup Cost": 50870.31,
                            "Total Cost": 50870.31,
                            "Plan Rows": 1487231,
                            "Plan Width": 4,
                            "Actual Startup Time": 501.249,
                            "Actual Total Time": 501.25,
                            "Actual Rows": 1264156,
                            "Actual Loops": 2,
                            "Hash Buckets": 4194304,
                            "Original Hash Buckets": 4194304,
                            "Hash Batches": 1,
                            "Original Hash Batches": 1,
                            "Peak Memory Usage": 131712,
                            "Plans": [
                              {
                                "Node Type": "Seq Scan",
                                "Parent Relationship": "Outer",
                                "Parallel Aware": true,
                                "Relation Name": "title",
                                "Alias": "t",
                                "Startup Cost": 0.0,
                                "Total Cost": 50870.31,
                                "Plan Rows": 1487231,
                                "Plan Width": 4,
                                "Actual Startup Time": 0.028,
                                "Actual Total Time": 150.334,
                                "Actual Rows": 1264156,
                                "Actual Loops": 2
                              }
                            ]
                          }
                        ]
                      }
                    ]
                  }
                ]
              }
            ]
          }
        ]
      }
    ]
  },
  "Planning Time": 0.824,
  "Triggers": [],
  "Execution Time": 1906.095
}