[
  {
    "Plan": {
      "Node Type": "Aggregate",
      "Strategy": "Plain",
      "Partial Mode": "Finalize",
      "Parallel Aware": false,
      "Startup Cost": 264119.76,
      "Total Cost": 264119.77,
      "Plan Rows": 1,
      "Plan Width": 8,
      "Actual Startup Time": 967.755,
      "Actual Total Time": 1066.415,
      "Actual Rows": 1,
      "Actual Loops": 1,
      "Plans": [
        {
          "Node Type": "Gather",
          "Parent Relationship": "Outer",
          "Parallel Aware": false,
          "Startup Cost": 264119.24,
          "Total Cost": 264119.75,
          "Plan Rows": 5,
          "Plan Width": 8,
          "Actual Startup Time": 967.214,
          "Actual Total Time": 1066.401,
          "Actual Rows": 6,
          "Actual Loops": 1,
          "Workers Planned": 5,
          "Workers Launched": 5,
          "Single Copy": false,
          "Plans": [
            {
              "Node Type": "Aggregate",
              "Strategy": "Plain",
              "Partial Mode": "Partial",
              "Parent Relationship": "Outer",
              "Parallel Aware": false,
              "Startup Cost": 263119.24,
              "Total Cost": 263119.25,
              "Plan Rows": 1,
              "Plan Width": 8,
              "Actual Startup Time": 958.202,
              "Actual Total Time": 958.207,
              "Actual Rows": 1,
              "Actual Loops": 6,
              "Plans": [
                {
                  "Node Type": "Nested Loop",
                  "Parent Relationship": "Outer",
                  "Parallel Aware": false,
                  "Join Type": "Inner",
                  "Startup Cost": 44065.29,
                  "Total Cost": 263063.38,
                  "Plan Rows": 22344,
                  "Plan Width": 0,
                  "Actual Startup Time": 103.473,
                  "Actual Total Time": 949.438,
                  "Actual Rows": 139998,
                  "Actual Loops": 6,
                  "Inner Unique": false,
                  "Join Filter": "(t.id = ci.movie_id)",
                  "Rows Removed by Join Filter": 0,
                  "Plans": [
                    {
                      "Node Type": "Hash Join",
                      "Parent Relationship": "Outer",
                      "Parallel Aware": true,
                      "Join Type": "Inner",
                      "Startup Cost": 44064.72,
                      "Total Cost": 244326.52,
                      "Plan Rows": 9199,
                      "Plan Width": 8,
                      "Actual Startup Time": 103.132,
                      "Actual Total Time": 457.082,
                      "Actual Rows": 7692,
                      "Actual Loops": 6,
                      "Inner Unique": true,
                      "Hash Cond": "(mi.movie_id = t.id)",
                      "Plans": [
                        {
                          "Node Type": "Seq Scan",
                          "Parent Relationship": "Outer",
                          "Parallel Aware": true,
                          "Relation Name": "movie_info",
                          "Alias": "mi",
                          "Startup Cost": 0.0,
                          "Total Cost": 199108.24,
                          "Plan Rows": 439450,
                          "Plan Width": 4,
                          "Actual Startup Time": 17.915,
                          "Actual Total Time": 324.81,
                          "Actual Rows": 372308,
                          "Actual Loops": 6,
                          "Filter": "(info_type_id > 16)",
                          "Rows Removed by Filter": 2100312
                        },
                        {
                          "Node Type": "Hash",
                          "Parent Relationship": "Inner",
                          "Parallel Aware": true,
                          "Startup Cost": 43899.32,
                          "Total Cost": 43899.32,
                          "Plan Rows": 13232,
                          "Plan Width": 4,
                          "Actual Startup Time": 83.873,
                          "Actual Total Time": 83.875,
                          "Actual Rows": 8427,
                          "Actual Loops": 6,
                          "Hash Buckets": 65536,
                          "Original Hash Buckets": 65536,
                          "Hash Batches": 1,
                          "Original Hash Batches": 1,
                          "Peak Memory Usage": 2624,
                          "Plans": [
                            {
                              "Node Type": "Seq Scan",
                              "Parent Relationship": "Outer",
                              "Parallel Aware": true,
                              "Relation Name": "title",
                              "Alias": "t",
                              "Startup Cost": 0.0,
                              "Total Cost": 43899.32,
                              "Plan Rows": 13232,
                              "Plan Width": 4,
                              "Actual Startup Time": 0.062,
                              "Actual Total Time": 79.124,
                              "Actual Rows": 8427,
                              "Actual Loops": 6,
                              "Filter": "(production_year = 1999)",
                              "Rows Removed by Filter": 412958
                            }
                          ]
                        }
                      ]
                    },
                    {
                      "Node Type": "Index Scan",
                      "Parent Relationship": "Inner",
                      "Parallel Aware": false,
                      "Scan Direction": "Forward",
                      "Index Name": "movie_id_cast_info",
                      "Relation Name": "cast_info",
                      "Alias": "ci",
                      "Startup Cost": 0.56,
                      "Total Cost": 1.96,
                      "Plan Rows": 6,
                      "Plan Width": 4,
                      "Actual Startup Time": 0.04,
                      "Actual Total Time": 0.061,
                      "Actual Rows": 18,
                      "Actual Loops": 46155,
                      "Index Cond": "(movie_id = mi.movie_id)",
                      "Rows Removed by Index Recheck": 0,
                      "Filter": "(person_id > 3040109)",
                      "Rows Removed by Filter": 52
                    }
                  ]
                }
              ]
            }
          ]
        }
      ]
    },
    "Planning Time": 1.397,
    "Triggers": [],
    "Execution Time": 1066.543
  }
]