[
  {
    "Plan": {
      "Node Type": "Aggregate",
      "Strategy": "Plain",
      "Partial Mode": "Simple",
      "Parallel Aware": false,
      "Startup Cost": 171414.61,
      "Total Cost": 171414.62,
      "Plan Rows": 1,
      "Plan Width": 8,
      "Actual Startup Time": 48.912,
      "Actual Total Time": 48.914,
      "Actual Rows": 1,
      "Actual Loops": 1,
      "Plans": [
        {
          "Node Type": "Bitmap Heap Scan",
          "Parent Relationship": "Outer",
          "Parallel Aware": false,
          "Relation Name": "movie_info",
          "Alias": "mi",
          "Startup Cost": 2803.64,
          "Total Cost": 171027.77,
          "Plan Rows": 154736,
          "Plan Width": 0,
          "Actual Startup Time": 14.343,
          "Actual Total Time": 41.214,
          "Actual Rows": 147487,
          "Actual Loops": 1,
          "Recheck Cond": "(info_type_id = 107)",
          "Rows Removed by Index Recheck": 0,
          "Exact Heap Blocks": 4756,
          "Lossy Heap Blocks": 0,
          "Plans": [
            {
              "Node Type": "Bitmap Index Scan",
              "Parent Relationship": "Outer",
              "Parallel Aware": false,
              "Index Name": "info_type_id_movie_info",
              "Startup Cost": 0.0,
              "Total Cost": 2764.95,
              "Plan Rows": 154736,
              "Plan Width": 0,
              "Actual Startup Time": 12.983,
              "Actual Total Time": 12.984,
              "Actual Rows": 147487,
              "Actual Loops": 1,
              "Index Cond": "(info_type_id = 107)"
            }
          ]
        }
      ]
    },
    "Planning Time": 0.146,
    "Triggers": [],
    "Execution Time": 48.972
  }
]