{
  "Plan": {
    "Node Type": "Aggregate",
    "Strategy": "Plain",
    "Partial Mode": "Finalize",
    "Parallel Aware": false,
    "Startup Cost": 511899.65,
    "Total Cost": 511899.66,
    "Plan Rows": 1,
    "Plan Width": 8,
    "Actual Startup Time": 2628.187,
    "Actual Total Time": 2660.64,
    "Actual Rows": 1,
    "Actual Loops": 1,
    "Plans": [
      {
        "Node Type": "Gather",
        "Parent Relationship": "Outer",
        "Parallel Aware": false,
        "Startup Cost": 511899.53,
        "Total Cost": 511899.64,
        "Plan Rows": 1,
        "Plan Width": 8,
        "Actual Startup Time": 2620.057,
        "Actual Total Time": 2660.629,
        "Actual Rows": 2,
        "Actual Loops": 1,
        "Workers Planned": 1,
        "Workers Launched": 1,
        "Single Copy": false,
        "Plans": [
          {
            "Node Type": "Aggregate",
            "Strategy": "Plain",
            "Partial Mode": "Partial",
            "Parent Relationship": "Outer",
            "Parallel Aware": false,
            "Startup Cost": 510899.53,
            "Total Cost": 510899.54,
            "Plan Rows": 1,
            "Plan Width": 8,
            "Actual Startup Time": 2608.949,
            "Actual Total Time": 2608.953,
            "Actual Rows": 1,
            "Actual Loops": 2,
            "Plans": [
              {
                "Node Type": "Hash Join",
                "Parent Relationship": "Outer",
                "Parallel Aware": true,
                "Join Type": "Inner",
                "Startup Cost": 197914.85,
                "Total Cost": 502346.67,
                "Plan Rows": 3421145,
                "Plan Width": 0,
                "Actual Startup Time": 834.738,
                "Actual Total Time": 2463.39,
                "Actual Rows": 2815954,
                "Actual Loops": 2,
                "Inner Unique": true,
                "Hash Cond": "(ci.movie_id = t.id)",
                "Plans": [
                  {
                    "Node Type": "Bitmap Heap Scan",
                    "Parent Relationship": "Outer",
                    "Parallel Aware": true,
                    "Relation Name": "cast_info",
                    "Alias": "ci",
                    "Startup Cost": 128454.15,
                    "Total Cost": 423905.46,
                    "Plan Rows": 3421145,
                    "Plan Width": 4,
                    "Actual Startup Time": 254.462,
                    "Actual Total Time": 630.284,
                    "Actual Rows": 2815954,
                    "Actual Loops": 2,
                    "Recheck Cond": "(person_id > 3087600)",
                    "Rows Removed by Index Recheck": 0,
                    "Exact Heap Blocks": 46289,
                    "Lossy Heap Blocks": 0,
                    "Plans": [
                      {
                        "Node Type": "Bitmap Index Scan",
                        "Parent Relationship": "Outer",
                        "Parallel Aware": false,
                        "Index Name": "person_id_cast_info",
                        "Startup Cost": 0.0,
                        "Total Cost": 127000.16,
                        "Plan Rows": 5815946,
                        "Plan Width": 0,
                        "Actual Startup Time": 241.138,
                        "Actual Total Time": 241.139,
                        "Actual Rows": 5631908,
                        "Actual Loops": 1,
                        "Index Cond": "(person_id > 3087600)"
                      }
                    ]
                  },
                  {
                    "Node Type": "Hash",
                    "Parent Relationship": "Inner",
                    "Parallel Aware": true,
                    "Startup Cost": 50870.31,
                    "Total Cost": 50870.31,
                    "Plan Rows": 1487231,
                    "Plan Width": 4,
                    "Actual Startup Time": 558.958,
                    "Actual Total Time": 558.958,
                    "Actual Rows": 1264156,
                    "Actual Loops": 2,
                    "Hash Buckets": 4194304,
                    "Original Hash Buckets": 4194304,
                    "Hash Batches": 1,
                    "Original Hash Batches": 1,
                    "Peak Memory Usage": 131712,
                    "Plans": [
                      {
                        "Node Type": "Seq Scan",
                        "Parent Relationship": "Outer",
                        "Parallel Aware": true,
                        "Relation Name": "title",
                        "Alias": "t",
                        "Startup Cost": 0.0,
                        "Total Cost": 50870.31,
                        "Plan Rows": 1487231,
                        "Plan Width": 4,
                        "Actual Startup Time": 0.025,
                        "Actual Total Time": 176.331,
                        "Actual Rows": 1264156,
                        "Actual Loops": 2
                      }
                    ]
                  }
                ]
              }
            ]
          }
        ]
      }
    ]
  },
  "Planning Time": 0.688,
  "Triggers": [],
  "Execution Time": 2660.762
}