[
  {
    "Plan": {
      "Node Type": "Aggregate",
      "Strategy": "Plain",
      "Partial Mode": "Finalize",
      "Parallel Aware": false,
      "Startup Cost": 385987.58,
      "Total Cost": 385987.59,
      "Plan Rows": 1,
      "Plan Width": 8,
      "Actual Startup Time": 1469.234,
      "Actual Total Time": 1528.742,
      "Actual Rows": 1,
      "Actual Loops": 1,
      "Plans": [
        {
          "Node Type": "Gather",
          "Parent Relationship": "Outer",
          "Parallel Aware": false,
          "Startup Cost": 385986.95,
          "Total Cost": 385987.56,
          "Plan Rows": 6,
          "Plan Width": 8,
          "Actual Startup Time": 1459.735,
          "Actual Total Time": 1528.718,
          "Actual Rows": 7,
          "Actual Loops": 1,
          "Workers Planned": 6,
          "Workers Launched": 6,
          "Single Copy": false,
          "Plans": [
            {
              "Node Type": "Aggregate",
              "Strategy": "Plain",
              "Partial Mode": "Partial",
              "Parent Relationship": "Outer",
              "Parallel Aware": false,
              "Startup Cost": 384986.95,
              "Total Cost": 384986.96,
              "Plan Rows": 1,
              "Plan Width": 8,
              "Actual Startup Time": 1444.472,
              "Actual Total Time": 1444.477,
              "Actual Rows": 1,
              "Actual Loops": 7,
              "Plans": [
                {
                  "Node Type": "Hash Join",
                  "Parent Relationship": "Outer",
                  "Parallel Aware": true,
                  "Join Type": "Inner",
                  "Startup Cost": 48897.3,
                  "Total Cost": 382673.66,
                  "Plan Rows": 925315,
                  "Plan Width": 0,
                  "Actual Startup Time": 440.643,
                  "Actual Total Time": 1396.521,
                  "Actual Rows": 936514,
                  "Actual Loops": 7,
                  "Inner Unique": true,
                  "Hash Cond": "(ci.movie_id = t.id)",
                  "Plans": [
                    {
                      "Node Type": "Seq Scan",
                      "Parent Relationship": "Outer",
                      "Parallel Aware": true,
                      "Relation Name": "cast_info",
                      "Alias": "ci",
                      "Startup Cost": 0.0,
                      "Total Cost": 328162.03,
                      "Plan Rows": 2138792,
                      "Plan Width": 4,
                      "Actual Startup Time": 262.773,
                      "Actual Total Time": 609.859,
                      "Actual Rows": 1827486,
                      "Actual Loops": 7,
                      "Filter": "(person_id > 2400613)",
                      "Rows Removed by Filter": 3350278
                    },
                    {
                      "Node Type": "Hash",
                      "Parent Relationship": "Inner",
                      "Parallel Aware": true,
                      "Startup Cost": 45479.1,
                      "Total Cost": 45479.1,
                      "Plan Rows": 273456,
                      "Plan Width": 4,
                      "Actual Startup Time": 172.902,
                      "Actual Total Time": 172.905,
                      "Actual Rows": 169935,
                      "Actual Loops": 7,
                      "Hash Buckets": 2097152,
                      "Original Hash Buckets": 2097152,
                      "Hash Batches": 1,
                      "Original Hash Batches": 1,
                      "Peak Memory Usage": 63008,
                      "Plans": [
                        {
                          "Node Type": "Seq Scan",
                          "Parent Relationship": "Outer",
                          "Parallel Aware": true,
                          "Relation Name": "title",
                          "Alias": "t",
                          "Startup Cost": 0.0,
                          "Total Cost": 45479.1,
                          "Plan Rows": 273456,
                          "Plan Width": 4,
                          "Actual Startup Time": 0.046,
                          "Actual Total Time": 83.211,
                          "Actual Rows": 169935,
                          "Actual Loops": 7,
                          "Filter": "((production_year > 1988) AND (kind_id = 7))",
                          "Rows Removed by Filter": 191252
                        }
                      ]
                    }
                  ]
                }
              ]
            }
          ]
        }
      ]
    },
    "Planning Time": 0.637,
    "Triggers": [],
    "Execution Time": 1528.831
  }
]