{
  "Plan": {
    "Node Type": "Aggregate",
    "Strategy": "Plain",
    "Partial Mode": "Finalize",
    "Parallel Aware": false,
    "Startup Cost": 122149.06,
    "Total Cost": 122149.07,
    "Plan Rows": 1,
    "Plan Width": 8,
    "Actual Startup Time": 426.156,
    "Actual Total Time": 442.681,
    "Actual Rows": 1,
    "Actual Loops": 1,
    "Plans": [
      {
        "Node Type": "Gather",
        "Parent Relationship": "Outer",
        "Parallel Aware": false,
        "Startup Cost": 122148.95,
        "Total Cost": 122149.06,
        "Plan Rows": 1,
        "Plan Width": 8,
        "Actual Startup Time": 425.568,
        "Actual Total Time": 442.673,
        "Actual Rows": 2,
        "Actual Loops": 1,
        "Workers Planned": 1,
        "Workers Launched": 1,
        "Single Copy": false,
        "Plans": [
          {
            "Node Type": "Aggregate",
            "Strategy": "Plain",
            "Partial Mode": "Partial",
            "Parent Relationship": "Outer",
            "Parallel Aware": false,
            "Startup Cost": 121148.95,
            "Total Cost": 121148.96,
            "Plan Rows": 1,
            "Plan Width": 8,
            "Actual Startup Time": 422.499,
            "Actual Total Time": 422.503,
            "Actual Rows": 1,
            "Actual Loops": 2,
            "Plans": [
              {
                "Node Type": "Hash Join",
                "Parent Relationship": "Outer",
                "Parallel Aware": true,
                "Join Type": "Inner",
                "Startup Cost": 60594.62,
                "Total Cost": 120851.38,
                "Plan Rows": 119030,
                "Plan Width": 0,
                "Actual Startup Time": 175.955,
                "Actual Total Time": 421.546,
                "Actual Rows": 22287,
                "Actual Loops": 2,
                "Inner Unique": true,
                "Hash Cond": "(mk.movie_id = t.id)",
                "Plans": [
                  {
                    "Node Type": "Seq Scan",
                    "Parent Relationship": "Outer",
                    "Parallel Aware": true,
                    "Relation Name": "movie_keyword",
                    "Alias": "mk",
                    "Startup Cost": 0.0,
                    "Total Cost": 57718.19,
                    "Plan Rows": 967073,
                    "Plan Width": 4,
                    "Actual Startup Time": 0.805,
                    "Actual Total Time": 168.029,
                    "Actual Rows": 823466,
                    "Actual Loops": 2,
                    "Filter": "(keyword_id > 8927)",
                    "Rows Removed by Filter": 1438498
                  },
                  {
                    "Node Type": "Hash",
                    "Parent Relationship": "Inner",
                    "Parallel Aware": true,
                    "Startup Cost": 58306.47,
                    "Total Cost": 58306.47,
                    "Plan Rows": 183052,
                    "Plan Width": 4,
                    "Actual Startup Time": 171.295,
                    "Actual Total Time": 171.296,
                    "Actual Rows": 104902,
                    "Actual Loops": 2,
                    "Hash Buckets": 524288,
                    "Original Hash Buckets": 524288,
                    "Hash Batches": 1,
                    "Original Hash Batches": 1,
                    "Peak Memory Usage": 12352,
                    "Plans": [
                      {
                        "Node Type": "Seq Scan",
                        "Parent Relationship": "Outer",
                        "Parallel Aware": true,
                        "Relation Name": "title",
                        "Alias": "t",
                        "Startup Cost": 0.0,
                        "Total Cost": 58306.47,
                        "Plan Rows": 183052,
                        "Plan Width": 4,
                        "Actual Startup Time": 0.024,
                        "Actual Total Time": 139.352,
                        "Actual Rows": 104902,
                        "Actual Loops": 2,
                        "Filter": "((production_year < 1981) AND (kind_id = 7))",
                        "Rows Removed by Filter": 1159254
                      }
                    ]
                  }
                ]
              }
            ]
          }
        ]
      }
    ]
  },
  "Planning Time": 0.395,
  "Triggers": [],
  "Execution Time": 442.735
}