[
  {
    "Plan": {
      "Node Type": "Aggregate",
      "Strategy": "Plain",
      "Partial Mode": "Finalize",
      "Parallel Aware": false,
      "Startup Cost": 431685.69,
      "Total Cost": 431685.7,
      "Plan Rows": 1,
      "Plan Width": 8,
      "Actual Startup Time": 3160.828,
      "Actual Total Time": 3224.615,
      "Actual Rows": 1,
      "Actual Loops": 1,
      "Plans": [
        {
          "Node Type": "Gather",
          "Parent Relationship": "Outer",
          "Parallel Aware": false,
          "Startup Cost": 431685.06,
          "Total Cost": 431685.67,
          "Plan Rows": 6,
          "Plan Width": 8,
          "Actual Startup Time": 3147.991,
          "Actual Total Time": 3224.601,
          "Actual Rows": 7,
          "Actual Loops": 1,
          "Workers Planned": 6,
          "Workers Launched": 6,
          "Single Copy": false,
          "Plans": [
            {
              "Node Type": "Aggregate",
              "Strategy": "Plain",
              "Partial Mode": "Partial",
              "Parent Relationship": "Outer",
              "Parallel Aware": false,
              "Startup Cost": 430685.06,
              "Total Cost": 430685.07,
              "Plan Rows": 1,
              "Plan Width": 8,
              "Actual Startup Time": 3136.428,
              "Actual Total Time": 3136.751,
              "Actual Rows": 1,
              "Actual Loops": 7,
              "Plans": [
                {
                  "Node Type": "Hash Join",
                  "Parent Relationship": "Outer",
                  "Parallel Aware": true,
                  "Join Type": "Inner",
                  "Startup Cost": 84128.27,
                  "Total Cost": 425261.44,
                  "Plan Rows": 2169450,
                  "Plan Width": 0,
                  "Actual Startup Time": 492.143,
                  "Actual Total Time": 2943.127,
                  "Actual Rows": 3826113,
                  "Actual Loops": 7,
                  "Inner Unique": false,
                  "Hash Cond": "(ci.movie_id = t.id)",
                  "Plans": [
                    {
                      "Node Type": "Seq Scan",
                      "Parent Relationship": "Outer",
                      "Parallel Aware": true,
                      "Relation Name": "cast_info",
                      "Alias": "ci",
                      "Startup Cost": 0.0,
                      "Total Cost": 313067.02,
                      "Plan Rows": 6038002,
                      "Plan Width": 4,
                      "Actual Startup Time": 0.035,
                      "Actual Total Time": 591.553,
                      "Actual Rows": 5177763,
                      "Actual Loops": 7
                    },
                    {
                      "Node Type": "Hash",
                      "Parent Relationship": "Inner",
                      "Parallel Aware": true,
                      "Startup Cost": 81289.47,
                      "Total Cost": 81289.47,
                      "Plan Rows": 227104,
                      "Plan Width": 8,
                      "Actual Startup Time": 486.58,
                      "Actual Total Time": 486.901,
                      "Actual Rows": 156861,
                      "Actual Loops": 7,
                      "Hash Buckets": 2097152,
                      "Original Hash Buckets": 1048576,
                      "Hash Batches": 1,
                      "Original Hash Batches": 1,
                      "Peak Memory Usage": 67616,
                      "Plans": [
                        {
                          "Node Type": "Hash Join",
                          "Parent Relationship": "Outer",
                          "Parallel Aware": true,
                          "Join Type": "Inner",
                          "Startup Cost": 35077.78,
                          "Total Cost": 81289.47,
                          "Plan Rows": 227104,
                          "Plan Width": 8,
                          "Actual Startup Time": 170.936,
                          "Actual Total Time": 379.982,
                          "Actual Rows": 156861,
                          "Actual Loops": 7,
                          "Inner Unique": false,
                          "Hash Cond": "(t.id = mc.movie_id)",
                          "Plans": [
                            {
                              "Node Type": "Seq Scan",
                              "Parent Relationship": "Outer",
                              "Parallel Aware": true,
                              "Relation Name": "title",
                              "Alias": "t",
                              "Startup Cost": 0.0,
                              "Total Cost": 42318.73,
                              "Plan Rows": 632073,
                              "Plan Width": 4,
                              "Actual Startup Time": 0.017,
                              "Actual Total Time": 63.646,
                              "Actual Rows": 361187,
                              "Actual Loops": 7
                            },
                            {
                              "Node Type": "Hash",
                              "Parent Relationship": "Inner",
                              "Parallel Aware": true,
                              "Startup Cost": 31414.82,
                              "Total Cost": 31414.82,
                              "Plan Rows": 293037,
                              "Plan Width": 4,
                              "Actual Startup Time": 169.114,
                              "Actual Total Time": 169.115,
                              "Actual Rows": 156861,
                              "Actual Loops": 7,
                              "Hash Buckets": 2097152,
                              "Original Hash Buckets": 1048576,
                              "Hash Batches": 1,
                              "Original Hash Batches": 1,
                              "Peak Memory Usage": 67616,
                              "Plans": [
                                {
                                  "Node Type": "Seq Scan",
                                  "Parent Relationship": "Outer",
                                  "Parallel Aware": true,
                                  "Relation Name": "movie_companies",
                                  "Alias": "mc",
                                  "Startup Cost": 0.0,
                                  "Total Cost": 31414.82,
                                  "Plan Rows": 293037,
                                  "Plan Width": 4,
                                  "Actual Startup Time": 41.143,
                                  "Actual Total Time": 72.973,
                                  "Actual Rows": 156861,
                                  "Actual Loops": 7,
                                  "Filter": "((company_id > 1886) AND (company_type_id = 2))",
                                  "Rows Removed by Filter": 215872
                                }
                              ]
                            }
                          ]
                        }
                      ]
                    }
                  ]
                }
              ]
            }
          ]
        }
      ]
    },
    "Planning Time": 1.517,
    "Triggers": [],
    "Execution Time": 3224.721
  }
]