{
  "Plan": {
    "Node Type": "Aggregate",
    "Strategy": "Plain",
    "Partial Mode": "Finalize",
    "Parallel Aware": false,
    "Startup Cost": 370108.16,
    "Total Cost": 370108.17,
    "Plan Rows": 1,
    "Plan Width": 8,
    "Actual Startup Time": 2627.637,
    "Actual Total Time": 2658.341,
    "Actual Rows": 1,
    "Actual Loops": 1,
    "Plans": [
      {
        "Node Type": "Gather",
        "Parent Relationship": "Outer",
        "Parallel Aware": false,
        "Startup Cost": 370108.05,
        "Total Cost": 370108.16,
        "Plan Rows": 1,
        "Plan Width": 8,
        "Actual Startup Time": 2627.604,
        "Actual Total Time": 2658.335,
        "Actual Rows": 2,
        "Actual Loops": 1,
        "Workers Planned": 1,
        "Workers Launched": 1,
        "Single Copy": false,
        "Plans": [
          {
            "Node Type": "Aggregate",
            "Strategy": "Plain",
            "Partial Mode": "Partial",
            "Parent Relationship": "Outer",
            "Parallel Aware": false,
            "Startup Cost": 369108.05,
            "Total Cost": 369108.06,
            "Plan Rows": 1,
            "Plan Width": 8,
            "Actual Startup Time": 2621.25,
            "Actual Total Time": 2621.252,
            "Actual Rows": 1,
            "Actual Loops": 2,
            "Plans": [
              {
                "Node Type": "Merge Join",
                "Parent Relationship": "Outer",
                "Parallel Aware": false,
                "Join Type": "Inner",
                "Startup Cost": 24.31,
                "Total Cost": 367391.42,
                "Plan Rows": 686652,
                "Plan Width": 0,
                "Actual Startup Time": 25.536,
                "Actual Total Time": 2540.449,
                "Actual Rows": 1982196,
                "Actual Loops": 2,
                "Inner Unique": false,
                "Merge Cond": "(mk.movie_id = t.id)",
                "Plans": [
                  {
                    "Node Type": "Index Scan",
                    "Parent Relationship": "Outer",
                    "Parallel Aware": true,
                    "Scan Direction": "Forward",
                    "Index Name": "movie_id_movie_keyword",
                    "Relation Name": "movie_keyword",
                    "Alias": "mk",
                    "Startup Cost": 0.43,
                    "Total Cost": 165212.95,
                    "Plan Rows": 2017269,
                    "Plan Width": 4,
                    "Actual Startup Time": 0.523,
                    "Actual Total Time": 372.802,
                    "Actual Rows": 1707230,
                    "Actual Loops": 2,
                    "Filter": "(keyword_id > 1135)",
                    "Rows Removed by Filter": 554732
                  },
                  {
                    "Node Type": "Materialize",
                    "Parent Relationship": "Inner",
                    "Parallel Aware": false,
                    "Startup Cost": 3.31,
                    "Total Cost": 188308.05,
                    "Plan Rows": 860598,
                    "Plan Width": 8,
                    "Actual Startup Time": 0.272,
                    "Actual Total Time": 1842.103,
                    "Actual Rows": 2614188,
                    "Actual Loops": 2,
                    "Plans": [
                      {
                        "Node Type": "Merge Join",
                        "Parent Relationship": "Outer",
                        "Parallel Aware": false,
                        "Join Type": "Inner",
                        "Startup Cost": 3.31,
                        "Total Cost": 186156.55,
                        "Plan Rows": 860598,
                        "Plan Width": 8,
                        "Actual Startup Time": 0.262,
                        "Actual Total Time": 1658.82,
                        "Actual Rows": 785758,
                        "Actual Loops": 2,
                        "Inner Unique": true,
                        "Merge Cond": "(mi_idx.movie_id = t.id)",
                        "Plans": [
                          {
                            "Node Type": "Index Only Scan",
                            "Parent Relationship": "Outer",
                            "Parallel Aware": false,
                            "Scan Direction": "Forward",
                            "Index Name": "movie_id_movie_info_idx",
                            "Relation Name": "movie_info_idx",
                            "Alias": "mi_idx",
                            "Startup Cost": 0.43,
                            "Total Cost": 53620.22,
                            "Plan Rows": 1380035,
                            "Plan Width": 4,
                            "Actual Startup Time": 0.146,
                            "Actual Total Time": 265.266,
                            "Actual Rows": 1380016,
                            "Actual Loops": 2,
                            "Heap Fetches": 2760032
                          },
                          {
                            "Node Type": "Index Scan",
                            "Parent Relationship": "Inner",
                            "Parallel Aware": false,
                            "Scan Direction": "Forward",
                            "Index Name": "title_pkey",
                            "Relation Name": "title",
                            "Alias": "t",
                            "Startup Cost": 0.43,
                            "Total Cost": 116660.7,
                            "Plan Rows": 1576658,
                            "Plan Width": 4,
                            "Actual Startup Time": 0.111,
                            "Actual Total Time": 1183.261,
                            "Actual Rows": 1570121,
                            "Actual Loops": 2,
                            "Filter": "(production_year > 1996)",
                            "Rows Removed by Filter": 955610
                          }
                        ]
                      }
                    ]
                  }
                ]
              }
            ]
          }
        ]
      }
    ]
  },
  "Planning Time": 1.036,
  "Triggers": [],
  "Execution Time": 2658.438
}