[
  {
    "Plan": {
      "Node Type": "Aggregate",
      "Strategy": "Plain",
      "Partial Mode": "Finalize",
      "Parallel Aware": false,
      "Startup Cost": 46866.5,
      "Total Cost": 46866.51,
      "Plan Rows": 1,
      "Plan Width": 8,
      "Actual Startup Time": 166.6,
      "Actual Total Time": 175.717,
      "Actual Rows": 1,
      "Actual Loops": 1,
      "Plans": [
        {
          "Node Type": "Gather",
          "Parent Relationship": "Outer",
          "Parallel Aware": false,
          "Startup Cost": 46866.18,
          "Total Cost": 46866.49,
          "Plan Rows": 3,
          "Plan Width": 8,
          "Actual Startup Time": 166.444,
          "Actual Total Time": 175.708,
          "Actual Rows": 4,
          "Actual Loops": 1,
          "Workers Planned": 3,
          "Workers Launched": 3,
          "Single Copy": false,
          "Plans": [
            {
              "Node Type": "Aggregate",
              "Strategy": "Plain",
              "Partial Mode": "Partial",
              "Parent Relationship": "Outer",
              "Parallel Aware": false,
              "Startup Cost": 45866.18,
              "Total Cost": 45866.19,
              "Plan Rows": 1,
              "Plan Width": 8,
              "Actual Startup Time": 159.93,
              "Actual Total Time": 159.931,
              "Actual Rows": 1,
              "Actual Loops": 4,
              "Plans": [
                {
                  "Node Type": "Seq Scan",
                  "Parent Relationship": "Outer",
                  "Parallel Aware": true,
                  "Relation Name": "movie_keyword",
                  "Alias": "mk",
                  "Startup Cost": 0.0,
                  "Total Cost": 42695.65,
                  "Plan Rows": 1268210,
                  "Plan Width": 0,
                  "Actual Startup Time": 0.056,
                  "Actual Total Time": 116.846,
                  "Actual Rows": 982244,
                  "Actual Loops": 4,
                  "Filter": "(keyword_id < 30946)",
                  "Rows Removed by Filter": 148739
                }
              ]
            }
          ]
        }
      ]
    },
    "Planning Time": 0.104,
    "Triggers": [],
    "Execution Time": 175.749
  }
]