[
  {
    "Plan": {
      "Node Type": "Aggregate",
      "Strategy": "Plain",
      "Partial Mode": "Finalize",
      "Parallel Aware": false,
      "Startup Cost": 32298.34,
      "Total Cost": 32298.35,
      "Plan Rows": 1,
      "Plan Width": 8,
      "Actual Startup Time": 122.118,
      "Actual Total Time": 129.82,
      "Actual Rows": 1,
      "Actual Loops": 1,
      "Plans": [
        {
          "Node Type": "Gather",
          "Parent Relationship": "Outer",
          "Parallel Aware": false,
          "Startup Cost": 32298.02,
          "Total Cost": 32298.33,
          "Plan Rows": 3,
          "Plan Width": 8,
          "Actual Startup Time": 122.01,
          "Actual Total Time": 129.811,
          "Actual Rows": 4,
          "Actual Loops": 1,
          "Workers Planned": 3,
          "Workers Launched": 3,
          "Single Copy": false,
          "Plans": [
            {
              "Node Type": "Aggregate",
              "Strategy": "Plain",
              "Partial Mode": "Partial",
              "Parent Relationship": "Outer",
              "Parallel Aware": false,
              "Startup Cost": 31298.02,
              "Total Cost": 31298.03,
              "Plan Rows": 1,
              "Plan Width": 8,
              "Actual Startup Time": 114.642,
              "Actual Total Time": 114.643,
              "Actual Rows": 1,
              "Actual Loops": 4,
              "Plans": [
                {
                  "Node Type": "Seq Scan",
                  "Parent Relationship": "Outer",
                  "Parallel Aware": true,
                  "Relation Name": "movie_companies",
                  "Alias": "mc",
                  "Startup Cost": 0.0,
                  "Total Cost": 29310.68,
                  "Plan Rows": 794936,
                  "Plan Width": 0,
                  "Actual Startup Time": 0.045,
                  "Actual Total Time": 85.238,
                  "Actual Rows": 616949,
                  "Actual Loops": 4,
                  "Filter": "(company_id < 135763)",
                  "Rows Removed by Filter": 35333
                }
              ]
            }
          ]
        }
      ]
    },
    "Planning Time": 0.192,
    "Triggers": [],
    "Execution Time": 129.878
  }
]