[
  {
    "Plan": {
      "Node Type": "Aggregate",
      "Strategy": "Plain",
      "Partial Mode": "Finalize",
      "Parallel Aware": false,
      "Startup Cost": 92039.39,
      "Total Cost": 92039.4,
      "Plan Rows": 1,
      "Plan Width": 8,
      "Actual Startup Time": 285.406,
      "Actual Total Time": 302.533,
      "Actual Rows": 1,
      "Actual Loops": 1,
      "Plans": [
        {
          "Node Type": "Gather",
          "Parent Relationship": "Outer",
          "Parallel Aware": false,
          "Startup Cost": 92039.07,
          "Total Cost": 92039.38,
          "Plan Rows": 3,
          "Plan Width": 8,
          "Actual Startup Time": 284.068,
          "Actual Total Time": 302.523,
          "Actual Rows": 4,
          "Actual Loops": 1,
          "Workers Planned": 3,
          "Workers Launched": 3,
          "Single Copy": false,
          "Plans": [
            {
              "Node Type": "Aggregate",
              "Strategy": "Plain",
              "Partial Mode": "Partial",
              "Parent Relationship": "Outer",
              "Parallel Aware": false,
              "Startup Cost": 91039.07,
              "Total Cost": 91039.08,
              "Plan Rows": 1,
              "Plan Width": 8,
              "Actual Startup Time": 275.15,
              "Actual Total Time": 275.154,
              "Actual Rows": 1,
              "Actual Loops": 4,
              "Plans": [
                {
                  "Node Type": "Hash Join",
                  "Parent Relationship": "Outer",
                  "Parallel Aware": true,
                  "Join Type": "Inner",
                  "Startup Cost": 46380.65,
                  "Total Cost": 90846.68,
                  "Plan Rows": 76957,
                  "Plan Width": 0,
                  "Actual Startup Time": 127.016,
                  "Actual Total Time": 274.391,
                  "Actual Rows": 16724,
                  "Actual Loops": 4,
                  "Inner Unique": true,
                  "Hash Cond": "(mk.movie_id = t.id)",
                  "Plans": [
                    {
                      "Node Type": "Seq Scan",
                      "Parent Relationship": "Outer",
                      "Parallel Aware": true,
                      "Relation Name": "movie_keyword",
                      "Alias": "mk",
                      "Startup Cost": 0.0,
                      "Total Cost": 42695.65,
                      "Plan Rows": 674428,
                      "Plan Width": 4,
                      "Actual Startup Time": 0.348,
                      "Actual Total Time": 99.816,
                      "Actual Rows": 522067,
                      "Actual Loops": 4,
                      "Filter": "(keyword_id > 5779)",
                      "Rows Removed by Filter": 608916
                    },
                    {
                      "Node Type": "Hash",
                      "Parent Relationship": "Inner",
                      "Parallel Aware": true,
                      "Startup Cost": 45479.1,
                      "Total Cost": 45479.1,
                      "Plan Rows": 72124,
                      "Plan Width": 4,
                      "Actual Startup Time": 122.982,
                      "Actual Total Time": 122.983,
                      "Actual Rows": 73168,
                      "Actual Loops": 4,
                      "Hash Buckets": 524288,
                      "Original Hash Buckets": 524288,
                      "Hash Batches": 1,
                      "Original Hash Batches": 1,
                      "Peak Memory Usage": 15584,
                      "Plans": [
                        {
                          "Node Type": "Seq Scan",
                          "Parent Relationship": "Outer",
                          "Parallel Aware": true,
                          "Relation Name": "title",
                          "Alias": "t",
                          "Startup Cost": 0.0,
                          "Total Cost": 45479.1,
                          "Plan Rows": 72124,
                          "Plan Width": 4,
                          "Actual Startup Time": 0.044,
                          "Actual Total Time": 96.547,
                          "Actual Rows": 73168,
                          "Actual Loops": 4,
                          "Filter": "((kind_id > 1) AND (production_year > 2010))",
                          "Rows Removed by Filter": 558910
                        }
                      ]
                    }
                  ]
                }
              ]
            }
          ]
        }
      ]
    },
    "Planning Time": 0.568,
    "Triggers": [],
    "Execution Time": 302.595
  }
]