{
  "Plan": {
    "Node Type": "Aggregate",
    "Strategy": "Plain",
    "Partial Mode": "Finalize",
    "Parallel Aware": false,
    "Startup Cost": 342088.38,
    "Total Cost": 342088.39,
    "Plan Rows": 1,
    "Plan Width": 8,
    "Actual Startup Time": 703.277,
    "Actual Total Time": 725.063,
    "Actual Rows": 1,
    "Actual Loops": 1,
    "Plans": [
      {
        "Node Type": "Gather",
        "Parent Relationship": "Outer",
        "Parallel Aware": false,
        "Startup Cost": 342088.27,
        "Total Cost": 342088.38,
        "Plan Rows": 1,
        "Plan Width": 8,
        "Actual Startup Time": 698.778,
        "Actual Total Time": 725.056,
        "Actual Rows": 2,
        "Actual Loops": 1,
        "Workers Planned": 1,
        "Workers Launched": 1,
        "Single Copy": false,
        "Plans": [
          {
            "Node Type": "Aggregate",
            "Strategy": "Plain",
            "Partial Mode": "Partial",
            "Parent Relationship": "Outer",
            "Parallel Aware": false,
            "Startup Cost": 341088.27,
            "Total Cost": 341088.28,
            "Plan Rows": 1,
            "Plan Width": 8,
            "Actual Startup Time": 686.009,
            "Actual Total Time": 686.013,
            "Actual Rows": 1,
            "Actual Loops": 2,
            "Plans": [
              {
                "Node Type": "Hash Join",
                "Parent Relationship": "Outer",
                "Parallel Aware": true,
                "Join Type": "Inner",
                "Startup Cost": 75351.34,
                "Total Cost": 340696.22,
                "Plan Rows": 156818,
                "Plan Width": 0,
                "Actual Startup Time": 592.868,
                "Actual Total Time": 680.534,
                "Actual Rows": 133216,
                "Actual Loops": 2,
                "Inner Unique": true,
                "Hash Cond": "(ci.movie_id = t.id)",
                "Plans": [
                  {
                    "Node Type": "Bitmap Heap Scan",
                    "Parent Relationship": "Outer",
                    "Parallel Aware": true,
                    "Relation Name": "cast_info",
                    "Alias": "ci",
                    "Startup Cost": 5890.64,
                    "Total Cost": 270823.88,
                    "Plan Rows": 156818,
                    "Plan Width": 4,
                    "Actual Startup Time": 8.908,
                    "Actual Total Time": 24.394,
                    "Actual Rows": 133216,
                    "Actual Loops": 2,
                    "Recheck Cond": "(person_id < 31244)",
                    "Rows Removed by Index Recheck": 0,
                    "Exact Heap Blocks": 1610,
                    "Lossy Heap Blocks": 0,
                    "Plans": [
                      {
                        "Node Type": "Bitmap Index Scan",
                        "Parent Relationship": "Outer",
                        "Parallel Aware": false,
                        "Index Name": "person_id_cast_info",
                        "Startup Cost": 0.0,
                        "Total Cost": 5823.99,
                        "Plan Rows": 266590,
                        "Plan Width": 0,
                        "Actual Startup Time": 8.596,
                        "Actual Total Time": 8.597,
                        "Actual Rows": 266431,
                        "Actual Loops": 1,
                        "Index Cond": "(person_id < 31244)"
                      }
                    ]
                  },
                  {
                    "Node Type": "Hash",
                    "Parent Relationship": "Inner",
                    "Parallel Aware": true,
                    "Startup Cost": 50870.31,
                    "Total Cost": 50870.31,
                    "Plan Rows": 1487231,
                    "Plan Width": 4,
                    "Actual Startup Time": 562.494,
                    "Actual Total Time": 562.495,
                    "Actual Rows": 1264156,
                    "Actual Loops": 2,
                    "Hash Buckets": 4194304,
                    "Original Hash Buckets": 4194304,
                    "Hash Batches": 1,
                    "Original Hash Batches": 1,
                    "Peak Memory Usage": 131712,
                    "Plans": [
                      {
                        "Node Type": "Seq Scan",
                        "Parent Relationship": "Outer",
                        "Parallel Aware": true,
                        "Relation Name": "title",
                        "Alias": "t",
                        "Startup Cost": 0.0,
                        "Total Cost": 50870.31,
                        "Plan Rows": 1487231,
                        "Plan Width": 4,
                        "Actual Startup Time": 0.021,
                        "Actual Total Time": 157.95,
                        "Actual Rows": 1264156,
                        "Actual Loops": 2
                      }
                    ]
                  }
                ]
              }
            ]
          }
        ]
      }
    ]
  },
  "Planning Time": 0.704,
  "Triggers": [],
  "Execution Time": 725.155
}