{
  "Plan": {
    "Node Type": "Aggregate",
    "Strategy": "Plain",
    "Partial Mode": "Finalize",
    "Parallel Aware": false,
    "Startup Cost": 116588.52,
    "Total Cost": 116588.53,
    "Plan Rows": 1,
    "Plan Width": 8,
    "Actual Startup Time": 691.869,
    "Actual Total Time": 709.654,
    "Actual Rows": 1,
    "Actual Loops": 1,
    "Plans": [
      {
        "Node Type": "Gather",
        "Parent Relationship": "Outer",
        "Parallel Aware": false,
        "Startup Cost": 116588.41,
        "Total Cost": 116588.52,
        "Plan Rows": 1,
        "Plan Width": 8,
        "Actual Startup Time": 687.394,
        "Actual Total Time": 709.645,
        "Actual Rows": 2,
        "Actual Loops": 1,
        "Workers Planned": 1,
        "Workers Launched": 1,
        "Single Copy": false,
        "Plans": [
          {
            "Node Type": "Aggregate",
            "Strategy": "Plain",
            "Partial Mode": "Partial",
            "Parent Relationship": "Outer",
            "Parallel Aware": false,
            "Startup Cost": 115588.41,
            "Total Cost": 115588.42,
            "Plan Rows": 1,
            "Plan Width": 8,
            "Actual Startup Time": 675.419,
            "Actual Total Time": 675.425,
            "Actual Rows": 1,
            "Actual Loops": 2,
            "Plans": [
              {
                "Node Type": "Hash Join",
                "Parent Relationship": "Outer",
                "Parallel Aware": true,
                "Join Type": "Inner",
                "Startup Cost": 96406.53,
                "Total Cost": 115563.11,
                "Plan Rows": 10119,
                "Plan Width": 0,
                "Actual Startup Time": 570.919,
                "Actual Total Time": 674.113,
                "Actual Rows": 29890,
                "Actual Loops": 2,
                "Inner Unique": false,
                "Hash Cond": "(mi_idx.movie_id = t.id)",
                "Plans": [
                  {
                    "Node Type": "Seq Scan",
                    "Parent Relationship": "Outer",
                    "Parallel Aware": true,
                    "Relation Name": "movie_info_idx",
                    "Alias": "mi_idx",
                    "Startup Cost": 0.0,
                    "Total Cost": 16052.85,
                    "Plan Rows": 811785,
                    "Plan Width": 4,
                    "Actual Startup Time": 0.022,
                    "Actual Total Time": 46.315,
                    "Actual Rows": 690018,
                    "Actual Loops": 2
                  },
                  {
                    "Node Type": "Hash",
                    "Parent Relationship": "Inner",
                    "Parallel Aware": true,
                    "Startup Cost": 96174.79,
                    "Total Cost": 96174.79,
                    "Plan Rows": 18539,
                    "Plan Width": 8,
                    "Actual Startup Time": 569.235,
                    "Actual Total Time": 569.24,
                    "Actual Rows": 14720,
                    "Actual Loops": 2,
                    "Hash Buckets": 32768,
                    "Original Hash Buckets": 32768,
                    "Hash Batches": 1,
                    "Original Hash Batches": 1,
                    "Peak Memory Usage": 1440,
                    "Plans": [
                      {
                        "Node Type": "Hash Join",
                        "Parent Relationship": "Outer",
                        "Parallel Aware": true,
                        "Join Type": "Inner",
                        "Startup Cost": 70133.39,
                        "Total Cost": 96174.79,
                        "Plan Rows": 18539,
                        "Plan Width": 8,
                        "Actual Startup Time": 537.069,
                        "Actual Total Time": 565.479,
                        "Actual Rows": 14720,
                        "Actual Loops": 2,
                        "Inner Unique": true,
                        "Hash Cond": "(mk.movie_id = t.id)",
                        "Plans": [
                          {
                            "Node Type": "Bitmap Heap Scan",
                            "Parent Relationship": "Outer",
                            "Parallel Aware": true,
                            "Relation Name": "movie_keyword",
                            "Alias": "mk",
                            "Startup Cost": 672.69,
                            "Total Cost": 26665.43,
                            "Plan Rows": 18539,
                            "Plan Width": 4,
                            "Actual Startup Time": 4.457,
                            "Actual Total Time": 22.277,
                            "Actual Rows": 14720,
                            "Actual Loops": 2,
                            "Recheck Cond": "(keyword_id = 359)",
                            "Rows Removed by Index Recheck": 0,
                            "Exact Heap Blocks": 8259,
                            "Lossy Heap Blocks": 0,
                            "Plans": [
                              {
                                "Node Type": "Bitmap Index Scan",
                                "Parent Relationship": "Outer",
                                "Parallel Aware": false,
                                "Index Name": "keyword_id_movie_keyword",
                                "Startup Cost": 0.0,
                                "Total Cost": 664.81,
                                "Plan Rows": 31517,
                                "Plan Width": 0,
                                "Actual Startup Time": 2.769,
                                "Actual Total Time": 2.769,
                                "Actual Rows": 29440,
                                "Actual Loops": 1,
                                "Index Cond": "(keyword_id = 359)"
                              }
                            ]
                          },
                          {
                            "Node Type": "Hash",
                            "Parent Relationship": "Inner",
                            "Parallel Aware": true,
                            "Startup Cost": 50870.31,
                            "Total Cost": 50870.31,
                            "Plan Rows": 1487231,
                            "Plan Width": 4,
                            "Actual Startup Time": 512.804,
                            "Actual Total Time": 512.804,
                            "Actual Rows": 1264156,
                            "Actual Loops": 2,
                            "Hash Buckets": 4194304,
                            "Original Hash Buckets": 4194304,
                            "Hash Batches": 1,
                            "Original Hash Batches": 1,
                            "Peak Memory Usage": 131680,
                            "Plans": [
                              {
                                "Node Type": "Seq Scan",
                                "Parent Relationship": "Outer",
                                "Parallel Aware": true,
                                "Relation Name": "title",
                                "Alias": "t",
                                "Startup Cost": 0.0,
                                "Total Cost": 50870.31,
                                "Plan Rows": 1487231,
                                "Plan Width": 4,
                                "Actual Startup Time": 0.024,
                                "Actual Total Time": 148.322,
                                "Actual Rows": 1264156,
                                "Actual Loops": 2
                              }
                            ]
                          }
                        ]
                      }
                    ]
                  }
                ]
              }
            ]
          }
        ]
      }
    ]
  },
  "Planning Time": 0.991,
  "Triggers": [],
  "Execution Time": 709.751
}