[
  {
    "Plan": {
      "Node Type": "Aggregate",
      "Strategy": "Plain",
      "Partial Mode": "Finalize",
      "Parallel Aware": false,
      "Startup Cost": 364197.6,
      "Total Cost": 364197.61,
      "Plan Rows": 1,
      "Plan Width": 8,
      "Actual Startup Time": 1081.024,
      "Actual Total Time": 1110.09,
      "Actual Rows": 1,
      "Actual Loops": 1,
      "Plans": [
        {
          "Node Type": "Gather",
          "Parent Relationship": "Outer",
          "Parallel Aware": false,
          "Startup Cost": 364197.28,
          "Total Cost": 364197.59,
          "Plan Rows": 3,
          "Plan Width": 8,
          "Actual Startup Time": 1059.887,
          "Actual Total Time": 1110.067,
          "Actual Rows": 4,
          "Actual Loops": 1,
          "Workers Planned": 3,
          "Workers Launched": 3,
          "Single Copy": false,
          "Plans": [
            {
              "Node Type": "Aggregate",
              "Strategy": "Plain",
              "Partial Mode": "Partial",
              "Parent Relationship": "Outer",
              "Parallel Aware": false,
              "Startup Cost": 363197.28,
              "Total Cost": 363197.29,
              "Plan Rows": 1,
              "Plan Width": 8,
              "Actual Startup Time": 1049.427,
              "Actual Total Time": 1049.589,
              "Actual Rows": 1,
              "Actual Loops": 4,
              "Plans": [
                {
                  "Node Type": "Hash Join",
                  "Parent Relationship": "Outer",
                  "Parallel Aware": true,
                  "Join Type": "Inner",
                  "Startup Cost": 331355.75,
                  "Total Cost": 362310.01,
                  "Plan Rows": 354908,
                  "Plan Width": 0,
                  "Actual Startup Time": 721.046,
                  "Actual Total Time": 1006.159,
                  "Actual Rows": 977110,
                  "Actual Loops": 4,
                  "Inner Unique": false,
                  "Hash Cond": "(mc.movie_id = t.id)",
                  "Plans": [
                    {
                      "Node Type": "Seq Scan",
                      "Parent Relationship": "Outer",
                      "Parallel Aware": true,
                      "Relation Name": "movie_companies",
                      "Alias": "mc",
                      "Startup Cost": 0.0,
                      "Total Cost": 27206.55,
                      "Plan Rows": 841655,
                      "Plan Width": 4,
                      "Actual Startup Time": 0.013,
                      "Actual Total Time": 63.563,
                      "Actual Rows": 652282,
                      "Actual Loops": 4
                    },
                    {
                      "Node Type": "Hash",
                      "Parent Relationship": "Inner",
                      "Parallel Aware": true,
                      "Startup Cost": 329134.53,
                      "Total Cost": 329134.53,
                      "Plan Rows": 177697,
                      "Plan Width": 8,
                      "Actual Startup Time": 714.27,
                      "Actual Total Time": 714.43,
                      "Actual Rows": 254724,
                      "Actual Loops": 4,
                      "Hash Buckets": 2097152,
                      "Original Hash Buckets": 2097152,
                      "Hash Batches": 1,
                      "Original Hash Batches": 1,
                      "Peak Memory Usage": 56288,
                      "Plans": [
                        {
                          "Node Type": "Hash Join",
                          "Parent Relationship": "Outer",
                          "Parallel Aware": true,
                          "Join Type": "Inner",
                          "Startup Cost": 73759.87,
                          "Total Cost": 329134.53,
                          "Plan Rows": 177697,
                          "Plan Width": 8,
                          "Actual Startup Time": 411.74,
                          "Actual Total Time": 605.754,
                          "Actual Rows": 254724,
                          "Actual Loops": 4,
                          "Inner Unique": true,
                          "Hash Cond": "(ci.movie_id = t.id)",
                          "Plans": [
                            {
                              "Node Type": "Bitmap Heap Scan",
                              "Parent Relationship": "Outer",
                              "Parallel Aware": true,
                              "Relation Name": "cast_info",
                              "Alias": "ci",
                              "Startup Cost": 23539.48,
                              "Total Cost": 278447.7,
                              "Plan Rows": 177697,
                              "Plan Width": 4,
                              "Actual Startup Time": 39.967,
                              "Actual Total Time": 95.236,
                              "Actual Rows": 254724,
                              "Actual Loops": 4,
                              "Recheck Cond": "(person_id > 3865241)",
                              "Rows Removed by Index Recheck": 0,
                              "Exact Heap Blocks": 3851,
                              "Lossy Heap Blocks": 0,
                              "Plans": [
                                {
                                  "Node Type": "Bitmap Index Scan",
                                  "Parent Relationship": "Outer",
                                  "Parallel Aware": false,
                                  "Index Name": "person_id_cast_info",
                                  "Startup Cost": 0.0,
                                  "Total Cost": 23272.94,
                                  "Plan Rows": 1066183,
                                  "Plan Width": 0,
                                  "Actual Startup Time": 37.743,
                                  "Actual Total Time": 37.743,
                                  "Actual Rows": 1018894,
                                  "Actual Loops": 1,
                                  "Index Cond": "(person_id > 3865241)"
                                }
                              ]
                            },
                            {
                              "Node Type": "Hash",
                              "Parent Relationship": "Inner",
                              "Parallel Aware": true,
                              "Startup Cost": 42319.06,
                              "Total Cost": 42319.06,
                              "Plan Rows": 632106,
                              "Plan Width": 4,
                              "Actual Startup Time": 363.868,
                              "Actual Total Time": 363.869,
                              "Actual Rows": 632078,
                              "Actual Loops": 4,
                              "Hash Buckets": 4194304,
                              "Original Hash Buckets": 4194304,
                              "Hash Batches": 1,
                              "Original Hash Batches": 1,
                              "Peak Memory Usage": 131776,
                              "Plans": [
                                {
                                  "Node Type": "Seq Scan",
                                  "Parent Relationship": "Outer",
                                  "Parallel Aware": true,
                                  "Relation Name": "title",
                                  "Alias": "t",
                                  "Startup Cost": 0.0,
                                  "Total Cost": 42319.06,
                                  "Plan Rows": 632106,
                                  "Plan Width": 4,
                                  "Actual Startup Time": 0.06,
                                  "Actual Total Time": 104.516,
                                  "Actual Rows": 632078,
                                  "Actual Loops": 4
                                }
                              ]
                            }
                          ]
                        }
                      ]
                    }
                  ]
                }
              ]
            }
          ]
        }
      ]
    },
    "Planning Time": 0.837,
    "Triggers": [],
    "Execution Time": 1110.163
  }
]