[
  {
    "Plan": {
      "Node Type": "Aggregate",
      "Strategy": "Plain",
      "Partial Mode": "Finalize",
      "Parallel Aware": false,
      "Startup Cost": 363810.29,
      "Total Cost": 363810.3,
      "Plan Rows": 1,
      "Plan Width": 8,
      "Actual Startup Time": 1030.744,
      "Actual Total Time": 1060.958,
      "Actual Rows": 1,
      "Actual Loops": 1,
      "Plans": [
        {
          "Node Type": "Gather",
          "Parent Relationship": "Outer",
          "Parallel Aware": false,
          "Startup Cost": 363809.97,
          "Total Cost": 363810.28,
          "Plan Rows": 3,
          "Plan Width": 8,
          "Actual Startup Time": 1011.381,
          "Actual Total Time": 1060.948,
          "Actual Rows": 4,
          "Actual Loops": 1,
          "Workers Planned": 3,
          "Workers Launched": 3,
          "Single Copy": false,
          "Plans": [
            {
              "Node Type": "Aggregate",
              "Strategy": "Plain",
              "Partial Mode": "Partial",
              "Parent Relationship": "Outer",
              "Parallel Aware": false,
              "Startup Cost": 362809.97,
              "Total Cost": 362809.98,
              "Plan Rows": 1,
              "Plan Width": 8,
              "Actual Startup Time": 998.323,
              "Actual Total Time": 998.329,
              "Actual Rows": 1,
              "Actual Loops": 4,
              "Plans": [
                {
                  "Node Type": "Hash Join",
                  "Parent Relationship": "Outer",
                  "Parallel Aware": true,
                  "Join Type": "Inner",
                  "Startup Cost": 330988.01,
                  "Total Cost": 361934.44,
                  "Plan Rows": 350211,
                  "Plan Width": 0,
                  "Actual Startup Time": 676.576,
                  "Actual Total Time": 954.638,
                  "Actual Rows": 977110,
                  "Actual Loops": 4,
                  "Inner Unique": false,
                  "Hash Cond": "(mc.movie_id = t.id)",
                  "Plans": [
                    {
                      "Node Type": "Seq Scan",
                      "Parent Relationship": "Outer",
                      "Parallel Aware": true,
                      "Relation Name": "movie_companies",
                      "Alias": "mc",
                      "Startup Cost": 0.0,
                      "Total Cost": 27206.55,
                      "Plan Rows": 841655,
                      "Plan Width": 4,
                      "Actual Startup Time": 0.018,
                      "Actual Total Time": 60.921,
                      "Actual Rows": 652282,
                      "Actual Loops": 4
                    },
                    {
                      "Node Type": "Hash",
                      "Parent Relationship": "Inner",
                      "Parallel Aware": true,
                      "Startup Cost": 328796.31,
                      "Total Cost": 328796.31,
                      "Plan Rows": 175336,
                      "Plan Width": 8,
                      "Actual Startup Time": 669.054,
                      "Actual Total Time": 669.059,
                      "Actual Rows": 254724,
                      "Actual Loops": 4,
                      "Hash Buckets": 2097152,
                      "Original Hash Buckets": 2097152,
                      "Hash Batches": 1,
                      "Original Hash Batches": 1,
                      "Peak Memory Usage": 56320,
                      "Plans": [
                        {
                          "Node Type": "Hash Join",
                          "Parent Relationship": "Outer",
                          "Parallel Aware": true,
                          "Join Type": "Inner",
                          "Startup Cost": 73457.35,
                          "Total Cost": 328796.31,
                          "Plan Rows": 175336,
                          "Plan Width": 8,
                          "Actual Startup Time": 388.718,
                          "Actual Total Time": 568.827,
                          "Actual Rows": 254724,
                          "Actual Loops": 4,
                          "Inner Unique": true,
                          "Hash Cond": "(ci.movie_id = t.id)",
                          "Plans": [
                            {
                              "Node Type": "Bitmap Heap Scan",
                              "Parent Relationship": "Outer",
                              "Parallel Aware": true,
                              "Relation Name": "cast_info",
                              "Alias": "ci",
                              "Startup Cost": 23237.7,
                              "Total Cost": 278116.41,
                              "Plan Rows": 175336,
                              "Plan Width": 4,
                              "Actual Startup Time": 36.407,
                              "Actual Total Time": 81.239,
                              "Actual Rows": 254724,
                              "Actual Loops": 4,
                              "Recheck Cond": "(person_id > 3865241)",
                              "Rows Removed by Index Recheck": 0,
                              "Exact Heap Blocks": 3126,
                              "Lossy Heap Blocks": 0,
                              "Plans": [
                                {
                                  "Node Type": "Bitmap Index Scan",
                                  "Parent Relationship": "Outer",
                                  "Parallel Aware": false,
                                  "Index Name": "person_id_cast_info",
                                  "Startup Cost": 0.0,
                                  "Total Cost": 22974.7,
                                  "Plan Rows": 1052018,
                                  "Plan Width": 0,
                                  "Actual Startup Time": 34.213,
                                  "Actual Total Time": 34.214,
                                  "Actual Rows": 1018894,
                                  "Actual Loops": 1,
                                  "Index Cond": "(person_id > 3865241)"
                                }
                              ]
                            },
                            {
                              "Node Type": "Hash",
                              "Parent Relationship": "Inner",
                              "Parallel Aware": true,
                              "Startup Cost": 42318.73,
                              "Total Cost": 42318.73,
                              "Plan Rows": 632073,
                              "Plan Width": 4,
                              "Actual Startup Time": 344.27,
                              "Actual Total Time": 344.271,
                              "Actual Rows": 632078,
                              "Actual Loops": 4,
                              "Hash Buckets": 4194304,
                              "Original Hash Buckets": 4194304,
                              "Hash Batches": 1,
                              "Original Hash Batches": 1,
                              "Peak Memory Usage": 131712,
                              "Plans": [
                                {
                                  "Node Type": "Seq Scan",
                                  "Parent Relationship": "Outer",
                                  "Parallel Aware": true,
                                  "Relation Name": "title",
                                  "Alias": "t",
                                  "Startup Cost": 0.0,
                                  "Total Cost": 42318.73,
                                  "Plan Rows": 632073,
                                  "Plan Width": 4,
                                  "Actual Startup Time": 0.041,
                                  "Actual Total Time": 100.523,
                                  "Actual Rows": 632078,
                                  "Actual Loops": 4
                                }
                              ]
                            }
                          ]
                        }
                      ]
                    }
                  ]
                }
              ]
            }
          ]
        }
      ]
    },
    "Planning Time": 1.082,
    "Triggers": [],
    "Execution Time": 1061.09
  }
]