[
  {
    "Plan": {
      "Node Type": "Aggregate",
      "Strategy": "Plain",
      "Partial Mode": "Finalize",
      "Parallel Aware": false,
      "Startup Cost": 101442.56,
      "Total Cost": 101442.57,
      "Plan Rows": 1,
      "Plan Width": 8,
      "Actual Startup Time": 482.056,
      "Actual Total Time": 501.154,
      "Actual Rows": 1,
      "Actual Loops": 1,
      "Plans": [
        {
          "Node Type": "Gather",
          "Parent Relationship": "Outer",
          "Parallel Aware": false,
          "Startup Cost": 101442.24,
          "Total Cost": 101442.55,
          "Plan Rows": 3,
          "Plan Width": 8,
          "Actual Startup Time": 477.24,
          "Actual Total Time": 501.144,
          "Actual Rows": 4,
          "Actual Loops": 1,
          "Workers Planned": 3,
          "Workers Launched": 3,
          "Single Copy": false,
          "Plans": [
            {
              "Node Type": "Aggregate",
              "Strategy": "Plain",
              "Partial Mode": "Partial",
              "Parent Relationship": "Outer",
              "Parallel Aware": false,
              "Startup Cost": 100442.24,
              "Total Cost": 100442.25,
              "Plan Rows": 1,
              "Plan Width": 8,
              "Actual Startup Time": 473.865,
              "Actual Total Time": 474.389,
              "Actual Rows": 1,
              "Actual Loops": 4,
              "Plans": [
                {
                  "Node Type": "Hash Join",
                  "Parent Relationship": "Outer",
                  "Parallel Aware": true,
                  "Join Type": "Inner",
                  "Startup Cost": 67627.76,
                  "Total Cost": 100133.26,
                  "Plan Rows": 123590,
                  "Plan Width": 0,
                  "Actual Startup Time": 333.457,
                  "Actual Total Time": 469.842,
                  "Actual Rows": 112048,
                  "Actual Loops": 4,
                  "Inner Unique": false,
                  "Hash Cond": "(mc.movie_id = t.id)",
                  "Plans": [
                    {
                      "Node Type": "Seq Scan",
                      "Parent Relationship": "Outer",
                      "Parallel Aware": true,
                      "Relation Name": "movie_companies",
                      "Alias": "mc",
                      "Startup Cost": 0.0,
                      "Total Cost": 29310.68,
                      "Plan Rows": 714629,
                      "Plan Width": 4,
                      "Actual Startup Time": 0.014,
                      "Actual Total Time": 70.81,
                      "Actual Rows": 553908,
                      "Actual Loops": 4,
                      "Filter": "(company_id < 82982)",
                      "Rows Removed by Filter": 98375
                    },
                    {
                      "Node Type": "Hash",
                      "Parent Relationship": "Inner",
                      "Parallel Aware": true,
                      "Startup Cost": 65350.29,
                      "Total Cost": 65350.29,
                      "Plan Rows": 182198,
                      "Plan Width": 8,
                      "Actual Startup Time": 331.898,
                      "Actual Total Time": 332.42,
                      "Actual Rows": 58847,
                      "Actual Loops": 4,
                      "Hash Buckets": 524288,
                      "Original Hash Buckets": 524288,
                      "Hash Batches": 1,
                      "Original Hash Batches": 1,
                      "Peak Memory Usage": 13408,
                      "Plans": [
                        {
                          "Node Type": "Hash Join",
                          "Parent Relationship": "Outer",
                          "Parallel Aware": true,
                          "Join Type": "Inner",
                          "Startup Cost": 49216.3,
                          "Total Cost": 65350.29,
                          "Plan Rows": 182198,
                          "Plan Width": 8,
                          "Actual Startup Time": 224.251,
                          "Actual Total Time": 313.464,
                          "Actual Rows": 58847,
                          "Actual Loops": 4,
                          "Inner Unique": true,
                          "Hash Cond": "(mi_idx.movie_id = t.id)",
                          "Plans": [
                            {
                              "Node Type": "Seq Scan",
                              "Parent Relationship": "Outer",
                              "Parallel Aware": true,
                              "Relation Name": "movie_info_idx",
                              "Alias": "mi_idx",
                              "Startup Cost": 0.0,
                              "Total Cost": 15122.68,
                              "Plan Rows": 385260,
                              "Plan Width": 4,
                              "Actual Startup Time": 0.015,
                              "Actual Total Time": 36.674,
                              "Actual Rows": 230028,
                              "Actual Loops": 4,
                              "Filter": "(info_type_id > 99)",
                              "Rows Removed by Filter": 114981
                            },
                            {
                              "Node Type": "Hash",
                              "Parent Relationship": "Inner",
                              "Parallel Aware": true,
                              "Startup Cost": 45479.59,
                              "Total Cost": 45479.59,
                              "Plan Rows": 298937,
                              "Plan Width": 4,
                              "Actual Startup Time": 220.53,
                              "Actual Total Time": 220.531,
                              "Actual Rows": 319170,
                              "Actual Loops": 4,
                              "Hash Buckets": 2097152,
                              "Original Hash Buckets": 2097152,
                              "Hash Batches": 1,
                              "Original Hash Batches": 1,
                              "Peak Memory Usage": 66400,
                              "Plans": [
                                {
                                  "Node Type": "Seq Scan",
                                  "Parent Relationship": "Outer",
                                  "Parallel Aware": true,
                                  "Relation Name": "title",
                                  "Alias": "t",
                                  "Startup Cost": 0.0,
                                  "Total Cost": 45479.59,
                                  "Plan Rows": 298937,
                                  "Plan Width": 4,
                                  "Actual Startup Time": 0.043,
                                  "Actual Total Time": 101.914,
                                  "Actual Rows": 319170,
                                  "Actual Loops": 4,
                                  "Filter": "((production_year > 1979) AND (kind_id = 7))",
                                  "Rows Removed by Filter": 312908
                                }
                              ]
                            }
                          ]
                        }
                      ]
                    }
                  ]
                }
              ]
            }
          ]
        }
      ]
    },
    "Planning Time": 0.51,
    "Triggers": [],
    "Execution Time": 501.207
  }
]