[
  {
    "Plan": {
      "Node Type": "Aggregate",
      "Strategy": "Plain",
      "Partial Mode": "Finalize",
      "Parallel Aware": false,
      "Startup Cost": 163926.4,
      "Total Cost": 163926.41,
      "Plan Rows": 1,
      "Plan Width": 8,
      "Actual Startup Time": 653.914,
      "Actual Total Time": 689.637,
      "Actual Rows": 1,
      "Actual Loops": 1,
      "Plans": [
        {
          "Node Type": "Gather",
          "Parent Relationship": "Outer",
          "Parallel Aware": false,
          "Startup Cost": 163926.19,
          "Total Cost": 163926.4,
          "Plan Rows": 2,
          "Plan Width": 8,
          "Actual Startup Time": 652.292,
          "Actual Total Time": 689.625,
          "Actual Rows": 3,
          "Actual Loops": 1,
          "Workers Planned": 2,
          "Workers Launched": 2,
          "Single Copy": false,
          "Plans": [
            {
              "Node Type": "Aggregate",
              "Strategy": "Plain",
              "Partial Mode": "Partial",
              "Parent Relationship": "Outer",
              "Parallel Aware": false,
              "Startup Cost": 162926.19,
              "Total Cost": 162926.2,
              "Plan Rows": 1,
              "Plan Width": 8,
              "Actual Startup Time": 646.77,
              "Actual Total Time": 646.78,
              "Actual Rows": 1,
              "Actual Loops": 3,
              "Plans": [
                {
                  "Node Type": "Nested Loop",
                  "Parent Relationship": "Outer",
                  "Parallel Aware": false,
                  "Join Type": "Inner",
                  "Startup Cost": 46216.42,
                  "Total Cost": 162918.43,
                  "Plan Rows": 3105,
                  "Plan Width": 0,
                  "Actual Startup Time": 165.208,
                  "Actual Total Time": 644.877,
                  "Actual Rows": 41705,
                  "Actual Loops": 3,
                  "Inner Unique": false,
                  "Join Filter": "(t.id = mi.movie_id)",
                  "Rows Removed by Join Filter": 0,
                  "Plans": [
                    {
                      "Node Type": "Hash Join",
                      "Parent Relationship": "Outer",
                      "Parallel Aware": true,
                      "Join Type": "Inner",
                      "Startup Cost": 46215.99,
                      "Total Cost": 61410.55,
                      "Plan Rows": 53591,
                      "Plan Width": 8,
                      "Actual Startup Time": 164.077,
                      "Actual Total Time": 235.769,
                      "Actual Rows": 50539,
                      "Actual Loops": 3,
                      "Inner Unique": true,
                      "Hash Cond": "(mi_idx.movie_id = t.id)",
                      "Plans": [
                        {
                          "Node Type": "Seq Scan",
                          "Parent Relationship": "Outer",
                          "Parallel Aware": true,
                          "Relation Name": "movie_info_idx",
                          "Alias": "mi_idx",
                          "Startup Cost": 0.0,
                          "Total Cost": 13685.15,
                          "Plan Rows": 575015,
                          "Plan Width": 4,
                          "Actual Startup Time": 0.01,
                          "Actual Total Time": 38.359,
                          "Actual Rows": 460012,
                          "Actual Loops": 3
                        },
                        {
                          "Node Type": "Hash",
                          "Parent Relationship": "Inner",
                          "Parallel Aware": true,
                          "Startup Cost": 45479.59,
                          "Total Cost": 45479.59,
                          "Plan Rows": 58912,
                          "Plan Width": 4,
                          "Actual Startup Time": 128.472,
                          "Actual Total Time": 128.474,
                          "Actual Rows": 66722,
                          "Actual Loops": 3,
                          "Hash Buckets": 262144,
                          "Original Hash Buckets": 262144,
                          "Hash Batches": 1,
                          "Original Hash Batches": 1,
                          "Peak Memory Usage": 9920,
                          "Plans": [
                            {
                              "Node Type": "Seq Scan",
                              "Parent Relationship": "Outer",
                              "Parallel Aware": true,
                              "Relation Name": "title",
                              "Alias": "t",
                              "Startup Cost": 0.0,
                              "Total Cost": 45479.59,
                              "Plan Rows": 58912,
                              "Plan Width": 4,
                              "Actual Startup Time": 43.035,
                              "Actual Total Time": 108.842,
                              "Actual Rows": 66722,
                              "Actual Loops": 3,
                              "Filter": "((production_year > 2006) AND (kind_id = 1))",
                              "Rows Removed by Filter": 776049
                            }
                          ]
                        }
                      ]
                    },
                    {
                      "Node Type": "Index Scan",
                      "Parent Relationship": "Inner",
                      "Parallel Aware": false,
                      "Scan Direction": "Forward",
                      "Index Name": "movie_id_movie_info",
                      "Relation Name": "movie_info",
                      "Alias": "mi",
                      "Startup Cost": 0.43,
                      "Total Cost": 1.88,
                      "Plan Rows": 1,
                      "Plan Width": 4,
                      "Actual Startup Time": 0.007,
                      "Actual Total Time": 0.008,
                      "Actual Rows": 1,
                      "Actual Loops": 151616,
                      "Index Cond": "(movie_id = mi_idx.movie_id)",
                      "Rows Removed by Index Recheck": 0,
                      "Filter": "(info_type_id = 107)",
                      "Rows Removed by Filter": 19
                    }
                  ]
                }
              ]
            }
          ]
        }
      ]
    },
    "Planning Time": 0.508,
    "Triggers": [],
    "Execution Time": 689.69
  }
]