[
  {
    "Plan": {
      "Node Type": "Aggregate",
      "Strategy": "Plain",
      "Partial Mode": "Finalize",
      "Parallel Aware": false,
      "Startup Cost": 47345.75,
      "Total Cost": 47345.76,
      "Plan Rows": 1,
      "Plan Width": 8,
      "Actual Startup Time": 110.26,
      "Actual Total Time": 120.424,
      "Actual Rows": 1,
      "Actual Loops": 1,
      "Plans": [
        {
          "Node Type": "Gather",
          "Parent Relationship": "Outer",
          "Parallel Aware": false,
          "Startup Cost": 47345.33,
          "Total Cost": 47345.74,
          "Plan Rows": 4,
          "Plan Width": 8,
          "Actual Startup Time": 110.061,
          "Actual Total Time": 120.408,
          "Actual Rows": 5,
          "Actual Loops": 1,
          "Workers Planned": 4,
          "Workers Launched": 4,
          "Single Copy": false,
          "Plans": [
            {
              "Node Type": "Aggregate",
              "Strategy": "Plain",
              "Partial Mode": "Partial",
              "Parent Relationship": "Outer",
              "Parallel Aware": false,
              "Startup Cost": 46345.33,
              "Total Cost": 46345.34,
              "Plan Rows": 1,
              "Plan Width": 8,
              "Actual Startup Time": 104.859,
              "Actual Total Time": 104.861,
              "Actual Rows": 1,
              "Actual Loops": 5,
              "Plans": [
                {
                  "Node Type": "Seq Scan",
                  "Parent Relationship": "Outer",
                  "Parallel Aware": true,
                  "Relation Name": "title",
                  "Alias": "t",
                  "Startup Cost": 0.0,
                  "Total Cost": 45479.59,
                  "Plan Rows": 346297,
                  "Plan Width": 0,
                  "Actual Startup Time": 0.028,
                  "Actual Total Time": 90.338,
                  "Actual Rows": 292105,
                  "Actual Loops": 5,
                  "Filter": "((production_year > 1954) AND (kind_id = 7))",
                  "Rows Removed by Filter": 213558
                }
              ]
            }
          ]
        }
      ]
    },
    "Planning Time": 0.193,
    "Triggers": [],
    "Execution Time": 120.485
  }
]