[
  {
    "Plan": {
      "Node Type": "Aggregate",
      "Strategy": "Plain",
      "Partial Mode": "Finalize",
      "Parallel Aware": false,
      "Startup Cost": 47341.6,
      "Total Cost": 47341.61,
      "Plan Rows": 1,
      "Plan Width": 8,
      "Actual Startup Time": 132.02,
      "Actual Total Time": 146.716,
      "Actual Rows": 1,
      "Actual Loops": 1,
      "Plans": [
        {
          "Node Type": "Gather",
          "Parent Relationship": "Outer",
          "Parallel Aware": false,
          "Startup Cost": 47341.18,
          "Total Cost": 47341.59,
          "Plan Rows": 4,
          "Plan Width": 8,
          "Actual Startup Time": 131.756,
          "Actual Total Time": 146.705,
          "Actual Rows": 5,
          "Actual Loops": 1,
          "Workers Planned": 4,
          "Workers Launched": 4,
          "Single Copy": false,
          "Plans": [
            {
              "Node Type": "Aggregate",
              "Strategy": "Plain",
              "Partial Mode": "Partial",
              "Parent Relationship": "Outer",
              "Parallel Aware": false,
              "Startup Cost": 46341.18,
              "Total Cost": 46341.19,
              "Plan Rows": 1,
              "Plan Width": 8,
              "Actual Startup Time": 122.292,
              "Actual Total Time": 122.293,
              "Actual Rows": 1,
              "Actual Loops": 5,
              "Plans": [
                {
                  "Node Type": "Seq Scan",
                  "Parent Relationship": "Outer",
                  "Parallel Aware": true,
                  "Relation Name": "title",
                  "Alias": "t",
                  "Startup Cost": 0.0,
                  "Total Cost": 45479.1,
                  "Plan Rows": 344832,
                  "Plan Width": 0,
                  "Actual Startup Time": 0.041,
                  "Actual Total Time": 103.84,
                  "Actual Rows": 292105,
                  "Actual Loops": 5,
                  "Filter": "((production_year > 1954) AND (kind_id = 7))",
                  "Rows Removed by Filter": 213558
                }
              ]
            }
          ]
        }
      ]
    },
    "Planning Time": 0.163,
    "Triggers": [],
    "Execution Time": 146.772
  }
]