{
  "Plan": {
    "Node Type": "Aggregate",
    "Strategy": "Plain",
    "Partial Mode": "Finalize",
    "Parallel Aware": false,
    "Startup Cost": 421755.63,
    "Total Cost": 421755.64,
    "Plan Rows": 1,
    "Plan Width": 8,
    "Actual Startup Time": 3067.849,
    "Actual Total Time": 3123.516,
    "Actual Rows": 1,
    "Actual Loops": 1,
    "Plans": [
      {
        "Node Type": "Gather",
        "Parent Relationship": "Outer",
        "Parallel Aware": false,
        "Startup Cost": 421755.52,
        "Total Cost": 421755.63,
        "Plan Rows": 1,
        "Plan Width": 8,
        "Actual Startup Time": 3061.083,
        "Actual Total Time": 3123.508,
        "Actual Rows": 2,
        "Actual Loops": 1,
        "Workers Planned": 1,
        "Workers Launched": 1,
        "Single Copy": false,
        "Plans": [
          {
            "Node Type": "Aggregate",
            "Strategy": "Plain",
            "Partial Mode": "Partial",
            "Parent Relationship": "Outer",
            "Parallel Aware": false,
            "Startup Cost": 420755.52,
            "Total Cost": 420755.53,
            "Plan Rows": 1,
            "Plan Width": 8,
            "Actual Startup Time": 3054.801,
            "Actual Total Time": 3054.807,
            "Actual Rows": 1,
            "Actual Loops": 2,
            "Plans": [
              {
                "Node Type": "Hash Join",
                "Parent Relationship": "Outer",
                "Parallel Aware": true,
                "Join Type": "Inner",
                "Startup Cost": 123278.67,
                "Total Cost": 417486.18,
                "Plan Rows": 1307736,
                "Plan Width": 0,
                "Actual Startup Time": 956.605,
                "Actual Total Time": 2791.157,
                "Actual Rows": 5301490,
                "Actual Loops": 2,
                "Inner Unique": false,
                "Hash Cond": "(mi.movie_id = t.id)",
                "Plans": [
                  {
                    "Node Type": "Seq Scan",
                    "Parent Relationship": "Outer",
                    "Parallel Aware": true,
                    "Relation Name": "movie_info",
                    "Alias": "mi",
                    "Startup Cost": 0.0,
                    "Total Cost": 270696.42,
                    "Plan Rows": 4218272,
                    "Plan Width": 4,
                    "Actual Startup Time": 0.021,
                    "Actual Total Time": 784.179,
                    "Actual Rows": 3643432,
                    "Actual Loops": 2,
                    "Filter": "(info_type_id < 8)",
                    "Rows Removed by Filter": 3774428
                  },
                  {
                    "Node Type": "Hash",
                    "Parent Relationship": "Inner",
                    "Parallel Aware": true,
                    "Startup Cost": 117515.33,
                    "Total Cost": 117515.33,
                    "Plan Rows": 461067,
                    "Plan Width": 8,
                    "Actual Startup Time": 946.318,
                    "Actual Total Time": 946.323,
                    "Actual Rows": 387565,
                    "Actual Loops": 2,
                    "Hash Buckets": 1048576,
                    "Original Hash Buckets": 1048576,
                    "Hash Batches": 1,
                    "Original Hash Batches": 1,
                    "Peak Memory Usage": 38560,
                    "Plans": [
                      {
                        "Node Type": "Hash Join",
                        "Parent Relationship": "Outer",
                        "Parallel Aware": true,
                        "Join Type": "Inner",
                        "Startup Cost": 86087.69,
                        "Total Cost": 117515.33,
                        "Plan Rows": 461067,
                        "Plan Width": 8,
                        "Actual Startup Time": 648.241,
                        "Actual Total Time": 852.947,
                        "Actual Rows": 387565,
                        "Actual Loops": 2,
                        "Inner Unique": true,
                        "Hash Cond": "(mk.movie_id = t.id)",
                        "Plans": [
                          {
                            "Node Type": "Bitmap Heap Scan",
                            "Parent Relationship": "Outer",
                            "Parallel Aware": true,
                            "Relation Name": "movie_keyword",
                            "Alias": "mk",
                            "Startup Cost": 16626.99,
                            "Total Cost": 46844.33,
                            "Plan Rows": 461067,
                            "Plan Width": 4,
                            "Actual Startup Time": 45.161,
                            "Actual Total Time": 137.97,
                            "Actual Rows": 387565,
                            "Actual Loops": 2,
                            "Recheck Cond": "(keyword_id > 24327)",
                            "Rows Removed by Index Recheck": 0,
                            "Exact Heap Blocks": 15203,
                            "Lossy Heap Blocks": 0,
                            "Plans": [
                              {
                                "Node Type": "Bitmap Index Scan",
                                "Parent Relationship": "Outer",
                                "Parallel Aware": false,
                                "Index Name": "keyword_id_movie_keyword",
                                "Startup Cost": 0.0,
                                "Total Cost": 16431.04,
                                "Plan Rows": 783814,
                                "Plan Width": 0,
                                "Actual Startup Time": 41.551,
                                "Actual Total Time": 41.551,
                                "Actual Rows": 775130,
                                "Actual Loops": 1,
                                "Index Cond": "(keyword_id > 24327)"
                              }
                            ]
                          },
                          {
                            "Node Type": "Hash",
                            "Parent Relationship": "Inner",
                            "Parallel Aware": true,
                            "Startup Cost": 50870.31,
                            "Total Cost": 50870.31,
                            "Plan Rows": 1487231,
                            "Plan Width": 4,
                            "Actual Startup Time": 586.886,
                            "Actual Total Time": 586.887,
                            "Actual Rows": 1264156,
                            "Actual Loops": 2,
                            "Hash Buckets": 4194304,
                            "Original Hash Buckets": 4194304,
                            "Hash Batches": 1,
                            "Original Hash Batches": 1,
                            "Peak Memory Usage": 131712,
                            "Plans": [
                              {
                                "Node Type": "Seq Scan",
                                "Parent Relationship": "Outer",
                                "Parallel Aware": true,
                                "Relation Name": "title",
                                "Alias": "t",
                                "Startup Cost": 0.0,
                                "Total Cost": 50870.31,
                                "Plan Rows": 1487231,
                                "Plan Width": 4,
                                "Actual Startup Time": 0.032,
                                "Actual Total Time": 172.989,
                                "Actual Rows": 1264156,
                                "Actual Loops": 2
                              }
                            ]
                          }
                        ]
                      }
                    ]
                  }
                ]
              }
            ]
          }
        ]
      }
    ]
  },
  "Planning Time": 0.765,
  "Triggers": [],
  "Execution Time": 3123.655
}