[
  {
    "Plan": {
      "Node Type": "Aggregate",
      "Strategy": "Plain",
      "Partial Mode": "Finalize",
      "Parallel Aware": false,
      "Startup Cost": 46872.34,
      "Total Cost": 46872.35,
      "Plan Rows": 1,
      "Plan Width": 8,
      "Actual Startup Time": 188.165,
      "Actual Total Time": 195.959,
      "Actual Rows": 1,
      "Actual Loops": 1,
      "Plans": [
        {
          "Node Type": "Gather",
          "Parent Relationship": "Outer",
          "Parallel Aware": false,
          "Startup Cost": 46872.02,
          "Total Cost": 46872.33,
          "Plan Rows": 3,
          "Plan Width": 8,
          "Actual Startup Time": 188.032,
          "Actual Total Time": 195.947,
          "Actual Rows": 4,
          "Actual Loops": 1,
          "Workers Planned": 3,
          "Workers Launched": 3,
          "Single Copy": false,
          "Plans": [
            {
              "Node Type": "Aggregate",
              "Strategy": "Plain",
              "Partial Mode": "Partial",
              "Parent Relationship": "Outer",
              "Parallel Aware": false,
              "Startup Cost": 45872.02,
              "Total Cost": 45872.03,
              "Plan Rows": 1,
              "Plan Width": 8,
              "Actual Startup Time": 183.214,
              "Actual Total Time": 183.216,
              "Actual Rows": 1,
              "Actual Loops": 4,
              "Plans": [
                {
                  "Node Type": "Seq Scan",
                  "Parent Relationship": "Outer",
                  "Parallel Aware": true,
                  "Relation Name": "movie_keyword",
                  "Alias": "mk",
                  "Startup Cost": 0.0,
                  "Total Cost": 42695.65,
                  "Plan Rows": 1270547,
                  "Plan Width": 0,
                  "Actual Startup Time": 0.038,
                  "Actual Total Time": 132.582,
                  "Actual Rows": 984595,
                  "Actual Loops": 4,
                  "Filter": "(keyword_id < 31341)",
                  "Rows Removed by Filter": 146387
                }
              ]
            }
          ]
        }
      ]
    },
    "Planning Time": 0.083,
    "Triggers": [],
    "Execution Time": 195.989
  }
]