[
  {
    "Plan": {
      "Node Type": "Aggregate",
      "Strategy": "Plain",
      "Partial Mode": "Finalize",
      "Parallel Aware": false,
      "Startup Cost": 64002.83,
      "Total Cost": 64002.84,
      "Plan Rows": 1,
      "Plan Width": 8,
      "Actual Startup Time": 297.514,
      "Actual Total Time": 304.451,
      "Actual Rows": 1,
      "Actual Loops": 1,
      "Plans": [
        {
          "Node Type": "Gather",
          "Parent Relationship": "Outer",
          "Parallel Aware": false,
          "Startup Cost": 64002.61,
          "Total Cost": 64002.82,
          "Plan Rows": 2,
          "Plan Width": 8,
          "Actual Startup Time": 295.292,
          "Actual Total Time": 304.445,
          "Actual Rows": 3,
          "Actual Loops": 1,
          "Workers Planned": 2,
          "Workers Launched": 2,
          "Single Copy": false,
          "Plans": [
            {
              "Node Type": "Aggregate",
              "Strategy": "Plain",
              "Partial Mode": "Partial",
              "Parent Relationship": "Outer",
              "Parallel Aware": false,
              "Startup Cost": 63002.61,
              "Total Cost": 63002.62,
              "Plan Rows": 1,
              "Plan Width": 8,
              "Actual Startup Time": 288.065,
              "Actual Total Time": 288.068,
              "Actual Rows": 1,
              "Actual Loops": 3,
              "Plans": [
                {
                  "Node Type": "Hash Join",
                  "Parent Relationship": "Outer",
                  "Parallel Aware": true,
                  "Join Type": "Inner",
                  "Startup Cost": 47449.56,
                  "Total Cost": 62644.12,
                  "Plan Rows": 143397,
                  "Plan Width": 0,
                  "Actual Startup Time": 208.886,
                  "Actual Total Time": 279.095,
                  "Actual Rows": 204979,
                  "Actual Loops": 3,
                  "Inner Unique": true,
                  "Hash Cond": "(mi_idx.movie_id = t.id)",
                  "Plans": [
                    {
                      "Node Type": "Seq Scan",
                      "Parent Relationship": "Outer",
                      "Parallel Aware": true,
                      "Relation Name": "movie_info_idx",
                      "Alias": "mi_idx",
                      "Startup Cost": 0.0,
                      "Total Cost": 13685.15,
                      "Plan Rows": 575015,
                      "Plan Width": 4,
                      "Actual Startup Time": 0.017,
                      "Actual Total Time": 34.066,
                      "Actual Rows": 460012,
                      "Actual Loops": 3
                    },
                    {
                      "Node Type": "Hash",
                      "Parent Relationship": "Inner",
                      "Parallel Aware": true,
                      "Startup Cost": 45479.21,
                      "Total Cost": 45479.21,
                      "Plan Rows": 157628,
                      "Plan Width": 4,
                      "Actual Startup Time": 169.295,
                      "Actual Total Time": 169.296,
                      "Actual Rows": 192816,
                      "Actual Loops": 3,
                      "Hash Buckets": 1048576,
                      "Original Hash Buckets": 1048576,
                      "Hash Batches": 1,
                      "Original Hash Batches": 1,
                      "Peak Memory Usage": 30848,
                      "Plans": [
                        {
                          "Node Type": "Seq Scan",
                          "Parent Relationship": "Outer",
                          "Parallel Aware": true,
                          "Relation Name": "title",
                          "Alias": "t",
                          "Startup Cost": 0.0,
                          "Total Cost": 45479.21,
                          "Plan Rows": 157628,
                          "Plan Width": 4,
                          "Actual Startup Time": 45.744,
                          "Actual Total Time": 112.547,
                          "Actual Rows": 192816,
                          "Actual Loops": 3,
                          "Filter": "((production_year > 1917) AND (kind_id = 1))",
                          "Rows Removed by Filter": 649955
                        }
                      ]
                    }
                  ]
                }
              ]
            }
          ]
        }
      ]
    },
    "Planning Time": 0.516,
    "Triggers": [],
    "Execution Time": 304.508
  }
]