[
  {
    "Plan": {
      "Node Type": "Aggregate",
      "Strategy": "Plain",
      "Partial Mode": "Finalize",
      "Parallel Aware": false,
      "Startup Cost": 343783.36,
      "Total Cost": 343783.37,
      "Plan Rows": 1,
      "Plan Width": 8,
      "Actual Startup Time": 1024.499,
      "Actual Total Time": 1101.649,
      "Actual Rows": 1,
      "Actual Loops": 1,
      "Plans": [
        {
          "Node Type": "Gather",
          "Parent Relationship": "Outer",
          "Parallel Aware": false,
          "Startup Cost": 343782.73,
          "Total Cost": 343783.34,
          "Plan Rows": 6,
          "Plan Width": 8,
          "Actual Startup Time": 1024.165,
          "Actual Total Time": 1101.636,
          "Actual Rows": 7,
          "Actual Loops": 1,
          "Workers Planned": 6,
          "Workers Launched": 6,
          "Single Copy": false,
          "Plans": [
            {
              "Node Type": "Aggregate",
              "Strategy": "Plain",
              "Partial Mode": "Partial",
              "Parent Relationship": "Outer",
              "Parallel Aware": false,
              "Startup Cost": 342782.73,
              "Total Cost": 342782.74,
              "Plan Rows": 1,
              "Plan Width": 8,
              "Actual Startup Time": 1013.327,
              "Actual Total Time": 1013.328,
              "Actual Rows": 1,
              "Actual Loops": 7,
              "Plans": [
                {
                  "Node Type": "Seq Scan",
                  "Parent Relationship": "Outer",
                  "Parallel Aware": true,
                  "Relation Name": "cast_info",
                  "Alias": "ci",
                  "Startup Cost": 0.0,
                  "Total Cost": 328211.39,
                  "Plan Rows": 5828536,
                  "Plan Width": 0,
                  "Actual Startup Time": 0.04,
                  "Actual Total Time": 744.291,
                  "Actual Rows": 5004514,
                  "Actual Loops": 7,
                  "Filter": "(person_id < 3826722)",
                  "Rows Removed by Filter": 173249
                }
              ]
            }
          ]
        }
      ]
    },
    "Planning Time": 0.182,
    "Triggers": [],
    "Execution Time": 1101.721
  }
]