{
    "Plan": {
        "Node Type": "Aggregate",
        "Strategy": "Plain",
        "Partial Mode": "Simple",
        "Parallel Aware": false,
        "Startup Cost": 50002670661.47,
        "Total Cost": 50002670661.48,
        "Plan Rows": 1,
        "Plan Width": 64,
        "Actual Startup Time": 13323.084,
        "Actual Total Time": 13510.807,
        "Actual Rows": 1,
        "Actual Loops": 1,
        "Output": [
            "min(n.name)",
            "min(t.title)"
        ],
        "Plans": [
            {
                "Node Type": "Nested Loop",
                "Parent Relationship": "Outer",
                "Parallel Aware": false,
                "Join Type": "Inner",
                "Startup Cost": 50002670645.18,
                "Total Cost": 50002670661.47,
                "Plan Rows": 1,
                "Plan Width": 32,
                "Actual Startup Time": 13323.079,
                "Actual Total Time": 13510.8,
                "Actual Rows": 0,
                "Actual Loops": 1,
                "Output": [
                    "n.name",
                    "t.title"
                ],
                "Inner Unique": false,
                "Join Filter": "(n.id = an.person_id)",
                "Rows Removed by Join Filter": 0,
                "Plans": [
                    {
                        "Node Type": "Hash Join",
                        "Parent Relationship": "Outer",
                        "Parallel Aware": false,
                        "Join Type": "Inner",
                        "Startup Cost": 40002670644.73,
                        "Total Cost": 40002670656.97,
                        "Plan Rows": 1,
                        "Plan Width": 40,
                        "Actual Startup Time": 13323.078,
                        "Actual Total Time": 13510.797,
                        "Actual Rows": 0,
                        "Actual Loops": 1,
                        "Output": [
                            "ci.person_id",
                            "n.name",
                            "n.id",
                            "t.title"
                        ],
                        "Inner Unique": false,
                        "Hash Cond": "(ci.person_role_id = chn.id)",
                        "Plans": [
                            {
                                "Node Type": "Hash Join",
                                "Parent Relationship": "Outer",
                                "Parallel Aware": false,
                                "Join Type": "Inner",
                                "Startup Cost": 40002563541.62,
                                "Total Cost": 40002563553.85,
                                "Plan Rows": 1,
                                "Plan Width": 44,
                                "Actual Startup Time": 12092.416,
                                "Actual Total Time": 12280.131,
                                "Actual Rows": 0,
                                "Actual Loops": 1,
                                "Output": [
                                    "ci.person_id",
                                    "ci.person_role_id",
                                    "n.name",
                                    "n.id",
                                    "t.title"
                                ],
                                "Inner Unique": false,
                                "Hash Cond": "(rt.id = ci.role_id)",
                                "Plans": [
                                    {
                                        "Node Type": "Index Scan",
                                        "Parent Relationship": "Outer",
                                        "Parallel Aware": false,
                                        "Scan Direction": "Forward",
                                        "Index Name": "role_type_pkey",
                                        "Relation Name": "role_type",
                                        "Schema": "public",
                                        "Alias": "rt",
                                        "Startup Cost": 0.14,
                                        "Total Cost": 12.35,
                                        "Plan Rows": 1,
                                        "Plan Width": 4,
                                        "Actual Startup Time": 0.022,
                                        "Actual Total Time": 0.023,
                                        "Actual Rows": 1,
                                        "Actual Loops": 1,
                                        "Output": [
                                            "rt.id",
                                            "rt.role"
                                        ],
                                        "Filter": "((rt.role)::text = 'actress'::text)",
                                        "Rows Removed by Filter": 1
                                    },
                                    {
                                        "Node Type": "Hash",
                                        "Parent Relationship": "Inner",
                                        "Parallel Aware": false,
                                        "Startup Cost": 40002563541.48,
                                        "Total Cost": 40002563541.48,
                                        "Plan Rows": 1,
                                        "Plan Width": 48,
                                        "Actual Startup Time": 12092.381,
                                        "Actual Total Time": 12280.093,
                                        "Actual Rows": 0,
                                        "Actual Loops": 1,
                                        "Output": [
                                            "ci.person_id",
                                            "ci.role_id",
                                            "ci.person_role_id",
                                            "n.name",
                                            "n.id",
                                            "t.title"
                                        ],
                                        "Hash Buckets": 1024,
                                        "Original Hash Buckets": 1024,
                                        "Hash Batches": 1,
                                        "Original Hash Batches": 1,
                                        "Peak Memory Usage": 8,
                                        "Plans": [
                                            {
                                                "Node Type": "Gather",
                                                "Parent Relationship": "Outer",
                                                "Parallel Aware": false,
                                                "Startup Cost": 40001328001.45,
                                                "Total Cost": 40002563541.48,
                                                "Plan Rows": 1,
                                                "Plan Width": 48,
                                                "Actual Startup Time": 12092.38,
                                                "Actual Total Time": 12280.089,
                                                "Actual Rows": 0,
                                                "Actual Loops": 1,
                                                "Output": [
                                                    "ci.person_id",
                                                    "ci.role_id",
                                                    "ci.person_role_id",
                                                    "n.name",
                                                    "n.id",
                                                    "t.title"
                                                ],
                                                "Workers Planned": 3,
                                                "Workers Launched": 3,
                                                "Single Copy": false,
                                                "Plans": [
                                                    {
                                                        "Node Type": "Hash Join",
                                                        "Parent Relationship": "Outer",
                                                        "Parallel Aware": true,
                                                        "Join Type": "Inner",
                                                        "Startup Cost": 40001327001.45,
                                                        "Total Cost": 40002562541.38,
                                                        "Plan Rows": 1,
                                                        "Plan Width": 48,
                                                        "Actual Startup Time": 12077.91,
                                                        "Actual Total Time": 12077.92,
                                                        "Actual Rows": 0,
                                                        "Actual Loops": 4,
                                                        "Output": [
                                                            "ci.person_id",
                                                            "ci.role_id",
                                                            "ci.person_role_id",
                                                            "n.name",
                                                            "n.id",
                                                            "t.title"
                                                        ],
                                                        "Inner Unique": false,
                                                        "Hash Cond": "(mc.movie_id = t.id)",
                                                        "Workers": [
                                                            {
                                                                "Worker Number": 0,
                                                                "Actual Startup Time": 12073.568,
                                                                "Actual Total Time": 12073.577,
                                                                "Actual Rows": 0,
                                                                "Actual Loops": 1
                                                            },
                                                            {
                                                                "Worker Number": 1,
                                                                "Actual Startup Time": 12074.344,
                                                                "Actual Total Time": 12074.352,
                                                                "Actual Rows": 0,
                                                                "Actual Loops": 1
                                                            },
                                                            {
                                                                "Worker Number": 2,
                                                                "Actual Startup Time": 12073.768,
                                                                "Actual Total Time": 12073.778,
                                                                "Actual Rows": 0,
                                                                "Actual Loops": 1
                                                            }
                                                        ],
                                                        "Plans": [
                                                            {
                                                                "Node Type": "Nested Loop",
                                                                "Parent Relationship": "Outer",
                                                                "Parallel Aware": false,
                                                                "Join Type": "Inner",
                                                                "Startup Cost": 30000000003.96,
                                                                "Total Cost": 30001235543.87,
                                                                "Plan Rows": 2,
                                                                "Plan Width": 39,
                                                                "Actual Startup Time": 3725.385,
                                                                "Actual Total Time": 7282.465,
                                                                "Actual Rows": 1,
                                                                "Actual Loops": 4,
                                                                "Output": [
                                                                    "ci.movie_id",
                                                                    "ci.person_id",
                                                                    "ci.role_id",
                                                                    "ci.person_role_id",
                                                                    "mc.movie_id",
                                                                    "n.name",
                                                                    "n.id"
                                                                ],
                                                                "Inner Unique": true,
                                                                "Workers": [
                                                                    {
                                                                        "Worker Number": 0,
                                                                        "Actual Startup Time": 7281.741,
                                                                        "Actual Total Time": 7281.743,
                                                                        "Actual Rows": 0,
                                                                        "Actual Loops": 1
                                                                    },
                                                                    {
                                                                        "Worker Number": 1,
                                                                        "Actual Startup Time": 163.535,
                                                                        "Actual Total Time": 7282.152,
                                                                        "Actual Rows": 1,
                                                                        "Actual Loops": 1
                                                                    },
                                                                    {
                                                                        "Worker Number": 2,
                                                                        "Actual Startup Time": 171.873,
                                                                        "Actual Total Time": 7281.573,
                                                                        "Actual Rows": 4,
                                                                        "Actual Loops": 1
                                                                    }
                                                                ],
                                                                "Plans": [
                                                                    {
                                                                        "Node Type": "Nested Loop",
                                                                        "Parent Relationship": "Outer",
                                                                        "Parallel Aware": false,
                                                                        "Join Type": "Inner",
                                                                        "Startup Cost": 20000000003.5,
                                                                        "Total Cost": 20000796629.54,
                                                                        "Plan Rows": 98032,
                                                                        "Plan Width": 20,
                                                                        "Actual Startup Time": 0.746,
                                                                        "Actual Total Time": 5960.087,
                                                                        "Actual Rows": 207350,
                                                                        "Actual Loops": 4,
                                                                        "Output": [
                                                                            "ci.movie_id",
                                                                            "ci.person_id",
                                                                            "ci.role_id",
                                                                            "ci.person_role_id",
                                                                            "mc.movie_id"
                                                                        ],
                                                                        "Inner Unique": false,
                                                                        "Workers": [
                                                                            {
                                                                                "Worker Number": 0,
                                                                                "Actual Startup Time": 1.075,
                                                                                "Actual Total Time": 5970.532,
                                                                                "Actual Rows": 191652,
                                                                                "Actual Loops": 1
                                                                            },
                                                                            {
                                                                                "Worker Number": 1,
                                                                                "Actual Startup Time": 0.534,
                                                                                "Actual Total Time": 5973.461,
                                                                                "Actual Rows": 207948,
                                                                                "Actual Loops": 1
                                                                            },
                                                                            {
                                                                                "Worker Number": 2,
                                                                                "Actual Startup Time": 1.123,
                                                                                "Actual Total Time": 5980.07,
                                                                                "Actual Rows": 207896,
                                                                                "Actual Loops": 1
                                                                            }
                                                                        ],
                                                                        "Plans": [
                                                                            {
                                                                                "Node Type": "Nested Loop",
                                                                                "Parent Relationship": "Outer",
                                                                                "Parallel Aware": false,
                                                                                "Join Type": "Inner",
                                                                                "Startup Cost": 10000000000.87,
                                                                                "Total Cost": 10000548393.78,
                                                                                "Plan Rows": 33903,
                                                                                "Plan Width": 4,
                                                                                "Actual Startup Time": 0.336,
                                                                                "Actual Total Time": 1094.239,
                                                                                "Actual Rows": 135524,
                                                                                "Actual Loops": 4,
                                                                                "Output": [
                                                                                    "mc.movie_id"
                                                                                ],
                                                                                "Inner Unique": true,
                                                                                "Workers": [
                                                                                    {
                                                                                        "Worker Number": 0,
                                                                                        "Actual Startup Time": 0.49,
                                                                                        "Actual Total Time": 1092.945,
                                                                                        "Actual Rows": 125022,
                                                                                        "Actual Loops": 1
                                                                                    },
                                                                                    {
                                                                                        "Worker Number": 1,
                                                                                        "Actual Startup Time": 0.37,
                                                                                        "Actual Total Time": 1077.814,
                                                                                        "Actual Rows": 138110,
                                                                                        "Actual Loops": 1
                                                                                    },
                                                                                    {
                                                                                        "Worker Number": 2,
                                                                                        "Actual Startup Time": 0.296,
                                                                                        "Actual Total Time": 1079.034,
                                                                                        "Actual Rows": 137399,
                                                                                        "Actual Loops": 1
                                                                                    }
                                                                                ],
                                                                                "Plans": [
                                                                                    {
                                                                                        "Node Type": "Index Scan",
                                                                                        "Parent Relationship": "Outer",
                                                                                        "Parallel Aware": true,
                                                                                        "Scan Direction": "Forward",
                                                                                        "Index Name": "movie_id_movie_companies",
                                                                                        "Relation Name": "movie_companies",
                                                                                        "Schema": "public",
                                                                                        "Alias": "mc",
                                                                                        "Startup Cost": 0.43,
                                                                                        "Total Cost": 127383.45,
                                                                                        "Plan Rows": 94507,
                                                                                        "Plan Width": 8,
                                                                                        "Actual Startup Time": 0.188,
                                                                                        "Actual Total Time": 267.285,
                                                                                        "Actual Rows": 147748,
                                                                                        "Actual Loops": 4,
                                                                                        "Output": [
                                                                                            "mc.id",
                                                                                            "mc.movie_id",
                                                                                            "mc.company_id",
                                                                                            "mc.company_type_id",
                                                                                            "mc.note"
                                                                                        ],
                                                                                        "Filter": "((mc.note IS NOT NULL) AND ((mc.note ~~ '%(USA)%'::text) OR (mc.note ~~ '%(worldwide)%'::text)))",
                                                                                        "Rows Removed by Filter": 504534,
                                                                                        "Workers": [
                                                                                            {
                                                                                                "Worker Number": 0,
                                                                                                "Actual Startup Time": 0.269,
                                                                                                "Actual Total Time": 266.125,
                                                                                                "Actual Rows": 136133,
                                                                                                "Actual Loops": 1
                                                                                            },
                                                                                            {
                                                                                                "Worker Number": 1,
                                                                                                "Actual Startup Time": 0.224,
                                                                                                "Actual Total Time": 266.84,
                                                                                                "Actual Rows": 150437,
                                                                                                "Actual Loops": 1
                                                                                            },
                                                                                            {
                                                                                                "Worker Number": 2,
                                                                                                "Actual Startup Time": 0.114,
                                                                                                "Actual Total Time": 264.203,
                                                                                                "Actual Rows": 150134,
                                                                                                "Actual Loops": 1
                                                                                            }
                                                                                        ]
                                                                                    },
                                                                                    {
                                                                                        "Node Type": "Bitmap Heap Scan",
                                                                                        "Parent Relationship": "Inner",
                                                                                        "Parallel Aware": false,
                                                                                        "Relation Name": "company_name",
                                                                                        "Schema": "public",
                                                                                        "Alias": "cn",
                                                                                        "Startup Cost": 0.44,
                                                                                        "Total Cost": 4.45,
                                                                                        "Plan Rows": 1,
                                                                                        "Plan Width": 4,
                                                                                        "Actual Startup Time": 0.004,
                                                                                        "Actual Total Time": 0.004,
                                                                                        "Actual Rows": 1,
                                                                                        "Actual Loops": 590994,
                                                                                        "Output": [
                                                                                            "cn.id",
                                                                                            "cn.name",
                                                                                            "cn.country_code",
                                                                                            "cn.imdb_id",
                                                                                            "cn.name_pcode_nf",
                                                                                            "cn.name_pcode_sf",
                                                                                            "cn.md5sum"
                                                                                        ],
                                                                                        "Recheck Cond": "(cn.id = mc.company_id)",
                                                                                        "Rows Removed by Index Recheck": 0,
                                                                                        "Filter": "((cn.country_code)::text = '[us]'::text)",
                                                                                        "Rows Removed by Filter": 0,
                                                                                        "Exact Heap Blocks": 154290,
                                                                                        "Lossy Heap Blocks": 0,
                                                                                        "Workers": [
                                                                                            {
                                                                                                "Worker Number": 0,
                                                                                                "Actual Startup Time": 0.004,
                                                                                                "Actual Total Time": 0.004,
                                                                                                "Actual Rows": 1,
                                                                                                "Actual Loops": 136133
                                                                                            },
                                                                                            {
                                                                                                "Worker Number": 1,
                                                                                                "Actual Startup Time": 0.003,
                                                                                                "Actual Total Time": 0.003,
                                                                                                "Actual Rows": 1,
                                                                                                "Actual Loops": 150437
                                                                                            },
                                                                                            {
                                                                                                "Worker Number": 2,
                                                                                                "Actual Startup Time": 0.003,
                                                                                                "Actual Total Time": 0.003,
                                                                                                "Actual Rows": 1,
                                                                                                "Actual Loops": 150134
                                                                                            }
                                                                                        ],
                                                                                        "Plans": [
                                                                                            {
                                                                                                "Node Type": "Bitmap Index Scan",
                                                                                                "Parent Relationship": "Outer",
                                                                                                "Parallel Aware": false,
                                                                                                "Index Name": "company_name_pkey",
                                                                                                "Startup Cost": 0.0,
                                                                                                "Total Cost": 0.44,
                                                                                                "Plan Rows": 1,
                                                                                                "Plan Width": 0,
                                                                                                "Actual Startup Time": 0.002,
                                                                                                "Actual Total Time": 0.002,
                                                                                                "Actual Rows": 1,
                                                                                                "Actual Loops": 590994,
                                                                                                "Index Cond": "(cn.id = mc.company_id)",
                                                                                                "Workers": [
                                                                                                    {
                                                                                                        "Worker Number": 0,
                                                                                                        "Actual Startup Time": 0.002,
                                                                                                        "Actual Total Time": 0.002,
                                                                                                        "Actual Rows": 1,
                                                                                                        "Actual Loops": 136133
                                                                                                    },
                                                                                                    {
                                                                                                        "Worker Number": 1,
                                                                                                        "Actual Startup Time": 0.002,
                                                                                                        "Actual Total Time": 0.002,
                                                                                                        "Actual Rows": 1,
                                                                                                        "Actual Loops": 150437
                                                                                                    },
                                                                                                    {
                                                                                                        "Worker Number": 2,
                                                                                                        "Actual Startup Time": 0.002,
                                                                                                        "Actual Total Time": 0.002,
                                                                                                        "Actual Rows": 1,
                                                                                                        "Actual Loops": 150134
                                                                                                    }
                                                                                                ]
                                                                                            }
                                                                                        ]
                                                                                    }
                                                                                ]
                                                                            },
                                                                            {
                                                                                "Node Type": "Bitmap Heap Scan",
                                                                                "Parent Relationship": "Inner",
                                                                                "Parallel Aware": false,
                                                                                "Relation Name": "cast_info",
                                                                                "Schema": "public",
                                                                                "Alias": "ci",
                                                                                "Startup Cost": 2.63,
                                                                                "Total Cost": 7.29,
                                                                                "Plan Rows": 3,
                                                                                "Plan Width": 16,
                                                                                "Actual Startup Time": 0.023,
                                                                                "Actual Total Time": 0.034,
                                                                                "Actual Rows": 2,
                                                                                "Actual Loops": 542096,
                                                                                "Output": [
                                                                                    "ci.id",
                                                                                    "ci.person_id",
                                                                                    "ci.movie_id",
                                                                                    "ci.person_role_id",
                                                                                    "ci.note",
                                                                                    "ci.nr_order",
                                                                                    "ci.role_id"
                                                                                ],
                                                                                "Recheck Cond": "(ci.movie_id = mc.movie_id)",
                                                                                "Rows Removed by Index Recheck": 0,
                                                                                "Filter": "(ci.note = ANY ('{(writer),(voice),(producer),\"(as Marvita)\"}'::text[]))",
                                                                                "Rows Removed by Filter": 27,
                                                                                "Exact Heap Blocks": 3927578,
                                                                                "Lossy Heap Blocks": 0,
                                                                                "Workers": [
                                                                                    {
                                                                                        "Worker Number": 0,
                                                                                        "Actual Startup Time": 0.025,
                                                                                        "Actual Total Time": 0.037,
                                                                                        "Actual Rows": 2,
                                                                                        "Actual Loops": 125022
                                                                                    },
                                                                                    {
                                                                                        "Worker Number": 1,
                                                                                        "Actual Startup Time": 0.023,
                                                                                        "Actual Total Time": 0.033,
                                                                                        "Actual Rows": 2,
                                                                                        "Actual Loops": 138110
                                                                                    },
                                                                                    {
                                                                                        "Worker Number": 2,
                                                                                        "Actual Startup Time": 0.023,
                                                                                        "Actual Total Time": 0.034,
                                                                                        "Actual Rows": 2,
                                                                                        "Actual Loops": 137399
                                                                                    }
                                                                                ],
                                                                                "Plans": [
                                                                                    {
                                                                                        "Node Type": "Bitmap Index Scan",
                                                                                        "Parent Relationship": "Outer",
                                                                                        "Parallel Aware": false,
                                                                                        "Index Name": "movie_id_cast_info",
                                                                                        "Startup Cost": 0.0,
                                                                                        "Total Cost": 2.63,
                                                                                        "Plan Rows": 38,
                                                                                        "Plan Width": 0,
                                                                                        "Actual Startup Time": 0.004,
                                                                                        "Actual Total Time": 0.004,
                                                                                        "Actual Rows": 29,
                                                                                        "Actual Loops": 542096,
                                                                                        "Index Cond": "(ci.movie_id = mc.movie_id)",
                                                                                        "Workers": [
                                                                                            {
                                                                                                "Worker Number": 0,
                                                                                                "Actual Startup Time": 0.005,
                                                                                                "Actual Total Time": 0.005,
                                                                                                "Actual Rows": 29,
                                                                                                "Actual Loops": 125022
                                                                                            },
                                                                                            {
                                                                                                "Worker Number": 1,
                                                                                                "Actual Startup Time": 0.004,
                                                                                                "Actual Total Time": 0.004,
                                                                                                "Actual Rows": 29,
                                                                                                "Actual Loops": 138110
                                                                                            },
                                                                                            {
                                                                                                "Worker Number": 2,
                                                                                                "Actual Startup Time": 0.004,
                                                                                                "Actual Total Time": 0.004,
                                                                                                "Actual Rows": 29,
                                                                                                "Actual Loops": 137399
                                                                                            }
                                                                                        ]
                                                                                    }
                                                                                ]
                                                                            }
                                                                        ]
                                                                    },
                                                                    {
                                                                        "Node Type": "Bitmap Heap Scan",
                                                                        "Parent Relationship": "Inner",
                                                                        "Parallel Aware": false,
                                                                        "Relation Name": "name",
                                                                        "Schema": "public",
                                                                        "Alias": "n",
                                                                        "Startup Cost": 0.46,
                                                                        "Total Cost": 4.48,
                                                                        "Plan Rows": 1,
                                                                        "Plan Width": 19,
                                                                        "Actual Startup Time": 0.005,
                                                                        "Actual Total Time": 0.005,
                                                                        "Actual Rows": 0,
                                                                        "Actual Loops": 829402,
                                                                        "Output": [
                                                                            "n.id",
                                                                            "n.name",
                                                                            "n.imdb_index",
                                                                            "n.imdb_id",
                                                                            "n.gender",
                                                                            "n.name_pcode_cf",
                                                                            "n.name_pcode_nf",
                                                                            "n.surname_pcode",
                                                                            "n.md5sum"
                                                                        ],
                                                                        "Recheck Cond": "(n.id = ci.person_id)",
                                                                        "Rows Removed by Index Recheck": 0,
                                                                        "Filter": "((n.name ~~ '%Marvita%'::text) AND ((n.gender)::text = 'f'::text))",
                                                                        "Rows Removed by Filter": 1,
                                                                        "Exact Heap Blocks": 221906,
                                                                        "Lossy Heap Blocks": 0,
                                                                        "Workers": [
                                                                            {
                                                                                "Worker Number": 0,
                                                                                "Actual Startup Time": 0.005,
                                                                                "Actual Total Time": 0.005,
                                                                                "Actual Rows": 0,
                                                                                "Actual Loops": 191652
                                                                            },
                                                                            {
                                                                                "Worker Number": 1,
                                                                                "Actual Startup Time": 0.005,
                                                                                "Actual Total Time": 0.005,
                                                                                "Actual Rows": 0,
                                                                                "Actual Loops": 207948
                                                                            },
                                                                            {
                                                                                "Worker Number": 2,
                                                                                "Actual Startup Time": 0.005,
                                                                                "Actual Total Time": 0.005,
                                                                                "Actual Rows": 0,
                                                                                "Actual Loops": 207896
                                                                            }
                                                                        ],
                                                                        "Plans": [
                                                                            {
                                                                                "Node Type": "Bitmap Index Scan",
                                                                                "Parent Relationship": "Outer",
                                                                                "Parallel Aware": false,
                                                                                "Index Name": "name_pkey",
                                                                                "Startup Cost": 0.0,
                                                                                "Total Cost": 0.46,
                                                                                "Plan Rows": 1,
                                                                                "Plan Width": 0,
                                                                                "Actual Startup Time": 0.003,
                                                                                "Actual Total Time": 0.003,
                                                                                "Actual Rows": 1,
                                                                                "Actual Loops": 829402,
                                                                                "Index Cond": "(n.id = ci.person_id)",
                                                                                "Workers": [
                                                                                    {
                                                                                        "Worker Number": 0,
                                                                                        "Actual Startup Time": 0.003,
                                                                                        "Actual Total Time": 0.003,
                                                                                        "Actual Rows": 1,
                                                                                        "Actual Loops": 191652
                                                                                    },
                                                                                    {
                                                                                        "Worker Number": 1,
                                                                                        "Actual Startup Time": 0.003,
                                                                                        "Actual Total Time": 0.003,
                                                                                        "Actual Rows": 1,
                                                                                        "Actual Loops": 207948
                                                                                    },
                                                                                    {
                                                                                        "Worker Number": 2,
                                                                                        "Actual Startup Time": 0.003,
                                                                                        "Actual Total Time": 0.003,
                                                                                        "Actual Rows": 1,
                                                                                        "Actual Loops": 207896
                                                                                    }
                                                                                ]
                                                                            }
                                                                        ]
                                                                    }
                                                                ]
                                                            },
                                                            {
                                                                "Node Type": "Hash",
                                                                "Parent Relationship": "Inner",
                                                                "Parallel Aware": true,
                                                                "Startup Cost": 10001326993.98,
                                                                "Total Cost": 10001326993.98,
                                                                "Plan Rows": 281,
                                                                "Plan Width": 25,
                                                                "Actual Startup Time": 4794.628,
                                                                "Actual Total Time": 4794.634,
                                                                "Actual Rows": 64114,
                                                                "Actual Loops": 4,
                                                                "Output": [
                                                                    "mi.movie_id",
                                                                    "t.title",
                                                                    "t.id"
                                                                ],
                                                                "Hash Buckets": 262144,
                                                                "Original Hash Buckets": 2048,
                                                                "Hash Batches": 1,
                                                                "Original Hash Batches": 1,
                                                                "Peak Memory Usage": 19600,
                                                                "Workers": [
                                                                    {
                                                                        "Worker Number": 0,
                                                                        "Actual Startup Time": 4791.145,
                                                                        "Actual Total Time": 4791.151,
                                                                        "Actual Rows": 56577,
                                                                        "Actual Loops": 1
                                                                    },
                                                                    {
                                                                        "Worker Number": 1,
                                                                        "Actual Startup Time": 4791.54,
                                                                        "Actual Total Time": 4791.545,
                                                                        "Actual Rows": 56447,
                                                                        "Actual Loops": 1
                                                                    },
                                                                    {
                                                                        "Worker Number": 2,
                                                                        "Actual Startup Time": 4791.596,
                                                                        "Actual Total Time": 4791.602,
                                                                        "Actual Rows": 56286,
                                                                        "Actual Loops": 1
                                                                    }
                                                                ],
                                                                "Plans": [
                                                                    {
                                                                        "Node Type": "Nested Loop",
                                                                        "Parent Relationship": "Outer",
                                                                        "Parallel Aware": false,
                                                                        "Join Type": "Inner",
                                                                        "Startup Cost": 10001191126.2,
                                                                        "Total Cost": 10001326993.98,
                                                                        "Plan Rows": 281,
                                                                        "Plan Width": 25,
                                                                        "Actual Startup Time": 3858.176,
                                                                        "Actual Total Time": 4231.769,
                                                                        "Actual Rows": 64114,
                                                                        "Actual Loops": 4,
                                                                        "Output": [
                                                                            "mi.movie_id",
                                                                            "t.title",
                                                                            "t.id"
                                                                        ],
                                                                        "Inner Unique": true,
                                                                        "Workers": [
                                                                            {
                                                                                "Worker Number": 0,
                                                                                "Actual Startup Time": 4229.956,
                                                                                "Actual Total Time": 4550.911,
                                                                                "Actual Rows": 56577,
                                                                                "Actual Loops": 1
                                                                            },
                                                                            {
                                                                                "Worker Number": 1,
                                                                                "Actual Startup Time": 4230.226,
                                                                                "Actual Total Time": 4548.845,
                                                                                "Actual Rows": 56447,
                                                                                "Actual Loops": 1
                                                                            },
                                                                            {
                                                                                "Worker Number": 2,
                                                                                "Actual Startup Time": 3835.015,
                                                                                "Actual Total Time": 4178.582,
                                                                                "Actual Rows": 56286,
                                                                                "Actual Loops": 1
                                                                            }
                                                                        ],
                                                                        "Plans": [
                                                                            {
                                                                                "Node Type": "Merge Join",
                                                                                "Parent Relationship": "Outer",
                                                                                "Parallel Aware": false,
                                                                                "Join Type": "Inner",
                                                                                "Startup Cost": 1191126.05,
                                                                                "Total Cost": 1194614.8,
                                                                                "Plan Rows": 31781,
                                                                                "Plan Width": 29,
                                                                                "Actual Startup Time": 3858.121,
                                                                                "Actual Total Time": 3964.005,
                                                                                "Actual Rows": 64125,
                                                                                "Actual Loops": 4,
                                                                                "Output": [
                                                                                    "mi.movie_id",
                                                                                    "mi.info_type_id",
                                                                                    "t.title",
                                                                                    "t.id"
                                                                                ],
                                                                                "Inner Unique": false,
                                                                                "Merge Cond": "(t.id = mi.movie_id)",
                                                                                "Workers": [
                                                                                    {
                                                                                        "Worker Number": 0,
                                                                                        "Actual Startup Time": 4229.903,
                                                                                        "Actual Total Time": 4323.832,
                                                                                        "Actual Rows": 56589,
                                                                                        "Actual Loops": 1
                                                                                    },
                                                                                    {
                                                                                        "Worker Number": 1,
                                                                                        "Actual Startup Time": 4230.156,
                                                                                        "Actual Total Time": 4323.701,
                                                                                        "Actual Rows": 56459,
                                                                                        "Actual Loops": 1
                                                                                    },
                                                                                    {
                                                                                        "Worker Number": 2,
                                                                                        "Actual Startup Time": 3834.952,
                                                                                        "Actual Total Time": 3936.028,
                                                                                        "Actual Rows": 56294,
                                                                                        "Actual Loops": 1
                                                                                    }
                                                                                ],
                                                                                "Plans": [
                                                                                    {
                                                                                        "Node Type": "Sort",
                                                                                        "Parent Relationship": "Outer",
                                                                                        "Parallel Aware": false,
                                                                                        "Startup Cost": 60708.52,
                                                                                        "Total Cost": 61145.74,
                                                                                        "Plan Rows": 174888,
                                                                                        "Plan Width": 21,
                                                                                        "Actual Startup Time": 211.082,
                                                                                        "Actual Total Time": 235.712,
                                                                                        "Actual Rows": 175612,
                                                                                        "Actual Loops": 4,
                                                                                        "Output": [
                                                                                            "t.title",
                                                                                            "t.id"
                                                                                        ],
                                                                                        "Sort Key": [
                                                                                            "t.id"
                                                                                        ],
                                                                                        "Sort Method": "quicksort",
                                                                                        "Sort Space Used": 23385,
                                                                                        "Sort Space Type": "Memory",
                                                                                        "Workers": [
                                                                                            {
                                                                                                "Worker Number": 0,
                                                                                                "Actual Startup Time": 206.693,
                                                                                                "Actual Total Time": 227.25,
                                                                                                "Actual Rows": 152233,
                                                                                                "Actual Loops": 1
                                                                                            },
                                                                                            {
                                                                                                "Worker Number": 1,
                                                                                                "Actual Startup Time": 206.801,
                                                                                                "Actual Total Time": 226.798,
                                                                                                "Actual Rows": 151756,
                                                                                                "Actual Loops": 1
                                                                                            },
                                                                                            {
                                                                                                "Worker Number": 2,
                                                                                                "Actual Startup Time": 206.935,
                                                                                                "Actual Total Time": 227.962,
                                                                                                "Actual Rows": 152354,
                                                                                                "Actual Loops": 1
                                                                                            }
                                                                                        ],
                                                                                        "Plans": [
                                                                                            {
                                                                                                "Node Type": "Seq Scan",
                                                                                                "Parent Relationship": "Outer",
                                                                                                "Parallel Aware": true,
                                                                                                "Relation Name": "title",
                                                                                                "Schema": "public",
                                                                                                "Alias": "t",
                                                                                                "Startup Cost": 0.0,
                                                                                                "Total Cost": 45479.21,
                                                                                                "Plan Rows": 174888,
                                                                                                "Plan Width": 21,
                                                                                                "Actual Startup Time": 0.06,
                                                                                                "Actual Total Time": 133.591,
                                                                                                "Actual Rows": 175646,
                                                                                                "Actual Loops": 4,
                                                                                                "Output": [
                                                                                                    "t.title",
                                                                                                    "t.id"
                                                                                                ],
                                                                                                "Filter": "((t.production_year >= 1996) AND (t.production_year <= 2006))",
                                                                                                "Rows Removed by Filter": 456432,
                                                                                                "Workers": [
                                                                                                    {
                                                                                                        "Worker Number": 0,
                                                                                                        "Actual Startup Time": 0.078,
                                                                                                        "Actual Total Time": 130.544,
                                                                                                        "Actual Rows": 152255,
                                                                                                        "Actual Loops": 1
                                                                                                    },
                                                                                                    {
                                                                                                        "Worker Number": 1,
                                                                                                        "Actual Startup Time": 0.075,
                                                                                                        "Actual Total Time": 130.868,
                                                                                                        "Actual Rows": 151788,
                                                                                                        "Actual Loops": 1
                                                                                                    },
                                                                                                    {
                                                                                                        "Worker Number": 2,
                                                                                                        "Actual Startup Time": 0.073,
                                                                                                        "Actual Total Time": 130.823,
                                                                                                        "Actual Rows": 152373,
                                                                                                        "Actual Loops": 1
                                                                                                    }
                                                                                                ]
                                                                                            }
                                                                                        ]
                                                                                    },
                                                                                    {
                                                                                        "Node Type": "Sort",
                                                                                        "Parent Relationship": "Inner",
                                                                                        "Parallel Aware": false,
                                                                                        "Startup Cost": 1130417.45,
                                                                                        "Total Cost": 1131566.08,
                                                                                        "Plan Rows": 459453,
                                                                                        "Plan Width": 8,
                                                                                        "Actual Startup Time": 3647.024,
                                                                                        "Actual Total Time": 3671.982,
                                                                                        "Actual Rows": 451104,
                                                                                        "Actual Loops": 4,
                                                                                        "Output": [
                                                                                            "mi.movie_id",
                                                                                            "mi.info_type_id"
                                                                                        ],
                                                                                        "Sort Key": [
                                                                                            "mi.movie_id"
                                                                                        ],
                                                                                        "Sort Method": "quicksort",
                                                                                        "Sort Space Used": 33434,
                                                                                        "Sort Space Type": "Memory",
                                                                                        "Workers": [
                                                                                            {
                                                                                                "Worker Number": 0,
                                                                                                "Actual Startup Time": 4023.198,
                                                                                                "Actual Total Time": 4046.249,
                                                                                                "Actual Rows": 451104,
                                                                                                "Actual Loops": 1
                                                                                            },
                                                                                            {
                                                                                                "Worker Number": 1,
                                                                                                "Actual Startup Time": 4023.339,
                                                                                                "Actual Total Time": 4046.516,
                                                                                                "Actual Rows": 451104,
                                                                                                "Actual Loops": 1
                                                                                            },
                                                                                            {
                                                                                                "Worker Number": 2,
                                                                                                "Actual Startup Time": 3628.001,
                                                                                                "Actual Total Time": 3653.514,
                                                                                                "Actual Rows": 451104,
                                                                                                "Actual Loops": 1
                                                                                            }
                                                                                        ],
                                                                                        "Plans": [
                                                                                            {
                                                                                                "Node Type": "Index Scan",
                                                                                                "Parent Relationship": "Outer",
                                                                                                "Parallel Aware": false,
                                                                                                "Scan Direction": "Forward",
                                                                                                "Index Name": "info_type_id_movie_info",
                                                                                                "Relation Name": "movie_info",
                                                                                                "Schema": "public",
                                                                                                "Alias": "mi",
                                                                                                "Startup Cost": 0.43,
                                                                                                "Total Cost": 1087206.91,
                                                                                                "Plan Rows": 459453,
                                                                                                "Plan Width": 8,
                                                                                                "Actual Startup Time": 10.635,
                                                                                                "Actual Total Time": 3552.905,
                                                                                                "Actual Rows": 451104,
                                                                                                "Actual Loops": 4,
                                                                                                "Output": [
                                                                                                    "mi.movie_id",
                                                                                                    "mi.info_type_id"
                                                                                                ],
                                                                                                "Filter": "((mi.info IS NOT NULL) AND ((mi.info ~~ 'Japan:%200%'::text) OR (mi.info ~~ 'USA:%200%'::text)))",
                                                                                                "Rows Removed by Filter": 14384616,
                                                                                                "Workers": [
                                                                                                    {
                                                                                                        "Worker Number": 0,
                                                                                                        "Actual Startup Time": 12.523,
                                                                                                        "Actual Total Time": 3920.325,
                                                                                                        "Actual Rows": 451104,
                                                                                                        "Actual Loops": 1
                                                                                                    },
                                                                                                    {
                                                                                                        "Worker Number": 1,
                                                                                                        "Actual Startup Time": 12.73,
                                                                                                        "Actual Total Time": 3926.066,
                                                                                                        "Actual Rows": 451104,
                                                                                                        "Actual Loops": 1
                                                                                                    },
                                                                                                    {
                                                                                                        "Worker Number": 2,
                                                                                                        "Actual Startup Time": 12.586,
                                                                                                        "Actual Total Time": 3529.257,
                                                                                                        "Actual Rows": 451104,
                                                                                                        "Actual Loops": 1
                                                                                                    }
                                                                                                ]
                                                                                            }
                                                                                        ]
                                                                                    }
                                                                                ]
                                                                            },
                                                                            {
                                                                                "Node Type": "Bitmap Heap Scan",
                                                                                "Parent Relationship": "Inner",
                                                                                "Parallel Aware": false,
                                                                                "Relation Name": "info_type",
                                                                                "Schema": "public",
                                                                                "Alias": "it",
                                                                                "Startup Cost": 0.15,
                                                                                "Total Cost": 4.17,
                                                                                "Plan Rows": 1,
                                                                                "Plan Width": 4,
                                                                                "Actual Startup Time": 0.002,
                                                                                "Actual Total Time": 0.002,
                                                                                "Actual Rows": 1,
                                                                                "Actual Loops": 256500,
                                                                                "Output": [
                                                                                    "it.id",
                                                                                    "it.info"
                                                                                ],
                                                                                "Recheck Cond": "(it.id = mi.info_type_id)",
                                                                                "Rows Removed by Index Recheck": 0,
                                                                                "Filter": "((it.info)::text = 'release dates'::text)",
                                                                                "Rows Removed by Filter": 0,
                                                                                "Exact Heap Blocks": 87158,
                                                                                "Lossy Heap Blocks": 0,
                                                                                "Workers": [
                                                                                    {
                                                                                        "Worker Number": 0,
                                                                                        "Actual Startup Time": 0.002,
                                                                                        "Actual Total Time": 0.002,
                                                                                        "Actual Rows": 1,
                                                                                        "Actual Loops": 56589
                                                                                    },
                                                                                    {
                                                                                        "Worker Number": 1,
                                                                                        "Actual Startup Time": 0.002,
                                                                                        "Actual Total Time": 0.002,
                                                                                        "Actual Rows": 1,
                                                                                        "Actual Loops": 56459
                                                                                    },
                                                                                    {
                                                                                        "Worker Number": 2,
                                                                                        "Actual Startup Time": 0.002,
                                                                                        "Actual Total Time": 0.002,
                                                                                        "Actual Rows": 1,
                                                                                        "Actual Loops": 56294
                                                                                    }
                                                                                ],
                                                                                "Plans": [
                                                                                    {
                                                                                        "Node Type": "Bitmap Index Scan",
                                                                                        "Parent Relationship": "Outer",
                                                                                        "Parallel Aware": false,
                                                                                        "Index Name": "info_type_pkey",
                                                                                        "Startup Cost": 0.0,
                                                                                        "Total Cost": 0.15,
                                                                                        "Plan Rows": 1,
                                                                                        "Plan Width": 0,
                                                                                        "Actual Startup Time": 0.001,
                                                                                        "Actual Total Time": 0.001,
                                                                                        "Actual Rows": 1,
                                                                                        "Actual Loops": 256500,
                                                                                        "Index Cond": "(it.id = mi.info_type_id)",
                                                                                        "Workers": [
                                                                                            {
                                                                                                "Worker Number": 0,
                                                                                                "Actual Startup Time": 0.001,
                                                                                                "Actual Total Time": 0.001,
                                                                                                "Actual Rows": 1,
                                                                                                "Actual Loops": 56589
                                                                                            },
                                                                                            {
                                                                                                "Worker Number": 1,
                                                                                                "Actual Startup Time": 0.001,
                                                                                                "Actual Total Time": 0.001,
                                                                                                "Actual Rows": 1,
                                                                                                "Actual Loops": 56459
                                                                                            },
                                                                                            {
                                                                                                "Worker Number": 2,
                                                                                                "Actual Startup Time": 0.001,
                                                                                                "Actual Total Time": 0.001,
                                                                                                "Actual Rows": 1,
                                                                                                "Actual Loops": 56294
                                                                                            }
                                                                                        ]
                                                                                    }
                                                                                ]
                                                                            }
                                                                        ]
                                                                    }
                                                                ]
                                                            }
                                                        ]
                                                    }
                                                ]
                                            }
                                        ]
                                    }
                                ]
                            },
                            {
                                "Node Type": "Hash",
                                "Parent Relationship": "Inner",
                                "Parallel Aware": false,
                                "Startup Cost": 67850.27,
                                "Total Cost": 67850.27,
                                "Plan Rows": 3140227,
                                "Plan Width": 4,
                                "Actual Startup Time": 1224.742,
                                "Actual Total Time": 1224.744,
                                "Actual Rows": 3140339,
                                "Actual Loops": 1,
                                "Output": [
                                    "chn.id"
                                ],
                                "Hash Buckets": 4194304,
                                "Original Hash Buckets": 4194304,
                                "Hash Batches": 1,
                                "Original Hash Batches": 1,
                                "Peak Memory Usage": 143171,
                                "Plans": [
                                    {
                                        "Node Type": "Seq Scan",
                                        "Parent Relationship": "Outer",
                                        "Parallel Aware": false,
                                        "Relation Name": "char_name",
                                        "Schema": "public",
                                        "Alias": "chn",
                                        "Startup Cost": 0.0,
                                        "Total Cost": 67850.27,
                                        "Plan Rows": 3140227,
                                        "Plan Width": 4,
                                        "Actual Startup Time": 0.019,
                                        "Actual Total Time": 424.135,
                                        "Actual Rows": 3140339,
                                        "Actual Loops": 1,
                                        "Output": [
                                            "chn.id"
                                        ]
                                    }
                                ]
                            }
                        ]
                    },
                    {
                        "Node Type": "Bitmap Heap Scan",
                        "Parent Relationship": "Inner",
                        "Parallel Aware": false,
                        "Relation Name": "aka_name",
                        "Schema": "public",
                        "Alias": "an",
                        "Startup Cost": 0.45,
                        "Total Cost": 4.47,
                        "Plan Rows": 2,
                        "Plan Width": 4,
                        "Actual Startup Time": 0.0,
                        "Actual Total Time": 0.0,
                        "Actual Rows": 0,
                        "Actual Loops": 0,
                        "Output": [
                            "an.id",
                            "an.person_id",
                            "an.name",
                            "an.imdb_index",
                            "an.name_pcode_cf",
                            "an.name_pcode_nf",
                            "an.surname_pcode",
                            "an.md5sum"
                        ],
                        "Recheck Cond": "(an.person_id = ci.person_id)",
                        "Rows Removed by Index Recheck": 0,
                        "Exact Heap Blocks": 0,
                        "Lossy Heap Blocks": 0,
                        "Plans": [
                            {
                                "Node Type": "Bitmap Index Scan",
                                "Parent Relationship": "Outer",
                                "Parallel Aware": false,
                                "Index Name": "person_id_aka_name",
                                "Startup Cost": 0.0,
                                "Total Cost": 0.44,
                                "Plan Rows": 2,
                                "Plan Width": 0,
                                "Actual Startup Time": 0.0,
                                "Actual Total Time": 0.0,
                                "Actual Rows": 0,
                                "Actual Loops": 0,
                                "Index Cond": "(an.person_id = ci.person_id)"
                            }
                        ]
                    }
                ]
            }
        ]
    },
    "Planning Time": 26.248,
    "Triggers": [],
    "Execution Time": 13513.649
}