[
  {
    "Plan": {
      "Node Type": "Aggregate",
      "Strategy": "Plain",
      "Partial Mode": "Finalize",
      "Parallel Aware": false,
      "Startup Cost": 46506.87,
      "Total Cost": 46506.88,
      "Plan Rows": 1,
      "Plan Width": 8,
      "Actual Startup Time": 91.137,
      "Actual Total Time": 102.791,
      "Actual Rows": 1,
      "Actual Loops": 1,
      "Plans": [
        {
          "Node Type": "Gather",
          "Parent Relationship": "Outer",
          "Parallel Aware": false,
          "Startup Cost": 46506.45,
          "Total Cost": 46506.86,
          "Plan Rows": 4,
          "Plan Width": 8,
          "Actual Startup Time": 91.003,
          "Actual Total Time": 102.782,
          "Actual Rows": 5,
          "Actual Loops": 1,
          "Workers Planned": 4,
          "Workers Launched": 4,
          "Single Copy": false,
          "Plans": [
            {
              "Node Type": "Aggregate",
              "Strategy": "Plain",
              "Partial Mode": "Partial",
              "Parent Relationship": "Outer",
              "Parallel Aware": false,
              "Startup Cost": 45506.45,
              "Total Cost": 45506.46,
              "Plan Rows": 1,
              "Plan Width": 8,
              "Actual Startup Time": 84.945,
              "Actual Total Time": 84.946,
              "Actual Rows": 1,
              "Actual Loops": 5,
              "Plans": [
                {
                  "Node Type": "Seq Scan",
                  "Parent Relationship": "Outer",
                  "Parallel Aware": true,
                  "Relation Name": "title",
                  "Alias": "t",
                  "Startup Cost": 0.0,
                  "Total Cost": 45479.1,
                  "Plan Rows": 10942,
                  "Plan Width": 0,
                  "Actual Startup Time": 0.045,
                  "Actual Total Time": 84.002,
                  "Actual Rows": 10033,
                  "Actual Loops": 5,
                  "Filter": "((kind_id > 2) AND (production_year = 2002))",
                  "Rows Removed by Filter": 495630
                }
              ]
            }
          ]
        }
      ]
    },
    "Planning Time": 0.232,
    "Triggers": [],
    "Execution Time": 102.85
  }
]