[
  {
    "Plan": {
      "Node Type": "Aggregate",
      "Strategy": "Plain",
      "Partial Mode": "Finalize",
      "Parallel Aware": false,
      "Startup Cost": 45460.41,
      "Total Cost": 45460.42,
      "Plan Rows": 1,
      "Plan Width": 8,
      "Actual Startup Time": 139.152,
      "Actual Total Time": 146.771,
      "Actual Rows": 1,
      "Actual Loops": 1,
      "Plans": [
        {
          "Node Type": "Gather",
          "Parent Relationship": "Outer",
          "Parallel Aware": false,
          "Startup Cost": 45460.09,
          "Total Cost": 45460.4,
          "Plan Rows": 3,
          "Plan Width": 8,
          "Actual Startup Time": 139.047,
          "Actual Total Time": 146.764,
          "Actual Rows": 4,
          "Actual Loops": 1,
          "Workers Planned": 3,
          "Workers Launched": 3,
          "Single Copy": false,
          "Plans": [
            {
              "Node Type": "Aggregate",
              "Strategy": "Plain",
              "Partial Mode": "Partial",
              "Parent Relationship": "Outer",
              "Parallel Aware": false,
              "Startup Cost": 44460.09,
              "Total Cost": 44460.1,
              "Plan Rows": 1,
              "Plan Width": 8,
              "Actual Startup Time": 132.818,
              "Actual Total Time": 132.819,
              "Actual Rows": 1,
              "Actual Loops": 4,
              "Plans": [
                {
                  "Node Type": "Seq Scan",
                  "Parent Relationship": "Outer",
                  "Parallel Aware": true,
                  "Relation Name": "movie_keyword",
                  "Alias": "mk",
                  "Startup Cost": 0.0,
                  "Total Cost": 42695.65,
                  "Plan Rows": 705776,
                  "Plan Width": 0,
                  "Actual Startup Time": 0.616,
                  "Actual Total Time": 107.997,
                  "Actual Rows": 546694,
                  "Actual Loops": 4,
                  "Filter": "(keyword_id > 5166)",
                  "Rows Removed by Filter": 584289
                }
              ]
            }
          ]
        }
      ]
    },
    "Planning Time": 0.147,
    "Triggers": [],
    "Execution Time": 146.819
  }
]