[
  {
    "Plan": {
      "Node Type": "Aggregate",
      "Strategy": "Plain",
      "Partial Mode": "Finalize",
      "Parallel Aware": false,
      "Startup Cost": 338589.55,
      "Total Cost": 338589.56,
      "Plan Rows": 1,
      "Plan Width": 8,
      "Actual Startup Time": 763.022,
      "Actual Total Time": 819.678,
      "Actual Rows": 1,
      "Actual Loops": 1,
      "Plans": [
        {
          "Node Type": "Gather",
          "Parent Relationship": "Outer",
          "Parallel Aware": false,
          "Startup Cost": 338588.93,
          "Total Cost": 338589.54,
          "Plan Rows": 6,
          "Plan Width": 8,
          "Actual Startup Time": 762.907,
          "Actual Total Time": 819.668,
          "Actual Rows": 7,
          "Actual Loops": 1,
          "Workers Planned": 6,
          "Workers Launched": 6,
          "Single Copy": false,
          "Plans": [
            {
              "Node Type": "Aggregate",
              "Strategy": "Plain",
              "Partial Mode": "Partial",
              "Parent Relationship": "Outer",
              "Parallel Aware": false,
              "Startup Cost": 337588.93,
              "Total Cost": 337588.94,
              "Plan Rows": 1,
              "Plan Width": 8,
              "Actual Startup Time": 754.904,
              "Actual Total Time": 754.905,
              "Actual Rows": 1,
              "Actual Loops": 7,
              "Plans": [
                {
                  "Node Type": "Seq Scan",
                  "Parent Relationship": "Outer",
                  "Parallel Aware": true,
                  "Relation Name": "cast_info",
                  "Alias": "ci",
                  "Startup Cost": 0.0,
                  "Total Cost": 328162.03,
                  "Plan Rows": 3770760,
                  "Plan Width": 0,
                  "Actual Startup Time": 152.493,
                  "Actual Total Time": 615.08,
                  "Actual Rows": 3231014,
                  "Actual Loops": 7,
                  "Filter": "(person_id > 1341466)",
                  "Rows Removed by Filter": 1946749
                }
              ]
            }
          ]
        }
      ]
    },
    "Planning Time": 0.191,
    "Triggers": [],
    "Execution Time": 819.747
  }
]