{
  "Plan": {
    "Node Type": "Aggregate",
    "Strategy": "Plain",
    "Partial Mode": "Finalize",
    "Parallel Aware": false,
    "Startup Cost": 631603.51,
    "Total Cost": 631603.52,
    "Plan Rows": 1,
    "Plan Width": 64,
    "Actual Startup Time": 2196.68,
    "Actual Total Time": 2249.681,
    "Actual Rows": 1,
    "Actual Loops": 1,
    "Plans": [
      {
        "Node Type": "Gather",
        "Parent Relationship": "Outer",
        "Parallel Aware": false,
        "Startup Cost": 631603.4,
        "Total Cost": 631603.51,
        "Plan Rows": 1,
        "Plan Width": 64,
        "Actual Startup Time": 2194.783,
        "Actual Total Time": 2249.672,
        "Actual Rows": 2,
        "Actual Loops": 1,
        "Workers Planned": 1,
        "Workers Launched": 1,
        "Single Copy": false,
        "Plans": [
          {
            "Node Type": "Aggregate",
            "Strategy": "Plain",
            "Partial Mode": "Partial",
            "Parent Relationship": "Outer",
            "Parallel Aware": false,
            "Startup Cost": 630603.4,
            "Total Cost": 630603.41,
            "Plan Rows": 1,
            "Plan Width": 64,
            "Actual Startup Time": 2186.921,
            "Actual Total Time": 2186.933,
            "Actual Rows": 1,
            "Actual Loops": 2,
            "Plans": [
              {
                "Node Type": "Hash Join",
                "Parent Relationship": "Outer",
                "Parallel Aware": false,
                "Join Type": "Inner",
                "Startup Cost": 572117.34,
                "Total Cost": 630452.57,
                "Plan Rows": 30166,
                "Plan Width": 33,
                "Actual Startup Time": 2186.917,
                "Actual Total Time": 2186.928,
                "Actual Rows": 0,
                "Actual Loops": 2,
                "Inner Unique": true,
                "Hash Cond": "(ci.role_id = rt.id)",
                "Plans": [
                  {
                    "Node Type": "Hash Join",
                    "Parent Relationship": "Outer",
                    "Parallel Aware": false,
                    "Join Type": "Inner",
                    "Startup Cost": 572116.07,
                    "Total Cost": 630344.14,
                    "Plan Rows": 30166,
                    "Plan Width": 37,
                    "Actual Startup Time": 2186.614,
                    "Actual Total Time": 2186.624,
                    "Actual Rows": 0,
                    "Actual Loops": 2,
                    "Inner Unique": true,
                    "Hash Cond": "(mc.company_type_id = ct.id)",
                    "Plans": [
                      {
                        "Node Type": "Nested Loop",
                        "Parent Relationship": "Outer",
                        "Parallel Aware": false,
                        "Join Type": "Inner",
                        "Startup Cost": 572114.98,
                        "Total Cost": 630179.96,
                        "Plan Rows": 30166,
                        "Plan Width": 41,
                        "Actual Startup Time": 2186.539,
                        "Actual Total Time": 2186.547,
                        "Actual Rows": 0,
                        "Actual Loops": 2,
                        "Inner Unique": true,
                        "Plans": [
                          {
                            "Node Type": "Hash Join",
                            "Parent Relationship": "Outer",
                            "Parallel Aware": true,
                            "Join Type": "Inner",
                            "Startup Cost": 572114.55,
                            "Total Cost": 612716.85,
                            "Plan Rows": 30166,
                            "Plan Width": 29,
                            "Actual Startup Time": 1901.068,
                            "Actual Total Time": 2170.55,
                            "Actual Rows": 78699,
                            "Actual Loops": 2,
                            "Inner Unique": true,
                            "Hash Cond": "(mc.company_id = cn.id)",
                            "Plans": [
                              {
                                "Node Type": "Hash Join",
                                "Parent Relationship": "Outer",
                                "Parallel Aware": true,
                                "Join Type": "Inner",
                                "Startup Cost": 566766.24,
                                "Total Cost": 607149.76,
                                "Plan Rows": 83347,
                                "Plan Width": 33,
                                "Actual Startup Time": 1859.626,
                                "Actual Total Time": 2108.09,
                                "Actual Rows": 127476,
                                "Actual Loops": 2,
                                "Inner Unique": false,
                                "Hash Cond": "(mc.movie_id = t.id)",
                                "Plans": [
                                  {
                                    "Node Type": "Seq Scan",
                                    "Parent Relationship": "Outer",
                                    "Parallel Aware": true,
                                    "Relation Name": "movie_companies",
                                    "Alias": "mc",
                                    "Startup Cost": 0.0,
                                    "Total Cost": 34137.82,
                                    "Plan Rows": 1534782,
                                    "Plan Width": 12,
                                    "Actual Startup Time": 0.019,
                                    "Actual Total Time": 97.373,
                                    "Actual Rows": 1304564,
                                    "Actual Loops": 2
                                  },
                                  {
                                    "Node Type": "Hash",
                                    "Parent Relationship": "Inner",
                                    "Parallel Aware": true,
                                    "Startup Cost": 565756.68,
                                    "Total Cost": 565756.68,
                                    "Plan Rows": 80765,
                                    "Plan Width": 33,
                                    "Actual Startup Time": 1857.551,
                                    "Actual Total Time": 1857.557,
                                    "Actual Rows": 48226,
                                    "Actual Loops": 2,
                                    "Hash Buckets": 262144,
                                    "Original Hash Buckets": 262144,
                                    "Hash Batches": 1,
                                    "Original Hash Batches": 1,
                                    "Peak Memory Usage": 8352,
                                    "Plans": [
                                      {
                                        "Node Type": "Hash Join",
                                        "Parent Relationship": "Outer",
                                        "Parallel Aware": true,
                                        "Join Type": "Inner",
                                        "Startup Cost": 43996.71,
                                        "Total Cost": 565756.68,
                                        "Plan Rows": 80765,
                                        "Plan Width": 33,
                                        "Actual Startup Time": 841.645,
                                        "Actual Total Time": 1834.801,
                                        "Actual Rows": 48226,
                                        "Actual Loops": 2,
                                        "Inner Unique": true,
                                        "Hash Cond": "(ci.movie_id = t.id)",
                                        "Plans": [
                                          {
                                            "Node Type": "Seq Scan",
                                            "Parent Relationship": "Outer",
                                            "Parallel Aware": true,
                                            "Relation Name": "cast_info",
                                            "Alias": "ci",
                                            "Startup Cost": 0.0,
                                            "Total Cost": 519518.59,
                                            "Plan Rows": 853861,
                                            "Plan Width": 12,
                                            "Actual Startup Time": 158.799,
                                            "Actual Total Time": 1556.544,
                                            "Actual Rows": 717720,
                                            "Actual Loops": 2,
                                            "Filter": "(note ~~ '%(producer)%'::text)",
                                            "Rows Removed by Filter": 17404452
                                          },
                                          {
                                            "Node Type": "Hash",
                                            "Parent Relationship": "Inner",
                                            "Parallel Aware": true,
                                            "Startup Cost": 42238.27,
                                            "Total Cost": 42238.27,
                                            "Plan Rows": 140675,
                                            "Plan Width": 21,
                                            "Actual Startup Time": 122.46,
                                            "Actual Total Time": 122.462,
                                            "Actual Rows": 120700,
                                            "Actual Loops": 2,
                                            "Hash Buckets": 262144,
                                            "Original Hash Buckets": 262144,
                                            "Hash Batches": 1,
                                            "Original Hash Batches": 1,
                                            "Peak Memory Usage": 16032,
                                            "Plans": [
                                              {
                                                "Node Type": "Bitmap Heap Scan",
                                                "Parent Relationship": "Outer",
                                                "Parallel Aware": true,
                                                "Relation Name": "title",
                                                "Alias": "t",
                                                "Startup Cost": 4481.83,
                                                "Total Cost": 42238.27,
                                                "Plan Rows": 140675,
                                                "Plan Width": 21,
                                                "Actual Startup Time": 26.164,
                                                "Actual Total Time": 89.051,
                                                "Actual Rows": 120700,
                                                "Actual Loops": 2,
                                                "Recheck Cond": "(production_year < 1960)",
                                                "Rows Removed by Index Recheck": 0,
                                                "Exact Heap Blocks": 17114,
                                                "Lossy Heap Blocks": 0,
                                                "Plans": [
                                                  {
                                                    "Node Type": "Bitmap Index Scan",
                                                    "Parent Relationship": "Outer",
                                                    "Parallel Aware": false,
                                                    "Index Name": "idx_title_production_year",
                                                    "Startup Cost": 0.0,
                                                    "Total Cost": 4422.04,
                                                    "Plan Rows": 239148,
                                                    "Plan Width": 0,
                                                    "Actual Startup Time": 21.13,
                                                    "Actual Total Time": 21.13,
                                                    "Actual Rows": 241400,
                                                    "Actual Loops": 1,
                                                    "Index Cond": "(production_year < 1960)"
                                                  }
                                                ]
                                              }
                                            ]
                                          }
                                        ]
                                      }
                                    ]
                                  }
                                ]
                              },
                              {
                                "Node Type": "Hash",
                                "Parent Relationship": "Inner",
                                "Parallel Aware": true,
                                "Startup Cost": 4722.92,
                                "Total Cost": 4722.92,
                                "Plan Rows": 50031,
                                "Plan Width": 4,
                                "Actual Startup Time": 39.157,
                                "Actual Total Time": 39.158,
                                "Actual Rows": 42422,
                                "Actual Loops": 2,
                                "Hash Buckets": 131072,
                                "Original Hash Buckets": 131072,
                                "Hash Batches": 1,
                                "Original Hash Batches": 1,
                                "Peak Memory Usage": 4384,
                                "Plans": [
                                  {
                                    "Node Type": "Seq Scan",
                                    "Parent Relationship": "Outer",
                                    "Parallel Aware": true,
                                    "Relation Name": "company_name",
                                    "Alias": "cn",
                                    "Startup Cost": 0.0,
                                    "Total Cost": 4722.92,
                                    "Plan Rows": 50031,
                                    "Plan Width": 4,
                                    "Actual Startup Time": 0.046,
                                    "Actual Total Time": 26.354,
                                    "Actual Rows": 42422,
                                    "Actual Loops": 2,
                                    "Filter": "((country_code)::text = '[us]'::text)",
                                    "Rows Removed by Filter": 75077
                                  }
                                ]
                              }
                            ]
                          },
                          {
                            "Node Type": "Index Scan",
                            "Parent Relationship": "Inner",
                            "Parallel Aware": false,
                            "Scan Direction": "Forward",
                            "Index Name": "char_name_pkey",
                            "Relation Name": "char_name",
                            "Alias": "chn",
                            "Startup Cost": 0.43,
                            "Total Cost": 0.58,
                            "Plan Rows": 1,
                            "Plan Width": 20,
                            "Actual Startup Time": 0.0,
                            "Actual Total Time": 0.0,
                            "Actual Rows": 0,
                            "Actual Loops": 157398,
                            "Index Cond": "(id = ci.person_role_id)",
                            "Rows Removed by Index Recheck": 0
                          }
                        ]
                      },
                      {
                        "Node Type": "Hash",
                        "Parent Relationship": "Inner",
                        "Parallel Aware": false,
                        "Startup Cost": 1.04,
                        "Total Cost": 1.04,
                        "Plan Rows": 4,
                        "Plan Width": 4,
                        "Actual Startup Time": 0.048,
                        "Actual Total Time": 0.048,
                        "Actual Rows": 4,
                        "Actual Loops": 2,
                        "Hash Buckets": 1024,
                        "Original Hash Buckets": 1024,
                        "Hash Batches": 1,
                        "Original Hash Batches": 1,
                        "Peak Memory Usage": 9,
                        "Plans": [
                          {
                            "Node Type": "Seq Scan",
                            "Parent Relationship": "Outer",
                            "Parallel Aware": false,
                            "Relation Name": "company_type",
                            "Alias": "ct",
                            "Startup Cost": 0.0,
                            "Total Cost": 1.04,
                            "Plan Rows": 4,
                            "Plan Width": 4,
                            "Actual Startup Time": 0.033,
                            "Actual Total Time": 0.035,
                            "Actual Rows": 4,
                            "Actual Loops": 2
                          }
                        ]
                      }
                    ]
                  },
                  {
                    "Node Type": "Hash",
                    "Parent Relationship": "Inner",
                    "Parallel Aware": false,
                    "Startup Cost": 1.12,
                    "Total Cost": 1.12,
                    "Plan Rows": 12,
                    "Plan Width": 4,
                    "Actual Startup Time": 0.079,
                    "Actual Total Time": 0.079,
                    "Actual Rows": 12,
                    "Actual Loops": 2,
                    "Hash Buckets": 1024,
                    "Original Hash Buckets": 1024,
                    "Hash Batches": 1,
                    "Original Hash Batches": 1,
                    "Peak Memory Usage": 9,
                    "Plans": [
                      {
                        "Node Type": "Seq Scan",
                        "Parent Relationship": "Outer",
                        "Parallel Aware": false,
                        "Relation Name": "role_type",
                        "Alias": "rt",
                        "Startup Cost": 0.0,
                        "Total Cost": 1.12,
                        "Plan Rows": 12,
                        "Plan Width": 4,
                        "Actual Startup Time": 0.044,
                        "Actual Total Time": 0.049,
                        "Actual Rows": 12,
                        "Actual Loops": 2
                      }
                    ]
                  }
                ]
              }
            ]
          }
        ]
      }
    ]
  },
  "Planning Time": 2.415,
  "Triggers": [],
  "Execution Time": 2249.871
}