[
  {
    "Plan": {
      "Node Type": "Aggregate",
      "Strategy": "Plain",
      "Partial Mode": "Finalize",
      "Parallel Aware": false,
      "Startup Cost": 45366.89,
      "Total Cost": 45366.9,
      "Plan Rows": 1,
      "Plan Width": 8,
      "Actual Startup Time": 124.174,
      "Actual Total Time": 133.603,
      "Actual Rows": 1,
      "Actual Loops": 1,
      "Plans": [
        {
          "Node Type": "Gather",
          "Parent Relationship": "Outer",
          "Parallel Aware": false,
          "Startup Cost": 45366.57,
          "Total Cost": 45366.88,
          "Plan Rows": 3,
          "Plan Width": 8,
          "Actual Startup Time": 124.044,
          "Actual Total Time": 133.589,
          "Actual Rows": 4,
          "Actual Loops": 1,
          "Workers Planned": 3,
          "Workers Launched": 3,
          "Single Copy": false,
          "Plans": [
            {
              "Node Type": "Aggregate",
              "Strategy": "Plain",
              "Partial Mode": "Partial",
              "Parent Relationship": "Outer",
              "Parallel Aware": false,
              "Startup Cost": 44366.57,
              "Total Cost": 44366.58,
              "Plan Rows": 1,
              "Plan Width": 8,
              "Actual Startup Time": 120.431,
              "Actual Total Time": 120.433,
              "Actual Rows": 1,
              "Actual Loops": 4,
              "Plans": [
                {
                  "Node Type": "Seq Scan",
                  "Parent Relationship": "Outer",
                  "Parallel Aware": true,
                  "Relation Name": "movie_keyword",
                  "Alias": "mk",
                  "Startup Cost": 0.0,
                  "Total Cost": 42695.65,
                  "Plan Rows": 668367,
                  "Plan Width": 0,
                  "Actual Startup Time": 0.326,
                  "Actual Total Time": 99.409,
                  "Actual Rows": 513280,
                  "Actual Loops": 4,
                  "Filter": "(keyword_id > 5952)",
                  "Rows Removed by Filter": 617703
                }
              ]
            }
          ]
        }
      ]
    },
    "Planning Time": 0.192,
    "Triggers": [],
    "Execution Time": 133.659
  }
]