[
  {
    "Plan": {
      "Node Type": "Aggregate",
      "Strategy": "Plain",
      "Partial Mode": "Finalize",
      "Parallel Aware": false,
      "Startup Cost": 45353.57,
      "Total Cost": 45353.58,
      "Plan Rows": 1,
      "Plan Width": 8,
      "Actual Startup Time": 160.306,
      "Actual Total Time": 169.576,
      "Actual Rows": 1,
      "Actual Loops": 1,
      "Plans": [
        {
          "Node Type": "Gather",
          "Parent Relationship": "Outer",
          "Parallel Aware": false,
          "Startup Cost": 45353.25,
          "Total Cost": 45353.56,
          "Plan Rows": 3,
          "Plan Width": 8,
          "Actual Startup Time": 160.174,
          "Actual Total Time": 169.566,
          "Actual Rows": 4,
          "Actual Loops": 1,
          "Workers Planned": 3,
          "Workers Launched": 3,
          "Single Copy": false,
          "Plans": [
            {
              "Node Type": "Aggregate",
              "Strategy": "Plain",
              "Partial Mode": "Partial",
              "Parent Relationship": "Outer",
              "Parallel Aware": false,
              "Startup Cost": 44353.25,
              "Total Cost": 44353.26,
              "Plan Rows": 1,
              "Plan Width": 8,
              "Actual Startup Time": 151.862,
              "Actual Total Time": 151.863,
              "Actual Rows": 1,
              "Actual Loops": 4,
              "Plans": [
                {
                  "Node Type": "Seq Scan",
                  "Parent Relationship": "Outer",
                  "Parallel Aware": true,
                  "Relation Name": "movie_keyword",
                  "Alias": "mk",
                  "Startup Cost": 0.0,
                  "Total Cost": 42695.65,
                  "Plan Rows": 663039,
                  "Plan Width": 0,
                  "Actual Startup Time": 0.946,
                  "Actual Total Time": 125.114,
                  "Actual Rows": 513280,
                  "Actual Loops": 4,
                  "Filter": "(keyword_id > 5952)",
                  "Rows Removed by Filter": 617703
                }
              ]
            }
          ]
        }
      ]
    },
    "Planning Time": 0.179,
    "Triggers": [],
    "Execution Time": 169.631
  }
]