[
  {
    "Plan": {
      "Node Type": "Aggregate",
      "Strategy": "Plain",
      "Partial Mode": "Finalize",
      "Parallel Aware": false,
      "Startup Cost": 343253.52,
      "Total Cost": 343253.53,
      "Plan Rows": 1,
      "Plan Width": 8,
      "Actual Startup Time": 452.066,
      "Actual Total Time": 478.842,
      "Actual Rows": 1,
      "Actual Loops": 1,
      "Plans": [
        {
          "Node Type": "Gather",
          "Parent Relationship": "Outer",
          "Parallel Aware": false,
          "Startup Cost": 343252.89,
          "Total Cost": 343253.5,
          "Plan Rows": 6,
          "Plan Width": 8,
          "Actual Startup Time": 451.912,
          "Actual Total Time": 478.825,
          "Actual Rows": 7,
          "Actual Loops": 1,
          "Workers Planned": 6,
          "Workers Launched": 6,
          "Single Copy": false,
          "Plans": [
            {
              "Node Type": "Aggregate",
              "Strategy": "Plain",
              "Partial Mode": "Partial",
              "Parent Relationship": "Outer",
              "Parallel Aware": false,
              "Startup Cost": 342252.89,
              "Total Cost": 342252.9,
              "Plan Rows": 1,
              "Plan Width": 8,
              "Actual Startup Time": 442.037,
              "Actual Total Time": 442.039,
              "Actual Rows": 1,
              "Actual Loops": 7,
              "Plans": [
                {
                  "Node Type": "Index Scan",
                  "Parent Relationship": "Outer",
                  "Parallel Aware": true,
                  "Scan Direction": "Forward",
                  "Index Name": "role_id_cast_info",
                  "Relation Name": "cast_info",
                  "Alias": "ci",
                  "Startup Cost": 0.56,
                  "Total Cost": 341155.22,
                  "Plan Rows": 439069,
                  "Plan Width": 0,
                  "Actual Startup Time": 0.265,
                  "Actual Total Time": 400.925,
                  "Actual Rows": 789942,
                  "Actual Loops": 7,
                  "Index Cond": "(role_id = 1)",
                  "Rows Removed by Index Recheck": 0,
                  "Filter": "(person_id < 743157)",
                  "Rows Removed by Filter": 1020157
                }
              ]
            }
          ]
        }
      ]
    },
    "Planning Time": 0.155,
    "Triggers": [],
    "Execution Time": 478.894
  }
]