[
    {
        "Bao": {
            "Bao prediction": "NaN",
            "Bao recommended hint": "(no hint)"
        }
    },
    {
        "Plan": {
            "Node Type": "Aggregate",
            "Strategy": "Plain",
            "Partial Mode": "Finalize",
            "Parallel Aware": false,
            "Startup Cost": 334525.06,
            "Total Cost": 334525.07,
            "Plan Rows": 1,
            "Plan Width": 8,
            "Actual Startup Time": 742.528,
            "Actual Total Time": 774.215,
            "Actual Rows": 1,
            "Actual Loops": 1,
            "Output": [
                "count(*)"
            ],
            "Plans": [
                {
                    "Node Type": "Gather",
                    "Parent Relationship": "Outer",
                    "Parallel Aware": false,
                    "Startup Cost": 334524.44,
                    "Total Cost": 334525.05,
                    "Plan Rows": 6,
                    "Plan Width": 8,
                    "Actual Startup Time": 742.41,
                    "Actual Total Time": 774.205,
                    "Actual Rows": 7,
                    "Actual Loops": 1,
                    "Output": [
                        "(PARTIAL count(*))"
                    ],
                    "Workers Planned": 6,
                    "Workers Launched": 6,
                    "Single Copy": false,
                    "Plans": [
                        {
                            "Node Type": "Aggregate",
                            "Strategy": "Plain",
                            "Partial Mode": "Partial",
                            "Parent Relationship": "Outer",
                            "Parallel Aware": false,
                            "Startup Cost": 333524.44,
                            "Total Cost": 333524.45,
                            "Plan Rows": 1,
                            "Plan Width": 8,
                            "Actual Startup Time": 732.468,
                            "Actual Total Time": 732.47,
                            "Actual Rows": 1,
                            "Actual Loops": 7,
                            "Output": [
                                "PARTIAL count(*)"
                            ],
                            "Workers": [
                                {
                                    "Worker Number": 0,
                                    "Actual Startup Time": 730.026,
                                    "Actual Total Time": 730.027,
                                    "Actual Rows": 1,
                                    "Actual Loops": 1
                                },
                                {
                                    "Worker Number": 1,
                                    "Actual Startup Time": 730.704,
                                    "Actual Total Time": 730.705,
                                    "Actual Rows": 1,
                                    "Actual Loops": 1
                                },
                                {
                                    "Worker Number": 2,
                                    "Actual Startup Time": 730.526,
                                    "Actual Total Time": 730.528,
                                    "Actual Rows": 1,
                                    "Actual Loops": 1
                                },
                                {
                                    "Worker Number": 3,
                                    "Actual Startup Time": 730.996,
                                    "Actual Total Time": 730.997,
                                    "Actual Rows": 1,
                                    "Actual Loops": 1
                                },
                                {
                                    "Worker Number": 4,
                                    "Actual Startup Time": 731.441,
                                    "Actual Total Time": 731.442,
                                    "Actual Rows": 1,
                                    "Actual Loops": 1
                                },
                                {
                                    "Worker Number": 5,
                                    "Actual Startup Time": 731.597,
                                    "Actual Total Time": 731.599,
                                    "Actual Rows": 1,
                                    "Actual Loops": 1
                                }
                            ],
                            "Plans": [
                                {
                                    "Node Type": "Seq Scan",
                                    "Parent Relationship": "Outer",
                                    "Parallel Aware": true,
                                    "Relation Name": "cast_info",
                                    "Schema": "public",
                                    "Alias": "ci",
                                    "Startup Cost": 0.0,
                                    "Total Cost": 328213.62,
                                    "Plan Rows": 2124328,
                                    "Plan Width": 0,
                                    "Actual Startup Time": 0.059,
                                    "Actual Total Time": 625.357,
                                    "Actual Rows": 1821104,
                                    "Actual Loops": 7,
                                    "Output": [
                                        "id",
                                        "person_id",
                                        "movie_id",
                                        "person_role_id",
                                        "note",
                                        "nr_order",
                                        "role_id"
                                    ],
                                    "Filter": "(ci.person_id < 1257255)",
                                    "Rows Removed by Filter": 3356660,
                                    "Workers": [
                                        {
                                            "Worker Number": 0,
                                            "Actual Startup Time": 0.063,
                                            "Actual Total Time": 630.331,
                                            "Actual Rows": 1439002,
                                            "Actual Loops": 1
                                        },
                                        {
                                            "Worker Number": 1,
                                            "Actual Startup Time": 0.071,
                                            "Actual Total Time": 627.233,
                                            "Actual Rows": 1504191,
                                            "Actual Loops": 1
                                        },
                                        {
                                            "Worker Number": 2,
                                            "Actual Startup Time": 0.072,
                                            "Actual Total Time": 627.85,
                                            "Actual Rows": 1487217,
                                            "Actual Loops": 1
                                        },
                                        {
                                            "Worker Number": 3,
                                            "Actual Startup Time": 0.063,
                                            "Actual Total Time": 627.023,
                                            "Actual Rows": 2426113,
                                            "Actual Loops": 1
                                        },
                                        {
                                            "Worker Number": 4,
                                            "Actual Startup Time": 0.066,
                                            "Actual Total Time": 627.302,
                                            "Actual Rows": 2429670,
                                            "Actual Loops": 1
                                        },
                                        {
                                            "Worker Number": 5,
                                            "Actual Startup Time": 0.063,
                                            "Actual Total Time": 631.124,
                                            "Actual Rows": 1465717,
                                            "Actual Loops": 1
                                        }
                                    ]
                                }
                            ]
                        }
                    ]
                }
            ]
        },
        "Planning Time": 288.375,
        "Triggers": [],
        "Execution Time": 774.28
    }
]