[
  {
    "Plan": {
      "Node Type": "Aggregate",
      "Strategy": "Plain",
      "Partial Mode": "Simple",
      "Parallel Aware": false,
      "Startup Cost": 7467.03,
      "Total Cost": 7467.04,
      "Plan Rows": 1,
      "Plan Width": 96,
      "Actual Startup Time": 389.202,
      "Actual Total Time": 389.214,
      "Actual Rows": 1,
      "Actual Loops": 1,
      "Plans": [
        {
          "Node Type": "Nested Loop",
          "Parent Relationship": "Outer",
          "Parallel Aware": false,
          "Join Type": "Inner",
          "Startup Cost": 13.88,
          "Total Cost": 7467.02,
          "Plan Rows": 1,
          "Plan Width": 39,
          "Actual Startup Time": 16.833,
          "Actual Total Time": 389.036,
          "Actual Rows": 245,
          "Actual Loops": 1,
          "Inner Unique": true,
          "Plans": [
            {
              "Node Type": "Nested Loop",
              "Parent Relationship": "Outer",
              "Parallel Aware": false,
              "Join Type": "Inner",
              "Startup Cost": 13.75,
              "Total Cost": 7466.85,
              "Plan Rows": 1,
              "Plan Width": 43,
              "Actual Startup Time": 16.812,
              "Actual Total Time": 388.591,
              "Actual Rows": 245,
              "Actual Loops": 1,
              "Inner Unique": true,
              "Plans": [
                {
                  "Node Type": "Nested Loop",
                  "Parent Relationship": "Outer",
                  "Parallel Aware": false,
                  "Join Type": "Inner",
                  "Startup Cost": 13.62,
                  "Total Cost": 7466.68,
                  "Plan Rows": 1,
                  "Plan Width": 47,
                  "Actual Startup Time": 16.795,
                  "Actual Total Time": 387.854,
                  "Actual Rows": 388,
                  "Actual Loops": 1,
                  "Inner Unique": true,
                  "Plans": [
                    {
                      "Node Type": "Nested Loop",
                      "Parent Relationship": "Outer",
                      "Parallel Aware": false,
                      "Join Type": "Inner",
                      "Startup Cost": 13.49,
                      "Total Cost": 7466.51,
                      "Plan Rows": 1,
                      "Plan Width": 51,
                      "Actual Startup Time": 16.772,
                      "Actual Total Time": 386.99,
                      "Actual Rows": 404,
                      "Actual Loops": 1,
                      "Inner Unique": true,
                      "Join Filter": "(mk.movie_id = t.id)",
                      "Rows Removed by Join Filter": 0,
                      "Plans": [
                        {
                          "Node Type": "Nested Loop",
                          "Parent Relationship": "Outer",
                          "Parallel Aware": false,
                          "Join Type": "Inner",
                          "Startup Cost": 13.06,
                          "Total Cost": 7466.04,
                          "Plan Rows": 1,
                          "Plan Width": 46,
                          "Actual Startup Time": 16.7,
                          "Actual Total Time": 383.101,
                          "Actual Rows": 617,
                          "Actual Loops": 1,
                          "Inner Unique": true,
                          "Plans": [
                            {
                              "Node Type": "Nested Loop",
                              "Parent Relationship": "Outer",
                              "Parallel Aware": false,
                              "Join Type": "Inner",
                              "Startup Cost": 12.63,
                              "Total Cost": 7465.59,
                              "Plan Rows": 1,
                              "Plan Width": 50,
                              "Actual Startup Time": 16.614,
                              "Actual Total Time": 370.622,
                              "Actual Rows": 617,
                              "Actual Loops": 1,
                              "Inner Unique": true,
                              "Plans": [
                                {
                                  "Node Type": "Nested Loop",
                                  "Parent Relationship": "Outer",
                                  "Parallel Aware": false,
                                  "Join Type": "Inner",
                                  "Startup Cost": 12.2,
                                  "Total Cost": 7465.13,
                                  "Plan Rows": 1,
                                  "Plan Width": 38,
                                  "Actual Startup Time": 2.384,
                                  "Actual Total Time": 283.175,
                                  "Actual Rows": 16887,
                                  "Actual Loops": 1,
                                  "Inner Unique": false,
                                  "Plans": [
                                    {
                                      "Node Type": "Nested Loop",
                                      "Parent Relationship": "Outer",
                                      "Parallel Aware": false,
                                      "Join Type": "Inner",
                                      "Startup Cost": 11.64,
                                      "Total Cost": 7463.21,
                                      "Plan Rows": 1,
                                      "Plan Width": 26,
                                      "Actual Startup Time": 2.25,
                                      "Actual Total Time": 188.136,
                                      "Actual Rows": 144,
                                      "Actual Loops": 1,
                                      "Inner Unique": false,
                                      "Plans": [
                                        {
                                          "Node Type": "Nested Loop",
                                          "Parent Relationship": "Outer",
                                          "Parallel Aware": false,
                                          "Join Type": "Inner",
                                          "Startup Cost": 11.22,
                                          "Total Cost": 7462.73,
                                          "Plan Rows": 1,
                                          "Plan Width": 14,
                                          "Actual Startup Time": 1.688,
                                          "Actual Total Time": 184.309,
                                          "Actual Rows": 313,
                                          "Actual Loops": 1,
                                          "Inner Unique": false,
                                          "Join Filter": "(mi_idx.info_type_id = it2.id)",
                                          "Rows Removed by Join Filter": 612,
                                          "Plans": [
                                            {
                                              "Node Type": "Seq Scan",
                                              "Parent Relationship": "Outer",
                                              "Parallel Aware": false,
                                              "Relation Name": "info_type",
                                              "Alias": "it2",
                                              "Startup Cost": 0.0,
                                              "Total Cost": 2.41,
                                              "Plan Rows": 1,
                                              "Plan Width": 4,
                                              "Actual Startup Time": 0.031,
                                              "Actual Total Time": 0.037,
                                              "Actual Rows": 1,
                                              "Actual Loops": 1,
                                              "Filter": "((info)::text = 'rating'::text)",
                                              "Rows Removed by Filter": 112
                                            },
                                            {
                                              "Node Type": "Nested Loop",
                                              "Parent Relationship": "Inner",
                                              "Parallel Aware": false,
                                              "Join Type": "Inner",
                                              "Startup Cost": 11.22,
                                              "Total Cost": 7460.15,
                                              "Plan Rows": 14,
                                              "Plan Width": 18,
                                              "Actual Startup Time": 1.236,
                                              "Actual Total Time": 184.104,
                                              "Actual Rows": 925,
                                              "Actual Loops": 1,
                                              "Inner Unique": false,
                                              "Plans": [
                                                {
                                                  "Node Type": "Nested Loop",
                                                  "Parent Relationship": "Outer",
                                                  "Parallel Aware": false,
                                                  "Join Type": "Inner",
                                                  "Startup Cost": 10.79,
                                                  "Total Cost": 7391.29,
                                                  "Plan Rows": 135,
                                                  "Plan Width": 4,
                                                  "Actual Startup Time": 0.845,
                                                  "Actual Total Time": 101.461,
                                                  "Actual Rows": 9984,
                                                  "Actual Loops": 1,
                                                  "Inner Unique": false,
                                                  "Plans": [
                                                    {
                                                      "Node Type": "Seq Scan",
                                                      "Parent Relationship": "Outer",
                                                      "Parallel Aware": false,
                                                      "Relation Name": "keyword",
                                                      "Alias": "k",
                                                      "Startup Cost": 0.0,
                                                      "Total Cost": 2961.55,
                                                      "Plan Rows": 4,
                                                      "Plan Width": 4,
                                                      "Actual Startup Time": 0.125,
                                                      "Actual Total Time": 28.791,
                                                      "Actual Rows": 4,
                                                      "Actual Loops": 1,
                                                      "Filter": "(keyword = ANY ('{superhero,marvel-comics,based-on-comic,fight}'::text[]))",
                                                      "Rows Removed by Filter": 134166
                                                    },
                                                    {
                                                      "Node Type": "Bitmap Heap Scan",
                                                      "Parent Relationship": "Inner",
                                                      "Parallel Aware": false,
                                                      "Relation Name": "movie_keyword",
                                                      "Alias": "mk",
                                                      "Startup Cost": 10.79,
                                                      "Total Cost": 1104.4,
                                                      "Plan Rows": 304,
                                                      "Plan Width": 8,
                                                      "Actual Startup Time": 0.959,
                                                      "Actual Total Time": 17.339,
                                                      "Actual Rows": 2496,
                                                      "Actual Loops": 4,
                                                      "Recheck Cond": "(keyword_id = k.id)",
                                                      "Rows Removed by Index Recheck": 0,
                                                      "Exact Heap Blocks": 7686,
                                                      "Lossy Heap Blocks": 0,
                                                      "Plans": [
                                                        {
                                                          "Node Type": "Bitmap Index Scan",
                                                          "Parent Relationship": "Outer",
                                                          "Parallel Aware": false,
                                                          "Index Name": "keyword_id_movie_keyword",
                                                          "Startup Cost": 0.0,
                                                          "Total Cost": 10.71,
                                                          "Plan Rows": 304,
                                                          "Plan Width": 0,
                                                          "Actual Startup Time": 0.636,
                                                          "Actual Total Time": 0.637,
                                                          "Actual Rows": 2496,
                                                          "Actual Loops": 4,
                                                          "Index Cond": "(keyword_id = k.id)"
                                                        }
                                                      ]
                                                    }
                                                  ]
                                                },
                                                {
                                                  "Node Type": "Index Scan",
                                                  "Parent Relationship": "Inner",
                                                  "Parallel Aware": false,
                                                  "Scan Direction": "Forward",
                                                  "Index Name": "movie_id_movie_info_idx",
                                                  "Relation Name": "movie_info_idx",
                                                  "Alias": "mi_idx",
                                                  "Startup Cost": 0.43,
                                                  "Total Cost": 0.5,
                                                  "Plan Rows": 1,
                                                  "Plan Width": 14,
                                                  "Actual Startup Time": 0.007,
                                                  "Actual Total Time": 0.007,
                                                  "Actual Rows": 0,
                                                  "Actual Loops": 9984,
                                                  "Index Cond": "(movie_id = mk.movie_id)",
                                                  "Rows Removed by Index Recheck": 0,
                                                  "Filter": "(info > '8.0'::text)",
                                                  "Rows Removed by Filter": 2
                                                }
                                              ]
                                            }
                                          ]
                                        },
                                        {
                                          "Node Type": "Index Scan",
                                          "Parent Relationship": "Inner",
                                          "Parallel Aware": false,
                                          "Scan Direction": "Forward",
                                          "Index Name": "movie_id_complete_cast",
                                          "Relation Name": "complete_cast",
                                          "Alias": "cc",
                                          "Startup Cost": 0.42,
                                          "Total Cost": 0.46,
                                          "Plan Rows": 2,
                                          "Plan Width": 12,
                                          "Actual Startup Time": 0.01,
                                          "Actual Total Time": 0.011,
                                          "Actual Rows": 0,
                                          "Actual Loops": 313,
                                          "Index Cond": "(movie_id = mk.movie_id)",
                                          "Rows Removed by Index Recheck": 0
                                        }
                                      ]
                                    },
                                    {
                                      "Node Type": "Index Scan",
                                      "Parent Relationship": "Inner",
                                      "Parallel Aware": false,
                                      "Scan Direction": "Forward",
                                      "Index Name": "movie_id_cast_info",
                                      "Relation Name": "cast_info",
                                      "Alias": "ci",
                                      "Startup Cost": 0.56,
                                      "Total Cost": 1.55,
                                      "Plan Rows": 37,
                                      "Plan Width": 12,
                                      "Actual Startup Time": 0.029,
                                      "Actual Total Time": 0.623,
                                      "Actual Rows": 117,
                                      "Actual Loops": 144,
                                      "Index Cond": "(movie_id = mk.movie_id)",
                                      "Rows Removed by Index Recheck": 0
                                    }
                                  ]
                                },
                                {
                                  "Node Type": "Index Scan",
                                  "Parent Relationship": "Inner",
                                  "Parallel Aware": false,
                                  "Scan Direction": "Forward",
                                  "Index Name": "char_name_pkey",
                                  "Relation Name": "char_name",
                                  "Alias": "chn",
                                  "Startup Cost": 0.43,
                                  "Total Cost": 0.46,
                                  "Plan Rows": 1,
                                  "Plan Width": 20,
                                  "Actual Startup Time": 0.005,
                                  "Actual Total Time": 0.005,
                                  "Actual Rows": 0,
                                  "Actual Loops": 16887,
                                  "Index Cond": "(id = ci.person_role_id)",
                                  "Rows Removed by Index Recheck": 0,
                                  "Filter": "((name IS NOT NULL) AND ((name ~~ '%man%'::text) OR (name ~~ '%Man%'::text)))",
                                  "Rows Removed by Filter": 0
                                }
                              ]
                            },
                            {
                              "Node Type": "Index Only Scan",
                              "Parent Relationship": "Inner",
                              "Parallel Aware": false,
                              "Scan Direction": "Forward",
                              "Index Name": "name_pkey",
                              "Relation Name": "name",
                              "Alias": "n",
                              "Startup Cost": 0.43,
                              "Total Cost": 0.46,
                              "Plan Rows": 1,
                              "Plan Width": 4,
                              "Actual Startup Time": 0.019,
                              "Actual Total Time": 0.019,
                              "Actual Rows": 1,
                              "Actual Loops": 617,
                              "Index Cond": "(id = ci.person_id)",
                              "Rows Removed by Index Recheck": 0,
                              "Heap Fetches": 617
                            }
                          ]
                        },
                        {
                          "Node Type": "Index Scan",
                          "Parent Relationship": "Inner",
                          "Parallel Aware": false,
                          "Scan Direction": "Forward",
                          "Index Name": "title_pkey",
                          "Relation Name": "title",
                          "Alias": "t",
                          "Startup Cost": 0.43,
                          "Total Cost": 0.45,
                          "Plan Rows": 1,
                          "Plan Width": 25,
                          "Actual Startup Time": 0.005,
                          "Actual Total Time": 0.005,
                          "Actual Rows": 1,
                          "Actual Loops": 617,
                          "Index Cond": "(id = ci.movie_id)",
                          "Rows Removed by Index Recheck": 0,
                          "Filter": "(production_year < 2006)",
                          "Rows Removed by Filter": 0
                        }
                      ]
                    },
                    {
                      "Node Type": "Index Scan",
                      "Parent Relationship": "Inner",
                      "Parallel Aware": false,
                      "Scan Direction": "Forward",
                      "Index Name": "kind_type_pkey",
                      "Relation Name": "kind_type",
                      "Alias": "kt",
                      "Startup Cost": 0.13,
                      "Total Cost": 0.15,
                      "Plan Rows": 1,
                      "Plan Width": 4,
                      "Actual Startup Time": 0.001,
                      "Actual Total Time": 0.001,
                      "Actual Rows": 1,
                      "Actual Loops": 404,
                      "Index Cond": "(id = t.kind_id)",
                      "Rows Removed by Index Recheck": 0,
                      "Filter": "((kind)::text = 'movie'::text)",
                      "Rows Removed by Filter": 0
                    }
                  ]
                },
                {
                  "Node Type": "Index Scan",
                  "Parent Relationship": "Inner",
                  "Parallel Aware": false,
                  "Scan Direction": "Forward",
                  "Index Name": "comp_cast_type_pkey",
                  "Relation Name": "comp_cast_type",
                  "Alias": "cct1",
                  "Startup Cost": 0.13,
                  "Total Cost": 0.15,
                  "Plan Rows": 1,
                  "Plan Width": 4,
                  "Actual Startup Time": 0.001,
                  "Actual Total Time": 0.001,
                  "Actual Rows": 1,
                  "Actual Loops": 388,
                  "Index Cond": "(id = cc.subject_id)",
                  "Rows Removed by Index Recheck": 0,
                  "Filter": "((kind)::text = 'cast'::text)",
                  "Rows Removed by Filter": 0
                }
              ]
            },
            {
              "Node Type": "Index Scan",
              "Parent Relationship": "Inner",
              "Parallel Aware": false,
              "Scan Direction": "Forward",
              "Index Name": "comp_cast_type_pkey",
              "Relation Name": "comp_cast_type",
              "Alias": "cct2",
              "Startup Cost": 0.13,
              "Total Cost": 0.15,
              "Plan Rows": 1,
              "Plan Width": 4,
              "Actual Startup Time": 0.001,
              "Actual Total Time": 0.001,
              "Actual Rows": 1,
              "Actual Loops": 245,
              "Index Cond": "(id = cc.status_id)",
              "Rows Removed by Index Recheck": 0,
              "Filter": "((kind)::text ~~ '%complete%'::text)",
              "Rows Removed by Filter": 0
            }
          ]
        }
      ]
    },
    "Planning Time": 107.424,
    "Triggers": [],
    "Execution Time": 389.859
  }
]