{
  "Plan": {
    "Node Type": "Aggregate",
    "Strategy": "Plain",
    "Partial Mode": "Finalize",
    "Parallel Aware": false,
    "Startup Cost": 111177.67,
    "Total Cost": 111177.68,
    "Plan Rows": 1,
    "Plan Width": 8,
    "Actual Startup Time": 390.407,
    "Actual Total Time": 429.143,
    "Actual Rows": 1,
    "Actual Loops": 1,
    "Plans": [
      {
        "Node Type": "Gather",
        "Parent Relationship": "Outer",
        "Parallel Aware": false,
        "Startup Cost": 111177.56,
        "Total Cost": 111177.67,
        "Plan Rows": 1,
        "Plan Width": 8,
        "Actual Startup Time": 389.959,
        "Actual Total Time": 429.134,
        "Actual Rows": 2,
        "Actual Loops": 1,
        "Workers Planned": 1,
        "Workers Launched": 1,
        "Single Copy": false,
        "Plans": [
          {
            "Node Type": "Aggregate",
            "Strategy": "Plain",
            "Partial Mode": "Partial",
            "Parent Relationship": "Outer",
            "Parallel Aware": false,
            "Startup Cost": 110177.56,
            "Total Cost": 110177.57,
            "Plan Rows": 1,
            "Plan Width": 8,
            "Actual Startup Time": 383.546,
            "Actual Total Time": 383.55,
            "Actual Rows": 1,
            "Actual Loops": 2,
            "Plans": [
              {
                "Node Type": "Nested Loop",
                "Parent Relationship": "Outer",
                "Parallel Aware": false,
                "Join Type": "Inner",
                "Startup Cost": 71005.93,
                "Total Cost": 110141.36,
                "Plan Rows": 14478,
                "Plan Width": 0,
                "Actual Startup Time": 183.737,
                "Actual Total Time": 382.268,
                "Actual Rows": 19804,
                "Actual Loops": 2,
                "Inner Unique": false,
                "Join Filter": "(t.id = ci.movie_id)",
                "Rows Removed by Join Filter": 0,
                "Plans": [
                  {
                    "Node Type": "Hash Join",
                    "Parent Relationship": "Outer",
                    "Parallel Aware": true,
                    "Join Type": "Inner",
                    "Startup Cost": 71005.36,
                    "Total Cost": 102307.03,
                    "Plan Rows": 2234,
                    "Plan Width": 8,
                    "Actual Startup Time": 183.602,
                    "Actual Total Time": 299.214,
                    "Actual Rows": 2113,
                    "Actual Loops": 2,
                    "Inner Unique": true,
                    "Hash Cond": "(mk.movie_id = t.id)",
                    "Plans": [
                      {
                        "Node Type": "Bitmap Heap Scan",
                        "Parent Relationship": "Outer",
                        "Parallel Aware": true,
                        "Relation Name": "movie_keyword",
                        "Alias": "mk",
                        "Startup Cost": 16325.26,
                        "Total Cost": 46438.49,
                        "Plan Rows": 452738,
                        "Plan Width": 4,
                        "Actual Startup Time": 46.946,
                        "Actual Total Time": 125.426,
                        "Actual Rows": 389690,
                        "Actual Loops": 2,
                        "Recheck Cond": "(keyword_id < 745)",
                        "Rows Removed by Index Recheck": 0,
                        "Exact Heap Blocks": 14456,
                        "Lossy Heap Blocks": 0,
                        "Plans": [
                          {
                            "Node Type": "Bitmap Index Scan",
                            "Parent Relationship": "Outer",
                            "Parallel Aware": false,
                            "Index Name": "keyword_id_movie_keyword",
                            "Startup Cost": 0.0,
                            "Total Cost": 16132.84,
                            "Plan Rows": 769655,
                            "Plan Width": 0,
                            "Actual Startup Time": 43.285,
                            "Actual Total Time": 43.286,
                            "Actual Rows": 779380,
                            "Actual Loops": 1,
                            "Index Cond": "(keyword_id < 745)"
                          }
                        ]
                      },
                      {
                        "Node Type": "Hash",
                        "Parent Relationship": "Inner",
                        "Parallel Aware": true,
                        "Startup Cost": 54588.39,
                        "Total Cost": 54588.39,
                        "Plan Rows": 7337,
                        "Plan Width": 4,
                        "Actual Startup Time": 135.321,
                        "Actual Total Time": 135.322,
                        "Actual Rows": 6856,
                        "Actual Loops": 2,
                        "Hash Buckets": 16384,
                        "Original Hash Buckets": 16384,
                        "Hash Batches": 1,
                        "Original Hash Batches": 1,
                        "Peak Memory Usage": 672,
                        "Plans": [
                          {
                            "Node Type": "Seq Scan",
                            "Parent Relationship": "Outer",
                            "Parallel Aware": true,
                            "Relation Name": "title",
                            "Alias": "t",
                            "Startup Cost": 0.0,
                            "Total Cost": 54588.39,
                            "Plan Rows": 7337,
                            "Plan Width": 4,
                            "Actual Startup Time": 0.105,
                            "Actual Total Time": 132.807,
                            "Actual Rows": 6856,
                            "Actual Loops": 2,
                            "Filter": "(production_year = 1966)",
                            "Rows Removed by Filter": 1257300
                          }
                        ]
                      }
                    ]
                  },
                  {
                    "Node Type": "Index Scan",
                    "Parent Relationship": "Inner",
                    "Parallel Aware": false,
                    "Scan Direction": "Forward",
                    "Index Name": "movie_id_cast_info",
                    "Relation Name": "cast_info",
                    "Alias": "ci",
                    "Startup Cost": 0.56,
                    "Total Cost": 3.29,
                    "Plan Rows": 17,
                    "Plan Width": 4,
                    "Actual Startup Time": 0.028,
                    "Actual Total Time": 0.038,
                    "Actual Rows": 9,
                    "Actual Loops": 4226,
                    "Index Cond": "(movie_id = mk.movie_id)",
                    "Rows Removed by Index Recheck": 0,
                    "Filter": "(role_id > 2)",
                    "Rows Removed by Filter": 18
                  }
                ]
              }
            ]
          }
        ]
      }
    ]
  },
  "Planning Time": 0.957,
  "Triggers": [],
  "Execution Time": 429.316
}