{
  "Plan": {
    "Node Type": "Aggregate",
    "Strategy": "Plain",
    "Partial Mode": "Finalize",
    "Parallel Aware": false,
    "Startup Cost": 101321.2,
    "Total Cost": 101321.21,
    "Plan Rows": 1,
    "Plan Width": 8,
    "Actual Startup Time": 599.783,
    "Actual Total Time": 611.009,
    "Actual Rows": 1,
    "Actual Loops": 1,
    "Plans": [
      {
        "Node Type": "Gather",
        "Parent Relationship": "Outer",
        "Parallel Aware": false,
        "Startup Cost": 101321.08,
        "Total Cost": 101321.19,
        "Plan Rows": 1,
        "Plan Width": 8,
        "Actual Startup Time": 598.194,
        "Actual Total Time": 611.003,
        "Actual Rows": 2,
        "Actual Loops": 1,
        "Workers Planned": 1,
        "Workers Launched": 1,
        "Single Copy": false,
        "Plans": [
          {
            "Node Type": "Aggregate",
            "Strategy": "Plain",
            "Partial Mode": "Partial",
            "Parent Relationship": "Outer",
            "Parallel Aware": false,
            "Startup Cost": 100321.08,
            "Total Cost": 100321.09,
            "Plan Rows": 1,
            "Plan Width": 8,
            "Actual Startup Time": 592.091,
            "Actual Total Time": 592.095,
            "Actual Rows": 1,
            "Actual Loops": 2,
            "Plans": [
              {
                "Node Type": "Hash Join",
                "Parent Relationship": "Outer",
                "Parallel Aware": true,
                "Join Type": "Inner",
                "Startup Cost": 38694.42,
                "Total Cost": 99885.3,
                "Plan Rows": 174313,
                "Plan Width": 0,
                "Actual Startup Time": 179.07,
                "Actual Total Time": 579.827,
                "Actual Rows": 297430,
                "Actual Loops": 2,
                "Inner Unique": false,
                "Hash Cond": "(t.id = mc.movie_id)",
                "Plans": [
                  {
                    "Node Type": "Seq Scan",
                    "Parent Relationship": "Outer",
                    "Parallel Aware": true,
                    "Relation Name": "title",
                    "Alias": "t",
                    "Startup Cost": 0.0,
                    "Total Cost": 50870.31,
                    "Plan Rows": 1487231,
                    "Plan Width": 4,
                    "Actual Startup Time": 0.01,
                    "Actual Total Time": 112.25,
                    "Actual Rows": 1264156,
                    "Actual Loops": 2
                  },
                  {
                    "Node Type": "Hash",
                    "Parent Relationship": "Inner",
                    "Parallel Aware": true,
                    "Startup Cost": 36515.51,
                    "Total Cost": 36515.51,
                    "Plan Rows": 174313,
                    "Plan Width": 4,
                    "Actual Startup Time": 173.698,
                    "Actual Total Time": 173.7,
                    "Actual Rows": 297430,
                    "Actual Loops": 2,
                    "Hash Buckets": 1048576,
                    "Original Hash Buckets": 524288,
                    "Hash Batches": 1,
                    "Original Hash Batches": 1,
                    "Peak Memory Usage": 35584,
                    "Plans": [
                      {
                        "Node Type": "Bitmap Heap Scan",
                        "Parent Relationship": "Outer",
                        "Parallel Aware": true,
                        "Relation Name": "movie_companies",
                        "Alias": "mc",
                        "Startup Cost": 12575.78,
                        "Total Cost": 36515.51,
                        "Plan Rows": 174313,
                        "Plan Width": 4,
                        "Actual Startup Time": 47.036,
                        "Actual Total Time": 102.73,
                        "Actual Rows": 297430,
                        "Actual Loops": 2,
                        "Recheck Cond": "(company_id > 68538)",
                        "Rows Removed by Index Recheck": 0,
                        "Filter": "(company_type_id = 2)",
                        "Rows Removed by Filter": 1277,
                        "Exact Heap Blocks": 4904,
                        "Lossy Heap Blocks": 0,
                        "Plans": [
                          {
                            "Node Type": "Bitmap Index Scan",
                            "Parent Relationship": "Outer",
                            "Parallel Aware": false,
                            "Index Name": "company_id_movie_companies",
                            "Startup Cost": 0.0,
                            "Total Cost": 12501.7,
                            "Plan Rows": 583636,
                            "Plan Width": 0,
                            "Actual Startup Time": 45.198,
                            "Actual Total Time": 45.199,
                            "Actual Rows": 597413,
                            "Actual Loops": 1,
                            "Index Cond": "(company_id > 68538)"
                          }
                        ]
                      }
                    ]
                  }
                ]
              }
            ]
          }
        ]
      }
    ]
  },
  "Planning Time": 0.708,
  "Triggers": [],
  "Execution Time": 611.101
}