[
  {
    "Plan": {
      "Node Type": "Aggregate",
      "Strategy": "Plain",
      "Partial Mode": "Simple",
      "Parallel Aware": false,
      "Startup Cost": 9002.84,
      "Total Cost": 9002.85,
      "Plan Rows": 1,
      "Plan Width": 8,
      "Actual Startup Time": 3.837,
      "Actual Total Time": 3.838,
      "Actual Rows": 1,
      "Actual Loops": 1,
      "Plans": [
        {
          "Node Type": "Index Scan",
          "Parent Relationship": "Outer",
          "Parallel Aware": false,
          "Scan Direction": "Forward",
          "Index Name": "company_id_movie_companies",
          "Relation Name": "movie_companies",
          "Alias": "mc",
          "Startup Cost": 0.43,
          "Total Cost": 8998.27,
          "Plan Rows": 1828,
          "Plan Width": 0,
          "Actual Startup Time": 0.099,
          "Actual Total Time": 3.804,
          "Actual Rows": 340,
          "Actual Loops": 1,
          "Index Cond": "(company_id = 677)",
          "Rows Removed by Index Recheck": 0,
          "Filter": "(company_type_id < 2)",
          "Rows Removed by Filter": 2586
        }
      ]
    },
    "Planning Time": 0.125,
    "Triggers": [],
    "Execution Time": 3.866
  }
]