[
  {
    "Plan": {
      "Node Type": "Aggregate",
      "Strategy": "Plain",
      "Partial Mode": "Finalize",
      "Parallel Aware": false,
      "Startup Cost": 319230.23,
      "Total Cost": 319230.24,
      "Plan Rows": 1,
      "Plan Width": 8,
      "Actual Startup Time": 322.715,
      "Actual Total Time": 358.601,
      "Actual Rows": 1,
      "Actual Loops": 1,
      "Plans": [
        {
          "Node Type": "Gather",
          "Parent Relationship": "Outer",
          "Parallel Aware": false,
          "Startup Cost": 319229.61,
          "Total Cost": 319230.22,
          "Plan Rows": 6,
          "Plan Width": 8,
          "Actual Startup Time": 320.677,
          "Actual Total Time": 358.587,
          "Actual Rows": 7,
          "Actual Loops": 1,
          "Workers Planned": 6,
          "Workers Launched": 6,
          "Single Copy": false,
          "Plans": [
            {
              "Node Type": "Aggregate",
              "Strategy": "Plain",
              "Partial Mode": "Partial",
              "Parent Relationship": "Outer",
              "Parallel Aware": false,
              "Startup Cost": 318229.61,
              "Total Cost": 318229.62,
              "Plan Rows": 1,
              "Plan Width": 8,
              "Actual Startup Time": 312.65,
              "Actual Total Time": 312.655,
              "Actual Rows": 1,
              "Actual Loops": 7,
              "Plans": [
                {
                  "Node Type": "Nested Loop",
                  "Parent Relationship": "Outer",
                  "Parallel Aware": false,
                  "Join Type": "Inner",
                  "Startup Cost": 46917.89,
                  "Total Cost": 317855.21,
                  "Plan Rows": 149760,
                  "Plan Width": 0,
                  "Actual Startup Time": 105.016,
                  "Actual Total Time": 312.549,
                  "Actual Rows": 1276,
                  "Actual Loops": 7,
                  "Inner Unique": false,
                  "Join Filter": "(t.id = mi.movie_id)",
                  "Rows Removed by Join Filter": 0,
                  "Plans": [
                    {
                      "Node Type": "Hash Join",
                      "Parent Relationship": "Outer",
                      "Parallel Aware": true,
                      "Join Type": "Inner",
                      "Startup Cost": 46917.45,
                      "Total Cost": 249169.63,
                      "Plan Rows": 25506,
                      "Plan Width": 8,
                      "Actual Startup Time": 104.912,
                      "Actual Total Time": 308.341,
                      "Actual Rows": 32,
                      "Actual Loops": 7,
                      "Inner Unique": true,
                      "Hash Cond": "(ci.movie_id = t.id)",
                      "Plans": [
                        {
                          "Node Type": "Index Scan",
                          "Parent Relationship": "Outer",
                          "Parallel Aware": true,
                          "Scan Direction": "Forward",
                          "Index Name": "role_id_cast_info",
                          "Relation Name": "cast_info",
                          "Alias": "ci",
                          "Startup Cost": 0.56,
                          "Total Cost": 201884.69,
                          "Plan Rows": 140212,
                          "Plan Width": 4,
                          "Actual Startup Time": 2.68,
                          "Actual Total Time": 209.005,
                          "Actual Rows": 166,
                          "Actual Loops": 7,
                          "Index Cond": "(role_id = 2)",
                          "Rows Removed by Index Recheck": 0,
                          "Filter": "(person_id < 406115)",
                          "Rows Removed by Filter": 1064401
                        },
                        {
                          "Node Type": "Hash",
                          "Parent Relationship": "Inner",
                          "Parallel Aware": true,
                          "Startup Cost": 45479.59,
                          "Total Cost": 45479.59,
                          "Plan Rows": 114984,
                          "Plan Width": 4,
                          "Actual Startup Time": 97.235,
                          "Actual Total Time": 97.237,
                          "Actual Rows": 47898,
                          "Actual Loops": 7,
                          "Hash Buckets": 524288,
                          "Original Hash Buckets": 524288,
                          "Hash Batches": 1,
                          "Original Hash Batches": 1,
                          "Peak Memory Usage": 17312,
                          "Plans": [
                            {
                              "Node Type": "Seq Scan",
                              "Parent Relationship": "Outer",
                              "Parallel Aware": true,
                              "Relation Name": "title",
                              "Alias": "t",
                              "Startup Cost": 0.0,
                              "Total Cost": 45479.59,
                              "Plan Rows": 114984,
                              "Plan Width": 4,
                              "Actual Startup Time": 37.023,
                              "Actual Total Time": 74.013,
                              "Actual Rows": 47898,
                              "Actual Loops": 7,
                              "Filter": "((production_year > 1990) AND (kind_id = 1))",
                              "Rows Removed by Filter": 313290
                            }
                          ]
                        }
                      ]
                    },
                    {
                      "Node Type": "Index Only Scan",
                      "Parent Relationship": "Inner",
                      "Parallel Aware": false,
                      "Scan Direction": "Forward",
                      "Index Name": "movie_id_movie_info",
                      "Relation Name": "movie_info",
                      "Alias": "mi",
                      "Startup Cost": 0.43,
                      "Total Cost": 2.18,
                      "Plan Rows": 41,
                      "Plan Width": 4,
                      "Actual Startup Time": 0.036,
                      "Actual Total Time": 0.124,
                      "Actual Rows": 39,
                      "Actual Loops": 227,
                      "Index Cond": "(movie_id = ci.movie_id)",
                      "Rows Removed by Index Recheck": 0,
                      "Heap Fetches": 8931
                    }
                  ]
                }
              ]
            }
          ]
        }
      ]
    },
    "Planning Time": 1.358,
    "Triggers": [],
    "Execution Time": 358.686
  }
]