[
  {
    "Plan": {
      "Node Type": "Aggregate",
      "Strategy": "Plain",
      "Partial Mode": "Finalize",
      "Parallel Aware": false,
      "Startup Cost": 289885.22,
      "Total Cost": 289885.23,
      "Plan Rows": 1,
      "Plan Width": 8,
      "Actual Startup Time": 1077.21,
      "Actual Total Time": 1129.53,
      "Actual Rows": 1,
      "Actual Loops": 1,
      "Plans": [
        {
          "Node Type": "Gather",
          "Parent Relationship": "Outer",
          "Parallel Aware": false,
          "Startup Cost": 289884.7,
          "Total Cost": 289885.21,
          "Plan Rows": 5,
          "Plan Width": 8,
          "Actual Startup Time": 1072.099,
          "Actual Total Time": 1129.516,
          "Actual Rows": 6,
          "Actual Loops": 1,
          "Workers Planned": 5,
          "Workers Launched": 5,
          "Single Copy": false,
          "Plans": [
            {
              "Node Type": "Aggregate",
              "Strategy": "Plain",
              "Partial Mode": "Partial",
              "Parent Relationship": "Outer",
              "Parallel Aware": false,
              "Startup Cost": 288884.7,
              "Total Cost": 288884.71,
              "Plan Rows": 1,
              "Plan Width": 8,
              "Actual Startup Time": 1061.094,
              "Actual Total Time": 1061.222,
              "Actual Rows": 1,
              "Actual Loops": 6,
              "Plans": [
                {
                  "Node Type": "Hash Join",
                  "Parent Relationship": "Outer",
                  "Parallel Aware": true,
                  "Join Type": "Inner",
                  "Startup Cost": 82281.12,
                  "Total Cost": 286906.95,
                  "Plan Rows": 791102,
                  "Plan Width": 0,
                  "Actual Startup Time": 292.009,
                  "Actual Total Time": 1021.092,
                  "Actual Rows": 940151,
                  "Actual Loops": 6,
                  "Inner Unique": false,
                  "Hash Cond": "(mi.movie_id = t.id)",
                  "Plans": [
                    {
                      "Node Type": "Seq Scan",
                      "Parent Relationship": "Outer",
                      "Parallel Aware": true,
                      "Relation Name": "movie_info",
                      "Alias": "mi",
                      "Startup Cost": 0.0,
                      "Total Cost": 191560.33,
                      "Plan Rows": 2956733,
                      "Plan Width": 4,
                      "Actual Startup Time": 0.013,
                      "Actual Total Time": 292.443,
                      "Actual Rows": 2472620,
                      "Actual Loops": 6
                    },
                    {
                      "Node Type": "Hash",
                      "Parent Relationship": "Inner",
                      "Parallel Aware": true,
                      "Startup Cost": 80167.16,
                      "Total Cost": 80167.16,
                      "Plan Rows": 169117,
                      "Plan Width": 8,
                      "Actual Startup Time": 287.504,
                      "Actual Total Time": 287.631,
                      "Actual Rows": 72595,
                      "Actual Loops": 6,
                      "Hash Buckets": 1048576,
                      "Original Hash Buckets": 1048576,
                      "Hash Batches": 1,
                      "Original Hash Batches": 1,
                      "Peak Memory Usage": 25344,
                      "Plans": [
                        {
                          "Node Type": "Hash Join",
                          "Parent Relationship": "Outer",
                          "Parallel Aware": true,
                          "Join Type": "Inner",
                          "Startup Cost": 34142.52,
                          "Total Cost": 80167.16,
                          "Plan Rows": 169117,
                          "Plan Width": 8,
                          "Actual Startup Time": 101.962,
                          "Actual Total Time": 254.047,
                          "Actual Rows": 72595,
                          "Actual Loops": 6,
                          "Inner Unique": false,
                          "Hash Cond": "(t.id = mc.movie_id)",
                          "Plans": [
                            {
                              "Node Type": "Seq Scan",
                              "Parent Relationship": "Outer",
                              "Parallel Aware": true,
                              "Relation Name": "title",
                              "Alias": "t",
                              "Startup Cost": 0.0,
                              "Total Cost": 42318.73,
                              "Plan Rows": 632073,
                              "Plan Width": 4,
                              "Actual Startup Time": 0.016,
                              "Actual Total Time": 57.551,
                              "Actual Rows": 421385,
                              "Actual Loops": 6
                            },
                            {
                              "Node Type": "Hash",
                              "Parent Relationship": "Inner",
                              "Parallel Aware": true,
                              "Startup Cost": 31414.82,
                              "Total Cost": 31414.82,
                              "Plan Rows": 218216,
                              "Plan Width": 4,
                              "Actual Startup Time": 100.124,
                              "Actual Total Time": 100.125,
                              "Actual Rows": 72595,
                              "Actual Loops": 6,
                              "Hash Buckets": 1048576,
                              "Original Hash Buckets": 1048576,
                              "Hash Batches": 1,
                              "Original Hash Batches": 1,
                              "Peak Memory Usage": 25376,
                              "Plans": [
                                {
                                  "Node Type": "Seq Scan",
                                  "Parent Relationship": "Outer",
                                  "Parallel Aware": true,
                                  "Relation Name": "movie_companies",
                                  "Alias": "mc",
                                  "Startup Cost": 0.0,
                                  "Total Cost": 31414.82,
                                  "Plan Rows": 218216,
                                  "Plan Width": 4,
                                  "Actual Startup Time": 42.078,
                                  "Actual Total Time": 65.942,
                                  "Actual Rows": 72595,
                                  "Actual Loops": 6,
                                  "Filter": "((company_id < 11391) AND (company_type_id > 1))",
                                  "Rows Removed by Filter": 362260
                                }
                              ]
                            }
                          ]
                        }
                      ]
                    }
                  ]
                }
              ]
            }
          ]
        }
      ]
    },
    "Planning Time": 1.388,
    "Triggers": [],
    "Execution Time": 1129.628
  }
]