[
  {
    "Plan": {
      "Node Type": "Aggregate",
      "Strategy": "Plain",
      "Partial Mode": "Finalize",
      "Parallel Aware": false,
      "Startup Cost": 634641.55,
      "Total Cost": 634641.56,
      "Plan Rows": 1,
      "Plan Width": 8,
      "Actual Startup Time": 3767.746,
      "Actual Total Time": 3847.829,
      "Actual Rows": 1,
      "Actual Loops": 1,
      "Plans": [
        {
          "Node Type": "Gather",
          "Parent Relationship": "Outer",
          "Parallel Aware": false,
          "Startup Cost": 634640.92,
          "Total Cost": 634641.53,
          "Plan Rows": 6,
          "Plan Width": 8,
          "Actual Startup Time": 3752.796,
          "Actual Total Time": 3847.812,
          "Actual Rows": 7,
          "Actual Loops": 1,
          "Workers Planned": 6,
          "Workers Launched": 6,
          "Single Copy": false,
          "Plans": [
            {
              "Node Type": "Aggregate",
              "Strategy": "Plain",
              "Partial Mode": "Partial",
              "Parent Relationship": "Outer",
              "Parallel Aware": false,
              "Startup Cost": 633640.92,
              "Total Cost": 633640.93,
              "Plan Rows": 1,
              "Plan Width": 8,
              "Actual Startup Time": 3736.929,
              "Actual Total Time": 3737.343,
              "Actual Rows": 1,
              "Actual Loops": 7,
              "Plans": [
                {
                  "Node Type": "Hash Join",
                  "Parent Relationship": "Outer",
                  "Parallel Aware": true,
                  "Join Type": "Inner",
                  "Startup Cost": 258131.84,
                  "Total Cost": 618861.53,
                  "Plan Rows": 5911756,
                  "Plan Width": 0,
                  "Actual Startup Time": 971.416,
                  "Actual Total Time": 3530.661,
                  "Actual Rows": 4351504,
                  "Actual Loops": 7,
                  "Inner Unique": false,
                  "Hash Cond": "(ci.movie_id = t.id)",
                  "Plans": [
                    {
                      "Node Type": "Seq Scan",
                      "Parent Relationship": "Outer",
                      "Parallel Aware": true,
                      "Relation Name": "cast_info",
                      "Alias": "ci",
                      "Startup Cost": 0.0,
                      "Total Cost": 328211.39,
                      "Plan Rows": 5518609,
                      "Plan Width": 4,
                      "Actual Startup Time": 0.043,
                      "Actual Total Time": 706.568,
                      "Actual Rows": 4736856,
                      "Actual Loops": 7,
                      "Filter": "(person_id < 3493436)",
                      "Rows Removed by Filter": 440907
                    },
                    {
                      "Node Type": "Hash",
                      "Parent Relationship": "Inner",
                      "Parallel Aware": true,
                      "Startup Cost": 251360.46,
                      "Total Cost": 251360.46,
                      "Plan Rows": 541710,
                      "Plan Width": 8,
                      "Actual Startup Time": 966.082,
                      "Actual Total Time": 966.493,
                      "Actual Rows": 252462,
                      "Actual Loops": 7,
                      "Hash Buckets": 4194304,
                      "Original Hash Buckets": 4194304,
                      "Hash Batches": 1,
                      "Original Hash Batches": 1,
                      "Peak Memory Usage": 102016,
                      "Plans": [
                        {
                          "Node Type": "Hash Join",
                          "Parent Relationship": "Outer",
                          "Parallel Aware": true,
                          "Join Type": "Inner",
                          "Startup Cost": 48384.71,
                          "Total Cost": 251360.46,
                          "Plan Rows": 541710,
                          "Plan Width": 8,
                          "Actual Startup Time": 157.078,
                          "Actual Total Time": 839.463,
                          "Actual Rows": 252462,
                          "Actual Loops": 7,
                          "Inner Unique": true,
                          "Hash Cond": "(mi.movie_id = t.id)",
                          "Plans": [
                            {
                              "Node Type": "Seq Scan",
                              "Parent Relationship": "Outer",
                              "Parallel Aware": true,
                              "Relation Name": "movie_info",
                              "Alias": "mi",
                              "Startup Cost": 0.0,
                              "Total Cost": 199108.24,
                              "Plan Rows": 1473332,
                              "Plan Width": 4,
                              "Actual Startup Time": 0.041,
                              "Actual Total Time": 405.213,
                              "Actual Rows": 1040981,
                              "Actual Loops": 7,
                              "Filter": "(info_type_id < 8)",
                              "Rows Removed by Filter": 1078408
                            },
                            {
                              "Node Type": "Hash",
                              "Parent Relationship": "Inner",
                              "Parallel Aware": true,
                              "Startup Cost": 45479.59,
                              "Total Cost": 45479.59,
                              "Plan Rows": 232410,
                              "Plan Width": 4,
                              "Actual Startup Time": 155.947,
                              "Actual Total Time": 155.948,
                              "Actual Rows": 121740,
                              "Actual Loops": 7,
                              "Hash Buckets": 1048576,
                              "Original Hash Buckets": 1048576,
                              "Hash Batches": 1,
                              "Original Hash Batches": 1,
                              "Peak Memory Usage": 41664,
                              "Plans": [
                                {
                                  "Node Type": "Seq Scan",
                                  "Parent Relationship": "Outer",
                                  "Parallel Aware": true,
                                  "Relation Name": "title",
                                  "Alias": "t",
                                  "Startup Cost": 0.0,
                                  "Total Cost": 45479.59,
                                  "Plan Rows": 232410,
                                  "Plan Width": 4,
                                  "Actual Startup Time": 0.053,
                                  "Actual Total Time": 89.204,
                                  "Actual Rows": 121740,
                                  "Actual Loops": 7,
                                  "Filter": "((kind_id > 1) AND (production_year < 2004))",
                                  "Rows Removed by Filter": 239448
                                }
                              ]
                            }
                          ]
                        }
                      ]
                    }
                  ]
                }
              ]
            }
          ]
        }
      ]
    },
    "Planning Time": 0.75,
    "Triggers": [],
    "Execution Time": 3847.892
  }
]