{
  "Plan": {
    "Node Type": "Aggregate",
    "Strategy": "Plain",
    "Partial Mode": "Finalize",
    "Parallel Aware": false,
    "Startup Cost": 98786.62,
    "Total Cost": 98786.63,
    "Plan Rows": 1,
    "Plan Width": 8,
    "Actual Startup Time": 354.405,
    "Actual Total Time": 364.682,
    "Actual Rows": 1,
    "Actual Loops": 1,
    "Plans": [
      {
        "Node Type": "Gather",
        "Parent Relationship": "Outer",
        "Parallel Aware": false,
        "Startup Cost": 98786.5,
        "Total Cost": 98786.61,
        "Plan Rows": 1,
        "Plan Width": 8,
        "Actual Startup Time": 353.559,
        "Actual Total Time": 364.674,
        "Actual Rows": 2,
        "Actual Loops": 1,
        "Workers Planned": 1,
        "Workers Launched": 1,
        "Single Copy": false,
        "Plans": [
          {
            "Node Type": "Aggregate",
            "Strategy": "Plain",
            "Partial Mode": "Partial",
            "Parent Relationship": "Outer",
            "Parallel Aware": false,
            "Startup Cost": 97786.5,
            "Total Cost": 97786.51,
            "Plan Rows": 1,
            "Plan Width": 8,
            "Actual Startup Time": 347.269,
            "Actual Total Time": 347.273,
            "Actual Rows": 1,
            "Actual Loops": 2,
            "Plans": [
              {
                "Node Type": "Hash Join",
                "Parent Relationship": "Outer",
                "Parallel Aware": true,
                "Join Type": "Inner",
                "Startup Cost": 57456.71,
                "Total Cost": 97414.73,
                "Plan Rows": 148711,
                "Plan Width": 0,
                "Actual Startup Time": 195.756,
                "Actual Total Time": 340.526,
                "Actual Rows": 167217,
                "Actual Loops": 2,
                "Inner Unique": true,
                "Hash Cond": "(mc.movie_id = t.id)",
                "Plans": [
                  {
                    "Node Type": "Seq Scan",
                    "Parent Relationship": "Outer",
                    "Parallel Aware": true,
                    "Relation Name": "movie_companies",
                    "Alias": "mc",
                    "Startup Cost": 0.0,
                    "Total Cost": 37974.77,
                    "Plan Rows": 755522,
                    "Plan Width": 4,
                    "Actual Startup Time": 0.015,
                    "Actual Total Time": 108.68,
                    "Actual Rows": 637123,
                    "Actual Loops": 2,
                    "Filter": "(company_type_id = 1)",
                    "Rows Removed by Filter": 667442
                  },
                  {
                    "Node Type": "Hash",
                    "Parent Relationship": "Inner",
                    "Parallel Aware": true,
                    "Startup Cost": 53797.52,
                    "Total Cost": 53797.52,
                    "Plan Rows": 292735,
                    "Plan Width": 4,
                    "Actual Startup Time": 143.036,
                    "Actual Total Time": 143.037,
                    "Actual Rows": 184588,
                    "Actual Loops": 2,
                    "Hash Buckets": 524288,
                    "Original Hash Buckets": 524288,
                    "Hash Batches": 1,
                    "Original Hash Batches": 1,
                    "Peak Memory Usage": 18592,
                    "Plans": [
                      {
                        "Node Type": "Bitmap Heap Scan",
                        "Parent Relationship": "Outer",
                        "Parallel Aware": true,
                        "Relation Name": "title",
                        "Alias": "t",
                        "Startup Cost": 11947.26,
                        "Total Cost": 53797.52,
                        "Plan Rows": 292735,
                        "Plan Width": 4,
                        "Actual Startup Time": 37.031,
                        "Actual Total Time": 104.073,
                        "Actual Rows": 184588,
                        "Actual Loops": 2,
                        "Recheck Cond": "(kind_id = 1)",
                        "Rows Removed by Index Recheck": 0,
                        "Filter": "(production_year > 1983)",
                        "Rows Removed by Filter": 146824,
                        "Exact Heap Blocks": 8215,
                        "Lossy Heap Blocks": 0,
                        "Plans": [
                          {
                            "Node Type": "Bitmap Index Scan",
                            "Parent Relationship": "Outer",
                            "Parallel Aware": false,
                            "Index Name": "kind_id_title",
                            "Startup Cost": 0.0,
                            "Total Cost": 11822.85,
                            "Plan Rows": 663256,
                            "Plan Width": 0,
                            "Actual Startup Time": 35.517,
                            "Actual Total Time": 35.517,
                            "Actual Rows": 662825,
                            "Actual Loops": 1,
                            "Index Cond": "(kind_id = 1)"
                          }
                        ]
                      }
                    ]
                  }
                ]
              }
            ]
          }
        ]
      }
    ]
  },
  "Planning Time": 0.843,
  "Triggers": [],
  "Execution Time": 364.779
}