[
  {
    "Plan": {
      "Node Type": "Aggregate",
      "Strategy": "Plain",
      "Partial Mode": "Finalize",
      "Parallel Aware": false,
      "Startup Cost": 447843.0,
      "Total Cost": 447843.01,
      "Plan Rows": 1,
      "Plan Width": 8,
      "Actual Startup Time": 5960.009,
      "Actual Total Time": 6052.653,
      "Actual Rows": 1,
      "Actual Loops": 1,
      "Plans": [
        {
          "Node Type": "Gather",
          "Parent Relationship": "Outer",
          "Parallel Aware": false,
          "Startup Cost": 447842.38,
          "Total Cost": 447842.99,
          "Plan Rows": 6,
          "Plan Width": 8,
          "Actual Startup Time": 5949.023,
          "Actual Total Time": 6052.638,
          "Actual Rows": 7,
          "Actual Loops": 1,
          "Workers Planned": 6,
          "Workers Launched": 6,
          "Single Copy": false,
          "Plans": [
            {
              "Node Type": "Aggregate",
              "Strategy": "Plain",
              "Partial Mode": "Partial",
              "Parent Relationship": "Outer",
              "Parallel Aware": false,
              "Startup Cost": 446842.38,
              "Total Cost": 446842.39,
              "Plan Rows": 1,
              "Plan Width": 8,
              "Actual Startup Time": 5919.693,
              "Actual Total Time": 5920.127,
              "Actual Rows": 1,
              "Actual Loops": 7,
              "Plans": [
                {
                  "Node Type": "Hash Join",
                  "Parent Relationship": "Outer",
                  "Parallel Aware": true,
                  "Join Type": "Inner",
                  "Startup Cost": 95104.39,
                  "Total Cost": 439867.74,
                  "Plan Rows": 2789854,
                  "Plan Width": 0,
                  "Actual Startup Time": 908.682,
                  "Actual Total Time": 4854.994,
                  "Actual Rows": 21643668,
                  "Actual Loops": 7,
                  "Inner Unique": false,
                  "Hash Cond": "(ci.movie_id = t.id)",
                  "Plans": [
                    {
                      "Node Type": "Seq Scan",
                      "Parent Relationship": "Outer",
                      "Parallel Aware": true,
                      "Relation Name": "cast_info",
                      "Alias": "ci",
                      "Startup Cost": 0.0,
                      "Total Cost": 313106.51,
                      "Plan Rows": 6041951,
                      "Plan Width": 4,
                      "Actual Startup Time": 0.036,
                      "Actual Total Time": 676.481,
                      "Actual Rows": 5177763,
                      "Actual Loops": 7
                    },
                    {
                      "Node Type": "Hash",
                      "Parent Relationship": "Inner",
                      "Parallel Aware": true,
                      "Startup Cost": 90396.77,
                      "Total Cost": 90396.77,
                      "Plan Rows": 376610,
                      "Plan Width": 8,
                      "Actual Startup Time": 901.161,
                      "Actual Total Time": 901.593,
                      "Actual Rows": 456725,
                      "Actual Loops": 7,
                      "Hash Buckets": 4194304,
                      "Original Hash Buckets": 2097152,
                      "Hash Batches": 1,
                      "Original Hash Batches": 1,
                      "Peak Memory Usage": 174368,
                      "Plans": [
                        {
                          "Node Type": "Hash Join",
                          "Parent Relationship": "Outer",
                          "Parallel Aware": true,
                          "Join Type": "Inner",
                          "Startup Cost": 47518.69,
                          "Total Cost": 90396.77,
                          "Plan Rows": 376610,
                          "Plan Width": 8,
                          "Actual Startup Time": 216.091,
                          "Actual Total Time": 448.815,
                          "Actual Rows": 456725,
                          "Actual Loops": 7,
                          "Inner Unique": true,
                          "Hash Cond": "(mk.movie_id = t.id)",
                          "Plans": [
                            {
                              "Node Type": "Seq Scan",
                              "Parent Relationship": "Outer",
                              "Parallel Aware": true,
                              "Relation Name": "movie_keyword",
                              "Alias": "mk",
                              "Startup Cost": 0.0,
                              "Total Cost": 39047.32,
                              "Plan Rows": 1459332,
                              "Plan Width": 4,
                              "Actual Startup Time": 0.042,
                              "Actual Total Time": 82.022,
                              "Actual Rows": 646276,
                              "Actual Loops": 7
                            },
                            {
                              "Node Type": "Hash",
                              "Parent Relationship": "Inner",
                              "Parallel Aware": true,
                              "Startup Cost": 45479.59,
                              "Total Cost": 45479.59,
                              "Plan Rows": 163128,
                              "Plan Width": 4,
                              "Actual Startup Time": 212.648,
                              "Actual Total Time": 212.65,
                              "Actual Rows": 101597,
                              "Actual Loops": 7,
                              "Hash Buckets": 1048576,
                              "Original Hash Buckets": 1048576,
                              "Hash Batches": 1,
                              "Original Hash Batches": 1,
                              "Peak Memory Usage": 36128,
                              "Plans": [
                                {
                                  "Node Type": "Seq Scan",
                                  "Parent Relationship": "Outer",
                                  "Parallel Aware": true,
                                  "Relation Name": "title",
                                  "Alias": "t",
                                  "Startup Cost": 0.0,
                                  "Total Cost": 45479.59,
                                  "Plan Rows": 163128,
                                  "Plan Width": 4,
                                  "Actual Startup Time": 0.064,
                                  "Actual Total Time": 100.52,
                                  "Actual Rows": 101597,
                                  "Actual Loops": 7,
                                  "Filter": "((kind_id < 7) AND (production_year < 2008))",
                                  "Rows Removed by Filter": 259590
                                }
                              ]
                            }
                          ]
                        }
                      ]
                    }
                  ]
                }
              ]
            }
          ]
        }
      ]
    },
    "Planning Time": 1.272,
    "Triggers": [],
    "Execution Time": 6052.749
  }
]