[
  {
    "Plan": {
      "Node Type": "Aggregate",
      "Strategy": "Plain",
      "Partial Mode": "Finalize",
      "Parallel Aware": false,
      "Startup Cost": 33033.8,
      "Total Cost": 33033.81,
      "Plan Rows": 1,
      "Plan Width": 8,
      "Actual Startup Time": 90.68,
      "Actual Total Time": 97.65,
      "Actual Rows": 1,
      "Actual Loops": 1,
      "Plans": [
        {
          "Node Type": "Gather",
          "Parent Relationship": "Outer",
          "Parallel Aware": false,
          "Startup Cost": 33033.48,
          "Total Cost": 33033.79,
          "Plan Rows": 3,
          "Plan Width": 8,
          "Actual Startup Time": 90.58,
          "Actual Total Time": 97.639,
          "Actual Rows": 4,
          "Actual Loops": 1,
          "Workers Planned": 3,
          "Workers Launched": 3,
          "Single Copy": false,
          "Plans": [
            {
              "Node Type": "Aggregate",
              "Strategy": "Plain",
              "Partial Mode": "Partial",
              "Parent Relationship": "Outer",
              "Parallel Aware": false,
              "Startup Cost": 32033.48,
              "Total Cost": 32033.49,
              "Plan Rows": 1,
              "Plan Width": 8,
              "Actual Startup Time": 84.06,
              "Actual Total Time": 84.061,
              "Actual Rows": 1,
              "Actual Loops": 4,
              "Plans": [
                {
                  "Node Type": "Seq Scan",
                  "Parent Relationship": "Outer",
                  "Parallel Aware": true,
                  "Relation Name": "movie_companies",
                  "Alias": "mc",
                  "Startup Cost": 0.0,
                  "Total Cost": 31414.82,
                  "Plan Rows": 247466,
                  "Plan Width": 0,
                  "Actual Startup Time": 3.923,
                  "Actual Total Time": 76.524,
                  "Actual Rows": 137825,
                  "Actual Loops": 4,
                  "Filter": "((company_id > 6008) AND (company_type_id = 1))",
                  "Rows Removed by Filter": 514457
                }
              ]
            }
          ]
        }
      ]
    },
    "Planning Time": 0.217,
    "Triggers": [],
    "Execution Time": 97.713
  }
]