[
  {
    "Plan": {
      "Node Type": "Aggregate",
      "Strategy": "Plain",
      "Partial Mode": "Finalize",
      "Parallel Aware": false,
      "Startup Cost": 33036.59,
      "Total Cost": 33036.6,
      "Plan Rows": 1,
      "Plan Width": 8,
      "Actual Startup Time": 89.909,
      "Actual Total Time": 95.324,
      "Actual Rows": 1,
      "Actual Loops": 1,
      "Plans": [
        {
          "Node Type": "Gather",
          "Parent Relationship": "Outer",
          "Parallel Aware": false,
          "Startup Cost": 33036.28,
          "Total Cost": 33036.59,
          "Plan Rows": 3,
          "Plan Width": 8,
          "Actual Startup Time": 89.788,
          "Actual Total Time": 95.316,
          "Actual Rows": 4,
          "Actual Loops": 1,
          "Workers Planned": 3,
          "Workers Launched": 3,
          "Single Copy": false,
          "Plans": [
            {
              "Node Type": "Aggregate",
              "Strategy": "Plain",
              "Partial Mode": "Partial",
              "Parent Relationship": "Outer",
              "Parallel Aware": false,
              "Startup Cost": 32036.28,
              "Total Cost": 32036.29,
              "Plan Rows": 1,
              "Plan Width": 8,
              "Actual Startup Time": 82.636,
              "Actual Total Time": 82.637,
              "Actual Rows": 1,
              "Actual Loops": 4,
              "Plans": [
                {
                  "Node Type": "Seq Scan",
                  "Parent Relationship": "Outer",
                  "Parallel Aware": true,
                  "Relation Name": "movie_companies",
                  "Alias": "mc",
                  "Startup Cost": 0.0,
                  "Total Cost": 31414.82,
                  "Plan Rows": 248583,
                  "Plan Width": 0,
                  "Actual Startup Time": 6.455,
                  "Actual Total Time": 75.977,
                  "Actual Rows": 137825,
                  "Actual Loops": 4,
                  "Filter": "((company_id > 6008) AND (company_type_id = 1))",
                  "Rows Removed by Filter": 514457
                }
              ]
            }
          ]
        }
      ]
    },
    "Planning Time": 0.177,
    "Triggers": [],
    "Execution Time": 95.367
  }
]