{
  "Plan": {
    "Node Type": "Aggregate",
    "Strategy": "Plain",
    "Partial Mode": "Finalize",
    "Parallel Aware": false,
    "Startup Cost": 577760.25,
    "Total Cost": 577760.26,
    "Plan Rows": 1,
    "Plan Width": 8,
    "Actual Startup Time": 3057.177,
    "Actual Total Time": 3124.763,
    "Actual Rows": 1,
    "Actual Loops": 1,
    "Plans": [
      {
        "Node Type": "Gather",
        "Parent Relationship": "Outer",
        "Parallel Aware": false,
        "Startup Cost": 577760.14,
        "Total Cost": 577760.25,
        "Plan Rows": 1,
        "Plan Width": 8,
        "Actual Startup Time": 3056.927,
        "Actual Total Time": 3124.755,
        "Actual Rows": 2,
        "Actual Loops": 1,
        "Workers Planned": 1,
        "Workers Launched": 1,
        "Single Copy": false,
        "Plans": [
          {
            "Node Type": "Aggregate",
            "Strategy": "Plain",
            "Partial Mode": "Partial",
            "Parent Relationship": "Outer",
            "Parallel Aware": false,
            "Startup Cost": 576760.14,
            "Total Cost": 576760.15,
            "Plan Rows": 1,
            "Plan Width": 8,
            "Actual Startup Time": 3051.289,
            "Actual Total Time": 3051.293,
            "Actual Rows": 1,
            "Actual Loops": 2,
            "Plans": [
              {
                "Node Type": "Hash Join",
                "Parent Relationship": "Outer",
                "Parallel Aware": true,
                "Join Type": "Inner",
                "Startup Cost": 54701.79,
                "Total Cost": 576435.14,
                "Plan Rows": 129998,
                "Plan Width": 0,
                "Actual Startup Time": 132.396,
                "Actual Total Time": 3046.512,
                "Actual Rows": 89501,
                "Actual Loops": 2,
                "Inner Unique": true,
                "Hash Cond": "(ci.movie_id = t.id)",
                "Plans": [
                  {
                    "Node Type": "Seq Scan",
                    "Parent Relationship": "Outer",
                    "Parallel Aware": true,
                    "Relation Name": "cast_info",
                    "Alias": "ci",
                    "Startup Cost": 0.0,
                    "Total Cost": 465792.95,
                    "Plan Rows": 21310595,
                    "Plan Width": 4,
                    "Actual Startup Time": 0.014,
                    "Actual Total Time": 1316.632,
                    "Actual Rows": 18122172,
                    "Actual Loops": 2
                  },
                  {
                    "Node Type": "Hash",
                    "Parent Relationship": "Inner",
                    "Parallel Aware": true,
                    "Startup Cost": 54588.39,
                    "Total Cost": 54588.39,
                    "Plan Rows": 9072,
                    "Plan Width": 4,
                    "Actual Startup Time": 131.538,
                    "Actual Total Time": 131.538,
                    "Actual Rows": 7221,
                    "Actual Loops": 2,
                    "Hash Buckets": 16384,
                    "Original Hash Buckets": 16384,
                    "Hash Batches": 1,
                    "Original Hash Batches": 1,
                    "Peak Memory Usage": 704,
                    "Plans": [
                      {
                        "Node Type": "Seq Scan",
                        "Parent Relationship": "Outer",
                        "Parallel Aware": true,
                        "Relation Name": "title",
                        "Alias": "t",
                        "Startup Cost": 0.0,
                        "Total Cost": 54588.39,
                        "Plan Rows": 9072,
                        "Plan Width": 4,
                        "Actual Startup Time": 0.122,
                        "Actual Total Time": 129.045,
                        "Actual Rows": 7221,
                        "Actual Loops": 2,
                        "Filter": "(production_year = 1971)",
                        "Rows Removed by Filter": 1256935
                      }
                    ]
                  }
                ]
              }
            ]
          }
        ]
      }
    ]
  },
  "Planning Time": 0.264,
  "Triggers": [],
  "Execution Time": 3124.822
}