[
  {
    "Plan": {
      "Node Type": "Aggregate",
      "Strategy": "Plain",
      "Partial Mode": "Finalize",
      "Parallel Aware": false,
      "Startup Cost": 46070.71,
      "Total Cost": 46070.72,
      "Plan Rows": 1,
      "Plan Width": 8,
      "Actual Startup Time": 148.273,
      "Actual Total Time": 157.735,
      "Actual Rows": 1,
      "Actual Loops": 1,
      "Plans": [
        {
          "Node Type": "Gather",
          "Parent Relationship": "Outer",
          "Parallel Aware": false,
          "Startup Cost": 46070.39,
          "Total Cost": 46070.7,
          "Plan Rows": 3,
          "Plan Width": 8,
          "Actual Startup Time": 148.188,
          "Actual Total Time": 157.727,
          "Actual Rows": 4,
          "Actual Loops": 1,
          "Workers Planned": 3,
          "Workers Launched": 3,
          "Single Copy": false,
          "Plans": [
            {
              "Node Type": "Aggregate",
              "Strategy": "Plain",
              "Partial Mode": "Partial",
              "Parent Relationship": "Outer",
              "Parallel Aware": false,
              "Startup Cost": 45070.39,
              "Total Cost": 45070.4,
              "Plan Rows": 1,
              "Plan Width": 8,
              "Actual Startup Time": 144.196,
              "Actual Total Time": 144.197,
              "Actual Rows": 1,
              "Actual Loops": 4,
              "Plans": [
                {
                  "Node Type": "Seq Scan",
                  "Parent Relationship": "Outer",
                  "Parallel Aware": true,
                  "Relation Name": "movie_keyword",
                  "Alias": "mk",
                  "Startup Cost": 0.0,
                  "Total Cost": 42695.65,
                  "Plan Rows": 949896,
                  "Plan Width": 0,
                  "Actual Startup Time": 0.175,
                  "Actual Total Time": 112.721,
                  "Actual Rows": 731678,
                  "Actual Loops": 4,
                  "Filter": "(keyword_id > 2451)",
                  "Rows Removed by Filter": 399304
                }
              ]
            }
          ]
        }
      ]
    },
    "Planning Time": 0.101,
    "Triggers": [],
    "Execution Time": 157.768
  }
]