{
  "Plan": {
    "Node Type": "Aggregate",
    "Strategy": "Plain",
    "Partial Mode": "Finalize",
    "Parallel Aware": false,
    "Startup Cost": 424127.65,
    "Total Cost": 424127.66,
    "Plan Rows": 1,
    "Plan Width": 8,
    "Actual Startup Time": 823.655,
    "Actual Total Time": 848.32,
    "Actual Rows": 1,
    "Actual Loops": 1,
    "Plans": [
      {
        "Node Type": "Gather",
        "Parent Relationship": "Outer",
        "Parallel Aware": false,
        "Startup Cost": 424127.53,
        "Total Cost": 424127.64,
        "Plan Rows": 1,
        "Plan Width": 8,
        "Actual Startup Time": 822.971,
        "Actual Total Time": 848.311,
        "Actual Rows": 2,
        "Actual Loops": 1,
        "Workers Planned": 1,
        "Workers Launched": 1,
        "Single Copy": false,
        "Plans": [
          {
            "Node Type": "Aggregate",
            "Strategy": "Plain",
            "Partial Mode": "Partial",
            "Parent Relationship": "Outer",
            "Parallel Aware": false,
            "Startup Cost": 423127.53,
            "Total Cost": 423127.54,
            "Plan Rows": 1,
            "Plan Width": 8,
            "Actual Startup Time": 816.984,
            "Actual Total Time": 816.988,
            "Actual Rows": 1,
            "Actual Loops": 2,
            "Plans": [
              {
                "Node Type": "Hash Join",
                "Parent Relationship": "Outer",
                "Parallel Aware": true,
                "Join Type": "Inner",
                "Startup Cost": 137223.02,
                "Total Cost": 422943.17,
                "Plan Rows": 73746,
                "Plan Width": 0,
                "Actual Startup Time": 321.607,
                "Actual Total Time": 812.057,
                "Actual Rows": 59958,
                "Actual Loops": 2,
                "Inner Unique": true,
                "Hash Cond": "(ci.movie_id = t.id)",
                "Plans": [
                  {
                    "Node Type": "Bitmap Heap Scan",
                    "Parent Relationship": "Outer",
                    "Parallel Aware": true,
                    "Relation Name": "cast_info",
                    "Alias": "ci",
                    "Startup Cost": 82006.89,
                    "Total Cost": 361994.01,
                    "Plan Rows": 2184009,
                    "Plan Width": 4,
                    "Actual Startup Time": 154.173,
                    "Actual Total Time": 377.939,
                    "Actual Rows": 1922376,
                    "Actual Loops": 2,
                    "Recheck Cond": "(person_id < 368436)",
                    "Rows Removed by Index Recheck": 0,
                    "Exact Heap Blocks": 26987,
                    "Lossy Heap Blocks": 0,
                    "Plans": [
                      {
                        "Node Type": "Bitmap Index Scan",
                        "Parent Relationship": "Outer",
                        "Parallel Aware": false,
                        "Index Name": "person_id_cast_info",
                        "Startup Cost": 0.0,
                        "Total Cost": 81078.68,
                        "Plan Rows": 3712816,
                        "Plan Width": 0,
                        "Actual Startup Time": 147.622,
                        "Actual Total Time": 147.623,
                        "Actual Rows": 3844751,
                        "Actual Loops": 1,
                        "Index Cond": "(person_id < 368436)"
                      }
                    ]
                  },
                  {
                    "Node Type": "Hash",
                    "Parent Relationship": "Inner",
                    "Parallel Aware": true,
                    "Startup Cost": 54588.39,
                    "Total Cost": 54588.39,
                    "Plan Rows": 50219,
                    "Plan Width": 4,
                    "Actual Startup Time": 165.036,
                    "Actual Total Time": 165.037,
                    "Actual Rows": 42296,
                    "Actual Loops": 2,
                    "Hash Buckets": 131072,
                    "Original Hash Buckets": 131072,
                    "Hash Batches": 1,
                    "Original Hash Batches": 1,
                    "Peak Memory Usage": 4384,
                    "Plans": [
                      {
                        "Node Type": "Seq Scan",
                        "Parent Relationship": "Outer",
                        "Parallel Aware": true,
                        "Relation Name": "title",
                        "Alias": "t",
                        "Startup Cost": 0.0,
                        "Total Cost": 54588.39,
                        "Plan Rows": 50219,
                        "Plan Width": 4,
                        "Actual Startup Time": 0.037,
                        "Actual Total Time": 151.192,
                        "Actual Rows": 42296,
                        "Actual Loops": 2,
                        "Filter": "(production_year = 2004)",
                        "Rows Removed by Filter": 1221860
                      }
                    ]
                  }
                ]
              }
            ]
          }
        ]
      }
    ]
  },
  "Planning Time": 0.453,
  "Triggers": [],
  "Execution Time": 848.426
}