{
  "Plan": {
    "Node Type": "Aggregate",
    "Strategy": "Plain",
    "Partial Mode": "Finalize",
    "Parallel Aware": false,
    "Startup Cost": 357024.73,
    "Total Cost": 357024.74,
    "Plan Rows": 1,
    "Plan Width": 8,
    "Actual Startup Time": 1917.878,
    "Actual Total Time": 1966.292,
    "Actual Rows": 1,
    "Actual Loops": 1,
    "Plans": [
      {
        "Node Type": "Gather",
        "Parent Relationship": "Outer",
        "Parallel Aware": false,
        "Startup Cost": 357024.62,
        "Total Cost": 357024.73,
        "Plan Rows": 1,
        "Plan Width": 8,
        "Actual Startup Time": 1914.185,
        "Actual Total Time": 1966.281,
        "Actual Rows": 2,
        "Actual Loops": 1,
        "Workers Planned": 1,
        "Workers Launched": 1,
        "Single Copy": false,
        "Plans": [
          {
            "Node Type": "Aggregate",
            "Strategy": "Plain",
            "Partial Mode": "Partial",
            "Parent Relationship": "Outer",
            "Parallel Aware": false,
            "Startup Cost": 356024.62,
            "Total Cost": 356024.63,
            "Plan Rows": 1,
            "Plan Width": 8,
            "Actual Startup Time": 1907.181,
            "Actual Total Time": 1907.185,
            "Actual Rows": 1,
            "Actual Loops": 2,
            "Plans": [
              {
                "Node Type": "Hash Join",
                "Parent Relationship": "Outer",
                "Parallel Aware": true,
                "Join Type": "Inner",
                "Startup Cost": 67835.26,
                "Total Cost": 350286.45,
                "Plan Rows": 2295268,
                "Plan Width": 0,
                "Actual Startup Time": 391.408,
                "Actual Total Time": 1860.295,
                "Actual Rows": 1178807,
                "Actual Loops": 2,
                "Inner Unique": true,
                "Hash Cond": "(mi.movie_id = t.id)",
                "Plans": [
                  {
                    "Node Type": "Seq Scan",
                    "Parent Relationship": "Outer",
                    "Parallel Aware": true,
                    "Relation Name": "movie_info",
                    "Alias": "mi",
                    "Startup Cost": 0.0,
                    "Total Cost": 270696.42,
                    "Plan Rows": 4478001,
                    "Plan Width": 4,
                    "Actual Startup Time": 33.616,
                    "Actual Total Time": 687.293,
                    "Actual Rows": 3774428,
                    "Actual Loops": 2,
                    "Filter": "(info_type_id > 7)",
                    "Rows Removed by Filter": 3643432
                  },
                  {
                    "Node Type": "Hash",
                    "Parent Relationship": "Inner",
                    "Parallel Aware": true,
                    "Startup Cost": 58306.47,
                    "Total Cost": 58306.47,
                    "Plan Rows": 762303,
                    "Plan Width": 4,
                    "Actual Startup Time": 342.757,
                    "Actual Total Time": 342.757,
                    "Actual Rows": 687143,
                    "Actual Loops": 2,
                    "Hash Buckets": 2097152,
                    "Original Hash Buckets": 2097152,
                    "Hash Batches": 1,
                    "Original Hash Batches": 1,
                    "Peak Memory Usage": 70176,
                    "Plans": [
                      {
                        "Node Type": "Seq Scan",
                        "Parent Relationship": "Outer",
                        "Parallel Aware": true,
                        "Relation Name": "title",
                        "Alias": "t",
                        "Startup Cost": 0.0,
                        "Total Cost": 58306.47,
                        "Plan Rows": 762303,
                        "Plan Width": 4,
                        "Actual Startup Time": 0.049,
                        "Actual Total Time": 164.66,
                        "Actual Rows": 687143,
                        "Actual Loops": 2,
                        "Filter": "((production_year > 1967) AND (kind_id = 7))",
                        "Rows Removed by Filter": 577013
                      }
                    ]
                  }
                ]
              }
            ]
          }
        ]
      }
    ]
  },
  "Planning Time": 0.644,
  "Triggers": [],
  "Execution Time": 1966.369
}