{
  "Plan": {
    "Node Type": "Aggregate",
    "Strategy": "Plain",
    "Partial Mode": "Finalize",
    "Parallel Aware": false,
    "Startup Cost": 244441.01,
    "Total Cost": 244441.02,
    "Plan Rows": 1,
    "Plan Width": 8,
    "Actual Startup Time": 697.993,
    "Actual Total Time": 716.781,
    "Actual Rows": 1,
    "Actual Loops": 1,
    "Plans": [
      {
        "Node Type": "Gather",
        "Parent Relationship": "Outer",
        "Parallel Aware": false,
        "Startup Cost": 244440.9,
        "Total Cost": 244441.01,
        "Plan Rows": 1,
        "Plan Width": 8,
        "Actual Startup Time": 693.173,
        "Actual Total Time": 716.775,
        "Actual Rows": 2,
        "Actual Loops": 1,
        "Workers Planned": 1,
        "Workers Launched": 1,
        "Single Copy": false,
        "Plans": [
          {
            "Node Type": "Aggregate",
            "Strategy": "Plain",
            "Partial Mode": "Partial",
            "Parent Relationship": "Outer",
            "Parallel Aware": false,
            "Startup Cost": 243440.9,
            "Total Cost": 243440.91,
            "Plan Rows": 1,
            "Plan Width": 8,
            "Actual Startup Time": 680.509,
            "Actual Total Time": 680.515,
            "Actual Rows": 1,
            "Actual Loops": 2,
            "Plans": [
              {
                "Node Type": "Hash Join",
                "Parent Relationship": "Outer",
                "Parallel Aware": true,
                "Join Type": "Inner",
                "Startup Cost": 224060.02,
                "Total Cost": 243356.25,
                "Plan Rows": 33860,
                "Plan Width": 0,
                "Actual Startup Time": 564.37,
                "Actual Total Time": 673.853,
                "Actual Rows": 165912,
                "Actual Loops": 2,
                "Inner Unique": false,
                "Hash Cond": "(mi_idx.movie_id = t.id)",
                "Plans": [
                  {
                    "Node Type": "Seq Scan",
                    "Parent Relationship": "Outer",
                    "Parallel Aware": true,
                    "Relation Name": "movie_info_idx",
                    "Alias": "mi_idx",
                    "Startup Cost": 0.0,
                    "Total Cost": 16052.85,
                    "Plan Rows": 811785,
                    "Plan Width": 4,
                    "Actual Startup Time": 0.029,
                    "Actual Total Time": 47.812,
                    "Actual Rows": 690018,
                    "Actual Loops": 2
                  },
                  {
                    "Node Type": "Hash",
                    "Parent Relationship": "Inner",
                    "Parallel Aware": true,
                    "Startup Cost": 223284.6,
                    "Total Cost": 223284.6,
                    "Plan Rows": 62034,
                    "Plan Width": 8,
                    "Actual Startup Time": 559.679,
                    "Actual Total Time": 559.683,
                    "Actual Rows": 54517,
                    "Actual Loops": 2,
                    "Hash Buckets": 131072,
                    "Original Hash Buckets": 131072,
                    "Hash Batches": 1,
                    "Original Hash Batches": 1,
                    "Peak Memory Usage": 5312,
                    "Plans": [
                      {
                        "Node Type": "Hash Join",
                        "Parent Relationship": "Outer",
                        "Parallel Aware": true,
                        "Join Type": "Inner",
                        "Startup Cost": 71374.43,
                        "Total Cost": 223284.6,
                        "Plan Rows": 62034,
                        "Plan Width": 8,
                        "Actual Startup Time": 528.472,
                        "Actual Total Time": 551.31,
                        "Actual Rows": 54517,
                        "Actual Loops": 2,
                        "Inner Unique": true,
                        "Hash Cond": "(mi.movie_id = t.id)",
                        "Plans": [
                          {
                            "Node Type": "Bitmap Heap Scan",
                            "Parent Relationship": "Outer",
                            "Parallel Aware": true,
                            "Relation Name": "movie_info",
                            "Alias": "mi",
                            "Startup Cost": 1913.73,
                            "Total Cost": 153661.06,
                            "Plan Rows": 62034,
                            "Plan Width": 4,
                            "Actual Startup Time": 4.359,
                            "Actual Total Time": 15.313,
                            "Actual Rows": 54517,
                            "Actual Loops": 2,
                            "Recheck Cond": "(info_type_id = 106)",
                            "Rows Removed by Index Recheck": 0,
                            "Exact Heap Blocks": 2425,
                            "Lossy Heap Blocks": 0,
                            "Plans": [
                              {
                                "Node Type": "Bitmap Index Scan",
                                "Parent Relationship": "Outer",
                                "Parallel Aware": false,
                                "Index Name": "info_type_id_movie_info",
                                "Startup Cost": 0.0,
                                "Total Cost": 1887.36,
                                "Plan Rows": 105457,
                                "Plan Width": 0,
                                "Actual Startup Time": 3.708,
                                "Actual Total Time": 3.708,
                                "Actual Rows": 109034,
                                "Actual Loops": 1,
                                "Index Cond": "(info_type_id = 106)"
                              }
                            ]
                          },
                          {
                            "Node Type": "Hash",
                            "Parent Relationship": "Inner",
                            "Parallel Aware": true,
                            "Startup Cost": 50870.31,
                            "Total Cost": 50870.31,
                            "Plan Rows": 1487231,
                            "Plan Width": 4,
                            "Actual Startup Time": 504.906,
                            "Actual Total Time": 504.907,
                            "Actual Rows": 1264156,
                            "Actual Loops": 2,
                            "Hash Buckets": 4194304,
                            "Original Hash Buckets": 4194304,
                            "Hash Batches": 1,
                            "Original Hash Batches": 1,
                            "Peak Memory Usage": 131680,
                            "Plans": [
                              {
                                "Node Type": "Seq Scan",
                                "Parent Relationship": "Outer",
                                "Parallel Aware": true,
                                "Relation Name": "title",
                                "Alias": "t",
                                "Startup Cost": 0.0,
                                "Total Cost": 50870.31,
                                "Plan Rows": 1487231,
                                "Plan Width": 4,
                                "Actual Startup Time": 0.028,
                                "Actual Total Time": 152.494,
                                "Actual Rows": 1264156,
                                "Actual Loops": 2
                              }
                            ]
                          }
                        ]
                      }
                    ]
                  }
                ]
              }
            ]
          }
        ]
      }
    ]
  },
  "Planning Time": 0.856,
  "Triggers": [],
  "Execution Time": 716.9
}