[
  {
    "Plan": {
      "Node Type": "Aggregate",
      "Strategy": "Plain",
      "Partial Mode": "Finalize",
      "Parallel Aware": false,
      "Startup Cost": 65005.21,
      "Total Cost": 65005.22,
      "Plan Rows": 1,
      "Plan Width": 8,
      "Actual Startup Time": 374.732,
      "Actual Total Time": 387.485,
      "Actual Rows": 1,
      "Actual Loops": 1,
      "Plans": [
        {
          "Node Type": "Gather",
          "Parent Relationship": "Outer",
          "Parallel Aware": false,
          "Startup Cost": 65005.0,
          "Total Cost": 65005.21,
          "Plan Rows": 2,
          "Plan Width": 8,
          "Actual Startup Time": 371.429,
          "Actual Total Time": 387.468,
          "Actual Rows": 3,
          "Actual Loops": 1,
          "Workers Planned": 2,
          "Workers Launched": 2,
          "Single Copy": false,
          "Plans": [
            {
              "Node Type": "Aggregate",
              "Strategy": "Plain",
              "Partial Mode": "Partial",
              "Parent Relationship": "Outer",
              "Parallel Aware": false,
              "Startup Cost": 64005.0,
              "Total Cost": 64005.01,
              "Plan Rows": 1,
              "Plan Width": 8,
              "Actual Startup Time": 364.622,
              "Actual Total Time": 364.627,
              "Actual Rows": 1,
              "Actual Loops": 3,
              "Plans": [
                {
                  "Node Type": "Hash Join",
                  "Parent Relationship": "Outer",
                  "Parallel Aware": true,
                  "Join Type": "Inner",
                  "Startup Cost": 48212.02,
                  "Total Cost": 63838.9,
                  "Plan Rows": 66438,
                  "Plan Width": 0,
                  "Actual Startup Time": 259.324,
                  "Actual Total Time": 363.336,
                  "Actual Rows": 26436,
                  "Actual Loops": 3,
                  "Inner Unique": true,
                  "Hash Cond": "(mi_idx.movie_id = t.id)",
                  "Plans": [
                    {
                      "Node Type": "Seq Scan",
                      "Parent Relationship": "Outer",
                      "Parallel Aware": true,
                      "Relation Name": "movie_info_idx",
                      "Alias": "mi_idx",
                      "Startup Cost": 0.0,
                      "Total Cost": 15122.68,
                      "Plan Rows": 192074,
                      "Plan Width": 4,
                      "Actual Startup Time": 0.026,
                      "Actual Total Time": 42.313,
                      "Actual Rows": 153395,
                      "Actual Loops": 3,
                      "Filter": "(info_type_id > 100)",
                      "Rows Removed by Filter": 306617
                    },
                    {
                      "Node Type": "Hash",
                      "Parent Relationship": "Inner",
                      "Parallel Aware": true,
                      "Startup Cost": 45479.1,
                      "Total Cost": 45479.1,
                      "Plan Rows": 218634,
                      "Plan Width": 4,
                      "Actual Startup Time": 252.42,
                      "Actual Total Time": 252.421,
                      "Actual Rows": 319100,
                      "Actual Loops": 3,
                      "Hash Buckets": 1048576,
                      "Original Hash Buckets": 1048576,
                      "Hash Batches": 1,
                      "Original Hash Batches": 1,
                      "Peak Memory Usage": 45696,
                      "Plans": [
                        {
                          "Node Type": "Seq Scan",
                          "Parent Relationship": "Outer",
                          "Parallel Aware": true,
                          "Relation Name": "title",
                          "Alias": "t",
                          "Startup Cost": 0.0,
                          "Total Cost": 45479.1,
                          "Plan Rows": 218634,
                          "Plan Width": 4,
                          "Actual Startup Time": 0.036,
                          "Actual Total Time": 137.484,
                          "Actual Rows": 319100,
                          "Actual Loops": 3,
                          "Filter": "((production_year > 1999) AND (kind_id = 7))",
                          "Rows Removed by Filter": 523671
                        }
                      ]
                    }
                  ]
                }
              ]
            }
          ]
        }
      ]
    },
    "Planning Time": 0.626,
    "Triggers": [],
    "Execution Time": 387.561
  }
]