[
  {
    "Plan": {
      "Node Type": "Aggregate",
      "Strategy": "Plain",
      "Partial Mode": "Finalize",
      "Parallel Aware": false,
      "Startup Cost": 346721.71,
      "Total Cost": 346721.72,
      "Plan Rows": 1,
      "Plan Width": 8,
      "Actual Startup Time": 754.309,
      "Actual Total Time": 801.44,
      "Actual Rows": 1,
      "Actual Loops": 1,
      "Plans": [
        {
          "Node Type": "Gather",
          "Parent Relationship": "Outer",
          "Parallel Aware": false,
          "Startup Cost": 346721.08,
          "Total Cost": 346721.69,
          "Plan Rows": 6,
          "Plan Width": 8,
          "Actual Startup Time": 754.105,
          "Actual Total Time": 801.416,
          "Actual Rows": 7,
          "Actual Loops": 1,
          "Workers Planned": 6,
          "Workers Launched": 6,
          "Single Copy": false,
          "Plans": [
            {
              "Node Type": "Aggregate",
              "Strategy": "Plain",
              "Partial Mode": "Partial",
              "Parent Relationship": "Outer",
              "Parallel Aware": false,
              "Startup Cost": 345721.08,
              "Total Cost": 345721.09,
              "Plan Rows": 1,
              "Plan Width": 8,
              "Actual Startup Time": 744.605,
              "Actual Total Time": 744.606,
              "Actual Rows": 1,
              "Actual Loops": 7,
              "Plans": [
                {
                  "Node Type": "Seq Scan",
                  "Parent Relationship": "Outer",
                  "Parallel Aware": true,
                  "Relation Name": "cast_info",
                  "Alias": "ci",
                  "Startup Cost": 0.0,
                  "Total Cost": 343316.27,
                  "Plan Rows": 961924,
                  "Plan Width": 0,
                  "Actual Startup Time": 0.062,
                  "Actual Total Time": 682.704,
                  "Actual Rows": 1066424,
                  "Actual Loops": 7,
                  "Filter": "((person_id < 1018370) AND (role_id < 3))",
                  "Rows Removed by Filter": 4111340
                }
              ]
            }
          ]
        }
      ]
    },
    "Planning Time": 0.146,
    "Triggers": [],
    "Execution Time": 801.501
  }
]