[
  {
    "Plan": {
      "Node Type": "Aggregate",
      "Strategy": "Plain",
      "Partial Mode": "Finalize",
      "Parallel Aware": false,
      "Startup Cost": 346610.28,
      "Total Cost": 346610.29,
      "Plan Rows": 1,
      "Plan Width": 8,
      "Actual Startup Time": 695.558,
      "Actual Total Time": 753.367,
      "Actual Rows": 1,
      "Actual Loops": 1,
      "Plans": [
        {
          "Node Type": "Gather",
          "Parent Relationship": "Outer",
          "Parallel Aware": false,
          "Startup Cost": 346609.66,
          "Total Cost": 346610.27,
          "Plan Rows": 6,
          "Plan Width": 8,
          "Actual Startup Time": 695.416,
          "Actual Total Time": 753.355,
          "Actual Rows": 7,
          "Actual Loops": 1,
          "Workers Planned": 6,
          "Workers Launched": 6,
          "Single Copy": false,
          "Plans": [
            {
              "Node Type": "Aggregate",
              "Strategy": "Plain",
              "Partial Mode": "Partial",
              "Parent Relationship": "Outer",
              "Parallel Aware": false,
              "Startup Cost": 345609.66,
              "Total Cost": 345609.67,
              "Plan Rows": 1,
              "Plan Width": 8,
              "Actual Startup Time": 684.926,
              "Actual Total Time": 684.927,
              "Actual Rows": 1,
              "Actual Loops": 7,
              "Plans": [
                {
                  "Node Type": "Seq Scan",
                  "Parent Relationship": "Outer",
                  "Parallel Aware": true,
                  "Relation Name": "cast_info",
                  "Alias": "ci",
                  "Startup Cost": 0.0,
                  "Total Cost": 343257.03,
                  "Plan Rows": 941052,
                  "Plan Width": 0,
                  "Actual Startup Time": 0.053,
                  "Actual Total Time": 634.34,
                  "Actual Rows": 1066424,
                  "Actual Loops": 7,
                  "Filter": "((person_id < 1018370) AND (role_id < 3))",
                  "Rows Removed by Filter": 4111340
                }
              ]
            }
          ]
        }
      ]
    },
    "Planning Time": 0.201,
    "Triggers": [],
    "Execution Time": 753.441
  }
]