[
  {
    "Plan": {
      "Node Type": "Aggregate",
      "Strategy": "Plain",
      "Partial Mode": "Finalize",
      "Parallel Aware": false,
      "Startup Cost": 340245.02,
      "Total Cost": 340245.03,
      "Plan Rows": 1,
      "Plan Width": 8,
      "Actual Startup Time": 447.576,
      "Actual Total Time": 467.938,
      "Actual Rows": 1,
      "Actual Loops": 1,
      "Plans": [
        {
          "Node Type": "Gather",
          "Parent Relationship": "Outer",
          "Parallel Aware": false,
          "Startup Cost": 340244.4,
          "Total Cost": 340245.01,
          "Plan Rows": 6,
          "Plan Width": 8,
          "Actual Startup Time": 447.457,
          "Actual Total Time": 467.93,
          "Actual Rows": 7,
          "Actual Loops": 1,
          "Workers Planned": 6,
          "Workers Launched": 6,
          "Single Copy": false,
          "Plans": [
            {
              "Node Type": "Aggregate",
              "Strategy": "Plain",
              "Partial Mode": "Partial",
              "Parent Relationship": "Outer",
              "Parallel Aware": false,
              "Startup Cost": 339244.4,
              "Total Cost": 339244.41,
              "Plan Rows": 1,
              "Plan Width": 8,
              "Actual Startup Time": 437.452,
              "Actual Total Time": 437.454,
              "Actual Rows": 1,
              "Actual Loops": 7,
              "Plans": [
                {
                  "Node Type": "Index Scan",
                  "Parent Relationship": "Outer",
                  "Parallel Aware": true,
                  "Scan Direction": "Forward",
                  "Index Name": "role_id_cast_info",
                  "Relation Name": "cast_info",
                  "Alias": "ci",
                  "Startup Cost": 0.56,
                  "Total Cost": 335235.55,
                  "Plan Rows": 1603540,
                  "Plan Width": 0,
                  "Actual Startup Time": 195.79,
                  "Actual Total Time": 396.501,
                  "Actual Rows": 940370,
                  "Actual Loops": 7,
                  "Index Cond": "(role_id = 1)",
                  "Rows Removed by Index Recheck": 0,
                  "Filter": "(person_id > 827188)",
                  "Rows Removed by Filter": 869728
                }
              ]
            }
          ]
        }
      ]
    },
    "Planning Time": 0.226,
    "Triggers": [],
    "Execution Time": 468.001
  }
]