[
  {
    "Plan": {
      "Node Type": "Aggregate",
      "Strategy": "Plain",
      "Partial Mode": "Finalize",
      "Parallel Aware": false,
      "Startup Cost": 95200.75,
      "Total Cost": 95200.76,
      "Plan Rows": 1,
      "Plan Width": 8,
      "Actual Startup Time": 449.78,
      "Actual Total Time": 467.226,
      "Actual Rows": 1,
      "Actual Loops": 1,
      "Plans": [
        {
          "Node Type": "Gather",
          "Parent Relationship": "Outer",
          "Parallel Aware": false,
          "Startup Cost": 95200.53,
          "Total Cost": 95200.74,
          "Plan Rows": 2,
          "Plan Width": 8,
          "Actual Startup Time": 447.683,
          "Actual Total Time": 467.219,
          "Actual Rows": 3,
          "Actual Loops": 1,
          "Workers Planned": 2,
          "Workers Launched": 2,
          "Single Copy": false,
          "Plans": [
            {
              "Node Type": "Aggregate",
              "Strategy": "Plain",
              "Partial Mode": "Partial",
              "Parent Relationship": "Outer",
              "Parallel Aware": false,
              "Startup Cost": 94200.53,
              "Total Cost": 94200.54,
              "Plan Rows": 1,
              "Plan Width": 8,
              "Actual Startup Time": 439.404,
              "Actual Total Time": 439.41,
              "Actual Rows": 1,
              "Actual Loops": 3,
              "Plans": [
                {
                  "Node Type": "Hash Join",
                  "Parent Relationship": "Outer",
                  "Parallel Aware": true,
                  "Join Type": "Inner",
                  "Startup Cost": 78225.3,
                  "Total Cost": 94133.64,
                  "Plan Rows": 26757,
                  "Plan Width": 0,
                  "Actual Startup Time": 343.014,
                  "Actual Total Time": 434.32,
                  "Actual Rows": 124553,
                  "Actual Loops": 3,
                  "Inner Unique": false,
                  "Hash Cond": "(mi_idx.movie_id = t.id)",
                  "Plans": [
                    {
                      "Node Type": "Seq Scan",
                      "Parent Relationship": "Outer",
                      "Parallel Aware": true,
                      "Relation Name": "movie_info_idx",
                      "Alias": "mi_idx",
                      "Startup Cost": 0.0,
                      "Total Cost": 13685.15,
                      "Plan Rows": 575015,
                      "Plan Width": 4,
                      "Actual Startup Time": 0.029,
                      "Actual Total Time": 34.551,
                      "Actual Rows": 460012,
                      "Actual Loops": 3
                    },
                    {
                      "Node Type": "Hash",
                      "Parent Relationship": "Inner",
                      "Parallel Aware": true,
                      "Startup Cost": 77857.65,
                      "Total Cost": 77857.65,
                      "Plan Rows": 29412,
                      "Plan Width": 8,
                      "Actual Startup Time": 340.956,
                      "Actual Total Time": 340.96,
                      "Actual Rows": 61009,
                      "Actual Loops": 3,
                      "Hash Buckets": 262144,
                      "Original Hash Buckets": 131072,
                      "Hash Batches": 1,
                      "Original Hash Batches": 1,
                      "Peak Memory Usage": 10272,
                      "Plans": [
                        {
                          "Node Type": "Hash Join",
                          "Parent Relationship": "Outer",
                          "Parallel Aware": true,
                          "Join Type": "Inner",
                          "Startup Cost": 32624.57,
                          "Total Cost": 77857.65,
                          "Plan Rows": 29412,
                          "Plan Width": 8,
                          "Actual Startup Time": 134.474,
                          "Actual Total Time": 317.867,
                          "Actual Rows": 61009,
                          "Actual Loops": 3,
                          "Inner Unique": false,
                          "Hash Cond": "(t.id = mc.movie_id)",
                          "Plans": [
                            {
                              "Node Type": "Seq Scan",
                              "Parent Relationship": "Outer",
                              "Parallel Aware": true,
                              "Relation Name": "title",
                              "Alias": "t",
                              "Startup Cost": 0.0,
                              "Total Cost": 43898.92,
                              "Plan Rows": 247857,
                              "Plan Width": 4,
                              "Actual Startup Time": 0.012,
                              "Actual Total Time": 100.414,
                              "Actual Rows": 328349,
                              "Actual Loops": 3,
                              "Filter": "(kind_id < 7)",
                              "Rows Removed by Filter": 514421
                            },
                            {
                              "Node Type": "Hash",
                              "Parent Relationship": "Inner",
                              "Parallel Aware": true,
                              "Startup Cost": 31414.82,
                              "Total Cost": 31414.82,
                              "Plan Rows": 96780,
                              "Plan Width": 4,
                              "Actual Startup Time": 131.497,
                              "Actual Total Time": 131.498,
                              "Actual Rows": 145278,
                              "Actual Loops": 3,
                              "Hash Buckets": 524288,
                              "Original Hash Buckets": 524288,
                              "Hash Batches": 1,
                              "Original Hash Batches": 1,
                              "Peak Memory Usage": 21184,
                              "Plans": [
                                {
                                  "Node Type": "Seq Scan",
                                  "Parent Relationship": "Outer",
                                  "Parallel Aware": true,
                                  "Relation Name": "movie_companies",
                                  "Alias": "mc",
                                  "Startup Cost": 0.0,
                                  "Total Cost": 31414.82,
                                  "Plan Rows": 96780,
                                  "Plan Width": 4,
                                  "Actual Startup Time": 0.072,
                                  "Actual Total Time": 87.165,
                                  "Actual Rows": 145278,
                                  "Actual Loops": 3,
                                  "Filter": "((company_id < 702) AND (company_type_id < 2))",
                                  "Rows Removed by Filter": 724432
                                }
                              ]
                            }
                          ]
                        }
                      ]
                    }
                  ]
                }
              ]
            }
          ]
        }
      ]
    },
    "Planning Time": 1.395,
    "Triggers": [],
    "Execution Time": 467.314
  }
]