[
  {
    "Plan": {
      "Node Type": "Aggregate",
      "Strategy": "Plain",
      "Partial Mode": "Simple",
      "Parallel Aware": false,
      "Startup Cost": 13533.73,
      "Total Cost": 13533.74,
      "Plan Rows": 1,
      "Plan Width": 8,
      "Actual Startup Time": 8.349,
      "Actual Total Time": 8.351,
      "Actual Rows": 1,
      "Actual Loops": 1,
      "Plans": [
        {
          "Node Type": "Bitmap Heap Scan",
          "Parent Relationship": "Outer",
          "Parallel Aware": false,
          "Relation Name": "movie_keyword",
          "Alias": "mk",
          "Startup Cost": 120.13,
          "Total Cost": 13519.63,
          "Plan Rows": 5639,
          "Plan Width": 0,
          "Actual Startup Time": 1.503,
          "Actual Total Time": 7.53,
          "Actual Rows": 4668,
          "Actual Loops": 1,
          "Recheck Cond": "(keyword_id > 129807)",
          "Rows Removed by Index Recheck": 0,
          "Exact Heap Blocks": 1501,
          "Lossy Heap Blocks": 0,
          "Plans": [
            {
              "Node Type": "Bitmap Index Scan",
              "Parent Relationship": "Outer",
              "Parallel Aware": false,
              "Index Name": "keyword_id_movie_keyword",
              "Startup Cost": 0.0,
              "Total Cost": 118.72,
              "Plan Rows": 5639,
              "Plan Width": 0,
              "Actual Startup Time": 0.922,
              "Actual Total Time": 0.922,
              "Actual Rows": 4668,
              "Actual Loops": 1,
              "Index Cond": "(keyword_id > 129807)"
            }
          ]
        }
      ]
    },
    "Planning Time": 0.298,
    "Triggers": [],
    "Execution Time": 8.416
  }
]