[
  {
    "Plan": {
      "Node Type": "Aggregate",
      "Strategy": "Plain",
      "Partial Mode": "Finalize",
      "Parallel Aware": false,
      "Startup Cost": 273891.4,
      "Total Cost": 273891.41,
      "Plan Rows": 1,
      "Plan Width": 8,
      "Actual Startup Time": 2935.404,
      "Actual Total Time": 3019.929,
      "Actual Rows": 1,
      "Actual Loops": 1,
      "Plans": [
        {
          "Node Type": "Gather",
          "Parent Relationship": "Outer",
          "Parallel Aware": false,
          "Startup Cost": 273890.98,
          "Total Cost": 273891.39,
          "Plan Rows": 4,
          "Plan Width": 8,
          "Actual Startup Time": 2933.661,
          "Actual Total Time": 3019.921,
          "Actual Rows": 5,
          "Actual Loops": 1,
          "Workers Planned": 4,
          "Workers Launched": 4,
          "Single Copy": false,
          "Plans": [
            {
              "Node Type": "Aggregate",
              "Strategy": "Plain",
              "Partial Mode": "Partial",
              "Parent Relationship": "Outer",
              "Parallel Aware": false,
              "Startup Cost": 272890.98,
              "Total Cost": 272890.99,
              "Plan Rows": 1,
              "Plan Width": 8,
              "Actual Startup Time": 2923.398,
              "Actual Total Time": 2923.402,
              "Actual Rows": 1,
              "Actual Loops": 5,
              "Plans": [
                {
                  "Node Type": "Nested Loop",
                  "Parent Relationship": "Outer",
                  "Parallel Aware": false,
                  "Join Type": "Inner",
                  "Startup Cost": 29368.09,
                  "Total Cost": 269705.53,
                  "Plan Rows": 1274181,
                  "Plan Width": 0,
                  "Actual Startup Time": 101.508,
                  "Actual Total Time": 2824.711,
                  "Actual Rows": 1792102,
                  "Actual Loops": 5,
                  "Inner Unique": false,
                  "Plans": [
                    {
                      "Node Type": "Hash Join",
                      "Parent Relationship": "Outer",
                      "Parallel Aware": true,
                      "Join Type": "Inner",
                      "Startup Cost": 29367.52,
                      "Total Cost": 75133.47,
                      "Plan Rows": 88923,
                      "Plan Width": 8,
                      "Actual Startup Time": 101.375,
                      "Actual Total Time": 355.9,
                      "Actual Rows": 71577,
                      "Actual Loops": 5,
                      "Inner Unique": false,
                      "Hash Cond": "(t.id = mc.movie_id)",
                      "Plans": [
                        {
                          "Node Type": "Seq Scan",
                          "Parent Relationship": "Outer",
                          "Parallel Aware": true,
                          "Relation Name": "title",
                          "Alias": "t",
                          "Startup Cost": 0.0,
                          "Total Cost": 42318.73,
                          "Plan Rows": 632073,
                          "Plan Width": 4,
                          "Actual Startup Time": 0.013,
                          "Actual Total Time": 79.235,
                          "Actual Rows": 505662,
                          "Actual Loops": 5
                        },
                        {
                          "Node Type": "Hash",
                          "Parent Relationship": "Inner",
                          "Parallel Aware": true,
                          "Startup Cost": 27933.28,
                          "Total Cost": 27933.28,
                          "Plan Rows": 114739,
                          "Plan Width": 4,
                          "Actual Startup Time": 88.454,
                          "Actual Total Time": 88.455,
                          "Actual Rows": 71577,
                          "Actual Loops": 5,
                          "Hash Buckets": 524288,
                          "Original Hash Buckets": 524288,
                          "Hash Batches": 1,
                          "Original Hash Batches": 1,
                          "Peak Memory Usage": 18208,
                          "Plans": [
                            {
                              "Node Type": "Bitmap Heap Scan",
                              "Parent Relationship": "Outer",
                              "Parallel Aware": true,
                              "Relation Name": "movie_companies",
                              "Alias": "mc",
                              "Startup Cost": 7709.04,
                              "Total Cost": 27933.28,
                              "Plan Rows": 114739,
                              "Plan Width": 4,
                              "Actual Startup Time": 27.86,
                              "Actual Total Time": 58.236,
                              "Actual Rows": 71577,
                              "Actual Loops": 5,
                              "Recheck Cond": "(company_id > 87314)",
                              "Rows Removed by Index Recheck": 0,
                              "Exact Heap Blocks": 2312,
                              "Lossy Heap Blocks": 0,
                              "Plans": [
                                {
                                  "Node Type": "Bitmap Index Scan",
                                  "Parent Relationship": "Outer",
                                  "Parallel Aware": false,
                                  "Index Name": "company_id_movie_companies",
                                  "Startup Cost": 0.0,
                                  "Total Cost": 7620.12,
                                  "Plan Rows": 355692,
                                  "Plan Width": 0,
                                  "Actual Startup Time": 27.38,
                                  "Actual Total Time": 27.381,
                                  "Actual Rows": 357887,
                                  "Actual Loops": 1,
                                  "Index Cond": "(company_id > 87314)"
                                }
                              ]
                            }
                          ]
                        }
                      ]
                    },
                    {
                      "Node Type": "Index Only Scan",
                      "Parent Relationship": "Inner",
                      "Parallel Aware": false,
                      "Scan Direction": "Forward",
                      "Index Name": "movie_id_cast_info",
                      "Relation Name": "cast_info",
                      "Alias": "ci",
                      "Startup Cost": 0.56,
                      "Total Cost": 1.82,
                      "Plan Rows": 37,
                      "Plan Width": 4,
                      "Actual Startup Time": 0.006,
                      "Actual Total Time": 0.032,
                      "Actual Rows": 25,
                      "Actual Loops": 357887,
                      "Index Cond": "(movie_id = t.id)",
                      "Rows Removed by Index Recheck": 0,
                      "Heap Fetches": 8960512
                    }
                  ]
                }
              ]
            }
          ]
        }
      ]
    },
    "Planning Time": 1.374,
    "Triggers": [],
    "Execution Time": 3020.061
  }
]