[
  {
    "Plan": {
      "Node Type": "Aggregate",
      "Strategy": "Plain",
      "Partial Mode": "Finalize",
      "Parallel Aware": false,
      "Startup Cost": 71596.66,
      "Total Cost": 71596.67,
      "Plan Rows": 1,
      "Plan Width": 8,
      "Actual Startup Time": 236.339,
      "Actual Total Time": 248.998,
      "Actual Rows": 1,
      "Actual Loops": 1,
      "Plans": [
        {
          "Node Type": "Gather",
          "Parent Relationship": "Outer",
          "Parallel Aware": false,
          "Startup Cost": 71596.24,
          "Total Cost": 71596.65,
          "Plan Rows": 4,
          "Plan Width": 8,
          "Actual Startup Time": 234.448,
          "Actual Total Time": 248.989,
          "Actual Rows": 5,
          "Actual Loops": 1,
          "Workers Planned": 4,
          "Workers Launched": 4,
          "Single Copy": false,
          "Plans": [
            {
              "Node Type": "Aggregate",
              "Strategy": "Plain",
              "Partial Mode": "Partial",
              "Parent Relationship": "Outer",
              "Parallel Aware": false,
              "Startup Cost": 70596.24,
              "Total Cost": 70596.25,
              "Plan Rows": 1,
              "Plan Width": 8,
              "Actual Startup Time": 224.838,
              "Actual Total Time": 224.886,
              "Actual Rows": 1,
              "Actual Loops": 5,
              "Plans": [
                {
                  "Node Type": "Hash Join",
                  "Parent Relationship": "Outer",
                  "Parallel Aware": true,
                  "Join Type": "Inner",
                  "Startup Cost": 24959.45,
                  "Total Cost": 70527.39,
                  "Plan Rows": 27542,
                  "Plan Width": 0,
                  "Actual Startup Time": 169.104,
                  "Actual Total Time": 222.888,
                  "Actual Rows": 42706,
                  "Actual Loops": 5,
                  "Inner Unique": false,
                  "Hash Cond": "(t.id = mc.movie_id)",
                  "Plans": [
                    {
                      "Node Type": "Seq Scan",
                      "Parent Relationship": "Outer",
                      "Parallel Aware": true,
                      "Relation Name": "title",
                      "Alias": "t",
                      "Startup Cost": 0.0,
                      "Total Cost": 42318.73,
                      "Plan Rows": 632073,
                      "Plan Width": 4,
                      "Actual Startup Time": 0.013,
                      "Actual Total Time": 68.015,
                      "Actual Rows": 505662,
                      "Actual Loops": 5
                    },
                    {
                      "Node Type": "Hash",
                      "Parent Relationship": "Inner",
                      "Parallel Aware": true,
                      "Startup Cost": 24515.23,
                      "Total Cost": 24515.23,
                      "Plan Rows": 35538,
                      "Plan Width": 4,
                      "Actual Startup Time": 67.559,
                      "Actual Total Time": 67.561,
                      "Actual Rows": 42706,
                      "Actual Loops": 5,
                      "Hash Buckets": 262144,
                      "Original Hash Buckets": 131072,
                      "Hash Batches": 1,
                      "Original Hash Batches": 1,
                      "Peak Memory Usage": 11520,
                      "Plans": [
                        {
                          "Node Type": "Bitmap Heap Scan",
                          "Parent Relationship": "Outer",
                          "Parallel Aware": true,
                          "Relation Name": "movie_companies",
                          "Alias": "mc",
                          "Startup Cost": 4675.32,
                          "Total Cost": 24515.23,
                          "Plan Rows": 35538,
                          "Plan Width": 4,
                          "Actual Startup Time": 19.207,
                          "Actual Total Time": 45.161,
                          "Actual Rows": 42706,
                          "Actual Loops": 5,
                          "Recheck Cond": "(company_id > 109683)",
                          "Rows Removed by Index Recheck": 0,
                          "Filter": "(company_type_id = 2)",
                          "Rows Removed by Filter": 0,
                          "Exact Heap Blocks": 1738,
                          "Lossy Heap Blocks": 0,
                          "Plans": [
                            {
                              "Node Type": "Bitmap Index Scan",
                              "Parent Relationship": "Outer",
                              "Parallel Aware": false,
                              "Index Name": "company_id_movie_companies",
                              "Startup Cost": 0.0,
                              "Total Cost": 4647.78,
                              "Plan Rows": 216980,
                              "Plan Width": 0,
                              "Actual Startup Time": 22.503,
                              "Actual Total Time": 22.503,
                              "Actual Rows": 213532,
                              "Actual Loops": 1,
                              "Index Cond": "(company_id > 109683)"
                            }
                          ]
                        }
                      ]
                    }
                  ]
                }
              ]
            }
          ]
        }
      ]
    },
    "Planning Time": 0.635,
    "Triggers": [],
    "Execution Time": 249.089
  }
]