[
  {
    "Plan": {
      "Node Type": "Aggregate",
      "Strategy": "Plain",
      "Partial Mode": "Simple",
      "Parallel Aware": false,
      "Startup Cost": 50473.67,
      "Total Cost": 50473.68,
      "Plan Rows": 1,
      "Plan Width": 64,
      "Actual Startup Time": 254.253,
      "Actual Total Time": 287.438,
      "Actual Rows": 1,
      "Actual Loops": 1,
      "Plans": [
        {
          "Node Type": "Gather",
          "Parent Relationship": "Outer",
          "Parallel Aware": false,
          "Startup Cost": 36407.36,
          "Total Cost": 50473.66,
          "Plan Rows": 2,
          "Plan Width": 60,
          "Actual Startup Time": 254.239,
          "Actual Total Time": 287.422,
          "Actual Rows": 0,
          "Actual Loops": 1,
          "Workers Planned": 2,
          "Workers Launched": 2,
          "Single Copy": false,
          "Plans": [
            {
              "Node Type": "Nested Loop",
              "Parent Relationship": "Outer",
              "Parallel Aware": false,
              "Join Type": "Inner",
              "Startup Cost": 35407.36,
              "Total Cost": 49473.46,
              "Plan Rows": 1,
              "Plan Width": 60,
              "Actual Startup Time": 242.38,
              "Actual Total Time": 242.4,
              "Actual Rows": 0,
              "Actual Loops": 3,
              "Inner Unique": true,
              "Plans": [
                {
                  "Node Type": "Nested Loop",
                  "Parent Relationship": "Outer",
                  "Parallel Aware": false,
                  "Join Type": "Inner",
                  "Startup Cost": 35406.94,
                  "Total Cost": 49473.02,
                  "Plan Rows": 1,
                  "Plan Width": 64,
                  "Actual Startup Time": 242.379,
                  "Actual Total Time": 242.394,
                  "Actual Rows": 0,
                  "Actual Loops": 3,
                  "Inner Unique": false,
                  "Join Filter": "(t.id = mk.movie_id)",
                  "Rows Removed by Join Filter": 0,
                  "Plans": [
                    {
                      "Node Type": "Nested Loop",
                      "Parent Relationship": "Outer",
                      "Parallel Aware": false,
                      "Join Type": "Inner",
                      "Startup Cost": 35406.51,
                      "Total Cost": 49471.14,
                      "Plan Rows": 1,
                      "Plan Width": 76,
                      "Actual Startup Time": 242.379,
                      "Actual Total Time": 242.391,
                      "Actual Rows": 0,
                      "Actual Loops": 3,
                      "Inner Unique": true,
                      "Plans": [
                        {
                          "Node Type": "Nested Loop",
                          "Parent Relationship": "Outer",
                          "Parallel Aware": false,
                          "Join Type": "Inner",
                          "Startup Cost": 35406.38,
                          "Total Cost": 49470.98,
                          "Plan Rows": 1,
                          "Plan Width": 80,
                          "Actual Startup Time": 242.377,
                          "Actual Total Time": 242.389,
                          "Actual Rows": 0,
                          "Actual Loops": 3,
                          "Inner Unique": true,
                          "Plans": [
                            {
                              "Node Type": "Nested Loop",
                              "Parent Relationship": "Outer",
                              "Parallel Aware": false,
                              "Join Type": "Inner",
                              "Startup Cost": 35405.96,
                              "Total Cost": 49470.54,
                              "Plan Rows": 1,
                              "Plan Width": 84,
                              "Actual Startup Time": 242.376,
                              "Actual Total Time": 242.387,
                              "Actual Rows": 0,
                              "Actual Loops": 3,
                              "Inner Unique": false,
                              "Join Filter": "(t.id = mc.movie_id)",
                              "Rows Removed by Join Filter": 0,
                              "Plans": [
                                {
                                  "Node Type": "Nested Loop",
                                  "Parent Relationship": "Outer",
                                  "Parallel Aware": false,
                                  "Join Type": "Inner",
                                  "Startup Cost": 35405.53,
                                  "Total Cost": 49469.64,
                                  "Plan Rows": 1,
                                  "Plan Width": 72,
                                  "Actual Startup Time": 242.373,
                                  "Actual Total Time": 242.381,
                                  "Actual Rows": 0,
                                  "Actual Loops": 3,
                                  "Inner Unique": true,
                                  "Plans": [
                                    {
                                      "Node Type": "Nested Loop",
                                      "Parent Relationship": "Outer",
                                      "Parallel Aware": false,
                                      "Join Type": "Inner",
                                      "Startup Cost": 35405.39,
                                      "Total Cost": 49469.38,
                                      "Plan Rows": 1,
                                      "Plan Width": 76,
                                      "Actual Startup Time": 242.371,
                                      "Actual Total Time": 242.378,
                                      "Actual Rows": 0,
                                      "Actual Loops": 3,
                                      "Inner Unique": false,
                                      "Join Filter": "(t.id = mi.movie_id)",
                                      "Rows Removed by Join Filter": 0,
                                      "Plans": [
                                        {
                                          "Node Type": "Hash Join",
                                          "Parent Relationship": "Outer",
                                          "Parallel Aware": true,
                                          "Join Type": "Inner",
                                          "Startup Cost": 35404.95,
                                          "Total Cost": 43498.44,
                                          "Plan Rows": 1555,
                                          "Plan Width": 25,
                                          "Actual Startup Time": 67.678,
                                          "Actual Total Time": 134.803,
                                          "Actual Rows": 2238,
                                          "Actual Loops": 3,
                                          "Inner Unique": true,
                                          "Hash Cond": "(at.movie_id = t.id)",
                                          "Plans": [
                                            {
                                              "Node Type": "Seq Scan",
                                              "Parent Relationship": "Outer",
                                              "Parallel Aware": true,
                                              "Relation Name": "aka_title",
                                              "Alias": "at",
                                              "Startup Cost": 0.0,
                                              "Total Cost": 7698.13,
                                              "Plan Rows": 150613,
                                              "Plan Width": 4,
                                              "Actual Startup Time": 0.071,
                                              "Actual Total Time": 39.874,
                                              "Actual Rows": 120491,
                                              "Actual Loops": 3
                                            },
                                            {
                                              "Node Type": "Hash",
                                              "Parent Relationship": "Inner",
                                              "Parallel Aware": true,
                                              "Startup Cost": 35299.69,
                                              "Total Cost": 35299.69,
                                              "Plan Rows": 8421,
                                              "Plan Width": 21,
                                              "Actual Startup Time": 66.356,
                                              "Actual Total Time": 66.359,
                                              "Actual Rows": 8169,
                                              "Actual Loops": 3,
                                              "Hash Buckets": 32768,
                                              "Original Hash Buckets": 32768,
                                              "Hash Batches": 1,
                                              "Original Hash Batches": 1,
                                              "Peak Memory Usage": 1920,
                                              "Plans": [
                                                {
                                                  "Node Type": "Bitmap Heap Scan",
                                                  "Parent Relationship": "Outer",
                                                  "Parallel Aware": true,
                                                  "Relation Name": "title",
                                                  "Alias": "t",
                                                  "Startup Cost": 490.74,
                                                  "Total Cost": 35299.69,
                                                  "Plan Rows": 8421,
                                                  "Plan Width": 21,
                                                  "Actual Startup Time": 2.759,
                                                  "Actual Total Time": 59.769,
                                                  "Actual Rows": 8169,
                                                  "Actual Loops": 3,
                                                  "Recheck Cond": "(production_year < 1910)",
                                                  "Rows Removed by Index Recheck": 0,
                                                  "Exact Heap Blocks": 5028,
                                                  "Lossy Heap Blocks": 0,
                                                  "Plans": [
                                                    {
                                                      "Node Type": "Bitmap Index Scan",
                                                      "Parent Relationship": "Outer",
                                                      "Parallel Aware": false,
                                                      "Index Name": "idx_title_production_year",
                                                      "Startup Cost": 0.0,
                                                      "Total Cost": 484.21,
                                                      "Plan Rows": 26104,
                                                      "Plan Width": 0,
                                                      "Actual Startup Time": 6.248,
                                                      "Actual Total Time": 6.249,
                                                      "Actual Rows": 24508,
                                                      "Actual Loops": 1,
                                                      "Index Cond": "(production_year < 1910)"
                                                    }
                                                  ]
                                                }
                                              ]
                                            }
                                          ]
                                        },
                                        {
                                          "Node Type": "Index Scan",
                                          "Parent Relationship": "Inner",
                                          "Parallel Aware": false,
                                          "Scan Direction": "Forward",
                                          "Index Name": "movie_id_movie_info",
                                          "Relation Name": "movie_info",
                                          "Alias": "mi",
                                          "Startup Cost": 0.43,
                                          "Total Cost": 3.83,
                                          "Plan Rows": 1,
                                          "Plan Width": 51,
                                          "Actual Startup Time": 0.047,
                                          "Actual Total Time": 0.047,
                                          "Actual Rows": 0,
                                          "Actual Loops": 6715,
                                          "Index Cond": "(movie_id = at.movie_id)",
                                          "Rows Removed by Index Recheck": 0,
                                          "Filter": "((info IS NOT NULL) AND (note ~~ '%internet%'::text) AND ((info ~~ 'USA:% 199%'::text) OR (info ~~ 'USA:% 200%'::text)))",
                                          "Rows Removed by Filter": 11
                                        }
                                      ]
                                    },
                                    {
                                      "Node Type": "Index Scan",
                                      "Parent Relationship": "Inner",
                                      "Parallel Aware": false,
                                      "Scan Direction": "Forward",
                                      "Index Name": "info_type_pkey",
                                      "Relation Name": "info_type",
                                      "Alias": "it1",
                                      "Startup Cost": 0.14,
                                      "Total Cost": 0.2,
                                      "Plan Rows": 1,
                                      "Plan Width": 4,
                                      "Actual Startup Time": 0.0,
                                      "Actual Total Time": 0.0,
                                      "Actual Rows": 0,
                                      "Actual Loops": 0,
                                      "Index Cond": "(id = mi.info_type_id)",
                                      "Rows Removed by Index Recheck": 0,
                                      "Filter": "((info)::text = 'release dates'::text)",
                                      "Rows Removed by Filter": 0
                                    }
                                  ]
                                },
                                {
                                  "Node Type": "Index Scan",
                                  "Parent Relationship": "Inner",
                                  "Parallel Aware": false,
                                  "Scan Direction": "Forward",
                                  "Index Name": "movie_id_movie_companies",
                                  "Relation Name": "movie_companies",
                                  "Alias": "mc",
                                  "Startup Cost": 0.43,
                                  "Total Cost": 0.83,
                                  "Plan Rows": 5,
                                  "Plan Width": 12,
                                  "Actual Startup Time": 0.0,
                                  "Actual Total Time": 0.0,
                                  "Actual Rows": 0,
                                  "Actual Loops": 0,
                                  "Index Cond": "(movie_id = at.movie_id)",
                                  "Rows Removed by Index Recheck": 0
                                }
                              ]
                            },
                            {
                              "Node Type": "Index Scan",
                              "Parent Relationship": "Inner",
                              "Parallel Aware": false,
                              "Scan Direction": "Forward",
                              "Index Name": "company_name_pkey",
                              "Relation Name": "company_name",
                              "Alias": "cn",
                              "Startup Cost": 0.42,
                              "Total Cost": 0.45,
                              "Plan Rows": 1,
                              "Plan Width": 4,
                              "Actual Startup Time": 0.0,
                              "Actual Total Time": 0.0,
                              "Actual Rows": 0,
                              "Actual Loops": 0,
                              "Index Cond": "(id = mc.company_id)",
                              "Rows Removed by Index Recheck": 0,
                              "Filter": "((country_code)::text = '[us]'::text)",
                              "Rows Removed by Filter": 0
                            }
                          ]
                        },
                        {
                          "Node Type": "Index Only Scan",
                          "Parent Relationship": "Inner",
                          "Parallel Aware": false,
                          "Scan Direction": "Forward",
                          "Index Name": "company_type_pkey",
                          "Relation Name": "company_type",
                          "Alias": "ct",
                          "Startup Cost": 0.13,
                          "Total Cost": 0.15,
                          "Plan Rows": 1,
                          "Plan Width": 4,
                          "Actual Startup Time": 0.0,
                          "Actual Total Time": 0.0,
                          "Actual Rows": 0,
                          "Actual Loops": 0,
                          "Index Cond": "(id = mc.company_type_id)",
                          "Rows Removed by Index Recheck": 0,
                          "Heap Fetches": 0
                        }
                      ]
                    },
                    {
                      "Node Type": "Index Scan",
                      "Parent Relationship": "Inner",
                      "Parallel Aware": false,
                      "Scan Direction": "Forward",
                      "Index Name": "movie_id_movie_keyword",
                      "Relation Name": "movie_keyword",
                      "Alias": "mk",
                      "Startup Cost": 0.43,
                      "Total Cost": 1.31,
                      "Plan Rows": 46,
                      "Plan Width": 8,
                      "Actual Startup Time": 0.0,
                      "Actual Total Time": 0.0,
                      "Actual Rows": 0,
                      "Actual Loops": 0,
                      "Index Cond": "(movie_id = mc.movie_id)",
                      "Rows Removed by Index Recheck": 0
                    }
                  ]
                },
                {
                  "Node Type": "Index Only Scan",
                  "Parent Relationship": "Inner",
                  "Parallel Aware": false,
                  "Scan Direction": "Forward",
                  "Index Name": "keyword_pkey",
                  "Relation Name": "keyword",
                  "Alias": "k",
                  "Startup Cost": 0.42,
                  "Total Cost": 0.44,
                  "Plan Rows": 1,
                  "Plan Width": 4,
                  "Actual Startup Time": 0.0,
                  "Actual Total Time": 0.0,
                  "Actual Rows": 0,
                  "Actual Loops": 0,
                  "Index Cond": "(id = mk.keyword_id)",
                  "Rows Removed by Index Recheck": 0,
                  "Heap Fetches": 0
                }
              ]
            }
          ]
        }
      ]
    },
    "Planning Time": 26.817,
    "Triggers": [],
    "Execution Time": 287.93
  }
]