{
  "Plan": {
    "Node Type": "Aggregate",
    "Strategy": "Plain",
    "Partial Mode": "Finalize",
    "Parallel Aware": false,
    "Startup Cost": 109997.53,
    "Total Cost": 109997.54,
    "Plan Rows": 1,
    "Plan Width": 8,
    "Actual Startup Time": 719.631,
    "Actual Total Time": 735.598,
    "Actual Rows": 1,
    "Actual Loops": 1,
    "Plans": [
      {
        "Node Type": "Gather",
        "Parent Relationship": "Outer",
        "Parallel Aware": false,
        "Startup Cost": 109997.41,
        "Total Cost": 109997.52,
        "Plan Rows": 1,
        "Plan Width": 8,
        "Actual Startup Time": 717.754,
        "Actual Total Time": 735.59,
        "Actual Rows": 2,
        "Actual Loops": 1,
        "Workers Planned": 1,
        "Workers Launched": 1,
        "Single Copy": false,
        "Plans": [
          {
            "Node Type": "Aggregate",
            "Strategy": "Plain",
            "Partial Mode": "Partial",
            "Parent Relationship": "Outer",
            "Parallel Aware": false,
            "Startup Cost": 108997.41,
            "Total Cost": 108997.42,
            "Plan Rows": 1,
            "Plan Width": 8,
            "Actual Startup Time": 711.542,
            "Actual Total Time": 711.545,
            "Actual Rows": 1,
            "Actual Loops": 2,
            "Plans": [
              {
                "Node Type": "Hash Join",
                "Parent Relationship": "Outer",
                "Parallel Aware": true,
                "Join Type": "Inner",
                "Startup Cost": 44473.76,
                "Total Cost": 107697.62,
                "Plan Rows": 519919,
                "Plan Width": 0,
                "Actual Startup Time": 234.58,
                "Actual Total Time": 693.091,
                "Actual Rows": 449198,
                "Actual Loops": 2,
                "Inner Unique": false,
                "Hash Cond": "(t.id = mc.movie_id)",
                "Plans": [
                  {
                    "Node Type": "Seq Scan",
                    "Parent Relationship": "Outer",
                    "Parallel Aware": true,
                    "Relation Name": "title",
                    "Alias": "t",
                    "Startup Cost": 0.0,
                    "Total Cost": 50870.31,
                    "Plan Rows": 1487231,
                    "Plan Width": 4,
                    "Actual Startup Time": 0.009,
                    "Actual Total Time": 118.841,
                    "Actual Rows": 1264156,
                    "Actual Loops": 2
                  },
                  {
                    "Node Type": "Hash",
                    "Parent Relationship": "Inner",
                    "Parallel Aware": true,
                    "Startup Cost": 37974.77,
                    "Total Cost": 37974.77,
                    "Plan Rows": 519919,
                    "Plan Width": 4,
                    "Actual Startup Time": 225.076,
                    "Actual Total Time": 225.077,
                    "Actual Rows": 449198,
                    "Actual Loops": 2,
                    "Hash Buckets": 1048576,
                    "Original Hash Buckets": 1048576,
                    "Hash Batches": 1,
                    "Original Hash Batches": 1,
                    "Peak Memory Usage": 43360,
                    "Plans": [
                      {
                        "Node Type": "Seq Scan",
                        "Parent Relationship": "Outer",
                        "Parallel Aware": true,
                        "Relation Name": "movie_companies",
                        "Alias": "mc",
                        "Startup Cost": 0.0,
                        "Total Cost": 37974.77,
                        "Plan Rows": 519919,
                        "Plan Width": 4,
                        "Actual Startup Time": 31.845,
                        "Actual Total Time": 130.965,
                        "Actual Rows": 449198,
                        "Actual Loops": 2,
                        "Filter": "(company_id > 21524)",
                        "Rows Removed by Filter": 855367
                      }
                    ]
                  }
                ]
              }
            ]
          }
        ]
      }
    ]
  },
  "Planning Time": 0.761,
  "Triggers": [],
  "Execution Time": 735.673
}