{
  "Plan": {
    "Node Type": "Aggregate",
    "Strategy": "Plain",
    "Partial Mode": "Finalize",
    "Parallel Aware": false,
    "Startup Cost": 119857.47,
    "Total Cost": 119857.48,
    "Plan Rows": 1,
    "Plan Width": 8,
    "Actual Startup Time": 772.633,
    "Actual Total Time": 792.768,
    "Actual Rows": 1,
    "Actual Loops": 1,
    "Plans": [
      {
        "Node Type": "Gather",
        "Parent Relationship": "Outer",
        "Parallel Aware": false,
        "Startup Cost": 119857.36,
        "Total Cost": 119857.47,
        "Plan Rows": 1,
        "Plan Width": 8,
        "Actual Startup Time": 767.922,
        "Actual Total Time": 792.76,
        "Actual Rows": 2,
        "Actual Loops": 1,
        "Workers Planned": 1,
        "Workers Launched": 1,
        "Single Copy": false,
        "Plans": [
          {
            "Node Type": "Aggregate",
            "Strategy": "Plain",
            "Partial Mode": "Partial",
            "Parent Relationship": "Outer",
            "Parallel Aware": false,
            "Startup Cost": 118857.36,
            "Total Cost": 118857.37,
            "Plan Rows": 1,
            "Plan Width": 8,
            "Actual Startup Time": 755.177,
            "Actual Total Time": 755.181,
            "Actual Rows": 1,
            "Actual Loops": 2,
            "Plans": [
              {
                "Node Type": "Hash Join",
                "Parent Relationship": "Outer",
                "Parallel Aware": true,
                "Join Type": "Inner",
                "Startup Cost": 86214.47,
                "Total Cost": 117695.81,
                "Plan Rows": 464618,
                "Plan Width": 0,
                "Actual Startup Time": 560.573,
                "Actual Total Time": 736.977,
                "Actual Rows": 391342,
                "Actual Loops": 2,
                "Inner Unique": true,
                "Hash Cond": "(mk.movie_id = t.id)",
                "Plans": [
                  {
                    "Node Type": "Bitmap Heap Scan",
                    "Parent Relationship": "Outer",
                    "Parallel Aware": true,
                    "Relation Name": "movie_keyword",
                    "Alias": "mk",
                    "Startup Cost": 16753.77,
                    "Total Cost": 47015.49,
                    "Plan Rows": 464618,
                    "Plan Width": 4,
                    "Actual Startup Time": 44.584,
                    "Actual Total Time": 125.767,
                    "Actual Rows": 391342,
                    "Actual Loops": 2,
                    "Recheck Cond": "(keyword_id > 24079)",
                    "Rows Removed by Index Recheck": 0,
                    "Exact Heap Blocks": 12827,
                    "Lossy Heap Blocks": 0,
                    "Plans": [
                      {
                        "Node Type": "Bitmap Index Scan",
                        "Parent Relationship": "Outer",
                        "Parallel Aware": false,
                        "Index Name": "keyword_id_movie_keyword",
                        "Startup Cost": 0.0,
                        "Total Cost": 16556.31,
                        "Plan Rows": 789850,
                        "Plan Width": 0,
                        "Actual Startup Time": 41.08,
                        "Actual Total Time": 41.081,
                        "Actual Rows": 782683,
                        "Actual Loops": 1,
                        "Index Cond": "(keyword_id > 24079)"
                      }
                    ]
                  },
                  {
                    "Node Type": "Hash",
                    "Parent Relationship": "Inner",
                    "Parallel Aware": true,
                    "Startup Cost": 50870.31,
                    "Total Cost": 50870.31,
                    "Plan Rows": 1487231,
                    "Plan Width": 4,
                    "Actual Startup Time": 494.144,
                    "Actual Total Time": 494.145,
                    "Actual Rows": 1264156,
                    "Actual Loops": 2,
                    "Hash Buckets": 4194304,
                    "Original Hash Buckets": 4194304,
                    "Hash Batches": 1,
                    "Original Hash Batches": 1,
                    "Peak Memory Usage": 131712,
                    "Plans": [
                      {
                        "Node Type": "Seq Scan",
                        "Parent Relationship": "Outer",
                        "Parallel Aware": true,
                        "Relation Name": "title",
                        "Alias": "t",
                        "Startup Cost": 0.0,
                        "Total Cost": 50870.31,
                        "Plan Rows": 1487231,
                        "Plan Width": 4,
                        "Actual Startup Time": 0.025,
                        "Actual Total Time": 150.611,
                        "Actual Rows": 1264156,
                        "Actual Loops": 2
                      }
                    ]
                  }
                ]
              }
            ]
          }
        ]
      }
    ]
  },
  "Planning Time": 0.709,
  "Triggers": [],
  "Execution Time": 792.857
}