{
  "Plan": {
    "Node Type": "Aggregate",
    "Strategy": "Plain",
    "Partial Mode": "Finalize",
    "Parallel Aware": false,
    "Startup Cost": 331763.36,
    "Total Cost": 331763.37,
    "Plan Rows": 1,
    "Plan Width": 8,
    "Actual Startup Time": 1392.845,
    "Actual Total Time": 1445.51,
    "Actual Rows": 1,
    "Actual Loops": 1,
    "Plans": [
      {
        "Node Type": "Gather",
        "Parent Relationship": "Outer",
        "Parallel Aware": false,
        "Startup Cost": 331763.25,
        "Total Cost": 331763.36,
        "Plan Rows": 1,
        "Plan Width": 8,
        "Actual Startup Time": 1392.661,
        "Actual Total Time": 1445.5,
        "Actual Rows": 2,
        "Actual Loops": 1,
        "Workers Planned": 1,
        "Workers Launched": 1,
        "Single Copy": false,
        "Plans": [
          {
            "Node Type": "Aggregate",
            "Strategy": "Plain",
            "Partial Mode": "Partial",
            "Parent Relationship": "Outer",
            "Parallel Aware": false,
            "Startup Cost": 330763.25,
            "Total Cost": 330763.26,
            "Plan Rows": 1,
            "Plan Width": 8,
            "Actual Startup Time": 1389.797,
            "Actual Total Time": 1389.8,
            "Actual Rows": 1,
            "Actual Loops": 2,
            "Plans": [
              {
                "Node Type": "Hash Join",
                "Parent Relationship": "Outer",
                "Parallel Aware": true,
                "Join Type": "Inner",
                "Startup Cost": 58616.82,
                "Total Cost": 330400.31,
                "Plan Rows": 145178,
                "Plan Width": 0,
                "Actual Startup Time": 133.819,
                "Actual Total Time": 1388.334,
                "Actual Rows": 30677,
                "Actual Loops": 2,
                "Inner Unique": true,
                "Hash Cond": "(mi.movie_id = t.id)",
                "Plans": [
                  {
                    "Node Type": "Seq Scan",
                    "Parent Relationship": "Outer",
                    "Parallel Aware": true,
                    "Relation Name": "movie_info",
                    "Alias": "mi",
                    "Startup Cost": 0.0,
                    "Total Cost": 248955.74,
                    "Plan Rows": 8696274,
                    "Plan Width": 4,
                    "Actual Startup Time": 0.008,
                    "Actual Total Time": 611.787,
                    "Actual Rows": 7417860,
                    "Actual Loops": 2
                  },
                  {
                    "Node Type": "Hash",
                    "Parent Relationship": "Inner",
                    "Parallel Aware": true,
                    "Startup Cost": 58306.47,
                    "Total Cost": 58306.47,
                    "Plan Rows": 24828,
                    "Plan Width": 4,
                    "Actual Startup Time": 131.93,
                    "Actual Total Time": 131.931,
                    "Actual Rows": 20204,
                    "Actual Loops": 2,
                    "Hash Buckets": 65536,
                    "Original Hash Buckets": 65536,
                    "Hash Batches": 1,
                    "Original Hash Batches": 1,
                    "Peak Memory Usage": 2144,
                    "Plans": [
                      {
                        "Node Type": "Seq Scan",
                        "Parent Relationship": "Outer",
                        "Parallel Aware": true,
                        "Relation Name": "title",
                        "Alias": "t",
                        "Startup Cost": 0.0,
                        "Total Cost": 58306.47,
                        "Plan Rows": 24828,
                        "Plan Width": 4,
                        "Actual Startup Time": 0.032,
                        "Actual Total Time": 126.429,
                        "Actual Rows": 20204,
                        "Actual Loops": 2,
                        "Filter": "((kind_id > 4) AND (production_year > 2012))",
                        "Rows Removed by Filter": 1243952
                      }
                    ]
                  }
                ]
              }
            ]
          }
        ]
      }
    ]
  },
  "Planning Time": 0.233,
  "Triggers": [],
  "Execution Time": 1445.568
}