[
    {
        "Bao": {
            "Bao prediction": "NaN",
            "Bao recommended hint": "(no hint)"
        }
    },
    {
        "Plan": {
            "Node Type": "Aggregate",
            "Strategy": "Plain",
            "Partial Mode": "Finalize",
            "Parallel Aware": false,
            "Startup Cost": 33455.56,
            "Total Cost": 33455.57,
            "Plan Rows": 1,
            "Plan Width": 8,
            "Actual Startup Time": 103.403,
            "Actual Total Time": 109.011,
            "Actual Rows": 1,
            "Actual Loops": 1,
            "Output": [
                "count(*)"
            ],
            "Plans": [
                {
                    "Node Type": "Gather",
                    "Parent Relationship": "Outer",
                    "Parallel Aware": false,
                    "Startup Cost": 33455.25,
                    "Total Cost": 33455.56,
                    "Plan Rows": 3,
                    "Plan Width": 8,
                    "Actual Startup Time": 103.295,
                    "Actual Total Time": 109.004,
                    "Actual Rows": 4,
                    "Actual Loops": 1,
                    "Output": [
                        "(PARTIAL count(*))"
                    ],
                    "Workers Planned": 3,
                    "Workers Launched": 3,
                    "Single Copy": false,
                    "Plans": [
                        {
                            "Node Type": "Aggregate",
                            "Strategy": "Plain",
                            "Partial Mode": "Partial",
                            "Parent Relationship": "Outer",
                            "Parallel Aware": false,
                            "Startup Cost": 32455.25,
                            "Total Cost": 32455.26,
                            "Plan Rows": 1,
                            "Plan Width": 8,
                            "Actual Startup Time": 94.794,
                            "Actual Total Time": 94.796,
                            "Actual Rows": 1,
                            "Actual Loops": 4,
                            "Output": [
                                "PARTIAL count(*)"
                            ],
                            "Workers": [
                                {
                                    "Worker Number": 0,
                                    "Actual Startup Time": 91.644,
                                    "Actual Total Time": 91.645,
                                    "Actual Rows": 1,
                                    "Actual Loops": 1
                                },
                                {
                                    "Worker Number": 1,
                                    "Actual Startup Time": 92.166,
                                    "Actual Total Time": 92.167,
                                    "Actual Rows": 1,
                                    "Actual Loops": 1
                                },
                                {
                                    "Worker Number": 2,
                                    "Actual Startup Time": 92.395,
                                    "Actual Total Time": 92.396,
                                    "Actual Rows": 1,
                                    "Actual Loops": 1
                                }
                            ],
                            "Plans": [
                                {
                                    "Node Type": "Seq Scan",
                                    "Parent Relationship": "Outer",
                                    "Parallel Aware": true,
                                    "Relation Name": "movie_companies",
                                    "Schema": "public",
                                    "Alias": "mc",
                                    "Startup Cost": 0.0,
                                    "Total Cost": 31414.82,
                                    "Plan Rows": 416171,
                                    "Plan Width": 0,
                                    "Actual Startup Time": 42.55,
                                    "Actual Total Time": 80.959,
                                    "Actual Rows": 313594,
                                    "Actual Loops": 4,
                                    "Output": [
                                        "id",
                                        "movie_id",
                                        "company_id",
                                        "company_type_id",
                                        "note"
                                    ],
                                    "Filter": "((mc.company_id < 169725) AND (mc.company_type_id > 1))",
                                    "Rows Removed by Filter": 338688,
                                    "Workers": [
                                        {
                                            "Worker Number": 0,
                                            "Actual Startup Time": 39.379,
                                            "Actual Total Time": 78.118,
                                            "Actual Rows": 207543,
                                            "Actual Loops": 1
                                        },
                                        {
                                            "Worker Number": 1,
                                            "Actual Startup Time": 39.926,
                                            "Actual Total Time": 78.707,
                                            "Actual Rows": 334284,
                                            "Actual Loops": 1
                                        },
                                        {
                                            "Worker Number": 2,
                                            "Actual Startup Time": 40.166,
                                            "Actual Total Time": 78.93,
                                            "Actual Rows": 333789,
                                            "Actual Loops": 1
                                        }
                                    ]
                                }
                            ]
                        }
                    ]
                }
            ]
        },
        "Planning Time": 216.887,
        "Triggers": [],
        "Execution Time": 109.063
    }
]