[
  {
    "Plan": {
      "Node Type": "Aggregate",
      "Strategy": "Plain",
      "Partial Mode": "Finalize",
      "Parallel Aware": false,
      "Startup Cost": 335450.36,
      "Total Cost": 335450.37,
      "Plan Rows": 1,
      "Plan Width": 8,
      "Actual Startup Time": 749.16,
      "Actual Total Time": 811.235,
      "Actual Rows": 1,
      "Actual Loops": 1,
      "Plans": [
        {
          "Node Type": "Gather",
          "Parent Relationship": "Outer",
          "Parallel Aware": false,
          "Startup Cost": 335449.73,
          "Total Cost": 335450.34,
          "Plan Rows": 6,
          "Plan Width": 8,
          "Actual Startup Time": 748.957,
          "Actual Total Time": 811.222,
          "Actual Rows": 7,
          "Actual Loops": 1,
          "Workers Planned": 6,
          "Workers Launched": 6,
          "Single Copy": false,
          "Plans": [
            {
              "Node Type": "Aggregate",
              "Strategy": "Plain",
              "Partial Mode": "Partial",
              "Parent Relationship": "Outer",
              "Parallel Aware": false,
              "Startup Cost": 334449.73,
              "Total Cost": 334449.74,
              "Plan Rows": 1,
              "Plan Width": 8,
              "Actual Startup Time": 741.296,
              "Actual Total Time": 741.297,
              "Actual Rows": 1,
              "Actual Loops": 7,
              "Plans": [
                {
                  "Node Type": "Seq Scan",
                  "Parent Relationship": "Outer",
                  "Parallel Aware": true,
                  "Relation Name": "cast_info",
                  "Alias": "ci",
                  "Startup Cost": 0.0,
                  "Total Cost": 328211.39,
                  "Plan Rows": 2495336,
                  "Plan Width": 0,
                  "Actual Startup Time": 255.37,
                  "Actual Total Time": 640.178,
                  "Actual Rows": 2100291,
                  "Actual Loops": 7,
                  "Filter": "(person_id > 2184991)",
                  "Rows Removed by Filter": 3077473
                }
              ]
            }
          ]
        }
      ]
    },
    "Planning Time": 0.209,
    "Triggers": [],
    "Execution Time": 811.31
  }
]