[
  {
    "Plan": {
      "Node Type": "Aggregate",
      "Strategy": "Plain",
      "Partial Mode": "Finalize",
      "Parallel Aware": false,
      "Startup Cost": 349180.07,
      "Total Cost": 349180.08,
      "Plan Rows": 1,
      "Plan Width": 8,
      "Actual Startup Time": 810.742,
      "Actual Total Time": 870.765,
      "Actual Rows": 1,
      "Actual Loops": 1,
      "Plans": [
        {
          "Node Type": "Gather",
          "Parent Relationship": "Outer",
          "Parallel Aware": false,
          "Startup Cost": 349179.45,
          "Total Cost": 349180.05,
          "Plan Rows": 6,
          "Plan Width": 8,
          "Actual Startup Time": 810.532,
          "Actual Total Time": 870.75,
          "Actual Rows": 7,
          "Actual Loops": 1,
          "Workers Planned": 6,
          "Workers Launched": 6,
          "Single Copy": false,
          "Plans": [
            {
              "Node Type": "Aggregate",
              "Strategy": "Plain",
              "Partial Mode": "Partial",
              "Parent Relationship": "Outer",
              "Parallel Aware": false,
              "Startup Cost": 348179.45,
              "Total Cost": 348179.46,
              "Plan Rows": 1,
              "Plan Width": 8,
              "Actual Startup Time": 802.507,
              "Actual Total Time": 802.508,
              "Actual Rows": 1,
              "Actual Loops": 7,
              "Plans": [
                {
                  "Node Type": "Seq Scan",
                  "Parent Relationship": "Outer",
                  "Parallel Aware": true,
                  "Relation Name": "cast_info",
                  "Alias": "ci",
                  "Startup Cost": 0.0,
                  "Total Cost": 343316.27,
                  "Plan Rows": 1945270,
                  "Plan Width": 0,
                  "Actual Startup Time": 0.058,
                  "Actual Total Time": 702.56,
                  "Actual Rows": 1935378,
                  "Actual Loops": 7,
                  "Filter": "((person_id < 1514840) AND (role_id < 6))",
                  "Rows Removed by Filter": 3242385
                }
              ]
            }
          ]
        }
      ]
    },
    "Planning Time": 0.227,
    "Triggers": [],
    "Execution Time": 870.835
  }
]