[
    {
        "Bao": {
            "Bao prediction": "NaN",
            "Bao recommended hint": "(no hint)"
        }
    },
    {
        "Plan": {
            "Node Type": "Aggregate",
            "Strategy": "Plain",
            "Partial Mode": "Finalize",
            "Parallel Aware": false,
            "Startup Cost": 245465.52,
            "Total Cost": 245465.53,
            "Plan Rows": 1,
            "Plan Width": 8,
            "Actual Startup Time": 873.788,
            "Actual Total Time": 906.562,
            "Actual Rows": 1,
            "Actual Loops": 1,
            "Output": [
                "count(*)"
            ],
            "Plans": [
                {
                    "Node Type": "Gather",
                    "Parent Relationship": "Outer",
                    "Parallel Aware": false,
                    "Startup Cost": 245464.99,
                    "Total Cost": 245465.5,
                    "Plan Rows": 5,
                    "Plan Width": 8,
                    "Actual Startup Time": 873.07,
                    "Actual Total Time": 906.536,
                    "Actual Rows": 6,
                    "Actual Loops": 1,
                    "Output": [
                        "(PARTIAL count(*))"
                    ],
                    "Workers Planned": 5,
                    "Workers Launched": 5,
                    "Single Copy": false,
                    "Plans": [
                        {
                            "Node Type": "Aggregate",
                            "Strategy": "Plain",
                            "Partial Mode": "Partial",
                            "Parent Relationship": "Outer",
                            "Parallel Aware": false,
                            "Startup Cost": 244464.99,
                            "Total Cost": 244465.0,
                            "Plan Rows": 1,
                            "Plan Width": 8,
                            "Actual Startup Time": 862.269,
                            "Actual Total Time": 862.275,
                            "Actual Rows": 1,
                            "Actual Loops": 6,
                            "Output": [
                                "PARTIAL count(*)"
                            ],
                            "Workers": [
                                {
                                    "Worker Number": 0,
                                    "Actual Startup Time": 858.872,
                                    "Actual Total Time": 858.876,
                                    "Actual Rows": 1,
                                    "Actual Loops": 1
                                },
                                {
                                    "Worker Number": 1,
                                    "Actual Startup Time": 859.841,
                                    "Actual Total Time": 859.844,
                                    "Actual Rows": 1,
                                    "Actual Loops": 1
                                },
                                {
                                    "Worker Number": 2,
                                    "Actual Startup Time": 860.061,
                                    "Actual Total Time": 860.064,
                                    "Actual Rows": 1,
                                    "Actual Loops": 1
                                },
                                {
                                    "Worker Number": 3,
                                    "Actual Startup Time": 861.294,
                                    "Actual Total Time": 861.297,
                                    "Actual Rows": 1,
                                    "Actual Loops": 1
                                },
                                {
                                    "Worker Number": 4,
                                    "Actual Startup Time": 860.887,
                                    "Actual Total Time": 860.899,
                                    "Actual Rows": 1,
                                    "Actual Loops": 1
                                }
                            ],
                            "Plans": [
                                {
                                    "Node Type": "Hash Join",
                                    "Parent Relationship": "Outer",
                                    "Parallel Aware": true,
                                    "Join Type": "Inner",
                                    "Startup Cost": 38166.08,
                                    "Total Cost": 244337.31,
                                    "Plan Rows": 51075,
                                    "Plan Width": 0,
                                    "Actual Startup Time": 61.055,
                                    "Actual Total Time": 856.767,
                                    "Actual Rows": 73292,
                                    "Actual Loops": 6,
                                    "Inner Unique": true,
                                    "Hash Cond": "(mi.movie_id = t.id)",
                                    "Workers": [
                                        {
                                            "Worker Number": 0,
                                            "Actual Startup Time": 57.57,
                                            "Actual Total Time": 853.678,
                                            "Actual Rows": 68574,
                                            "Actual Loops": 1
                                        },
                                        {
                                            "Worker Number": 1,
                                            "Actual Startup Time": 58.689,
                                            "Actual Total Time": 854.287,
                                            "Actual Rows": 72302,
                                            "Actual Loops": 1
                                        },
                                        {
                                            "Worker Number": 2,
                                            "Actual Startup Time": 58.805,
                                            "Actual Total Time": 854.673,
                                            "Actual Rows": 67208,
                                            "Actual Loops": 1
                                        },
                                        {
                                            "Worker Number": 3,
                                            "Actual Startup Time": 60.363,
                                            "Actual Total Time": 855.736,
                                            "Actual Rows": 70706,
                                            "Actual Loops": 1
                                        },
                                        {
                                            "Worker Number": 4,
                                            "Actual Startup Time": 59.527,
                                            "Actual Total Time": 855.557,
                                            "Actual Rows": 69598,
                                            "Actual Loops": 1
                                        }
                                    ],
                                    "Plans": [
                                        {
                                            "Node Type": "Seq Scan",
                                            "Parent Relationship": "Outer",
                                            "Parallel Aware": true,
                                            "Relation Name": "movie_info",
                                            "Schema": "public",
                                            "Alias": "mi",
                                            "Startup Cost": 0.0,
                                            "Total Cost": 198880.74,
                                            "Plan Rows": 2777326,
                                            "Plan Width": 4,
                                            "Actual Startup Time": 0.079,
                                            "Actual Total Time": 462.178,
                                            "Actual Rows": 2327249,
                                            "Actual Loops": 6,
                                            "Output": [
                                                "mi.id",
                                                "mi.movie_id",
                                                "mi.info_type_id",
                                                "mi.info",
                                                "mi.note"
                                            ],
                                            "Filter": "(mi.info_type_id < 98)",
                                            "Rows Removed by Filter": 145371,
                                            "Workers": [
                                                {
                                                    "Worker Number": 0,
                                                    "Actual Startup Time": 0.045,
                                                    "Actual Total Time": 467.813,
                                                    "Actual Rows": 2184201,
                                                    "Actual Loops": 1
                                                },
                                                {
                                                    "Worker Number": 1,
                                                    "Actual Startup Time": 0.165,
                                                    "Actual Total Time": 463.655,
                                                    "Actual Rows": 2229970,
                                                    "Actual Loops": 1
                                                },
                                                {
                                                    "Worker Number": 2,
                                                    "Actual Startup Time": 0.047,
                                                    "Actual Total Time": 463.447,
                                                    "Actual Rows": 2165937,
                                                    "Actual Loops": 1
                                                },
                                                {
                                                    "Worker Number": 3,
                                                    "Actual Startup Time": 0.161,
                                                    "Actual Total Time": 463.195,
                                                    "Actual Rows": 2234027,
                                                    "Actual Loops": 1
                                                },
                                                {
                                                    "Worker Number": 4,
                                                    "Actual Startup Time": 0.047,
                                                    "Actual Total Time": 465.394,
                                                    "Actual Rows": 2245900,
                                                    "Actual Loops": 1
                                                }
                                            ]
                                        },
                                        {
                                            "Node Type": "Hash",
                                            "Parent Relationship": "Inner",
                                            "Parallel Aware": true,
                                            "Startup Cost": 38020.78,
                                            "Total Cost": 38020.78,
                                            "Plan Rows": 11624,
                                            "Plan Width": 4,
                                            "Actual Startup Time": 59.319,
                                            "Actual Total Time": 59.321,
                                            "Actual Rows": 8307,
                                            "Actual Loops": 6,
                                            "Output": [
                                                "t.id"
                                            ],
                                            "Hash Buckets": 65536,
                                            "Original Hash Buckets": 65536,
                                            "Hash Batches": 1,
                                            "Original Hash Batches": 1,
                                            "Peak Memory Usage": 2560,
                                            "Workers": [
                                                {
                                                    "Worker Number": 0,
                                                    "Actual Startup Time": 55.971,
                                                    "Actual Total Time": 55.972,
                                                    "Actual Rows": 5971,
                                                    "Actual Loops": 1
                                                },
                                                {
                                                    "Worker Number": 1,
                                                    "Actual Startup Time": 56.924,
                                                    "Actual Total Time": 56.925,
                                                    "Actual Rows": 5537,
                                                    "Actual Loops": 1
                                                },
                                                {
                                                    "Worker Number": 2,
                                                    "Actual Startup Time": 57.192,
                                                    "Actual Total Time": 57.194,
                                                    "Actual Rows": 5943,
                                                    "Actual Loops": 1
                                                },
                                                {
                                                    "Worker Number": 3,
                                                    "Actual Startup Time": 58.512,
                                                    "Actual Total Time": 58.514,
                                                    "Actual Rows": 5442,
                                                    "Actual Loops": 1
                                                },
                                                {
                                                    "Worker Number": 4,
                                                    "Actual Startup Time": 57.937,
                                                    "Actual Total Time": 57.938,
                                                    "Actual Rows": 5731,
                                                    "Actual Loops": 1
                                                }
                                            ],
                                            "Plans": [
                                                {
                                                    "Node Type": "Bitmap Heap Scan",
                                                    "Parent Relationship": "Outer",
                                                    "Parallel Aware": true,
                                                    "Relation Name": "title",
                                                    "Schema": "public",
                                                    "Alias": "t",
                                                    "Startup Cost": 1673.87,
                                                    "Total Cost": 38020.78,
                                                    "Plan Rows": 11624,
                                                    "Plan Width": 4,
                                                    "Actual Startup Time": 6.117,
                                                    "Actual Total Time": 53.952,
                                                    "Actual Rows": 8307,
                                                    "Actual Loops": 6,
                                                    "Output": [
                                                        "t.id"
                                                    ],
                                                    "Recheck Cond": "(t.kind_id = 2)",
                                                    "Rows Removed by Index Recheck": 0,
                                                    "Filter": "(t.production_year < 2004)",
                                                    "Rows Removed by Filter": 6835,
                                                    "Exact Heap Blocks": 10211,
                                                    "Lossy Heap Blocks": 0,
                                                    "Workers": [
                                                        {
                                                            "Worker Number": 0,
                                                            "Actual Startup Time": 2.987,
                                                            "Actual Total Time": 50.514,
                                                            "Actual Rows": 5971,
                                                            "Actual Loops": 1
                                                        },
                                                        {
                                                            "Worker Number": 1,
                                                            "Actual Startup Time": 3.877,
                                                            "Actual Total Time": 52.998,
                                                            "Actual Rows": 5537,
                                                            "Actual Loops": 1
                                                        },
                                                        {
                                                            "Worker Number": 2,
                                                            "Actual Startup Time": 4.016,
                                                            "Actual Total Time": 52.679,
                                                            "Actual Rows": 5943,
                                                            "Actual Loops": 1
                                                        },
                                                        {
                                                            "Worker Number": 3,
                                                            "Actual Startup Time": 5.143,
                                                            "Actual Total Time": 53.202,
                                                            "Actual Rows": 5442,
                                                            "Actual Loops": 1
                                                        },
                                                        {
                                                            "Worker Number": 4,
                                                            "Actual Startup Time": 4.727,
                                                            "Actual Total Time": 52.626,
                                                            "Actual Rows": 5731,
                                                            "Actual Loops": 1
                                                        }
                                                    ],
                                                    "Plans": [
                                                        {
                                                            "Node Type": "Bitmap Index Scan",
                                                            "Parent Relationship": "Outer",
                                                            "Parallel Aware": false,
                                                            "Index Name": "kind_id_title",
                                                            "Startup Cost": 0.0,
                                                            "Total Cost": 1662.25,
                                                            "Plan Rows": 93042,
                                                            "Plan Width": 0,
                                                            "Actual Startup Time": 10.383,
                                                            "Actual Total Time": 10.384,
                                                            "Actual Rows": 90852,
                                                            "Actual Loops": 1,
                                                            "Index Cond": "(t.kind_id = 2)"
                                                        }
                                                    ]
                                                }
                                            ]
                                        }
                                    ]
                                }
                            ]
                        }
                    ]
                }
            ]
        },
        "Planning Time": 287.189,
        "Triggers": [],
        "Execution Time": 906.651
    }
]