[
  {
    "Plan": {
      "Node Type": "Aggregate",
      "Strategy": "Plain",
      "Partial Mode": "Finalize",
      "Parallel Aware": false,
      "Startup Cost": 69607.07,
      "Total Cost": 69607.08,
      "Plan Rows": 1,
      "Plan Width": 8,
      "Actual Startup Time": 163.025,
      "Actual Total Time": 174.346,
      "Actual Rows": 1,
      "Actual Loops": 1,
      "Plans": [
        {
          "Node Type": "Gather",
          "Parent Relationship": "Outer",
          "Parallel Aware": false,
          "Startup Cost": 69606.75,
          "Total Cost": 69607.06,
          "Plan Rows": 3,
          "Plan Width": 8,
          "Actual Startup Time": 162.185,
          "Actual Total Time": 174.338,
          "Actual Rows": 4,
          "Actual Loops": 1,
          "Workers Planned": 3,
          "Workers Launched": 3,
          "Single Copy": false,
          "Plans": [
            {
              "Node Type": "Aggregate",
              "Strategy": "Plain",
              "Partial Mode": "Partial",
              "Parent Relationship": "Outer",
              "Parallel Aware": false,
              "Startup Cost": 68606.75,
              "Total Cost": 68606.76,
              "Plan Rows": 1,
              "Plan Width": 8,
              "Actual Startup Time": 157.142,
              "Actual Total Time": 157.145,
              "Actual Rows": 1,
              "Actual Loops": 4,
              "Plans": [
                {
                  "Node Type": "Hash Join",
                  "Parent Relationship": "Outer",
                  "Parallel Aware": true,
                  "Join Type": "Inner",
                  "Startup Cost": 38402.84,
                  "Total Cost": 68576.42,
                  "Plan Rows": 12133,
                  "Plan Width": 0,
                  "Actual Startup Time": 75.979,
                  "Actual Total Time": 155.589,
                  "Actual Rows": 30838,
                  "Actual Loops": 4,
                  "Inner Unique": true,
                  "Hash Cond": "(mc.movie_id = t.id)",
                  "Plans": [
                    {
                      "Node Type": "Seq Scan",
                      "Parent Relationship": "Outer",
                      "Parallel Aware": true,
                      "Relation Name": "movie_companies",
                      "Alias": "mc",
                      "Startup Cost": 0.0,
                      "Total Cost": 29310.68,
                      "Plan Rows": 328723,
                      "Plan Width": 4,
                      "Actual Startup Time": 0.01,
                      "Actual Total Time": 69.373,
                      "Actual Rows": 255513,
                      "Actual Loops": 4,
                      "Filter": "(company_id < 5427)",
                      "Rows Removed by Filter": 396770
                    },
                    {
                      "Node Type": "Hash",
                      "Parent Relationship": "Inner",
                      "Parallel Aware": true,
                      "Startup Cost": 38111.2,
                      "Total Cost": 38111.2,
                      "Plan Rows": 23331,
                      "Plan Width": 4,
                      "Actual Startup Time": 48.509,
                      "Actual Total Time": 48.51,
                      "Actual Rows": 25114,
                      "Actual Loops": 4,
                      "Hash Buckets": 131072,
                      "Original Hash Buckets": 131072,
                      "Hash Batches": 1,
                      "Original Hash Batches": 1,
                      "Peak Memory Usage": 5024,
                      "Plans": [
                        {
                          "Node Type": "Bitmap Heap Scan",
                          "Parent Relationship": "Outer",
                          "Parallel Aware": true,
                          "Relation Name": "title",
                          "Alias": "t",
                          "Startup Cost": 1750.05,
                          "Total Cost": 38111.2,
                          "Plan Rows": 23331,
                          "Plan Width": 4,
                          "Actual Startup Time": 6.703,
                          "Actual Total Time": 38.35,
                          "Actual Rows": 25114,
                          "Actual Loops": 4,
                          "Recheck Cond": "(kind_id = 3)",
                          "Rows Removed by Index Recheck": 0,
                          "Filter": "(production_year > 1907)",
                          "Rows Removed by Filter": 20,
                          "Exact Heap Blocks": 5770,
                          "Lossy Heap Blocks": 0,
                          "Plans": [
                            {
                              "Node Type": "Bitmap Index Scan",
                              "Parent Relationship": "Outer",
                              "Parallel Aware": false,
                              "Index Name": "kind_id_title",
                              "Startup Cost": 0.0,
                              "Total Cost": 1726.72,
                              "Plan Rows": 96839,
                              "Plan Width": 0,
                              "Actual Startup Time": 7.304,
                              "Actual Total Time": 7.304,
                              "Actual Rows": 100537,
                              "Actual Loops": 1,
                              "Index Cond": "(kind_id = 3)"
                            }
                          ]
                        }
                      ]
                    }
                  ]
                }
              ]
            }
          ]
        }
      ]
    },
    "Planning Time": 0.419,
    "Triggers": [],
    "Execution Time": 174.393
  }
]