[
  {
    "Plan": {
      "Node Type": "Aggregate",
      "Strategy": "Plain",
      "Partial Mode": "Finalize",
      "Parallel Aware": false,
      "Startup Cost": 69746.99,
      "Total Cost": 69747.0,
      "Plan Rows": 1,
      "Plan Width": 8,
      "Actual Startup Time": 165.305,
      "Actual Total Time": 175.996,
      "Actual Rows": 1,
      "Actual Loops": 1,
      "Plans": [
        {
          "Node Type": "Gather",
          "Parent Relationship": "Outer",
          "Parallel Aware": false,
          "Startup Cost": 69746.67,
          "Total Cost": 69746.98,
          "Plan Rows": 3,
          "Plan Width": 8,
          "Actual Startup Time": 164.67,
          "Actual Total Time": 175.986,
          "Actual Rows": 4,
          "Actual Loops": 1,
          "Workers Planned": 3,
          "Workers Launched": 3,
          "Single Copy": false,
          "Plans": [
            {
              "Node Type": "Aggregate",
              "Strategy": "Plain",
              "Partial Mode": "Partial",
              "Parent Relationship": "Outer",
              "Parallel Aware": false,
              "Startup Cost": 68746.67,
              "Total Cost": 68746.68,
              "Plan Rows": 1,
              "Plan Width": 8,
              "Actual Startup Time": 157.539,
              "Actual Total Time": 157.543,
              "Actual Rows": 1,
              "Actual Loops": 4,
              "Plans": [
                {
                  "Node Type": "Hash Join",
                  "Parent Relationship": "Outer",
                  "Parallel Aware": true,
                  "Join Type": "Inner",
                  "Startup Cost": 38537.66,
                  "Total Cost": 68714.46,
                  "Plan Rows": 12883,
                  "Plan Width": 0,
                  "Actual Startup Time": 87.459,
                  "Actual Total Time": 156.179,
                  "Actual Rows": 30838,
                  "Actual Loops": 4,
                  "Inner Unique": true,
                  "Hash Cond": "(mc.movie_id = t.id)",
                  "Plans": [
                    {
                      "Node Type": "Seq Scan",
                      "Parent Relationship": "Outer",
                      "Parallel Aware": true,
                      "Relation Name": "movie_companies",
                      "Alias": "mc",
                      "Startup Cost": 0.0,
                      "Total Cost": 29310.68,
                      "Plan Rows": 329950,
                      "Plan Width": 4,
                      "Actual Startup Time": 0.017,
                      "Actual Total Time": 60.938,
                      "Actual Rows": 255513,
                      "Actual Loops": 4,
                      "Filter": "(company_id < 5427)",
                      "Rows Removed by Filter": 396770
                    },
                    {
                      "Node Type": "Hash",
                      "Parent Relationship": "Inner",
                      "Parallel Aware": true,
                      "Startup Cost": 38229.16,
                      "Total Cost": 38229.16,
                      "Plan Rows": 24680,
                      "Plan Width": 4,
                      "Actual Startup Time": 62.003,
                      "Actual Total Time": 62.004,
                      "Actual Rows": 25114,
                      "Actual Loops": 4,
                      "Hash Buckets": 131072,
                      "Original Hash Buckets": 131072,
                      "Hash Batches": 1,
                      "Original Hash Batches": 1,
                      "Peak Memory Usage": 5024,
                      "Plans": [
                        {
                          "Node Type": "Bitmap Heap Scan",
                          "Parent Relationship": "Outer",
                          "Parallel Aware": true,
                          "Relation Name": "title",
                          "Alias": "t",
                          "Startup Cost": 1847.81,
                          "Total Cost": 38229.16,
                          "Plan Rows": 24680,
                          "Plan Width": 4,
                          "Actual Startup Time": 15.391,
                          "Actual Total Time": 50.895,
                          "Actual Rows": 25114,
                          "Actual Loops": 4,
                          "Recheck Cond": "(kind_id = 3)",
                          "Rows Removed by Index Recheck": 0,
                          "Filter": "(production_year > 1907)",
                          "Rows Removed by Filter": 20,
                          "Exact Heap Blocks": 7396,
                          "Lossy Heap Blocks": 0,
                          "Plans": [
                            {
                              "Node Type": "Bitmap Index Scan",
                              "Parent Relationship": "Outer",
                              "Parallel Aware": false,
                              "Index Name": "kind_id_title",
                              "Startup Cost": 0.0,
                              "Total Cost": 1823.13,
                              "Plan Rows": 102227,
                              "Plan Width": 0,
                              "Actual Startup Time": 13.954,
                              "Actual Total Time": 13.955,
                              "Actual Rows": 100537,
                              "Actual Loops": 1,
                              "Index Cond": "(kind_id = 3)"
                            }
                          ]
                        }
                      ]
                    }
                  ]
                }
              ]
            }
          ]
        }
      ]
    },
    "Planning Time": 0.669,
    "Triggers": [],
    "Execution Time": 176.088
  }
]