[
  {
    "Plan": {
      "Node Type": "Aggregate",
      "Strategy": "Plain",
      "Partial Mode": "Finalize",
      "Parallel Aware": false,
      "Startup Cost": 44460.17,
      "Total Cost": 44460.18,
      "Plan Rows": 1,
      "Plan Width": 8,
      "Actual Startup Time": 140.028,
      "Actual Total Time": 150.238,
      "Actual Rows": 1,
      "Actual Loops": 1,
      "Plans": [
        {
          "Node Type": "Gather",
          "Parent Relationship": "Outer",
          "Parallel Aware": false,
          "Startup Cost": 44459.86,
          "Total Cost": 44460.17,
          "Plan Rows": 3,
          "Plan Width": 8,
          "Actual Startup Time": 139.919,
          "Actual Total Time": 150.229,
          "Actual Rows": 4,
          "Actual Loops": 1,
          "Workers Planned": 3,
          "Workers Launched": 3,
          "Single Copy": false,
          "Plans": [
            {
              "Node Type": "Aggregate",
              "Strategy": "Plain",
              "Partial Mode": "Partial",
              "Parent Relationship": "Outer",
              "Parallel Aware": false,
              "Startup Cost": 43459.86,
              "Total Cost": 43459.87,
              "Plan Rows": 1,
              "Plan Width": 8,
              "Actual Startup Time": 134.3,
              "Actual Total Time": 134.302,
              "Actual Rows": 1,
              "Actual Loops": 4,
              "Plans": [
                {
                  "Node Type": "Seq Scan",
                  "Parent Relationship": "Outer",
                  "Parallel Aware": true,
                  "Relation Name": "movie_keyword",
                  "Alias": "mk",
                  "Startup Cost": 0.0,
                  "Total Cost": 42695.65,
                  "Plan Rows": 305681,
                  "Plan Width": 0,
                  "Actual Startup Time": 2.396,
                  "Actual Total Time": 119.782,
                  "Actual Rows": 236913,
                  "Actual Loops": 4,
                  "Filter": "(keyword_id > 20017)",
                  "Rows Removed by Filter": 894070
                }
              ]
            }
          ]
        }
      ]
    },
    "Planning Time": 0.099,
    "Triggers": [],
    "Execution Time": 150.271
  }
]