{
  "Plan": {
    "Node Type": "Aggregate",
    "Strategy": "Plain",
    "Partial Mode": "Finalize",
    "Parallel Aware": false,
    "Startup Cost": 34004.01,
    "Total Cost": 34004.02,
    "Plan Rows": 1,
    "Plan Width": 8,
    "Actual Startup Time": 39.914,
    "Actual Total Time": 45.809,
    "Actual Rows": 1,
    "Actual Loops": 1,
    "Plans": [
      {
        "Node Type": "Gather",
        "Parent Relationship": "Outer",
        "Parallel Aware": false,
        "Startup Cost": 34003.9,
        "Total Cost": 34004.01,
        "Plan Rows": 1,
        "Plan Width": 8,
        "Actual Startup Time": 39.773,
        "Actual Total Time": 45.803,
        "Actual Rows": 2,
        "Actual Loops": 1,
        "Workers Planned": 1,
        "Workers Launched": 1,
        "Single Copy": false,
        "Plans": [
          {
            "Node Type": "Aggregate",
            "Strategy": "Plain",
            "Partial Mode": "Partial",
            "Parent Relationship": "Outer",
            "Parallel Aware": false,
            "Startup Cost": 33003.9,
            "Total Cost": 33003.91,
            "Plan Rows": 1,
            "Plan Width": 8,
            "Actual Startup Time": 33.935,
            "Actual Total Time": 33.937,
            "Actual Rows": 1,
            "Actual Loops": 2,
            "Plans": [
              {
                "Node Type": "Nested Loop",
                "Parent Relationship": "Outer",
                "Parallel Aware": false,
                "Join Type": "Inner",
                "Startup Cost": 106.26,
                "Total Cost": 32996.8,
                "Plan Rows": 2839,
                "Plan Width": 0,
                "Actual Startup Time": 2.395,
                "Actual Total Time": 33.571,
                "Actual Rows": 3006,
                "Actual Loops": 2,
                "Inner Unique": true,
                "Plans": [
                  {
                    "Node Type": "Bitmap Heap Scan",
                    "Parent Relationship": "Outer",
                    "Parallel Aware": true,
                    "Relation Name": "movie_keyword",
                    "Alias": "mk",
                    "Startup Cost": 105.83,
                    "Total Cost": 12127.48,
                    "Plan Rows": 2839,
                    "Plan Width": 4,
                    "Actual Startup Time": 2.227,
                    "Actual Total Time": 11.26,
                    "Actual Rows": 3006,
                    "Actual Loops": 2,
                    "Recheck Cond": "(keyword_id = 1732)",
                    "Rows Removed by Index Recheck": 0,
                    "Exact Heap Blocks": 4444,
                    "Lossy Heap Blocks": 0,
                    "Plans": [
                      {
                        "Node Type": "Bitmap Index Scan",
                        "Parent Relationship": "Outer",
                        "Parallel Aware": false,
                        "Index Name": "keyword_id_movie_keyword",
                        "Startup Cost": 0.0,
                        "Total Cost": 104.63,
                        "Plan Rows": 4826,
                        "Plan Width": 0,
                        "Actual Startup Time": 2.753,
                        "Actual Total Time": 2.753,
                        "Actual Rows": 6011,
                        "Actual Loops": 1,
                        "Index Cond": "(keyword_id = 1732)"
                      }
                    ]
                  },
                  {
                    "Node Type": "Index Only Scan",
                    "Parent Relationship": "Inner",
                    "Parallel Aware": false,
                    "Scan Direction": "Forward",
                    "Index Name": "title_pkey",
                    "Relation Name": "title",
                    "Alias": "t",
                    "Startup Cost": 0.43,
                    "Total Cost": 7.35,
                    "Plan Rows": 1,
                    "Plan Width": 4,
                    "Actual Startup Time": 0.007,
                    "Actual Total Time": 0.007,
                    "Actual Rows": 1,
                    "Actual Loops": 6011,
                    "Index Cond": "(id = mk.movie_id)",
                    "Rows Removed by Index Recheck": 0,
                    "Heap Fetches": 6011
                  }
                ]
              }
            ]
          }
        ]
      }
    ]
  },
  "Planning Time": 0.39,
  "Triggers": [],
  "Execution Time": 45.863
}