{
  "Plan": {
    "Node Type": "Aggregate",
    "Strategy": "Plain",
    "Partial Mode": "Finalize",
    "Parallel Aware": false,
    "Startup Cost": 58653.71,
    "Total Cost": 58653.72,
    "Plan Rows": 1,
    "Plan Width": 8,
    "Actual Startup Time": 142.656,
    "Actual Total Time": 155.002,
    "Actual Rows": 1,
    "Actual Loops": 1,
    "Plans": [
      {
        "Node Type": "Gather",
        "Parent Relationship": "Outer",
        "Parallel Aware": false,
        "Startup Cost": 58653.6,
        "Total Cost": 58653.71,
        "Plan Rows": 1,
        "Plan Width": 8,
        "Actual Startup Time": 142.539,
        "Actual Total Time": 154.994,
        "Actual Rows": 2,
        "Actual Loops": 1,
        "Workers Planned": 1,
        "Workers Launched": 1,
        "Single Copy": false,
        "Plans": [
          {
            "Node Type": "Aggregate",
            "Strategy": "Plain",
            "Partial Mode": "Partial",
            "Parent Relationship": "Outer",
            "Parallel Aware": false,
            "Startup Cost": 57653.6,
            "Total Cost": 57653.61,
            "Plan Rows": 1,
            "Plan Width": 8,
            "Actual Startup Time": 136.425,
            "Actual Total Time": 136.426,
            "Actual Rows": 1,
            "Actual Loops": 2,
            "Plans": [
              {
                "Node Type": "Nested Loop",
                "Parent Relationship": "Outer",
                "Parallel Aware": false,
                "Join Type": "Inner",
                "Startup Cost": 0.56,
                "Total Cost": 57652.88,
                "Plan Rows": 286,
                "Plan Width": 0,
                "Actual Startup Time": 93.278,
                "Actual Total Time": 136.386,
                "Actual Rows": 410,
                "Actual Loops": 2,
                "Inner Unique": false,
                "Plans": [
                  {
                    "Node Type": "Seq Scan",
                    "Parent Relationship": "Outer",
                    "Parallel Aware": true,
                    "Relation Name": "title",
                    "Alias": "t",
                    "Startup Cost": 0.0,
                    "Total Cost": 54588.39,
                    "Plan Rows": 20,
                    "Plan Width": 4,
                    "Actual Startup Time": 93.174,
                    "Actual Total Time": 133.431,
                    "Actual Rows": 122,
                    "Actual Loops": 2,
                    "Filter": "(production_year < 1896)",
                    "Rows Removed by Filter": 1264034
                  },
                  {
                    "Node Type": "Index Only Scan",
                    "Parent Relationship": "Inner",
                    "Parallel Aware": false,
                    "Scan Direction": "Forward",
                    "Index Name": "movie_id_cast_info",
                    "Relation Name": "cast_info",
                    "Alias": "ci",
                    "Startup Cost": 0.56,
                    "Total Cost": 152.85,
                    "Plan Rows": 37,
                    "Plan Width": 4,
                    "Actual Startup Time": 0.019,
                    "Actual Total Time": 0.023,
                    "Actual Rows": 3,
                    "Actual Loops": 245,
                    "Index Cond": "(movie_id = t.id)",
                    "Rows Removed by Index Recheck": 0,
                    "Heap Fetches": 820
                  }
                ]
              }
            ]
          }
        ]
      }
    ]
  },
  "Planning Time": 0.439,
  "Triggers": [],
  "Execution Time": 155.076
}