{
  "Plan": {
    "Node Type": "Aggregate",
    "Strategy": "Plain",
    "Partial Mode": "Finalize",
    "Parallel Aware": false,
    "Startup Cost": 353233.12,
    "Total Cost": 353233.13,
    "Plan Rows": 1,
    "Plan Width": 8,
    "Actual Startup Time": 3905.734,
    "Actual Total Time": 3979.523,
    "Actual Rows": 1,
    "Actual Loops": 1,
    "Plans": [
      {
        "Node Type": "Gather",
        "Parent Relationship": "Outer",
        "Parallel Aware": false,
        "Startup Cost": 353233.0,
        "Total Cost": 353233.11,
        "Plan Rows": 1,
        "Plan Width": 8,
        "Actual Startup Time": 3905.032,
        "Actual Total Time": 3979.515,
        "Actual Rows": 2,
        "Actual Loops": 1,
        "Workers Planned": 1,
        "Workers Launched": 1,
        "Single Copy": false,
        "Plans": [
          {
            "Node Type": "Aggregate",
            "Strategy": "Plain",
            "Partial Mode": "Partial",
            "Parent Relationship": "Outer",
            "Parallel Aware": false,
            "Startup Cost": 352233.0,
            "Total Cost": 352233.01,
            "Plan Rows": 1,
            "Plan Width": 8,
            "Actual Startup Time": 3898.783,
            "Actual Total Time": 3898.788,
            "Actual Rows": 1,
            "Actual Loops": 2,
            "Plans": [
              {
                "Node Type": "Nested Loop",
                "Parent Relationship": "Outer",
                "Parallel Aware": false,
                "Join Type": "Inner",
                "Startup Cost": 56078.51,
                "Total Cost": 351438.92,
                "Plan Rows": 317635,
                "Plan Width": 0,
                "Actual Startup Time": 184.172,
                "Actual Total Time": 3778.012,
                "Actual Rows": 2594004,
                "Actual Loops": 2,
                "Inner Unique": false,
                "Join Filter": "(t.id = ci.movie_id)",
                "Rows Removed by Join Filter": 0,
                "Plans": [
                  {
                    "Node Type": "Hash Join",
                    "Parent Relationship": "Outer",
                    "Parallel Aware": true,
                    "Join Type": "Inner",
                    "Startup Cost": 56077.95,
                    "Total Cost": 96035.96,
                    "Plan Rows": 94520,
                    "Plan Width": 8,
                    "Actual Startup Time": 183.88,
                    "Actual Total Time": 381.092,
                    "Actual Rows": 92193,
                    "Actual Loops": 2,
                    "Inner Unique": true,
                    "Hash Cond": "(mc.movie_id = t.id)",
                    "Plans": [
                      {
                        "Node Type": "Seq Scan",
                        "Parent Relationship": "Outer",
                        "Parallel Aware": true,
                        "Relation Name": "movie_companies",
                        "Alias": "mc",
                        "Startup Cost": 0.0,
                        "Total Cost": 37974.77,
                        "Plan Rows": 755522,
                        "Plan Width": 4,
                        "Actual Startup Time": 0.015,
                        "Actual Total Time": 119.09,
                        "Actual Rows": 637123,
                        "Actual Loops": 2,
                        "Filter": "(company_type_id = 1)",
                        "Rows Removed by Filter": 667442
                      },
                      {
                        "Node Type": "Hash",
                        "Parent Relationship": "Inner",
                        "Parallel Aware": true,
                        "Startup Cost": 53752.18,
                        "Total Cost": 53752.18,
                        "Plan Rows": 186061,
                        "Plan Width": 4,
                        "Actual Startup Time": 131.526,
                        "Actual Total Time": 131.528,
                        "Actual Rows": 122394,
                        "Actual Loops": 2,
                        "Hash Buckets": 524288,
                        "Original Hash Buckets": 524288,
                        "Hash Batches": 1,
                        "Original Hash Batches": 1,
                        "Peak Memory Usage": 13696,
                        "Plans": [
                          {
                            "Node Type": "Bitmap Heap Scan",
                            "Parent Relationship": "Outer",
                            "Parallel Aware": true,
                            "Relation Name": "title",
                            "Alias": "t",
                            "Startup Cost": 11901.93,
                            "Total Cost": 53752.18,
                            "Plan Rows": 186061,
                            "Plan Width": 4,
                            "Actual Startup Time": 35.438,
                            "Actual Total Time": 101.587,
                            "Actual Rows": 122394,
                            "Actual Loops": 2,
                            "Recheck Cond": "(kind_id < 2)",
                            "Rows Removed by Index Recheck": 0,
                            "Filter": "(production_year > 2003)",
                            "Rows Removed by Filter": 209018,
                            "Exact Heap Blocks": 8176,
                            "Lossy Heap Blocks": 0,
                            "Plans": [
                              {
                                "Node Type": "Bitmap Index Scan",
                                "Parent Relationship": "Outer",
                                "Parallel Aware": false,
                                "Index Name": "kind_id_title",
                                "Startup Cost": 0.0,
                                "Total Cost": 11822.85,
                                "Plan Rows": 663256,
                                "Plan Width": 0,
                                "Actual Startup Time": 33.906,
                                "Actual Total Time": 33.907,
                                "Actual Rows": 662825,
                                "Actual Loops": 1,
                                "Index Cond": "(kind_id < 2)"
                              }
                            ]
                          }
                        ]
                      }
                    ]
                  },
                  {
                    "Node Type": "Index Scan",
                    "Parent Relationship": "Inner",
                    "Parallel Aware": false,
                    "Scan Direction": "Forward",
                    "Index Name": "movie_id_cast_info",
                    "Relation Name": "cast_info",
                    "Alias": "ci",
                    "Startup Cost": 0.56,
                    "Total Cost": 2.59,
                    "Plan Rows": 9,
                    "Plan Width": 4,
                    "Actual Startup Time": 0.018,
                    "Actual Total Time": 0.034,
                    "Actual Rows": 28,
                    "Actual Loops": 184386,
                    "Index Cond": "(movie_id = mc.movie_id)",
                    "Rows Removed by Index Recheck": 0,
                    "Filter": "((person_id > 1732004) AND (role_id > 2))",
                    "Rows Removed by Filter": 40
                  }
                ]
              }
            ]
          }
        ]
      }
    ]
  },
  "Planning Time": 1.0,
  "Triggers": [],
  "Execution Time": 3979.647
}