{
  "Plan": {
    "Node Type": "Aggregate",
    "Strategy": "Plain",
    "Partial Mode": "Simple",
    "Parallel Aware": false,
    "Startup Cost": 2162236.3,
    "Total Cost": 2162236.31,
    "Plan Rows": 1,
    "Plan Width": 96,
    "Actual Startup Time": 2951.161,
    "Actual Total Time": 2951.445,
    "Actual Rows": 1,
    "Actual Loops": 1,
    "Plans": [
      {
        "Node Type": "Merge Join",
        "Parent Relationship": "Outer",
        "Parallel Aware": false,
        "Join Type": "Inner",
        "Startup Cost": 2162236.22,
        "Total Cost": 2162236.29,
        "Plan Rows": 1,
        "Plan Width": 48,
        "Actual Startup Time": 2951.138,
        "Actual Total Time": 2951.423,
        "Actual Rows": 2,
        "Actual Loops": 1,
        "Inner Unique": false,
        "Merge Cond": "(k.id = mk.keyword_id)",
        "Plans": [
          {
            "Node Type": "Sort",
            "Parent Relationship": "Outer",
            "Parallel Aware": false,
            "Startup Cost": 2626.14,
            "Total Cost": 2626.14,
            "Plan Rows": 1,
            "Plan Width": 20,
            "Actual Startup Time": 29.359,
            "Actual Total Time": 29.362,
            "Actual Rows": 1,
            "Actual Loops": 1,
            "Sort Key": [
              "k.id"
            ],
            "Sort Method": "quicksort",
            "Sort Space Used": 25,
            "Sort Space Type": "Memory",
            "Plans": [
              {
                "Node Type": "Seq Scan",
                "Parent Relationship": "Outer",
                "Parallel Aware": false,
                "Relation Name": "keyword",
                "Alias": "k",
                "Startup Cost": 0.0,
                "Total Cost": 2626.12,
                "Plan Rows": 1,
                "Plan Width": 20,
                "Actual Startup Time": 0.931,
                "Actual Total Time": 29.287,
                "Actual Rows": 1,
                "Actual Loops": 1,
                "Filter": "(keyword = 'marvel-cinematic-universe'::text)",
                "Rows Removed by Filter": 134169
              }
            ]
          },
          {
            "Node Type": "Sort",
            "Parent Relationship": "Inner",
            "Parallel Aware": false,
            "Startup Cost": 2159610.09,
            "Total Cost": 2159610.11,
            "Plan Rows": 11,
            "Plan Width": 36,
            "Actual Startup Time": 2921.768,
            "Actual Total Time": 2922.049,
            "Actual Rows": 17,
            "Actual Loops": 1,
            "Sort Key": [
              "mk.keyword_id"
            ],
            "Sort Method": "quicksort",
            "Sort Space Used": 26,
            "Sort Space Type": "Memory",
            "Plans": [
              {
                "Node Type": "Merge Join",
                "Parent Relationship": "Outer",
                "Parallel Aware": false,
                "Join Type": "Inner",
                "Startup Cost": 1971125.54,
                "Total Cost": 2159609.9,
                "Plan Rows": 11,
                "Plan Width": 36,
                "Actual Startup Time": 2921.672,
                "Actual Total Time": 2922.007,
                "Actual Rows": 18,
                "Actual Loops": 1,
                "Inner Unique": false,
                "Merge Cond": "(t.id = mk.movie_id)",
                "Plans": [
                  {
                    "Node Type": "Merge Join",
                    "Parent Relationship": "Outer",
                    "Parallel Aware": false,
                    "Join Type": "Inner",
                    "Startup Cost": 1971125.11,
                    "Total Cost": 1971151.55,
                    "Plan Rows": 2,
                    "Plan Width": 40,
                    "Actual Startup Time": 1856.694,
                    "Actual Total Time": 1857.114,
                    "Actual Rows": 3,
                    "Actual Loops": 1,
                    "Inner Unique": true,
                    "Merge Cond": "(ci.movie_id = t.id)",
                    "Plans": [
                      {
                        "Node Type": "Sort",
                        "Parent Relationship": "Outer",
                        "Parallel Aware": false,
                        "Startup Cost": 1925971.05,
                        "Total Cost": 1925980.12,
                        "Plan Rows": 3628,
                        "Plan Width": 19,
                        "Actual Startup Time": 1726.09,
                        "Actual Total Time": 1726.333,
                        "Actual Rows": 486,
                        "Actual Loops": 1,
                        "Sort Key": [
                          "ci.movie_id"
                        ],
                        "Sort Method": "quicksort",
                        "Sort Space Used": 62,
                        "Sort Space Type": "Memory",
                        "Plans": [
                          {
                            "Node Type": "Gather",
                            "Parent Relationship": "Outer",
                            "Parallel Aware": false,
                            "Startup Cost": 1035.69,
                            "Total Cost": 1925756.55,
                            "Plan Rows": 3628,
                            "Plan Width": 19,
                            "Actual Startup Time": 1725.435,
                            "Actual Total Time": 1725.852,
                            "Actual Rows": 486,
                            "Actual Loops": 1,
                            "Workers Planned": 4,
                            "Workers Launched": 4,
                            "Single Copy": false,
                            "Plans": [
                              {
                                "Node Type": "Merge Join",
                                "Parent Relationship": "Outer",
                                "Parallel Aware": false,
                                "Join Type": "Inner",
                                "Startup Cost": 35.69,
                                "Total Cost": 1924393.75,
                                "Plan Rows": 907,
                                "Plan Width": 19,
                                "Actual Startup Time": 1237.178,
                                "Actual Total Time": 1237.266,
                                "Actual Rows": 97,
                                "Actual Loops": 5,
                                "Inner Unique": false,
                                "Merge Cond": "(n.id = ci.person_id)",
                                "Plans": [
                                  {
                                    "Node Type": "Index Scan",
                                    "Parent Relationship": "Outer",
                                    "Parallel Aware": true,
                                    "Scan Direction": "Forward",
                                    "Index Name": "name_pkey",
                                    "Relation Name": "name",
                                    "Alias": "n",
                                    "Startup Cost": 0.43,
                                    "Total Cost": 149520.51,
                                    "Plan Rows": 104,
                                    "Plan Width": 19,
                                    "Actual Startup Time": 915.67,
                                    "Actual Total Time": 915.711,
                                    "Actual Rows": 0,
                                    "Actual Loops": 5,
                                    "Filter": "(name ~~ '%Downey%Robert%'::text)",
                                    "Rows Removed by Filter": 833498
                                  },
                                  {
                                    "Node Type": "Index Scan",
                                    "Parent Relationship": "Inner",
                                    "Parallel Aware": false,
                                    "Scan Direction": "Forward",
                                    "Index Name": "person_id_cast_info",
                                    "Relation Name": "cast_info",
                                    "Alias": "ci",
                                    "Startup Cost": 0.56,
                                    "Total Cost": 1688532.46,
                                    "Plan Rows": 36257824,
                                    "Plan Width": 8,
                                    "Actual Startup Time": 0.07,
                                    "Actual Total Time": 1198.692,
                                    "Actual Rows": 4303605,
                                    "Actual Loops": 1
                                  }
                                ]
                              }
                            ]
                          }
                        ]
                      },
                      {
                        "Node Type": "Sort",
                        "Parent Relationship": "Inner",
                        "Parallel Aware": false,
                        "Startup Cost": 45154.05,
                        "Total Cost": 45158.2,
                        "Plan Rows": 1658,
                        "Plan Width": 21,
                        "Actual Startup Time": 130.495,
                        "Actual Total Time": 130.632,
                        "Actual Rows": 438,
                        "Actual Loops": 1,
                        "Sort Key": [
                          "t.id"
                        ],
                        "Sort Method": "quicksort",
                        "Sort Space Used": 55,
                        "Sort Space Type": "Memory",
                        "Plans": [
                          {
                            "Node Type": "Gather",
                            "Parent Relationship": "Outer",
                            "Parallel Aware": false,
                            "Startup Cost": 1000.0,
                            "Total Cost": 45065.39,
                            "Plan Rows": 1658,
                            "Plan Width": 21,
                            "Actual Startup Time": 66.785,
                            "Actual Total Time": 130.311,
                            "Actual Rows": 438,
                            "Actual Loops": 1,
                            "Workers Planned": 4,
                            "Workers Launched": 4,
                            "Single Copy": false,
                            "Plans": [
                              {
                                "Node Type": "Seq Scan",
                                "Parent Relationship": "Outer",
                                "Parallel Aware": true,
                                "Relation Name": "title",
                                "Alias": "t",
                                "Startup Cost": 0.0,
                                "Total Cost": 43899.59,
                                "Plan Rows": 414,
                                "Plan Width": 21,
                                "Actual Startup Time": 66.209,
                                "Actual Total Time": 119.576,
                                "Actual Rows": 88,
                                "Actual Loops": 5,
                                "Filter": "(production_year > 2014)",
                                "Rows Removed by Filter": 505575
                              }
                            ]
                          }
                        ]
                      }
                    ]
                  },
                  {
                    "Node Type": "Index Scan",
                    "Parent Relationship": "Inner",
                    "Parallel Aware": false,
                    "Scan Direction": "Forward",
                    "Index Name": "movie_id_movie_keyword",
                    "Relation Name": "movie_keyword",
                    "Alias": "mk",
                    "Startup Cost": 0.43,
                    "Total Cost": 177148.48,
                    "Plan Rows": 4523930,
                    "Plan Width": 8,
                    "Actual Startup Time": 0.037,
                    "Actual Total Time": 713.752,
                    "Actual Rows": 3670690,
                    "Actual Loops": 1
                  }
                ]
              }
            ]
          }
        ]
      }
    ]
  },
  "Planning Time": 7.434,
  "Triggers": [],
  "Execution Time": 2952.054
}