[
  {
    "Plan": {
      "Node Type": "Aggregate",
      "Strategy": "Plain",
      "Partial Mode": "Finalize",
      "Parallel Aware": false,
      "Startup Cost": 391592.11,
      "Total Cost": 391592.12,
      "Plan Rows": 1,
      "Plan Width": 8,
      "Actual Startup Time": 796.206,
      "Actual Total Time": 821.945,
      "Actual Rows": 1,
      "Actual Loops": 1,
      "Plans": [
        {
          "Node Type": "Gather",
          "Parent Relationship": "Outer",
          "Parallel Aware": false,
          "Startup Cost": 391591.79,
          "Total Cost": 391592.1,
          "Plan Rows": 3,
          "Plan Width": 8,
          "Actual Startup Time": 790.819,
          "Actual Total Time": 821.935,
          "Actual Rows": 4,
          "Actual Loops": 1,
          "Workers Planned": 3,
          "Workers Launched": 3,
          "Single Copy": false,
          "Plans": [
            {
              "Node Type": "Aggregate",
              "Strategy": "Plain",
              "Partial Mode": "Partial",
              "Parent Relationship": "Outer",
              "Parallel Aware": false,
              "Startup Cost": 390591.79,
              "Total Cost": 390591.8,
              "Plan Rows": 1,
              "Plan Width": 8,
              "Actual Startup Time": 784.969,
              "Actual Total Time": 785.099,
              "Actual Rows": 1,
              "Actual Loops": 4,
              "Plans": [
                {
                  "Node Type": "Hash Join",
                  "Parent Relationship": "Outer",
                  "Parallel Aware": true,
                  "Join Type": "Inner",
                  "Startup Cost": 341731.09,
                  "Total Cost": 390136.58,
                  "Plan Rows": 182084,
                  "Plan Width": 0,
                  "Actual Startup Time": 492.01,
                  "Actual Total Time": 756.722,
                  "Actual Rows": 638150,
                  "Actual Loops": 4,
                  "Inner Unique": false,
                  "Hash Cond": "(mk.movie_id = t.id)",
                  "Plans": [
                    {
                      "Node Type": "Seq Scan",
                      "Parent Relationship": "Outer",
                      "Parallel Aware": true,
                      "Relation Name": "movie_keyword",
                      "Alias": "mk",
                      "Startup Cost": 0.0,
                      "Total Cost": 42695.65,
                      "Plan Rows": 1441699,
                      "Plan Width": 4,
                      "Actual Startup Time": 0.03,
                      "Actual Total Time": 120.179,
                      "Actual Rows": 1118994,
                      "Actual Loops": 4,
                      "Filter": "(keyword_id > 47)",
                      "Rows Removed by Filter": 11988
                    },
                    {
                      "Node Type": "Hash",
                      "Parent Relationship": "Inner",
                      "Parallel Aware": true,
                      "Startup Cost": 341065.81,
                      "Total Cost": 341065.81,
                      "Plan Rows": 53222,
                      "Plan Width": 8,
                      "Actual Startup Time": 489.591,
                      "Actual Total Time": 489.72,
                      "Actual Rows": 86557,
                      "Actual Loops": 4,
                      "Hash Buckets": 524288,
                      "Original Hash Buckets": 524288,
                      "Hash Batches": 1,
                      "Original Hash Batches": 1,
                      "Peak Memory Usage": 17696,
                      "Plans": [
                        {
                          "Node Type": "Hash Join",
                          "Parent Relationship": "Outer",
                          "Parallel Aware": true,
                          "Join Type": "Inner",
                          "Startup Cost": 83968.64,
                          "Total Cost": 341065.81,
                          "Plan Rows": 53222,
                          "Plan Width": 8,
                          "Actual Startup Time": 224.291,
                          "Actual Total Time": 452.833,
                          "Actual Rows": 86557,
                          "Actual Loops": 4,
                          "Inner Unique": true,
                          "Hash Cond": "(ci.movie_id = t.id)",
                          "Plans": [
                            {
                              "Node Type": "Bitmap Heap Scan",
                              "Parent Relationship": "Outer",
                              "Parallel Aware": true,
                              "Relation Name": "cast_info",
                              "Alias": "ci",
                              "Startup Cost": 38627.1,
                              "Total Cost": 294958.86,
                              "Plan Rows": 291581,
                              "Plan Width": 4,
                              "Actual Startup Time": 77.081,
                              "Actual Total Time": 163.747,
                              "Actual Rows": 449405,
                              "Actual Loops": 4,
                              "Recheck Cond": "(person_id < 178564)",
                              "Rows Removed by Index Recheck": 0,
                              "Exact Heap Blocks": 5770,
                              "Lossy Heap Blocks": 0,
                              "Plans": [
                                {
                                  "Node Type": "Bitmap Index Scan",
                                  "Parent Relationship": "Outer",
                                  "Parallel Aware": false,
                                  "Index Name": "person_id_cast_info",
                                  "Startup Cost": 0.0,
                                  "Total Cost": 38189.73,
                                  "Plan Rows": 1749488,
                                  "Plan Width": 0,
                                  "Actual Startup Time": 73.83,
                                  "Actual Total Time": 73.831,
                                  "Actual Rows": 1797620,
                                  "Actual Loops": 1,
                                  "Index Cond": "(person_id < 178564)"
                                }
                              ]
                            },
                            {
                              "Node Type": "Hash",
                              "Parent Relationship": "Inner",
                              "Parallel Aware": true,
                              "Startup Cost": 43899.32,
                              "Total Cost": 43899.32,
                              "Plan Rows": 115378,
                              "Plan Width": 4,
                              "Actual Startup Time": 145.696,
                              "Actual Total Time": 145.697,
                              "Actual Rows": 119900,
                              "Actual Loops": 4,
                              "Hash Buckets": 524288,
                              "Original Hash Buckets": 524288,
                              "Hash Batches": 1,
                              "Original Hash Batches": 1,
                              "Peak Memory Usage": 22912,
                              "Plans": [
                                {
                                  "Node Type": "Seq Scan",
                                  "Parent Relationship": "Outer",
                                  "Parallel Aware": true,
                                  "Relation Name": "title",
                                  "Alias": "t",
                                  "Startup Cost": 0.0,
                                  "Total Cost": 43899.32,
                                  "Plan Rows": 115378,
                                  "Plan Width": 4,
                                  "Actual Startup Time": 0.029,
                                  "Actual Total Time": 99.282,
                                  "Actual Rows": 119900,
                                  "Actual Loops": 4,
                                  "Filter": "(production_year < 1978)",
                                  "Rows Removed by Filter": 512178
                                }
                              ]
                            }
                          ]
                        }
                      ]
                    }
                  ]
                }
              ]
            }
          ]
        }
      ]
    },
    "Planning Time": 0.511,
    "Triggers": [],
    "Execution Time": 822.004
  }
]