[
  {
    "Plan": {
      "Node Type": "Aggregate",
      "Strategy": "Plain",
      "Partial Mode": "Finalize",
      "Parallel Aware": false,
      "Startup Cost": 77042.38,
      "Total Cost": 77042.39,
      "Plan Rows": 1,
      "Plan Width": 8,
      "Actual Startup Time": 319.602,
      "Actual Total Time": 336.964,
      "Actual Rows": 1,
      "Actual Loops": 1,
      "Plans": [
        {
          "Node Type": "Gather",
          "Parent Relationship": "Outer",
          "Parallel Aware": false,
          "Startup Cost": 77042.07,
          "Total Cost": 77042.38,
          "Plan Rows": 3,
          "Plan Width": 8,
          "Actual Startup Time": 317.606,
          "Actual Total Time": 336.955,
          "Actual Rows": 4,
          "Actual Loops": 1,
          "Workers Planned": 3,
          "Workers Launched": 3,
          "Single Copy": false,
          "Plans": [
            {
              "Node Type": "Aggregate",
              "Strategy": "Plain",
              "Partial Mode": "Partial",
              "Parent Relationship": "Outer",
              "Parallel Aware": false,
              "Startup Cost": 76042.07,
              "Total Cost": 76042.08,
              "Plan Rows": 1,
              "Plan Width": 8,
              "Actual Startup Time": 311.587,
              "Actual Total Time": 311.59,
              "Actual Rows": 1,
              "Actual Loops": 4,
              "Plans": [
                {
                  "Node Type": "Hash Join",
                  "Parent Relationship": "Outer",
                  "Parallel Aware": true,
                  "Join Type": "Inner",
                  "Startup Cost": 46385.05,
                  "Total Cost": 75800.94,
                  "Plan Rows": 96451,
                  "Plan Width": 0,
                  "Actual Startup Time": 164.263,
                  "Actual Total Time": 306.581,
                  "Actual Rows": 95688,
                  "Actual Loops": 4,
                  "Inner Unique": true,
                  "Hash Cond": "(mc.movie_id = t.id)",
                  "Plans": [
                    {
                      "Node Type": "Seq Scan",
                      "Parent Relationship": "Outer",
                      "Parallel Aware": true,
                      "Relation Name": "movie_companies",
                      "Alias": "mc",
                      "Startup Cost": 0.0,
                      "Total Cost": 27206.55,
                      "Plan Rows": 841655,
                      "Plan Width": 4,
                      "Actual Startup Time": 0.008,
                      "Actual Total Time": 66.839,
                      "Actual Rows": 652282,
                      "Actual Loops": 4
                    },
                    {
                      "Node Type": "Hash",
                      "Parent Relationship": "Inner",
                      "Parallel Aware": true,
                      "Startup Cost": 45479.59,
                      "Total Cost": 45479.59,
                      "Plan Rows": 72437,
                      "Plan Width": 4,
                      "Actual Startup Time": 131.27,
                      "Actual Total Time": 131.271,
                      "Actual Rows": 57935,
                      "Actual Loops": 4,
                      "Hash Buckets": 524288,
                      "Original Hash Buckets": 524288,
                      "Hash Batches": 1,
                      "Original Hash Batches": 1,
                      "Peak Memory Usage": 13248,
                      "Plans": [
                        {
                          "Node Type": "Seq Scan",
                          "Parent Relationship": "Outer",
                          "Parallel Aware": true,
                          "Relation Name": "title",
                          "Alias": "t",
                          "Startup Cost": 0.0,
                          "Total Cost": 45479.59,
                          "Plan Rows": 72437,
                          "Plan Width": 4,
                          "Actual Startup Time": 48.203,
                          "Actual Total Time": 107.631,
                          "Actual Rows": 57935,
                          "Actual Loops": 4,
                          "Filter": "((production_year > 2004) AND (kind_id = 1))",
                          "Rows Removed by Filter": 574143
                        }
                      ]
                    }
                  ]
                }
              ]
            }
          ]
        }
      ]
    },
    "Planning Time": 0.405,
    "Triggers": [],
    "Execution Time": 337.012
  }
]