{
  "Plan": {
    "Node Type": "Aggregate",
    "Strategy": "Plain",
    "Partial Mode": "Simple",
    "Parallel Aware": false,
    "Startup Cost": 2885730.35,
    "Total Cost": 2885730.36,
    "Plan Rows": 1,
    "Plan Width": 96,
    "Actual Startup Time": 33971.407,
    "Actual Total Time": 33971.429,
    "Actual Rows": 1,
    "Actual Loops": 1,
    "Plans": [
      {
        "Node Type": "Merge Join",
        "Parent Relationship": "Outer",
        "Parallel Aware": false,
        "Join Type": "Inner",
        "Startup Cost": 2701971.65,
        "Total Cost": 2885730.34,
        "Plan Rows": 1,
        "Plan Width": 39,
        "Actual Startup Time": 32938.099,
        "Actual Total Time": 33970.606,
        "Actual Rows": 5400,
        "Actual Loops": 1,
        "Inner Unique": false,
        "Merge Cond": "(n.id = ci.person_id)",
        "Plans": [
          {
            "Node Type": "Index Only Scan",
            "Parent Relationship": "Outer",
            "Parallel Aware": false,
            "Scan Direction": "Forward",
            "Index Name": "name_pkey",
            "Relation Name": "name",
            "Alias": "n",
            "Startup Cost": 0.43,
            "Total Cost": 178171.22,
            "Plan Rows": 4167377,
            "Plan Width": 4,
            "Actual Startup Time": 0.037,
            "Actual Total Time": 903.288,
            "Actual Rows": 2699680,
            "Actual Loops": 1,
            "Heap Fetches": 2699680
          },
          {
            "Node Type": "Sort",
            "Parent Relationship": "Inner",
            "Parallel Aware": false,
            "Startup Cost": 2701971.22,
            "Total Cost": 2701971.22,
            "Plan Rows": 1,
            "Plan Width": 43,
            "Actual Startup Time": 32936.661,
            "Actual Total Time": 32937.592,
            "Actual Rows": 5400,
            "Actual Loops": 1,
            "Sort Key": [
              "ci.person_id"
            ],
            "Sort Method": "quicksort",
            "Sort Space Used": 678,
            "Sort Space Type": "Memory",
            "Plans": [
              {
                "Node Type": "Merge Join",
                "Parent Relationship": "Outer",
                "Parallel Aware": false,
                "Join Type": "Inner",
                "Startup Cost": 2700556.6,
                "Total Cost": 2701971.21,
                "Plan Rows": 1,
                "Plan Width": 43,
                "Actual Startup Time": 32882.016,
                "Actual Total Time": 32935.139,
                "Actual Rows": 5400,
                "Actual Loops": 1,
                "Inner Unique": true,
                "Merge Cond": "(ci.person_role_id = chn.id)",
                "Plans": [
                  {
                    "Node Type": "Sort",
                    "Parent Relationship": "Outer",
                    "Parallel Aware": false,
                    "Startup Cost": 2591386.94,
                    "Total Cost": 2591386.98,
                    "Plan Rows": 14,
                    "Plan Width": 31,
                    "Actual Startup Time": 32331.869,
                    "Actual Total Time": 32341.456,
                    "Actual Rows": 74107,
                    "Actual Loops": 1,
                    "Sort Key": [
                      "ci.person_role_id"
                    ],
                    "Sort Method": "quicksort",
                    "Sort Space Used": 20723,
                    "Sort Space Type": "Memory",
                    "Plans": [
                      {
                        "Node Type": "Merge Join",
                        "Parent Relationship": "Outer",
                        "Parallel Aware": false,
                        "Join Type": "Inner",
                        "Startup Cost": 425940.0,
                        "Total Cost": 2591386.68,
                        "Plan Rows": 14,
                        "Plan Width": 31,
                        "Actual Startup Time": 17805.529,
                        "Actual Total Time": 32291.531,
                        "Actual Rows": 189738,
                        "Actual Loops": 1,
                        "Inner Unique": false,
                        "Merge Cond": "(ci.movie_id = t.id)",
                        "Plans": [
                          {
                            "Node Type": "Index Scan",
                            "Parent Relationship": "Outer",
                            "Parallel Aware": false,
                            "Scan Direction": "Forward",
                            "Index Name": "movie_id_cast_info",
                            "Relation Name": "cast_info",
                            "Alias": "ci",
                            "Startup Cost": 0.56,
                            "Total Cost": 2074802.47,
                            "Plan Rows": 36257824,
                            "Plan Width": 12,
                            "Actual Startup Time": 0.011,
                            "Actual Total Time": 26362.946,
                            "Actual Rows": 36182548,
                            "Actual Loops": 1
                          },
                          {
                            "Node Type": "Materialize",
                            "Parent Relationship": "Inner",
                            "Parallel Aware": false,
                            "Startup Cost": 425939.44,
                            "Total Cost": 425939.44,
                            "Plan Rows": 1,
                            "Plan Width": 39,
                            "Actual Startup Time": 3555.495,
                            "Actual Total Time": 3569.043,
                            "Actual Rows": 189501,
                            "Actual Loops": 1,
                            "Plans": [
                              {
                                "Node Type": "Sort",
                                "Parent Relationship": "Outer",
                                "Parallel Aware": false,
                                "Startup Cost": 425939.44,
                                "Total Cost": 425939.44,
                                "Plan Rows": 1,
                                "Plan Width": 39,
                                "Actual Startup Time": 3555.491,
                                "Actual Total Time": 3555.946,
                                "Actual Rows": 1261,
                                "Actual Loops": 1,
                                "Sort Key": [
                                  "mk.movie_id"
                                ],
                                "Sort Method": "quicksort",
                                "Sort Space Used": 153,
                                "Sort Space Type": "Memory",
                                "Plans": [
                                  {
                                    "Node Type": "Merge Join",
                                    "Parent Relationship": "Outer",
                                    "Parallel Aware": false,
                                    "Join Type": "Inner",
                                    "Startup Cost": 425939.41,
                                    "Total Cost": 425939.43,
                                    "Plan Rows": 1,
                                    "Plan Width": 39,
                                    "Actual Startup Time": 3555.046,
                                    "Actual Total Time": 3555.265,
                                    "Actual Rows": 1261,
                                    "Actual Loops": 1,
                                    "Inner Unique": true,
                                    "Merge Cond": "(mi_idx.info_type_id = it2.id)",
                                    "Plans": [
                                      {
                                        "Node Type": "Sort",
                                        "Parent Relationship": "Outer",
                                        "Parallel Aware": false,
                                        "Startup Cost": 425936.98,
                                        "Total Cost": 425936.98,
                                        "Plan Rows": 1,
                                        "Plan Width": 43,
                                        "Actual Startup Time": 3554.729,
                                        "Actual Total Time": 3554.897,
                                        "Actual Rows": 3784,
                                        "Actual Loops": 1,
                                        "Sort Key": [
                                          "mi_idx.info_type_id"
                                        ],
                                        "Sort Method": "quicksort",
                                        "Sort Space Used": 446,
                                        "Sort Space Type": "Memory",
                                        "Plans": [
                                          {
                                            "Node Type": "Merge Join",
                                            "Parent Relationship": "Outer",
                                            "Parallel Aware": false,
                                            "Join Type": "Inner",
                                            "Startup Cost": 368864.56,
                                            "Total Cost": 425936.97,
                                            "Plan Rows": 1,
                                            "Plan Width": 43,
                                            "Actual Startup Time": 3405.147,
                                            "Actual Total Time": 3553.793,
                                            "Actual Rows": 3831,
                                            "Actual Loops": 1,
                                            "Inner Unique": false,
                                            "Merge Cond": "(mi_idx.movie_id = t.id)",
                                            "Plans": [
                                              {
                                                "Node Type": "Index Scan",
                                                "Parent Relationship": "Outer",
                                                "Parallel Aware": false,
                                                "Scan Direction": "Forward",
                                                "Index Name": "movie_id_movie_info_idx",
                                                "Relation Name": "movie_info_idx",
                                                "Alias": "mi_idx",
                                                "Startup Cost": 0.43,
                                                "Total Cost": 53622.74,
                                                "Plan Rows": 1380035,
                                                "Plan Width": 14,
                                                "Actual Startup Time": 0.013,
                                                "Actual Total Time": 157.336,
                                                "Actual Rows": 1376433,
                                                "Actual Loops": 1
                                              },
                                              {
                                                "Node Type": "Sort",
                                                "Parent Relationship": "Inner",
                                                "Parallel Aware": false,
                                                "Startup Cost": 368864.13,
                                                "Total Cost": 368864.13,
                                                "Plan Rows": 1,
                                                "Plan Width": 29,
                                                "Actual Startup Time": 3312.89,
                                                "Actual Total Time": 3313.211,
                                                "Actual Rows": 3835,
                                                "Actual Loops": 1,
                                                "Sort Key": [
                                                  "mk.movie_id"
                                                ],
                                                "Sort Method": "quicksort",
                                                "Sort Space Used": 149,
                                                "Sort Space Type": "Memory",
                                                "Plans": [
                                                  {
                                                    "Node Type": "Merge Join",
                                                    "Parent Relationship": "Outer",
                                                    "Parallel Aware": false,
                                                    "Join Type": "Inner",
                                                    "Startup Cost": 368864.09,
                                                    "Total Cost": 368864.12,
                                                    "Plan Rows": 1,
                                                    "Plan Width": 29,
                                                    "Actual Startup Time": 3312.463,
                                                    "Actual Total Time": 3312.67,
                                                    "Actual Rows": 1267,
                                                    "Actual Loops": 1,
                                                    "Inner Unique": true,
                                                    "Merge Cond": "(cc.status_id = cct2.id)",
                                                    "Plans": [
                                                      {
                                                        "Node Type": "Sort",
                                                        "Parent Relationship": "Outer",
                                                        "Parallel Aware": false,
                                                        "Startup Cost": 368863.03,
                                                        "Total Cost": 368863.04,
                                                        "Plan Rows": 1,
                                                        "Plan Width": 33,
                                                        "Actual Startup Time": 3312.453,
                                                        "Actual Total Time": 3312.509,
                                                        "Actual Rows": 1267,
                                                        "Actual Loops": 1,
                                                        "Sort Key": [
                                                          "cc.status_id"
                                                        ],
                                                        "Sort Method": "quicksort",
                                                        "Sort Space Used": 152,
                                                        "Sort Space Type": "Memory",
                                                        "Plans": [
                                                          {
                                                            "Node Type": "Merge Join",
                                                            "Parent Relationship": "Outer",
                                                            "Parallel Aware": false,
                                                            "Join Type": "Inner",
                                                            "Startup Cost": 368863.0,
                                                            "Total Cost": 368863.02,
                                                            "Plan Rows": 1,
                                                            "Plan Width": 33,
                                                            "Actual Startup Time": 3312.049,
                                                            "Actual Total Time": 3312.269,
                                                            "Actual Rows": 1267,
                                                            "Actual Loops": 1,
                                                            "Inner Unique": true,
                                                            "Merge Cond": "(t.kind_id = kt.id)",
                                                            "Plans": [
                                                              {
                                                                "Node Type": "Sort",
                                                                "Parent Relationship": "Outer",
                                                                "Parallel Aware": false,
                                                                "Startup Cost": 368861.9,
                                                                "Total Cost": 368861.9,
                                                                "Plan Rows": 2,
                                                                "Plan Width": 37,
                                                                "Actual Startup Time": 3312.038,
                                                                "Actual Total Time": 3312.095,
                                                                "Actual Rows": 1268,
                                                                "Actual Loops": 1,
                                                                "Sort Key": [
                                                                  "t.kind_id"
                                                                ],
                                                                "Sort Method": "quicksort",
                                                                "Sort Space Used": 183,
                                                                "Sort Space Type": "Memory",
                                                                "Plans": [
                                                                  {
                                                                    "Node Type": "Merge Join",
                                                                    "Parent Relationship": "Outer",
                                                                    "Parallel Aware": false,
                                                                    "Join Type": "Inner",
                                                                    "Startup Cost": 368861.81,
                                                                    "Total Cost": 368861.89,
                                                                    "Plan Rows": 2,
                                                                    "Plan Width": 37,
                                                                    "Actual Startup Time": 3311.521,
                                                                    "Actual Total Time": 3311.797,
                                                                    "Actual Rows": 1595,
                                                                    "Actual Loops": 1,
                                                                    "Inner Unique": true,
                                                                    "Merge Cond": "(cc.subject_id = cct1.id)",
                                                                    "Plans": [
                                                                      {
                                                                        "Node Type": "Sort",
                                                                        "Parent Relationship": "Outer",
                                                                        "Parallel Aware": false,
                                                                        "Startup Cost": 368860.75,
                                                                        "Total Cost": 368860.78,
                                                                        "Plan Rows": 10,
                                                                        "Plan Width": 41,
                                                                        "Actual Startup Time": 3311.492,
                                                                        "Actual Total Time": 3311.557,
                                                                        "Actual Rows": 1596,
                                                                        "Actual Loops": 1,
                                                                        "Sort Key": [
                                                                          "cc.subject_id"
                                                                        ],
                                                                        "Sort Method": "quicksort",
                                                                        "Sort Space Used": 278,
                                                                        "Sort Space Type": "Memory",
                                                                        "Plans": [
                                                                          {
                                                                            "Node Type": "Merge Join",
                                                                            "Parent Relationship": "Outer",
                                                                            "Parallel Aware": false,
                                                                            "Join Type": "Inner",
                                                                            "Startup Cost": 241860.5,
                                                                            "Total Cost": 368860.59,
                                                                            "Plan Rows": 10,
                                                                            "Plan Width": 41,
                                                                            "Actual Startup Time": 2113.065,
                                                                            "Actual Total Time": 3310.751,
                                                                            "Actual Rows": 2052,
                                                                            "Actual Loops": 1,
                                                                            "Inner Unique": false,
                                                                            "Merge Cond": "(t.id = cc.movie_id)",
                                                                            "Plans": [
                                                                              {
                                                                                "Node Type": "Merge Join",
                                                                                "Parent Relationship": "Outer",
                                                                                "Parallel Aware": false,
                                                                                "Join Type": "Inner",
                                                                                "Startup Cost": 241860.08,
                                                                                "Total Cost": 361875.25,
                                                                                "Plan Rows": 185,
                                                                                "Plan Width": 29,
                                                                                "Actual Startup Time": 2064.457,
                                                                                "Actual Total Time": 3266.605,
                                                                                "Actual Rows": 10613,
                                                                                "Actual Loops": 1,
                                                                                "Inner Unique": false,
                                                                                "Merge Cond": "(t.id = mk.movie_id)",
                                                                                "Plans": [
                                                                                  {
                                                                                    "Node Type": "Index Scan",
                                                                                    "Parent Relationship": "Outer",
                                                                                    "Parallel Aware": false,
                                                                                    "Scan Direction": "Forward",
                                                                                    "Index Name": "title_pkey",
                                                                                    "Relation Name": "title",
                                                                                    "Alias": "t",
                                                                                    "Startup Cost": 0.43,
                                                                                    "Total Cost": 116680.33,
                                                                                    "Plan Rows": 1389987,
                                                                                    "Plan Width": 25,
                                                                                    "Actual Startup Time": 0.02,
                                                                                    "Actual Total Time": 1131.555,
                                                                                    "Actual Rows": 1380823,
                                                                                    "Actual Loops": 1,
                                                                                    "Filter": "(production_year > 2000)",
                                                                                    "Rows Removed by Filter": 1144174
                                                                                  },
                                                                                  {
                                                                                    "Node Type": "Sort",
                                                                                    "Parent Relationship": "Inner",
                                                                                    "Parallel Aware": false,
                                                                                    "Startup Cost": 241846.08,
                                                                                    "Total Cost": 241846.92,
                                                                                    "Plan Rows": 337,
                                                                                    "Plan Width": 4,
                                                                                    "Actual Startup Time": 2063.949,
                                                                                    "Actual Total Time": 2066.615,
                                                                                    "Actual Rows": 24091,
                                                                                    "Actual Loops": 1,
                                                                                    "Sort Key": [
                                                                                      "mk.movie_id"
                                                                                    ],
                                                                                    "Sort Method": "quicksort",
                                                                                    "Sort Space Used": 1898,
                                                                                    "Sort Space Type": "Memory",
                                                                                    "Plans": [
                                                                                      {
                                                                                        "Node Type": "Merge Join",
                                                                                        "Parent Relationship": "Outer",
                                                                                        "Parallel Aware": false,
                                                                                        "Join Type": "Inner",
                                                                                        "Startup Cost": 4810.2,
                                                                                        "Total Cost": 241831.93,
                                                                                        "Plan Rows": 337,
                                                                                        "Plan Width": 4,
                                                                                        "Actual Startup Time": 282.027,
                                                                                        "Actual Total Time": 2060.235,
                                                                                        "Actual Rows": 24091,
                                                                                        "Actual Loops": 1,
                                                                                        "Inner Unique": true,
                                                                                        "Merge Cond": "(mk.keyword_id = k.id)",
                                                                                        "Plans": [
                                                                                          {
                                                                                            "Node Type": "Index Scan",
                                                                                            "Parent Relationship": "Outer",
                                                                                            "Parallel Aware": false,
                                                                                            "Scan Direction": "Forward",
                                                                                            "Index Name": "keyword_id_movie_keyword",
                                                                                            "Relation Name": "movie_keyword",
                                                                                            "Alias": "mk",
                                                                                            "Startup Cost": 0.43,
                                                                                            "Total Cost": 226550.7,
                                                                                            "Plan Rows": 4523930,
                                                                                            "Plan Width": 8,
                                                                                            "Actual Startup Time": 0.013,
                                                                                            "Actual Total Time": 1806.63,
                                                                                            "Actual Rows": 3275605,
                                                                                            "Actual Loops": 1
                                                                                          },
                                                                                          {
                                                                                            "Node Type": "Sort",
                                                                                            "Parent Relationship": "Inner",
                                                                                            "Parallel Aware": false,
                                                                                            "Startup Cost": 3967.99,
                                                                                            "Total Cost": 3968.02,
                                                                                            "Plan Rows": 10,
                                                                                            "Plan Width": 4,
                                                                                            "Actual Startup Time": 42.274,
                                                                                            "Actual Total Time": 42.283,
                                                                                            "Actual Rows": 10,
                                                                                            "Actual Loops": 1,
                                                                                            "Sort Key": [
                                                                                              "k.id"
                                                                                            ],
                                                                                            "Sort Method": "quicksort",
                                                                                            "Sort Space Used": 25,
                                                                                            "Sort Space Type": "Memory",
                                                                                            "Plans": [
                                                                                              {
                                                                                                "Node Type": "Seq Scan",
                                                                                                "Parent Relationship": "Outer",
                                                                                                "Parallel Aware": false,
                                                                                                "Relation Name": "keyword",
                                                                                                "Alias": "k",
                                                                                                "Startup Cost": 0.0,
                                                                                                "Total Cost": 3967.82,
                                                                                                "Plan Rows": 10,
                                                                                                "Plan Width": 4,
                                                                                                "Actual Startup Time": 0.317,
                                                                                                "Actual Total Time": 42.259,
                                                                                                "Actual Rows": 10,
                                                                                                "Actual Loops": 1,
                                                                                                "Filter": "(keyword = ANY ('{superhero,marvel-comics,based-on-comic,tv-special,fight,violence,magnet,web,claw,laser}'::text[]))",
                                                                                                "Rows Removed by Filter": 134160
                                                                                              }
                                                                                            ]
                                                                                          }
                                                                                        ]
                                                                                      }
                                                                                    ]
                                                                                  }
                                                                                ]
                                                                              },
                                                                              {
                                                                                "Node Type": "Index Scan",
                                                                                "Parent Relationship": "Inner",
                                                                                "Parallel Aware": false,
                                                                                "Scan Direction": "Forward",
                                                                                "Index Name": "movie_id_complete_cast",
                                                                                "Relation Name": "complete_cast",
                                                                                "Alias": "cc",
                                                                                "Startup Cost": 0.42,
                                                                                "Total Cost": 6650.11,
                                                                                "Plan Rows": 135086,
                                                                                "Plan Width": 12,
                                                                                "Actual Startup Time": 0.02,
                                                                                "Actual Total Time": 34.958,
                                                                                "Actual Rows": 132826,
                                                                                "Actual Loops": 1
                                                                              }
                                                                            ]
                                                                          }
                                                                        ]
                                                                      },
                                                                      {
                                                                        "Node Type": "Sort",
                                                                        "Parent Relationship": "Inner",
                                                                        "Parallel Aware": false,
                                                                        "Startup Cost": 1.06,
                                                                        "Total Cost": 1.06,
                                                                        "Plan Rows": 1,
                                                                        "Plan Width": 4,
                                                                        "Actual Startup Time": 0.025,
                                                                        "Actual Total Time": 0.026,
                                                                        "Actual Rows": 1,
                                                                        "Actual Loops": 1,
                                                                        "Sort Key": [
                                                                          "cct1.id"
                                                                        ],
                                                                        "Sort Method": "quicksort",
                                                                        "Sort Space Used": 25,
                                                                        "Sort Space Type": "Memory",
                                                                        "Plans": [
                                                                          {
                                                                            "Node Type": "Seq Scan",
                                                                            "Parent Relationship": "Outer",
                                                                            "Parallel Aware": false,
                                                                            "Relation Name": "comp_cast_type",
                                                                            "Alias": "cct1",
                                                                            "Startup Cost": 0.0,
                                                                            "Total Cost": 1.05,
                                                                            "Plan Rows": 1,
                                                                            "Plan Width": 4,
                                                                            "Actual Startup Time": 0.017,
                                                                            "Actual Total Time": 0.018,
                                                                            "Actual Rows": 1,
                                                                            "Actual Loops": 1,
                                                                            "Filter": "((kind)::text = 'cast'::text)",
                                                                            "Rows Removed by Filter": 3
                                                                          }
                                                                        ]
                                                                      }
                                                                    ]
                                                                  }
                                                                ]
                                                              },
                                                              {
                                                                "Node Type": "Sort",
                                                                "Parent Relationship": "Inner",
                                                                "Parallel Aware": false,
                                                                "Startup Cost": 1.1,
                                                                "Total Cost": 1.1,
                                                                "Plan Rows": 1,
                                                                "Plan Width": 4,
                                                                "Actual Startup Time": 0.009,
                                                                "Actual Total Time": 0.009,
                                                                "Actual Rows": 1,
                                                                "Actual Loops": 1,
                                                                "Sort Key": [
                                                                  "kt.id"
                                                                ],
                                                                "Sort Method": "quicksort",
                                                                "Sort Space Used": 25,
                                                                "Sort Space Type": "Memory",
                                                                "Plans": [
                                                                  {
                                                                    "Node Type": "Seq Scan",
                                                                    "Parent Relationship": "Outer",
                                                                    "Parallel Aware": false,
                                                                    "Relation Name": "kind_type",
                                                                    "Alias": "kt",
                                                                    "Startup Cost": 0.0,
                                                                    "Total Cost": 1.09,
                                                                    "Plan Rows": 1,
                                                                    "Plan Width": 4,
                                                                    "Actual Startup Time": 0.006,
                                                                    "Actual Total Time": 0.007,
                                                                    "Actual Rows": 1,
                                                                    "Actual Loops": 1,
                                                                    "Filter": "((kind)::text = 'movie'::text)",
                                                                    "Rows Removed by Filter": 6
                                                                  }
                                                                ]
                                                              }
                                                            ]
                                                          }
                                                        ]
                                                      },
                                                      {
                                                        "Node Type": "Sort",
                                                        "Parent Relationship": "Inner",
                                                        "Parallel Aware": false,
                                                        "Startup Cost": 1.06,
                                                        "Total Cost": 1.06,
                                                        "Plan Rows": 1,
                                                        "Plan Width": 4,
                                                        "Actual Startup Time": 0.008,
                                                        "Actual Total Time": 0.009,
                                                        "Actual Rows": 2,
                                                        "Actual Loops": 1,
                                                        "Sort Key": [
                                                          "cct2.id"
                                                        ],
                                                        "Sort Method": "quicksort",
                                                        "Sort Space Used": 25,
                                                        "Sort Space Type": "Memory",
                                                        "Plans": [
                                                          {
                                                            "Node Type": "Seq Scan",
                                                            "Parent Relationship": "Outer",
                                                            "Parallel Aware": false,
                                                            "Relation Name": "comp_cast_type",
                                                            "Alias": "cct2",
                                                            "Startup Cost": 0.0,
                                                            "Total Cost": 1.05,
                                                            "Plan Rows": 1,
                                                            "Plan Width": 4,
                                                            "Actual Startup Time": 0.006,
                                                            "Actual Total Time": 0.006,
                                                            "Actual Rows": 2,
                                                            "Actual Loops": 1,
                                                            "Filter": "((kind)::text ~~ '%complete%'::text)",
                                                            "Rows Removed by Filter": 2
                                                          }
                                                        ]
                                                      }
                                                    ]
                                                  }
                                                ]
                                              }
                                            ]
                                          }
                                        ]
                                      },
                                      {
                                        "Node Type": "Sort",
                                        "Parent Relationship": "Inner",
                                        "Parallel Aware": false,
                                        "Startup Cost": 2.42,
                                        "Total Cost": 2.43,
                                        "Plan Rows": 1,
                                        "Plan Width": 4,
                                        "Actual Startup Time": 0.029,
                                        "Actual Total Time": 0.03,
                                        "Actual Rows": 1,
                                        "Actual Loops": 1,
                                        "Sort Key": [
                                          "it2.id"
                                        ],
                                        "Sort Method": "quicksort",
                                        "Sort Space Used": 25,
                                        "Sort Space Type": "Memory",
                                        "Plans": [
                                          {
                                            "Node Type": "Seq Scan",
                                            "Parent Relationship": "Outer",
                                            "Parallel Aware": false,
                                            "Relation Name": "info_type",
                                            "Alias": "it2",
                                            "Startup Cost": 0.0,
                                            "Total Cost": 2.41,
                                            "Plan Rows": 1,
                                            "Plan Width": 4,
                                            "Actual Startup Time": 0.022,
                                            "Actual Total Time": 0.023,
                                            "Actual Rows": 1,
                                            "Actual Loops": 1,
                                            "Filter": "((info)::text = 'rating'::text)",
                                            "Rows Removed by Filter": 112
                                          }
                                        ]
                                      }
                                    ]
                                  }
                                ]
                              }
                            ]
                          }
                        ]
                      }
                    ]
                  },
                  {
                    "Node Type": "Sort",
                    "Parent Relationship": "Inner",
                    "Parallel Aware": false,
                    "Startup Cost": 109169.65,
                    "Total Cost": 109876.93,
                    "Plan Rows": 282914,
                    "Plan Width": 20,
                    "Actual Startup Time": 549.96,
                    "Actual Total Time": 569.482,
                    "Actual Rows": 180090,
                    "Actual Loops": 1,
                    "Sort Key": [
                      "chn.id"
                    ],
                    "Sort Method": "quicksort",
                    "Sort Space Used": 19675,
                    "Sort Space Type": "Memory",
                    "Plans": [
                      {
                        "Node Type": "Seq Scan",
                        "Parent Relationship": "Outer",
                        "Parallel Aware": false,
                        "Relation Name": "char_name",
                        "Alias": "chn",
                        "Startup Cost": 0.0,
                        "Total Cost": 83551.78,
                        "Plan Rows": 282914,
                        "Plan Width": 20,
                        "Actual Startup Time": 0.024,
                        "Actual Total Time": 505.786,
                        "Actual Rows": 180152,
                        "Actual Loops": 1,
                        "Filter": "((name IS NOT NULL) AND ((name ~~ '%man%'::text) OR (name ~~ '%Man%'::text)))",
                        "Rows Removed by Filter": 2960187
                      }
                    ]
                  }
                ]
              }
            ]
          }
        ]
      }
    ]
  },
  "Planning Time": 5.365,
  "Triggers": [],
  "Execution Time": 33971.676
}