[
  {
    "Plan": {
      "Node Type": "Aggregate",
      "Strategy": "Plain",
      "Partial Mode": "Finalize",
      "Parallel Aware": false,
      "Startup Cost": 32351.14,
      "Total Cost": 32351.15,
      "Plan Rows": 1,
      "Plan Width": 8,
      "Actual Startup Time": 80.574,
      "Actual Total Time": 87.892,
      "Actual Rows": 1,
      "Actual Loops": 1,
      "Plans": [
        {
          "Node Type": "Gather",
          "Parent Relationship": "Outer",
          "Parallel Aware": false,
          "Startup Cost": 32350.83,
          "Total Cost": 32351.14,
          "Plan Rows": 3,
          "Plan Width": 8,
          "Actual Startup Time": 80.295,
          "Actual Total Time": 87.886,
          "Actual Rows": 4,
          "Actual Loops": 1,
          "Workers Planned": 3,
          "Workers Launched": 3,
          "Single Copy": false,
          "Plans": [
            {
              "Node Type": "Aggregate",
              "Strategy": "Plain",
              "Partial Mode": "Partial",
              "Parent Relationship": "Outer",
              "Parallel Aware": false,
              "Startup Cost": 31350.83,
              "Total Cost": 31350.84,
              "Plan Rows": 1,
              "Plan Width": 8,
              "Actual Startup Time": 75.194,
              "Actual Total Time": 75.196,
              "Actual Rows": 1,
              "Actual Loops": 4,
              "Plans": [
                {
                  "Node Type": "Bitmap Heap Scan",
                  "Parent Relationship": "Outer",
                  "Parallel Aware": true,
                  "Relation Name": "movie_keyword",
                  "Alias": "mk",
                  "Startup Cost": 5615.96,
                  "Total Cost": 31137.35,
                  "Plan Rows": 85391,
                  "Plan Width": 0,
                  "Actual Startup Time": 17.124,
                  "Actual Total Time": 71.21,
                  "Actual Rows": 67717,
                  "Actual Loops": 4,
                  "Recheck Cond": "(keyword_id > 58183)",
                  "Rows Removed by Index Recheck": 0,
                  "Exact Heap Blocks": 10432,
                  "Lossy Heap Blocks": 0,
                  "Plans": [
                    {
                      "Node Type": "Bitmap Index Scan",
                      "Parent Relationship": "Outer",
                      "Parallel Aware": false,
                      "Index Name": "keyword_id_movie_keyword",
                      "Startup Cost": 0.0,
                      "Total Cost": 5549.78,
                      "Plan Rows": 264713,
                      "Plan Width": 0,
                      "Actual Startup Time": 18.858,
                      "Actual Total Time": 18.858,
                      "Actual Rows": 270867,
                      "Actual Loops": 1,
                      "Index Cond": "(keyword_id > 58183)"
                    }
                  ]
                }
              ]
            }
          ]
        }
      ]
    },
    "Planning Time": 0.082,
    "Triggers": [],
    "Execution Time": 87.925
  }
]