[
  {
    "Plan": {
      "Node Type": "Aggregate",
      "Strategy": "Plain",
      "Partial Mode": "Finalize",
      "Parallel Aware": false,
      "Startup Cost": 32619.56,
      "Total Cost": 32619.57,
      "Plan Rows": 1,
      "Plan Width": 8,
      "Actual Startup Time": 97.558,
      "Actual Total Time": 105.692,
      "Actual Rows": 1,
      "Actual Loops": 1,
      "Plans": [
        {
          "Node Type": "Gather",
          "Parent Relationship": "Outer",
          "Parallel Aware": false,
          "Startup Cost": 32619.25,
          "Total Cost": 32619.56,
          "Plan Rows": 3,
          "Plan Width": 8,
          "Actual Startup Time": 97.26,
          "Actual Total Time": 105.684,
          "Actual Rows": 4,
          "Actual Loops": 1,
          "Workers Planned": 3,
          "Workers Launched": 3,
          "Single Copy": false,
          "Plans": [
            {
              "Node Type": "Aggregate",
              "Strategy": "Plain",
              "Partial Mode": "Partial",
              "Parent Relationship": "Outer",
              "Parallel Aware": false,
              "Startup Cost": 31619.25,
              "Total Cost": 31619.26,
              "Plan Rows": 1,
              "Plan Width": 8,
              "Actual Startup Time": 89.218,
              "Actual Total Time": 89.22,
              "Actual Rows": 1,
              "Actual Loops": 4,
              "Plans": [
                {
                  "Node Type": "Bitmap Heap Scan",
                  "Parent Relationship": "Outer",
                  "Parallel Aware": true,
                  "Relation Name": "movie_keyword",
                  "Alias": "mk",
                  "Startup Cost": 5835.02,
                  "Total Cost": 31397.54,
                  "Plan Rows": 88682,
                  "Plan Width": 0,
                  "Actual Startup Time": 27.636,
                  "Actual Total Time": 84.821,
                  "Actual Rows": 67717,
                  "Actual Loops": 4,
                  "Recheck Cond": "(keyword_id > 58183)",
                  "Rows Removed by Index Recheck": 0,
                  "Exact Heap Blocks": 11803,
                  "Lossy Heap Blocks": 0,
                  "Plans": [
                    {
                      "Node Type": "Bitmap Index Scan",
                      "Parent Relationship": "Outer",
                      "Parallel Aware": false,
                      "Index Name": "keyword_id_movie_keyword",
                      "Startup Cost": 0.0,
                      "Total Cost": 5766.29,
                      "Plan Rows": 274914,
                      "Plan Width": 0,
                      "Actual Startup Time": 31.702,
                      "Actual Total Time": 31.703,
                      "Actual Rows": 270867,
                      "Actual Loops": 1,
                      "Index Cond": "(keyword_id > 58183)"
                    }
                  ]
                }
              ]
            }
          ]
        }
      ]
    },
    "Planning Time": 0.178,
    "Triggers": [],
    "Execution Time": 105.776
  }
]