[
  {
    "Plan": {
      "Node Type": "Aggregate",
      "Strategy": "Plain",
      "Partial Mode": "Finalize",
      "Parallel Aware": false,
      "Startup Cost": 33000.32,
      "Total Cost": 33000.33,
      "Plan Rows": 1,
      "Plan Width": 8,
      "Actual Startup Time": 90.495,
      "Actual Total Time": 98.607,
      "Actual Rows": 1,
      "Actual Loops": 1,
      "Plans": [
        {
          "Node Type": "Gather",
          "Parent Relationship": "Outer",
          "Parallel Aware": false,
          "Startup Cost": 33000.0,
          "Total Cost": 33000.31,
          "Plan Rows": 3,
          "Plan Width": 8,
          "Actual Startup Time": 90.369,
          "Actual Total Time": 98.596,
          "Actual Rows": 4,
          "Actual Loops": 1,
          "Workers Planned": 3,
          "Workers Launched": 3,
          "Single Copy": false,
          "Plans": [
            {
              "Node Type": "Aggregate",
              "Strategy": "Plain",
              "Partial Mode": "Partial",
              "Parent Relationship": "Outer",
              "Parallel Aware": false,
              "Startup Cost": 32000.0,
              "Total Cost": 32000.01,
              "Plan Rows": 1,
              "Plan Width": 8,
              "Actual Startup Time": 86.759,
              "Actual Total Time": 86.76,
              "Actual Rows": 1,
              "Actual Loops": 4,
              "Plans": [
                {
                  "Node Type": "Seq Scan",
                  "Parent Relationship": "Outer",
                  "Parallel Aware": true,
                  "Relation Name": "movie_companies",
                  "Alias": "mc",
                  "Startup Cost": 0.0,
                  "Total Cost": 31414.82,
                  "Plan Rows": 234073,
                  "Plan Width": 0,
                  "Actual Startup Time": 0.017,
                  "Actual Total Time": 74.403,
                  "Actual Rows": 253543,
                  "Actual Loops": 4,
                  "Filter": "((company_id < 13764) AND (company_type_id = 1))",
                  "Rows Removed by Filter": 398740
                }
              ]
            }
          ]
        }
      ]
    },
    "Planning Time": 0.214,
    "Triggers": [],
    "Execution Time": 98.659
  }
]