[
  {
    "Plan": {
      "Node Type": "Aggregate",
      "Strategy": "Plain",
      "Partial Mode": "Finalize",
      "Parallel Aware": false,
      "Startup Cost": 33389.3,
      "Total Cost": 33389.31,
      "Plan Rows": 1,
      "Plan Width": 8,
      "Actual Startup Time": 98.669,
      "Actual Total Time": 104.7,
      "Actual Rows": 1,
      "Actual Loops": 1,
      "Plans": [
        {
          "Node Type": "Gather",
          "Parent Relationship": "Outer",
          "Parallel Aware": false,
          "Startup Cost": 33388.99,
          "Total Cost": 33389.3,
          "Plan Rows": 3,
          "Plan Width": 8,
          "Actual Startup Time": 98.528,
          "Actual Total Time": 104.691,
          "Actual Rows": 4,
          "Actual Loops": 1,
          "Workers Planned": 3,
          "Workers Launched": 3,
          "Single Copy": false,
          "Plans": [
            {
              "Node Type": "Aggregate",
              "Strategy": "Plain",
              "Partial Mode": "Partial",
              "Parent Relationship": "Outer",
              "Parallel Aware": false,
              "Startup Cost": 32388.99,
              "Total Cost": 32389.0,
              "Plan Rows": 1,
              "Plan Width": 8,
              "Actual Startup Time": 91.345,
              "Actual Total Time": 91.346,
              "Actual Rows": 1,
              "Actual Loops": 4,
              "Plans": [
                {
                  "Node Type": "Seq Scan",
                  "Parent Relationship": "Outer",
                  "Parallel Aware": true,
                  "Relation Name": "movie_companies",
                  "Alias": "mc",
                  "Startup Cost": 0.0,
                  "Total Cost": 31414.82,
                  "Plan Rows": 389667,
                  "Plan Width": 0,
                  "Actual Startup Time": 45.402,
                  "Actual Total Time": 79.919,
                  "Actual Rows": 273294,
                  "Actual Loops": 4,
                  "Filter": "((company_id < 102727) AND (company_type_id = 2))",
                  "Rows Removed by Filter": 378988
                }
              ]
            }
          ]
        }
      ]
    },
    "Planning Time": 0.195,
    "Triggers": [],
    "Execution Time": 104.76
  }
]