{
  "Plan": {
    "Node Type": "Aggregate",
    "Strategy": "Plain",
    "Partial Mode": "Finalize",
    "Parallel Aware": false,
    "Startup Cost": 1184224.47,
    "Total Cost": 1184224.48,
    "Plan Rows": 1,
    "Plan Width": 8,
    "Actual Startup Time": 3654.234,
    "Actual Total Time": 3711.136,
    "Actual Rows": 1,
    "Actual Loops": 1,
    "Plans": [
      {
        "Node Type": "Gather",
        "Parent Relationship": "Outer",
        "Parallel Aware": false,
        "Startup Cost": 1184224.36,
        "Total Cost": 1184224.47,
        "Plan Rows": 1,
        "Plan Width": 8,
        "Actual Startup Time": 3650.866,
        "Actual Total Time": 3711.124,
        "Actual Rows": 2,
        "Actual Loops": 1,
        "Workers Planned": 1,
        "Workers Launched": 1,
        "Single Copy": false,
        "Plans": [
          {
            "Node Type": "Aggregate",
            "Strategy": "Plain",
            "Partial Mode": "Partial",
            "Parent Relationship": "Outer",
            "Parallel Aware": false,
            "Startup Cost": 1183224.36,
            "Total Cost": 1183224.37,
            "Plan Rows": 1,
            "Plan Width": 8,
            "Actual Startup Time": 3644.943,
            "Actual Total Time": 3644.946,
            "Actual Rows": 1,
            "Actual Loops": 2,
            "Plans": [
              {
                "Node Type": "Nested Loop",
                "Parent Relationship": "Outer",
                "Parallel Aware": false,
                "Join Type": "Inner",
                "Startup Cost": 138647.49,
                "Total Cost": 1176413.17,
                "Plan Rows": 2724476,
                "Plan Width": 0,
                "Actual Startup Time": 327.252,
                "Actual Total Time": 3487.047,
                "Actual Rows": 3801566,
                "Actual Loops": 2,
                "Inner Unique": false,
                "Plans": [
                  {
                    "Node Type": "Merge Join",
                    "Parent Relationship": "Outer",
                    "Parallel Aware": false,
                    "Join Type": "Inner",
                    "Startup Cost": 138647.05,
                    "Total Cost": 254614.64,
                    "Plan Rows": 465938,
                    "Plan Width": 8,
                    "Actual Startup Time": 327.187,
                    "Actual Total Time": 1353.001,
                    "Actual Rows": 268185,
                    "Actual Loops": 2,
                    "Inner Unique": false,
                    "Merge Cond": "(t.id = mc.movie_id)",
                    "Plans": [
                      {
                        "Node Type": "Index Scan",
                        "Parent Relationship": "Outer",
                        "Parallel Aware": true,
                        "Scan Direction": "Forward",
                        "Index Name": "title_pkey",
                        "Relation Name": "title",
                        "Alias": "t",
                        "Startup Cost": 0.43,
                        "Total Cost": 103647.43,
                        "Plan Rows": 1309782,
                        "Plan Width": 4,
                        "Actual Startup Time": 0.096,
                        "Actual Total Time": 861.89,
                        "Actual Rows": 1111733,
                        "Actual Loops": 2,
                        "Filter": "(production_year < 2012)",
                        "Rows Removed by Filter": 151194
                      },
                      {
                        "Node Type": "Sort",
                        "Parent Relationship": "Inner",
                        "Parallel Aware": false,
                        "Startup Cost": 138644.5,
                        "Total Cost": 140893.02,
                        "Plan Rows": 899408,
                        "Plan Width": 4,
                        "Actual Startup Time": 327.014,
                        "Actual Total Time": 366.495,
                        "Actual Rows": 579595,
                        "Actual Loops": 2,
                        "Sort Key": [
                          "mc.movie_id"
                        ],
                        "Sort Method": "quicksort",
                        "Sort Space Used": 51745,
                        "Sort Space Type": "Memory",
                        "Workers": [
                          {
                            "Worker Number": 0,
                            "Sort Method": "quicksort",
                            "Sort Space Used": 51745,
                            "Sort Space Type": "Memory"
                          }
                        ],
                        "Plans": [
                          {
                            "Node Type": "Index Scan",
                            "Parent Relationship": "Outer",
                            "Parallel Aware": false,
                            "Scan Direction": "Forward",
                            "Index Name": "company_type_id_movie_companies",
                            "Relation Name": "movie_companies",
                            "Alias": "mc",
                            "Startup Cost": 0.43,
                            "Total Cost": 49699.27,
                            "Plan Rows": 899408,
                            "Plan Width": 4,
                            "Actual Startup Time": 0.147,
                            "Actual Total Time": 203.667,
                            "Actual Rows": 579595,
                            "Actual Loops": 2,
                            "Index Cond": "(company_type_id = 2)",
                            "Rows Removed by Index Recheck": 0,
                            "Filter": "(company_id < 25176)",
                            "Rows Removed by Filter": 755288
                          }
                        ]
                      }
                    ]
                  },
                  {
                    "Node Type": "Index Only Scan",
                    "Parent Relationship": "Inner",
                    "Parallel Aware": false,
                    "Scan Direction": "Forward",
                    "Index Name": "movie_id_movie_info",
                    "Relation Name": "movie_info",
                    "Alias": "mi",
                    "Startup Cost": 0.43,
                    "Total Cost": 1.56,
                    "Plan Rows": 42,
                    "Plan Width": 4,
                    "Actual Startup Time": 0.002,
                    "Actual Total Time": 0.007,
                    "Actual Rows": 14,
                    "Actual Loops": 536370,
                    "Index Cond": "(movie_id = t.id)",
                    "Rows Removed by Index Recheck": 0,
                    "Heap Fetches": 7603132
                  }
                ]
              }
            ]
          }
        ]
      }
    ]
  },
  "Planning Time": 1.165,
  "Triggers": [],
  "Execution Time": 3720.379
}