[
  {
    "Plan": {
      "Node Type": "Aggregate",
      "Strategy": "Plain",
      "Partial Mode": "Finalize",
      "Parallel Aware": false,
      "Startup Cost": 206768.7,
      "Total Cost": 206768.71,
      "Plan Rows": 1,
      "Plan Width": 8,
      "Actual Startup Time": 466.803,
      "Actual Total Time": 501.204,
      "Actual Rows": 1,
      "Actual Loops": 1,
      "Plans": [
        {
          "Node Type": "Gather",
          "Parent Relationship": "Outer",
          "Parallel Aware": false,
          "Startup Cost": 206768.17,
          "Total Cost": 206768.68,
          "Plan Rows": 5,
          "Plan Width": 8,
          "Actual Startup Time": 466.705,
          "Actual Total Time": 501.195,
          "Actual Rows": 6,
          "Actual Loops": 1,
          "Workers Planned": 5,
          "Workers Launched": 5,
          "Single Copy": false,
          "Plans": [
            {
              "Node Type": "Aggregate",
              "Strategy": "Plain",
              "Partial Mode": "Partial",
              "Parent Relationship": "Outer",
              "Parallel Aware": false,
              "Startup Cost": 205768.17,
              "Total Cost": 205768.18,
              "Plan Rows": 1,
              "Plan Width": 8,
              "Actual Startup Time": 458.529,
              "Actual Total Time": 458.53,
              "Actual Rows": 1,
              "Actual Loops": 6,
              "Plans": [
                {
                  "Node Type": "Seq Scan",
                  "Parent Relationship": "Outer",
                  "Parallel Aware": true,
                  "Relation Name": "movie_info",
                  "Alias": "mi",
                  "Startup Cost": 0.0,
                  "Total Cost": 198952.16,
                  "Plan Rows": 2726404,
                  "Plan Width": 0,
                  "Actual Startup Time": 0.055,
                  "Actual Total Time": 358.46,
                  "Actual Rows": 2288900,
                  "Actual Loops": 6,
                  "Filter": "(info_type_id < 66)",
                  "Rows Removed by Filter": 183720
                }
              ]
            }
          ]
        }
      ]
    },
    "Planning Time": 0.233,
    "Triggers": [],
    "Execution Time": 501.269
  }
]