{
  "Plan": {
    "Node Type": "Aggregate",
    "Strategy": "Plain",
    "Partial Mode": "Finalize",
    "Parallel Aware": false,
    "Startup Cost": 122863.76,
    "Total Cost": 122863.77,
    "Plan Rows": 1,
    "Plan Width": 8,
    "Actual Startup Time": 511.027,
    "Actual Total Time": 528.065,
    "Actual Rows": 1,
    "Actual Loops": 1,
    "Plans": [
      {
        "Node Type": "Gather",
        "Parent Relationship": "Outer",
        "Parallel Aware": false,
        "Startup Cost": 122863.65,
        "Total Cost": 122863.76,
        "Plan Rows": 1,
        "Plan Width": 8,
        "Actual Startup Time": 509.287,
        "Actual Total Time": 528.058,
        "Actual Rows": 2,
        "Actual Loops": 1,
        "Workers Planned": 1,
        "Workers Launched": 1,
        "Single Copy": false,
        "Plans": [
          {
            "Node Type": "Aggregate",
            "Strategy": "Plain",
            "Partial Mode": "Partial",
            "Parent Relationship": "Outer",
            "Parallel Aware": false,
            "Startup Cost": 121863.65,
            "Total Cost": 121863.66,
            "Plan Rows": 1,
            "Plan Width": 8,
            "Actual Startup Time": 503.169,
            "Actual Total Time": 503.174,
            "Actual Rows": 1,
            "Actual Loops": 2,
            "Plans": [
              {
                "Node Type": "Hash Join",
                "Parent Relationship": "Outer",
                "Parallel Aware": true,
                "Join Type": "Inner",
                "Startup Cost": 87366.75,
                "Total Cost": 121322.37,
                "Plan Rows": 216513,
                "Plan Width": 0,
                "Actual Startup Time": 331.646,
                "Actual Total Time": 500.244,
                "Actual Rows": 51449,
                "Actual Loops": 2,
                "Inner Unique": true,
                "Hash Cond": "(mk.movie_id = t.id)",
                "Plans": [
                  {
                    "Node Type": "Bitmap Heap Scan",
                    "Parent Relationship": "Outer",
                    "Parallel Aware": true,
                    "Relation Name": "movie_keyword",
                    "Alias": "mk",
                    "Startup Cost": 22653.05,
                    "Total Cost": 54959.63,
                    "Plan Rows": 628206,
                    "Plan Width": 4,
                    "Actual Startup Time": 66.116,
                    "Actual Total Time": 158.513,
                    "Actual Rows": 532098,
                    "Actual Loops": 2,
                    "Recheck Cond": "(keyword_id > 16501)",
                    "Rows Removed by Index Recheck": 0,
                    "Exact Heap Blocks": 13644,
                    "Lossy Heap Blocks": 0,
                    "Plans": [
                      {
                        "Node Type": "Bitmap Index Scan",
                        "Parent Relationship": "Outer",
                        "Parallel Aware": false,
                        "Index Name": "keyword_id_movie_keyword",
                        "Startup Cost": 0.0,
                        "Total Cost": 22386.06,
                        "Plan Rows": 1067951,
                        "Plan Width": 0,
                        "Actual Startup Time": 62.452,
                        "Actual Total Time": 62.453,
                        "Actual Rows": 1064196,
                        "Actual Loops": 1,
                        "Index Cond": "(keyword_id > 16501)"
                      }
                    ]
                  },
                  {
                    "Node Type": "Hash",
                    "Parent Relationship": "Inner",
                    "Parallel Aware": true,
                    "Startup Cost": 58306.47,
                    "Total Cost": 58306.47,
                    "Plan Rows": 512578,
                    "Plan Width": 4,
                    "Actual Startup Time": 256.227,
                    "Actual Total Time": 256.228,
                    "Actual Rows": 400756,
                    "Actual Loops": 2,
                    "Hash Buckets": 1048576,
                    "Original Hash Buckets": 1048576,
                    "Hash Batches": 1,
                    "Original Hash Batches": 1,
                    "Peak Memory Usage": 39584,
                    "Plans": [
                      {
                        "Node Type": "Seq Scan",
                        "Parent Relationship": "Outer",
                        "Parallel Aware": true,
                        "Relation Name": "title",
                        "Alias": "t",
                        "Startup Cost": 0.0,
                        "Total Cost": 58306.47,
                        "Plan Rows": 512578,
                        "Plan Width": 4,
                        "Actual Startup Time": 0.034,
                        "Actual Total Time": 159.4,
                        "Actual Rows": 400756,
                        "Actual Loops": 2,
                        "Filter": "((production_year < 2006) AND (kind_id = 7))",
                        "Rows Removed by Filter": 863400
                      }
                    ]
                  }
                ]
              }
            ]
          }
        ]
      }
    ]
  },
  "Planning Time": 0.647,
  "Triggers": [],
  "Execution Time": 528.158
}