[
  {
    "Plan": {
      "Node Type": "Aggregate",
      "Strategy": "Plain",
      "Partial Mode": "Finalize",
      "Parallel Aware": false,
      "Startup Cost": 82497.58,
      "Total Cost": 82497.59,
      "Plan Rows": 1,
      "Plan Width": 8,
      "Actual Startup Time": 346.795,
      "Actual Total Time": 362.811,
      "Actual Rows": 1,
      "Actual Loops": 1,
      "Plans": [
        {
          "Node Type": "Gather",
          "Parent Relationship": "Outer",
          "Parallel Aware": false,
          "Startup Cost": 82497.26,
          "Total Cost": 82497.57,
          "Plan Rows": 3,
          "Plan Width": 8,
          "Actual Startup Time": 343.402,
          "Actual Total Time": 362.802,
          "Actual Rows": 4,
          "Actual Loops": 1,
          "Workers Planned": 3,
          "Workers Launched": 3,
          "Single Copy": false,
          "Plans": [
            {
              "Node Type": "Aggregate",
              "Strategy": "Plain",
              "Partial Mode": "Partial",
              "Parent Relationship": "Outer",
              "Parallel Aware": false,
              "Startup Cost": 81497.26,
              "Total Cost": 81497.27,
              "Plan Rows": 1,
              "Plan Width": 8,
              "Actual Startup Time": 331.489,
              "Actual Total Time": 331.492,
              "Actual Rows": 1,
              "Actual Loops": 4,
              "Plans": [
                {
                  "Node Type": "Hash Join",
                  "Parent Relationship": "Outer",
                  "Parallel Aware": true,
                  "Join Type": "Inner",
                  "Startup Cost": 48921.55,
                  "Total Cost": 81156.81,
                  "Plan Rows": 136179,
                  "Plan Width": 0,
                  "Actual Startup Time": 247.783,
                  "Actual Total Time": 329.436,
                  "Actual Rows": 50506,
                  "Actual Loops": 4,
                  "Inner Unique": true,
                  "Hash Cond": "(mc.movie_id = t.id)",
                  "Plans": [
                    {
                      "Node Type": "Seq Scan",
                      "Parent Relationship": "Outer",
                      "Parallel Aware": true,
                      "Relation Name": "movie_companies",
                      "Alias": "mc",
                      "Startup Cost": 0.0,
                      "Total Cost": 31414.82,
                      "Plan Rows": 312550,
                      "Plan Width": 4,
                      "Actual Startup Time": 28.953,
                      "Actual Total Time": 62.05,
                      "Actual Rows": 164388,
                      "Actual Loops": 4,
                      "Filter": "((company_id < 43198) AND (company_type_id = 2))",
                      "Rows Removed by Filter": 487895
                    },
                    {
                      "Node Type": "Hash",
                      "Parent Relationship": "Inner",
                      "Parallel Aware": true,
                      "Startup Cost": 45479.1,
                      "Total Cost": 45479.1,
                      "Plan Rows": 275396,
                      "Plan Width": 4,
                      "Actual Startup Time": 210.923,
                      "Actual Total Time": 210.924,
                      "Actual Rows": 298834,
                      "Actual Loops": 4,
                      "Hash Buckets": 2097152,
                      "Original Hash Buckets": 2097152,
                      "Hash Batches": 1,
                      "Original Hash Batches": 1,
                      "Peak Memory Usage": 63200,
                      "Plans": [
                        {
                          "Node Type": "Seq Scan",
                          "Parent Relationship": "Outer",
                          "Parallel Aware": true,
                          "Relation Name": "title",
                          "Alias": "t",
                          "Startup Cost": 0.0,
                          "Total Cost": 45479.1,
                          "Plan Rows": 275396,
                          "Plan Width": 4,
                          "Actual Startup Time": 0.037,
                          "Actual Total Time": 104.336,
                          "Actual Rows": 298834,
                          "Actual Loops": 4,
                          "Filter": "((kind_id > 1) AND (production_year > 1998))",
                          "Rows Removed by Filter": 333244
                        }
                      ]
                    }
                  ]
                }
              ]
            }
          ]
        }
      ]
    },
    "Planning Time": 0.704,
    "Triggers": [],
    "Execution Time": 362.876
  }
]