[
  {
    "Plan": {
      "Node Type": "Aggregate",
      "Strategy": "Plain",
      "Partial Mode": "Finalize",
      "Parallel Aware": false,
      "Startup Cost": 347573.95,
      "Total Cost": 347573.96,
      "Plan Rows": 1,
      "Plan Width": 8,
      "Actual Startup Time": 735.827,
      "Actual Total Time": 780.686,
      "Actual Rows": 1,
      "Actual Loops": 1,
      "Plans": [
        {
          "Node Type": "Gather",
          "Parent Relationship": "Outer",
          "Parallel Aware": false,
          "Startup Cost": 347573.32,
          "Total Cost": 347573.93,
          "Plan Rows": 6,
          "Plan Width": 8,
          "Actual Startup Time": 735.68,
          "Actual Total Time": 780.673,
          "Actual Rows": 7,
          "Actual Loops": 1,
          "Workers Planned": 6,
          "Workers Launched": 6,
          "Single Copy": false,
          "Plans": [
            {
              "Node Type": "Aggregate",
              "Strategy": "Plain",
              "Partial Mode": "Partial",
              "Parent Relationship": "Outer",
              "Parallel Aware": false,
              "Startup Cost": 346573.32,
              "Total Cost": 346573.33,
              "Plan Rows": 1,
              "Plan Width": 8,
              "Actual Startup Time": 727.406,
              "Actual Total Time": 727.407,
              "Actual Rows": 1,
              "Actual Loops": 7,
              "Plans": [
                {
                  "Node Type": "Seq Scan",
                  "Parent Relationship": "Outer",
                  "Parallel Aware": true,
                  "Relation Name": "cast_info",
                  "Alias": "ci",
                  "Startup Cost": 0.0,
                  "Total Cost": 343316.27,
                  "Plan Rows": 1302820,
                  "Plan Width": 0,
                  "Actual Startup Time": 305.695,
                  "Actual Total Time": 647.414,
                  "Actual Rows": 1698946,
                  "Actual Loops": 7,
                  "Filter": "((person_id > 2501176) AND (role_id > 1))",
                  "Rows Removed by Filter": 3478818
                }
              ]
            }
          ]
        }
      ]
    },
    "Planning Time": 0.114,
    "Triggers": [],
    "Execution Time": 780.731
  }
]