[
  {
    "Plan": {
      "Node Type": "Aggregate",
      "Strategy": "Plain",
      "Partial Mode": "Finalize",
      "Parallel Aware": false,
      "Startup Cost": 77281.26,
      "Total Cost": 77281.27,
      "Plan Rows": 1,
      "Plan Width": 8,
      "Actual Startup Time": 344.302,
      "Actual Total Time": 361.3,
      "Actual Rows": 1,
      "Actual Loops": 1,
      "Plans": [
        {
          "Node Type": "Gather",
          "Parent Relationship": "Outer",
          "Parallel Aware": false,
          "Startup Cost": 77280.94,
          "Total Cost": 77281.25,
          "Plan Rows": 3,
          "Plan Width": 8,
          "Actual Startup Time": 341.807,
          "Actual Total Time": 361.291,
          "Actual Rows": 4,
          "Actual Loops": 1,
          "Workers Planned": 3,
          "Workers Launched": 3,
          "Single Copy": false,
          "Plans": [
            {
              "Node Type": "Aggregate",
              "Strategy": "Plain",
              "Partial Mode": "Partial",
              "Parent Relationship": "Outer",
              "Parallel Aware": false,
              "Startup Cost": 76280.94,
              "Total Cost": 76280.95,
              "Plan Rows": 1,
              "Plan Width": 8,
              "Actual Startup Time": 332.946,
              "Actual Total Time": 332.949,
              "Actual Rows": 1,
              "Actual Loops": 4,
              "Plans": [
                {
                  "Node Type": "Hash Join",
                  "Parent Relationship": "Outer",
                  "Parallel Aware": true,
                  "Join Type": "Inner",
                  "Startup Cost": 46573.57,
                  "Total Cost": 75989.46,
                  "Plan Rows": 116591,
                  "Plan Width": 0,
                  "Actual Startup Time": 173.331,
                  "Actual Total Time": 326.084,
                  "Actual Rows": 115889,
                  "Actual Loops": 4,
                  "Inner Unique": true,
                  "Hash Cond": "(mc.movie_id = t.id)",
                  "Plans": [
                    {
                      "Node Type": "Seq Scan",
                      "Parent Relationship": "Outer",
                      "Parallel Aware": true,
                      "Relation Name": "movie_companies",
                      "Alias": "mc",
                      "Startup Cost": 0.0,
                      "Total Cost": 27206.55,
                      "Plan Rows": 841655,
                      "Plan Width": 4,
                      "Actual Startup Time": 0.022,
                      "Actual Total Time": 70.914,
                      "Actual Rows": 652282,
                      "Actual Loops": 4
                    },
                    {
                      "Node Type": "Hash",
                      "Parent Relationship": "Inner",
                      "Parallel Aware": true,
                      "Startup Cost": 45479.1,
                      "Total Cost": 45479.1,
                      "Plan Rows": 87558,
                      "Plan Width": 4,
                      "Actual Startup Time": 139.284,
                      "Actual Total Time": 139.285,
                      "Actual Rows": 66319,
                      "Actual Loops": 4,
                      "Hash Buckets": 524288,
                      "Original Hash Buckets": 524288,
                      "Hash Batches": 1,
                      "Original Hash Batches": 1,
                      "Peak Memory Usage": 14528,
                      "Plans": [
                        {
                          "Node Type": "Seq Scan",
                          "Parent Relationship": "Outer",
                          "Parallel Aware": true,
                          "Relation Name": "title",
                          "Alias": "t",
                          "Startup Cost": 0.0,
                          "Total Cost": 45479.1,
                          "Plan Rows": 87558,
                          "Plan Width": 4,
                          "Actual Startup Time": 52.595,
                          "Actual Total Time": 115.851,
                          "Actual Rows": 66319,
                          "Actual Loops": 4,
                          "Filter": "((production_year > 2001) AND (kind_id = 1))",
                          "Rows Removed by Filter": 565759
                        }
                      ]
                    }
                  ]
                }
              ]
            }
          ]
        }
      ]
    },
    "Planning Time": 0.671,
    "Triggers": [],
    "Execution Time": 361.379
  }
]