[
  {
    "Plan": {
      "Node Type": "Aggregate",
      "Strategy": "Plain",
      "Partial Mode": "Finalize",
      "Parallel Aware": false,
      "Startup Cost": 51357.05,
      "Total Cost": 51357.06,
      "Plan Rows": 1,
      "Plan Width": 8,
      "Actual Startup Time": 139.632,
      "Actual Total Time": 159.646,
      "Actual Rows": 1,
      "Actual Loops": 1,
      "Plans": [
        {
          "Node Type": "Gather",
          "Parent Relationship": "Outer",
          "Parallel Aware": false,
          "Startup Cost": 51356.63,
          "Total Cost": 51357.04,
          "Plan Rows": 4,
          "Plan Width": 8,
          "Actual Startup Time": 139.428,
          "Actual Total Time": 159.636,
          "Actual Rows": 5,
          "Actual Loops": 1,
          "Workers Planned": 4,
          "Workers Launched": 4,
          "Single Copy": false,
          "Plans": [
            {
              "Node Type": "Aggregate",
              "Strategy": "Plain",
              "Partial Mode": "Partial",
              "Parent Relationship": "Outer",
              "Parallel Aware": false,
              "Startup Cost": 50356.63,
              "Total Cost": 50356.64,
              "Plan Rows": 1,
              "Plan Width": 8,
              "Actual Startup Time": 130.427,
              "Actual Total Time": 130.43,
              "Actual Rows": 1,
              "Actual Loops": 5,
              "Plans": [
                {
                  "Node Type": "Nested Loop",
                  "Parent Relationship": "Outer",
                  "Parallel Aware": false,
                  "Join Type": "Inner",
                  "Startup Cost": 0.86,
                  "Total Cost": 50353.17,
                  "Plan Rows": 1384,
                  "Plan Width": 0,
                  "Actual Startup Time": 61.037,
                  "Actual Total Time": 129.385,
                  "Actual Rows": 9658,
                  "Actual Loops": 5,
                  "Inner Unique": false,
                  "Join Filter": "(t.id = mi.movie_id)",
                  "Rows Removed by Join Filter": 0,
                  "Plans": [
                    {
                      "Node Type": "Nested Loop",
                      "Parent Relationship": "Outer",
                      "Parallel Aware": false,
                      "Join Type": "Inner",
                      "Startup Cost": 0.43,
                      "Total Cost": 49882.01,
                      "Plan Rows": 236,
                      "Plan Width": 8,
                      "Actual Startup Time": 60.906,
                      "Actual Total Time": 100.613,
                      "Actual Rows": 1196,
                      "Actual Loops": 5,
                      "Inner Unique": false,
                      "Plans": [
                        {
                          "Node Type": "Seq Scan",
                          "Parent Relationship": "Outer",
                          "Parallel Aware": true,
                          "Relation Name": "title",
                          "Alias": "t",
                          "Startup Cost": 0.0,
                          "Total Cost": 45479.59,
                          "Plan Rows": 228,
                          "Plan Width": 4,
                          "Actual Startup Time": 60.794,
                          "Actual Total Time": 91.193,
                          "Actual Rows": 643,
                          "Actual Loops": 5,
                          "Filter": "((production_year > 2013) AND (kind_id = 1))",
                          "Rows Removed by Filter": 505019
                        },
                        {
                          "Node Type": "Index Only Scan",
                          "Parent Relationship": "Inner",
                          "Parallel Aware": false,
                          "Scan Direction": "Forward",
                          "Index Name": "movie_id_movie_companies",
                          "Relation Name": "movie_companies",
                          "Alias": "mc",
                          "Startup Cost": 0.43,
                          "Total Cost": 19.26,
                          "Plan Rows": 5,
                          "Plan Width": 4,
                          "Actual Startup Time": 0.012,
                          "Actual Total Time": 0.014,
                          "Actual Rows": 2,
                          "Actual Loops": 3217,
                          "Index Cond": "(movie_id = t.id)",
                          "Rows Removed by Index Recheck": 0,
                          "Heap Fetches": 5982
                        }
                      ]
                    },
                    {
                      "Node Type": "Index Only Scan",
                      "Parent Relationship": "Inner",
                      "Parallel Aware": false,
                      "Scan Direction": "Forward",
                      "Index Name": "movie_id_movie_info",
                      "Relation Name": "movie_info",
                      "Alias": "mi",
                      "Startup Cost": 0.43,
                      "Total Cost": 1.48,
                      "Plan Rows": 41,
                      "Plan Width": 4,
                      "Actual Startup Time": 0.009,
                      "Actual Total Time": 0.022,
                      "Actual Rows": 8,
                      "Actual Loops": 5982,
                      "Index Cond": "(movie_id = mc.movie_id)",
                      "Rows Removed by Index Recheck": 0,
                      "Heap Fetches": 48288
                    }
                  ]
                }
              ]
            }
          ]
        }
      ]
    },
    "Planning Time": 0.603,
    "Triggers": [],
    "Execution Time": 159.7
  }
]