[
  {
    "Plan": {
      "Node Type": "Aggregate",
      "Strategy": "Plain",
      "Partial Mode": "Finalize",
      "Parallel Aware": false,
      "Startup Cost": 46301.19,
      "Total Cost": 46301.2,
      "Plan Rows": 1,
      "Plan Width": 8,
      "Actual Startup Time": 168.624,
      "Actual Total Time": 177.919,
      "Actual Rows": 1,
      "Actual Loops": 1,
      "Plans": [
        {
          "Node Type": "Gather",
          "Parent Relationship": "Outer",
          "Parallel Aware": false,
          "Startup Cost": 46300.87,
          "Total Cost": 46301.18,
          "Plan Rows": 3,
          "Plan Width": 8,
          "Actual Startup Time": 168.533,
          "Actual Total Time": 177.909,
          "Actual Rows": 4,
          "Actual Loops": 1,
          "Workers Planned": 3,
          "Workers Launched": 3,
          "Single Copy": false,
          "Plans": [
            {
              "Node Type": "Aggregate",
              "Strategy": "Plain",
              "Partial Mode": "Partial",
              "Parent Relationship": "Outer",
              "Parallel Aware": false,
              "Startup Cost": 45300.87,
              "Total Cost": 45300.88,
              "Plan Rows": 1,
              "Plan Width": 8,
              "Actual Startup Time": 163.028,
              "Actual Total Time": 163.029,
              "Actual Rows": 1,
              "Actual Loops": 4,
              "Plans": [
                {
                  "Node Type": "Seq Scan",
                  "Parent Relationship": "Outer",
                  "Parallel Aware": true,
                  "Relation Name": "movie_keyword",
                  "Alias": "mk",
                  "Startup Cost": 0.0,
                  "Total Cost": 42695.65,
                  "Plan Rows": 1042088,
                  "Plan Width": 0,
                  "Actual Startup Time": 0.225,
                  "Actual Total Time": 125.445,
                  "Actual Rows": 804916,
                  "Actual Loops": 4,
                  "Filter": "(keyword_id > 1709)",
                  "Rows Removed by Filter": 326067
                }
              ]
            }
          ]
        }
      ]
    },
    "Planning Time": 0.148,
    "Triggers": [],
    "Execution Time": 177.966
  }
]