[
    {
        "Bao": {
            "Bao prediction": 480.735,
            "Bao recommended hint": "SET enable_mergejoin TO off; SET enable_indexscan TO off; "
        }
    },
    {
        "Plan": {
            "Node Type": "Aggregate",
            "Strategy": "Plain",
            "Partial Mode": "Finalize",
            "Parallel Aware": false,
            "Startup Cost": 348338.59,
            "Total Cost": 348338.6,
            "Plan Rows": 1,
            "Plan Width": 8,
            "Actual Startup Time": 1010.134,
            "Actual Total Time": 1045.616,
            "Actual Rows": 1,
            "Actual Loops": 1,
            "Output": [
                "count(*)"
            ],
            "Plans": [
                {
                    "Node Type": "Gather",
                    "Parent Relationship": "Outer",
                    "Parallel Aware": false,
                    "Startup Cost": 348337.96,
                    "Total Cost": 348338.57,
                    "Plan Rows": 6,
                    "Plan Width": 8,
                    "Actual Startup Time": 1009.888,
                    "Actual Total Time": 1045.6,
                    "Actual Rows": 7,
                    "Actual Loops": 1,
                    "Output": [
                        "(PARTIAL count(*))"
                    ],
                    "Workers Planned": 6,
                    "Workers Launched": 6,
                    "Single Copy": false,
                    "Plans": [
                        {
                            "Node Type": "Aggregate",
                            "Strategy": "Plain",
                            "Partial Mode": "Partial",
                            "Parent Relationship": "Outer",
                            "Parallel Aware": false,
                            "Startup Cost": 347337.96,
                            "Total Cost": 347337.97,
                            "Plan Rows": 1,
                            "Plan Width": 8,
                            "Actual Startup Time": 999.429,
                            "Actual Total Time": 999.431,
                            "Actual Rows": 1,
                            "Actual Loops": 7,
                            "Output": [
                                "PARTIAL count(*)"
                            ],
                            "Workers": [
                                {
                                    "Worker Number": 0,
                                    "Actual Startup Time": 997.233,
                                    "Actual Total Time": 997.235,
                                    "Actual Rows": 1,
                                    "Actual Loops": 1
                                },
                                {
                                    "Worker Number": 1,
                                    "Actual Startup Time": 997.233,
                                    "Actual Total Time": 997.235,
                                    "Actual Rows": 1,
                                    "Actual Loops": 1
                                },
                                {
                                    "Worker Number": 2,
                                    "Actual Startup Time": 997.786,
                                    "Actual Total Time": 997.788,
                                    "Actual Rows": 1,
                                    "Actual Loops": 1
                                },
                                {
                                    "Worker Number": 3,
                                    "Actual Startup Time": 997.919,
                                    "Actual Total Time": 997.92,
                                    "Actual Rows": 1,
                                    "Actual Loops": 1
                                },
                                {
                                    "Worker Number": 4,
                                    "Actual Startup Time": 997.886,
                                    "Actual Total Time": 997.889,
                                    "Actual Rows": 1,
                                    "Actual Loops": 1
                                },
                                {
                                    "Worker Number": 5,
                                    "Actual Startup Time": 999.022,
                                    "Actual Total Time": 999.025,
                                    "Actual Rows": 1,
                                    "Actual Loops": 1
                                }
                            ],
                            "Plans": [
                                {
                                    "Node Type": "Seq Scan",
                                    "Parent Relationship": "Outer",
                                    "Parallel Aware": true,
                                    "Relation Name": "cast_info",
                                    "Schema": "public",
                                    "Alias": "ci",
                                    "Startup Cost": 0.0,
                                    "Total Cost": 343318.94,
                                    "Plan Rows": 1607608,
                                    "Plan Width": 0,
                                    "Actual Startup Time": 164.058,
                                    "Actual Total Time": 941.724,
                                    "Actual Rows": 886932,
                                    "Actual Loops": 7,
                                    "Output": [
                                        "id",
                                        "person_id",
                                        "movie_id",
                                        "person_role_id",
                                        "note",
                                        "nr_order",
                                        "role_id"
                                    ],
                                    "Filter": "((ci.person_id > 881675) AND (ci.role_id < 2))",
                                    "Rows Removed by Filter": 4290832,
                                    "Workers": [
                                        {
                                            "Worker Number": 0,
                                            "Actual Startup Time": 161.847,
                                            "Actual Total Time": 940.1,
                                            "Actual Rows": 864362,
                                            "Actual Loops": 1
                                        },
                                        {
                                            "Worker Number": 1,
                                            "Actual Startup Time": 161.871,
                                            "Actual Total Time": 940.258,
                                            "Actual Rows": 861153,
                                            "Actual Loops": 1
                                        },
                                        {
                                            "Worker Number": 2,
                                            "Actual Startup Time": 162.418,
                                            "Actual Total Time": 942.601,
                                            "Actual Rows": 837054,
                                            "Actual Loops": 1
                                        },
                                        {
                                            "Worker Number": 3,
                                            "Actual Startup Time": 162.555,
                                            "Actual Total Time": 940.832,
                                            "Actual Rows": 863770,
                                            "Actual Loops": 1
                                        },
                                        {
                                            "Worker Number": 4,
                                            "Actual Startup Time": 162.526,
                                            "Actual Total Time": 942.499,
                                            "Actual Rows": 839913,
                                            "Actual Loops": 1
                                        },
                                        {
                                            "Worker Number": 5,
                                            "Actual Startup Time": 163.646,
                                            "Actual Total Time": 941.939,
                                            "Actual Rows": 863559,
                                            "Actual Loops": 1
                                        }
                                    ]
                                }
                            ]
                        }
                    ]
                }
            ]
        },
        "Planning Time": 5336.598,
        "Triggers": [],
        "Execution Time": 1045.789
    }
]