[
  {
    "Plan": {
      "Node Type": "Aggregate",
      "Strategy": "Plain",
      "Partial Mode": "Finalize",
      "Parallel Aware": false,
      "Startup Cost": 320120.72,
      "Total Cost": 320120.73,
      "Plan Rows": 1,
      "Plan Width": 8,
      "Actual Startup Time": 236.735,
      "Actual Total Time": 248.08,
      "Actual Rows": 1,
      "Actual Loops": 1,
      "Plans": [
        {
          "Node Type": "Gather",
          "Parent Relationship": "Outer",
          "Parallel Aware": false,
          "Startup Cost": 320120.09,
          "Total Cost": 320120.7,
          "Plan Rows": 6,
          "Plan Width": 8,
          "Actual Startup Time": 235.564,
          "Actual Total Time": 248.065,
          "Actual Rows": 7,
          "Actual Loops": 1,
          "Workers Planned": 6,
          "Workers Launched": 6,
          "Single Copy": false,
          "Plans": [
            {
              "Node Type": "Aggregate",
              "Strategy": "Plain",
              "Partial Mode": "Partial",
              "Parent Relationship": "Outer",
              "Parallel Aware": false,
              "Startup Cost": 319120.09,
              "Total Cost": 319120.1,
              "Plan Rows": 1,
              "Plan Width": 8,
              "Actual Startup Time": 228.387,
              "Actual Total Time": 228.389,
              "Actual Rows": 1,
              "Actual Loops": 7,
              "Plans": [
                {
                  "Node Type": "Bitmap Heap Scan",
                  "Parent Relationship": "Outer",
                  "Parallel Aware": true,
                  "Relation Name": "cast_info",
                  "Alias": "ci",
                  "Startup Cost": 59675.89,
                  "Total Cost": 317993.89,
                  "Plan Rows": 450480,
                  "Plan Width": 0,
                  "Actual Startup Time": 105.543,
                  "Actual Total Time": 206.076,
                  "Actual Rows": 400511,
                  "Actual Loops": 7,
                  "Recheck Cond": "(person_id < 269989)",
                  "Rows Removed by Index Recheck": 0,
                  "Exact Heap Blocks": 6943,
                  "Lossy Heap Blocks": 0,
                  "Plans": [
                    {
                      "Node Type": "Bitmap Index Scan",
                      "Parent Relationship": "Outer",
                      "Parallel Aware": false,
                      "Index Name": "person_id_cast_info",
                      "Startup Cost": 0.0,
                      "Total Cost": 59000.17,
                      "Plan Rows": 2702881,
                      "Plan Width": 0,
                      "Actual Startup Time": 106.362,
                      "Actual Total Time": 106.362,
                      "Actual Rows": 2803576,
                      "Actual Loops": 1,
                      "Index Cond": "(person_id < 269989)"
                    }
                  ]
                }
              ]
            }
          ]
        }
      ]
    },
    "Planning Time": 0.087,
    "Triggers": [],
    "Execution Time": 248.117
  }
]