[
  {
    "Plan": {
      "Node Type": "Aggregate",
      "Strategy": "Plain",
      "Partial Mode": "Finalize",
      "Parallel Aware": false,
      "Startup Cost": 320968.96,
      "Total Cost": 320968.97,
      "Plan Rows": 1,
      "Plan Width": 8,
      "Actual Startup Time": 283.006,
      "Actual Total Time": 292.892,
      "Actual Rows": 1,
      "Actual Loops": 1,
      "Plans": [
        {
          "Node Type": "Gather",
          "Parent Relationship": "Outer",
          "Parallel Aware": false,
          "Startup Cost": 320968.33,
          "Total Cost": 320968.94,
          "Plan Rows": 6,
          "Plan Width": 8,
          "Actual Startup Time": 281.967,
          "Actual Total Time": 292.883,
          "Actual Rows": 7,
          "Actual Loops": 1,
          "Workers Planned": 6,
          "Workers Launched": 6,
          "Single Copy": false,
          "Plans": [
            {
              "Node Type": "Aggregate",
              "Strategy": "Plain",
              "Partial Mode": "Partial",
              "Parent Relationship": "Outer",
              "Parallel Aware": false,
              "Startup Cost": 319968.33,
              "Total Cost": 319968.34,
              "Plan Rows": 1,
              "Plan Width": 8,
              "Actual Startup Time": 275.949,
              "Actual Total Time": 275.951,
              "Actual Rows": 1,
              "Actual Loops": 7,
              "Plans": [
                {
                  "Node Type": "Bitmap Heap Scan",
                  "Parent Relationship": "Outer",
                  "Parallel Aware": true,
                  "Relation Name": "cast_info",
                  "Alias": "ci",
                  "Startup Cost": 60440.17,
                  "Total Cost": 318828.14,
                  "Plan Rows": 456078,
                  "Plan Width": 0,
                  "Actual Startup Time": 159.264,
                  "Actual Total Time": 254.344,
                  "Actual Rows": 400511,
                  "Actual Loops": 7,
                  "Recheck Cond": "(person_id < 269989)",
                  "Rows Removed by Index Recheck": 0,
                  "Exact Heap Blocks": 6962,
                  "Lossy Heap Blocks": 0,
                  "Plans": [
                    {
                      "Node Type": "Bitmap Index Scan",
                      "Parent Relationship": "Outer",
                      "Parallel Aware": false,
                      "Index Name": "person_id_cast_info",
                      "Startup Cost": 0.0,
                      "Total Cost": 59756.05,
                      "Plan Rows": 2736465,
                      "Plan Width": 0,
                      "Actual Startup Time": 159.306,
                      "Actual Total Time": 159.306,
                      "Actual Rows": 2803576,
                      "Actual Loops": 1,
                      "Index Cond": "(person_id < 269989)"
                    }
                  ]
                }
              ]
            }
          ]
        }
      ]
    },
    "Planning Time": 0.204,
    "Triggers": [],
    "Execution Time": 292.97
  }
]