[
  {
    "Plan": {
      "Node Type": "Aggregate",
      "Strategy": "Plain",
      "Partial Mode": "Finalize",
      "Parallel Aware": false,
      "Startup Cost": 27505.98,
      "Total Cost": 27505.99,
      "Plan Rows": 1,
      "Plan Width": 8,
      "Actual Startup Time": 55.052,
      "Actual Total Time": 58.701,
      "Actual Rows": 1,
      "Actual Loops": 1,
      "Plans": [
        {
          "Node Type": "Gather",
          "Parent Relationship": "Outer",
          "Parallel Aware": false,
          "Startup Cost": 27505.56,
          "Total Cost": 27505.97,
          "Plan Rows": 4,
          "Plan Width": 8,
          "Actual Startup Time": 54.94,
          "Actual Total Time": 58.693,
          "Actual Rows": 5,
          "Actual Loops": 1,
          "Workers Planned": 4,
          "Workers Launched": 4,
          "Single Copy": false,
          "Plans": [
            {
              "Node Type": "Aggregate",
              "Strategy": "Plain",
              "Partial Mode": "Partial",
              "Parent Relationship": "Outer",
              "Parallel Aware": false,
              "Startup Cost": 26505.56,
              "Total Cost": 26505.57,
              "Plan Rows": 1,
              "Plan Width": 8,
              "Actual Startup Time": 46.973,
              "Actual Total Time": 46.974,
              "Actual Rows": 1,
              "Actual Loops": 5,
              "Plans": [
                {
                  "Node Type": "Index Scan",
                  "Parent Relationship": "Outer",
                  "Parallel Aware": true,
                  "Scan Direction": "Forward",
                  "Index Name": "role_id_cast_info",
                  "Relation Name": "cast_info",
                  "Alias": "ci",
                  "Startup Cost": 0.56,
                  "Total Cost": 26337.94,
                  "Plan Rows": 67046,
                  "Plan Width": 0,
                  "Actual Startup Time": 0.145,
                  "Actual Total Time": 44.839,
                  "Actual Rows": 27465,
                  "Actual Loops": 5,
                  "Index Cond": "(role_id = 5)",
                  "Rows Removed by Index Recheck": 0,
                  "Filter": "(person_id < 1014398)",
                  "Rows Removed by Filter": 152212
                }
              ]
            }
          ]
        }
      ]
    },
    "Planning Time": 0.121,
    "Triggers": [],
    "Execution Time": 58.737
  }
]