[
  {
    "Plan": {
      "Node Type": "Aggregate",
      "Strategy": "Plain",
      "Partial Mode": "Finalize",
      "Parallel Aware": false,
      "Startup Cost": 44656.18,
      "Total Cost": 44656.19,
      "Plan Rows": 1,
      "Plan Width": 8,
      "Actual Startup Time": 118.511,
      "Actual Total Time": 129.32,
      "Actual Rows": 1,
      "Actual Loops": 1,
      "Plans": [
        {
          "Node Type": "Gather",
          "Parent Relationship": "Outer",
          "Parallel Aware": false,
          "Startup Cost": 44655.86,
          "Total Cost": 44656.17,
          "Plan Rows": 3,
          "Plan Width": 8,
          "Actual Startup Time": 118.362,
          "Actual Total Time": 129.305,
          "Actual Rows": 4,
          "Actual Loops": 1,
          "Workers Planned": 3,
          "Workers Launched": 3,
          "Single Copy": false,
          "Plans": [
            {
              "Node Type": "Aggregate",
              "Strategy": "Plain",
              "Partial Mode": "Partial",
              "Parent Relationship": "Outer",
              "Parallel Aware": false,
              "Startup Cost": 43655.86,
              "Total Cost": 43655.87,
              "Plan Rows": 1,
              "Plan Width": 8,
              "Actual Startup Time": 113.09,
              "Actual Total Time": 113.091,
              "Actual Rows": 1,
              "Actual Loops": 4,
              "Plans": [
                {
                  "Node Type": "Seq Scan",
                  "Parent Relationship": "Outer",
                  "Parallel Aware": true,
                  "Relation Name": "movie_keyword",
                  "Alias": "mk",
                  "Startup Cost": 0.0,
                  "Total Cost": 42695.65,
                  "Plan Rows": 384082,
                  "Plan Width": 0,
                  "Actual Startup Time": 0.15,
                  "Actual Total Time": 99.203,
                  "Actual Rows": 298506,
                  "Actual Loops": 4,
                  "Filter": "(keyword_id < 1450)",
                  "Rows Removed by Filter": 832476
                }
              ]
            }
          ]
        }
      ]
    },
    "Planning Time": 0.183,
    "Triggers": [],
    "Execution Time": 129.377
  }
]