[
  {
    "Plan": {
      "Node Type": "Aggregate",
      "Strategy": "Plain",
      "Partial Mode": "Finalize",
      "Parallel Aware": false,
      "Startup Cost": 32710.49,
      "Total Cost": 32710.5,
      "Plan Rows": 1,
      "Plan Width": 8,
      "Actual Startup Time": 104.668,
      "Actual Total Time": 115.479,
      "Actual Rows": 1,
      "Actual Loops": 1,
      "Plans": [
        {
          "Node Type": "Gather",
          "Parent Relationship": "Outer",
          "Parallel Aware": false,
          "Startup Cost": 32710.17,
          "Total Cost": 32710.48,
          "Plan Rows": 3,
          "Plan Width": 8,
          "Actual Startup Time": 104.537,
          "Actual Total Time": 115.472,
          "Actual Rows": 4,
          "Actual Loops": 1,
          "Workers Planned": 3,
          "Workers Launched": 3,
          "Single Copy": false,
          "Plans": [
            {
              "Node Type": "Aggregate",
              "Strategy": "Plain",
              "Partial Mode": "Partial",
              "Parent Relationship": "Outer",
              "Parallel Aware": false,
              "Startup Cost": 31710.17,
              "Total Cost": 31710.18,
              "Plan Rows": 1,
              "Plan Width": 8,
              "Actual Startup Time": 98.694,
              "Actual Total Time": 98.695,
              "Actual Rows": 1,
              "Actual Loops": 4,
              "Plans": [
                {
                  "Node Type": "Seq Scan",
                  "Parent Relationship": "Outer",
                  "Parallel Aware": true,
                  "Relation Name": "movie_companies",
                  "Alias": "mc",
                  "Startup Cost": 0.0,
                  "Total Cost": 31414.82,
                  "Plan Rows": 118142,
                  "Plan Width": 0,
                  "Actual Startup Time": 47.047,
                  "Actual Total Time": 89.32,
                  "Actual Rows": 167707,
                  "Actual Loops": 4,
                  "Filter": "((company_id > 44130) AND (company_type_id = 2))",
                  "Rows Removed by Filter": 484575
                }
              ]
            }
          ]
        }
      ]
    },
    "Planning Time": 0.228,
    "Triggers": [],
    "Execution Time": 115.536
  }
]