[
  {
    "Plan": {
      "Node Type": "Aggregate",
      "Strategy": "Plain",
      "Partial Mode": "Finalize",
      "Parallel Aware": false,
      "Startup Cost": 32698.9,
      "Total Cost": 32698.91,
      "Plan Rows": 1,
      "Plan Width": 8,
      "Actual Startup Time": 87.884,
      "Actual Total Time": 95.838,
      "Actual Rows": 1,
      "Actual Loops": 1,
      "Plans": [
        {
          "Node Type": "Gather",
          "Parent Relationship": "Outer",
          "Parallel Aware": false,
          "Startup Cost": 32698.58,
          "Total Cost": 32698.89,
          "Plan Rows": 3,
          "Plan Width": 8,
          "Actual Startup Time": 87.728,
          "Actual Total Time": 95.828,
          "Actual Rows": 4,
          "Actual Loops": 1,
          "Workers Planned": 3,
          "Workers Launched": 3,
          "Single Copy": false,
          "Plans": [
            {
              "Node Type": "Aggregate",
              "Strategy": "Plain",
              "Partial Mode": "Partial",
              "Parent Relationship": "Outer",
              "Parallel Aware": false,
              "Startup Cost": 31698.58,
              "Total Cost": 31698.59,
              "Plan Rows": 1,
              "Plan Width": 8,
              "Actual Startup Time": 83.852,
              "Actual Total Time": 83.853,
              "Actual Rows": 1,
              "Actual Loops": 4,
              "Plans": [
                {
                  "Node Type": "Seq Scan",
                  "Parent Relationship": "Outer",
                  "Parallel Aware": true,
                  "Relation Name": "movie_companies",
                  "Alias": "mc",
                  "Startup Cost": 0.0,
                  "Total Cost": 31414.82,
                  "Plan Rows": 113505,
                  "Plan Width": 0,
                  "Actual Startup Time": 40.493,
                  "Actual Total Time": 76.311,
                  "Actual Rows": 167707,
                  "Actual Loops": 4,
                  "Filter": "((company_id > 44130) AND (company_type_id = 2))",
                  "Rows Removed by Filter": 484575
                }
              ]
            }
          ]
        }
      ]
    },
    "Planning Time": 0.146,
    "Triggers": [],
    "Execution Time": 95.882
  }
]