[
  {
    "Plan": {
      "Node Type": "Aggregate",
      "Strategy": "Plain",
      "Partial Mode": "Finalize",
      "Parallel Aware": false,
      "Startup Cost": 341093.18,
      "Total Cost": 341093.19,
      "Plan Rows": 1,
      "Plan Width": 8,
      "Actual Startup Time": 787.43,
      "Actual Total Time": 852.32,
      "Actual Rows": 1,
      "Actual Loops": 1,
      "Plans": [
        {
          "Node Type": "Gather",
          "Parent Relationship": "Outer",
          "Parallel Aware": false,
          "Startup Cost": 341092.55,
          "Total Cost": 341093.16,
          "Plan Rows": 6,
          "Plan Width": 8,
          "Actual Startup Time": 787.289,
          "Actual Total Time": 852.311,
          "Actual Rows": 7,
          "Actual Loops": 1,
          "Workers Planned": 6,
          "Workers Launched": 6,
          "Single Copy": false,
          "Plans": [
            {
              "Node Type": "Aggregate",
              "Strategy": "Plain",
              "Partial Mode": "Partial",
              "Parent Relationship": "Outer",
              "Parallel Aware": false,
              "Startup Cost": 340092.55,
              "Total Cost": 340092.56,
              "Plan Rows": 1,
              "Plan Width": 8,
              "Actual Startup Time": 776.683,
              "Actual Total Time": 776.684,
              "Actual Rows": 1,
              "Actual Loops": 7,
              "Plans": [
                {
                  "Node Type": "Seq Scan",
                  "Parent Relationship": "Outer",
                  "Parallel Aware": true,
                  "Relation Name": "cast_info",
                  "Alias": "ci",
                  "Startup Cost": 0.0,
                  "Total Cost": 328162.03,
                  "Plan Rows": 4772210,
                  "Plan Width": 0,
                  "Actual Startup Time": 93.592,
                  "Actual Total Time": 616.783,
                  "Actual Rows": 4066540,
                  "Actual Loops": 7,
                  "Filter": "(person_id > 757308)",
                  "Rows Removed by Filter": 1111224
                }
              ]
            }
          ]
        }
      ]
    },
    "Planning Time": 0.175,
    "Triggers": [],
    "Execution Time": 852.391
  }
]