[
    {
        "Bao": {
            "Bao prediction": 452.416,
            "Bao recommended hint": "(no hint)"
        }
    },
    {
        "Plan": {
            "Node Type": "Aggregate",
            "Strategy": "Plain",
            "Partial Mode": "Finalize",
            "Parallel Aware": false,
            "Startup Cost": 345441.22,
            "Total Cost": 345441.23,
            "Plan Rows": 1,
            "Plan Width": 8,
            "Actual Startup Time": 1010.32,
            "Actual Total Time": 1047.323,
            "Actual Rows": 1,
            "Actual Loops": 1,
            "Output": [
                "count(*)"
            ],
            "Plans": [
                {
                    "Node Type": "Gather",
                    "Parent Relationship": "Outer",
                    "Parallel Aware": false,
                    "Startup Cost": 345440.59,
                    "Total Cost": 345441.2,
                    "Plan Rows": 6,
                    "Plan Width": 8,
                    "Actual Startup Time": 1010.044,
                    "Actual Total Time": 1047.3,
                    "Actual Rows": 7,
                    "Actual Loops": 1,
                    "Output": [
                        "(PARTIAL count(*))"
                    ],
                    "Workers Planned": 6,
                    "Workers Launched": 6,
                    "Single Copy": false,
                    "Plans": [
                        {
                            "Node Type": "Aggregate",
                            "Strategy": "Plain",
                            "Partial Mode": "Partial",
                            "Parent Relationship": "Outer",
                            "Parallel Aware": false,
                            "Startup Cost": 344440.59,
                            "Total Cost": 344440.6,
                            "Plan Rows": 1,
                            "Plan Width": 8,
                            "Actual Startup Time": 998.177,
                            "Actual Total Time": 998.179,
                            "Actual Rows": 1,
                            "Actual Loops": 7,
                            "Output": [
                                "PARTIAL count(*)"
                            ],
                            "Workers": [
                                {
                                    "Worker Number": 0,
                                    "Actual Startup Time": 997.148,
                                    "Actual Total Time": 997.149,
                                    "Actual Rows": 1,
                                    "Actual Loops": 1
                                },
                                {
                                    "Worker Number": 1,
                                    "Actual Startup Time": 997.327,
                                    "Actual Total Time": 997.329,
                                    "Actual Rows": 1,
                                    "Actual Loops": 1
                                },
                                {
                                    "Worker Number": 2,
                                    "Actual Startup Time": 997.538,
                                    "Actual Total Time": 997.54,
                                    "Actual Rows": 1,
                                    "Actual Loops": 1
                                },
                                {
                                    "Worker Number": 3,
                                    "Actual Startup Time": 997.558,
                                    "Actual Total Time": 997.56,
                                    "Actual Rows": 1,
                                    "Actual Loops": 1
                                },
                                {
                                    "Worker Number": 4,
                                    "Actual Startup Time": 994.285,
                                    "Actual Total Time": 994.287,
                                    "Actual Rows": 1,
                                    "Actual Loops": 1
                                },
                                {
                                    "Worker Number": 5,
                                    "Actual Startup Time": 994.312,
                                    "Actual Total Time": 994.313,
                                    "Actual Rows": 1,
                                    "Actual Loops": 1
                                }
                            ],
                            "Plans": [
                                {
                                    "Node Type": "Seq Scan",
                                    "Parent Relationship": "Outer",
                                    "Parallel Aware": true,
                                    "Relation Name": "cast_info",
                                    "Schema": "public",
                                    "Alias": "ci",
                                    "Startup Cost": 0.0,
                                    "Total Cost": 343318.94,
                                    "Plan Rows": 448660,
                                    "Plan Width": 0,
                                    "Actual Startup Time": 604.4,
                                    "Actual Total Time": 940.873,
                                    "Actual Rows": 868072,
                                    "Actual Loops": 7,
                                    "Output": [
                                        "id",
                                        "person_id",
                                        "movie_id",
                                        "person_role_id",
                                        "note",
                                        "nr_order",
                                        "role_id"
                                    ],
                                    "Filter": "((ci.person_id > 3041511) AND (ci.role_id > 2))",
                                    "Rows Removed by Filter": 4309691,
                                    "Workers": [
                                        {
                                            "Worker Number": 0,
                                            "Actual Startup Time": 603.349,
                                            "Actual Total Time": 942.396,
                                            "Actual Rows": 762538,
                                            "Actual Loops": 1
                                        },
                                        {
                                            "Worker Number": 1,
                                            "Actual Startup Time": 603.584,
                                            "Actual Total Time": 944.483,
                                            "Actual Rows": 928317,
                                            "Actual Loops": 1
                                        },
                                        {
                                            "Worker Number": 2,
                                            "Actual Startup Time": 603.77,
                                            "Actual Total Time": 940.357,
                                            "Actual Rows": 844831,
                                            "Actual Loops": 1
                                        },
                                        {
                                            "Worker Number": 3,
                                            "Actual Startup Time": 603.767,
                                            "Actual Total Time": 940.741,
                                            "Actual Rows": 846790,
                                            "Actual Loops": 1
                                        },
                                        {
                                            "Worker Number": 4,
                                            "Actual Startup Time": 600.53,
                                            "Actual Total Time": 937.471,
                                            "Actual Rows": 812296,
                                            "Actual Loops": 1
                                        },
                                        {
                                            "Worker Number": 5,
                                            "Actual Startup Time": 600.524,
                                            "Actual Total Time": 937.477,
                                            "Actual Rows": 839399,
                                            "Actual Loops": 1
                                        }
                                    ]
                                }
                            ]
                        }
                    ]
                }
            ]
        },
        "Planning Time": 1584.198,
        "Triggers": [],
        "Execution Time": 1047.508
    }
]