{
    "Plan": {
        "Node Type": "Aggregate",
        "Strategy": "Plain",
        "Partial Mode": "Finalize",
        "Parallel Aware": false,
        "Startup Cost": 78515.44,
        "Total Cost": 78515.45,
        "Plan Rows": 1,
        "Plan Width": 8,
        "Actual Startup Time": 242.24,
        "Actual Total Time": 270.207,
        "Actual Rows": 1,
        "Actual Loops": 1,
        "Output": [
            "count(*)"
        ],
        "Plans": [
            {
                "Node Type": "Gather",
                "Parent Relationship": "Outer",
                "Parallel Aware": false,
                "Startup Cost": 78515.12,
                "Total Cost": 78515.43,
                "Plan Rows": 3,
                "Plan Width": 8,
                "Actual Startup Time": 241.24,
                "Actual Total Time": 270.196,
                "Actual Rows": 4,
                "Actual Loops": 1,
                "Output": [
                    "(PARTIAL count(*))"
                ],
                "Workers Planned": 3,
                "Workers Launched": 3,
                "Single Copy": false,
                "Plans": [
                    {
                        "Node Type": "Aggregate",
                        "Strategy": "Plain",
                        "Partial Mode": "Partial",
                        "Parent Relationship": "Outer",
                        "Parallel Aware": false,
                        "Startup Cost": 77515.12,
                        "Total Cost": 77515.13,
                        "Plan Rows": 1,
                        "Plan Width": 8,
                        "Actual Startup Time": 231.907,
                        "Actual Total Time": 231.91,
                        "Actual Rows": 1,
                        "Actual Loops": 4,
                        "Output": [
                            "PARTIAL count(*)"
                        ],
                        "Workers": [
                            {
                                "Worker Number": 0,
                                "Actual Startup Time": 228.542,
                                "Actual Total Time": 228.545,
                                "Actual Rows": 1,
                                "Actual Loops": 1
                            },
                            {
                                "Worker Number": 1,
                                "Actual Startup Time": 229.184,
                                "Actual Total Time": 229.187,
                                "Actual Rows": 1,
                                "Actual Loops": 1
                            },
                            {
                                "Worker Number": 2,
                                "Actual Startup Time": 229.457,
                                "Actual Total Time": 229.46,
                                "Actual Rows": 1,
                                "Actual Loops": 1
                            }
                        ],
                        "Plans": [
                            {
                                "Node Type": "Nested Loop",
                                "Parent Relationship": "Outer",
                                "Parallel Aware": false,
                                "Join Type": "Inner",
                                "Startup Cost": 44342.46,
                                "Total Cost": 77435.5,
                                "Plan Rows": 31849,
                                "Plan Width": 0,
                                "Actual Startup Time": 108.69,
                                "Actual Total Time": 229.057,
                                "Actual Rows": 50604,
                                "Actual Loops": 4,
                                "Inner Unique": false,
                                "Join Filter": "(t.id = mi.movie_id)",
                                "Rows Removed by Join Filter": 0,
                                "Workers": [
                                    {
                                        "Worker Number": 0,
                                        "Actual Startup Time": 105.204,
                                        "Actual Total Time": 225.949,
                                        "Actual Rows": 38561,
                                        "Actual Loops": 1
                                    },
                                    {
                                        "Worker Number": 1,
                                        "Actual Startup Time": 106.146,
                                        "Actual Total Time": 226.345,
                                        "Actual Rows": 43388,
                                        "Actual Loops": 1
                                    },
                                    {
                                        "Worker Number": 2,
                                        "Actual Startup Time": 106.127,
                                        "Actual Total Time": 226.649,
                                        "Actual Rows": 43597,
                                        "Actual Loops": 1
                                    }
                                ],
                                "Plans": [
                                    {
                                        "Node Type": "Hash Join",
                                        "Parent Relationship": "Outer",
                                        "Parallel Aware": true,
                                        "Join Type": "Inner",
                                        "Startup Cost": 44342.02,
                                        "Total Cost": 53063.18,
                                        "Plan Rows": 5457,
                                        "Plan Width": 8,
                                        "Actual Startup Time": 108.571,
                                        "Actual Total Time": 138.626,
                                        "Actual Rows": 4613,
                                        "Actual Loops": 4,
                                        "Output": [
                                            "t.id",
                                            "ci.movie_id"
                                        ],
                                        "Inner Unique": true,
                                        "Hash Cond": "(ci.movie_id = t.id)",
                                        "Workers": [
                                            {
                                                "Worker Number": 0,
                                                "Actual Startup Time": 105.036,
                                                "Actual Total Time": 131.236,
                                                "Actual Rows": 3366,
                                                "Actual Loops": 1
                                            },
                                            {
                                                "Worker Number": 1,
                                                "Actual Startup Time": 106.01,
                                                "Actual Total Time": 131.287,
                                                "Actual Rows": 4058,
                                                "Actual Loops": 1
                                            },
                                            {
                                                "Worker Number": 2,
                                                "Actual Startup Time": 106.001,
                                                "Actual Total Time": 131.879,
                                                "Actual Rows": 3925,
                                                "Actual Loops": 1
                                            }
                                        ],
                                        "Plans": [
                                            {
                                                "Node Type": "Index Scan",
                                                "Parent Relationship": "Outer",
                                                "Parallel Aware": true,
                                                "Scan Direction": "Forward",
                                                "Index Name": "role_id_cast_info",
                                                "Relation Name": "cast_info",
                                                "Schema": "public",
                                                "Alias": "ci",
                                                "Startup Cost": 0.56,
                                                "Total Cost": 8465.91,
                                                "Plan Rows": 97454,
                                                "Plan Width": 4,
                                                "Actual Startup Time": 0.029,
                                                "Actual Total Time": 10.764,
                                                "Actual Rows": 79030,
                                                "Actual Loops": 4,
                                                "Output": [
                                                    "ci.id",
                                                    "ci.person_id",
                                                    "ci.movie_id",
                                                    "ci.person_role_id",
                                                    "ci.note",
                                                    "ci.nr_order",
                                                    "ci.role_id"
                                                ],
                                                "Index Cond": "(ci.role_id > 10)",
                                                "Rows Removed by Index Recheck": 0,
                                                "Workers": [
                                                    {
                                                        "Worker Number": 0,
                                                        "Actual Startup Time": 0.032,
                                                        "Actual Total Time": 8.636,
                                                        "Actual Rows": 56550,
                                                        "Actual Loops": 1
                                                    },
                                                    {
                                                        "Worker Number": 1,
                                                        "Actual Startup Time": 0.032,
                                                        "Actual Total Time": 9.385,
                                                        "Actual Rows": 66690,
                                                        "Actual Loops": 1
                                                    },
                                                    {
                                                        "Worker Number": 2,
                                                        "Actual Startup Time": 0.025,
                                                        "Actual Total Time": 9.547,
                                                        "Actual Rows": 67470,
                                                        "Actual Loops": 1
                                                    }
                                                ]
                                            },
                                            {
                                                "Node Type": "Hash",
                                                "Parent Relationship": "Inner",
                                                "Parallel Aware": true,
                                                "Startup Cost": 43899.01,
                                                "Total Cost": 43899.01,
                                                "Plan Rows": 35396,
                                                "Plan Width": 4,
                                                "Actual Startup Time": 106.108,
                                                "Actual Total Time": 106.109,
                                                "Actual Rows": 35426,
                                                "Actual Loops": 4,
                                                "Output": [
                                                    "t.id"
                                                ],
                                                "Hash Buckets": 262144,
                                                "Original Hash Buckets": 262144,
                                                "Hash Batches": 1,
                                                "Original Hash Batches": 1,
                                                "Peak Memory Usage": 7680,
                                                "Workers": [
                                                    {
                                                        "Worker Number": 0,
                                                        "Actual Startup Time": 104.43,
                                                        "Actual Total Time": 104.431,
                                                        "Actual Rows": 28296,
                                                        "Actual Loops": 1
                                                    },
                                                    {
                                                        "Worker Number": 1,
                                                        "Actual Startup Time": 105.416,
                                                        "Actual Total Time": 105.417,
                                                        "Actual Rows": 32010,
                                                        "Actual Loops": 1
                                                    },
                                                    {
                                                        "Worker Number": 2,
                                                        "Actual Startup Time": 105.425,
                                                        "Actual Total Time": 105.426,
                                                        "Actual Rows": 31943,
                                                        "Actual Loops": 1
                                                    }
                                                ],
                                                "Plans": [
                                                    {
                                                        "Node Type": "Seq Scan",
                                                        "Parent Relationship": "Outer",
                                                        "Parallel Aware": true,
                                                        "Relation Name": "title",
                                                        "Schema": "public",
                                                        "Alias": "t",
                                                        "Startup Cost": 0.0,
                                                        "Total Cost": 43899.01,
                                                        "Plan Rows": 35396,
                                                        "Plan Width": 4,
                                                        "Actual Startup Time": 0.06,
                                                        "Actual Total Time": 92.809,
                                                        "Actual Rows": 35426,
                                                        "Actual Loops": 4,
                                                        "Output": [
                                                            "t.id"
                                                        ],
                                                        "Filter": "(t.production_year = 2010)",
                                                        "Rows Removed by Filter": 596652,
                                                        "Workers": [
                                                            {
                                                                "Worker Number": 0,
                                                                "Actual Startup Time": 0.073,
                                                                "Actual Total Time": 91.584,
                                                                "Actual Rows": 28296,
                                                                "Actual Loops": 1
                                                            },
                                                            {
                                                                "Worker Number": 1,
                                                                "Actual Startup Time": 0.063,
                                                                "Actual Total Time": 92.592,
                                                                "Actual Rows": 32010,
                                                                "Actual Loops": 1
                                                            },
                                                            {
                                                                "Worker Number": 2,
                                                                "Actual Startup Time": 0.081,
                                                                "Actual Total Time": 92.184,
                                                                "Actual Rows": 31943,
                                                                "Actual Loops": 1
                                                            }
                                                        ]
                                                    }
                                                ]
                                            }
                                        ]
                                    },
                                    {
                                        "Node Type": "Index Only Scan",
                                        "Parent Relationship": "Inner",
                                        "Parallel Aware": false,
                                        "Scan Direction": "Forward",
                                        "Index Name": "movie_id_movie_info",
                                        "Relation Name": "movie_info",
                                        "Schema": "public",
                                        "Alias": "mi",
                                        "Startup Cost": 0.43,
                                        "Total Cost": 3.98,
                                        "Plan Rows": 39,
                                        "Plan Width": 4,
                                        "Actual Startup Time": 0.007,
                                        "Actual Total Time": 0.018,
                                        "Actual Rows": 11,
                                        "Actual Loops": 18451,
                                        "Output": [
                                            "mi.movie_id"
                                        ],
                                        "Index Cond": "(mi.movie_id = ci.movie_id)",
                                        "Rows Removed by Index Recheck": 0,
                                        "Heap Fetches": 202416,
                                        "Workers": [
                                            {
                                                "Worker Number": 0,
                                                "Actual Startup Time": 0.009,
                                                "Actual Total Time": 0.027,
                                                "Actual Rows": 11,
                                                "Actual Loops": 3366
                                            },
                                            {
                                                "Worker Number": 1,
                                                "Actual Startup Time": 0.008,
                                                "Actual Total Time": 0.022,
                                                "Actual Rows": 11,
                                                "Actual Loops": 4058
                                            },
                                            {
                                                "Worker Number": 2,
                                                "Actual Startup Time": 0.008,
                                                "Actual Total Time": 0.023,
                                                "Actual Rows": 11,
                                                "Actual Loops": 3925
                                            }
                                        ]
                                    }
                                ]
                            }
                        ]
                    }
                ]
            }
        ]
    },
    "Planning Time": 1.553,
    "Triggers": [],
    "Execution Time": 270.305
}