[
  {
    "Plan": {
      "Node Type": "Aggregate",
      "Strategy": "Plain",
      "Partial Mode": "Finalize",
      "Parallel Aware": false,
      "Startup Cost": 44722.15,
      "Total Cost": 44722.16,
      "Plan Rows": 1,
      "Plan Width": 8,
      "Actual Startup Time": 128.839,
      "Actual Total Time": 136.348,
      "Actual Rows": 1,
      "Actual Loops": 1,
      "Plans": [
        {
          "Node Type": "Gather",
          "Parent Relationship": "Outer",
          "Parallel Aware": false,
          "Startup Cost": 44721.83,
          "Total Cost": 44722.14,
          "Plan Rows": 3,
          "Plan Width": 8,
          "Actual Startup Time": 128.719,
          "Actual Total Time": 136.339,
          "Actual Rows": 4,
          "Actual Loops": 1,
          "Workers Planned": 3,
          "Workers Launched": 3,
          "Single Copy": false,
          "Plans": [
            {
              "Node Type": "Aggregate",
              "Strategy": "Plain",
              "Partial Mode": "Partial",
              "Parent Relationship": "Outer",
              "Parallel Aware": false,
              "Startup Cost": 43721.83,
              "Total Cost": 43721.84,
              "Plan Rows": 1,
              "Plan Width": 8,
              "Actual Startup Time": 122.154,
              "Actual Total Time": 122.155,
              "Actual Rows": 1,
              "Actual Loops": 4,
              "Plans": [
                {
                  "Node Type": "Seq Scan",
                  "Parent Relationship": "Outer",
                  "Parallel Aware": true,
                  "Relation Name": "movie_keyword",
                  "Alias": "mk",
                  "Startup Cost": 0.0,
                  "Total Cost": 42695.65,
                  "Plan Rows": 410471,
                  "Plan Width": 0,
                  "Actual Startup Time": 1.017,
                  "Actual Total Time": 106.061,
                  "Actual Rows": 317568,
                  "Actual Loops": 4,
                  "Filter": "(keyword_id > 14009)",
                  "Rows Removed by Filter": 813415
                }
              ]
            }
          ]
        }
      ]
    },
    "Planning Time": 0.092,
    "Triggers": [],
    "Execution Time": 136.378
  }
]