{
    "Plan": {
        "Node Type": "Aggregate",
        "Strategy": "Plain",
        "Partial Mode": "Finalize",
        "Parallel Aware": false,
        "Startup Cost": 178781.91,
        "Total Cost": 178781.92,
        "Plan Rows": 1,
        "Plan Width": 8,
        "Actual Startup Time": 1480.357,
        "Actual Total Time": 1514.265,
        "Actual Rows": 1,
        "Actual Loops": 1,
        "Output": [
            "count(*)"
        ],
        "Plans": [
            {
                "Node Type": "Gather",
                "Parent Relationship": "Outer",
                "Parallel Aware": false,
                "Startup Cost": 178781.7,
                "Total Cost": 178781.91,
                "Plan Rows": 2,
                "Plan Width": 8,
                "Actual Startup Time": 1469.0,
                "Actual Total Time": 1514.255,
                "Actual Rows": 3,
                "Actual Loops": 1,
                "Output": [
                    "(PARTIAL count(*))"
                ],
                "Workers Planned": 2,
                "Workers Launched": 2,
                "Single Copy": false,
                "Plans": [
                    {
                        "Node Type": "Aggregate",
                        "Strategy": "Plain",
                        "Partial Mode": "Partial",
                        "Parent Relationship": "Outer",
                        "Parallel Aware": false,
                        "Startup Cost": 177781.7,
                        "Total Cost": 177781.71,
                        "Plan Rows": 1,
                        "Plan Width": 8,
                        "Actual Startup Time": 1460.464,
                        "Actual Total Time": 1460.469,
                        "Actual Rows": 1,
                        "Actual Loops": 3,
                        "Output": [
                            "PARTIAL count(*)"
                        ],
                        "Workers": [
                            {
                                "Worker Number": 0,
                                "Actual Startup Time": 1456.462,
                                "Actual Total Time": 1456.467,
                                "Actual Rows": 1,
                                "Actual Loops": 1
                            },
                            {
                                "Worker Number": 1,
                                "Actual Startup Time": 1456.618,
                                "Actual Total Time": 1456.623,
                                "Actual Rows": 1,
                                "Actual Loops": 1
                            }
                        ],
                        "Plans": [
                            {
                                "Node Type": "Hash Join",
                                "Parent Relationship": "Outer",
                                "Parallel Aware": true,
                                "Join Type": "Inner",
                                "Startup Cost": 161207.73,
                                "Total Cost": 177374.74,
                                "Plan Rows": 162782,
                                "Plan Width": 0,
                                "Actual Startup Time": 1271.129,
                                "Actual Total Time": 1439.477,
                                "Actual Rows": 380082,
                                "Actual Loops": 3,
                                "Inner Unique": false,
                                "Hash Cond": "(mi_idx.movie_id = t.id)",
                                "Workers": [
                                    {
                                        "Worker Number": 0,
                                        "Actual Startup Time": 1267.485,
                                        "Actual Total Time": 1437.893,
                                        "Actual Rows": 495146,
                                        "Actual Loops": 1
                                    },
                                    {
                                        "Worker Number": 1,
                                        "Actual Startup Time": 1267.558,
                                        "Actual Total Time": 1435.408,
                                        "Actual Rows": 295541,
                                        "Actual Loops": 1
                                    }
                                ],
                                "Plans": [
                                    {
                                        "Node Type": "Seq Scan",
                                        "Parent Relationship": "Outer",
                                        "Parallel Aware": true,
                                        "Relation Name": "movie_info_idx",
                                        "Schema": "public",
                                        "Alias": "mi_idx",
                                        "Startup Cost": 0.0,
                                        "Total Cost": 13685.15,
                                        "Plan Rows": 575015,
                                        "Plan Width": 4,
                                        "Actual Startup Time": 0.015,
                                        "Actual Total Time": 43.254,
                                        "Actual Rows": 460012,
                                        "Actual Loops": 3,
                                        "Output": [
                                            "mi_idx.id",
                                            "mi_idx.movie_id",
                                            "mi_idx.info_type_id",
                                            "mi_idx.info",
                                            "mi_idx.note"
                                        ],
                                        "Workers": [
                                            {
                                                "Worker Number": 0,
                                                "Actual Startup Time": 0.012,
                                                "Actual Total Time": 42.928,
                                                "Actual Rows": 590492,
                                                "Actual Loops": 1
                                            },
                                            {
                                                "Worker Number": 1,
                                                "Actual Startup Time": 0.015,
                                                "Actual Total Time": 45.515,
                                                "Actual Rows": 375061,
                                                "Actual Loops": 1
                                            }
                                        ]
                                    },
                                    {
                                        "Node Type": "Hash",
                                        "Parent Relationship": "Inner",
                                        "Parallel Aware": true,
                                        "Startup Cost": 159418.37,
                                        "Total Cost": 159418.37,
                                        "Plan Rows": 143149,
                                        "Plan Width": 8,
                                        "Actual Startup Time": 1265.021,
                                        "Actual Total Time": 1265.025,
                                        "Actual Rows": 413577,
                                        "Actual Loops": 3,
                                        "Output": [
                                            "t.id",
                                            "ci.movie_id"
                                        ],
                                        "Hash Buckets": 2097152,
                                        "Original Hash Buckets": 1048576,
                                        "Hash Batches": 1,
                                        "Original Hash Batches": 1,
                                        "Peak Memory Usage": 73152,
                                        "Workers": [
                                            {
                                                "Worker Number": 0,
                                                "Actual Startup Time": 1266.944,
                                                "Actual Total Time": 1266.948,
                                                "Actual Rows": 478102,
                                                "Actual Loops": 1
                                            },
                                            {
                                                "Worker Number": 1,
                                                "Actual Startup Time": 1267.197,
                                                "Actual Total Time": 1267.201,
                                                "Actual Rows": 366360,
                                                "Actual Loops": 1
                                            }
                                        ],
                                        "Plans": [
                                            {
                                                "Node Type": "Hash Join",
                                                "Parent Relationship": "Outer",
                                                "Parallel Aware": true,
                                                "Join Type": "Inner",
                                                "Startup Cost": 49702.6,
                                                "Total Cost": 159418.37,
                                                "Plan Rows": 143149,
                                                "Plan Width": 8,
                                                "Actual Startup Time": 456.809,
                                                "Actual Total Time": 975.552,
                                                "Actual Rows": 413577,
                                                "Actual Loops": 3,
                                                "Output": [
                                                    "t.id",
                                                    "ci.movie_id"
                                                ],
                                                "Inner Unique": true,
                                                "Hash Cond": "(ci.movie_id = t.id)",
                                                "Workers": [
                                                    {
                                                        "Worker Number": 0,
                                                        "Actual Startup Time": 456.719,
                                                        "Actual Total Time": 979.676,
                                                        "Actual Rows": 478102,
                                                        "Actual Loops": 1
                                                    },
                                                    {
                                                        "Worker Number": 1,
                                                        "Actual Startup Time": 456.718,
                                                        "Actual Total Time": 977.674,
                                                        "Actual Rows": 366360,
                                                        "Actual Loops": 1
                                                    }
                                                ],
                                                "Plans": [
                                                    {
                                                        "Node Type": "Index Scan",
                                                        "Parent Relationship": "Outer",
                                                        "Parallel Aware": true,
                                                        "Scan Direction": "Forward",
                                                        "Index Name": "role_id_cast_info",
                                                        "Relation Name": "cast_info",
                                                        "Schema": "public",
                                                        "Alias": "ci",
                                                        "Startup Cost": 0.56,
                                                        "Total Cost": 109204.72,
                                                        "Plan Rows": 194903,
                                                        "Plan Width": 4,
                                                        "Actual Startup Time": 83.012,
                                                        "Actual Total Time": 305.79,
                                                        "Actual Rows": 537843,
                                                        "Actual Loops": 3,
                                                        "Output": [
                                                            "ci.id",
                                                            "ci.person_id",
                                                            "ci.movie_id",
                                                            "ci.person_role_id",
                                                            "ci.note",
                                                            "ci.nr_order",
                                                            "ci.role_id"
                                                        ],
                                                        "Index Cond": "(ci.role_id = 3)",
                                                        "Rows Removed by Index Recheck": 0,
                                                        "Filter": "(ci.person_id > 2812140)",
                                                        "Rows Removed by Filter": 798169,
                                                        "Workers": [
                                                            {
                                                                "Worker Number": 0,
                                                                "Actual Startup Time": 82.921,
                                                                "Actual Total Time": 302.639,
                                                                "Actual Rows": 621543,
                                                                "Actual Loops": 1
                                                            },
                                                            {
                                                                "Worker Number": 1,
                                                                "Actual Startup Time": 82.961,
                                                                "Actual Total Time": 322.615,
                                                                "Actual Rows": 475139,
                                                                "Actual Loops": 1
                                                            }
                                                        ]
                                                    },
                                                    {
                                                        "Node Type": "Hash",
                                                        "Parent Relationship": "Inner",
                                                        "Parallel Aware": true,
                                                        "Startup Cost": 43899.01,
                                                        "Total Cost": 43899.01,
                                                        "Plan Rows": 464242,
                                                        "Plan Width": 4,
                                                        "Actual Startup Time": 367.34,
                                                        "Actual Total Time": 367.342,
                                                        "Actual Rows": 621829,
                                                        "Actual Loops": 3,
                                                        "Output": [
                                                            "t.id"
                                                        ],
                                                        "Hash Buckets": 2097152,
                                                        "Original Hash Buckets": 2097152,
                                                        "Hash Batches": 1,
                                                        "Original Hash Batches": 1,
                                                        "Peak Memory Usage": 89440,
                                                        "Workers": [
                                                            {
                                                                "Worker Number": 0,
                                                                "Actual Startup Time": 373.5,
                                                                "Actual Total Time": 373.501,
                                                                "Actual Rows": 708651,
                                                                "Actual Loops": 1
                                                            },
                                                            {
                                                                "Worker Number": 1,
                                                                "Actual Startup Time": 373.473,
                                                                "Actual Total Time": 373.475,
                                                                "Actual Rows": 521974,
                                                                "Actual Loops": 1
                                                            }
                                                        ],
                                                        "Plans": [
                                                            {
                                                                "Node Type": "Seq Scan",
                                                                "Parent Relationship": "Outer",
                                                                "Parallel Aware": true,
                                                                "Relation Name": "title",
                                                                "Schema": "public",
                                                                "Alias": "t",
                                                                "Startup Cost": 0.0,
                                                                "Total Cost": 43899.01,
                                                                "Plan Rows": 464242,
                                                                "Plan Width": 4,
                                                                "Actual Startup Time": 0.064,
                                                                "Actual Total Time": 159.821,
                                                                "Actual Rows": 621829,
                                                                "Actual Loops": 3,
                                                                "Output": [
                                                                    "t.id"
                                                                ],
                                                                "Filter": "(t.kind_id > 1)",
                                                                "Rows Removed by Filter": 220942,
                                                                "Workers": [
                                                                    {
                                                                        "Worker Number": 0,
                                                                        "Actual Startup Time": 0.087,
                                                                        "Actual Total Time": 163.097,
                                                                        "Actual Rows": 708651,
                                                                        "Actual Loops": 1
                                                                    },
                                                                    {
                                                                        "Worker Number": 1,
                                                                        "Actual Startup Time": 0.09,
                                                                        "Actual Total Time": 167.47,
                                                                        "Actual Rows": 521974,
                                                                        "Actual Loops": 1
                                                                    }
                                                                ]
                                                            }
                                                        ]
                                                    }
                                                ]
                                            }
                                        ]
                                    }
                                ]
                            }
                        ]
                    }
                ]
            }
        ]
    },
    "Planning Time": 1.517,
    "Triggers": [],
    "Execution Time": 1514.364
}