[
  {
    "Plan": {
      "Node Type": "Aggregate",
      "Strategy": "Plain",
      "Partial Mode": "Simple",
      "Parallel Aware": false,
      "Startup Cost": 40014.52,
      "Total Cost": 40014.53,
      "Plan Rows": 1,
      "Plan Width": 8,
      "Actual Startup Time": 58.51,
      "Actual Total Time": 58.511,
      "Actual Rows": 1,
      "Actual Loops": 1,
      "Plans": [
        {
          "Node Type": "Bitmap Heap Scan",
          "Parent Relationship": "Outer",
          "Parallel Aware": false,
          "Relation Name": "title",
          "Alias": "t",
          "Startup Cost": 2181.17,
          "Total Cost": 40012.19,
          "Plan Rows": 933,
          "Plan Width": 0,
          "Actual Startup Time": 18.642,
          "Actual Total Time": 58.449,
          "Actual Rows": 602,
          "Actual Loops": 1,
          "Recheck Cond": "(kind_id = 4)",
          "Rows Removed by Index Recheck": 0,
          "Filter": "(production_year = 1985)",
          "Rows Removed by Filter": 117632,
          "Exact Heap Blocks": 12711,
          "Lossy Heap Blocks": 0,
          "Plans": [
            {
              "Node Type": "Bitmap Index Scan",
              "Parent Relationship": "Outer",
              "Parallel Aware": false,
              "Index Name": "kind_id_title",
              "Startup Cost": 0.0,
              "Total Cost": 2180.94,
              "Plan Rows": 122201,
              "Plan Width": 0,
              "Actual Startup Time": 14.38,
              "Actual Total Time": 14.38,
              "Actual Rows": 118234,
              "Actual Loops": 1,
              "Index Cond": "(kind_id = 4)"
            }
          ]
        }
      ]
    },
    "Planning Time": 0.177,
    "Triggers": [],
    "Execution Time": 58.571
  }
]