{
  "Plan": {
    "Node Type": "Aggregate",
    "Strategy": "Plain",
    "Partial Mode": "Finalize",
    "Parallel Aware": false,
    "Startup Cost": 97521.59,
    "Total Cost": 97521.6,
    "Plan Rows": 1,
    "Plan Width": 8,
    "Actual Startup Time": 335.001,
    "Actual Total Time": 350.772,
    "Actual Rows": 1,
    "Actual Loops": 1,
    "Plans": [
      {
        "Node Type": "Gather",
        "Parent Relationship": "Outer",
        "Parallel Aware": false,
        "Startup Cost": 97521.47,
        "Total Cost": 97521.58,
        "Plan Rows": 1,
        "Plan Width": 8,
        "Actual Startup Time": 334.75,
        "Actual Total Time": 350.765,
        "Actual Rows": 2,
        "Actual Loops": 1,
        "Workers Planned": 1,
        "Workers Launched": 1,
        "Single Copy": false,
        "Plans": [
          {
            "Node Type": "Aggregate",
            "Strategy": "Plain",
            "Partial Mode": "Partial",
            "Parent Relationship": "Outer",
            "Parallel Aware": false,
            "Startup Cost": 96521.47,
            "Total Cost": 96521.48,
            "Plan Rows": 1,
            "Plan Width": 8,
            "Actual Startup Time": 329.191,
            "Actual Total Time": 329.195,
            "Actual Rows": 1,
            "Actual Loops": 2,
            "Plans": [
              {
                "Node Type": "Hash Join",
                "Parent Relationship": "Outer",
                "Parallel Aware": true,
                "Join Type": "Inner",
                "Startup Cost": 58346.57,
                "Total Cost": 96513.2,
                "Plan Rows": 3310,
                "Plan Width": 0,
                "Actual Startup Time": 137.914,
                "Actual Total Time": 328.916,
                "Actual Rows": 4766,
                "Actual Loops": 2,
                "Inner Unique": true,
                "Hash Cond": "(mc.movie_id = t.id)",
                "Plans": [
                  {
                    "Node Type": "Seq Scan",
                    "Parent Relationship": "Outer",
                    "Parallel Aware": true,
                    "Relation Name": "movie_companies",
                    "Alias": "mc",
                    "Startup Cost": 0.0,
                    "Total Cost": 34137.82,
                    "Plan Rows": 1534782,
                    "Plan Width": 4,
                    "Actual Startup Time": 0.013,
                    "Actual Total Time": 95.73,
                    "Actual Rows": 1304564,
                    "Actual Loops": 2
                  },
                  {
                    "Node Type": "Hash",
                    "Parent Relationship": "Inner",
                    "Parallel Aware": true,
                    "Startup Cost": 58306.47,
                    "Total Cost": 58306.47,
                    "Plan Rows": 3208,
                    "Plan Width": 4,
                    "Actual Startup Time": 136.335,
                    "Actual Total Time": 136.336,
                    "Actual Rows": 2620,
                    "Actual Loops": 2,
                    "Hash Buckets": 8192,
                    "Original Hash Buckets": 8192,
                    "Hash Batches": 1,
                    "Original Hash Batches": 1,
                    "Peak Memory Usage": 288,
                    "Plans": [
                      {
                        "Node Type": "Seq Scan",
                        "Parent Relationship": "Outer",
                        "Parallel Aware": true,
                        "Relation Name": "title",
                        "Alias": "t",
                        "Startup Cost": 0.0,
                        "Total Cost": 58306.47,
                        "Plan Rows": 3208,
                        "Plan Width": 4,
                        "Actual Startup Time": 0.577,
                        "Actual Total Time": 135.343,
                        "Actual Rows": 2620,
                        "Actual Loops": 2,
                        "Filter": "((kind_id < 7) AND (production_year = 1965))",
                        "Rows Removed by Filter": 1261536
                      }
                    ]
                  }
                ]
              }
            ]
          }
        ]
      }
    ]
  },
  "Planning Time": 0.492,
  "Triggers": [],
  "Execution Time": 350.841
}