{
  "Plan": {
    "Node Type": "Aggregate",
    "Strategy": "Plain",
    "Partial Mode": "Simple",
    "Parallel Aware": false,
    "Startup Cost": 683350.53,
    "Total Cost": 683350.54,
    "Plan Rows": 1,
    "Plan Width": 96,
    "Actual Startup Time": 1507.449,
    "Actual Total Time": 1507.58,
    "Actual Rows": 1,
    "Actual Loops": 1,
    "Plans": [
      {
        "Node Type": "Merge Join",
        "Parent Relationship": "Outer",
        "Parallel Aware": false,
        "Join Type": "Inner",
        "Startup Cost": 683350.5,
        "Total Cost": 683350.52,
        "Plan Rows": 1,
        "Plan Width": 48,
        "Actual Startup Time": 1506.955,
        "Actual Total Time": 1507.368,
        "Actual Rows": 1874,
        "Actual Loops": 1,
        "Inner Unique": true,
        "Merge Cond": "(ml.link_type_id = lt.id)",
        "Plans": [
          {
            "Node Type": "Sort",
            "Parent Relationship": "Outer",
            "Parallel Aware": false,
            "Startup Cost": 683349.26,
            "Total Cost": 683349.27,
            "Plan Rows": 2,
            "Plan Width": 40,
            "Actual Startup Time": 1506.931,
            "Actual Total Time": 1507.129,
            "Actual Rows": 1875,
            "Actual Loops": 1,
            "Sort Key": [
              "ml.link_type_id"
            ],
            "Sort Method": "quicksort",
            "Sort Space Used": 226,
            "Sort Space Type": "Memory",
            "Plans": [
              {
                "Node Type": "Merge Join",
                "Parent Relationship": "Outer",
                "Parallel Aware": false,
                "Join Type": "Inner",
                "Startup Cost": 669575.97,
                "Total Cost": 683349.25,
                "Plan Rows": 2,
                "Plan Width": 40,
                "Actual Startup Time": 1467.961,
                "Actual Total Time": 1506.587,
                "Actual Rows": 1894,
                "Actual Loops": 1,
                "Inner Unique": false,
                "Merge Cond": "(cn.id = mc.company_id)",
                "Plans": [
                  {
                    "Node Type": "Index Scan",
                    "Parent Relationship": "Outer",
                    "Parallel Aware": false,
                    "Scan Direction": "Forward",
                    "Index Name": "company_name_pkey",
                    "Relation Name": "company_name",
                    "Alias": "cn",
                    "Startup Cost": 0.42,
                    "Total Cost": 13644.41,
                    "Plan Rows": 55187,
                    "Plan Width": 23,
                    "Actual Startup Time": 0.183,
                    "Actual Total Time": 37.304,
                    "Actual Rows": 14128,
                    "Actual Loops": 1,
                    "Filter": "(((country_code)::text <> '[pl]'::text) AND ((name ~~ '%Film%'::text) OR (name ~~ '%Warner%'::text)))",
                    "Rows Removed by Filter": 59511
                  },
                  {
                    "Node Type": "Sort",
                    "Parent Relationship": "Inner",
                    "Parallel Aware": false,
                    "Startup Cost": 669575.55,
                    "Total Cost": 669575.57,
                    "Plan Rows": 8,
                    "Plan Width": 25,
                    "Actual Startup Time": 1467.75,
                    "Actual Total Time": 1468.199,
                    "Actual Rows": 4501,
                    "Actual Loops": 1,
                    "Sort Key": [
                      "mc.company_id"
                    ],
                    "Sort Method": "quicksort",
                    "Sort Space Used": 544,
                    "Sort Space Type": "Memory",
                    "Plans": [
                      {
                        "Node Type": "Merge Join",
                        "Parent Relationship": "Outer",
                        "Parallel Aware": false,
                        "Join Type": "Inner",
                        "Startup Cost": 659890.33,
                        "Total Cost": 669575.43,
                        "Plan Rows": 8,
                        "Plan Width": 25,
                        "Actual Startup Time": 1369.57,
                        "Actual Total Time": 1466.949,
                        "Actual Rows": 4501,
                        "Actual Loops": 1,
                        "Inner Unique": false,
                        "Merge Cond": "(t.id = ml.movie_id)",
                        "Plans": [
                          {
                            "Node Type": "Index Scan",
                            "Parent Relationship": "Outer",
                            "Parallel Aware": false,
                            "Scan Direction": "Forward",
                            "Index Name": "title_pkey",
                            "Relation Name": "title",
                            "Alias": "t",
                            "Startup Cost": 0.43,
                            "Total Cost": 123001.61,
                            "Plan Rows": 1903094,
                            "Plan Width": 21,
                            "Actual Startup Time": 0.017,
                            "Actual Total Time": 95.841,
                            "Actual Rows": 126604,
                            "Actual Loops": 1,
                            "Filter": "((production_year >= 1950) AND (production_year <= 2010))",
                            "Rows Removed by Filter": 35755
                          },
                          {
                            "Node Type": "Sort",
                            "Parent Relationship": "Inner",
                            "Parallel Aware": false,
                            "Startup Cost": 659889.9,
                            "Total Cost": 659889.93,
                            "Plan Rows": 11,
                            "Plan Width": 24,
                            "Actual Startup Time": 1364.507,
                            "Actual Total Time": 1364.838,
                            "Actual Rows": 4501,
                            "Actual Loops": 1,
                            "Sort Key": [
                              "mc.movie_id"
                            ],
                            "Sort Method": "quicksort",
                            "Sort Space Used": 544,
                            "Sort Space Type": "Memory",
                            "Plans": [
                              {
                                "Node Type": "Merge Join",
                                "Parent Relationship": "Outer",
                                "Parallel Aware": false,
                                "Join Type": "Inner",
                                "Startup Cost": 659889.22,
                                "Total Cost": 659889.71,
                                "Plan Rows": 11,
                                "Plan Width": 24,
                                "Actual Startup Time": 1362.94,
                                "Actual Total Time": 1363.74,
                                "Actual Rows": 4501,
                                "Actual Loops": 1,
                                "Inner Unique": false,
                                "Merge Cond": "(ct.id = mc.company_type_id)",
                                "Plans": [
                                  {
                                    "Node Type": "Sort",
                                    "Parent Relationship": "Outer",
                                    "Parallel Aware": false,
                                    "Startup Cost": 1.06,
                                    "Total Cost": 1.06,
                                    "Plan Rows": 1,
                                    "Plan Width": 4,
                                    "Actual Startup Time": 0.024,
                                    "Actual Total Time": 0.026,
                                    "Actual Rows": 1,
                                    "Actual Loops": 1,
                                    "Sort Key": [
                                      "ct.id"
                                    ],
                                    "Sort Method": "quicksort",
                                    "Sort Space Used": 25,
                                    "Sort Space Type": "Memory",
                                    "Plans": [
                                      {
                                        "Node Type": "Seq Scan",
                                        "Parent Relationship": "Outer",
                                        "Parallel Aware": false,
                                        "Relation Name": "company_type",
                                        "Alias": "ct",
                                        "Startup Cost": 0.0,
                                        "Total Cost": 1.05,
                                        "Plan Rows": 1,
                                        "Plan Width": 4,
                                        "Actual Startup Time": 0.008,
                                        "Actual Total Time": 0.009,
                                        "Actual Rows": 1,
                                        "Actual Loops": 1,
                                        "Filter": "((kind)::text = 'production companies'::text)",
                                        "Rows Removed by Filter": 3
                                      }
                                    ]
                                  },
                                  {
                                    "Node Type": "Sort",
                                    "Parent Relationship": "Inner",
                                    "Parallel Aware": false,
                                    "Startup Cost": 659888.16,
                                    "Total Cost": 659888.32,
                                    "Plan Rows": 65,
                                    "Plan Width": 28,
                                    "Actual Startup Time": 1362.878,
                                    "Actual Total Time": 1363.181,
                                    "Actual Rows": 4770,
                                    "Actual Loops": 1,
                                    "Sort Key": [
                                      "mc.company_type_id"
                                    ],
                                    "Sort Method": "quicksort",
                                    "Sort Space Used": 565,
                                    "Sort Space Type": "Memory",
                                    "Plans": [
                                      {
                                        "Node Type": "Merge Join",
                                        "Parent Relationship": "Outer",
                                        "Parallel Aware": false,
                                        "Join Type": "Inner",
                                        "Startup Cost": 652987.3,
                                        "Total Cost": 659886.2,
                                        "Plan Rows": 65,
                                        "Plan Width": 28,
                                        "Actual Startup Time": 1327.579,
                                        "Actual Total Time": 1362.061,
                                        "Actual Rows": 4770,
                                        "Actual Loops": 1,
                                        "Inner Unique": false,
                                        "Merge Cond": "(ml.movie_id = mc.movie_id)",
                                        "Plans": [
                                          {
                                            "Node Type": "Merge Join",
                                            "Parent Relationship": "Outer",
                                            "Parallel Aware": false,
                                            "Join Type": "Inner",
                                            "Startup Cost": 652986.87,
                                            "Total Cost": 654277.62,
                                            "Plan Rows": 27,
                                            "Plan Width": 16,
                                            "Actual Startup Time": 1327.265,
                                            "Actual Total Time": 1340.141,
                                            "Actual Rows": 805,
                                            "Actual Loops": 1,
                                            "Inner Unique": false,
                                            "Merge Cond": "(mk.movie_id = ml.movie_id)",
                                            "Plans": [
                                              {
                                                "Node Type": "Merge Join",
                                                "Parent Relationship": "Outer",
                                                "Parallel Aware": false,
                                                "Join Type": "Inner",
                                                "Startup Cost": 652984.88,
                                                "Total Cost": 657594.35,
                                                "Plan Rows": 87,
                                                "Plan Width": 8,
                                                "Actual Startup Time": 1327.189,
                                                "Actual Total Time": 1330.36,
                                                "Actual Rows": 88,
                                                "Actual Loops": 1,
                                                "Inner Unique": false,
                                                "Merge Cond": "(mk.movie_id = mi.movie_id)",
                                                "Plans": [
                                                  {
                                                    "Node Type": "Sort",
                                                    "Parent Relationship": "Outer",
                                                    "Parallel Aware": false,
                                                    "Startup Cost": 243204.9,
                                                    "Total Cost": 243204.98,
                                                    "Plan Rows": 34,
                                                    "Plan Width": 4,
                                                    "Actual Startup Time": 431.712,
                                                    "Actual Total Time": 431.723,
                                                    "Actual Rows": 48,
                                                    "Actual Loops": 1,
                                                    "Sort Key": [
                                                      "mk.movie_id"
                                                    ],
                                                    "Sort Method": "quicksort",
                                                    "Sort Space Used": 879,
                                                    "Sort Space Type": "Memory",
                                                    "Plans": [
                                                      {
                                                        "Node Type": "Merge Join",
                                                        "Parent Relationship": "Outer",
                                                        "Parallel Aware": false,
                                                        "Join Type": "Inner",
                                                        "Startup Cost": 842.63,
                                                        "Total Cost": 243204.03,
                                                        "Plan Rows": 34,
                                                        "Plan Width": 4,
                                                        "Actual Startup Time": 384.031,
                                                        "Actual Total Time": 429.629,
                                                        "Actual Rows": 10544,
                                                        "Actual Loops": 1,
                                                        "Inner Unique": false,
                                                        "Merge Cond": "(k.id = mk.keyword_id)",
                                                        "Plans": [
                                                          {
                                                            "Node Type": "Index Scan",
                                                            "Parent Relationship": "Outer",
                                                            "Parallel Aware": false,
                                                            "Scan Direction": "Forward",
                                                            "Index Name": "keyword_pkey",
                                                            "Relation Name": "keyword",
                                                            "Alias": "k",
                                                            "Startup Cost": 0.42,
                                                            "Total Cost": 5343.17,
                                                            "Plan Rows": 1,
                                                            "Plan Width": 4,
                                                            "Actual Startup Time": 0.715,
                                                            "Actual Total Time": 39.202,
                                                            "Actual Rows": 1,
                                                            "Actual Loops": 1,
                                                            "Filter": "(keyword = 'sequel'::text)",
                                                            "Rows Removed by Filter": 134169
                                                          },
                                                          {
                                                            "Node Type": "Index Scan",
                                                            "Parent Relationship": "Inner",
                                                            "Parallel Aware": false,
                                                            "Scan Direction": "Forward",
                                                            "Index Name": "keyword_id_movie_keyword",
                                                            "Relation Name": "movie_keyword",
                                                            "Alias": "mk",
                                                            "Startup Cost": 0.43,
                                                            "Total Cost": 226550.7,
                                                            "Plan Rows": 4523930,
                                                            "Plan Width": 8,
                                                            "Actual Startup Time": 0.014,
                                                            "Actual Total Time": 353.983,
                                                            "Actual Rows": 566271,
                                                            "Actual Loops": 1
                                                          }
                                                        ]
                                                      }
                                                    ]
                                                  },
                                                  {
                                                    "Node Type": "Sort",
                                                    "Parent Relationship": "Inner",
                                                    "Parallel Aware": false,
                                                    "Startup Cost": 409779.73,
                                                    "Total Cost": 412085.35,
                                                    "Plan Rows": 922248,
                                                    "Plan Width": 4,
                                                    "Actual Startup Time": 895.43,
                                                    "Actual Total Time": 896.843,
                                                    "Actual Rows": 36598,
                                                    "Actual Loops": 1,
                                                    "Sort Key": [
                                                      "mi.movie_id"
                                                    ],
                                                    "Sort Method": "quicksort",
                                                    "Sort Space Used": 68462,
                                                    "Sort Space Type": "Memory",
                                                    "Plans": [
                                                      {
                                                        "Node Type": "Gather",
                                                        "Parent Relationship": "Outer",
                                                        "Parallel Aware": false,
                                                        "Startup Cost": 1000.0,
                                                        "Total Cost": 318408.95,
                                                        "Plan Rows": 922248,
                                                        "Plan Width": 4,
                                                        "Actual Startup Time": 0.493,
                                                        "Actual Total Time": 713.134,
                                                        "Actual Rows": 936223,
                                                        "Actual Loops": 1,
                                                        "Workers Planned": 5,
                                                        "Workers Launched": 5,
                                                        "Single Copy": false,
                                                        "Plans": [
                                                          {
                                                            "Node Type": "Seq Scan",
                                                            "Parent Relationship": "Outer",
                                                            "Parallel Aware": true,
                                                            "Relation Name": "movie_info",
                                                            "Alias": "mi",
                                                            "Startup Cost": 0.0,
                                                            "Total Cost": 225184.15,
                                                            "Plan Rows": 184450,
                                                            "Plan Width": 4,
                                                            "Actual Startup Time": 0.103,
                                                            "Actual Total Time": 722.644,
                                                            "Actual Rows": 156037,
                                                            "Actual Loops": 6,
                                                            "Filter": "(info = ANY ('{Sweden,Norway,Germany,Denmark,Swedish,Denish,Norwegian,German,English}'::text[]))",
                                                            "Rows Removed by Filter": 2316583
                                                          }
                                                        ]
                                                      }
                                                    ]
                                                  }
                                                ]
                                              },
                                              {
                                                "Node Type": "Index Scan",
                                                "Parent Relationship": "Inner",
                                                "Parallel Aware": false,
                                                "Scan Direction": "Forward",
                                                "Index Name": "movie_id_movie_link",
                                                "Relation Name": "movie_link",
                                                "Alias": "ml",
                                                "Startup Cost": 0.29,
                                                "Total Cost": 1111.51,
                                                "Plan Rows": 29997,
                                                "Plan Width": 8,
                                                "Actual Startup Time": 0.031,
                                                "Actual Total Time": 7.904,
                                                "Actual Rows": 30558,
                                                "Actual Loops": 1
                                              }
                                            ]
                                          },
                                          {
                                            "Node Type": "Index Scan",
                                            "Parent Relationship": "Inner",
                                            "Parallel Aware": false,
                                            "Scan Direction": "Forward",
                                            "Index Name": "movie_id_movie_companies",
                                            "Relation Name": "movie_companies",
                                            "Alias": "mc",
                                            "Startup Cost": 0.43,
                                            "Total Cost": 140404.76,
                                            "Plan Rows": 1269863,
                                            "Plan Width": 12,
                                            "Actual Startup Time": 0.019,
                                            "Actual Total Time": 19.483,
                                            "Actual Rows": 45803,
                                            "Actual Loops": 1,
                                            "Filter": "(note IS NULL)",
                                            "Rows Removed by Filter": 43373
                                          }
                                        ]
                                      }
                                    ]
                                  }
                                ]
                              }
                            ]
                          }
                        ]
                      }
                    ]
                  }
                ]
              }
            ]
          },
          {
            "Node Type": "Sort",
            "Parent Relationship": "Inner",
            "Parallel Aware": false,
            "Startup Cost": 1.24,
            "Total Cost": 1.24,
            "Plan Rows": 1,
            "Plan Width": 16,
            "Actual Startup Time": 0.022,
            "Actual Total Time": 0.022,
            "Actual Rows": 2,
            "Actual Loops": 1,
            "Sort Key": [
              "lt.id"
            ],
            "Sort Method": "quicksort",
            "Sort Space Used": 25,
            "Sort Space Type": "Memory",
            "Plans": [
              {
                "Node Type": "Seq Scan",
                "Parent Relationship": "Outer",
                "Parallel Aware": false,
                "Relation Name": "link_type",
                "Alias": "lt",
                "Startup Cost": 0.0,
                "Total Cost": 1.23,
                "Plan Rows": 1,
                "Plan Width": 16,
                "Actual Startup Time": 0.011,
                "Actual Total Time": 0.013,
                "Actual Rows": 2,
                "Actual Loops": 1,
                "Filter": "((link)::text ~~ '%follow%'::text)",
                "Rows Removed by Filter": 16
              }
            ]
          }
        ]
      }
    ]
  },
  "Planning Time": 23.693,
  "Triggers": [],
  "Execution Time": 1514.183
}