[
  {
    "Plan": {
      "Node Type": "Aggregate",
      "Strategy": "Plain",
      "Partial Mode": "Finalize",
      "Parallel Aware": false,
      "Startup Cost": 74908.72,
      "Total Cost": 74908.73,
      "Plan Rows": 1,
      "Plan Width": 8,
      "Actual Startup Time": 185.609,
      "Actual Total Time": 200.76,
      "Actual Rows": 1,
      "Actual Loops": 1,
      "Plans": [
        {
          "Node Type": "Gather",
          "Parent Relationship": "Outer",
          "Parallel Aware": false,
          "Startup Cost": 74908.41,
          "Total Cost": 74908.72,
          "Plan Rows": 3,
          "Plan Width": 8,
          "Actual Startup Time": 185.286,
          "Actual Total Time": 200.751,
          "Actual Rows": 4,
          "Actual Loops": 1,
          "Workers Planned": 3,
          "Workers Launched": 3,
          "Single Copy": false,
          "Plans": [
            {
              "Node Type": "Aggregate",
              "Strategy": "Plain",
              "Partial Mode": "Partial",
              "Parent Relationship": "Outer",
              "Parallel Aware": false,
              "Startup Cost": 73908.41,
              "Total Cost": 73908.42,
              "Plan Rows": 1,
              "Plan Width": 8,
              "Actual Startup Time": 176.533,
              "Actual Total Time": 176.535,
              "Actual Rows": 1,
              "Actual Loops": 4,
              "Plans": [
                {
                  "Node Type": "Hash Join",
                  "Parent Relationship": "Outer",
                  "Parallel Aware": true,
                  "Join Type": "Inner",
                  "Startup Cost": 44020.07,
                  "Total Cost": 73900.09,
                  "Plan Rows": 3326,
                  "Plan Width": 0,
                  "Actual Startup Time": 118.735,
                  "Actual Total Time": 176.385,
                  "Actual Rows": 2292,
                  "Actual Loops": 4,
                  "Inner Unique": true,
                  "Hash Cond": "(mc.movie_id = t.id)",
                  "Plans": [
                    {
                      "Node Type": "Seq Scan",
                      "Parent Relationship": "Outer",
                      "Parallel Aware": true,
                      "Relation Name": "movie_companies",
                      "Alias": "mc",
                      "Startup Cost": 0.0,
                      "Total Cost": 29310.68,
                      "Plan Rows": 216893,
                      "Plan Width": 4,
                      "Actual Startup Time": 16.639,
                      "Actual Total Time": 56.866,
                      "Actual Rows": 171318,
                      "Actual Loops": 4,
                      "Filter": "(company_id > 47817)",
                      "Rows Removed by Filter": 480964
                    },
                    {
                      "Node Type": "Hash",
                      "Parent Relationship": "Inner",
                      "Parallel Aware": true,
                      "Startup Cost": 43898.92,
                      "Total Cost": 43898.92,
                      "Plan Rows": 9692,
                      "Plan Width": 4,
                      "Actual Startup Time": 100.51,
                      "Actual Total Time": 100.51,
                      "Actual Rows": 9739,
                      "Actual Loops": 4,
                      "Hash Buckets": 65536,
                      "Original Hash Buckets": 65536,
                      "Hash Batches": 1,
                      "Original Hash Batches": 1,
                      "Peak Memory Usage": 2112,
                      "Plans": [
                        {
                          "Node Type": "Seq Scan",
                          "Parent Relationship": "Outer",
                          "Parallel Aware": true,
                          "Relation Name": "title",
                          "Alias": "t",
                          "Startup Cost": 0.0,
                          "Total Cost": 43898.92,
                          "Plan Rows": 9692,
                          "Plan Width": 4,
                          "Actual Startup Time": 0.061,
                          "Actual Total Time": 95.709,
                          "Actual Rows": 9739,
                          "Actual Loops": 4,
                          "Filter": "(production_year = 1997)",
                          "Rows Removed by Filter": 622339
                        }
                      ]
                    }
                  ]
                }
              ]
            }
          ]
        }
      ]
    },
    "Planning Time": 0.677,
    "Triggers": [],
    "Execution Time": 200.894
  }
]