[
  {
    "Plan": {
      "Node Type": "Aggregate",
      "Strategy": "Plain",
      "Partial Mode": "Finalize",
      "Parallel Aware": false,
      "Startup Cost": 198816.9,
      "Total Cost": 198816.91,
      "Plan Rows": 1,
      "Plan Width": 8,
      "Actual Startup Time": 443.479,
      "Actual Total Time": 465.761,
      "Actual Rows": 1,
      "Actual Loops": 1,
      "Plans": [
        {
          "Node Type": "Gather",
          "Parent Relationship": "Outer",
          "Parallel Aware": false,
          "Startup Cost": 198816.58,
          "Total Cost": 198816.89,
          "Plan Rows": 3,
          "Plan Width": 8,
          "Actual Startup Time": 435.856,
          "Actual Total Time": 465.749,
          "Actual Rows": 4,
          "Actual Loops": 1,
          "Workers Planned": 3,
          "Workers Launched": 3,
          "Single Copy": false,
          "Plans": [
            {
              "Node Type": "Aggregate",
              "Strategy": "Plain",
              "Partial Mode": "Partial",
              "Parent Relationship": "Outer",
              "Parallel Aware": false,
              "Startup Cost": 197816.58,
              "Total Cost": 197816.59,
              "Plan Rows": 1,
              "Plan Width": 8,
              "Actual Startup Time": 423.102,
              "Actual Total Time": 423.108,
              "Actual Rows": 1,
              "Actual Loops": 4,
              "Plans": [
                {
                  "Node Type": "Nested Loop",
                  "Parent Relationship": "Outer",
                  "Parallel Aware": false,
                  "Join Type": "Inner",
                  "Startup Cost": 48998.95,
                  "Total Cost": 197083.55,
                  "Plan Rows": 293215,
                  "Plan Width": 0,
                  "Actual Startup Time": 271.763,
                  "Actual Total Time": 418.352,
                  "Actual Rows": 105986,
                  "Actual Loops": 4,
                  "Inner Unique": false,
                  "Plans": [
                    {
                      "Node Type": "Hash Join",
                      "Parent Relationship": "Outer",
                      "Parallel Aware": true,
                      "Join Type": "Inner",
                      "Startup Cost": 48998.51,
                      "Total Cost": 80707.66,
                      "Plan Rows": 49937,
                      "Plan Width": 8,
                      "Actual Startup Time": 271.624,
                      "Actual Total Time": 322.43,
                      "Actual Rows": 15107,
                      "Actual Loops": 4,
                      "Inner Unique": true,
                      "Hash Cond": "(mc.movie_id = t.id)",
                      "Plans": [
                        {
                          "Node Type": "Seq Scan",
                          "Parent Relationship": "Outer",
                          "Parallel Aware": true,
                          "Relation Name": "movie_companies",
                          "Alias": "mc",
                          "Startup Cost": 0.0,
                          "Total Cost": 31414.82,
                          "Plan Rows": 112128,
                          "Plan Width": 4,
                          "Actual Startup Time": 31.874,
                          "Actual Total Time": 60.769,
                          "Actual Rows": 48114,
                          "Actual Loops": 4,
                          "Filter": "((company_id < 1109) AND (company_type_id = 2))",
                          "Rows Removed by Filter": 604169
                        },
                        {
                          "Node Type": "Hash",
                          "Parent Relationship": "Inner",
                          "Parallel Aware": true,
                          "Startup Cost": 45479.59,
                          "Total Cost": 45479.59,
                          "Plan Rows": 281514,
                          "Plan Width": 4,
                          "Actual Startup Time": 233.637,
                          "Actual Total Time": 233.639,
                          "Actual Rows": 303272,
                          "Actual Loops": 4,
                          "Hash Buckets": 2097152,
                          "Original Hash Buckets": 2097152,
                          "Hash Batches": 1,
                          "Original Hash Batches": 1,
                          "Peak Memory Usage": 63904,
                          "Plans": [
                            {
                              "Node Type": "Seq Scan",
                              "Parent Relationship": "Outer",
                              "Parallel Aware": true,
                              "Relation Name": "title",
                              "Alias": "t",
                              "Startup Cost": 0.0,
                              "Total Cost": 45479.59,
                              "Plan Rows": 281514,
                              "Plan Width": 4,
                              "Actual Startup Time": 0.036,
                              "Actual Total Time": 115.046,
                              "Actual Rows": 303272,
                              "Actual Loops": 4,
                              "Filter": "((production_year > 1986) AND (kind_id = 7))",
                              "Rows Removed by Filter": 328806
                            }
                          ]
                        }
                      ]
                    },
                    {
                      "Node Type": "Index Only Scan",
                      "Parent Relationship": "Inner",
                      "Parallel Aware": false,
                      "Scan Direction": "Forward",
                      "Index Name": "movie_id_movie_info",
                      "Relation Name": "movie_info",
                      "Alias": "mi",
                      "Startup Cost": 0.43,
                      "Total Cost": 1.92,
                      "Plan Rows": 41,
                      "Plan Width": 4,
                      "Actual Startup Time": 0.003,
                      "Actual Total Time": 0.006,
                      "Actual Rows": 7,
                      "Actual Loops": 60427,
                      "Index Cond": "(movie_id = t.id)",
                      "Rows Removed by Index Recheck": 0,
                      "Heap Fetches": 423946
                    }
                  ]
                }
              ]
            }
          ]
        }
      ]
    },
    "Planning Time": 0.601,
    "Triggers": [],
    "Execution Time": 465.814
  }
]