{
  "Plan": {
    "Node Type": "Aggregate",
    "Strategy": "Plain",
    "Partial Mode": "Finalize",
    "Parallel Aware": false,
    "Startup Cost": 101955.73,
    "Total Cost": 101955.74,
    "Plan Rows": 1,
    "Plan Width": 8,
    "Actual Startup Time": 619.531,
    "Actual Total Time": 634.211,
    "Actual Rows": 1,
    "Actual Loops": 1,
    "Plans": [
      {
        "Node Type": "Gather",
        "Parent Relationship": "Outer",
        "Parallel Aware": false,
        "Startup Cost": 101955.61,
        "Total Cost": 101955.72,
        "Plan Rows": 1,
        "Plan Width": 8,
        "Actual Startup Time": 617.985,
        "Actual Total Time": 634.204,
        "Actual Rows": 2,
        "Actual Loops": 1,
        "Workers Planned": 1,
        "Workers Launched": 1,
        "Single Copy": false,
        "Plans": [
          {
            "Node Type": "Aggregate",
            "Strategy": "Plain",
            "Partial Mode": "Partial",
            "Parent Relationship": "Outer",
            "Parallel Aware": false,
            "Startup Cost": 100955.61,
            "Total Cost": 100955.62,
            "Plan Rows": 1,
            "Plan Width": 8,
            "Actual Startup Time": 611.954,
            "Actual Total Time": 611.958,
            "Actual Rows": 1,
            "Actual Loops": 2,
            "Plans": [
              {
                "Node Type": "Hash Join",
                "Parent Relationship": "Outer",
                "Parallel Aware": true,
                "Join Type": "Inner",
                "Startup Cost": 38163.69,
                "Total Cost": 100172.3,
                "Plan Rows": 313327,
                "Plan Width": 0,
                "Actual Startup Time": 169.733,
                "Actual Total Time": 597.919,
                "Actual Rows": 270636,
                "Actual Loops": 2,
                "Inner Unique": false,
                "Hash Cond": "(t.id = mc.movie_id)",
                "Plans": [
                  {
                    "Node Type": "Seq Scan",
                    "Parent Relationship": "Outer",
                    "Parallel Aware": true,
                    "Relation Name": "title",
                    "Alias": "t",
                    "Startup Cost": 0.0,
                    "Total Cost": 50870.31,
                    "Plan Rows": 1487231,
                    "Plan Width": 4,
                    "Actual Startup Time": 0.013,
                    "Actual Total Time": 135.882,
                    "Actual Rows": 1264156,
                    "Actual Loops": 2
                  },
                  {
                    "Node Type": "Hash",
                    "Parent Relationship": "Inner",
                    "Parallel Aware": true,
                    "Startup Cost": 34247.1,
                    "Total Cost": 34247.1,
                    "Plan Rows": 313327,
                    "Plan Width": 4,
                    "Actual Startup Time": 160.925,
                    "Actual Total Time": 160.927,
                    "Actual Rows": 270636,
                    "Actual Loops": 2,
                    "Hash Buckets": 1048576,
                    "Original Hash Buckets": 1048576,
                    "Hash Batches": 1,
                    "Original Hash Batches": 1,
                    "Peak Memory Usage": 29376,
                    "Plans": [
                      {
                        "Node Type": "Bitmap Heap Scan",
                        "Parent Relationship": "Outer",
                        "Parallel Aware": true,
                        "Relation Name": "movie_companies",
                        "Alias": "mc",
                        "Startup Cost": 11540.51,
                        "Total Cost": 34247.1,
                        "Plan Rows": 313327,
                        "Plan Width": 4,
                        "Actual Startup Time": 40.918,
                        "Actual Total Time": 94.692,
                        "Actual Rows": 270636,
                        "Actual Loops": 2,
                        "Recheck Cond": "(company_id > 72142)",
                        "Rows Removed by Index Recheck": 0,
                        "Exact Heap Blocks": 5111,
                        "Lossy Heap Blocks": 0,
                        "Plans": [
                          {
                            "Node Type": "Bitmap Index Scan",
                            "Parent Relationship": "Outer",
                            "Parallel Aware": false,
                            "Index Name": "company_id_movie_companies",
                            "Startup Cost": 0.0,
                            "Total Cost": 11407.35,
                            "Plan Rows": 532656,
                            "Plan Width": 0,
                            "Actual Startup Time": 39.785,
                            "Actual Total Time": 39.785,
                            "Actual Rows": 541272,
                            "Actual Loops": 1,
                            "Index Cond": "(company_id > 72142)"
                          }
                        ]
                      }
                    ]
                  }
                ]
              }
            ]
          }
        ]
      }
    ]
  },
  "Planning Time": 0.597,
  "Triggers": [],
  "Execution Time": 634.3
}