[
  {
    "Plan": {
      "Node Type": "Aggregate",
      "Strategy": "Plain",
      "Partial Mode": "Finalize",
      "Parallel Aware": false,
      "Startup Cost": 619591.73,
      "Total Cost": 619591.74,
      "Plan Rows": 1,
      "Plan Width": 8,
      "Actual Startup Time": 6630.885,
      "Actual Total Time": 6718.501,
      "Actual Rows": 1,
      "Actual Loops": 1,
      "Plans": [
        {
          "Node Type": "Gather",
          "Parent Relationship": "Outer",
          "Parallel Aware": false,
          "Startup Cost": 619591.2,
          "Total Cost": 619591.71,
          "Plan Rows": 5,
          "Plan Width": 8,
          "Actual Startup Time": 6579.807,
          "Actual Total Time": 6718.486,
          "Actual Rows": 6,
          "Actual Loops": 1,
          "Workers Planned": 5,
          "Workers Launched": 5,
          "Single Copy": false,
          "Plans": [
            {
              "Node Type": "Aggregate",
              "Strategy": "Plain",
              "Partial Mode": "Partial",
              "Parent Relationship": "Outer",
              "Parallel Aware": false,
              "Startup Cost": 618591.2,
              "Total Cost": 618591.21,
              "Plan Rows": 1,
              "Plan Width": 8,
              "Actual Startup Time": 6550.054,
              "Actual Total Time": 6551.426,
              "Actual Rows": 1,
              "Actual Loops": 6,
              "Plans": [
                {
                  "Node Type": "Hash Join",
                  "Parent Relationship": "Outer",
                  "Parallel Aware": true,
                  "Join Type": "Inner",
                  "Startup Cost": 392421.2,
                  "Total Cost": 604478.04,
                  "Plan Rows": 5645264,
                  "Plan Width": 0,
                  "Actual Startup Time": 1978.117,
                  "Actual Total Time": 5640.973,
                  "Actual Rows": 22059088,
                  "Actual Loops": 6,
                  "Inner Unique": false,
                  "Hash Cond": "(mi.movie_id = t.id)",
                  "Plans": [
                    {
                      "Node Type": "Seq Scan",
                      "Parent Relationship": "Outer",
                      "Parallel Aware": true,
                      "Relation Name": "movie_info",
                      "Alias": "mi",
                      "Startup Cost": 0.0,
                      "Total Cost": 191560.33,
                      "Plan Rows": 2956733,
                      "Plan Width": 4,
                      "Actual Startup Time": 0.031,
                      "Actual Total Time": 312.101,
                      "Actual Rows": 2472620,
                      "Actual Loops": 6
                    },
                    {
                      "Node Type": "Hash",
                      "Parent Relationship": "Inner",
                      "Parallel Aware": true,
                      "Startup Cost": 382364.43,
                      "Total Cost": 382364.43,
                      "Plan Rows": 804541,
                      "Plan Width": 8,
                      "Actual Startup Time": 1964.884,
                      "Actual Total Time": 1966.254,
                      "Actual Rows": 860568,
                      "Actual Loops": 6,
                      "Hash Buckets": 8388608,
                      "Original Hash Buckets": 8388608,
                      "Hash Batches": 1,
                      "Original Hash Batches": 1,
                      "Peak Memory Usage": 267616,
                      "Plans": [
                        {
                          "Node Type": "Hash Join",
                          "Parent Relationship": "Outer",
                          "Parallel Aware": true,
                          "Join Type": "Inner",
                          "Startup Cost": 48311.74,
                          "Total Cost": 382364.43,
                          "Plan Rows": 804541,
                          "Plan Width": 8,
                          "Actual Startup Time": 148.635,
                          "Actual Total Time": 1512.82,
                          "Actual Rows": 860568,
                          "Actual Loops": 6,
                          "Inner Unique": true,
                          "Hash Cond": "(ci.movie_id = t.id)",
                          "Plans": [
                            {
                              "Node Type": "Seq Scan",
                              "Parent Relationship": "Outer",
                              "Parallel Aware": true,
                              "Relation Name": "cast_info",
                              "Alias": "ci",
                              "Startup Cost": 0.0,
                              "Total Cost": 328162.03,
                              "Plan Rows": 2244061,
                              "Plan Width": 4,
                              "Actual Startup Time": 0.024,
                              "Actual Total Time": 673.805,
                              "Actual Rows": 2244330,
                              "Actual Loops": 6,
                              "Filter": "(person_id < 1327307)",
                              "Rows Removed by Filter": 3796394
                            },
                            {
                              "Node Type": "Hash",
                              "Parent Relationship": "Inner",
                              "Parallel Aware": true,
                              "Startup Cost": 45479.1,
                              "Total Cost": 45479.1,
                              "Plan Rows": 226611,
                              "Plan Width": 4,
                              "Actual Startup Time": 147.518,
                              "Actual Total Time": 147.519,
                              "Actual Rows": 138350,
                              "Actual Loops": 6,
                              "Hash Buckets": 1048576,
                              "Original Hash Buckets": 1048576,
                              "Hash Batches": 1,
                              "Original Hash Batches": 1,
                              "Peak Memory Usage": 40768,
                              "Plans": [
                                {
                                  "Node Type": "Seq Scan",
                                  "Parent Relationship": "Outer",
                                  "Parallel Aware": true,
                                  "Relation Name": "title",
                                  "Alias": "t",
                                  "Startup Cost": 0.0,
                                  "Total Cost": 45479.1,
                                  "Plan Rows": 226611,
                                  "Plan Width": 4,
                                  "Actual Startup Time": 0.049,
                                  "Actual Total Time": 88.65,
                                  "Actual Rows": 138350,
                                  "Actual Loops": 6,
                                  "Filter": "((kind_id < 7) AND (production_year > 1942))",
                                  "Rows Removed by Filter": 283036
                                }
                              ]
                            }
                          ]
                        }
                      ]
                    }
                  ]
                }
              ]
            }
          ]
        }
      ]
    },
    "Planning Time": 1.321,
    "Triggers": [],
    "Execution Time": 6718.591
  }
]