{
  "Plan": {
    "Node Type": "Aggregate",
    "Strategy": "Plain",
    "Partial Mode": "Finalize",
    "Parallel Aware": false,
    "Startup Cost": 103961.77,
    "Total Cost": 103961.78,
    "Plan Rows": 1,
    "Plan Width": 8,
    "Actual Startup Time": 414.29,
    "Actual Total Time": 429.921,
    "Actual Rows": 1,
    "Actual Loops": 1,
    "Plans": [
      {
        "Node Type": "Gather",
        "Parent Relationship": "Outer",
        "Parallel Aware": false,
        "Startup Cost": 103961.66,
        "Total Cost": 103961.77,
        "Plan Rows": 1,
        "Plan Width": 8,
        "Actual Startup Time": 413.282,
        "Actual Total Time": 429.913,
        "Actual Rows": 2,
        "Actual Loops": 1,
        "Workers Planned": 1,
        "Workers Launched": 1,
        "Single Copy": false,
        "Plans": [
          {
            "Node Type": "Aggregate",
            "Strategy": "Plain",
            "Partial Mode": "Partial",
            "Parent Relationship": "Outer",
            "Parallel Aware": false,
            "Startup Cost": 102961.66,
            "Total Cost": 102961.67,
            "Plan Rows": 1,
            "Plan Width": 8,
            "Actual Startup Time": 407.104,
            "Actual Total Time": 407.109,
            "Actual Rows": 1,
            "Actual Loops": 2,
            "Plans": [
              {
                "Node Type": "Hash Join",
                "Parent Relationship": "Outer",
                "Parallel Aware": true,
                "Join Type": "Inner",
                "Startup Cost": 40893.89,
                "Total Cost": 102798.79,
                "Plan Rows": 65147,
                "Plan Width": 0,
                "Actual Startup Time": 166.001,
                "Actual Total Time": 404.394,
                "Actual Rows": 61534,
                "Actual Loops": 2,
                "Inner Unique": false,
                "Hash Cond": "(t.id = mc.movie_id)",
                "Plans": [
                  {
                    "Node Type": "Seq Scan",
                    "Parent Relationship": "Outer",
                    "Parallel Aware": true,
                    "Relation Name": "title",
                    "Alias": "t",
                    "Startup Cost": 0.0,
                    "Total Cost": 58306.47,
                    "Plan Rows": 514434,
                    "Plan Width": 4,
                    "Actual Startup Time": 0.014,
                    "Actual Total Time": 140.692,
                    "Actual Rows": 478650,
                    "Actual Loops": 2,
                    "Filter": "((production_year > 1999) AND (kind_id = 7))",
                    "Rows Removed by Filter": 785506
                  },
                  {
                    "Node Type": "Hash",
                    "Parent Relationship": "Inner",
                    "Parallel Aware": true,
                    "Startup Cost": 38539.62,
                    "Total Cost": 38539.62,
                    "Plan Rows": 188341,
                    "Plan Width": 4,
                    "Actual Startup Time": 160.385,
                    "Actual Total Time": 160.387,
                    "Actual Rows": 233146,
                    "Actual Loops": 2,
                    "Hash Buckets": 524288,
                    "Original Hash Buckets": 524288,
                    "Hash Batches": 1,
                    "Original Hash Batches": 1,
                    "Peak Memory Usage": 22368,
                    "Plans": [
                      {
                        "Node Type": "Bitmap Heap Scan",
                        "Parent Relationship": "Outer",
                        "Parallel Aware": true,
                        "Relation Name": "movie_companies",
                        "Alias": "mc",
                        "Startup Cost": 14010.62,
                        "Total Cost": 38539.62,
                        "Plan Rows": 188341,
                        "Plan Width": 4,
                        "Actual Startup Time": 40.082,
                        "Actual Total Time": 115.367,
                        "Actual Rows": 233146,
                        "Actual Loops": 2,
                        "Recheck Cond": "(company_id < 874)",
                        "Rows Removed by Index Recheck": 0,
                        "Filter": "(company_type_id = 1)",
                        "Rows Removed by Filter": 91182,
                        "Exact Heap Blocks": 11064,
                        "Lossy Heap Blocks": 0,
                        "Plans": [
                          {
                            "Node Type": "Bitmap Index Scan",
                            "Parent Relationship": "Outer",
                            "Parallel Aware": false,
                            "Index Name": "company_id_movie_companies",
                            "Startup Cost": 0.0,
                            "Total Cost": 13930.58,
                            "Plan Rows": 650420,
                            "Plan Width": 0,
                            "Actual Startup Time": 37.592,
                            "Actual Total Time": 37.593,
                            "Actual Rows": 648656,
                            "Actual Loops": 1,
                            "Index Cond": "(company_id < 874)"
                          }
                        ]
                      }
                    ]
                  }
                ]
              }
            ]
          }
        ]
      }
    ]
  },
  "Planning Time": 0.662,
  "Triggers": [],
  "Execution Time": 430.014
}