[
  {
    "Plan": {
      "Node Type": "Aggregate",
      "Strategy": "Plain",
      "Partial Mode": "Finalize",
      "Parallel Aware": false,
      "Startup Cost": 45040.91,
      "Total Cost": 45040.92,
      "Plan Rows": 1,
      "Plan Width": 8,
      "Actual Startup Time": 131.732,
      "Actual Total Time": 138.376,
      "Actual Rows": 1,
      "Actual Loops": 1,
      "Plans": [
        {
          "Node Type": "Gather",
          "Parent Relationship": "Outer",
          "Parallel Aware": false,
          "Startup Cost": 45040.59,
          "Total Cost": 45040.9,
          "Plan Rows": 3,
          "Plan Width": 8,
          "Actual Startup Time": 131.602,
          "Actual Total Time": 138.368,
          "Actual Rows": 4,
          "Actual Loops": 1,
          "Workers Planned": 3,
          "Workers Launched": 3,
          "Single Copy": false,
          "Plans": [
            {
              "Node Type": "Aggregate",
              "Strategy": "Plain",
              "Partial Mode": "Partial",
              "Parent Relationship": "Outer",
              "Parallel Aware": false,
              "Startup Cost": 44040.59,
              "Total Cost": 44040.6,
              "Plan Rows": 1,
              "Plan Width": 8,
              "Actual Startup Time": 126.569,
              "Actual Total Time": 126.57,
              "Actual Rows": 1,
              "Actual Loops": 4,
              "Plans": [
                {
                  "Node Type": "Seq Scan",
                  "Parent Relationship": "Outer",
                  "Parallel Aware": true,
                  "Relation Name": "movie_keyword",
                  "Alias": "mk",
                  "Startup Cost": 0.0,
                  "Total Cost": 42695.65,
                  "Plan Rows": 537974,
                  "Plan Width": 0,
                  "Actual Startup Time": 0.614,
                  "Actual Total Time": 106.645,
                  "Actual Rows": 412843,
                  "Actual Loops": 4,
                  "Filter": "(keyword_id > 8864)",
                  "Rows Removed by Filter": 718139
                }
              ]
            }
          ]
        }
      ]
    },
    "Planning Time": 0.096,
    "Triggers": [],
    "Execution Time": 138.414
  }
]