[
    {
        "Bao": {
            "Bao prediction": 418.677,
            "Bao recommended hint": "SET enable_mergejoin TO off; SET enable_indexscan TO off; "
        }
    },
    {
        "Plan": {
            "Node Type": "Aggregate",
            "Strategy": "Plain",
            "Partial Mode": "Simple",
            "Parallel Aware": false,
            "Startup Cost": 392.21,
            "Total Cost": 392.22,
            "Plan Rows": 1,
            "Plan Width": 8,
            "Actual Startup Time": 0.344,
            "Actual Total Time": 0.346,
            "Actual Rows": 1,
            "Actual Loops": 1,
            "Output": [
                "count(*)"
            ],
            "Plans": [
                {
                    "Node Type": "Bitmap Heap Scan",
                    "Parent Relationship": "Outer",
                    "Parallel Aware": false,
                    "Relation Name": "movie_companies",
                    "Schema": "public",
                    "Alias": "mc",
                    "Startup Cost": 5.22,
                    "Total Cost": 391.95,
                    "Plan Rows": 102,
                    "Plan Width": 0,
                    "Actual Startup Time": 0.086,
                    "Actual Total Time": 0.32,
                    "Actual Rows": 94,
                    "Actual Loops": 1,
                    "Recheck Cond": "(mc.company_id = 101748)",
                    "Rows Removed by Index Recheck": 0,
                    "Exact Heap Blocks": 77,
                    "Lossy Heap Blocks": 0,
                    "Plans": [
                        {
                            "Node Type": "Bitmap Index Scan",
                            "Parent Relationship": "Outer",
                            "Parallel Aware": false,
                            "Index Name": "company_id_movie_companies",
                            "Startup Cost": 0.0,
                            "Total Cost": 5.19,
                            "Plan Rows": 102,
                            "Plan Width": 0,
                            "Actual Startup Time": 0.048,
                            "Actual Total Time": 0.048,
                            "Actual Rows": 94,
                            "Actual Loops": 1,
                            "Index Cond": "(mc.company_id = 101748)"
                        }
                    ]
                }
            ]
        },
        "Planning Time": 1218.674,
        "Triggers": [],
        "Execution Time": 0.446
    }
]