{
  "Plan": {
    "Node Type": "Aggregate",
    "Strategy": "Plain",
    "Partial Mode": "Simple",
    "Parallel Aware": false,
    "Startup Cost": 222787.51,
    "Total Cost": 222787.52,
    "Plan Rows": 1,
    "Plan Width": 8,
    "Actual Startup Time": 2990.212,
    "Actual Total Time": 2990.215,
    "Actual Rows": 1,
    "Actual Loops": 1,
    "Plans": [
      {
        "Node Type": "Hash Join",
        "Parent Relationship": "Outer",
        "Parallel Aware": false,
        "Join Type": "Inner",
        "Startup Cost": 221718.93,
        "Total Cost": 222786.16,
        "Plan Rows": 542,
        "Plan Width": 0,
        "Actual Startup Time": 2990.177,
        "Actual Total Time": 2990.204,
        "Actual Rows": 113,
        "Actual Loops": 1,
        "Inner Unique": false,
        "Hash Cond": "(ci.movie_id = t.id)",
        "Plans": [
          {
            "Node Type": "Index Scan",
            "Parent Relationship": "Outer",
            "Parallel Aware": false,
            "Scan Direction": "Forward",
            "Index Name": "person_id_cast_info",
            "Relation Name": "cast_info",
            "Alias": "ci",
            "Startup Cost": 0.56,
            "Total Cost": 1059.67,
            "Plan Rows": 433,
            "Plan Width": 4,
            "Actual Startup Time": 0.094,
            "Actual Total Time": 0.108,
            "Actual Rows": 23,
            "Actual Loops": 1,
            "Index Cond": "(person_id = 181035)",
            "Rows Removed by Index Recheck": 0,
            "Filter": "(role_id < 10)",
            "Rows Removed by Filter": 0
          },
          {
            "Node Type": "Hash",
            "Parent Relationship": "Inner",
            "Parallel Aware": false,
            "Startup Cost": 182188.91,
            "Total Cost": 182188.91,
            "Plan Rows": 3162356,
            "Plan Width": 8,
            "Actual Startup Time": 2958.372,
            "Actual Total Time": 2958.373,
            "Actual Rows": 3156837,
            "Actual Loops": 1,
            "Hash Buckets": 4194304,
            "Original Hash Buckets": 4194304,
            "Hash Batches": 1,
            "Original Hash Batches": 1,
            "Peak Memory Usage": 156082,
            "Plans": [
              {
                "Node Type": "Hash Join",
                "Parent Relationship": "Outer",
                "Parallel Aware": false,
                "Join Type": "Inner",
                "Startup Cost": 92884.59,
                "Total Cost": 182188.91,
                "Plan Rows": 3162356,
                "Plan Width": 8,
                "Actual Startup Time": 1120.229,
                "Actual Total Time": 2352.145,
                "Actual Rows": 3156837,
                "Actual Loops": 1,
                "Inner Unique": true,
                "Hash Cond": "(mk.movie_id = t.id)",
                "Plans": [
                  {
                    "Node Type": "Seq Scan",
                    "Parent Relationship": "Outer",
                    "Parallel Aware": false,
                    "Relation Name": "movie_keyword",
                    "Alias": "mk",
                    "Startup Cost": 0.0,
                    "Total Cost": 81003.12,
                    "Plan Rows": 3162356,
                    "Plan Width": 4,
                    "Actual Startup Time": 0.016,
                    "Actual Total Time": 536.033,
                    "Actual Rows": 3156837,
                    "Actual Loops": 1,
                    "Filter": "(keyword_id < 12218)",
                    "Rows Removed by Filter": 1367093
                  },
                  {
                    "Node Type": "Hash",
                    "Parent Relationship": "Inner",
                    "Parallel Aware": false,
                    "Startup Cost": 61280.93,
                    "Total Cost": 61280.93,
                    "Plan Rows": 2528293,
                    "Plan Width": 4,
                    "Actual Startup Time": 1097.22,
                    "Actual Total Time": 1097.221,
                    "Actual Rows": 2528312,
                    "Actual Loops": 1,
                    "Hash Buckets": 4194304,
                    "Original Hash Buckets": 4194304,
                    "Hash Batches": 1,
                    "Original Hash Batches": 1,
                    "Peak Memory Usage": 121654,
                    "Plans": [
                      {
                        "Node Type": "Seq Scan",
                        "Parent Relationship": "Outer",
                        "Parallel Aware": false,
                        "Relation Name": "title",
                        "Alias": "t",
                        "Startup Cost": 0.0,
                        "Total Cost": 61280.93,
                        "Plan Rows": 2528293,
                        "Plan Width": 4,
                        "Actual Startup Time": 0.014,
                        "Actual Total Time": 357.283,
                        "Actual Rows": 2528312,
                        "Actual Loops": 1
                      }
                    ]
                  }
                ]
              }
            ]
          }
        ]
      }
    ]
  },
  "Planning Time": 0.553,
  "Triggers": [],
  "Execution Time": 3003.121
}