{
    "Plan": {
        "Node Type": "Aggregate",
        "Strategy": "Plain",
        "Partial Mode": "Finalize",
        "Parallel Aware": false,
        "Startup Cost": 247545.27,
        "Total Cost": 247545.28,
        "Plan Rows": 1,
        "Plan Width": 8,
        "Actual Startup Time": 451.735,
        "Actual Total Time": 490.898,
        "Actual Rows": 1,
        "Actual Loops": 1,
        "Output": [
            "count(*)"
        ],
        "Plans": [
            {
                "Node Type": "Gather",
                "Parent Relationship": "Outer",
                "Parallel Aware": false,
                "Startup Cost": 247544.75,
                "Total Cost": 247545.26,
                "Plan Rows": 5,
                "Plan Width": 8,
                "Actual Startup Time": 447.727,
                "Actual Total Time": 490.887,
                "Actual Rows": 6,
                "Actual Loops": 1,
                "Output": [
                    "(PARTIAL count(*))"
                ],
                "Workers Planned": 5,
                "Workers Launched": 5,
                "Single Copy": false,
                "Plans": [
                    {
                        "Node Type": "Aggregate",
                        "Strategy": "Plain",
                        "Partial Mode": "Partial",
                        "Parent Relationship": "Outer",
                        "Parallel Aware": false,
                        "Startup Cost": 246544.75,
                        "Total Cost": 246544.76,
                        "Plan Rows": 1,
                        "Plan Width": 8,
                        "Actual Startup Time": 437.178,
                        "Actual Total Time": 437.182,
                        "Actual Rows": 1,
                        "Actual Loops": 6,
                        "Output": [
                            "PARTIAL count(*)"
                        ],
                        "Workers": [
                            {
                                "Worker Number": 0,
                                "Actual Startup Time": 434.963,
                                "Actual Total Time": 434.965,
                                "Actual Rows": 1,
                                "Actual Loops": 1
                            },
                            {
                                "Worker Number": 1,
                                "Actual Startup Time": 435.407,
                                "Actual Total Time": 435.41,
                                "Actual Rows": 1,
                                "Actual Loops": 1
                            },
                            {
                                "Worker Number": 2,
                                "Actual Startup Time": 435.235,
                                "Actual Total Time": 435.238,
                                "Actual Rows": 1,
                                "Actual Loops": 1
                            },
                            {
                                "Worker Number": 3,
                                "Actual Startup Time": 435.278,
                                "Actual Total Time": 435.281,
                                "Actual Rows": 1,
                                "Actual Loops": 1
                            },
                            {
                                "Worker Number": 4,
                                "Actual Startup Time": 435.287,
                                "Actual Total Time": 435.29,
                                "Actual Rows": 1,
                                "Actual Loops": 1
                            }
                        ],
                        "Plans": [
                            {
                                "Node Type": "Hash Join",
                                "Parent Relationship": "Outer",
                                "Parallel Aware": true,
                                "Join Type": "Inner",
                                "Startup Cost": 47189.67,
                                "Total Cost": 246463.67,
                                "Plan Rows": 32433,
                                "Plan Width": 0,
                                "Actual Startup Time": 157.484,
                                "Actual Total Time": 436.862,
                                "Actual Rows": 7483,
                                "Actual Loops": 6,
                                "Inner Unique": true,
                                "Hash Cond": "(mi.movie_id = t.id)",
                                "Workers": [
                                    {
                                        "Worker Number": 0,
                                        "Actual Startup Time": 155.282,
                                        "Actual Total Time": 434.643,
                                        "Actual Rows": 7633,
                                        "Actual Loops": 1
                                    },
                                    {
                                        "Worker Number": 1,
                                        "Actual Startup Time": 155.281,
                                        "Actual Total Time": 435.092,
                                        "Actual Rows": 7551,
                                        "Actual Loops": 1
                                    },
                                    {
                                        "Worker Number": 2,
                                        "Actual Startup Time": 155.541,
                                        "Actual Total Time": 434.934,
                                        "Actual Rows": 7187,
                                        "Actual Loops": 1
                                    },
                                    {
                                        "Worker Number": 3,
                                        "Actual Startup Time": 155.598,
                                        "Actual Total Time": 434.954,
                                        "Actual Rows": 7590,
                                        "Actual Loops": 1
                                    },
                                    {
                                        "Worker Number": 4,
                                        "Actual Startup Time": 155.825,
                                        "Actual Total Time": 435.025,
                                        "Actual Rows": 6123,
                                        "Actual Loops": 1
                                    }
                                ],
                                "Plans": [
                                    {
                                        "Node Type": "Seq Scan",
                                        "Parent Relationship": "Outer",
                                        "Parallel Aware": true,
                                        "Relation Name": "movie_info",
                                        "Schema": "public",
                                        "Alias": "mi",
                                        "Startup Cost": 0.0,
                                        "Total Cost": 198880.74,
                                        "Plan Rows": 149813,
                                        "Plan Width": 4,
                                        "Actual Startup Time": 27.323,
                                        "Actual Total Time": 276.229,
                                        "Actual Rows": 133690,
                                        "Actual Loops": 6,
                                        "Output": [
                                            "mi.id",
                                            "mi.movie_id",
                                            "mi.info_type_id",
                                            "mi.info",
                                            "mi.note"
                                        ],
                                        "Filter": "(mi.info_type_id = 1)",
                                        "Rows Removed by Filter": 2338930,
                                        "Workers": [
                                            {
                                                "Worker Number": 0,
                                                "Actual Startup Time": 27.282,
                                                "Actual Total Time": 276.799,
                                                "Actual Rows": 137875,
                                                "Actual Loops": 1
                                            },
                                            {
                                                "Worker Number": 1,
                                                "Actual Startup Time": 27.261,
                                                "Actual Total Time": 276.59,
                                                "Actual Rows": 135506,
                                                "Actual Loops": 1
                                            },
                                            {
                                                "Worker Number": 2,
                                                "Actual Startup Time": 27.306,
                                                "Actual Total Time": 275.864,
                                                "Actual Rows": 119338,
                                                "Actual Loops": 1
                                            },
                                            {
                                                "Worker Number": 3,
                                                "Actual Startup Time": 27.263,
                                                "Actual Total Time": 276.657,
                                                "Actual Rows": 136324,
                                                "Actual Loops": 1
                                            },
                                            {
                                                "Worker Number": 4,
                                                "Actual Startup Time": 27.429,
                                                "Actual Total Time": 276.142,
                                                "Actual Rows": 121166,
                                                "Actual Loops": 1
                                            }
                                        ]
                                    },
                                    {
                                        "Node Type": "Hash",
                                        "Parent Relationship": "Inner",
                                        "Parallel Aware": true,
                                        "Startup Cost": 45479.21,
                                        "Total Cost": 45479.21,
                                        "Plan Rows": 136837,
                                        "Plan Width": 4,
                                        "Actual Startup Time": 126.166,
                                        "Actual Total Time": 126.168,
                                        "Actual Rows": 100400,
                                        "Actual Loops": 6,
                                        "Output": [
                                            "t.id"
                                        ],
                                        "Hash Buckets": 1048576,
                                        "Original Hash Buckets": 1048576,
                                        "Hash Batches": 1,
                                        "Original Hash Batches": 1,
                                        "Peak Memory Usage": 31840,
                                        "Workers": [
                                            {
                                                "Worker Number": 0,
                                                "Actual Startup Time": 127.182,
                                                "Actual Total Time": 127.183,
                                                "Actual Rows": 93196,
                                                "Actual Loops": 1
                                            },
                                            {
                                                "Worker Number": 1,
                                                "Actual Startup Time": 127.231,
                                                "Actual Total Time": 127.232,
                                                "Actual Rows": 90801,
                                                "Actual Loops": 1
                                            },
                                            {
                                                "Worker Number": 2,
                                                "Actual Startup Time": 127.432,
                                                "Actual Total Time": 127.433,
                                                "Actual Rows": 87434,
                                                "Actual Loops": 1
                                            },
                                            {
                                                "Worker Number": 3,
                                                "Actual Startup Time": 127.527,
                                                "Actual Total Time": 127.528,
                                                "Actual Rows": 93253,
                                                "Actual Loops": 1
                                            },
                                            {
                                                "Worker Number": 4,
                                                "Actual Startup Time": 127.503,
                                                "Actual Total Time": 127.505,
                                                "Actual Rows": 86542,
                                                "Actual Loops": 1
                                            }
                                        ],
                                        "Plans": [
                                            {
                                                "Node Type": "Seq Scan",
                                                "Parent Relationship": "Outer",
                                                "Parallel Aware": true,
                                                "Relation Name": "title",
                                                "Schema": "public",
                                                "Alias": "t",
                                                "Startup Cost": 0.0,
                                                "Total Cost": 45479.21,
                                                "Plan Rows": 136837,
                                                "Plan Width": 4,
                                                "Actual Startup Time": 0.058,
                                                "Actual Total Time": 77.176,
                                                "Actual Rows": 100400,
                                                "Actual Loops": 6,
                                                "Output": [
                                                    "t.id"
                                                ],
                                                "Filter": "((t.production_year > 2006) AND (t.kind_id = 7))",
                                                "Rows Removed by Filter": 320985,
                                                "Workers": [
                                                    {
                                                        "Worker Number": 0,
                                                        "Actual Startup Time": 0.079,
                                                        "Actual Total Time": 78.838,
                                                        "Actual Rows": 93196,
                                                        "Actual Loops": 1
                                                    },
                                                    {
                                                        "Worker Number": 1,
                                                        "Actual Startup Time": 0.075,
                                                        "Actual Total Time": 78.281,
                                                        "Actual Rows": 90801,
                                                        "Actual Loops": 1
                                                    },
                                                    {
                                                        "Worker Number": 2,
                                                        "Actual Startup Time": 0.061,
                                                        "Actual Total Time": 77.99,
                                                        "Actual Rows": 87434,
                                                        "Actual Loops": 1
                                                    },
                                                    {
                                                        "Worker Number": 3,
                                                        "Actual Startup Time": 0.06,
                                                        "Actual Total Time": 78.796,
                                                        "Actual Rows": 93253,
                                                        "Actual Loops": 1
                                                    },
                                                    {
                                                        "Worker Number": 4,
                                                        "Actual Startup Time": 0.056,
                                                        "Actual Total Time": 78.063,
                                                        "Actual Rows": 86542,
                                                        "Actual Loops": 1
                                                    }
                                                ]
                                            }
                                        ]
                                    }
                                ]
                            }
                        ]
                    }
                ]
            }
        ]
    },
    "Planning Time": 0.679,
    "Triggers": [],
    "Execution Time": 490.972
}