[
    {
        "Bao": {
            "Bao prediction": 446.938,
            "Bao recommended hint": "(no hint)"
        }
    },
    {
        "Plan": {
            "Node Type": "Aggregate",
            "Strategy": "Plain",
            "Partial Mode": "Finalize",
            "Parallel Aware": false,
            "Startup Cost": 44419.01,
            "Total Cost": 44419.02,
            "Plan Rows": 1,
            "Plan Width": 8,
            "Actual Startup Time": 160.098,
            "Actual Total Time": 168.181,
            "Actual Rows": 1,
            "Actual Loops": 1,
            "Output": [
                "count(*)"
            ],
            "Plans": [
                {
                    "Node Type": "Gather",
                    "Parent Relationship": "Outer",
                    "Parallel Aware": false,
                    "Startup Cost": 44418.69,
                    "Total Cost": 44419.0,
                    "Plan Rows": 3,
                    "Plan Width": 8,
                    "Actual Startup Time": 159.976,
                    "Actual Total Time": 168.172,
                    "Actual Rows": 4,
                    "Actual Loops": 1,
                    "Output": [
                        "(PARTIAL count(*))"
                    ],
                    "Workers Planned": 3,
                    "Workers Launched": 3,
                    "Single Copy": false,
                    "Plans": [
                        {
                            "Node Type": "Aggregate",
                            "Strategy": "Plain",
                            "Partial Mode": "Partial",
                            "Parent Relationship": "Outer",
                            "Parallel Aware": false,
                            "Startup Cost": 43418.69,
                            "Total Cost": 43418.7,
                            "Plan Rows": 1,
                            "Plan Width": 8,
                            "Actual Startup Time": 152.156,
                            "Actual Total Time": 152.157,
                            "Actual Rows": 1,
                            "Actual Loops": 4,
                            "Output": [
                                "PARTIAL count(*)"
                            ],
                            "Workers": [
                                {
                                    "Worker Number": 0,
                                    "Actual Startup Time": 149.546,
                                    "Actual Total Time": 149.548,
                                    "Actual Rows": 1,
                                    "Actual Loops": 1
                                },
                                {
                                    "Worker Number": 1,
                                    "Actual Startup Time": 149.555,
                                    "Actual Total Time": 149.556,
                                    "Actual Rows": 1,
                                    "Actual Loops": 1
                                },
                                {
                                    "Worker Number": 2,
                                    "Actual Startup Time": 150.142,
                                    "Actual Total Time": 150.143,
                                    "Actual Rows": 1,
                                    "Actual Loops": 1
                                }
                            ],
                            "Plans": [
                                {
                                    "Node Type": "Seq Scan",
                                    "Parent Relationship": "Outer",
                                    "Parallel Aware": true,
                                    "Relation Name": "movie_keyword",
                                    "Schema": "public",
                                    "Alias": "mk",
                                    "Startup Cost": 0.0,
                                    "Total Cost": 42695.65,
                                    "Plan Rows": 289215,
                                    "Plan Width": 0,
                                    "Actual Startup Time": 4.892,
                                    "Actual Total Time": 135.451,
                                    "Actual Rows": 218959,
                                    "Actual Loops": 4,
                                    "Output": [
                                        "id",
                                        "movie_id",
                                        "keyword_id"
                                    ],
                                    "Filter": "(mk.keyword_id > 21086)",
                                    "Rows Removed by Filter": 912024,
                                    "Workers": [
                                        {
                                            "Worker Number": 0,
                                            "Actual Startup Time": 2.286,
                                            "Actual Total Time": 133.21,
                                            "Actual Rows": 208195,
                                            "Actual Loops": 1
                                        },
                                        {
                                            "Worker Number": 1,
                                            "Actual Startup Time": 2.272,
                                            "Actual Total Time": 133.336,
                                            "Actual Rows": 207507,
                                            "Actual Loops": 1
                                        },
                                        {
                                            "Worker Number": 2,
                                            "Actual Startup Time": 2.905,
                                            "Actual Total Time": 133.845,
                                            "Actual Rows": 204273,
                                            "Actual Loops": 1
                                        }
                                    ]
                                }
                            ]
                        }
                    ]
                }
            ]
        },
        "Planning Time": 1011.369,
        "Triggers": [],
        "Execution Time": 168.271
    }
]