[
  {
    "Plan": {
      "Node Type": "Aggregate",
      "Strategy": "Plain",
      "Partial Mode": "Finalize",
      "Parallel Aware": false,
      "Startup Cost": 257290.07,
      "Total Cost": 257290.08,
      "Plan Rows": 1,
      "Plan Width": 8,
      "Actual Startup Time": 301.449,
      "Actual Total Time": 317.499,
      "Actual Rows": 1,
      "Actual Loops": 1,
      "Plans": [
        {
          "Node Type": "Gather",
          "Parent Relationship": "Outer",
          "Parallel Aware": false,
          "Startup Cost": 257289.44,
          "Total Cost": 257290.05,
          "Plan Rows": 6,
          "Plan Width": 8,
          "Actual Startup Time": 301.34,
          "Actual Total Time": 317.487,
          "Actual Rows": 7,
          "Actual Loops": 1,
          "Workers Planned": 6,
          "Workers Launched": 6,
          "Single Copy": false,
          "Plans": [
            {
              "Node Type": "Aggregate",
              "Strategy": "Plain",
              "Partial Mode": "Partial",
              "Parent Relationship": "Outer",
              "Parallel Aware": false,
              "Startup Cost": 256289.44,
              "Total Cost": 256289.45,
              "Plan Rows": 1,
              "Plan Width": 8,
              "Actual Startup Time": 291.641,
              "Actual Total Time": 291.642,
              "Actual Rows": 1,
              "Actual Loops": 7,
              "Plans": [
                {
                  "Node Type": "Index Scan",
                  "Parent Relationship": "Outer",
                  "Parallel Aware": true,
                  "Scan Direction": "Forward",
                  "Index Name": "role_id_cast_info",
                  "Relation Name": "cast_info",
                  "Alias": "ci",
                  "Startup Cost": 0.56,
                  "Total Cost": 255086.64,
                  "Plan Rows": 481120,
                  "Plan Width": 0,
                  "Actual Startup Time": 0.203,
                  "Actual Total Time": 281.365,
                  "Actual Rows": 206950,
                  "Actual Loops": 7,
                  "Index Cond": "(role_id > 4)",
                  "Rows Removed by Index Recheck": 0,
                  "Filter": "(person_id < 1083222)",
                  "Rows Removed by Filter": 1133722
                }
              ]
            }
          ]
        }
      ]
    },
    "Planning Time": 0.247,
    "Triggers": [],
    "Execution Time": 317.576
  }
]