[
  {
    "Plan": {
      "Node Type": "Aggregate",
      "Strategy": "Plain",
      "Partial Mode": "Finalize",
      "Parallel Aware": false,
      "Startup Cost": 347479.92,
      "Total Cost": 347479.93,
      "Plan Rows": 1,
      "Plan Width": 8,
      "Actual Startup Time": 670.719,
      "Actual Total Time": 712.212,
      "Actual Rows": 1,
      "Actual Loops": 1,
      "Plans": [
        {
          "Node Type": "Gather",
          "Parent Relationship": "Outer",
          "Parallel Aware": false,
          "Startup Cost": 347479.3,
          "Total Cost": 347479.91,
          "Plan Rows": 6,
          "Plan Width": 8,
          "Actual Startup Time": 670.501,
          "Actual Total Time": 712.203,
          "Actual Rows": 7,
          "Actual Loops": 1,
          "Workers Planned": 6,
          "Workers Launched": 6,
          "Single Copy": false,
          "Plans": [
            {
              "Node Type": "Aggregate",
              "Strategy": "Plain",
              "Partial Mode": "Partial",
              "Parent Relationship": "Outer",
              "Parallel Aware": false,
              "Startup Cost": 346479.3,
              "Total Cost": 346479.31,
              "Plan Rows": 1,
              "Plan Width": 8,
              "Actual Startup Time": 660.154,
              "Actual Total Time": 660.156,
              "Actual Rows": 1,
              "Actual Loops": 7,
              "Plans": [
                {
                  "Node Type": "Seq Scan",
                  "Parent Relationship": "Outer",
                  "Parallel Aware": true,
                  "Relation Name": "cast_info",
                  "Alias": "ci",
                  "Startup Cost": 0.0,
                  "Total Cost": 343316.27,
                  "Plan Rows": 1265211,
                  "Plan Width": 0,
                  "Actual Startup Time": 312.186,
                  "Actual Total Time": 592.335,
                  "Actual Rows": 1572338,
                  "Actual Loops": 7,
                  "Filter": "((person_id > 1928014) AND (role_id > 2))",
                  "Rows Removed by Filter": 3605425
                }
              ]
            }
          ]
        }
      ]
    },
    "Planning Time": 0.103,
    "Triggers": [],
    "Execution Time": 712.256
  }
]