[
  {
    "Plan": {
      "Node Type": "Aggregate",
      "Strategy": "Plain",
      "Partial Mode": "Finalize",
      "Parallel Aware": false,
      "Startup Cost": 347468.55,
      "Total Cost": 347468.56,
      "Plan Rows": 1,
      "Plan Width": 8,
      "Actual Startup Time": 722.061,
      "Actual Total Time": 780.227,
      "Actual Rows": 1,
      "Actual Loops": 1,
      "Plans": [
        {
          "Node Type": "Gather",
          "Parent Relationship": "Outer",
          "Parallel Aware": false,
          "Startup Cost": 347467.92,
          "Total Cost": 347468.53,
          "Plan Rows": 6,
          "Plan Width": 8,
          "Actual Startup Time": 721.812,
          "Actual Total Time": 780.215,
          "Actual Rows": 7,
          "Actual Loops": 1,
          "Workers Planned": 6,
          "Workers Launched": 6,
          "Single Copy": false,
          "Plans": [
            {
              "Node Type": "Aggregate",
              "Strategy": "Plain",
              "Partial Mode": "Partial",
              "Parent Relationship": "Outer",
              "Parallel Aware": false,
              "Startup Cost": 346467.92,
              "Total Cost": 346467.93,
              "Plan Rows": 1,
              "Plan Width": 8,
              "Actual Startup Time": 711.593,
              "Actual Total Time": 711.594,
              "Actual Rows": 1,
              "Actual Loops": 7,
              "Plans": [
                {
                  "Node Type": "Seq Scan",
                  "Parent Relationship": "Outer",
                  "Parallel Aware": true,
                  "Relation Name": "cast_info",
                  "Alias": "ci",
                  "Startup Cost": 0.0,
                  "Total Cost": 343257.03,
                  "Plan Rows": 1284358,
                  "Plan Width": 0,
                  "Actual Startup Time": 331.899,
                  "Actual Total Time": 641.526,
                  "Actual Rows": 1572338,
                  "Actual Loops": 7,
                  "Filter": "((person_id > 1928014) AND (role_id > 2))",
                  "Rows Removed by Filter": 3605425
                }
              ]
            }
          ]
        }
      ]
    },
    "Planning Time": 0.197,
    "Triggers": [],
    "Execution Time": 780.297
  }
]