[
  {
    "Plan": {
      "Node Type": "Aggregate",
      "Strategy": "Plain",
      "Partial Mode": "Finalize",
      "Parallel Aware": false,
      "Startup Cost": 243354.33,
      "Total Cost": 243354.34,
      "Plan Rows": 1,
      "Plan Width": 8,
      "Actual Startup Time": 667.588,
      "Actual Total Time": 693.294,
      "Actual Rows": 1,
      "Actual Loops": 1,
      "Plans": [
        {
          "Node Type": "Gather",
          "Parent Relationship": "Outer",
          "Parallel Aware": false,
          "Startup Cost": 243353.81,
          "Total Cost": 243354.32,
          "Plan Rows": 5,
          "Plan Width": 8,
          "Actual Startup Time": 664.092,
          "Actual Total Time": 693.282,
          "Actual Rows": 6,
          "Actual Loops": 1,
          "Workers Planned": 5,
          "Workers Launched": 5,
          "Single Copy": false,
          "Plans": [
            {
              "Node Type": "Aggregate",
              "Strategy": "Plain",
              "Partial Mode": "Partial",
              "Parent Relationship": "Outer",
              "Parallel Aware": false,
              "Startup Cost": 242353.81,
              "Total Cost": 242353.82,
              "Plan Rows": 1,
              "Plan Width": 8,
              "Actual Startup Time": 653.242,
              "Actual Total Time": 653.245,
              "Actual Rows": 1,
              "Actual Loops": 6,
              "Plans": [
                {
                  "Node Type": "Nested Loop",
                  "Parent Relationship": "Outer",
                  "Parallel Aware": false,
                  "Join Type": "Inner",
                  "Startup Cost": 106576.73,
                  "Total Cost": 241788.46,
                  "Plan Rows": 226139,
                  "Plan Width": 0,
                  "Actual Startup Time": 428.61,
                  "Actual Total Time": 648.633,
                  "Actual Rows": 101700,
                  "Actual Loops": 6,
                  "Inner Unique": false,
                  "Join Filter": "(t.id = mi.movie_id)",
                  "Rows Removed by Join Filter": 0,
                  "Plans": [
                    {
                      "Node Type": "Merge Join",
                      "Parent Relationship": "Outer",
                      "Parallel Aware": false,
                      "Join Type": "Inner",
                      "Startup Cost": 106576.29,
                      "Total Cost": 152002.06,
                      "Plan Rows": 38674,
                      "Plan Width": 8,
                      "Actual Startup Time": 428.513,
                      "Actual Total Time": 565.096,
                      "Actual Rows": 14050,
                      "Actual Loops": 6,
                      "Inner Unique": true,
                      "Merge Cond": "(mi_idx.movie_id = t.id)",
                      "Plans": [
                        {
                          "Node Type": "Index Only Scan",
                          "Parent Relationship": "Outer",
                          "Parallel Aware": true,
                          "Scan Direction": "Forward",
                          "Index Name": "movie_id_movie_info_idx",
                          "Relation Name": "movie_info_idx",
                          "Alias": "mi_idx",
                          "Startup Cost": 0.43,
                          "Total Cost": 42579.94,
                          "Plan Rows": 276007,
                          "Plan Width": 4,
                          "Actual Startup Time": 0.182,
                          "Actual Total Time": 51.209,
                          "Actual Rows": 230006,
                          "Actual Loops": 6,
                          "Heap Fetches": 1380035
                        },
                        {
                          "Node Type": "Sort",
                          "Parent Relationship": "Inner",
                          "Parallel Aware": false,
                          "Startup Cost": 106575.83,
                          "Total Cost": 107461.49,
                          "Plan Rows": 354265,
                          "Plan Width": 4,
                          "Actual Startup Time": 427.73,
                          "Actual Total Time": 472.238,
                          "Actual Rows": 371904,
                          "Actual Loops": 6,
                          "Sort Key": [
                            "t.id"
                          ],
                          "Sort Method": "quicksort",
                          "Sort Space Used": 29726,
                          "Sort Space Type": "Memory",
                          "Workers": [
                            {
                              "Worker Number": 0,
                              "Sort Method": "quicksort",
                              "Sort Space Used": 29726,
                              "Sort Space Type": "Memory"
                            },
                            {
                              "Worker Number": 1,
                              "Sort Method": "quicksort",
                              "Sort Space Used": 29726,
                              "Sort Space Type": "Memory"
                            },
                            {
                              "Worker Number": 2,
                              "Sort Method": "quicksort",
                              "Sort Space Used": 29726,
                              "Sort Space Type": "Memory"
                            },
                            {
                              "Worker Number": 3,
                              "Sort Method": "quicksort",
                              "Sort Space Used": 29726,
                              "Sort Space Type": "Memory"
                            },
                            {
                              "Worker Number": 4,
                              "Sort Method": "quicksort",
                              "Sort Space Used": 29726,
                              "Sort Space Type": "Memory"
                            }
                          ],
                          "Plans": [
                            {
                              "Node Type": "Seq Scan",
                              "Parent Relationship": "Outer",
                              "Parallel Aware": false,
                              "Relation Name": "title",
                              "Alias": "t",
                              "Startup Cost": 0.0,
                              "Total Cost": 73922.39,
                              "Plan Rows": 354265,
                              "Plan Width": 4,
                              "Actual Startup Time": 0.041,
                              "Actual Total Time": 315.211,
                              "Actual Rows": 371999,
                              "Actual Loops": 6,
                              "Filter": "((kind_id > 3) AND (production_year > 2009))",
                              "Rows Removed by Filter": 2156313
                            }
                          ]
                        }
                      ]
                    },
                    {
                      "Node Type": "Index Only Scan",
                      "Parent Relationship": "Inner",
                      "Parallel Aware": false,
                      "Scan Direction": "Forward",
                      "Index Name": "movie_id_movie_info",
                      "Relation Name": "movie_info",
                      "Alias": "mi",
                      "Startup Cost": 0.43,
                      "Total Cost": 1.8,
                      "Plan Rows": 42,
                      "Plan Width": 4,
                      "Actual Startup Time": 0.002,
                      "Actual Total Time": 0.005,
                      "Actual Rows": 7,
                      "Actual Loops": 84297,
                      "Index Cond": "(movie_id = mi_idx.movie_id)",
                      "Rows Removed by Index Recheck": 0,
                      "Heap Fetches": 610200
                    }
                  ]
                }
              ]
            }
          ]
        }
      ]
    },
    "Planning Time": 1.425,
    "Triggers": [],
    "Execution Time": 695.562
  }
]