[
  {
    "Plan": {
      "Node Type": "Aggregate",
      "Strategy": "Plain",
      "Partial Mode": "Finalize",
      "Parallel Aware": false,
      "Startup Cost": 204288.24,
      "Total Cost": 204288.25,
      "Plan Rows": 1,
      "Plan Width": 8,
      "Actual Startup Time": 395.178,
      "Actual Total Time": 428.36,
      "Actual Rows": 1,
      "Actual Loops": 1,
      "Plans": [
        {
          "Node Type": "Gather",
          "Parent Relationship": "Outer",
          "Parallel Aware": false,
          "Startup Cost": 204287.72,
          "Total Cost": 204288.23,
          "Plan Rows": 5,
          "Plan Width": 8,
          "Actual Startup Time": 395.042,
          "Actual Total Time": 428.352,
          "Actual Rows": 6,
          "Actual Loops": 1,
          "Workers Planned": 5,
          "Workers Launched": 5,
          "Single Copy": false,
          "Plans": [
            {
              "Node Type": "Aggregate",
              "Strategy": "Plain",
              "Partial Mode": "Partial",
              "Parent Relationship": "Outer",
              "Parallel Aware": false,
              "Startup Cost": 203287.72,
              "Total Cost": 203287.73,
              "Plan Rows": 1,
              "Plan Width": 8,
              "Actual Startup Time": 387.72,
              "Actual Total Time": 387.721,
              "Actual Rows": 1,
              "Actual Loops": 6,
              "Plans": [
                {
                  "Node Type": "Seq Scan",
                  "Parent Relationship": "Outer",
                  "Parallel Aware": true,
                  "Relation Name": "movie_info",
                  "Alias": "mi",
                  "Startup Cost": 0.0,
                  "Total Cost": 198952.16,
                  "Plan Rows": 1734222,
                  "Plan Width": 0,
                  "Actual Startup Time": 0.048,
                  "Actual Total Time": 325.534,
                  "Actual Rows": 1464430,
                  "Actual Loops": 6,
                  "Filter": "(info_type_id < 13)",
                  "Rows Removed by Filter": 1008190
                }
              ]
            }
          ]
        }
      ]
    },
    "Planning Time": 0.178,
    "Triggers": [],
    "Execution Time": 428.424
  }
]