[
  {
    "Plan": {
      "Node Type": "Aggregate",
      "Strategy": "Plain",
      "Partial Mode": "Finalize",
      "Parallel Aware": false,
      "Startup Cost": 332790.97,
      "Total Cost": 332790.98,
      "Plan Rows": 1,
      "Plan Width": 8,
      "Actual Startup Time": 691.395,
      "Actual Total Time": 751.383,
      "Actual Rows": 1,
      "Actual Loops": 1,
      "Plans": [
        {
          "Node Type": "Gather",
          "Parent Relationship": "Outer",
          "Parallel Aware": false,
          "Startup Cost": 332790.35,
          "Total Cost": 332790.96,
          "Plan Rows": 6,
          "Plan Width": 8,
          "Actual Startup Time": 691.19,
          "Actual Total Time": 751.366,
          "Actual Rows": 7,
          "Actual Loops": 1,
          "Workers Planned": 6,
          "Workers Launched": 6,
          "Single Copy": false,
          "Plans": [
            {
              "Node Type": "Aggregate",
              "Strategy": "Plain",
              "Partial Mode": "Partial",
              "Parent Relationship": "Outer",
              "Parallel Aware": false,
              "Startup Cost": 331790.35,
              "Total Cost": 331790.36,
              "Plan Rows": 1,
              "Plan Width": 8,
              "Actual Startup Time": 681.826,
              "Actual Total Time": 681.828,
              "Actual Rows": 1,
              "Actual Loops": 7,
              "Plans": [
                {
                  "Node Type": "Seq Scan",
                  "Parent Relationship": "Outer",
                  "Parallel Aware": true,
                  "Relation Name": "cast_info",
                  "Alias": "ci",
                  "Startup Cost": 0.0,
                  "Total Cost": 328211.39,
                  "Plan Rows": 1431582,
                  "Plan Width": 0,
                  "Actual Startup Time": 346.679,
                  "Actual Total Time": 617.961,
                  "Actual Rows": 1213637,
                  "Actual Loops": 7,
                  "Filter": "(person_id > 2836578)",
                  "Rows Removed by Filter": 3964126
                }
              ]
            }
          ]
        }
      ]
    },
    "Planning Time": 0.121,
    "Triggers": [],
    "Execution Time": 751.435
  }
]