[
  {
    "Bao": {
      "Bao prediction": 486.564,
      "Bao recommended hint": "(no hint)"
    }
  },
  {
    "Plan": {
      "Node Type": "Aggregate",
      "Strategy": "Plain",
      "Partial Mode": "Simple",
      "Parallel Aware": false,
      "Startup Cost": 7469.92,
      "Total Cost": 7469.93,
      "Plan Rows": 1,
      "Plan Width": 64,
      "Actual Startup Time": 1619.806,
      "Actual Total Time": 1619.813,
      "Actual Rows": 1,
      "Actual Loops": 1,
      "Plans": [
        {
          "Node Type": "Nested Loop",
          "Parent Relationship": "Outer",
          "Parallel Aware": false,
          "Join Type": "Inner",
          "Startup Cost": 12.08,
          "Total Cost": 7469.91,
          "Plan Rows": 1,
          "Plan Width": 22,
          "Actual Startup Time": 27.351,
          "Actual Total Time": 1616.414,
          "Actual Rows": 9747,
          "Actual Loops": 1,
          "Inner Unique": true,
          "Join Filter": "(mi.info_type_id = it1.id)",
          "Rows Removed by Join Filter": 7967,
          "Plans": [
            {
              "Node Type": "Nested Loop",
              "Parent Relationship": "Outer",
              "Parallel Aware": false,
              "Join Type": "Inner",
              "Startup Cost": 12.08,
              "Total Cost": 7467.49,
              "Plan Rows": 1,
              "Plan Width": 26,
              "Actual Startup Time": 27.338,
              "Actual Total Time": 1474.43,
              "Actual Rows": 17714,
              "Actual Loops": 1,
              "Inner Unique": false,
              "Join Filter": "(t.id = mi.movie_id)",
              "Rows Removed by Join Filter": 0,
              "Plans": [
                {
                  "Node Type": "Nested Loop",
                  "Parent Relationship": "Outer",
                  "Parallel Aware": false,
                  "Join Type": "Inner",
                  "Startup Cost": 11.65,
                  "Total Cost": 7465.58,
                  "Plan Rows": 1,
                  "Plan Width": 34,
                  "Actual Startup Time": 26.647,
                  "Actual Total Time": 553.337,
                  "Actual Rows": 15638,
                  "Actual Loops": 1,
                  "Inner Unique": false,
                  "Join Filter": "(mi_idx.info_type_id = it2.id)",
                  "Rows Removed by Join Filter": 30294,
                  "Plans": [
                    {
                      "Node Type": "Seq Scan",
                      "Parent Relationship": "Outer",
                      "Parallel Aware": false,
                      "Relation Name": "info_type",
                      "Alias": "it2",
                      "Startup Cost": 0.0,
                      "Total Cost": 2.41,
                      "Plan Rows": 1,
                      "Plan Width": 4,
                      "Actual Startup Time": 0.02,
                      "Actual Total Time": 0.023,
                      "Actual Rows": 1,
                      "Actual Loops": 1,
                      "Filter": "((info)::text = 'rating'::text)",
                      "Rows Removed by Filter": 112
                    },
                    {
                      "Node Type": "Nested Loop",
                      "Parent Relationship": "Inner",
                      "Parallel Aware": false,
                      "Join Type": "Inner",
                      "Startup Cost": 11.65,
                      "Total Cost": 7462.9,
                      "Plan Rows": 21,
                      "Plan Width": 38,
                      "Actual Startup Time": 26.621,
                      "Actual Total Time": 547.355,
                      "Actual Rows": 45932,
                      "Actual Loops": 1,
                      "Inner Unique": false,
                      "Join Filter": "(t.id = mi_idx.movie_id)",
                      "Rows Removed by Join Filter": 0,
                      "Plans": [
                        {
                          "Node Type": "Nested Loop",
                          "Parent Relationship": "Outer",
                          "Parallel Aware": false,
                          "Join Type": "Inner",
                          "Startup Cost": 11.22,
                          "Total Cost": 7459.14,
                          "Plan Rows": 7,
                          "Plan Width": 25,
                          "Actual Startup Time": 26.561,
                          "Actual Total Time": 399.816,
                          "Actual Rows": 17143,
                          "Actual Loops": 1,
                          "Inner Unique": false,
                          "Join Filter": "(t.kind_id = kt.id)",
                          "Rows Removed by Join Filter": 3387,
                          "Plans": [
                            {
                              "Node Type": "Seq Scan",
                              "Parent Relationship": "Outer",
                              "Parallel Aware": false,
                              "Relation Name": "kind_type",
                              "Alias": "kt",
                              "Startup Cost": 0.0,
                              "Total Cost": 1.09,
                              "Plan Rows": 1,
                              "Plan Width": 4,
                              "Actual Startup Time": 0.009,
                              "Actual Total Time": 0.011,
                              "Actual Rows": 1,
                              "Actual Loops": 1,
                              "Filter": "((kind)::text = 'movie'::text)",
                              "Rows Removed by Filter": 6
                            },
                            {
                              "Node Type": "Nested Loop",
                              "Parent Relationship": "Inner",
                              "Parallel Aware": false,
                              "Join Type": "Inner",
                              "Startup Cost": 11.22,
                              "Total Cost": 7457.41,
                              "Plan Rows": 51,
                              "Plan Width": 29,
                              "Actual Startup Time": 6.486,
                              "Actual Total Time": 395.77,
                              "Actual Rows": 20530,
                              "Actual Loops": 1,
                              "Inner Unique": true,
                              "Plans": [
                                {
                                  "Node Type": "Nested Loop",
                                  "Parent Relationship": "Outer",
                                  "Parallel Aware": false,
                                  "Join Type": "Inner",
                                  "Startup Cost": 10.79,
                                  "Total Cost": 7391.29,
                                  "Plan Rows": 135,
                                  "Plan Width": 4,
                                  "Actual Startup Time": 6.067,
                                  "Actual Total Time": 131.884,
                                  "Actual Rows": 37091,
                                  "Actual Loops": 1,
                                  "Inner Unique": false,
                                  "Plans": [
                                    {
                                      "Node Type": "Seq Scan",
                                      "Parent Relationship": "Outer",
                                      "Parallel Aware": false,
                                      "Relation Name": "keyword",
                                      "Alias": "k",
                                      "Startup Cost": 0.0,
                                      "Total Cost": 2961.55,
                                      "Plan Rows": 4,
                                      "Plan Width": 4,
                                      "Actual Startup Time": 1.524,
                                      "Actual Total Time": 18.008,
                                      "Actual Rows": 3,
                                      "Actual Loops": 1,
                                      "Filter": "(keyword = ANY ('{murder,murder-in-title,blood,violence}'::text[]))",
                                      "Rows Removed by Filter": 134167
                                    },
                                    {
                                      "Node Type": "Bitmap Heap Scan",
                                      "Parent Relationship": "Inner",
                                      "Parallel Aware": false,
                                      "Relation Name": "movie_keyword",
                                      "Alias": "mk",
                                      "Startup Cost": 10.79,
                                      "Total Cost": 1104.4,
                                      "Plan Rows": 304,
                                      "Plan Width": 8,
                                      "Actual Startup Time": 4.56,
                                      "Actual Total Time": 35.775,
                                      "Actual Rows": 12364,
                                      "Actual Loops": 3,
                                      "Recheck Cond": "(keyword_id = k.id)",
                                      "Rows Removed by Index Recheck": 0,
                                      "Exact Heap Blocks": 26312,
                                      "Lossy Heap Blocks": 0,
                                      "Plans": [
                                        {
                                          "Node Type": "Bitmap Index Scan",
                                          "Parent Relationship": "Outer",
                                          "Parallel Aware": false,
                                          "Index Name": "keyword_id_movie_keyword",
                                          "Startup Cost": 0.0,
                                          "Total Cost": 10.71,
                                          "Plan Rows": 304,
                                          "Plan Width": 0,
                                          "Actual Startup Time": 2.996,
                                          "Actual Total Time": 2.996,
                                          "Actual Rows": 12364,
                                          "Actual Loops": 3,
                                          "Index Cond": "(keyword_id = k.id)"
                                        }
                                      ]
                                    }
                                  ]
                                },
                                {
                                  "Node Type": "Index Scan",
                                  "Parent Relationship": "Inner",
                                  "Parallel Aware": false,
                                  "Scan Direction": "Forward",
                                  "Index Name": "title_pkey",
                                  "Relation Name": "title",
                                  "Alias": "t",
                                  "Startup Cost": 0.43,
                                  "Total Cost": 0.49,
                                  "Plan Rows": 1,
                                  "Plan Width": 25,
                                  "Actual Startup Time": 0.007,
                                  "Actual Total Time": 0.007,
                                  "Actual Rows": 1,
                                  "Actual Loops": 37091,
                                  "Index Cond": "(id = mk.movie_id)",
                                  "Rows Removed by Index Recheck": 0,
                                  "Filter": "(production_year < 1999)",
                                  "Rows Removed by Filter": 0
                                }
                              ]
                            }
                          ]
                        },
                        {
                          "Node Type": "Index Scan",
                          "Parent Relationship": "Inner",
                          "Parallel Aware": false,
                          "Scan Direction": "Forward",
                          "Index Name": "movie_id_movie_info_idx",
                          "Relation Name": "movie_info_idx",
                          "Alias": "mi_idx",
                          "Startup Cost": 0.43,
                          "Total Cost": 0.5,
                          "Plan Rows": 3,
                          "Plan Width": 13,
                          "Actual Startup Time": 0.007,
                          "Actual Total Time": 0.008,
                          "Actual Rows": 3,
                          "Actual Loops": 17143,
                          "Index Cond": "(movie_id = mk.movie_id)",
                          "Rows Removed by Index Recheck": 0,
                          "Filter": "(info < '8.5'::text)",
                          "Rows Removed by Filter": 0
                        }
                      ]
                    }
                  ]
                },
                {
                  "Node Type": "Index Scan",
                  "Parent Relationship": "Inner",
                  "Parallel Aware": false,
                  "Scan Direction": "Forward",
                  "Index Name": "movie_id_movie_info",
                  "Relation Name": "movie_info",
                  "Alias": "mi",
                  "Startup Cost": 0.43,
                  "Total Cost": 1.89,
                  "Plan Rows": 2,
                  "Plan Width": 8,
                  "Actual Startup Time": 0.048,
                  "Actual Total Time": 0.058,
                  "Actual Rows": 1,
                  "Actual Loops": 15638,
                  "Index Cond": "(movie_id = mk.movie_id)",
                  "Rows Removed by Index Recheck": 0,
                  "Filter": "(info = ANY ('{Sweden,Norway,Germany,Denmark,Swedish,Denish,Norwegian,German,USA,American}'::text[]))",
                  "Rows Removed by Filter": 59
                }
              ]
            },
            {
              "Node Type": "Seq Scan",
              "Parent Relationship": "Inner",
              "Parallel Aware": false,
              "Relation Name": "info_type",
              "Alias": "it1",
              "Startup Cost": 0.0,
              "Total Cost": 2.41,
              "Plan Rows": 1,
              "Plan Width": 4,
              "Actual Startup Time": 0.003,
              "Actual Total Time": 0.006,
              "Actual Rows": 1,
              "Actual Loops": 17714,
              "Filter": "((info)::text = 'countries'::text)",
              "Rows Removed by Filter": 54
            }
          ]
        }
      ]
    },
    "Planning Time": 411.294,
    "Triggers": [],
    "Execution Time": 1620.326
  }
]