{
  "Plan": {
    "Node Type": "Aggregate",
    "Strategy": "Plain",
    "Partial Mode": "Finalize",
    "Parallel Aware": false,
    "Startup Cost": 701198.34,
    "Total Cost": 701198.35,
    "Plan Rows": 1,
    "Plan Width": 8,
    "Actual Startup Time": 4131.237,
    "Actual Total Time": 4198.382,
    "Actual Rows": 1,
    "Actual Loops": 1,
    "Plans": [
      {
        "Node Type": "Gather",
        "Parent Relationship": "Outer",
        "Parallel Aware": false,
        "Startup Cost": 701198.23,
        "Total Cost": 701198.34,
        "Plan Rows": 1,
        "Plan Width": 8,
        "Actual Startup Time": 4127.554,
        "Actual Total Time": 4198.373,
        "Actual Rows": 2,
        "Actual Loops": 1,
        "Workers Planned": 1,
        "Workers Launched": 1,
        "Single Copy": false,
        "Plans": [
          {
            "Node Type": "Aggregate",
            "Strategy": "Plain",
            "Partial Mode": "Partial",
            "Parent Relationship": "Outer",
            "Parallel Aware": false,
            "Startup Cost": 700198.23,
            "Total Cost": 700198.24,
            "Plan Rows": 1,
            "Plan Width": 8,
            "Actual Startup Time": 4121.201,
            "Actual Total Time": 4121.207,
            "Actual Rows": 1,
            "Actual Loops": 2,
            "Plans": [
              {
                "Node Type": "Hash Join",
                "Parent Relationship": "Outer",
                "Parallel Aware": true,
                "Join Type": "Inner",
                "Startup Cost": 95607.72,
                "Total Cost": 696657.31,
                "Plan Rows": 1416368,
                "Plan Width": 0,
                "Actual Startup Time": 1582.939,
                "Actual Total Time": 3994.656,
                "Actual Rows": 3035756,
                "Actual Loops": 2,
                "Inner Unique": false,
                "Hash Cond": "(ci.movie_id = t.id)",
                "Plans": [
                  {
                    "Node Type": "Seq Scan",
                    "Parent Relationship": "Outer",
                    "Parallel Aware": true,
                    "Relation Name": "cast_info",
                    "Alias": "ci",
                    "Startup Cost": 0.0,
                    "Total Cost": 572345.93,
                    "Plan Rows": 5432555,
                    "Plan Width": 4,
                    "Actual Startup Time": 778.006,
                    "Actual Total Time": 1837.928,
                    "Actual Rows": 7027026,
                    "Actual Loops": 2,
                    "Filter": "((person_id > 2260737) AND (role_id > 1))",
                    "Rows Removed by Filter": 11095146
                  },
                  {
                    "Node Type": "Hash",
                    "Parent Relationship": "Inner",
                    "Parallel Aware": true,
                    "Startup Cost": 90760.86,
                    "Total Cost": 90760.86,
                    "Plan Rows": 387749,
                    "Plan Width": 8,
                    "Actual Startup Time": 795.516,
                    "Actual Total Time": 795.521,
                    "Actual Rows": 249986,
                    "Actual Loops": 2,
                    "Hash Buckets": 1048576,
                    "Original Hash Buckets": 1048576,
                    "Hash Batches": 1,
                    "Original Hash Batches": 1,
                    "Peak Memory Usage": 27776,
                    "Plans": [
                      {
                        "Node Type": "Hash Join",
                        "Parent Relationship": "Outer",
                        "Parallel Aware": true,
                        "Join Type": "Inner",
                        "Startup Cost": 24840.09,
                        "Total Cost": 90760.86,
                        "Plan Rows": 387749,
                        "Plan Width": 8,
                        "Actual Startup Time": 219.116,
                        "Actual Total Time": 719.795,
                        "Actual Rows": 249986,
                        "Actual Loops": 2,
                        "Inner Unique": false,
                        "Hash Cond": "(t.id = mi_idx.movie_id)",
                        "Plans": [
                          {
                            "Node Type": "Seq Scan",
                            "Parent Relationship": "Outer",
                            "Parallel Aware": true,
                            "Relation Name": "title",
                            "Alias": "t",
                            "Startup Cost": 0.0,
                            "Total Cost": 58306.47,
                            "Plan Rows": 1066684,
                            "Plan Width": 4,
                            "Actual Startup Time": 0.012,
                            "Actual Total Time": 197.575,
                            "Actual Rows": 899954,
                            "Actual Loops": 2,
                            "Filter": "((kind_id > 1) AND (production_year > 0))",
                            "Rows Removed by Filter": 364202
                          },
                          {
                            "Node Type": "Hash",
                            "Parent Relationship": "Inner",
                            "Parallel Aware": true,
                            "Startup Cost": 18082.32,
                            "Total Cost": 18082.32,
                            "Plan Rows": 540622,
                            "Plan Width": 4,
                            "Actual Startup Time": 213.554,
                            "Actual Total Time": 213.555,
                            "Actual Rows": 459925,
                            "Actual Loops": 2,
                            "Hash Buckets": 1048576,
                            "Original Hash Buckets": 1048576,
                            "Hash Batches": 1,
                            "Original Hash Batches": 1,
                            "Peak Memory Usage": 44224,
                            "Plans": [
                              {
                                "Node Type": "Seq Scan",
                                "Parent Relationship": "Outer",
                                "Parallel Aware": true,
                                "Relation Name": "movie_info_idx",
                                "Alias": "mi_idx",
                                "Startup Cost": 0.0,
                                "Total Cost": 18082.32,
                                "Plan Rows": 540622,
                                "Plan Width": 4,
                                "Actual Startup Time": 0.052,
                                "Actual Total Time": 93.769,
                                "Actual Rows": 459925,
                                "Actual Loops": 2,
                                "Filter": "(info_type_id < 101)",
                                "Rows Removed by Filter": 230092
                              }
                            ]
                          }
                        ]
                      }
                    ]
                  }
                ]
              }
            ]
          }
        ]
      }
    ]
  },
  "Planning Time": 1.104,
  "Triggers": [],
  "Execution Time": 4198.491
}