[
  {
    "Plan": {
      "Node Type": "Aggregate",
      "Strategy": "Plain",
      "Partial Mode": "Finalize",
      "Parallel Aware": false,
      "Startup Cost": 76149.14,
      "Total Cost": 76149.15,
      "Plan Rows": 1,
      "Plan Width": 8,
      "Actual Startup Time": 154.532,
      "Actual Total Time": 170.02,
      "Actual Rows": 1,
      "Actual Loops": 1,
      "Plans": [
        {
          "Node Type": "Gather",
          "Parent Relationship": "Outer",
          "Parallel Aware": false,
          "Startup Cost": 76148.72,
          "Total Cost": 76149.13,
          "Plan Rows": 4,
          "Plan Width": 8,
          "Actual Startup Time": 154.288,
          "Actual Total Time": 170.013,
          "Actual Rows": 5,
          "Actual Loops": 1,
          "Workers Planned": 4,
          "Workers Launched": 4,
          "Single Copy": false,
          "Plans": [
            {
              "Node Type": "Aggregate",
              "Strategy": "Plain",
              "Partial Mode": "Partial",
              "Parent Relationship": "Outer",
              "Parallel Aware": false,
              "Startup Cost": 75148.72,
              "Total Cost": 75148.73,
              "Plan Rows": 1,
              "Plan Width": 8,
              "Actual Startup Time": 143.022,
              "Actual Total Time": 143.025,
              "Actual Rows": 1,
              "Actual Loops": 5,
              "Plans": [
                {
                  "Node Type": "Hash Join",
                  "Parent Relationship": "Outer",
                  "Parallel Aware": true,
                  "Join Type": "Inner",
                  "Startup Cost": 45543.69,
                  "Total Cost": 75143.36,
                  "Plan Rows": 2146,
                  "Plan Width": 0,
                  "Actual Startup Time": 87.882,
                  "Actual Total Time": 142.87,
                  "Actual Rows": 2419,
                  "Actual Loops": 5,
                  "Inner Unique": true,
                  "Hash Cond": "(ci.movie_id = t.id)",
                  "Plans": [
                    {
                      "Node Type": "Index Scan",
                      "Parent Relationship": "Outer",
                      "Parallel Aware": true,
                      "Scan Direction": "Forward",
                      "Index Name": "role_id_cast_info",
                      "Relation Name": "cast_info",
                      "Alias": "ci",
                      "Startup Cost": 0.56,
                      "Total Cost": 28905.22,
                      "Plan Rows": 264766,
                      "Plan Width": 4,
                      "Actual Startup Time": 0.165,
                      "Actual Total Time": 33.027,
                      "Actual Rows": 218712,
                      "Actual Loops": 5,
                      "Index Cond": "(role_id = 9)",
                      "Rows Removed by Index Recheck": 0
                    },
                    {
                      "Node Type": "Hash",
                      "Parent Relationship": "Inner",
                      "Parallel Aware": true,
                      "Startup Cost": 45479.1,
                      "Total Cost": 45479.1,
                      "Plan Rows": 5122,
                      "Plan Width": 4,
                      "Actual Startup Time": 86.92,
                      "Actual Total Time": 86.921,
                      "Actual Rows": 3778,
                      "Actual Loops": 5,
                      "Hash Buckets": 32768,
                      "Original Hash Buckets": 32768,
                      "Hash Batches": 1,
                      "Original Hash Batches": 1,
                      "Peak Memory Usage": 1088,
                      "Plans": [
                        {
                          "Node Type": "Seq Scan",
                          "Parent Relationship": "Outer",
                          "Parallel Aware": true,
                          "Relation Name": "title",
                          "Alias": "t",
                          "Startup Cost": 0.0,
                          "Total Cost": 45479.1,
                          "Plan Rows": 5122,
                          "Plan Width": 4,
                          "Actual Startup Time": 0.1,
                          "Actual Total Time": 84.904,
                          "Actual Rows": 3778,
                          "Actual Loops": 5,
                          "Filter": "((kind_id < 7) AND (production_year = 2001))",
                          "Rows Removed by Filter": 501884
                        }
                      ]
                    }
                  ]
                }
              ]
            }
          ]
        }
      ]
    },
    "Planning Time": 0.599,
    "Triggers": [],
    "Execution Time": 170.092
  }
]