[
  {
    "Plan": {
      "Node Type": "Aggregate",
      "Strategy": "Plain",
      "Partial Mode": "Finalize",
      "Parallel Aware": false,
      "Startup Cost": 396656.89,
      "Total Cost": 396656.9,
      "Plan Rows": 1,
      "Plan Width": 8,
      "Actual Startup Time": 836.191,
      "Actual Total Time": 887.35,
      "Actual Rows": 1,
      "Actual Loops": 1,
      "Plans": [
        {
          "Node Type": "Gather",
          "Parent Relationship": "Outer",
          "Parallel Aware": false,
          "Startup Cost": 396656.27,
          "Total Cost": 396656.88,
          "Plan Rows": 6,
          "Plan Width": 8,
          "Actual Startup Time": 833.33,
          "Actual Total Time": 887.337,
          "Actual Rows": 7,
          "Actual Loops": 1,
          "Workers Planned": 6,
          "Workers Launched": 6,
          "Single Copy": false,
          "Plans": [
            {
              "Node Type": "Aggregate",
              "Strategy": "Plain",
              "Partial Mode": "Partial",
              "Parent Relationship": "Outer",
              "Parallel Aware": false,
              "Startup Cost": 395656.27,
              "Total Cost": 395656.28,
              "Plan Rows": 1,
              "Plan Width": 8,
              "Actual Startup Time": 824.644,
              "Actual Total Time": 824.648,
              "Actual Rows": 1,
              "Actual Loops": 7,
              "Plans": [
                {
                  "Node Type": "Hash Join",
                  "Parent Relationship": "Outer",
                  "Parallel Aware": true,
                  "Join Type": "Inner",
                  "Startup Cost": 47744.07,
                  "Total Cost": 394670.8,
                  "Plan Rows": 394186,
                  "Plan Width": 0,
                  "Actual Startup Time": 347.202,
                  "Actual Total Time": 819.179,
                  "Actual Rows": 124939,
                  "Actual Loops": 7,
                  "Inner Unique": true,
                  "Hash Cond": "(ci.movie_id = t.id)",
                  "Plans": [
                    {
                      "Node Type": "Seq Scan",
                      "Parent Relationship": "Outer",
                      "Parallel Aware": true,
                      "Relation Name": "cast_info",
                      "Alias": "ci",
                      "Startup Cost": 0.0,
                      "Total Cost": 343316.27,
                      "Plan Rows": 1375409,
                      "Plan Width": 4,
                      "Actual Startup Time": 199.708,
                      "Actual Total Time": 559.903,
                      "Actual Rows": 507728,
                      "Actual Loops": 7,
                      "Filter": "((person_id < 1265070) AND (role_id > 1))",
                      "Rows Removed by Filter": 4670036
                    },
                    {
                      "Node Type": "Hash",
                      "Parent Relationship": "Inner",
                      "Parallel Aware": true,
                      "Startup Cost": 45479.59,
                      "Total Cost": 45479.59,
                      "Plan Rows": 181159,
                      "Plan Width": 4,
                      "Actual Startup Time": 120.982,
                      "Actual Total Time": 120.983,
                      "Actual Rows": 91204,
                      "Actual Loops": 7,
                      "Hash Buckets": 1048576,
                      "Original Hash Buckets": 1048576,
                      "Hash Batches": 1,
                      "Original Hash Batches": 1,
                      "Peak Memory Usage": 33280,
                      "Plans": [
                        {
                          "Node Type": "Seq Scan",
                          "Parent Relationship": "Outer",
                          "Parallel Aware": true,
                          "Relation Name": "title",
                          "Alias": "t",
                          "Startup Cost": 0.0,
                          "Total Cost": 45479.59,
                          "Plan Rows": 181159,
                          "Plan Width": 4,
                          "Actual Startup Time": 0.034,
                          "Actual Total Time": 76.357,
                          "Actual Rows": 91204,
                          "Actual Loops": 7,
                          "Filter": "((production_year < 2003) AND (kind_id = 7))",
                          "Rows Removed by Filter": 269983
                        }
                      ]
                    }
                  ]
                }
              ]
            }
          ]
        }
      ]
    },
    "Planning Time": 0.29,
    "Triggers": [],
    "Execution Time": 887.406
  }
]