[
  {
    "Plan": {
      "Node Type": "Aggregate",
      "Strategy": "Plain",
      "Partial Mode": "Finalize",
      "Parallel Aware": false,
      "Startup Cost": 92925.43,
      "Total Cost": 92925.44,
      "Plan Rows": 1,
      "Plan Width": 8,
      "Actual Startup Time": 414.613,
      "Actual Total Time": 435.973,
      "Actual Rows": 1,
      "Actual Loops": 1,
      "Plans": [
        {
          "Node Type": "Gather",
          "Parent Relationship": "Outer",
          "Parallel Aware": false,
          "Startup Cost": 92925.11,
          "Total Cost": 92925.42,
          "Plan Rows": 3,
          "Plan Width": 8,
          "Actual Startup Time": 410.951,
          "Actual Total Time": 435.961,
          "Actual Rows": 4,
          "Actual Loops": 1,
          "Workers Planned": 3,
          "Workers Launched": 3,
          "Single Copy": false,
          "Plans": [
            {
              "Node Type": "Aggregate",
              "Strategy": "Plain",
              "Partial Mode": "Partial",
              "Parent Relationship": "Outer",
              "Parallel Aware": false,
              "Startup Cost": 91925.11,
              "Total Cost": 91925.12,
              "Plan Rows": 1,
              "Plan Width": 8,
              "Actual Startup Time": 404.371,
              "Actual Total Time": 404.379,
              "Actual Rows": 1,
              "Actual Loops": 4,
              "Plans": [
                {
                  "Node Type": "Hash Join",
                  "Parent Relationship": "Outer",
                  "Parallel Aware": true,
                  "Join Type": "Inner",
                  "Startup Cost": 47203.17,
                  "Total Cost": 91576.56,
                  "Plan Rows": 139421,
                  "Plan Width": 0,
                  "Actual Startup Time": 175.059,
                  "Actual Total Time": 393.639,
                  "Actual Rows": 181053,
                  "Actual Loops": 4,
                  "Inner Unique": true,
                  "Hash Cond": "(mk.movie_id = t.id)",
                  "Plans": [
                    {
                      "Node Type": "Seq Scan",
                      "Parent Relationship": "Outer",
                      "Parallel Aware": true,
                      "Relation Name": "movie_keyword",
                      "Alias": "mk",
                      "Startup Cost": 0.0,
                      "Total Cost": 42695.65,
                      "Plan Rows": 639135,
                      "Plan Width": 4,
                      "Actual Startup Time": 0.505,
                      "Actual Total Time": 137.201,
                      "Actual Rows": 493486,
                      "Actual Loops": 4,
                      "Filter": "(keyword_id > 6425)",
                      "Rows Removed by Filter": 637497
                    },
                    {
                      "Node Type": "Hash",
                      "Parent Relationship": "Inner",
                      "Parallel Aware": true,
                      "Startup Cost": 45479.59,
                      "Total Cost": 45479.59,
                      "Plan Rows": 137887,
                      "Plan Width": 4,
                      "Actual Startup Time": 170.718,
                      "Actual Total Time": 170.72,
                      "Actual Rows": 106406,
                      "Actual Loops": 4,
                      "Hash Buckets": 1048576,
                      "Original Hash Buckets": 1048576,
                      "Hash Batches": 1,
                      "Original Hash Batches": 1,
                      "Peak Memory Usage": 24928,
                      "Plans": [
                        {
                          "Node Type": "Seq Scan",
                          "Parent Relationship": "Outer",
                          "Parallel Aware": true,
                          "Relation Name": "title",
                          "Alias": "t",
                          "Startup Cost": 0.0,
                          "Total Cost": 45479.59,
                          "Plan Rows": 137887,
                          "Plan Width": 4,
                          "Actual Startup Time": 0.041,
                          "Actual Total Time": 121.447,
                          "Actual Rows": 106406,
                          "Actual Loops": 4,
                          "Filter": "((kind_id < 3) AND (production_year > 1986))",
                          "Rows Removed by Filter": 525672
                        }
                      ]
                    }
                  ]
                }
              ]
            }
          ]
        }
      ]
    },
    "Planning Time": 0.413,
    "Triggers": [],
    "Execution Time": 436.028
  }
]