[
  {
    "Plan": {
      "Node Type": "Aggregate",
      "Strategy": "Plain",
      "Partial Mode": "Finalize",
      "Parallel Aware": false,
      "Startup Cost": 46495.17,
      "Total Cost": 46495.18,
      "Plan Rows": 1,
      "Plan Width": 8,
      "Actual Startup Time": 80.89,
      "Actual Total Time": 94.675,
      "Actual Rows": 1,
      "Actual Loops": 1,
      "Plans": [
        {
          "Node Type": "Gather",
          "Parent Relationship": "Outer",
          "Parallel Aware": false,
          "Startup Cost": 46494.75,
          "Total Cost": 46495.16,
          "Plan Rows": 4,
          "Plan Width": 8,
          "Actual Startup Time": 80.674,
          "Actual Total Time": 94.657,
          "Actual Rows": 5,
          "Actual Loops": 1,
          "Workers Planned": 4,
          "Workers Launched": 4,
          "Single Copy": false,
          "Plans": [
            {
              "Node Type": "Aggregate",
              "Strategy": "Plain",
              "Partial Mode": "Partial",
              "Parent Relationship": "Outer",
              "Parallel Aware": false,
              "Startup Cost": 45494.75,
              "Total Cost": 45494.76,
              "Plan Rows": 1,
              "Plan Width": 8,
              "Actual Startup Time": 76.829,
              "Actual Total Time": 76.83,
              "Actual Rows": 1,
              "Actual Loops": 5,
              "Plans": [
                {
                  "Node Type": "Seq Scan",
                  "Parent Relationship": "Outer",
                  "Parallel Aware": true,
                  "Relation Name": "title",
                  "Alias": "t",
                  "Startup Cost": 0.0,
                  "Total Cost": 45479.59,
                  "Plan Rows": 6065,
                  "Plan Width": 0,
                  "Actual Startup Time": 0.028,
                  "Actual Total Time": 76.419,
                  "Actual Rows": 5197,
                  "Actual Loops": 5,
                  "Filter": "((kind_id > 6) AND (production_year = 1997))",
                  "Rows Removed by Filter": 500465
                }
              ]
            }
          ]
        }
      ]
    },
    "Planning Time": 0.101,
    "Triggers": [],
    "Execution Time": 94.715
  }
]