[
  {
    "Plan": {
      "Node Type": "Aggregate",
      "Strategy": "Plain",
      "Partial Mode": "Finalize",
      "Parallel Aware": false,
      "Startup Cost": 248668.42,
      "Total Cost": 248668.43,
      "Plan Rows": 1,
      "Plan Width": 8,
      "Actual Startup Time": 718.491,
      "Actual Total Time": 768.224,
      "Actual Rows": 1,
      "Actual Loops": 1,
      "Plans": [
        {
          "Node Type": "Gather",
          "Parent Relationship": "Outer",
          "Parallel Aware": false,
          "Startup Cost": 248667.9,
          "Total Cost": 248668.41,
          "Plan Rows": 5,
          "Plan Width": 8,
          "Actual Startup Time": 716.42,
          "Actual Total Time": 768.207,
          "Actual Rows": 6,
          "Actual Loops": 1,
          "Workers Planned": 5,
          "Workers Launched": 5,
          "Single Copy": false,
          "Plans": [
            {
              "Node Type": "Aggregate",
              "Strategy": "Plain",
              "Partial Mode": "Partial",
              "Parent Relationship": "Outer",
              "Parallel Aware": false,
              "Startup Cost": 247667.9,
              "Total Cost": 247667.91,
              "Plan Rows": 1,
              "Plan Width": 8,
              "Actual Startup Time": 710.473,
              "Actual Total Time": 710.477,
              "Actual Rows": 1,
              "Actual Loops": 6,
              "Plans": [
                {
                  "Node Type": "Hash Join",
                  "Parent Relationship": "Outer",
                  "Parallel Aware": true,
                  "Join Type": "Inner",
                  "Startup Cost": 44399.47,
                  "Total Cost": 247431.36,
                  "Plan Rows": 94616,
                  "Plan Width": 0,
                  "Actual Startup Time": 119.915,
                  "Actual Total Time": 706.173,
                  "Actual Rows": 60814,
                  "Actual Loops": 6,
                  "Inner Unique": true,
                  "Hash Cond": "(mi.movie_id = t.id)",
                  "Plans": [
                    {
                      "Node Type": "Seq Scan",
                      "Parent Relationship": "Outer",
                      "Parallel Aware": true,
                      "Relation Name": "movie_info",
                      "Alias": "mi",
                      "Startup Cost": 0.0,
                      "Total Cost": 199108.24,
                      "Plan Rows": 1494718,
                      "Plan Width": 4,
                      "Actual Startup Time": 20.097,
                      "Actual Total Time": 416.998,
                      "Actual Rows": 1258142,
                      "Actual Loops": 6,
                      "Filter": "(info_type_id > 7)",
                      "Rows Removed by Filter": 1214478
                    },
                    {
                      "Node Type": "Hash",
                      "Parent Relationship": "Inner",
                      "Parallel Aware": true,
                      "Startup Cost": 43899.32,
                      "Total Cost": 43899.32,
                      "Plan Rows": 40012,
                      "Plan Width": 4,
                      "Actual Startup Time": 98.431,
                      "Actual Total Time": 98.432,
                      "Actual Rows": 27384,
                      "Actual Loops": 6,
                      "Hash Buckets": 262144,
                      "Original Hash Buckets": 262144,
                      "Hash Batches": 1,
                      "Original Hash Batches": 1,
                      "Peak Memory Usage": 8544,
                      "Plans": [
                        {
                          "Node Type": "Seq Scan",
                          "Parent Relationship": "Outer",
                          "Parallel Aware": true,
                          "Relation Name": "title",
                          "Alias": "t",
                          "Startup Cost": 0.0,
                          "Total Cost": 43899.32,
                          "Plan Rows": 40012,
                          "Plan Width": 4,
                          "Actual Startup Time": 0.032,
                          "Actual Total Time": 85.547,
                          "Actual Rows": 27384,
                          "Actual Loops": 6,
                          "Filter": "(production_year = 2012)",
                          "Rows Removed by Filter": 394001
                        }
                      ]
                    }
                  ]
                }
              ]
            }
          ]
        }
      ]
    },
    "Planning Time": 0.358,
    "Triggers": [],
    "Execution Time": 768.294
  }
]