[
  {
    "Plan": {
      "Node Type": "Aggregate",
      "Strategy": "Plain",
      "Partial Mode": "Finalize",
      "Parallel Aware": false,
      "Startup Cost": 376925.85,
      "Total Cost": 376925.86,
      "Plan Rows": 1,
      "Plan Width": 8,
      "Actual Startup Time": 613.663,
      "Actual Total Time": 634.555,
      "Actual Rows": 1,
      "Actual Loops": 1,
      "Plans": [
        {
          "Node Type": "Gather",
          "Parent Relationship": "Outer",
          "Parallel Aware": false,
          "Startup Cost": 376925.22,
          "Total Cost": 376925.83,
          "Plan Rows": 6,
          "Plan Width": 8,
          "Actual Startup Time": 598.862,
          "Actual Total Time": 634.545,
          "Actual Rows": 7,
          "Actual Loops": 1,
          "Workers Planned": 6,
          "Workers Launched": 6,
          "Single Copy": false,
          "Plans": [
            {
              "Node Type": "Aggregate",
              "Strategy": "Plain",
              "Partial Mode": "Partial",
              "Parent Relationship": "Outer",
              "Parallel Aware": false,
              "Startup Cost": 375925.22,
              "Total Cost": 375925.23,
              "Plan Rows": 1,
              "Plan Width": 8,
              "Actual Startup Time": 583.488,
              "Actual Total Time": 583.502,
              "Actual Rows": 1,
              "Actual Loops": 7,
              "Plans": [
                {
                  "Node Type": "Hash Join",
                  "Parent Relationship": "Outer",
                  "Parallel Aware": true,
                  "Join Type": "Inner",
                  "Startup Cost": 114048.81,
                  "Total Cost": 375271.77,
                  "Plan Rows": 261381,
                  "Plan Width": 0,
                  "Actual Startup Time": 322.463,
                  "Actual Total Time": 572.876,
                  "Actual Rows": 238100,
                  "Actual Loops": 7,
                  "Inner Unique": true,
                  "Hash Cond": "(ci.movie_id = t.id)",
                  "Plans": [
                    {
                      "Node Type": "Bitmap Heap Scan",
                      "Parent Relationship": "Outer",
                      "Parallel Aware": true,
                      "Relation Name": "cast_info",
                      "Alias": "ci",
                      "Startup Cost": 65347.2,
                      "Total Cost": 325441.41,
                      "Plan Rows": 429997,
                      "Plan Width": 4,
                      "Actual Startup Time": 137.469,
                      "Actual Total Time": 231.985,
                      "Actual Rows": 412969,
                      "Actual Loops": 7,
                      "Recheck Cond": "(person_id < 293257)",
                      "Rows Removed by Index Recheck": 0,
                      "Filter": "(role_id < 10)",
                      "Rows Removed by Filter": 18505,
                      "Exact Heap Blocks": 5321,
                      "Lossy Heap Blocks": 0,
                      "Plans": [
                        {
                          "Node Type": "Bitmap Index Scan",
                          "Parent Relationship": "Outer",
                          "Parallel Aware": false,
                          "Index Name": "person_id_cast_info",
                          "Startup Cost": 0.0,
                          "Total Cost": 64702.2,
                          "Plan Rows": 2962885,
                          "Plan Width": 0,
                          "Actual Startup Time": 132.138,
                          "Actual Total Time": 132.139,
                          "Actual Rows": 3020318,
                          "Actual Loops": 1,
                          "Index Cond": "(person_id < 293257)"
                        }
                      ]
                    },
                    {
                      "Node Type": "Hash",
                      "Parent Relationship": "Inner",
                      "Parallel Aware": true,
                      "Startup Cost": 43898.92,
                      "Total Cost": 43898.92,
                      "Plan Rows": 384216,
                      "Plan Width": 4,
                      "Actual Startup Time": 180.196,
                      "Actual Total Time": 180.197,
                      "Actual Rows": 220466,
                      "Actual Loops": 7,
                      "Hash Buckets": 2097152,
                      "Original Hash Buckets": 2097152,
                      "Hash Batches": 1,
                      "Original Hash Batches": 1,
                      "Peak Memory Usage": 76864,
                      "Plans": [
                        {
                          "Node Type": "Seq Scan",
                          "Parent Relationship": "Outer",
                          "Parallel Aware": true,
                          "Relation Name": "title",
                          "Alias": "t",
                          "Startup Cost": 0.0,
                          "Total Cost": 43898.92,
                          "Plan Rows": 384216,
                          "Plan Width": 4,
                          "Actual Startup Time": 0.054,
                          "Actual Total Time": 73.966,
                          "Actual Rows": 220466,
                          "Actual Loops": 7,
                          "Filter": "(kind_id = 7)",
                          "Rows Removed by Filter": 140721
                        }
                      ]
                    }
                  ]
                }
              ]
            }
          ]
        }
      ]
    },
    "Planning Time": 0.655,
    "Triggers": [],
    "Execution Time": 634.655
  }
]