{
  "Plan": {
    "Node Type": "Aggregate",
    "Strategy": "Plain",
    "Partial Mode": "Finalize",
    "Parallel Aware": false,
    "Startup Cost": 332043.06,
    "Total Cost": 332043.07,
    "Plan Rows": 1,
    "Plan Width": 8,
    "Actual Startup Time": 1977.756,
    "Actual Total Time": 2034.592,
    "Actual Rows": 1,
    "Actual Loops": 1,
    "Plans": [
      {
        "Node Type": "Gather",
        "Parent Relationship": "Outer",
        "Parallel Aware": false,
        "Startup Cost": 332042.95,
        "Total Cost": 332043.06,
        "Plan Rows": 1,
        "Plan Width": 8,
        "Actual Startup Time": 1976.88,
        "Actual Total Time": 2034.579,
        "Actual Rows": 2,
        "Actual Loops": 1,
        "Workers Planned": 1,
        "Workers Launched": 1,
        "Single Copy": false,
        "Plans": [
          {
            "Node Type": "Aggregate",
            "Strategy": "Plain",
            "Partial Mode": "Partial",
            "Parent Relationship": "Outer",
            "Parallel Aware": false,
            "Startup Cost": 331042.95,
            "Total Cost": 331042.96,
            "Plan Rows": 1,
            "Plan Width": 8,
            "Actual Startup Time": 1971.327,
            "Actual Total Time": 1971.331,
            "Actual Rows": 1,
            "Actual Loops": 2,
            "Plans": [
              {
                "Node Type": "Hash Join",
                "Parent Relationship": "Outer",
                "Parallel Aware": true,
                "Join Type": "Inner",
                "Startup Cost": 58745.74,
                "Total Cost": 330529.23,
                "Plan Rows": 205488,
                "Plan Width": 0,
                "Actual Startup Time": 186.77,
                "Actual Total Time": 1925.854,
                "Actual Rows": 919530,
                "Actual Loops": 2,
                "Inner Unique": true,
                "Hash Cond": "(mi.movie_id = t.id)",
                "Plans": [
                  {
                    "Node Type": "Seq Scan",
                    "Parent Relationship": "Outer",
                    "Parallel Aware": true,
                    "Relation Name": "movie_info",
                    "Alias": "mi",
                    "Startup Cost": 0.0,
                    "Total Cost": 248955.74,
                    "Plan Rows": 8696274,
                    "Plan Width": 4,
                    "Actual Startup Time": 0.012,
                    "Actual Total Time": 727.687,
                    "Actual Rows": 7417860,
                    "Actual Loops": 2
                  },
                  {
                    "Node Type": "Hash",
                    "Parent Relationship": "Inner",
                    "Parallel Aware": true,
                    "Startup Cost": 58306.47,
                    "Total Cost": 58306.47,
                    "Plan Rows": 35142,
                    "Plan Width": 4,
                    "Actual Startup Time": 183.681,
                    "Actual Total Time": 183.682,
                    "Actual Rows": 78604,
                    "Actual Loops": 2,
                    "Hash Buckets": 262144,
                    "Original Hash Buckets": 65536,
                    "Hash Batches": 1,
                    "Original Hash Batches": 1,
                    "Peak Memory Usage": 9792,
                    "Plans": [
                      {
                        "Node Type": "Seq Scan",
                        "Parent Relationship": "Outer",
                        "Parallel Aware": true,
                        "Relation Name": "title",
                        "Alias": "t",
                        "Startup Cost": 0.0,
                        "Total Cost": 58306.47,
                        "Plan Rows": 35142,
                        "Plan Width": 4,
                        "Actual Startup Time": 1.917,
                        "Actual Total Time": 160.449,
                        "Actual Rows": 78604,
                        "Actual Loops": 2,
                        "Filter": "((kind_id < 7) AND (production_year < 1948))",
                        "Rows Removed by Filter": 1185552
                      }
                    ]
                  }
                ]
              }
            ]
          }
        ]
      }
    ]
  },
  "Planning Time": 0.446,
  "Triggers": [],
  "Execution Time": 2034.734
}