[
  {
    "Plan": {
      "Node Type": "Aggregate",
      "Strategy": "Plain",
      "Partial Mode": "Finalize",
      "Parallel Aware": false,
      "Startup Cost": 403921.74,
      "Total Cost": 403921.75,
      "Plan Rows": 1,
      "Plan Width": 8,
      "Actual Startup Time": 1633.026,
      "Actual Total Time": 1691.93,
      "Actual Rows": 1,
      "Actual Loops": 1,
      "Plans": [
        {
          "Node Type": "Gather",
          "Parent Relationship": "Outer",
          "Parallel Aware": false,
          "Startup Cost": 403921.12,
          "Total Cost": 403921.73,
          "Plan Rows": 6,
          "Plan Width": 8,
          "Actual Startup Time": 1618.179,
          "Actual Total Time": 1691.913,
          "Actual Rows": 7,
          "Actual Loops": 1,
          "Workers Planned": 6,
          "Workers Launched": 6,
          "Single Copy": false,
          "Plans": [
            {
              "Node Type": "Aggregate",
              "Strategy": "Plain",
              "Partial Mode": "Partial",
              "Parent Relationship": "Outer",
              "Parallel Aware": false,
              "Startup Cost": 402921.12,
              "Total Cost": 402921.13,
              "Plan Rows": 1,
              "Plan Width": 8,
              "Actual Startup Time": 1601.583,
              "Actual Total Time": 1601.587,
              "Actual Rows": 1,
              "Actual Loops": 7,
              "Plans": [
                {
                  "Node Type": "Hash Join",
                  "Parent Relationship": "Outer",
                  "Parallel Aware": true,
                  "Join Type": "Inner",
                  "Startup Cost": 49081.46,
                  "Total Cost": 398875.15,
                  "Plan Rows": 1618385,
                  "Plan Width": 0,
                  "Actual Startup Time": 454.641,
                  "Actual Total Time": 1549.565,
                  "Actual Rows": 1031360,
                  "Actual Loops": 7,
                  "Inner Unique": true,
                  "Hash Cond": "(ci.movie_id = t.id)",
                  "Plans": [
                    {
                      "Node Type": "Seq Scan",
                      "Parent Relationship": "Outer",
                      "Parallel Aware": true,
                      "Relation Name": "cast_info",
                      "Alias": "ci",
                      "Startup Cost": 0.0,
                      "Total Cost": 343316.27,
                      "Plan Rows": 2467586,
                      "Plan Width": 4,
                      "Actual Startup Time": 230.471,
                      "Actual Total Time": 707.726,
                      "Actual Rows": 1476007,
                      "Actual Loops": 7,
                      "Filter": "((person_id < 2349634) AND (role_id > 1))",
                      "Rows Removed by Filter": 3701756
                    },
                    {
                      "Node Type": "Hash",
                      "Parent Relationship": "Inner",
                      "Parallel Aware": true,
                      "Startup Cost": 43899.32,
                      "Total Cost": 43899.32,
                      "Plan Rows": 414571,
                      "Plan Width": 4,
                      "Actual Startup Time": 218.767,
                      "Actual Total Time": 218.768,
                      "Actual Rows": 234788,
                      "Actual Loops": 7,
                      "Hash Buckets": 2097152,
                      "Original Hash Buckets": 2097152,
                      "Hash Batches": 1,
                      "Original Hash Batches": 1,
                      "Peak Memory Usage": 80800,
                      "Plans": [
                        {
                          "Node Type": "Seq Scan",
                          "Parent Relationship": "Outer",
                          "Parallel Aware": true,
                          "Relation Name": "title",
                          "Alias": "t",
                          "Startup Cost": 0.0,
                          "Total Cost": 43899.32,
                          "Plan Rows": 414571,
                          "Plan Width": 4,
                          "Actual Startup Time": 0.053,
                          "Actual Total Time": 89.972,
                          "Actual Rows": 234788,
                          "Actual Loops": 7,
                          "Filter": "(production_year > 1994)",
                          "Rows Removed by Filter": 126400
                        }
                      ]
                    }
                  ]
                }
              ]
            }
          ]
        }
      ]
    },
    "Planning Time": 0.607,
    "Triggers": [],
    "Execution Time": 1692.045
  }
]