[
  {
    "Plan": {
      "Node Type": "Aggregate",
      "Strategy": "Plain",
      "Partial Mode": "Finalize",
      "Parallel Aware": false,
      "Startup Cost": 546981.2,
      "Total Cost": 546981.21,
      "Plan Rows": 1,
      "Plan Width": 64,
      "Actual Startup Time": 5199.111,
      "Actual Total Time": 5339.524,
      "Actual Rows": 1,
      "Actual Loops": 1,
      "Plans": [
        {
          "Node Type": "Gather",
          "Parent Relationship": "Outer",
          "Parallel Aware": false,
          "Startup Cost": 546980.87,
          "Total Cost": 546981.18,
          "Plan Rows": 3,
          "Plan Width": 64,
          "Actual Startup Time": 5193.588,
          "Actual Total Time": 5339.496,
          "Actual Rows": 4,
          "Actual Loops": 1,
          "Workers Planned": 3,
          "Workers Launched": 3,
          "Single Copy": false,
          "Plans": [
            {
              "Node Type": "Aggregate",
              "Strategy": "Plain",
              "Partial Mode": "Partial",
              "Parent Relationship": "Outer",
              "Parallel Aware": false,
              "Startup Cost": 545980.87,
              "Total Cost": 545980.88,
              "Plan Rows": 1,
              "Plan Width": 64,
              "Actual Startup Time": 5183.504,
              "Actual Total Time": 5184.136,
              "Actual Rows": 1,
              "Actual Loops": 4,
              "Plans": [
                {
                  "Node Type": "Hash Join",
                  "Parent Relationship": "Outer",
                  "Parallel Aware": true,
                  "Join Type": "Inner",
                  "Startup Cost": 530586.09,
                  "Total Cost": 545980.02,
                  "Plan Rows": 170,
                  "Plan Width": 33,
                  "Actual Startup Time": 5099.725,
                  "Actual Total Time": 5180.133,
                  "Actual Rows": 43518,
                  "Actual Loops": 4,
                  "Inner Unique": false,
                  "Hash Cond": "(an.person_id = n.id)",
                  "Plans": [
                    {
                      "Node Type": "Seq Scan",
                      "Parent Relationship": "Outer",
                      "Parallel Aware": true,
                      "Relation Name": "aka_name",
                      "Alias": "an",
                      "Startup Cost": 0.0,
                      "Total Cost": 14303.56,
                      "Plan Rows": 290756,
                      "Plan Width": 20,
                      "Actual Startup Time": 0.023,
                      "Actual Total Time": 40.366,
                      "Actual Rows": 225336,
                      "Actual Loops": 4
                    },
                    {
                      "Node Type": "Hash",
                      "Parent Relationship": "Inner",
                      "Parallel Aware": true,
                      "Startup Cost": 530585.39,
                      "Total Cost": 530585.39,
                      "Plan Rows": 56,
                      "Plan Width": 25,
                      "Actual Startup Time": 5098.108,
                      "Actual Total Time": 5098.738,
                      "Actual Rows": 31832,
                      "Actual Loops": 4,
                      "Hash Buckets": 131072,
                      "Original Hash Buckets": 1024,
                      "Hash Batches": 1,
                      "Original Hash Batches": 1,
                      "Peak Memory Usage": 10392,
                      "Plans": [
                        {
                          "Node Type": "Hash Join",
                          "Parent Relationship": "Outer",
                          "Parallel Aware": true,
                          "Join Type": "Inner",
                          "Startup Cost": 460647.46,
                          "Total Cost": 530585.39,
                          "Plan Rows": 56,
                          "Plan Width": 25,
                          "Actual Startup Time": 4778.172,
                          "Actual Total Time": 5072.203,
                          "Actual Rows": 31832,
                          "Actual Loops": 4,
                          "Inner Unique": false,
                          "Hash Cond": "(n.id = ci.person_id)",
                          "Plans": [
                            {
                              "Node Type": "Seq Scan",
                              "Parent Relationship": "Outer",
                              "Parallel Aware": true,
                              "Relation Name": "name",
                              "Alias": "n",
                              "Startup Cost": 0.0,
                              "Total Cost": 66031.07,
                              "Plan Rows": 1041807,
                              "Plan Width": 4,
                              "Actual Startup Time": 0.03,
                              "Actual Total Time": 145.882,
                              "Actual Rows": 1041873,
                              "Actual Loops": 4
                            },
                            {
                              "Node Type": "Hash",
                              "Parent Relationship": "Inner",
                              "Parallel Aware": true,
                              "Startup Cost": 460646.99,
                              "Total Cost": 460646.99,
                              "Plan Rows": 37,
                              "Plan Width": 21,
                              "Actual Startup Time": 4776.812,
                              "Actual Total Time": 4777.44,
                              "Actual Rows": 31832,
                              "Actual Loops": 4,
                              "Hash Buckets": 131072,
                              "Original Hash Buckets": 1024,
                              "Hash Batches": 1,
                              "Original Hash Batches": 1,
                              "Peak Memory Usage": 9944,
                              "Plans": [
                                {
                                  "Node Type": "Hash Join",
                                  "Parent Relationship": "Outer",
                                  "Parallel Aware": true,
                                  "Join Type": "Inner",
                                  "Startup Cost": 126826.35,
                                  "Total Cost": 460646.99,
                                  "Plan Rows": 37,
                                  "Plan Width": 21,
                                  "Actual Startup Time": 682.839,
                                  "Actual Total Time": 4577.549,
                                  "Actual Rows": 31832,
                                  "Actual Loops": 4,
                                  "Inner Unique": false,
                                  "Hash Cond": "(ci.movie_id = mk.movie_id)",
                                  "Plans": [
                                    {
                                      "Node Type": "Hash Join",
                                      "Parent Relationship": "Outer",
                                      "Parallel Aware": true,
                                      "Join Type": "Inner",
                                      "Startup Cost": 45608.88,
                                      "Total Cost": 374527.65,
                                      "Plan Rows": 1307095,
                                      "Plan Width": 29,
                                      "Actual Startup Time": 195.117,
                                      "Actual Total Time": 3712.81,
                                      "Actual Rows": 2375562,
                                      "Actual Loops": 4,
                                      "Inner Unique": true,
                                      "Hash Cond": "(ci.movie_id = t.id)",
                                      "Plans": [
                                        {
                                          "Node Type": "Seq Scan",
                                          "Parent Relationship": "Outer",
                                          "Parallel Aware": true,
                                          "Relation Name": "cast_info",
                                          "Alias": "ci",
                                          "Startup Cost": 0.0,
                                          "Total Cost": 313068.58,
                                          "Plan Rows": 6038158,
                                          "Plan Width": 8,
                                          "Actual Startup Time": 0.017,
                                          "Actual Total Time": 1020.499,
                                          "Actual Rows": 9061086,
                                          "Actual Loops": 4
                                        },
                                        {
                                          "Node Type": "Hash",
                                          "Parent Relationship": "Inner",
                                          "Parallel Aware": true,
                                          "Startup Cost": 43898.62,
                                          "Total Cost": 43898.62,
                                          "Plan Rows": 136821,
                                          "Plan Width": 21,
                                          "Actual Startup Time": 193.215,
                                          "Actual Total Time": 193.216,
                                          "Actual Rows": 138074,
                                          "Actual Loops": 4,
                                          "Hash Buckets": 1048576,
                                          "Original Hash Buckets": 1048576,
                                          "Hash Batches": 1,
                                          "Original Hash Batches": 1,
                                          "Peak Memory Usage": 38720,
                                          "Plans": [
                                            {
                                              "Node Type": "Seq Scan",
                                              "Parent Relationship": "Outer",
                                              "Parallel Aware": true,
                                              "Relation Name": "title",
                                              "Alias": "t",
                                              "Startup Cost": 0.0,
                                              "Total Cost": 43898.62,
                                              "Plan Rows": 136821,
                                              "Plan Width": 21,
                                              "Actual Startup Time": 0.021,
                                              "Actual Total Time": 121.375,
                                              "Actual Rows": 138074,
                                              "Actual Loops": 4,
                                              "Filter": "(episode_nr < 12)",
                                              "Rows Removed by Filter": 494004
                                            }
                                          ]
                                        }
                                      ]
                                    },
                                    {
                                      "Node Type": "Hash",
                                      "Parent Relationship": "Inner",
                                      "Parallel Aware": true,
                                      "Startup Cost": 81217.2,
                                      "Total Cost": 81217.2,
                                      "Plan Rows": 22,
                                      "Plan Width": 8,
                                      "Actual Startup Time": 486.981,
                                      "Actual Total Time": 486.994,
                                      "Actual Rows": 17079,
                                      "Actual Loops": 4,
                                      "Hash Buckets": 131072,
                                      "Original Hash Buckets": 1024,
                                      "Hash Batches": 1,
                                      "Original Hash Batches": 1,
                                      "Peak Memory Usage": 4792,
                                      "Plans": [
                                        {
                                          "Node Type": "Hash Join",
                                          "Parent Relationship": "Outer",
                                          "Parallel Aware": true,
                                          "Join Type": "Inner",
                                          "Startup Cost": 50854.1,
                                          "Total Cost": 81217.2,
                                          "Plan Rows": 22,
                                          "Plan Width": 8,
                                          "Actual Startup Time": 293.933,
                                          "Actual Total Time": 460.096,
                                          "Actual Rows": 17079,
                                          "Actual Loops": 4,
                                          "Inner Unique": true,
                                          "Hash Cond": "(mc.company_id = cn.id)",
                                          "Plans": [
                                            {
                                              "Node Type": "Hash Join",
                                              "Parent Relationship": "Outer",
                                              "Parallel Aware": true,
                                              "Join Type": "Inner",
                                              "Startup Cost": 45504.47,
                                              "Total Cost": 75867.41,
                                              "Plan Rows": 60,
                                              "Plan Width": 12,
                                              "Actual Startup Time": 261.923,
                                              "Actual Total Time": 418.109,
                                              "Actual Rows": 37138,
                                              "Actual Loops": 4,
                                              "Inner Unique": false,
                                              "Hash Cond": "(mc.movie_id = mk.movie_id)",
                                              "Plans": [
                                                {
                                                  "Node Type": "Seq Scan",
                                                  "Parent Relationship": "Outer",
                                                  "Parallel Aware": true,
                                                  "Relation Name": "movie_companies",
                                                  "Alias": "mc",
                                                  "Startup Cost": 0.0,
                                                  "Total Cost": 27206.55,
                                                  "Plan Rows": 841655,
                                                  "Plan Width": 8,
                                                  "Actual Startup Time": 0.021,
                                                  "Actual Total Time": 77.357,
                                                  "Actual Rows": 652282,
                                                  "Actual Loops": 4
                                                },
                                                {
                                                  "Node Type": "Hash",
                                                  "Parent Relationship": "Inner",
                                                  "Parallel Aware": true,
                                                  "Startup Cost": 45504.33,
                                                  "Total Cost": 45504.33,
                                                  "Plan Rows": 11,
                                                  "Plan Width": 4,
                                                  "Actual Startup Time": 261.612,
                                                  "Actual Total Time": 261.616,
                                                  "Actual Rows": 10460,
                                                  "Actual Loops": 4,
                                                  "Hash Buckets": 65536,
                                                  "Original Hash Buckets": 1024,
                                                  "Hash Batches": 1,
                                                  "Original Hash Batches": 1,
                                                  "Peak Memory Usage": 2712,
                                                  "Plans": [
                                                    {
                                                      "Node Type": "Hash Join",
                                                      "Parent Relationship": "Outer",
                                                      "Parallel Aware": false,
                                                      "Join Type": "Inner",
                                                      "Startup Cost": 2626.14,
                                                      "Total Cost": 45504.33,
                                                      "Plan Rows": 11,
                                                      "Plan Width": 4,
                                                      "Actual Startup Time": 16.609,
                                                      "Actual Total Time": 226.52,
                                                      "Actual Rows": 10460,
                                                      "Actual Loops": 4,
                                                      "Inner Unique": true,
                                                      "Hash Cond": "(mk.keyword_id = k.id)",
                                                      "Plans": [
                                                        {
                                                          "Node Type": "Seq Scan",
                                                          "Parent Relationship": "Outer",
                                                          "Parallel Aware": true,
                                                          "Relation Name": "movie_keyword",
                                                          "Alias": "mk",
                                                          "Startup Cost": 0.0,
                                                          "Total Cost": 39047.32,
                                                          "Plan Rows": 1459332,
                                                          "Plan Width": 8,
                                                          "Actual Startup Time": 0.041,
                                                          "Actual Total Time": 125.635,
                                                          "Actual Rows": 1130982,
                                                          "Actual Loops": 4
                                                        },
                                                        {
                                                          "Node Type": "Hash",
                                                          "Parent Relationship": "Inner",
                                                          "Parallel Aware": false,
                                                          "Startup Cost": 2626.12,
                                                          "Total Cost": 2626.12,
                                                          "Plan Rows": 1,
                                                          "Plan Width": 4,
                                                          "Actual Startup Time": 16.515,
                                                          "Actual Total Time": 16.516,
                                                          "Actual Rows": 1,
                                                          "Actual Loops": 4,
                                                          "Hash Buckets": 1024,
                                                          "Original Hash Buckets": 1024,
                                                          "Hash Batches": 1,
                                                          "Original Hash Batches": 1,
                                                          "Peak Memory Usage": 9,
                                                          "Plans": [
                                                            {
                                                              "Node Type": "Seq Scan",
                                                              "Parent Relationship": "Outer",
                                                              "Parallel Aware": false,
                                                              "Relation Name": "keyword",
                                                              "Alias": "k",
                                                              "Startup Cost": 0.0,
                                                              "Total Cost": 2626.12,
                                                              "Plan Rows": 1,
                                                              "Plan Width": 4,
                                                              "Actual Startup Time": 0.996,
                                                              "Actual Total Time": 16.507,
                                                              "Actual Rows": 1,
                                                              "Actual Loops": 4,
                                                              "Filter": "(keyword = 'character-name-in-title'::text)",
                                                              "Rows Removed by Filter": 134169
                                                            }
                                                          ]
                                                        }
                                                      ]
                                                    }
                                                  ]
                                                }
                                              ]
                                            },
                                            {
                                              "Node Type": "Hash",
                                              "Parent Relationship": "Inner",
                                              "Parallel Aware": true,
                                              "Startup Cost": 4722.92,
                                              "Total Cost": 4722.92,
                                              "Plan Rows": 50137,
                                              "Plan Width": 4,
                                              "Actual Startup Time": 31.596,
                                              "Actual Total Time": 31.597,
                                              "Actual Rows": 21211,
                                              "Actual Loops": 4,
                                              "Hash Buckets": 131072,
                                              "Original Hash Buckets": 131072,
                                              "Hash Batches": 1,
                                              "Original Hash Batches": 1,
                                              "Peak Memory Usage": 4384,
                                              "Plans": [
                                                {
                                                  "Node Type": "Seq Scan",
                                                  "Parent Relationship": "Outer",
                                                  "Parallel Aware": true,
                                                  "Relation Name": "company_name",
                                                  "Alias": "cn",
                                                  "Startup Cost": 0.0,
                                                  "Total Cost": 4722.92,
                                                  "Plan Rows": 50137,
                                                  "Plan Width": 4,
                                                  "Actual Startup Time": 0.077,
                                                  "Actual Total Time": 22.693,
                                                  "Actual Rows": 21211,
                                                  "Actual Loops": 4,
                                                  "Filter": "((country_code)::text = '[us]'::text)",
                                                  "Rows Removed by Filter": 37538
                                                }
                                              ]
                                            }
                                          ]
                                        }
                                      ]
                                    }
                                  ]
                                }
                              ]
                            }
                          ]
                        }
                      ]
                    }
                  ]
                }
              ]
            }
          ]
        }
      ]
    },
    "Planning Time": 11.898,
    "Triggers": [],
    "Execution Time": 5339.93
  }
]