[
  {
    "Plan": {
      "Node Type": "Aggregate",
      "Strategy": "Plain",
      "Partial Mode": "Finalize",
      "Parallel Aware": false,
      "Startup Cost": 46864.03,
      "Total Cost": 46864.04,
      "Plan Rows": 1,
      "Plan Width": 8,
      "Actual Startup Time": 152.35,
      "Actual Total Time": 159.391,
      "Actual Rows": 1,
      "Actual Loops": 1,
      "Plans": [
        {
          "Node Type": "Gather",
          "Parent Relationship": "Outer",
          "Parallel Aware": false,
          "Startup Cost": 46863.72,
          "Total Cost": 46864.03,
          "Plan Rows": 3,
          "Plan Width": 8,
          "Actual Startup Time": 152.245,
          "Actual Total Time": 159.384,
          "Actual Rows": 4,
          "Actual Loops": 1,
          "Workers Planned": 3,
          "Workers Launched": 3,
          "Single Copy": false,
          "Plans": [
            {
              "Node Type": "Aggregate",
              "Strategy": "Plain",
              "Partial Mode": "Partial",
              "Parent Relationship": "Outer",
              "Parallel Aware": false,
              "Startup Cost": 45863.72,
              "Total Cost": 45863.73,
              "Plan Rows": 1,
              "Plan Width": 8,
              "Actual Startup Time": 147.307,
              "Actual Total Time": 147.308,
              "Actual Rows": 1,
              "Actual Loops": 4,
              "Plans": [
                {
                  "Node Type": "Seq Scan",
                  "Parent Relationship": "Outer",
                  "Parallel Aware": true,
                  "Relation Name": "movie_keyword",
                  "Alias": "mk",
                  "Startup Cost": 0.0,
                  "Total Cost": 42695.65,
                  "Plan Rows": 1267225,
                  "Plan Width": 0,
                  "Actual Startup Time": 0.032,
                  "Actual Total Time": 106.498,
                  "Actual Rows": 981844,
                  "Actual Loops": 4,
                  "Filter": "(keyword_id < 30789)",
                  "Rows Removed by Filter": 149138
                }
              ]
            }
          ]
        }
      ]
    },
    "Planning Time": 0.181,
    "Triggers": [],
    "Execution Time": 159.444
  }
]