[
  {
    "Plan": {
      "Node Type": "Aggregate",
      "Strategy": "Plain",
      "Partial Mode": "Finalize",
      "Parallel Aware": false,
      "Startup Cost": 46853.12,
      "Total Cost": 46853.13,
      "Plan Rows": 1,
      "Plan Width": 8,
      "Actual Startup Time": 203.081,
      "Actual Total Time": 213.946,
      "Actual Rows": 1,
      "Actual Loops": 1,
      "Plans": [
        {
          "Node Type": "Gather",
          "Parent Relationship": "Outer",
          "Parallel Aware": false,
          "Startup Cost": 46852.81,
          "Total Cost": 46853.12,
          "Plan Rows": 3,
          "Plan Width": 8,
          "Actual Startup Time": 203.01,
          "Actual Total Time": 213.939,
          "Actual Rows": 4,
          "Actual Loops": 1,
          "Workers Planned": 3,
          "Workers Launched": 3,
          "Single Copy": false,
          "Plans": [
            {
              "Node Type": "Aggregate",
              "Strategy": "Plain",
              "Partial Mode": "Partial",
              "Parent Relationship": "Outer",
              "Parallel Aware": false,
              "Startup Cost": 45852.81,
              "Total Cost": 45852.82,
              "Plan Rows": 1,
              "Plan Width": 8,
              "Actual Startup Time": 194.786,
              "Actual Total Time": 194.787,
              "Actual Rows": 1,
              "Actual Loops": 4,
              "Plans": [
                {
                  "Node Type": "Seq Scan",
                  "Parent Relationship": "Outer",
                  "Parallel Aware": true,
                  "Relation Name": "movie_keyword",
                  "Alias": "mk",
                  "Startup Cost": 0.0,
                  "Total Cost": 42695.65,
                  "Plan Rows": 1262861,
                  "Plan Width": 0,
                  "Actual Startup Time": 0.063,
                  "Actual Total Time": 140.071,
                  "Actual Rows": 981844,
                  "Actual Loops": 4,
                  "Filter": "(keyword_id < 30789)",
                  "Rows Removed by Filter": 149138
                }
              ]
            }
          ]
        }
      ]
    },
    "Planning Time": 0.153,
    "Triggers": [],
    "Execution Time": 213.997
  }
]