[
  {
    "Plan": {
      "Node Type": "Aggregate",
      "Strategy": "Plain",
      "Partial Mode": "Finalize",
      "Parallel Aware": false,
      "Startup Cost": 45556.83,
      "Total Cost": 45556.84,
      "Plan Rows": 1,
      "Plan Width": 8,
      "Actual Startup Time": 153.549,
      "Actual Total Time": 160.948,
      "Actual Rows": 1,
      "Actual Loops": 1,
      "Plans": [
        {
          "Node Type": "Gather",
          "Parent Relationship": "Outer",
          "Parallel Aware": false,
          "Startup Cost": 45556.51,
          "Total Cost": 45556.82,
          "Plan Rows": 3,
          "Plan Width": 8,
          "Actual Startup Time": 153.408,
          "Actual Total Time": 160.938,
          "Actual Rows": 4,
          "Actual Loops": 1,
          "Workers Planned": 3,
          "Workers Launched": 3,
          "Single Copy": false,
          "Plans": [
            {
              "Node Type": "Aggregate",
              "Strategy": "Plain",
              "Partial Mode": "Partial",
              "Parent Relationship": "Outer",
              "Parallel Aware": false,
              "Startup Cost": 44556.51,
              "Total Cost": 44556.52,
              "Plan Rows": 1,
              "Plan Width": 8,
              "Actual Startup Time": 146.319,
              "Actual Total Time": 146.32,
              "Actual Rows": 1,
              "Actual Loops": 4,
              "Plans": [
                {
                  "Node Type": "Seq Scan",
                  "Parent Relationship": "Outer",
                  "Parallel Aware": true,
                  "Relation Name": "movie_keyword",
                  "Alias": "mk",
                  "Startup Cost": 0.0,
                  "Total Cost": 42695.65,
                  "Plan Rows": 744343,
                  "Plan Width": 0,
                  "Actual Startup Time": 0.859,
                  "Actual Total Time": 117.328,
                  "Actual Rows": 572744,
                  "Actual Loops": 4,
                  "Filter": "(keyword_id > 4594)",
                  "Rows Removed by Filter": 558238
                }
              ]
            }
          ]
        }
      ]
    },
    "Planning Time": 0.182,
    "Triggers": [],
    "Execution Time": 161.002
  }
]