{
  "Plan": {
    "Node Type": "Aggregate",
    "Strategy": "Plain",
    "Partial Mode": "Finalize",
    "Parallel Aware": false,
    "Startup Cost": 495258.68,
    "Total Cost": 495258.69,
    "Plan Rows": 1,
    "Plan Width": 8,
    "Actual Startup Time": 1203.092,
    "Actual Total Time": 1235.808,
    "Actual Rows": 1,
    "Actual Loops": 1,
    "Plans": [
      {
        "Node Type": "Gather",
        "Parent Relationship": "Outer",
        "Parallel Aware": false,
        "Startup Cost": 495258.57,
        "Total Cost": 495258.68,
        "Plan Rows": 1,
        "Plan Width": 8,
        "Actual Startup Time": 1201.505,
        "Actual Total Time": 1235.797,
        "Actual Rows": 2,
        "Actual Loops": 1,
        "Workers Planned": 1,
        "Workers Launched": 1,
        "Single Copy": false,
        "Plans": [
          {
            "Node Type": "Aggregate",
            "Strategy": "Plain",
            "Partial Mode": "Partial",
            "Parent Relationship": "Outer",
            "Parallel Aware": false,
            "Startup Cost": 494258.57,
            "Total Cost": 494258.58,
            "Plan Rows": 1,
            "Plan Width": 8,
            "Actual Startup Time": 1195.368,
            "Actual Total Time": 1195.372,
            "Actual Rows": 1,
            "Actual Loops": 2,
            "Plans": [
              {
                "Node Type": "Hash Join",
                "Parent Relationship": "Outer",
                "Parallel Aware": true,
                "Join Type": "Inner",
                "Startup Cost": 188855.39,
                "Total Cost": 493216.32,
                "Plan Rows": 416899,
                "Plan Width": 0,
                "Actual Startup Time": 438.133,
                "Actual Total Time": 1180.994,
                "Actual Rows": 325183,
                "Actual Loops": 2,
                "Inner Unique": true,
                "Hash Cond": "(ci.movie_id = t.id)",
                "Plans": [
                  {
                    "Node Type": "Bitmap Heap Scan",
                    "Parent Relationship": "Outer",
                    "Parallel Aware": true,
                    "Relation Name": "cast_info",
                    "Alias": "ci",
                    "Startup Cost": 128280.39,
                    "Total Cost": 423673.12,
                    "Plan Rows": 3416458,
                    "Plan Width": 4,
                    "Actual Startup Time": 246.646,
                    "Actual Total Time": 540.366,
                    "Actual Rows": 2976086,
                    "Actual Loops": 2,
                    "Recheck Cond": "(person_id < 576644)",
                    "Rows Removed by Index Recheck": 0,
                    "Exact Heap Blocks": 33364,
                    "Lossy Heap Blocks": 0,
                    "Plans": [
                      {
                        "Node Type": "Bitmap Index Scan",
                        "Parent Relationship": "Outer",
                        "Parallel Aware": false,
                        "Index Name": "person_id_cast_info",
                        "Startup Cost": 0.0,
                        "Total Cost": 126828.4,
                        "Plan Rows": 5807978,
                        "Plan Width": 0,
                        "Actual Startup Time": 235.801,
                        "Actual Total Time": 235.802,
                        "Actual Rows": 5952172,
                        "Actual Loops": 1,
                        "Index Cond": "(person_id < 576644)"
                      }
                    ]
                  },
                  {
                    "Node Type": "Hash",
                    "Parent Relationship": "Inner",
                    "Parallel Aware": true,
                    "Startup Cost": 58306.47,
                    "Total Cost": 58306.47,
                    "Plan Rows": 181482,
                    "Plan Width": 4,
                    "Actual Startup Time": 185.715,
                    "Actual Total Time": 185.716,
                    "Actual Rows": 133300,
                    "Actual Loops": 2,
                    "Hash Buckets": 524288,
                    "Original Hash Buckets": 524288,
                    "Hash Batches": 1,
                    "Original Hash Batches": 1,
                    "Peak Memory Usage": 14560,
                    "Plans": [
                      {
                        "Node Type": "Seq Scan",
                        "Parent Relationship": "Outer",
                        "Parallel Aware": true,
                        "Relation Name": "title",
                        "Alias": "t",
                        "Startup Cost": 0.0,
                        "Total Cost": 58306.47,
                        "Plan Rows": 181482,
                        "Plan Width": 4,
                        "Actual Startup Time": 0.071,
                        "Actual Total Time": 149.596,
                        "Actual Rows": 133300,
                        "Actual Loops": 2,
                        "Filter": "((kind_id < 7) AND (production_year > 2007))",
                        "Rows Removed by Filter": 1130856
                      }
                    ]
                  }
                ]
              }
            ]
          }
        ]
      }
    ]
  },
  "Planning Time": 0.66,
  "Triggers": [],
  "Execution Time": 1235.912
}