[
  {
    "Plan": {
      "Node Type": "Aggregate",
      "Strategy": "Plain",
      "Partial Mode": "Finalize",
      "Parallel Aware": false,
      "Startup Cost": 297133.94,
      "Total Cost": 297133.95,
      "Plan Rows": 1,
      "Plan Width": 8,
      "Actual Startup Time": 3609.689,
      "Actual Total Time": 3659.288,
      "Actual Rows": 1,
      "Actual Loops": 1,
      "Plans": [
        {
          "Node Type": "Gather",
          "Parent Relationship": "Outer",
          "Parallel Aware": false,
          "Startup Cost": 297133.62,
          "Total Cost": 297133.93,
          "Plan Rows": 3,
          "Plan Width": 8,
          "Actual Startup Time": 3598.602,
          "Actual Total Time": 3659.278,
          "Actual Rows": 4,
          "Actual Loops": 1,
          "Workers Planned": 3,
          "Workers Launched": 3,
          "Single Copy": false,
          "Plans": [
            {
              "Node Type": "Aggregate",
              "Strategy": "Plain",
              "Partial Mode": "Partial",
              "Parent Relationship": "Outer",
              "Parallel Aware": false,
              "Startup Cost": 296133.62,
              "Total Cost": 296133.63,
              "Plan Rows": 1,
              "Plan Width": 8,
              "Actual Startup Time": 3592.254,
              "Actual Total Time": 3593.0,
              "Actual Rows": 1,
              "Actual Loops": 4,
              "Plans": [
                {
                  "Node Type": "Hash Join",
                  "Parent Relationship": "Outer",
                  "Parallel Aware": true,
                  "Join Type": "Inner",
                  "Startup Cost": 249387.18,
                  "Total Cost": 294896.61,
                  "Plan Rows": 494805,
                  "Plan Width": 0,
                  "Actual Startup Time": 984.199,
                  "Actual Total Time": 2676.25,
                  "Actual Rows": 21023046,
                  "Actual Loops": 4,
                  "Inner Unique": false,
                  "Hash Cond": "(mk.movie_id = t.id)",
                  "Plans": [
                    {
                      "Node Type": "Seq Scan",
                      "Parent Relationship": "Outer",
                      "Parallel Aware": true,
                      "Relation Name": "movie_keyword",
                      "Alias": "mk",
                      "Startup Cost": 0.0,
                      "Total Cost": 39047.32,
                      "Plan Rows": 1459332,
                      "Plan Width": 4,
                      "Actual Startup Time": 0.034,
                      "Actual Total Time": 86.662,
                      "Actual Rows": 1130982,
                      "Actual Loops": 4
                    },
                    {
                      "Node Type": "Hash",
                      "Parent Relationship": "Inner",
                      "Parallel Aware": true,
                      "Startup Cost": 247243.95,
                      "Total Cost": 247243.95,
                      "Plan Rows": 171459,
                      "Plan Width": 8,
                      "Actual Startup Time": 980.793,
                      "Actual Total Time": 981.537,
                      "Actual Rows": 465790,
                      "Actual Loops": 4,
                      "Hash Buckets": 2097152,
                      "Original Hash Buckets": 1048576,
                      "Hash Batches": 1,
                      "Original Hash Batches": 1,
                      "Peak Memory Usage": 97504,
                      "Plans": [
                        {
                          "Node Type": "Hash Join",
                          "Parent Relationship": "Outer",
                          "Parallel Aware": true,
                          "Join Type": "Inner",
                          "Startup Cost": 46982.15,
                          "Total Cost": 247243.95,
                          "Plan Rows": 171459,
                          "Plan Width": 8,
                          "Actual Startup Time": 223.994,
                          "Actual Total Time": 798.416,
                          "Actual Rows": 465790,
                          "Actual Loops": 4,
                          "Inner Unique": true,
                          "Hash Cond": "(mi.movie_id = t.id)",
                          "Plans": [
                            {
                              "Node Type": "Seq Scan",
                              "Parent Relationship": "Outer",
                              "Parallel Aware": true,
                              "Relation Name": "movie_info",
                              "Alias": "mi",
                              "Startup Cost": 0.0,
                              "Total Cost": 199108.24,
                              "Plan Rows": 439450,
                              "Plan Width": 4,
                              "Actual Startup Time": 22.433,
                              "Actual Total Time": 421.229,
                              "Actual Rows": 558462,
                              "Actual Loops": 4,
                              "Filter": "(info_type_id > 16)",
                              "Rows Removed by Filter": 3150468
                            },
                            {
                              "Node Type": "Hash",
                              "Parent Relationship": "Inner",
                              "Parallel Aware": true,
                              "Startup Cost": 43899.32,
                              "Total Cost": 43899.32,
                              "Plan Rows": 246626,
                              "Plan Width": 4,
                              "Actual Startup Time": 199.543,
                              "Actual Total Time": 199.545,
                              "Actual Rows": 246262,
                              "Actual Loops": 4,
                              "Hash Buckets": 1048576,
                              "Original Hash Buckets": 1048576,
                              "Hash Batches": 1,
                              "Original Hash Batches": 1,
                              "Peak Memory Usage": 46784,
                              "Plans": [
                                {
                                  "Node Type": "Seq Scan",
                                  "Parent Relationship": "Outer",
                                  "Parallel Aware": true,
                                  "Relation Name": "title",
                                  "Alias": "t",
                                  "Startup Cost": 0.0,
                                  "Total Cost": 43899.32,
                                  "Plan Rows": 246626,
                                  "Plan Width": 4,
                                  "Actual Startup Time": 0.037,
                                  "Actual Total Time": 107.699,
                                  "Actual Rows": 246262,
                                  "Actual Loops": 4,
                                  "Filter": "(kind_id < 7)",
                                  "Rows Removed by Filter": 385816
                                }
                              ]
                            }
                          ]
                        }
                      ]
                    }
                  ]
                }
              ]
            }
          ]
        }
      ]
    },
    "Planning Time": 0.593,
    "Triggers": [],
    "Execution Time": 3659.338
  }
]