{
  "Plan": {
    "Node Type": "Aggregate",
    "Strategy": "Plain",
    "Partial Mode": "Finalize",
    "Parallel Aware": false,
    "Startup Cost": 458257.04,
    "Total Cost": 458257.05,
    "Plan Rows": 1,
    "Plan Width": 8,
    "Actual Startup Time": 4128.56,
    "Actual Total Time": 4181.899,
    "Actual Rows": 1,
    "Actual Loops": 1,
    "Plans": [
      {
        "Node Type": "Gather",
        "Parent Relationship": "Outer",
        "Parallel Aware": false,
        "Startup Cost": 458256.92,
        "Total Cost": 458257.03,
        "Plan Rows": 1,
        "Plan Width": 8,
        "Actual Startup Time": 4120.667,
        "Actual Total Time": 4181.888,
        "Actual Rows": 2,
        "Actual Loops": 1,
        "Workers Planned": 1,
        "Workers Launched": 1,
        "Single Copy": false,
        "Plans": [
          {
            "Node Type": "Aggregate",
            "Strategy": "Plain",
            "Partial Mode": "Partial",
            "Parent Relationship": "Outer",
            "Parallel Aware": false,
            "Startup Cost": 457256.92,
            "Total Cost": 457256.93,
            "Plan Rows": 1,
            "Plan Width": 8,
            "Actual Startup Time": 4113.318,
            "Actual Total Time": 4114.447,
            "Actual Rows": 1,
            "Actual Loops": 2,
            "Plans": [
              {
                "Node Type": "Hash Join",
                "Parent Relationship": "Outer",
                "Parallel Aware": true,
                "Join Type": "Inner",
                "Startup Cost": 121551.39,
                "Total Cost": 447459.8,
                "Plan Rows": 3918851,
                "Plan Width": 0,
                "Actual Startup Time": 1008.847,
                "Actual Total Time": 3743.464,
                "Actual Rows": 8959170,
                "Actual Loops": 2,
                "Inner Unique": false,
                "Hash Cond": "(mi.movie_id = t.id)",
                "Plans": [
                  {
                    "Node Type": "Seq Scan",
                    "Parent Relationship": "Outer",
                    "Parallel Aware": true,
                    "Relation Name": "movie_info",
                    "Alias": "mi",
                    "Startup Cost": 0.0,
                    "Total Cost": 270696.42,
                    "Plan Rows": 8575975,
                    "Plan Width": 4,
                    "Actual Startup Time": 0.02,
                    "Actual Total Time": 826.271,
                    "Actual Rows": 7318983,
                    "Actual Loops": 2,
                    "Filter": "(info_type_id < 107)",
                    "Rows Removed by Filter": 98877
                  },
                  {
                    "Node Type": "Hash",
                    "Parent Relationship": "Inner",
                    "Parallel Aware": true,
                    "Startup Cost": 113056.38,
                    "Total Cost": 113056.38,
                    "Plan Rows": 679601,
                    "Plan Width": 8,
                    "Actual Startup Time": 993.306,
                    "Actual Total Time": 994.433,
                    "Actual Rows": 632886,
                    "Actual Loops": 2,
                    "Hash Buckets": 2097152,
                    "Original Hash Buckets": 2097152,
                    "Hash Batches": 1,
                    "Original Hash Batches": 1,
                    "Peak Memory Usage": 65952,
                    "Plans": [
                      {
                        "Node Type": "Hash Join",
                        "Parent Relationship": "Outer",
                        "Parallel Aware": true,
                        "Join Type": "Inner",
                        "Startup Cost": 69460.7,
                        "Total Cost": 113056.38,
                        "Plan Rows": 679601,
                        "Plan Width": 8,
                        "Actual Startup Time": 560.707,
                        "Actual Total Time": 841.75,
                        "Actual Rows": 632886,
                        "Actual Loops": 2,
                        "Inner Unique": true,
                        "Hash Cond": "(mc.movie_id = t.id)",
                        "Plans": [
                          {
                            "Node Type": "Seq Scan",
                            "Parent Relationship": "Outer",
                            "Parallel Aware": true,
                            "Relation Name": "movie_companies",
                            "Alias": "mc",
                            "Startup Cost": 0.0,
                            "Total Cost": 41811.73,
                            "Plan Rows": 679601,
                            "Plan Width": 4,
                            "Actual Startup Time": 49.629,
                            "Actual Total Time": 125.104,
                            "Actual Rows": 632886,
                            "Actual Loops": 2,
                            "Filter": "((company_id > 160) AND (company_type_id = 2))",
                            "Rows Removed by Filter": 671679
                          },
                          {
                            "Node Type": "Hash",
                            "Parent Relationship": "Inner",
                            "Parallel Aware": true,
                            "Startup Cost": 50870.31,
                            "Total Cost": 50870.31,
                            "Plan Rows": 1487231,
                            "Plan Width": 4,
                            "Actual Startup Time": 497.684,
                            "Actual Total Time": 497.685,
                            "Actual Rows": 1264156,
                            "Actual Loops": 2,
                            "Hash Buckets": 4194304,
                            "Original Hash Buckets": 4194304,
                            "Hash Batches": 1,
                            "Original Hash Batches": 1,
                            "Peak Memory Usage": 131712,
                            "Plans": [
                              {
                                "Node Type": "Seq Scan",
                                "Parent Relationship": "Outer",
                                "Parallel Aware": true,
                                "Relation Name": "title",
                                "Alias": "t",
                                "Startup Cost": 0.0,
                                "Total Cost": 50870.31,
                                "Plan Rows": 1487231,
                                "Plan Width": 4,
                                "Actual Startup Time": 0.028,
                                "Actual Total Time": 149.611,
                                "Actual Rows": 1264156,
                                "Actual Loops": 2
                              }
                            ]
                          }
                        ]
                      }
                    ]
                  }
                ]
              }
            ]
          }
        ]
      }
    ]
  },
  "Planning Time": 1.016,
  "Triggers": [],
  "Execution Time": 4181.983
}