[
  {
    "Plan": {
      "Node Type": "Aggregate",
      "Strategy": "Plain",
      "Partial Mode": "Finalize",
      "Parallel Aware": false,
      "Startup Cost": 77060.89,
      "Total Cost": 77060.9,
      "Plan Rows": 1,
      "Plan Width": 8,
      "Actual Startup Time": 303.251,
      "Actual Total Time": 315.369,
      "Actual Rows": 1,
      "Actual Loops": 1,
      "Plans": [
        {
          "Node Type": "Gather",
          "Parent Relationship": "Outer",
          "Parallel Aware": false,
          "Startup Cost": 77060.57,
          "Total Cost": 77060.88,
          "Plan Rows": 3,
          "Plan Width": 8,
          "Actual Startup Time": 301.415,
          "Actual Total Time": 315.359,
          "Actual Rows": 4,
          "Actual Loops": 1,
          "Workers Planned": 3,
          "Workers Launched": 3,
          "Single Copy": false,
          "Plans": [
            {
              "Node Type": "Aggregate",
              "Strategy": "Plain",
              "Partial Mode": "Partial",
              "Parent Relationship": "Outer",
              "Parallel Aware": false,
              "Startup Cost": 76060.57,
              "Total Cost": 76060.58,
              "Plan Rows": 1,
              "Plan Width": 8,
              "Actual Startup Time": 294.812,
              "Actual Total Time": 294.815,
              "Actual Rows": 1,
              "Actual Loops": 4,
              "Plans": [
                {
                  "Node Type": "Hash Join",
                  "Parent Relationship": "Outer",
                  "Parallel Aware": true,
                  "Join Type": "Inner",
                  "Startup Cost": 46399.66,
                  "Total Cost": 75815.55,
                  "Plan Rows": 98007,
                  "Plan Width": 0,
                  "Actual Startup Time": 146.171,
                  "Actual Total Time": 285.333,
                  "Actual Rows": 208433,
                  "Actual Loops": 4,
                  "Inner Unique": true,
                  "Hash Cond": "(mc.movie_id = t.id)",
                  "Plans": [
                    {
                      "Node Type": "Seq Scan",
                      "Parent Relationship": "Outer",
                      "Parallel Aware": true,
                      "Relation Name": "movie_companies",
                      "Alias": "mc",
                      "Startup Cost": 0.0,
                      "Total Cost": 27206.55,
                      "Plan Rows": 841655,
                      "Plan Width": 4,
                      "Actual Startup Time": 0.021,
                      "Actual Total Time": 55.776,
                      "Actual Rows": 652282,
                      "Actual Loops": 4
                    },
                    {
                      "Node Type": "Hash",
                      "Parent Relationship": "Inner",
                      "Parallel Aware": true,
                      "Startup Cost": 45479.59,
                      "Total Cost": 45479.59,
                      "Plan Rows": 73606,
                      "Plan Width": 4,
                      "Actual Startup Time": 118.182,
                      "Actual Total Time": 118.183,
                      "Actual Rows": 97759,
                      "Actual Loops": 4,
                      "Hash Buckets": 524288,
                      "Original Hash Buckets": 524288,
                      "Hash Batches": 1,
                      "Original Hash Batches": 1,
                      "Peak Memory Usage": 19424,
                      "Plans": [
                        {
                          "Node Type": "Seq Scan",
                          "Parent Relationship": "Outer",
                          "Parallel Aware": true,
                          "Relation Name": "title",
                          "Alias": "t",
                          "Startup Cost": 0.0,
                          "Total Cost": 45479.59,
                          "Plan Rows": 73606,
                          "Plan Width": 4,
                          "Actual Startup Time": 50.576,
                          "Actual Total Time": 91.425,
                          "Actual Rows": 97759,
                          "Actual Loops": 4,
                          "Filter": "((production_year < 2002) AND (kind_id = 1))",
                          "Rows Removed by Filter": 534319
                        }
                      ]
                    }
                  ]
                }
              ]
            }
          ]
        }
      ]
    },
    "Planning Time": 0.231,
    "Triggers": [],
    "Execution Time": 315.4
  }
]