[
  {
    "Plan": {
      "Node Type": "Aggregate",
      "Strategy": "Plain",
      "Partial Mode": "Finalize",
      "Parallel Aware": false,
      "Startup Cost": 77059.46,
      "Total Cost": 77059.47,
      "Plan Rows": 1,
      "Plan Width": 8,
      "Actual Startup Time": 321.424,
      "Actual Total Time": 337.892,
      "Actual Rows": 1,
      "Actual Loops": 1,
      "Plans": [
        {
          "Node Type": "Gather",
          "Parent Relationship": "Outer",
          "Parallel Aware": false,
          "Startup Cost": 77059.14,
          "Total Cost": 77059.45,
          "Plan Rows": 3,
          "Plan Width": 8,
          "Actual Startup Time": 320.024,
          "Actual Total Time": 337.884,
          "Actual Rows": 4,
          "Actual Loops": 1,
          "Workers Planned": 3,
          "Workers Launched": 3,
          "Single Copy": false,
          "Plans": [
            {
              "Node Type": "Aggregate",
              "Strategy": "Plain",
              "Partial Mode": "Partial",
              "Parent Relationship": "Outer",
              "Parallel Aware": false,
              "Startup Cost": 76059.14,
              "Total Cost": 76059.15,
              "Plan Rows": 1,
              "Plan Width": 8,
              "Actual Startup Time": 311.114,
              "Actual Total Time": 311.117,
              "Actual Rows": 1,
              "Actual Loops": 4,
              "Plans": [
                {
                  "Node Type": "Hash Join",
                  "Parent Relationship": "Outer",
                  "Parallel Aware": true,
                  "Join Type": "Inner",
                  "Startup Cost": 46398.42,
                  "Total Cost": 75814.31,
                  "Plan Rows": 97932,
                  "Plan Width": 0,
                  "Actual Startup Time": 164.676,
                  "Actual Total Time": 302.657,
                  "Actual Rows": 208433,
                  "Actual Loops": 4,
                  "Inner Unique": true,
                  "Hash Cond": "(mc.movie_id = t.id)",
                  "Plans": [
                    {
                      "Node Type": "Seq Scan",
                      "Parent Relationship": "Outer",
                      "Parallel Aware": true,
                      "Relation Name": "movie_companies",
                      "Alias": "mc",
                      "Startup Cost": 0.0,
                      "Total Cost": 27206.55,
                      "Plan Rows": 841655,
                      "Plan Width": 4,
                      "Actual Startup Time": 0.016,
                      "Actual Total Time": 56.192,
                      "Actual Rows": 652282,
                      "Actual Loops": 4
                    },
                    {
                      "Node Type": "Hash",
                      "Parent Relationship": "Inner",
                      "Parallel Aware": true,
                      "Startup Cost": 45479.1,
                      "Total Cost": 45479.1,
                      "Plan Rows": 73546,
                      "Plan Width": 4,
                      "Actual Startup Time": 132.408,
                      "Actual Total Time": 132.409,
                      "Actual Rows": 97759,
                      "Actual Loops": 4,
                      "Hash Buckets": 524288,
                      "Original Hash Buckets": 524288,
                      "Hash Batches": 1,
                      "Original Hash Batches": 1,
                      "Peak Memory Usage": 19456,
                      "Plans": [
                        {
                          "Node Type": "Seq Scan",
                          "Parent Relationship": "Outer",
                          "Parallel Aware": true,
                          "Relation Name": "title",
                          "Alias": "t",
                          "Startup Cost": 0.0,
                          "Total Cost": 45479.1,
                          "Plan Rows": 73546,
                          "Plan Width": 4,
                          "Actual Startup Time": 61.067,
                          "Actual Total Time": 101.638,
                          "Actual Rows": 97759,
                          "Actual Loops": 4,
                          "Filter": "((production_year < 2002) AND (kind_id = 1))",
                          "Rows Removed by Filter": 534319
                        }
                      ]
                    }
                  ]
                }
              ]
            }
          ]
        }
      ]
    },
    "Planning Time": 0.661,
    "Triggers": [],
    "Execution Time": 337.966
  }
]