[
  {
    "Plan": {
      "Node Type": "Aggregate",
      "Strategy": "Plain",
      "Partial Mode": "Finalize",
      "Parallel Aware": false,
      "Startup Cost": 29557.99,
      "Total Cost": 29558.0,
      "Plan Rows": 1,
      "Plan Width": 8,
      "Actual Startup Time": 86.145,
      "Actual Total Time": 90.624,
      "Actual Rows": 1,
      "Actual Loops": 1,
      "Plans": [
        {
          "Node Type": "Gather",
          "Parent Relationship": "Outer",
          "Parallel Aware": false,
          "Startup Cost": 29557.67,
          "Total Cost": 29557.98,
          "Plan Rows": 3,
          "Plan Width": 8,
          "Actual Startup Time": 86.016,
          "Actual Total Time": 90.616,
          "Actual Rows": 4,
          "Actual Loops": 1,
          "Workers Planned": 3,
          "Workers Launched": 3,
          "Single Copy": false,
          "Plans": [
            {
              "Node Type": "Aggregate",
              "Strategy": "Plain",
              "Partial Mode": "Partial",
              "Parent Relationship": "Outer",
              "Parallel Aware": false,
              "Startup Cost": 28557.67,
              "Total Cost": 28557.68,
              "Plan Rows": 1,
              "Plan Width": 8,
              "Actual Startup Time": 78.578,
              "Actual Total Time": 78.579,
              "Actual Rows": 1,
              "Actual Loops": 4,
              "Plans": [
                {
                  "Node Type": "Bitmap Heap Scan",
                  "Parent Relationship": "Outer",
                  "Parallel Aware": true,
                  "Relation Name": "movie_companies",
                  "Alias": "mc",
                  "Startup Cost": 7984.49,
                  "Total Cost": 28260.47,
                  "Plan Rows": 118879,
                  "Plan Width": 0,
                  "Actual Startup Time": 32.934,
                  "Actual Total Time": 70.935,
                  "Actual Rows": 92601,
                  "Actual Loops": 4,
                  "Recheck Cond": "(company_id > 85424)",
                  "Rows Removed by Index Recheck": 0,
                  "Exact Heap Blocks": 2597,
                  "Lossy Heap Blocks": 0,
                  "Plans": [
                    {
                      "Node Type": "Bitmap Index Scan",
                      "Parent Relationship": "Outer",
                      "Parallel Aware": false,
                      "Index Name": "company_id_movie_companies",
                      "Startup Cost": 0.0,
                      "Total Cost": 7892.36,
                      "Plan Rows": 368524,
                      "Plan Width": 0,
                      "Actual Startup Time": 38.179,
                      "Actual Total Time": 38.18,
                      "Actual Rows": 370403,
                      "Actual Loops": 1,
                      "Index Cond": "(company_id > 85424)"
                    }
                  ]
                }
              ]
            }
          ]
        }
      ]
    },
    "Planning Time": 0.213,
    "Triggers": [],
    "Execution Time": 90.702
  }
]