[
  {
    "Plan": {
      "Node Type": "Aggregate",
      "Strategy": "Plain",
      "Partial Mode": "Finalize",
      "Parallel Aware": false,
      "Startup Cost": 44875.31,
      "Total Cost": 44875.32,
      "Plan Rows": 1,
      "Plan Width": 8,
      "Actual Startup Time": 121.873,
      "Actual Total Time": 132.685,
      "Actual Rows": 1,
      "Actual Loops": 1,
      "Plans": [
        {
          "Node Type": "Gather",
          "Parent Relationship": "Outer",
          "Parallel Aware": false,
          "Startup Cost": 44874.99,
          "Total Cost": 44875.3,
          "Plan Rows": 3,
          "Plan Width": 8,
          "Actual Startup Time": 121.753,
          "Actual Total Time": 132.678,
          "Actual Rows": 4,
          "Actual Loops": 1,
          "Workers Planned": 3,
          "Workers Launched": 3,
          "Single Copy": false,
          "Plans": [
            {
              "Node Type": "Aggregate",
              "Strategy": "Plain",
              "Partial Mode": "Partial",
              "Parent Relationship": "Outer",
              "Parallel Aware": false,
              "Startup Cost": 43874.99,
              "Total Cost": 43875.0,
              "Plan Rows": 1,
              "Plan Width": 8,
              "Actual Startup Time": 115.468,
              "Actual Total Time": 115.47,
              "Actual Rows": 1,
              "Actual Loops": 4,
              "Plans": [
                {
                  "Node Type": "Seq Scan",
                  "Parent Relationship": "Outer",
                  "Parallel Aware": true,
                  "Relation Name": "movie_keyword",
                  "Alias": "mk",
                  "Startup Cost": 0.0,
                  "Total Cost": 42695.65,
                  "Plan Rows": 471734,
                  "Plan Width": 0,
                  "Actual Startup Time": 0.648,
                  "Actual Total Time": 99.029,
                  "Actual Rows": 364029,
                  "Actual Loops": 4,
                  "Filter": "(keyword_id > 11437)",
                  "Rows Removed by Filter": 766954
                }
              ]
            }
          ]
        }
      ]
    },
    "Planning Time": 0.067,
    "Triggers": [],
    "Execution Time": 132.71
  }
]