{
  "Plan": {
    "Node Type": "Aggregate",
    "Strategy": "Plain",
    "Partial Mode": "Finalize",
    "Parallel Aware": false,
    "Startup Cost": 230325.17,
    "Total Cost": 230325.18,
    "Plan Rows": 1,
    "Plan Width": 8,
    "Actual Startup Time": 597.022,
    "Actual Total Time": 617.139,
    "Actual Rows": 1,
    "Actual Loops": 1,
    "Plans": [
      {
        "Node Type": "Gather",
        "Parent Relationship": "Outer",
        "Parallel Aware": false,
        "Startup Cost": 230325.05,
        "Total Cost": 230325.16,
        "Plan Rows": 1,
        "Plan Width": 8,
        "Actual Startup Time": 596.621,
        "Actual Total Time": 617.129,
        "Actual Rows": 2,
        "Actual Loops": 1,
        "Workers Planned": 1,
        "Workers Launched": 1,
        "Single Copy": false,
        "Plans": [
          {
            "Node Type": "Aggregate",
            "Strategy": "Plain",
            "Partial Mode": "Partial",
            "Parent Relationship": "Outer",
            "Parallel Aware": false,
            "Startup Cost": 229325.05,
            "Total Cost": 229325.06,
            "Plan Rows": 1,
            "Plan Width": 8,
            "Actual Startup Time": 590.569,
            "Actual Total Time": 590.574,
            "Actual Rows": 1,
            "Actual Loops": 2,
            "Plans": [
              {
                "Node Type": "Nested Loop",
                "Parent Relationship": "Outer",
                "Parallel Aware": false,
                "Join Type": "Inner",
                "Startup Cost": 59753.05,
                "Total Cost": 228908.31,
                "Plan Rows": 166698,
                "Plan Width": 0,
                "Actual Startup Time": 197.451,
                "Actual Total Time": 582.112,
                "Actual Rows": 147708,
                "Actual Loops": 2,
                "Inner Unique": false,
                "Join Filter": "(t.id = mi.movie_id)",
                "Rows Removed by Join Filter": 0,
                "Plans": [
                  {
                    "Node Type": "Hash Join",
                    "Parent Relationship": "Outer",
                    "Parallel Aware": true,
                    "Join Type": "Inner",
                    "Startup Cost": 59752.62,
                    "Total Cost": 99710.63,
                    "Plan Rows": 58772,
                    "Plan Width": 8,
                    "Actual Startup Time": 197.22,
                    "Actual Total Time": 413.697,
                    "Actual Rows": 24487,
                    "Actual Loops": 2,
                    "Inner Unique": true,
                    "Hash Cond": "(mc.movie_id = t.id)",
                    "Plans": [
                      {
                        "Node Type": "Seq Scan",
                        "Parent Relationship": "Outer",
                        "Parallel Aware": true,
                        "Relation Name": "movie_companies",
                        "Alias": "mc",
                        "Startup Cost": 0.0,
                        "Total Cost": 37974.77,
                        "Plan Rows": 755522,
                        "Plan Width": 4,
                        "Actual Startup Time": 0.016,
                        "Actual Total Time": 137.654,
                        "Actual Rows": 637123,
                        "Actual Loops": 2,
                        "Filter": "(company_type_id = 1)",
                        "Rows Removed by Filter": 667442
                      },
                      {
                        "Node Type": "Hash",
                        "Parent Relationship": "Inner",
                        "Parallel Aware": true,
                        "Startup Cost": 58306.47,
                        "Total Cost": 58306.47,
                        "Plan Rows": 115692,
                        "Plan Width": 4,
                        "Actual Startup Time": 193.57,
                        "Actual Total Time": 193.571,
                        "Actual Rows": 43462,
                        "Actual Loops": 2,
                        "Hash Buckets": 262144,
                        "Original Hash Buckets": 262144,
                        "Hash Batches": 1,
                        "Original Hash Batches": 1,
                        "Peak Memory Usage": 5472,
                        "Plans": [
                          {
                            "Node Type": "Seq Scan",
                            "Parent Relationship": "Outer",
                            "Parallel Aware": true,
                            "Relation Name": "title",
                            "Alias": "t",
                            "Startup Cost": 0.0,
                            "Total Cost": 58306.47,
                            "Plan Rows": 115692,
                            "Plan Width": 4,
                            "Actual Startup Time": 0.032,
                            "Actual Total Time": 175.36,
                            "Actual Rows": 43462,
                            "Actual Loops": 2,
                            "Filter": "((kind_id > 3) AND (production_year < 1966))",
                            "Rows Removed by Filter": 1220694
                          }
                        ]
                      }
                    ]
                  },
                  {
                    "Node Type": "Index Scan",
                    "Parent Relationship": "Inner",
                    "Parallel Aware": false,
                    "Scan Direction": "Forward",
                    "Index Name": "movie_id_movie_info",
                    "Relation Name": "movie_info",
                    "Alias": "mi",
                    "Startup Cost": 0.43,
                    "Total Cost": 1.95,
                    "Plan Rows": 20,
                    "Plan Width": 4,
                    "Actual Startup Time": 0.003,
                    "Actual Total Time": 0.006,
                    "Actual Rows": 6,
                    "Actual Loops": 48974,
                    "Index Cond": "(movie_id = mc.movie_id)",
                    "Rows Removed by Index Recheck": 0,
                    "Filter": "(info_type_id < 8)",
                    "Rows Removed by Filter": 3
                  }
                ]
              }
            ]
          }
        ]
      }
    ]
  },
  "Planning Time": 1.056,
  "Triggers": [],
  "Execution Time": 617.23
}