[
  {
    "Plan": {
      "Node Type": "Aggregate",
      "Strategy": "Plain",
      "Partial Mode": "Finalize",
      "Parallel Aware": false,
      "Startup Cost": 76061.56,
      "Total Cost": 76061.57,
      "Plan Rows": 1,
      "Plan Width": 8,
      "Actual Startup Time": 220.303,
      "Actual Total Time": 235.237,
      "Actual Rows": 1,
      "Actual Loops": 1,
      "Plans": [
        {
          "Node Type": "Gather",
          "Parent Relationship": "Outer",
          "Parallel Aware": false,
          "Startup Cost": 76061.14,
          "Total Cost": 76061.55,
          "Plan Rows": 4,
          "Plan Width": 8,
          "Actual Startup Time": 219.471,
          "Actual Total Time": 235.227,
          "Actual Rows": 5,
          "Actual Loops": 1,
          "Workers Planned": 4,
          "Workers Launched": 4,
          "Single Copy": false,
          "Plans": [
            {
              "Node Type": "Aggregate",
              "Strategy": "Plain",
              "Partial Mode": "Partial",
              "Parent Relationship": "Outer",
              "Parallel Aware": false,
              "Startup Cost": 75061.14,
              "Total Cost": 75061.15,
              "Plan Rows": 1,
              "Plan Width": 8,
              "Actual Startup Time": 209.755,
              "Actual Total Time": 209.758,
              "Actual Rows": 1,
              "Actual Loops": 5,
              "Plans": [
                {
                  "Node Type": "Hash Join",
                  "Parent Relationship": "Outer",
                  "Parallel Aware": true,
                  "Join Type": "Inner",
                  "Startup Cost": 29313.09,
                  "Total Cost": 74943.71,
                  "Plan Rows": 46973,
                  "Plan Width": 0,
                  "Actual Startup Time": 83.954,
                  "Actual Total Time": 208.755,
                  "Actual Rows": 16783,
                  "Actual Loops": 5,
                  "Inner Unique": false,
                  "Hash Cond": "(t.id = mc.movie_id)",
                  "Plans": [
                    {
                      "Node Type": "Seq Scan",
                      "Parent Relationship": "Outer",
                      "Parallel Aware": true,
                      "Relation Name": "title",
                      "Alias": "t",
                      "Startup Cost": 0.0,
                      "Total Cost": 42318.73,
                      "Plan Rows": 632073,
                      "Plan Width": 4,
                      "Actual Startup Time": 0.011,
                      "Actual Total Time": 64.315,
                      "Actual Rows": 505662,
                      "Actual Loops": 5
                    },
                    {
                      "Node Type": "Hash",
                      "Parent Relationship": "Inner",
                      "Parallel Aware": true,
                      "Startup Cost": 28555.47,
                      "Total Cost": 28555.47,
                      "Plan Rows": 60610,
                      "Plan Width": 4,
                      "Actual Startup Time": 82.196,
                      "Actual Total Time": 82.197,
                      "Actual Rows": 16783,
                      "Actual Loops": 5,
                      "Hash Buckets": 262144,
                      "Original Hash Buckets": 262144,
                      "Hash Batches": 1,
                      "Original Hash Batches": 1,
                      "Peak Memory Usage": 5440,
                      "Plans": [
                        {
                          "Node Type": "Bitmap Heap Scan",
                          "Parent Relationship": "Outer",
                          "Parallel Aware": true,
                          "Relation Name": "movie_companies",
                          "Alias": "mc",
                          "Startup Cost": 7974.85,
                          "Total Cost": 28555.47,
                          "Plan Rows": 60610,
                          "Plan Width": 4,
                          "Actual Startup Time": 63.606,
                          "Actual Total Time": 76.061,
                          "Actual Rows": 16783,
                          "Actual Loops": 5,
                          "Recheck Cond": "(company_id < 191)",
                          "Rows Removed by Index Recheck": 0,
                          "Filter": "(company_type_id = 2)",
                          "Rows Removed by Filter": 56296,
                          "Exact Heap Blocks": 7545,
                          "Lossy Heap Blocks": 0,
                          "Plans": [
                            {
                              "Node Type": "Bitmap Index Scan",
                              "Parent Relationship": "Outer",
                              "Parallel Aware": false,
                              "Index Name": "company_id_movie_companies",
                              "Startup Cost": 0.0,
                              "Total Cost": 7927.88,
                              "Plan Rows": 370060,
                              "Plan Width": 0,
                              "Actual Startup Time": 26.734,
                              "Actual Total Time": 26.734,
                              "Actual Rows": 365397,
                              "Actual Loops": 1,
                              "Index Cond": "(company_id < 191)"
                            }
                          ]
                        }
                      ]
                    }
                  ]
                }
              ]
            }
          ]
        }
      ]
    },
    "Planning Time": 0.425,
    "Triggers": [],
    "Execution Time": 235.302
  }
]