[
  {
    "Plan": {
      "Node Type": "Aggregate",
      "Strategy": "Plain",
      "Partial Mode": "Finalize",
      "Parallel Aware": false,
      "Startup Cost": 45289.59,
      "Total Cost": 45289.6,
      "Plan Rows": 1,
      "Plan Width": 8,
      "Actual Startup Time": 144.123,
      "Actual Total Time": 154.462,
      "Actual Rows": 1,
      "Actual Loops": 1,
      "Plans": [
        {
          "Node Type": "Gather",
          "Parent Relationship": "Outer",
          "Parallel Aware": false,
          "Startup Cost": 45289.27,
          "Total Cost": 45289.58,
          "Plan Rows": 3,
          "Plan Width": 8,
          "Actual Startup Time": 143.991,
          "Actual Total Time": 154.453,
          "Actual Rows": 4,
          "Actual Loops": 1,
          "Workers Planned": 3,
          "Workers Launched": 3,
          "Single Copy": false,
          "Plans": [
            {
              "Node Type": "Aggregate",
              "Strategy": "Plain",
              "Partial Mode": "Partial",
              "Parent Relationship": "Outer",
              "Parallel Aware": false,
              "Startup Cost": 44289.27,
              "Total Cost": 44289.28,
              "Plan Rows": 1,
              "Plan Width": 8,
              "Actual Startup Time": 138.171,
              "Actual Total Time": 138.173,
              "Actual Rows": 1,
              "Actual Loops": 4,
              "Plans": [
                {
                  "Node Type": "Seq Scan",
                  "Parent Relationship": "Outer",
                  "Parallel Aware": true,
                  "Relation Name": "movie_keyword",
                  "Alias": "mk",
                  "Startup Cost": 0.0,
                  "Total Cost": 42695.65,
                  "Plan Rows": 637447,
                  "Plan Width": 0,
                  "Actual Startup Time": 0.042,
                  "Actual Total Time": 114.45,
                  "Actual Rows": 494920,
                  "Actual Loops": 4,
                  "Filter": "(keyword_id < 3493)",
                  "Rows Removed by Filter": 636063
                }
              ]
            }
          ]
        }
      ]
    },
    "Planning Time": 0.194,
    "Triggers": [],
    "Execution Time": 154.526
  }
]