{
  "Plan": {
    "Node Type": "Aggregate",
    "Strategy": "Plain",
    "Partial Mode": "Finalize",
    "Parallel Aware": false,
    "Startup Cost": 65740.39,
    "Total Cost": 65740.4,
    "Plan Rows": 1,
    "Plan Width": 8,
    "Actual Startup Time": 206.417,
    "Actual Total Time": 232.447,
    "Actual Rows": 1,
    "Actual Loops": 1,
    "Plans": [
      {
        "Node Type": "Gather",
        "Parent Relationship": "Outer",
        "Parallel Aware": false,
        "Startup Cost": 65740.28,
        "Total Cost": 65740.39,
        "Plan Rows": 1,
        "Plan Width": 8,
        "Actual Startup Time": 206.193,
        "Actual Total Time": 232.44,
        "Actual Rows": 2,
        "Actual Loops": 1,
        "Workers Planned": 1,
        "Workers Launched": 1,
        "Single Copy": false,
        "Plans": [
          {
            "Node Type": "Aggregate",
            "Strategy": "Plain",
            "Partial Mode": "Partial",
            "Parent Relationship": "Outer",
            "Parallel Aware": false,
            "Startup Cost": 64740.28,
            "Total Cost": 64740.29,
            "Plan Rows": 1,
            "Plan Width": 8,
            "Actual Startup Time": 200.112,
            "Actual Total Time": 200.114,
            "Actual Rows": 1,
            "Actual Loops": 2,
            "Plans": [
              {
                "Node Type": "Nested Loop",
                "Parent Relationship": "Outer",
                "Parallel Aware": false,
                "Join Type": "Inner",
                "Startup Cost": 0.99,
                "Total Cost": 64726.96,
                "Plan Rows": 5327,
                "Plan Width": 0,
                "Actual Startup Time": 18.604,
                "Actual Total Time": 197.845,
                "Actual Rows": 43668,
                "Actual Loops": 2,
                "Inner Unique": false,
                "Join Filter": "(t.id = ci.movie_id)",
                "Rows Removed by Join Filter": 0,
                "Plans": [
                  {
                    "Node Type": "Nested Loop",
                    "Parent Relationship": "Outer",
                    "Parallel Aware": false,
                    "Join Type": "Inner",
                    "Startup Cost": 0.43,
                    "Total Cost": 63691.13,
                    "Plan Rows": 372,
                    "Plan Width": 8,
                    "Actual Startup Time": 18.515,
                    "Actual Total Time": 142.376,
                    "Actual Rows": 1422,
                    "Actual Loops": 2,
                    "Inner Unique": false,
                    "Plans": [
                      {
                        "Node Type": "Seq Scan",
                        "Parent Relationship": "Outer",
                        "Parallel Aware": true,
                        "Relation Name": "title",
                        "Alias": "t",
                        "Startup Cost": 0.0,
                        "Total Cost": 58306.47,
                        "Plan Rows": 681,
                        "Plan Width": 4,
                        "Actual Startup Time": 2.457,
                        "Actual Total Time": 134.789,
                        "Actual Rows": 1176,
                        "Actual Loops": 2,
                        "Filter": "((kind_id < 7) AND (production_year = 1948))",
                        "Rows Removed by Filter": 1262980
                      },
                      {
                        "Node Type": "Index Only Scan",
                        "Parent Relationship": "Inner",
                        "Parallel Aware": false,
                        "Scan Direction": "Forward",
                        "Index Name": "movie_id_movie_info_idx",
                        "Relation Name": "movie_info_idx",
                        "Alias": "mi_idx",
                        "Startup Cost": 0.43,
                        "Total Cost": 7.88,
                        "Plan Rows": 3,
                        "Plan Width": 4,
                        "Actual Startup Time": 0.006,
                        "Actual Total Time": 0.006,
                        "Actual Rows": 1,
                        "Actual Loops": 2352,
                        "Index Cond": "(movie_id = t.id)",
                        "Rows Removed by Index Recheck": 0,
                        "Heap Fetches": 2844
                      }
                    ]
                  },
                  {
                    "Node Type": "Index Only Scan",
                    "Parent Relationship": "Inner",
                    "Parallel Aware": false,
                    "Scan Direction": "Forward",
                    "Index Name": "movie_id_cast_info",
                    "Relation Name": "cast_info",
                    "Alias": "ci",
                    "Startup Cost": 0.56,
                    "Total Cost": 2.32,
                    "Plan Rows": 37,
                    "Plan Width": 4,
                    "Actual Startup Time": 0.006,
                    "Actual Total Time": 0.036,
                    "Actual Rows": 31,
                    "Actual Loops": 2844,
                    "Index Cond": "(movie_id = mi_idx.movie_id)",
                    "Rows Removed by Index Recheck": 0,
                    "Heap Fetches": 87337
                  }
                ]
              }
            ]
          }
        ]
      }
    ]
  },
  "Planning Time": 0.892,
  "Triggers": [],
  "Execution Time": 232.536
}