[
  {
    "Plan": {
      "Node Type": "Aggregate",
      "Strategy": "Plain",
      "Partial Mode": "Finalize",
      "Parallel Aware": false,
      "Startup Cost": 31883.55,
      "Total Cost": 31883.56,
      "Plan Rows": 1,
      "Plan Width": 8,
      "Actual Startup Time": 115.474,
      "Actual Total Time": 124.0,
      "Actual Rows": 1,
      "Actual Loops": 1,
      "Plans": [
        {
          "Node Type": "Gather",
          "Parent Relationship": "Outer",
          "Parallel Aware": false,
          "Startup Cost": 31883.23,
          "Total Cost": 31883.54,
          "Plan Rows": 3,
          "Plan Width": 8,
          "Actual Startup Time": 115.366,
          "Actual Total Time": 123.99,
          "Actual Rows": 4,
          "Actual Loops": 1,
          "Workers Planned": 3,
          "Workers Launched": 3,
          "Single Copy": false,
          "Plans": [
            {
              "Node Type": "Aggregate",
              "Strategy": "Plain",
              "Partial Mode": "Partial",
              "Parent Relationship": "Outer",
              "Parallel Aware": false,
              "Startup Cost": 30883.23,
              "Total Cost": 30883.24,
              "Plan Rows": 1,
              "Plan Width": 8,
              "Actual Startup Time": 109.052,
              "Actual Total Time": 109.053,
              "Actual Rows": 1,
              "Actual Loops": 4,
              "Plans": [
                {
                  "Node Type": "Seq Scan",
                  "Parent Relationship": "Outer",
                  "Parallel Aware": true,
                  "Relation Name": "movie_companies",
                  "Alias": "mc",
                  "Startup Cost": 0.0,
                  "Total Cost": 29310.68,
                  "Plan Rows": 629019,
                  "Plan Width": 0,
                  "Actual Startup Time": 0.038,
                  "Actual Total Time": 83.584,
                  "Actual Rows": 484354,
                  "Actual Loops": 4,
                  "Filter": "(company_id < 50259)",
                  "Rows Removed by Filter": 167928
                }
              ]
            }
          ]
        }
      ]
    },
    "Planning Time": 0.182,
    "Triggers": [],
    "Execution Time": 124.062
  }
]