[
  {
    "Plan": {
      "Node Type": "Aggregate",
      "Strategy": "Plain",
      "Partial Mode": "Finalize",
      "Parallel Aware": false,
      "Startup Cost": 32746.74,
      "Total Cost": 32746.75,
      "Plan Rows": 1,
      "Plan Width": 8,
      "Actual Startup Time": 93.333,
      "Actual Total Time": 104.016,
      "Actual Rows": 1,
      "Actual Loops": 1,
      "Plans": [
        {
          "Node Type": "Gather",
          "Parent Relationship": "Outer",
          "Parallel Aware": false,
          "Startup Cost": 32746.42,
          "Total Cost": 32746.73,
          "Plan Rows": 3,
          "Plan Width": 8,
          "Actual Startup Time": 93.078,
          "Actual Total Time": 104.006,
          "Actual Rows": 4,
          "Actual Loops": 1,
          "Workers Planned": 3,
          "Workers Launched": 3,
          "Single Copy": false,
          "Plans": [
            {
              "Node Type": "Aggregate",
              "Strategy": "Plain",
              "Partial Mode": "Partial",
              "Parent Relationship": "Outer",
              "Parallel Aware": false,
              "Startup Cost": 31746.42,
              "Total Cost": 31746.43,
              "Plan Rows": 1,
              "Plan Width": 8,
              "Actual Startup Time": 86.674,
              "Actual Total Time": 86.675,
              "Actual Rows": 1,
              "Actual Loops": 4,
              "Plans": [
                {
                  "Node Type": "Seq Scan",
                  "Parent Relationship": "Outer",
                  "Parallel Aware": true,
                  "Relation Name": "movie_companies",
                  "Alias": "mc",
                  "Startup Cost": 0.0,
                  "Total Cost": 31414.82,
                  "Plan Rows": 132640,
                  "Plan Width": 0,
                  "Actual Startup Time": 24.27,
                  "Actual Total Time": 85.116,
                  "Actual Rows": 23501,
                  "Actual Loops": 4,
                  "Filter": "((company_id > 25406) AND (company_type_id = 1))",
                  "Rows Removed by Filter": 628781
                }
              ]
            }
          ]
        }
      ]
    },
    "Planning Time": 0.216,
    "Triggers": [],
    "Execution Time": 104.073
  }
]