[
  {
    "Plan": {
      "Node Type": "Aggregate",
      "Strategy": "Plain",
      "Partial Mode": "Finalize",
      "Parallel Aware": false,
      "Startup Cost": 323160.75,
      "Total Cost": 323160.76,
      "Plan Rows": 1,
      "Plan Width": 8,
      "Actual Startup Time": 279.38,
      "Actual Total Time": 329.352,
      "Actual Rows": 1,
      "Actual Loops": 1,
      "Plans": [
        {
          "Node Type": "Gather",
          "Parent Relationship": "Outer",
          "Parallel Aware": false,
          "Startup Cost": 323160.33,
          "Total Cost": 323160.74,
          "Plan Rows": 4,
          "Plan Width": 8,
          "Actual Startup Time": 279.179,
          "Actual Total Time": 329.34,
          "Actual Rows": 5,
          "Actual Loops": 1,
          "Workers Planned": 4,
          "Workers Launched": 4,
          "Single Copy": false,
          "Plans": [
            {
              "Node Type": "Aggregate",
              "Strategy": "Plain",
              "Partial Mode": "Partial",
              "Parent Relationship": "Outer",
              "Parallel Aware": false,
              "Startup Cost": 322160.33,
              "Total Cost": 322160.34,
              "Plan Rows": 1,
              "Plan Width": 8,
              "Actual Startup Time": 272.258,
              "Actual Total Time": 272.26,
              "Actual Rows": 1,
              "Actual Loops": 5,
              "Plans": [
                {
                  "Node Type": "Nested Loop",
                  "Parent Relationship": "Outer",
                  "Parallel Aware": false,
                  "Join Type": "Inner",
                  "Startup Cost": 0.56,
                  "Total Cost": 321997.94,
                  "Plan Rows": 64957,
                  "Plan Width": 0,
                  "Actual Startup Time": 0.282,
                  "Actual Total Time": 267.161,
                  "Actual Rows": 65886,
                  "Actual Loops": 5,
                  "Inner Unique": false,
                  "Plans": [
                    {
                      "Node Type": "Seq Scan",
                      "Parent Relationship": "Outer",
                      "Parallel Aware": true,
                      "Relation Name": "title",
                      "Alias": "t",
                      "Startup Cost": 0.0,
                      "Total Cost": 45479.59,
                      "Plan Rows": 4530,
                      "Plan Width": 4,
                      "Actual Startup Time": 0.063,
                      "Actual Total Time": 64.472,
                      "Actual Rows": 4341,
                      "Actual Loops": 5,
                      "Filter": "((kind_id > 1) AND (production_year = 1993))",
                      "Rows Removed by Filter": 501321
                    },
                    {
                      "Node Type": "Index Only Scan",
                      "Parent Relationship": "Inner",
                      "Parallel Aware": false,
                      "Scan Direction": "Forward",
                      "Index Name": "movie_id_cast_info",
                      "Relation Name": "cast_info",
                      "Alias": "ci",
                      "Startup Cost": 0.56,
                      "Total Cost": 60.69,
                      "Plan Rows": 35,
                      "Plan Width": 4,
                      "Actual Startup Time": 0.01,
                      "Actual Total Time": 0.045,
                      "Actual Rows": 15,
                      "Actual Loops": 21707,
                      "Index Cond": "(movie_id = t.id)",
                      "Rows Removed by Index Recheck": 0,
                      "Heap Fetches": 329428
                    }
                  ]
                }
              ]
            }
          ]
        }
      ]
    },
    "Planning Time": 0.18,
    "Triggers": [],
    "Execution Time": 329.417
  }
]