[
  {
    "Plan": {
      "Node Type": "Aggregate",
      "Strategy": "Plain",
      "Partial Mode": "Finalize",
      "Parallel Aware": false,
      "Startup Cost": 32698.99,
      "Total Cost": 32699.0,
      "Plan Rows": 1,
      "Plan Width": 8,
      "Actual Startup Time": 126.243,
      "Actual Total Time": 137.464,
      "Actual Rows": 1,
      "Actual Loops": 1,
      "Plans": [
        {
          "Node Type": "Gather",
          "Parent Relationship": "Outer",
          "Parallel Aware": false,
          "Startup Cost": 32698.67,
          "Total Cost": 32698.98,
          "Plan Rows": 3,
          "Plan Width": 8,
          "Actual Startup Time": 125.915,
          "Actual Total Time": 137.445,
          "Actual Rows": 4,
          "Actual Loops": 1,
          "Workers Planned": 3,
          "Workers Launched": 3,
          "Single Copy": false,
          "Plans": [
            {
              "Node Type": "Aggregate",
              "Strategy": "Plain",
              "Partial Mode": "Partial",
              "Parent Relationship": "Outer",
              "Parallel Aware": false,
              "Startup Cost": 31698.67,
              "Total Cost": 31698.68,
              "Plan Rows": 1,
              "Plan Width": 8,
              "Actual Startup Time": 117.105,
              "Actual Total Time": 117.106,
              "Actual Rows": 1,
              "Actual Loops": 4,
              "Plans": [
                {
                  "Node Type": "Seq Scan",
                  "Parent Relationship": "Outer",
                  "Parallel Aware": true,
                  "Relation Name": "movie_companies",
                  "Alias": "mc",
                  "Startup Cost": 0.0,
                  "Total Cost": 31414.82,
                  "Plan Rows": 113540,
                  "Plan Width": 0,
                  "Actual Startup Time": 0.076,
                  "Actual Total Time": 105.644,
                  "Actual Rows": 127274,
                  "Actual Loops": 4,
                  "Filter": "((company_id < 1398) AND (company_type_id = 1))",
                  "Rows Removed by Filter": 525008
                }
              ]
            }
          ]
        }
      ]
    },
    "Planning Time": 0.282,
    "Triggers": [],
    "Execution Time": 137.527
  }
]