[
  {
    "Plan": {
      "Node Type": "Aggregate",
      "Strategy": "Plain",
      "Partial Mode": "Finalize",
      "Parallel Aware": false,
      "Startup Cost": 32701.7,
      "Total Cost": 32701.71,
      "Plan Rows": 1,
      "Plan Width": 8,
      "Actual Startup Time": 87.276,
      "Actual Total Time": 92.624,
      "Actual Rows": 1,
      "Actual Loops": 1,
      "Plans": [
        {
          "Node Type": "Gather",
          "Parent Relationship": "Outer",
          "Parallel Aware": false,
          "Startup Cost": 32701.38,
          "Total Cost": 32701.69,
          "Plan Rows": 3,
          "Plan Width": 8,
          "Actual Startup Time": 87.164,
          "Actual Total Time": 92.616,
          "Actual Rows": 4,
          "Actual Loops": 1,
          "Workers Planned": 3,
          "Workers Launched": 3,
          "Single Copy": false,
          "Plans": [
            {
              "Node Type": "Aggregate",
              "Strategy": "Plain",
              "Partial Mode": "Partial",
              "Parent Relationship": "Outer",
              "Parallel Aware": false,
              "Startup Cost": 31701.38,
              "Total Cost": 31701.39,
              "Plan Rows": 1,
              "Plan Width": 8,
              "Actual Startup Time": 80.092,
              "Actual Total Time": 80.093,
              "Actual Rows": 1,
              "Actual Loops": 4,
              "Plans": [
                {
                  "Node Type": "Seq Scan",
                  "Parent Relationship": "Outer",
                  "Parallel Aware": true,
                  "Relation Name": "movie_companies",
                  "Alias": "mc",
                  "Startup Cost": 0.0,
                  "Total Cost": 31414.82,
                  "Plan Rows": 114626,
                  "Plan Width": 0,
                  "Actual Startup Time": 0.039,
                  "Actual Total Time": 70.968,
                  "Actual Rows": 127274,
                  "Actual Loops": 4,
                  "Filter": "((company_id < 1398) AND (company_type_id = 1))",
                  "Rows Removed by Filter": 525008
                }
              ]
            }
          ]
        }
      ]
    },
    "Planning Time": 0.229,
    "Triggers": [],
    "Execution Time": 92.681
  }
]