[
  {
    "Plan": {
      "Node Type": "Aggregate",
      "Strategy": "Plain",
      "Partial Mode": "Finalize",
      "Parallel Aware": false,
      "Startup Cost": 107021.61,
      "Total Cost": 107021.62,
      "Plan Rows": 1,
      "Plan Width": 8,
      "Actual Startup Time": 102.132,
      "Actual Total Time": 114.589,
      "Actual Rows": 1,
      "Actual Loops": 1,
      "Plans": [
        {
          "Node Type": "Gather",
          "Parent Relationship": "Outer",
          "Parallel Aware": false,
          "Startup Cost": 107021.19,
          "Total Cost": 107021.6,
          "Plan Rows": 4,
          "Plan Width": 8,
          "Actual Startup Time": 102.001,
          "Actual Total Time": 114.579,
          "Actual Rows": 5,
          "Actual Loops": 1,
          "Workers Planned": 4,
          "Workers Launched": 4,
          "Single Copy": false,
          "Plans": [
            {
              "Node Type": "Aggregate",
              "Strategy": "Plain",
              "Partial Mode": "Partial",
              "Parent Relationship": "Outer",
              "Parallel Aware": false,
              "Startup Cost": 106021.19,
              "Total Cost": 106021.2,
              "Plan Rows": 1,
              "Plan Width": 8,
              "Actual Startup Time": 92.206,
              "Actual Total Time": 92.208,
              "Actual Rows": 1,
              "Actual Loops": 5,
              "Plans": [
                {
                  "Node Type": "Nested Loop",
                  "Parent Relationship": "Outer",
                  "Parallel Aware": false,
                  "Join Type": "Inner",
                  "Startup Cost": 0.56,
                  "Total Cost": 106020.88,
                  "Plan Rows": 127,
                  "Plan Width": 0,
                  "Actual Startup Time": 16.379,
                  "Actual Total Time": 92.192,
                  "Actual Rows": 16,
                  "Actual Loops": 5,
                  "Inner Unique": false,
                  "Plans": [
                    {
                      "Node Type": "Seq Scan",
                      "Parent Relationship": "Outer",
                      "Parallel Aware": true,
                      "Relation Name": "title",
                      "Alias": "t",
                      "Startup Cost": 0.0,
                      "Total Cost": 45479.1,
                      "Plan Rows": 444,
                      "Plan Width": 4,
                      "Actual Startup Time": 2.877,
                      "Actual Total Time": 88.656,
                      "Actual Rows": 27,
                      "Actual Loops": 5,
                      "Filter": "((production_year > 2013) AND (kind_id = 7))",
                      "Rows Removed by Filter": 505635
                    },
                    {
                      "Node Type": "Index Scan",
                      "Parent Relationship": "Inner",
                      "Parallel Aware": false,
                      "Scan Direction": "Forward",
                      "Index Name": "movie_id_cast_info",
                      "Relation Name": "cast_info",
                      "Alias": "ci",
                      "Startup Cost": 0.56,
                      "Total Cost": 136.35,
                      "Plan Rows": 1,
                      "Plan Width": 4,
                      "Actual Startup Time": 0.12,
                      "Actual Total Time": 0.127,
                      "Actual Rows": 1,
                      "Actual Loops": 137,
                      "Index Cond": "(movie_id = t.id)",
                      "Rows Removed by Index Recheck": 0,
                      "Filter": "((person_id > 3662939) AND (role_id > 3))",
                      "Rows Removed by Filter": 9
                    }
                  ]
                }
              ]
            }
          ]
        }
      ]
    },
    "Planning Time": 0.651,
    "Triggers": [],
    "Execution Time": 114.66
  }
]