[
  {
    "Plan": {
      "Node Type": "Aggregate",
      "Strategy": "Plain",
      "Partial Mode": "Finalize",
      "Parallel Aware": false,
      "Startup Cost": 81130.77,
      "Total Cost": 81130.78,
      "Plan Rows": 1,
      "Plan Width": 8,
      "Actual Startup Time": 317.276,
      "Actual Total Time": 332.915,
      "Actual Rows": 1,
      "Actual Loops": 1,
      "Plans": [
        {
          "Node Type": "Gather",
          "Parent Relationship": "Outer",
          "Parallel Aware": false,
          "Startup Cost": 81130.45,
          "Total Cost": 81130.76,
          "Plan Rows": 3,
          "Plan Width": 8,
          "Actual Startup Time": 313.549,
          "Actual Total Time": 332.907,
          "Actual Rows": 4,
          "Actual Loops": 1,
          "Workers Planned": 3,
          "Workers Launched": 3,
          "Single Copy": false,
          "Plans": [
            {
              "Node Type": "Aggregate",
              "Strategy": "Plain",
              "Partial Mode": "Partial",
              "Parent Relationship": "Outer",
              "Parallel Aware": false,
              "Startup Cost": 80130.45,
              "Total Cost": 80130.46,
              "Plan Rows": 1,
              "Plan Width": 8,
              "Actual Startup Time": 306.602,
              "Actual Total Time": 306.607,
              "Actual Rows": 1,
              "Actual Loops": 4,
              "Plans": [
                {
                  "Node Type": "Hash Join",
                  "Parent Relationship": "Outer",
                  "Parallel Aware": true,
                  "Join Type": "Inner",
                  "Startup Cost": 48028.45,
                  "Total Cost": 79968.95,
                  "Plan Rows": 64601,
                  "Plan Width": 0,
                  "Actual Startup Time": 220.093,
                  "Actual Total Time": 306.497,
                  "Actual Rows": 1265,
                  "Actual Loops": 4,
                  "Inner Unique": true,
                  "Hash Cond": "(mc.movie_id = t.id)",
                  "Plans": [
                    {
                      "Node Type": "Seq Scan",
                      "Parent Relationship": "Outer",
                      "Parallel Aware": true,
                      "Relation Name": "movie_companies",
                      "Alias": "mc",
                      "Startup Cost": 0.0,
                      "Total Cost": 31414.82,
                      "Plan Rows": 200260,
                      "Plan Width": 4,
                      "Actual Startup Time": 10.518,
                      "Actual Total Time": 70.477,
                      "Actual Rows": 91670,
                      "Actual Loops": 4,
                      "Filter": "((company_id > 11543) AND (company_type_id < 2))",
                      "Rows Removed by Filter": 560612
                    },
                    {
                      "Node Type": "Hash",
                      "Parent Relationship": "Inner",
                      "Parallel Aware": true,
                      "Startup Cost": 45479.59,
                      "Total Cost": 45479.59,
                      "Plan Rows": 203909,
                      "Plan Width": 4,
                      "Actual Startup Time": 205.216,
                      "Actual Total Time": 205.218,
                      "Actual Rows": 221704,
                      "Actual Loops": 4,
                      "Hash Buckets": 1048576,
                      "Original Hash Buckets": 1048576,
                      "Hash Batches": 1,
                      "Original Hash Batches": 1,
                      "Peak Memory Usage": 42944,
                      "Plans": [
                        {
                          "Node Type": "Seq Scan",
                          "Parent Relationship": "Outer",
                          "Parallel Aware": true,
                          "Relation Name": "title",
                          "Alias": "t",
                          "Startup Cost": 0.0,
                          "Total Cost": 45479.59,
                          "Plan Rows": 203909,
                          "Plan Width": 4,
                          "Actual Startup Time": 0.031,
                          "Actual Total Time": 116.814,
                          "Actual Rows": 221704,
                          "Actual Loops": 4,
                          "Filter": "((kind_id > 4) AND (production_year > 2001))",
                          "Rows Removed by Filter": 410374
                        }
                      ]
                    }
                  ]
                }
              ]
            }
          ]
        }
      ]
    },
    "Planning Time": 0.415,
    "Triggers": [],
    "Execution Time": 332.961
  }
]