[
  {
    "Plan": {
      "Node Type": "Aggregate",
      "Strategy": "Plain",
      "Partial Mode": "Finalize",
      "Parallel Aware": false,
      "Startup Cost": 81137.28,
      "Total Cost": 81137.29,
      "Plan Rows": 1,
      "Plan Width": 8,
      "Actual Startup Time": 297.63,
      "Actual Total Time": 314.326,
      "Actual Rows": 1,
      "Actual Loops": 1,
      "Plans": [
        {
          "Node Type": "Gather",
          "Parent Relationship": "Outer",
          "Parallel Aware": false,
          "Startup Cost": 81136.96,
          "Total Cost": 81137.27,
          "Plan Rows": 3,
          "Plan Width": 8,
          "Actual Startup Time": 292.574,
          "Actual Total Time": 314.317,
          "Actual Rows": 4,
          "Actual Loops": 1,
          "Workers Planned": 3,
          "Workers Launched": 3,
          "Single Copy": false,
          "Plans": [
            {
              "Node Type": "Aggregate",
              "Strategy": "Plain",
              "Partial Mode": "Partial",
              "Parent Relationship": "Outer",
              "Parallel Aware": false,
              "Startup Cost": 80136.96,
              "Total Cost": 80136.97,
              "Plan Rows": 1,
              "Plan Width": 8,
              "Actual Startup Time": 284.982,
              "Actual Total Time": 284.985,
              "Actual Rows": 1,
              "Actual Loops": 4,
              "Plans": [
                {
                  "Node Type": "Hash Join",
                  "Parent Relationship": "Outer",
                  "Parallel Aware": true,
                  "Join Type": "Inner",
                  "Startup Cost": 48036.72,
                  "Total Cost": 79975.44,
                  "Plan Rows": 64607,
                  "Plan Width": 0,
                  "Actual Startup Time": 204.273,
                  "Actual Total Time": 284.894,
                  "Actual Rows": 1265,
                  "Actual Loops": 4,
                  "Inner Unique": true,
                  "Hash Cond": "(mc.movie_id = t.id)",
                  "Plans": [
                    {
                      "Node Type": "Seq Scan",
                      "Parent Relationship": "Outer",
                      "Parallel Aware": true,
                      "Relation Name": "movie_companies",
                      "Alias": "mc",
                      "Startup Cost": 0.0,
                      "Total Cost": 31414.82,
                      "Plan Rows": 199582,
                      "Plan Width": 4,
                      "Actual Startup Time": 9.693,
                      "Actual Total Time": 64.407,
                      "Actual Rows": 91670,
                      "Actual Loops": 4,
                      "Filter": "((company_id > 11543) AND (company_type_id < 2))",
                      "Rows Removed by Filter": 560612
                    },
                    {
                      "Node Type": "Hash",
                      "Parent Relationship": "Inner",
                      "Parallel Aware": true,
                      "Startup Cost": 45479.1,
                      "Total Cost": 45479.1,
                      "Plan Rows": 204610,
                      "Plan Width": 4,
                      "Actual Startup Time": 190.071,
                      "Actual Total Time": 190.072,
                      "Actual Rows": 221704,
                      "Actual Loops": 4,
                      "Hash Buckets": 1048576,
                      "Original Hash Buckets": 1048576,
                      "Hash Batches": 1,
                      "Original Hash Batches": 1,
                      "Peak Memory Usage": 42976,
                      "Plans": [
                        {
                          "Node Type": "Seq Scan",
                          "Parent Relationship": "Outer",
                          "Parallel Aware": true,
                          "Relation Name": "title",
                          "Alias": "t",
                          "Startup Cost": 0.0,
                          "Total Cost": 45479.1,
                          "Plan Rows": 204610,
                          "Plan Width": 4,
                          "Actual Startup Time": 0.042,
                          "Actual Total Time": 107.608,
                          "Actual Rows": 221704,
                          "Actual Loops": 4,
                          "Filter": "((kind_id > 4) AND (production_year > 2001))",
                          "Rows Removed by Filter": 410374
                        }
                      ]
                    }
                  ]
                }
              ]
            }
          ]
        }
      ]
    },
    "Planning Time": 0.413,
    "Triggers": [],
    "Execution Time": 314.375
  }
]