[
  {
    "Plan": {
      "Node Type": "Aggregate",
      "Strategy": "Plain",
      "Partial Mode": "Finalize",
      "Parallel Aware": false,
      "Startup Cost": 84008.01,
      "Total Cost": 84008.02,
      "Plan Rows": 1,
      "Plan Width": 8,
      "Actual Startup Time": 471.921,
      "Actual Total Time": 495.388,
      "Actual Rows": 1,
      "Actual Loops": 1,
      "Plans": [
        {
          "Node Type": "Gather",
          "Parent Relationship": "Outer",
          "Parallel Aware": false,
          "Startup Cost": 84007.59,
          "Total Cost": 84008.0,
          "Plan Rows": 4,
          "Plan Width": 8,
          "Actual Startup Time": 465.814,
          "Actual Total Time": 495.379,
          "Actual Rows": 5,
          "Actual Loops": 1,
          "Workers Planned": 4,
          "Workers Launched": 4,
          "Single Copy": false,
          "Plans": [
            {
              "Node Type": "Aggregate",
              "Strategy": "Plain",
              "Partial Mode": "Partial",
              "Parent Relationship": "Outer",
              "Parallel Aware": false,
              "Startup Cost": 83007.59,
              "Total Cost": 83007.6,
              "Plan Rows": 1,
              "Plan Width": 8,
              "Actual Startup Time": 454.357,
              "Actual Total Time": 454.361,
              "Actual Rows": 1,
              "Actual Loops": 5,
              "Plans": [
                {
                  "Node Type": "Hash Join",
                  "Parent Relationship": "Outer",
                  "Parallel Aware": true,
                  "Join Type": "Inner",
                  "Startup Cost": 35926.76,
                  "Total Cost": 82308.24,
                  "Plan Rows": 279740,
                  "Plan Width": 0,
                  "Actual Startup Time": 174.542,
                  "Actual Total Time": 442.884,
                  "Actual Rows": 185137,
                  "Actual Loops": 5,
                  "Inner Unique": false,
                  "Hash Cond": "(t.id = mc.movie_id)",
                  "Plans": [
                    {
                      "Node Type": "Seq Scan",
                      "Parent Relationship": "Outer",
                      "Parallel Aware": true,
                      "Relation Name": "title",
                      "Alias": "t",
                      "Startup Cost": 0.0,
                      "Total Cost": 42318.73,
                      "Plan Rows": 632073,
                      "Plan Width": 4,
                      "Actual Startup Time": 0.014,
                      "Actual Total Time": 82.964,
                      "Actual Rows": 505662,
                      "Actual Loops": 5
                    },
                    {
                      "Node Type": "Hash",
                      "Parent Relationship": "Inner",
                      "Parallel Aware": true,
                      "Startup Cost": 31414.82,
                      "Total Cost": 31414.82,
                      "Plan Rows": 360955,
                      "Plan Width": 4,
                      "Actual Startup Time": 168.894,
                      "Actual Total Time": 168.895,
                      "Actual Rows": 185137,
                      "Actual Loops": 5,
                      "Hash Buckets": 2097152,
                      "Original Hash Buckets": 2097152,
                      "Hash Batches": 1,
                      "Original Hash Batches": 1,
                      "Peak Memory Usage": 52672,
                      "Plans": [
                        {
                          "Node Type": "Seq Scan",
                          "Parent Relationship": "Outer",
                          "Parallel Aware": true,
                          "Relation Name": "movie_companies",
                          "Alias": "mc",
                          "Startup Cost": 0.0,
                          "Total Cost": 31414.82,
                          "Plan Rows": 360955,
                          "Plan Width": 4,
                          "Actual Startup Time": 46.187,
                          "Actual Total Time": 90.966,
                          "Actual Rows": 185137,
                          "Actual Loops": 5,
                          "Filter": "((company_id < 81145) AND (company_type_id > 1))",
                          "Rows Removed by Filter": 336688
                        }
                      ]
                    }
                  ]
                }
              ]
            }
          ]
        }
      ]
    },
    "Planning Time": 0.388,
    "Triggers": [],
    "Execution Time": 495.441
  }
]