{
  "Plan": {
    "Node Type": "Aggregate",
    "Strategy": "Plain",
    "Partial Mode": "Finalize",
    "Parallel Aware": false,
    "Startup Cost": 439484.76,
    "Total Cost": 439484.77,
    "Plan Rows": 1,
    "Plan Width": 8,
    "Actual Startup Time": 2343.173,
    "Actual Total Time": 2399.124,
    "Actual Rows": 1,
    "Actual Loops": 1,
    "Plans": [
      {
        "Node Type": "Gather",
        "Parent Relationship": "Outer",
        "Parallel Aware": false,
        "Startup Cost": 439484.65,
        "Total Cost": 439484.76,
        "Plan Rows": 1,
        "Plan Width": 8,
        "Actual Startup Time": 2340.577,
        "Actual Total Time": 2399.114,
        "Actual Rows": 2,
        "Actual Loops": 1,
        "Workers Planned": 1,
        "Workers Launched": 1,
        "Single Copy": false,
        "Plans": [
          {
            "Node Type": "Aggregate",
            "Strategy": "Plain",
            "Partial Mode": "Partial",
            "Parent Relationship": "Outer",
            "Parallel Aware": false,
            "Startup Cost": 438484.65,
            "Total Cost": 438484.66,
            "Plan Rows": 1,
            "Plan Width": 8,
            "Actual Startup Time": 2332.318,
            "Actual Total Time": 2332.325,
            "Actual Rows": 1,
            "Actual Loops": 2,
            "Plans": [
              {
                "Node Type": "Hash Join",
                "Parent Relationship": "Outer",
                "Parallel Aware": true,
                "Join Type": "Inner",
                "Startup Cost": 365430.3,
                "Total Cost": 436276.52,
                "Plan Rows": 883250,
                "Plan Width": 0,
                "Actual Startup Time": 2021.433,
                "Actual Total Time": 2321.893,
                "Actual Rows": 273466,
                "Actual Loops": 2,
                "Inner Unique": false,
                "Hash Cond": "(mk.movie_id = t.id)",
                "Plans": [
                  {
                    "Node Type": "Seq Scan",
                    "Parent Relationship": "Outer",
                    "Parallel Aware": true,
                    "Relation Name": "movie_keyword",
                    "Alias": "mk",
                    "Startup Cost": 0.0,
                    "Total Cost": 57718.19,
                    "Plan Rows": 1269191,
                    "Plan Width": 4,
                    "Actual Startup Time": 0.521,
                    "Actual Total Time": 184.536,
                    "Actual Rows": 1079299,
                    "Actual Loops": 2,
                    "Filter": "(keyword_id > 5346)",
                    "Rows Removed by Filter": 1182666
                  },
                  {
                    "Node Type": "Hash",
                    "Parent Relationship": "Inner",
                    "Parallel Aware": true,
                    "Startup Cost": 352492.95,
                    "Total Cost": 352492.95,
                    "Plan Rows": 1034988,
                    "Plan Width": 8,
                    "Actual Startup Time": 2006.127,
                    "Actual Total Time": 2006.132,
                    "Actual Rows": 311026,
                    "Actual Loops": 2,
                    "Hash Buckets": 2097152,
                    "Original Hash Buckets": 2097152,
                    "Hash Batches": 1,
                    "Original Hash Batches": 1,
                    "Peak Memory Usage": 40736,
                    "Plans": [
                      {
                        "Node Type": "Hash Join",
                        "Parent Relationship": "Outer",
                        "Parallel Aware": true,
                        "Join Type": "Inner",
                        "Startup Cost": 60700.64,
                        "Total Cost": 352492.95,
                        "Plan Rows": 1034988,
                        "Plan Width": 8,
                        "Actual Startup Time": 209.627,
                        "Actual Total Time": 1897.871,
                        "Actual Rows": 311026,
                        "Actual Loops": 2,
                        "Inner Unique": true,
                        "Hash Cond": "(mi.movie_id = t.id)",
                        "Plans": [
                          {
                            "Node Type": "Seq Scan",
                            "Parent Relationship": "Outer",
                            "Parallel Aware": true,
                            "Relation Name": "movie_info",
                            "Alias": "mi",
                            "Startup Cost": 0.0,
                            "Total Cost": 270696.42,
                            "Plan Rows": 8036516,
                            "Plan Width": 4,
                            "Actual Startup Time": 0.011,
                            "Actual Total Time": 832.563,
                            "Actual Rows": 6880833,
                            "Actual Loops": 2,
                            "Filter": "(info_type_id < 73)",
                            "Rows Removed by Filter": 537027
                          },
                          {
                            "Node Type": "Hash",
                            "Parent Relationship": "Inner",
                            "Parallel Aware": true,
                            "Startup Cost": 58306.47,
                            "Total Cost": 58306.47,
                            "Plan Rows": 191534,
                            "Plan Width": 4,
                            "Actual Startup Time": 206.068,
                            "Actual Total Time": 206.069,
                            "Actual Rows": 174767,
                            "Actual Loops": 2,
                            "Hash Buckets": 524288,
                            "Original Hash Buckets": 524288,
                            "Hash Batches": 1,
                            "Original Hash Batches": 1,
                            "Peak Memory Usage": 17792,
                            "Plans": [
                              {
                                "Node Type": "Seq Scan",
                                "Parent Relationship": "Outer",
                                "Parallel Aware": true,
                                "Relation Name": "title",
                                "Alias": "t",
                                "Startup Cost": 0.0,
                                "Total Cost": 58306.47,
                                "Plan Rows": 191534,
                                "Plan Width": 4,
                                "Actual Startup Time": 0.054,
                                "Actual Total Time": 150.42,
                                "Actual Rows": 174767,
                                "Actual Loops": 2,
                                "Filter": "((production_year > 2009) AND (kind_id = 7))",
                                "Rows Removed by Filter": 1089389
                              }
                            ]
                          }
                        ]
                      }
                    ]
                  }
                ]
              }
            ]
          }
        ]
      }
    ]
  },
  "Planning Time": 0.992,
  "Triggers": [],
  "Execution Time": 2399.222
}