[
  {
    "Plan": {
      "Node Type": "Aggregate",
      "Strategy": "Plain",
      "Partial Mode": "Finalize",
      "Parallel Aware": false,
      "Startup Cost": 47552.14,
      "Total Cost": 47552.15,
      "Plan Rows": 1,
      "Plan Width": 8,
      "Actual Startup Time": 124.268,
      "Actual Total Time": 135.221,
      "Actual Rows": 1,
      "Actual Loops": 1,
      "Plans": [
        {
          "Node Type": "Gather",
          "Parent Relationship": "Outer",
          "Parallel Aware": false,
          "Startup Cost": 47551.72,
          "Total Cost": 47552.13,
          "Plan Rows": 4,
          "Plan Width": 8,
          "Actual Startup Time": 123.978,
          "Actual Total Time": 135.208,
          "Actual Rows": 5,
          "Actual Loops": 1,
          "Workers Planned": 4,
          "Workers Launched": 4,
          "Single Copy": false,
          "Plans": [
            {
              "Node Type": "Aggregate",
              "Strategy": "Plain",
              "Partial Mode": "Partial",
              "Parent Relationship": "Outer",
              "Parallel Aware": false,
              "Startup Cost": 46551.72,
              "Total Cost": 46551.73,
              "Plan Rows": 1,
              "Plan Width": 8,
              "Actual Startup Time": 117.764,
              "Actual Total Time": 117.766,
              "Actual Rows": 1,
              "Actual Loops": 5,
              "Plans": [
                {
                  "Node Type": "Seq Scan",
                  "Parent Relationship": "Outer",
                  "Parallel Aware": true,
                  "Relation Name": "title",
                  "Alias": "t",
                  "Startup Cost": 0.0,
                  "Total Cost": 45479.59,
                  "Plan Rows": 428855,
                  "Plan Width": 0,
                  "Actual Startup Time": 0.037,
                  "Actual Total Time": 99.787,
                  "Actual Rows": 341850,
                  "Actual Loops": 5,
                  "Filter": "((kind_id > 2) AND (production_year > 1901))",
                  "Rows Removed by Filter": 163812
                }
              ]
            }
          ]
        }
      ]
    },
    "Planning Time": 0.081,
    "Triggers": [],
    "Execution Time": 135.253
  }
]