[
  {
    "Plan": {
      "Node Type": "Aggregate",
      "Strategy": "Plain",
      "Partial Mode": "Finalize",
      "Parallel Aware": false,
      "Startup Cost": 44907.01,
      "Total Cost": 44907.02,
      "Plan Rows": 1,
      "Plan Width": 8,
      "Actual Startup Time": 72.638,
      "Actual Total Time": 83.037,
      "Actual Rows": 1,
      "Actual Loops": 1,
      "Plans": [
        {
          "Node Type": "Gather",
          "Parent Relationship": "Outer",
          "Parallel Aware": false,
          "Startup Cost": 44906.59,
          "Total Cost": 44907.0,
          "Plan Rows": 4,
          "Plan Width": 8,
          "Actual Startup Time": 72.535,
          "Actual Total Time": 83.031,
          "Actual Rows": 5,
          "Actual Loops": 1,
          "Workers Planned": 4,
          "Workers Launched": 4,
          "Single Copy": false,
          "Plans": [
            {
              "Node Type": "Aggregate",
              "Strategy": "Plain",
              "Partial Mode": "Partial",
              "Parent Relationship": "Outer",
              "Parallel Aware": false,
              "Startup Cost": 43906.59,
              "Total Cost": 43906.6,
              "Plan Rows": 1,
              "Plan Width": 8,
              "Actual Startup Time": 67.1,
              "Actual Total Time": 67.101,
              "Actual Rows": 1,
              "Actual Loops": 5,
              "Plans": [
                {
                  "Node Type": "Seq Scan",
                  "Parent Relationship": "Outer",
                  "Parallel Aware": true,
                  "Relation Name": "title",
                  "Alias": "t",
                  "Startup Cost": 0.0,
                  "Total Cost": 43899.01,
                  "Plan Rows": 3034,
                  "Plan Width": 0,
                  "Actual Startup Time": 0.133,
                  "Actual Total Time": 66.817,
                  "Actual Rows": 2725,
                  "Actual Loops": 5,
                  "Filter": "(production_year = 1972)",
                  "Rows Removed by Filter": 502938
                }
              ]
            }
          ]
        }
      ]
    },
    "Planning Time": 0.068,
    "Triggers": [],
    "Execution Time": 83.065
  }
]