[
  {
    "Plan": {
      "Node Type": "Aggregate",
      "Strategy": "Plain",
      "Partial Mode": "Finalize",
      "Parallel Aware": false,
      "Startup Cost": 44906.92,
      "Total Cost": 44906.93,
      "Plan Rows": 1,
      "Plan Width": 8,
      "Actual Startup Time": 96.78,
      "Actual Total Time": 109.24,
      "Actual Rows": 1,
      "Actual Loops": 1,
      "Plans": [
        {
          "Node Type": "Gather",
          "Parent Relationship": "Outer",
          "Parallel Aware": false,
          "Startup Cost": 44906.5,
          "Total Cost": 44906.91,
          "Plan Rows": 4,
          "Plan Width": 8,
          "Actual Startup Time": 96.638,
          "Actual Total Time": 109.23,
          "Actual Rows": 5,
          "Actual Loops": 1,
          "Workers Planned": 4,
          "Workers Launched": 4,
          "Single Copy": false,
          "Plans": [
            {
              "Node Type": "Aggregate",
              "Strategy": "Plain",
              "Partial Mode": "Partial",
              "Parent Relationship": "Outer",
              "Parallel Aware": false,
              "Startup Cost": 43906.5,
              "Total Cost": 43906.51,
              "Plan Rows": 1,
              "Plan Width": 8,
              "Actual Startup Time": 88.527,
              "Actual Total Time": 88.528,
              "Actual Rows": 1,
              "Actual Loops": 5,
              "Plans": [
                {
                  "Node Type": "Seq Scan",
                  "Parent Relationship": "Outer",
                  "Parallel Aware": true,
                  "Relation Name": "title",
                  "Alias": "t",
                  "Startup Cost": 0.0,
                  "Total Cost": 43898.92,
                  "Plan Rows": 3034,
                  "Plan Width": 0,
                  "Actual Startup Time": 0.077,
                  "Actual Total Time": 88.178,
                  "Actual Rows": 2725,
                  "Actual Loops": 5,
                  "Filter": "(production_year = 1972)",
                  "Rows Removed by Filter": 502938
                }
              ]
            }
          ]
        }
      ]
    },
    "Planning Time": 0.155,
    "Triggers": [],
    "Execution Time": 109.299
  }
]