[
  {
    "Plan": {
      "Node Type": "Aggregate",
      "Strategy": "Plain",
      "Partial Mode": "Finalize",
      "Parallel Aware": false,
      "Startup Cost": 47173.53,
      "Total Cost": 47173.54,
      "Plan Rows": 1,
      "Plan Width": 8,
      "Actual Startup Time": 187.08,
      "Actual Total Time": 196.616,
      "Actual Rows": 1,
      "Actual Loops": 1,
      "Plans": [
        {
          "Node Type": "Gather",
          "Parent Relationship": "Outer",
          "Parallel Aware": false,
          "Startup Cost": 47173.22,
          "Total Cost": 47173.53,
          "Plan Rows": 3,
          "Plan Width": 8,
          "Actual Startup Time": 186.81,
          "Actual Total Time": 196.606,
          "Actual Rows": 4,
          "Actual Loops": 1,
          "Workers Planned": 3,
          "Workers Launched": 3,
          "Single Copy": false,
          "Plans": [
            {
              "Node Type": "Aggregate",
              "Strategy": "Plain",
              "Partial Mode": "Partial",
              "Parent Relationship": "Outer",
              "Parallel Aware": false,
              "Startup Cost": 46173.22,
              "Total Cost": 46173.23,
              "Plan Rows": 1,
              "Plan Width": 8,
              "Actual Startup Time": 180.859,
              "Actual Total Time": 180.86,
              "Actual Rows": 1,
              "Actual Loops": 4,
              "Plans": [
                {
                  "Node Type": "Seq Scan",
                  "Parent Relationship": "Outer",
                  "Parallel Aware": true,
                  "Relation Name": "movie_keyword",
                  "Alias": "mk",
                  "Startup Cost": 0.0,
                  "Total Cost": 42695.65,
                  "Plan Rows": 1391025,
                  "Plan Width": 0,
                  "Actual Startup Time": 0.051,
                  "Actual Total Time": 129.515,
                  "Actual Rows": 1075483,
                  "Actual Loops": 4,
                  "Filter": "(keyword_id > 175)",
                  "Rows Removed by Filter": 55500
                }
              ]
            }
          ]
        }
      ]
    },
    "Planning Time": 0.158,
    "Triggers": [],
    "Execution Time": 196.666
  }
]