[
  {
    "Plan": {
      "Node Type": "Aggregate",
      "Strategy": "Plain",
      "Partial Mode": "Finalize",
      "Parallel Aware": false,
      "Startup Cost": 268958.87,
      "Total Cost": 268958.88,
      "Plan Rows": 1,
      "Plan Width": 8,
      "Actual Startup Time": 2231.267,
      "Actual Total Time": 2310.714,
      "Actual Rows": 1,
      "Actual Loops": 1,
      "Plans": [
        {
          "Node Type": "Gather",
          "Parent Relationship": "Outer",
          "Parallel Aware": false,
          "Startup Cost": 268958.55,
          "Total Cost": 268958.86,
          "Plan Rows": 3,
          "Plan Width": 8,
          "Actual Startup Time": 2219.414,
          "Actual Total Time": 2310.704,
          "Actual Rows": 4,
          "Actual Loops": 1,
          "Workers Planned": 3,
          "Workers Launched": 3,
          "Single Copy": false,
          "Plans": [
            {
              "Node Type": "Aggregate",
              "Strategy": "Plain",
              "Partial Mode": "Partial",
              "Parent Relationship": "Outer",
              "Parallel Aware": false,
              "Startup Cost": 267958.55,
              "Total Cost": 267958.56,
              "Plan Rows": 1,
              "Plan Width": 8,
              "Actual Startup Time": 2200.514,
              "Actual Total Time": 2200.518,
              "Actual Rows": 1,
              "Actual Loops": 4,
              "Plans": [
                {
                  "Node Type": "Nested Loop",
                  "Parent Relationship": "Outer",
                  "Parallel Aware": false,
                  "Join Type": "Inner",
                  "Startup Cost": 56490.8,
                  "Total Cost": 266565.01,
                  "Plan Rows": 557418,
                  "Plan Width": 0,
                  "Actual Startup Time": 401.008,
                  "Actual Total Time": 2039.406,
                  "Actual Rows": 3222126,
                  "Actual Loops": 4,
                  "Inner Unique": false,
                  "Plans": [
                    {
                      "Node Type": "Hash Join",
                      "Parent Relationship": "Outer",
                      "Parallel Aware": true,
                      "Join Type": "Inner",
                      "Startup Cost": 56490.37,
                      "Total Cost": 82386.22,
                      "Plan Rows": 95329,
                      "Plan Width": 8,
                      "Actual Startup Time": 400.915,
                      "Actual Total Time": 497.695,
                      "Actual Rows": 77622,
                      "Actual Loops": 4,
                      "Inner Unique": true,
                      "Hash Cond": "(mk.movie_id = t.id)",
                      "Plans": [
                        {
                          "Node Type": "Bitmap Heap Scan",
                          "Parent Relationship": "Outer",
                          "Parallel Aware": true,
                          "Relation Name": "movie_keyword",
                          "Alias": "mk",
                          "Startup Cost": 6270.72,
                          "Total Cost": 31916.34,
                          "Plan Rows": 95329,
                          "Plan Width": 4,
                          "Actual Startup Time": 20.536,
                          "Actual Total Time": 65.425,
                          "Actual Rows": 77622,
                          "Actual Loops": 4,
                          "Recheck Cond": "(keyword_id < 246)",
                          "Rows Removed by Index Recheck": 0,
                          "Exact Heap Blocks": 8034,
                          "Lossy Heap Blocks": 0,
                          "Plans": [
                            {
                              "Node Type": "Bitmap Index Scan",
                              "Parent Relationship": "Outer",
                              "Parallel Aware": false,
                              "Index Name": "keyword_id_movie_keyword",
                              "Startup Cost": 0.0,
                              "Total Cost": 6196.84,
                              "Plan Rows": 295521,
                              "Plan Width": 0,
                              "Actual Startup Time": 16.953,
                              "Actual Total Time": 16.954,
                              "Actual Rows": 310490,
                              "Actual Loops": 1,
                              "Index Cond": "(keyword_id < 246)"
                            }
                          ]
                        },
                        {
                          "Node Type": "Hash",
                          "Parent Relationship": "Inner",
                          "Parallel Aware": true,
                          "Startup Cost": 42318.73,
                          "Total Cost": 42318.73,
                          "Plan Rows": 632073,
                          "Plan Width": 4,
                          "Actual Startup Time": 369.282,
                          "Actual Total Time": 369.283,
                          "Actual Rows": 632078,
                          "Actual Loops": 4,
                          "Hash Buckets": 4194304,
                          "Original Hash Buckets": 4194304,
                          "Hash Batches": 1,
                          "Original Hash Batches": 1,
                          "Peak Memory Usage": 131776,
                          "Plans": [
                            {
                              "Node Type": "Seq Scan",
                              "Parent Relationship": "Outer",
                              "Parallel Aware": true,
                              "Relation Name": "title",
                              "Alias": "t",
                              "Startup Cost": 0.0,
                              "Total Cost": 42318.73,
                              "Plan Rows": 632073,
                              "Plan Width": 4,
                              "Actual Startup Time": 0.032,
                              "Actual Total Time": 109.907,
                              "Actual Rows": 632078,
                              "Actual Loops": 4
                            }
                          ]
                        }
                      ]
                    },
                    {
                      "Node Type": "Index Only Scan",
                      "Parent Relationship": "Inner",
                      "Parallel Aware": false,
                      "Scan Direction": "Forward",
                      "Index Name": "movie_id_movie_info",
                      "Relation Name": "movie_info",
                      "Alias": "mi",
                      "Startup Cost": 0.43,
                      "Total Cost": 1.51,
                      "Plan Rows": 42,
                      "Plan Width": 4,
                      "Actual Startup Time": 0.004,
                      "Actual Total Time": 0.016,
                      "Actual Rows": 42,
                      "Actual Loops": 310490,
                      "Index Cond": "(movie_id = t.id)",
                      "Rows Removed by Index Recheck": 0,
                      "Heap Fetches": 12888504
                    }
                  ]
                }
              ]
            }
          ]
        }
      ]
    },
    "Planning Time": 1.331,
    "Triggers": [],
    "Execution Time": 2310.836
  }
]