[
  {
    "Plan": {
      "Node Type": "Aggregate",
      "Strategy": "Plain",
      "Partial Mode": "Finalize",
      "Parallel Aware": false,
      "Startup Cost": 177140.87,
      "Total Cost": 177140.88,
      "Plan Rows": 1,
      "Plan Width": 8,
      "Actual Startup Time": 1587.322,
      "Actual Total Time": 1640.265,
      "Actual Rows": 1,
      "Actual Loops": 1,
      "Plans": [
        {
          "Node Type": "Gather",
          "Parent Relationship": "Outer",
          "Parallel Aware": false,
          "Startup Cost": 177140.55,
          "Total Cost": 177140.86,
          "Plan Rows": 3,
          "Plan Width": 8,
          "Actual Startup Time": 1574.972,
          "Actual Total Time": 1640.253,
          "Actual Rows": 4,
          "Actual Loops": 1,
          "Workers Planned": 3,
          "Workers Launched": 3,
          "Single Copy": false,
          "Plans": [
            {
              "Node Type": "Aggregate",
              "Strategy": "Plain",
              "Partial Mode": "Partial",
              "Parent Relationship": "Outer",
              "Parallel Aware": false,
              "Startup Cost": 176140.55,
              "Total Cost": 176140.56,
              "Plan Rows": 1,
              "Plan Width": 8,
              "Actual Startup Time": 1556.745,
              "Actual Total Time": 1556.749,
              "Actual Rows": 1,
              "Actual Loops": 4,
              "Plans": [
                {
                  "Node Type": "Nested Loop",
                  "Parent Relationship": "Outer",
                  "Parallel Aware": false,
                  "Join Type": "Inner",
                  "Startup Cost": 53630.46,
                  "Total Cost": 175635.36,
                  "Plan Rows": 202075,
                  "Plan Width": 0,
                  "Actual Startup Time": 386.356,
                  "Actual Total Time": 1440.008,
                  "Actual Rows": 2369802,
                  "Actual Loops": 4,
                  "Inner Unique": false,
                  "Plans": [
                    {
                      "Node Type": "Hash Join",
                      "Parent Relationship": "Outer",
                      "Parallel Aware": true,
                      "Join Type": "Inner",
                      "Startup Cost": 53630.02,
                      "Total Cost": 78867.95,
                      "Plan Rows": 51830,
                      "Plan Width": 8,
                      "Actual Startup Time": 386.231,
                      "Actual Total Time": 441.296,
                      "Actual Rows": 39513,
                      "Actual Loops": 4,
                      "Inner Unique": true,
                      "Hash Cond": "(mk.movie_id = t.id)",
                      "Plans": [
                        {
                          "Node Type": "Bitmap Heap Scan",
                          "Parent Relationship": "Outer",
                          "Parallel Aware": true,
                          "Relation Name": "movie_keyword",
                          "Alias": "mk",
                          "Startup Cost": 3409.64,
                          "Total Cost": 28511.51,
                          "Plan Rows": 51830,
                          "Plan Width": 4,
                          "Actual Startup Time": 11.532,
                          "Actual Total Time": 42.922,
                          "Actual Rows": 39513,
                          "Actual Loops": 4,
                          "Recheck Cond": "(keyword_id > 73002)",
                          "Rows Removed by Index Recheck": 0,
                          "Exact Heap Blocks": 6243,
                          "Lossy Heap Blocks": 0,
                          "Plans": [
                            {
                              "Node Type": "Bitmap Index Scan",
                              "Parent Relationship": "Outer",
                              "Parallel Aware": false,
                              "Index Name": "keyword_id_movie_keyword",
                              "Startup Cost": 0.0,
                              "Total Cost": 3369.47,
                              "Plan Rows": 160672,
                              "Plan Width": 0,
                              "Actual Startup Time": 8.781,
                              "Actual Total Time": 8.782,
                              "Actual Rows": 158051,
                              "Actual Loops": 1,
                              "Index Cond": "(keyword_id > 73002)"
                            }
                          ]
                        },
                        {
                          "Node Type": "Hash",
                          "Parent Relationship": "Inner",
                          "Parallel Aware": true,
                          "Startup Cost": 42319.06,
                          "Total Cost": 42319.06,
                          "Plan Rows": 632106,
                          "Plan Width": 4,
                          "Actual Startup Time": 363.214,
                          "Actual Total Time": 363.215,
                          "Actual Rows": 632078,
                          "Actual Loops": 4,
                          "Hash Buckets": 4194304,
                          "Original Hash Buckets": 4194304,
                          "Hash Batches": 1,
                          "Original Hash Batches": 1,
                          "Peak Memory Usage": 131776,
                          "Plans": [
                            {
                              "Node Type": "Seq Scan",
                              "Parent Relationship": "Outer",
                              "Parallel Aware": true,
                              "Relation Name": "title",
                              "Alias": "t",
                              "Startup Cost": 0.0,
                              "Total Cost": 42319.06,
                              "Plan Rows": 632106,
                              "Plan Width": 4,
                              "Actual Startup Time": 0.048,
                              "Actual Total Time": 106.723,
                              "Actual Rows": 632078,
                              "Actual Loops": 4
                            }
                          ]
                        }
                      ]
                    },
                    {
                      "Node Type": "Index Scan",
                      "Parent Relationship": "Inner",
                      "Parallel Aware": false,
                      "Scan Direction": "Forward",
                      "Index Name": "movie_id_movie_info",
                      "Relation Name": "movie_info",
                      "Alias": "mi",
                      "Startup Cost": 0.43,
                      "Total Cost": 1.6,
                      "Plan Rows": 27,
                      "Plan Width": 4,
                      "Actual Startup Time": 0.005,
                      "Actual Total Time": 0.021,
                      "Actual Rows": 60,
                      "Actual Loops": 158051,
                      "Index Cond": "(movie_id = t.id)",
                      "Rows Removed by Index Recheck": 0,
                      "Filter": "(info_type_id > 4)",
                      "Rows Removed by Filter": 6
                    }
                  ]
                }
              ]
            }
          ]
        }
      ]
    },
    "Planning Time": 1.416,
    "Triggers": [],
    "Execution Time": 1640.393
  }
]