[
  {
    "Plan": {
      "Node Type": "Aggregate",
      "Strategy": "Plain",
      "Partial Mode": "Finalize",
      "Parallel Aware": false,
      "Startup Cost": 223642.83,
      "Total Cost": 223642.84,
      "Plan Rows": 1,
      "Plan Width": 8,
      "Actual Startup Time": 110.431,
      "Actual Total Time": 128.646,
      "Actual Rows": 1,
      "Actual Loops": 1,
      "Plans": [
        {
          "Node Type": "Gather",
          "Parent Relationship": "Outer",
          "Parallel Aware": false,
          "Startup Cost": 223642.41,
          "Total Cost": 223642.82,
          "Plan Rows": 4,
          "Plan Width": 8,
          "Actual Startup Time": 110.235,
          "Actual Total Time": 128.627,
          "Actual Rows": 5,
          "Actual Loops": 1,
          "Workers Planned": 4,
          "Workers Launched": 4,
          "Single Copy": false,
          "Plans": [
            {
              "Node Type": "Aggregate",
              "Strategy": "Plain",
              "Partial Mode": "Partial",
              "Parent Relationship": "Outer",
              "Parallel Aware": false,
              "Startup Cost": 222642.41,
              "Total Cost": 222642.42,
              "Plan Rows": 1,
              "Plan Width": 8,
              "Actual Startup Time": 104.838,
              "Actual Total Time": 104.84,
              "Actual Rows": 1,
              "Actual Loops": 5,
              "Plans": [
                {
                  "Node Type": "Nested Loop",
                  "Parent Relationship": "Outer",
                  "Parallel Aware": false,
                  "Join Type": "Inner",
                  "Startup Cost": 0.43,
                  "Total Cost": 222629.76,
                  "Plan Rows": 5061,
                  "Plan Width": 0,
                  "Actual Startup Time": 0.372,
                  "Actual Total Time": 104.685,
                  "Actual Rows": 1279,
                  "Actual Loops": 5,
                  "Inner Unique": false,
                  "Plans": [
                    {
                      "Node Type": "Seq Scan",
                      "Parent Relationship": "Outer",
                      "Parallel Aware": true,
                      "Relation Name": "title",
                      "Alias": "t",
                      "Startup Cost": 0.0,
                      "Total Cost": 45479.59,
                      "Plan Rows": 3469,
                      "Plan Width": 4,
                      "Actual Startup Time": 0.089,
                      "Actual Total Time": 73.449,
                      "Actual Rows": 2726,
                      "Actual Loops": 5,
                      "Filter": "((kind_id = 7) AND (production_year = 1990))",
                      "Rows Removed by Filter": 502936
                    },
                    {
                      "Node Type": "Index Scan",
                      "Parent Relationship": "Inner",
                      "Parallel Aware": false,
                      "Scan Direction": "Forward",
                      "Index Name": "movie_id_movie_info",
                      "Relation Name": "movie_info",
                      "Alias": "mi",
                      "Startup Cost": 0.43,
                      "Total Cost": 50.97,
                      "Plan Rows": 10,
                      "Plan Width": 4,
                      "Actual Startup Time": 0.009,
                      "Actual Total Time": 0.011,
                      "Actual Rows": 0,
                      "Actual Loops": 13632,
                      "Index Cond": "(movie_id = t.id)",
                      "Rows Removed by Index Recheck": 0,
                      "Filter": "(info_type_id < 4)",
                      "Rows Removed by Filter": 3
                    }
                  ]
                }
              ]
            }
          ]
        }
      ]
    },
    "Planning Time": 0.363,
    "Triggers": [],
    "Execution Time": 128.702
  }
]