[
  {
    "Plan": {
      "Node Type": "Aggregate",
      "Strategy": "Plain",
      "Partial Mode": "Finalize",
      "Parallel Aware": false,
      "Startup Cost": 75581.49,
      "Total Cost": 75581.5,
      "Plan Rows": 1,
      "Plan Width": 8,
      "Actual Startup Time": 237.698,
      "Actual Total Time": 252.134,
      "Actual Rows": 1,
      "Actual Loops": 1,
      "Plans": [
        {
          "Node Type": "Gather",
          "Parent Relationship": "Outer",
          "Parallel Aware": false,
          "Startup Cost": 75581.17,
          "Total Cost": 75581.48,
          "Plan Rows": 3,
          "Plan Width": 8,
          "Actual Startup Time": 237.305,
          "Actual Total Time": 252.125,
          "Actual Rows": 4,
          "Actual Loops": 1,
          "Workers Planned": 3,
          "Workers Launched": 3,
          "Single Copy": false,
          "Plans": [
            {
              "Node Type": "Aggregate",
              "Strategy": "Plain",
              "Partial Mode": "Partial",
              "Parent Relationship": "Outer",
              "Parallel Aware": false,
              "Startup Cost": 74581.17,
              "Total Cost": 74581.18,
              "Plan Rows": 1,
              "Plan Width": 8,
              "Actual Startup Time": 228.533,
              "Actual Total Time": 228.535,
              "Actual Rows": 1,
              "Actual Loops": 4,
              "Plans": [
                {
                  "Node Type": "Hash Join",
                  "Parent Relationship": "Outer",
                  "Parallel Aware": true,
                  "Join Type": "Inner",
                  "Startup Cost": 44088.7,
                  "Total Cost": 74554.8,
                  "Plan Rows": 10549,
                  "Plan Width": 0,
                  "Actual Startup Time": 120.611,
                  "Actual Total Time": 227.996,
                  "Actual Rows": 7563,
                  "Actual Loops": 4,
                  "Inner Unique": true,
                  "Hash Cond": "(mc.movie_id = t.id)",
                  "Plans": [
                    {
                      "Node Type": "Seq Scan",
                      "Parent Relationship": "Outer",
                      "Parallel Aware": true,
                      "Relation Name": "movie_companies",
                      "Alias": "mc",
                      "Startup Cost": 0.0,
                      "Total Cost": 29310.68,
                      "Plan Rows": 440160,
                      "Plan Width": 4,
                      "Actual Startup Time": 10.007,
                      "Actual Total Time": 75.226,
                      "Actual Rows": 337930,
                      "Actual Loops": 4,
                      "Filter": "(company_id > 11164)",
                      "Rows Removed by Filter": 314352
                    },
                    {
                      "Node Type": "Hash",
                      "Parent Relationship": "Inner",
                      "Parallel Aware": true,
                      "Startup Cost": 43899.32,
                      "Total Cost": 43899.32,
                      "Plan Rows": 15150,
                      "Plan Width": 4,
                      "Actual Startup Time": 108.835,
                      "Actual Total Time": 108.836,
                      "Actual Rows": 15642,
                      "Actual Loops": 4,
                      "Hash Buckets": 65536,
                      "Original Hash Buckets": 65536,
                      "Hash Batches": 1,
                      "Original Hash Batches": 1,
                      "Peak Memory Usage": 3008,
                      "Plans": [
                        {
                          "Node Type": "Seq Scan",
                          "Parent Relationship": "Outer",
                          "Parallel Aware": true,
                          "Relation Name": "title",
                          "Alias": "t",
                          "Startup Cost": 0.0,
                          "Total Cost": 43899.32,
                          "Plan Rows": 15150,
                          "Plan Width": 4,
                          "Actual Startup Time": 0.072,
                          "Actual Total Time": 101.848,
                          "Actual Rows": 15642,
                          "Actual Loops": 4,
                          "Filter": "(production_year = 2002)",
                          "Rows Removed by Filter": 616436
                        }
                      ]
                    }
                  ]
                }
              ]
            }
          ]
        }
      ]
    },
    "Planning Time": 0.67,
    "Triggers": [],
    "Execution Time": 252.199
  }
]