{
  "Plan": {
    "Node Type": "Aggregate",
    "Strategy": "Plain",
    "Partial Mode": "Finalize",
    "Parallel Aware": false,
    "Startup Cost": 77575.55,
    "Total Cost": 77575.56,
    "Plan Rows": 1,
    "Plan Width": 8,
    "Actual Startup Time": 243.952,
    "Actual Total Time": 257.089,
    "Actual Rows": 1,
    "Actual Loops": 1,
    "Plans": [
      {
        "Node Type": "Gather",
        "Parent Relationship": "Outer",
        "Parallel Aware": false,
        "Startup Cost": 77575.44,
        "Total Cost": 77575.55,
        "Plan Rows": 1,
        "Plan Width": 8,
        "Actual Startup Time": 243.719,
        "Actual Total Time": 257.082,
        "Actual Rows": 2,
        "Actual Loops": 1,
        "Workers Planned": 1,
        "Workers Launched": 1,
        "Single Copy": false,
        "Plans": [
          {
            "Node Type": "Aggregate",
            "Strategy": "Plain",
            "Partial Mode": "Partial",
            "Parent Relationship": "Outer",
            "Parallel Aware": false,
            "Startup Cost": 76575.44,
            "Total Cost": 76575.45,
            "Plan Rows": 1,
            "Plan Width": 8,
            "Actual Startup Time": 240.524,
            "Actual Total Time": 240.527,
            "Actual Rows": 1,
            "Actual Loops": 2,
            "Plans": [
              {
                "Node Type": "Hash Join",
                "Parent Relationship": "Outer",
                "Parallel Aware": true,
                "Join Type": "Inner",
                "Startup Cost": 58383.27,
                "Total Cost": 76567.06,
                "Plan Rows": 3354,
                "Plan Width": 0,
                "Actual Startup Time": 143.987,
                "Actual Total Time": 240.382,
                "Actual Rows": 2850,
                "Actual Loops": 2,
                "Inner Unique": true,
                "Hash Cond": "(mi_idx.movie_id = t.id)",
                "Plans": [
                  {
                    "Node Type": "Seq Scan",
                    "Parent Relationship": "Outer",
                    "Parallel Aware": true,
                    "Relation Name": "movie_info_idx",
                    "Alias": "mi_idx",
                    "Startup Cost": 0.0,
                    "Total Cost": 16052.85,
                    "Plan Rows": 811785,
                    "Plan Width": 4,
                    "Actual Startup Time": 0.019,
                    "Actual Total Time": 48.668,
                    "Actual Rows": 690018,
                    "Actual Loops": 2
                  },
                  {
                    "Node Type": "Hash",
                    "Parent Relationship": "Inner",
                    "Parallel Aware": true,
                    "Startup Cost": 58306.47,
                    "Total Cost": 58306.47,
                    "Plan Rows": 6144,
                    "Plan Width": 4,
                    "Actual Startup Time": 142.554,
                    "Actual Total Time": 142.554,
                    "Actual Rows": 5272,
                    "Actual Loops": 2,
                    "Hash Buckets": 16384,
                    "Original Hash Buckets": 16384,
                    "Hash Batches": 1,
                    "Original Hash Batches": 1,
                    "Peak Memory Usage": 576,
                    "Plans": [
                      {
                        "Node Type": "Seq Scan",
                        "Parent Relationship": "Outer",
                        "Parallel Aware": true,
                        "Relation Name": "title",
                        "Alias": "t",
                        "Startup Cost": 0.0,
                        "Total Cost": 58306.47,
                        "Plan Rows": 6144,
                        "Plan Width": 4,
                        "Actual Startup Time": 0.067,
                        "Actual Total Time": 140.522,
                        "Actual Rows": 5272,
                        "Actual Loops": 2,
                        "Filter": "((kind_id > 1) AND (production_year = 1979))",
                        "Rows Removed by Filter": 1258884
                      }
                    ]
                  }
                ]
              }
            ]
          }
        ]
      }
    ]
  },
  "Planning Time": 0.462,
  "Triggers": [],
  "Execution Time": 257.163
}