[
  {
    "Plan": {
      "Node Type": "Aggregate",
      "Strategy": "Plain",
      "Partial Mode": "Finalize",
      "Parallel Aware": false,
      "Startup Cost": 236151.8,
      "Total Cost": 236151.81,
      "Plan Rows": 1,
      "Plan Width": 8,
      "Actual Startup Time": 382.376,
      "Actual Total Time": 398.662,
      "Actual Rows": 1,
      "Actual Loops": 1,
      "Plans": [
        {
          "Node Type": "Gather",
          "Parent Relationship": "Outer",
          "Parallel Aware": false,
          "Startup Cost": 236151.28,
          "Total Cost": 236151.79,
          "Plan Rows": 5,
          "Plan Width": 8,
          "Actual Startup Time": 377.226,
          "Actual Total Time": 398.651,
          "Actual Rows": 6,
          "Actual Loops": 1,
          "Workers Planned": 5,
          "Workers Launched": 5,
          "Single Copy": false,
          "Plans": [
            {
              "Node Type": "Aggregate",
              "Strategy": "Plain",
              "Partial Mode": "Partial",
              "Parent Relationship": "Outer",
              "Parallel Aware": false,
              "Startup Cost": 235151.28,
              "Total Cost": 235151.29,
              "Plan Rows": 1,
              "Plan Width": 8,
              "Actual Startup Time": 367.225,
              "Actual Total Time": 367.23,
              "Actual Rows": 1,
              "Actual Loops": 6,
              "Plans": [
                {
                  "Node Type": "Hash Join",
                  "Parent Relationship": "Outer",
                  "Parallel Aware": true,
                  "Join Type": "Inner",
                  "Startup Cost": 69237.93,
                  "Total Cost": 234882.13,
                  "Plan Rows": 107661,
                  "Plan Width": 0,
                  "Actual Startup Time": 228.584,
                  "Actual Total Time": 360.768,
                  "Actual Rows": 105603,
                  "Actual Loops": 6,
                  "Inner Unique": true,
                  "Hash Cond": "(mi.movie_id = t.id)",
                  "Plans": [
                    {
                      "Node Type": "Bitmap Heap Scan",
                      "Parent Relationship": "Outer",
                      "Parallel Aware": true,
                      "Relation Name": "movie_info",
                      "Alias": "mi",
                      "Startup Cost": 21814.75,
                      "Total Cost": 186825.28,
                      "Plan Rows": 241402,
                      "Plan Width": 4,
                      "Actual Startup Time": 51.778,
                      "Actual Total Time": 120.677,
                      "Actual Rows": 200785,
                      "Actual Loops": 6,
                      "Recheck Cond": "(info_type_id > 18)",
                      "Rows Removed by Index Recheck": 0,
                      "Exact Heap Blocks": 7507,
                      "Lossy Heap Blocks": 0,
                      "Plans": [
                        {
                          "Node Type": "Bitmap Index Scan",
                          "Parent Relationship": "Outer",
                          "Parallel Aware": false,
                          "Index Name": "info_type_id_movie_info",
                          "Startup Cost": 0.0,
                          "Total Cost": 21513.0,
                          "Plan Rows": 1207009,
                          "Plan Width": 0,
                          "Actual Startup Time": 46.059,
                          "Actual Total Time": 46.059,
                          "Actual Rows": 1204709,
                          "Actual Loops": 1,
                          "Index Cond": "(info_type_id > 18)"
                        }
                      ]
                    },
                    {
                      "Node Type": "Hash",
                      "Parent Relationship": "Inner",
                      "Parallel Aware": true,
                      "Startup Cost": 43899.32,
                      "Total Cost": 43899.32,
                      "Plan Rows": 281908,
                      "Plan Width": 4,
                      "Actual Startup Time": 173.145,
                      "Actual Total Time": 173.146,
                      "Actual Rows": 188892,
                      "Actual Loops": 6,
                      "Hash Buckets": 2097152,
                      "Original Hash Buckets": 2097152,
                      "Hash Batches": 1,
                      "Original Hash Batches": 1,
                      "Peak Memory Usage": 60800,
                      "Plans": [
                        {
                          "Node Type": "Seq Scan",
                          "Parent Relationship": "Outer",
                          "Parallel Aware": true,
                          "Relation Name": "title",
                          "Alias": "t",
                          "Startup Cost": 0.0,
                          "Total Cost": 43899.32,
                          "Plan Rows": 281908,
                          "Plan Width": 4,
                          "Actual Startup Time": 0.047,
                          "Actual Total Time": 83.983,
                          "Actual Rows": 188892,
                          "Actual Loops": 6,
                          "Filter": "(production_year < 2002)",
                          "Rows Removed by Filter": 232493
                        }
                      ]
                    }
                  ]
                }
              ]
            }
          ]
        }
      ]
    },
    "Planning Time": 0.357,
    "Triggers": [],
    "Execution Time": 398.718
  }
]