{
    "Plan": {
        "Node Type": "Aggregate",
        "Strategy": "Plain",
        "Partial Mode": "Simple",
        "Parallel Aware": false,
        "Startup Cost": 10002365323.45,
        "Total Cost": 10002365323.46,
        "Plan Rows": 1,
        "Plan Width": 8,
        "Actual Startup Time": 3131.138,
        "Actual Total Time": 3131.143,
        "Actual Rows": 1,
        "Actual Loops": 1,
        "Output": [
            "count(*)"
        ],
        "Plans": [
            {
                "Node Type": "Hash Join",
                "Parent Relationship": "Outer",
                "Parallel Aware": false,
                "Join Type": "Inner",
                "Startup Cost": 10000383009.57,
                "Total Cost": 10002365183.04,
                "Plan Rows": 56165,
                "Plan Width": 0,
                "Actual Startup Time": 2368.402,
                "Actual Total Time": 3111.387,
                "Actual Rows": 495407,
                "Actual Loops": 1,
                "Inner Unique": false,
                "Hash Cond": "(t.id = mi.movie_id)",
                "Plans": [
                    {
                        "Node Type": "Hash Join",
                        "Parent Relationship": "Outer",
                        "Parallel Aware": false,
                        "Join Type": "Inner",
                        "Startup Cost": 10000199205.47,
                        "Total Cost": 10000280846.76,
                        "Plan Rows": 280853,
                        "Plan Width": 8,
                        "Actual Startup Time": 2108.656,
                        "Actual Total Time": 2774.418,
                        "Actual Rows": 496328,
                        "Actual Loops": 1,
                        "Output": [
                            "t.id",
                            "mk.movie_id"
                        ],
                        "Inner Unique": true,
                        "Hash Cond": "(mk.movie_id = t.id)",
                        "Plans": [
                            {
                                "Node Type": "Bitmap Heap Scan",
                                "Parent Relationship": "Outer",
                                "Parallel Aware": false,
                                "Relation Name": "movie_keyword",
                                "Schema": "public",
                                "Alias": "mk",
                                "Startup Cost": 80195.0,
                                "Total Cost": 151911.22,
                                "Plan Rows": 3780977,
                                "Plan Width": 4,
                                "Actual Startup Time": 310.219,
                                "Actual Total Time": 647.275,
                                "Actual Rows": 3796336,
                                "Actual Loops": 1,
                                "Output": [
                                    "mk.id",
                                    "mk.movie_id",
                                    "mk.keyword_id"
                                ],
                                "Recheck Cond": "(mk.keyword_id < 25784)",
                                "Rows Removed by Index Recheck": 0,
                                "Exact Heap Blocks": 24454,
                                "Lossy Heap Blocks": 0,
                                "Plans": [
                                    {
                                        "Node Type": "Bitmap Index Scan",
                                        "Parent Relationship": "Outer",
                                        "Parallel Aware": false,
                                        "Index Name": "keyword_id_movie_keyword",
                                        "Startup Cost": 0.0,
                                        "Total Cost": 79249.76,
                                        "Plan Rows": 3780977,
                                        "Plan Width": 0,
                                        "Actual Startup Time": 305.349,
                                        "Actual Total Time": 305.35,
                                        "Actual Rows": 3796336,
                                        "Actual Loops": 1,
                                        "Index Cond": "(mk.keyword_id < 25784)"
                                    }
                                ]
                            },
                            {
                                "Node Type": "Hash",
                                "Parent Relationship": "Inner",
                                "Parallel Aware": false,
                                "Startup Cost": 10000116662.9,
                                "Total Cost": 10000116662.9,
                                "Plan Rows": 187805,
                                "Plan Width": 4,
                                "Actual Startup Time": 1796.705,
                                "Actual Total Time": 1796.705,
                                "Actual Rows": 187790,
                                "Actual Loops": 1,
                                "Output": [
                                    "t.id"
                                ],
                                "Hash Buckets": 262144,
                                "Original Hash Buckets": 262144,
                                "Hash Batches": 1,
                                "Original Hash Batches": 1,
                                "Peak Memory Usage": 8650,
                                "Plans": [
                                    {
                                        "Node Type": "Index Scan",
                                        "Parent Relationship": "Outer",
                                        "Parallel Aware": false,
                                        "Scan Direction": "Forward",
                                        "Index Name": "title_pkey",
                                        "Relation Name": "title",
                                        "Schema": "public",
                                        "Alias": "t",
                                        "Startup Cost": 10000000000.43,
                                        "Total Cost": 10000116662.9,
                                        "Plan Rows": 187805,
                                        "Plan Width": 4,
                                        "Actual Startup Time": 8.481,
                                        "Actual Total Time": 1735.049,
                                        "Actual Rows": 187790,
                                        "Actual Loops": 1,
                                        "Output": [
                                            "t.id"
                                        ],
                                        "Filter": "(t.production_year < 1954)",
                                        "Rows Removed by Filter": 2340522
                                    }
                                ]
                            }
                        ]
                    },
                    {
                        "Node Type": "Hash",
                        "Parent Relationship": "Inner",
                        "Parallel Aware": false,
                        "Startup Cost": 177484.0,
                        "Total Cost": 177484.0,
                        "Plan Rows": 505608,
                        "Plan Width": 4,
                        "Actual Startup Time": 254.097,
                        "Actual Total Time": 254.098,
                        "Actual Rows": 474443,
                        "Actual Loops": 1,
                        "Output": [
                            "mi.movie_id"
                        ],
                        "Hash Buckets": 524288,
                        "Original Hash Buckets": 524288,
                        "Hash Batches": 1,
                        "Original Hash Batches": 1,
                        "Peak Memory Usage": 20776,
                        "Plans": [
                            {
                                "Node Type": "Bitmap Heap Scan",
                                "Parent Relationship": "Outer",
                                "Parallel Aware": false,
                                "Relation Name": "movie_info",
                                "Schema": "public",
                                "Alias": "mi",
                                "Startup Cost": 9170.9,
                                "Total Cost": 177484.0,
                                "Plan Rows": 505608,
                                "Plan Width": 4,
                                "Actual Startup Time": 31.326,
                                "Actual Total Time": 139.567,
                                "Actual Rows": 474443,
                                "Actual Loops": 1,
                                "Output": [
                                    "mi.movie_id"
                                ],
                                "Recheck Cond": "(mi.info_type_id = 6)",
                                "Rows Removed by Index Recheck": 0,
                                "Exact Heap Blocks": 3203,
                                "Lossy Heap Blocks": 0,
                                "Plans": [
                                    {
                                        "Node Type": "Bitmap Index Scan",
                                        "Parent Relationship": "Outer",
                                        "Parallel Aware": false,
                                        "Index Name": "info_type_id_movie_info",
                                        "Startup Cost": 0.0,
                                        "Total Cost": 9044.49,
                                        "Plan Rows": 505608,
                                        "Plan Width": 0,
                                        "Actual Startup Time": 30.81,
                                        "Actual Total Time": 30.81,
                                        "Actual Rows": 474443,
                                        "Actual Loops": 1,
                                        "Index Cond": "(mi.info_type_id = 6)"
                                    }
                                ]
                            }
                        ]
                    }
                ]
            }
        ]
    },
    "Planning Time": 3.961,
    "Triggers": [],
    "Execution Time": 3132.255
}