[
  {
    "Plan": {
      "Node Type": "Aggregate",
      "Strategy": "Plain",
      "Partial Mode": "Finalize",
      "Parallel Aware": false,
      "Startup Cost": 755179.16,
      "Total Cost": 755179.17,
      "Plan Rows": 1,
      "Plan Width": 64,
      "Actual Startup Time": 4258.944,
      "Actual Total Time": 4454.224,
      "Actual Rows": 1,
      "Actual Loops": 1,
      "Plans": [
        {
          "Node Type": "Gather",
          "Parent Relationship": "Outer",
          "Parallel Aware": false,
          "Startup Cost": 755179.05,
          "Total Cost": 755179.16,
          "Plan Rows": 1,
          "Plan Width": 64,
          "Actual Startup Time": 4258.754,
          "Actual Total Time": 4454.208,
          "Actual Rows": 2,
          "Actual Loops": 1,
          "Workers Planned": 1,
          "Workers Launched": 1,
          "Single Copy": false,
          "Plans": [
            {
              "Node Type": "Aggregate",
              "Strategy": "Plain",
              "Partial Mode": "Partial",
              "Parent Relationship": "Outer",
              "Parallel Aware": false,
              "Startup Cost": 754179.05,
              "Total Cost": 754179.06,
              "Plan Rows": 1,
              "Plan Width": 64,
              "Actual Startup Time": 4251.62,
              "Actual Total Time": 4251.649,
              "Actual Rows": 1,
              "Actual Loops": 2,
              "Plans": [
                {
                  "Node Type": "Hash Join",
                  "Parent Relationship": "Outer",
                  "Parallel Aware": true,
                  "Join Type": "Inner",
                  "Startup Cost": 749268.1,
                  "Total Cost": 754179.04,
                  "Plan Rows": 1,
                  "Plan Width": 32,
                  "Actual Startup Time": 4244.319,
                  "Actual Total Time": 4251.637,
                  "Actual Rows": 4,
                  "Actual Loops": 2,
                  "Inner Unique": false,
                  "Hash Cond": "(cn.id = mc.company_id)",
                  "Plans": [
                    {
                      "Node Type": "Seq Scan",
                      "Parent Relationship": "Outer",
                      "Parallel Aware": true,
                      "Relation Name": "company_name",
                      "Alias": "cn",
                      "Startup Cost": 0.0,
                      "Total Cost": 4722.92,
                      "Plan Rows": 50137,
                      "Plan Width": 4,
                      "Actual Startup Time": 0.013,
                      "Actual Total Time": 14.518,
                      "Actual Rows": 42422,
                      "Actual Loops": 2,
                      "Filter": "((country_code)::text = '[us]'::text)",
                      "Rows Removed by Filter": 75077
                    },
                    {
                      "Node Type": "Hash",
                      "Parent Relationship": "Inner",
                      "Parallel Aware": true,
                      "Startup Cost": 749268.09,
                      "Total Cost": 749268.09,
                      "Plan Rows": 1,
                      "Plan Width": 36,
                      "Actual Startup Time": 4234.067,
                      "Actual Total Time": 4234.094,
                      "Actual Rows": 4,
                      "Actual Loops": 2,
                      "Hash Buckets": 1024,
                      "Original Hash Buckets": 1024,
                      "Hash Batches": 1,
                      "Original Hash Batches": 1,
                      "Peak Memory Usage": 40,
                      "Plans": [
                        {
                          "Node Type": "Hash Join",
                          "Parent Relationship": "Outer",
                          "Parallel Aware": true,
                          "Join Type": "Inner",
                          "Startup Cost": 715630.12,
                          "Total Cost": 749268.09,
                          "Plan Rows": 1,
                          "Plan Width": 36,
                          "Actual Startup Time": 4139.808,
                          "Actual Total Time": 4234.046,
                          "Actual Rows": 4,
                          "Actual Loops": 2,
                          "Inner Unique": false,
                          "Hash Cond": "(mc.movie_id = t.id)",
                          "Plans": [
                            {
                              "Node Type": "Seq Scan",
                              "Parent Relationship": "Outer",
                              "Parallel Aware": true,
                              "Relation Name": "movie_companies",
                              "Alias": "mc",
                              "Startup Cost": 0.0,
                              "Total Cost": 33518.95,
                              "Plan Rows": 31735,
                              "Plan Width": 8,
                              "Actual Startup Time": 0.018,
                              "Actual Total Time": 184.259,
                              "Actual Rows": 99260,
                              "Actual Loops": 2,
                              "Filter": "((note ~~ '%(200%)%'::text) AND ((note ~~ '%(USA)%'::text) OR (note ~~ '%(worldwide)%'::text)))",
                              "Rows Removed by Filter": 1205305
                            },
                            {
                              "Node Type": "Hash",
                              "Parent Relationship": "Inner",
                              "Parallel Aware": true,
                              "Startup Cost": 715630.1,
                              "Total Cost": 715630.1,
                              "Plan Rows": 1,
                              "Plan Width": 44,
                              "Actual Startup Time": 4043.509,
                              "Actual Total Time": 4043.534,
                              "Actual Rows": 4,
                              "Actual Loops": 2,
                              "Hash Buckets": 1024,
                              "Original Hash Buckets": 1024,
                              "Hash Batches": 1,
                              "Original Hash Batches": 1,
                              "Peak Memory Usage": 40,
                              "Plans": [
                                {
                                  "Node Type": "Hash Join",
                                  "Parent Relationship": "Outer",
                                  "Parallel Aware": true,
                                  "Join Type": "Inner",
                                  "Startup Cost": 668358.84,
                                  "Total Cost": 715630.1,
                                  "Plan Rows": 1,
                                  "Plan Width": 44,
                                  "Actual Startup Time": 4010.863,
                                  "Actual Total Time": 4043.516,
                                  "Actual Rows": 4,
                                  "Actual Loops": 2,
                                  "Inner Unique": false,
                                  "Hash Cond": "(chn.id = ci.person_role_id)",
                                  "Plans": [
                                    {
                                      "Node Type": "Seq Scan",
                                      "Parent Relationship": "Outer",
                                      "Parallel Aware": true,
                                      "Relation Name": "char_name",
                                      "Alias": "chn",
                                      "Startup Cost": 0.0,
                                      "Total Cost": 44325.46,
                                      "Plan Rows": 785546,
                                      "Plan Width": 4,
                                      "Actual Startup Time": 0.007,
                                      "Actual Total Time": 166.378,
                                      "Actual Rows": 1570170,
                                      "Actual Loops": 2
                                    },
                                    {
                                      "Node Type": "Hash",
                                      "Parent Relationship": "Inner",
                                      "Parallel Aware": true,
                                      "Startup Cost": 668358.83,
                                      "Total Cost": 668358.83,
                                      "Plan Rows": 1,
                                      "Plan Width": 48,
                                      "Actual Startup Time": 3787.441,
                                      "Actual Total Time": 3787.464,
                                      "Actual Rows": 4,
                                      "Actual Loops": 2,
                                      "Hash Buckets": 1024,
                                      "Original Hash Buckets": 1024,
                                      "Hash Batches": 1,
                                      "Original Hash Batches": 1,
                                      "Peak Memory Usage": 72,
                                      "Plans": [
                                        {
                                          "Node Type": "Hash Join",
                                          "Parent Relationship": "Outer",
                                          "Parallel Aware": true,
                                          "Join Type": "Inner",
                                          "Startup Cost": 653292.0,
                                          "Total Cost": 668358.83,
                                          "Plan Rows": 1,
                                          "Plan Width": 48,
                                          "Actual Startup Time": 3769.728,
                                          "Actual Total Time": 3787.406,
                                          "Actual Rows": 4,
                                          "Actual Loops": 2,
                                          "Inner Unique": false,
                                          "Hash Cond": "(n.id = ci.person_id)",
                                          "Plans": [
                                            {
                                              "Node Type": "Hash Join",
                                              "Parent Relationship": "Outer",
                                              "Parallel Aware": true,
                                              "Join Type": "Inner",
                                              "Startup Cost": 71240.4,
                                              "Total Cost": 86307.19,
                                              "Plan Rows": 7,
                                              "Plan Width": 23,
                                              "Actual Startup Time": 405.89,
                                              "Actual Total Time": 505.087,
                                              "Actual Rows": 114,
                                              "Actual Loops": 2,
                                              "Inner Unique": true,
                                              "Hash Cond": "(an.person_id = n.id)",
                                              "Plans": [
                                                {
                                                  "Node Type": "Seq Scan",
                                                  "Parent Relationship": "Outer",
                                                  "Parallel Aware": true,
                                                  "Relation Name": "aka_name",
                                                  "Alias": "an",
                                                  "Startup Cost": 0.0,
                                                  "Total Cost": 14303.56,
                                                  "Plan Rows": 290756,
                                                  "Plan Width": 4,
                                                  "Actual Startup Time": 0.056,
                                                  "Actual Total Time": 62.148,
                                                  "Actual Rows": 450672,
                                                  "Actual Loops": 2
                                                },
                                                {
                                                  "Node Type": "Hash",
                                                  "Parent Relationship": "Inner",
                                                  "Parallel Aware": true,
                                                  "Startup Cost": 71240.1,
                                                  "Total Cost": 71240.1,
                                                  "Plan Rows": 24,
                                                  "Plan Width": 19,
                                                  "Actual Startup Time": 402.635,
                                                  "Actual Total Time": 402.636,
                                                  "Actual Rows": 746,
                                                  "Actual Loops": 2,
                                                  "Hash Buckets": 2048,
                                                  "Original Hash Buckets": 1024,
                                                  "Hash Batches": 1,
                                                  "Original Hash Batches": 1,
                                                  "Peak Memory Usage": 152,
                                                  "Plans": [
                                                    {
                                                      "Node Type": "Seq Scan",
                                                      "Parent Relationship": "Outer",
                                                      "Parallel Aware": true,
                                                      "Relation Name": "name",
                                                      "Alias": "n",
                                                      "Startup Cost": 0.0,
                                                      "Total Cost": 71240.1,
                                                      "Plan Rows": 24,
                                                      "Plan Width": 19,
                                                      "Actual Startup Time": 128.208,
                                                      "Actual Total Time": 296.55,
                                                      "Actual Rows": 746,
                                                      "Actual Loops": 2,
                                                      "Filter": "((name ~~ '%Wendy%'::text) AND ((gender)::text = 'f'::text))",
                                                      "Rows Removed by Filter": 2082999
                                                    }
                                                  ]
                                                }
                                              ]
                                            },
                                            {
                                              "Node Type": "Hash",
                                              "Parent Relationship": "Inner",
                                              "Parallel Aware": true,
                                              "Startup Cost": 582051.58,
                                              "Total Cost": 582051.58,
                                              "Plan Rows": 1,
                                              "Plan Width": 37,
                                              "Actual Startup Time": 3282.21,
                                              "Actual Total Time": 3282.226,
                                              "Actual Rows": 1,
                                              "Actual Loops": 2,
                                              "Hash Buckets": 1024,
                                              "Original Hash Buckets": 1024,
                                              "Hash Batches": 1,
                                              "Original Hash Batches": 1,
                                              "Peak Memory Usage": 40,
                                              "Plans": [
                                                {
                                                  "Node Type": "Hash Join",
                                                  "Parent Relationship": "Outer",
                                                  "Parallel Aware": true,
                                                  "Join Type": "Inner",
                                                  "Startup Cost": 375540.95,
                                                  "Total Cost": 582051.58,
                                                  "Plan Rows": 1,
                                                  "Plan Width": 37,
                                                  "Actual Startup Time": 2873.882,
                                                  "Actual Total Time": 3282.193,
                                                  "Actual Rows": 1,
                                                  "Actual Loops": 2,
                                                  "Inner Unique": false,
                                                  "Hash Cond": "(mi.movie_id = t.id)",
                                                  "Plans": [
                                                    {
                                                      "Node Type": "Hash Join",
                                                      "Parent Relationship": "Outer",
                                                      "Parallel Aware": false,
                                                      "Join Type": "Inner",
                                                      "Startup Cost": 2.43,
                                                      "Total Cost": 206513.03,
                                                      "Plan Rows": 3,
                                                      "Plan Width": 4,
                                                      "Actual Startup Time": 345.483,
                                                      "Actual Total Time": 1165.473,
                                                      "Actual Rows": 34739,
                                                      "Actual Loops": 2,
                                                      "Inner Unique": true,
                                                      "Hash Cond": "(mi.info_type_id = it.id)",
                                                      "Plans": [
                                                        {
                                                          "Node Type": "Seq Scan",
                                                          "Parent Relationship": "Outer",
                                                          "Parallel Aware": true,
                                                          "Relation Name": "movie_info",
                                                          "Alias": "mi",
                                                          "Startup Cost": 0.0,
                                                          "Total Cost": 206509.76,
                                                          "Plan Rows": 309,
                                                          "Plan Width": 8,
                                                          "Actual Startup Time": 345.398,
                                                          "Actual Total Time": 1159.695,
                                                          "Actual Rows": 34739,
                                                          "Actual Loops": 2,
                                                          "Filter": "((info IS NOT NULL) AND ((info ~~ 'Japan:%2007%'::text) OR (info ~~ 'USA:%2008%'::text)))",
                                                          "Rows Removed by Filter": 7383121
                                                        },
                                                        {
                                                          "Node Type": "Hash",
                                                          "Parent Relationship": "Inner",
                                                          "Parallel Aware": false,
                                                          "Startup Cost": 2.41,
                                                          "Total Cost": 2.41,
                                                          "Plan Rows": 1,
                                                          "Plan Width": 4,
                                                          "Actual Startup Time": 0.042,
                                                          "Actual Total Time": 0.043,
                                                          "Actual Rows": 1,
                                                          "Actual Loops": 2,
                                                          "Hash Buckets": 1024,
                                                          "Original Hash Buckets": 1024,
                                                          "Hash Batches": 1,
                                                          "Original Hash Batches": 1,
                                                          "Peak Memory Usage": 9,
                                                          "Plans": [
                                                            {
                                                              "Node Type": "Seq Scan",
                                                              "Parent Relationship": "Outer",
                                                              "Parallel Aware": false,
                                                              "Relation Name": "info_type",
                                                              "Alias": "it",
                                                              "Startup Cost": 0.0,
                                                              "Total Cost": 2.41,
                                                              "Plan Rows": 1,
                                                              "Plan Width": 4,
                                                              "Actual Startup Time": 0.03,
                                                              "Actual Total Time": 0.035,
                                                              "Actual Rows": 1,
                                                              "Actual Loops": 2,
                                                              "Filter": "((info)::text = 'release dates'::text)",
                                                              "Rows Removed by Filter": 112
                                                            }
                                                          ]
                                                        }
                                                      ]
                                                    },
                                                    {
                                                      "Node Type": "Hash",
                                                      "Parent Relationship": "Inner",
                                                      "Parallel Aware": true,
                                                      "Startup Cost": 375538.52,
                                                      "Total Cost": 375538.52,
                                                      "Plan Rows": 1,
                                                      "Plan Width": 33,
                                                      "Actual Startup Time": 2113.871,
                                                      "Actual Total Time": 2113.881,
                                                      "Actual Rows": 2,
                                                      "Actual Loops": 2,
                                                      "Hash Buckets": 1024,
                                                      "Original Hash Buckets": 1024,
                                                      "Hash Batches": 1,
                                                      "Original Hash Batches": 1,
                                                      "Peak Memory Usage": 72,
                                                      "Plans": [
                                                        {
                                                          "Node Type": "Hash Join",
                                                          "Parent Relationship": "Outer",
                                                          "Parallel Aware": false,
                                                          "Join Type": "Inner",
                                                          "Startup Cost": 47060.17,
                                                          "Total Cost": 375538.52,
                                                          "Plan Rows": 1,
                                                          "Plan Width": 33,
                                                          "Actual Startup Time": 1056.501,
                                                          "Actual Total Time": 2113.797,
                                                          "Actual Rows": 2,
                                                          "Actual Loops": 2,
                                                          "Inner Unique": true,
                                                          "Hash Cond": "(ci.role_id = rt.id)",
                                                          "Plans": [
                                                            {
                                                              "Node Type": "Hash Join",
                                                              "Parent Relationship": "Outer",
                                                              "Parallel Aware": true,
                                                              "Join Type": "Inner",
                                                              "Startup Cost": 47059.01,
                                                              "Total Cost": 375537.35,
                                                              "Plan Rows": 2,
                                                              "Plan Width": 37,
                                                              "Actual Startup Time": 308.346,
                                                              "Actual Total Time": 2113.666,
                                                              "Actual Rows": 9,
                                                              "Actual Loops": 2,
                                                              "Inner Unique": true,
                                                              "Hash Cond": "(ci.movie_id = t.id)",
                                                              "Plans": [
                                                                {
                                                                  "Node Type": "Seq Scan",
                                                                  "Parent Relationship": "Outer",
                                                                  "Parallel Aware": true,
                                                                  "Relation Name": "cast_info",
                                                                  "Alias": "ci",
                                                                  "Startup Cost": 0.0,
                                                                  "Total Cost": 328163.97,
                                                                  "Plan Rows": 119757,
                                                                  "Plan Width": 16,
                                                                  "Actual Startup Time": 0.022,
                                                                  "Actual Total Time": 1799.517,
                                                                  "Actual Rows": 356914,
                                                                  "Actual Loops": 2,
                                                                  "Filter": "(note = '(voice)'::text)",
                                                                  "Rows Removed by Filter": 17765258
                                                                },
                                                                {
                                                                  "Node Type": "Hash",
                                                                  "Parent Relationship": "Inner",
                                                                  "Parallel Aware": true,
                                                                  "Startup Cost": 47058.86,
                                                                  "Total Cost": 47058.86,
                                                                  "Plan Rows": 12,
                                                                  "Plan Width": 21,
                                                                  "Actual Startup Time": 283.432,
                                                                  "Actual Total Time": 283.433,
                                                                  "Actual Rows": 17,
                                                                  "Actual Loops": 2,
                                                                  "Hash Buckets": 1024,
                                                                  "Original Hash Buckets": 1024,
                                                                  "Hash Batches": 1,
                                                                  "Original Hash Batches": 1,
                                                                  "Peak Memory Usage": 72,
                                                                  "Plans": [
                                                                    {
                                                                      "Node Type": "Seq Scan",
                                                                      "Parent Relationship": "Outer",
                                                                      "Parallel Aware": true,
                                                                      "Relation Name": "title",
                                                                      "Alias": "t",
                                                                      "Startup Cost": 0.0,
                                                                      "Total Cost": 47058.86,
                                                                      "Plan Rows": 12,
                                                                      "Plan Width": 21,
                                                                      "Actual Startup Time": 24.596,
                                                                      "Actual Total Time": 283.365,
                                                                      "Actual Rows": 17,
                                                                      "Actual Loops": 2,
                                                                      "Filter": "((title ~~ '%Choose%'::text) AND (production_year >= 2004) AND (production_year <= 2008))",
                                                                      "Rows Removed by Filter": 1264139
                                                                    }
                                                                  ]
                                                                }
                                                              ]
                                                            },
                                                            {
                                                              "Node Type": "Hash",
                                                              "Parent Relationship": "Inner",
                                                              "Parallel Aware": false,
                                                              "Startup Cost": 1.15,
                                                              "Total Cost": 1.15,
                                                              "Plan Rows": 1,
                                                              "Plan Width": 4,
                                                              "Actual Startup Time": 0.074,
                                                              "Actual Total Time": 0.075,
                                                              "Actual Rows": 1,
                                                              "Actual Loops": 2,
                                                              "Hash Buckets": 1024,
                                                              "Original Hash Buckets": 1024,
                                                              "Hash Batches": 1,
                                                              "Original Hash Batches": 1,
                                                              "Peak Memory Usage": 9,
                                                              "Plans": [
                                                                {
                                                                  "Node Type": "Seq Scan",
                                                                  "Parent Relationship": "Outer",
                                                                  "Parallel Aware": false,
                                                                  "Relation Name": "role_type",
                                                                  "Alias": "rt",
                                                                  "Startup Cost": 0.0,
                                                                  "Total Cost": 1.15,
                                                                  "Plan Rows": 1,
                                                                  "Plan Width": 4,
                                                                  "Actual Startup Time": 0.048,
                                                                  "Actual Total Time": 0.052,
                                                                  "Actual Rows": 1,
                                                                  "Actual Loops": 2,
                                                                  "Filter": "((role)::text = 'actress'::text)",
                                                                  "Rows Removed by Filter": 11
                                                                }
                                                              ]
                                                            }
                                                          ]
                                                        }
                                                      ]
                                                    }
                                                  ]
                                                }
                                              ]
                                            }
                                          ]
                                        }
                                      ]
                                    }
                                  ]
                                }
                              ]
                            }
                          ]
                        }
                      ]
                    }
                  ]
                }
              ]
            }
          ]
        }
      ]
    },
    "Planning Time": 43.818,
    "Triggers": [],
    "Execution Time": 4454.798
  }
]