[
  {
    "Plan": {
      "Node Type": "Aggregate",
      "Strategy": "Plain",
      "Partial Mode": "Finalize",
      "Parallel Aware": false,
      "Startup Cost": 46933.97,
      "Total Cost": 46933.98,
      "Plan Rows": 1,
      "Plan Width": 8,
      "Actual Startup Time": 101.405,
      "Actual Total Time": 113.306,
      "Actual Rows": 1,
      "Actual Loops": 1,
      "Plans": [
        {
          "Node Type": "Gather",
          "Parent Relationship": "Outer",
          "Parallel Aware": false,
          "Startup Cost": 46933.55,
          "Total Cost": 46933.96,
          "Plan Rows": 4,
          "Plan Width": 8,
          "Actual Startup Time": 101.262,
          "Actual Total Time": 113.299,
          "Actual Rows": 5,
          "Actual Loops": 1,
          "Workers Planned": 4,
          "Workers Launched": 4,
          "Single Copy": false,
          "Plans": [
            {
              "Node Type": "Aggregate",
              "Strategy": "Plain",
              "Partial Mode": "Partial",
              "Parent Relationship": "Outer",
              "Parallel Aware": false,
              "Startup Cost": 45933.55,
              "Total Cost": 45933.56,
              "Plan Rows": 1,
              "Plan Width": 8,
              "Actual Startup Time": 92.483,
              "Actual Total Time": 92.485,
              "Actual Rows": 1,
              "Actual Loops": 5,
              "Plans": [
                {
                  "Node Type": "Seq Scan",
                  "Parent Relationship": "Outer",
                  "Parallel Aware": true,
                  "Relation Name": "title",
                  "Alias": "t",
                  "Startup Cost": 0.0,
                  "Total Cost": 45479.1,
                  "Plan Rows": 181781,
                  "Plan Width": 0,
                  "Actual Startup Time": 0.048,
                  "Actual Total Time": 86.574,
                  "Actual Rows": 125128,
                  "Actual Loops": 5,
                  "Filter": "((kind_id < 6) AND (production_year > 1984))",
                  "Rows Removed by Filter": 380534
                }
              ]
            }
          ]
        }
      ]
    },
    "Planning Time": 0.182,
    "Triggers": [],
    "Execution Time": 113.365
  }
]