{
  "Plan": {
    "Node Type": "Aggregate",
    "Strategy": "Plain",
    "Partial Mode": "Finalize",
    "Parallel Aware": false,
    "Startup Cost": 20037.07,
    "Total Cost": 20037.08,
    "Plan Rows": 1,
    "Plan Width": 8,
    "Actual Startup Time": 23.82,
    "Actual Total Time": 26.986,
    "Actual Rows": 1,
    "Actual Loops": 1,
    "Plans": [
      {
        "Node Type": "Gather",
        "Parent Relationship": "Outer",
        "Parallel Aware": false,
        "Startup Cost": 20036.95,
        "Total Cost": 20037.06,
        "Plan Rows": 1,
        "Plan Width": 8,
        "Actual Startup Time": 23.702,
        "Actual Total Time": 26.979,
        "Actual Rows": 2,
        "Actual Loops": 1,
        "Workers Planned": 1,
        "Workers Launched": 1,
        "Single Copy": false,
        "Plans": [
          {
            "Node Type": "Aggregate",
            "Strategy": "Plain",
            "Partial Mode": "Partial",
            "Parent Relationship": "Outer",
            "Parallel Aware": false,
            "Startup Cost": 19036.95,
            "Total Cost": 19036.96,
            "Plan Rows": 1,
            "Plan Width": 8,
            "Actual Startup Time": 19.568,
            "Actual Total Time": 19.569,
            "Actual Rows": 1,
            "Actual Loops": 2,
            "Plans": [
              {
                "Node Type": "Nested Loop",
                "Parent Relationship": "Outer",
                "Parallel Aware": false,
                "Join Type": "Inner",
                "Startup Cost": 87.36,
                "Total Cost": 19035.82,
                "Plan Rows": 454,
                "Plan Width": 0,
                "Actual Startup Time": 2.044,
                "Actual Total Time": 19.335,
                "Actual Rows": 1083,
                "Actual Loops": 2,
                "Inner Unique": true,
                "Plans": [
                  {
                    "Node Type": "Bitmap Heap Scan",
                    "Parent Relationship": "Outer",
                    "Parallel Aware": true,
                    "Relation Name": "movie_companies",
                    "Alias": "mc",
                    "Startup Cost": 86.93,
                    "Total Cost": 9829.43,
                    "Plan Rows": 1158,
                    "Plan Width": 4,
                    "Actual Startup Time": 1.93,
                    "Actual Total Time": 8.157,
                    "Actual Rows": 1083,
                    "Actual Loops": 2,
                    "Recheck Cond": "(company_id = 474)",
                    "Rows Removed by Index Recheck": 0,
                    "Filter": "(company_type_id < 2)",
                    "Rows Removed by Filter": 878,
                    "Exact Heap Blocks": 2515,
                    "Lossy Heap Blocks": 0,
                    "Plans": [
                      {
                        "Node Type": "Bitmap Index Scan",
                        "Parent Relationship": "Outer",
                        "Parallel Aware": false,
                        "Index Name": "company_id_movie_companies",
                        "Startup Cost": 0.0,
                        "Total Cost": 86.44,
                        "Plan Rows": 4001,
                        "Plan Width": 0,
                        "Actual Startup Time": 2.513,
                        "Actual Total Time": 2.513,
                        "Actual Rows": 3921,
                        "Actual Loops": 1,
                        "Index Cond": "(company_id = 474)"
                      }
                    ]
                  },
                  {
                    "Node Type": "Index Scan",
                    "Parent Relationship": "Inner",
                    "Parallel Aware": false,
                    "Scan Direction": "Forward",
                    "Index Name": "title_pkey",
                    "Relation Name": "title",
                    "Alias": "t",
                    "Startup Cost": 0.43,
                    "Total Cost": 7.95,
                    "Plan Rows": 1,
                    "Plan Width": 4,
                    "Actual Startup Time": 0.01,
                    "Actual Total Time": 0.01,
                    "Actual Rows": 1,
                    "Actual Loops": 2166,
                    "Index Cond": "(id = mc.movie_id)",
                    "Rows Removed by Index Recheck": 0,
                    "Filter": "(kind_id < 7)",
                    "Rows Removed by Filter": 0
                  }
                ]
              }
            ]
          }
        ]
      }
    ]
  },
  "Planning Time": 0.594,
  "Triggers": [],
  "Execution Time": 27.067
}