[
    {
        "Bao": {
            "Bao prediction": 462.82,
            "Bao recommended hint": "SET enable_mergejoin TO off; SET enable_indexscan TO off; "
        }
    },
    {
        "Plan": {
            "Node Type": "Aggregate",
            "Strategy": "Plain",
            "Partial Mode": "Finalize",
            "Parallel Aware": false,
            "Startup Cost": 346944.37,
            "Total Cost": 346944.38,
            "Plan Rows": 1,
            "Plan Width": 8,
            "Actual Startup Time": 851.541,
            "Actual Total Time": 882.672,
            "Actual Rows": 1,
            "Actual Loops": 1,
            "Output": [
                "count(*)"
            ],
            "Plans": [
                {
                    "Node Type": "Gather",
                    "Parent Relationship": "Outer",
                    "Parallel Aware": false,
                    "Startup Cost": 346943.74,
                    "Total Cost": 346944.35,
                    "Plan Rows": 6,
                    "Plan Width": 8,
                    "Actual Startup Time": 851.399,
                    "Actual Total Time": 882.663,
                    "Actual Rows": 7,
                    "Actual Loops": 1,
                    "Output": [
                        "(PARTIAL count(*))"
                    ],
                    "Workers Planned": 6,
                    "Workers Launched": 6,
                    "Single Copy": false,
                    "Plans": [
                        {
                            "Node Type": "Aggregate",
                            "Strategy": "Plain",
                            "Partial Mode": "Partial",
                            "Parent Relationship": "Outer",
                            "Parallel Aware": false,
                            "Startup Cost": 345943.74,
                            "Total Cost": 345943.76,
                            "Plan Rows": 1,
                            "Plan Width": 8,
                            "Actual Startup Time": 842.067,
                            "Actual Total Time": 842.068,
                            "Actual Rows": 1,
                            "Actual Loops": 7,
                            "Output": [
                                "PARTIAL count(*)"
                            ],
                            "Workers": [
                                {
                                    "Worker Number": 0,
                                    "Actual Startup Time": 839.838,
                                    "Actual Total Time": 839.839,
                                    "Actual Rows": 1,
                                    "Actual Loops": 1
                                },
                                {
                                    "Worker Number": 1,
                                    "Actual Startup Time": 840.395,
                                    "Actual Total Time": 840.396,
                                    "Actual Rows": 1,
                                    "Actual Loops": 1
                                },
                                {
                                    "Worker Number": 2,
                                    "Actual Startup Time": 840.522,
                                    "Actual Total Time": 840.523,
                                    "Actual Rows": 1,
                                    "Actual Loops": 1
                                },
                                {
                                    "Worker Number": 3,
                                    "Actual Startup Time": 840.58,
                                    "Actual Total Time": 840.581,
                                    "Actual Rows": 1,
                                    "Actual Loops": 1
                                },
                                {
                                    "Worker Number": 4,
                                    "Actual Startup Time": 841.176,
                                    "Actual Total Time": 841.177,
                                    "Actual Rows": 1,
                                    "Actual Loops": 1
                                },
                                {
                                    "Worker Number": 5,
                                    "Actual Startup Time": 841.381,
                                    "Actual Total Time": 841.382,
                                    "Actual Rows": 1,
                                    "Actual Loops": 1
                                }
                            ],
                            "Plans": [
                                {
                                    "Node Type": "Seq Scan",
                                    "Parent Relationship": "Outer",
                                    "Parallel Aware": true,
                                    "Relation Name": "cast_info",
                                    "Schema": "public",
                                    "Alias": "ci",
                                    "Startup Cost": 0.0,
                                    "Total Cost": 343318.94,
                                    "Plan Rows": 1049922,
                                    "Plan Width": 0,
                                    "Actual Startup Time": 268.739,
                                    "Actual Total Time": 779.155,
                                    "Actual Rows": 1064568,
                                    "Actual Loops": 7,
                                    "Output": [
                                        "id",
                                        "person_id",
                                        "movie_id",
                                        "person_role_id",
                                        "note",
                                        "nr_order",
                                        "role_id"
                                    ],
                                    "Filter": "((ci.person_id < 3082083) AND (ci.role_id = 2))",
                                    "Rows Removed by Filter": 4113196,
                                    "Workers": [
                                        {
                                            "Worker Number": 0,
                                            "Actual Startup Time": 266.502,
                                            "Actual Total Time": 777.974,
                                            "Actual Rows": 938286,
                                            "Actual Loops": 1
                                        },
                                        {
                                            "Worker Number": 1,
                                            "Actual Startup Time": 267.07,
                                            "Actual Total Time": 777.65,
                                            "Actual Rows": 950038,
                                            "Actual Loops": 1
                                        },
                                        {
                                            "Worker Number": 2,
                                            "Actual Startup Time": 267.196,
                                            "Actual Total Time": 778.033,
                                            "Actual Rows": 946626,
                                            "Actual Loops": 1
                                        },
                                        {
                                            "Worker Number": 3,
                                            "Actual Startup Time": 267.24,
                                            "Actual Total Time": 778.711,
                                            "Actual Rows": 937163,
                                            "Actual Loops": 1
                                        },
                                        {
                                            "Worker Number": 4,
                                            "Actual Startup Time": 267.857,
                                            "Actual Total Time": 778.668,
                                            "Actual Rows": 947946,
                                            "Actual Loops": 1
                                        },
                                        {
                                            "Worker Number": 5,
                                            "Actual Startup Time": 268.057,
                                            "Actual Total Time": 778.847,
                                            "Actual Rows": 947648,
                                            "Actual Loops": 1
                                        }
                                    ]
                                }
                            ]
                        }
                    ]
                }
            ]
        },
        "Planning Time": 325.813,
        "Triggers": [],
        "Execution Time": 882.752
    }
]