{
    "Plan": {
        "Node Type": "Aggregate",
        "Strategy": "Plain",
        "Partial Mode": "Finalize",
        "Parallel Aware": false,
        "Startup Cost": 450818.52,
        "Total Cost": 450818.53,
        "Plan Rows": 1,
        "Plan Width": 8,
        "Actual Startup Time": 4447.812,
        "Actual Total Time": 4502.54,
        "Actual Rows": 1,
        "Actual Loops": 1,
        "Output": [
            "count(*)"
        ],
        "Plans": [
            {
                "Node Type": "Gather",
                "Parent Relationship": "Outer",
                "Parallel Aware": false,
                "Startup Cost": 450817.9,
                "Total Cost": 450818.51,
                "Plan Rows": 6,
                "Plan Width": 8,
                "Actual Startup Time": 4412.563,
                "Actual Total Time": 4502.524,
                "Actual Rows": 7,
                "Actual Loops": 1,
                "Output": [
                    "(PARTIAL count(*))"
                ],
                "Workers Planned": 6,
                "Workers Launched": 6,
                "Single Copy": false,
                "Plans": [
                    {
                        "Node Type": "Aggregate",
                        "Strategy": "Plain",
                        "Partial Mode": "Partial",
                        "Parent Relationship": "Outer",
                        "Parallel Aware": false,
                        "Startup Cost": 449817.9,
                        "Total Cost": 449817.91,
                        "Plan Rows": 1,
                        "Plan Width": 8,
                        "Actual Startup Time": 4397.254,
                        "Actual Total Time": 4397.917,
                        "Actual Rows": 1,
                        "Actual Loops": 7,
                        "Output": [
                            "PARTIAL count(*)"
                        ],
                        "Workers": [
                            {
                                "Worker Number": 0,
                                "Actual Startup Time": 4394.312,
                                "Actual Total Time": 4394.315,
                                "Actual Rows": 1,
                                "Actual Loops": 1
                            },
                            {
                                "Worker Number": 1,
                                "Actual Startup Time": 4396.991,
                                "Actual Total Time": 4396.996,
                                "Actual Rows": 1,
                                "Actual Loops": 1
                            },
                            {
                                "Worker Number": 2,
                                "Actual Startup Time": 4394.48,
                                "Actual Total Time": 4394.495,
                                "Actual Rows": 1,
                                "Actual Loops": 1
                            },
                            {
                                "Worker Number": 3,
                                "Actual Startup Time": 4394.613,
                                "Actual Total Time": 4394.617,
                                "Actual Rows": 1,
                                "Actual Loops": 1
                            },
                            {
                                "Worker Number": 4,
                                "Actual Startup Time": 4394.449,
                                "Actual Total Time": 4394.453,
                                "Actual Rows": 1,
                                "Actual Loops": 1
                            },
                            {
                                "Worker Number": 5,
                                "Actual Startup Time": 4394.45,
                                "Actual Total Time": 4394.454,
                                "Actual Rows": 1,
                                "Actual Loops": 1
                            }
                        ],
                        "Plans": [
                            {
                                "Node Type": "Hash Join",
                                "Parent Relationship": "Outer",
                                "Parallel Aware": true,
                                "Join Type": "Inner",
                                "Startup Cost": 88604.17,
                                "Total Cost": 438707.04,
                                "Plan Rows": 4444343,
                                "Plan Width": 0,
                                "Actual Startup Time": 749.386,
                                "Actual Total Time": 4012.584,
                                "Actual Rows": 8723999,
                                "Actual Loops": 7,
                                "Inner Unique": false,
                                "Hash Cond": "(ci.movie_id = t.id)",
                                "Workers": [
                                    {
                                        "Worker Number": 0,
                                        "Actual Startup Time": 746.76,
                                        "Actual Total Time": 3972.235,
                                        "Actual Rows": 7886611,
                                        "Actual Loops": 1
                                    },
                                    {
                                        "Worker Number": 1,
                                        "Actual Startup Time": 746.916,
                                        "Actual Total Time": 3985.801,
                                        "Actual Rows": 6685196,
                                        "Actual Loops": 1
                                    },
                                    {
                                        "Worker Number": 2,
                                        "Actual Startup Time": 746.991,
                                        "Actual Total Time": 4042.948,
                                        "Actual Rows": 8743164,
                                        "Actual Loops": 1
                                    },
                                    {
                                        "Worker Number": 3,
                                        "Actual Startup Time": 747.052,
                                        "Actual Total Time": 4020.327,
                                        "Actual Rows": 9398428,
                                        "Actual Loops": 1
                                    },
                                    {
                                        "Worker Number": 4,
                                        "Actual Startup Time": 746.957,
                                        "Actual Total Time": 4018.197,
                                        "Actual Rows": 9554371,
                                        "Actual Loops": 1
                                    },
                                    {
                                        "Worker Number": 5,
                                        "Actual Startup Time": 747.036,
                                        "Actual Total Time": 4013.618,
                                        "Actual Rows": 9679215,
                                        "Actual Loops": 1
                                    }
                                ],
                                "Plans": [
                                    {
                                        "Node Type": "Seq Scan",
                                        "Parent Relationship": "Outer",
                                        "Parallel Aware": true,
                                        "Relation Name": "cast_info",
                                        "Schema": "public",
                                        "Alias": "ci",
                                        "Startup Cost": 0.0,
                                        "Total Cost": 313108.29,
                                        "Plan Rows": 6042129,
                                        "Plan Width": 4,
                                        "Actual Startup Time": 0.038,
                                        "Actual Total Time": 583.569,
                                        "Actual Rows": 5177763,
                                        "Actual Loops": 7,
                                        "Output": [
                                            "ci.id",
                                            "ci.person_id",
                                            "ci.movie_id",
                                            "ci.person_role_id",
                                            "ci.note",
                                            "ci.nr_order",
                                            "ci.role_id"
                                        ],
                                        "Workers": [
                                            {
                                                "Worker Number": 0,
                                                "Actual Startup Time": 0.042,
                                                "Actual Total Time": 619.781,
                                                "Actual Rows": 4547707,
                                                "Actual Loops": 1
                                            },
                                            {
                                                "Worker Number": 1,
                                                "Actual Startup Time": 0.047,
                                                "Actual Total Time": 616.934,
                                                "Actual Rows": 3944580,
                                                "Actual Loops": 1
                                            },
                                            {
                                                "Worker Number": 2,
                                                "Actual Startup Time": 0.043,
                                                "Actual Total Time": 591.188,
                                                "Actual Rows": 5233240,
                                                "Actual Loops": 1
                                            },
                                            {
                                                "Worker Number": 3,
                                                "Actual Startup Time": 0.035,
                                                "Actual Total Time": 589.914,
                                                "Actual Rows": 5605958,
                                                "Actual Loops": 1
                                            },
                                            {
                                                "Worker Number": 4,
                                                "Actual Startup Time": 0.046,
                                                "Actual Total Time": 588.734,
                                                "Actual Rows": 5659197,
                                                "Actual Loops": 1
                                            },
                                            {
                                                "Worker Number": 5,
                                                "Actual Startup Time": 0.039,
                                                "Actual Total Time": 593.452,
                                                "Actual Rows": 5775898,
                                                "Actual Loops": 1
                                            }
                                        ]
                                    },
                                    {
                                        "Node Type": "Hash",
                                        "Parent Relationship": "Inner",
                                        "Parallel Aware": true,
                                        "Startup Cost": 81105.26,
                                        "Total Cost": 81105.26,
                                        "Plan Rows": 599913,
                                        "Plan Width": 8,
                                        "Actual Startup Time": 744.39,
                                        "Actual Total Time": 745.052,
                                        "Actual Rows": 265431,
                                        "Actual Loops": 7,
                                        "Output": [
                                            "t.id",
                                            "mc.movie_id"
                                        ],
                                        "Hash Buckets": 2097152,
                                        "Original Hash Buckets": 2097152,
                                        "Hash Batches": 1,
                                        "Original Hash Batches": 1,
                                        "Peak Memory Usage": 89184,
                                        "Workers": [
                                            {
                                                "Worker Number": 0,
                                                "Actual Startup Time": 746.026,
                                                "Actual Total Time": 746.029,
                                                "Actual Rows": 226130,
                                                "Actual Loops": 1
                                            },
                                            {
                                                "Worker Number": 1,
                                                "Actual Startup Time": 746.087,
                                                "Actual Total Time": 746.091,
                                                "Actual Rows": 209721,
                                                "Actual Loops": 1
                                            },
                                            {
                                                "Worker Number": 2,
                                                "Actual Startup Time": 746.261,
                                                "Actual Total Time": 746.274,
                                                "Actual Rows": 260111,
                                                "Actual Loops": 1
                                            },
                                            {
                                                "Worker Number": 3,
                                                "Actual Startup Time": 746.393,
                                                "Actual Total Time": 746.396,
                                                "Actual Rows": 279992,
                                                "Actual Loops": 1
                                            },
                                            {
                                                "Worker Number": 4,
                                                "Actual Startup Time": 746.171,
                                                "Actual Total Time": 746.173,
                                                "Actual Rows": 304409,
                                                "Actual Loops": 1
                                            },
                                            {
                                                "Worker Number": 5,
                                                "Actual Startup Time": 746.084,
                                                "Actual Total Time": 746.087,
                                                "Actual Rows": 300196,
                                                "Actual Loops": 1
                                            }
                                        ],
                                        "Plans": [
                                            {
                                                "Node Type": "Hash Join",
                                                "Parent Relationship": "Outer",
                                                "Parallel Aware": true,
                                                "Join Type": "Inner",
                                                "Startup Cost": 50219.81,
                                                "Total Cost": 81105.26,
                                                "Plan Rows": 599913,
                                                "Plan Width": 8,
                                                "Actual Startup Time": 392.766,
                                                "Actual Total Time": 570.093,
                                                "Actual Rows": 265431,
                                                "Actual Loops": 7,
                                                "Output": [
                                                    "t.id",
                                                    "mc.movie_id"
                                                ],
                                                "Inner Unique": true,
                                                "Hash Cond": "(mc.movie_id = t.id)",
                                                "Workers": [
                                                    {
                                                        "Worker Number": 0,
                                                        "Actual Startup Time": 392.822,
                                                        "Actual Total Time": 569.574,
                                                        "Actual Rows": 226130,
                                                        "Actual Loops": 1
                                                    },
                                                    {
                                                        "Worker Number": 1,
                                                        "Actual Startup Time": 392.8,
                                                        "Actual Total Time": 570.492,
                                                        "Actual Rows": 209721,
                                                        "Actual Loops": 1
                                                    },
                                                    {
                                                        "Worker Number": 2,
                                                        "Actual Startup Time": 392.796,
                                                        "Actual Total Time": 570.277,
                                                        "Actual Rows": 260111,
                                                        "Actual Loops": 1
                                                    },
                                                    {
                                                        "Worker Number": 3,
                                                        "Actual Startup Time": 392.678,
                                                        "Actual Total Time": 568.989,
                                                        "Actual Rows": 279992,
                                                        "Actual Loops": 1
                                                    },
                                                    {
                                                        "Worker Number": 4,
                                                        "Actual Startup Time": 392.733,
                                                        "Actual Total Time": 569.224,
                                                        "Actual Rows": 304409,
                                                        "Actual Loops": 1
                                                    },
                                                    {
                                                        "Worker Number": 5,
                                                        "Actual Startup Time": 392.745,
                                                        "Actual Total Time": 570.602,
                                                        "Actual Rows": 300196,
                                                        "Actual Loops": 1
                                                    }
                                                ],
                                                "Plans": [
                                                    {
                                                        "Node Type": "Seq Scan",
                                                        "Parent Relationship": "Outer",
                                                        "Parallel Aware": true,
                                                        "Relation Name": "movie_companies",
                                                        "Schema": "public",
                                                        "Alias": "mc",
                                                        "Startup Cost": 0.0,
                                                        "Total Cost": 29310.68,
                                                        "Plan Rows": 599913,
                                                        "Plan Width": 4,
                                                        "Actual Startup Time": 0.031,
                                                        "Actual Total Time": 58.487,
                                                        "Actual Rows": 265431,
                                                        "Actual Loops": 7,
                                                        "Output": [
                                                            "mc.id",
                                                            "mc.movie_id",
                                                            "mc.company_id",
                                                            "mc.company_type_id",
                                                            "mc.note"
                                                        ],
                                                        "Filter": "(mc.company_id < 36908)",
                                                        "Rows Removed by Filter": 107302,
                                                        "Workers": [
                                                            {
                                                                "Worker Number": 0,
                                                                "Actual Startup Time": 0.039,
                                                                "Actual Total Time": 63.575,
                                                                "Actual Rows": 226130,
                                                                "Actual Loops": 1
                                                            },
                                                            {
                                                                "Worker Number": 1,
                                                                "Actual Startup Time": 0.039,
                                                                "Actual Total Time": 62.279,
                                                                "Actual Rows": 209721,
                                                                "Actual Loops": 1
                                                            },
                                                            {
                                                                "Worker Number": 2,
                                                                "Actual Startup Time": 0.035,
                                                                "Actual Total Time": 59.085,
                                                                "Actual Rows": 260111,
                                                                "Actual Loops": 1
                                                            },
                                                            {
                                                                "Worker Number": 3,
                                                                "Actual Startup Time": 0.034,
                                                                "Actual Total Time": 58.859,
                                                                "Actual Rows": 279992,
                                                                "Actual Loops": 1
                                                            },
                                                            {
                                                                "Worker Number": 4,
                                                                "Actual Startup Time": 0.027,
                                                                "Actual Total Time": 58.108,
                                                                "Actual Rows": 304409,
                                                                "Actual Loops": 1
                                                            },
                                                            {
                                                                "Worker Number": 5,
                                                                "Actual Startup Time": 0.027,
                                                                "Actual Total Time": 58.258,
                                                                "Actual Rows": 300196,
                                                                "Actual Loops": 1
                                                            }
                                                        ]
                                                    },
                                                    {
                                                        "Node Type": "Hash",
                                                        "Parent Relationship": "Inner",
                                                        "Parallel Aware": true,
                                                        "Startup Cost": 42318.81,
                                                        "Total Cost": 42318.81,
                                                        "Plan Rows": 632080,
                                                        "Plan Width": 4,
                                                        "Actual Startup Time": 388.666,
                                                        "Actual Total Time": 388.667,
                                                        "Actual Rows": 361187,
                                                        "Actual Loops": 7,
                                                        "Output": [
                                                            "t.id"
                                                        ],
                                                        "Hash Buckets": 4194304,
                                                        "Original Hash Buckets": 4194304,
                                                        "Hash Batches": 1,
                                                        "Original Hash Batches": 1,
                                                        "Peak Memory Usage": 131776,
                                                        "Workers": [
                                                            {
                                                                "Worker Number": 0,
                                                                "Actual Startup Time": 392.471,
                                                                "Actual Total Time": 392.471,
                                                                "Actual Rows": 367696,
                                                                "Actual Loops": 1
                                                            },
                                                            {
                                                                "Worker Number": 1,
                                                                "Actual Startup Time": 392.484,
                                                                "Actual Total Time": 392.485,
                                                                "Actual Rows": 234802,
                                                                "Actual Loops": 1
                                                            },
                                                            {
                                                                "Worker Number": 2,
                                                                "Actual Startup Time": 392.487,
                                                                "Actual Total Time": 392.488,
                                                                "Actual Rows": 237595,
                                                                "Actual Loops": 1
                                                            },
                                                            {
                                                                "Worker Number": 3,
                                                                "Actual Startup Time": 392.544,
                                                                "Actual Total Time": 392.545,
                                                                "Actual Rows": 415145,
                                                                "Actual Loops": 1
                                                            },
                                                            {
                                                                "Worker Number": 4,
                                                                "Actual Startup Time": 392.426,
                                                                "Actual Total Time": 392.427,
                                                                "Actual Rows": 397441,
                                                                "Actual Loops": 1
                                                            },
                                                            {
                                                                "Worker Number": 5,
                                                                "Actual Startup Time": 392.442,
                                                                "Actual Total Time": 392.443,
                                                                "Actual Rows": 364010,
                                                                "Actual Loops": 1
                                                            }
                                                        ],
                                                        "Plans": [
                                                            {
                                                                "Node Type": "Seq Scan",
                                                                "Parent Relationship": "Outer",
                                                                "Parallel Aware": true,
                                                                "Relation Name": "title",
                                                                "Schema": "public",
                                                                "Alias": "t",
                                                                "Startup Cost": 0.0,
                                                                "Total Cost": 42318.81,
                                                                "Plan Rows": 632080,
                                                                "Plan Width": 4,
                                                                "Actual Startup Time": 0.062,
                                                                "Actual Total Time": 91.267,
                                                                "Actual Rows": 361187,
                                                                "Actual Loops": 7,
                                                                "Output": [
                                                                    "t.id"
                                                                ],
                                                                "Workers": [
                                                                    {
                                                                        "Worker Number": 0,
                                                                        "Actual Startup Time": 0.071,
                                                                        "Actual Total Time": 92.889,
                                                                        "Actual Rows": 367696,
                                                                        "Actual Loops": 1
                                                                    },
                                                                    {
                                                                        "Worker Number": 1,
                                                                        "Actual Startup Time": 0.076,
                                                                        "Actual Total Time": 98.752,
                                                                        "Actual Rows": 234802,
                                                                        "Actual Loops": 1
                                                                    },
                                                                    {
                                                                        "Worker Number": 2,
                                                                        "Actual Startup Time": 0.078,
                                                                        "Actual Total Time": 98.675,
                                                                        "Actual Rows": 237595,
                                                                        "Actual Loops": 1
                                                                    },
                                                                    {
                                                                        "Worker Number": 3,
                                                                        "Actual Startup Time": 0.066,
                                                                        "Actual Total Time": 89.654,
                                                                        "Actual Rows": 415145,
                                                                        "Actual Loops": 1
                                                                    },
                                                                    {
                                                                        "Worker Number": 4,
                                                                        "Actual Startup Time": 0.063,
                                                                        "Actual Total Time": 91.78,
                                                                        "Actual Rows": 397441,
                                                                        "Actual Loops": 1
                                                                    },
                                                                    {
                                                                        "Worker Number": 5,
                                                                        "Actual Startup Time": 0.059,
                                                                        "Actual Total Time": 94.321,
                                                                        "Actual Rows": 364010,
                                                                        "Actual Loops": 1
                                                                    }
                                                                ]
                                                            }
                                                        ]
                                                    }
                                                ]
                                            }
                                        ]
                                    }
                                ]
                            }
                        ]
                    }
                ]
            }
        ]
    },
    "Planning Time": 1.618,
    "Triggers": [],
    "Execution Time": 4502.642
}