[
  {
    "Plan": {
      "Node Type": "Aggregate",
      "Strategy": "Plain",
      "Partial Mode": "Finalize",
      "Parallel Aware": false,
      "Startup Cost": 289600.15,
      "Total Cost": 289600.16,
      "Plan Rows": 1,
      "Plan Width": 8,
      "Actual Startup Time": 1064.86,
      "Actual Total Time": 1110.919,
      "Actual Rows": 1,
      "Actual Loops": 1,
      "Plans": [
        {
          "Node Type": "Gather",
          "Parent Relationship": "Outer",
          "Parallel Aware": false,
          "Startup Cost": 289599.62,
          "Total Cost": 289600.13,
          "Plan Rows": 5,
          "Plan Width": 8,
          "Actual Startup Time": 1057.92,
          "Actual Total Time": 1110.907,
          "Actual Rows": 6,
          "Actual Loops": 1,
          "Workers Planned": 5,
          "Workers Launched": 5,
          "Single Copy": false,
          "Plans": [
            {
              "Node Type": "Aggregate",
              "Strategy": "Plain",
              "Partial Mode": "Partial",
              "Parent Relationship": "Outer",
              "Parallel Aware": false,
              "Startup Cost": 288599.62,
              "Total Cost": 288599.63,
              "Plan Rows": 1,
              "Plan Width": 8,
              "Actual Startup Time": 1047.407,
              "Actual Total Time": 1047.485,
              "Actual Rows": 1,
              "Actual Loops": 6,
              "Plans": [
                {
                  "Node Type": "Hash Join",
                  "Parent Relationship": "Outer",
                  "Parallel Aware": true,
                  "Join Type": "Inner",
                  "Startup Cost": 82116.73,
                  "Total Cost": 286682.22,
                  "Plan Rows": 766962,
                  "Plan Width": 0,
                  "Actual Startup Time": 280.573,
                  "Actual Total Time": 1008.8,
                  "Actual Rows": 905388,
                  "Actual Loops": 6,
                  "Inner Unique": false,
                  "Hash Cond": "(mi.movie_id = t.id)",
                  "Plans": [
                    {
                      "Node Type": "Seq Scan",
                      "Parent Relationship": "Outer",
                      "Parallel Aware": true,
                      "Relation Name": "movie_info",
                      "Alias": "mi",
                      "Startup Cost": 0.0,
                      "Total Cost": 191560.33,
                      "Plan Rows": 2956733,
                      "Plan Width": 4,
                      "Actual Startup Time": 0.036,
                      "Actual Total Time": 302.493,
                      "Actual Rows": 2472620,
                      "Actual Loops": 6
                    },
                    {
                      "Node Type": "Hash",
                      "Parent Relationship": "Inner",
                      "Parallel Aware": true,
                      "Startup Cost": 80067.27,
                      "Total Cost": 80067.27,
                      "Plan Rows": 163957,
                      "Plan Width": 8,
                      "Actual Startup Time": 276.017,
                      "Actual Total Time": 276.093,
                      "Actual Rows": 69996,
                      "Actual Loops": 6,
                      "Hash Buckets": 1048576,
                      "Original Hash Buckets": 1048576,
                      "Hash Batches": 1,
                      "Original Hash Batches": 1,
                      "Peak Memory Usage": 24736,
                      "Plans": [
                        {
                          "Node Type": "Hash Join",
                          "Parent Relationship": "Outer",
                          "Parallel Aware": true,
                          "Join Type": "Inner",
                          "Startup Cost": 34059.28,
                          "Total Cost": 80067.27,
                          "Plan Rows": 163957,
                          "Plan Width": 8,
                          "Actual Startup Time": 97.929,
                          "Actual Total Time": 246.243,
                          "Actual Rows": 69996,
                          "Actual Loops": 6,
                          "Inner Unique": false,
                          "Hash Cond": "(t.id = mc.movie_id)",
                          "Plans": [
                            {
                              "Node Type": "Seq Scan",
                              "Parent Relationship": "Outer",
                              "Parallel Aware": true,
                              "Relation Name": "title",
                              "Alias": "t",
                              "Startup Cost": 0.0,
                              "Total Cost": 42318.73,
                              "Plan Rows": 632073,
                              "Plan Width": 4,
                              "Actual Startup Time": 0.014,
                              "Actual Total Time": 57.609,
                              "Actual Rows": 421385,
                              "Actual Loops": 6
                            },
                            {
                              "Node Type": "Hash",
                              "Parent Relationship": "Inner",
                              "Parallel Aware": true,
                              "Startup Cost": 31414.82,
                              "Total Cost": 31414.82,
                              "Plan Rows": 211557,
                              "Plan Width": 4,
                              "Actual Startup Time": 96.182,
                              "Actual Total Time": 96.183,
                              "Actual Rows": 69996,
                              "Actual Loops": 6,
                              "Hash Buckets": 1048576,
                              "Original Hash Buckets": 1048576,
                              "Hash Batches": 1,
                              "Original Hash Batches": 1,
                              "Peak Memory Usage": 24736,
                              "Plans": [
                                {
                                  "Node Type": "Seq Scan",
                                  "Parent Relationship": "Outer",
                                  "Parallel Aware": true,
                                  "Relation Name": "movie_companies",
                                  "Alias": "mc",
                                  "Startup Cost": 0.0,
                                  "Total Cost": 31414.82,
                                  "Plan Rows": 211557,
                                  "Plan Width": 4,
                                  "Actual Startup Time": 41.879,
                                  "Actual Total Time": 65.578,
                                  "Actual Rows": 69996,
                                  "Actual Loops": 6,
                                  "Filter": "((company_id < 11244) AND (company_type_id = 2))",
                                  "Rows Removed by Filter": 364859
                                }
                              ]
                            }
                          ]
                        }
                      ]
                    }
                  ]
                }
              ]
            }
          ]
        }
      ]
    },
    "Planning Time": 1.462,
    "Triggers": [],
    "Execution Time": 1111.018
  }
]