[
  {
    "Plan": {
      "Node Type": "Aggregate",
      "Strategy": "Plain",
      "Partial Mode": "Finalize",
      "Parallel Aware": false,
      "Startup Cost": 391103.47,
      "Total Cost": 391103.48,
      "Plan Rows": 1,
      "Plan Width": 8,
      "Actual Startup Time": 1424.85,
      "Actual Total Time": 1491.269,
      "Actual Rows": 1,
      "Actual Loops": 1,
      "Plans": [
        {
          "Node Type": "Gather",
          "Parent Relationship": "Outer",
          "Parallel Aware": false,
          "Startup Cost": 391102.84,
          "Total Cost": 391103.45,
          "Plan Rows": 6,
          "Plan Width": 8,
          "Actual Startup Time": 1423.831,
          "Actual Total Time": 1491.257,
          "Actual Rows": 7,
          "Actual Loops": 1,
          "Workers Planned": 6,
          "Workers Launched": 6,
          "Single Copy": false,
          "Plans": [
            {
              "Node Type": "Aggregate",
              "Strategy": "Plain",
              "Partial Mode": "Partial",
              "Parent Relationship": "Outer",
              "Parallel Aware": false,
              "Startup Cost": 390102.84,
              "Total Cost": 390102.85,
              "Plan Rows": 1,
              "Plan Width": 8,
              "Actual Startup Time": 1413.222,
              "Actual Total Time": 1413.225,
              "Actual Rows": 1,
              "Actual Loops": 7,
              "Plans": [
                {
                  "Node Type": "Hash Join",
                  "Parent Relationship": "Outer",
                  "Parallel Aware": true,
                  "Join Type": "Inner",
                  "Startup Cost": 45785.35,
                  "Total Cost": 389527.68,
                  "Plan Rows": 230064,
                  "Plan Width": 0,
                  "Actual Startup Time": 81.294,
                  "Actual Total Time": 1401.866,
                  "Actual Rows": 232753,
                  "Actual Loops": 7,
                  "Inner Unique": true,
                  "Hash Cond": "(ci.movie_id = t.id)",
                  "Plans": [
                    {
                      "Node Type": "Seq Scan",
                      "Parent Relationship": "Outer",
                      "Parallel Aware": true,
                      "Relation Name": "cast_info",
                      "Alias": "ci",
                      "Startup Cost": 0.0,
                      "Total Cost": 328162.03,
                      "Plan Rows": 5935348,
                      "Plan Width": 4,
                      "Actual Startup Time": 0.028,
                      "Actual Total Time": 640.224,
                      "Actual Rows": 5094697,
                      "Actual Loops": 7,
                      "Filter": "(person_id < 3949614)",
                      "Rows Removed by Filter": 83067
                    },
                    {
                      "Node Type": "Hash",
                      "Parent Relationship": "Inner",
                      "Parallel Aware": true,
                      "Startup Cost": 45479.1,
                      "Total Cost": 45479.1,
                      "Plan Rows": 24500,
                      "Plan Width": 4,
                      "Actual Startup Time": 79.544,
                      "Actual Total Time": 79.545,
                      "Actual Rows": 15178,
                      "Actual Loops": 7,
                      "Hash Buckets": 131072,
                      "Original Hash Buckets": 131072,
                      "Hash Batches": 1,
                      "Original Hash Batches": 1,
                      "Peak Memory Usage": 5280,
                      "Plans": [
                        {
                          "Node Type": "Seq Scan",
                          "Parent Relationship": "Outer",
                          "Parallel Aware": true,
                          "Relation Name": "title",
                          "Alias": "t",
                          "Startup Cost": 0.0,
                          "Total Cost": 45479.1,
                          "Plan Rows": 24500,
                          "Plan Width": 4,
                          "Actual Startup Time": 0.048,
                          "Actual Total Time": 72.059,
                          "Actual Rows": 15178,
                          "Actual Loops": 7,
                          "Filter": "((kind_id = 7) AND (production_year = 2011))",
                          "Rows Removed by Filter": 346009
                        }
                      ]
                    }
                  ]
                }
              ]
            }
          ]
        }
      ]
    },
    "Planning Time": 0.711,
    "Triggers": [],
    "Execution Time": 1491.357
  }
]