[
    {
        "Bao": {
            "Bao prediction": 824.398,
            "Bao recommended hint": "(no hint)"
        }
    },
    {
        "Plan": {
            "Node Type": "Aggregate",
            "Strategy": "Plain",
            "Partial Mode": "Finalize",
            "Parallel Aware": false,
            "Startup Cost": 73526.22,
            "Total Cost": 73526.23,
            "Plan Rows": 1,
            "Plan Width": 8,
            "Actual Startup Time": 198.774,
            "Actual Total Time": 210.576,
            "Actual Rows": 1,
            "Actual Loops": 1,
            "Output": [
                "count(*)"
            ],
            "Plans": [
                {
                    "Node Type": "Gather",
                    "Parent Relationship": "Outer",
                    "Parallel Aware": false,
                    "Startup Cost": 73526.01,
                    "Total Cost": 73526.22,
                    "Plan Rows": 2,
                    "Plan Width": 8,
                    "Actual Startup Time": 198.528,
                    "Actual Total Time": 210.567,
                    "Actual Rows": 3,
                    "Actual Loops": 1,
                    "Output": [
                        "(PARTIAL count(*))"
                    ],
                    "Workers Planned": 2,
                    "Workers Launched": 2,
                    "Single Copy": false,
                    "Plans": [
                        {
                            "Node Type": "Aggregate",
                            "Strategy": "Plain",
                            "Partial Mode": "Partial",
                            "Parent Relationship": "Outer",
                            "Parallel Aware": false,
                            "Startup Cost": 72526.01,
                            "Total Cost": 72526.02,
                            "Plan Rows": 1,
                            "Plan Width": 8,
                            "Actual Startup Time": 190.896,
                            "Actual Total Time": 190.898,
                            "Actual Rows": 1,
                            "Actual Loops": 3,
                            "Output": [
                                "PARTIAL count(*)"
                            ],
                            "Workers": [
                                {
                                    "Worker Number": 0,
                                    "Actual Startup Time": 187.32,
                                    "Actual Total Time": 187.323,
                                    "Actual Rows": 1,
                                    "Actual Loops": 1
                                },
                                {
                                    "Worker Number": 1,
                                    "Actual Startup Time": 187.52,
                                    "Actual Total Time": 187.522,
                                    "Actual Rows": 1,
                                    "Actual Loops": 1
                                }
                            ],
                            "Plans": [
                                {
                                    "Node Type": "Nested Loop",
                                    "Parent Relationship": "Outer",
                                    "Parallel Aware": false,
                                    "Join Type": "Inner",
                                    "Startup Cost": 44007.93,
                                    "Total Cost": 72479.51,
                                    "Plan Rows": 18599,
                                    "Plan Width": 0,
                                    "Actual Startup Time": 136.258,
                                    "Actual Total Time": 190.743,
                                    "Actual Rows": 1560,
                                    "Actual Loops": 3,
                                    "Inner Unique": false,
                                    "Join Filter": "(t.id = ci.movie_id)",
                                    "Rows Removed by Join Filter": 0,
                                    "Workers": [
                                        {
                                            "Worker Number": 0,
                                            "Actual Startup Time": 132.646,
                                            "Actual Total Time": 187.17,
                                            "Actual Rows": 1422,
                                            "Actual Loops": 1
                                        },
                                        {
                                            "Worker Number": 1,
                                            "Actual Startup Time": 132.847,
                                            "Actual Total Time": 187.378,
                                            "Actual Rows": 1425,
                                            "Actual Loops": 1
                                        }
                                    ],
                                    "Plans": [
                                        {
                                            "Node Type": "Hash Join",
                                            "Parent Relationship": "Outer",
                                            "Parallel Aware": true,
                                            "Join Type": "Inner",
                                            "Startup Cost": 44007.37,
                                            "Total Cost": 59631.83,
                                            "Plan Rows": 2622,
                                            "Plan Width": 8,
                                            "Actual Startup Time": 136.112,
                                            "Actual Total Time": 172.335,
                                            "Actual Rows": 1185,
                                            "Actual Loops": 3,
                                            "Output": [
                                                "t.id",
                                                "mi_idx.movie_id"
                                            ],
                                            "Inner Unique": true,
                                            "Hash Cond": "(mi_idx.movie_id = t.id)",
                                            "Workers": [
                                                {
                                                    "Worker Number": 0,
                                                    "Actual Startup Time": 132.54,
                                                    "Actual Total Time": 165.42,
                                                    "Actual Rows": 1116,
                                                    "Actual Loops": 1
                                                },
                                                {
                                                    "Worker Number": 1,
                                                    "Actual Startup Time": 132.71,
                                                    "Actual Total Time": 165.481,
                                                    "Actual Rows": 1092,
                                                    "Actual Loops": 1
                                                }
                                            ],
                                            "Plans": [
                                                {
                                                    "Node Type": "Seq Scan",
                                                    "Parent Relationship": "Outer",
                                                    "Parallel Aware": true,
                                                    "Relation Name": "movie_info_idx",
                                                    "Schema": "public",
                                                    "Alias": "mi_idx",
                                                    "Startup Cost": 0.0,
                                                    "Total Cost": 15122.68,
                                                    "Plan Rows": 191154,
                                                    "Plan Width": 4,
                                                    "Actual Startup Time": 0.024,
                                                    "Actual Total Time": 41.434,
                                                    "Actual Rows": 153395,
                                                    "Actual Loops": 3,
                                                    "Output": [
                                                        "mi_idx.id",
                                                        "mi_idx.movie_id",
                                                        "mi_idx.info_type_id",
                                                        "mi_idx.info",
                                                        "mi_idx.note"
                                                    ],
                                                    "Filter": "(mi_idx.info_type_id > 100)",
                                                    "Rows Removed by Filter": 306617,
                                                    "Workers": [
                                                        {
                                                            "Worker Number": 0,
                                                            "Actual Startup Time": 0.024,
                                                            "Actual Total Time": 38.652,
                                                            "Actual Rows": 154216,
                                                            "Actual Loops": 1
                                                        },
                                                        {
                                                            "Worker Number": 1,
                                                            "Actual Startup Time": 0.035,
                                                            "Actual Total Time": 39.008,
                                                            "Actual Rows": 157548,
                                                            "Actual Loops": 1
                                                        }
                                                    ]
                                                },
                                                {
                                                    "Node Type": "Hash",
                                                    "Parent Relationship": "Inner",
                                                    "Parallel Aware": true,
                                                    "Startup Cost": 43899.01,
                                                    "Total Cost": 43899.01,
                                                    "Plan Rows": 8669,
                                                    "Plan Width": 4,
                                                    "Actual Startup Time": 111.459,
                                                    "Actual Total Time": 111.459,
                                                    "Actual Rows": 11683,
                                                    "Actual Loops": 3,
                                                    "Output": [
                                                        "t.id"
                                                    ],
                                                    "Hash Buckets": 65536,
                                                    "Original Hash Buckets": 65536,
                                                    "Hash Batches": 1,
                                                    "Original Hash Batches": 1,
                                                    "Peak Memory Usage": 1920,
                                                    "Workers": [
                                                        {
                                                            "Worker Number": 0,
                                                            "Actual Startup Time": 108.506,
                                                            "Actual Total Time": 108.507,
                                                            "Actual Rows": 11977,
                                                            "Actual Loops": 1
                                                        },
                                                        {
                                                            "Worker Number": 1,
                                                            "Actual Startup Time": 108.7,
                                                            "Actual Total Time": 108.701,
                                                            "Actual Rows": 11976,
                                                            "Actual Loops": 1
                                                        }
                                                    ],
                                                    "Plans": [
                                                        {
                                                            "Node Type": "Seq Scan",
                                                            "Parent Relationship": "Outer",
                                                            "Parallel Aware": true,
                                                            "Relation Name": "title",
                                                            "Schema": "public",
                                                            "Alias": "t",
                                                            "Startup Cost": 0.0,
                                                            "Total Cost": 43899.01,
                                                            "Plan Rows": 8669,
                                                            "Plan Width": 4,
                                                            "Actual Startup Time": 64.31,
                                                            "Actual Total Time": 107.544,
                                                            "Actual Rows": 11683,
                                                            "Actual Loops": 3,
                                                            "Output": [
                                                                "t.id"
                                                            ],
                                                            "Filter": "(t.production_year < 1912)",
                                                            "Rows Removed by Filter": 831087,
                                                            "Workers": [
                                                                {
                                                                    "Worker Number": 0,
                                                                    "Actual Startup Time": 70.458,
                                                                    "Actual Total Time": 104.25,
                                                                    "Actual Rows": 11977,
                                                                    "Actual Loops": 1
                                                                },
                                                                {
                                                                    "Worker Number": 1,
                                                                    "Actual Startup Time": 70.653,
                                                                    "Actual Total Time": 105.027,
                                                                    "Actual Rows": 11976,
                                                                    "Actual Loops": 1
                                                                }
                                                            ]
                                                        }
                                                    ]
                                                }
                                            ]
                                        },
                                        {
                                            "Node Type": "Index Scan",
                                            "Parent Relationship": "Inner",
                                            "Parallel Aware": false,
                                            "Scan Direction": "Forward",
                                            "Index Name": "movie_id_cast_info",
                                            "Relation Name": "cast_info",
                                            "Schema": "public",
                                            "Alias": "ci",
                                            "Startup Cost": 0.56,
                                            "Total Cost": 4.66,
                                            "Plan Rows": 19,
                                            "Plan Width": 4,
                                            "Actual Startup Time": 0.013,
                                            "Actual Total Time": 0.015,
                                            "Actual Rows": 1,
                                            "Actual Loops": 3554,
                                            "Output": [
                                                "ci.id",
                                                "ci.person_id",
                                                "ci.movie_id",
                                                "ci.person_role_id",
                                                "ci.note",
                                                "ci.nr_order",
                                                "ci.role_id"
                                            ],
                                            "Index Cond": "(ci.movie_id = mi_idx.movie_id)",
                                            "Rows Removed by Index Recheck": 0,
                                            "Filter": "(ci.person_id > 1807774)",
                                            "Rows Removed by Filter": 3,
                                            "Workers": [
                                                {
                                                    "Worker Number": 0,
                                                    "Actual Startup Time": 0.016,
                                                    "Actual Total Time": 0.019,
                                                    "Actual Rows": 1,
                                                    "Actual Loops": 1116
                                                },
                                                {
                                                    "Worker Number": 1,
                                                    "Actual Startup Time": 0.017,
                                                    "Actual Total Time": 0.019,
                                                    "Actual Rows": 1,
                                                    "Actual Loops": 1092
                                                }
                                            ]
                                        }
                                    ]
                                }
                            ]
                        }
                    ]
                }
            ]
        },
        "Planning Time": 555.018,
        "Triggers": [],
        "Execution Time": 210.696
    }
]