[
  {
    "Plan": {
      "Node Type": "Aggregate",
      "Strategy": "Plain",
      "Partial Mode": "Finalize",
      "Parallel Aware": false,
      "Startup Cost": 69612.2,
      "Total Cost": 69612.21,
      "Plan Rows": 1,
      "Plan Width": 8,
      "Actual Startup Time": 102.624,
      "Actual Total Time": 119.87,
      "Actual Rows": 1,
      "Actual Loops": 1,
      "Plans": [
        {
          "Node Type": "Gather",
          "Parent Relationship": "Outer",
          "Parallel Aware": false,
          "Startup Cost": 69611.78,
          "Total Cost": 69612.19,
          "Plan Rows": 4,
          "Plan Width": 8,
          "Actual Startup Time": 102.339,
          "Actual Total Time": 119.846,
          "Actual Rows": 5,
          "Actual Loops": 1,
          "Workers Planned": 4,
          "Workers Launched": 4,
          "Single Copy": false,
          "Plans": [
            {
              "Node Type": "Aggregate",
              "Strategy": "Plain",
              "Partial Mode": "Partial",
              "Parent Relationship": "Outer",
              "Parallel Aware": false,
              "Startup Cost": 68611.78,
              "Total Cost": 68611.79,
              "Plan Rows": 1,
              "Plan Width": 8,
              "Actual Startup Time": 96.551,
              "Actual Total Time": 96.553,
              "Actual Rows": 1,
              "Actual Loops": 5,
              "Plans": [
                {
                  "Node Type": "Nested Loop",
                  "Parent Relationship": "Outer",
                  "Parallel Aware": false,
                  "Join Type": "Inner",
                  "Startup Cost": 0.43,
                  "Total Cost": 68609.61,
                  "Plan Rows": 869,
                  "Plan Width": 0,
                  "Actual Startup Time": 51.507,
                  "Actual Total Time": 96.046,
                  "Actual Rows": 6333,
                  "Actual Loops": 5,
                  "Inner Unique": false,
                  "Plans": [
                    {
                      "Node Type": "Seq Scan",
                      "Parent Relationship": "Outer",
                      "Parallel Aware": true,
                      "Relation Name": "title",
                      "Alias": "t",
                      "Startup Cost": 0.0,
                      "Total Cost": 45479.59,
                      "Plan Rows": 148,
                      "Plan Width": 4,
                      "Actual Startup Time": 51.382,
                      "Actual Total Time": 74.172,
                      "Actual Rows": 487,
                      "Actual Loops": 5,
                      "Filter": "((kind_id < 7) AND (production_year = 1933))",
                      "Rows Removed by Filter": 505176
                    },
                    {
                      "Node Type": "Index Only Scan",
                      "Parent Relationship": "Inner",
                      "Parallel Aware": false,
                      "Scan Direction": "Forward",
                      "Index Name": "movie_id_movie_info",
                      "Relation Name": "movie_info",
                      "Alias": "mi",
                      "Startup Cost": 0.43,
                      "Total Cost": 155.87,
                      "Plan Rows": 41,
                      "Plan Width": 4,
                      "Actual Startup Time": 0.014,
                      "Actual Total Time": 0.043,
                      "Actual Rows": 13,
                      "Actual Loops": 2433,
                      "Index Cond": "(movie_id = t.id)",
                      "Rows Removed by Index Recheck": 0,
                      "Heap Fetches": 31665
                    }
                  ]
                }
              ]
            }
          ]
        }
      ]
    },
    "Planning Time": 0.29,
    "Triggers": [],
    "Execution Time": 119.907
  }
]