[
  {
    "Plan": {
      "Node Type": "Aggregate",
      "Strategy": "Plain",
      "Partial Mode": "Finalize",
      "Parallel Aware": false,
      "Startup Cost": 44514.15,
      "Total Cost": 44514.16,
      "Plan Rows": 1,
      "Plan Width": 8,
      "Actual Startup Time": 123.269,
      "Actual Total Time": 132.35,
      "Actual Rows": 1,
      "Actual Loops": 1,
      "Plans": [
        {
          "Node Type": "Gather",
          "Parent Relationship": "Outer",
          "Parallel Aware": false,
          "Startup Cost": 44513.84,
          "Total Cost": 44514.15,
          "Plan Rows": 3,
          "Plan Width": 8,
          "Actual Startup Time": 123.172,
          "Actual Total Time": 132.341,
          "Actual Rows": 4,
          "Actual Loops": 1,
          "Workers Planned": 3,
          "Workers Launched": 3,
          "Single Copy": false,
          "Plans": [
            {
              "Node Type": "Aggregate",
              "Strategy": "Plain",
              "Partial Mode": "Partial",
              "Parent Relationship": "Outer",
              "Parallel Aware": false,
              "Startup Cost": 43513.84,
              "Total Cost": 43513.85,
              "Plan Rows": 1,
              "Plan Width": 8,
              "Actual Startup Time": 115.918,
              "Actual Total Time": 115.919,
              "Actual Rows": 1,
              "Actual Loops": 4,
              "Plans": [
                {
                  "Node Type": "Seq Scan",
                  "Parent Relationship": "Outer",
                  "Parallel Aware": true,
                  "Relation Name": "movie_keyword",
                  "Alias": "mk",
                  "Startup Cost": 0.0,
                  "Total Cost": 42695.65,
                  "Plan Rows": 327273,
                  "Plan Width": 0,
                  "Actual Startup Time": 0.055,
                  "Actual Total Time": 103.092,
                  "Actual Rows": 254246,
                  "Actual Loops": 4,
                  "Filter": "(keyword_id < 992)",
                  "Rows Removed by Filter": 876736
                }
              ]
            }
          ]
        }
      ]
    },
    "Planning Time": 0.182,
    "Triggers": [],
    "Execution Time": 132.406
  }
]