[
  {
    "Plan": {
      "Node Type": "Aggregate",
      "Strategy": "Plain",
      "Partial Mode": "Finalize",
      "Parallel Aware": false,
      "Startup Cost": 207002.89,
      "Total Cost": 207002.9,
      "Plan Rows": 1,
      "Plan Width": 8,
      "Actual Startup Time": 530.557,
      "Actual Total Time": 568.136,
      "Actual Rows": 1,
      "Actual Loops": 1,
      "Plans": [
        {
          "Node Type": "Gather",
          "Parent Relationship": "Outer",
          "Parallel Aware": false,
          "Startup Cost": 207002.37,
          "Total Cost": 207002.88,
          "Plan Rows": 5,
          "Plan Width": 8,
          "Actual Startup Time": 530.314,
          "Actual Total Time": 568.124,
          "Actual Rows": 6,
          "Actual Loops": 1,
          "Workers Planned": 5,
          "Workers Launched": 5,
          "Single Copy": false,
          "Plans": [
            {
              "Node Type": "Aggregate",
              "Strategy": "Plain",
              "Partial Mode": "Partial",
              "Parent Relationship": "Outer",
              "Parallel Aware": false,
              "Startup Cost": 206002.37,
              "Total Cost": 206002.38,
              "Plan Rows": 1,
              "Plan Width": 8,
              "Actual Startup Time": 523.423,
              "Actual Total Time": 523.425,
              "Actual Rows": 1,
              "Actual Loops": 6,
              "Plans": [
                {
                  "Node Type": "Seq Scan",
                  "Parent Relationship": "Outer",
                  "Parallel Aware": true,
                  "Relation Name": "movie_info",
                  "Alias": "mi",
                  "Startup Cost": 0.0,
                  "Total Cost": 199108.24,
                  "Plan Rows": 2757651,
                  "Plan Width": 0,
                  "Actual Startup Time": 0.045,
                  "Actual Total Time": 408.917,
                  "Actual Rows": 2297139,
                  "Actual Loops": 6,
                  "Filter": "(info_type_id < 78)",
                  "Rows Removed by Filter": 175481
                }
              ]
            }
          ]
        }
      ]
    },
    "Planning Time": 0.101,
    "Triggers": [],
    "Execution Time": 568.178
  }
]