{
  "Plan": {
    "Node Type": "Aggregate",
    "Strategy": "Plain",
    "Partial Mode": "Finalize",
    "Parallel Aware": false,
    "Startup Cost": 529149.71,
    "Total Cost": 529149.72,
    "Plan Rows": 1,
    "Plan Width": 96,
    "Actual Startup Time": 5802.45,
    "Actual Total Time": 5881.927,
    "Actual Rows": 1,
    "Actual Loops": 1,
    "Plans": [
      {
        "Node Type": "Gather",
        "Parent Relationship": "Outer",
        "Parallel Aware": false,
        "Startup Cost": 529149.38,
        "Total Cost": 529149.69,
        "Plan Rows": 3,
        "Plan Width": 96,
        "Actual Startup Time": 5775.046,
        "Actual Total Time": 5881.905,
        "Actual Rows": 4,
        "Actual Loops": 1,
        "Workers Planned": 3,
        "Workers Launched": 3,
        "Single Copy": false,
        "Plans": [
          {
            "Node Type": "Aggregate",
            "Strategy": "Plain",
            "Partial Mode": "Partial",
            "Parent Relationship": "Outer",
            "Parallel Aware": false,
            "Startup Cost": 528149.38,
            "Total Cost": 528149.39,
            "Plan Rows": 1,
            "Plan Width": 96,
            "Actual Startup Time": 5765.587,
            "Actual Total Time": 5765.689,
            "Actual Rows": 1,
            "Actual Loops": 4,
            "Plans": [
              {
                "Node Type": "Hash Join",
                "Parent Relationship": "Outer",
                "Parallel Aware": false,
                "Join Type": "Inner",
                "Startup Cost": 464958.23,
                "Total Cost": 528147.07,
                "Plan Rows": 308,
                "Plan Width": 48,
                "Actual Startup Time": 4761.601,
                "Actual Total Time": 5762.648,
                "Actual Rows": 28829,
                "Actual Loops": 4,
                "Inner Unique": true,
                "Hash Cond": "(mk.keyword_id = k.id)",
                "Plans": [
                  {
                    "Node Type": "Hash Join",
                    "Parent Relationship": "Outer",
                    "Parallel Aware": true,
                    "Join Type": "Inner",
                    "Startup Cost": 461325.73,
                    "Total Cost": 510968.45,
                    "Plan Rows": 5160265,
                    "Plan Width": 36,
                    "Actual Startup Time": 4700.659,
                    "Actual Total Time": 5439.686,
                    "Actual Rows": 5983046,
                    "Actual Loops": 4,
                    "Inner Unique": false,
                    "Hash Cond": "(mk.movie_id = t.id)",
                    "Plans": [
                      {
                        "Node Type": "Seq Scan",
                        "Parent Relationship": "Outer",
                        "Parallel Aware": true,
                        "Relation Name": "movie_keyword",
                        "Alias": "mk",
                        "Startup Cost": 0.0,
                        "Total Cost": 39047.32,
                        "Plan Rows": 1459332,
                        "Plan Width": 8,
                        "Actual Startup Time": 0.015,
                        "Actual Total Time": 84.269,
                        "Actual Rows": 1130982,
                        "Actual Loops": 4
                      },
                      {
                        "Node Type": "Hash",
                        "Parent Relationship": "Inner",
                        "Parallel Aware": true,
                        "Startup Cost": 454181.29,
                        "Total Cost": 454181.29,
                        "Plan Rows": 571555,
                        "Plan Width": 40,
                        "Actual Startup Time": 4691.066,
                        "Actual Total Time": 4691.163,
                        "Actual Rows": 606960,
                        "Actual Loops": 4,
                        "Hash Buckets": 4194304,
                        "Original Hash Buckets": 4194304,
                        "Hash Batches": 1,
                        "Original Hash Batches": 1,
                        "Peak Memory Usage": 216320,
                        "Plans": [
                          {
                            "Node Type": "Hash Join",
                            "Parent Relationship": "Outer",
                            "Parallel Aware": true,
                            "Join Type": "Inner",
                            "Startup Cost": 123701.43,
                            "Total Cost": 454181.29,
                            "Plan Rows": 571555,
                            "Plan Width": 40,
                            "Actual Startup Time": 990.698,
                            "Actual Total Time": 4238.253,
                            "Actual Rows": 606960,
                            "Actual Loops": 4,
                            "Inner Unique": true,
                            "Hash Cond": "(ci.person_id = n.id)",
                            "Plans": [
                              {
                                "Node Type": "Hash Join",
                                "Parent Relationship": "Outer",
                                "Parallel Aware": true,
                                "Join Type": "Inner",
                                "Startup Cost": 44646.94,
                                "Total Cost": 373626.47,
                                "Plan Rows": 571555,
                                "Plan Width": 29,
                                "Actual Startup Time": 163.695,
                                "Actual Total Time": 3198.912,
                                "Actual Rows": 606960,
                                "Actual Loops": 4,
                                "Inner Unique": true,
                                "Hash Cond": "(ci.movie_id = t.id)",
                                "Plans": [
                                  {
                                    "Node Type": "Seq Scan",
                                    "Parent Relationship": "Outer",
                                    "Parallel Aware": true,
                                    "Relation Name": "cast_info",
                                    "Alias": "ci",
                                    "Startup Cost": 0.0,
                                    "Total Cost": 313116.71,
                                    "Plan Rows": 6042971,
                                    "Plan Width": 8,
                                    "Actual Startup Time": 0.015,
                                    "Actual Total Time": 1054.335,
                                    "Actual Rows": 9061086,
                                    "Actual Loops": 4
                                  },
                                  {
                                    "Node Type": "Hash",
                                    "Parent Relationship": "Inner",
                                    "Parallel Aware": true,
                                    "Startup Cost": 43899.59,
                                    "Total Cost": 43899.59,
                                    "Plan Rows": 59788,
                                    "Plan Width": 21,
                                    "Actual Startup Time": 162.973,
                                    "Actual Total Time": 162.974,
                                    "Actual Rows": 60350,
                                    "Actual Loops": 4,
                                    "Hash Buckets": 262144,
                                    "Original Hash Buckets": 262144,
                                    "Hash Batches": 1,
                                    "Original Hash Batches": 1,
                                    "Peak Memory Usage": 16064,
                                    "Plans": [
                                      {
                                        "Node Type": "Seq Scan",
                                        "Parent Relationship": "Outer",
                                        "Parallel Aware": true,
                                        "Relation Name": "title",
                                        "Alias": "t",
                                        "Startup Cost": 0.0,
                                        "Total Cost": 43899.59,
                                        "Plan Rows": 59788,
                                        "Plan Width": 21,
                                        "Actual Startup Time": 0.046,
                                        "Actual Total Time": 134.832,
                                        "Actual Rows": 60350,
                                        "Actual Loops": 4,
                                        "Filter": "(production_year < 1960)",
                                        "Rows Removed by Filter": 571728
                                      }
                                    ]
                                  }
                                ]
                              },
                              {
                                "Node Type": "Hash",
                                "Parent Relationship": "Inner",
                                "Parallel Aware": true,
                                "Startup Cost": 66031.44,
                                "Total Cost": 66031.44,
                                "Plan Rows": 1041844,
                                "Plan Width": 19,
                                "Actual Startup Time": 818.195,
                                "Actual Total Time": 818.195,
                                "Actual Rows": 1041873,
                                "Actual Loops": 4,
                                "Hash Buckets": 4194304,
                                "Original Hash Buckets": 4194304,
                                "Hash Batches": 1,
                                "Original Hash Batches": 1,
                                "Peak Memory Usage": 258976,
                                "Plans": [
                                  {
                                    "Node Type": "Seq Scan",
                                    "Parent Relationship": "Outer",
                                    "Parallel Aware": true,
                                    "Relation Name": "name",
                                    "Alias": "n",
                                    "Startup Cost": 0.0,
                                    "Total Cost": 66031.44,
                                    "Plan Rows": 1041844,
                                    "Plan Width": 19,
                                    "Actual Startup Time": 0.058,
                                    "Actual Total Time": 240.981,
                                    "Actual Rows": 1041873,
                                    "Actual Loops": 4
                                  }
                                ]
                              }
                            ]
                          }
                        ]
                      }
                    ]
                  },
                  {
                    "Node Type": "Hash",
                    "Parent Relationship": "Inner",
                    "Parallel Aware": false,
                    "Startup Cost": 3632.4,
                    "Total Cost": 3632.4,
                    "Plan Rows": 8,
                    "Plan Width": 20,
                    "Actual Startup Time": 45.161,
                    "Actual Total Time": 45.162,
                    "Actual Rows": 8,
                    "Actual Loops": 4,
                    "Hash Buckets": 1024,
                    "Original Hash Buckets": 1024,
                    "Hash Batches": 1,
                    "Original Hash Batches": 1,
                    "Peak Memory Usage": 9,
                    "Plans": [
                      {
                        "Node Type": "Seq Scan",
                        "Parent Relationship": "Outer",
                        "Parallel Aware": false,
                        "Relation Name": "keyword",
                        "Alias": "k",
                        "Startup Cost": 0.0,
                        "Total Cost": 3632.4,
                        "Plan Rows": 8,
                        "Plan Width": 20,
                        "Actual Startup Time": 0.382,
                        "Actual Total Time": 45.123,
                        "Actual Rows": 8,
                        "Actual Loops": 4,
                        "Filter": "(keyword = ANY ('{superhero,sequel,second-part,marvel-comics,based-on-comic,tv-special,fight,violence}'::text[]))",
                        "Rows Removed by Filter": 134162
                      }
                    ]
                  }
                ]
              }
            ]
          }
        ]
      }
    ]
  },
  "Planning Time": 7.68,
  "Triggers": [],
  "Execution Time": 5882.47
}