{
  "Plan": {
    "Node Type": "Aggregate",
    "Strategy": "Plain",
    "Partial Mode": "Finalize",
    "Parallel Aware": false,
    "Startup Cost": 162893.11,
    "Total Cost": 162893.12,
    "Plan Rows": 1,
    "Plan Width": 8,
    "Actual Startup Time": 1022.883,
    "Actual Total Time": 1050.083,
    "Actual Rows": 1,
    "Actual Loops": 1,
    "Plans": [
      {
        "Node Type": "Gather",
        "Parent Relationship": "Outer",
        "Parallel Aware": false,
        "Startup Cost": 162893.0,
        "Total Cost": 162893.11,
        "Plan Rows": 1,
        "Plan Width": 8,
        "Actual Startup Time": 1015.791,
        "Actual Total Time": 1050.073,
        "Actual Rows": 2,
        "Actual Loops": 1,
        "Workers Planned": 1,
        "Workers Launched": 1,
        "Single Copy": false,
        "Plans": [
          {
            "Node Type": "Aggregate",
            "Strategy": "Plain",
            "Partial Mode": "Partial",
            "Parent Relationship": "Outer",
            "Parallel Aware": false,
            "Startup Cost": 161893.0,
            "Total Cost": 161893.01,
            "Plan Rows": 1,
            "Plan Width": 8,
            "Actual Startup Time": 1009.668,
            "Actual Total Time": 1009.674,
            "Actual Rows": 1,
            "Actual Loops": 2,
            "Plans": [
              {
                "Node Type": "Hash Join",
                "Parent Relationship": "Outer",
                "Parallel Aware": true,
                "Join Type": "Inner",
                "Startup Cost": 117792.3,
                "Total Cost": 161621.4,
                "Plan Rows": 108642,
                "Plan Width": 0,
                "Actual Startup Time": 814.232,
                "Actual Total Time": 984.373,
                "Actual Rows": 637331,
                "Actual Loops": 2,
                "Inner Unique": false,
                "Hash Cond": "(mc.movie_id = t.id)",
                "Plans": [
                  {
                    "Node Type": "Index Scan",
                    "Parent Relationship": "Outer",
                    "Parallel Aware": true,
                    "Scan Direction": "Forward",
                    "Index Name": "company_type_id_movie_companies",
                    "Relation Name": "movie_companies",
                    "Alias": "mc",
                    "Startup Cost": 0.43,
                    "Total Cost": 41574.35,
                    "Plan Rows": 430961,
                    "Plan Width": 4,
                    "Actual Startup Time": 13.467,
                    "Actual Total Time": 94.989,
                    "Actual Rows": 256854,
                    "Actual Loops": 2,
                    "Index Cond": "(company_type_id < 2)",
                    "Rows Removed by Index Recheck": 0,
                    "Filter": "(company_id > 7851)",
                    "Rows Removed by Filter": 380268
                  },
                  {
                    "Node Type": "Hash",
                    "Parent Relationship": "Inner",
                    "Parallel Aware": true,
                    "Startup Cost": 113105.37,
                    "Total Cost": 113105.37,
                    "Plan Rows": 374920,
                    "Plan Width": 8,
                    "Actual Startup Time": 791.95,
                    "Actual Total Time": 791.955,
                    "Actual Rows": 324027,
                    "Actual Loops": 2,
                    "Hash Buckets": 1048576,
                    "Original Hash Buckets": 1048576,
                    "Hash Batches": 1,
                    "Original Hash Batches": 1,
                    "Peak Memory Usage": 33568,
                    "Plans": [
                      {
                        "Node Type": "Hash Join",
                        "Parent Relationship": "Outer",
                        "Parallel Aware": true,
                        "Join Type": "Inner",
                        "Startup Cost": 82980.7,
                        "Total Cost": 113105.37,
                        "Plan Rows": 374920,
                        "Plan Width": 8,
                        "Actual Startup Time": 541.349,
                        "Actual Total Time": 716.26,
                        "Actual Rows": 324027,
                        "Actual Loops": 2,
                        "Inner Unique": true,
                        "Hash Cond": "(mk.movie_id = t.id)",
                        "Plans": [
                          {
                            "Node Type": "Bitmap Heap Scan",
                            "Parent Relationship": "Outer",
                            "Parallel Aware": true,
                            "Relation Name": "movie_keyword",
                            "Alias": "mk",
                            "Startup Cost": 13520.0,
                            "Total Cost": 42660.5,
                            "Plan Rows": 374920,
                            "Plan Width": 4,
                            "Actual Startup Time": 33.508,
                            "Actual Total Time": 107.229,
                            "Actual Rows": 324027,
                            "Actual Loops": 2,
                            "Recheck Cond": "(keyword_id < 500)",
                            "Rows Removed by Index Recheck": 0,
                            "Exact Heap Blocks": 13123,
                            "Lossy Heap Blocks": 0,
                            "Plans": [
                              {
                                "Node Type": "Bitmap Index Scan",
                                "Parent Relationship": "Outer",
                                "Parallel Aware": false,
                                "Index Name": "keyword_id_movie_keyword",
                                "Startup Cost": 0.0,
                                "Total Cost": 13360.66,
                                "Plan Rows": 637364,
                                "Plan Width": 0,
                                "Actual Startup Time": 29.931,
                                "Actual Total Time": 29.931,
                                "Actual Rows": 648054,
                                "Actual Loops": 1,
                                "Index Cond": "(keyword_id < 500)"
                              }
                            ]
                          },
                          {
                            "Node Type": "Hash",
                            "Parent Relationship": "Inner",
                            "Parallel Aware": true,
                            "Startup Cost": 50870.31,
                            "Total Cost": 50870.31,
                            "Plan Rows": 1487231,
                            "Plan Width": 4,
                            "Actual Startup Time": 492.185,
                            "Actual Total Time": 492.186,
                            "Actual Rows": 1264156,
                            "Actual Loops": 2,
                            "Hash Buckets": 4194304,
                            "Original Hash Buckets": 4194304,
                            "Hash Batches": 1,
                            "Original Hash Batches": 1,
                            "Peak Memory Usage": 131680,
                            "Plans": [
                              {
                                "Node Type": "Seq Scan",
                                "Parent Relationship": "Outer",
                                "Parallel Aware": true,
                                "Relation Name": "title",
                                "Alias": "t",
                                "Startup Cost": 0.0,
                                "Total Cost": 50870.31,
                                "Plan Rows": 1487231,
                                "Plan Width": 4,
                                "Actual Startup Time": 0.032,
                                "Actual Total Time": 148.437,
                                "Actual Rows": 1264156,
                                "Actual Loops": 2
                              }
                            ]
                          }
                        ]
                      }
                    ]
                  }
                ]
              }
            ]
          }
        ]
      }
    ]
  },
  "Planning Time": 0.907,
  "Triggers": [],
  "Execution Time": 1050.186
}