{
  "Plan": {
    "Node Type": "Aggregate",
    "Strategy": "Plain",
    "Partial Mode": "Finalize",
    "Parallel Aware": false,
    "Startup Cost": 110485.48,
    "Total Cost": 110485.49,
    "Plan Rows": 1,
    "Plan Width": 8,
    "Actual Startup Time": 584.478,
    "Actual Total Time": 601.606,
    "Actual Rows": 1,
    "Actual Loops": 1,
    "Plans": [
      {
        "Node Type": "Gather",
        "Parent Relationship": "Outer",
        "Parallel Aware": false,
        "Startup Cost": 110485.37,
        "Total Cost": 110485.48,
        "Plan Rows": 1,
        "Plan Width": 8,
        "Actual Startup Time": 580.797,
        "Actual Total Time": 601.598,
        "Actual Rows": 2,
        "Actual Loops": 1,
        "Workers Planned": 1,
        "Workers Launched": 1,
        "Single Copy": false,
        "Plans": [
          {
            "Node Type": "Aggregate",
            "Strategy": "Plain",
            "Partial Mode": "Partial",
            "Parent Relationship": "Outer",
            "Parallel Aware": false,
            "Startup Cost": 109485.37,
            "Total Cost": 109485.38,
            "Plan Rows": 1,
            "Plan Width": 8,
            "Actual Startup Time": 572.532,
            "Actual Total Time": 572.536,
            "Actual Rows": 1,
            "Actual Loops": 2,
            "Plans": [
              {
                "Node Type": "Hash Join",
                "Parent Relationship": "Outer",
                "Parallel Aware": true,
                "Join Type": "Inner",
                "Startup Cost": 79678.41,
                "Total Cost": 108903.62,
                "Plan Rows": 232698,
                "Plan Width": 0,
                "Actual Startup Time": 447.301,
                "Actual Total Time": 568.667,
                "Actual Rows": 78408,
                "Actual Loops": 2,
                "Inner Unique": true,
                "Hash Cond": "(mk.movie_id = t.id)",
                "Plans": [
                  {
                    "Node Type": "Bitmap Heap Scan",
                    "Parent Relationship": "Outer",
                    "Parallel Aware": true,
                    "Relation Name": "movie_keyword",
                    "Alias": "mk",
                    "Startup Cost": 11376.51,
                    "Total Cost": 39773.66,
                    "Plan Rows": 315452,
                    "Plan Width": 4,
                    "Actual Startup Time": 33.826,
                    "Actual Total Time": 98.837,
                    "Actual Rows": 259223,
                    "Actual Loops": 2,
                    "Recheck Cond": "(keyword_id > 34901)",
                    "Rows Removed by Index Recheck": 0,
                    "Exact Heap Blocks": 13147,
                    "Lossy Heap Blocks": 0,
                    "Plans": [
                      {
                        "Node Type": "Bitmap Index Scan",
                        "Parent Relationship": "Outer",
                        "Parallel Aware": false,
                        "Index Name": "keyword_id_movie_keyword",
                        "Startup Cost": 0.0,
                        "Total Cost": 11242.44,
                        "Plan Rows": 536268,
                        "Plan Width": 0,
                        "Actual Startup Time": 30.397,
                        "Actual Total Time": 30.398,
                        "Actual Rows": 518446,
                        "Actual Loops": 1,
                        "Index Cond": "(keyword_id > 34901)"
                      }
                    ]
                  },
                  {
                    "Node Type": "Hash",
                    "Parent Relationship": "Inner",
                    "Parallel Aware": true,
                    "Startup Cost": 54588.39,
                    "Total Cost": 54588.39,
                    "Plan Rows": 1097081,
                    "Plan Width": 4,
                    "Actual Startup Time": 399.081,
                    "Actual Total Time": 399.082,
                    "Actual Rows": 932744,
                    "Actual Loops": 2,
                    "Hash Buckets": 2097152,
                    "Original Hash Buckets": 2097152,
                    "Hash Batches": 1,
                    "Original Hash Batches": 1,
                    "Peak Memory Usage": 89376,
                    "Plans": [
                      {
                        "Node Type": "Seq Scan",
                        "Parent Relationship": "Outer",
                        "Parallel Aware": true,
                        "Relation Name": "title",
                        "Alias": "t",
                        "Startup Cost": 0.0,
                        "Total Cost": 54588.39,
                        "Plan Rows": 1097081,
                        "Plan Width": 4,
                        "Actual Startup Time": 0.028,
                        "Actual Total Time": 166.98,
                        "Actual Rows": 932744,
                        "Actual Loops": 2,
                        "Filter": "(kind_id > 1)",
                        "Rows Removed by Filter": 331412
                      }
                    ]
                  }
                ]
              }
            ]
          }
        ]
      }
    ]
  },
  "Planning Time": 0.59,
  "Triggers": [],
  "Execution Time": 601.723
}