[
  {
    "Plan": {
      "Node Type": "Aggregate",
      "Strategy": "Plain",
      "Partial Mode": "Finalize",
      "Parallel Aware": false,
      "Startup Cost": 33384.43,
      "Total Cost": 33384.44,
      "Plan Rows": 1,
      "Plan Width": 8,
      "Actual Startup Time": 85.398,
      "Actual Total Time": 93.375,
      "Actual Rows": 1,
      "Actual Loops": 1,
      "Plans": [
        {
          "Node Type": "Gather",
          "Parent Relationship": "Outer",
          "Parallel Aware": false,
          "Startup Cost": 33384.12,
          "Total Cost": 33384.43,
          "Plan Rows": 3,
          "Plan Width": 8,
          "Actual Startup Time": 85.298,
          "Actual Total Time": 93.366,
          "Actual Rows": 4,
          "Actual Loops": 1,
          "Workers Planned": 3,
          "Workers Launched": 3,
          "Single Copy": false,
          "Plans": [
            {
              "Node Type": "Aggregate",
              "Strategy": "Plain",
              "Partial Mode": "Partial",
              "Parent Relationship": "Outer",
              "Parallel Aware": false,
              "Startup Cost": 32384.12,
              "Total Cost": 32384.13,
              "Plan Rows": 1,
              "Plan Width": 8,
              "Actual Startup Time": 82.005,
              "Actual Total Time": 82.006,
              "Actual Rows": 1,
              "Actual Loops": 4,
              "Plans": [
                {
                  "Node Type": "Seq Scan",
                  "Parent Relationship": "Outer",
                  "Parallel Aware": true,
                  "Relation Name": "movie_companies",
                  "Alias": "mc",
                  "Startup Cost": 0.0,
                  "Total Cost": 31414.82,
                  "Plan Rows": 387719,
                  "Plan Width": 0,
                  "Actual Startup Time": 34.504,
                  "Actual Total Time": 70.791,
                  "Actual Rows": 270586,
                  "Actual Loops": 4,
                  "Filter": "((company_id < 100724) AND (company_type_id = 2))",
                  "Rows Removed by Filter": 381696
                }
              ]
            }
          ]
        }
      ]
    },
    "Planning Time": 0.109,
    "Triggers": [],
    "Execution Time": 93.409
  }
]