[
  {
    "Plan": {
      "Node Type": "Aggregate",
      "Strategy": "Plain",
      "Partial Mode": "Finalize",
      "Parallel Aware": false,
      "Startup Cost": 218362.5,
      "Total Cost": 218362.51,
      "Plan Rows": 1,
      "Plan Width": 8,
      "Actual Startup Time": 2135.993,
      "Actual Total Time": 2218.101,
      "Actual Rows": 1,
      "Actual Loops": 1,
      "Plans": [
        {
          "Node Type": "Gather",
          "Parent Relationship": "Outer",
          "Parallel Aware": false,
          "Startup Cost": 218362.19,
          "Total Cost": 218362.5,
          "Plan Rows": 3,
          "Plan Width": 8,
          "Actual Startup Time": 2134.42,
          "Actual Total Time": 2218.094,
          "Actual Rows": 4,
          "Actual Loops": 1,
          "Workers Planned": 3,
          "Workers Launched": 3,
          "Single Copy": false,
          "Plans": [
            {
              "Node Type": "Aggregate",
              "Strategy": "Plain",
              "Partial Mode": "Partial",
              "Parent Relationship": "Outer",
              "Parallel Aware": false,
              "Startup Cost": 217362.19,
              "Total Cost": 217362.2,
              "Plan Rows": 1,
              "Plan Width": 8,
              "Actual Startup Time": 2124.984,
              "Actual Total Time": 2124.987,
              "Actual Rows": 1,
              "Actual Loops": 4,
              "Plans": [
                {
                  "Node Type": "Nested Loop",
                  "Parent Relationship": "Outer",
                  "Parallel Aware": false,
                  "Join Type": "Inner",
                  "Startup Cost": 46468.11,
                  "Total Cost": 216926.72,
                  "Plan Rows": 174187,
                  "Plan Width": 0,
                  "Actual Startup Time": 143.791,
                  "Actual Total Time": 2069.737,
                  "Actual Rows": 1297002,
                  "Actual Loops": 4,
                  "Inner Unique": false,
                  "Join Filter": "(t.id = ci.movie_id)",
                  "Rows Removed by Join Filter": 0,
                  "Plans": [
                    {
                      "Node Type": "Hash Join",
                      "Parent Relationship": "Outer",
                      "Parallel Aware": true,
                      "Join Type": "Inner",
                      "Startup Cost": 46467.55,
                      "Total Cost": 76865.81,
                      "Plan Rows": 51834,
                      "Plan Width": 8,
                      "Actual Startup Time": 143.567,
                      "Actual Total Time": 243.549,
                      "Actual Rows": 46096,
                      "Actual Loops": 4,
                      "Inner Unique": true,
                      "Hash Cond": "(mc.movie_id = t.id)",
                      "Plans": [
                        {
                          "Node Type": "Seq Scan",
                          "Parent Relationship": "Outer",
                          "Parallel Aware": true,
                          "Relation Name": "movie_companies",
                          "Alias": "mc",
                          "Startup Cost": 0.0,
                          "Total Cost": 29310.68,
                          "Plan Rows": 414318,
                          "Plan Width": 4,
                          "Actual Startup Time": 0.016,
                          "Actual Total Time": 63.605,
                          "Actual Rows": 318562,
                          "Actual Loops": 4,
                          "Filter": "(company_type_id = 1)",
                          "Rows Removed by Filter": 333721
                        },
                        {
                          "Node Type": "Hash",
                          "Parent Relationship": "Inner",
                          "Parallel Aware": true,
                          "Startup Cost": 45479.1,
                          "Total Cost": 45479.1,
                          "Plan Rows": 79076,
                          "Plan Width": 4,
                          "Actual Startup Time": 113.994,
                          "Actual Total Time": 113.995,
                          "Actual Rows": 61197,
                          "Actual Loops": 4,
                          "Hash Buckets": 524288,
                          "Original Hash Buckets": 524288,
                          "Hash Batches": 1,
                          "Original Hash Batches": 1,
                          "Peak Memory Usage": 13760,
                          "Plans": [
                            {
                              "Node Type": "Seq Scan",
                              "Parent Relationship": "Outer",
                              "Parallel Aware": true,
                              "Relation Name": "title",
                              "Alias": "t",
                              "Startup Cost": 0.0,
                              "Total Cost": 45479.1,
                              "Plan Rows": 79076,
                              "Plan Width": 4,
                              "Actual Startup Time": 44.623,
                              "Actual Total Time": 95.547,
                              "Actual Rows": 61197,
                              "Actual Loops": 4,
                              "Filter": "((kind_id < 2) AND (production_year > 2003))",
                              "Rows Removed by Filter": 570881
                            }
                          ]
                        }
                      ]
                    },
                    {
                      "Node Type": "Index Scan",
                      "Parent Relationship": "Inner",
                      "Parallel Aware": false,
                      "Scan Direction": "Forward",
                      "Index Name": "movie_id_cast_info",
                      "Relation Name": "cast_info",
                      "Alias": "ci",
                      "Startup Cost": 0.56,
                      "Total Cost": 2.59,
                      "Plan Rows": 9,
                      "Plan Width": 4,
                      "Actual Startup Time": 0.02,
                      "Actual Total Time": 0.037,
                      "Actual Rows": 28,
                      "Actual Loops": 184386,
                      "Index Cond": "(movie_id = mc.movie_id)",
                      "Rows Removed by Index Recheck": 0,
                      "Filter": "((person_id > 1732004) AND (role_id > 2))",
                      "Rows Removed by Filter": 40
                    }
                  ]
                }
              ]
            }
          ]
        }
      ]
    },
    "Planning Time": 1.545,
    "Triggers": [],
    "Execution Time": 2218.215
  }
]