[
  {
    "Plan": {
      "Node Type": "Aggregate",
      "Strategy": "Plain",
      "Partial Mode": "Finalize",
      "Parallel Aware": false,
      "Startup Cost": 30684.76,
      "Total Cost": 30684.77,
      "Plan Rows": 1,
      "Plan Width": 8,
      "Actual Startup Time": 73.837,
      "Actual Total Time": 82.175,
      "Actual Rows": 1,
      "Actual Loops": 1,
      "Plans": [
        {
          "Node Type": "Gather",
          "Parent Relationship": "Outer",
          "Parallel Aware": false,
          "Startup Cost": 30684.45,
          "Total Cost": 30684.76,
          "Plan Rows": 3,
          "Plan Width": 8,
          "Actual Startup Time": 73.536,
          "Actual Total Time": 82.164,
          "Actual Rows": 4,
          "Actual Loops": 1,
          "Workers Planned": 3,
          "Workers Launched": 3,
          "Single Copy": false,
          "Plans": [
            {
              "Node Type": "Aggregate",
              "Strategy": "Plain",
              "Partial Mode": "Partial",
              "Parent Relationship": "Outer",
              "Parallel Aware": false,
              "Startup Cost": 29684.45,
              "Total Cost": 29684.46,
              "Plan Rows": 1,
              "Plan Width": 8,
              "Actual Startup Time": 69.081,
              "Actual Total Time": 69.085,
              "Actual Rows": 1,
              "Actual Loops": 4,
              "Plans": [
                {
                  "Node Type": "Bitmap Heap Scan",
                  "Parent Relationship": "Outer",
                  "Parallel Aware": true,
                  "Relation Name": "movie_keyword",
                  "Alias": "mk",
                  "Startup Cost": 4259.52,
                  "Total Cost": 29522.63,
                  "Plan Rows": 64728,
                  "Plan Width": 0,
                  "Actual Startup Time": 17.679,
                  "Actual Total Time": 65.778,
                  "Actual Rows": 51029,
                  "Actual Loops": 4,
                  "Recheck Cond": "(keyword_id > 67772)",
                  "Rows Removed by Index Recheck": 0,
                  "Exact Heap Blocks": 11728,
                  "Lossy Heap Blocks": 0,
                  "Plans": [
                    {
                      "Node Type": "Bitmap Index Scan",
                      "Parent Relationship": "Outer",
                      "Parallel Aware": false,
                      "Index Name": "keyword_id_movie_keyword",
                      "Startup Cost": 0.0,
                      "Total Cost": 4209.36,
                      "Plan Rows": 200657,
                      "Plan Width": 0,
                      "Actual Startup Time": 17.473,
                      "Actual Total Time": 17.474,
                      "Actual Rows": 204117,
                      "Actual Loops": 1,
                      "Index Cond": "(keyword_id > 67772)"
                    }
                  ]
                }
              ]
            }
          ]
        }
      ]
    },
    "Planning Time": 0.104,
    "Triggers": [],
    "Execution Time": 82.231
  }
]