[
  {
    "Plan": {
      "Node Type": "Aggregate",
      "Strategy": "Plain",
      "Partial Mode": "Finalize",
      "Parallel Aware": false,
      "Startup Cost": 46358.52,
      "Total Cost": 46358.53,
      "Plan Rows": 1,
      "Plan Width": 8,
      "Actual Startup Time": 191.89,
      "Actual Total Time": 201.877,
      "Actual Rows": 1,
      "Actual Loops": 1,
      "Plans": [
        {
          "Node Type": "Gather",
          "Parent Relationship": "Outer",
          "Parallel Aware": false,
          "Startup Cost": 46358.2,
          "Total Cost": 46358.51,
          "Plan Rows": 3,
          "Plan Width": 8,
          "Actual Startup Time": 191.775,
          "Actual Total Time": 201.868,
          "Actual Rows": 4,
          "Actual Loops": 1,
          "Workers Planned": 3,
          "Workers Launched": 3,
          "Single Copy": false,
          "Plans": [
            {
              "Node Type": "Aggregate",
              "Strategy": "Plain",
              "Partial Mode": "Partial",
              "Parent Relationship": "Outer",
              "Parallel Aware": false,
              "Startup Cost": 45358.2,
              "Total Cost": 45358.21,
              "Plan Rows": 1,
              "Plan Width": 8,
              "Actual Startup Time": 183.003,
              "Actual Total Time": 183.004,
              "Actual Rows": 1,
              "Actual Loops": 4,
              "Plans": [
                {
                  "Node Type": "Seq Scan",
                  "Parent Relationship": "Outer",
                  "Parallel Aware": true,
                  "Relation Name": "movie_keyword",
                  "Alias": "mk",
                  "Startup Cost": 0.0,
                  "Total Cost": 42695.65,
                  "Plan Rows": 1065018,
                  "Plan Width": 0,
                  "Actual Startup Time": 0.063,
                  "Actual Total Time": 139.513,
                  "Actual Rows": 823947,
                  "Actual Loops": 4,
                  "Filter": "(keyword_id < 14788)",
                  "Rows Removed by Filter": 307036
                }
              ]
            }
          ]
        }
      ]
    },
    "Planning Time": 0.18,
    "Triggers": [],
    "Execution Time": 201.935
  }
]