{
  "Plan": {
    "Node Type": "Aggregate",
    "Strategy": "Plain",
    "Partial Mode": "Finalize",
    "Parallel Aware": false,
    "Startup Cost": 399504.68,
    "Total Cost": 399504.69,
    "Plan Rows": 1,
    "Plan Width": 8,
    "Actual Startup Time": 1320.421,
    "Actual Total Time": 1341.361,
    "Actual Rows": 1,
    "Actual Loops": 1,
    "Plans": [
      {
        "Node Type": "Gather",
        "Parent Relationship": "Outer",
        "Parallel Aware": false,
        "Startup Cost": 399504.57,
        "Total Cost": 399504.68,
        "Plan Rows": 1,
        "Plan Width": 8,
        "Actual Startup Time": 1311.671,
        "Actual Total Time": 1341.353,
        "Actual Rows": 2,
        "Actual Loops": 1,
        "Workers Planned": 1,
        "Workers Launched": 1,
        "Single Copy": false,
        "Plans": [
          {
            "Node Type": "Aggregate",
            "Strategy": "Plain",
            "Partial Mode": "Partial",
            "Parent Relationship": "Outer",
            "Parallel Aware": false,
            "Startup Cost": 398504.57,
            "Total Cost": 398504.58,
            "Plan Rows": 1,
            "Plan Width": 8,
            "Actual Startup Time": 1300.191,
            "Actual Total Time": 1300.198,
            "Actual Rows": 1,
            "Actual Loops": 2,
            "Plans": [
              {
                "Node Type": "Merge Join",
                "Parent Relationship": "Outer",
                "Parallel Aware": false,
                "Join Type": "Inner",
                "Startup Cost": 391769.84,
                "Total Cost": 398265.55,
                "Plan Rows": 95608,
                "Plan Width": 0,
                "Actual Startup Time": 1181.045,
                "Actual Total Time": 1295.2,
                "Actual Rows": 124710,
                "Actual Loops": 2,
                "Inner Unique": false,
                "Merge Cond": "(t.id = ci.movie_id)",
                "Plans": [
                  {
                    "Node Type": "Sort",
                    "Parent Relationship": "Outer",
                    "Parallel Aware": false,
                    "Startup Cost": 354266.63,
                    "Total Cost": 356292.64,
                    "Plan Rows": 810404,
                    "Plan Width": 8,
                    "Actual Startup Time": 1062.527,
                    "Actual Total Time": 1086.338,
                    "Actual Rows": 622284,
                    "Actual Loops": 2,
                    "Sort Key": [
                      "t.id"
                    ],
                    "Sort Method": "quicksort",
                    "Sort Space Used": 53778,
                    "Sort Space Type": "Memory",
                    "Workers": [
                      {
                        "Worker Number": 0,
                        "Sort Method": "quicksort",
                        "Sort Space Used": 53714,
                        "Sort Space Type": "Memory"
                      }
                    ],
                    "Plans": [
                      {
                        "Node Type": "Hash Join",
                        "Parent Relationship": "Outer",
                        "Parallel Aware": true,
                        "Join Type": "Inner",
                        "Startup Cost": 99082.12,
                        "Total Cost": 274732.44,
                        "Plan Rows": 810404,
                        "Plan Width": 8,
                        "Actual Startup Time": 609.919,
                        "Actual Total Time": 924.589,
                        "Actual Rows": 622285,
                        "Actual Loops": 2,
                        "Inner Unique": true,
                        "Hash Cond": "(mi.movie_id = t.id)",
                        "Plans": [
                          {
                            "Node Type": "Bitmap Heap Scan",
                            "Parent Relationship": "Outer",
                            "Parallel Aware": true,
                            "Relation Name": "movie_info",
                            "Alias": "mi",
                            "Startup Cost": 27808.97,
                            "Total Cost": 201089.01,
                            "Plan Rows": 902963,
                            "Plan Width": 4,
                            "Actual Startup Time": 43.787,
                            "Actual Total Time": 117.408,
                            "Actual Rows": 766954,
                            "Actual Loops": 2,
                            "Recheck Cond": "(info_type_id = 3)",
                            "Rows Removed by Index Recheck": 0,
                            "Exact Heap Blocks": 4865,
                            "Lossy Heap Blocks": 0,
                            "Plans": [
                              {
                                "Node Type": "Bitmap Index Scan",
                                "Parent Relationship": "Outer",
                                "Parallel Aware": false,
                                "Index Name": "info_type_id_movie_info",
                                "Startup Cost": 0.0,
                                "Total Cost": 27425.21,
                                "Plan Rows": 1535037,
                                "Plan Width": 0,
                                "Actual Startup Time": 42.271,
                                "Actual Total Time": 42.272,
                                "Actual Rows": 1533909,
                                "Actual Loops": 1,
                                "Index Cond": "(info_type_id = 3)"
                              }
                            ]
                          },
                          {
                            "Node Type": "Hash",
                            "Parent Relationship": "Inner",
                            "Parallel Aware": true,
                            "Startup Cost": 54588.39,
                            "Total Cost": 54588.39,
                            "Plan Rows": 1334781,
                            "Plan Width": 4,
                            "Actual Startup Time": 544.691,
                            "Actual Total Time": 544.692,
                            "Actual Rows": 1130614,
                            "Actual Loops": 2,
                            "Hash Buckets": 4194304,
                            "Original Hash Buckets": 4194304,
                            "Hash Batches": 1,
                            "Original Hash Batches": 1,
                            "Peak Memory Usage": 121280,
                            "Plans": [
                              {
                                "Node Type": "Seq Scan",
                                "Parent Relationship": "Outer",
                                "Parallel Aware": true,
                                "Relation Name": "title",
                                "Alias": "t",
                                "Startup Cost": 0.0,
                                "Total Cost": 54588.39,
                                "Plan Rows": 1334781,
                                "Plan Width": 4,
                                "Actual Startup Time": 0.031,
                                "Actual Total Time": 183.119,
                                "Actual Rows": 1130614,
                                "Actual Loops": 2,
                                "Filter": "(production_year > 1954)",
                                "Rows Removed by Filter": 133542
                              }
                            ]
                          }
                        ]
                      }
                    ]
                  },
                  {
                    "Node Type": "Sort",
                    "Parent Relationship": "Inner",
                    "Parallel Aware": false,
                    "Startup Cost": 37503.18,
                    "Total Cost": 38248.87,
                    "Plan Rows": 298277,
                    "Plan Width": 4,
                    "Actual Startup Time": 118.481,
                    "Actual Total Time": 145.501,
                    "Actual Rows": 378392,
                    "Actual Loops": 2,
                    "Sort Key": [
                      "ci.movie_id"
                    ],
                    "Sort Method": "quicksort",
                    "Sort Space Used": 27107,
                    "Sort Space Type": "Memory",
                    "Workers": [
                      {
                        "Worker Number": 0,
                        "Sort Method": "quicksort",
                        "Sort Space Used": 27107,
                        "Sort Space Type": "Memory"
                      }
                    ],
                    "Plans": [
                      {
                        "Node Type": "Index Scan",
                        "Parent Relationship": "Outer",
                        "Parallel Aware": false,
                        "Scan Direction": "Forward",
                        "Index Name": "role_id_cast_info",
                        "Relation Name": "cast_info",
                        "Alias": "ci",
                        "Startup Cost": 0.56,
                        "Total Cost": 10380.41,
                        "Plan Rows": 298277,
                        "Plan Width": 4,
                        "Actual Startup Time": 0.086,
                        "Actual Total Time": 48.083,
                        "Actual Rows": 316118,
                        "Actual Loops": 2,
                        "Index Cond": "(role_id > 10)",
                        "Rows Removed by Index Recheck": 0
                      }
                    ]
                  }
                ]
              }
            ]
          }
        ]
      }
    ]
  },
  "Planning Time": 0.896,
  "Triggers": [],
  "Execution Time": 1345.985
}