[
  {
    "Plan": {
      "Node Type": "Aggregate",
      "Strategy": "Plain",
      "Partial Mode": "Finalize",
      "Parallel Aware": false,
      "Startup Cost": 45508.72,
      "Total Cost": 45508.73,
      "Plan Rows": 1,
      "Plan Width": 8,
      "Actual Startup Time": 244.861,
      "Actual Total Time": 255.974,
      "Actual Rows": 1,
      "Actual Loops": 1,
      "Plans": [
        {
          "Node Type": "Gather",
          "Parent Relationship": "Outer",
          "Parallel Aware": false,
          "Startup Cost": 45508.5,
          "Total Cost": 45508.71,
          "Plan Rows": 2,
          "Plan Width": 8,
          "Actual Startup Time": 240.431,
          "Actual Total Time": 255.966,
          "Actual Rows": 3,
          "Actual Loops": 1,
          "Workers Planned": 2,
          "Workers Launched": 2,
          "Single Copy": false,
          "Plans": [
            {
              "Node Type": "Aggregate",
              "Strategy": "Plain",
              "Partial Mode": "Partial",
              "Parent Relationship": "Outer",
              "Parallel Aware": false,
              "Startup Cost": 44508.5,
              "Total Cost": 44508.51,
              "Plan Rows": 1,
              "Plan Width": 8,
              "Actual Startup Time": 230.042,
              "Actual Total Time": 230.046,
              "Actual Rows": 1,
              "Actual Loops": 3,
              "Plans": [
                {
                  "Node Type": "Nested Loop",
                  "Parent Relationship": "Outer",
                  "Parallel Aware": false,
                  "Join Type": "Inner",
                  "Startup Cost": 21097.23,
                  "Total Cost": 44504.19,
                  "Plan Rows": 1725,
                  "Plan Width": 0,
                  "Actual Startup Time": 195.83,
                  "Actual Total Time": 229.958,
                  "Actual Rows": 808,
                  "Actual Loops": 3,
                  "Inner Unique": true,
                  "Join Filter": "(mc.movie_id = t.id)",
                  "Rows Removed by Join Filter": 0,
                  "Plans": [
                    {
                      "Node Type": "Hash Join",
                      "Parent Relationship": "Outer",
                      "Parallel Aware": true,
                      "Join Type": "Inner",
                      "Startup Cost": 21096.8,
                      "Total Cost": 37620.22,
                      "Plan Rows": 11610,
                      "Plan Width": 8,
                      "Actual Startup Time": 195.75,
                      "Actual Total Time": 208.636,
                      "Actual Rows": 6151,
                      "Actual Loops": 3,
                      "Inner Unique": false,
                      "Hash Cond": "(mc.movie_id = mi_idx.movie_id)",
                      "Plans": [
                        {
                          "Node Type": "Bitmap Heap Scan",
                          "Parent Relationship": "Outer",
                          "Parallel Aware": true,
                          "Relation Name": "movie_companies",
                          "Alias": "mc",
                          "Startup Cost": 223.97,
                          "Total Cost": 16682.98,
                          "Plan Rows": 4276,
                          "Plan Width": 4,
                          "Actual Startup Time": 2.564,
                          "Actual Total Time": 10.411,
                          "Actual Rows": 3387,
                          "Actual Loops": 3,
                          "Recheck Cond": "(company_id = 2561)",
                          "Rows Removed by Index Recheck": 0,
                          "Exact Heap Blocks": 2261,
                          "Lossy Heap Blocks": 0,
                          "Plans": [
                            {
                              "Node Type": "Bitmap Index Scan",
                              "Parent Relationship": "Outer",
                              "Parallel Aware": false,
                              "Index Name": "company_id_movie_companies",
                              "Startup Cost": 0.0,
                              "Total Cost": 221.4,
                              "Plan Rows": 10263,
                              "Plan Width": 0,
                              "Actual Startup Time": 1.447,
                              "Actual Total Time": 1.448,
                              "Actual Rows": 10160,
                              "Actual Loops": 1,
                              "Index Cond": "(company_id = 2561)"
                            }
                          ]
                        },
                        {
                          "Node Type": "Hash",
                          "Parent Relationship": "Inner",
                          "Parallel Aware": true,
                          "Startup Cost": 13685.15,
                          "Total Cost": 13685.15,
                          "Plan Rows": 575015,
                          "Plan Width": 4,
                          "Actual Startup Time": 183.388,
                          "Actual Total Time": 183.389,
                          "Actual Rows": 460012,
                          "Actual Loops": 3,
                          "Hash Buckets": 2097152,
                          "Original Hash Buckets": 2097152,
                          "Hash Batches": 1,
                          "Original Hash Batches": 1,
                          "Peak Memory Usage": 70432,
                          "Plans": [
                            {
                              "Node Type": "Seq Scan",
                              "Parent Relationship": "Outer",
                              "Parallel Aware": true,
                              "Relation Name": "movie_info_idx",
                              "Alias": "mi_idx",
                              "Startup Cost": 0.0,
                              "Total Cost": 13685.15,
                              "Plan Rows": 575015,
                              "Plan Width": 4,
                              "Actual Startup Time": 0.062,
                              "Actual Total Time": 60.898,
                              "Actual Rows": 460012,
                              "Actual Loops": 3
                            }
                          ]
                        }
                      ]
                    },
                    {
                      "Node Type": "Index Scan",
                      "Parent Relationship": "Inner",
                      "Parallel Aware": false,
                      "Scan Direction": "Forward",
                      "Index Name": "title_pkey",
                      "Relation Name": "title",
                      "Alias": "t",
                      "Startup Cost": 0.43,
                      "Total Cost": 0.58,
                      "Plan Rows": 1,
                      "Plan Width": 4,
                      "Actual Startup Time": 0.003,
                      "Actual Total Time": 0.003,
                      "Actual Rows": 0,
                      "Actual Loops": 18454,
                      "Index Cond": "(id = mi_idx.movie_id)",
                      "Rows Removed by Index Recheck": 0,
                      "Filter": "(kind_id > 1)",
                      "Rows Removed by Filter": 1
                    }
                  ]
                }
              ]
            }
          ]
        }
      ]
    },
    "Planning Time": 1.861,
    "Triggers": [],
    "Execution Time": 256.082
  }
]