[
  {
    "Plan": {
      "Node Type": "Aggregate",
      "Strategy": "Plain",
      "Partial Mode": "Finalize",
      "Parallel Aware": false,
      "Startup Cost": 41068.47,
      "Total Cost": 41068.48,
      "Plan Rows": 1,
      "Plan Width": 8,
      "Actual Startup Time": 135.369,
      "Actual Total Time": 144.049,
      "Actual Rows": 1,
      "Actual Loops": 1,
      "Plans": [
        {
          "Node Type": "Gather",
          "Parent Relationship": "Outer",
          "Parallel Aware": false,
          "Startup Cost": 41068.26,
          "Total Cost": 41068.47,
          "Plan Rows": 2,
          "Plan Width": 8,
          "Actual Startup Time": 134.9,
          "Actual Total Time": 144.041,
          "Actual Rows": 3,
          "Actual Loops": 1,
          "Workers Planned": 2,
          "Workers Launched": 2,
          "Single Copy": false,
          "Plans": [
            {
              "Node Type": "Aggregate",
              "Strategy": "Plain",
              "Partial Mode": "Partial",
              "Parent Relationship": "Outer",
              "Parallel Aware": false,
              "Startup Cost": 40068.26,
              "Total Cost": 40068.27,
              "Plan Rows": 1,
              "Plan Width": 8,
              "Actual Startup Time": 126.463,
              "Actual Total Time": 126.467,
              "Actual Rows": 1,
              "Actual Loops": 3,
              "Plans": [
                {
                  "Node Type": "Nested Loop",
                  "Parent Relationship": "Outer",
                  "Parallel Aware": false,
                  "Join Type": "Inner",
                  "Startup Cost": 16494.94,
                  "Total Cost": 40064.1,
                  "Plan Rows": 1663,
                  "Plan Width": 0,
                  "Actual Startup Time": 26.584,
                  "Actual Total Time": 126.382,
                  "Actual Rows": 808,
                  "Actual Loops": 3,
                  "Inner Unique": true,
                  "Join Filter": "(mc.movie_id = t.id)",
                  "Rows Removed by Join Filter": 0,
                  "Plans": [
                    {
                      "Node Type": "Hash Join",
                      "Parent Relationship": "Outer",
                      "Parallel Aware": true,
                      "Join Type": "Inner",
                      "Startup Cost": 16494.51,
                      "Total Cost": 33103.64,
                      "Plan Rows": 11739,
                      "Plan Width": 8,
                      "Actual Startup Time": 26.518,
                      "Actual Total Time": 104.947,
                      "Actual Rows": 6151,
                      "Actual Loops": 3,
                      "Inner Unique": false,
                      "Hash Cond": "(mi_idx.movie_id = mc.movie_id)",
                      "Plans": [
                        {
                          "Node Type": "Seq Scan",
                          "Parent Relationship": "Outer",
                          "Parallel Aware": true,
                          "Relation Name": "movie_info_idx",
                          "Alias": "mi_idx",
                          "Startup Cost": 0.0,
                          "Total Cost": 13685.15,
                          "Plan Rows": 575015,
                          "Plan Width": 4,
                          "Actual Startup Time": 0.035,
                          "Actual Total Time": 42.139,
                          "Actual Rows": 460012,
                          "Actual Loops": 3
                        },
                        {
                          "Node Type": "Hash",
                          "Parent Relationship": "Inner",
                          "Parallel Aware": true,
                          "Startup Cost": 16442.87,
                          "Total Cost": 16442.87,
                          "Plan Rows": 4131,
                          "Plan Width": 4,
                          "Actual Startup Time": 19.023,
                          "Actual Total Time": 19.024,
                          "Actual Rows": 3387,
                          "Actual Loops": 3,
                          "Hash Buckets": 16384,
                          "Original Hash Buckets": 16384,
                          "Hash Batches": 1,
                          "Original Hash Batches": 1,
                          "Peak Memory Usage": 608,
                          "Plans": [
                            {
                              "Node Type": "Bitmap Heap Scan",
                              "Parent Relationship": "Outer",
                              "Parallel Aware": true,
                              "Relation Name": "movie_companies",
                              "Alias": "mc",
                              "Startup Cost": 217.27,
                              "Total Cost": 16442.87,
                              "Plan Rows": 4131,
                              "Plan Width": 4,
                              "Actual Startup Time": 2.736,
                              "Actual Total Time": 17.043,
                              "Actual Rows": 3387,
                              "Actual Loops": 3,
                              "Recheck Cond": "(company_id = 2561)",
                              "Rows Removed by Index Recheck": 0,
                              "Exact Heap Blocks": 4365,
                              "Lossy Heap Blocks": 0,
                              "Plans": [
                                {
                                  "Node Type": "Bitmap Index Scan",
                                  "Parent Relationship": "Outer",
                                  "Parallel Aware": false,
                                  "Index Name": "company_id_movie_companies",
                                  "Startup Cost": 0.0,
                                  "Total Cost": 214.79,
                                  "Plan Rows": 9915,
                                  "Plan Width": 0,
                                  "Actual Startup Time": 4.861,
                                  "Actual Total Time": 4.861,
                                  "Actual Rows": 10160,
                                  "Actual Loops": 1,
                                  "Index Cond": "(company_id = 2561)"
                                }
                              ]
                            }
                          ]
                        }
                      ]
                    },
                    {
                      "Node Type": "Index Scan",
                      "Parent Relationship": "Inner",
                      "Parallel Aware": false,
                      "Scan Direction": "Forward",
                      "Index Name": "title_pkey",
                      "Relation Name": "title",
                      "Alias": "t",
                      "Startup Cost": 0.43,
                      "Total Cost": 0.58,
                      "Plan Rows": 1,
                      "Plan Width": 4,
                      "Actual Startup Time": 0.003,
                      "Actual Total Time": 0.003,
                      "Actual Rows": 0,
                      "Actual Loops": 18454,
                      "Index Cond": "(id = mi_idx.movie_id)",
                      "Rows Removed by Index Recheck": 0,
                      "Filter": "(kind_id > 1)",
                      "Rows Removed by Filter": 1
                    }
                  ]
                }
              ]
            }
          ]
        }
      ]
    },
    "Planning Time": 1.452,
    "Triggers": [],
    "Execution Time": 144.155
  }
]