[
    {
        "Bao": {
            "Bao prediction": "NaN",
            "Bao recommended hint": "(no hint)"
        }
    },
    {
        "Plan": {
            "Node Type": "Aggregate",
            "Strategy": "Plain",
            "Partial Mode": "Simple",
            "Parallel Aware": false,
            "Startup Cost": 12940.33,
            "Total Cost": 12940.34,
            "Plan Rows": 1,
            "Plan Width": 8,
            "Actual Startup Time": 13.976,
            "Actual Total Time": 13.978,
            "Actual Rows": 1,
            "Actual Loops": 1,
            "Output": [
                "count(*)"
            ],
            "Plans": [
                {
                    "Node Type": "Bitmap Heap Scan",
                    "Parent Relationship": "Outer",
                    "Parallel Aware": false,
                    "Relation Name": "movie_keyword",
                    "Schema": "public",
                    "Alias": "mk",
                    "Startup Cost": 113.34,
                    "Total Cost": 12927.13,
                    "Plan Rows": 5278,
                    "Plan Width": 0,
                    "Actual Startup Time": 2.936,
                    "Actual Total Time": 13.185,
                    "Actual Rows": 5762,
                    "Actual Loops": 1,
                    "Recheck Cond": "(mk.keyword_id = 750)",
                    "Rows Removed by Index Recheck": 0,
                    "Exact Heap Blocks": 4266,
                    "Lossy Heap Blocks": 0,
                    "Plans": [
                        {
                            "Node Type": "Bitmap Index Scan",
                            "Parent Relationship": "Outer",
                            "Parallel Aware": false,
                            "Index Name": "keyword_id_movie_keyword",
                            "Startup Cost": 0.0,
                            "Total Cost": 112.02,
                            "Plan Rows": 5278,
                            "Plan Width": 0,
                            "Actual Startup Time": 1.64,
                            "Actual Total Time": 1.641,
                            "Actual Rows": 5762,
                            "Actual Loops": 1,
                            "Index Cond": "(mk.keyword_id = 750)"
                        }
                    ]
                }
            ]
        },
        "Planning Time": 287.747,
        "Triggers": [],
        "Execution Time": 14.064
    }
]