[
    {
        "Bao": {
            "Bao prediction": "NaN",
            "Bao recommended hint": "(no hint)"
        }
    },
    {
        "Plan": {
            "Node Type": "Aggregate",
            "Strategy": "Plain",
            "Partial Mode": "Finalize",
            "Parallel Aware": false,
            "Startup Cost": 36988.01,
            "Total Cost": 36988.02,
            "Plan Rows": 1,
            "Plan Width": 8,
            "Actual Startup Time": 116.277,
            "Actual Total Time": 122.838,
            "Actual Rows": 1,
            "Actual Loops": 1,
            "Output": [
                "count(*)"
            ],
            "Plans": [
                {
                    "Node Type": "Gather",
                    "Parent Relationship": "Outer",
                    "Parallel Aware": false,
                    "Startup Cost": 36987.69,
                    "Total Cost": 36988.0,
                    "Plan Rows": 3,
                    "Plan Width": 8,
                    "Actual Startup Time": 115.896,
                    "Actual Total Time": 122.829,
                    "Actual Rows": 4,
                    "Actual Loops": 1,
                    "Output": [
                        "(PARTIAL count(*))"
                    ],
                    "Workers Planned": 3,
                    "Workers Launched": 3,
                    "Single Copy": false,
                    "Plans": [
                        {
                            "Node Type": "Aggregate",
                            "Strategy": "Plain",
                            "Partial Mode": "Partial",
                            "Parent Relationship": "Outer",
                            "Parallel Aware": false,
                            "Startup Cost": 35987.69,
                            "Total Cost": 35987.7,
                            "Plan Rows": 1,
                            "Plan Width": 8,
                            "Actual Startup Time": 107.136,
                            "Actual Total Time": 107.138,
                            "Actual Rows": 1,
                            "Actual Loops": 4,
                            "Output": [
                                "PARTIAL count(*)"
                            ],
                            "Workers": [
                                {
                                    "Worker Number": 0,
                                    "Actual Startup Time": 103.851,
                                    "Actual Total Time": 103.853,
                                    "Actual Rows": 1,
                                    "Actual Loops": 1
                                },
                                {
                                    "Worker Number": 1,
                                    "Actual Startup Time": 104.444,
                                    "Actual Total Time": 104.446,
                                    "Actual Rows": 1,
                                    "Actual Loops": 1
                                },
                                {
                                    "Worker Number": 2,
                                    "Actual Startup Time": 104.6,
                                    "Actual Total Time": 104.602,
                                    "Actual Rows": 1,
                                    "Actual Loops": 1
                                }
                            ],
                            "Plans": [
                                {
                                    "Node Type": "Bitmap Heap Scan",
                                    "Parent Relationship": "Outer",
                                    "Parallel Aware": true,
                                    "Relation Name": "movie_keyword",
                                    "Schema": "public",
                                    "Alias": "mk",
                                    "Startup Cost": 9391.5,
                                    "Total Cost": 35630.66,
                                    "Plan Rows": 142813,
                                    "Plan Width": 0,
                                    "Actual Startup Time": 23.466,
                                    "Actual Total Time": 99.806,
                                    "Actual Rows": 108287,
                                    "Actual Loops": 4,
                                    "Recheck Cond": "(mk.keyword_id > 40465)",
                                    "Rows Removed by Index Recheck": 0,
                                    "Exact Heap Blocks": 11249,
                                    "Lossy Heap Blocks": 0,
                                    "Workers": [
                                        {
                                            "Worker Number": 0,
                                            "Actual Startup Time": 20.565,
                                            "Actual Total Time": 97.328,
                                            "Actual Rows": 73855,
                                            "Actual Loops": 1
                                        },
                                        {
                                            "Worker Number": 1,
                                            "Actual Startup Time": 20.707,
                                            "Actual Total Time": 98.088,
                                            "Actual Rows": 70913,
                                            "Actual Loops": 1
                                        },
                                        {
                                            "Worker Number": 2,
                                            "Actual Startup Time": 20.983,
                                            "Actual Total Time": 98.063,
                                            "Actual Rows": 74586,
                                            "Actual Loops": 1
                                        }
                                    ],
                                    "Plans": [
                                        {
                                            "Node Type": "Bitmap Index Scan",
                                            "Parent Relationship": "Outer",
                                            "Parallel Aware": false,
                                            "Index Name": "keyword_id_movie_keyword",
                                            "Startup Cost": 0.0,
                                            "Total Cost": 9280.83,
                                            "Plan Rows": 442719,
                                            "Plan Width": 0,
                                            "Actual Startup Time": 28.314,
                                            "Actual Total Time": 28.315,
                                            "Actual Rows": 433148,
                                            "Actual Loops": 1,
                                            "Index Cond": "(mk.keyword_id > 40465)"
                                        }
                                    ]
                                }
                            ]
                        }
                    ]
                }
            ]
        },
        "Planning Time": 197.699,
        "Triggers": [],
        "Execution Time": 122.887
    }
]