[
  {
    "Plan": {
      "Node Type": "Aggregate",
      "Strategy": "Plain",
      "Partial Mode": "Finalize",
      "Parallel Aware": false,
      "Startup Cost": 45656.82,
      "Total Cost": 45656.83,
      "Plan Rows": 1,
      "Plan Width": 8,
      "Actual Startup Time": 142.726,
      "Actual Total Time": 152.272,
      "Actual Rows": 1,
      "Actual Loops": 1,
      "Plans": [
        {
          "Node Type": "Gather",
          "Parent Relationship": "Outer",
          "Parallel Aware": false,
          "Startup Cost": 45656.5,
          "Total Cost": 45656.81,
          "Plan Rows": 3,
          "Plan Width": 8,
          "Actual Startup Time": 142.593,
          "Actual Total Time": 152.264,
          "Actual Rows": 4,
          "Actual Loops": 1,
          "Workers Planned": 3,
          "Workers Launched": 3,
          "Single Copy": false,
          "Plans": [
            {
              "Node Type": "Aggregate",
              "Strategy": "Plain",
              "Partial Mode": "Partial",
              "Parent Relationship": "Outer",
              "Parallel Aware": false,
              "Startup Cost": 44656.5,
              "Total Cost": 44656.51,
              "Plan Rows": 1,
              "Plan Width": 8,
              "Actual Startup Time": 137.242,
              "Actual Total Time": 137.243,
              "Actual Rows": 1,
              "Actual Loops": 4,
              "Plans": [
                {
                  "Node Type": "Seq Scan",
                  "Parent Relationship": "Outer",
                  "Parallel Aware": true,
                  "Relation Name": "movie_keyword",
                  "Alias": "mk",
                  "Startup Cost": 0.0,
                  "Total Cost": 42695.65,
                  "Plan Rows": 784339,
                  "Plan Width": 0,
                  "Actual Startup Time": 0.04,
                  "Actual Total Time": 110.799,
                  "Actual Rows": 608530,
                  "Actual Loops": 4,
                  "Filter": "(keyword_id < 5772)",
                  "Rows Removed by Filter": 522452
                }
              ]
            }
          ]
        }
      ]
    },
    "Planning Time": 0.178,
    "Triggers": [],
    "Execution Time": 152.325
  }
]