[
  {
    "Plan": {
      "Node Type": "Aggregate",
      "Strategy": "Plain",
      "Partial Mode": "Finalize",
      "Parallel Aware": false,
      "Startup Cost": 116378.13,
      "Total Cost": 116378.14,
      "Plan Rows": 1,
      "Plan Width": 8,
      "Actual Startup Time": 767.666,
      "Actual Total Time": 817.109,
      "Actual Rows": 1,
      "Actual Loops": 1,
      "Plans": [
        {
          "Node Type": "Gather",
          "Parent Relationship": "Outer",
          "Parallel Aware": false,
          "Startup Cost": 116377.82,
          "Total Cost": 116378.13,
          "Plan Rows": 3,
          "Plan Width": 8,
          "Actual Startup Time": 763.232,
          "Actual Total Time": 817.099,
          "Actual Rows": 4,
          "Actual Loops": 1,
          "Workers Planned": 3,
          "Workers Launched": 3,
          "Single Copy": false,
          "Plans": [
            {
              "Node Type": "Aggregate",
              "Strategy": "Plain",
              "Partial Mode": "Partial",
              "Parent Relationship": "Outer",
              "Parallel Aware": false,
              "Startup Cost": 115377.82,
              "Total Cost": 115377.83,
              "Plan Rows": 1,
              "Plan Width": 8,
              "Actual Startup Time": 757.217,
              "Actual Total Time": 757.222,
              "Actual Rows": 1,
              "Actual Loops": 4,
              "Plans": [
                {
                  "Node Type": "Nested Loop",
                  "Parent Relationship": "Outer",
                  "Parallel Aware": false,
                  "Join Type": "Inner",
                  "Startup Cost": 54469.17,
                  "Total Cost": 115146.3,
                  "Plan Rows": 92606,
                  "Plan Width": 0,
                  "Actual Startup Time": 215.454,
                  "Actual Total Time": 718.565,
                  "Actual Rows": 701902,
                  "Actual Loops": 4,
                  "Inner Unique": false,
                  "Plans": [
                    {
                      "Node Type": "Hash Join",
                      "Parent Relationship": "Outer",
                      "Parallel Aware": true,
                      "Join Type": "Inner",
                      "Startup Cost": 54468.73,
                      "Total Cost": 74788.83,
                      "Plan Rows": 15772,
                      "Plan Width": 8,
                      "Actual Startup Time": 215.344,
                      "Actual Total Time": 279.346,
                      "Actual Rows": 17464,
                      "Actual Loops": 4,
                      "Inner Unique": true,
                      "Hash Cond": "(mc.movie_id = t.id)",
                      "Plans": [
                        {
                          "Node Type": "Bitmap Heap Scan",
                          "Parent Relationship": "Outer",
                          "Parallel Aware": true,
                          "Relation Name": "movie_companies",
                          "Alias": "mc",
                          "Startup Cost": 6276.75,
                          "Total Cost": 26476.24,
                          "Plan Rows": 45943,
                          "Plan Width": 4,
                          "Actual Startup Time": 13.478,
                          "Actual Total Time": 48.718,
                          "Actual Rows": 55002,
                          "Actual Loops": 4,
                          "Recheck Cond": "(company_id < 159)",
                          "Rows Removed by Index Recheck": 0,
                          "Filter": "(company_type_id < 2)",
                          "Rows Removed by Filter": 16327,
                          "Exact Heap Blocks": 7051,
                          "Lossy Heap Blocks": 0,
                          "Plans": [
                            {
                              "Node Type": "Bitmap Index Scan",
                              "Parent Relationship": "Outer",
                              "Parallel Aware": false,
                              "Index Name": "company_id_movie_companies",
                              "Startup Cost": 0.0,
                              "Total Cost": 6241.14,
                              "Plan Rows": 291295,
                              "Plan Width": 0,
                              "Actual Startup Time": 10.925,
                              "Actual Total Time": 10.926,
                              "Actual Rows": 285317,
                              "Actual Loops": 1,
                              "Index Cond": "(company_id < 159)"
                            }
                          ]
                        },
                        {
                          "Node Type": "Hash",
                          "Parent Relationship": "Inner",
                          "Parallel Aware": true,
                          "Startup Cost": 45479.59,
                          "Total Cost": 45479.59,
                          "Plan Rows": 216992,
                          "Plan Width": 4,
                          "Actual Startup Time": 198.975,
                          "Actual Total Time": 198.976,
                          "Actual Rows": 224197,
                          "Actual Loops": 4,
                          "Hash Buckets": 1048576,
                          "Original Hash Buckets": 1048576,
                          "Hash Batches": 1,
                          "Original Hash Batches": 1,
                          "Peak Memory Usage": 43296,
                          "Plans": [
                            {
                              "Node Type": "Seq Scan",
                              "Parent Relationship": "Outer",
                              "Parallel Aware": true,
                              "Relation Name": "title",
                              "Alias": "t",
                              "Startup Cost": 0.0,
                              "Total Cost": 45479.59,
                              "Plan Rows": 216992,
                              "Plan Width": 4,
                              "Actual Startup Time": 0.032,
                              "Actual Total Time": 112.496,
                              "Actual Rows": 224197,
                              "Actual Loops": 4,
                              "Filter": "((kind_id < 7) AND (production_year < 2012))",
                              "Rows Removed by Filter": 407881
                            }
                          ]
                        }
                      ]
                    },
                    {
                      "Node Type": "Index Only Scan",
                      "Parent Relationship": "Inner",
                      "Parallel Aware": false,
                      "Scan Direction": "Forward",
                      "Index Name": "movie_id_movie_info",
                      "Relation Name": "movie_info",
                      "Alias": "mi",
                      "Startup Cost": 0.43,
                      "Total Cost": 2.15,
                      "Plan Rows": 41,
                      "Plan Width": 4,
                      "Actual Startup Time": 0.006,
                      "Actual Total Time": 0.021,
                      "Actual Rows": 40,
                      "Actual Loops": 69854,
                      "Index Cond": "(movie_id = t.id)",
                      "Rows Removed by Index Recheck": 0,
                      "Heap Fetches": 2807606
                    }
                  ]
                }
              ]
            }
          ]
        }
      ]
    },
    "Planning Time": 0.591,
    "Triggers": [],
    "Execution Time": 817.181
  }
]