[
  {
    "Plan": {
      "Node Type": "Aggregate",
      "Strategy": "Plain",
      "Partial Mode": "Finalize",
      "Parallel Aware": false,
      "Startup Cost": 46349.53,
      "Total Cost": 46349.54,
      "Plan Rows": 1,
      "Plan Width": 8,
      "Actual Startup Time": 163.729,
      "Actual Total Time": 173.437,
      "Actual Rows": 1,
      "Actual Loops": 1,
      "Plans": [
        {
          "Node Type": "Gather",
          "Parent Relationship": "Outer",
          "Parallel Aware": false,
          "Startup Cost": 46349.21,
          "Total Cost": 46349.52,
          "Plan Rows": 3,
          "Plan Width": 8,
          "Actual Startup Time": 163.617,
          "Actual Total Time": 173.429,
          "Actual Rows": 4,
          "Actual Loops": 1,
          "Workers Planned": 3,
          "Workers Launched": 3,
          "Single Copy": false,
          "Plans": [
            {
              "Node Type": "Aggregate",
              "Strategy": "Plain",
              "Partial Mode": "Partial",
              "Parent Relationship": "Outer",
              "Parallel Aware": false,
              "Startup Cost": 45349.21,
              "Total Cost": 45349.22,
              "Plan Rows": 1,
              "Plan Width": 8,
              "Actual Startup Time": 156.789,
              "Actual Total Time": 156.79,
              "Actual Rows": 1,
              "Actual Loops": 4,
              "Plans": [
                {
                  "Node Type": "Seq Scan",
                  "Parent Relationship": "Outer",
                  "Parallel Aware": true,
                  "Relation Name": "movie_keyword",
                  "Alias": "mk",
                  "Startup Cost": 0.0,
                  "Total Cost": 42695.65,
                  "Plan Rows": 1061422,
                  "Plan Width": 0,
                  "Actual Startup Time": 0.057,
                  "Actual Total Time": 120.394,
                  "Actual Rows": 820763,
                  "Actual Loops": 4,
                  "Filter": "(keyword_id < 14584)",
                  "Rows Removed by Filter": 310220
                }
              ]
            }
          ]
        }
      ]
    },
    "Planning Time": 0.182,
    "Triggers": [],
    "Execution Time": 173.491
  }
]