[
  {
    "Plan": {
      "Node Type": "Aggregate",
      "Strategy": "Plain",
      "Partial Mode": "Finalize",
      "Parallel Aware": false,
      "Startup Cost": 158276.77,
      "Total Cost": 158276.78,
      "Plan Rows": 1,
      "Plan Width": 8,
      "Actual Startup Time": 1732.4,
      "Actual Total Time": 1776.598,
      "Actual Rows": 1,
      "Actual Loops": 1,
      "Plans": [
        {
          "Node Type": "Gather",
          "Parent Relationship": "Outer",
          "Parallel Aware": false,
          "Startup Cost": 158276.46,
          "Total Cost": 158276.77,
          "Plan Rows": 3,
          "Plan Width": 8,
          "Actual Startup Time": 1726.456,
          "Actual Total Time": 1776.589,
          "Actual Rows": 4,
          "Actual Loops": 1,
          "Workers Planned": 3,
          "Workers Launched": 3,
          "Single Copy": false,
          "Plans": [
            {
              "Node Type": "Aggregate",
              "Strategy": "Plain",
              "Partial Mode": "Partial",
              "Parent Relationship": "Outer",
              "Parallel Aware": false,
              "Startup Cost": 157276.46,
              "Total Cost": 157276.47,
              "Plan Rows": 1,
              "Plan Width": 8,
              "Actual Startup Time": 1716.13,
              "Actual Total Time": 1716.134,
              "Actual Rows": 1,
              "Actual Loops": 4,
              "Plans": [
                {
                  "Node Type": "Nested Loop",
                  "Parent Relationship": "Outer",
                  "Parallel Aware": false,
                  "Join Type": "Inner",
                  "Startup Cost": 52339.62,
                  "Total Cost": 156877.45,
                  "Plan Rows": 159603,
                  "Plan Width": 0,
                  "Actual Startup Time": 205.455,
                  "Actual Total Time": 1565.521,
                  "Actual Rows": 3662054,
                  "Actual Loops": 4,
                  "Inner Unique": false,
                  "Plans": [
                    {
                      "Node Type": "Hash Join",
                      "Parent Relationship": "Outer",
                      "Parallel Aware": true,
                      "Join Type": "Inner",
                      "Startup Cost": 52339.18,
                      "Total Cost": 78024.97,
                      "Plan Rows": 31775,
                      "Plan Width": 8,
                      "Actual Startup Time": 205.274,
                      "Actual Total Time": 267.655,
                      "Actual Rows": 60795,
                      "Actual Loops": 4,
                      "Inner Unique": true,
                      "Hash Cond": "(mk.movie_id = t.id)",
                      "Plans": [
                        {
                          "Node Type": "Bitmap Heap Scan",
                          "Parent Relationship": "Outer",
                          "Parallel Aware": true,
                          "Relation Name": "movie_keyword",
                          "Alias": "mk",
                          "Startup Cost": 5357.04,
                          "Total Cost": 30829.04,
                          "Plan Rows": 81440,
                          "Plan Width": 4,
                          "Actual Startup Time": 16.506,
                          "Actual Total Time": 50.235,
                          "Actual Rows": 64238,
                          "Actual Loops": 4,
                          "Recheck Cond": "(keyword_id > 59820)",
                          "Rows Removed by Index Recheck": 0,
                          "Exact Heap Blocks": 6116,
                          "Lossy Heap Blocks": 0,
                          "Plans": [
                            {
                              "Node Type": "Bitmap Index Scan",
                              "Parent Relationship": "Outer",
                              "Parallel Aware": false,
                              "Index Name": "keyword_id_movie_keyword",
                              "Startup Cost": 0.0,
                              "Total Cost": 5293.92,
                              "Plan Rows": 252465,
                              "Plan Width": 0,
                              "Actual Startup Time": 13.257,
                              "Actual Total Time": 13.258,
                              "Actual Rows": 256952,
                              "Actual Loops": 1,
                              "Index Cond": "(keyword_id > 59820)"
                            }
                          ]
                        },
                        {
                          "Node Type": "Hash",
                          "Parent Relationship": "Inner",
                          "Parallel Aware": true,
                          "Startup Cost": 43899.32,
                          "Total Cost": 43899.32,
                          "Plan Rows": 246626,
                          "Plan Width": 4,
                          "Actual Startup Time": 184.363,
                          "Actual Total Time": 184.364,
                          "Actual Rows": 246262,
                          "Actual Loops": 4,
                          "Hash Buckets": 1048576,
                          "Original Hash Buckets": 1048576,
                          "Hash Batches": 1,
                          "Original Hash Batches": 1,
                          "Peak Memory Usage": 46784,
                          "Plans": [
                            {
                              "Node Type": "Seq Scan",
                              "Parent Relationship": "Outer",
                              "Parallel Aware": true,
                              "Relation Name": "title",
                              "Alias": "t",
                              "Startup Cost": 0.0,
                              "Total Cost": 43899.32,
                              "Plan Rows": 246626,
                              "Plan Width": 4,
                              "Actual Startup Time": 0.043,
                              "Actual Total Time": 101.283,
                              "Actual Rows": 246262,
                              "Actual Loops": 4,
                              "Filter": "(kind_id < 7)",
                              "Rows Removed by Filter": 385816
                            }
                          ]
                        }
                      ]
                    },
                    {
                      "Node Type": "Index Scan",
                      "Parent Relationship": "Inner",
                      "Parallel Aware": false,
                      "Scan Direction": "Forward",
                      "Index Name": "movie_id_movie_info",
                      "Relation Name": "movie_info",
                      "Alias": "mi",
                      "Startup Cost": 0.43,
                      "Total Cost": 2.13,
                      "Plan Rows": 35,
                      "Plan Width": 4,
                      "Actual Startup Time": 0.003,
                      "Actual Total Time": 0.017,
                      "Actual Rows": 60,
                      "Actual Loops": 243180,
                      "Index Cond": "(movie_id = t.id)",
                      "Rows Removed by Index Recheck": 0,
                      "Filter": "(info_type_id > 2)",
                      "Rows Removed by Filter": 2
                    }
                  ]
                }
              ]
            }
          ]
        }
      ]
    },
    "Planning Time": 1.082,
    "Triggers": [],
    "Execution Time": 1776.688
  }
]