[
  {
    "Plan": {
      "Node Type": "Aggregate",
      "Strategy": "Plain",
      "Partial Mode": "Finalize",
      "Parallel Aware": false,
      "Startup Cost": 88540.72,
      "Total Cost": 88540.73,
      "Plan Rows": 1,
      "Plan Width": 8,
      "Actual Startup Time": 248.865,
      "Actual Total Time": 268.819,
      "Actual Rows": 1,
      "Actual Loops": 1,
      "Plans": [
        {
          "Node Type": "Gather",
          "Parent Relationship": "Outer",
          "Parallel Aware": false,
          "Startup Cost": 88540.4,
          "Total Cost": 88540.71,
          "Plan Rows": 3,
          "Plan Width": 8,
          "Actual Startup Time": 248.346,
          "Actual Total Time": 268.808,
          "Actual Rows": 4,
          "Actual Loops": 1,
          "Workers Planned": 3,
          "Workers Launched": 3,
          "Single Copy": false,
          "Plans": [
            {
              "Node Type": "Aggregate",
              "Strategy": "Plain",
              "Partial Mode": "Partial",
              "Parent Relationship": "Outer",
              "Parallel Aware": false,
              "Startup Cost": 87540.4,
              "Total Cost": 87540.41,
              "Plan Rows": 1,
              "Plan Width": 8,
              "Actual Startup Time": 239.219,
              "Actual Total Time": 239.225,
              "Actual Rows": 1,
              "Actual Loops": 4,
              "Plans": [
                {
                  "Node Type": "Hash Join",
                  "Parent Relationship": "Outer",
                  "Parallel Aware": true,
                  "Join Type": "Inner",
                  "Startup Cost": 59818.87,
                  "Total Cost": 87527.53,
                  "Plan Rows": 5148,
                  "Plan Width": 0,
                  "Actual Startup Time": 145.534,
                  "Actual Total Time": 239.104,
                  "Actual Rows": 1009,
                  "Actual Loops": 4,
                  "Inner Unique": true,
                  "Hash Cond": "(mk.movie_id = t.id)",
                  "Plans": [
                    {
                      "Node Type": "Bitmap Heap Scan",
                      "Parent Relationship": "Outer",
                      "Parallel Aware": true,
                      "Relation Name": "movie_keyword",
                      "Alias": "mk",
                      "Startup Cost": 14150.23,
                      "Total Cost": 41294.04,
                      "Plan Rows": 215184,
                      "Plan Width": 4,
                      "Actual Startup Time": 36.612,
                      "Actual Total Time": 102.837,
                      "Actual Rows": 167790,
                      "Actual Loops": 4,
                      "Recheck Cond": "(keyword_id < 536)",
                      "Rows Removed by Index Recheck": 0,
                      "Exact Heap Blocks": 9608,
                      "Lossy Heap Blocks": 0,
                      "Plans": [
                        {
                          "Node Type": "Bitmap Index Scan",
                          "Parent Relationship": "Outer",
                          "Parallel Aware": false,
                          "Index Name": "keyword_id_movie_keyword",
                          "Startup Cost": 0.0,
                          "Total Cost": 13983.47,
                          "Plan Rows": 667071,
                          "Plan Width": 0,
                          "Actual Startup Time": 33.004,
                          "Actual Total Time": 33.007,
                          "Actual Rows": 671159,
                          "Actual Loops": 1,
                          "Index Cond": "(keyword_id < 536)"
                        }
                      ]
                    },
                    {
                      "Node Type": "Hash",
                      "Parent Relationship": "Inner",
                      "Parallel Aware": true,
                      "Startup Cost": 45479.59,
                      "Total Cost": 45479.59,
                      "Plan Rows": 15124,
                      "Plan Width": 4,
                      "Actual Startup Time": 106.792,
                      "Actual Total Time": 106.793,
                      "Actual Rows": 15688,
                      "Actual Loops": 4,
                      "Hash Buckets": 65536,
                      "Original Hash Buckets": 65536,
                      "Hash Batches": 1,
                      "Original Hash Batches": 1,
                      "Peak Memory Usage": 3040,
                      "Plans": [
                        {
                          "Node Type": "Seq Scan",
                          "Parent Relationship": "Outer",
                          "Parallel Aware": true,
                          "Relation Name": "title",
                          "Alias": "t",
                          "Startup Cost": 0.0,
                          "Total Cost": 45479.59,
                          "Plan Rows": 15124,
                          "Plan Width": 4,
                          "Actual Startup Time": 0.051,
                          "Actual Total Time": 100.301,
                          "Actual Rows": 15688,
                          "Actual Loops": 4,
                          "Filter": "((kind_id = 7) AND (production_year = 2005))",
                          "Rows Removed by Filter": 616390
                        }
                      ]
                    }
                  ]
                }
              ]
            }
          ]
        }
      ]
    },
    "Planning Time": 0.623,
    "Triggers": [],
    "Execution Time": 268.914
  }
]