{
  "Plan": {
    "Node Type": "Aggregate",
    "Strategy": "Plain",
    "Partial Mode": "Finalize",
    "Parallel Aware": false,
    "Startup Cost": 77923.94,
    "Total Cost": 77923.95,
    "Plan Rows": 1,
    "Plan Width": 8,
    "Actual Startup Time": 312.539,
    "Actual Total Time": 327.734,
    "Actual Rows": 1,
    "Actual Loops": 1,
    "Plans": [
      {
        "Node Type": "Gather",
        "Parent Relationship": "Outer",
        "Parallel Aware": false,
        "Startup Cost": 77923.83,
        "Total Cost": 77923.94,
        "Plan Rows": 1,
        "Plan Width": 8,
        "Actual Startup Time": 311.795,
        "Actual Total Time": 327.725,
        "Actual Rows": 2,
        "Actual Loops": 1,
        "Workers Planned": 1,
        "Workers Launched": 1,
        "Single Copy": false,
        "Plans": [
          {
            "Node Type": "Aggregate",
            "Strategy": "Plain",
            "Partial Mode": "Partial",
            "Parent Relationship": "Outer",
            "Parallel Aware": false,
            "Startup Cost": 76923.83,
            "Total Cost": 76923.84,
            "Plan Rows": 1,
            "Plan Width": 8,
            "Actual Startup Time": 306.334,
            "Actual Total Time": 306.338,
            "Actual Rows": 1,
            "Actual Loops": 2,
            "Plans": [
              {
                "Node Type": "Hash Join",
                "Parent Relationship": "Outer",
                "Parallel Aware": true,
                "Join Type": "Inner",
                "Startup Cost": 58697.37,
                "Total Cost": 76881.16,
                "Plan Rows": 17069,
                "Plan Width": 0,
                "Actual Startup Time": 202.032,
                "Actual Total Time": 305.087,
                "Actual Rows": 24326,
                "Actual Loops": 2,
                "Inner Unique": true,
                "Hash Cond": "(mi_idx.movie_id = t.id)",
                "Plans": [
                  {
                    "Node Type": "Seq Scan",
                    "Parent Relationship": "Outer",
                    "Parallel Aware": true,
                    "Relation Name": "movie_info_idx",
                    "Alias": "mi_idx",
                    "Startup Cost": 0.0,
                    "Total Cost": 16052.85,
                    "Plan Rows": 811785,
                    "Plan Width": 4,
                    "Actual Startup Time": 0.032,
                    "Actual Total Time": 56.203,
                    "Actual Rows": 690018,
                    "Actual Loops": 2
                  },
                  {
                    "Node Type": "Hash",
                    "Parent Relationship": "Inner",
                    "Parallel Aware": true,
                    "Startup Cost": 58306.47,
                    "Total Cost": 58306.47,
                    "Plan Rows": 31272,
                    "Plan Width": 4,
                    "Actual Startup Time": 176.912,
                    "Actual Total Time": 176.913,
                    "Actual Rows": 67948,
                    "Actual Loops": 2,
                    "Hash Buckets": 262144,
                    "Original Hash Buckets": 65536,
                    "Hash Batches": 1,
                    "Original Hash Batches": 1,
                    "Peak Memory Usage": 8928,
                    "Plans": [
                      {
                        "Node Type": "Seq Scan",
                        "Parent Relationship": "Outer",
                        "Parallel Aware": true,
                        "Relation Name": "title",
                        "Alias": "t",
                        "Startup Cost": 0.0,
                        "Total Cost": 58306.47,
                        "Plan Rows": 31272,
                        "Plan Width": 4,
                        "Actual Startup Time": 5.652,
                        "Actual Total Time": 156.349,
                        "Actual Rows": 67948,
                        "Actual Loops": 2,
                        "Filter": "((kind_id < 7) AND (production_year < 1938))",
                        "Rows Removed by Filter": 1196208
                      }
                    ]
                  }
                ]
              }
            ]
          }
        ]
      }
    ]
  },
  "Planning Time": 0.464,
  "Triggers": [],
  "Execution Time": 327.803
}