[
  {
    "Plan": {
      "Node Type": "Aggregate",
      "Strategy": "Plain",
      "Partial Mode": "Finalize",
      "Parallel Aware": false,
      "Startup Cost": 331684.5,
      "Total Cost": 331684.51,
      "Plan Rows": 1,
      "Plan Width": 8,
      "Actual Startup Time": 402.849,
      "Actual Total Time": 475.017,
      "Actual Rows": 1,
      "Actual Loops": 1,
      "Plans": [
        {
          "Node Type": "Gather",
          "Parent Relationship": "Outer",
          "Parallel Aware": false,
          "Startup Cost": 331684.08,
          "Total Cost": 331684.49,
          "Plan Rows": 4,
          "Plan Width": 8,
          "Actual Startup Time": 402.525,
          "Actual Total Time": 475.001,
          "Actual Rows": 5,
          "Actual Loops": 1,
          "Workers Planned": 4,
          "Workers Launched": 4,
          "Single Copy": false,
          "Plans": [
            {
              "Node Type": "Aggregate",
              "Strategy": "Plain",
              "Partial Mode": "Partial",
              "Parent Relationship": "Outer",
              "Parallel Aware": false,
              "Startup Cost": 330684.08,
              "Total Cost": 330684.09,
              "Plan Rows": 1,
              "Plan Width": 8,
              "Actual Startup Time": 391.199,
              "Actual Total Time": 391.202,
              "Actual Rows": 1,
              "Actual Loops": 5,
              "Plans": [
                {
                  "Node Type": "Nested Loop",
                  "Parent Relationship": "Outer",
                  "Parallel Aware": false,
                  "Join Type": "Inner",
                  "Startup Cost": 0.56,
                  "Total Cost": 330664.16,
                  "Plan Rows": 7969,
                  "Plan Width": 0,
                  "Actual Startup Time": 70.283,
                  "Actual Total Time": 389.937,
                  "Actual Rows": 8950,
                  "Actual Loops": 5,
                  "Inner Unique": false,
                  "Plans": [
                    {
                      "Node Type": "Seq Scan",
                      "Parent Relationship": "Outer",
                      "Parallel Aware": true,
                      "Relation Name": "title",
                      "Alias": "t",
                      "Startup Cost": 0.0,
                      "Total Cost": 45479.59,
                      "Plan Rows": 6475,
                      "Plan Width": 4,
                      "Actual Startup Time": 68.905,
                      "Actual Total Time": 108.77,
                      "Actual Rows": 3091,
                      "Actual Loops": 5,
                      "Filter": "((kind_id = 1) AND (production_year = 2005))",
                      "Rows Removed by Filter": 502571
                    },
                    {
                      "Node Type": "Index Scan",
                      "Parent Relationship": "Inner",
                      "Parallel Aware": false,
                      "Scan Direction": "Forward",
                      "Index Name": "movie_id_cast_info",
                      "Relation Name": "cast_info",
                      "Alias": "ci",
                      "Startup Cost": 0.56,
                      "Total Cost": 44.01,
                      "Plan Rows": 3,
                      "Plan Width": 4,
                      "Actual Startup Time": 0.024,
                      "Actual Total Time": 0.09,
                      "Actual Rows": 3,
                      "Actual Loops": 15457,
                      "Index Cond": "(movie_id = t.id)",
                      "Rows Removed by Index Recheck": 0,
                      "Filter": "((person_id < 877794) AND (role_id = 1))",
                      "Rows Removed by Filter": 16
                    }
                  ]
                }
              ]
            }
          ]
        }
      ]
    },
    "Planning Time": 0.598,
    "Triggers": [],
    "Execution Time": 475.112
  }
]