[
  {
    "Plan": {
      "Node Type": "Aggregate",
      "Strategy": "Plain",
      "Partial Mode": "Finalize",
      "Parallel Aware": false,
      "Startup Cost": 76887.79,
      "Total Cost": 76887.8,
      "Plan Rows": 1,
      "Plan Width": 8,
      "Actual Startup Time": 307.762,
      "Actual Total Time": 321.495,
      "Actual Rows": 1,
      "Actual Loops": 1,
      "Plans": [
        {
          "Node Type": "Gather",
          "Parent Relationship": "Outer",
          "Parallel Aware": false,
          "Startup Cost": 76887.37,
          "Total Cost": 76887.78,
          "Plan Rows": 4,
          "Plan Width": 8,
          "Actual Startup Time": 305.412,
          "Actual Total Time": 321.484,
          "Actual Rows": 5,
          "Actual Loops": 1,
          "Workers Planned": 4,
          "Workers Launched": 4,
          "Single Copy": false,
          "Plans": [
            {
              "Node Type": "Aggregate",
              "Strategy": "Plain",
              "Partial Mode": "Partial",
              "Parent Relationship": "Outer",
              "Parallel Aware": false,
              "Startup Cost": 75887.37,
              "Total Cost": 75887.38,
              "Plan Rows": 1,
              "Plan Width": 8,
              "Actual Startup Time": 296.804,
              "Actual Total Time": 296.808,
              "Actual Rows": 1,
              "Actual Loops": 5,
              "Plans": [
                {
                  "Node Type": "Hash Join",
                  "Parent Relationship": "Outer",
                  "Parallel Aware": true,
                  "Join Type": "Inner",
                  "Startup Cost": 29874.58,
                  "Total Cost": 75654.35,
                  "Plan Rows": 93208,
                  "Plan Width": 0,
                  "Actual Startup Time": 121.662,
                  "Actual Total Time": 292.498,
                  "Actual Rows": 75414,
                  "Actual Loops": 5,
                  "Inner Unique": false,
                  "Hash Cond": "(t.id = mc.movie_id)",
                  "Plans": [
                    {
                      "Node Type": "Seq Scan",
                      "Parent Relationship": "Outer",
                      "Parallel Aware": true,
                      "Relation Name": "title",
                      "Alias": "t",
                      "Startup Cost": 0.0,
                      "Total Cost": 42318.73,
                      "Plan Rows": 632073,
                      "Plan Width": 4,
                      "Actual Startup Time": 0.016,
                      "Actual Total Time": 77.661,
                      "Actual Rows": 505662,
                      "Actual Loops": 5
                    },
                    {
                      "Node Type": "Hash",
                      "Parent Relationship": "Inner",
                      "Parallel Aware": true,
                      "Startup Cost": 28371.23,
                      "Total Cost": 28371.23,
                      "Plan Rows": 120268,
                      "Plan Width": 4,
                      "Actual Startup Time": 94.639,
                      "Actual Total Time": 94.641,
                      "Actual Rows": 75414,
                      "Actual Loops": 5,
                      "Hash Buckets": 524288,
                      "Original Hash Buckets": 524288,
                      "Hash Batches": 1,
                      "Original Hash Batches": 1,
                      "Peak Memory Usage": 18912,
                      "Plans": [
                        {
                          "Node Type": "Bitmap Heap Scan",
                          "Parent Relationship": "Outer",
                          "Parallel Aware": true,
                          "Relation Name": "movie_companies",
                          "Alias": "mc",
                          "Startup Cost": 8077.88,
                          "Total Cost": 28371.23,
                          "Plan Rows": 120268,
                          "Plan Width": 4,
                          "Actual Startup Time": 31.746,
                          "Actual Total Time": 63.63,
                          "Actual Rows": 75414,
                          "Actual Loops": 5,
                          "Recheck Cond": "(company_id > 84725)",
                          "Rows Removed by Index Recheck": 0,
                          "Exact Heap Blocks": 2361,
                          "Lossy Heap Blocks": 0,
                          "Plans": [
                            {
                              "Node Type": "Bitmap Index Scan",
                              "Parent Relationship": "Outer",
                              "Parallel Aware": false,
                              "Index Name": "company_id_movie_companies",
                              "Startup Cost": 0.0,
                              "Total Cost": 7984.67,
                              "Plan Rows": 372832,
                              "Plan Width": 0,
                              "Actual Startup Time": 30.806,
                              "Actual Total Time": 30.806,
                              "Actual Rows": 377070,
                              "Actual Loops": 1,
                              "Index Cond": "(company_id > 84725)"
                            }
                          ]
                        }
                      ]
                    }
                  ]
                }
              ]
            }
          ]
        }
      ]
    },
    "Planning Time": 0.633,
    "Triggers": [],
    "Execution Time": 321.59
  }
]