[
  {
    "Plan": {
      "Node Type": "Aggregate",
      "Strategy": "Plain",
      "Partial Mode": "Finalize",
      "Parallel Aware": false,
      "Startup Cost": 118111.22,
      "Total Cost": 118111.23,
      "Plan Rows": 1,
      "Plan Width": 8,
      "Actual Startup Time": 417.981,
      "Actual Total Time": 455.685,
      "Actual Rows": 1,
      "Actual Loops": 1,
      "Plans": [
        {
          "Node Type": "Gather",
          "Parent Relationship": "Outer",
          "Parallel Aware": false,
          "Startup Cost": 118110.9,
          "Total Cost": 118111.21,
          "Plan Rows": 3,
          "Plan Width": 8,
          "Actual Startup Time": 417.37,
          "Actual Total Time": 455.675,
          "Actual Rows": 4,
          "Actual Loops": 1,
          "Workers Planned": 3,
          "Workers Launched": 3,
          "Single Copy": false,
          "Plans": [
            {
              "Node Type": "Aggregate",
              "Strategy": "Plain",
              "Partial Mode": "Partial",
              "Parent Relationship": "Outer",
              "Parallel Aware": false,
              "Startup Cost": 117110.9,
              "Total Cost": 117110.91,
              "Plan Rows": 1,
              "Plan Width": 8,
              "Actual Startup Time": 408.174,
              "Actual Total Time": 408.177,
              "Actual Rows": 1,
              "Actual Loops": 4,
              "Plans": [
                {
                  "Node Type": "Nested Loop",
                  "Parent Relationship": "Outer",
                  "Parallel Aware": false,
                  "Join Type": "Inner",
                  "Startup Cost": 44287.81,
                  "Total Cost": 117062.78,
                  "Plan Rows": 19247,
                  "Plan Width": 0,
                  "Actual Startup Time": 142.189,
                  "Actual Total Time": 405.144,
                  "Actual Rows": 50984,
                  "Actual Loops": 4,
                  "Inner Unique": false,
                  "Join Filter": "(t.id = mi.movie_id)",
                  "Rows Removed by Join Filter": 0,
                  "Plans": [
                    {
                      "Node Type": "Hash Join",
                      "Parent Relationship": "Outer",
                      "Parallel Aware": true,
                      "Join Type": "Inner",
                      "Startup Cost": 44287.38,
                      "Total Cost": 74719.82,
                      "Plan Rows": 21011,
                      "Plan Width": 8,
                      "Actual Startup Time": 141.924,
                      "Actual Total Time": 228.497,
                      "Actual Rows": 12366,
                      "Actual Loops": 4,
                      "Inner Unique": true,
                      "Hash Cond": "(mc.movie_id = t.id)",
                      "Plans": [
                        {
                          "Node Type": "Seq Scan",
                          "Parent Relationship": "Outer",
                          "Parallel Aware": true,
                          "Relation Name": "movie_companies",
                          "Alias": "mc",
                          "Startup Cost": 0.0,
                          "Total Cost": 29310.68,
                          "Plan Rows": 427336,
                          "Plan Width": 4,
                          "Actual Startup Time": 29.857,
                          "Actual Total Time": 68.078,
                          "Actual Rows": 333721,
                          "Actual Loops": 4,
                          "Filter": "(company_type_id = 2)",
                          "Rows Removed by Filter": 318562
                        },
                        {
                          "Node Type": "Hash",
                          "Parent Relationship": "Inner",
                          "Parallel Aware": true,
                          "Startup Cost": 43898.92,
                          "Total Cost": 43898.92,
                          "Plan Rows": 31077,
                          "Plan Width": 4,
                          "Actual Startup Time": 110.252,
                          "Actual Total Time": 110.253,
                          "Actual Rows": 29891,
                          "Actual Loops": 4,
                          "Hash Buckets": 131072,
                          "Original Hash Buckets": 131072,
                          "Hash Batches": 1,
                          "Original Hash Batches": 1,
                          "Peak Memory Usage": 5760,
                          "Plans": [
                            {
                              "Node Type": "Seq Scan",
                              "Parent Relationship": "Outer",
                              "Parallel Aware": true,
                              "Relation Name": "title",
                              "Alias": "t",
                              "Startup Cost": 0.0,
                              "Total Cost": 43898.92,
                              "Plan Rows": 31077,
                              "Plan Width": 4,
                              "Actual Startup Time": 0.048,
                              "Actual Total Time": 97.319,
                              "Actual Rows": 29891,
                              "Actual Loops": 4,
                              "Filter": "(production_year = 2007)",
                              "Rows Removed by Filter": 602187
                            }
                          ]
                        }
                      ]
                    },
                    {
                      "Node Type": "Index Scan",
                      "Parent Relationship": "Inner",
                      "Parallel Aware": false,
                      "Scan Direction": "Forward",
                      "Index Name": "movie_id_movie_info",
                      "Relation Name": "movie_info",
                      "Alias": "mi",
                      "Startup Cost": 0.43,
                      "Total Cost": 1.93,
                      "Plan Rows": 7,
                      "Plan Width": 4,
                      "Actual Startup Time": 0.008,
                      "Actual Total Time": 0.014,
                      "Actual Rows": 4,
                      "Actual Loops": 49464,
                      "Index Cond": "(movie_id = mc.movie_id)",
                      "Rows Removed by Index Recheck": 0,
                      "Filter": "(info_type_id > 16)",
                      "Rows Removed by Filter": 13
                    }
                  ]
                }
              ]
            }
          ]
        }
      ]
    },
    "Planning Time": 1.875,
    "Triggers": [],
    "Execution Time": 455.782
  }
]