{
  "Plan": {
    "Node Type": "Aggregate",
    "Strategy": "Plain",
    "Partial Mode": "Finalize",
    "Parallel Aware": false,
    "Startup Cost": 101824.08,
    "Total Cost": 101824.09,
    "Plan Rows": 1,
    "Plan Width": 8,
    "Actual Startup Time": 388.4,
    "Actual Total Time": 403.428,
    "Actual Rows": 1,
    "Actual Loops": 1,
    "Plans": [
      {
        "Node Type": "Gather",
        "Parent Relationship": "Outer",
        "Parallel Aware": false,
        "Startup Cost": 101823.97,
        "Total Cost": 101824.08,
        "Plan Rows": 1,
        "Plan Width": 8,
        "Actual Startup Time": 387.046,
        "Actual Total Time": 403.418,
        "Actual Rows": 2,
        "Actual Loops": 1,
        "Workers Planned": 1,
        "Workers Launched": 1,
        "Single Copy": false,
        "Plans": [
          {
            "Node Type": "Aggregate",
            "Strategy": "Plain",
            "Partial Mode": "Partial",
            "Parent Relationship": "Outer",
            "Parallel Aware": false,
            "Startup Cost": 100823.97,
            "Total Cost": 100823.98,
            "Plan Rows": 1,
            "Plan Width": 8,
            "Actual Startup Time": 381.22,
            "Actual Total Time": 381.224,
            "Actual Rows": 1,
            "Actual Loops": 2,
            "Plans": [
              {
                "Node Type": "Hash Join",
                "Parent Relationship": "Outer",
                "Parallel Aware": true,
                "Join Type": "Inner",
                "Startup Cost": 57729.68,
                "Total Cost": 100613.24,
                "Plan Rows": 84291,
                "Plan Width": 0,
                "Actual Startup Time": 211.54,
                "Actual Total Time": 376.16,
                "Actual Rows": 112327,
                "Actual Loops": 2,
                "Inner Unique": true,
                "Hash Cond": "(mc.movie_id = t.id)",
                "Plans": [
                  {
                    "Node Type": "Index Scan",
                    "Parent Relationship": "Outer",
                    "Parallel Aware": true,
                    "Scan Direction": "Forward",
                    "Index Name": "company_type_id_movie_companies",
                    "Relation Name": "movie_companies",
                    "Alias": "mc",
                    "Startup Cost": 0.43,
                    "Total Cost": 41574.35,
                    "Plan Rows": 498908,
                    "Plan Width": 4,
                    "Actual Startup Time": 2.562,
                    "Actual Total Time": 104.635,
                    "Actual Rows": 324591,
                    "Actual Loops": 2,
                    "Index Cond": "(company_type_id < 2)",
                    "Rows Removed by Index Recheck": 0,
                    "Filter": "(company_id > 2640)",
                    "Rows Removed by Filter": 312532
                  },
                  {
                    "Node Type": "Hash",
                    "Parent Relationship": "Inner",
                    "Parallel Aware": true,
                    "Startup Cost": 54588.39,
                    "Total Cost": 54588.39,
                    "Plan Rows": 251269,
                    "Plan Width": 4,
                    "Actual Startup Time": 203.546,
                    "Actual Total Time": 203.547,
                    "Actual Rows": 218758,
                    "Actual Loops": 2,
                    "Hash Buckets": 524288,
                    "Original Hash Buckets": 524288,
                    "Hash Batches": 1,
                    "Original Hash Batches": 1,
                    "Peak Memory Usage": 21248,
                    "Plans": [
                      {
                        "Node Type": "Seq Scan",
                        "Parent Relationship": "Outer",
                        "Parallel Aware": true,
                        "Relation Name": "title",
                        "Alias": "t",
                        "Startup Cost": 0.0,
                        "Total Cost": 54588.39,
                        "Plan Rows": 251269,
                        "Plan Width": 4,
                        "Actual Startup Time": 0.031,
                        "Actual Total Time": 149.734,
                        "Actual Rows": 218758,
                        "Actual Loops": 2,
                        "Filter": "(production_year < 1975)",
                        "Rows Removed by Filter": 1045398
                      }
                    ]
                  }
                ]
              }
            ]
          }
        ]
      }
    ]
  },
  "Planning Time": 0.645,
  "Triggers": [],
  "Execution Time": 403.5
}