{
  "Plan": {
    "Node Type": "Aggregate",
    "Strategy": "Plain",
    "Partial Mode": "Finalize",
    "Parallel Aware": false,
    "Startup Cost": 1149526.18,
    "Total Cost": 1149526.19,
    "Plan Rows": 1,
    "Plan Width": 8,
    "Actual Startup Time": 8656.234,
    "Actual Total Time": 8724.897,
    "Actual Rows": 1,
    "Actual Loops": 1,
    "Plans": [
      {
        "Node Type": "Gather",
        "Parent Relationship": "Outer",
        "Parallel Aware": false,
        "Startup Cost": 1149526.07,
        "Total Cost": 1149526.18,
        "Plan Rows": 1,
        "Plan Width": 8,
        "Actual Startup Time": 8649.73,
        "Actual Total Time": 8724.889,
        "Actual Rows": 2,
        "Actual Loops": 1,
        "Workers Planned": 1,
        "Workers Launched": 1,
        "Single Copy": false,
        "Plans": [
          {
            "Node Type": "Aggregate",
            "Strategy": "Plain",
            "Partial Mode": "Partial",
            "Parent Relationship": "Outer",
            "Parallel Aware": false,
            "Startup Cost": 1148526.07,
            "Total Cost": 1148526.08,
            "Plan Rows": 1,
            "Plan Width": 8,
            "Actual Startup Time": 8645.816,
            "Actual Total Time": 8645.822,
            "Actual Rows": 1,
            "Actual Loops": 2,
            "Plans": [
              {
                "Node Type": "Merge Join",
                "Parent Relationship": "Outer",
                "Parallel Aware": false,
                "Join Type": "Inner",
                "Startup Cost": 959610.44,
                "Total Cost": 1145138.88,
                "Plan Rows": 1354875,
                "Plan Width": 0,
                "Actual Startup Time": 6764.428,
                "Actual Total Time": 8390.822,
                "Actual Rows": 6601579,
                "Actual Loops": 2,
                "Inner Unique": false,
                "Merge Cond": "(mk.movie_id = t.id)",
                "Plans": [
                  {
                    "Node Type": "Index Only Scan",
                    "Parent Relationship": "Outer",
                    "Parallel Aware": true,
                    "Scan Direction": "Forward",
                    "Index Name": "movie_id_movie_keyword",
                    "Relation Name": "movie_keyword",
                    "Alias": "mk",
                    "Startup Cost": 0.43,
                    "Total Cost": 158560.11,
                    "Plan Rows": 2661135,
                    "Plan Width": 4,
                    "Actual Startup Time": 0.075,
                    "Actual Total Time": 421.371,
                    "Actual Rows": 2261946,
                    "Actual Loops": 2,
                    "Heap Fetches": 4523893
                  },
                  {
                    "Node Type": "Sort",
                    "Parent Relationship": "Inner",
                    "Parallel Aware": false,
                    "Startup Cost": 959609.28,
                    "Total Cost": 962827.38,
                    "Plan Rows": 1287240,
                    "Plan Width": 8,
                    "Actual Startup Time": 6764.305,
                    "Actual Total Time": 7207.652,
                    "Actual Rows": 7627593,
                    "Actual Loops": 2,
                    "Sort Key": [
                      "ci.movie_id"
                    ],
                    "Sort Method": "quicksort",
                    "Sort Space Used": 115753,
                    "Sort Space Type": "Memory",
                    "Workers": [
                      {
                        "Worker Number": 0,
                        "Sort Method": "quicksort",
                        "Sort Space Used": 115753,
                        "Sort Space Type": "Memory"
                      }
                    ],
                    "Plans": [
                      {
                        "Node Type": "Hash Join",
                        "Parent Relationship": "Outer",
                        "Parallel Aware": false,
                        "Join Type": "Inner",
                        "Startup Cost": 70602.93,
                        "Total Cost": 828981.14,
                        "Plan Rows": 1287240,
                        "Plan Width": 8,
                        "Actual Startup Time": 1106.45,
                        "Actual Total Time": 6409.365,
                        "Actual Rows": 1420817,
                        "Actual Loops": 2,
                        "Inner Unique": true,
                        "Hash Cond": "(ci.movie_id = t.id)",
                        "Plans": [
                          {
                            "Node Type": "Seq Scan",
                            "Parent Relationship": "Outer",
                            "Parallel Aware": false,
                            "Relation Name": "cast_info",
                            "Alias": "ci",
                            "Startup Cost": 0.0,
                            "Total Cost": 705537.15,
                            "Plan Rows": 20129893,
                            "Plan Width": 4,
                            "Actual Startup Time": 828.288,
                            "Actual Total Time": 2961.427,
                            "Actual Rows": 20160863,
                            "Actual Loops": 2,
                            "Filter": "(person_id > 1592593)",
                            "Rows Removed by Filter": 16083481
                          },
                          {
                            "Node Type": "Hash",
                            "Parent Relationship": "Inner",
                            "Parallel Aware": false,
                            "Startup Cost": 68581.98,
                            "Total Cost": 68581.98,
                            "Plan Rows": 161676,
                            "Plan Width": 4,
                            "Actual Startup Time": 277.395,
                            "Actual Total Time": 277.396,
                            "Actual Rows": 269915,
                            "Actual Loops": 2,
                            "Hash Buckets": 524288,
                            "Original Hash Buckets": 262144,
                            "Hash Batches": 1,
                            "Original Hash Batches": 1,
                            "Peak Memory Usage": 13586,
                            "Plans": [
                              {
                                "Node Type": "Bitmap Heap Scan",
                                "Parent Relationship": "Outer",
                                "Parallel Aware": false,
                                "Relation Name": "title",
                                "Alias": "t",
                                "Startup Cost": 17712.56,
                                "Total Cost": 68581.98,
                                "Plan Rows": 161676,
                                "Plan Width": 4,
                                "Actual Startup Time": 47.447,
                                "Actual Total Time": 220.843,
                                "Actual Rows": 269915,
                                "Actual Loops": 2,
                                "Recheck Cond": "(kind_id < 7)",
                                "Rows Removed by Index Recheck": 0,
                                "Filter": "(production_year < 1974)",
                                "Rows Removed by Filter": 715133,
                                "Exact Heap Blocks": 35472,
                                "Lossy Heap Blocks": 0,
                                "Plans": [
                                  {
                                    "Node Type": "Bitmap Index Scan",
                                    "Parent Relationship": "Outer",
                                    "Parallel Aware": false,
                                    "Index Name": "kind_id_title",
                                    "Startup Cost": 0.0,
                                    "Total Cost": 17672.14,
                                    "Plan Rows": 991428,
                                    "Plan Width": 0,
                                    "Actual Startup Time": 41.104,
                                    "Actual Total Time": 41.104,
                                    "Actual Rows": 985048,
                                    "Actual Loops": 2,
                                    "Index Cond": "(kind_id < 7)"
                                  }
                                ]
                              }
                            ]
                          }
                        ]
                      }
                    ]
                  }
                ]
              }
            ]
          }
        ]
      }
    ]
  },
  "Planning Time": 0.652,
  "Triggers": [],
  "Execution Time": 8736.042
}