[
    {
        "Bao": {
            "Bao prediction": "NaN",
            "Bao recommended hint": "(no hint)"
        }
    },
    {
        "Plan": {
            "Node Type": "Aggregate",
            "Strategy": "Plain",
            "Partial Mode": "Finalize",
            "Parallel Aware": false,
            "Startup Cost": 347252.49,
            "Total Cost": 347252.5,
            "Plan Rows": 1,
            "Plan Width": 8,
            "Actual Startup Time": 688.082,
            "Actual Total Time": 721.124,
            "Actual Rows": 1,
            "Actual Loops": 1,
            "Output": [
                "count(*)"
            ],
            "Plans": [
                {
                    "Node Type": "Gather",
                    "Parent Relationship": "Outer",
                    "Parallel Aware": false,
                    "Startup Cost": 347251.86,
                    "Total Cost": 347252.47,
                    "Plan Rows": 6,
                    "Plan Width": 8,
                    "Actual Startup Time": 687.981,
                    "Actual Total Time": 721.113,
                    "Actual Rows": 7,
                    "Actual Loops": 1,
                    "Output": [
                        "(PARTIAL count(*))"
                    ],
                    "Workers Planned": 6,
                    "Workers Launched": 6,
                    "Single Copy": false,
                    "Plans": [
                        {
                            "Node Type": "Aggregate",
                            "Strategy": "Plain",
                            "Partial Mode": "Partial",
                            "Parent Relationship": "Outer",
                            "Parallel Aware": false,
                            "Startup Cost": 346251.86,
                            "Total Cost": 346251.88,
                            "Plan Rows": 1,
                            "Plan Width": 8,
                            "Actual Startup Time": 677.715,
                            "Actual Total Time": 677.716,
                            "Actual Rows": 1,
                            "Actual Loops": 7,
                            "Output": [
                                "PARTIAL count(*)"
                            ],
                            "Workers": [
                                {
                                    "Worker Number": 0,
                                    "Actual Startup Time": 675.706,
                                    "Actual Total Time": 675.708,
                                    "Actual Rows": 1,
                                    "Actual Loops": 1
                                },
                                {
                                    "Worker Number": 1,
                                    "Actual Startup Time": 676.048,
                                    "Actual Total Time": 676.049,
                                    "Actual Rows": 1,
                                    "Actual Loops": 1
                                },
                                {
                                    "Worker Number": 2,
                                    "Actual Startup Time": 676.17,
                                    "Actual Total Time": 676.171,
                                    "Actual Rows": 1,
                                    "Actual Loops": 1
                                },
                                {
                                    "Worker Number": 3,
                                    "Actual Startup Time": 676.072,
                                    "Actual Total Time": 676.073,
                                    "Actual Rows": 1,
                                    "Actual Loops": 1
                                },
                                {
                                    "Worker Number": 4,
                                    "Actual Startup Time": 676.074,
                                    "Actual Total Time": 676.075,
                                    "Actual Rows": 1,
                                    "Actual Loops": 1
                                },
                                {
                                    "Worker Number": 5,
                                    "Actual Startup Time": 676.876,
                                    "Actual Total Time": 676.877,
                                    "Actual Rows": 1,
                                    "Actual Loops": 1
                                }
                            ],
                            "Plans": [
                                {
                                    "Node Type": "Seq Scan",
                                    "Parent Relationship": "Outer",
                                    "Parallel Aware": true,
                                    "Relation Name": "cast_info",
                                    "Schema": "public",
                                    "Alias": "ci",
                                    "Startup Cost": 0.0,
                                    "Total Cost": 343318.94,
                                    "Plan Rows": 1173170,
                                    "Plan Width": 0,
                                    "Actual Startup Time": 321.635,
                                    "Actual Total Time": 659.617,
                                    "Actual Rows": 326733,
                                    "Actual Loops": 7,
                                    "Output": [
                                        "id",
                                        "person_id",
                                        "movie_id",
                                        "person_role_id",
                                        "note",
                                        "nr_order",
                                        "role_id"
                                    ],
                                    "Filter": "((ci.person_id > 2403143) AND (ci.role_id < 3))",
                                    "Rows Removed by Filter": 4851031,
                                    "Workers": [
                                        {
                                            "Worker Number": 0,
                                            "Actual Startup Time": 319.626,
                                            "Actual Total Time": 657.748,
                                            "Actual Rows": 271752,
                                            "Actual Loops": 1
                                        },
                                        {
                                            "Worker Number": 1,
                                            "Actual Startup Time": 319.97,
                                            "Actual Total Time": 658.178,
                                            "Actual Rows": 272231,
                                            "Actual Loops": 1
                                        },
                                        {
                                            "Worker Number": 2,
                                            "Actual Startup Time": 320.087,
                                            "Actual Total Time": 658.236,
                                            "Actual Rows": 271630,
                                            "Actual Loops": 1
                                        },
                                        {
                                            "Worker Number": 3,
                                            "Actual Startup Time": 319.995,
                                            "Actual Total Time": 658.09,
                                            "Actual Rows": 272741,
                                            "Actual Loops": 1
                                        },
                                        {
                                            "Worker Number": 4,
                                            "Actual Startup Time": 319.992,
                                            "Actual Total Time": 657.866,
                                            "Actual Rows": 444824,
                                            "Actual Loops": 1
                                        },
                                        {
                                            "Worker Number": 5,
                                            "Actual Startup Time": 320.793,
                                            "Actual Total Time": 659.378,
                                            "Actual Rows": 432980,
                                            "Actual Loops": 1
                                        }
                                    ]
                                }
                            ]
                        }
                    ]
                }
            ]
        },
        "Planning Time": 395.473,
        "Triggers": [],
        "Execution Time": 721.242
    }
]