[
  {
    "Plan": {
      "Node Type": "Aggregate",
      "Strategy": "Plain",
      "Partial Mode": "Finalize",
      "Parallel Aware": false,
      "Startup Cost": 332754.03,
      "Total Cost": 332754.04,
      "Plan Rows": 1,
      "Plan Width": 8,
      "Actual Startup Time": 294.344,
      "Actual Total Time": 346.834,
      "Actual Rows": 1,
      "Actual Loops": 1,
      "Plans": [
        {
          "Node Type": "Gather",
          "Parent Relationship": "Outer",
          "Parallel Aware": false,
          "Startup Cost": 332753.61,
          "Total Cost": 332754.02,
          "Plan Rows": 4,
          "Plan Width": 8,
          "Actual Startup Time": 294.233,
          "Actual Total Time": 346.826,
          "Actual Rows": 5,
          "Actual Loops": 1,
          "Workers Planned": 4,
          "Workers Launched": 4,
          "Single Copy": false,
          "Plans": [
            {
              "Node Type": "Aggregate",
              "Strategy": "Plain",
              "Partial Mode": "Partial",
              "Parent Relationship": "Outer",
              "Parallel Aware": false,
              "Startup Cost": 331753.61,
              "Total Cost": 331753.62,
              "Plan Rows": 1,
              "Plan Width": 8,
              "Actual Startup Time": 284.462,
              "Actual Total Time": 284.463,
              "Actual Rows": 1,
              "Actual Loops": 5,
              "Plans": [
                {
                  "Node Type": "Nested Loop",
                  "Parent Relationship": "Outer",
                  "Parallel Aware": false,
                  "Join Type": "Inner",
                  "Startup Cost": 0.56,
                  "Total Cost": 331524.92,
                  "Plan Rows": 91473,
                  "Plan Width": 0,
                  "Actual Startup Time": 57.543,
                  "Actual Total Time": 279.753,
                  "Actual Rows": 58621,
                  "Actual Loops": 5,
                  "Inner Unique": false,
                  "Plans": [
                    {
                      "Node Type": "Seq Scan",
                      "Parent Relationship": "Outer",
                      "Parallel Aware": true,
                      "Relation Name": "title",
                      "Alias": "t",
                      "Startup Cost": 0.0,
                      "Total Cost": 45479.1,
                      "Plan Rows": 6384,
                      "Plan Width": 4,
                      "Actual Startup Time": 57.438,
                      "Actual Total Time": 82.354,
                      "Actual Rows": 3091,
                      "Actual Loops": 5,
                      "Filter": "((kind_id = 1) AND (production_year = 2005))",
                      "Rows Removed by Filter": 502571
                    },
                    {
                      "Node Type": "Index Only Scan",
                      "Parent Relationship": "Inner",
                      "Parallel Aware": false,
                      "Scan Direction": "Forward",
                      "Index Name": "movie_id_cast_info",
                      "Relation Name": "cast_info",
                      "Alias": "ci",
                      "Startup Cost": 0.56,
                      "Total Cost": 44.44,
                      "Plan Rows": 37,
                      "Plan Width": 4,
                      "Actual Startup Time": 0.011,
                      "Actual Total Time": 0.062,
                      "Actual Rows": 19,
                      "Actual Loops": 15457,
                      "Index Cond": "(movie_id = t.id)",
                      "Rows Removed by Index Recheck": 0,
                      "Heap Fetches": 293103
                    }
                  ]
                }
              ]
            }
          ]
        }
      ]
    },
    "Planning Time": 0.619,
    "Triggers": [],
    "Execution Time": 346.922
  }
]