[
  {
    "Plan": {
      "Node Type": "Aggregate",
      "Strategy": "Plain",
      "Partial Mode": "Finalize",
      "Parallel Aware": false,
      "Startup Cost": 45852.05,
      "Total Cost": 45852.06,
      "Plan Rows": 1,
      "Plan Width": 8,
      "Actual Startup Time": 139.961,
      "Actual Total Time": 149.623,
      "Actual Rows": 1,
      "Actual Loops": 1,
      "Plans": [
        {
          "Node Type": "Gather",
          "Parent Relationship": "Outer",
          "Parallel Aware": false,
          "Startup Cost": 45851.73,
          "Total Cost": 45852.04,
          "Plan Rows": 3,
          "Plan Width": 8,
          "Actual Startup Time": 139.784,
          "Actual Total Time": 149.614,
          "Actual Rows": 4,
          "Actual Loops": 1,
          "Workers Planned": 3,
          "Workers Launched": 3,
          "Single Copy": false,
          "Plans": [
            {
              "Node Type": "Aggregate",
              "Strategy": "Plain",
              "Partial Mode": "Partial",
              "Parent Relationship": "Outer",
              "Parallel Aware": false,
              "Startup Cost": 44851.73,
              "Total Cost": 44851.74,
              "Plan Rows": 1,
              "Plan Width": 8,
              "Actual Startup Time": 136.233,
              "Actual Total Time": 136.234,
              "Actual Rows": 1,
              "Actual Loops": 4,
              "Plans": [
                {
                  "Node Type": "Seq Scan",
                  "Parent Relationship": "Outer",
                  "Parallel Aware": true,
                  "Relation Name": "movie_keyword",
                  "Alias": "mk",
                  "Startup Cost": 0.0,
                  "Total Cost": 42695.65,
                  "Plan Rows": 862430,
                  "Plan Width": 0,
                  "Actual Startup Time": 0.258,
                  "Actual Total Time": 107.903,
                  "Actual Rows": 666678,
                  "Actual Loops": 4,
                  "Filter": "(keyword_id > 3089)",
                  "Rows Removed by Filter": 464305
                }
              ]
            }
          ]
        }
      ]
    },
    "Planning Time": 0.117,
    "Triggers": [],
    "Execution Time": 149.659
  }
]