[
  {
    "Plan": {
      "Node Type": "Aggregate",
      "Strategy": "Plain",
      "Partial Mode": "Finalize",
      "Parallel Aware": false,
      "Startup Cost": 79926.38,
      "Total Cost": 79926.39,
      "Plan Rows": 1,
      "Plan Width": 8,
      "Actual Startup Time": 235.821,
      "Actual Total Time": 250.598,
      "Actual Rows": 1,
      "Actual Loops": 1,
      "Plans": [
        {
          "Node Type": "Gather",
          "Parent Relationship": "Outer",
          "Parallel Aware": false,
          "Startup Cost": 79925.96,
          "Total Cost": 79926.37,
          "Plan Rows": 4,
          "Plan Width": 8,
          "Actual Startup Time": 233.909,
          "Actual Total Time": 250.589,
          "Actual Rows": 5,
          "Actual Loops": 1,
          "Workers Planned": 4,
          "Workers Launched": 4,
          "Single Copy": false,
          "Plans": [
            {
              "Node Type": "Aggregate",
              "Strategy": "Plain",
              "Partial Mode": "Partial",
              "Parent Relationship": "Outer",
              "Parallel Aware": false,
              "Startup Cost": 78925.96,
              "Total Cost": 78925.97,
              "Plan Rows": 1,
              "Plan Width": 8,
              "Actual Startup Time": 224.127,
              "Actual Total Time": 224.13,
              "Actual Rows": 1,
              "Actual Loops": 5,
              "Plans": [
                {
                  "Node Type": "Hash Join",
                  "Parent Relationship": "Outer",
                  "Parallel Aware": true,
                  "Join Type": "Inner",
                  "Startup Cost": 32914.48,
                  "Total Cost": 78693.51,
                  "Plan Rows": 92979,
                  "Plan Width": 0,
                  "Actual Startup Time": 83.274,
                  "Actual Total Time": 221.957,
                  "Actual Rows": 42088,
                  "Actual Loops": 5,
                  "Inner Unique": false,
                  "Hash Cond": "(t.id = mc.movie_id)",
                  "Plans": [
                    {
                      "Node Type": "Seq Scan",
                      "Parent Relationship": "Outer",
                      "Parallel Aware": true,
                      "Relation Name": "title",
                      "Alias": "t",
                      "Startup Cost": 0.0,
                      "Total Cost": 42318.73,
                      "Plan Rows": 632073,
                      "Plan Width": 4,
                      "Actual Startup Time": 0.013,
                      "Actual Total Time": 63.584,
                      "Actual Rows": 505662,
                      "Actual Loops": 5
                    },
                    {
                      "Node Type": "Hash",
                      "Parent Relationship": "Inner",
                      "Parallel Aware": true,
                      "Startup Cost": 31414.82,
                      "Total Cost": 31414.82,
                      "Plan Rows": 119973,
                      "Plan Width": 4,
                      "Actual Startup Time": 80.095,
                      "Actual Total Time": 80.096,
                      "Actual Rows": 42088,
                      "Actual Loops": 5,
                      "Hash Buckets": 524288,
                      "Original Hash Buckets": 524288,
                      "Hash Batches": 1,
                      "Original Hash Batches": 1,
                      "Peak Memory Usage": 12416,
                      "Plans": [
                        {
                          "Node Type": "Seq Scan",
                          "Parent Relationship": "Outer",
                          "Parallel Aware": true,
                          "Relation Name": "movie_companies",
                          "Alias": "mc",
                          "Startup Cost": 0.0,
                          "Total Cost": 31414.82,
                          "Plan Rows": 119973,
                          "Plan Width": 4,
                          "Actual Startup Time": 41.609,
                          "Actual Total Time": 65.876,
                          "Actual Rows": 42088,
                          "Actual Loops": 5,
                          "Filter": "((company_id < 1427) AND (company_type_id = 2))",
                          "Rows Removed by Filter": 479737
                        }
                      ]
                    }
                  ]
                }
              ]
            }
          ]
        }
      ]
    },
    "Planning Time": 0.645,
    "Triggers": [],
    "Execution Time": 250.667
  }
]