[
  {
    "Plan": {
      "Node Type": "Aggregate",
      "Strategy": "Plain",
      "Partial Mode": "Finalize",
      "Parallel Aware": false,
      "Startup Cost": 393543.37,
      "Total Cost": 393543.38,
      "Plan Rows": 1,
      "Plan Width": 8,
      "Actual Startup Time": 1244.439,
      "Actual Total Time": 1276.992,
      "Actual Rows": 1,
      "Actual Loops": 1,
      "Plans": [
        {
          "Node Type": "Gather",
          "Parent Relationship": "Outer",
          "Parallel Aware": false,
          "Startup Cost": 393542.74,
          "Total Cost": 393543.35,
          "Plan Rows": 6,
          "Plan Width": 8,
          "Actual Startup Time": 1239.434,
          "Actual Total Time": 1276.979,
          "Actual Rows": 7,
          "Actual Loops": 1,
          "Workers Planned": 6,
          "Workers Launched": 6,
          "Single Copy": false,
          "Plans": [
            {
              "Node Type": "Aggregate",
              "Strategy": "Plain",
              "Partial Mode": "Partial",
              "Parent Relationship": "Outer",
              "Parallel Aware": false,
              "Startup Cost": 392542.74,
              "Total Cost": 392542.75,
              "Plan Rows": 1,
              "Plan Width": 8,
              "Actual Startup Time": 1228.187,
              "Actual Total Time": 1228.191,
              "Actual Rows": 1,
              "Actual Loops": 7,
              "Plans": [
                {
                  "Node Type": "Hash Join",
                  "Parent Relationship": "Outer",
                  "Parallel Aware": true,
                  "Join Type": "Inner",
                  "Startup Cost": 46562.64,
                  "Total Cost": 391370.3,
                  "Plan Rows": 468976,
                  "Plan Width": 0,
                  "Actual Startup Time": 153.882,
                  "Actual Total Time": 1186.264,
                  "Actual Rows": 696692,
                  "Actual Loops": 7,
                  "Inner Unique": true,
                  "Hash Cond": "(ci.movie_id = t.id)",
                  "Plans": [
                    {
                      "Node Type": "Index Scan",
                      "Parent Relationship": "Outer",
                      "Parallel Aware": true,
                      "Scan Direction": "Forward",
                      "Index Name": "role_id_cast_info",
                      "Relation Name": "cast_info",
                      "Alias": "ci",
                      "Startup Cost": 0.56,
                      "Total Cost": 341155.22,
                      "Plan Rows": 1391619,
                      "Plan Width": 4,
                      "Actual Startup Time": 0.247,
                      "Actual Total Time": 458.927,
                      "Actual Rows": 1810098,
                      "Actual Loops": 7,
                      "Index Cond": "(role_id = 1)",
                      "Rows Removed by Index Recheck": 0,
                      "Filter": "(person_id < 2459596)",
                      "Rows Removed by Filter": 0
                    },
                    {
                      "Node Type": "Hash",
                      "Parent Relationship": "Inner",
                      "Parallel Aware": true,
                      "Startup Cost": 43899.32,
                      "Total Cost": 43899.32,
                      "Plan Rows": 213020,
                      "Plan Width": 4,
                      "Actual Startup Time": 150.459,
                      "Actual Total Time": 150.46,
                      "Actual Rows": 122031,
                      "Actual Loops": 7,
                      "Hash Buckets": 1048576,
                      "Original Hash Buckets": 1048576,
                      "Hash Batches": 1,
                      "Original Hash Batches": 1,
                      "Peak Memory Usage": 41792,
                      "Plans": [
                        {
                          "Node Type": "Seq Scan",
                          "Parent Relationship": "Outer",
                          "Parallel Aware": true,
                          "Relation Name": "title",
                          "Alias": "t",
                          "Startup Cost": 0.0,
                          "Total Cost": 43899.32,
                          "Plan Rows": 213020,
                          "Plan Width": 4,
                          "Actual Startup Time": 0.052,
                          "Actual Total Time": 87.027,
                          "Actual Rows": 122031,
                          "Actual Loops": 7,
                          "Filter": "(kind_id < 4)",
                          "Rows Removed by Filter": 239157
                        }
                      ]
                    }
                  ]
                }
              ]
            }
          ]
        }
      ]
    },
    "Planning Time": 0.521,
    "Triggers": [],
    "Execution Time": 1277.067
  }
]