[
  {
    "Plan": {
      "Node Type": "Aggregate",
      "Strategy": "Plain",
      "Partial Mode": "Finalize",
      "Parallel Aware": false,
      "Startup Cost": 139357.78,
      "Total Cost": 139357.79,
      "Plan Rows": 1,
      "Plan Width": 8,
      "Actual Startup Time": 714.617,
      "Actual Total Time": 760.361,
      "Actual Rows": 1,
      "Actual Loops": 1,
      "Plans": [
        {
          "Node Type": "Gather",
          "Parent Relationship": "Outer",
          "Parallel Aware": false,
          "Startup Cost": 139357.46,
          "Total Cost": 139357.77,
          "Plan Rows": 3,
          "Plan Width": 8,
          "Actual Startup Time": 714.107,
          "Actual Total Time": 760.352,
          "Actual Rows": 4,
          "Actual Loops": 1,
          "Workers Planned": 3,
          "Workers Launched": 3,
          "Single Copy": false,
          "Plans": [
            {
              "Node Type": "Aggregate",
              "Strategy": "Plain",
              "Partial Mode": "Partial",
              "Parent Relationship": "Outer",
              "Parallel Aware": false,
              "Startup Cost": 138357.46,
              "Total Cost": 138357.47,
              "Plan Rows": 1,
              "Plan Width": 8,
              "Actual Startup Time": 704.644,
              "Actual Total Time": 704.647,
              "Actual Rows": 1,
              "Actual Loops": 4,
              "Plans": [
                {
                  "Node Type": "Nested Loop",
                  "Parent Relationship": "Outer",
                  "Parallel Aware": false,
                  "Join Type": "Inner",
                  "Startup Cost": 44208.86,
                  "Total Cost": 137956.37,
                  "Plan Rows": 160437,
                  "Plan Width": 0,
                  "Actual Startup Time": 122.098,
                  "Actual Total Time": 679.864,
                  "Actual Rows": 563971,
                  "Actual Loops": 4,
                  "Inner Unique": false,
                  "Join Filter": "(t.id = mi.movie_id)",
                  "Rows Removed by Join Filter": 0,
                  "Plans": [
                    {
                      "Node Type": "Hash Join",
                      "Parent Relationship": "Outer",
                      "Parallel Aware": true,
                      "Join Type": "Inner",
                      "Startup Cost": 44208.43,
                      "Total Cost": 75478.98,
                      "Plan Rows": 29248,
                      "Plan Width": 8,
                      "Actual Startup Time": 122.031,
                      "Actual Total Time": 245.53,
                      "Actual Rows": 47869,
                      "Actual Loops": 4,
                      "Inner Unique": true,
                      "Hash Cond": "(mc.movie_id = t.id)",
                      "Plans": [
                        {
                          "Node Type": "Seq Scan",
                          "Parent Relationship": "Outer",
                          "Parallel Aware": true,
                          "Relation Name": "movie_companies",
                          "Alias": "mc",
                          "Startup Cost": 0.0,
                          "Total Cost": 29310.68,
                          "Plan Rows": 746616,
                          "Plan Width": 4,
                          "Actual Startup Time": 0.041,
                          "Actual Total Time": 70.072,
                          "Actual Rows": 579063,
                          "Actual Loops": 4,
                          "Filter": "(company_id > 159)",
                          "Rows Removed by Filter": 73219
                        },
                        {
                          "Node Type": "Hash",
                          "Parent Relationship": "Inner",
                          "Parallel Aware": true,
                          "Startup Cost": 43898.92,
                          "Total Cost": 43898.92,
                          "Plan Rows": 24761,
                          "Plan Width": 4,
                          "Actual Startup Time": 101.015,
                          "Actual Total Time": 101.016,
                          "Actual Rows": 25298,
                          "Actual Loops": 4,
                          "Hash Buckets": 131072,
                          "Original Hash Buckets": 131072,
                          "Hash Batches": 1,
                          "Original Hash Batches": 1,
                          "Peak Memory Usage": 5024,
                          "Plans": [
                            {
                              "Node Type": "Seq Scan",
                              "Parent Relationship": "Outer",
                              "Parallel Aware": true,
                              "Relation Name": "title",
                              "Alias": "t",
                              "Startup Cost": 0.0,
                              "Total Cost": 43898.92,
                              "Plan Rows": 24761,
                              "Plan Width": 4,
                              "Actual Startup Time": 52.139,
                              "Actual Total Time": 93.142,
                              "Actual Rows": 25298,
                              "Actual Loops": 4,
                              "Filter": "(production_year < 1925)",
                              "Rows Removed by Filter": 606780
                            }
                          ]
                        }
                      ]
                    },
                    {
                      "Node Type": "Index Scan",
                      "Parent Relationship": "Inner",
                      "Parallel Aware": false,
                      "Scan Direction": "Forward",
                      "Index Name": "movie_id_movie_info",
                      "Relation Name": "movie_info",
                      "Alias": "mi",
                      "Startup Cost": 0.43,
                      "Total Cost": 1.65,
                      "Plan Rows": 39,
                      "Plan Width": 4,
                      "Actual Startup Time": 0.003,
                      "Actual Total Time": 0.008,
                      "Actual Rows": 12,
                      "Actual Loops": 191475,
                      "Index Cond": "(movie_id = mc.movie_id)",
                      "Rows Removed by Index Recheck": 0,
                      "Filter": "(info_type_id < 98)",
                      "Rows Removed by Filter": 0
                    }
                  ]
                }
              ]
            }
          ]
        }
      ]
    },
    "Planning Time": 1.479,
    "Triggers": [],
    "Execution Time": 760.455
  }
]