[
  {
    "Plan": {
      "Node Type": "Aggregate",
      "Strategy": "Plain",
      "Partial Mode": "Finalize",
      "Parallel Aware": false,
      "Startup Cost": 129632.72,
      "Total Cost": 129632.73,
      "Plan Rows": 1,
      "Plan Width": 8,
      "Actual Startup Time": 1103.939,
      "Actual Total Time": 1125.921,
      "Actual Rows": 1,
      "Actual Loops": 1,
      "Plans": [
        {
          "Node Type": "Gather",
          "Parent Relationship": "Outer",
          "Parallel Aware": false,
          "Startup Cost": 129632.4,
          "Total Cost": 129632.71,
          "Plan Rows": 3,
          "Plan Width": 8,
          "Actual Startup Time": 1094.467,
          "Actual Total Time": 1125.911,
          "Actual Rows": 4,
          "Actual Loops": 1,
          "Workers Planned": 3,
          "Workers Launched": 3,
          "Single Copy": false,
          "Plans": [
            {
              "Node Type": "Aggregate",
              "Strategy": "Plain",
              "Partial Mode": "Partial",
              "Parent Relationship": "Outer",
              "Parallel Aware": false,
              "Startup Cost": 128632.4,
              "Total Cost": 128632.41,
              "Plan Rows": 1,
              "Plan Width": 8,
              "Actual Startup Time": 1081.891,
              "Actual Total Time": 1082.371,
              "Actual Rows": 1,
              "Actual Loops": 4,
              "Plans": [
                {
                  "Node Type": "Hash Join",
                  "Parent Relationship": "Outer",
                  "Parallel Aware": true,
                  "Join Type": "Inner",
                  "Startup Cost": 80730.51,
                  "Total Cost": 127750.15,
                  "Plan Rows": 352901,
                  "Plan Width": 0,
                  "Actual Startup Time": 599.536,
                  "Actual Total Time": 976.642,
                  "Actual Rows": 2451669,
                  "Actual Loops": 4,
                  "Inner Unique": false,
                  "Hash Cond": "(mk.movie_id = t.id)",
                  "Plans": [
                    {
                      "Node Type": "Seq Scan",
                      "Parent Relationship": "Outer",
                      "Parallel Aware": true,
                      "Relation Name": "movie_keyword",
                      "Alias": "mk",
                      "Startup Cost": 0.0,
                      "Total Cost": 42695.65,
                      "Plan Rows": 849493,
                      "Plan Width": 4,
                      "Actual Startup Time": 0.035,
                      "Actual Total Time": 113.989,
                      "Actual Rows": 657978,
                      "Actual Loops": 4,
                      "Filter": "(keyword_id < 7194)",
                      "Rows Removed by Filter": 473004
                    },
                    {
                      "Node Type": "Hash",
                      "Parent Relationship": "Inner",
                      "Parallel Aware": true,
                      "Startup Cost": 76495.36,
                      "Total Cost": 76495.36,
                      "Plan Rows": 338812,
                      "Plan Width": 8,
                      "Actual Startup Time": 591.516,
                      "Actual Total Time": 591.994,
                      "Actual Rows": 341868,
                      "Actual Loops": 4,
                      "Hash Buckets": 2097152,
                      "Original Hash Buckets": 2097152,
                      "Hash Batches": 1,
                      "Original Hash Batches": 1,
                      "Peak Memory Usage": 69920,
                      "Plans": [
                        {
                          "Node Type": "Hash Join",
                          "Parent Relationship": "Outer",
                          "Parallel Aware": true,
                          "Join Type": "Inner",
                          "Startup Cost": 47079.47,
                          "Total Cost": 76495.36,
                          "Plan Rows": 338812,
                          "Plan Width": 8,
                          "Actual Startup Time": 205.545,
                          "Actual Total Time": 471.098,
                          "Actual Rows": 341868,
                          "Actual Loops": 4,
                          "Inner Unique": true,
                          "Hash Cond": "(mc.movie_id = t.id)",
                          "Plans": [
                            {
                              "Node Type": "Seq Scan",
                              "Parent Relationship": "Outer",
                              "Parallel Aware": true,
                              "Relation Name": "movie_companies",
                              "Alias": "mc",
                              "Startup Cost": 0.0,
                              "Total Cost": 27206.55,
                              "Plan Rows": 841655,
                              "Plan Width": 4,
                              "Actual Startup Time": 0.02,
                              "Actual Total Time": 64.025,
                              "Actual Rows": 652282,
                              "Actual Loops": 4
                            },
                            {
                              "Node Type": "Hash",
                              "Parent Relationship": "Inner",
                              "Parallel Aware": true,
                              "Startup Cost": 43898.92,
                              "Total Cost": 43898.92,
                              "Plan Rows": 254444,
                              "Plan Width": 4,
                              "Actual Startup Time": 203.294,
                              "Actual Total Time": 203.295,
                              "Actual Rows": 255438,
                              "Actual Loops": 4,
                              "Hash Buckets": 1048576,
                              "Original Hash Buckets": 1048576,
                              "Hash Batches": 1,
                              "Original Hash Batches": 1,
                              "Peak Memory Usage": 48224,
                              "Plans": [
                                {
                                  "Node Type": "Seq Scan",
                                  "Parent Relationship": "Outer",
                                  "Parallel Aware": true,
                                  "Relation Name": "title",
                                  "Alias": "t",
                                  "Startup Cost": 0.0,
                                  "Total Cost": 43898.92,
                                  "Plan Rows": 254444,
                                  "Plan Width": 4,
                                  "Actual Startup Time": 0.04,
                                  "Actual Total Time": 109.65,
                                  "Actual Rows": 255438,
                                  "Actual Loops": 4,
                                  "Filter": "(production_year < 2000)",
                                  "Rows Removed by Filter": 376640
                                }
                              ]
                            }
                          ]
                        }
                      ]
                    }
                  ]
                }
              ]
            }
          ]
        }
      ]
    },
    "Planning Time": 1.392,
    "Triggers": [],
    "Execution Time": 1126.004
  }
]