[
  {
    "Plan": {
      "Node Type": "Aggregate",
      "Strategy": "Plain",
      "Partial Mode": "Finalize",
      "Parallel Aware": false,
      "Startup Cost": 46628.9,
      "Total Cost": 46628.91,
      "Plan Rows": 1,
      "Plan Width": 8,
      "Actual Startup Time": 93.102,
      "Actual Total Time": 105.865,
      "Actual Rows": 1,
      "Actual Loops": 1,
      "Plans": [
        {
          "Node Type": "Gather",
          "Parent Relationship": "Outer",
          "Parallel Aware": false,
          "Startup Cost": 46628.48,
          "Total Cost": 46628.89,
          "Plan Rows": 4,
          "Plan Width": 8,
          "Actual Startup Time": 92.844,
          "Actual Total Time": 105.858,
          "Actual Rows": 5,
          "Actual Loops": 1,
          "Workers Planned": 4,
          "Workers Launched": 4,
          "Single Copy": false,
          "Plans": [
            {
              "Node Type": "Aggregate",
              "Strategy": "Plain",
              "Partial Mode": "Partial",
              "Parent Relationship": "Outer",
              "Parallel Aware": false,
              "Startup Cost": 45628.48,
              "Total Cost": 45628.49,
              "Plan Rows": 1,
              "Plan Width": 8,
              "Actual Startup Time": 86.7,
              "Actual Total Time": 86.702,
              "Actual Rows": 1,
              "Actual Loops": 5,
              "Plans": [
                {
                  "Node Type": "Seq Scan",
                  "Parent Relationship": "Outer",
                  "Parallel Aware": true,
                  "Relation Name": "title",
                  "Alias": "t",
                  "Startup Cost": 0.0,
                  "Total Cost": 45479.1,
                  "Plan Rows": 59753,
                  "Plan Width": 0,
                  "Actual Startup Time": 44.19,
                  "Actual Total Time": 84.887,
                  "Actual Rows": 40033,
                  "Actual Loops": 5,
                  "Filter": "((production_year > 2006) AND (kind_id = 1))",
                  "Rows Removed by Filter": 465629
                }
              ]
            }
          ]
        }
      ]
    },
    "Planning Time": 0.191,
    "Triggers": [],
    "Execution Time": 105.924
  }
]