{
  "Plan": {
    "Node Type": "Aggregate",
    "Strategy": "Plain",
    "Partial Mode": "Finalize",
    "Parallel Aware": false,
    "Startup Cost": 86827.79,
    "Total Cost": 86827.8,
    "Plan Rows": 1,
    "Plan Width": 8,
    "Actual Startup Time": 237.468,
    "Actual Total Time": 255.978,
    "Actual Rows": 1,
    "Actual Loops": 1,
    "Plans": [
      {
        "Node Type": "Gather",
        "Parent Relationship": "Outer",
        "Parallel Aware": false,
        "Startup Cost": 86827.68,
        "Total Cost": 86827.79,
        "Plan Rows": 1,
        "Plan Width": 8,
        "Actual Startup Time": 236.925,
        "Actual Total Time": 255.97,
        "Actual Rows": 2,
        "Actual Loops": 1,
        "Workers Planned": 1,
        "Workers Launched": 1,
        "Single Copy": false,
        "Plans": [
          {
            "Node Type": "Aggregate",
            "Strategy": "Plain",
            "Partial Mode": "Partial",
            "Parent Relationship": "Outer",
            "Parallel Aware": false,
            "Startup Cost": 85827.68,
            "Total Cost": 85827.69,
            "Plan Rows": 1,
            "Plan Width": 8,
            "Actual Startup Time": 233.059,
            "Actual Total Time": 233.063,
            "Actual Rows": 1,
            "Actual Loops": 2,
            "Plans": [
              {
                "Node Type": "Hash Join",
                "Parent Relationship": "Outer",
                "Parallel Aware": true,
                "Join Type": "Inner",
                "Startup Cost": 64455.67,
                "Total Cost": 85823.73,
                "Plan Rows": 1579,
                "Plan Width": 0,
                "Actual Startup Time": 213.654,
                "Actual Total Time": 233.009,
                "Actual Rows": 470,
                "Actual Loops": 2,
                "Inner Unique": true,
                "Hash Cond": "(mc.movie_id = t.id)",
                "Plans": [
                  {
                    "Node Type": "Bitmap Heap Scan",
                    "Parent Relationship": "Outer",
                    "Parallel Aware": true,
                    "Relation Name": "movie_companies",
                    "Alias": "mc",
                    "Startup Cost": 5783.03,
                    "Total Cost": 26940.71,
                    "Plan Rows": 80144,
                    "Plan Width": 4,
                    "Actual Startup Time": 52.918,
                    "Actual Total Time": 66.944,
                    "Actual Rows": 31242,
                    "Actual Loops": 2,
                    "Recheck Cond": "(company_id < 139)",
                    "Rows Removed by Index Recheck": 0,
                    "Filter": "(company_type_id = 2)",
                    "Rows Removed by Filter": 101924,
                    "Exact Heap Blocks": 12387,
                    "Lossy Heap Blocks": 0,
                    "Plans": [
                      {
                        "Node Type": "Bitmap Index Scan",
                        "Parent Relationship": "Outer",
                        "Parallel Aware": false,
                        "Index Name": "company_id_movie_companies",
                        "Startup Cost": 0.0,
                        "Total Cost": 5748.97,
                        "Plan Rows": 268338,
                        "Plan Width": 0,
                        "Actual Startup Time": 18.914,
                        "Actual Total Time": 18.915,
                        "Actual Rows": 266330,
                        "Actual Loops": 1,
                        "Index Cond": "(company_id < 139)"
                      }
                    ]
                  },
                  {
                    "Node Type": "Hash",
                    "Parent Relationship": "Inner",
                    "Parallel Aware": true,
                    "Startup Cost": 58306.47,
                    "Total Cost": 58306.47,
                    "Plan Rows": 29294,
                    "Plan Width": 4,
                    "Actual Startup Time": 159.077,
                    "Actual Total Time": 159.078,
                    "Actual Rows": 21792,
                    "Actual Loops": 2,
                    "Hash Buckets": 65536,
                    "Original Hash Buckets": 65536,
                    "Hash Batches": 1,
                    "Original Hash Batches": 1,
                    "Peak Memory Usage": 2240,
                    "Plans": [
                      {
                        "Node Type": "Seq Scan",
                        "Parent Relationship": "Outer",
                        "Parallel Aware": true,
                        "Relation Name": "title",
                        "Alias": "t",
                        "Startup Cost": 0.0,
                        "Total Cost": 58306.47,
                        "Plan Rows": 29294,
                        "Plan Width": 4,
                        "Actual Startup Time": 0.111,
                        "Actual Total Time": 152.51,
                        "Actual Rows": 21792,
                        "Actual Loops": 2,
                        "Filter": "((kind_id < 6) AND (production_year = 2009))",
                        "Rows Removed by Filter": 1242364
                      }
                    ]
                  }
                ]
              }
            ]
          }
        ]
      }
    ]
  },
  "Planning Time": 0.502,
  "Triggers": [],
  "Execution Time": 256.074
}