{
    "Plan": {
        "Node Type": "Aggregate",
        "Strategy": "Plain",
        "Partial Mode": "Simple",
        "Parallel Aware": false,
        "Startup Cost": 20000166677.86,
        "Total Cost": 20000166677.87,
        "Plan Rows": 1,
        "Plan Width": 8,
        "Actual Startup Time": 357.438,
        "Actual Total Time": 357.441,
        "Actual Rows": 1,
        "Actual Loops": 1,
        "Output": [
            "count(*)"
        ],
        "Plans": [
            {
                "Node Type": "Nested Loop",
                "Parent Relationship": "Outer",
                "Parallel Aware": false,
                "Join Type": "Inner",
                "Startup Cost": 20000027326.16,
                "Total Cost": 20000166665.84,
                "Plan Rows": 4807,
                "Plan Width": 0,
                "Actual Startup Time": 72.757,
                "Actual Total Time": 356.894,
                "Actual Rows": 8604,
                "Actual Loops": 1,
                "Inner Unique": false,
                "Join Filter": "(t.id = mc.movie_id)",
                "Rows Removed by Join Filter": 0,
                "Plans": [
                    {
                        "Node Type": "Nested Loop",
                        "Parent Relationship": "Outer",
                        "Parallel Aware": false,
                        "Join Type": "Inner",
                        "Startup Cost": 10000027325.67,
                        "Total Cost": 10000145139.62,
                        "Plan Rows": 4658,
                        "Plan Width": 8,
                        "Actual Startup Time": 72.67,
                        "Actual Total Time": 332.628,
                        "Actual Rows": 3534,
                        "Actual Loops": 1,
                        "Output": [
                            "t.id",
                            "mi_idx.movie_id"
                        ],
                        "Inner Unique": false,
                        "Plans": [
                            {
                                "Node Type": "Bitmap Heap Scan",
                                "Parent Relationship": "Outer",
                                "Parallel Aware": false,
                                "Relation Name": "title",
                                "Schema": "public",
                                "Alias": "t",
                                "Startup Cost": 27322.84,
                                "Total Cost": 86313.4,
                                "Plan Rows": 8533,
                                "Plan Width": 4,
                                "Actual Startup Time": 72.357,
                                "Actual Total Time": 290.805,
                                "Actual Rows": 8378,
                                "Actual Loops": 1,
                                "Output": [
                                    "t.id",
                                    "t.title",
                                    "t.imdb_index",
                                    "t.kind_id",
                                    "t.production_year",
                                    "t.imdb_id",
                                    "t.phonetic_code",
                                    "t.episode_of_id",
                                    "t.season_nr",
                                    "t.episode_nr",
                                    "t.series_years",
                                    "t.md5sum"
                                ],
                                "Recheck Cond": "(t.kind_id = 7)",
                                "Rows Removed by Index Recheck": 0,
                                "Filter": "(t.production_year = 1979)",
                                "Rows Removed by Filter": 1534886,
                                "Exact Heap Blocks": 24710,
                                "Lossy Heap Blocks": 0,
                                "Plans": [
                                    {
                                        "Node Type": "Bitmap Index Scan",
                                        "Parent Relationship": "Outer",
                                        "Parallel Aware": false,
                                        "Index Name": "kind_id_title",
                                        "Startup Cost": 0.0,
                                        "Total Cost": 27320.71,
                                        "Plan Rows": 1532837,
                                        "Plan Width": 0,
                                        "Actual Startup Time": 69.18,
                                        "Actual Total Time": 69.18,
                                        "Actual Rows": 1543264,
                                        "Actual Loops": 1,
                                        "Index Cond": "(t.kind_id = 7)"
                                    }
                                ]
                            },
                            {
                                "Node Type": "Bitmap Heap Scan",
                                "Parent Relationship": "Inner",
                                "Parallel Aware": false,
                                "Relation Name": "movie_info_idx",
                                "Schema": "public",
                                "Alias": "mi_idx",
                                "Startup Cost": 2.83,
                                "Total Cost": 6.86,
                                "Plan Rows": 3,
                                "Plan Width": 4,
                                "Actual Startup Time": 0.003,
                                "Actual Total Time": 0.003,
                                "Actual Rows": 0,
                                "Actual Loops": 8378,
                                "Output": [
                                    "mi_idx.id",
                                    "mi_idx.movie_id",
                                    "mi_idx.info_type_id",
                                    "mi_idx.info",
                                    "mi_idx.note"
                                ],
                                "Recheck Cond": "(mi_idx.movie_id = t.id)",
                                "Rows Removed by Index Recheck": 0,
                                "Exact Heap Blocks": 1179,
                                "Lossy Heap Blocks": 0,
                                "Plans": [
                                    {
                                        "Node Type": "Bitmap Index Scan",
                                        "Parent Relationship": "Outer",
                                        "Parallel Aware": false,
                                        "Index Name": "movie_id_movie_info_idx",
                                        "Startup Cost": 0.0,
                                        "Total Cost": 2.83,
                                        "Plan Rows": 3,
                                        "Plan Width": 0,
                                        "Actual Startup Time": 0.003,
                                        "Actual Total Time": 0.003,
                                        "Actual Rows": 0,
                                        "Actual Loops": 8378,
                                        "Index Cond": "(mi_idx.movie_id = t.id)"
                                    }
                                ]
                            }
                        ]
                    },
                    {
                        "Node Type": "Bitmap Heap Scan",
                        "Parent Relationship": "Inner",
                        "Parallel Aware": false,
                        "Relation Name": "movie_companies",
                        "Schema": "public",
                        "Alias": "mc",
                        "Startup Cost": 0.5,
                        "Total Cost": 4.56,
                        "Plan Rows": 5,
                        "Plan Width": 4,
                        "Actual Startup Time": 0.004,
                        "Actual Total Time": 0.005,
                        "Actual Rows": 2,
                        "Actual Loops": 3534,
                        "Output": [
                            "mc.id",
                            "mc.movie_id",
                            "mc.company_id",
                            "mc.company_type_id",
                            "mc.note"
                        ],
                        "Recheck Cond": "(mc.movie_id = mi_idx.movie_id)",
                        "Rows Removed by Index Recheck": 0,
                        "Exact Heap Blocks": 5370,
                        "Lossy Heap Blocks": 0,
                        "Plans": [
                            {
                                "Node Type": "Bitmap Index Scan",
                                "Parent Relationship": "Outer",
                                "Parallel Aware": false,
                                "Index Name": "movie_id_movie_companies",
                                "Startup Cost": 0.0,
                                "Total Cost": 0.5,
                                "Plan Rows": 5,
                                "Plan Width": 0,
                                "Actual Startup Time": 0.003,
                                "Actual Total Time": 0.003,
                                "Actual Rows": 2,
                                "Actual Loops": 3534,
                                "Index Cond": "(mc.movie_id = mi_idx.movie_id)"
                            }
                        ]
                    }
                ]
            }
        ]
    },
    "Planning Time": 3.724,
    "Triggers": [],
    "Execution Time": 358.044
}