[
    {
        "Bao": {
            "Bao prediction": "NaN",
            "Bao recommended hint": "(no hint)"
        }
    },
    {
        "Plan": {
            "Node Type": "Aggregate",
            "Strategy": "Plain",
            "Partial Mode": "Finalize",
            "Parallel Aware": false,
            "Startup Cost": 73512.0,
            "Total Cost": 73512.01,
            "Plan Rows": 1,
            "Plan Width": 8,
            "Actual Startup Time": 146.08,
            "Actual Total Time": 155.053,
            "Actual Rows": 1,
            "Actual Loops": 1,
            "Output": [
                "count(*)"
            ],
            "Plans": [
                {
                    "Node Type": "Gather",
                    "Parent Relationship": "Outer",
                    "Parallel Aware": false,
                    "Startup Cost": 73511.68,
                    "Total Cost": 73511.99,
                    "Plan Rows": 3,
                    "Plan Width": 8,
                    "Actual Startup Time": 145.554,
                    "Actual Total Time": 155.047,
                    "Actual Rows": 4,
                    "Actual Loops": 1,
                    "Output": [
                        "(PARTIAL count(*))"
                    ],
                    "Workers Planned": 3,
                    "Workers Launched": 3,
                    "Single Copy": false,
                    "Plans": [
                        {
                            "Node Type": "Aggregate",
                            "Strategy": "Plain",
                            "Partial Mode": "Partial",
                            "Parent Relationship": "Outer",
                            "Parallel Aware": false,
                            "Startup Cost": 72511.68,
                            "Total Cost": 72511.69,
                            "Plan Rows": 1,
                            "Plan Width": 8,
                            "Actual Startup Time": 136.914,
                            "Actual Total Time": 136.917,
                            "Actual Rows": 1,
                            "Actual Loops": 4,
                            "Output": [
                                "PARTIAL count(*)"
                            ],
                            "Workers": [
                                {
                                    "Worker Number": 0,
                                    "Actual Startup Time": 133.917,
                                    "Actual Total Time": 133.92,
                                    "Actual Rows": 1,
                                    "Actual Loops": 1
                                },
                                {
                                    "Worker Number": 1,
                                    "Actual Startup Time": 133.886,
                                    "Actual Total Time": 133.889,
                                    "Actual Rows": 1,
                                    "Actual Loops": 1
                                },
                                {
                                    "Worker Number": 2,
                                    "Actual Startup Time": 134.579,
                                    "Actual Total Time": 134.581,
                                    "Actual Rows": 1,
                                    "Actual Loops": 1
                                }
                            ],
                            "Plans": [
                                {
                                    "Node Type": "Hash Join",
                                    "Parent Relationship": "Outer",
                                    "Parallel Aware": true,
                                    "Join Type": "Inner",
                                    "Startup Cost": 47614.61,
                                    "Total Cost": 72509.7,
                                    "Plan Rows": 791,
                                    "Plan Width": 0,
                                    "Actual Startup Time": 102.937,
                                    "Actual Total Time": 136.844,
                                    "Actual Rows": 761,
                                    "Actual Loops": 4,
                                    "Inner Unique": true,
                                    "Hash Cond": "(mk.movie_id = t.id)",
                                    "Workers": [
                                        {
                                            "Worker Number": 0,
                                            "Actual Startup Time": 99.997,
                                            "Actual Total Time": 133.857,
                                            "Actual Rows": 574,
                                            "Actual Loops": 1
                                        },
                                        {
                                            "Worker Number": 1,
                                            "Actual Startup Time": 99.885,
                                            "Actual Total Time": 133.825,
                                            "Actual Rows": 627,
                                            "Actual Loops": 1
                                        },
                                        {
                                            "Worker Number": 2,
                                            "Actual Startup Time": 100.655,
                                            "Actual Total Time": 134.514,
                                            "Actual Rows": 602,
                                            "Actual Loops": 1
                                        }
                                    ],
                                    "Plans": [
                                        {
                                            "Node Type": "Bitmap Heap Scan",
                                            "Parent Relationship": "Outer",
                                            "Parallel Aware": true,
                                            "Relation Name": "movie_keyword",
                                            "Schema": "public",
                                            "Alias": "mk",
                                            "Startup Cost": 1921.08,
                                            "Total Cost": 26739.62,
                                            "Plan Rows": 29163,
                                            "Plan Width": 4,
                                            "Actual Startup Time": 10.245,
                                            "Actual Total Time": 38.9,
                                            "Actual Rows": 23406,
                                            "Actual Loops": 4,
                                            "Output": [
                                                "mk.id",
                                                "mk.movie_id",
                                                "mk.keyword_id"
                                            ],
                                            "Recheck Cond": "(mk.keyword_id < 84)",
                                            "Rows Removed by Index Recheck": 0,
                                            "Exact Heap Blocks": 9549,
                                            "Lossy Heap Blocks": 0,
                                            "Workers": [
                                                {
                                                    "Worker Number": 0,
                                                    "Actual Startup Time": 10.301,
                                                    "Actual Total Time": 39.55,
                                                    "Actual Rows": 19161,
                                                    "Actual Loops": 1
                                                },
                                                {
                                                    "Worker Number": 1,
                                                    "Actual Startup Time": 10.258,
                                                    "Actual Total Time": 39.544,
                                                    "Actual Rows": 15126,
                                                    "Actual Loops": 1
                                                },
                                                {
                                                    "Worker Number": 2,
                                                    "Actual Startup Time": 10.28,
                                                    "Actual Total Time": 39.54,
                                                    "Actual Rows": 19586,
                                                    "Actual Loops": 1
                                                }
                                            ],
                                            "Plans": [
                                                {
                                                    "Node Type": "Bitmap Index Scan",
                                                    "Parent Relationship": "Outer",
                                                    "Parallel Aware": false,
                                                    "Index Name": "keyword_id_movie_keyword",
                                                    "Startup Cost": 0.0,
                                                    "Total Cost": 1898.48,
                                                    "Plan Rows": 90406,
                                                    "Plan Width": 0,
                                                    "Actual Startup Time": 7.06,
                                                    "Actual Total Time": 7.06,
                                                    "Actual Rows": 93622,
                                                    "Actual Loops": 1,
                                                    "Index Cond": "(mk.keyword_id < 84)"
                                                }
                                            ]
                                        },
                                        {
                                            "Node Type": "Hash",
                                            "Parent Relationship": "Inner",
                                            "Parallel Aware": true,
                                            "Startup Cost": 45479.21,
                                            "Total Cost": 45479.21,
                                            "Plan Rows": 17146,
                                            "Plan Width": 4,
                                            "Actual Startup Time": 92.004,
                                            "Actual Total Time": 92.004,
                                            "Actual Rows": 19887,
                                            "Actual Loops": 4,
                                            "Output": [
                                                "t.id"
                                            ],
                                            "Hash Buckets": 131072,
                                            "Original Hash Buckets": 131072,
                                            "Hash Batches": 1,
                                            "Original Hash Batches": 1,
                                            "Peak Memory Usage": 4192,
                                            "Workers": [
                                                {
                                                    "Worker Number": 0,
                                                    "Actual Startup Time": 89.216,
                                                    "Actual Total Time": 89.217,
                                                    "Actual Rows": 15703,
                                                    "Actual Loops": 1
                                                },
                                                {
                                                    "Worker Number": 1,
                                                    "Actual Startup Time": 89.153,
                                                    "Actual Total Time": 89.154,
                                                    "Actual Rows": 14630,
                                                    "Actual Loops": 1
                                                },
                                                {
                                                    "Worker Number": 2,
                                                    "Actual Startup Time": 89.92,
                                                    "Actual Total Time": 89.921,
                                                    "Actual Rows": 15688,
                                                    "Actual Loops": 1
                                                }
                                            ],
                                            "Plans": [
                                                {
                                                    "Node Type": "Seq Scan",
                                                    "Parent Relationship": "Outer",
                                                    "Parallel Aware": true,
                                                    "Relation Name": "title",
                                                    "Schema": "public",
                                                    "Alias": "t",
                                                    "Startup Cost": 0.0,
                                                    "Total Cost": 45479.21,
                                                    "Plan Rows": 17146,
                                                    "Plan Width": 4,
                                                    "Actual Startup Time": 0.042,
                                                    "Actual Total Time": 84.665,
                                                    "Actual Rows": 19887,
                                                    "Actual Loops": 4,
                                                    "Output": [
                                                        "t.id"
                                                    ],
                                                    "Filter": "((t.kind_id > 1) AND (t.production_year = 2005))",
                                                    "Rows Removed by Filter": 612191,
                                                    "Workers": [
                                                        {
                                                            "Worker Number": 0,
                                                            "Actual Startup Time": 0.065,
                                                            "Actual Total Time": 82.735,
                                                            "Actual Rows": 15703,
                                                            "Actual Loops": 1
                                                        },
                                                        {
                                                            "Worker Number": 1,
                                                            "Actual Startup Time": 0.043,
                                                            "Actual Total Time": 81.432,
                                                            "Actual Rows": 14630,
                                                            "Actual Loops": 1
                                                        },
                                                        {
                                                            "Worker Number": 2,
                                                            "Actual Startup Time": 0.049,
                                                            "Actual Total Time": 83.406,
                                                            "Actual Rows": 15688,
                                                            "Actual Loops": 1
                                                        }
                                                    ]
                                                }
                                            ]
                                        }
                                    ]
                                }
                            ]
                        }
                    ]
                }
            ]
        },
        "Planning Time": 224.511,
        "Triggers": [],
        "Execution Time": 155.113
    }
]