{
  "Plan": {
    "Node Type": "Aggregate",
    "Strategy": "Plain",
    "Partial Mode": "Finalize",
    "Parallel Aware": false,
    "Startup Cost": 749745.95,
    "Total Cost": 749745.96,
    "Plan Rows": 1,
    "Plan Width": 8,
    "Actual Startup Time": 6475.743,
    "Actual Total Time": 6529.533,
    "Actual Rows": 1,
    "Actual Loops": 1,
    "Plans": [
      {
        "Node Type": "Gather",
        "Parent Relationship": "Outer",
        "Parallel Aware": false,
        "Startup Cost": 749745.83,
        "Total Cost": 749745.94,
        "Plan Rows": 1,
        "Plan Width": 8,
        "Actual Startup Time": 6469.696,
        "Actual Total Time": 6529.515,
        "Actual Rows": 2,
        "Actual Loops": 1,
        "Workers Planned": 1,
        "Workers Launched": 1,
        "Single Copy": false,
        "Plans": [
          {
            "Node Type": "Aggregate",
            "Strategy": "Plain",
            "Partial Mode": "Partial",
            "Parent Relationship": "Outer",
            "Parallel Aware": false,
            "Startup Cost": 748745.83,
            "Total Cost": 748745.84,
            "Plan Rows": 1,
            "Plan Width": 8,
            "Actual Startup Time": 6463.617,
            "Actual Total Time": 6463.623,
            "Actual Rows": 1,
            "Actual Loops": 2,
            "Plans": [
              {
                "Node Type": "Hash Join",
                "Parent Relationship": "Outer",
                "Parallel Aware": true,
                "Join Type": "Inner",
                "Startup Cost": 131190.89,
                "Total Cost": 734999.47,
                "Plan Rows": 5498546,
                "Plan Width": 0,
                "Actual Startup Time": 1547.32,
                "Actual Total Time": 5843.869,
                "Actual Rows": 15002112,
                "Actual Loops": 2,
                "Inner Unique": false,
                "Hash Cond": "(ci.movie_id = t.id)",
                "Plans": [
                  {
                    "Node Type": "Seq Scan",
                    "Parent Relationship": "Outer",
                    "Parallel Aware": true,
                    "Relation Name": "cast_info",
                    "Alias": "ci",
                    "Startup Cost": 0.0,
                    "Total Cost": 519069.44,
                    "Plan Rows": 13971936,
                    "Plan Width": 4,
                    "Actual Startup Time": 560.562,
                    "Actual Total Time": 1848.297,
                    "Actual Rows": 11786828,
                    "Actual Loops": 2,
                    "Filter": "(role_id > 1)",
                    "Rows Removed by Filter": 6335344
                  },
                  {
                    "Node Type": "Hash",
                    "Parent Relationship": "Inner",
                    "Parallel Aware": true,
                    "Startup Cost": 123874.79,
                    "Total Cost": 123874.79,
                    "Plan Rows": 585288,
                    "Plan Width": 8,
                    "Actual Startup Time": 981.345,
                    "Actual Total Time": 981.349,
                    "Actual Rows": 492394,
                    "Actual Loops": 2,
                    "Hash Buckets": 1048576,
                    "Original Hash Buckets": 1048576,
                    "Hash Batches": 1,
                    "Original Hash Batches": 1,
                    "Peak Memory Usage": 46752,
                    "Plans": [
                      {
                        "Node Type": "Hash Join",
                        "Parent Relationship": "Outer",
                        "Parallel Aware": true,
                        "Join Type": "Inner",
                        "Startup Cost": 90568.3,
                        "Total Cost": 123874.79,
                        "Plan Rows": 585288,
                        "Plan Width": 8,
                        "Actual Startup Time": 636.246,
                        "Actual Total Time": 870.817,
                        "Actual Rows": 492394,
                        "Actual Loops": 2,
                        "Inner Unique": true,
                        "Hash Cond": "(mk.movie_id = t.id)",
                        "Plans": [
                          {
                            "Node Type": "Bitmap Heap Scan",
                            "Parent Relationship": "Outer",
                            "Parallel Aware": true,
                            "Relation Name": "movie_keyword",
                            "Alias": "mk",
                            "Startup Cost": 21107.6,
                            "Total Cost": 52877.71,
                            "Plan Rows": 585288,
                            "Plan Width": 4,
                            "Actual Startup Time": 54.962,
                            "Actual Total Time": 156.269,
                            "Actual Rows": 492394,
                            "Actual Loops": 2,
                            "Recheck Cond": "(keyword_id > 18778)",
                            "Rows Removed by Index Recheck": 0,
                            "Exact Heap Blocks": 15138,
                            "Lossy Heap Blocks": 0,
                            "Plans": [
                              {
                                "Node Type": "Bitmap Index Scan",
                                "Parent Relationship": "Outer",
                                "Parallel Aware": false,
                                "Index Name": "keyword_id_movie_keyword",
                                "Startup Cost": 0.0,
                                "Total Cost": 20858.86,
                                "Plan Rows": 994990,
                                "Plan Width": 0,
                                "Actual Startup Time": 51.416,
                                "Actual Total Time": 51.416,
                                "Actual Rows": 984787,
                                "Actual Loops": 1,
                                "Index Cond": "(keyword_id > 18778)"
                              }
                            ]
                          },
                          {
                            "Node Type": "Hash",
                            "Parent Relationship": "Inner",
                            "Parallel Aware": true,
                            "Startup Cost": 50870.31,
                            "Total Cost": 50870.31,
                            "Plan Rows": 1487231,
                            "Plan Width": 4,
                            "Actual Startup Time": 568.318,
                            "Actual Total Time": 568.319,
                            "Actual Rows": 1264156,
                            "Actual Loops": 2,
                            "Hash Buckets": 4194304,
                            "Original Hash Buckets": 4194304,
                            "Hash Batches": 1,
                            "Original Hash Batches": 1,
                            "Peak Memory Usage": 131712,
                            "Plans": [
                              {
                                "Node Type": "Seq Scan",
                                "Parent Relationship": "Outer",
                                "Parallel Aware": true,
                                "Relation Name": "title",
                                "Alias": "t",
                                "Startup Cost": 0.0,
                                "Total Cost": 50870.31,
                                "Plan Rows": 1487231,
                                "Plan Width": 4,
                                "Actual Startup Time": 0.037,
                                "Actual Total Time": 178.786,
                                "Actual Rows": 1264156,
                                "Actual Loops": 2
                              }
                            ]
                          }
                        ]
                      }
                    ]
                  }
                ]
              }
            ]
          }
        ]
      }
    ]
  },
  "Planning Time": 0.484,
  "Triggers": [],
  "Execution Time": 6529.604
}