[
  {
    "Plan": {
      "Node Type": "Aggregate",
      "Strategy": "Plain",
      "Partial Mode": "Finalize",
      "Parallel Aware": false,
      "Startup Cost": 111683.28,
      "Total Cost": 111683.29,
      "Plan Rows": 1,
      "Plan Width": 64,
      "Actual Startup Time": 629.453,
      "Actual Total Time": 664.334,
      "Actual Rows": 1,
      "Actual Loops": 1,
      "Plans": [
        {
          "Node Type": "Gather",
          "Parent Relationship": "Outer",
          "Parallel Aware": false,
          "Startup Cost": 111682.96,
          "Total Cost": 111683.27,
          "Plan Rows": 3,
          "Plan Width": 64,
          "Actual Startup Time": 623.986,
          "Actual Total Time": 664.321,
          "Actual Rows": 4,
          "Actual Loops": 1,
          "Workers Planned": 3,
          "Workers Launched": 3,
          "Single Copy": false,
          "Plans": [
            {
              "Node Type": "Aggregate",
              "Strategy": "Plain",
              "Partial Mode": "Partial",
              "Parent Relationship": "Outer",
              "Parallel Aware": false,
              "Startup Cost": 110682.96,
              "Total Cost": 110682.97,
              "Plan Rows": 1,
              "Plan Width": 64,
              "Actual Startup Time": 613.407,
              "Actual Total Time": 613.787,
              "Actual Rows": 1,
              "Actual Loops": 4,
              "Plans": [
                {
                  "Node Type": "Hash Join",
                  "Parent Relationship": "Outer",
                  "Parallel Aware": true,
                  "Join Type": "Inner",
                  "Startup Cost": 62793.06,
                  "Total Cost": 107751.19,
                  "Plan Rows": 586353,
                  "Plan Width": 23,
                  "Actual Startup Time": 346.46,
                  "Actual Total Time": 599.301,
                  "Actual Rows": 170462,
                  "Actual Loops": 4,
                  "Inner Unique": false,
                  "Hash Cond": "(mk.movie_id = t.id)",
                  "Plans": [
                    {
                      "Node Type": "Seq Scan",
                      "Parent Relationship": "Outer",
                      "Parallel Aware": true,
                      "Relation Name": "movie_keyword",
                      "Alias": "mk",
                      "Startup Cost": 0.0,
                      "Total Cost": 39047.32,
                      "Plan Rows": 1459332,
                      "Plan Width": 4,
                      "Actual Startup Time": 0.045,
                      "Actual Total Time": 136.284,
                      "Actual Rows": 1130982,
                      "Actual Loops": 4
                    },
                    {
                      "Node Type": "Hash",
                      "Parent Relationship": "Inner",
                      "Parallel Aware": true,
                      "Startup Cost": 61843.88,
                      "Total Cost": 61843.88,
                      "Plan Rows": 75935,
                      "Plan Width": 31,
                      "Actual Startup Time": 344.1,
                      "Actual Total Time": 344.478,
                      "Actual Rows": 31959,
                      "Actual Loops": 4,
                      "Hash Buckets": 262144,
                      "Original Hash Buckets": 262144,
                      "Hash Batches": 1,
                      "Original Hash Batches": 1,
                      "Peak Memory Usage": 10368,
                      "Plans": [
                        {
                          "Node Type": "Hash Join",
                          "Parent Relationship": "Outer",
                          "Parallel Aware": true,
                          "Join Type": "Inner",
                          "Startup Cost": 45955.59,
                          "Total Cost": 61843.88,
                          "Plan Rows": 75935,
                          "Plan Width": 31,
                          "Actual Startup Time": 228.095,
                          "Actual Total Time": 329.125,
                          "Actual Rows": 31959,
                          "Actual Loops": 4,
                          "Inner Unique": true,
                          "Hash Cond": "(mi_idx.movie_id = t.id)",
                          "Plans": [
                            {
                              "Node Type": "Seq Scan",
                              "Parent Relationship": "Outer",
                              "Parallel Aware": true,
                              "Relation Name": "movie_info_idx",
                              "Alias": "mi_idx",
                              "Startup Cost": 0.0,
                              "Total Cost": 15122.68,
                              "Plan Rows": 291658,
                              "Plan Width": 10,
                              "Actual Startup Time": 0.046,
                              "Actual Total Time": 54.113,
                              "Actual Rows": 175790,
                              "Actual Loops": 4,
                              "Filter": "(info > '3.0'::text)",
                              "Rows Removed by Filter": 169219
                            },
                            {
                              "Node Type": "Hash",
                              "Parent Relationship": "Inner",
                              "Parallel Aware": true,
                              "Startup Cost": 43898.62,
                              "Total Cost": 43898.62,
                              "Plan Rows": 164558,
                              "Plan Width": 21,
                              "Actual Startup Time": 225.224,
                              "Actual Total Time": 225.225,
                              "Actual Rows": 165516,
                              "Actual Loops": 4,
                              "Hash Buckets": 1048576,
                              "Original Hash Buckets": 1048576,
                              "Hash Batches": 1,
                              "Original Hash Batches": 1,
                              "Peak Memory Usage": 45536,
                              "Plans": [
                                {
                                  "Node Type": "Seq Scan",
                                  "Parent Relationship": "Outer",
                                  "Parallel Aware": true,
                                  "Relation Name": "title",
                                  "Alias": "t",
                                  "Startup Cost": 0.0,
                                  "Total Cost": 43898.62,
                                  "Plan Rows": 164558,
                                  "Plan Width": 21,
                                  "Actual Startup Time": 0.076,
                                  "Actual Total Time": 140.388,
                                  "Actual Rows": 165516,
                                  "Actual Loops": 4,
                                  "Filter": "(production_year > 2008)",
                                  "Rows Removed by Filter": 466562
                                }
                              ]
                            }
                          ]
                        }
                      ]
                    }
                  ]
                }
              ]
            }
          ]
        }
      ]
    },
    "Planning Time": 5.162,
    "Triggers": [],
    "Execution Time": 664.687
  }
]