[
  {
    "Plan": {
      "Node Type": "Aggregate",
      "Strategy": "Plain",
      "Partial Mode": "Finalize",
      "Parallel Aware": false,
      "Startup Cost": 31925.38,
      "Total Cost": 31925.39,
      "Plan Rows": 1,
      "Plan Width": 8,
      "Actual Startup Time": 156.787,
      "Actual Total Time": 167.785,
      "Actual Rows": 1,
      "Actual Loops": 1,
      "Plans": [
        {
          "Node Type": "Gather",
          "Parent Relationship": "Outer",
          "Parallel Aware": false,
          "Startup Cost": 31925.07,
          "Total Cost": 31925.38,
          "Plan Rows": 3,
          "Plan Width": 8,
          "Actual Startup Time": 156.628,
          "Actual Total Time": 167.773,
          "Actual Rows": 4,
          "Actual Loops": 1,
          "Workers Planned": 3,
          "Workers Launched": 3,
          "Single Copy": false,
          "Plans": [
            {
              "Node Type": "Aggregate",
              "Strategy": "Plain",
              "Partial Mode": "Partial",
              "Parent Relationship": "Outer",
              "Parallel Aware": false,
              "Startup Cost": 30925.07,
              "Total Cost": 30925.08,
              "Plan Rows": 1,
              "Plan Width": 8,
              "Actual Startup Time": 142.623,
              "Actual Total Time": 142.624,
              "Actual Rows": 1,
              "Actual Loops": 4,
              "Plans": [
                {
                  "Node Type": "Seq Scan",
                  "Parent Relationship": "Outer",
                  "Parallel Aware": true,
                  "Relation Name": "movie_companies",
                  "Alias": "mc",
                  "Startup Cost": 0.0,
                  "Total Cost": 29310.68,
                  "Plan Rows": 645754,
                  "Plan Width": 0,
                  "Actual Startup Time": 0.455,
                  "Actual Total Time": 110.098,
                  "Actual Rows": 501592,
                  "Actual Loops": 4,
                  "Filter": "(company_id > 689)",
                  "Rows Removed by Filter": 150690
                }
              ]
            }
          ]
        }
      ]
    },
    "Planning Time": 2.198,
    "Triggers": [],
    "Execution Time": 167.898
  }
]