[
  {
    "Plan": {
      "Node Type": "Aggregate",
      "Strategy": "Plain",
      "Partial Mode": "Finalize",
      "Parallel Aware": false,
      "Startup Cost": 336087.89,
      "Total Cost": 336087.9,
      "Plan Rows": 1,
      "Plan Width": 8,
      "Actual Startup Time": 775.432,
      "Actual Total Time": 822.815,
      "Actual Rows": 1,
      "Actual Loops": 1,
      "Plans": [
        {
          "Node Type": "Gather",
          "Parent Relationship": "Outer",
          "Parallel Aware": false,
          "Startup Cost": 336087.27,
          "Total Cost": 336087.88,
          "Plan Rows": 6,
          "Plan Width": 8,
          "Actual Startup Time": 775.222,
          "Actual Total Time": 822.8,
          "Actual Rows": 7,
          "Actual Loops": 1,
          "Workers Planned": 6,
          "Workers Launched": 6,
          "Single Copy": false,
          "Plans": [
            {
              "Node Type": "Aggregate",
              "Strategy": "Plain",
              "Partial Mode": "Partial",
              "Parent Relationship": "Outer",
              "Parallel Aware": false,
              "Startup Cost": 335087.27,
              "Total Cost": 335087.28,
              "Plan Rows": 1,
              "Plan Width": 8,
              "Actual Startup Time": 765.638,
              "Actual Total Time": 765.64,
              "Actual Rows": 1,
              "Actual Loops": 7,
              "Plans": [
                {
                  "Node Type": "Seq Scan",
                  "Parent Relationship": "Outer",
                  "Parallel Aware": true,
                  "Relation Name": "cast_info",
                  "Alias": "ci",
                  "Startup Cost": 0.0,
                  "Total Cost": 328211.39,
                  "Plan Rows": 2750350,
                  "Plan Width": 0,
                  "Actual Startup Time": 242.176,
                  "Actual Total Time": 639.759,
                  "Actual Rows": 2322546,
                  "Actual Loops": 7,
                  "Filter": "(person_id > 2007391)",
                  "Rows Removed by Filter": 2855218
                }
              ]
            }
          ]
        }
      ]
    },
    "Planning Time": 0.176,
    "Triggers": [],
    "Execution Time": 822.88
  }
]