[
    {
        "Bao": {
            "Bao prediction": "NaN",
            "Bao recommended hint": "(no hint)"
        }
    },
    {
        "Plan": {
            "Node Type": "Aggregate",
            "Strategy": "Plain",
            "Partial Mode": "Finalize",
            "Parallel Aware": false,
            "Startup Cost": 133761.75,
            "Total Cost": 133761.76,
            "Plan Rows": 1,
            "Plan Width": 8,
            "Actual Startup Time": 629.538,
            "Actual Total Time": 639.228,
            "Actual Rows": 1,
            "Actual Loops": 1,
            "Output": [
                "count(*)"
            ],
            "Plans": [
                {
                    "Node Type": "Gather",
                    "Parent Relationship": "Outer",
                    "Parallel Aware": false,
                    "Startup Cost": 133761.43,
                    "Total Cost": 133761.74,
                    "Plan Rows": 3,
                    "Plan Width": 8,
                    "Actual Startup Time": 623.501,
                    "Actual Total Time": 639.219,
                    "Actual Rows": 4,
                    "Actual Loops": 1,
                    "Output": [
                        "(PARTIAL count(*))"
                    ],
                    "Workers Planned": 3,
                    "Workers Launched": 3,
                    "Single Copy": false,
                    "Plans": [
                        {
                            "Node Type": "Aggregate",
                            "Strategy": "Plain",
                            "Partial Mode": "Partial",
                            "Parent Relationship": "Outer",
                            "Parallel Aware": false,
                            "Startup Cost": 132761.43,
                            "Total Cost": 132761.44,
                            "Plan Rows": 1,
                            "Plan Width": 8,
                            "Actual Startup Time": 613.916,
                            "Actual Total Time": 614.303,
                            "Actual Rows": 1,
                            "Actual Loops": 4,
                            "Output": [
                                "PARTIAL count(*)"
                            ],
                            "Workers": [
                                {
                                    "Worker Number": 0,
                                    "Actual Startup Time": 610.438,
                                    "Actual Total Time": 610.443,
                                    "Actual Rows": 1,
                                    "Actual Loops": 1
                                },
                                {
                                    "Worker Number": 1,
                                    "Actual Startup Time": 610.491,
                                    "Actual Total Time": 610.497,
                                    "Actual Rows": 1,
                                    "Actual Loops": 1
                                },
                                {
                                    "Worker Number": 2,
                                    "Actual Startup Time": 611.898,
                                    "Actual Total Time": 611.903,
                                    "Actual Rows": 1,
                                    "Actual Loops": 1
                                }
                            ],
                            "Plans": [
                                {
                                    "Node Type": "Hash Join",
                                    "Parent Relationship": "Outer",
                                    "Parallel Aware": true,
                                    "Join Type": "Inner",
                                    "Startup Cost": 82259.0,
                                    "Total Cost": 131444.17,
                                    "Plan Rows": 526903,
                                    "Plan Width": 0,
                                    "Actual Startup Time": 418.036,
                                    "Actual Total Time": 606.418,
                                    "Actual Rows": 203976,
                                    "Actual Loops": 4,
                                    "Inner Unique": false,
                                    "Hash Cond": "(mk.movie_id = t.id)",
                                    "Workers": [
                                        {
                                            "Worker Number": 0,
                                            "Actual Startup Time": 414.597,
                                            "Actual Total Time": 602.586,
                                            "Actual Rows": 201728,
                                            "Actual Loops": 1
                                        },
                                        {
                                            "Worker Number": 1,
                                            "Actual Startup Time": 414.706,
                                            "Actual Total Time": 602.579,
                                            "Actual Rows": 204952,
                                            "Actual Loops": 1
                                        },
                                        {
                                            "Worker Number": 2,
                                            "Actual Startup Time": 415.435,
                                            "Actual Total Time": 604.179,
                                            "Actual Rows": 198771,
                                            "Actual Loops": 1
                                        }
                                    ],
                                    "Plans": [
                                        {
                                            "Node Type": "Seq Scan",
                                            "Parent Relationship": "Outer",
                                            "Parallel Aware": true,
                                            "Relation Name": "movie_keyword",
                                            "Schema": "public",
                                            "Alias": "mk",
                                            "Startup Cost": 0.0,
                                            "Total Cost": 42695.65,
                                            "Plan Rows": 1277288,
                                            "Plan Width": 4,
                                            "Actual Startup Time": 0.053,
                                            "Actual Total Time": 102.775,
                                            "Actual Rows": 989415,
                                            "Actual Loops": 4,
                                            "Output": [
                                                "mk.id",
                                                "mk.movie_id",
                                                "mk.keyword_id"
                                            ],
                                            "Filter": "(mk.keyword_id > 398)",
                                            "Rows Removed by Filter": 141568,
                                            "Workers": [
                                                {
                                                    "Worker Number": 0,
                                                    "Actual Startup Time": 0.053,
                                                    "Actual Total Time": 103.665,
                                                    "Actual Rows": 962615,
                                                    "Actual Loops": 1
                                                },
                                                {
                                                    "Worker Number": 1,
                                                    "Actual Startup Time": 0.109,
                                                    "Actual Total Time": 104.284,
                                                    "Actual Rows": 966107,
                                                    "Actual Loops": 1
                                                },
                                                {
                                                    "Worker Number": 2,
                                                    "Actual Startup Time": 0.023,
                                                    "Actual Total Time": 104.158,
                                                    "Actual Rows": 972602,
                                                    "Actual Loops": 1
                                                }
                                            ]
                                        },
                                        {
                                            "Node Type": "Hash",
                                            "Parent Relationship": "Inner",
                                            "Parallel Aware": true,
                                            "Startup Cost": 78053.45,
                                            "Total Cost": 78053.45,
                                            "Plan Rows": 336444,
                                            "Plan Width": 8,
                                            "Actual Startup Time": 412.822,
                                            "Actual Total Time": 413.207,
                                            "Actual Rows": 123526,
                                            "Actual Loops": 4,
                                            "Output": [
                                                "t.id",
                                                "mc.movie_id"
                                            ],
                                            "Hash Buckets": 1048576,
                                            "Original Hash Buckets": 1048576,
                                            "Hash Batches": 1,
                                            "Original Hash Batches": 1,
                                            "Peak Memory Usage": 27584,
                                            "Workers": [
                                                {
                                                    "Worker Number": 0,
                                                    "Actual Startup Time": 413.685,
                                                    "Actual Total Time": 413.689,
                                                    "Actual Rows": 121658,
                                                    "Actual Loops": 1
                                                },
                                                {
                                                    "Worker Number": 1,
                                                    "Actual Startup Time": 413.848,
                                                    "Actual Total Time": 413.851,
                                                    "Actual Rows": 121404,
                                                    "Actual Loops": 1
                                                },
                                                {
                                                    "Worker Number": 2,
                                                    "Actual Startup Time": 414.364,
                                                    "Actual Total Time": 414.367,
                                                    "Actual Rows": 122119,
                                                    "Actual Loops": 1
                                                }
                                            ],
                                            "Plans": [
                                                {
                                                    "Node Type": "Hash Join",
                                                    "Parent Relationship": "Outer",
                                                    "Parallel Aware": true,
                                                    "Join Type": "Inner",
                                                    "Startup Cost": 48637.56,
                                                    "Total Cost": 78053.45,
                                                    "Plan Rows": 336444,
                                                    "Plan Width": 8,
                                                    "Actual Startup Time": 185.56,
                                                    "Actual Total Time": 375.447,
                                                    "Actual Rows": 123526,
                                                    "Actual Loops": 4,
                                                    "Output": [
                                                        "t.id",
                                                        "mc.movie_id"
                                                    ],
                                                    "Inner Unique": true,
                                                    "Hash Cond": "(mc.movie_id = t.id)",
                                                    "Workers": [
                                                        {
                                                            "Worker Number": 0,
                                                            "Actual Startup Time": 185.493,
                                                            "Actual Total Time": 375.186,
                                                            "Actual Rows": 121658,
                                                            "Actual Loops": 1
                                                        },
                                                        {
                                                            "Worker Number": 1,
                                                            "Actual Startup Time": 185.547,
                                                            "Actual Total Time": 374.582,
                                                            "Actual Rows": 121404,
                                                            "Actual Loops": 1
                                                        },
                                                        {
                                                            "Worker Number": 2,
                                                            "Actual Startup Time": 185.513,
                                                            "Actual Total Time": 375.351,
                                                            "Actual Rows": 122119,
                                                            "Actual Loops": 1
                                                        }
                                                    ],
                                                    "Plans": [
                                                        {
                                                            "Node Type": "Seq Scan",
                                                            "Parent Relationship": "Outer",
                                                            "Parallel Aware": true,
                                                            "Relation Name": "movie_companies",
                                                            "Schema": "public",
                                                            "Alias": "mc",
                                                            "Startup Cost": 0.0,
                                                            "Total Cost": 27206.55,
                                                            "Plan Rows": 841655,
                                                            "Plan Width": 4,
                                                            "Actual Startup Time": 0.021,
                                                            "Actual Total Time": 52.561,
                                                            "Actual Rows": 652282,
                                                            "Actual Loops": 4,
                                                            "Output": [
                                                                "mc.id",
                                                                "mc.movie_id",
                                                                "mc.company_id",
                                                                "mc.company_type_id",
                                                                "mc.note"
                                                            ],
                                                            "Workers": [
                                                                {
                                                                    "Worker Number": 0,
                                                                    "Actual Startup Time": 0.025,
                                                                    "Actual Total Time": 53.076,
                                                                    "Actual Rows": 636429,
                                                                    "Actual Loops": 1
                                                                },
                                                                {
                                                                    "Worker Number": 1,
                                                                    "Actual Startup Time": 0.025,
                                                                    "Actual Total Time": 55.149,
                                                                    "Actual Rows": 630946,
                                                                    "Actual Loops": 1
                                                                },
                                                                {
                                                                    "Worker Number": 2,
                                                                    "Actual Startup Time": 0.029,
                                                                    "Actual Total Time": 53.25,
                                                                    "Actual Rows": 646091,
                                                                    "Actual Loops": 1
                                                                }
                                                            ]
                                                        },
                                                        {
                                                            "Node Type": "Hash",
                                                            "Parent Relationship": "Inner",
                                                            "Parallel Aware": true,
                                                            "Startup Cost": 45479.21,
                                                            "Total Cost": 45479.21,
                                                            "Plan Rows": 252668,
                                                            "Plan Width": 4,
                                                            "Actual Startup Time": 183.011,
                                                            "Actual Total Time": 183.012,
                                                            "Actual Rows": 240028,
                                                            "Actual Loops": 4,
                                                            "Output": [
                                                                "t.id"
                                                            ],
                                                            "Hash Buckets": 1048576,
                                                            "Original Hash Buckets": 1048576,
                                                            "Hash Batches": 1,
                                                            "Original Hash Batches": 1,
                                                            "Peak Memory Usage": 45824,
                                                            "Workers": [
                                                                {
                                                                    "Worker Number": 0,
                                                                    "Actual Startup Time": 185.361,
                                                                    "Actual Total Time": 185.363,
                                                                    "Actual Rows": 211359,
                                                                    "Actual Loops": 1
                                                                },
                                                                {
                                                                    "Worker Number": 1,
                                                                    "Actual Startup Time": 185.377,
                                                                    "Actual Total Time": 185.379,
                                                                    "Actual Rows": 223320,
                                                                    "Actual Loops": 1
                                                                },
                                                                {
                                                                    "Worker Number": 2,
                                                                    "Actual Startup Time": 185.36,
                                                                    "Actual Total Time": 185.361,
                                                                    "Actual Rows": 218216,
                                                                    "Actual Loops": 1
                                                                }
                                                            ],
                                                            "Plans": [
                                                                {
                                                                    "Node Type": "Seq Scan",
                                                                    "Parent Relationship": "Outer",
                                                                    "Parallel Aware": true,
                                                                    "Relation Name": "title",
                                                                    "Schema": "public",
                                                                    "Alias": "t",
                                                                    "Startup Cost": 0.0,
                                                                    "Total Cost": 45479.21,
                                                                    "Plan Rows": 252668,
                                                                    "Plan Width": 4,
                                                                    "Actual Startup Time": 0.066,
                                                                    "Actual Total Time": 96.243,
                                                                    "Actual Rows": 240028,
                                                                    "Actual Loops": 4,
                                                                    "Output": [
                                                                        "t.id"
                                                                    ],
                                                                    "Filter": "((t.production_year < 2008) AND (t.kind_id = 7))",
                                                                    "Rows Removed by Filter": 392050,
                                                                    "Workers": [
                                                                        {
                                                                            "Worker Number": 0,
                                                                            "Actual Startup Time": 0.093,
                                                                            "Actual Total Time": 96.769,
                                                                            "Actual Rows": 211359,
                                                                            "Actual Loops": 1
                                                                        },
                                                                        {
                                                                            "Worker Number": 1,
                                                                            "Actual Startup Time": 0.059,
                                                                            "Actual Total Time": 99.419,
                                                                            "Actual Rows": 223320,
                                                                            "Actual Loops": 1
                                                                        },
                                                                        {
                                                                            "Worker Number": 2,
                                                                            "Actual Startup Time": 0.097,
                                                                            "Actual Total Time": 97.252,
                                                                            "Actual Rows": 218216,
                                                                            "Actual Loops": 1
                                                                        }
                                                                    ]
                                                                }
                                                            ]
                                                        }
                                                    ]
                                                }
                                            ]
                                        }
                                    ]
                                }
                            ]
                        }
                    ]
                }
            ]
        },
        "Planning Time": 206.096,
        "Triggers": [],
        "Execution Time": 639.325
    }
]