[
  {
    "Plan": {
      "Node Type": "Aggregate",
      "Strategy": "Plain",
      "Partial Mode": "Finalize",
      "Parallel Aware": false,
      "Startup Cost": 337606.55,
      "Total Cost": 337606.56,
      "Plan Rows": 1,
      "Plan Width": 8,
      "Actual Startup Time": 751.926,
      "Actual Total Time": 810.969,
      "Actual Rows": 1,
      "Actual Loops": 1,
      "Plans": [
        {
          "Node Type": "Gather",
          "Parent Relationship": "Outer",
          "Parallel Aware": false,
          "Startup Cost": 337605.93,
          "Total Cost": 337606.54,
          "Plan Rows": 6,
          "Plan Width": 8,
          "Actual Startup Time": 751.813,
          "Actual Total Time": 810.958,
          "Actual Rows": 7,
          "Actual Loops": 1,
          "Workers Planned": 6,
          "Workers Launched": 6,
          "Single Copy": false,
          "Plans": [
            {
              "Node Type": "Aggregate",
              "Strategy": "Plain",
              "Partial Mode": "Partial",
              "Parent Relationship": "Outer",
              "Parallel Aware": false,
              "Startup Cost": 336605.93,
              "Total Cost": 336605.94,
              "Plan Rows": 1,
              "Plan Width": 8,
              "Actual Startup Time": 741.357,
              "Actual Total Time": 741.358,
              "Actual Rows": 1,
              "Actual Loops": 7,
              "Plans": [
                {
                  "Node Type": "Seq Scan",
                  "Parent Relationship": "Outer",
                  "Parallel Aware": true,
                  "Relation Name": "cast_info",
                  "Alias": "ci",
                  "Startup Cost": 0.0,
                  "Total Cost": 328162.03,
                  "Plan Rows": 3377560,
                  "Plan Width": 0,
                  "Actual Startup Time": 0.056,
                  "Actual Total Time": 609.984,
                  "Actual Rows": 2901561,
                  "Actual Loops": 7,
                  "Filter": "(person_id < 2041079)",
                  "Rows Removed by Filter": 2276202
                }
              ]
            }
          ]
        }
      ]
    },
    "Planning Time": 0.243,
    "Triggers": [],
    "Execution Time": 811.045
  }
]