[
    {
        "Bao": {
            "Bao prediction": "NaN",
            "Bao recommended hint": "(no hint)"
        }
    },
    {
        "Plan": {
            "Node Type": "Aggregate",
            "Strategy": "Plain",
            "Partial Mode": "Finalize",
            "Parallel Aware": false,
            "Startup Cost": 327457.72,
            "Total Cost": 327457.73,
            "Plan Rows": 1,
            "Plan Width": 8,
            "Actual Startup Time": 342.512,
            "Actual Total Time": 350.295,
            "Actual Rows": 1,
            "Actual Loops": 1,
            "Output": [
                "count(*)"
            ],
            "Plans": [
                {
                    "Node Type": "Gather",
                    "Parent Relationship": "Outer",
                    "Parallel Aware": false,
                    "Startup Cost": 327457.09,
                    "Total Cost": 327457.7,
                    "Plan Rows": 6,
                    "Plan Width": 8,
                    "Actual Startup Time": 341.423,
                    "Actual Total Time": 350.285,
                    "Actual Rows": 7,
                    "Actual Loops": 1,
                    "Output": [
                        "(PARTIAL count(*))"
                    ],
                    "Workers Planned": 6,
                    "Workers Launched": 6,
                    "Single Copy": false,
                    "Plans": [
                        {
                            "Node Type": "Aggregate",
                            "Strategy": "Plain",
                            "Partial Mode": "Partial",
                            "Parent Relationship": "Outer",
                            "Parallel Aware": false,
                            "Startup Cost": 326457.09,
                            "Total Cost": 326457.1,
                            "Plan Rows": 1,
                            "Plan Width": 8,
                            "Actual Startup Time": 331.201,
                            "Actual Total Time": 331.202,
                            "Actual Rows": 1,
                            "Actual Loops": 7,
                            "Output": [
                                "PARTIAL count(*)"
                            ],
                            "Workers": [
                                {
                                    "Worker Number": 0,
                                    "Actual Startup Time": 328.854,
                                    "Actual Total Time": 328.856,
                                    "Actual Rows": 1,
                                    "Actual Loops": 1
                                },
                                {
                                    "Worker Number": 1,
                                    "Actual Startup Time": 328.987,
                                    "Actual Total Time": 328.988,
                                    "Actual Rows": 1,
                                    "Actual Loops": 1
                                },
                                {
                                    "Worker Number": 2,
                                    "Actual Startup Time": 329.609,
                                    "Actual Total Time": 329.611,
                                    "Actual Rows": 1,
                                    "Actual Loops": 1
                                },
                                {
                                    "Worker Number": 3,
                                    "Actual Startup Time": 329.423,
                                    "Actual Total Time": 329.425,
                                    "Actual Rows": 1,
                                    "Actual Loops": 1
                                },
                                {
                                    "Worker Number": 4,
                                    "Actual Startup Time": 330.254,
                                    "Actual Total Time": 330.255,
                                    "Actual Rows": 1,
                                    "Actual Loops": 1
                                },
                                {
                                    "Worker Number": 5,
                                    "Actual Startup Time": 330.268,
                                    "Actual Total Time": 330.27,
                                    "Actual Rows": 1,
                                    "Actual Loops": 1
                                }
                            ],
                            "Plans": [
                                {
                                    "Node Type": "Bitmap Heap Scan",
                                    "Parent Relationship": "Outer",
                                    "Parallel Aware": true,
                                    "Relation Name": "cast_info",
                                    "Schema": "public",
                                    "Alias": "ci",
                                    "Startup Cost": 66266.31,
                                    "Total Cost": 325206.46,
                                    "Plan Rows": 500252,
                                    "Plan Width": 0,
                                    "Actual Startup Time": 183.443,
                                    "Actual Total Time": 301.272,
                                    "Actual Rows": 436124,
                                    "Actual Loops": 7,
                                    "Recheck Cond": "(ci.person_id < 296324)",
                                    "Rows Removed by Index Recheck": 0,
                                    "Exact Heap Blocks": 6073,
                                    "Lossy Heap Blocks": 0,
                                    "Workers": [
                                        {
                                            "Worker Number": 0,
                                            "Actual Startup Time": 181.376,
                                            "Actual Total Time": 299.842,
                                            "Actual Rows": 381981,
                                            "Actual Loops": 1
                                        },
                                        {
                                            "Worker Number": 1,
                                            "Actual Startup Time": 181.253,
                                            "Actual Total Time": 299.802,
                                            "Actual Rows": 383970,
                                            "Actual Loops": 1
                                        },
                                        {
                                            "Worker Number": 2,
                                            "Actual Startup Time": 181.766,
                                            "Actual Total Time": 300.598,
                                            "Actual Rows": 382885,
                                            "Actual Loops": 1
                                        },
                                        {
                                            "Worker Number": 3,
                                            "Actual Startup Time": 181.75,
                                            "Actual Total Time": 300.126,
                                            "Actual Rows": 385285,
                                            "Actual Loops": 1
                                        },
                                        {
                                            "Worker Number": 4,
                                            "Actual Startup Time": 182.696,
                                            "Actual Total Time": 301.944,
                                            "Actual Rows": 563730,
                                            "Actual Loops": 1
                                        },
                                        {
                                            "Worker Number": 5,
                                            "Actual Startup Time": 182.456,
                                            "Actual Total Time": 301.328,
                                            "Actual Rows": 381562,
                                            "Actual Loops": 1
                                        }
                                    ],
                                    "Plans": [
                                        {
                                            "Node Type": "Bitmap Index Scan",
                                            "Parent Relationship": "Outer",
                                            "Parallel Aware": false,
                                            "Index Name": "person_id_cast_info",
                                            "Startup Cost": 0.0,
                                            "Total Cost": 65515.93,
                                            "Plan Rows": 3001515,
                                            "Plan Width": 0,
                                            "Actual Startup Time": 184.712,
                                            "Actual Total Time": 184.712,
                                            "Actual Rows": 3052868,
                                            "Actual Loops": 1,
                                            "Index Cond": "(ci.person_id < 296324)"
                                        }
                                    ]
                                }
                            ]
                        }
                    ]
                }
            ]
        },
        "Planning Time": 306.287,
        "Triggers": [],
        "Execution Time": 350.353
    }
]