{
  "Plan": {
    "Node Type": "Aggregate",
    "Strategy": "Plain",
    "Partial Mode": "Finalize",
    "Parallel Aware": false,
    "Startup Cost": 116911.74,
    "Total Cost": 116911.75,
    "Plan Rows": 1,
    "Plan Width": 8,
    "Actual Startup Time": 517.813,
    "Actual Total Time": 531.65,
    "Actual Rows": 1,
    "Actual Loops": 1,
    "Plans": [
      {
        "Node Type": "Gather",
        "Parent Relationship": "Outer",
        "Parallel Aware": false,
        "Startup Cost": 116911.63,
        "Total Cost": 116911.74,
        "Plan Rows": 1,
        "Plan Width": 8,
        "Actual Startup Time": 516.314,
        "Actual Total Time": 531.644,
        "Actual Rows": 2,
        "Actual Loops": 1,
        "Workers Planned": 1,
        "Workers Launched": 1,
        "Single Copy": false,
        "Plans": [
          {
            "Node Type": "Aggregate",
            "Strategy": "Plain",
            "Partial Mode": "Partial",
            "Parent Relationship": "Outer",
            "Parallel Aware": false,
            "Startup Cost": 115911.63,
            "Total Cost": 115911.64,
            "Plan Rows": 1,
            "Plan Width": 8,
            "Actual Startup Time": 513.253,
            "Actual Total Time": 513.256,
            "Actual Rows": 1,
            "Actual Loops": 2,
            "Plans": [
              {
                "Node Type": "Hash Join",
                "Parent Relationship": "Outer",
                "Parallel Aware": true,
                "Join Type": "Inner",
                "Startup Cost": 82325.39,
                "Total Cost": 115355.75,
                "Plan Rows": 222352,
                "Plan Width": 0,
                "Actual Startup Time": 310.366,
                "Actual Total Time": 495.884,
                "Actual Rows": 403941,
                "Actual Loops": 2,
                "Inner Unique": true,
                "Hash Cond": "(mk.movie_id = t.id)",
                "Plans": [
                  {
                    "Node Type": "Bitmap Heap Scan",
                    "Parent Relationship": "Outer",
                    "Parallel Aware": true,
                    "Relation Name": "movie_keyword",
                    "Alias": "mk",
                    "Startup Cost": 20447.08,
                    "Total Cost": 51988.99,
                    "Plan Rows": 567032,
                    "Plan Width": 4,
                    "Actual Startup Time": 52.137,
                    "Actual Total Time": 137.337,
                    "Actual Rows": 480960,
                    "Actual Loops": 2,
                    "Recheck Cond": "(keyword_id > 19756)",
                    "Rows Removed by Index Recheck": 0,
                    "Exact Heap Blocks": 13309,
                    "Lossy Heap Blocks": 0,
                    "Plans": [
                      {
                        "Node Type": "Bitmap Index Scan",
                        "Parent Relationship": "Outer",
                        "Parallel Aware": false,
                        "Index Name": "keyword_id_movie_keyword",
                        "Startup Cost": 0.0,
                        "Total Cost": 20206.09,
                        "Plan Rows": 963955,
                        "Plan Width": 0,
                        "Actual Startup Time": 48.422,
                        "Actual Total Time": 48.423,
                        "Actual Rows": 961919,
                        "Actual Loops": 1,
                        "Index Cond": "(keyword_id > 19756)"
                      }
                    ]
                  },
                  {
                    "Node Type": "Hash",
                    "Parent Relationship": "Inner",
                    "Parallel Aware": true,
                    "Startup Cost": 54588.39,
                    "Total Cost": 54588.39,
                    "Plan Rows": 583193,
                    "Plan Width": 4,
                    "Actual Startup Time": 252.442,
                    "Actual Total Time": 252.443,
                    "Actual Rows": 492524,
                    "Actual Loops": 2,
                    "Hash Buckets": 1048576,
                    "Original Hash Buckets": 1048576,
                    "Hash Batches": 1,
                    "Original Hash Batches": 1,
                    "Peak Memory Usage": 46752,
                    "Plans": [
                      {
                        "Node Type": "Seq Scan",
                        "Parent Relationship": "Outer",
                        "Parallel Aware": true,
                        "Relation Name": "title",
                        "Alias": "t",
                        "Startup Cost": 0.0,
                        "Total Cost": 54588.39,
                        "Plan Rows": 583193,
                        "Plan Width": 4,
                        "Actual Startup Time": 0.021,
                        "Actual Total Time": 142.102,
                        "Actual Rows": 492524,
                        "Actual Loops": 2,
                        "Filter": "(kind_id < 7)",
                        "Rows Removed by Filter": 771632
                      }
                    ]
                  }
                ]
              }
            ]
          }
        ]
      }
    ]
  },
  "Planning Time": 0.356,
  "Triggers": [],
  "Execution Time": 531.701
}