[
    {
        "Bao": {
            "Bao prediction": "NaN",
            "Bao recommended hint": "(no hint)"
        }
    },
    {
        "Plan": {
            "Node Type": "Aggregate",
            "Strategy": "Plain",
            "Partial Mode": "Finalize",
            "Parallel Aware": false,
            "Startup Cost": 298824.61,
            "Total Cost": 298824.62,
            "Plan Rows": 1,
            "Plan Width": 8,
            "Actual Startup Time": 740.813,
            "Actual Total Time": 772.329,
            "Actual Rows": 1,
            "Actual Loops": 1,
            "Output": [
                "count(*)"
            ],
            "Plans": [
                {
                    "Node Type": "Gather",
                    "Parent Relationship": "Outer",
                    "Parallel Aware": false,
                    "Startup Cost": 298824.29,
                    "Total Cost": 298824.6,
                    "Plan Rows": 3,
                    "Plan Width": 8,
                    "Actual Startup Time": 740.058,
                    "Actual Total Time": 772.322,
                    "Actual Rows": 4,
                    "Actual Loops": 1,
                    "Output": [
                        "(PARTIAL count(*))"
                    ],
                    "Workers Planned": 3,
                    "Workers Launched": 3,
                    "Single Copy": false,
                    "Plans": [
                        {
                            "Node Type": "Aggregate",
                            "Strategy": "Plain",
                            "Partial Mode": "Partial",
                            "Parent Relationship": "Outer",
                            "Parallel Aware": false,
                            "Startup Cost": 297824.29,
                            "Total Cost": 297824.3,
                            "Plan Rows": 1,
                            "Plan Width": 8,
                            "Actual Startup Time": 731.091,
                            "Actual Total Time": 731.098,
                            "Actual Rows": 1,
                            "Actual Loops": 4,
                            "Output": [
                                "PARTIAL count(*)"
                            ],
                            "Workers": [
                                {
                                    "Worker Number": 0,
                                    "Actual Startup Time": 728.22,
                                    "Actual Total Time": 728.226,
                                    "Actual Rows": 1,
                                    "Actual Loops": 1
                                },
                                {
                                    "Worker Number": 1,
                                    "Actual Startup Time": 728.231,
                                    "Actual Total Time": 728.242,
                                    "Actual Rows": 1,
                                    "Actual Loops": 1
                                },
                                {
                                    "Worker Number": 2,
                                    "Actual Startup Time": 728.243,
                                    "Actual Total Time": 728.248,
                                    "Actual Rows": 1,
                                    "Actual Loops": 1
                                }
                            ],
                            "Plans": [
                                {
                                    "Node Type": "Hash Join",
                                    "Parent Relationship": "Outer",
                                    "Parallel Aware": true,
                                    "Join Type": "Inner",
                                    "Startup Cost": 251998.91,
                                    "Total Cost": 297171.51,
                                    "Plan Rows": 261113,
                                    "Plan Width": 0,
                                    "Actual Startup Time": 528.316,
                                    "Actual Total Time": 731.071,
                                    "Actual Rows": 232,
                                    "Actual Loops": 4,
                                    "Inner Unique": false,
                                    "Hash Cond": "(mk.movie_id = t.id)",
                                    "Workers": [
                                        {
                                            "Worker Number": 0,
                                            "Actual Startup Time": 523.844,
                                            "Actual Total Time": 728.196,
                                            "Actual Rows": 222,
                                            "Actual Loops": 1
                                        },
                                        {
                                            "Worker Number": 1,
                                            "Actual Startup Time": 523.874,
                                            "Actual Total Time": 728.221,
                                            "Actual Rows": 135,
                                            "Actual Loops": 1
                                        },
                                        {
                                            "Worker Number": 2,
                                            "Actual Startup Time": 522.757,
                                            "Actual Total Time": 728.209,
                                            "Actual Rows": 378,
                                            "Actual Loops": 1
                                        }
                                    ],
                                    "Plans": [
                                        {
                                            "Node Type": "Seq Scan",
                                            "Parent Relationship": "Outer",
                                            "Parallel Aware": true,
                                            "Relation Name": "movie_keyword",
                                            "Schema": "public",
                                            "Alias": "mk",
                                            "Startup Cost": 0.0,
                                            "Total Cost": 39047.32,
                                            "Plan Rows": 1459332,
                                            "Plan Width": 4,
                                            "Actual Startup Time": 0.012,
                                            "Actual Total Time": 106.929,
                                            "Actual Rows": 1130982,
                                            "Actual Loops": 4,
                                            "Output": [
                                                "mk.id",
                                                "mk.movie_id",
                                                "mk.keyword_id"
                                            ],
                                            "Workers": [
                                                {
                                                    "Worker Number": 0,
                                                    "Actual Startup Time": 0.015,
                                                    "Actual Total Time": 108.64,
                                                    "Actual Rows": 952195,
                                                    "Actual Loops": 1
                                                },
                                                {
                                                    "Worker Number": 1,
                                                    "Actual Startup Time": 0.014,
                                                    "Actual Total Time": 108.774,
                                                    "Actual Rows": 953860,
                                                    "Actual Loops": 1
                                                },
                                                {
                                                    "Worker Number": 2,
                                                    "Actual Startup Time": 0.014,
                                                    "Actual Total Time": 108.734,
                                                    "Actual Rows": 954910,
                                                    "Actual Loops": 1
                                                }
                                            ]
                                        },
                                        {
                                            "Node Type": "Hash",
                                            "Parent Relationship": "Inner",
                                            "Parallel Aware": true,
                                            "Startup Cost": 250585.21,
                                            "Total Cost": 250585.21,
                                            "Plan Rows": 113096,
                                            "Plan Width": 8,
                                            "Actual Startup Time": 521.5,
                                            "Actual Total Time": 521.505,
                                            "Actual Rows": 68,
                                            "Actual Loops": 4,
                                            "Output": [
                                                "t.id",
                                                "ci.movie_id"
                                            ],
                                            "Hash Buckets": 524288,
                                            "Original Hash Buckets": 524288,
                                            "Hash Batches": 1,
                                            "Original Hash Batches": 1,
                                            "Peak Memory Usage": 4224,
                                            "Workers": [
                                                {
                                                    "Worker Number": 0,
                                                    "Actual Startup Time": 520.077,
                                                    "Actual Total Time": 520.081,
                                                    "Actual Rows": 46,
                                                    "Actual Loops": 1
                                                },
                                                {
                                                    "Worker Number": 1,
                                                    "Actual Startup Time": 520.142,
                                                    "Actual Total Time": 520.152,
                                                    "Actual Rows": 53,
                                                    "Actual Loops": 1
                                                },
                                                {
                                                    "Worker Number": 2,
                                                    "Actual Startup Time": 520.089,
                                                    "Actual Total Time": 520.093,
                                                    "Actual Rows": 58,
                                                    "Actual Loops": 1
                                                }
                                            ],
                                            "Plans": [
                                                {
                                                    "Node Type": "Hash Join",
                                                    "Parent Relationship": "Outer",
                                                    "Parallel Aware": true,
                                                    "Join Type": "Inner",
                                                    "Startup Cost": 201757.12,
                                                    "Total Cost": 250585.21,
                                                    "Plan Rows": 113096,
                                                    "Plan Width": 8,
                                                    "Actual Startup Time": 369.182,
                                                    "Actual Total Time": 521.123,
                                                    "Actual Rows": 68,
                                                    "Actual Loops": 4,
                                                    "Output": [
                                                        "t.id",
                                                        "ci.movie_id"
                                                    ],
                                                    "Inner Unique": false,
                                                    "Hash Cond": "(t.id = ci.movie_id)",
                                                    "Workers": [
                                                        {
                                                            "Worker Number": 0,
                                                            "Actual Startup Time": 368.724,
                                                            "Actual Total Time": 519.629,
                                                            "Actual Rows": 46,
                                                            "Actual Loops": 1
                                                        },
                                                        {
                                                            "Worker Number": 1,
                                                            "Actual Startup Time": 369.644,
                                                            "Actual Total Time": 519.733,
                                                            "Actual Rows": 53,
                                                            "Actual Loops": 1
                                                        },
                                                        {
                                                            "Worker Number": 2,
                                                            "Actual Startup Time": 366.515,
                                                            "Actual Total Time": 519.619,
                                                            "Actual Rows": 58,
                                                            "Actual Loops": 1
                                                        }
                                                    ],
                                                    "Plans": [
                                                        {
                                                            "Node Type": "Seq Scan",
                                                            "Parent Relationship": "Outer",
                                                            "Parallel Aware": true,
                                                            "Relation Name": "title",
                                                            "Schema": "public",
                                                            "Alias": "t",
                                                            "Startup Cost": 0.0,
                                                            "Total Cost": 42318.81,
                                                            "Plan Rows": 632080,
                                                            "Plan Width": 4,
                                                            "Actual Startup Time": 0.018,
                                                            "Actual Total Time": 79.468,
                                                            "Actual Rows": 632078,
                                                            "Actual Loops": 4,
                                                            "Output": [
                                                                "t.id",
                                                                "t.title",
                                                                "t.imdb_index",
                                                                "t.kind_id",
                                                                "t.production_year",
                                                                "t.imdb_id",
                                                                "t.phonetic_code",
                                                                "t.episode_of_id",
                                                                "t.season_nr",
                                                                "t.episode_nr",
                                                                "t.series_years",
                                                                "t.md5sum"
                                                            ],
                                                            "Workers": [
                                                                {
                                                                    "Worker Number": 0,
                                                                    "Actual Startup Time": 0.023,
                                                                    "Actual Total Time": 80.597,
                                                                    "Actual Rows": 509529,
                                                                    "Actual Loops": 1
                                                                },
                                                                {
                                                                    "Worker Number": 1,
                                                                    "Actual Startup Time": 0.022,
                                                                    "Actual Total Time": 80.722,
                                                                    "Actual Rows": 515391,
                                                                    "Actual Loops": 1
                                                                },
                                                                {
                                                                    "Worker Number": 2,
                                                                    "Actual Startup Time": 0.022,
                                                                    "Actual Total Time": 80.499,
                                                                    "Actual Rows": 510846,
                                                                    "Actual Loops": 1
                                                                }
                                                            ]
                                                        },
                                                        {
                                                            "Node Type": "Hash",
                                                            "Parent Relationship": "Inner",
                                                            "Parallel Aware": true,
                                                            "Startup Cost": 200814.65,
                                                            "Total Cost": 200814.65,
                                                            "Plan Rows": 75397,
                                                            "Plan Width": 4,
                                                            "Actual Startup Time": 366.269,
                                                            "Actual Total Time": 366.272,
                                                            "Actual Rows": 68,
                                                            "Actual Loops": 4,
                                                            "Output": [
                                                                "ci.movie_id"
                                                            ],
                                                            "Hash Buckets": 524288,
                                                            "Original Hash Buckets": 524288,
                                                            "Hash Batches": 1,
                                                            "Original Hash Batches": 1,
                                                            "Peak Memory Usage": 4224,
                                                            "Workers": [
                                                                {
                                                                    "Worker Number": 0,
                                                                    "Actual Startup Time": 365.826,
                                                                    "Actual Total Time": 365.827,
                                                                    "Actual Rows": 49,
                                                                    "Actual Loops": 1
                                                                },
                                                                {
                                                                    "Worker Number": 1,
                                                                    "Actual Startup Time": 365.91,
                                                                    "Actual Total Time": 365.918,
                                                                    "Actual Rows": 52,
                                                                    "Actual Loops": 1
                                                                },
                                                                {
                                                                    "Worker Number": 2,
                                                                    "Actual Startup Time": 365.83,
                                                                    "Actual Total Time": 365.832,
                                                                    "Actual Rows": 90,
                                                                    "Actual Loops": 1
                                                                }
                                                            ],
                                                            "Plans": [
                                                                {
                                                                    "Node Type": "Index Scan",
                                                                    "Parent Relationship": "Outer",
                                                                    "Parallel Aware": true,
                                                                    "Scan Direction": "Forward",
                                                                    "Index Name": "role_id_cast_info",
                                                                    "Relation Name": "cast_info",
                                                                    "Schema": "public",
                                                                    "Alias": "ci",
                                                                    "Startup Cost": 0.56,
                                                                    "Total Cost": 200814.65,
                                                                    "Plan Rows": 75397,
                                                                    "Plan Width": 4,
                                                                    "Actual Startup Time": 2.328,
                                                                    "Actual Total Time": 365.938,
                                                                    "Actual Rows": 68,
                                                                    "Actual Loops": 4,
                                                                    "Output": [
                                                                        "ci.movie_id"
                                                                    ],
                                                                    "Index Cond": "(ci.role_id = 2)",
                                                                    "Rows Removed by Index Recheck": 0,
                                                                    "Filter": "(ci.person_id < 215116)",
                                                                    "Rows Removed by Filter": 1862925,
                                                                    "Workers": [
                                                                        {
                                                                            "Worker Number": 0,
                                                                            "Actual Startup Time": 2.465,
                                                                            "Actual Total Time": 365.451,
                                                                            "Actual Rows": 49,
                                                                            "Actual Loops": 1
                                                                        },
                                                                        {
                                                                            "Worker Number": 1,
                                                                            "Actual Startup Time": 6.113,
                                                                            "Actual Total Time": 365.609,
                                                                            "Actual Rows": 52,
                                                                            "Actual Loops": 1
                                                                        },
                                                                        {
                                                                            "Worker Number": 2,
                                                                            "Actual Startup Time": 0.528,
                                                                            "Actual Total Time": 365.286,
                                                                            "Actual Rows": 90,
                                                                            "Actual Loops": 1
                                                                        }
                                                                    ]
                                                                }
                                                            ]
                                                        }
                                                    ]
                                                }
                                            ]
                                        }
                                    ]
                                }
                            ]
                        }
                    ]
                }
            ]
        },
        "Planning Time": 222.41,
        "Triggers": [],
        "Execution Time": 772.408
    }
]