[
  {
    "Plan": {
      "Node Type": "Aggregate",
      "Strategy": "Plain",
      "Partial Mode": "Finalize",
      "Parallel Aware": false,
      "Startup Cost": 30993.4,
      "Total Cost": 30993.41,
      "Plan Rows": 1,
      "Plan Width": 8,
      "Actual Startup Time": 88.285,
      "Actual Total Time": 95.27,
      "Actual Rows": 1,
      "Actual Loops": 1,
      "Plans": [
        {
          "Node Type": "Gather",
          "Parent Relationship": "Outer",
          "Parallel Aware": false,
          "Startup Cost": 30993.08,
          "Total Cost": 30993.39,
          "Plan Rows": 3,
          "Plan Width": 8,
          "Actual Startup Time": 88.141,
          "Actual Total Time": 95.26,
          "Actual Rows": 4,
          "Actual Loops": 1,
          "Workers Planned": 3,
          "Workers Launched": 3,
          "Single Copy": false,
          "Plans": [
            {
              "Node Type": "Aggregate",
              "Strategy": "Plain",
              "Partial Mode": "Partial",
              "Parent Relationship": "Outer",
              "Parallel Aware": false,
              "Startup Cost": 29993.08,
              "Total Cost": 29993.09,
              "Plan Rows": 1,
              "Plan Width": 8,
              "Actual Startup Time": 81.267,
              "Actual Total Time": 81.268,
              "Actual Rows": 1,
              "Actual Loops": 4,
              "Plans": [
                {
                  "Node Type": "Seq Scan",
                  "Parent Relationship": "Outer",
                  "Parallel Aware": true,
                  "Relation Name": "movie_companies",
                  "Alias": "mc",
                  "Startup Cost": 0.0,
                  "Total Cost": 29310.68,
                  "Plan Rows": 272961,
                  "Plan Width": 0,
                  "Actual Startup Time": 20.506,
                  "Actual Total Time": 72.337,
                  "Actual Rows": 209042,
                  "Actual Loops": 4,
                  "Filter": "(company_id > 26653)",
                  "Rows Removed by Filter": 443240
                }
              ]
            }
          ]
        }
      ]
    },
    "Planning Time": 0.091,
    "Triggers": [],
    "Execution Time": 95.307
  }
]