[
  {
    "Plan": {
      "Node Type": "Aggregate",
      "Strategy": "Plain",
      "Partial Mode": "Finalize",
      "Parallel Aware": false,
      "Startup Cost": 326554.52,
      "Total Cost": 326554.53,
      "Plan Rows": 1,
      "Plan Width": 8,
      "Actual Startup Time": 447.811,
      "Actual Total Time": 468.161,
      "Actual Rows": 1,
      "Actual Loops": 1,
      "Plans": [
        {
          "Node Type": "Gather",
          "Parent Relationship": "Outer",
          "Parallel Aware": false,
          "Startup Cost": 326553.89,
          "Total Cost": 326554.5,
          "Plan Rows": 6,
          "Plan Width": 8,
          "Actual Startup Time": 429.364,
          "Actual Total Time": 468.149,
          "Actual Rows": 7,
          "Actual Loops": 1,
          "Workers Planned": 6,
          "Workers Launched": 6,
          "Single Copy": false,
          "Plans": [
            {
              "Node Type": "Aggregate",
              "Strategy": "Plain",
              "Partial Mode": "Partial",
              "Parent Relationship": "Outer",
              "Parallel Aware": false,
              "Startup Cost": 325553.89,
              "Total Cost": 325553.9,
              "Plan Rows": 1,
              "Plan Width": 8,
              "Actual Startup Time": 405.94,
              "Actual Total Time": 405.943,
              "Actual Rows": 1,
              "Actual Loops": 7,
              "Plans": [
                {
                  "Node Type": "Hash Join",
                  "Parent Relationship": "Outer",
                  "Parallel Aware": true,
                  "Join Type": "Inner",
                  "Startup Cost": 70208.87,
                  "Total Cost": 325176.87,
                  "Plan Rows": 150810,
                  "Plan Width": 0,
                  "Actual Startup Time": 296.862,
                  "Actual Total Time": 399.201,
                  "Actual Rows": 127733,
                  "Actual Loops": 7,
                  "Inner Unique": true,
                  "Hash Cond": "(ci.movie_id = t.id)",
                  "Plans": [
                    {
                      "Node Type": "Bitmap Heap Scan",
                      "Parent Relationship": "Outer",
                      "Parallel Aware": true,
                      "Relation Name": "cast_info",
                      "Alias": "ci",
                      "Startup Cost": 19989.22,
                      "Total Cost": 274561.35,
                      "Plan Rows": 150810,
                      "Plan Width": 4,
                      "Actual Startup Time": 37.525,
                      "Actual Total Time": 62.149,
                      "Actual Rows": 127733,
                      "Actual Loops": 7,
                      "Recheck Cond": "(person_id < 93526)",
                      "Rows Removed by Index Recheck": 0,
                      "Exact Heap Blocks": 1552,
                      "Lossy Heap Blocks": 0,
                      "Plans": [
                        {
                          "Node Type": "Bitmap Index Scan",
                          "Parent Relationship": "Outer",
                          "Parallel Aware": false,
                          "Index Name": "person_id_cast_info",
                          "Startup Cost": 0.0,
                          "Total Cost": 19763.01,
                          "Plan Rows": 904859,
                          "Plan Width": 0,
                          "Actual Startup Time": 36.034,
                          "Actual Total Time": 36.034,
                          "Actual Rows": 894134,
                          "Actual Loops": 1,
                          "Index Cond": "(person_id < 93526)"
                        }
                      ]
                    },
                    {
                      "Node Type": "Hash",
                      "Parent Relationship": "Inner",
                      "Parallel Aware": true,
                      "Startup Cost": 42318.73,
                      "Total Cost": 42318.73,
                      "Plan Rows": 632073,
                      "Plan Width": 4,
                      "Actual Startup Time": 252.464,
                      "Actual Total Time": 252.464,
                      "Actual Rows": 361187,
                      "Actual Loops": 7,
                      "Hash Buckets": 4194304,
                      "Original Hash Buckets": 4194304,
                      "Hash Batches": 1,
                      "Original Hash Batches": 1,
                      "Peak Memory Usage": 131744,
                      "Plans": [
                        {
                          "Node Type": "Seq Scan",
                          "Parent Relationship": "Outer",
                          "Parallel Aware": true,
                          "Relation Name": "title",
                          "Alias": "t",
                          "Startup Cost": 0.0,
                          "Total Cost": 42318.73,
                          "Plan Rows": 632073,
                          "Plan Width": 4,
                          "Actual Startup Time": 0.042,
                          "Actual Total Time": 74.387,
                          "Actual Rows": 361187,
                          "Actual Loops": 7
                        }
                      ]
                    }
                  ]
                }
              ]
            }
          ]
        }
      ]
    },
    "Planning Time": 0.632,
    "Triggers": [],
    "Execution Time": 468.256
  }
]