[
  {
    "Plan": {
      "Node Type": "Aggregate",
      "Strategy": "Plain",
      "Partial Mode": "Finalize",
      "Parallel Aware": false,
      "Startup Cost": 340686.22,
      "Total Cost": 340686.23,
      "Plan Rows": 1,
      "Plan Width": 8,
      "Actual Startup Time": 431.42,
      "Actual Total Time": 452.921,
      "Actual Rows": 1,
      "Actual Loops": 1,
      "Plans": [
        {
          "Node Type": "Gather",
          "Parent Relationship": "Outer",
          "Parallel Aware": false,
          "Startup Cost": 340685.6,
          "Total Cost": 340686.21,
          "Plan Rows": 6,
          "Plan Width": 8,
          "Actual Startup Time": 431.289,
          "Actual Total Time": 452.91,
          "Actual Rows": 7,
          "Actual Loops": 1,
          "Workers Planned": 6,
          "Workers Launched": 6,
          "Single Copy": false,
          "Plans": [
            {
              "Node Type": "Aggregate",
              "Strategy": "Plain",
              "Partial Mode": "Partial",
              "Parent Relationship": "Outer",
              "Parallel Aware": false,
              "Startup Cost": 339685.6,
              "Total Cost": 339685.61,
              "Plan Rows": 1,
              "Plan Width": 8,
              "Actual Startup Time": 421.264,
              "Actual Total Time": 421.265,
              "Actual Rows": 1,
              "Actual Loops": 7,
              "Plans": [
                {
                  "Node Type": "Index Scan",
                  "Parent Relationship": "Outer",
                  "Parallel Aware": true,
                  "Scan Direction": "Forward",
                  "Index Name": "role_id_cast_info",
                  "Relation Name": "cast_info",
                  "Alias": "ci",
                  "Startup Cost": 0.56,
                  "Total Cost": 335235.55,
                  "Plan Rows": 1780019,
                  "Plan Width": 0,
                  "Actual Startup Time": 120.961,
                  "Actual Total Time": 367.247,
                  "Actual Rows": 1253988,
                  "Actual Loops": 7,
                  "Index Cond": "(role_id = 1)",
                  "Rows Removed by Index Recheck": 0,
                  "Filter": "(person_id > 519979)",
                  "Rows Removed by Filter": 556111
                }
              ]
            }
          ]
        }
      ]
    },
    "Planning Time": 0.245,
    "Triggers": [],
    "Execution Time": 452.999
  }
]