[
  {
    "Plan": {
      "Node Type": "Aggregate",
      "Strategy": "Plain",
      "Partial Mode": "Finalize",
      "Parallel Aware": false,
      "Startup Cost": 45973.79,
      "Total Cost": 45973.8,
      "Plan Rows": 1,
      "Plan Width": 8,
      "Actual Startup Time": 184.864,
      "Actual Total Time": 195.626,
      "Actual Rows": 1,
      "Actual Loops": 1,
      "Plans": [
        {
          "Node Type": "Gather",
          "Parent Relationship": "Outer",
          "Parallel Aware": false,
          "Startup Cost": 45973.48,
          "Total Cost": 45973.79,
          "Plan Rows": 3,
          "Plan Width": 8,
          "Actual Startup Time": 184.738,
          "Actual Total Time": 195.616,
          "Actual Rows": 4,
          "Actual Loops": 1,
          "Workers Planned": 3,
          "Workers Launched": 3,
          "Single Copy": false,
          "Plans": [
            {
              "Node Type": "Aggregate",
              "Strategy": "Plain",
              "Partial Mode": "Partial",
              "Parent Relationship": "Outer",
              "Parallel Aware": false,
              "Startup Cost": 44973.48,
              "Total Cost": 44973.49,
              "Plan Rows": 1,
              "Plan Width": 8,
              "Actual Startup Time": 176.04,
              "Actual Total Time": 176.041,
              "Actual Rows": 1,
              "Actual Loops": 4,
              "Plans": [
                {
                  "Node Type": "Seq Scan",
                  "Parent Relationship": "Outer",
                  "Parallel Aware": true,
                  "Relation Name": "movie_keyword",
                  "Alias": "mk",
                  "Startup Cost": 0.0,
                  "Total Cost": 42695.65,
                  "Plan Rows": 911129,
                  "Plan Width": 0,
                  "Actual Startup Time": 0.452,
                  "Actual Total Time": 138.24,
                  "Actual Rows": 701827,
                  "Actual Loops": 4,
                  "Filter": "(keyword_id > 2758)",
                  "Rows Removed by Filter": 429156
                }
              ]
            }
          ]
        }
      ]
    },
    "Planning Time": 0.152,
    "Triggers": [],
    "Execution Time": 195.677
  }
]