[
  {
    "Plan": {
      "Node Type": "Aggregate",
      "Strategy": "Plain",
      "Partial Mode": "Finalize",
      "Parallel Aware": false,
      "Startup Cost": 776028.28,
      "Total Cost": 776028.29,
      "Plan Rows": 1,
      "Plan Width": 8,
      "Actual Startup Time": 14797.555,
      "Actual Total Time": 14900.078,
      "Actual Rows": 1,
      "Actual Loops": 1,
      "Plans": [
        {
          "Node Type": "Gather",
          "Parent Relationship": "Outer",
          "Parallel Aware": false,
          "Startup Cost": 776027.66,
          "Total Cost": 776028.27,
          "Plan Rows": 6,
          "Plan Width": 8,
          "Actual Startup Time": 14688.157,
          "Actual Total Time": 14900.061,
          "Actual Rows": 7,
          "Actual Loops": 1,
          "Workers Planned": 6,
          "Workers Launched": 6,
          "Single Copy": false,
          "Plans": [
            {
              "Node Type": "Aggregate",
              "Strategy": "Plain",
              "Partial Mode": "Partial",
              "Parent Relationship": "Outer",
              "Parallel Aware": false,
              "Startup Cost": 775027.66,
              "Total Cost": 775027.67,
              "Plan Rows": 1,
              "Plan Width": 8,
              "Actual Startup Time": 14639.001,
              "Actual Total Time": 14640.41,
              "Actual Rows": 1,
              "Actual Loops": 7,
              "Plans": [
                {
                  "Node Type": "Hash Join",
                  "Parent Relationship": "Outer",
                  "Parallel Aware": true,
                  "Join Type": "Inner",
                  "Startup Cost": 288811.06,
                  "Total Cost": 699798.73,
                  "Plan Rows": 30091572,
                  "Plan Width": 0,
                  "Actual Startup Time": 2205.874,
                  "Actual Total Time": 12483.777,
                  "Actual Rows": 54465122,
                  "Actual Loops": 7,
                  "Inner Unique": false,
                  "Hash Cond": "(ci.movie_id = t.id)",
                  "Plans": [
                    {
                      "Node Type": "Seq Scan",
                      "Parent Relationship": "Outer",
                      "Parallel Aware": true,
                      "Relation Name": "cast_info",
                      "Alias": "ci",
                      "Startup Cost": 0.0,
                      "Total Cost": 313067.02,
                      "Plan Rows": 6038002,
                      "Plan Width": 4,
                      "Actual Startup Time": 0.033,
                      "Actual Total Time": 526.426,
                      "Actual Rows": 5177763,
                      "Actual Loops": 7
                    },
                    {
                      "Node Type": "Hash",
                      "Parent Relationship": "Inner",
                      "Parallel Aware": true,
                      "Startup Cost": 257310.44,
                      "Total Cost": 257310.44,
                      "Plan Rows": 2520049,
                      "Plan Width": 8,
                      "Actual Startup Time": 2188.581,
                      "Actual Total Time": 2189.987,
                      "Actual Rows": 1720288,
                      "Actual Loops": 7,
                      "Hash Buckets": 16777216,
                      "Original Hash Buckets": 16777216,
                      "Hash Batches": 1,
                      "Original Hash Batches": 1,
                      "Peak Memory Usage": 602240,
                      "Plans": [
                        {
                          "Node Type": "Hash Join",
                          "Parent Relationship": "Outer",
                          "Parallel Aware": true,
                          "Join Type": "Inner",
                          "Startup Cost": 51077.28,
                          "Total Cost": 257310.44,
                          "Plan Rows": 2520049,
                          "Plan Width": 8,
                          "Actual Startup Time": 244.89,
                          "Actual Total Time": 1336.197,
                          "Actual Rows": 1720288,
                          "Actual Loops": 7,
                          "Inner Unique": true,
                          "Hash Cond": "(mi.movie_id = t.id)",
                          "Plans": [
                            {
                              "Node Type": "Seq Scan",
                              "Parent Relationship": "Outer",
                              "Parallel Aware": true,
                              "Relation Name": "movie_info",
                              "Alias": "mi",
                              "Startup Cost": 0.0,
                              "Total Cost": 198952.16,
                              "Plan Rows": 2773711,
                              "Plan Width": 4,
                              "Actual Startup Time": 0.034,
                              "Actual Total Time": 358.351,
                              "Actual Rows": 1994785,
                              "Actual Loops": 7,
                              "Filter": "(info_type_id < 98)",
                              "Rows Removed by Filter": 124603
                            },
                            {
                              "Node Type": "Hash",
                              "Parent Relationship": "Inner",
                              "Parallel Aware": true,
                              "Startup Cost": 43898.92,
                              "Total Cost": 43898.92,
                              "Plan Rows": 574269,
                              "Plan Width": 4,
                              "Actual Startup Time": 241.298,
                              "Actual Total Time": 241.299,
                              "Actual Rows": 327433,
                              "Actual Loops": 7,
                              "Hash Buckets": 4194304,
                              "Original Hash Buckets": 4194304,
                              "Hash Batches": 1,
                              "Original Hash Batches": 1,
                              "Peak Memory Usage": 122496,
                              "Plans": [
                                {
                                  "Node Type": "Seq Scan",
                                  "Parent Relationship": "Outer",
                                  "Parallel Aware": true,
                                  "Relation Name": "title",
                                  "Alias": "t",
                                  "Startup Cost": 0.0,
                                  "Total Cost": 43898.92,
                                  "Plan Rows": 574269,
                                  "Plan Width": 4,
                                  "Actual Startup Time": 0.068,
                                  "Actual Total Time": 80.88,
                                  "Actual Rows": 327433,
                                  "Actual Loops": 7,
                                  "Filter": "(production_year > 1949)",
                                  "Rows Removed by Filter": 33754
                                }
                              ]
                            }
                          ]
                        }
                      ]
                    }
                  ]
                }
              ]
            }
          ]
        }
      ]
    },
    "Planning Time": 1.292,
    "Triggers": [],
    "Execution Time": 14900.173
  }
]