{
  "Plan": {
    "Node Type": "Aggregate",
    "Strategy": "Plain",
    "Partial Mode": "Finalize",
    "Parallel Aware": false,
    "Startup Cost": 81897.04,
    "Total Cost": 81897.05,
    "Plan Rows": 1,
    "Plan Width": 8,
    "Actual Startup Time": 239.539,
    "Actual Total Time": 251.419,
    "Actual Rows": 1,
    "Actual Loops": 1,
    "Plans": [
      {
        "Node Type": "Gather",
        "Parent Relationship": "Outer",
        "Parallel Aware": false,
        "Startup Cost": 81896.93,
        "Total Cost": 81897.04,
        "Plan Rows": 1,
        "Plan Width": 8,
        "Actual Startup Time": 239.383,
        "Actual Total Time": 251.413,
        "Actual Rows": 2,
        "Actual Loops": 1,
        "Workers Planned": 1,
        "Workers Launched": 1,
        "Single Copy": false,
        "Plans": [
          {
            "Node Type": "Aggregate",
            "Strategy": "Plain",
            "Partial Mode": "Partial",
            "Parent Relationship": "Outer",
            "Parallel Aware": false,
            "Startup Cost": 80896.93,
            "Total Cost": 80896.94,
            "Plan Rows": 1,
            "Plan Width": 8,
            "Actual Startup Time": 233.22,
            "Actual Total Time": 233.224,
            "Actual Rows": 1,
            "Actual Loops": 2,
            "Plans": [
              {
                "Node Type": "Nested Loop",
                "Parent Relationship": "Outer",
                "Parallel Aware": false,
                "Join Type": "Inner",
                "Startup Cost": 58422.54,
                "Total Cost": 80889.39,
                "Plan Rows": 3016,
                "Plan Width": 0,
                "Actual Startup Time": 153.26,
                "Actual Total Time": 233.058,
                "Actual Rows": 3452,
                "Actual Loops": 2,
                "Inner Unique": false,
                "Join Filter": "(t.id = mk.movie_id)",
                "Rows Removed by Join Filter": 0,
                "Plans": [
                  {
                    "Node Type": "Hash Join",
                    "Parent Relationship": "Outer",
                    "Parallel Aware": true,
                    "Join Type": "Inner",
                    "Startup Cost": 58422.11,
                    "Total Cost": 77215.87,
                    "Plan Rows": 1686,
                    "Plan Width": 8,
                    "Actual Startup Time": 152.896,
                    "Actual Total Time": 228.212,
                    "Actual Rows": 1092,
                    "Actual Loops": 2,
                    "Inner Unique": true,
                    "Hash Cond": "(mi_idx.movie_id = t.id)",
                    "Plans": [
                      {
                        "Node Type": "Seq Scan",
                        "Parent Relationship": "Outer",
                        "Parallel Aware": true,
                        "Relation Name": "movie_info_idx",
                        "Alias": "mi_idx",
                        "Startup Cost": 0.0,
                        "Total Cost": 18082.32,
                        "Plan Rows": 271028,
                        "Plan Width": 4,
                        "Actual Startup Time": 0.021,
                        "Actual Total Time": 53.153,
                        "Actual Rows": 229962,
                        "Actual Loops": 2,
                        "Filter": "(info_type_id = 101)",
                        "Rows Removed by Filter": 460055
                      },
                      {
                        "Node Type": "Hash",
                        "Parent Relationship": "Inner",
                        "Parallel Aware": true,
                        "Startup Cost": 58306.47,
                        "Total Cost": 58306.47,
                        "Plan Rows": 9251,
                        "Plan Width": 4,
                        "Actual Startup Time": 151.441,
                        "Actual Total Time": 151.442,
                        "Actual Rows": 8124,
                        "Actual Loops": 2,
                        "Hash Buckets": 16384,
                        "Original Hash Buckets": 16384,
                        "Hash Batches": 1,
                        "Original Hash Batches": 1,
                        "Peak Memory Usage": 800,
                        "Plans": [
                          {
                            "Node Type": "Seq Scan",
                            "Parent Relationship": "Outer",
                            "Parallel Aware": true,
                            "Relation Name": "title",
                            "Alias": "t",
                            "Startup Cost": 0.0,
                            "Total Cost": 58306.47,
                            "Plan Rows": 9251,
                            "Plan Width": 4,
                            "Actual Startup Time": 0.042,
                            "Actual Total Time": 148.016,
                            "Actual Rows": 8124,
                            "Actual Loops": 2,
                            "Filter": "((kind_id = 7) AND (production_year = 1993))",
                            "Rows Removed by Filter": 1256032
                          }
                        ]
                      }
                    ]
                  },
                  {
                    "Node Type": "Index Only Scan",
                    "Parent Relationship": "Inner",
                    "Parallel Aware": false,
                    "Scan Direction": "Forward",
                    "Index Name": "movie_id_movie_keyword",
                    "Relation Name": "movie_keyword",
                    "Alias": "mk",
                    "Startup Cost": 0.43,
                    "Total Cost": 1.62,
                    "Plan Rows": 45,
                    "Plan Width": 4,
                    "Actual Startup Time": 0.003,
                    "Actual Total Time": 0.004,
                    "Actual Rows": 3,
                    "Actual Loops": 2184,
                    "Index Cond": "(movie_id = mi_idx.movie_id)",
                    "Rows Removed by Index Recheck": 0,
                    "Heap Fetches": 6905
                  }
                ]
              }
            ]
          }
        ]
      }
    ]
  },
  "Planning Time": 1.106,
  "Triggers": [],
  "Execution Time": 251.511
}