[
  {
    "Plan": {
      "Node Type": "Aggregate",
      "Strategy": "Plain",
      "Partial Mode": "Finalize",
      "Parallel Aware": false,
      "Startup Cost": 20950.99,
      "Total Cost": 20951.0,
      "Plan Rows": 1,
      "Plan Width": 8,
      "Actual Startup Time": 27.975,
      "Actual Total Time": 33.02,
      "Actual Rows": 1,
      "Actual Loops": 1,
      "Plans": [
        {
          "Node Type": "Gather",
          "Parent Relationship": "Outer",
          "Parallel Aware": false,
          "Startup Cost": 20950.78,
          "Total Cost": 20950.99,
          "Plan Rows": 2,
          "Plan Width": 8,
          "Actual Startup Time": 27.732,
          "Actual Total Time": 33.01,
          "Actual Rows": 3,
          "Actual Loops": 1,
          "Workers Planned": 2,
          "Workers Launched": 2,
          "Single Copy": false,
          "Plans": [
            {
              "Node Type": "Aggregate",
              "Strategy": "Plain",
              "Partial Mode": "Partial",
              "Parent Relationship": "Outer",
              "Parallel Aware": false,
              "Startup Cost": 19950.78,
              "Total Cost": 19950.79,
              "Plan Rows": 1,
              "Plan Width": 8,
              "Actual Startup Time": 19.086,
              "Actual Total Time": 19.089,
              "Actual Rows": 1,
              "Actual Loops": 3,
              "Plans": [
                {
                  "Node Type": "Nested Loop",
                  "Parent Relationship": "Outer",
                  "Parallel Aware": false,
                  "Join Type": "Inner",
                  "Startup Cost": 79.82,
                  "Total Cost": 19947.15,
                  "Plan Rows": 1450,
                  "Plan Width": 0,
                  "Actual Startup Time": 1.136,
                  "Actual Total Time": 18.792,
                  "Actual Rows": 1332,
                  "Actual Loops": 3,
                  "Inner Unique": true,
                  "Plans": [
                    {
                      "Node Type": "Bitmap Heap Scan",
                      "Parent Relationship": "Outer",
                      "Parallel Aware": true,
                      "Relation Name": "movie_companies",
                      "Alias": "mc",
                      "Startup Cost": 79.39,
                      "Total Cost": 8903.62,
                      "Plan Rows": 1450,
                      "Plan Width": 4,
                      "Actual Startup Time": 0.933,
                      "Actual Total Time": 2.628,
                      "Actual Rows": 1332,
                      "Actual Loops": 3,
                      "Recheck Cond": "(company_id = 150)",
                      "Rows Removed by Index Recheck": 0,
                      "Exact Heap Blocks": 272,
                      "Lossy Heap Blocks": 0,
                      "Plans": [
                        {
                          "Node Type": "Bitmap Index Scan",
                          "Parent Relationship": "Outer",
                          "Parallel Aware": false,
                          "Index Name": "company_id_movie_companies",
                          "Startup Cost": 0.0,
                          "Total Cost": 78.52,
                          "Plan Rows": 3479,
                          "Plan Width": 0,
                          "Actual Startup Time": 2.307,
                          "Actual Total Time": 2.307,
                          "Actual Rows": 3996,
                          "Actual Loops": 1,
                          "Index Cond": "(company_id = 150)"
                        }
                      ]
                    },
                    {
                      "Node Type": "Index Only Scan",
                      "Parent Relationship": "Inner",
                      "Parallel Aware": false,
                      "Scan Direction": "Forward",
                      "Index Name": "title_pkey",
                      "Relation Name": "title",
                      "Alias": "t",
                      "Startup Cost": 0.43,
                      "Total Cost": 7.62,
                      "Plan Rows": 1,
                      "Plan Width": 4,
                      "Actual Startup Time": 0.011,
                      "Actual Total Time": 0.011,
                      "Actual Rows": 1,
                      "Actual Loops": 3996,
                      "Index Cond": "(id = mc.movie_id)",
                      "Rows Removed by Index Recheck": 0,
                      "Heap Fetches": 3996
                    }
                  ]
                }
              ]
            }
          ]
        }
      ]
    },
    "Planning Time": 0.683,
    "Triggers": [],
    "Execution Time": 33.129
  }
]