[
    {
        "Bao": {
            "Bao prediction": 690.76,
            "Bao recommended hint": "SET enable_nestloop TO off; "
        }
    },
    {
        "Plan": {
            "Node Type": "Aggregate",
            "Strategy": "Plain",
            "Partial Mode": "Finalize",
            "Parallel Aware": false,
            "Startup Cost": 62159.5,
            "Total Cost": 62159.51,
            "Plan Rows": 1,
            "Plan Width": 8,
            "Actual Startup Time": 174.973,
            "Actual Total Time": 184.529,
            "Actual Rows": 1,
            "Actual Loops": 1,
            "Output": [
                "count(*)"
            ],
            "Plans": [
                {
                    "Node Type": "Gather",
                    "Parent Relationship": "Outer",
                    "Parallel Aware": false,
                    "Startup Cost": 62159.08,
                    "Total Cost": 62159.49,
                    "Plan Rows": 4,
                    "Plan Width": 8,
                    "Actual Startup Time": 174.608,
                    "Actual Total Time": 184.522,
                    "Actual Rows": 5,
                    "Actual Loops": 1,
                    "Output": [
                        "(PARTIAL count(*))"
                    ],
                    "Workers Planned": 4,
                    "Workers Launched": 4,
                    "Single Copy": false,
                    "Plans": [
                        {
                            "Node Type": "Aggregate",
                            "Strategy": "Plain",
                            "Partial Mode": "Partial",
                            "Parent Relationship": "Outer",
                            "Parallel Aware": false,
                            "Startup Cost": 61159.08,
                            "Total Cost": 61159.09,
                            "Plan Rows": 1,
                            "Plan Width": 8,
                            "Actual Startup Time": 165.319,
                            "Actual Total Time": 165.322,
                            "Actual Rows": 1,
                            "Actual Loops": 5,
                            "Output": [
                                "PARTIAL count(*)"
                            ],
                            "Workers": [
                                {
                                    "Worker Number": 0,
                                    "Actual Startup Time": 162.801,
                                    "Actual Total Time": 162.804,
                                    "Actual Rows": 1,
                                    "Actual Loops": 1
                                },
                                {
                                    "Worker Number": 1,
                                    "Actual Startup Time": 163.144,
                                    "Actual Total Time": 163.147,
                                    "Actual Rows": 1,
                                    "Actual Loops": 1
                                },
                                {
                                    "Worker Number": 2,
                                    "Actual Startup Time": 163.149,
                                    "Actual Total Time": 163.152,
                                    "Actual Rows": 1,
                                    "Actual Loops": 1
                                },
                                {
                                    "Worker Number": 3,
                                    "Actual Startup Time": 163.675,
                                    "Actual Total Time": 163.678,
                                    "Actual Rows": 1,
                                    "Actual Loops": 1
                                }
                            ],
                            "Plans": [
                                {
                                    "Node Type": "Hash Join",
                                    "Parent Relationship": "Outer",
                                    "Parallel Aware": true,
                                    "Join Type": "Inner",
                                    "Startup Cost": 15672.34,
                                    "Total Cost": 61156.26,
                                    "Plan Rows": 1131,
                                    "Plan Width": 0,
                                    "Actual Startup Time": 56.109,
                                    "Actual Total Time": 165.19,
                                    "Actual Rows": 831,
                                    "Actual Loops": 5,
                                    "Inner Unique": false,
                                    "Hash Cond": "(t.id = mc.movie_id)",
                                    "Workers": [
                                        {
                                            "Worker Number": 0,
                                            "Actual Startup Time": 105.269,
                                            "Actual Total Time": 162.67,
                                            "Actual Rows": 741,
                                            "Actual Loops": 1
                                        },
                                        {
                                            "Worker Number": 1,
                                            "Actual Startup Time": 45.021,
                                            "Actual Total Time": 163.009,
                                            "Actual Rows": 770,
                                            "Actual Loops": 1
                                        },
                                        {
                                            "Worker Number": 2,
                                            "Actual Startup Time": 30.716,
                                            "Actual Total Time": 163.009,
                                            "Actual Rows": 799,
                                            "Actual Loops": 1
                                        },
                                        {
                                            "Worker Number": 3,
                                            "Actual Startup Time": 31.475,
                                            "Actual Total Time": 163.535,
                                            "Actual Rows": 807,
                                            "Actual Loops": 1
                                        }
                                    ],
                                    "Plans": [
                                        {
                                            "Node Type": "Seq Scan",
                                            "Parent Relationship": "Outer",
                                            "Parallel Aware": true,
                                            "Relation Name": "title",
                                            "Schema": "public",
                                            "Alias": "t",
                                            "Startup Cost": 0.0,
                                            "Total Cost": 42318.81,
                                            "Plan Rows": 632080,
                                            "Plan Width": 4,
                                            "Actual Startup Time": 0.012,
                                            "Actual Total Time": 84.753,
                                            "Actual Rows": 505662,
                                            "Actual Loops": 5,
                                            "Output": [
                                                "t.id",
                                                "t.title",
                                                "t.imdb_index",
                                                "t.kind_id",
                                                "t.production_year",
                                                "t.imdb_id",
                                                "t.phonetic_code",
                                                "t.episode_of_id",
                                                "t.season_nr",
                                                "t.episode_nr",
                                                "t.series_years",
                                                "t.md5sum"
                                            ],
                                            "Workers": [
                                                {
                                                    "Worker Number": 0,
                                                    "Actual Startup Time": 0.018,
                                                    "Actual Total Time": 87.444,
                                                    "Actual Rows": 468323,
                                                    "Actual Loops": 1
                                                },
                                                {
                                                    "Worker Number": 1,
                                                    "Actual Startup Time": 0.014,
                                                    "Actual Total Time": 87.431,
                                                    "Actual Rows": 470967,
                                                    "Actual Loops": 1
                                                },
                                                {
                                                    "Worker Number": 2,
                                                    "Actual Startup Time": 0.014,
                                                    "Actual Total Time": 87.253,
                                                    "Actual Rows": 468318,
                                                    "Actual Loops": 1
                                                },
                                                {
                                                    "Worker Number": 3,
                                                    "Actual Startup Time": 0.007,
                                                    "Actual Total Time": 87.388,
                                                    "Actual Rows": 472560,
                                                    "Actual Loops": 1
                                                }
                                            ]
                                        },
                                        {
                                            "Node Type": "Hash",
                                            "Parent Relationship": "Inner",
                                            "Parallel Aware": true,
                                            "Startup Cost": 15648.78,
                                            "Total Cost": 15648.78,
                                            "Plan Rows": 1885,
                                            "Plan Width": 4,
                                            "Actual Startup Time": 16.864,
                                            "Actual Total Time": 16.866,
                                            "Actual Rows": 831,
                                            "Actual Loops": 5,
                                            "Output": [
                                                "mc.movie_id"
                                            ],
                                            "Hash Buckets": 8192,
                                            "Original Hash Buckets": 8192,
                                            "Hash Batches": 1,
                                            "Original Hash Batches": 1,
                                            "Peak Memory Usage": 288,
                                            "Workers": [
                                                {
                                                    "Worker Number": 0,
                                                    "Actual Startup Time": 14.986,
                                                    "Actual Total Time": 14.987,
                                                    "Actual Rows": 428,
                                                    "Actual Loops": 1
                                                },
                                                {
                                                    "Worker Number": 1,
                                                    "Actual Startup Time": 15.277,
                                                    "Actual Total Time": 15.279,
                                                    "Actual Rows": 394,
                                                    "Actual Loops": 1
                                                },
                                                {
                                                    "Worker Number": 2,
                                                    "Actual Startup Time": 15.288,
                                                    "Actual Total Time": 15.289,
                                                    "Actual Rows": 425,
                                                    "Actual Loops": 1
                                                },
                                                {
                                                    "Worker Number": 3,
                                                    "Actual Startup Time": 15.826,
                                                    "Actual Total Time": 15.827,
                                                    "Actual Rows": 538,
                                                    "Actual Loops": 1
                                                }
                                            ],
                                            "Plans": [
                                                {
                                                    "Node Type": "Bitmap Heap Scan",
                                                    "Parent Relationship": "Outer",
                                                    "Parallel Aware": true,
                                                    "Relation Name": "movie_companies",
                                                    "Schema": "public",
                                                    "Alias": "mc",
                                                    "Startup Cost": 192.09,
                                                    "Total Cost": 15648.78,
                                                    "Plan Rows": 1885,
                                                    "Plan Width": 4,
                                                    "Actual Startup Time": 10.788,
                                                    "Actual Total Time": 16.226,
                                                    "Actual Rows": 831,
                                                    "Actual Loops": 5,
                                                    "Output": [
                                                        "mc.movie_id"
                                                    ],
                                                    "Recheck Cond": "(mc.company_id = 846)",
                                                    "Rows Removed by Index Recheck": 0,
                                                    "Filter": "(mc.company_type_id > 1)",
                                                    "Rows Removed by Filter": 1202,
                                                    "Exact Heap Blocks": 3795,
                                                    "Lossy Heap Blocks": 0,
                                                    "Workers": [
                                                        {
                                                            "Worker Number": 0,
                                                            "Actual Startup Time": 8.902,
                                                            "Actual Total Time": 14.406,
                                                            "Actual Rows": 428,
                                                            "Actual Loops": 1
                                                        },
                                                        {
                                                            "Worker Number": 1,
                                                            "Actual Startup Time": 9.224,
                                                            "Actual Total Time": 14.806,
                                                            "Actual Rows": 394,
                                                            "Actual Loops": 1
                                                        },
                                                        {
                                                            "Worker Number": 2,
                                                            "Actual Startup Time": 9.208,
                                                            "Actual Total Time": 14.795,
                                                            "Actual Rows": 425,
                                                            "Actual Loops": 1
                                                        },
                                                        {
                                                            "Worker Number": 3,
                                                            "Actual Startup Time": 9.756,
                                                            "Actual Total Time": 15.197,
                                                            "Actual Rows": 538,
                                                            "Actual Loops": 1
                                                        }
                                                    ],
                                                    "Plans": [
                                                        {
                                                            "Node Type": "Bitmap Index Scan",
                                                            "Parent Relationship": "Outer",
                                                            "Parallel Aware": false,
                                                            "Index Name": "company_id_movie_companies",
                                                            "Startup Cost": 0.0,
                                                            "Total Cost": 190.96,
                                                            "Plan Rows": 8871,
                                                            "Plan Width": 0,
                                                            "Actual Startup Time": 3.538,
                                                            "Actual Total Time": 3.539,
                                                            "Actual Rows": 10163,
                                                            "Actual Loops": 1,
                                                            "Index Cond": "(mc.company_id = 846)"
                                                        }
                                                    ]
                                                }
                                            ]
                                        }
                                    ]
                                }
                            ]
                        }
                    ]
                }
            ]
        },
        "Planning Time": 2239.608,
        "Triggers": [],
        "Execution Time": 184.667
    }
]