{
  "Plan": {
    "Node Type": "Aggregate",
    "Strategy": "Plain",
    "Partial Mode": "Finalize",
    "Parallel Aware": false,
    "Startup Cost": 940147.09,
    "Total Cost": 940147.1,
    "Plan Rows": 1,
    "Plan Width": 8,
    "Actual Startup Time": 4802.725,
    "Actual Total Time": 4906.166,
    "Actual Rows": 1,
    "Actual Loops": 1,
    "Plans": [
      {
        "Node Type": "Gather",
        "Parent Relationship": "Outer",
        "Parallel Aware": false,
        "Startup Cost": 940146.98,
        "Total Cost": 940147.09,
        "Plan Rows": 1,
        "Plan Width": 8,
        "Actual Startup Time": 4800.05,
        "Actual Total Time": 4906.153,
        "Actual Rows": 2,
        "Actual Loops": 1,
        "Workers Planned": 1,
        "Workers Launched": 1,
        "Single Copy": false,
        "Plans": [
          {
            "Node Type": "Aggregate",
            "Strategy": "Plain",
            "Partial Mode": "Partial",
            "Parent Relationship": "Outer",
            "Parallel Aware": false,
            "Startup Cost": 939146.98,
            "Total Cost": 939146.99,
            "Plan Rows": 1,
            "Plan Width": 8,
            "Actual Startup Time": 4794.337,
            "Actual Total Time": 4794.512,
            "Actual Rows": 1,
            "Actual Loops": 2,
            "Plans": [
              {
                "Node Type": "Hash Join",
                "Parent Relationship": "Outer",
                "Parallel Aware": true,
                "Join Type": "Inner",
                "Startup Cost": 618949.65,
                "Total Cost": 936069.56,
                "Plan Rows": 1230966,
                "Plan Width": 0,
                "Actual Startup Time": 3370.928,
                "Actual Total Time": 4740.21,
                "Actual Rows": 1357249,
                "Actual Loops": 2,
                "Inner Unique": false,
                "Hash Cond": "(mi.movie_id = t.id)",
                "Plans": [
                  {
                    "Node Type": "Seq Scan",
                    "Parent Relationship": "Outer",
                    "Parallel Aware": true,
                    "Relation Name": "movie_info",
                    "Alias": "mi",
                    "Startup Cost": 0.0,
                    "Total Cost": 270696.42,
                    "Plan Rows": 4478001,
                    "Plan Width": 4,
                    "Actual Startup Time": 34.054,
                    "Actual Total Time": 676.078,
                    "Actual Rows": 3774428,
                    "Actual Loops": 2,
                    "Filter": "(info_type_id > 7)",
                    "Rows Removed by Filter": 3643432
                  },
                  {
                    "Node Type": "Hash",
                    "Parent Relationship": "Inner",
                    "Parallel Aware": true,
                    "Startup Cost": 613839.3,
                    "Total Cost": 613839.3,
                    "Plan Rows": 408828,
                    "Plan Width": 8,
                    "Actual Startup Time": 3327.764,
                    "Actual Total Time": 3327.936,
                    "Actual Rows": 434976,
                    "Actual Loops": 2,
                    "Hash Buckets": 1048576,
                    "Original Hash Buckets": 1048576,
                    "Hash Batches": 1,
                    "Original Hash Batches": 1,
                    "Peak Memory Usage": 42240,
                    "Plans": [
                      {
                        "Node Type": "Hash Join",
                        "Parent Relationship": "Outer",
                        "Parallel Aware": true,
                        "Join Type": "Inner",
                        "Startup Cost": 58862.08,
                        "Total Cost": 613839.3,
                        "Plan Rows": 408828,
                        "Plan Width": 8,
                        "Actual Startup Time": 509.657,
                        "Actual Total Time": 3194.957,
                        "Actual Rows": 434976,
                        "Actual Loops": 2,
                        "Inner Unique": true,
                        "Hash Cond": "(ci.movie_id = t.id)",
                        "Plans": [
                          {
                            "Node Type": "Seq Scan",
                            "Parent Relationship": "Outer",
                            "Parallel Aware": true,
                            "Relation Name": "cast_info",
                            "Alias": "ci",
                            "Startup Cost": 0.0,
                            "Total Cost": 519069.44,
                            "Plan Rows": 13679134,
                            "Plan Width": 4,
                            "Actual Startup Time": 342.999,
                            "Actual Total Time": 1623.446,
                            "Actual Rows": 11641300,
                            "Actual Loops": 2,
                            "Filter": "(person_id > 1280827)",
                            "Rows Removed by Filter": 6480872
                          },
                          {
                            "Node Type": "Hash",
                            "Parent Relationship": "Inner",
                            "Parallel Aware": true,
                            "Startup Cost": 58306.47,
                            "Total Cost": 58306.47,
                            "Plan Rows": 44449,
                            "Plan Width": 4,
                            "Actual Startup Time": 165.454,
                            "Actual Total Time": 165.455,
                            "Actual Rows": 42038,
                            "Actual Loops": 2,
                            "Hash Buckets": 131072,
                            "Original Hash Buckets": 131072,
                            "Hash Batches": 1,
                            "Original Hash Batches": 1,
                            "Peak Memory Usage": 4352,
                            "Plans": [
                              {
                                "Node Type": "Seq Scan",
                                "Parent Relationship": "Outer",
                                "Parallel Aware": true,
                                "Relation Name": "title",
                                "Alias": "t",
                                "Startup Cost": 0.0,
                                "Total Cost": 58306.47,
                                "Plan Rows": 44449,
                                "Plan Width": 4,
                                "Actual Startup Time": 0.045,
                                "Actual Total Time": 152.114,
                                "Actual Rows": 42038,
                                "Actual Loops": 2,
                                "Filter": "((kind_id = 7) AND (production_year = 2007))",
                                "Rows Removed by Filter": 1222118
                              }
                            ]
                          }
                        ]
                      }
                    ]
                  }
                ]
              }
            ]
          }
        ]
      }
    ]
  },
  "Planning Time": 0.962,
  "Triggers": [],
  "Execution Time": 4906.266
}