[
  {
    "Plan": {
      "Node Type": "Aggregate",
      "Strategy": "Plain",
      "Partial Mode": "Finalize",
      "Parallel Aware": false,
      "Startup Cost": 32697.95,
      "Total Cost": 32697.96,
      "Plan Rows": 1,
      "Plan Width": 8,
      "Actual Startup Time": 74.491,
      "Actual Total Time": 80.815,
      "Actual Rows": 1,
      "Actual Loops": 1,
      "Plans": [
        {
          "Node Type": "Gather",
          "Parent Relationship": "Outer",
          "Parallel Aware": false,
          "Startup Cost": 32697.63,
          "Total Cost": 32697.94,
          "Plan Rows": 3,
          "Plan Width": 8,
          "Actual Startup Time": 74.368,
          "Actual Total Time": 80.805,
          "Actual Rows": 4,
          "Actual Loops": 1,
          "Workers Planned": 3,
          "Workers Launched": 3,
          "Single Copy": false,
          "Plans": [
            {
              "Node Type": "Aggregate",
              "Strategy": "Plain",
              "Partial Mode": "Partial",
              "Parent Relationship": "Outer",
              "Parallel Aware": false,
              "Startup Cost": 31697.63,
              "Total Cost": 31697.64,
              "Plan Rows": 1,
              "Plan Width": 8,
              "Actual Startup Time": 71.124,
              "Actual Total Time": 71.125,
              "Actual Rows": 1,
              "Actual Loops": 4,
              "Plans": [
                {
                  "Node Type": "Seq Scan",
                  "Parent Relationship": "Outer",
                  "Parallel Aware": true,
                  "Relation Name": "movie_companies",
                  "Alias": "mc",
                  "Startup Cost": 0.0,
                  "Total Cost": 31414.82,
                  "Plan Rows": 113125,
                  "Plan Width": 0,
                  "Actual Startup Time": 0.015,
                  "Actual Total Time": 64.463,
                  "Actual Rows": 126987,
                  "Actual Loops": 4,
                  "Filter": "((company_id < 1383) AND (company_type_id = 1))",
                  "Rows Removed by Filter": 525296
                }
              ]
            }
          ]
        }
      ]
    },
    "Planning Time": 0.099,
    "Triggers": [],
    "Execution Time": 80.844
  }
]