[
  {
    "Plan": {
      "Node Type": "Aggregate",
      "Strategy": "Plain",
      "Partial Mode": "Finalize",
      "Parallel Aware": false,
      "Startup Cost": 47194.41,
      "Total Cost": 47194.42,
      "Plan Rows": 1,
      "Plan Width": 8,
      "Actual Startup Time": 123.486,
      "Actual Total Time": 139.439,
      "Actual Rows": 1,
      "Actual Loops": 1,
      "Plans": [
        {
          "Node Type": "Gather",
          "Parent Relationship": "Outer",
          "Parallel Aware": false,
          "Startup Cost": 47193.99,
          "Total Cost": 47194.4,
          "Plan Rows": 4,
          "Plan Width": 8,
          "Actual Startup Time": 123.323,
          "Actual Total Time": 139.428,
          "Actual Rows": 5,
          "Actual Loops": 1,
          "Workers Planned": 4,
          "Workers Launched": 4,
          "Single Copy": false,
          "Plans": [
            {
              "Node Type": "Aggregate",
              "Strategy": "Plain",
              "Partial Mode": "Partial",
              "Parent Relationship": "Outer",
              "Parallel Aware": false,
              "Startup Cost": 46193.99,
              "Total Cost": 46194.0,
              "Plan Rows": 1,
              "Plan Width": 8,
              "Actual Startup Time": 114.544,
              "Actual Total Time": 114.546,
              "Actual Rows": 1,
              "Actual Loops": 5,
              "Plans": [
                {
                  "Node Type": "Seq Scan",
                  "Parent Relationship": "Outer",
                  "Parallel Aware": true,
                  "Relation Name": "title",
                  "Alias": "t",
                  "Startup Cost": 0.0,
                  "Total Cost": 45479.59,
                  "Plan Rows": 285763,
                  "Plan Width": 0,
                  "Actual Startup Time": 0.069,
                  "Actual Total Time": 100.668,
                  "Actual Rows": 246969,
                  "Actual Loops": 5,
                  "Filter": "((kind_id > 1) AND (production_year > 1997))",
                  "Rows Removed by Filter": 258693
                }
              ]
            }
          ]
        }
      ]
    },
    "Planning Time": 0.052,
    "Triggers": [],
    "Execution Time": 139.465
  }
]