{
    "Plan": {
        "Node Type": "Aggregate",
        "Strategy": "Plain",
        "Partial Mode": "Finalize",
        "Parallel Aware": false,
        "Startup Cost": 370891.57,
        "Total Cost": 370891.58,
        "Plan Rows": 1,
        "Plan Width": 8,
        "Actual Startup Time": 1448.867,
        "Actual Total Time": 1500.983,
        "Actual Rows": 1,
        "Actual Loops": 1,
        "Output": [
            "count(*)"
        ],
        "Plans": [
            {
                "Node Type": "Gather",
                "Parent Relationship": "Outer",
                "Parallel Aware": false,
                "Startup Cost": 370891.05,
                "Total Cost": 370891.56,
                "Plan Rows": 5,
                "Plan Width": 8,
                "Actual Startup Time": 1431.91,
                "Actual Total Time": 1500.963,
                "Actual Rows": 6,
                "Actual Loops": 1,
                "Output": [
                    "(PARTIAL count(*))"
                ],
                "Workers Planned": 5,
                "Workers Launched": 5,
                "Single Copy": false,
                "Plans": [
                    {
                        "Node Type": "Aggregate",
                        "Strategy": "Plain",
                        "Partial Mode": "Partial",
                        "Parent Relationship": "Outer",
                        "Parallel Aware": false,
                        "Startup Cost": 369891.05,
                        "Total Cost": 369891.06,
                        "Plan Rows": 1,
                        "Plan Width": 8,
                        "Actual Startup Time": 1420.028,
                        "Actual Total Time": 1420.417,
                        "Actual Rows": 1,
                        "Actual Loops": 6,
                        "Output": [
                            "PARTIAL count(*)"
                        ],
                        "Workers": [
                            {
                                "Worker Number": 0,
                                "Actual Startup Time": 1417.68,
                                "Actual Total Time": 1417.687,
                                "Actual Rows": 1,
                                "Actual Loops": 1
                            },
                            {
                                "Worker Number": 1,
                                "Actual Startup Time": 1418.552,
                                "Actual Total Time": 1418.557,
                                "Actual Rows": 1,
                                "Actual Loops": 1
                            },
                            {
                                "Worker Number": 2,
                                "Actual Startup Time": 1417.699,
                                "Actual Total Time": 1417.705,
                                "Actual Rows": 1,
                                "Actual Loops": 1
                            },
                            {
                                "Worker Number": 3,
                                "Actual Startup Time": 1417.717,
                                "Actual Total Time": 1417.724,
                                "Actual Rows": 1,
                                "Actual Loops": 1
                            },
                            {
                                "Worker Number": 4,
                                "Actual Startup Time": 1417.668,
                                "Actual Total Time": 1417.675,
                                "Actual Rows": 1,
                                "Actual Loops": 1
                            }
                        ],
                        "Plans": [
                            {
                                "Node Type": "Hash Join",
                                "Parent Relationship": "Outer",
                                "Parallel Aware": true,
                                "Join Type": "Inner",
                                "Startup Cost": 161332.58,
                                "Total Cost": 368652.3,
                                "Plan Rows": 495499,
                                "Plan Width": 0,
                                "Actual Startup Time": 617.897,
                                "Actual Total Time": 1383.64,
                                "Actual Rows": 706127,
                                "Actual Loops": 6,
                                "Inner Unique": false,
                                "Hash Cond": "(mi.movie_id = t.id)",
                                "Workers": [
                                    {
                                        "Worker Number": 0,
                                        "Actual Startup Time": 615.89,
                                        "Actual Total Time": 1379.077,
                                        "Actual Rows": 573989,
                                        "Actual Loops": 1
                                    },
                                    {
                                        "Worker Number": 1,
                                        "Actual Startup Time": 615.633,
                                        "Actual Total Time": 1383.182,
                                        "Actual Rows": 763558,
                                        "Actual Loops": 1
                                    },
                                    {
                                        "Worker Number": 2,
                                        "Actual Startup Time": 615.641,
                                        "Actual Total Time": 1382.367,
                                        "Actual Rows": 760140,
                                        "Actual Loops": 1
                                    },
                                    {
                                        "Worker Number": 3,
                                        "Actual Startup Time": 615.774,
                                        "Actual Total Time": 1382.638,
                                        "Actual Rows": 757027,
                                        "Actual Loops": 1
                                    },
                                    {
                                        "Worker Number": 4,
                                        "Actual Startup Time": 615.636,
                                        "Actual Total Time": 1383.58,
                                        "Actual Rows": 703677,
                                        "Actual Loops": 1
                                    }
                                ],
                                "Plans": [
                                    {
                                        "Node Type": "Seq Scan",
                                        "Parent Relationship": "Outer",
                                        "Parallel Aware": true,
                                        "Relation Name": "movie_info",
                                        "Schema": "public",
                                        "Alias": "mi",
                                        "Startup Cost": 0.0,
                                        "Total Cost": 198880.74,
                                        "Plan Rows": 1986127,
                                        "Plan Width": 4,
                                        "Actual Startup Time": 17.922,
                                        "Actual Total Time": 385.184,
                                        "Actual Rows": 1651959,
                                        "Actual Loops": 6,
                                        "Output": [
                                            "mi.id",
                                            "mi.movie_id",
                                            "mi.info_type_id",
                                            "mi.info",
                                            "mi.note"
                                        ],
                                        "Filter": "(mi.info_type_id > 4)",
                                        "Rows Removed by Filter": 820661,
                                        "Workers": [
                                            {
                                                "Worker Number": 0,
                                                "Actual Startup Time": 17.942,
                                                "Actual Total Time": 405.538,
                                                "Actual Rows": 1351061,
                                                "Actual Loops": 1
                                            },
                                            {
                                                "Worker Number": 1,
                                                "Actual Startup Time": 17.946,
                                                "Actual Total Time": 392.919,
                                                "Actual Rows": 1790636,
                                                "Actual Loops": 1
                                            },
                                            {
                                                "Worker Number": 2,
                                                "Actual Startup Time": 17.926,
                                                "Actual Total Time": 392.701,
                                                "Actual Rows": 1794638,
                                                "Actual Loops": 1
                                            },
                                            {
                                                "Worker Number": 3,
                                                "Actual Startup Time": 17.93,
                                                "Actual Total Time": 392.898,
                                                "Actual Rows": 1793268,
                                                "Actual Loops": 1
                                            },
                                            {
                                                "Worker Number": 4,
                                                "Actual Startup Time": 17.849,
                                                "Actual Total Time": 385.592,
                                                "Actual Rows": 1631506,
                                                "Actual Loops": 1
                                            }
                                        ]
                                    },
                                    {
                                        "Node Type": "Hash",
                                        "Parent Relationship": "Inner",
                                        "Parallel Aware": true,
                                        "Startup Cost": 159755.67,
                                        "Total Cost": 159755.67,
                                        "Plan Rows": 126153,
                                        "Plan Width": 8,
                                        "Actual Startup Time": 596.196,
                                        "Actual Total Time": 596.583,
                                        "Actual Rows": 73645,
                                        "Actual Loops": 6,
                                        "Output": [
                                            "t.id",
                                            "ci.movie_id"
                                        ],
                                        "Hash Buckets": 1048576,
                                        "Original Hash Buckets": 1048576,
                                        "Hash Batches": 1,
                                        "Original Hash Batches": 1,
                                        "Peak Memory Usage": 25568,
                                        "Workers": [
                                            {
                                                "Worker Number": 0,
                                                "Actual Startup Time": 597.302,
                                                "Actual Total Time": 597.308,
                                                "Actual Rows": 66384,
                                                "Actual Loops": 1
                                            },
                                            {
                                                "Worker Number": 1,
                                                "Actual Startup Time": 597.256,
                                                "Actual Total Time": 597.26,
                                                "Actual Rows": 80725,
                                                "Actual Loops": 1
                                            },
                                            {
                                                "Worker Number": 2,
                                                "Actual Startup Time": 597.32,
                                                "Actual Total Time": 597.325,
                                                "Actual Rows": 80722,
                                                "Actual Loops": 1
                                            },
                                            {
                                                "Worker Number": 3,
                                                "Actual Startup Time": 597.335,
                                                "Actual Total Time": 597.339,
                                                "Actual Rows": 81491,
                                                "Actual Loops": 1
                                            },
                                            {
                                                "Worker Number": 4,
                                                "Actual Startup Time": 597.178,
                                                "Actual Total Time": 597.183,
                                                "Actual Rows": 59823,
                                                "Actual Loops": 1
                                            }
                                        ],
                                        "Plans": [
                                            {
                                                "Node Type": "Hash Join",
                                                "Parent Relationship": "Outer",
                                                "Parallel Aware": true,
                                                "Join Type": "Inner",
                                                "Startup Cost": 50220.37,
                                                "Total Cost": 159755.67,
                                                "Plan Rows": 126153,
                                                "Plan Width": 8,
                                                "Actual Startup Time": 326.873,
                                                "Actual Total Time": 556.329,
                                                "Actual Rows": 73645,
                                                "Actual Loops": 6,
                                                "Output": [
                                                    "t.id",
                                                    "ci.movie_id"
                                                ],
                                                "Inner Unique": true,
                                                "Hash Cond": "(ci.movie_id = t.id)",
                                                "Workers": [
                                                    {
                                                        "Worker Number": 0,
                                                        "Actual Startup Time": 326.849,
                                                        "Actual Total Time": 556.36,
                                                        "Actual Rows": 66384,
                                                        "Actual Loops": 1
                                                    },
                                                    {
                                                        "Worker Number": 1,
                                                        "Actual Startup Time": 327.003,
                                                        "Actual Total Time": 556.903,
                                                        "Actual Rows": 80725,
                                                        "Actual Loops": 1
                                                    },
                                                    {
                                                        "Worker Number": 2,
                                                        "Actual Startup Time": 326.953,
                                                        "Actual Total Time": 556.806,
                                                        "Actual Rows": 80722,
                                                        "Actual Loops": 1
                                                    },
                                                    {
                                                        "Worker Number": 3,
                                                        "Actual Startup Time": 326.637,
                                                        "Actual Total Time": 555.41,
                                                        "Actual Rows": 81491,
                                                        "Actual Loops": 1
                                                    },
                                                    {
                                                        "Worker Number": 4,
                                                        "Actual Startup Time": 326.773,
                                                        "Actual Total Time": 557.576,
                                                        "Actual Rows": 59823,
                                                        "Actual Loops": 1
                                                    }
                                                ],
                                                "Plans": [
                                                    {
                                                        "Node Type": "Index Scan",
                                                        "Parent Relationship": "Outer",
                                                        "Parallel Aware": true,
                                                        "Scan Direction": "Forward",
                                                        "Index Name": "role_id_cast_info",
                                                        "Relation Name": "cast_info",
                                                        "Schema": "public",
                                                        "Alias": "ci",
                                                        "Startup Cost": 0.56,
                                                        "Total Cost": 109204.72,
                                                        "Plan Rows": 126153,
                                                        "Plan Width": 4,
                                                        "Actual Startup Time": 0.254,
                                                        "Actual Total Time": 170.411,
                                                        "Actual Rows": 73645,
                                                        "Actual Loops": 6,
                                                        "Output": [
                                                            "ci.id",
                                                            "ci.person_id",
                                                            "ci.movie_id",
                                                            "ci.person_role_id",
                                                            "ci.note",
                                                            "ci.nr_order",
                                                            "ci.role_id"
                                                        ],
                                                        "Index Cond": "(ci.role_id = 3)",
                                                        "Rows Removed by Index Recheck": 0,
                                                        "Filter": "(ci.person_id < 569817)",
                                                        "Rows Removed by Filter": 594361,
                                                        "Workers": [
                                                            {
                                                                "Worker Number": 0,
                                                                "Actual Startup Time": 0.203,
                                                                "Actual Total Time": 172.819,
                                                                "Actual Rows": 66384,
                                                                "Actual Loops": 1
                                                            },
                                                            {
                                                                "Worker Number": 1,
                                                                "Actual Startup Time": 0.442,
                                                                "Actual Total Time": 174.177,
                                                                "Actual Rows": 80725,
                                                                "Actual Loops": 1
                                                            },
                                                            {
                                                                "Worker Number": 2,
                                                                "Actual Startup Time": 0.305,
                                                                "Actual Total Time": 169.236,
                                                                "Actual Rows": 80722,
                                                                "Actual Loops": 1
                                                            },
                                                            {
                                                                "Worker Number": 3,
                                                                "Actual Startup Time": 0.179,
                                                                "Actual Total Time": 171.687,
                                                                "Actual Rows": 81491,
                                                                "Actual Loops": 1
                                                            },
                                                            {
                                                                "Worker Number": 4,
                                                                "Actual Startup Time": 0.126,
                                                                "Actual Total Time": 174.729,
                                                                "Actual Rows": 59823,
                                                                "Actual Loops": 1
                                                            }
                                                        ]
                                                    },
                                                    {
                                                        "Node Type": "Hash",
                                                        "Parent Relationship": "Inner",
                                                        "Parallel Aware": true,
                                                        "Startup Cost": 42318.81,
                                                        "Total Cost": 42318.81,
                                                        "Plan Rows": 632080,
                                                        "Plan Width": 4,
                                                        "Actual Startup Time": 320.111,
                                                        "Actual Total Time": 320.113,
                                                        "Actual Rows": 421385,
                                                        "Actual Loops": 6,
                                                        "Output": [
                                                            "t.id"
                                                        ],
                                                        "Hash Buckets": 4194304,
                                                        "Original Hash Buckets": 4194304,
                                                        "Hash Batches": 1,
                                                        "Original Hash Batches": 1,
                                                        "Peak Memory Usage": 131744,
                                                        "Workers": [
                                                            {
                                                                "Worker Number": 0,
                                                                "Actual Startup Time": 326.308,
                                                                "Actual Total Time": 326.31,
                                                                "Actual Rows": 368364,
                                                                "Actual Loops": 1
                                                            },
                                                            {
                                                                "Worker Number": 1,
                                                                "Actual Startup Time": 326.323,
                                                                "Actual Total Time": 326.324,
                                                                "Actual Rows": 452223,
                                                                "Actual Loops": 1
                                                            },
                                                            {
                                                                "Worker Number": 2,
                                                                "Actual Startup Time": 326.308,
                                                                "Actual Total Time": 326.309,
                                                                "Actual Rows": 455273,
                                                                "Actual Loops": 1
                                                            },
                                                            {
                                                                "Worker Number": 3,
                                                                "Actual Startup Time": 326.396,
                                                                "Actual Total Time": 326.398,
                                                                "Actual Rows": 452001,
                                                                "Actual Loops": 1
                                                            },
                                                            {
                                                                "Worker Number": 4,
                                                                "Actual Startup Time": 326.31,
                                                                "Actual Total Time": 326.312,
                                                                "Actual Rows": 369657,
                                                                "Actual Loops": 1
                                                            }
                                                        ],
                                                        "Plans": [
                                                            {
                                                                "Node Type": "Seq Scan",
                                                                "Parent Relationship": "Outer",
                                                                "Parallel Aware": true,
                                                                "Relation Name": "title",
                                                                "Schema": "public",
                                                                "Alias": "t",
                                                                "Startup Cost": 0.0,
                                                                "Total Cost": 42318.81,
                                                                "Plan Rows": 632080,
                                                                "Plan Width": 4,
                                                                "Actual Startup Time": 0.071,
                                                                "Actual Total Time": 89.317,
                                                                "Actual Rows": 421385,
                                                                "Actual Loops": 6,
                                                                "Output": [
                                                                    "t.id"
                                                                ],
                                                                "Workers": [
                                                                    {
                                                                        "Worker Number": 0,
                                                                        "Actual Startup Time": 0.082,
                                                                        "Actual Total Time": 94.818,
                                                                        "Actual Rows": 368364,
                                                                        "Actual Loops": 1
                                                                    },
                                                                    {
                                                                        "Worker Number": 1,
                                                                        "Actual Startup Time": 0.084,
                                                                        "Actual Total Time": 91.124,
                                                                        "Actual Rows": 452223,
                                                                        "Actual Loops": 1
                                                                    },
                                                                    {
                                                                        "Worker Number": 2,
                                                                        "Actual Startup Time": 0.07,
                                                                        "Actual Total Time": 91.303,
                                                                        "Actual Rows": 455273,
                                                                        "Actual Loops": 1
                                                                    },
                                                                    {
                                                                        "Worker Number": 3,
                                                                        "Actual Startup Time": 0.083,
                                                                        "Actual Total Time": 90.657,
                                                                        "Actual Rows": 452001,
                                                                        "Actual Loops": 1
                                                                    },
                                                                    {
                                                                        "Worker Number": 4,
                                                                        "Actual Startup Time": 0.083,
                                                                        "Actual Total Time": 94.598,
                                                                        "Actual Rows": 369657,
                                                                        "Actual Loops": 1
                                                                    }
                                                                ]
                                                            }
                                                        ]
                                                    }
                                                ]
                                            }
                                        ]
                                    }
                                ]
                            }
                        ]
                    }
                ]
            }
        ]
    },
    "Planning Time": 1.589,
    "Triggers": [],
    "Execution Time": 1501.098
}