[
  {
    "Plan": {
      "Node Type": "Aggregate",
      "Strategy": "Plain",
      "Partial Mode": "Finalize",
      "Parallel Aware": false,
      "Startup Cost": 44764.28,
      "Total Cost": 44764.29,
      "Plan Rows": 1,
      "Plan Width": 8,
      "Actual Startup Time": 145.401,
      "Actual Total Time": 154.809,
      "Actual Rows": 1,
      "Actual Loops": 1,
      "Plans": [
        {
          "Node Type": "Gather",
          "Parent Relationship": "Outer",
          "Parallel Aware": false,
          "Startup Cost": 44763.97,
          "Total Cost": 44764.28,
          "Plan Rows": 3,
          "Plan Width": 8,
          "Actual Startup Time": 145.256,
          "Actual Total Time": 154.799,
          "Actual Rows": 4,
          "Actual Loops": 1,
          "Workers Planned": 3,
          "Workers Launched": 3,
          "Single Copy": false,
          "Plans": [
            {
              "Node Type": "Aggregate",
              "Strategy": "Plain",
              "Partial Mode": "Partial",
              "Parent Relationship": "Outer",
              "Parallel Aware": false,
              "Startup Cost": 43763.97,
              "Total Cost": 43763.98,
              "Plan Rows": 1,
              "Plan Width": 8,
              "Actual Startup Time": 138.908,
              "Actual Total Time": 138.909,
              "Actual Rows": 1,
              "Actual Loops": 4,
              "Plans": [
                {
                  "Node Type": "Seq Scan",
                  "Parent Relationship": "Outer",
                  "Parallel Aware": true,
                  "Relation Name": "movie_keyword",
                  "Alias": "mk",
                  "Startup Cost": 0.0,
                  "Total Cost": 42695.65,
                  "Plan Rows": 427325,
                  "Plan Width": 0,
                  "Actual Startup Time": 2.196,
                  "Actual Total Time": 120.469,
                  "Actual Rows": 332622,
                  "Actual Loops": 4,
                  "Filter": "(keyword_id > 12940)",
                  "Rows Removed by Filter": 798361
                }
              ]
            }
          ]
        }
      ]
    },
    "Planning Time": 0.194,
    "Triggers": [],
    "Execution Time": 154.869
  }
]