[
  {
    "Plan": {
      "Node Type": "Aggregate",
      "Strategy": "Plain",
      "Partial Mode": "Finalize",
      "Parallel Aware": false,
      "Startup Cost": 32067.18,
      "Total Cost": 32067.19,
      "Plan Rows": 1,
      "Plan Width": 8,
      "Actual Startup Time": 116.262,
      "Actual Total Time": 125.011,
      "Actual Rows": 1,
      "Actual Loops": 1,
      "Plans": [
        {
          "Node Type": "Gather",
          "Parent Relationship": "Outer",
          "Parallel Aware": false,
          "Startup Cost": 32066.86,
          "Total Cost": 32067.17,
          "Plan Rows": 3,
          "Plan Width": 8,
          "Actual Startup Time": 116.137,
          "Actual Total Time": 125.0,
          "Actual Rows": 4,
          "Actual Loops": 1,
          "Workers Planned": 3,
          "Workers Launched": 3,
          "Single Copy": false,
          "Plans": [
            {
              "Node Type": "Aggregate",
              "Strategy": "Plain",
              "Partial Mode": "Partial",
              "Parent Relationship": "Outer",
              "Parallel Aware": false,
              "Startup Cost": 31066.86,
              "Total Cost": 31066.87,
              "Plan Rows": 1,
              "Plan Width": 8,
              "Actual Startup Time": 111.691,
              "Actual Total Time": 111.692,
              "Actual Rows": 1,
              "Actual Loops": 4,
              "Plans": [
                {
                  "Node Type": "Seq Scan",
                  "Parent Relationship": "Outer",
                  "Parallel Aware": true,
                  "Relation Name": "movie_companies",
                  "Alias": "mc",
                  "Startup Cost": 0.0,
                  "Total Cost": 29310.68,
                  "Plan Rows": 702472,
                  "Plan Width": 0,
                  "Actual Startup Time": 0.021,
                  "Actual Total Time": 84.505,
                  "Actual Rows": 544903,
                  "Actual Loops": 4,
                  "Filter": "(company_id < 79236)",
                  "Rows Removed by Filter": 107379
                }
              ]
            }
          ]
        }
      ]
    },
    "Planning Time": 0.201,
    "Triggers": [],
    "Execution Time": 125.068
  }
]