[
  {
    "Plan": {
      "Node Type": "Aggregate",
      "Strategy": "Plain",
      "Partial Mode": "Finalize",
      "Parallel Aware": false,
      "Startup Cost": 69475.9,
      "Total Cost": 69475.91,
      "Plan Rows": 1,
      "Plan Width": 8,
      "Actual Startup Time": 214.677,
      "Actual Total Time": 225.415,
      "Actual Rows": 1,
      "Actual Loops": 1,
      "Plans": [
        {
          "Node Type": "Gather",
          "Parent Relationship": "Outer",
          "Parallel Aware": false,
          "Startup Cost": 69475.59,
          "Total Cost": 69475.9,
          "Plan Rows": 3,
          "Plan Width": 8,
          "Actual Startup Time": 212.009,
          "Actual Total Time": 225.406,
          "Actual Rows": 4,
          "Actual Loops": 1,
          "Workers Planned": 3,
          "Workers Launched": 3,
          "Single Copy": false,
          "Plans": [
            {
              "Node Type": "Aggregate",
              "Strategy": "Plain",
              "Partial Mode": "Partial",
              "Parent Relationship": "Outer",
              "Parallel Aware": false,
              "Startup Cost": 68475.59,
              "Total Cost": 68475.6,
              "Plan Rows": 1,
              "Plan Width": 8,
              "Actual Startup Time": 204.208,
              "Actual Total Time": 204.211,
              "Actual Rows": 1,
              "Actual Loops": 4,
              "Plans": [
                {
                  "Node Type": "Hash Join",
                  "Parent Relationship": "Outer",
                  "Parallel Aware": true,
                  "Join Type": "Inner",
                  "Startup Cost": 49141.94,
                  "Total Cost": 68459.49,
                  "Plan Rows": 6437,
                  "Plan Width": 0,
                  "Actual Startup Time": 183.825,
                  "Actual Total Time": 202.991,
                  "Actual Rows": 24925,
                  "Actual Loops": 4,
                  "Inner Unique": true,
                  "Hash Cond": "(mc.movie_id = t.id)",
                  "Plans": [
                    {
                      "Node Type": "Bitmap Heap Scan",
                      "Parent Relationship": "Outer",
                      "Parallel Aware": true,
                      "Relation Name": "movie_companies",
                      "Alias": "mc",
                      "Startup Cost": 2159.79,
                      "Total Cost": 21434.04,
                      "Plan Rows": 16499,
                      "Plan Width": 4,
                      "Actual Startup Time": 6.507,
                      "Actual Total Time": 14.706,
                      "Actual Rows": 24925,
                      "Actual Loops": 4,
                      "Recheck Cond": "(company_id > 157685)",
                      "Rows Removed by Index Recheck": 0,
                      "Filter": "(company_type_id > 1)",
                      "Rows Removed by Filter": 0,
                      "Exact Heap Blocks": 861,
                      "Lossy Heap Blocks": 0,
                      "Plans": [
                        {
                          "Node Type": "Bitmap Index Scan",
                          "Parent Relationship": "Outer",
                          "Parallel Aware": false,
                          "Index Name": "company_id_movie_companies",
                          "Startup Cost": 0.0,
                          "Total Cost": 2147.01,
                          "Plan Rows": 100077,
                          "Plan Width": 0,
                          "Actual Startup Time": 6.059,
                          "Actual Total Time": 6.06,
                          "Actual Rows": 99699,
                          "Actual Loops": 1,
                          "Index Cond": "(company_id > 157685)"
                        }
                      ]
                    },
                    {
                      "Node Type": "Hash",
                      "Parent Relationship": "Inner",
                      "Parallel Aware": true,
                      "Startup Cost": 43899.32,
                      "Total Cost": 43899.32,
                      "Plan Rows": 246626,
                      "Plan Width": 4,
                      "Actual Startup Time": 172.284,
                      "Actual Total Time": 172.285,
                      "Actual Rows": 246262,
                      "Actual Loops": 4,
                      "Hash Buckets": 1048576,
                      "Original Hash Buckets": 1048576,
                      "Hash Batches": 1,
                      "Original Hash Batches": 1,
                      "Peak Memory Usage": 46784,
                      "Plans": [
                        {
                          "Node Type": "Seq Scan",
                          "Parent Relationship": "Outer",
                          "Parallel Aware": true,
                          "Relation Name": "title",
                          "Alias": "t",
                          "Startup Cost": 0.0,
                          "Total Cost": 43899.32,
                          "Plan Rows": 246626,
                          "Plan Width": 4,
                          "Actual Startup Time": 0.034,
                          "Actual Total Time": 95.689,
                          "Actual Rows": 246262,
                          "Actual Loops": 4,
                          "Filter": "(kind_id < 7)",
                          "Rows Removed by Filter": 385816
                        }
                      ]
                    }
                  ]
                }
              ]
            }
          ]
        }
      ]
    },
    "Planning Time": 0.687,
    "Triggers": [],
    "Execution Time": 225.505
  }
]