[
  {
    "Plan": {
      "Node Type": "Aggregate",
      "Strategy": "Plain",
      "Partial Mode": "Finalize",
      "Parallel Aware": false,
      "Startup Cost": 393707.79,
      "Total Cost": 393707.8,
      "Plan Rows": 1,
      "Plan Width": 8,
      "Actual Startup Time": 999.314,
      "Actual Total Time": 1060.912,
      "Actual Rows": 1,
      "Actual Loops": 1,
      "Plans": [
        {
          "Node Type": "Gather",
          "Parent Relationship": "Outer",
          "Parallel Aware": false,
          "Startup Cost": 393707.17,
          "Total Cost": 393707.78,
          "Plan Rows": 6,
          "Plan Width": 8,
          "Actual Startup Time": 997.798,
          "Actual Total Time": 1060.886,
          "Actual Rows": 7,
          "Actual Loops": 1,
          "Workers Planned": 6,
          "Workers Launched": 6,
          "Single Copy": false,
          "Plans": [
            {
              "Node Type": "Aggregate",
              "Strategy": "Plain",
              "Partial Mode": "Partial",
              "Parent Relationship": "Outer",
              "Parallel Aware": false,
              "Startup Cost": 392707.17,
              "Total Cost": 392707.18,
              "Plan Rows": 1,
              "Plan Width": 8,
              "Actual Startup Time": 987.143,
              "Actual Total Time": 987.146,
              "Actual Rows": 1,
              "Actual Loops": 7,
              "Plans": [
                {
                  "Node Type": "Hash Join",
                  "Parent Relationship": "Outer",
                  "Parallel Aware": true,
                  "Join Type": "Inner",
                  "Startup Cost": 46124.09,
                  "Total Cost": 392467.23,
                  "Plan Rows": 95975,
                  "Plan Width": 0,
                  "Actual Startup Time": 416.198,
                  "Actual Total Time": 978.772,
                  "Actual Rows": 163886,
                  "Actual Loops": 7,
                  "Inner Unique": true,
                  "Hash Cond": "(ci.movie_id = t.id)",
                  "Plans": [
                    {
                      "Node Type": "Seq Scan",
                      "Parent Relationship": "Outer",
                      "Parallel Aware": true,
                      "Relation Name": "cast_info",
                      "Alias": "ci",
                      "Startup Cost": 0.0,
                      "Total Cost": 343257.03,
                      "Plan Rows": 1175662,
                      "Plan Width": 4,
                      "Actual Startup Time": 328.813,
                      "Actual Total Time": 650.857,
                      "Actual Rows": 1547165,
                      "Actual Loops": 7,
                      "Filter": "((person_id > 2080597) AND (role_id > 2))",
                      "Rows Removed by Filter": 3630599
                    },
                    {
                      "Node Type": "Hash",
                      "Parent Relationship": "Inner",
                      "Parallel Aware": true,
                      "Startup Cost": 45479.1,
                      "Total Cost": 45479.1,
                      "Plan Rows": 51599,
                      "Plan Width": 4,
                      "Actual Startup Time": 85.35,
                      "Actual Total Time": 85.351,
                      "Actual Rows": 26056,
                      "Actual Loops": 7,
                      "Hash Buckets": 262144,
                      "Original Hash Buckets": 262144,
                      "Hash Batches": 1,
                      "Original Hash Batches": 1,
                      "Peak Memory Usage": 9280,
                      "Plans": [
                        {
                          "Node Type": "Seq Scan",
                          "Parent Relationship": "Outer",
                          "Parallel Aware": true,
                          "Relation Name": "title",
                          "Alias": "t",
                          "Startup Cost": 0.0,
                          "Total Cost": 45479.1,
                          "Plan Rows": 51599,
                          "Plan Width": 4,
                          "Actual Startup Time": 41.568,
                          "Actual Total Time": 74.914,
                          "Actual Rows": 26056,
                          "Actual Loops": 7,
                          "Filter": "((production_year > 2007) AND (kind_id = 1))",
                          "Rows Removed by Filter": 335131
                        }
                      ]
                    }
                  ]
                }
              ]
            }
          ]
        }
      ]
    },
    "Planning Time": 0.609,
    "Triggers": [],
    "Execution Time": 1060.997
  }
]