[
  {
    "Plan": {
      "Node Type": "Aggregate",
      "Strategy": "Plain",
      "Partial Mode": "Finalize",
      "Parallel Aware": false,
      "Startup Cost": 30183.02,
      "Total Cost": 30183.03,
      "Plan Rows": 1,
      "Plan Width": 8,
      "Actual Startup Time": 33.627,
      "Actual Total Time": 38.136,
      "Actual Rows": 1,
      "Actual Loops": 1,
      "Plans": [
        {
          "Node Type": "Gather",
          "Parent Relationship": "Outer",
          "Parallel Aware": false,
          "Startup Cost": 30182.8,
          "Total Cost": 30183.01,
          "Plan Rows": 2,
          "Plan Width": 8,
          "Actual Startup Time": 33.324,
          "Actual Total Time": 38.128,
          "Actual Rows": 3,
          "Actual Loops": 1,
          "Workers Planned": 2,
          "Workers Launched": 2,
          "Single Copy": false,
          "Plans": [
            {
              "Node Type": "Aggregate",
              "Strategy": "Plain",
              "Partial Mode": "Partial",
              "Parent Relationship": "Outer",
              "Parallel Aware": false,
              "Startup Cost": 29182.8,
              "Total Cost": 29182.81,
              "Plan Rows": 1,
              "Plan Width": 8,
              "Actual Startup Time": 26.701,
              "Actual Total Time": 26.702,
              "Actual Rows": 1,
              "Actual Loops": 3,
              "Plans": [
                {
                  "Node Type": "Nested Loop",
                  "Parent Relationship": "Outer",
                  "Parallel Aware": false,
                  "Join Type": "Inner",
                  "Startup Cost": 83.24,
                  "Total Cost": 29179.4,
                  "Plan Rows": 1363,
                  "Plan Width": 0,
                  "Actual Startup Time": 2.343,
                  "Actual Total Time": 26.64,
                  "Actual Rows": 218,
                  "Actual Loops": 3,
                  "Inner Unique": true,
                  "Plans": [
                    {
                      "Node Type": "Bitmap Heap Scan",
                      "Parent Relationship": "Outer",
                      "Parallel Aware": true,
                      "Relation Name": "movie_info",
                      "Alias": "mi",
                      "Startup Cost": 82.81,
                      "Total Cost": 15452.21,
                      "Plan Rows": 1848,
                      "Plan Width": 4,
                      "Actual Startup Time": 1.364,
                      "Actual Total Time": 5.328,
                      "Actual Rows": 2147,
                      "Actual Loops": 3,
                      "Recheck Cond": "(info_type_id = 64)",
                      "Rows Removed by Index Recheck": 0,
                      "Exact Heap Blocks": 972,
                      "Lossy Heap Blocks": 0,
                      "Plans": [
                        {
                          "Node Type": "Bitmap Index Scan",
                          "Parent Relationship": "Outer",
                          "Parallel Aware": false,
                          "Index Name": "info_type_id_movie_info",
                          "Startup Cost": 0.0,
                          "Total Cost": 81.7,
                          "Plan Rows": 4435,
                          "Plan Width": 0,
                          "Actual Startup Time": 3.182,
                          "Actual Total Time": 3.182,
                          "Actual Rows": 6440,
                          "Actual Loops": 1,
                          "Index Cond": "(info_type_id = 64)"
                        }
                      ]
                    },
                    {
                      "Node Type": "Index Scan",
                      "Parent Relationship": "Inner",
                      "Parallel Aware": false,
                      "Scan Direction": "Forward",
                      "Index Name": "title_pkey",
                      "Relation Name": "title",
                      "Alias": "t",
                      "Startup Cost": 0.43,
                      "Total Cost": 7.43,
                      "Plan Rows": 1,
                      "Plan Width": 4,
                      "Actual Startup Time": 0.009,
                      "Actual Total Time": 0.009,
                      "Actual Rows": 0,
                      "Actual Loops": 6440,
                      "Index Cond": "(id = mi.movie_id)",
                      "Rows Removed by Index Recheck": 0,
                      "Filter": "(kind_id > 1)",
                      "Rows Removed by Filter": 1
                    }
                  ]
                }
              ]
            }
          ]
        }
      ]
    },
    "Planning Time": 0.647,
    "Triggers": [],
    "Execution Time": 38.235
  }
]