[
  {
    "Plan": {
      "Node Type": "Aggregate",
      "Strategy": "Plain",
      "Partial Mode": "Finalize",
      "Parallel Aware": false,
      "Startup Cost": 338583.0,
      "Total Cost": 338583.01,
      "Plan Rows": 1,
      "Plan Width": 8,
      "Actual Startup Time": 737.073,
      "Actual Total Time": 796.384,
      "Actual Rows": 1,
      "Actual Loops": 1,
      "Plans": [
        {
          "Node Type": "Gather",
          "Parent Relationship": "Outer",
          "Parallel Aware": false,
          "Startup Cost": 338582.37,
          "Total Cost": 338582.98,
          "Plan Rows": 6,
          "Plan Width": 8,
          "Actual Startup Time": 736.941,
          "Actual Total Time": 796.374,
          "Actual Rows": 7,
          "Actual Loops": 1,
          "Workers Planned": 6,
          "Workers Launched": 6,
          "Single Copy": false,
          "Plans": [
            {
              "Node Type": "Aggregate",
              "Strategy": "Plain",
              "Partial Mode": "Partial",
              "Parent Relationship": "Outer",
              "Parallel Aware": false,
              "Startup Cost": 337582.37,
              "Total Cost": 337582.38,
              "Plan Rows": 1,
              "Plan Width": 8,
              "Actual Startup Time": 729.419,
              "Actual Total Time": 729.421,
              "Actual Rows": 1,
              "Actual Loops": 7,
              "Plans": [
                {
                  "Node Type": "Seq Scan",
                  "Parent Relationship": "Outer",
                  "Parallel Aware": true,
                  "Relation Name": "cast_info",
                  "Alias": "ci",
                  "Startup Cost": 0.0,
                  "Total Cost": 328162.03,
                  "Plan Rows": 3768139,
                  "Plan Width": 0,
                  "Actual Startup Time": 0.044,
                  "Actual Total Time": 592.913,
                  "Actual Rows": 3235627,
                  "Actual Loops": 7,
                  "Filter": "(person_id < 2311877)",
                  "Rows Removed by Filter": 1942136
                }
              ]
            }
          ]
        }
      ]
    },
    "Planning Time": 0.234,
    "Triggers": [],
    "Execution Time": 796.457
  }
]