[
  {
    "Plan": {
      "Node Type": "Aggregate",
      "Strategy": "Plain",
      "Partial Mode": "Finalize",
      "Parallel Aware": false,
      "Startup Cost": 44811.01,
      "Total Cost": 44811.02,
      "Plan Rows": 1,
      "Plan Width": 64,
      "Actual Startup Time": 628.763,
      "Actual Total Time": 654.92,
      "Actual Rows": 1,
      "Actual Loops": 1,
      "Plans": [
        {
          "Node Type": "Gather",
          "Parent Relationship": "Outer",
          "Parallel Aware": false,
          "Startup Cost": 44810.68,
          "Total Cost": 44810.99,
          "Plan Rows": 3,
          "Plan Width": 64,
          "Actual Startup Time": 628.75,
          "Actual Total Time": 654.91,
          "Actual Rows": 4,
          "Actual Loops": 1,
          "Workers Planned": 3,
          "Workers Launched": 3,
          "Single Copy": false,
          "Plans": [
            {
              "Node Type": "Aggregate",
              "Strategy": "Plain",
              "Partial Mode": "Partial",
              "Parent Relationship": "Outer",
              "Parallel Aware": false,
              "Startup Cost": 43810.68,
              "Total Cost": 43810.69,
              "Plan Rows": 1,
              "Plan Width": 64,
              "Actual Startup Time": 619.405,
              "Actual Total Time": 619.415,
              "Actual Rows": 1,
              "Actual Loops": 4,
              "Plans": [
                {
                  "Node Type": "Nested Loop",
                  "Parent Relationship": "Outer",
                  "Parallel Aware": false,
                  "Join Type": "Inner",
                  "Startup Cost": 4735.54,
                  "Total Cost": 43810.65,
                  "Plan Rows": 6,
                  "Plan Width": 33,
                  "Actual Startup Time": 99.385,
                  "Actual Total Time": 619.336,
                  "Actual Rows": 63,
                  "Actual Loops": 4,
                  "Inner Unique": true,
                  "Plans": [
                    {
                      "Node Type": "Nested Loop",
                      "Parent Relationship": "Outer",
                      "Parallel Aware": false,
                      "Join Type": "Inner",
                      "Startup Cost": 4735.41,
                      "Total Cost": 43809.78,
                      "Plan Rows": 6,
                      "Plan Width": 37,
                      "Actual Startup Time": 99.314,
                      "Actual Total Time": 619.047,
                      "Actual Rows": 63,
                      "Actual Loops": 4,
                      "Inner Unique": true,
                      "Plans": [
                        {
                          "Node Type": "Nested Loop",
                          "Parent Relationship": "Outer",
                          "Parallel Aware": false,
                          "Join Type": "Inner",
                          "Startup Cost": 4734.98,
                          "Total Cost": 43775.07,
                          "Plan Rows": 6,
                          "Plan Width": 25,
                          "Actual Startup Time": 99.232,
                          "Actual Total Time": 617.361,
                          "Actual Rows": 64,
                          "Actual Loops": 4,
                          "Inner Unique": true,
                          "Plans": [
                            {
                              "Node Type": "Hash Join",
                              "Parent Relationship": "Outer",
                              "Parallel Aware": false,
                              "Join Type": "Inner",
                              "Startup Cost": 4734.55,
                              "Total Cost": 43770.92,
                              "Plan Rows": 8,
                              "Plan Width": 16,
                              "Actual Startup Time": 85.296,
                              "Actual Total Time": 616.131,
                              "Actual Rows": 69,
                              "Actual Loops": 4,
                              "Inner Unique": true,
                              "Hash Cond": "(ci.role_id = rt.id)",
                              "Plans": [
                                {
                                  "Node Type": "Nested Loop",
                                  "Parent Relationship": "Outer",
                                  "Parallel Aware": false,
                                  "Join Type": "Inner",
                                  "Startup Cost": 4733.38,
                                  "Total Cost": 43769.42,
                                  "Plan Rows": 94,
                                  "Plan Width": 20,
                                  "Actual Startup Time": 84.955,
                                  "Actual Total Time": 615.699,
                                  "Actual Rows": 94,
                                  "Actual Loops": 4,
                                  "Inner Unique": false,
                                  "Plans": [
                                    {
                                      "Node Type": "Hash Join",
                                      "Parent Relationship": "Outer",
                                      "Parallel Aware": true,
                                      "Join Type": "Inner",
                                      "Startup Cost": 4732.82,
                                      "Total Cost": 34148.75,
                                      "Plan Rows": 4824,
                                      "Plan Width": 8,
                                      "Actual Startup Time": 21.631,
                                      "Actual Total Time": 170.805,
                                      "Actual Rows": 2198,
                                      "Actual Loops": 4,
                                      "Inner Unique": true,
                                      "Hash Cond": "(mc.company_id = cn.id)",
                                      "Plans": [
                                        {
                                          "Node Type": "Seq Scan",
                                          "Parent Relationship": "Outer",
                                          "Parallel Aware": true,
                                          "Relation Name": "movie_companies",
                                          "Alias": "mc",
                                          "Startup Cost": 0.0,
                                          "Total Cost": 27206.55,
                                          "Plan Rows": 841655,
                                          "Plan Width": 12,
                                          "Actual Startup Time": 0.033,
                                          "Actual Total Time": 91.149,
                                          "Actual Rows": 652282,
                                          "Actual Loops": 4
                                        },
                                        {
                                          "Node Type": "Hash",
                                          "Parent Relationship": "Inner",
                                          "Parallel Aware": true,
                                          "Startup Cost": 4722.92,
                                          "Total Cost": 4722.92,
                                          "Plan Rows": 792,
                                          "Plan Width": 4,
                                          "Actual Startup Time": 20.542,
                                          "Actual Total Time": 20.543,
                                          "Actual Rows": 340,
                                          "Actual Loops": 4,
                                          "Hash Buckets": 2048,
                                          "Original Hash Buckets": 2048,
                                          "Hash Batches": 1,
                                          "Original Hash Batches": 1,
                                          "Peak Memory Usage": 144,
                                          "Plans": [
                                            {
                                              "Node Type": "Seq Scan",
                                              "Parent Relationship": "Outer",
                                              "Parallel Aware": true,
                                              "Relation Name": "company_name",
                                              "Alias": "cn",
                                              "Startup Cost": 0.0,
                                              "Total Cost": 4722.92,
                                              "Plan Rows": 792,
                                              "Plan Width": 4,
                                              "Actual Startup Time": 0.167,
                                              "Actual Total Time": 20.107,
                                              "Actual Rows": 340,
                                              "Actual Loops": 4,
                                              "Filter": "((country_code)::text = '[ru]'::text)",
                                              "Rows Removed by Filter": 58409
                                            }
                                          ]
                                        }
                                      ]
                                    },
                                    {
                                      "Node Type": "Index Scan",
                                      "Parent Relationship": "Inner",
                                      "Parallel Aware": false,
                                      "Scan Direction": "Forward",
                                      "Index Name": "movie_id_cast_info",
                                      "Relation Name": "cast_info",
                                      "Alias": "ci",
                                      "Startup Cost": 0.56,
                                      "Total Cost": 1.98,
                                      "Plan Rows": 1,
                                      "Plan Width": 12,
                                      "Actual Startup Time": 0.19,
                                      "Actual Total Time": 0.202,
                                      "Actual Rows": 0,
                                      "Actual Loops": 8790,
                                      "Index Cond": "(movie_id = mc.movie_id)",
                                      "Rows Removed by Index Recheck": 0,
                                      "Filter": "((note ~~ '%(voice)%'::text) AND (note ~~ '%(uncredited)%'::text))",
                                      "Rows Removed by Filter": 46
                                    }
                                  ]
                                },
                                {
                                  "Node Type": "Hash",
                                  "Parent Relationship": "Inner",
                                  "Parallel Aware": false,
                                  "Startup Cost": 1.15,
                                  "Total Cost": 1.15,
                                  "Plan Rows": 1,
                                  "Plan Width": 4,
                                  "Actual Startup Time": 0.074,
                                  "Actual Total Time": 0.075,
                                  "Actual Rows": 1,
                                  "Actual Loops": 4,
                                  "Hash Buckets": 1024,
                                  "Original Hash Buckets": 1024,
                                  "Hash Batches": 1,
                                  "Original Hash Batches": 1,
                                  "Peak Memory Usage": 9,
                                  "Plans": [
                                    {
                                      "Node Type": "Seq Scan",
                                      "Parent Relationship": "Outer",
                                      "Parallel Aware": false,
                                      "Relation Name": "role_type",
                                      "Alias": "rt",
                                      "Startup Cost": 0.0,
                                      "Total Cost": 1.15,
                                      "Plan Rows": 1,
                                      "Plan Width": 4,
                                      "Actual Startup Time": 0.052,
                                      "Actual Total Time": 0.057,
                                      "Actual Rows": 1,
                                      "Actual Loops": 4,
                                      "Filter": "((role)::text = 'actor'::text)",
                                      "Rows Removed by Filter": 11
                                    }
                                  ]
                                }
                              ]
                            },
                            {
                              "Node Type": "Index Scan",
                              "Parent Relationship": "Inner",
                              "Parallel Aware": false,
                              "Scan Direction": "Forward",
                              "Index Name": "title_pkey",
                              "Relation Name": "title",
                              "Alias": "t",
                              "Startup Cost": 0.43,
                              "Total Cost": 0.52,
                              "Plan Rows": 1,
                              "Plan Width": 21,
                              "Actual Startup Time": 0.016,
                              "Actual Total Time": 0.016,
                              "Actual Rows": 1,
                              "Actual Loops": 275,
                              "Index Cond": "(id = mc.movie_id)",
                              "Rows Removed by Index Recheck": 0,
                              "Filter": "(production_year < 2010)",
                              "Rows Removed by Filter": 0
                            }
                          ]
                        },
                        {
                          "Node Type": "Index Scan",
                          "Parent Relationship": "Inner",
                          "Parallel Aware": false,
                          "Scan Direction": "Forward",
                          "Index Name": "char_name_pkey",
                          "Relation Name": "char_name",
                          "Alias": "chn",
                          "Startup Cost": 0.43,
                          "Total Cost": 5.79,
                          "Plan Rows": 1,
                          "Plan Width": 20,
                          "Actual Startup Time": 0.024,
                          "Actual Total Time": 0.024,
                          "Actual Rows": 1,
                          "Actual Loops": 258,
                          "Index Cond": "(id = ci.person_role_id)",
                          "Rows Removed by Index Recheck": 0
                        }
                      ]
                    },
                    {
                      "Node Type": "Index Only Scan",
                      "Parent Relationship": "Inner",
                      "Parallel Aware": false,
                      "Scan Direction": "Forward",
                      "Index Name": "company_type_pkey",
                      "Relation Name": "company_type",
                      "Alias": "ct",
                      "Startup Cost": 0.13,
                      "Total Cost": 0.15,
                      "Plan Rows": 1,
                      "Plan Width": 4,
                      "Actual Startup Time": 0.003,
                      "Actual Total Time": 0.003,
                      "Actual Rows": 1,
                      "Actual Loops": 252,
                      "Index Cond": "(id = mc.company_type_id)",
                      "Rows Removed by Index Recheck": 0,
                      "Heap Fetches": 252
                    }
                  ]
                }
              ]
            }
          ]
        }
      ]
    },
    "Planning Time": 12.406,
    "Triggers": [],
    "Execution Time": 655.42
  }
]