{
    "Plan": {
        "Node Type": "Aggregate",
        "Strategy": "Plain",
        "Partial Mode": "Finalize",
        "Parallel Aware": false,
        "Startup Cost": 299663.86,
        "Total Cost": 299663.87,
        "Plan Rows": 1,
        "Plan Width": 8,
        "Actual Startup Time": 719.763,
        "Actual Total Time": 752.708,
        "Actual Rows": 1,
        "Actual Loops": 1,
        "Output": [
            "count(*)"
        ],
        "Plans": [
            {
                "Node Type": "Gather",
                "Parent Relationship": "Outer",
                "Parallel Aware": false,
                "Startup Cost": 299663.24,
                "Total Cost": 299663.85,
                "Plan Rows": 6,
                "Plan Width": 8,
                "Actual Startup Time": 717.094,
                "Actual Total Time": 752.699,
                "Actual Rows": 7,
                "Actual Loops": 1,
                "Output": [
                    "(PARTIAL count(*))"
                ],
                "Workers Planned": 6,
                "Workers Launched": 6,
                "Single Copy": false,
                "Plans": [
                    {
                        "Node Type": "Aggregate",
                        "Strategy": "Plain",
                        "Partial Mode": "Partial",
                        "Parent Relationship": "Outer",
                        "Parallel Aware": false,
                        "Startup Cost": 298663.24,
                        "Total Cost": 298663.25,
                        "Plan Rows": 1,
                        "Plan Width": 8,
                        "Actual Startup Time": 706.131,
                        "Actual Total Time": 706.134,
                        "Actual Rows": 1,
                        "Actual Loops": 7,
                        "Output": [
                            "PARTIAL count(*)"
                        ],
                        "Workers": [
                            {
                                "Worker Number": 0,
                                "Actual Startup Time": 703.034,
                                "Actual Total Time": 703.037,
                                "Actual Rows": 1,
                                "Actual Loops": 1
                            },
                            {
                                "Worker Number": 1,
                                "Actual Startup Time": 703.32,
                                "Actual Total Time": 703.324,
                                "Actual Rows": 1,
                                "Actual Loops": 1
                            },
                            {
                                "Worker Number": 2,
                                "Actual Startup Time": 704.85,
                                "Actual Total Time": 704.853,
                                "Actual Rows": 1,
                                "Actual Loops": 1
                            },
                            {
                                "Worker Number": 3,
                                "Actual Startup Time": 705.018,
                                "Actual Total Time": 705.02,
                                "Actual Rows": 1,
                                "Actual Loops": 1
                            },
                            {
                                "Worker Number": 4,
                                "Actual Startup Time": 705.23,
                                "Actual Total Time": 705.234,
                                "Actual Rows": 1,
                                "Actual Loops": 1
                            },
                            {
                                "Worker Number": 5,
                                "Actual Startup Time": 705.295,
                                "Actual Total Time": 705.297,
                                "Actual Rows": 1,
                                "Actual Loops": 1
                            }
                        ],
                        "Plans": [
                            {
                                "Node Type": "Hash Join",
                                "Parent Relationship": "Outer",
                                "Parallel Aware": true,
                                "Join Type": "Inner",
                                "Startup Cost": 46446.75,
                                "Total Cost": 298185.66,
                                "Plan Rows": 191031,
                                "Plan Width": 0,
                                "Actual Startup Time": 95.67,
                                "Actual Total Time": 695.075,
                                "Actual Rows": 192282,
                                "Actual Loops": 7,
                                "Inner Unique": true,
                                "Hash Cond": "(ci.movie_id = t.id)",
                                "Workers": [
                                    {
                                        "Worker Number": 0,
                                        "Actual Startup Time": 92.7,
                                        "Actual Total Time": 691.545,
                                        "Actual Rows": 159383,
                                        "Actual Loops": 1
                                    },
                                    {
                                        "Worker Number": 1,
                                        "Actual Startup Time": 92.82,
                                        "Actual Total Time": 693.176,
                                        "Actual Rows": 139639,
                                        "Actual Loops": 1
                                    },
                                    {
                                        "Worker Number": 2,
                                        "Actual Startup Time": 93.774,
                                        "Actual Total Time": 693.575,
                                        "Actual Rows": 155586,
                                        "Actual Loops": 1
                                    },
                                    {
                                        "Worker Number": 3,
                                        "Actual Startup Time": 94.752,
                                        "Actual Total Time": 694.51,
                                        "Actual Rows": 232748,
                                        "Actual Loops": 1
                                    },
                                    {
                                        "Worker Number": 4,
                                        "Actual Startup Time": 94.892,
                                        "Actual Total Time": 693.858,
                                        "Actual Rows": 158675,
                                        "Actual Loops": 1
                                    },
                                    {
                                        "Worker Number": 5,
                                        "Actual Startup Time": 94.986,
                                        "Actual Total Time": 694.928,
                                        "Actual Rows": 229528,
                                        "Actual Loops": 1
                                    }
                                ],
                                "Plans": [
                                    {
                                        "Node Type": "Index Scan",
                                        "Parent Relationship": "Outer",
                                        "Parallel Aware": true,
                                        "Scan Direction": "Forward",
                                        "Index Name": "role_id_cast_info",
                                        "Relation Name": "cast_info",
                                        "Schema": "public",
                                        "Alias": "ci",
                                        "Startup Cost": 0.56,
                                        "Total Cost": 247642.15,
                                        "Plan Rows": 1560883,
                                        "Plan Width": 4,
                                        "Actual Startup Time": 0.361,
                                        "Actual Total Time": 313.817,
                                        "Actual Rows": 1340672,
                                        "Actual Loops": 7,
                                        "Output": [
                                            "ci.id",
                                            "ci.person_id",
                                            "ci.movie_id",
                                            "ci.person_role_id",
                                            "ci.note",
                                            "ci.nr_order",
                                            "ci.role_id"
                                        ],
                                        "Index Cond": "(ci.role_id > 4)",
                                        "Rows Removed by Index Recheck": 0,
                                        "Workers": [
                                            {
                                                "Worker Number": 0,
                                                "Actual Startup Time": 0.294,
                                                "Actual Total Time": 322.2,
                                                "Actual Rows": 1100595,
                                                "Actual Loops": 1
                                            },
                                            {
                                                "Worker Number": 1,
                                                "Actual Startup Time": 0.365,
                                                "Actual Total Time": 305.888,
                                                "Actual Rows": 975012,
                                                "Actual Loops": 1
                                            },
                                            {
                                                "Worker Number": 2,
                                                "Actual Startup Time": 0.079,
                                                "Actual Total Time": 321.088,
                                                "Actual Rows": 1091445,
                                                "Actual Loops": 1
                                            },
                                            {
                                                "Worker Number": 3,
                                                "Actual Startup Time": 0.388,
                                                "Actual Total Time": 318.593,
                                                "Actual Rows": 1613590,
                                                "Actual Loops": 1
                                            },
                                            {
                                                "Worker Number": 4,
                                                "Actual Startup Time": 0.442,
                                                "Actual Total Time": 321.538,
                                                "Actual Rows": 1101266,
                                                "Actual Loops": 1
                                            },
                                            {
                                                "Worker Number": 5,
                                                "Actual Startup Time": 0.501,
                                                "Actual Total Time": 316.822,
                                                "Actual Rows": 1604116,
                                                "Actual Loops": 1
                                            }
                                        ]
                                    },
                                    {
                                        "Node Type": "Hash",
                                        "Parent Relationship": "Inner",
                                        "Parallel Aware": true,
                                        "Startup Cost": 45479.21,
                                        "Total Cost": 45479.21,
                                        "Plan Rows": 77358,
                                        "Plan Width": 4,
                                        "Actual Startup Time": 93.11,
                                        "Actual Total Time": 93.111,
                                        "Actual Rows": 38086,
                                        "Actual Loops": 7,
                                        "Output": [
                                            "t.id"
                                        ],
                                        "Hash Buckets": 524288,
                                        "Original Hash Buckets": 524288,
                                        "Hash Batches": 1,
                                        "Original Hash Batches": 1,
                                        "Peak Memory Usage": 14656,
                                        "Workers": [
                                            {
                                                "Worker Number": 0,
                                                "Actual Startup Time": 91.856,
                                                "Actual Total Time": 91.858,
                                                "Actual Rows": 30882,
                                                "Actual Loops": 1
                                            },
                                            {
                                                "Worker Number": 1,
                                                "Actual Startup Time": 92.007,
                                                "Actual Total Time": 92.008,
                                                "Actual Rows": 27958,
                                                "Actual Loops": 1
                                            },
                                            {
                                                "Worker Number": 2,
                                                "Actual Startup Time": 93.276,
                                                "Actual Total Time": 93.277,
                                                "Actual Rows": 29898,
                                                "Actual Loops": 1
                                            },
                                            {
                                                "Worker Number": 3,
                                                "Actual Startup Time": 93.738,
                                                "Actual Total Time": 93.739,
                                                "Actual Rows": 44478,
                                                "Actual Loops": 1
                                            },
                                            {
                                                "Worker Number": 4,
                                                "Actual Startup Time": 94.006,
                                                "Actual Total Time": 94.007,
                                                "Actual Rows": 30754,
                                                "Actual Loops": 1
                                            },
                                            {
                                                "Worker Number": 5,
                                                "Actual Startup Time": 94.02,
                                                "Actual Total Time": 94.021,
                                                "Actual Rows": 43482,
                                                "Actual Loops": 1
                                            }
                                        ],
                                        "Plans": [
                                            {
                                                "Node Type": "Seq Scan",
                                                "Parent Relationship": "Outer",
                                                "Parallel Aware": true,
                                                "Relation Name": "title",
                                                "Schema": "public",
                                                "Alias": "t",
                                                "Startup Cost": 0.0,
                                                "Total Cost": 45479.21,
                                                "Plan Rows": 77358,
                                                "Plan Width": 4,
                                                "Actual Startup Time": 0.134,
                                                "Actual Total Time": 74.809,
                                                "Actual Rows": 38086,
                                                "Actual Loops": 7,
                                                "Output": [
                                                    "t.id"
                                                ],
                                                "Filter": "((t.kind_id < 7) AND (t.production_year > 2007))",
                                                "Rows Removed by Filter": 323102,
                                                "Workers": [
                                                    {
                                                        "Worker Number": 0,
                                                        "Actual Startup Time": 0.191,
                                                        "Actual Total Time": 74.87,
                                                        "Actual Rows": 30882,
                                                        "Actual Loops": 1
                                                    },
                                                    {
                                                        "Worker Number": 1,
                                                        "Actual Startup Time": 0.058,
                                                        "Actual Total Time": 74.218,
                                                        "Actual Rows": 27958,
                                                        "Actual Loops": 1
                                                    },
                                                    {
                                                        "Worker Number": 2,
                                                        "Actual Startup Time": 0.296,
                                                        "Actual Total Time": 75.165,
                                                        "Actual Rows": 29898,
                                                        "Actual Loops": 1
                                                    },
                                                    {
                                                        "Worker Number": 3,
                                                        "Actual Startup Time": 0.083,
                                                        "Actual Total Time": 75.265,
                                                        "Actual Rows": 44478,
                                                        "Actual Loops": 1
                                                    },
                                                    {
                                                        "Worker Number": 4,
                                                        "Actual Startup Time": 0.165,
                                                        "Actual Total Time": 74.75,
                                                        "Actual Rows": 30754,
                                                        "Actual Loops": 1
                                                    },
                                                    {
                                                        "Worker Number": 5,
                                                        "Actual Startup Time": 0.085,
                                                        "Actual Total Time": 74.977,
                                                        "Actual Rows": 43482,
                                                        "Actual Loops": 1
                                                    }
                                                ]
                                            }
                                        ]
                                    }
                                ]
                            }
                        ]
                    }
                ]
            }
        ]
    },
    "Planning Time": 0.723,
    "Triggers": [],
    "Execution Time": 752.801
}