{
  "Plan": {
    "Node Type": "Aggregate",
    "Strategy": "Plain",
    "Partial Mode": "Finalize",
    "Parallel Aware": false,
    "Startup Cost": 469001.32,
    "Total Cost": 469001.33,
    "Plan Rows": 1,
    "Plan Width": 8,
    "Actual Startup Time": 2476.864,
    "Actual Total Time": 2532.171,
    "Actual Rows": 1,
    "Actual Loops": 1,
    "Plans": [
      {
        "Node Type": "Gather",
        "Parent Relationship": "Outer",
        "Parallel Aware": false,
        "Startup Cost": 469001.2,
        "Total Cost": 469001.31,
        "Plan Rows": 1,
        "Plan Width": 8,
        "Actual Startup Time": 2473.709,
        "Actual Total Time": 2532.162,
        "Actual Rows": 2,
        "Actual Loops": 1,
        "Workers Planned": 1,
        "Workers Launched": 1,
        "Single Copy": false,
        "Plans": [
          {
            "Node Type": "Aggregate",
            "Strategy": "Plain",
            "Partial Mode": "Partial",
            "Parent Relationship": "Outer",
            "Parallel Aware": false,
            "Startup Cost": 468001.2,
            "Total Cost": 468001.21,
            "Plan Rows": 1,
            "Plan Width": 8,
            "Actual Startup Time": 2465.622,
            "Actual Total Time": 2465.627,
            "Actual Rows": 1,
            "Actual Loops": 2,
            "Plans": [
              {
                "Node Type": "Hash Join",
                "Parent Relationship": "Outer",
                "Parallel Aware": true,
                "Join Type": "Inner",
                "Startup Cost": 130859.45,
                "Total Cost": 457538.09,
                "Plan Rows": 4185246,
                "Plan Width": 0,
                "Actual Startup Time": 649.03,
                "Actual Total Time": 2366.851,
                "Actual Rows": 2512245,
                "Actual Loops": 2,
                "Inner Unique": false,
                "Hash Cond": "(mi.movie_id = t.id)",
                "Plans": [
                  {
                    "Node Type": "Seq Scan",
                    "Parent Relationship": "Outer",
                    "Parallel Aware": true,
                    "Relation Name": "movie_info",
                    "Alias": "mi",
                    "Startup Cost": 0.0,
                    "Total Cost": 270696.42,
                    "Plan Rows": 8363496,
                    "Plan Width": 4,
                    "Actual Startup Time": 0.018,
                    "Actual Total Time": 768.858,
                    "Actual Rows": 7146176,
                    "Actual Loops": 2,
                    "Filter": "(info_type_id < 102)",
                    "Rows Removed by Filter": 271684
                  },
                  {
                    "Node Type": "Hash",
                    "Parent Relationship": "Inner",
                    "Parallel Aware": true,
                    "Startup Cost": 121556.47,
                    "Total Cost": 121556.47,
                    "Plan Rows": 744238,
                    "Plan Width": 8,
                    "Actual Startup Time": 633.624,
                    "Actual Total Time": 633.628,
                    "Actual Rows": 232174,
                    "Actual Loops": 2,
                    "Hash Buckets": 2097152,
                    "Original Hash Buckets": 2097152,
                    "Hash Batches": 1,
                    "Original Hash Batches": 1,
                    "Peak Memory Usage": 34592,
                    "Plans": [
                      {
                        "Node Type": "Hash Join",
                        "Parent Relationship": "Outer",
                        "Parallel Aware": true,
                        "Join Type": "Inner",
                        "Startup Cost": 63505.63,
                        "Total Cost": 121556.47,
                        "Plan Rows": 744238,
                        "Plan Width": 8,
                        "Actual Startup Time": 231.202,
                        "Actual Total Time": 585.951,
                        "Actual Rows": 232174,
                        "Actual Loops": 2,
                        "Inner Unique": true,
                        "Hash Cond": "(mk.movie_id = t.id)",
                        "Plans": [
                          {
                            "Node Type": "Seq Scan",
                            "Parent Relationship": "Outer",
                            "Parallel Aware": true,
                            "Relation Name": "movie_keyword",
                            "Alias": "mk",
                            "Startup Cost": 0.0,
                            "Total Cost": 51065.35,
                            "Plan Rows": 2661135,
                            "Plan Width": 4,
                            "Actual Startup Time": 0.013,
                            "Actual Total Time": 149.057,
                            "Actual Rows": 2261965,
                            "Actual Loops": 2
                          },
                          {
                            "Node Type": "Hash",
                            "Parent Relationship": "Inner",
                            "Parallel Aware": true,
                            "Startup Cost": 58306.47,
                            "Total Cost": 58306.47,
                            "Plan Rows": 415933,
                            "Plan Width": 4,
                            "Actual Startup Time": 227.151,
                            "Actual Total Time": 227.152,
                            "Actual Rows": 297214,
                            "Actual Loops": 2,
                            "Hash Buckets": 1048576,
                            "Original Hash Buckets": 1048576,
                            "Hash Batches": 1,
                            "Original Hash Batches": 1,
                            "Peak Memory Usage": 31488,
                            "Plans": [
                              {
                                "Node Type": "Seq Scan",
                                "Parent Relationship": "Outer",
                                "Parallel Aware": true,
                                "Relation Name": "title",
                                "Alias": "t",
                                "Startup Cost": 0.0,
                                "Total Cost": 58306.47,
                                "Plan Rows": 415933,
                                "Plan Width": 4,
                                "Actual Startup Time": 0.031,
                                "Actual Total Time": 150.414,
                                "Actual Rows": 297214,
                                "Actual Loops": 2,
                                "Filter": "((kind_id > 3) AND (production_year < 2001))",
                                "Rows Removed by Filter": 966942
                              }
                            ]
                          }
                        ]
                      }
                    ]
                  }
                ]
              }
            ]
          }
        ]
      }
    ]
  },
  "Planning Time": 0.946,
  "Triggers": [],
  "Execution Time": 2532.263
}