[
  {
    "Plan": {
      "Node Type": "Aggregate",
      "Strategy": "Plain",
      "Partial Mode": "Finalize",
      "Parallel Aware": false,
      "Startup Cost": 32875.22,
      "Total Cost": 32875.23,
      "Plan Rows": 1,
      "Plan Width": 8,
      "Actual Startup Time": 98.286,
      "Actual Total Time": 106.548,
      "Actual Rows": 1,
      "Actual Loops": 1,
      "Plans": [
        {
          "Node Type": "Gather",
          "Parent Relationship": "Outer",
          "Parallel Aware": false,
          "Startup Cost": 32874.9,
          "Total Cost": 32875.21,
          "Plan Rows": 3,
          "Plan Width": 8,
          "Actual Startup Time": 98.053,
          "Actual Total Time": 106.539,
          "Actual Rows": 4,
          "Actual Loops": 1,
          "Workers Planned": 3,
          "Workers Launched": 3,
          "Single Copy": false,
          "Plans": [
            {
              "Node Type": "Aggregate",
              "Strategy": "Plain",
              "Partial Mode": "Partial",
              "Parent Relationship": "Outer",
              "Parallel Aware": false,
              "Startup Cost": 31874.9,
              "Total Cost": 31874.91,
              "Plan Rows": 1,
              "Plan Width": 8,
              "Actual Startup Time": 89.57,
              "Actual Total Time": 89.572,
              "Actual Rows": 1,
              "Actual Loops": 4,
              "Plans": [
                {
                  "Node Type": "Seq Scan",
                  "Parent Relationship": "Outer",
                  "Parallel Aware": true,
                  "Relation Name": "movie_companies",
                  "Alias": "mc",
                  "Startup Cost": 0.0,
                  "Total Cost": 31414.82,
                  "Plan Rows": 184034,
                  "Plan Width": 0,
                  "Actual Startup Time": 47.827,
                  "Actual Total Time": 81.159,
                  "Actual Rows": 215243,
                  "Actual Loops": 4,
                  "Filter": "((company_id > 13588) AND (company_type_id > 1))",
                  "Rows Removed by Filter": 437039
                }
              ]
            }
          ]
        }
      ]
    },
    "Planning Time": 0.193,
    "Triggers": [],
    "Execution Time": 106.599
  }
]