[
  {
    "Plan": {
      "Node Type": "Aggregate",
      "Strategy": "Plain",
      "Partial Mode": "Finalize",
      "Parallel Aware": false,
      "Startup Cost": 603215.36,
      "Total Cost": 603215.37,
      "Plan Rows": 1,
      "Plan Width": 8,
      "Actual Startup Time": 4632.043,
      "Actual Total Time": 4717.469,
      "Actual Rows": 1,
      "Actual Loops": 1,
      "Plans": [
        {
          "Node Type": "Gather",
          "Parent Relationship": "Outer",
          "Parallel Aware": false,
          "Startup Cost": 603214.84,
          "Total Cost": 603215.35,
          "Plan Rows": 5,
          "Plan Width": 8,
          "Actual Startup Time": 4610.584,
          "Actual Total Time": 4717.453,
          "Actual Rows": 6,
          "Actual Loops": 1,
          "Workers Planned": 5,
          "Workers Launched": 5,
          "Single Copy": false,
          "Plans": [
            {
              "Node Type": "Aggregate",
              "Strategy": "Plain",
              "Partial Mode": "Partial",
              "Parent Relationship": "Outer",
              "Parallel Aware": false,
              "Startup Cost": 602214.84,
              "Total Cost": 602214.85,
              "Plan Rows": 1,
              "Plan Width": 8,
              "Actual Startup Time": 4596.068,
              "Actual Total Time": 4596.176,
              "Actual Rows": 1,
              "Actual Loops": 6,
              "Plans": [
                {
                  "Node Type": "Hash Join",
                  "Parent Relationship": "Outer",
                  "Parallel Aware": true,
                  "Join Type": "Inner",
                  "Startup Cost": 387151.8,
                  "Total Cost": 594868.87,
                  "Plan Rows": 2938387,
                  "Plan Width": 0,
                  "Actual Startup Time": 1830.692,
                  "Actual Total Time": 4102.479,
                  "Actual Rows": 11227179,
                  "Actual Loops": 6,
                  "Inner Unique": false,
                  "Hash Cond": "(mi.movie_id = t.id)",
                  "Plans": [
                    {
                      "Node Type": "Seq Scan",
                      "Parent Relationship": "Outer",
                      "Parallel Aware": true,
                      "Relation Name": "movie_info",
                      "Alias": "mi",
                      "Startup Cost": 0.0,
                      "Total Cost": 191685.19,
                      "Plan Rows": 2969219,
                      "Plan Width": 4,
                      "Actual Startup Time": 0.049,
                      "Actual Total Time": 310.032,
                      "Actual Rows": 2472620,
                      "Actual Loops": 6
                    },
                    {
                      "Node Type": "Hash",
                      "Parent Relationship": "Inner",
                      "Parallel Aware": true,
                      "Startup Cost": 381938.95,
                      "Total Cost": 381938.95,
                      "Plan Rows": 417028,
                      "Plan Width": 8,
                      "Actual Startup Time": 1822.516,
                      "Actual Total Time": 1822.621,
                      "Actual Rows": 435681,
                      "Actual Loops": 6,
                      "Hash Buckets": 4194304,
                      "Original Hash Buckets": 4194304,
                      "Hash Batches": 1,
                      "Original Hash Batches": 1,
                      "Peak Memory Usage": 135136,
                      "Plans": [
                        {
                          "Node Type": "Hash Join",
                          "Parent Relationship": "Outer",
                          "Parallel Aware": true,
                          "Join Type": "Inner",
                          "Startup Cost": 46712.61,
                          "Total Cost": 381938.95,
                          "Plan Rows": 417028,
                          "Plan Width": 8,
                          "Actual Startup Time": 540.953,
                          "Actual Total Time": 1598.774,
                          "Actual Rows": 435681,
                          "Actual Loops": 6,
                          "Inner Unique": true,
                          "Hash Cond": "(ci.movie_id = t.id)",
                          "Plans": [
                            {
                              "Node Type": "Seq Scan",
                              "Parent Relationship": "Outer",
                              "Parallel Aware": true,
                              "Relation Name": "cast_info",
                              "Alias": "ci",
                              "Startup Cost": 0.0,
                              "Total Cost": 328211.39,
                              "Plan Rows": 2672355,
                              "Plan Width": 4,
                              "Actual Startup Time": 409.703,
                              "Actual Total Time": 865.111,
                              "Actual Rows": 2686947,
                              "Actual Loops": 6,
                              "Filter": "(role_id > 2)",
                              "Rows Removed by Filter": 3353777
                            },
                            {
                              "Node Type": "Hash",
                              "Parent Relationship": "Inner",
                              "Parallel Aware": true,
                              "Startup Cost": 45479.59,
                              "Total Cost": 45479.59,
                              "Plan Rows": 98642,
                              "Plan Width": 4,
                              "Actual Startup Time": 130.433,
                              "Actual Total Time": 130.436,
                              "Actual Rows": 83435,
                              "Actual Loops": 6,
                              "Hash Buckets": 524288,
                              "Original Hash Buckets": 524288,
                              "Hash Batches": 1,
                              "Original Hash Batches": 1,
                              "Peak Memory Usage": 23776,
                              "Plans": [
                                {
                                  "Node Type": "Seq Scan",
                                  "Parent Relationship": "Outer",
                                  "Parallel Aware": true,
                                  "Relation Name": "title",
                                  "Alias": "t",
                                  "Startup Cost": 0.0,
                                  "Total Cost": 45479.59,
                                  "Plan Rows": 98642,
                                  "Plan Width": 4,
                                  "Actual Startup Time": 0.05,
                                  "Actual Total Time": 92.995,
                                  "Actual Rows": 83435,
                                  "Actual Loops": 6,
                                  "Filter": "((kind_id < 7) AND (production_year < 2000))",
                                  "Rows Removed by Filter": 337950
                                }
                              ]
                            }
                          ]
                        }
                      ]
                    }
                  ]
                }
              ]
            }
          ]
        }
      ]
    },
    "Planning Time": 0.559,
    "Triggers": [],
    "Execution Time": 4717.541
  }
]