[
  {
    "Plan": {
      "Node Type": "Aggregate",
      "Strategy": "Plain",
      "Partial Mode": "Finalize",
      "Parallel Aware": false,
      "Startup Cost": 338956.69,
      "Total Cost": 338956.7,
      "Plan Rows": 1,
      "Plan Width": 8,
      "Actual Startup Time": 430.196,
      "Actual Total Time": 452.643,
      "Actual Rows": 1,
      "Actual Loops": 1,
      "Plans": [
        {
          "Node Type": "Gather",
          "Parent Relationship": "Outer",
          "Parallel Aware": false,
          "Startup Cost": 338956.06,
          "Total Cost": 338956.67,
          "Plan Rows": 6,
          "Plan Width": 8,
          "Actual Startup Time": 430.126,
          "Actual Total Time": 452.628,
          "Actual Rows": 7,
          "Actual Loops": 1,
          "Workers Planned": 6,
          "Workers Launched": 6,
          "Single Copy": false,
          "Plans": [
            {
              "Node Type": "Aggregate",
              "Strategy": "Plain",
              "Partial Mode": "Partial",
              "Parent Relationship": "Outer",
              "Parallel Aware": false,
              "Startup Cost": 337956.06,
              "Total Cost": 337956.07,
              "Plan Rows": 1,
              "Plan Width": 8,
              "Actual Startup Time": 420.045,
              "Actual Total Time": 420.046,
              "Actual Rows": 1,
              "Actual Loops": 7,
              "Plans": [
                {
                  "Node Type": "Index Scan",
                  "Parent Relationship": "Outer",
                  "Parallel Aware": true,
                  "Scan Direction": "Forward",
                  "Index Name": "role_id_cast_info",
                  "Relation Name": "cast_info",
                  "Alias": "ci",
                  "Startup Cost": 0.56,
                  "Total Cost": 335235.55,
                  "Plan Rows": 1088205,
                  "Plan Width": 0,
                  "Actual Startup Time": 412.415,
                  "Actual Total Time": 418.599,
                  "Actual Rows": 24825,
                  "Actual Loops": 7,
                  "Index Cond": "(role_id = 1)",
                  "Rows Removed by Index Recheck": 0,
                  "Filter": "(person_id > 1713582)",
                  "Rows Removed by Filter": 1785273
                }
              ]
            }
          ]
        }
      ]
    },
    "Planning Time": 0.235,
    "Triggers": [],
    "Execution Time": 452.71
  }
]