[
  {
    "Plan": {
      "Node Type": "Aggregate",
      "Strategy": "Plain",
      "Partial Mode": "Finalize",
      "Parallel Aware": false,
      "Startup Cost": 96651.22,
      "Total Cost": 96651.23,
      "Plan Rows": 1,
      "Plan Width": 8,
      "Actual Startup Time": 443.557,
      "Actual Total Time": 457.121,
      "Actual Rows": 1,
      "Actual Loops": 1,
      "Plans": [
        {
          "Node Type": "Gather",
          "Parent Relationship": "Outer",
          "Parallel Aware": false,
          "Startup Cost": 96650.9,
          "Total Cost": 96651.21,
          "Plan Rows": 3,
          "Plan Width": 8,
          "Actual Startup Time": 438.938,
          "Actual Total Time": 457.11,
          "Actual Rows": 4,
          "Actual Loops": 1,
          "Workers Planned": 3,
          "Workers Launched": 3,
          "Single Copy": false,
          "Plans": [
            {
              "Node Type": "Aggregate",
              "Strategy": "Plain",
              "Partial Mode": "Partial",
              "Parent Relationship": "Outer",
              "Parallel Aware": false,
              "Startup Cost": 95650.9,
              "Total Cost": 95650.91,
              "Plan Rows": 1,
              "Plan Width": 8,
              "Actual Startup Time": 431.007,
              "Actual Total Time": 431.01,
              "Actual Rows": 1,
              "Actual Loops": 4,
              "Plans": [
                {
                  "Node Type": "Hash Join",
                  "Parent Relationship": "Outer",
                  "Parallel Aware": true,
                  "Join Type": "Inner",
                  "Startup Cost": 50502.44,
                  "Total Cost": 94725.92,
                  "Plan Rows": 369995,
                  "Plan Width": 0,
                  "Actual Startup Time": 259.674,
                  "Actual Total Time": 424.652,
                  "Actual Rows": 154314,
                  "Actual Loops": 4,
                  "Inner Unique": true,
                  "Hash Cond": "(mk.movie_id = t.id)",
                  "Plans": [
                    {
                      "Node Type": "Seq Scan",
                      "Parent Relationship": "Outer",
                      "Parallel Aware": true,
                      "Relation Name": "movie_keyword",
                      "Alias": "mk",
                      "Startup Cost": 0.0,
                      "Total Cost": 42695.65,
                      "Plan Rows": 582029,
                      "Plan Width": 4,
                      "Actual Startup Time": 0.031,
                      "Actual Total Time": 93.403,
                      "Actual Rows": 450726,
                      "Actual Loops": 4,
                      "Filter": "(keyword_id < 2925)",
                      "Rows Removed by Filter": 680256
                    },
                    {
                      "Node Type": "Hash",
                      "Parent Relationship": "Inner",
                      "Parallel Aware": true,
                      "Startup Cost": 45479.59,
                      "Total Cost": 45479.59,
                      "Plan Rows": 401828,
                      "Plan Width": 4,
                      "Actual Startup Time": 254.376,
                      "Actual Total Time": 254.377,
                      "Actual Rows": 427359,
                      "Actual Loops": 4,
                      "Hash Buckets": 2097152,
                      "Original Hash Buckets": 2097152,
                      "Hash Batches": 1,
                      "Original Hash Batches": 1,
                      "Peak Memory Usage": 83328,
                      "Plans": [
                        {
                          "Node Type": "Seq Scan",
                          "Parent Relationship": "Outer",
                          "Parallel Aware": true,
                          "Relation Name": "title",
                          "Alias": "t",
                          "Startup Cost": 0.0,
                          "Total Cost": 45479.59,
                          "Plan Rows": 401828,
                          "Plan Width": 4,
                          "Actual Startup Time": 0.024,
                          "Actual Total Time": 108.168,
                          "Actual Rows": 427359,
                          "Actual Loops": 4,
                          "Filter": "((kind_id > 1) AND (production_year > 1964))",
                          "Rows Removed by Filter": 204719
                        }
                      ]
                    }
                  ]
                }
              ]
            }
          ]
        }
      ]
    },
    "Planning Time": 0.334,
    "Triggers": [],
    "Execution Time": 457.166
  }
]