[
  {
    "Plan": {
      "Node Type": "Aggregate",
      "Strategy": "Plain",
      "Partial Mode": "Finalize",
      "Parallel Aware": false,
      "Startup Cost": 328768.67,
      "Total Cost": 328768.68,
      "Plan Rows": 1,
      "Plan Width": 8,
      "Actual Startup Time": 270.499,
      "Actual Total Time": 284.434,
      "Actual Rows": 1,
      "Actual Loops": 1,
      "Plans": [
        {
          "Node Type": "Gather",
          "Parent Relationship": "Outer",
          "Parallel Aware": false,
          "Startup Cost": 328768.25,
          "Total Cost": 328768.66,
          "Plan Rows": 4,
          "Plan Width": 8,
          "Actual Startup Time": 268.765,
          "Actual Total Time": 284.426,
          "Actual Rows": 5,
          "Actual Loops": 1,
          "Workers Planned": 4,
          "Workers Launched": 4,
          "Single Copy": false,
          "Plans": [
            {
              "Node Type": "Aggregate",
              "Strategy": "Plain",
              "Partial Mode": "Partial",
              "Parent Relationship": "Outer",
              "Parallel Aware": false,
              "Startup Cost": 327768.25,
              "Total Cost": 327768.26,
              "Plan Rows": 1,
              "Plan Width": 8,
              "Actual Startup Time": 258.902,
              "Actual Total Time": 258.905,
              "Actual Rows": 1,
              "Actual Loops": 5,
              "Plans": [
                {
                  "Node Type": "Hash Join",
                  "Parent Relationship": "Outer",
                  "Parallel Aware": true,
                  "Join Type": "Inner",
                  "Startup Cost": 279699.53,
                  "Total Cost": 327584.42,
                  "Plan Rows": 73530,
                  "Plan Width": 0,
                  "Actual Startup Time": 122.091,
                  "Actual Total Time": 257.055,
                  "Actual Rows": 34548,
                  "Actual Loops": 5,
                  "Inner Unique": false,
                  "Hash Cond": "(t.id = ci.movie_id)",
                  "Plans": [
                    {
                      "Node Type": "Seq Scan",
                      "Parent Relationship": "Outer",
                      "Parallel Aware": true,
                      "Relation Name": "title",
                      "Alias": "t",
                      "Startup Cost": 0.0,
                      "Total Cost": 43898.92,
                      "Plan Rows": 386343,
                      "Plan Width": 4,
                      "Actual Startup Time": 0.015,
                      "Actual Total Time": 75.57,
                      "Actual Rows": 310345,
                      "Actual Loops": 5,
                      "Filter": "(production_year < 2007)",
                      "Rows Removed by Filter": 195317
                    },
                    {
                      "Node Type": "Hash",
                      "Parent Relationship": "Inner",
                      "Parallel Aware": true,
                      "Startup Cost": 278697.05,
                      "Total Cost": 278697.05,
                      "Plan Rows": 80198,
                      "Plan Width": 4,
                      "Actual Startup Time": 119.174,
                      "Actual Total Time": 119.175,
                      "Actual Rows": 57822,
                      "Actual Loops": 5,
                      "Hash Buckets": 524288,
                      "Original Hash Buckets": 524288,
                      "Hash Batches": 1,
                      "Original Hash Batches": 1,
                      "Peak Memory Usage": 15520,
                      "Plans": [
                        {
                          "Node Type": "Bitmap Heap Scan",
                          "Parent Relationship": "Outer",
                          "Parallel Aware": true,
                          "Relation Name": "cast_info",
                          "Alias": "ci",
                          "Startup Cost": 23350.76,
                          "Total Cost": 278697.05,
                          "Plan Rows": 80198,
                          "Plan Width": 4,
                          "Actual Startup Time": 84.764,
                          "Actual Total Time": 100.88,
                          "Actual Rows": 57822,
                          "Actual Loops": 5,
                          "Recheck Cond": "(person_id < 109249)",
                          "Rows Removed by Index Recheck": 0,
                          "Filter": "(role_id > 2)",
                          "Rows Removed by Filter": 156040,
                          "Exact Heap Blocks": 4270,
                          "Lossy Heap Blocks": 0,
                          "Plans": [
                            {
                              "Node Type": "Bitmap Index Scan",
                              "Parent Relationship": "Outer",
                              "Parallel Aware": false,
                              "Index Name": "person_id_cast_info",
                              "Startup Cost": 0.0,
                              "Total Cost": 23230.46,
                              "Plan Rows": 1063719,
                              "Plan Width": 0,
                              "Actual Startup Time": 47.205,
                              "Actual Total Time": 47.206,
                              "Actual Rows": 1069311,
                              "Actual Loops": 1,
                              "Index Cond": "(person_id < 109249)"
                            }
                          ]
                        }
                      ]
                    }
                  ]
                }
              ]
            }
          ]
        }
      ]
    },
    "Planning Time": 0.722,
    "Triggers": [],
    "Execution Time": 284.529
  }
]