[
  {
    "Plan": {
      "Node Type": "Aggregate",
      "Strategy": "Plain",
      "Partial Mode": "Finalize",
      "Parallel Aware": false,
      "Startup Cost": 149840.7,
      "Total Cost": 149840.71,
      "Plan Rows": 1,
      "Plan Width": 8,
      "Actual Startup Time": 291.343,
      "Actual Total Time": 306.064,
      "Actual Rows": 1,
      "Actual Loops": 1,
      "Plans": [
        {
          "Node Type": "Gather",
          "Parent Relationship": "Outer",
          "Parallel Aware": false,
          "Startup Cost": 149840.18,
          "Total Cost": 149840.69,
          "Plan Rows": 5,
          "Plan Width": 8,
          "Actual Startup Time": 290.232,
          "Actual Total Time": 306.052,
          "Actual Rows": 6,
          "Actual Loops": 1,
          "Workers Planned": 5,
          "Workers Launched": 5,
          "Single Copy": false,
          "Plans": [
            {
              "Node Type": "Aggregate",
              "Strategy": "Plain",
              "Partial Mode": "Partial",
              "Parent Relationship": "Outer",
              "Parallel Aware": false,
              "Startup Cost": 148840.18,
              "Total Cost": 148840.19,
              "Plan Rows": 1,
              "Plan Width": 8,
              "Actual Startup Time": 279.668,
              "Actual Total Time": 279.671,
              "Actual Rows": 1,
              "Actual Loops": 6,
              "Plans": [
                {
                  "Node Type": "Hash Join",
                  "Parent Relationship": "Outer",
                  "Parallel Aware": true,
                  "Join Type": "Inner",
                  "Startup Cost": 38243.06,
                  "Total Cost": 148771.91,
                  "Plan Rows": 27307,
                  "Plan Width": 0,
                  "Actual Startup Time": 73.019,
                  "Actual Total Time": 278.67,
                  "Actual Rows": 18222,
                  "Actual Loops": 6,
                  "Inner Unique": true,
                  "Hash Cond": "(ci.movie_id = t.id)",
                  "Plans": [
                    {
                      "Node Type": "Index Scan",
                      "Parent Relationship": "Outer",
                      "Parallel Aware": true,
                      "Scan Direction": "Forward",
                      "Index Name": "role_id_cast_info",
                      "Relation Name": "cast_info",
                      "Alias": "ci",
                      "Startup Cost": 0.56,
                      "Total Cost": 108404.92,
                      "Plan Rows": 809334,
                      "Plan Width": 4,
                      "Actual Startup Time": 0.131,
                      "Actual Total Time": 113.293,
                      "Actual Rows": 668006,
                      "Actual Loops": 6,
                      "Index Cond": "(role_id = 3)",
                      "Rows Removed by Index Recheck": 0
                    },
                    {
                      "Node Type": "Hash",
                      "Parent Relationship": "Inner",
                      "Parallel Aware": true,
                      "Startup Cost": 37975.92,
                      "Total Cost": 37975.92,
                      "Plan Rows": 21326,
                      "Plan Width": 4,
                      "Actual Startup Time": 71.376,
                      "Actual Total Time": 71.377,
                      "Actual Rows": 15109,
                      "Actual Loops": 6,
                      "Hash Buckets": 131072,
                      "Original Hash Buckets": 131072,
                      "Hash Batches": 1,
                      "Original Hash Batches": 1,
                      "Peak Memory Usage": 4640,
                      "Plans": [
                        {
                          "Node Type": "Bitmap Heap Scan",
                          "Parent Relationship": "Outer",
                          "Parallel Aware": true,
                          "Relation Name": "title",
                          "Alias": "t",
                          "Startup Cost": 1637.86,
                          "Total Cost": 37975.92,
                          "Plan Rows": 21326,
                          "Plan Width": 4,
                          "Actual Startup Time": 18.922,
                          "Actual Total Time": 64.686,
                          "Actual Rows": 15109,
                          "Actual Loops": 6,
                          "Recheck Cond": "(kind_id = 2)",
                          "Rows Removed by Index Recheck": 0,
                          "Filter": "(production_year > 1918)",
                          "Rows Removed by Filter": 33,
                          "Exact Heap Blocks": 11986,
                          "Lossy Heap Blocks": 0,
                          "Plans": [
                            {
                              "Node Type": "Bitmap Index Scan",
                              "Parent Relationship": "Outer",
                              "Parallel Aware": false,
                              "Index Name": "kind_id_title",
                              "Startup Cost": 0.0,
                              "Total Cost": 1616.54,
                              "Plan Rows": 90681,
                              "Plan Width": 0,
                              "Actual Startup Time": 15.739,
                              "Actual Total Time": 15.739,
                              "Actual Rows": 90852,
                              "Actual Loops": 1,
                              "Index Cond": "(kind_id = 2)"
                            }
                          ]
                        }
                      ]
                    }
                  ]
                }
              ]
            }
          ]
        }
      ]
    },
    "Planning Time": 0.578,
    "Triggers": [],
    "Execution Time": 306.165
  }
]