[
  {
    "Plan": {
      "Node Type": "Aggregate",
      "Strategy": "Plain",
      "Partial Mode": "Finalize",
      "Parallel Aware": false,
      "Startup Cost": 244759.29,
      "Total Cost": 244759.3,
      "Plan Rows": 1,
      "Plan Width": 8,
      "Actual Startup Time": 756.327,
      "Actual Total Time": 802.39,
      "Actual Rows": 1,
      "Actual Loops": 1,
      "Plans": [
        {
          "Node Type": "Gather",
          "Parent Relationship": "Outer",
          "Parallel Aware": false,
          "Startup Cost": 244758.77,
          "Total Cost": 244759.28,
          "Plan Rows": 5,
          "Plan Width": 8,
          "Actual Startup Time": 755.139,
          "Actual Total Time": 802.379,
          "Actual Rows": 6,
          "Actual Loops": 1,
          "Workers Planned": 5,
          "Workers Launched": 5,
          "Single Copy": false,
          "Plans": [
            {
              "Node Type": "Aggregate",
              "Strategy": "Plain",
              "Partial Mode": "Partial",
              "Parent Relationship": "Outer",
              "Parallel Aware": false,
              "Startup Cost": 243758.77,
              "Total Cost": 243758.78,
              "Plan Rows": 1,
              "Plan Width": 8,
              "Actual Startup Time": 744.967,
              "Actual Total Time": 744.97,
              "Actual Rows": 1,
              "Actual Loops": 6,
              "Plans": [
                {
                  "Node Type": "Hash Join",
                  "Parent Relationship": "Outer",
                  "Parallel Aware": true,
                  "Join Type": "Inner",
                  "Startup Cost": 44176.92,
                  "Total Cost": 243498.68,
                  "Plan Rows": 104034,
                  "Plan Width": 0,
                  "Actual Startup Time": 98.278,
                  "Actual Total Time": 735.853,
                  "Actual Rows": 167464,
                  "Actual Loops": 6,
                  "Inner Unique": true,
                  "Hash Cond": "(mi.movie_id = t.id)",
                  "Plans": [
                    {
                      "Node Type": "Seq Scan",
                      "Parent Relationship": "Outer",
                      "Parallel Aware": true,
                      "Relation Name": "movie_info",
                      "Alias": "mi",
                      "Startup Cost": 0.0,
                      "Total Cost": 191560.33,
                      "Plan Rows": 2956733,
                      "Plan Width": 4,
                      "Actual Startup Time": 0.027,
                      "Actual Total Time": 326.24,
                      "Actual Rows": 2472620,
                      "Actual Loops": 6
                    },
                    {
                      "Node Type": "Hash",
                      "Parent Relationship": "Inner",
                      "Parallel Aware": true,
                      "Startup Cost": 43898.92,
                      "Total Cost": 43898.92,
                      "Plan Rows": 22240,
                      "Plan Width": 4,
                      "Actual Startup Time": 86.52,
                      "Actual Total Time": 86.521,
                      "Actual Rows": 15483,
                      "Actual Loops": 6,
                      "Hash Buckets": 131072,
                      "Original Hash Buckets": 131072,
                      "Hash Batches": 1,
                      "Original Hash Batches": 1,
                      "Peak Memory Usage": 4768,
                      "Plans": [
                        {
                          "Node Type": "Seq Scan",
                          "Parent Relationship": "Outer",
                          "Parallel Aware": true,
                          "Relation Name": "title",
                          "Alias": "t",
                          "Startup Cost": 0.0,
                          "Total Cost": 43898.92,
                          "Plan Rows": 22240,
                          "Plan Width": 4,
                          "Actual Startup Time": 49.383,
                          "Actual Total Time": 80.9,
                          "Actual Rows": 15483,
                          "Actual Loops": 6,
                          "Filter": "(production_year < 1922)",
                          "Rows Removed by Filter": 405902
                        }
                      ]
                    }
                  ]
                }
              ]
            }
          ]
        }
      ]
    },
    "Planning Time": 0.567,
    "Triggers": [],
    "Execution Time": 802.466
  }
]