[
  {
    "Plan": {
      "Node Type": "Aggregate",
      "Strategy": "Plain",
      "Partial Mode": "Finalize",
      "Parallel Aware": false,
      "Startup Cost": 33184.2,
      "Total Cost": 33184.21,
      "Plan Rows": 1,
      "Plan Width": 8,
      "Actual Startup Time": 98.463,
      "Actual Total Time": 104.528,
      "Actual Rows": 1,
      "Actual Loops": 1,
      "Plans": [
        {
          "Node Type": "Gather",
          "Parent Relationship": "Outer",
          "Parallel Aware": false,
          "Startup Cost": 33183.88,
          "Total Cost": 33184.19,
          "Plan Rows": 3,
          "Plan Width": 8,
          "Actual Startup Time": 98.324,
          "Actual Total Time": 104.519,
          "Actual Rows": 4,
          "Actual Loops": 1,
          "Workers Planned": 3,
          "Workers Launched": 3,
          "Single Copy": false,
          "Plans": [
            {
              "Node Type": "Aggregate",
              "Strategy": "Plain",
              "Partial Mode": "Partial",
              "Parent Relationship": "Outer",
              "Parallel Aware": false,
              "Startup Cost": 32183.88,
              "Total Cost": 32183.89,
              "Plan Rows": 1,
              "Plan Width": 8,
              "Actual Startup Time": 90.1,
              "Actual Total Time": 90.101,
              "Actual Rows": 1,
              "Actual Loops": 4,
              "Plans": [
                {
                  "Node Type": "Seq Scan",
                  "Parent Relationship": "Outer",
                  "Parallel Aware": true,
                  "Relation Name": "movie_companies",
                  "Alias": "mc",
                  "Startup Cost": 0.0,
                  "Total Cost": 31414.82,
                  "Plan Rows": 307624,
                  "Plan Width": 0,
                  "Actual Startup Time": 0.526,
                  "Actual Total Time": 79.817,
                  "Actual Rows": 199164,
                  "Actual Loops": 4,
                  "Filter": "((company_id > 1024) AND (company_type_id < 2))",
                  "Rows Removed by Filter": 453119
                }
              ]
            }
          ]
        }
      ]
    },
    "Planning Time": 0.194,
    "Triggers": [],
    "Execution Time": 104.592
  }
]