{
  "Plan": {
    "Node Type": "Aggregate",
    "Strategy": "Plain",
    "Partial Mode": "Simple",
    "Parallel Aware": false,
    "Startup Cost": 6961034.3,
    "Total Cost": 6961034.31,
    "Plan Rows": 1,
    "Plan Width": 96,
    "Actual Startup Time": 105070.911,
    "Actual Total Time": 105163.583,
    "Actual Rows": 1,
    "Actual Loops": 1,
    "Plans": [
      {
        "Node Type": "Gather",
        "Parent Relationship": "Outer",
        "Parallel Aware": false,
        "Startup Cost": 6917114.34,
        "Total Cost": 6961034.3,
        "Plan Rows": 1,
        "Plan Width": 48,
        "Actual Startup Time": 105070.9,
        "Actual Total Time": 105163.57,
        "Actual Rows": 0,
        "Actual Loops": 1,
        "Workers Planned": 4,
        "Workers Launched": 4,
        "Single Copy": false,
        "Plans": [
          {
            "Node Type": "Hash Join",
            "Parent Relationship": "Outer",
            "Parallel Aware": true,
            "Join Type": "Inner",
            "Startup Cost": 6916114.34,
            "Total Cost": 6960034.2,
            "Plan Rows": 1,
            "Plan Width": 48,
            "Actual Startup Time": 104702.447,
            "Actual Total Time": 104702.47,
            "Actual Rows": 0,
            "Actual Loops": 5,
            "Inner Unique": false,
            "Hash Cond": "(t.id = mk.movie_id)",
            "Plans": [
              {
                "Node Type": "Seq Scan",
                "Parent Relationship": "Outer",
                "Parallel Aware": true,
                "Relation Name": "title",
                "Alias": "t",
                "Startup Cost": 0.0,
                "Total Cost": 43899.59,
                "Plan Rows": 5401,
                "Plan Width": 21,
                "Actual Startup Time": 87.577,
                "Actual Total Time": 139.16,
                "Actual Rows": 4902,
                "Actual Loops": 5,
                "Filter": "(production_year < 1910)",
                "Rows Removed by Filter": 500761
              },
              {
                "Node Type": "Hash",
                "Parent Relationship": "Inner",
                "Parallel Aware": true,
                "Startup Cost": 6916114.33,
                "Total Cost": 6916114.33,
                "Plan Rows": 1,
                "Plan Width": 39,
                "Actual Startup Time": 104560.854,
                "Actual Total Time": 104560.872,
                "Actual Rows": 22,
                "Actual Loops": 5,
                "Hash Buckets": 1024,
                "Original Hash Buckets": 1024,
                "Hash Batches": 1,
                "Original Hash Batches": 1,
                "Peak Memory Usage": 72,
                "Plans": [
                  {
                    "Node Type": "Hash Join",
                    "Parent Relationship": "Outer",
                    "Parallel Aware": false,
                    "Join Type": "Inner",
                    "Startup Cost": 6847476.06,
                    "Total Cost": 6916114.33,
                    "Plan Rows": 1,
                    "Plan Width": 39,
                    "Actual Startup Time": 41605.688,
                    "Actual Total Time": 41605.72,
                    "Actual Rows": 22,
                    "Actual Loops": 5,
                    "Inner Unique": false,
                    "Hash Cond": "(n.id = ci.person_id)",
                    "Plans": [
                      {
                        "Node Type": "Seq Scan",
                        "Parent Relationship": "Outer",
                        "Parallel Aware": true,
                        "Relation Name": "name",
                        "Alias": "n",
                        "Startup Cost": 0.0,
                        "Total Cost": 68636.05,
                        "Plan Rows": 104,
                        "Plan Width": 19,
                        "Actual Startup Time": 211.376,
                        "Actual Total Time": 211.382,
                        "Actual Rows": 0,
                        "Actual Loops": 5,
                        "Filter": "(name ~~ '%Downey%Robert%'::text)",
                        "Rows Removed by Filter": 833498
                      },
                      {
                        "Node Type": "Hash",
                        "Parent Relationship": "Inner",
                        "Parallel Aware": false,
                        "Startup Cost": 6847349.99,
                        "Total Cost": 6847349.99,
                        "Plan Rows": 10085,
                        "Plan Width": 28,
                        "Actual Startup Time": 103485.629,
                        "Actual Total Time": 103485.637,
                        "Actual Rows": 1564305,
                        "Actual Loops": 2,
                        "Hash Buckets": 2097152,
                        "Original Hash Buckets": 16384,
                        "Hash Batches": 1,
                        "Original Hash Batches": 1,
                        "Peak Memory Usage": 96736,
                        "Plans": [
                          {
                            "Node Type": "Hash Join",
                            "Parent Relationship": "Outer",
                            "Parallel Aware": false,
                            "Join Type": "Inner",
                            "Startup Cost": 5990036.06,
                            "Total Cost": 6847349.99,
                            "Plan Rows": 10085,
                            "Plan Width": 28,
                            "Actual Startup Time": 81147.217,
                            "Actual Total Time": 103094.393,
                            "Actual Rows": 1564305,
                            "Actual Loops": 2,
                            "Inner Unique": false,
                            "Hash Cond": "(k.id = mk.keyword_id)",
                            "Plans": [
                              {
                                "Node Type": "Seq Scan",
                                "Parent Relationship": "Outer",
                                "Parallel Aware": false,
                                "Relation Name": "keyword",
                                "Alias": "k",
                                "Startup Cost": 0.0,
                                "Total Cost": 3632.4,
                                "Plan Rows": 8,
                                "Plan Width": 20,
                                "Actual Startup Time": 0.162,
                                "Actual Total Time": 32.585,
                                "Actual Rows": 8,
                                "Actual Loops": 2,
                                "Filter": "(keyword = ANY ('{superhero,sequel,second-part,marvel-comics,based-on-comic,tv-special,fight,violence}'::text[]))",
                                "Rows Removed by Filter": 134162
                              },
                              {
                                "Node Type": "Hash",
                                "Parent Relationship": "Inner",
                                "Parallel Aware": false,
                                "Startup Cost": 3050043.88,
                                "Total Cost": 3050043.88,
                                "Plan Rows": 169132095,
                                "Plan Width": 16,
                                "Actual Startup Time": 80587.636,
                                "Actual Total Time": 80587.641,
                                "Actual Rows": 215765477,
                                "Actual Loops": 2,
                                "Hash Buckets": 67108864,
                                "Original Hash Buckets": 67108864,
                                "Hash Batches": 4,
                                "Original Hash Batches": 4,
                                "Peak Memory Usage": 2974980,
                                "Plans": [
                                  {
                                    "Node Type": "Hash Join",
                                    "Parent Relationship": "Outer",
                                    "Parallel Aware": false,
                                    "Join Type": "Inner",
                                    "Startup Cost": 1068488.04,
                                    "Total Cost": 3050043.88,
                                    "Plan Rows": 169132095,
                                    "Plan Width": 16,
                                    "Actual Startup Time": 15799.077,
                                    "Actual Total Time": 43828.509,
                                    "Actual Rows": 215765477,
                                    "Actual Loops": 2,
                                    "Inner Unique": false,
                                    "Hash Cond": "(mk.movie_id = ci.movie_id)",
                                    "Plans": [
                                      {
                                        "Node Type": "Seq Scan",
                                        "Parent Relationship": "Outer",
                                        "Parallel Aware": false,
                                        "Relation Name": "movie_keyword",
                                        "Alias": "mk",
                                        "Startup Cost": 0.0,
                                        "Total Cost": 69693.3,
                                        "Plan Rows": 4523930,
                                        "Plan Width": 8,
                                        "Actual Startup Time": 0.047,
                                        "Actual Total Time": 756.319,
                                        "Actual Rows": 4523930,
                                        "Actual Loops": 2
                                      },
                                      {
                                        "Node Type": "Hash",
                                        "Parent Relationship": "Inner",
                                        "Parallel Aware": false,
                                        "Startup Cost": 615265.24,
                                        "Total Cost": 615265.24,
                                        "Plan Rows": 36257824,
                                        "Plan Width": 8,
                                        "Actual Startup Time": 15264.595,
                                        "Actual Total Time": 15264.597,
                                        "Actual Rows": 36244344,
                                        "Actual Loops": 2,
                                        "Hash Buckets": 67108864,
                                        "Original Hash Buckets": 67108864,
                                        "Hash Batches": 1,
                                        "Original Hash Batches": 1,
                                        "Peak Memory Usage": 1940083,
                                        "Plans": [
                                          {
                                            "Node Type": "Seq Scan",
                                            "Parent Relationship": "Outer",
                                            "Parallel Aware": false,
                                            "Relation Name": "cast_info",
                                            "Alias": "ci",
                                            "Startup Cost": 0.0,
                                            "Total Cost": 615265.24,
                                            "Plan Rows": 36257824,
                                            "Plan Width": 8,
                                            "Actual Startup Time": 0.057,
                                            "Actual Total Time": 4209.385,
                                            "Actual Rows": 36244344,
                                            "Actual Loops": 2
                                          }
                                        ]
                                      }
                                    ]
                                  }
                                ]
                              }
                            ]
                          }
                        ]
                      }
                    ]
                  }
                ]
              }
            ]
          }
        ]
      }
    ]
  },
  "Planning Time": 7.845,
  "Triggers": [],
  "Execution Time": 105309.495
}