[
  {
    "Plan": {
      "Node Type": "Aggregate",
      "Strategy": "Plain",
      "Partial Mode": "Finalize",
      "Parallel Aware": false,
      "Startup Cost": 104041.81,
      "Total Cost": 104041.82,
      "Plan Rows": 1,
      "Plan Width": 8,
      "Actual Startup Time": 1073.68,
      "Actual Total Time": 1152.719,
      "Actual Rows": 1,
      "Actual Loops": 1,
      "Plans": [
        {
          "Node Type": "Gather",
          "Parent Relationship": "Outer",
          "Parallel Aware": false,
          "Startup Cost": 104041.59,
          "Total Cost": 104041.8,
          "Plan Rows": 2,
          "Plan Width": 8,
          "Actual Startup Time": 1072.737,
          "Actual Total Time": 1152.709,
          "Actual Rows": 3,
          "Actual Loops": 1,
          "Workers Planned": 2,
          "Workers Launched": 2,
          "Single Copy": false,
          "Plans": [
            {
              "Node Type": "Aggregate",
              "Strategy": "Plain",
              "Partial Mode": "Partial",
              "Parent Relationship": "Outer",
              "Parallel Aware": false,
              "Startup Cost": 103041.59,
              "Total Cost": 103041.6,
              "Plan Rows": 1,
              "Plan Width": 8,
              "Actual Startup Time": 1066.628,
              "Actual Total Time": 1066.632,
              "Actual Rows": 1,
              "Actual Loops": 3,
              "Plans": [
                {
                  "Node Type": "Nested Loop",
                  "Parent Relationship": "Outer",
                  "Parallel Aware": false,
                  "Join Type": "Inner",
                  "Startup Cost": 38354.74,
                  "Total Cost": 102517.69,
                  "Plan Rows": 209560,
                  "Plan Width": 0,
                  "Actual Startup Time": 83.365,
                  "Actual Total Time": 1025.789,
                  "Actual Rows": 773027,
                  "Actual Loops": 3,
                  "Inner Unique": false,
                  "Join Filter": "(t.id = ci.movie_id)",
                  "Rows Removed by Join Filter": 0,
                  "Plans": [
                    {
                      "Node Type": "Hash Join",
                      "Parent Relationship": "Outer",
                      "Parallel Aware": true,
                      "Join Type": "Inner",
                      "Startup Cost": 38354.18,
                      "Total Cost": 54478.61,
                      "Plan Rows": 14616,
                      "Plan Width": 8,
                      "Actual Startup Time": 83.256,
                      "Actual Total Time": 151.796,
                      "Actual Rows": 24699,
                      "Actual Loops": 3,
                      "Inner Unique": true,
                      "Hash Cond": "(mi_idx.movie_id = t.id)",
                      "Plans": [
                        {
                          "Node Type": "Seq Scan",
                          "Parent Relationship": "Outer",
                          "Parallel Aware": true,
                          "Relation Name": "movie_info_idx",
                          "Alias": "mi_idx",
                          "Startup Cost": 0.0,
                          "Total Cost": 15122.68,
                          "Plan Rows": 381618,
                          "Plan Width": 4,
                          "Actual Startup Time": 0.013,
                          "Actual Total Time": 49.105,
                          "Actual Rows": 306617,
                          "Actual Loops": 3,
                          "Filter": "(info_type_id < 101)",
                          "Rows Removed by Filter": 153395
                        },
                        {
                          "Node Type": "Hash",
                          "Parent Relationship": "Inner",
                          "Parallel Aware": true,
                          "Startup Cost": 38051.55,
                          "Total Cost": 38051.55,
                          "Plan Rows": 24210,
                          "Plan Width": 4,
                          "Actual Startup Time": 50.235,
                          "Actual Total Time": 50.237,
                          "Actual Rows": 33512,
                          "Actual Loops": 3,
                          "Hash Buckets": 131072,
                          "Original Hash Buckets": 131072,
                          "Hash Batches": 1,
                          "Original Hash Batches": 1,
                          "Peak Memory Usage": 4992,
                          "Plans": [
                            {
                              "Node Type": "Bitmap Heap Scan",
                              "Parent Relationship": "Outer",
                              "Parallel Aware": true,
                              "Relation Name": "title",
                              "Alias": "t",
                              "Startup Cost": 1750.93,
                              "Total Cost": 38051.55,
                              "Plan Rows": 24210,
                              "Plan Width": 4,
                              "Actual Startup Time": 8.682,
                              "Actual Total Time": 39.797,
                              "Actual Rows": 33512,
                              "Actual Loops": 3,
                              "Recheck Cond": "(kind_id = 3)",
                              "Rows Removed by Index Recheck": 0,
                              "Exact Heap Blocks": 7806,
                              "Lossy Heap Blocks": 0,
                              "Plans": [
                                {
                                  "Node Type": "Bitmap Index Scan",
                                  "Parent Relationship": "Outer",
                                  "Parallel Aware": false,
                                  "Index Name": "kind_id_title",
                                  "Startup Cost": 0.0,
                                  "Total Cost": 1726.72,
                                  "Plan Rows": 96839,
                                  "Plan Width": 0,
                                  "Actual Startup Time": 9.847,
                                  "Actual Total Time": 9.848,
                                  "Actual Rows": 100537,
                                  "Actual Loops": 1,
                                  "Index Cond": "(kind_id = 3)"
                                }
                              ]
                            }
                          ]
                        }
                      ]
                    },
                    {
                      "Node Type": "Index Only Scan",
                      "Parent Relationship": "Inner",
                      "Parallel Aware": false,
                      "Scan Direction": "Forward",
                      "Index Name": "movie_id_cast_info",
                      "Relation Name": "cast_info",
                      "Alias": "ci",
                      "Startup Cost": 0.56,
                      "Total Cost": 2.85,
                      "Plan Rows": 35,
                      "Plan Width": 4,
                      "Actual Startup Time": 0.005,
                      "Actual Total Time": 0.032,
                      "Actual Rows": 31,
                      "Actual Loops": 74098,
                      "Index Cond": "(movie_id = mi_idx.movie_id)",
                      "Rows Removed by Index Recheck": 0,
                      "Heap Fetches": 2319080
                    }
                  ]
                }
              ]
            }
          ]
        }
      ]
    },
    "Planning Time": 0.844,
    "Triggers": [],
    "Execution Time": 1152.802
  }
]