{
    "Plan": {
        "Node Type": "Aggregate",
        "Strategy": "Plain",
        "Partial Mode": "Simple",
        "Parallel Aware": false,
        "Startup Cost": 10000947131.43,
        "Total Cost": 10000947131.44,
        "Plan Rows": 1,
        "Plan Width": 8,
        "Actual Startup Time": 593.187,
        "Actual Total Time": 593.19,
        "Actual Rows": 1,
        "Actual Loops": 1,
        "Output": [
            "count(*)"
        ],
        "Plans": [
            {
                "Node Type": "Nested Loop",
                "Parent Relationship": "Outer",
                "Parallel Aware": false,
                "Join Type": "Inner",
                "Startup Cost": 10000027332.09,
                "Total Cost": 10000946693.1,
                "Plan Rows": 175335,
                "Plan Width": 0,
                "Actual Startup Time": 80.102,
                "Actual Total Time": 587.104,
                "Actual Rows": 92156,
                "Actual Loops": 1,
                "Inner Unique": false,
                "Plans": [
                    {
                        "Node Type": "Bitmap Heap Scan",
                        "Parent Relationship": "Outer",
                        "Parallel Aware": false,
                        "Relation Name": "title",
                        "Schema": "public",
                        "Alias": "t",
                        "Startup Cost": 27328.22,
                        "Total Cost": 86318.77,
                        "Plan Rows": 30044,
                        "Plan Width": 4,
                        "Actual Startup Time": 80.058,
                        "Actual Total Time": 307.863,
                        "Actual Rows": 34773,
                        "Actual Loops": 1,
                        "Output": [
                            "t.id",
                            "t.title",
                            "t.imdb_index",
                            "t.kind_id",
                            "t.production_year",
                            "t.imdb_id",
                            "t.phonetic_code",
                            "t.episode_of_id",
                            "t.season_nr",
                            "t.episode_nr",
                            "t.series_years",
                            "t.md5sum"
                        ],
                        "Recheck Cond": "(t.kind_id = 7)",
                        "Rows Removed by Index Recheck": 0,
                        "Filter": "(t.production_year = 1999)",
                        "Rows Removed by Filter": 1508491,
                        "Exact Heap Blocks": 24710,
                        "Lossy Heap Blocks": 0,
                        "Plans": [
                            {
                                "Node Type": "Bitmap Index Scan",
                                "Parent Relationship": "Outer",
                                "Parallel Aware": false,
                                "Index Name": "kind_id_title",
                                "Startup Cost": 0.0,
                                "Total Cost": 27320.71,
                                "Plan Rows": 1532837,
                                "Plan Width": 0,
                                "Actual Startup Time": 76.915,
                                "Actual Total Time": 76.916,
                                "Actual Rows": 1543264,
                                "Actual Loops": 1,
                                "Index Cond": "(t.kind_id = 7)"
                            }
                        ]
                    },
                    {
                        "Node Type": "Bitmap Heap Scan",
                        "Parent Relationship": "Inner",
                        "Parallel Aware": false,
                        "Relation Name": "movie_info",
                        "Schema": "public",
                        "Alias": "mi",
                        "Startup Cost": 3.87,
                        "Total Cost": 28.25,
                        "Plan Rows": 39,
                        "Plan Width": 4,
                        "Actual Startup Time": 0.005,
                        "Actual Total Time": 0.006,
                        "Actual Rows": 3,
                        "Actual Loops": 34773,
                        "Output": [
                            "mi.id",
                            "mi.movie_id",
                            "mi.info_type_id",
                            "mi.info",
                            "mi.note"
                        ],
                        "Recheck Cond": "(mi.movie_id = t.id)",
                        "Rows Removed by Index Recheck": 0,
                        "Exact Heap Blocks": 81267,
                        "Lossy Heap Blocks": 0,
                        "Plans": [
                            {
                                "Node Type": "Bitmap Index Scan",
                                "Parent Relationship": "Outer",
                                "Parallel Aware": false,
                                "Index Name": "movie_id_movie_info",
                                "Startup Cost": 0.0,
                                "Total Cost": 3.86,
                                "Plan Rows": 39,
                                "Plan Width": 0,
                                "Actual Startup Time": 0.003,
                                "Actual Total Time": 0.003,
                                "Actual Rows": 3,
                                "Actual Loops": 34773,
                                "Index Cond": "(mi.movie_id = t.id)"
                            }
                        ]
                    }
                ]
            }
        ]
    },
    "Planning Time": 2.93,
    "Triggers": [],
    "Execution Time": 593.714
}