{
  "Plan": {
    "Node Type": "Aggregate",
    "Strategy": "Plain",
    "Partial Mode": "Finalize",
    "Parallel Aware": false,
    "Startup Cost": 586147.03,
    "Total Cost": 586147.04,
    "Plan Rows": 1,
    "Plan Width": 8,
    "Actual Startup Time": 2259.514,
    "Actual Total Time": 2304.676,
    "Actual Rows": 1,
    "Actual Loops": 1,
    "Plans": [
      {
        "Node Type": "Gather",
        "Parent Relationship": "Outer",
        "Parallel Aware": false,
        "Startup Cost": 586146.92,
        "Total Cost": 586147.03,
        "Plan Rows": 1,
        "Plan Width": 8,
        "Actual Startup Time": 2258.965,
        "Actual Total Time": 2304.664,
        "Actual Rows": 2,
        "Actual Loops": 1,
        "Workers Planned": 1,
        "Workers Launched": 1,
        "Single Copy": false,
        "Plans": [
          {
            "Node Type": "Aggregate",
            "Strategy": "Plain",
            "Partial Mode": "Partial",
            "Parent Relationship": "Outer",
            "Parallel Aware": false,
            "Startup Cost": 585146.92,
            "Total Cost": 585146.93,
            "Plan Rows": 1,
            "Plan Width": 8,
            "Actual Startup Time": 2253.113,
            "Actual Total Time": 2253.116,
            "Actual Rows": 1,
            "Actual Loops": 2,
            "Plans": [
              {
                "Node Type": "Hash Join",
                "Parent Relationship": "Outer",
                "Parallel Aware": true,
                "Join Type": "Inner",
                "Startup Cost": 55731.08,
                "Total Cost": 583666.27,
                "Plan Rows": 592258,
                "Plan Width": 0,
                "Actual Startup Time": 158.249,
                "Actual Total Time": 2242.356,
                "Actual Rows": 237602,
                "Actual Loops": 2,
                "Inner Unique": true,
                "Hash Cond": "(ci.movie_id = t.id)",
                "Plans": [
                  {
                    "Node Type": "Index Scan",
                    "Parent Relationship": "Outer",
                    "Parallel Aware": true,
                    "Scan Direction": "Forward",
                    "Index Name": "role_id_cast_info",
                    "Relation Name": "cast_info",
                    "Alias": "ci",
                    "Startup Cost": 0.56,
                    "Total Cost": 502630.18,
                    "Plan Rows": 9640203,
                    "Plan Width": 4,
                    "Actual Startup Time": 0.081,
                    "Actual Total Time": 1057.846,
                    "Actual Rows": 8060842,
                    "Actual Loops": 2,
                    "Index Cond": "(role_id > 2)",
                    "Rows Removed by Index Recheck": 0
                  },
                  {
                    "Node Type": "Hash",
                    "Parent Relationship": "Inner",
                    "Parallel Aware": true,
                    "Startup Cost": 54588.39,
                    "Total Cost": 54588.39,
                    "Plan Rows": 91370,
                    "Plan Width": 4,
                    "Actual Startup Time": 154.345,
                    "Actual Total Time": 154.346,
                    "Actual Rows": 80168,
                    "Actual Loops": 2,
                    "Hash Buckets": 262144,
                    "Original Hash Buckets": 262144,
                    "Hash Batches": 1,
                    "Original Hash Batches": 1,
                    "Peak Memory Usage": 8352,
                    "Plans": [
                      {
                        "Node Type": "Seq Scan",
                        "Parent Relationship": "Outer",
                        "Parallel Aware": true,
                        "Relation Name": "title",
                        "Alias": "t",
                        "Startup Cost": 0.0,
                        "Total Cost": 54588.39,
                        "Plan Rows": 91370,
                        "Plan Width": 4,
                        "Actual Startup Time": 0.31,
                        "Actual Total Time": 137.001,
                        "Actual Rows": 80168,
                        "Actual Loops": 2,
                        "Filter": "(production_year < 1949)",
                        "Rows Removed by Filter": 1183988
                      }
                    ]
                  }
                ]
              }
            ]
          }
        ]
      }
    ]
  },
  "Planning Time": 0.59,
  "Triggers": [],
  "Execution Time": 2304.767
}