[
  {
    "Plan": {
      "Node Type": "Aggregate",
      "Strategy": "Plain",
      "Partial Mode": "Finalize",
      "Parallel Aware": false,
      "Startup Cost": 32877.4,
      "Total Cost": 32877.41,
      "Plan Rows": 1,
      "Plan Width": 8,
      "Actual Startup Time": 90.156,
      "Actual Total Time": 97.956,
      "Actual Rows": 1,
      "Actual Loops": 1,
      "Plans": [
        {
          "Node Type": "Gather",
          "Parent Relationship": "Outer",
          "Parallel Aware": false,
          "Startup Cost": 32877.08,
          "Total Cost": 32877.39,
          "Plan Rows": 3,
          "Plan Width": 8,
          "Actual Startup Time": 90.046,
          "Actual Total Time": 97.948,
          "Actual Rows": 4,
          "Actual Loops": 1,
          "Workers Planned": 3,
          "Workers Launched": 3,
          "Single Copy": false,
          "Plans": [
            {
              "Node Type": "Aggregate",
              "Strategy": "Plain",
              "Partial Mode": "Partial",
              "Parent Relationship": "Outer",
              "Parallel Aware": false,
              "Startup Cost": 31877.08,
              "Total Cost": 31877.09,
              "Plan Rows": 1,
              "Plan Width": 8,
              "Actual Startup Time": 82.55,
              "Actual Total Time": 82.551,
              "Actual Rows": 1,
              "Actual Loops": 4,
              "Plans": [
                {
                  "Node Type": "Seq Scan",
                  "Parent Relationship": "Outer",
                  "Parallel Aware": true,
                  "Relation Name": "movie_companies",
                  "Alias": "mc",
                  "Startup Cost": 0.0,
                  "Total Cost": 31414.82,
                  "Plan Rows": 184904,
                  "Plan Width": 0,
                  "Actual Startup Time": 49.548,
                  "Actual Total Time": 78.808,
                  "Actual Rows": 91017,
                  "Actual Loops": 4,
                  "Filter": "((company_id < 8123) AND (company_type_id = 2))",
                  "Rows Removed by Filter": 561265
                }
              ]
            }
          ]
        }
      ]
    },
    "Planning Time": 0.253,
    "Triggers": [],
    "Execution Time": 98.016
  }
]