[
  {
    "Plan": {
      "Node Type": "Aggregate",
      "Strategy": "Plain",
      "Partial Mode": "Finalize",
      "Parallel Aware": false,
      "Startup Cost": 203966.7,
      "Total Cost": 203966.71,
      "Plan Rows": 1,
      "Plan Width": 8,
      "Actual Startup Time": 106.11,
      "Actual Total Time": 111.372,
      "Actual Rows": 1,
      "Actual Loops": 1,
      "Plans": [
        {
          "Node Type": "Gather",
          "Parent Relationship": "Outer",
          "Parallel Aware": false,
          "Startup Cost": 203966.17,
          "Total Cost": 203966.68,
          "Plan Rows": 5,
          "Plan Width": 8,
          "Actual Startup Time": 105.716,
          "Actual Total Time": 111.367,
          "Actual Rows": 6,
          "Actual Loops": 1,
          "Workers Planned": 5,
          "Workers Launched": 5,
          "Single Copy": false,
          "Plans": [
            {
              "Node Type": "Aggregate",
              "Strategy": "Plain",
              "Partial Mode": "Partial",
              "Parent Relationship": "Outer",
              "Parallel Aware": false,
              "Startup Cost": 202966.17,
              "Total Cost": 202966.18,
              "Plan Rows": 1,
              "Plan Width": 8,
              "Actual Startup Time": 99.356,
              "Actual Total Time": 99.359,
              "Actual Rows": 1,
              "Actual Loops": 6,
              "Plans": [
                {
                  "Node Type": "Hash Join",
                  "Parent Relationship": "Outer",
                  "Parallel Aware": true,
                  "Join Type": "Inner",
                  "Startup Cost": 38706.05,
                  "Total Cost": 202964.99,
                  "Plan Rows": 474,
                  "Plan Width": 0,
                  "Actual Startup Time": 81.645,
                  "Actual Total Time": 99.351,
                  "Actual Rows": 4,
                  "Actual Loops": 6,
                  "Inner Unique": true,
                  "Hash Cond": "(mi.movie_id = t.id)",
                  "Plans": [
                    {
                      "Node Type": "Bitmap Heap Scan",
                      "Parent Relationship": "Outer",
                      "Parallel Aware": true,
                      "Relation Name": "movie_info",
                      "Alias": "mi",
                      "Startup Cost": 13585.73,
                      "Total Cost": 177451.4,
                      "Plan Rows": 149814,
                      "Plan Width": 4,
                      "Actual Startup Time": 35.157,
                      "Actual Total Time": 62.375,
                      "Actual Rows": 133690,
                      "Actual Loops": 6,
                      "Recheck Cond": "(info_type_id < 2)",
                      "Rows Removed by Index Recheck": 0,
                      "Exact Heap Blocks": 1101,
                      "Lossy Heap Blocks": 0,
                      "Plans": [
                        {
                          "Node Type": "Bitmap Index Scan",
                          "Parent Relationship": "Outer",
                          "Parallel Aware": false,
                          "Index Name": "info_type_id_movie_info",
                          "Startup Cost": 0.0,
                          "Total Cost": 13398.46,
                          "Plan Rows": 749070,
                          "Plan Width": 0,
                          "Actual Startup Time": 33.926,
                          "Actual Total Time": 33.926,
                          "Actual Rows": 802140,
                          "Actual Loops": 1,
                          "Index Cond": "(info_type_id < 2)"
                        }
                      ]
                    },
                    {
                      "Node Type": "Hash",
                      "Parent Relationship": "Inner",
                      "Parallel Aware": true,
                      "Startup Cost": 25088.06,
                      "Total Cost": 25088.06,
                      "Plan Rows": 2581,
                      "Plan Width": 4,
                      "Actual Startup Time": 13.409,
                      "Actual Total Time": 13.41,
                      "Actual Rows": 1696,
                      "Actual Loops": 6,
                      "Hash Buckets": 8192,
                      "Original Hash Buckets": 8192,
                      "Hash Batches": 1,
                      "Original Hash Batches": 1,
                      "Peak Memory Usage": 576,
                      "Plans": [
                        {
                          "Node Type": "Bitmap Heap Scan",
                          "Parent Relationship": "Outer",
                          "Parallel Aware": true,
                          "Relation Name": "title",
                          "Alias": "t",
                          "Startup Cost": 221.45,
                          "Total Cost": 25088.06,
                          "Plan Rows": 2581,
                          "Plan Width": 4,
                          "Actual Startup Time": 0.907,
                          "Actual Total Time": 12.552,
                          "Actual Rows": 1696,
                          "Actual Loops": 6,
                          "Recheck Cond": "(kind_id = 6)",
                          "Rows Removed by Index Recheck": 0,
                          "Filter": "(production_year < 2008)",
                          "Rows Removed by Filter": 404,
                          "Exact Heap Blocks": 4636,
                          "Lossy Heap Blocks": 0,
                          "Plans": [
                            {
                              "Node Type": "Bitmap Index Scan",
                              "Parent Relationship": "Outer",
                              "Parallel Aware": false,
                              "Index Name": "kind_id_title",
                              "Startup Cost": 0.0,
                              "Total Cost": 219.45,
                              "Plan Rows": 12136,
                              "Plan Width": 0,
                              "Actual Startup Time": 2.566,
                              "Actual Total Time": 2.566,
                              "Actual Rows": 12600,
                              "Actual Loops": 1,
                              "Index Cond": "(kind_id = 6)"
                            }
                          ]
                        }
                      ]
                    }
                  ]
                }
              ]
            }
          ]
        }
      ]
    },
    "Planning Time": 0.312,
    "Triggers": [],
    "Execution Time": 111.423
  }
]