[
  {
    "Plan": {
      "Node Type": "Aggregate",
      "Strategy": "Plain",
      "Partial Mode": "Finalize",
      "Parallel Aware": false,
      "Startup Cost": 76283.05,
      "Total Cost": 76283.06,
      "Plan Rows": 1,
      "Plan Width": 8,
      "Actual Startup Time": 278.967,
      "Actual Total Time": 310.996,
      "Actual Rows": 1,
      "Actual Loops": 1,
      "Plans": [
        {
          "Node Type": "Gather",
          "Parent Relationship": "Outer",
          "Parallel Aware": false,
          "Startup Cost": 76282.83,
          "Total Cost": 76283.04,
          "Plan Rows": 2,
          "Plan Width": 8,
          "Actual Startup Time": 278.66,
          "Actual Total Time": 310.988,
          "Actual Rows": 3,
          "Actual Loops": 1,
          "Workers Planned": 2,
          "Workers Launched": 2,
          "Single Copy": false,
          "Plans": [
            {
              "Node Type": "Aggregate",
              "Strategy": "Plain",
              "Partial Mode": "Partial",
              "Parent Relationship": "Outer",
              "Parallel Aware": false,
              "Startup Cost": 75282.83,
              "Total Cost": 75282.84,
              "Plan Rows": 1,
              "Plan Width": 8,
              "Actual Startup Time": 275.438,
              "Actual Total Time": 275.442,
              "Actual Rows": 1,
              "Actual Loops": 3,
              "Plans": [
                {
                  "Node Type": "Nested Loop",
                  "Parent Relationship": "Outer",
                  "Parallel Aware": false,
                  "Join Type": "Inner",
                  "Startup Cost": 45596.17,
                  "Total Cost": 75249.7,
                  "Plan Rows": 13252,
                  "Plan Width": 0,
                  "Actual Startup Time": 135.224,
                  "Actual Total Time": 273.17,
                  "Actual Rows": 38488,
                  "Actual Loops": 3,
                  "Inner Unique": false,
                  "Join Filter": "(t.id = mi.movie_id)",
                  "Rows Removed by Join Filter": 0,
                  "Plans": [
                    {
                      "Node Type": "Hash Join",
                      "Parent Relationship": "Outer",
                      "Parallel Aware": true,
                      "Join Type": "Inner",
                      "Startup Cost": 45595.74,
                      "Total Cost": 61720.17,
                      "Plan Rows": 5610,
                      "Plan Width": 8,
                      "Actual Startup Time": 135.141,
                      "Actual Total Time": 179.502,
                      "Actual Rows": 5894,
                      "Actual Loops": 3,
                      "Inner Unique": true,
                      "Hash Cond": "(mi_idx.movie_id = t.id)",
                      "Plans": [
                        {
                          "Node Type": "Seq Scan",
                          "Parent Relationship": "Outer",
                          "Parallel Aware": true,
                          "Relation Name": "movie_info_idx",
                          "Alias": "mi_idx",
                          "Startup Cost": 0.0,
                          "Total Cost": 15122.68,
                          "Plan Rows": 381618,
                          "Plan Width": 4,
                          "Actual Startup Time": 0.015,
                          "Actual Total Time": 45.305,
                          "Actual Rows": 306617,
                          "Actual Loops": 3,
                          "Filter": "(info_type_id < 101)",
                          "Rows Removed by Filter": 153395
                        },
                        {
                          "Node Type": "Hash",
                          "Parent Relationship": "Inner",
                          "Parallel Aware": true,
                          "Startup Cost": 45479.59,
                          "Total Cost": 45479.59,
                          "Plan Rows": 9292,
                          "Plan Width": 4,
                          "Actual Startup Time": 107.479,
                          "Actual Total Time": 107.48,
                          "Actual Rows": 11063,
                          "Actual Loops": 3,
                          "Hash Buckets": 65536,
                          "Original Hash Buckets": 65536,
                          "Hash Batches": 1,
                          "Original Hash Batches": 1,
                          "Peak Memory Usage": 1888,
                          "Plans": [
                            {
                              "Node Type": "Seq Scan",
                              "Parent Relationship": "Outer",
                              "Parallel Aware": true,
                              "Relation Name": "title",
                              "Alias": "t",
                              "Startup Cost": 0.0,
                              "Total Cost": 45479.59,
                              "Plan Rows": 9292,
                              "Plan Width": 4,
                              "Actual Startup Time": 62.538,
                              "Actual Total Time": 103.816,
                              "Actual Rows": 11063,
                              "Actual Loops": 3,
                              "Filter": "((kind_id = 1) AND (production_year = 2010))",
                              "Rows Removed by Filter": 831707
                            }
                          ]
                        }
                      ]
                    },
                    {
                      "Node Type": "Index Scan",
                      "Parent Relationship": "Inner",
                      "Parallel Aware": false,
                      "Scan Direction": "Forward",
                      "Index Name": "movie_id_movie_info",
                      "Relation Name": "movie_info",
                      "Alias": "mi",
                      "Startup Cost": 0.43,
                      "Total Cost": 2.2,
                      "Plan Rows": 17,
                      "Plan Width": 4,
                      "Actual Startup Time": 0.005,
                      "Actual Total Time": 0.015,
                      "Actual Rows": 7,
                      "Actual Loops": 17682,
                      "Index Cond": "(movie_id = mi_idx.movie_id)",
                      "Rows Removed by Index Recheck": 0,
                      "Filter": "(info_type_id < 7)",
                      "Rows Removed by Filter": 12
                    }
                  ]
                }
              ]
            }
          ]
        }
      ]
    },
    "Planning Time": 0.716,
    "Triggers": [],
    "Execution Time": 311.049
  }
]