{
  "Plan": {
    "Node Type": "Aggregate",
    "Strategy": "Plain",
    "Partial Mode": "Finalize",
    "Parallel Aware": false,
    "Startup Cost": 148520.16,
    "Total Cost": 148520.17,
    "Plan Rows": 1,
    "Plan Width": 8,
    "Actual Startup Time": 1042.747,
    "Actual Total Time": 1066.929,
    "Actual Rows": 1,
    "Actual Loops": 1,
    "Plans": [
      {
        "Node Type": "Gather",
        "Parent Relationship": "Outer",
        "Parallel Aware": false,
        "Startup Cost": 148520.04,
        "Total Cost": 148520.15,
        "Plan Rows": 1,
        "Plan Width": 8,
        "Actual Startup Time": 1035.793,
        "Actual Total Time": 1066.923,
        "Actual Rows": 2,
        "Actual Loops": 1,
        "Workers Planned": 1,
        "Workers Launched": 1,
        "Single Copy": false,
        "Plans": [
          {
            "Node Type": "Aggregate",
            "Strategy": "Plain",
            "Partial Mode": "Partial",
            "Parent Relationship": "Outer",
            "Parallel Aware": false,
            "Startup Cost": 147520.04,
            "Total Cost": 147520.05,
            "Plan Rows": 1,
            "Plan Width": 8,
            "Actual Startup Time": 1024.017,
            "Actual Total Time": 1024.023,
            "Actual Rows": 1,
            "Actual Loops": 2,
            "Plans": [
              {
                "Node Type": "Hash Join",
                "Parent Relationship": "Outer",
                "Parallel Aware": true,
                "Join Type": "Inner",
                "Startup Cost": 103204.87,
                "Total Cost": 147373.07,
                "Plan Rows": 58788,
                "Plan Width": 0,
                "Actual Startup Time": 736.164,
                "Actual Total Time": 996.583,
                "Actual Rows": 556200,
                "Actual Loops": 2,
                "Inner Unique": false,
                "Hash Cond": "(mc.movie_id = t.id)",
                "Plans": [
                  {
                    "Node Type": "Index Scan",
                    "Parent Relationship": "Outer",
                    "Parallel Aware": true,
                    "Scan Direction": "Forward",
                    "Index Name": "company_type_id_movie_companies",
                    "Relation Name": "movie_companies",
                    "Alias": "mc",
                    "Startup Cost": 0.43,
                    "Total Cost": 41574.35,
                    "Plan Rows": 599593,
                    "Plan Width": 4,
                    "Actual Startup Time": 0.049,
                    "Actual Total Time": 126.677,
                    "Actual Rows": 637123,
                    "Actual Loops": 2,
                    "Index Cond": "(company_type_id = 1)",
                    "Rows Removed by Index Recheck": 0,
                    "Filter": "(company_id < 71885)",
                    "Rows Removed by Filter": 0
                  },
                  {
                    "Node Type": "Hash",
                    "Parent Relationship": "Inner",
                    "Parallel Aware": true,
                    "Startup Cost": 101381.74,
                    "Total Cost": 101381.74,
                    "Plan Rows": 145816,
                    "Plan Width": 8,
                    "Actual Startup Time": 733.647,
                    "Actual Total Time": 733.652,
                    "Actual Rows": 128164,
                    "Actual Loops": 2,
                    "Hash Buckets": 262144,
                    "Original Hash Buckets": 262144,
                    "Hash Batches": 1,
                    "Original Hash Batches": 1,
                    "Peak Memory Usage": 12128,
                    "Plans": [
                      {
                        "Node Type": "Hash Join",
                        "Parent Relationship": "Outer",
                        "Parallel Aware": true,
                        "Join Type": "Inner",
                        "Startup Cost": 74722.26,
                        "Total Cost": 101381.74,
                        "Plan Rows": 145816,
                        "Plan Width": 8,
                        "Actual Startup Time": 589.685,
                        "Actual Total Time": 700.446,
                        "Actual Rows": 128164,
                        "Actual Loops": 2,
                        "Inner Unique": true,
                        "Hash Cond": "(mk.movie_id = t.id)",
                        "Plans": [
                          {
                            "Node Type": "Bitmap Heap Scan",
                            "Parent Relationship": "Outer",
                            "Parallel Aware": true,
                            "Relation Name": "movie_keyword",
                            "Alias": "mk",
                            "Startup Cost": 5261.56,
                            "Total Cost": 31538.27,
                            "Plan Rows": 145816,
                            "Plan Width": 4,
                            "Actual Startup Time": 15.637,
                            "Actual Total Time": 70.096,
                            "Actual Rows": 128164,
                            "Actual Loops": 2,
                            "Recheck Cond": "(keyword_id < 228)",
                            "Rows Removed by Index Recheck": 0,
                            "Exact Heap Blocks": 15976,
                            "Lossy Heap Blocks": 0,
                            "Plans": [
                              {
                                "Node Type": "Bitmap Index Scan",
                                "Parent Relationship": "Outer",
                                "Parallel Aware": false,
                                "Index Name": "keyword_id_movie_keyword",
                                "Startup Cost": 0.0,
                                "Total Cost": 5199.59,
                                "Plan Rows": 247888,
                                "Plan Width": 0,
                                "Actual Startup Time": 12.118,
                                "Actual Total Time": 12.118,
                                "Actual Rows": 256327,
                                "Actual Loops": 1,
                                "Index Cond": "(keyword_id < 228)"
                              }
                            ]
                          },
                          {
                            "Node Type": "Hash",
                            "Parent Relationship": "Inner",
                            "Parallel Aware": true,
                            "Startup Cost": 50870.31,
                            "Total Cost": 50870.31,
                            "Plan Rows": 1487231,
                            "Plan Width": 4,
                            "Actual Startup Time": 556.549,
                            "Actual Total Time": 556.55,
                            "Actual Rows": 1264156,
                            "Actual Loops": 2,
                            "Hash Buckets": 4194304,
                            "Original Hash Buckets": 4194304,
                            "Hash Batches": 1,
                            "Original Hash Batches": 1,
                            "Peak Memory Usage": 131712,
                            "Plans": [
                              {
                                "Node Type": "Seq Scan",
                                "Parent Relationship": "Outer",
                                "Parallel Aware": true,
                                "Relation Name": "title",
                                "Alias": "t",
                                "Startup Cost": 0.0,
                                "Total Cost": 50870.31,
                                "Plan Rows": 1487231,
                                "Plan Width": 4,
                                "Actual Startup Time": 0.027,
                                "Actual Total Time": 173.038,
                                "Actual Rows": 1264156,
                                "Actual Loops": 2
                              }
                            ]
                          }
                        ]
                      }
                    ]
                  }
                ]
              }
            ]
          }
        ]
      }
    ]
  },
  "Planning Time": 0.602,
  "Triggers": [],
  "Execution Time": 1066.997
}