[
    {
        "Bao": {
            "Bao prediction": "NaN",
            "Bao recommended hint": "(no hint)"
        }
    },
    {
        "Plan": {
            "Node Type": "Aggregate",
            "Strategy": "Plain",
            "Partial Mode": "Finalize",
            "Parallel Aware": false,
            "Startup Cost": 346998.14,
            "Total Cost": 346998.15,
            "Plan Rows": 1,
            "Plan Width": 8,
            "Actual Startup Time": 387.181,
            "Actual Total Time": 403.51,
            "Actual Rows": 1,
            "Actual Loops": 1,
            "Output": [
                "count(*)"
            ],
            "Plans": [
                {
                    "Node Type": "Gather",
                    "Parent Relationship": "Outer",
                    "Parallel Aware": false,
                    "Startup Cost": 346997.52,
                    "Total Cost": 346998.13,
                    "Plan Rows": 6,
                    "Plan Width": 8,
                    "Actual Startup Time": 384.633,
                    "Actual Total Time": 403.5,
                    "Actual Rows": 7,
                    "Actual Loops": 1,
                    "Output": [
                        "(PARTIAL count(*))"
                    ],
                    "Workers Planned": 6,
                    "Workers Launched": 6,
                    "Single Copy": false,
                    "Plans": [
                        {
                            "Node Type": "Aggregate",
                            "Strategy": "Plain",
                            "Partial Mode": "Partial",
                            "Parent Relationship": "Outer",
                            "Parallel Aware": false,
                            "Startup Cost": 345997.52,
                            "Total Cost": 345997.53,
                            "Plan Rows": 1,
                            "Plan Width": 8,
                            "Actual Startup Time": 372.924,
                            "Actual Total Time": 372.927,
                            "Actual Rows": 1,
                            "Actual Loops": 7,
                            "Output": [
                                "PARTIAL count(*)"
                            ],
                            "Workers": [
                                {
                                    "Worker Number": 0,
                                    "Actual Startup Time": 370.628,
                                    "Actual Total Time": 370.632,
                                    "Actual Rows": 1,
                                    "Actual Loops": 1
                                },
                                {
                                    "Worker Number": 1,
                                    "Actual Startup Time": 371.104,
                                    "Actual Total Time": 371.109,
                                    "Actual Rows": 1,
                                    "Actual Loops": 1
                                },
                                {
                                    "Worker Number": 2,
                                    "Actual Startup Time": 371.14,
                                    "Actual Total Time": 371.144,
                                    "Actual Rows": 1,
                                    "Actual Loops": 1
                                },
                                {
                                    "Worker Number": 3,
                                    "Actual Startup Time": 371.448,
                                    "Actual Total Time": 371.45,
                                    "Actual Rows": 1,
                                    "Actual Loops": 1
                                },
                                {
                                    "Worker Number": 4,
                                    "Actual Startup Time": 371.193,
                                    "Actual Total Time": 371.196,
                                    "Actual Rows": 1,
                                    "Actual Loops": 1
                                },
                                {
                                    "Worker Number": 5,
                                    "Actual Startup Time": 371.258,
                                    "Actual Total Time": 371.262,
                                    "Actual Rows": 1,
                                    "Actual Loops": 1
                                }
                            ],
                            "Plans": [
                                {
                                    "Node Type": "Hash Join",
                                    "Parent Relationship": "Outer",
                                    "Parallel Aware": true,
                                    "Join Type": "Inner",
                                    "Startup Cost": 88099.3,
                                    "Total Cost": 345937.55,
                                    "Plan Rows": 23986,
                                    "Plan Width": 0,
                                    "Actual Startup Time": 249.204,
                                    "Actual Total Time": 370.344,
                                    "Actual Rows": 38776,
                                    "Actual Loops": 7,
                                    "Inner Unique": true,
                                    "Hash Cond": "(ci.movie_id = t.id)",
                                    "Workers": [
                                        {
                                            "Worker Number": 0,
                                            "Actual Startup Time": 246.767,
                                            "Actual Total Time": 367.801,
                                            "Actual Rows": 31552,
                                            "Actual Loops": 1
                                        },
                                        {
                                            "Worker Number": 1,
                                            "Actual Startup Time": 247.562,
                                            "Actual Total Time": 368.286,
                                            "Actual Rows": 31172,
                                            "Actual Loops": 1
                                        },
                                        {
                                            "Worker Number": 2,
                                            "Actual Startup Time": 247.986,
                                            "Actual Total Time": 368.694,
                                            "Actual Rows": 37531,
                                            "Actual Loops": 1
                                        },
                                        {
                                            "Worker Number": 3,
                                            "Actual Startup Time": 247.62,
                                            "Actual Total Time": 368.86,
                                            "Actual Rows": 39850,
                                            "Actual Loops": 1
                                        },
                                        {
                                            "Worker Number": 4,
                                            "Actual Startup Time": 246.875,
                                            "Actual Total Time": 368.904,
                                            "Actual Rows": 50761,
                                            "Actual Loops": 1
                                        },
                                        {
                                            "Worker Number": 5,
                                            "Actual Startup Time": 247.659,
                                            "Actual Total Time": 368.764,
                                            "Actual Rows": 36858,
                                            "Actual Loops": 1
                                        }
                                    ],
                                    "Plans": [
                                        {
                                            "Node Type": "Bitmap Heap Scan",
                                            "Parent Relationship": "Outer",
                                            "Parallel Aware": true,
                                            "Relation Name": "cast_info",
                                            "Schema": "public",
                                            "Alias": "ci",
                                            "Startup Cost": 42536.26,
                                            "Total Cost": 300075.55,
                                            "Plan Rows": 113889,
                                            "Plan Width": 4,
                                            "Actual Startup Time": 127.082,
                                            "Actual Total Time": 193.727,
                                            "Actual Rows": 201681,
                                            "Actual Loops": 7,
                                            "Output": [
                                                "ci.id",
                                                "ci.person_id",
                                                "ci.movie_id",
                                                "ci.person_role_id",
                                                "ci.note",
                                                "ci.nr_order",
                                                "ci.role_id"
                                            ],
                                            "Recheck Cond": "(ci.person_id < 192983)",
                                            "Rows Removed by Index Recheck": 0,
                                            "Filter": "(ci.role_id = 1)",
                                            "Rows Removed by Filter": 80433,
                                            "Exact Heap Blocks": 4198,
                                            "Lossy Heap Blocks": 0,
                                            "Workers": [
                                                {
                                                    "Worker Number": 0,
                                                    "Actual Startup Time": 126.945,
                                                    "Actual Total Time": 195.937,
                                                    "Actual Rows": 158669,
                                                    "Actual Loops": 1
                                                },
                                                {
                                                    "Worker Number": 1,
                                                    "Actual Startup Time": 127.24,
                                                    "Actual Total Time": 196.329,
                                                    "Actual Rows": 158746,
                                                    "Actual Loops": 1
                                                },
                                                {
                                                    "Worker Number": 2,
                                                    "Actual Startup Time": 127.498,
                                                    "Actual Total Time": 192.379,
                                                    "Actual Rows": 191961,
                                                    "Actual Loops": 1
                                                },
                                                {
                                                    "Worker Number": 3,
                                                    "Actual Startup Time": 127.328,
                                                    "Actual Total Time": 194.871,
                                                    "Actual Rows": 208612,
                                                    "Actual Loops": 1
                                                },
                                                {
                                                    "Worker Number": 4,
                                                    "Actual Startup Time": 126.591,
                                                    "Actual Total Time": 191.562,
                                                    "Actual Rows": 265789,
                                                    "Actual Loops": 1
                                                },
                                                {
                                                    "Worker Number": 5,
                                                    "Actual Startup Time": 127.154,
                                                    "Actual Total Time": 192.796,
                                                    "Actual Rows": 196367,
                                                    "Actual Loops": 1
                                                }
                                            ],
                                            "Plans": [
                                                {
                                                    "Node Type": "Bitmap Index Scan",
                                                    "Parent Relationship": "Outer",
                                                    "Parallel Aware": false,
                                                    "Index Name": "person_id_cast_info",
                                                    "Startup Cost": 0.0,
                                                    "Total Cost": 42365.43,
                                                    "Plan Rows": 1940915,
                                                    "Plan Width": 0,
                                                    "Actual Startup Time": 123.464,
                                                    "Actual Total Time": 123.464,
                                                    "Actual Rows": 1974800,
                                                    "Actual Loops": 1,
                                                    "Index Cond": "(ci.person_id < 192983)",
                                                    "Workers": [
                                                        {
                                                            "Worker Number": 4,
                                                            "Actual Startup Time": 123.464,
                                                            "Actual Total Time": 123.464,
                                                            "Actual Rows": 1974800,
                                                            "Actual Loops": 1
                                                        }
                                                    ]
                                                }
                                            ]
                                        },
                                        {
                                            "Node Type": "Hash",
                                            "Parent Relationship": "Inner",
                                            "Parallel Aware": true,
                                            "Startup Cost": 43899.01,
                                            "Total Cost": 43899.01,
                                            "Plan Rows": 133123,
                                            "Plan Width": 4,
                                            "Actual Startup Time": 118.567,
                                            "Actual Total Time": 118.568,
                                            "Actual Rows": 76196,
                                            "Actual Loops": 7,
                                            "Output": [
                                                "t.id"
                                            ],
                                            "Hash Buckets": 1048576,
                                            "Original Hash Buckets": 1048576,
                                            "Hash Batches": 1,
                                            "Original Hash Batches": 1,
                                            "Peak Memory Usage": 29184,
                                            "Workers": [
                                                {
                                                    "Worker Number": 0,
                                                    "Actual Startup Time": 119.074,
                                                    "Actual Total Time": 119.075,
                                                    "Actual Rows": 56719,
                                                    "Actual Loops": 1
                                                },
                                                {
                                                    "Worker Number": 1,
                                                    "Actual Startup Time": 119.608,
                                                    "Actual Total Time": 119.61,
                                                    "Actual Rows": 57689,
                                                    "Actual Loops": 1
                                                },
                                                {
                                                    "Worker Number": 2,
                                                    "Actual Startup Time": 119.722,
                                                    "Actual Total Time": 119.723,
                                                    "Actual Rows": 69044,
                                                    "Actual Loops": 1
                                                },
                                                {
                                                    "Worker Number": 3,
                                                    "Actual Startup Time": 119.597,
                                                    "Actual Total Time": 119.598,
                                                    "Actual Rows": 73587,
                                                    "Actual Loops": 1
                                                },
                                                {
                                                    "Worker Number": 4,
                                                    "Actual Startup Time": 119.871,
                                                    "Actual Total Time": 119.871,
                                                    "Actual Rows": 74093,
                                                    "Actual Loops": 1
                                                },
                                                {
                                                    "Worker Number": 5,
                                                    "Actual Startup Time": 119.833,
                                                    "Actual Total Time": 119.834,
                                                    "Actual Rows": 68025,
                                                    "Actual Loops": 1
                                                }
                                            ],
                                            "Plans": [
                                                {
                                                    "Node Type": "Seq Scan",
                                                    "Parent Relationship": "Outer",
                                                    "Parallel Aware": true,
                                                    "Relation Name": "title",
                                                    "Schema": "public",
                                                    "Alias": "t",
                                                    "Startup Cost": 0.0,
                                                    "Total Cost": 43899.01,
                                                    "Plan Rows": 133123,
                                                    "Plan Width": 4,
                                                    "Actual Startup Time": 0.049,
                                                    "Actual Total Time": 75.133,
                                                    "Actual Rows": 76196,
                                                    "Actual Loops": 7,
                                                    "Output": [
                                                        "t.id"
                                                    ],
                                                    "Filter": "(t.production_year > 2009)",
                                                    "Rows Removed by Filter": 284992,
                                                    "Workers": [
                                                        {
                                                            "Worker Number": 0,
                                                            "Actual Startup Time": 0.066,
                                                            "Actual Total Time": 76.983,
                                                            "Actual Rows": 56719,
                                                            "Actual Loops": 1
                                                        },
                                                        {
                                                            "Worker Number": 1,
                                                            "Actual Startup Time": 0.058,
                                                            "Actual Total Time": 77.97,
                                                            "Actual Rows": 57689,
                                                            "Actual Loops": 1
                                                        },
                                                        {
                                                            "Worker Number": 2,
                                                            "Actual Startup Time": 0.057,
                                                            "Actual Total Time": 75.335,
                                                            "Actual Rows": 69044,
                                                            "Actual Loops": 1
                                                        },
                                                        {
                                                            "Worker Number": 3,
                                                            "Actual Startup Time": 0.048,
                                                            "Actual Total Time": 76.503,
                                                            "Actual Rows": 73587,
                                                            "Actual Loops": 1
                                                        },
                                                        {
                                                            "Worker Number": 4,
                                                            "Actual Startup Time": 0.049,
                                                            "Actual Total Time": 76.591,
                                                            "Actual Rows": 74093,
                                                            "Actual Loops": 1
                                                        },
                                                        {
                                                            "Worker Number": 5,
                                                            "Actual Startup Time": 0.048,
                                                            "Actual Total Time": 74.671,
                                                            "Actual Rows": 68025,
                                                            "Actual Loops": 1
                                                        }
                                                    ]
                                                }
                                            ]
                                        }
                                    ]
                                }
                            ]
                        }
                    ]
                }
            ]
        },
        "Planning Time": 187.243,
        "Triggers": [],
        "Execution Time": 403.64
    }
]