{
  "Plan": {
    "Node Type": "Aggregate",
    "Strategy": "Plain",
    "Partial Mode": "Finalize",
    "Parallel Aware": false,
    "Startup Cost": 331269.56,
    "Total Cost": 331269.57,
    "Plan Rows": 1,
    "Plan Width": 8,
    "Actual Startup Time": 1306.917,
    "Actual Total Time": 1355.974,
    "Actual Rows": 1,
    "Actual Loops": 1,
    "Plans": [
      {
        "Node Type": "Gather",
        "Parent Relationship": "Outer",
        "Parallel Aware": false,
        "Startup Cost": 331269.45,
        "Total Cost": 331269.56,
        "Plan Rows": 1,
        "Plan Width": 8,
        "Actual Startup Time": 1306.643,
        "Actual Total Time": 1355.966,
        "Actual Rows": 2,
        "Actual Loops": 1,
        "Workers Planned": 1,
        "Workers Launched": 1,
        "Single Copy": false,
        "Plans": [
          {
            "Node Type": "Aggregate",
            "Strategy": "Plain",
            "Partial Mode": "Partial",
            "Parent Relationship": "Outer",
            "Parallel Aware": false,
            "Startup Cost": 330269.45,
            "Total Cost": 330269.46,
            "Plan Rows": 1,
            "Plan Width": 8,
            "Actual Startup Time": 1301.131,
            "Actual Total Time": 1301.135,
            "Actual Rows": 1,
            "Actual Loops": 2,
            "Plans": [
              {
                "Node Type": "Hash Join",
                "Parent Relationship": "Outer",
                "Parallel Aware": true,
                "Join Type": "Inner",
                "Startup Cost": 58389.21,
                "Total Cost": 330172.69,
                "Plan Rows": 38702,
                "Plan Width": 0,
                "Actual Startup Time": 143.74,
                "Actual Total Time": 1299.986,
                "Actual Rows": 21032,
                "Actual Loops": 2,
                "Inner Unique": true,
                "Hash Cond": "(mi.movie_id = t.id)",
                "Plans": [
                  {
                    "Node Type": "Seq Scan",
                    "Parent Relationship": "Outer",
                    "Parallel Aware": true,
                    "Relation Name": "movie_info",
                    "Alias": "mi",
                    "Startup Cost": 0.0,
                    "Total Cost": 248955.74,
                    "Plan Rows": 8696274,
                    "Plan Width": 4,
                    "Actual Startup Time": 0.009,
                    "Actual Total Time": 604.31,
                    "Actual Rows": 7417860,
                    "Actual Loops": 2
                  },
                  {
                    "Node Type": "Hash",
                    "Parent Relationship": "Inner",
                    "Parallel Aware": true,
                    "Startup Cost": 58306.47,
                    "Total Cost": 58306.47,
                    "Plan Rows": 6619,
                    "Plan Width": 4,
                    "Actual Startup Time": 141.82,
                    "Actual Total Time": 141.821,
                    "Actual Rows": 4814,
                    "Actual Loops": 2,
                    "Hash Buckets": 16384,
                    "Original Hash Buckets": 16384,
                    "Hash Batches": 1,
                    "Original Hash Batches": 1,
                    "Peak Memory Usage": 544,
                    "Plans": [
                      {
                        "Node Type": "Seq Scan",
                        "Parent Relationship": "Outer",
                        "Parallel Aware": true,
                        "Relation Name": "title",
                        "Alias": "t",
                        "Startup Cost": 0.0,
                        "Total Cost": 58306.47,
                        "Plan Rows": 6619,
                        "Plan Width": 4,
                        "Actual Startup Time": 0.145,
                        "Actual Total Time": 139.882,
                        "Actual Rows": 4814,
                        "Actual Loops": 2,
                        "Filter": "((kind_id > 1) AND (production_year = 1976))",
                        "Rows Removed by Filter": 1259342
                      }
                    ]
                  }
                ]
              }
            ]
          }
        ]
      }
    ]
  },
  "Planning Time": 0.44,
  "Triggers": [],
  "Execution Time": 1356.058
}