[
  {
    "Plan": {
      "Node Type": "Aggregate",
      "Strategy": "Plain",
      "Partial Mode": "Finalize",
      "Parallel Aware": false,
      "Startup Cost": 82307.06,
      "Total Cost": 82307.07,
      "Plan Rows": 1,
      "Plan Width": 8,
      "Actual Startup Time": 475.302,
      "Actual Total Time": 495.244,
      "Actual Rows": 1,
      "Actual Loops": 1,
      "Plans": [
        {
          "Node Type": "Gather",
          "Parent Relationship": "Outer",
          "Parallel Aware": false,
          "Startup Cost": 82306.74,
          "Total Cost": 82307.05,
          "Plan Rows": 3,
          "Plan Width": 8,
          "Actual Startup Time": 468.667,
          "Actual Total Time": 495.233,
          "Actual Rows": 4,
          "Actual Loops": 1,
          "Workers Planned": 3,
          "Workers Launched": 3,
          "Single Copy": false,
          "Plans": [
            {
              "Node Type": "Aggregate",
              "Strategy": "Plain",
              "Partial Mode": "Partial",
              "Parent Relationship": "Outer",
              "Parallel Aware": false,
              "Startup Cost": 81306.74,
              "Total Cost": 81306.75,
              "Plan Rows": 1,
              "Plan Width": 8,
              "Actual Startup Time": 450.745,
              "Actual Total Time": 450.749,
              "Actual Rows": 1,
              "Actual Loops": 4,
              "Plans": [
                {
                  "Node Type": "Hash Join",
                  "Parent Relationship": "Outer",
                  "Parallel Aware": true,
                  "Join Type": "Inner",
                  "Startup Cost": 55450.93,
                  "Total Cost": 81107.9,
                  "Plan Rows": 79536,
                  "Plan Width": 0,
                  "Actual Startup Time": 380.361,
                  "Actual Total Time": 447.322,
                  "Actual Rows": 59172,
                  "Actual Loops": 4,
                  "Inner Unique": true,
                  "Hash Cond": "(mk.movie_id = t.id)",
                  "Plans": [
                    {
                      "Node Type": "Bitmap Heap Scan",
                      "Parent Relationship": "Outer",
                      "Parallel Aware": true,
                      "Relation Name": "movie_keyword",
                      "Alias": "mk",
                      "Startup Cost": 5231.28,
                      "Total Cost": 30679.48,
                      "Plan Rows": 79536,
                      "Plan Width": 4,
                      "Actual Startup Time": 23.803,
                      "Actual Total Time": 66.279,
                      "Actual Rows": 59172,
                      "Actual Loops": 4,
                      "Recheck Cond": "(keyword_id > 62431)",
                      "Rows Removed by Index Recheck": 0,
                      "Exact Heap Blocks": 5723,
                      "Lossy Heap Blocks": 0,
                      "Plans": [
                        {
                          "Node Type": "Bitmap Index Scan",
                          "Parent Relationship": "Outer",
                          "Parallel Aware": false,
                          "Index Name": "keyword_id_movie_keyword",
                          "Startup Cost": 0.0,
                          "Total Cost": 5169.64,
                          "Plan Rows": 246561,
                          "Plan Width": 0,
                          "Actual Startup Time": 18.805,
                          "Actual Total Time": 18.806,
                          "Actual Rows": 236688,
                          "Actual Loops": 1,
                          "Index Cond": "(keyword_id > 62431)"
                        }
                      ]
                    },
                    {
                      "Node Type": "Hash",
                      "Parent Relationship": "Inner",
                      "Parallel Aware": true,
                      "Startup Cost": 42318.73,
                      "Total Cost": 42318.73,
                      "Plan Rows": 632073,
                      "Plan Width": 4,
                      "Actual Startup Time": 345.114,
                      "Actual Total Time": 345.115,
                      "Actual Rows": 632078,
                      "Actual Loops": 4,
                      "Hash Buckets": 4194304,
                      "Original Hash Buckets": 4194304,
                      "Hash Batches": 1,
                      "Original Hash Batches": 1,
                      "Peak Memory Usage": 131712,
                      "Plans": [
                        {
                          "Node Type": "Seq Scan",
                          "Parent Relationship": "Outer",
                          "Parallel Aware": true,
                          "Relation Name": "title",
                          "Alias": "t",
                          "Startup Cost": 0.0,
                          "Total Cost": 42318.73,
                          "Plan Rows": 632073,
                          "Plan Width": 4,
                          "Actual Startup Time": 0.044,
                          "Actual Total Time": 103.717,
                          "Actual Rows": 632078,
                          "Actual Loops": 4
                        }
                      ]
                    }
                  ]
                }
              ]
            }
          ]
        }
      ]
    },
    "Planning Time": 0.656,
    "Triggers": [],
    "Execution Time": 495.366
  }
]