[
  {
    "Plan": {
      "Node Type": "Aggregate",
      "Strategy": "Plain",
      "Partial Mode": "Finalize",
      "Parallel Aware": false,
      "Startup Cost": 103818.39,
      "Total Cost": 103818.4,
      "Plan Rows": 1,
      "Plan Width": 8,
      "Actual Startup Time": 982.144,
      "Actual Total Time": 1003.503,
      "Actual Rows": 1,
      "Actual Loops": 1,
      "Plans": [
        {
          "Node Type": "Gather",
          "Parent Relationship": "Outer",
          "Parallel Aware": false,
          "Startup Cost": 103818.17,
          "Total Cost": 103818.38,
          "Plan Rows": 2,
          "Plan Width": 8,
          "Actual Startup Time": 970.202,
          "Actual Total Time": 1003.494,
          "Actual Rows": 3,
          "Actual Loops": 1,
          "Workers Planned": 2,
          "Workers Launched": 2,
          "Single Copy": false,
          "Plans": [
            {
              "Node Type": "Aggregate",
              "Strategy": "Plain",
              "Partial Mode": "Partial",
              "Parent Relationship": "Outer",
              "Parallel Aware": false,
              "Startup Cost": 102818.17,
              "Total Cost": 102818.18,
              "Plan Rows": 1,
              "Plan Width": 8,
              "Actual Startup Time": 959.944,
              "Actual Total Time": 960.548,
              "Actual Rows": 1,
              "Actual Loops": 3,
              "Plans": [
                {
                  "Node Type": "Hash Join",
                  "Parent Relationship": "Outer",
                  "Parallel Aware": true,
                  "Join Type": "Inner",
                  "Startup Cost": 85539.17,
                  "Total Cost": 102190.51,
                  "Plan Rows": 251065,
                  "Plan Width": 0,
                  "Actual Startup Time": 769.679,
                  "Actual Total Time": 931.416,
                  "Actual Rows": 637982,
                  "Actual Loops": 3,
                  "Inner Unique": false,
                  "Hash Cond": "(mi_idx.movie_id = t.id)",
                  "Plans": [
                    {
                      "Node Type": "Seq Scan",
                      "Parent Relationship": "Outer",
                      "Parallel Aware": true,
                      "Relation Name": "movie_info_idx",
                      "Alias": "mi_idx",
                      "Startup Cost": 0.0,
                      "Total Cost": 13685.15,
                      "Plan Rows": 575015,
                      "Plan Width": 4,
                      "Actual Startup Time": 0.034,
                      "Actual Total Time": 39.551,
                      "Actual Rows": 460012,
                      "Actual Loops": 3
                    },
                    {
                      "Node Type": "Hash",
                      "Parent Relationship": "Inner",
                      "Parallel Aware": true,
                      "Startup Cost": 81087.91,
                      "Total Cost": 81087.91,
                      "Plan Rows": 356101,
                      "Plan Width": 8,
                      "Actual Startup Time": 759.648,
                      "Actual Total Time": 760.25,
                      "Actual Rows": 324005,
                      "Actual Loops": 3,
                      "Hash Buckets": 2097152,
                      "Original Hash Buckets": 2097152,
                      "Hash Batches": 1,
                      "Original Hash Batches": 1,
                      "Peak Memory Usage": 54432,
                      "Plans": [
                        {
                          "Node Type": "Hash Join",
                          "Parent Relationship": "Outer",
                          "Parallel Aware": true,
                          "Join Type": "Inner",
                          "Startup Cost": 50689.64,
                          "Total Cost": 81087.91,
                          "Plan Rows": 356101,
                          "Plan Width": 8,
                          "Actual Startup Time": 426.938,
                          "Actual Total Time": 661.544,
                          "Actual Rows": 324005,
                          "Actual Loops": 3,
                          "Inner Unique": true,
                          "Hash Cond": "(mc.movie_id = t.id)",
                          "Plans": [
                            {
                              "Node Type": "Seq Scan",
                              "Parent Relationship": "Outer",
                              "Parallel Aware": true,
                              "Relation Name": "movie_companies",
                              "Alias": "mc",
                              "Startup Cost": 0.0,
                              "Total Cost": 29310.68,
                              "Plan Rows": 414318,
                              "Plan Width": 4,
                              "Actual Startup Time": 0.019,
                              "Actual Total Time": 95.063,
                              "Actual Rows": 424749,
                              "Actual Loops": 3,
                              "Filter": "(company_type_id < 2)",
                              "Rows Removed by Filter": 444961
                            },
                            {
                              "Node Type": "Hash",
                              "Parent Relationship": "Inner",
                              "Parallel Aware": true,
                              "Startup Cost": 43898.92,
                              "Total Cost": 43898.92,
                              "Plan Rows": 543258,
                              "Plan Width": 4,
                              "Actual Startup Time": 418.201,
                              "Actual Total Time": 418.202,
                              "Actual Rows": 719916,
                              "Actual Loops": 3,
                              "Hash Buckets": 4194304,
                              "Original Hash Buckets": 4194304,
                              "Hash Batches": 1,
                              "Original Hash Batches": 1,
                              "Peak Memory Usage": 117312,
                              "Plans": [
                                {
                                  "Node Type": "Seq Scan",
                                  "Parent Relationship": "Outer",
                                  "Parallel Aware": true,
                                  "Relation Name": "title",
                                  "Alias": "t",
                                  "Startup Cost": 0.0,
                                  "Total Cost": 43898.92,
                                  "Plan Rows": 543258,
                                  "Plan Width": 4,
                                  "Actual Startup Time": 0.06,
                                  "Actual Total Time": 151.263,
                                  "Actual Rows": 719916,
                                  "Actual Loops": 3,
                                  "Filter": "(production_year > 1964)",
                                  "Rows Removed by Filter": 122855
                                }
                              ]
                            }
                          ]
                        }
                      ]
                    }
                  ]
                }
              ]
            }
          ]
        }
      ]
    },
    "Planning Time": 1.325,
    "Triggers": [],
    "Execution Time": 1003.579
  }
]