{
  "Plan": {
    "Node Type": "Aggregate",
    "Strategy": "Plain",
    "Partial Mode": "Finalize",
    "Parallel Aware": false,
    "Startup Cost": 175021.07,
    "Total Cost": 175021.08,
    "Plan Rows": 1,
    "Plan Width": 8,
    "Actual Startup Time": 924.068,
    "Actual Total Time": 976.866,
    "Actual Rows": 1,
    "Actual Loops": 1,
    "Plans": [
      {
        "Node Type": "Gather",
        "Parent Relationship": "Outer",
        "Parallel Aware": false,
        "Startup Cost": 175020.96,
        "Total Cost": 175021.07,
        "Plan Rows": 1,
        "Plan Width": 8,
        "Actual Startup Time": 923.779,
        "Actual Total Time": 976.857,
        "Actual Rows": 2,
        "Actual Loops": 1,
        "Workers Planned": 1,
        "Workers Launched": 1,
        "Single Copy": false,
        "Plans": [
          {
            "Node Type": "Aggregate",
            "Strategy": "Plain",
            "Partial Mode": "Partial",
            "Parent Relationship": "Outer",
            "Parallel Aware": false,
            "Startup Cost": 174020.96,
            "Total Cost": 174020.97,
            "Plan Rows": 1,
            "Plan Width": 8,
            "Actual Startup Time": 917.799,
            "Actual Total Time": 917.802,
            "Actual Rows": 1,
            "Actual Loops": 2,
            "Plans": [
              {
                "Node Type": "Nested Loop",
                "Parent Relationship": "Outer",
                "Parallel Aware": false,
                "Join Type": "Inner",
                "Startup Cost": 58502.93,
                "Total Cost": 173016.39,
                "Plan Rows": 401828,
                "Plan Width": 0,
                "Actual Startup Time": 136.06,
                "Actual Total Time": 881.377,
                "Actual Rows": 765206,
                "Actual Loops": 2,
                "Inner Unique": false,
                "Join Filter": "(t.id = ci.movie_id)",
                "Rows Removed by Join Filter": 0,
                "Plans": [
                  {
                    "Node Type": "Hash Join",
                    "Parent Relationship": "Outer",
                    "Parallel Aware": true,
                    "Join Type": "Inner",
                    "Startup Cost": 58502.37,
                    "Total Cost": 116553.21,
                    "Plan Rows": 28043,
                    "Plan Width": 8,
                    "Actual Startup Time": 135.984,
                    "Actual Total Time": 441.138,
                    "Actual Rows": 17609,
                    "Actual Loops": 2,
                    "Inner Unique": true,
                    "Hash Cond": "(mk.movie_id = t.id)",
                    "Plans": [
                      {
                        "Node Type": "Seq Scan",
                        "Parent Relationship": "Outer",
                        "Parallel Aware": true,
                        "Relation Name": "movie_keyword",
                        "Alias": "mk",
                        "Startup Cost": 0.0,
                        "Total Cost": 51065.35,
                        "Plan Rows": 2661135,
                        "Plan Width": 4,
                        "Actual Startup Time": 0.013,
                        "Actual Total Time": 148.017,
                        "Actual Rows": 2261965,
                        "Actual Loops": 2
                      },
                      {
                        "Node Type": "Hash",
                        "Parent Relationship": "Inner",
                        "Parallel Aware": true,
                        "Startup Cost": 58306.47,
                        "Total Cost": 58306.47,
                        "Plan Rows": 15672,
                        "Plan Width": 4,
                        "Actual Startup Time": 135.106,
                        "Actual Total Time": 135.107,
                        "Actual Rows": 13466,
                        "Actual Loops": 2,
                        "Hash Buckets": 32768,
                        "Original Hash Buckets": 32768,
                        "Hash Batches": 1,
                        "Original Hash Batches": 1,
                        "Peak Memory Usage": 1344,
                        "Plans": [
                          {
                            "Node Type": "Seq Scan",
                            "Parent Relationship": "Outer",
                            "Parallel Aware": true,
                            "Relation Name": "title",
                            "Alias": "t",
                            "Startup Cost": 0.0,
                            "Total Cost": 58306.47,
                            "Plan Rows": 15672,
                            "Plan Width": 4,
                            "Actual Startup Time": 0.255,
                            "Actual Total Time": 131.548,
                            "Actual Rows": 13466,
                            "Actual Loops": 2,
                            "Filter": "((kind_id < 6) AND (production_year > 2012))",
                            "Rows Removed by Filter": 1250690
                          }
                        ]
                      }
                    ]
                  },
                  {
                    "Node Type": "Index Only Scan",
                    "Parent Relationship": "Inner",
                    "Parallel Aware": false,
                    "Scan Direction": "Forward",
                    "Index Name": "movie_id_cast_info",
                    "Relation Name": "cast_info",
                    "Alias": "ci",
                    "Startup Cost": 0.56,
                    "Total Cost": 1.55,
                    "Plan Rows": 37,
                    "Plan Width": 4,
                    "Actual Startup Time": 0.004,
                    "Actual Total Time": 0.021,
                    "Actual Rows": 43,
                    "Actual Loops": 35218,
                    "Index Cond": "(movie_id = mk.movie_id)",
                    "Rows Removed by Index Recheck": 0,
                    "Heap Fetches": 1530412
                  }
                ]
              }
            ]
          }
        ]
      }
    ]
  },
  "Planning Time": 0.796,
  "Triggers": [],
  "Execution Time": 976.986
}