[
  {
    "Plan": {
      "Node Type": "Aggregate",
      "Strategy": "Plain",
      "Partial Mode": "Finalize",
      "Parallel Aware": false,
      "Startup Cost": 344316.39,
      "Total Cost": 344316.4,
      "Plan Rows": 1,
      "Plan Width": 8,
      "Actual Startup Time": 1040.971,
      "Actual Total Time": 1089.749,
      "Actual Rows": 1,
      "Actual Loops": 1,
      "Plans": [
        {
          "Node Type": "Gather",
          "Parent Relationship": "Outer",
          "Parallel Aware": false,
          "Startup Cost": 344315.77,
          "Total Cost": 344316.38,
          "Plan Rows": 6,
          "Plan Width": 8,
          "Actual Startup Time": 1040.661,
          "Actual Total Time": 1089.737,
          "Actual Rows": 7,
          "Actual Loops": 1,
          "Workers Planned": 6,
          "Workers Launched": 6,
          "Single Copy": false,
          "Plans": [
            {
              "Node Type": "Aggregate",
              "Strategy": "Plain",
              "Partial Mode": "Partial",
              "Parent Relationship": "Outer",
              "Parallel Aware": false,
              "Startup Cost": 343315.77,
              "Total Cost": 343315.78,
              "Plan Rows": 1,
              "Plan Width": 8,
              "Actual Startup Time": 1032.387,
              "Actual Total Time": 1032.388,
              "Actual Rows": 1,
              "Actual Loops": 7,
              "Plans": [
                {
                  "Node Type": "Seq Scan",
                  "Parent Relationship": "Outer",
                  "Parallel Aware": true,
                  "Relation Name": "cast_info",
                  "Alias": "ci",
                  "Startup Cost": 0.0,
                  "Total Cost": 328211.39,
                  "Plan Rows": 6041751,
                  "Plan Width": 0,
                  "Actual Startup Time": 0.066,
                  "Actual Total Time": 742.804,
                  "Actual Rows": 5177679,
                  "Actual Loops": 7,
                  "Filter": "(person_id < 4061808)",
                  "Rows Removed by Filter": 84
                }
              ]
            }
          ]
        }
      ]
    },
    "Planning Time": 0.139,
    "Triggers": [],
    "Execution Time": 1089.793
  }
]