[
  {
    "Plan": {
      "Node Type": "Aggregate",
      "Strategy": "Plain",
      "Partial Mode": "Finalize",
      "Parallel Aware": false,
      "Startup Cost": 43049.87,
      "Total Cost": 43049.88,
      "Plan Rows": 1,
      "Plan Width": 8,
      "Actual Startup Time": 159.199,
      "Actual Total Time": 168.151,
      "Actual Rows": 1,
      "Actual Loops": 1,
      "Plans": [
        {
          "Node Type": "Gather",
          "Parent Relationship": "Outer",
          "Parallel Aware": false,
          "Startup Cost": 43049.55,
          "Total Cost": 43049.86,
          "Plan Rows": 3,
          "Plan Width": 8,
          "Actual Startup Time": 158.792,
          "Actual Total Time": 168.142,
          "Actual Rows": 4,
          "Actual Loops": 1,
          "Workers Planned": 3,
          "Workers Launched": 3,
          "Single Copy": false,
          "Plans": [
            {
              "Node Type": "Aggregate",
              "Strategy": "Plain",
              "Partial Mode": "Partial",
              "Parent Relationship": "Outer",
              "Parallel Aware": false,
              "Startup Cost": 42049.55,
              "Total Cost": 42049.56,
              "Plan Rows": 1,
              "Plan Width": 8,
              "Actual Startup Time": 149.585,
              "Actual Total Time": 149.587,
              "Actual Rows": 1,
              "Actual Loops": 4,
              "Plans": [
                {
                  "Node Type": "Bitmap Heap Scan",
                  "Parent Relationship": "Outer",
                  "Parallel Aware": true,
                  "Relation Name": "movie_keyword",
                  "Alias": "mk",
                  "Startup Cost": 14327.22,
                  "Total Cost": 41504.83,
                  "Plan Rows": 217889,
                  "Plan Width": 0,
                  "Actual Startup Time": 55.159,
                  "Actual Total Time": 139.316,
                  "Actual Rows": 168826,
                  "Actual Loops": 4,
                  "Recheck Cond": "(keyword_id > 27762)",
                  "Rows Removed by Index Recheck": 0,
                  "Exact Heap Blocks": 9949,
                  "Lossy Heap Blocks": 0,
                  "Plans": [
                    {
                      "Node Type": "Bitmap Index Scan",
                      "Parent Relationship": "Outer",
                      "Parallel Aware": false,
                      "Index Name": "keyword_id_movie_keyword",
                      "Startup Cost": 0.0,
                      "Total Cost": 14158.35,
                      "Plan Rows": 675456,
                      "Plan Width": 0,
                      "Actual Startup Time": 60.08,
                      "Actual Total Time": 60.08,
                      "Actual Rows": 675305,
                      "Actual Loops": 1,
                      "Index Cond": "(keyword_id > 27762)"
                    }
                  ]
                }
              ]
            }
          ]
        }
      ]
    },
    "Planning Time": 0.153,
    "Triggers": [],
    "Execution Time": 168.221
  }
]