[
  {
    "Plan": {
      "Node Type": "Aggregate",
      "Strategy": "Plain",
      "Partial Mode": "Finalize",
      "Parallel Aware": false,
      "Startup Cost": 43397.73,
      "Total Cost": 43397.74,
      "Plan Rows": 1,
      "Plan Width": 8,
      "Actual Startup Time": 172.999,
      "Actual Total Time": 182.058,
      "Actual Rows": 1,
      "Actual Loops": 1,
      "Plans": [
        {
          "Node Type": "Gather",
          "Parent Relationship": "Outer",
          "Parallel Aware": false,
          "Startup Cost": 43397.41,
          "Total Cost": 43397.72,
          "Plan Rows": 3,
          "Plan Width": 8,
          "Actual Startup Time": 172.644,
          "Actual Total Time": 182.048,
          "Actual Rows": 4,
          "Actual Loops": 1,
          "Workers Planned": 3,
          "Workers Launched": 3,
          "Single Copy": false,
          "Plans": [
            {
              "Node Type": "Aggregate",
              "Strategy": "Plain",
              "Partial Mode": "Partial",
              "Parent Relationship": "Outer",
              "Parallel Aware": false,
              "Startup Cost": 42397.41,
              "Total Cost": 42397.42,
              "Plan Rows": 1,
              "Plan Width": 8,
              "Actual Startup Time": 165.094,
              "Actual Total Time": 165.095,
              "Actual Rows": 1,
              "Actual Loops": 4,
              "Plans": [
                {
                  "Node Type": "Bitmap Heap Scan",
                  "Parent Relationship": "Outer",
                  "Parallel Aware": true,
                  "Relation Name": "movie_keyword",
                  "Alias": "mk",
                  "Startup Cost": 14610.56,
                  "Total Cost": 41841.93,
                  "Plan Rows": 222190,
                  "Plan Width": 0,
                  "Actual Startup Time": 70.336,
                  "Actual Total Time": 154.079,
                  "Actual Rows": 168826,
                  "Actual Loops": 4,
                  "Recheck Cond": "(keyword_id > 27762)",
                  "Rows Removed by Index Recheck": 0,
                  "Exact Heap Blocks": 7303,
                  "Lossy Heap Blocks": 0,
                  "Plans": [
                    {
                      "Node Type": "Bitmap Index Scan",
                      "Parent Relationship": "Outer",
                      "Parallel Aware": false,
                      "Index Name": "keyword_id_movie_keyword",
                      "Startup Cost": 0.0,
                      "Total Cost": 14438.36,
                      "Plan Rows": 688790,
                      "Plan Width": 0,
                      "Actual Startup Time": 71.405,
                      "Actual Total Time": 71.406,
                      "Actual Rows": 675305,
                      "Actual Loops": 1,
                      "Index Cond": "(keyword_id > 27762)"
                    }
                  ]
                }
              ]
            }
          ]
        }
      ]
    },
    "Planning Time": 0.185,
    "Triggers": [],
    "Execution Time": 182.136
  }
]