[
  {
    "Plan": {
      "Node Type": "Aggregate",
      "Strategy": "Plain",
      "Partial Mode": "Finalize",
      "Parallel Aware": false,
      "Startup Cost": 44559.9,
      "Total Cost": 44559.91,
      "Plan Rows": 1,
      "Plan Width": 8,
      "Actual Startup Time": 123.65,
      "Actual Total Time": 133.403,
      "Actual Rows": 1,
      "Actual Loops": 1,
      "Plans": [
        {
          "Node Type": "Gather",
          "Parent Relationship": "Outer",
          "Parallel Aware": false,
          "Startup Cost": 44559.58,
          "Total Cost": 44559.89,
          "Plan Rows": 3,
          "Plan Width": 8,
          "Actual Startup Time": 123.533,
          "Actual Total Time": 133.395,
          "Actual Rows": 4,
          "Actual Loops": 1,
          "Workers Planned": 3,
          "Workers Launched": 3,
          "Single Copy": false,
          "Plans": [
            {
              "Node Type": "Aggregate",
              "Strategy": "Plain",
              "Partial Mode": "Partial",
              "Parent Relationship": "Outer",
              "Parallel Aware": false,
              "Startup Cost": 43559.58,
              "Total Cost": 43559.59,
              "Plan Rows": 1,
              "Plan Width": 8,
              "Actual Startup Time": 117.343,
              "Actual Total Time": 117.344,
              "Actual Rows": 1,
              "Actual Loops": 4,
              "Plans": [
                {
                  "Node Type": "Seq Scan",
                  "Parent Relationship": "Outer",
                  "Parallel Aware": true,
                  "Relation Name": "movie_keyword",
                  "Alias": "mk",
                  "Startup Cost": 0.0,
                  "Total Cost": 42695.65,
                  "Plan Rows": 345570,
                  "Plan Width": 0,
                  "Actual Startup Time": 0.048,
                  "Actual Total Time": 104.063,
                  "Actual Rows": 271296,
                  "Actual Loops": 4,
                  "Filter": "(keyword_id < 1098)",
                  "Rows Removed by Filter": 859686
                }
              ]
            }
          ]
        }
      ]
    },
    "Planning Time": 0.18,
    "Triggers": [],
    "Execution Time": 133.466
  }
]