[
  {
    "Plan": {
      "Node Type": "Aggregate",
      "Strategy": "Plain",
      "Partial Mode": "Finalize",
      "Parallel Aware": false,
      "Startup Cost": 44968.7,
      "Total Cost": 44968.71,
      "Plan Rows": 1,
      "Plan Width": 8,
      "Actual Startup Time": 148.129,
      "Actual Total Time": 162.642,
      "Actual Rows": 1,
      "Actual Loops": 1,
      "Plans": [
        {
          "Node Type": "Gather",
          "Parent Relationship": "Outer",
          "Parallel Aware": false,
          "Startup Cost": 44968.38,
          "Total Cost": 44968.69,
          "Plan Rows": 3,
          "Plan Width": 8,
          "Actual Startup Time": 144.086,
          "Actual Total Time": 162.627,
          "Actual Rows": 4,
          "Actual Loops": 1,
          "Workers Planned": 3,
          "Workers Launched": 3,
          "Single Copy": false,
          "Plans": [
            {
              "Node Type": "Aggregate",
              "Strategy": "Plain",
              "Partial Mode": "Partial",
              "Parent Relationship": "Outer",
              "Parallel Aware": false,
              "Startup Cost": 43968.38,
              "Total Cost": 43968.39,
              "Plan Rows": 1,
              "Plan Width": 8,
              "Actual Startup Time": 136.868,
              "Actual Total Time": 136.871,
              "Actual Rows": 1,
              "Actual Loops": 4,
              "Plans": [
                {
                  "Node Type": "Seq Scan",
                  "Parent Relationship": "Outer",
                  "Parallel Aware": true,
                  "Relation Name": "movie_keyword",
                  "Alias": "mk",
                  "Startup Cost": 0.0,
                  "Total Cost": 42695.65,
                  "Plan Rows": 509092,
                  "Plan Width": 0,
                  "Actual Startup Time": 1.478,
                  "Actual Total Time": 115.93,
                  "Actual Rows": 396818,
                  "Actual Loops": 4,
                  "Filter": "(keyword_id > 9790)",
                  "Rows Removed by Filter": 734164
                }
              ]
            }
          ]
        }
      ]
    },
    "Planning Time": 0.158,
    "Triggers": [],
    "Execution Time": 162.696
  }
]