[
  {
    "Plan": {
      "Node Type": "Aggregate",
      "Strategy": "Plain",
      "Partial Mode": "Finalize",
      "Parallel Aware": false,
      "Startup Cost": 201187.16,
      "Total Cost": 201187.17,
      "Plan Rows": 1,
      "Plan Width": 8,
      "Actual Startup Time": 195.542,
      "Actual Total Time": 230.182,
      "Actual Rows": 1,
      "Actual Loops": 1,
      "Plans": [
        {
          "Node Type": "Gather",
          "Parent Relationship": "Outer",
          "Parallel Aware": false,
          "Startup Cost": 201186.74,
          "Total Cost": 201187.15,
          "Plan Rows": 4,
          "Plan Width": 8,
          "Actual Startup Time": 195.383,
          "Actual Total Time": 230.163,
          "Actual Rows": 5,
          "Actual Loops": 1,
          "Workers Planned": 4,
          "Workers Launched": 4,
          "Single Copy": false,
          "Plans": [
            {
              "Node Type": "Aggregate",
              "Strategy": "Plain",
              "Partial Mode": "Partial",
              "Parent Relationship": "Outer",
              "Parallel Aware": false,
              "Startup Cost": 200186.74,
              "Total Cost": 200186.75,
              "Plan Rows": 1,
              "Plan Width": 8,
              "Actual Startup Time": 184.873,
              "Actual Total Time": 184.891,
              "Actual Rows": 1,
              "Actual Loops": 5,
              "Plans": [
                {
                  "Node Type": "Nested Loop",
                  "Parent Relationship": "Outer",
                  "Parallel Aware": false,
                  "Join Type": "Inner",
                  "Startup Cost": 1.0,
                  "Total Cost": 200176.62,
                  "Plan Rows": 4047,
                  "Plan Width": 0,
                  "Actual Startup Time": 0.892,
                  "Actual Total Time": 184.03,
                  "Actual Rows": 9115,
                  "Actual Loops": 5,
                  "Inner Unique": false,
                  "Join Filter": "(t.id = ci.movie_id)",
                  "Rows Removed by Join Filter": 0,
                  "Plans": [
                    {
                      "Node Type": "Nested Loop",
                      "Parent Relationship": "Outer",
                      "Parallel Aware": false,
                      "Join Type": "Inner",
                      "Startup Cost": 0.43,
                      "Total Cost": 197991.08,
                      "Plan Rows": 820,
                      "Plan Width": 8,
                      "Actual Startup Time": 0.674,
                      "Actual Total Time": 106.044,
                      "Actual Rows": 1370,
                      "Actual Loops": 5,
                      "Inner Unique": false,
                      "Plans": [
                        {
                          "Node Type": "Seq Scan",
                          "Parent Relationship": "Outer",
                          "Parallel Aware": true,
                          "Relation Name": "title",
                          "Alias": "t",
                          "Startup Cost": 0.0,
                          "Total Cost": 43898.92,
                          "Plan Rows": 1622,
                          "Plan Width": 4,
                          "Actual Startup Time": 0.265,
                          "Actual Total Time": 64.191,
                          "Actual Rows": 1601,
                          "Actual Loops": 5,
                          "Filter": "(production_year = 1955)",
                          "Rows Removed by Filter": 504061
                        },
                        {
                          "Node Type": "Index Scan",
                          "Parent Relationship": "Inner",
                          "Parallel Aware": false,
                          "Scan Direction": "Forward",
                          "Index Name": "movie_id_movie_info",
                          "Relation Name": "movie_info",
                          "Alias": "mi",
                          "Startup Cost": 0.43,
                          "Total Cost": 94.96,
                          "Plan Rows": 4,
                          "Plan Width": 4,
                          "Actual Startup Time": 0.014,
                          "Actual Total Time": 0.026,
                          "Actual Rows": 1,
                          "Actual Loops": 8007,
                          "Index Cond": "(movie_id = t.id)",
                          "Rows Removed by Index Recheck": 0,
                          "Filter": "(info_type_id = 4)",
                          "Rows Removed by Filter": 8
                        }
                      ]
                    },
                    {
                      "Node Type": "Index Scan",
                      "Parent Relationship": "Inner",
                      "Parallel Aware": false,
                      "Scan Direction": "Forward",
                      "Index Name": "movie_id_cast_info",
                      "Relation Name": "cast_info",
                      "Alias": "ci",
                      "Startup Cost": 0.56,
                      "Total Cost": 2.5,
                      "Plan Rows": 13,
                      "Plan Width": 4,
                      "Actual Startup Time": 0.012,
                      "Actual Total Time": 0.056,
                      "Actual Rows": 7,
                      "Actual Loops": 6850,
                      "Index Cond": "(movie_id = mi.movie_id)",
                      "Rows Removed by Index Recheck": 0,
                      "Filter": "(role_id = 1)",
                      "Rows Removed by Filter": 7
                    }
                  ]
                }
              ]
            }
          ]
        }
      ]
    },
    "Planning Time": 1.343,
    "Triggers": [],
    "Execution Time": 230.283
  }
]