{
  "Plan": {
    "Node Type": "Aggregate",
    "Strategy": "Plain",
    "Partial Mode": "Finalize",
    "Parallel Aware": false,
    "Startup Cost": 161122.49,
    "Total Cost": 161122.5,
    "Plan Rows": 1,
    "Plan Width": 8,
    "Actual Startup Time": 727.703,
    "Actual Total Time": 750.854,
    "Actual Rows": 1,
    "Actual Loops": 1,
    "Plans": [
      {
        "Node Type": "Gather",
        "Parent Relationship": "Outer",
        "Parallel Aware": false,
        "Startup Cost": 161122.37,
        "Total Cost": 161122.48,
        "Plan Rows": 1,
        "Plan Width": 8,
        "Actual Startup Time": 727.3,
        "Actual Total Time": 750.847,
        "Actual Rows": 2,
        "Actual Loops": 1,
        "Workers Planned": 1,
        "Workers Launched": 1,
        "Single Copy": false,
        "Plans": [
          {
            "Node Type": "Aggregate",
            "Strategy": "Plain",
            "Partial Mode": "Partial",
            "Parent Relationship": "Outer",
            "Parallel Aware": false,
            "Startup Cost": 160122.37,
            "Total Cost": 160122.38,
            "Plan Rows": 1,
            "Plan Width": 8,
            "Actual Startup Time": 721.3,
            "Actual Total Time": 721.306,
            "Actual Rows": 1,
            "Actual Loops": 2,
            "Plans": [
              {
                "Node Type": "Hash Join",
                "Parent Relationship": "Outer",
                "Parallel Aware": true,
                "Join Type": "Inner",
                "Startup Cost": 93783.73,
                "Total Cost": 159970.41,
                "Plan Rows": 60785,
                "Plan Width": 0,
                "Actual Startup Time": 395.809,
                "Actual Total Time": 718.643,
                "Actual Rows": 62638,
                "Actual Loops": 2,
                "Inner Unique": false,
                "Hash Cond": "(mk.movie_id = t.id)",
                "Plans": [
                  {
                    "Node Type": "Seq Scan",
                    "Parent Relationship": "Outer",
                    "Parallel Aware": true,
                    "Relation Name": "movie_keyword",
                    "Alias": "mk",
                    "Startup Cost": 0.0,
                    "Total Cost": 57718.19,
                    "Plan Rows": 2162914,
                    "Plan Width": 4,
                    "Actual Startup Time": 0.019,
                    "Actual Total Time": 204.643,
                    "Actual Rows": 1842735,
                    "Actual Loops": 2,
                    "Filter": "(keyword_id < 21939)",
                    "Rows Removed by Filter": 419230
                  },
                  {
                    "Node Type": "Hash",
                    "Parent Relationship": "Inner",
                    "Parallel Aware": true,
                    "Startup Cost": 93261.28,
                    "Total Cost": 93261.28,
                    "Plan Rows": 41796,
                    "Plan Width": 8,
                    "Actual Startup Time": 393.254,
                    "Actual Total Time": 393.258,
                    "Actual Rows": 26818,
                    "Actual Loops": 2,
                    "Hash Buckets": 131072,
                    "Original Hash Buckets": 131072,
                    "Hash Batches": 1,
                    "Original Hash Batches": 1,
                    "Peak Memory Usage": 3168,
                    "Plans": [
                      {
                        "Node Type": "Hash Join",
                        "Parent Relationship": "Outer",
                        "Parallel Aware": true,
                        "Join Type": "Inner",
                        "Startup Cost": 55094.65,
                        "Total Cost": 93261.28,
                        "Plan Rows": 41796,
                        "Plan Width": 8,
                        "Actual Startup Time": 150.545,
                        "Actual Total Time": 386.671,
                        "Actual Rows": 26818,
                        "Actual Loops": 2,
                        "Inner Unique": true,
                        "Hash Cond": "(mc.movie_id = t.id)",
                        "Plans": [
                          {
                            "Node Type": "Seq Scan",
                            "Parent Relationship": "Outer",
                            "Parallel Aware": true,
                            "Relation Name": "movie_companies",
                            "Alias": "mc",
                            "Startup Cost": 0.0,
                            "Total Cost": 34137.82,
                            "Plan Rows": 1534782,
                            "Plan Width": 4,
                            "Actual Startup Time": 0.01,
                            "Actual Total Time": 108.021,
                            "Actual Rows": 1304564,
                            "Actual Loops": 2
                          },
                          {
                            "Node Type": "Hash",
                            "Parent Relationship": "Inner",
                            "Parallel Aware": true,
                            "Startup Cost": 54588.39,
                            "Total Cost": 54588.39,
                            "Plan Rows": 40501,
                            "Plan Width": 4,
                            "Actual Startup Time": 149.359,
                            "Actual Total Time": 149.361,
                            "Actual Rows": 33671,
                            "Actual Loops": 2,
                            "Hash Buckets": 131072,
                            "Original Hash Buckets": 131072,
                            "Hash Batches": 1,
                            "Original Hash Batches": 1,
                            "Peak Memory Usage": 3680,
                            "Plans": [
                              {
                                "Node Type": "Seq Scan",
                                "Parent Relationship": "Outer",
                                "Parallel Aware": true,
                                "Relation Name": "title",
                                "Alias": "t",
                                "Startup Cost": 0.0,
                                "Total Cost": 54588.39,
                                "Plan Rows": 40501,
                                "Plan Width": 4,
                                "Actual Startup Time": 0.093,
                                "Actual Total Time": 139.462,
                                "Actual Rows": 33671,
                                "Actual Loops": 2,
                                "Filter": "(production_year > 2012)",
                                "Rows Removed by Filter": 1230485
                              }
                            ]
                          }
                        ]
                      }
                    ]
                  }
                ]
              }
            ]
          }
        ]
      }
    ]
  },
  "Planning Time": 0.945,
  "Triggers": [],
  "Execution Time": 750.937
}