[
    {
        "Bao": {
            "Bao prediction": "NaN",
            "Bao recommended hint": "(no hint)"
        }
    },
    {
        "Plan": {
            "Node Type": "Aggregate",
            "Strategy": "Plain",
            "Partial Mode": "Finalize",
            "Parallel Aware": false,
            "Startup Cost": 352437.71,
            "Total Cost": 352437.72,
            "Plan Rows": 1,
            "Plan Width": 8,
            "Actual Startup Time": 798.077,
            "Actual Total Time": 827.017,
            "Actual Rows": 1,
            "Actual Loops": 1,
            "Output": [
                "count(*)"
            ],
            "Plans": [
                {
                    "Node Type": "Gather",
                    "Parent Relationship": "Outer",
                    "Parallel Aware": false,
                    "Startup Cost": 352437.09,
                    "Total Cost": 352437.7,
                    "Plan Rows": 6,
                    "Plan Width": 8,
                    "Actual Startup Time": 797.939,
                    "Actual Total Time": 827.007,
                    "Actual Rows": 7,
                    "Actual Loops": 1,
                    "Output": [
                        "(PARTIAL count(*))"
                    ],
                    "Workers Planned": 6,
                    "Workers Launched": 6,
                    "Single Copy": false,
                    "Plans": [
                        {
                            "Node Type": "Aggregate",
                            "Strategy": "Plain",
                            "Partial Mode": "Partial",
                            "Parent Relationship": "Outer",
                            "Parallel Aware": false,
                            "Startup Cost": 351437.09,
                            "Total Cost": 351437.1,
                            "Plan Rows": 1,
                            "Plan Width": 8,
                            "Actual Startup Time": 788.166,
                            "Actual Total Time": 788.167,
                            "Actual Rows": 1,
                            "Actual Loops": 7,
                            "Output": [
                                "PARTIAL count(*)"
                            ],
                            "Workers": [
                                {
                                    "Worker Number": 0,
                                    "Actual Startup Time": 785.751,
                                    "Actual Total Time": 785.752,
                                    "Actual Rows": 1,
                                    "Actual Loops": 1
                                },
                                {
                                    "Worker Number": 1,
                                    "Actual Startup Time": 785.767,
                                    "Actual Total Time": 785.769,
                                    "Actual Rows": 1,
                                    "Actual Loops": 1
                                },
                                {
                                    "Worker Number": 2,
                                    "Actual Startup Time": 786.378,
                                    "Actual Total Time": 786.378,
                                    "Actual Rows": 1,
                                    "Actual Loops": 1
                                },
                                {
                                    "Worker Number": 3,
                                    "Actual Startup Time": 786.994,
                                    "Actual Total Time": 786.995,
                                    "Actual Rows": 1,
                                    "Actual Loops": 1
                                },
                                {
                                    "Worker Number": 4,
                                    "Actual Startup Time": 787.182,
                                    "Actual Total Time": 787.182,
                                    "Actual Rows": 1,
                                    "Actual Loops": 1
                                },
                                {
                                    "Worker Number": 5,
                                    "Actual Startup Time": 787.474,
                                    "Actual Total Time": 787.475,
                                    "Actual Rows": 1,
                                    "Actual Loops": 1
                                }
                            ],
                            "Plans": [
                                {
                                    "Node Type": "Seq Scan",
                                    "Parent Relationship": "Outer",
                                    "Parallel Aware": true,
                                    "Relation Name": "cast_info",
                                    "Schema": "public",
                                    "Alias": "ci",
                                    "Startup Cost": 0.0,
                                    "Total Cost": 343318.94,
                                    "Plan Rows": 3247259,
                                    "Plan Width": 0,
                                    "Actual Startup Time": 216.392,
                                    "Actual Total Time": 666.763,
                                    "Actual Rows": 2487480,
                                    "Actual Loops": 7,
                                    "Output": [
                                        "id",
                                        "person_id",
                                        "movie_id",
                                        "person_role_id",
                                        "note",
                                        "nr_order",
                                        "role_id"
                                    ],
                                    "Filter": "((ci.person_id < 3034531) AND (ci.role_id > 1))",
                                    "Rows Removed by Filter": 2690283,
                                    "Workers": [
                                        {
                                            "Worker Number": 0,
                                            "Actual Startup Time": 213.971,
                                            "Actual Total Time": 665.388,
                                            "Actual Rows": 1809783,
                                            "Actual Loops": 1
                                        },
                                        {
                                            "Worker Number": 1,
                                            "Actual Startup Time": 214.001,
                                            "Actual Total Time": 666.451,
                                            "Actual Rows": 1789758,
                                            "Actual Loops": 1
                                        },
                                        {
                                            "Worker Number": 2,
                                            "Actual Startup Time": 214.611,
                                            "Actual Total Time": 668.422,
                                            "Actual Rows": 2886095,
                                            "Actual Loops": 1
                                        },
                                        {
                                            "Worker Number": 3,
                                            "Actual Startup Time": 215.228,
                                            "Actual Total Time": 668.494,
                                            "Actual Rows": 2896778,
                                            "Actual Loops": 1
                                        },
                                        {
                                            "Worker Number": 4,
                                            "Actual Startup Time": 215.396,
                                            "Actual Total Time": 666.843,
                                            "Actual Rows": 1790776,
                                            "Actual Loops": 1
                                        },
                                        {
                                            "Worker Number": 5,
                                            "Actual Startup Time": 215.703,
                                            "Actual Total Time": 669.155,
                                            "Actual Rows": 2887723,
                                            "Actual Loops": 1
                                        }
                                    ]
                                }
                            ]
                        }
                    ]
                }
            ]
        },
        "Planning Time": 182.426,
        "Triggers": [],
        "Execution Time": 827.072
    }
]