[
    {
        "Bao": {
            "Bao prediction": "NaN",
            "Bao recommended hint": "(no hint)"
        }
    },
    {
        "Plan": {
            "Node Type": "Aggregate",
            "Strategy": "Plain",
            "Partial Mode": "Finalize",
            "Parallel Aware": false,
            "Startup Cost": 346601.1,
            "Total Cost": 346601.11,
            "Plan Rows": 1,
            "Plan Width": 8,
            "Actual Startup Time": 615.02,
            "Actual Total Time": 645.131,
            "Actual Rows": 1,
            "Actual Loops": 1,
            "Output": [
                "count(*)"
            ],
            "Plans": [
                {
                    "Node Type": "Gather",
                    "Parent Relationship": "Outer",
                    "Parallel Aware": false,
                    "Startup Cost": 346600.47,
                    "Total Cost": 346601.08,
                    "Plan Rows": 6,
                    "Plan Width": 8,
                    "Actual Startup Time": 614.884,
                    "Actual Total Time": 645.121,
                    "Actual Rows": 7,
                    "Actual Loops": 1,
                    "Output": [
                        "(PARTIAL count(*))"
                    ],
                    "Workers Planned": 6,
                    "Workers Launched": 6,
                    "Single Copy": false,
                    "Plans": [
                        {
                            "Node Type": "Aggregate",
                            "Strategy": "Plain",
                            "Partial Mode": "Partial",
                            "Parent Relationship": "Outer",
                            "Parallel Aware": false,
                            "Startup Cost": 345600.47,
                            "Total Cost": 345600.48,
                            "Plan Rows": 1,
                            "Plan Width": 8,
                            "Actual Startup Time": 604.816,
                            "Actual Total Time": 604.817,
                            "Actual Rows": 1,
                            "Actual Loops": 7,
                            "Output": [
                                "PARTIAL count(*)"
                            ],
                            "Workers": [
                                {
                                    "Worker Number": 0,
                                    "Actual Startup Time": 602.291,
                                    "Actual Total Time": 602.292,
                                    "Actual Rows": 1,
                                    "Actual Loops": 1
                                },
                                {
                                    "Worker Number": 1,
                                    "Actual Startup Time": 602.85,
                                    "Actual Total Time": 602.852,
                                    "Actual Rows": 1,
                                    "Actual Loops": 1
                                },
                                {
                                    "Worker Number": 2,
                                    "Actual Startup Time": 603.19,
                                    "Actual Total Time": 603.19,
                                    "Actual Rows": 1,
                                    "Actual Loops": 1
                                },
                                {
                                    "Worker Number": 3,
                                    "Actual Startup Time": 603.332,
                                    "Actual Total Time": 603.333,
                                    "Actual Rows": 1,
                                    "Actual Loops": 1
                                },
                                {
                                    "Worker Number": 4,
                                    "Actual Startup Time": 603.802,
                                    "Actual Total Time": 603.803,
                                    "Actual Rows": 1,
                                    "Actual Loops": 1
                                },
                                {
                                    "Worker Number": 5,
                                    "Actual Startup Time": 604.076,
                                    "Actual Total Time": 604.077,
                                    "Actual Rows": 1,
                                    "Actual Loops": 1
                                }
                            ],
                            "Plans": [
                                {
                                    "Node Type": "Seq Scan",
                                    "Parent Relationship": "Outer",
                                    "Parallel Aware": true,
                                    "Relation Name": "cast_info",
                                    "Schema": "public",
                                    "Alias": "ci",
                                    "Startup Cost": 0.0,
                                    "Total Cost": 343318.94,
                                    "Plan Rows": 912613,
                                    "Plan Width": 0,
                                    "Actual Startup Time": 323.558,
                                    "Actual Total Time": 581.73,
                                    "Actual Rows": 491462,
                                    "Actual Loops": 7,
                                    "Output": [
                                        "id",
                                        "person_id",
                                        "movie_id",
                                        "person_role_id",
                                        "note",
                                        "nr_order",
                                        "role_id"
                                    ],
                                    "Filter": "((ci.person_id < 1224891) AND (ci.role_id > 2))",
                                    "Rows Removed by Filter": 4686301,
                                    "Workers": [
                                        {
                                            "Worker Number": 0,
                                            "Actual Startup Time": 321.029,
                                            "Actual Total Time": 579.556,
                                            "Actual Rows": 332132,
                                            "Actual Loops": 1
                                        },
                                        {
                                            "Worker Number": 1,
                                            "Actual Startup Time": 321.585,
                                            "Actual Total Time": 579.128,
                                            "Actual Rows": 343738,
                                            "Actual Loops": 1
                                        },
                                        {
                                            "Worker Number": 2,
                                            "Actual Startup Time": 321.937,
                                            "Actual Total Time": 580.519,
                                            "Actual Rows": 523241,
                                            "Actual Loops": 1
                                        },
                                        {
                                            "Worker Number": 3,
                                            "Actual Startup Time": 322.081,
                                            "Actual Total Time": 581.926,
                                            "Actual Rows": 507632,
                                            "Actual Loops": 1
                                        },
                                        {
                                            "Worker Number": 4,
                                            "Actual Startup Time": 322.547,
                                            "Actual Total Time": 580.965,
                                            "Actual Rows": 527927,
                                            "Actual Loops": 1
                                        },
                                        {
                                            "Worker Number": 5,
                                            "Actual Startup Time": 322.819,
                                            "Actual Total Time": 581.416,
                                            "Actual Rows": 525668,
                                            "Actual Loops": 1
                                        }
                                    ]
                                }
                            ]
                        }
                    ]
                }
            ]
        },
        "Planning Time": 212.725,
        "Triggers": [],
        "Execution Time": 645.213
    }
]