[
  {
    "Plan": {
      "Node Type": "Aggregate",
      "Strategy": "Plain",
      "Partial Mode": "Finalize",
      "Parallel Aware": false,
      "Startup Cost": 46814.68,
      "Total Cost": 46814.69,
      "Plan Rows": 1,
      "Plan Width": 8,
      "Actual Startup Time": 108.961,
      "Actual Total Time": 121.871,
      "Actual Rows": 1,
      "Actual Loops": 1,
      "Plans": [
        {
          "Node Type": "Gather",
          "Parent Relationship": "Outer",
          "Parallel Aware": false,
          "Startup Cost": 46814.26,
          "Total Cost": 46814.67,
          "Plan Rows": 4,
          "Plan Width": 8,
          "Actual Startup Time": 108.801,
          "Actual Total Time": 121.862,
          "Actual Rows": 5,
          "Actual Loops": 1,
          "Workers Planned": 4,
          "Workers Launched": 4,
          "Single Copy": false,
          "Plans": [
            {
              "Node Type": "Aggregate",
              "Strategy": "Plain",
              "Partial Mode": "Partial",
              "Parent Relationship": "Outer",
              "Parallel Aware": false,
              "Startup Cost": 45814.26,
              "Total Cost": 45814.27,
              "Plan Rows": 1,
              "Plan Width": 8,
              "Actual Startup Time": 99.713,
              "Actual Total Time": 99.714,
              "Actual Rows": 1,
              "Actual Loops": 5,
              "Plans": [
                {
                  "Node Type": "Seq Scan",
                  "Parent Relationship": "Outer",
                  "Parallel Aware": true,
                  "Relation Name": "title",
                  "Alias": "t",
                  "Startup Cost": 0.0,
                  "Total Cost": 45479.1,
                  "Plan Rows": 134064,
                  "Plan Width": 0,
                  "Actual Startup Time": 48.867,
                  "Actual Total Time": 95.763,
                  "Actual Rows": 82454,
                  "Actual Loops": 5,
                  "Filter": "((production_year > 1973) AND (kind_id = 1))",
                  "Rows Removed by Filter": 423208
                }
              ]
            }
          ]
        }
      ]
    },
    "Planning Time": 0.195,
    "Triggers": [],
    "Execution Time": 121.935
  }
]