{
  "Plan": {
    "Node Type": "Aggregate",
    "Strategy": "Plain",
    "Partial Mode": "Finalize",
    "Parallel Aware": false,
    "Startup Cost": 405819.69,
    "Total Cost": 405819.7,
    "Plan Rows": 1,
    "Plan Width": 8,
    "Actual Startup Time": 1586.17,
    "Actual Total Time": 1615.482,
    "Actual Rows": 1,
    "Actual Loops": 1,
    "Plans": [
      {
        "Node Type": "Gather",
        "Parent Relationship": "Outer",
        "Parallel Aware": false,
        "Startup Cost": 405819.58,
        "Total Cost": 405819.69,
        "Plan Rows": 1,
        "Plan Width": 8,
        "Actual Startup Time": 1577.516,
        "Actual Total Time": 1615.473,
        "Actual Rows": 2,
        "Actual Loops": 1,
        "Workers Planned": 1,
        "Workers Launched": 1,
        "Single Copy": false,
        "Plans": [
          {
            "Node Type": "Aggregate",
            "Strategy": "Plain",
            "Partial Mode": "Partial",
            "Parent Relationship": "Outer",
            "Parallel Aware": false,
            "Startup Cost": 404819.58,
            "Total Cost": 404819.59,
            "Plan Rows": 1,
            "Plan Width": 8,
            "Actual Startup Time": 1569.982,
            "Actual Total Time": 1572.037,
            "Actual Rows": 1,
            "Actual Loops": 2,
            "Plans": [
              {
                "Node Type": "Hash Join",
                "Parent Relationship": "Outer",
                "Parallel Aware": true,
                "Join Type": "Inner",
                "Startup Cost": 143587.57,
                "Total Cost": 404269.53,
                "Plan Rows": 220021,
                "Plan Width": 0,
                "Actual Startup Time": 1100.563,
                "Actual Total Time": 1446.418,
                "Actual Rows": 3152894,
                "Actual Loops": 2,
                "Inner Unique": false,
                "Hash Cond": "(ci.movie_id = t.id)",
                "Plans": [
                  {
                    "Node Type": "Bitmap Heap Scan",
                    "Parent Relationship": "Outer",
                    "Parallel Aware": true,
                    "Relation Name": "cast_info",
                    "Alias": "ci",
                    "Startup Cost": 15485.3,
                    "Total Cost": 273326.7,
                    "Plan Rows": 412352,
                    "Plan Width": 4,
                    "Actual Startup Time": 27.109,
                    "Actual Total Time": 66.949,
                    "Actual Rows": 331502,
                    "Actual Loops": 2,
                    "Recheck Cond": "(person_id > 3933733)",
                    "Rows Removed by Index Recheck": 0,
                    "Exact Heap Blocks": 4433,
                    "Lossy Heap Blocks": 0,
                    "Plans": [
                      {
                        "Node Type": "Bitmap Index Scan",
                        "Parent Relationship": "Outer",
                        "Parallel Aware": false,
                        "Index Name": "person_id_cast_info",
                        "Startup Cost": 0.0,
                        "Total Cost": 15310.05,
                        "Plan Rows": 700998,
                        "Plan Width": 0,
                        "Actual Startup Time": 25.803,
                        "Actual Total Time": 25.803,
                        "Actual Rows": 663003,
                        "Actual Loops": 1,
                        "Index Cond": "(person_id > 3933733)"
                      }
                    ]
                  },
                  {
                    "Node Type": "Hash",
                    "Parent Relationship": "Inner",
                    "Parallel Aware": true,
                    "Startup Cost": 118182.88,
                    "Total Cost": 118182.88,
                    "Plan Rows": 793551,
                    "Plan Width": 8,
                    "Actual Startup Time": 1058.668,
                    "Actual Total Time": 1060.72,
                    "Actual Rows": 1534902,
                    "Actual Loops": 2,
                    "Hash Buckets": 4194304,
                    "Original Hash Buckets": 2097152,
                    "Hash Batches": 1,
                    "Original Hash Batches": 1,
                    "Peak Memory Usage": 169280,
                    "Plans": [
                      {
                        "Node Type": "Hash Join",
                        "Parent Relationship": "Outer",
                        "Parallel Aware": true,
                        "Join Type": "Inner",
                        "Startup Cost": 60132.04,
                        "Total Cost": 118182.88,
                        "Plan Rows": 793551,
                        "Plan Width": 8,
                        "Actual Startup Time": 243.447,
                        "Actual Total Time": 755.262,
                        "Actual Rows": 1534902,
                        "Actual Loops": 2,
                        "Inner Unique": true,
                        "Hash Cond": "(mk.movie_id = t.id)",
                        "Plans": [
                          {
                            "Node Type": "Seq Scan",
                            "Parent Relationship": "Outer",
                            "Parallel Aware": true,
                            "Relation Name": "movie_keyword",
                            "Alias": "mk",
                            "Startup Cost": 0.0,
                            "Total Cost": 51065.35,
                            "Plan Rows": 2661135,
                            "Plan Width": 4,
                            "Actual Startup Time": 0.01,
                            "Actual Total Time": 159.384,
                            "Actual Rows": 2261965,
                            "Actual Loops": 2
                          },
                          {
                            "Node Type": "Hash",
                            "Parent Relationship": "Inner",
                            "Parallel Aware": true,
                            "Startup Cost": 54588.39,
                            "Total Cost": 54588.39,
                            "Plan Rows": 443492,
                            "Plan Width": 4,
                            "Actual Startup Time": 239.287,
                            "Actual Total Time": 239.288,
                            "Actual Rows": 376838,
                            "Actual Loops": 2,
                            "Hash Buckets": 1048576,
                            "Original Hash Buckets": 1048576,
                            "Hash Batches": 1,
                            "Original Hash Batches": 1,
                            "Peak Memory Usage": 37728,
                            "Plans": [
                              {
                                "Node Type": "Seq Scan",
                                "Parent Relationship": "Outer",
                                "Parallel Aware": true,
                                "Relation Name": "title",
                                "Alias": "t",
                                "Startup Cost": 0.0,
                                "Total Cost": 54588.39,
                                "Plan Rows": 443492,
                                "Plan Width": 4,
                                "Actual Startup Time": 0.029,
                                "Actual Total Time": 146.831,
                                "Actual Rows": 376838,
                                "Actual Loops": 2,
                                "Filter": "(kind_id < 3)",
                                "Rows Removed by Filter": 887318
                              }
                            ]
                          }
                        ]
                      }
                    ]
                  }
                ]
              }
            ]
          }
        ]
      }
    ]
  },
  "Planning Time": 0.996,
  "Triggers": [],
  "Execution Time": 1615.63
}