[
    {
        "Bao": {
            "Bao prediction": "NaN",
            "Bao recommended hint": "(no hint)"
        }
    },
    {
        "Plan": {
            "Node Type": "Aggregate",
            "Strategy": "Plain",
            "Partial Mode": "Simple",
            "Parallel Aware": false,
            "Startup Cost": 26768.4,
            "Total Cost": 26768.41,
            "Plan Rows": 1,
            "Plan Width": 8,
            "Actual Startup Time": 23.292,
            "Actual Total Time": 23.293,
            "Actual Rows": 1,
            "Actual Loops": 1,
            "Output": [
                "count(*)"
            ],
            "Plans": [
                {
                    "Node Type": "Bitmap Heap Scan",
                    "Parent Relationship": "Outer",
                    "Parallel Aware": false,
                    "Relation Name": "movie_keyword",
                    "Schema": "public",
                    "Alias": "mk",
                    "Startup Cost": 887.01,
                    "Total Cost": 26664.34,
                    "Plan Rows": 41623,
                    "Plan Width": 0,
                    "Actual Startup Time": 3.632,
                    "Actual Total Time": 21.478,
                    "Actual Rows": 38022,
                    "Actual Loops": 1,
                    "Recheck Cond": "(mk.keyword_id > 105733)",
                    "Rows Removed by Index Recheck": 0,
                    "Exact Heap Blocks": 10184,
                    "Lossy Heap Blocks": 0,
                    "Plans": [
                        {
                            "Node Type": "Bitmap Index Scan",
                            "Parent Relationship": "Outer",
                            "Parallel Aware": false,
                            "Index Name": "keyword_id_movie_keyword",
                            "Startup Cost": 0.0,
                            "Total Cost": 876.61,
                            "Plan Rows": 41623,
                            "Plan Width": 0,
                            "Actual Startup Time": 2.446,
                            "Actual Total Time": 2.446,
                            "Actual Rows": 38022,
                            "Actual Loops": 1,
                            "Index Cond": "(mk.keyword_id > 105733)"
                        }
                    ]
                }
            ]
        },
        "Planning Time": 180.509,
        "Triggers": [],
        "Execution Time": 23.33
    }
]