{
  "Plan": {
    "Node Type": "Aggregate",
    "Strategy": "Plain",
    "Partial Mode": "Simple",
    "Parallel Aware": false,
    "Startup Cost": 806724.23,
    "Total Cost": 806724.24,
    "Plan Rows": 1,
    "Plan Width": 64,
    "Actual Startup Time": 3453.031,
    "Actual Total Time": 3516.991,
    "Actual Rows": 1,
    "Actual Loops": 1,
    "Plans": [
      {
        "Node Type": "Gather",
        "Parent Relationship": "Outer",
        "Parallel Aware": false,
        "Startup Cost": 806724.1,
        "Total Cost": 806724.23,
        "Plan Rows": 1,
        "Plan Width": 23,
        "Actual Startup Time": 3188.628,
        "Actual Total Time": 3516.838,
        "Actual Rows": 761,
        "Actual Loops": 1,
        "Workers Planned": 1,
        "Workers Launched": 1,
        "Single Copy": false,
        "Plans": [
          {
            "Node Type": "Merge Join",
            "Parent Relationship": "Outer",
            "Parallel Aware": false,
            "Join Type": "Inner",
            "Startup Cost": 805724.1,
            "Total Cost": 805724.13,
            "Plan Rows": 1,
            "Plan Width": 23,
            "Actual Startup Time": 3308.761,
            "Actual Total Time": 3308.836,
            "Actual Rows": 380,
            "Actual Loops": 2,
            "Inner Unique": true,
            "Merge Cond": "(mi.info_type_id = it1.id)",
            "Plans": [
              {
                "Node Type": "Sort",
                "Parent Relationship": "Outer",
                "Parallel Aware": false,
                "Startup Cost": 805721.68,
                "Total Cost": 805721.69,
                "Plan Rows": 1,
                "Plan Width": 27,
                "Actual Startup Time": 3308.724,
                "Actual Total Time": 3308.757,
                "Actual Rows": 417,
                "Actual Loops": 2,
                "Sort Key": [
                  "mi.info_type_id"
                ],
                "Sort Method": "quicksort",
                "Sort Space Used": 70,
                "Sort Space Type": "Memory",
                "Workers": [
                  {
                    "Worker Number": 0,
                    "Sort Method": "quicksort",
                    "Sort Space Used": 44,
                    "Sort Space Type": "Memory"
                  }
                ],
                "Plans": [
                  {
                    "Node Type": "Merge Join",
                    "Parent Relationship": "Outer",
                    "Parallel Aware": false,
                    "Join Type": "Inner",
                    "Startup Cost": 803719.41,
                    "Total Cost": 805721.67,
                    "Plan Rows": 1,
                    "Plan Width": 27,
                    "Actual Startup Time": 3288.201,
                    "Actual Total Time": 3308.592,
                    "Actual Rows": 439,
                    "Actual Loops": 2,
                    "Inner Unique": false,
                    "Merge Cond": "(mi.movie_id = t.id)",
                    "Plans": [
                      {
                        "Node Type": "Sort",
                        "Parent Relationship": "Outer",
                        "Parallel Aware": false,
                        "Startup Cost": 396046.35,
                        "Total Cost": 397047.47,
                        "Plan Rows": 400449,
                        "Plan Width": 8,
                        "Actual Startup Time": 1892.752,
                        "Actual Total Time": 1904.419,
                        "Actual Rows": 353311,
                        "Actual Loops": 2,
                        "Sort Key": [
                          "mi.movie_id"
                        ],
                        "Sort Method": "quicksort",
                        "Sort Space Used": 33439,
                        "Sort Space Type": "Memory",
                        "Workers": [
                          {
                            "Worker Number": 0,
                            "Sort Method": "quicksort",
                            "Sort Space Used": 18120,
                            "Sort Space Type": "Memory"
                          }
                        ],
                        "Plans": [
                          {
                            "Node Type": "Seq Scan",
                            "Parent Relationship": "Outer",
                            "Parallel Aware": true,
                            "Relation Name": "movie_info",
                            "Alias": "mi",
                            "Startup Cost": 0.0,
                            "Total Cost": 358782.05,
                            "Plan Rows": 400449,
                            "Plan Width": 8,
                            "Actual Startup Time": 2.364,
                            "Actual Total Time": 1811.13,
                            "Actual Rows": 353337,
                            "Actual Loops": 2,
                            "Filter": "(info = ANY ('{Sweden,Norway,Germany,Denmark,Swedish,Denish,Norwegian,German,USA,American}'::text[]))",
                            "Rows Removed by Filter": 7064523
                          }
                        ]
                      },
                      {
                        "Node Type": "Sort",
                        "Parent Relationship": "Inner",
                        "Parallel Aware": false,
                        "Startup Cost": 407673.06,
                        "Total Cost": 407673.06,
                        "Plan Rows": 1,
                        "Plan Width": 35,
                        "Actual Startup Time": 1387.388,
                        "Actual Total Time": 1387.491,
                        "Actual Rows": 1207,
                        "Actual Loops": 2,
                        "Sort Key": [
                          "mk.movie_id"
                        ],
                        "Sort Method": "quicksort",
                        "Sort Space Used": 142,
                        "Sort Space Type": "Memory",
                        "Workers": [
                          {
                            "Worker Number": 0,
                            "Sort Method": "quicksort",
                            "Sort Space Used": 142,
                            "Sort Space Type": "Memory"
                          }
                        ],
                        "Plans": [
                          {
                            "Node Type": "Merge Join",
                            "Parent Relationship": "Outer",
                            "Parallel Aware": false,
                            "Join Type": "Inner",
                            "Startup Cost": 407673.03,
                            "Total Cost": 407673.05,
                            "Plan Rows": 1,
                            "Plan Width": 35,
                            "Actual Startup Time": 1386.921,
                            "Actual Total Time": 1387.124,
                            "Actual Rows": 1147,
                            "Actual Loops": 2,
                            "Inner Unique": true,
                            "Merge Cond": "(mi_idx.info_type_id = it2.id)",
                            "Plans": [
                              {
                                "Node Type": "Sort",
                                "Parent Relationship": "Outer",
                                "Parallel Aware": false,
                                "Startup Cost": 407670.6,
                                "Total Cost": 407670.6,
                                "Plan Rows": 2,
                                "Plan Width": 39,
                                "Actual Startup Time": 1386.61,
                                "Actual Total Time": 1386.783,
                                "Actual Rows": 3372,
                                "Actual Loops": 2,
                                "Sort Key": [
                                  "mi_idx.info_type_id"
                                ],
                                "Sort Method": "quicksort",
                                "Sort Space Used": 388,
                                "Sort Space Type": "Memory",
                                "Workers": [
                                  {
                                    "Worker Number": 0,
                                    "Sort Method": "quicksort",
                                    "Sort Space Used": 388,
                                    "Sort Space Type": "Memory"
                                  }
                                ],
                                "Plans": [
                                  {
                                    "Node Type": "Merge Join",
                                    "Parent Relationship": "Outer",
                                    "Parallel Aware": false,
                                    "Join Type": "Inner",
                                    "Startup Cost": 347244.52,
                                    "Total Cost": 407670.59,
                                    "Plan Rows": 2,
                                    "Plan Width": 39,
                                    "Actual Startup Time": 1189.812,
                                    "Actual Total Time": 1385.606,
                                    "Actual Rows": 3380,
                                    "Actual Loops": 2,
                                    "Inner Unique": false,
                                    "Merge Cond": "(mi_idx.movie_id = t.id)",
                                    "Plans": [
                                      {
                                        "Node Type": "Index Scan",
                                        "Parent Relationship": "Outer",
                                        "Parallel Aware": false,
                                        "Scan Direction": "Forward",
                                        "Index Name": "movie_id_movie_info_idx",
                                        "Relation Name": "movie_info_idx",
                                        "Alias": "mi_idx",
                                        "Startup Cost": 0.43,
                                        "Total Cost": 57072.82,
                                        "Plan Rows": 1341456,
                                        "Plan Width": 14,
                                        "Actual Startup Time": 0.055,
                                        "Actual Total Time": 256.014,
                                        "Actual Rows": 1337597,
                                        "Actual Loops": 2,
                                        "Filter": "(info < '8.5'::text)",
                                        "Rows Removed by Filter": 42400
                                      },
                                      {
                                        "Node Type": "Sort",
                                        "Parent Relationship": "Inner",
                                        "Parallel Aware": false,
                                        "Startup Cost": 347244.09,
                                        "Total Cost": 347244.1,
                                        "Plan Rows": 3,
                                        "Plan Width": 25,
                                        "Actual Startup Time": 1070.658,
                                        "Actual Total Time": 1070.985,
                                        "Actual Rows": 4180,
                                        "Actual Loops": 2,
                                        "Sort Key": [
                                          "mk.movie_id"
                                        ],
                                        "Sort Method": "quicksort",
                                        "Sort Space Used": 195,
                                        "Sort Space Type": "Memory",
                                        "Workers": [
                                          {
                                            "Worker Number": 0,
                                            "Sort Method": "quicksort",
                                            "Sort Space Used": 195,
                                            "Sort Space Type": "Memory"
                                          }
                                        ],
                                        "Plans": [
                                          {
                                            "Node Type": "Merge Join",
                                            "Parent Relationship": "Outer",
                                            "Parallel Aware": false,
                                            "Join Type": "Inner",
                                            "Startup Cost": 347243.93,
                                            "Total Cost": 347244.07,
                                            "Plan Rows": 3,
                                            "Plan Width": 25,
                                            "Actual Startup Time": 1069.995,
                                            "Actual Total Time": 1070.303,
                                            "Actual Rows": 1966,
                                            "Actual Loops": 2,
                                            "Inner Unique": true,
                                            "Merge Cond": "(t.kind_id = kt.id)",
                                            "Plans": [
                                              {
                                                "Node Type": "Sort",
                                                "Parent Relationship": "Outer",
                                                "Parallel Aware": false,
                                                "Startup Cost": 347242.83,
                                                "Total Cost": 347242.88,
                                                "Plan Rows": 21,
                                                "Plan Width": 29,
                                                "Actual Startup Time": 1069.938,
                                                "Actual Total Time": 1070.016,
                                                "Actual Rows": 1967,
                                                "Actual Loops": 2,
                                                "Sort Key": [
                                                  "t.kind_id"
                                                ],
                                                "Sort Method": "quicksort",
                                                "Sort Space Used": 303,
                                                "Sort Space Type": "Memory",
                                                "Workers": [
                                                  {
                                                    "Worker Number": 0,
                                                    "Sort Method": "quicksort",
                                                    "Sort Space Used": 303,
                                                    "Sort Space Type": "Memory"
                                                  }
                                                ],
                                                "Plans": [
                                                  {
                                                    "Node Type": "Merge Join",
                                                    "Parent Relationship": "Outer",
                                                    "Parallel Aware": false,
                                                    "Join Type": "Inner",
                                                    "Startup Cost": 345263.25,
                                                    "Total Cost": 347242.37,
                                                    "Plan Rows": 21,
                                                    "Plan Width": 29,
                                                    "Actual Startup Time": 981.917,
                                                    "Actual Total Time": 1069.37,
                                                    "Actual Rows": 2582,
                                                    "Actual Loops": 2,
                                                    "Inner Unique": true,
                                                    "Merge Cond": "(mk.movie_id = t.id)",
                                                    "Plans": [
                                                      {
                                                        "Node Type": "Sort",
                                                        "Parent Relationship": "Outer",
                                                        "Parallel Aware": false,
                                                        "Startup Cost": 240828.26,
                                                        "Total Cost": 240828.59,
                                                        "Plan Rows": 135,
                                                        "Plan Width": 4,
                                                        "Actual Startup Time": 649.739,
                                                        "Actual Total Time": 652.018,
                                                        "Actual Rows": 37091,
                                                        "Actual Loops": 2,
                                                        "Sort Key": [
                                                          "mk.movie_id"
                                                        ],
                                                        "Sort Method": "quicksort",
                                                        "Sort Space Used": 3275,
                                                        "Sort Space Type": "Memory",
                                                        "Workers": [
                                                          {
                                                            "Worker Number": 0,
                                                            "Sort Method": "quicksort",
                                                            "Sort Space Used": 3275,
                                                            "Sort Space Type": "Memory"
                                                          }
                                                        ],
                                                        "Plans": [
                                                          {
                                                            "Node Type": "Merge Join",
                                                            "Parent Relationship": "Outer",
                                                            "Parallel Aware": false,
                                                            "Join Type": "Inner",
                                                            "Startup Cost": 3803.8,
                                                            "Total Cost": 240823.48,
                                                            "Plan Rows": 135,
                                                            "Plan Width": 4,
                                                            "Actual Startup Time": 152.788,
                                                            "Actual Total Time": 642.292,
                                                            "Actual Rows": 37091,
                                                            "Actual Loops": 2,
                                                            "Inner Unique": true,
                                                            "Merge Cond": "(mk.keyword_id = k.id)",
                                                            "Plans": [
                                                              {
                                                                "Node Type": "Index Scan",
                                                                "Parent Relationship": "Outer",
                                                                "Parallel Aware": false,
                                                                "Scan Direction": "Forward",
                                                                "Index Name": "keyword_id_movie_keyword",
                                                                "Relation Name": "movie_keyword",
                                                                "Alias": "mk",
                                                                "Startup Cost": 0.43,
                                                                "Total Cost": 226550.7,
                                                                "Plan Rows": 4523930,
                                                                "Plan Width": 8,
                                                                "Actual Startup Time": 0.029,
                                                                "Actual Total Time": 552.05,
                                                                "Actual Rows": 943582,
                                                                "Actual Loops": 2
                                                              },
                                                              {
                                                                "Node Type": "Sort",
                                                                "Parent Relationship": "Inner",
                                                                "Parallel Aware": false,
                                                                "Startup Cost": 2961.59,
                                                                "Total Cost": 2961.6,
                                                                "Plan Rows": 4,
                                                                "Plan Width": 4,
                                                                "Actual Startup Time": 18.879,
                                                                "Actual Total Time": 18.883,
                                                                "Actual Rows": 3,
                                                                "Actual Loops": 2,
                                                                "Sort Key": [
                                                                  "k.id"
                                                                ],
                                                                "Sort Method": "quicksort",
                                                                "Sort Space Used": 25,
                                                                "Sort Space Type": "Memory",
                                                                "Workers": [
                                                                  {
                                                                    "Worker Number": 0,
                                                                    "Sort Method": "quicksort",
                                                                    "Sort Space Used": 25,
                                                                    "Sort Space Type": "Memory"
                                                                  }
                                                                ],
                                                                "Plans": [
                                                                  {
                                                                    "Node Type": "Seq Scan",
                                                                    "Parent Relationship": "Outer",
                                                                    "Parallel Aware": false,
                                                                    "Relation Name": "keyword",
                                                                    "Alias": "k",
                                                                    "Startup Cost": 0.0,
                                                                    "Total Cost": 2961.55,
                                                                    "Plan Rows": 4,
                                                                    "Plan Width": 4,
                                                                    "Actual Startup Time": 0.881,
                                                                    "Actual Total Time": 18.87,
                                                                    "Actual Rows": 3,
                                                                    "Actual Loops": 2,
                                                                    "Filter": "(keyword = ANY ('{murder,murder-in-title,blood,violence}'::text[]))",
                                                                    "Rows Removed by Filter": 134167
                                                                  }
                                                                ]
                                                              }
                                                            ]
                                                          }
                                                        ]
                                                      },
                                                      {
                                                        "Node Type": "Sort",
                                                        "Parent Relationship": "Inner",
                                                        "Parallel Aware": false,
                                                        "Startup Cost": 104434.76,
                                                        "Total Cost": 105425.06,
                                                        "Plan Rows": 396120,
                                                        "Plan Width": 25,
                                                        "Actual Startup Time": 330.951,
                                                        "Actual Total Time": 376.689,
                                                        "Actual Rows": 391489,
                                                        "Actual Loops": 2,
                                                        "Sort Key": [
                                                          "t.id"
                                                        ],
                                                        "Sort Method": "quicksort",
                                                        "Sort Space Used": 42227,
                                                        "Sort Space Type": "Memory",
                                                        "Workers": [
                                                          {
                                                            "Worker Number": 0,
                                                            "Sort Method": "quicksort",
                                                            "Sort Space Used": 42227,
                                                            "Sort Space Type": "Memory"
                                                          }
                                                        ],
                                                        "Plans": [
                                                          {
                                                            "Node Type": "Seq Scan",
                                                            "Parent Relationship": "Outer",
                                                            "Parallel Aware": false,
                                                            "Relation Name": "title",
                                                            "Alias": "t",
                                                            "Startup Cost": 0.0,
                                                            "Total Cost": 67604.36,
                                                            "Plan Rows": 396120,
                                                            "Plan Width": 25,
                                                            "Actual Startup Time": 0.032,
                                                            "Actual Total Time": 217.58,
                                                            "Actual Rows": 391666,
                                                            "Actual Loops": 2,
                                                            "Filter": "(production_year > 2010)",
                                                            "Rows Removed by Filter": 2136646
                                                          }
                                                        ]
                                                      }
                                                    ]
                                                  }
                                                ]
                                              },
                                              {
                                                "Node Type": "Sort",
                                                "Parent Relationship": "Inner",
                                                "Parallel Aware": false,
                                                "Startup Cost": 1.1,
                                                "Total Cost": 1.1,
                                                "Plan Rows": 1,
                                                "Plan Width": 4,
                                                "Actual Startup Time": 0.053,
                                                "Actual Total Time": 0.054,
                                                "Actual Rows": 1,
                                                "Actual Loops": 2,
                                                "Sort Key": [
                                                  "kt.id"
                                                ],
                                                "Sort Method": "quicksort",
                                                "Sort Space Used": 25,
                                                "Sort Space Type": "Memory",
                                                "Workers": [
                                                  {
                                                    "Worker Number": 0,
                                                    "Sort Method": "quicksort",
                                                    "Sort Space Used": 25,
                                                    "Sort Space Type": "Memory"
                                                  }
                                                ],
                                                "Plans": [
                                                  {
                                                    "Node Type": "Seq Scan",
                                                    "Parent Relationship": "Outer",
                                                    "Parallel Aware": false,
                                                    "Relation Name": "kind_type",
                                                    "Alias": "kt",
                                                    "Startup Cost": 0.0,
                                                    "Total Cost": 1.09,
                                                    "Plan Rows": 1,
                                                    "Plan Width": 4,
                                                    "Actual Startup Time": 0.043,
                                                    "Actual Total Time": 0.044,
                                                    "Actual Rows": 1,
                                                    "Actual Loops": 2,
                                                    "Filter": "((kind)::text = 'movie'::text)",
                                                    "Rows Removed by Filter": 6
                                                  }
                                                ]
                                              }
                                            ]
                                          }
                                        ]
                                      }
                                    ]
                                  }
                                ]
                              },
                              {
                                "Node Type": "Sort",
                                "Parent Relationship": "Inner",
                                "Parallel Aware": false,
                                "Startup Cost": 2.42,
                                "Total Cost": 2.43,
                                "Plan Rows": 1,
                                "Plan Width": 4,
                                "Actual Startup Time": 0.042,
                                "Actual Total Time": 0.043,
                                "Actual Rows": 1,
                                "Actual Loops": 2,
                                "Sort Key": [
                                  "it2.id"
                                ],
                                "Sort Method": "quicksort",
                                "Sort Space Used": 25,
                                "Sort Space Type": "Memory",
                                "Workers": [
                                  {
                                    "Worker Number": 0,
                                    "Sort Method": "quicksort",
                                    "Sort Space Used": 25,
                                    "Sort Space Type": "Memory"
                                  }
                                ],
                                "Plans": [
                                  {
                                    "Node Type": "Seq Scan",
                                    "Parent Relationship": "Outer",
                                    "Parallel Aware": false,
                                    "Relation Name": "info_type",
                                    "Alias": "it2",
                                    "Startup Cost": 0.0,
                                    "Total Cost": 2.41,
                                    "Plan Rows": 1,
                                    "Plan Width": 4,
                                    "Actual Startup Time": 0.032,
                                    "Actual Total Time": 0.033,
                                    "Actual Rows": 1,
                                    "Actual Loops": 2,
                                    "Filter": "((info)::text = 'rating'::text)",
                                    "Rows Removed by Filter": 112
                                  }
                                ]
                              }
                            ]
                          }
                        ]
                      }
                    ]
                  }
                ]
              },
              {
                "Node Type": "Sort",
                "Parent Relationship": "Inner",
                "Parallel Aware": false,
                "Startup Cost": 2.42,
                "Total Cost": 2.43,
                "Plan Rows": 1,
                "Plan Width": 4,
                "Actual Startup Time": 0.028,
                "Actual Total Time": 0.029,
                "Actual Rows": 1,
                "Actual Loops": 2,
                "Sort Key": [
                  "it1.id"
                ],
                "Sort Method": "quicksort",
                "Sort Space Used": 25,
                "Sort Space Type": "Memory",
                "Workers": [
                  {
                    "Worker Number": 0,
                    "Sort Method": "quicksort",
                    "Sort Space Used": 25,
                    "Sort Space Type": "Memory"
                  }
                ],
                "Plans": [
                  {
                    "Node Type": "Seq Scan",
                    "Parent Relationship": "Outer",
                    "Parallel Aware": false,
                    "Relation Name": "info_type",
                    "Alias": "it1",
                    "Startup Cost": 0.0,
                    "Total Cost": 2.41,
                    "Plan Rows": 1,
                    "Plan Width": 4,
                    "Actual Startup Time": 0.014,
                    "Actual Total Time": 0.019,
                    "Actual Rows": 1,
                    "Actual Loops": 2,
                    "Filter": "((info)::text = 'countries'::text)",
                    "Rows Removed by Filter": 112
                  }
                ]
              }
            ]
          }
        ]
      }
    ]
  },
  "Planning Time": 2.746,
  "Triggers": [],
  "Execution Time": 3517.255
}