[
  {
    "Plan": {
      "Node Type": "Aggregate",
      "Strategy": "Plain",
      "Partial Mode": "Finalize",
      "Parallel Aware": false,
      "Startup Cost": 168319.62,
      "Total Cost": 168319.63,
      "Plan Rows": 1,
      "Plan Width": 8,
      "Actual Startup Time": 582.657,
      "Actual Total Time": 606.056,
      "Actual Rows": 1,
      "Actual Loops": 1,
      "Plans": [
        {
          "Node Type": "Gather",
          "Parent Relationship": "Outer",
          "Parallel Aware": false,
          "Startup Cost": 168319.2,
          "Total Cost": 168319.61,
          "Plan Rows": 4,
          "Plan Width": 8,
          "Actual Startup Time": 573.304,
          "Actual Total Time": 606.045,
          "Actual Rows": 5,
          "Actual Loops": 1,
          "Workers Planned": 4,
          "Workers Launched": 4,
          "Single Copy": false,
          "Plans": [
            {
              "Node Type": "Aggregate",
              "Strategy": "Plain",
              "Partial Mode": "Partial",
              "Parent Relationship": "Outer",
              "Parallel Aware": false,
              "Startup Cost": 167319.2,
              "Total Cost": 167319.21,
              "Plan Rows": 1,
              "Plan Width": 8,
              "Actual Startup Time": 563.201,
              "Actual Total Time": 563.36,
              "Actual Rows": 1,
              "Actual Loops": 5,
              "Plans": [
                {
                  "Node Type": "Hash Join",
                  "Parent Relationship": "Outer",
                  "Parallel Aware": true,
                  "Join Type": "Inner",
                  "Startup Cost": 118558.54,
                  "Total Cost": 167237.74,
                  "Plan Rows": 32582,
                  "Plan Width": 0,
                  "Actual Startup Time": 336.354,
                  "Actual Total Time": 554.767,
                  "Actual Rows": 193101,
                  "Actual Loops": 5,
                  "Inner Unique": false,
                  "Hash Cond": "(t.id = ci.movie_id)",
                  "Plans": [
                    {
                      "Node Type": "Seq Scan",
                      "Parent Relationship": "Outer",
                      "Parallel Aware": true,
                      "Relation Name": "title",
                      "Alias": "t",
                      "Startup Cost": 0.0,
                      "Total Cost": 43899.32,
                      "Plan Rows": 419086,
                      "Plan Width": 4,
                      "Actual Startup Time": 0.022,
                      "Actual Total Time": 80.967,
                      "Actual Rows": 334820,
                      "Actual Loops": 5,
                      "Filter": "(kind_id > 3)",
                      "Rows Removed by Filter": 170843
                    },
                    {
                      "Node Type": "Hash",
                      "Parent Relationship": "Inner",
                      "Parallel Aware": true,
                      "Startup Cost": 118067.1,
                      "Total Cost": 118067.1,
                      "Plan Rows": 39315,
                      "Plan Width": 4,
                      "Actual Startup Time": 334.415,
                      "Actual Total Time": 334.416,
                      "Actual Rows": 277822,
                      "Actual Loops": 5,
                      "Hash Buckets": 2097152,
                      "Original Hash Buckets": 262144,
                      "Hash Batches": 1,
                      "Original Hash Batches": 1,
                      "Peak Memory Usage": 85120,
                      "Plans": [
                        {
                          "Node Type": "Index Scan",
                          "Parent Relationship": "Outer",
                          "Parallel Aware": true,
                          "Scan Direction": "Forward",
                          "Index Name": "role_id_cast_info",
                          "Relation Name": "cast_info",
                          "Alias": "ci",
                          "Startup Cost": 0.56,
                          "Total Cost": 118067.1,
                          "Plan Rows": 39315,
                          "Plan Width": 4,
                          "Actual Startup Time": 80.878,
                          "Actual Total Time": 186.925,
                          "Actual Rows": 277822,
                          "Actual Loops": 5,
                          "Index Cond": "(role_id = 10)",
                          "Rows Removed by Index Recheck": 0,
                          "Filter": "(person_id > 3753412)",
                          "Rows Removed by Filter": 586781
                        }
                      ]
                    }
                  ]
                }
              ]
            }
          ]
        }
      ]
    },
    "Planning Time": 0.526,
    "Triggers": [],
    "Execution Time": 606.126
  }
]