[
  {
    "Plan": {
      "Node Type": "Aggregate",
      "Strategy": "Plain",
      "Partial Mode": "Finalize",
      "Parallel Aware": false,
      "Startup Cost": 169854.84,
      "Total Cost": 169854.85,
      "Plan Rows": 1,
      "Plan Width": 8,
      "Actual Startup Time": 533.657,
      "Actual Total Time": 552.044,
      "Actual Rows": 1,
      "Actual Loops": 1,
      "Plans": [
        {
          "Node Type": "Gather",
          "Parent Relationship": "Outer",
          "Parallel Aware": false,
          "Startup Cost": 169854.42,
          "Total Cost": 169854.83,
          "Plan Rows": 4,
          "Plan Width": 8,
          "Actual Startup Time": 522.092,
          "Actual Total Time": 552.034,
          "Actual Rows": 5,
          "Actual Loops": 1,
          "Workers Planned": 4,
          "Workers Launched": 4,
          "Single Copy": false,
          "Plans": [
            {
              "Node Type": "Aggregate",
              "Strategy": "Plain",
              "Partial Mode": "Partial",
              "Parent Relationship": "Outer",
              "Parallel Aware": false,
              "Startup Cost": 168854.42,
              "Total Cost": 168854.43,
              "Plan Rows": 1,
              "Plan Width": 8,
              "Actual Startup Time": 512.538,
              "Actual Total Time": 512.749,
              "Actual Rows": 1,
              "Actual Loops": 5,
              "Plans": [
                {
                  "Node Type": "Hash Join",
                  "Parent Relationship": "Outer",
                  "Parallel Aware": true,
                  "Join Type": "Inner",
                  "Startup Cost": 120108.33,
                  "Total Cost": 168774.25,
                  "Plan Rows": 32068,
                  "Plan Width": 0,
                  "Actual Startup Time": 298.63,
                  "Actual Total Time": 504.592,
                  "Actual Rows": 193101,
                  "Actual Loops": 5,
                  "Inner Unique": false,
                  "Hash Cond": "(t.id = ci.movie_id)",
                  "Plans": [
                    {
                      "Node Type": "Seq Scan",
                      "Parent Relationship": "Outer",
                      "Parallel Aware": true,
                      "Relation Name": "title",
                      "Alias": "t",
                      "Startup Cost": 0.0,
                      "Total Cost": 43898.92,
                      "Plan Rows": 418032,
                      "Plan Width": 4,
                      "Actual Startup Time": 0.017,
                      "Actual Total Time": 73.852,
                      "Actual Rows": 334820,
                      "Actual Loops": 5,
                      "Filter": "(kind_id > 3)",
                      "Rows Removed by Filter": 170843
                    },
                    {
                      "Node Type": "Hash",
                      "Parent Relationship": "Inner",
                      "Parallel Aware": true,
                      "Startup Cost": 119623.46,
                      "Total Cost": 119623.46,
                      "Plan Rows": 38790,
                      "Plan Width": 4,
                      "Actual Startup Time": 296.717,
                      "Actual Total Time": 296.718,
                      "Actual Rows": 277822,
                      "Actual Loops": 5,
                      "Hash Buckets": 2097152,
                      "Original Hash Buckets": 262144,
                      "Hash Batches": 1,
                      "Original Hash Batches": 1,
                      "Peak Memory Usage": 85152,
                      "Plans": [
                        {
                          "Node Type": "Index Scan",
                          "Parent Relationship": "Outer",
                          "Parallel Aware": true,
                          "Scan Direction": "Forward",
                          "Index Name": "role_id_cast_info",
                          "Relation Name": "cast_info",
                          "Alias": "ci",
                          "Startup Cost": 0.56,
                          "Total Cost": 119623.46,
                          "Plan Rows": 38790,
                          "Plan Width": 4,
                          "Actual Startup Time": 76.501,
                          "Actual Total Time": 171.905,
                          "Actual Rows": 277822,
                          "Actual Loops": 5,
                          "Index Cond": "(role_id = 10)",
                          "Rows Removed by Index Recheck": 0,
                          "Filter": "(person_id > 3753412)",
                          "Rows Removed by Filter": 586781
                        }
                      ]
                    }
                  ]
                }
              ]
            }
          ]
        }
      ]
    },
    "Planning Time": 0.672,
    "Triggers": [],
    "Execution Time": 552.125
  }
]