{
  "Plan": {
    "Node Type": "Aggregate",
    "Strategy": "Plain",
    "Partial Mode": "Finalize",
    "Parallel Aware": false,
    "Startup Cost": 563327.28,
    "Total Cost": 563327.29,
    "Plan Rows": 1,
    "Plan Width": 8,
    "Actual Startup Time": 12076.93,
    "Actual Total Time": 12164.053,
    "Actual Rows": 1,
    "Actual Loops": 1,
    "Plans": [
      {
        "Node Type": "Gather",
        "Parent Relationship": "Outer",
        "Parallel Aware": false,
        "Startup Cost": 563327.17,
        "Total Cost": 563327.28,
        "Plan Rows": 1,
        "Plan Width": 8,
        "Actual Startup Time": 12065.406,
        "Actual Total Time": 12164.045,
        "Actual Rows": 2,
        "Actual Loops": 1,
        "Workers Planned": 1,
        "Workers Launched": 1,
        "Single Copy": false,
        "Plans": [
          {
            "Node Type": "Aggregate",
            "Strategy": "Plain",
            "Partial Mode": "Partial",
            "Parent Relationship": "Outer",
            "Parallel Aware": false,
            "Startup Cost": 562327.17,
            "Total Cost": 562327.18,
            "Plan Rows": 1,
            "Plan Width": 8,
            "Actual Startup Time": 12036.378,
            "Actual Total Time": 12036.384,
            "Actual Rows": 1,
            "Actual Loops": 2,
            "Plans": [
              {
                "Node Type": "Hash Join",
                "Parent Relationship": "Outer",
                "Parallel Aware": true,
                "Join Type": "Inner",
                "Startup Cost": 420003.85,
                "Total Cost": 542573.24,
                "Plan Rows": 7901571,
                "Plan Width": 0,
                "Actual Startup Time": 5115.5,
                "Actual Total Time": 9713.643,
                "Actual Rows": 58814417,
                "Actual Loops": 2,
                "Inner Unique": false,
                "Hash Cond": "(mk.movie_id = t.id)",
                "Plans": [
                  {
                    "Node Type": "Seq Scan",
                    "Parent Relationship": "Outer",
                    "Parallel Aware": true,
                    "Relation Name": "movie_keyword",
                    "Alias": "mk",
                    "Startup Cost": 0.0,
                    "Total Cost": 57718.19,
                    "Plan Rows": 1837138,
                    "Plan Width": 4,
                    "Actual Startup Time": 0.029,
                    "Actual Total Time": 212.459,
                    "Actual Rows": 1559394,
                    "Actual Loops": 2,
                    "Filter": "(keyword_id < 11914)",
                    "Rows Removed by Filter": 702571
                  },
                  {
                    "Node Type": "Hash",
                    "Parent Relationship": "Inner",
                    "Parallel Aware": true,
                    "Startup Cost": 340046.19,
                    "Total Cost": 340046.19,
                    "Plan Rows": 6396613,
                    "Plan Width": 8,
                    "Actual Startup Time": 5061.091,
                    "Actual Total Time": 5061.096,
                    "Actual Rows": 4877360,
                    "Actual Loops": 2,
                    "Hash Buckets": 16777216,
                    "Original Hash Buckets": 16777216,
                    "Hash Batches": 1,
                    "Original Hash Batches": 1,
                    "Peak Memory Usage": 512704,
                    "Plans": [
                      {
                        "Node Type": "Hash Join",
                        "Parent Relationship": "Outer",
                        "Parallel Aware": true,
                        "Join Type": "Inner",
                        "Startup Cost": 68262.7,
                        "Total Cost": 340046.19,
                        "Plan Rows": 6396613,
                        "Plan Width": 8,
                        "Actual Startup Time": 448.484,
                        "Actual Total Time": 3555.183,
                        "Actual Rows": 4877360,
                        "Actual Loops": 2,
                        "Inner Unique": true,
                        "Hash Cond": "(mi.movie_id = t.id)",
                        "Plans": [
                          {
                            "Node Type": "Seq Scan",
                            "Parent Relationship": "Outer",
                            "Parallel Aware": true,
                            "Relation Name": "movie_info",
                            "Alias": "mi",
                            "Startup Cost": 0.0,
                            "Total Cost": 248955.74,
                            "Plan Rows": 8696274,
                            "Plan Width": 4,
                            "Actual Startup Time": 0.009,
                            "Actual Total Time": 764.667,
                            "Actual Rows": 7417860,
                            "Actual Loops": 2
                          },
                          {
                            "Node Type": "Hash",
                            "Parent Relationship": "Inner",
                            "Parallel Aware": true,
                            "Startup Cost": 54588.39,
                            "Total Cost": 54588.39,
                            "Plan Rows": 1093945,
                            "Plan Width": 4,
                            "Actual Startup Time": 442.976,
                            "Actual Total Time": 442.977,
                            "Actual Rows": 926404,
                            "Actual Loops": 2,
                            "Hash Buckets": 2097152,
                            "Original Hash Buckets": 2097152,
                            "Hash Batches": 1,
                            "Original Hash Batches": 1,
                            "Peak Memory Usage": 88896,
                            "Plans": [
                              {
                                "Node Type": "Seq Scan",
                                "Parent Relationship": "Outer",
                                "Parallel Aware": true,
                                "Relation Name": "title",
                                "Alias": "t",
                                "Startup Cost": 0.0,
                                "Total Cost": 54588.39,
                                "Plan Rows": 1093945,
                                "Plan Width": 4,
                                "Actual Startup Time": 0.055,
                                "Actual Total Time": 180.008,
                                "Actual Rows": 926404,
                                "Actual Loops": 2,
                                "Filter": "(production_year > 1985)",
                                "Rows Removed by Filter": 337752
                              }
                            ]
                          }
                        ]
                      }
                    ]
                  }
                ]
              }
            ]
          }
        ]
      }
    ]
  },
  "Planning Time": 1.087,
  "Triggers": [],
  "Execution Time": 12164.138
}