[
  {
    "Plan": {
      "Node Type": "Aggregate",
      "Strategy": "Plain",
      "Partial Mode": "Finalize",
      "Parallel Aware": false,
      "Startup Cost": 398688.92,
      "Total Cost": 398688.93,
      "Plan Rows": 1,
      "Plan Width": 8,
      "Actual Startup Time": 1168.979,
      "Actual Total Time": 1219.626,
      "Actual Rows": 1,
      "Actual Loops": 1,
      "Plans": [
        {
          "Node Type": "Gather",
          "Parent Relationship": "Outer",
          "Parallel Aware": false,
          "Startup Cost": 398688.29,
          "Total Cost": 398688.9,
          "Plan Rows": 6,
          "Plan Width": 8,
          "Actual Startup Time": 1164.78,
          "Actual Total Time": 1219.608,
          "Actual Rows": 7,
          "Actual Loops": 1,
          "Workers Planned": 6,
          "Workers Launched": 6,
          "Single Copy": false,
          "Plans": [
            {
              "Node Type": "Aggregate",
              "Strategy": "Plain",
              "Partial Mode": "Partial",
              "Parent Relationship": "Outer",
              "Parallel Aware": false,
              "Startup Cost": 397688.29,
              "Total Cost": 397688.3,
              "Plan Rows": 1,
              "Plan Width": 8,
              "Actual Startup Time": 1153.117,
              "Actual Total Time": 1153.12,
              "Actual Rows": 1,
              "Actual Loops": 7,
              "Plans": [
                {
                  "Node Type": "Hash Join",
                  "Parent Relationship": "Outer",
                  "Parallel Aware": true,
                  "Join Type": "Inner",
                  "Startup Cost": 47518.69,
                  "Total Cost": 396336.19,
                  "Plan Rows": 540839,
                  "Plan Width": 0,
                  "Actual Startup Time": 505.235,
                  "Actual Total Time": 1137.11,
                  "Actual Rows": 308470,
                  "Actual Loops": 7,
                  "Inner Unique": true,
                  "Hash Cond": "(ci.movie_id = t.id)",
                  "Plans": [
                    {
                      "Node Type": "Seq Scan",
                      "Parent Relationship": "Outer",
                      "Parallel Aware": true,
                      "Relation Name": "cast_info",
                      "Alias": "ci",
                      "Startup Cost": 0.0,
                      "Total Cost": 343316.27,
                      "Plan Rows": 2095705,
                      "Plan Width": 4,
                      "Actual Startup Time": 358.779,
                      "Actual Total Time": 678.788,
                      "Actual Rows": 1191876,
                      "Actual Loops": 7,
                      "Filter": "((person_id < 2899649) AND (role_id > 2))",
                      "Rows Removed by Filter": 3985888
                    },
                    {
                      "Node Type": "Hash",
                      "Parent Relationship": "Inner",
                      "Parallel Aware": true,
                      "Startup Cost": 45479.59,
                      "Total Cost": 45479.59,
                      "Plan Rows": 163128,
                      "Plan Width": 4,
                      "Actual Startup Time": 142.604,
                      "Actual Total Time": 142.605,
                      "Actual Rows": 101597,
                      "Actual Loops": 7,
                      "Hash Buckets": 1048576,
                      "Original Hash Buckets": 1048576,
                      "Hash Batches": 1,
                      "Original Hash Batches": 1,
                      "Peak Memory Usage": 36128,
                      "Plans": [
                        {
                          "Node Type": "Seq Scan",
                          "Parent Relationship": "Outer",
                          "Parallel Aware": true,
                          "Relation Name": "title",
                          "Alias": "t",
                          "Startup Cost": 0.0,
                          "Total Cost": 45479.59,
                          "Plan Rows": 163128,
                          "Plan Width": 4,
                          "Actual Startup Time": 0.057,
                          "Actual Total Time": 86.999,
                          "Actual Rows": 101597,
                          "Actual Loops": 7,
                          "Filter": "((kind_id < 7) AND (production_year < 2008))",
                          "Rows Removed by Filter": 259590
                        }
                      ]
                    }
                  ]
                }
              ]
            }
          ]
        }
      ]
    },
    "Planning Time": 0.632,
    "Triggers": [],
    "Execution Time": 1219.707
  }
]