[
    {
        "Bao": {
            "Bao prediction": "NaN",
            "Bao recommended hint": "(no hint)"
        }
    },
    {
        "Plan": {
            "Node Type": "Aggregate",
            "Strategy": "Plain",
            "Partial Mode": "Finalize",
            "Parallel Aware": false,
            "Startup Cost": 86811.35,
            "Total Cost": 86811.36,
            "Plan Rows": 1,
            "Plan Width": 8,
            "Actual Startup Time": 297.716,
            "Actual Total Time": 306.501,
            "Actual Rows": 1,
            "Actual Loops": 1,
            "Output": [
                "count(*)"
            ],
            "Plans": [
                {
                    "Node Type": "Gather",
                    "Parent Relationship": "Outer",
                    "Parallel Aware": false,
                    "Startup Cost": 86811.03,
                    "Total Cost": 86811.34,
                    "Plan Rows": 3,
                    "Plan Width": 8,
                    "Actual Startup Time": 295.079,
                    "Actual Total Time": 306.493,
                    "Actual Rows": 4,
                    "Actual Loops": 1,
                    "Output": [
                        "(PARTIAL count(*))"
                    ],
                    "Workers Planned": 3,
                    "Workers Launched": 3,
                    "Single Copy": false,
                    "Plans": [
                        {
                            "Node Type": "Aggregate",
                            "Strategy": "Plain",
                            "Partial Mode": "Partial",
                            "Parent Relationship": "Outer",
                            "Parallel Aware": false,
                            "Startup Cost": 85811.03,
                            "Total Cost": 85811.04,
                            "Plan Rows": 1,
                            "Plan Width": 8,
                            "Actual Startup Time": 286.233,
                            "Actual Total Time": 286.236,
                            "Actual Rows": 1,
                            "Actual Loops": 4,
                            "Output": [
                                "PARTIAL count(*)"
                            ],
                            "Workers": [
                                {
                                    "Worker Number": 0,
                                    "Actual Startup Time": 283.176,
                                    "Actual Total Time": 283.179,
                                    "Actual Rows": 1,
                                    "Actual Loops": 1
                                },
                                {
                                    "Worker Number": 1,
                                    "Actual Startup Time": 283.336,
                                    "Actual Total Time": 283.339,
                                    "Actual Rows": 1,
                                    "Actual Loops": 1
                                },
                                {
                                    "Worker Number": 2,
                                    "Actual Startup Time": 283.997,
                                    "Actual Total Time": 284.0,
                                    "Actual Rows": 1,
                                    "Actual Loops": 1
                                }
                            ],
                            "Plans": [
                                {
                                    "Node Type": "Hash Join",
                                    "Parent Relationship": "Outer",
                                    "Parallel Aware": true,
                                    "Join Type": "Inner",
                                    "Startup Cost": 58382.93,
                                    "Total Cost": 85685.99,
                                    "Plan Rows": 50018,
                                    "Plan Width": 0,
                                    "Actual Startup Time": 211.472,
                                    "Actual Total Time": 281.505,
                                    "Actual Rows": 99684,
                                    "Actual Loops": 4,
                                    "Inner Unique": true,
                                    "Hash Cond": "(mk.movie_id = t.id)",
                                    "Workers": [
                                        {
                                            "Worker Number": 0,
                                            "Actual Startup Time": 208.498,
                                            "Actual Total Time": 278.509,
                                            "Actual Rows": 93961,
                                            "Actual Loops": 1
                                        },
                                        {
                                            "Worker Number": 1,
                                            "Actual Startup Time": 208.673,
                                            "Actual Total Time": 278.592,
                                            "Actual Rows": 94991,
                                            "Actual Loops": 1
                                        },
                                        {
                                            "Worker Number": 2,
                                            "Actual Startup Time": 208.99,
                                            "Actual Total Time": 279.511,
                                            "Actual Rows": 89098,
                                            "Actual Loops": 1
                                        }
                                    ],
                                    "Plans": [
                                        {
                                            "Node Type": "Bitmap Heap Scan",
                                            "Parent Relationship": "Outer",
                                            "Parallel Aware": true,
                                            "Relation Name": "movie_keyword",
                                            "Schema": "public",
                                            "Alias": "mk",
                                            "Startup Cost": 12385.95,
                                            "Total Cost": 39194.54,
                                            "Plan Rows": 188367,
                                            "Plan Width": 4,
                                            "Actual Startup Time": 37.338,
                                            "Actual Total Time": 93.153,
                                            "Actual Rows": 144657,
                                            "Actual Loops": 4,
                                            "Output": [
                                                "mk.id",
                                                "mk.movie_id",
                                                "mk.keyword_id"
                                            ],
                                            "Recheck Cond": "(mk.keyword_id > 31670)",
                                            "Rows Removed by Index Recheck": 0,
                                            "Exact Heap Blocks": 7849,
                                            "Lossy Heap Blocks": 0,
                                            "Workers": [
                                                {
                                                    "Worker Number": 0,
                                                    "Actual Startup Time": 37.357,
                                                    "Actual Total Time": 94.431,
                                                    "Actual Rows": 129918,
                                                    "Actual Loops": 1
                                                },
                                                {
                                                    "Worker Number": 1,
                                                    "Actual Startup Time": 37.341,
                                                    "Actual Total Time": 94.23,
                                                    "Actual Rows": 131258,
                                                    "Actual Loops": 1
                                                },
                                                {
                                                    "Worker Number": 2,
                                                    "Actual Startup Time": 37.539,
                                                    "Actual Total Time": 95.038,
                                                    "Actual Rows": 122615,
                                                    "Actual Loops": 1
                                                }
                                            ],
                                            "Plans": [
                                                {
                                                    "Node Type": "Bitmap Index Scan",
                                                    "Parent Relationship": "Outer",
                                                    "Parallel Aware": false,
                                                    "Index Name": "keyword_id_movie_keyword",
                                                    "Startup Cost": 0.0,
                                                    "Total Cost": 12239.97,
                                                    "Plan Rows": 583938,
                                                    "Plan Width": 0,
                                                    "Actual Startup Time": 33.713,
                                                    "Actual Total Time": 33.713,
                                                    "Actual Rows": 578629,
                                                    "Actual Loops": 1,
                                                    "Index Cond": "(mk.keyword_id > 31670)"
                                                }
                                            ]
                                        },
                                        {
                                            "Node Type": "Hash",
                                            "Parent Relationship": "Inner",
                                            "Parallel Aware": true,
                                            "Startup Cost": 43899.01,
                                            "Total Cost": 43899.01,
                                            "Plan Rows": 167838,
                                            "Plan Width": 4,
                                            "Actual Startup Time": 148.344,
                                            "Actual Total Time": 148.345,
                                            "Actual Rows": 165706,
                                            "Actual Loops": 4,
                                            "Output": [
                                                "t.id"
                                            ],
                                            "Hash Buckets": 1048576,
                                            "Original Hash Buckets": 1048576,
                                            "Hash Batches": 1,
                                            "Original Hash Batches": 1,
                                            "Peak Memory Usage": 34208,
                                            "Workers": [
                                                {
                                                    "Worker Number": 0,
                                                    "Actual Startup Time": 150.117,
                                                    "Actual Total Time": 150.118,
                                                    "Actual Rows": 166088,
                                                    "Actual Loops": 1
                                                },
                                                {
                                                    "Worker Number": 1,
                                                    "Actual Startup Time": 150.312,
                                                    "Actual Total Time": 150.312,
                                                    "Actual Rows": 166252,
                                                    "Actual Loops": 1
                                                },
                                                {
                                                    "Worker Number": 2,
                                                    "Actual Startup Time": 150.614,
                                                    "Actual Total Time": 150.615,
                                                    "Actual Rows": 141621,
                                                    "Actual Loops": 1
                                                }
                                            ],
                                            "Plans": [
                                                {
                                                    "Node Type": "Seq Scan",
                                                    "Parent Relationship": "Outer",
                                                    "Parallel Aware": true,
                                                    "Relation Name": "title",
                                                    "Schema": "public",
                                                    "Alias": "t",
                                                    "Startup Cost": 0.0,
                                                    "Total Cost": 43899.01,
                                                    "Plan Rows": 167838,
                                                    "Plan Width": 4,
                                                    "Actual Startup Time": 44.685,
                                                    "Actual Total Time": 94.985,
                                                    "Actual Rows": 165706,
                                                    "Actual Loops": 4,
                                                    "Output": [
                                                        "t.id"
                                                    ],
                                                    "Filter": "(t.kind_id = 1)",
                                                    "Rows Removed by Filter": 466372,
                                                    "Workers": [
                                                        {
                                                            "Worker Number": 0,
                                                            "Actual Startup Time": 57.055,
                                                            "Actual Total Time": 96.631,
                                                            "Actual Rows": 166088,
                                                            "Actual Loops": 1
                                                        },
                                                        {
                                                            "Worker Number": 1,
                                                            "Actual Startup Time": 57.167,
                                                            "Actual Total Time": 96.671,
                                                            "Actual Rows": 166252,
                                                            "Actual Loops": 1
                                                        },
                                                        {
                                                            "Worker Number": 2,
                                                            "Actual Startup Time": 56.964,
                                                            "Actual Total Time": 93.629,
                                                            "Actual Rows": 141621,
                                                            "Actual Loops": 1
                                                        }
                                                    ]
                                                }
                                            ]
                                        }
                                    ]
                                }
                            ]
                        }
                    ]
                }
            ]
        },
        "Planning Time": 212.097,
        "Triggers": [],
        "Execution Time": 306.603
    }
]