[
  {
    "Plan": {
      "Node Type": "Aggregate",
      "Strategy": "Plain",
      "Partial Mode": "Finalize",
      "Parallel Aware": false,
      "Startup Cost": 121457.3,
      "Total Cost": 121457.31,
      "Plan Rows": 1,
      "Plan Width": 8,
      "Actual Startup Time": 715.075,
      "Actual Total Time": 737.943,
      "Actual Rows": 1,
      "Actual Loops": 1,
      "Plans": [
        {
          "Node Type": "Gather",
          "Parent Relationship": "Outer",
          "Parallel Aware": false,
          "Startup Cost": 121456.98,
          "Total Cost": 121457.29,
          "Plan Rows": 3,
          "Plan Width": 8,
          "Actual Startup Time": 708.516,
          "Actual Total Time": 737.933,
          "Actual Rows": 4,
          "Actual Loops": 1,
          "Workers Planned": 3,
          "Workers Launched": 3,
          "Single Copy": false,
          "Plans": [
            {
              "Node Type": "Aggregate",
              "Strategy": "Plain",
              "Partial Mode": "Partial",
              "Parent Relationship": "Outer",
              "Parallel Aware": false,
              "Startup Cost": 120456.98,
              "Total Cost": 120456.99,
              "Plan Rows": 1,
              "Plan Width": 8,
              "Actual Startup Time": 698.899,
              "Actual Total Time": 699.141,
              "Actual Rows": 1,
              "Actual Loops": 4,
              "Plans": [
                {
                  "Node Type": "Hash Join",
                  "Parent Relationship": "Outer",
                  "Parallel Aware": true,
                  "Join Type": "Inner",
                  "Startup Cost": 89739.98,
                  "Total Cost": 120302.31,
                  "Plan Rows": 61868,
                  "Plan Width": 0,
                  "Actual Startup Time": 408.999,
                  "Actual Total Time": 639.596,
                  "Actual Rows": 1235564,
                  "Actual Loops": 4,
                  "Inner Unique": false,
                  "Hash Cond": "(mc.movie_id = t.id)",
                  "Plans": [
                    {
                      "Node Type": "Seq Scan",
                      "Parent Relationship": "Outer",
                      "Parallel Aware": true,
                      "Relation Name": "movie_companies",
                      "Alias": "mc",
                      "Startup Cost": 0.0,
                      "Total Cost": 27206.55,
                      "Plan Rows": 841655,
                      "Plan Width": 4,
                      "Actual Startup Time": 0.012,
                      "Actual Total Time": 65.03,
                      "Actual Rows": 652282,
                      "Actual Loops": 4
                    },
                    {
                      "Node Type": "Hash",
                      "Parent Relationship": "Inner",
                      "Parallel Aware": true,
                      "Startup Cost": 88990.54,
                      "Total Cost": 88990.54,
                      "Plan Rows": 59955,
                      "Plan Width": 8,
                      "Actual Startup Time": 377.096,
                      "Actual Total Time": 377.336,
                      "Actual Rows": 118789,
                      "Actual Loops": 4,
                      "Hash Buckets": 524288,
                      "Original Hash Buckets": 262144,
                      "Hash Batches": 1,
                      "Original Hash Batches": 1,
                      "Peak Memory Usage": 24800,
                      "Plans": [
                        {
                          "Node Type": "Hash Join",
                          "Parent Relationship": "Outer",
                          "Parallel Aware": true,
                          "Join Type": "Inner",
                          "Startup Cost": 61063.49,
                          "Total Cost": 88990.54,
                          "Plan Rows": 59955,
                          "Plan Width": 8,
                          "Actual Startup Time": 244.942,
                          "Actual Total Time": 335.869,
                          "Actual Rows": 118789,
                          "Actual Loops": 4,
                          "Inner Unique": true,
                          "Hash Cond": "(mk.movie_id = t.id)",
                          "Plans": [
                            {
                              "Node Type": "Bitmap Heap Scan",
                              "Parent Relationship": "Outer",
                              "Parallel Aware": true,
                              "Relation Name": "movie_keyword",
                              "Alias": "mk",
                              "Startup Cost": 15101.13,
                              "Total Cost": 42425.42,
                              "Plan Rows": 229623,
                              "Plan Width": 4,
                              "Actual Startup Time": 40.879,
                              "Actual Total Time": 109.92,
                              "Actual Rows": 177437,
                              "Actual Loops": 4,
                              "Recheck Cond": "(keyword_id > 26615)",
                              "Rows Removed by Index Recheck": 0,
                              "Exact Heap Blocks": 8965,
                              "Lossy Heap Blocks": 0,
                              "Plans": [
                                {
                                  "Node Type": "Bitmap Index Scan",
                                  "Parent Relationship": "Outer",
                                  "Parallel Aware": false,
                                  "Index Name": "keyword_id_movie_keyword",
                                  "Startup Cost": 0.0,
                                  "Total Cost": 14923.17,
                                  "Plan Rows": 711832,
                                  "Plan Width": 0,
                                  "Actual Startup Time": 37.353,
                                  "Actual Total Time": 37.353,
                                  "Actual Rows": 709749,
                                  "Actual Loops": 1,
                                  "Index Cond": "(keyword_id > 26615)"
                                }
                              ]
                            },
                            {
                              "Node Type": "Hash",
                              "Parent Relationship": "Inner",
                              "Parallel Aware": true,
                              "Startup Cost": 43899.32,
                              "Total Cost": 43899.32,
                              "Plan Rows": 165043,
                              "Plan Width": 4,
                              "Actual Startup Time": 173.981,
                              "Actual Total Time": 173.982,
                              "Actual Rows": 165706,
                              "Actual Loops": 4,
                              "Hash Buckets": 1048576,
                              "Original Hash Buckets": 1048576,
                              "Hash Batches": 1,
                              "Original Hash Batches": 1,
                              "Peak Memory Usage": 34176,
                              "Plans": [
                                {
                                  "Node Type": "Seq Scan",
                                  "Parent Relationship": "Outer",
                                  "Parallel Aware": true,
                                  "Relation Name": "title",
                                  "Alias": "t",
                                  "Startup Cost": 0.0,
                                  "Total Cost": 43899.32,
                                  "Plan Rows": 165043,
                                  "Plan Width": 4,
                                  "Actual Startup Time": 46.423,
                                  "Actual Total Time": 107.892,
                                  "Actual Rows": 165706,
                                  "Actual Loops": 4,
                                  "Filter": "(kind_id = 1)",
                                  "Rows Removed by Filter": 466372
                                }
                              ]
                            }
                          ]
                        }
                      ]
                    }
                  ]
                }
              ]
            }
          ]
        }
      ]
    },
    "Planning Time": 1.408,
    "Triggers": [],
    "Execution Time": 738.05
  }
]