[
  {
    "Plan": {
      "Node Type": "Aggregate",
      "Strategy": "Plain",
      "Partial Mode": "Finalize",
      "Parallel Aware": false,
      "Startup Cost": 395222.1,
      "Total Cost": 395222.11,
      "Plan Rows": 1,
      "Plan Width": 8,
      "Actual Startup Time": 1119.216,
      "Actual Total Time": 1168.964,
      "Actual Rows": 1,
      "Actual Loops": 1,
      "Plans": [
        {
          "Node Type": "Gather",
          "Parent Relationship": "Outer",
          "Parallel Aware": false,
          "Startup Cost": 395221.48,
          "Total Cost": 395222.09,
          "Plan Rows": 6,
          "Plan Width": 8,
          "Actual Startup Time": 1118.096,
          "Actual Total Time": 1168.952,
          "Actual Rows": 7,
          "Actual Loops": 1,
          "Workers Planned": 6,
          "Workers Launched": 6,
          "Single Copy": false,
          "Plans": [
            {
              "Node Type": "Aggregate",
              "Strategy": "Plain",
              "Partial Mode": "Partial",
              "Parent Relationship": "Outer",
              "Parallel Aware": false,
              "Startup Cost": 394221.48,
              "Total Cost": 394221.49,
              "Plan Rows": 1,
              "Plan Width": 8,
              "Actual Startup Time": 1108.815,
              "Actual Total Time": 1108.818,
              "Actual Rows": 1,
              "Actual Loops": 7,
              "Plans": [
                {
                  "Node Type": "Hash Join",
                  "Parent Relationship": "Outer",
                  "Parallel Aware": true,
                  "Join Type": "Inner",
                  "Startup Cost": 44236.71,
                  "Total Cost": 393960.89,
                  "Plan Rows": 104236,
                  "Plan Width": 0,
                  "Actual Startup Time": 446.564,
                  "Actual Total Time": 1102.728,
                  "Actual Rows": 103822,
                  "Actual Loops": 7,
                  "Inner Unique": true,
                  "Hash Cond": "(ci.movie_id = t.id)",
                  "Plans": [
                    {
                      "Node Type": "Seq Scan",
                      "Parent Relationship": "Outer",
                      "Parallel Aware": true,
                      "Relation Name": "cast_info",
                      "Alias": "ci",
                      "Startup Cost": 0.0,
                      "Total Cost": 343316.27,
                      "Plan Rows": 2441104,
                      "Plan Width": 4,
                      "Actual Startup Time": 359.111,
                      "Actual Total Time": 709.641,
                      "Actual Rows": 2173535,
                      "Actual Loops": 7,
                      "Filter": "((person_id > 313180) AND (role_id > 2))",
                      "Rows Removed by Filter": 3004228
                    },
                    {
                      "Node Type": "Hash",
                      "Parent Relationship": "Inner",
                      "Parallel Aware": true,
                      "Startup Cost": 43899.32,
                      "Total Cost": 43899.32,
                      "Plan Rows": 26991,
                      "Plan Width": 4,
                      "Actual Startup Time": 85.772,
                      "Actual Total Time": 85.773,
                      "Actual Rows": 15490,
                      "Actual Loops": 7,
                      "Hash Buckets": 131072,
                      "Original Hash Buckets": 131072,
                      "Hash Batches": 1,
                      "Original Hash Batches": 1,
                      "Peak Memory Usage": 5408,
                      "Plans": [
                        {
                          "Node Type": "Seq Scan",
                          "Parent Relationship": "Outer",
                          "Parallel Aware": true,
                          "Relation Name": "title",
                          "Alias": "t",
                          "Startup Cost": 0.0,
                          "Total Cost": 43899.32,
                          "Plan Rows": 26991,
                          "Plan Width": 4,
                          "Actual Startup Time": 0.064,
                          "Actual Total Time": 77.592,
                          "Actual Rows": 15490,
                          "Actual Loops": 7,
                          "Filter": "(production_year = 2006)",
                          "Rows Removed by Filter": 345698
                        }
                      ]
                    }
                  ]
                }
              ]
            }
          ]
        }
      ]
    },
    "Planning Time": 0.645,
    "Triggers": [],
    "Execution Time": 1169.052
  }
]