[
  {
    "Plan": {
      "Node Type": "Aggregate",
      "Strategy": "Plain",
      "Partial Mode": "Finalize",
      "Parallel Aware": false,
      "Startup Cost": 45606.58,
      "Total Cost": 45606.59,
      "Plan Rows": 1,
      "Plan Width": 8,
      "Actual Startup Time": 94.439,
      "Actual Total Time": 101.226,
      "Actual Rows": 1,
      "Actual Loops": 1,
      "Plans": [
        {
          "Node Type": "Gather",
          "Parent Relationship": "Outer",
          "Parallel Aware": false,
          "Startup Cost": 45606.16,
          "Total Cost": 45606.57,
          "Plan Rows": 4,
          "Plan Width": 8,
          "Actual Startup Time": 94.32,
          "Actual Total Time": 101.217,
          "Actual Rows": 5,
          "Actual Loops": 1,
          "Workers Planned": 4,
          "Workers Launched": 4,
          "Single Copy": false,
          "Plans": [
            {
              "Node Type": "Aggregate",
              "Strategy": "Plain",
              "Partial Mode": "Partial",
              "Parent Relationship": "Outer",
              "Parallel Aware": false,
              "Startup Cost": 44606.16,
              "Total Cost": 44606.17,
              "Plan Rows": 1,
              "Plan Width": 8,
              "Actual Startup Time": 90.231,
              "Actual Total Time": 90.232,
              "Actual Rows": 1,
              "Actual Loops": 5,
              "Plans": [
                {
                  "Node Type": "Seq Scan",
                  "Parent Relationship": "Outer",
                  "Parallel Aware": true,
                  "Relation Name": "title",
                  "Alias": "t",
                  "Startup Cost": 0.0,
                  "Total Cost": 43899.01,
                  "Plan Rows": 282860,
                  "Plan Width": 0,
                  "Actual Startup Time": 0.02,
                  "Actual Total Time": 78.048,
                  "Actual Rows": 226671,
                  "Actual Loops": 5,
                  "Filter": "(production_year < 2002)",
                  "Rows Removed by Filter": 278991
                }
              ]
            }
          ]
        }
      ]
    },
    "Planning Time": 0.063,
    "Triggers": [],
    "Execution Time": 101.255
  }
]