[
  {
    "Plan": {
      "Node Type": "Aggregate",
      "Strategy": "Plain",
      "Partial Mode": "Finalize",
      "Parallel Aware": false,
      "Startup Cost": 269232.15,
      "Total Cost": 269232.16,
      "Plan Rows": 1,
      "Plan Width": 8,
      "Actual Startup Time": 3176.336,
      "Actual Total Time": 3262.184,
      "Actual Rows": 1,
      "Actual Loops": 1,
      "Plans": [
        {
          "Node Type": "Gather",
          "Parent Relationship": "Outer",
          "Parallel Aware": false,
          "Startup Cost": 269231.83,
          "Total Cost": 269232.14,
          "Plan Rows": 3,
          "Plan Width": 8,
          "Actual Startup Time": 3174.797,
          "Actual Total Time": 3262.176,
          "Actual Rows": 4,
          "Actual Loops": 1,
          "Workers Planned": 3,
          "Workers Launched": 3,
          "Single Copy": false,
          "Plans": [
            {
              "Node Type": "Aggregate",
              "Strategy": "Plain",
              "Partial Mode": "Partial",
              "Parent Relationship": "Outer",
              "Parallel Aware": false,
              "Startup Cost": 268231.83,
              "Total Cost": 268231.84,
              "Plan Rows": 1,
              "Plan Width": 8,
              "Actual Startup Time": 3170.738,
              "Actual Total Time": 3170.743,
              "Actual Rows": 1,
              "Actual Loops": 4,
              "Plans": [
                {
                  "Node Type": "Nested Loop",
                  "Parent Relationship": "Outer",
                  "Parallel Aware": false,
                  "Join Type": "Inner",
                  "Startup Cost": 47116.53,
                  "Total Cost": 268101.73,
                  "Plan Rows": 52042,
                  "Plan Width": 0,
                  "Actual Startup Time": 257.917,
                  "Actual Total Time": 3170.666,
                  "Actual Rows": 336,
                  "Actual Loops": 4,
                  "Inner Unique": false,
                  "Join Filter": "(t.id = ci.movie_id)",
                  "Rows Removed by Join Filter": 0,
                  "Plans": [
                    {
                      "Node Type": "Hash Join",
                      "Parent Relationship": "Outer",
                      "Parallel Aware": true,
                      "Join Type": "Inner",
                      "Startup Cost": 47115.96,
                      "Total Cost": 79326.56,
                      "Plan Rows": 62784,
                      "Plan Width": 8,
                      "Actual Startup Time": 149.154,
                      "Actual Total Time": 273.649,
                      "Actual Rows": 87302,
                      "Actual Loops": 4,
                      "Inner Unique": true,
                      "Hash Cond": "(mc.movie_id = t.id)",
                      "Plans": [
                        {
                          "Node Type": "Seq Scan",
                          "Parent Relationship": "Outer",
                          "Parallel Aware": true,
                          "Relation Name": "movie_companies",
                          "Alias": "mc",
                          "Startup Cost": 0.0,
                          "Total Cost": 31414.82,
                          "Plan Rows": 303154,
                          "Plan Width": 4,
                          "Actual Startup Time": 0.009,
                          "Actual Total Time": 71.592,
                          "Actual Rows": 311364,
                          "Actual Loops": 4,
                          "Filter": "((company_id < 48495) AND (company_type_id = 1))",
                          "Rows Removed by Filter": 340918
                        },
                        {
                          "Node Type": "Hash",
                          "Parent Relationship": "Inner",
                          "Parallel Aware": true,
                          "Startup Cost": 45479.59,
                          "Total Cost": 45479.59,
                          "Plan Rows": 130910,
                          "Plan Width": 4,
                          "Actual Startup Time": 117.869,
                          "Actual Total Time": 117.87,
                          "Actual Rows": 99841,
                          "Actual Loops": 4,
                          "Hash Buckets": 524288,
                          "Original Hash Buckets": 524288,
                          "Hash Batches": 1,
                          "Original Hash Batches": 1,
                          "Peak Memory Usage": 19776,
                          "Plans": [
                            {
                              "Node Type": "Seq Scan",
                              "Parent Relationship": "Outer",
                              "Parallel Aware": true,
                              "Relation Name": "title",
                              "Alias": "t",
                              "Startup Cost": 0.0,
                              "Total Cost": 45479.59,
                              "Plan Rows": 130910,
                              "Plan Width": 4,
                              "Actual Startup Time": 35.507,
                              "Actual Total Time": 86.513,
                              "Actual Rows": 99841,
                              "Actual Loops": 4,
                              "Filter": "((kind_id < 2) AND (production_year > 1976))",
                              "Rows Removed by Filter": 532237
                            }
                          ]
                        }
                      ]
                    },
                    {
                      "Node Type": "Index Scan",
                      "Parent Relationship": "Inner",
                      "Parallel Aware": false,
                      "Scan Direction": "Forward",
                      "Index Name": "movie_id_cast_info",
                      "Relation Name": "cast_info",
                      "Alias": "ci",
                      "Startup Cost": 0.56,
                      "Total Cost": 2.98,
                      "Plan Rows": 2,
                      "Plan Width": 4,
                      "Actual Startup Time": 0.033,
                      "Actual Total Time": 0.033,
                      "Actual Rows": 0,
                      "Actual Loops": 349206,
                      "Index Cond": "(movie_id = mc.movie_id)",
                      "Rows Removed by Index Recheck": 0,
                      "Filter": "((person_id < 997580) AND (role_id = 2))",
                      "Rows Removed by Filter": 68
                    }
                  ]
                }
              ]
            }
          ]
        }
      ]
    },
    "Planning Time": 0.491,
    "Triggers": [],
    "Execution Time": 3262.247
  }
]