[
  {
    "Plan": {
      "Node Type": "Aggregate",
      "Strategy": "Plain",
      "Partial Mode": "Finalize",
      "Parallel Aware": false,
      "Startup Cost": 46484.59,
      "Total Cost": 46484.6,
      "Plan Rows": 1,
      "Plan Width": 8,
      "Actual Startup Time": 87.487,
      "Actual Total Time": 99.877,
      "Actual Rows": 1,
      "Actual Loops": 1,
      "Plans": [
        {
          "Node Type": "Gather",
          "Parent Relationship": "Outer",
          "Parallel Aware": false,
          "Startup Cost": 46484.17,
          "Total Cost": 46484.58,
          "Plan Rows": 4,
          "Plan Width": 8,
          "Actual Startup Time": 87.172,
          "Actual Total Time": 99.867,
          "Actual Rows": 5,
          "Actual Loops": 1,
          "Workers Planned": 4,
          "Workers Launched": 4,
          "Single Copy": false,
          "Plans": [
            {
              "Node Type": "Aggregate",
              "Strategy": "Plain",
              "Partial Mode": "Partial",
              "Parent Relationship": "Outer",
              "Parallel Aware": false,
              "Startup Cost": 45484.17,
              "Total Cost": 45484.18,
              "Plan Rows": 1,
              "Plan Width": 8,
              "Actual Startup Time": 81.558,
              "Actual Total Time": 81.559,
              "Actual Rows": 1,
              "Actual Loops": 5,
              "Plans": [
                {
                  "Node Type": "Seq Scan",
                  "Parent Relationship": "Outer",
                  "Parallel Aware": true,
                  "Relation Name": "title",
                  "Alias": "t",
                  "Startup Cost": 0.0,
                  "Total Cost": 45479.59,
                  "Plan Rows": 1833,
                  "Plan Width": 0,
                  "Actual Startup Time": 0.932,
                  "Actual Total Time": 81.374,
                  "Actual Rows": 1555,
                  "Actual Loops": 5,
                  "Filter": "((kind_id < 7) AND (production_year = 1985))",
                  "Rows Removed by Filter": 504107
                }
              ]
            }
          ]
        }
      ]
    },
    "Planning Time": 0.16,
    "Triggers": [],
    "Execution Time": 99.928
  }
]