{
  "Plan": {
    "Node Type": "Aggregate",
    "Strategy": "Plain",
    "Partial Mode": "Finalize",
    "Parallel Aware": false,
    "Startup Cost": 102253.89,
    "Total Cost": 102253.9,
    "Plan Rows": 1,
    "Plan Width": 8,
    "Actual Startup Time": 402.593,
    "Actual Total Time": 417.293,
    "Actual Rows": 1,
    "Actual Loops": 1,
    "Plans": [
      {
        "Node Type": "Gather",
        "Parent Relationship": "Outer",
        "Parallel Aware": false,
        "Startup Cost": 102253.78,
        "Total Cost": 102253.89,
        "Plan Rows": 1,
        "Plan Width": 8,
        "Actual Startup Time": 401.984,
        "Actual Total Time": 417.285,
        "Actual Rows": 2,
        "Actual Loops": 1,
        "Workers Planned": 1,
        "Workers Launched": 1,
        "Single Copy": false,
        "Plans": [
          {
            "Node Type": "Aggregate",
            "Strategy": "Plain",
            "Partial Mode": "Partial",
            "Parent Relationship": "Outer",
            "Parallel Aware": false,
            "Startup Cost": 101253.78,
            "Total Cost": 101253.79,
            "Plan Rows": 1,
            "Plan Width": 8,
            "Actual Startup Time": 395.45,
            "Actual Total Time": 395.456,
            "Actual Rows": 1,
            "Actual Loops": 2,
            "Plans": [
              {
                "Node Type": "Hash Join",
                "Parent Relationship": "Outer",
                "Parallel Aware": true,
                "Join Type": "Inner",
                "Startup Cost": 82086.91,
                "Total Cost": 101235.86,
                "Plan Rows": 7168,
                "Plan Width": 0,
                "Actual Startup Time": 318.452,
                "Actual Total Time": 394.869,
                "Actual Rows": 13364,
                "Actual Loops": 2,
                "Inner Unique": false,
                "Hash Cond": "(mi_idx.movie_id = t.id)",
                "Plans": [
                  {
                    "Node Type": "Seq Scan",
                    "Parent Relationship": "Outer",
                    "Parallel Aware": true,
                    "Relation Name": "movie_info_idx",
                    "Alias": "mi_idx",
                    "Startup Cost": 0.0,
                    "Total Cost": 18082.32,
                    "Plan Rows": 273193,
                    "Plan Width": 4,
                    "Actual Startup Time": 0.02,
                    "Actual Total Time": 49.639,
                    "Actual Rows": 229962,
                    "Actual Loops": 2,
                    "Filter": "(info_type_id = 100)",
                    "Rows Removed by Filter": 460055
                  },
                  {
                    "Node Type": "Hash",
                    "Parent Relationship": "Inner",
                    "Parallel Aware": true,
                    "Startup Cost": 81599.13,
                    "Total Cost": 81599.13,
                    "Plan Rows": 39022,
                    "Plan Width": 8,
                    "Actual Startup Time": 316.59,
                    "Actual Total Time": 316.594,
                    "Actual Rows": 34964,
                    "Actual Loops": 2,
                    "Hash Buckets": 131072,
                    "Original Hash Buckets": 131072,
                    "Hash Batches": 1,
                    "Original Hash Batches": 1,
                    "Peak Memory Usage": 3808,
                    "Plans": [
                      {
                        "Node Type": "Hash Join",
                        "Parent Relationship": "Outer",
                        "Parallel Aware": true,
                        "Join Type": "Inner",
                        "Startup Cost": 21204.09,
                        "Total Cost": 81599.13,
                        "Plan Rows": 39022,
                        "Plan Width": 8,
                        "Actual Startup Time": 42.452,
                        "Actual Total Time": 307.054,
                        "Actual Rows": 34964,
                        "Actual Loops": 2,
                        "Inner Unique": false,
                        "Hash Cond": "(t.id = mc.movie_id)",
                        "Plans": [
                          {
                            "Node Type": "Seq Scan",
                            "Parent Relationship": "Outer",
                            "Parallel Aware": true,
                            "Relation Name": "title",
                            "Alias": "t",
                            "Startup Cost": 0.0,
                            "Total Cost": 50870.31,
                            "Plan Rows": 1487231,
                            "Plan Width": 4,
                            "Actual Startup Time": 0.01,
                            "Actual Total Time": 119.108,
                            "Actual Rows": 1264156,
                            "Actual Loops": 2
                          },
                          {
                            "Node Type": "Hash",
                            "Parent Relationship": "Inner",
                            "Parallel Aware": true,
                            "Startup Cost": 20716.31,
                            "Total Cost": 20716.31,
                            "Plan Rows": 39022,
                            "Plan Width": 4,
                            "Actual Startup Time": 41.172,
                            "Actual Total Time": 41.174,
                            "Actual Rows": 34964,
                            "Actual Loops": 2,
                            "Hash Buckets": 131072,
                            "Original Hash Buckets": 131072,
                            "Hash Batches": 1,
                            "Original Hash Batches": 1,
                            "Peak Memory Usage": 3808,
                            "Plans": [
                              {
                                "Node Type": "Bitmap Heap Scan",
                                "Parent Relationship": "Outer",
                                "Parallel Aware": true,
                                "Relation Name": "movie_companies",
                                "Alias": "mc",
                                "Startup Cost": 1438.54,
                                "Total Cost": 20716.31,
                                "Plan Rows": 39022,
                                "Plan Width": 4,
                                "Actual Startup Time": 8.384,
                                "Actual Total Time": 29.684,
                                "Actual Rows": 34964,
                                "Actual Loops": 2,
                                "Recheck Cond": "(company_id < 11)",
                                "Rows Removed by Index Recheck": 0,
                                "Exact Heap Blocks": 5694,
                                "Lossy Heap Blocks": 0,
                                "Plans": [
                                  {
                                    "Node Type": "Bitmap Index Scan",
                                    "Parent Relationship": "Outer",
                                    "Parallel Aware": false,
                                    "Index Name": "company_id_movie_companies",
                                    "Startup Cost": 0.0,
                                    "Total Cost": 1421.96,
                                    "Plan Rows": 66337,
                                    "Plan Width": 0,
                                    "Actual Startup Time": 9.094,
                                    "Actual Total Time": 9.094,
                                    "Actual Rows": 69928,
                                    "Actual Loops": 1,
                                    "Index Cond": "(company_id < 11)"
                                  }
                                ]
                              }
                            ]
                          }
                        ]
                      }
                    ]
                  }
                ]
              }
            ]
          }
        ]
      }
    ]
  },
  "Planning Time": 0.956,
  "Triggers": [],
  "Execution Time": 417.396
}