{
  "Plan": {
    "Node Type": "Aggregate",
    "Strategy": "Plain",
    "Partial Mode": "Finalize",
    "Parallel Aware": false,
    "Startup Cost": 213433.06,
    "Total Cost": 213433.07,
    "Plan Rows": 1,
    "Plan Width": 8,
    "Actual Startup Time": 1628.963,
    "Actual Total Time": 1657.947,
    "Actual Rows": 1,
    "Actual Loops": 1,
    "Plans": [
      {
        "Node Type": "Gather",
        "Parent Relationship": "Outer",
        "Parallel Aware": false,
        "Startup Cost": 213432.95,
        "Total Cost": 213433.06,
        "Plan Rows": 1,
        "Plan Width": 8,
        "Actual Startup Time": 1627.315,
        "Actual Total Time": 1657.937,
        "Actual Rows": 2,
        "Actual Loops": 1,
        "Workers Planned": 1,
        "Workers Launched": 1,
        "Single Copy": false,
        "Plans": [
          {
            "Node Type": "Aggregate",
            "Strategy": "Plain",
            "Partial Mode": "Partial",
            "Parent Relationship": "Outer",
            "Parallel Aware": false,
            "Startup Cost": 212432.95,
            "Total Cost": 212432.96,
            "Plan Rows": 1,
            "Plan Width": 8,
            "Actual Startup Time": 1621.319,
            "Actual Total Time": 1621.326,
            "Actual Rows": 1,
            "Actual Loops": 2,
            "Plans": [
              {
                "Node Type": "Hash Join",
                "Parent Relationship": "Outer",
                "Parallel Aware": true,
                "Join Type": "Inner",
                "Startup Cost": 170458.45,
                "Total Cost": 211812.23,
                "Plan Rows": 248289,
                "Plan Width": 0,
                "Actual Startup Time": 1199.101,
                "Actual Total Time": 1587.427,
                "Actual Rows": 646852,
                "Actual Loops": 2,
                "Inner Unique": false,
                "Hash Cond": "(mc.movie_id = t.id)",
                "Plans": [
                  {
                    "Node Type": "Seq Scan",
                    "Parent Relationship": "Outer",
                    "Parallel Aware": true,
                    "Relation Name": "movie_companies",
                    "Alias": "mc",
                    "Startup Cost": 0.0,
                    "Total Cost": 34137.82,
                    "Plan Rows": 1534782,
                    "Plan Width": 4,
                    "Actual Startup Time": 0.017,
                    "Actual Total Time": 116.799,
                    "Actual Rows": 1304564,
                    "Actual Loops": 2
                  },
                  {
                    "Node Type": "Hash",
                    "Parent Relationship": "Inner",
                    "Parallel Aware": true,
                    "Startup Cost": 167450.99,
                    "Total Cost": 167450.99,
                    "Plan Rows": 240597,
                    "Plan Width": 8,
                    "Actual Startup Time": 1193.167,
                    "Actual Total Time": 1193.171,
                    "Actual Rows": 218355,
                    "Actual Loops": 2,
                    "Hash Buckets": 524288,
                    "Original Hash Buckets": 524288,
                    "Hash Batches": 1,
                    "Original Hash Batches": 1,
                    "Peak Memory Usage": 21216,
                    "Plans": [
                      {
                        "Node Type": "Merge Join",
                        "Parent Relationship": "Outer",
                        "Parallel Aware": false,
                        "Join Type": "Inner",
                        "Startup Cost": 2.98,
                        "Total Cost": 167450.99,
                        "Plan Rows": 240597,
                        "Plan Width": 8,
                        "Actual Startup Time": 0.297,
                        "Actual Total Time": 1122.342,
                        "Actual Rows": 218355,
                        "Actual Loops": 2,
                        "Inner Unique": false,
                        "Merge Cond": "(t.id = mi_idx.movie_id)",
                        "Plans": [
                          {
                            "Node Type": "Index Scan",
                            "Parent Relationship": "Outer",
                            "Parallel Aware": true,
                            "Scan Direction": "Forward",
                            "Index Name": "title_pkey",
                            "Relation Name": "title",
                            "Alias": "t",
                            "Startup Cost": 0.43,
                            "Total Cost": 103647.43,
                            "Plan Rows": 1309782,
                            "Plan Width": 4,
                            "Actual Startup Time": 0.075,
                            "Actual Total Time": 735.356,
                            "Actual Rows": 1111738,
                            "Actual Loops": 2,
                            "Filter": "(production_year < 2012)",
                            "Rows Removed by Filter": 151218
                          },
                          {
                            "Node Type": "Index Scan",
                            "Parent Relationship": "Inner",
                            "Parallel Aware": false,
                            "Scan Direction": "Forward",
                            "Index Name": "movie_id_movie_info_idx",
                            "Relation Name": "movie_info_idx",
                            "Alias": "mi_idx",
                            "Startup Cost": 0.43,
                            "Total Cost": 57070.31,
                            "Plan Rows": 464428,
                            "Plan Width": 4,
                            "Actual Startup Time": 0.12,
                            "Actual Total Time": 255.785,
                            "Actual Rows": 459925,
                            "Actual Loops": 2,
                            "Filter": "(info_type_id = 100)",
                            "Rows Removed by Filter": 920110
                          }
                        ]
                      }
                    ]
                  }
                ]
              }
            ]
          }
        ]
      }
    ]
  },
  "Planning Time": 1.092,
  "Triggers": [],
  "Execution Time": 1658.044
}