[
  {
    "Plan": {
      "Node Type": "Aggregate",
      "Strategy": "Plain",
      "Partial Mode": "Finalize",
      "Parallel Aware": false,
      "Startup Cost": 32831.94,
      "Total Cost": 32831.95,
      "Plan Rows": 1,
      "Plan Width": 8,
      "Actual Startup Time": 89.455,
      "Actual Total Time": 95.323,
      "Actual Rows": 1,
      "Actual Loops": 1,
      "Plans": [
        {
          "Node Type": "Gather",
          "Parent Relationship": "Outer",
          "Parallel Aware": false,
          "Startup Cost": 32831.62,
          "Total Cost": 32831.93,
          "Plan Rows": 3,
          "Plan Width": 8,
          "Actual Startup Time": 89.337,
          "Actual Total Time": 95.316,
          "Actual Rows": 4,
          "Actual Loops": 1,
          "Workers Planned": 3,
          "Workers Launched": 3,
          "Single Copy": false,
          "Plans": [
            {
              "Node Type": "Aggregate",
              "Strategy": "Plain",
              "Partial Mode": "Partial",
              "Parent Relationship": "Outer",
              "Parallel Aware": false,
              "Startup Cost": 31831.62,
              "Total Cost": 31831.63,
              "Plan Rows": 1,
              "Plan Width": 8,
              "Actual Startup Time": 80.585,
              "Actual Total Time": 80.586,
              "Actual Rows": 1,
              "Actual Loops": 4,
              "Plans": [
                {
                  "Node Type": "Seq Scan",
                  "Parent Relationship": "Outer",
                  "Parallel Aware": true,
                  "Relation Name": "movie_companies",
                  "Alias": "mc",
                  "Startup Cost": 0.0,
                  "Total Cost": 31414.82,
                  "Plan Rows": 166720,
                  "Plan Width": 0,
                  "Actual Startup Time": 23.898,
                  "Actual Total Time": 77.624,
                  "Actual Rows": 53742,
                  "Actual Loops": 4,
                  "Filter": "((company_id > 14972) AND (company_type_id < 2))",
                  "Rows Removed by Filter": 598540
                }
              ]
            }
          ]
        }
      ]
    },
    "Planning Time": 0.217,
    "Triggers": [],
    "Execution Time": 95.377
  }
]