{
  "Plan": {
    "Node Type": "Aggregate",
    "Strategy": "Plain",
    "Partial Mode": "Finalize",
    "Parallel Aware": false,
    "Startup Cost": 20707.04,
    "Total Cost": 20707.05,
    "Plan Rows": 1,
    "Plan Width": 8,
    "Actual Startup Time": 32.718,
    "Actual Total Time": 36.777,
    "Actual Rows": 1,
    "Actual Loops": 1,
    "Plans": [
      {
        "Node Type": "Gather",
        "Parent Relationship": "Outer",
        "Parallel Aware": false,
        "Startup Cost": 20706.93,
        "Total Cost": 20707.04,
        "Plan Rows": 1,
        "Plan Width": 8,
        "Actual Startup Time": 32.618,
        "Actual Total Time": 36.771,
        "Actual Rows": 2,
        "Actual Loops": 1,
        "Workers Planned": 1,
        "Workers Launched": 1,
        "Single Copy": false,
        "Plans": [
          {
            "Node Type": "Aggregate",
            "Strategy": "Plain",
            "Partial Mode": "Partial",
            "Parent Relationship": "Outer",
            "Parallel Aware": false,
            "Startup Cost": 19706.93,
            "Total Cost": 19706.94,
            "Plan Rows": 1,
            "Plan Width": 8,
            "Actual Startup Time": 26.295,
            "Actual Total Time": 26.296,
            "Actual Rows": 1,
            "Actual Loops": 2,
            "Plans": [
              {
                "Node Type": "Nested Loop",
                "Parent Relationship": "Outer",
                "Parallel Aware": false,
                "Join Type": "Inner",
                "Startup Cost": 92.69,
                "Total Cost": 19703.91,
                "Plan Rows": 1209,
                "Plan Width": 0,
                "Actual Startup Time": 2.15,
                "Actual Total Time": 25.959,
                "Actual Rows": 1861,
                "Actual Loops": 2,
                "Inner Unique": true,
                "Plans": [
                  {
                    "Node Type": "Bitmap Heap Scan",
                    "Parent Relationship": "Outer",
                    "Parallel Aware": true,
                    "Relation Name": "movie_companies",
                    "Alias": "mc",
                    "Startup Cost": 92.26,
                    "Total Cost": 10119.21,
                    "Plan Rows": 1209,
                    "Plan Width": 4,
                    "Actual Startup Time": 1.99,
                    "Actual Total Time": 7.064,
                    "Actual Rows": 1861,
                    "Actual Loops": 2,
                    "Recheck Cond": "(company_id = 312)",
                    "Rows Removed by Index Recheck": 0,
                    "Filter": "(company_type_id = 1)",
                    "Rows Removed by Filter": 130,
                    "Exact Heap Blocks": 1875,
                    "Lossy Heap Blocks": 0,
                    "Plans": [
                      {
                        "Node Type": "Bitmap Index Scan",
                        "Parent Relationship": "Outer",
                        "Parallel Aware": false,
                        "Index Name": "company_id_movie_companies",
                        "Startup Cost": 0.0,
                        "Total Cost": 91.74,
                        "Plan Rows": 4175,
                        "Plan Width": 0,
                        "Actual Startup Time": 2.445,
                        "Actual Total Time": 2.445,
                        "Actual Rows": 3982,
                        "Actual Loops": 1,
                        "Index Cond": "(company_id = 312)"
                      }
                    ]
                  },
                  {
                    "Node Type": "Index Only Scan",
                    "Parent Relationship": "Inner",
                    "Parallel Aware": false,
                    "Scan Direction": "Forward",
                    "Index Name": "title_pkey",
                    "Relation Name": "title",
                    "Alias": "t",
                    "Startup Cost": 0.43,
                    "Total Cost": 7.93,
                    "Plan Rows": 1,
                    "Plan Width": 4,
                    "Actual Startup Time": 0.009,
                    "Actual Total Time": 0.009,
                    "Actual Rows": 1,
                    "Actual Loops": 3722,
                    "Index Cond": "(id = mc.movie_id)",
                    "Rows Removed by Index Recheck": 0,
                    "Heap Fetches": 3722
                  }
                ]
              }
            ]
          }
        ]
      }
    ]
  },
  "Planning Time": 0.717,
  "Triggers": [],
  "Execution Time": 36.865
}