[
    {
        "Bao": {
            "Bao prediction": "NaN",
            "Bao recommended hint": "(no hint)"
        }
    },
    {
        "Plan": {
            "Node Type": "Aggregate",
            "Strategy": "Plain",
            "Partial Mode": "Finalize",
            "Parallel Aware": false,
            "Startup Cost": 198017.03,
            "Total Cost": 198017.04,
            "Plan Rows": 1,
            "Plan Width": 8,
            "Actual Startup Time": 648.392,
            "Actual Total Time": 663.94,
            "Actual Rows": 1,
            "Actual Loops": 1,
            "Output": [
                "count(*)"
            ],
            "Plans": [
                {
                    "Node Type": "Gather",
                    "Parent Relationship": "Outer",
                    "Parallel Aware": false,
                    "Startup Cost": 198016.51,
                    "Total Cost": 198017.02,
                    "Plan Rows": 5,
                    "Plan Width": 8,
                    "Actual Startup Time": 642.481,
                    "Actual Total Time": 663.929,
                    "Actual Rows": 6,
                    "Actual Loops": 1,
                    "Output": [
                        "(PARTIAL count(*))"
                    ],
                    "Workers Planned": 5,
                    "Workers Launched": 5,
                    "Single Copy": false,
                    "Plans": [
                        {
                            "Node Type": "Aggregate",
                            "Strategy": "Plain",
                            "Partial Mode": "Partial",
                            "Parent Relationship": "Outer",
                            "Parallel Aware": false,
                            "Startup Cost": 197016.51,
                            "Total Cost": 197016.52,
                            "Plan Rows": 1,
                            "Plan Width": 8,
                            "Actual Startup Time": 630.901,
                            "Actual Total Time": 630.908,
                            "Actual Rows": 1,
                            "Actual Loops": 6,
                            "Output": [
                                "PARTIAL count(*)"
                            ],
                            "Workers": [
                                {
                                    "Worker Number": 0,
                                    "Actual Startup Time": 627.881,
                                    "Actual Total Time": 627.886,
                                    "Actual Rows": 1,
                                    "Actual Loops": 1
                                },
                                {
                                    "Worker Number": 1,
                                    "Actual Startup Time": 628.696,
                                    "Actual Total Time": 628.702,
                                    "Actual Rows": 1,
                                    "Actual Loops": 1
                                },
                                {
                                    "Worker Number": 2,
                                    "Actual Startup Time": 629.037,
                                    "Actual Total Time": 629.044,
                                    "Actual Rows": 1,
                                    "Actual Loops": 1
                                },
                                {
                                    "Worker Number": 3,
                                    "Actual Startup Time": 629.01,
                                    "Actual Total Time": 629.016,
                                    "Actual Rows": 1,
                                    "Actual Loops": 1
                                },
                                {
                                    "Worker Number": 4,
                                    "Actual Startup Time": 629.021,
                                    "Actual Total Time": 629.028,
                                    "Actual Rows": 1,
                                    "Actual Loops": 1
                                }
                            ],
                            "Plans": [
                                {
                                    "Node Type": "Hash Join",
                                    "Parent Relationship": "Outer",
                                    "Parallel Aware": true,
                                    "Join Type": "Inner",
                                    "Startup Cost": 78603.46,
                                    "Total Cost": 196909.04,
                                    "Plan Rows": 42990,
                                    "Plan Width": 0,
                                    "Actual Startup Time": 268.59,
                                    "Actual Total Time": 614.557,
                                    "Actual Rows": 315798,
                                    "Actual Loops": 6,
                                    "Inner Unique": false,
                                    "Hash Cond": "(ci.movie_id = t.id)",
                                    "Workers": [
                                        {
                                            "Worker Number": 0,
                                            "Actual Startup Time": 265.779,
                                            "Actual Total Time": 613.728,
                                            "Actual Rows": 347826,
                                            "Actual Loops": 1
                                        },
                                        {
                                            "Worker Number": 1,
                                            "Actual Startup Time": 266.442,
                                            "Actual Total Time": 612.892,
                                            "Actual Rows": 371046,
                                            "Actual Loops": 1
                                        },
                                        {
                                            "Worker Number": 2,
                                            "Actual Startup Time": 266.787,
                                            "Actual Total Time": 611.946,
                                            "Actual Rows": 259350,
                                            "Actual Loops": 1
                                        },
                                        {
                                            "Worker Number": 3,
                                            "Actual Startup Time": 267.072,
                                            "Actual Total Time": 611.671,
                                            "Actual Rows": 262990,
                                            "Actual Loops": 1
                                        },
                                        {
                                            "Worker Number": 4,
                                            "Actual Startup Time": 266.804,
                                            "Actual Total Time": 613.188,
                                            "Actual Rows": 369576,
                                            "Actual Loops": 1
                                        }
                                    ],
                                    "Plans": [
                                        {
                                            "Node Type": "Index Scan",
                                            "Parent Relationship": "Outer",
                                            "Parallel Aware": true,
                                            "Scan Direction": "Forward",
                                            "Index Name": "role_id_cast_info",
                                            "Relation Name": "cast_info",
                                            "Schema": "public",
                                            "Alias": "ci",
                                            "Startup Cost": 0.56,
                                            "Total Cost": 115696.32,
                                            "Plan Rows": 658972,
                                            "Plan Width": 4,
                                            "Actual Startup Time": 0.183,
                                            "Actual Total Time": 165.047,
                                            "Actual Rows": 666727,
                                            "Actual Loops": 6,
                                            "Output": [
                                                "ci.id",
                                                "ci.person_id",
                                                "ci.movie_id",
                                                "ci.person_role_id",
                                                "ci.note",
                                                "ci.nr_order",
                                                "ci.role_id"
                                            ],
                                            "Index Cond": "(ci.role_id = 10)",
                                            "Rows Removed by Index Recheck": 0,
                                            "Filter": "(ci.person_id > 810098)",
                                            "Rows Removed by Filter": 53776,
                                            "Workers": [
                                                {
                                                    "Worker Number": 0,
                                                    "Actual Startup Time": 0.246,
                                                    "Actual Total Time": 156.947,
                                                    "Actual Rows": 725213,
                                                    "Actual Loops": 1
                                                },
                                                {
                                                    "Worker Number": 1,
                                                    "Actual Startup Time": 0.089,
                                                    "Actual Total Time": 167.751,
                                                    "Actual Rows": 790449,
                                                    "Actual Loops": 1
                                                },
                                                {
                                                    "Worker Number": 2,
                                                    "Actual Startup Time": 0.169,
                                                    "Actual Total Time": 170.516,
                                                    "Actual Rows": 550883,
                                                    "Actual Loops": 1
                                                },
                                                {
                                                    "Worker Number": 3,
                                                    "Actual Startup Time": 0.269,
                                                    "Actual Total Time": 169.686,
                                                    "Actual Rows": 546817,
                                                    "Actual Loops": 1
                                                },
                                                {
                                                    "Worker Number": 4,
                                                    "Actual Startup Time": 0.127,
                                                    "Actual Total Time": 165.896,
                                                    "Actual Rows": 785240,
                                                    "Actual Loops": 1
                                                }
                                            ]
                                        },
                                        {
                                            "Node Type": "Hash",
                                            "Parent Relationship": "Inner",
                                            "Parallel Aware": true,
                                            "Startup Cost": 77937.8,
                                            "Total Cost": 77937.8,
                                            "Plan Rows": 53208,
                                            "Plan Width": 8,
                                            "Actual Startup Time": 266.999,
                                            "Actual Total Time": 267.004,
                                            "Actual Rows": 87107,
                                            "Actual Loops": 6,
                                            "Output": [
                                                "t.id",
                                                "mc.movie_id"
                                            ],
                                            "Hash Buckets": 524288,
                                            "Original Hash Buckets": 262144,
                                            "Hash Batches": 1,
                                            "Original Hash Batches": 1,
                                            "Peak Memory Usage": 26688,
                                            "Workers": [
                                                {
                                                    "Worker Number": 0,
                                                    "Actual Startup Time": 265.052,
                                                    "Actual Total Time": 265.056,
                                                    "Actual Rows": 94767,
                                                    "Actual Loops": 1
                                                },
                                                {
                                                    "Worker Number": 1,
                                                    "Actual Startup Time": 265.887,
                                                    "Actual Total Time": 265.891,
                                                    "Actual Rows": 99097,
                                                    "Actual Loops": 1
                                                },
                                                {
                                                    "Worker Number": 2,
                                                    "Actual Startup Time": 266.118,
                                                    "Actual Total Time": 266.123,
                                                    "Actual Rows": 75380,
                                                    "Actual Loops": 1
                                                },
                                                {
                                                    "Worker Number": 3,
                                                    "Actual Startup Time": 266.134,
                                                    "Actual Total Time": 266.139,
                                                    "Actual Rows": 74788,
                                                    "Actual Loops": 1
                                                },
                                                {
                                                    "Worker Number": 4,
                                                    "Actual Startup Time": 266.26,
                                                    "Actual Total Time": 266.265,
                                                    "Actual Rows": 98572,
                                                    "Actual Loops": 1
                                                }
                                            ],
                                            "Plans": [
                                                {
                                                    "Node Type": "Hash Join",
                                                    "Parent Relationship": "Outer",
                                                    "Parallel Aware": true,
                                                    "Join Type": "Inner",
                                                    "Startup Cost": 45996.98,
                                                    "Total Cost": 77937.8,
                                                    "Plan Rows": 53208,
                                                    "Plan Width": 8,
                                                    "Actual Startup Time": 173.675,
                                                    "Actual Total Time": 231.518,
                                                    "Actual Rows": 87107,
                                                    "Actual Loops": 6,
                                                    "Output": [
                                                        "t.id",
                                                        "mc.movie_id"
                                                    ],
                                                    "Inner Unique": true,
                                                    "Hash Cond": "(mc.movie_id = t.id)",
                                                    "Workers": [
                                                        {
                                                            "Worker Number": 0,
                                                            "Actual Startup Time": 171.722,
                                                            "Actual Total Time": 228.179,
                                                            "Actual Rows": 94767,
                                                            "Actual Loops": 1
                                                        },
                                                        {
                                                            "Worker Number": 1,
                                                            "Actual Startup Time": 172.585,
                                                            "Actual Total Time": 231.376,
                                                            "Actual Rows": 99097,
                                                            "Actual Loops": 1
                                                        },
                                                        {
                                                            "Worker Number": 2,
                                                            "Actual Startup Time": 172.812,
                                                            "Actual Total Time": 230.98,
                                                            "Actual Rows": 75380,
                                                            "Actual Loops": 1
                                                        },
                                                        {
                                                            "Worker Number": 3,
                                                            "Actual Startup Time": 172.807,
                                                            "Actual Total Time": 231.286,
                                                            "Actual Rows": 74788,
                                                            "Actual Loops": 1
                                                        },
                                                        {
                                                            "Worker Number": 4,
                                                            "Actual Startup Time": 172.846,
                                                            "Actual Total Time": 231.035,
                                                            "Actual Rows": 98572,
                                                            "Actual Loops": 1
                                                        }
                                                    ],
                                                    "Plans": [
                                                        {
                                                            "Node Type": "Seq Scan",
                                                            "Parent Relationship": "Outer",
                                                            "Parallel Aware": true,
                                                            "Relation Name": "movie_companies",
                                                            "Schema": "public",
                                                            "Alias": "mc",
                                                            "Startup Cost": 0.0,
                                                            "Total Cost": 31414.82,
                                                            "Plan Rows": 200380,
                                                            "Plan Width": 4,
                                                            "Actual Startup Time": 24.382,
                                                            "Actual Total Time": 55.613,
                                                            "Actual Rows": 147833,
                                                            "Actual Loops": 6,
                                                            "Output": [
                                                                "mc.id",
                                                                "mc.movie_id",
                                                                "mc.company_id",
                                                                "mc.company_type_id",
                                                                "mc.note"
                                                            ],
                                                            "Filter": "((mc.company_id > 11961) AND (mc.company_type_id = 2))",
                                                            "Rows Removed by Filter": 287022,
                                                            "Workers": [
                                                                {
                                                                    "Worker Number": 0,
                                                                    "Actual Startup Time": 24.456,
                                                                    "Actual Total Time": 53.223,
                                                                    "Actual Rows": 163008,
                                                                    "Actual Loops": 1
                                                                },
                                                                {
                                                                    "Worker Number": 1,
                                                                    "Actual Startup Time": 24.351,
                                                                    "Actual Total Time": 55.464,
                                                                    "Actual Rows": 167177,
                                                                    "Actual Loops": 1
                                                                },
                                                                {
                                                                    "Worker Number": 2,
                                                                    "Actual Startup Time": 24.343,
                                                                    "Actual Total Time": 57.802,
                                                                    "Actual Rows": 126294,
                                                                    "Actual Loops": 1
                                                                },
                                                                {
                                                                    "Worker Number": 3,
                                                                    "Actual Startup Time": 24.337,
                                                                    "Actual Total Time": 57.688,
                                                                    "Actual Rows": 126849,
                                                                    "Actual Loops": 1
                                                                },
                                                                {
                                                                    "Worker Number": 4,
                                                                    "Actual Startup Time": 24.456,
                                                                    "Actual Total Time": 55.385,
                                                                    "Actual Rows": 166734,
                                                                    "Actual Loops": 1
                                                                }
                                                            ]
                                                        },
                                                        {
                                                            "Node Type": "Hash",
                                                            "Parent Relationship": "Inner",
                                                            "Parallel Aware": true,
                                                            "Startup Cost": 43899.01,
                                                            "Total Cost": 43899.01,
                                                            "Plan Rows": 167838,
                                                            "Plan Width": 4,
                                                            "Actual Startup Time": 125.38,
                                                            "Actual Total Time": 125.382,
                                                            "Actual Rows": 110471,
                                                            "Actual Loops": 6,
                                                            "Output": [
                                                                "t.id"
                                                            ],
                                                            "Hash Buckets": 1048576,
                                                            "Original Hash Buckets": 1048576,
                                                            "Hash Batches": 1,
                                                            "Original Hash Batches": 1,
                                                            "Peak Memory Usage": 34240,
                                                            "Workers": [
                                                                {
                                                                    "Worker Number": 0,
                                                                    "Actual Startup Time": 125.103,
                                                                    "Actual Total Time": 125.104,
                                                                    "Actual Rows": 111532,
                                                                    "Actual Loops": 1
                                                                },
                                                                {
                                                                    "Worker Number": 1,
                                                                    "Actual Startup Time": 125.996,
                                                                    "Actual Total Time": 125.998,
                                                                    "Actual Rows": 133213,
                                                                    "Actual Loops": 1
                                                                },
                                                                {
                                                                    "Worker Number": 2,
                                                                    "Actual Startup Time": 126.192,
                                                                    "Actual Total Time": 126.193,
                                                                    "Actual Rows": 89281,
                                                                    "Actual Loops": 1
                                                                },
                                                                {
                                                                    "Worker Number": 3,
                                                                    "Actual Startup Time": 126.231,
                                                                    "Actual Total Time": 126.232,
                                                                    "Actual Rows": 87753,
                                                                    "Actual Loops": 1
                                                                },
                                                                {
                                                                    "Worker Number": 4,
                                                                    "Actual Startup Time": 126.396,
                                                                    "Actual Total Time": 126.398,
                                                                    "Actual Rows": 132708,
                                                                    "Actual Loops": 1
                                                                }
                                                            ],
                                                            "Plans": [
                                                                {
                                                                    "Node Type": "Seq Scan",
                                                                    "Parent Relationship": "Outer",
                                                                    "Parallel Aware": true,
                                                                    "Relation Name": "title",
                                                                    "Schema": "public",
                                                                    "Alias": "t",
                                                                    "Startup Cost": 0.0,
                                                                    "Total Cost": 43899.01,
                                                                    "Plan Rows": 167838,
                                                                    "Plan Width": 4,
                                                                    "Actual Startup Time": 41.323,
                                                                    "Actual Total Time": 81.371,
                                                                    "Actual Rows": 110471,
                                                                    "Actual Loops": 6,
                                                                    "Output": [
                                                                        "t.id"
                                                                    ],
                                                                    "Filter": "(t.kind_id = 1)",
                                                                    "Rows Removed by Filter": 310914,
                                                                    "Workers": [
                                                                        {
                                                                            "Worker Number": 0,
                                                                            "Actual Startup Time": 48.512,
                                                                            "Actual Total Time": 79.575,
                                                                            "Actual Rows": 111532,
                                                                            "Actual Loops": 1
                                                                        },
                                                                        {
                                                                            "Worker Number": 1,
                                                                            "Actual Startup Time": 48.489,
                                                                            "Actual Total Time": 81.491,
                                                                            "Actual Rows": 133213,
                                                                            "Actual Loops": 1
                                                                        },
                                                                        {
                                                                            "Worker Number": 2,
                                                                            "Actual Startup Time": 48.499,
                                                                            "Actual Total Time": 83.259,
                                                                            "Actual Rows": 89281,
                                                                            "Actual Loops": 1
                                                                        },
                                                                        {
                                                                            "Worker Number": 3,
                                                                            "Actual Startup Time": 48.888,
                                                                            "Actual Total Time": 83.082,
                                                                            "Actual Rows": 87753,
                                                                            "Actual Loops": 1
                                                                        },
                                                                        {
                                                                            "Worker Number": 4,
                                                                            "Actual Startup Time": 4.743,
                                                                            "Actual Total Time": 81.483,
                                                                            "Actual Rows": 132708,
                                                                            "Actual Loops": 1
                                                                        }
                                                                    ]
                                                                }
                                                            ]
                                                        }
                                                    ]
                                                }
                                            ]
                                        }
                                    ]
                                }
                            ]
                        }
                    ]
                }
            ]
        },
        "Planning Time": 311.778,
        "Triggers": [],
        "Execution Time": 664.076
    }
]