[
  {
    "Plan": {
      "Node Type": "Aggregate",
      "Strategy": "Plain",
      "Partial Mode": "Finalize",
      "Parallel Aware": false,
      "Startup Cost": 68433.9,
      "Total Cost": 68433.91,
      "Plan Rows": 1,
      "Plan Width": 8,
      "Actual Startup Time": 110.931,
      "Actual Total Time": 125.414,
      "Actual Rows": 1,
      "Actual Loops": 1,
      "Plans": [
        {
          "Node Type": "Gather",
          "Parent Relationship": "Outer",
          "Parallel Aware": false,
          "Startup Cost": 68433.48,
          "Total Cost": 68433.89,
          "Plan Rows": 4,
          "Plan Width": 8,
          "Actual Startup Time": 110.829,
          "Actual Total Time": 125.407,
          "Actual Rows": 5,
          "Actual Loops": 1,
          "Workers Planned": 4,
          "Workers Launched": 4,
          "Single Copy": false,
          "Plans": [
            {
              "Node Type": "Aggregate",
              "Strategy": "Plain",
              "Partial Mode": "Partial",
              "Parent Relationship": "Outer",
              "Parallel Aware": false,
              "Startup Cost": 67433.48,
              "Total Cost": 67433.49,
              "Plan Rows": 1,
              "Plan Width": 8,
              "Actual Startup Time": 100.97,
              "Actual Total Time": 100.971,
              "Actual Rows": 1,
              "Actual Loops": 5,
              "Plans": [
                {
                  "Node Type": "Nested Loop",
                  "Parent Relationship": "Outer",
                  "Parallel Aware": false,
                  "Join Type": "Inner",
                  "Startup Cost": 0.43,
                  "Total Cost": 67431.19,
                  "Plan Rows": 916,
                  "Plan Width": 0,
                  "Actual Startup Time": 1.959,
                  "Actual Total Time": 100.801,
                  "Actual Rows": 1301,
                  "Actual Loops": 5,
                  "Inner Unique": false,
                  "Plans": [
                    {
                      "Node Type": "Seq Scan",
                      "Parent Relationship": "Outer",
                      "Parallel Aware": true,
                      "Relation Name": "title",
                      "Alias": "t",
                      "Startup Cost": 0.0,
                      "Total Cost": 45479.1,
                      "Plan Rows": 1801,
                      "Plan Width": 4,
                      "Actual Startup Time": 0.398,
                      "Actual Total Time": 83.415,
                      "Actual Rows": 1417,
                      "Actual Loops": 5,
                      "Filter": "((kind_id < 7) AND (production_year = 1983))",
                      "Rows Removed by Filter": 504245
                    },
                    {
                      "Node Type": "Index Scan",
                      "Parent Relationship": "Inner",
                      "Parallel Aware": false,
                      "Scan Direction": "Forward",
                      "Index Name": "movie_id_movie_companies",
                      "Relation Name": "movie_companies",
                      "Alias": "mc",
                      "Startup Cost": 0.43,
                      "Total Cost": 12.16,
                      "Plan Rows": 3,
                      "Plan Width": 4,
                      "Actual Startup Time": 0.012,
                      "Actual Total Time": 0.012,
                      "Actual Rows": 1,
                      "Actual Loops": 7085,
                      "Index Cond": "(movie_id = t.id)",
                      "Rows Removed by Index Recheck": 0,
                      "Filter": "((company_id > 11) AND (company_type_id = 2))",
                      "Rows Removed by Filter": 1
                    }
                  ]
                }
              ]
            }
          ]
        }
      ]
    },
    "Planning Time": 0.808,
    "Triggers": [],
    "Execution Time": 125.486
  }
]