[
  {
    "Plan": {
      "Node Type": "Aggregate",
      "Strategy": "Plain",
      "Partial Mode": "Finalize",
      "Parallel Aware": false,
      "Startup Cost": 83867.5,
      "Total Cost": 83867.51,
      "Plan Rows": 1,
      "Plan Width": 8,
      "Actual Startup Time": 295.384,
      "Actual Total Time": 311.789,
      "Actual Rows": 1,
      "Actual Loops": 1,
      "Plans": [
        {
          "Node Type": "Gather",
          "Parent Relationship": "Outer",
          "Parallel Aware": false,
          "Startup Cost": 83867.18,
          "Total Cost": 83867.49,
          "Plan Rows": 3,
          "Plan Width": 8,
          "Actual Startup Time": 293.044,
          "Actual Total Time": 311.779,
          "Actual Rows": 4,
          "Actual Loops": 1,
          "Workers Planned": 3,
          "Workers Launched": 3,
          "Single Copy": false,
          "Plans": [
            {
              "Node Type": "Aggregate",
              "Strategy": "Plain",
              "Partial Mode": "Partial",
              "Parent Relationship": "Outer",
              "Parallel Aware": false,
              "Startup Cost": 82867.18,
              "Total Cost": 82867.19,
              "Plan Rows": 1,
              "Plan Width": 8,
              "Actual Startup Time": 287.643,
              "Actual Total Time": 287.648,
              "Actual Rows": 1,
              "Actual Loops": 4,
              "Plans": [
                {
                  "Node Type": "Hash Join",
                  "Parent Relationship": "Outer",
                  "Parallel Aware": true,
                  "Join Type": "Inner",
                  "Startup Cost": 56179.3,
                  "Total Cost": 82811.05,
                  "Plan Rows": 22452,
                  "Plan Width": 0,
                  "Actual Startup Time": 192.114,
                  "Actual Total Time": 285.683,
                  "Actual Rows": 26626,
                  "Actual Loops": 4,
                  "Inner Unique": true,
                  "Hash Cond": "(mk.movie_id = t.id)",
                  "Plans": [
                    {
                      "Node Type": "Bitmap Heap Scan",
                      "Parent Relationship": "Outer",
                      "Parallel Aware": true,
                      "Relation Name": "movie_keyword",
                      "Alias": "mk",
                      "Startup Cost": 9467.64,
                      "Total Cost": 35721.43,
                      "Plan Rows": 143984,
                      "Plan Width": 4,
                      "Actual Startup Time": 46.967,
                      "Actual Total Time": 112.254,
                      "Actual Rows": 111019,
                      "Actual Loops": 4,
                      "Recheck Cond": "(keyword_id > 39879)",
                      "Rows Removed by Index Recheck": 0,
                      "Exact Heap Blocks": 6319,
                      "Lossy Heap Blocks": 0,
                      "Plans": [
                        {
                          "Node Type": "Bitmap Index Scan",
                          "Parent Relationship": "Outer",
                          "Parallel Aware": false,
                          "Index Name": "keyword_id_movie_keyword",
                          "Startup Cost": 0.0,
                          "Total Cost": 9356.05,
                          "Plan Rows": 446349,
                          "Plan Width": 0,
                          "Actual Startup Time": 41.471,
                          "Actual Total Time": 41.472,
                          "Actual Rows": 444075,
                          "Actual Loops": 1,
                          "Index Cond": "(keyword_id > 39879)"
                        }
                      ]
                    },
                    {
                      "Node Type": "Hash",
                      "Parent Relationship": "Inner",
                      "Parallel Aware": true,
                      "Startup Cost": 45479.59,
                      "Total Cost": 45479.59,
                      "Plan Rows": 98566,
                      "Plan Width": 4,
                      "Actual Startup Time": 142.147,
                      "Actual Total Time": 142.148,
                      "Actual Rows": 83998,
                      "Actual Loops": 4,
                      "Hash Buckets": 524288,
                      "Original Hash Buckets": 524288,
                      "Hash Batches": 1,
                      "Original Hash Batches": 1,
                      "Peak Memory Usage": 17280,
                      "Plans": [
                        {
                          "Node Type": "Seq Scan",
                          "Parent Relationship": "Outer",
                          "Parallel Aware": true,
                          "Relation Name": "title",
                          "Alias": "t",
                          "Startup Cost": 0.0,
                          "Total Cost": 45479.59,
                          "Plan Rows": 98566,
                          "Plan Width": 4,
                          "Actual Startup Time": 0.094,
                          "Actual Total Time": 106.972,
                          "Actual Rows": 83998,
                          "Actual Loops": 4,
                          "Filter": "((kind_id < 7) AND (production_year > 2005))",
                          "Rows Removed by Filter": 548080
                        }
                      ]
                    }
                  ]
                }
              ]
            }
          ]
        }
      ]
    },
    "Planning Time": 0.63,
    "Triggers": [],
    "Execution Time": 311.869
  }
]