[
  {
    "Plan": {
      "Node Type": "Aggregate",
      "Strategy": "Plain",
      "Partial Mode": "Finalize",
      "Parallel Aware": false,
      "Startup Cost": 72226.24,
      "Total Cost": 72226.25,
      "Plan Rows": 1,
      "Plan Width": 8,
      "Actual Startup Time": 190.463,
      "Actual Total Time": 201.072,
      "Actual Rows": 1,
      "Actual Loops": 1,
      "Plans": [
        {
          "Node Type": "Gather",
          "Parent Relationship": "Outer",
          "Parallel Aware": false,
          "Startup Cost": 72225.92,
          "Total Cost": 72226.23,
          "Plan Rows": 3,
          "Plan Width": 8,
          "Actual Startup Time": 189.927,
          "Actual Total Time": 201.062,
          "Actual Rows": 4,
          "Actual Loops": 1,
          "Workers Planned": 3,
          "Workers Launched": 3,
          "Single Copy": false,
          "Plans": [
            {
              "Node Type": "Aggregate",
              "Strategy": "Plain",
              "Partial Mode": "Partial",
              "Parent Relationship": "Outer",
              "Parallel Aware": false,
              "Startup Cost": 71225.92,
              "Total Cost": 71225.93,
              "Plan Rows": 1,
              "Plan Width": 8,
              "Actual Startup Time": 180.263,
              "Actual Total Time": 180.269,
              "Actual Rows": 1,
              "Actual Loops": 4,
              "Plans": [
                {
                  "Node Type": "Nested Loop",
                  "Parent Relationship": "Outer",
                  "Parallel Aware": false,
                  "Join Type": "Inner",
                  "Startup Cost": 43962.65,
                  "Total Cost": 71223.08,
                  "Plan Rows": 1138,
                  "Plan Width": 0,
                  "Actual Startup Time": 109.196,
                  "Actual Total Time": 179.528,
                  "Actual Rows": 10472,
                  "Actual Loops": 4,
                  "Inner Unique": false,
                  "Join Filter": "(t.id = mi_idx.movie_id)",
                  "Rows Removed by Join Filter": 0,
                  "Plans": [
                    {
                      "Node Type": "Hash Join",
                      "Parent Relationship": "Outer",
                      "Parallel Aware": true,
                      "Join Type": "Inner",
                      "Startup Cost": 43962.22,
                      "Total Cost": 69691.96,
                      "Plan Rows": 2085,
                      "Plan Width": 8,
                      "Actual Startup Time": 109.058,
                      "Actual Total Time": 153.975,
                      "Actual Rows": 5064,
                      "Actual Loops": 4,
                      "Inner Unique": true,
                      "Hash Cond": "(mk.movie_id = t.id)",
                      "Plans": [
                        {
                          "Node Type": "Bitmap Heap Scan",
                          "Parent Relationship": "Outer",
                          "Parallel Aware": true,
                          "Relation Name": "movie_keyword",
                          "Alias": "mk",
                          "Startup Cost": 5546.86,
                          "Total Cost": 31055.19,
                          "Plan Rows": 84346,
                          "Plan Width": 4,
                          "Actual Startup Time": 27.022,
                          "Actual Total Time": 75.195,
                          "Actual Rows": 67065,
                          "Actual Loops": 4,
                          "Recheck Cond": "(keyword_id < 230)",
                          "Rows Removed by Index Recheck": 0,
                          "Exact Heap Blocks": 6534,
                          "Lossy Heap Blocks": 0,
                          "Plans": [
                            {
                              "Node Type": "Bitmap Index Scan",
                              "Parent Relationship": "Outer",
                              "Parallel Aware": false,
                              "Index Name": "keyword_id_movie_keyword",
                              "Startup Cost": 0.0,
                              "Total Cost": 5481.49,
                              "Plan Rows": 261474,
                              "Plan Width": 0,
                              "Actual Startup Time": 21.143,
                              "Actual Total Time": 21.143,
                              "Actual Rows": 268261,
                              "Actual Loops": 1,
                              "Index Cond": "(keyword_id < 230)"
                            }
                          ]
                        },
                        {
                          "Node Type": "Hash",
                          "Parent Relationship": "Inner",
                          "Parallel Aware": true,
                          "Startup Cost": 38220.1,
                          "Total Cost": 38220.1,
                          "Plan Rows": 15621,
                          "Plan Width": 4,
                          "Actual Startup Time": 62.18,
                          "Actual Total Time": 62.181,
                          "Actual Rows": 19374,
                          "Actual Loops": 4,
                          "Hash Buckets": 131072,
                          "Original Hash Buckets": 65536,
                          "Hash Batches": 1,
                          "Original Hash Batches": 1,
                          "Peak Memory Usage": 4608,
                          "Plans": [
                            {
                              "Node Type": "Bitmap Heap Scan",
                              "Parent Relationship": "Outer",
                              "Parallel Aware": true,
                              "Relation Name": "title",
                              "Alias": "t",
                              "Startup Cost": 1838.75,
                              "Total Cost": 38220.1,
                              "Plan Rows": 15621,
                              "Plan Width": 4,
                              "Actual Startup Time": 13.087,
                              "Actual Total Time": 50.441,
                              "Actual Rows": 19374,
                              "Actual Loops": 4,
                              "Recheck Cond": "(kind_id = 3)",
                              "Rows Removed by Index Recheck": 0,
                              "Filter": "(production_year < 2007)",
                              "Rows Removed by Filter": 5760,
                              "Exact Heap Blocks": 6232,
                              "Lossy Heap Blocks": 0,
                              "Plans": [
                                {
                                  "Node Type": "Bitmap Index Scan",
                                  "Parent Relationship": "Outer",
                                  "Parallel Aware": false,
                                  "Index Name": "kind_id_title",
                                  "Startup Cost": 0.0,
                                  "Total Cost": 1823.13,
                                  "Plan Rows": 102227,
                                  "Plan Width": 0,
                                  "Actual Startup Time": 14.4,
                                  "Actual Total Time": 14.4,
                                  "Actual Rows": 100537,
                                  "Actual Loops": 1,
                                  "Index Cond": "(kind_id = 3)"
                                }
                              ]
                            }
                          ]
                        }
                      ]
                    },
                    {
                      "Node Type": "Index Only Scan",
                      "Parent Relationship": "Inner",
                      "Parallel Aware": false,
                      "Scan Direction": "Forward",
                      "Index Name": "movie_id_movie_info_idx",
                      "Relation Name": "movie_info_idx",
                      "Alias": "mi_idx",
                      "Startup Cost": 0.43,
                      "Total Cost": 0.7,
                      "Plan Rows": 3,
                      "Plan Width": 4,
                      "Actual Startup Time": 0.004,
                      "Actual Total Time": 0.004,
                      "Actual Rows": 2,
                      "Actual Loops": 20258,
                      "Index Cond": "(movie_id = mk.movie_id)",
                      "Rows Removed by Index Recheck": 0,
                      "Heap Fetches": 41886
                    }
                  ]
                }
              ]
            }
          ]
        }
      ]
    },
    "Planning Time": 1.384,
    "Triggers": [],
    "Execution Time": 201.195
  }
]