[
  {
    "Plan": {
      "Node Type": "Aggregate",
      "Strategy": "Plain",
      "Partial Mode": "Finalize",
      "Parallel Aware": false,
      "Startup Cost": 397357.21,
      "Total Cost": 397357.22,
      "Plan Rows": 1,
      "Plan Width": 8,
      "Actual Startup Time": 2631.007,
      "Actual Total Time": 2683.333,
      "Actual Rows": 1,
      "Actual Loops": 1,
      "Plans": [
        {
          "Node Type": "Gather",
          "Parent Relationship": "Outer",
          "Parallel Aware": false,
          "Startup Cost": 397356.58,
          "Total Cost": 397357.19,
          "Plan Rows": 6,
          "Plan Width": 8,
          "Actual Startup Time": 2608.832,
          "Actual Total Time": 2683.32,
          "Actual Rows": 7,
          "Actual Loops": 1,
          "Workers Planned": 6,
          "Workers Launched": 6,
          "Single Copy": false,
          "Plans": [
            {
              "Node Type": "Aggregate",
              "Strategy": "Plain",
              "Partial Mode": "Partial",
              "Parent Relationship": "Outer",
              "Parallel Aware": false,
              "Startup Cost": 396356.58,
              "Total Cost": 396356.59,
              "Plan Rows": 1,
              "Plan Width": 8,
              "Actual Startup Time": 2590.306,
              "Actual Total Time": 2590.31,
              "Actual Rows": 1,
              "Actual Loops": 7,
              "Plans": [
                {
                  "Node Type": "Hash Join",
                  "Parent Relationship": "Outer",
                  "Parallel Aware": true,
                  "Join Type": "Inner",
                  "Startup Cost": 51253.35,
                  "Total Cost": 388419.22,
                  "Plan Rows": 3174944,
                  "Plan Width": 0,
                  "Actual Startup Time": 517.738,
                  "Actual Total Time": 2436.12,
                  "Actual Rows": 2826279,
                  "Actual Loops": 7,
                  "Inner Unique": true,
                  "Hash Cond": "(ci.movie_id = t.id)",
                  "Plans": [
                    {
                      "Node Type": "Seq Scan",
                      "Parent Relationship": "Outer",
                      "Parallel Aware": true,
                      "Relation Name": "cast_info",
                      "Alias": "ci",
                      "Startup Cost": 0.0,
                      "Total Cost": 328211.39,
                      "Plan Rows": 3411227,
                      "Plan Width": 4,
                      "Actual Startup Time": 199.719,
                      "Actual Total Time": 716.25,
                      "Actual Rows": 2897116,
                      "Actual Loops": 7,
                      "Filter": "(person_id > 1578188)",
                      "Rows Removed by Filter": 2280647
                    },
                    {
                      "Node Type": "Hash",
                      "Parent Relationship": "Inner",
                      "Parallel Aware": true,
                      "Startup Cost": 43899.32,
                      "Total Cost": 43899.32,
                      "Plan Rows": 588322,
                      "Plan Width": 4,
                      "Actual Startup Time": 311.881,
                      "Actual Total Time": 311.882,
                      "Actual Rows": 335211,
                      "Actual Loops": 7,
                      "Hash Buckets": 4194304,
                      "Original Hash Buckets": 4194304,
                      "Hash Batches": 1,
                      "Original Hash Batches": 1,
                      "Peak Memory Usage": 124704,
                      "Plans": [
                        {
                          "Node Type": "Seq Scan",
                          "Parent Relationship": "Outer",
                          "Parallel Aware": true,
                          "Relation Name": "title",
                          "Alias": "t",
                          "Startup Cost": 0.0,
                          "Total Cost": 43899.32,
                          "Plan Rows": 588322,
                          "Plan Width": 4,
                          "Actual Startup Time": 0.059,
                          "Actual Total Time": 105.678,
                          "Actual Rows": 335211,
                          "Actual Loops": 7,
                          "Filter": "(production_year > 1927)",
                          "Rows Removed by Filter": 25977
                        }
                      ]
                    }
                  ]
                }
              ]
            }
          ]
        }
      ]
    },
    "Planning Time": 0.332,
    "Triggers": [],
    "Execution Time": 2683.393
  }
]