[
  {
    "Plan": {
      "Node Type": "Aggregate",
      "Strategy": "Plain",
      "Partial Mode": "Finalize",
      "Parallel Aware": false,
      "Startup Cost": 397116.67,
      "Total Cost": 397116.68,
      "Plan Rows": 1,
      "Plan Width": 8,
      "Actual Startup Time": 2358.413,
      "Actual Total Time": 2424.133,
      "Actual Rows": 1,
      "Actual Loops": 1,
      "Plans": [
        {
          "Node Type": "Gather",
          "Parent Relationship": "Outer",
          "Parallel Aware": false,
          "Startup Cost": 397116.05,
          "Total Cost": 397116.66,
          "Plan Rows": 6,
          "Plan Width": 8,
          "Actual Startup Time": 2348.807,
          "Actual Total Time": 2424.12,
          "Actual Rows": 7,
          "Actual Loops": 1,
          "Workers Planned": 6,
          "Workers Launched": 6,
          "Single Copy": false,
          "Plans": [
            {
              "Node Type": "Aggregate",
              "Strategy": "Plain",
              "Partial Mode": "Partial",
              "Parent Relationship": "Outer",
              "Parallel Aware": false,
              "Startup Cost": 396116.05,
              "Total Cost": 396116.06,
              "Plan Rows": 1,
              "Plan Width": 8,
              "Actual Startup Time": 2325.904,
              "Actual Total Time": 2325.907,
              "Actual Rows": 1,
              "Actual Loops": 7,
              "Plans": [
                {
                  "Node Type": "Hash Join",
                  "Parent Relationship": "Outer",
                  "Parallel Aware": true,
                  "Join Type": "Inner",
                  "Startup Cost": 51242.79,
                  "Total Cost": 388269.09,
                  "Plan Rows": 3138782,
                  "Plan Width": 0,
                  "Actual Startup Time": 432.629,
                  "Actual Total Time": 2198.588,
                  "Actual Rows": 2826279,
                  "Actual Loops": 7,
                  "Inner Unique": true,
                  "Hash Cond": "(ci.movie_id = t.id)",
                  "Plans": [
                    {
                      "Node Type": "Seq Scan",
                      "Parent Relationship": "Outer",
                      "Parallel Aware": true,
                      "Relation Name": "cast_info",
                      "Alias": "ci",
                      "Startup Cost": 0.0,
                      "Total Cost": 328162.03,
                      "Plan Rows": 3376863,
                      "Plan Width": 4,
                      "Actual Startup Time": 165.841,
                      "Actual Total Time": 615.522,
                      "Actual Rows": 2897116,
                      "Actual Loops": 7,
                      "Filter": "(person_id > 1578188)",
                      "Rows Removed by Filter": 2280647
                    },
                    {
                      "Node Type": "Hash",
                      "Parent Relationship": "Inner",
                      "Parallel Aware": true,
                      "Startup Cost": 43898.92,
                      "Total Cost": 43898.92,
                      "Plan Rows": 587510,
                      "Plan Width": 4,
                      "Actual Startup Time": 259.745,
                      "Actual Total Time": 259.746,
                      "Actual Rows": 335211,
                      "Actual Loops": 7,
                      "Hash Buckets": 4194304,
                      "Original Hash Buckets": 4194304,
                      "Hash Batches": 1,
                      "Original Hash Batches": 1,
                      "Peak Memory Usage": 124672,
                      "Plans": [
                        {
                          "Node Type": "Seq Scan",
                          "Parent Relationship": "Outer",
                          "Parallel Aware": true,
                          "Relation Name": "title",
                          "Alias": "t",
                          "Startup Cost": 0.0,
                          "Total Cost": 43898.92,
                          "Plan Rows": 587510,
                          "Plan Width": 4,
                          "Actual Startup Time": 0.049,
                          "Actual Total Time": 84.263,
                          "Actual Rows": 335211,
                          "Actual Loops": 7,
                          "Filter": "(production_year > 1927)",
                          "Rows Removed by Filter": 25977
                        }
                      ]
                    }
                  ]
                }
              ]
            }
          ]
        }
      ]
    },
    "Planning Time": 0.523,
    "Triggers": [],
    "Execution Time": 2424.214
  }
]