[
  {
    "Plan": {
      "Node Type": "Aggregate",
      "Strategy": "Plain",
      "Partial Mode": "Finalize",
      "Parallel Aware": false,
      "Startup Cost": 44924.54,
      "Total Cost": 44924.55,
      "Plan Rows": 1,
      "Plan Width": 8,
      "Actual Startup Time": 92.176,
      "Actual Total Time": 105.549,
      "Actual Rows": 1,
      "Actual Loops": 1,
      "Plans": [
        {
          "Node Type": "Gather",
          "Parent Relationship": "Outer",
          "Parallel Aware": false,
          "Startup Cost": 44924.12,
          "Total Cost": 44924.53,
          "Plan Rows": 4,
          "Plan Width": 8,
          "Actual Startup Time": 92.014,
          "Actual Total Time": 105.541,
          "Actual Rows": 5,
          "Actual Loops": 1,
          "Workers Planned": 4,
          "Workers Launched": 4,
          "Single Copy": false,
          "Plans": [
            {
              "Node Type": "Aggregate",
              "Strategy": "Plain",
              "Partial Mode": "Partial",
              "Parent Relationship": "Outer",
              "Parallel Aware": false,
              "Startup Cost": 43924.12,
              "Total Cost": 43924.13,
              "Plan Rows": 1,
              "Plan Width": 8,
              "Actual Startup Time": 85.572,
              "Actual Total Time": 85.573,
              "Actual Rows": 1,
              "Actual Loops": 5,
              "Plans": [
                {
                  "Node Type": "Seq Scan",
                  "Parent Relationship": "Outer",
                  "Parallel Aware": true,
                  "Relation Name": "title",
                  "Alias": "t",
                  "Startup Cost": 0.0,
                  "Total Cost": 43898.92,
                  "Plan Rows": 10082,
                  "Plan Width": 0,
                  "Actual Startup Time": 54.621,
                  "Actual Total Time": 85.025,
                  "Actual Rows": 8564,
                  "Actual Loops": 5,
                  "Filter": "(production_year < 1913)",
                  "Rows Removed by Filter": 497098
                }
              ]
            }
          ]
        }
      ]
    },
    "Planning Time": 0.132,
    "Triggers": [],
    "Execution Time": 105.604
  }
]