[
  {
    "Plan": {
      "Node Type": "Aggregate",
      "Strategy": "Plain",
      "Partial Mode": "Finalize",
      "Parallel Aware": false,
      "Startup Cost": 492433.35,
      "Total Cost": 492433.36,
      "Plan Rows": 1,
      "Plan Width": 8,
      "Actual Startup Time": 644.267,
      "Actual Total Time": 696.441,
      "Actual Rows": 1,
      "Actual Loops": 1,
      "Plans": [
        {
          "Node Type": "Gather",
          "Parent Relationship": "Outer",
          "Parallel Aware": false,
          "Startup Cost": 492432.93,
          "Total Cost": 492433.34,
          "Plan Rows": 4,
          "Plan Width": 8,
          "Actual Startup Time": 642.624,
          "Actual Total Time": 696.428,
          "Actual Rows": 5,
          "Actual Loops": 1,
          "Workers Planned": 4,
          "Workers Launched": 4,
          "Single Copy": false,
          "Plans": [
            {
              "Node Type": "Aggregate",
              "Strategy": "Plain",
              "Partial Mode": "Partial",
              "Parent Relationship": "Outer",
              "Parallel Aware": false,
              "Startup Cost": 491432.93,
              "Total Cost": 491432.94,
              "Plan Rows": 1,
              "Plan Width": 8,
              "Actual Startup Time": 631.774,
              "Actual Total Time": 631.778,
              "Actual Rows": 1,
              "Actual Loops": 5,
              "Plans": [
                {
                  "Node Type": "Nested Loop",
                  "Parent Relationship": "Outer",
                  "Parallel Aware": false,
                  "Join Type": "Inner",
                  "Startup Cost": 266924.99,
                  "Total Cost": 490434.73,
                  "Plan Rows": 399281,
                  "Plan Width": 0,
                  "Actual Startup Time": 84.834,
                  "Actual Total Time": 614.486,
                  "Actual Rows": 317997,
                  "Actual Loops": 5,
                  "Inner Unique": false,
                  "Plans": [
                    {
                      "Node Type": "Hash Join",
                      "Parent Relationship": "Outer",
                      "Parallel Aware": true,
                      "Join Type": "Inner",
                      "Startup Cost": 266924.55,
                      "Total Cost": 315714.34,
                      "Plan Rows": 90200,
                      "Plan Width": 8,
                      "Actual Startup Time": 84.74,
                      "Actual Total Time": 249.368,
                      "Actual Rows": 27086,
                      "Actual Loops": 5,
                      "Inner Unique": false,
                      "Hash Cond": "(t.id = ci.movie_id)",
                      "Plans": [
                        {
                          "Node Type": "Seq Scan",
                          "Parent Relationship": "Outer",
                          "Parallel Aware": true,
                          "Relation Name": "title",
                          "Alias": "t",
                          "Startup Cost": 0.0,
                          "Total Cost": 42318.73,
                          "Plan Rows": 632073,
                          "Plan Width": 4,
                          "Actual Startup Time": 0.012,
                          "Actual Total Time": 64.762,
                          "Actual Rows": 505662,
                          "Actual Loops": 5
                        },
                        {
                          "Node Type": "Hash",
                          "Parent Relationship": "Inner",
                          "Parallel Aware": true,
                          "Startup Cost": 266172.88,
                          "Total Cost": 266172.88,
                          "Plan Rows": 60134,
                          "Plan Width": 4,
                          "Actual Startup Time": 82.287,
                          "Actual Total Time": 82.288,
                          "Actual Rows": 27086,
                          "Actual Loops": 5,
                          "Hash Buckets": 524288,
                          "Original Hash Buckets": 524288,
                          "Hash Batches": 1,
                          "Original Hash Batches": 1,
                          "Peak Memory Usage": 9472,
                          "Plans": [
                            {
                              "Node Type": "Bitmap Heap Scan",
                              "Parent Relationship": "Outer",
                              "Parallel Aware": true,
                              "Relation Name": "cast_info",
                              "Alias": "ci",
                              "Startup Cost": 12110.1,
                              "Total Cost": 266172.88,
                              "Plan Rows": 60134,
                              "Plan Width": 4,
                              "Actual Startup Time": 59.319,
                              "Actual Total Time": 70.724,
                              "Actual Rows": 27086,
                              "Actual Loops": 5,
                              "Recheck Cond": "(person_id < 58745)",
                              "Rows Removed by Index Recheck": 0,
                              "Filter": "(role_id > 1)",
                              "Rows Removed by Filter": 79747,
                              "Exact Heap Blocks": 2018,
                              "Lossy Heap Blocks": 0,
                              "Plans": [
                                {
                                  "Node Type": "Bitmap Index Scan",
                                  "Parent Relationship": "Outer",
                                  "Parallel Aware": false,
                                  "Index Name": "person_id_cast_info",
                                  "Startup Cost": 0.0,
                                  "Total Cost": 12019.9,
                                  "Plan Rows": 550311,
                                  "Plan Width": 0,
                                  "Actual Startup Time": 32.476,
                                  "Actual Total Time": 32.476,
                                  "Actual Rows": 534164,
                                  "Actual Loops": 1,
                                  "Index Cond": "(person_id < 58745)"
                                }
                              ]
                            }
                          ]
                        }
                      ]
                    },
                    {
                      "Node Type": "Index Scan",
                      "Parent Relationship": "Inner",
                      "Parallel Aware": false,
                      "Scan Direction": "Forward",
                      "Index Name": "movie_id_movie_info",
                      "Relation Name": "movie_info",
                      "Alias": "mi",
                      "Startup Cost": 0.43,
                      "Total Cost": 1.62,
                      "Plan Rows": 32,
                      "Plan Width": 4,
                      "Actual Startup Time": 0.005,
                      "Actual Total Time": 0.012,
                      "Actual Rows": 12,
                      "Actual Loops": 135430,
                      "Index Cond": "(movie_id = t.id)",
                      "Rows Removed by Index Recheck": 0,
                      "Filter": "(info_type_id > 3)",
                      "Rows Removed by Filter": 2
                    }
                  ]
                }
              ]
            }
          ]
        }
      ]
    },
    "Planning Time": 1.436,
    "Triggers": [],
    "Execution Time": 696.579
  }
]