[
  {
    "Plan": {
      "Node Type": "Aggregate",
      "Strategy": "Plain",
      "Partial Mode": "Finalize",
      "Parallel Aware": false,
      "Startup Cost": 25499.59,
      "Total Cost": 25499.6,
      "Plan Rows": 1,
      "Plan Width": 8,
      "Actual Startup Time": 40.857,
      "Actual Total Time": 46.137,
      "Actual Rows": 1,
      "Actual Loops": 1,
      "Plans": [
        {
          "Node Type": "Gather",
          "Parent Relationship": "Outer",
          "Parallel Aware": false,
          "Startup Cost": 25499.48,
          "Total Cost": 25499.59,
          "Plan Rows": 1,
          "Plan Width": 8,
          "Actual Startup Time": 40.654,
          "Actual Total Time": 46.13,
          "Actual Rows": 2,
          "Actual Loops": 1,
          "Workers Planned": 1,
          "Workers Launched": 1,
          "Single Copy": false,
          "Plans": [
            {
              "Node Type": "Aggregate",
              "Strategy": "Plain",
              "Partial Mode": "Partial",
              "Parent Relationship": "Outer",
              "Parallel Aware": false,
              "Startup Cost": 24499.48,
              "Total Cost": 24499.49,
              "Plan Rows": 1,
              "Plan Width": 8,
              "Actual Startup Time": 34.462,
              "Actual Total Time": 34.464,
              "Actual Rows": 1,
              "Actual Loops": 2,
              "Plans": [
                {
                  "Node Type": "Nested Loop",
                  "Parent Relationship": "Outer",
                  "Parallel Aware": false,
                  "Join Type": "Inner",
                  "Startup Cost": 74.9,
                  "Total Cost": 24496.82,
                  "Plan Rows": 1061,
                  "Plan Width": 0,
                  "Actual Startup Time": 2.208,
                  "Actual Total Time": 33.973,
                  "Actual Rows": 3784,
                  "Actual Loops": 2,
                  "Inner Unique": false,
                  "Plans": [
                    {
                      "Node Type": "Nested Loop",
                      "Parent Relationship": "Outer",
                      "Parallel Aware": false,
                      "Join Type": "Inner",
                      "Startup Cost": 74.47,
                      "Total Cost": 23461.79,
                      "Plan Rows": 1944,
                      "Plan Width": 8,
                      "Actual Startup Time": 1.9,
                      "Actual Total Time": 20.761,
                      "Actual Rows": 1463,
                      "Actual Loops": 2,
                      "Inner Unique": true,
                      "Plans": [
                        {
                          "Node Type": "Bitmap Heap Scan",
                          "Parent Relationship": "Outer",
                          "Parallel Aware": true,
                          "Relation Name": "movie_companies",
                          "Alias": "mc",
                          "Startup Cost": 74.04,
                          "Total Cost": 8585.64,
                          "Plan Rows": 1944,
                          "Plan Width": 4,
                          "Actual Startup Time": 1.754,
                          "Actual Total Time": 5.741,
                          "Actual Rows": 1463,
                          "Actual Loops": 2,
                          "Recheck Cond": "(company_id = 677)",
                          "Rows Removed by Index Recheck": 0,
                          "Exact Heap Blocks": 1512,
                          "Lossy Heap Blocks": 0,
                          "Plans": [
                            {
                              "Node Type": "Bitmap Index Scan",
                              "Parent Relationship": "Outer",
                              "Parallel Aware": false,
                              "Index Name": "company_id_movie_companies",
                              "Startup Cost": 0.0,
                              "Total Cost": 73.22,
                              "Plan Rows": 3305,
                              "Plan Width": 0,
                              "Actual Startup Time": 2.546,
                              "Actual Total Time": 2.546,
                              "Actual Rows": 2926,
                              "Actual Loops": 1,
                              "Index Cond": "(company_id = 677)"
                            }
                          ]
                        },
                        {
                          "Node Type": "Index Only Scan",
                          "Parent Relationship": "Inner",
                          "Parallel Aware": false,
                          "Scan Direction": "Forward",
                          "Index Name": "title_pkey",
                          "Relation Name": "title",
                          "Alias": "t",
                          "Startup Cost": 0.43,
                          "Total Cost": 7.65,
                          "Plan Rows": 1,
                          "Plan Width": 4,
                          "Actual Startup Time": 0.01,
                          "Actual Total Time": 0.01,
                          "Actual Rows": 1,
                          "Actual Loops": 2926,
                          "Index Cond": "(id = mc.movie_id)",
                          "Rows Removed by Index Recheck": 0,
                          "Heap Fetches": 2926
                        }
                      ]
                    },
                    {
                      "Node Type": "Index Only Scan",
                      "Parent Relationship": "Inner",
                      "Parallel Aware": false,
                      "Scan Direction": "Forward",
                      "Index Name": "movie_id_movie_info_idx",
                      "Relation Name": "movie_info_idx",
                      "Alias": "mi_idx",
                      "Startup Cost": 0.43,
                      "Total Cost": 0.5,
                      "Plan Rows": 3,
                      "Plan Width": 4,
                      "Actual Startup Time": 0.007,
                      "Actual Total Time": 0.008,
                      "Actual Rows": 3,
                      "Actual Loops": 2926,
                      "Index Cond": "(movie_id = t.id)",
                      "Rows Removed by Index Recheck": 0,
                      "Heap Fetches": 7568
                    }
                  ]
                }
              ]
            }
          ]
        }
      ]
    },
    "Planning Time": 1.375,
    "Triggers": [],
    "Execution Time": 46.23
  }
]