{
  "Plan": {
    "Node Type": "Aggregate",
    "Strategy": "Plain",
    "Partial Mode": "Finalize",
    "Parallel Aware": false,
    "Startup Cost": 680135.8,
    "Total Cost": 680135.81,
    "Plan Rows": 1,
    "Plan Width": 96,
    "Actual Startup Time": 5080.957,
    "Actual Total Time": 5178.185,
    "Actual Rows": 1,
    "Actual Loops": 1,
    "Plans": [
      {
        "Node Type": "Gather",
        "Parent Relationship": "Outer",
        "Parallel Aware": false,
        "Startup Cost": 680135.68,
        "Total Cost": 680135.79,
        "Plan Rows": 1,
        "Plan Width": 96,
        "Actual Startup Time": 5080.465,
        "Actual Total Time": 5178.166,
        "Actual Rows": 2,
        "Actual Loops": 1,
        "Workers Planned": 1,
        "Workers Launched": 1,
        "Single Copy": false,
        "Plans": [
          {
            "Node Type": "Aggregate",
            "Strategy": "Plain",
            "Partial Mode": "Partial",
            "Parent Relationship": "Outer",
            "Parallel Aware": false,
            "Startup Cost": 679135.68,
            "Total Cost": 679135.69,
            "Plan Rows": 1,
            "Plan Width": 96,
            "Actual Startup Time": 5071.86,
            "Actual Total Time": 5071.886,
            "Actual Rows": 1,
            "Actual Loops": 2,
            "Plans": [
              {
                "Node Type": "Nested Loop",
                "Parent Relationship": "Outer",
                "Parallel Aware": false,
                "Join Type": "Inner",
                "Startup Cost": 674223.12,
                "Total Cost": 679135.67,
                "Plan Rows": 1,
                "Plan Width": 48,
                "Actual Startup Time": 5048.199,
                "Actual Total Time": 5071.85,
                "Actual Rows": 138,
                "Actual Loops": 2,
                "Inner Unique": true,
                "Join Filter": "(mi.movie_id = t.id)",
                "Rows Removed by Join Filter": 0,
                "Plans": [
                  {
                    "Node Type": "Hash Join",
                    "Parent Relationship": "Outer",
                    "Parallel Aware": true,
                    "Join Type": "Inner",
                    "Startup Cost": 674222.69,
                    "Total Cost": 679135.17,
                    "Plan Rows": 1,
                    "Plan Width": 47,
                    "Actual Startup Time": 5047.884,
                    "Actual Total Time": 5071.02,
                    "Actual Rows": 354,
                    "Actual Loops": 2,
                    "Inner Unique": false,
                    "Hash Cond": "(cn.id = mc.company_id)",
                    "Plans": [
                      {
                        "Node Type": "Seq Scan",
                        "Parent Relationship": "Outer",
                        "Parallel Aware": true,
                        "Relation Name": "company_name",
                        "Alias": "cn",
                        "Startup Cost": 0.0,
                        "Total Cost": 4722.92,
                        "Plan Rows": 50548,
                        "Plan Width": 4,
                        "Actual Startup Time": 0.026,
                        "Actual Total Time": 20.922,
                        "Actual Rows": 42422,
                        "Actual Loops": 2,
                        "Filter": "((country_code)::text = '[us]'::text)",
                        "Rows Removed by Filter": 75077
                      },
                      {
                        "Node Type": "Hash",
                        "Parent Relationship": "Inner",
                        "Parallel Aware": true,
                        "Startup Cost": 674222.67,
                        "Total Cost": 674222.67,
                        "Plan Rows": 1,
                        "Plan Width": 51,
                        "Actual Startup Time": 5046.277,
                        "Actual Total Time": 5046.3,
                        "Actual Rows": 1060,
                        "Actual Loops": 2,
                        "Hash Buckets": 2048,
                        "Original Hash Buckets": 1024,
                        "Hash Batches": 1,
                        "Original Hash Batches": 1,
                        "Peak Memory Usage": 216,
                        "Plans": [
                          {
                            "Node Type": "Hash Join",
                            "Parent Relationship": "Outer",
                            "Parallel Aware": true,
                            "Join Type": "Inner",
                            "Startup Cost": 643859.9,
                            "Total Cost": 674222.67,
                            "Plan Rows": 1,
                            "Plan Width": 51,
                            "Actual Startup Time": 4809.885,
                            "Actual Total Time": 4997.046,
                            "Actual Rows": 1060,
                            "Actual Loops": 2,
                            "Inner Unique": false,
                            "Hash Cond": "(mc.movie_id = mi.movie_id)",
                            "Plans": [
                              {
                                "Node Type": "Seq Scan",
                                "Parent Relationship": "Outer",
                                "Parallel Aware": true,
                                "Relation Name": "movie_companies",
                                "Alias": "mc",
                                "Startup Cost": 0.0,
                                "Total Cost": 27206.55,
                                "Plan Rows": 841655,
                                "Plan Width": 8,
                                "Actual Startup Time": 0.022,
                                "Actual Total Time": 145.904,
                                "Actual Rows": 1304564,
                                "Actual Loops": 2
                              },
                              {
                                "Node Type": "Hash",
                                "Parent Relationship": "Inner",
                                "Parallel Aware": true,
                                "Startup Cost": 643859.89,
                                "Total Cost": 643859.89,
                                "Plan Rows": 1,
                                "Plan Width": 43,
                                "Actual Startup Time": 4764.018,
                                "Actual Total Time": 4764.04,
                                "Actual Rows": 88,
                                "Actual Loops": 2,
                                "Hash Buckets": 1024,
                                "Original Hash Buckets": 1024,
                                "Hash Batches": 1,
                                "Original Hash Batches": 1,
                                "Peak Memory Usage": 72,
                                "Plans": [
                                  {
                                    "Node Type": "Nested Loop",
                                    "Parent Relationship": "Outer",
                                    "Parallel Aware": false,
                                    "Join Type": "Inner",
                                    "Startup Cost": 572606.81,
                                    "Total Cost": 643859.89,
                                    "Plan Rows": 1,
                                    "Plan Width": 43,
                                    "Actual Startup Time": 4556.357,
                                    "Actual Total Time": 4763.56,
                                    "Actual Rows": 88,
                                    "Actual Loops": 2,
                                    "Inner Unique": true,
                                    "Plans": [
                                      {
                                        "Node Type": "Nested Loop",
                                        "Parent Relationship": "Outer",
                                        "Parallel Aware": false,
                                        "Join Type": "Inner",
                                        "Startup Cost": 572606.68,
                                        "Total Cost": 643859.72,
                                        "Plan Rows": 1,
                                        "Plan Width": 47,
                                        "Actual Startup Time": 4556.333,
                                        "Actual Total Time": 4763.441,
                                        "Actual Rows": 88,
                                        "Actual Loops": 2,
                                        "Inner Unique": true,
                                        "Plans": [
                                          {
                                            "Node Type": "Nested Loop",
                                            "Parent Relationship": "Outer",
                                            "Parallel Aware": false,
                                            "Join Type": "Inner",
                                            "Startup Cost": 572606.25,
                                            "Total Cost": 643859.06,
                                            "Plan Rows": 1,
                                            "Plan Width": 35,
                                            "Actual Startup Time": 4556.271,
                                            "Actual Total Time": 4762.973,
                                            "Actual Rows": 88,
                                            "Actual Loops": 2,
                                            "Inner Unique": true,
                                            "Plans": [
                                              {
                                                "Node Type": "Hash Join",
                                                "Parent Relationship": "Outer",
                                                "Parallel Aware": true,
                                                "Join Type": "Inner",
                                                "Startup Cost": 572606.11,
                                                "Total Cost": 643858.88,
                                                "Plan Rows": 1,
                                                "Plan Width": 39,
                                                "Actual Startup Time": 4556.233,
                                                "Actual Total Time": 4762.812,
                                                "Actual Rows": 88,
                                                "Actual Loops": 2,
                                                "Inner Unique": false,
                                                "Hash Cond": "(n.id = ci.person_id)",
                                                "Plans": [
                                                  {
                                                    "Node Type": "Seq Scan",
                                                    "Parent Relationship": "Outer",
                                                    "Parallel Aware": true,
                                                    "Relation Name": "name",
                                                    "Alias": "n",
                                                    "Startup Cost": 0.0,
                                                    "Total Cost": 71240.66,
                                                    "Plan Rows": 2419,
                                                    "Plan Width": 19,
                                                    "Actual Startup Time": 174.049,
                                                    "Actual Total Time": 403.121,
                                                    "Actual Rows": 25006,
                                                    "Actual Loops": 2,
                                                    "Filter": "((name ~~ '%An%'::text) AND ((gender)::text = 'f'::text))",
                                                    "Rows Removed by Filter": 2058740
                                                  },
                                                  {
                                                    "Node Type": "Hash",
                                                    "Parent Relationship": "Inner",
                                                    "Parallel Aware": true,
                                                    "Startup Cost": 572605.12,
                                                    "Total Cost": 572605.12,
                                                    "Plan Rows": 79,
                                                    "Plan Width": 32,
                                                    "Actual Startup Time": 4354.686,
                                                    "Actual Total Time": 4354.698,
                                                    "Actual Rows": 12003,
                                                    "Actual Loops": 2,
                                                    "Hash Buckets": 32768,
                                                    "Original Hash Buckets": 1024,
                                                    "Hash Batches": 1,
                                                    "Original Hash Batches": 1,
                                                    "Peak Memory Usage": 2008,
                                                    "Plans": [
                                                      {
                                                        "Node Type": "Hash Join",
                                                        "Parent Relationship": "Outer",
                                                        "Parallel Aware": true,
                                                        "Join Type": "Inner",
                                                        "Startup Cost": 557211.1,
                                                        "Total Cost": 572605.12,
                                                        "Plan Rows": 79,
                                                        "Plan Width": 32,
                                                        "Actual Startup Time": 4234.03,
                                                        "Actual Total Time": 4343.487,
                                                        "Actual Rows": 12003,
                                                        "Actual Loops": 2,
                                                        "Inner Unique": false,
                                                        "Hash Cond": "(an.person_id = ci.person_id)",
                                                        "Plans": [
                                                          {
                                                            "Node Type": "Seq Scan",
                                                            "Parent Relationship": "Outer",
                                                            "Parallel Aware": true,
                                                            "Relation Name": "aka_name",
                                                            "Alias": "an",
                                                            "Startup Cost": 0.0,
                                                            "Total Cost": 14303.56,
                                                            "Plan Rows": 290756,
                                                            "Plan Width": 4,
                                                            "Actual Startup Time": 0.012,
                                                            "Actual Total Time": 69.02,
                                                            "Actual Rows": 450672,
                                                            "Actual Loops": 2
                                                          },
                                                          {
                                                            "Node Type": "Hash",
                                                            "Parent Relationship": "Inner",
                                                            "Parallel Aware": true,
                                                            "Startup Cost": 557210.88,
                                                            "Total Cost": 557210.88,
                                                            "Plan Rows": 17,
                                                            "Plan Width": 28,
                                                            "Actual Startup Time": 4233.816,
                                                            "Actual Total Time": 4233.825,
                                                            "Actual Rows": 5362,
                                                            "Actual Loops": 2,
                                                            "Hash Buckets": 16384,
                                                            "Original Hash Buckets": 1024,
                                                            "Hash Batches": 1,
                                                            "Original Hash Batches": 1,
                                                            "Peak Memory Usage": 952,
                                                            "Plans": [
                                                              {
                                                                "Node Type": "Hash Join",
                                                                "Parent Relationship": "Outer",
                                                                "Parallel Aware": true,
                                                                "Join Type": "Inner",
                                                                "Startup Cost": 213117.88,
                                                                "Total Cost": 557210.88,
                                                                "Plan Rows": 17,
                                                                "Plan Width": 28,
                                                                "Actual Startup Time": 1705.016,
                                                                "Actual Total Time": 4125.825,
                                                                "Actual Rows": 5362,
                                                                "Actual Loops": 2,
                                                                "Inner Unique": false,
                                                                "Hash Cond": "(ci.movie_id = mi.movie_id)",
                                                                "Plans": [
                                                                  {
                                                                    "Node Type": "Seq Scan",
                                                                    "Parent Relationship": "Outer",
                                                                    "Parallel Aware": true,
                                                                    "Relation Name": "cast_info",
                                                                    "Alias": "ci",
                                                                    "Startup Cost": 0.0,
                                                                    "Total Cost": 343331.56,
                                                                    "Plan Rows": 152283,
                                                                    "Plan Width": 16,
                                                                    "Actual Startup Time": 0.038,
                                                                    "Actual Total Time": 2372.578,
                                                                    "Actual Rows": 433738,
                                                                    "Actual Loops": 2,
                                                                    "Filter": "(note = ANY ('{(voice),\"(voice: Japanese version)\",\"(voice) (uncredited)\",\"(voice: English version)\"}'::text[]))",
                                                                    "Rows Removed by Filter": 17688434
                                                                  },
                                                                  {
                                                                    "Node Type": "Hash",
                                                                    "Parent Relationship": "Inner",
                                                                    "Parallel Aware": true,
                                                                    "Startup Cost": 213117.6,
                                                                    "Total Cost": 213117.6,
                                                                    "Plan Rows": 22,
                                                                    "Plan Width": 12,
                                                                    "Actual Startup Time": 1704.074,
                                                                    "Actual Total Time": 1704.08,
                                                                    "Actual Rows": 878,
                                                                    "Actual Loops": 2,
                                                                    "Hash Buckets": 1024,
                                                                    "Original Hash Buckets": 1024,
                                                                    "Hash Batches": 1,
                                                                    "Original Hash Batches": 1,
                                                                    "Peak Memory Usage": 104,
                                                                    "Plans": [
                                                                      {
                                                                        "Node Type": "Hash Join",
                                                                        "Parent Relationship": "Outer",
                                                                        "Parallel Aware": false,
                                                                        "Join Type": "Inner",
                                                                        "Startup Cost": 6127.83,
                                                                        "Total Cost": 213117.6,
                                                                        "Plan Rows": 22,
                                                                        "Plan Width": 12,
                                                                        "Actual Startup Time": 524.993,
                                                                        "Actual Total Time": 1703.728,
                                                                        "Actual Rows": 878,
                                                                        "Actual Loops": 2,
                                                                        "Inner Unique": false,
                                                                        "Hash Cond": "(mi.movie_id = mk.movie_id)",
                                                                        "Plans": [
                                                                          {
                                                                            "Node Type": "Seq Scan",
                                                                            "Parent Relationship": "Outer",
                                                                            "Parallel Aware": true,
                                                                            "Relation Name": "movie_info",
                                                                            "Alias": "mi",
                                                                            "Startup Cost": 0.0,
                                                                            "Total Cost": 206598.52,
                                                                            "Plan Rows": 78208,
                                                                            "Plan Width": 8,
                                                                            "Actual Startup Time": 258.459,
                                                                            "Actual Total Time": 1618.693,
                                                                            "Actual Rows": 150624,
                                                                            "Actual Loops": 2,
                                                                            "Filter": "((info IS NOT NULL) AND ((info ~~ 'Japan:%201%'::text) OR (info ~~ 'USA:%201%'::text)))",
                                                                            "Rows Removed by Filter": 7267236
                                                                          },
                                                                          {
                                                                            "Node Type": "Hash",
                                                                            "Parent Relationship": "Inner",
                                                                            "Parallel Aware": false,
                                                                            "Startup Cost": 6126.56,
                                                                            "Total Cost": 6126.56,
                                                                            "Plan Rows": 101,
                                                                            "Plan Width": 4,
                                                                            "Actual Startup Time": 62.568,
                                                                            "Actual Total Time": 62.572,
                                                                            "Actual Rows": 9696,
                                                                            "Actual Loops": 2,
                                                                            "Hash Buckets": 16384,
                                                                            "Original Hash Buckets": 1024,
                                                                            "Hash Batches": 1,
                                                                            "Original Hash Batches": 1,
                                                                            "Peak Memory Usage": 469,
                                                                            "Plans": [
                                                                              {
                                                                                "Node Type": "Nested Loop",
                                                                                "Parent Relationship": "Outer",
                                                                                "Parallel Aware": false,
                                                                                "Join Type": "Inner",
                                                                                "Startup Cost": 10.78,
                                                                                "Total Cost": 6126.56,
                                                                                "Plan Rows": 101,
                                                                                "Plan Width": 4,
                                                                                "Actual Startup Time": 1.245,
                                                                                "Actual Total Time": 59.166,
                                                                                "Actual Rows": 9696,
                                                                                "Actual Loops": 2,
                                                                                "Inner Unique": false,
                                                                                "Plans": [
                                                                                  {
                                                                                    "Node Type": "Seq Scan",
                                                                                    "Parent Relationship": "Outer",
                                                                                    "Parallel Aware": false,
                                                                                    "Relation Name": "keyword",
                                                                                    "Alias": "k",
                                                                                    "Startup Cost": 0.0,
                                                                                    "Total Cost": 2793.84,
                                                                                    "Plan Rows": 3,
                                                                                    "Plan Width": 4,
                                                                                    "Actual Startup Time": 0.05,
                                                                                    "Actual Total Time": 20.833,
                                                                                    "Actual Rows": 3,
                                                                                    "Actual Loops": 2,
                                                                                    "Filter": "(keyword = ANY ('{hero,martial-arts,hand-to-hand-combat}'::text[]))",
                                                                                    "Rows Removed by Filter": 134167
                                                                                  },
                                                                                  {
                                                                                    "Node Type": "Bitmap Heap Scan",
                                                                                    "Parent Relationship": "Inner",
                                                                                    "Parallel Aware": false,
                                                                                    "Relation Name": "movie_keyword",
                                                                                    "Alias": "mk",
                                                                                    "Startup Cost": 10.78,
                                                                                    "Total Cost": 1107.88,
                                                                                    "Plan Rows": 303,
                                                                                    "Plan Width": 8,
                                                                                    "Actual Startup Time": 1.055,
                                                                                    "Actual Total Time": 12.141,
                                                                                    "Actual Rows": 3232,
                                                                                    "Actual Loops": 6,
                                                                                    "Recheck Cond": "(keyword_id = k.id)",
                                                                                    "Rows Removed by Index Recheck": 0,
                                                                                    "Exact Heap Blocks": 7446,
                                                                                    "Lossy Heap Blocks": 0,
                                                                                    "Plans": [
                                                                                      {
                                                                                        "Node Type": "Bitmap Index Scan",
                                                                                        "Parent Relationship": "Outer",
                                                                                        "Parallel Aware": false,
                                                                                        "Index Name": "keyword_id_movie_keyword",
                                                                                        "Startup Cost": 0.0,
                                                                                        "Total Cost": 10.71,
                                                                                        "Plan Rows": 303,
                                                                                        "Plan Width": 0,
                                                                                        "Actual Startup Time": 0.738,
                                                                                        "Actual Total Time": 0.738,
                                                                                        "Actual Rows": 3232,
                                                                                        "Actual Loops": 6,
                                                                                        "Index Cond": "(keyword_id = k.id)"
                                                                                      }
                                                                                    ]
                                                                                  }
                                                                                ]
                                                                              }
                                                                            ]
                                                                          }
                                                                        ]
                                                                      }
                                                                    ]
                                                                  }
                                                                ]
                                                              }
                                                            ]
                                                          }
                                                        ]
                                                      }
                                                    ]
                                                  }
                                                ]
                                              },
                                              {
                                                "Node Type": "Index Scan",
                                                "Parent Relationship": "Inner",
                                                "Parallel Aware": false,
                                                "Scan Direction": "Forward",
                                                "Index Name": "info_type_pkey",
                                                "Relation Name": "info_type",
                                                "Alias": "it",
                                                "Startup Cost": 0.14,
                                                "Total Cost": 0.16,
                                                "Plan Rows": 1,
                                                "Plan Width": 4,
                                                "Actual Startup Time": 0.001,
                                                "Actual Total Time": 0.001,
                                                "Actual Rows": 1,
                                                "Actual Loops": 176,
                                                "Index Cond": "(id = mi.info_type_id)",
                                                "Rows Removed by Index Recheck": 0,
                                                "Filter": "((info)::text = 'release dates'::text)",
                                                "Rows Removed by Filter": 0
                                              }
                                            ]
                                          },
                                          {
                                            "Node Type": "Index Scan",
                                            "Parent Relationship": "Inner",
                                            "Parallel Aware": false,
                                            "Scan Direction": "Forward",
                                            "Index Name": "char_name_pkey",
                                            "Relation Name": "char_name",
                                            "Alias": "chn",
                                            "Startup Cost": 0.43,
                                            "Total Cost": 0.66,
                                            "Plan Rows": 1,
                                            "Plan Width": 20,
                                            "Actual Startup Time": 0.005,
                                            "Actual Total Time": 0.005,
                                            "Actual Rows": 1,
                                            "Actual Loops": 176,
                                            "Index Cond": "(id = ci.person_role_id)",
                                            "Rows Removed by Index Recheck": 0
                                          }
                                        ]
                                      },
                                      {
                                        "Node Type": "Index Scan",
                                        "Parent Relationship": "Inner",
                                        "Parallel Aware": false,
                                        "Scan Direction": "Forward",
                                        "Index Name": "role_type_pkey",
                                        "Relation Name": "role_type",
                                        "Alias": "rt",
                                        "Startup Cost": 0.14,
                                        "Total Cost": 0.16,
                                        "Plan Rows": 1,
                                        "Plan Width": 4,
                                        "Actual Startup Time": 0.001,
                                        "Actual Total Time": 0.001,
                                        "Actual Rows": 1,
                                        "Actual Loops": 175,
                                        "Index Cond": "(id = ci.role_id)",
                                        "Rows Removed by Index Recheck": 0,
                                        "Filter": "((role)::text = 'actress'::text)",
                                        "Rows Removed by Filter": 0
                                      }
                                    ]
                                  }
                                ]
                              }
                            ]
                          }
                        ]
                      }
                    ]
                  },
                  {
                    "Node Type": "Index Scan",
                    "Parent Relationship": "Inner",
                    "Parallel Aware": false,
                    "Scan Direction": "Forward",
                    "Index Name": "title_pkey",
                    "Relation Name": "title",
                    "Alias": "t",
                    "Startup Cost": 0.43,
                    "Total Cost": 0.49,
                    "Plan Rows": 1,
                    "Plan Width": 21,
                    "Actual Startup Time": 0.002,
                    "Actual Total Time": 0.002,
                    "Actual Rows": 0,
                    "Actual Loops": 707,
                    "Index Cond": "(id = mk.movie_id)",
                    "Rows Removed by Index Recheck": 0,
                    "Filter": "(production_year > 2010)",
                    "Rows Removed by Filter": 1
                  }
                ]
              }
            ]
          }
        ]
      }
    ]
  },
  "Planning Time": 96.224,
  "Triggers": [],
  "Execution Time": 5178.98
}