[
  {
    "Plan": {
      "Node Type": "Aggregate",
      "Strategy": "Plain",
      "Partial Mode": "Finalize",
      "Parallel Aware": false,
      "Startup Cost": 346586.03,
      "Total Cost": 346586.04,
      "Plan Rows": 1,
      "Plan Width": 8,
      "Actual Startup Time": 612.515,
      "Actual Total Time": 665.413,
      "Actual Rows": 1,
      "Actual Loops": 1,
      "Plans": [
        {
          "Node Type": "Gather",
          "Parent Relationship": "Outer",
          "Parallel Aware": false,
          "Startup Cost": 346585.4,
          "Total Cost": 346586.01,
          "Plan Rows": 6,
          "Plan Width": 8,
          "Actual Startup Time": 612.363,
          "Actual Total Time": 665.39,
          "Actual Rows": 7,
          "Actual Loops": 1,
          "Workers Planned": 6,
          "Workers Launched": 6,
          "Single Copy": false,
          "Plans": [
            {
              "Node Type": "Aggregate",
              "Strategy": "Plain",
              "Partial Mode": "Partial",
              "Parent Relationship": "Outer",
              "Parallel Aware": false,
              "Startup Cost": 345585.4,
              "Total Cost": 345585.41,
              "Plan Rows": 1,
              "Plan Width": 8,
              "Actual Startup Time": 603.919,
              "Actual Total Time": 603.92,
              "Actual Rows": 1,
              "Actual Loops": 7,
              "Plans": [
                {
                  "Node Type": "Seq Scan",
                  "Parent Relationship": "Outer",
                  "Parallel Aware": true,
                  "Relation Name": "cast_info",
                  "Alias": "ci",
                  "Startup Cost": 0.0,
                  "Total Cost": 343257.03,
                  "Plan Rows": 931349,
                  "Plan Width": 0,
                  "Actual Startup Time": 360.047,
                  "Actual Total Time": 595.667,
                  "Actual Rows": 198259,
                  "Actual Loops": 7,
                  "Filter": "((person_id > 2845672) AND (role_id < 4))",
                  "Rows Removed by Filter": 4979505
                }
              ]
            }
          ]
        }
      ]
    },
    "Planning Time": 0.223,
    "Triggers": [],
    "Execution Time": 665.485
  }
]