[
  {
    "Plan": {
      "Node Type": "Aggregate",
      "Strategy": "Plain",
      "Partial Mode": "Finalize",
      "Parallel Aware": false,
      "Startup Cost": 32225.89,
      "Total Cost": 32225.9,
      "Plan Rows": 1,
      "Plan Width": 8,
      "Actual Startup Time": 110.101,
      "Actual Total Time": 118.147,
      "Actual Rows": 1,
      "Actual Loops": 1,
      "Plans": [
        {
          "Node Type": "Gather",
          "Parent Relationship": "Outer",
          "Parallel Aware": false,
          "Startup Cost": 32225.57,
          "Total Cost": 32225.88,
          "Plan Rows": 3,
          "Plan Width": 8,
          "Actual Startup Time": 110.015,
          "Actual Total Time": 118.139,
          "Actual Rows": 4,
          "Actual Loops": 1,
          "Workers Planned": 3,
          "Workers Launched": 3,
          "Single Copy": false,
          "Plans": [
            {
              "Node Type": "Aggregate",
              "Strategy": "Plain",
              "Partial Mode": "Partial",
              "Parent Relationship": "Outer",
              "Parallel Aware": false,
              "Startup Cost": 31225.57,
              "Total Cost": 31225.58,
              "Plan Rows": 1,
              "Plan Width": 8,
              "Actual Startup Time": 104.681,
              "Actual Total Time": 104.683,
              "Actual Rows": 1,
              "Actual Loops": 4,
              "Plans": [
                {
                  "Node Type": "Seq Scan",
                  "Parent Relationship": "Outer",
                  "Parallel Aware": true,
                  "Relation Name": "movie_companies",
                  "Alias": "mc",
                  "Startup Cost": 0.0,
                  "Total Cost": 29310.68,
                  "Plan Rows": 765955,
                  "Plan Width": 0,
                  "Actual Startup Time": 0.068,
                  "Actual Total Time": 78.148,
                  "Actual Rows": 595169,
                  "Actual Loops": 4,
                  "Filter": "(company_id > 89)",
                  "Rows Removed by Filter": 57113
                }
              ]
            }
          ]
        }
      ]
    },
    "Planning Time": 0.196,
    "Triggers": [],
    "Execution Time": 118.215
  }
]