[
  {
    "Plan": {
      "Node Type": "Aggregate",
      "Strategy": "Plain",
      "Partial Mode": "Finalize",
      "Parallel Aware": false,
      "Startup Cost": 346294.47,
      "Total Cost": 346294.48,
      "Plan Rows": 1,
      "Plan Width": 8,
      "Actual Startup Time": 577.676,
      "Actual Total Time": 619.042,
      "Actual Rows": 1,
      "Actual Loops": 1,
      "Plans": [
        {
          "Node Type": "Gather",
          "Parent Relationship": "Outer",
          "Parallel Aware": false,
          "Startup Cost": 346293.84,
          "Total Cost": 346294.45,
          "Plan Rows": 6,
          "Plan Width": 8,
          "Actual Startup Time": 577.479,
          "Actual Total Time": 619.029,
          "Actual Rows": 7,
          "Actual Loops": 1,
          "Workers Planned": 6,
          "Workers Launched": 6,
          "Single Copy": false,
          "Plans": [
            {
              "Node Type": "Aggregate",
              "Strategy": "Plain",
              "Partial Mode": "Partial",
              "Parent Relationship": "Outer",
              "Parallel Aware": false,
              "Startup Cost": 345293.84,
              "Total Cost": 345293.85,
              "Plan Rows": 1,
              "Plan Width": 8,
              "Actual Startup Time": 570.84,
              "Actual Total Time": 570.842,
              "Actual Rows": 1,
              "Actual Loops": 7,
              "Plans": [
                {
                  "Node Type": "Seq Scan",
                  "Parent Relationship": "Outer",
                  "Parallel Aware": true,
                  "Relation Name": "cast_info",
                  "Alias": "ci",
                  "Startup Cost": 0.0,
                  "Total Cost": 343316.27,
                  "Plan Rows": 791028,
                  "Plan Width": 0,
                  "Actual Startup Time": 371.742,
                  "Actual Total Time": 558.377,
                  "Actual Rows": 287140,
                  "Actual Loops": 7,
                  "Filter": "((person_id > 3055204) AND (role_id < 8))",
                  "Rows Removed by Filter": 4890623
                }
              ]
            }
          ]
        }
      ]
    },
    "Planning Time": 0.231,
    "Triggers": [],
    "Execution Time": 619.125
  }
]