[
    {
        "Bao": {
            "Bao prediction": 475.077,
            "Bao recommended hint": "(no hint)"
        }
    },
    {
        "Plan": {
            "Node Type": "Aggregate",
            "Strategy": "Plain",
            "Partial Mode": "Finalize",
            "Parallel Aware": false,
            "Startup Cost": 31476.1,
            "Total Cost": 31476.11,
            "Plan Rows": 1,
            "Plan Width": 8,
            "Actual Startup Time": 135.467,
            "Actual Total Time": 142.248,
            "Actual Rows": 1,
            "Actual Loops": 1,
            "Output": [
                "count(*)"
            ],
            "Plans": [
                {
                    "Node Type": "Gather",
                    "Parent Relationship": "Outer",
                    "Parallel Aware": false,
                    "Startup Cost": 31475.78,
                    "Total Cost": 31476.09,
                    "Plan Rows": 3,
                    "Plan Width": 8,
                    "Actual Startup Time": 135.398,
                    "Actual Total Time": 142.241,
                    "Actual Rows": 4,
                    "Actual Loops": 1,
                    "Output": [
                        "(PARTIAL count(*))"
                    ],
                    "Workers Planned": 3,
                    "Workers Launched": 3,
                    "Single Copy": false,
                    "Plans": [
                        {
                            "Node Type": "Aggregate",
                            "Strategy": "Plain",
                            "Partial Mode": "Partial",
                            "Parent Relationship": "Outer",
                            "Parallel Aware": false,
                            "Startup Cost": 30475.78,
                            "Total Cost": 30475.79,
                            "Plan Rows": 1,
                            "Plan Width": 8,
                            "Actual Startup Time": 127.694,
                            "Actual Total Time": 127.695,
                            "Actual Rows": 1,
                            "Actual Loops": 4,
                            "Output": [
                                "PARTIAL count(*)"
                            ],
                            "Workers": [
                                {
                                    "Worker Number": 0,
                                    "Actual Startup Time": 124.99,
                                    "Actual Total Time": 124.991,
                                    "Actual Rows": 1,
                                    "Actual Loops": 1
                                },
                                {
                                    "Worker Number": 1,
                                    "Actual Startup Time": 125.441,
                                    "Actual Total Time": 125.442,
                                    "Actual Rows": 1,
                                    "Actual Loops": 1
                                },
                                {
                                    "Worker Number": 2,
                                    "Actual Startup Time": 125.531,
                                    "Actual Total Time": 125.532,
                                    "Actual Rows": 1,
                                    "Actual Loops": 1
                                }
                            ],
                            "Plans": [
                                {
                                    "Node Type": "Seq Scan",
                                    "Parent Relationship": "Outer",
                                    "Parallel Aware": true,
                                    "Relation Name": "movie_companies",
                                    "Schema": "public",
                                    "Alias": "mc",
                                    "Startup Cost": 0.0,
                                    "Total Cost": 29310.68,
                                    "Plan Rows": 466041,
                                    "Plan Width": 0,
                                    "Actual Startup Time": 18.615,
                                    "Actual Total Time": 103.602,
                                    "Actual Rows": 361866,
                                    "Actual Loops": 4,
                                    "Output": [
                                        "id",
                                        "movie_id",
                                        "company_id",
                                        "company_type_id",
                                        "note"
                                    ],
                                    "Filter": "(mc.company_id > 9557)",
                                    "Rows Removed by Filter": 290417,
                                    "Workers": [
                                        {
                                            "Worker Number": 0,
                                            "Actual Startup Time": 15.906,
                                            "Actual Total Time": 101.38,
                                            "Actual Rows": 343900,
                                            "Actual Loops": 1
                                        },
                                        {
                                            "Worker Number": 1,
                                            "Actual Startup Time": 16.399,
                                            "Actual Total Time": 101.877,
                                            "Actual Rows": 343303,
                                            "Actual Loops": 1
                                        },
                                        {
                                            "Worker Number": 2,
                                            "Actual Startup Time": 16.446,
                                            "Actual Total Time": 102.033,
                                            "Actual Rows": 342375,
                                            "Actual Loops": 1
                                        }
                                    ]
                                }
                            ]
                        }
                    ]
                }
            ]
        },
        "Planning Time": 1467.659,
        "Triggers": [],
        "Execution Time": 142.383
    }
]