[
    {
        "Bao": {
            "Bao prediction": "NaN",
            "Bao recommended hint": "(no hint)"
        }
    },
    {
        "Plan": {
            "Node Type": "Aggregate",
            "Strategy": "Plain",
            "Partial Mode": "Finalize",
            "Parallel Aware": false,
            "Startup Cost": 73204.49,
            "Total Cost": 73204.5,
            "Plan Rows": 1,
            "Plan Width": 8,
            "Actual Startup Time": 239.79,
            "Actual Total Time": 252.104,
            "Actual Rows": 1,
            "Actual Loops": 1,
            "Output": [
                "count(*)"
            ],
            "Plans": [
                {
                    "Node Type": "Gather",
                    "Parent Relationship": "Outer",
                    "Parallel Aware": false,
                    "Startup Cost": 73204.07,
                    "Total Cost": 73204.48,
                    "Plan Rows": 4,
                    "Plan Width": 8,
                    "Actual Startup Time": 238.315,
                    "Actual Total Time": 252.096,
                    "Actual Rows": 5,
                    "Actual Loops": 1,
                    "Output": [
                        "(PARTIAL count(*))"
                    ],
                    "Workers Planned": 4,
                    "Workers Launched": 4,
                    "Single Copy": false,
                    "Plans": [
                        {
                            "Node Type": "Aggregate",
                            "Strategy": "Plain",
                            "Partial Mode": "Partial",
                            "Parent Relationship": "Outer",
                            "Parallel Aware": false,
                            "Startup Cost": 72204.07,
                            "Total Cost": 72204.08,
                            "Plan Rows": 1,
                            "Plan Width": 8,
                            "Actual Startup Time": 228.728,
                            "Actual Total Time": 228.732,
                            "Actual Rows": 1,
                            "Actual Loops": 5,
                            "Output": [
                                "PARTIAL count(*)"
                            ],
                            "Workers": [
                                {
                                    "Worker Number": 0,
                                    "Actual Startup Time": 226.201,
                                    "Actual Total Time": 226.205,
                                    "Actual Rows": 1,
                                    "Actual Loops": 1
                                },
                                {
                                    "Worker Number": 1,
                                    "Actual Startup Time": 226.293,
                                    "Actual Total Time": 226.296,
                                    "Actual Rows": 1,
                                    "Actual Loops": 1
                                },
                                {
                                    "Worker Number": 2,
                                    "Actual Startup Time": 226.584,
                                    "Actual Total Time": 226.587,
                                    "Actual Rows": 1,
                                    "Actual Loops": 1
                                },
                                {
                                    "Worker Number": 3,
                                    "Actual Startup Time": 226.712,
                                    "Actual Total Time": 226.715,
                                    "Actual Rows": 1,
                                    "Actual Loops": 1
                                }
                            ],
                            "Plans": [
                                {
                                    "Node Type": "Hash Join",
                                    "Parent Relationship": "Outer",
                                    "Parallel Aware": true,
                                    "Join Type": "Inner",
                                    "Startup Cost": 26360.46,
                                    "Total Cost": 72044.96,
                                    "Plan Rows": 63644,
                                    "Plan Width": 0,
                                    "Actual Startup Time": 69.712,
                                    "Actual Total Time": 225.816,
                                    "Actual Rows": 50391,
                                    "Actual Loops": 5,
                                    "Inner Unique": false,
                                    "Hash Cond": "(t.id = mc.movie_id)",
                                    "Workers": [
                                        {
                                            "Worker Number": 0,
                                            "Actual Startup Time": 67.221,
                                            "Actual Total Time": 223.04,
                                            "Actual Rows": 37472,
                                            "Actual Loops": 1
                                        },
                                        {
                                            "Worker Number": 1,
                                            "Actual Startup Time": 67.346,
                                            "Actual Total Time": 223.184,
                                            "Actual Rows": 37041,
                                            "Actual Loops": 1
                                        },
                                        {
                                            "Worker Number": 2,
                                            "Actual Startup Time": 67.566,
                                            "Actual Total Time": 223.99,
                                            "Actual Rows": 51708,
                                            "Actual Loops": 1
                                        },
                                        {
                                            "Worker Number": 3,
                                            "Actual Startup Time": 67.735,
                                            "Actual Total Time": 223.836,
                                            "Actual Rows": 56981,
                                            "Actual Loops": 1
                                        }
                                    ],
                                    "Plans": [
                                        {
                                            "Node Type": "Seq Scan",
                                            "Parent Relationship": "Outer",
                                            "Parallel Aware": true,
                                            "Relation Name": "title",
                                            "Schema": "public",
                                            "Alias": "t",
                                            "Startup Cost": 0.0,
                                            "Total Cost": 42318.81,
                                            "Plan Rows": 632080,
                                            "Plan Width": 4,
                                            "Actual Startup Time": 0.007,
                                            "Actual Total Time": 62.063,
                                            "Actual Rows": 505662,
                                            "Actual Loops": 5,
                                            "Output": [
                                                "t.id",
                                                "t.title",
                                                "t.imdb_index",
                                                "t.kind_id",
                                                "t.production_year",
                                                "t.imdb_id",
                                                "t.phonetic_code",
                                                "t.episode_of_id",
                                                "t.season_nr",
                                                "t.episode_nr",
                                                "t.series_years",
                                                "t.md5sum"
                                            ],
                                            "Workers": [
                                                {
                                                    "Worker Number": 0,
                                                    "Actual Startup Time": 0.007,
                                                    "Actual Total Time": 65.962,
                                                    "Actual Rows": 373522,
                                                    "Actual Loops": 1
                                                },
                                                {
                                                    "Worker Number": 1,
                                                    "Actual Startup Time": 0.011,
                                                    "Actual Total Time": 65.851,
                                                    "Actual Rows": 372829,
                                                    "Actual Loops": 1
                                                },
                                                {
                                                    "Worker Number": 2,
                                                    "Actual Startup Time": 0.005,
                                                    "Actual Total Time": 62.12,
                                                    "Actual Rows": 516382,
                                                    "Actual Loops": 1
                                                },
                                                {
                                                    "Worker Number": 3,
                                                    "Actual Startup Time": 0.006,
                                                    "Actual Total Time": 62.785,
                                                    "Actual Rows": 572200,
                                                    "Actual Loops": 1
                                                }
                                            ]
                                        },
                                        {
                                            "Node Type": "Hash",
                                            "Parent Relationship": "Inner",
                                            "Parallel Aware": true,
                                            "Startup Cost": 25333.93,
                                            "Total Cost": 25333.93,
                                            "Plan Rows": 82122,
                                            "Plan Width": 4,
                                            "Actual Startup Time": 68.468,
                                            "Actual Total Time": 68.47,
                                            "Actual Rows": 50391,
                                            "Actual Loops": 5,
                                            "Output": [
                                                "mc.movie_id"
                                            ],
                                            "Hash Buckets": 262144,
                                            "Original Hash Buckets": 262144,
                                            "Hash Batches": 1,
                                            "Original Hash Batches": 1,
                                            "Peak Memory Usage": 11936,
                                            "Workers": [
                                                {
                                                    "Worker Number": 0,
                                                    "Actual Startup Time": 66.801,
                                                    "Actual Total Time": 66.802,
                                                    "Actual Rows": 32541,
                                                    "Actual Loops": 1
                                                },
                                                {
                                                    "Worker Number": 1,
                                                    "Actual Startup Time": 66.899,
                                                    "Actual Total Time": 66.901,
                                                    "Actual Rows": 34979,
                                                    "Actual Loops": 1
                                                },
                                                {
                                                    "Worker Number": 2,
                                                    "Actual Startup Time": 67.187,
                                                    "Actual Total Time": 67.189,
                                                    "Actual Rows": 28550,
                                                    "Actual Loops": 1
                                                },
                                                {
                                                    "Worker Number": 3,
                                                    "Actual Startup Time": 67.307,
                                                    "Actual Total Time": 67.309,
                                                    "Actual Rows": 36458,
                                                    "Actual Loops": 1
                                                }
                                            ],
                                            "Plans": [
                                                {
                                                    "Node Type": "Bitmap Heap Scan",
                                                    "Parent Relationship": "Outer",
                                                    "Parallel Aware": true,
                                                    "Relation Name": "movie_companies",
                                                    "Schema": "public",
                                                    "Alias": "mc",
                                                    "Startup Cost": 5517.41,
                                                    "Total Cost": 25333.93,
                                                    "Plan Rows": 82122,
                                                    "Plan Width": 4,
                                                    "Actual Startup Time": 10.389,
                                                    "Actual Total Time": 49.681,
                                                    "Actual Rows": 50391,
                                                    "Actual Loops": 5,
                                                    "Output": [
                                                        "mc.movie_id"
                                                    ],
                                                    "Recheck Cond": "(mc.company_id < 122)",
                                                    "Rows Removed by Index Recheck": 0,
                                                    "Exact Heap Blocks": 8092,
                                                    "Lossy Heap Blocks": 0,
                                                    "Workers": [
                                                        {
                                                            "Worker Number": 0,
                                                            "Actual Startup Time": 8.865,
                                                            "Actual Total Time": 49.39,
                                                            "Actual Rows": 32541,
                                                            "Actual Loops": 1
                                                        },
                                                        {
                                                            "Worker Number": 1,
                                                            "Actual Startup Time": 8.883,
                                                            "Actual Total Time": 49.471,
                                                            "Actual Rows": 34979,
                                                            "Actual Loops": 1
                                                        },
                                                        {
                                                            "Worker Number": 2,
                                                            "Actual Startup Time": 9.099,
                                                            "Actual Total Time": 49.332,
                                                            "Actual Rows": 28550,
                                                            "Actual Loops": 1
                                                        },
                                                        {
                                                            "Worker Number": 3,
                                                            "Actual Startup Time": 9.201,
                                                            "Actual Total Time": 49.638,
                                                            "Actual Rows": 36458,
                                                            "Actual Loops": 1
                                                        }
                                                    ],
                                                    "Plans": [
                                                        {
                                                            "Node Type": "Bitmap Index Scan",
                                                            "Parent Relationship": "Outer",
                                                            "Parallel Aware": false,
                                                            "Index Name": "company_id_movie_companies",
                                                            "Startup Cost": 0.0,
                                                            "Total Cost": 5453.77,
                                                            "Plan Rows": 254578,
                                                            "Plan Width": 0,
                                                            "Actual Startup Time": 13.112,
                                                            "Actual Total Time": 13.112,
                                                            "Actual Rows": 251956,
                                                            "Actual Loops": 1,
                                                            "Index Cond": "(mc.company_id < 122)"
                                                        }
                                                    ]
                                                }
                                            ]
                                        }
                                    ]
                                }
                            ]
                        }
                    ]
                }
            ]
        },
        "Planning Time": 194.291,
        "Triggers": [],
        "Execution Time": 252.22
    }
]