{
  "Plan": {
    "Node Type": "Aggregate",
    "Strategy": "Plain",
    "Partial Mode": "Finalize",
    "Parallel Aware": false,
    "Startup Cost": 439256.52,
    "Total Cost": 439256.53,
    "Plan Rows": 1,
    "Plan Width": 8,
    "Actual Startup Time": 2200.679,
    "Actual Total Time": 2229.945,
    "Actual Rows": 1,
    "Actual Loops": 1,
    "Plans": [
      {
        "Node Type": "Gather",
        "Parent Relationship": "Outer",
        "Parallel Aware": false,
        "Startup Cost": 439256.41,
        "Total Cost": 439256.52,
        "Plan Rows": 1,
        "Plan Width": 8,
        "Actual Startup Time": 2195.053,
        "Actual Total Time": 2229.937,
        "Actual Rows": 2,
        "Actual Loops": 1,
        "Workers Planned": 1,
        "Workers Launched": 1,
        "Single Copy": false,
        "Plans": [
          {
            "Node Type": "Aggregate",
            "Strategy": "Plain",
            "Partial Mode": "Partial",
            "Parent Relationship": "Outer",
            "Parallel Aware": false,
            "Startup Cost": 438256.41,
            "Total Cost": 438256.42,
            "Plan Rows": 1,
            "Plan Width": 8,
            "Actual Startup Time": 2185.998,
            "Actual Total Time": 2186.003,
            "Actual Rows": 1,
            "Actual Loops": 2,
            "Plans": [
              {
                "Node Type": "Hash Join",
                "Parent Relationship": "Outer",
                "Parallel Aware": true,
                "Join Type": "Inner",
                "Startup Cost": 149894.27,
                "Total Cost": 436285.51,
                "Plan Rows": 788359,
                "Plan Width": 0,
                "Actual Startup Time": 843.22,
                "Actual Total Time": 2127.75,
                "Actual Rows": 1453098,
                "Actual Loops": 2,
                "Inner Unique": false,
                "Hash Cond": "(t.id = mi_idx.movie_id)",
                "Plans": [
                  {
                    "Node Type": "Hash Join",
                    "Parent Relationship": "Outer",
                    "Parallel Aware": true,
                    "Join Type": "Inner",
                    "Startup Cost": 123694.1,
                    "Total Cost": 398226.36,
                    "Plan Rows": 1444314,
                    "Plan Width": 8,
                    "Actual Startup Time": 607.613,
                    "Actual Total Time": 1367.727,
                    "Actual Rows": 1242669,
                    "Actual Loops": 2,
                    "Inner Unique": true,
                    "Hash Cond": "(ci.movie_id = t.id)",
                    "Plans": [
                      {
                        "Node Type": "Bitmap Heap Scan",
                        "Parent Relationship": "Outer",
                        "Parallel Aware": true,
                        "Relation Name": "cast_info",
                        "Alias": "ci",
                        "Startup Cost": 54233.4,
                        "Total Cost": 324974.33,
                        "Plan Rows": 1444314,
                        "Plan Width": 4,
                        "Actual Startup Time": 83.761,
                        "Actual Total Time": 215.974,
                        "Actual Rows": 1242669,
                        "Actual Loops": 2,
                        "Recheck Cond": "(person_id < 241083)",
                        "Rows Removed by Index Recheck": 0,
                        "Exact Heap Blocks": 13065,
                        "Lossy Heap Blocks": 0,
                        "Plans": [
                          {
                            "Node Type": "Bitmap Index Scan",
                            "Parent Relationship": "Outer",
                            "Parallel Aware": false,
                            "Index Name": "person_id_cast_info",
                            "Startup Cost": 0.0,
                            "Total Cost": 53619.57,
                            "Plan Rows": 2455334,
                            "Plan Width": 0,
                            "Actual Startup Time": 79.835,
                            "Actual Total Time": 79.836,
                            "Actual Rows": 2485338,
                            "Actual Loops": 1,
                            "Index Cond": "(person_id < 241083)"
                          }
                        ]
                      },
                      {
                        "Node Type": "Hash",
                        "Parent Relationship": "Inner",
                        "Parallel Aware": true,
                        "Startup Cost": 50870.31,
                        "Total Cost": 50870.31,
                        "Plan Rows": 1487231,
                        "Plan Width": 4,
                        "Actual Startup Time": 512.491,
                        "Actual Total Time": 512.492,
                        "Actual Rows": 1264156,
                        "Actual Loops": 2,
                        "Hash Buckets": 4194304,
                        "Original Hash Buckets": 4194304,
                        "Hash Batches": 1,
                        "Original Hash Batches": 1,
                        "Peak Memory Usage": 131712,
                        "Plans": [
                          {
                            "Node Type": "Seq Scan",
                            "Parent Relationship": "Outer",
                            "Parallel Aware": true,
                            "Relation Name": "title",
                            "Alias": "t",
                            "Startup Cost": 0.0,
                            "Total Cost": 50870.31,
                            "Plan Rows": 1487231,
                            "Plan Width": 4,
                            "Actual Startup Time": 0.021,
                            "Actual Total Time": 154.296,
                            "Actual Rows": 1264156,
                            "Actual Loops": 2
                          }
                        ]
                      }
                    ]
                  },
                  {
                    "Node Type": "Hash",
                    "Parent Relationship": "Inner",
                    "Parallel Aware": true,
                    "Startup Cost": 16052.85,
                    "Total Cost": 16052.85,
                    "Plan Rows": 811785,
                    "Plan Width": 4,
                    "Actual Startup Time": 220.853,
                    "Actual Total Time": 220.853,
                    "Actual Rows": 690018,
                    "Actual Loops": 2,
                    "Hash Buckets": 2097152,
                    "Original Hash Buckets": 2097152,
                    "Hash Batches": 1,
                    "Original Hash Batches": 1,
                    "Peak Memory Usage": 70400,
                    "Plans": [
                      {
                        "Node Type": "Seq Scan",
                        "Parent Relationship": "Outer",
                        "Parallel Aware": true,
                        "Relation Name": "movie_info_idx",
                        "Alias": "mi_idx",
                        "Startup Cost": 0.0,
                        "Total Cost": 16052.85,
                        "Plan Rows": 811785,
                        "Plan Width": 4,
                        "Actual Startup Time": 0.046,
                        "Actual Total Time": 77.0,
                        "Actual Rows": 690018,
                        "Actual Loops": 2
                      }
                    ]
                  }
                ]
              }
            ]
          }
        ]
      }
    ]
  },
  "Planning Time": 0.994,
  "Triggers": [],
  "Execution Time": 2230.05
}