{
  "Plan": {
    "Node Type": "Aggregate",
    "Strategy": "Plain",
    "Partial Mode": "Simple",
    "Parallel Aware": false,
    "Startup Cost": 376076.24,
    "Total Cost": 376076.25,
    "Plan Rows": 1,
    "Plan Width": 96,
    "Actual Startup Time": 1403.612,
    "Actual Total Time": 1403.931,
    "Actual Rows": 1,
    "Actual Loops": 1,
    "Plans": [
      {
        "Node Type": "Nested Loop",
        "Parent Relationship": "Outer",
        "Parallel Aware": false,
        "Join Type": "Inner",
        "Startup Cost": 352648.01,
        "Total Cost": 376076.23,
        "Plan Rows": 1,
        "Plan Width": 48,
        "Actual Startup Time": 1384.429,
        "Actual Total Time": 1403.911,
        "Actual Rows": 45,
        "Actual Loops": 1,
        "Inner Unique": false,
        "Join Filter": "(mk.keyword_id = k.id)",
        "Rows Removed by Join Filter": 2385,
        "Plans": [
          {
            "Node Type": "Seq Scan",
            "Parent Relationship": "Outer",
            "Parallel Aware": false,
            "Relation Name": "keyword",
            "Alias": "k",
            "Startup Cost": 0.0,
            "Total Cost": 2961.55,
            "Plan Rows": 4,
            "Plan Width": 4,
            "Actual Startup Time": 0.033,
            "Actual Total Time": 19.095,
            "Actual Rows": 3,
            "Actual Loops": 1,
            "Filter": "(keyword = ANY ('{hero,martial-arts,hand-to-hand-combat,computer-animated-movie}'::text[]))",
            "Rows Removed by Filter": 134167
          },
          {
            "Node Type": "Materialize",
            "Parent Relationship": "Inner",
            "Parallel Aware": false,
            "Startup Cost": 352648.01,
            "Total Cost": 373114.63,
            "Plan Rows": 1,
            "Plan Width": 52,
            "Actual Startup Time": 384.394,
            "Actual Total Time": 461.554,
            "Actual Rows": 810,
            "Actual Loops": 3,
            "Plans": [
              {
                "Node Type": "Nested Loop",
                "Parent Relationship": "Outer",
                "Parallel Aware": false,
                "Join Type": "Inner",
                "Startup Cost": 352648.01,
                "Total Cost": 373114.62,
                "Plan Rows": 1,
                "Plan Width": 52,
                "Actual Startup Time": 1153.174,
                "Actual Total Time": 1384.218,
                "Actual Rows": 810,
                "Actual Loops": 1,
                "Inner Unique": false,
                "Join Filter": "(mc.company_id = cn.id)",
                "Rows Removed by Join Filter": 15990,
                "Plans": [
                  {
                    "Node Type": "Gather",
                    "Parent Relationship": "Outer",
                    "Parallel Aware": false,
                    "Startup Cost": 1000.0,
                    "Total Cost": 6068.6,
                    "Plan Rows": 1,
                    "Plan Width": 4,
                    "Actual Startup Time": 12.409,
                    "Actual Total Time": 12.504,
                    "Actual Rows": 1,
                    "Actual Loops": 1,
                    "Workers Planned": 1,
                    "Workers Launched": 1,
                    "Single Copy": false,
                    "Plans": [
                      {
                        "Node Type": "Seq Scan",
                        "Parent Relationship": "Outer",
                        "Parallel Aware": true,
                        "Relation Name": "company_name",
                        "Alias": "cn",
                        "Startup Cost": 0.0,
                        "Total Cost": 5068.5,
                        "Plan Rows": 1,
                        "Plan Width": 4,
                        "Actual Startup Time": 29.685,
                        "Actual Total Time": 29.69,
                        "Actual Rows": 0,
                        "Actual Loops": 2,
                        "Filter": "(((country_code)::text = '[us]'::text) AND (name = 'DreamWorks Animation'::text))",
                        "Rows Removed by Filter": 117498
                      }
                    ]
                  },
                  {
                    "Node Type": "Nested Loop",
                    "Parent Relationship": "Inner",
                    "Parallel Aware": false,
                    "Join Type": "Inner",
                    "Startup Cost": 351648.01,
                    "Total Cost": 367046.01,
                    "Plan Rows": 1,
                    "Plan Width": 56,
                    "Actual Startup Time": 1140.762,
                    "Actual Total Time": 1370.771,
                    "Actual Rows": 16800,
                    "Actual Loops": 1,
                    "Inner Unique": false,
                    "Join Filter": "(mi.info_type_id = it.id)",
                    "Rows Removed by Join Filter": 0,
                    "Plans": [
                      {
                        "Node Type": "Seq Scan",
                        "Parent Relationship": "Outer",
                        "Parallel Aware": false,
                        "Relation Name": "info_type",
                        "Alias": "it",
                        "Startup Cost": 0.0,
                        "Total Cost": 2.41,
                        "Plan Rows": 1,
                        "Plan Width": 4,
                        "Actual Startup Time": 0.009,
                        "Actual Total Time": 0.016,
                        "Actual Rows": 1,
                        "Actual Loops": 1,
                        "Filter": "((info)::text = 'release dates'::text)",
                        "Rows Removed by Filter": 112
                      },
                      {
                        "Node Type": "Nested Loop",
                        "Parent Relationship": "Inner",
                        "Parallel Aware": false,
                        "Join Type": "Inner",
                        "Startup Cost": 351648.01,
                        "Total Cost": 367043.58,
                        "Plan Rows": 1,
                        "Plan Width": 60,
                        "Actual Startup Time": 1140.749,
                        "Actual Total Time": 1369.009,
                        "Actual Rows": 16800,
                        "Actual Loops": 1,
                        "Inner Unique": false,
                        "Join Filter": "(t.id = mi.movie_id)",
                        "Rows Removed by Join Filter": 0,
                        "Plans": [
                          {
                            "Node Type": "Nested Loop",
                            "Parent Relationship": "Outer",
                            "Parallel Aware": false,
                            "Join Type": "Inner",
                            "Startup Cost": 351647.57,
                            "Total Cost": 367042.02,
                            "Plan Rows": 1,
                            "Plan Width": 72,
                            "Actual Startup Time": 1140.66,
                            "Actual Total Time": 1143.956,
                            "Actual Rows": 5800,
                            "Actual Loops": 1,
                            "Inner Unique": false,
                            "Join Filter": "(t.id = mc.movie_id)",
                            "Rows Removed by Join Filter": 0,
                            "Plans": [
                              {
                                "Node Type": "Nested Loop",
                                "Parent Relationship": "Outer",
                                "Parallel Aware": false,
                                "Join Type": "Inner",
                                "Startup Cost": 351647.14,
                                "Total Cost": 367041.41,
                                "Plan Rows": 1,
                                "Plan Width": 64,
                                "Actual Startup Time": 1140.576,
                                "Actual Total Time": 1141.838,
                                "Actual Rows": 370,
                                "Actual Loops": 1,
                                "Inner Unique": true,
                                "Plans": [
                                  {
                                    "Node Type": "Nested Loop",
                                    "Parent Relationship": "Outer",
                                    "Parallel Aware": false,
                                    "Join Type": "Inner",
                                    "Startup Cost": 351646.71,
                                    "Total Cost": 367040.76,
                                    "Plan Rows": 1,
                                    "Plan Width": 52,
                                    "Actual Startup Time": 1140.508,
                                    "Actual Total Time": 1141.23,
                                    "Actual Rows": 370,
                                    "Actual Loops": 1,
                                    "Inner Unique": true,
                                    "Plans": [
                                      {
                                        "Node Type": "Gather",
                                        "Parent Relationship": "Outer",
                                        "Parallel Aware": false,
                                        "Startup Cost": 351646.58,
                                        "Total Cost": 367040.58,
                                        "Plan Rows": 1,
                                        "Plan Width": 56,
                                        "Actual Startup Time": 1140.46,
                                        "Actual Total Time": 1140.811,
                                        "Actual Rows": 370,
                                        "Actual Loops": 1,
                                        "Workers Planned": 3,
                                        "Workers Launched": 3,
                                        "Single Copy": false,
                                        "Plans": [
                                          {
                                            "Node Type": "Hash Join",
                                            "Parent Relationship": "Outer",
                                            "Parallel Aware": true,
                                            "Join Type": "Inner",
                                            "Startup Cost": 350646.58,
                                            "Total Cost": 366040.48,
                                            "Plan Rows": 1,
                                            "Plan Width": 56,
                                            "Actual Startup Time": 1126.235,
                                            "Actual Total Time": 1140.616,
                                            "Actual Rows": 92,
                                            "Actual Loops": 4,
                                            "Inner Unique": false,
                                            "Hash Cond": "(an.person_id = n.id)",
                                            "Plans": [
                                              {
                                                "Node Type": "Seq Scan",
                                                "Parent Relationship": "Outer",
                                                "Parallel Aware": true,
                                                "Relation Name": "aka_name",
                                                "Alias": "an",
                                                "Startup Cost": 0.0,
                                                "Total Cost": 14303.56,
                                                "Plan Rows": 290756,
                                                "Plan Width": 4,
                                                "Actual Startup Time": 0.022,
                                                "Actual Total Time": 60.668,
                                                "Actual Rows": 225336,
                                                "Actual Loops": 4
                                              },
                                              {
                                                "Node Type": "Hash",
                                                "Parent Relationship": "Inner",
                                                "Parallel Aware": true,
                                                "Startup Cost": 350646.57,
                                                "Total Cost": 350646.57,
                                                "Plan Rows": 1,
                                                "Plan Width": 64,
                                                "Actual Startup Time": 1058.365,
                                                "Actual Total Time": 1058.375,
                                                "Actual Rows": 18,
                                                "Actual Loops": 4,
                                                "Hash Buckets": 1024,
                                                "Original Hash Buckets": 1024,
                                                "Hash Batches": 1,
                                                "Original Hash Batches": 1,
                                                "Peak Memory Usage": 72,
                                                "Plans": [
                                                  {
                                                    "Node Type": "Hash Join",
                                                    "Parent Relationship": "Outer",
                                                    "Parallel Aware": true,
                                                    "Join Type": "Inner",
                                                    "Startup Cost": 306126.74,
                                                    "Total Cost": 350646.57,
                                                    "Plan Rows": 1,
                                                    "Plan Width": 64,
                                                    "Actual Startup Time": 1001.272,
                                                    "Actual Total Time": 1058.274,
                                                    "Actual Rows": 18,
                                                    "Actual Loops": 4,
                                                    "Inner Unique": false,
                                                    "Hash Cond": "(mk.movie_id = t.id)",
                                                    "Plans": [
                                                      {
                                                        "Node Type": "Seq Scan",
                                                        "Parent Relationship": "Outer",
                                                        "Parallel Aware": true,
                                                        "Relation Name": "movie_keyword",
                                                        "Alias": "mk",
                                                        "Startup Cost": 0.0,
                                                        "Total Cost": 39047.32,
                                                        "Plan Rows": 1459332,
                                                        "Plan Width": 8,
                                                        "Actual Startup Time": 0.02,
                                                        "Actual Total Time": 148.427,
                                                        "Actual Rows": 1130982,
                                                        "Actual Loops": 4
                                                      },
                                                      {
                                                        "Node Type": "Hash",
                                                        "Parent Relationship": "Inner",
                                                        "Parallel Aware": true,
                                                        "Startup Cost": 306126.73,
                                                        "Total Cost": 306126.73,
                                                        "Plan Rows": 1,
                                                        "Plan Width": 56,
                                                        "Actual Startup Time": 815.542,
                                                        "Actual Total Time": 815.549,
                                                        "Actual Rows": 1,
                                                        "Actual Loops": 4,
                                                        "Hash Buckets": 1024,
                                                        "Original Hash Buckets": 1024,
                                                        "Hash Batches": 1,
                                                        "Original Hash Batches": 1,
                                                        "Peak Memory Usage": 72,
                                                        "Plans": [
                                                          {
                                                            "Node Type": "Hash Join",
                                                            "Parent Relationship": "Outer",
                                                            "Parallel Aware": true,
                                                            "Join Type": "Inner",
                                                            "Startup Cost": 260646.77,
                                                            "Total Cost": 306126.73,
                                                            "Plan Rows": 1,
                                                            "Plan Width": 56,
                                                            "Actual Startup Time": 800.462,
                                                            "Actual Total Time": 815.472,
                                                            "Actual Rows": 1,
                                                            "Actual Loops": 4,
                                                            "Inner Unique": false,
                                                            "Hash Cond": "(t.id = ci.movie_id)",
                                                            "Plans": [
                                                              {
                                                                "Node Type": "Seq Scan",
                                                                "Parent Relationship": "Outer",
                                                                "Parallel Aware": true,
                                                                "Relation Name": "title",
                                                                "Alias": "t",
                                                                "Startup Cost": 0.0,
                                                                "Total Cost": 45479.91,
                                                                "Plan Rows": 9,
                                                                "Plan Width": 21,
                                                                "Actual Startup Time": 92.237,
                                                                "Actual Total Time": 160.427,
                                                                "Actual Rows": 2,
                                                                "Actual Loops": 4,
                                                                "Filter": "((production_year > 2010) AND (title ~~ 'Kung Fu Panda%'::text))",
                                                                "Rows Removed by Filter": 632076
                                                              },
                                                              {
                                                                "Node Type": "Hash",
                                                                "Parent Relationship": "Inner",
                                                                "Parallel Aware": true,
                                                                "Startup Cost": 260640.15,
                                                                "Total Cost": 260640.15,
                                                                "Plan Rows": 530,
                                                                "Plan Width": 35,
                                                                "Actual Startup Time": 654.929,
                                                                "Actual Total Time": 654.932,
                                                                "Actual Rows": 1638,
                                                                "Actual Loops": 4,
                                                                "Hash Buckets": 8192,
                                                                "Original Hash Buckets": 4096,
                                                                "Hash Batches": 1,
                                                                "Original Hash Batches": 1,
                                                                "Peak Memory Usage": 608,
                                                                "Plans": [
                                                                  {
                                                                    "Node Type": "Nested Loop",
                                                                    "Parent Relationship": "Outer",
                                                                    "Parallel Aware": false,
                                                                    "Join Type": "Inner",
                                                                    "Startup Cost": 0.56,
                                                                    "Total Cost": 260640.15,
                                                                    "Plan Rows": 530,
                                                                    "Plan Width": 35,
                                                                    "Actual Startup Time": 135.733,
                                                                    "Actual Total Time": 581.953,
                                                                    "Actual Rows": 1638,
                                                                    "Actual Loops": 4,
                                                                    "Inner Unique": false,
                                                                    "Plans": [
                                                                      {
                                                                        "Node Type": "Seq Scan",
                                                                        "Parent Relationship": "Outer",
                                                                        "Parallel Aware": true,
                                                                        "Relation Name": "name",
                                                                        "Alias": "n",
                                                                        "Startup Cost": 0.0,
                                                                        "Total Cost": 71240.66,
                                                                        "Plan Rows": 2419,
                                                                        "Plan Width": 19,
                                                                        "Actual Startup Time": 132.986,
                                                                        "Actual Total Time": 310.59,
                                                                        "Actual Rows": 12503,
                                                                        "Actual Loops": 4,
                                                                        "Filter": "((name ~~ '%An%'::text) AND ((gender)::text = 'f'::text))",
                                                                        "Rows Removed by Filter": 1029370
                                                                      },
                                                                      {
                                                                        "Node Type": "Index Scan",
                                                                        "Parent Relationship": "Inner",
                                                                        "Parallel Aware": false,
                                                                        "Scan Direction": "Forward",
                                                                        "Index Name": "person_id_cast_info",
                                                                        "Relation Name": "cast_info",
                                                                        "Alias": "ci",
                                                                        "Startup Cost": 0.56,
                                                                        "Total Cost": 78.17,
                                                                        "Plan Rows": 13,
                                                                        "Plan Width": 16,
                                                                        "Actual Startup Time": 0.021,
                                                                        "Actual Total Time": 0.021,
                                                                        "Actual Rows": 0,
                                                                        "Actual Loops": 50011,
                                                                        "Index Cond": "(person_id = n.id)",
                                                                        "Rows Removed by Index Recheck": 0,
                                                                        "Filter": "(note = ANY ('{(voice),\"(voice: Japanese version)\",\"(voice) (uncredited)\",\"(voice: English version)\"}'::text[]))",
                                                                        "Rows Removed by Filter": 9
                                                                      }
                                                                    ]
                                                                  }
                                                                ]
                                                              }
                                                            ]
                                                          }
                                                        ]
                                                      }
                                                    ]
                                                  }
                                                ]
                                              }
                                            ]
                                          }
                                        ]
                                      },
                                      {
                                        "Node Type": "Index Scan",
                                        "Parent Relationship": "Inner",
                                        "Parallel Aware": false,
                                        "Scan Direction": "Forward",
                                        "Index Name": "role_type_pkey",
                                        "Relation Name": "role_type",
                                        "Alias": "rt",
                                        "Startup Cost": 0.14,
                                        "Total Cost": 0.16,
                                        "Plan Rows": 1,
                                        "Plan Width": 4,
                                        "Actual Startup Time": 0.001,
                                        "Actual Total Time": 0.001,
                                        "Actual Rows": 1,
                                        "Actual Loops": 370,
                                        "Index Cond": "(id = ci.role_id)",
                                        "Rows Removed by Index Recheck": 0,
                                        "Filter": "((role)::text = 'actress'::text)",
                                        "Rows Removed by Filter": 0
                                      }
                                    ]
                                  },
                                  {
                                    "Node Type": "Index Scan",
                                    "Parent Relationship": "Inner",
                                    "Parallel Aware": false,
                                    "Scan Direction": "Forward",
                                    "Index Name": "char_name_pkey",
                                    "Relation Name": "char_name",
                                    "Alias": "chn",
                                    "Startup Cost": 0.43,
                                    "Total Cost": 0.66,
                                    "Plan Rows": 1,
                                    "Plan Width": 20,
                                    "Actual Startup Time": 0.001,
                                    "Actual Total Time": 0.001,
                                    "Actual Rows": 1,
                                    "Actual Loops": 370,
                                    "Index Cond": "(id = ci.person_role_id)",
                                    "Rows Removed by Index Recheck": 0
                                  }
                                ]
                              },
                              {
                                "Node Type": "Index Scan",
                                "Parent Relationship": "Inner",
                                "Parallel Aware": false,
                                "Scan Direction": "Forward",
                                "Index Name": "movie_id_movie_companies",
                                "Relation Name": "movie_companies",
                                "Alias": "mc",
                                "Startup Cost": 0.43,
                                "Total Cost": 0.54,
                                "Plan Rows": 5,
                                "Plan Width": 8,
                                "Actual Startup Time": 0.002,
                                "Actual Total Time": 0.003,
                                "Actual Rows": 16,
                                "Actual Loops": 370,
                                "Index Cond": "(movie_id = mk.movie_id)",
                                "Rows Removed by Index Recheck": 0
                              }
                            ]
                          },
                          {
                            "Node Type": "Index Scan",
                            "Parent Relationship": "Inner",
                            "Parallel Aware": false,
                            "Scan Direction": "Forward",
                            "Index Name": "movie_id_movie_info",
                            "Relation Name": "movie_info",
                            "Alias": "mi",
                            "Startup Cost": 0.43,
                            "Total Cost": 1.55,
                            "Plan Rows": 1,
                            "Plan Width": 8,
                            "Actual Startup Time": 0.006,
                            "Actual Total Time": 0.038,
                            "Actual Rows": 3,
                            "Actual Loops": 5800,
                            "Index Cond": "(movie_id = mk.movie_id)",
                            "Rows Removed by Index Recheck": 0,
                            "Filter": "((info IS NOT NULL) AND ((info ~~ 'Japan:%201%'::text) OR (info ~~ 'USA:%201%'::text)))",
                            "Rows Removed by Filter": 225
                          }
                        ]
                      }
                    ]
                  }
                ]
              }
            ]
          }
        ]
      }
    ]
  },
  "Planning Time": 79.141,
  "Triggers": [],
  "Execution Time": 1404.322
}