{
  "Plan": {
    "Node Type": "Aggregate",
    "Strategy": "Plain",
    "Partial Mode": "Finalize",
    "Parallel Aware": false,
    "Startup Cost": 189707.53,
    "Total Cost": 189707.54,
    "Plan Rows": 1,
    "Plan Width": 8,
    "Actual Startup Time": 591.045,
    "Actual Total Time": 612.457,
    "Actual Rows": 1,
    "Actual Loops": 1,
    "Plans": [
      {
        "Node Type": "Gather",
        "Parent Relationship": "Outer",
        "Parallel Aware": false,
        "Startup Cost": 189707.41,
        "Total Cost": 189707.52,
        "Plan Rows": 1,
        "Plan Width": 8,
        "Actual Startup Time": 590.904,
        "Actual Total Time": 612.449,
        "Actual Rows": 2,
        "Actual Loops": 1,
        "Workers Planned": 1,
        "Workers Launched": 1,
        "Single Copy": false,
        "Plans": [
          {
            "Node Type": "Aggregate",
            "Strategy": "Plain",
            "Partial Mode": "Partial",
            "Parent Relationship": "Outer",
            "Parallel Aware": false,
            "Startup Cost": 188707.41,
            "Total Cost": 188707.42,
            "Plan Rows": 1,
            "Plan Width": 8,
            "Actual Startup Time": 585.046,
            "Actual Total Time": 585.05,
            "Actual Rows": 1,
            "Actual Loops": 2,
            "Plans": [
              {
                "Node Type": "Hash Join",
                "Parent Relationship": "Outer",
                "Parallel Aware": true,
                "Join Type": "Inner",
                "Startup Cost": 58334.97,
                "Total Cost": 188698.47,
                "Plan Rows": 3578,
                "Plan Width": 0,
                "Actual Startup Time": 140.048,
                "Actual Total Time": 584.904,
                "Actual Rows": 1310,
                "Actual Loops": 2,
                "Inner Unique": true,
                "Hash Cond": "(ci.movie_id = t.id)",
                "Plans": [
                  {
                    "Node Type": "Index Scan",
                    "Parent Relationship": "Outer",
                    "Parallel Aware": true,
                    "Scan Direction": "Forward",
                    "Index Name": "role_id_cast_info",
                    "Relation Name": "cast_info",
                    "Alias": "ci",
                    "Startup Cost": 0.56,
                    "Total Cost": 124115.52,
                    "Plan Rows": 2380394,
                    "Plan Width": 4,
                    "Actual Startup Time": 0.043,
                    "Actual Total Time": 269.85,
                    "Actual Rows": 2004018,
                    "Actual Loops": 2,
                    "Index Cond": "(role_id = 3)",
                    "Rows Removed by Index Recheck": 0
                  },
                  {
                    "Node Type": "Hash",
                    "Parent Relationship": "Inner",
                    "Parallel Aware": true,
                    "Startup Cost": 58306.47,
                    "Total Cost": 58306.47,
                    "Plan Rows": 2235,
                    "Plan Width": 4,
                    "Actual Startup Time": 138.529,
                    "Actual Total Time": 138.531,
                    "Actual Rows": 1918,
                    "Actual Loops": 2,
                    "Hash Buckets": 4096,
                    "Original Hash Buckets": 4096,
                    "Hash Batches": 1,
                    "Original Hash Batches": 1,
                    "Peak Memory Usage": 224,
                    "Plans": [
                      {
                        "Node Type": "Seq Scan",
                        "Parent Relationship": "Outer",
                        "Parallel Aware": true,
                        "Relation Name": "title",
                        "Alias": "t",
                        "Startup Cost": 0.0,
                        "Total Cost": 58306.47,
                        "Plan Rows": 2235,
                        "Plan Width": 4,
                        "Actual Startup Time": 1.561,
                        "Actual Total Time": 137.73,
                        "Actual Rows": 1918,
                        "Actual Loops": 2,
                        "Filter": "((kind_id < 7) AND (production_year = 1959))",
                        "Rows Removed by Filter": 1262238
                      }
                    ]
                  }
                ]
              }
            ]
          }
        ]
      }
    ]
  },
  "Planning Time": 0.423,
  "Triggers": [],
  "Execution Time": 612.526
}