{
  "Plan": {
    "Node Type": "Aggregate",
    "Strategy": "Plain",
    "Partial Mode": "Finalize",
    "Parallel Aware": false,
    "Startup Cost": 347161.68,
    "Total Cost": 347161.69,
    "Plan Rows": 1,
    "Plan Width": 8,
    "Actual Startup Time": 4280.381,
    "Actual Total Time": 4341.567,
    "Actual Rows": 1,
    "Actual Loops": 1,
    "Plans": [
      {
        "Node Type": "Gather",
        "Parent Relationship": "Outer",
        "Parallel Aware": false,
        "Startup Cost": 347161.56,
        "Total Cost": 347161.67,
        "Plan Rows": 1,
        "Plan Width": 8,
        "Actual Startup Time": 4278.766,
        "Actual Total Time": 4341.56,
        "Actual Rows": 2,
        "Actual Loops": 1,
        "Workers Planned": 1,
        "Workers Launched": 1,
        "Single Copy": false,
        "Plans": [
          {
            "Node Type": "Aggregate",
            "Strategy": "Plain",
            "Partial Mode": "Partial",
            "Parent Relationship": "Outer",
            "Parallel Aware": false,
            "Startup Cost": 346161.56,
            "Total Cost": 346161.57,
            "Plan Rows": 1,
            "Plan Width": 8,
            "Actual Startup Time": 4272.336,
            "Actual Total Time": 4272.339,
            "Actual Rows": 1,
            "Actual Loops": 2,
            "Plans": [
              {
                "Node Type": "Nested Loop",
                "Parent Relationship": "Outer",
                "Parallel Aware": false,
                "Join Type": "Inner",
                "Startup Cost": 71043.27,
                "Total Cost": 344704.84,
                "Plan Rows": 582689,
                "Plan Width": 0,
                "Actual Startup Time": 304.926,
                "Actual Total Time": 3817.805,
                "Actual Rows": 11562462,
                "Actual Loops": 2,
                "Inner Unique": false,
                "Plans": [
                  {
                    "Node Type": "Hash Join",
                    "Parent Relationship": "Outer",
                    "Parallel Aware": true,
                    "Join Type": "Inner",
                    "Startup Cost": 71042.84,
                    "Total Cost": 99340.48,
                    "Plan Rows": 99651,
                    "Plan Width": 8,
                    "Actual Startup Time": 304.822,
                    "Actual Total Time": 436.927,
                    "Actual Rows": 186966,
                    "Actual Loops": 2,
                    "Inner Unique": true,
                    "Hash Cond": "(mk.movie_id = t.id)",
                    "Plans": [
                      {
                        "Node Type": "Bitmap Heap Scan",
                        "Parent Relationship": "Outer",
                        "Parallel Aware": true,
                        "Relation Name": "movie_keyword",
                        "Alias": "mk",
                        "Startup Cost": 9164.53,
                        "Total Cost": 36795.1,
                        "Plan Rows": 254125,
                        "Plan Width": 4,
                        "Actual Startup Time": 35.001,
                        "Actual Total Time": 93.956,
                        "Actual Rows": 210604,
                        "Actual Loops": 2,
                        "Recheck Cond": "(keyword_id > 41428)",
                        "Rows Removed by Index Recheck": 0,
                        "Exact Heap Blocks": 12202,
                        "Lossy Heap Blocks": 0,
                        "Plans": [
                          {
                            "Node Type": "Bitmap Index Scan",
                            "Parent Relationship": "Outer",
                            "Parallel Aware": false,
                            "Index Name": "keyword_id_movie_keyword",
                            "Startup Cost": 0.0,
                            "Total Cost": 9056.53,
                            "Plan Rows": 432013,
                            "Plan Width": 0,
                            "Actual Startup Time": 31.527,
                            "Actual Total Time": 31.528,
                            "Actual Rows": 421207,
                            "Actual Loops": 1,
                            "Index Cond": "(keyword_id > 41428)"
                          }
                        ]
                      },
                      {
                        "Node Type": "Hash",
                        "Parent Relationship": "Inner",
                        "Parallel Aware": true,
                        "Startup Cost": 54588.39,
                        "Total Cost": 54588.39,
                        "Plan Rows": 583193,
                        "Plan Width": 4,
                        "Actual Startup Time": 260.257,
                        "Actual Total Time": 260.258,
                        "Actual Rows": 492524,
                        "Actual Loops": 2,
                        "Hash Buckets": 1048576,
                        "Original Hash Buckets": 1048576,
                        "Hash Batches": 1,
                        "Original Hash Batches": 1,
                        "Peak Memory Usage": 46752,
                        "Plans": [
                          {
                            "Node Type": "Seq Scan",
                            "Parent Relationship": "Outer",
                            "Parallel Aware": true,
                            "Relation Name": "title",
                            "Alias": "t",
                            "Startup Cost": 0.0,
                            "Total Cost": 54588.39,
                            "Plan Rows": 583193,
                            "Plan Width": 4,
                            "Actual Startup Time": 0.034,
                            "Actual Total Time": 150.627,
                            "Actual Rows": 492524,
                            "Actual Loops": 2,
                            "Filter": "(kind_id < 7)",
                            "Rows Removed by Filter": 771632
                          }
                        ]
                      }
                    ]
                  },
                  {
                    "Node Type": "Index Only Scan",
                    "Parent Relationship": "Inner",
                    "Parallel Aware": false,
                    "Scan Direction": "Forward",
                    "Index Name": "movie_id_movie_info",
                    "Relation Name": "movie_info",
                    "Alias": "mi",
                    "Startup Cost": 0.43,
                    "Total Cost": 2.04,
                    "Plan Rows": 42,
                    "Plan Width": 4,
                    "Actual Startup Time": 0.003,
                    "Actual Total Time": 0.014,
                    "Actual Rows": 62,
                    "Actual Loops": 373932,
                    "Index Cond": "(movie_id = t.id)",
                    "Rows Removed by Index Recheck": 0,
                    "Heap Fetches": 23124923
                  }
                ]
              }
            ]
          }
        ]
      }
    ]
  },
  "Planning Time": 0.943,
  "Triggers": [],
  "Execution Time": 4341.688
}