[
  {
    "Plan": {
      "Node Type": "Aggregate",
      "Strategy": "Plain",
      "Partial Mode": "Finalize",
      "Parallel Aware": false,
      "Startup Cost": 80632.16,
      "Total Cost": 80632.17,
      "Plan Rows": 1,
      "Plan Width": 8,
      "Actual Startup Time": 183.677,
      "Actual Total Time": 200.946,
      "Actual Rows": 1,
      "Actual Loops": 1,
      "Plans": [
        {
          "Node Type": "Gather",
          "Parent Relationship": "Outer",
          "Parallel Aware": false,
          "Startup Cost": 80631.85,
          "Total Cost": 80632.16,
          "Plan Rows": 3,
          "Plan Width": 8,
          "Actual Startup Time": 182.748,
          "Actual Total Time": 200.94,
          "Actual Rows": 4,
          "Actual Loops": 1,
          "Workers Planned": 3,
          "Workers Launched": 3,
          "Single Copy": false,
          "Plans": [
            {
              "Node Type": "Aggregate",
              "Strategy": "Plain",
              "Partial Mode": "Partial",
              "Parent Relationship": "Outer",
              "Parallel Aware": false,
              "Startup Cost": 79631.85,
              "Total Cost": 79631.86,
              "Plan Rows": 1,
              "Plan Width": 8,
              "Actual Startup Time": 178.37,
              "Actual Total Time": 178.376,
              "Actual Rows": 1,
              "Actual Loops": 4,
              "Plans": [
                {
                  "Node Type": "Nested Loop",
                  "Parent Relationship": "Outer",
                  "Parallel Aware": false,
                  "Join Type": "Inner",
                  "Startup Cost": 51533.8,
                  "Total Cost": 79625.87,
                  "Plan Rows": 2389,
                  "Plan Width": 0,
                  "Actual Startup Time": 122.987,
                  "Actual Total Time": 178.337,
                  "Actual Rows": 312,
                  "Actual Loops": 4,
                  "Inner Unique": false,
                  "Join Filter": "(t.id = mc.movie_id)",
                  "Rows Removed by Join Filter": 0,
                  "Plans": [
                    {
                      "Node Type": "Hash Join",
                      "Parent Relationship": "Outer",
                      "Parallel Aware": true,
                      "Join Type": "Inner",
                      "Startup Cost": 51533.37,
                      "Total Cost": 77331.84,
                      "Plan Rows": 2315,
                      "Plan Width": 8,
                      "Actual Startup Time": 122.4,
                      "Actual Total Time": 177.167,
                      "Actual Rows": 152,
                      "Actual Loops": 4,
                      "Inner Unique": true,
                      "Hash Cond": "(mk.movie_id = t.id)",
                      "Plans": [
                        {
                          "Node Type": "Bitmap Heap Scan",
                          "Parent Relationship": "Outer",
                          "Parallel Aware": true,
                          "Relation Name": "movie_keyword",
                          "Alias": "mk",
                          "Startup Cost": 5848.03,
                          "Total Cost": 31413.16,
                          "Plan Rows": 88891,
                          "Plan Width": 4,
                          "Actual Startup Time": 21.892,
                          "Actual Total Time": 65.91,
                          "Actual Rows": 70531,
                          "Actual Loops": 4,
                          "Recheck Cond": "(keyword_id > 56681)",
                          "Rows Removed by Index Recheck": 0,
                          "Exact Heap Blocks": 6846,
                          "Lossy Heap Blocks": 0,
                          "Plans": [
                            {
                              "Node Type": "Bitmap Index Scan",
                              "Parent Relationship": "Outer",
                              "Parallel Aware": false,
                              "Index Name": "keyword_id_movie_keyword",
                              "Startup Cost": 0.0,
                              "Total Cost": 5779.14,
                              "Plan Rows": 275561,
                              "Plan Width": 0,
                              "Actual Startup Time": 18.617,
                              "Actual Total Time": 18.618,
                              "Actual Rows": 282123,
                              "Actual Loops": 1,
                              "Index Cond": "(keyword_id > 56681)"
                            }
                          ]
                        },
                        {
                          "Node Type": "Hash",
                          "Parent Relationship": "Inner",
                          "Parallel Aware": true,
                          "Startup Cost": 45479.59,
                          "Total Cost": 45479.59,
                          "Plan Rows": 16460,
                          "Plan Width": 4,
                          "Actual Startup Time": 99.318,
                          "Actual Total Time": 99.319,
                          "Actual Rows": 18631,
                          "Actual Loops": 4,
                          "Hash Buckets": 131072,
                          "Original Hash Buckets": 131072,
                          "Hash Batches": 1,
                          "Original Hash Batches": 1,
                          "Peak Memory Usage": 4000,
                          "Plans": [
                            {
                              "Node Type": "Seq Scan",
                              "Parent Relationship": "Outer",
                              "Parallel Aware": true,
                              "Relation Name": "title",
                              "Alias": "t",
                              "Startup Cost": 0.0,
                              "Total Cost": 45479.59,
                              "Plan Rows": 16460,
                              "Plan Width": 4,
                              "Actual Startup Time": 0.03,
                              "Actual Total Time": 92.006,
                              "Actual Rows": 18631,
                              "Actual Loops": 4,
                              "Filter": "((kind_id = 7) AND (production_year = 2006))",
                              "Rows Removed by Filter": 613447
                            }
                          ]
                        }
                      ]
                    },
                    {
                      "Node Type": "Index Only Scan",
                      "Parent Relationship": "Inner",
                      "Parallel Aware": false,
                      "Scan Direction": "Forward",
                      "Index Name": "movie_id_movie_companies",
                      "Relation Name": "movie_companies",
                      "Alias": "mc",
                      "Startup Cost": 0.43,
                      "Total Cost": 0.93,
                      "Plan Rows": 5,
                      "Plan Width": 4,
                      "Actual Startup Time": 0.006,
                      "Actual Total Time": 0.007,
                      "Actual Rows": 2,
                      "Actual Loops": 609,
                      "Index Cond": "(movie_id = mk.movie_id)",
                      "Rows Removed by Index Recheck": 0,
                      "Heap Fetches": 1248
                    }
                  ]
                }
              ]
            }
          ]
        }
      ]
    },
    "Planning Time": 0.654,
    "Triggers": [],
    "Execution Time": 201.011
  }
]