[
  {
    "Plan": {
      "Node Type": "Aggregate",
      "Strategy": "Plain",
      "Partial Mode": "Finalize",
      "Parallel Aware": false,
      "Startup Cost": 27499.38,
      "Total Cost": 27499.39,
      "Plan Rows": 1,
      "Plan Width": 8,
      "Actual Startup Time": 69.452,
      "Actual Total Time": 73.646,
      "Actual Rows": 1,
      "Actual Loops": 1,
      "Plans": [
        {
          "Node Type": "Gather",
          "Parent Relationship": "Outer",
          "Parallel Aware": false,
          "Startup Cost": 27499.06,
          "Total Cost": 27499.37,
          "Plan Rows": 3,
          "Plan Width": 8,
          "Actual Startup Time": 69.139,
          "Actual Total Time": 73.639,
          "Actual Rows": 4,
          "Actual Loops": 1,
          "Workers Planned": 3,
          "Workers Launched": 3,
          "Single Copy": false,
          "Plans": [
            {
              "Node Type": "Aggregate",
              "Strategy": "Plain",
              "Partial Mode": "Partial",
              "Parent Relationship": "Outer",
              "Parallel Aware": false,
              "Startup Cost": 26499.06,
              "Total Cost": 26499.07,
              "Plan Rows": 1,
              "Plan Width": 8,
              "Actual Startup Time": 65.859,
              "Actual Total Time": 65.86,
              "Actual Rows": 1,
              "Actual Loops": 4,
              "Plans": [
                {
                  "Node Type": "Bitmap Heap Scan",
                  "Parent Relationship": "Outer",
                  "Parallel Aware": true,
                  "Relation Name": "movie_companies",
                  "Alias": "mc",
                  "Startup Cost": 6302.03,
                  "Total Cost": 26264.56,
                  "Plan Rows": 93802,
                  "Plan Width": 0,
                  "Actual Startup Time": 18.407,
                  "Actual Total Time": 60.172,
                  "Actual Rows": 71052,
                  "Actual Loops": 4,
                  "Recheck Cond": "(company_id < 156)",
                  "Rows Removed by Index Recheck": 0,
                  "Exact Heap Blocks": 7503,
                  "Lossy Heap Blocks": 0,
                  "Plans": [
                    {
                      "Node Type": "Bitmap Index Scan",
                      "Parent Relationship": "Outer",
                      "Parallel Aware": false,
                      "Index Name": "company_id_movie_companies",
                      "Startup Cost": 0.0,
                      "Total Cost": 6229.33,
                      "Plan Rows": 290787,
                      "Plan Width": 0,
                      "Actual Startup Time": 17.216,
                      "Actual Total Time": 17.216,
                      "Actual Rows": 284209,
                      "Actual Loops": 1,
                      "Index Cond": "(company_id < 156)"
                    }
                  ]
                }
              ]
            }
          ]
        }
      ]
    },
    "Planning Time": 0.063,
    "Triggers": [],
    "Execution Time": 73.678
  }
]