[
  {
    "Plan": {
      "Node Type": "Aggregate",
      "Strategy": "Plain",
      "Partial Mode": "Finalize",
      "Parallel Aware": false,
      "Startup Cost": 72825.4,
      "Total Cost": 72825.41,
      "Plan Rows": 1,
      "Plan Width": 8,
      "Actual Startup Time": 127.348,
      "Actual Total Time": 145.218,
      "Actual Rows": 1,
      "Actual Loops": 1,
      "Plans": [
        {
          "Node Type": "Gather",
          "Parent Relationship": "Outer",
          "Parallel Aware": false,
          "Startup Cost": 72824.98,
          "Total Cost": 72825.39,
          "Plan Rows": 4,
          "Plan Width": 8,
          "Actual Startup Time": 127.055,
          "Actual Total Time": 145.21,
          "Actual Rows": 5,
          "Actual Loops": 1,
          "Workers Planned": 4,
          "Workers Launched": 4,
          "Single Copy": false,
          "Plans": [
            {
              "Node Type": "Aggregate",
              "Strategy": "Plain",
              "Partial Mode": "Partial",
              "Parent Relationship": "Outer",
              "Parallel Aware": false,
              "Startup Cost": 71824.98,
              "Total Cost": 71824.99,
              "Plan Rows": 1,
              "Plan Width": 8,
              "Actual Startup Time": 117.905,
              "Actual Total Time": 117.907,
              "Actual Rows": 1,
              "Actual Loops": 5,
              "Plans": [
                {
                  "Node Type": "Nested Loop",
                  "Parent Relationship": "Outer",
                  "Parallel Aware": false,
                  "Join Type": "Inner",
                  "Startup Cost": 0.43,
                  "Total Cost": 71819.91,
                  "Plan Rows": 2025,
                  "Plan Width": 0,
                  "Actual Startup Time": 0.506,
                  "Actual Total Time": 117.612,
                  "Actual Rows": 2153,
                  "Actual Loops": 5,
                  "Inner Unique": false,
                  "Plans": [
                    {
                      "Node Type": "Seq Scan",
                      "Parent Relationship": "Outer",
                      "Parallel Aware": true,
                      "Relation Name": "title",
                      "Alias": "t",
                      "Startup Cost": 0.0,
                      "Total Cost": 43899.32,
                      "Plan Rows": 3898,
                      "Plan Width": 4,
                      "Actual Startup Time": 0.169,
                      "Actual Total Time": 89.312,
                      "Actual Rows": 3000,
                      "Actual Loops": 5,
                      "Filter": "(production_year = 1970)",
                      "Rows Removed by Filter": 502662
                    },
                    {
                      "Node Type": "Index Scan",
                      "Parent Relationship": "Inner",
                      "Parallel Aware": false,
                      "Scan Direction": "Forward",
                      "Index Name": "movie_id_movie_companies",
                      "Relation Name": "movie_companies",
                      "Alias": "mc",
                      "Startup Cost": 0.43,
                      "Total Cost": 7.13,
                      "Plan Rows": 3,
                      "Plan Width": 4,
                      "Actual Startup Time": 0.008,
                      "Actual Total Time": 0.009,
                      "Actual Rows": 1,
                      "Actual Loops": 15000,
                      "Index Cond": "(movie_id = t.id)",
                      "Rows Removed by Index Recheck": 0,
                      "Filter": "(company_id < 11387)",
                      "Rows Removed by Filter": 1
                    }
                  ]
                }
              ]
            }
          ]
        }
      ]
    },
    "Planning Time": 0.644,
    "Triggers": [],
    "Execution Time": 145.288
  }
]