[
  {
    "Plan": {
      "Node Type": "Aggregate",
      "Strategy": "Plain",
      "Partial Mode": "Finalize",
      "Parallel Aware": false,
      "Startup Cost": 32790.39,
      "Total Cost": 32790.4,
      "Plan Rows": 1,
      "Plan Width": 8,
      "Actual Startup Time": 91.82,
      "Actual Total Time": 99.919,
      "Actual Rows": 1,
      "Actual Loops": 1,
      "Plans": [
        {
          "Node Type": "Gather",
          "Parent Relationship": "Outer",
          "Parallel Aware": false,
          "Startup Cost": 32790.07,
          "Total Cost": 32790.38,
          "Plan Rows": 3,
          "Plan Width": 8,
          "Actual Startup Time": 91.692,
          "Actual Total Time": 99.91,
          "Actual Rows": 4,
          "Actual Loops": 1,
          "Workers Planned": 3,
          "Workers Launched": 3,
          "Single Copy": false,
          "Plans": [
            {
              "Node Type": "Aggregate",
              "Strategy": "Plain",
              "Partial Mode": "Partial",
              "Parent Relationship": "Outer",
              "Parallel Aware": false,
              "Startup Cost": 31790.07,
              "Total Cost": 31790.08,
              "Plan Rows": 1,
              "Plan Width": 8,
              "Actual Startup Time": 86.347,
              "Actual Total Time": 86.349,
              "Actual Rows": 1,
              "Actual Loops": 4,
              "Plans": [
                {
                  "Node Type": "Seq Scan",
                  "Parent Relationship": "Outer",
                  "Parallel Aware": true,
                  "Relation Name": "movie_companies",
                  "Alias": "mc",
                  "Startup Cost": 0.0,
                  "Total Cost": 31414.82,
                  "Plan Rows": 150102,
                  "Plan Width": 0,
                  "Actual Startup Time": 0.027,
                  "Actual Total Time": 75.819,
                  "Actual Rows": 166780,
                  "Actual Loops": 4,
                  "Filter": "((company_id < 3603) AND (company_type_id = 1))",
                  "Rows Removed by Filter": 485503
                }
              ]
            }
          ]
        }
      ]
    },
    "Planning Time": 0.217,
    "Triggers": [],
    "Execution Time": 99.975
  }
]