[
  {
    "Plan": {
      "Node Type": "Aggregate",
      "Strategy": "Plain",
      "Partial Mode": "Finalize",
      "Parallel Aware": false,
      "Startup Cost": 244631.45,
      "Total Cost": 244631.46,
      "Plan Rows": 1,
      "Plan Width": 8,
      "Actual Startup Time": 644.507,
      "Actual Total Time": 681.198,
      "Actual Rows": 1,
      "Actual Loops": 1,
      "Plans": [
        {
          "Node Type": "Gather",
          "Parent Relationship": "Outer",
          "Parallel Aware": false,
          "Startup Cost": 244630.93,
          "Total Cost": 244631.44,
          "Plan Rows": 5,
          "Plan Width": 8,
          "Actual Startup Time": 644.035,
          "Actual Total Time": 681.187,
          "Actual Rows": 6,
          "Actual Loops": 1,
          "Workers Planned": 5,
          "Workers Launched": 5,
          "Single Copy": false,
          "Plans": [
            {
              "Node Type": "Aggregate",
              "Strategy": "Plain",
              "Partial Mode": "Partial",
              "Parent Relationship": "Outer",
              "Parallel Aware": false,
              "Startup Cost": 243630.93,
              "Total Cost": 243630.94,
              "Plan Rows": 1,
              "Plan Width": 8,
              "Actual Startup Time": 636.246,
              "Actual Total Time": 636.249,
              "Actual Rows": 1,
              "Actual Loops": 6,
              "Plans": [
                {
                  "Node Type": "Hash Join",
                  "Parent Relationship": "Outer",
                  "Parallel Aware": true,
                  "Join Type": "Inner",
                  "Startup Cost": 44029.36,
                  "Total Cost": 243508.76,
                  "Plan Rows": 48865,
                  "Plan Width": 0,
                  "Actual Startup Time": 86.617,
                  "Actual Total Time": 632.276,
                  "Actual Rows": 75816,
                  "Actual Loops": 6,
                  "Inner Unique": true,
                  "Hash Cond": "(mi.movie_id = t.id)",
                  "Plans": [
                    {
                      "Node Type": "Seq Scan",
                      "Parent Relationship": "Outer",
                      "Parallel Aware": true,
                      "Relation Name": "movie_info",
                      "Alias": "mi",
                      "Startup Cost": 0.0,
                      "Total Cost": 191685.19,
                      "Plan Rows": 2969219,
                      "Plan Width": 4,
                      "Actual Startup Time": 0.027,
                      "Actual Total Time": 295.687,
                      "Actual Rows": 2472620,
                      "Actual Loops": 6
                    },
                    {
                      "Node Type": "Hash",
                      "Parent Relationship": "Inner",
                      "Parallel Aware": true,
                      "Startup Cost": 43899.32,
                      "Total Cost": 43899.32,
                      "Plan Rows": 10403,
                      "Plan Width": 4,
                      "Actual Startup Time": 77.877,
                      "Actual Total Time": 77.878,
                      "Actual Rows": 7137,
                      "Actual Loops": 6,
                      "Hash Buckets": 65536,
                      "Original Hash Buckets": 65536,
                      "Hash Batches": 1,
                      "Original Hash Batches": 1,
                      "Peak Memory Usage": 2272,
                      "Plans": [
                        {
                          "Node Type": "Seq Scan",
                          "Parent Relationship": "Outer",
                          "Parallel Aware": true,
                          "Relation Name": "title",
                          "Alias": "t",
                          "Startup Cost": 0.0,
                          "Total Cost": 43899.32,
                          "Plan Rows": 10403,
                          "Plan Width": 4,
                          "Actual Startup Time": 47.287,
                          "Actual Total Time": 74.648,
                          "Actual Rows": 7137,
                          "Actual Loops": 6,
                          "Filter": "(production_year < 1913)",
                          "Rows Removed by Filter": 414249
                        }
                      ]
                    }
                  ]
                }
              ]
            }
          ]
        }
      ]
    },
    "Planning Time": 0.278,
    "Triggers": [],
    "Execution Time": 681.24
  }
]