[
  {
    "Plan": {
      "Node Type": "Aggregate",
      "Strategy": "Plain",
      "Partial Mode": "Finalize",
      "Parallel Aware": false,
      "Startup Cost": 28987.98,
      "Total Cost": 28987.99,
      "Plan Rows": 1,
      "Plan Width": 8,
      "Actual Startup Time": 321.856,
      "Actual Total Time": 343.292,
      "Actual Rows": 1,
      "Actual Loops": 1,
      "Plans": [
        {
          "Node Type": "Gather",
          "Parent Relationship": "Outer",
          "Parallel Aware": false,
          "Startup Cost": 28987.66,
          "Total Cost": 28987.97,
          "Plan Rows": 3,
          "Plan Width": 8,
          "Actual Startup Time": 320.297,
          "Actual Total Time": 343.281,
          "Actual Rows": 4,
          "Actual Loops": 1,
          "Workers Planned": 3,
          "Workers Launched": 3,
          "Single Copy": false,
          "Plans": [
            {
              "Node Type": "Aggregate",
              "Strategy": "Plain",
              "Partial Mode": "Partial",
              "Parent Relationship": "Outer",
              "Parallel Aware": false,
              "Startup Cost": 27987.66,
              "Total Cost": 27987.67,
              "Plan Rows": 1,
              "Plan Width": 8,
              "Actual Startup Time": 315.157,
              "Actual Total Time": 315.159,
              "Actual Rows": 1,
              "Actual Loops": 4,
              "Plans": [
                {
                  "Node Type": "Nested Loop",
                  "Parent Relationship": "Outer",
                  "Parallel Aware": false,
                  "Join Type": "Inner",
                  "Startup Cost": 1.42,
                  "Total Cost": 27985.99,
                  "Plan Rows": 667,
                  "Plan Width": 0,
                  "Actual Startup Time": 0.482,
                  "Actual Total Time": 312.392,
                  "Actual Rows": 32626,
                  "Actual Loops": 4,
                  "Inner Unique": true,
                  "Join Filter": "(ci.movie_id = t.id)",
                  "Rows Removed by Join Filter": 0,
                  "Plans": [
                    {
                      "Node Type": "Nested Loop",
                      "Parent Relationship": "Outer",
                      "Parallel Aware": false,
                      "Join Type": "Inner",
                      "Startup Cost": 0.99,
                      "Total Cost": 25515.83,
                      "Plan Rows": 4166,
                      "Plan Width": 8,
                      "Actual Startup Time": 0.363,
                      "Actual Total Time": 149.367,
                      "Actual Rows": 54765,
                      "Actual Loops": 4,
                      "Inner Unique": false,
                      "Plans": [
                        {
                          "Node Type": "Index Scan",
                          "Parent Relationship": "Outer",
                          "Parallel Aware": true,
                          "Scan Direction": "Forward",
                          "Index Name": "role_id_cast_info",
                          "Relation Name": "cast_info",
                          "Alias": "ci",
                          "Startup Cost": 0.56,
                          "Total Cost": 9091.72,
                          "Plan Rows": 3133,
                          "Plan Width": 4,
                          "Actual Startup Time": 0.072,
                          "Actual Total Time": 18.896,
                          "Actual Rows": 41831,
                          "Actual Loops": 4,
                          "Index Cond": "(role_id > 10)",
                          "Rows Removed by Index Recheck": 0,
                          "Filter": "(person_id > 3856143)",
                          "Rows Removed by Filter": 37199
                        },
                        {
                          "Node Type": "Index Only Scan",
                          "Parent Relationship": "Inner",
                          "Parallel Aware": false,
                          "Scan Direction": "Forward",
                          "Index Name": "movie_id_movie_info_idx",
                          "Relation Name": "movie_info_idx",
                          "Alias": "mi_idx",
                          "Startup Cost": 0.43,
                          "Total Cost": 5.21,
                          "Plan Rows": 3,
                          "Plan Width": 4,
                          "Actual Startup Time": 0.003,
                          "Actual Total Time": 0.003,
                          "Actual Rows": 1,
                          "Actual Loops": 167323,
                          "Index Cond": "(movie_id = ci.movie_id)",
                          "Rows Removed by Index Recheck": 0,
                          "Heap Fetches": 219061
                        }
                      ]
                    },
                    {
                      "Node Type": "Index Scan",
                      "Parent Relationship": "Inner",
                      "Parallel Aware": false,
                      "Scan Direction": "Forward",
                      "Index Name": "title_pkey",
                      "Relation Name": "title",
                      "Alias": "t",
                      "Startup Cost": 0.43,
                      "Total Cost": 0.58,
                      "Plan Rows": 1,
                      "Plan Width": 4,
                      "Actual Startup Time": 0.003,
                      "Actual Total Time": 0.003,
                      "Actual Rows": 1,
                      "Actual Loops": 219061,
                      "Index Cond": "(id = mi_idx.movie_id)",
                      "Rows Removed by Index Recheck": 0,
                      "Filter": "(kind_id < 7)",
                      "Rows Removed by Filter": 0
                    }
                  ]
                }
              ]
            }
          ]
        }
      ]
    },
    "Planning Time": 0.838,
    "Triggers": [],
    "Execution Time": 343.361
  }
]