[
  {
    "Plan": {
      "Node Type": "Aggregate",
      "Strategy": "Plain",
      "Partial Mode": "Finalize",
      "Parallel Aware": false,
      "Startup Cost": 116025.69,
      "Total Cost": 116025.7,
      "Plan Rows": 1,
      "Plan Width": 8,
      "Actual Startup Time": 241.47,
      "Actual Total Time": 260.201,
      "Actual Rows": 1,
      "Actual Loops": 1,
      "Plans": [
        {
          "Node Type": "Gather",
          "Parent Relationship": "Outer",
          "Parallel Aware": false,
          "Startup Cost": 116025.27,
          "Total Cost": 116025.68,
          "Plan Rows": 4,
          "Plan Width": 8,
          "Actual Startup Time": 240.873,
          "Actual Total Time": 260.192,
          "Actual Rows": 5,
          "Actual Loops": 1,
          "Workers Planned": 4,
          "Workers Launched": 4,
          "Single Copy": false,
          "Plans": [
            {
              "Node Type": "Aggregate",
              "Strategy": "Plain",
              "Partial Mode": "Partial",
              "Parent Relationship": "Outer",
              "Parallel Aware": false,
              "Startup Cost": 115025.27,
              "Total Cost": 115025.28,
              "Plan Rows": 1,
              "Plan Width": 8,
              "Actual Startup Time": 230.455,
              "Actual Total Time": 230.459,
              "Actual Rows": 1,
              "Actual Loops": 5,
              "Plans": [
                {
                  "Node Type": "Nested Loop",
                  "Parent Relationship": "Outer",
                  "Parallel Aware": false,
                  "Join Type": "Inner",
                  "Startup Cost": 24550.75,
                  "Total Cost": 114910.25,
                  "Plan Rows": 46009,
                  "Plan Width": 0,
                  "Actual Startup Time": 65.349,
                  "Actual Total Time": 229.181,
                  "Actual Rows": 23352,
                  "Actual Loops": 5,
                  "Inner Unique": false,
                  "Plans": [
                    {
                      "Node Type": "Hash Join",
                      "Parent Relationship": "Outer",
                      "Parallel Aware": true,
                      "Join Type": "Inner",
                      "Startup Cost": 24550.32,
                      "Total Cost": 70112.36,
                      "Plan Rows": 25713,
                      "Plan Width": 8,
                      "Actual Startup Time": 65.098,
                      "Actual Total Time": 187.916,
                      "Actual Rows": 8226,
                      "Actual Loops": 5,
                      "Inner Unique": false,
                      "Hash Cond": "(t.id = mc.movie_id)",
                      "Plans": [
                        {
                          "Node Type": "Seq Scan",
                          "Parent Relationship": "Outer",
                          "Parallel Aware": true,
                          "Relation Name": "title",
                          "Alias": "t",
                          "Startup Cost": 0.0,
                          "Total Cost": 42318.73,
                          "Plan Rows": 632073,
                          "Plan Width": 4,
                          "Actual Startup Time": 0.014,
                          "Actual Total Time": 65.394,
                          "Actual Rows": 505662,
                          "Actual Loops": 5
                        },
                        {
                          "Node Type": "Hash",
                          "Parent Relationship": "Inner",
                          "Parallel Aware": true,
                          "Startup Cost": 24135.6,
                          "Total Cost": 24135.6,
                          "Plan Rows": 33178,
                          "Plan Width": 4,
                          "Actual Startup Time": 63.565,
                          "Actual Total Time": 63.566,
                          "Actual Rows": 8226,
                          "Actual Loops": 5,
                          "Hash Buckets": 131072,
                          "Original Hash Buckets": 131072,
                          "Hash Batches": 1,
                          "Original Hash Batches": 1,
                          "Peak Memory Usage": 2720,
                          "Plans": [
                            {
                              "Node Type": "Bitmap Heap Scan",
                              "Parent Relationship": "Outer",
                              "Parallel Aware": true,
                              "Relation Name": "movie_companies",
                              "Alias": "mc",
                              "Startup Cost": 4365.42,
                              "Total Cost": 24135.6,
                              "Plan Rows": 33178,
                              "Plan Width": 4,
                              "Actual Startup Time": 51.441,
                              "Actual Total Time": 60.612,
                              "Actual Rows": 8226,
                              "Actual Loops": 5,
                              "Recheck Cond": "(company_id < 64)",
                              "Rows Removed by Index Recheck": 0,
                              "Filter": "(company_type_id = 2)",
                              "Rows Removed by Filter": 32088,
                              "Exact Heap Blocks": 8786,
                              "Lossy Heap Blocks": 0,
                              "Plans": [
                                {
                                  "Node Type": "Bitmap Index Scan",
                                  "Parent Relationship": "Outer",
                                  "Parallel Aware": false,
                                  "Index Name": "company_id_movie_companies",
                                  "Startup Cost": 0.0,
                                  "Total Cost": 4339.7,
                                  "Plan Rows": 202570,
                                  "Plan Width": 0,
                                  "Actual Startup Time": 22.398,
                                  "Actual Total Time": 22.399,
                                  "Actual Rows": 201569,
                                  "Actual Loops": 1,
                                  "Index Cond": "(company_id < 64)"
                                }
                              ]
                            }
                          ]
                        }
                      ]
                    },
                    {
                      "Node Type": "Index Only Scan",
                      "Parent Relationship": "Inner",
                      "Parallel Aware": false,
                      "Scan Direction": "Forward",
                      "Index Name": "movie_id_movie_keyword",
                      "Relation Name": "movie_keyword",
                      "Alias": "mk",
                      "Startup Cost": 0.43,
                      "Total Cost": 1.29,
                      "Plan Rows": 45,
                      "Plan Width": 4,
                      "Actual Startup Time": 0.004,
                      "Actual Total Time": 0.004,
                      "Actual Rows": 3,
                      "Actual Loops": 41129,
                      "Index Cond": "(movie_id = t.id)",
                      "Rows Removed by Index Recheck": 0,
                      "Heap Fetches": 116761
                    }
                  ]
                }
              ]
            }
          ]
        }
      ]
    },
    "Planning Time": 1.519,
    "Triggers": [],
    "Execution Time": 260.309
  }
]