[
    {
        "Bao": {
            "Bao prediction": "NaN",
            "Bao recommended hint": "(no hint)"
        }
    },
    {
        "Plan": {
            "Node Type": "Aggregate",
            "Strategy": "Plain",
            "Partial Mode": "Finalize",
            "Parallel Aware": false,
            "Startup Cost": 316495.74,
            "Total Cost": 316495.75,
            "Plan Rows": 1,
            "Plan Width": 8,
            "Actual Startup Time": 266.646,
            "Actual Total Time": 275.16,
            "Actual Rows": 1,
            "Actual Loops": 1,
            "Output": [
                "count(*)"
            ],
            "Plans": [
                {
                    "Node Type": "Gather",
                    "Parent Relationship": "Outer",
                    "Parallel Aware": false,
                    "Startup Cost": 316495.12,
                    "Total Cost": 316495.73,
                    "Plan Rows": 6,
                    "Plan Width": 8,
                    "Actual Startup Time": 266.019,
                    "Actual Total Time": 275.151,
                    "Actual Rows": 7,
                    "Actual Loops": 1,
                    "Output": [
                        "(PARTIAL count(*))"
                    ],
                    "Workers Planned": 6,
                    "Workers Launched": 6,
                    "Single Copy": false,
                    "Plans": [
                        {
                            "Node Type": "Aggregate",
                            "Strategy": "Plain",
                            "Partial Mode": "Partial",
                            "Parent Relationship": "Outer",
                            "Parallel Aware": false,
                            "Startup Cost": 315495.12,
                            "Total Cost": 315495.13,
                            "Plan Rows": 1,
                            "Plan Width": 8,
                            "Actual Startup Time": 255.567,
                            "Actual Total Time": 255.568,
                            "Actual Rows": 1,
                            "Actual Loops": 7,
                            "Output": [
                                "PARTIAL count(*)"
                            ],
                            "Workers": [
                                {
                                    "Worker Number": 0,
                                    "Actual Startup Time": 253.125,
                                    "Actual Total Time": 253.126,
                                    "Actual Rows": 1,
                                    "Actual Loops": 1
                                },
                                {
                                    "Worker Number": 1,
                                    "Actual Startup Time": 253.585,
                                    "Actual Total Time": 253.587,
                                    "Actual Rows": 1,
                                    "Actual Loops": 1
                                },
                                {
                                    "Worker Number": 2,
                                    "Actual Startup Time": 253.695,
                                    "Actual Total Time": 253.696,
                                    "Actual Rows": 1,
                                    "Actual Loops": 1
                                },
                                {
                                    "Worker Number": 3,
                                    "Actual Startup Time": 254.163,
                                    "Actual Total Time": 254.164,
                                    "Actual Rows": 1,
                                    "Actual Loops": 1
                                },
                                {
                                    "Worker Number": 4,
                                    "Actual Startup Time": 254.456,
                                    "Actual Total Time": 254.458,
                                    "Actual Rows": 1,
                                    "Actual Loops": 1
                                },
                                {
                                    "Worker Number": 5,
                                    "Actual Startup Time": 254.644,
                                    "Actual Total Time": 254.646,
                                    "Actual Rows": 1,
                                    "Actual Loops": 1
                                }
                            ],
                            "Plans": [
                                {
                                    "Node Type": "Bitmap Heap Scan",
                                    "Parent Relationship": "Outer",
                                    "Parallel Aware": true,
                                    "Relation Name": "cast_info",
                                    "Schema": "public",
                                    "Alias": "ci",
                                    "Startup Cost": 55859.3,
                                    "Total Cost": 314903.57,
                                    "Plan Rows": 236618,
                                    "Plan Width": 0,
                                    "Actual Startup Time": 127.266,
                                    "Actual Total Time": 238.626,
                                    "Actual Rows": 262079,
                                    "Actual Loops": 7,
                                    "Recheck Cond": "(ci.person_id < 246988)",
                                    "Rows Removed by Index Recheck": 0,
                                    "Filter": "(ci.role_id < 3)",
                                    "Rows Removed by Filter": 103437,
                                    "Exact Heap Blocks": 7014,
                                    "Lossy Heap Blocks": 0,
                                    "Workers": [
                                        {
                                            "Worker Number": 0,
                                            "Actual Startup Time": 124.756,
                                            "Actual Total Time": 236.517,
                                            "Actual Rows": 209121,
                                            "Actual Loops": 1
                                        },
                                        {
                                            "Worker Number": 1,
                                            "Actual Startup Time": 125.688,
                                            "Actual Total Time": 236.611,
                                            "Actual Rows": 211318,
                                            "Actual Loops": 1
                                        },
                                        {
                                            "Worker Number": 2,
                                            "Actual Startup Time": 125.706,
                                            "Actual Total Time": 237.217,
                                            "Actual Rows": 207549,
                                            "Actual Loops": 1
                                        },
                                        {
                                            "Worker Number": 3,
                                            "Actual Startup Time": 125.892,
                                            "Actual Total Time": 237.386,
                                            "Actual Rows": 300340,
                                            "Actual Loops": 1
                                        },
                                        {
                                            "Worker Number": 4,
                                            "Actual Startup Time": 126.066,
                                            "Actual Total Time": 237.726,
                                            "Actual Rows": 211045,
                                            "Actual Loops": 1
                                        },
                                        {
                                            "Worker Number": 5,
                                            "Actual Startup Time": 126.225,
                                            "Actual Total Time": 237.799,
                                            "Actual Rows": 208485,
                                            "Actual Loops": 1
                                        }
                                    ],
                                    "Plans": [
                                        {
                                            "Node Type": "Bitmap Index Scan",
                                            "Parent Relationship": "Outer",
                                            "Parallel Aware": false,
                                            "Index Name": "person_id_cast_info",
                                            "Startup Cost": 0.0,
                                            "Total Cost": 55504.38,
                                            "Plan Rows": 2542908,
                                            "Plan Width": 0,
                                            "Actual Startup Time": 132.681,
                                            "Actual Total Time": 132.681,
                                            "Actual Rows": 2558610,
                                            "Actual Loops": 1,
                                            "Index Cond": "(ci.person_id < 246988)"
                                        }
                                    ]
                                }
                            ]
                        }
                    ]
                }
            ]
        },
        "Planning Time": 232.455,
        "Triggers": [],
        "Execution Time": 275.241
    }
]