[
  {
    "Plan": {
      "Node Type": "Aggregate",
      "Strategy": "Plain",
      "Partial Mode": "Finalize",
      "Parallel Aware": false,
      "Startup Cost": 46953.76,
      "Total Cost": 46953.77,
      "Plan Rows": 1,
      "Plan Width": 8,
      "Actual Startup Time": 167.462,
      "Actual Total Time": 175.396,
      "Actual Rows": 1,
      "Actual Loops": 1,
      "Plans": [
        {
          "Node Type": "Gather",
          "Parent Relationship": "Outer",
          "Parallel Aware": false,
          "Startup Cost": 46953.44,
          "Total Cost": 46953.75,
          "Plan Rows": 3,
          "Plan Width": 8,
          "Actual Startup Time": 167.354,
          "Actual Total Time": 175.388,
          "Actual Rows": 4,
          "Actual Loops": 1,
          "Workers Planned": 3,
          "Workers Launched": 3,
          "Single Copy": false,
          "Plans": [
            {
              "Node Type": "Aggregate",
              "Strategy": "Plain",
              "Partial Mode": "Partial",
              "Parent Relationship": "Outer",
              "Parallel Aware": false,
              "Startup Cost": 45953.44,
              "Total Cost": 45953.45,
              "Plan Rows": 1,
              "Plan Width": 8,
              "Actual Startup Time": 160.352,
              "Actual Total Time": 160.353,
              "Actual Rows": 1,
              "Actual Loops": 4,
              "Plans": [
                {
                  "Node Type": "Seq Scan",
                  "Parent Relationship": "Outer",
                  "Parallel Aware": true,
                  "Relation Name": "movie_keyword",
                  "Alias": "mk",
                  "Startup Cost": 0.0,
                  "Total Cost": 42695.65,
                  "Plan Rows": 1303114,
                  "Plan Width": 0,
                  "Actual Startup Time": 0.054,
                  "Actual Total Time": 116.039,
                  "Actual Rows": 1010715,
                  "Actual Loops": 4,
                  "Filter": "(keyword_id < 37214)",
                  "Rows Removed by Filter": 120267
                }
              ]
            }
          ]
        }
      ]
    },
    "Planning Time": 0.192,
    "Triggers": [],
    "Execution Time": 175.453
  }
]