[
  {
    "Plan": {
      "Node Type": "Aggregate",
      "Strategy": "Plain",
      "Partial Mode": "Finalize",
      "Parallel Aware": false,
      "Startup Cost": 46945.61,
      "Total Cost": 46945.62,
      "Plan Rows": 1,
      "Plan Width": 8,
      "Actual Startup Time": 186.53,
      "Actual Total Time": 194.56,
      "Actual Rows": 1,
      "Actual Loops": 1,
      "Plans": [
        {
          "Node Type": "Gather",
          "Parent Relationship": "Outer",
          "Parallel Aware": false,
          "Startup Cost": 46945.29,
          "Total Cost": 46945.6,
          "Plan Rows": 3,
          "Plan Width": 8,
          "Actual Startup Time": 186.399,
          "Actual Total Time": 194.551,
          "Actual Rows": 4,
          "Actual Loops": 1,
          "Workers Planned": 3,
          "Workers Launched": 3,
          "Single Copy": false,
          "Plans": [
            {
              "Node Type": "Aggregate",
              "Strategy": "Plain",
              "Partial Mode": "Partial",
              "Parent Relationship": "Outer",
              "Parallel Aware": false,
              "Startup Cost": 45945.29,
              "Total Cost": 45945.3,
              "Plan Rows": 1,
              "Plan Width": 8,
              "Actual Startup Time": 179.587,
              "Actual Total Time": 179.588,
              "Actual Rows": 1,
              "Actual Loops": 4,
              "Plans": [
                {
                  "Node Type": "Seq Scan",
                  "Parent Relationship": "Outer",
                  "Parallel Aware": true,
                  "Relation Name": "movie_keyword",
                  "Alias": "mk",
                  "Startup Cost": 0.0,
                  "Total Cost": 42695.65,
                  "Plan Rows": 1299856,
                  "Plan Width": 0,
                  "Actual Startup Time": 0.05,
                  "Actual Total Time": 130.426,
                  "Actual Rows": 1010715,
                  "Actual Loops": 4,
                  "Filter": "(keyword_id < 37214)",
                  "Rows Removed by Filter": 120267
                }
              ]
            }
          ]
        }
      ]
    },
    "Planning Time": 0.239,
    "Triggers": [],
    "Execution Time": 194.616
  }
]