{
  "Plan": {
    "Node Type": "Aggregate",
    "Strategy": "Plain",
    "Partial Mode": "Finalize",
    "Parallel Aware": false,
    "Startup Cost": 188144.77,
    "Total Cost": 188144.78,
    "Plan Rows": 1,
    "Plan Width": 8,
    "Actual Startup Time": 1226.137,
    "Actual Total Time": 1290.121,
    "Actual Rows": 1,
    "Actual Loops": 1,
    "Plans": [
      {
        "Node Type": "Gather",
        "Parent Relationship": "Outer",
        "Parallel Aware": false,
        "Startup Cost": 188144.66,
        "Total Cost": 188144.77,
        "Plan Rows": 1,
        "Plan Width": 8,
        "Actual Startup Time": 1225.203,
        "Actual Total Time": 1290.111,
        "Actual Rows": 2,
        "Actual Loops": 1,
        "Workers Planned": 1,
        "Workers Launched": 1,
        "Single Copy": false,
        "Plans": [
          {
            "Node Type": "Aggregate",
            "Strategy": "Plain",
            "Partial Mode": "Partial",
            "Parent Relationship": "Outer",
            "Parallel Aware": false,
            "Startup Cost": 187144.66,
            "Total Cost": 187144.67,
            "Plan Rows": 1,
            "Plan Width": 8,
            "Actual Startup Time": 1219.265,
            "Actual Total Time": 1219.269,
            "Actual Rows": 1,
            "Actual Loops": 2,
            "Plans": [
              {
                "Node Type": "Nested Loop",
                "Parent Relationship": "Outer",
                "Parallel Aware": false,
                "Join Type": "Inner",
                "Startup Cost": 59289.97,
                "Total Cost": 186653.21,
                "Plan Rows": 196582,
                "Plan Width": 0,
                "Actual Startup Time": 252.929,
                "Actual Total Time": 1168.507,
                "Actual Rows": 972566,
                "Actual Loops": 2,
                "Inner Unique": false,
                "Join Filter": "(t.id = mi.movie_id)",
                "Rows Removed by Join Filter": 0,
                "Plans": [
                  {
                    "Node Type": "Hash Join",
                    "Parent Relationship": "Outer",
                    "Parallel Aware": true,
                    "Join Type": "Inner",
                    "Startup Cost": 59289.53,
                    "Total Cost": 102770.14,
                    "Plan Rows": 33619,
                    "Plan Width": 8,
                    "Actual Startup Time": 252.844,
                    "Actual Total Time": 436.007,
                    "Actual Rows": 72531,
                    "Actual Loops": 2,
                    "Inner Unique": true,
                    "Hash Cond": "(mc.movie_id = t.id)",
                    "Plans": [
                      {
                        "Node Type": "Seq Scan",
                        "Parent Relationship": "Outer",
                        "Parallel Aware": true,
                        "Relation Name": "movie_companies",
                        "Alias": "mc",
                        "Startup Cost": 0.0,
                        "Total Cost": 41811.73,
                        "Plan Rows": 635766,
                        "Plan Width": 4,
                        "Actual Startup Time": 60.573,
                        "Actual Total Time": 139.956,
                        "Actual Rows": 423344,
                        "Actual Loops": 2,
                        "Filter": "((company_id < 74824) AND (company_type_id = 2))",
                        "Rows Removed by Filter": 881220
                      },
                      {
                        "Node Type": "Hash",
                        "Parent Relationship": "Inner",
                        "Parallel Aware": true,
                        "Startup Cost": 58306.47,
                        "Total Cost": 58306.47,
                        "Plan Rows": 78645,
                        "Plan Width": 4,
                        "Actual Startup Time": 188.584,
                        "Actual Total Time": 188.585,
                        "Actual Rows": 119891,
                        "Actual Loops": 2,
                        "Hash Buckets": 262144,
                        "Original Hash Buckets": 262144,
                        "Hash Batches": 1,
                        "Original Hash Batches": 1,
                        "Peak Memory Usage": 11456,
                        "Plans": [
                          {
                            "Node Type": "Seq Scan",
                            "Parent Relationship": "Outer",
                            "Parallel Aware": true,
                            "Relation Name": "title",
                            "Alias": "t",
                            "Startup Cost": 0.0,
                            "Total Cost": 58306.47,
                            "Plan Rows": 78645,
                            "Plan Width": 4,
                            "Actual Startup Time": 0.15,
                            "Actual Total Time": 159.04,
                            "Actual Rows": 119891,
                            "Actual Loops": 2,
                            "Filter": "((kind_id < 7) AND (production_year < 1969))",
                            "Rows Removed by Filter": 1144265
                          }
                        ]
                      }
                    ]
                  },
                  {
                    "Node Type": "Index Only Scan",
                    "Parent Relationship": "Inner",
                    "Parallel Aware": false,
                    "Scan Direction": "Forward",
                    "Index Name": "movie_id_movie_info",
                    "Relation Name": "movie_info",
                    "Alias": "mi",
                    "Startup Cost": 0.43,
                    "Total Cost": 1.97,
                    "Plan Rows": 42,
                    "Plan Width": 4,
                    "Actual Startup Time": 0.003,
                    "Actual Total Time": 0.009,
                    "Actual Rows": 13,
                    "Actual Loops": 145062,
                    "Index Cond": "(movie_id = mc.movie_id)",
                    "Rows Removed by Index Recheck": 0,
                    "Heap Fetches": 1945132
                  }
                ]
              }
            ]
          }
        ]
      }
    ]
  },
  "Planning Time": 0.982,
  "Triggers": [],
  "Execution Time": 1290.222
}