[
  {
    "Plan": {
      "Node Type": "Aggregate",
      "Strategy": "Plain",
      "Partial Mode": "Finalize",
      "Parallel Aware": false,
      "Startup Cost": 649406.83,
      "Total Cost": 649406.84,
      "Plan Rows": 1,
      "Plan Width": 8,
      "Actual Startup Time": 5975.029,
      "Actual Total Time": 6051.979,
      "Actual Rows": 1,
      "Actual Loops": 1,
      "Plans": [
        {
          "Node Type": "Gather",
          "Parent Relationship": "Outer",
          "Parallel Aware": false,
          "Startup Cost": 649406.21,
          "Total Cost": 649406.82,
          "Plan Rows": 6,
          "Plan Width": 8,
          "Actual Startup Time": 5945.688,
          "Actual Total Time": 6051.959,
          "Actual Rows": 7,
          "Actual Loops": 1,
          "Workers Planned": 6,
          "Workers Launched": 6,
          "Single Copy": false,
          "Plans": [
            {
              "Node Type": "Aggregate",
              "Strategy": "Plain",
              "Partial Mode": "Partial",
              "Parent Relationship": "Outer",
              "Parallel Aware": false,
              "Startup Cost": 648406.21,
              "Total Cost": 648406.22,
              "Plan Rows": 1,
              "Plan Width": 8,
              "Actual Startup Time": 5920.015,
              "Actual Total Time": 5920.554,
              "Actual Rows": 1,
              "Actual Loops": 7,
              "Plans": [
                {
                  "Node Type": "Hash Join",
                  "Parent Relationship": "Outer",
                  "Parallel Aware": true,
                  "Join Type": "Inner",
                  "Startup Cost": 270297.8,
                  "Total Cost": 627320.71,
                  "Plan Rows": 8434201,
                  "Plan Width": 0,
                  "Actual Startup Time": 1671.831,
                  "Actual Total Time": 5303.048,
                  "Actual Rows": 12349373,
                  "Actual Loops": 7,
                  "Inner Unique": false,
                  "Hash Cond": "(ci.movie_id = t.id)",
                  "Plans": [
                    {
                      "Node Type": "Seq Scan",
                      "Parent Relationship": "Outer",
                      "Parallel Aware": true,
                      "Relation Name": "cast_info",
                      "Alias": "ci",
                      "Startup Cost": 0.0,
                      "Total Cost": 328211.39,
                      "Plan Rows": 3184831,
                      "Plan Width": 4,
                      "Actual Startup Time": 0.063,
                      "Actual Total Time": 647.381,
                      "Actual Rows": 2757990,
                      "Actual Loops": 7,
                      "Filter": "(person_id < 1930373)",
                      "Rows Removed by Filter": 2419773
                    },
                    {
                      "Node Type": "Hash",
                      "Parent Relationship": "Inner",
                      "Parallel Aware": true,
                      "Startup Cost": 253558.11,
                      "Total Cost": 253558.11,
                      "Plan Rows": 1339175,
                      "Plan Width": 8,
                      "Actual Startup Time": 1662.134,
                      "Actual Total Time": 1662.671,
                      "Actual Rows": 773910,
                      "Actual Loops": 7,
                      "Hash Buckets": 8388608,
                      "Original Hash Buckets": 8388608,
                      "Hash Batches": 1,
                      "Original Hash Batches": 1,
                      "Peak Memory Usage": 277568,
                      "Plans": [
                        {
                          "Node Type": "Hash Join",
                          "Parent Relationship": "Outer",
                          "Parallel Aware": true,
                          "Join Type": "Inner",
                          "Startup Cost": 49404.12,
                          "Total Cost": 253558.11,
                          "Plan Rows": 1339175,
                          "Plan Width": 8,
                          "Actual Startup Time": 248.327,
                          "Actual Total Time": 1225.43,
                          "Actual Rows": 773910,
                          "Actual Loops": 7,
                          "Inner Unique": true,
                          "Hash Cond": "(mi.movie_id = t.id)",
                          "Plans": [
                            {
                              "Node Type": "Seq Scan",
                              "Parent Relationship": "Outer",
                              "Parallel Aware": true,
                              "Relation Name": "movie_info",
                              "Alias": "mi",
                              "Startup Cost": 0.0,
                              "Total Cost": 199108.24,
                              "Plan Rows": 1922185,
                              "Plan Width": 4,
                              "Actual Startup Time": 0.044,
                              "Actual Total Time": 433.922,
                              "Actual Rows": 1366450,
                              "Actual Loops": 7,
                              "Filter": "(info_type_id < 16)",
                              "Rows Removed by Filter": 752938
                            },
                            {
                              "Node Type": "Hash",
                              "Parent Relationship": "Inner",
                              "Parallel Aware": true,
                              "Startup Cost": 43899.32,
                              "Total Cost": 43899.32,
                              "Plan Rows": 440384,
                              "Plan Width": 4,
                              "Actual Startup Time": 245.995,
                              "Actual Total Time": 245.996,
                              "Actual Rows": 249862,
                              "Actual Loops": 7,
                              "Hash Buckets": 2097152,
                              "Original Hash Buckets": 2097152,
                              "Hash Batches": 1,
                              "Original Hash Batches": 1,
                              "Peak Memory Usage": 84896,
                              "Plans": [
                                {
                                  "Node Type": "Seq Scan",
                                  "Parent Relationship": "Outer",
                                  "Parallel Aware": true,
                                  "Relation Name": "title",
                                  "Alias": "t",
                                  "Startup Cost": 0.0,
                                  "Total Cost": 43899.32,
                                  "Plan Rows": 440384,
                                  "Plan Width": 4,
                                  "Actual Startup Time": 0.062,
                                  "Actual Total Time": 101.456,
                                  "Actual Rows": 249862,
                                  "Actual Loops": 7,
                                  "Filter": "(production_year > 1990)",
                                  "Rows Removed by Filter": 111326
                                }
                              ]
                            }
                          ]
                        }
                      ]
                    }
                  ]
                }
              ]
            }
          ]
        }
      ]
    },
    "Planning Time": 0.627,
    "Triggers": [],
    "Execution Time": 6052.033
  }
]