{
  "Plan": {
    "Node Type": "Aggregate",
    "Strategy": "Plain",
    "Partial Mode": "Finalize",
    "Parallel Aware": false,
    "Startup Cost": 1400980.78,
    "Total Cost": 1400980.79,
    "Plan Rows": 1,
    "Plan Width": 8,
    "Actual Startup Time": 11809.266,
    "Actual Total Time": 11887.788,
    "Actual Rows": 1,
    "Actual Loops": 1,
    "Plans": [
      {
        "Node Type": "Gather",
        "Parent Relationship": "Outer",
        "Parallel Aware": false,
        "Startup Cost": 1400980.66,
        "Total Cost": 1400980.77,
        "Plan Rows": 1,
        "Plan Width": 8,
        "Actual Startup Time": 11802.575,
        "Actual Total Time": 11887.777,
        "Actual Rows": 2,
        "Actual Loops": 1,
        "Workers Planned": 1,
        "Workers Launched": 1,
        "Single Copy": false,
        "Plans": [
          {
            "Node Type": "Aggregate",
            "Strategy": "Plain",
            "Partial Mode": "Partial",
            "Parent Relationship": "Outer",
            "Parallel Aware": false,
            "Startup Cost": 1399980.66,
            "Total Cost": 1399980.67,
            "Plan Rows": 1,
            "Plan Width": 8,
            "Actual Startup Time": 11787.777,
            "Actual Total Time": 11788.72,
            "Actual Rows": 1,
            "Actual Loops": 2,
            "Plans": [
              {
                "Node Type": "Hash Join",
                "Parent Relationship": "Outer",
                "Parallel Aware": true,
                "Join Type": "Inner",
                "Startup Cost": 393626.68,
                "Total Cost": 1278484.39,
                "Plan Rows": 48598508,
                "Plan Width": 0,
                "Actual Startup Time": 2536.173,
                "Actual Total Time": 10751.172,
                "Actual Rows": 24899552,
                "Actual Loops": 2,
                "Inner Unique": false,
                "Hash Cond": "(ci.movie_id = t.id)",
                "Plans": [
                  {
                    "Node Type": "Seq Scan",
                    "Parent Relationship": "Outer",
                    "Parallel Aware": true,
                    "Relation Name": "cast_info",
                    "Alias": "ci",
                    "Startup Cost": 0.0,
                    "Total Cost": 465792.95,
                    "Plan Rows": 21310595,
                    "Plan Width": 4,
                    "Actual Startup Time": 0.018,
                    "Actual Total Time": 1300.122,
                    "Actual Rows": 18122172,
                    "Actual Loops": 2
                  },
                  {
                    "Node Type": "Hash",
                    "Parent Relationship": "Inner",
                    "Parallel Aware": true,
                    "Startup Cost": 351231.57,
                    "Total Cost": 351231.57,
                    "Plan Rows": 3391609,
                    "Plan Width": 8,
                    "Actual Startup Time": 2506.334,
                    "Actual Total Time": 2507.275,
                    "Actual Rows": 975420,
                    "Actual Loops": 2,
                    "Hash Buckets": 8388608,
                    "Original Hash Buckets": 8388608,
                    "Hash Batches": 1,
                    "Original Hash Batches": 1,
                    "Peak Memory Usage": 141888,
                    "Plans": [
                      {
                        "Node Type": "Hash Join",
                        "Parent Relationship": "Outer",
                        "Parallel Aware": true,
                        "Join Type": "Inner",
                        "Startup Cost": 65888.86,
                        "Total Cost": 351231.57,
                        "Plan Rows": 3391609,
                        "Plan Width": 8,
                        "Actual Startup Time": 341.934,
                        "Actual Total Time": 2196.343,
                        "Actual Rows": 975420,
                        "Actual Loops": 2,
                        "Inner Unique": true,
                        "Hash Cond": "(mi.movie_id = t.id)",
                        "Plans": [
                          {
                            "Node Type": "Seq Scan",
                            "Parent Relationship": "Outer",
                            "Parallel Aware": true,
                            "Relation Name": "movie_info",
                            "Alias": "mi",
                            "Startup Cost": 0.0,
                            "Total Cost": 270696.42,
                            "Plan Rows": 5579529,
                            "Plan Width": 4,
                            "Actual Startup Time": 0.011,
                            "Actual Total Time": 684.069,
                            "Actual Rows": 4782576,
                            "Actual Loops": 2,
                            "Filter": "(info_type_id < 16)",
                            "Rows Removed by Filter": 2635284
                          },
                          {
                            "Node Type": "Hash",
                            "Parent Relationship": "Inner",
                            "Parallel Aware": true,
                            "Startup Cost": 54588.39,
                            "Total Cost": 54588.39,
                            "Plan Rows": 904038,
                            "Plan Width": 4,
                            "Actual Startup Time": 336.181,
                            "Actual Total Time": 336.182,
                            "Actual Rows": 771632,
                            "Actual Loops": 2,
                            "Hash Buckets": 2097152,
                            "Original Hash Buckets": 2097152,
                            "Hash Batches": 1,
                            "Original Hash Batches": 1,
                            "Peak Memory Usage": 76800,
                            "Plans": [
                              {
                                "Node Type": "Seq Scan",
                                "Parent Relationship": "Outer",
                                "Parallel Aware": true,
                                "Relation Name": "title",
                                "Alias": "t",
                                "Startup Cost": 0.0,
                                "Total Cost": 54588.39,
                                "Plan Rows": 904038,
                                "Plan Width": 4,
                                "Actual Startup Time": 0.03,
                                "Actual Total Time": 148.923,
                                "Actual Rows": 771632,
                                "Actual Loops": 2,
                                "Filter": "(kind_id = 7)",
                                "Rows Removed by Filter": 492524
                              }
                            ]
                          }
                        ]
                      }
                    ]
                  }
                ]
              }
            ]
          }
        ]
      }
    ]
  },
  "Planning Time": 0.743,
  "Triggers": [],
  "Execution Time": 11887.868
}