[
    {
        "Bao": {
            "Bao prediction": "NaN",
            "Bao recommended hint": "(no hint)"
        }
    },
    {
        "Plan": {
            "Node Type": "Aggregate",
            "Strategy": "Plain",
            "Partial Mode": "Finalize",
            "Parallel Aware": false,
            "Startup Cost": 27607.4,
            "Total Cost": 27607.41,
            "Plan Rows": 1,
            "Plan Width": 8,
            "Actual Startup Time": 64.466,
            "Actual Total Time": 69.518,
            "Actual Rows": 1,
            "Actual Loops": 1,
            "Output": [
                "count(*)"
            ],
            "Plans": [
                {
                    "Node Type": "Gather",
                    "Parent Relationship": "Outer",
                    "Parallel Aware": false,
                    "Startup Cost": 27607.08,
                    "Total Cost": 27607.39,
                    "Plan Rows": 3,
                    "Plan Width": 8,
                    "Actual Startup Time": 64.229,
                    "Actual Total Time": 69.511,
                    "Actual Rows": 4,
                    "Actual Loops": 1,
                    "Output": [
                        "(PARTIAL count(*))"
                    ],
                    "Workers Planned": 3,
                    "Workers Launched": 3,
                    "Single Copy": false,
                    "Plans": [
                        {
                            "Node Type": "Aggregate",
                            "Strategy": "Plain",
                            "Partial Mode": "Partial",
                            "Parent Relationship": "Outer",
                            "Parallel Aware": false,
                            "Startup Cost": 26607.08,
                            "Total Cost": 26607.09,
                            "Plan Rows": 1,
                            "Plan Width": 8,
                            "Actual Startup Time": 55.885,
                            "Actual Total Time": 55.886,
                            "Actual Rows": 1,
                            "Actual Loops": 4,
                            "Output": [
                                "PARTIAL count(*)"
                            ],
                            "Workers": [
                                {
                                    "Worker Number": 0,
                                    "Actual Startup Time": 52.856,
                                    "Actual Total Time": 52.857,
                                    "Actual Rows": 1,
                                    "Actual Loops": 1
                                },
                                {
                                    "Worker Number": 1,
                                    "Actual Startup Time": 53.229,
                                    "Actual Total Time": 53.231,
                                    "Actual Rows": 1,
                                    "Actual Loops": 1
                                },
                                {
                                    "Worker Number": 2,
                                    "Actual Startup Time": 53.475,
                                    "Actual Total Time": 53.476,
                                    "Actual Rows": 1,
                                    "Actual Loops": 1
                                }
                            ],
                            "Plans": [
                                {
                                    "Node Type": "Bitmap Heap Scan",
                                    "Parent Relationship": "Outer",
                                    "Parallel Aware": true,
                                    "Relation Name": "movie_companies",
                                    "Schema": "public",
                                    "Alias": "mc",
                                    "Startup Cost": 6285.56,
                                    "Total Cost": 26487.14,
                                    "Plan Rows": 47978,
                                    "Plan Width": 0,
                                    "Actual Startup Time": 42.17,
                                    "Actual Total Time": 54.92,
                                    "Actual Rows": 16327,
                                    "Actual Loops": 4,
                                    "Recheck Cond": "(mc.company_id < 159)",
                                    "Rows Removed by Index Recheck": 0,
                                    "Filter": "(mc.company_type_id > 1)",
                                    "Rows Removed by Filter": 55002,
                                    "Exact Heap Blocks": 10625,
                                    "Lossy Heap Blocks": 0,
                                    "Workers": [
                                        {
                                            "Worker Number": 0,
                                            "Actual Startup Time": 39.137,
                                            "Actual Total Time": 51.96,
                                            "Actual Rows": 12444,
                                            "Actual Loops": 1
                                        },
                                        {
                                            "Worker Number": 1,
                                            "Actual Startup Time": 39.522,
                                            "Actual Total Time": 52.33,
                                            "Actual Rows": 11359,
                                            "Actual Loops": 1
                                        },
                                        {
                                            "Worker Number": 2,
                                            "Actual Startup Time": 39.755,
                                            "Actual Total Time": 52.581,
                                            "Actual Rows": 12738,
                                            "Actual Loops": 1
                                        }
                                    ],
                                    "Plans": [
                                        {
                                            "Node Type": "Bitmap Index Scan",
                                            "Parent Relationship": "Outer",
                                            "Parallel Aware": false,
                                            "Index Name": "company_id_movie_companies",
                                            "Startup Cost": 0.0,
                                            "Total Cost": 6248.38,
                                            "Plan Rows": 291726,
                                            "Plan Width": 0,
                                            "Actual Startup Time": 14.416,
                                            "Actual Total Time": 14.416,
                                            "Actual Rows": 285317,
                                            "Actual Loops": 1,
                                            "Index Cond": "(mc.company_id < 159)"
                                        }
                                    ]
                                }
                            ]
                        }
                    ]
                }
            ]
        },
        "Planning Time": 178.42,
        "Triggers": [],
        "Execution Time": 69.587
    }
]