[
  {
    "Plan": {
      "Node Type": "Aggregate",
      "Strategy": "Plain",
      "Partial Mode": "Finalize",
      "Parallel Aware": false,
      "Startup Cost": 235290.99,
      "Total Cost": 235291.0,
      "Plan Rows": 1,
      "Plan Width": 8,
      "Actual Startup Time": 1359.106,
      "Actual Total Time": 1449.862,
      "Actual Rows": 1,
      "Actual Loops": 1,
      "Plans": [
        {
          "Node Type": "Gather",
          "Parent Relationship": "Outer",
          "Parallel Aware": false,
          "Startup Cost": 235290.57,
          "Total Cost": 235290.98,
          "Plan Rows": 4,
          "Plan Width": 8,
          "Actual Startup Time": 1358.058,
          "Actual Total Time": 1449.853,
          "Actual Rows": 5,
          "Actual Loops": 1,
          "Workers Planned": 4,
          "Workers Launched": 4,
          "Single Copy": false,
          "Plans": [
            {
              "Node Type": "Aggregate",
              "Strategy": "Plain",
              "Partial Mode": "Partial",
              "Parent Relationship": "Outer",
              "Parallel Aware": false,
              "Startup Cost": 234290.57,
              "Total Cost": 234290.58,
              "Plan Rows": 1,
              "Plan Width": 8,
              "Actual Startup Time": 1347.928,
              "Actual Total Time": 1347.931,
              "Actual Rows": 1,
              "Actual Loops": 5,
              "Plans": [
                {
                  "Node Type": "Nested Loop",
                  "Parent Relationship": "Outer",
                  "Parallel Aware": false,
                  "Join Type": "Inner",
                  "Startup Cost": 32528.27,
                  "Total Cost": 232138.27,
                  "Plan Rows": 860918,
                  "Plan Width": 0,
                  "Actual Startup Time": 77.359,
                  "Actual Total Time": 1319.264,
                  "Actual Rows": 587658,
                  "Actual Loops": 5,
                  "Inner Unique": false,
                  "Plans": [
                    {
                      "Node Type": "Hash Join",
                      "Parent Relationship": "Outer",
                      "Parallel Aware": true,
                      "Join Type": "Inner",
                      "Startup Cost": 32527.71,
                      "Total Cost": 78229.38,
                      "Plan Rows": 68999,
                      "Plan Width": 8,
                      "Actual Startup Time": 77.266,
                      "Actual Total Time": 264.131,
                      "Actual Rows": 28219,
                      "Actual Loops": 5,
                      "Inner Unique": false,
                      "Hash Cond": "(t.id = mc.movie_id)",
                      "Plans": [
                        {
                          "Node Type": "Seq Scan",
                          "Parent Relationship": "Outer",
                          "Parallel Aware": true,
                          "Relation Name": "title",
                          "Alias": "t",
                          "Startup Cost": 0.0,
                          "Total Cost": 42318.73,
                          "Plan Rows": 632073,
                          "Plan Width": 4,
                          "Actual Startup Time": 0.013,
                          "Actual Total Time": 60.229,
                          "Actual Rows": 505662,
                          "Actual Loops": 5
                        },
                        {
                          "Node Type": "Hash",
                          "Parent Relationship": "Inner",
                          "Parallel Aware": true,
                          "Startup Cost": 31414.82,
                          "Total Cost": 31414.82,
                          "Plan Rows": 89031,
                          "Plan Width": 4,
                          "Actual Startup Time": 74.283,
                          "Actual Total Time": 74.284,
                          "Actual Rows": 28219,
                          "Actual Loops": 5,
                          "Hash Buckets": 524288,
                          "Original Hash Buckets": 524288,
                          "Hash Batches": 1,
                          "Original Hash Batches": 1,
                          "Peak Memory Usage": 9696,
                          "Plans": [
                            {
                              "Node Type": "Seq Scan",
                              "Parent Relationship": "Outer",
                              "Parallel Aware": true,
                              "Relation Name": "movie_companies",
                              "Alias": "mc",
                              "Startup Cost": 0.0,
                              "Total Cost": 31414.82,
                              "Plan Rows": 89031,
                              "Plan Width": 4,
                              "Actual Startup Time": 40.969,
                              "Actual Total Time": 64.114,
                              "Actual Rows": 28219,
                              "Actual Loops": 5,
                              "Filter": "((company_id < 530) AND (company_type_id = 2))",
                              "Rows Removed by Filter": 493607
                            }
                          ]
                        }
                      ]
                    },
                    {
                      "Node Type": "Index Scan",
                      "Parent Relationship": "Inner",
                      "Parallel Aware": false,
                      "Scan Direction": "Forward",
                      "Index Name": "movie_id_cast_info",
                      "Relation Name": "cast_info",
                      "Alias": "ci",
                      "Startup Cost": 0.56,
                      "Total Cost": 1.91,
                      "Plan Rows": 32,
                      "Plan Width": 4,
                      "Actual Startup Time": 0.006,
                      "Actual Total Time": 0.036,
                      "Actual Rows": 21,
                      "Actual Loops": 141096,
                      "Index Cond": "(movie_id = t.id)",
                      "Rows Removed by Index Recheck": 0,
                      "Filter": "(role_id < 10)",
                      "Rows Removed by Filter": 5
                    }
                  ]
                }
              ]
            }
          ]
        }
      ]
    },
    "Planning Time": 1.396,
    "Triggers": [],
    "Execution Time": 1449.971
  }
]