[
  {
    "Plan": {
      "Node Type": "Aggregate",
      "Strategy": "Plain",
      "Partial Mode": "Finalize",
      "Parallel Aware": false,
      "Startup Cost": 355884.03,
      "Total Cost": 355884.04,
      "Plan Rows": 1,
      "Plan Width": 8,
      "Actual Startup Time": 632.988,
      "Actual Total Time": 654.114,
      "Actual Rows": 1,
      "Actual Loops": 1,
      "Plans": [
        {
          "Node Type": "Gather",
          "Parent Relationship": "Outer",
          "Parallel Aware": false,
          "Startup Cost": 355883.4,
          "Total Cost": 355884.01,
          "Plan Rows": 6,
          "Plan Width": 8,
          "Actual Startup Time": 623.149,
          "Actual Total Time": 654.097,
          "Actual Rows": 7,
          "Actual Loops": 1,
          "Workers Planned": 6,
          "Workers Launched": 6,
          "Single Copy": false,
          "Plans": [
            {
              "Node Type": "Aggregate",
              "Strategy": "Plain",
              "Partial Mode": "Partial",
              "Parent Relationship": "Outer",
              "Parallel Aware": false,
              "Startup Cost": 354883.4,
              "Total Cost": 354883.41,
              "Plan Rows": 1,
              "Plan Width": 8,
              "Actual Startup Time": 599.461,
              "Actual Total Time": 599.465,
              "Actual Rows": 1,
              "Actual Loops": 7,
              "Plans": [
                {
                  "Node Type": "Hash Join",
                  "Parent Relationship": "Outer",
                  "Parallel Aware": true,
                  "Join Type": "Inner",
                  "Startup Cost": 96168.98,
                  "Total Cost": 354497.41,
                  "Plan Rows": 154396,
                  "Plan Width": 0,
                  "Actual Startup Time": 345.945,
                  "Actual Total Time": 583.895,
                  "Actual Rows": 288930,
                  "Actual Loops": 7,
                  "Inner Unique": true,
                  "Hash Cond": "(ci.movie_id = t.id)",
                  "Plans": [
                    {
                      "Node Type": "Bitmap Heap Scan",
                      "Parent Relationship": "Outer",
                      "Parallel Aware": true,
                      "Relation Name": "cast_info",
                      "Alias": "ci",
                      "Startup Cost": 45948.59,
                      "Total Cost": 303871.74,
                      "Plan Rows": 154396,
                      "Plan Width": 4,
                      "Actual Startup Time": 74.218,
                      "Actual Total Time": 164.295,
                      "Actual Rows": 288930,
                      "Actual Loops": 7,
                      "Recheck Cond": "(person_id > 3665069)",
                      "Rows Removed by Index Recheck": 0,
                      "Filter": "(role_id > 2)",
                      "Rows Removed by Filter": 0,
                      "Exact Heap Blocks": 4950,
                      "Lossy Heap Blocks": 0,
                      "Plans": [
                        {
                          "Node Type": "Bitmap Index Scan",
                          "Parent Relationship": "Outer",
                          "Parallel Aware": false,
                          "Index Name": "person_id_cast_info",
                          "Startup Cost": 0.0,
                          "Total Cost": 45717.0,
                          "Plan Rows": 2094458,
                          "Plan Width": 0,
                          "Actual Startup Time": 69.274,
                          "Actual Total Time": 69.275,
                          "Actual Rows": 2022510,
                          "Actual Loops": 1,
                          "Index Cond": "(person_id > 3665069)"
                        }
                      ]
                    },
                    {
                      "Node Type": "Hash",
                      "Parent Relationship": "Inner",
                      "Parallel Aware": true,
                      "Startup Cost": 42319.06,
                      "Total Cost": 42319.06,
                      "Plan Rows": 632106,
                      "Plan Width": 4,
                      "Actual Startup Time": 264.667,
                      "Actual Total Time": 264.668,
                      "Actual Rows": 361187,
                      "Actual Loops": 7,
                      "Hash Buckets": 4194304,
                      "Original Hash Buckets": 4194304,
                      "Hash Batches": 1,
                      "Original Hash Batches": 1,
                      "Peak Memory Usage": 131776,
                      "Plans": [
                        {
                          "Node Type": "Seq Scan",
                          "Parent Relationship": "Outer",
                          "Parallel Aware": true,
                          "Relation Name": "title",
                          "Alias": "t",
                          "Startup Cost": 0.0,
                          "Total Cost": 42319.06,
                          "Plan Rows": 632106,
                          "Plan Width": 4,
                          "Actual Startup Time": 0.048,
                          "Actual Total Time": 80.209,
                          "Actual Rows": 361187,
                          "Actual Loops": 7
                        }
                      ]
                    }
                  ]
                }
              ]
            }
          ]
        }
      ]
    },
    "Planning Time": 0.638,
    "Triggers": [],
    "Execution Time": 654.21
  }
]