[
  {
    "Plan": {
      "Node Type": "Aggregate",
      "Strategy": "Plain",
      "Partial Mode": "Finalize",
      "Parallel Aware": false,
      "Startup Cost": 356209.59,
      "Total Cost": 356209.6,
      "Plan Rows": 1,
      "Plan Width": 8,
      "Actual Startup Time": 767.711,
      "Actual Total Time": 794.646,
      "Actual Rows": 1,
      "Actual Loops": 1,
      "Plans": [
        {
          "Node Type": "Gather",
          "Parent Relationship": "Outer",
          "Parallel Aware": false,
          "Startup Cost": 356208.97,
          "Total Cost": 356209.58,
          "Plan Rows": 6,
          "Plan Width": 8,
          "Actual Startup Time": 736.928,
          "Actual Total Time": 794.638,
          "Actual Rows": 7,
          "Actual Loops": 1,
          "Workers Planned": 6,
          "Workers Launched": 6,
          "Single Copy": false,
          "Plans": [
            {
              "Node Type": "Aggregate",
              "Strategy": "Plain",
              "Partial Mode": "Partial",
              "Parent Relationship": "Outer",
              "Parallel Aware": false,
              "Startup Cost": 355208.97,
              "Total Cost": 355208.98,
              "Plan Rows": 1,
              "Plan Width": 8,
              "Actual Startup Time": 714.821,
              "Actual Total Time": 714.825,
              "Actual Rows": 1,
              "Actual Loops": 7,
              "Plans": [
                {
                  "Node Type": "Hash Join",
                  "Parent Relationship": "Outer",
                  "Parallel Aware": true,
                  "Join Type": "Inner",
                  "Startup Cost": 96443.81,
                  "Total Cost": 354812.06,
                  "Plan Rows": 158765,
                  "Plan Width": 0,
                  "Actual Startup Time": 441.676,
                  "Actual Total Time": 696.638,
                  "Actual Rows": 288930,
                  "Actual Loops": 7,
                  "Inner Unique": true,
                  "Hash Cond": "(ci.movie_id = t.id)",
                  "Plans": [
                    {
                      "Node Type": "Bitmap Heap Scan",
                      "Parent Relationship": "Outer",
                      "Parallel Aware": true,
                      "Relation Name": "cast_info",
                      "Alias": "ci",
                      "Startup Cost": 46224.17,
                      "Total Cost": 304175.65,
                      "Plan Rows": 158765,
                      "Plan Width": 4,
                      "Actual Startup Time": 147.775,
                      "Actual Total Time": 242.383,
                      "Actual Rows": 288930,
                      "Actual Loops": 7,
                      "Recheck Cond": "(person_id > 3665069)",
                      "Rows Removed by Index Recheck": 0,
                      "Filter": "(role_id > 2)",
                      "Rows Removed by Filter": 0,
                      "Exact Heap Blocks": 6098,
                      "Lossy Heap Blocks": 0,
                      "Plans": [
                        {
                          "Node Type": "Bitmap Index Scan",
                          "Parent Relationship": "Outer",
                          "Parallel Aware": false,
                          "Index Name": "person_id_cast_info",
                          "Startup Cost": 0.0,
                          "Total Cost": 45986.02,
                          "Plan Rows": 2105794,
                          "Plan Width": 0,
                          "Actual Startup Time": 139.961,
                          "Actual Total Time": 139.962,
                          "Actual Rows": 2022510,
                          "Actual Loops": 1,
                          "Index Cond": "(person_id > 3665069)"
                        }
                      ]
                    },
                    {
                      "Node Type": "Hash",
                      "Parent Relationship": "Inner",
                      "Parallel Aware": true,
                      "Startup Cost": 42318.73,
                      "Total Cost": 42318.73,
                      "Plan Rows": 632073,
                      "Plan Width": 4,
                      "Actual Startup Time": 287.235,
                      "Actual Total Time": 287.237,
                      "Actual Rows": 361187,
                      "Actual Loops": 7,
                      "Hash Buckets": 4194304,
                      "Original Hash Buckets": 4194304,
                      "Hash Batches": 1,
                      "Original Hash Batches": 1,
                      "Peak Memory Usage": 131872,
                      "Plans": [
                        {
                          "Node Type": "Seq Scan",
                          "Parent Relationship": "Outer",
                          "Parallel Aware": true,
                          "Relation Name": "title",
                          "Alias": "t",
                          "Startup Cost": 0.0,
                          "Total Cost": 42318.73,
                          "Plan Rows": 632073,
                          "Plan Width": 4,
                          "Actual Startup Time": 0.045,
                          "Actual Total Time": 89.77,
                          "Actual Rows": 361187,
                          "Actual Loops": 7
                        }
                      ]
                    }
                  ]
                }
              ]
            }
          ]
        }
      ]
    },
    "Planning Time": 0.6,
    "Triggers": [],
    "Execution Time": 794.752
  }
]