[
  {
    "Plan": {
      "Node Type": "Aggregate",
      "Strategy": "Plain",
      "Partial Mode": "Finalize",
      "Parallel Aware": false,
      "Startup Cost": 113021.9,
      "Total Cost": 113021.91,
      "Plan Rows": 1,
      "Plan Width": 8,
      "Actual Startup Time": 1083.933,
      "Actual Total Time": 1114.096,
      "Actual Rows": 1,
      "Actual Loops": 1,
      "Plans": [
        {
          "Node Type": "Gather",
          "Parent Relationship": "Outer",
          "Parallel Aware": false,
          "Startup Cost": 113021.68,
          "Total Cost": 113021.89,
          "Plan Rows": 2,
          "Plan Width": 8,
          "Actual Startup Time": 1068.333,
          "Actual Total Time": 1114.084,
          "Actual Rows": 3,
          "Actual Loops": 1,
          "Workers Planned": 2,
          "Workers Launched": 2,
          "Single Copy": false,
          "Plans": [
            {
              "Node Type": "Aggregate",
              "Strategy": "Plain",
              "Partial Mode": "Partial",
              "Parent Relationship": "Outer",
              "Parallel Aware": false,
              "Startup Cost": 112021.68,
              "Total Cost": 112021.69,
              "Plan Rows": 1,
              "Plan Width": 8,
              "Actual Startup Time": 1060.127,
              "Actual Total Time": 1060.414,
              "Actual Rows": 1,
              "Actual Loops": 3,
              "Plans": [
                {
                  "Node Type": "Hash Join",
                  "Parent Relationship": "Outer",
                  "Parallel Aware": true,
                  "Join Type": "Inner",
                  "Startup Cost": 95288.99,
                  "Total Cost": 111632.55,
                  "Plan Rows": 155653,
                  "Plan Width": 0,
                  "Actual Startup Time": 840.164,
                  "Actual Total Time": 1030.472,
                  "Actual Rows": 471703,
                  "Actual Loops": 3,
                  "Inner Unique": false,
                  "Hash Cond": "(mi_idx.movie_id = t.id)",
                  "Plans": [
                    {
                      "Node Type": "Seq Scan",
                      "Parent Relationship": "Outer",
                      "Parallel Aware": true,
                      "Relation Name": "movie_info_idx",
                      "Alias": "mi_idx",
                      "Startup Cost": 0.0,
                      "Total Cost": 13685.15,
                      "Plan Rows": 575015,
                      "Plan Width": 4,
                      "Actual Startup Time": 0.033,
                      "Actual Total Time": 51.67,
                      "Actual Rows": 460012,
                      "Actual Loops": 3
                    },
                    {
                      "Node Type": "Hash",
                      "Parent Relationship": "Inner",
                      "Parallel Aware": true,
                      "Startup Cost": 92529.33,
                      "Total Cost": 92529.33,
                      "Plan Rows": 220773,
                      "Plan Width": 8,
                      "Actual Startup Time": 834.047,
                      "Actual Total Time": 834.332,
                      "Actual Rows": 228771,
                      "Actual Loops": 3,
                      "Hash Buckets": 1048576,
                      "Original Hash Buckets": 1048576,
                      "Hash Batches": 1,
                      "Original Hash Batches": 1,
                      "Peak Memory Usage": 35072,
                      "Plans": [
                        {
                          "Node Type": "Hash Join",
                          "Parent Relationship": "Outer",
                          "Parallel Aware": true,
                          "Join Type": "Inner",
                          "Startup Cost": 64736.14,
                          "Total Cost": 92529.33,
                          "Plan Rows": 220773,
                          "Plan Width": 8,
                          "Actual Startup Time": 544.111,
                          "Actual Total Time": 743.156,
                          "Actual Rows": 228771,
                          "Actual Loops": 3,
                          "Inner Unique": true,
                          "Hash Cond": "(mk.movie_id = t.id)",
                          "Plans": [
                            {
                              "Node Type": "Bitmap Heap Scan",
                              "Parent Relationship": "Outer",
                              "Parallel Aware": true,
                              "Relation Name": "movie_keyword",
                              "Alias": "mk",
                              "Startup Cost": 14516.49,
                              "Total Cost": 41730.15,
                              "Plan Rows": 220773,
                              "Plan Width": 4,
                              "Actual Startup Time": 59.648,
                              "Actual Total Time": 149.773,
                              "Actual Rows": 228771,
                              "Actual Loops": 3,
                              "Recheck Cond": "(keyword_id < 569)",
                              "Rows Removed by Index Recheck": 0,
                              "Exact Heap Blocks": 8919,
                              "Lossy Heap Blocks": 0,
                              "Plans": [
                                {
                                  "Node Type": "Bitmap Index Scan",
                                  "Parent Relationship": "Outer",
                                  "Parallel Aware": false,
                                  "Index Name": "keyword_id_movie_keyword",
                                  "Startup Cost": 0.0,
                                  "Total Cost": 14345.4,
                                  "Plan Rows": 684395,
                                  "Plan Width": 0,
                                  "Actual Startup Time": 53.631,
                                  "Actual Total Time": 53.631,
                                  "Actual Rows": 686312,
                                  "Actual Loops": 1,
                                  "Index Cond": "(keyword_id < 569)"
                                }
                              ]
                            },
                            {
                              "Node Type": "Hash",
                              "Parent Relationship": "Inner",
                              "Parallel Aware": true,
                              "Startup Cost": 42318.73,
                              "Total Cost": 42318.73,
                              "Plan Rows": 632073,
                              "Plan Width": 4,
                              "Actual Startup Time": 474.609,
                              "Actual Total Time": 474.61,
                              "Actual Rows": 842771,
                              "Actual Loops": 3,
                              "Hash Buckets": 4194304,
                              "Original Hash Buckets": 4194304,
                              "Hash Batches": 1,
                              "Original Hash Batches": 1,
                              "Peak Memory Usage": 131712,
                              "Plans": [
                                {
                                  "Node Type": "Seq Scan",
                                  "Parent Relationship": "Outer",
                                  "Parallel Aware": true,
                                  "Relation Name": "title",
                                  "Alias": "t",
                                  "Startup Cost": 0.0,
                                  "Total Cost": 42318.73,
                                  "Plan Rows": 632073,
                                  "Plan Width": 4,
                                  "Actual Startup Time": 0.042,
                                  "Actual Total Time": 142.769,
                                  "Actual Rows": 842771,
                                  "Actual Loops": 3
                                }
                              ]
                            }
                          ]
                        }
                      ]
                    }
                  ]
                }
              ]
            }
          ]
        }
      ]
    },
    "Planning Time": 1.086,
    "Triggers": [],
    "Execution Time": 1114.201
  }
]