{
  "Plan": {
    "Node Type": "Aggregate",
    "Strategy": "Plain",
    "Partial Mode": "Finalize",
    "Parallel Aware": false,
    "Startup Cost": 140033.34,
    "Total Cost": 140033.35,
    "Plan Rows": 1,
    "Plan Width": 8,
    "Actual Startup Time": 517.385,
    "Actual Total Time": 536.068,
    "Actual Rows": 1,
    "Actual Loops": 1,
    "Plans": [
      {
        "Node Type": "Gather",
        "Parent Relationship": "Outer",
        "Parallel Aware": false,
        "Startup Cost": 140033.23,
        "Total Cost": 140033.34,
        "Plan Rows": 1,
        "Plan Width": 8,
        "Actual Startup Time": 517.082,
        "Actual Total Time": 536.059,
        "Actual Rows": 2,
        "Actual Loops": 1,
        "Workers Planned": 1,
        "Workers Launched": 1,
        "Single Copy": false,
        "Plans": [
          {
            "Node Type": "Aggregate",
            "Strategy": "Plain",
            "Partial Mode": "Partial",
            "Parent Relationship": "Outer",
            "Parallel Aware": false,
            "Startup Cost": 139033.23,
            "Total Cost": 139033.24,
            "Plan Rows": 1,
            "Plan Width": 8,
            "Actual Startup Time": 511.351,
            "Actual Total Time": 511.356,
            "Actual Rows": 1,
            "Actual Loops": 2,
            "Plans": [
              {
                "Node Type": "Hash Join",
                "Parent Relationship": "Outer",
                "Parallel Aware": true,
                "Join Type": "Inner",
                "Startup Cost": 77542.71,
                "Total Cost": 138900.24,
                "Plan Rows": 53196,
                "Plan Width": 0,
                "Actual Startup Time": 392.308,
                "Actual Total Time": 511.348,
                "Actual Rows": 3,
                "Actual Loops": 2,
                "Inner Unique": false,
                "Hash Cond": "(mk.movie_id = t.id)",
                "Plans": [
                  {
                    "Node Type": "Seq Scan",
                    "Parent Relationship": "Outer",
                    "Parallel Aware": true,
                    "Relation Name": "movie_keyword",
                    "Alias": "mk",
                    "Startup Cost": 0.0,
                    "Total Cost": 51065.35,
                    "Plan Rows": 2661135,
                    "Plan Width": 4,
                    "Actual Startup Time": 0.01,
                    "Actual Total Time": 152.221,
                    "Actual Rows": 2261965,
                    "Actual Loops": 2
                  },
                  {
                    "Node Type": "Hash",
                    "Parent Relationship": "Inner",
                    "Parallel Aware": true,
                    "Startup Cost": 77171.08,
                    "Total Cost": 77171.08,
                    "Plan Rows": 29730,
                    "Plan Width": 8,
                    "Actual Startup Time": 222.591,
                    "Actual Total Time": 222.595,
                    "Actual Rows": 38,
                    "Actual Loops": 2,
                    "Hash Buckets": 65536,
                    "Original Hash Buckets": 65536,
                    "Hash Batches": 1,
                    "Original Hash Batches": 1,
                    "Peak Memory Usage": 576,
                    "Plans": [
                      {
                        "Node Type": "Hash Join",
                        "Parent Relationship": "Outer",
                        "Parallel Aware": true,
                        "Join Type": "Inner",
                        "Startup Cost": 58987.29,
                        "Total Cost": 77171.08,
                        "Plan Rows": 29730,
                        "Plan Width": 8,
                        "Actual Startup Time": 164.148,
                        "Actual Total Time": 222.474,
                        "Actual Rows": 38,
                        "Actual Loops": 2,
                        "Inner Unique": true,
                        "Hash Cond": "(mi_idx.movie_id = t.id)",
                        "Plans": [
                          {
                            "Node Type": "Seq Scan",
                            "Parent Relationship": "Outer",
                            "Parallel Aware": true,
                            "Relation Name": "movie_info_idx",
                            "Alias": "mi_idx",
                            "Startup Cost": 0.0,
                            "Total Cost": 16052.85,
                            "Plan Rows": 811785,
                            "Plan Width": 4,
                            "Actual Startup Time": 0.018,
                            "Actual Total Time": 46.66,
                            "Actual Rows": 690018,
                            "Actual Loops": 2
                          },
                          {
                            "Node Type": "Hash",
                            "Parent Relationship": "Inner",
                            "Parallel Aware": true,
                            "Startup Cost": 58306.47,
                            "Total Cost": 58306.47,
                            "Plan Rows": 54466,
                            "Plan Width": 4,
                            "Actual Startup Time": 129.078,
                            "Actual Total Time": 129.079,
                            "Actual Rows": 42,
                            "Actual Loops": 2,
                            "Hash Buckets": 131072,
                            "Original Hash Buckets": 131072,
                            "Hash Batches": 1,
                            "Original Hash Batches": 1,
                            "Peak Memory Usage": 1088,
                            "Plans": [
                              {
                                "Node Type": "Seq Scan",
                                "Parent Relationship": "Outer",
                                "Parallel Aware": true,
                                "Relation Name": "title",
                                "Alias": "t",
                                "Startup Cost": 0.0,
                                "Total Cost": 58306.47,
                                "Plan Rows": 54466,
                                "Plan Width": 4,
                                "Actual Startup Time": 18.174,
                                "Actual Total Time": 128.959,
                                "Actual Rows": 42,
                                "Actual Loops": 2,
                                "Filter": "((production_year < 1947) AND (kind_id = 7))",
                                "Rows Removed by Filter": 1264114
                              }
                            ]
                          }
                        ]
                      }
                    ]
                  }
                ]
              }
            ]
          }
        ]
      }
    ]
  },
  "Planning Time": 1.025,
  "Triggers": [],
  "Execution Time": 536.147
}