[
    {
        "Bao": {
            "Bao prediction": "NaN",
            "Bao recommended hint": "(no hint)"
        }
    },
    {
        "Plan": {
            "Node Type": "Aggregate",
            "Strategy": "Plain",
            "Partial Mode": "Finalize",
            "Parallel Aware": false,
            "Startup Cost": 343328.39,
            "Total Cost": 343328.4,
            "Plan Rows": 1,
            "Plan Width": 8,
            "Actual Startup Time": 1420.388,
            "Actual Total Time": 1471.648,
            "Actual Rows": 1,
            "Actual Loops": 1,
            "Output": [
                "count(*)"
            ],
            "Plans": [
                {
                    "Node Type": "Gather",
                    "Parent Relationship": "Outer",
                    "Parallel Aware": false,
                    "Startup Cost": 343327.97,
                    "Total Cost": 343328.38,
                    "Plan Rows": 4,
                    "Plan Width": 8,
                    "Actual Startup Time": 1419.048,
                    "Actual Total Time": 1471.633,
                    "Actual Rows": 5,
                    "Actual Loops": 1,
                    "Output": [
                        "(PARTIAL count(*))"
                    ],
                    "Workers Planned": 4,
                    "Workers Launched": 4,
                    "Single Copy": false,
                    "Plans": [
                        {
                            "Node Type": "Aggregate",
                            "Strategy": "Plain",
                            "Partial Mode": "Partial",
                            "Parent Relationship": "Outer",
                            "Parallel Aware": false,
                            "Startup Cost": 342327.97,
                            "Total Cost": 342327.98,
                            "Plan Rows": 1,
                            "Plan Width": 8,
                            "Actual Startup Time": 1409.74,
                            "Actual Total Time": 1409.742,
                            "Actual Rows": 1,
                            "Actual Loops": 5,
                            "Output": [
                                "PARTIAL count(*)"
                            ],
                            "Workers": [
                                {
                                    "Worker Number": 0,
                                    "Actual Startup Time": 1407.609,
                                    "Actual Total Time": 1407.611,
                                    "Actual Rows": 1,
                                    "Actual Loops": 1
                                },
                                {
                                    "Worker Number": 1,
                                    "Actual Startup Time": 1407.053,
                                    "Actual Total Time": 1407.054,
                                    "Actual Rows": 1,
                                    "Actual Loops": 1
                                },
                                {
                                    "Worker Number": 2,
                                    "Actual Startup Time": 1408.083,
                                    "Actual Total Time": 1408.085,
                                    "Actual Rows": 1,
                                    "Actual Loops": 1
                                },
                                {
                                    "Worker Number": 3,
                                    "Actual Startup Time": 1407.464,
                                    "Actual Total Time": 1407.465,
                                    "Actual Rows": 1,
                                    "Actual Loops": 1
                                }
                            ],
                            "Plans": [
                                {
                                    "Node Type": "Nested Loop",
                                    "Parent Relationship": "Outer",
                                    "Parallel Aware": false,
                                    "Join Type": "Inner",
                                    "Startup Cost": 2.26,
                                    "Total Cost": 341016.97,
                                    "Plan Rows": 524400,
                                    "Plan Width": 0,
                                    "Actual Startup Time": 9.24,
                                    "Actual Total Time": 1382.15,
                                    "Actual Rows": 514336,
                                    "Actual Loops": 5,
                                    "Inner Unique": false,
                                    "Join Filter": "(t.id = ci.movie_id)",
                                    "Rows Removed by Join Filter": 0,
                                    "Workers": [
                                        {
                                            "Worker Number": 0,
                                            "Actual Startup Time": 8.367,
                                            "Actual Total Time": 1379.146,
                                            "Actual Rows": 372452,
                                            "Actual Loops": 1
                                        },
                                        {
                                            "Worker Number": 1,
                                            "Actual Startup Time": 12.658,
                                            "Actual Total Time": 1380.684,
                                            "Actual Rows": 562802,
                                            "Actual Loops": 1
                                        },
                                        {
                                            "Worker Number": 2,
                                            "Actual Startup Time": 12.655,
                                            "Actual Total Time": 1381.975,
                                            "Actual Rows": 419472,
                                            "Actual Loops": 1
                                        },
                                        {
                                            "Worker Number": 3,
                                            "Actual Startup Time": 11.962,
                                            "Actual Total Time": 1380.924,
                                            "Actual Rows": 567398,
                                            "Actual Loops": 1
                                        }
                                    ],
                                    "Plans": [
                                        {
                                            "Node Type": "Merge Join",
                                            "Parent Relationship": "Outer",
                                            "Parallel Aware": false,
                                            "Join Type": "Inner",
                                            "Startup Cost": 1.7,
                                            "Total Cost": 154777.82,
                                            "Plan Rows": 56445,
                                            "Plan Width": 8,
                                            "Actual Startup Time": 8.904,
                                            "Actual Total Time": 674.679,
                                            "Actual Rows": 30324,
                                            "Actual Loops": 5,
                                            "Output": [
                                                "t.id",
                                                "mi_idx.movie_id"
                                            ],
                                            "Inner Unique": false,
                                            "Merge Cond": "(t.id = mi_idx.movie_id)",
                                            "Workers": [
                                                {
                                                    "Worker Number": 0,
                                                    "Actual Startup Time": 7.926,
                                                    "Actual Total Time": 689.951,
                                                    "Actual Rows": 19968,
                                                    "Actual Loops": 1
                                                },
                                                {
                                                    "Worker Number": 1,
                                                    "Actual Startup Time": 12.334,
                                                    "Actual Total Time": 638.311,
                                                    "Actual Rows": 33636,
                                                    "Actual Loops": 1
                                                },
                                                {
                                                    "Worker Number": 2,
                                                    "Actual Startup Time": 12.266,
                                                    "Actual Total Time": 704.891,
                                                    "Actual Rows": 25160,
                                                    "Actual Loops": 1
                                                },
                                                {
                                                    "Worker Number": 3,
                                                    "Actual Startup Time": 11.493,
                                                    "Actual Total Time": 651.535,
                                                    "Actual Rows": 33420,
                                                    "Actual Loops": 1
                                                }
                                            ],
                                            "Plans": [
                                                {
                                                    "Node Type": "Index Scan",
                                                    "Parent Relationship": "Outer",
                                                    "Parallel Aware": true,
                                                    "Scan Direction": "Forward",
                                                    "Index Name": "title_pkey",
                                                    "Relation Name": "title",
                                                    "Schema": "public",
                                                    "Alias": "t",
                                                    "Startup Cost": 0.43,
                                                    "Total Cost": 94540.09,
                                                    "Plan Rows": 154907,
                                                    "Plan Width": 4,
                                                    "Actual Startup Time": 3.138,
                                                    "Actual Total Time": 337.632,
                                                    "Actual Rows": 99894,
                                                    "Actual Loops": 5,
                                                    "Output": [
                                                        "t.id",
                                                        "t.title",
                                                        "t.imdb_index",
                                                        "t.kind_id",
                                                        "t.production_year",
                                                        "t.imdb_id",
                                                        "t.phonetic_code",
                                                        "t.episode_of_id",
                                                        "t.season_nr",
                                                        "t.episode_nr",
                                                        "t.series_years",
                                                        "t.md5sum"
                                                    ],
                                                    "Filter": "((t.kind_id > 2) AND (t.production_year < 1997))",
                                                    "Rows Removed by Filter": 405324,
                                                    "Workers": [
                                                        {
                                                            "Worker Number": 0,
                                                            "Actual Startup Time": 4.447,
                                                            "Actual Total Time": 271.033,
                                                            "Actual Rows": 67899,
                                                            "Actual Loops": 1
                                                        },
                                                        {
                                                            "Worker Number": 1,
                                                            "Actual Startup Time": 9.013,
                                                            "Actual Total Time": 343.286,
                                                            "Actual Rows": 108346,
                                                            "Actual Loops": 1
                                                        },
                                                        {
                                                            "Worker Number": 2,
                                                            "Actual Startup Time": 0.405,
                                                            "Actual Total Time": 308.665,
                                                            "Actual Rows": 80833,
                                                            "Actual Loops": 1
                                                        },
                                                        {
                                                            "Worker Number": 3,
                                                            "Actual Startup Time": 1.39,
                                                            "Actual Total Time": 355.075,
                                                            "Actual Rows": 107397,
                                                            "Actual Loops": 1
                                                        }
                                                    ]
                                                },
                                                {
                                                    "Node Type": "Index Scan",
                                                    "Parent Relationship": "Inner",
                                                    "Parallel Aware": false,
                                                    "Scan Direction": "Forward",
                                                    "Index Name": "movie_id_movie_info_idx",
                                                    "Relation Name": "movie_info_idx",
                                                    "Schema": "public",
                                                    "Alias": "mi_idx",
                                                    "Startup Cost": 0.43,
                                                    "Total Cost": 57080.9,
                                                    "Plan Rows": 921265,
                                                    "Plan Width": 4,
                                                    "Actual Startup Time": 0.124,
                                                    "Actual Total Time": 277.842,
                                                    "Actual Rows": 919850,
                                                    "Actual Loops": 5,
                                                    "Output": [
                                                        "mi_idx.id",
                                                        "mi_idx.movie_id",
                                                        "mi_idx.info_type_id",
                                                        "mi_idx.info",
                                                        "mi_idx.note"
                                                    ],
                                                    "Filter": "(mi_idx.info_type_id < 101)",
                                                    "Rows Removed by Filter": 460185,
                                                    "Workers": [
                                                        {
                                                            "Worker Number": 0,
                                                            "Actual Startup Time": 0.123,
                                                            "Actual Total Time": 345.019,
                                                            "Actual Rows": 919850,
                                                            "Actual Loops": 1
                                                        },
                                                        {
                                                            "Worker Number": 1,
                                                            "Actual Startup Time": 0.123,
                                                            "Actual Total Time": 244.75,
                                                            "Actual Rows": 919850,
                                                            "Actual Loops": 1
                                                        },
                                                        {
                                                            "Worker Number": 2,
                                                            "Actual Startup Time": 0.183,
                                                            "Actual Total Time": 326.801,
                                                            "Actual Rows": 919850,
                                                            "Actual Loops": 1
                                                        },
                                                        {
                                                            "Worker Number": 3,
                                                            "Actual Startup Time": 0.181,
                                                            "Actual Total Time": 246.097,
                                                            "Actual Rows": 919850,
                                                            "Actual Loops": 1
                                                        }
                                                    ]
                                                }
                                            ]
                                        },
                                        {
                                            "Node Type": "Index Scan",
                                            "Parent Relationship": "Inner",
                                            "Parallel Aware": false,
                                            "Scan Direction": "Forward",
                                            "Index Name": "movie_id_cast_info",
                                            "Relation Name": "cast_info",
                                            "Schema": "public",
                                            "Alias": "ci",
                                            "Startup Cost": 0.56,
                                            "Total Cost": 2.99,
                                            "Plan Rows": 25,
                                            "Plan Width": 4,
                                            "Actual Startup Time": 0.011,
                                            "Actual Total Time": 0.021,
                                            "Actual Rows": 17,
                                            "Actual Loops": 151622,
                                            "Output": [
                                                "ci.id",
                                                "ci.person_id",
                                                "ci.movie_id",
                                                "ci.person_role_id",
                                                "ci.note",
                                                "ci.nr_order",
                                                "ci.role_id"
                                            ],
                                            "Index Cond": "(ci.movie_id = mi_idx.movie_id)",
                                            "Rows Removed by Index Recheck": 0,
                                            "Filter": "(ci.role_id > 1)",
                                            "Rows Removed by Filter": 10,
                                            "Workers": [
                                                {
                                                    "Worker Number": 0,
                                                    "Actual Startup Time": 0.015,
                                                    "Actual Total Time": 0.032,
                                                    "Actual Rows": 19,
                                                    "Actual Loops": 19968
                                                },
                                                {
                                                    "Worker Number": 1,
                                                    "Actual Startup Time": 0.011,
                                                    "Actual Total Time": 0.02,
                                                    "Actual Rows": 17,
                                                    "Actual Loops": 33636
                                                },
                                                {
                                                    "Worker Number": 2,
                                                    "Actual Startup Time": 0.012,
                                                    "Actual Total Time": 0.025,
                                                    "Actual Rows": 17,
                                                    "Actual Loops": 25160
                                                },
                                                {
                                                    "Worker Number": 3,
                                                    "Actual Startup Time": 0.01,
                                                    "Actual Total Time": 0.02,
                                                    "Actual Rows": 17,
                                                    "Actual Loops": 33420
                                                }
                                            ]
                                        }
                                    ]
                                }
                            ]
                        }
                    ]
                }
            ]
        },
        "Planning Time": 198.596,
        "Triggers": [],
        "Execution Time": 1471.783
    }
]