[
  {
    "Plan": {
      "Node Type": "Aggregate",
      "Strategy": "Plain",
      "Partial Mode": "Simple",
      "Parallel Aware": false,
      "Startup Cost": 27758.97,
      "Total Cost": 27758.98,
      "Plan Rows": 1,
      "Plan Width": 68,
      "Actual Startup Time": 2.132,
      "Actual Total Time": 2.136,
      "Actual Rows": 1,
      "Actual Loops": 1,
      "Plans": [
        {
          "Node Type": "Nested Loop",
          "Parent Relationship": "Outer",
          "Parallel Aware": false,
          "Join Type": "Inner",
          "Startup Cost": 4992.34,
          "Total Cost": 27747.58,
          "Plan Rows": 1519,
          "Plan Width": 45,
          "Actual Startup Time": 2.104,
          "Actual Total Time": 2.119,
          "Actual Rows": 3,
          "Actual Loops": 1,
          "Inner Unique": false,
          "Join Filter": "(mc.company_type_id = ct.id)",
          "Rows Removed by Join Filter": 60,
          "Plans": [
            {
              "Node Type": "Seq Scan",
              "Parent Relationship": "Outer",
              "Parallel Aware": false,
              "Relation Name": "company_type",
              "Alias": "ct",
              "Startup Cost": 0.0,
              "Total Cost": 1.05,
              "Plan Rows": 1,
              "Plan Width": 4,
              "Actual Startup Time": 0.054,
              "Actual Total Time": 0.056,
              "Actual Rows": 1,
              "Actual Loops": 1,
              "Filter": "((kind)::text = 'production companies'::text)",
              "Rows Removed by Filter": 3
            },
            {
              "Node Type": "Nested Loop",
              "Parent Relationship": "Inner",
              "Parallel Aware": false,
              "Join Type": "Inner",
              "Startup Cost": 4992.34,
              "Total Cost": 27670.56,
              "Plan Rows": 6077,
              "Plan Width": 49,
              "Actual Startup Time": 1.175,
              "Actual Total Time": 2.046,
              "Actual Rows": 63,
              "Actual Loops": 1,
              "Inner Unique": false,
              "Join Filter": "(t.id = mc.movie_id)",
              "Rows Removed by Join Filter": 0,
              "Plans": [
                {
                  "Node Type": "Nested Loop",
                  "Parent Relationship": "Outer",
                  "Parallel Aware": false,
                  "Join Type": "Inner",
                  "Startup Cost": 4991.91,
                  "Total Cost": 26258.43,
                  "Plan Rows": 2174,
                  "Plan Width": 29,
                  "Actual Startup Time": 1.046,
                  "Actual Total Time": 1.527,
                  "Actual Rows": 3,
                  "Actual Loops": 1,
                  "Inner Unique": true,
                  "Plans": [
                    {
                      "Node Type": "Nested Loop",
                      "Parent Relationship": "Outer",
                      "Parallel Aware": false,
                      "Join Type": "Inner",
                      "Startup Cost": 4991.48,
                      "Total Cost": 19139.05,
                      "Plan Rows": 12213,
                      "Plan Width": 4,
                      "Actual Startup Time": 0.316,
                      "Actual Total Time": 0.332,
                      "Actual Rows": 10,
                      "Actual Loops": 1,
                      "Inner Unique": false,
                      "Plans": [
                        {
                          "Node Type": "Seq Scan",
                          "Parent Relationship": "Outer",
                          "Parallel Aware": false,
                          "Relation Name": "info_type",
                          "Alias": "it",
                          "Startup Cost": 0.0,
                          "Total Cost": 2.41,
                          "Plan Rows": 1,
                          "Plan Width": 4,
                          "Actual Startup Time": 0.079,
                          "Actual Total Time": 0.081,
                          "Actual Rows": 1,
                          "Actual Loops": 1,
                          "Filter": "((info)::text = 'bottom 10 rank'::text)",
                          "Rows Removed by Filter": 112
                        },
                        {
                          "Node Type": "Bitmap Heap Scan",
                          "Parent Relationship": "Inner",
                          "Parallel Aware": false,
                          "Relation Name": "movie_info_idx",
                          "Alias": "mi_idx",
                          "Startup Cost": 4991.48,
                          "Total Cost": 16376.57,
                          "Plan Rows": 276007,
                          "Plan Width": 8,
                          "Actual Startup Time": 0.228,
                          "Actual Total Time": 0.235,
                          "Actual Rows": 10,
                          "Actual Loops": 1,
                          "Recheck Cond": "(info_type_id = it.id)",
                          "Rows Removed by Index Recheck": 0,
                          "Exact Heap Blocks": 1,
                          "Lossy Heap Blocks": 0,
                          "Plans": [
                            {
                              "Node Type": "Bitmap Index Scan",
                              "Parent Relationship": "Outer",
                              "Parallel Aware": false,
                              "Index Name": "info_type_id_movie_info_idx",
                              "Startup Cost": 0.0,
                              "Total Cost": 4922.48,
                              "Plan Rows": 276007,
                              "Plan Width": 0,
                              "Actual Startup Time": 0.165,
                              "Actual Total Time": 0.166,
                              "Actual Rows": 10,
                              "Actual Loops": 1,
                              "Index Cond": "(info_type_id = it.id)"
                            }
                          ]
                        }
                      ]
                    },
                    {
                      "Node Type": "Index Scan",
                      "Parent Relationship": "Inner",
                      "Parallel Aware": false,
                      "Scan Direction": "Forward",
                      "Index Name": "title_pkey",
                      "Relation Name": "title",
                      "Alias": "t",
                      "Startup Cost": 0.43,
                      "Total Cost": 0.58,
                      "Plan Rows": 1,
                      "Plan Width": 25,
                      "Actual Startup Time": 0.117,
                      "Actual Total Time": 0.117,
                      "Actual Rows": 0,
                      "Actual Loops": 10,
                      "Index Cond": "(id = mi_idx.movie_id)",
                      "Rows Removed by Index Recheck": 0,
                      "Filter": "((production_year >= 2005) AND (production_year <= 2008))",
                      "Rows Removed by Filter": 1
                    }
                  ]
                },
                {
                  "Node Type": "Index Scan",
                  "Parent Relationship": "Inner",
                  "Parallel Aware": false,
                  "Scan Direction": "Forward",
                  "Index Name": "movie_id_movie_companies",
                  "Relation Name": "movie_companies",
                  "Alias": "mc",
                  "Startup Cost": 0.43,
                  "Total Cost": 0.61,
                  "Plan Rows": 3,
                  "Plan Width": 32,
                  "Actual Startup Time": 0.124,
                  "Actual Total Time": 0.163,
                  "Actual Rows": 21,
                  "Actual Loops": 3,
                  "Index Cond": "(movie_id = mi_idx.movie_id)",
                  "Rows Removed by Index Recheck": 0,
                  "Filter": "(note !~~ '%(as Metro-Goldwyn-Mayer Pictures)%'::text)",
                  "Rows Removed by Filter": 2
                }
              ]
            }
          ]
        }
      ]
    },
    "Planning Time": 4.709,
    "Triggers": [],
    "Execution Time": 2.613
  }
]