[
  {
    "Plan": {
      "Node Type": "Aggregate",
      "Strategy": "Plain",
      "Partial Mode": "Finalize",
      "Parallel Aware": false,
      "Startup Cost": 136741.21,
      "Total Cost": 136741.22,
      "Plan Rows": 1,
      "Plan Width": 8,
      "Actual Startup Time": 906.702,
      "Actual Total Time": 925.179,
      "Actual Rows": 1,
      "Actual Loops": 1,
      "Plans": [
        {
          "Node Type": "Gather",
          "Parent Relationship": "Outer",
          "Parallel Aware": false,
          "Startup Cost": 136740.89,
          "Total Cost": 136741.2,
          "Plan Rows": 3,
          "Plan Width": 8,
          "Actual Startup Time": 891.439,
          "Actual Total Time": 925.168,
          "Actual Rows": 4,
          "Actual Loops": 1,
          "Workers Planned": 3,
          "Workers Launched": 3,
          "Single Copy": false,
          "Plans": [
            {
              "Node Type": "Aggregate",
              "Strategy": "Plain",
              "Partial Mode": "Partial",
              "Parent Relationship": "Outer",
              "Parallel Aware": false,
              "Startup Cost": 135740.89,
              "Total Cost": 135740.9,
              "Plan Rows": 1,
              "Plan Width": 8,
              "Actual Startup Time": 884.763,
              "Actual Total Time": 885.446,
              "Actual Rows": 1,
              "Actual Loops": 4,
              "Plans": [
                {
                  "Node Type": "Hash Join",
                  "Parent Relationship": "Outer",
                  "Parallel Aware": true,
                  "Join Type": "Inner",
                  "Startup Cost": 86016.01,
                  "Total Cost": 133468.26,
                  "Plan Rows": 909052,
                  "Plan Width": 0,
                  "Actual Startup Time": 579.051,
                  "Actual Total Time": 841.406,
                  "Actual Rows": 1126024,
                  "Actual Loops": 4,
                  "Inner Unique": false,
                  "Hash Cond": "(mk.movie_id = t.id)",
                  "Plans": [
                    {
                      "Node Type": "Seq Scan",
                      "Parent Relationship": "Outer",
                      "Parallel Aware": true,
                      "Relation Name": "movie_keyword",
                      "Alias": "mk",
                      "Startup Cost": 0.0,
                      "Total Cost": 39047.32,
                      "Plan Rows": 1459332,
                      "Plan Width": 4,
                      "Actual Startup Time": 0.032,
                      "Actual Total Time": 82.022,
                      "Actual Rows": 1130982,
                      "Actual Loops": 4
                    },
                    {
                      "Node Type": "Hash",
                      "Parent Relationship": "Inner",
                      "Parallel Aware": true,
                      "Startup Cost": 79665.15,
                      "Total Cost": 79665.15,
                      "Plan Rows": 508069,
                      "Plan Width": 8,
                      "Actual Startup Time": 573.923,
                      "Actual Total Time": 574.605,
                      "Actual Rows": 279945,
                      "Actual Loops": 4,
                      "Hash Buckets": 2097152,
                      "Original Hash Buckets": 2097152,
                      "Hash Batches": 1,
                      "Original Hash Batches": 1,
                      "Peak Memory Usage": 60256,
                      "Plans": [
                        {
                          "Node Type": "Hash Join",
                          "Parent Relationship": "Outer",
                          "Parallel Aware": true,
                          "Join Type": "Inner",
                          "Startup Cost": 50249.26,
                          "Total Cost": 79665.15,
                          "Plan Rows": 508069,
                          "Plan Width": 8,
                          "Actual Startup Time": 250.078,
                          "Actual Total Time": 487.156,
                          "Actual Rows": 279945,
                          "Actual Loops": 4,
                          "Inner Unique": true,
                          "Hash Cond": "(mc.movie_id = t.id)",
                          "Plans": [
                            {
                              "Node Type": "Seq Scan",
                              "Parent Relationship": "Outer",
                              "Parallel Aware": true,
                              "Relation Name": "movie_companies",
                              "Alias": "mc",
                              "Startup Cost": 0.0,
                              "Total Cost": 27206.55,
                              "Plan Rows": 841655,
                              "Plan Width": 4,
                              "Actual Startup Time": 0.007,
                              "Actual Total Time": 57.402,
                              "Actual Rows": 652282,
                              "Actual Loops": 4
                            },
                            {
                              "Node Type": "Hash",
                              "Parent Relationship": "Inner",
                              "Parallel Aware": true,
                              "Startup Cost": 45479.59,
                              "Total Cost": 45479.59,
                              "Plan Rows": 381574,
                              "Plan Width": 4,
                              "Actual Startup Time": 246.628,
                              "Actual Total Time": 246.629,
                              "Actual Rows": 376808,
                              "Actual Loops": 4,
                              "Hash Buckets": 2097152,
                              "Original Hash Buckets": 2097152,
                              "Hash Batches": 1,
                              "Original Hash Batches": 1,
                              "Peak Memory Usage": 75392,
                              "Plans": [
                                {
                                  "Node Type": "Seq Scan",
                                  "Parent Relationship": "Outer",
                                  "Parallel Aware": true,
                                  "Relation Name": "title",
                                  "Alias": "t",
                                  "Startup Cost": 0.0,
                                  "Total Cost": 45479.59,
                                  "Plan Rows": 381574,
                                  "Plan Width": 4,
                                  "Actual Startup Time": 0.04,
                                  "Actual Total Time": 107.804,
                                  "Actual Rows": 376808,
                                  "Actual Loops": 4,
                                  "Filter": "((kind_id > 1) AND (production_year < 2011))",
                                  "Rows Removed by Filter": 255270
                                }
                              ]
                            }
                          ]
                        }
                      ]
                    }
                  ]
                }
              ]
            }
          ]
        }
      ]
    },
    "Planning Time": 0.538,
    "Triggers": [],
    "Execution Time": 925.233
  }
]