[
    {
        "Bao": {
            "Bao prediction": "NaN",
            "Bao recommended hint": "(no hint)"
        }
    },
    {
        "Plan": {
            "Node Type": "Aggregate",
            "Strategy": "Plain",
            "Partial Mode": "Finalize",
            "Parallel Aware": false,
            "Startup Cost": 24336.25,
            "Total Cost": 24336.26,
            "Plan Rows": 1,
            "Plan Width": 8,
            "Actual Startup Time": 36.815,
            "Actual Total Time": 40.339,
            "Actual Rows": 1,
            "Actual Loops": 1,
            "Output": [
                "count(*)"
            ],
            "Plans": [
                {
                    "Node Type": "Gather",
                    "Parent Relationship": "Outer",
                    "Parallel Aware": false,
                    "Startup Cost": 24335.93,
                    "Total Cost": 24336.24,
                    "Plan Rows": 3,
                    "Plan Width": 8,
                    "Actual Startup Time": 36.666,
                    "Actual Total Time": 40.332,
                    "Actual Rows": 4,
                    "Actual Loops": 1,
                    "Output": [
                        "(PARTIAL count(*))"
                    ],
                    "Workers Planned": 3,
                    "Workers Launched": 3,
                    "Single Copy": false,
                    "Plans": [
                        {
                            "Node Type": "Aggregate",
                            "Strategy": "Plain",
                            "Partial Mode": "Partial",
                            "Parent Relationship": "Outer",
                            "Parallel Aware": false,
                            "Startup Cost": 23335.93,
                            "Total Cost": 23335.94,
                            "Plan Rows": 1,
                            "Plan Width": 8,
                            "Actual Startup Time": 28.173,
                            "Actual Total Time": 28.174,
                            "Actual Rows": 1,
                            "Actual Loops": 4,
                            "Output": [
                                "PARTIAL count(*)"
                            ],
                            "Workers": [
                                {
                                    "Worker Number": 0,
                                    "Actual Startup Time": 25.027,
                                    "Actual Total Time": 25.028,
                                    "Actual Rows": 1,
                                    "Actual Loops": 1
                                },
                                {
                                    "Worker Number": 1,
                                    "Actual Startup Time": 25.539,
                                    "Actual Total Time": 25.54,
                                    "Actual Rows": 1,
                                    "Actual Loops": 1
                                },
                                {
                                    "Worker Number": 2,
                                    "Actual Startup Time": 25.734,
                                    "Actual Total Time": 25.735,
                                    "Actual Rows": 1,
                                    "Actual Loops": 1
                                }
                            ],
                            "Plans": [
                                {
                                    "Node Type": "Bitmap Heap Scan",
                                    "Parent Relationship": "Outer",
                                    "Parallel Aware": true,
                                    "Relation Name": "movie_companies",
                                    "Schema": "public",
                                    "Alias": "mc",
                                    "Startup Cost": 3716.66,
                                    "Total Cost": 23197.72,
                                    "Plan Rows": 55285,
                                    "Plan Width": 0,
                                    "Actual Startup Time": 2.546,
                                    "Actual Total Time": 25.087,
                                    "Actual Rows": 43460,
                                    "Actual Loops": 4,
                                    "Recheck Cond": "(mc.company_id > 122427)",
                                    "Rows Removed by Index Recheck": 0,
                                    "Exact Heap Blocks": 2619,
                                    "Lossy Heap Blocks": 0,
                                    "Workers": [
                                        {
                                            "Worker Number": 0,
                                            "Actual Startup Time": 0.179,
                                            "Actual Total Time": 22.502,
                                            "Actual Rows": 20268,
                                            "Actual Loops": 1
                                        },
                                        {
                                            "Worker Number": 1,
                                            "Actual Startup Time": 0.184,
                                            "Actual Total Time": 22.971,
                                            "Actual Rows": 21111,
                                            "Actual Loops": 1
                                        },
                                        {
                                            "Worker Number": 2,
                                            "Actual Startup Time": 0.156,
                                            "Actual Total Time": 23.057,
                                            "Actual Rows": 23019,
                                            "Actual Loops": 1
                                        }
                                    ],
                                    "Plans": [
                                        {
                                            "Node Type": "Bitmap Index Scan",
                                            "Parent Relationship": "Outer",
                                            "Parallel Aware": false,
                                            "Index Name": "company_id_movie_companies",
                                            "Startup Cost": 0.0,
                                            "Total Cost": 3673.81,
                                            "Plan Rows": 171384,
                                            "Plan Width": 0,
                                            "Actual Startup Time": 8.993,
                                            "Actual Total Time": 8.993,
                                            "Actual Rows": 173840,
                                            "Actual Loops": 1,
                                            "Index Cond": "(mc.company_id > 122427)"
                                        }
                                    ]
                                }
                            ]
                        }
                    ]
                }
            ]
        },
        "Planning Time": 189.338,
        "Triggers": [],
        "Execution Time": 40.394
    }
]