[
  {
    "Plan": {
      "Node Type": "Aggregate",
      "Strategy": "Plain",
      "Partial Mode": "Finalize",
      "Parallel Aware": false,
      "Startup Cost": 45965.53,
      "Total Cost": 45965.54,
      "Plan Rows": 1,
      "Plan Width": 8,
      "Actual Startup Time": 164.799,
      "Actual Total Time": 174.055,
      "Actual Rows": 1,
      "Actual Loops": 1,
      "Plans": [
        {
          "Node Type": "Gather",
          "Parent Relationship": "Outer",
          "Parallel Aware": false,
          "Startup Cost": 45965.22,
          "Total Cost": 45965.53,
          "Plan Rows": 3,
          "Plan Width": 8,
          "Actual Startup Time": 164.651,
          "Actual Total Time": 174.047,
          "Actual Rows": 4,
          "Actual Loops": 1,
          "Workers Planned": 3,
          "Workers Launched": 3,
          "Single Copy": false,
          "Plans": [
            {
              "Node Type": "Aggregate",
              "Strategy": "Plain",
              "Partial Mode": "Partial",
              "Parent Relationship": "Outer",
              "Parallel Aware": false,
              "Startup Cost": 44965.22,
              "Total Cost": 44965.23,
              "Plan Rows": 1,
              "Plan Width": 8,
              "Actual Startup Time": 156.035,
              "Actual Total Time": 156.037,
              "Actual Rows": 1,
              "Actual Loops": 4,
              "Plans": [
                {
                  "Node Type": "Seq Scan",
                  "Parent Relationship": "Outer",
                  "Parallel Aware": true,
                  "Relation Name": "movie_keyword",
                  "Alias": "mk",
                  "Startup Cost": 0.0,
                  "Total Cost": 42695.65,
                  "Plan Rows": 907825,
                  "Plan Width": 0,
                  "Actual Startup Time": 0.439,
                  "Actual Total Time": 123.436,
                  "Actual Rows": 703879,
                  "Actual Loops": 4,
                  "Filter": "(keyword_id > 2700)",
                  "Rows Removed by Filter": 427103
                }
              ]
            }
          ]
        }
      ]
    },
    "Planning Time": 0.258,
    "Triggers": [],
    "Execution Time": 174.114
  }
]