[
  {
    "Plan": {
      "Node Type": "Aggregate",
      "Strategy": "Plain",
      "Partial Mode": "Finalize",
      "Parallel Aware": false,
      "Startup Cost": 403865.53,
      "Total Cost": 403865.54,
      "Plan Rows": 1,
      "Plan Width": 8,
      "Actual Startup Time": 1098.454,
      "Actual Total Time": 1120.442,
      "Actual Rows": 1,
      "Actual Loops": 1,
      "Plans": [
        {
          "Node Type": "Gather",
          "Parent Relationship": "Outer",
          "Parallel Aware": false,
          "Startup Cost": 403865.21,
          "Total Cost": 403865.52,
          "Plan Rows": 3,
          "Plan Width": 8,
          "Actual Startup Time": 1091.245,
          "Actual Total Time": 1120.435,
          "Actual Rows": 4,
          "Actual Loops": 1,
          "Workers Planned": 3,
          "Workers Launched": 3,
          "Single Copy": false,
          "Plans": [
            {
              "Node Type": "Aggregate",
              "Strategy": "Plain",
              "Partial Mode": "Partial",
              "Parent Relationship": "Outer",
              "Parallel Aware": false,
              "Startup Cost": 402865.21,
              "Total Cost": 402865.22,
              "Plan Rows": 1,
              "Plan Width": 8,
              "Actual Startup Time": 1081.027,
              "Actual Total Time": 1081.033,
              "Actual Rows": 1,
              "Actual Loops": 4,
              "Plans": [
                {
                  "Node Type": "Hash Join",
                  "Parent Relationship": "Outer",
                  "Parallel Aware": true,
                  "Join Type": "Inner",
                  "Startup Cost": 357588.79,
                  "Total Cost": 402411.25,
                  "Plan Rows": 181587,
                  "Plan Width": 0,
                  "Actual Startup Time": 588.15,
                  "Actual Total Time": 981.472,
                  "Actual Rows": 2365378,
                  "Actual Loops": 4,
                  "Inner Unique": false,
                  "Hash Cond": "(mk.movie_id = t.id)",
                  "Plans": [
                    {
                      "Node Type": "Seq Scan",
                      "Parent Relationship": "Outer",
                      "Parallel Aware": true,
                      "Relation Name": "movie_keyword",
                      "Alias": "mk",
                      "Startup Cost": 0.0,
                      "Total Cost": 39047.32,
                      "Plan Rows": 1459332,
                      "Plan Width": 4,
                      "Actual Startup Time": 0.036,
                      "Actual Total Time": 91.912,
                      "Actual Rows": 1130982,
                      "Actual Loops": 4
                    },
                    {
                      "Node Type": "Hash",
                      "Parent Relationship": "Inner",
                      "Parallel Aware": true,
                      "Startup Cost": 356933.38,
                      "Total Cost": 356933.38,
                      "Plan Rows": 52433,
                      "Plan Width": 8,
                      "Actual Startup Time": 584.646,
                      "Actual Total Time": 584.651,
                      "Actual Rows": 178504,
                      "Actual Loops": 4,
                      "Hash Buckets": 1048576,
                      "Original Hash Buckets": 524288,
                      "Hash Batches": 1,
                      "Original Hash Batches": 1,
                      "Peak Memory Usage": 40256,
                      "Plans": [
                        {
                          "Node Type": "Hash Join",
                          "Parent Relationship": "Outer",
                          "Parallel Aware": true,
                          "Join Type": "Inner",
                          "Startup Cost": 98071.1,
                          "Total Cost": 356933.38,
                          "Plan Rows": 52433,
                          "Plan Width": 8,
                          "Actual Startup Time": 269.531,
                          "Actual Total Time": 514.522,
                          "Actual Rows": 178504,
                          "Actual Loops": 4,
                          "Inner Unique": true,
                          "Hash Cond": "(ci.movie_id = t.id)",
                          "Plans": [
                            {
                              "Node Type": "Bitmap Heap Scan",
                              "Parent Relationship": "Outer",
                              "Parallel Aware": true,
                              "Relation Name": "cast_info",
                              "Alias": "ci",
                              "Startup Cost": 51073.97,
                              "Total Cost": 309585.25,
                              "Plan Rows": 133712,
                              "Plan Width": 4,
                              "Actual Startup Time": 81.355,
                              "Actual Total Time": 181.712,
                              "Actual Rows": 418930,
                              "Actual Loops": 4,
                              "Recheck Cond": "(person_id < 228014)",
                              "Rows Removed by Index Recheck": 0,
                              "Filter": "(role_id < 2)",
                              "Rows Removed by Filter": 166764,
                              "Exact Heap Blocks": 7925,
                              "Lossy Heap Blocks": 0,
                              "Plans": [
                                {
                                  "Node Type": "Bitmap Index Scan",
                                  "Parent Relationship": "Outer",
                                  "Parallel Aware": false,
                                  "Index Name": "person_id_cast_info",
                                  "Startup Cost": 0.0,
                                  "Total Cost": 50873.4,
                                  "Plan Rows": 2329712,
                                  "Plan Width": 0,
                                  "Actual Startup Time": 77.487,
                                  "Actual Total Time": 77.487,
                                  "Actual Rows": 2342775,
                                  "Actual Loops": 1,
                                  "Index Cond": "(person_id < 228014)"
                                }
                              ]
                            },
                            {
                              "Node Type": "Hash",
                              "Parent Relationship": "Inner",
                              "Parallel Aware": true,
                              "Startup Cost": 43898.92,
                              "Total Cost": 43898.92,
                              "Plan Rows": 247857,
                              "Plan Width": 4,
                              "Actual Startup Time": 185.017,
                              "Actual Total Time": 185.018,
                              "Actual Rows": 246262,
                              "Actual Loops": 4,
                              "Hash Buckets": 1048576,
                              "Original Hash Buckets": 1048576,
                              "Hash Batches": 1,
                              "Original Hash Batches": 1,
                              "Peak Memory Usage": 46816,
                              "Plans": [
                                {
                                  "Node Type": "Seq Scan",
                                  "Parent Relationship": "Outer",
                                  "Parallel Aware": true,
                                  "Relation Name": "title",
                                  "Alias": "t",
                                  "Startup Cost": 0.0,
                                  "Total Cost": 43898.92,
                                  "Plan Rows": 247857,
                                  "Plan Width": 4,
                                  "Actual Startup Time": 0.047,
                                  "Actual Total Time": 101.717,
                                  "Actual Rows": 246262,
                                  "Actual Loops": 4,
                                  "Filter": "(kind_id < 7)",
                                  "Rows Removed by Filter": 385816
                                }
                              ]
                            }
                          ]
                        }
                      ]
                    }
                  ]
                }
              ]
            }
          ]
        }
      ]
    },
    "Planning Time": 1.414,
    "Triggers": [],
    "Execution Time": 1120.554
  }
]