[
  {
    "Plan": {
      "Node Type": "Aggregate",
      "Strategy": "Plain",
      "Partial Mode": "Finalize",
      "Parallel Aware": false,
      "Startup Cost": 46909.98,
      "Total Cost": 46909.99,
      "Plan Rows": 1,
      "Plan Width": 8,
      "Actual Startup Time": 172.345,
      "Actual Total Time": 182.065,
      "Actual Rows": 1,
      "Actual Loops": 1,
      "Plans": [
        {
          "Node Type": "Gather",
          "Parent Relationship": "Outer",
          "Parallel Aware": false,
          "Startup Cost": 46909.66,
          "Total Cost": 46909.97,
          "Plan Rows": 3,
          "Plan Width": 8,
          "Actual Startup Time": 172.073,
          "Actual Total Time": 182.055,
          "Actual Rows": 4,
          "Actual Loops": 1,
          "Workers Planned": 3,
          "Workers Launched": 3,
          "Single Copy": false,
          "Plans": [
            {
              "Node Type": "Aggregate",
              "Strategy": "Plain",
              "Partial Mode": "Partial",
              "Parent Relationship": "Outer",
              "Parallel Aware": false,
              "Startup Cost": 45909.66,
              "Total Cost": 45909.67,
              "Plan Rows": 1,
              "Plan Width": 8,
              "Actual Startup Time": 165.173,
              "Actual Total Time": 165.174,
              "Actual Rows": 1,
              "Actual Loops": 4,
              "Plans": [
                {
                  "Node Type": "Seq Scan",
                  "Parent Relationship": "Outer",
                  "Parallel Aware": true,
                  "Relation Name": "movie_keyword",
                  "Alias": "mk",
                  "Startup Cost": 0.0,
                  "Total Cost": 42695.65,
                  "Plan Rows": 1285603,
                  "Plan Width": 0,
                  "Actual Startup Time": 0.052,
                  "Actual Total Time": 122.008,
                  "Actual Rows": 1000958,
                  "Actual Loops": 4,
                  "Filter": "(keyword_id < 34794)",
                  "Rows Removed by Filter": 130025
                }
              ]
            }
          ]
        }
      ]
    },
    "Planning Time": 0.195,
    "Triggers": [],
    "Execution Time": 182.138
  }
]