[
  {
    "Plan": {
      "Node Type": "Aggregate",
      "Strategy": "Plain",
      "Partial Mode": "Finalize",
      "Parallel Aware": false,
      "Startup Cost": 55591.73,
      "Total Cost": 55591.74,
      "Plan Rows": 1,
      "Plan Width": 8,
      "Actual Startup Time": 92.253,
      "Actual Total Time": 104.568,
      "Actual Rows": 1,
      "Actual Loops": 1,
      "Plans": [
        {
          "Node Type": "Gather",
          "Parent Relationship": "Outer",
          "Parallel Aware": false,
          "Startup Cost": 55591.31,
          "Total Cost": 55591.72,
          "Plan Rows": 4,
          "Plan Width": 8,
          "Actual Startup Time": 92.06,
          "Actual Total Time": 104.56,
          "Actual Rows": 5,
          "Actual Loops": 1,
          "Workers Planned": 4,
          "Workers Launched": 4,
          "Single Copy": false,
          "Plans": [
            {
              "Node Type": "Aggregate",
              "Strategy": "Plain",
              "Partial Mode": "Partial",
              "Parent Relationship": "Outer",
              "Parallel Aware": false,
              "Startup Cost": 54591.31,
              "Total Cost": 54591.32,
              "Plan Rows": 1,
              "Plan Width": 8,
              "Actual Startup Time": 86.275,
              "Actual Total Time": 86.277,
              "Actual Rows": 1,
              "Actual Loops": 5,
              "Plans": [
                {
                  "Node Type": "Nested Loop",
                  "Parent Relationship": "Outer",
                  "Parallel Aware": false,
                  "Join Type": "Inner",
                  "Startup Cost": 0.43,
                  "Total Cost": 54589.95,
                  "Plan Rows": 543,
                  "Plan Width": 0,
                  "Actual Startup Time": 2.802,
                  "Actual Total Time": 86.139,
                  "Actual Rows": 1316,
                  "Actual Loops": 5,
                  "Inner Unique": false,
                  "Plans": [
                    {
                      "Node Type": "Seq Scan",
                      "Parent Relationship": "Outer",
                      "Parallel Aware": true,
                      "Relation Name": "title",
                      "Alias": "t",
                      "Startup Cost": 0.0,
                      "Total Cost": 45479.59,
                      "Plan Rows": 526,
                      "Plan Width": 4,
                      "Actual Startup Time": 2.707,
                      "Actual Total Time": 77.352,
                      "Actual Rows": 550,
                      "Actual Loops": 5,
                      "Filter": "((kind_id < 7) AND (production_year = 1951))",
                      "Rows Removed by Filter": 505113
                    },
                    {
                      "Node Type": "Index Only Scan",
                      "Parent Relationship": "Inner",
                      "Parallel Aware": false,
                      "Scan Direction": "Forward",
                      "Index Name": "movie_id_movie_companies",
                      "Relation Name": "movie_companies",
                      "Alias": "mc",
                      "Startup Cost": 0.43,
                      "Total Cost": 17.27,
                      "Plan Rows": 5,
                      "Plan Width": 4,
                      "Actual Startup Time": 0.012,
                      "Actual Total Time": 0.015,
                      "Actual Rows": 2,
                      "Actual Loops": 2748,
                      "Index Cond": "(movie_id = t.id)",
                      "Rows Removed by Index Recheck": 0,
                      "Heap Fetches": 6580
                    }
                  ]
                }
              ]
            }
          ]
        }
      ]
    },
    "Planning Time": 0.412,
    "Triggers": [],
    "Execution Time": 104.619
  }
]