[
  {
    "Plan": {
      "Node Type": "Aggregate",
      "Strategy": "Plain",
      "Partial Mode": "Finalize",
      "Parallel Aware": false,
      "Startup Cost": 81091.69,
      "Total Cost": 81091.7,
      "Plan Rows": 1,
      "Plan Width": 8,
      "Actual Startup Time": 381.134,
      "Actual Total Time": 395.826,
      "Actual Rows": 1,
      "Actual Loops": 1,
      "Plans": [
        {
          "Node Type": "Gather",
          "Parent Relationship": "Outer",
          "Parallel Aware": false,
          "Startup Cost": 81091.27,
          "Total Cost": 81091.68,
          "Plan Rows": 4,
          "Plan Width": 8,
          "Actual Startup Time": 374.617,
          "Actual Total Time": 395.815,
          "Actual Rows": 5,
          "Actual Loops": 1,
          "Workers Planned": 4,
          "Workers Launched": 4,
          "Single Copy": false,
          "Plans": [
            {
              "Node Type": "Aggregate",
              "Strategy": "Plain",
              "Partial Mode": "Partial",
              "Parent Relationship": "Outer",
              "Parallel Aware": false,
              "Startup Cost": 80091.27,
              "Total Cost": 80091.28,
              "Plan Rows": 1,
              "Plan Width": 8,
              "Actual Startup Time": 364.875,
              "Actual Total Time": 364.878,
              "Actual Rows": 1,
              "Actual Loops": 5,
              "Plans": [
                {
                  "Node Type": "Hash Join",
                  "Parent Relationship": "Outer",
                  "Parallel Aware": true,
                  "Join Type": "Inner",
                  "Startup Cost": 33774.49,
                  "Total Cost": 79725.52,
                  "Plan Rows": 146300,
                  "Plan Width": 0,
                  "Actual Startup Time": 137.586,
                  "Actual Total Time": 356.298,
                  "Actual Rows": 173696,
                  "Actual Loops": 5,
                  "Inner Unique": false,
                  "Hash Cond": "(t.id = mc.movie_id)",
                  "Plans": [
                    {
                      "Node Type": "Seq Scan",
                      "Parent Relationship": "Outer",
                      "Parallel Aware": true,
                      "Relation Name": "title",
                      "Alias": "t",
                      "Startup Cost": 0.0,
                      "Total Cost": 42318.73,
                      "Plan Rows": 632073,
                      "Plan Width": 4,
                      "Actual Startup Time": 0.014,
                      "Actual Total Time": 66.401,
                      "Actual Rows": 505662,
                      "Actual Loops": 5
                    },
                    {
                      "Node Type": "Hash",
                      "Parent Relationship": "Inner",
                      "Parallel Aware": true,
                      "Startup Cost": 31414.82,
                      "Total Cost": 31414.82,
                      "Plan Rows": 188774,
                      "Plan Width": 4,
                      "Actual Startup Time": 133.134,
                      "Actual Total Time": 133.135,
                      "Actual Rows": 173696,
                      "Actual Loops": 5,
                      "Hash Buckets": 1048576,
                      "Original Hash Buckets": 1048576,
                      "Hash Batches": 1,
                      "Original Hash Batches": 1,
                      "Peak Memory Usage": 42240,
                      "Plans": [
                        {
                          "Node Type": "Seq Scan",
                          "Parent Relationship": "Outer",
                          "Parallel Aware": true,
                          "Relation Name": "movie_companies",
                          "Alias": "mc",
                          "Startup Cost": 0.0,
                          "Total Cost": 31414.82,
                          "Plan Rows": 188774,
                          "Plan Width": 4,
                          "Actual Startup Time": 45.005,
                          "Actual Total Time": 79.385,
                          "Actual Rows": 173696,
                          "Actual Loops": 5,
                          "Filter": "((company_id > 13063) AND (company_type_id > 1))",
                          "Rows Removed by Filter": 348130
                        }
                      ]
                    }
                  ]
                }
              ]
            }
          ]
        }
      ]
    },
    "Planning Time": 0.634,
    "Triggers": [],
    "Execution Time": 395.905
  }
]