[
  {
    "Plan": {
      "Node Type": "Aggregate",
      "Strategy": "Plain",
      "Partial Mode": "Finalize",
      "Parallel Aware": false,
      "Startup Cost": 275195.69,
      "Total Cost": 275195.7,
      "Plan Rows": 1,
      "Plan Width": 8,
      "Actual Startup Time": 64.067,
      "Actual Total Time": 68.055,
      "Actual Rows": 1,
      "Actual Loops": 1,
      "Plans": [
        {
          "Node Type": "Gather",
          "Parent Relationship": "Outer",
          "Parallel Aware": false,
          "Startup Cost": 275195.16,
          "Total Cost": 275195.67,
          "Plan Rows": 5,
          "Plan Width": 8,
          "Actual Startup Time": 63.794,
          "Actual Total Time": 68.047,
          "Actual Rows": 6,
          "Actual Loops": 1,
          "Workers Planned": 5,
          "Workers Launched": 5,
          "Single Copy": false,
          "Plans": [
            {
              "Node Type": "Aggregate",
              "Strategy": "Plain",
              "Partial Mode": "Partial",
              "Parent Relationship": "Outer",
              "Parallel Aware": false,
              "Startup Cost": 274195.16,
              "Total Cost": 274195.17,
              "Plan Rows": 1,
              "Plan Width": 8,
              "Actual Startup Time": 55.06,
              "Actual Total Time": 55.061,
              "Actual Rows": 1,
              "Actual Loops": 6,
              "Plans": [
                {
                  "Node Type": "Bitmap Heap Scan",
                  "Parent Relationship": "Outer",
                  "Parallel Aware": true,
                  "Relation Name": "cast_info",
                  "Alias": "ci",
                  "Startup Cost": 7033.17,
                  "Total Cost": 274139.95,
                  "Plan Rows": 22085,
                  "Plan Width": 0,
                  "Actual Startup Time": 23.492,
                  "Actual Total Time": 50.581,
                  "Actual Rows": 39805,
                  "Actual Loops": 6,
                  "Recheck Cond": "(person_id < 36912)",
                  "Rows Removed by Index Recheck": 0,
                  "Filter": "(role_id < 2)",
                  "Rows Removed by Filter": 13419,
                  "Exact Heap Blocks": 1297,
                  "Lossy Heap Blocks": 0,
                  "Plans": [
                    {
                      "Node Type": "Bitmap Index Scan",
                      "Parent Relationship": "Outer",
                      "Parallel Aware": false,
                      "Index Name": "person_id_cast_info",
                      "Startup Cost": 0.0,
                      "Total Cost": 7005.56,
                      "Plan Rows": 320666,
                      "Plan Width": 0,
                      "Actual Startup Time": 30.404,
                      "Actual Total Time": 30.404,
                      "Actual Rows": 319344,
                      "Actual Loops": 1,
                      "Index Cond": "(person_id < 36912)"
                    }
                  ]
                }
              ]
            }
          ]
        }
      ]
    },
    "Planning Time": 0.257,
    "Triggers": [],
    "Execution Time": 68.119
  }
]