[
  {
    "Plan": {
      "Node Type": "Aggregate",
      "Strategy": "Plain",
      "Partial Mode": "Finalize",
      "Parallel Aware": false,
      "Startup Cost": 79867.22,
      "Total Cost": 79867.23,
      "Plan Rows": 1,
      "Plan Width": 8,
      "Actual Startup Time": 276.78,
      "Actual Total Time": 299.581,
      "Actual Rows": 1,
      "Actual Loops": 1,
      "Plans": [
        {
          "Node Type": "Gather",
          "Parent Relationship": "Outer",
          "Parallel Aware": false,
          "Startup Cost": 79866.9,
          "Total Cost": 79867.21,
          "Plan Rows": 3,
          "Plan Width": 8,
          "Actual Startup Time": 275.274,
          "Actual Total Time": 299.572,
          "Actual Rows": 4,
          "Actual Loops": 1,
          "Workers Planned": 3,
          "Workers Launched": 3,
          "Single Copy": false,
          "Plans": [
            {
              "Node Type": "Aggregate",
              "Strategy": "Plain",
              "Partial Mode": "Partial",
              "Parent Relationship": "Outer",
              "Parallel Aware": false,
              "Startup Cost": 78866.9,
              "Total Cost": 78866.91,
              "Plan Rows": 1,
              "Plan Width": 8,
              "Actual Startup Time": 266.837,
              "Actual Total Time": 266.84,
              "Actual Rows": 1,
              "Actual Loops": 4,
              "Plans": [
                {
                  "Node Type": "Hash Join",
                  "Parent Relationship": "Outer",
                  "Parallel Aware": true,
                  "Join Type": "Inner",
                  "Startup Cost": 46366.51,
                  "Total Cost": 78762.06,
                  "Plan Rows": 41938,
                  "Plan Width": 0,
                  "Actual Startup Time": 175.76,
                  "Actual Total Time": 265.323,
                  "Actual Rows": 25842,
                  "Actual Loops": 4,
                  "Inner Unique": true,
                  "Hash Cond": "(mc.movie_id = t.id)",
                  "Plans": [
                    {
                      "Node Type": "Seq Scan",
                      "Parent Relationship": "Outer",
                      "Parallel Aware": true,
                      "Relation Name": "movie_companies",
                      "Alias": "mc",
                      "Startup Cost": 0.0,
                      "Total Cost": 31414.82,
                      "Plan Rows": 373610,
                      "Plan Width": 4,
                      "Actual Startup Time": 40.168,
                      "Actual Total Time": 87.582,
                      "Actual Rows": 248384,
                      "Actual Loops": 4,
                      "Filter": "((company_id < 89187) AND (company_type_id = 2))",
                      "Rows Removed by Filter": 403898
                    },
                    {
                      "Node Type": "Hash",
                      "Parent Relationship": "Inner",
                      "Parallel Aware": true,
                      "Startup Cost": 45479.59,
                      "Total Cost": 45479.59,
                      "Plan Rows": 70954,
                      "Plan Width": 4,
                      "Actual Startup Time": 132.616,
                      "Actual Total Time": 132.617,
                      "Actual Rows": 46471,
                      "Actual Loops": 4,
                      "Hash Buckets": 524288,
                      "Original Hash Buckets": 524288,
                      "Hash Batches": 1,
                      "Original Hash Batches": 1,
                      "Peak Memory Usage": 11424,
                      "Plans": [
                        {
                          "Node Type": "Seq Scan",
                          "Parent Relationship": "Outer",
                          "Parallel Aware": true,
                          "Relation Name": "title",
                          "Alias": "t",
                          "Startup Cost": 0.0,
                          "Total Cost": 45479.59,
                          "Plan Rows": 70954,
                          "Plan Width": 4,
                          "Actual Startup Time": 0.048,
                          "Actual Total Time": 113.213,
                          "Actual Rows": 46471,
                          "Actual Loops": 4,
                          "Filter": "((kind_id > 4) AND (production_year < 1978))",
                          "Rows Removed by Filter": 585607
                        }
                      ]
                    }
                  ]
                }
              ]
            }
          ]
        }
      ]
    },
    "Planning Time": 0.291,
    "Triggers": [],
    "Execution Time": 299.619
  }
]