{
  "Plan": {
    "Node Type": "Aggregate",
    "Strategy": "Plain",
    "Partial Mode": "Finalize",
    "Parallel Aware": false,
    "Startup Cost": 99540.07,
    "Total Cost": 99540.08,
    "Plan Rows": 1,
    "Plan Width": 8,
    "Actual Startup Time": 312.865,
    "Actual Total Time": 328.501,
    "Actual Rows": 1,
    "Actual Loops": 1,
    "Plans": [
      {
        "Node Type": "Gather",
        "Parent Relationship": "Outer",
        "Parallel Aware": false,
        "Startup Cost": 99539.95,
        "Total Cost": 99540.06,
        "Plan Rows": 1,
        "Plan Width": 8,
        "Actual Startup Time": 312.682,
        "Actual Total Time": 328.493,
        "Actual Rows": 2,
        "Actual Loops": 1,
        "Workers Planned": 1,
        "Workers Launched": 1,
        "Single Copy": false,
        "Plans": [
          {
            "Node Type": "Aggregate",
            "Strategy": "Plain",
            "Partial Mode": "Partial",
            "Parent Relationship": "Outer",
            "Parallel Aware": false,
            "Startup Cost": 98539.95,
            "Total Cost": 98539.96,
            "Plan Rows": 1,
            "Plan Width": 8,
            "Actual Startup Time": 307.052,
            "Actual Total Time": 307.055,
            "Actual Rows": 1,
            "Actual Loops": 2,
            "Plans": [
              {
                "Node Type": "Hash Join",
                "Parent Relationship": "Outer",
                "Parallel Aware": true,
                "Join Type": "Inner",
                "Startup Cost": 58499.41,
                "Total Cost": 98519.73,
                "Plan Rows": 8088,
                "Plan Width": 0,
                "Actual Startup Time": 192.374,
                "Actual Total Time": 306.457,
                "Actual Rows": 12516,
                "Actual Loops": 2,
                "Inner Unique": true,
                "Hash Cond": "(mc.movie_id = t.id)",
                "Plans": [
                  {
                    "Node Type": "Seq Scan",
                    "Parent Relationship": "Outer",
                    "Parallel Aware": true,
                    "Relation Name": "movie_companies",
                    "Alias": "mc",
                    "Startup Cost": 0.0,
                    "Total Cost": 37974.77,
                    "Plan Rows": 779260,
                    "Plan Width": 4,
                    "Actual Startup Time": 48.542,
                    "Actual Total Time": 111.366,
                    "Actual Rows": 667442,
                    "Actual Loops": 2,
                    "Filter": "(company_type_id = 2)",
                    "Rows Removed by Filter": 637123
                  },
                  {
                    "Node Type": "Hash",
                    "Parent Relationship": "Inner",
                    "Parallel Aware": true,
                    "Startup Cost": 58306.47,
                    "Total Cost": 58306.47,
                    "Plan Rows": 15435,
                    "Plan Width": 4,
                    "Actual Startup Time": 142.615,
                    "Actual Total Time": 142.616,
                    "Actual Rows": 11963,
                    "Actual Loops": 2,
                    "Hash Buckets": 32768,
                    "Original Hash Buckets": 32768,
                    "Hash Batches": 1,
                    "Original Hash Batches": 1,
                    "Peak Memory Usage": 1216,
                    "Plans": [
                      {
                        "Node Type": "Seq Scan",
                        "Parent Relationship": "Outer",
                        "Parallel Aware": true,
                        "Relation Name": "title",
                        "Alias": "t",
                        "Startup Cost": 0.0,
                        "Total Cost": 58306.47,
                        "Plan Rows": 15435,
                        "Plan Width": 4,
                        "Actual Startup Time": 0.658,
                        "Actual Total Time": 139.254,
                        "Actual Rows": 11963,
                        "Actual Loops": 2,
                        "Filter": "((kind_id < 7) AND (production_year = 2003))",
                        "Rows Removed by Filter": 1252193
                      }
                    ]
                  }
                ]
              }
            ]
          }
        ]
      }
    ]
  },
  "Planning Time": 0.464,
  "Triggers": [],
  "Execution Time": 328.574
}