[
  {
    "Plan": {
      "Node Type": "Aggregate",
      "Strategy": "Plain",
      "Partial Mode": "Finalize",
      "Parallel Aware": false,
      "Startup Cost": 234180.76,
      "Total Cost": 234180.77,
      "Plan Rows": 1,
      "Plan Width": 8,
      "Actual Startup Time": 271.004,
      "Actual Total Time": 311.002,
      "Actual Rows": 1,
      "Actual Loops": 1,
      "Plans": [
        {
          "Node Type": "Gather",
          "Parent Relationship": "Outer",
          "Parallel Aware": false,
          "Startup Cost": 234180.34,
          "Total Cost": 234180.75,
          "Plan Rows": 4,
          "Plan Width": 8,
          "Actual Startup Time": 270.8,
          "Actual Total Time": 310.993,
          "Actual Rows": 5,
          "Actual Loops": 1,
          "Workers Planned": 4,
          "Workers Launched": 4,
          "Single Copy": false,
          "Plans": [
            {
              "Node Type": "Aggregate",
              "Strategy": "Plain",
              "Partial Mode": "Partial",
              "Parent Relationship": "Outer",
              "Parallel Aware": false,
              "Startup Cost": 233180.34,
              "Total Cost": 233180.35,
              "Plan Rows": 1,
              "Plan Width": 8,
              "Actual Startup Time": 266.366,
              "Actual Total Time": 266.368,
              "Actual Rows": 1,
              "Actual Loops": 5,
              "Plans": [
                {
                  "Node Type": "Nested Loop",
                  "Parent Relationship": "Outer",
                  "Parallel Aware": false,
                  "Join Type": "Inner",
                  "Startup Cost": 0.43,
                  "Total Cost": 233097.99,
                  "Plan Rows": 32939,
                  "Plan Width": 0,
                  "Actual Startup Time": 60.031,
                  "Actual Total Time": 259.881,
                  "Actual Rows": 131138,
                  "Actual Loops": 5,
                  "Inner Unique": false,
                  "Plans": [
                    {
                      "Node Type": "Seq Scan",
                      "Parent Relationship": "Outer",
                      "Parallel Aware": true,
                      "Relation Name": "title",
                      "Alias": "t",
                      "Startup Cost": 0.0,
                      "Total Cost": 45479.59,
                      "Plan Rows": 5610,
                      "Plan Width": 4,
                      "Actual Startup Time": 59.87,
                      "Actual Total Time": 87.444,
                      "Actual Rows": 11969,
                      "Actual Loops": 5,
                      "Filter": "((kind_id < 7) AND (production_year < 1915))",
                      "Rows Removed by Filter": 493693
                    },
                    {
                      "Node Type": "Index Only Scan",
                      "Parent Relationship": "Inner",
                      "Parallel Aware": false,
                      "Scan Direction": "Forward",
                      "Index Name": "movie_id_movie_info",
                      "Relation Name": "movie_info",
                      "Alias": "mi",
                      "Startup Cost": 0.43,
                      "Total Cost": 33.03,
                      "Plan Rows": 41,
                      "Plan Width": 4,
                      "Actual Startup Time": 0.005,
                      "Actual Total Time": 0.013,
                      "Actual Rows": 11,
                      "Actual Loops": 59846,
                      "Index Cond": "(movie_id = t.id)",
                      "Rows Removed by Index Recheck": 0,
                      "Heap Fetches": 655690
                    }
                  ]
                }
              ]
            }
          ]
        }
      ]
    },
    "Planning Time": 0.398,
    "Triggers": [],
    "Execution Time": 311.066
  }
]