{
  "Plan": {
    "Node Type": "Aggregate",
    "Strategy": "Plain",
    "Partial Mode": "Finalize",
    "Parallel Aware": false,
    "Startup Cost": 111201.4,
    "Total Cost": 111201.41,
    "Plan Rows": 1,
    "Plan Width": 8,
    "Actual Startup Time": 533.952,
    "Actual Total Time": 550.557,
    "Actual Rows": 1,
    "Actual Loops": 1,
    "Plans": [
      {
        "Node Type": "Gather",
        "Parent Relationship": "Outer",
        "Parallel Aware": false,
        "Startup Cost": 111201.28,
        "Total Cost": 111201.39,
        "Plan Rows": 1,
        "Plan Width": 8,
        "Actual Startup Time": 532.405,
        "Actual Total Time": 550.549,
        "Actual Rows": 2,
        "Actual Loops": 1,
        "Workers Planned": 1,
        "Workers Launched": 1,
        "Single Copy": false,
        "Plans": [
          {
            "Node Type": "Aggregate",
            "Strategy": "Plain",
            "Partial Mode": "Partial",
            "Parent Relationship": "Outer",
            "Parallel Aware": false,
            "Startup Cost": 110201.28,
            "Total Cost": 110201.29,
            "Plan Rows": 1,
            "Plan Width": 8,
            "Actual Startup Time": 526.493,
            "Actual Total Time": 526.496,
            "Actual Rows": 1,
            "Actual Loops": 2,
            "Plans": [
              {
                "Node Type": "Hash Join",
                "Parent Relationship": "Outer",
                "Parallel Aware": true,
                "Join Type": "Inner",
                "Startup Cost": 46379.28,
                "Total Cost": 109492.4,
                "Plan Rows": 283555,
                "Plan Width": 0,
                "Actual Startup Time": 407.689,
                "Actual Total Time": 524.273,
                "Actual Rows": 41331,
                "Actual Loops": 2,
                "Inner Unique": false,
                "Hash Cond": "(t.id = mc.movie_id)",
                "Plans": [
                  {
                    "Node Type": "Seq Scan",
                    "Parent Relationship": "Outer",
                    "Parallel Aware": true,
                    "Relation Name": "title",
                    "Alias": "t",
                    "Startup Cost": 0.0,
                    "Total Cost": 54588.39,
                    "Plan Rows": 1097081,
                    "Plan Width": 4,
                    "Actual Startup Time": 0.019,
                    "Actual Total Time": 170.841,
                    "Actual Rows": 932744,
                    "Actual Loops": 2,
                    "Filter": "(kind_id > 1)",
                    "Rows Removed by Filter": 331412
                  },
                  {
                    "Node Type": "Hash",
                    "Parent Relationship": "Inner",
                    "Parallel Aware": true,
                    "Startup Cost": 41574.35,
                    "Total Cost": 41574.35,
                    "Plan Rows": 384394,
                    "Plan Width": 4,
                    "Actual Startup Time": 180.528,
                    "Actual Total Time": 180.529,
                    "Actual Rows": 207392,
                    "Actual Loops": 2,
                    "Hash Buckets": 1048576,
                    "Original Hash Buckets": 1048576,
                    "Hash Batches": 1,
                    "Original Hash Batches": 1,
                    "Peak Memory Usage": 24448,
                    "Plans": [
                      {
                        "Node Type": "Index Scan",
                        "Parent Relationship": "Outer",
                        "Parallel Aware": true,
                        "Scan Direction": "Forward",
                        "Index Name": "company_type_id_movie_companies",
                        "Relation Name": "movie_companies",
                        "Alias": "mc",
                        "Startup Cost": 0.43,
                        "Total Cost": 41574.35,
                        "Plan Rows": 384394,
                        "Plan Width": 4,
                        "Actual Startup Time": 42.888,
                        "Actual Total Time": 129.028,
                        "Actual Rows": 207392,
                        "Actual Loops": 2,
                        "Index Cond": "(company_type_id < 2)",
                        "Rows Removed by Index Recheck": 0,
                        "Filter": "(company_id > 11203)",
                        "Rows Removed by Filter": 429730
                      }
                    ]
                  }
                ]
              }
            ]
          }
        ]
      }
    ]
  },
  "Planning Time": 0.658,
  "Triggers": [],
  "Execution Time": 550.637
}