[
  {
    "Plan": {
      "Node Type": "Aggregate",
      "Strategy": "Plain",
      "Partial Mode": "Finalize",
      "Parallel Aware": false,
      "Startup Cost": 293844.96,
      "Total Cost": 293844.97,
      "Plan Rows": 1,
      "Plan Width": 8,
      "Actual Startup Time": 1408.687,
      "Actual Total Time": 1452.652,
      "Actual Rows": 1,
      "Actual Loops": 1,
      "Plans": [
        {
          "Node Type": "Gather",
          "Parent Relationship": "Outer",
          "Parallel Aware": false,
          "Startup Cost": 293844.44,
          "Total Cost": 293844.95,
          "Plan Rows": 5,
          "Plan Width": 8,
          "Actual Startup Time": 1390.033,
          "Actual Total Time": 1452.637,
          "Actual Rows": 6,
          "Actual Loops": 1,
          "Workers Planned": 5,
          "Workers Launched": 5,
          "Single Copy": false,
          "Plans": [
            {
              "Node Type": "Aggregate",
              "Strategy": "Plain",
              "Partial Mode": "Partial",
              "Parent Relationship": "Outer",
              "Parallel Aware": false,
              "Startup Cost": 292844.44,
              "Total Cost": 292844.45,
              "Plan Rows": 1,
              "Plan Width": 8,
              "Actual Startup Time": 1374.945,
              "Actual Total Time": 1375.452,
              "Actual Rows": 1,
              "Actual Loops": 6,
              "Plans": [
                {
                  "Node Type": "Hash Join",
                  "Parent Relationship": "Outer",
                  "Parallel Aware": true,
                  "Join Type": "Inner",
                  "Startup Cost": 86493.44,
                  "Total Cost": 291349.02,
                  "Plan Rows": 598167,
                  "Plan Width": 0,
                  "Actual Startup Time": 520.114,
                  "Actual Total Time": 1229.816,
                  "Actual Rows": 3567102,
                  "Actual Loops": 6,
                  "Inner Unique": false,
                  "Hash Cond": "(mi.movie_id = t.id)",
                  "Plans": [
                    {
                      "Node Type": "Seq Scan",
                      "Parent Relationship": "Outer",
                      "Parallel Aware": true,
                      "Relation Name": "movie_info",
                      "Alias": "mi",
                      "Startup Cost": 0.0,
                      "Total Cost": 198952.16,
                      "Plan Rows": 1059693,
                      "Plan Width": 4,
                      "Actual Startup Time": 15.244,
                      "Actual Total Time": 293.323,
                      "Actual Rows": 878428,
                      "Actual Loops": 6,
                      "Filter": "(info_type_id > 15)",
                      "Rows Removed by Filter": 1594192
                    },
                    {
                      "Node Type": "Hash",
                      "Parent Relationship": "Inner",
                      "Parallel Aware": true,
                      "Startup Cost": 80738.8,
                      "Total Cost": 80738.8,
                      "Plan Rows": 460371,
                      "Plan Width": 8,
                      "Actual Startup Time": 499.262,
                      "Actual Total Time": 499.767,
                      "Actual Rows": 237550,
                      "Actual Loops": 6,
                      "Hash Buckets": 2097152,
                      "Original Hash Buckets": 2097152,
                      "Hash Batches": 1,
                      "Original Hash Batches": 1,
                      "Peak Memory Usage": 72224,
                      "Plans": [
                        {
                          "Node Type": "Hash Join",
                          "Parent Relationship": "Outer",
                          "Parallel Aware": true,
                          "Join Type": "Inner",
                          "Startup Cost": 50219.64,
                          "Total Cost": 80738.8,
                          "Plan Rows": 460371,
                          "Plan Width": 8,
                          "Actual Startup Time": 270.287,
                          "Actual Total Time": 415.51,
                          "Actual Rows": 237550,
                          "Actual Loops": 6,
                          "Inner Unique": true,
                          "Hash Cond": "(mc.movie_id = t.id)",
                          "Plans": [
                            {
                              "Node Type": "Seq Scan",
                              "Parent Relationship": "Outer",
                              "Parallel Aware": true,
                              "Relation Name": "movie_companies",
                              "Alias": "mc",
                              "Startup Cost": 0.0,
                              "Total Cost": 29310.68,
                              "Plan Rows": 460371,
                              "Plan Width": 4,
                              "Actual Startup Time": 0.032,
                              "Actual Total Time": 51.159,
                              "Actual Rows": 237550,
                              "Actual Loops": 6,
                              "Filter": "(company_id < 12579)",
                              "Rows Removed by Filter": 197305
                            },
                            {
                              "Node Type": "Hash",
                              "Parent Relationship": "Inner",
                              "Parallel Aware": true,
                              "Startup Cost": 42318.73,
                              "Total Cost": 42318.73,
                              "Plan Rows": 632073,
                              "Plan Width": 4,
                              "Actual Startup Time": 265.515,
                              "Actual Total Time": 265.516,
                              "Actual Rows": 421385,
                              "Actual Loops": 6,
                              "Hash Buckets": 4194304,
                              "Original Hash Buckets": 4194304,
                              "Hash Batches": 1,
                              "Original Hash Batches": 1,
                              "Peak Memory Usage": 131776,
                              "Plans": [
                                {
                                  "Node Type": "Seq Scan",
                                  "Parent Relationship": "Outer",
                                  "Parallel Aware": true,
                                  "Relation Name": "title",
                                  "Alias": "t",
                                  "Startup Cost": 0.0,
                                  "Total Cost": 42318.73,
                                  "Plan Rows": 632073,
                                  "Plan Width": 4,
                                  "Actual Startup Time": 0.044,
                                  "Actual Total Time": 75.149,
                                  "Actual Rows": 421385,
                                  "Actual Loops": 6
                                }
                              ]
                            }
                          ]
                        }
                      ]
                    }
                  ]
                }
              ]
            }
          ]
        }
      ]
    },
    "Planning Time": 1.384,
    "Triggers": [],
    "Execution Time": 1452.86
  }
]