[
  {
    "Plan": {
      "Node Type": "Aggregate",
      "Strategy": "Plain",
      "Partial Mode": "Finalize",
      "Parallel Aware": false,
      "Startup Cost": 494776.92,
      "Total Cost": 494776.93,
      "Plan Rows": 1,
      "Plan Width": 8,
      "Actual Startup Time": 4527.659,
      "Actual Total Time": 4587.335,
      "Actual Rows": 1,
      "Actual Loops": 1,
      "Plans": [
        {
          "Node Type": "Gather",
          "Parent Relationship": "Outer",
          "Parallel Aware": false,
          "Startup Cost": 494776.29,
          "Total Cost": 494776.9,
          "Plan Rows": 6,
          "Plan Width": 8,
          "Actual Startup Time": 4484.445,
          "Actual Total Time": 4587.319,
          "Actual Rows": 7,
          "Actual Loops": 1,
          "Workers Planned": 6,
          "Workers Launched": 6,
          "Single Copy": false,
          "Plans": [
            {
              "Node Type": "Aggregate",
              "Strategy": "Plain",
              "Partial Mode": "Partial",
              "Parent Relationship": "Outer",
              "Parallel Aware": false,
              "Startup Cost": 493776.29,
              "Total Cost": 493776.3,
              "Plan Rows": 1,
              "Plan Width": 8,
              "Actual Startup Time": 4464.427,
              "Actual Total Time": 4465.318,
              "Actual Rows": 1,
              "Actual Loops": 7,
              "Plans": [
                {
                  "Node Type": "Hash Join",
                  "Parent Relationship": "Outer",
                  "Parallel Aware": true,
                  "Join Type": "Inner",
                  "Startup Cost": 108504.91,
                  "Total Cost": 476464.94,
                  "Plan Rows": 6924539,
                  "Plan Width": 0,
                  "Actual Startup Time": 577.981,
                  "Actual Total Time": 3663.542,
                  "Actual Rows": 19118240,
                  "Actual Loops": 7,
                  "Inner Unique": false,
                  "Hash Cond": "(ci.movie_id = t.id)",
                  "Plans": [
                    {
                      "Node Type": "Seq Scan",
                      "Parent Relationship": "Outer",
                      "Parallel Aware": true,
                      "Relation Name": "cast_info",
                      "Alias": "ci",
                      "Startup Cost": 0.0,
                      "Total Cost": 328162.03,
                      "Plan Rows": 4656211,
                      "Plan Width": 4,
                      "Actual Startup Time": 0.023,
                      "Actual Total Time": 596.047,
                      "Actual Rows": 4005984,
                      "Actual Loops": 7,
                      "Filter": "(person_id < 2862096)",
                      "Rows Removed by Filter": 1171779
                    },
                    {
                      "Node Type": "Hash",
                      "Parent Relationship": "Inner",
                      "Parallel Aware": true,
                      "Startup Cost": 93343.7,
                      "Total Cost": 93343.7,
                      "Plan Rows": 1212897,
                      "Plan Width": 8,
                      "Actual Startup Time": 571.369,
                      "Actual Total Time": 572.258,
                      "Actual Rows": 508324,
                      "Actual Loops": 7,
                      "Hash Buckets": 4194304,
                      "Original Hash Buckets": 4194304,
                      "Hash Batches": 1,
                      "Original Hash Batches": 1,
                      "Peak Memory Usage": 172096,
                      "Plans": [
                        {
                          "Node Type": "Hash Join",
                          "Parent Relationship": "Outer",
                          "Parallel Aware": true,
                          "Join Type": "Inner",
                          "Startup Cost": 50465.62,
                          "Total Cost": 93343.7,
                          "Plan Rows": 1212897,
                          "Plan Width": 8,
                          "Actual Startup Time": 231.718,
                          "Actual Total Time": 427.926,
                          "Actual Rows": 508324,
                          "Actual Loops": 7,
                          "Inner Unique": true,
                          "Hash Cond": "(mk.movie_id = t.id)",
                          "Plans": [
                            {
                              "Node Type": "Seq Scan",
                              "Parent Relationship": "Outer",
                              "Parallel Aware": true,
                              "Relation Name": "movie_keyword",
                              "Alias": "mk",
                              "Startup Cost": 0.0,
                              "Total Cost": 39047.32,
                              "Plan Rows": 1459332,
                              "Plan Width": 4,
                              "Actual Startup Time": 0.033,
                              "Actual Total Time": 67.312,
                              "Actual Rows": 646276,
                              "Actual Loops": 7
                            },
                            {
                              "Node Type": "Hash",
                              "Parent Relationship": "Inner",
                              "Parallel Aware": true,
                              "Startup Cost": 43898.92,
                              "Total Cost": 43898.92,
                              "Plan Rows": 525336,
                              "Plan Width": 4,
                              "Actual Startup Time": 228.459,
                              "Actual Total Time": 228.46,
                              "Actual Rows": 298541,
                              "Actual Loops": 7,
                              "Hash Buckets": 4194304,
                              "Original Hash Buckets": 4194304,
                              "Hash Batches": 1,
                              "Original Hash Batches": 1,
                              "Peak Memory Usage": 114624,
                              "Plans": [
                                {
                                  "Node Type": "Seq Scan",
                                  "Parent Relationship": "Outer",
                                  "Parallel Aware": true,
                                  "Relation Name": "title",
                                  "Alias": "t",
                                  "Startup Cost": 0.0,
                                  "Total Cost": 43898.92,
                                  "Plan Rows": 525336,
                                  "Plan Width": 4,
                                  "Actual Startup Time": 0.043,
                                  "Actual Total Time": 85.006,
                                  "Actual Rows": 298541,
                                  "Actual Loops": 7,
                                  "Filter": "(production_year > 1969)",
                                  "Rows Removed by Filter": 62646
                                }
                              ]
                            }
                          ]
                        }
                      ]
                    }
                  ]
                }
              ]
            }
          ]
        }
      ]
    },
    "Planning Time": 1.277,
    "Triggers": [],
    "Execution Time": 4587.43
  }
]