[
  {
    "Plan": {
      "Node Type": "Aggregate",
      "Strategy": "Plain",
      "Partial Mode": "Finalize",
      "Parallel Aware": false,
      "Startup Cost": 340565.56,
      "Total Cost": 340565.57,
      "Plan Rows": 1,
      "Plan Width": 8,
      "Actual Startup Time": 452.588,
      "Actual Total Time": 474.366,
      "Actual Rows": 1,
      "Actual Loops": 1,
      "Plans": [
        {
          "Node Type": "Gather",
          "Parent Relationship": "Outer",
          "Parallel Aware": false,
          "Startup Cost": 340564.93,
          "Total Cost": 340565.54,
          "Plan Rows": 6,
          "Plan Width": 8,
          "Actual Startup Time": 452.353,
          "Actual Total Time": 474.358,
          "Actual Rows": 7,
          "Actual Loops": 1,
          "Workers Planned": 6,
          "Workers Launched": 6,
          "Single Copy": false,
          "Plans": [
            {
              "Node Type": "Aggregate",
              "Strategy": "Plain",
              "Partial Mode": "Partial",
              "Parent Relationship": "Outer",
              "Parallel Aware": false,
              "Startup Cost": 339564.93,
              "Total Cost": 339564.94,
              "Plan Rows": 1,
              "Plan Width": 8,
              "Actual Startup Time": 441.653,
              "Actual Total Time": 441.654,
              "Actual Rows": 1,
              "Actual Loops": 7,
              "Plans": [
                {
                  "Node Type": "Index Scan",
                  "Parent Relationship": "Outer",
                  "Parallel Aware": true,
                  "Scan Direction": "Forward",
                  "Index Name": "role_id_cast_info",
                  "Relation Name": "cast_info",
                  "Alias": "ci",
                  "Startup Cost": 0.56,
                  "Total Cost": 335235.55,
                  "Plan Rows": 1731754,
                  "Plan Width": 0,
                  "Actual Startup Time": 143.953,
                  "Actual Total Time": 389.243,
                  "Actual Rows": 1167622,
                  "Actual Loops": 7,
                  "Index Cond": "(role_id = 1)",
                  "Rows Removed by Index Recheck": 0,
                  "Filter": "(person_id > 601600)",
                  "Rows Removed by Filter": 642476
                }
              ]
            }
          ]
        }
      ]
    },
    "Planning Time": 0.209,
    "Triggers": [],
    "Execution Time": 474.426
  }
]