{
  "Plan": {
    "Node Type": "Aggregate",
    "Strategy": "Plain",
    "Partial Mode": "Finalize",
    "Parallel Aware": false,
    "Startup Cost": 80863.42,
    "Total Cost": 80863.43,
    "Plan Rows": 1,
    "Plan Width": 8,
    "Actual Startup Time": 166.562,
    "Actual Total Time": 180.281,
    "Actual Rows": 1,
    "Actual Loops": 1,
    "Plans": [
      {
        "Node Type": "Gather",
        "Parent Relationship": "Outer",
        "Parallel Aware": false,
        "Startup Cost": 80863.3,
        "Total Cost": 80863.41,
        "Plan Rows": 1,
        "Plan Width": 8,
        "Actual Startup Time": 166.249,
        "Actual Total Time": 180.275,
        "Actual Rows": 2,
        "Actual Loops": 1,
        "Workers Planned": 1,
        "Workers Launched": 1,
        "Single Copy": false,
        "Plans": [
          {
            "Node Type": "Aggregate",
            "Strategy": "Plain",
            "Partial Mode": "Partial",
            "Parent Relationship": "Outer",
            "Parallel Aware": false,
            "Startup Cost": 79863.3,
            "Total Cost": 79863.31,
            "Plan Rows": 1,
            "Plan Width": 8,
            "Actual Startup Time": 160.123,
            "Actual Total Time": 160.126,
            "Actual Rows": 1,
            "Actual Loops": 2,
            "Plans": [
              {
                "Node Type": "Nested Loop",
                "Parent Relationship": "Outer",
                "Parallel Aware": false,
                "Join Type": "Inner",
                "Startup Cost": 59935.46,
                "Total Cost": 79862.76,
                "Plan Rows": 218,
                "Plan Width": 0,
                "Actual Startup Time": 144.297,
                "Actual Total Time": 160.116,
                "Actual Rows": 38,
                "Actual Loops": 2,
                "Inner Unique": false,
                "Join Filter": "(t.id = mi_idx.movie_id)",
                "Rows Removed by Join Filter": 0,
                "Plans": [
                  {
                    "Node Type": "Hash Join",
                    "Parent Relationship": "Outer",
                    "Parallel Aware": true,
                    "Join Type": "Inner",
                    "Startup Cost": 59935.03,
                    "Total Cost": 79315.24,
                    "Plan Rows": 399,
                    "Plan Width": 8,
                    "Actual Startup Time": 143.506,
                    "Actual Total Time": 159.354,
                    "Actual Rows": 82,
                    "Actual Loops": 2,
                    "Inner Unique": true,
                    "Hash Cond": "(mc.movie_id = t.id)",
                    "Plans": [
                      {
                        "Node Type": "Bitmap Heap Scan",
                        "Parent Relationship": "Outer",
                        "Parallel Aware": true,
                        "Relation Name": "movie_companies",
                        "Alias": "mc",
                        "Startup Cost": 1438.54,
                        "Total Cost": 20716.31,
                        "Plan Rows": 39022,
                        "Plan Width": 4,
                        "Actual Startup Time": 4.249,
                        "Actual Total Time": 15.609,
                        "Actual Rows": 34964,
                        "Actual Loops": 2,
                        "Recheck Cond": "(company_id < 11)",
                        "Rows Removed by Index Recheck": 0,
                        "Exact Heap Blocks": 4971,
                        "Lossy Heap Blocks": 0,
                        "Plans": [
                          {
                            "Node Type": "Bitmap Index Scan",
                            "Parent Relationship": "Outer",
                            "Parallel Aware": false,
                            "Index Name": "company_id_movie_companies",
                            "Startup Cost": 0.0,
                            "Total Cost": 1421.96,
                            "Plan Rows": 66337,
                            "Plan Width": 0,
                            "Actual Startup Time": 3.367,
                            "Actual Total Time": 3.367,
                            "Actual Rows": 69928,
                            "Actual Loops": 1,
                            "Index Cond": "(company_id < 11)"
                          }
                        ]
                      },
                      {
                        "Node Type": "Hash",
                        "Parent Relationship": "Inner",
                        "Parallel Aware": true,
                        "Startup Cost": 58306.47,
                        "Total Cost": 58306.47,
                        "Plan Rows": 15202,
                        "Plan Width": 4,
                        "Actual Startup Time": 138.221,
                        "Actual Total Time": 138.222,
                        "Actual Rows": 11854,
                        "Actual Loops": 2,
                        "Hash Buckets": 32768,
                        "Original Hash Buckets": 32768,
                        "Hash Batches": 1,
                        "Original Hash Batches": 1,
                        "Peak Memory Usage": 1216,
                        "Plans": [
                          {
                            "Node Type": "Seq Scan",
                            "Parent Relationship": "Outer",
                            "Parallel Aware": true,
                            "Relation Name": "title",
                            "Alias": "t",
                            "Startup Cost": 0.0,
                            "Total Cost": 58306.47,
                            "Plan Rows": 15202,
                            "Plan Width": 4,
                            "Actual Startup Time": 0.229,
                            "Actual Total Time": 134.949,
                            "Actual Rows": 11854,
                            "Actual Loops": 2,
                            "Filter": "((kind_id < 7) AND (production_year = 2013))",
                            "Rows Removed by Filter": 1252302
                          }
                        ]
                      }
                    ]
                  },
                  {
                    "Node Type": "Index Only Scan",
                    "Parent Relationship": "Inner",
                    "Parallel Aware": false,
                    "Scan Direction": "Forward",
                    "Index Name": "movie_id_movie_info_idx",
                    "Relation Name": "movie_info_idx",
                    "Alias": "mi_idx",
                    "Startup Cost": 0.43,
                    "Total Cost": 1.33,
                    "Plan Rows": 3,
                    "Plan Width": 4,
                    "Actual Startup Time": 0.009,
                    "Actual Total Time": 0.009,
                    "Actual Rows": 0,
                    "Actual Loops": 163,
                    "Index Cond": "(movie_id = mc.movie_id)",
                    "Rows Removed by Index Recheck": 0,
                    "Heap Fetches": 75
                  }
                ]
              }
            ]
          }
        ]
      }
    ]
  },
  "Planning Time": 1.089,
  "Triggers": [],
  "Execution Time": 180.384
}