[
    {
        "Bao": {
            "Bao prediction": "NaN",
            "Bao recommended hint": "(no hint)"
        }
    },
    {
        "Plan": {
            "Node Type": "Aggregate",
            "Strategy": "Plain",
            "Partial Mode": "Finalize",
            "Parallel Aware": false,
            "Startup Cost": 29959.05,
            "Total Cost": 29959.06,
            "Plan Rows": 1,
            "Plan Width": 8,
            "Actual Startup Time": 67.713,
            "Actual Total Time": 73.094,
            "Actual Rows": 1,
            "Actual Loops": 1,
            "Output": [
                "count(*)"
            ],
            "Plans": [
                {
                    "Node Type": "Gather",
                    "Parent Relationship": "Outer",
                    "Parallel Aware": false,
                    "Startup Cost": 29958.73,
                    "Total Cost": 29959.04,
                    "Plan Rows": 3,
                    "Plan Width": 8,
                    "Actual Startup Time": 67.395,
                    "Actual Total Time": 73.087,
                    "Actual Rows": 4,
                    "Actual Loops": 1,
                    "Output": [
                        "(PARTIAL count(*))"
                    ],
                    "Workers Planned": 3,
                    "Workers Launched": 3,
                    "Single Copy": false,
                    "Plans": [
                        {
                            "Node Type": "Aggregate",
                            "Strategy": "Plain",
                            "Partial Mode": "Partial",
                            "Parent Relationship": "Outer",
                            "Parallel Aware": false,
                            "Startup Cost": 28958.73,
                            "Total Cost": 28958.74,
                            "Plan Rows": 1,
                            "Plan Width": 8,
                            "Actual Startup Time": 58.872,
                            "Actual Total Time": 58.874,
                            "Actual Rows": 1,
                            "Actual Loops": 4,
                            "Output": [
                                "PARTIAL count(*)"
                            ],
                            "Workers": [
                                {
                                    "Worker Number": 0,
                                    "Actual Startup Time": 55.737,
                                    "Actual Total Time": 55.739,
                                    "Actual Rows": 1,
                                    "Actual Loops": 1
                                },
                                {
                                    "Worker Number": 1,
                                    "Actual Startup Time": 56.229,
                                    "Actual Total Time": 56.231,
                                    "Actual Rows": 1,
                                    "Actual Loops": 1
                                },
                                {
                                    "Worker Number": 2,
                                    "Actual Startup Time": 56.367,
                                    "Actual Total Time": 56.369,
                                    "Actual Rows": 1,
                                    "Actual Loops": 1
                                }
                            ],
                            "Plans": [
                                {
                                    "Node Type": "Bitmap Heap Scan",
                                    "Parent Relationship": "Outer",
                                    "Parallel Aware": true,
                                    "Relation Name": "movie_keyword",
                                    "Schema": "public",
                                    "Alias": "mk",
                                    "Startup Cost": 3668.23,
                                    "Total Cost": 28819.31,
                                    "Plan Rows": 55767,
                                    "Plan Width": 0,
                                    "Actual Startup Time": 7.546,
                                    "Actual Total Time": 56.039,
                                    "Actual Rows": 41147,
                                    "Actual Loops": 4,
                                    "Recheck Cond": "(mk.keyword_id > 72521)",
                                    "Rows Removed by Index Recheck": 0,
                                    "Exact Heap Blocks": 11645,
                                    "Lossy Heap Blocks": 0,
                                    "Workers": [
                                        {
                                            "Worker Number": 0,
                                            "Actual Startup Time": 4.58,
                                            "Actual Total Time": 53.255,
                                            "Actual Rows": 22140,
                                            "Actual Loops": 1
                                        },
                                        {
                                            "Worker Number": 1,
                                            "Actual Startup Time": 4.933,
                                            "Actual Total Time": 53.803,
                                            "Actual Rows": 24262,
                                            "Actual Loops": 1
                                        },
                                        {
                                            "Worker Number": 2,
                                            "Actual Startup Time": 5.144,
                                            "Actual Total Time": 53.907,
                                            "Actual Rows": 21075,
                                            "Actual Loops": 1
                                        }
                                    ],
                                    "Plans": [
                                        {
                                            "Node Type": "Bitmap Index Scan",
                                            "Parent Relationship": "Outer",
                                            "Parallel Aware": false,
                                            "Index Name": "keyword_id_movie_keyword",
                                            "Startup Cost": 0.0,
                                            "Total Cost": 3625.01,
                                            "Plan Rows": 172877,
                                            "Plan Width": 0,
                                            "Actual Startup Time": 12.425,
                                            "Actual Total Time": 12.426,
                                            "Actual Rows": 164589,
                                            "Actual Loops": 1,
                                            "Index Cond": "(mk.keyword_id > 72521)"
                                        }
                                    ]
                                }
                            ]
                        }
                    ]
                }
            ]
        },
        "Planning Time": 193.155,
        "Triggers": [],
        "Execution Time": 73.139
    }
]