[
  {
    "Plan": {
      "Node Type": "Aggregate",
      "Strategy": "Plain",
      "Partial Mode": "Finalize",
      "Parallel Aware": false,
      "Startup Cost": 46027.49,
      "Total Cost": 46027.5,
      "Plan Rows": 1,
      "Plan Width": 8,
      "Actual Startup Time": 133.219,
      "Actual Total Time": 145.532,
      "Actual Rows": 1,
      "Actual Loops": 1,
      "Plans": [
        {
          "Node Type": "Gather",
          "Parent Relationship": "Outer",
          "Parallel Aware": false,
          "Startup Cost": 46027.07,
          "Total Cost": 46027.48,
          "Plan Rows": 4,
          "Plan Width": 8,
          "Actual Startup Time": 132.861,
          "Actual Total Time": 145.521,
          "Actual Rows": 5,
          "Actual Loops": 1,
          "Workers Planned": 4,
          "Workers Launched": 4,
          "Single Copy": false,
          "Plans": [
            {
              "Node Type": "Aggregate",
              "Strategy": "Plain",
              "Partial Mode": "Partial",
              "Parent Relationship": "Outer",
              "Parallel Aware": false,
              "Startup Cost": 45027.07,
              "Total Cost": 45027.08,
              "Plan Rows": 1,
              "Plan Width": 8,
              "Actual Startup Time": 126.086,
              "Actual Total Time": 126.088,
              "Actual Rows": 1,
              "Actual Loops": 5,
              "Plans": [
                {
                  "Node Type": "Seq Scan",
                  "Parent Relationship": "Outer",
                  "Parallel Aware": true,
                  "Relation Name": "title",
                  "Alias": "t",
                  "Startup Cost": 0.0,
                  "Total Cost": 43899.32,
                  "Plan Rows": 451100,
                  "Plan Width": 0,
                  "Actual Startup Time": 0.035,
                  "Actual Total Time": 104.345,
                  "Actual Rows": 358677,
                  "Actual Loops": 5,
                  "Filter": "(production_year > 1988)",
                  "Rows Removed by Filter": 146986
                }
              ]
            }
          ]
        }
      ]
    },
    "Planning Time": 0.152,
    "Triggers": [],
    "Execution Time": 145.595
  }
]