[
  {
    "Plan": {
      "Node Type": "Aggregate",
      "Strategy": "Plain",
      "Partial Mode": "Finalize",
      "Parallel Aware": false,
      "Startup Cost": 174897.15,
      "Total Cost": 174897.16,
      "Plan Rows": 1,
      "Plan Width": 8,
      "Actual Startup Time": 106.58,
      "Actual Total Time": 125.242,
      "Actual Rows": 1,
      "Actual Loops": 1,
      "Plans": [
        {
          "Node Type": "Gather",
          "Parent Relationship": "Outer",
          "Parallel Aware": false,
          "Startup Cost": 174896.73,
          "Total Cost": 174897.14,
          "Plan Rows": 4,
          "Plan Width": 8,
          "Actual Startup Time": 106.416,
          "Actual Total Time": 125.229,
          "Actual Rows": 5,
          "Actual Loops": 1,
          "Workers Planned": 4,
          "Workers Launched": 4,
          "Single Copy": false,
          "Plans": [
            {
              "Node Type": "Aggregate",
              "Strategy": "Plain",
              "Partial Mode": "Partial",
              "Parent Relationship": "Outer",
              "Parallel Aware": false,
              "Startup Cost": 173896.73,
              "Total Cost": 173896.74,
              "Plan Rows": 1,
              "Plan Width": 8,
              "Actual Startup Time": 100.407,
              "Actual Total Time": 100.408,
              "Actual Rows": 1,
              "Actual Loops": 5,
              "Plans": [
                {
                  "Node Type": "Nested Loop",
                  "Parent Relationship": "Outer",
                  "Parallel Aware": false,
                  "Join Type": "Inner",
                  "Startup Cost": 0.43,
                  "Total Cost": 173895.11,
                  "Plan Rows": 646,
                  "Plan Width": 0,
                  "Actual Startup Time": 50.129,
                  "Actual Total Time": 100.28,
                  "Actual Rows": 926,
                  "Actual Loops": 5,
                  "Inner Unique": false,
                  "Plans": [
                    {
                      "Node Type": "Seq Scan",
                      "Parent Relationship": "Outer",
                      "Parallel Aware": true,
                      "Relation Name": "title",
                      "Alias": "t",
                      "Startup Cost": 0.0,
                      "Total Cost": 43899.32,
                      "Plan Rows": 1243,
                      "Plan Width": 4,
                      "Actual Startup Time": 49.941,
                      "Actual Total Time": 72.172,
                      "Actual Rows": 919,
                      "Actual Loops": 5,
                      "Filter": "(production_year = 1910)",
                      "Rows Removed by Filter": 504743
                    },
                    {
                      "Node Type": "Index Scan",
                      "Parent Relationship": "Inner",
                      "Parallel Aware": false,
                      "Scan Direction": "Forward",
                      "Index Name": "movie_id_movie_info",
                      "Relation Name": "movie_info",
                      "Alias": "mi",
                      "Startup Cost": 0.43,
                      "Total Cost": 104.54,
                      "Plan Rows": 4,
                      "Plan Width": 4,
                      "Actual Startup Time": 0.026,
                      "Actual Total Time": 0.03,
                      "Actual Rows": 1,
                      "Actual Loops": 4597,
                      "Index Cond": "(movie_id = t.id)",
                      "Rows Removed by Index Recheck": 0,
                      "Filter": "(info_type_id = 8)",
                      "Rows Removed by Filter": 10
                    }
                  ]
                }
              ]
            }
          ]
        }
      ]
    },
    "Planning Time": 0.263,
    "Triggers": [],
    "Execution Time": 125.288
  }
]