[
  {
    "Plan": {
      "Node Type": "Aggregate",
      "Strategy": "Plain",
      "Partial Mode": "Finalize",
      "Parallel Aware": false,
      "Startup Cost": 32699.46,
      "Total Cost": 32699.47,
      "Plan Rows": 1,
      "Plan Width": 8,
      "Actual Startup Time": 84.328,
      "Actual Total Time": 94.101,
      "Actual Rows": 1,
      "Actual Loops": 1,
      "Plans": [
        {
          "Node Type": "Gather",
          "Parent Relationship": "Outer",
          "Parallel Aware": false,
          "Startup Cost": 32699.14,
          "Total Cost": 32699.45,
          "Plan Rows": 3,
          "Plan Width": 8,
          "Actual Startup Time": 84.152,
          "Actual Total Time": 94.09,
          "Actual Rows": 4,
          "Actual Loops": 1,
          "Workers Planned": 3,
          "Workers Launched": 3,
          "Single Copy": false,
          "Plans": [
            {
              "Node Type": "Aggregate",
              "Strategy": "Plain",
              "Partial Mode": "Partial",
              "Parent Relationship": "Outer",
              "Parallel Aware": false,
              "Startup Cost": 31699.14,
              "Total Cost": 31699.15,
              "Plan Rows": 1,
              "Plan Width": 8,
              "Actual Startup Time": 79.926,
              "Actual Total Time": 79.927,
              "Actual Rows": 1,
              "Actual Loops": 4,
              "Plans": [
                {
                  "Node Type": "Seq Scan",
                  "Parent Relationship": "Outer",
                  "Parallel Aware": true,
                  "Relation Name": "movie_companies",
                  "Alias": "mc",
                  "Startup Cost": 0.0,
                  "Total Cost": 31414.82,
                  "Plan Rows": 113729,
                  "Plan Width": 0,
                  "Actual Startup Time": 43.762,
                  "Actual Total Time": 77.188,
                  "Actual Rows": 48825,
                  "Actual Loops": 4,
                  "Filter": "((company_id < 1214) AND (company_type_id = 2))",
                  "Rows Removed by Filter": 603458
                }
              ]
            }
          ]
        }
      ]
    },
    "Planning Time": 0.232,
    "Triggers": [],
    "Execution Time": 94.159
  }
]