[
    {
        "Bao": {
            "Bao prediction": "NaN",
            "Bao recommended hint": "(no hint)"
        }
    },
    {
        "Plan": {
            "Node Type": "Aggregate",
            "Strategy": "Plain",
            "Partial Mode": "Simple",
            "Parallel Aware": false,
            "Startup Cost": 13102.27,
            "Total Cost": 13102.28,
            "Plan Rows": 1,
            "Plan Width": 8,
            "Actual Startup Time": 6.764,
            "Actual Total Time": 6.766,
            "Actual Rows": 1,
            "Actual Loops": 1,
            "Output": [
                "count(*)"
            ],
            "Plans": [
                {
                    "Node Type": "Bitmap Heap Scan",
                    "Parent Relationship": "Outer",
                    "Parallel Aware": false,
                    "Relation Name": "movie_companies",
                    "Schema": "public",
                    "Alias": "mc",
                    "Startup Cost": 136.16,
                    "Total Cost": 13094.6,
                    "Plan Rows": 3069,
                    "Plan Width": 0,
                    "Actual Startup Time": 1.167,
                    "Actual Total Time": 5.692,
                    "Actual Rows": 6150,
                    "Actual Loops": 1,
                    "Recheck Cond": "(mc.company_id = 145)",
                    "Rows Removed by Index Recheck": 0,
                    "Filter": "(mc.company_type_id = 1)",
                    "Rows Removed by Filter": 55,
                    "Exact Heap Blocks": 713,
                    "Lossy Heap Blocks": 0,
                    "Plans": [
                        {
                            "Node Type": "Bitmap Index Scan",
                            "Parent Relationship": "Outer",
                            "Parallel Aware": false,
                            "Index Name": "company_id_movie_companies",
                            "Startup Cost": 0.0,
                            "Total Cost": 135.4,
                            "Plan Rows": 6262,
                            "Plan Width": 0,
                            "Actual Startup Time": 0.898,
                            "Actual Total Time": 0.899,
                            "Actual Rows": 6205,
                            "Actual Loops": 1,
                            "Index Cond": "(mc.company_id = 145)"
                        }
                    ]
                }
            ]
        },
        "Planning Time": 276.873,
        "Triggers": [],
        "Execution Time": 6.854
    }
]