[
  {
    "Plan": {
      "Node Type": "Aggregate",
      "Strategy": "Plain",
      "Partial Mode": "Finalize",
      "Parallel Aware": false,
      "Startup Cost": 32924.29,
      "Total Cost": 32924.3,
      "Plan Rows": 1,
      "Plan Width": 8,
      "Actual Startup Time": 91.371,
      "Actual Total Time": 98.877,
      "Actual Rows": 1,
      "Actual Loops": 1,
      "Plans": [
        {
          "Node Type": "Gather",
          "Parent Relationship": "Outer",
          "Parallel Aware": false,
          "Startup Cost": 32923.97,
          "Total Cost": 32924.28,
          "Plan Rows": 3,
          "Plan Width": 8,
          "Actual Startup Time": 91.285,
          "Actual Total Time": 98.869,
          "Actual Rows": 4,
          "Actual Loops": 1,
          "Workers Planned": 3,
          "Workers Launched": 3,
          "Single Copy": false,
          "Plans": [
            {
              "Node Type": "Aggregate",
              "Strategy": "Plain",
              "Partial Mode": "Partial",
              "Parent Relationship": "Outer",
              "Parallel Aware": false,
              "Startup Cost": 31923.97,
              "Total Cost": 31923.98,
              "Plan Rows": 1,
              "Plan Width": 8,
              "Actual Startup Time": 84.167,
              "Actual Total Time": 84.168,
              "Actual Rows": 1,
              "Actual Loops": 4,
              "Plans": [
                {
                  "Node Type": "Seq Scan",
                  "Parent Relationship": "Outer",
                  "Parallel Aware": true,
                  "Relation Name": "movie_companies",
                  "Alias": "mc",
                  "Startup Cost": 0.0,
                  "Total Cost": 31414.82,
                  "Plan Rows": 203662,
                  "Plan Width": 0,
                  "Actual Startup Time": 24.021,
                  "Actual Total Time": 79.543,
                  "Actual Rows": 95688,
                  "Actual Loops": 4,
                  "Filter": "((company_id > 11380) AND (company_type_id < 2))",
                  "Rows Removed by Filter": 556594
                }
              ]
            }
          ]
        }
      ]
    },
    "Planning Time": 0.178,
    "Triggers": [],
    "Execution Time": 98.926
  }
]