[
  {
    "Plan": {
      "Node Type": "Aggregate",
      "Strategy": "Plain",
      "Partial Mode": "Finalize",
      "Parallel Aware": false,
      "Startup Cost": 207023.9,
      "Total Cost": 207023.91,
      "Plan Rows": 1,
      "Plan Width": 8,
      "Actual Startup Time": 535.076,
      "Actual Total Time": 569.627,
      "Actual Rows": 1,
      "Actual Loops": 1,
      "Plans": [
        {
          "Node Type": "Gather",
          "Parent Relationship": "Outer",
          "Parallel Aware": false,
          "Startup Cost": 207023.38,
          "Total Cost": 207023.89,
          "Plan Rows": 5,
          "Plan Width": 8,
          "Actual Startup Time": 534.97,
          "Actual Total Time": 569.613,
          "Actual Rows": 6,
          "Actual Loops": 1,
          "Workers Planned": 5,
          "Workers Launched": 5,
          "Single Copy": false,
          "Plans": [
            {
              "Node Type": "Aggregate",
              "Strategy": "Plain",
              "Partial Mode": "Partial",
              "Parent Relationship": "Outer",
              "Parallel Aware": false,
              "Startup Cost": 206023.38,
              "Total Cost": 206023.39,
              "Plan Rows": 1,
              "Plan Width": 8,
              "Actual Startup Time": 528.382,
              "Actual Total Time": 528.383,
              "Actual Rows": 1,
              "Actual Loops": 6,
              "Plans": [
                {
                  "Node Type": "Seq Scan",
                  "Parent Relationship": "Outer",
                  "Parallel Aware": true,
                  "Relation Name": "movie_info",
                  "Alias": "mi",
                  "Startup Cost": 0.0,
                  "Total Cost": 199108.24,
                  "Plan Rows": 2766053,
                  "Plan Width": 0,
                  "Actual Startup Time": 0.041,
                  "Actual Total Time": 408.46,
                  "Actual Rows": 2303758,
                  "Actual Loops": 6,
                  "Filter": "(info_type_id < 87)",
                  "Rows Removed by Filter": 168862
                }
              ]
            }
          ]
        }
      ]
    },
    "Planning Time": 0.075,
    "Triggers": [],
    "Execution Time": 569.663
  }
]