[
  {
    "Plan": {
      "Node Type": "Aggregate",
      "Strategy": "Plain",
      "Partial Mode": "Finalize",
      "Parallel Aware": false,
      "Startup Cost": 145229.62,
      "Total Cost": 145229.63,
      "Plan Rows": 1,
      "Plan Width": 8,
      "Actual Startup Time": 762.323,
      "Actual Total Time": 785.128,
      "Actual Rows": 1,
      "Actual Loops": 1,
      "Plans": [
        {
          "Node Type": "Gather",
          "Parent Relationship": "Outer",
          "Parallel Aware": false,
          "Startup Cost": 145229.09,
          "Total Cost": 145229.6,
          "Plan Rows": 5,
          "Plan Width": 8,
          "Actual Startup Time": 752.337,
          "Actual Total Time": 785.111,
          "Actual Rows": 6,
          "Actual Loops": 1,
          "Workers Planned": 5,
          "Workers Launched": 5,
          "Single Copy": false,
          "Plans": [
            {
              "Node Type": "Aggregate",
              "Strategy": "Plain",
              "Partial Mode": "Partial",
              "Parent Relationship": "Outer",
              "Parallel Aware": false,
              "Startup Cost": 144229.09,
              "Total Cost": 144229.1,
              "Plan Rows": 1,
              "Plan Width": 8,
              "Actual Startup Time": 743.629,
              "Actual Total Time": 743.978,
              "Actual Rows": 1,
              "Actual Loops": 6,
              "Plans": [
                {
                  "Node Type": "Hash Join",
                  "Parent Relationship": "Outer",
                  "Parallel Aware": true,
                  "Join Type": "Inner",
                  "Startup Cost": 68399.11,
                  "Total Cost": 143754.02,
                  "Plan Rows": 190028,
                  "Plan Width": 0,
                  "Actual Startup Time": 414.855,
                  "Actual Total Time": 726.504,
                  "Actual Rows": 286156,
                  "Actual Loops": 6,
                  "Inner Unique": false,
                  "Hash Cond": "(ci.movie_id = t.id)",
                  "Plans": [
                    {
                      "Node Type": "Index Scan",
                      "Parent Relationship": "Outer",
                      "Parallel Aware": true,
                      "Scan Direction": "Forward",
                      "Index Name": "role_id_cast_info",
                      "Relation Name": "cast_info",
                      "Alias": "ci",
                      "Startup Cost": 0.56,
                      "Total Cost": 72913.16,
                      "Plan Rows": 524600,
                      "Plan Width": 4,
                      "Actual Startup Time": 0.266,
                      "Actual Total Time": 136.377,
                      "Actual Rows": 447534,
                      "Actual Loops": 6,
                      "Index Cond": "(role_id = 4)",
                      "Rows Removed by Index Recheck": 0,
                      "Filter": "(person_id > 74411)",
                      "Rows Removed by Filter": 7289
                    },
                    {
                      "Node Type": "Hash",
                      "Parent Relationship": "Inner",
                      "Parallel Aware": true,
                      "Startup Cost": 65536.41,
                      "Total Cost": 65536.41,
                      "Plan Rows": 228971,
                      "Plan Width": 8,
                      "Actual Startup Time": 412.236,
                      "Actual Total Time": 412.583,
                      "Actual Rows": 153308,
                      "Actual Loops": 6,
                      "Hash Buckets": 1048576,
                      "Original Hash Buckets": 1048576,
                      "Hash Batches": 1,
                      "Original Hash Batches": 1,
                      "Peak Memory Usage": 44320,
                      "Plans": [
                        {
                          "Node Type": "Hash Join",
                          "Parent Relationship": "Outer",
                          "Parallel Aware": true,
                          "Join Type": "Inner",
                          "Startup Cost": 19892.91,
                          "Total Cost": 65536.41,
                          "Plan Rows": 228971,
                          "Plan Width": 8,
                          "Actual Startup Time": 111.61,
                          "Actual Total Time": 351.997,
                          "Actual Rows": 153308,
                          "Actual Loops": 6,
                          "Inner Unique": false,
                          "Hash Cond": "(t.id = mi_idx.movie_id)",
                          "Plans": [
                            {
                              "Node Type": "Seq Scan",
                              "Parent Relationship": "Outer",
                              "Parallel Aware": true,
                              "Relation Name": "title",
                              "Alias": "t",
                              "Startup Cost": 0.0,
                              "Total Cost": 42319.06,
                              "Plan Rows": 632106,
                              "Plan Width": 4,
                              "Actual Startup Time": 0.021,
                              "Actual Total Time": 76.401,
                              "Actual Rows": 421385,
                              "Actual Loops": 6
                            },
                            {
                              "Node Type": "Hash",
                              "Parent Relationship": "Inner",
                              "Parallel Aware": true,
                              "Startup Cost": 15122.68,
                              "Total Cost": 15122.68,
                              "Plan Rows": 381618,
                              "Plan Width": 4,
                              "Actual Startup Time": 110.108,
                              "Actual Total Time": 110.11,
                              "Actual Rows": 153308,
                              "Actual Loops": 6,
                              "Hash Buckets": 1048576,
                              "Original Hash Buckets": 1048576,
                              "Hash Batches": 1,
                              "Original Hash Batches": 1,
                              "Peak Memory Usage": 44288,
                              "Plans": [
                                {
                                  "Node Type": "Seq Scan",
                                  "Parent Relationship": "Outer",
                                  "Parallel Aware": true,
                                  "Relation Name": "movie_info_idx",
                                  "Alias": "mi_idx",
                                  "Startup Cost": 0.0,
                                  "Total Cost": 15122.68,
                                  "Plan Rows": 381618,
                                  "Plan Width": 4,
                                  "Actual Startup Time": 0.053,
                                  "Actual Total Time": 44.246,
                                  "Actual Rows": 153308,
                                  "Actual Loops": 6,
                                  "Filter": "(info_type_id < 101)",
                                  "Rows Removed by Filter": 76698
                                }
                              ]
                            }
                          ]
                        }
                      ]
                    }
                  ]
                }
              ]
            }
          ]
        }
      ]
    },
    "Planning Time": 0.933,
    "Triggers": [],
    "Execution Time": 785.187
  }
]