[
    {
        "Bao": {
            "Bao prediction": "NaN",
            "Bao recommended hint": "(no hint)"
        }
    },
    {
        "Plan": {
            "Node Type": "Aggregate",
            "Strategy": "Plain",
            "Partial Mode": "Finalize",
            "Parallel Aware": false,
            "Startup Cost": 33405.32,
            "Total Cost": 33405.33,
            "Plan Rows": 1,
            "Plan Width": 8,
            "Actual Startup Time": 105.46,
            "Actual Total Time": 111.088,
            "Actual Rows": 1,
            "Actual Loops": 1,
            "Output": [
                "count(*)"
            ],
            "Plans": [
                {
                    "Node Type": "Gather",
                    "Parent Relationship": "Outer",
                    "Parallel Aware": false,
                    "Startup Cost": 33405.0,
                    "Total Cost": 33405.31,
                    "Plan Rows": 3,
                    "Plan Width": 8,
                    "Actual Startup Time": 105.41,
                    "Actual Total Time": 111.082,
                    "Actual Rows": 4,
                    "Actual Loops": 1,
                    "Output": [
                        "(PARTIAL count(*))"
                    ],
                    "Workers Planned": 3,
                    "Workers Launched": 3,
                    "Single Copy": false,
                    "Plans": [
                        {
                            "Node Type": "Aggregate",
                            "Strategy": "Plain",
                            "Partial Mode": "Partial",
                            "Parent Relationship": "Outer",
                            "Parallel Aware": false,
                            "Startup Cost": 32405.0,
                            "Total Cost": 32405.01,
                            "Plan Rows": 1,
                            "Plan Width": 8,
                            "Actual Startup Time": 97.458,
                            "Actual Total Time": 97.459,
                            "Actual Rows": 1,
                            "Actual Loops": 4,
                            "Output": [
                                "PARTIAL count(*)"
                            ],
                            "Workers": [
                                {
                                    "Worker Number": 0,
                                    "Actual Startup Time": 94.507,
                                    "Actual Total Time": 94.508,
                                    "Actual Rows": 1,
                                    "Actual Loops": 1
                                },
                                {
                                    "Worker Number": 1,
                                    "Actual Startup Time": 94.903,
                                    "Actual Total Time": 94.904,
                                    "Actual Rows": 1,
                                    "Actual Loops": 1
                                },
                                {
                                    "Worker Number": 2,
                                    "Actual Startup Time": 95.235,
                                    "Actual Total Time": 95.236,
                                    "Actual Rows": 1,
                                    "Actual Loops": 1
                                }
                            ],
                            "Plans": [
                                {
                                    "Node Type": "Seq Scan",
                                    "Parent Relationship": "Outer",
                                    "Parallel Aware": true,
                                    "Relation Name": "movie_companies",
                                    "Schema": "public",
                                    "Alias": "mc",
                                    "Startup Cost": 0.0,
                                    "Total Cost": 31414.82,
                                    "Plan Rows": 396073,
                                    "Plan Width": 0,
                                    "Actual Startup Time": 41.816,
                                    "Actual Total Time": 83.3,
                                    "Actual Rows": 282572,
                                    "Actual Loops": 4,
                                    "Output": [
                                        "id",
                                        "movie_id",
                                        "company_id",
                                        "company_type_id",
                                        "note"
                                    ],
                                    "Filter": "((mc.company_id < 112093) AND (mc.company_type_id = 2))",
                                    "Rows Removed by Filter": 369710,
                                    "Workers": [
                                        {
                                            "Worker Number": 0,
                                            "Actual Startup Time": 38.873,
                                            "Actual Total Time": 80.924,
                                            "Actual Rows": 207677,
                                            "Actual Loops": 1
                                        },
                                        {
                                            "Worker Number": 1,
                                            "Actual Startup Time": 39.251,
                                            "Actual Total Time": 81.146,
                                            "Actual Rows": 208259,
                                            "Actual Loops": 1
                                        },
                                        {
                                            "Worker Number": 2,
                                            "Actual Startup Time": 39.609,
                                            "Actual Total Time": 81.415,
                                            "Actual Rows": 342393,
                                            "Actual Loops": 1
                                        }
                                    ]
                                }
                            ]
                        }
                    ]
                }
            ]
        },
        "Planning Time": 192.993,
        "Triggers": [],
        "Execution Time": 111.128
    }
]