{
  "Plan": {
    "Node Type": "Aggregate",
    "Strategy": "Plain",
    "Partial Mode": "Simple",
    "Parallel Aware": false,
    "Startup Cost": 3557.5,
    "Total Cost": 3557.51,
    "Plan Rows": 1,
    "Plan Width": 8,
    "Actual Startup Time": 54.377,
    "Actual Total Time": 54.379,
    "Actual Rows": 1,
    "Actual Loops": 1,
    "Plans": [
      {
        "Node Type": "Nested Loop",
        "Parent Relationship": "Outer",
        "Parallel Aware": false,
        "Join Type": "Inner",
        "Startup Cost": 7.35,
        "Total Cost": 3548.61,
        "Plan Rows": 3554,
        "Plan Width": 0,
        "Actual Startup Time": 0.399,
        "Actual Total Time": 52.749,
        "Actual Rows": 19062,
        "Actual Loops": 1,
        "Inner Unique": false,
        "Plans": [
          {
            "Node Type": "Nested Loop",
            "Parent Relationship": "Outer",
            "Parallel Aware": false,
            "Join Type": "Inner",
            "Startup Cost": 6.78,
            "Total Cost": 3005.96,
            "Plan Rows": 248,
            "Plan Width": 8,
            "Actual Startup Time": 0.357,
            "Actual Total Time": 5.797,
            "Actual Rows": 472,
            "Actual Loops": 1,
            "Inner Unique": true,
            "Plans": [
              {
                "Node Type": "Bitmap Heap Scan",
                "Parent Relationship": "Outer",
                "Parallel Aware": false,
                "Relation Name": "movie_keyword",
                "Alias": "mk",
                "Startup Cost": 6.35,
                "Total Cost": 922.98,
                "Plan Rows": 248,
                "Plan Width": 4,
                "Actual Startup Time": 0.33,
                "Actual Total Time": 1.46,
                "Actual Rows": 472,
                "Actual Loops": 1,
                "Recheck Cond": "(keyword_id = 456)",
                "Rows Removed by Index Recheck": 0,
                "Exact Heap Blocks": 446,
                "Lossy Heap Blocks": 0,
                "Plans": [
                  {
                    "Node Type": "Bitmap Index Scan",
                    "Parent Relationship": "Outer",
                    "Parallel Aware": false,
                    "Index Name": "keyword_id_movie_keyword",
                    "Startup Cost": 0.0,
                    "Total Cost": 6.29,
                    "Plan Rows": 248,
                    "Plan Width": 0,
                    "Actual Startup Time": 0.177,
                    "Actual Total Time": 0.178,
                    "Actual Rows": 472,
                    "Actual Loops": 1,
                    "Index Cond": "(keyword_id = 456)"
                  }
                ]
              },
              {
                "Node Type": "Index Only Scan",
                "Parent Relationship": "Inner",
                "Parallel Aware": false,
                "Scan Direction": "Forward",
                "Index Name": "title_pkey",
                "Relation Name": "title",
                "Alias": "t",
                "Startup Cost": 0.43,
                "Total Cost": 8.4,
                "Plan Rows": 1,
                "Plan Width": 4,
                "Actual Startup Time": 0.008,
                "Actual Total Time": 0.008,
                "Actual Rows": 1,
                "Actual Loops": 472,
                "Index Cond": "(id = mk.movie_id)",
                "Rows Removed by Index Recheck": 0,
                "Heap Fetches": 472
              }
            ]
          },
          {
            "Node Type": "Index Only Scan",
            "Parent Relationship": "Inner",
            "Parallel Aware": false,
            "Scan Direction": "Forward",
            "Index Name": "movie_id_cast_info",
            "Relation Name": "cast_info",
            "Alias": "ci",
            "Startup Cost": 0.56,
            "Total Cost": 1.82,
            "Plan Rows": 37,
            "Plan Width": 4,
            "Actual Startup Time": 0.017,
            "Actual Total Time": 0.094,
            "Actual Rows": 40,
            "Actual Loops": 472,
            "Index Cond": "(movie_id = t.id)",
            "Rows Removed by Index Recheck": 0,
            "Heap Fetches": 19062
          }
        ]
      }
    ]
  },
  "Planning Time": 0.948,
  "Triggers": [],
  "Execution Time": 54.458
}