{
  "Plan": {
    "Node Type": "Aggregate",
    "Strategy": "Plain",
    "Partial Mode": "Finalize",
    "Parallel Aware": false,
    "Startup Cost": 821259.97,
    "Total Cost": 821259.98,
    "Plan Rows": 1,
    "Plan Width": 8,
    "Actual Startup Time": 12083.842,
    "Actual Total Time": 12141.145,
    "Actual Rows": 1,
    "Actual Loops": 1,
    "Plans": [
      {
        "Node Type": "Gather",
        "Parent Relationship": "Outer",
        "Parallel Aware": false,
        "Startup Cost": 821259.86,
        "Total Cost": 821259.97,
        "Plan Rows": 1,
        "Plan Width": 8,
        "Actual Startup Time": 12071.32,
        "Actual Total Time": 12141.136,
        "Actual Rows": 2,
        "Actual Loops": 1,
        "Workers Planned": 1,
        "Workers Launched": 1,
        "Single Copy": false,
        "Plans": [
          {
            "Node Type": "Aggregate",
            "Strategy": "Plain",
            "Partial Mode": "Partial",
            "Parent Relationship": "Outer",
            "Parallel Aware": false,
            "Startup Cost": 820259.86,
            "Total Cost": 820259.87,
            "Plan Rows": 1,
            "Plan Width": 8,
            "Actual Startup Time": 12054.83,
            "Actual Total Time": 12056.558,
            "Actual Rows": 1,
            "Actual Loops": 2,
            "Plans": [
              {
                "Node Type": "Hash Join",
                "Parent Relationship": "Outer",
                "Parallel Aware": true,
                "Join Type": "Inner",
                "Startup Cost": 675642.04,
                "Total Cost": 801005.64,
                "Plan Rows": 7701687,
                "Plan Width": 0,
                "Actual Startup Time": 6053.272,
                "Actual Total Time": 10060.999,
                "Actual Rows": 48663576,
                "Actual Loops": 2,
                "Inner Unique": false,
                "Hash Cond": "(mk.movie_id = t.id)",
                "Plans": [
                  {
                    "Node Type": "Seq Scan",
                    "Parent Relationship": "Outer",
                    "Parallel Aware": true,
                    "Relation Name": "movie_keyword",
                    "Alias": "mk",
                    "Startup Cost": 0.0,
                    "Total Cost": 57718.19,
                    "Plan Rows": 2553298,
                    "Plan Width": 4,
                    "Actual Startup Time": 0.018,
                    "Actual Total Time": 211.442,
                    "Actual Rows": 2173064,
                    "Actual Loops": 2,
                    "Filter": "(keyword_id < 71726)",
                    "Rows Removed by Filter": 88901
                  },
                  {
                    "Node Type": "Hash",
                    "Parent Relationship": "Inner",
                    "Parallel Aware": true,
                    "Startup Cost": 619566.57,
                    "Total Cost": 619566.57,
                    "Plan Rows": 4486038,
                    "Plan Width": 8,
                    "Actual Startup Time": 6020.671,
                    "Actual Total Time": 6022.397,
                    "Actual Rows": 3830092,
                    "Actual Loops": 2,
                    "Hash Buckets": 8388608,
                    "Original Hash Buckets": 8388608,
                    "Hash Batches": 1,
                    "Original Hash Batches": 1,
                    "Peak Memory Usage": 365216,
                    "Plans": [
                      {
                        "Node Type": "Hash Join",
                        "Parent Relationship": "Outer",
                        "Parallel Aware": true,
                        "Join Type": "Inner",
                        "Startup Cost": 64365.34,
                        "Total Cost": 619566.57,
                        "Plan Rows": 4486038,
                        "Plan Width": 8,
                        "Actual Startup Time": 238.077,
                        "Actual Total Time": 4774.273,
                        "Actual Rows": 3830092,
                        "Actual Loops": 2,
                        "Inner Unique": true,
                        "Hash Cond": "(ci.movie_id = t.id)",
                        "Plans": [
                          {
                            "Node Type": "Seq Scan",
                            "Parent Relationship": "Outer",
                            "Parallel Aware": true,
                            "Relation Name": "cast_info",
                            "Alias": "ci",
                            "Startup Cost": 0.0,
                            "Total Cost": 519069.44,
                            "Plan Rows": 13764468,
                            "Plan Width": 4,
                            "Actual Startup Time": 0.014,
                            "Actual Total Time": 1575.096,
                            "Actual Rows": 11730120,
                            "Actual Loops": 2,
                            "Filter": "(person_id < 2401155)",
                            "Rows Removed by Filter": 6392052
                          },
                          {
                            "Node Type": "Hash",
                            "Parent Relationship": "Inner",
                            "Parallel Aware": true,
                            "Startup Cost": 58306.47,
                            "Total Cost": 58306.47,
                            "Plan Rows": 484710,
                            "Plan Width": 4,
                            "Actual Startup Time": 235.293,
                            "Actual Total Time": 235.294,
                            "Actual Rows": 366068,
                            "Actual Loops": 2,
                            "Hash Buckets": 1048576,
                            "Original Hash Buckets": 1048576,
                            "Hash Batches": 1,
                            "Original Hash Batches": 1,
                            "Peak Memory Usage": 36864,
                            "Plans": [
                              {
                                "Node Type": "Seq Scan",
                                "Parent Relationship": "Outer",
                                "Parallel Aware": true,
                                "Relation Name": "title",
                                "Alias": "t",
                                "Startup Cost": 0.0,
                                "Total Cost": 58306.47,
                                "Plan Rows": 484710,
                                "Plan Width": 4,
                                "Actual Startup Time": 0.031,
                                "Actual Total Time": 149.055,
                                "Actual Rows": 366068,
                                "Actual Loops": 2,
                                "Filter": "((kind_id < 7) AND (production_year > 1969))",
                                "Rows Removed by Filter": 898088
                              }
                            ]
                          }
                        ]
                      }
                    ]
                  }
                ]
              }
            ]
          }
        ]
      }
    ]
  },
  "Planning Time": 1.05,
  "Triggers": [],
  "Execution Time": 12141.235
}