[
    {
        "Bao": {
            "Bao prediction": "NaN",
            "Bao recommended hint": "(no hint)"
        }
    },
    {
        "Plan": {
            "Node Type": "Aggregate",
            "Strategy": "Plain",
            "Partial Mode": "Finalize",
            "Parallel Aware": false,
            "Startup Cost": 286380.73,
            "Total Cost": 286380.74,
            "Plan Rows": 1,
            "Plan Width": 8,
            "Actual Startup Time": 1811.307,
            "Actual Total Time": 1846.236,
            "Actual Rows": 1,
            "Actual Loops": 1,
            "Output": [
                "count(*)"
            ],
            "Plans": [
                {
                    "Node Type": "Gather",
                    "Parent Relationship": "Outer",
                    "Parallel Aware": false,
                    "Startup Cost": 286380.21,
                    "Total Cost": 286380.72,
                    "Plan Rows": 5,
                    "Plan Width": 8,
                    "Actual Startup Time": 1799.444,
                    "Actual Total Time": 1846.228,
                    "Actual Rows": 6,
                    "Actual Loops": 1,
                    "Output": [
                        "(PARTIAL count(*))"
                    ],
                    "Workers Planned": 5,
                    "Workers Launched": 5,
                    "Single Copy": false,
                    "Plans": [
                        {
                            "Node Type": "Aggregate",
                            "Strategy": "Plain",
                            "Partial Mode": "Partial",
                            "Parent Relationship": "Outer",
                            "Parallel Aware": false,
                            "Startup Cost": 285380.21,
                            "Total Cost": 285380.22,
                            "Plan Rows": 1,
                            "Plan Width": 8,
                            "Actual Startup Time": 1788.545,
                            "Actual Total Time": 1788.551,
                            "Actual Rows": 1,
                            "Actual Loops": 6,
                            "Output": [
                                "PARTIAL count(*)"
                            ],
                            "Workers": [
                                {
                                    "Worker Number": 0,
                                    "Actual Startup Time": 1786.031,
                                    "Actual Total Time": 1786.036,
                                    "Actual Rows": 1,
                                    "Actual Loops": 1
                                },
                                {
                                    "Worker Number": 1,
                                    "Actual Startup Time": 1786.527,
                                    "Actual Total Time": 1786.531,
                                    "Actual Rows": 1,
                                    "Actual Loops": 1
                                },
                                {
                                    "Worker Number": 2,
                                    "Actual Startup Time": 1786.534,
                                    "Actual Total Time": 1786.539,
                                    "Actual Rows": 1,
                                    "Actual Loops": 1
                                },
                                {
                                    "Worker Number": 3,
                                    "Actual Startup Time": 1786.639,
                                    "Actual Total Time": 1786.644,
                                    "Actual Rows": 1,
                                    "Actual Loops": 1
                                },
                                {
                                    "Worker Number": 4,
                                    "Actual Startup Time": 1786.647,
                                    "Actual Total Time": 1786.652,
                                    "Actual Rows": 1,
                                    "Actual Loops": 1
                                }
                            ],
                            "Plans": [
                                {
                                    "Node Type": "Hash Join",
                                    "Parent Relationship": "Outer",
                                    "Parallel Aware": true,
                                    "Join Type": "Inner",
                                    "Startup Cost": 80066.04,
                                    "Total Cost": 284181.84,
                                    "Plan Rows": 479348,
                                    "Plan Width": 0,
                                    "Actual Startup Time": 295.172,
                                    "Actual Total Time": 1498.349,
                                    "Actual Rows": 6961229,
                                    "Actual Loops": 6,
                                    "Inner Unique": false,
                                    "Hash Cond": "(mi.movie_id = t.id)",
                                    "Workers": [
                                        {
                                            "Worker Number": 0,
                                            "Actual Startup Time": 292.783,
                                            "Actual Total Time": 1509.404,
                                            "Actual Rows": 7058194,
                                            "Actual Loops": 1
                                        },
                                        {
                                            "Worker Number": 1,
                                            "Actual Startup Time": 293.249,
                                            "Actual Total Time": 1497.603,
                                            "Actual Rows": 7448599,
                                            "Actual Loops": 1
                                        },
                                        {
                                            "Worker Number": 2,
                                            "Actual Startup Time": 293.434,
                                            "Actual Total Time": 1495.998,
                                            "Actual Rows": 4615738,
                                            "Actual Loops": 1
                                        },
                                        {
                                            "Worker Number": 3,
                                            "Actual Startup Time": 293.474,
                                            "Actual Total Time": 1497.439,
                                            "Actual Rows": 7448368,
                                            "Actual Loops": 1
                                        },
                                        {
                                            "Worker Number": 4,
                                            "Actual Startup Time": 293.372,
                                            "Actual Total Time": 1498.086,
                                            "Actual Rows": 7437934,
                                            "Actual Loops": 1
                                        }
                                    ],
                                    "Plans": [
                                        {
                                            "Node Type": "Seq Scan",
                                            "Parent Relationship": "Outer",
                                            "Parallel Aware": true,
                                            "Relation Name": "movie_info",
                                            "Schema": "public",
                                            "Alias": "mi",
                                            "Startup Cost": 0.0,
                                            "Total Cost": 191503.19,
                                            "Plan Rows": 2951019,
                                            "Plan Width": 4,
                                            "Actual Startup Time": 0.032,
                                            "Actual Total Time": 271.238,
                                            "Actual Rows": 2472620,
                                            "Actual Loops": 6,
                                            "Output": [
                                                "mi.id",
                                                "mi.movie_id",
                                                "mi.info_type_id",
                                                "mi.info",
                                                "mi.note"
                                            ],
                                            "Workers": [
                                                {
                                                    "Worker Number": 0,
                                                    "Actual Startup Time": 0.016,
                                                    "Actual Total Time": 263.809,
                                                    "Actual Rows": 2368949,
                                                    "Actual Loops": 1
                                                },
                                                {
                                                    "Worker Number": 1,
                                                    "Actual Startup Time": 0.049,
                                                    "Actual Total Time": 287.202,
                                                    "Actual Rows": 2654430,
                                                    "Actual Loops": 1
                                                },
                                                {
                                                    "Worker Number": 2,
                                                    "Actual Startup Time": 0.025,
                                                    "Actual Total Time": 275.542,
                                                    "Actual Rows": 1620399,
                                                    "Actual Loops": 1
                                                },
                                                {
                                                    "Worker Number": 3,
                                                    "Actual Startup Time": 0.04,
                                                    "Actual Total Time": 287.058,
                                                    "Actual Rows": 2644301,
                                                    "Actual Loops": 1
                                                },
                                                {
                                                    "Worker Number": 4,
                                                    "Actual Startup Time": 0.039,
                                                    "Actual Total Time": 286.564,
                                                    "Actual Rows": 2631978,
                                                    "Actual Loops": 1
                                                }
                                            ]
                                        },
                                        {
                                            "Node Type": "Hash",
                                            "Parent Relationship": "Inner",
                                            "Parallel Aware": true,
                                            "Startup Cost": 78410.04,
                                            "Total Cost": 78410.04,
                                            "Plan Rows": 132480,
                                            "Plan Width": 8,
                                            "Actual Startup Time": 292.108,
                                            "Actual Total Time": 292.112,
                                            "Actual Rows": 146382,
                                            "Actual Loops": 6,
                                            "Output": [
                                                "t.id",
                                                "mc.movie_id"
                                            ],
                                            "Hash Buckets": 1048576,
                                            "Original Hash Buckets": 524288,
                                            "Hash Batches": 1,
                                            "Original Hash Batches": 1,
                                            "Peak Memory Usage": 46720,
                                            "Workers": [
                                                {
                                                    "Worker Number": 0,
                                                    "Actual Startup Time": 290.715,
                                                    "Actual Total Time": 290.718,
                                                    "Actual Rows": 138777,
                                                    "Actual Loops": 1
                                                },
                                                {
                                                    "Worker Number": 1,
                                                    "Actual Startup Time": 291.27,
                                                    "Actual Total Time": 291.273,
                                                    "Actual Rows": 159409,
                                                    "Actual Loops": 1
                                                },
                                                {
                                                    "Worker Number": 2,
                                                    "Actual Startup Time": 291.24,
                                                    "Actual Total Time": 291.244,
                                                    "Actual Rows": 101545,
                                                    "Actual Loops": 1
                                                },
                                                {
                                                    "Worker Number": 3,
                                                    "Actual Startup Time": 291.279,
                                                    "Actual Total Time": 291.282,
                                                    "Actual Rows": 156409,
                                                    "Actual Loops": 1
                                                },
                                                {
                                                    "Worker Number": 4,
                                                    "Actual Startup Time": 291.278,
                                                    "Actual Total Time": 291.281,
                                                    "Actual Rows": 156109,
                                                    "Actual Loops": 1
                                                }
                                            ],
                                            "Plans": [
                                                {
                                                    "Node Type": "Hash Join",
                                                    "Parent Relationship": "Outer",
                                                    "Parallel Aware": true,
                                                    "Join Type": "Inner",
                                                    "Startup Cost": 48016.41,
                                                    "Total Cost": 78410.04,
                                                    "Plan Rows": 132480,
                                                    "Plan Width": 8,
                                                    "Actual Startup Time": 130.533,
                                                    "Actual Total Time": 236.344,
                                                    "Actual Rows": 146382,
                                                    "Actual Loops": 6,
                                                    "Output": [
                                                        "t.id",
                                                        "mc.movie_id"
                                                    ],
                                                    "Inner Unique": true,
                                                    "Hash Cond": "(mc.movie_id = t.id)",
                                                    "Workers": [
                                                        {
                                                            "Worker Number": 0,
                                                            "Actual Startup Time": 129.286,
                                                            "Actual Total Time": 235.684,
                                                            "Actual Rows": 138777,
                                                            "Actual Loops": 1
                                                        },
                                                        {
                                                            "Worker Number": 1,
                                                            "Actual Startup Time": 129.51,
                                                            "Actual Total Time": 235.726,
                                                            "Actual Rows": 159409,
                                                            "Actual Loops": 1
                                                        },
                                                        {
                                                            "Worker Number": 2,
                                                            "Actual Startup Time": 129.678,
                                                            "Actual Total Time": 236.032,
                                                            "Actual Rows": 101545,
                                                            "Actual Loops": 1
                                                        },
                                                        {
                                                            "Worker Number": 3,
                                                            "Actual Startup Time": 129.569,
                                                            "Actual Total Time": 235.781,
                                                            "Actual Rows": 156409,
                                                            "Actual Loops": 1
                                                        },
                                                        {
                                                            "Worker Number": 4,
                                                            "Actual Startup Time": 129.767,
                                                            "Actual Total Time": 234.783,
                                                            "Actual Rows": 156109,
                                                            "Actual Loops": 1
                                                        }
                                                    ],
                                                    "Plans": [
                                                        {
                                                            "Node Type": "Seq Scan",
                                                            "Parent Relationship": "Outer",
                                                            "Parallel Aware": true,
                                                            "Relation Name": "movie_companies",
                                                            "Schema": "public",
                                                            "Alias": "mc",
                                                            "Startup Cost": 0.0,
                                                            "Total Cost": 29310.68,
                                                            "Plan Rows": 412551,
                                                            "Plan Width": 4,
                                                            "Actual Startup Time": 0.028,
                                                            "Actual Total Time": 48.178,
                                                            "Actual Rows": 212374,
                                                            "Actual Loops": 6,
                                                            "Output": [
                                                                "mc.id",
                                                                "mc.movie_id",
                                                                "mc.company_id",
                                                                "mc.company_type_id",
                                                                "mc.note"
                                                            ],
                                                            "Filter": "(mc.company_type_id < 2)",
                                                            "Rows Removed by Filter": 222480,
                                                            "Workers": [
                                                                {
                                                                    "Worker Number": 0,
                                                                    "Actual Startup Time": 0.039,
                                                                    "Actual Total Time": 46.837,
                                                                    "Actual Rows": 201747,
                                                                    "Actual Loops": 1
                                                                },
                                                                {
                                                                    "Worker Number": 1,
                                                                    "Actual Startup Time": 0.027,
                                                                    "Actual Total Time": 49.265,
                                                                    "Actual Rows": 232191,
                                                                    "Actual Loops": 1
                                                                },
                                                                {
                                                                    "Worker Number": 2,
                                                                    "Actual Startup Time": 0.035,
                                                                    "Actual Total Time": 49.498,
                                                                    "Actual Rows": 144849,
                                                                    "Actual Loops": 1
                                                                },
                                                                {
                                                                    "Worker Number": 3,
                                                                    "Actual Startup Time": 0.02,
                                                                    "Actual Total Time": 49.277,
                                                                    "Actual Rows": 230172,
                                                                    "Actual Loops": 1
                                                                },
                                                                {
                                                                    "Worker Number": 4,
                                                                    "Actual Startup Time": 0.035,
                                                                    "Actual Total Time": 48.784,
                                                                    "Actual Rows": 222148,
                                                                    "Actual Loops": 1
                                                                }
                                                            ]
                                                        },
                                                        {
                                                            "Node Type": "Hash",
                                                            "Parent Relationship": "Inner",
                                                            "Parallel Aware": true,
                                                            "Startup Cost": 45479.21,
                                                            "Total Cost": 45479.21,
                                                            "Plan Rows": 202976,
                                                            "Plan Width": 4,
                                                            "Actual Startup Time": 129.165,
                                                            "Actual Total Time": 129.166,
                                                            "Actual Rows": 140503,
                                                            "Actual Loops": 6,
                                                            "Output": [
                                                                "t.id"
                                                            ],
                                                            "Hash Buckets": 1048576,
                                                            "Original Hash Buckets": 1048576,
                                                            "Hash Batches": 1,
                                                            "Original Hash Batches": 1,
                                                            "Peak Memory Usage": 41280,
                                                            "Workers": [
                                                                {
                                                                    "Worker Number": 0,
                                                                    "Actual Startup Time": 128.879,
                                                                    "Actual Total Time": 128.88,
                                                                    "Actual Rows": 134856,
                                                                    "Actual Loops": 1
                                                                },
                                                                {
                                                                    "Worker Number": 1,
                                                                    "Actual Startup Time": 129.369,
                                                                    "Actual Total Time": 129.37,
                                                                    "Actual Rows": 150051,
                                                                    "Actual Loops": 1
                                                                },
                                                                {
                                                                    "Worker Number": 2,
                                                                    "Actual Startup Time": 129.577,
                                                                    "Actual Total Time": 129.579,
                                                                    "Actual Rows": 96577,
                                                                    "Actual Loops": 1
                                                                },
                                                                {
                                                                    "Worker Number": 3,
                                                                    "Actual Startup Time": 129.39,
                                                                    "Actual Total Time": 129.391,
                                                                    "Actual Rows": 149974,
                                                                    "Actual Loops": 1
                                                                },
                                                                {
                                                                    "Worker Number": 4,
                                                                    "Actual Startup Time": 129.375,
                                                                    "Actual Total Time": 129.376,
                                                                    "Actual Rows": 124632,
                                                                    "Actual Loops": 1
                                                                }
                                                            ],
                                                            "Plans": [
                                                                {
                                                                    "Node Type": "Seq Scan",
                                                                    "Parent Relationship": "Outer",
                                                                    "Parallel Aware": true,
                                                                    "Relation Name": "title",
                                                                    "Schema": "public",
                                                                    "Alias": "t",
                                                                    "Startup Cost": 0.0,
                                                                    "Total Cost": 45479.21,
                                                                    "Plan Rows": 202976,
                                                                    "Plan Width": 4,
                                                                    "Actual Startup Time": 0.042,
                                                                    "Actual Total Time": 78.726,
                                                                    "Actual Rows": 140503,
                                                                    "Actual Loops": 6,
                                                                    "Output": [
                                                                        "t.id"
                                                                    ],
                                                                    "Filter": "((t.kind_id < 7) AND (t.production_year < 2011))",
                                                                    "Rows Removed by Filter": 280882,
                                                                    "Workers": [
                                                                        {
                                                                            "Worker Number": 0,
                                                                            "Actual Startup Time": 0.055,
                                                                            "Actual Total Time": 77.368,
                                                                            "Actual Rows": 134856,
                                                                            "Actual Loops": 1
                                                                        },
                                                                        {
                                                                            "Worker Number": 1,
                                                                            "Actual Startup Time": 0.061,
                                                                            "Actual Total Time": 79.558,
                                                                            "Actual Rows": 150051,
                                                                            "Actual Loops": 1
                                                                        },
                                                                        {
                                                                            "Worker Number": 2,
                                                                            "Actual Startup Time": 0.053,
                                                                            "Actual Total Time": 79.86,
                                                                            "Actual Rows": 96577,
                                                                            "Actual Loops": 1
                                                                        },
                                                                        {
                                                                            "Worker Number": 3,
                                                                            "Actual Startup Time": 0.029,
                                                                            "Actual Total Time": 80.041,
                                                                            "Actual Rows": 149974,
                                                                            "Actual Loops": 1
                                                                        },
                                                                        {
                                                                            "Worker Number": 4,
                                                                            "Actual Startup Time": 0.04,
                                                                            "Actual Total Time": 80.103,
                                                                            "Actual Rows": 124632,
                                                                            "Actual Loops": 1
                                                                        }
                                                                    ]
                                                                }
                                                            ]
                                                        }
                                                    ]
                                                }
                                            ]
                                        }
                                    ]
                                }
                            ]
                        }
                    ]
                }
            ]
        },
        "Planning Time": 205.956,
        "Triggers": [],
        "Execution Time": 1846.361
    }
]