[
  {
    "Plan": {
      "Node Type": "Aggregate",
      "Strategy": "Plain",
      "Partial Mode": "Finalize",
      "Parallel Aware": false,
      "Startup Cost": 45889.99,
      "Total Cost": 45890.0,
      "Plan Rows": 1,
      "Plan Width": 8,
      "Actual Startup Time": 150.997,
      "Actual Total Time": 160.612,
      "Actual Rows": 1,
      "Actual Loops": 1,
      "Plans": [
        {
          "Node Type": "Gather",
          "Parent Relationship": "Outer",
          "Parallel Aware": false,
          "Startup Cost": 45889.68,
          "Total Cost": 45889.99,
          "Plan Rows": 3,
          "Plan Width": 8,
          "Actual Startup Time": 150.887,
          "Actual Total Time": 160.603,
          "Actual Rows": 4,
          "Actual Loops": 1,
          "Workers Planned": 3,
          "Workers Launched": 3,
          "Single Copy": false,
          "Plans": [
            {
              "Node Type": "Aggregate",
              "Strategy": "Plain",
              "Partial Mode": "Partial",
              "Parent Relationship": "Outer",
              "Parallel Aware": false,
              "Startup Cost": 44889.68,
              "Total Cost": 44889.69,
              "Plan Rows": 1,
              "Plan Width": 8,
              "Actual Startup Time": 145.132,
              "Actual Total Time": 145.133,
              "Actual Rows": 1,
              "Actual Loops": 4,
              "Plans": [
                {
                  "Node Type": "Seq Scan",
                  "Parent Relationship": "Outer",
                  "Parallel Aware": true,
                  "Relation Name": "movie_keyword",
                  "Alias": "mk",
                  "Startup Cost": 0.0,
                  "Total Cost": 42695.65,
                  "Plan Rows": 877609,
                  "Plan Width": 0,
                  "Actual Startup Time": 0.296,
                  "Actual Total Time": 114.772,
                  "Actual Rows": 676946,
                  "Actual Loops": 4,
                  "Filter": "(keyword_id > 2969)",
                  "Rows Removed by Filter": 454036
                }
              ]
            }
          ]
        }
      ]
    },
    "Planning Time": 0.215,
    "Triggers": [],
    "Execution Time": 160.653
  }
]