{
  "Plan": {
    "Node Type": "Aggregate",
    "Strategy": "Plain",
    "Partial Mode": "Finalize",
    "Parallel Aware": false,
    "Startup Cost": 113021.21,
    "Total Cost": 113021.22,
    "Plan Rows": 1,
    "Plan Width": 8,
    "Actual Startup Time": 633.409,
    "Actual Total Time": 646.521,
    "Actual Rows": 1,
    "Actual Loops": 1,
    "Plans": [
      {
        "Node Type": "Gather",
        "Parent Relationship": "Outer",
        "Parallel Aware": false,
        "Startup Cost": 113021.1,
        "Total Cost": 113021.21,
        "Plan Rows": 1,
        "Plan Width": 8,
        "Actual Startup Time": 632.246,
        "Actual Total Time": 646.515,
        "Actual Rows": 2,
        "Actual Loops": 1,
        "Workers Planned": 1,
        "Workers Launched": 1,
        "Single Copy": false,
        "Plans": [
          {
            "Node Type": "Aggregate",
            "Strategy": "Plain",
            "Partial Mode": "Partial",
            "Parent Relationship": "Outer",
            "Parallel Aware": false,
            "Startup Cost": 112021.1,
            "Total Cost": 112021.11,
            "Plan Rows": 1,
            "Plan Width": 8,
            "Actual Startup Time": 627.951,
            "Actual Total Time": 627.955,
            "Actual Rows": 1,
            "Actual Loops": 2,
            "Plans": [
              {
                "Node Type": "Hash Join",
                "Parent Relationship": "Outer",
                "Parallel Aware": true,
                "Join Type": "Inner",
                "Startup Cost": 47823.9,
                "Total Cost": 110818.67,
                "Plan Rows": 480974,
                "Plan Width": 0,
                "Actual Startup Time": 207.294,
                "Actual Total Time": 617.584,
                "Actual Rows": 255842,
                "Actual Loops": 2,
                "Inner Unique": false,
                "Hash Cond": "(t.id = mc.movie_id)",
                "Plans": [
                  {
                    "Node Type": "Seq Scan",
                    "Parent Relationship": "Outer",
                    "Parallel Aware": true,
                    "Relation Name": "title",
                    "Alias": "t",
                    "Startup Cost": 0.0,
                    "Total Cost": 50870.31,
                    "Plan Rows": 1487231,
                    "Plan Width": 4,
                    "Actual Startup Time": 0.009,
                    "Actual Total Time": 123.706,
                    "Actual Rows": 1264156,
                    "Actual Loops": 2
                  },
                  {
                    "Node Type": "Hash",
                    "Parent Relationship": "Inner",
                    "Parallel Aware": true,
                    "Startup Cost": 41811.73,
                    "Total Cost": 41811.73,
                    "Plan Rows": 480974,
                    "Plan Width": 4,
                    "Actual Startup Time": 199.69,
                    "Actual Total Time": 199.692,
                    "Actual Rows": 255842,
                    "Actual Loops": 2,
                    "Hash Buckets": 1048576,
                    "Original Hash Buckets": 1048576,
                    "Hash Batches": 1,
                    "Original Hash Batches": 1,
                    "Peak Memory Usage": 28224,
                    "Plans": [
                      {
                        "Node Type": "Seq Scan",
                        "Parent Relationship": "Outer",
                        "Parallel Aware": true,
                        "Relation Name": "movie_companies",
                        "Alias": "mc",
                        "Startup Cost": 0.0,
                        "Total Cost": 41811.73,
                        "Plan Rows": 480974,
                        "Plan Width": 4,
                        "Actual Startup Time": 66.001,
                        "Actual Total Time": 128.09,
                        "Actual Rows": 255842,
                        "Actual Loops": 2,
                        "Filter": "((company_id < 16339) AND (company_type_id > 1))",
                        "Rows Removed by Filter": 1048723
                      }
                    ]
                  }
                ]
              }
            ]
          }
        ]
      }
    ]
  },
  "Planning Time": 0.429,
  "Triggers": [],
  "Execution Time": 646.571
}