[
  {
    "Plan": {
      "Node Type": "Aggregate",
      "Strategy": "Plain",
      "Partial Mode": "Finalize",
      "Parallel Aware": false,
      "Startup Cost": 46481.65,
      "Total Cost": 46481.66,
      "Plan Rows": 1,
      "Plan Width": 8,
      "Actual Startup Time": 95.846,
      "Actual Total Time": 108.965,
      "Actual Rows": 1,
      "Actual Loops": 1,
      "Plans": [
        {
          "Node Type": "Gather",
          "Parent Relationship": "Outer",
          "Parallel Aware": false,
          "Startup Cost": 46481.23,
          "Total Cost": 46481.64,
          "Plan Rows": 4,
          "Plan Width": 8,
          "Actual Startup Time": 95.713,
          "Actual Total Time": 108.956,
          "Actual Rows": 5,
          "Actual Loops": 1,
          "Workers Planned": 4,
          "Workers Launched": 4,
          "Single Copy": false,
          "Plans": [
            {
              "Node Type": "Aggregate",
              "Strategy": "Plain",
              "Partial Mode": "Partial",
              "Parent Relationship": "Outer",
              "Parallel Aware": false,
              "Startup Cost": 45481.23,
              "Total Cost": 45481.24,
              "Plan Rows": 1,
              "Plan Width": 8,
              "Actual Startup Time": 86.565,
              "Actual Total Time": 86.566,
              "Actual Rows": 1,
              "Actual Loops": 5,
              "Plans": [
                {
                  "Node Type": "Seq Scan",
                  "Parent Relationship": "Outer",
                  "Parallel Aware": true,
                  "Relation Name": "title",
                  "Alias": "t",
                  "Startup Cost": 0.0,
                  "Total Cost": 45479.1,
                  "Plan Rows": 851,
                  "Plan Width": 0,
                  "Actual Startup Time": 59.001,
                  "Actual Total Time": 86.454,
                  "Actual Rows": 874,
                  "Actual Loops": 5,
                  "Filter": "((kind_id = 1) AND (production_year = 1975))",
                  "Rows Removed by Filter": 504788
                }
              ]
            }
          ]
        }
      ]
    },
    "Planning Time": 0.164,
    "Triggers": [],
    "Execution Time": 109.021
  }
]