[
    {
        "Bao": {
            "Bao prediction": "NaN",
            "Bao recommended hint": "(no hint)"
        }
    },
    {
        "Plan": {
            "Node Type": "Aggregate",
            "Strategy": "Plain",
            "Partial Mode": "Finalize",
            "Parallel Aware": false,
            "Startup Cost": 406295.13,
            "Total Cost": 406295.14,
            "Plan Rows": 1,
            "Plan Width": 8,
            "Actual Startup Time": 1478.057,
            "Actual Total Time": 1504.311,
            "Actual Rows": 1,
            "Actual Loops": 1,
            "Output": [
                "count(*)"
            ],
            "Plans": [
                {
                    "Node Type": "Gather",
                    "Parent Relationship": "Outer",
                    "Parallel Aware": false,
                    "Startup Cost": 406294.51,
                    "Total Cost": 406295.12,
                    "Plan Rows": 6,
                    "Plan Width": 8,
                    "Actual Startup Time": 1473.412,
                    "Actual Total Time": 1504.302,
                    "Actual Rows": 7,
                    "Actual Loops": 1,
                    "Output": [
                        "(PARTIAL count(*))"
                    ],
                    "Workers Planned": 6,
                    "Workers Launched": 6,
                    "Single Copy": false,
                    "Plans": [
                        {
                            "Node Type": "Aggregate",
                            "Strategy": "Plain",
                            "Partial Mode": "Partial",
                            "Parent Relationship": "Outer",
                            "Parallel Aware": false,
                            "Startup Cost": 405294.51,
                            "Total Cost": 405294.52,
                            "Plan Rows": 1,
                            "Plan Width": 8,
                            "Actual Startup Time": 1463.347,
                            "Actual Total Time": 1463.35,
                            "Actual Rows": 1,
                            "Actual Loops": 7,
                            "Output": [
                                "PARTIAL count(*)"
                            ],
                            "Workers": [
                                {
                                    "Worker Number": 0,
                                    "Actual Startup Time": 1460.575,
                                    "Actual Total Time": 1460.579,
                                    "Actual Rows": 1,
                                    "Actual Loops": 1
                                },
                                {
                                    "Worker Number": 1,
                                    "Actual Startup Time": 1461.851,
                                    "Actual Total Time": 1461.853,
                                    "Actual Rows": 1,
                                    "Actual Loops": 1
                                },
                                {
                                    "Worker Number": 2,
                                    "Actual Startup Time": 1461.631,
                                    "Actual Total Time": 1461.634,
                                    "Actual Rows": 1,
                                    "Actual Loops": 1
                                },
                                {
                                    "Worker Number": 3,
                                    "Actual Startup Time": 1461.893,
                                    "Actual Total Time": 1461.897,
                                    "Actual Rows": 1,
                                    "Actual Loops": 1
                                },
                                {
                                    "Worker Number": 4,
                                    "Actual Startup Time": 1462.177,
                                    "Actual Total Time": 1462.179,
                                    "Actual Rows": 1,
                                    "Actual Loops": 1
                                },
                                {
                                    "Worker Number": 5,
                                    "Actual Startup Time": 1462.241,
                                    "Actual Total Time": 1462.243,
                                    "Actual Rows": 1,
                                    "Actual Loops": 1
                                }
                            ],
                            "Plans": [
                                {
                                    "Node Type": "Hash Join",
                                    "Parent Relationship": "Outer",
                                    "Parallel Aware": true,
                                    "Join Type": "Inner",
                                    "Startup Cost": 47942.76,
                                    "Total Cost": 402081.52,
                                    "Plan Rows": 1285194,
                                    "Plan Width": 0,
                                    "Actual Startup Time": 200.648,
                                    "Actual Total Time": 1425.144,
                                    "Actual Rows": 842357,
                                    "Actual Loops": 7,
                                    "Inner Unique": true,
                                    "Hash Cond": "(ci.movie_id = t.id)",
                                    "Workers": [
                                        {
                                            "Worker Number": 0,
                                            "Actual Startup Time": 197.931,
                                            "Actual Total Time": 1422.557,
                                            "Actual Rows": 797473,
                                            "Actual Loops": 1
                                        },
                                        {
                                            "Worker Number": 1,
                                            "Actual Startup Time": 198.596,
                                            "Actual Total Time": 1422.983,
                                            "Actual Rows": 870563,
                                            "Actual Loops": 1
                                        },
                                        {
                                            "Worker Number": 2,
                                            "Actual Startup Time": 199.033,
                                            "Actual Total Time": 1423.292,
                                            "Actual Rows": 808747,
                                            "Actual Loops": 1
                                        },
                                        {
                                            "Worker Number": 3,
                                            "Actual Startup Time": 199.282,
                                            "Actual Total Time": 1423.419,
                                            "Actual Rows": 850800,
                                            "Actual Loops": 1
                                        },
                                        {
                                            "Worker Number": 4,
                                            "Actual Startup Time": 199.522,
                                            "Actual Total Time": 1424.192,
                                            "Actual Rows": 798187,
                                            "Actual Loops": 1
                                        },
                                        {
                                            "Worker Number": 5,
                                            "Actual Startup Time": 199.588,
                                            "Actual Total Time": 1423.195,
                                            "Actual Rows": 873961,
                                            "Actual Loops": 1
                                        }
                                    ],
                                    "Plans": [
                                        {
                                            "Node Type": "Seq Scan",
                                            "Parent Relationship": "Outer",
                                            "Parallel Aware": true,
                                            "Relation Name": "cast_info",
                                            "Schema": "public",
                                            "Alias": "ci",
                                            "Startup Cost": 0.0,
                                            "Total Cost": 343318.94,
                                            "Plan Rows": 4121830,
                                            "Plan Width": 4,
                                            "Actual Startup Time": 88.405,
                                            "Actual Total Time": 641.374,
                                            "Actual Rows": 3398706,
                                            "Actual Loops": 7,
                                            "Output": [
                                                "ci.id",
                                                "ci.person_id",
                                                "ci.movie_id",
                                                "ci.person_role_id",
                                                "ci.note",
                                                "ci.nr_order",
                                                "ci.role_id"
                                            ],
                                            "Filter": "((ci.person_id > 798271) AND (ci.role_id < 10))",
                                            "Rows Removed by Filter": 1779057,
                                            "Workers": [
                                                {
                                                    "Worker Number": 0,
                                                    "Actual Startup Time": 88.413,
                                                    "Actual Total Time": 638.281,
                                                    "Actual Rows": 3222295,
                                                    "Actual Loops": 1
                                                },
                                                {
                                                    "Worker Number": 1,
                                                    "Actual Startup Time": 88.387,
                                                    "Actual Total Time": 659.947,
                                                    "Actual Rows": 3512361,
                                                    "Actual Loops": 1
                                                },
                                                {
                                                    "Worker Number": 2,
                                                    "Actual Startup Time": 88.406,
                                                    "Actual Total Time": 640.594,
                                                    "Actual Rows": 3270560,
                                                    "Actual Loops": 1
                                                },
                                                {
                                                    "Worker Number": 3,
                                                    "Actual Startup Time": 88.404,
                                                    "Actual Total Time": 658.406,
                                                    "Actual Rows": 3458210,
                                                    "Actual Loops": 1
                                                },
                                                {
                                                    "Worker Number": 4,
                                                    "Actual Startup Time": 88.411,
                                                    "Actual Total Time": 635.23,
                                                    "Actual Rows": 3207349,
                                                    "Actual Loops": 1
                                                },
                                                {
                                                    "Worker Number": 5,
                                                    "Actual Startup Time": 88.404,
                                                    "Actual Total Time": 657.782,
                                                    "Actual Rows": 3484357,
                                                    "Actual Loops": 1
                                                }
                                            ]
                                        },
                                        {
                                            "Node Type": "Hash",
                                            "Parent Relationship": "Inner",
                                            "Parallel Aware": true,
                                            "Startup Cost": 45479.21,
                                            "Total Cost": 45479.21,
                                            "Plan Rows": 197084,
                                            "Plan Width": 4,
                                            "Actual Startup Time": 109.99,
                                            "Actual Total Time": 109.991,
                                            "Actual Rows": 98924,
                                            "Actual Loops": 7,
                                            "Output": [
                                                "t.id"
                                            ],
                                            "Hash Buckets": 1048576,
                                            "Original Hash Buckets": 1048576,
                                            "Hash Batches": 1,
                                            "Original Hash Batches": 1,
                                            "Peak Memory Usage": 35392,
                                            "Workers": [
                                                {
                                                    "Worker Number": 0,
                                                    "Actual Startup Time": 108.823,
                                                    "Actual Total Time": 108.824,
                                                    "Actual Rows": 87717,
                                                    "Actual Loops": 1
                                                },
                                                {
                                                    "Worker Number": 1,
                                                    "Actual Startup Time": 109.301,
                                                    "Actual Total Time": 109.302,
                                                    "Actual Rows": 89116,
                                                    "Actual Loops": 1
                                                },
                                                {
                                                    "Worker Number": 2,
                                                    "Actual Startup Time": 109.833,
                                                    "Actual Total Time": 109.834,
                                                    "Actual Rows": 90415,
                                                    "Actual Loops": 1
                                                },
                                                {
                                                    "Worker Number": 3,
                                                    "Actual Startup Time": 109.972,
                                                    "Actual Total Time": 109.974,
                                                    "Actual Rows": 89500,
                                                    "Actual Loops": 1
                                                },
                                                {
                                                    "Worker Number": 4,
                                                    "Actual Startup Time": 110.327,
                                                    "Actual Total Time": 110.328,
                                                    "Actual Rows": 91756,
                                                    "Actual Loops": 1
                                                },
                                                {
                                                    "Worker Number": 5,
                                                    "Actual Startup Time": 110.389,
                                                    "Actual Total Time": 110.39,
                                                    "Actual Rows": 88890,
                                                    "Actual Loops": 1
                                                }
                                            ],
                                            "Plans": [
                                                {
                                                    "Node Type": "Seq Scan",
                                                    "Parent Relationship": "Outer",
                                                    "Parallel Aware": true,
                                                    "Relation Name": "title",
                                                    "Schema": "public",
                                                    "Alias": "t",
                                                    "Startup Cost": 0.0,
                                                    "Total Cost": 45479.21,
                                                    "Plan Rows": 197084,
                                                    "Plan Width": 4,
                                                    "Actual Startup Time": 0.052,
                                                    "Actual Total Time": 70.019,
                                                    "Actual Rows": 98924,
                                                    "Actual Loops": 7,
                                                    "Output": [
                                                        "t.id"
                                                    ],
                                                    "Filter": "((t.kind_id > 1) AND (t.production_year < 2001))",
                                                    "Rows Removed by Filter": 262263,
                                                    "Workers": [
                                                        {
                                                            "Worker Number": 0,
                                                            "Actual Startup Time": 0.083,
                                                            "Actual Total Time": 71.173,
                                                            "Actual Rows": 87717,
                                                            "Actual Loops": 1
                                                        },
                                                        {
                                                            "Worker Number": 1,
                                                            "Actual Startup Time": 0.038,
                                                            "Actual Total Time": 70.48,
                                                            "Actual Rows": 89116,
                                                            "Actual Loops": 1
                                                        },
                                                        {
                                                            "Worker Number": 2,
                                                            "Actual Startup Time": 0.057,
                                                            "Actual Total Time": 71.151,
                                                            "Actual Rows": 90415,
                                                            "Actual Loops": 1
                                                        },
                                                        {
                                                            "Worker Number": 3,
                                                            "Actual Startup Time": 0.078,
                                                            "Actual Total Time": 71.195,
                                                            "Actual Rows": 89500,
                                                            "Actual Loops": 1
                                                        },
                                                        {
                                                            "Worker Number": 4,
                                                            "Actual Startup Time": 0.047,
                                                            "Actual Total Time": 72.003,
                                                            "Actual Rows": 91756,
                                                            "Actual Loops": 1
                                                        },
                                                        {
                                                            "Worker Number": 5,
                                                            "Actual Startup Time": 0.049,
                                                            "Actual Total Time": 70.952,
                                                            "Actual Rows": 88890,
                                                            "Actual Loops": 1
                                                        }
                                                    ]
                                                }
                                            ]
                                        }
                                    ]
                                }
                            ]
                        }
                    ]
                }
            ]
        },
        "Planning Time": 194.391,
        "Triggers": [],
        "Execution Time": 1504.37
    }
]