[
  {
    "Plan": {
      "Node Type": "Aggregate",
      "Strategy": "Plain",
      "Partial Mode": "Finalize",
      "Parallel Aware": false,
      "Startup Cost": 10109.25,
      "Total Cost": 10109.26,
      "Plan Rows": 1,
      "Plan Width": 8,
      "Actual Startup Time": 35.8,
      "Actual Total Time": 38.277,
      "Actual Rows": 1,
      "Actual Loops": 1,
      "Plans": [
        {
          "Node Type": "Gather",
          "Parent Relationship": "Outer",
          "Parallel Aware": false,
          "Startup Cost": 10108.93,
          "Total Cost": 10109.24,
          "Plan Rows": 3,
          "Plan Width": 8,
          "Actual Startup Time": 35.653,
          "Actual Total Time": 38.272,
          "Actual Rows": 4,
          "Actual Loops": 1,
          "Workers Planned": 3,
          "Workers Launched": 3,
          "Single Copy": false,
          "Plans": [
            {
              "Node Type": "Aggregate",
              "Strategy": "Plain",
              "Partial Mode": "Partial",
              "Parent Relationship": "Outer",
              "Parallel Aware": false,
              "Startup Cost": 9108.93,
              "Total Cost": 9108.94,
              "Plan Rows": 1,
              "Plan Width": 8,
              "Actual Startup Time": 28.26,
              "Actual Total Time": 28.261,
              "Actual Rows": 1,
              "Actual Loops": 4,
              "Plans": [
                {
                  "Node Type": "Index Scan",
                  "Parent Relationship": "Outer",
                  "Parallel Aware": true,
                  "Scan Direction": "Forward",
                  "Index Name": "role_id_cast_info",
                  "Relation Name": "cast_info",
                  "Alias": "ci",
                  "Startup Cost": 0.56,
                  "Total Cost": 9091.72,
                  "Plan Rows": 6884,
                  "Plan Width": 0,
                  "Actual Startup Time": 0.105,
                  "Actual Total Time": 24.508,
                  "Actual Rows": 44867,
                  "Actual Loops": 4,
                  "Index Cond": "(role_id = 11)",
                  "Rows Removed by Index Recheck": 0,
                  "Filter": "(person_id > 3596995)",
                  "Rows Removed by Filter": 34163
                }
              ]
            }
          ]
        }
      ]
    },
    "Planning Time": 0.12,
    "Triggers": [],
    "Execution Time": 38.311
  }
]