{
  "Plan": {
    "Node Type": "Aggregate",
    "Strategy": "Plain",
    "Partial Mode": "Finalize",
    "Parallel Aware": false,
    "Startup Cost": 609489.54,
    "Total Cost": 609489.55,
    "Plan Rows": 1,
    "Plan Width": 8,
    "Actual Startup Time": 3766.609,
    "Actual Total Time": 3808.899,
    "Actual Rows": 1,
    "Actual Loops": 1,
    "Plans": [
      {
        "Node Type": "Gather",
        "Parent Relationship": "Outer",
        "Parallel Aware": false,
        "Startup Cost": 609489.43,
        "Total Cost": 609489.54,
        "Plan Rows": 1,
        "Plan Width": 8,
        "Actual Startup Time": 3758.383,
        "Actual Total Time": 3808.891,
        "Actual Rows": 2,
        "Actual Loops": 1,
        "Workers Planned": 1,
        "Workers Launched": 1,
        "Single Copy": false,
        "Plans": [
          {
            "Node Type": "Aggregate",
            "Strategy": "Plain",
            "Partial Mode": "Partial",
            "Parent Relationship": "Outer",
            "Parallel Aware": false,
            "Startup Cost": 608489.43,
            "Total Cost": 608489.44,
            "Plan Rows": 1,
            "Plan Width": 8,
            "Actual Startup Time": 3745.217,
            "Actual Total Time": 3745.223,
            "Actual Rows": 1,
            "Actual Loops": 2,
            "Plans": [
              {
                "Node Type": "Hash Join",
                "Parent Relationship": "Outer",
                "Parallel Aware": true,
                "Join Type": "Inner",
                "Startup Cost": 274566.41,
                "Total Cost": 600872.54,
                "Plan Rows": 3046757,
                "Plan Width": 0,
                "Actual Startup Time": 1393.412,
                "Actual Total Time": 3295.732,
                "Actual Rows": 11339044,
                "Actual Loops": 2,
                "Inner Unique": false,
                "Hash Cond": "(ci.movie_id = t.id)",
                "Plans": [
                  {
                    "Node Type": "Bitmap Heap Scan",
                    "Parent Relationship": "Outer",
                    "Parallel Aware": true,
                    "Relation Name": "cast_info",
                    "Alias": "ci",
                    "Startup Cost": 128694.0,
                    "Total Cost": 424224.87,
                    "Plan Rows": 3427509,
                    "Plan Width": 4,
                    "Actual Startup Time": 231.569,
                    "Actual Total Time": 536.119,
                    "Actual Rows": 2988710,
                    "Actual Loops": 2,
                    "Recheck Cond": "(person_id < 578566)",
                    "Rows Removed by Index Recheck": 0,
                    "Exact Heap Blocks": 31628,
                    "Lossy Heap Blocks": 0,
                    "Plans": [
                      {
                        "Node Type": "Bitmap Index Scan",
                        "Parent Relationship": "Outer",
                        "Parallel Aware": false,
                        "Index Name": "person_id_cast_info",
                        "Startup Cost": 0.0,
                        "Total Cost": 127237.31,
                        "Plan Rows": 5826766,
                        "Plan Width": 0,
                        "Actual Startup Time": 220.535,
                        "Actual Total Time": 220.536,
                        "Actual Rows": 5977421,
                        "Actual Loops": 1,
                        "Index Cond": "(person_id < 578566)"
                      }
                    ]
                  },
                  {
                    "Node Type": "Hash",
                    "Parent Relationship": "Inner",
                    "Parallel Aware": true,
                    "Startup Cost": 129347.17,
                    "Total Cost": 129347.17,
                    "Plan Rows": 1322019,
                    "Plan Width": 8,
                    "Actual Startup Time": 1140.069,
                    "Actual Total Time": 1140.073,
                    "Actual Rows": 1404195,
                    "Actual Loops": 2,
                    "Hash Buckets": 4194304,
                    "Original Hash Buckets": 4194304,
                    "Hash Batches": 1,
                    "Original Hash Batches": 1,
                    "Peak Memory Usage": 142656,
                    "Plans": [
                      {
                        "Node Type": "Hash Join",
                        "Parent Relationship": "Outer",
                        "Parallel Aware": true,
                        "Join Type": "Inner",
                        "Startup Cost": 65951.41,
                        "Total Cost": 129347.17,
                        "Plan Rows": 1322019,
                        "Plan Width": 8,
                        "Actual Startup Time": 383.155,
                        "Actual Total Time": 884.637,
                        "Actual Rows": 1404195,
                        "Actual Loops": 2,
                        "Inner Unique": true,
                        "Hash Cond": "(mk.movie_id = t.id)",
                        "Plans": [
                          {
                            "Node Type": "Seq Scan",
                            "Parent Relationship": "Outer",
                            "Parallel Aware": true,
                            "Relation Name": "movie_keyword",
                            "Alias": "mk",
                            "Startup Cost": 0.0,
                            "Total Cost": 57718.19,
                            "Plan Rows": 2162879,
                            "Plan Width": 4,
                            "Actual Startup Time": 0.02,
                            "Actual Total Time": 221.777,
                            "Actual Rows": 1842706,
                            "Actual Loops": 2,
                            "Filter": "(keyword_id < 21937)",
                            "Rows Removed by Filter": 419260
                          },
                          {
                            "Node Type": "Hash",
                            "Parent Relationship": "Inner",
                            "Parallel Aware": true,
                            "Startup Cost": 54588.39,
                            "Total Cost": 54588.39,
                            "Plan Rows": 909042,
                            "Plan Width": 4,
                            "Actual Startup Time": 377.198,
                            "Actual Total Time": 377.199,
                            "Actual Rows": 775864,
                            "Actual Loops": 2,
                            "Hash Buckets": 2097152,
                            "Original Hash Buckets": 2097152,
                            "Hash Batches": 1,
                            "Original Hash Batches": 1,
                            "Peak Memory Usage": 77120,
                            "Plans": [
                              {
                                "Node Type": "Seq Scan",
                                "Parent Relationship": "Outer",
                                "Parallel Aware": true,
                                "Relation Name": "title",
                                "Alias": "t",
                                "Startup Cost": 0.0,
                                "Total Cost": 54588.39,
                                "Plan Rows": 909042,
                                "Plan Width": 4,
                                "Actual Startup Time": 0.045,
                                "Actual Total Time": 172.017,
                                "Actual Rows": 775864,
                                "Actual Loops": 2,
                                "Filter": "(production_year < 2007)",
                                "Rows Removed by Filter": 488292
                              }
                            ]
                          }
                        ]
                      }
                    ]
                  }
                ]
              }
            ]
          }
        ]
      }
    ]
  },
  "Planning Time": 1.082,
  "Triggers": [],
  "Execution Time": 3809.036
}