[
    {
        "Bao": {
            "Bao prediction": "NaN",
            "Bao recommended hint": "(no hint)"
        }
    },
    {
        "Plan": {
            "Node Type": "Aggregate",
            "Strategy": "Plain",
            "Partial Mode": "Finalize",
            "Parallel Aware": false,
            "Startup Cost": 404364.0,
            "Total Cost": 404364.01,
            "Plan Rows": 1,
            "Plan Width": 8,
            "Actual Startup Time": 2884.323,
            "Actual Total Time": 2911.858,
            "Actual Rows": 1,
            "Actual Loops": 1,
            "Output": [
                "count(*)"
            ],
            "Plans": [
                {
                    "Node Type": "Gather",
                    "Parent Relationship": "Outer",
                    "Parallel Aware": false,
                    "Startup Cost": 404363.37,
                    "Total Cost": 404363.98,
                    "Plan Rows": 6,
                    "Plan Width": 8,
                    "Actual Startup Time": 2861.65,
                    "Actual Total Time": 2911.847,
                    "Actual Rows": 7,
                    "Actual Loops": 1,
                    "Output": [
                        "(PARTIAL count(*))"
                    ],
                    "Workers Planned": 6,
                    "Workers Launched": 6,
                    "Single Copy": false,
                    "Plans": [
                        {
                            "Node Type": "Aggregate",
                            "Strategy": "Plain",
                            "Partial Mode": "Partial",
                            "Parent Relationship": "Outer",
                            "Parallel Aware": false,
                            "Startup Cost": 403363.37,
                            "Total Cost": 403363.38,
                            "Plan Rows": 1,
                            "Plan Width": 8,
                            "Actual Startup Time": 2841.858,
                            "Actual Total Time": 2841.861,
                            "Actual Rows": 1,
                            "Actual Loops": 7,
                            "Output": [
                                "PARTIAL count(*)"
                            ],
                            "Workers": [
                                {
                                    "Worker Number": 0,
                                    "Actual Startup Time": 2838.028,
                                    "Actual Total Time": 2838.031,
                                    "Actual Rows": 1,
                                    "Actual Loops": 1
                                },
                                {
                                    "Worker Number": 1,
                                    "Actual Startup Time": 2838.068,
                                    "Actual Total Time": 2838.071,
                                    "Actual Rows": 1,
                                    "Actual Loops": 1
                                },
                                {
                                    "Worker Number": 2,
                                    "Actual Startup Time": 2838.504,
                                    "Actual Total Time": 2838.507,
                                    "Actual Rows": 1,
                                    "Actual Loops": 1
                                },
                                {
                                    "Worker Number": 3,
                                    "Actual Startup Time": 2838.319,
                                    "Actual Total Time": 2838.321,
                                    "Actual Rows": 1,
                                    "Actual Loops": 1
                                },
                                {
                                    "Worker Number": 4,
                                    "Actual Startup Time": 2840.206,
                                    "Actual Total Time": 2840.208,
                                    "Actual Rows": 1,
                                    "Actual Loops": 1
                                },
                                {
                                    "Worker Number": 5,
                                    "Actual Startup Time": 2838.808,
                                    "Actual Total Time": 2838.811,
                                    "Actual Rows": 1,
                                    "Actual Loops": 1
                                }
                            ],
                            "Plans": [
                                {
                                    "Node Type": "Hash Join",
                                    "Parent Relationship": "Outer",
                                    "Parallel Aware": true,
                                    "Join Type": "Inner",
                                    "Startup Cost": 50219.81,
                                    "Total Cost": 398570.88,
                                    "Plan Rows": 1916998,
                                    "Plan Width": 0,
                                    "Actual Startup Time": 706.359,
                                    "Actual Total Time": 2685.715,
                                    "Actual Rows": 2550053,
                                    "Actual Loops": 7,
                                    "Inner Unique": true,
                                    "Hash Cond": "(ci.movie_id = t.id)",
                                    "Workers": [
                                        {
                                            "Worker Number": 0,
                                            "Actual Startup Time": 702.777,
                                            "Actual Total Time": 2682.979,
                                            "Actual Rows": 2629789,
                                            "Actual Loops": 1
                                        },
                                        {
                                            "Worker Number": 1,
                                            "Actual Startup Time": 702.8,
                                            "Actual Total Time": 2685.148,
                                            "Actual Rows": 2611517,
                                            "Actual Loops": 1
                                        },
                                        {
                                            "Worker Number": 2,
                                            "Actual Startup Time": 703.257,
                                            "Actual Total Time": 2684.597,
                                            "Actual Rows": 2639022,
                                            "Actual Loops": 1
                                        },
                                        {
                                            "Worker Number": 3,
                                            "Actual Startup Time": 703.005,
                                            "Actual Total Time": 2674.527,
                                            "Actual Rows": 2412827,
                                            "Actual Loops": 1
                                        },
                                        {
                                            "Worker Number": 4,
                                            "Actual Startup Time": 703.419,
                                            "Actual Total Time": 2681.917,
                                            "Actual Rows": 2470727,
                                            "Actual Loops": 1
                                        },
                                        {
                                            "Worker Number": 5,
                                            "Actual Startup Time": 703.513,
                                            "Actual Total Time": 2678.515,
                                            "Actual Rows": 2437977,
                                            "Actual Loops": 1
                                        }
                                    ],
                                    "Plans": [
                                        {
                                            "Node Type": "Seq Scan",
                                            "Parent Relationship": "Outer",
                                            "Parallel Aware": true,
                                            "Relation Name": "cast_info",
                                            "Schema": "public",
                                            "Alias": "ci",
                                            "Startup Cost": 0.0,
                                            "Total Cost": 343318.94,
                                            "Plan Rows": 1916998,
                                            "Plan Width": 4,
                                            "Actual Startup Time": 325.374,
                                            "Actual Total Time": 879.582,
                                            "Actual Rows": 2550053,
                                            "Actual Loops": 7,
                                            "Output": [
                                                "ci.id",
                                                "ci.person_id",
                                                "ci.movie_id",
                                                "ci.person_role_id",
                                                "ci.note",
                                                "ci.nr_order",
                                                "ci.role_id"
                                            ],
                                            "Filter": "((ci.person_id > 1828453) AND (ci.role_id > 1))",
                                            "Rows Removed by Filter": 2627711,
                                            "Workers": [
                                                {
                                                    "Worker Number": 0,
                                                    "Actual Startup Time": 325.329,
                                                    "Actual Total Time": 873.783,
                                                    "Actual Rows": 2629789,
                                                    "Actual Loops": 1
                                                },
                                                {
                                                    "Worker Number": 1,
                                                    "Actual Startup Time": 325.323,
                                                    "Actual Total Time": 867.835,
                                                    "Actual Rows": 2611517,
                                                    "Actual Loops": 1
                                                },
                                                {
                                                    "Worker Number": 2,
                                                    "Actual Startup Time": 325.393,
                                                    "Actual Total Time": 889.599,
                                                    "Actual Rows": 2639022,
                                                    "Actual Loops": 1
                                                },
                                                {
                                                    "Worker Number": 3,
                                                    "Actual Startup Time": 325.386,
                                                    "Actual Total Time": 896.832,
                                                    "Actual Rows": 2412827,
                                                    "Actual Loops": 1
                                                },
                                                {
                                                    "Worker Number": 4,
                                                    "Actual Startup Time": 325.494,
                                                    "Actual Total Time": 899.927,
                                                    "Actual Rows": 2470727,
                                                    "Actual Loops": 1
                                                },
                                                {
                                                    "Worker Number": 5,
                                                    "Actual Startup Time": 325.354,
                                                    "Actual Total Time": 906.2,
                                                    "Actual Rows": 2437977,
                                                    "Actual Loops": 1
                                                }
                                            ]
                                        },
                                        {
                                            "Node Type": "Hash",
                                            "Parent Relationship": "Inner",
                                            "Parallel Aware": true,
                                            "Startup Cost": 42318.81,
                                            "Total Cost": 42318.81,
                                            "Plan Rows": 632080,
                                            "Plan Width": 4,
                                            "Actual Startup Time": 373.697,
                                            "Actual Total Time": 373.698,
                                            "Actual Rows": 361187,
                                            "Actual Loops": 7,
                                            "Output": [
                                                "t.id"
                                            ],
                                            "Hash Buckets": 4194304,
                                            "Original Hash Buckets": 4194304,
                                            "Hash Batches": 1,
                                            "Original Hash Batches": 1,
                                            "Peak Memory Usage": 131776,
                                            "Workers": [
                                                {
                                                    "Worker Number": 0,
                                                    "Actual Startup Time": 376.459,
                                                    "Actual Total Time": 376.46,
                                                    "Actual Rows": 353323,
                                                    "Actual Loops": 1
                                                },
                                                {
                                                    "Worker Number": 1,
                                                    "Actual Startup Time": 376.501,
                                                    "Actual Total Time": 376.502,
                                                    "Actual Rows": 346841,
                                                    "Actual Loops": 1
                                                },
                                                {
                                                    "Worker Number": 2,
                                                    "Actual Startup Time": 376.886,
                                                    "Actual Total Time": 376.887,
                                                    "Actual Rows": 339331,
                                                    "Actual Loops": 1
                                                },
                                                {
                                                    "Worker Number": 3,
                                                    "Actual Startup Time": 376.481,
                                                    "Actual Total Time": 376.482,
                                                    "Actual Rows": 358047,
                                                    "Actual Loops": 1
                                                },
                                                {
                                                    "Worker Number": 4,
                                                    "Actual Startup Time": 377.154,
                                                    "Actual Total Time": 377.154,
                                                    "Actual Rows": 342048,
                                                    "Actual Loops": 1
                                                },
                                                {
                                                    "Worker Number": 5,
                                                    "Actual Startup Time": 377.135,
                                                    "Actual Total Time": 377.136,
                                                    "Actual Rows": 345570,
                                                    "Actual Loops": 1
                                                }
                                            ],
                                            "Plans": [
                                                {
                                                    "Node Type": "Seq Scan",
                                                    "Parent Relationship": "Outer",
                                                    "Parallel Aware": true,
                                                    "Relation Name": "title",
                                                    "Schema": "public",
                                                    "Alias": "t",
                                                    "Startup Cost": 0.0,
                                                    "Total Cost": 42318.81,
                                                    "Plan Rows": 632080,
                                                    "Plan Width": 4,
                                                    "Actual Startup Time": 0.066,
                                                    "Actual Total Time": 99.591,
                                                    "Actual Rows": 361187,
                                                    "Actual Loops": 7,
                                                    "Output": [
                                                        "t.id"
                                                    ],
                                                    "Workers": [
                                                        {
                                                            "Worker Number": 0,
                                                            "Actual Startup Time": 0.091,
                                                            "Actual Total Time": 104.08,
                                                            "Actual Rows": 353323,
                                                            "Actual Loops": 1
                                                        },
                                                        {
                                                            "Worker Number": 1,
                                                            "Actual Startup Time": 0.079,
                                                            "Actual Total Time": 102.409,
                                                            "Actual Rows": 346841,
                                                            "Actual Loops": 1
                                                        },
                                                        {
                                                            "Worker Number": 2,
                                                            "Actual Startup Time": 0.075,
                                                            "Actual Total Time": 102.804,
                                                            "Actual Rows": 339331,
                                                            "Actual Loops": 1
                                                        },
                                                        {
                                                            "Worker Number": 3,
                                                            "Actual Startup Time": 0.093,
                                                            "Actual Total Time": 104.931,
                                                            "Actual Rows": 358047,
                                                            "Actual Loops": 1
                                                        },
                                                        {
                                                            "Worker Number": 4,
                                                            "Actual Startup Time": 0.035,
                                                            "Actual Total Time": 101.73,
                                                            "Actual Rows": 342048,
                                                            "Actual Loops": 1
                                                        },
                                                        {
                                                            "Worker Number": 5,
                                                            "Actual Startup Time": 0.07,
                                                            "Actual Total Time": 102.703,
                                                            "Actual Rows": 345570,
                                                            "Actual Loops": 1
                                                        }
                                                    ]
                                                }
                                            ]
                                        }
                                    ]
                                }
                            ]
                        }
                    ]
                }
            ]
        },
        "Planning Time": 337.374,
        "Triggers": [],
        "Execution Time": 2911.966
    }
]