[
  {
    "Plan": {
      "Node Type": "Aggregate",
      "Strategy": "Plain",
      "Partial Mode": "Finalize",
      "Parallel Aware": false,
      "Startup Cost": 304733.31,
      "Total Cost": 304733.32,
      "Plan Rows": 1,
      "Plan Width": 8,
      "Actual Startup Time": 3254.816,
      "Actual Total Time": 3303.008,
      "Actual Rows": 1,
      "Actual Loops": 1,
      "Plans": [
        {
          "Node Type": "Gather",
          "Parent Relationship": "Outer",
          "Parallel Aware": false,
          "Startup Cost": 304733.0,
          "Total Cost": 304733.31,
          "Plan Rows": 3,
          "Plan Width": 8,
          "Actual Startup Time": 3241.598,
          "Actual Total Time": 3302.998,
          "Actual Rows": 4,
          "Actual Loops": 1,
          "Workers Planned": 3,
          "Workers Launched": 3,
          "Single Copy": false,
          "Plans": [
            {
              "Node Type": "Aggregate",
              "Strategy": "Plain",
              "Partial Mode": "Partial",
              "Parent Relationship": "Outer",
              "Parallel Aware": false,
              "Startup Cost": 303733.0,
              "Total Cost": 303733.01,
              "Plan Rows": 1,
              "Plan Width": 8,
              "Actual Startup Time": 3234.762,
              "Actual Total Time": 3235.499,
              "Actual Rows": 1,
              "Actual Loops": 4,
              "Plans": [
                {
                  "Node Type": "Hash Join",
                  "Parent Relationship": "Outer",
                  "Parallel Aware": true,
                  "Join Type": "Inner",
                  "Startup Cost": 254716.11,
                  "Total Cost": 301234.63,
                  "Plan Rows": 999348,
                  "Plan Width": 0,
                  "Actual Startup Time": 1070.318,
                  "Actual Total Time": 2491.018,
                  "Actual Rows": 17343824,
                  "Actual Loops": 4,
                  "Inner Unique": false,
                  "Hash Cond": "(mk.movie_id = t.id)",
                  "Plans": [
                    {
                      "Node Type": "Seq Scan",
                      "Parent Relationship": "Outer",
                      "Parallel Aware": true,
                      "Relation Name": "movie_keyword",
                      "Alias": "mk",
                      "Startup Cost": 0.0,
                      "Total Cost": 39047.32,
                      "Plan Rows": 1459332,
                      "Plan Width": 4,
                      "Actual Startup Time": 0.07,
                      "Actual Total Time": 84.831,
                      "Actual Rows": 1130982,
                      "Actual Loops": 4
                    },
                    {
                      "Node Type": "Hash",
                      "Parent Relationship": "Inner",
                      "Parallel Aware": true,
                      "Startup Cost": 250387.46,
                      "Total Cost": 250387.46,
                      "Plan Rows": 346292,
                      "Plan Width": 8,
                      "Actual Startup Time": 1065.46,
                      "Actual Total Time": 1066.196,
                      "Actual Rows": 429843,
                      "Actual Loops": 4,
                      "Hash Buckets": 2097152,
                      "Original Hash Buckets": 2097152,
                      "Hash Batches": 1,
                      "Original Hash Batches": 1,
                      "Peak Memory Usage": 83680,
                      "Plans": [
                        {
                          "Node Type": "Hash Join",
                          "Parent Relationship": "Outer",
                          "Parallel Aware": true,
                          "Join Type": "Inner",
                          "Startup Cost": 50125.66,
                          "Total Cost": 250387.46,
                          "Plan Rows": 346292,
                          "Plan Width": 8,
                          "Actual Startup Time": 319.541,
                          "Actual Total Time": 928.679,
                          "Actual Rows": 429843,
                          "Actual Loops": 4,
                          "Inner Unique": true,
                          "Hash Cond": "(mi.movie_id = t.id)",
                          "Plans": [
                            {
                              "Node Type": "Seq Scan",
                              "Parent Relationship": "Outer",
                              "Parallel Aware": true,
                              "Relation Name": "movie_info",
                              "Alias": "mi",
                              "Startup Cost": 0.0,
                              "Total Cost": 199108.24,
                              "Plan Rows": 439450,
                              "Plan Width": 4,
                              "Actual Startup Time": 21.513,
                              "Actual Total Time": 448.811,
                              "Actual Rows": 558462,
                              "Actual Loops": 4,
                              "Filter": "(info_type_id > 16)",
                              "Rows Removed by Filter": 3150468
                            },
                            {
                              "Node Type": "Hash",
                              "Parent Relationship": "Inner",
                              "Parallel Aware": true,
                              "Startup Cost": 43899.32,
                              "Total Cost": 43899.32,
                              "Plan Rows": 498107,
                              "Plan Width": 4,
                              "Actual Startup Time": 294.311,
                              "Actual Total Time": 294.313,
                              "Actual Rows": 494154,
                              "Actual Loops": 4,
                              "Hash Buckets": 2097152,
                              "Original Hash Buckets": 2097152,
                              "Hash Batches": 1,
                              "Original Hash Batches": 1,
                              "Peak Memory Usage": 93792,
                              "Plans": [
                                {
                                  "Node Type": "Seq Scan",
                                  "Parent Relationship": "Outer",
                                  "Parallel Aware": true,
                                  "Relation Name": "title",
                                  "Alias": "t",
                                  "Startup Cost": 0.0,
                                  "Total Cost": 43899.32,
                                  "Plan Rows": 498107,
                                  "Plan Width": 4,
                                  "Actual Startup Time": 0.042,
                                  "Actual Total Time": 110.224,
                                  "Actual Rows": 494154,
                                  "Actual Loops": 4,
                                  "Filter": "(production_year > 1977)",
                                  "Rows Removed by Filter": 137924
                                }
                              ]
                            }
                          ]
                        }
                      ]
                    }
                  ]
                }
              ]
            }
          ]
        }
      ]
    },
    "Planning Time": 0.492,
    "Triggers": [],
    "Execution Time": 3303.054
  }
]