[
  {
    "Plan": {
      "Node Type": "Aggregate",
      "Strategy": "Plain",
      "Partial Mode": "Finalize",
      "Parallel Aware": false,
      "Startup Cost": 46706.48,
      "Total Cost": 46706.49,
      "Plan Rows": 1,
      "Plan Width": 8,
      "Actual Startup Time": 156.706,
      "Actual Total Time": 164.369,
      "Actual Rows": 1,
      "Actual Loops": 1,
      "Plans": [
        {
          "Node Type": "Gather",
          "Parent Relationship": "Outer",
          "Parallel Aware": false,
          "Startup Cost": 46706.16,
          "Total Cost": 46706.47,
          "Plan Rows": 3,
          "Plan Width": 8,
          "Actual Startup Time": 156.594,
          "Actual Total Time": 164.36,
          "Actual Rows": 4,
          "Actual Loops": 1,
          "Workers Planned": 3,
          "Workers Launched": 3,
          "Single Copy": false,
          "Plans": [
            {
              "Node Type": "Aggregate",
              "Strategy": "Plain",
              "Partial Mode": "Partial",
              "Parent Relationship": "Outer",
              "Parallel Aware": false,
              "Startup Cost": 45706.16,
              "Total Cost": 45706.17,
              "Plan Rows": 1,
              "Plan Width": 8,
              "Actual Startup Time": 151.507,
              "Actual Total Time": 151.508,
              "Actual Rows": 1,
              "Actual Loops": 4,
              "Plans": [
                {
                  "Node Type": "Seq Scan",
                  "Parent Relationship": "Outer",
                  "Parallel Aware": true,
                  "Relation Name": "movie_keyword",
                  "Alias": "mk",
                  "Startup Cost": 0.0,
                  "Total Cost": 42695.65,
                  "Plan Rows": 1204203,
                  "Plan Width": 0,
                  "Actual Startup Time": 0.037,
                  "Actual Total Time": 111.73,
                  "Actual Rows": 935000,
                  "Actual Loops": 4,
                  "Filter": "(keyword_id < 24046)",
                  "Rows Removed by Filter": 195983
                }
              ]
            }
          ]
        }
      ]
    },
    "Planning Time": 0.101,
    "Triggers": [],
    "Execution Time": 164.399
  }
]