[
  {
    "Plan": {
      "Node Type": "Aggregate",
      "Strategy": "Plain",
      "Partial Mode": "Finalize",
      "Parallel Aware": false,
      "Startup Cost": 382482.42,
      "Total Cost": 382482.43,
      "Plan Rows": 1,
      "Plan Width": 8,
      "Actual Startup Time": 717.786,
      "Actual Total Time": 741.699,
      "Actual Rows": 1,
      "Actual Loops": 1,
      "Plans": [
        {
          "Node Type": "Gather",
          "Parent Relationship": "Outer",
          "Parallel Aware": false,
          "Startup Cost": 382481.79,
          "Total Cost": 382482.4,
          "Plan Rows": 6,
          "Plan Width": 8,
          "Actual Startup Time": 689.878,
          "Actual Total Time": 741.685,
          "Actual Rows": 7,
          "Actual Loops": 1,
          "Workers Planned": 6,
          "Workers Launched": 6,
          "Single Copy": false,
          "Plans": [
            {
              "Node Type": "Aggregate",
              "Strategy": "Plain",
              "Partial Mode": "Partial",
              "Parent Relationship": "Outer",
              "Parallel Aware": false,
              "Startup Cost": 381481.79,
              "Total Cost": 381481.8,
              "Plan Rows": 1,
              "Plan Width": 8,
              "Actual Startup Time": 666.569,
              "Actual Total Time": 666.573,
              "Actual Rows": 1,
              "Actual Loops": 7,
              "Plans": [
                {
                  "Node Type": "Hash Join",
                  "Parent Relationship": "Outer",
                  "Parallel Aware": true,
                  "Join Type": "Inner",
                  "Startup Cost": 119912.25,
                  "Total Cost": 381025.65,
                  "Plan Rows": 182456,
                  "Plan Width": 0,
                  "Actual Startup Time": 377.133,
                  "Actual Total Time": 650.591,
                  "Actual Rows": 335430,
                  "Actual Loops": 7,
                  "Inner Unique": true,
                  "Hash Cond": "(ci.movie_id = t.id)",
                  "Plans": [
                    {
                      "Node Type": "Bitmap Heap Scan",
                      "Parent Relationship": "Outer",
                      "Parallel Aware": true,
                      "Relation Name": "cast_info",
                      "Alias": "ci",
                      "Startup Cost": 69692.61,
                      "Total Cost": 330327.06,
                      "Plan Rows": 182456,
                      "Plan Width": 4,
                      "Actual Startup Time": 122.5,
                      "Actual Total Time": 224.708,
                      "Actual Rows": 335430,
                      "Actual Loops": 7,
                      "Recheck Cond": "(person_id < 314803)",
                      "Rows Removed by Index Recheck": 0,
                      "Filter": "(role_id = 1)",
                      "Rows Removed by Filter": 130607,
                      "Exact Heap Blocks": 7066,
                      "Lossy Heap Blocks": 0,
                      "Plans": [
                        {
                          "Node Type": "Bitmap Index Scan",
                          "Parent Relationship": "Outer",
                          "Parallel Aware": false,
                          "Index Name": "person_id_cast_info",
                          "Startup Cost": 0.0,
                          "Total Cost": 69418.92,
                          "Plan Rows": 3178981,
                          "Plan Width": 0,
                          "Actual Startup Time": 116.519,
                          "Actual Total Time": 116.52,
                          "Actual Rows": 3262255,
                          "Actual Loops": 1,
                          "Index Cond": "(person_id < 314803)"
                        }
                      ]
                    },
                    {
                      "Node Type": "Hash",
                      "Parent Relationship": "Inner",
                      "Parallel Aware": true,
                      "Startup Cost": 42318.73,
                      "Total Cost": 42318.73,
                      "Plan Rows": 632073,
                      "Plan Width": 4,
                      "Actual Startup Time": 247.733,
                      "Actual Total Time": 247.734,
                      "Actual Rows": 361187,
                      "Actual Loops": 7,
                      "Hash Buckets": 4194304,
                      "Original Hash Buckets": 4194304,
                      "Hash Batches": 1,
                      "Original Hash Batches": 1,
                      "Peak Memory Usage": 131776,
                      "Plans": [
                        {
                          "Node Type": "Seq Scan",
                          "Parent Relationship": "Outer",
                          "Parallel Aware": true,
                          "Relation Name": "title",
                          "Alias": "t",
                          "Startup Cost": 0.0,
                          "Total Cost": 42318.73,
                          "Plan Rows": 632073,
                          "Plan Width": 4,
                          "Actual Startup Time": 0.037,
                          "Actual Total Time": 72.337,
                          "Actual Rows": 361187,
                          "Actual Loops": 7
                        }
                      ]
                    }
                  ]
                }
              ]
            }
          ]
        }
      ]
    },
    "Planning Time": 0.619,
    "Triggers": [],
    "Execution Time": 741.793
  }
]