{
  "Plan": {
    "Node Type": "Aggregate",
    "Strategy": "Plain",
    "Partial Mode": "Simple",
    "Parallel Aware": false,
    "Startup Cost": 4230.87,
    "Total Cost": 4230.88,
    "Plan Rows": 1,
    "Plan Width": 8,
    "Actual Startup Time": 0.705,
    "Actual Total Time": 0.707,
    "Actual Rows": 1,
    "Actual Loops": 1,
    "Plans": [
      {
        "Node Type": "Nested Loop",
        "Parent Relationship": "Outer",
        "Parallel Aware": false,
        "Join Type": "Inner",
        "Startup Cost": 0.99,
        "Total Cost": 4230.22,
        "Plan Rows": 259,
        "Plan Width": 0,
        "Actual Startup Time": 0.645,
        "Actual Total Time": 0.698,
        "Actual Rows": 7,
        "Actual Loops": 1,
        "Inner Unique": true,
        "Plans": [
          {
            "Node Type": "Index Scan",
            "Parent Relationship": "Outer",
            "Parallel Aware": false,
            "Scan Direction": "Forward",
            "Index Name": "person_id_cast_info",
            "Relation Name": "cast_info",
            "Alias": "ci",
            "Startup Cost": 0.56,
            "Total Cost": 1059.67,
            "Plan Rows": 379,
            "Plan Width": 4,
            "Actual Startup Time": 0.619,
            "Actual Total Time": 0.627,
            "Actual Rows": 7,
            "Actual Loops": 1,
            "Index Cond": "(person_id = 2345141)",
            "Rows Removed by Index Recheck": 0,
            "Filter": "(role_id < 6)",
            "Rows Removed by Filter": 0
          },
          {
            "Node Type": "Index Scan",
            "Parent Relationship": "Inner",
            "Parallel Aware": false,
            "Scan Direction": "Forward",
            "Index Name": "title_pkey",
            "Relation Name": "title",
            "Alias": "t",
            "Startup Cost": 0.43,
            "Total Cost": 8.37,
            "Plan Rows": 1,
            "Plan Width": 4,
            "Actual Startup Time": 0.008,
            "Actual Total Time": 0.008,
            "Actual Rows": 1,
            "Actual Loops": 7,
            "Index Cond": "(id = ci.movie_id)",
            "Rows Removed by Index Recheck": 0,
            "Filter": "(production_year > 1991)",
            "Rows Removed by Filter": 0
          }
        ]
      }
    ]
  },
  "Planning Time": 0.457,
  "Triggers": [],
  "Execution Time": 0.764
}