[
  {
    "Plan": {
      "Node Type": "Aggregate",
      "Strategy": "Plain",
      "Partial Mode": "Finalize",
      "Parallel Aware": false,
      "Startup Cost": 597276.0,
      "Total Cost": 597276.01,
      "Plan Rows": 1,
      "Plan Width": 8,
      "Actual Startup Time": 2793.168,
      "Actual Total Time": 2877.256,
      "Actual Rows": 1,
      "Actual Loops": 1,
      "Plans": [
        {
          "Node Type": "Gather",
          "Parent Relationship": "Outer",
          "Parallel Aware": false,
          "Startup Cost": 597275.38,
          "Total Cost": 597275.99,
          "Plan Rows": 6,
          "Plan Width": 8,
          "Actual Startup Time": 2770.363,
          "Actual Total Time": 2877.239,
          "Actual Rows": 7,
          "Actual Loops": 1,
          "Workers Planned": 6,
          "Workers Launched": 6,
          "Single Copy": false,
          "Plans": [
            {
              "Node Type": "Aggregate",
              "Strategy": "Plain",
              "Partial Mode": "Partial",
              "Parent Relationship": "Outer",
              "Parallel Aware": false,
              "Startup Cost": 596275.38,
              "Total Cost": 596275.39,
              "Plan Rows": 1,
              "Plan Width": 8,
              "Actual Startup Time": 2755.355,
              "Actual Total Time": 2755.931,
              "Actual Rows": 1,
              "Actual Loops": 7,
              "Plans": [
                {
                  "Node Type": "Hash Join",
                  "Parent Relationship": "Outer",
                  "Parallel Aware": true,
                  "Join Type": "Inner",
                  "Startup Cost": 253607.94,
                  "Total Cost": 592813.74,
                  "Plan Rows": 1384655,
                  "Plan Width": 0,
                  "Actual Startup Time": 1076.148,
                  "Actual Total Time": 2583.711,
                  "Actual Rows": 3990184,
                  "Actual Loops": 7,
                  "Inner Unique": false,
                  "Hash Cond": "(ci.movie_id = t.id)",
                  "Plans": [
                    {
                      "Node Type": "Seq Scan",
                      "Parent Relationship": "Outer",
                      "Parallel Aware": true,
                      "Relation Name": "cast_info",
                      "Alias": "ci",
                      "Startup Cost": 0.0,
                      "Total Cost": 328162.03,
                      "Plan Rows": 2206523,
                      "Plan Width": 4,
                      "Actual Startup Time": 243.002,
                      "Actual Total Time": 576.921,
                      "Actual Rows": 1886009,
                      "Actual Loops": 7,
                      "Filter": "(person_id > 2354244)",
                      "Rows Removed by Filter": 3291755
                    },
                    {
                      "Node Type": "Hash",
                      "Parent Relationship": "Inner",
                      "Parallel Aware": true,
                      "Startup Cost": 249641.51,
                      "Total Cost": 249641.51,
                      "Plan Rows": 317315,
                      "Plan Width": 8,
                      "Actual Startup Time": 828.296,
                      "Actual Total Time": 828.87,
                      "Actual Rows": 417570,
                      "Actual Loops": 7,
                      "Hash Buckets": 4194304,
                      "Original Hash Buckets": 2097152,
                      "Hash Batches": 1,
                      "Original Hash Batches": 1,
                      "Peak Memory Usage": 163616,
                      "Plans": [
                        {
                          "Node Type": "Hash Join",
                          "Parent Relationship": "Outer",
                          "Parallel Aware": true,
                          "Join Type": "Inner",
                          "Startup Cost": 47630.82,
                          "Total Cost": 249641.51,
                          "Plan Rows": 317315,
                          "Plan Width": 8,
                          "Actual Startup Time": 120.369,
                          "Actual Total Time": 627.483,
                          "Actual Rows": 417570,
                          "Actual Loops": 7,
                          "Inner Unique": true,
                          "Hash Cond": "(mi.movie_id = t.id)",
                          "Plans": [
                            {
                              "Node Type": "Seq Scan",
                              "Parent Relationship": "Outer",
                              "Parallel Aware": true,
                              "Relation Name": "movie_info",
                              "Alias": "mi",
                              "Startup Cost": 0.0,
                              "Total Cost": 198952.16,
                              "Plan Rows": 1165150,
                              "Plan Width": 4,
                              "Actual Startup Time": 0.028,
                              "Actual Total Time": 296.322,
                              "Actual Rows": 840709,
                              "Actual Loops": 7,
                              "Filter": "(info_type_id < 7)",
                              "Rows Removed by Filter": 1278680
                            },
                            {
                              "Node Type": "Hash",
                              "Parent Relationship": "Inner",
                              "Parallel Aware": true,
                              "Startup Cost": 45479.1,
                              "Total Cost": 45479.1,
                              "Plan Rows": 172138,
                              "Plan Width": 4,
                              "Actual Startup Time": 118.039,
                              "Actual Total Time": 118.041,
                              "Actual Rows": 83680,
                              "Actual Loops": 7,
                              "Hash Buckets": 1048576,
                              "Original Hash Buckets": 1048576,
                              "Hash Batches": 1,
                              "Original Hash Batches": 1,
                              "Peak Memory Usage": 31232,
                              "Plans": [
                                {
                                  "Node Type": "Seq Scan",
                                  "Parent Relationship": "Outer",
                                  "Parallel Aware": true,
                                  "Relation Name": "title",
                                  "Alias": "t",
                                  "Startup Cost": 0.0,
                                  "Total Cost": 45479.1,
                                  "Plan Rows": 172138,
                                  "Plan Width": 4,
                                  "Actual Startup Time": 0.043,
                                  "Actual Total Time": 78.058,
                                  "Actual Rows": 83680,
                                  "Actual Loops": 7,
                                  "Filter": "((kind_id < 7) AND (production_year > 1990))",
                                  "Rows Removed by Filter": 277508
                                }
                              ]
                            }
                          ]
                        }
                      ]
                    }
                  ]
                }
              ]
            }
          ]
        }
      ]
    },
    "Planning Time": 1.337,
    "Triggers": [],
    "Execution Time": 2877.359
  }
]