{
    "Plan": {
        "Node Type": "Aggregate",
        "Strategy": "Plain",
        "Partial Mode": "Simple",
        "Parallel Aware": false,
        "Startup Cost": 802.16,
        "Total Cost": 802.17,
        "Plan Rows": 1,
        "Plan Width": 8,
        "Actual Startup Time": 22.329,
        "Actual Total Time": 22.333,
        "Actual Rows": 1,
        "Actual Loops": 1,
        "Output": [
            "count(*)"
        ],
        "Plans": [
            {
                "Node Type": "Nested Loop",
                "Parent Relationship": "Outer",
                "Parallel Aware": false,
                "Join Type": "Inner",
                "Startup Cost": 1.29,
                "Total Cost": 802.01,
                "Plan Rows": 58,
                "Plan Width": 0,
                "Actual Startup Time": 21.273,
                "Actual Total Time": 22.309,
                "Actual Rows": 42,
                "Actual Loops": 1,
                "Inner Unique": false,
                "Plans": [
                    {
                        "Node Type": "Nested Loop",
                        "Parent Relationship": "Outer",
                        "Parallel Aware": false,
                        "Join Type": "Inner",
                        "Startup Cost": 0.86,
                        "Total Cost": 713.37,
                        "Plan Rows": 52,
                        "Plan Width": 8,
                        "Actual Startup Time": 21.248,
                        "Actual Total Time": 21.78,
                        "Actual Rows": 38,
                        "Actual Loops": 1,
                        "Output": [
                            "t.id",
                            "mc.movie_id"
                        ],
                        "Inner Unique": true,
                        "Plans": [
                            {
                                "Node Type": "Index Scan",
                                "Parent Relationship": "Outer",
                                "Parallel Aware": false,
                                "Scan Direction": "Forward",
                                "Index Name": "company_id_movie_companies",
                                "Relation Name": "movie_companies",
                                "Schema": "public",
                                "Alias": "mc",
                                "Startup Cost": 0.43,
                                "Total Cost": 274.1,
                                "Plan Rows": 52,
                                "Plan Width": 4,
                                "Actual Startup Time": 21.213,
                                "Actual Total Time": 21.324,
                                "Actual Rows": 38,
                                "Actual Loops": 1,
                                "Output": [
                                    "mc.id",
                                    "mc.movie_id",
                                    "mc.company_id",
                                    "mc.company_type_id",
                                    "mc.note"
                                ],
                                "Index Cond": "(mc.company_id = 15365)",
                                "Rows Removed by Index Recheck": 0,
                                "Filter": "(mc.company_type_id = 2)",
                                "Rows Removed by Filter": 259
                            },
                            {
                                "Node Type": "Index Only Scan",
                                "Parent Relationship": "Inner",
                                "Parallel Aware": false,
                                "Scan Direction": "Forward",
                                "Index Name": "title_pkey",
                                "Relation Name": "title",
                                "Schema": "public",
                                "Alias": "t",
                                "Startup Cost": 0.43,
                                "Total Cost": 8.45,
                                "Plan Rows": 1,
                                "Plan Width": 4,
                                "Actual Startup Time": 0.011,
                                "Actual Total Time": 0.011,
                                "Actual Rows": 1,
                                "Actual Loops": 38,
                                "Output": [
                                    "t.id"
                                ],
                                "Index Cond": "(t.id = mc.movie_id)",
                                "Rows Removed by Index Recheck": 0,
                                "Heap Fetches": 38
                            }
                        ]
                    },
                    {
                        "Node Type": "Index Scan",
                        "Parent Relationship": "Inner",
                        "Parallel Aware": false,
                        "Scan Direction": "Forward",
                        "Index Name": "movie_id_movie_keyword",
                        "Relation Name": "movie_keyword",
                        "Schema": "public",
                        "Alias": "mk",
                        "Startup Cost": 0.43,
                        "Total Cost": 1.42,
                        "Plan Rows": 28,
                        "Plan Width": 4,
                        "Actual Startup Time": 0.012,
                        "Actual Total Time": 0.013,
                        "Actual Rows": 1,
                        "Actual Loops": 38,
                        "Output": [
                            "mk.id",
                            "mk.movie_id",
                            "mk.keyword_id"
                        ],
                        "Index Cond": "(mk.movie_id = t.id)",
                        "Rows Removed by Index Recheck": 0,
                        "Filter": "(mk.keyword_id < 8561)",
                        "Rows Removed by Filter": 0
                    }
                ]
            }
        ]
    },
    "Planning Time": 1.648,
    "Triggers": [],
    "Execution Time": 22.41
}