[
  {
    "Plan": {
      "Node Type": "Aggregate",
      "Strategy": "Plain",
      "Partial Mode": "Finalize",
      "Parallel Aware": false,
      "Startup Cost": 30811.92,
      "Total Cost": 30811.93,
      "Plan Rows": 1,
      "Plan Width": 8,
      "Actual Startup Time": 107.462,
      "Actual Total Time": 118.308,
      "Actual Rows": 1,
      "Actual Loops": 1,
      "Plans": [
        {
          "Node Type": "Gather",
          "Parent Relationship": "Outer",
          "Parallel Aware": false,
          "Startup Cost": 30811.6,
          "Total Cost": 30811.91,
          "Plan Rows": 3,
          "Plan Width": 8,
          "Actual Startup Time": 107.307,
          "Actual Total Time": 118.298,
          "Actual Rows": 4,
          "Actual Loops": 1,
          "Workers Planned": 3,
          "Workers Launched": 3,
          "Single Copy": false,
          "Plans": [
            {
              "Node Type": "Aggregate",
              "Strategy": "Plain",
              "Partial Mode": "Partial",
              "Parent Relationship": "Outer",
              "Parallel Aware": false,
              "Startup Cost": 29811.6,
              "Total Cost": 29811.61,
              "Plan Rows": 1,
              "Plan Width": 8,
              "Actual Startup Time": 98.889,
              "Actual Total Time": 98.89,
              "Actual Rows": 1,
              "Actual Loops": 4,
              "Plans": [
                {
                  "Node Type": "Seq Scan",
                  "Parent Relationship": "Outer",
                  "Parallel Aware": true,
                  "Relation Name": "movie_companies",
                  "Alias": "mc",
                  "Startup Cost": 0.0,
                  "Total Cost": 29310.68,
                  "Plan Rows": 200369,
                  "Plan Width": 0,
                  "Actual Startup Time": 43.336,
                  "Actual Total Time": 90.022,
                  "Actual Rows": 154030,
                  "Actual Loops": 4,
                  "Filter": "(company_id > 63232)",
                  "Rows Removed by Filter": 498252
                }
              ]
            }
          ]
        }
      ]
    },
    "Planning Time": 0.17,
    "Triggers": [],
    "Execution Time": 118.356
  }
]