[
  {
    "Plan": {
      "Node Type": "Aggregate",
      "Strategy": "Plain",
      "Partial Mode": "Finalize",
      "Parallel Aware": false,
      "Startup Cost": 46900.67,
      "Total Cost": 46900.68,
      "Plan Rows": 1,
      "Plan Width": 8,
      "Actual Startup Time": 109.359,
      "Actual Total Time": 125.534,
      "Actual Rows": 1,
      "Actual Loops": 1,
      "Plans": [
        {
          "Node Type": "Gather",
          "Parent Relationship": "Outer",
          "Parallel Aware": false,
          "Startup Cost": 46900.25,
          "Total Cost": 46900.66,
          "Plan Rows": 4,
          "Plan Width": 8,
          "Actual Startup Time": 109.181,
          "Actual Total Time": 125.519,
          "Actual Rows": 5,
          "Actual Loops": 1,
          "Workers Planned": 4,
          "Workers Launched": 4,
          "Single Copy": false,
          "Plans": [
            {
              "Node Type": "Aggregate",
              "Strategy": "Plain",
              "Partial Mode": "Partial",
              "Parent Relationship": "Outer",
              "Parallel Aware": false,
              "Startup Cost": 45900.25,
              "Total Cost": 45900.26,
              "Plan Rows": 1,
              "Plan Width": 8,
              "Actual Startup Time": 101.912,
              "Actual Total Time": 101.915,
              "Actual Rows": 1,
              "Actual Loops": 5,
              "Plans": [
                {
                  "Node Type": "Nested Loop",
                  "Parent Relationship": "Outer",
                  "Parallel Aware": false,
                  "Join Type": "Inner",
                  "Startup Cost": 0.43,
                  "Total Cost": 45900.08,
                  "Plan Rows": 68,
                  "Plan Width": 0,
                  "Actual Startup Time": 64.045,
                  "Actual Total Time": 101.717,
                  "Actual Rows": 1591,
                  "Actual Loops": 5,
                  "Inner Unique": false,
                  "Plans": [
                    {
                      "Node Type": "Seq Scan",
                      "Parent Relationship": "Outer",
                      "Parallel Aware": true,
                      "Relation Name": "title",
                      "Alias": "t",
                      "Startup Cost": 0.0,
                      "Total Cost": 43899.32,
                      "Plan Rows": 12,
                      "Plan Width": 4,
                      "Actual Startup Time": 63.893,
                      "Actual Total Time": 90.713,
                      "Actual Rows": 207,
                      "Actual Loops": 5,
                      "Filter": "(production_year < 1897)",
                      "Rows Removed by Filter": 505455
                    },
                    {
                      "Node Type": "Index Only Scan",
                      "Parent Relationship": "Inner",
                      "Parallel Aware": false,
                      "Scan Direction": "Forward",
                      "Index Name": "movie_id_movie_info",
                      "Relation Name": "movie_info",
                      "Alias": "mi",
                      "Startup Cost": 0.43,
                      "Total Cost": 166.32,
                      "Plan Rows": 41,
                      "Plan Width": 4,
                      "Actual Startup Time": 0.021,
                      "Actual Total Time": 0.052,
                      "Actual Rows": 8,
                      "Actual Loops": 1036,
                      "Index Cond": "(movie_id = t.id)",
                      "Rows Removed by Index Recheck": 0,
                      "Heap Fetches": 7957
                    }
                  ]
                }
              ]
            }
          ]
        }
      ]
    },
    "Planning Time": 0.557,
    "Triggers": [],
    "Execution Time": 125.603
  }
]