{
    "Plan": {
        "Node Type": "Aggregate",
        "Strategy": "Plain",
        "Partial Mode": "Finalize",
        "Parallel Aware": false,
        "Startup Cost": 94015.43,
        "Total Cost": 94015.44,
        "Plan Rows": 1,
        "Plan Width": 8,
        "Actual Startup Time": 467.806,
        "Actual Total Time": 487.831,
        "Actual Rows": 1,
        "Actual Loops": 1,
        "Output": [
            "count(*)"
        ],
        "Plans": [
            {
                "Node Type": "Gather",
                "Parent Relationship": "Outer",
                "Parallel Aware": false,
                "Startup Cost": 94015.01,
                "Total Cost": 94015.42,
                "Plan Rows": 4,
                "Plan Width": 8,
                "Actual Startup Time": 466.147,
                "Actual Total Time": 487.818,
                "Actual Rows": 5,
                "Actual Loops": 1,
                "Output": [
                    "(PARTIAL count(*))"
                ],
                "Workers Planned": 4,
                "Workers Launched": 4,
                "Single Copy": false,
                "Plans": [
                    {
                        "Node Type": "Aggregate",
                        "Strategy": "Plain",
                        "Partial Mode": "Partial",
                        "Parent Relationship": "Outer",
                        "Parallel Aware": false,
                        "Startup Cost": 93015.01,
                        "Total Cost": 93015.02,
                        "Plan Rows": 1,
                        "Plan Width": 8,
                        "Actual Startup Time": 456.149,
                        "Actual Total Time": 456.153,
                        "Actual Rows": 1,
                        "Actual Loops": 5,
                        "Output": [
                            "PARTIAL count(*)"
                        ],
                        "Workers": [
                            {
                                "Worker Number": 0,
                                "Actual Startup Time": 453.244,
                                "Actual Total Time": 453.248,
                                "Actual Rows": 1,
                                "Actual Loops": 1
                            },
                            {
                                "Worker Number": 1,
                                "Actual Startup Time": 453.961,
                                "Actual Total Time": 453.965,
                                "Actual Rows": 1,
                                "Actual Loops": 1
                            },
                            {
                                "Worker Number": 2,
                                "Actual Startup Time": 454.112,
                                "Actual Total Time": 454.115,
                                "Actual Rows": 1,
                                "Actual Loops": 1
                            },
                            {
                                "Worker Number": 3,
                                "Actual Startup Time": 454.106,
                                "Actual Total Time": 454.108,
                                "Actual Rows": 1,
                                "Actual Loops": 1
                            }
                        ],
                        "Plans": [
                            {
                                "Node Type": "Nested Loop",
                                "Parent Relationship": "Outer",
                                "Parallel Aware": false,
                                "Join Type": "Inner",
                                "Startup Cost": 17512.54,
                                "Total Cost": 92957.9,
                                "Plan Rows": 22842,
                                "Plan Width": 0,
                                "Actual Startup Time": 72.437,
                                "Actual Total Time": 449.825,
                                "Actual Rows": 123551,
                                "Actual Loops": 5,
                                "Inner Unique": false,
                                "Workers": [
                                    {
                                        "Worker Number": 0,
                                        "Actual Startup Time": 69.368,
                                        "Actual Total Time": 447.912,
                                        "Actual Rows": 101534,
                                        "Actual Loops": 1
                                    },
                                    {
                                        "Worker Number": 1,
                                        "Actual Startup Time": 70.42,
                                        "Actual Total Time": 447.501,
                                        "Actual Rows": 124542,
                                        "Actual Loops": 1
                                    },
                                    {
                                        "Worker Number": 2,
                                        "Actual Startup Time": 70.375,
                                        "Actual Total Time": 447.528,
                                        "Actual Rows": 125946,
                                        "Actual Loops": 1
                                    },
                                    {
                                        "Worker Number": 3,
                                        "Actual Startup Time": 70.507,
                                        "Actual Total Time": 447.735,
                                        "Actual Rows": 122894,
                                        "Actual Loops": 1
                                    }
                                ],
                                "Plans": [
                                    {
                                        "Node Type": "Hash Join",
                                        "Parent Relationship": "Outer",
                                        "Parallel Aware": true,
                                        "Join Type": "Inner",
                                        "Startup Cost": 17512.11,
                                        "Total Cost": 62532.54,
                                        "Plan Rows": 45158,
                                        "Plan Width": 8,
                                        "Actual Startup Time": 72.347,
                                        "Actual Total Time": 220.135,
                                        "Actual Rows": 63604,
                                        "Actual Loops": 5,
                                        "Output": [
                                            "t.id",
                                            "mi_idx.movie_id"
                                        ],
                                        "Inner Unique": false,
                                        "Hash Cond": "(t.id = mi_idx.movie_id)",
                                        "Workers": [
                                            {
                                                "Worker Number": 0,
                                                "Actual Startup Time": 69.255,
                                                "Actual Total Time": 213.076,
                                                "Actual Rows": 51726,
                                                "Actual Loops": 1
                                            },
                                            {
                                                "Worker Number": 1,
                                                "Actual Startup Time": 70.301,
                                                "Actual Total Time": 219.482,
                                                "Actual Rows": 64216,
                                                "Actual Loops": 1
                                            },
                                            {
                                                "Worker Number": 2,
                                                "Actual Startup Time": 70.283,
                                                "Actual Total Time": 219.052,
                                                "Actual Rows": 64460,
                                                "Actual Loops": 1
                                            },
                                            {
                                                "Worker Number": 3,
                                                "Actual Startup Time": 70.429,
                                                "Actual Total Time": 219.721,
                                                "Actual Rows": 63591,
                                                "Actual Loops": 1
                                            }
                                        ],
                                        "Plans": [
                                            {
                                                "Node Type": "Seq Scan",
                                                "Parent Relationship": "Outer",
                                                "Parallel Aware": true,
                                                "Relation Name": "title",
                                                "Schema": "public",
                                                "Alias": "t",
                                                "Startup Cost": 0.0,
                                                "Total Cost": 43899.01,
                                                "Plan Rows": 248871,
                                                "Plan Width": 4,
                                                "Actual Startup Time": 0.028,
                                                "Actual Total Time": 69.491,
                                                "Actual Rows": 197010,
                                                "Actual Loops": 5,
                                                "Output": [
                                                    "t.id",
                                                    "t.title",
                                                    "t.imdb_index",
                                                    "t.kind_id",
                                                    "t.production_year",
                                                    "t.imdb_id",
                                                    "t.phonetic_code",
                                                    "t.episode_of_id",
                                                    "t.season_nr",
                                                    "t.episode_nr",
                                                    "t.series_years",
                                                    "t.md5sum"
                                                ],
                                                "Filter": "(t.kind_id < 7)",
                                                "Rows Removed by Filter": 308653,
                                                "Workers": [
                                                    {
                                                        "Worker Number": 0,
                                                        "Actual Startup Time": 0.033,
                                                        "Actual Total Time": 66.556,
                                                        "Actual Rows": 160190,
                                                        "Actual Loops": 1
                                                    },
                                                    {
                                                        "Worker Number": 1,
                                                        "Actual Startup Time": 0.033,
                                                        "Actual Total Time": 72.564,
                                                        "Actual Rows": 198785,
                                                        "Actual Loops": 1
                                                    },
                                                    {
                                                        "Worker Number": 2,
                                                        "Actual Startup Time": 0.029,
                                                        "Actual Total Time": 72.372,
                                                        "Actual Rows": 200524,
                                                        "Actual Loops": 1
                                                    },
                                                    {
                                                        "Worker Number": 3,
                                                        "Actual Startup Time": 0.035,
                                                        "Actual Total Time": 72.025,
                                                        "Actual Rows": 196719,
                                                        "Actual Loops": 1
                                                    }
                                                ]
                                            },
                                            {
                                                "Node Type": "Hash",
                                                "Parent Relationship": "Inner",
                                                "Parallel Aware": true,
                                                "Startup Cost": 15122.68,
                                                "Total Cost": 15122.68,
                                                "Plan Rows": 191154,
                                                "Plan Width": 4,
                                                "Actual Startup Time": 69.352,
                                                "Actual Total Time": 69.353,
                                                "Actual Rows": 91985,
                                                "Actual Loops": 5,
                                                "Output": [
                                                    "mi_idx.movie_id"
                                                ],
                                                "Hash Buckets": 524288,
                                                "Original Hash Buckets": 524288,
                                                "Hash Batches": 1,
                                                "Original Hash Batches": 1,
                                                "Peak Memory Usage": 22176,
                                                "Workers": [
                                                    {
                                                        "Worker Number": 0,
                                                        "Actual Startup Time": 68.629,
                                                        "Actual Total Time": 68.63,
                                                        "Actual Rows": 74329,
                                                        "Actual Loops": 1
                                                    },
                                                    {
                                                        "Worker Number": 1,
                                                        "Actual Startup Time": 69.697,
                                                        "Actual Total Time": 69.698,
                                                        "Actual Rows": 89459,
                                                        "Actual Loops": 1
                                                    },
                                                    {
                                                        "Worker Number": 2,
                                                        "Actual Startup Time": 69.805,
                                                        "Actual Total Time": 69.805,
                                                        "Actual Rows": 87943,
                                                        "Actual Loops": 1
                                                    },
                                                    {
                                                        "Worker Number": 3,
                                                        "Actual Startup Time": 69.769,
                                                        "Actual Total Time": 69.769,
                                                        "Actual Rows": 91012,
                                                        "Actual Loops": 1
                                                    }
                                                ],
                                                "Plans": [
                                                    {
                                                        "Node Type": "Seq Scan",
                                                        "Parent Relationship": "Outer",
                                                        "Parallel Aware": true,
                                                        "Relation Name": "movie_info_idx",
                                                        "Schema": "public",
                                                        "Alias": "mi_idx",
                                                        "Startup Cost": 0.0,
                                                        "Total Cost": 15122.68,
                                                        "Plan Rows": 191154,
                                                        "Plan Width": 4,
                                                        "Actual Startup Time": 0.033,
                                                        "Actual Total Time": 36.239,
                                                        "Actual Rows": 91985,
                                                        "Actual Loops": 5,
                                                        "Output": [
                                                            "mi_idx.movie_id"
                                                        ],
                                                        "Filter": "(mi_idx.info_type_id < 100)",
                                                        "Rows Removed by Filter": 184022,
                                                        "Workers": [
                                                            {
                                                                "Worker Number": 0,
                                                                "Actual Startup Time": 0.045,
                                                                "Actual Total Time": 35.31,
                                                                "Actual Rows": 74329,
                                                                "Actual Loops": 1
                                                            },
                                                            {
                                                                "Worker Number": 1,
                                                                "Actual Startup Time": 0.031,
                                                                "Actual Total Time": 37.205,
                                                                "Actual Rows": 89459,
                                                                "Actual Loops": 1
                                                            },
                                                            {
                                                                "Worker Number": 2,
                                                                "Actual Startup Time": 0.044,
                                                                "Actual Total Time": 37.331,
                                                                "Actual Rows": 87943,
                                                                "Actual Loops": 1
                                                            },
                                                            {
                                                                "Worker Number": 3,
                                                                "Actual Startup Time": 0.027,
                                                                "Actual Total Time": 37.448,
                                                                "Actual Rows": 91012,
                                                                "Actual Loops": 1
                                                            }
                                                        ]
                                                    }
                                                ]
                                            }
                                        ]
                                    },
                                    {
                                        "Node Type": "Index Scan",
                                        "Parent Relationship": "Inner",
                                        "Parallel Aware": false,
                                        "Scan Direction": "Forward",
                                        "Index Name": "movie_id_movie_companies",
                                        "Relation Name": "movie_companies",
                                        "Schema": "public",
                                        "Alias": "mc",
                                        "Startup Cost": 0.43,
                                        "Total Cost": 0.64,
                                        "Plan Rows": 3,
                                        "Plan Width": 4,
                                        "Actual Startup Time": 0.003,
                                        "Actual Total Time": 0.003,
                                        "Actual Rows": 2,
                                        "Actual Loops": 318019,
                                        "Output": [
                                            "mc.id",
                                            "mc.movie_id",
                                            "mc.company_id",
                                            "mc.company_type_id",
                                            "mc.note"
                                        ],
                                        "Index Cond": "(mc.movie_id = t.id)",
                                        "Rows Removed by Index Recheck": 0,
                                        "Filter": "(mc.company_type_id < 2)",
                                        "Rows Removed by Filter": 1,
                                        "Workers": [
                                            {
                                                "Worker Number": 0,
                                                "Actual Startup Time": 0.003,
                                                "Actual Total Time": 0.004,
                                                "Actual Rows": 2,
                                                "Actual Loops": 51726
                                            },
                                            {
                                                "Worker Number": 1,
                                                "Actual Startup Time": 0.002,
                                                "Actual Total Time": 0.003,
                                                "Actual Rows": 2,
                                                "Actual Loops": 64216
                                            },
                                            {
                                                "Worker Number": 2,
                                                "Actual Startup Time": 0.002,
                                                "Actual Total Time": 0.003,
                                                "Actual Rows": 2,
                                                "Actual Loops": 64460
                                            },
                                            {
                                                "Worker Number": 3,
                                                "Actual Startup Time": 0.003,
                                                "Actual Total Time": 0.003,
                                                "Actual Rows": 2,
                                                "Actual Loops": 63591
                                            }
                                        ]
                                    }
                                ]
                            }
                        ]
                    }
                ]
            }
        ]
    },
    "Planning Time": 1.578,
    "Triggers": [],
    "Execution Time": 487.92
}