[
  {
    "Plan": {
      "Node Type": "Aggregate",
      "Strategy": "Plain",
      "Partial Mode": "Finalize",
      "Parallel Aware": false,
      "Startup Cost": 82512.88,
      "Total Cost": 82512.89,
      "Plan Rows": 1,
      "Plan Width": 8,
      "Actual Startup Time": 206.726,
      "Actual Total Time": 225.415,
      "Actual Rows": 1,
      "Actual Loops": 1,
      "Plans": [
        {
          "Node Type": "Gather",
          "Parent Relationship": "Outer",
          "Parallel Aware": false,
          "Startup Cost": 82512.56,
          "Total Cost": 82512.87,
          "Plan Rows": 3,
          "Plan Width": 8,
          "Actual Startup Time": 206.214,
          "Actual Total Time": 225.405,
          "Actual Rows": 4,
          "Actual Loops": 1,
          "Workers Planned": 3,
          "Workers Launched": 3,
          "Single Copy": false,
          "Plans": [
            {
              "Node Type": "Aggregate",
              "Strategy": "Plain",
              "Partial Mode": "Partial",
              "Parent Relationship": "Outer",
              "Parallel Aware": false,
              "Startup Cost": 81512.56,
              "Total Cost": 81512.57,
              "Plan Rows": 1,
              "Plan Width": 8,
              "Actual Startup Time": 197.147,
              "Actual Total Time": 197.151,
              "Actual Rows": 1,
              "Actual Loops": 4,
              "Plans": [
                {
                  "Node Type": "Hash Join",
                  "Parent Relationship": "Outer",
                  "Parallel Aware": true,
                  "Join Type": "Inner",
                  "Startup Cost": 54923.12,
                  "Total Cost": 81503.77,
                  "Plan Rows": 3516,
                  "Plan Width": 0,
                  "Actual Startup Time": 128.56,
                  "Actual Total Time": 196.895,
                  "Actual Rows": 3008,
                  "Actual Loops": 4,
                  "Inner Unique": true,
                  "Hash Cond": "(mk.movie_id = t.id)",
                  "Plans": [
                    {
                      "Node Type": "Bitmap Heap Scan",
                      "Parent Relationship": "Outer",
                      "Parallel Aware": true,
                      "Relation Name": "movie_keyword",
                      "Alias": "mk",
                      "Startup Cost": 9246.46,
                      "Total Cost": 35458.02,
                      "Plan Rows": 140605,
                      "Plan Width": 4,
                      "Actual Startup Time": 26.153,
                      "Actual Total Time": 80.114,
                      "Actual Rows": 106348,
                      "Actual Loops": 4,
                      "Recheck Cond": "(keyword_id > 41089)",
                      "Rows Removed by Index Recheck": 0,
                      "Exact Heap Blocks": 8914,
                      "Lossy Heap Blocks": 0,
                      "Plans": [
                        {
                          "Node Type": "Bitmap Index Scan",
                          "Parent Relationship": "Outer",
                          "Parallel Aware": false,
                          "Index Name": "keyword_id_movie_keyword",
                          "Startup Cost": 0.0,
                          "Total Cost": 9137.5,
                          "Plan Rows": 435875,
                          "Plan Width": 0,
                          "Actual Startup Time": 22.746,
                          "Actual Total Time": 22.746,
                          "Actual Rows": 425394,
                          "Actual Loops": 1,
                          "Index Cond": "(keyword_id > 41089)"
                        }
                      ]
                    },
                    {
                      "Node Type": "Hash",
                      "Parent Relationship": "Inner",
                      "Parallel Aware": true,
                      "Startup Cost": 45479.1,
                      "Total Cost": 45479.1,
                      "Plan Rows": 15805,
                      "Plan Width": 4,
                      "Actual Startup Time": 100.538,
                      "Actual Total Time": 100.539,
                      "Actual Rows": 13442,
                      "Actual Loops": 4,
                      "Hash Buckets": 65536,
                      "Original Hash Buckets": 65536,
                      "Hash Batches": 1,
                      "Original Hash Batches": 1,
                      "Peak Memory Usage": 2688,
                      "Plans": [
                        {
                          "Node Type": "Seq Scan",
                          "Parent Relationship": "Outer",
                          "Parallel Aware": true,
                          "Relation Name": "title",
                          "Alias": "t",
                          "Startup Cost": 0.0,
                          "Total Cost": 45479.1,
                          "Plan Rows": 15805,
                          "Plan Width": 4,
                          "Actual Startup Time": 0.104,
                          "Actual Total Time": 95.508,
                          "Actual Rows": 13442,
                          "Actual Loops": 4,
                          "Filter": "((kind_id < 7) AND (production_year = 2011))",
                          "Rows Removed by Filter": 618636
                        }
                      ]
                    }
                  ]
                }
              ]
            }
          ]
        }
      ]
    },
    "Planning Time": 0.65,
    "Triggers": [],
    "Execution Time": 225.507
  }
]