[
    {
        "Bao": {
            "Bao prediction": 1183.367,
            "Bao recommended hint": "SET enable_nestloop TO off; "
        }
    },
    {
        "Plan": {
            "Node Type": "Aggregate",
            "Strategy": "Plain",
            "Partial Mode": "Finalize",
            "Parallel Aware": false,
            "Startup Cost": 212113.97,
            "Total Cost": 212113.98,
            "Plan Rows": 1,
            "Plan Width": 8,
            "Actual Startup Time": 395.639,
            "Actual Total Time": 405.66,
            "Actual Rows": 1,
            "Actual Loops": 1,
            "Output": [
                "count(*)"
            ],
            "Plans": [
                {
                    "Node Type": "Gather",
                    "Parent Relationship": "Outer",
                    "Parallel Aware": false,
                    "Startup Cost": 212113.55,
                    "Total Cost": 212113.96,
                    "Plan Rows": 4,
                    "Plan Width": 8,
                    "Actual Startup Time": 388.455,
                    "Actual Total Time": 405.637,
                    "Actual Rows": 5,
                    "Actual Loops": 1,
                    "Output": [
                        "(PARTIAL count(*))"
                    ],
                    "Workers Planned": 4,
                    "Workers Launched": 4,
                    "Single Copy": false,
                    "Plans": [
                        {
                            "Node Type": "Aggregate",
                            "Strategy": "Plain",
                            "Partial Mode": "Partial",
                            "Parent Relationship": "Outer",
                            "Parallel Aware": false,
                            "Startup Cost": 211113.55,
                            "Total Cost": 211113.56,
                            "Plan Rows": 1,
                            "Plan Width": 8,
                            "Actual Startup Time": 378.639,
                            "Actual Total Time": 378.763,
                            "Actual Rows": 1,
                            "Actual Loops": 5,
                            "Output": [
                                "PARTIAL count(*)"
                            ],
                            "Workers": [
                                {
                                    "Worker Number": 0,
                                    "Actual Startup Time": 376.632,
                                    "Actual Total Time": 376.637,
                                    "Actual Rows": 1,
                                    "Actual Loops": 1
                                },
                                {
                                    "Worker Number": 1,
                                    "Actual Startup Time": 376.269,
                                    "Actual Total Time": 376.274,
                                    "Actual Rows": 1,
                                    "Actual Loops": 1
                                },
                                {
                                    "Worker Number": 2,
                                    "Actual Startup Time": 376.429,
                                    "Actual Total Time": 376.435,
                                    "Actual Rows": 1,
                                    "Actual Loops": 1
                                },
                                {
                                    "Worker Number": 3,
                                    "Actual Startup Time": 376.424,
                                    "Actual Total Time": 376.428,
                                    "Actual Rows": 1,
                                    "Actual Loops": 1
                                }
                            ],
                            "Plans": [
                                {
                                    "Node Type": "Hash Join",
                                    "Parent Relationship": "Outer",
                                    "Parallel Aware": true,
                                    "Join Type": "Inner",
                                    "Startup Cost": 166367.72,
                                    "Total Cost": 211104.44,
                                    "Plan Rows": 3646,
                                    "Plan Width": 0,
                                    "Actual Startup Time": 205.892,
                                    "Actual Total Time": 374.061,
                                    "Actual Rows": 68698,
                                    "Actual Loops": 5,
                                    "Inner Unique": false,
                                    "Hash Cond": "(t.id = mc.movie_id)",
                                    "Workers": [
                                        {
                                            "Worker Number": 0,
                                            "Actual Startup Time": 203.331,
                                            "Actual Total Time": 371.761,
                                            "Actual Rows": 69751,
                                            "Actual Loops": 1
                                        },
                                        {
                                            "Worker Number": 1,
                                            "Actual Startup Time": 203.575,
                                            "Actual Total Time": 371.928,
                                            "Actual Rows": 61902,
                                            "Actual Loops": 1
                                        },
                                        {
                                            "Worker Number": 2,
                                            "Actual Startup Time": 203.853,
                                            "Actual Total Time": 372.057,
                                            "Actual Rows": 62727,
                                            "Actual Loops": 1
                                        },
                                        {
                                            "Worker Number": 3,
                                            "Actual Startup Time": 204.071,
                                            "Actual Total Time": 371.753,
                                            "Actual Rows": 67054,
                                            "Actual Loops": 1
                                        }
                                    ],
                                    "Plans": [
                                        {
                                            "Node Type": "Seq Scan",
                                            "Parent Relationship": "Outer",
                                            "Parallel Aware": true,
                                            "Relation Name": "title",
                                            "Schema": "public",
                                            "Alias": "t",
                                            "Startup Cost": 0.0,
                                            "Total Cost": 42318.81,
                                            "Plan Rows": 632080,
                                            "Plan Width": 4,
                                            "Actual Startup Time": 0.009,
                                            "Actual Total Time": 79.811,
                                            "Actual Rows": 505662,
                                            "Actual Loops": 5,
                                            "Output": [
                                                "t.id",
                                                "t.title",
                                                "t.imdb_index",
                                                "t.kind_id",
                                                "t.production_year",
                                                "t.imdb_id",
                                                "t.phonetic_code",
                                                "t.episode_of_id",
                                                "t.season_nr",
                                                "t.episode_nr",
                                                "t.series_years",
                                                "t.md5sum"
                                            ],
                                            "Workers": [
                                                {
                                                    "Worker Number": 0,
                                                    "Actual Startup Time": 0.007,
                                                    "Actual Total Time": 81.592,
                                                    "Actual Rows": 483313,
                                                    "Actual Loops": 1
                                                },
                                                {
                                                    "Worker Number": 1,
                                                    "Actual Startup Time": 0.007,
                                                    "Actual Total Time": 81.893,
                                                    "Actual Rows": 472234,
                                                    "Actual Loops": 1
                                                },
                                                {
                                                    "Worker Number": 2,
                                                    "Actual Startup Time": 0.018,
                                                    "Actual Total Time": 82.403,
                                                    "Actual Rows": 486958,
                                                    "Actual Loops": 1
                                                },
                                                {
                                                    "Worker Number": 3,
                                                    "Actual Startup Time": 0.007,
                                                    "Actual Total Time": 82.267,
                                                    "Actual Rows": 483131,
                                                    "Actual Loops": 1
                                                }
                                            ]
                                        },
                                        {
                                            "Node Type": "Hash",
                                            "Parent Relationship": "Inner",
                                            "Parallel Aware": true,
                                            "Startup Cost": 166129.65,
                                            "Total Cost": 166129.65,
                                            "Plan Rows": 19046,
                                            "Plan Width": 8,
                                            "Actual Startup Time": 204.143,
                                            "Actual Total Time": 204.265,
                                            "Actual Rows": 68698,
                                            "Actual Loops": 5,
                                            "Output": [
                                                "mc.movie_id",
                                                "mi.movie_id"
                                            ],
                                            "Hash Buckets": 524288,
                                            "Original Hash Buckets": 131072,
                                            "Hash Batches": 1,
                                            "Original Hash Batches": 1,
                                            "Peak Memory Usage": 20672,
                                            "Workers": [
                                                {
                                                    "Worker Number": 0,
                                                    "Actual Startup Time": 202.809,
                                                    "Actual Total Time": 202.813,
                                                    "Actual Rows": 69024,
                                                    "Actual Loops": 1
                                                },
                                                {
                                                    "Worker Number": 1,
                                                    "Actual Startup Time": 202.849,
                                                    "Actual Total Time": 202.852,
                                                    "Actual Rows": 67875,
                                                    "Actual Loops": 1
                                                },
                                                {
                                                    "Worker Number": 2,
                                                    "Actual Startup Time": 203.072,
                                                    "Actual Total Time": 203.076,
                                                    "Actual Rows": 67919,
                                                    "Actual Loops": 1
                                                },
                                                {
                                                    "Worker Number": 3,
                                                    "Actual Startup Time": 202.996,
                                                    "Actual Total Time": 203.0,
                                                    "Actual Rows": 67711,
                                                    "Actual Loops": 1
                                                }
                                            ],
                                            "Plans": [
                                                {
                                                    "Node Type": "Hash Join",
                                                    "Parent Relationship": "Outer",
                                                    "Parallel Aware": true,
                                                    "Join Type": "Inner",
                                                    "Startup Cost": 34764.92,
                                                    "Total Cost": 166129.65,
                                                    "Plan Rows": 19046,
                                                    "Plan Width": 8,
                                                    "Actual Startup Time": 155.858,
                                                    "Actual Total Time": 174.666,
                                                    "Actual Rows": 68698,
                                                    "Actual Loops": 5,
                                                    "Output": [
                                                        "mc.movie_id",
                                                        "mi.movie_id"
                                                    ],
                                                    "Inner Unique": false,
                                                    "Hash Cond": "(mi.movie_id = mc.movie_id)",
                                                    "Workers": [
                                                        {
                                                            "Worker Number": 0,
                                                            "Actual Startup Time": 154.573,
                                                            "Actual Total Time": 173.026,
                                                            "Actual Rows": 69024,
                                                            "Actual Loops": 1
                                                        },
                                                        {
                                                            "Worker Number": 1,
                                                            "Actual Startup Time": 154.588,
                                                            "Actual Total Time": 173.45,
                                                            "Actual Rows": 67875,
                                                            "Actual Loops": 1
                                                        },
                                                        {
                                                            "Worker Number": 2,
                                                            "Actual Startup Time": 154.689,
                                                            "Actual Total Time": 173.58,
                                                            "Actual Rows": 67919,
                                                            "Actual Loops": 1
                                                        },
                                                        {
                                                            "Worker Number": 3,
                                                            "Actual Startup Time": 154.751,
                                                            "Actual Total Time": 173.458,
                                                            "Actual Rows": 67711,
                                                            "Actual Loops": 1
                                                        }
                                                    ],
                                                    "Plans": [
                                                        {
                                                            "Node Type": "Bitmap Heap Scan",
                                                            "Parent Relationship": "Outer",
                                                            "Parallel Aware": true,
                                                            "Relation Name": "movie_info",
                                                            "Schema": "public",
                                                            "Alias": "mi",
                                                            "Startup Cost": 1348.0,
                                                            "Total Cost": 132558.45,
                                                            "Plan Rows": 18567,
                                                            "Plan Width": 4,
                                                            "Actual Startup Time": 3.911,
                                                            "Actual Total Time": 8.86,
                                                            "Actual Rows": 13605,
                                                            "Actual Loops": 5,
                                                            "Output": [
                                                                "mi.id",
                                                                "mi.movie_id",
                                                                "mi.info_type_id",
                                                                "mi.info",
                                                                "mi.note"
                                                            ],
                                                            "Recheck Cond": "(mi.info_type_id = 94)",
                                                            "Rows Removed by Index Recheck": 0,
                                                            "Exact Heap Blocks": 458,
                                                            "Lossy Heap Blocks": 0,
                                                            "Workers": [
                                                                {
                                                                    "Worker Number": 0,
                                                                    "Actual Startup Time": 3.929,
                                                                    "Actual Total Time": 8.868,
                                                                    "Actual Rows": 13276,
                                                                    "Actual Loops": 1
                                                                },
                                                                {
                                                                    "Worker Number": 1,
                                                                    "Actual Startup Time": 3.948,
                                                                    "Actual Total Time": 9.3,
                                                                    "Actual Rows": 13070,
                                                                    "Actual Loops": 1
                                                                },
                                                                {
                                                                    "Worker Number": 2,
                                                                    "Actual Startup Time": 3.863,
                                                                    "Actual Total Time": 9.078,
                                                                    "Actual Rows": 13957,
                                                                    "Actual Loops": 1
                                                                },
                                                                {
                                                                    "Worker Number": 3,
                                                                    "Actual Startup Time": 3.957,
                                                                    "Actual Total Time": 9.128,
                                                                    "Actual Rows": 13858,
                                                                    "Actual Loops": 1
                                                                }
                                                            ],
                                                            "Plans": [
                                                                {
                                                                    "Node Type": "Bitmap Index Scan",
                                                                    "Parent Relationship": "Outer",
                                                                    "Parallel Aware": false,
                                                                    "Index Name": "info_type_id_movie_info",
                                                                    "Startup Cost": 0.0,
                                                                    "Total Cost": 1329.44,
                                                                    "Plan Rows": 74267,
                                                                    "Plan Width": 0,
                                                                    "Actual Startup Time": 3.385,
                                                                    "Actual Total Time": 3.385,
                                                                    "Actual Rows": 68025,
                                                                    "Actual Loops": 1,
                                                                    "Index Cond": "(mi.info_type_id = 94)"
                                                                }
                                                            ]
                                                        },
                                                        {
                                                            "Node Type": "Hash",
                                                            "Parent Relationship": "Inner",
                                                            "Parallel Aware": true,
                                                            "Startup Cost": 31414.82,
                                                            "Total Cost": 31414.82,
                                                            "Plan Rows": 160168,
                                                            "Plan Width": 4,
                                                            "Actual Startup Time": 150.268,
                                                            "Actual Total Time": 150.269,
                                                            "Actual Rows": 141489,
                                                            "Actual Loops": 5,
                                                            "Output": [
                                                                "mc.movie_id"
                                                            ],
                                                            "Hash Buckets": 1048576,
                                                            "Original Hash Buckets": 524288,
                                                            "Hash Batches": 1,
                                                            "Original Hash Batches": 1,
                                                            "Peak Memory Usage": 40032,
                                                            "Workers": [
                                                                {
                                                                    "Worker Number": 0,
                                                                    "Actual Startup Time": 150.531,
                                                                    "Actual Total Time": 150.532,
                                                                    "Actual Rows": 136749,
                                                                    "Actual Loops": 1
                                                                },
                                                                {
                                                                    "Worker Number": 1,
                                                                    "Actual Startup Time": 150.587,
                                                                    "Actual Total Time": 150.588,
                                                                    "Actual Rows": 131180,
                                                                    "Actual Loops": 1
                                                                },
                                                                {
                                                                    "Worker Number": 2,
                                                                    "Actual Startup Time": 150.703,
                                                                    "Actual Total Time": 150.704,
                                                                    "Actual Rows": 138008,
                                                                    "Actual Loops": 1
                                                                },
                                                                {
                                                                    "Worker Number": 3,
                                                                    "Actual Startup Time": 150.717,
                                                                    "Actual Total Time": 150.718,
                                                                    "Actual Rows": 134859,
                                                                    "Actual Loops": 1
                                                                }
                                                            ],
                                                            "Plans": [
                                                                {
                                                                    "Node Type": "Seq Scan",
                                                                    "Parent Relationship": "Outer",
                                                                    "Parallel Aware": true,
                                                                    "Relation Name": "movie_companies",
                                                                    "Schema": "public",
                                                                    "Alias": "mc",
                                                                    "Startup Cost": 0.0,
                                                                    "Total Cost": 31414.82,
                                                                    "Plan Rows": 160168,
                                                                    "Plan Width": 4,
                                                                    "Actual Startup Time": 0.061,
                                                                    "Actual Total Time": 82.317,
                                                                    "Actual Rows": 141489,
                                                                    "Actual Loops": 5,
                                                                    "Output": [
                                                                        "mc.movie_id"
                                                                    ],
                                                                    "Filter": "((mc.company_id < 5208) AND (mc.company_type_id < 2))",
                                                                    "Rows Removed by Filter": 380337,
                                                                    "Workers": [
                                                                        {
                                                                            "Worker Number": 0,
                                                                            "Actual Startup Time": 0.074,
                                                                            "Actual Total Time": 82.725,
                                                                            "Actual Rows": 136749,
                                                                            "Actual Loops": 1
                                                                        },
                                                                        {
                                                                            "Worker Number": 1,
                                                                            "Actual Startup Time": 0.074,
                                                                            "Actual Total Time": 83.734,
                                                                            "Actual Rows": 131180,
                                                                            "Actual Loops": 1
                                                                        },
                                                                        {
                                                                            "Worker Number": 2,
                                                                            "Actual Startup Time": 0.07,
                                                                            "Actual Total Time": 83.293,
                                                                            "Actual Rows": 138008,
                                                                            "Actual Loops": 1
                                                                        },
                                                                        {
                                                                            "Worker Number": 3,
                                                                            "Actual Startup Time": 0.064,
                                                                            "Actual Total Time": 82.978,
                                                                            "Actual Rows": 134859,
                                                                            "Actual Loops": 1
                                                                        }
                                                                    ]
                                                                }
                                                            ]
                                                        }
                                                    ]
                                                }
                                            ]
                                        }
                                    ]
                                }
                            ]
                        }
                    ]
                }
            ]
        },
        "Planning Time": 1467.29,
        "Triggers": [],
        "Execution Time": 405.899
    }
]