{
  "Plan": {
    "Node Type": "Gather",
    "Parallel Aware": false,
    "Startup Cost": 35456.16,
    "Total Cost": 123214.47,
    "Plan Rows": 262758,
    "Plan Width": 4,
    "Actual Startup Time": 188.999,
    "Actual Total Time": 652.12,
    "Actual Rows": 259406,
    "Actual Loops": 1,
    "Workers Planned": 1,
    "Workers Launched": 1,
    "Single Copy": false,
    "Plans": [
      {
        "Node Type": "Hash Join",
        "Parent Relationship": "Outer",
        "Parallel Aware": true,
        "Join Type": "Inner",
        "Startup Cost": 34456.16,
        "Total Cost": 95938.67,
        "Plan Rows": 154564,
        "Plan Width": 4,
        "Actual Startup Time": 182.256,
        "Actual Total Time": 587.664,
        "Actual Rows": 129703,
        "Actual Loops": 2,
        "Inner Unique": true,
        "Hash Cond": "(mc.company_id = cn.id)",
        "Plans": [
          {
            "Node Type": "Hash Join",
            "Parent Relationship": "Outer",
            "Parallel Aware": true,
            "Join Type": "Inner",
            "Startup Cost": 28350.9,
            "Total Cost": 89427.67,
            "Plan Rows": 154564,
            "Plan Width": 4,
            "Actual Startup Time": 111.938,
            "Actual Total Time": 491.773,
            "Actual Rows": 129703,
            "Actual Loops": 2,
            "Inner Unique": false,
            "Hash Cond": "(t.id = mc.movie_id)",
            "Plans": [
              {
                "Node Type": "Seq Scan",
                "Parent Relationship": "Outer",
                "Parallel Aware": true,
                "Relation Name": "title",
                "Alias": "t",
                "Startup Cost": 0.0,
                "Total Cost": 50871.58,
                "Plan Rows": 1487358,
                "Plan Width": 4,
                "Actual Startup Time": 0.014,
                "Actual Total Time": 141.365,
                "Actual Rows": 1264156,
                "Actual Loops": 2
              },
              {
                "Node Type": "Hash",
                "Parent Relationship": "Inner",
                "Parallel Aware": true,
                "Startup Cost": 26418.85,
                "Total Cost": 26418.85,
                "Plan Rows": 154564,
                "Plan Width": 8,
                "Actual Startup Time": 110.108,
                "Actual Total Time": 110.109,
                "Actual Rows": 129703,
                "Actual Loops": 2,
                "Hash Buckets": 524288,
                "Original Hash Buckets": 524288,
                "Hash Batches": 1,
                "Original Hash Batches": 1,
                "Peak Memory Usage": 14272,
                "Plans": [
                  {
                    "Node Type": "Bitmap Heap Scan",
                    "Parent Relationship": "Outer",
                    "Parallel Aware": true,
                    "Relation Name": "movie_companies",
                    "Alias": "mc",
                    "Startup Cost": 5696.8,
                    "Total Cost": 26418.85,
                    "Plan Rows": 154564,
                    "Plan Width": 8,
                    "Actual Startup Time": 15.955,
                    "Actual Total Time": 69.948,
                    "Actual Rows": 129703,
                    "Actual Loops": 2,
                    "Recheck Cond": "(company_id < 133)",
                    "Rows Removed by Index Recheck": 0,
                    "Exact Heap Blocks": 12277,
                    "Lossy Heap Blocks": 0,
                    "Plans": [
                      {
                        "Node Type": "Bitmap Index Scan",
                        "Parent Relationship": "Outer",
                        "Parallel Aware": false,
                        "Index Name": "company_id_movie_companies",
                        "Startup Cost": 0.0,
                        "Total Cost": 5631.11,
                        "Plan Rows": 262758,
                        "Plan Width": 0,
                        "Actual Startup Time": 13.357,
                        "Actual Total Time": 13.358,
                        "Actual Rows": 259406,
                        "Actual Loops": 1,
                        "Index Cond": "(company_id < 133)"
                      }
                    ]
                  }
                ]
              }
            ]
          },
          {
            "Node Type": "Hash",
            "Parent Relationship": "Inner",
            "Parallel Aware": true,
            "Startup Cost": 4377.34,
            "Total Cost": 4377.34,
            "Plan Rows": 138234,
            "Plan Width": 4,
            "Actual Startup Time": 66.455,
            "Actual Total Time": 66.456,
            "Actual Rows": 117498,
            "Actual Loops": 2,
            "Hash Buckets": 262144,
            "Original Hash Buckets": 262144,
            "Hash Batches": 1,
            "Original Hash Batches": 1,
            "Peak Memory Usage": 11264,
            "Plans": [
              {
                "Node Type": "Seq Scan",
                "Parent Relationship": "Outer",
                "Parallel Aware": true,
                "Relation Name": "company_name",
                "Alias": "cn",
                "Startup Cost": 0.0,
                "Total Cost": 4377.34,
                "Plan Rows": 138234,
                "Plan Width": 4,
                "Actual Startup Time": 0.041,
                "Actual Total Time": 24.939,
                "Actual Rows": 117498,
                "Actual Loops": 2
              }
            ]
          }
        ]
      }
    ]
  },
  "Planning Time": 0.907,
  "Triggers": [],
  "Execution Time": 660.034
}