[
  {
    "Plan": {
      "Node Type": "Aggregate",
      "Strategy": "Plain",
      "Partial Mode": "Finalize",
      "Parallel Aware": false,
      "Startup Cost": 69281.23,
      "Total Cost": 69281.24,
      "Plan Rows": 1,
      "Plan Width": 8,
      "Actual Startup Time": 214.355,
      "Actual Total Time": 225.423,
      "Actual Rows": 1,
      "Actual Loops": 1,
      "Plans": [
        {
          "Node Type": "Gather",
          "Parent Relationship": "Outer",
          "Parallel Aware": false,
          "Startup Cost": 69280.91,
          "Total Cost": 69281.22,
          "Plan Rows": 3,
          "Plan Width": 8,
          "Actual Startup Time": 213.653,
          "Actual Total Time": 225.415,
          "Actual Rows": 4,
          "Actual Loops": 1,
          "Workers Planned": 3,
          "Workers Launched": 3,
          "Single Copy": false,
          "Plans": [
            {
              "Node Type": "Aggregate",
              "Strategy": "Plain",
              "Partial Mode": "Partial",
              "Parent Relationship": "Outer",
              "Parallel Aware": false,
              "Startup Cost": 68280.91,
              "Total Cost": 68280.92,
              "Plan Rows": 1,
              "Plan Width": 8,
              "Actual Startup Time": 206.043,
              "Actual Total Time": 206.046,
              "Actual Rows": 1,
              "Actual Loops": 4,
              "Plans": [
                {
                  "Node Type": "Hash Join",
                  "Parent Relationship": "Outer",
                  "Parallel Aware": true,
                  "Join Type": "Inner",
                  "Startup Cost": 38819.95,
                  "Total Cost": 68235.84,
                  "Plan Rows": 18026,
                  "Plan Width": 0,
                  "Actual Startup Time": 84.268,
                  "Actual Total Time": 204.849,
                  "Actual Rows": 21062,
                  "Actual Loops": 4,
                  "Inner Unique": true,
                  "Hash Cond": "(mc.movie_id = t.id)",
                  "Plans": [
                    {
                      "Node Type": "Seq Scan",
                      "Parent Relationship": "Outer",
                      "Parallel Aware": true,
                      "Relation Name": "movie_companies",
                      "Alias": "mc",
                      "Startup Cost": 0.0,
                      "Total Cost": 27206.55,
                      "Plan Rows": 841655,
                      "Plan Width": 4,
                      "Actual Startup Time": 0.019,
                      "Actual Total Time": 65.144,
                      "Actual Rows": 652282,
                      "Actual Loops": 4
                    },
                    {
                      "Node Type": "Hash",
                      "Parent Relationship": "Inner",
                      "Parallel Aware": true,
                      "Startup Cost": 38650.73,
                      "Total Cost": 38650.73,
                      "Plan Rows": 13538,
                      "Plan Width": 4,
                      "Actual Startup Time": 57.442,
                      "Actual Total Time": 57.444,
                      "Actual Rows": 16136,
                      "Actual Loops": 4,
                      "Hash Buckets": 65536,
                      "Original Hash Buckets": 65536,
                      "Hash Batches": 1,
                      "Original Hash Batches": 1,
                      "Peak Memory Usage": 3072,
                      "Plans": [
                        {
                          "Node Type": "Bitmap Heap Scan",
                          "Parent Relationship": "Outer",
                          "Parallel Aware": true,
                          "Relation Name": "title",
                          "Alias": "t",
                          "Startup Cost": 2194.47,
                          "Total Cost": 38650.73,
                          "Plan Rows": 13538,
                          "Plan Width": 4,
                          "Actual Startup Time": 15.366,
                          "Actual Total Time": 51.248,
                          "Actual Rows": 16136,
                          "Actual Loops": 4,
                          "Recheck Cond": "(kind_id = 4)",
                          "Rows Removed by Index Recheck": 0,
                          "Filter": "(production_year > 2004)",
                          "Rows Removed by Filter": 13423,
                          "Exact Heap Blocks": 7896,
                          "Lossy Heap Blocks": 0,
                          "Plans": [
                            {
                              "Node Type": "Bitmap Index Scan",
                              "Parent Relationship": "Outer",
                              "Parallel Aware": false,
                              "Index Name": "kind_id_title",
                              "Startup Cost": 0.0,
                              "Total Cost": 2180.94,
                              "Plan Rows": 122201,
                              "Plan Width": 0,
                              "Actual Startup Time": 15.697,
                              "Actual Total Time": 15.697,
                              "Actual Rows": 118234,
                              "Actual Loops": 1,
                              "Index Cond": "(kind_id = 4)"
                            }
                          ]
                        }
                      ]
                    }
                  ]
                }
              ]
            }
          ]
        }
      ]
    },
    "Planning Time": 0.654,
    "Triggers": [],
    "Execution Time": 225.511
  }
]