[
  {
    "Plan": {
      "Node Type": "Aggregate",
      "Strategy": "Plain",
      "Partial Mode": "Finalize",
      "Parallel Aware": false,
      "Startup Cost": 425872.59,
      "Total Cost": 425872.6,
      "Plan Rows": 1,
      "Plan Width": 8,
      "Actual Startup Time": 2743.612,
      "Actual Total Time": 2801.243,
      "Actual Rows": 1,
      "Actual Loops": 1,
      "Plans": [
        {
          "Node Type": "Gather",
          "Parent Relationship": "Outer",
          "Parallel Aware": false,
          "Startup Cost": 425872.28,
          "Total Cost": 425872.59,
          "Plan Rows": 3,
          "Plan Width": 8,
          "Actual Startup Time": 2721.534,
          "Actual Total Time": 2801.231,
          "Actual Rows": 4,
          "Actual Loops": 1,
          "Workers Planned": 3,
          "Workers Launched": 3,
          "Single Copy": false,
          "Plans": [
            {
              "Node Type": "Aggregate",
              "Strategy": "Plain",
              "Partial Mode": "Partial",
              "Parent Relationship": "Outer",
              "Parallel Aware": false,
              "Startup Cost": 424872.28,
              "Total Cost": 424872.29,
              "Plan Rows": 1,
              "Plan Width": 8,
              "Actual Startup Time": 2716.887,
              "Actual Total Time": 2719.158,
              "Actual Rows": 1,
              "Actual Loops": 4,
              "Plans": [
                {
                  "Node Type": "Hash Join",
                  "Parent Relationship": "Outer",
                  "Parallel Aware": true,
                  "Join Type": "Inner",
                  "Startup Cost": 378146.83,
                  "Total Cost": 423548.9,
                  "Plan Rows": 529351,
                  "Plan Width": 0,
                  "Actual Startup Time": 1450.893,
                  "Actual Total Time": 2338.635,
                  "Actual Rows": 8628343,
                  "Actual Loops": 4,
                  "Inner Unique": false,
                  "Hash Cond": "(mk.movie_id = t.id)",
                  "Plans": [
                    {
                      "Node Type": "Seq Scan",
                      "Parent Relationship": "Outer",
                      "Parallel Aware": true,
                      "Relation Name": "movie_keyword",
                      "Alias": "mk",
                      "Startup Cost": 0.0,
                      "Total Cost": 39047.32,
                      "Plan Rows": 1459332,
                      "Plan Width": 4,
                      "Actual Startup Time": 0.036,
                      "Actual Total Time": 89.058,
                      "Actual Rows": 1130982,
                      "Actual Loops": 4
                    },
                    {
                      "Node Type": "Hash",
                      "Parent Relationship": "Inner",
                      "Parallel Aware": true,
                      "Startup Cost": 376236.11,
                      "Total Cost": 376236.11,
                      "Plan Rows": 152858,
                      "Plan Width": 8,
                      "Actual Startup Time": 1447.786,
                      "Actual Total Time": 1450.055,
                      "Actual Rows": 704430,
                      "Actual Loops": 4,
                      "Hash Buckets": 4194304,
                      "Original Hash Buckets": 1048576,
                      "Hash Batches": 1,
                      "Original Hash Batches": 1,
                      "Peak Memory Usage": 167648,
                      "Plans": [
                        {
                          "Node Type": "Hash Join",
                          "Parent Relationship": "Outer",
                          "Parallel Aware": true,
                          "Join Type": "Inner",
                          "Startup Cost": 115761.03,
                          "Total Cost": 376236.11,
                          "Plan Rows": 152858,
                          "Plan Width": 8,
                          "Actual Startup Time": 471.618,
                          "Actual Total Time": 1025.314,
                          "Actual Rows": 704430,
                          "Actual Loops": 4,
                          "Inner Unique": true,
                          "Hash Cond": "(ci.movie_id = t.id)",
                          "Plans": [
                            {
                              "Node Type": "Bitmap Heap Scan",
                              "Parent Relationship": "Outer",
                              "Parallel Aware": true,
                              "Relation Name": "cast_info",
                              "Alias": "ci",
                              "Startup Cost": 64488.53,
                              "Total Cost": 324533.62,
                              "Plan Rows": 163807,
                              "Plan Width": 4,
                              "Actual Startup Time": 106.414,
                              "Actual Total Time": 291.037,
                              "Actual Rows": 715071,
                              "Actual Loops": 4,
                              "Recheck Cond": "(person_id > 3522686)",
                              "Rows Removed by Index Recheck": 0,
                              "Filter": "(role_id > 3)",
                              "Rows Removed by Filter": 0,
                              "Exact Heap Blocks": 9650,
                              "Lossy Heap Blocks": 0,
                              "Plans": [
                                {
                                  "Node Type": "Bitmap Index Scan",
                                  "Parent Relationship": "Outer",
                                  "Parallel Aware": false,
                                  "Index Name": "person_id_cast_info",
                                  "Startup Cost": 0.0,
                                  "Total Cost": 64242.82,
                                  "Plan Rows": 2943234,
                                  "Plan Width": 0,
                                  "Actual Startup Time": 99.837,
                                  "Actual Total Time": 99.837,
                                  "Actual Rows": 2860283,
                                  "Actual Loops": 1,
                                  "Index Cond": "(person_id > 3522686)"
                                }
                              ]
                            },
                            {
                              "Node Type": "Hash",
                              "Parent Relationship": "Inner",
                              "Parallel Aware": true,
                              "Startup Cost": 43899.32,
                              "Total Cost": 43899.32,
                              "Plan Rows": 589854,
                              "Plan Width": 4,
                              "Actual Startup Time": 358.025,
                              "Actual Total Time": 358.026,
                              "Actual Rows": 588756,
                              "Actual Loops": 4,
                              "Hash Buckets": 4194304,
                              "Original Hash Buckets": 4194304,
                              "Hash Batches": 1,
                              "Original Hash Batches": 1,
                              "Peak Memory Usage": 124960,
                              "Plans": [
                                {
                                  "Node Type": "Seq Scan",
                                  "Parent Relationship": "Outer",
                                  "Parallel Aware": true,
                                  "Relation Name": "title",
                                  "Alias": "t",
                                  "Startup Cost": 0.0,
                                  "Total Cost": 43899.32,
                                  "Plan Rows": 589854,
                                  "Plan Width": 4,
                                  "Actual Startup Time": 0.048,
                                  "Actual Total Time": 114.627,
                                  "Actual Rows": 588756,
                                  "Actual Loops": 4,
                                  "Filter": "(production_year > 1924)",
                                  "Rows Removed by Filter": 43322
                                }
                              ]
                            }
                          ]
                        }
                      ]
                    }
                  ]
                }
              ]
            }
          ]
        }
      ]
    },
    "Planning Time": 0.53,
    "Triggers": [],
    "Execution Time": 2801.307
  }
]