[
  {
    "Plan": {
      "Node Type": "Aggregate",
      "Strategy": "Plain",
      "Partial Mode": "Finalize",
      "Parallel Aware": false,
      "Startup Cost": 32938.11,
      "Total Cost": 32938.12,
      "Plan Rows": 1,
      "Plan Width": 8,
      "Actual Startup Time": 103.262,
      "Actual Total Time": 111.965,
      "Actual Rows": 1,
      "Actual Loops": 1,
      "Plans": [
        {
          "Node Type": "Gather",
          "Parent Relationship": "Outer",
          "Parallel Aware": false,
          "Startup Cost": 32937.8,
          "Total Cost": 32938.11,
          "Plan Rows": 3,
          "Plan Width": 8,
          "Actual Startup Time": 103.134,
          "Actual Total Time": 111.956,
          "Actual Rows": 4,
          "Actual Loops": 1,
          "Workers Planned": 3,
          "Workers Launched": 3,
          "Single Copy": false,
          "Plans": [
            {
              "Node Type": "Aggregate",
              "Strategy": "Plain",
              "Partial Mode": "Partial",
              "Parent Relationship": "Outer",
              "Parallel Aware": false,
              "Startup Cost": 31937.8,
              "Total Cost": 31937.81,
              "Plan Rows": 1,
              "Plan Width": 8,
              "Actual Startup Time": 96.458,
              "Actual Total Time": 96.459,
              "Actual Rows": 1,
              "Actual Loops": 4,
              "Plans": [
                {
                  "Node Type": "Seq Scan",
                  "Parent Relationship": "Outer",
                  "Parallel Aware": true,
                  "Relation Name": "movie_companies",
                  "Alias": "mc",
                  "Startup Cost": 0.0,
                  "Total Cost": 31414.82,
                  "Plan Rows": 209191,
                  "Plan Width": 0,
                  "Actual Startup Time": 0.028,
                  "Actual Total Time": 82.897,
                  "Actual Rows": 224814,
                  "Actual Loops": 4,
                  "Filter": "((company_id < 11427) AND (company_type_id < 2))",
                  "Rows Removed by Filter": 427468
                }
              ]
            }
          ]
        }
      ]
    },
    "Planning Time": 0.097,
    "Triggers": [],
    "Execution Time": 111.994
  }
]