[
  {
    "Plan": {
      "Node Type": "Aggregate",
      "Strategy": "Plain",
      "Partial Mode": "Finalize",
      "Parallel Aware": false,
      "Startup Cost": 385249.31,
      "Total Cost": 385249.32,
      "Plan Rows": 1,
      "Plan Width": 8,
      "Actual Startup Time": 1173.658,
      "Actual Total Time": 1238.563,
      "Actual Rows": 1,
      "Actual Loops": 1,
      "Plans": [
        {
          "Node Type": "Gather",
          "Parent Relationship": "Outer",
          "Parallel Aware": false,
          "Startup Cost": 385248.69,
          "Total Cost": 385249.3,
          "Plan Rows": 6,
          "Plan Width": 8,
          "Actual Startup Time": 1169.345,
          "Actual Total Time": 1238.55,
          "Actual Rows": 7,
          "Actual Loops": 1,
          "Workers Planned": 6,
          "Workers Launched": 6,
          "Single Copy": false,
          "Plans": [
            {
              "Node Type": "Aggregate",
              "Strategy": "Plain",
              "Partial Mode": "Partial",
              "Parent Relationship": "Outer",
              "Parallel Aware": false,
              "Startup Cost": 384248.69,
              "Total Cost": 384248.7,
              "Plan Rows": 1,
              "Plan Width": 8,
              "Actual Startup Time": 1159.045,
              "Actual Total Time": 1159.048,
              "Actual Rows": 1,
              "Actual Loops": 7,
              "Plans": [
                {
                  "Node Type": "Hash Join",
                  "Parent Relationship": "Outer",
                  "Parallel Aware": true,
                  "Join Type": "Inner",
                  "Startup Cost": 45274.43,
                  "Total Cost": 382710.93,
                  "Plan Rows": 615102,
                  "Plan Width": 0,
                  "Actual Startup Time": 237.131,
                  "Actual Total Time": 1144.109,
                  "Actual Rows": 352634,
                  "Actual Loops": 7,
                  "Inner Unique": true,
                  "Hash Cond": "(ci.movie_id = t.id)",
                  "Plans": [
                    {
                      "Node Type": "Seq Scan",
                      "Parent Relationship": "Outer",
                      "Parallel Aware": true,
                      "Relation Name": "cast_info",
                      "Alias": "ci",
                      "Startup Cost": 0.0,
                      "Total Cost": 328162.03,
                      "Plan Rows": 3533131,
                      "Plan Width": 4,
                      "Actual Startup Time": 137.592,
                      "Actual Total Time": 547.241,
                      "Actual Rows": 3035905,
                      "Actual Loops": 7,
                      "Filter": "(person_id > 1479854)",
                      "Rows Removed by Filter": 2141858
                    },
                    {
                      "Node Type": "Hash",
                      "Parent Relationship": "Inner",
                      "Parallel Aware": true,
                      "Startup Cost": 43898.92,
                      "Total Cost": 43898.92,
                      "Plan Rows": 110041,
                      "Plan Width": 4,
                      "Actual Startup Time": 96.757,
                      "Actual Total Time": 96.757,
                      "Actual Rows": 64510,
                      "Actual Loops": 7,
                      "Hash Buckets": 524288,
                      "Original Hash Buckets": 524288,
                      "Hash Batches": 1,
                      "Original Hash Batches": 1,
                      "Peak Memory Usage": 21888,
                      "Plans": [
                        {
                          "Node Type": "Seq Scan",
                          "Parent Relationship": "Outer",
                          "Parallel Aware": true,
                          "Relation Name": "title",
                          "Alias": "t",
                          "Startup Cost": 0.0,
                          "Total Cost": 43898.92,
                          "Plan Rows": 110041,
                          "Plan Width": 4,
                          "Actual Startup Time": 0.049,
                          "Actual Total Time": 72.037,
                          "Actual Rows": 64510,
                          "Actual Loops": 7,
                          "Filter": "(production_year < 1976)",
                          "Rows Removed by Filter": 296678
                        }
                      ]
                    }
                  ]
                }
              ]
            }
          ]
        }
      ]
    },
    "Planning Time": 0.6,
    "Triggers": [],
    "Execution Time": 1238.65
  }
]