{
  "Plan": {
    "Node Type": "Aggregate",
    "Strategy": "Plain",
    "Partial Mode": "Finalize",
    "Parallel Aware": false,
    "Startup Cost": 536154.01,
    "Total Cost": 536154.02,
    "Plan Rows": 1,
    "Plan Width": 8,
    "Actual Startup Time": 2148.105,
    "Actual Total Time": 2171.412,
    "Actual Rows": 1,
    "Actual Loops": 1,
    "Plans": [
      {
        "Node Type": "Gather",
        "Parent Relationship": "Outer",
        "Parallel Aware": false,
        "Startup Cost": 536153.9,
        "Total Cost": 536154.01,
        "Plan Rows": 1,
        "Plan Width": 8,
        "Actual Startup Time": 2145.672,
        "Actual Total Time": 2171.401,
        "Actual Rows": 2,
        "Actual Loops": 1,
        "Workers Planned": 1,
        "Workers Launched": 1,
        "Single Copy": false,
        "Plans": [
          {
            "Node Type": "Aggregate",
            "Strategy": "Plain",
            "Partial Mode": "Partial",
            "Parent Relationship": "Outer",
            "Parallel Aware": false,
            "Startup Cost": 535153.9,
            "Total Cost": 535153.91,
            "Plan Rows": 1,
            "Plan Width": 8,
            "Actual Startup Time": 2139.556,
            "Actual Total Time": 2139.56,
            "Actual Rows": 1,
            "Actual Loops": 2,
            "Plans": [
              {
                "Node Type": "Hash Join",
                "Parent Relationship": "Outer",
                "Parallel Aware": true,
                "Join Type": "Inner",
                "Startup Cost": 216250.94,
                "Total Cost": 531123.33,
                "Plan Rows": 1612228,
                "Plan Width": 0,
                "Actual Startup Time": 586.815,
                "Actual Total Time": 2076.524,
                "Actual Rows": 1504411,
                "Actual Loops": 2,
                "Inner Unique": true,
                "Hash Cond": "(ci.movie_id = t.id)",
                "Plans": [
                  {
                    "Node Type": "Bitmap Heap Scan",
                    "Parent Relationship": "Outer",
                    "Parallel Aware": true,
                    "Relation Name": "cast_info",
                    "Alias": "ci",
                    "Startup Cost": 154372.64,
                    "Total Cost": 458452.5,
                    "Plan Rows": 4111429,
                    "Plan Width": 4,
                    "Actual Startup Time": 280.609,
                    "Actual Total Time": 665.848,
                    "Actual Rows": 3579142,
                    "Actual Loops": 2,
                    "Recheck Cond": "(person_id < 692035)",
                    "Rows Removed by Index Recheck": 0,
                    "Exact Heap Blocks": 38054,
                    "Lossy Heap Blocks": 0,
                    "Plans": [
                      {
                        "Node Type": "Bitmap Index Scan",
                        "Parent Relationship": "Outer",
                        "Parallel Aware": false,
                        "Index Name": "person_id_cast_info",
                        "Startup Cost": 0.0,
                        "Total Cost": 152625.28,
                        "Plan Rows": 6989429,
                        "Plan Width": 0,
                        "Actual Startup Time": 267.351,
                        "Actual Total Time": 267.352,
                        "Actual Rows": 7158283,
                        "Actual Loops": 1,
                        "Index Cond": "(person_id < 692035)"
                      }
                    ]
                  },
                  {
                    "Node Type": "Hash",
                    "Parent Relationship": "Inner",
                    "Parallel Aware": true,
                    "Startup Cost": 54588.39,
                    "Total Cost": 54588.39,
                    "Plan Rows": 583193,
                    "Plan Width": 4,
                    "Actual Startup Time": 297.473,
                    "Actual Total Time": 297.474,
                    "Actual Rows": 492524,
                    "Actual Loops": 2,
                    "Hash Buckets": 1048576,
                    "Original Hash Buckets": 1048576,
                    "Hash Batches": 1,
                    "Original Hash Batches": 1,
                    "Peak Memory Usage": 46752,
                    "Plans": [
                      {
                        "Node Type": "Seq Scan",
                        "Parent Relationship": "Outer",
                        "Parallel Aware": true,
                        "Relation Name": "title",
                        "Alias": "t",
                        "Startup Cost": 0.0,
                        "Total Cost": 54588.39,
                        "Plan Rows": 583193,
                        "Plan Width": 4,
                        "Actual Startup Time": 0.037,
                        "Actual Total Time": 152.729,
                        "Actual Rows": 492524,
                        "Actual Loops": 2,
                        "Filter": "(kind_id < 7)",
                        "Rows Removed by Filter": 771632
                      }
                    ]
                  }
                ]
              }
            ]
          }
        ]
      }
    ]
  },
  "Planning Time": 0.521,
  "Triggers": [],
  "Execution Time": 2171.516
}