[
  {
    "Plan": {
      "Node Type": "Aggregate",
      "Strategy": "Plain",
      "Partial Mode": "Finalize",
      "Parallel Aware": false,
      "Startup Cost": 70768.59,
      "Total Cost": 70768.6,
      "Plan Rows": 1,
      "Plan Width": 8,
      "Actual Startup Time": 115.444,
      "Actual Total Time": 130.516,
      "Actual Rows": 1,
      "Actual Loops": 1,
      "Plans": [
        {
          "Node Type": "Gather",
          "Parent Relationship": "Outer",
          "Parallel Aware": false,
          "Startup Cost": 70768.17,
          "Total Cost": 70768.58,
          "Plan Rows": 4,
          "Plan Width": 8,
          "Actual Startup Time": 115.181,
          "Actual Total Time": 130.506,
          "Actual Rows": 5,
          "Actual Loops": 1,
          "Workers Planned": 4,
          "Workers Launched": 4,
          "Single Copy": false,
          "Plans": [
            {
              "Node Type": "Aggregate",
              "Strategy": "Plain",
              "Partial Mode": "Partial",
              "Parent Relationship": "Outer",
              "Parallel Aware": false,
              "Startup Cost": 69768.17,
              "Total Cost": 69768.18,
              "Plan Rows": 1,
              "Plan Width": 8,
              "Actual Startup Time": 105.292,
              "Actual Total Time": 105.294,
              "Actual Rows": 1,
              "Actual Loops": 5,
              "Plans": [
                {
                  "Node Type": "Nested Loop",
                  "Parent Relationship": "Outer",
                  "Parallel Aware": false,
                  "Join Type": "Inner",
                  "Startup Cost": 0.43,
                  "Total Cost": 69753.56,
                  "Plan Rows": 5844,
                  "Plan Width": 0,
                  "Actual Startup Time": 1.225,
                  "Actual Total Time": 104.896,
                  "Actual Rows": 6490,
                  "Actual Loops": 5,
                  "Inner Unique": false,
                  "Plans": [
                    {
                      "Node Type": "Seq Scan",
                      "Parent Relationship": "Outer",
                      "Parallel Aware": true,
                      "Relation Name": "title",
                      "Alias": "t",
                      "Startup Cost": 0.0,
                      "Total Cost": 43899.32,
                      "Plan Rows": 3266,
                      "Plan Width": 4,
                      "Actual Startup Time": 0.198,
                      "Actual Total Time": 83.32,
                      "Actual Rows": 2808,
                      "Actual Loops": 5,
                      "Filter": "(production_year = 1977)",
                      "Rows Removed by Filter": 502855
                    },
                    {
                      "Node Type": "Index Only Scan",
                      "Parent Relationship": "Inner",
                      "Parallel Aware": false,
                      "Scan Direction": "Forward",
                      "Index Name": "movie_id_movie_keyword",
                      "Relation Name": "movie_keyword",
                      "Alias": "mk",
                      "Startup Cost": 0.43,
                      "Total Cost": 7.46,
                      "Plan Rows": 46,
                      "Plan Width": 4,
                      "Actual Startup Time": 0.007,
                      "Actual Total Time": 0.007,
                      "Actual Rows": 2,
                      "Actual Loops": 14038,
                      "Index Cond": "(movie_id = t.id)",
                      "Rows Removed by Index Recheck": 0,
                      "Heap Fetches": 32452
                    }
                  ]
                }
              ]
            }
          ]
        }
      ]
    },
    "Planning Time": 0.556,
    "Triggers": [],
    "Execution Time": 130.593
  }
]