[
  {
    "Plan": {
      "Node Type": "Aggregate",
      "Strategy": "Plain",
      "Partial Mode": "Finalize",
      "Parallel Aware": false,
      "Startup Cost": 75144.6,
      "Total Cost": 75144.61,
      "Plan Rows": 1,
      "Plan Width": 8,
      "Actual Startup Time": 236.692,
      "Actual Total Time": 251.4,
      "Actual Rows": 1,
      "Actual Loops": 1,
      "Plans": [
        {
          "Node Type": "Gather",
          "Parent Relationship": "Outer",
          "Parallel Aware": false,
          "Startup Cost": 75144.28,
          "Total Cost": 75144.59,
          "Plan Rows": 3,
          "Plan Width": 8,
          "Actual Startup Time": 232.523,
          "Actual Total Time": 251.391,
          "Actual Rows": 4,
          "Actual Loops": 1,
          "Workers Planned": 3,
          "Workers Launched": 3,
          "Single Copy": false,
          "Plans": [
            {
              "Node Type": "Aggregate",
              "Strategy": "Plain",
              "Partial Mode": "Partial",
              "Parent Relationship": "Outer",
              "Parallel Aware": false,
              "Startup Cost": 74144.28,
              "Total Cost": 74144.29,
              "Plan Rows": 1,
              "Plan Width": 8,
              "Actual Startup Time": 223.258,
              "Actual Total Time": 223.262,
              "Actual Rows": 1,
              "Actual Loops": 4,
              "Plans": [
                {
                  "Node Type": "Hash Join",
                  "Parent Relationship": "Outer",
                  "Parallel Aware": true,
                  "Join Type": "Inner",
                  "Startup Cost": 49300.12,
                  "Total Cost": 74127.15,
                  "Plan Rows": 6855,
                  "Plan Width": 0,
                  "Actual Startup Time": 186.372,
                  "Actual Total Time": 222.397,
                  "Actual Rows": 15543,
                  "Actual Loops": 4,
                  "Inner Unique": true,
                  "Hash Cond": "(mk.movie_id = t.id)",
                  "Plans": [
                    {
                      "Node Type": "Bitmap Heap Scan",
                      "Parent Relationship": "Outer",
                      "Parallel Aware": true,
                      "Relation Name": "movie_keyword",
                      "Alias": "mk",
                      "Startup Cost": 1624.95,
                      "Total Cost": 26387.23,
                      "Plan Rows": 24663,
                      "Plan Width": 4,
                      "Actual Startup Time": 6.846,
                      "Actual Total Time": 32.043,
                      "Actual Rows": 18124,
                      "Actual Loops": 4,
                      "Recheck Cond": "(keyword_id = 335)",
                      "Rows Removed by Index Recheck": 0,
                      "Exact Heap Blocks": 6006,
                      "Lossy Heap Blocks": 0,
                      "Plans": [
                        {
                          "Node Type": "Bitmap Index Scan",
                          "Parent Relationship": "Outer",
                          "Parallel Aware": false,
                          "Index Name": "keyword_id_movie_keyword",
                          "Startup Cost": 0.0,
                          "Total Cost": 1605.84,
                          "Plan Rows": 76454,
                          "Plan Width": 0,
                          "Actual Startup Time": 4.544,
                          "Actual Total Time": 4.544,
                          "Actual Rows": 72496,
                          "Actual Loops": 1,
                          "Index Cond": "(keyword_id = 335)"
                        }
                      ]
                    },
                    {
                      "Node Type": "Hash",
                      "Parent Relationship": "Inner",
                      "Parallel Aware": true,
                      "Startup Cost": 45479.1,
                      "Total Cost": 45479.1,
                      "Plan Rows": 175686,
                      "Plan Width": 4,
                      "Actual Startup Time": 174.331,
                      "Actual Total Time": 174.332,
                      "Actual Rows": 187483,
                      "Actual Loops": 4,
                      "Hash Buckets": 1048576,
                      "Original Hash Buckets": 1048576,
                      "Hash Batches": 1,
                      "Original Hash Batches": 1,
                      "Peak Memory Usage": 37600,
                      "Plans": [
                        {
                          "Node Type": "Seq Scan",
                          "Parent Relationship": "Outer",
                          "Parallel Aware": true,
                          "Relation Name": "title",
                          "Alias": "t",
                          "Startup Cost": 0.0,
                          "Total Cost": 45479.1,
                          "Plan Rows": 175686,
                          "Plan Width": 4,
                          "Actual Startup Time": 0.038,
                          "Actual Total Time": 105.803,
                          "Actual Rows": 187483,
                          "Actual Loops": 4,
                          "Filter": "((kind_id < 7) AND (production_year < 2009))",
                          "Rows Removed by Filter": 444595
                        }
                      ]
                    }
                  ]
                }
              ]
            }
          ]
        }
      ]
    },
    "Planning Time": 0.61,
    "Triggers": [],
    "Execution Time": 251.489
  }
]