[
  {
    "Plan": {
      "Node Type": "Aggregate",
      "Strategy": "Plain",
      "Partial Mode": "Finalize",
      "Parallel Aware": false,
      "Startup Cost": 77890.31,
      "Total Cost": 77890.32,
      "Plan Rows": 1,
      "Plan Width": 8,
      "Actual Startup Time": 299.753,
      "Actual Total Time": 315.686,
      "Actual Rows": 1,
      "Actual Loops": 1,
      "Plans": [
        {
          "Node Type": "Gather",
          "Parent Relationship": "Outer",
          "Parallel Aware": false,
          "Startup Cost": 77890.0,
          "Total Cost": 77890.31,
          "Plan Rows": 3,
          "Plan Width": 8,
          "Actual Startup Time": 298.314,
          "Actual Total Time": 315.678,
          "Actual Rows": 4,
          "Actual Loops": 1,
          "Workers Planned": 3,
          "Workers Launched": 3,
          "Single Copy": false,
          "Plans": [
            {
              "Node Type": "Aggregate",
              "Strategy": "Plain",
              "Partial Mode": "Partial",
              "Parent Relationship": "Outer",
              "Parallel Aware": false,
              "Startup Cost": 76890.0,
              "Total Cost": 76890.01,
              "Plan Rows": 1,
              "Plan Width": 8,
              "Actual Startup Time": 292.89,
              "Actual Total Time": 292.893,
              "Actual Rows": 1,
              "Actual Loops": 4,
              "Plans": [
                {
                  "Node Type": "Hash Join",
                  "Parent Relationship": "Outer",
                  "Parallel Aware": true,
                  "Join Type": "Inner",
                  "Startup Cost": 47054.66,
                  "Total Cost": 76470.55,
                  "Plan Rows": 167778,
                  "Plan Width": 0,
                  "Actual Startup Time": 123.243,
                  "Actual Total Time": 284.99,
                  "Actual Rows": 187848,
                  "Actual Loops": 4,
                  "Inner Unique": true,
                  "Hash Cond": "(mc.movie_id = t.id)",
                  "Plans": [
                    {
                      "Node Type": "Seq Scan",
                      "Parent Relationship": "Outer",
                      "Parallel Aware": true,
                      "Relation Name": "movie_companies",
                      "Alias": "mc",
                      "Startup Cost": 0.0,
                      "Total Cost": 27206.55,
                      "Plan Rows": 841655,
                      "Plan Width": 4,
                      "Actual Startup Time": 0.009,
                      "Actual Total Time": 53.972,
                      "Actual Rows": 652282,
                      "Actual Loops": 4
                    },
                    {
                      "Node Type": "Hash",
                      "Parent Relationship": "Inner",
                      "Parallel Aware": true,
                      "Startup Cost": 45479.59,
                      "Total Cost": 45479.59,
                      "Plan Rows": 126006,
                      "Plan Width": 4,
                      "Actual Startup Time": 121.301,
                      "Actual Total Time": 121.302,
                      "Actual Rows": 98121,
                      "Actual Loops": 4,
                      "Hash Buckets": 524288,
                      "Original Hash Buckets": 524288,
                      "Hash Batches": 1,
                      "Original Hash Batches": 1,
                      "Peak Memory Usage": 19520,
                      "Plans": [
                        {
                          "Node Type": "Seq Scan",
                          "Parent Relationship": "Outer",
                          "Parallel Aware": true,
                          "Relation Name": "title",
                          "Alias": "t",
                          "Startup Cost": 0.0,
                          "Total Cost": 45479.59,
                          "Plan Rows": 126006,
                          "Plan Width": 4,
                          "Actual Startup Time": 0.036,
                          "Actual Total Time": 90.22,
                          "Actual Rows": 98121,
                          "Actual Loops": 4,
                          "Filter": "((kind_id < 4) AND (production_year > 1998))",
                          "Rows Removed by Filter": 533957
                        }
                      ]
                    }
                  ]
                }
              ]
            }
          ]
        }
      ]
    },
    "Planning Time": 0.257,
    "Triggers": [],
    "Execution Time": 315.726
  }
]