[
  {
    "Plan": {
      "Node Type": "Aggregate",
      "Strategy": "Plain",
      "Partial Mode": "Finalize",
      "Parallel Aware": false,
      "Startup Cost": 46859.28,
      "Total Cost": 46859.29,
      "Plan Rows": 1,
      "Plan Width": 8,
      "Actual Startup Time": 120.01,
      "Actual Total Time": 132.746,
      "Actual Rows": 1,
      "Actual Loops": 1,
      "Plans": [
        {
          "Node Type": "Gather",
          "Parent Relationship": "Outer",
          "Parallel Aware": false,
          "Startup Cost": 46858.86,
          "Total Cost": 46859.27,
          "Plan Rows": 4,
          "Plan Width": 8,
          "Actual Startup Time": 119.703,
          "Actual Total Time": 132.733,
          "Actual Rows": 5,
          "Actual Loops": 1,
          "Workers Planned": 4,
          "Workers Launched": 4,
          "Single Copy": false,
          "Plans": [
            {
              "Node Type": "Aggregate",
              "Strategy": "Plain",
              "Partial Mode": "Partial",
              "Parent Relationship": "Outer",
              "Parallel Aware": false,
              "Startup Cost": 45858.86,
              "Total Cost": 45858.87,
              "Plan Rows": 1,
              "Plan Width": 8,
              "Actual Startup Time": 110.059,
              "Actual Total Time": 110.061,
              "Actual Rows": 1,
              "Actual Loops": 5,
              "Plans": [
                {
                  "Node Type": "Seq Scan",
                  "Parent Relationship": "Outer",
                  "Parallel Aware": true,
                  "Relation Name": "title",
                  "Alias": "t",
                  "Startup Cost": 0.0,
                  "Total Cost": 45479.59,
                  "Plan Rows": 151710,
                  "Plan Width": 0,
                  "Actual Startup Time": 51.791,
                  "Actual Total Time": 104.546,
                  "Actual Rows": 103577,
                  "Actual Loops": 5,
                  "Filter": "((production_year > 1938) AND (kind_id = 1))",
                  "Rows Removed by Filter": 402086
                }
              ]
            }
          ]
        }
      ]
    },
    "Planning Time": 0.206,
    "Triggers": [],
    "Execution Time": 132.844
  }
]