[
  {
    "Plan": {
      "Node Type": "Aggregate",
      "Strategy": "Plain",
      "Partial Mode": "Finalize",
      "Parallel Aware": false,
      "Startup Cost": 293135.04,
      "Total Cost": 293135.05,
      "Plan Rows": 1,
      "Plan Width": 8,
      "Actual Startup Time": 828.127,
      "Actual Total Time": 873.431,
      "Actual Rows": 1,
      "Actual Loops": 1,
      "Plans": [
        {
          "Node Type": "Gather",
          "Parent Relationship": "Outer",
          "Parallel Aware": false,
          "Startup Cost": 293134.52,
          "Total Cost": 293135.03,
          "Plan Rows": 5,
          "Plan Width": 8,
          "Actual Startup Time": 809.51,
          "Actual Total Time": 873.416,
          "Actual Rows": 6,
          "Actual Loops": 1,
          "Workers Planned": 5,
          "Workers Launched": 5,
          "Single Copy": false,
          "Plans": [
            {
              "Node Type": "Aggregate",
              "Strategy": "Plain",
              "Partial Mode": "Partial",
              "Parent Relationship": "Outer",
              "Parallel Aware": false,
              "Startup Cost": 292134.52,
              "Total Cost": 292134.53,
              "Plan Rows": 1,
              "Plan Width": 8,
              "Actual Startup Time": 798.745,
              "Actual Total Time": 798.865,
              "Actual Rows": 1,
              "Actual Loops": 6,
              "Plans": [
                {
                  "Node Type": "Hash Join",
                  "Parent Relationship": "Outer",
                  "Parallel Aware": true,
                  "Join Type": "Inner",
                  "Startup Cost": 90469.64,
                  "Total Cost": 291926.72,
                  "Plan Rows": 83122,
                  "Plan Width": 0,
                  "Actual Startup Time": 438.124,
                  "Actual Total Time": 779.575,
                  "Actual Rows": 434687,
                  "Actual Loops": 6,
                  "Inner Unique": false,
                  "Hash Cond": "(mi.movie_id = t.id)",
                  "Plans": [
                    {
                      "Node Type": "Seq Scan",
                      "Parent Relationship": "Outer",
                      "Parallel Aware": true,
                      "Relation Name": "movie_info",
                      "Alias": "mi",
                      "Startup Cost": 0.0,
                      "Total Cost": 198952.16,
                      "Plan Rows": 596472,
                      "Plan Width": 4,
                      "Actual Startup Time": 72.232,
                      "Actual Total Time": 304.317,
                      "Actual Rows": 506120,
                      "Actual Loops": 6,
                      "Filter": "(info_type_id = 16)",
                      "Rows Removed by Filter": 1966500
                    },
                    {
                      "Node Type": "Hash",
                      "Parent Relationship": "Inner",
                      "Parallel Aware": true,
                      "Startup Cost": 89048.94,
                      "Total Cost": 89048.94,
                      "Plan Rows": 113656,
                      "Plan Width": 8,
                      "Actual Startup Time": 363.392,
                      "Actual Total Time": 363.51,
                      "Actual Rows": 78148,
                      "Actual Loops": 6,
                      "Hash Buckets": 524288,
                      "Original Hash Buckets": 524288,
                      "Hash Batches": 1,
                      "Original Hash Batches": 1,
                      "Peak Memory Usage": 22528,
                      "Plans": [
                        {
                          "Node Type": "Hash Join",
                          "Parent Relationship": "Outer",
                          "Parallel Aware": true,
                          "Join Type": "Inner",
                          "Startup Cost": 61563.03,
                          "Total Cost": 89048.94,
                          "Plan Rows": 113656,
                          "Plan Width": 8,
                          "Actual Startup Time": 243.701,
                          "Actual Total Time": 338.298,
                          "Actual Rows": 78148,
                          "Actual Loops": 6,
                          "Inner Unique": true,
                          "Hash Cond": "(mk.movie_id = t.id)",
                          "Plans": [
                            {
                              "Node Type": "Bitmap Heap Scan",
                              "Parent Relationship": "Outer",
                              "Parallel Aware": true,
                              "Relation Name": "movie_keyword",
                              "Alias": "mk",
                              "Startup Cost": 13184.41,
                              "Total Cost": 40144.12,
                              "Plan Rows": 200457,
                              "Plan Width": 4,
                              "Actual Startup Time": 39.286,
                              "Actual Total Time": 92.235,
                              "Actual Rows": 105475,
                              "Actual Loops": 6,
                              "Recheck Cond": "(keyword_id < 495)",
                              "Rows Removed by Index Recheck": 0,
                              "Exact Heap Blocks": 4553,
                              "Lossy Heap Blocks": 0,
                              "Plans": [
                                {
                                  "Node Type": "Bitmap Index Scan",
                                  "Parent Relationship": "Outer",
                                  "Parallel Aware": false,
                                  "Index Name": "keyword_id_movie_keyword",
                                  "Startup Cost": 0.0,
                                  "Total Cost": 13029.05,
                                  "Plan Rows": 621416,
                                  "Plan Width": 0,
                                  "Actual Startup Time": 35.611,
                                  "Actual Total Time": 35.612,
                                  "Actual Rows": 632848,
                                  "Actual Loops": 1,
                                  "Index Cond": "(keyword_id < 495)"
                                }
                              ]
                            },
                            {
                              "Node Type": "Hash",
                              "Parent Relationship": "Inner",
                              "Parallel Aware": true,
                              "Startup Cost": 43898.92,
                              "Total Cost": 43898.92,
                              "Plan Rows": 358377,
                              "Plan Width": 4,
                              "Actual Startup Time": 200.427,
                              "Actual Total Time": 200.428,
                              "Actual Rows": 240550,
                              "Actual Loops": 6,
                              "Hash Buckets": 2097152,
                              "Original Hash Buckets": 2097152,
                              "Hash Batches": 1,
                              "Original Hash Batches": 1,
                              "Peak Memory Usage": 72928,
                              "Plans": [
                                {
                                  "Node Type": "Seq Scan",
                                  "Parent Relationship": "Outer",
                                  "Parallel Aware": true,
                                  "Relation Name": "title",
                                  "Alias": "t",
                                  "Startup Cost": 0.0,
                                  "Total Cost": 43898.92,
                                  "Plan Rows": 358377,
                                  "Plan Width": 4,
                                  "Actual Startup Time": 0.051,
                                  "Actual Total Time": 87.001,
                                  "Actual Rows": 240550,
                                  "Actual Loops": 6,
                                  "Filter": "(production_year < 2006)",
                                  "Rows Removed by Filter": 180836
                                }
                              ]
                            }
                          ]
                        }
                      ]
                    }
                  ]
                }
              ]
            }
          ]
        }
      ]
    },
    "Planning Time": 1.378,
    "Triggers": [],
    "Execution Time": 873.56
  }
]