[
    {
        "Bao": {
            "Bao prediction": "NaN",
            "Bao recommended hint": "(no hint)"
        }
    },
    {
        "Plan": {
            "Node Type": "Aggregate",
            "Strategy": "Plain",
            "Partial Mode": "Finalize",
            "Parallel Aware": false,
            "Startup Cost": 75019.58,
            "Total Cost": 75019.59,
            "Plan Rows": 1,
            "Plan Width": 8,
            "Actual Startup Time": 338.368,
            "Actual Total Time": 349.351,
            "Actual Rows": 1,
            "Actual Loops": 1,
            "Output": [
                "count(*)"
            ],
            "Plans": [
                {
                    "Node Type": "Gather",
                    "Parent Relationship": "Outer",
                    "Parallel Aware": false,
                    "Startup Cost": 75019.26,
                    "Total Cost": 75019.57,
                    "Plan Rows": 3,
                    "Plan Width": 8,
                    "Actual Startup Time": 333.83,
                    "Actual Total Time": 349.345,
                    "Actual Rows": 4,
                    "Actual Loops": 1,
                    "Output": [
                        "(PARTIAL count(*))"
                    ],
                    "Workers Planned": 3,
                    "Workers Launched": 3,
                    "Single Copy": false,
                    "Plans": [
                        {
                            "Node Type": "Aggregate",
                            "Strategy": "Plain",
                            "Partial Mode": "Partial",
                            "Parent Relationship": "Outer",
                            "Parallel Aware": false,
                            "Startup Cost": 74019.26,
                            "Total Cost": 74019.27,
                            "Plan Rows": 1,
                            "Plan Width": 8,
                            "Actual Startup Time": 324.613,
                            "Actual Total Time": 324.616,
                            "Actual Rows": 1,
                            "Actual Loops": 4,
                            "Output": [
                                "PARTIAL count(*)"
                            ],
                            "Workers": [
                                {
                                    "Worker Number": 0,
                                    "Actual Startup Time": 321.587,
                                    "Actual Total Time": 321.589,
                                    "Actual Rows": 1,
                                    "Actual Loops": 1
                                },
                                {
                                    "Worker Number": 1,
                                    "Actual Startup Time": 321.596,
                                    "Actual Total Time": 321.599,
                                    "Actual Rows": 1,
                                    "Actual Loops": 1
                                },
                                {
                                    "Worker Number": 2,
                                    "Actual Startup Time": 321.834,
                                    "Actual Total Time": 321.837,
                                    "Actual Rows": 1,
                                    "Actual Loops": 1
                                }
                            ],
                            "Plans": [
                                {
                                    "Node Type": "Nested Loop",
                                    "Parent Relationship": "Outer",
                                    "Parallel Aware": false,
                                    "Join Type": "Inner",
                                    "Startup Cost": 48690.12,
                                    "Total Cost": 73978.53,
                                    "Plan Rows": 16293,
                                    "Plan Width": 0,
                                    "Actual Startup Time": 225.803,
                                    "Actual Total Time": 323.264,
                                    "Actual Rows": 30090,
                                    "Actual Loops": 4,
                                    "Inner Unique": false,
                                    "Workers": [
                                        {
                                            "Worker Number": 0,
                                            "Actual Startup Time": 223.052,
                                            "Actual Total Time": 319.926,
                                            "Actual Rows": 37272,
                                            "Actual Loops": 1
                                        },
                                        {
                                            "Worker Number": 1,
                                            "Actual Startup Time": 222.949,
                                            "Actual Total Time": 320.459,
                                            "Actual Rows": 25054,
                                            "Actual Loops": 1
                                        },
                                        {
                                            "Worker Number": 2,
                                            "Actual Startup Time": 223.191,
                                            "Actual Total Time": 320.527,
                                            "Actual Rows": 28092,
                                            "Actual Loops": 1
                                        }
                                    ],
                                    "Plans": [
                                        {
                                            "Node Type": "Hash Join",
                                            "Parent Relationship": "Outer",
                                            "Parallel Aware": true,
                                            "Join Type": "Inner",
                                            "Startup Cost": 48689.68,
                                            "Total Cost": 57438.08,
                                            "Plan Rows": 9105,
                                            "Plan Width": 8,
                                            "Actual Startup Time": 225.576,
                                            "Actual Total Time": 265.709,
                                            "Actual Rows": 29366,
                                            "Actual Loops": 4,
                                            "Output": [
                                                "t.id",
                                                "ci.movie_id"
                                            ],
                                            "Inner Unique": true,
                                            "Hash Cond": "(ci.movie_id = t.id)",
                                            "Workers": [
                                                {
                                                    "Worker Number": 0,
                                                    "Actual Startup Time": 222.721,
                                                    "Actual Total Time": 260.661,
                                                    "Actual Rows": 27982,
                                                    "Actual Loops": 1
                                                },
                                                {
                                                    "Worker Number": 1,
                                                    "Actual Startup Time": 222.599,
                                                    "Actual Total Time": 262.918,
                                                    "Actual Rows": 29443,
                                                    "Actual Loops": 1
                                                },
                                                {
                                                    "Worker Number": 2,
                                                    "Actual Startup Time": 223.01,
                                                    "Actual Total Time": 262.367,
                                                    "Actual Rows": 27524,
                                                    "Actual Loops": 1
                                                }
                                            ],
                                            "Plans": [
                                                {
                                                    "Node Type": "Index Scan",
                                                    "Parent Relationship": "Outer",
                                                    "Parallel Aware": true,
                                                    "Scan Direction": "Forward",
                                                    "Index Name": "role_id_cast_info",
                                                    "Relation Name": "cast_info",
                                                    "Schema": "public",
                                                    "Alias": "ci",
                                                    "Startup Cost": 0.56,
                                                    "Total Cost": 8709.54,
                                                    "Plan Rows": 15019,
                                                    "Plan Width": 4,
                                                    "Actual Startup Time": 0.053,
                                                    "Actual Total Time": 13.793,
                                                    "Actual Rows": 51423,
                                                    "Actual Loops": 4,
                                                    "Output": [
                                                        "ci.id",
                                                        "ci.person_id",
                                                        "ci.movie_id",
                                                        "ci.person_role_id",
                                                        "ci.note",
                                                        "ci.nr_order",
                                                        "ci.role_id"
                                                    ],
                                                    "Index Cond": "(ci.role_id > 10)",
                                                    "Rows Removed by Index Recheck": 0,
                                                    "Filter": "(ci.person_id > 3098462)",
                                                    "Rows Removed by Filter": 27606,
                                                    "Workers": [
                                                        {
                                                            "Worker Number": 0,
                                                            "Actual Startup Time": 0.053,
                                                            "Actual Total Time": 13.347,
                                                            "Actual Rows": 47156,
                                                            "Actual Loops": 1
                                                        },
                                                        {
                                                            "Worker Number": 1,
                                                            "Actual Startup Time": 0.043,
                                                            "Actual Total Time": 13.858,
                                                            "Actual Rows": 49989,
                                                            "Actual Loops": 1
                                                        },
                                                        {
                                                            "Worker Number": 2,
                                                            "Actual Startup Time": 0.085,
                                                            "Actual Total Time": 14.116,
                                                            "Actual Rows": 49350,
                                                            "Actual Loops": 1
                                                        }
                                                    ]
                                                },
                                                {
                                                    "Node Type": "Hash",
                                                    "Parent Relationship": "Inner",
                                                    "Parallel Aware": true,
                                                    "Startup Cost": 43899.01,
                                                    "Total Cost": 43899.01,
                                                    "Plan Rows": 383209,
                                                    "Plan Width": 4,
                                                    "Actual Startup Time": 220.741,
                                                    "Actual Total Time": 220.742,
                                                    "Actual Rows": 385816,
                                                    "Actual Loops": 4,
                                                    "Output": [
                                                        "t.id"
                                                    ],
                                                    "Hash Buckets": 2097152,
                                                    "Original Hash Buckets": 2097152,
                                                    "Hash Batches": 1,
                                                    "Original Hash Batches": 1,
                                                    "Peak Memory Usage": 76832,
                                                    "Workers": [
                                                        {
                                                            "Worker Number": 0,
                                                            "Actual Startup Time": 221.862,
                                                            "Actual Total Time": 221.863,
                                                            "Actual Rows": 363763,
                                                            "Actual Loops": 1
                                                        },
                                                        {
                                                            "Worker Number": 1,
                                                            "Actual Startup Time": 221.897,
                                                            "Actual Total Time": 221.898,
                                                            "Actual Rows": 360834,
                                                            "Actual Loops": 1
                                                        },
                                                        {
                                                            "Worker Number": 2,
                                                            "Actual Startup Time": 222.241,
                                                            "Actual Total Time": 222.242,
                                                            "Actual Rows": 352643,
                                                            "Actual Loops": 1
                                                        }
                                                    ],
                                                    "Plans": [
                                                        {
                                                            "Node Type": "Seq Scan",
                                                            "Parent Relationship": "Outer",
                                                            "Parallel Aware": true,
                                                            "Relation Name": "title",
                                                            "Schema": "public",
                                                            "Alias": "t",
                                                            "Startup Cost": 0.0,
                                                            "Total Cost": 43899.01,
                                                            "Plan Rows": 383209,
                                                            "Plan Width": 4,
                                                            "Actual Startup Time": 0.045,
                                                            "Actual Total Time": 91.4,
                                                            "Actual Rows": 385816,
                                                            "Actual Loops": 4,
                                                            "Output": [
                                                                "t.id"
                                                            ],
                                                            "Filter": "(t.kind_id = 7)",
                                                            "Rows Removed by Filter": 246262,
                                                            "Workers": [
                                                                {
                                                                    "Worker Number": 0,
                                                                    "Actual Startup Time": 0.051,
                                                                    "Actual Total Time": 92.812,
                                                                    "Actual Rows": 363763,
                                                                    "Actual Loops": 1
                                                                },
                                                                {
                                                                    "Worker Number": 1,
                                                                    "Actual Startup Time": 0.056,
                                                                    "Actual Total Time": 92.419,
                                                                    "Actual Rows": 360834,
                                                                    "Actual Loops": 1
                                                                },
                                                                {
                                                                    "Worker Number": 2,
                                                                    "Actual Startup Time": 0.064,
                                                                    "Actual Total Time": 94.938,
                                                                    "Actual Rows": 352643,
                                                                    "Actual Loops": 1
                                                                }
                                                            ]
                                                        }
                                                    ]
                                                }
                                            ]
                                        },
                                        {
                                            "Node Type": "Index Only Scan",
                                            "Parent Relationship": "Inner",
                                            "Parallel Aware": false,
                                            "Scan Direction": "Forward",
                                            "Index Name": "movie_id_movie_keyword",
                                            "Relation Name": "movie_keyword",
                                            "Schema": "public",
                                            "Alias": "mk",
                                            "Startup Cost": 0.43,
                                            "Total Cost": 1.36,
                                            "Plan Rows": 46,
                                            "Plan Width": 4,
                                            "Actual Startup Time": 0.002,
                                            "Actual Total Time": 0.002,
                                            "Actual Rows": 1,
                                            "Actual Loops": 117463,
                                            "Output": [
                                                "mk.movie_id"
                                            ],
                                            "Index Cond": "(mk.movie_id = t.id)",
                                            "Rows Removed by Index Recheck": 0,
                                            "Heap Fetches": 120359,
                                            "Workers": [
                                                {
                                                    "Worker Number": 0,
                                                    "Actual Startup Time": 0.002,
                                                    "Actual Total Time": 0.002,
                                                    "Actual Rows": 1,
                                                    "Actual Loops": 27982
                                                },
                                                {
                                                    "Worker Number": 1,
                                                    "Actual Startup Time": 0.002,
                                                    "Actual Total Time": 0.002,
                                                    "Actual Rows": 1,
                                                    "Actual Loops": 29443
                                                },
                                                {
                                                    "Worker Number": 2,
                                                    "Actual Startup Time": 0.002,
                                                    "Actual Total Time": 0.002,
                                                    "Actual Rows": 1,
                                                    "Actual Loops": 27524
                                                }
                                            ]
                                        }
                                    ]
                                }
                            ]
                        }
                    ]
                }
            ]
        },
        "Planning Time": 211.225,
        "Triggers": [],
        "Execution Time": 349.512
    }
]