{
    "Plan": {
        "Node Type": "Aggregate",
        "Strategy": "Plain",
        "Partial Mode": "Finalize",
        "Parallel Aware": false,
        "Startup Cost": 163712.11,
        "Total Cost": 163712.12,
        "Plan Rows": 1,
        "Plan Width": 8,
        "Actual Startup Time": 341.628,
        "Actual Total Time": 366.092,
        "Actual Rows": 1,
        "Actual Loops": 1,
        "Output": [
            "count(*)"
        ],
        "Plans": [
            {
                "Node Type": "Gather",
                "Parent Relationship": "Outer",
                "Parallel Aware": false,
                "Startup Cost": 163711.58,
                "Total Cost": 163712.09,
                "Plan Rows": 5,
                "Plan Width": 8,
                "Actual Startup Time": 341.433,
                "Actual Total Time": 366.079,
                "Actual Rows": 6,
                "Actual Loops": 1,
                "Output": [
                    "(PARTIAL count(*))"
                ],
                "Workers Planned": 5,
                "Workers Launched": 5,
                "Single Copy": false,
                "Plans": [
                    {
                        "Node Type": "Aggregate",
                        "Strategy": "Plain",
                        "Partial Mode": "Partial",
                        "Parent Relationship": "Outer",
                        "Parallel Aware": false,
                        "Startup Cost": 162711.58,
                        "Total Cost": 162711.59,
                        "Plan Rows": 1,
                        "Plan Width": 8,
                        "Actual Startup Time": 330.567,
                        "Actual Total Time": 330.571,
                        "Actual Rows": 1,
                        "Actual Loops": 6,
                        "Output": [
                            "PARTIAL count(*)"
                        ],
                        "Workers": [
                            {
                                "Worker Number": 0,
                                "Actual Startup Time": 327.548,
                                "Actual Total Time": 327.552,
                                "Actual Rows": 1,
                                "Actual Loops": 1
                            },
                            {
                                "Worker Number": 1,
                                "Actual Startup Time": 328.632,
                                "Actual Total Time": 328.635,
                                "Actual Rows": 1,
                                "Actual Loops": 1
                            },
                            {
                                "Worker Number": 2,
                                "Actual Startup Time": 328.583,
                                "Actual Total Time": 328.586,
                                "Actual Rows": 1,
                                "Actual Loops": 1
                            },
                            {
                                "Worker Number": 3,
                                "Actual Startup Time": 328.682,
                                "Actual Total Time": 328.686,
                                "Actual Rows": 1,
                                "Actual Loops": 1
                            },
                            {
                                "Worker Number": 4,
                                "Actual Startup Time": 329.401,
                                "Actual Total Time": 329.405,
                                "Actual Rows": 1,
                                "Actual Loops": 1
                            }
                        ],
                        "Plans": [
                            {
                                "Node Type": "Hash Join",
                                "Parent Relationship": "Outer",
                                "Parallel Aware": true,
                                "Join Type": "Inner",
                                "Startup Cost": 45506.44,
                                "Total Cost": 162706.75,
                                "Plan Rows": 1934,
                                "Plan Width": 0,
                                "Actual Startup Time": 82.882,
                                "Actual Total Time": 330.451,
                                "Actual Rows": 1368,
                                "Actual Loops": 6,
                                "Inner Unique": true,
                                "Hash Cond": "(ci.movie_id = t.id)",
                                "Workers": [
                                    {
                                        "Worker Number": 0,
                                        "Actual Startup Time": 78.657,
                                        "Actual Total Time": 327.447,
                                        "Actual Rows": 831,
                                        "Actual Loops": 1
                                    },
                                    {
                                        "Worker Number": 1,
                                        "Actual Startup Time": 81.052,
                                        "Actual Total Time": 328.505,
                                        "Actual Rows": 1831,
                                        "Actual Loops": 1
                                    },
                                    {
                                        "Worker Number": 2,
                                        "Actual Startup Time": 80.938,
                                        "Actual Total Time": 328.473,
                                        "Actual Rows": 1404,
                                        "Actual Loops": 1
                                    },
                                    {
                                        "Worker Number": 3,
                                        "Actual Startup Time": 80.99,
                                        "Actual Total Time": 328.582,
                                        "Actual Rows": 1326,
                                        "Actual Loops": 1
                                    },
                                    {
                                        "Worker Number": 4,
                                        "Actual Startup Time": 82.589,
                                        "Actual Total Time": 329.295,
                                        "Actual Rows": 1442,
                                        "Actual Loops": 1
                                    }
                                ],
                                "Plans": [
                                    {
                                        "Node Type": "Index Scan",
                                        "Parent Relationship": "Outer",
                                        "Parallel Aware": true,
                                        "Scan Direction": "Forward",
                                        "Index Name": "role_id_cast_info",
                                        "Relation Name": "cast_info",
                                        "Schema": "public",
                                        "Alias": "ci",
                                        "Startup Cost": 0.56,
                                        "Total Cost": 115696.32,
                                        "Plan Rows": 573167,
                                        "Plan Width": 4,
                                        "Actual Startup Time": 0.116,
                                        "Actual Total Time": 180.544,
                                        "Actual Rows": 644126,
                                        "Actual Loops": 6,
                                        "Output": [
                                            "ci.id",
                                            "ci.person_id",
                                            "ci.movie_id",
                                            "ci.person_role_id",
                                            "ci.note",
                                            "ci.nr_order",
                                            "ci.role_id"
                                        ],
                                        "Index Cond": "(ci.role_id = 10)",
                                        "Rows Removed by Index Recheck": 0,
                                        "Filter": "(ci.person_id > 1161156)",
                                        "Rows Removed by Filter": 76377,
                                        "Workers": [
                                            {
                                                "Worker Number": 0,
                                                "Actual Startup Time": 0.083,
                                                "Actual Total Time": 180.431,
                                                "Actual Rows": 460131,
                                                "Actual Loops": 1
                                            },
                                            {
                                                "Worker Number": 1,
                                                "Actual Startup Time": 0.139,
                                                "Actual Total Time": 182.143,
                                                "Actual Rows": 701408,
                                                "Actual Loops": 1
                                            },
                                            {
                                                "Worker Number": 2,
                                                "Actual Startup Time": 0.185,
                                                "Actual Total Time": 181.638,
                                                "Actual Rows": 693879,
                                                "Actual Loops": 1
                                            },
                                            {
                                                "Worker Number": 3,
                                                "Actual Startup Time": 0.071,
                                                "Actual Total Time": 183.688,
                                                "Actual Rows": 701410,
                                                "Actual Loops": 1
                                            },
                                            {
                                                "Worker Number": 4,
                                                "Actual Startup Time": 0.18,
                                                "Actual Total Time": 182.261,
                                                "Actual Rows": 697410,
                                                "Actual Loops": 1
                                            }
                                        ]
                                    },
                                    {
                                        "Node Type": "Hash",
                                        "Parent Relationship": "Inner",
                                        "Parallel Aware": true,
                                        "Startup Cost": 45479.21,
                                        "Total Cost": 45479.21,
                                        "Plan Rows": 2133,
                                        "Plan Width": 4,
                                        "Actual Startup Time": 79.875,
                                        "Actual Total Time": 79.877,
                                        "Actual Rows": 1396,
                                        "Actual Loops": 6,
                                        "Output": [
                                            "t.id"
                                        ],
                                        "Hash Buckets": 16384,
                                        "Original Hash Buckets": 16384,
                                        "Hash Batches": 1,
                                        "Original Hash Batches": 1,
                                        "Peak Memory Usage": 544,
                                        "Workers": [
                                            {
                                                "Worker Number": 0,
                                                "Actual Startup Time": 77.622,
                                                "Actual Total Time": 77.623,
                                                "Actual Rows": 965,
                                                "Actual Loops": 1
                                            },
                                            {
                                                "Worker Number": 1,
                                                "Actual Startup Time": 78.578,
                                                "Actual Total Time": 78.579,
                                                "Actual Rows": 1297,
                                                "Actual Loops": 1
                                            },
                                            {
                                                "Worker Number": 2,
                                                "Actual Startup Time": 78.578,
                                                "Actual Total Time": 78.579,
                                                "Actual Rows": 1370,
                                                "Actual Loops": 1
                                            },
                                            {
                                                "Worker Number": 3,
                                                "Actual Startup Time": 78.754,
                                                "Actual Total Time": 78.755,
                                                "Actual Rows": 1229,
                                                "Actual Loops": 1
                                            },
                                            {
                                                "Worker Number": 4,
                                                "Actual Startup Time": 79.475,
                                                "Actual Total Time": 79.476,
                                                "Actual Rows": 1337,
                                                "Actual Loops": 1
                                            }
                                        ],
                                        "Plans": [
                                            {
                                                "Node Type": "Seq Scan",
                                                "Parent Relationship": "Outer",
                                                "Parallel Aware": true,
                                                "Relation Name": "title",
                                                "Schema": "public",
                                                "Alias": "t",
                                                "Startup Cost": 0.0,
                                                "Total Cost": 45479.21,
                                                "Plan Rows": 2133,
                                                "Plan Width": 4,
                                                "Actual Startup Time": 0.19,
                                                "Actual Total Time": 78.768,
                                                "Actual Rows": 1396,
                                                "Actual Loops": 6,
                                                "Output": [
                                                    "t.id"
                                                ],
                                                "Filter": "((t.kind_id = 7) AND (t.production_year = 1979))",
                                                "Rows Removed by Filter": 419989,
                                                "Workers": [
                                                    {
                                                        "Worker Number": 0,
                                                        "Actual Startup Time": 0.25,
                                                        "Actual Total Time": 76.516,
                                                        "Actual Rows": 965,
                                                        "Actual Loops": 1
                                                    },
                                                    {
                                                        "Worker Number": 1,
                                                        "Actual Startup Time": 0.322,
                                                        "Actual Total Time": 77.46,
                                                        "Actual Rows": 1297,
                                                        "Actual Loops": 1
                                                    },
                                                    {
                                                        "Worker Number": 2,
                                                        "Actual Startup Time": 0.192,
                                                        "Actual Total Time": 77.406,
                                                        "Actual Rows": 1370,
                                                        "Actual Loops": 1
                                                    },
                                                    {
                                                        "Worker Number": 3,
                                                        "Actual Startup Time": 0.161,
                                                        "Actual Total Time": 77.67,
                                                        "Actual Rows": 1229,
                                                        "Actual Loops": 1
                                                    },
                                                    {
                                                        "Worker Number": 4,
                                                        "Actual Startup Time": 0.137,
                                                        "Actual Total Time": 78.361,
                                                        "Actual Rows": 1337,
                                                        "Actual Loops": 1
                                                    }
                                                ]
                                            }
                                        ]
                                    }
                                ]
                            }
                        ]
                    }
                ]
            }
        ]
    },
    "Planning Time": 0.759,
    "Triggers": [],
    "Execution Time": 366.251
}