[
    {
        "Bao": {
            "Bao prediction": "NaN",
            "Bao recommended hint": "(no hint)"
        }
    },
    {
        "Plan": {
            "Node Type": "Aggregate",
            "Strategy": "Plain",
            "Partial Mode": "Finalize",
            "Parallel Aware": false,
            "Startup Cost": 39029.58,
            "Total Cost": 39029.59,
            "Plan Rows": 1,
            "Plan Width": 8,
            "Actual Startup Time": 115.092,
            "Actual Total Time": 120.565,
            "Actual Rows": 1,
            "Actual Loops": 1,
            "Output": [
                "count(*)"
            ],
            "Plans": [
                {
                    "Node Type": "Gather",
                    "Parent Relationship": "Outer",
                    "Parallel Aware": false,
                    "Startup Cost": 39029.26,
                    "Total Cost": 39029.57,
                    "Plan Rows": 3,
                    "Plan Width": 8,
                    "Actual Startup Time": 114.835,
                    "Actual Total Time": 120.558,
                    "Actual Rows": 4,
                    "Actual Loops": 1,
                    "Output": [
                        "(PARTIAL count(*))"
                    ],
                    "Workers Planned": 3,
                    "Workers Launched": 3,
                    "Single Copy": false,
                    "Plans": [
                        {
                            "Node Type": "Aggregate",
                            "Strategy": "Plain",
                            "Partial Mode": "Partial",
                            "Parent Relationship": "Outer",
                            "Parallel Aware": false,
                            "Startup Cost": 38029.26,
                            "Total Cost": 38029.27,
                            "Plan Rows": 1,
                            "Plan Width": 8,
                            "Actual Startup Time": 106.446,
                            "Actual Total Time": 106.448,
                            "Actual Rows": 1,
                            "Actual Loops": 4,
                            "Output": [
                                "PARTIAL count(*)"
                            ],
                            "Workers": [
                                {
                                    "Worker Number": 0,
                                    "Actual Startup Time": 103.523,
                                    "Actual Total Time": 103.525,
                                    "Actual Rows": 1,
                                    "Actual Loops": 1
                                },
                                {
                                    "Worker Number": 1,
                                    "Actual Startup Time": 103.521,
                                    "Actual Total Time": 103.523,
                                    "Actual Rows": 1,
                                    "Actual Loops": 1
                                },
                                {
                                    "Worker Number": 2,
                                    "Actual Startup Time": 104.168,
                                    "Actual Total Time": 104.169,
                                    "Actual Rows": 1,
                                    "Actual Loops": 1
                                }
                            ],
                            "Plans": [
                                {
                                    "Node Type": "Bitmap Heap Scan",
                                    "Parent Relationship": "Outer",
                                    "Parallel Aware": true,
                                    "Relation Name": "movie_keyword",
                                    "Schema": "public",
                                    "Alias": "mk",
                                    "Startup Cost": 11054.25,
                                    "Total Cost": 37609.09,
                                    "Plan Rows": 168067,
                                    "Plan Width": 0,
                                    "Actual Startup Time": 30.284,
                                    "Actual Total Time": 99.478,
                                    "Actual Rows": 127986,
                                    "Actual Loops": 4,
                                    "Recheck Cond": "(mk.keyword_id > 35409)",
                                    "Rows Removed by Index Recheck": 0,
                                    "Exact Heap Blocks": 9862,
                                    "Lossy Heap Blocks": 0,
                                    "Workers": [
                                        {
                                            "Worker Number": 0,
                                            "Actual Startup Time": 27.496,
                                            "Actual Total Time": 97.036,
                                            "Actual Rows": 100988,
                                            "Actual Loops": 1
                                        },
                                        {
                                            "Worker Number": 1,
                                            "Actual Startup Time": 27.453,
                                            "Actual Total Time": 97.095,
                                            "Actual Rows": 99344,
                                            "Actual Loops": 1
                                        },
                                        {
                                            "Worker Number": 2,
                                            "Actual Startup Time": 28.109,
                                            "Actual Total Time": 97.943,
                                            "Actual Rows": 93749,
                                            "Actual Loops": 1
                                        }
                                    ],
                                    "Plans": [
                                        {
                                            "Node Type": "Bitmap Index Scan",
                                            "Parent Relationship": "Outer",
                                            "Parallel Aware": false,
                                            "Index Name": "keyword_id_movie_keyword",
                                            "Startup Cost": 0.0,
                                            "Total Cost": 10924.0,
                                            "Plan Rows": 521009,
                                            "Plan Width": 0,
                                            "Actual Startup Time": 34.744,
                                            "Actual Total Time": 34.745,
                                            "Actual Rows": 511944,
                                            "Actual Loops": 1,
                                            "Index Cond": "(mk.keyword_id > 35409)"
                                        }
                                    ]
                                }
                            ]
                        }
                    ]
                }
            ]
        },
        "Planning Time": 186.827,
        "Triggers": [],
        "Execution Time": 120.62
    }
]