[
  {
    "Plan": {
      "Node Type": "Aggregate",
      "Strategy": "Plain",
      "Partial Mode": "Finalize",
      "Parallel Aware": false,
      "Startup Cost": 294285.57,
      "Total Cost": 294285.58,
      "Plan Rows": 1,
      "Plan Width": 8,
      "Actual Startup Time": 1963.264,
      "Actual Total Time": 2011.861,
      "Actual Rows": 1,
      "Actual Loops": 1,
      "Plans": [
        {
          "Node Type": "Gather",
          "Parent Relationship": "Outer",
          "Parallel Aware": false,
          "Startup Cost": 294285.25,
          "Total Cost": 294285.56,
          "Plan Rows": 3,
          "Plan Width": 8,
          "Actual Startup Time": 1948.549,
          "Actual Total Time": 2011.851,
          "Actual Rows": 4,
          "Actual Loops": 1,
          "Workers Planned": 3,
          "Workers Launched": 3,
          "Single Copy": false,
          "Plans": [
            {
              "Node Type": "Aggregate",
              "Strategy": "Plain",
              "Partial Mode": "Partial",
              "Parent Relationship": "Outer",
              "Parallel Aware": false,
              "Startup Cost": 293285.25,
              "Total Cost": 293285.26,
              "Plan Rows": 1,
              "Plan Width": 8,
              "Actual Startup Time": 1914.078,
              "Actual Total Time": 1914.084,
              "Actual Rows": 1,
              "Actual Loops": 4,
              "Plans": [
                {
                  "Node Type": "Hash Join",
                  "Parent Relationship": "Outer",
                  "Parallel Aware": true,
                  "Join Type": "Inner",
                  "Startup Cost": 258526.87,
                  "Total Cost": 290843.23,
                  "Plan Rows": 976806,
                  "Plan Width": 0,
                  "Actual Startup Time": 1458.991,
                  "Actual Total Time": 1838.259,
                  "Actual Rows": 1746710,
                  "Actual Loops": 4,
                  "Inner Unique": false,
                  "Hash Cond": "(mc.movie_id = t.id)",
                  "Plans": [
                    {
                      "Node Type": "Seq Scan",
                      "Parent Relationship": "Outer",
                      "Parallel Aware": true,
                      "Relation Name": "movie_companies",
                      "Alias": "mc",
                      "Startup Cost": 0.0,
                      "Total Cost": 27206.55,
                      "Plan Rows": 841655,
                      "Plan Width": 4,
                      "Actual Startup Time": 0.02,
                      "Actual Total Time": 62.545,
                      "Actual Rows": 652282,
                      "Actual Loops": 4
                    },
                    {
                      "Node Type": "Hash",
                      "Parent Relationship": "Inner",
                      "Parallel Aware": true,
                      "Startup Cost": 251191.17,
                      "Total Cost": 251191.17,
                      "Plan Rows": 586856,
                      "Plan Width": 8,
                      "Actual Startup Time": 1444.746,
                      "Actual Total Time": 1444.751,
                      "Actual Rows": 766016,
                      "Actual Loops": 4,
                      "Hash Buckets": 4194304,
                      "Original Hash Buckets": 4194304,
                      "Hash Batches": 1,
                      "Original Hash Batches": 1,
                      "Peak Memory Usage": 152672,
                      "Plans": [
                        {
                          "Node Type": "Hash Join",
                          "Parent Relationship": "Outer",
                          "Parallel Aware": true,
                          "Join Type": "Inner",
                          "Startup Cost": 50353.24,
                          "Total Cost": 251191.17,
                          "Plan Rows": 586856,
                          "Plan Width": 8,
                          "Actual Startup Time": 389.429,
                          "Actual Total Time": 1114.895,
                          "Actual Rows": 766016,
                          "Actual Loops": 4,
                          "Inner Unique": true,
                          "Hash Cond": "(mi.movie_id = t.id)",
                          "Plans": [
                            {
                              "Node Type": "Seq Scan",
                              "Parent Relationship": "Outer",
                              "Parallel Aware": true,
                              "Relation Name": "movie_info",
                              "Alias": "mi",
                              "Startup Cost": 0.0,
                              "Total Cost": 198952.16,
                              "Plan Rows": 718388,
                              "Plan Width": 4,
                              "Actual Startup Time": 41.018,
                              "Actual Total Time": 436.262,
                              "Actual Rows": 906244,
                              "Actual Loops": 4,
                              "Filter": "(info_type_id < 4)",
                              "Rows Removed by Filter": 2802686
                            },
                            {
                              "Node Type": "Hash",
                              "Parent Relationship": "Inner",
                              "Parallel Aware": true,
                              "Startup Cost": 43898.92,
                              "Total Cost": 43898.92,
                              "Plan Rows": 516346,
                              "Plan Width": 4,
                              "Actual Startup Time": 343.147,
                              "Actual Total Time": 343.148,
                              "Actual Rows": 516138,
                              "Actual Loops": 4,
                              "Hash Buckets": 2097152,
                              "Original Hash Buckets": 2097152,
                              "Hash Batches": 1,
                              "Original Hash Batches": 1,
                              "Peak Memory Usage": 97216,
                              "Plans": [
                                {
                                  "Node Type": "Seq Scan",
                                  "Parent Relationship": "Outer",
                                  "Parallel Aware": true,
                                  "Relation Name": "title",
                                  "Alias": "t",
                                  "Startup Cost": 0.0,
                                  "Total Cost": 43898.92,
                                  "Plan Rows": 516346,
                                  "Plan Width": 4,
                                  "Actual Startup Time": 0.039,
                                  "Actual Total Time": 123.908,
                                  "Actual Rows": 516138,
                                  "Actual Loops": 4,
                                  "Filter": "(production_year < 2011)",
                                  "Rows Removed by Filter": 115940
                                }
                              ]
                            }
                          ]
                        }
                      ]
                    }
                  ]
                }
              ]
            }
          ]
        }
      ]
    },
    "Planning Time": 1.413,
    "Triggers": [],
    "Execution Time": 2012.011
  }
]