[
  {
    "Plan": {
      "Node Type": "Aggregate",
      "Strategy": "Plain",
      "Partial Mode": "Finalize",
      "Parallel Aware": false,
      "Startup Cost": 109580.15,
      "Total Cost": 109580.16,
      "Plan Rows": 1,
      "Plan Width": 8,
      "Actual Startup Time": 327.46,
      "Actual Total Time": 346.578,
      "Actual Rows": 1,
      "Actual Loops": 1,
      "Plans": [
        {
          "Node Type": "Gather",
          "Parent Relationship": "Outer",
          "Parallel Aware": false,
          "Startup Cost": 109579.73,
          "Total Cost": 109580.14,
          "Plan Rows": 4,
          "Plan Width": 8,
          "Actual Startup Time": 326.047,
          "Actual Total Time": 346.567,
          "Actual Rows": 5,
          "Actual Loops": 1,
          "Workers Planned": 4,
          "Workers Launched": 4,
          "Single Copy": false,
          "Plans": [
            {
              "Node Type": "Aggregate",
              "Strategy": "Plain",
              "Partial Mode": "Partial",
              "Parent Relationship": "Outer",
              "Parallel Aware": false,
              "Startup Cost": 108579.73,
              "Total Cost": 108579.74,
              "Plan Rows": 1,
              "Plan Width": 8,
              "Actual Startup Time": 315.892,
              "Actual Total Time": 315.896,
              "Actual Rows": 1,
              "Actual Loops": 5,
              "Plans": [
                {
                  "Node Type": "Nested Loop",
                  "Parent Relationship": "Outer",
                  "Parallel Aware": false,
                  "Join Type": "Inner",
                  "Startup Cost": 28954.36,
                  "Total Cost": 108500.56,
                  "Plan Rows": 31669,
                  "Plan Width": 0,
                  "Actual Startup Time": 107.843,
                  "Actual Total Time": 313.42,
                  "Actual Rows": 47458,
                  "Actual Loops": 5,
                  "Inner Unique": false,
                  "Plans": [
                    {
                      "Node Type": "Hash Join",
                      "Parent Relationship": "Outer",
                      "Parallel Aware": true,
                      "Join Type": "Inner",
                      "Startup Cost": 28953.92,
                      "Total Cost": 75758.81,
                      "Plan Rows": 17699,
                      "Plan Width": 8,
                      "Actual Startup Time": 107.642,
                      "Actual Total Time": 233.428,
                      "Actual Rows": 30408,
                      "Actual Loops": 5,
                      "Inner Unique": false,
                      "Hash Cond": "(t.id = mc.movie_id)",
                      "Plans": [
                        {
                          "Node Type": "Seq Scan",
                          "Parent Relationship": "Outer",
                          "Parallel Aware": true,
                          "Relation Name": "title",
                          "Alias": "t",
                          "Startup Cost": 0.0,
                          "Total Cost": 45479.1,
                          "Plan Rows": 253740,
                          "Plan Width": 4,
                          "Actual Startup Time": 0.014,
                          "Actual Total Time": 79.932,
                          "Actual Rows": 192023,
                          "Actual Loops": 5,
                          "Filter": "((production_year < 2008) AND (kind_id = 7))",
                          "Rows Removed by Filter": 313640
                        },
                        {
                          "Node Type": "Hash",
                          "Parent Relationship": "Inner",
                          "Parallel Aware": true,
                          "Startup Cost": 28242.82,
                          "Total Cost": 28242.82,
                          "Plan Rows": 56888,
                          "Plan Width": 4,
                          "Actual Startup Time": 105.722,
                          "Actual Total Time": 105.724,
                          "Actual Rows": 54984,
                          "Actual Loops": 5,
                          "Hash Buckets": 524288,
                          "Original Hash Buckets": 262144,
                          "Hash Batches": 1,
                          "Original Hash Batches": 1,
                          "Peak Memory Usage": 16960,
                          "Plans": [
                            {
                              "Node Type": "Bitmap Heap Scan",
                              "Parent Relationship": "Outer",
                              "Parallel Aware": true,
                              "Relation Name": "movie_companies",
                              "Alias": "mc",
                              "Startup Cost": 7719.37,
                              "Total Cost": 28242.82,
                              "Plan Rows": 56888,
                              "Plan Width": 4,
                              "Actual Startup Time": 28.2,
                              "Actual Total Time": 75.542,
                              "Actual Rows": 54984,
                              "Actual Loops": 5,
                              "Recheck Cond": "(company_id < 171)",
                              "Rows Removed by Index Recheck": 0,
                              "Filter": "(company_type_id < 2)",
                              "Rows Removed by Filter": 15593,
                              "Exact Heap Blocks": 7310,
                              "Lossy Heap Blocks": 0,
                              "Plans": [
                                {
                                  "Node Type": "Bitmap Index Scan",
                                  "Parent Relationship": "Outer",
                                  "Parallel Aware": false,
                                  "Index Name": "company_id_movie_companies",
                                  "Startup Cost": 0.0,
                                  "Total Cost": 7675.28,
                                  "Plan Rows": 358247,
                                  "Plan Width": 0,
                                  "Actual Startup Time": 28.241,
                                  "Actual Total Time": 28.242,
                                  "Actual Rows": 352883,
                                  "Actual Loops": 1,
                                  "Index Cond": "(company_id < 171)"
                                }
                              ]
                            }
                          ]
                        }
                      ]
                    },
                    {
                      "Node Type": "Index Only Scan",
                      "Parent Relationship": "Inner",
                      "Parallel Aware": false,
                      "Scan Direction": "Forward",
                      "Index Name": "movie_id_movie_keyword",
                      "Relation Name": "movie_keyword",
                      "Alias": "mk",
                      "Startup Cost": 0.43,
                      "Total Cost": 1.4,
                      "Plan Rows": 45,
                      "Plan Width": 4,
                      "Actual Startup Time": 0.002,
                      "Actual Total Time": 0.002,
                      "Actual Rows": 2,
                      "Actual Loops": 152040,
                      "Index Cond": "(movie_id = t.id)",
                      "Rows Removed by Index Recheck": 0,
                      "Heap Fetches": 237289
                    }
                  ]
                }
              ]
            }
          ]
        }
      ]
    },
    "Planning Time": 1.468,
    "Triggers": [],
    "Execution Time": 346.707
  }
]