[
  {
    "Plan": {
      "Node Type": "Aggregate",
      "Strategy": "Plain",
      "Partial Mode": "Finalize",
      "Parallel Aware": false,
      "Startup Cost": 30685.92,
      "Total Cost": 30685.93,
      "Plan Rows": 1,
      "Plan Width": 8,
      "Actual Startup Time": 82.267,
      "Actual Total Time": 89.997,
      "Actual Rows": 1,
      "Actual Loops": 1,
      "Plans": [
        {
          "Node Type": "Gather",
          "Parent Relationship": "Outer",
          "Parallel Aware": false,
          "Startup Cost": 30685.6,
          "Total Cost": 30685.91,
          "Plan Rows": 3,
          "Plan Width": 8,
          "Actual Startup Time": 82.135,
          "Actual Total Time": 89.986,
          "Actual Rows": 4,
          "Actual Loops": 1,
          "Workers Planned": 3,
          "Workers Launched": 3,
          "Single Copy": false,
          "Plans": [
            {
              "Node Type": "Aggregate",
              "Strategy": "Plain",
              "Partial Mode": "Partial",
              "Parent Relationship": "Outer",
              "Parallel Aware": false,
              "Startup Cost": 29685.6,
              "Total Cost": 29685.61,
              "Plan Rows": 1,
              "Plan Width": 8,
              "Actual Startup Time": 77.156,
              "Actual Total Time": 77.157,
              "Actual Rows": 1,
              "Actual Loops": 4,
              "Plans": [
                {
                  "Node Type": "Seq Scan",
                  "Parent Relationship": "Outer",
                  "Parallel Aware": true,
                  "Relation Name": "movie_companies",
                  "Alias": "mc",
                  "Startup Cost": 0.0,
                  "Total Cost": 29310.68,
                  "Plan Rows": 149967,
                  "Plan Width": 0,
                  "Actual Startup Time": 40.552,
                  "Actual Total Time": 71.494,
                  "Actual Rows": 116403,
                  "Actual Loops": 4,
                  "Filter": "(company_id > 76320)",
                  "Rows Removed by Filter": 535879
                }
              ]
            }
          ]
        }
      ]
    },
    "Planning Time": 0.183,
    "Triggers": [],
    "Execution Time": 90.061
  }
]