[
  {
    "Plan": {
      "Node Type": "Aggregate",
      "Strategy": "Plain",
      "Partial Mode": "Finalize",
      "Parallel Aware": false,
      "Startup Cost": 336090.4,
      "Total Cost": 336090.41,
      "Plan Rows": 1,
      "Plan Width": 8,
      "Actual Startup Time": 686.328,
      "Actual Total Time": 745.583,
      "Actual Rows": 1,
      "Actual Loops": 1,
      "Plans": [
        {
          "Node Type": "Gather",
          "Parent Relationship": "Outer",
          "Parallel Aware": false,
          "Startup Cost": 336089.78,
          "Total Cost": 336090.39,
          "Plan Rows": 6,
          "Plan Width": 8,
          "Actual Startup Time": 686.209,
          "Actual Total Time": 745.575,
          "Actual Rows": 7,
          "Actual Loops": 1,
          "Workers Planned": 6,
          "Workers Launched": 6,
          "Single Copy": false,
          "Plans": [
            {
              "Node Type": "Aggregate",
              "Strategy": "Plain",
              "Partial Mode": "Partial",
              "Parent Relationship": "Outer",
              "Parallel Aware": false,
              "Startup Cost": 335089.78,
              "Total Cost": 335089.79,
              "Plan Rows": 1,
              "Plan Width": 8,
              "Actual Startup Time": 677.096,
              "Actual Total Time": 677.097,
              "Actual Rows": 1,
              "Actual Loops": 7,
              "Plans": [
                {
                  "Node Type": "Seq Scan",
                  "Parent Relationship": "Outer",
                  "Parallel Aware": true,
                  "Relation Name": "cast_info",
                  "Alias": "ci",
                  "Startup Cost": 0.0,
                  "Total Cost": 328162.03,
                  "Plan Rows": 2771101,
                  "Plan Width": 0,
                  "Actual Startup Time": 0.048,
                  "Actual Total Time": 574.79,
                  "Actual Rows": 2376005,
                  "Actual Loops": 7,
                  "Filter": "(person_id < 1646338)",
                  "Rows Removed by Filter": 2801758
                }
              ]
            }
          ]
        }
      ]
    },
    "Planning Time": 0.096,
    "Triggers": [],
    "Execution Time": 745.627
  }
]