[
  {
    "Plan": {
      "Node Type": "Aggregate",
      "Strategy": "Plain",
      "Partial Mode": "Finalize",
      "Parallel Aware": false,
      "Startup Cost": 76368.12,
      "Total Cost": 76368.13,
      "Plan Rows": 1,
      "Plan Width": 8,
      "Actual Startup Time": 304.946,
      "Actual Total Time": 319.784,
      "Actual Rows": 1,
      "Actual Loops": 1,
      "Plans": [
        {
          "Node Type": "Gather",
          "Parent Relationship": "Outer",
          "Parallel Aware": false,
          "Startup Cost": 76367.8,
          "Total Cost": 76368.11,
          "Plan Rows": 3,
          "Plan Width": 8,
          "Actual Startup Time": 304.324,
          "Actual Total Time": 319.775,
          "Actual Rows": 4,
          "Actual Loops": 1,
          "Workers Planned": 3,
          "Workers Launched": 3,
          "Single Copy": false,
          "Plans": [
            {
              "Node Type": "Aggregate",
              "Strategy": "Plain",
              "Partial Mode": "Partial",
              "Parent Relationship": "Outer",
              "Parallel Aware": false,
              "Startup Cost": 75367.8,
              "Total Cost": 75367.81,
              "Plan Rows": 1,
              "Plan Width": 8,
              "Actual Startup Time": 295.462,
              "Actual Total Time": 295.466,
              "Actual Rows": 1,
              "Actual Loops": 4,
              "Plans": [
                {
                  "Node Type": "Hash Join",
                  "Parent Relationship": "Outer",
                  "Parallel Aware": true,
                  "Join Type": "Inner",
                  "Startup Cost": 45852.47,
                  "Total Cost": 75268.36,
                  "Plan Rows": 39774,
                  "Plan Width": 0,
                  "Actual Startup Time": 153.638,
                  "Actual Total Time": 289.349,
                  "Actual Rows": 135590,
                  "Actual Loops": 4,
                  "Inner Unique": true,
                  "Hash Cond": "(mc.movie_id = t.id)",
                  "Plans": [
                    {
                      "Node Type": "Seq Scan",
                      "Parent Relationship": "Outer",
                      "Parallel Aware": true,
                      "Relation Name": "movie_companies",
                      "Alias": "mc",
                      "Startup Cost": 0.0,
                      "Total Cost": 27206.55,
                      "Plan Rows": 841655,
                      "Plan Width": 4,
                      "Actual Startup Time": 0.018,
                      "Actual Total Time": 58.639,
                      "Actual Rows": 652282,
                      "Actual Loops": 4
                    },
                    {
                      "Node Type": "Hash",
                      "Parent Relationship": "Inner",
                      "Parallel Aware": true,
                      "Startup Cost": 45479.1,
                      "Total Cost": 45479.1,
                      "Plan Rows": 29870,
                      "Plan Width": 4,
                      "Actual Startup Time": 123.119,
                      "Actual Total Time": 123.119,
                      "Actual Rows": 64237,
                      "Actual Loops": 4,
                      "Hash Buckets": 262144,
                      "Original Hash Buckets": 131072,
                      "Hash Batches": 1,
                      "Original Hash Batches": 1,
                      "Peak Memory Usage": 13184,
                      "Plans": [
                        {
                          "Node Type": "Seq Scan",
                          "Parent Relationship": "Outer",
                          "Parallel Aware": true,
                          "Relation Name": "title",
                          "Alias": "t",
                          "Startup Cost": 0.0,
                          "Total Cost": 45479.1,
                          "Plan Rows": 29870,
                          "Plan Width": 4,
                          "Actual Startup Time": 60.297,
                          "Actual Total Time": 99.749,
                          "Actual Rows": 64237,
                          "Actual Loops": 4,
                          "Filter": "((production_year < 1977) AND (kind_id = 1))",
                          "Rows Removed by Filter": 567841
                        }
                      ]
                    }
                  ]
                }
              ]
            }
          ]
        }
      ]
    },
    "Planning Time": 0.649,
    "Triggers": [],
    "Execution Time": 319.857
  }
]