{
  "Plan": {
    "Node Type": "Aggregate",
    "Strategy": "Plain",
    "Partial Mode": "Finalize",
    "Parallel Aware": false,
    "Startup Cost": 103724.6,
    "Total Cost": 103724.61,
    "Plan Rows": 1,
    "Plan Width": 8,
    "Actual Startup Time": 396.872,
    "Actual Total Time": 411.06,
    "Actual Rows": 1,
    "Actual Loops": 1,
    "Plans": [
      {
        "Node Type": "Gather",
        "Parent Relationship": "Outer",
        "Parallel Aware": false,
        "Startup Cost": 103724.49,
        "Total Cost": 103724.6,
        "Plan Rows": 1,
        "Plan Width": 8,
        "Actual Startup Time": 395.436,
        "Actual Total Time": 411.05,
        "Actual Rows": 2,
        "Actual Loops": 1,
        "Workers Planned": 1,
        "Workers Launched": 1,
        "Single Copy": false,
        "Plans": [
          {
            "Node Type": "Aggregate",
            "Strategy": "Plain",
            "Partial Mode": "Partial",
            "Parent Relationship": "Outer",
            "Parallel Aware": false,
            "Startup Cost": 102724.49,
            "Total Cost": 102724.5,
            "Plan Rows": 1,
            "Plan Width": 8,
            "Actual Startup Time": 391.284,
            "Actual Total Time": 391.288,
            "Actual Rows": 1,
            "Actual Loops": 2,
            "Plans": [
              {
                "Node Type": "Hash Join",
                "Parent Relationship": "Outer",
                "Parallel Aware": true,
                "Join Type": "Inner",
                "Startup Cost": 71739.24,
                "Total Cost": 102567.22,
                "Plan Rows": 62909,
                "Plan Width": 0,
                "Actual Startup Time": 259.662,
                "Actual Total Time": 386.605,
                "Actual Rows": 77936,
                "Actual Loops": 2,
                "Inner Unique": true,
                "Hash Cond": "(mk.movie_id = t.id)",
                "Plans": [
                  {
                    "Node Type": "Bitmap Heap Scan",
                    "Parent Relationship": "Outer",
                    "Parallel Aware": true,
                    "Relation Name": "movie_keyword",
                    "Alias": "mk",
                    "Startup Cost": 15196.64,
                    "Total Cost": 44918.39,
                    "Plan Rows": 421420,
                    "Plan Width": 4,
                    "Actual Startup Time": 62.778,
                    "Actual Total Time": 160.071,
                    "Actual Rows": 360744,
                    "Actual Loops": 2,
                    "Recheck Cond": "(keyword_id < 643)",
                    "Rows Removed by Index Recheck": 0,
                    "Exact Heap Blocks": 14380,
                    "Lossy Heap Blocks": 0,
                    "Plans": [
                      {
                        "Node Type": "Bitmap Index Scan",
                        "Parent Relationship": "Outer",
                        "Parallel Aware": false,
                        "Index Name": "keyword_id_movie_keyword",
                        "Startup Cost": 0.0,
                        "Total Cost": 15017.54,
                        "Plan Rows": 716414,
                        "Plan Width": 0,
                        "Actual Startup Time": 56.985,
                        "Actual Total Time": 56.986,
                        "Actual Rows": 721487,
                        "Actual Loops": 1,
                        "Index Cond": "(keyword_id < 643)"
                      }
                    ]
                  },
                  {
                    "Node Type": "Hash",
                    "Parent Relationship": "Inner",
                    "Parallel Aware": true,
                    "Startup Cost": 53767.46,
                    "Total Cost": 53767.46,
                    "Plan Rows": 222011,
                    "Plan Width": 4,
                    "Actual Startup Time": 149.885,
                    "Actual Total Time": 149.886,
                    "Actual Rows": 141058,
                    "Actual Loops": 2,
                    "Hash Buckets": 524288,
                    "Original Hash Buckets": 524288,
                    "Hash Batches": 1,
                    "Original Hash Batches": 1,
                    "Peak Memory Usage": 15168,
                    "Plans": [
                      {
                        "Node Type": "Bitmap Heap Scan",
                        "Parent Relationship": "Outer",
                        "Parallel Aware": true,
                        "Relation Name": "title",
                        "Alias": "t",
                        "Startup Cost": 11917.2,
                        "Total Cost": 53767.46,
                        "Plan Rows": 222011,
                        "Plan Width": 4,
                        "Actual Startup Time": 36.981,
                        "Actual Total Time": 111.998,
                        "Actual Rows": 141058,
                        "Actual Loops": 2,
                        "Recheck Cond": "(kind_id < 2)",
                        "Rows Removed by Index Recheck": 0,
                        "Filter": "(production_year > 1999)",
                        "Rows Removed by Filter": 190355,
                        "Exact Heap Blocks": 8629,
                        "Lossy Heap Blocks": 0,
                        "Plans": [
                          {
                            "Node Type": "Bitmap Index Scan",
                            "Parent Relationship": "Outer",
                            "Parallel Aware": false,
                            "Index Name": "kind_id_title",
                            "Startup Cost": 0.0,
                            "Total Cost": 11822.85,
                            "Plan Rows": 663256,
                            "Plan Width": 0,
                            "Actual Startup Time": 34.891,
                            "Actual Total Time": 34.891,
                            "Actual Rows": 662825,
                            "Actual Loops": 1,
                            "Index Cond": "(kind_id < 2)"
                          }
                        ]
                      }
                    ]
                  }
                ]
              }
            ]
          }
        ]
      }
    ]
  },
  "Planning Time": 0.6,
  "Triggers": [],
  "Execution Time": 411.161
}