{
  "Plan": {
    "Node Type": "Aggregate",
    "Strategy": "Plain",
    "Partial Mode": "Finalize",
    "Parallel Aware": false,
    "Startup Cost": 918819.97,
    "Total Cost": 918819.98,
    "Plan Rows": 1,
    "Plan Width": 64,
    "Actual Startup Time": 18422.604,
    "Actual Total Time": 18437.265,
    "Actual Rows": 1,
    "Actual Loops": 1,
    "Plans": [
      {
        "Node Type": "Gather",
        "Parent Relationship": "Outer",
        "Parallel Aware": false,
        "Startup Cost": 918819.86,
        "Total Cost": 918819.97,
        "Plan Rows": 1,
        "Plan Width": 64,
        "Actual Startup Time": 18422.592,
        "Actual Total Time": 18437.257,
        "Actual Rows": 2,
        "Actual Loops": 1,
        "Workers Planned": 1,
        "Workers Launched": 1,
        "Single Copy": false,
        "Plans": [
          {
            "Node Type": "Aggregate",
            "Strategy": "Plain",
            "Partial Mode": "Partial",
            "Parent Relationship": "Outer",
            "Parallel Aware": false,
            "Startup Cost": 917819.86,
            "Total Cost": 917819.87,
            "Plan Rows": 1,
            "Plan Width": 64,
            "Actual Startup Time": 17591.913,
            "Actual Total Time": 17591.932,
            "Actual Rows": 1,
            "Actual Loops": 2,
            "Plans": [
              {
                "Node Type": "Hash Join",
                "Parent Relationship": "Outer",
                "Parallel Aware": false,
                "Join Type": "Inner",
                "Startup Cost": 417553.6,
                "Total Cost": 917814.53,
                "Plan Rows": 1065,
                "Plan Width": 32,
                "Actual Startup Time": 3358.981,
                "Actual Total Time": 17418.539,
                "Actual Rows": 1338996,
                "Actual Loops": 2,
                "Inner Unique": true,
                "Hash Cond": "(mi.info_type_id = it.id)",
                "Plans": [
                  {
                    "Node Type": "Hash Join",
                    "Parent Relationship": "Outer",
                    "Parallel Aware": true,
                    "Join Type": "Inner",
                    "Startup Cost": 417551.18,
                    "Total Cost": 917484.52,
                    "Plan Rows": 120287,
                    "Plan Width": 36,
                    "Actual Startup Time": 3358.655,
                    "Actual Total Time": 16865.675,
                    "Actual Rows": 6970276,
                    "Actual Loops": 2,
                    "Inner Unique": true,
                    "Hash Cond": "(ci.person_id = n.id)",
                    "Plans": [
                      {
                        "Node Type": "Nested Loop",
                        "Parent Relationship": "Outer",
                        "Parallel Aware": false,
                        "Join Type": "Inner",
                        "Startup Cost": 324289.11,
                        "Total Cost": 822841.81,
                        "Plan Rows": 525961,
                        "Plan Width": 29,
                        "Actual Startup Time": 2801.768,
                        "Actual Total Time": 15225.671,
                        "Actual Rows": 6972080,
                        "Actual Loops": 2,
                        "Inner Unique": true,
                        "Plans": [
                          {
                            "Node Type": "Nested Loop",
                            "Parent Relationship": "Outer",
                            "Parallel Aware": false,
                            "Join Type": "Inner",
                            "Startup Cost": 324288.68,
                            "Total Cost": 546188.56,
                            "Plan Rows": 525961,
                            "Plan Width": 33,
                            "Actual Startup Time": 2801.685,
                            "Actual Total Time": 5185.702,
                            "Actual Rows": 7193780,
                            "Actual Loops": 2,
                            "Inner Unique": false,
                            "Plans": [
                              {
                                "Node Type": "Hash Join",
                                "Parent Relationship": "Outer",
                                "Parallel Aware": true,
                                "Join Type": "Inner",
                                "Startup Cost": 324288.25,
                                "Total Cost": 381399.65,
                                "Plan Rows": 89611,
                                "Plan Width": 41,
                                "Actual Startup Time": 2801.612,
                                "Actual Total Time": 3099.242,
                                "Actual Rows": 102796,
                                "Actual Loops": 2,
                                "Inner Unique": false,
                                "Hash Cond": "(t.id = mc.movie_id)",
                                "Plans": [
                                  {
                                    "Node Type": "Seq Scan",
                                    "Parent Relationship": "Outer",
                                    "Parallel Aware": true,
                                    "Relation Name": "title",
                                    "Alias": "t",
                                    "Startup Cost": 0.0,
                                    "Total Cost": 54587.68,
                                    "Plan Rows": 532425,
                                    "Plan Width": 21,
                                    "Actual Startup Time": 0.038,
                                    "Actual Total Time": 141.69,
                                    "Actual Rows": 452246,
                                    "Actual Loops": 2,
                                    "Filter": "(production_year > 2006)",
                                    "Rows Removed by Filter": 811910
                                  },
                                  {
                                    "Node Type": "Hash",
                                    "Parent Relationship": "Inner",
                                    "Parallel Aware": true,
                                    "Startup Cost": 321159.46,
                                    "Total Cost": 321159.46,
                                    "Plan Rows": 250303,
                                    "Plan Width": 20,
                                    "Actual Startup Time": 2799.673,
                                    "Actual Total Time": 2799.686,
                                    "Actual Rows": 468376,
                                    "Actual Loops": 2,
                                    "Hash Buckets": 1048576,
                                    "Original Hash Buckets": 524288,
                                    "Hash Batches": 1,
                                    "Original Hash Batches": 1,
                                    "Peak Memory Usage": 63328,
                                    "Plans": [
                                      {
                                        "Node Type": "Merge Join",
                                        "Parent Relationship": "Outer",
                                        "Parallel Aware": false,
                                        "Join Type": "Inner",
                                        "Startup Cost": 314780.14,
                                        "Total Cost": 321159.46,
                                        "Plan Rows": 250303,
                                        "Plan Width": 20,
                                        "Actual Startup Time": 2412.675,
                                        "Actual Total Time": 2586.446,
                                        "Actual Rows": 468376,
                                        "Actual Loops": 2,
                                        "Inner Unique": true,
                                        "Merge Cond": "(mc.company_id = cn.id)",
                                        "Plans": [
                                          {
                                            "Node Type": "Sort",
                                            "Parent Relationship": "Outer",
                                            "Parallel Aware": false,
                                            "Startup Cost": 301867.47,
                                            "Total Cost": 303592.75,
                                            "Plan Rows": 690114,
                                            "Plan Width": 24,
                                            "Actual Startup Time": 2369.466,
                                            "Actual Total Time": 2436.638,
                                            "Actual Rows": 888992,
                                            "Actual Loops": 2,
                                            "Sort Key": [
                                              "mc.company_id"
                                            ],
                                            "Sort Method": "quicksort",
                                            "Sort Space Used": 69534,
                                            "Sort Space Type": "Memory",
                                            "Workers": [
                                              {
                                                "Worker Number": 0,
                                                "Sort Method": "quicksort",
                                                "Sort Space Used": 143100,
                                                "Sort Space Type": "Memory"
                                              }
                                            ],
                                            "Plans": [
                                              {
                                                "Node Type": "Hash Join",
                                                "Parent Relationship": "Outer",
                                                "Parallel Aware": false,
                                                "Join Type": "Inner",
                                                "Startup Cost": 176633.32,
                                                "Total Cost": 234938.57,
                                                "Plan Rows": 690114,
                                                "Plan Width": 24,
                                                "Actual Startup Time": 1775.403,
                                                "Actual Total Time": 2178.125,
                                                "Actual Rows": 888992,
                                                "Actual Loops": 2,
                                                "Inner Unique": false,
                                                "Hash Cond": "(mc.movie_id = ci.movie_id)",
                                                "Plans": [
                                                  {
                                                    "Node Type": "Seq Scan",
                                                    "Parent Relationship": "Outer",
                                                    "Parallel Aware": true,
                                                    "Relation Name": "movie_companies",
                                                    "Alias": "mc",
                                                    "Startup Cost": 0.0,
                                                    "Total Cost": 34137.82,
                                                    "Plan Rows": 1534782,
                                                    "Plan Width": 8,
                                                    "Actual Startup Time": 0.018,
                                                    "Actual Total Time": 107.573,
                                                    "Actual Rows": 1304564,
                                                    "Actual Loops": 2
                                                  },
                                                  {
                                                    "Node Type": "Hash",
                                                    "Parent Relationship": "Inner",
                                                    "Parallel Aware": false,
                                                    "Startup Cost": 170695.1,
                                                    "Total Cost": 170695.1,
                                                    "Plan Rows": 475057,
                                                    "Plan Width": 16,
                                                    "Actual Startup Time": 1773.246,
                                                    "Actual Total Time": 1773.252,
                                                    "Actual Rows": 582015,
                                                    "Actual Loops": 2,
                                                    "Hash Buckets": 1048576,
                                                    "Original Hash Buckets": 524288,
                                                    "Hash Batches": 1,
                                                    "Original Hash Batches": 1,
                                                    "Peak Memory Usage": 35360,
                                                    "Plans": [
                                                      {
                                                        "Node Type": "Hash Join",
                                                        "Parent Relationship": "Outer",
                                                        "Parallel Aware": false,
                                                        "Join Type": "Inner",
                                                        "Startup Cost": 31676.78,
                                                        "Total Cost": 170695.1,
                                                        "Plan Rows": 475057,
                                                        "Plan Width": 16,
                                                        "Actual Startup Time": 296.744,
                                                        "Actual Total Time": 1638.68,
                                                        "Actual Rows": 582015,
                                                        "Actual Loops": 2,
                                                        "Inner Unique": false,
                                                        "Hash Cond": "(ci.person_id = an.person_id)",
                                                        "Plans": [
                                                          {
                                                            "Node Type": "Nested Loop",
                                                            "Parent Relationship": "Outer",
                                                            "Parallel Aware": false,
                                                            "Join Type": "Inner",
                                                            "Startup Cost": 0.56,
                                                            "Total Cost": 133255.4,
                                                            "Plan Rows": 202584,
                                                            "Plan Width": 12,
                                                            "Actual Startup Time": 0.126,
                                                            "Actual Total Time": 1209.554,
                                                            "Actual Rows": 390571,
                                                            "Actual Loops": 2,
                                                            "Inner Unique": false,
                                                            "Plans": [
                                                              {
                                                                "Node Type": "Seq Scan",
                                                                "Parent Relationship": "Outer",
                                                                "Parallel Aware": false,
                                                                "Relation Name": "role_type",
                                                                "Alias": "rt",
                                                                "Startup Cost": 0.0,
                                                                "Total Cost": 1.15,
                                                                "Plan Rows": 1,
                                                                "Plan Width": 4,
                                                                "Actual Startup Time": 0.034,
                                                                "Actual Total Time": 0.039,
                                                                "Actual Rows": 1,
                                                                "Actual Loops": 2,
                                                                "Filter": "((role)::text = 'actress'::text)",
                                                                "Rows Removed by Filter": 11
                                                              },
                                                              {
                                                                "Node Type": "Index Scan",
                                                                "Parent Relationship": "Inner",
                                                                "Parallel Aware": false,
                                                                "Scan Direction": "Forward",
                                                                "Index Name": "role_id_cast_info",
                                                                "Relation Name": "cast_info",
                                                                "Alias": "ci",
                                                                "Startup Cost": 0.56,
                                                                "Total Cost": 131044.24,
                                                                "Plan Rows": 221001,
                                                                "Plan Width": 16,
                                                                "Actual Startup Time": 0.084,
                                                                "Actual Total Time": 1174.086,
                                                                "Actual Rows": 390571,
                                                                "Actual Loops": 2,
                                                                "Index Cond": "(role_id = rt.id)",
                                                                "Rows Removed by Index Recheck": 0,
                                                                "Filter": "(note = ANY ('{(uncredited),(voice),\"(executive producer)\",\"(as Dominique)\"}'::text[]))",
                                                                "Rows Removed by Filter": 7061402
                                                              }
                                                            ]
                                                          },
                                                          {
                                                            "Node Type": "Hash",
                                                            "Parent Relationship": "Inner",
                                                            "Parallel Aware": false,
                                                            "Startup Cost": 20409.43,
                                                            "Total Cost": 20409.43,
                                                            "Plan Rows": 901343,
                                                            "Plan Width": 4,
                                                            "Actual Startup Time": 292.714,
                                                            "Actual Total Time": 292.715,
                                                            "Actual Rows": 901343,
                                                            "Actual Loops": 2,
                                                            "Hash Buckets": 1048576,
                                                            "Original Hash Buckets": 1048576,
                                                            "Hash Batches": 1,
                                                            "Original Hash Batches": 1,
                                                            "Peak Memory Usage": 39880,
                                                            "Plans": [
                                                              {
                                                                "Node Type": "Seq Scan",
                                                                "Parent Relationship": "Outer",
                                                                "Parallel Aware": false,
                                                                "Relation Name": "aka_name",
                                                                "Alias": "an",
                                                                "Startup Cost": 0.0,
                                                                "Total Cost": 20409.43,
                                                                "Plan Rows": 901343,
                                                                "Plan Width": 4,
                                                                "Actual Startup Time": 0.025,
                                                                "Actual Total Time": 124.619,
                                                                "Actual Rows": 901343,
                                                                "Actual Loops": 2
                                                              }
                                                            ]
                                                          }
                                                        ]
                                                      }
                                                    ]
                                                  }
                                                ]
                                              }
                                            ]
                                          },
                                          {
                                            "Node Type": "Sort",
                                            "Parent Relationship": "Inner",
                                            "Parallel Aware": false,
                                            "Startup Cost": 12912.67,
                                            "Total Cost": 13125.75,
                                            "Plan Rows": 85233,
                                            "Plan Width": 4,
                                            "Actual Startup Time": 43.198,
                                            "Actual Total Time": 54.114,
                                            "Actual Rows": 84843,
                                            "Actual Loops": 2,
                                            "Sort Key": [
                                              "cn.id"
                                            ],
                                            "Sort Method": "quicksort",
                                            "Sort Space Used": 7050,
                                            "Sort Space Type": "Memory",
                                            "Workers": [
                                              {
                                                "Worker Number": 0,
                                                "Sort Method": "quicksort",
                                                "Sort Space Used": 7050,
                                                "Sort Space Type": "Memory"
                                              }
                                            ],
                                            "Plans": [
                                              {
                                                "Node Type": "Seq Scan",
                                                "Parent Relationship": "Outer",
                                                "Parallel Aware": false,
                                                "Relation Name": "company_name",
                                                "Alias": "cn",
                                                "Startup Cost": 0.0,
                                                "Total Cost": 5932.46,
                                                "Plan Rows": 85233,
                                                "Plan Width": 4,
                                                "Actual Startup Time": 0.035,
                                                "Actual Total Time": 25.271,
                                                "Actual Rows": 84843,
                                                "Actual Loops": 2,
                                                "Filter": "((country_code)::text = '[us]'::text)",
                                                "Rows Removed by Filter": 150154
                                              }
                                            ]
                                          }
                                        ]
                                      }
                                    ]
                                  }
                                ]
                              },
                              {
                                "Node Type": "Index Scan",
                                "Parent Relationship": "Inner",
                                "Parallel Aware": false,
                                "Scan Direction": "Forward",
                                "Index Name": "movie_id_movie_info",
                                "Relation Name": "movie_info",
                                "Alias": "mi",
                                "Startup Cost": 0.43,
                                "Total Cost": 1.45,
                                "Plan Rows": 39,
                                "Plan Width": 8,
                                "Actual Startup Time": 0.002,
                                "Actual Total Time": 0.013,
                                "Actual Rows": 70,
                                "Actual Loops": 205592,
                                "Index Cond": "(movie_id = mc.movie_id)",
                                "Rows Removed by Index Recheck": 0
                              }
                            ]
                          },
                          {
                            "Node Type": "Index Only Scan",
                            "Parent Relationship": "Inner",
                            "Parallel Aware": false,
                            "Scan Direction": "Forward",
                            "Index Name": "char_name_pkey",
                            "Relation Name": "char_name",
                            "Alias": "chn",
                            "Startup Cost": 0.43,
                            "Total Cost": 0.53,
                            "Plan Rows": 1,
                            "Plan Width": 4,
                            "Actual Startup Time": 0.001,
                            "Actual Total Time": 0.001,
                            "Actual Rows": 1,
                            "Actual Loops": 14387561,
                            "Index Cond": "(id = ci.person_role_id)",
                            "Rows Removed by Index Recheck": 0,
                            "Heap Fetches": 13944160
                          }
                        ]
                      },
                      {
                        "Node Type": "Hash",
                        "Parent Relationship": "Inner",
                        "Parallel Aware": true,
                        "Startup Cost": 86254.38,
                        "Total Cost": 86254.38,
                        "Plan Rows": 560615,
                        "Plan Width": 19,
                        "Actual Startup Time": 547.598,
                        "Actual Total Time": 547.599,
                        "Actual Rows": 480778,
                        "Actual Loops": 2,
                        "Hash Buckets": 1048576,
                        "Original Hash Buckets": 1048576,
                        "Hash Batches": 1,
                        "Original Hash Batches": 1,
                        "Peak Memory Usage": 60544,
                        "Plans": [
                          {
                            "Node Type": "Seq Scan",
                            "Parent Relationship": "Outer",
                            "Parallel Aware": true,
                            "Relation Name": "name",
                            "Alias": "n",
                            "Startup Cost": 0.0,
                            "Total Cost": 86254.38,
                            "Plan Rows": 560615,
                            "Plan Width": 19,
                            "Actual Startup Time": 139.79,
                            "Actual Total Time": 332.876,
                            "Actual Rows": 480778,
                            "Actual Loops": 2,
                            "Filter": "((gender)::text = 'f'::text)",
                            "Rows Removed by Filter": 1602968
                          }
                        ]
                      }
                    ]
                  },
                  {
                    "Node Type": "Hash",
                    "Parent Relationship": "Inner",
                    "Parallel Aware": false,
                    "Startup Cost": 2.41,
                    "Total Cost": 2.41,
                    "Plan Rows": 1,
                    "Plan Width": 4,
                    "Actual Startup Time": 0.07,
                    "Actual Total Time": 0.07,
                    "Actual Rows": 1,
                    "Actual Loops": 2,
                    "Hash Buckets": 1024,
                    "Original Hash Buckets": 1024,
                    "Hash Batches": 1,
                    "Original Hash Batches": 1,
                    "Peak Memory Usage": 9,
                    "Plans": [
                      {
                        "Node Type": "Seq Scan",
                        "Parent Relationship": "Outer",
                        "Parallel Aware": false,
                        "Relation Name": "info_type",
                        "Alias": "it",
                        "Startup Cost": 0.0,
                        "Total Cost": 2.41,
                        "Plan Rows": 1,
                        "Plan Width": 4,
                        "Actual Startup Time": 0.038,
                        "Actual Total Time": 0.055,
                        "Actual Rows": 1,
                        "Actual Loops": 2,
                        "Filter": "((info)::text = 'release dates'::text)",
                        "Rows Removed by Filter": 112
                      }
                    ]
                  }
                ]
              }
            ]
          }
        ]
      }
    ]
  },
  "Planning Time": 2.811,
  "Triggers": [],
  "Execution Time": 18438.25
}