[
  {
    "Plan": {
      "Node Type": "Aggregate",
      "Strategy": "Plain",
      "Partial Mode": "Finalize",
      "Parallel Aware": false,
      "Startup Cost": 337626.06,
      "Total Cost": 337626.07,
      "Plan Rows": 1,
      "Plan Width": 8,
      "Actual Startup Time": 705.321,
      "Actual Total Time": 753.537,
      "Actual Rows": 1,
      "Actual Loops": 1,
      "Plans": [
        {
          "Node Type": "Gather",
          "Parent Relationship": "Outer",
          "Parallel Aware": false,
          "Startup Cost": 337625.44,
          "Total Cost": 337626.05,
          "Plan Rows": 6,
          "Plan Width": 8,
          "Actual Startup Time": 705.141,
          "Actual Total Time": 753.527,
          "Actual Rows": 7,
          "Actual Loops": 1,
          "Workers Planned": 6,
          "Workers Launched": 6,
          "Single Copy": false,
          "Plans": [
            {
              "Node Type": "Aggregate",
              "Strategy": "Plain",
              "Partial Mode": "Partial",
              "Parent Relationship": "Outer",
              "Parallel Aware": false,
              "Startup Cost": 336625.44,
              "Total Cost": 336625.45,
              "Plan Rows": 1,
              "Plan Width": 8,
              "Actual Startup Time": 697.5,
              "Actual Total Time": 697.501,
              "Actual Rows": 1,
              "Actual Loops": 7,
              "Plans": [
                {
                  "Node Type": "Seq Scan",
                  "Parent Relationship": "Outer",
                  "Parallel Aware": true,
                  "Relation Name": "cast_info",
                  "Alias": "ci",
                  "Startup Cost": 0.0,
                  "Total Cost": 328211.39,
                  "Plan Rows": 3365618,
                  "Plan Width": 0,
                  "Actual Startup Time": 0.046,
                  "Actual Total Time": 567.169,
                  "Actual Rows": 2924555,
                  "Actual Loops": 7,
                  "Filter": "(person_id < 2059154)",
                  "Rows Removed by Filter": 2253208
                }
              ]
            }
          ]
        }
      ]
    },
    "Planning Time": 0.188,
    "Triggers": [],
    "Execution Time": 753.604
  }
]