[
  {
    "Plan": {
      "Node Type": "Aggregate",
      "Strategy": "Plain",
      "Partial Mode": "Finalize",
      "Parallel Aware": false,
      "Startup Cost": 33016.96,
      "Total Cost": 33016.97,
      "Plan Rows": 1,
      "Plan Width": 8,
      "Actual Startup Time": 94.502,
      "Actual Total Time": 102.061,
      "Actual Rows": 1,
      "Actual Loops": 1,
      "Plans": [
        {
          "Node Type": "Gather",
          "Parent Relationship": "Outer",
          "Parallel Aware": false,
          "Startup Cost": 33016.64,
          "Total Cost": 33016.95,
          "Plan Rows": 3,
          "Plan Width": 8,
          "Actual Startup Time": 94.356,
          "Actual Total Time": 102.052,
          "Actual Rows": 4,
          "Actual Loops": 1,
          "Workers Planned": 3,
          "Workers Launched": 3,
          "Single Copy": false,
          "Plans": [
            {
              "Node Type": "Aggregate",
              "Strategy": "Plain",
              "Partial Mode": "Partial",
              "Parent Relationship": "Outer",
              "Parallel Aware": false,
              "Startup Cost": 32016.64,
              "Total Cost": 32016.65,
              "Plan Rows": 1,
              "Plan Width": 8,
              "Actual Startup Time": 85.668,
              "Actual Total Time": 85.669,
              "Actual Rows": 1,
              "Actual Loops": 4,
              "Plans": [
                {
                  "Node Type": "Seq Scan",
                  "Parent Relationship": "Outer",
                  "Parallel Aware": true,
                  "Relation Name": "movie_companies",
                  "Alias": "mc",
                  "Startup Cost": 0.0,
                  "Total Cost": 31414.82,
                  "Plan Rows": 240730,
                  "Plan Width": 0,
                  "Actual Startup Time": 12.065,
                  "Actual Total Time": 79.453,
                  "Actual Rows": 131713,
                  "Actual Loops": 4,
                  "Filter": "((company_id > 7281) AND (company_type_id < 2))",
                  "Rows Removed by Filter": 520569
                }
              ]
            }
          ]
        }
      ]
    },
    "Planning Time": 0.197,
    "Triggers": [],
    "Execution Time": 102.114
  }
]