{
  "Plan": {
    "Node Type": "Aggregate",
    "Strategy": "Plain",
    "Partial Mode": "Finalize",
    "Parallel Aware": false,
    "Startup Cost": 98033.73,
    "Total Cost": 98033.74,
    "Plan Rows": 1,
    "Plan Width": 8,
    "Actual Startup Time": 314.717,
    "Actual Total Time": 328.416,
    "Actual Rows": 1,
    "Actual Loops": 1,
    "Plans": [
      {
        "Node Type": "Gather",
        "Parent Relationship": "Outer",
        "Parallel Aware": false,
        "Startup Cost": 98033.61,
        "Total Cost": 98033.72,
        "Plan Rows": 1,
        "Plan Width": 8,
        "Actual Startup Time": 313.526,
        "Actual Total Time": 328.409,
        "Actual Rows": 2,
        "Actual Loops": 1,
        "Workers Planned": 1,
        "Workers Launched": 1,
        "Single Copy": false,
        "Plans": [
          {
            "Node Type": "Aggregate",
            "Strategy": "Plain",
            "Partial Mode": "Partial",
            "Parent Relationship": "Outer",
            "Parallel Aware": false,
            "Startup Cost": 97033.61,
            "Total Cost": 97033.62,
            "Plan Rows": 1,
            "Plan Width": 8,
            "Actual Startup Time": 307.443,
            "Actual Total Time": 307.447,
            "Actual Rows": 1,
            "Actual Loops": 2,
            "Plans": [
              {
                "Node Type": "Hash Join",
                "Parent Relationship": "Outer",
                "Parallel Aware": true,
                "Join Type": "Inner",
                "Startup Cost": 72084.93,
                "Total Cost": 96938.29,
                "Plan Rows": 38129,
                "Plan Width": 0,
                "Actual Startup Time": 258.698,
                "Actual Total Time": 307.3,
                "Actual Rows": 1621,
                "Actual Loops": 2,
                "Inner Unique": true,
                "Hash Cond": "(mc.movie_id = t.id)",
                "Plans": [
                  {
                    "Node Type": "Bitmap Heap Scan",
                    "Parent Relationship": "Outer",
                    "Parallel Aware": true,
                    "Relation Name": "movie_companies",
                    "Alias": "mc",
                    "Startup Cost": 13627.38,
                    "Total Cost": 37999.83,
                    "Plan Rows": 183204,
                    "Plan Width": 4,
                    "Actual Startup Time": 34.056,
                    "Actual Total Time": 78.314,
                    "Actual Rows": 8981,
                    "Actual Loops": 2,
                    "Recheck Cond": "(company_id > 55918)",
                    "Rows Removed by Index Recheck": 0,
                    "Filter": "(company_type_id < 2)",
                    "Rows Removed by Filter": 313613,
                    "Exact Heap Blocks": 6994,
                    "Lossy Heap Blocks": 0,
                    "Plans": [
                      {
                        "Node Type": "Bitmap Index Scan",
                        "Parent Relationship": "Outer",
                        "Parallel Aware": false,
                        "Index Name": "company_id_movie_companies",
                        "Startup Cost": 0.0,
                        "Total Cost": 13549.51,
                        "Plan Rows": 632678,
                        "Plan Width": 0,
                        "Actual Startup Time": 32.531,
                        "Actual Total Time": 32.532,
                        "Actual Rows": 645188,
                        "Actual Loops": 1,
                        "Index Cond": "(company_id > 55918)"
                      }
                    ]
                  },
                  {
                    "Node Type": "Hash",
                    "Parent Relationship": "Inner",
                    "Parallel Aware": true,
                    "Startup Cost": 54588.39,
                    "Total Cost": 54588.39,
                    "Plan Rows": 309533,
                    "Plan Width": 4,
                    "Actual Startup Time": 215.699,
                    "Actual Total Time": 215.7,
                    "Actual Rows": 269095,
                    "Actual Loops": 2,
                    "Hash Buckets": 1048576,
                    "Original Hash Buckets": 1048576,
                    "Hash Batches": 1,
                    "Original Hash Batches": 1,
                    "Peak Memory Usage": 29280,
                    "Plans": [
                      {
                        "Node Type": "Seq Scan",
                        "Parent Relationship": "Outer",
                        "Parallel Aware": true,
                        "Relation Name": "title",
                        "Alias": "t",
                        "Startup Cost": 0.0,
                        "Total Cost": 54588.39,
                        "Plan Rows": 309533,
                        "Plan Width": 4,
                        "Actual Startup Time": 0.036,
                        "Actual Total Time": 144.625,
                        "Actual Rows": 269095,
                        "Actual Loops": 2,
                        "Filter": "(production_year < 1982)",
                        "Rows Removed by Filter": 995061
                      }
                    ]
                  }
                ]
              }
            ]
          }
        ]
      }
    ]
  },
  "Planning Time": 0.63,
  "Triggers": [],
  "Execution Time": 328.506
}