{
  "Plan": {
    "Node Type": "Aggregate",
    "Strategy": "Plain",
    "Partial Mode": "Finalize",
    "Parallel Aware": false,
    "Startup Cost": 707106.05,
    "Total Cost": 707106.06,
    "Plan Rows": 1,
    "Plan Width": 8,
    "Actual Startup Time": 3661.691,
    "Actual Total Time": 3718.503,
    "Actual Rows": 1,
    "Actual Loops": 1,
    "Plans": [
      {
        "Node Type": "Gather",
        "Parent Relationship": "Outer",
        "Parallel Aware": false,
        "Startup Cost": 707105.94,
        "Total Cost": 707106.05,
        "Plan Rows": 1,
        "Plan Width": 8,
        "Actual Startup Time": 3653.612,
        "Actual Total Time": 3718.495,
        "Actual Rows": 2,
        "Actual Loops": 1,
        "Workers Planned": 1,
        "Workers Launched": 1,
        "Single Copy": false,
        "Plans": [
          {
            "Node Type": "Aggregate",
            "Strategy": "Plain",
            "Partial Mode": "Partial",
            "Parent Relationship": "Outer",
            "Parallel Aware": false,
            "Startup Cost": 706105.94,
            "Total Cost": 706105.95,
            "Plan Rows": 1,
            "Plan Width": 8,
            "Actual Startup Time": 3645.612,
            "Actual Total Time": 3645.618,
            "Actual Rows": 1,
            "Actual Loops": 2,
            "Plans": [
              {
                "Node Type": "Hash Join",
                "Parent Relationship": "Outer",
                "Parallel Aware": true,
                "Join Type": "Inner",
                "Startup Cost": 407441.57,
                "Total Cost": 702482.42,
                "Plan Rows": 1449406,
                "Plan Width": 0,
                "Actual Startup Time": 1498.647,
                "Actual Total Time": 3482.737,
                "Actual Rows": 4149296,
                "Actual Loops": 2,
                "Inner Unique": false,
                "Hash Cond": "(mi.movie_id = t.id)",
                "Plans": [
                  {
                    "Node Type": "Seq Scan",
                    "Parent Relationship": "Outer",
                    "Parallel Aware": true,
                    "Relation Name": "movie_info",
                    "Alias": "mi",
                    "Startup Cost": 0.0,
                    "Total Cost": 270696.42,
                    "Plan Rows": 4218272,
                    "Plan Width": 4,
                    "Actual Startup Time": 0.018,
                    "Actual Total Time": 681.427,
                    "Actual Rows": 3643432,
                    "Actual Loops": 2,
                    "Filter": "(info_type_id < 8)",
                    "Rows Removed by Filter": 3774428
                  },
                  {
                    "Node Type": "Hash",
                    "Parent Relationship": "Inner",
                    "Parallel Aware": true,
                    "Startup Cost": 401053.88,
                    "Total Cost": 401053.88,
                    "Plan Rows": 511015,
                    "Plan Width": 8,
                    "Actual Startup Time": 1487.889,
                    "Actual Total Time": 1487.893,
                    "Actual Rows": 913852,
                    "Actual Loops": 2,
                    "Hash Buckets": 2097152,
                    "Original Hash Buckets": 1048576,
                    "Hash Batches": 1,
                    "Original Hash Batches": 1,
                    "Peak Memory Usage": 96128,
                    "Plans": [
                      {
                        "Node Type": "Hash Join",
                        "Parent Relationship": "Outer",
                        "Parallel Aware": true,
                        "Join Type": "Inner",
                        "Startup Cost": 124766.54,
                        "Total Cost": 401053.88,
                        "Plan Rows": 511015,
                        "Plan Width": 8,
                        "Actual Startup Time": 636.428,
                        "Actual Total Time": 1236.33,
                        "Actual Rows": 913852,
                        "Actual Loops": 2,
                        "Inner Unique": true,
                        "Hash Cond": "(ci.movie_id = t.id)",
                        "Plans": [
                          {
                            "Node Type": "Bitmap Heap Scan",
                            "Parent Relationship": "Outer",
                            "Parallel Aware": true,
                            "Relation Name": "cast_info",
                            "Alias": "ci",
                            "Startup Cost": 55305.84,
                            "Total Cost": 330251.77,
                            "Plan Rows": 511015,
                            "Plan Width": 4,
                            "Actual Startup Time": 82.387,
                            "Actual Total Time": 257.938,
                            "Actual Rows": 913852,
                            "Actual Loops": 2,
                            "Recheck Cond": "(person_id < 246456)",
                            "Rows Removed by Index Recheck": 0,
                            "Filter": "(role_id = 1)",
                            "Rows Removed by Filter": 361336,
                            "Exact Heap Blocks": 14436,
                            "Lossy Heap Blocks": 0,
                            "Plans": [
                              {
                                "Node Type": "Bitmap Index Scan",
                                "Parent Relationship": "Outer",
                                "Parallel Aware": false,
                                "Index Name": "person_id_cast_info",
                                "Startup Cost": 0.0,
                                "Total Cost": 55088.66,
                                "Plan Rows": 2522679,
                                "Plan Width": 0,
                                "Actual Startup Time": 78.477,
                                "Actual Total Time": 78.477,
                                "Actual Rows": 2550377,
                                "Actual Loops": 1,
                                "Index Cond": "(person_id < 246456)"
                              }
                            ]
                          },
                          {
                            "Node Type": "Hash",
                            "Parent Relationship": "Inner",
                            "Parallel Aware": true,
                            "Startup Cost": 50870.31,
                            "Total Cost": 50870.31,
                            "Plan Rows": 1487231,
                            "Plan Width": 4,
                            "Actual Startup Time": 539.194,
                            "Actual Total Time": 539.195,
                            "Actual Rows": 1264156,
                            "Actual Loops": 2,
                            "Hash Buckets": 4194304,
                            "Original Hash Buckets": 4194304,
                            "Hash Batches": 1,
                            "Original Hash Batches": 1,
                            "Peak Memory Usage": 131680,
                            "Plans": [
                              {
                                "Node Type": "Seq Scan",
                                "Parent Relationship": "Outer",
                                "Parallel Aware": true,
                                "Relation Name": "title",
                                "Alias": "t",
                                "Startup Cost": 0.0,
                                "Total Cost": 50870.31,
                                "Plan Rows": 1487231,
                                "Plan Width": 4,
                                "Actual Startup Time": 0.018,
                                "Actual Total Time": 165.218,
                                "Actual Rows": 1264156,
                                "Actual Loops": 2
                              }
                            ]
                          }
                        ]
                      }
                    ]
                  }
                ]
              }
            ]
          }
        ]
      }
    ]
  },
  "Planning Time": 1.005,
  "Triggers": [],
  "Execution Time": 3718.607
}