[
  {
    "Plan": {
      "Node Type": "Aggregate",
      "Strategy": "Plain",
      "Partial Mode": "Finalize",
      "Parallel Aware": false,
      "Startup Cost": 82293.36,
      "Total Cost": 82293.37,
      "Plan Rows": 1,
      "Plan Width": 8,
      "Actual Startup Time": 275.892,
      "Actual Total Time": 290.27,
      "Actual Rows": 1,
      "Actual Loops": 1,
      "Plans": [
        {
          "Node Type": "Gather",
          "Parent Relationship": "Outer",
          "Parallel Aware": false,
          "Startup Cost": 82292.94,
          "Total Cost": 82293.35,
          "Plan Rows": 4,
          "Plan Width": 8,
          "Actual Startup Time": 271.372,
          "Actual Total Time": 290.261,
          "Actual Rows": 5,
          "Actual Loops": 1,
          "Workers Planned": 4,
          "Workers Launched": 4,
          "Single Copy": false,
          "Plans": [
            {
              "Node Type": "Aggregate",
              "Strategy": "Plain",
              "Partial Mode": "Partial",
              "Parent Relationship": "Outer",
              "Parallel Aware": false,
              "Startup Cost": 81292.94,
              "Total Cost": 81292.95,
              "Plan Rows": 1,
              "Plan Width": 8,
              "Actual Startup Time": 261.837,
              "Actual Total Time": 261.84,
              "Actual Rows": 1,
              "Actual Loops": 5,
              "Plans": [
                {
                  "Node Type": "Hash Join",
                  "Parent Relationship": "Outer",
                  "Parallel Aware": true,
                  "Join Type": "Inner",
                  "Startup Cost": 34305.69,
                  "Total Cost": 80962.4,
                  "Plan Rows": 132215,
                  "Plan Width": 0,
                  "Actual Startup Time": 134.031,
                  "Actual Total Time": 260.949,
                  "Actual Rows": 19082,
                  "Actual Loops": 5,
                  "Inner Unique": false,
                  "Hash Cond": "(t.id = mc.movie_id)",
                  "Plans": [
                    {
                      "Node Type": "Seq Scan",
                      "Parent Relationship": "Outer",
                      "Parallel Aware": true,
                      "Relation Name": "title",
                      "Alias": "t",
                      "Startup Cost": 0.0,
                      "Total Cost": 43898.92,
                      "Plan Rows": 466259,
                      "Plan Width": 4,
                      "Actual Startup Time": 0.014,
                      "Actual Total Time": 75.695,
                      "Actual Rows": 373097,
                      "Actual Loops": 5,
                      "Filter": "(kind_id > 1)",
                      "Rows Removed by Filter": 132565
                    },
                    {
                      "Node Type": "Hash",
                      "Parent Relationship": "Inner",
                      "Parallel Aware": true,
                      "Startup Cost": 31414.82,
                      "Total Cost": 31414.82,
                      "Plan Rows": 231270,
                      "Plan Width": 4,
                      "Actual Startup Time": 107.543,
                      "Actual Total Time": 107.543,
                      "Actual Rows": 99588,
                      "Actual Loops": 5,
                      "Hash Buckets": 1048576,
                      "Original Hash Buckets": 1048576,
                      "Hash Batches": 1,
                      "Original Hash Batches": 1,
                      "Peak Memory Usage": 27712,
                      "Plans": [
                        {
                          "Node Type": "Seq Scan",
                          "Parent Relationship": "Outer",
                          "Parallel Aware": true,
                          "Relation Name": "movie_companies",
                          "Alias": "mc",
                          "Startup Cost": 0.0,
                          "Total Cost": 31414.82,
                          "Plan Rows": 231270,
                          "Plan Width": 4,
                          "Actual Startup Time": 14.762,
                          "Actual Total Time": 70.485,
                          "Actual Rows": 99588,
                          "Actual Loops": 5,
                          "Filter": "((company_id > 9017) AND (company_type_id < 2))",
                          "Rows Removed by Filter": 422238
                        }
                      ]
                    }
                  ]
                }
              ]
            }
          ]
        }
      ]
    },
    "Planning Time": 0.656,
    "Triggers": [],
    "Execution Time": 290.336
  }
]