[
    {
        "Bao": {
            "Bao prediction": "NaN",
            "Bao recommended hint": "(no hint)"
        }
    },
    {
        "Plan": {
            "Node Type": "Aggregate",
            "Strategy": "Plain",
            "Partial Mode": "Finalize",
            "Parallel Aware": false,
            "Startup Cost": 32743.24,
            "Total Cost": 32743.25,
            "Plan Rows": 1,
            "Plan Width": 8,
            "Actual Startup Time": 86.215,
            "Actual Total Time": 92.004,
            "Actual Rows": 1,
            "Actual Loops": 1,
            "Output": [
                "count(*)"
            ],
            "Plans": [
                {
                    "Node Type": "Gather",
                    "Parent Relationship": "Outer",
                    "Parallel Aware": false,
                    "Startup Cost": 32742.92,
                    "Total Cost": 32743.23,
                    "Plan Rows": 3,
                    "Plan Width": 8,
                    "Actual Startup Time": 86.136,
                    "Actual Total Time": 91.997,
                    "Actual Rows": 4,
                    "Actual Loops": 1,
                    "Output": [
                        "(PARTIAL count(*))"
                    ],
                    "Workers Planned": 3,
                    "Workers Launched": 3,
                    "Single Copy": false,
                    "Plans": [
                        {
                            "Node Type": "Aggregate",
                            "Strategy": "Plain",
                            "Partial Mode": "Partial",
                            "Parent Relationship": "Outer",
                            "Parallel Aware": false,
                            "Startup Cost": 31742.92,
                            "Total Cost": 31742.93,
                            "Plan Rows": 1,
                            "Plan Width": 8,
                            "Actual Startup Time": 78.024,
                            "Actual Total Time": 78.025,
                            "Actual Rows": 1,
                            "Actual Loops": 4,
                            "Output": [
                                "PARTIAL count(*)"
                            ],
                            "Workers": [
                                {
                                    "Worker Number": 0,
                                    "Actual Startup Time": 75.244,
                                    "Actual Total Time": 75.245,
                                    "Actual Rows": 1,
                                    "Actual Loops": 1
                                },
                                {
                                    "Worker Number": 1,
                                    "Actual Startup Time": 75.27,
                                    "Actual Total Time": 75.27,
                                    "Actual Rows": 1,
                                    "Actual Loops": 1
                                },
                                {
                                    "Worker Number": 2,
                                    "Actual Startup Time": 75.877,
                                    "Actual Total Time": 75.878,
                                    "Actual Rows": 1,
                                    "Actual Loops": 1
                                }
                            ],
                            "Plans": [
                                {
                                    "Node Type": "Seq Scan",
                                    "Parent Relationship": "Outer",
                                    "Parallel Aware": true,
                                    "Relation Name": "movie_companies",
                                    "Schema": "public",
                                    "Alias": "mc",
                                    "Startup Cost": 0.0,
                                    "Total Cost": 31414.82,
                                    "Plan Rows": 131240,
                                    "Plan Width": 0,
                                    "Actual Startup Time": 46.407,
                                    "Actual Total Time": 75.343,
                                    "Actual Rows": 57786,
                                    "Actual Loops": 4,
                                    "Output": [
                                        "id",
                                        "movie_id",
                                        "company_id",
                                        "company_type_id",
                                        "note"
                                    ],
                                    "Filter": "((mc.company_id < 1739) AND (mc.company_type_id > 1))",
                                    "Rows Removed by Filter": 594496,
                                    "Workers": [
                                        {
                                            "Worker Number": 0,
                                            "Actual Startup Time": 43.633,
                                            "Actual Total Time": 72.694,
                                            "Actual Rows": 59940,
                                            "Actual Loops": 1
                                        },
                                        {
                                            "Worker Number": 1,
                                            "Actual Startup Time": 43.652,
                                            "Actual Total Time": 72.662,
                                            "Actual Rows": 61014,
                                            "Actual Loops": 1
                                        },
                                        {
                                            "Worker Number": 2,
                                            "Actual Startup Time": 44.258,
                                            "Actual Total Time": 73.257,
                                            "Actual Rows": 37399,
                                            "Actual Loops": 1
                                        }
                                    ]
                                }
                            ]
                        }
                    ]
                }
            ]
        },
        "Planning Time": 194.288,
        "Triggers": [],
        "Execution Time": 92.06
    }
]