[
  {
    "Plan": {
      "Node Type": "Aggregate",
      "Strategy": "Plain",
      "Partial Mode": "Finalize",
      "Parallel Aware": false,
      "Startup Cost": 30994.26,
      "Total Cost": 30994.27,
      "Plan Rows": 1,
      "Plan Width": 8,
      "Actual Startup Time": 101.278,
      "Actual Total Time": 108.843,
      "Actual Rows": 1,
      "Actual Loops": 1,
      "Plans": [
        {
          "Node Type": "Gather",
          "Parent Relationship": "Outer",
          "Parallel Aware": false,
          "Startup Cost": 30993.94,
          "Total Cost": 30994.25,
          "Plan Rows": 3,
          "Plan Width": 8,
          "Actual Startup Time": 101.146,
          "Actual Total Time": 108.833,
          "Actual Rows": 4,
          "Actual Loops": 1,
          "Workers Planned": 3,
          "Workers Launched": 3,
          "Single Copy": false,
          "Plans": [
            {
              "Node Type": "Aggregate",
              "Strategy": "Plain",
              "Partial Mode": "Partial",
              "Parent Relationship": "Outer",
              "Parallel Aware": false,
              "Startup Cost": 29993.94,
              "Total Cost": 29993.95,
              "Plan Rows": 1,
              "Plan Width": 8,
              "Actual Startup Time": 92.767,
              "Actual Total Time": 92.768,
              "Actual Rows": 1,
              "Actual Loops": 4,
              "Plans": [
                {
                  "Node Type": "Seq Scan",
                  "Parent Relationship": "Outer",
                  "Parallel Aware": true,
                  "Relation Name": "movie_companies",
                  "Alias": "mc",
                  "Startup Cost": 0.0,
                  "Total Cost": 29310.68,
                  "Plan Rows": 273304,
                  "Plan Width": 0,
                  "Actual Startup Time": 25.998,
                  "Actual Total Time": 82.967,
                  "Actual Rows": 215006,
                  "Actual Loops": 4,
                  "Filter": "(company_id > 24276)",
                  "Rows Removed by Filter": 437276
                }
              ]
            }
          ]
        }
      ]
    },
    "Planning Time": 0.165,
    "Triggers": [],
    "Execution Time": 108.897
  }
]