[
  {
    "Plan": {
      "Node Type": "Aggregate",
      "Strategy": "Plain",
      "Partial Mode": "Finalize",
      "Parallel Aware": false,
      "Startup Cost": 32709.53,
      "Total Cost": 32709.54,
      "Plan Rows": 1,
      "Plan Width": 8,
      "Actual Startup Time": 92.914,
      "Actual Total Time": 101.47,
      "Actual Rows": 1,
      "Actual Loops": 1,
      "Plans": [
        {
          "Node Type": "Gather",
          "Parent Relationship": "Outer",
          "Parallel Aware": false,
          "Startup Cost": 32709.21,
          "Total Cost": 32709.52,
          "Plan Rows": 3,
          "Plan Width": 8,
          "Actual Startup Time": 92.799,
          "Actual Total Time": 101.462,
          "Actual Rows": 4,
          "Actual Loops": 1,
          "Workers Planned": 3,
          "Workers Launched": 3,
          "Single Copy": false,
          "Plans": [
            {
              "Node Type": "Aggregate",
              "Strategy": "Plain",
              "Partial Mode": "Partial",
              "Parent Relationship": "Outer",
              "Parallel Aware": false,
              "Startup Cost": 31709.21,
              "Total Cost": 31709.22,
              "Plan Rows": 1,
              "Plan Width": 8,
              "Actual Startup Time": 86.436,
              "Actual Total Time": 86.437,
              "Actual Rows": 1,
              "Actual Loops": 4,
              "Plans": [
                {
                  "Node Type": "Seq Scan",
                  "Parent Relationship": "Outer",
                  "Parallel Aware": true,
                  "Relation Name": "movie_companies",
                  "Alias": "mc",
                  "Startup Cost": 0.0,
                  "Total Cost": 31414.82,
                  "Plan Rows": 117758,
                  "Plan Width": 0,
                  "Actual Startup Time": 44.711,
                  "Actual Total Time": 79.086,
                  "Actual Rows": 172126,
                  "Actual Loops": 4,
                  "Filter": "((company_id > 39936) AND (company_type_id > 1))",
                  "Rows Removed by Filter": 480156
                }
              ]
            }
          ]
        }
      ]
    },
    "Planning Time": 0.211,
    "Triggers": [],
    "Execution Time": 101.534
  }
]