{
  "Plan": {
    "Node Type": "Aggregate",
    "Strategy": "Plain",
    "Partial Mode": "Finalize",
    "Parallel Aware": false,
    "Startup Cost": 78471.3,
    "Total Cost": 78471.31,
    "Plan Rows": 1,
    "Plan Width": 8,
    "Actual Startup Time": 371.904,
    "Actual Total Time": 385.326,
    "Actual Rows": 1,
    "Actual Loops": 1,
    "Plans": [
      {
        "Node Type": "Gather",
        "Parent Relationship": "Outer",
        "Parallel Aware": false,
        "Startup Cost": 78471.19,
        "Total Cost": 78471.3,
        "Plan Rows": 1,
        "Plan Width": 8,
        "Actual Startup Time": 370.233,
        "Actual Total Time": 385.312,
        "Actual Rows": 2,
        "Actual Loops": 1,
        "Workers Planned": 1,
        "Workers Launched": 1,
        "Single Copy": false,
        "Plans": [
          {
            "Node Type": "Aggregate",
            "Strategy": "Plain",
            "Partial Mode": "Partial",
            "Parent Relationship": "Outer",
            "Parallel Aware": false,
            "Startup Cost": 77471.19,
            "Total Cost": 77471.2,
            "Plan Rows": 1,
            "Plan Width": 8,
            "Actual Startup Time": 364.715,
            "Actual Total Time": 364.721,
            "Actual Rows": 1,
            "Actual Loops": 2,
            "Plans": [
              {
                "Node Type": "Hash Join",
                "Parent Relationship": "Outer",
                "Parallel Aware": true,
                "Join Type": "Inner",
                "Startup Cost": 58527.04,
                "Total Cost": 77326.49,
                "Plan Rows": 57880,
                "Plan Width": 0,
                "Actual Startup Time": 250.961,
                "Actual Total Time": 363.35,
                "Actual Rows": 32032,
                "Actual Loops": 2,
                "Inner Unique": true,
                "Hash Cond": "(mi_idx.movie_id = t.id)",
                "Plans": [
                  {
                    "Node Type": "Seq Scan",
                    "Parent Relationship": "Outer",
                    "Parallel Aware": true,
                    "Relation Name": "movie_info_idx",
                    "Alias": "mi_idx",
                    "Startup Cost": 0.0,
                    "Total Cost": 18082.32,
                    "Plan Rows": 273193,
                    "Plan Width": 4,
                    "Actual Startup Time": 0.023,
                    "Actual Total Time": 52.808,
                    "Actual Rows": 229962,
                    "Actual Loops": 2,
                    "Filter": "(info_type_id = 100)",
                    "Rows Removed by Filter": 460055
                  },
                  {
                    "Node Type": "Hash",
                    "Parent Relationship": "Inner",
                    "Parallel Aware": true,
                    "Startup Cost": 54588.39,
                    "Total Cost": 54588.39,
                    "Plan Rows": 315092,
                    "Plan Width": 4,
                    "Actual Startup Time": 241.542,
                    "Actual Total Time": 241.544,
                    "Actual Rows": 266684,
                    "Actual Loops": 2,
                    "Hash Buckets": 1048576,
                    "Original Hash Buckets": 1048576,
                    "Hash Batches": 1,
                    "Original Hash Batches": 1,
                    "Peak Memory Usage": 29088,
                    "Plans": [
                      {
                        "Node Type": "Seq Scan",
                        "Parent Relationship": "Outer",
                        "Parallel Aware": true,
                        "Relation Name": "title",
                        "Alias": "t",
                        "Startup Cost": 0.0,
                        "Total Cost": 54588.39,
                        "Plan Rows": 315092,
                        "Plan Width": 4,
                        "Actual Startup Time": 0.037,
                        "Actual Total Time": 154.08,
                        "Actual Rows": 266684,
                        "Actual Loops": 2,
                        "Filter": "(production_year > 2009)",
                        "Rows Removed by Filter": 997472
                      }
                    ]
                  }
                ]
              }
            ]
          }
        ]
      }
    ]
  },
  "Planning Time": 0.462,
  "Triggers": [],
  "Execution Time": 385.415
}