[
  {
    "Plan": {
      "Node Type": "Aggregate",
      "Strategy": "Plain",
      "Partial Mode": "Finalize",
      "Parallel Aware": false,
      "Startup Cost": 33179.66,
      "Total Cost": 33179.67,
      "Plan Rows": 1,
      "Plan Width": 8,
      "Actual Startup Time": 101.946,
      "Actual Total Time": 108.801,
      "Actual Rows": 1,
      "Actual Loops": 1,
      "Plans": [
        {
          "Node Type": "Gather",
          "Parent Relationship": "Outer",
          "Parallel Aware": false,
          "Startup Cost": 33179.35,
          "Total Cost": 33179.66,
          "Plan Rows": 3,
          "Plan Width": 8,
          "Actual Startup Time": 101.838,
          "Actual Total Time": 108.786,
          "Actual Rows": 4,
          "Actual Loops": 1,
          "Workers Planned": 3,
          "Workers Launched": 3,
          "Single Copy": false,
          "Plans": [
            {
              "Node Type": "Aggregate",
              "Strategy": "Plain",
              "Partial Mode": "Partial",
              "Parent Relationship": "Outer",
              "Parallel Aware": false,
              "Startup Cost": 32179.35,
              "Total Cost": 32179.36,
              "Plan Rows": 1,
              "Plan Width": 8,
              "Actual Startup Time": 97.254,
              "Actual Total Time": 97.256,
              "Actual Rows": 1,
              "Actual Loops": 4,
              "Plans": [
                {
                  "Node Type": "Seq Scan",
                  "Parent Relationship": "Outer",
                  "Parallel Aware": true,
                  "Relation Name": "movie_companies",
                  "Alias": "mc",
                  "Startup Cost": 0.0,
                  "Total Cost": 31414.82,
                  "Plan Rows": 305811,
                  "Plan Width": 0,
                  "Actual Startup Time": 0.021,
                  "Actual Total Time": 81.009,
                  "Actual Rows": 312584,
                  "Actual Loops": 4,
                  "Filter": "((company_id < 51763) AND (company_type_id = 1))",
                  "Rows Removed by Filter": 339698
                }
              ]
            }
          ]
        }
      ]
    },
    "Planning Time": 0.122,
    "Triggers": [],
    "Execution Time": 108.829
  }
]