[
  {
    "Plan": {
      "Node Type": "Aggregate",
      "Strategy": "Plain",
      "Partial Mode": "Finalize",
      "Parallel Aware": false,
      "Startup Cost": 336262.18,
      "Total Cost": 336262.19,
      "Plan Rows": 1,
      "Plan Width": 8,
      "Actual Startup Time": 699.284,
      "Actual Total Time": 756.255,
      "Actual Rows": 1,
      "Actual Loops": 1,
      "Plans": [
        {
          "Node Type": "Gather",
          "Parent Relationship": "Outer",
          "Parallel Aware": false,
          "Startup Cost": 336261.55,
          "Total Cost": 336262.16,
          "Plan Rows": 6,
          "Plan Width": 8,
          "Actual Startup Time": 699.162,
          "Actual Total Time": 756.246,
          "Actual Rows": 7,
          "Actual Loops": 1,
          "Workers Planned": 6,
          "Workers Launched": 6,
          "Single Copy": false,
          "Plans": [
            {
              "Node Type": "Aggregate",
              "Strategy": "Plain",
              "Partial Mode": "Partial",
              "Parent Relationship": "Outer",
              "Parallel Aware": false,
              "Startup Cost": 335261.55,
              "Total Cost": 335261.56,
              "Plan Rows": 1,
              "Plan Width": 8,
              "Actual Startup Time": 689.804,
              "Actual Total Time": 689.805,
              "Actual Rows": 1,
              "Actual Loops": 7,
              "Plans": [
                {
                  "Node Type": "Seq Scan",
                  "Parent Relationship": "Outer",
                  "Parallel Aware": true,
                  "Relation Name": "cast_info",
                  "Alias": "ci",
                  "Startup Cost": 0.0,
                  "Total Cost": 328162.03,
                  "Plan Rows": 2839811,
                  "Plan Width": 0,
                  "Actual Startup Time": 209.29,
                  "Actual Total Time": 584.47,
                  "Actual Rows": 2422599,
                  "Actual Loops": 7,
                  "Filter": "(person_id > 1927567)",
                  "Rows Removed by Filter": 2755164
                }
              ]
            }
          ]
        }
      ]
    },
    "Planning Time": 0.203,
    "Triggers": [],
    "Execution Time": 756.331
  }
]