[
  {
    "Plan": {
      "Node Type": "Aggregate",
      "Strategy": "Plain",
      "Partial Mode": "Finalize",
      "Parallel Aware": false,
      "Startup Cost": 46823.27,
      "Total Cost": 46823.28,
      "Plan Rows": 1,
      "Plan Width": 8,
      "Actual Startup Time": 217.244,
      "Actual Total Time": 226.628,
      "Actual Rows": 1,
      "Actual Loops": 1,
      "Plans": [
        {
          "Node Type": "Gather",
          "Parent Relationship": "Outer",
          "Parallel Aware": false,
          "Startup Cost": 46822.95,
          "Total Cost": 46823.26,
          "Plan Rows": 3,
          "Plan Width": 8,
          "Actual Startup Time": 217.003,
          "Actual Total Time": 226.619,
          "Actual Rows": 4,
          "Actual Loops": 1,
          "Workers Planned": 3,
          "Workers Launched": 3,
          "Single Copy": false,
          "Plans": [
            {
              "Node Type": "Aggregate",
              "Strategy": "Plain",
              "Partial Mode": "Partial",
              "Parent Relationship": "Outer",
              "Parallel Aware": false,
              "Startup Cost": 45822.95,
              "Total Cost": 45822.96,
              "Plan Rows": 1,
              "Plan Width": 8,
              "Actual Startup Time": 212.644,
              "Actual Total Time": 212.645,
              "Actual Rows": 1,
              "Actual Loops": 4,
              "Plans": [
                {
                  "Node Type": "Seq Scan",
                  "Parent Relationship": "Outer",
                  "Parallel Aware": true,
                  "Relation Name": "movie_keyword",
                  "Alias": "mk",
                  "Startup Cost": 0.0,
                  "Total Cost": 42695.65,
                  "Plan Rows": 1250919,
                  "Plan Width": 0,
                  "Actual Startup Time": 0.072,
                  "Actual Total Time": 154.379,
                  "Actual Rows": 967307,
                  "Actual Loops": 4,
                  "Filter": "(keyword_id > 500)",
                  "Rows Removed by Filter": 163676
                }
              ]
            }
          ]
        }
      ]
    },
    "Planning Time": 0.135,
    "Triggers": [],
    "Execution Time": 226.668
  }
]