[
  {
    "Plan": {
      "Node Type": "Aggregate",
      "Strategy": "Plain",
      "Partial Mode": "Finalize",
      "Parallel Aware": false,
      "Startup Cost": 342594.15,
      "Total Cost": 342594.16,
      "Plan Rows": 1,
      "Plan Width": 8,
      "Actual Startup Time": 753.442,
      "Actual Total Time": 774.21,
      "Actual Rows": 1,
      "Actual Loops": 1,
      "Plans": [
        {
          "Node Type": "Gather",
          "Parent Relationship": "Outer",
          "Parallel Aware": false,
          "Startup Cost": 342593.53,
          "Total Cost": 342594.14,
          "Plan Rows": 6,
          "Plan Width": 8,
          "Actual Startup Time": 753.372,
          "Actual Total Time": 774.203,
          "Actual Rows": 7,
          "Actual Loops": 1,
          "Workers Planned": 6,
          "Workers Launched": 6,
          "Single Copy": false,
          "Plans": [
            {
              "Node Type": "Aggregate",
              "Strategy": "Plain",
              "Partial Mode": "Partial",
              "Parent Relationship": "Outer",
              "Parallel Aware": false,
              "Startup Cost": 341593.53,
              "Total Cost": 341593.54,
              "Plan Rows": 1,
              "Plan Width": 8,
              "Actual Startup Time": 749.718,
              "Actual Total Time": 749.719,
              "Actual Rows": 1,
              "Actual Loops": 7,
              "Plans": [
                {
                  "Node Type": "Seq Scan",
                  "Parent Relationship": "Outer",
                  "Parallel Aware": true,
                  "Relation Name": "cast_info",
                  "Alias": "ci",
                  "Startup Cost": 0.0,
                  "Total Cost": 328213.62,
                  "Plan Rows": 5351964,
                  "Plan Width": 0,
                  "Actual Startup Time": 41.407,
                  "Actual Total Time": 561.386,
                  "Actual Rows": 4579956,
                  "Actual Loops": 7,
                  "Filter": "(person_id > 402947)",
                  "Rows Removed by Filter": 597808
                }
              ]
            }
          ]
        }
      ]
    },
    "Planning Time": 0.089,
    "Triggers": [],
    "Execution Time": 774.24
  }
]