{
  "Plan": {
    "Node Type": "Aggregate",
    "Strategy": "Plain",
    "Partial Mode": "Finalize",
    "Parallel Aware": false,
    "Startup Cost": 105291.78,
    "Total Cost": 105291.79,
    "Plan Rows": 1,
    "Plan Width": 8,
    "Actual Startup Time": 513.201,
    "Actual Total Time": 526.682,
    "Actual Rows": 1,
    "Actual Loops": 1,
    "Plans": [
      {
        "Node Type": "Gather",
        "Parent Relationship": "Outer",
        "Parallel Aware": false,
        "Startup Cost": 105291.67,
        "Total Cost": 105291.78,
        "Plan Rows": 1,
        "Plan Width": 8,
        "Actual Startup Time": 512.638,
        "Actual Total Time": 526.672,
        "Actual Rows": 2,
        "Actual Loops": 1,
        "Workers Planned": 1,
        "Workers Launched": 1,
        "Single Copy": false,
        "Plans": [
          {
            "Node Type": "Aggregate",
            "Strategy": "Plain",
            "Partial Mode": "Partial",
            "Parent Relationship": "Outer",
            "Parallel Aware": false,
            "Startup Cost": 104291.67,
            "Total Cost": 104291.68,
            "Plan Rows": 1,
            "Plan Width": 8,
            "Actual Startup Time": 506.694,
            "Actual Total Time": 506.699,
            "Actual Rows": 1,
            "Actual Loops": 2,
            "Plans": [
              {
                "Node Type": "Hash Join",
                "Parent Relationship": "Outer",
                "Parallel Aware": true,
                "Join Type": "Inner",
                "Startup Cost": 40006.56,
                "Total Cost": 104002.69,
                "Plan Rows": 115594,
                "Plan Width": 0,
                "Actual Startup Time": 145.479,
                "Actual Total Time": 495.66,
                "Actual Rows": 219198,
                "Actual Loops": 2,
                "Inner Unique": true,
                "Hash Cond": "(mk.movie_id = t.id)",
                "Plans": [
                  {
                    "Node Type": "Seq Scan",
                    "Parent Relationship": "Outer",
                    "Parallel Aware": true,
                    "Relation Name": "movie_keyword",
                    "Alias": "mk",
                    "Startup Cost": 0.0,
                    "Total Cost": 57718.19,
                    "Plan Rows": 2391589,
                    "Plan Width": 4,
                    "Actual Startup Time": 0.017,
                    "Actual Total Time": 242.911,
                    "Actual Rows": 2037164,
                    "Actual Loops": 2,
                    "Filter": "(keyword_id < 39514)",
                    "Rows Removed by Filter": 224802
                  },
                  {
                    "Node Type": "Hash",
                    "Parent Relationship": "Inner",
                    "Parallel Aware": true,
                    "Startup Cost": 39108.02,
                    "Total Cost": 39108.02,
                    "Plan Rows": 71883,
                    "Plan Width": 4,
                    "Actual Startup Time": 66.998,
                    "Actual Total Time": 67.0,
                    "Actual Rows": 59117,
                    "Actual Loops": 2,
                    "Hash Buckets": 131072,
                    "Original Hash Buckets": 131072,
                    "Hash Batches": 1,
                    "Original Hash Batches": 1,
                    "Peak Memory Usage": 5696,
                    "Plans": [
                      {
                        "Node Type": "Bitmap Heap Scan",
                        "Parent Relationship": "Outer",
                        "Parallel Aware": true,
                        "Relation Name": "title",
                        "Alias": "t",
                        "Startup Cost": 2211.49,
                        "Total Cost": 39108.02,
                        "Plan Rows": 71883,
                        "Plan Width": 4,
                        "Actual Startup Time": 16.083,
                        "Actual Total Time": 52.918,
                        "Actual Rows": 59117,
                        "Actual Loops": 2,
                        "Recheck Cond": "(kind_id = 4)",
                        "Rows Removed by Index Recheck": 0,
                        "Exact Heap Blocks": 10048,
                        "Lossy Heap Blocks": 0,
                        "Plans": [
                          {
                            "Node Type": "Bitmap Index Scan",
                            "Parent Relationship": "Outer",
                            "Parallel Aware": false,
                            "Index Name": "kind_id_title",
                            "Startup Cost": 0.0,
                            "Total Cost": 2180.94,
                            "Plan Rows": 122201,
                            "Plan Width": 0,
                            "Actual Startup Time": 15.113,
                            "Actual Total Time": 15.113,
                            "Actual Rows": 118234,
                            "Actual Loops": 1,
                            "Index Cond": "(kind_id = 4)"
                          }
                        ]
                      }
                    ]
                  }
                ]
              }
            ]
          }
        ]
      }
    ]
  },
  "Planning Time": 0.457,
  "Triggers": [],
  "Execution Time": 526.776
}