{
    "Plan": {
        "Node Type": "Aggregate",
        "Strategy": "Plain",
        "Partial Mode": "Finalize",
        "Parallel Aware": false,
        "Startup Cost": 77144.87,
        "Total Cost": 77144.88,
        "Plan Rows": 1,
        "Plan Width": 8,
        "Actual Startup Time": 212.379,
        "Actual Total Time": 228.853,
        "Actual Rows": 1,
        "Actual Loops": 1,
        "Output": [
            "count(*)"
        ],
        "Plans": [
            {
                "Node Type": "Gather",
                "Parent Relationship": "Outer",
                "Parallel Aware": false,
                "Startup Cost": 77144.55,
                "Total Cost": 77144.86,
                "Plan Rows": 3,
                "Plan Width": 8,
                "Actual Startup Time": 211.464,
                "Actual Total Time": 228.841,
                "Actual Rows": 4,
                "Actual Loops": 1,
                "Output": [
                    "(PARTIAL count(*))"
                ],
                "Workers Planned": 3,
                "Workers Launched": 3,
                "Single Copy": false,
                "Plans": [
                    {
                        "Node Type": "Aggregate",
                        "Strategy": "Plain",
                        "Partial Mode": "Partial",
                        "Parent Relationship": "Outer",
                        "Parallel Aware": false,
                        "Startup Cost": 76144.55,
                        "Total Cost": 76144.56,
                        "Plan Rows": 1,
                        "Plan Width": 8,
                        "Actual Startup Time": 202.216,
                        "Actual Total Time": 202.22,
                        "Actual Rows": 1,
                        "Actual Loops": 4,
                        "Output": [
                            "PARTIAL count(*)"
                        ],
                        "Workers": [
                            {
                                "Worker Number": 0,
                                "Actual Startup Time": 199.846,
                                "Actual Total Time": 199.851,
                                "Actual Rows": 1,
                                "Actual Loops": 1
                            },
                            {
                                "Worker Number": 1,
                                "Actual Startup Time": 199.819,
                                "Actual Total Time": 199.823,
                                "Actual Rows": 1,
                                "Actual Loops": 1
                            },
                            {
                                "Worker Number": 2,
                                "Actual Startup Time": 199.825,
                                "Actual Total Time": 199.827,
                                "Actual Rows": 1,
                                "Actual Loops": 1
                            }
                        ],
                        "Plans": [
                            {
                                "Node Type": "Hash Join",
                                "Parent Relationship": "Outer",
                                "Parallel Aware": true,
                                "Join Type": "Inner",
                                "Startup Cost": 44311.97,
                                "Total Cost": 76124.74,
                                "Plan Rows": 7924,
                                "Plan Width": 0,
                                "Actual Startup Time": 135.532,
                                "Actual Total Time": 202.033,
                                "Actual Rows": 1893,
                                "Actual Loops": 4,
                                "Inner Unique": true,
                                "Hash Cond": "(mc.movie_id = t.id)",
                                "Workers": [
                                    {
                                        "Worker Number": 0,
                                        "Actual Startup Time": 133.199,
                                        "Actual Total Time": 199.649,
                                        "Actual Rows": 1408,
                                        "Actual Loops": 1
                                    },
                                    {
                                        "Worker Number": 1,
                                        "Actual Startup Time": 133.077,
                                        "Actual Total Time": 199.606,
                                        "Actual Rows": 1372,
                                        "Actual Loops": 1
                                    },
                                    {
                                        "Worker Number": 2,
                                        "Actual Startup Time": 133.147,
                                        "Actual Total Time": 199.63,
                                        "Actual Rows": 2189,
                                        "Actual Loops": 1
                                    }
                                ],
                                "Plans": [
                                    {
                                        "Node Type": "Seq Scan",
                                        "Parent Relationship": "Outer",
                                        "Parallel Aware": true,
                                        "Relation Name": "movie_companies",
                                        "Schema": "public",
                                        "Alias": "mc",
                                        "Startup Cost": 0.0,
                                        "Total Cost": 31414.82,
                                        "Plan Rows": 151603,
                                        "Plan Width": 4,
                                        "Actual Startup Time": 11.509,
                                        "Actual Total Time": 68.379,
                                        "Actual Rows": 39716,
                                        "Actual Loops": 4,
                                        "Output": [
                                            "mc.id",
                                            "mc.movie_id",
                                            "mc.company_id",
                                            "mc.company_type_id",
                                            "mc.note"
                                        ],
                                        "Filter": "((mc.company_id > 18016) AND (mc.company_type_id = 1))",
                                        "Rows Removed by Filter": 612566,
                                        "Workers": [
                                            {
                                                "Worker Number": 0,
                                                "Actual Startup Time": 11.431,
                                                "Actual Total Time": 69.029,
                                                "Actual Rows": 30367,
                                                "Actual Loops": 1
                                            },
                                            {
                                                "Worker Number": 1,
                                                "Actual Startup Time": 11.537,
                                                "Actual Total Time": 69.217,
                                                "Actual Rows": 29040,
                                                "Actual Loops": 1
                                            },
                                            {
                                                "Worker Number": 2,
                                                "Actual Startup Time": 11.46,
                                                "Actual Total Time": 67.975,
                                                "Actual Rows": 47086,
                                                "Actual Loops": 1
                                            }
                                        ]
                                    },
                                    {
                                        "Node Type": "Hash",
                                        "Parent Relationship": "Inner",
                                        "Parallel Aware": true,
                                        "Startup Cost": 43899.01,
                                        "Total Cost": 43899.01,
                                        "Plan Rows": 33037,
                                        "Plan Width": 4,
                                        "Actual Startup Time": 121.747,
                                        "Actual Total Time": 121.748,
                                        "Actual Rows": 32174,
                                        "Actual Loops": 4,
                                        "Output": [
                                            "t.id"
                                        ],
                                        "Hash Buckets": 262144,
                                        "Original Hash Buckets": 262144,
                                        "Hash Batches": 1,
                                        "Original Hash Batches": 1,
                                        "Peak Memory Usage": 7168,
                                        "Workers": [
                                            {
                                                "Worker Number": 0,
                                                "Actual Startup Time": 120.887,
                                                "Actual Total Time": 120.888,
                                                "Actual Rows": 25156,
                                                "Actual Loops": 1
                                            },
                                            {
                                                "Worker Number": 1,
                                                "Actual Startup Time": 120.72,
                                                "Actual Total Time": 120.721,
                                                "Actual Rows": 23886,
                                                "Actual Loops": 1
                                            },
                                            {
                                                "Worker Number": 2,
                                                "Actual Startup Time": 120.95,
                                                "Actual Total Time": 120.951,
                                                "Actual Rows": 34370,
                                                "Actual Loops": 1
                                            }
                                        ],
                                        "Plans": [
                                            {
                                                "Node Type": "Seq Scan",
                                                "Parent Relationship": "Outer",
                                                "Parallel Aware": true,
                                                "Relation Name": "title",
                                                "Schema": "public",
                                                "Alias": "t",
                                                "Startup Cost": 0.0,
                                                "Total Cost": 43899.01,
                                                "Plan Rows": 33037,
                                                "Plan Width": 4,
                                                "Actual Startup Time": 0.054,
                                                "Actual Total Time": 106.449,
                                                "Actual Rows": 32174,
                                                "Actual Loops": 4,
                                                "Output": [
                                                    "t.id"
                                                ],
                                                "Filter": "(t.production_year = 2009)",
                                                "Rows Removed by Filter": 599904,
                                                "Workers": [
                                                    {
                                                        "Worker Number": 0,
                                                        "Actual Startup Time": 0.092,
                                                        "Actual Total Time": 105.99,
                                                        "Actual Rows": 25156,
                                                        "Actual Loops": 1
                                                    },
                                                    {
                                                        "Worker Number": 1,
                                                        "Actual Startup Time": 0.054,
                                                        "Actual Total Time": 106.984,
                                                        "Actual Rows": 23886,
                                                        "Actual Loops": 1
                                                    },
                                                    {
                                                        "Worker Number": 2,
                                                        "Actual Startup Time": 0.043,
                                                        "Actual Total Time": 105.608,
                                                        "Actual Rows": 34370,
                                                        "Actual Loops": 1
                                                    }
                                                ]
                                            }
                                        ]
                                    }
                                ]
                            }
                        ]
                    }
                ]
            }
        ]
    },
    "Planning Time": 0.81,
    "Triggers": [],
    "Execution Time": 228.928
}