[
  {
    "Plan": {
      "Node Type": "Aggregate",
      "Strategy": "Plain",
      "Partial Mode": "Finalize",
      "Parallel Aware": false,
      "Startup Cost": 351161.37,
      "Total Cost": 351161.38,
      "Plan Rows": 1,
      "Plan Width": 8,
      "Actual Startup Time": 876.38,
      "Actual Total Time": 922.941,
      "Actual Rows": 1,
      "Actual Loops": 1,
      "Plans": [
        {
          "Node Type": "Gather",
          "Parent Relationship": "Outer",
          "Parallel Aware": false,
          "Startup Cost": 351160.74,
          "Total Cost": 351161.35,
          "Plan Rows": 6,
          "Plan Width": 8,
          "Actual Startup Time": 876.175,
          "Actual Total Time": 922.926,
          "Actual Rows": 7,
          "Actual Loops": 1,
          "Workers Planned": 6,
          "Workers Launched": 6,
          "Single Copy": false,
          "Plans": [
            {
              "Node Type": "Aggregate",
              "Strategy": "Plain",
              "Partial Mode": "Partial",
              "Parent Relationship": "Outer",
              "Parallel Aware": false,
              "Startup Cost": 350160.74,
              "Total Cost": 350160.76,
              "Plan Rows": 1,
              "Plan Width": 8,
              "Actual Startup Time": 866.898,
              "Actual Total Time": 866.9,
              "Actual Rows": 1,
              "Actual Loops": 7,
              "Plans": [
                {
                  "Node Type": "Seq Scan",
                  "Parent Relationship": "Outer",
                  "Parallel Aware": true,
                  "Relation Name": "cast_info",
                  "Alias": "ci",
                  "Startup Cost": 0.0,
                  "Total Cost": 343316.27,
                  "Plan Rows": 2737790,
                  "Plan Width": 0,
                  "Actual Startup Time": 219.115,
                  "Actual Total Time": 717.901,
                  "Actual Rows": 2926506,
                  "Actual Loops": 7,
                  "Filter": "((person_id > 1084228) AND (role_id > 1))",
                  "Rows Removed by Filter": 2251257
                }
              ]
            }
          ]
        }
      ]
    },
    "Planning Time": 0.107,
    "Triggers": [],
    "Execution Time": 922.986
  }
]