[
  {
    "Plan": {
      "Node Type": "Aggregate",
      "Strategy": "Plain",
      "Partial Mode": "Finalize",
      "Parallel Aware": false,
      "Startup Cost": 328248.51,
      "Total Cost": 328248.52,
      "Plan Rows": 1,
      "Plan Width": 8,
      "Actual Startup Time": 272.085,
      "Actual Total Time": 283.761,
      "Actual Rows": 1,
      "Actual Loops": 1,
      "Plans": [
        {
          "Node Type": "Gather",
          "Parent Relationship": "Outer",
          "Parallel Aware": false,
          "Startup Cost": 328247.88,
          "Total Cost": 328248.49,
          "Plan Rows": 6,
          "Plan Width": 8,
          "Actual Startup Time": 271.294,
          "Actual Total Time": 283.752,
          "Actual Rows": 7,
          "Actual Loops": 1,
          "Workers Planned": 6,
          "Workers Launched": 6,
          "Single Copy": false,
          "Plans": [
            {
              "Node Type": "Aggregate",
              "Strategy": "Plain",
              "Partial Mode": "Partial",
              "Parent Relationship": "Outer",
              "Parallel Aware": false,
              "Startup Cost": 327247.88,
              "Total Cost": 327247.89,
              "Plan Rows": 1,
              "Plan Width": 8,
              "Actual Startup Time": 262.495,
              "Actual Total Time": 262.497,
              "Actual Rows": 1,
              "Actual Loops": 7,
              "Plans": [
                {
                  "Node Type": "Bitmap Heap Scan",
                  "Parent Relationship": "Outer",
                  "Parallel Aware": true,
                  "Relation Name": "cast_info",
                  "Alias": "ci",
                  "Startup Cost": 66214.49,
                  "Total Cost": 326425.7,
                  "Plan Rows": 328875,
                  "Plan Width": 0,
                  "Actual Startup Time": 108.19,
                  "Actual Total Time": 241.519,
                  "Actual Rows": 414492,
                  "Actual Loops": 7,
                  "Recheck Cond": "(person_id > 3517781)",
                  "Rows Removed by Index Recheck": 0,
                  "Filter": "(role_id > 1)",
                  "Rows Removed by Filter": 0,
                  "Exact Heap Blocks": 8922,
                  "Lossy Heap Blocks": 0,
                  "Plans": [
                    {
                      "Node Type": "Bitmap Index Scan",
                      "Parent Relationship": "Outer",
                      "Parallel Aware": false,
                      "Index Name": "person_id_cast_info",
                      "Startup Cost": 0.0,
                      "Total Cost": 65721.18,
                      "Plan Rows": 3009682,
                      "Plan Width": 0,
                      "Actual Startup Time": 109.302,
                      "Actual Total Time": 109.302,
                      "Actual Rows": 2901443,
                      "Actual Loops": 1,
                      "Index Cond": "(person_id > 3517781)"
                    }
                  ]
                }
              ]
            }
          ]
        }
      ]
    },
    "Planning Time": 0.282,
    "Triggers": [],
    "Execution Time": 283.84
  }
]