[
  {
    "Plan": {
      "Node Type": "Aggregate",
      "Strategy": "Plain",
      "Partial Mode": "Finalize",
      "Parallel Aware": false,
      "Startup Cost": 71392.72,
      "Total Cost": 71392.73,
      "Plan Rows": 1,
      "Plan Width": 8,
      "Actual Startup Time": 198.534,
      "Actual Total Time": 213.45,
      "Actual Rows": 1,
      "Actual Loops": 1,
      "Plans": [
        {
          "Node Type": "Gather",
          "Parent Relationship": "Outer",
          "Parallel Aware": false,
          "Startup Cost": 71392.3,
          "Total Cost": 71392.71,
          "Plan Rows": 4,
          "Plan Width": 8,
          "Actual Startup Time": 197.949,
          "Actual Total Time": 213.44,
          "Actual Rows": 5,
          "Actual Loops": 1,
          "Workers Planned": 4,
          "Workers Launched": 4,
          "Single Copy": false,
          "Plans": [
            {
              "Node Type": "Aggregate",
              "Strategy": "Plain",
              "Partial Mode": "Partial",
              "Parent Relationship": "Outer",
              "Parallel Aware": false,
              "Startup Cost": 70392.3,
              "Total Cost": 70392.31,
              "Plan Rows": 1,
              "Plan Width": 8,
              "Actual Startup Time": 188.465,
              "Actual Total Time": 188.469,
              "Actual Rows": 1,
              "Actual Loops": 5,
              "Plans": [
                {
                  "Node Type": "Hash Join",
                  "Parent Relationship": "Outer",
                  "Parallel Aware": true,
                  "Join Type": "Inner",
                  "Startup Cost": 24760.66,
                  "Total Cost": 70325.69,
                  "Plan Rows": 26643,
                  "Plan Width": 0,
                  "Actual Startup Time": 68.961,
                  "Actual Total Time": 187.846,
                  "Actual Rows": 9118,
                  "Actual Loops": 5,
                  "Inner Unique": false,
                  "Hash Cond": "(t.id = mc.movie_id)",
                  "Plans": [
                    {
                      "Node Type": "Seq Scan",
                      "Parent Relationship": "Outer",
                      "Parallel Aware": true,
                      "Relation Name": "title",
                      "Alias": "t",
                      "Startup Cost": 0.0,
                      "Total Cost": 42318.73,
                      "Plan Rows": 632073,
                      "Plan Width": 4,
                      "Actual Startup Time": 0.01,
                      "Actual Total Time": 63.797,
                      "Actual Rows": 505662,
                      "Actual Loops": 5
                    },
                    {
                      "Node Type": "Hash",
                      "Parent Relationship": "Inner",
                      "Parallel Aware": true,
                      "Startup Cost": 24330.93,
                      "Total Cost": 24330.93,
                      "Plan Rows": 34378,
                      "Plan Width": 4,
                      "Actual Startup Time": 67.42,
                      "Actual Total Time": 67.422,
                      "Actual Rows": 9118,
                      "Actual Loops": 5,
                      "Hash Buckets": 131072,
                      "Original Hash Buckets": 131072,
                      "Hash Batches": 1,
                      "Original Hash Batches": 1,
                      "Peak Memory Usage": 2880,
                      "Plans": [
                        {
                          "Node Type": "Bitmap Heap Scan",
                          "Parent Relationship": "Outer",
                          "Parallel Aware": true,
                          "Relation Name": "movie_companies",
                          "Alias": "mc",
                          "Startup Cost": 4525.3,
                          "Total Cost": 24330.93,
                          "Plan Rows": 34378,
                          "Plan Width": 4,
                          "Actual Startup Time": 54.425,
                          "Actual Total Time": 64.279,
                          "Actual Rows": 9118,
                          "Actual Loops": 5,
                          "Recheck Cond": "(company_id < 69)",
                          "Rows Removed by Index Recheck": 0,
                          "Filter": "(company_type_id = 2)",
                          "Rows Removed by Filter": 32895,
                          "Exact Heap Blocks": 8528,
                          "Lossy Heap Blocks": 0,
                          "Plans": [
                            {
                              "Node Type": "Bitmap Index Scan",
                              "Parent Relationship": "Outer",
                              "Parallel Aware": false,
                              "Index Name": "company_id_movie_companies",
                              "Startup Cost": 0.0,
                              "Total Cost": 4498.66,
                              "Plan Rows": 209897,
                              "Plan Width": 0,
                              "Actual Startup Time": 23.531,
                              "Actual Total Time": 23.531,
                              "Actual Rows": 210066,
                              "Actual Loops": 1,
                              "Index Cond": "(company_id < 69)"
                            }
                          ]
                        }
                      ]
                    }
                  ]
                }
              ]
            }
          ]
        }
      ]
    },
    "Planning Time": 0.644,
    "Triggers": [],
    "Execution Time": 213.541
  }
]