[
  {
    "Plan": {
      "Node Type": "Aggregate",
      "Strategy": "Plain",
      "Partial Mode": "Finalize",
      "Parallel Aware": false,
      "Startup Cost": 347549.04,
      "Total Cost": 347549.05,
      "Plan Rows": 1,
      "Plan Width": 8,
      "Actual Startup Time": 378.044,
      "Actual Total Time": 438.908,
      "Actual Rows": 1,
      "Actual Loops": 1,
      "Plans": [
        {
          "Node Type": "Gather",
          "Parent Relationship": "Outer",
          "Parallel Aware": false,
          "Startup Cost": 347548.62,
          "Total Cost": 347549.03,
          "Plan Rows": 4,
          "Plan Width": 8,
          "Actual Startup Time": 377.929,
          "Actual Total Time": 438.899,
          "Actual Rows": 5,
          "Actual Loops": 1,
          "Workers Planned": 4,
          "Workers Launched": 4,
          "Single Copy": false,
          "Plans": [
            {
              "Node Type": "Aggregate",
              "Strategy": "Plain",
              "Partial Mode": "Partial",
              "Parent Relationship": "Outer",
              "Parallel Aware": false,
              "Startup Cost": 346548.62,
              "Total Cost": 346548.63,
              "Plan Rows": 1,
              "Plan Width": 8,
              "Actual Startup Time": 368.152,
              "Actual Total Time": 368.154,
              "Actual Rows": 1,
              "Actual Loops": 5,
              "Plans": [
                {
                  "Node Type": "Nested Loop",
                  "Parent Relationship": "Outer",
                  "Parallel Aware": false,
                  "Join Type": "Inner",
                  "Startup Cost": 0.56,
                  "Total Cost": 346209.46,
                  "Plan Rows": 135664,
                  "Plan Width": 0,
                  "Actual Startup Time": 0.529,
                  "Actual Total Time": 361.253,
                  "Actual Rows": 88807,
                  "Actual Loops": 5,
                  "Inner Unique": false,
                  "Plans": [
                    {
                      "Node Type": "Seq Scan",
                      "Parent Relationship": "Outer",
                      "Parallel Aware": true,
                      "Relation Name": "title",
                      "Alias": "t",
                      "Startup Cost": 0.0,
                      "Total Cost": 45479.1,
                      "Plan Rows": 9468,
                      "Plan Width": 4,
                      "Actual Startup Time": 0.253,
                      "Actual Total Time": 67.413,
                      "Actual Rows": 4839,
                      "Actual Loops": 5,
                      "Filter": "((kind_id < 4) AND (production_year = 2006))",
                      "Rows Removed by Filter": 500823
                    },
                    {
                      "Node Type": "Index Only Scan",
                      "Parent Relationship": "Inner",
                      "Parallel Aware": false,
                      "Scan Direction": "Forward",
                      "Index Name": "movie_id_cast_info",
                      "Relation Name": "cast_info",
                      "Alias": "ci",
                      "Startup Cost": 0.56,
                      "Total Cost": 31.39,
                      "Plan Rows": 37,
                      "Plan Width": 4,
                      "Actual Startup Time": 0.012,
                      "Actual Total Time": 0.059,
                      "Actual Rows": 18,
                      "Actual Loops": 24195,
                      "Index Cond": "(movie_id = t.id)",
                      "Rows Removed by Index Recheck": 0,
                      "Heap Fetches": 444033
                    }
                  ]
                }
              ]
            }
          ]
        }
      ]
    },
    "Planning Time": 0.565,
    "Triggers": [],
    "Execution Time": 438.995
  }
]