{
  "Plan": {
    "Node Type": "Aggregate",
    "Strategy": "Plain",
    "Partial Mode": "Finalize",
    "Parallel Aware": false,
    "Startup Cost": 564219.33,
    "Total Cost": 564219.34,
    "Plan Rows": 1,
    "Plan Width": 8,
    "Actual Startup Time": 3027.189,
    "Actual Total Time": 3047.674,
    "Actual Rows": 1,
    "Actual Loops": 1,
    "Plans": [
      {
        "Node Type": "Gather",
        "Parent Relationship": "Outer",
        "Parallel Aware": false,
        "Startup Cost": 564219.21,
        "Total Cost": 564219.32,
        "Plan Rows": 1,
        "Plan Width": 8,
        "Actual Startup Time": 2588.208,
        "Actual Total Time": 3047.656,
        "Actual Rows": 2,
        "Actual Loops": 1,
        "Workers Planned": 1,
        "Workers Launched": 1,
        "Single Copy": false,
        "Plans": [
          {
            "Node Type": "Aggregate",
            "Strategy": "Plain",
            "Partial Mode": "Partial",
            "Parent Relationship": "Outer",
            "Parallel Aware": false,
            "Startup Cost": 563219.21,
            "Total Cost": 563219.22,
            "Plan Rows": 1,
            "Plan Width": 8,
            "Actual Startup Time": 2794.64,
            "Actual Total Time": 2794.65,
            "Actual Rows": 1,
            "Actual Loops": 2,
            "Plans": [
              {
                "Node Type": "Merge Join",
                "Parent Relationship": "Outer",
                "Parallel Aware": false,
                "Join Type": "Inner",
                "Startup Cost": 547738.65,
                "Total Cost": 562191.44,
                "Plan Rows": 411111,
                "Plan Width": 0,
                "Actual Startup Time": 2367.647,
                "Actual Total Time": 2727.147,
                "Actual Rows": 1592766,
                "Actual Loops": 2,
                "Inner Unique": false,
                "Merge Cond": "(mi.movie_id = t.id)",
                "Plans": [
                  {
                    "Node Type": "Sort",
                    "Parent Relationship": "Outer",
                    "Parallel Aware": false,
                    "Startup Cost": 336622.19,
                    "Total Cost": 339647.05,
                    "Plan Rows": 1209942,
                    "Plan Width": 4,
                    "Actual Startup Time": 501.268,
                    "Actual Total Time": 541.569,
                    "Actual Rows": 1045489,
                    "Actual Loops": 2,
                    "Sort Key": [
                      "mi.movie_id"
                    ],
                    "Sort Method": "quicksort",
                    "Sort Space Used": 111081,
                    "Sort Space Type": "Memory",
                    "Workers": [
                      {
                        "Worker Number": 0,
                        "Sort Method": "quicksort",
                        "Sort Space Used": 60667,
                        "Sort Space Type": "Memory"
                      }
                    ],
                    "Plans": [
                      {
                        "Node Type": "Bitmap Heap Scan",
                        "Parent Relationship": "Outer",
                        "Parallel Aware": true,
                        "Relation Name": "movie_info",
                        "Alias": "mi",
                        "Startup Cost": 37261.42,
                        "Total Cost": 214378.69,
                        "Plan Rows": 1209942,
                        "Plan Width": 4,
                        "Actual Startup Time": 85.973,
                        "Actual Total Time": 228.44,
                        "Actual Rows": 1045534,
                        "Actual Loops": 2,
                        "Recheck Cond": "(info_type_id < 3)",
                        "Rows Removed by Index Recheck": 0,
                        "Exact Heap Blocks": 8499,
                        "Lossy Heap Blocks": 0,
                        "Plans": [
                          {
                            "Node Type": "Bitmap Index Scan",
                            "Parent Relationship": "Outer",
                            "Parallel Aware": false,
                            "Index Name": "info_type_id_movie_info",
                            "Startup Cost": 0.0,
                            "Total Cost": 36747.19,
                            "Plan Rows": 2056901,
                            "Plan Width": 0,
                            "Actual Startup Time": 89.559,
                            "Actual Total Time": 89.56,
                            "Actual Rows": 2091068,
                            "Actual Loops": 1,
                            "Index Cond": "(info_type_id < 3)"
                          }
                        ]
                      }
                    ]
                  },
                  {
                    "Node Type": "Sort",
                    "Parent Relationship": "Inner",
                    "Parallel Aware": false,
                    "Startup Cost": 211116.37,
                    "Total Cost": 213264.01,
                    "Plan Rows": 859057,
                    "Plan Width": 8,
                    "Actual Startup Time": 1866.366,
                    "Actual Total Time": 1940.502,
                    "Actual Rows": 2155398,
                    "Actual Loops": 2,
                    "Sort Key": [
                      "t.id"
                    ],
                    "Sort Method": "quicksort",
                    "Sort Space Used": 128443,
                    "Sort Space Type": "Memory",
                    "Workers": [
                      {
                        "Worker Number": 0,
                        "Sort Method": "quicksort",
                        "Sort Space Used": 128443,
                        "Sort Space Type": "Memory"
                      }
                    ],
                    "Plans": [
                      {
                        "Node Type": "Hash Join",
                        "Parent Relationship": "Outer",
                        "Parallel Aware": false,
                        "Join Type": "Inner",
                        "Startup Cost": 74715.76,
                        "Total Cost": 126446.02,
                        "Plan Rows": 859057,
                        "Plan Width": 8,
                        "Actual Startup Time": 446.73,
                        "Actual Total Time": 1451.39,
                        "Actual Rows": 1691528,
                        "Actual Loops": 2,
                        "Inner Unique": true,
                        "Hash Cond": "(mc.movie_id = t.id)",
                        "Plans": [
                          {
                            "Node Type": "Seq Scan",
                            "Parent Relationship": "Outer",
                            "Parallel Aware": false,
                            "Relation Name": "movie_companies",
                            "Alias": "mc",
                            "Startup Cost": 0.0,
                            "Total Cost": 44881.29,
                            "Plan Rows": 2609129,
                            "Plan Width": 4,
                            "Actual Startup Time": 0.044,
                            "Actual Total Time": 240.069,
                            "Actual Rows": 2609129,
                            "Actual Loops": 2
                          },
                          {
                            "Node Type": "Hash",
                            "Parent Relationship": "Inner",
                            "Parallel Aware": false,
                            "Startup Cost": 64310.23,
                            "Total Cost": 64310.23,
                            "Plan Rows": 832442,
                            "Plan Width": 4,
                            "Actual Startup Time": 443.368,
                            "Actual Total Time": 443.371,
                            "Actual Rows": 847424,
                            "Actual Loops": 2,
                            "Hash Buckets": 1048576,
                            "Original Hash Buckets": 1048576,
                            "Hash Batches": 1,
                            "Original Hash Batches": 1,
                            "Peak Memory Usage": 37985,
                            "Plans": [
                              {
                                "Node Type": "Bitmap Heap Scan",
                                "Parent Relationship": "Outer",
                                "Parallel Aware": false,
                                "Relation Name": "title",
                                "Alias": "t",
                                "Startup Cost": 15469.77,
                                "Total Cost": 64310.23,
                                "Plan Rows": 832442,
                                "Plan Width": 4,
                                "Actual Startup Time": 42.572,
                                "Actual Total Time": 253.771,
                                "Actual Rows": 847424,
                                "Actual Loops": 2,
                                "Recheck Cond": "(kind_id < 4)",
                                "Rows Removed by Index Recheck": 0,
                                "Filter": "(production_year > 0)",
                                "Rows Removed by Filter": 6790,
                                "Exact Heap Blocks": 35470,
                                "Lossy Heap Blocks": 0,
                                "Plans": [
                                  {
                                    "Node Type": "Bitmap Index Scan",
                                    "Parent Relationship": "Outer",
                                    "Parallel Aware": false,
                                    "Index Name": "kind_id_title",
                                    "Startup Cost": 0.0,
                                    "Total Cost": 15261.66,
                                    "Plan Rows": 856164,
                                    "Plan Width": 0,
                                    "Actual Startup Time": 36.266,
                                    "Actual Total Time": 36.266,
                                    "Actual Rows": 854214,
                                    "Actual Loops": 2,
                                    "Index Cond": "(kind_id < 4)"
                                  }
                                ]
                              }
                            ]
                          }
                        ]
                      }
                    ]
                  }
                ]
              }
            ]
          }
        ]
      }
    ]
  },
  "Planning Time": 1.056,
  "Triggers": [],
  "Execution Time": 3073.066
}