[
  {
    "Plan": {
      "Node Type": "Aggregate",
      "Strategy": "Plain",
      "Partial Mode": "Finalize",
      "Parallel Aware": false,
      "Startup Cost": 79754.24,
      "Total Cost": 79754.25,
      "Plan Rows": 1,
      "Plan Width": 8,
      "Actual Startup Time": 206.769,
      "Actual Total Time": 222.937,
      "Actual Rows": 1,
      "Actual Loops": 1,
      "Plans": [
        {
          "Node Type": "Gather",
          "Parent Relationship": "Outer",
          "Parallel Aware": false,
          "Startup Cost": 79753.82,
          "Total Cost": 79754.23,
          "Plan Rows": 4,
          "Plan Width": 8,
          "Actual Startup Time": 206.091,
          "Actual Total Time": 222.929,
          "Actual Rows": 5,
          "Actual Loops": 1,
          "Workers Planned": 4,
          "Workers Launched": 4,
          "Single Copy": false,
          "Plans": [
            {
              "Node Type": "Aggregate",
              "Strategy": "Plain",
              "Partial Mode": "Partial",
              "Parent Relationship": "Outer",
              "Parallel Aware": false,
              "Startup Cost": 78753.82,
              "Total Cost": 78753.83,
              "Plan Rows": 1,
              "Plan Width": 8,
              "Actual Startup Time": 197.169,
              "Actual Total Time": 197.173,
              "Actual Rows": 1,
              "Actual Loops": 5,
              "Plans": [
                {
                  "Node Type": "Hash Join",
                  "Parent Relationship": "Outer",
                  "Parallel Aware": true,
                  "Join Type": "Inner",
                  "Startup Cost": 32787.44,
                  "Total Cost": 78541.06,
                  "Plan Rows": 85103,
                  "Plan Width": 0,
                  "Actual Startup Time": 159.227,
                  "Actual Total Time": 196.738,
                  "Actual Rows": 7205,
                  "Actual Loops": 5,
                  "Inner Unique": false,
                  "Hash Cond": "(t.id = mc.movie_id)",
                  "Plans": [
                    {
                      "Node Type": "Seq Scan",
                      "Parent Relationship": "Outer",
                      "Parallel Aware": true,
                      "Relation Name": "title",
                      "Alias": "t",
                      "Startup Cost": 0.0,
                      "Total Cost": 42318.73,
                      "Plan Rows": 632073,
                      "Plan Width": 4,
                      "Actual Startup Time": 0.014,
                      "Actual Total Time": 66.849,
                      "Actual Rows": 505662,
                      "Actual Loops": 5
                    },
                    {
                      "Node Type": "Hash",
                      "Parent Relationship": "Inner",
                      "Parallel Aware": true,
                      "Startup Cost": 31414.82,
                      "Total Cost": 31414.82,
                      "Plan Rows": 109810,
                      "Plan Width": 4,
                      "Actual Startup Time": 70.345,
                      "Actual Total Time": 70.346,
                      "Actual Rows": 7205,
                      "Actual Loops": 5,
                      "Hash Buckets": 524288,
                      "Original Hash Buckets": 524288,
                      "Hash Batches": 1,
                      "Original Hash Batches": 1,
                      "Peak Memory Usage": 5600,
                      "Plans": [
                        {
                          "Node Type": "Seq Scan",
                          "Parent Relationship": "Outer",
                          "Parallel Aware": true,
                          "Relation Name": "movie_companies",
                          "Alias": "mc",
                          "Startup Cost": 0.0,
                          "Total Cost": 31414.82,
                          "Plan Rows": 109810,
                          "Plan Width": 4,
                          "Actual Startup Time": 28.884,
                          "Actual Total Time": 66.312,
                          "Actual Rows": 7205,
                          "Actual Loops": 5,
                          "Filter": "((company_id > 44393) AND (company_type_id = 1))",
                          "Rows Removed by Filter": 514621
                        }
                      ]
                    }
                  ]
                }
              ]
            }
          ]
        }
      ]
    },
    "Planning Time": 0.662,
    "Triggers": [],
    "Execution Time": 223.007
  }
]