{
  "Plan": {
    "Node Type": "Aggregate",
    "Strategy": "Plain",
    "Partial Mode": "Finalize",
    "Parallel Aware": false,
    "Startup Cost": 87362.68,
    "Total Cost": 87362.69,
    "Plan Rows": 1,
    "Plan Width": 8,
    "Actual Startup Time": 377.559,
    "Actual Total Time": 392.54,
    "Actual Rows": 1,
    "Actual Loops": 1,
    "Plans": [
      {
        "Node Type": "Gather",
        "Parent Relationship": "Outer",
        "Parallel Aware": false,
        "Startup Cost": 87362.56,
        "Total Cost": 87362.67,
        "Plan Rows": 1,
        "Plan Width": 8,
        "Actual Startup Time": 376.905,
        "Actual Total Time": 392.53,
        "Actual Rows": 2,
        "Actual Loops": 1,
        "Workers Planned": 1,
        "Workers Launched": 1,
        "Single Copy": false,
        "Plans": [
          {
            "Node Type": "Aggregate",
            "Strategy": "Plain",
            "Partial Mode": "Partial",
            "Parent Relationship": "Outer",
            "Parallel Aware": false,
            "Startup Cost": 86362.56,
            "Total Cost": 86362.57,
            "Plan Rows": 1,
            "Plan Width": 8,
            "Actual Startup Time": 370.874,
            "Actual Total Time": 370.878,
            "Actual Rows": 1,
            "Actual Loops": 2,
            "Plans": [
              {
                "Node Type": "Hash Join",
                "Parent Relationship": "Outer",
                "Parallel Aware": true,
                "Join Type": "Inner",
                "Startup Cost": 25312.93,
                "Total Cost": 86098.88,
                "Plan Rows": 105475,
                "Plan Width": 0,
                "Actual Startup Time": 82.959,
                "Actual Total Time": 366.96,
                "Actual Rows": 90562,
                "Actual Loops": 2,
                "Inner Unique": false,
                "Hash Cond": "(t.id = mc.movie_id)",
                "Plans": [
                  {
                    "Node Type": "Seq Scan",
                    "Parent Relationship": "Outer",
                    "Parallel Aware": true,
                    "Relation Name": "title",
                    "Alias": "t",
                    "Startup Cost": 0.0,
                    "Total Cost": 50870.31,
                    "Plan Rows": 1487231,
                    "Plan Width": 4,
                    "Actual Startup Time": 0.01,
                    "Actual Total Time": 114.052,
                    "Actual Rows": 1264156,
                    "Actual Loops": 2
                  },
                  {
                    "Node Type": "Hash",
                    "Parent Relationship": "Inner",
                    "Parallel Aware": true,
                    "Startup Cost": 23994.49,
                    "Total Cost": 23994.49,
                    "Plan Rows": 105475,
                    "Plan Width": 4,
                    "Actual Startup Time": 79.452,
                    "Actual Total Time": 79.453,
                    "Actual Rows": 90562,
                    "Actual Loops": 2,
                    "Hash Buckets": 262144,
                    "Original Hash Buckets": 262144,
                    "Hash Batches": 1,
                    "Original Hash Batches": 1,
                    "Peak Memory Usage": 9152,
                    "Plans": [
                      {
                        "Node Type": "Bitmap Heap Scan",
                        "Parent Relationship": "Outer",
                        "Parallel Aware": true,
                        "Relation Name": "movie_companies",
                        "Alias": "mc",
                        "Startup Cost": 3886.06,
                        "Total Cost": 23994.49,
                        "Plan Rows": 105475,
                        "Plan Width": 4,
                        "Actual Startup Time": 20.732,
                        "Actual Total Time": 57.557,
                        "Actual Rows": 90562,
                        "Actual Loops": 2,
                        "Recheck Cond": "(company_id < 37)",
                        "Rows Removed by Index Recheck": 0,
                        "Exact Heap Blocks": 10687,
                        "Lossy Heap Blocks": 0,
                        "Plans": [
                          {
                            "Node Type": "Bitmap Index Scan",
                            "Parent Relationship": "Outer",
                            "Parallel Aware": false,
                            "Index Name": "company_id_movie_companies",
                            "Startup Cost": 0.0,
                            "Total Cost": 3841.23,
                            "Plan Rows": 179307,
                            "Plan Width": 0,
                            "Actual Startup Time": 19.387,
                            "Actual Total Time": 19.387,
                            "Actual Rows": 181123,
                            "Actual Loops": 1,
                            "Index Cond": "(company_id < 37)"
                          }
                        ]
                      }
                    ]
                  }
                ]
              }
            ]
          }
        ]
      }
    ]
  },
  "Planning Time": 0.651,
  "Triggers": [],
  "Execution Time": 392.63
}