{
  "Plan": {
    "Node Type": "Aggregate",
    "Strategy": "Plain",
    "Partial Mode": "Finalize",
    "Parallel Aware": false,
    "Startup Cost": 330464.53,
    "Total Cost": 330464.54,
    "Plan Rows": 1,
    "Plan Width": 8,
    "Actual Startup Time": 1810.525,
    "Actual Total Time": 1851.164,
    "Actual Rows": 1,
    "Actual Loops": 1,
    "Plans": [
      {
        "Node Type": "Gather",
        "Parent Relationship": "Outer",
        "Parallel Aware": false,
        "Startup Cost": 330464.42,
        "Total Cost": 330464.53,
        "Plan Rows": 1,
        "Plan Width": 8,
        "Actual Startup Time": 1809.858,
        "Actual Total Time": 1851.155,
        "Actual Rows": 2,
        "Actual Loops": 1,
        "Workers Planned": 1,
        "Workers Launched": 1,
        "Single Copy": false,
        "Plans": [
          {
            "Node Type": "Aggregate",
            "Strategy": "Plain",
            "Partial Mode": "Partial",
            "Parent Relationship": "Outer",
            "Parallel Aware": false,
            "Startup Cost": 329464.42,
            "Total Cost": 329464.43,
            "Plan Rows": 1,
            "Plan Width": 8,
            "Actual Startup Time": 1804.302,
            "Actual Total Time": 1804.306,
            "Actual Rows": 1,
            "Actual Loops": 2,
            "Plans": [
              {
                "Node Type": "Hash Join",
                "Parent Relationship": "Outer",
                "Parallel Aware": true,
                "Join Type": "Inner",
                "Startup Cost": 56013.88,
                "Total Cost": 327797.37,
                "Plan Rows": 666822,
                "Plan Width": 0,
                "Actual Startup Time": 181.231,
                "Actual Total Time": 1758.458,
                "Actual Rows": 1135597,
                "Actual Loops": 2,
                "Inner Unique": true,
                "Hash Cond": "(mi.movie_id = t.id)",
                "Plans": [
                  {
                    "Node Type": "Seq Scan",
                    "Parent Relationship": "Outer",
                    "Parallel Aware": true,
                    "Relation Name": "movie_info",
                    "Alias": "mi",
                    "Startup Cost": 0.0,
                    "Total Cost": 248955.74,
                    "Plan Rows": 8696274,
                    "Plan Width": 4,
                    "Actual Startup Time": 0.009,
                    "Actual Total Time": 638.619,
                    "Actual Rows": 7417860,
                    "Actual Loops": 2
                  },
                  {
                    "Node Type": "Hash",
                    "Parent Relationship": "Inner",
                    "Parallel Aware": true,
                    "Startup Cost": 54588.39,
                    "Total Cost": 54588.39,
                    "Plan Rows": 114039,
                    "Plan Width": 4,
                    "Actual Startup Time": 175.924,
                    "Actual Total Time": 175.925,
                    "Actual Rows": 101498,
                    "Actual Loops": 2,
                    "Hash Buckets": 262144,
                    "Original Hash Buckets": 262144,
                    "Hash Batches": 1,
                    "Original Hash Batches": 1,
                    "Peak Memory Usage": 10016,
                    "Plans": [
                      {
                        "Node Type": "Seq Scan",
                        "Parent Relationship": "Outer",
                        "Parallel Aware": true,
                        "Relation Name": "title",
                        "Alias": "t",
                        "Startup Cost": 0.0,
                        "Total Cost": 54588.39,
                        "Plan Rows": 114039,
                        "Plan Width": 4,
                        "Actual Startup Time": 0.041,
                        "Actual Total Time": 145.693,
                        "Actual Rows": 101498,
                        "Actual Loops": 2,
                        "Filter": "(production_year < 1956)",
                        "Rows Removed by Filter": 1162658
                      }
                    ]
                  }
                ]
              }
            ]
          }
        ]
      }
    ]
  },
  "Planning Time": 0.594,
  "Triggers": [],
  "Execution Time": 1851.236
}