{
  "Plan": {
    "Node Type": "Aggregate",
    "Strategy": "Plain",
    "Partial Mode": "Finalize",
    "Parallel Aware": false,
    "Startup Cost": 103104.69,
    "Total Cost": 103104.7,
    "Plan Rows": 1,
    "Plan Width": 8,
    "Actual Startup Time": 541.728,
    "Actual Total Time": 557.593,
    "Actual Rows": 1,
    "Actual Loops": 1,
    "Plans": [
      {
        "Node Type": "Gather",
        "Parent Relationship": "Outer",
        "Parallel Aware": false,
        "Startup Cost": 103104.58,
        "Total Cost": 103104.69,
        "Plan Rows": 1,
        "Plan Width": 8,
        "Actual Startup Time": 540.608,
        "Actual Total Time": 557.586,
        "Actual Rows": 2,
        "Actual Loops": 1,
        "Workers Planned": 1,
        "Workers Launched": 1,
        "Single Copy": false,
        "Plans": [
          {
            "Node Type": "Aggregate",
            "Strategy": "Plain",
            "Partial Mode": "Partial",
            "Parent Relationship": "Outer",
            "Parallel Aware": false,
            "Startup Cost": 102104.58,
            "Total Cost": 102104.59,
            "Plan Rows": 1,
            "Plan Width": 8,
            "Actual Startup Time": 534.396,
            "Actual Total Time": 534.4,
            "Actual Rows": 1,
            "Actual Loops": 2,
            "Plans": [
              {
                "Node Type": "Hash Join",
                "Parent Relationship": "Outer",
                "Parallel Aware": true,
                "Join Type": "Inner",
                "Startup Cost": 40395.89,
                "Total Cost": 101644.33,
                "Plan Rows": 184099,
                "Plan Width": 0,
                "Actual Startup Time": 166.847,
                "Actual Total Time": 524.724,
                "Actual Rows": 227181,
                "Actual Loops": 2,
                "Inner Unique": false,
                "Hash Cond": "(t.id = mc.movie_id)",
                "Plans": [
                  {
                    "Node Type": "Seq Scan",
                    "Parent Relationship": "Outer",
                    "Parallel Aware": true,
                    "Relation Name": "title",
                    "Alias": "t",
                    "Startup Cost": 0.0,
                    "Total Cost": 50870.31,
                    "Plan Rows": 1487231,
                    "Plan Width": 4,
                    "Actual Startup Time": 0.012,
                    "Actual Total Time": 117.746,
                    "Actual Rows": 1264156,
                    "Actual Loops": 2
                  },
                  {
                    "Node Type": "Hash",
                    "Parent Relationship": "Inner",
                    "Parallel Aware": true,
                    "Startup Cost": 38094.65,
                    "Total Cost": 38094.65,
                    "Plan Rows": 184099,
                    "Plan Width": 4,
                    "Actual Startup Time": 161.23,
                    "Actual Total Time": 161.231,
                    "Actual Rows": 227181,
                    "Actual Loops": 2,
                    "Hash Buckets": 524288,
                    "Original Hash Buckets": 524288,
                    "Hash Batches": 1,
                    "Original Hash Batches": 1,
                    "Peak Memory Usage": 21888,
                    "Plans": [
                      {
                        "Node Type": "Bitmap Heap Scan",
                        "Parent Relationship": "Outer",
                        "Parallel Aware": true,
                        "Relation Name": "movie_companies",
                        "Alias": "mc",
                        "Startup Cost": 13694.93,
                        "Total Cost": 38094.65,
                        "Plan Rows": 184099,
                        "Plan Width": 4,
                        "Actual Startup Time": 44.117,
                        "Actual Total Time": 116.686,
                        "Actual Rows": 227181,
                        "Actual Loops": 2,
                        "Recheck Cond": "(company_id < 846)",
                        "Rows Removed by Index Recheck": 0,
                        "Filter": "(company_type_id = 1)",
                        "Rows Removed by Filter": 88852,
                        "Exact Heap Blocks": 11361,
                        "Lossy Heap Blocks": 0,
                        "Plans": [
                          {
                            "Node Type": "Bitmap Index Scan",
                            "Parent Relationship": "Outer",
                            "Parallel Aware": false,
                            "Index Name": "company_id_movie_companies",
                            "Startup Cost": 0.0,
                            "Total Cost": 13616.69,
                            "Plan Rows": 635768,
                            "Plan Width": 0,
                            "Actual Startup Time": 41.677,
                            "Actual Total Time": 41.678,
                            "Actual Rows": 632067,
                            "Actual Loops": 1,
                            "Index Cond": "(company_id < 846)"
                          }
                        ]
                      }
                    ]
                  }
                ]
              }
            ]
          }
        ]
      }
    ]
  },
  "Planning Time": 0.688,
  "Triggers": [],
  "Execution Time": 557.682
}