[
  {
    "Plan": {
      "Node Type": "Aggregate",
      "Strategy": "Plain",
      "Partial Mode": "Finalize",
      "Parallel Aware": false,
      "Startup Cost": 78154.65,
      "Total Cost": 78154.66,
      "Plan Rows": 1,
      "Plan Width": 8,
      "Actual Startup Time": 274.394,
      "Actual Total Time": 291.607,
      "Actual Rows": 1,
      "Actual Loops": 1,
      "Plans": [
        {
          "Node Type": "Gather",
          "Parent Relationship": "Outer",
          "Parallel Aware": false,
          "Startup Cost": 78154.34,
          "Total Cost": 78154.65,
          "Plan Rows": 3,
          "Plan Width": 8,
          "Actual Startup Time": 273.479,
          "Actual Total Time": 291.598,
          "Actual Rows": 4,
          "Actual Loops": 1,
          "Workers Planned": 3,
          "Workers Launched": 3,
          "Single Copy": false,
          "Plans": [
            {
              "Node Type": "Aggregate",
              "Strategy": "Plain",
              "Partial Mode": "Partial",
              "Parent Relationship": "Outer",
              "Parallel Aware": false,
              "Startup Cost": 77154.34,
              "Total Cost": 77154.35,
              "Plan Rows": 1,
              "Plan Width": 8,
              "Actual Startup Time": 269.286,
              "Actual Total Time": 269.289,
              "Actual Rows": 1,
              "Actual Loops": 4,
              "Plans": [
                {
                  "Node Type": "Hash Join",
                  "Parent Relationship": "Outer",
                  "Parallel Aware": true,
                  "Join Type": "Inner",
                  "Startup Cost": 45830.34,
                  "Total Cost": 77072.67,
                  "Plan Rows": 32667,
                  "Plan Width": 0,
                  "Actual Startup Time": 114.256,
                  "Actual Total Time": 268.415,
                  "Actual Rows": 14150,
                  "Actual Loops": 4,
                  "Inner Unique": true,
                  "Hash Cond": "(mc.movie_id = t.id)",
                  "Plans": [
                    {
                      "Node Type": "Seq Scan",
                      "Parent Relationship": "Outer",
                      "Parallel Aware": true,
                      "Relation Name": "movie_companies",
                      "Alias": "mc",
                      "Startup Cost": 0.0,
                      "Total Cost": 29310.68,
                      "Plan Rows": 735867,
                      "Plan Width": 4,
                      "Actual Startup Time": 0.012,
                      "Actual Total Time": 83.066,
                      "Actual Rows": 569810,
                      "Actual Loops": 4,
                      "Filter": "(company_id < 90729)",
                      "Rows Removed by Filter": 82472
                    },
                    {
                      "Node Type": "Hash",
                      "Parent Relationship": "Inner",
                      "Parallel Aware": true,
                      "Startup Cost": 45479.59,
                      "Total Cost": 45479.59,
                      "Plan Rows": 28060,
                      "Plan Width": 4,
                      "Actual Startup Time": 112.958,
                      "Actual Total Time": 112.959,
                      "Actual Rows": 29802,
                      "Actual Loops": 4,
                      "Hash Buckets": 131072,
                      "Original Hash Buckets": 131072,
                      "Hash Batches": 1,
                      "Original Hash Batches": 1,
                      "Peak Memory Usage": 5728,
                      "Plans": [
                        {
                          "Node Type": "Seq Scan",
                          "Parent Relationship": "Outer",
                          "Parallel Aware": true,
                          "Relation Name": "title",
                          "Alias": "t",
                          "Startup Cost": 0.0,
                          "Total Cost": 45479.59,
                          "Plan Rows": 28060,
                          "Plan Width": 4,
                          "Actual Startup Time": 0.025,
                          "Actual Total Time": 101.051,
                          "Actual Rows": 29802,
                          "Actual Loops": 4,
                          "Filter": "((kind_id > 2) AND (production_year = 2012))",
                          "Rows Removed by Filter": 602276
                        }
                      ]
                    }
                  ]
                }
              ]
            }
          ]
        }
      ]
    },
    "Planning Time": 0.313,
    "Triggers": [],
    "Execution Time": 291.653
  }
]