{
  "Plan": {
    "Node Type": "Aggregate",
    "Strategy": "Plain",
    "Partial Mode": "Finalize",
    "Parallel Aware": false,
    "Startup Cost": 129187.69,
    "Total Cost": 129187.7,
    "Plan Rows": 1,
    "Plan Width": 8,
    "Actual Startup Time": 1074.335,
    "Actual Total Time": 1093.805,
    "Actual Rows": 1,
    "Actual Loops": 1,
    "Plans": [
      {
        "Node Type": "Gather",
        "Parent Relationship": "Outer",
        "Parallel Aware": false,
        "Startup Cost": 129187.58,
        "Total Cost": 129187.69,
        "Plan Rows": 1,
        "Plan Width": 8,
        "Actual Startup Time": 1071.785,
        "Actual Total Time": 1093.795,
        "Actual Rows": 2,
        "Actual Loops": 1,
        "Workers Planned": 1,
        "Workers Launched": 1,
        "Single Copy": false,
        "Plans": [
          {
            "Node Type": "Aggregate",
            "Strategy": "Plain",
            "Partial Mode": "Partial",
            "Parent Relationship": "Outer",
            "Parallel Aware": false,
            "Startup Cost": 128187.58,
            "Total Cost": 128187.59,
            "Plan Rows": 1,
            "Plan Width": 8,
            "Actual Startup Time": 1066.046,
            "Actual Total Time": 1066.05,
            "Actual Rows": 1,
            "Actual Loops": 2,
            "Plans": [
              {
                "Node Type": "Hash Join",
                "Parent Relationship": "Outer",
                "Parallel Aware": true,
                "Join Type": "Inner",
                "Startup Cost": 63449.17,
                "Total Cost": 126723.71,
                "Plan Rows": 585547,
                "Plan Width": 0,
                "Actual Startup Time": 343.907,
                "Actual Total Time": 987.436,
                "Actual Rows": 1249663,
                "Actual Loops": 2,
                "Inner Unique": true,
                "Hash Cond": "(mk.movie_id = t.id)",
                "Plans": [
                  {
                    "Node Type": "Seq Scan",
                    "Parent Relationship": "Outer",
                    "Parallel Aware": true,
                    "Relation Name": "movie_keyword",
                    "Alias": "mk",
                    "Startup Cost": 0.0,
                    "Total Cost": 57718.19,
                    "Plan Rows": 2116701,
                    "Plan Width": 4,
                    "Actual Startup Time": 0.015,
                    "Actual Total Time": 296.338,
                    "Actual Rows": 1809286,
                    "Actual Loops": 2,
                    "Filter": "(keyword_id < 20358)",
                    "Rows Removed by Filter": 452678
                  },
                  {
                    "Node Type": "Hash",
                    "Parent Relationship": "Inner",
                    "Parallel Aware": true,
                    "Startup Cost": 58306.47,
                    "Total Cost": 58306.47,
                    "Plan Rows": 411416,
                    "Plan Width": 4,
                    "Actual Startup Time": 334.576,
                    "Actual Total Time": 334.577,
                    "Actual Rows": 363476,
                    "Actual Loops": 2,
                    "Hash Buckets": 1048576,
                    "Original Hash Buckets": 1048576,
                    "Hash Batches": 1,
                    "Original Hash Batches": 1,
                    "Peak Memory Usage": 36672,
                    "Plans": [
                      {
                        "Node Type": "Seq Scan",
                        "Parent Relationship": "Outer",
                        "Parallel Aware": true,
                        "Relation Name": "title",
                        "Alias": "t",
                        "Startup Cost": 0.0,
                        "Total Cost": 58306.47,
                        "Plan Rows": 411416,
                        "Plan Width": 4,
                        "Actual Startup Time": 0.035,
                        "Actual Total Time": 210.596,
                        "Actual Rows": 363476,
                        "Actual Loops": 2,
                        "Filter": "((kind_id < 4) AND (production_year < 2011))",
                        "Rows Removed by Filter": 900680
                      }
                    ]
                  }
                ]
              }
            ]
          }
        ]
      }
    ]
  },
  "Planning Time": 0.702,
  "Triggers": [],
  "Execution Time": 1093.877
}