[
  {
    "Plan": {
      "Node Type": "Aggregate",
      "Strategy": "Plain",
      "Partial Mode": "Finalize",
      "Parallel Aware": false,
      "Startup Cost": 73675.39,
      "Total Cost": 73675.4,
      "Plan Rows": 1,
      "Plan Width": 8,
      "Actual Startup Time": 217.082,
      "Actual Total Time": 235.695,
      "Actual Rows": 1,
      "Actual Loops": 1,
      "Plans": [
        {
          "Node Type": "Gather",
          "Parent Relationship": "Outer",
          "Parallel Aware": false,
          "Startup Cost": 73675.07,
          "Total Cost": 73675.38,
          "Plan Rows": 3,
          "Plan Width": 8,
          "Actual Startup Time": 215.213,
          "Actual Total Time": 235.685,
          "Actual Rows": 4,
          "Actual Loops": 1,
          "Workers Planned": 3,
          "Workers Launched": 3,
          "Single Copy": false,
          "Plans": [
            {
              "Node Type": "Aggregate",
              "Strategy": "Plain",
              "Partial Mode": "Partial",
              "Parent Relationship": "Outer",
              "Parallel Aware": false,
              "Startup Cost": 72675.07,
              "Total Cost": 72675.08,
              "Plan Rows": 1,
              "Plan Width": 8,
              "Actual Startup Time": 206.901,
              "Actual Total Time": 206.906,
              "Actual Rows": 1,
              "Actual Loops": 4,
              "Plans": [
                {
                  "Node Type": "Nested Loop",
                  "Parent Relationship": "Outer",
                  "Parallel Aware": false,
                  "Join Type": "Inner",
                  "Startup Cost": 50334.74,
                  "Total Cost": 72669.6,
                  "Plan Rows": 2189,
                  "Plan Width": 0,
                  "Actual Startup Time": 178.136,
                  "Actual Total Time": 206.605,
                  "Actual Rows": 3587,
                  "Actual Loops": 4,
                  "Inner Unique": false,
                  "Plans": [
                    {
                      "Node Type": "Hash Join",
                      "Parent Relationship": "Outer",
                      "Parallel Aware": true,
                      "Join Type": "Inner",
                      "Startup Cost": 50334.31,
                      "Total Cost": 70020.56,
                      "Plan Rows": 4011,
                      "Plan Width": 8,
                      "Actual Startup Time": 178.037,
                      "Actual Total Time": 195.148,
                      "Actual Rows": 1229,
                      "Actual Loops": 4,
                      "Inner Unique": true,
                      "Hash Cond": "(mc.movie_id = t.id)",
                      "Plans": [
                        {
                          "Node Type": "Bitmap Heap Scan",
                          "Parent Relationship": "Outer",
                          "Parallel Aware": true,
                          "Relation Name": "movie_companies",
                          "Alias": "mc",
                          "Startup Cost": 3676.97,
                          "Total Cost": 23292.58,
                          "Plan Rows": 26911,
                          "Plan Width": 4,
                          "Actual Startup Time": 10.14,
                          "Actual Total Time": 34.074,
                          "Actual Rows": 32388,
                          "Actual Loops": 4,
                          "Recheck Cond": "(company_id < 34)",
                          "Rows Removed by Index Recheck": 0,
                          "Filter": "(company_type_id = 1)",
                          "Rows Removed by Filter": 9539,
                          "Exact Heap Blocks": 5133,
                          "Lossy Heap Blocks": 0,
                          "Plans": [
                            {
                              "Node Type": "Bitmap Index Scan",
                              "Parent Relationship": "Outer",
                              "Parallel Aware": false,
                              "Index Name": "company_id_movie_companies",
                              "Startup Cost": 0.0,
                              "Total Cost": 3656.12,
                              "Plan Rows": 170625,
                              "Plan Width": 0,
                              "Actual Startup Time": 8.256,
                              "Actual Total Time": 8.256,
                              "Actual Rows": 167708,
                              "Actual Loops": 1,
                              "Index Cond": "(company_id < 34)"
                            }
                          ]
                        },
                        {
                          "Node Type": "Hash",
                          "Parent Relationship": "Inner",
                          "Parallel Aware": true,
                          "Startup Cost": 45479.59,
                          "Total Cost": 45479.59,
                          "Plan Rows": 94220,
                          "Plan Width": 4,
                          "Actual Startup Time": 147.11,
                          "Actual Total Time": 147.111,
                          "Actual Rows": 110007,
                          "Actual Loops": 4,
                          "Hash Buckets": 524288,
                          "Original Hash Buckets": 524288,
                          "Hash Batches": 1,
                          "Original Hash Batches": 1,
                          "Peak Memory Usage": 21408,
                          "Plans": [
                            {
                              "Node Type": "Seq Scan",
                              "Parent Relationship": "Outer",
                              "Parallel Aware": true,
                              "Relation Name": "title",
                              "Alias": "t",
                              "Startup Cost": 0.0,
                              "Total Cost": 45479.59,
                              "Plan Rows": 94220,
                              "Plan Width": 4,
                              "Actual Startup Time": 61.724,
                              "Actual Total Time": 109.444,
                              "Actual Rows": 110007,
                              "Actual Loops": 4,
                              "Filter": "((production_year < 2006) AND (kind_id = 1))",
                              "Rows Removed by Filter": 522071
                            }
                          ]
                        }
                      ]
                    },
                    {
                      "Node Type": "Index Only Scan",
                      "Parent Relationship": "Inner",
                      "Parallel Aware": false,
                      "Scan Direction": "Forward",
                      "Index Name": "movie_id_movie_info_idx",
                      "Relation Name": "movie_info_idx",
                      "Alias": "mi_idx",
                      "Startup Cost": 0.43,
                      "Total Cost": 0.63,
                      "Plan Rows": 3,
                      "Plan Width": 4,
                      "Actual Startup Time": 0.008,
                      "Actual Total Time": 0.009,
                      "Actual Rows": 3,
                      "Actual Loops": 4915,
                      "Index Cond": "(movie_id = t.id)",
                      "Rows Removed by Index Recheck": 0,
                      "Heap Fetches": 14348
                    }
                  ]
                }
              ]
            }
          ]
        }
      ]
    },
    "Planning Time": 1.576,
    "Triggers": [],
    "Execution Time": 235.801
  }
]