[
  {
    "Plan": {
      "Node Type": "Aggregate",
      "Strategy": "Plain",
      "Partial Mode": "Finalize",
      "Parallel Aware": false,
      "Startup Cost": 72382.56,
      "Total Cost": 72382.57,
      "Plan Rows": 1,
      "Plan Width": 8,
      "Actual Startup Time": 183.069,
      "Actual Total Time": 199.555,
      "Actual Rows": 1,
      "Actual Loops": 1,
      "Plans": [
        {
          "Node Type": "Gather",
          "Parent Relationship": "Outer",
          "Parallel Aware": false,
          "Startup Cost": 72382.14,
          "Total Cost": 72382.55,
          "Plan Rows": 4,
          "Plan Width": 8,
          "Actual Startup Time": 182.108,
          "Actual Total Time": 199.546,
          "Actual Rows": 5,
          "Actual Loops": 1,
          "Workers Planned": 4,
          "Workers Launched": 4,
          "Single Copy": false,
          "Plans": [
            {
              "Node Type": "Aggregate",
              "Strategy": "Plain",
              "Partial Mode": "Partial",
              "Parent Relationship": "Outer",
              "Parallel Aware": false,
              "Startup Cost": 71382.14,
              "Total Cost": 71382.15,
              "Plan Rows": 1,
              "Plan Width": 8,
              "Actual Startup Time": 171.593,
              "Actual Total Time": 171.598,
              "Actual Rows": 1,
              "Actual Loops": 5,
              "Plans": [
                {
                  "Node Type": "Nested Loop",
                  "Parent Relationship": "Outer",
                  "Parallel Aware": false,
                  "Join Type": "Inner",
                  "Startup Cost": 23437.96,
                  "Total Cost": 71378.04,
                  "Plan Rows": 1637,
                  "Plan Width": 0,
                  "Actual Startup Time": 117.184,
                  "Actual Total Time": 171.377,
                  "Actual Rows": 2870,
                  "Actual Loops": 5,
                  "Inner Unique": false,
                  "Plans": [
                    {
                      "Node Type": "Hash Join",
                      "Parent Relationship": "Outer",
                      "Parallel Aware": true,
                      "Join Type": "Inner",
                      "Startup Cost": 23437.53,
                      "Total Cost": 69396.38,
                      "Plan Rows": 2999,
                      "Plan Width": 8,
                      "Actual Startup Time": 117.057,
                      "Actual Total Time": 162.145,
                      "Actual Rows": 983,
                      "Actual Loops": 5,
                      "Inner Unique": false,
                      "Hash Cond": "(t.id = mc.movie_id)",
                      "Plans": [
                        {
                          "Node Type": "Seq Scan",
                          "Parent Relationship": "Outer",
                          "Parallel Aware": true,
                          "Relation Name": "title",
                          "Alias": "t",
                          "Startup Cost": 0.0,
                          "Total Cost": 45479.1,
                          "Plan Rows": 94014,
                          "Plan Width": 4,
                          "Actual Startup Time": 41.551,
                          "Actual Total Time": 75.415,
                          "Actual Rows": 88006,
                          "Actual Loops": 5,
                          "Filter": "((production_year < 2006) AND (kind_id = 1))",
                          "Rows Removed by Filter": 417657
                        },
                        {
                          "Node Type": "Hash",
                          "Parent Relationship": "Inner",
                          "Parallel Aware": true,
                          "Startup Cost": 23112.29,
                          "Total Cost": 23112.29,
                          "Plan Rows": 26019,
                          "Plan Width": 4,
                          "Actual Startup Time": 68.146,
                          "Actual Total Time": 68.148,
                          "Actual Rows": 25911,
                          "Actual Loops": 5,
                          "Hash Buckets": 131072,
                          "Original Hash Buckets": 131072,
                          "Hash Batches": 1,
                          "Original Hash Batches": 1,
                          "Peak Memory Usage": 6176,
                          "Plans": [
                            {
                              "Node Type": "Bitmap Heap Scan",
                              "Parent Relationship": "Outer",
                              "Parallel Aware": true,
                              "Relation Name": "movie_companies",
                              "Alias": "mc",
                              "Startup Cost": 3529.47,
                              "Total Cost": 23112.29,
                              "Plan Rows": 26019,
                              "Plan Width": 4,
                              "Actual Startup Time": 18.138,
                              "Actual Total Time": 53.706,
                              "Actual Rows": 25911,
                              "Actual Loops": 5,
                              "Recheck Cond": "(company_id < 34)",
                              "Rows Removed by Index Recheck": 0,
                              "Filter": "(company_type_id = 1)",
                              "Rows Removed by Filter": 7631,
                              "Exact Heap Blocks": 7242,
                              "Lossy Heap Blocks": 0,
                              "Plans": [
                                {
                                  "Node Type": "Bitmap Index Scan",
                                  "Parent Relationship": "Outer",
                                  "Parallel Aware": false,
                                  "Index Name": "company_id_movie_companies",
                                  "Startup Cost": 0.0,
                                  "Total Cost": 3509.3,
                                  "Plan Rows": 163850,
                                  "Plan Width": 0,
                                  "Actual Startup Time": 19.735,
                                  "Actual Total Time": 19.735,
                                  "Actual Rows": 167708,
                                  "Actual Loops": 1,
                                  "Index Cond": "(company_id < 34)"
                                }
                              ]
                            }
                          ]
                        }
                      ]
                    },
                    {
                      "Node Type": "Index Only Scan",
                      "Parent Relationship": "Inner",
                      "Parallel Aware": false,
                      "Scan Direction": "Forward",
                      "Index Name": "movie_id_movie_info_idx",
                      "Relation Name": "movie_info_idx",
                      "Alias": "mi_idx",
                      "Startup Cost": 0.43,
                      "Total Cost": 0.63,
                      "Plan Rows": 3,
                      "Plan Width": 4,
                      "Actual Startup Time": 0.008,
                      "Actual Total Time": 0.009,
                      "Actual Rows": 3,
                      "Actual Loops": 4915,
                      "Index Cond": "(movie_id = t.id)",
                      "Rows Removed by Index Recheck": 0,
                      "Heap Fetches": 14348
                    }
                  ]
                }
              ]
            }
          ]
        }
      ]
    },
    "Planning Time": 1.505,
    "Triggers": [],
    "Execution Time": 199.66
  }
]