[
  {
    "Bao": {
      "Bao prediction": 1088.442,
      "Bao recommended hint": "SET enable_nestloop TO off; SET enable_mergejoin TO off; SET enable_indexscan TO off; "
    }
  },
  {
    "Plan": {
      "Node Type": "Aggregate",
      "Strategy": "Plain",
      "Partial Mode": "Finalize",
      "Parallel Aware": false,
      "Startup Cost": 524246.66,
      "Total Cost": 524246.67,
      "Plan Rows": 1,
      "Plan Width": 64,
      "Actual Startup Time": 2521.085,
      "Actual Total Time": 2596.473,
      "Actual Rows": 1,
      "Actual Loops": 1,
      "Plans": [
        {
          "Node Type": "Gather",
          "Parent Relationship": "Outer",
          "Parallel Aware": false,
          "Startup Cost": 524246.33,
          "Total Cost": 524246.64,
          "Plan Rows": 3,
          "Plan Width": 64,
          "Actual Startup Time": 2520.563,
          "Actual Total Time": 2596.461,
          "Actual Rows": 4,
          "Actual Loops": 1,
          "Workers Planned": 3,
          "Workers Launched": 3,
          "Single Copy": false,
          "Plans": [
            {
              "Node Type": "Aggregate",
              "Strategy": "Plain",
              "Partial Mode": "Partial",
              "Parent Relationship": "Outer",
              "Parallel Aware": false,
              "Startup Cost": 523246.33,
              "Total Cost": 523246.34,
              "Plan Rows": 1,
              "Plan Width": 64,
              "Actual Startup Time": 2508.804,
              "Actual Total Time": 2508.824,
              "Actual Rows": 1,
              "Actual Loops": 4,
              "Plans": [
                {
                  "Node Type": "Hash Join",
                  "Parent Relationship": "Outer",
                  "Parallel Aware": true,
                  "Join Type": "Inner",
                  "Startup Cost": 507358.2,
                  "Total Cost": 523246.33,
                  "Plan Rows": 1,
                  "Plan Width": 32,
                  "Actual Startup Time": 2499.472,
                  "Actual Total Time": 2508.815,
                  "Actual Rows": 4,
                  "Actual Loops": 4,
                  "Inner Unique": false,
                  "Hash Cond": "(an.person_id = n.id)",
                  "Plans": [
                    {
                      "Node Type": "Seq Scan",
                      "Parent Relationship": "Outer",
                      "Parallel Aware": true,
                      "Relation Name": "aka_name",
                      "Alias": "an",
                      "Startup Cost": 0.0,
                      "Total Cost": 15030.45,
                      "Plan Rows": 228711,
                      "Plan Width": 4,
                      "Actual Startup Time": 0.01,
                      "Actual Total Time": 35.334,
                      "Actual Rows": 168673,
                      "Actual Loops": 4,
                      "Filter": "(name ~~ '%a%'::text)",
                      "Rows Removed by Filter": 56663
                    },
                    {
                      "Node Type": "Hash",
                      "Parent Relationship": "Inner",
                      "Parallel Aware": true,
                      "Startup Cost": 507358.19,
                      "Total Cost": 507358.19,
                      "Plan Rows": 1,
                      "Plan Width": 44,
                      "Actual Startup Time": 2463.518,
                      "Actual Total Time": 2463.536,
                      "Actual Rows": 2,
                      "Actual Loops": 4,
                      "Hash Buckets": 1024,
                      "Original Hash Buckets": 1024,
                      "Hash Batches": 1,
                      "Original Hash Batches": 1,
                      "Peak Memory Usage": 72,
                      "Plans": [
                        {
                          "Node Type": "Hash Join",
                          "Parent Relationship": "Outer",
                          "Parallel Aware": false,
                          "Join Type": "Inner",
                          "Startup Cost": 461804.42,
                          "Total Cost": 507358.19,
                          "Plan Rows": 1,
                          "Plan Width": 44,
                          "Actual Startup Time": 2455.607,
                          "Actual Total Time": 2463.424,
                          "Actual Rows": 2,
                          "Actual Loops": 4,
                          "Inner Unique": false,
                          "Hash Cond": "(t.id = ml.linked_movie_id)",
                          "Plans": [
                            {
                              "Node Type": "Hash Join",
                              "Parent Relationship": "Outer",
                              "Parallel Aware": true,
                              "Join Type": "Inner",
                              "Startup Cost": 461222.11,
                              "Total Cost": 506775.86,
                              "Plan Rows": 1,
                              "Plan Width": 52,
                              "Actual Startup Time": 2423.708,
                              "Actual Total Time": 2448.85,
                              "Actual Rows": 6,
                              "Actual Loops": 4,
                              "Inner Unique": false,
                              "Hash Cond": "(t.id = ci.movie_id)",
                              "Plans": [
                                {
                                  "Node Type": "Seq Scan",
                                  "Parent Relationship": "Outer",
                                  "Parallel Aware": true,
                                  "Relation Name": "title",
                                  "Alias": "t",
                                  "Startup Cost": 0.0,
                                  "Total Cost": 45477.29,
                                  "Plan Rows": 20386,
                                  "Plan Width": 21,
                                  "Actual Startup Time": 0.02,
                                  "Actual Total Time": 76.93,
                                  "Actual Rows": 19016,
                                  "Actual Loops": 4,
                                  "Filter": "((production_year >= 1980) AND (production_year <= 1984))",
                                  "Rows Removed by Filter": 613062
                                },
                                {
                                  "Node Type": "Hash",
                                  "Parent Relationship": "Inner",
                                  "Parallel Aware": true,
                                  "Startup Cost": 461222.1,
                                  "Total Cost": 461222.1,
                                  "Plan Rows": 1,
                                  "Plan Width": 31,
                                  "Actual Startup Time": 2369.235,
                                  "Actual Total Time": 2369.246,
                                  "Actual Rows": 69,
                                  "Actual Loops": 4,
                                  "Hash Buckets": 1024,
                                  "Original Hash Buckets": 1024,
                                  "Hash Batches": 1,
                                  "Original Hash Batches": 1,
                                  "Peak Memory Usage": 136,
                                  "Plans": [
                                    {
                                      "Node Type": "Hash Join",
                                      "Parent Relationship": "Outer",
                                      "Parallel Aware": true,
                                      "Join Type": "Inner",
                                      "Startup Cost": 131800.59,
                                      "Total Cost": 461222.1,
                                      "Plan Rows": 1,
                                      "Plan Width": 31,
                                      "Actual Startup Time": 621.742,
                                      "Actual Total Time": 2368.979,
                                      "Actual Rows": 69,
                                      "Actual Loops": 4,
                                      "Inner Unique": false,
                                      "Hash Cond": "(n.id = pi.person_id)",
                                      "Plans": [
                                        {
                                          "Node Type": "Hash Join",
                                          "Parent Relationship": "Outer",
                                          "Parallel Aware": true,
                                          "Join Type": "Inner",
                                          "Startup Cost": 71491.24,
                                          "Total Cost": 400476.83,
                                          "Plan Rows": 116242,
                                          "Plan Width": 27,
                                          "Actual Startup Time": 235.184,
                                          "Actual Total Time": 2189.105,
                                          "Actual Rows": 228081,
                                          "Actual Loops": 4,
                                          "Inner Unique": true,
                                          "Hash Cond": "(ci.person_id = n.id)",
                                          "Plans": [
                                            {
                                              "Node Type": "Seq Scan",
                                              "Parent Relationship": "Outer",
                                              "Parallel Aware": true,
                                              "Relation Name": "cast_info",
                                              "Alias": "ci",
                                              "Startup Cost": 0.0,
                                              "Total Cost": 313121.52,
                                              "Plan Rows": 6043452,
                                              "Plan Width": 8,
                                              "Actual Startup Time": 0.022,
                                              "Actual Total Time": 988.732,
                                              "Actual Rows": 9061086,
                                              "Actual Loops": 4
                                            },
                                            {
                                              "Node Type": "Hash",
                                              "Parent Relationship": "Inner",
                                              "Parallel Aware": true,
                                              "Startup Cost": 71240.75,
                                              "Total Cost": 71240.75,
                                              "Plan Rows": 20039,
                                              "Plan Width": 19,
                                              "Actual Startup Time": 234.564,
                                              "Actual Total Time": 234.566,
                                              "Actual Rows": 22994,
                                              "Actual Loops": 4,
                                              "Hash Buckets": 131072,
                                              "Original Hash Buckets": 131072,
                                              "Hash Batches": 1,
                                              "Original Hash Batches": 1,
                                              "Peak Memory Usage": 6048,
                                              "Plans": [
                                                {
                                                  "Node Type": "Seq Scan",
                                                  "Parent Relationship": "Outer",
                                                  "Parallel Aware": true,
                                                  "Relation Name": "name",
                                                  "Alias": "n",
                                                  "Startup Cost": 0.0,
                                                  "Total Cost": 71240.75,
                                                  "Plan Rows": 20039,
                                                  "Plan Width": 19,
                                                  "Actual Startup Time": 0.11,
                                                  "Actual Total Time": 221.161,
                                                  "Actual Rows": 22994,
                                                  "Actual Loops": 4,
                                                  "Filter": "(((name_pcode_cf)::text ~~ 'D%'::text) AND ((gender)::text = 'm'::text))",
                                                  "Rows Removed by Filter": 1018879
                                                }
                                              ]
                                            }
                                          ]
                                        },
                                        {
                                          "Node Type": "Hash",
                                          "Parent Relationship": "Inner",
                                          "Parallel Aware": true,
                                          "Startup Cost": 60309.33,
                                          "Total Cost": 60309.33,
                                          "Plan Rows": 1,
                                          "Plan Width": 4,
                                          "Actual Startup Time": 162.806,
                                          "Actual Total Time": 162.809,
                                          "Actual Rows": 16,
                                          "Actual Loops": 4,
                                          "Hash Buckets": 1024,
                                          "Original Hash Buckets": 1024,
                                          "Hash Batches": 1,
                                          "Original Hash Batches": 1,
                                          "Peak Memory Usage": 136,
                                          "Plans": [
                                            {
                                              "Node Type": "Hash Join",
                                              "Parent Relationship": "Outer",
                                              "Parallel Aware": false,
                                              "Join Type": "Inner",
                                              "Startup Cost": 2.43,
                                              "Total Cost": 60309.33,
                                              "Plan Rows": 1,
                                              "Plan Width": 4,
                                              "Actual Startup Time": 12.777,
                                              "Actual Total Time": 162.717,
                                              "Actual Rows": 16,
                                              "Actual Loops": 4,
                                              "Inner Unique": true,
                                              "Hash Cond": "(pi.info_type_id = it.id)",
                                              "Plans": [
                                                {
                                                  "Node Type": "Seq Scan",
                                                  "Parent Relationship": "Outer",
                                                  "Parallel Aware": true,
                                                  "Relation Name": "person_info",
                                                  "Alias": "pi",
                                                  "Startup Cost": 0.0,
                                                  "Total Cost": 60306.89,
                                                  "Plan Rows": 8,
                                                  "Plan Width": 8,
                                                  "Actual Startup Time": 12.681,
                                                  "Actual Total Time": 162.582,
                                                  "Actual Rows": 16,
                                                  "Actual Loops": 4,
                                                  "Filter": "(note = 'Volker Boehm'::text)",
                                                  "Rows Removed by Filter": 740900
                                                },
                                                {
                                                  "Node Type": "Hash",
                                                  "Parent Relationship": "Inner",
                                                  "Parallel Aware": false,
                                                  "Startup Cost": 2.41,
                                                  "Total Cost": 2.41,
                                                  "Plan Rows": 1,
                                                  "Plan Width": 4,
                                                  "Actual Startup Time": 0.058,
                                                  "Actual Total Time": 0.058,
                                                  "Actual Rows": 1,
                                                  "Actual Loops": 4,
                                                  "Hash Buckets": 1024,
                                                  "Original Hash Buckets": 1024,
                                                  "Hash Batches": 1,
                                                  "Original Hash Batches": 1,
                                                  "Peak Memory Usage": 9,
                                                  "Plans": [
                                                    {
                                                      "Node Type": "Seq Scan",
                                                      "Parent Relationship": "Outer",
                                                      "Parallel Aware": false,
                                                      "Relation Name": "info_type",
                                                      "Alias": "it",
                                                      "Startup Cost": 0.0,
                                                      "Total Cost": 2.41,
                                                      "Plan Rows": 1,
                                                      "Plan Width": 4,
                                                      "Actual Startup Time": 0.036,
                                                      "Actual Total Time": 0.045,
                                                      "Actual Rows": 1,
                                                      "Actual Loops": 4,
                                                      "Filter": "((info)::text = 'mini biography'::text)",
                                                      "Rows Removed by Filter": 112
                                                    }
                                                  ]
                                                }
                                              ]
                                            }
                                          ]
                                        }
                                      ]
                                    }
                                  ]
                                }
                              ]
                            },
                            {
                              "Node Type": "Hash",
                              "Parent Relationship": "Inner",
                              "Parallel Aware": false,
                              "Startup Cost": 561.48,
                              "Total Cost": 561.48,
                              "Plan Rows": 1666,
                              "Plan Width": 4,
                              "Actual Startup Time": 14.527,
                              "Actual Total Time": 14.53,
                              "Actual Rows": 5186,
                              "Actual Loops": 4,
                              "Hash Buckets": 8192,
                              "Original Hash Buckets": 2048,
                              "Hash Batches": 1,
                              "Original Hash Batches": 1,
                              "Peak Memory Usage": 247,
                              "Plans": [
                                {
                                  "Node Type": "Hash Join",
                                  "Parent Relationship": "Outer",
                                  "Parallel Aware": false,
                                  "Join Type": "Inner",
                                  "Startup Cost": 1.24,
                                  "Total Cost": 561.48,
                                  "Plan Rows": 1666,
                                  "Plan Width": 4,
                                  "Actual Startup Time": 0.211,
                                  "Actual Total Time": 12.845,
                                  "Actual Rows": 5186,
                                  "Actual Loops": 4,
                                  "Inner Unique": true,
                                  "Hash Cond": "(ml.link_type_id = lt.id)",
                                  "Plans": [
                                    {
                                      "Node Type": "Seq Scan",
                                      "Parent Relationship": "Outer",
                                      "Parallel Aware": false,
                                      "Relation Name": "movie_link",
                                      "Alias": "ml",
                                      "Startup Cost": 0.0,
                                      "Total Cost": 462.97,
                                      "Plan Rows": 29997,
                                      "Plan Width": 8,
                                      "Actual Startup Time": 0.062,
                                      "Actual Total Time": 6.868,
                                      "Actual Rows": 29997,
                                      "Actual Loops": 4
                                    },
                                    {
                                      "Node Type": "Hash",
                                      "Parent Relationship": "Inner",
                                      "Parallel Aware": false,
                                      "Startup Cost": 1.23,
                                      "Total Cost": 1.23,
                                      "Plan Rows": 1,
                                      "Plan Width": 4,
                                      "Actual Startup Time": 0.062,
                                      "Actual Total Time": 0.063,
                                      "Actual Rows": 1,
                                      "Actual Loops": 4,
                                      "Hash Buckets": 1024,
                                      "Original Hash Buckets": 1024,
                                      "Hash Batches": 1,
                                      "Original Hash Batches": 1,
                                      "Peak Memory Usage": 9,
                                      "Plans": [
                                        {
                                          "Node Type": "Seq Scan",
                                          "Parent Relationship": "Outer",
                                          "Parallel Aware": false,
                                          "Relation Name": "link_type",
                                          "Alias": "lt",
                                          "Startup Cost": 0.0,
                                          "Total Cost": 1.23,
                                          "Plan Rows": 1,
                                          "Plan Width": 4,
                                          "Actual Startup Time": 0.045,
                                          "Actual Total Time": 0.049,
                                          "Actual Rows": 1,
                                          "Actual Loops": 4,
                                          "Filter": "((link)::text = 'features'::text)",
                                          "Rows Removed by Filter": 17
                                        }
                                      ]
                                    }
                                  ]
                                }
                              ]
                            }
                          ]
                        }
                      ]
                    }
                  ]
                }
              ]
            }
          ]
        }
      ]
    },
    "Planning Time": 603.763,
    "Triggers": [],
    "Execution Time": 2597.257
  }
]