{
    "Plan": {
        "Node Type": "Aggregate",
        "Strategy": "Plain",
        "Partial Mode": "Finalize",
        "Parallel Aware": false,
        "Startup Cost": 79521.55,
        "Total Cost": 79521.56,
        "Plan Rows": 1,
        "Plan Width": 8,
        "Actual Startup Time": 244.55,
        "Actual Total Time": 260.41,
        "Actual Rows": 1,
        "Actual Loops": 1,
        "Output": [
            "count(*)"
        ],
        "Plans": [
            {
                "Node Type": "Gather",
                "Parent Relationship": "Outer",
                "Parallel Aware": false,
                "Startup Cost": 79521.23,
                "Total Cost": 79521.54,
                "Plan Rows": 3,
                "Plan Width": 8,
                "Actual Startup Time": 242.497,
                "Actual Total Time": 260.4,
                "Actual Rows": 4,
                "Actual Loops": 1,
                "Output": [
                    "(PARTIAL count(*))"
                ],
                "Workers Planned": 3,
                "Workers Launched": 3,
                "Single Copy": false,
                "Plans": [
                    {
                        "Node Type": "Aggregate",
                        "Strategy": "Plain",
                        "Partial Mode": "Partial",
                        "Parent Relationship": "Outer",
                        "Parallel Aware": false,
                        "Startup Cost": 78521.23,
                        "Total Cost": 78521.24,
                        "Plan Rows": 1,
                        "Plan Width": 8,
                        "Actual Startup Time": 233.249,
                        "Actual Total Time": 233.253,
                        "Actual Rows": 1,
                        "Actual Loops": 4,
                        "Output": [
                            "PARTIAL count(*)"
                        ],
                        "Workers": [
                            {
                                "Worker Number": 0,
                                "Actual Startup Time": 230.028,
                                "Actual Total Time": 230.032,
                                "Actual Rows": 1,
                                "Actual Loops": 1
                            },
                            {
                                "Worker Number": 1,
                                "Actual Startup Time": 230.4,
                                "Actual Total Time": 230.403,
                                "Actual Rows": 1,
                                "Actual Loops": 1
                            },
                            {
                                "Worker Number": 2,
                                "Actual Startup Time": 230.847,
                                "Actual Total Time": 230.85,
                                "Actual Rows": 1,
                                "Actual Loops": 1
                            }
                        ],
                        "Plans": [
                            {
                                "Node Type": "Hash Join",
                                "Parent Relationship": "Outer",
                                "Parallel Aware": true,
                                "Join Type": "Inner",
                                "Startup Cost": 46597.6,
                                "Total Cost": 78460.78,
                                "Plan Rows": 24178,
                                "Plan Width": 0,
                                "Actual Startup Time": 158.096,
                                "Actual Total Time": 231.715,
                                "Actual Rows": 33077,
                                "Actual Loops": 4,
                                "Inner Unique": true,
                                "Hash Cond": "(mc.movie_id = t.id)",
                                "Workers": [
                                    {
                                        "Worker Number": 0,
                                        "Actual Startup Time": 154.957,
                                        "Actual Total Time": 228.556,
                                        "Actual Rows": 35053,
                                        "Actual Loops": 1
                                    },
                                    {
                                        "Worker Number": 1,
                                        "Actual Startup Time": 154.968,
                                        "Actual Total Time": 228.739,
                                        "Actual Rows": 23997,
                                        "Actual Loops": 1
                                    },
                                    {
                                        "Worker Number": 2,
                                        "Actual Startup Time": 155.776,
                                        "Actual Total Time": 229.436,
                                        "Actual Rows": 34220,
                                        "Actual Loops": 1
                                    }
                                ],
                                "Plans": [
                                    {
                                        "Node Type": "Seq Scan",
                                        "Parent Relationship": "Outer",
                                        "Parallel Aware": true,
                                        "Relation Name": "movie_companies",
                                        "Schema": "public",
                                        "Alias": "mc",
                                        "Startup Cost": 0.0,
                                        "Total Cost": 31414.82,
                                        "Plan Rows": 170808,
                                        "Plan Width": 4,
                                        "Actual Startup Time": 10.248,
                                        "Actual Total Time": 63.333,
                                        "Actual Rows": 59604,
                                        "Actual Loops": 4,
                                        "Output": [
                                            "mc.id",
                                            "mc.movie_id",
                                            "mc.company_id",
                                            "mc.company_type_id",
                                            "mc.note"
                                        ],
                                        "Filter": "((mc.company_id > 14326) AND (mc.company_type_id = 1))",
                                        "Rows Removed by Filter": 592678,
                                        "Workers": [
                                            {
                                                "Worker Number": 0,
                                                "Actual Startup Time": 10.24,
                                                "Actual Total Time": 63.61,
                                                "Actual Rows": 62123,
                                                "Actual Loops": 1
                                            },
                                            {
                                                "Worker Number": 1,
                                                "Actual Startup Time": 10.276,
                                                "Actual Total Time": 64.969,
                                                "Actual Rows": 42986,
                                                "Actual Loops": 1
                                            },
                                            {
                                                "Worker Number": 2,
                                                "Actual Startup Time": 10.239,
                                                "Actual Total Time": 63.044,
                                                "Actual Rows": 62195,
                                                "Actual Loops": 1
                                            }
                                        ]
                                    },
                                    {
                                        "Node Type": "Hash",
                                        "Parent Relationship": "Inner",
                                        "Parallel Aware": true,
                                        "Startup Cost": 45479.21,
                                        "Total Cost": 45479.21,
                                        "Plan Rows": 89471,
                                        "Plan Width": 4,
                                        "Actual Startup Time": 144.104,
                                        "Actual Total Time": 144.105,
                                        "Actual Rows": 106143,
                                        "Actual Loops": 4,
                                        "Output": [
                                            "t.id"
                                        ],
                                        "Hash Buckets": 524288,
                                        "Original Hash Buckets": 524288,
                                        "Hash Batches": 1,
                                        "Original Hash Batches": 1,
                                        "Peak Memory Usage": 20800,
                                        "Workers": [
                                            {
                                                "Worker Number": 0,
                                                "Actual Startup Time": 143.945,
                                                "Actual Total Time": 143.946,
                                                "Actual Rows": 112611,
                                                "Actual Loops": 1
                                            },
                                            {
                                                "Worker Number": 1,
                                                "Actual Startup Time": 143.958,
                                                "Actual Total Time": 143.959,
                                                "Actual Rows": 78571,
                                                "Actual Loops": 1
                                            },
                                            {
                                                "Worker Number": 2,
                                                "Actual Startup Time": 144.896,
                                                "Actual Total Time": 144.897,
                                                "Actual Rows": 106532,
                                                "Actual Loops": 1
                                            }
                                        ],
                                        "Plans": [
                                            {
                                                "Node Type": "Seq Scan",
                                                "Parent Relationship": "Outer",
                                                "Parallel Aware": true,
                                                "Relation Name": "title",
                                                "Schema": "public",
                                                "Alias": "t",
                                                "Startup Cost": 0.0,
                                                "Total Cost": 45479.21,
                                                "Plan Rows": 89471,
                                                "Plan Width": 4,
                                                "Actual Startup Time": 64.434,
                                                "Actual Total Time": 109.373,
                                                "Actual Rows": 106143,
                                                "Actual Loops": 4,
                                                "Output": [
                                                    "t.id"
                                                ],
                                                "Filter": "((t.production_year < 2005) AND (t.kind_id = 1))",
                                                "Rows Removed by Filter": 525935,
                                                "Workers": [
                                                    {
                                                        "Worker Number": 0,
                                                        "Actual Startup Time": 64.284,
                                                        "Actual Total Time": 110.463,
                                                        "Actual Rows": 112611,
                                                        "Actual Loops": 1
                                                    },
                                                    {
                                                        "Worker Number": 1,
                                                        "Actual Startup Time": 64.274,
                                                        "Actual Total Time": 111.165,
                                                        "Actual Rows": 78571,
                                                        "Actual Loops": 1
                                                    },
                                                    {
                                                        "Worker Number": 2,
                                                        "Actual Startup Time": 64.718,
                                                        "Actual Total Time": 108.012,
                                                        "Actual Rows": 106532,
                                                        "Actual Loops": 1
                                                    }
                                                ]
                                            }
                                        ]
                                    }
                                ]
                            }
                        ]
                    }
                ]
            }
        ]
    },
    "Planning Time": 0.762,
    "Triggers": [],
    "Execution Time": 260.486
}