[
  {
    "Plan": {
      "Node Type": "Aggregate",
      "Strategy": "Plain",
      "Partial Mode": "Finalize",
      "Parallel Aware": false,
      "Startup Cost": 46595.5,
      "Total Cost": 46595.51,
      "Plan Rows": 1,
      "Plan Width": 8,
      "Actual Startup Time": 178.968,
      "Actual Total Time": 186.106,
      "Actual Rows": 1,
      "Actual Loops": 1,
      "Plans": [
        {
          "Node Type": "Gather",
          "Parent Relationship": "Outer",
          "Parallel Aware": false,
          "Startup Cost": 46595.18,
          "Total Cost": 46595.49,
          "Plan Rows": 3,
          "Plan Width": 8,
          "Actual Startup Time": 178.853,
          "Actual Total Time": 186.097,
          "Actual Rows": 4,
          "Actual Loops": 1,
          "Workers Planned": 3,
          "Workers Launched": 3,
          "Single Copy": false,
          "Plans": [
            {
              "Node Type": "Aggregate",
              "Strategy": "Plain",
              "Partial Mode": "Partial",
              "Parent Relationship": "Outer",
              "Parallel Aware": false,
              "Startup Cost": 45595.18,
              "Total Cost": 45595.19,
              "Plan Rows": 1,
              "Plan Width": 8,
              "Actual Startup Time": 173.475,
              "Actual Total Time": 173.476,
              "Actual Rows": 1,
              "Actual Loops": 4,
              "Plans": [
                {
                  "Node Type": "Seq Scan",
                  "Parent Relationship": "Outer",
                  "Parallel Aware": true,
                  "Relation Name": "movie_keyword",
                  "Alias": "mk",
                  "Startup Cost": 0.0,
                  "Total Cost": 42695.65,
                  "Plan Rows": 1159810,
                  "Plan Width": 0,
                  "Actual Startup Time": 0.036,
                  "Actual Total Time": 128.104,
                  "Actual Rows": 903097,
                  "Actual Loops": 4,
                  "Filter": "(keyword_id < 20342)",
                  "Rows Removed by Filter": 227886
                }
              ]
            }
          ]
        }
      ]
    },
    "Planning Time": 0.187,
    "Triggers": [],
    "Execution Time": 186.159
  }
]