[
  {
    "Plan": {
      "Node Type": "Aggregate",
      "Strategy": "Plain",
      "Partial Mode": "Finalize",
      "Parallel Aware": false,
      "Startup Cost": 46596.73,
      "Total Cost": 46596.74,
      "Plan Rows": 1,
      "Plan Width": 8,
      "Actual Startup Time": 173.46,
      "Actual Total Time": 183.281,
      "Actual Rows": 1,
      "Actual Loops": 1,
      "Plans": [
        {
          "Node Type": "Gather",
          "Parent Relationship": "Outer",
          "Parallel Aware": false,
          "Startup Cost": 46596.41,
          "Total Cost": 46596.72,
          "Plan Rows": 3,
          "Plan Width": 8,
          "Actual Startup Time": 173.328,
          "Actual Total Time": 183.272,
          "Actual Rows": 4,
          "Actual Loops": 1,
          "Workers Planned": 3,
          "Workers Launched": 3,
          "Single Copy": false,
          "Plans": [
            {
              "Node Type": "Aggregate",
              "Strategy": "Plain",
              "Partial Mode": "Partial",
              "Parent Relationship": "Outer",
              "Parallel Aware": false,
              "Startup Cost": 45596.41,
              "Total Cost": 45596.42,
              "Plan Rows": 1,
              "Plan Width": 8,
              "Actual Startup Time": 165.658,
              "Actual Total Time": 165.659,
              "Actual Rows": 1,
              "Actual Loops": 4,
              "Plans": [
                {
                  "Node Type": "Seq Scan",
                  "Parent Relationship": "Outer",
                  "Parallel Aware": true,
                  "Relation Name": "movie_keyword",
                  "Alias": "mk",
                  "Startup Cost": 0.0,
                  "Total Cost": 42695.65,
                  "Plan Rows": 1160302,
                  "Plan Width": 0,
                  "Actual Startup Time": 0.061,
                  "Actual Total Time": 124.12,
                  "Actual Rows": 903097,
                  "Actual Loops": 4,
                  "Filter": "(keyword_id < 20342)",
                  "Rows Removed by Filter": 227886
                }
              ]
            }
          ]
        }
      ]
    },
    "Planning Time": 0.189,
    "Triggers": [],
    "Execution Time": 183.338
  }
]