[
  {
    "Plan": {
      "Node Type": "Aggregate",
      "Strategy": "Plain",
      "Partial Mode": "Finalize",
      "Parallel Aware": false,
      "Startup Cost": 371355.0,
      "Total Cost": 371355.01,
      "Plan Rows": 1,
      "Plan Width": 8,
      "Actual Startup Time": 509.67,
      "Actual Total Time": 578.701,
      "Actual Rows": 1,
      "Actual Loops": 1,
      "Plans": [
        {
          "Node Type": "Gather",
          "Parent Relationship": "Outer",
          "Parallel Aware": false,
          "Startup Cost": 371354.58,
          "Total Cost": 371354.99,
          "Plan Rows": 4,
          "Plan Width": 8,
          "Actual Startup Time": 509.429,
          "Actual Total Time": 578.686,
          "Actual Rows": 5,
          "Actual Loops": 1,
          "Workers Planned": 4,
          "Workers Launched": 4,
          "Single Copy": false,
          "Plans": [
            {
              "Node Type": "Aggregate",
              "Strategy": "Plain",
              "Partial Mode": "Partial",
              "Parent Relationship": "Outer",
              "Parallel Aware": false,
              "Startup Cost": 370354.58,
              "Total Cost": 370354.59,
              "Plan Rows": 1,
              "Plan Width": 8,
              "Actual Startup Time": 502.206,
              "Actual Total Time": 502.209,
              "Actual Rows": 1,
              "Actual Loops": 5,
              "Plans": [
                {
                  "Node Type": "Nested Loop",
                  "Parent Relationship": "Outer",
                  "Parallel Aware": false,
                  "Join Type": "Inner",
                  "Startup Cost": 0.56,
                  "Total Cost": 370158.52,
                  "Plan Rows": 78424,
                  "Plan Width": 0,
                  "Actual Startup Time": 0.354,
                  "Actual Total Time": 498.429,
                  "Actual Rows": 49769,
                  "Actual Loops": 5,
                  "Inner Unique": false,
                  "Plans": [
                    {
                      "Node Type": "Seq Scan",
                      "Parent Relationship": "Outer",
                      "Parallel Aware": true,
                      "Relation Name": "title",
                      "Alias": "t",
                      "Startup Cost": 0.0,
                      "Total Cost": 45479.59,
                      "Plan Rows": 15612,
                      "Plan Width": 4,
                      "Actual Startup Time": 0.177,
                      "Actual Total Time": 74.805,
                      "Actual Rows": 10781,
                      "Actual Loops": 5,
                      "Filter": "((kind_id < 7) AND (production_year = 2012))",
                      "Rows Removed by Filter": 494881
                    },
                    {
                      "Node Type": "Index Scan",
                      "Parent Relationship": "Inner",
                      "Parallel Aware": false,
                      "Scan Direction": "Forward",
                      "Index Name": "movie_id_cast_info",
                      "Relation Name": "cast_info",
                      "Alias": "ci",
                      "Startup Cost": 0.56,
                      "Total Cost": 20.68,
                      "Plan Rows": 12,
                      "Plan Width": 4,
                      "Actual Startup Time": 0.011,
                      "Actual Total Time": 0.038,
                      "Actual Rows": 5,
                      "Actual Loops": 53905,
                      "Index Cond": "(movie_id = t.id)",
                      "Rows Removed by Index Recheck": 0,
                      "Filter": "(role_id < 2)",
                      "Rows Removed by Filter": 10
                    }
                  ]
                }
              ]
            }
          ]
        }
      ]
    },
    "Planning Time": 0.634,
    "Triggers": [],
    "Execution Time": 578.794
  }
]