[
    {
        "Bao": {
            "Bao prediction": "NaN",
            "Bao recommended hint": "(no hint)"
        }
    },
    {
        "Plan": {
            "Node Type": "Aggregate",
            "Strategy": "Plain",
            "Partial Mode": "Finalize",
            "Parallel Aware": false,
            "Startup Cost": 38124.5,
            "Total Cost": 38124.51,
            "Plan Rows": 1,
            "Plan Width": 8,
            "Actual Startup Time": 176.246,
            "Actual Total Time": 186.433,
            "Actual Rows": 1,
            "Actual Loops": 1,
            "Output": [
                "count(*)"
            ],
            "Plans": [
                {
                    "Node Type": "Gather",
                    "Parent Relationship": "Outer",
                    "Parallel Aware": false,
                    "Startup Cost": 38124.18,
                    "Total Cost": 38124.49,
                    "Plan Rows": 3,
                    "Plan Width": 8,
                    "Actual Startup Time": 175.912,
                    "Actual Total Time": 186.421,
                    "Actual Rows": 4,
                    "Actual Loops": 1,
                    "Output": [
                        "(PARTIAL count(*))"
                    ],
                    "Workers Planned": 3,
                    "Workers Launched": 3,
                    "Single Copy": false,
                    "Plans": [
                        {
                            "Node Type": "Aggregate",
                            "Strategy": "Plain",
                            "Partial Mode": "Partial",
                            "Parent Relationship": "Outer",
                            "Parallel Aware": false,
                            "Startup Cost": 37124.18,
                            "Total Cost": 37124.19,
                            "Plan Rows": 1,
                            "Plan Width": 8,
                            "Actual Startup Time": 166.414,
                            "Actual Total Time": 166.416,
                            "Actual Rows": 1,
                            "Actual Loops": 4,
                            "Output": [
                                "PARTIAL count(*)"
                            ],
                            "Workers": [
                                {
                                    "Worker Number": 0,
                                    "Actual Startup Time": 164.192,
                                    "Actual Total Time": 164.194,
                                    "Actual Rows": 1,
                                    "Actual Loops": 1
                                },
                                {
                                    "Worker Number": 1,
                                    "Actual Startup Time": 163.641,
                                    "Actual Total Time": 163.643,
                                    "Actual Rows": 1,
                                    "Actual Loops": 1
                                },
                                {
                                    "Worker Number": 2,
                                    "Actual Startup Time": 163.792,
                                    "Actual Total Time": 163.793,
                                    "Actual Rows": 1,
                                    "Actual Loops": 1
                                }
                            ],
                            "Plans": [
                                {
                                    "Node Type": "Bitmap Heap Scan",
                                    "Parent Relationship": "Outer",
                                    "Parallel Aware": true,
                                    "Relation Name": "movie_keyword",
                                    "Schema": "public",
                                    "Alias": "mk",
                                    "Startup Cost": 10317.17,
                                    "Total Cost": 36732.01,
                                    "Plan Rows": 156867,
                                    "Plan Width": 0,
                                    "Actual Startup Time": 57.154,
                                    "Actual Total Time": 157.198,
                                    "Actual Rows": 119268,
                                    "Actual Loops": 4,
                                    "Recheck Cond": "(mk.keyword_id > 37454)",
                                    "Rows Removed by Index Recheck": 0,
                                    "Exact Heap Blocks": 8499,
                                    "Lossy Heap Blocks": 0,
                                    "Workers": [
                                        {
                                            "Worker Number": 0,
                                            "Actual Startup Time": 54.947,
                                            "Actual Total Time": 155.556,
                                            "Actual Rows": 102427,
                                            "Actual Loops": 1
                                        },
                                        {
                                            "Worker Number": 1,
                                            "Actual Startup Time": 54.44,
                                            "Actual Total Time": 155.546,
                                            "Actual Rows": 94838,
                                            "Actual Loops": 1
                                        },
                                        {
                                            "Worker Number": 2,
                                            "Actual Startup Time": 54.905,
                                            "Actual Total Time": 155.153,
                                            "Actual Rows": 103974,
                                            "Actual Loops": 1
                                        }
                                    ],
                                    "Plans": [
                                        {
                                            "Node Type": "Bitmap Index Scan",
                                            "Parent Relationship": "Outer",
                                            "Parallel Aware": false,
                                            "Index Name": "keyword_id_movie_keyword",
                                            "Startup Cost": 0.0,
                                            "Total Cost": 10195.6,
                                            "Plan Rows": 486289,
                                            "Plan Width": 0,
                                            "Actual Startup Time": 58.875,
                                            "Actual Total Time": 58.877,
                                            "Actual Rows": 477074,
                                            "Actual Loops": 1,
                                            "Index Cond": "(mk.keyword_id > 37454)"
                                        }
                                    ]
                                }
                            ]
                        }
                    ]
                }
            ]
        },
        "Planning Time": 336.696,
        "Triggers": [],
        "Execution Time": 186.55
    }
]