[
  {
    "Plan": {
      "Node Type": "Aggregate",
      "Strategy": "Plain",
      "Partial Mode": "Finalize",
      "Parallel Aware": false,
      "Startup Cost": 79994.97,
      "Total Cost": 79994.98,
      "Plan Rows": 1,
      "Plan Width": 8,
      "Actual Startup Time": 142.106,
      "Actual Total Time": 158.997,
      "Actual Rows": 1,
      "Actual Loops": 1,
      "Plans": [
        {
          "Node Type": "Gather",
          "Parent Relationship": "Outer",
          "Parallel Aware": false,
          "Startup Cost": 79994.65,
          "Total Cost": 79994.96,
          "Plan Rows": 3,
          "Plan Width": 8,
          "Actual Startup Time": 141.671,
          "Actual Total Time": 158.992,
          "Actual Rows": 4,
          "Actual Loops": 1,
          "Workers Planned": 3,
          "Workers Launched": 3,
          "Single Copy": false,
          "Plans": [
            {
              "Node Type": "Aggregate",
              "Strategy": "Plain",
              "Partial Mode": "Partial",
              "Parent Relationship": "Outer",
              "Parallel Aware": false,
              "Startup Cost": 78994.65,
              "Total Cost": 78994.66,
              "Plan Rows": 1,
              "Plan Width": 8,
              "Actual Startup Time": 138.307,
              "Actual Total Time": 138.311,
              "Actual Rows": 1,
              "Actual Loops": 4,
              "Plans": [
                {
                  "Node Type": "Nested Loop",
                  "Parent Relationship": "Outer",
                  "Parallel Aware": false,
                  "Join Type": "Inner",
                  "Startup Cost": 50806.91,
                  "Total Cost": 78980.98,
                  "Plan Rows": 5468,
                  "Plan Width": 0,
                  "Actual Startup Time": 130.146,
                  "Actual Total Time": 138.238,
                  "Actual Rows": 940,
                  "Actual Loops": 4,
                  "Inner Unique": false,
                  "Join Filter": "(t.id = mi.movie_id)",
                  "Rows Removed by Join Filter": 0,
                  "Plans": [
                    {
                      "Node Type": "Hash Join",
                      "Parent Relationship": "Outer",
                      "Parallel Aware": true,
                      "Join Type": "Inner",
                      "Startup Cost": 50806.47,
                      "Total Cost": 70853.79,
                      "Plan Rows": 931,
                      "Plan Width": 8,
                      "Actual Startup Time": 130.056,
                      "Actual Total Time": 134.882,
                      "Actual Rows": 46,
                      "Actual Loops": 4,
                      "Inner Unique": true,
                      "Hash Cond": "(mc.movie_id = t.id)",
                      "Plans": [
                        {
                          "Node Type": "Bitmap Heap Scan",
                          "Parent Relationship": "Outer",
                          "Parallel Aware": true,
                          "Relation Name": "movie_companies",
                          "Alias": "mc",
                          "Startup Cost": 5139.76,
                          "Total Cost": 25083.86,
                          "Plan Rows": 39321,
                          "Plan Width": 4,
                          "Actual Startup Time": 33.476,
                          "Actual Total Time": 42.0,
                          "Actual Rows": 13598,
                          "Actual Loops": 4,
                          "Recheck Cond": "(company_id < 93)",
                          "Rows Removed by Index Recheck": 0,
                          "Filter": "(company_type_id > 1)",
                          "Rows Removed by Filter": 44569,
                          "Exact Heap Blocks": 7914,
                          "Lossy Heap Blocks": 0,
                          "Plans": [
                            {
                              "Node Type": "Bitmap Index Scan",
                              "Parent Relationship": "Outer",
                              "Parallel Aware": false,
                              "Index Name": "company_id_movie_companies",
                              "Startup Cost": 0.0,
                              "Total Cost": 5109.28,
                              "Plan Rows": 238514,
                              "Plan Width": 0,
                              "Actual Startup Time": 11.602,
                              "Actual Total Time": 11.603,
                              "Actual Rows": 232665,
                              "Actual Loops": 1,
                              "Index Cond": "(company_id < 93)"
                            }
                          ]
                        },
                        {
                          "Node Type": "Hash",
                          "Parent Relationship": "Inner",
                          "Parallel Aware": true,
                          "Startup Cost": 45479.59,
                          "Total Cost": 45479.59,
                          "Plan Rows": 14970,
                          "Plan Width": 4,
                          "Actual Startup Time": 89.278,
                          "Actual Total Time": 89.279,
                          "Actual Rows": 15395,
                          "Actual Loops": 4,
                          "Hash Buckets": 65536,
                          "Original Hash Buckets": 65536,
                          "Hash Batches": 1,
                          "Original Hash Batches": 1,
                          "Peak Memory Usage": 3008,
                          "Plans": [
                            {
                              "Node Type": "Seq Scan",
                              "Parent Relationship": "Outer",
                              "Parallel Aware": true,
                              "Relation Name": "title",
                              "Alias": "t",
                              "Startup Cost": 0.0,
                              "Total Cost": 45479.59,
                              "Plan Rows": 14970,
                              "Plan Width": 4,
                              "Actual Startup Time": 37.197,
                              "Actual Total Time": 83.661,
                              "Actual Rows": 15395,
                              "Actual Loops": 4,
                              "Filter": "((production_year > 2011) AND (kind_id = 1))",
                              "Rows Removed by Filter": 616683
                            }
                          ]
                        }
                      ]
                    },
                    {
                      "Node Type": "Index Only Scan",
                      "Parent Relationship": "Inner",
                      "Parallel Aware": false,
                      "Scan Direction": "Forward",
                      "Index Name": "movie_id_movie_info",
                      "Relation Name": "movie_info",
                      "Alias": "mi",
                      "Startup Cost": 0.43,
                      "Total Cost": 8.22,
                      "Plan Rows": 41,
                      "Plan Width": 4,
                      "Actual Startup Time": 0.022,
                      "Actual Total Time": 0.069,
                      "Actual Rows": 20,
                      "Actual Loops": 186,
                      "Index Cond": "(movie_id = mc.movie_id)",
                      "Rows Removed by Index Recheck": 0,
                      "Heap Fetches": 3760
                    }
                  ]
                }
              ]
            }
          ]
        }
      ]
    },
    "Planning Time": 0.453,
    "Triggers": [],
    "Execution Time": 159.046
  }
]