[
  {
    "Plan": {
      "Node Type": "Aggregate",
      "Strategy": "Plain",
      "Partial Mode": "Finalize",
      "Parallel Aware": false,
      "Startup Cost": 96350.83,
      "Total Cost": 96350.84,
      "Plan Rows": 1,
      "Plan Width": 8,
      "Actual Startup Time": 606.969,
      "Actual Total Time": 624.512,
      "Actual Rows": 1,
      "Actual Loops": 1,
      "Plans": [
        {
          "Node Type": "Gather",
          "Parent Relationship": "Outer",
          "Parallel Aware": false,
          "Startup Cost": 96350.61,
          "Total Cost": 96350.82,
          "Plan Rows": 2,
          "Plan Width": 8,
          "Actual Startup Time": 602.741,
          "Actual Total Time": 624.503,
          "Actual Rows": 3,
          "Actual Loops": 1,
          "Workers Planned": 2,
          "Workers Launched": 2,
          "Single Copy": false,
          "Plans": [
            {
              "Node Type": "Aggregate",
              "Strategy": "Plain",
              "Partial Mode": "Partial",
              "Parent Relationship": "Outer",
              "Parallel Aware": false,
              "Startup Cost": 95350.61,
              "Total Cost": 95350.62,
              "Plan Rows": 1,
              "Plan Width": 8,
              "Actual Startup Time": 595.106,
              "Actual Total Time": 595.535,
              "Actual Rows": 1,
              "Actual Loops": 3,
              "Plans": [
                {
                  "Node Type": "Hash Join",
                  "Parent Relationship": "Outer",
                  "Parallel Aware": true,
                  "Join Type": "Inner",
                  "Startup Cost": 79382.66,
                  "Total Cost": 95290.81,
                  "Plan Rows": 23919,
                  "Plan Width": 0,
                  "Actual Startup Time": 511.356,
                  "Actual Total Time": 591.717,
                  "Actual Rows": 94723,
                  "Actual Loops": 3,
                  "Inner Unique": false,
                  "Hash Cond": "(mi_idx.movie_id = t.id)",
                  "Plans": [
                    {
                      "Node Type": "Seq Scan",
                      "Parent Relationship": "Outer",
                      "Parallel Aware": true,
                      "Relation Name": "movie_info_idx",
                      "Alias": "mi_idx",
                      "Startup Cost": 0.0,
                      "Total Cost": 15122.68,
                      "Plan Rows": 193512,
                      "Plan Width": 4,
                      "Actual Startup Time": 0.025,
                      "Actual Total Time": 35.131,
                      "Actual Rows": 153308,
                      "Actual Loops": 3,
                      "Filter": "(info_type_id = 100)",
                      "Rows Removed by Filter": 306703
                    },
                    {
                      "Node Type": "Hash",
                      "Parent Relationship": "Inner",
                      "Parallel Aware": true,
                      "Startup Cost": 78406.06,
                      "Total Cost": 78406.06,
                      "Plan Rows": 78128,
                      "Plan Width": 8,
                      "Actual Startup Time": 506.822,
                      "Actual Total Time": 507.249,
                      "Actual Rows": 205325,
                      "Actual Loops": 3,
                      "Hash Buckets": 1048576,
                      "Original Hash Buckets": 524288,
                      "Hash Batches": 1,
                      "Original Hash Batches": 1,
                      "Peak Memory Usage": 36448,
                      "Plans": [
                        {
                          "Node Type": "Hash Join",
                          "Parent Relationship": "Outer",
                          "Parallel Aware": true,
                          "Join Type": "Inner",
                          "Startup Cost": 32674.94,
                          "Total Cost": 78406.06,
                          "Plan Rows": 78128,
                          "Plan Width": 8,
                          "Actual Startup Time": 155.452,
                          "Actual Total Time": 442.048,
                          "Actual Rows": 205325,
                          "Actual Loops": 3,
                          "Inner Unique": false,
                          "Hash Cond": "(t.id = mc.movie_id)",
                          "Plans": [
                            {
                              "Node Type": "Seq Scan",
                              "Parent Relationship": "Outer",
                              "Parallel Aware": true,
                              "Relation Name": "title",
                              "Alias": "t",
                              "Startup Cost": 0.0,
                              "Total Cost": 42318.73,
                              "Plan Rows": 632073,
                              "Plan Width": 4,
                              "Actual Startup Time": 0.009,
                              "Actual Total Time": 86.308,
                              "Actual Rows": 842771,
                              "Actual Loops": 3
                            },
                            {
                              "Node Type": "Hash",
                              "Parent Relationship": "Inner",
                              "Parallel Aware": true,
                              "Startup Cost": 31414.82,
                              "Total Cost": 31414.82,
                              "Plan Rows": 100810,
                              "Plan Width": 4,
                              "Actual Startup Time": 153.149,
                              "Actual Total Time": 153.15,
                              "Actual Rows": 205325,
                              "Actual Loops": 3,
                              "Hash Buckets": 1048576,
                              "Original Hash Buckets": 524288,
                              "Hash Batches": 1,
                              "Original Hash Batches": 1,
                              "Peak Memory Usage": 36416,
                              "Plans": [
                                {
                                  "Node Type": "Seq Scan",
                                  "Parent Relationship": "Outer",
                                  "Parallel Aware": true,
                                  "Relation Name": "movie_companies",
                                  "Alias": "mc",
                                  "Startup Cost": 0.0,
                                  "Total Cost": 31414.82,
                                  "Plan Rows": 100810,
                                  "Plan Width": 4,
                                  "Actual Startup Time": 52.554,
                                  "Actual Total Time": 96.603,
                                  "Actual Rows": 205325,
                                  "Actual Loops": 3,
                                  "Filter": "((company_id > 60143) AND (company_type_id = 2))",
                                  "Rows Removed by Filter": 664385
                                }
                              ]
                            }
                          ]
                        }
                      ]
                    }
                  ]
                }
              ]
            }
          ]
        }
      ]
    },
    "Planning Time": 1.358,
    "Triggers": [],
    "Execution Time": 624.593
  }
]