[
  {
    "Plan": {
      "Node Type": "Aggregate",
      "Strategy": "Plain",
      "Partial Mode": "Finalize",
      "Parallel Aware": false,
      "Startup Cost": 98093.41,
      "Total Cost": 98093.42,
      "Plan Rows": 1,
      "Plan Width": 8,
      "Actual Startup Time": 487.618,
      "Actual Total Time": 505.848,
      "Actual Rows": 1,
      "Actual Loops": 1,
      "Plans": [
        {
          "Node Type": "Gather",
          "Parent Relationship": "Outer",
          "Parallel Aware": false,
          "Startup Cost": 98093.19,
          "Total Cost": 98093.4,
          "Plan Rows": 2,
          "Plan Width": 8,
          "Actual Startup Time": 483.494,
          "Actual Total Time": 505.839,
          "Actual Rows": 3,
          "Actual Loops": 1,
          "Workers Planned": 2,
          "Workers Launched": 2,
          "Single Copy": false,
          "Plans": [
            {
              "Node Type": "Aggregate",
              "Strategy": "Plain",
              "Partial Mode": "Partial",
              "Parent Relationship": "Outer",
              "Parallel Aware": false,
              "Startup Cost": 97093.19,
              "Total Cost": 97093.2,
              "Plan Rows": 1,
              "Plan Width": 8,
              "Actual Startup Time": 475.74,
              "Actual Total Time": 475.906,
              "Actual Rows": 1,
              "Actual Loops": 3,
              "Plans": [
                {
                  "Node Type": "Hash Join",
                  "Parent Relationship": "Outer",
                  "Parallel Aware": true,
                  "Join Type": "Inner",
                  "Startup Cost": 80890.21,
                  "Total Cost": 96935.34,
                  "Plan Rows": 63140,
                  "Plan Width": 0,
                  "Actual Startup Time": 382.649,
                  "Actual Total Time": 473.189,
                  "Actual Rows": 60451,
                  "Actual Loops": 3,
                  "Inner Unique": false,
                  "Hash Cond": "(mi_idx.movie_id = t.id)",
                  "Plans": [
                    {
                      "Node Type": "Seq Scan",
                      "Parent Relationship": "Outer",
                      "Parallel Aware": true,
                      "Relation Name": "movie_info_idx",
                      "Alias": "mi_idx",
                      "Startup Cost": 0.0,
                      "Total Cost": 13685.15,
                      "Plan Rows": 575015,
                      "Plan Width": 4,
                      "Actual Startup Time": 0.05,
                      "Actual Total Time": 37.685,
                      "Actual Rows": 460012,
                      "Actual Loops": 3
                    },
                    {
                      "Node Type": "Hash",
                      "Parent Relationship": "Inner",
                      "Parallel Aware": true,
                      "Startup Cost": 79770.77,
                      "Total Cost": 79770.77,
                      "Plan Rows": 89555,
                      "Plan Width": 8,
                      "Actual Startup Time": 377.979,
                      "Actual Total Time": 378.144,
                      "Actual Rows": 59181,
                      "Actual Loops": 3,
                      "Hash Buckets": 524288,
                      "Original Hash Buckets": 524288,
                      "Hash Batches": 1,
                      "Original Hash Batches": 1,
                      "Peak Memory Usage": 11072,
                      "Plans": [
                        {
                          "Node Type": "Hash Join",
                          "Parent Relationship": "Outer",
                          "Parallel Aware": true,
                          "Join Type": "Inner",
                          "Startup Cost": 47377.66,
                          "Total Cost": 79770.77,
                          "Plan Rows": 89555,
                          "Plan Width": 8,
                          "Actual Startup Time": 228.925,
                          "Actual Total Time": 359.235,
                          "Actual Rows": 59181,
                          "Actual Loops": 3,
                          "Inner Unique": true,
                          "Hash Cond": "(mc.movie_id = t.id)",
                          "Plans": [
                            {
                              "Node Type": "Seq Scan",
                              "Parent Relationship": "Outer",
                              "Parallel Aware": true,
                              "Relation Name": "movie_companies",
                              "Alias": "mc",
                              "Startup Cost": 0.0,
                              "Total Cost": 31414.82,
                              "Plan Rows": 372684,
                              "Plan Width": 4,
                              "Actual Startup Time": 39.422,
                              "Actual Total Time": 92.828,
                              "Actual Rows": 421924,
                              "Actual Loops": 3,
                              "Filter": "((company_id > 160) AND (company_type_id = 2))",
                              "Rows Removed by Filter": 447786
                            },
                            {
                              "Node Type": "Hash",
                              "Parent Relationship": "Inner",
                              "Parallel Aware": true,
                              "Startup Cost": 45479.1,
                              "Total Cost": 45479.1,
                              "Plan Rows": 151885,
                              "Plan Width": 4,
                              "Actual Startup Time": 184.855,
                              "Actual Total Time": 184.856,
                              "Actual Rows": 160351,
                              "Actual Loops": 3,
                              "Hash Buckets": 1048576,
                              "Original Hash Buckets": 1048576,
                              "Hash Batches": 1,
                              "Original Hash Batches": 1,
                              "Peak Memory Usage": 27040,
                              "Plans": [
                                {
                                  "Node Type": "Seq Scan",
                                  "Parent Relationship": "Outer",
                                  "Parallel Aware": true,
                                  "Relation Name": "title",
                                  "Alias": "t",
                                  "Startup Cost": 0.0,
                                  "Total Cost": 45479.1,
                                  "Plan Rows": 151885,
                                  "Plan Width": 4,
                                  "Actual Startup Time": 0.045,
                                  "Actual Total Time": 123.601,
                                  "Actual Rows": 160351,
                                  "Actual Loops": 3,
                                  "Filter": "((kind_id > 3) AND (production_year < 1998))",
                                  "Rows Removed by Filter": 682419
                                }
                              ]
                            }
                          ]
                        }
                      ]
                    }
                  ]
                }
              ]
            }
          ]
        }
      ]
    },
    "Planning Time": 1.436,
    "Triggers": [],
    "Execution Time": 505.931
  }
]