{
  "Plan": {
    "Node Type": "Aggregate",
    "Strategy": "Plain",
    "Partial Mode": "Finalize",
    "Parallel Aware": false,
    "Startup Cost": 87327.29,
    "Total Cost": 87327.3,
    "Plan Rows": 1,
    "Plan Width": 8,
    "Actual Startup Time": 301.013,
    "Actual Total Time": 317.667,
    "Actual Rows": 1,
    "Actual Loops": 1,
    "Plans": [
      {
        "Node Type": "Gather",
        "Parent Relationship": "Outer",
        "Parallel Aware": false,
        "Startup Cost": 87327.18,
        "Total Cost": 87327.29,
        "Plan Rows": 1,
        "Plan Width": 8,
        "Actual Startup Time": 300.668,
        "Actual Total Time": 317.659,
        "Actual Rows": 2,
        "Actual Loops": 1,
        "Workers Planned": 1,
        "Workers Launched": 1,
        "Single Copy": false,
        "Plans": [
          {
            "Node Type": "Aggregate",
            "Strategy": "Plain",
            "Partial Mode": "Partial",
            "Parent Relationship": "Outer",
            "Parallel Aware": false,
            "Startup Cost": 86327.18,
            "Total Cost": 86327.19,
            "Plan Rows": 1,
            "Plan Width": 8,
            "Actual Startup Time": 294.359,
            "Actual Total Time": 294.364,
            "Actual Rows": 1,
            "Actual Loops": 2,
            "Plans": [
              {
                "Node Type": "Nested Loop",
                "Parent Relationship": "Outer",
                "Parallel Aware": false,
                "Join Type": "Inner",
                "Startup Cost": 20724.44,
                "Total Cost": 86322.72,
                "Plan Rows": 1784,
                "Plan Width": 0,
                "Actual Startup Time": 33.556,
                "Actual Total Time": 294.053,
                "Actual Rows": 2541,
                "Actual Loops": 2,
                "Inner Unique": false,
                "Plans": [
                  {
                    "Node Type": "Hash Join",
                    "Parent Relationship": "Outer",
                    "Parallel Aware": true,
                    "Join Type": "Inner",
                    "Startup Cost": 20724.01,
                    "Total Cost": 81021.0,
                    "Plan Rows": 9921,
                    "Plan Width": 8,
                    "Actual Startup Time": 33.16,
                    "Actual Total Time": 276.272,
                    "Actual Rows": 6976,
                    "Actual Loops": 2,
                    "Inner Unique": false,
                    "Hash Cond": "(t.id = mc.movie_id)",
                    "Plans": [
                      {
                        "Node Type": "Seq Scan",
                        "Parent Relationship": "Outer",
                        "Parallel Aware": true,
                        "Relation Name": "title",
                        "Alias": "t",
                        "Startup Cost": 0.0,
                        "Total Cost": 54588.39,
                        "Plan Rows": 904038,
                        "Plan Width": 4,
                        "Actual Startup Time": 0.012,
                        "Actual Total Time": 157.171,
                        "Actual Rows": 771632,
                        "Actual Loops": 2,
                        "Filter": "(kind_id = 7)",
                        "Rows Removed by Filter": 492524
                      },
                      {
                        "Node Type": "Hash",
                        "Parent Relationship": "Inner",
                        "Parallel Aware": true,
                        "Startup Cost": 20520.01,
                        "Total Cost": 20520.01,
                        "Plan Rows": 16320,
                        "Plan Width": 4,
                        "Actual Startup Time": 32.015,
                        "Actual Total Time": 32.017,
                        "Actual Rows": 13652,
                        "Actual Loops": 2,
                        "Hash Buckets": 32768,
                        "Original Hash Buckets": 32768,
                        "Hash Batches": 1,
                        "Original Hash Batches": 1,
                        "Peak Memory Usage": 1344,
                        "Plans": [
                          {
                            "Node Type": "Bitmap Heap Scan",
                            "Parent Relationship": "Outer",
                            "Parallel Aware": true,
                            "Relation Name": "movie_companies",
                            "Alias": "mc",
                            "Startup Cost": 603.45,
                            "Total Cost": 20520.01,
                            "Plan Rows": 16320,
                            "Plan Width": 4,
                            "Actual Startup Time": 6.129,
                            "Actual Total Time": 27.578,
                            "Actual Rows": 13652,
                            "Actual Loops": 2,
                            "Recheck Cond": "(company_id = 27)",
                            "Rows Removed by Index Recheck": 0,
                            "Exact Heap Blocks": 6139,
                            "Lossy Heap Blocks": 0,
                            "Plans": [
                              {
                                "Node Type": "Bitmap Index Scan",
                                "Parent Relationship": "Outer",
                                "Parallel Aware": false,
                                "Index Name": "company_id_movie_companies",
                                "Startup Cost": 0.0,
                                "Total Cost": 596.51,
                                "Plan Rows": 27744,
                                "Plan Width": 0,
                                "Actual Startup Time": 7.732,
                                "Actual Total Time": 7.732,
                                "Actual Rows": 27303,
                                "Actual Loops": 1,
                                "Index Cond": "(company_id = 27)"
                              }
                            ]
                          }
                        ]
                      }
                    ]
                  },
                  {
                    "Node Type": "Index Scan",
                    "Parent Relationship": "Inner",
                    "Parallel Aware": false,
                    "Scan Direction": "Forward",
                    "Index Name": "movie_id_movie_info_idx",
                    "Relation Name": "movie_info_idx",
                    "Alias": "mi_idx",
                    "Startup Cost": 0.43,
                    "Total Cost": 0.52,
                    "Plan Rows": 1,
                    "Plan Width": 4,
                    "Actual Startup Time": 0.002,
                    "Actual Total Time": 0.002,
                    "Actual Rows": 0,
                    "Actual Loops": 13952,
                    "Index Cond": "(movie_id = t.id)",
                    "Rows Removed by Index Recheck": 0,
                    "Filter": "(info_type_id = 99)",
                    "Rows Removed by Filter": 1
                  }
                ]
              }
            ]
          }
        ]
      }
    ]
  },
  "Planning Time": 1.075,
  "Triggers": [],
  "Execution Time": 317.78
}