[
  {
    "Plan": {
      "Node Type": "Aggregate",
      "Strategy": "Plain",
      "Partial Mode": "Finalize",
      "Parallel Aware": false,
      "Startup Cost": 394704.75,
      "Total Cost": 394704.76,
      "Plan Rows": 1,
      "Plan Width": 8,
      "Actual Startup Time": 771.708,
      "Actual Total Time": 803.8,
      "Actual Rows": 1,
      "Actual Loops": 1,
      "Plans": [
        {
          "Node Type": "Gather",
          "Parent Relationship": "Outer",
          "Parallel Aware": false,
          "Startup Cost": 394704.12,
          "Total Cost": 394704.73,
          "Plan Rows": 6,
          "Plan Width": 8,
          "Actual Startup Time": 770.342,
          "Actual Total Time": 803.792,
          "Actual Rows": 7,
          "Actual Loops": 1,
          "Workers Planned": 6,
          "Workers Launched": 6,
          "Single Copy": false,
          "Plans": [
            {
              "Node Type": "Aggregate",
              "Strategy": "Plain",
              "Partial Mode": "Partial",
              "Parent Relationship": "Outer",
              "Parallel Aware": false,
              "Startup Cost": 393704.12,
              "Total Cost": 393704.13,
              "Plan Rows": 1,
              "Plan Width": 8,
              "Actual Startup Time": 763.23,
              "Actual Total Time": 763.233,
              "Actual Rows": 1,
              "Actual Loops": 7,
              "Plans": [
                {
                  "Node Type": "Hash Join",
                  "Parent Relationship": "Outer",
                  "Parallel Aware": true,
                  "Join Type": "Inner",
                  "Startup Cost": 45858.53,
                  "Total Cost": 393506.2,
                  "Plan Rows": 79170,
                  "Plan Width": 0,
                  "Actual Startup Time": 325.265,
                  "Actual Total Time": 760.378,
                  "Actual Rows": 54126,
                  "Actual Loops": 7,
                  "Inner Unique": true,
                  "Hash Cond": "(ci.movie_id = t.id)",
                  "Plans": [
                    {
                      "Node Type": "Seq Scan",
                      "Parent Relationship": "Outer",
                      "Parallel Aware": true,
                      "Relation Name": "cast_info",
                      "Alias": "ci",
                      "Startup Cost": 0.0,
                      "Total Cost": 343318.94,
                      "Plan Rows": 1649034,
                      "Plan Width": 4,
                      "Actual Startup Time": 251.562,
                      "Actual Total Time": 563.233,
                      "Actual Rows": 959593,
                      "Actual Loops": 7,
                      "Filter": "((person_id > 2327393) AND (role_id < 5))",
                      "Rows Removed by Filter": 4218170
                    },
                    {
                      "Node Type": "Hash",
                      "Parent Relationship": "Inner",
                      "Parallel Aware": true,
                      "Startup Cost": 45479.21,
                      "Total Cost": 45479.21,
                      "Plan Rows": 30346,
                      "Plan Width": 4,
                      "Actual Startup Time": 72.113,
                      "Actual Total Time": 72.114,
                      "Actual Rows": 17821,
                      "Actual Loops": 7,
                      "Hash Buckets": 131072,
                      "Original Hash Buckets": 131072,
                      "Hash Batches": 1,
                      "Original Hash Batches": 1,
                      "Peak Memory Usage": 5984,
                      "Plans": [
                        {
                          "Node Type": "Seq Scan",
                          "Parent Relationship": "Outer",
                          "Parallel Aware": true,
                          "Relation Name": "title",
                          "Alias": "t",
                          "Startup Cost": 0.0,
                          "Total Cost": 45479.21,
                          "Plan Rows": 30346,
                          "Plan Width": 4,
                          "Actual Startup Time": 0.035,
                          "Actual Total Time": 64.463,
                          "Actual Rows": 17821,
                          "Actual Loops": 7,
                          "Filter": "((kind_id > 1) AND (production_year = 2012))",
                          "Rows Removed by Filter": 343366
                        }
                      ]
                    }
                  ]
                }
              ]
            }
          ]
        }
      ]
    },
    "Planning Time": 0.617,
    "Triggers": [],
    "Execution Time": 803.874
  }
]