{
    "Plan": {
        "Node Type": "Aggregate",
        "Strategy": "Plain",
        "Partial Mode": "Simple",
        "Parallel Aware": false,
        "Startup Cost": 60001101895.56,
        "Total Cost": 60001101895.57,
        "Plan Rows": 1,
        "Plan Width": 64,
        "Actual Startup Time": 4250.687,
        "Actual Total Time": 4250.71,
        "Actual Rows": 1,
        "Actual Loops": 1,
        "Output": [
            "min((kt.kind)::text)",
            "min(t.title)"
        ],
        "Plans": [
            {
                "Node Type": "Hash Join",
                "Parent Relationship": "Outer",
                "Parallel Aware": false,
                "Join Type": "Inner",
                "Startup Cost": 60001101473.23,
                "Total Cost": 60001101895.55,
                "Plan Rows": 1,
                "Plan Width": 27,
                "Actual Startup Time": 4240.694,
                "Actual Total Time": 4250.636,
                "Actual Rows": 628,
                "Actual Loops": 1,
                "Output": [
                    "kt.kind",
                    "t.title"
                ],
                "Inner Unique": true,
                "Hash Cond": "(mi.info_type_id = it1.id)",
                "Plans": [
                    {
                        "Node Type": "Merge Join",
                        "Parent Relationship": "Outer",
                        "Parallel Aware": false,
                        "Join Type": "Inner",
                        "Startup Cost": 50001101459.1,
                        "Total Cost": 50001101881.31,
                        "Plan Rows": 43,
                        "Plan Width": 31,
                        "Actual Startup Time": 4240.635,
                        "Actual Total Time": 4250.499,
                        "Actual Rows": 628,
                        "Actual Loops": 1,
                        "Output": [
                            "mi.info_type_id",
                            "t.title",
                            "kt.kind"
                        ],
                        "Inner Unique": false,
                        "Merge Cond": "(mc.company_id = cn.id)",
                        "Plans": [
                            {
                                "Node Type": "Sort",
                                "Parent Relationship": "Outer",
                                "Parallel Aware": false,
                                "Startup Cost": 40001088629.43,
                                "Total Cost": 40001088629.73,
                                "Plan Rows": 122,
                                "Plan Width": 35,
                                "Actual Startup Time": 4198.332,
                                "Actual Total Time": 4198.385,
                                "Actual Rows": 628,
                                "Actual Loops": 1,
                                "Output": [
                                    "mc.company_id",
                                    "mi.info_type_id",
                                    "t.title",
                                    "kt.kind"
                                ],
                                "Sort Key": [
                                    "mc.company_id"
                                ],
                                "Sort Method": "quicksort",
                                "Sort Space Used": 74,
                                "Sort Space Type": "Memory",
                                "Plans": [
                                    {
                                        "Node Type": "Hash Join",
                                        "Parent Relationship": "Outer",
                                        "Parallel Aware": false,
                                        "Join Type": "Inner",
                                        "Startup Cost": 40001033958.72,
                                        "Total Cost": 40001088625.2,
                                        "Plan Rows": 122,
                                        "Plan Width": 35,
                                        "Actual Startup Time": 3930.47,
                                        "Actual Total Time": 4198.251,
                                        "Actual Rows": 628,
                                        "Actual Loops": 1,
                                        "Output": [
                                            "mc.company_id",
                                            "mi.info_type_id",
                                            "t.title",
                                            "kt.kind"
                                        ],
                                        "Inner Unique": true,
                                        "Hash Cond": "(mc.company_type_id = ct.id)",
                                        "Plans": [
                                            {
                                                "Node Type": "Hash Join",
                                                "Parent Relationship": "Outer",
                                                "Parallel Aware": false,
                                                "Join Type": "Inner",
                                                "Startup Cost": 30001033946.48,
                                                "Total Cost": 30001088612.31,
                                                "Plan Rows": 122,
                                                "Plan Width": 39,
                                                "Actual Startup Time": 3930.434,
                                                "Actual Total Time": 4198.136,
                                                "Actual Rows": 628,
                                                "Actual Loops": 1,
                                                "Output": [
                                                    "mc.company_id",
                                                    "mc.company_type_id",
                                                    "mi.info_type_id",
                                                    "t.title",
                                                    "kt.kind"
                                                ],
                                                "Inner Unique": false,
                                                "Hash Cond": "(mc.movie_id = t.id)",
                                                "Plans": [
                                                    {
                                                        "Node Type": "Seq Scan",
                                                        "Parent Relationship": "Outer",
                                                        "Parallel Aware": false,
                                                        "Relation Name": "movie_companies",
                                                        "Schema": "public",
                                                        "Alias": "mc",
                                                        "Startup Cost": 0.0,
                                                        "Total Cost": 44881.29,
                                                        "Plan Rows": 2609129,
                                                        "Plan Width": 12,
                                                        "Actual Startup Time": 0.017,
                                                        "Actual Total Time": 192.355,
                                                        "Actual Rows": 2609129,
                                                        "Actual Loops": 1,
                                                        "Output": [
                                                            "mc.id",
                                                            "mc.movie_id",
                                                            "mc.company_id",
                                                            "mc.company_type_id",
                                                            "mc.note"
                                                        ]
                                                    },
                                                    {
                                                        "Node Type": "Hash",
                                                        "Parent Relationship": "Inner",
                                                        "Parallel Aware": false,
                                                        "Startup Cost": 30001033946.12,
                                                        "Total Cost": 30001033946.12,
                                                        "Plan Rows": 29,
                                                        "Plan Width": 47,
                                                        "Actual Startup Time": 3843.418,
                                                        "Actual Total Time": 3843.435,
                                                        "Actual Rows": 625,
                                                        "Actual Loops": 1,
                                                        "Output": [
                                                            "cc.movie_id",
                                                            "mi.movie_id",
                                                            "mi.info_type_id",
                                                            "mk.movie_id",
                                                            "t.title",
                                                            "t.id",
                                                            "kt.kind"
                                                        ],
                                                        "Hash Buckets": 1024,
                                                        "Original Hash Buckets": 1024,
                                                        "Hash Batches": 1,
                                                        "Original Hash Batches": 1,
                                                        "Peak Memory Usage": 54,
                                                        "Plans": [
                                                            {
                                                                "Node Type": "Merge Join",
                                                                "Parent Relationship": "Outer",
                                                                "Parallel Aware": false,
                                                                "Join Type": "Inner",
                                                                "Startup Cost": 30001033933.17,
                                                                "Total Cost": 30001033946.12,
                                                                "Plan Rows": 29,
                                                                "Plan Width": 47,
                                                                "Actual Startup Time": 3843.184,
                                                                "Actual Total Time": 3843.32,
                                                                "Actual Rows": 625,
                                                                "Actual Loops": 1,
                                                                "Output": [
                                                                    "cc.movie_id",
                                                                    "mi.movie_id",
                                                                    "mi.info_type_id",
                                                                    "mk.movie_id",
                                                                    "t.title",
                                                                    "t.id",
                                                                    "kt.kind"
                                                                ],
                                                                "Inner Unique": false,
                                                                "Merge Cond": "(cct1.id = cc.status_id)",
                                                                "Plans": [
                                                                    {
                                                                        "Node Type": "Index Scan",
                                                                        "Parent Relationship": "Outer",
                                                                        "Parallel Aware": false,
                                                                        "Scan Direction": "Forward",
                                                                        "Index Name": "comp_cast_type_pkey",
                                                                        "Relation Name": "comp_cast_type",
                                                                        "Schema": "public",
                                                                        "Alias": "cct1",
                                                                        "Startup Cost": 0.13,
                                                                        "Total Cost": 12.2,
                                                                        "Plan Rows": 1,
                                                                        "Plan Width": 4,
                                                                        "Actual Startup Time": 0.007,
                                                                        "Actual Total Time": 0.014,
                                                                        "Actual Rows": 1,
                                                                        "Actual Loops": 1,
                                                                        "Output": [
                                                                            "cct1.id",
                                                                            "cct1.kind"
                                                                        ],
                                                                        "Filter": "((cct1.kind)::text = 'complete+verified'::text)",
                                                                        "Rows Removed by Filter": 3
                                                                    },
                                                                    {
                                                                        "Node Type": "Sort",
                                                                        "Parent Relationship": "Inner",
                                                                        "Parallel Aware": false,
                                                                        "Startup Cost": 30001033933.04,
                                                                        "Total Cost": 30001033933.33,
                                                                        "Plan Rows": 117,
                                                                        "Plan Width": 51,
                                                                        "Actual Startup Time": 3843.16,
                                                                        "Actual Total Time": 3843.216,
                                                                        "Actual Rows": 690,
                                                                        "Actual Loops": 1,
                                                                        "Output": [
                                                                            "cc.movie_id",
                                                                            "cc.status_id",
                                                                            "mi.movie_id",
                                                                            "mi.info_type_id",
                                                                            "mk.movie_id",
                                                                            "t.title",
                                                                            "t.id",
                                                                            "kt.kind"
                                                                        ],
                                                                        "Sort Key": [
                                                                            "cc.status_id"
                                                                        ],
                                                                        "Sort Method": "quicksort",
                                                                        "Sort Space Used": 80,
                                                                        "Sort Space Type": "Memory",
                                                                        "Plans": [
                                                                            {
                                                                                "Node Type": "Hash Join",
                                                                                "Parent Relationship": "Outer",
                                                                                "Parallel Aware": false,
                                                                                "Join Type": "Inner",
                                                                                "Startup Cost": 30000817215.93,
                                                                                "Total Cost": 30001033929.02,
                                                                                "Plan Rows": 117,
                                                                                "Plan Width": 51,
                                                                                "Actual Startup Time": 3653.103,
                                                                                "Actual Total Time": 3842.947,
                                                                                "Actual Rows": 690,
                                                                                "Actual Loops": 1,
                                                                                "Output": [
                                                                                    "cc.movie_id",
                                                                                    "cc.status_id",
                                                                                    "mi.movie_id",
                                                                                    "mi.info_type_id",
                                                                                    "mk.movie_id",
                                                                                    "t.title",
                                                                                    "t.id",
                                                                                    "kt.kind"
                                                                                ],
                                                                                "Inner Unique": false,
                                                                                "Hash Cond": "(t.id = mi.movie_id)",
                                                                                "Plans": [
                                                                                    {
                                                                                        "Node Type": "Merge Join",
                                                                                        "Parent Relationship": "Outer",
                                                                                        "Parallel Aware": false,
                                                                                        "Join Type": "Inner",
                                                                                        "Startup Cost": 20000397004.75,
                                                                                        "Total Cost": 20000405389.63,
                                                                                        "Plan Rows": 514389,
                                                                                        "Plan Width": 43,
                                                                                        "Actual Startup Time": 1889.447,
                                                                                        "Actual Total Time": 2054.354,
                                                                                        "Actual Rows": 423217,
                                                                                        "Actual Loops": 1,
                                                                                        "Output": [
                                                                                            "cc.movie_id",
                                                                                            "cc.status_id",
                                                                                            "mk.movie_id",
                                                                                            "t.title",
                                                                                            "t.id",
                                                                                            "kt.kind"
                                                                                        ],
                                                                                        "Inner Unique": false,
                                                                                        "Merge Cond": "(k.id = mk.keyword_id)",
                                                                                        "Plans": [
                                                                                            {
                                                                                                "Node Type": "Sort",
                                                                                                "Parent Relationship": "Outer",
                                                                                                "Parallel Aware": false,
                                                                                                "Startup Cost": 13717.76,
                                                                                                "Total Cost": 14053.18,
                                                                                                "Plan Rows": 134170,
                                                                                                "Plan Width": 4,
                                                                                                "Actual Startup Time": 34.922,
                                                                                                "Actual Total Time": 48.489,
                                                                                                "Actual Rows": 134059,
                                                                                                "Actual Loops": 1,
                                                                                                "Output": [
                                                                                                    "k.id"
                                                                                                ],
                                                                                                "Sort Key": [
                                                                                                    "k.id"
                                                                                                ],
                                                                                                "Sort Method": "quicksort",
                                                                                                "Sort Space Used": 12434,
                                                                                                "Sort Space Type": "Memory",
                                                                                                "Plans": [
                                                                                                    {
                                                                                                        "Node Type": "Seq Scan",
                                                                                                        "Parent Relationship": "Outer",
                                                                                                        "Parallel Aware": false,
                                                                                                        "Relation Name": "keyword",
                                                                                                        "Schema": "public",
                                                                                                        "Alias": "k",
                                                                                                        "Startup Cost": 0.0,
                                                                                                        "Total Cost": 2290.7,
                                                                                                        "Plan Rows": 134170,
                                                                                                        "Plan Width": 4,
                                                                                                        "Actual Startup Time": 0.028,
                                                                                                        "Actual Total Time": 10.555,
                                                                                                        "Actual Rows": 134170,
                                                                                                        "Actual Loops": 1,
                                                                                                        "Output": [
                                                                                                            "k.id"
                                                                                                        ]
                                                                                                    }
                                                                                                ]
                                                                                            },
                                                                                            {
                                                                                                "Node Type": "Sort",
                                                                                                "Parent Relationship": "Inner",
                                                                                                "Parallel Aware": false,
                                                                                                "Startup Cost": 20000383286.92,
                                                                                                "Total Cost": 20000384572.89,
                                                                                                "Plan Rows": 514389,
                                                                                                "Plan Width": 47,
                                                                                                "Actual Startup Time": 1854.514,
                                                                                                "Actual Total Time": 1921.296,
                                                                                                "Actual Rows": 423217,
                                                                                                "Actual Loops": 1,
                                                                                                "Output": [
                                                                                                    "cc.movie_id",
                                                                                                    "cc.status_id",
                                                                                                    "mk.movie_id",
                                                                                                    "mk.keyword_id",
                                                                                                    "t.title",
                                                                                                    "t.id",
                                                                                                    "kt.kind"
                                                                                                ],
                                                                                                "Sort Key": [
                                                                                                    "mk.keyword_id"
                                                                                                ],
                                                                                                "Sort Method": "quicksort",
                                                                                                "Sort Space Used": 50391,
                                                                                                "Sort Space Type": "Memory",
                                                                                                "Plans": [
                                                                                                    {
                                                                                                        "Node Type": "Hash Join",
                                                                                                        "Parent Relationship": "Outer",
                                                                                                        "Parallel Aware": false,
                                                                                                        "Join Type": "Inner",
                                                                                                        "Startup Cost": 20000240774.74,
                                                                                                        "Total Cost": 20000334490.69,
                                                                                                        "Plan Rows": 514389,
                                                                                                        "Plan Width": 47,
                                                                                                        "Actual Startup Time": 1440.585,
                                                                                                        "Actual Total Time": 1719.351,
                                                                                                        "Actual Rows": 423217,
                                                                                                        "Actual Loops": 1,
                                                                                                        "Output": [
                                                                                                            "cc.movie_id",
                                                                                                            "cc.status_id",
                                                                                                            "mk.movie_id",
                                                                                                            "mk.keyword_id",
                                                                                                            "t.title",
                                                                                                            "t.id",
                                                                                                            "kt.kind"
                                                                                                        ],
                                                                                                        "Inner Unique": false,
                                                                                                        "Hash Cond": "(t.id = mk.movie_id)",
                                                                                                        "Plans": [
                                                                                                            {
                                                                                                                "Node Type": "Hash Join",
                                                                                                                "Parent Relationship": "Outer",
                                                                                                                "Parallel Aware": false,
                                                                                                                "Join Type": "Inner",
                                                                                                                "Startup Cost": 20000007048.16,
                                                                                                                "Total Cost": 20000083491.28,
                                                                                                                "Plan Rows": 11305,
                                                                                                                "Plan Width": 39,
                                                                                                                "Actual Startup Time": 232.079,
                                                                                                                "Actual Total Time": 466.893,
                                                                                                                "Actual Rows": 7643,
                                                                                                                "Actual Loops": 1,
                                                                                                                "Output": [
                                                                                                                    "cc.movie_id",
                                                                                                                    "cc.status_id",
                                                                                                                    "t.title",
                                                                                                                    "t.id",
                                                                                                                    "kt.kind"
                                                                                                                ],
                                                                                                                "Inner Unique": false,
                                                                                                                "Hash Cond": "(t.id = cc.movie_id)",
                                                                                                                "Plans": [
                                                                                                                    {
                                                                                                                        "Node Type": "Hash Join",
                                                                                                                        "Parent Relationship": "Outer",
                                                                                                                        "Parallel Aware": false,
                                                                                                                        "Join Type": "Inner",
                                                                                                                        "Startup Cost": 10000000001.1,
                                                                                                                        "Total Cost": 10000075273.23,
                                                                                                                        "Plan Rows": 211589,
                                                                                                                        "Plan Width": 31,
                                                                                                                        "Actual Startup Time": 12.168,
                                                                                                                        "Actual Total Time": 365.161,
                                                                                                                        "Actual Rows": 289693,
                                                                                                                        "Actual Loops": 1,
                                                                                                                        "Output": [
                                                                                                                            "kt.kind",
                                                                                                                            "t.title",
                                                                                                                            "t.id"
                                                                                                                        ],
                                                                                                                        "Inner Unique": false,
                                                                                                                        "Hash Cond": "(t.kind_id = kt.id)",
                                                                                                                        "Plans": [
                                                                                                                            {
                                                                                                                                "Node Type": "Seq Scan",
                                                                                                                                "Parent Relationship": "Outer",
                                                                                                                                "Parallel Aware": false,
                                                                                                                                "Relation Name": "title",
                                                                                                                                "Schema": "public",
                                                                                                                                "Alias": "t",
                                                                                                                                "Startup Cost": 10000000000.0,
                                                                                                                                "Total Cost": 10000067602.02,
                                                                                                                                "Plan Rows": 1481124,
                                                                                                                                "Plan Width": 25,
                                                                                                                                "Actual Startup Time": 0.009,
                                                                                                                                "Actual Total Time": 267.68,
                                                                                                                                "Actual Rows": 1485030,
                                                                                                                                "Actual Loops": 1,
                                                                                                                                "Output": [
                                                                                                                                    "t.id",
                                                                                                                                    "t.title",
                                                                                                                                    "t.imdb_index",
                                                                                                                                    "t.kind_id",
                                                                                                                                    "t.production_year",
                                                                                                                                    "t.imdb_id",
                                                                                                                                    "t.phonetic_code",
                                                                                                                                    "t.episode_of_id",
                                                                                                                                    "t.season_nr",
                                                                                                                                    "t.episode_nr",
                                                                                                                                    "t.series_years",
                                                                                                                                    "t.md5sum"
                                                                                                                                ],
                                                                                                                                "Filter": "(t.production_year > 1998)",
                                                                                                                                "Rows Removed by Filter": 1043282
                                                                                                                            },
                                                                                                                            {
                                                                                                                                "Node Type": "Hash",
                                                                                                                                "Parent Relationship": "Inner",
                                                                                                                                "Parallel Aware": false,
                                                                                                                                "Startup Cost": 1.09,
                                                                                                                                "Total Cost": 1.09,
                                                                                                                                "Plan Rows": 1,
                                                                                                                                "Plan Width": 14,
                                                                                                                                "Actual Startup Time": 0.022,
                                                                                                                                "Actual Total Time": 0.023,
                                                                                                                                "Actual Rows": 1,
                                                                                                                                "Actual Loops": 1,
                                                                                                                                "Output": [
                                                                                                                                    "kt.kind",
                                                                                                                                    "kt.id"
                                                                                                                                ],
                                                                                                                                "Hash Buckets": 1024,
                                                                                                                                "Original Hash Buckets": 1024,
                                                                                                                                "Hash Batches": 1,
                                                                                                                                "Original Hash Batches": 1,
                                                                                                                                "Peak Memory Usage": 9,
                                                                                                                                "Plans": [
                                                                                                                                    {
                                                                                                                                        "Node Type": "Seq Scan",
                                                                                                                                        "Parent Relationship": "Outer",
                                                                                                                                        "Parallel Aware": false,
                                                                                                                                        "Relation Name": "kind_type",
                                                                                                                                        "Schema": "public",
                                                                                                                                        "Alias": "kt",
                                                                                                                                        "Startup Cost": 0.0,
                                                                                                                                        "Total Cost": 1.09,
                                                                                                                                        "Plan Rows": 1,
                                                                                                                                        "Plan Width": 14,
                                                                                                                                        "Actual Startup Time": 0.018,
                                                                                                                                        "Actual Total Time": 0.019,
                                                                                                                                        "Actual Rows": 1,
                                                                                                                                        "Actual Loops": 1,
                                                                                                                                        "Output": [
                                                                                                                                            "kt.kind",
                                                                                                                                            "kt.id"
                                                                                                                                        ],
                                                                                                                                        "Filter": "((kt.kind)::text = 'movie'::text)",
                                                                                                                                        "Rows Removed by Filter": 6
                                                                                                                                    }
                                                                                                                                ]
                                                                                                                            }
                                                                                                                        ]
                                                                                                                    },
                                                                                                                    {
                                                                                                                        "Node Type": "Hash",
                                                                                                                        "Parent Relationship": "Inner",
                                                                                                                        "Parallel Aware": false,
                                                                                                                        "Startup Cost": 10000005358.48,
                                                                                                                        "Total Cost": 10000005358.48,
                                                                                                                        "Plan Rows": 135086,
                                                                                                                        "Plan Width": 8,
                                                                                                                        "Actual Startup Time": 42.316,
                                                                                                                        "Actual Total Time": 42.317,
                                                                                                                        "Actual Rows": 135086,
                                                                                                                        "Actual Loops": 1,
                                                                                                                        "Output": [
                                                                                                                            "cc.movie_id",
                                                                                                                            "cc.status_id"
                                                                                                                        ],
                                                                                                                        "Hash Buckets": 262144,
                                                                                                                        "Original Hash Buckets": 262144,
                                                                                                                        "Hash Batches": 1,
                                                                                                                        "Original Hash Batches": 1,
                                                                                                                        "Peak Memory Usage": 7325,
                                                                                                                        "Plans": [
                                                                                                                            {
                                                                                                                                "Node Type": "Index Scan",
                                                                                                                                "Parent Relationship": "Outer",
                                                                                                                                "Parallel Aware": false,
                                                                                                                                "Scan Direction": "Forward",
                                                                                                                                "Index Name": "status_id_complete_cast",
                                                                                                                                "Relation Name": "complete_cast",
                                                                                                                                "Schema": "public",
                                                                                                                                "Alias": "cc",
                                                                                                                                "Startup Cost": 10000000000.42,
                                                                                                                                "Total Cost": 10000005358.48,
                                                                                                                                "Plan Rows": 135086,
                                                                                                                                "Plan Width": 8,
                                                                                                                                "Actual Startup Time": 0.02,
                                                                                                                                "Actual Total Time": 20.576,
                                                                                                                                "Actual Rows": 135086,
                                                                                                                                "Actual Loops": 1,
                                                                                                                                "Output": [
                                                                                                                                    "cc.movie_id",
                                                                                                                                    "cc.status_id"
                                                                                                                                ]
                                                                                                                            }
                                                                                                                        ]
                                                                                                                    }
                                                                                                                ]
                                                                                                            },
                                                                                                            {
                                                                                                                "Node Type": "Hash",
                                                                                                                "Parent Relationship": "Inner",
                                                                                                                "Parallel Aware": false,
                                                                                                                "Startup Cost": 177177.46,
                                                                                                                "Total Cost": 177177.46,
                                                                                                                "Plan Rows": 4523930,
                                                                                                                "Plan Width": 8,
                                                                                                                "Actual Startup Time": 1200.052,
                                                                                                                "Actual Total Time": 1200.053,
                                                                                                                "Actual Rows": 4523930,
                                                                                                                "Actual Loops": 1,
                                                                                                                "Output": [
                                                                                                                    "mk.movie_id",
                                                                                                                    "mk.keyword_id"
                                                                                                                ],
                                                                                                                "Hash Buckets": 8388608,
                                                                                                                "Original Hash Buckets": 8388608,
                                                                                                                "Hash Batches": 1,
                                                                                                                "Original Hash Batches": 1,
                                                                                                                "Peak Memory Usage": 242253,
                                                                                                                "Plans": [
                                                                                                                    {
                                                                                                                        "Node Type": "Index Scan",
                                                                                                                        "Parent Relationship": "Outer",
                                                                                                                        "Parallel Aware": false,
                                                                                                                        "Scan Direction": "Forward",
                                                                                                                        "Index Name": "movie_id_movie_keyword",
                                                                                                                        "Relation Name": "movie_keyword",
                                                                                                                        "Schema": "public",
                                                                                                                        "Alias": "mk",
                                                                                                                        "Startup Cost": 0.43,
                                                                                                                        "Total Cost": 177177.46,
                                                                                                                        "Plan Rows": 4523930,
                                                                                                                        "Plan Width": 8,
                                                                                                                        "Actual Startup Time": 0.026,
                                                                                                                        "Actual Total Time": 674.401,
                                                                                                                        "Actual Rows": 4523930,
                                                                                                                        "Actual Loops": 1,
                                                                                                                        "Output": [
                                                                                                                            "mk.movie_id",
                                                                                                                            "mk.keyword_id"
                                                                                                                        ]
                                                                                                                    }
                                                                                                                ]
                                                                                                            }
                                                                                                        ]
                                                                                                    }
                                                                                                ]
                                                                                            }
                                                                                        ]
                                                                                    },
                                                                                    {
                                                                                        "Node Type": "Hash",
                                                                                        "Parent Relationship": "Inner",
                                                                                        "Parallel Aware": false,
                                                                                        "Startup Cost": 10000420207.16,
                                                                                        "Total Cost": 10000420207.16,
                                                                                        "Plan Rows": 322,
                                                                                        "Plan Width": 8,
                                                                                        "Actual Startup Time": 1761.121,
                                                                                        "Actual Total Time": 1761.122,
                                                                                        "Actual Rows": 1783,
                                                                                        "Actual Loops": 1,
                                                                                        "Output": [
                                                                                            "mi.movie_id",
                                                                                            "mi.info_type_id"
                                                                                        ],
                                                                                        "Hash Buckets": 2048,
                                                                                        "Original Hash Buckets": 1024,
                                                                                        "Hash Batches": 1,
                                                                                        "Original Hash Batches": 1,
                                                                                        "Peak Memory Usage": 86,
                                                                                        "Plans": [
                                                                                            {
                                                                                                "Node Type": "Seq Scan",
                                                                                                "Parent Relationship": "Outer",
                                                                                                "Parallel Aware": false,
                                                                                                "Relation Name": "movie_info",
                                                                                                "Schema": "public",
                                                                                                "Alias": "mi",
                                                                                                "Startup Cost": 10000000000.0,
                                                                                                "Total Cost": 10000420207.16,
                                                                                                "Plan Rows": 322,
                                                                                                "Plan Width": 8,
                                                                                                "Actual Startup Time": 487.433,
                                                                                                "Actual Total Time": 1760.498,
                                                                                                "Actual Rows": 1783,
                                                                                                "Actual Loops": 1,
                                                                                                "Output": [
                                                                                                    "mi.movie_id",
                                                                                                    "mi.info_type_id"
                                                                                                ],
                                                                                                "Filter": "((mi.info IS NOT NULL) AND (mi.note ~~ '%internet%'::text) AND ((mi.info ~~ 'USA:% 199%'::text) OR (mi.info ~~ 'USA:% 200%'::text)))",
                                                                                                "Rows Removed by Filter": 14833937
                                                                                            }
                                                                                        ]
                                                                                    }
                                                                                ]
                                                                            }
                                                                        ]
                                                                    }
                                                                ]
                                                            }
                                                        ]
                                                    }
                                                ]
                                            },
                                            {
                                                "Node Type": "Hash",
                                                "Parent Relationship": "Inner",
                                                "Parallel Aware": false,
                                                "Startup Cost": 10000000012.19,
                                                "Total Cost": 10000000012.19,
                                                "Plan Rows": 4,
                                                "Plan Width": 4,
                                                "Actual Startup Time": 0.029,
                                                "Actual Total Time": 0.03,
                                                "Actual Rows": 4,
                                                "Actual Loops": 1,
                                                "Output": [
                                                    "ct.id"
                                                ],
                                                "Hash Buckets": 1024,
                                                "Original Hash Buckets": 1024,
                                                "Hash Batches": 1,
                                                "Original Hash Batches": 1,
                                                "Peak Memory Usage": 9,
                                                "Plans": [
                                                    {
                                                        "Node Type": "Index Scan",
                                                        "Parent Relationship": "Outer",
                                                        "Parallel Aware": false,
                                                        "Scan Direction": "Forward",
                                                        "Index Name": "company_type_pkey",
                                                        "Relation Name": "company_type",
                                                        "Schema": "public",
                                                        "Alias": "ct",
                                                        "Startup Cost": 10000000000.13,
                                                        "Total Cost": 10000000012.19,
                                                        "Plan Rows": 4,
                                                        "Plan Width": 4,
                                                        "Actual Startup Time": 0.025,
                                                        "Actual Total Time": 0.027,
                                                        "Actual Rows": 4,
                                                        "Actual Loops": 1,
                                                        "Output": [
                                                            "ct.id"
                                                        ]
                                                    }
                                                ]
                                            }
                                        ]
                                    }
                                ]
                            },
                            {
                                "Node Type": "Sort",
                                "Parent Relationship": "Inner",
                                "Parallel Aware": false,
                                "Startup Cost": 10000012829.66,
                                "Total Cost": 10000013040.41,
                                "Plan Rows": 84301,
                                "Plan Width": 4,
                                "Actual Startup Time": 41.073,
                                "Actual Total Time": 47.513,
                                "Actual Rows": 75871,
                                "Actual Loops": 1,
                                "Output": [
                                    "cn.id"
                                ],
                                "Sort Key": [
                                    "cn.id"
                                ],
                                "Sort Method": "quicksort",
                                "Sort Space Used": 7050,
                                "Sort Space Type": "Memory",
                                "Plans": [
                                    {
                                        "Node Type": "Seq Scan",
                                        "Parent Relationship": "Outer",
                                        "Parallel Aware": false,
                                        "Relation Name": "company_name",
                                        "Schema": "public",
                                        "Alias": "cn",
                                        "Startup Cost": 10000000000.0,
                                        "Total Cost": 10000005932.46,
                                        "Plan Rows": 84301,
                                        "Plan Width": 4,
                                        "Actual Startup Time": 0.024,
                                        "Actual Total Time": 23.831,
                                        "Actual Rows": 84843,
                                        "Actual Loops": 1,
                                        "Output": [
                                            "cn.id"
                                        ],
                                        "Filter": "((cn.country_code)::text = '[us]'::text)",
                                        "Rows Removed by Filter": 150154
                                    }
                                ]
                            }
                        ]
                    },
                    {
                        "Node Type": "Hash",
                        "Parent Relationship": "Inner",
                        "Parallel Aware": false,
                        "Startup Cost": 10000000014.12,
                        "Total Cost": 10000000014.12,
                        "Plan Rows": 1,
                        "Plan Width": 4,
                        "Actual Startup Time": 0.049,
                        "Actual Total Time": 0.049,
                        "Actual Rows": 1,
                        "Actual Loops": 1,
                        "Output": [
                            "it1.id"
                        ],
                        "Hash Buckets": 1024,
                        "Original Hash Buckets": 1024,
                        "Hash Batches": 1,
                        "Original Hash Batches": 1,
                        "Peak Memory Usage": 9,
                        "Plans": [
                            {
                                "Node Type": "Index Scan",
                                "Parent Relationship": "Outer",
                                "Parallel Aware": false,
                                "Scan Direction": "Forward",
                                "Index Name": "info_type_pkey",
                                "Relation Name": "info_type",
                                "Schema": "public",
                                "Alias": "it1",
                                "Startup Cost": 10000000000.14,
                                "Total Cost": 10000000014.12,
                                "Plan Rows": 1,
                                "Plan Width": 4,
                                "Actual Startup Time": 0.025,
                                "Actual Total Time": 0.045,
                                "Actual Rows": 1,
                                "Actual Loops": 1,
                                "Output": [
                                    "it1.id"
                                ],
                                "Filter": "((it1.info)::text = 'release dates'::text)",
                                "Rows Removed by Filter": 112
                            }
                        ]
                    }
                ]
            }
        ]
    },
    "Planning Time": 25.87,
    "Triggers": [],
    "Execution Time": 4256.672
}