[
  {
    "Plan": {
      "Node Type": "Aggregate",
      "Strategy": "Plain",
      "Partial Mode": "Finalize",
      "Parallel Aware": false,
      "Startup Cost": 333966.1,
      "Total Cost": 333966.11,
      "Plan Rows": 1,
      "Plan Width": 8,
      "Actual Startup Time": 423.063,
      "Actual Total Time": 442.316,
      "Actual Rows": 1,
      "Actual Loops": 1,
      "Plans": [
        {
          "Node Type": "Gather",
          "Parent Relationship": "Outer",
          "Parallel Aware": false,
          "Startup Cost": 333965.47,
          "Total Cost": 333966.08,
          "Plan Rows": 6,
          "Plan Width": 8,
          "Actual Startup Time": 422.969,
          "Actual Total Time": 442.308,
          "Actual Rows": 7,
          "Actual Loops": 1,
          "Workers Planned": 6,
          "Workers Launched": 6,
          "Single Copy": false,
          "Plans": [
            {
              "Node Type": "Aggregate",
              "Strategy": "Plain",
              "Partial Mode": "Partial",
              "Parent Relationship": "Outer",
              "Parallel Aware": false,
              "Startup Cost": 332965.47,
              "Total Cost": 332965.48,
              "Plan Rows": 1,
              "Plan Width": 8,
              "Actual Startup Time": 413.533,
              "Actual Total Time": 413.534,
              "Actual Rows": 1,
              "Actual Loops": 7,
              "Plans": [
                {
                  "Node Type": "Index Scan",
                  "Parent Relationship": "Outer",
                  "Parallel Aware": true,
                  "Scan Direction": "Forward",
                  "Index Name": "role_id_cast_info",
                  "Relation Name": "cast_info",
                  "Alias": "ci",
                  "Startup Cost": 0.56,
                  "Total Cost": 331632.96,
                  "Plan Rows": 533004,
                  "Plan Width": 0,
                  "Actual Startup Time": 0.162,
                  "Actual Total Time": 365.202,
                  "Actual Rows": 1059190,
                  "Actual Loops": 7,
                  "Index Cond": "(role_id > 3)",
                  "Rows Removed by Index Recheck": 0,
                  "Filter": "(person_id > 2772129)",
                  "Rows Removed by Filter": 671330
                }
              ]
            }
          ]
        }
      ]
    },
    "Planning Time": 0.194,
    "Triggers": [],
    "Execution Time": 442.372
  }
]