[
  {
    "Plan": {
      "Node Type": "Aggregate",
      "Strategy": "Plain",
      "Partial Mode": "Simple",
      "Parallel Aware": false,
      "Startup Cost": 4508.97,
      "Total Cost": 4508.98,
      "Plan Rows": 1,
      "Plan Width": 8,
      "Actual Startup Time": 15.072,
      "Actual Total Time": 15.074,
      "Actual Rows": 1,
      "Actual Loops": 1,
      "Plans": [
        {
          "Node Type": "Nested Loop",
          "Parent Relationship": "Outer",
          "Parallel Aware": false,
          "Join Type": "Inner",
          "Startup Cost": 0.99,
          "Total Cost": 4507.91,
          "Plan Rows": 422,
          "Plan Width": 0,
          "Actual Startup Time": 14.024,
          "Actual Total Time": 15.043,
          "Actual Rows": 101,
          "Actual Loops": 1,
          "Inner Unique": true,
          "Plans": [
            {
              "Node Type": "Index Scan",
              "Parent Relationship": "Outer",
              "Parallel Aware": false,
              "Scan Direction": "Forward",
              "Index Name": "person_id_cast_info",
              "Relation Name": "cast_info",
              "Alias": "ci",
              "Startup Cost": 0.56,
              "Total Cost": 987.07,
              "Plan Rows": 422,
              "Plan Width": 4,
              "Actual Startup Time": 13.99,
              "Actual Total Time": 14.071,
              "Actual Rows": 101,
              "Actual Loops": 1,
              "Index Cond": "(person_id = 862929)",
              "Rows Removed by Index Recheck": 0,
              "Filter": "(role_id < 10)",
              "Rows Removed by Filter": 0
            },
            {
              "Node Type": "Index Only Scan",
              "Parent Relationship": "Inner",
              "Parallel Aware": false,
              "Scan Direction": "Forward",
              "Index Name": "title_pkey",
              "Relation Name": "title",
              "Alias": "t",
              "Startup Cost": 0.43,
              "Total Cost": 8.34,
              "Plan Rows": 1,
              "Plan Width": 4,
              "Actual Startup Time": 0.009,
              "Actual Total Time": 0.009,
              "Actual Rows": 1,
              "Actual Loops": 101,
              "Index Cond": "(id = ci.movie_id)",
              "Rows Removed by Index Recheck": 0,
              "Heap Fetches": 101
            }
          ]
        }
      ]
    },
    "Planning Time": 0.581,
    "Triggers": [],
    "Execution Time": 15.133
  }
]