{
  "Plan": {
    "Node Type": "Aggregate",
    "Strategy": "Plain",
    "Partial Mode": "Finalize",
    "Parallel Aware": false,
    "Startup Cost": 16038.95,
    "Total Cost": 16038.96,
    "Plan Rows": 1,
    "Plan Width": 8,
    "Actual Startup Time": 11.951,
    "Actual Total Time": 13.695,
    "Actual Rows": 1,
    "Actual Loops": 1,
    "Plans": [
      {
        "Node Type": "Gather",
        "Parent Relationship": "Outer",
        "Parallel Aware": false,
        "Startup Cost": 16038.84,
        "Total Cost": 16038.95,
        "Plan Rows": 1,
        "Plan Width": 8,
        "Actual Startup Time": 9.424,
        "Actual Total Time": 13.679,
        "Actual Rows": 2,
        "Actual Loops": 1,
        "Workers Planned": 1,
        "Workers Launched": 1,
        "Single Copy": false,
        "Plans": [
          {
            "Node Type": "Aggregate",
            "Strategy": "Plain",
            "Partial Mode": "Partial",
            "Parent Relationship": "Outer",
            "Parallel Aware": false,
            "Startup Cost": 15038.84,
            "Total Cost": 15038.85,
            "Plan Rows": 1,
            "Plan Width": 8,
            "Actual Startup Time": 4.494,
            "Actual Total Time": 4.497,
            "Actual Rows": 1,
            "Actual Loops": 2,
            "Plans": [
              {
                "Node Type": "Nested Loop",
                "Parent Relationship": "Outer",
                "Parallel Aware": false,
                "Join Type": "Inner",
                "Startup Cost": 67.41,
                "Total Cost": 15036.63,
                "Plan Rows": 883,
                "Plan Width": 0,
                "Actual Startup Time": 2.348,
                "Actual Total Time": 4.454,
                "Actual Rows": 148,
                "Actual Loops": 2,
                "Inner Unique": true,
                "Plans": [
                  {
                    "Node Type": "Bitmap Heap Scan",
                    "Parent Relationship": "Outer",
                    "Parallel Aware": true,
                    "Relation Name": "movie_companies",
                    "Alias": "mc",
                    "Startup Cost": 66.98,
                    "Total Cost": 7918.69,
                    "Plan Rows": 883,
                    "Plan Width": 4,
                    "Actual Startup Time": 2.308,
                    "Actual Total Time": 2.716,
                    "Actual Rows": 148,
                    "Actual Loops": 2,
                    "Recheck Cond": "(company_id = 292)",
                    "Rows Removed by Index Recheck": 0,
                    "Filter": "(company_type_id > 1)",
                    "Rows Removed by Filter": 1250,
                    "Exact Heap Blocks": 545,
                    "Lossy Heap Blocks": 0,
                    "Plans": [
                      {
                        "Node Type": "Bitmap Index Scan",
                        "Parent Relationship": "Outer",
                        "Parallel Aware": false,
                        "Index Name": "company_id_movie_companies",
                        "Startup Cost": 0.0,
                        "Total Cost": 66.61,
                        "Plan Rows": 2957,
                        "Plan Width": 0,
                        "Actual Startup Time": 2.041,
                        "Actual Total Time": 2.042,
                        "Actual Rows": 2795,
                        "Actual Loops": 1,
                        "Index Cond": "(company_id = 292)"
                      }
                    ]
                  },
                  {
                    "Node Type": "Index Only Scan",
                    "Parent Relationship": "Inner",
                    "Parallel Aware": false,
                    "Scan Direction": "Forward",
                    "Index Name": "title_pkey",
                    "Relation Name": "title",
                    "Alias": "t",
                    "Startup Cost": 0.43,
                    "Total Cost": 8.06,
                    "Plan Rows": 1,
                    "Plan Width": 4,
                    "Actual Startup Time": 0.011,
                    "Actual Total Time": 0.011,
                    "Actual Rows": 1,
                    "Actual Loops": 295,
                    "Index Cond": "(id = mc.movie_id)",
                    "Rows Removed by Index Recheck": 0,
                    "Heap Fetches": 295
                  }
                ]
              }
            ]
          }
        ]
      }
    ]
  },
  "Planning Time": 0.654,
  "Triggers": [],
  "Execution Time": 13.795
}