[
  {
    "Plan": {
      "Node Type": "Aggregate",
      "Strategy": "Plain",
      "Partial Mode": "Finalize",
      "Parallel Aware": false,
      "Startup Cost": 87095.73,
      "Total Cost": 87095.74,
      "Plan Rows": 1,
      "Plan Width": 8,
      "Actual Startup Time": 230.176,
      "Actual Total Time": 254.862,
      "Actual Rows": 1,
      "Actual Loops": 1,
      "Plans": [
        {
          "Node Type": "Gather",
          "Parent Relationship": "Outer",
          "Parallel Aware": false,
          "Startup Cost": 87095.41,
          "Total Cost": 87095.72,
          "Plan Rows": 3,
          "Plan Width": 8,
          "Actual Startup Time": 229.78,
          "Actual Total Time": 254.851,
          "Actual Rows": 4,
          "Actual Loops": 1,
          "Workers Planned": 3,
          "Workers Launched": 3,
          "Single Copy": false,
          "Plans": [
            {
              "Node Type": "Aggregate",
              "Strategy": "Plain",
              "Partial Mode": "Partial",
              "Parent Relationship": "Outer",
              "Parallel Aware": false,
              "Startup Cost": 86095.41,
              "Total Cost": 86095.42,
              "Plan Rows": 1,
              "Plan Width": 8,
              "Actual Startup Time": 220.613,
              "Actual Total Time": 220.617,
              "Actual Rows": 1,
              "Actual Loops": 4,
              "Plans": [
                {
                  "Node Type": "Nested Loop",
                  "Parent Relationship": "Outer",
                  "Parallel Aware": false,
                  "Join Type": "Inner",
                  "Startup Cost": 46574.26,
                  "Total Cost": 86070.79,
                  "Plan Rows": 9849,
                  "Plan Width": 0,
                  "Actual Startup Time": 126.207,
                  "Actual Total Time": 217.557,
                  "Actual Rows": 52228,
                  "Actual Loops": 4,
                  "Inner Unique": false,
                  "Plans": [
                    {
                      "Node Type": "Hash Join",
                      "Parent Relationship": "Outer",
                      "Parallel Aware": true,
                      "Join Type": "Inner",
                      "Startup Cost": 46573.83,
                      "Total Cost": 71554.18,
                      "Plan Rows": 1684,
                      "Plan Width": 8,
                      "Actual Startup Time": 126.126,
                      "Actual Total Time": 163.811,
                      "Actual Rows": 1197,
                      "Actual Loops": 4,
                      "Inner Unique": true,
                      "Hash Cond": "(mk.movie_id = t.id)",
                      "Plans": [
                        {
                          "Node Type": "Bitmap Heap Scan",
                          "Parent Relationship": "Outer",
                          "Parallel Aware": true,
                          "Relation Name": "movie_keyword",
                          "Alias": "mk",
                          "Startup Cost": 2292.51,
                          "Total Cost": 27181.51,
                          "Plan Rows": 34800,
                          "Plan Width": 4,
                          "Actual Startup Time": 13.594,
                          "Actual Total Time": 41.987,
                          "Actual Rows": 30480,
                          "Actual Loops": 4,
                          "Recheck Cond": "(keyword_id < 117)",
                          "Rows Removed by Index Recheck": 0,
                          "Exact Heap Blocks": 6889,
                          "Lossy Heap Blocks": 0,
                          "Plans": [
                            {
                              "Node Type": "Bitmap Index Scan",
                              "Parent Relationship": "Outer",
                              "Parallel Aware": false,
                              "Index Name": "keyword_id_movie_keyword",
                              "Startup Cost": 0.0,
                              "Total Cost": 2265.54,
                              "Plan Rows": 107881,
                              "Plan Width": 0,
                              "Actual Startup Time": 10.13,
                              "Actual Total Time": 10.131,
                              "Actual Rows": 121921,
                              "Actual Loops": 1,
                              "Index Cond": "(keyword_id < 117)"
                            }
                          ]
                        },
                        {
                          "Node Type": "Hash",
                          "Parent Relationship": "Inner",
                          "Parallel Aware": true,
                          "Startup Cost": 43898.92,
                          "Total Cost": 43898.92,
                          "Plan Rows": 30592,
                          "Plan Width": 4,
                          "Actual Startup Time": 110.836,
                          "Actual Total Time": 110.837,
                          "Actual Rows": 30715,
                          "Actual Loops": 4,
                          "Hash Buckets": 131072,
                          "Original Hash Buckets": 131072,
                          "Hash Batches": 1,
                          "Original Hash Batches": 1,
                          "Peak Memory Usage": 5888,
                          "Plans": [
                            {
                              "Node Type": "Seq Scan",
                              "Parent Relationship": "Outer",
                              "Parallel Aware": true,
                              "Relation Name": "title",
                              "Alias": "t",
                              "Startup Cost": 0.0,
                              "Total Cost": 43898.92,
                              "Plan Rows": 30592,
                              "Plan Width": 4,
                              "Actual Startup Time": 0.045,
                              "Actual Total Time": 98.233,
                              "Actual Rows": 30715,
                              "Actual Loops": 4,
                              "Filter": "(production_year = 2008)",
                              "Rows Removed by Filter": 601363
                            }
                          ]
                        }
                      ]
                    },
                    {
                      "Node Type": "Index Only Scan",
                      "Parent Relationship": "Inner",
                      "Parallel Aware": false,
                      "Scan Direction": "Forward",
                      "Index Name": "movie_id_movie_info",
                      "Relation Name": "movie_info",
                      "Alias": "mi",
                      "Startup Cost": 0.43,
                      "Total Cost": 8.2,
                      "Plan Rows": 42,
                      "Plan Width": 4,
                      "Actual Startup Time": 0.011,
                      "Actual Total Time": 0.041,
                      "Actual Rows": 44,
                      "Actual Loops": 4788,
                      "Index Cond": "(movie_id = t.id)",
                      "Rows Removed by Index Recheck": 0,
                      "Heap Fetches": 208911
                    }
                  ]
                }
              ]
            }
          ]
        }
      ]
    },
    "Planning Time": 1.387,
    "Triggers": [],
    "Execution Time": 255.008
  }
]