[
  {
    "Plan": {
      "Node Type": "Aggregate",
      "Strategy": "Plain",
      "Partial Mode": "Finalize",
      "Parallel Aware": false,
      "Startup Cost": 216790.93,
      "Total Cost": 216790.94,
      "Plan Rows": 1,
      "Plan Width": 8,
      "Actual Startup Time": 167.666,
      "Actual Total Time": 175.358,
      "Actual Rows": 1,
      "Actual Loops": 1,
      "Plans": [
        {
          "Node Type": "Gather",
          "Parent Relationship": "Outer",
          "Parallel Aware": false,
          "Startup Cost": 216790.4,
          "Total Cost": 216790.91,
          "Plan Rows": 5,
          "Plan Width": 8,
          "Actual Startup Time": 167.124,
          "Actual Total Time": 175.343,
          "Actual Rows": 6,
          "Actual Loops": 1,
          "Workers Planned": 5,
          "Workers Launched": 5,
          "Single Copy": false,
          "Plans": [
            {
              "Node Type": "Aggregate",
              "Strategy": "Plain",
              "Partial Mode": "Partial",
              "Parent Relationship": "Outer",
              "Parallel Aware": false,
              "Startup Cost": 215790.4,
              "Total Cost": 215790.41,
              "Plan Rows": 1,
              "Plan Width": 8,
              "Actual Startup Time": 155.905,
              "Actual Total Time": 155.909,
              "Actual Rows": 1,
              "Actual Loops": 6,
              "Plans": [
                {
                  "Node Type": "Hash Join",
                  "Parent Relationship": "Outer",
                  "Parallel Aware": true,
                  "Join Type": "Inner",
                  "Startup Cost": 49822.54,
                  "Total Cost": 215787.03,
                  "Plan Rows": 1348,
                  "Plan Width": 0,
                  "Actual Startup Time": 113.831,
                  "Actual Total Time": 155.737,
                  "Actual Rows": 2163,
                  "Actual Loops": 6,
                  "Inner Unique": true,
                  "Hash Cond": "(mi.movie_id = t.id)",
                  "Plans": [
                    {
                      "Node Type": "Bitmap Heap Scan",
                      "Parent Relationship": "Outer",
                      "Parallel Aware": true,
                      "Relation Name": "movie_info",
                      "Alias": "mi",
                      "Startup Cost": 23727.33,
                      "Total Cost": 189002.56,
                      "Plan Rows": 262578,
                      "Plan Width": 4,
                      "Actual Startup Time": 60.025,
                      "Actual Total Time": 100.627,
                      "Actual Rows": 220894,
                      "Actual Loops": 6,
                      "Recheck Cond": "(info_type_id = 8)",
                      "Rows Removed by Index Recheck": 0,
                      "Exact Heap Blocks": 1374,
                      "Lossy Heap Blocks": 0,
                      "Plans": [
                        {
                          "Node Type": "Bitmap Index Scan",
                          "Parent Relationship": "Outer",
                          "Parallel Aware": false,
                          "Index Name": "info_type_id_movie_info",
                          "Startup Cost": 0.0,
                          "Total Cost": 23399.11,
                          "Plan Rows": 1312890,
                          "Plan Width": 0,
                          "Actual Startup Time": 58.547,
                          "Actual Total Time": 58.548,
                          "Actual Rows": 1325361,
                          "Actual Loops": 1,
                          "Index Cond": "(info_type_id = 8)"
                        }
                      ]
                    },
                    {
                      "Node Type": "Hash",
                      "Parent Relationship": "Inner",
                      "Parallel Aware": true,
                      "Startup Cost": 26042.87,
                      "Total Cost": 26042.87,
                      "Plan Rows": 4187,
                      "Plan Width": 4,
                      "Actual Startup Time": 22.186,
                      "Actual Total Time": 22.188,
                      "Actual Rows": 2100,
                      "Actual Loops": 6,
                      "Hash Buckets": 16384,
                      "Original Hash Buckets": 16384,
                      "Hash Batches": 1,
                      "Original Hash Batches": 1,
                      "Peak Memory Usage": 736,
                      "Plans": [
                        {
                          "Node Type": "Bitmap Heap Scan",
                          "Parent Relationship": "Outer",
                          "Parallel Aware": true,
                          "Relation Name": "title",
                          "Alias": "t",
                          "Startup Cost": 237.02,
                          "Total Cost": 26042.87,
                          "Plan Rows": 4187,
                          "Plan Width": 4,
                          "Actual Startup Time": 2.595,
                          "Actual Total Time": 20.62,
                          "Actual Rows": 2100,
                          "Actual Loops": 6,
                          "Recheck Cond": "(kind_id = 6)",
                          "Rows Removed by Index Recheck": 0,
                          "Exact Heap Blocks": 4586,
                          "Lossy Heap Blocks": 0,
                          "Plans": [
                            {
                              "Node Type": "Bitmap Index Scan",
                              "Parent Relationship": "Outer",
                              "Parallel Aware": false,
                              "Index Name": "kind_id_title",
                              "Startup Cost": 0.0,
                              "Total Cost": 233.77,
                              "Plan Rows": 12979,
                              "Plan Width": 0,
                              "Actual Startup Time": 6.337,
                              "Actual Total Time": 6.338,
                              "Actual Rows": 12600,
                              "Actual Loops": 1,
                              "Index Cond": "(kind_id = 6)"
                            }
                          ]
                        }
                      ]
                    }
                  ]
                }
              ]
            }
          ]
        }
      ]
    },
    "Planning Time": 1.048,
    "Triggers": [],
    "Execution Time": 175.46
  }
]