{
  "Plan": {
    "Node Type": "Aggregate",
    "Strategy": "Plain",
    "Partial Mode": "Finalize",
    "Parallel Aware": false,
    "Startup Cost": 956776.94,
    "Total Cost": 956776.95,
    "Plan Rows": 1,
    "Plan Width": 8,
    "Actual Startup Time": 20140.446,
    "Actual Total Time": 20213.737,
    "Actual Rows": 1,
    "Actual Loops": 1,
    "Plans": [
      {
        "Node Type": "Gather",
        "Parent Relationship": "Outer",
        "Parallel Aware": false,
        "Startup Cost": 956776.83,
        "Total Cost": 956776.94,
        "Plan Rows": 1,
        "Plan Width": 8,
        "Actual Startup Time": 20128.787,
        "Actual Total Time": 20213.728,
        "Actual Rows": 2,
        "Actual Loops": 1,
        "Workers Planned": 1,
        "Workers Launched": 1,
        "Single Copy": false,
        "Plans": [
          {
            "Node Type": "Aggregate",
            "Strategy": "Plain",
            "Partial Mode": "Partial",
            "Parent Relationship": "Outer",
            "Parallel Aware": false,
            "Startup Cost": 955776.83,
            "Total Cost": 955776.84,
            "Plan Rows": 1,
            "Plan Width": 8,
            "Actual Startup Time": 20115.8,
            "Actual Total Time": 20115.805,
            "Actual Rows": 1,
            "Actual Loops": 2,
            "Plans": [
              {
                "Node Type": "Hash Join",
                "Parent Relationship": "Outer",
                "Parallel Aware": true,
                "Join Type": "Inner",
                "Startup Cost": 123995.4,
                "Total Cost": 913162.69,
                "Plan Rows": 17045654,
                "Plan Width": 0,
                "Actual Startup Time": 1093.712,
                "Actual Total Time": 18836.502,
                "Actual Rows": 31244404,
                "Actual Loops": 2,
                "Inner Unique": false,
                "Hash Cond": "(t.id = mc.movie_id)",
                "Plans": [
                  {
                    "Node Type": "Hash Join",
                    "Parent Relationship": "Outer",
                    "Parallel Aware": true,
                    "Join Type": "Inner",
                    "Startup Cost": 69460.7,
                    "Total Cost": 638761.39,
                    "Plan Rows": 19135682,
                    "Plan Width": 8,
                    "Actual Startup Time": 628.354,
                    "Actual Total Time": 9963.011,
                    "Actual Rows": 16208564,
                    "Actual Loops": 2,
                    "Inner Unique": true,
                    "Hash Cond": "(ci.movie_id = t.id)",
                    "Plans": [
                      {
                        "Node Type": "Seq Scan",
                        "Parent Relationship": "Outer",
                        "Parallel Aware": true,
                        "Relation Name": "cast_info",
                        "Alias": "ci",
                        "Startup Cost": 0.0,
                        "Total Cost": 519069.44,
                        "Plan Rows": 19135682,
                        "Plan Width": 4,
                        "Actual Startup Time": 85.186,
                        "Actual Total Time": 1727.771,
                        "Actual Rows": 16208564,
                        "Actual Loops": 2,
                        "Filter": "(person_id > 366724)",
                        "Rows Removed by Filter": 1913608
                      },
                      {
                        "Node Type": "Hash",
                        "Parent Relationship": "Inner",
                        "Parallel Aware": true,
                        "Startup Cost": 50870.31,
                        "Total Cost": 50870.31,
                        "Plan Rows": 1487231,
                        "Plan Width": 4,
                        "Actual Startup Time": 531.955,
                        "Actual Total Time": 531.956,
                        "Actual Rows": 1264156,
                        "Actual Loops": 2,
                        "Hash Buckets": 4194304,
                        "Original Hash Buckets": 4194304,
                        "Hash Batches": 1,
                        "Original Hash Batches": 1,
                        "Peak Memory Usage": 131712,
                        "Plans": [
                          {
                            "Node Type": "Seq Scan",
                            "Parent Relationship": "Outer",
                            "Parallel Aware": true,
                            "Relation Name": "title",
                            "Alias": "t",
                            "Startup Cost": 0.0,
                            "Total Cost": 50870.31,
                            "Plan Rows": 1487231,
                            "Plan Width": 4,
                            "Actual Startup Time": 0.018,
                            "Actual Total Time": 150.982,
                            "Actual Rows": 1264156,
                            "Actual Loops": 2
                          }
                        ]
                      }
                    ]
                  },
                  {
                    "Node Type": "Hash",
                    "Parent Relationship": "Inner",
                    "Parallel Aware": true,
                    "Startup Cost": 37974.77,
                    "Total Cost": 37974.77,
                    "Plan Rows": 1324794,
                    "Plan Width": 4,
                    "Actual Startup Time": 441.733,
                    "Actual Total Time": 441.734,
                    "Actual Rows": 1129226,
                    "Actual Loops": 2,
                    "Hash Buckets": 4194304,
                    "Original Hash Buckets": 4194304,
                    "Hash Batches": 1,
                    "Original Hash Batches": 1,
                    "Peak Memory Usage": 121152,
                    "Plans": [
                      {
                        "Node Type": "Seq Scan",
                        "Parent Relationship": "Outer",
                        "Parallel Aware": true,
                        "Relation Name": "movie_companies",
                        "Alias": "mc",
                        "Startup Cost": 0.0,
                        "Total Cost": 37974.77,
                        "Plan Rows": 1324794,
                        "Plan Width": 4,
                        "Actual Startup Time": 0.094,
                        "Actual Total Time": 149.999,
                        "Actual Rows": 1129226,
                        "Actual Loops": 2,
                        "Filter": "(company_id > 166)",
                        "Rows Removed by Filter": 175338
                      }
                    ]
                  }
                ]
              }
            ]
          }
        ]
      }
    ]
  },
  "Planning Time": 0.971,
  "Triggers": [],
  "Execution Time": 20213.839
}