[
  {
    "Plan": {
      "Node Type": "Aggregate",
      "Strategy": "Plain",
      "Partial Mode": "Finalize",
      "Parallel Aware": false,
      "Startup Cost": 88152.62,
      "Total Cost": 88152.63,
      "Plan Rows": 1,
      "Plan Width": 8,
      "Actual Startup Time": 734.81,
      "Actual Total Time": 788.121,
      "Actual Rows": 1,
      "Actual Loops": 1,
      "Plans": [
        {
          "Node Type": "Gather",
          "Parent Relationship": "Outer",
          "Parallel Aware": false,
          "Startup Cost": 88152.2,
          "Total Cost": 88152.61,
          "Plan Rows": 4,
          "Plan Width": 8,
          "Actual Startup Time": 734.235,
          "Actual Total Time": 788.114,
          "Actual Rows": 5,
          "Actual Loops": 1,
          "Workers Planned": 4,
          "Workers Launched": 4,
          "Single Copy": false,
          "Plans": [
            {
              "Node Type": "Aggregate",
              "Strategy": "Plain",
              "Partial Mode": "Partial",
              "Parent Relationship": "Outer",
              "Parallel Aware": false,
              "Startup Cost": 87152.2,
              "Total Cost": 87152.21,
              "Plan Rows": 1,
              "Plan Width": 8,
              "Actual Startup Time": 727.065,
              "Actual Total Time": 727.069,
              "Actual Rows": 1,
              "Actual Loops": 5,
              "Plans": [
                {
                  "Node Type": "Nested Loop",
                  "Parent Relationship": "Outer",
                  "Parallel Aware": false,
                  "Join Type": "Inner",
                  "Startup Cost": 20946.06,
                  "Total Cost": 87055.71,
                  "Plan Rows": 38594,
                  "Plan Width": 0,
                  "Actual Startup Time": 110.671,
                  "Actual Total Time": 721.948,
                  "Actual Rows": 79636,
                  "Actual Loops": 5,
                  "Inner Unique": false,
                  "Plans": [
                    {
                      "Node Type": "Hash Join",
                      "Parent Relationship": "Outer",
                      "Parallel Aware": true,
                      "Join Type": "Inner",
                      "Startup Cost": 20945.49,
                      "Total Cost": 66455.82,
                      "Plan Rows": 9646,
                      "Plan Width": 8,
                      "Actual Startup Time": 109.627,
                      "Actual Total Time": 161.384,
                      "Actual Rows": 15479,
                      "Actual Loops": 5,
                      "Inner Unique": false,
                      "Hash Cond": "(t.id = mc.movie_id)",
                      "Plans": [
                        {
                          "Node Type": "Seq Scan",
                          "Parent Relationship": "Outer",
                          "Parallel Aware": true,
                          "Relation Name": "title",
                          "Alias": "t",
                          "Startup Cost": 0.0,
                          "Total Cost": 42318.81,
                          "Plan Rows": 632080,
                          "Plan Width": 4,
                          "Actual Startup Time": 0.011,
                          "Actual Total Time": 63.553,
                          "Actual Rows": 505662,
                          "Actual Loops": 5
                        },
                        {
                          "Node Type": "Hash",
                          "Parent Relationship": "Inner",
                          "Parallel Aware": true,
                          "Startup Cost": 20789.91,
                          "Total Cost": 20789.91,
                          "Plan Rows": 12447,
                          "Plan Width": 4,
                          "Actual Startup Time": 20.423,
                          "Actual Total Time": 20.424,
                          "Actual Rows": 15479,
                          "Actual Loops": 5,
                          "Hash Buckets": 131072,
                          "Original Hash Buckets": 65536,
                          "Hash Batches": 1,
                          "Original Hash Batches": 1,
                          "Peak Memory Usage": 4608,
                          "Plans": [
                            {
                              "Node Type": "Bitmap Heap Scan",
                              "Parent Relationship": "Outer",
                              "Parallel Aware": true,
                              "Relation Name": "movie_companies",
                              "Alias": "mc",
                              "Startup Cost": 1633.7,
                              "Total Cost": 20789.91,
                              "Plan Rows": 12447,
                              "Plan Width": 4,
                              "Actual Startup Time": 0.772,
                              "Actual Total Time": 12.299,
                              "Actual Rows": 15479,
                              "Actual Loops": 5,
                              "Recheck Cond": "(company_id > 171650)",
                              "Rows Removed by Index Recheck": 0,
                              "Filter": "(company_type_id = 2)",
                              "Rows Removed by Filter": 0,
                              "Exact Heap Blocks": 1497,
                              "Lossy Heap Blocks": 0,
                              "Plans": [
                                {
                                  "Node Type": "Bitmap Index Scan",
                                  "Parent Relationship": "Outer",
                                  "Parallel Aware": false,
                                  "Index Name": "company_id_movie_companies",
                                  "Startup Cost": 0.0,
                                  "Total Cost": 1624.05,
                                  "Plan Rows": 75683,
                                  "Plan Width": 0,
                                  "Actual Startup Time": 3.133,
                                  "Actual Total Time": 3.134,
                                  "Actual Rows": 77396,
                                  "Actual Loops": 1,
                                  "Index Cond": "(company_id > 171650)"
                                }
                              ]
                            }
                          ]
                        }
                      ]
                    },
                    {
                      "Node Type": "Index Scan",
                      "Parent Relationship": "Inner",
                      "Parallel Aware": false,
                      "Scan Direction": "Forward",
                      "Index Name": "movie_id_cast_info",
                      "Relation Name": "cast_info",
                      "Alias": "ci",
                      "Startup Cost": 0.56,
                      "Total Cost": 2.03,
                      "Plan Rows": 11,
                      "Plan Width": 4,
                      "Actual Startup Time": 0.014,
                      "Actual Total Time": 0.035,
                      "Actual Rows": 5,
                      "Actual Loops": 77396,
                      "Index Cond": "(movie_id = t.id)",
                      "Rows Removed by Index Recheck": 0,
                      "Filter": "((person_id > 751915) AND (role_id < 2))",
                      "Rows Removed by Filter": 21
                    }
                  ]
                }
              ]
            }
          ]
        }
      ]
    },
    "Planning Time": 0.446,
    "Triggers": [],
    "Execution Time": 788.186
  }
]