[
  {
    "Plan": {
      "Node Type": "Aggregate",
      "Strategy": "Plain",
      "Partial Mode": "Finalize",
      "Parallel Aware": false,
      "Startup Cost": 357883.44,
      "Total Cost": 357883.45,
      "Plan Rows": 1,
      "Plan Width": 8,
      "Actual Startup Time": 458.412,
      "Actual Total Time": 526.529,
      "Actual Rows": 1,
      "Actual Loops": 1,
      "Plans": [
        {
          "Node Type": "Gather",
          "Parent Relationship": "Outer",
          "Parallel Aware": false,
          "Startup Cost": 357883.02,
          "Total Cost": 357883.43,
          "Plan Rows": 4,
          "Plan Width": 8,
          "Actual Startup Time": 458.287,
          "Actual Total Time": 526.52,
          "Actual Rows": 5,
          "Actual Loops": 1,
          "Workers Planned": 4,
          "Workers Launched": 4,
          "Single Copy": false,
          "Plans": [
            {
              "Node Type": "Aggregate",
              "Strategy": "Plain",
              "Partial Mode": "Partial",
              "Parent Relationship": "Outer",
              "Parallel Aware": false,
              "Startup Cost": 356883.02,
              "Total Cost": 356883.03,
              "Plan Rows": 1,
              "Plan Width": 8,
              "Actual Startup Time": 448.103,
              "Actual Total Time": 448.104,
              "Actual Rows": 1,
              "Actual Loops": 5,
              "Plans": [
                {
                  "Node Type": "Nested Loop",
                  "Parent Relationship": "Outer",
                  "Parallel Aware": false,
                  "Join Type": "Inner",
                  "Startup Cost": 0.56,
                  "Total Cost": 356750.95,
                  "Plan Rows": 52827,
                  "Plan Width": 0,
                  "Actual Startup Time": 0.897,
                  "Actual Total Time": 444.69,
                  "Actual Rows": 41049,
                  "Actual Loops": 5,
                  "Inner Unique": false,
                  "Plans": [
                    {
                      "Node Type": "Seq Scan",
                      "Parent Relationship": "Outer",
                      "Parallel Aware": true,
                      "Relation Name": "title",
                      "Alias": "t",
                      "Startup Cost": 0.0,
                      "Total Cost": 45479.1,
                      "Plan Rows": 11996,
                      "Plan Width": 4,
                      "Actual Startup Time": 0.442,
                      "Actual Total Time": 73.513,
                      "Actual Rows": 7750,
                      "Actual Loops": 5,
                      "Filter": "((kind_id < 7) AND (production_year = 2008))",
                      "Rows Removed by Filter": 497912
                    },
                    {
                      "Node Type": "Index Scan",
                      "Parent Relationship": "Inner",
                      "Parallel Aware": false,
                      "Scan Direction": "Forward",
                      "Index Name": "movie_id_cast_info",
                      "Relation Name": "cast_info",
                      "Alias": "ci",
                      "Startup Cost": 0.56,
                      "Total Cost": 25.84,
                      "Plan Rows": 11,
                      "Plan Width": 4,
                      "Actual Startup Time": 0.013,
                      "Actual Total Time": 0.047,
                      "Actual Rows": 5,
                      "Actual Loops": 38752,
                      "Index Cond": "(movie_id = t.id)",
                      "Rows Removed by Index Recheck": 0,
                      "Filter": "((person_id < 1438358) AND (role_id < 6))",
                      "Rows Removed by Filter": 11
                    }
                  ]
                }
              ]
            }
          ]
        }
      ]
    },
    "Planning Time": 0.656,
    "Triggers": [],
    "Execution Time": 526.66
  }
]