{
  "Plan": {
    "Node Type": "Aggregate",
    "Strategy": "Plain",
    "Partial Mode": "Finalize",
    "Parallel Aware": false,
    "Startup Cost": 469007.15,
    "Total Cost": 469007.16,
    "Plan Rows": 1,
    "Plan Width": 8,
    "Actual Startup Time": 1578.393,
    "Actual Total Time": 1613.621,
    "Actual Rows": 1,
    "Actual Loops": 1,
    "Plans": [
      {
        "Node Type": "Gather",
        "Parent Relationship": "Outer",
        "Parallel Aware": false,
        "Startup Cost": 469007.04,
        "Total Cost": 469007.15,
        "Plan Rows": 1,
        "Plan Width": 8,
        "Actual Startup Time": 1578.33,
        "Actual Total Time": 1613.615,
        "Actual Rows": 2,
        "Actual Loops": 1,
        "Workers Planned": 1,
        "Workers Launched": 1,
        "Single Copy": false,
        "Plans": [
          {
            "Node Type": "Aggregate",
            "Strategy": "Plain",
            "Partial Mode": "Partial",
            "Parent Relationship": "Outer",
            "Parallel Aware": false,
            "Startup Cost": 468007.04,
            "Total Cost": 468007.05,
            "Plan Rows": 1,
            "Plan Width": 8,
            "Actual Startup Time": 1575.258,
            "Actual Total Time": 1575.261,
            "Actual Rows": 1,
            "Actual Loops": 2,
            "Plans": [
              {
                "Node Type": "Hash Join",
                "Parent Relationship": "Outer",
                "Parallel Aware": true,
                "Join Type": "Inner",
                "Startup Cost": 54702.35,
                "Total Cost": 467910.95,
                "Plan Rows": 38438,
                "Plan Width": 0,
                "Actual Startup Time": 129.412,
                "Actual Total Time": 1573.746,
                "Actual Rows": 22359,
                "Actual Loops": 2,
                "Inner Unique": true,
                "Hash Cond": "(ci.movie_id = t.id)",
                "Plans": [
                  {
                    "Node Type": "Index Scan",
                    "Parent Relationship": "Outer",
                    "Parallel Aware": true,
                    "Scan Direction": "Forward",
                    "Index Name": "role_id_cast_info",
                    "Relation Name": "cast_info",
                    "Alias": "ci",
                    "Startup Cost": 0.56,
                    "Total Cost": 396668.75,
                    "Plan Rows": 6301098,
                    "Plan Width": 4,
                    "Actual Startup Time": 0.122,
                    "Actual Total Time": 943.481,
                    "Actual Rows": 5559540,
                    "Actual Loops": 2,
                    "Index Cond": "(role_id > 3)",
                    "Rows Removed by Index Recheck": 0,
                    "Filter": "(person_id > 479442)",
                    "Rows Removed by Filter": 497284
                  },
                  {
                    "Node Type": "Hash",
                    "Parent Relationship": "Inner",
                    "Parallel Aware": true,
                    "Startup Cost": 54588.39,
                    "Total Cost": 54588.39,
                    "Plan Rows": 9072,
                    "Plan Width": 4,
                    "Actual Startup Time": 128.599,
                    "Actual Total Time": 128.6,
                    "Actual Rows": 7221,
                    "Actual Loops": 2,
                    "Hash Buckets": 16384,
                    "Original Hash Buckets": 16384,
                    "Hash Batches": 1,
                    "Original Hash Batches": 1,
                    "Peak Memory Usage": 736,
                    "Plans": [
                      {
                        "Node Type": "Seq Scan",
                        "Parent Relationship": "Outer",
                        "Parallel Aware": true,
                        "Relation Name": "title",
                        "Alias": "t",
                        "Startup Cost": 0.0,
                        "Total Cost": 54588.39,
                        "Plan Rows": 9072,
                        "Plan Width": 4,
                        "Actual Startup Time": 0.05,
                        "Actual Total Time": 126.199,
                        "Actual Rows": 7221,
                        "Actual Loops": 2,
                        "Filter": "(production_year = 1971)",
                        "Rows Removed by Filter": 1256935
                      }
                    ]
                  }
                ]
              }
            ]
          }
        ]
      }
    ]
  },
  "Planning Time": 0.242,
  "Triggers": [],
  "Execution Time": 1613.67
}