{
  "Plan": {
    "Node Type": "Aggregate",
    "Strategy": "Plain",
    "Partial Mode": "Finalize",
    "Parallel Aware": false,
    "Startup Cost": 429467.03,
    "Total Cost": 429467.04,
    "Plan Rows": 1,
    "Plan Width": 8,
    "Actual Startup Time": 3314.105,
    "Actual Total Time": 3368.531,
    "Actual Rows": 1,
    "Actual Loops": 1,
    "Plans": [
      {
        "Node Type": "Gather",
        "Parent Relationship": "Outer",
        "Parallel Aware": false,
        "Startup Cost": 429466.92,
        "Total Cost": 429467.03,
        "Plan Rows": 1,
        "Plan Width": 8,
        "Actual Startup Time": 3309.077,
        "Actual Total Time": 3368.52,
        "Actual Rows": 2,
        "Actual Loops": 1,
        "Workers Planned": 1,
        "Workers Launched": 1,
        "Single Copy": false,
        "Plans": [
          {
            "Node Type": "Aggregate",
            "Strategy": "Plain",
            "Partial Mode": "Partial",
            "Parent Relationship": "Outer",
            "Parallel Aware": false,
            "Startup Cost": 428466.92,
            "Total Cost": 428466.93,
            "Plan Rows": 1,
            "Plan Width": 8,
            "Actual Startup Time": 3303.737,
            "Actual Total Time": 3304.627,
            "Actual Rows": 1,
            "Actual Loops": 2,
            "Plans": [
              {
                "Node Type": "Hash Join",
                "Parent Relationship": "Outer",
                "Parallel Aware": true,
                "Join Type": "Inner",
                "Startup Cost": 131315.54,
                "Total Cost": 425294.64,
                "Plan Rows": 1268911,
                "Plan Width": 0,
                "Actual Startup Time": 772.626,
                "Actual Total Time": 2838.927,
                "Actual Rows": 12045109,
                "Actual Loops": 2,
                "Inner Unique": false,
                "Hash Cond": "(mi.movie_id = t.id)",
                "Plans": [
                  {
                    "Node Type": "Seq Scan",
                    "Parent Relationship": "Outer",
                    "Parallel Aware": true,
                    "Relation Name": "movie_info",
                    "Alias": "mi",
                    "Startup Cost": 0.0,
                    "Total Cost": 270696.42,
                    "Plan Rows": 4218272,
                    "Plan Width": 4,
                    "Actual Startup Time": 0.017,
                    "Actual Total Time": 703.836,
                    "Actual Rows": 3643432,
                    "Actual Loops": 2,
                    "Filter": "(info_type_id < 8)",
                    "Rows Removed by Filter": 3774428
                  },
                  {
                    "Node Type": "Hash",
                    "Parent Relationship": "Inner",
                    "Parallel Aware": true,
                    "Startup Cost": 125723.31,
                    "Total Cost": 125723.31,
                    "Plan Rows": 447378,
                    "Plan Width": 8,
                    "Actual Startup Time": 761.85,
                    "Actual Total Time": 762.739,
                    "Actual Rows": 754106,
                    "Actual Loops": 2,
                    "Hash Buckets": 2097152,
                    "Original Hash Buckets": 1048576,
                    "Hash Batches": 1,
                    "Original Hash Batches": 1,
                    "Peak Memory Usage": 83616,
                    "Plans": [
                      {
                        "Node Type": "Hash Join",
                        "Parent Relationship": "Outer",
                        "Parallel Aware": true,
                        "Join Type": "Inner",
                        "Startup Cost": 64453.47,
                        "Total Cost": 125723.31,
                        "Plan Rows": 447378,
                        "Plan Width": 8,
                        "Actual Startup Time": 248.66,
                        "Actual Total Time": 608.607,
                        "Actual Rows": 754106,
                        "Actual Loops": 2,
                        "Inner Unique": true,
                        "Hash Cond": "(mk.movie_id = t.id)",
                        "Plans": [
                          {
                            "Node Type": "Seq Scan",
                            "Parent Relationship": "Outer",
                            "Parallel Aware": true,
                            "Relation Name": "movie_keyword",
                            "Alias": "mk",
                            "Startup Cost": 0.0,
                            "Total Cost": 57718.19,
                            "Plan Rows": 1353006,
                            "Plan Width": 4,
                            "Actual Startup Time": 0.394,
                            "Actual Total Time": 190.555,
                            "Actual Rows": 1148749,
                            "Actual Loops": 2,
                            "Filter": "(keyword_id > 4573)",
                            "Rows Removed by Filter": 1113216
                          },
                          {
                            "Node Type": "Hash",
                            "Parent Relationship": "Inner",
                            "Parallel Aware": true,
                            "Startup Cost": 58306.47,
                            "Total Cost": 58306.47,
                            "Plan Rows": 491760,
                            "Plan Width": 4,
                            "Actual Startup Time": 242.869,
                            "Actual Total Time": 242.87,
                            "Actual Rows": 372043,
                            "Actual Loops": 2,
                            "Hash Buckets": 1048576,
                            "Original Hash Buckets": 1048576,
                            "Hash Batches": 1,
                            "Original Hash Batches": 1,
                            "Peak Memory Usage": 37312,
                            "Plans": [
                              {
                                "Node Type": "Seq Scan",
                                "Parent Relationship": "Outer",
                                "Parallel Aware": true,
                                "Relation Name": "title",
                                "Alias": "t",
                                "Startup Cost": 0.0,
                                "Total Cost": 58306.47,
                                "Plan Rows": 491760,
                                "Plan Width": 4,
                                "Actual Startup Time": 0.034,
                                "Actual Total Time": 151.943,
                                "Actual Rows": 372043,
                                "Actual Loops": 2,
                                "Filter": "((kind_id < 7) AND (production_year > 1967))",
                                "Rows Removed by Filter": 892113
                              }
                            ]
                          }
                        ]
                      }
                    ]
                  }
                ]
              }
            ]
          }
        ]
      }
    ]
  },
  "Planning Time": 0.953,
  "Triggers": [],
  "Execution Time": 3368.619
}