[
  {
    "Plan": {
      "Node Type": "Aggregate",
      "Strategy": "Plain",
      "Partial Mode": "Finalize",
      "Parallel Aware": false,
      "Startup Cost": 332356.64,
      "Total Cost": 332356.65,
      "Plan Rows": 1,
      "Plan Width": 8,
      "Actual Startup Time": 596.144,
      "Actual Total Time": 638.678,
      "Actual Rows": 1,
      "Actual Loops": 1,
      "Plans": [
        {
          "Node Type": "Gather",
          "Parent Relationship": "Outer",
          "Parallel Aware": false,
          "Startup Cost": 332356.02,
          "Total Cost": 332356.63,
          "Plan Rows": 6,
          "Plan Width": 8,
          "Actual Startup Time": 596.008,
          "Actual Total Time": 638.669,
          "Actual Rows": 7,
          "Actual Loops": 1,
          "Workers Planned": 6,
          "Workers Launched": 6,
          "Single Copy": false,
          "Plans": [
            {
              "Node Type": "Aggregate",
              "Strategy": "Plain",
              "Partial Mode": "Partial",
              "Parent Relationship": "Outer",
              "Parallel Aware": false,
              "Startup Cost": 331356.02,
              "Total Cost": 331356.03,
              "Plan Rows": 1,
              "Plan Width": 8,
              "Actual Startup Time": 589.074,
              "Actual Total Time": 589.075,
              "Actual Rows": 1,
              "Actual Loops": 7,
              "Plans": [
                {
                  "Node Type": "Seq Scan",
                  "Parent Relationship": "Outer",
                  "Parallel Aware": true,
                  "Relation Name": "cast_info",
                  "Alias": "ci",
                  "Startup Cost": 0.0,
                  "Total Cost": 328211.39,
                  "Plan Rows": 1257851,
                  "Plan Width": 0,
                  "Actual Startup Time": 320.9,
                  "Actual Total Time": 537.732,
                  "Actual Rows": 1069622,
                  "Actual Loops": 7,
                  "Filter": "(person_id > 2923477)",
                  "Rows Removed by Filter": 4108141
                }
              ]
            }
          ]
        }
      ]
    },
    "Planning Time": 0.206,
    "Triggers": [],
    "Execution Time": 638.747
  }
]