[
  {
    "Plan": {
      "Node Type": "Aggregate",
      "Strategy": "Plain",
      "Partial Mode": "Finalize",
      "Parallel Aware": false,
      "Startup Cost": 332317.11,
      "Total Cost": 332317.12,
      "Plan Rows": 1,
      "Plan Width": 8,
      "Actual Startup Time": 597.118,
      "Actual Total Time": 653.063,
      "Actual Rows": 1,
      "Actual Loops": 1,
      "Plans": [
        {
          "Node Type": "Gather",
          "Parent Relationship": "Outer",
          "Parallel Aware": false,
          "Startup Cost": 332316.49,
          "Total Cost": 332317.1,
          "Plan Rows": 6,
          "Plan Width": 8,
          "Actual Startup Time": 597.006,
          "Actual Total Time": 653.053,
          "Actual Rows": 7,
          "Actual Loops": 1,
          "Workers Planned": 6,
          "Workers Launched": 6,
          "Single Copy": false,
          "Plans": [
            {
              "Node Type": "Aggregate",
              "Strategy": "Plain",
              "Partial Mode": "Partial",
              "Parent Relationship": "Outer",
              "Parallel Aware": false,
              "Startup Cost": 331316.49,
              "Total Cost": 331316.5,
              "Plan Rows": 1,
              "Plan Width": 8,
              "Actual Startup Time": 586.35,
              "Actual Total Time": 586.351,
              "Actual Rows": 1,
              "Actual Loops": 7,
              "Plans": [
                {
                  "Node Type": "Seq Scan",
                  "Parent Relationship": "Outer",
                  "Parallel Aware": true,
                  "Relation Name": "cast_info",
                  "Alias": "ci",
                  "Startup Cost": 0.0,
                  "Total Cost": 328162.03,
                  "Plan Rows": 1261784,
                  "Plan Width": 0,
                  "Actual Startup Time": 325.294,
                  "Actual Total Time": 541.528,
                  "Actual Rows": 1069622,
                  "Actual Loops": 7,
                  "Filter": "(person_id > 2923477)",
                  "Rows Removed by Filter": 4108141
                }
              ]
            }
          ]
        }
      ]
    },
    "Planning Time": 0.164,
    "Triggers": [],
    "Execution Time": 653.133
  }
]