[
    {
        "Bao": {
            "Bao prediction": "NaN",
            "Bao recommended hint": "(no hint)"
        }
    },
    {
        "Plan": {
            "Node Type": "Aggregate",
            "Strategy": "Plain",
            "Partial Mode": "Finalize",
            "Parallel Aware": false,
            "Startup Cost": 47325.79,
            "Total Cost": 47325.8,
            "Plan Rows": 1,
            "Plan Width": 8,
            "Actual Startup Time": 112.622,
            "Actual Total Time": 124.857,
            "Actual Rows": 1,
            "Actual Loops": 1,
            "Output": [
                "count(*)"
            ],
            "Plans": [
                {
                    "Node Type": "Gather",
                    "Parent Relationship": "Outer",
                    "Parallel Aware": false,
                    "Startup Cost": 47325.37,
                    "Total Cost": 47325.78,
                    "Plan Rows": 4,
                    "Plan Width": 8,
                    "Actual Startup Time": 112.492,
                    "Actual Total Time": 124.847,
                    "Actual Rows": 5,
                    "Actual Loops": 1,
                    "Output": [
                        "(PARTIAL count(*))"
                    ],
                    "Workers Planned": 4,
                    "Workers Launched": 4,
                    "Single Copy": false,
                    "Plans": [
                        {
                            "Node Type": "Aggregate",
                            "Strategy": "Plain",
                            "Partial Mode": "Partial",
                            "Parent Relationship": "Outer",
                            "Parallel Aware": false,
                            "Startup Cost": 46325.37,
                            "Total Cost": 46325.38,
                            "Plan Rows": 1,
                            "Plan Width": 8,
                            "Actual Startup Time": 102.666,
                            "Actual Total Time": 102.668,
                            "Actual Rows": 1,
                            "Actual Loops": 5,
                            "Output": [
                                "PARTIAL count(*)"
                            ],
                            "Workers": [
                                {
                                    "Worker Number": 0,
                                    "Actual Startup Time": 99.952,
                                    "Actual Total Time": 99.954,
                                    "Actual Rows": 1,
                                    "Actual Loops": 1
                                },
                                {
                                    "Worker Number": 1,
                                    "Actual Startup Time": 100.168,
                                    "Actual Total Time": 100.17,
                                    "Actual Rows": 1,
                                    "Actual Loops": 1
                                },
                                {
                                    "Worker Number": 2,
                                    "Actual Startup Time": 100.287,
                                    "Actual Total Time": 100.289,
                                    "Actual Rows": 1,
                                    "Actual Loops": 1
                                },
                                {
                                    "Worker Number": 3,
                                    "Actual Startup Time": 100.842,
                                    "Actual Total Time": 100.844,
                                    "Actual Rows": 1,
                                    "Actual Loops": 1
                                }
                            ],
                            "Plans": [
                                {
                                    "Node Type": "Nested Loop",
                                    "Parent Relationship": "Outer",
                                    "Parallel Aware": false,
                                    "Join Type": "Inner",
                                    "Startup Cost": 1.0,
                                    "Total Cost": 46324.38,
                                    "Plan Rows": 397,
                                    "Plan Width": 0,
                                    "Actual Startup Time": 58.582,
                                    "Actual Total Time": 102.371,
                                    "Actual Rows": 3553,
                                    "Actual Loops": 5,
                                    "Inner Unique": false,
                                    "Join Filter": "(t.id = ci.movie_id)",
                                    "Rows Removed by Join Filter": 0,
                                    "Workers": [
                                        {
                                            "Worker Number": 0,
                                            "Actual Startup Time": 56.365,
                                            "Actual Total Time": 99.648,
                                            "Actual Rows": 2749,
                                            "Actual Loops": 1
                                        },
                                        {
                                            "Worker Number": 1,
                                            "Actual Startup Time": 55.891,
                                            "Actual Total Time": 99.876,
                                            "Actual Rows": 2711,
                                            "Actual Loops": 1
                                        },
                                        {
                                            "Worker Number": 2,
                                            "Actual Startup Time": 56.398,
                                            "Actual Total Time": 100.05,
                                            "Actual Rows": 3535,
                                            "Actual Loops": 1
                                        },
                                        {
                                            "Worker Number": 3,
                                            "Actual Startup Time": 56.674,
                                            "Actual Total Time": 100.573,
                                            "Actual Rows": 3852,
                                            "Actual Loops": 1
                                        }
                                    ],
                                    "Plans": [
                                        {
                                            "Node Type": "Nested Loop",
                                            "Parent Relationship": "Outer",
                                            "Parallel Aware": false,
                                            "Join Type": "Inner",
                                            "Startup Cost": 0.43,
                                            "Total Cost": 46273.73,
                                            "Plan Rows": 28,
                                            "Plan Width": 8,
                                            "Actual Startup Time": 58.39,
                                            "Actual Total Time": 92.332,
                                            "Actual Rows": 1591,
                                            "Actual Loops": 5,
                                            "Output": [
                                                "t.id",
                                                "mi.movie_id"
                                            ],
                                            "Inner Unique": false,
                                            "Workers": [
                                                {
                                                    "Worker Number": 0,
                                                    "Actual Startup Time": 55.754,
                                                    "Actual Total Time": 88.843,
                                                    "Actual Rows": 1168,
                                                    "Actual Loops": 1
                                                },
                                                {
                                                    "Worker Number": 1,
                                                    "Actual Startup Time": 55.772,
                                                    "Actual Total Time": 89.436,
                                                    "Actual Rows": 1130,
                                                    "Actual Loops": 1
                                                },
                                                {
                                                    "Worker Number": 2,
                                                    "Actual Startup Time": 56.318,
                                                    "Actual Total Time": 90.453,
                                                    "Actual Rows": 1627,
                                                    "Actual Loops": 1
                                                },
                                                {
                                                    "Worker Number": 3,
                                                    "Actual Startup Time": 56.588,
                                                    "Actual Total Time": 90.022,
                                                    "Actual Rows": 1738,
                                                    "Actual Loops": 1
                                                }
                                            ],
                                            "Plans": [
                                                {
                                                    "Node Type": "Seq Scan",
                                                    "Parent Relationship": "Outer",
                                                    "Parallel Aware": true,
                                                    "Relation Name": "title",
                                                    "Schema": "public",
                                                    "Alias": "t",
                                                    "Startup Cost": 0.0,
                                                    "Total Cost": 45479.21,
                                                    "Plan Rows": 5,
                                                    "Plan Width": 4,
                                                    "Actual Startup Time": 58.282,
                                                    "Actual Total Time": 82.984,
                                                    "Actual Rows": 207,
                                                    "Actual Loops": 5,
                                                    "Output": [
                                                        "t.id",
                                                        "t.title",
                                                        "t.imdb_index",
                                                        "t.kind_id",
                                                        "t.production_year",
                                                        "t.imdb_id",
                                                        "t.phonetic_code",
                                                        "t.episode_of_id",
                                                        "t.season_nr",
                                                        "t.episode_nr",
                                                        "t.series_years",
                                                        "t.md5sum"
                                                    ],
                                                    "Filter": "((t.kind_id < 7) AND (t.production_year < 1897))",
                                                    "Rows Removed by Filter": 505455,
                                                    "Workers": [
                                                        {
                                                            "Worker Number": 0,
                                                            "Actual Startup Time": 55.607,
                                                            "Actual Total Time": 77.978,
                                                            "Actual Rows": 149,
                                                            "Actual Loops": 1
                                                        },
                                                        {
                                                            "Worker Number": 1,
                                                            "Actual Startup Time": 55.622,
                                                            "Actual Total Time": 79.021,
                                                            "Actual Rows": 141,
                                                            "Actual Loops": 1
                                                        },
                                                        {
                                                            "Worker Number": 2,
                                                            "Actual Startup Time": 56.213,
                                                            "Actual Total Time": 80.553,
                                                            "Actual Rows": 206,
                                                            "Actual Loops": 1
                                                        },
                                                        {
                                                            "Worker Number": 3,
                                                            "Actual Startup Time": 56.486,
                                                            "Actual Total Time": 79.272,
                                                            "Actual Rows": 236,
                                                            "Actual Loops": 1
                                                        }
                                                    ]
                                                },
                                                {
                                                    "Node Type": "Index Only Scan",
                                                    "Parent Relationship": "Inner",
                                                    "Parallel Aware": false,
                                                    "Scan Direction": "Forward",
                                                    "Index Name": "movie_id_movie_info",
                                                    "Relation Name": "movie_info",
                                                    "Schema": "public",
                                                    "Alias": "mi",
                                                    "Startup Cost": 0.43,
                                                    "Total Cost": 158.51,
                                                    "Plan Rows": 39,
                                                    "Plan Width": 4,
                                                    "Actual Startup Time": 0.019,
                                                    "Actual Total Time": 0.043,
                                                    "Actual Rows": 8,
                                                    "Actual Loops": 1036,
                                                    "Output": [
                                                        "mi.movie_id"
                                                    ],
                                                    "Index Cond": "(mi.movie_id = t.id)",
                                                    "Rows Removed by Index Recheck": 0,
                                                    "Heap Fetches": 7957,
                                                    "Workers": [
                                                        {
                                                            "Worker Number": 0,
                                                            "Actual Startup Time": 0.031,
                                                            "Actual Total Time": 0.07,
                                                            "Actual Rows": 8,
                                                            "Actual Loops": 149
                                                        },
                                                        {
                                                            "Worker Number": 1,
                                                            "Actual Startup Time": 0.031,
                                                            "Actual Total Time": 0.071,
                                                            "Actual Rows": 8,
                                                            "Actual Loops": 141
                                                        },
                                                        {
                                                            "Worker Number": 2,
                                                            "Actual Startup Time": 0.02,
                                                            "Actual Total Time": 0.046,
                                                            "Actual Rows": 8,
                                                            "Actual Loops": 206
                                                        },
                                                        {
                                                            "Worker Number": 3,
                                                            "Actual Startup Time": 0.02,
                                                            "Actual Total Time": 0.044,
                                                            "Actual Rows": 7,
                                                            "Actual Loops": 236
                                                        }
                                                    ]
                                                }
                                            ]
                                        },
                                        {
                                            "Node Type": "Index Only Scan",
                                            "Parent Relationship": "Inner",
                                            "Parallel Aware": false,
                                            "Scan Direction": "Forward",
                                            "Index Name": "movie_id_cast_info",
                                            "Relation Name": "cast_info",
                                            "Schema": "public",
                                            "Alias": "ci",
                                            "Startup Cost": 0.56,
                                            "Total Cost": 1.33,
                                            "Plan Rows": 38,
                                            "Plan Width": 4,
                                            "Actual Startup Time": 0.005,
                                            "Actual Total Time": 0.006,
                                            "Actual Rows": 2,
                                            "Actual Loops": 7957,
                                            "Output": [
                                                "ci.movie_id"
                                            ],
                                            "Index Cond": "(ci.movie_id = mi.movie_id)",
                                            "Rows Removed by Index Recheck": 0,
                                            "Heap Fetches": 17763,
                                            "Workers": [
                                                {
                                                    "Worker Number": 0,
                                                    "Actual Startup Time": 0.007,
                                                    "Actual Total Time": 0.008,
                                                    "Actual Rows": 2,
                                                    "Actual Loops": 1168
                                                },
                                                {
                                                    "Worker Number": 1,
                                                    "Actual Startup Time": 0.007,
                                                    "Actual Total Time": 0.008,
                                                    "Actual Rows": 2,
                                                    "Actual Loops": 1130
                                                },
                                                {
                                                    "Worker Number": 2,
                                                    "Actual Startup Time": 0.005,
                                                    "Actual Total Time": 0.005,
                                                    "Actual Rows": 2,
                                                    "Actual Loops": 1627
                                                },
                                                {
                                                    "Worker Number": 3,
                                                    "Actual Startup Time": 0.005,
                                                    "Actual Total Time": 0.005,
                                                    "Actual Rows": 2,
                                                    "Actual Loops": 1738
                                                }
                                            ]
                                        }
                                    ]
                                }
                            ]
                        }
                    ]
                }
            ]
        },
        "Planning Time": 283.74,
        "Triggers": [],
        "Execution Time": 124.933
    }
]