{
  "Plan": {
    "Node Type": "Aggregate",
    "Strategy": "Plain",
    "Partial Mode": "Finalize",
    "Parallel Aware": false,
    "Startup Cost": 117844.39,
    "Total Cost": 117844.4,
    "Plan Rows": 1,
    "Plan Width": 8,
    "Actual Startup Time": 483.113,
    "Actual Total Time": 498.443,
    "Actual Rows": 1,
    "Actual Loops": 1,
    "Plans": [
      {
        "Node Type": "Gather",
        "Parent Relationship": "Outer",
        "Parallel Aware": false,
        "Startup Cost": 117844.28,
        "Total Cost": 117844.39,
        "Plan Rows": 1,
        "Plan Width": 8,
        "Actual Startup Time": 482.866,
        "Actual Total Time": 498.435,
        "Actual Rows": 2,
        "Actual Loops": 1,
        "Workers Planned": 1,
        "Workers Launched": 1,
        "Single Copy": false,
        "Plans": [
          {
            "Node Type": "Aggregate",
            "Strategy": "Plain",
            "Partial Mode": "Partial",
            "Parent Relationship": "Outer",
            "Parallel Aware": false,
            "Startup Cost": 116844.28,
            "Total Cost": 116844.29,
            "Plan Rows": 1,
            "Plan Width": 8,
            "Actual Startup Time": 477.102,
            "Actual Total Time": 477.105,
            "Actual Rows": 1,
            "Actual Loops": 2,
            "Plans": [
              {
                "Node Type": "Hash Join",
                "Parent Relationship": "Outer",
                "Parallel Aware": true,
                "Join Type": "Inner",
                "Startup Cost": 54857.33,
                "Total Cost": 116786.26,
                "Plan Rows": 23206,
                "Plan Width": 0,
                "Actual Startup Time": 152.897,
                "Actual Total Time": 475.863,
                "Actual Rows": 22074,
                "Actual Loops": 2,
                "Inner Unique": true,
                "Hash Cond": "(mk.movie_id = t.id)",
                "Plans": [
                  {
                    "Node Type": "Seq Scan",
                    "Parent Relationship": "Outer",
                    "Parallel Aware": true,
                    "Relation Name": "movie_keyword",
                    "Alias": "mk",
                    "Startup Cost": 0.0,
                    "Total Cost": 57718.19,
                    "Plan Rows": 1604089,
                    "Plan Width": 4,
                    "Actual Startup Time": 0.305,
                    "Actual Total Time": 222.277,
                    "Actual Rows": 1355416,
                    "Actual Loops": 2,
                    "Filter": "(keyword_id > 2950)",
                    "Rows Removed by Filter": 906550
                  },
                  {
                    "Node Type": "Hash",
                    "Parent Relationship": "Inner",
                    "Parallel Aware": true,
                    "Startup Cost": 54588.39,
                    "Total Cost": 54588.39,
                    "Plan Rows": 21515,
                    "Plan Width": 4,
                    "Actual Startup Time": 151.365,
                    "Actual Total Time": 151.366,
                    "Actual Rows": 18254,
                    "Actual Loops": 2,
                    "Hash Buckets": 65536,
                    "Original Hash Buckets": 65536,
                    "Hash Batches": 1,
                    "Original Hash Batches": 1,
                    "Peak Memory Usage": 1984,
                    "Plans": [
                      {
                        "Node Type": "Seq Scan",
                        "Parent Relationship": "Outer",
                        "Parallel Aware": true,
                        "Relation Name": "title",
                        "Alias": "t",
                        "Startup Cost": 0.0,
                        "Total Cost": 54588.39,
                        "Plan Rows": 21515,
                        "Plan Width": 4,
                        "Actual Startup Time": 0.069,
                        "Actual Total Time": 144.372,
                        "Actual Rows": 18254,
                        "Actual Loops": 2,
                        "Filter": "(production_year = 1996)",
                        "Rows Removed by Filter": 1245902
                      }
                    ]
                  }
                ]
              }
            ]
          }
        ]
      }
    ]
  },
  "Planning Time": 0.441,
  "Triggers": [],
  "Execution Time": 498.512
}