[
  {
    "Plan": {
      "Node Type": "Aggregate",
      "Strategy": "Plain",
      "Partial Mode": "Finalize",
      "Parallel Aware": false,
      "Startup Cost": 62660.74,
      "Total Cost": 62660.75,
      "Plan Rows": 1,
      "Plan Width": 8,
      "Actual Startup Time": 195.209,
      "Actual Total Time": 209.749,
      "Actual Rows": 1,
      "Actual Loops": 1,
      "Plans": [
        {
          "Node Type": "Gather",
          "Parent Relationship": "Outer",
          "Parallel Aware": false,
          "Startup Cost": 62660.53,
          "Total Cost": 62660.74,
          "Plan Rows": 2,
          "Plan Width": 8,
          "Actual Startup Time": 194.946,
          "Actual Total Time": 209.74,
          "Actual Rows": 3,
          "Actual Loops": 1,
          "Workers Planned": 2,
          "Workers Launched": 2,
          "Single Copy": false,
          "Plans": [
            {
              "Node Type": "Aggregate",
              "Strategy": "Plain",
              "Partial Mode": "Partial",
              "Parent Relationship": "Outer",
              "Parallel Aware": false,
              "Startup Cost": 61660.53,
              "Total Cost": 61660.54,
              "Plan Rows": 1,
              "Plan Width": 8,
              "Actual Startup Time": 187.009,
              "Actual Total Time": 187.012,
              "Actual Rows": 1,
              "Actual Loops": 3,
              "Plans": [
                {
                  "Node Type": "Hash Join",
                  "Parent Relationship": "Outer",
                  "Parallel Aware": true,
                  "Join Type": "Inner",
                  "Startup Cost": 45530.01,
                  "Total Cost": 61654.44,
                  "Plan Rows": 2435,
                  "Plan Width": 0,
                  "Actual Startup Time": 121.401,
                  "Actual Total Time": 186.878,
                  "Actual Rows": 2223,
                  "Actual Loops": 3,
                  "Inner Unique": true,
                  "Hash Cond": "(mi_idx.movie_id = t.id)",
                  "Plans": [
                    {
                      "Node Type": "Seq Scan",
                      "Parent Relationship": "Outer",
                      "Parallel Aware": true,
                      "Relation Name": "movie_info_idx",
                      "Alias": "mi_idx",
                      "Startup Cost": 0.0,
                      "Total Cost": 15122.68,
                      "Plan Rows": 381618,
                      "Plan Width": 4,
                      "Actual Startup Time": 0.021,
                      "Actual Total Time": 43.307,
                      "Actual Rows": 306617,
                      "Actual Loops": 3,
                      "Filter": "(info_type_id < 101)",
                      "Rows Removed by Filter": 153395
                    },
                    {
                      "Node Type": "Hash",
                      "Parent Relationship": "Inner",
                      "Parallel Aware": true,
                      "Startup Cost": 45479.59,
                      "Total Cost": 45479.59,
                      "Plan Rows": 4034,
                      "Plan Width": 4,
                      "Actual Startup Time": 120.248,
                      "Actual Total Time": 120.249,
                      "Actual Rows": 6152,
                      "Actual Loops": 3,
                      "Hash Buckets": 32768,
                      "Original Hash Buckets": 16384,
                      "Hash Batches": 1,
                      "Original Hash Batches": 1,
                      "Peak Memory Usage": 1152,
                      "Plans": [
                        {
                          "Node Type": "Seq Scan",
                          "Parent Relationship": "Outer",
                          "Parallel Aware": true,
                          "Relation Name": "title",
                          "Alias": "t",
                          "Startup Cost": 0.0,
                          "Total Cost": 45479.59,
                          "Plan Rows": 4034,
                          "Plan Width": 4,
                          "Actual Startup Time": 0.187,
                          "Actual Total Time": 113.399,
                          "Actual Rows": 6152,
                          "Actual Loops": 3,
                          "Filter": "((kind_id > 2) AND (production_year = 1992))",
                          "Rows Removed by Filter": 836619
                        }
                      ]
                    }
                  ]
                }
              ]
            }
          ]
        }
      ]
    },
    "Planning Time": 0.627,
    "Triggers": [],
    "Execution Time": 209.881
  }
]