[
  {
    "Plan": {
      "Node Type": "Aggregate",
      "Strategy": "Plain",
      "Partial Mode": "Finalize",
      "Parallel Aware": false,
      "Startup Cost": 386588.45,
      "Total Cost": 386588.46,
      "Plan Rows": 1,
      "Plan Width": 8,
      "Actual Startup Time": 3199.919,
      "Actual Total Time": 3302.8,
      "Actual Rows": 1,
      "Actual Loops": 1,
      "Plans": [
        {
          "Node Type": "Gather",
          "Parent Relationship": "Outer",
          "Parallel Aware": false,
          "Startup Cost": 386587.93,
          "Total Cost": 386588.44,
          "Plan Rows": 5,
          "Plan Width": 8,
          "Actual Startup Time": 3194.832,
          "Actual Total Time": 3302.792,
          "Actual Rows": 6,
          "Actual Loops": 1,
          "Workers Planned": 5,
          "Workers Launched": 5,
          "Single Copy": false,
          "Plans": [
            {
              "Node Type": "Aggregate",
              "Strategy": "Plain",
              "Partial Mode": "Partial",
              "Parent Relationship": "Outer",
              "Parallel Aware": false,
              "Startup Cost": 385587.93,
              "Total Cost": 385587.94,
              "Plan Rows": 1,
              "Plan Width": 8,
              "Actual Startup Time": 3187.59,
              "Actual Total Time": 3187.593,
              "Actual Rows": 1,
              "Actual Loops": 6,
              "Plans": [
                {
                  "Node Type": "Nested Loop",
                  "Parent Relationship": "Outer",
                  "Parallel Aware": false,
                  "Join Type": "Inner",
                  "Startup Cost": 85211.52,
                  "Total Cost": 382187.02,
                  "Plan Rows": 1360364,
                  "Plan Width": 0,
                  "Actual Startup Time": 277.625,
                  "Actual Total Time": 3046.195,
                  "Actual Rows": 3045306,
                  "Actual Loops": 6,
                  "Inner Unique": false,
                  "Plans": [
                    {
                      "Node Type": "Merge Join",
                      "Parent Relationship": "Outer",
                      "Parallel Aware": false,
                      "Join Type": "Inner",
                      "Startup Cost": 85210.95,
                      "Total Cost": 179801.83,
                      "Plan Rows": 94880,
                      "Plan Width": 8,
                      "Actual Startup Time": 277.521,
                      "Actual Total Time": 671.106,
                      "Actual Rows": 78758,
                      "Actual Loops": 6,
                      "Inner Unique": false,
                      "Merge Cond": "(t.id = mk.movie_id)",
                      "Plans": [
                        {
                          "Node Type": "Index Only Scan",
                          "Parent Relationship": "Outer",
                          "Parallel Aware": true,
                          "Scan Direction": "Forward",
                          "Index Name": "title_pkey",
                          "Relation Name": "title",
                          "Alias": "t",
                          "Startup Cost": 0.43,
                          "Total Cost": 90125.02,
                          "Plan Rows": 505685,
                          "Plan Width": 4,
                          "Actual Startup Time": 0.104,
                          "Actual Total Time": 308.31,
                          "Actual Rows": 420965,
                          "Actual Loops": 6,
                          "Heap Fetches": 2525791
                        },
                        {
                          "Node Type": "Sort",
                          "Parent Relationship": "Inner",
                          "Parallel Aware": false,
                          "Startup Cost": 85175.1,
                          "Total Cost": 86361.11,
                          "Plan Rows": 474402,
                          "Plan Width": 4,
                          "Actual Startup Time": 277.218,
                          "Actual Total Time": 303.413,
                          "Actual Rows": 472545,
                          "Actual Loops": 6,
                          "Sort Key": [
                            "mk.movie_id"
                          ],
                          "Sort Method": "quicksort",
                          "Sort Space Used": 34439,
                          "Sort Space Type": "Memory",
                          "Workers": [
                            {
                              "Worker Number": 0,
                              "Sort Method": "quicksort",
                              "Sort Space Used": 34439,
                              "Sort Space Type": "Memory"
                            },
                            {
                              "Worker Number": 1,
                              "Sort Method": "quicksort",
                              "Sort Space Used": 34439,
                              "Sort Space Type": "Memory"
                            },
                            {
                              "Worker Number": 2,
                              "Sort Method": "quicksort",
                              "Sort Space Used": 34439,
                              "Sort Space Type": "Memory"
                            },
                            {
                              "Worker Number": 3,
                              "Sort Method": "quicksort",
                              "Sort Space Used": 34439,
                              "Sort Space Type": "Memory"
                            },
                            {
                              "Worker Number": 4,
                              "Sort Method": "quicksort",
                              "Sort Space Used": 34439,
                              "Sort Space Type": "Memory"
                            }
                          ],
                          "Plans": [
                            {
                              "Node Type": "Bitmap Heap Scan",
                              "Parent Relationship": "Outer",
                              "Parallel Aware": false,
                              "Relation Name": "movie_keyword",
                              "Alias": "mk",
                              "Startup Cost": 10065.05,
                              "Total Cost": 40449.07,
                              "Plan Rows": 474402,
                              "Plan Width": 4,
                              "Actual Startup Time": 40.156,
                              "Actual Total Time": 165.946,
                              "Actual Rows": 472545,
                              "Actual Loops": 6,
                              "Recheck Cond": "(keyword_id < 359)",
                              "Rows Removed by Index Recheck": 0,
                              "Exact Heap Blocks": 24265,
                              "Lossy Heap Blocks": 0,
                              "Plans": [
                                {
                                  "Node Type": "Bitmap Index Scan",
                                  "Parent Relationship": "Outer",
                                  "Parallel Aware": false,
                                  "Index Name": "keyword_id_movie_keyword",
                                  "Startup Cost": 0.0,
                                  "Total Cost": 9946.45,
                                  "Plan Rows": 474402,
                                  "Plan Width": 0,
                                  "Actual Startup Time": 36.885,
                                  "Actual Total Time": 36.886,
                                  "Actual Rows": 472545,
                                  "Actual Loops": 6,
                                  "Index Cond": "(keyword_id < 359)"
                                }
                              ]
                            }
                          ]
                        }
                      ]
                    },
                    {
                      "Node Type": "Index Only Scan",
                      "Parent Relationship": "Inner",
                      "Parallel Aware": false,
                      "Scan Direction": "Forward",
                      "Index Name": "movie_id_cast_info",
                      "Relation Name": "cast_info",
                      "Alias": "ci",
                      "Startup Cost": 0.56,
                      "Total Cost": 1.78,
                      "Plan Rows": 35,
                      "Plan Width": 4,
                      "Actual Startup Time": 0.004,
                      "Actual Total Time": 0.027,
                      "Actual Rows": 39,
                      "Actual Loops": 472545,
                      "Index Cond": "(movie_id = t.id)",
                      "Rows Removed by Index Recheck": 0,
                      "Heap Fetches": 18271837
                    }
                  ]
                }
              ]
            }
          ]
        }
      ]
    },
    "Planning Time": 1.143,
    "Triggers": [],
    "Execution Time": 3309.862
  }
]