{
    "Plan": {
        "Node Type": "Aggregate",
        "Strategy": "Plain",
        "Partial Mode": "Simple",
        "Parallel Aware": false,
        "Startup Cost": 60020382780.18,
        "Total Cost": 60020382780.19,
        "Plan Rows": 1,
        "Plan Width": 128,
        "Actual Startup Time": 10996.511,
        "Actual Total Time": 11120.655,
        "Actual Rows": 1,
        "Actual Loops": 1,
        "Output": [
            "min(chn.name)",
            "min(mi_idx.info)",
            "min(n.name)",
            "min(t.title)"
        ],
        "Plans": [
            {
                "Node Type": "Nested Loop",
                "Parent Relationship": "Outer",
                "Parallel Aware": false,
                "Join Type": "Inner",
                "Startup Cost": 60020375963.28,
                "Total Cost": 60020382780.17,
                "Plan Rows": 1,
                "Plan Width": 53,
                "Actual Startup Time": 10796.848,
                "Actual Total Time": 11120.154,
                "Actual Rows": 1446,
                "Actual Loops": 1,
                "Output": [
                    "chn.name",
                    "mi_idx.info",
                    "n.name",
                    "t.title"
                ],
                "Inner Unique": true,
                "Plans": [
                    {
                        "Node Type": "Hash Join",
                        "Parent Relationship": "Outer",
                        "Parallel Aware": false,
                        "Join Type": "Inner",
                        "Startup Cost": 50020375963.14,
                        "Total Cost": 50020382772.0,
                        "Plan Rows": 1,
                        "Plan Width": 57,
                        "Actual Startup Time": 10796.839,
                        "Actual Total Time": 11113.275,
                        "Actual Rows": 1825,
                        "Actual Loops": 1,
                        "Output": [
                            "cc.subject_id",
                            "chn.name",
                            "mi_idx.info",
                            "n.name",
                            "t.title"
                        ],
                        "Inner Unique": false,
                        "Hash Cond": "(t.id = ci.movie_id)",
                        "Plans": [
                            {
                                "Node Type": "Nested Loop",
                                "Parent Relationship": "Outer",
                                "Parallel Aware": false,
                                "Join Type": "Inner",
                                "Startup Cost": 30001225617.29,
                                "Total Cost": 30001232426.14,
                                "Plan Rows": 1,
                                "Plan Width": 42,
                                "Actual Startup Time": 2668.782,
                                "Actual Total Time": 2860.001,
                                "Actual Rows": 314,
                                "Actual Loops": 1,
                                "Output": [
                                    "cc.movie_id",
                                    "cc.subject_id",
                                    "mi_idx.info",
                                    "mi_idx.movie_id",
                                    "mk.movie_id",
                                    "t.title",
                                    "t.id"
                                ],
                                "Inner Unique": true,
                                "Plans": [
                                    {
                                        "Node Type": "Nested Loop",
                                        "Parent Relationship": "Outer",
                                        "Parallel Aware": false,
                                        "Join Type": "Inner",
                                        "Startup Cost": 20001225617.15,
                                        "Total Cost": 20001232417.97,
                                        "Plan Rows": 1,
                                        "Plan Width": 46,
                                        "Actual Startup Time": 2668.75,
                                        "Actual Total Time": 2858.663,
                                        "Actual Rows": 314,
                                        "Actual Loops": 1,
                                        "Output": [
                                            "cc.movie_id",
                                            "cc.subject_id",
                                            "cc.status_id",
                                            "mi_idx.info",
                                            "mi_idx.movie_id",
                                            "mk.movie_id",
                                            "t.title",
                                            "t.id"
                                        ],
                                        "Inner Unique": true,
                                        "Plans": [
                                            {
                                                "Node Type": "Nested Loop",
                                                "Parent Relationship": "Outer",
                                                "Parallel Aware": false,
                                                "Join Type": "Inner",
                                                "Startup Cost": 20001225617.02,
                                                "Total Cost": 20001232417.8,
                                                "Plan Rows": 1,
                                                "Plan Width": 50,
                                                "Actual Startup Time": 2668.723,
                                                "Actual Total Time": 2857.762,
                                                "Actual Rows": 668,
                                                "Actual Loops": 1,
                                                "Output": [
                                                    "cc.movie_id",
                                                    "cc.subject_id",
                                                    "cc.status_id",
                                                    "mi_idx.info",
                                                    "mi_idx.movie_id",
                                                    "mk.movie_id",
                                                    "t.title",
                                                    "t.kind_id",
                                                    "t.id"
                                                ],
                                                "Inner Unique": true,
                                                "Plans": [
                                                    {
                                                        "Node Type": "Merge Join",
                                                        "Parent Relationship": "Outer",
                                                        "Parallel Aware": false,
                                                        "Join Type": "Inner",
                                                        "Startup Cost": 10001225616.58,
                                                        "Total Cost": 10001232408.88,
                                                        "Plan Rows": 2,
                                                        "Plan Width": 25,
                                                        "Actual Startup Time": 2668.081,
                                                        "Actual Total Time": 2812.374,
                                                        "Actual Rows": 5483,
                                                        "Actual Loops": 1,
                                                        "Output": [
                                                            "cc.movie_id",
                                                            "cc.subject_id",
                                                            "cc.status_id",
                                                            "mi_idx.info",
                                                            "mi_idx.movie_id",
                                                            "mk.movie_id"
                                                        ],
                                                        "Inner Unique": false,
                                                        "Merge Cond": "(k.id = mk.keyword_id)",
                                                        "Plans": [
                                                            {
                                                                "Node Type": "Index Scan",
                                                                "Parent Relationship": "Outer",
                                                                "Parallel Aware": false,
                                                                "Scan Direction": "Forward",
                                                                "Index Name": "keyword_pkey",
                                                                "Relation Name": "keyword",
                                                                "Schema": "public",
                                                                "Alias": "k",
                                                                "Startup Cost": 0.42,
                                                                "Total Cost": 6684.62,
                                                                "Plan Rows": 10,
                                                                "Plan Width": 4,
                                                                "Actual Startup Time": 0.809,
                                                                "Actual Total Time": 66.226,
                                                                "Actual Rows": 9,
                                                                "Actual Loops": 1,
                                                                "Output": [
                                                                    "k.id",
                                                                    "k.keyword",
                                                                    "k.phonetic_code"
                                                                ],
                                                                "Filter": "(k.keyword = ANY ('{violence,web,violence,tv-special,superhero,gore,second-part,fight,murder,sequel}'::text[]))",
                                                                "Rows Removed by Filter": 134161
                                                            },
                                                            {
                                                                "Node Type": "Sort",
                                                                "Parent Relationship": "Inner",
                                                                "Parallel Aware": false,
                                                                "Startup Cost": 10001225616.15,
                                                                "Total Cost": 10001225670.18,
                                                                "Plan Rows": 21613,
                                                                "Plan Width": 29,
                                                                "Actual Startup Time": 2658.723,
                                                                "Actual Total Time": 2709.274,
                                                                "Actual Rows": 236041,
                                                                "Actual Loops": 1,
                                                                "Output": [
                                                                    "cc.movie_id",
                                                                    "cc.subject_id",
                                                                    "cc.status_id",
                                                                    "mi_idx.info",
                                                                    "mi_idx.movie_id",
                                                                    "mk.movie_id",
                                                                    "mk.keyword_id"
                                                                ],
                                                                "Sort Key": [
                                                                    "mk.keyword_id"
                                                                ],
                                                                "Sort Method": "quicksort",
                                                                "Sort Space Used": 77355,
                                                                "Sort Space Type": "Memory",
                                                                "Plans": [
                                                                    {
                                                                        "Node Type": "Merge Join",
                                                                        "Parent Relationship": "Outer",
                                                                        "Parallel Aware": false,
                                                                        "Join Type": "Inner",
                                                                        "Startup Cost": 10001211620.34,
                                                                        "Total Cost": 10001224060.05,
                                                                        "Plan Rows": 21613,
                                                                        "Plan Width": 29,
                                                                        "Actual Startup Time": 2371.321,
                                                                        "Actual Total Time": 2480.803,
                                                                        "Actual Rows": 675563,
                                                                        "Actual Loops": 1,
                                                                        "Output": [
                                                                            "cc.movie_id",
                                                                            "cc.subject_id",
                                                                            "cc.status_id",
                                                                            "mi_idx.info",
                                                                            "mi_idx.movie_id",
                                                                            "mk.movie_id",
                                                                            "mk.keyword_id"
                                                                        ],
                                                                        "Inner Unique": false,
                                                                        "Merge Cond": "(it2.id = mi_idx.info_type_id)",
                                                                        "Plans": [
                                                                            {
                                                                                "Node Type": "Index Scan",
                                                                                "Parent Relationship": "Outer",
                                                                                "Parallel Aware": false,
                                                                                "Scan Direction": "Forward",
                                                                                "Index Name": "info_type_pkey",
                                                                                "Relation Name": "info_type",
                                                                                "Schema": "public",
                                                                                "Alias": "it2",
                                                                                "Startup Cost": 0.14,
                                                                                "Total Cost": 14.12,
                                                                                "Plan Rows": 1,
                                                                                "Plan Width": 4,
                                                                                "Actual Startup Time": 0.07,
                                                                                "Actual Total Time": 0.088,
                                                                                "Actual Rows": 1,
                                                                                "Actual Loops": 1,
                                                                                "Output": [
                                                                                    "it2.id",
                                                                                    "it2.info"
                                                                                ],
                                                                                "Filter": "((it2.info)::text = 'rating'::text)",
                                                                                "Rows Removed by Filter": 112
                                                                            },
                                                                            {
                                                                                "Node Type": "Sort",
                                                                                "Parent Relationship": "Inner",
                                                                                "Parallel Aware": false,
                                                                                "Startup Cost": 10001211606.22,
                                                                                "Total Cost": 10001217717.9,
                                                                                "Plan Rows": 2444674,
                                                                                "Plan Width": 33,
                                                                                "Actual Startup Time": 2341.926,
                                                                                "Actual Total Time": 2379.869,
                                                                                "Actual Rows": 984657,
                                                                                "Actual Loops": 1,
                                                                                "Output": [
                                                                                    "cc.movie_id",
                                                                                    "cc.subject_id",
                                                                                    "cc.status_id",
                                                                                    "mi_idx.info",
                                                                                    "mi_idx.movie_id",
                                                                                    "mi_idx.info_type_id",
                                                                                    "mk.movie_id",
                                                                                    "mk.keyword_id"
                                                                                ],
                                                                                "Sort Key": [
                                                                                    "mi_idx.info_type_id"
                                                                                ],
                                                                                "Sort Method": "quicksort",
                                                                                "Sort Space Used": 102120,
                                                                                "Sort Space Type": "Memory",
                                                                                "Plans": [
                                                                                    {
                                                                                        "Node Type": "Hash Join",
                                                                                        "Parent Relationship": "Outer",
                                                                                        "Parallel Aware": false,
                                                                                        "Join Type": "Inner",
                                                                                        "Startup Cost": 10000472684.55,
                                                                                        "Total Cost": 10000952211.51,
                                                                                        "Plan Rows": 2444674,
                                                                                        "Plan Width": 33,
                                                                                        "Actual Startup Time": 1745.92,
                                                                                        "Actual Total Time": 2143.535,
                                                                                        "Actual Rows": 992562,
                                                                                        "Actual Loops": 1,
                                                                                        "Output": [
                                                                                            "cc.movie_id",
                                                                                            "cc.subject_id",
                                                                                            "cc.status_id",
                                                                                            "mi_idx.info",
                                                                                            "mi_idx.movie_id",
                                                                                            "mi_idx.info_type_id",
                                                                                            "mk.movie_id",
                                                                                            "mk.keyword_id"
                                                                                        ],
                                                                                        "Inner Unique": false,
                                                                                        "Hash Cond": "(mi_idx.movie_id = mk.movie_id)",
                                                                                        "Plans": [
                                                                                            {
                                                                                                "Node Type": "Index Scan",
                                                                                                "Parent Relationship": "Outer",
                                                                                                "Parallel Aware": false,
                                                                                                "Scan Direction": "Forward",
                                                                                                "Index Name": "movie_id_movie_info_idx",
                                                                                                "Relation Name": "movie_info_idx",
                                                                                                "Schema": "public",
                                                                                                "Alias": "mi_idx",
                                                                                                "Startup Cost": 10000000000.43,
                                                                                                "Total Cost": 10000057080.9,
                                                                                                "Plan Rows": 194028,
                                                                                                "Plan Width": 13,
                                                                                                "Actual Startup Time": 0.053,
                                                                                                "Actual Total Time": 223.277,
                                                                                                "Actual Rows": 192839,
                                                                                                "Actual Loops": 1,
                                                                                                "Output": [
                                                                                                    "mi_idx.id",
                                                                                                    "mi_idx.movie_id",
                                                                                                    "mi_idx.info_type_id",
                                                                                                    "mi_idx.info",
                                                                                                    "mi_idx.note"
                                                                                                ],
                                                                                                "Filter": "(mi_idx.info > '7.0'::text)",
                                                                                                "Rows Removed by Filter": 1187196
                                                                                            },
                                                                                            {
                                                                                                "Node Type": "Hash",
                                                                                                "Parent Relationship": "Inner",
                                                                                                "Parallel Aware": false,
                                                                                                "Startup Cost": 395852.39,
                                                                                                "Total Cost": 395852.39,
                                                                                                "Plan Rows": 6146539,
                                                                                                "Plan Width": 20,
                                                                                                "Actual Startup Time": 1705.135,
                                                                                                "Actual Total Time": 1705.14,
                                                                                                "Actual Rows": 2171367,
                                                                                                "Actual Loops": 1,
                                                                                                "Output": [
                                                                                                    "cc.movie_id",
                                                                                                    "cc.subject_id",
                                                                                                    "cc.status_id",
                                                                                                    "mk.movie_id",
                                                                                                    "mk.keyword_id"
                                                                                                ],
                                                                                                "Hash Buckets": 8388608,
                                                                                                "Original Hash Buckets": 8388608,
                                                                                                "Hash Batches": 1,
                                                                                                "Original Hash Batches": 1,
                                                                                                "Peak Memory Usage": 175801,
                                                                                                "Plans": [
                                                                                                    {
                                                                                                        "Node Type": "Hash Join",
                                                                                                        "Parent Relationship": "Outer",
                                                                                                        "Parallel Aware": false,
                                                                                                        "Join Type": "Inner",
                                                                                                        "Startup Cost": 126242.85,
                                                                                                        "Total Cost": 395852.39,
                                                                                                        "Plan Rows": 6146539,
                                                                                                        "Plan Width": 20,
                                                                                                        "Actual Startup Time": 1102.092,
                                                                                                        "Actual Total Time": 1411.465,
                                                                                                        "Actual Rows": 2171367,
                                                                                                        "Actual Loops": 1,
                                                                                                        "Output": [
                                                                                                            "cc.movie_id",
                                                                                                            "cc.subject_id",
                                                                                                            "cc.status_id",
                                                                                                            "mk.movie_id",
                                                                                                            "mk.keyword_id"
                                                                                                        ],
                                                                                                        "Inner Unique": false,
                                                                                                        "Hash Cond": "(cc.movie_id = mk.movie_id)",
                                                                                                        "Plans": [
                                                                                                            {
                                                                                                                "Node Type": "Index Scan",
                                                                                                                "Parent Relationship": "Outer",
                                                                                                                "Parallel Aware": false,
                                                                                                                "Scan Direction": "Forward",
                                                                                                                "Index Name": "subject_id_complete_cast",
                                                                                                                "Relation Name": "complete_cast",
                                                                                                                "Schema": "public",
                                                                                                                "Alias": "cc",
                                                                                                                "Startup Cost": 0.42,
                                                                                                                "Total Cost": 4164.71,
                                                                                                                "Plan Rows": 135086,
                                                                                                                "Plan Width": 12,
                                                                                                                "Actual Startup Time": 0.08,
                                                                                                                "Actual Total Time": 23.736,
                                                                                                                "Actual Rows": 135086,
                                                                                                                "Actual Loops": 1,
                                                                                                                "Output": [
                                                                                                                    "cc.id",
                                                                                                                    "cc.movie_id",
                                                                                                                    "cc.subject_id",
                                                                                                                    "cc.status_id"
                                                                                                                ]
                                                                                                            },
                                                                                                            {
                                                                                                                "Node Type": "Hash",
                                                                                                                "Parent Relationship": "Inner",
                                                                                                                "Parallel Aware": false,
                                                                                                                "Startup Cost": 69693.3,
                                                                                                                "Total Cost": 69693.3,
                                                                                                                "Plan Rows": 4523930,
                                                                                                                "Plan Width": 8,
                                                                                                                "Actual Startup Time": 1083.642,
                                                                                                                "Actual Total Time": 1083.643,
                                                                                                                "Actual Rows": 4523930,
                                                                                                                "Actual Loops": 1,
                                                                                                                "Output": [
                                                                                                                    "mk.movie_id",
                                                                                                                    "mk.keyword_id"
                                                                                                                ],
                                                                                                                "Hash Buckets": 8388608,
                                                                                                                "Original Hash Buckets": 8388608,
                                                                                                                "Hash Batches": 1,
                                                                                                                "Original Hash Batches": 1,
                                                                                                                "Peak Memory Usage": 242253,
                                                                                                                "Plans": [
                                                                                                                    {
                                                                                                                        "Node Type": "Seq Scan",
                                                                                                                        "Parent Relationship": "Outer",
                                                                                                                        "Parallel Aware": false,
                                                                                                                        "Relation Name": "movie_keyword",
                                                                                                                        "Schema": "public",
                                                                                                                        "Alias": "mk",
                                                                                                                        "Startup Cost": 0.0,
                                                                                                                        "Total Cost": 69693.3,
                                                                                                                        "Plan Rows": 4523930,
                                                                                                                        "Plan Width": 8,
                                                                                                                        "Actual Startup Time": 0.031,
                                                                                                                        "Actual Total Time": 523.905,
                                                                                                                        "Actual Rows": 4523930,
                                                                                                                        "Actual Loops": 1,
                                                                                                                        "Output": [
                                                                                                                            "mk.movie_id",
                                                                                                                            "mk.keyword_id"
                                                                                                                        ]
                                                                                                                    }
                                                                                                                ]
                                                                                                            }
                                                                                                        ]
                                                                                                    }
                                                                                                ]
                                                                                            }
                                                                                        ]
                                                                                    }
                                                                                ]
                                                                            }
                                                                        ]
                                                                    }
                                                                ]
                                                            }
                                                        ]
                                                    },
                                                    {
                                                        "Node Type": "Bitmap Heap Scan",
                                                        "Parent Relationship": "Inner",
                                                        "Parallel Aware": false,
                                                        "Relation Name": "title",
                                                        "Schema": "public",
                                                        "Alias": "t",
                                                        "Startup Cost": 0.45,
                                                        "Total Cost": 4.46,
                                                        "Plan Rows": 1,
                                                        "Plan Width": 25,
                                                        "Actual Startup Time": 0.007,
                                                        "Actual Total Time": 0.007,
                                                        "Actual Rows": 0,
                                                        "Actual Loops": 5483,
                                                        "Output": [
                                                            "t.id",
                                                            "t.title",
                                                            "t.imdb_index",
                                                            "t.kind_id",
                                                            "t.production_year",
                                                            "t.imdb_id",
                                                            "t.phonetic_code",
                                                            "t.episode_of_id",
                                                            "t.season_nr",
                                                            "t.episode_nr",
                                                            "t.series_years",
                                                            "t.md5sum"
                                                        ],
                                                        "Recheck Cond": "(t.id = mk.movie_id)",
                                                        "Rows Removed by Index Recheck": 0,
                                                        "Filter": "(t.production_year > 2005)",
                                                        "Rows Removed by Filter": 1,
                                                        "Exact Heap Blocks": 5483,
                                                        "Lossy Heap Blocks": 0,
                                                        "Plans": [
                                                            {
                                                                "Node Type": "Bitmap Index Scan",
                                                                "Parent Relationship": "Outer",
                                                                "Parallel Aware": false,
                                                                "Index Name": "title_pkey",
                                                                "Startup Cost": 0.0,
                                                                "Total Cost": 0.45,
                                                                "Plan Rows": 1,
                                                                "Plan Width": 0,
                                                                "Actual Startup Time": 0.004,
                                                                "Actual Total Time": 0.004,
                                                                "Actual Rows": 1,
                                                                "Actual Loops": 5483,
                                                                "Index Cond": "(t.id = mk.movie_id)"
                                                            }
                                                        ]
                                                    }
                                                ]
                                            },
                                            {
                                                "Node Type": "Index Scan",
                                                "Parent Relationship": "Inner",
                                                "Parallel Aware": false,
                                                "Scan Direction": "Forward",
                                                "Index Name": "kind_type_pkey",
                                                "Relation Name": "kind_type",
                                                "Schema": "public",
                                                "Alias": "kt",
                                                "Startup Cost": 0.13,
                                                "Total Cost": 0.15,
                                                "Plan Rows": 1,
                                                "Plan Width": 4,
                                                "Actual Startup Time": 0.001,
                                                "Actual Total Time": 0.001,
                                                "Actual Rows": 0,
                                                "Actual Loops": 668,
                                                "Output": [
                                                    "kt.id",
                                                    "kt.kind"
                                                ],
                                                "Index Cond": "(kt.id = t.kind_id)",
                                                "Rows Removed by Index Recheck": 0,
                                                "Filter": "((kt.kind)::text = 'movie'::text)",
                                                "Rows Removed by Filter": 1
                                            }
                                        ]
                                    },
                                    {
                                        "Node Type": "Bitmap Heap Scan",
                                        "Parent Relationship": "Inner",
                                        "Parallel Aware": false,
                                        "Relation Name": "comp_cast_type",
                                        "Schema": "public",
                                        "Alias": "cct2",
                                        "Startup Cost": 0.14,
                                        "Total Cost": 4.15,
                                        "Plan Rows": 1,
                                        "Plan Width": 4,
                                        "Actual Startup Time": 0.002,
                                        "Actual Total Time": 0.002,
                                        "Actual Rows": 1,
                                        "Actual Loops": 314,
                                        "Output": [
                                            "cct2.id",
                                            "cct2.kind"
                                        ],
                                        "Recheck Cond": "(cct2.id = cc.status_id)",
                                        "Rows Removed by Index Recheck": 0,
                                        "Filter": "((cct2.kind)::text ~~ '%complete%'::text)",
                                        "Rows Removed by Filter": 0,
                                        "Exact Heap Blocks": 314,
                                        "Lossy Heap Blocks": 0,
                                        "Plans": [
                                            {
                                                "Node Type": "Bitmap Index Scan",
                                                "Parent Relationship": "Outer",
                                                "Parallel Aware": false,
                                                "Index Name": "comp_cast_type_pkey",
                                                "Startup Cost": 0.0,
                                                "Total Cost": 0.14,
                                                "Plan Rows": 1,
                                                "Plan Width": 0,
                                                "Actual Startup Time": 0.001,
                                                "Actual Total Time": 0.001,
                                                "Actual Rows": 1,
                                                "Actual Loops": 314,
                                                "Index Cond": "(cct2.id = cc.status_id)"
                                            }
                                        ]
                                    }
                                ]
                            },
                            {
                                "Node Type": "Hash",
                                "Parent Relationship": "Inner",
                                "Parallel Aware": false,
                                "Startup Cost": 20019132221.35,
                                "Total Cost": 20019132221.35,
                                "Plan Rows": 1449960,
                                "Plan Width": 35,
                                "Actual Startup Time": 8119.812,
                                "Actual Total Time": 8243.933,
                                "Actual Rows": 623586,
                                "Actual Loops": 1,
                                "Output": [
                                    "chn.name",
                                    "ci.movie_id",
                                    "n.name"
                                ],
                                "Hash Buckets": 2097152,
                                "Original Hash Buckets": 2097152,
                                "Hash Batches": 1,
                                "Original Hash Batches": 1,
                                "Peak Memory Usage": 57924,
                                "Plans": [
                                    {
                                        "Node Type": "Gather",
                                        "Parent Relationship": "Outer",
                                        "Parallel Aware": false,
                                        "Startup Cost": 20018798554.47,
                                        "Total Cost": 20019132221.35,
                                        "Plan Rows": 1449960,
                                        "Plan Width": 35,
                                        "Actual Startup Time": 6148.251,
                                        "Actual Total Time": 8019.628,
                                        "Actual Rows": 623586,
                                        "Actual Loops": 1,
                                        "Output": [
                                            "chn.name",
                                            "ci.movie_id",
                                            "n.name"
                                        ],
                                        "Workers Planned": 4,
                                        "Workers Launched": 4,
                                        "Single Copy": false,
                                        "Plans": [
                                            {
                                                "Node Type": "Merge Join",
                                                "Parent Relationship": "Outer",
                                                "Parallel Aware": false,
                                                "Join Type": "Inner",
                                                "Startup Cost": 20018797554.47,
                                                "Total Cost": 20018986225.35,
                                                "Plan Rows": 362490,
                                                "Plan Width": 35,
                                                "Actual Startup Time": 5532.444,
                                                "Actual Total Time": 7251.607,
                                                "Actual Rows": 124717,
                                                "Actual Loops": 5,
                                                "Output": [
                                                    "chn.name",
                                                    "ci.movie_id",
                                                    "n.name"
                                                ],
                                                "Inner Unique": true,
                                                "Merge Cond": "(ci.person_id = n.id)",
                                                "Workers": [
                                                    {
                                                        "Worker Number": 0,
                                                        "Actual Startup Time": 5374.131,
                                                        "Actual Total Time": 7192.114,
                                                        "Actual Rows": 118994,
                                                        "Actual Loops": 1
                                                    },
                                                    {
                                                        "Worker Number": 1,
                                                        "Actual Startup Time": 5374.833,
                                                        "Actual Total Time": 7191.845,
                                                        "Actual Rows": 124321,
                                                        "Actual Loops": 1
                                                    },
                                                    {
                                                        "Worker Number": 2,
                                                        "Actual Startup Time": 5375.616,
                                                        "Actual Total Time": 7032.676,
                                                        "Actual Rows": 125717,
                                                        "Actual Loops": 1
                                                    },
                                                    {
                                                        "Worker Number": 3,
                                                        "Actual Startup Time": 5390.342,
                                                        "Actual Total Time": 7196.102,
                                                        "Actual Rows": 117615,
                                                        "Actual Loops": 1
                                                    }
                                                ],
                                                "Plans": [
                                                    {
                                                        "Node Type": "Sort",
                                                        "Parent Relationship": "Outer",
                                                        "Parallel Aware": false,
                                                        "Startup Cost": 10018797553.86,
                                                        "Total Cost": 10018798460.08,
                                                        "Plan Rows": 362490,
                                                        "Plan Width": 24,
                                                        "Actual Startup Time": 5532.073,
                                                        "Actual Total Time": 5554.734,
                                                        "Actual Rows": 124717,
                                                        "Actual Loops": 5,
                                                        "Output": [
                                                            "chn.name",
                                                            "ci.movie_id",
                                                            "ci.person_id"
                                                        ],
                                                        "Sort Key": [
                                                            "ci.person_id"
                                                        ],
                                                        "Sort Method": "quicksort",
                                                        "Sort Space Used": 16534,
                                                        "Sort Space Type": "Memory",
                                                        "Workers": [
                                                            {
                                                                "Worker Number": 0,
                                                                "Actual Startup Time": 5373.414,
                                                                "Actual Total Time": 5393.514,
                                                                "Actual Rows": 118994,
                                                                "Actual Loops": 1
                                                            },
                                                            {
                                                                "Worker Number": 1,
                                                                "Actual Startup Time": 5374.634,
                                                                "Actual Total Time": 5396.277,
                                                                "Actual Rows": 124321,
                                                                "Actual Loops": 1
                                                            },
                                                            {
                                                                "Worker Number": 2,
                                                                "Actual Startup Time": 5375.14,
                                                                "Actual Total Time": 5397.075,
                                                                "Actual Rows": 125717,
                                                                "Actual Loops": 1
                                                            },
                                                            {
                                                                "Worker Number": 3,
                                                                "Actual Startup Time": 5390.021,
                                                                "Actual Total Time": 5410.594,
                                                                "Actual Rows": 117615,
                                                                "Actual Loops": 1
                                                            }
                                                        ],
                                                        "Plans": [
                                                            {
                                                                "Node Type": "Hash Join",
                                                                "Parent Relationship": "Outer",
                                                                "Parallel Aware": true,
                                                                "Join Type": "Inner",
                                                                "Startup Cost": 10000388634.91,
                                                                "Total Cost": 10018764082.29,
                                                                "Plan Rows": 362490,
                                                                "Plan Width": 24,
                                                                "Actual Startup Time": 5054.643,
                                                                "Actual Total Time": 5456.724,
                                                                "Actual Rows": 124717,
                                                                "Actual Loops": 5,
                                                                "Output": [
                                                                    "chn.name",
                                                                    "ci.movie_id",
                                                                    "ci.person_id"
                                                                ],
                                                                "Inner Unique": false,
                                                                "Hash Cond": "(chn.id = ci.person_role_id)",
                                                                "Workers": [
                                                                    {
                                                                        "Worker Number": 0,
                                                                        "Actual Startup Time": 4900.753,
                                                                        "Actual Total Time": 5292.604,
                                                                        "Actual Rows": 118994,
                                                                        "Actual Loops": 1
                                                                    },
                                                                    {
                                                                        "Worker Number": 1,
                                                                        "Actual Startup Time": 4900.546,
                                                                        "Actual Total Time": 5291.606,
                                                                        "Actual Rows": 124321,
                                                                        "Actual Loops": 1
                                                                    },
                                                                    {
                                                                        "Worker Number": 2,
                                                                        "Actual Startup Time": 4900.735,
                                                                        "Actual Total Time": 5303.078,
                                                                        "Actual Rows": 125717,
                                                                        "Actual Loops": 1
                                                                    },
                                                                    {
                                                                        "Worker Number": 3,
                                                                        "Actual Startup Time": 4900.758,
                                                                        "Actual Total Time": 5309.228,
                                                                        "Actual Rows": 117615,
                                                                        "Actual Loops": 1
                                                                    }
                                                                ],
                                                                "Plans": [
                                                                    {
                                                                        "Node Type": "Seq Scan",
                                                                        "Parent Relationship": "Outer",
                                                                        "Parallel Aware": true,
                                                                        "Relation Name": "char_name",
                                                                        "Schema": "public",
                                                                        "Alias": "chn",
                                                                        "Startup Cost": 0.0,
                                                                        "Total Cost": 48223.85,
                                                                        "Plan Rows": 31399,
                                                                        "Plan Width": 20,
                                                                        "Actual Startup Time": 0.094,
                                                                        "Actual Total Time": 284.547,
                                                                        "Actual Rows": 36030,
                                                                        "Actual Loops": 5,
                                                                        "Output": [
                                                                            "chn.id",
                                                                            "chn.name",
                                                                            "chn.imdb_index",
                                                                            "chn.imdb_id",
                                                                            "chn.name_pcode_nf",
                                                                            "chn.surname_pcode",
                                                                            "chn.md5sum"
                                                                        ],
                                                                        "Filter": "((chn.name IS NOT NULL) AND ((chn.name ~~ '%man%'::text) OR (chn.name ~~ '%Man%'::text)))",
                                                                        "Rows Removed by Filter": 592037,
                                                                        "Workers": [
                                                                            {
                                                                                "Worker Number": 0,
                                                                                "Actual Startup Time": 0.126,
                                                                                "Actual Total Time": 281.634,
                                                                                "Actual Rows": 34856,
                                                                                "Actual Loops": 1
                                                                            },
                                                                            {
                                                                                "Worker Number": 1,
                                                                                "Actual Startup Time": 0.084,
                                                                                "Actual Total Time": 280.586,
                                                                                "Actual Rows": 35251,
                                                                                "Actual Loops": 1
                                                                            },
                                                                            {
                                                                                "Worker Number": 2,
                                                                                "Actual Startup Time": 0.1,
                                                                                "Actual Total Time": 289.441,
                                                                                "Actual Rows": 36476,
                                                                                "Actual Loops": 1
                                                                            },
                                                                            {
                                                                                "Worker Number": 3,
                                                                                "Actual Startup Time": 0.116,
                                                                                "Actual Total Time": 281.548,
                                                                                "Actual Rows": 35258,
                                                                                "Actual Loops": 1
                                                                            }
                                                                        ]
                                                                    },
                                                                    {
                                                                        "Node Type": "Hash",
                                                                        "Parent Relationship": "Inner",
                                                                        "Parallel Aware": true,
                                                                        "Startup Cost": 10000313108.29,
                                                                        "Total Cost": 10000313108.29,
                                                                        "Plan Rows": 6042129,
                                                                        "Plan Width": 12,
                                                                        "Actual Startup Time": 4830.868,
                                                                        "Actual Total Time": 4830.869,
                                                                        "Actual Rows": 7248869,
                                                                        "Actual Loops": 5,
                                                                        "Output": [
                                                                            "ci.movie_id",
                                                                            "ci.person_role_id",
                                                                            "ci.person_id"
                                                                        ],
                                                                        "Hash Buckets": 67108864,
                                                                        "Original Hash Buckets": 67108864,
                                                                        "Hash Batches": 1,
                                                                        "Original Hash Batches": 1,
                                                                        "Peak Memory Usage": 1348832,
                                                                        "Workers": [
                                                                            {
                                                                                "Worker Number": 0,
                                                                                "Actual Startup Time": 4899.915,
                                                                                "Actual Total Time": 4899.916,
                                                                                "Actual Rows": 7230313,
                                                                                "Actual Loops": 1
                                                                            },
                                                                            {
                                                                                "Worker Number": 1,
                                                                                "Actual Startup Time": 4899.868,
                                                                                "Actual Total Time": 4899.869,
                                                                                "Actual Rows": 7033586,
                                                                                "Actual Loops": 1
                                                                            },
                                                                            {
                                                                                "Worker Number": 2,
                                                                                "Actual Startup Time": 4899.926,
                                                                                "Actual Total Time": 4899.927,
                                                                                "Actual Rows": 6981197,
                                                                                "Actual Loops": 1
                                                                            },
                                                                            {
                                                                                "Worker Number": 3,
                                                                                "Actual Startup Time": 4899.934,
                                                                                "Actual Total Time": 4899.935,
                                                                                "Actual Rows": 6948567,
                                                                                "Actual Loops": 1
                                                                            }
                                                                        ],
                                                                        "Plans": [
                                                                            {
                                                                                "Node Type": "Seq Scan",
                                                                                "Parent Relationship": "Outer",
                                                                                "Parallel Aware": true,
                                                                                "Relation Name": "cast_info",
                                                                                "Schema": "public",
                                                                                "Alias": "ci",
                                                                                "Startup Cost": 10000000000.0,
                                                                                "Total Cost": 10000313108.29,
                                                                                "Plan Rows": 6042129,
                                                                                "Plan Width": 12,
                                                                                "Actual Startup Time": 0.111,
                                                                                "Actual Total Time": 1539.463,
                                                                                "Actual Rows": 7248869,
                                                                                "Actual Loops": 5,
                                                                                "Output": [
                                                                                    "ci.movie_id",
                                                                                    "ci.person_role_id",
                                                                                    "ci.person_id"
                                                                                ],
                                                                                "Workers": [
                                                                                    {
                                                                                        "Worker Number": 0,
                                                                                        "Actual Startup Time": 0.095,
                                                                                        "Actual Total Time": 1572.95,
                                                                                        "Actual Rows": 7230313,
                                                                                        "Actual Loops": 1
                                                                                    },
                                                                                    {
                                                                                        "Worker Number": 1,
                                                                                        "Actual Startup Time": 0.163,
                                                                                        "Actual Total Time": 1541.925,
                                                                                        "Actual Rows": 7033586,
                                                                                        "Actual Loops": 1
                                                                                    },
                                                                                    {
                                                                                        "Worker Number": 2,
                                                                                        "Actual Startup Time": 0.141,
                                                                                        "Actual Total Time": 1539.872,
                                                                                        "Actual Rows": 6981197,
                                                                                        "Actual Loops": 1
                                                                                    },
                                                                                    {
                                                                                        "Worker Number": 3,
                                                                                        "Actual Startup Time": 0.122,
                                                                                        "Actual Total Time": 1540.834,
                                                                                        "Actual Rows": 6948567,
                                                                                        "Actual Loops": 1
                                                                                    }
                                                                                ]
                                                                            }
                                                                        ]
                                                                    }
                                                                ]
                                                            }
                                                        ]
                                                    },
                                                    {
                                                        "Node Type": "Index Scan",
                                                        "Parent Relationship": "Inner",
                                                        "Parallel Aware": false,
                                                        "Scan Direction": "Forward",
                                                        "Index Name": "name_pkey",
                                                        "Relation Name": "name",
                                                        "Schema": "public",
                                                        "Alias": "n",
                                                        "Startup Cost": 10000000000.43,
                                                        "Total Cost": 10000178173.8,
                                                        "Plan Rows": 4167549,
                                                        "Plan Width": 19,
                                                        "Actual Startup Time": 0.103,
                                                        "Actual Total Time": 1425.318,
                                                        "Actual Rows": 2701103,
                                                        "Actual Loops": 5,
                                                        "Output": [
                                                            "n.id",
                                                            "n.name",
                                                            "n.imdb_index",
                                                            "n.imdb_id",
                                                            "n.gender",
                                                            "n.name_pcode_cf",
                                                            "n.name_pcode_nf",
                                                            "n.surname_pcode",
                                                            "n.md5sum"
                                                        ],
                                                        "Workers": [
                                                            {
                                                                "Worker Number": 0,
                                                                "Actual Startup Time": 0.195,
                                                                "Actual Total Time": 1510.318,
                                                                "Actual Rows": 2701112,
                                                                "Actual Loops": 1
                                                            },
                                                            {
                                                                "Worker Number": 1,
                                                                "Actual Startup Time": 0.1,
                                                                "Actual Total Time": 1504.998,
                                                                "Actual Rows": 2701098,
                                                                "Actual Loops": 1
                                                            },
                                                            {
                                                                "Worker Number": 2,
                                                                "Actual Startup Time": 0.092,
                                                                "Actual Total Time": 1376.502,
                                                                "Actual Rows": 2701121,
                                                                "Actual Loops": 1
                                                            },
                                                            {
                                                                "Worker Number": 3,
                                                                "Actual Startup Time": 0.094,
                                                                "Actual Total Time": 1496.836,
                                                                "Actual Rows": 2701053,
                                                                "Actual Loops": 1
                                                            }
                                                        ]
                                                    }
                                                ]
                                            }
                                        ]
                                    }
                                ]
                            }
                        ]
                    },
                    {
                        "Node Type": "Bitmap Heap Scan",
                        "Parent Relationship": "Inner",
                        "Parallel Aware": false,
                        "Relation Name": "comp_cast_type",
                        "Schema": "public",
                        "Alias": "cct1",
                        "Startup Cost": 0.14,
                        "Total Cost": 4.15,
                        "Plan Rows": 1,
                        "Plan Width": 4,
                        "Actual Startup Time": 0.002,
                        "Actual Total Time": 0.002,
                        "Actual Rows": 1,
                        "Actual Loops": 1825,
                        "Output": [
                            "cct1.id",
                            "cct1.kind"
                        ],
                        "Recheck Cond": "(cct1.id = cc.subject_id)",
                        "Rows Removed by Index Recheck": 0,
                        "Filter": "((cct1.kind)::text = 'cast'::text)",
                        "Rows Removed by Filter": 0,
                        "Exact Heap Blocks": 1825,
                        "Lossy Heap Blocks": 0,
                        "Plans": [
                            {
                                "Node Type": "Bitmap Index Scan",
                                "Parent Relationship": "Outer",
                                "Parallel Aware": false,
                                "Index Name": "comp_cast_type_pkey",
                                "Startup Cost": 0.0,
                                "Total Cost": 0.14,
                                "Plan Rows": 1,
                                "Plan Width": 0,
                                "Actual Startup Time": 0.001,
                                "Actual Total Time": 0.001,
                                "Actual Rows": 1,
                                "Actual Loops": 1825,
                                "Index Cond": "(cct1.id = cc.subject_id)"
                            }
                        ]
                    }
                ]
            }
        ]
    },
    "Planning Time": 45.356,
    "Triggers": [],
    "Execution Time": 11124.864
}