[
  {
    "Plan": {
      "Node Type": "Aggregate",
      "Strategy": "Plain",
      "Partial Mode": "Finalize",
      "Parallel Aware": false,
      "Startup Cost": 31737.12,
      "Total Cost": 31737.13,
      "Plan Rows": 1,
      "Plan Width": 8,
      "Actual Startup Time": 109.601,
      "Actual Total Time": 114.827,
      "Actual Rows": 1,
      "Actual Loops": 1,
      "Plans": [
        {
          "Node Type": "Gather",
          "Parent Relationship": "Outer",
          "Parallel Aware": false,
          "Startup Cost": 31736.8,
          "Total Cost": 31737.11,
          "Plan Rows": 3,
          "Plan Width": 8,
          "Actual Startup Time": 109.455,
          "Actual Total Time": 114.816,
          "Actual Rows": 4,
          "Actual Loops": 1,
          "Workers Planned": 3,
          "Workers Launched": 3,
          "Single Copy": false,
          "Plans": [
            {
              "Node Type": "Aggregate",
              "Strategy": "Plain",
              "Partial Mode": "Partial",
              "Parent Relationship": "Outer",
              "Parallel Aware": false,
              "Startup Cost": 30736.8,
              "Total Cost": 30736.81,
              "Plan Rows": 1,
              "Plan Width": 8,
              "Actual Startup Time": 103.166,
              "Actual Total Time": 103.167,
              "Actual Rows": 1,
              "Actual Loops": 4,
              "Plans": [
                {
                  "Node Type": "Seq Scan",
                  "Parent Relationship": "Outer",
                  "Parallel Aware": true,
                  "Relation Name": "movie_companies",
                  "Alias": "mc",
                  "Startup Cost": 0.0,
                  "Total Cost": 29310.68,
                  "Plan Rows": 570449,
                  "Plan Width": 0,
                  "Actual Startup Time": 0.802,
                  "Actual Total Time": 81.215,
                  "Actual Rows": 442349,
                  "Actual Loops": 4,
                  "Filter": "(company_id > 2206)",
                  "Rows Removed by Filter": 209934
                }
              ]
            }
          ]
        }
      ]
    },
    "Planning Time": 0.114,
    "Triggers": [],
    "Execution Time": 114.891
  }
]