[
  {
    "Plan": {
      "Node Type": "Aggregate",
      "Strategy": "Plain",
      "Partial Mode": "Finalize",
      "Parallel Aware": false,
      "Startup Cost": 33289.93,
      "Total Cost": 33289.94,
      "Plan Rows": 1,
      "Plan Width": 8,
      "Actual Startup Time": 107.816,
      "Actual Total Time": 116.364,
      "Actual Rows": 1,
      "Actual Loops": 1,
      "Plans": [
        {
          "Node Type": "Gather",
          "Parent Relationship": "Outer",
          "Parallel Aware": false,
          "Startup Cost": 33289.62,
          "Total Cost": 33289.93,
          "Plan Rows": 3,
          "Plan Width": 8,
          "Actual Startup Time": 107.71,
          "Actual Total Time": 116.356,
          "Actual Rows": 4,
          "Actual Loops": 1,
          "Workers Planned": 3,
          "Workers Launched": 3,
          "Single Copy": false,
          "Plans": [
            {
              "Node Type": "Aggregate",
              "Strategy": "Plain",
              "Partial Mode": "Partial",
              "Parent Relationship": "Outer",
              "Parallel Aware": false,
              "Startup Cost": 32289.62,
              "Total Cost": 32289.63,
              "Plan Rows": 1,
              "Plan Width": 8,
              "Actual Startup Time": 99.141,
              "Actual Total Time": 99.142,
              "Actual Rows": 1,
              "Actual Loops": 4,
              "Plans": [
                {
                  "Node Type": "Seq Scan",
                  "Parent Relationship": "Outer",
                  "Parallel Aware": true,
                  "Relation Name": "movie_companies",
                  "Alias": "mc",
                  "Startup Cost": 0.0,
                  "Total Cost": 31414.82,
                  "Plan Rows": 349919,
                  "Plan Width": 0,
                  "Actual Startup Time": 48.751,
                  "Actual Total Time": 86.711,
                  "Actual Rows": 303195,
                  "Actual Loops": 4,
                  "Filter": "((company_id > 406) AND (company_type_id > 1))",
                  "Rows Removed by Filter": 349087
                }
              ]
            }
          ]
        }
      ]
    },
    "Planning Time": 0.194,
    "Triggers": [],
    "Execution Time": 116.417
  }
]