[
  {
    "Plan": {
      "Node Type": "Aggregate",
      "Strategy": "Plain",
      "Partial Mode": "Finalize",
      "Parallel Aware": false,
      "Startup Cost": 330860.69,
      "Total Cost": 330860.7,
      "Plan Rows": 1,
      "Plan Width": 8,
      "Actual Startup Time": 596.324,
      "Actual Total Time": 645.718,
      "Actual Rows": 1,
      "Actual Loops": 1,
      "Plans": [
        {
          "Node Type": "Gather",
          "Parent Relationship": "Outer",
          "Parallel Aware": false,
          "Startup Cost": 330860.06,
          "Total Cost": 330860.67,
          "Plan Rows": 6,
          "Plan Width": 8,
          "Actual Startup Time": 596.11,
          "Actual Total Time": 645.7,
          "Actual Rows": 7,
          "Actual Loops": 1,
          "Workers Planned": 6,
          "Workers Launched": 6,
          "Single Copy": false,
          "Plans": [
            {
              "Node Type": "Aggregate",
              "Strategy": "Plain",
              "Partial Mode": "Partial",
              "Parent Relationship": "Outer",
              "Parallel Aware": false,
              "Startup Cost": 329860.06,
              "Total Cost": 329860.07,
              "Plan Rows": 1,
              "Plan Width": 8,
              "Actual Startup Time": 589.33,
              "Actual Total Time": 589.332,
              "Actual Rows": 1,
              "Actual Loops": 7,
              "Plans": [
                {
                  "Node Type": "Seq Scan",
                  "Parent Relationship": "Outer",
                  "Parallel Aware": true,
                  "Relation Name": "cast_info",
                  "Alias": "ci",
                  "Startup Cost": 0.0,
                  "Total Cost": 328211.39,
                  "Plan Rows": 659468,
                  "Plan Width": 0,
                  "Actual Startup Time": 428.241,
                  "Actual Total Time": 563.586,
                  "Actual Rows": 562673,
                  "Actual Loops": 7,
                  "Filter": "(person_id > 3338406)",
                  "Rows Removed by Filter": 4615091
                }
              ]
            }
          ]
        }
      ]
    },
    "Planning Time": 0.204,
    "Triggers": [],
    "Execution Time": 645.788
  }
]