[
  {
    "Plan": {
      "Node Type": "Aggregate",
      "Strategy": "Plain",
      "Partial Mode": "Finalize",
      "Parallel Aware": false,
      "Startup Cost": 330890.13,
      "Total Cost": 330890.14,
      "Plan Rows": 1,
      "Plan Width": 8,
      "Actual Startup Time": 541.37,
      "Actual Total Time": 612.618,
      "Actual Rows": 1,
      "Actual Loops": 1,
      "Plans": [
        {
          "Node Type": "Gather",
          "Parent Relationship": "Outer",
          "Parallel Aware": false,
          "Startup Cost": 330889.51,
          "Total Cost": 330890.12,
          "Plan Rows": 6,
          "Plan Width": 8,
          "Actual Startup Time": 541.227,
          "Actual Total Time": 612.607,
          "Actual Rows": 7,
          "Actual Loops": 1,
          "Workers Planned": 6,
          "Workers Launched": 6,
          "Single Copy": false,
          "Plans": [
            {
              "Node Type": "Aggregate",
              "Strategy": "Plain",
              "Partial Mode": "Partial",
              "Parent Relationship": "Outer",
              "Parallel Aware": false,
              "Startup Cost": 329889.51,
              "Total Cost": 329889.52,
              "Plan Rows": 1,
              "Plan Width": 8,
              "Actual Startup Time": 530.802,
              "Actual Total Time": 530.803,
              "Actual Rows": 1,
              "Actual Loops": 7,
              "Plans": [
                {
                  "Node Type": "Seq Scan",
                  "Parent Relationship": "Outer",
                  "Parallel Aware": true,
                  "Relation Name": "cast_info",
                  "Alias": "ci",
                  "Startup Cost": 0.0,
                  "Total Cost": 328162.03,
                  "Plan Rows": 690993,
                  "Plan Width": 0,
                  "Actual Startup Time": 386.355,
                  "Actual Total Time": 508.956,
                  "Actual Rows": 562673,
                  "Actual Loops": 7,
                  "Filter": "(person_id > 3338406)",
                  "Rows Removed by Filter": 4615091
                }
              ]
            }
          ]
        }
      ]
    },
    "Planning Time": 0.201,
    "Triggers": [],
    "Execution Time": 612.695
  }
]