[
    {
        "Bao": {
            "Bao prediction": 418.404,
            "Bao recommended hint": "SET enable_nestloop TO off; "
        }
    },
    {
        "Plan": {
            "Node Type": "Aggregate",
            "Strategy": "Plain",
            "Partial Mode": "Finalize",
            "Parallel Aware": false,
            "Startup Cost": 367739.56,
            "Total Cost": 367739.57,
            "Plan Rows": 1,
            "Plan Width": 8,
            "Actual Startup Time": 698.266,
            "Actual Total Time": 720.676,
            "Actual Rows": 1,
            "Actual Loops": 1,
            "Output": [
                "count(*)"
            ],
            "Plans": [
                {
                    "Node Type": "Gather",
                    "Parent Relationship": "Outer",
                    "Parallel Aware": false,
                    "Startup Cost": 367738.93,
                    "Total Cost": 367739.54,
                    "Plan Rows": 6,
                    "Plan Width": 8,
                    "Actual Startup Time": 698.095,
                    "Actual Total Time": 720.667,
                    "Actual Rows": 7,
                    "Actual Loops": 1,
                    "Output": [
                        "(PARTIAL count(*))"
                    ],
                    "Workers Planned": 6,
                    "Workers Launched": 6,
                    "Single Copy": false,
                    "Plans": [
                        {
                            "Node Type": "Aggregate",
                            "Strategy": "Plain",
                            "Partial Mode": "Partial",
                            "Parent Relationship": "Outer",
                            "Parallel Aware": false,
                            "Startup Cost": 366738.93,
                            "Total Cost": 366738.94,
                            "Plan Rows": 1,
                            "Plan Width": 8,
                            "Actual Startup Time": 688.163,
                            "Actual Total Time": 688.166,
                            "Actual Rows": 1,
                            "Actual Loops": 7,
                            "Output": [
                                "PARTIAL count(*)"
                            ],
                            "Workers": [
                                {
                                    "Worker Number": 0,
                                    "Actual Startup Time": 686.158,
                                    "Actual Total Time": 686.161,
                                    "Actual Rows": 1,
                                    "Actual Loops": 1
                                },
                                {
                                    "Worker Number": 1,
                                    "Actual Startup Time": 686.519,
                                    "Actual Total Time": 686.522,
                                    "Actual Rows": 1,
                                    "Actual Loops": 1
                                },
                                {
                                    "Worker Number": 2,
                                    "Actual Startup Time": 686.508,
                                    "Actual Total Time": 686.51,
                                    "Actual Rows": 1,
                                    "Actual Loops": 1
                                },
                                {
                                    "Worker Number": 3,
                                    "Actual Startup Time": 686.574,
                                    "Actual Total Time": 686.576,
                                    "Actual Rows": 1,
                                    "Actual Loops": 1
                                },
                                {
                                    "Worker Number": 4,
                                    "Actual Startup Time": 686.983,
                                    "Actual Total Time": 686.986,
                                    "Actual Rows": 1,
                                    "Actual Loops": 1
                                },
                                {
                                    "Worker Number": 5,
                                    "Actual Startup Time": 687.221,
                                    "Actual Total Time": 687.223,
                                    "Actual Rows": 1,
                                    "Actual Loops": 1
                                }
                            ],
                            "Plans": [
                                {
                                    "Node Type": "Hash Join",
                                    "Parent Relationship": "Outer",
                                    "Parallel Aware": true,
                                    "Join Type": "Inner",
                                    "Startup Cost": 43917.75,
                                    "Total Cost": 366727.42,
                                    "Plan Rows": 4604,
                                    "Plan Width": 0,
                                    "Actual Startup Time": 80.502,
                                    "Actual Total Time": 687.816,
                                    "Actual Rows": 2583,
                                    "Actual Loops": 7,
                                    "Inner Unique": true,
                                    "Hash Cond": "(ci.movie_id = t.id)",
                                    "Workers": [
                                        {
                                            "Worker Number": 0,
                                            "Actual Startup Time": 78.176,
                                            "Actual Total Time": 685.807,
                                            "Actual Rows": 2429,
                                            "Actual Loops": 1
                                        },
                                        {
                                            "Worker Number": 1,
                                            "Actual Startup Time": 78.716,
                                            "Actual Total Time": 686.164,
                                            "Actual Rows": 2357,
                                            "Actual Loops": 1
                                        },
                                        {
                                            "Worker Number": 2,
                                            "Actual Startup Time": 79.267,
                                            "Actual Total Time": 686.137,
                                            "Actual Rows": 2614,
                                            "Actual Loops": 1
                                        },
                                        {
                                            "Worker Number": 3,
                                            "Actual Startup Time": 79.638,
                                            "Actual Total Time": 686.223,
                                            "Actual Rows": 2610,
                                            "Actual Loops": 1
                                        },
                                        {
                                            "Worker Number": 4,
                                            "Actual Startup Time": 79.416,
                                            "Actual Total Time": 686.64,
                                            "Actual Rows": 2430,
                                            "Actual Loops": 1
                                        },
                                        {
                                            "Worker Number": 5,
                                            "Actual Startup Time": 79.32,
                                            "Actual Total Time": 686.895,
                                            "Actual Rows": 3375,
                                            "Actual Loops": 1
                                        }
                                    ],
                                    "Plans": [
                                        {
                                            "Node Type": "Index Scan",
                                            "Parent Relationship": "Outer",
                                            "Parallel Aware": true,
                                            "Scan Direction": "Forward",
                                            "Index Name": "role_id_cast_info",
                                            "Relation Name": "cast_info",
                                            "Schema": "public",
                                            "Alias": "ci",
                                            "Startup Cost": 0.56,
                                            "Total Cost": 317556.15,
                                            "Plan Rows": 2001556,
                                            "Plan Width": 4,
                                            "Actual Startup Time": 0.081,
                                            "Actual Total Time": 374.732,
                                            "Actual Rows": 1730521,
                                            "Actual Loops": 7,
                                            "Output": [
                                                "ci.id",
                                                "ci.person_id",
                                                "ci.movie_id",
                                                "ci.person_role_id",
                                                "ci.note",
                                                "ci.nr_order",
                                                "ci.role_id"
                                            ],
                                            "Index Cond": "(ci.role_id > 3)",
                                            "Rows Removed by Index Recheck": 0,
                                            "Workers": [
                                                {
                                                    "Worker Number": 0,
                                                    "Actual Startup Time": 0.116,
                                                    "Actual Total Time": 373.51,
                                                    "Actual Rows": 1628269,
                                                    "Actual Loops": 1
                                                },
                                                {
                                                    "Worker Number": 1,
                                                    "Actual Startup Time": 0.169,
                                                    "Actual Total Time": 373.863,
                                                    "Actual Rows": 1626326,
                                                    "Actual Loops": 1
                                                },
                                                {
                                                    "Worker Number": 2,
                                                    "Actual Startup Time": 0.067,
                                                    "Actual Total Time": 373.844,
                                                    "Actual Rows": 1626641,
                                                    "Actual Loops": 1
                                                },
                                                {
                                                    "Worker Number": 3,
                                                    "Actual Startup Time": 0.066,
                                                    "Actual Total Time": 374.8,
                                                    "Actual Rows": 1624461,
                                                    "Actual Loops": 1
                                                },
                                                {
                                                    "Worker Number": 4,
                                                    "Actual Startup Time": 0.063,
                                                    "Actual Total Time": 376.609,
                                                    "Actual Rows": 1608212,
                                                    "Actual Loops": 1
                                                },
                                                {
                                                    "Worker Number": 5,
                                                    "Actual Startup Time": 0.045,
                                                    "Actual Total Time": 383.361,
                                                    "Actual Rows": 2292686,
                                                    "Actual Loops": 1
                                                }
                                            ]
                                        },
                                        {
                                            "Node Type": "Hash",
                                            "Parent Relationship": "Inner",
                                            "Parallel Aware": true,
                                            "Startup Cost": 43899.01,
                                            "Total Cost": 43899.01,
                                            "Plan Rows": 1454,
                                            "Plan Width": 4,
                                            "Actual Startup Time": 78.847,
                                            "Actual Total Time": 78.848,
                                            "Actual Rows": 809,
                                            "Actual Loops": 7,
                                            "Output": [
                                                "t.id"
                                            ],
                                            "Hash Buckets": 8192,
                                            "Original Hash Buckets": 8192,
                                            "Hash Batches": 1,
                                            "Original Hash Batches": 1,
                                            "Peak Memory Usage": 352,
                                            "Workers": [
                                                {
                                                    "Worker Number": 0,
                                                    "Actual Startup Time": 77.373,
                                                    "Actual Total Time": 77.374,
                                                    "Actual Rows": 663,
                                                    "Actual Loops": 1
                                                },
                                                {
                                                    "Worker Number": 1,
                                                    "Actual Startup Time": 77.687,
                                                    "Actual Total Time": 77.688,
                                                    "Actual Rows": 655,
                                                    "Actual Loops": 1
                                                },
                                                {
                                                    "Worker Number": 2,
                                                    "Actual Startup Time": 77.688,
                                                    "Actual Total Time": 77.689,
                                                    "Actual Rows": 667,
                                                    "Actual Loops": 1
                                                },
                                                {
                                                    "Worker Number": 3,
                                                    "Actual Startup Time": 77.672,
                                                    "Actual Total Time": 77.673,
                                                    "Actual Rows": 641,
                                                    "Actual Loops": 1
                                                },
                                                {
                                                    "Worker Number": 4,
                                                    "Actual Startup Time": 78.127,
                                                    "Actual Total Time": 78.128,
                                                    "Actual Rows": 627,
                                                    "Actual Loops": 1
                                                },
                                                {
                                                    "Worker Number": 5,
                                                    "Actual Startup Time": 78.364,
                                                    "Actual Total Time": 78.365,
                                                    "Actual Rows": 1074,
                                                    "Actual Loops": 1
                                                }
                                            ],
                                            "Plans": [
                                                {
                                                    "Node Type": "Seq Scan",
                                                    "Parent Relationship": "Outer",
                                                    "Parallel Aware": true,
                                                    "Relation Name": "title",
                                                    "Schema": "public",
                                                    "Alias": "t",
                                                    "Startup Cost": 0.0,
                                                    "Total Cost": 43899.01,
                                                    "Plan Rows": 1454,
                                                    "Plan Width": 4,
                                                    "Actual Startup Time": 0.327,
                                                    "Actual Total Time": 78.16,
                                                    "Actual Rows": 809,
                                                    "Actual Loops": 7,
                                                    "Output": [
                                                        "t.id"
                                                    ],
                                                    "Filter": "(t.production_year = 1951)",
                                                    "Rows Removed by Filter": 360378,
                                                    "Workers": [
                                                        {
                                                            "Worker Number": 0,
                                                            "Actual Startup Time": 0.767,
                                                            "Actual Total Time": 76.719,
                                                            "Actual Rows": 663,
                                                            "Actual Loops": 1
                                                        },
                                                        {
                                                            "Worker Number": 1,
                                                            "Actual Startup Time": 0.32,
                                                            "Actual Total Time": 76.968,
                                                            "Actual Rows": 655,
                                                            "Actual Loops": 1
                                                        },
                                                        {
                                                            "Worker Number": 2,
                                                            "Actual Startup Time": 0.099,
                                                            "Actual Total Time": 77.017,
                                                            "Actual Rows": 667,
                                                            "Actual Loops": 1
                                                        },
                                                        {
                                                            "Worker Number": 3,
                                                            "Actual Startup Time": 0.11,
                                                            "Actual Total Time": 77.017,
                                                            "Actual Rows": 641,
                                                            "Actual Loops": 1
                                                        },
                                                        {
                                                            "Worker Number": 4,
                                                            "Actual Startup Time": 0.75,
                                                            "Actual Total Time": 77.454,
                                                            "Actual Rows": 627,
                                                            "Actual Loops": 1
                                                        },
                                                        {
                                                            "Worker Number": 5,
                                                            "Actual Startup Time": 0.22,
                                                            "Actual Total Time": 77.6,
                                                            "Actual Rows": 1074,
                                                            "Actual Loops": 1
                                                        }
                                                    ]
                                                }
                                            ]
                                        }
                                    ]
                                }
                            ]
                        }
                    ]
                }
            ]
        },
        "Planning Time": 572.198,
        "Triggers": [],
        "Execution Time": 720.784
    }
]