[
  {
    "Plan": {
      "Node Type": "Aggregate",
      "Strategy": "Plain",
      "Partial Mode": "Finalize",
      "Parallel Aware": false,
      "Startup Cost": 383871.97,
      "Total Cost": 383871.98,
      "Plan Rows": 1,
      "Plan Width": 8,
      "Actual Startup Time": 1129.824,
      "Actual Total Time": 1195.215,
      "Actual Rows": 1,
      "Actual Loops": 1,
      "Plans": [
        {
          "Node Type": "Gather",
          "Parent Relationship": "Outer",
          "Parallel Aware": false,
          "Startup Cost": 383871.35,
          "Total Cost": 383871.96,
          "Plan Rows": 6,
          "Plan Width": 8,
          "Actual Startup Time": 1124.815,
          "Actual Total Time": 1195.204,
          "Actual Rows": 7,
          "Actual Loops": 1,
          "Workers Planned": 6,
          "Workers Launched": 6,
          "Single Copy": false,
          "Plans": [
            {
              "Node Type": "Aggregate",
              "Strategy": "Plain",
              "Partial Mode": "Partial",
              "Parent Relationship": "Outer",
              "Parallel Aware": false,
              "Startup Cost": 382871.35,
              "Total Cost": 382871.36,
              "Plan Rows": 1,
              "Plan Width": 8,
              "Actual Startup Time": 1114.13,
              "Actual Total Time": 1114.132,
              "Actual Rows": 1,
              "Actual Loops": 7,
              "Plans": [
                {
                  "Node Type": "Hash Join",
                  "Parent Relationship": "Outer",
                  "Parallel Aware": true,
                  "Join Type": "Inner",
                  "Startup Cost": 48002.7,
                  "Total Cost": 381307.07,
                  "Plan Rows": 625710,
                  "Plan Width": 0,
                  "Actual Startup Time": 384.656,
                  "Actual Total Time": 1089.452,
                  "Actual Rows": 565377,
                  "Actual Loops": 7,
                  "Inner Unique": true,
                  "Hash Cond": "(ci.movie_id = t.id)",
                  "Plans": [
                    {
                      "Node Type": "Seq Scan",
                      "Parent Relationship": "Outer",
                      "Parallel Aware": true,
                      "Relation Name": "cast_info",
                      "Alias": "ci",
                      "Startup Cost": 0.0,
                      "Total Cost": 328162.03,
                      "Plan Rows": 1958986,
                      "Plan Width": 4,
                      "Actual Startup Time": 252.706,
                      "Actual Total Time": 546.662,
                      "Actual Rows": 1669883,
                      "Actual Loops": 7,
                      "Filter": "(person_id > 2523546)",
                      "Rows Removed by Filter": 3507880
                    },
                    {
                      "Node Type": "Hash",
                      "Parent Relationship": "Inner",
                      "Parallel Aware": true,
                      "Startup Cost": 45479.1,
                      "Total Cost": 45479.1,
                      "Plan Rows": 201888,
                      "Plan Width": 4,
                      "Actual Startup Time": 128.51,
                      "Actual Total Time": 128.511,
                      "Actual Rows": 101963,
                      "Actual Loops": 7,
                      "Hash Buckets": 1048576,
                      "Original Hash Buckets": 1048576,
                      "Hash Batches": 1,
                      "Original Hash Batches": 1,
                      "Peak Memory Usage": 36224,
                      "Plans": [
                        {
                          "Node Type": "Seq Scan",
                          "Parent Relationship": "Outer",
                          "Parallel Aware": true,
                          "Relation Name": "title",
                          "Alias": "t",
                          "Startup Cost": 0.0,
                          "Total Cost": 45479.1,
                          "Plan Rows": 201888,
                          "Plan Width": 4,
                          "Actual Startup Time": 0.049,
                          "Actual Total Time": 79.199,
                          "Actual Rows": 101963,
                          "Actual Loops": 7,
                          "Filter": "((kind_id < 7) AND (production_year > 1972))",
                          "Rows Removed by Filter": 259224
                        }
                      ]
                    }
                  ]
                }
              ]
            }
          ]
        }
      ]
    },
    "Planning Time": 0.618,
    "Triggers": [],
    "Execution Time": 1195.36
  }
]