{
  "Plan": {
    "Node Type": "Aggregate",
    "Strategy": "Plain",
    "Partial Mode": "Finalize",
    "Parallel Aware": false,
    "Startup Cost": 69400.65,
    "Total Cost": 69400.66,
    "Plan Rows": 1,
    "Plan Width": 8,
    "Actual Startup Time": 145.652,
    "Actual Total Time": 157.991,
    "Actual Rows": 1,
    "Actual Loops": 1,
    "Plans": [
      {
        "Node Type": "Gather",
        "Parent Relationship": "Outer",
        "Parallel Aware": false,
        "Startup Cost": 69400.53,
        "Total Cost": 69400.64,
        "Plan Rows": 1,
        "Plan Width": 8,
        "Actual Startup Time": 145.538,
        "Actual Total Time": 157.984,
        "Actual Rows": 2,
        "Actual Loops": 1,
        "Workers Planned": 1,
        "Workers Launched": 1,
        "Single Copy": false,
        "Plans": [
          {
            "Node Type": "Aggregate",
            "Strategy": "Plain",
            "Partial Mode": "Partial",
            "Parent Relationship": "Outer",
            "Parallel Aware": false,
            "Startup Cost": 68400.53,
            "Total Cost": 68400.54,
            "Plan Rows": 1,
            "Plan Width": 8,
            "Actual Startup Time": 139.556,
            "Actual Total Time": 139.558,
            "Actual Rows": 1,
            "Actual Loops": 2,
            "Plans": [
              {
                "Node Type": "Nested Loop",
                "Parent Relationship": "Outer",
                "Parallel Aware": false,
                "Join Type": "Inner",
                "Startup Cost": 0.43,
                "Total Cost": 68397.83,
                "Plan Rows": 1082,
                "Plan Width": 0,
                "Actual Startup Time": 92.986,
                "Actual Total Time": 139.51,
                "Actual Rows": 556,
                "Actual Loops": 2,
                "Inner Unique": false,
                "Plans": [
                  {
                    "Node Type": "Seq Scan",
                    "Parent Relationship": "Outer",
                    "Parallel Aware": true,
                    "Relation Name": "title",
                    "Alias": "t",
                    "Startup Cost": 0.0,
                    "Total Cost": 54588.39,
                    "Plan Rows": 1983,
                    "Plan Width": 4,
                    "Actual Startup Time": 92.031,
                    "Actual Total Time": 132.822,
                    "Actual Rows": 1708,
                    "Actual Loops": 2,
                    "Filter": "(production_year = 1909)",
                    "Rows Removed by Filter": 1262448
                  },
                  {
                    "Node Type": "Index Only Scan",
                    "Parent Relationship": "Inner",
                    "Parallel Aware": false,
                    "Scan Direction": "Forward",
                    "Index Name": "movie_id_movie_info_idx",
                    "Relation Name": "movie_info_idx",
                    "Alias": "mi_idx",
                    "Startup Cost": 0.43,
                    "Total Cost": 6.93,
                    "Plan Rows": 3,
                    "Plan Width": 4,
                    "Actual Startup Time": 0.004,
                    "Actual Total Time": 0.004,
                    "Actual Rows": 0,
                    "Actual Loops": 3417,
                    "Index Cond": "(movie_id = t.id)",
                    "Rows Removed by Index Recheck": 0,
                    "Heap Fetches": 1113
                  }
                ]
              }
            ]
          }
        ]
      }
    ]
  },
  "Planning Time": 0.406,
  "Triggers": [],
  "Execution Time": 158.059
}