[
    {
        "Bao": {
            "Bao prediction": 1196.301,
            "Bao recommended hint": "SET enable_nestloop TO off; "
        }
    },
    {
        "Plan": {
            "Node Type": "Aggregate",
            "Strategy": "Plain",
            "Partial Mode": "Finalize",
            "Parallel Aware": false,
            "Startup Cost": 558040.83,
            "Total Cost": 558040.84,
            "Plan Rows": 1,
            "Plan Width": 8,
            "Actual Startup Time": 1466.322,
            "Actual Total Time": 1500.248,
            "Actual Rows": 1,
            "Actual Loops": 1,
            "Output": [
                "count(*)"
            ],
            "Plans": [
                {
                    "Node Type": "Gather",
                    "Parent Relationship": "Outer",
                    "Parallel Aware": false,
                    "Startup Cost": 558040.2,
                    "Total Cost": 558040.81,
                    "Plan Rows": 6,
                    "Plan Width": 8,
                    "Actual Startup Time": 1455.003,
                    "Actual Total Time": 1500.239,
                    "Actual Rows": 7,
                    "Actual Loops": 1,
                    "Output": [
                        "(PARTIAL count(*))"
                    ],
                    "Workers Planned": 6,
                    "Workers Launched": 6,
                    "Single Copy": false,
                    "Plans": [
                        {
                            "Node Type": "Aggregate",
                            "Strategy": "Plain",
                            "Partial Mode": "Partial",
                            "Parent Relationship": "Outer",
                            "Parallel Aware": false,
                            "Startup Cost": 557040.2,
                            "Total Cost": 557040.21,
                            "Plan Rows": 1,
                            "Plan Width": 8,
                            "Actual Startup Time": 1439.624,
                            "Actual Total Time": 1439.63,
                            "Actual Rows": 1,
                            "Actual Loops": 7,
                            "Output": [
                                "PARTIAL count(*)"
                            ],
                            "Workers": [
                                {
                                    "Worker Number": 0,
                                    "Actual Startup Time": 1434.083,
                                    "Actual Total Time": 1434.088,
                                    "Actual Rows": 1,
                                    "Actual Loops": 1
                                },
                                {
                                    "Worker Number": 1,
                                    "Actual Startup Time": 1434.091,
                                    "Actual Total Time": 1434.104,
                                    "Actual Rows": 1,
                                    "Actual Loops": 1
                                },
                                {
                                    "Worker Number": 2,
                                    "Actual Startup Time": 1434.073,
                                    "Actual Total Time": 1434.078,
                                    "Actual Rows": 1,
                                    "Actual Loops": 1
                                },
                                {
                                    "Worker Number": 3,
                                    "Actual Startup Time": 1434.288,
                                    "Actual Total Time": 1434.293,
                                    "Actual Rows": 1,
                                    "Actual Loops": 1
                                },
                                {
                                    "Worker Number": 4,
                                    "Actual Startup Time": 1443.291,
                                    "Actual Total Time": 1443.296,
                                    "Actual Rows": 1,
                                    "Actual Loops": 1
                                },
                                {
                                    "Worker Number": 5,
                                    "Actual Startup Time": 1443.565,
                                    "Actual Total Time": 1443.569,
                                    "Actual Rows": 1,
                                    "Actual Loops": 1
                                }
                            ],
                            "Plans": [
                                {
                                    "Node Type": "Hash Join",
                                    "Parent Relationship": "Outer",
                                    "Parallel Aware": true,
                                    "Join Type": "Inner",
                                    "Startup Cost": 218862.81,
                                    "Total Cost": 555700.69,
                                    "Plan Rows": 535804,
                                    "Plan Width": 0,
                                    "Actual Startup Time": 244.136,
                                    "Actual Total Time": 1415.888,
                                    "Actual Rows": 425445,
                                    "Actual Loops": 7,
                                    "Inner Unique": false,
                                    "Hash Cond": "(ci.movie_id = t.id)",
                                    "Workers": [
                                        {
                                            "Worker Number": 0,
                                            "Actual Startup Time": 238.623,
                                            "Actual Total Time": 1410.674,
                                            "Actual Rows": 461766,
                                            "Actual Loops": 1
                                        },
                                        {
                                            "Worker Number": 1,
                                            "Actual Startup Time": 238.596,
                                            "Actual Total Time": 1410.201,
                                            "Actual Rows": 470451,
                                            "Actual Loops": 1
                                        },
                                        {
                                            "Worker Number": 2,
                                            "Actual Startup Time": 238.676,
                                            "Actual Total Time": 1409.65,
                                            "Actual Rows": 323900,
                                            "Actual Loops": 1
                                        },
                                        {
                                            "Worker Number": 3,
                                            "Actual Startup Time": 238.749,
                                            "Actual Total Time": 1409.915,
                                            "Actual Rows": 322348,
                                            "Actual Loops": 1
                                        },
                                        {
                                            "Worker Number": 4,
                                            "Actual Startup Time": 247.784,
                                            "Actual Total Time": 1418.599,
                                            "Actual Rows": 328021,
                                            "Actual Loops": 1
                                        },
                                        {
                                            "Worker Number": 5,
                                            "Actual Startup Time": 248.049,
                                            "Actual Total Time": 1421.263,
                                            "Actual Rows": 482207,
                                            "Actual Loops": 1
                                        }
                                    ],
                                    "Plans": [
                                        {
                                            "Node Type": "Seq Scan",
                                            "Parent Relationship": "Outer",
                                            "Parallel Aware": true,
                                            "Relation Name": "cast_info",
                                            "Schema": "public",
                                            "Alias": "ci",
                                            "Startup Cost": 0.0,
                                            "Total Cost": 313108.29,
                                            "Plan Rows": 6042129,
                                            "Plan Width": 4,
                                            "Actual Startup Time": 0.026,
                                            "Actual Total Time": 525.51,
                                            "Actual Rows": 5177763,
                                            "Actual Loops": 7,
                                            "Output": [
                                                "ci.id",
                                                "ci.person_id",
                                                "ci.movie_id",
                                                "ci.person_role_id",
                                                "ci.note",
                                                "ci.nr_order",
                                                "ci.role_id"
                                            ],
                                            "Workers": [
                                                {
                                                    "Worker Number": 0,
                                                    "Actual Startup Time": 0.022,
                                                    "Actual Total Time": 518.32,
                                                    "Actual Rows": 5660901,
                                                    "Actual Loops": 1
                                                },
                                                {
                                                    "Worker Number": 1,
                                                    "Actual Startup Time": 0.021,
                                                    "Actual Total Time": 521.809,
                                                    "Actual Rows": 5745274,
                                                    "Actual Loops": 1
                                                },
                                                {
                                                    "Worker Number": 2,
                                                    "Actual Startup Time": 0.036,
                                                    "Actual Total Time": 530.814,
                                                    "Actual Rows": 3948207,
                                                    "Actual Loops": 1
                                                },
                                                {
                                                    "Worker Number": 3,
                                                    "Actual Startup Time": 0.03,
                                                    "Actual Total Time": 527.634,
                                                    "Actual Rows": 3912017,
                                                    "Actual Loops": 1
                                                },
                                                {
                                                    "Worker Number": 4,
                                                    "Actual Startup Time": 0.031,
                                                    "Actual Total Time": 529.164,
                                                    "Actual Rows": 3920846,
                                                    "Actual Loops": 1
                                                },
                                                {
                                                    "Worker Number": 5,
                                                    "Actual Startup Time": 0.029,
                                                    "Actual Total Time": 545.279,
                                                    "Actual Rows": 5891717,
                                                    "Actual Loops": 1
                                                }
                                            ]
                                        },
                                        {
                                            "Node Type": "Hash",
                                            "Parent Relationship": "Inner",
                                            "Parallel Aware": true,
                                            "Startup Cost": 218302.3,
                                            "Total Cost": 218302.3,
                                            "Plan Rows": 44841,
                                            "Plan Width": 8,
                                            "Actual Startup Time": 242.527,
                                            "Actual Total Time": 242.532,
                                            "Actual Rows": 10747,
                                            "Actual Loops": 7,
                                            "Output": [
                                                "t.id",
                                                "mi.movie_id"
                                            ],
                                            "Hash Buckets": 262144,
                                            "Original Hash Buckets": 262144,
                                            "Hash Batches": 1,
                                            "Original Hash Batches": 1,
                                            "Peak Memory Usage": 5152,
                                            "Workers": [
                                                {
                                                    "Worker Number": 0,
                                                    "Actual Startup Time": 238.117,
                                                    "Actual Total Time": 238.12,
                                                    "Actual Rows": 10661,
                                                    "Actual Loops": 1
                                                },
                                                {
                                                    "Worker Number": 1,
                                                    "Actual Startup Time": 238.136,
                                                    "Actual Total Time": 238.148,
                                                    "Actual Rows": 10802,
                                                    "Actual Loops": 1
                                                },
                                                {
                                                    "Worker Number": 2,
                                                    "Actual Startup Time": 238.01,
                                                    "Actual Total Time": 238.014,
                                                    "Actual Rows": 9500,
                                                    "Actual Loops": 1
                                                },
                                                {
                                                    "Worker Number": 3,
                                                    "Actual Startup Time": 238.228,
                                                    "Actual Total Time": 238.232,
                                                    "Actual Rows": 9100,
                                                    "Actual Loops": 1
                                                },
                                                {
                                                    "Worker Number": 4,
                                                    "Actual Startup Time": 247.342,
                                                    "Actual Total Time": 247.346,
                                                    "Actual Rows": 9201,
                                                    "Actual Loops": 1
                                                },
                                                {
                                                    "Worker Number": 5,
                                                    "Actual Startup Time": 247.541,
                                                    "Actual Total Time": 247.544,
                                                    "Actual Rows": 10230,
                                                    "Actual Loops": 1
                                                }
                                            ],
                                            "Plans": [
                                                {
                                                    "Node Type": "Hash Join",
                                                    "Parent Relationship": "Outer",
                                                    "Parallel Aware": true,
                                                    "Join Type": "Inner",
                                                    "Startup Cost": 55278.25,
                                                    "Total Cost": 218302.3,
                                                    "Plan Rows": 44841,
                                                    "Plan Width": 8,
                                                    "Actual Startup Time": 201.108,
                                                    "Actual Total Time": 237.801,
                                                    "Actual Rows": 10747,
                                                    "Actual Loops": 7,
                                                    "Output": [
                                                        "t.id",
                                                        "mi.movie_id"
                                                    ],
                                                    "Inner Unique": true,
                                                    "Hash Cond": "(mi.movie_id = t.id)",
                                                    "Workers": [
                                                        {
                                                            "Worker Number": 0,
                                                            "Actual Startup Time": 196.797,
                                                            "Actual Total Time": 233.153,
                                                            "Actual Rows": 10661,
                                                            "Actual Loops": 1
                                                        },
                                                        {
                                                            "Worker Number": 1,
                                                            "Actual Startup Time": 196.66,
                                                            "Actual Total Time": 233.2,
                                                            "Actual Rows": 10802,
                                                            "Actual Loops": 1
                                                        },
                                                        {
                                                            "Worker Number": 2,
                                                            "Actual Startup Time": 196.646,
                                                            "Actual Total Time": 234.312,
                                                            "Actual Rows": 9500,
                                                            "Actual Loops": 1
                                                        },
                                                        {
                                                            "Worker Number": 3,
                                                            "Actual Startup Time": 196.806,
                                                            "Actual Total Time": 233.363,
                                                            "Actual Rows": 9100,
                                                            "Actual Loops": 1
                                                        },
                                                        {
                                                            "Worker Number": 4,
                                                            "Actual Startup Time": 206.004,
                                                            "Actual Total Time": 242.451,
                                                            "Actual Rows": 9201,
                                                            "Actual Loops": 1
                                                        },
                                                        {
                                                            "Worker Number": 5,
                                                            "Actual Startup Time": 206.078,
                                                            "Actual Total Time": 242.8,
                                                            "Actual Rows": 10230,
                                                            "Actual Loops": 1
                                                        }
                                                    ],
                                                    "Plans": [
                                                        {
                                                            "Node Type": "Bitmap Heap Scan",
                                                            "Parent Relationship": "Outer",
                                                            "Parallel Aware": true,
                                                            "Relation Name": "movie_info",
                                                            "Schema": "public",
                                                            "Alias": "mi",
                                                            "Startup Cost": 6181.97,
                                                            "Total Cost": 169027.08,
                                                            "Plan Rows": 68169,
                                                            "Plan Width": 4,
                                                            "Actual Startup Time": 12.963,
                                                            "Actual Total Time": 32.666,
                                                            "Actual Rows": 52603,
                                                            "Actual Loops": 7,
                                                            "Output": [
                                                                "mi.id",
                                                                "mi.movie_id",
                                                                "mi.info_type_id",
                                                                "mi.info",
                                                                "mi.note"
                                                            ],
                                                            "Recheck Cond": "(mi.info_type_id = 17)",
                                                            "Rows Removed by Index Recheck": 0,
                                                            "Exact Heap Blocks": 2137,
                                                            "Lossy Heap Blocks": 0,
                                                            "Workers": [
                                                                {
                                                                    "Worker Number": 0,
                                                                    "Actual Startup Time": 13.058,
                                                                    "Actual Total Time": 32.645,
                                                                    "Actual Rows": 55577,
                                                                    "Actual Loops": 1
                                                                },
                                                                {
                                                                    "Worker Number": 1,
                                                                    "Actual Startup Time": 12.891,
                                                                    "Actual Total Time": 32.744,
                                                                    "Actual Rows": 56179,
                                                                    "Actual Loops": 1
                                                                },
                                                                {
                                                                    "Worker Number": 2,
                                                                    "Actual Startup Time": 12.978,
                                                                    "Actual Total Time": 33.087,
                                                                    "Actual Rows": 44191,
                                                                    "Actual Loops": 1
                                                                },
                                                                {
                                                                    "Worker Number": 3,
                                                                    "Actual Startup Time": 12.904,
                                                                    "Actual Total Time": 32.852,
                                                                    "Actual Rows": 43430,
                                                                    "Actual Loops": 1
                                                                },
                                                                {
                                                                    "Worker Number": 4,
                                                                    "Actual Startup Time": 13.011,
                                                                    "Actual Total Time": 32.79,
                                                                    "Actual Rows": 44029,
                                                                    "Actual Loops": 1
                                                                },
                                                                {
                                                                    "Worker Number": 5,
                                                                    "Actual Startup Time": 12.966,
                                                                    "Actual Total Time": 33.489,
                                                                    "Actual Rows": 52413,
                                                                    "Actual Loops": 1
                                                                }
                                                            ],
                                                            "Plans": [
                                                                {
                                                                    "Node Type": "Bitmap Index Scan",
                                                                    "Parent Relationship": "Outer",
                                                                    "Parallel Aware": false,
                                                                    "Index Name": "info_type_id_movie_info",
                                                                    "Startup Cost": 0.0,
                                                                    "Total Cost": 6096.76,
                                                                    "Plan Rows": 340843,
                                                                    "Plan Width": 0,
                                                                    "Actual Startup Time": 11.425,
                                                                    "Actual Total Time": 11.425,
                                                                    "Actual Rows": 368218,
                                                                    "Actual Loops": 1,
                                                                    "Index Cond": "(mi.info_type_id = 17)"
                                                                }
                                                            ]
                                                        },
                                                        {
                                                            "Node Type": "Hash",
                                                            "Parent Relationship": "Inner",
                                                            "Parallel Aware": true,
                                                            "Startup Cost": 43899.01,
                                                            "Total Cost": 43899.01,
                                                            "Plan Rows": 415782,
                                                            "Plan Width": 4,
                                                            "Actual Startup Time": 184.483,
                                                            "Actual Total Time": 184.484,
                                                            "Actual Rows": 239157,
                                                            "Actual Loops": 7,
                                                            "Output": [
                                                                "t.id"
                                                            ],
                                                            "Hash Buckets": 2097152,
                                                            "Original Hash Buckets": 2097152,
                                                            "Hash Batches": 1,
                                                            "Original Hash Batches": 1,
                                                            "Peak Memory Usage": 81952,
                                                            "Workers": [
                                                                {
                                                                    "Worker Number": 0,
                                                                    "Actual Startup Time": 183.452,
                                                                    "Actual Total Time": 183.452,
                                                                    "Actual Rows": 251778,
                                                                    "Actual Loops": 1
                                                                },
                                                                {
                                                                    "Worker Number": 1,
                                                                    "Actual Startup Time": 183.489,
                                                                    "Actual Total Time": 183.49,
                                                                    "Actual Rows": 255662,
                                                                    "Actual Loops": 1
                                                                },
                                                                {
                                                                    "Worker Number": 2,
                                                                    "Actual Startup Time": 183.4,
                                                                    "Actual Total Time": 183.401,
                                                                    "Actual Rows": 196057,
                                                                    "Actual Loops": 1
                                                                },
                                                                {
                                                                    "Worker Number": 3,
                                                                    "Actual Startup Time": 183.594,
                                                                    "Actual Total Time": 183.594,
                                                                    "Actual Rows": 193038,
                                                                    "Actual Loops": 1
                                                                },
                                                                {
                                                                    "Worker Number": 4,
                                                                    "Actual Startup Time": 192.667,
                                                                    "Actual Total Time": 192.668,
                                                                    "Actual Rows": 194735,
                                                                    "Actual Loops": 1
                                                                },
                                                                {
                                                                    "Worker Number": 5,
                                                                    "Actual Startup Time": 192.9,
                                                                    "Actual Total Time": 192.901,
                                                                    "Actual Rows": 238815,
                                                                    "Actual Loops": 1
                                                                }
                                                            ],
                                                            "Plans": [
                                                                {
                                                                    "Node Type": "Seq Scan",
                                                                    "Parent Relationship": "Outer",
                                                                    "Parallel Aware": true,
                                                                    "Relation Name": "title",
                                                                    "Schema": "public",
                                                                    "Alias": "t",
                                                                    "Startup Cost": 0.0,
                                                                    "Total Cost": 43899.01,
                                                                    "Plan Rows": 415782,
                                                                    "Plan Width": 4,
                                                                    "Actual Startup Time": 0.039,
                                                                    "Actual Total Time": 73.447,
                                                                    "Actual Rows": 239157,
                                                                    "Actual Loops": 7,
                                                                    "Output": [
                                                                        "t.id"
                                                                    ],
                                                                    "Filter": "(t.kind_id > 3)",
                                                                    "Rows Removed by Filter": 122031,
                                                                    "Workers": [
                                                                        {
                                                                            "Worker Number": 0,
                                                                            "Actual Startup Time": 0.038,
                                                                            "Actual Total Time": 73.645,
                                                                            "Actual Rows": 251778,
                                                                            "Actual Loops": 1
                                                                        },
                                                                        {
                                                                            "Worker Number": 1,
                                                                            "Actual Startup Time": 0.037,
                                                                            "Actual Total Time": 73.352,
                                                                            "Actual Rows": 255662,
                                                                            "Actual Loops": 1
                                                                        },
                                                                        {
                                                                            "Worker Number": 2,
                                                                            "Actual Startup Time": 0.05,
                                                                            "Actual Total Time": 77.546,
                                                                            "Actual Rows": 196057,
                                                                            "Actual Loops": 1
                                                                        },
                                                                        {
                                                                            "Worker Number": 3,
                                                                            "Actual Startup Time": 0.037,
                                                                            "Actual Total Time": 77.291,
                                                                            "Actual Rows": 193038,
                                                                            "Actual Loops": 1
                                                                        },
                                                                        {
                                                                            "Worker Number": 4,
                                                                            "Actual Startup Time": 0.037,
                                                                            "Actual Total Time": 77.075,
                                                                            "Actual Rows": 194735,
                                                                            "Actual Loops": 1
                                                                        },
                                                                        {
                                                                            "Worker Number": 5,
                                                                            "Actual Startup Time": 0.059,
                                                                            "Actual Total Time": 73.419,
                                                                            "Actual Rows": 238815,
                                                                            "Actual Loops": 1
                                                                        }
                                                                    ]
                                                                }
                                                            ]
                                                        }
                                                    ]
                                                }
                                            ]
                                        }
                                    ]
                                }
                            ]
                        }
                    ]
                }
            ]
        },
        "Planning Time": 1131.896,
        "Triggers": [],
        "Execution Time": 1500.405
    }
]