{
    "Plan": {
        "Node Type": "Aggregate",
        "Strategy": "Plain",
        "Partial Mode": "Finalize",
        "Parallel Aware": false,
        "Startup Cost": 457478.47,
        "Total Cost": 457478.48,
        "Plan Rows": 1,
        "Plan Width": 8,
        "Actual Startup Time": 3982.193,
        "Actual Total Time": 4033.829,
        "Actual Rows": 1,
        "Actual Loops": 1,
        "Output": [
            "count(*)"
        ],
        "Plans": [
            {
                "Node Type": "Gather",
                "Parent Relationship": "Outer",
                "Parallel Aware": false,
                "Startup Cost": 457477.85,
                "Total Cost": 457478.46,
                "Plan Rows": 6,
                "Plan Width": 8,
                "Actual Startup Time": 3963.356,
                "Actual Total Time": 4033.817,
                "Actual Rows": 7,
                "Actual Loops": 1,
                "Output": [
                    "(PARTIAL count(*))"
                ],
                "Workers Planned": 6,
                "Workers Launched": 6,
                "Single Copy": false,
                "Plans": [
                    {
                        "Node Type": "Aggregate",
                        "Strategy": "Plain",
                        "Partial Mode": "Partial",
                        "Parent Relationship": "Outer",
                        "Parallel Aware": false,
                        "Startup Cost": 456477.85,
                        "Total Cost": 456477.86,
                        "Plan Rows": 1,
                        "Plan Width": 8,
                        "Actual Startup Time": 3947.865,
                        "Actual Total Time": 3948.436,
                        "Actual Rows": 1,
                        "Actual Loops": 7,
                        "Output": [
                            "PARTIAL count(*)"
                        ],
                        "Workers": [
                            {
                                "Worker Number": 0,
                                "Actual Startup Time": 3944.793,
                                "Actual Total Time": 3944.797,
                                "Actual Rows": 1,
                                "Actual Loops": 1
                            },
                            {
                                "Worker Number": 1,
                                "Actual Startup Time": 3944.864,
                                "Actual Total Time": 3944.868,
                                "Actual Rows": 1,
                                "Actual Loops": 1
                            },
                            {
                                "Worker Number": 2,
                                "Actual Startup Time": 3944.912,
                                "Actual Total Time": 3944.917,
                                "Actual Rows": 1,
                                "Actual Loops": 1
                            },
                            {
                                "Worker Number": 3,
                                "Actual Startup Time": 3945.05,
                                "Actual Total Time": 3945.063,
                                "Actual Rows": 1,
                                "Actual Loops": 1
                            },
                            {
                                "Worker Number": 4,
                                "Actual Startup Time": 3944.994,
                                "Actual Total Time": 3945.0,
                                "Actual Rows": 1,
                                "Actual Loops": 1
                            },
                            {
                                "Worker Number": 5,
                                "Actual Startup Time": 3948.095,
                                "Actual Total Time": 3948.1,
                                "Actual Rows": 1,
                                "Actual Loops": 1
                            }
                        ],
                        "Plans": [
                            {
                                "Node Type": "Hash Join",
                                "Parent Relationship": "Outer",
                                "Parallel Aware": true,
                                "Join Type": "Inner",
                                "Startup Cost": 98057.7,
                                "Total Cost": 451336.94,
                                "Plan Rows": 2056363,
                                "Plan Width": 0,
                                "Actual Startup Time": 492.099,
                                "Actual Total Time": 3336.533,
                                "Actual Rows": 15507263,
                                "Actual Loops": 7,
                                "Inner Unique": false,
                                "Hash Cond": "(ci.movie_id = t.id)",
                                "Workers": [
                                    {
                                        "Worker Number": 0,
                                        "Actual Startup Time": 489.431,
                                        "Actual Total Time": 3336.441,
                                        "Actual Rows": 15993750,
                                        "Actual Loops": 1
                                    },
                                    {
                                        "Worker Number": 1,
                                        "Actual Startup Time": 489.451,
                                        "Actual Total Time": 3340.207,
                                        "Actual Rows": 15918119,
                                        "Actual Loops": 1
                                    },
                                    {
                                        "Worker Number": 2,
                                        "Actual Startup Time": 489.616,
                                        "Actual Total Time": 3373.258,
                                        "Actual Rows": 14947633,
                                        "Actual Loops": 1
                                    },
                                    {
                                        "Worker Number": 3,
                                        "Actual Startup Time": 489.786,
                                        "Actual Total Time": 3306.662,
                                        "Actual Rows": 13561643,
                                        "Actual Loops": 1
                                    },
                                    {
                                        "Worker Number": 4,
                                        "Actual Startup Time": 489.697,
                                        "Actual Total Time": 3336.443,
                                        "Actual Rows": 16023290,
                                        "Actual Loops": 1
                                    },
                                    {
                                        "Worker Number": 5,
                                        "Actual Startup Time": 489.685,
                                        "Actual Total Time": 3342.96,
                                        "Actual Rows": 15932579,
                                        "Actual Loops": 1
                                    }
                                ],
                                "Plans": [
                                    {
                                        "Node Type": "Seq Scan",
                                        "Parent Relationship": "Outer",
                                        "Parallel Aware": true,
                                        "Relation Name": "cast_info",
                                        "Schema": "public",
                                        "Alias": "ci",
                                        "Startup Cost": 0.0,
                                        "Total Cost": 328213.62,
                                        "Plan Rows": 4915253,
                                        "Plan Width": 4,
                                        "Actual Startup Time": 0.023,
                                        "Actual Total Time": 605.301,
                                        "Actual Rows": 4222693,
                                        "Actual Loops": 7,
                                        "Output": [
                                            "ci.id",
                                            "ci.person_id",
                                            "ci.movie_id",
                                            "ci.person_role_id",
                                            "ci.note",
                                            "ci.nr_order",
                                            "ci.role_id"
                                        ],
                                        "Filter": "(ci.person_id < 2991396)",
                                        "Rows Removed by Filter": 955070,
                                        "Workers": [
                                            {
                                                "Worker Number": 0,
                                                "Actual Startup Time": 0.019,
                                                "Actual Total Time": 620.272,
                                                "Actual Rows": 4335133,
                                                "Actual Loops": 1
                                            },
                                            {
                                                "Worker Number": 1,
                                                "Actual Startup Time": 0.013,
                                                "Actual Total Time": 620.921,
                                                "Actual Rows": 4311979,
                                                "Actual Loops": 1
                                            },
                                            {
                                                "Worker Number": 2,
                                                "Actual Startup Time": 0.039,
                                                "Actual Total Time": 623.928,
                                                "Actual Rows": 4011021,
                                                "Actual Loops": 1
                                            },
                                            {
                                                "Worker Number": 3,
                                                "Actual Startup Time": 0.031,
                                                "Actual Total Time": 625.026,
                                                "Actual Rows": 3737542,
                                                "Actual Loops": 1
                                            },
                                            {
                                                "Worker Number": 4,
                                                "Actual Startup Time": 0.026,
                                                "Actual Total Time": 621.157,
                                                "Actual Rows": 4318863,
                                                "Actual Loops": 1
                                            },
                                            {
                                                "Worker Number": 5,
                                                "Actual Startup Time": 0.023,
                                                "Actual Total Time": 625.179,
                                                "Actual Rows": 4359140,
                                                "Actual Loops": 1
                                            }
                                        ]
                                    },
                                    {
                                        "Node Type": "Hash",
                                        "Parent Relationship": "Inner",
                                        "Parallel Aware": true,
                                        "Startup Cost": 93792.55,
                                        "Total Cost": 93792.55,
                                        "Plan Rows": 341212,
                                        "Plan Width": 8,
                                        "Actual Startup Time": 487.076,
                                        "Actual Total Time": 487.645,
                                        "Actual Rows": 420429,
                                        "Actual Loops": 7,
                                        "Output": [
                                            "t.id",
                                            "mk.movie_id"
                                        ],
                                        "Hash Buckets": 4194304,
                                        "Original Hash Buckets": 2097152,
                                        "Hash Batches": 1,
                                        "Original Hash Batches": 1,
                                        "Peak Memory Usage": 164384,
                                        "Workers": [
                                            {
                                                "Worker Number": 0,
                                                "Actual Startup Time": 488.609,
                                                "Actual Total Time": 488.612,
                                                "Actual Rows": 439633,
                                                "Actual Loops": 1
                                            },
                                            {
                                                "Worker Number": 1,
                                                "Actual Startup Time": 488.726,
                                                "Actual Total Time": 488.729,
                                                "Actual Rows": 432961,
                                                "Actual Loops": 1
                                            },
                                            {
                                                "Worker Number": 2,
                                                "Actual Startup Time": 488.87,
                                                "Actual Total Time": 488.874,
                                                "Actual Rows": 411284,
                                                "Actual Loops": 1
                                            },
                                            {
                                                "Worker Number": 3,
                                                "Actual Startup Time": 488.917,
                                                "Actual Total Time": 488.929,
                                                "Actual Rows": 297157,
                                                "Actual Loops": 1
                                            },
                                            {
                                                "Worker Number": 4,
                                                "Actual Startup Time": 488.942,
                                                "Actual Total Time": 488.946,
                                                "Actual Rows": 440537,
                                                "Actual Loops": 1
                                            },
                                            {
                                                "Worker Number": 5,
                                                "Actual Startup Time": 489.023,
                                                "Actual Total Time": 489.026,
                                                "Actual Rows": 446245,
                                                "Actual Loops": 1
                                            }
                                        ],
                                        "Plans": [
                                            {
                                                "Node Type": "Hash Join",
                                                "Parent Relationship": "Outer",
                                                "Parallel Aware": true,
                                                "Join Type": "Inner",
                                                "Startup Cost": 47386.51,
                                                "Total Cost": 93792.55,
                                                "Plan Rows": 341212,
                                                "Plan Width": 8,
                                                "Actual Startup Time": 120.466,
                                                "Actual Total Time": 299.116,
                                                "Actual Rows": 420429,
                                                "Actual Loops": 7,
                                                "Output": [
                                                    "t.id",
                                                    "mk.movie_id"
                                                ],
                                                "Inner Unique": true,
                                                "Hash Cond": "(mk.movie_id = t.id)",
                                                "Workers": [
                                                    {
                                                        "Worker Number": 0,
                                                        "Actual Startup Time": 120.57,
                                                        "Actual Total Time": 299.77,
                                                        "Actual Rows": 439633,
                                                        "Actual Loops": 1
                                                    },
                                                    {
                                                        "Worker Number": 1,
                                                        "Actual Startup Time": 120.418,
                                                        "Actual Total Time": 298.582,
                                                        "Actual Rows": 432961,
                                                        "Actual Loops": 1
                                                    },
                                                    {
                                                        "Worker Number": 2,
                                                        "Actual Startup Time": 120.42,
                                                        "Actual Total Time": 298.188,
                                                        "Actual Rows": 411284,
                                                        "Actual Loops": 1
                                                    },
                                                    {
                                                        "Worker Number": 3,
                                                        "Actual Startup Time": 120.497,
                                                        "Actual Total Time": 300.022,
                                                        "Actual Rows": 297157,
                                                        "Actual Loops": 1
                                                    },
                                                    {
                                                        "Worker Number": 4,
                                                        "Actual Startup Time": 120.388,
                                                        "Actual Total Time": 298.935,
                                                        "Actual Rows": 440537,
                                                        "Actual Loops": 1
                                                    },
                                                    {
                                                        "Worker Number": 5,
                                                        "Actual Startup Time": 120.493,
                                                        "Actual Total Time": 299.751,
                                                        "Actual Rows": 446245,
                                                        "Actual Loops": 1
                                                    }
                                                ],
                                                "Plans": [
                                                    {
                                                        "Node Type": "Seq Scan",
                                                        "Parent Relationship": "Outer",
                                                        "Parallel Aware": true,
                                                        "Relation Name": "movie_keyword",
                                                        "Schema": "public",
                                                        "Alias": "mk",
                                                        "Startup Cost": 0.0,
                                                        "Total Cost": 42695.65,
                                                        "Plan Rows": 1413479,
                                                        "Plan Width": 4,
                                                        "Actual Startup Time": 0.02,
                                                        "Actual Total Time": 83.397,
                                                        "Actual Rows": 627055,
                                                        "Actual Loops": 7,
                                                        "Output": [
                                                            "mk.id",
                                                            "mk.movie_id",
                                                            "mk.keyword_id"
                                                        ],
                                                        "Filter": "(mk.keyword_id < 75713)",
                                                        "Rows Removed by Filter": 19221,
                                                        "Workers": [
                                                            {
                                                                "Worker Number": 0,
                                                                "Actual Startup Time": 0.027,
                                                                "Actual Total Time": 85.457,
                                                                "Actual Rows": 660323,
                                                                "Actual Loops": 1
                                                            },
                                                            {
                                                                "Worker Number": 1,
                                                                "Actual Startup Time": 0.014,
                                                                "Actual Total Time": 84.903,
                                                                "Actual Rows": 650476,
                                                                "Actual Loops": 1
                                                            },
                                                            {
                                                                "Worker Number": 2,
                                                                "Actual Startup Time": 0.021,
                                                                "Actual Total Time": 84.475,
                                                                "Actual Rows": 604114,
                                                                "Actual Loops": 1
                                                            },
                                                            {
                                                                "Worker Number": 3,
                                                                "Actual Startup Time": 0.026,
                                                                "Actual Total Time": 85.46,
                                                                "Actual Rows": 438017,
                                                                "Actual Loops": 1
                                                            },
                                                            {
                                                                "Worker Number": 4,
                                                                "Actual Startup Time": 0.02,
                                                                "Actual Total Time": 85.089,
                                                                "Actual Rows": 654373,
                                                                "Actual Loops": 1
                                                            },
                                                            {
                                                                "Worker Number": 5,
                                                                "Actual Startup Time": 0.024,
                                                                "Actual Total Time": 85.61,
                                                                "Actual Rows": 663616,
                                                                "Actual Loops": 1
                                                            }
                                                        ]
                                                    },
                                                    {
                                                        "Node Type": "Hash",
                                                        "Parent Relationship": "Inner",
                                                        "Parallel Aware": true,
                                                        "Startup Cost": 45479.21,
                                                        "Total Cost": 45479.21,
                                                        "Plan Rows": 152584,
                                                        "Plan Width": 4,
                                                        "Actual Startup Time": 119.122,
                                                        "Actual Total Time": 119.124,
                                                        "Actual Rows": 96527,
                                                        "Actual Loops": 7,
                                                        "Output": [
                                                            "t.id"
                                                        ],
                                                        "Hash Buckets": 1048576,
                                                        "Original Hash Buckets": 1048576,
                                                        "Hash Batches": 1,
                                                        "Original Hash Batches": 1,
                                                        "Peak Memory Usage": 34752,
                                                        "Workers": [
                                                            {
                                                                "Worker Number": 0,
                                                                "Actual Startup Time": 120.329,
                                                                "Actual Total Time": 120.33,
                                                                "Actual Rows": 97616,
                                                                "Actual Loops": 1
                                                            },
                                                            {
                                                                "Worker Number": 1,
                                                                "Actual Startup Time": 120.13,
                                                                "Actual Total Time": 120.131,
                                                                "Actual Rows": 98582,
                                                                "Actual Loops": 1
                                                            },
                                                            {
                                                                "Worker Number": 2,
                                                                "Actual Startup Time": 120.143,
                                                                "Actual Total Time": 120.144,
                                                                "Actual Rows": 83536,
                                                                "Actual Loops": 1
                                                            },
                                                            {
                                                                "Worker Number": 3,
                                                                "Actual Startup Time": 120.115,
                                                                "Actual Total Time": 120.124,
                                                                "Actual Rows": 70414,
                                                                "Actual Loops": 1
                                                            },
                                                            {
                                                                "Worker Number": 4,
                                                                "Actual Startup Time": 120.287,
                                                                "Actual Total Time": 120.289,
                                                                "Actual Rows": 99565,
                                                                "Actual Loops": 1
                                                            },
                                                            {
                                                                "Worker Number": 5,
                                                                "Actual Startup Time": 120.113,
                                                                "Actual Total Time": 120.113,
                                                                "Actual Rows": 98928,
                                                                "Actual Loops": 1
                                                            }
                                                        ],
                                                        "Plans": [
                                                            {
                                                                "Node Type": "Seq Scan",
                                                                "Parent Relationship": "Outer",
                                                                "Parallel Aware": true,
                                                                "Relation Name": "title",
                                                                "Schema": "public",
                                                                "Alias": "t",
                                                                "Startup Cost": 0.0,
                                                                "Total Cost": 45479.21,
                                                                "Plan Rows": 152584,
                                                                "Plan Width": 4,
                                                                "Actual Startup Time": 0.066,
                                                                "Actual Total Time": 73.999,
                                                                "Actual Rows": 96527,
                                                                "Actual Loops": 7,
                                                                "Output": [
                                                                    "t.id"
                                                                ],
                                                                "Filter": "((t.kind_id < 7) AND (t.production_year < 2007))",
                                                                "Rows Removed by Filter": 264660,
                                                                "Workers": [
                                                                    {
                                                                        "Worker Number": 0,
                                                                        "Actual Startup Time": 0.079,
                                                                        "Actual Total Time": 74.417,
                                                                        "Actual Rows": 97616,
                                                                        "Actual Loops": 1
                                                                    },
                                                                    {
                                                                        "Worker Number": 1,
                                                                        "Actual Startup Time": 0.069,
                                                                        "Actual Total Time": 74.692,
                                                                        "Actual Rows": 98582,
                                                                        "Actual Loops": 1
                                                                    },
                                                                    {
                                                                        "Worker Number": 2,
                                                                        "Actual Startup Time": 0.072,
                                                                        "Actual Total Time": 72.796,
                                                                        "Actual Rows": 83536,
                                                                        "Actual Loops": 1
                                                                    },
                                                                    {
                                                                        "Worker Number": 3,
                                                                        "Actual Startup Time": 0.075,
                                                                        "Actual Total Time": 74.982,
                                                                        "Actual Rows": 70414,
                                                                        "Actual Loops": 1
                                                                    },
                                                                    {
                                                                        "Worker Number": 4,
                                                                        "Actual Startup Time": 0.071,
                                                                        "Actual Total Time": 74.65,
                                                                        "Actual Rows": 99565,
                                                                        "Actual Loops": 1
                                                                    },
                                                                    {
                                                                        "Worker Number": 5,
                                                                        "Actual Startup Time": 0.081,
                                                                        "Actual Total Time": 74.855,
                                                                        "Actual Rows": 98928,
                                                                        "Actual Loops": 1
                                                                    }
                                                                ]
                                                            }
                                                        ]
                                                    }
                                                ]
                                            }
                                        ]
                                    }
                                ]
                            }
                        ]
                    }
                ]
            }
        ]
    },
    "Planning Time": 1.497,
    "Triggers": [],
    "Execution Time": 4033.916
}