{
  "Plan": {
    "Node Type": "Aggregate",
    "Strategy": "Plain",
    "Partial Mode": "Finalize",
    "Parallel Aware": false,
    "Startup Cost": 613792.41,
    "Total Cost": 613792.42,
    "Plan Rows": 1,
    "Plan Width": 8,
    "Actual Startup Time": 3660.325,
    "Actual Total Time": 3694.588,
    "Actual Rows": 1,
    "Actual Loops": 1,
    "Plans": [
      {
        "Node Type": "Gather",
        "Parent Relationship": "Outer",
        "Parallel Aware": false,
        "Startup Cost": 613792.3,
        "Total Cost": 613792.41,
        "Plan Rows": 1,
        "Plan Width": 8,
        "Actual Startup Time": 3653.219,
        "Actual Total Time": 3694.582,
        "Actual Rows": 2,
        "Actual Loops": 1,
        "Workers Planned": 1,
        "Workers Launched": 1,
        "Single Copy": false,
        "Plans": [
          {
            "Node Type": "Aggregate",
            "Strategy": "Plain",
            "Partial Mode": "Partial",
            "Parent Relationship": "Outer",
            "Parallel Aware": false,
            "Startup Cost": 612792.3,
            "Total Cost": 612792.31,
            "Plan Rows": 1,
            "Plan Width": 8,
            "Actual Startup Time": 3642.938,
            "Actual Total Time": 3642.944,
            "Actual Rows": 1,
            "Actual Loops": 2,
            "Plans": [
              {
                "Node Type": "Hash Join",
                "Parent Relationship": "Outer",
                "Parallel Aware": true,
                "Join Type": "Inner",
                "Startup Cost": 267217.84,
                "Total Cost": 606854.79,
                "Plan Rows": 2375004,
                "Plan Width": 0,
                "Actual Startup Time": 1106.961,
                "Actual Total Time": 3564.828,
                "Actual Rows": 1801392,
                "Actual Loops": 2,
                "Inner Unique": false,
                "Hash Cond": "(t.id = mc.movie_id)",
                "Plans": [
                  {
                    "Node Type": "Hash Join",
                    "Parent Relationship": "Outer",
                    "Parallel Aware": true,
                    "Join Type": "Inner",
                    "Startup Cost": 210535.11,
                    "Total Cost": 521450.96,
                    "Plan Rows": 2360080,
                    "Plan Width": 8,
                    "Actual Startup Time": 618.53,
                    "Actual Total Time": 2272.003,
                    "Actual Rows": 1968555,
                    "Actual Loops": 2,
                    "Inner Unique": true,
                    "Hash Cond": "(ci.movie_id = t.id)",
                    "Plans": [
                      {
                        "Node Type": "Bitmap Heap Scan",
                        "Parent Relationship": "Outer",
                        "Parallel Aware": true,
                        "Relation Name": "cast_info",
                        "Alias": "ci",
                        "Startup Cost": 144550.2,
                        "Total Cost": 445360.19,
                        "Plan Rows": 3849839,
                        "Plan Width": 4,
                        "Actual Startup Time": 268.271,
                        "Actual Total Time": 622.23,
                        "Actual Rows": 3372839,
                        "Actual Loops": 2,
                        "Recheck Cond": "(person_id < 651862)",
                        "Rows Removed by Index Recheck": 0,
                        "Exact Heap Blocks": 36093,
                        "Lossy Heap Blocks": 0,
                        "Plans": [
                          {
                            "Node Type": "Bitmap Index Scan",
                            "Parent Relationship": "Outer",
                            "Parallel Aware": false,
                            "Index Name": "person_id_cast_info",
                            "Startup Cost": 0.0,
                            "Total Cost": 142914.02,
                            "Plan Rows": 6544727,
                            "Plan Width": 0,
                            "Actual Startup Time": 255.795,
                            "Actual Total Time": 255.795,
                            "Actual Rows": 6745678,
                            "Actual Loops": 1,
                            "Index Cond": "(person_id < 651862)"
                          }
                        ]
                      },
                      {
                        "Node Type": "Hash",
                        "Parent Relationship": "Inner",
                        "Parallel Aware": true,
                        "Startup Cost": 54588.39,
                        "Total Cost": 54588.39,
                        "Plan Rows": 911722,
                        "Plan Width": 4,
                        "Actual Startup Time": 344.784,
                        "Actual Total Time": 344.784,
                        "Actual Rows": 777932,
                        "Actual Loops": 2,
                        "Hash Buckets": 2097152,
                        "Original Hash Buckets": 2097152,
                        "Hash Batches": 1,
                        "Original Hash Batches": 1,
                        "Peak Memory Usage": 77280,
                        "Plans": [
                          {
                            "Node Type": "Seq Scan",
                            "Parent Relationship": "Outer",
                            "Parallel Aware": true,
                            "Relation Name": "title",
                            "Alias": "t",
                            "Startup Cost": 0.0,
                            "Total Cost": 54588.39,
                            "Plan Rows": 911722,
                            "Plan Width": 4,
                            "Actual Startup Time": 0.018,
                            "Actual Total Time": 158.779,
                            "Actual Rows": 777932,
                            "Actual Loops": 2,
                            "Filter": "(kind_id > 4)",
                            "Rows Removed by Filter": 486224
                          }
                        ]
                      }
                    ]
                  },
                  {
                    "Node Type": "Hash",
                    "Parent Relationship": "Inner",
                    "Parallel Aware": true,
                    "Startup Cost": 37974.77,
                    "Total Cost": 37974.77,
                    "Plan Rows": 1496636,
                    "Plan Width": 4,
                    "Actual Startup Time": 470.245,
                    "Actual Total Time": 470.245,
                    "Actual Rows": 1270526,
                    "Actual Loops": 2,
                    "Hash Buckets": 4194304,
                    "Original Hash Buckets": 4194304,
                    "Hash Batches": 1,
                    "Original Hash Batches": 1,
                    "Peak Memory Usage": 132192,
                    "Plans": [
                      {
                        "Node Type": "Seq Scan",
                        "Parent Relationship": "Outer",
                        "Parallel Aware": true,
                        "Relation Name": "movie_companies",
                        "Alias": "mc",
                        "Startup Cost": 0.0,
                        "Total Cost": 37974.77,
                        "Plan Rows": 1496636,
                        "Plan Width": 4,
                        "Actual Startup Time": 0.033,
                        "Actual Total Time": 160.192,
                        "Actual Rows": 1270526,
                        "Actual Loops": 2,
                        "Filter": "(company_id > 7)",
                        "Rows Removed by Filter": 34038
                      }
                    ]
                  }
                ]
              }
            ]
          }
        ]
      }
    ]
  },
  "Planning Time": 0.707,
  "Triggers": [],
  "Execution Time": 3694.663
}