[
  {
    "Plan": {
      "Node Type": "Aggregate",
      "Strategy": "Plain",
      "Partial Mode": "Finalize",
      "Parallel Aware": false,
      "Startup Cost": 94859.53,
      "Total Cost": 94859.54,
      "Plan Rows": 1,
      "Plan Width": 8,
      "Actual Startup Time": 510.217,
      "Actual Total Time": 530.406,
      "Actual Rows": 1,
      "Actual Loops": 1,
      "Plans": [
        {
          "Node Type": "Gather",
          "Parent Relationship": "Outer",
          "Parallel Aware": false,
          "Startup Cost": 94859.21,
          "Total Cost": 94859.52,
          "Plan Rows": 3,
          "Plan Width": 8,
          "Actual Startup Time": 506.921,
          "Actual Total Time": 530.399,
          "Actual Rows": 4,
          "Actual Loops": 1,
          "Workers Planned": 3,
          "Workers Launched": 3,
          "Single Copy": false,
          "Plans": [
            {
              "Node Type": "Aggregate",
              "Strategy": "Plain",
              "Partial Mode": "Partial",
              "Parent Relationship": "Outer",
              "Parallel Aware": false,
              "Startup Cost": 93859.21,
              "Total Cost": 93859.22,
              "Plan Rows": 1,
              "Plan Width": 8,
              "Actual Startup Time": 492.493,
              "Actual Total Time": 492.497,
              "Actual Rows": 1,
              "Actual Loops": 4,
              "Plans": [
                {
                  "Node Type": "Nested Loop",
                  "Parent Relationship": "Outer",
                  "Parallel Aware": false,
                  "Join Type": "Inner",
                  "Startup Cost": 52054.17,
                  "Total Cost": 93837.55,
                  "Plan Rows": 8664,
                  "Plan Width": 0,
                  "Actual Startup Time": 344.355,
                  "Actual Total Time": 488.096,
                  "Actual Rows": 89630,
                  "Actual Loops": 4,
                  "Inner Unique": false,
                  "Plans": [
                    {
                      "Node Type": "Hash Join",
                      "Parent Relationship": "Outer",
                      "Parallel Aware": true,
                      "Join Type": "Inner",
                      "Startup Cost": 52053.74,
                      "Total Cost": 76928.86,
                      "Plan Rows": 27843,
                      "Plan Width": 8,
                      "Actual Startup Time": 344.246,
                      "Actual Total Time": 376.307,
                      "Actual Rows": 21300,
                      "Actual Loops": 4,
                      "Inner Unique": true,
                      "Hash Cond": "(mk.movie_id = t.id)",
                      "Plans": [
                        {
                          "Node Type": "Bitmap Heap Scan",
                          "Parent Relationship": "Outer",
                          "Parallel Aware": true,
                          "Relation Name": "movie_keyword",
                          "Alias": "mk",
                          "Startup Cost": 1833.36,
                          "Total Cost": 26635.39,
                          "Plan Rows": 27843,
                          "Plan Width": 4,
                          "Actual Startup Time": 9.139,
                          "Actual Total Time": 30.194,
                          "Actual Rows": 21300,
                          "Actual Loops": 4,
                          "Recheck Cond": "(keyword_id > 86299)",
                          "Rows Removed by Index Recheck": 0,
                          "Exact Heap Blocks": 4932,
                          "Lossy Heap Blocks": 0,
                          "Plans": [
                            {
                              "Node Type": "Bitmap Index Scan",
                              "Parent Relationship": "Outer",
                              "Parallel Aware": false,
                              "Index Name": "keyword_id_movie_keyword",
                              "Startup Cost": 0.0,
                              "Total Cost": 1811.78,
                              "Plan Rows": 86313,
                              "Plan Width": 0,
                              "Actual Startup Time": 6.766,
                              "Actual Total Time": 6.766,
                              "Actual Rows": 85201,
                              "Actual Loops": 1,
                              "Index Cond": "(keyword_id > 86299)"
                            }
                          ]
                        },
                        {
                          "Node Type": "Hash",
                          "Parent Relationship": "Inner",
                          "Parallel Aware": true,
                          "Startup Cost": 42319.06,
                          "Total Cost": 42319.06,
                          "Plan Rows": 632106,
                          "Plan Width": 4,
                          "Actual Startup Time": 327.298,
                          "Actual Total Time": 327.299,
                          "Actual Rows": 632078,
                          "Actual Loops": 4,
                          "Hash Buckets": 4194304,
                          "Original Hash Buckets": 4194304,
                          "Hash Batches": 1,
                          "Original Hash Batches": 1,
                          "Peak Memory Usage": 131744,
                          "Plans": [
                            {
                              "Node Type": "Seq Scan",
                              "Parent Relationship": "Outer",
                              "Parallel Aware": true,
                              "Relation Name": "title",
                              "Alias": "t",
                              "Startup Cost": 0.0,
                              "Total Cost": 42319.06,
                              "Plan Rows": 632106,
                              "Plan Width": 4,
                              "Actual Startup Time": 0.036,
                              "Actual Total Time": 95.201,
                              "Actual Rows": 632078,
                              "Actual Loops": 4
                            }
                          ]
                        }
                      ]
                    },
                    {
                      "Node Type": "Index Scan",
                      "Parent Relationship": "Inner",
                      "Parallel Aware": false,
                      "Scan Direction": "Forward",
                      "Index Name": "movie_id_movie_companies",
                      "Relation Name": "movie_companies",
                      "Alias": "mc",
                      "Startup Cost": 0.43,
                      "Total Cost": 0.59,
                      "Plan Rows": 2,
                      "Plan Width": 4,
                      "Actual Startup Time": 0.003,
                      "Actual Total Time": 0.005,
                      "Actual Rows": 4,
                      "Actual Loops": 85201,
                      "Index Cond": "(movie_id = t.id)",
                      "Rows Removed by Index Recheck": 0,
                      "Filter": "((company_id > 4808) AND (company_type_id < 2))",
                      "Rows Removed by Filter": 6
                    }
                  ]
                }
              ]
            }
          ]
        }
      ]
    },
    "Planning Time": 0.464,
    "Triggers": [],
    "Execution Time": 530.459
  }
]