[
  {
    "Plan": {
      "Node Type": "Aggregate",
      "Strategy": "Plain",
      "Partial Mode": "Finalize",
      "Parallel Aware": false,
      "Startup Cost": 385645.56,
      "Total Cost": 385645.57,
      "Plan Rows": 1,
      "Plan Width": 8,
      "Actual Startup Time": 721.415,
      "Actual Total Time": 750.445,
      "Actual Rows": 1,
      "Actual Loops": 1,
      "Plans": [
        {
          "Node Type": "Gather",
          "Parent Relationship": "Outer",
          "Parallel Aware": false,
          "Startup Cost": 385644.93,
          "Total Cost": 385645.54,
          "Plan Rows": 6,
          "Plan Width": 8,
          "Actual Startup Time": 711.67,
          "Actual Total Time": 750.433,
          "Actual Rows": 7,
          "Actual Loops": 1,
          "Workers Planned": 6,
          "Workers Launched": 6,
          "Single Copy": false,
          "Plans": [
            {
              "Node Type": "Aggregate",
              "Strategy": "Plain",
              "Partial Mode": "Partial",
              "Parent Relationship": "Outer",
              "Parallel Aware": false,
              "Startup Cost": 384644.93,
              "Total Cost": 384644.94,
              "Plan Rows": 1,
              "Plan Width": 8,
              "Actual Startup Time": 696.77,
              "Actual Total Time": 696.774,
              "Actual Rows": 1,
              "Actual Loops": 7,
              "Plans": [
                {
                  "Node Type": "Hash Join",
                  "Parent Relationship": "Outer",
                  "Parallel Aware": true,
                  "Join Type": "Inner",
                  "Startup Cost": 48379.19,
                  "Total Cost": 384283.5,
                  "Plan Rows": 144571,
                  "Plan Width": 0,
                  "Actual Startup Time": 180.422,
                  "Actual Total Time": 684.855,
                  "Actual Rows": 285051,
                  "Actual Loops": 7,
                  "Inner Unique": true,
                  "Hash Cond": "(ci.movie_id = t.id)",
                  "Plans": [
                    {
                      "Node Type": "Index Scan",
                      "Parent Relationship": "Outer",
                      "Parallel Aware": true,
                      "Scan Direction": "Forward",
                      "Index Name": "role_id_cast_info",
                      "Relation Name": "cast_info",
                      "Alias": "ci",
                      "Startup Cost": 0.56,
                      "Total Cost": 335235.55,
                      "Plan Rows": 254982,
                      "Plan Width": 4,
                      "Actual Startup Time": 0.173,
                      "Actual Total Time": 333.743,
                      "Actual Rows": 469249,
                      "Actual Loops": 7,
                      "Index Cond": "(role_id = 1)",
                      "Rows Removed by Index Recheck": 0,
                      "Filter": "(person_id < 439142)",
                      "Rows Removed by Filter": 1340850
                    },
                    {
                      "Node Type": "Hash",
                      "Parent Relationship": "Inner",
                      "Parallel Aware": true,
                      "Startup Cost": 43898.92,
                      "Total Cost": 43898.92,
                      "Plan Rows": 358377,
                      "Plan Width": 4,
                      "Actual Startup Time": 175.569,
                      "Actual Total Time": 175.571,
                      "Actual Rows": 206185,
                      "Actual Loops": 7,
                      "Hash Buckets": 2097152,
                      "Original Hash Buckets": 2097152,
                      "Hash Batches": 1,
                      "Original Hash Batches": 1,
                      "Peak Memory Usage": 72960,
                      "Plans": [
                        {
                          "Node Type": "Seq Scan",
                          "Parent Relationship": "Outer",
                          "Parallel Aware": true,
                          "Relation Name": "title",
                          "Alias": "t",
                          "Startup Cost": 0.0,
                          "Total Cost": 43898.92,
                          "Plan Rows": 358377,
                          "Plan Width": 4,
                          "Actual Startup Time": 0.043,
                          "Actual Total Time": 79.443,
                          "Actual Rows": 206185,
                          "Actual Loops": 7,
                          "Filter": "(production_year < 2006)",
                          "Rows Removed by Filter": 155002
                        }
                      ]
                    }
                  ]
                }
              ]
            }
          ]
        }
      ]
    },
    "Planning Time": 0.633,
    "Triggers": [],
    "Execution Time": 750.527
  }
]