[
  {
    "Plan": {
      "Node Type": "Aggregate",
      "Strategy": "Plain",
      "Partial Mode": "Finalize",
      "Parallel Aware": false,
      "Startup Cost": 45593.32,
      "Total Cost": 45593.33,
      "Plan Rows": 1,
      "Plan Width": 8,
      "Actual Startup Time": 109.989,
      "Actual Total Time": 121.31,
      "Actual Rows": 1,
      "Actual Loops": 1,
      "Plans": [
        {
          "Node Type": "Gather",
          "Parent Relationship": "Outer",
          "Parallel Aware": false,
          "Startup Cost": 45592.9,
          "Total Cost": 45593.31,
          "Plan Rows": 4,
          "Plan Width": 8,
          "Actual Startup Time": 109.783,
          "Actual Total Time": 121.294,
          "Actual Rows": 5,
          "Actual Loops": 1,
          "Workers Planned": 4,
          "Workers Launched": 4,
          "Single Copy": false,
          "Plans": [
            {
              "Node Type": "Aggregate",
              "Strategy": "Plain",
              "Partial Mode": "Partial",
              "Parent Relationship": "Outer",
              "Parallel Aware": false,
              "Startup Cost": 44592.9,
              "Total Cost": 44592.91,
              "Plan Rows": 1,
              "Plan Width": 8,
              "Actual Startup Time": 104.241,
              "Actual Total Time": 104.243,
              "Actual Rows": 1,
              "Actual Loops": 5,
              "Plans": [
                {
                  "Node Type": "Seq Scan",
                  "Parent Relationship": "Outer",
                  "Parallel Aware": true,
                  "Relation Name": "title",
                  "Alias": "t",
                  "Startup Cost": 0.0,
                  "Total Cost": 43899.32,
                  "Plan Rows": 277431,
                  "Plan Width": 0,
                  "Actual Startup Time": 0.031,
                  "Actual Total Time": 91.651,
                  "Actual Rows": 221585,
                  "Actual Loops": 5,
                  "Filter": "(production_year > 2004)",
                  "Rows Removed by Filter": 284077
                }
              ]
            }
          ]
        }
      ]
    },
    "Planning Time": 0.096,
    "Triggers": [],
    "Execution Time": 121.355
  }
]