[
  {
    "Plan": {
      "Node Type": "Aggregate",
      "Strategy": "Plain",
      "Partial Mode": "Finalize",
      "Parallel Aware": false,
      "Startup Cost": 334045.43,
      "Total Cost": 334045.44,
      "Plan Rows": 1,
      "Plan Width": 8,
      "Actual Startup Time": 651.447,
      "Actual Total Time": 691.924,
      "Actual Rows": 1,
      "Actual Loops": 1,
      "Plans": [
        {
          "Node Type": "Gather",
          "Parent Relationship": "Outer",
          "Parallel Aware": false,
          "Startup Cost": 334044.81,
          "Total Cost": 334045.42,
          "Plan Rows": 6,
          "Plan Width": 8,
          "Actual Startup Time": 651.197,
          "Actual Total Time": 691.909,
          "Actual Rows": 7,
          "Actual Loops": 1,
          "Workers Planned": 6,
          "Workers Launched": 6,
          "Single Copy": false,
          "Plans": [
            {
              "Node Type": "Aggregate",
              "Strategy": "Plain",
              "Partial Mode": "Partial",
              "Parent Relationship": "Outer",
              "Parallel Aware": false,
              "Startup Cost": 333044.81,
              "Total Cost": 333044.82,
              "Plan Rows": 1,
              "Plan Width": 8,
              "Actual Startup Time": 643.899,
              "Actual Total Time": 643.901,
              "Actual Rows": 1,
              "Actual Loops": 7,
              "Plans": [
                {
                  "Node Type": "Seq Scan",
                  "Parent Relationship": "Outer",
                  "Parallel Aware": true,
                  "Relation Name": "cast_info",
                  "Alias": "ci",
                  "Startup Cost": 0.0,
                  "Total Cost": 328211.39,
                  "Plan Rows": 1933366,
                  "Plan Width": 0,
                  "Actual Startup Time": 0.046,
                  "Actual Total Time": 566.708,
                  "Actual Rows": 1672586,
                  "Actual Loops": 7,
                  "Filter": "(person_id < 1149655)",
                  "Rows Removed by Filter": 3505177
                }
              ]
            }
          ]
        }
      ]
    },
    "Planning Time": 0.089,
    "Triggers": [],
    "Execution Time": 691.966
  }
]