{
  "Plan": {
    "Node Type": "Aggregate",
    "Strategy": "Plain",
    "Partial Mode": "Finalize",
    "Parallel Aware": false,
    "Startup Cost": 878030.82,
    "Total Cost": 878030.83,
    "Plan Rows": 1,
    "Plan Width": 128,
    "Actual Startup Time": 3446.303,
    "Actual Total Time": 3526.563,
    "Actual Rows": 1,
    "Actual Loops": 1,
    "Plans": [
      {
        "Node Type": "Gather",
        "Parent Relationship": "Outer",
        "Parallel Aware": false,
        "Startup Cost": 878030.7,
        "Total Cost": 878030.81,
        "Plan Rows": 1,
        "Plan Width": 128,
        "Actual Startup Time": 3438.2,
        "Actual Total Time": 3526.546,
        "Actual Rows": 2,
        "Actual Loops": 1,
        "Workers Planned": 1,
        "Workers Launched": 1,
        "Single Copy": false,
        "Plans": [
          {
            "Node Type": "Aggregate",
            "Strategy": "Plain",
            "Partial Mode": "Partial",
            "Parent Relationship": "Outer",
            "Parallel Aware": false,
            "Startup Cost": 877030.7,
            "Total Cost": 877030.71,
            "Plan Rows": 1,
            "Plan Width": 128,
            "Actual Startup Time": 3422.723,
            "Actual Total Time": 3422.747,
            "Actual Rows": 1,
            "Actual Loops": 2,
            "Plans": [
              {
                "Node Type": "Hash Join",
                "Parent Relationship": "Outer",
                "Parallel Aware": true,
                "Join Type": "Inner",
                "Startup Cost": 820577.64,
                "Total Cost": 877028.26,
                "Plan Rows": 244,
                "Plan Width": 64,
                "Actual Startup Time": 3208.574,
                "Actual Total Time": 3422.115,
                "Actual Rows": 4072,
                "Actual Loops": 2,
                "Inner Unique": false,
                "Hash Cond": "(t.id = ci.movie_id)",
                "Plans": [
                  {
                    "Node Type": "Seq Scan",
                    "Parent Relationship": "Outer",
                    "Parallel Aware": true,
                    "Relation Name": "title",
                    "Alias": "t",
                    "Startup Cost": 0.0,
                    "Total Cost": 50871.58,
                    "Plan Rows": 1487358,
                    "Plan Width": 21,
                    "Actual Startup Time": 0.016,
                    "Actual Total Time": 118.048,
                    "Actual Rows": 1264156,
                    "Actual Loops": 2
                  },
                  {
                    "Node Type": "Hash",
                    "Parent Relationship": "Inner",
                    "Parallel Aware": true,
                    "Startup Cost": 820574.59,
                    "Total Cost": 820574.59,
                    "Plan Rows": 244,
                    "Plan Width": 55,
                    "Actual Startup Time": 3205.995,
                    "Actual Total Time": 3206.016,
                    "Actual Rows": 4072,
                    "Actual Loops": 2,
                    "Hash Buckets": 8192,
                    "Original Hash Buckets": 1024,
                    "Hash Batches": 1,
                    "Original Hash Batches": 1,
                    "Peak Memory Usage": 856,
                    "Plans": [
                      {
                        "Node Type": "Hash Join",
                        "Parent Relationship": "Outer",
                        "Parallel Aware": true,
                        "Join Type": "Inner",
                        "Startup Cost": 780675.04,
                        "Total Cost": 820574.59,
                        "Plan Rows": 244,
                        "Plan Width": 55,
                        "Actual Startup Time": 2963.614,
                        "Actual Total Time": 3183.316,
                        "Actual Rows": 4072,
                        "Actual Loops": 2,
                        "Inner Unique": true,
                        "Hash Cond": "(ci.person_role_id = chn.id)",
                        "Plans": [
                          {
                            "Node Type": "Hash Join",
                            "Parent Relationship": "Outer",
                            "Parallel Aware": true,
                            "Join Type": "Inner",
                            "Startup Cost": 702664.88,
                            "Total Cost": 742563.8,
                            "Plan Rows": 244,
                            "Plan Width": 43,
                            "Actual Startup Time": 2120.581,
                            "Actual Total Time": 2336.766,
                            "Actual Rows": 4257,
                            "Actual Loops": 2,
                            "Inner Unique": true,
                            "Hash Cond": "(mc.company_id = cn.id)",
                            "Plans": [
                              {
                                "Node Type": "Hash Join",
                                "Parent Relationship": "Outer",
                                "Parallel Aware": true,
                                "Join Type": "Inner",
                                "Startup Cost": 697310.11,
                                "Total Cost": 737207.28,
                                "Plan Rows": 666,
                                "Plan Width": 47,
                                "Actual Startup Time": 2095.23,
                                "Actual Total Time": 2309.918,
                                "Actual Rows": 9780,
                                "Actual Loops": 2,
                                "Inner Unique": false,
                                "Hash Cond": "(mc.movie_id = ci.movie_id)",
                                "Plans": [
                                  {
                                    "Node Type": "Seq Scan",
                                    "Parent Relationship": "Outer",
                                    "Parallel Aware": true,
                                    "Relation Name": "movie_companies",
                                    "Alias": "mc",
                                    "Startup Cost": 0.0,
                                    "Total Cost": 34137.82,
                                    "Plan Rows": 1534782,
                                    "Plan Width": 8,
                                    "Actual Startup Time": 0.008,
                                    "Actual Total Time": 104.871,
                                    "Actual Rows": 1304564,
                                    "Actual Loops": 2
                                  },
                                  {
                                    "Node Type": "Hash",
                                    "Parent Relationship": "Inner",
                                    "Parallel Aware": true,
                                    "Startup Cost": 697307.01,
                                    "Total Cost": 697307.01,
                                    "Plan Rows": 248,
                                    "Plan Width": 39,
                                    "Actual Startup Time": 2094.536,
                                    "Actual Total Time": 2094.547,
                                    "Actual Rows": 4102,
                                    "Actual Loops": 2,
                                    "Hash Buckets": 8192,
                                    "Original Hash Buckets": 1024,
                                    "Hash Batches": 1,
                                    "Original Hash Batches": 1,
                                    "Peak Memory Usage": 760,
                                    "Plans": [
                                      {
                                        "Node Type": "Hash Join",
                                        "Parent Relationship": "Outer",
                                        "Parallel Aware": false,
                                        "Join Type": "Inner",
                                        "Startup Cost": 110561.46,
                                        "Total Cost": 697307.01,
                                        "Plan Rows": 248,
                                        "Plan Width": 39,
                                        "Actual Startup Time": 925.15,
                                        "Actual Total Time": 2076.198,
                                        "Actual Rows": 4102,
                                        "Actual Loops": 2,
                                        "Inner Unique": true,
                                        "Hash Cond": "(ci.role_id = rt.id)",
                                        "Plans": [
                                          {
                                            "Node Type": "Hash Join",
                                            "Parent Relationship": "Outer",
                                            "Parallel Aware": true,
                                            "Join Type": "Inner",
                                            "Startup Cost": 110560.3,
                                            "Total Cost": 697295.3,
                                            "Plan Rows": 2969,
                                            "Plan Width": 43,
                                            "Actual Startup Time": 925.1,
                                            "Actual Total Time": 2075.512,
                                            "Actual Rows": 4102,
                                            "Actual Loops": 2,
                                            "Inner Unique": false,
                                            "Hash Cond": "(ci.person_id = an.person_id)",
                                            "Plans": [
                                              {
                                                "Node Type": "Seq Scan",
                                                "Parent Relationship": "Outer",
                                                "Parallel Aware": true,
                                                "Relation Name": "cast_info",
                                                "Alias": "ci",
                                                "Startup Cost": 0.0,
                                                "Total Cost": 572608.98,
                                                "Plan Rows": 537469,
                                                "Plan Width": 16,
                                                "Actual Startup Time": 0.029,
                                                "Actual Total Time": 1654.514,
                                                "Actual Rows": 433738,
                                                "Actual Loops": 2,
                                                "Filter": "(note = ANY ('{(voice),\"(voice: Japanese version)\",\"(voice) (uncredited)\",\"(voice: English version)\"}'::text[]))",
                                                "Rows Removed by Filter": 17688434
                                              },
                                              {
                                                "Node Type": "Hash",
                                                "Parent Relationship": "Inner",
                                                "Parallel Aware": true,
                                                "Startup Cost": 110544.91,
                                                "Total Cost": 110544.91,
                                                "Plan Rows": 1231,
                                                "Plan Width": 39,
                                                "Actual Startup Time": 387.476,
                                                "Actual Total Time": 387.482,
                                                "Actual Rows": 5262,
                                                "Actual Loops": 2,
                                                "Hash Buckets": 16384,
                                                "Original Hash Buckets": 4096,
                                                "Hash Batches": 1,
                                                "Original Hash Batches": 1,
                                                "Peak Memory Usage": 1056,
                                                "Plans": [
                                                  {
                                                    "Node Type": "Hash Join",
                                                    "Parent Relationship": "Outer",
                                                    "Parallel Aware": true,
                                                    "Join Type": "Inner",
                                                    "Startup Cost": 92455.11,
                                                    "Total Cost": 110544.91,
                                                    "Plan Rows": 1231,
                                                    "Plan Width": 39,
                                                    "Actual Startup Time": 282.103,
                                                    "Actual Total Time": 380.557,
                                                    "Actual Rows": 5262,
                                                    "Actual Loops": 2,
                                                    "Inner Unique": true,
                                                    "Hash Cond": "(an.person_id = n.id)",
                                                    "Plans": [
                                                      {
                                                        "Node Type": "Seq Scan",
                                                        "Parent Relationship": "Outer",
                                                        "Parallel Aware": true,
                                                        "Relation Name": "aka_name",
                                                        "Alias": "an",
                                                        "Startup Cost": 0.0,
                                                        "Total Cost": 16698.02,
                                                        "Plan Rows": 530202,
                                                        "Plan Width": 20,
                                                        "Actual Startup Time": 0.015,
                                                        "Actual Total Time": 49.429,
                                                        "Actual Rows": 450672,
                                                        "Actual Loops": 2
                                                      },
                                                      {
                                                        "Node Type": "Hash",
                                                        "Parent Relationship": "Inner",
                                                        "Parallel Aware": true,
                                                        "Startup Cost": 92383.97,
                                                        "Total Cost": 92383.97,
                                                        "Plan Rows": 5691,
                                                        "Plan Width": 19,
                                                        "Actual Startup Time": 281.891,
                                                        "Actual Total Time": 281.892,
                                                        "Actual Rows": 25006,
                                                        "Actual Loops": 2,
                                                        "Hash Buckets": 65536,
                                                        "Original Hash Buckets": 16384,
                                                        "Hash Batches": 1,
                                                        "Original Hash Batches": 1,
                                                        "Peak Memory Usage": 3648,
                                                        "Plans": [
                                                          {
                                                            "Node Type": "Seq Scan",
                                                            "Parent Relationship": "Outer",
                                                            "Parallel Aware": true,
                                                            "Relation Name": "name",
                                                            "Alias": "n",
                                                            "Startup Cost": 0.0,
                                                            "Total Cost": 92383.97,
                                                            "Plan Rows": 5691,
                                                            "Plan Width": 19,
                                                            "Actual Startup Time": 113.117,
                                                            "Actual Total Time": 274.297,
                                                            "Actual Rows": 25006,
                                                            "Actual Loops": 2,
                                                            "Filter": "((name ~~ '%An%'::text) AND ((gender)::text = 'f'::text))",
                                                            "Rows Removed by Filter": 2058740
                                                          }
                                                        ]
                                                      }
                                                    ]
                                                  }
                                                ]
                                              }
                                            ]
                                          },
                                          {
                                            "Node Type": "Hash",
                                            "Parent Relationship": "Inner",
                                            "Parallel Aware": false,
                                            "Startup Cost": 1.15,
                                            "Total Cost": 1.15,
                                            "Plan Rows": 1,
                                            "Plan Width": 4,
                                            "Actual Startup Time": 0.034,
                                            "Actual Total Time": 0.035,
                                            "Actual Rows": 1,
                                            "Actual Loops": 2,
                                            "Hash Buckets": 1024,
                                            "Original Hash Buckets": 1024,
                                            "Hash Batches": 1,
                                            "Original Hash Batches": 1,
                                            "Peak Memory Usage": 9,
                                            "Plans": [
                                              {
                                                "Node Type": "Seq Scan",
                                                "Parent Relationship": "Outer",
                                                "Parallel Aware": false,
                                                "Relation Name": "role_type",
                                                "Alias": "rt",
                                                "Startup Cost": 0.0,
                                                "Total Cost": 1.15,
                                                "Plan Rows": 1,
                                                "Plan Width": 4,
                                                "Actual Startup Time": 0.028,
                                                "Actual Total Time": 0.03,
                                                "Actual Rows": 1,
                                                "Actual Loops": 2,
                                                "Filter": "((role)::text = 'actress'::text)",
                                                "Rows Removed by Filter": 11
                                              }
                                            ]
                                          }
                                        ]
                                      }
                                    ]
                                  }
                                ]
                              },
                              {
                                "Node Type": "Hash",
                                "Parent Relationship": "Inner",
                                "Parallel Aware": true,
                                "Startup Cost": 4722.92,
                                "Total Cost": 4722.92,
                                "Plan Rows": 50548,
                                "Plan Width": 4,
                                "Actual Startup Time": 24.491,
                                "Actual Total Time": 24.492,
                                "Actual Rows": 42422,
                                "Actual Loops": 2,
                                "Hash Buckets": 131072,
                                "Original Hash Buckets": 131072,
                                "Hash Batches": 1,
                                "Original Hash Batches": 1,
                                "Peak Memory Usage": 4384,
                                "Plans": [
                                  {
                                    "Node Type": "Seq Scan",
                                    "Parent Relationship": "Outer",
                                    "Parallel Aware": true,
                                    "Relation Name": "company_name",
                                    "Alias": "cn",
                                    "Startup Cost": 0.0,
                                    "Total Cost": 4722.92,
                                    "Plan Rows": 50548,
                                    "Plan Width": 4,
                                    "Actual Startup Time": 0.041,
                                    "Actual Total Time": 16.902,
                                    "Actual Rows": 42422,
                                    "Actual Loops": 2,
                                    "Filter": "((country_code)::text = '[us]'::text)",
                                    "Rows Removed by Filter": 75077
                                  }
                                ]
                              }
                            ]
                          },
                          {
                            "Node Type": "Hash",
                            "Parent Relationship": "Inner",
                            "Parallel Aware": true,
                            "Startup Cost": 54920.07,
                            "Total Cost": 54920.07,
                            "Plan Rows": 1847207,
                            "Plan Width": 20,
                            "Actual Startup Time": 820.336,
                            "Actual Total Time": 820.337,
                            "Actual Rows": 1570170,
                            "Actual Loops": 2,
                            "Hash Buckets": 4194304,
                            "Original Hash Buckets": 4194304,
                            "Hash Batches": 1,
                            "Original Hash Batches": 1,
                            "Peak Memory Usage": 205056,
                            "Plans": [
                              {
                                "Node Type": "Seq Scan",
                                "Parent Relationship": "Outer",
                                "Parallel Aware": true,
                                "Relation Name": "char_name",
                                "Alias": "chn",
                                "Startup Cost": 0.0,
                                "Total Cost": 54920.07,
                                "Plan Rows": 1847207,
                                "Plan Width": 20,
                                "Actual Startup Time": 0.065,
                                "Actual Total Time": 199.114,
                                "Actual Rows": 1570170,
                                "Actual Loops": 2
                              }
                            ]
                          }
                        ]
                      }
                    ]
                  }
                ]
              }
            ]
          }
        ]
      }
    ]
  },
  "Planning Time": 1.981,
  "Triggers": [],
  "Execution Time": 3526.781
}