{
  "Plan": {
    "Node Type": "Aggregate",
    "Strategy": "Plain",
    "Partial Mode": "Finalize",
    "Parallel Aware": false,
    "Startup Cost": 102678.3,
    "Total Cost": 102678.31,
    "Plan Rows": 1,
    "Plan Width": 8,
    "Actual Startup Time": 347.837,
    "Actual Total Time": 363.767,
    "Actual Rows": 1,
    "Actual Loops": 1,
    "Plans": [
      {
        "Node Type": "Gather",
        "Parent Relationship": "Outer",
        "Parallel Aware": false,
        "Startup Cost": 102678.19,
        "Total Cost": 102678.3,
        "Plan Rows": 1,
        "Plan Width": 8,
        "Actual Startup Time": 347.218,
        "Actual Total Time": 363.76,
        "Actual Rows": 2,
        "Actual Loops": 1,
        "Workers Planned": 1,
        "Workers Launched": 1,
        "Single Copy": false,
        "Plans": [
          {
            "Node Type": "Aggregate",
            "Strategy": "Plain",
            "Partial Mode": "Partial",
            "Parent Relationship": "Outer",
            "Parallel Aware": false,
            "Startup Cost": 101678.19,
            "Total Cost": 101678.2,
            "Plan Rows": 1,
            "Plan Width": 8,
            "Actual Startup Time": 341.009,
            "Actual Total Time": 341.013,
            "Actual Rows": 1,
            "Actual Loops": 2,
            "Plans": [
              {
                "Node Type": "Hash Join",
                "Parent Relationship": "Outer",
                "Parallel Aware": true,
                "Join Type": "Inner",
                "Startup Cost": 43771.12,
                "Total Cost": 101515.09,
                "Plan Rows": 65238,
                "Plan Width": 0,
                "Actual Startup Time": 155.93,
                "Actual Total Time": 339.392,
                "Actual Rows": 31336,
                "Actual Loops": 2,
                "Inner Unique": false,
                "Hash Cond": "(t.id = mc.movie_id)",
                "Plans": [
                  {
                    "Node Type": "Seq Scan",
                    "Parent Relationship": "Outer",
                    "Parallel Aware": true,
                    "Relation Name": "title",
                    "Alias": "t",
                    "Startup Cost": 0.0,
                    "Total Cost": 54588.39,
                    "Plan Rows": 443492,
                    "Plan Width": 4,
                    "Actual Startup Time": 0.016,
                    "Actual Total Time": 124.774,
                    "Actual Rows": 376838,
                    "Actual Loops": 2,
                    "Filter": "(kind_id < 3)",
                    "Rows Removed by Filter": 887318
                  },
                  {
                    "Node Type": "Hash",
                    "Parent Relationship": "Inner",
                    "Parallel Aware": true,
                    "Startup Cost": 41036.44,
                    "Total Cost": 41036.44,
                    "Plan Rows": 218774,
                    "Plan Width": 4,
                    "Actual Startup Time": 150.219,
                    "Actual Total Time": 150.22,
                    "Actual Rows": 105221,
                    "Actual Loops": 2,
                    "Hash Buckets": 524288,
                    "Original Hash Buckets": 524288,
                    "Hash Batches": 1,
                    "Original Hash Batches": 1,
                    "Peak Memory Usage": 12384,
                    "Plans": [
                      {
                        "Node Type": "Bitmap Heap Scan",
                        "Parent Relationship": "Outer",
                        "Parallel Aware": true,
                        "Relation Name": "movie_companies",
                        "Alias": "mc",
                        "Startup Cost": 15783.18,
                        "Total Cost": 41036.44,
                        "Plan Rows": 218774,
                        "Plan Width": 4,
                        "Actual Startup Time": 103.162,
                        "Actual Total Time": 129.19,
                        "Actual Rows": 105221,
                        "Actual Loops": 2,
                        "Recheck Cond": "(company_id < 1427)",
                        "Rows Removed by Index Recheck": 0,
                        "Filter": "(company_type_id = 2)",
                        "Rows Removed by Filter": 258254,
                        "Exact Heap Blocks": 12432,
                        "Lossy Heap Blocks": 0,
                        "Plans": [
                          {
                            "Node Type": "Bitmap Index Scan",
                            "Parent Relationship": "Outer",
                            "Parallel Aware": false,
                            "Index Name": "company_id_movie_companies",
                            "Startup Cost": 0.0,
                            "Total Cost": 15690.2,
                            "Plan Rows": 732503,
                            "Plan Width": 0,
                            "Actual Startup Time": 50.784,
                            "Actual Total Time": 50.785,
                            "Actual Rows": 726951,
                            "Actual Loops": 1,
                            "Index Cond": "(company_id < 1427)"
                          }
                        ]
                      }
                    ]
                  }
                ]
              }
            ]
          }
        ]
      }
    ]
  },
  "Planning Time": 0.61,
  "Triggers": [],
  "Execution Time": 363.904
}