[
  {
    "Plan": {
      "Node Type": "Aggregate",
      "Strategy": "Plain",
      "Partial Mode": "Finalize",
      "Parallel Aware": false,
      "Startup Cost": 120140.95,
      "Total Cost": 120140.96,
      "Plan Rows": 1,
      "Plan Width": 8,
      "Actual Startup Time": 210.101,
      "Actual Total Time": 223.977,
      "Actual Rows": 1,
      "Actual Loops": 1,
      "Plans": [
        {
          "Node Type": "Gather",
          "Parent Relationship": "Outer",
          "Parallel Aware": false,
          "Startup Cost": 120140.43,
          "Total Cost": 120140.93,
          "Plan Rows": 5,
          "Plan Width": 8,
          "Actual Startup Time": 209.986,
          "Actual Total Time": 223.964,
          "Actual Rows": 6,
          "Actual Loops": 1,
          "Workers Planned": 5,
          "Workers Launched": 5,
          "Single Copy": false,
          "Plans": [
            {
              "Node Type": "Aggregate",
              "Strategy": "Plain",
              "Partial Mode": "Partial",
              "Parent Relationship": "Outer",
              "Parallel Aware": false,
              "Startup Cost": 119140.43,
              "Total Cost": 119140.43,
              "Plan Rows": 1,
              "Plan Width": 8,
              "Actual Startup Time": 200.02,
              "Actual Total Time": 200.022,
              "Actual Rows": 1,
              "Actual Loops": 6,
              "Plans": [
                {
                  "Node Type": "Index Scan",
                  "Parent Relationship": "Outer",
                  "Parallel Aware": true,
                  "Scan Direction": "Forward",
                  "Index Name": "role_id_cast_info",
                  "Relation Name": "cast_info",
                  "Alias": "ci",
                  "Startup Cost": 0.56,
                  "Total Cost": 118067.1,
                  "Plan Rows": 429328,
                  "Plan Width": 0,
                  "Actual Startup Time": 0.251,
                  "Actual Total Time": 190.761,
                  "Actual Rows": 117411,
                  "Actual Loops": 6,
                  "Index Cond": "(role_id = 10)",
                  "Rows Removed by Index Recheck": 0,
                  "Filter": "(person_id < 1801379)",
                  "Rows Removed by Filter": 603092
                }
              ]
            }
          ]
        }
      ]
    },
    "Planning Time": 0.095,
    "Triggers": [],
    "Execution Time": 224.012
  }
]