{
  "Plan": {
    "Node Type": "Aggregate",
    "Strategy": "Plain",
    "Partial Mode": "Simple",
    "Parallel Aware": false,
    "Startup Cost": 177141.38,
    "Total Cost": 177141.39,
    "Plan Rows": 1,
    "Plan Width": 68,
    "Actual Startup Time": 1122.251,
    "Actual Total Time": 1122.259,
    "Actual Rows": 1,
    "Actual Loops": 1,
    "Plans": [
      {
        "Node Type": "Hash Join",
        "Parent Relationship": "Outer",
        "Parallel Aware": false,
        "Join Type": "Inner",
        "Startup Cost": 118065.6,
        "Total Cost": 177116.83,
        "Plan Rows": 3273,
        "Plan Width": 45,
        "Actual Startup Time": 1044.024,
        "Actual Total Time": 1122.238,
        "Actual Rows": 1,
        "Actual Loops": 1,
        "Inner Unique": true,
        "Hash Cond": "(mi_idx.info_type_id = it.id)",
        "Plans": [
          {
            "Node Type": "Hash Join",
            "Parent Relationship": "Outer",
            "Parallel Aware": false,
            "Join Type": "Inner",
            "Startup Cost": 118063.17,
            "Total Cost": 176107.15,
            "Plan Rows": 369845,
            "Plan Width": 49,
            "Actual Startup Time": 868.137,
            "Actual Total Time": 1117.831,
            "Actual Rows": 86627,
            "Actual Loops": 1,
            "Inner Unique": false,
            "Hash Cond": "(t.id = mi_idx.movie_id)",
            "Plans": [
              {
                "Node Type": "Hash Join",
                "Parent Relationship": "Outer",
                "Parallel Aware": false,
                "Join Type": "Inner",
                "Startup Cost": 79077.39,
                "Total Cost": 135594.42,
                "Plan Rows": 130415,
                "Plan Width": 53,
                "Actual Startup Time": 535.774,
                "Actual Total Time": 758.846,
                "Actual Rows": 48044,
                "Actual Loops": 1,
                "Inner Unique": true,
                "Hash Cond": "(mc.movie_id = t.id)",
                "Plans": [
                  {
                    "Node Type": "Nested Loop",
                    "Parent Relationship": "Outer",
                    "Parallel Aware": false,
                    "Join Type": "Inner",
                    "Startup Cost": 0.43,
                    "Total Cost": 55638.63,
                    "Plan Rows": 334794,
                    "Plan Width": 28,
                    "Actual Startup Time": 0.074,
                    "Actual Total Time": 174.403,
                    "Actual Rows": 140904,
                    "Actual Loops": 1,
                    "Inner Unique": false,
                    "Plans": [
                      {
                        "Node Type": "Seq Scan",
                        "Parent Relationship": "Outer",
                        "Parallel Aware": false,
                        "Relation Name": "company_type",
                        "Alias": "ct",
                        "Startup Cost": 0.0,
                        "Total Cost": 1.05,
                        "Plan Rows": 1,
                        "Plan Width": 4,
                        "Actual Startup Time": 0.016,
                        "Actual Total Time": 0.022,
                        "Actual Rows": 1,
                        "Actual Loops": 1,
                        "Filter": "((kind)::text = 'production companies'::text)",
                        "Rows Removed by Filter": 3
                      },
                      {
                        "Node Type": "Index Scan",
                        "Parent Relationship": "Inner",
                        "Parallel Aware": false,
                        "Scan Direction": "Forward",
                        "Index Name": "company_type_id_movie_companies",
                        "Relation Name": "movie_companies",
                        "Alias": "mc",
                        "Startup Cost": 0.43,
                        "Total Cost": 48941.71,
                        "Plan Rows": 669587,
                        "Plan Width": 32,
                        "Actual Startup Time": 0.052,
                        "Actual Total Time": 164.082,
                        "Actual Rows": 140904,
                        "Actual Loops": 1,
                        "Index Cond": "(company_type_id = ct.id)",
                        "Rows Removed by Index Recheck": 0,
                        "Filter": "(note !~~ '%(as Metro-Goldwyn-Mayer Pictures)%'::text)",
                        "Rows Removed by Filter": 1193979
                      }
                    ]
                  },
                  {
                    "Node Type": "Hash",
                    "Parent Relationship": "Inner",
                    "Parallel Aware": false,
                    "Startup Cost": 66766.07,
                    "Total Cost": 66766.07,
                    "Plan Rows": 984871,
                    "Plan Width": 25,
                    "Actual Startup Time": 533.635,
                    "Actual Total Time": 533.636,
                    "Actual Rows": 971188,
                    "Actual Loops": 1,
                    "Hash Buckets": 1048576,
                    "Original Hash Buckets": 1048576,
                    "Hash Batches": 1,
                    "Original Hash Batches": 1,
                    "Peak Memory Usage": 64670,
                    "Plans": [
                      {
                        "Node Type": "Bitmap Heap Scan",
                        "Parent Relationship": "Outer",
                        "Parallel Aware": false,
                        "Relation Name": "title",
                        "Alias": "t",
                        "Startup Cost": 18457.18,
                        "Total Cost": 66766.07,
                        "Plan Rows": 984871,
                        "Plan Width": 25,
                        "Actual Startup Time": 48.793,
                        "Actual Total Time": 268.993,
                        "Actual Rows": 971188,
                        "Actual Loops": 1,
                        "Recheck Cond": "(production_year < 1999)",
                        "Rows Removed by Index Recheck": 0,
                        "Exact Heap Blocks": 35995,
                        "Lossy Heap Blocks": 0,
                        "Plans": [
                          {
                            "Node Type": "Bitmap Index Scan",
                            "Parent Relationship": "Outer",
                            "Parallel Aware": false,
                            "Index Name": "idx_title_production_year",
                            "Startup Cost": 0.0,
                            "Total Cost": 18210.96,
                            "Plan Rows": 984871,
                            "Plan Width": 0,
                            "Actual Startup Time": 44.084,
                            "Actual Total Time": 44.084,
                            "Actual Rows": 971188,
                            "Actual Loops": 1,
                            "Index Cond": "(production_year < 1999)"
                          }
                        ]
                      }
                    ]
                  }
                ]
              },
              {
                "Node Type": "Hash",
                "Parent Relationship": "Inner",
                "Parallel Aware": false,
                "Startup Cost": 21735.35,
                "Total Cost": 21735.35,
                "Plan Rows": 1380035,
                "Plan Width": 8,
                "Actual Startup Time": 328.354,
                "Actual Total Time": 328.355,
                "Actual Rows": 1380035,
                "Actual Loops": 1,
                "Hash Buckets": 2097152,
                "Original Hash Buckets": 2097152,
                "Hash Batches": 1,
                "Original Hash Batches": 1,
                "Peak Memory Usage": 70292,
                "Plans": [
                  {
                    "Node Type": "Seq Scan",
                    "Parent Relationship": "Outer",
                    "Parallel Aware": false,
                    "Relation Name": "movie_info_idx",
                    "Alias": "mi_idx",
                    "Startup Cost": 0.0,
                    "Total Cost": 21735.35,
                    "Plan Rows": 1380035,
                    "Plan Width": 8,
                    "Actual Startup Time": 0.014,
                    "Actual Total Time": 136.717,
                    "Actual Rows": 1380035,
                    "Actual Loops": 1
                  }
                ]
              }
            ]
          },
          {
            "Node Type": "Hash",
            "Parent Relationship": "Inner",
            "Parallel Aware": false,
            "Startup Cost": 2.41,
            "Total Cost": 2.41,
            "Plan Rows": 1,
            "Plan Width": 4,
            "Actual Startup Time": 0.02,
            "Actual Total Time": 0.02,
            "Actual Rows": 1,
            "Actual Loops": 1,
            "Hash Buckets": 1024,
            "Original Hash Buckets": 1024,
            "Hash Batches": 1,
            "Original Hash Batches": 1,
            "Peak Memory Usage": 9,
            "Plans": [
              {
                "Node Type": "Seq Scan",
                "Parent Relationship": "Outer",
                "Parallel Aware": false,
                "Relation Name": "info_type",
                "Alias": "it",
                "Startup Cost": 0.0,
                "Total Cost": 2.41,
                "Plan Rows": 1,
                "Plan Width": 4,
                "Actual Startup Time": 0.017,
                "Actual Total Time": 0.018,
                "Actual Rows": 1,
                "Actual Loops": 1,
                "Filter": "((info)::text = 'bottom 10 rank'::text)",
                "Rows Removed by Filter": 112
              }
            ]
          }
        ]
      }
    ]
  },
  "Planning Time": 0.536,
  "Triggers": [],
  "Execution Time": 1123.27
}