{
  "Plan": {
    "Node Type": "Aggregate",
    "Strategy": "Plain",
    "Partial Mode": "Simple",
    "Parallel Aware": false,
    "Startup Cost": 3006.81,
    "Total Cost": 3006.82,
    "Plan Rows": 1,
    "Plan Width": 8,
    "Actual Startup Time": 32.742,
    "Actual Total Time": 32.744,
    "Actual Rows": 1,
    "Actual Loops": 1,
    "Plans": [
      {
        "Node Type": "Nested Loop",
        "Parent Relationship": "Outer",
        "Parallel Aware": false,
        "Join Type": "Inner",
        "Startup Cost": 6.78,
        "Total Cost": 3006.58,
        "Plan Rows": 89,
        "Plan Width": 0,
        "Actual Startup Time": 1.507,
        "Actual Total Time": 32.588,
        "Actual Rows": 935,
        "Actual Loops": 1,
        "Inner Unique": true,
        "Plans": [
          {
            "Node Type": "Bitmap Heap Scan",
            "Parent Relationship": "Outer",
            "Parallel Aware": false,
            "Relation Name": "movie_keyword",
            "Alias": "mk",
            "Startup Cost": 6.35,
            "Total Cost": 922.98,
            "Plan Rows": 248,
            "Plan Width": 4,
            "Actual Startup Time": 1.432,
            "Actual Total Time": 7.786,
            "Actual Rows": 3129,
            "Actual Loops": 1,
            "Recheck Cond": "(keyword_id = 1767)",
            "Rows Removed by Index Recheck": 0,
            "Exact Heap Blocks": 2797,
            "Lossy Heap Blocks": 0,
            "Plans": [
              {
                "Node Type": "Bitmap Index Scan",
                "Parent Relationship": "Outer",
                "Parallel Aware": false,
                "Index Name": "keyword_id_movie_keyword",
                "Startup Cost": 0.0,
                "Total Cost": 6.29,
                "Plan Rows": 248,
                "Plan Width": 0,
                "Actual Startup Time": 0.773,
                "Actual Total Time": 0.774,
                "Actual Rows": 3129,
                "Actual Loops": 1,
                "Index Cond": "(keyword_id = 1767)"
              }
            ]
          },
          {
            "Node Type": "Index Scan",
            "Parent Relationship": "Inner",
            "Parallel Aware": false,
            "Scan Direction": "Forward",
            "Index Name": "title_pkey",
            "Relation Name": "title",
            "Alias": "t",
            "Startup Cost": 0.43,
            "Total Cost": 8.4,
            "Plan Rows": 1,
            "Plan Width": 4,
            "Actual Startup Time": 0.007,
            "Actual Total Time": 0.007,
            "Actual Rows": 0,
            "Actual Loops": 3129,
            "Index Cond": "(id = mk.movie_id)",
            "Rows Removed by Index Recheck": 0,
            "Filter": "(production_year > 2006)",
            "Rows Removed by Filter": 1
          }
        ]
      }
    ]
  },
  "Planning Time": 0.278,
  "Triggers": [],
  "Execution Time": 32.796
}