[
  {
    "Plan": {
      "Node Type": "Aggregate",
      "Strategy": "Plain",
      "Partial Mode": "Finalize",
      "Parallel Aware": false,
      "Startup Cost": 31249.88,
      "Total Cost": 31249.89,
      "Plan Rows": 1,
      "Plan Width": 8,
      "Actual Startup Time": 98.328,
      "Actual Total Time": 105.056,
      "Actual Rows": 1,
      "Actual Loops": 1,
      "Plans": [
        {
          "Node Type": "Gather",
          "Parent Relationship": "Outer",
          "Parallel Aware": false,
          "Startup Cost": 31249.56,
          "Total Cost": 31249.87,
          "Plan Rows": 3,
          "Plan Width": 8,
          "Actual Startup Time": 98.092,
          "Actual Total Time": 105.049,
          "Actual Rows": 4,
          "Actual Loops": 1,
          "Workers Planned": 3,
          "Workers Launched": 3,
          "Single Copy": false,
          "Plans": [
            {
              "Node Type": "Aggregate",
              "Strategy": "Plain",
              "Partial Mode": "Partial",
              "Parent Relationship": "Outer",
              "Parallel Aware": false,
              "Startup Cost": 30249.56,
              "Total Cost": 30249.57,
              "Plan Rows": 1,
              "Plan Width": 8,
              "Actual Startup Time": 94.427,
              "Actual Total Time": 94.428,
              "Actual Rows": 1,
              "Actual Loops": 4,
              "Plans": [
                {
                  "Node Type": "Bitmap Heap Scan",
                  "Parent Relationship": "Outer",
                  "Parallel Aware": true,
                  "Relation Name": "movie_companies",
                  "Alias": "mc",
                  "Startup Cost": 9214.2,
                  "Total Cost": 30073.32,
                  "Plan Rows": 70497,
                  "Plan Width": 0,
                  "Actual Startup Time": 79.272,
                  "Actual Total Time": 93.217,
                  "Actual Rows": 24684,
                  "Actual Loops": 4,
                  "Recheck Cond": "(company_id < 300)",
                  "Rows Removed by Index Recheck": 0,
                  "Filter": "(company_type_id > 1)",
                  "Rows Removed by Filter": 80756,
                  "Exact Heap Blocks": 10118,
                  "Lossy Heap Blocks": 0,
                  "Plans": [
                    {
                      "Node Type": "Bitmap Index Scan",
                      "Parent Relationship": "Outer",
                      "Parallel Aware": false,
                      "Index Name": "company_id_movie_companies",
                      "Startup Cost": 0.0,
                      "Total Cost": 9159.57,
                      "Plan Rows": 427618,
                      "Plan Width": 0,
                      "Actual Startup Time": 41.39,
                      "Actual Total Time": 41.39,
                      "Actual Rows": 421764,
                      "Actual Loops": 1,
                      "Index Cond": "(company_id < 300)"
                    }
                  ]
                }
              ]
            }
          ]
        }
      ]
    },
    "Planning Time": 0.231,
    "Triggers": [],
    "Execution Time": 105.185
  }
]