[
  {
    "Plan": {
      "Node Type": "Aggregate",
      "Strategy": "Plain",
      "Partial Mode": "Finalize",
      "Parallel Aware": false,
      "Startup Cost": 31716.73,
      "Total Cost": 31716.74,
      "Plan Rows": 1,
      "Plan Width": 8,
      "Actual Startup Time": 125.899,
      "Actual Total Time": 132.251,
      "Actual Rows": 1,
      "Actual Loops": 1,
      "Plans": [
        {
          "Node Type": "Gather",
          "Parent Relationship": "Outer",
          "Parallel Aware": false,
          "Startup Cost": 31716.42,
          "Total Cost": 31716.73,
          "Plan Rows": 3,
          "Plan Width": 8,
          "Actual Startup Time": 125.771,
          "Actual Total Time": 132.239,
          "Actual Rows": 4,
          "Actual Loops": 1,
          "Workers Planned": 3,
          "Workers Launched": 3,
          "Single Copy": false,
          "Plans": [
            {
              "Node Type": "Aggregate",
              "Strategy": "Plain",
              "Partial Mode": "Partial",
              "Parent Relationship": "Outer",
              "Parallel Aware": false,
              "Startup Cost": 30716.42,
              "Total Cost": 30716.43,
              "Plan Rows": 1,
              "Plan Width": 8,
              "Actual Startup Time": 119.059,
              "Actual Total Time": 119.06,
              "Actual Rows": 1,
              "Actual Loops": 4,
              "Plans": [
                {
                  "Node Type": "Seq Scan",
                  "Parent Relationship": "Outer",
                  "Parallel Aware": true,
                  "Relation Name": "movie_companies",
                  "Alias": "mc",
                  "Startup Cost": 0.0,
                  "Total Cost": 29310.68,
                  "Plan Rows": 562294,
                  "Plan Width": 0,
                  "Actual Startup Time": 0.034,
                  "Actual Total Time": 92.364,
                  "Actual Rows": 438167,
                  "Actual Loops": 4,
                  "Filter": "(company_id < 24649)",
                  "Rows Removed by Filter": 214115
                }
              ]
            }
          ]
        }
      ]
    },
    "Planning Time": 0.187,
    "Triggers": [],
    "Execution Time": 132.307
  }
]