[
  {
    "Plan": {
      "Node Type": "Aggregate",
      "Strategy": "Plain",
      "Partial Mode": "Finalize",
      "Parallel Aware": false,
      "Startup Cost": 307620.4,
      "Total Cost": 307620.41,
      "Plan Rows": 1,
      "Plan Width": 8,
      "Actual Startup Time": 200.661,
      "Actual Total Time": 210.205,
      "Actual Rows": 1,
      "Actual Loops": 1,
      "Plans": [
        {
          "Node Type": "Gather",
          "Parent Relationship": "Outer",
          "Parallel Aware": false,
          "Startup Cost": 307619.77,
          "Total Cost": 307620.38,
          "Plan Rows": 6,
          "Plan Width": 8,
          "Actual Startup Time": 199.825,
          "Actual Total Time": 210.197,
          "Actual Rows": 7,
          "Actual Loops": 1,
          "Workers Planned": 6,
          "Workers Launched": 6,
          "Single Copy": false,
          "Plans": [
            {
              "Node Type": "Aggregate",
              "Strategy": "Plain",
              "Partial Mode": "Partial",
              "Parent Relationship": "Outer",
              "Parallel Aware": false,
              "Startup Cost": 306619.77,
              "Total Cost": 306619.78,
              "Plan Rows": 1,
              "Plan Width": 8,
              "Actual Startup Time": 191.036,
              "Actual Total Time": 191.038,
              "Actual Rows": 1,
              "Actual Loops": 7,
              "Plans": [
                {
                  "Node Type": "Bitmap Heap Scan",
                  "Parent Relationship": "Outer",
                  "Parallel Aware": true,
                  "Relation Name": "cast_info",
                  "Alias": "ci",
                  "Startup Cost": 48448.82,
                  "Total Cost": 305705.78,
                  "Plan Rows": 365597,
                  "Plan Width": 0,
                  "Actual Startup Time": 84.124,
                  "Actual Total Time": 174.358,
                  "Actual Rows": 301034,
                  "Actual Loops": 7,
                  "Recheck Cond": "(person_id > 3650924)",
                  "Rows Removed by Index Recheck": 0,
                  "Exact Heap Blocks": 7415,
                  "Lossy Heap Blocks": 0,
                  "Plans": [
                    {
                      "Node Type": "Bitmap Index Scan",
                      "Parent Relationship": "Outer",
                      "Parallel Aware": false,
                      "Index Name": "person_id_cast_info",
                      "Startup Cost": 0.0,
                      "Total Cost": 47900.42,
                      "Plan Rows": 2193581,
                      "Plan Width": 0,
                      "Actual Startup Time": 87.01,
                      "Actual Total Time": 87.011,
                      "Actual Rows": 2107235,
                      "Actual Loops": 1,
                      "Index Cond": "(person_id > 3650924)"
                    }
                  ]
                }
              ]
            }
          ]
        }
      ]
    },
    "Planning Time": 0.117,
    "Triggers": [],
    "Execution Time": 210.252
  }
]