[
  {
    "Plan": {
      "Node Type": "Aggregate",
      "Strategy": "Plain",
      "Partial Mode": "Finalize",
      "Parallel Aware": false,
      "Startup Cost": 468078.88,
      "Total Cost": 468078.89,
      "Plan Rows": 1,
      "Plan Width": 8,
      "Actual Startup Time": 3188.65,
      "Actual Total Time": 3250.054,
      "Actual Rows": 1,
      "Actual Loops": 1,
      "Plans": [
        {
          "Node Type": "Gather",
          "Parent Relationship": "Outer",
          "Parallel Aware": false,
          "Startup Cost": 468078.25,
          "Total Cost": 468078.86,
          "Plan Rows": 6,
          "Plan Width": 8,
          "Actual Startup Time": 3150.713,
          "Actual Total Time": 3250.04,
          "Actual Rows": 7,
          "Actual Loops": 1,
          "Workers Planned": 6,
          "Workers Launched": 6,
          "Single Copy": false,
          "Plans": [
            {
              "Node Type": "Aggregate",
              "Strategy": "Plain",
              "Partial Mode": "Partial",
              "Parent Relationship": "Outer",
              "Parallel Aware": false,
              "Startup Cost": 467078.25,
              "Total Cost": 467078.26,
              "Plan Rows": 1,
              "Plan Width": 8,
              "Actual Startup Time": 3135.854,
              "Actual Total Time": 3136.542,
              "Actual Rows": 1,
              "Actual Loops": 7,
              "Plans": [
                {
                  "Node Type": "Hash Join",
                  "Parent Relationship": "Outer",
                  "Parallel Aware": true,
                  "Join Type": "Inner",
                  "Startup Cost": 88992.38,
                  "Total Cost": 458875.24,
                  "Plan Rows": 3281203,
                  "Plan Width": 0,
                  "Actual Startup Time": 584.699,
                  "Actual Total Time": 2902.689,
                  "Actual Rows": 5224190,
                  "Actual Loops": 7,
                  "Inner Unique": false,
                  "Hash Cond": "(ci.movie_id = t.id)",
                  "Plans": [
                    {
                      "Node Type": "Seq Scan",
                      "Parent Relationship": "Outer",
                      "Parallel Aware": true,
                      "Relation Name": "cast_info",
                      "Alias": "ci",
                      "Startup Cost": 0.0,
                      "Total Cost": 343257.03,
                      "Plan Rows": 4277685,
                      "Plan Width": 4,
                      "Actual Startup Time": 49.812,
                      "Actual Total Time": 743.808,
                      "Actual Rows": 3597264,
                      "Actual Loops": 7,
                      "Filter": "((person_id > 387591) AND (role_id < 8))",
                      "Rows Removed by Filter": 1580499
                    },
                    {
                      "Node Type": "Hash",
                      "Parent Relationship": "Inner",
                      "Parallel Aware": true,
                      "Startup Cost": 81172.5,
                      "Total Cost": 81172.5,
                      "Plan Rows": 625590,
                      "Plan Width": 8,
                      "Actual Startup Time": 530.003,
                      "Actual Total Time": 530.689,
                      "Actual Rows": 277791,
                      "Actual Loops": 7,
                      "Hash Buckets": 2097152,
                      "Original Hash Buckets": 2097152,
                      "Hash Batches": 1,
                      "Original Hash Batches": 1,
                      "Peak Memory Usage": 92608,
                      "Plans": [
                        {
                          "Node Type": "Hash Join",
                          "Parent Relationship": "Outer",
                          "Parallel Aware": true,
                          "Join Type": "Inner",
                          "Startup Cost": 50219.64,
                          "Total Cost": 81172.5,
                          "Plan Rows": 625590,
                          "Plan Width": 8,
                          "Actual Startup Time": 254.398,
                          "Actual Total Time": 419.184,
                          "Actual Rows": 277791,
                          "Actual Loops": 7,
                          "Inner Unique": true,
                          "Hash Cond": "(mc.movie_id = t.id)",
                          "Plans": [
                            {
                              "Node Type": "Seq Scan",
                              "Parent Relationship": "Outer",
                              "Parallel Aware": true,
                              "Relation Name": "movie_companies",
                              "Alias": "mc",
                              "Startup Cost": 0.0,
                              "Total Cost": 29310.68,
                              "Plan Rows": 625590,
                              "Plan Width": 4,
                              "Actual Startup Time": 0.216,
                              "Actual Total Time": 54.37,
                              "Actual Rows": 277791,
                              "Actual Loops": 7,
                              "Filter": "(company_id > 1005)",
                              "Rows Removed by Filter": 94942
                            },
                            {
                              "Node Type": "Hash",
                              "Parent Relationship": "Inner",
                              "Parallel Aware": true,
                              "Startup Cost": 42318.73,
                              "Total Cost": 42318.73,
                              "Plan Rows": 632073,
                              "Plan Width": 4,
                              "Actual Startup Time": 250.316,
                              "Actual Total Time": 250.317,
                              "Actual Rows": 361187,
                              "Actual Loops": 7,
                              "Hash Buckets": 4194304,
                              "Original Hash Buckets": 4194304,
                              "Hash Batches": 1,
                              "Original Hash Batches": 1,
                              "Peak Memory Usage": 131776,
                              "Plans": [
                                {
                                  "Node Type": "Seq Scan",
                                  "Parent Relationship": "Outer",
                                  "Parallel Aware": true,
                                  "Relation Name": "title",
                                  "Alias": "t",
                                  "Startup Cost": 0.0,
                                  "Total Cost": 42318.73,
                                  "Plan Rows": 632073,
                                  "Plan Width": 4,
                                  "Actual Startup Time": 0.06,
                                  "Actual Total Time": 74.729,
                                  "Actual Rows": 361187,
                                  "Actual Loops": 7
                                }
                              ]
                            }
                          ]
                        }
                      ]
                    }
                  ]
                }
              ]
            }
          ]
        }
      ]
    },
    "Planning Time": 2.281,
    "Triggers": [],
    "Execution Time": 3250.155
  }
]