{
  "Plan": {
    "Node Type": "Aggregate",
    "Strategy": "Plain",
    "Partial Mode": "Finalize",
    "Parallel Aware": false,
    "Startup Cost": 246777.05,
    "Total Cost": 246777.06,
    "Plan Rows": 1,
    "Plan Width": 8,
    "Actual Startup Time": 280.832,
    "Actual Total Time": 293.759,
    "Actual Rows": 1,
    "Actual Loops": 1,
    "Plans": [
      {
        "Node Type": "Gather",
        "Parent Relationship": "Outer",
        "Parallel Aware": false,
        "Startup Cost": 246776.94,
        "Total Cost": 246777.05,
        "Plan Rows": 1,
        "Plan Width": 8,
        "Actual Startup Time": 280.413,
        "Actual Total Time": 293.753,
        "Actual Rows": 2,
        "Actual Loops": 1,
        "Workers Planned": 1,
        "Workers Launched": 1,
        "Single Copy": false,
        "Plans": [
          {
            "Node Type": "Aggregate",
            "Strategy": "Plain",
            "Partial Mode": "Partial",
            "Parent Relationship": "Outer",
            "Parallel Aware": false,
            "Startup Cost": 245776.94,
            "Total Cost": 245776.95,
            "Plan Rows": 1,
            "Plan Width": 8,
            "Actual Startup Time": 274.237,
            "Actual Total Time": 274.241,
            "Actual Rows": 1,
            "Actual Loops": 2,
            "Plans": [
              {
                "Node Type": "Nested Loop",
                "Parent Relationship": "Outer",
                "Parallel Aware": false,
                "Join Type": "Inner",
                "Startup Cost": 68273.17,
                "Total Cost": 245758.24,
                "Plan Rows": 7478,
                "Plan Width": 0,
                "Actual Startup Time": 185.052,
                "Actual Total Time": 273.579,
                "Actual Rows": 11378,
                "Actual Loops": 2,
                "Inner Unique": false,
                "Join Filter": "(t.id = mk.movie_id)",
                "Rows Removed by Join Filter": 0,
                "Plans": [
                  {
                    "Node Type": "Hash Join",
                    "Parent Relationship": "Outer",
                    "Parallel Aware": true,
                    "Join Type": "Inner",
                    "Startup Cost": 68272.74,
                    "Total Cost": 237350.88,
                    "Plan Rows": 4179,
                    "Plan Width": 8,
                    "Actual Startup Time": 184.841,
                    "Actual Total Time": 250.984,
                    "Actual Rows": 3318,
                    "Actual Loops": 2,
                    "Inner Unique": true,
                    "Hash Cond": "(mi.movie_id = t.id)",
                    "Plans": [
                      {
                        "Node Type": "Bitmap Heap Scan",
                        "Parent Relationship": "Outer",
                        "Parallel Aware": true,
                        "Relation Name": "movie_info",
                        "Alias": "mi",
                        "Startup Cost": 14428.12,
                        "Total Cost": 182276.62,
                        "Plan Rows": 468439,
                        "Plan Width": 4,
                        "Actual Startup Time": 37.983,
                        "Actual Total Time": 79.743,
                        "Actual Rows": 401070,
                        "Actual Loops": 2,
                        "Recheck Cond": "(info_type_id < 2)",
                        "Rows Removed by Index Recheck": 0,
                        "Exact Heap Blocks": 3054,
                        "Lossy Heap Blocks": 0,
                        "Plans": [
                          {
                            "Node Type": "Bitmap Index Scan",
                            "Parent Relationship": "Outer",
                            "Parallel Aware": false,
                            "Index Name": "info_type_id_movie_info",
                            "Startup Cost": 0.0,
                            "Total Cost": 14229.04,
                            "Plan Rows": 796347,
                            "Plan Width": 0,
                            "Actual Startup Time": 36.88,
                            "Actual Total Time": 36.881,
                            "Actual Rows": 802140,
                            "Actual Loops": 1,
                            "Index Cond": "(info_type_id < 2)"
                          }
                        ]
                      },
                      {
                        "Node Type": "Hash",
                        "Parent Relationship": "Inner",
                        "Parallel Aware": true,
                        "Startup Cost": 53678.75,
                        "Total Cost": 53678.75,
                        "Plan Rows": 13269,
                        "Plan Width": 4,
                        "Actual Startup Time": 111.41,
                        "Actual Total Time": 111.411,
                        "Actual Rows": 44635,
                        "Actual Loops": 2,
                        "Hash Buckets": 131072,
                        "Original Hash Buckets": 32768,
                        "Hash Batches": 1,
                        "Original Hash Batches": 1,
                        "Peak Memory Usage": 5312,
                        "Plans": [
                          {
                            "Node Type": "Bitmap Heap Scan",
                            "Parent Relationship": "Outer",
                            "Parallel Aware": true,
                            "Relation Name": "title",
                            "Alias": "t",
                            "Startup Cost": 11828.49,
                            "Total Cost": 53678.75,
                            "Plan Rows": 13269,
                            "Plan Width": 4,
                            "Actual Startup Time": 36.847,
                            "Actual Total Time": 98.461,
                            "Actual Rows": 44635,
                            "Actual Loops": 2,
                            "Recheck Cond": "(kind_id = 1)",
                            "Rows Removed by Index Recheck": 0,
                            "Filter": "(production_year < 1921)",
                            "Rows Removed by Filter": 286778,
                            "Exact Heap Blocks": 9761,
                            "Lossy Heap Blocks": 0,
                            "Plans": [
                              {
                                "Node Type": "Bitmap Index Scan",
                                "Parent Relationship": "Outer",
                                "Parallel Aware": false,
                                "Index Name": "kind_id_title",
                                "Startup Cost": 0.0,
                                "Total Cost": 11822.85,
                                "Plan Rows": 663256,
                                "Plan Width": 0,
                                "Actual Startup Time": 39.637,
                                "Actual Total Time": 39.637,
                                "Actual Rows": 662825,
                                "Actual Loops": 1,
                                "Index Cond": "(kind_id = 1)"
                              }
                            ]
                          }
                        ]
                      }
                    ]
                  },
                  {
                    "Node Type": "Index Only Scan",
                    "Parent Relationship": "Inner",
                    "Parallel Aware": false,
                    "Scan Direction": "Forward",
                    "Index Name": "movie_id_movie_keyword",
                    "Relation Name": "movie_keyword",
                    "Alias": "mk",
                    "Startup Cost": 0.43,
                    "Total Cost": 1.45,
                    "Plan Rows": 45,
                    "Plan Width": 4,
                    "Actual Startup Time": 0.006,
                    "Actual Total Time": 0.006,
                    "Actual Rows": 3,
                    "Actual Loops": 6635,
                    "Index Cond": "(movie_id = mi.movie_id)",
                    "Rows Removed by Index Recheck": 0,
                    "Heap Fetches": 22756
                  }
                ]
              }
            ]
          }
        ]
      }
    ]
  },
  "Planning Time": 0.934,
  "Triggers": [],
  "Execution Time": 293.873
}