{
    "Plan": {
        "Node Type": "Aggregate",
        "Strategy": "Plain",
        "Partial Mode": "Finalize",
        "Parallel Aware": false,
        "Startup Cost": 254040.33,
        "Total Cost": 254040.34,
        "Plan Rows": 1,
        "Plan Width": 8,
        "Actual Startup Time": 994.499,
        "Actual Total Time": 1033.615,
        "Actual Rows": 1,
        "Actual Loops": 1,
        "Output": [
            "count(*)"
        ],
        "Plans": [
            {
                "Node Type": "Gather",
                "Parent Relationship": "Outer",
                "Parallel Aware": false,
                "Startup Cost": 254039.81,
                "Total Cost": 254040.32,
                "Plan Rows": 5,
                "Plan Width": 8,
                "Actual Startup Time": 991.713,
                "Actual Total Time": 1033.602,
                "Actual Rows": 6,
                "Actual Loops": 1,
                "Output": [
                    "(PARTIAL count(*))"
                ],
                "Workers Planned": 5,
                "Workers Launched": 5,
                "Single Copy": false,
                "Plans": [
                    {
                        "Node Type": "Aggregate",
                        "Strategy": "Plain",
                        "Partial Mode": "Partial",
                        "Parent Relationship": "Outer",
                        "Parallel Aware": false,
                        "Startup Cost": 253039.81,
                        "Total Cost": 253039.82,
                        "Plan Rows": 1,
                        "Plan Width": 8,
                        "Actual Startup Time": 981.414,
                        "Actual Total Time": 981.418,
                        "Actual Rows": 1,
                        "Actual Loops": 6,
                        "Output": [
                            "PARTIAL count(*)"
                        ],
                        "Workers": [
                            {
                                "Worker Number": 0,
                                "Actual Startup Time": 979.629,
                                "Actual Total Time": 979.632,
                                "Actual Rows": 1,
                                "Actual Loops": 1
                            },
                            {
                                "Worker Number": 1,
                                "Actual Startup Time": 979.275,
                                "Actual Total Time": 979.277,
                                "Actual Rows": 1,
                                "Actual Loops": 1
                            },
                            {
                                "Worker Number": 2,
                                "Actual Startup Time": 979.244,
                                "Actual Total Time": 979.247,
                                "Actual Rows": 1,
                                "Actual Loops": 1
                            },
                            {
                                "Worker Number": 3,
                                "Actual Startup Time": 979.311,
                                "Actual Total Time": 979.314,
                                "Actual Rows": 1,
                                "Actual Loops": 1
                            },
                            {
                                "Worker Number": 4,
                                "Actual Startup Time": 980.173,
                                "Actual Total Time": 980.175,
                                "Actual Rows": 1,
                                "Actual Loops": 1
                            }
                        ],
                        "Plans": [
                            {
                                "Node Type": "Hash Join",
                                "Parent Relationship": "Outer",
                                "Parallel Aware": true,
                                "Join Type": "Inner",
                                "Startup Cost": 46597.6,
                                "Total Cost": 252141.55,
                                "Plan Rows": 359304,
                                "Plan Width": 0,
                                "Actual Startup Time": 130.046,
                                "Actual Total Time": 940.906,
                                "Actual Rows": 802509,
                                "Actual Loops": 6,
                                "Inner Unique": true,
                                "Hash Cond": "(mi.movie_id = t.id)",
                                "Workers": [
                                    {
                                        "Worker Number": 0,
                                        "Actual Startup Time": 127.94,
                                        "Actual Total Time": 938.645,
                                        "Actual Rows": 637405,
                                        "Actual Loops": 1
                                    },
                                    {
                                        "Worker Number": 1,
                                        "Actual Startup Time": 127.979,
                                        "Actual Total Time": 938.162,
                                        "Actual Rows": 639230,
                                        "Actual Loops": 1
                                    },
                                    {
                                        "Worker Number": 2,
                                        "Actual Startup Time": 127.957,
                                        "Actual Total Time": 941.072,
                                        "Actual Rows": 960536,
                                        "Actual Loops": 1
                                    },
                                    {
                                        "Worker Number": 3,
                                        "Actual Startup Time": 127.993,
                                        "Actual Total Time": 945.371,
                                        "Actual Rows": 833945,
                                        "Actual Loops": 1
                                    },
                                    {
                                        "Worker Number": 4,
                                        "Actual Startup Time": 128.85,
                                        "Actual Total Time": 941.597,
                                        "Actual Rows": 976005,
                                        "Actual Loops": 1
                                    }
                                ],
                                "Plans": [
                                    {
                                        "Node Type": "Seq Scan",
                                        "Parent Relationship": "Outer",
                                        "Parallel Aware": true,
                                        "Relation Name": "movie_info",
                                        "Schema": "public",
                                        "Alias": "mi",
                                        "Startup Cost": 0.0,
                                        "Total Cost": 198880.74,
                                        "Plan Rows": 2538363,
                                        "Plan Width": 4,
                                        "Actual Startup Time": 0.029,
                                        "Actual Total Time": 391.67,
                                        "Actual Rows": 2124109,
                                        "Actual Loops": 6,
                                        "Output": [
                                            "mi.id",
                                            "mi.movie_id",
                                            "mi.info_type_id",
                                            "mi.info",
                                            "mi.note"
                                        ],
                                        "Filter": "(mi.info_type_id > 2)",
                                        "Rows Removed by Filter": 348511,
                                        "Workers": [
                                            {
                                                "Worker Number": 0,
                                                "Actual Startup Time": 0.032,
                                                "Actual Total Time": 410.304,
                                                "Actual Rows": 1698508,
                                                "Actual Loops": 1
                                            },
                                            {
                                                "Worker Number": 1,
                                                "Actual Startup Time": 0.038,
                                                "Actual Total Time": 410.888,
                                                "Actual Rows": 1702312,
                                                "Actual Loops": 1
                                            },
                                            {
                                                "Worker Number": 2,
                                                "Actual Startup Time": 0.034,
                                                "Actual Total Time": 392.655,
                                                "Actual Rows": 2533003,
                                                "Actual Loops": 1
                                            },
                                            {
                                                "Worker Number": 3,
                                                "Actual Startup Time": 0.03,
                                                "Actual Total Time": 385.857,
                                                "Actual Rows": 2143610,
                                                "Actual Loops": 1
                                            },
                                            {
                                                "Worker Number": 4,
                                                "Actual Startup Time": 0.03,
                                                "Actual Total Time": 392.65,
                                                "Actual Rows": 2569517,
                                                "Actual Loops": 1
                                            }
                                        ]
                                    },
                                    {
                                        "Node Type": "Hash",
                                        "Parent Relationship": "Inner",
                                        "Parallel Aware": true,
                                        "Startup Cost": 45479.21,
                                        "Total Cost": 45479.21,
                                        "Plan Rows": 89471,
                                        "Plan Width": 4,
                                        "Actual Startup Time": 112.888,
                                        "Actual Total Time": 112.889,
                                        "Actual Rows": 70762,
                                        "Actual Loops": 6,
                                        "Output": [
                                            "t.id"
                                        ],
                                        "Hash Buckets": 524288,
                                        "Original Hash Buckets": 524288,
                                        "Hash Batches": 1,
                                        "Original Hash Batches": 1,
                                        "Peak Memory Usage": 20800,
                                        "Workers": [
                                            {
                                                "Worker Number": 0,
                                                "Actual Startup Time": 112.783,
                                                "Actual Total Time": 112.784,
                                                "Actual Rows": 57567,
                                                "Actual Loops": 1
                                            },
                                            {
                                                "Worker Number": 1,
                                                "Actual Startup Time": 112.874,
                                                "Actual Total Time": 112.875,
                                                "Actual Rows": 59222,
                                                "Actual Loops": 1
                                            },
                                            {
                                                "Worker Number": 2,
                                                "Actual Startup Time": 112.779,
                                                "Actual Total Time": 112.78,
                                                "Actual Rows": 83298,
                                                "Actual Loops": 1
                                            },
                                            {
                                                "Worker Number": 3,
                                                "Actual Startup Time": 112.827,
                                                "Actual Total Time": 112.829,
                                                "Actual Rows": 70408,
                                                "Actual Loops": 1
                                            },
                                            {
                                                "Worker Number": 4,
                                                "Actual Startup Time": 113.778,
                                                "Actual Total Time": 113.779,
                                                "Actual Rows": 83200,
                                                "Actual Loops": 1
                                            }
                                        ],
                                        "Plans": [
                                            {
                                                "Node Type": "Seq Scan",
                                                "Parent Relationship": "Outer",
                                                "Parallel Aware": true,
                                                "Relation Name": "title",
                                                "Schema": "public",
                                                "Alias": "t",
                                                "Startup Cost": 0.0,
                                                "Total Cost": 45479.21,
                                                "Plan Rows": 89471,
                                                "Plan Width": 4,
                                                "Actual Startup Time": 52.848,
                                                "Actual Total Time": 87.017,
                                                "Actual Rows": 70762,
                                                "Actual Loops": 6,
                                                "Output": [
                                                    "t.id"
                                                ],
                                                "Filter": "((t.production_year < 2005) AND (t.kind_id = 1))",
                                                "Rows Removed by Filter": 350623,
                                                "Workers": [
                                                    {
                                                        "Worker Number": 0,
                                                        "Actual Startup Time": 52.775,
                                                        "Actual Total Time": 87.68,
                                                        "Actual Rows": 57567,
                                                        "Actual Loops": 1
                                                    },
                                                    {
                                                        "Worker Number": 1,
                                                        "Actual Startup Time": 52.807,
                                                        "Actual Total Time": 88.452,
                                                        "Actual Rows": 59222,
                                                        "Actual Loops": 1
                                                    },
                                                    {
                                                        "Worker Number": 2,
                                                        "Actual Startup Time": 52.913,
                                                        "Actual Total Time": 87.228,
                                                        "Actual Rows": 83298,
                                                        "Actual Loops": 1
                                                    },
                                                    {
                                                        "Worker Number": 3,
                                                        "Actual Startup Time": 52.725,
                                                        "Actual Total Time": 85.748,
                                                        "Actual Rows": 70408,
                                                        "Actual Loops": 1
                                                    },
                                                    {
                                                        "Worker Number": 4,
                                                        "Actual Startup Time": 52.725,
                                                        "Actual Total Time": 87.102,
                                                        "Actual Rows": 83200,
                                                        "Actual Loops": 1
                                                    }
                                                ]
                                            }
                                        ]
                                    }
                                ]
                            }
                        ]
                    }
                ]
            }
        ]
    },
    "Planning Time": 0.831,
    "Triggers": [],
    "Execution Time": 1033.696
}