[
  {
    "Plan": {
      "Node Type": "Aggregate",
      "Strategy": "Plain",
      "Partial Mode": "Finalize",
      "Parallel Aware": false,
      "Startup Cost": 627739.3,
      "Total Cost": 627739.31,
      "Plan Rows": 1,
      "Plan Width": 8,
      "Actual Startup Time": 7077.818,
      "Actual Total Time": 7156.484,
      "Actual Rows": 1,
      "Actual Loops": 1,
      "Plans": [
        {
          "Node Type": "Gather",
          "Parent Relationship": "Outer",
          "Parallel Aware": false,
          "Startup Cost": 627738.68,
          "Total Cost": 627739.29,
          "Plan Rows": 6,
          "Plan Width": 8,
          "Actual Startup Time": 7040.49,
          "Actual Total Time": 7156.469,
          "Actual Rows": 7,
          "Actual Loops": 1,
          "Workers Planned": 6,
          "Workers Launched": 6,
          "Single Copy": false,
          "Plans": [
            {
              "Node Type": "Aggregate",
              "Strategy": "Plain",
              "Partial Mode": "Partial",
              "Parent Relationship": "Outer",
              "Parallel Aware": false,
              "Startup Cost": 626738.68,
              "Total Cost": 626738.69,
              "Plan Rows": 1,
              "Plan Width": 8,
              "Actual Startup Time": 7030.67,
              "Actual Total Time": 7032.746,
              "Actual Rows": 1,
              "Actual Loops": 7,
              "Plans": [
                {
                  "Node Type": "Hash Join",
                  "Parent Relationship": "Outer",
                  "Parallel Aware": true,
                  "Join Type": "Inner",
                  "Startup Cost": 256342.25,
                  "Total Cost": 615104.6,
                  "Plan Rows": 4653631,
                  "Plan Width": 0,
                  "Actual Startup Time": 1407.864,
                  "Actual Total Time": 6295.1,
                  "Actual Rows": 17132506,
                  "Actual Loops": 7,
                  "Inner Unique": false,
                  "Hash Cond": "(ci.movie_id = t.id)",
                  "Plans": [
                    {
                      "Node Type": "Seq Scan",
                      "Parent Relationship": "Outer",
                      "Parallel Aware": true,
                      "Relation Name": "cast_info",
                      "Alias": "ci",
                      "Startup Cost": 0.0,
                      "Total Cost": 328211.39,
                      "Plan Rows": 5664987,
                      "Plan Width": 4,
                      "Actual Startup Time": 26.836,
                      "Actual Total Time": 665.09,
                      "Actual Rows": 4845096,
                      "Actual Loops": 7,
                      "Filter": "(person_id > 226706)",
                      "Rows Removed by Filter": 332668
                    },
                    {
                      "Node Type": "Hash",
                      "Parent Relationship": "Inner",
                      "Parallel Aware": true,
                      "Startup Cost": 251149.67,
                      "Total Cost": 251149.67,
                      "Plan Rows": 415406,
                      "Plan Width": 8,
                      "Actual Startup Time": 1377.476,
                      "Actual Total Time": 1379.549,
                      "Actual Rows": 708170,
                      "Actual Loops": 7,
                      "Hash Buckets": 8388608,
                      "Original Hash Buckets": 2097152,
                      "Hash Batches": 1,
                      "Original Hash Batches": 1,
                      "Peak Memory Usage": 308736,
                      "Plans": [
                        {
                          "Node Type": "Hash Join",
                          "Parent Relationship": "Outer",
                          "Parallel Aware": true,
                          "Join Type": "Inner",
                          "Startup Cost": 47294.72,
                          "Total Cost": 251149.67,
                          "Plan Rows": 415406,
                          "Plan Width": 8,
                          "Actual Startup Time": 141.502,
                          "Actual Total Time": 829.978,
                          "Actual Rows": 708170,
                          "Actual Loops": 7,
                          "Inner Unique": true,
                          "Hash Cond": "(mi.movie_id = t.id)",
                          "Plans": [
                            {
                              "Node Type": "Seq Scan",
                              "Parent Relationship": "Outer",
                              "Parallel Aware": true,
                              "Relation Name": "movie_info",
                              "Alias": "mi",
                              "Startup Cost": 0.0,
                              "Total Cost": 199108.24,
                              "Plan Rows": 1808265,
                              "Plan Width": 4,
                              "Actual Startup Time": 0.036,
                              "Actual Total Time": 366.955,
                              "Actual Rows": 1280956,
                              "Actual Loops": 7,
                              "Filter": "(info_type_id < 15)",
                              "Rows Removed by Filter": 838432
                            },
                            {
                              "Node Type": "Hash",
                              "Parent Relationship": "Inner",
                              "Parallel Aware": true,
                              "Startup Cost": 45479.59,
                              "Total Cost": 45479.59,
                              "Plan Rows": 145211,
                              "Plan Width": 4,
                              "Actual Startup Time": 127.895,
                              "Actual Total Time": 127.896,
                              "Actual Rows": 84961,
                              "Actual Loops": 7,
                              "Hash Buckets": 1048576,
                              "Original Hash Buckets": 1048576,
                              "Hash Batches": 1,
                              "Original Hash Batches": 1,
                              "Peak Memory Usage": 31552,
                              "Plans": [
                                {
                                  "Node Type": "Seq Scan",
                                  "Parent Relationship": "Outer",
                                  "Parallel Aware": true,
                                  "Relation Name": "title",
                                  "Alias": "t",
                                  "Startup Cost": 0.0,
                                  "Total Cost": 45479.59,
                                  "Plan Rows": 145211,
                                  "Plan Width": 4,
                                  "Actual Startup Time": 51.468,
                                  "Actual Total Time": 84.126,
                                  "Actual Rows": 84961,
                                  "Actual Loops": 7,
                                  "Filter": "((production_year < 2012) AND (kind_id = 1))",
                                  "Rows Removed by Filter": 276226
                                }
                              ]
                            }
                          ]
                        }
                      ]
                    }
                  ]
                }
              ]
            }
          ]
        }
      ]
    },
    "Planning Time": 1.272,
    "Triggers": [],
    "Execution Time": 7156.54
  }
]