[
  {
    "Plan": {
      "Node Type": "Aggregate",
      "Strategy": "Plain",
      "Partial Mode": "Finalize",
      "Parallel Aware": false,
      "Startup Cost": 627007.97,
      "Total Cost": 627007.98,
      "Plan Rows": 1,
      "Plan Width": 8,
      "Actual Startup Time": 6489.244,
      "Actual Total Time": 6573.553,
      "Actual Rows": 1,
      "Actual Loops": 1,
      "Plans": [
        {
          "Node Type": "Gather",
          "Parent Relationship": "Outer",
          "Parallel Aware": false,
          "Startup Cost": 627007.34,
          "Total Cost": 627007.95,
          "Plan Rows": 6,
          "Plan Width": 8,
          "Actual Startup Time": 6446.012,
          "Actual Total Time": 6573.538,
          "Actual Rows": 7,
          "Actual Loops": 1,
          "Workers Planned": 6,
          "Workers Launched": 6,
          "Single Copy": false,
          "Plans": [
            {
              "Node Type": "Aggregate",
              "Strategy": "Plain",
              "Partial Mode": "Partial",
              "Parent Relationship": "Outer",
              "Parallel Aware": false,
              "Startup Cost": 626007.34,
              "Total Cost": 626007.35,
              "Plan Rows": 1,
              "Plan Width": 8,
              "Actual Startup Time": 6432.762,
              "Actual Total Time": 6434.69,
              "Actual Rows": 1,
              "Actual Loops": 7,
              "Plans": [
                {
                  "Node Type": "Hash Join",
                  "Parent Relationship": "Outer",
                  "Parallel Aware": true,
                  "Join Type": "Inner",
                  "Startup Cost": 256036.78,
                  "Total Cost": 614554.82,
                  "Plan Rows": 4581010,
                  "Plan Width": 0,
                  "Actual Startup Time": 1209.678,
                  "Actual Total Time": 5741.161,
                  "Actual Rows": 17132506,
                  "Actual Loops": 7,
                  "Inner Unique": false,
                  "Hash Cond": "(ci.movie_id = t.id)",
                  "Plans": [
                    {
                      "Node Type": "Seq Scan",
                      "Parent Relationship": "Outer",
                      "Parallel Aware": true,
                      "Relation Name": "cast_info",
                      "Alias": "ci",
                      "Startup Cost": 0.0,
                      "Total Cost": 328162.03,
                      "Plan Rows": 5651729,
                      "Plan Width": 4,
                      "Actual Startup Time": 23.625,
                      "Actual Total Time": 646.816,
                      "Actual Rows": 4845096,
                      "Actual Loops": 7,
                      "Filter": "(person_id > 226706)",
                      "Rows Removed by Filter": 332668
                    },
                    {
                      "Node Type": "Hash",
                      "Parent Relationship": "Inner",
                      "Parallel Aware": true,
                      "Startup Cost": 250913.5,
                      "Total Cost": 250913.5,
                      "Plan Rows": 409862,
                      "Plan Width": 8,
                      "Actual Startup Time": 1181.306,
                      "Actual Total Time": 1183.232,
                      "Actual Rows": 708170,
                      "Actual Loops": 7,
                      "Hash Buckets": 8388608,
                      "Original Hash Buckets": 2097152,
                      "Hash Batches": 1,
                      "Original Hash Batches": 1,
                      "Peak Memory Usage": 308768,
                      "Plans": [
                        {
                          "Node Type": "Hash Join",
                          "Parent Relationship": "Outer",
                          "Parallel Aware": true,
                          "Join Type": "Inner",
                          "Startup Cost": 47304.47,
                          "Total Cost": 250913.5,
                          "Plan Rows": 409862,
                          "Plan Width": 8,
                          "Actual Startup Time": 134.752,
                          "Actual Total Time": 762.342,
                          "Actual Rows": 708170,
                          "Actual Loops": 7,
                          "Inner Unique": true,
                          "Hash Cond": "(mi.movie_id = t.id)",
                          "Plans": [
                            {
                              "Node Type": "Seq Scan",
                              "Parent Relationship": "Outer",
                              "Parallel Aware": true,
                              "Relation Name": "movie_info",
                              "Alias": "mi",
                              "Startup Cost": 0.0,
                              "Total Cost": 198952.16,
                              "Plan Rows": 1774040,
                              "Plan Width": 4,
                              "Actual Startup Time": 0.035,
                              "Actual Total Time": 323.552,
                              "Actual Rows": 1280956,
                              "Actual Loops": 7,
                              "Filter": "(info_type_id < 15)",
                              "Rows Removed by Filter": 838432
                            },
                            {
                              "Node Type": "Hash",
                              "Parent Relationship": "Inner",
                              "Parallel Aware": true,
                              "Startup Cost": 45479.1,
                              "Total Cost": 45479.1,
                              "Plan Rows": 146030,
                              "Plan Width": 4,
                              "Actual Startup Time": 121.484,
                              "Actual Total Time": 121.485,
                              "Actual Rows": 84961,
                              "Actual Loops": 7,
                              "Hash Buckets": 1048576,
                              "Original Hash Buckets": 1048576,
                              "Hash Batches": 1,
                              "Original Hash Batches": 1,
                              "Peak Memory Usage": 31616,
                              "Plans": [
                                {
                                  "Node Type": "Seq Scan",
                                  "Parent Relationship": "Outer",
                                  "Parallel Aware": true,
                                  "Relation Name": "title",
                                  "Alias": "t",
                                  "Startup Cost": 0.0,
                                  "Total Cost": 45479.1,
                                  "Plan Rows": 146030,
                                  "Plan Width": 4,
                                  "Actual Startup Time": 50.286,
                                  "Actual Total Time": 81.959,
                                  "Actual Rows": 84961,
                                  "Actual Loops": 7,
                                  "Filter": "((production_year < 2012) AND (kind_id = 1))",
                                  "Rows Removed by Filter": 276226
                                }
                              ]
                            }
                          ]
                        }
                      ]
                    }
                  ]
                }
              ]
            }
          ]
        }
      ]
    },
    "Planning Time": 1.356,
    "Triggers": [],
    "Execution Time": 6573.643
  }
]