[
  {
    "Plan": {
      "Node Type": "Aggregate",
      "Strategy": "Plain",
      "Partial Mode": "Finalize",
      "Parallel Aware": false,
      "Startup Cost": 447791.44,
      "Total Cost": 447791.45,
      "Plan Rows": 1,
      "Plan Width": 8,
      "Actual Startup Time": 2042.985,
      "Actual Total Time": 2086.919,
      "Actual Rows": 1,
      "Actual Loops": 1,
      "Plans": [
        {
          "Node Type": "Gather",
          "Parent Relationship": "Outer",
          "Parallel Aware": false,
          "Startup Cost": 447790.82,
          "Total Cost": 447791.43,
          "Plan Rows": 6,
          "Plan Width": 8,
          "Actual Startup Time": 2019.682,
          "Actual Total Time": 2086.902,
          "Actual Rows": 7,
          "Actual Loops": 1,
          "Workers Planned": 6,
          "Workers Launched": 6,
          "Single Copy": false,
          "Plans": [
            {
              "Node Type": "Aggregate",
              "Strategy": "Plain",
              "Partial Mode": "Partial",
              "Parent Relationship": "Outer",
              "Parallel Aware": false,
              "Startup Cost": 446790.82,
              "Total Cost": 446790.83,
              "Plan Rows": 1,
              "Plan Width": 8,
              "Actual Startup Time": 2008.552,
              "Actual Total Time": 2009.074,
              "Actual Rows": 1,
              "Actual Loops": 7,
              "Plans": [
                {
                  "Node Type": "Hash Join",
                  "Parent Relationship": "Outer",
                  "Parallel Aware": true,
                  "Join Type": "Inner",
                  "Startup Cost": 94680.26,
                  "Total Cost": 444887.79,
                  "Plan Rows": 761212,
                  "Plan Width": 0,
                  "Actual Startup Time": 655.811,
                  "Actual Total Time": 1735.867,
                  "Actual Rows": 5652650,
                  "Actual Loops": 7,
                  "Inner Unique": false,
                  "Hash Cond": "(ci.movie_id = t.id)",
                  "Plans": [
                    {
                      "Node Type": "Index Scan",
                      "Parent Relationship": "Outer",
                      "Parallel Aware": true,
                      "Scan Direction": "Forward",
                      "Index Name": "role_id_cast_info",
                      "Relation Name": "cast_info",
                      "Alias": "ci",
                      "Startup Cost": 0.56,
                      "Total Cost": 341155.22,
                      "Plan Rows": 1759295,
                      "Plan Width": 4,
                      "Actual Startup Time": 146.663,
                      "Actual Total Time": 424.138,
                      "Actual Rows": 1162541,
                      "Actual Loops": 7,
                      "Index Cond": "(role_id = 1)",
                      "Rows Removed by Index Recheck": 0,
                      "Filter": "(person_id > 606980)",
                      "Rows Removed by Filter": 647558
                    },
                    {
                      "Node Type": "Hash",
                      "Parent Relationship": "Inner",
                      "Parallel Aware": true,
                      "Startup Cost": 90268.4,
                      "Total Cost": 90268.4,
                      "Plan Rows": 352903,
                      "Plan Width": 8,
                      "Actual Startup Time": 505.422,
                      "Actual Total Time": 505.942,
                      "Actual Rows": 389902,
                      "Actual Loops": 7,
                      "Hash Buckets": 4194304,
                      "Original Hash Buckets": 2097152,
                      "Hash Batches": 1,
                      "Original Hash Batches": 1,
                      "Peak Memory Usage": 156032,
                      "Plans": [
                        {
                          "Node Type": "Hash Join",
                          "Parent Relationship": "Outer",
                          "Parallel Aware": true,
                          "Join Type": "Inner",
                          "Startup Cost": 47390.32,
                          "Total Cost": 90268.4,
                          "Plan Rows": 352903,
                          "Plan Width": 8,
                          "Actual Startup Time": 148.016,
                          "Actual Total Time": 302.323,
                          "Actual Rows": 389902,
                          "Actual Loops": 7,
                          "Inner Unique": true,
                          "Hash Cond": "(mk.movie_id = t.id)",
                          "Plans": [
                            {
                              "Node Type": "Seq Scan",
                              "Parent Relationship": "Outer",
                              "Parallel Aware": true,
                              "Relation Name": "movie_keyword",
                              "Alias": "mk",
                              "Startup Cost": 0.0,
                              "Total Cost": 39047.32,
                              "Plan Rows": 1459332,
                              "Plan Width": 4,
                              "Actual Startup Time": 0.034,
                              "Actual Total Time": 67.025,
                              "Actual Rows": 646276,
                              "Actual Loops": 7
                            },
                            {
                              "Node Type": "Hash",
                              "Parent Relationship": "Inner",
                              "Parallel Aware": true,
                              "Startup Cost": 45479.59,
                              "Total Cost": 45479.59,
                              "Plan Rows": 152859,
                              "Plan Width": 4,
                              "Actual Startup Time": 120.334,
                              "Actual Total Time": 120.336,
                              "Actual Rows": 76198,
                              "Actual Loops": 7,
                              "Hash Buckets": 1048576,
                              "Original Hash Buckets": 1048576,
                              "Hash Batches": 1,
                              "Original Hash Batches": 1,
                              "Peak Memory Usage": 29184,
                              "Plans": [
                                {
                                  "Node Type": "Seq Scan",
                                  "Parent Relationship": "Outer",
                                  "Parallel Aware": true,
                                  "Relation Name": "title",
                                  "Alias": "t",
                                  "Startup Cost": 0.0,
                                  "Total Cost": 45479.59,
                                  "Plan Rows": 152859,
                                  "Plan Width": 4,
                                  "Actual Startup Time": 42.012,
                                  "Actual Total Time": 81.965,
                                  "Actual Rows": 76198,
                                  "Actual Loops": 7,
                                  "Filter": "((kind_id < 2) AND (production_year > 1932))",
                                  "Rows Removed by Filter": 284989
                                }
                              ]
                            }
                          ]
                        }
                      ]
                    }
                  ]
                }
              ]
            }
          ]
        }
      ]
    },
    "Planning Time": 0.934,
    "Triggers": [],
    "Execution Time": 2086.983
  }
]