[
  {
    "Plan": {
      "Node Type": "Aggregate",
      "Strategy": "Plain",
      "Partial Mode": "Finalize",
      "Parallel Aware": false,
      "Startup Cost": 441705.16,
      "Total Cost": 441705.17,
      "Plan Rows": 1,
      "Plan Width": 8,
      "Actual Startup Time": 1901.737,
      "Actual Total Time": 1931.09,
      "Actual Rows": 1,
      "Actual Loops": 1,
      "Plans": [
        {
          "Node Type": "Gather",
          "Parent Relationship": "Outer",
          "Parallel Aware": false,
          "Startup Cost": 441704.54,
          "Total Cost": 441705.15,
          "Plan Rows": 6,
          "Plan Width": 8,
          "Actual Startup Time": 1884.219,
          "Actual Total Time": 1931.074,
          "Actual Rows": 7,
          "Actual Loops": 1,
          "Workers Planned": 6,
          "Workers Launched": 6,
          "Single Copy": false,
          "Plans": [
            {
              "Node Type": "Aggregate",
              "Strategy": "Plain",
              "Partial Mode": "Partial",
              "Parent Relationship": "Outer",
              "Parallel Aware": false,
              "Startup Cost": 440704.54,
              "Total Cost": 440704.55,
              "Plan Rows": 1,
              "Plan Width": 8,
              "Actual Startup Time": 1869.117,
              "Actual Total Time": 1869.499,
              "Actual Rows": 1,
              "Actual Loops": 7,
              "Plans": [
                {
                  "Node Type": "Hash Join",
                  "Parent Relationship": "Outer",
                  "Parallel Aware": true,
                  "Join Type": "Inner",
                  "Startup Cost": 94693.59,
                  "Total Cost": 438830.23,
                  "Plan Rows": 749724,
                  "Plan Width": 0,
                  "Actual Startup Time": 603.824,
                  "Actual Total Time": 1620.242,
                  "Actual Rows": 5652650,
                  "Actual Loops": 7,
                  "Inner Unique": false,
                  "Hash Cond": "(ci.movie_id = t.id)",
                  "Plans": [
                    {
                      "Node Type": "Index Scan",
                      "Parent Relationship": "Outer",
                      "Parallel Aware": true,
                      "Scan Direction": "Forward",
                      "Index Name": "role_id_cast_info",
                      "Relation Name": "cast_info",
                      "Alias": "ci",
                      "Startup Cost": 0.56,
                      "Total Cost": 335235.55,
                      "Plan Rows": 1728848,
                      "Plan Width": 4,
                      "Actual Startup Time": 134.313,
                      "Actual Total Time": 377.264,
                      "Actual Rows": 1162541,
                      "Actual Loops": 7,
                      "Index Cond": "(role_id = 1)",
                      "Rows Removed by Index Recheck": 0,
                      "Filter": "(person_id > 606980)",
                      "Rows Removed by Filter": 647558
                    },
                    {
                      "Node Type": "Hash",
                      "Parent Relationship": "Inner",
                      "Parallel Aware": true,
                      "Startup Cost": 90272.03,
                      "Total Cost": 90272.03,
                      "Plan Rows": 353680,
                      "Plan Width": 8,
                      "Actual Startup Time": 464.757,
                      "Actual Total Time": 465.137,
                      "Actual Rows": 389902,
                      "Actual Loops": 7,
                      "Hash Buckets": 4194304,
                      "Original Hash Buckets": 2097152,
                      "Hash Batches": 1,
                      "Original Hash Batches": 1,
                      "Peak Memory Usage": 156064,
                      "Plans": [
                        {
                          "Node Type": "Hash Join",
                          "Parent Relationship": "Outer",
                          "Parallel Aware": true,
                          "Join Type": "Inner",
                          "Startup Cost": 47393.95,
                          "Total Cost": 90272.03,
                          "Plan Rows": 353680,
                          "Plan Width": 8,
                          "Actual Startup Time": 142.822,
                          "Actual Total Time": 285.924,
                          "Actual Rows": 389902,
                          "Actual Loops": 7,
                          "Inner Unique": true,
                          "Hash Cond": "(mk.movie_id = t.id)",
                          "Plans": [
                            {
                              "Node Type": "Seq Scan",
                              "Parent Relationship": "Outer",
                              "Parallel Aware": true,
                              "Relation Name": "movie_keyword",
                              "Alias": "mk",
                              "Startup Cost": 0.0,
                              "Total Cost": 39047.32,
                              "Plan Rows": 1459332,
                              "Plan Width": 4,
                              "Actual Startup Time": 0.026,
                              "Actual Total Time": 63.427,
                              "Actual Rows": 646276,
                              "Actual Loops": 7
                            },
                            {
                              "Node Type": "Hash",
                              "Parent Relationship": "Inner",
                              "Parallel Aware": true,
                              "Startup Cost": 45479.1,
                              "Total Cost": 45479.1,
                              "Plan Rows": 153188,
                              "Plan Width": 4,
                              "Actual Startup Time": 116.633,
                              "Actual Total Time": 116.634,
                              "Actual Rows": 76198,
                              "Actual Loops": 7,
                              "Hash Buckets": 1048576,
                              "Original Hash Buckets": 1048576,
                              "Hash Batches": 1,
                              "Original Hash Batches": 1,
                              "Peak Memory Usage": 29184,
                              "Plans": [
                                {
                                  "Node Type": "Seq Scan",
                                  "Parent Relationship": "Outer",
                                  "Parallel Aware": true,
                                  "Relation Name": "title",
                                  "Alias": "t",
                                  "Startup Cost": 0.0,
                                  "Total Cost": 45479.1,
                                  "Plan Rows": 153188,
                                  "Plan Width": 4,
                                  "Actual Startup Time": 42.098,
                                  "Actual Total Time": 79.12,
                                  "Actual Rows": 76198,
                                  "Actual Loops": 7,
                                  "Filter": "((kind_id < 2) AND (production_year > 1932))",
                                  "Rows Removed by Filter": 284989
                                }
                              ]
                            }
                          ]
                        }
                      ]
                    }
                  ]
                }
              ]
            }
          ]
        }
      ]
    },
    "Planning Time": 1.282,
    "Triggers": [],
    "Execution Time": 1931.179
  }
]