[
  {
    "Plan": {
      "Node Type": "Aggregate",
      "Strategy": "Plain",
      "Partial Mode": "Finalize",
      "Parallel Aware": false,
      "Startup Cost": 201314.31,
      "Total Cost": 201314.32,
      "Plan Rows": 1,
      "Plan Width": 8,
      "Actual Startup Time": 299.637,
      "Actual Total Time": 314.192,
      "Actual Rows": 1,
      "Actual Loops": 1,
      "Plans": [
        {
          "Node Type": "Gather",
          "Parent Relationship": "Outer",
          "Parallel Aware": false,
          "Startup Cost": 201313.69,
          "Total Cost": 201314.3,
          "Plan Rows": 6,
          "Plan Width": 8,
          "Actual Startup Time": 299.395,
          "Actual Total Time": 314.181,
          "Actual Rows": 7,
          "Actual Loops": 1,
          "Workers Planned": 6,
          "Workers Launched": 6,
          "Single Copy": false,
          "Plans": [
            {
              "Node Type": "Aggregate",
              "Strategy": "Plain",
              "Partial Mode": "Partial",
              "Parent Relationship": "Outer",
              "Parallel Aware": false,
              "Startup Cost": 200313.69,
              "Total Cost": 200313.7,
              "Plan Rows": 1,
              "Plan Width": 8,
              "Actual Startup Time": 290.465,
              "Actual Total Time": 290.467,
              "Actual Rows": 1,
              "Actual Loops": 7,
              "Plans": [
                {
                  "Node Type": "Index Only Scan",
                  "Parent Relationship": "Outer",
                  "Parallel Aware": true,
                  "Scan Direction": "Forward",
                  "Index Name": "role_id_cast_info",
                  "Relation Name": "cast_info",
                  "Alias": "ci",
                  "Startup Cost": 0.56,
                  "Total Cost": 197207.64,
                  "Plan Rows": 1242420,
                  "Plan Width": 0,
                  "Actual Startup Time": 0.208,
                  "Actual Total Time": 242.578,
                  "Actual Rows": 1062320,
                  "Actual Loops": 7,
                  "Index Cond": "(role_id > 7)",
                  "Rows Removed by Index Recheck": 0,
                  "Heap Fetches": 7436237
                }
              ]
            }
          ]
        }
      ]
    },
    "Planning Time": 0.189,
    "Triggers": [],
    "Execution Time": 314.254
  }
]