{
  "Plan": {
    "Node Type": "Aggregate",
    "Strategy": "Plain",
    "Partial Mode": "Simple",
    "Parallel Aware": false,
    "Startup Cost": 20000818098.74,
    "Total Cost": 20000818098.75,
    "Plan Rows": 1,
    "Plan Width": 96,
    "Actual Startup Time": 106241.926,
    "Actual Total Time": 106270.001,
    "Actual Rows": 1,
    "Actual Loops": 1,
    "Plans": [
      {
        "Node Type": "Nested Loop",
        "Parent Relationship": "Outer",
        "Parallel Aware": false,
        "Join Type": "Inner",
        "Startup Cost": 20000799433.52,
        "Total Cost": 20000818098.73,
        "Plan Rows": 1,
        "Plan Width": 42,
        "Actual Startup Time": 105900.233,
        "Actual Total Time": 106269.118,
        "Actual Rows": 6476,
        "Actual Loops": 1,
        "Inner Unique": true,
        "Plans": [
          {
            "Node Type": "Hash Join",
            "Parent Relationship": "Outer",
            "Parallel Aware": false,
            "Join Type": "Inner",
            "Startup Cost": 20000799433.38,
            "Total Cost": 20000818098.55,
            "Plan Rows": 1,
            "Plan Width": 46,
            "Actual Startup Time": 105900.211,
            "Actual Total Time": 106258.675,
            "Actual Rows": 13321,
            "Actual Loops": 1,
            "Inner Unique": false,
            "Hash Cond": "(mi_idx.movie_id = t.id)",
            "Plans": [
              {
                "Node Type": "Nested Loop",
                "Parent Relationship": "Outer",
                "Parallel Aware": false,
                "Join Type": "Inner",
                "Startup Cost": 131807.34,
                "Total Cost": 150466.33,
                "Plan Rows": 1648,
                "Plan Width": 33,
                "Actual Startup Time": 900.093,
                "Actual Total Time": 1229.639,
                "Actual Rows": 178762,
                "Actual Loops": 1,
                "Inner Unique": false,
                "Join Filter": "(mi_idx.info_type_id = it2.id)",
                "Rows Removed by Join Filter": 353846,
                "Plans": [
                  {
                    "Node Type": "Seq Scan",
                    "Parent Relationship": "Outer",
                    "Parallel Aware": false,
                    "Relation Name": "info_type",
                    "Alias": "it2",
                    "Startup Cost": 0.0,
                    "Total Cost": 2.41,
                    "Plan Rows": 1,
                    "Plan Width": 4,
                    "Actual Startup Time": 0.023,
                    "Actual Total Time": 0.028,
                    "Actual Rows": 1,
                    "Actual Loops": 1,
                    "Filter": "((info)::text = 'rating'::text)",
                    "Rows Removed by Filter": 112
                  },
                  {
                    "Node Type": "Merge Join",
                    "Parent Relationship": "Inner",
                    "Parallel Aware": false,
                    "Join Type": "Inner",
                    "Startup Cost": 131807.34,
                    "Total Cost": 148135.59,
                    "Plan Rows": 186266,
                    "Plan Width": 37,
                    "Actual Startup Time": 900.065,
                    "Actual Total Time": 1198.323,
                    "Actual Rows": 532608,
                    "Actual Loops": 1,
                    "Inner Unique": false,
                    "Merge Cond": "(cn.id = mc.company_id)",
                    "Plans": [
                      {
                        "Node Type": "Index Scan",
                        "Parent Relationship": "Outer",
                        "Parallel Aware": false,
                        "Scan Direction": "Forward",
                        "Index Name": "company_name_pkey",
                        "Relation Name": "company_name",
                        "Alias": "cn",
                        "Startup Cost": 0.42,
                        "Total Cost": 12469.43,
                        "Plan Rows": 125473,
                        "Plan Width": 23,
                        "Actual Startup Time": 0.104,
                        "Actual Total Time": 110.344,
                        "Actual Rows": 125685,
                        "Actual Loops": 1,
                        "Filter": "((country_code)::text <> '[us]'::text)",
                        "Rows Removed by Filter": 108601
                      },
                      {
                        "Node Type": "Sort",
                        "Parent Relationship": "Inner",
                        "Parallel Aware": false,
                        "Startup Cost": 131753.59,
                        "Total Cost": 132625.73,
                        "Plan Rows": 348856,
                        "Plan Width": 22,
                        "Actual Startup Time": 899.777,
                        "Actual Total Time": 998.703,
                        "Actual Rows": 607841,
                        "Actual Loops": 1,
                        "Sort Key": [
                          "mc.company_id"
                        ],
                        "Sort Method": "quicksort",
                        "Sort Space Used": 72064,
                        "Sort Space Type": "Memory",
                        "Plans": [
                          {
                            "Node Type": "Hash Join",
                            "Parent Relationship": "Outer",
                            "Parallel Aware": false,
                            "Join Type": "Inner",
                            "Startup Cost": 94403.54,
                            "Total Cost": 99637.43,
                            "Plan Rows": 348856,
                            "Plan Width": 22,
                            "Actual Startup Time": 572.298,
                            "Actual Total Time": 679.84,
                            "Actual Rows": 607841,
                            "Actual Loops": 1,
                            "Inner Unique": false,
                            "Hash Cond": "(ct.id = mc.company_type_id)",
                            "Plans": [
                              {
                                "Node Type": "Seq Scan",
                                "Parent Relationship": "Outer",
                                "Parallel Aware": false,
                                "Relation Name": "company_type",
                                "Alias": "ct",
                                "Startup Cost": 0.0,
                                "Total Cost": 1.04,
                                "Plan Rows": 4,
                                "Plan Width": 4,
                                "Actual Startup Time": 0.007,
                                "Actual Total Time": 0.014,
                                "Actual Rows": 4,
                                "Actual Loops": 1
                              },
                              {
                                "Node Type": "Hash",
                                "Parent Relationship": "Inner",
                                "Parallel Aware": false,
                                "Startup Cost": 90042.84,
                                "Total Cost": 90042.84,
                                "Plan Rows": 348856,
                                "Plan Width": 26,
                                "Actual Startup Time": 569.106,
                                "Actual Total Time": 581.693,
                                "Actual Rows": 607841,
                                "Actual Loops": 1,
                                "Hash Buckets": 1048576,
                                "Original Hash Buckets": 524288,
                                "Hash Batches": 1,
                                "Original Hash Batches": 1,
                                "Peak Memory Usage": 43377,
                                "Plans": [
                                  {
                                    "Node Type": "Gather",
                                    "Parent Relationship": "Outer",
                                    "Parallel Aware": false,
                                    "Startup Cost": 23109.43,
                                    "Total Cost": 90042.84,
                                    "Plan Rows": 348856,
                                    "Plan Width": 26,
                                    "Actual Startup Time": 240.579,
                                    "Actual Total Time": 445.909,
                                    "Actual Rows": 607841,
                                    "Actual Loops": 1,
                                    "Workers Planned": 3,
                                    "Workers Launched": 3,
                                    "Single Copy": false,
                                    "Plans": [
                                      {
                                        "Node Type": "Hash Join",
                                        "Parent Relationship": "Outer",
                                        "Parallel Aware": true,
                                        "Join Type": "Inner",
                                        "Startup Cost": 22109.43,
                                        "Total Cost": 54157.24,
                                        "Plan Rows": 112534,
                                        "Plan Width": 26,
                                        "Actual Startup Time": 231.186,
                                        "Actual Total Time": 421.295,
                                        "Actual Rows": 151960,
                                        "Actual Loops": 4,
                                        "Inner Unique": false,
                                        "Hash Cond": "(mc.movie_id = mi_idx.movie_id)",
                                        "Plans": [
                                          {
                                            "Node Type": "Seq Scan",
                                            "Parent Relationship": "Outer",
                                            "Parallel Aware": true,
                                            "Relation Name": "movie_companies",
                                            "Alias": "mc",
                                            "Startup Cost": 0.0,
                                            "Total Cost": 31414.82,
                                            "Plan Rows": 43760,
                                            "Plan Width": 12,
                                            "Actual Startup Time": 0.033,
                                            "Actual Total Time": 138.945,
                                            "Actual Rows": 75818,
                                            "Actual Loops": 4,
                                            "Filter": "((note !~~ '%(USA)%'::text) AND (note ~~ '%(200%)%'::text))",
                                            "Rows Removed by Filter": 576464
                                          },
                                          {
                                            "Node Type": "Hash",
                                            "Parent Relationship": "Inner",
                                            "Parallel Aware": true,
                                            "Startup Cost": 15122.68,
                                            "Total Cost": 15122.68,
                                            "Plan Rows": 558940,
                                            "Plan Width": 14,
                                            "Actual Startup Time": 225.077,
                                            "Actual Total Time": 225.078,
                                            "Actual Rows": 334408,
                                            "Actual Loops": 4,
                                            "Hash Buckets": 2097152,
                                            "Original Hash Buckets": 2097152,
                                            "Hash Batches": 1,
                                            "Original Hash Batches": 1,
                                            "Peak Memory Usage": 82848,
                                            "Plans": [
                                              {
                                                "Node Type": "Seq Scan",
                                                "Parent Relationship": "Outer",
                                                "Parallel Aware": true,
                                                "Relation Name": "movie_info_idx",
                                                "Alias": "mi_idx",
                                                "Startup Cost": 0.0,
                                                "Total Cost": 15122.68,
                                                "Plan Rows": 558940,
                                                "Plan Width": 14,
                                                "Actual Startup Time": 0.068,
                                                "Actual Total Time": 83.856,
                                                "Actual Rows": 334408,
                                                "Actual Loops": 4,
                                                "Filter": "(info < '8.5'::text)",
                                                "Rows Removed by Filter": 10600
                                              }
                                            ]
                                          }
                                        ]
                                      }
                                    ]
                                  }
                                ]
                              }
                            ]
                          }
                        ]
                      }
                    ]
                  }
                ]
              },
              {
                "Node Type": "Hash",
                "Parent Relationship": "Inner",
                "Parallel Aware": false,
                "Startup Cost": 20000667625.99,
                "Total Cost": 20000667625.99,
                "Plan Rows": 3,
                "Plan Width": 37,
                "Actual Startup Time": 104999.046,
                "Actual Total Time": 105014.52,
                "Actual Rows": 4253,
                "Actual Loops": 1,
                "Hash Buckets": 8192,
                "Original Hash Buckets": 1024,
                "Hash Batches": 1,
                "Original Hash Batches": 1,
                "Peak Memory Usage": 356,
                "Plans": [
                  {
                    "Node Type": "Nested Loop",
                    "Parent Relationship": "Outer",
                    "Parallel Aware": false,
                    "Join Type": "Inner",
                    "Startup Cost": 20000327723.45,
                    "Total Cost": 20000667625.99,
                    "Plan Rows": 3,
                    "Plan Width": 37,
                    "Actual Startup Time": 1826.019,
                    "Actual Total Time": 105005.081,
                    "Actual Rows": 4253,
                    "Actual Loops": 1,
                    "Inner Unique": false,
                    "Join Filter": "(t.id = mk.movie_id)",
                    "Rows Removed by Join Filter": 1205290035,
                    "Plans": [
                      {
                        "Node Type": "Nested Loop",
                        "Parent Relationship": "Outer",
                        "Parallel Aware": false,
                        "Join Type": "Inner",
                        "Startup Cost": 10000005570.78,
                        "Total Cost": 10000285116.53,
                        "Plan Rows": 35,
                        "Plan Width": 8,
                        "Actual Startup Time": 74.042,
                        "Actual Total Time": 1243.427,
                        "Actual Rows": 3832,
                        "Actual Loops": 1,
                        "Inner Unique": true,
                        "Join Filter": "(mk.keyword_id = k.id)",
                        "Rows Removed by Join Filter": 1353353,
                        "Plans": [
                          {
                            "Node Type": "Merge Join",
                            "Parent Relationship": "Outer",
                            "Parallel Aware": false,
                            "Join Type": "Inner",
                            "Startup Cost": 5570.78,
                            "Total Cost": 211647.67,
                            "Plan Rows": 1175127,
                            "Plan Width": 12,
                            "Actual Startup Time": 46.413,
                            "Actual Total Time": 1052.558,
                            "Actual Rows": 453181,
                            "Actual Loops": 1,
                            "Inner Unique": false,
                            "Merge Cond": "(mk.movie_id = cc.movie_id)",
                            "Plans": [
                              {
                                "Node Type": "Index Scan",
                                "Parent Relationship": "Outer",
                                "Parallel Aware": false,
                                "Scan Direction": "Forward",
                                "Index Name": "movie_id_movie_keyword",
                                "Relation Name": "movie_keyword",
                                "Alias": "mk",
                                "Startup Cost": 0.43,
                                "Total Cost": 177148.48,
                                "Plan Rows": 4523930,
                                "Plan Width": 8,
                                "Actual Startup Time": 0.024,
                                "Actual Total Time": 639.973,
                                "Actual Rows": 4523930,
                                "Actual Loops": 1
                              },
                              {
                                "Node Type": "Sort",
                                "Parent Relationship": "Inner",
                                "Parallel Aware": false,
                                "Startup Cost": 5564.51,
                                "Total Cost": 5627.83,
                                "Plan Rows": 25329,
                                "Plan Width": 4,
                                "Actual Startup Time": 46.34,
                                "Actual Total Time": 70.051,
                                "Actual Rows": 472229,
                                "Actual Loops": 1,
                                "Sort Key": [
                                  "cc.movie_id"
                                ],
                                "Sort Method": "quicksort",
                                "Sort Space Used": 3526,
                                "Sort Space Type": "Memory",
                                "Plans": [
                                  {
                                    "Node Type": "Hash Join",
                                    "Parent Relationship": "Outer",
                                    "Parallel Aware": false,
                                    "Join Type": "Inner",
                                    "Startup Cost": 3354.05,
                                    "Total Cost": 3711.89,
                                    "Plan Rows": 25329,
                                    "Plan Width": 4,
                                    "Actual Startup Time": 28.769,
                                    "Actual Total Time": 33.569,
                                    "Actual Rows": 42432,
                                    "Actual Loops": 1,
                                    "Inner Unique": false,
                                    "Hash Cond": "(cct2.id = cc.status_id)",
                                    "Plans": [
                                      {
                                        "Node Type": "Seq Scan",
                                        "Parent Relationship": "Outer",
                                        "Parallel Aware": false,
                                        "Relation Name": "comp_cast_type",
                                        "Alias": "cct2",
                                        "Startup Cost": 0.0,
                                        "Total Cost": 1.05,
                                        "Plan Rows": 3,
                                        "Plan Width": 4,
                                        "Actual Startup Time": 0.014,
                                        "Actual Total Time": 0.019,
                                        "Actual Rows": 3,
                                        "Actual Loops": 1,
                                        "Filter": "((kind)::text <> 'complete+verified'::text)",
                                        "Rows Removed by Filter": 1
                                      },
                                      {
                                        "Node Type": "Hash",
                                        "Parent Relationship": "Inner",
                                        "Parallel Aware": false,
                                        "Startup Cost": 2931.9,
                                        "Total Cost": 2931.9,
                                        "Plan Rows": 33772,
                                        "Plan Width": 8,
                                        "Actual Startup Time": 28.329,
                                        "Actual Total Time": 28.332,
                                        "Actual Rows": 49145,
                                        "Actual Loops": 1,
                                        "Hash Buckets": 65536,
                                        "Original Hash Buckets": 65536,
                                        "Hash Batches": 1,
                                        "Original Hash Batches": 1,
                                        "Peak Memory Usage": 2432,
                                        "Plans": [
                                          {
                                            "Node Type": "Nested Loop",
                                            "Parent Relationship": "Outer",
                                            "Parallel Aware": false,
                                            "Join Type": "Inner",
                                            "Startup Cost": 0.42,
                                            "Total Cost": 2931.9,
                                            "Plan Rows": 33772,
                                            "Plan Width": 8,
                                            "Actual Startup Time": 0.123,
                                            "Actual Total Time": 18.581,
                                            "Actual Rows": 49145,
                                            "Actual Loops": 1,
                                            "Inner Unique": false,
                                            "Plans": [
                                              {
                                                "Node Type": "Seq Scan",
                                                "Parent Relationship": "Outer",
                                                "Parallel Aware": false,
                                                "Relation Name": "comp_cast_type",
                                                "Alias": "cct1",
                                                "Startup Cost": 0.0,
                                                "Total Cost": 1.05,
                                                "Plan Rows": 1,
                                                "Plan Width": 4,
                                                "Actual Startup Time": 0.011,
                                                "Actual Total Time": 0.013,
                                                "Actual Rows": 1,
                                                "Actual Loops": 1,
                                                "Filter": "((kind)::text = 'crew'::text)",
                                                "Rows Removed by Filter": 3
                                              },
                                              {
                                                "Node Type": "Index Scan",
                                                "Parent Relationship": "Inner",
                                                "Parallel Aware": false,
                                                "Scan Direction": "Forward",
                                                "Index Name": "subject_id_complete_cast",
                                                "Relation Name": "complete_cast",
                                                "Alias": "cc",
                                                "Startup Cost": 0.42,
                                                "Total Cost": 2255.42,
                                                "Plan Rows": 67543,
                                                "Plan Width": 12,
                                                "Actual Startup Time": 0.108,
                                                "Actual Total Time": 11.65,
                                                "Actual Rows": 49145,
                                                "Actual Loops": 1,
                                                "Index Cond": "(subject_id = cct1.id)",
                                                "Rows Removed by Index Recheck": 0
                                              }
                                            ]
                                          }
                                        ]
                                      }
                                    ]
                                  }
                                ]
                              }
                            ]
                          },
                          {
                            "Node Type": "Materialize",
                            "Parent Relationship": "Inner",
                            "Parallel Aware": false,
                            "Startup Cost": 0.0,
                            "Total Cost": 2961.57,
                            "Plan Rows": 4,
                            "Plan Width": 4,
                            "Actual Startup Time": 0.0,
                            "Actual Total Time": 0.0,
                            "Actual Rows": 3,
                            "Actual Loops": 453181,
                            "Plans": [
                              {
                                "Node Type": "Seq Scan",
                                "Parent Relationship": "Outer",
                                "Parallel Aware": false,
                                "Relation Name": "keyword",
                                "Alias": "k",
                                "Startup Cost": 0.0,
                                "Total Cost": 2961.55,
                                "Plan Rows": 4,
                                "Plan Width": 4,
                                "Actual Startup Time": 1.141,
                                "Actual Total Time": 23.376,
                                "Actual Rows": 3,
                                "Actual Loops": 1,
                                "Filter": "(keyword = ANY ('{murder,murder-in-title,blood,violence}'::text[]))",
                                "Rows Removed by Filter": 134167
                              }
                            ]
                          }
                        ]
                      },
                      {
                        "Node Type": "Materialize",
                        "Parent Relationship": "Inner",
                        "Parallel Aware": false,
                        "Startup Cost": 322152.67,
                        "Total Cost": 324777.92,
                        "Plan Rows": 110491,
                        "Plan Width": 29,
                        "Actual Startup Time": 0.36,
                        "Actual Total Time": 11.084,
                        "Actual Rows": 314534,
                        "Actual Loops": 3832,
                        "Plans": [
                          {
                            "Node Type": "Hash Join",
                            "Parent Relationship": "Outer",
                            "Parallel Aware": false,
                            "Join Type": "Inner",
                            "Startup Cost": 322152.67,
                            "Total Cost": 324225.47,
                            "Plan Rows": 110491,
                            "Plan Width": 29,
                            "Actual Startup Time": 1380.003,
                            "Actual Total Time": 1429.76,
                            "Actual Rows": 314534,
                            "Actual Loops": 1,
                            "Inner Unique": false,
                            "Hash Cond": "(kt.id = t.kind_id)",
                            "Plans": [
                              {
                                "Node Type": "Seq Scan",
                                "Parent Relationship": "Outer",
                                "Parallel Aware": false,
                                "Relation Name": "kind_type",
                                "Alias": "kt",
                                "Startup Cost": 0.0,
                                "Total Cost": 1.09,
                                "Plan Rows": 2,
                                "Plan Width": 4,
                                "Actual Startup Time": 0.013,
                                "Actual Total Time": 0.025,
                                "Actual Rows": 2,
                                "Actual Loops": 1,
                                "Filter": "((kind)::text = ANY ('{movie,episode}'::text[]))",
                                "Rows Removed by Filter": 5
                              },
                              {
                                "Node Type": "Hash",
                                "Parent Relationship": "Inner",
                                "Parallel Aware": false,
                                "Startup Cost": 317318.69,
                                "Total Cost": 317318.69,
                                "Plan Rows": 386718,
                                "Plan Width": 33,
                                "Actual Startup Time": 1376.655,
                                "Actual Total Time": 1392.113,
                                "Actual Rows": 443444,
                                "Actual Loops": 1,
                                "Hash Buckets": 524288,
                                "Original Hash Buckets": 524288,
                                "Hash Batches": 1,
                                "Original Hash Batches": 1,
                                "Peak Memory Usage": 33940,
                                "Plans": [
                                  {
                                    "Node Type": "Gather",
                                    "Parent Relationship": "Outer",
                                    "Parallel Aware": false,
                                    "Startup Cost": 49388.22,
                                    "Total Cost": 317318.69,
                                    "Plan Rows": 386718,
                                    "Plan Width": 33,
                                    "Actual Startup Time": 331.331,
                                    "Actual Total Time": 1318.698,
                                    "Actual Rows": 443444,
                                    "Actual Loops": 1,
                                    "Workers Planned": 5,
                                    "Workers Launched": 5,
                                    "Single Copy": false,
                                    "Plans": [
                                      {
                                        "Node Type": "Hash Join",
                                        "Parent Relationship": "Outer",
                                        "Parallel Aware": true,
                                        "Join Type": "Inner",
                                        "Startup Cost": 48388.22,
                                        "Total Cost": 277646.89,
                                        "Plan Rows": 77344,
                                        "Plan Width": 33,
                                        "Actual Startup Time": 320.286,
                                        "Actual Total Time": 1284.647,
                                        "Actual Rows": 73907,
                                        "Actual Loops": 6,
                                        "Inner Unique": true,
                                        "Hash Cond": "(mi.movie_id = t.id)",
                                        "Plans": [
                                          {
                                            "Node Type": "Seq Scan",
                                            "Parent Relationship": "Outer",
                                            "Parallel Aware": true,
                                            "Relation Name": "movie_info",
                                            "Alias": "mi",
                                            "Startup Cost": 0.0,
                                            "Total Cost": 228901.28,
                                            "Plan Rows": 136153,
                                            "Plan Width": 8,
                                            "Actual Startup Time": 0.444,
                                            "Actual Total Time": 888.913,
                                            "Actual Rows": 119368,
                                            "Actual Loops": 6,
                                            "Filter": "(info = ANY ('{Sweden,Norway,Germany,Denmark,Swedish,Danish,Norwegian,German,USA,American}'::text[]))",
                                            "Rows Removed by Filter": 2353252
                                          },
                                          {
                                            "Node Type": "Hash",
                                            "Parent Relationship": "Inner",
                                            "Parallel Aware": true,
                                            "Startup Cost": 43899.59,
                                            "Total Cost": 43899.59,
                                            "Plan Rows": 359090,
                                            "Plan Width": 25,
                                            "Actual Startup Time": 315.2,
                                            "Actual Total Time": 315.2,
                                            "Actual Rows": 240550,
                                            "Actual Loops": 6,
                                            "Hash Buckets": 2097152,
                                            "Original Hash Buckets": 2097152,
                                            "Hash Batches": 1,
                                            "Original Hash Batches": 1,
                                            "Peak Memory Usage": 102464,
                                            "Plans": [
                                              {
                                                "Node Type": "Seq Scan",
                                                "Parent Relationship": "Outer",
                                                "Parallel Aware": true,
                                                "Relation Name": "title",
                                                "Alias": "t",
                                                "Startup Cost": 0.0,
                                                "Total Cost": 43899.59,
                                                "Plan Rows": 359090,
                                                "Plan Width": 25,
                                                "Actual Startup Time": 0.068,
                                                "Actual Total Time": 139.722,
                                                "Actual Rows": 240550,
                                                "Actual Loops": 6,
                                                "Filter": "(production_year < 2006)",
                                                "Rows Removed by Filter": 180836
                                              }
                                            ]
                                          }
                                        ]
                                      }
                                    ]
                                  }
                                ]
                              }
                            ]
                          }
                        ]
                      }
                    ]
                  }
                ]
              }
            ]
          },
          {
            "Node Type": "Index Scan",
            "Parent Relationship": "Inner",
            "Parallel Aware": false,
            "Scan Direction": "Forward",
            "Index Name": "info_type_pkey",
            "Relation Name": "info_type",
            "Alias": "it1",
            "Startup Cost": 0.14,
            "Total Cost": 0.16,
            "Plan Rows": 1,
            "Plan Width": 4,
            "Actual Startup Time": 0.001,
            "Actual Total Time": 0.001,
            "Actual Rows": 0,
            "Actual Loops": 13321,
            "Index Cond": "(id = mi.info_type_id)",
            "Rows Removed by Index Recheck": 0,
            "Filter": "((info)::text = 'countries'::text)",
            "Rows Removed by Filter": 1
          }
        ]
      }
    ]
  },
  "Planning Time": 315.002,
  "Triggers": [],
  "Execution Time": 106293.205
}