{
  "Plan": {
    "Node Type": "Aggregate",
    "Strategy": "Plain",
    "Partial Mode": "Finalize",
    "Parallel Aware": false,
    "Startup Cost": 95649.92,
    "Total Cost": 95649.93,
    "Plan Rows": 1,
    "Plan Width": 8,
    "Actual Startup Time": 289.651,
    "Actual Total Time": 305.676,
    "Actual Rows": 1,
    "Actual Loops": 1,
    "Plans": [
      {
        "Node Type": "Gather",
        "Parent Relationship": "Outer",
        "Parallel Aware": false,
        "Startup Cost": 95649.8,
        "Total Cost": 95649.91,
        "Plan Rows": 1,
        "Plan Width": 8,
        "Actual Startup Time": 289.498,
        "Actual Total Time": 305.669,
        "Actual Rows": 2,
        "Actual Loops": 1,
        "Workers Planned": 1,
        "Workers Launched": 1,
        "Single Copy": false,
        "Plans": [
          {
            "Node Type": "Aggregate",
            "Strategy": "Plain",
            "Partial Mode": "Partial",
            "Parent Relationship": "Outer",
            "Parallel Aware": false,
            "Startup Cost": 94649.8,
            "Total Cost": 94649.81,
            "Plan Rows": 1,
            "Plan Width": 8,
            "Actual Startup Time": 283.943,
            "Actual Total Time": 283.946,
            "Actual Rows": 1,
            "Actual Loops": 2,
            "Plans": [
              {
                "Node Type": "Hash Join",
                "Parent Relationship": "Outer",
                "Parallel Aware": true,
                "Join Type": "Inner",
                "Startup Cost": 54625.58,
                "Total Cost": 94645.91,
                "Plan Rows": 1559,
                "Plan Width": 0,
                "Actual Startup Time": 179.736,
                "Actual Total Time": 283.817,
                "Actual Rows": 1916,
                "Actual Loops": 2,
                "Inner Unique": true,
                "Hash Cond": "(mc.movie_id = t.id)",
                "Plans": [
                  {
                    "Node Type": "Seq Scan",
                    "Parent Relationship": "Outer",
                    "Parallel Aware": true,
                    "Relation Name": "movie_companies",
                    "Alias": "mc",
                    "Startup Cost": 0.0,
                    "Total Cost": 37974.77,
                    "Plan Rows": 779260,
                    "Plan Width": 4,
                    "Actual Startup Time": 46.268,
                    "Actual Total Time": 108.441,
                    "Actual Rows": 667442,
                    "Actual Loops": 2,
                    "Filter": "(company_type_id = 2)",
                    "Rows Removed by Filter": 637123
                  },
                  {
                    "Node Type": "Hash",
                    "Parent Relationship": "Inner",
                    "Parallel Aware": true,
                    "Startup Cost": 54588.39,
                    "Total Cost": 54588.39,
                    "Plan Rows": 2975,
                    "Plan Width": 4,
                    "Actual Startup Time": 131.782,
                    "Actual Total Time": 131.782,
                    "Actual Rows": 2832,
                    "Actual Loops": 2,
                    "Hash Buckets": 8192,
                    "Original Hash Buckets": 8192,
                    "Hash Batches": 1,
                    "Original Hash Batches": 1,
                    "Peak Memory Usage": 320,
                    "Plans": [
                      {
                        "Node Type": "Seq Scan",
                        "Parent Relationship": "Outer",
                        "Parallel Aware": true,
                        "Relation Name": "title",
                        "Alias": "t",
                        "Startup Cost": 0.0,
                        "Total Cost": 54588.39,
                        "Plan Rows": 2975,
                        "Plan Width": 4,
                        "Actual Startup Time": 0.209,
                        "Actual Total Time": 130.588,
                        "Actual Rows": 2832,
                        "Actual Loops": 2,
                        "Filter": "(production_year = 1951)",
                        "Rows Removed by Filter": 1261324
                      }
                    ]
                  }
                ]
              }
            ]
          }
        ]
      }
    ]
  },
  "Planning Time": 0.438,
  "Triggers": [],
  "Execution Time": 305.746
}