[
  {
    "Plan": {
      "Node Type": "Aggregate",
      "Strategy": "Plain",
      "Partial Mode": "Finalize",
      "Parallel Aware": false,
      "Startup Cost": 243775.03,
      "Total Cost": 243775.04,
      "Plan Rows": 1,
      "Plan Width": 8,
      "Actual Startup Time": 672.214,
      "Actual Total Time": 701.076,
      "Actual Rows": 1,
      "Actual Loops": 1,
      "Plans": [
        {
          "Node Type": "Gather",
          "Parent Relationship": "Outer",
          "Parallel Aware": false,
          "Startup Cost": 243774.4,
          "Total Cost": 243775.01,
          "Plan Rows": 6,
          "Plan Width": 8,
          "Actual Startup Time": 672.202,
          "Actual Total Time": 701.068,
          "Actual Rows": 7,
          "Actual Loops": 1,
          "Workers Planned": 6,
          "Workers Launched": 6,
          "Single Copy": false,
          "Plans": [
            {
              "Node Type": "Aggregate",
              "Strategy": "Plain",
              "Partial Mode": "Partial",
              "Parent Relationship": "Outer",
              "Parallel Aware": false,
              "Startup Cost": 242774.4,
              "Total Cost": 242774.41,
              "Plan Rows": 1,
              "Plan Width": 8,
              "Actual Startup Time": 660.302,
              "Actual Total Time": 660.303,
              "Actual Rows": 1,
              "Actual Loops": 7,
              "Plans": [
                {
                  "Node Type": "Nested Loop",
                  "Parent Relationship": "Outer",
                  "Parallel Aware": false,
                  "Join Type": "Inner",
                  "Startup Cost": 0.99,
                  "Total Cost": 242705.18,
                  "Plan Rows": 27689,
                  "Plan Width": 0,
                  "Actual Startup Time": 195.896,
                  "Actual Total Time": 653.085,
                  "Actual Rows": 110605,
                  "Actual Loops": 7,
                  "Inner Unique": true,
                  "Plans": [
                    {
                      "Node Type": "Index Scan",
                      "Parent Relationship": "Outer",
                      "Parallel Aware": true,
                      "Scan Direction": "Forward",
                      "Index Name": "role_id_cast_info",
                      "Relation Name": "cast_info",
                      "Alias": "ci",
                      "Startup Cost": 0.56,
                      "Total Cost": 200313.69,
                      "Plan Rows": 27689,
                      "Plan Width": 4,
                      "Actual Startup Time": 195.798,
                      "Actual Total Time": 245.82,
                      "Actual Rows": 110605,
                      "Actual Loops": 7,
                      "Index Cond": "(role_id > 7)",
                      "Rows Removed by Index Recheck": 0,
                      "Filter": "(person_id > 3913078)",
                      "Rows Removed by Filter": 951715
                    },
                    {
                      "Node Type": "Index Only Scan",
                      "Parent Relationship": "Inner",
                      "Parallel Aware": false,
                      "Scan Direction": "Forward",
                      "Index Name": "title_pkey",
                      "Relation Name": "title",
                      "Alias": "t",
                      "Startup Cost": 0.43,
                      "Total Cost": 1.53,
                      "Plan Rows": 1,
                      "Plan Width": 4,
                      "Actual Startup Time": 0.003,
                      "Actual Total Time": 0.003,
                      "Actual Rows": 1,
                      "Actual Loops": 774233,
                      "Index Cond": "(id = ci.movie_id)",
                      "Rows Removed by Index Recheck": 0,
                      "Heap Fetches": 774233
                    }
                  ]
                }
              ]
            }
          ]
        }
      ]
    },
    "Planning Time": 0.619,
    "Triggers": [],
    "Execution Time": 701.156
  }
]