{
  "Plan": {
    "Node Type": "Aggregate",
    "Strategy": "Plain",
    "Partial Mode": "Simple",
    "Parallel Aware": false,
    "Startup Cost": 7807.88,
    "Total Cost": 7807.89,
    "Plan Rows": 1,
    "Plan Width": 96,
    "Actual Startup Time": 276.666,
    "Actual Total Time": 276.675,
    "Actual Rows": 1,
    "Actual Loops": 1,
    "Plans": [
      {
        "Node Type": "Nested Loop",
        "Parent Relationship": "Outer",
        "Parallel Aware": false,
        "Join Type": "Inner",
        "Startup Cost": 14.47,
        "Total Cost": 7807.87,
        "Plan Rows": 1,
        "Plan Width": 42,
        "Actual Startup Time": 11.302,
        "Actual Total Time": 276.293,
        "Actual Rows": 1170,
        "Actual Loops": 1,
        "Inner Unique": true,
        "Plans": [
          {
            "Node Type": "Hash Join",
            "Parent Relationship": "Outer",
            "Parallel Aware": false,
            "Join Type": "Inner",
            "Startup Cost": 14.05,
            "Total Cost": 7807.33,
            "Plan Rows": 1,
            "Plan Width": 27,
            "Actual Startup Time": 11.284,
            "Actual Total Time": 271.494,
            "Actual Rows": 1200,
            "Actual Loops": 1,
            "Inner Unique": true,
            "Hash Cond": "(mc.company_type_id = ct.id)",
            "Plans": [
              {
                "Node Type": "Nested Loop",
                "Parent Relationship": "Outer",
                "Parallel Aware": false,
                "Join Type": "Inner",
                "Startup Cost": 12.96,
                "Total Cost": 7806.23,
                "Plan Rows": 1,
                "Plan Width": 31,
                "Actual Startup Time": 11.245,
                "Actual Total Time": 271.018,
                "Actual Rows": 1200,
                "Actual Loops": 1,
                "Inner Unique": true,
                "Join Filter": "(t.kind_id = kt.id)",
                "Rows Removed by Join Filter": 109,
                "Plans": [
                  {
                    "Node Type": "Nested Loop",
                    "Parent Relationship": "Outer",
                    "Parallel Aware": false,
                    "Join Type": "Inner",
                    "Startup Cost": 12.96,
                    "Total Cost": 7805.12,
                    "Plan Rows": 1,
                    "Plan Width": 35,
                    "Actual Startup Time": 11.23,
                    "Actual Total Time": 267.129,
                    "Actual Rows": 1249,
                    "Actual Loops": 1,
                    "Inner Unique": false,
                    "Plans": [
                      {
                        "Node Type": "Nested Loop",
                        "Parent Relationship": "Outer",
                        "Parallel Aware": false,
                        "Join Type": "Inner",
                        "Startup Cost": 12.53,
                        "Total Cost": 7804.54,
                        "Plan Rows": 1,
                        "Plan Width": 47,
                        "Actual Startup Time": 11.21,
                        "Actual Total Time": 265.176,
                        "Actual Rows": 85,
                        "Actual Loops": 1,
                        "Inner Unique": true,
                        "Join Filter": "(mi.info_type_id = it1.id)",
                        "Rows Removed by Join Filter": 11,
                        "Plans": [
                          {
                            "Node Type": "Nested Loop",
                            "Parent Relationship": "Outer",
                            "Parallel Aware": false,
                            "Join Type": "Inner",
                            "Startup Cost": 12.53,
                            "Total Cost": 7802.12,
                            "Plan Rows": 1,
                            "Plan Width": 51,
                            "Actual Startup Time": 11.192,
                            "Actual Total Time": 264.555,
                            "Actual Rows": 96,
                            "Actual Loops": 1,
                            "Inner Unique": false,
                            "Plans": [
                              {
                                "Node Type": "Nested Loop",
                                "Parent Relationship": "Outer",
                                "Parallel Aware": false,
                                "Join Type": "Inner",
                                "Startup Cost": 12.1,
                                "Total Cost": 7800.31,
                                "Plan Rows": 1,
                                "Plan Width": 43,
                                "Actual Startup Time": 10.059,
                                "Actual Total Time": 231.077,
                                "Actual Rows": 525,
                                "Actual Loops": 1,
                                "Inner Unique": false,
                                "Join Filter": "(mi_idx.info_type_id = it2.id)",
                                "Rows Removed by Join Filter": 1115,
                                "Plans": [
                                  {
                                    "Node Type": "Seq Scan",
                                    "Parent Relationship": "Outer",
                                    "Parallel Aware": false,
                                    "Relation Name": "info_type",
                                    "Alias": "it2",
                                    "Startup Cost": 0.0,
                                    "Total Cost": 2.41,
                                    "Plan Rows": 1,
                                    "Plan Width": 4,
                                    "Actual Startup Time": 0.038,
                                    "Actual Total Time": 0.039,
                                    "Actual Rows": 1,
                                    "Actual Loops": 1,
                                    "Filter": "((info)::text = 'rating'::text)",
                                    "Rows Removed by Filter": 112
                                  },
                                  {
                                    "Node Type": "Nested Loop",
                                    "Parent Relationship": "Inner",
                                    "Parallel Aware": false,
                                    "Join Type": "Inner",
                                    "Startup Cost": 12.1,
                                    "Total Cost": 7797.2,
                                    "Plan Rows": 56,
                                    "Plan Width": 47,
                                    "Actual Startup Time": 10.002,
                                    "Actual Total Time": 230.851,
                                    "Actual Rows": 1640,
                                    "Actual Loops": 1,
                                    "Inner Unique": false,
                                    "Join Filter": "(cc.subject_id = cct1.id)",
                                    "Rows Removed by Join Filter": 5399,
                                    "Plans": [
                                      {
                                        "Node Type": "Seq Scan",
                                        "Parent Relationship": "Outer",
                                        "Parallel Aware": false,
                                        "Relation Name": "comp_cast_type",
                                        "Alias": "cct1",
                                        "Startup Cost": 0.0,
                                        "Total Cost": 1.05,
                                        "Plan Rows": 1,
                                        "Plan Width": 4,
                                        "Actual Startup Time": 0.012,
                                        "Actual Total Time": 0.013,
                                        "Actual Rows": 1,
                                        "Actual Loops": 1,
                                        "Filter": "((kind)::text = 'crew'::text)",
                                        "Rows Removed by Filter": 3
                                      },
                                      {
                                        "Node Type": "Nested Loop",
                                        "Parent Relationship": "Inner",
                                        "Parallel Aware": false,
                                        "Join Type": "Inner",
                                        "Startup Cost": 12.1,
                                        "Total Cost": 7793.36,
                                        "Plan Rows": 223,
                                        "Plan Width": 51,
                                        "Actual Startup Time": 9.609,
                                        "Actual Total Time": 230.216,
                                        "Actual Rows": 7039,
                                        "Actual Loops": 1,
                                        "Inner Unique": true,
                                        "Plans": [
                                          {
                                            "Node Type": "Nested Loop",
                                            "Parent Relationship": "Outer",
                                            "Parallel Aware": false,
                                            "Join Type": "Inner",
                                            "Startup Cost": 11.67,
                                            "Total Cost": 7593.53,
                                            "Plan Rows": 408,
                                            "Plan Width": 26,
                                            "Actual Startup Time": 9.542,
                                            "Actual Total Time": 172.146,
                                            "Actual Rows": 29665,
                                            "Actual Loops": 1,
                                            "Inner Unique": false,
                                            "Plans": [
                                              {
                                                "Node Type": "Nested Loop",
                                                "Parent Relationship": "Outer",
                                                "Parallel Aware": false,
                                                "Join Type": "Inner",
                                                "Startup Cost": 11.24,
                                                "Total Cost": 7520.38,
                                                "Plan Rows": 138,
                                                "Plan Width": 12,
                                                "Actual Startup Time": 9.519,
                                                "Actual Total Time": 132.814,
                                                "Actual Rows": 10536,
                                                "Actual Loops": 1,
                                                "Inner Unique": true,
                                                "Join Filter": "(cc.status_id = cct2.id)",
                                                "Rows Removed by Join Filter": 49536,
                                                "Plans": [
                                                  {
                                                    "Node Type": "Nested Loop",
                                                    "Parent Relationship": "Outer",
                                                    "Parallel Aware": false,
                                                    "Join Type": "Inner",
                                                    "Startup Cost": 11.24,
                                                    "Total Cost": 7512.08,
                                                    "Plan Rows": 184,
                                                    "Plan Width": 16,
                                                    "Actual Startup Time": 9.463,
                                                    "Actual Total Time": 124.435,
                                                    "Actual Rows": 20024,
                                                    "Actual Loops": 1,
                                                    "Inner Unique": false,
                                                    "Plans": [
                                                      {
                                                        "Node Type": "Nested Loop",
                                                        "Parent Relationship": "Outer",
                                                        "Parallel Aware": false,
                                                        "Join Type": "Inner",
                                                        "Startup Cost": 10.82,
                                                        "Total Cost": 7447.81,
                                                        "Plan Rows": 135,
                                                        "Plan Width": 4,
                                                        "Actual Startup Time": 9.082,
                                                        "Actual Total Time": 67.091,
                                                        "Actual Rows": 37091,
                                                        "Actual Loops": 1,
                                                        "Inner Unique": false,
                                                        "Plans": [
                                                          {
                                                            "Node Type": "Seq Scan",
                                                            "Parent Relationship": "Outer",
                                                            "Parallel Aware": false,
                                                            "Relation Name": "keyword",
                                                            "Alias": "k",
                                                            "Startup Cost": 0.0,
                                                            "Total Cost": 2961.55,
                                                            "Plan Rows": 4,
                                                            "Plan Width": 4,
                                                            "Actual Startup Time": 2.503,
                                                            "Actual Total Time": 15.135,
                                                            "Actual Rows": 3,
                                                            "Actual Loops": 1,
                                                            "Filter": "(keyword = ANY ('{murder,murder-in-title,blood,violence}'::text[]))",
                                                            "Rows Removed by Filter": 134167
                                                          },
                                                          {
                                                            "Node Type": "Bitmap Heap Scan",
                                                            "Parent Relationship": "Inner",
                                                            "Parallel Aware": false,
                                                            "Relation Name": "movie_keyword",
                                                            "Alias": "mk",
                                                            "Startup Cost": 10.82,
                                                            "Total Cost": 1118.49,
                                                            "Plan Rows": 308,
                                                            "Plan Width": 8,
                                                            "Actual Startup Time": 3.595,
                                                            "Actual Total Time": 16.25,
                                                            "Actual Rows": 12364,
                                                            "Actual Loops": 3,
                                                            "Recheck Cond": "(keyword_id = k.id)",
                                                            "Rows Removed by Index Recheck": 0,
                                                            "Exact Heap Blocks": 26312,
                                                            "Lossy Heap Blocks": 0,
                                                            "Plans": [
                                                              {
                                                                "Node Type": "Bitmap Index Scan",
                                                                "Parent Relationship": "Outer",
                                                                "Parallel Aware": false,
                                                                "Index Name": "keyword_id_movie_keyword",
                                                                "Startup Cost": 0.0,
                                                                "Total Cost": 10.74,
                                                                "Plan Rows": 308,
                                                                "Plan Width": 0,
                                                                "Actual Startup Time": 1.745,
                                                                "Actual Total Time": 1.746,
                                                                "Actual Rows": 12364,
                                                                "Actual Loops": 3,
                                                                "Index Cond": "(keyword_id = k.id)"
                                                              }
                                                            ]
                                                          }
                                                        ]
                                                      },
                                                      {
                                                        "Node Type": "Index Scan",
                                                        "Parent Relationship": "Inner",
                                                        "Parallel Aware": false,
                                                        "Scan Direction": "Forward",
                                                        "Index Name": "movie_id_complete_cast",
                                                        "Relation Name": "complete_cast",
                                                        "Alias": "cc",
                                                        "Startup Cost": 0.42,
                                                        "Total Cost": 0.46,
                                                        "Plan Rows": 2,
                                                        "Plan Width": 12,
                                                        "Actual Startup Time": 0.001,
                                                        "Actual Total Time": 0.001,
                                                        "Actual Rows": 1,
                                                        "Actual Loops": 37091,
                                                        "Index Cond": "(movie_id = mk.movie_id)",
                                                        "Rows Removed by Index Recheck": 0
                                                      }
                                                    ]
                                                  },
                                                  {
                                                    "Node Type": "Materialize",
                                                    "Parent Relationship": "Inner",
                                                    "Parallel Aware": false,
                                                    "Startup Cost": 0.0,
                                                    "Total Cost": 1.06,
                                                    "Plan Rows": 3,
                                                    "Plan Width": 4,
                                                    "Actual Startup Time": 0.0,
                                                    "Actual Total Time": 0.0,
                                                    "Actual Rows": 3,
                                                    "Actual Loops": 20024,
                                                    "Plans": [
                                                      {
                                                        "Node Type": "Seq Scan",
                                                        "Parent Relationship": "Outer",
                                                        "Parallel Aware": false,
                                                        "Relation Name": "comp_cast_type",
                                                        "Alias": "cct2",
                                                        "Startup Cost": 0.0,
                                                        "Total Cost": 1.05,
                                                        "Plan Rows": 3,
                                                        "Plan Width": 4,
                                                        "Actual Startup Time": 0.016,
                                                        "Actual Total Time": 0.019,
                                                        "Actual Rows": 3,
                                                        "Actual Loops": 1,
                                                        "Filter": "((kind)::text <> 'complete+verified'::text)",
                                                        "Rows Removed by Filter": 1
                                                      }
                                                    ]
                                                  }
                                                ]
                                              },
                                              {
                                                "Node Type": "Index Scan",
                                                "Parent Relationship": "Inner",
                                                "Parallel Aware": false,
                                                "Scan Direction": "Forward",
                                                "Index Name": "movie_id_movie_info_idx",
                                                "Relation Name": "movie_info_idx",
                                                "Alias": "mi_idx",
                                                "Startup Cost": 0.43,
                                                "Total Cost": 0.5,
                                                "Plan Rows": 3,
                                                "Plan Width": 14,
                                                "Actual Startup Time": 0.003,
                                                "Actual Total Time": 0.003,
                                                "Actual Rows": 3,
                                                "Actual Loops": 10536,
                                                "Index Cond": "(movie_id = mk.movie_id)",
                                                "Rows Removed by Index Recheck": 0,
                                                "Filter": "(info < '8.5'::text)",
                                                "Rows Removed by Filter": 0
                                              }
                                            ]
                                          },
                                          {
                                            "Node Type": "Index Scan",
                                            "Parent Relationship": "Inner",
                                            "Parallel Aware": false,
                                            "Scan Direction": "Forward",
                                            "Index Name": "title_pkey",
                                            "Relation Name": "title",
                                            "Alias": "t",
                                            "Startup Cost": 0.43,
                                            "Total Cost": 0.49,
                                            "Plan Rows": 1,
                                            "Plan Width": 25,
                                            "Actual Startup Time": 0.002,
                                            "Actual Total Time": 0.002,
                                            "Actual Rows": 0,
                                            "Actual Loops": 29665,
                                            "Index Cond": "(id = mk.movie_id)",
                                            "Rows Removed by Index Recheck": 0,
                                            "Filter": "(production_year > 2000)",
                                            "Rows Removed by Filter": 1
                                          }
                                        ]
                                      }
                                    ]
                                  }
                                ]
                              },
                              {
                                "Node Type": "Index Scan",
                                "Parent Relationship": "Inner",
                                "Parallel Aware": false,
                                "Scan Direction": "Forward",
                                "Index Name": "movie_id_movie_info",
                                "Relation Name": "movie_info",
                                "Alias": "mi",
                                "Startup Cost": 0.43,
                                "Total Cost": 1.8,
                                "Plan Rows": 1,
                                "Plan Width": 8,
                                "Actual Startup Time": 0.061,
                                "Actual Total Time": 0.063,
                                "Actual Rows": 0,
                                "Actual Loops": 525,
                                "Index Cond": "(movie_id = mk.movie_id)",
                                "Rows Removed by Index Recheck": 0,
                                "Filter": "(info = ANY ('{Swedish,Germany,Denish,Norway,Denmark,Danish,Norwegian,America,American,Bulgaria}'::text[]))",
                                "Rows Removed by Filter": 130
                              }
                            ]
                          },
                          {
                            "Node Type": "Seq Scan",
                            "Parent Relationship": "Inner",
                            "Parallel Aware": false,
                            "Relation Name": "info_type",
                            "Alias": "it1",
                            "Startup Cost": 0.0,
                            "Total Cost": 2.41,
                            "Plan Rows": 1,
                            "Plan Width": 4,
                            "Actual Startup Time": 0.003,
                            "Actual Total Time": 0.004,
                            "Actual Rows": 1,
                            "Actual Loops": 96,
                            "Filter": "((info)::text = 'countries'::text)",
                            "Rows Removed by Filter": 19
                          }
                        ]
                      },
                      {
                        "Node Type": "Index Scan",
                        "Parent Relationship": "Inner",
                        "Parallel Aware": false,
                        "Scan Direction": "Forward",
                        "Index Name": "movie_id_movie_companies",
                        "Relation Name": "movie_companies",
                        "Alias": "mc",
                        "Startup Cost": 0.43,
                        "Total Cost": 0.57,
                        "Plan Rows": 1,
                        "Plan Width": 12,
                        "Actual Startup Time": 0.007,
                        "Actual Total Time": 0.02,
                        "Actual Rows": 15,
                        "Actual Loops": 85,
                        "Index Cond": "(movie_id = mk.movie_id)",
                        "Rows Removed by Index Recheck": 0,
                        "Filter": "((note !~~ '%(USA)%'::text) AND (note ~~ '%(200%)%'::text))",
                        "Rows Removed by Filter": 11
                      }
                    ]
                  },
                  {
                    "Node Type": "Seq Scan",
                    "Parent Relationship": "Inner",
                    "Parallel Aware": false,
                    "Relation Name": "kind_type",
                    "Alias": "kt",
                    "Startup Cost": 0.0,
                    "Total Cost": 1.09,
                    "Plan Rows": 2,
                    "Plan Width": 4,
                    "Actual Startup Time": 0.001,
                    "Actual Total Time": 0.001,
                    "Actual Rows": 1,
                    "Actual Loops": 1249,
                    "Filter": "((kind)::text = ANY ('{movie,episode}'::text[]))",
                    "Rows Removed by Filter": 0
                  }
                ]
              },
              {
                "Node Type": "Hash",
                "Parent Relationship": "Inner",
                "Parallel Aware": false,
                "Startup Cost": 1.04,
                "Total Cost": 1.04,
                "Plan Rows": 4,
                "Plan Width": 4,
                "Actual Startup Time": 0.026,
                "Actual Total Time": 0.027,
                "Actual Rows": 4,
                "Actual Loops": 1,
                "Hash Buckets": 1024,
                "Original Hash Buckets": 1024,
                "Hash Batches": 1,
                "Original Hash Batches": 1,
                "Peak Memory Usage": 9,
                "Plans": [
                  {
                    "Node Type": "Seq Scan",
                    "Parent Relationship": "Outer",
                    "Parallel Aware": false,
                    "Relation Name": "company_type",
                    "Alias": "ct",
                    "Startup Cost": 0.0,
                    "Total Cost": 1.04,
                    "Plan Rows": 4,
                    "Plan Width": 4,
                    "Actual Startup Time": 0.015,
                    "Actual Total Time": 0.018,
                    "Actual Rows": 4,
                    "Actual Loops": 1
                  }
                ]
              }
            ]
          },
          {
            "Node Type": "Index Scan",
            "Parent Relationship": "Inner",
            "Parallel Aware": false,
            "Scan Direction": "Forward",
            "Index Name": "company_name_pkey",
            "Relation Name": "company_name",
            "Alias": "cn",
            "Startup Cost": 0.42,
            "Total Cost": 0.55,
            "Plan Rows": 1,
            "Plan Width": 23,
            "Actual Startup Time": 0.003,
            "Actual Total Time": 0.003,
            "Actual Rows": 1,
            "Actual Loops": 1200,
            "Index Cond": "(id = mc.company_id)",
            "Rows Removed by Index Recheck": 0,
            "Filter": "((country_code)::text <> '[us]'::text)",
            "Rows Removed by Filter": 0
          }
        ]
      }
    ]
  },
  "Planning Time": 4.546,
  "Triggers": [],
  "Execution Time": 276.92
}