[
  {
    "Plan": {
      "Node Type": "Aggregate",
      "Strategy": "Plain",
      "Partial Mode": "Finalize",
      "Parallel Aware": false,
      "Startup Cost": 188828.45,
      "Total Cost": 188828.46,
      "Plan Rows": 1,
      "Plan Width": 64,
      "Actual Startup Time": 2659.635,
      "Actual Total Time": 2782.647,
      "Actual Rows": 1,
      "Actual Loops": 1,
      "Plans": [
        {
          "Node Type": "Gather",
          "Parent Relationship": "Outer",
          "Parallel Aware": false,
          "Startup Cost": 188828.13,
          "Total Cost": 188828.44,
          "Plan Rows": 3,
          "Plan Width": 64,
          "Actual Startup Time": 2658.424,
          "Actual Total Time": 2782.634,
          "Actual Rows": 4,
          "Actual Loops": 1,
          "Workers Planned": 3,
          "Workers Launched": 3,
          "Single Copy": false,
          "Plans": [
            {
              "Node Type": "Aggregate",
              "Strategy": "Plain",
              "Partial Mode": "Partial",
              "Parent Relationship": "Outer",
              "Parallel Aware": false,
              "Startup Cost": 187828.13,
              "Total Cost": 187828.14,
              "Plan Rows": 1,
              "Plan Width": 64,
              "Actual Startup Time": 2647.399,
              "Actual Total Time": 2647.412,
              "Actual Rows": 1,
              "Actual Loops": 4,
              "Plans": [
                {
                  "Node Type": "Hash Join",
                  "Parent Relationship": "Outer",
                  "Parallel Aware": true,
                  "Join Type": "Inner",
                  "Startup Cost": 171242.15,
                  "Total Cost": 186703.0,
                  "Plan Rows": 225026,
                  "Plan Width": 33,
                  "Actual Startup Time": 2564.67,
                  "Actual Total Time": 2643.901,
                  "Actual Rows": 38345,
                  "Actual Loops": 4,
                  "Inner Unique": false,
                  "Hash Cond": "(a1.person_id = n1.id)",
                  "Plans": [
                    {
                      "Node Type": "Seq Scan",
                      "Parent Relationship": "Outer",
                      "Parallel Aware": true,
                      "Relation Name": "aka_name",
                      "Alias": "a1",
                      "Startup Cost": 0.0,
                      "Total Cost": 14303.56,
                      "Plan Rows": 290756,
                      "Plan Width": 20,
                      "Actual Startup Time": 0.036,
                      "Actual Total Time": 37.79,
                      "Actual Rows": 225336,
                      "Actual Loops": 4
                    },
                    {
                      "Node Type": "Hash",
                      "Parent Relationship": "Inner",
                      "Parallel Aware": true,
                      "Startup Cost": 170042.65,
                      "Total Cost": 170042.65,
                      "Plan Rows": 95960,
                      "Plan Width": 25,
                      "Actual Startup Time": 2561.924,
                      "Actual Total Time": 2561.935,
                      "Actual Rows": 37246,
                      "Actual Loops": 4,
                      "Hash Buckets": 524288,
                      "Original Hash Buckets": 524288,
                      "Hash Batches": 1,
                      "Original Hash Batches": 1,
                      "Peak Memory Usage": 13536,
                      "Plans": [
                        {
                          "Node Type": "Nested Loop",
                          "Parent Relationship": "Outer",
                          "Parallel Aware": false,
                          "Join Type": "Inner",
                          "Startup Cost": 4794.44,
                          "Total Cost": 170042.65,
                          "Plan Rows": 95960,
                          "Plan Width": 25,
                          "Actual Startup Time": 27.172,
                          "Actual Total Time": 2534.885,
                          "Actual Rows": 37246,
                          "Actual Loops": 4,
                          "Inner Unique": true,
                          "Plans": [
                            {
                              "Node Type": "Hash Join",
                              "Parent Relationship": "Outer",
                              "Parallel Aware": false,
                              "Join Type": "Inner",
                              "Startup Cost": 4794.01,
                              "Total Cost": 126352.3,
                              "Plan Rows": 95960,
                              "Plan Width": 21,
                              "Actual Startup Time": 27.067,
                              "Actual Total Time": 2327.803,
                              "Actual Rows": 37246,
                              "Actual Loops": 4,
                              "Inner Unique": true,
                              "Hash Cond": "(ci.role_id = rt.id)",
                              "Plans": [
                                {
                                  "Node Type": "Nested Loop",
                                  "Parent Relationship": "Outer",
                                  "Parallel Aware": false,
                                  "Join Type": "Inner",
                                  "Startup Cost": 4792.85,
                                  "Total Cost": 122260.83,
                                  "Plan Rows": 1151525,
                                  "Plan Width": 25,
                                  "Actual Startup Time": 26.414,
                                  "Actual Total Time": 2219.117,
                                  "Actual Rows": 1221719,
                                  "Actual Loops": 4,
                                  "Inner Unique": false,
                                  "Plans": [
                                    {
                                      "Node Type": "Nested Loop",
                                      "Parent Relationship": "Outer",
                                      "Parallel Aware": false,
                                      "Join Type": "Inner",
                                      "Startup Cost": 4792.29,
                                      "Total Cost": 51552.04,
                                      "Plan Rows": 33581,
                                      "Plan Width": 25,
                                      "Actual Startup Time": 26.248,
                                      "Actual Total Time": 359.877,
                                      "Actual Rows": 37033,
                                      "Actual Loops": 4,
                                      "Inner Unique": true,
                                      "Plans": [
                                        {
                                          "Node Type": "Hash Join",
                                          "Parent Relationship": "Outer",
                                          "Parallel Aware": true,
                                          "Join Type": "Inner",
                                          "Startup Cost": 4791.86,
                                          "Total Cost": 34207.79,
                                          "Plan Rows": 33581,
                                          "Plan Width": 4,
                                          "Actual Startup Time": 26.162,
                                          "Actual Total Time": 190.633,
                                          "Actual Rows": 37033,
                                          "Actual Loops": 4,
                                          "Inner Unique": true,
                                          "Hash Cond": "(mc.company_id = cn.id)",
                                          "Plans": [
                                            {
                                              "Node Type": "Seq Scan",
                                              "Parent Relationship": "Outer",
                                              "Parallel Aware": true,
                                              "Relation Name": "movie_companies",
                                              "Alias": "mc",
                                              "Startup Cost": 0.0,
                                              "Total Cost": 27206.55,
                                              "Plan Rows": 841655,
                                              "Plan Width": 8,
                                              "Actual Startup Time": 0.024,
                                              "Actual Total Time": 72.348,
                                              "Actual Rows": 652282,
                                              "Actual Loops": 4
                                            },
                                            {
                                              "Node Type": "Hash",
                                              "Parent Relationship": "Inner",
                                              "Parallel Aware": true,
                                              "Startup Cost": 4722.92,
                                              "Total Cost": 4722.92,
                                              "Plan Rows": 5515,
                                              "Plan Width": 4,
                                              "Actual Startup Time": 25.936,
                                              "Actual Total Time": 25.938,
                                              "Actual Rows": 2444,
                                              "Actual Loops": 4,
                                              "Hash Buckets": 16384,
                                              "Original Hash Buckets": 16384,
                                              "Hash Batches": 1,
                                              "Original Hash Batches": 1,
                                              "Peak Memory Usage": 576,
                                              "Plans": [
                                                {
                                                  "Node Type": "Seq Scan",
                                                  "Parent Relationship": "Outer",
                                                  "Parallel Aware": true,
                                                  "Relation Name": "company_name",
                                                  "Alias": "cn",
                                                  "Startup Cost": 0.0,
                                                  "Total Cost": 4722.92,
                                                  "Plan Rows": 5515,
                                                  "Plan Width": 4,
                                                  "Actual Startup Time": 0.106,
                                                  "Actual Total Time": 24.321,
                                                  "Actual Rows": 2444,
                                                  "Actual Loops": 4,
                                                  "Filter": "((country_code)::text = '[de]'::text)",
                                                  "Rows Removed by Filter": 56306
                                                }
                                              ]
                                            }
                                          ]
                                        },
                                        {
                                          "Node Type": "Index Scan",
                                          "Parent Relationship": "Inner",
                                          "Parallel Aware": false,
                                          "Scan Direction": "Forward",
                                          "Index Name": "title_pkey",
                                          "Relation Name": "title",
                                          "Alias": "t",
                                          "Startup Cost": 0.43,
                                          "Total Cost": 0.52,
                                          "Plan Rows": 1,
                                          "Plan Width": 21,
                                          "Actual Startup Time": 0.004,
                                          "Actual Total Time": 0.004,
                                          "Actual Rows": 1,
                                          "Actual Loops": 148132,
                                          "Index Cond": "(id = mc.movie_id)",
                                          "Rows Removed by Index Recheck": 0
                                        }
                                      ]
                                    },
                                    {
                                      "Node Type": "Index Scan",
                                      "Parent Relationship": "Inner",
                                      "Parallel Aware": false,
                                      "Scan Direction": "Forward",
                                      "Index Name": "movie_id_cast_info",
                                      "Relation Name": "cast_info",
                                      "Alias": "ci",
                                      "Startup Cost": 0.56,
                                      "Total Cost": 1.77,
                                      "Plan Rows": 34,
                                      "Plan Width": 12,
                                      "Actual Startup Time": 0.006,
                                      "Actual Total Time": 0.045,
                                      "Actual Rows": 33,
                                      "Actual Loops": 148132,
                                      "Index Cond": "(movie_id = t.id)",
                                      "Rows Removed by Index Recheck": 0
                                    }
                                  ]
                                },
                                {
                                  "Node Type": "Hash",
                                  "Parent Relationship": "Inner",
                                  "Parallel Aware": false,
                                  "Startup Cost": 1.15,
                                  "Total Cost": 1.15,
                                  "Plan Rows": 1,
                                  "Plan Width": 4,
                                  "Actual Startup Time": 0.111,
                                  "Actual Total Time": 0.113,
                                  "Actual Rows": 1,
                                  "Actual Loops": 4,
                                  "Hash Buckets": 1024,
                                  "Original Hash Buckets": 1024,
                                  "Hash Batches": 1,
                                  "Original Hash Batches": 1,
                                  "Peak Memory Usage": 9,
                                  "Plans": [
                                    {
                                      "Node Type": "Seq Scan",
                                      "Parent Relationship": "Outer",
                                      "Parallel Aware": false,
                                      "Relation Name": "role_type",
                                      "Alias": "rt",
                                      "Startup Cost": 0.0,
                                      "Total Cost": 1.15,
                                      "Plan Rows": 1,
                                      "Plan Width": 4,
                                      "Actual Startup Time": 0.077,
                                      "Actual Total Time": 0.081,
                                      "Actual Rows": 1,
                                      "Actual Loops": 4,
                                      "Filter": "((role)::text = 'director'::text)",
                                      "Rows Removed by Filter": 11
                                    }
                                  ]
                                }
                              ]
                            },
                            {
                              "Node Type": "Index Scan",
                              "Parent Relationship": "Inner",
                              "Parallel Aware": false,
                              "Scan Direction": "Forward",
                              "Index Name": "name_pkey",
                              "Relation Name": "name",
                              "Alias": "n1",
                              "Startup Cost": 0.43,
                              "Total Cost": 0.46,
                              "Plan Rows": 1,
                              "Plan Width": 4,
                              "Actual Startup Time": 0.005,
                              "Actual Total Time": 0.005,
                              "Actual Rows": 1,
                              "Actual Loops": 148983,
                              "Index Cond": "(id = ci.person_id)",
                              "Rows Removed by Index Recheck": 0
                            }
                          ]
                        }
                      ]
                    }
                  ]
                }
              ]
            }
          ]
        }
      ]
    },
    "Planning Time": 6.25,
    "Triggers": [],
    "Execution Time": 2783.173
  }
]