[
    {
        "Bao": {
            "Bao prediction": "NaN",
            "Bao recommended hint": "(no hint)"
        }
    },
    {
        "Plan": {
            "Node Type": "Aggregate",
            "Strategy": "Plain",
            "Partial Mode": "Finalize",
            "Parallel Aware": false,
            "Startup Cost": 42513.09,
            "Total Cost": 42513.1,
            "Plan Rows": 1,
            "Plan Width": 8,
            "Actual Startup Time": 166.529,
            "Actual Total Time": 172.84,
            "Actual Rows": 1,
            "Actual Loops": 1,
            "Output": [
                "count(*)"
            ],
            "Plans": [
                {
                    "Node Type": "Gather",
                    "Parent Relationship": "Outer",
                    "Parallel Aware": false,
                    "Startup Cost": 42512.78,
                    "Total Cost": 42513.09,
                    "Plan Rows": 3,
                    "Plan Width": 8,
                    "Actual Startup Time": 166.232,
                    "Actual Total Time": 172.83,
                    "Actual Rows": 4,
                    "Actual Loops": 1,
                    "Output": [
                        "(PARTIAL count(*))"
                    ],
                    "Workers Planned": 3,
                    "Workers Launched": 3,
                    "Single Copy": false,
                    "Plans": [
                        {
                            "Node Type": "Aggregate",
                            "Strategy": "Plain",
                            "Partial Mode": "Partial",
                            "Parent Relationship": "Outer",
                            "Parallel Aware": false,
                            "Startup Cost": 41512.78,
                            "Total Cost": 41512.79,
                            "Plan Rows": 1,
                            "Plan Width": 8,
                            "Actual Startup Time": 157.234,
                            "Actual Total Time": 157.235,
                            "Actual Rows": 1,
                            "Actual Loops": 4,
                            "Output": [
                                "PARTIAL count(*)"
                            ],
                            "Workers": [
                                {
                                    "Worker Number": 0,
                                    "Actual Startup Time": 153.646,
                                    "Actual Total Time": 153.648,
                                    "Actual Rows": 1,
                                    "Actual Loops": 1
                                },
                                {
                                    "Worker Number": 1,
                                    "Actual Startup Time": 154.53,
                                    "Actual Total Time": 154.532,
                                    "Actual Rows": 1,
                                    "Actual Loops": 1
                                },
                                {
                                    "Worker Number": 2,
                                    "Actual Startup Time": 155.045,
                                    "Actual Total Time": 155.047,
                                    "Actual Rows": 1,
                                    "Actual Loops": 1
                                }
                            ],
                            "Plans": [
                                {
                                    "Node Type": "Bitmap Heap Scan",
                                    "Parent Relationship": "Outer",
                                    "Parallel Aware": true,
                                    "Relation Name": "movie_keyword",
                                    "Schema": "public",
                                    "Alias": "mk",
                                    "Startup Cost": 13890.68,
                                    "Total Cost": 40984.76,
                                    "Plan Rows": 211207,
                                    "Plan Width": 0,
                                    "Actual Startup Time": 62.728,
                                    "Actual Total Time": 146.357,
                                    "Actual Rows": 163686,
                                    "Actual Loops": 4,
                                    "Recheck Cond": "(mk.keyword_id < 502)",
                                    "Rows Removed by Index Recheck": 0,
                                    "Exact Heap Blocks": 8386,
                                    "Lossy Heap Blocks": 0,
                                    "Workers": [
                                        {
                                            "Worker Number": 0,
                                            "Actual Startup Time": 59.213,
                                            "Actual Total Time": 143.898,
                                            "Actual Rows": 164725,
                                            "Actual Loops": 1
                                        },
                                        {
                                            "Worker Number": 1,
                                            "Actual Startup Time": 60.081,
                                            "Actual Total Time": 145.296,
                                            "Actual Rows": 151511,
                                            "Actual Loops": 1
                                        },
                                        {
                                            "Worker Number": 2,
                                            "Actual Startup Time": 60.746,
                                            "Actual Total Time": 145.223,
                                            "Actual Rows": 115953,
                                            "Actual Loops": 1
                                        }
                                    ],
                                    "Plans": [
                                        {
                                            "Node Type": "Bitmap Index Scan",
                                            "Parent Relationship": "Outer",
                                            "Parallel Aware": false,
                                            "Index Name": "keyword_id_movie_keyword",
                                            "Startup Cost": 0.0,
                                            "Total Cost": 13726.99,
                                            "Plan Rows": 654741,
                                            "Plan Width": 0,
                                            "Actual Startup Time": 65.173,
                                            "Actual Total Time": 65.174,
                                            "Actual Rows": 654744,
                                            "Actual Loops": 1,
                                            "Index Cond": "(mk.keyword_id < 502)"
                                        }
                                    ]
                                }
                            ]
                        }
                    ]
                }
            ]
        },
        "Planning Time": 265.65,
        "Triggers": [],
        "Execution Time": 172.931
    }
]