[
  {
    "Plan": {
      "Node Type": "Aggregate",
      "Strategy": "Plain",
      "Partial Mode": "Finalize",
      "Parallel Aware": false,
      "Startup Cost": 86903.67,
      "Total Cost": 86903.68,
      "Plan Rows": 1,
      "Plan Width": 8,
      "Actual Startup Time": 249.863,
      "Actual Total Time": 268.41,
      "Actual Rows": 1,
      "Actual Loops": 1,
      "Plans": [
        {
          "Node Type": "Gather",
          "Parent Relationship": "Outer",
          "Parallel Aware": false,
          "Startup Cost": 86903.35,
          "Total Cost": 86903.66,
          "Plan Rows": 3,
          "Plan Width": 8,
          "Actual Startup Time": 248.053,
          "Actual Total Time": 268.397,
          "Actual Rows": 4,
          "Actual Loops": 1,
          "Workers Planned": 3,
          "Workers Launched": 3,
          "Single Copy": false,
          "Plans": [
            {
              "Node Type": "Aggregate",
              "Strategy": "Plain",
              "Partial Mode": "Partial",
              "Parent Relationship": "Outer",
              "Parallel Aware": false,
              "Startup Cost": 85903.35,
              "Total Cost": 85903.36,
              "Plan Rows": 1,
              "Plan Width": 8,
              "Actual Startup Time": 239.076,
              "Actual Total Time": 239.082,
              "Actual Rows": 1,
              "Actual Loops": 4,
              "Plans": [
                {
                  "Node Type": "Nested Loop",
                  "Parent Relationship": "Outer",
                  "Parallel Aware": false,
                  "Join Type": "Inner",
                  "Startup Cost": 51793.07,
                  "Total Cost": 85885.02,
                  "Plan Rows": 7332,
                  "Plan Width": 0,
                  "Actual Startup Time": 178.953,
                  "Actual Total Time": 238.981,
                  "Actual Rows": 1030,
                  "Actual Loops": 4,
                  "Inner Unique": false,
                  "Plans": [
                    {
                      "Node Type": "Hash Join",
                      "Parent Relationship": "Outer",
                      "Parallel Aware": true,
                      "Join Type": "Inner",
                      "Startup Cost": 51792.64,
                      "Total Cost": 77369.62,
                      "Plan Rows": 13432,
                      "Plan Width": 8,
                      "Actual Startup Time": 178.835,
                      "Actual Total Time": 236.076,
                      "Actual Rows": 554,
                      "Actual Loops": 4,
                      "Inner Unique": true,
                      "Hash Cond": "(mk.movie_id = t.id)",
                      "Plans": [
                        {
                          "Node Type": "Bitmap Heap Scan",
                          "Parent Relationship": "Outer",
                          "Parallel Aware": true,
                          "Relation Name": "movie_keyword",
                          "Alias": "mk",
                          "Startup Cost": 4884.2,
                          "Total Cost": 30266.27,
                          "Plan Rows": 74246,
                          "Plan Width": 4,
                          "Actual Startup Time": 23.738,
                          "Actual Total Time": 66.4,
                          "Actual Rows": 55003,
                          "Actual Loops": 4,
                          "Recheck Cond": "(keyword_id > 64768)",
                          "Rows Removed by Index Recheck": 0,
                          "Exact Heap Blocks": 7202,
                          "Lossy Heap Blocks": 0,
                          "Plans": [
                            {
                              "Node Type": "Bitmap Index Scan",
                              "Parent Relationship": "Outer",
                              "Parallel Aware": false,
                              "Index Name": "keyword_id_movie_keyword",
                              "Startup Cost": 0.0,
                              "Total Cost": 4826.65,
                              "Plan Rows": 230163,
                              "Plan Width": 0,
                              "Actual Startup Time": 18.736,
                              "Actual Total Time": 18.737,
                              "Actual Rows": 220011,
                              "Actual Loops": 1,
                              "Index Cond": "(keyword_id > 64768)"
                            }
                          ]
                        },
                        {
                          "Node Type": "Hash",
                          "Parent Relationship": "Inner",
                          "Parallel Aware": true,
                          "Startup Cost": 45479.1,
                          "Total Cost": 45479.1,
                          "Plan Rows": 114348,
                          "Plan Width": 4,
                          "Actual Startup Time": 151.889,
                          "Actual Total Time": 151.89,
                          "Actual Rows": 86053,
                          "Actual Loops": 4,
                          "Hash Buckets": 524288,
                          "Original Hash Buckets": 524288,
                          "Hash Batches": 1,
                          "Original Hash Batches": 1,
                          "Peak Memory Usage": 17632,
                          "Plans": [
                            {
                              "Node Type": "Seq Scan",
                              "Parent Relationship": "Outer",
                              "Parallel Aware": true,
                              "Relation Name": "title",
                              "Alias": "t",
                              "Startup Cost": 0.0,
                              "Total Cost": 45479.1,
                              "Plan Rows": 114348,
                              "Plan Width": 4,
                              "Actual Startup Time": 0.035,
                              "Actual Total Time": 118.909,
                              "Actual Rows": 86053,
                              "Actual Loops": 4,
                              "Filter": "((production_year < 1993) AND (kind_id = 7))",
                              "Rows Removed by Filter": 546025
                            }
                          ]
                        }
                      ]
                    },
                    {
                      "Node Type": "Index Only Scan",
                      "Parent Relationship": "Inner",
                      "Parallel Aware": false,
                      "Scan Direction": "Forward",
                      "Index Name": "movie_id_movie_info_idx",
                      "Relation Name": "movie_info_idx",
                      "Alias": "mi_idx",
                      "Startup Cost": 0.43,
                      "Total Cost": 0.6,
                      "Plan Rows": 3,
                      "Plan Width": 4,
                      "Actual Startup Time": 0.004,
                      "Actual Total Time": 0.005,
                      "Actual Rows": 2,
                      "Actual Loops": 2215,
                      "Index Cond": "(movie_id = t.id)",
                      "Rows Removed by Index Recheck": 0,
                      "Heap Fetches": 4122
                    }
                  ]
                }
              ]
            }
          ]
        }
      ]
    },
    "Planning Time": 1.38,
    "Triggers": [],
    "Execution Time": 268.518
  }
]