[
  {
    "Plan": {
      "Node Type": "Aggregate",
      "Strategy": "Plain",
      "Partial Mode": "Finalize",
      "Parallel Aware": false,
      "Startup Cost": 405956.91,
      "Total Cost": 405956.92,
      "Plan Rows": 1,
      "Plan Width": 8,
      "Actual Startup Time": 2026.947,
      "Actual Total Time": 2075.101,
      "Actual Rows": 1,
      "Actual Loops": 1,
      "Plans": [
        {
          "Node Type": "Gather",
          "Parent Relationship": "Outer",
          "Parallel Aware": false,
          "Startup Cost": 405956.29,
          "Total Cost": 405956.9,
          "Plan Rows": 6,
          "Plan Width": 8,
          "Actual Startup Time": 2012.355,
          "Actual Total Time": 2075.09,
          "Actual Rows": 7,
          "Actual Loops": 1,
          "Workers Planned": 6,
          "Workers Launched": 6,
          "Single Copy": false,
          "Plans": [
            {
              "Node Type": "Aggregate",
              "Strategy": "Plain",
              "Partial Mode": "Partial",
              "Parent Relationship": "Outer",
              "Parallel Aware": false,
              "Startup Cost": 404956.29,
              "Total Cost": 404956.3,
              "Plan Rows": 1,
              "Plan Width": 8,
              "Actual Startup Time": 1986.69,
              "Actual Total Time": 1986.694,
              "Actual Rows": 1,
              "Actual Loops": 7,
              "Plans": [
                {
                  "Node Type": "Hash Join",
                  "Parent Relationship": "Outer",
                  "Parallel Aware": true,
                  "Join Type": "Inner",
                  "Startup Cost": 50220.38,
                  "Total Cost": 399385.74,
                  "Plan Rows": 2228219,
                  "Plan Width": 0,
                  "Actual Startup Time": 627.278,
                  "Actual Total Time": 1887.262,
                  "Actual Rows": 2054923,
                  "Actual Loops": 7,
                  "Inner Unique": true,
                  "Hash Cond": "(ci.movie_id = t.id)",
                  "Plans": [
                    {
                      "Node Type": "Seq Scan",
                      "Parent Relationship": "Outer",
                      "Parallel Aware": true,
                      "Relation Name": "cast_info",
                      "Alias": "ci",
                      "Startup Cost": 0.0,
                      "Total Cost": 343316.27,
                      "Plan Rows": 2228219,
                      "Plan Width": 4,
                      "Actual Startup Time": 344.221,
                      "Actual Total Time": 698.22,
                      "Actual Rows": 2054923,
                      "Actual Loops": 7,
                      "Filter": "((person_id > 598675) AND (role_id > 2))",
                      "Rows Removed by Filter": 3122840
                    },
                    {
                      "Node Type": "Hash",
                      "Parent Relationship": "Inner",
                      "Parallel Aware": true,
                      "Startup Cost": 42319.06,
                      "Total Cost": 42319.06,
                      "Plan Rows": 632106,
                      "Plan Width": 4,
                      "Actual Startup Time": 275.324,
                      "Actual Total Time": 275.325,
                      "Actual Rows": 361187,
                      "Actual Loops": 7,
                      "Hash Buckets": 4194304,
                      "Original Hash Buckets": 4194304,
                      "Hash Batches": 1,
                      "Original Hash Batches": 1,
                      "Peak Memory Usage": 131840,
                      "Plans": [
                        {
                          "Node Type": "Seq Scan",
                          "Parent Relationship": "Outer",
                          "Parallel Aware": true,
                          "Relation Name": "title",
                          "Alias": "t",
                          "Startup Cost": 0.0,
                          "Total Cost": 42319.06,
                          "Plan Rows": 632106,
                          "Plan Width": 4,
                          "Actual Startup Time": 0.061,
                          "Actual Total Time": 80.64,
                          "Actual Rows": 361187,
                          "Actual Loops": 7
                        }
                      ]
                    }
                  ]
                }
              ]
            }
          ]
        }
      ]
    },
    "Planning Time": 0.71,
    "Triggers": [],
    "Execution Time": 2075.189
  }
]