[
  {
    "Plan": {
      "Node Type": "Aggregate",
      "Strategy": "Plain",
      "Partial Mode": "Finalize",
      "Parallel Aware": false,
      "Startup Cost": 45147.04,
      "Total Cost": 45147.05,
      "Plan Rows": 1,
      "Plan Width": 8,
      "Actual Startup Time": 147.747,
      "Actual Total Time": 160.121,
      "Actual Rows": 1,
      "Actual Loops": 1,
      "Plans": [
        {
          "Node Type": "Gather",
          "Parent Relationship": "Outer",
          "Parallel Aware": false,
          "Startup Cost": 45146.72,
          "Total Cost": 45147.03,
          "Plan Rows": 3,
          "Plan Width": 8,
          "Actual Startup Time": 147.613,
          "Actual Total Time": 160.111,
          "Actual Rows": 4,
          "Actual Loops": 1,
          "Workers Planned": 3,
          "Workers Launched": 3,
          "Single Copy": false,
          "Plans": [
            {
              "Node Type": "Aggregate",
              "Strategy": "Plain",
              "Partial Mode": "Partial",
              "Parent Relationship": "Outer",
              "Parallel Aware": false,
              "Startup Cost": 44146.72,
              "Total Cost": 44146.73,
              "Plan Rows": 1,
              "Plan Width": 8,
              "Actual Startup Time": 138.702,
              "Actual Total Time": 138.704,
              "Actual Rows": 1,
              "Actual Loops": 4,
              "Plans": [
                {
                  "Node Type": "Seq Scan",
                  "Parent Relationship": "Outer",
                  "Parallel Aware": true,
                  "Relation Name": "movie_keyword",
                  "Alias": "mk",
                  "Startup Cost": 0.0,
                  "Total Cost": 42695.65,
                  "Plan Rows": 580426,
                  "Plan Width": 0,
                  "Actual Startup Time": 1.135,
                  "Actual Total Time": 115.684,
                  "Actual Rows": 447278,
                  "Actual Loops": 4,
                  "Filter": "(keyword_id > 7770)",
                  "Rows Removed by Filter": 683704
                }
              ]
            }
          ]
        }
      ]
    },
    "Planning Time": 0.182,
    "Triggers": [],
    "Execution Time": 160.201
  }
]