{
  "Plan": {
    "Node Type": "Aggregate",
    "Strategy": "Plain",
    "Partial Mode": "Finalize",
    "Parallel Aware": false,
    "Startup Cost": 117117.68,
    "Total Cost": 117117.69,
    "Plan Rows": 1,
    "Plan Width": 8,
    "Actual Startup Time": 583.888,
    "Actual Total Time": 600.882,
    "Actual Rows": 1,
    "Actual Loops": 1,
    "Plans": [
      {
        "Node Type": "Gather",
        "Parent Relationship": "Outer",
        "Parallel Aware": false,
        "Startup Cost": 117117.57,
        "Total Cost": 117117.68,
        "Plan Rows": 1,
        "Plan Width": 8,
        "Actual Startup Time": 579.865,
        "Actual Total Time": 600.872,
        "Actual Rows": 2,
        "Actual Loops": 1,
        "Workers Planned": 1,
        "Workers Launched": 1,
        "Single Copy": false,
        "Plans": [
          {
            "Node Type": "Aggregate",
            "Strategy": "Plain",
            "Partial Mode": "Partial",
            "Parent Relationship": "Outer",
            "Parallel Aware": false,
            "Startup Cost": 116117.57,
            "Total Cost": 116117.58,
            "Plan Rows": 1,
            "Plan Width": 8,
            "Actual Startup Time": 572.121,
            "Actual Total Time": 572.125,
            "Actual Rows": 1,
            "Actual Loops": 2,
            "Plans": [
              {
                "Node Type": "Hash Join",
                "Parent Relationship": "Outer",
                "Parallel Aware": true,
                "Join Type": "Inner",
                "Startup Cost": 83524.07,
                "Total Cost": 115374.43,
                "Plan Rows": 297256,
                "Plan Width": 0,
                "Actual Startup Time": 402.193,
                "Actual Total Time": 569.51,
                "Actual Rows": 51545,
                "Actual Loops": 2,
                "Inner Unique": true,
                "Hash Cond": "(mk.movie_id = t.id)",
                "Plans": [
                  {
                    "Node Type": "Bitmap Heap Scan",
                    "Parent Relationship": "Outer",
                    "Parallel Aware": true,
                    "Relation Name": "movie_keyword",
                    "Alias": "mk",
                    "Startup Cost": 17635.21,
                    "Total Cost": 48201.9,
                    "Plan Rows": 489015,
                    "Plan Width": 4,
                    "Actual Startup Time": 42.161,
                    "Actual Total Time": 124.263,
                    "Actual Rows": 420830,
                    "Actual Loops": 2,
                    "Recheck Cond": "(keyword_id < 807)",
                    "Rows Removed by Index Recheck": 0,
                    "Exact Heap Blocks": 13564,
                    "Lossy Heap Blocks": 0,
                    "Plans": [
                      {
                        "Node Type": "Bitmap Index Scan",
                        "Parent Relationship": "Outer",
                        "Parallel Aware": false,
                        "Index Name": "keyword_id_movie_keyword",
                        "Startup Cost": 0.0,
                        "Total Cost": 17427.38,
                        "Plan Rows": 831326,
                        "Plan Width": 0,
                        "Actual Startup Time": 38.538,
                        "Actual Total Time": 38.539,
                        "Actual Rows": 841659,
                        "Actual Loops": 1,
                        "Index Cond": "(keyword_id < 807)"
                      }
                    ]
                  },
                  {
                    "Node Type": "Hash",
                    "Parent Relationship": "Inner",
                    "Parallel Aware": true,
                    "Startup Cost": 54588.39,
                    "Total Cost": 54588.39,
                    "Plan Rows": 904038,
                    "Plan Width": 4,
                    "Actual Startup Time": 345.647,
                    "Actual Total Time": 345.648,
                    "Actual Rows": 771632,
                    "Actual Loops": 2,
                    "Hash Buckets": 2097152,
                    "Original Hash Buckets": 2097152,
                    "Hash Batches": 1,
                    "Original Hash Batches": 1,
                    "Peak Memory Usage": 76800,
                    "Plans": [
                      {
                        "Node Type": "Seq Scan",
                        "Parent Relationship": "Outer",
                        "Parallel Aware": true,
                        "Relation Name": "title",
                        "Alias": "t",
                        "Startup Cost": 0.0,
                        "Total Cost": 54588.39,
                        "Plan Rows": 904038,
                        "Plan Width": 4,
                        "Actual Startup Time": 0.027,
                        "Actual Total Time": 156.282,
                        "Actual Rows": 771632,
                        "Actual Loops": 2,
                        "Filter": "(kind_id = 7)",
                        "Rows Removed by Filter": 492524
                      }
                    ]
                  }
                ]
              }
            ]
          }
        ]
      }
    ]
  },
  "Planning Time": 0.674,
  "Triggers": [],
  "Execution Time": 600.97
}