{
  "Plan": {
    "Node Type": "Aggregate",
    "Strategy": "Plain",
    "Partial Mode": "Finalize",
    "Parallel Aware": false,
    "Startup Cost": 614559.41,
    "Total Cost": 614559.42,
    "Plan Rows": 1,
    "Plan Width": 8,
    "Actual Startup Time": 3622.431,
    "Actual Total Time": 3675.52,
    "Actual Rows": 1,
    "Actual Loops": 1,
    "Plans": [
      {
        "Node Type": "Gather",
        "Parent Relationship": "Outer",
        "Parallel Aware": false,
        "Startup Cost": 614559.3,
        "Total Cost": 614559.41,
        "Plan Rows": 1,
        "Plan Width": 8,
        "Actual Startup Time": 3621.851,
        "Actual Total Time": 3675.51,
        "Actual Rows": 2,
        "Actual Loops": 1,
        "Workers Planned": 1,
        "Workers Launched": 1,
        "Single Copy": false,
        "Plans": [
          {
            "Node Type": "Aggregate",
            "Strategy": "Plain",
            "Partial Mode": "Partial",
            "Parent Relationship": "Outer",
            "Parallel Aware": false,
            "Startup Cost": 613559.3,
            "Total Cost": 613559.31,
            "Plan Rows": 1,
            "Plan Width": 8,
            "Actual Startup Time": 3616.149,
            "Actual Total Time": 3616.153,
            "Actual Rows": 1,
            "Actual Loops": 2,
            "Plans": [
              {
                "Node Type": "Hash Join",
                "Parent Relationship": "Outer",
                "Parallel Aware": true,
                "Join Type": "Inner",
                "Startup Cost": 55708.63,
                "Total Cost": 611454.47,
                "Plan Rows": 841933,
                "Plan Width": 0,
                "Actual Startup Time": 794.085,
                "Actual Total Time": 3598.594,
                "Actual Rows": 367492,
                "Actual Loops": 2,
                "Inner Unique": true,
                "Hash Cond": "(ci.movie_id = t.id)",
                "Plans": [
                  {
                    "Node Type": "Seq Scan",
                    "Parent Relationship": "Outer",
                    "Parallel Aware": true,
                    "Relation Name": "cast_info",
                    "Alias": "ci",
                    "Startup Cost": 0.0,
                    "Total Cost": 519069.44,
                    "Plan Rows": 13971936,
                    "Plan Width": 4,
                    "Actual Startup Time": 606.24,
                    "Actual Total Time": 1998.166,
                    "Actual Rows": 11786828,
                    "Actual Loops": 2,
                    "Filter": "(role_id > 1)",
                    "Rows Removed by Filter": 6335344
                  },
                  {
                    "Node Type": "Hash",
                    "Parent Relationship": "Inner",
                    "Parallel Aware": true,
                    "Startup Cost": 54588.39,
                    "Total Cost": 54588.39,
                    "Plan Rows": 89619,
                    "Plan Width": 4,
                    "Actual Startup Time": 183.875,
                    "Actual Total Time": 183.876,
                    "Actual Rows": 78748,
                    "Actual Loops": 2,
                    "Hash Buckets": 262144,
                    "Original Hash Buckets": 262144,
                    "Hash Batches": 1,
                    "Original Hash Batches": 1,
                    "Peak Memory Usage": 8256,
                    "Plans": [
                      {
                        "Node Type": "Seq Scan",
                        "Parent Relationship": "Outer",
                        "Parallel Aware": true,
                        "Relation Name": "title",
                        "Alias": "t",
                        "Startup Cost": 0.0,
                        "Total Cost": 54588.39,
                        "Plan Rows": 89619,
                        "Plan Width": 4,
                        "Actual Startup Time": 2.186,
                        "Actual Total Time": 158.644,
                        "Actual Rows": 78748,
                        "Actual Loops": 2,
                        "Filter": "(production_year < 1948)",
                        "Rows Removed by Filter": 1185408
                      }
                    ]
                  }
                ]
              }
            ]
          }
        ]
      }
    ]
  },
  "Planning Time": 0.537,
  "Triggers": [],
  "Execution Time": 3675.605
}