{
  "Plan": {
    "Node Type": "Aggregate",
    "Strategy": "Plain",
    "Partial Mode": "Finalize",
    "Parallel Aware": false,
    "Startup Cost": 166265.25,
    "Total Cost": 166265.26,
    "Plan Rows": 1,
    "Plan Width": 8,
    "Actual Startup Time": 557.265,
    "Actual Total Time": 596.245,
    "Actual Rows": 1,
    "Actual Loops": 1,
    "Plans": [
      {
        "Node Type": "Gather",
        "Parent Relationship": "Outer",
        "Parallel Aware": false,
        "Startup Cost": 166265.14,
        "Total Cost": 166265.25,
        "Plan Rows": 1,
        "Plan Width": 8,
        "Actual Startup Time": 556.648,
        "Actual Total Time": 596.238,
        "Actual Rows": 2,
        "Actual Loops": 1,
        "Workers Planned": 1,
        "Workers Launched": 1,
        "Single Copy": false,
        "Plans": [
          {
            "Node Type": "Aggregate",
            "Strategy": "Plain",
            "Partial Mode": "Partial",
            "Parent Relationship": "Outer",
            "Parallel Aware": false,
            "Startup Cost": 165265.14,
            "Total Cost": 165265.15,
            "Plan Rows": 1,
            "Plan Width": 8,
            "Actual Startup Time": 550.362,
            "Actual Total Time": 550.366,
            "Actual Rows": 1,
            "Actual Loops": 2,
            "Plans": [
              {
                "Node Type": "Nested Loop",
                "Parent Relationship": "Outer",
                "Parallel Aware": false,
                "Join Type": "Inner",
                "Startup Cost": 37603.35,
                "Total Cost": 164842.04,
                "Plan Rows": 169238,
                "Plan Width": 0,
                "Actual Startup Time": 106.916,
                "Actual Total Time": 520.711,
                "Actual Rows": 717015,
                "Actual Loops": 2,
                "Inner Unique": false,
                "Plans": [
                  {
                    "Node Type": "Hash Join",
                    "Parent Relationship": "Outer",
                    "Parallel Aware": true,
                    "Join Type": "Inner",
                    "Startup Cost": 37602.91,
                    "Total Cost": 81086.49,
                    "Plan Rows": 28943,
                    "Plan Width": 8,
                    "Actual Startup Time": 106.821,
                    "Actual Total Time": 213.803,
                    "Actual Rows": 6696,
                    "Actual Loops": 2,
                    "Inner Unique": false,
                    "Hash Cond": "(t.id = mc.movie_id)",
                    "Plans": [
                      {
                        "Node Type": "Bitmap Heap Scan",
                        "Parent Relationship": "Outer",
                        "Parallel Aware": true,
                        "Relation Name": "title",
                        "Alias": "t",
                        "Startup Cost": 11988.66,
                        "Total Cost": 52863.55,
                        "Plan Rows": 390151,
                        "Plan Width": 4,
                        "Actual Startup Time": 21.755,
                        "Actual Total Time": 65.772,
                        "Actual Rows": 331412,
                        "Actual Loops": 2,
                        "Recheck Cond": "(kind_id = 1)",
                        "Rows Removed by Index Recheck": 0,
                        "Exact Heap Blocks": 7422,
                        "Lossy Heap Blocks": 0,
                        "Plans": [
                          {
                            "Node Type": "Bitmap Index Scan",
                            "Parent Relationship": "Outer",
                            "Parallel Aware": false,
                            "Index Name": "kind_id_title",
                            "Startup Cost": 0.0,
                            "Total Cost": 11822.85,
                            "Plan Rows": 663256,
                            "Plan Width": 0,
                            "Actual Startup Time": 19.932,
                            "Actual Total Time": 19.933,
                            "Actual Rows": 662825,
                            "Actual Loops": 1,
                            "Index Cond": "(kind_id = 1)"
                          }
                        ]
                      },
                      {
                        "Node Type": "Hash",
                        "Parent Relationship": "Inner",
                        "Parallel Aware": true,
                        "Startup Cost": 24235.14,
                        "Total Cost": 24235.14,
                        "Plan Rows": 110329,
                        "Plan Width": 4,
                        "Actual Startup Time": 81.055,
                        "Actual Total Time": 81.056,
                        "Actual Rows": 93022,
                        "Actual Loops": 2,
                        "Hash Buckets": 262144,
                        "Original Hash Buckets": 262144,
                        "Hash Batches": 1,
                        "Original Hash Batches": 1,
                        "Peak Memory Usage": 9344,
                        "Plans": [
                          {
                            "Node Type": "Bitmap Heap Scan",
                            "Parent Relationship": "Outer",
                            "Parallel Aware": true,
                            "Relation Name": "movie_companies",
                            "Alias": "mc",
                            "Startup Cost": 4066.02,
                            "Total Cost": 24235.14,
                            "Plan Rows": 110329,
                            "Plan Width": 4,
                            "Actual Startup Time": 21.727,
                            "Actual Total Time": 60.617,
                            "Actual Rows": 93022,
                            "Actual Loops": 2,
                            "Recheck Cond": "(company_id < 49)",
                            "Rows Removed by Index Recheck": 0,
                            "Exact Heap Blocks": 10953,
                            "Lossy Heap Blocks": 0,
                            "Plans": [
                              {
                                "Node Type": "Bitmap Index Scan",
                                "Parent Relationship": "Outer",
                                "Parallel Aware": false,
                                "Index Name": "company_id_movie_companies",
                                "Startup Cost": 0.0,
                                "Total Cost": 4019.13,
                                "Plan Rows": 187560,
                                "Plan Width": 0,
                                "Actual Startup Time": 20.738,
                                "Actual Total Time": 20.738,
                                "Actual Rows": 186044,
                                "Actual Loops": 1,
                                "Index Cond": "(company_id < 49)"
                              }
                            ]
                          }
                        ]
                      }
                    ]
                  },
                  {
                    "Node Type": "Index Only Scan",
                    "Parent Relationship": "Inner",
                    "Parallel Aware": false,
                    "Scan Direction": "Forward",
                    "Index Name": "movie_id_movie_info",
                    "Relation Name": "movie_info",
                    "Alias": "mi",
                    "Startup Cost": 0.43,
                    "Total Cost": 2.47,
                    "Plan Rows": 42,
                    "Plan Width": 4,
                    "Actual Startup Time": 0.008,
                    "Actual Total Time": 0.038,
                    "Actual Rows": 107,
                    "Actual Loops": 13393,
                    "Index Cond": "(movie_id = t.id)",
                    "Rows Removed by Index Recheck": 0,
                    "Heap Fetches": 1434030
                  }
                ]
              }
            ]
          }
        ]
      }
    ]
  },
  "Planning Time": 1.095,
  "Triggers": [],
  "Execution Time": 596.37
}