[
  {
    "Plan": {
      "Node Type": "Aggregate",
      "Strategy": "Plain",
      "Partial Mode": "Finalize",
      "Parallel Aware": false,
      "Startup Cost": 97290.74,
      "Total Cost": 97290.75,
      "Plan Rows": 1,
      "Plan Width": 8,
      "Actual Startup Time": 467.382,
      "Actual Total Time": 485.494,
      "Actual Rows": 1,
      "Actual Loops": 1,
      "Plans": [
        {
          "Node Type": "Gather",
          "Parent Relationship": "Outer",
          "Parallel Aware": false,
          "Startup Cost": 97290.42,
          "Total Cost": 97290.73,
          "Plan Rows": 3,
          "Plan Width": 8,
          "Actual Startup Time": 462.608,
          "Actual Total Time": 485.475,
          "Actual Rows": 4,
          "Actual Loops": 1,
          "Workers Planned": 3,
          "Workers Launched": 3,
          "Single Copy": false,
          "Plans": [
            {
              "Node Type": "Aggregate",
              "Strategy": "Plain",
              "Partial Mode": "Partial",
              "Parent Relationship": "Outer",
              "Parallel Aware": false,
              "Startup Cost": 96290.42,
              "Total Cost": 96290.43,
              "Plan Rows": 1,
              "Plan Width": 8,
              "Actual Startup Time": 456.966,
              "Actual Total Time": 457.151,
              "Actual Rows": 1,
              "Actual Loops": 4,
              "Plans": [
                {
                  "Node Type": "Hash Join",
                  "Parent Relationship": "Outer",
                  "Parallel Aware": true,
                  "Join Type": "Inner",
                  "Startup Cost": 48698.66,
                  "Total Cost": 94921.75,
                  "Plan Rows": 547469,
                  "Plan Width": 0,
                  "Actual Startup Time": 238.226,
                  "Actual Total Time": 452.551,
                  "Actual Rows": 105009,
                  "Actual Loops": 4,
                  "Inner Unique": true,
                  "Hash Cond": "(mk.movie_id = t.id)",
                  "Plans": [
                    {
                      "Node Type": "Seq Scan",
                      "Parent Relationship": "Outer",
                      "Parallel Aware": true,
                      "Relation Name": "movie_keyword",
                      "Alias": "mk",
                      "Startup Cost": 0.0,
                      "Total Cost": 42695.65,
                      "Plan Rows": 1343781,
                      "Plan Width": 4,
                      "Actual Startup Time": 0.035,
                      "Actual Total Time": 114.727,
                      "Actual Rows": 1041203,
                      "Actual Loops": 4,
                      "Filter": "(keyword_id > 319)",
                      "Rows Removed by Filter": 89780
                    },
                    {
                      "Node Type": "Hash",
                      "Parent Relationship": "Inner",
                      "Parallel Aware": true,
                      "Startup Cost": 45479.59,
                      "Total Cost": 45479.59,
                      "Plan Rows": 257526,
                      "Plan Width": 4,
                      "Actual Startup Time": 235.297,
                      "Actual Total Time": 235.298,
                      "Actual Rows": 279495,
                      "Actual Loops": 4,
                      "Hash Buckets": 2097152,
                      "Original Hash Buckets": 1048576,
                      "Hash Batches": 1,
                      "Original Hash Batches": 1,
                      "Peak Memory Usage": 68352,
                      "Plans": [
                        {
                          "Node Type": "Seq Scan",
                          "Parent Relationship": "Outer",
                          "Parallel Aware": true,
                          "Relation Name": "title",
                          "Alias": "t",
                          "Startup Cost": 0.0,
                          "Total Cost": 45479.59,
                          "Plan Rows": 257526,
                          "Plan Width": 4,
                          "Actual Startup Time": 0.036,
                          "Actual Total Time": 108.65,
                          "Actual Rows": 279495,
                          "Actual Loops": 4,
                          "Filter": "((production_year > 1993) AND (kind_id = 7))",
                          "Rows Removed by Filter": 352583
                        }
                      ]
                    }
                  ]
                }
              ]
            }
          ]
        }
      ]
    },
    "Planning Time": 0.229,
    "Triggers": [],
    "Execution Time": 485.54
  }
]