[
  {
    "Plan": {
      "Node Type": "Aggregate",
      "Strategy": "Plain",
      "Partial Mode": "Finalize",
      "Parallel Aware": false,
      "Startup Cost": 90961.35,
      "Total Cost": 90961.36,
      "Plan Rows": 1,
      "Plan Width": 8,
      "Actual Startup Time": 261.863,
      "Actual Total Time": 277.992,
      "Actual Rows": 1,
      "Actual Loops": 1,
      "Plans": [
        {
          "Node Type": "Gather",
          "Parent Relationship": "Outer",
          "Parallel Aware": false,
          "Startup Cost": 90961.03,
          "Total Cost": 90961.34,
          "Plan Rows": 3,
          "Plan Width": 8,
          "Actual Startup Time": 261.537,
          "Actual Total Time": 277.984,
          "Actual Rows": 4,
          "Actual Loops": 1,
          "Workers Planned": 3,
          "Workers Launched": 3,
          "Single Copy": false,
          "Plans": [
            {
              "Node Type": "Aggregate",
              "Strategy": "Plain",
              "Partial Mode": "Partial",
              "Parent Relationship": "Outer",
              "Parallel Aware": false,
              "Startup Cost": 89961.03,
              "Total Cost": 89961.04,
              "Plan Rows": 1,
              "Plan Width": 8,
              "Actual Startup Time": 253.302,
              "Actual Total Time": 253.305,
              "Actual Rows": 1,
              "Actual Loops": 4,
              "Plans": [
                {
                  "Node Type": "Hash Join",
                  "Parent Relationship": "Outer",
                  "Parallel Aware": true,
                  "Join Type": "Inner",
                  "Startup Cost": 44104.87,
                  "Total Cost": 89884.47,
                  "Plan Rows": 30624,
                  "Plan Width": 0,
                  "Actual Startup Time": 95.682,
                  "Actual Total Time": 252.928,
                  "Actual Rows": 7468,
                  "Actual Loops": 4,
                  "Inner Unique": true,
                  "Hash Cond": "(mk.movie_id = t.id)",
                  "Plans": [
                    {
                      "Node Type": "Seq Scan",
                      "Parent Relationship": "Outer",
                      "Parallel Aware": true,
                      "Relation Name": "movie_keyword",
                      "Alias": "mk",
                      "Startup Cost": 0.0,
                      "Total Cost": 42695.65,
                      "Plan Rows": 1174839,
                      "Plan Width": 4,
                      "Actual Startup Time": 0.025,
                      "Actual Total Time": 102.958,
                      "Actual Rows": 911195,
                      "Actual Loops": 4,
                      "Filter": "(keyword_id < 20982)",
                      "Rows Removed by Filter": 219788
                    },
                    {
                      "Node Type": "Hash",
                      "Parent Relationship": "Inner",
                      "Parallel Aware": true,
                      "Startup Cost": 43898.92,
                      "Total Cost": 43898.92,
                      "Plan Rows": 16476,
                      "Plan Width": 4,
                      "Actual Startup Time": 93.559,
                      "Actual Total Time": 93.56,
                      "Actual Rows": 15957,
                      "Actual Loops": 4,
                      "Hash Buckets": 131072,
                      "Original Hash Buckets": 131072,
                      "Hash Batches": 1,
                      "Original Hash Batches": 1,
                      "Peak Memory Usage": 3584,
                      "Plans": [
                        {
                          "Node Type": "Seq Scan",
                          "Parent Relationship": "Outer",
                          "Parallel Aware": true,
                          "Relation Name": "title",
                          "Alias": "t",
                          "Startup Cost": 0.0,
                          "Total Cost": 43898.92,
                          "Plan Rows": 16476,
                          "Plan Width": 4,
                          "Actual Startup Time": 0.056,
                          "Actual Total Time": 87.093,
                          "Actual Rows": 15957,
                          "Actual Loops": 4,
                          "Filter": "(production_year = 2013)",
                          "Rows Removed by Filter": 616121
                        }
                      ]
                    }
                  ]
                }
              ]
            }
          ]
        }
      ]
    },
    "Planning Time": 0.65,
    "Triggers": [],
    "Execution Time": 278.069
  }
]