[
  {
    "Plan": {
      "Node Type": "Aggregate",
      "Strategy": "Plain",
      "Partial Mode": "Finalize",
      "Parallel Aware": false,
      "Startup Cost": 46159.34,
      "Total Cost": 46159.35,
      "Plan Rows": 1,
      "Plan Width": 8,
      "Actual Startup Time": 205.643,
      "Actual Total Time": 219.237,
      "Actual Rows": 1,
      "Actual Loops": 1,
      "Plans": [
        {
          "Node Type": "Gather",
          "Parent Relationship": "Outer",
          "Parallel Aware": false,
          "Startup Cost": 46159.02,
          "Total Cost": 46159.33,
          "Plan Rows": 3,
          "Plan Width": 8,
          "Actual Startup Time": 205.535,
          "Actual Total Time": 219.229,
          "Actual Rows": 4,
          "Actual Loops": 1,
          "Workers Planned": 3,
          "Workers Launched": 3,
          "Single Copy": false,
          "Plans": [
            {
              "Node Type": "Aggregate",
              "Strategy": "Plain",
              "Partial Mode": "Partial",
              "Parent Relationship": "Outer",
              "Parallel Aware": false,
              "Startup Cost": 45159.02,
              "Total Cost": 45159.03,
              "Plan Rows": 1,
              "Plan Width": 8,
              "Actual Startup Time": 197.22,
              "Actual Total Time": 197.222,
              "Actual Rows": 1,
              "Actual Loops": 4,
              "Plans": [
                {
                  "Node Type": "Seq Scan",
                  "Parent Relationship": "Outer",
                  "Parallel Aware": true,
                  "Relation Name": "movie_keyword",
                  "Alias": "mk",
                  "Startup Cost": 0.0,
                  "Total Cost": 42695.65,
                  "Plan Rows": 985347,
                  "Plan Width": 0,
                  "Actual Startup Time": 0.332,
                  "Actual Total Time": 150.121,
                  "Actual Rows": 759893,
                  "Actual Loops": 4,
                  "Filter": "(keyword_id > 2123)",
                  "Rows Removed by Filter": 371089
                }
              ]
            }
          ]
        }
      ]
    },
    "Planning Time": 0.161,
    "Triggers": [],
    "Execution Time": 219.288
  }
]