[
  {
    "Plan": {
      "Node Type": "Aggregate",
      "Strategy": "Plain",
      "Partial Mode": "Finalize",
      "Parallel Aware": false,
      "Startup Cost": 354046.29,
      "Total Cost": 354046.3,
      "Plan Rows": 1,
      "Plan Width": 8,
      "Actual Startup Time": 1012.921,
      "Actual Total Time": 1061.508,
      "Actual Rows": 1,
      "Actual Loops": 1,
      "Plans": [
        {
          "Node Type": "Gather",
          "Parent Relationship": "Outer",
          "Parallel Aware": false,
          "Startup Cost": 354045.66,
          "Total Cost": 354046.27,
          "Plan Rows": 6,
          "Plan Width": 8,
          "Actual Startup Time": 1012.717,
          "Actual Total Time": 1061.491,
          "Actual Rows": 7,
          "Actual Loops": 1,
          "Workers Planned": 6,
          "Workers Launched": 6,
          "Single Copy": false,
          "Plans": [
            {
              "Node Type": "Aggregate",
              "Strategy": "Plain",
              "Partial Mode": "Partial",
              "Parent Relationship": "Outer",
              "Parallel Aware": false,
              "Startup Cost": 353045.66,
              "Total Cost": 353045.67,
              "Plan Rows": 1,
              "Plan Width": 8,
              "Actual Startup Time": 1005.335,
              "Actual Total Time": 1005.336,
              "Actual Rows": 1,
              "Actual Loops": 7,
              "Plans": [
                {
                  "Node Type": "Seq Scan",
                  "Parent Relationship": "Outer",
                  "Parallel Aware": true,
                  "Relation Name": "cast_info",
                  "Alias": "ci",
                  "Startup Cost": 0.0,
                  "Total Cost": 343316.27,
                  "Plan Rows": 3891756,
                  "Plan Width": 0,
                  "Actual Startup Time": 258.391,
                  "Actual Total Time": 817.71,
                  "Actual Rows": 3327279,
                  "Actual Loops": 7,
                  "Filter": "((person_id < 4011455) AND (role_id > 1))",
                  "Rows Removed by Filter": 1850484
                }
              ]
            }
          ]
        }
      ]
    },
    "Planning Time": 0.361,
    "Triggers": [],
    "Execution Time": 1061.581
  }
]