{
  "Plan": {
    "Node Type": "Aggregate",
    "Strategy": "Plain",
    "Partial Mode": "Finalize",
    "Parallel Aware": false,
    "Startup Cost": 346048.76,
    "Total Cost": 346048.77,
    "Plan Rows": 1,
    "Plan Width": 8,
    "Actual Startup Time": 2011.738,
    "Actual Total Time": 2044.076,
    "Actual Rows": 1,
    "Actual Loops": 1,
    "Plans": [
      {
        "Node Type": "Gather",
        "Parent Relationship": "Outer",
        "Parallel Aware": false,
        "Startup Cost": 346048.65,
        "Total Cost": 346048.76,
        "Plan Rows": 1,
        "Plan Width": 8,
        "Actual Startup Time": 2009.091,
        "Actual Total Time": 2044.066,
        "Actual Rows": 2,
        "Actual Loops": 1,
        "Workers Planned": 1,
        "Workers Launched": 1,
        "Single Copy": false,
        "Plans": [
          {
            "Node Type": "Aggregate",
            "Strategy": "Plain",
            "Partial Mode": "Partial",
            "Parent Relationship": "Outer",
            "Parallel Aware": false,
            "Startup Cost": 345048.65,
            "Total Cost": 345048.66,
            "Plan Rows": 1,
            "Plan Width": 8,
            "Actual Startup Time": 2005.298,
            "Actual Total Time": 2005.939,
            "Actual Rows": 1,
            "Actual Loops": 2,
            "Plans": [
              {
                "Node Type": "Hash Join",
                "Parent Relationship": "Outer",
                "Parallel Aware": true,
                "Join Type": "Inner",
                "Startup Cost": 97584.31,
                "Total Cost": 344711.34,
                "Plan Rows": 134923,
                "Plan Width": 0,
                "Actual Startup Time": 584.395,
                "Actual Total Time": 1959.199,
                "Actual Rows": 885369,
                "Actual Loops": 2,
                "Inner Unique": false,
                "Hash Cond": "(ci.movie_id = t.id)",
                "Plans": [
                  {
                    "Node Type": "Index Scan",
                    "Parent Relationship": "Outer",
                    "Parallel Aware": true,
                    "Scan Direction": "Forward",
                    "Index Name": "role_id_cast_info",
                    "Relation Name": "cast_info",
                    "Alias": "ci",
                    "Startup Cost": 0.56,
                    "Total Cost": 239596.07,
                    "Plan Rows": 1796767,
                    "Plan Width": 4,
                    "Actual Startup Time": 0.093,
                    "Actual Total Time": 681.519,
                    "Actual Rows": 2729187,
                    "Actual Loops": 2,
                    "Index Cond": "(role_id > 7)",
                    "Rows Removed by Index Recheck": 0,
                    "Filter": "(person_id > 2169468)",
                    "Rows Removed by Filter": 988932
                  },
                  {
                    "Node Type": "Hash",
                    "Parent Relationship": "Inner",
                    "Parallel Aware": true,
                    "Startup Cost": 96187.75,
                    "Total Cost": 96187.75,
                    "Plan Rows": 111679,
                    "Plan Width": 8,
                    "Actual Startup Time": 580.87,
                    "Actual Total Time": 581.51,
                    "Actual Rows": 192943,
                    "Actual Loops": 2,
                    "Hash Buckets": 524288,
                    "Original Hash Buckets": 262144,
                    "Hash Batches": 1,
                    "Original Hash Batches": 1,
                    "Peak Memory Usage": 21280,
                    "Plans": [
                      {
                        "Node Type": "Hash Join",
                        "Parent Relationship": "Outer",
                        "Parallel Aware": true,
                        "Join Type": "Inner",
                        "Startup Cost": 31904.77,
                        "Total Cost": 96187.75,
                        "Plan Rows": 111679,
                        "Plan Width": 8,
                        "Actual Startup Time": 134.671,
                        "Actual Total Time": 532.16,
                        "Actual Rows": 192943,
                        "Actual Loops": 2,
                        "Inner Unique": false,
                        "Hash Cond": "(t.id = mc.movie_id)",
                        "Plans": [
                          {
                            "Node Type": "Seq Scan",
                            "Parent Relationship": "Outer",
                            "Parallel Aware": true,
                            "Relation Name": "title",
                            "Alias": "t",
                            "Startup Cost": 0.0,
                            "Total Cost": 54588.39,
                            "Plan Rows": 1446024,
                            "Plan Width": 4,
                            "Actual Startup Time": 0.013,
                            "Actual Total Time": 157.858,
                            "Actual Rows": 1228109,
                            "Actual Loops": 2,
                            "Filter": "(production_year > 0)",
                            "Rows Removed by Filter": 36047
                          },
                          {
                            "Node Type": "Hash",
                            "Parent Relationship": "Inner",
                            "Parallel Aware": true,
                            "Startup Cost": 30469.0,
                            "Total Cost": 30469.0,
                            "Plan Rows": 114862,
                            "Plan Width": 4,
                            "Actual Startup Time": 123.763,
                            "Actual Total Time": 123.765,
                            "Actual Rows": 195712,
                            "Actual Loops": 2,
                            "Hash Buckets": 524288,
                            "Original Hash Buckets": 262144,
                            "Hash Batches": 1,
                            "Original Hash Batches": 1,
                            "Peak Memory Usage": 21504,
                            "Plans": [
                              {
                                "Node Type": "Bitmap Heap Scan",
                                "Parent Relationship": "Outer",
                                "Parallel Aware": true,
                                "Relation Name": "movie_companies",
                                "Alias": "mc",
                                "Startup Cost": 8285.62,
                                "Total Cost": 30469.0,
                                "Plan Rows": 114862,
                                "Plan Width": 4,
                                "Actual Startup Time": 33.25,
                                "Actual Total Time": 77.906,
                                "Actual Rows": 195712,
                                "Actual Loops": 2,
                                "Recheck Cond": "(company_id > 83149)",
                                "Rows Removed by Index Recheck": 0,
                                "Filter": "(company_type_id > 1)",
                                "Rows Removed by Filter": 0,
                                "Exact Heap Blocks": 4023,
                                "Lossy Heap Blocks": 0,
                                "Plans": [
                                  {
                                    "Node Type": "Bitmap Index Scan",
                                    "Parent Relationship": "Outer",
                                    "Parallel Aware": false,
                                    "Index Name": "company_id_movie_companies",
                                    "Startup Cost": 0.0,
                                    "Total Cost": 8236.8,
                                    "Plan Rows": 384583,
                                    "Plan Width": 0,
                                    "Actual Startup Time": 32.168,
                                    "Actual Total Time": 32.168,
                                    "Actual Rows": 391424,
                                    "Actual Loops": 1,
                                    "Index Cond": "(company_id > 83149)"
                                  }
                                ]
                              }
                            ]
                          }
                        ]
                      }
                    ]
                  }
                ]
              }
            ]
          }
        ]
      }
    ]
  },
  "Planning Time": 0.775,
  "Triggers": [],
  "Execution Time": 2044.176
}