[
  {
    "Plan": {
      "Node Type": "Aggregate",
      "Strategy": "Plain",
      "Partial Mode": "Finalize",
      "Parallel Aware": false,
      "Startup Cost": 90347.33,
      "Total Cost": 90347.34,
      "Plan Rows": 1,
      "Plan Width": 8,
      "Actual Startup Time": 212.826,
      "Actual Total Time": 227.918,
      "Actual Rows": 1,
      "Actual Loops": 1,
      "Plans": [
        {
          "Node Type": "Gather",
          "Parent Relationship": "Outer",
          "Parallel Aware": false,
          "Startup Cost": 90347.02,
          "Total Cost": 90347.33,
          "Plan Rows": 3,
          "Plan Width": 8,
          "Actual Startup Time": 212.542,
          "Actual Total Time": 227.911,
          "Actual Rows": 4,
          "Actual Loops": 1,
          "Workers Planned": 3,
          "Workers Launched": 3,
          "Single Copy": false,
          "Plans": [
            {
              "Node Type": "Aggregate",
              "Strategy": "Plain",
              "Partial Mode": "Partial",
              "Parent Relationship": "Outer",
              "Parallel Aware": false,
              "Startup Cost": 89347.02,
              "Total Cost": 89347.03,
              "Plan Rows": 1,
              "Plan Width": 8,
              "Actual Startup Time": 206.081,
              "Actual Total Time": 206.086,
              "Actual Rows": 1,
              "Actual Loops": 4,
              "Plans": [
                {
                  "Node Type": "Hash Join",
                  "Parent Relationship": "Outer",
                  "Parallel Aware": true,
                  "Join Type": "Inner",
                  "Startup Cost": 45612.46,
                  "Total Cost": 89330.64,
                  "Plan Rows": 6551,
                  "Plan Width": 0,
                  "Actual Startup Time": 94.256,
                  "Actual Total Time": 205.708,
                  "Actual Rows": 7258,
                  "Actual Loops": 4,
                  "Inner Unique": true,
                  "Hash Cond": "(mk.movie_id = t.id)",
                  "Plans": [
                    {
                      "Node Type": "Seq Scan",
                      "Parent Relationship": "Outer",
                      "Parallel Aware": true,
                      "Relation Name": "movie_keyword",
                      "Alias": "mk",
                      "Startup Cost": 0.0,
                      "Total Cost": 42695.65,
                      "Plan Rows": 389533,
                      "Plan Width": 4,
                      "Actual Startup Time": 1.007,
                      "Actual Total Time": 89.261,
                      "Actual Rows": 302724,
                      "Actual Loops": 4,
                      "Filter": "(keyword_id > 15111)",
                      "Rows Removed by Filter": 828258
                    },
                    {
                      "Node Type": "Hash",
                      "Parent Relationship": "Inner",
                      "Parallel Aware": true,
                      "Startup Cost": 45479.59,
                      "Total Cost": 45479.59,
                      "Plan Rows": 10630,
                      "Plan Width": 4,
                      "Actual Startup Time": 92.467,
                      "Actual Total Time": 92.468,
                      "Actual Rows": 9402,
                      "Actual Loops": 4,
                      "Hash Buckets": 65536,
                      "Original Hash Buckets": 65536,
                      "Hash Batches": 1,
                      "Original Hash Batches": 1,
                      "Peak Memory Usage": 2016,
                      "Plans": [
                        {
                          "Node Type": "Seq Scan",
                          "Parent Relationship": "Outer",
                          "Parallel Aware": true,
                          "Relation Name": "title",
                          "Alias": "t",
                          "Startup Cost": 0.0,
                          "Total Cost": 45479.59,
                          "Plan Rows": 10630,
                          "Plan Width": 4,
                          "Actual Startup Time": 0.223,
                          "Actual Total Time": 88.678,
                          "Actual Rows": 9402,
                          "Actual Loops": 4,
                          "Filter": "((kind_id < 3) AND (production_year = 2010))",
                          "Rows Removed by Filter": 622676
                        }
                      ]
                    }
                  ]
                }
              ]
            }
          ]
        }
      ]
    },
    "Planning Time": 0.209,
    "Triggers": [],
    "Execution Time": 227.956
  }
]