[
  {
    "Plan": {
      "Node Type": "Aggregate",
      "Strategy": "Plain",
      "Partial Mode": "Finalize",
      "Parallel Aware": false,
      "Startup Cost": 275069.18,
      "Total Cost": 275069.19,
      "Plan Rows": 1,
      "Plan Width": 8,
      "Actual Startup Time": 2533.706,
      "Actual Total Time": 2625.398,
      "Actual Rows": 1,
      "Actual Loops": 1,
      "Plans": [
        {
          "Node Type": "Gather",
          "Parent Relationship": "Outer",
          "Parallel Aware": false,
          "Startup Cost": 275068.76,
          "Total Cost": 275069.17,
          "Plan Rows": 4,
          "Plan Width": 8,
          "Actual Startup Time": 2530.27,
          "Actual Total Time": 2625.387,
          "Actual Rows": 5,
          "Actual Loops": 1,
          "Workers Planned": 4,
          "Workers Launched": 4,
          "Single Copy": false,
          "Plans": [
            {
              "Node Type": "Aggregate",
              "Strategy": "Plain",
              "Partial Mode": "Partial",
              "Parent Relationship": "Outer",
              "Parallel Aware": false,
              "Startup Cost": 274068.76,
              "Total Cost": 274068.77,
              "Plan Rows": 1,
              "Plan Width": 8,
              "Actual Startup Time": 2521.093,
              "Actual Total Time": 2521.096,
              "Actual Rows": 1,
              "Actual Loops": 5,
              "Plans": [
                {
                  "Node Type": "Nested Loop",
                  "Parent Relationship": "Outer",
                  "Parallel Aware": false,
                  "Join Type": "Inner",
                  "Startup Cost": 29427.85,
                  "Total Cost": 270865.33,
                  "Plan Rows": 1281374,
                  "Plan Width": 0,
                  "Actual Startup Time": 101.777,
                  "Actual Total Time": 2431.258,
                  "Actual Rows": 2072282,
                  "Actual Loops": 5,
                  "Inner Unique": false,
                  "Plans": [
                    {
                      "Node Type": "Hash Join",
                      "Parent Relationship": "Outer",
                      "Parallel Aware": true,
                      "Join Type": "Inner",
                      "Startup Cost": 29427.28,
                      "Total Cost": 75194.85,
                      "Plan Rows": 89425,
                      "Plan Width": 8,
                      "Actual Startup Time": 101.678,
                      "Actual Total Time": 357.666,
                      "Actual Rows": 70299,
                      "Actual Loops": 5,
                      "Inner Unique": false,
                      "Hash Cond": "(t.id = mc.movie_id)",
                      "Plans": [
                        {
                          "Node Type": "Seq Scan",
                          "Parent Relationship": "Outer",
                          "Parallel Aware": true,
                          "Relation Name": "title",
                          "Alias": "t",
                          "Startup Cost": 0.0,
                          "Total Cost": 42318.73,
                          "Plan Rows": 632073,
                          "Plan Width": 4,
                          "Actual Startup Time": 0.016,
                          "Actual Total Time": 61.996,
                          "Actual Rows": 505662,
                          "Actual Loops": 5
                        },
                        {
                          "Node Type": "Hash",
                          "Parent Relationship": "Inner",
                          "Parallel Aware": true,
                          "Startup Cost": 27984.94,
                          "Total Cost": 27984.94,
                          "Plan Rows": 115387,
                          "Plan Width": 4,
                          "Actual Startup Time": 99.152,
                          "Actual Total Time": 99.154,
                          "Actual Rows": 70299,
                          "Actual Loops": 5,
                          "Hash Buckets": 524288,
                          "Original Hash Buckets": 524288,
                          "Hash Batches": 1,
                          "Original Hash Batches": 1,
                          "Peak Memory Usage": 17952,
                          "Plans": [
                            {
                              "Node Type": "Bitmap Heap Scan",
                              "Parent Relationship": "Outer",
                              "Parallel Aware": true,
                              "Relation Name": "movie_companies",
                              "Alias": "mc",
                              "Startup Cost": 7752.61,
                              "Total Cost": 27984.94,
                              "Plan Rows": 115387,
                              "Plan Width": 4,
                              "Actual Startup Time": 28.986,
                              "Actual Total Time": 70.926,
                              "Actual Rows": 70299,
                              "Actual Loops": 5,
                              "Recheck Cond": "(company_id < 169)",
                              "Rows Removed by Index Recheck": 0,
                              "Exact Heap Blocks": 6816,
                              "Lossy Heap Blocks": 0,
                              "Plans": [
                                {
                                  "Node Type": "Bitmap Index Scan",
                                  "Parent Relationship": "Outer",
                                  "Parallel Aware": false,
                                  "Index Name": "company_id_movie_companies",
                                  "Startup Cost": 0.0,
                                  "Total Cost": 7663.18,
                                  "Plan Rows": 357700,
                                  "Plan Width": 0,
                                  "Actual Startup Time": 25.565,
                                  "Actual Total Time": 25.566,
                                  "Actual Rows": 351495,
                                  "Actual Loops": 1,
                                  "Index Cond": "(company_id < 169)"
                                }
                              ]
                            }
                          ]
                        }
                      ]
                    },
                    {
                      "Node Type": "Index Only Scan",
                      "Parent Relationship": "Inner",
                      "Parallel Aware": false,
                      "Scan Direction": "Forward",
                      "Index Name": "movie_id_cast_info",
                      "Relation Name": "cast_info",
                      "Alias": "ci",
                      "Startup Cost": 0.56,
                      "Total Cost": 1.82,
                      "Plan Rows": 37,
                      "Plan Width": 4,
                      "Actual Startup Time": 0.005,
                      "Actual Total Time": 0.027,
                      "Actual Rows": 29,
                      "Actual Loops": 351495,
                      "Index Cond": "(movie_id = t.id)",
                      "Rows Removed by Index Recheck": 0,
                      "Heap Fetches": 10361411
                    }
                  ]
                }
              ]
            }
          ]
        }
      ]
    },
    "Planning Time": 1.404,
    "Triggers": [],
    "Execution Time": 2625.539
  }
]