[
  {
    "Plan": {
      "Node Type": "Aggregate",
      "Strategy": "Plain",
      "Partial Mode": "Finalize",
      "Parallel Aware": false,
      "Startup Cost": 45438.3,
      "Total Cost": 45438.31,
      "Plan Rows": 1,
      "Plan Width": 8,
      "Actual Startup Time": 173.262,
      "Actual Total Time": 183.152,
      "Actual Rows": 1,
      "Actual Loops": 1,
      "Plans": [
        {
          "Node Type": "Gather",
          "Parent Relationship": "Outer",
          "Parallel Aware": false,
          "Startup Cost": 45437.98,
          "Total Cost": 45438.29,
          "Plan Rows": 3,
          "Plan Width": 8,
          "Actual Startup Time": 173.123,
          "Actual Total Time": 183.142,
          "Actual Rows": 4,
          "Actual Loops": 1,
          "Workers Planned": 3,
          "Workers Launched": 3,
          "Single Copy": false,
          "Plans": [
            {
              "Node Type": "Aggregate",
              "Strategy": "Plain",
              "Partial Mode": "Partial",
              "Parent Relationship": "Outer",
              "Parallel Aware": false,
              "Startup Cost": 44437.98,
              "Total Cost": 44437.99,
              "Plan Rows": 1,
              "Plan Width": 8,
              "Actual Startup Time": 164.545,
              "Actual Total Time": 164.546,
              "Actual Rows": 1,
              "Actual Loops": 4,
              "Plans": [
                {
                  "Node Type": "Seq Scan",
                  "Parent Relationship": "Outer",
                  "Parallel Aware": true,
                  "Relation Name": "movie_keyword",
                  "Alias": "mk",
                  "Startup Cost": 0.0,
                  "Total Cost": 42695.65,
                  "Plan Rows": 696932,
                  "Plan Width": 0,
                  "Actual Startup Time": 0.064,
                  "Actual Total Time": 134.128,
                  "Actual Rows": 541087,
                  "Actual Loops": 4,
                  "Filter": "(keyword_id < 4157)",
                  "Rows Removed by Filter": 589896
                }
              ]
            }
          ]
        }
      ]
    },
    "Planning Time": 0.189,
    "Triggers": [],
    "Execution Time": 183.203
  }
]