{
  "Plan": {
    "Node Type": "Aggregate",
    "Strategy": "Plain",
    "Partial Mode": "Finalize",
    "Parallel Aware": false,
    "Startup Cost": 467952.08,
    "Total Cost": 467952.09,
    "Plan Rows": 1,
    "Plan Width": 8,
    "Actual Startup Time": 4889.727,
    "Actual Total Time": 4944.402,
    "Actual Rows": 1,
    "Actual Loops": 1,
    "Plans": [
      {
        "Node Type": "Gather",
        "Parent Relationship": "Outer",
        "Parallel Aware": false,
        "Startup Cost": 467951.96,
        "Total Cost": 467952.07,
        "Plan Rows": 1,
        "Plan Width": 8,
        "Actual Startup Time": 4881.822,
        "Actual Total Time": 4944.394,
        "Actual Rows": 2,
        "Actual Loops": 1,
        "Workers Planned": 1,
        "Workers Launched": 1,
        "Single Copy": false,
        "Plans": [
          {
            "Node Type": "Aggregate",
            "Strategy": "Plain",
            "Partial Mode": "Partial",
            "Parent Relationship": "Outer",
            "Parallel Aware": false,
            "Startup Cost": 466951.96,
            "Total Cost": 466951.97,
            "Plan Rows": 1,
            "Plan Width": 8,
            "Actual Startup Time": 4873.509,
            "Actual Total Time": 4873.515,
            "Actual Rows": 1,
            "Actual Loops": 2,
            "Plans": [
              {
                "Node Type": "Hash Join",
                "Parent Relationship": "Outer",
                "Parallel Aware": true,
                "Join Type": "Inner",
                "Startup Cost": 138316.24,
                "Total Cost": 457874.16,
                "Plan Rows": 3631121,
                "Plan Width": 0,
                "Actual Startup Time": 952.562,
                "Actual Total Time": 4060.548,
                "Actual Rows": 20930550,
                "Actual Loops": 2,
                "Inner Unique": false,
                "Hash Cond": "(mi.movie_id = t.id)",
                "Plans": [
                  {
                    "Node Type": "Seq Scan",
                    "Parent Relationship": "Outer",
                    "Parallel Aware": true,
                    "Relation Name": "movie_info",
                    "Alias": "mi",
                    "Startup Cost": 0.0,
                    "Total Cost": 270696.42,
                    "Plan Rows": 7333858,
                    "Plan Width": 4,
                    "Actual Startup Time": 0.019,
                    "Actual Total Time": 779.002,
                    "Actual Rows": 6300935,
                    "Actual Loops": 2,
                    "Filter": "(info_type_id < 17)",
                    "Rows Removed by Filter": 1116925
                  },
                  {
                    "Node Type": "Hash",
                    "Parent Relationship": "Inner",
                    "Parallel Aware": true,
                    "Startup Cost": 129111.82,
                    "Total Cost": 129111.82,
                    "Plan Rows": 736354,
                    "Plan Width": 8,
                    "Actual Startup Time": 937.176,
                    "Actual Total Time": 937.18,
                    "Actual Rows": 629619,
                    "Actual Loops": 2,
                    "Hash Buckets": 2097152,
                    "Original Hash Buckets": 2097152,
                    "Hash Batches": 1,
                    "Original Hash Batches": 1,
                    "Peak Memory Usage": 65664,
                    "Plans": [
                      {
                        "Node Type": "Hash Join",
                        "Parent Relationship": "Outer",
                        "Parallel Aware": true,
                        "Join Type": "Inner",
                        "Startup Cost": 69460.7,
                        "Total Cost": 129111.82,
                        "Plan Rows": 736354,
                        "Plan Width": 8,
                        "Actual Startup Time": 512.054,
                        "Actual Total Time": 813.912,
                        "Actual Rows": 629619,
                        "Actual Loops": 2,
                        "Inner Unique": true,
                        "Hash Cond": "(mk.movie_id = t.id)",
                        "Plans": [
                          {
                            "Node Type": "Seq Scan",
                            "Parent Relationship": "Outer",
                            "Parallel Aware": true,
                            "Relation Name": "movie_keyword",
                            "Alias": "mk",
                            "Startup Cost": 0.0,
                            "Total Cost": 57718.19,
                            "Plan Rows": 736354,
                            "Plan Width": 4,
                            "Actual Startup Time": 1.471,
                            "Actual Total Time": 168.379,
                            "Actual Rows": 629619,
                            "Actual Loops": 2,
                            "Filter": "(keyword_id > 14245)",
                            "Rows Removed by Filter": 1632346
                          },
                          {
                            "Node Type": "Hash",
                            "Parent Relationship": "Inner",
                            "Parallel Aware": true,
                            "Startup Cost": 50870.31,
                            "Total Cost": 50870.31,
                            "Plan Rows": 1487231,
                            "Plan Width": 4,
                            "Actual Startup Time": 496.79,
                            "Actual Total Time": 496.79,
                            "Actual Rows": 1264156,
                            "Actual Loops": 2,
                            "Hash Buckets": 4194304,
                            "Original Hash Buckets": 4194304,
                            "Hash Batches": 1,
                            "Original Hash Batches": 1,
                            "Peak Memory Usage": 131712,
                            "Plans": [
                              {
                                "Node Type": "Seq Scan",
                                "Parent Relationship": "Outer",
                                "Parallel Aware": true,
                                "Relation Name": "title",
                                "Alias": "t",
                                "Startup Cost": 0.0,
                                "Total Cost": 50870.31,
                                "Plan Rows": 1487231,
                                "Plan Width": 4,
                                "Actual Startup Time": 0.028,
                                "Actual Total Time": 150.72,
                                "Actual Rows": 1264156,
                                "Actual Loops": 2
                              }
                            ]
                          }
                        ]
                      }
                    ]
                  }
                ]
              }
            ]
          }
        ]
      }
    ]
  },
  "Planning Time": 0.998,
  "Triggers": [],
  "Execution Time": 4944.496
}