[
  {
    "Plan": {
      "Node Type": "Aggregate",
      "Strategy": "Plain",
      "Partial Mode": "Finalize",
      "Parallel Aware": false,
      "Startup Cost": 333802.14,
      "Total Cost": 333802.15,
      "Plan Rows": 1,
      "Plan Width": 8,
      "Actual Startup Time": 5999.065,
      "Actual Total Time": 6043.635,
      "Actual Rows": 1,
      "Actual Loops": 1,
      "Plans": [
        {
          "Node Type": "Gather",
          "Parent Relationship": "Outer",
          "Parallel Aware": false,
          "Startup Cost": 333801.61,
          "Total Cost": 333802.12,
          "Plan Rows": 5,
          "Plan Width": 8,
          "Actual Startup Time": 5976.176,
          "Actual Total Time": 6043.618,
          "Actual Rows": 6,
          "Actual Loops": 1,
          "Workers Planned": 5,
          "Workers Launched": 5,
          "Single Copy": false,
          "Plans": [
            {
              "Node Type": "Aggregate",
              "Strategy": "Plain",
              "Partial Mode": "Partial",
              "Parent Relationship": "Outer",
              "Parallel Aware": false,
              "Startup Cost": 332801.61,
              "Total Cost": 332801.62,
              "Plan Rows": 1,
              "Plan Width": 8,
              "Actual Startup Time": 5962.583,
              "Actual Total Time": 5963.395,
              "Actual Rows": 1,
              "Actual Loops": 6,
              "Plans": [
                {
                  "Node Type": "Hash Join",
                  "Parent Relationship": "Outer",
                  "Parallel Aware": true,
                  "Join Type": "Inner",
                  "Startup Cost": 106746.51,
                  "Total Cost": 322656.61,
                  "Plan Rows": 4058002,
                  "Plan Width": 0,
                  "Actual Startup Time": 955.033,
                  "Actual Total Time": 4371.154,
                  "Actual Rows": 30006644,
                  "Actual Loops": 6,
                  "Inner Unique": false,
                  "Hash Cond": "(mi.movie_id = t.id)",
                  "Plans": [
                    {
                      "Node Type": "Seq Scan",
                      "Parent Relationship": "Outer",
                      "Parallel Aware": true,
                      "Relation Name": "movie_info",
                      "Alias": "mi",
                      "Startup Cost": 0.0,
                      "Total Cost": 191685.19,
                      "Plan Rows": 2969219,
                      "Plan Width": 4,
                      "Actual Startup Time": 0.033,
                      "Actual Total Time": 342.037,
                      "Actual Rows": 2472620,
                      "Actual Loops": 6
                    },
                    {
                      "Node Type": "Hash",
                      "Parent Relationship": "Inner",
                      "Parallel Aware": true,
                      "Startup Cost": 92812.76,
                      "Total Cost": 92812.76,
                      "Plan Rows": 1114700,
                      "Plan Width": 8,
                      "Actual Startup Time": 948.658,
                      "Actual Total Time": 949.462,
                      "Actual Rows": 526001,
                      "Actual Loops": 6,
                      "Hash Buckets": 4194304,
                      "Original Hash Buckets": 4194304,
                      "Hash Batches": 1,
                      "Original Hash Batches": 1,
                      "Peak Memory Usage": 156320,
                      "Plans": [
                        {
                          "Node Type": "Hash Join",
                          "Parent Relationship": "Outer",
                          "Parallel Aware": true,
                          "Join Type": "Inner",
                          "Startup Cost": 49934.68,
                          "Total Cost": 92812.76,
                          "Plan Rows": 1114700,
                          "Plan Width": 8,
                          "Actual Startup Time": 266.74,
                          "Actual Total Time": 552.17,
                          "Actual Rows": 526001,
                          "Actual Loops": 6,
                          "Inner Unique": true,
                          "Hash Cond": "(mk.movie_id = t.id)",
                          "Plans": [
                            {
                              "Node Type": "Seq Scan",
                              "Parent Relationship": "Outer",
                              "Parallel Aware": true,
                              "Relation Name": "movie_keyword",
                              "Alias": "mk",
                              "Startup Cost": 0.0,
                              "Total Cost": 39047.32,
                              "Plan Rows": 1459332,
                              "Plan Width": 4,
                              "Actual Startup Time": 0.034,
                              "Actual Total Time": 96.511,
                              "Actual Rows": 753988,
                              "Actual Loops": 6
                            },
                            {
                              "Node Type": "Hash",
                              "Parent Relationship": "Inner",
                              "Parallel Aware": true,
                              "Startup Cost": 43899.32,
                              "Total Cost": 43899.32,
                              "Plan Rows": 482829,
                              "Plan Width": 4,
                              "Actual Startup Time": 264.311,
                              "Actual Total Time": 264.313,
                              "Actual Rows": 319671,
                              "Actual Loops": 6,
                              "Hash Buckets": 2097152,
                              "Original Hash Buckets": 2097152,
                              "Hash Batches": 1,
                              "Original Hash Batches": 1,
                              "Peak Memory Usage": 91520,
                              "Plans": [
                                {
                                  "Node Type": "Seq Scan",
                                  "Parent Relationship": "Outer",
                                  "Parallel Aware": true,
                                  "Relation Name": "title",
                                  "Alias": "t",
                                  "Startup Cost": 0.0,
                                  "Total Cost": 43899.32,
                                  "Plan Rows": 482829,
                                  "Plan Width": 4,
                                  "Actual Startup Time": 0.056,
                                  "Actual Total Time": 106.596,
                                  "Actual Rows": 319671,
                                  "Actual Loops": 6,
                                  "Filter": "(production_year > 1981)",
                                  "Rows Removed by Filter": 101714
                                }
                              ]
                            }
                          ]
                        }
                      ]
                    }
                  ]
                }
              ]
            }
          ]
        }
      ]
    },
    "Planning Time": 0.583,
    "Triggers": [],
    "Execution Time": 6043.69
  }
]