[
    {
        "Bao": {
            "Bao prediction": 327.64,
            "Bao recommended hint": "SET enable_nestloop TO off; "
        }
    },
    {
        "Plan": {
            "Node Type": "Aggregate",
            "Strategy": "Plain",
            "Partial Mode": "Simple",
            "Parallel Aware": false,
            "Startup Cost": 27058.74,
            "Total Cost": 27058.75,
            "Plan Rows": 1,
            "Plan Width": 96,
            "Actual Startup Time": 165.354,
            "Actual Total Time": 165.587,
            "Actual Rows": 1,
            "Actual Loops": 1,
            "Output": [
                "min(cn.name)",
                "min(mc.note)",
                "min(t.title)"
            ],
            "Plans": [
                {
                    "Node Type": "Hash Join",
                    "Parent Relationship": "Outer",
                    "Parallel Aware": false,
                    "Join Type": "Inner",
                    "Startup Cost": 23192.6,
                    "Total Cost": 27058.74,
                    "Plan Rows": 1,
                    "Plan Width": 60,
                    "Actual Startup Time": 158.811,
                    "Actual Total Time": 165.57,
                    "Actual Rows": 25,
                    "Actual Loops": 1,
                    "Output": [
                        "cn.name",
                        "mc.note",
                        "t.title"
                    ],
                    "Inner Unique": true,
                    "Hash Cond": "(ml.link_type_id = lt.id)",
                    "Plans": [
                        {
                            "Node Type": "Hash Join",
                            "Parent Relationship": "Outer",
                            "Parallel Aware": false,
                            "Join Type": "Inner",
                            "Startup Cost": 23191.19,
                            "Total Cost": 27057.33,
                            "Plan Rows": 1,
                            "Plan Width": 64,
                            "Actual Startup Time": 158.608,
                            "Actual Total Time": 165.36,
                            "Actual Rows": 25,
                            "Actual Loops": 1,
                            "Output": [
                                "cn.name",
                                "mc.note",
                                "ml.link_type_id",
                                "t.title"
                            ],
                            "Inner Unique": true,
                            "Hash Cond": "(mk.keyword_id = k.id)",
                            "Plans": [
                                {
                                    "Node Type": "Merge Join",
                                    "Parent Relationship": "Outer",
                                    "Parallel Aware": false,
                                    "Join Type": "Inner",
                                    "Startup Cost": 20397.32,
                                    "Total Cost": 24263.06,
                                    "Plan Rows": 150,
                                    "Plan Width": 68,
                                    "Actual Startup Time": 116.369,
                                    "Actual Total Time": 126.225,
                                    "Actual Rows": 6125,
                                    "Actual Loops": 1,
                                    "Output": [
                                        "cn.name",
                                        "mc.note",
                                        "mk.keyword_id",
                                        "ml.link_type_id",
                                        "t.title"
                                    ],
                                    "Inner Unique": false,
                                    "Merge Cond": "(mk.movie_id = ml.movie_id)",
                                    "Plans": [
                                        {
                                            "Node Type": "Index Scan",
                                            "Parent Relationship": "Outer",
                                            "Parallel Aware": false,
                                            "Scan Direction": "Forward",
                                            "Index Name": "movie_id_movie_keyword",
                                            "Relation Name": "movie_keyword",
                                            "Schema": "public",
                                            "Alias": "mk",
                                            "Startup Cost": 0.43,
                                            "Total Cost": 177175.68,
                                            "Plan Rows": 4523930,
                                            "Plan Width": 8,
                                            "Actual Startup Time": 0.023,
                                            "Actual Total Time": 11.001,
                                            "Actual Rows": 74214,
                                            "Actual Loops": 1,
                                            "Output": [
                                                "mk.id",
                                                "mk.movie_id",
                                                "mk.keyword_id"
                                            ]
                                        },
                                        {
                                            "Node Type": "Sort",
                                            "Parent Relationship": "Inner",
                                            "Parallel Aware": false,
                                            "Startup Cost": 20396.89,
                                            "Total Cost": 20396.89,
                                            "Plan Rows": 3,
                                            "Plan Width": 76,
                                            "Actual Startup Time": 109.066,
                                            "Actual Total Time": 109.556,
                                            "Actual Rows": 6116,
                                            "Actual Loops": 1,
                                            "Output": [
                                                "cn.name",
                                                "mc.note",
                                                "mc.movie_id",
                                                "ml.link_type_id",
                                                "ml.movie_id",
                                                "t.title",
                                                "t.id"
                                            ],
                                            "Sort Key": [
                                                "mc.movie_id"
                                            ],
                                            "Sort Method": "quicksort",
                                            "Sort Space Used": 55,
                                            "Sort Space Type": "Memory",
                                            "Plans": [
                                                {
                                                    "Node Type": "Gather",
                                                    "Parent Relationship": "Outer",
                                                    "Parallel Aware": false,
                                                    "Startup Cost": 6421.01,
                                                    "Total Cost": 20396.86,
                                                    "Plan Rows": 3,
                                                    "Plan Width": 76,
                                                    "Actual Startup Time": 36.412,
                                                    "Actual Total Time": 109.158,
                                                    "Actual Rows": 184,
                                                    "Actual Loops": 1,
                                                    "Output": [
                                                        "cn.name",
                                                        "mc.note",
                                                        "mc.movie_id",
                                                        "ml.link_type_id",
                                                        "ml.movie_id",
                                                        "t.title",
                                                        "t.id"
                                                    ],
                                                    "Workers Planned": 4,
                                                    "Workers Launched": 4,
                                                    "Single Copy": false,
                                                    "Plans": [
                                                        {
                                                            "Node Type": "Hash Join",
                                                            "Parent Relationship": "Outer",
                                                            "Parallel Aware": false,
                                                            "Join Type": "Inner",
                                                            "Startup Cost": 5421.01,
                                                            "Total Cost": 19396.56,
                                                            "Plan Rows": 1,
                                                            "Plan Width": 76,
                                                            "Actual Startup Time": 73.542,
                                                            "Actual Total Time": 92.885,
                                                            "Actual Rows": 37,
                                                            "Actual Loops": 5,
                                                            "Output": [
                                                                "cn.name",
                                                                "mc.note",
                                                                "mc.movie_id",
                                                                "ml.link_type_id",
                                                                "ml.movie_id",
                                                                "t.title",
                                                                "t.id"
                                                            ],
                                                            "Inner Unique": true,
                                                            "Hash Cond": "(mc.company_type_id = ct.id)",
                                                            "Workers": [
                                                                {
                                                                    "Worker Number": 0,
                                                                    "Actual Startup Time": 58.165,
                                                                    "Actual Total Time": 88.762,
                                                                    "Actual Rows": 72,
                                                                    "Actual Loops": 1
                                                                },
                                                                {
                                                                    "Worker Number": 1,
                                                                    "Actual Startup Time": 88.837,
                                                                    "Actual Total Time": 88.842,
                                                                    "Actual Rows": 0,
                                                                    "Actual Loops": 1
                                                                },
                                                                {
                                                                    "Worker Number": 2,
                                                                    "Actual Startup Time": 88.839,
                                                                    "Actual Total Time": 88.843,
                                                                    "Actual Rows": 0,
                                                                    "Actual Loops": 1
                                                                },
                                                                {
                                                                    "Worker Number": 3,
                                                                    "Actual Startup Time": 96.21,
                                                                    "Actual Total Time": 96.215,
                                                                    "Actual Rows": 0,
                                                                    "Actual Loops": 1
                                                                }
                                                            ],
                                                            "Plans": [
                                                                {
                                                                    "Node Type": "Hash Join",
                                                                    "Parent Relationship": "Outer",
                                                                    "Parallel Aware": true,
                                                                    "Join Type": "Inner",
                                                                    "Startup Cost": 5419.92,
                                                                    "Total Cost": 19395.47,
                                                                    "Plan Rows": 1,
                                                                    "Plan Width": 80,
                                                                    "Actual Startup Time": 73.055,
                                                                    "Actual Total Time": 92.39,
                                                                    "Actual Rows": 37,
                                                                    "Actual Loops": 5,
                                                                    "Output": [
                                                                        "cn.name",
                                                                        "mc.note",
                                                                        "mc.movie_id",
                                                                        "mc.company_type_id",
                                                                        "ml.link_type_id",
                                                                        "ml.movie_id",
                                                                        "t.title",
                                                                        "t.id"
                                                                    ],
                                                                    "Inner Unique": true,
                                                                    "Hash Cond": "(mc.company_id = cn.id)",
                                                                    "Workers": [
                                                                        {
                                                                            "Worker Number": 0,
                                                                            "Actual Startup Time": 57.597,
                                                                            "Actual Total Time": 88.179,
                                                                            "Actual Rows": 72,
                                                                            "Actual Loops": 1
                                                                        },
                                                                        {
                                                                            "Worker Number": 1,
                                                                            "Actual Startup Time": 88.225,
                                                                            "Actual Total Time": 88.228,
                                                                            "Actual Rows": 0,
                                                                            "Actual Loops": 1
                                                                        },
                                                                        {
                                                                            "Worker Number": 2,
                                                                            "Actual Startup Time": 88.242,
                                                                            "Actual Total Time": 88.244,
                                                                            "Actual Rows": 0,
                                                                            "Actual Loops": 1
                                                                        },
                                                                        {
                                                                            "Worker Number": 3,
                                                                            "Actual Startup Time": 95.596,
                                                                            "Actual Total Time": 95.599,
                                                                            "Actual Rows": 0,
                                                                            "Actual Loops": 1
                                                                        }
                                                                    ],
                                                                    "Plans": [
                                                                        {
                                                                            "Node Type": "Merge Join",
                                                                            "Parent Relationship": "Outer",
                                                                            "Parallel Aware": false,
                                                                            "Join Type": "Inner",
                                                                            "Startup Cost": 5.52,
                                                                            "Total Cost": 13965.08,
                                                                            "Plan Rows": 6094,
                                                                            "Plan Width": 65,
                                                                            "Actual Startup Time": 6.618,
                                                                            "Actual Total Time": 77.076,
                                                                            "Actual Rows": 1824,
                                                                            "Actual Loops": 5,
                                                                            "Output": [
                                                                                "mc.note",
                                                                                "mc.movie_id",
                                                                                "mc.company_type_id",
                                                                                "mc.company_id",
                                                                                "ml.link_type_id",
                                                                                "ml.movie_id",
                                                                                "t.title",
                                                                                "t.id"
                                                                            ],
                                                                            "Inner Unique": false,
                                                                            "Merge Cond": "(ml.movie_id = mc.movie_id)",
                                                                            "Workers": [
                                                                                {
                                                                                    "Worker Number": 0,
                                                                                    "Actual Startup Time": 4.565,
                                                                                    "Actual Total Time": 75.881,
                                                                                    "Actual Rows": 2052,
                                                                                    "Actual Loops": 1
                                                                                },
                                                                                {
                                                                                    "Worker Number": 1,
                                                                                    "Actual Startup Time": 3.931,
                                                                                    "Actual Total Time": 75.768,
                                                                                    "Actual Rows": 705,
                                                                                    "Actual Loops": 1
                                                                                },
                                                                                {
                                                                                    "Worker Number": 2,
                                                                                    "Actual Startup Time": 19.338,
                                                                                    "Actual Total Time": 75.867,
                                                                                    "Actual Rows": 426,
                                                                                    "Actual Loops": 1
                                                                                },
                                                                                {
                                                                                    "Worker Number": 3,
                                                                                    "Actual Startup Time": 4.719,
                                                                                    "Actual Total Time": 82.173,
                                                                                    "Actual Rows": 866,
                                                                                    "Actual Loops": 1
                                                                                }
                                                                            ],
                                                                            "Plans": [
                                                                                {
                                                                                    "Node Type": "Merge Join",
                                                                                    "Parent Relationship": "Outer",
                                                                                    "Parallel Aware": false,
                                                                                    "Join Type": "Inner",
                                                                                    "Startup Cost": 1.59,
                                                                                    "Total Cost": 8113.19,
                                                                                    "Plan Rows": 2318,
                                                                                    "Plan Width": 29,
                                                                                    "Actual Startup Time": 3.826,
                                                                                    "Actual Total Time": 43.308,
                                                                                    "Actual Rows": 1864,
                                                                                    "Actual Loops": 5,
                                                                                    "Output": [
                                                                                        "ml.link_type_id",
                                                                                        "ml.movie_id",
                                                                                        "t.title",
                                                                                        "t.id"
                                                                                    ],
                                                                                    "Inner Unique": false,
                                                                                    "Merge Cond": "(t.id = ml.movie_id)",
                                                                                    "Workers": [
                                                                                        {
                                                                                            "Worker Number": 0,
                                                                                            "Actual Startup Time": 3.744,
                                                                                            "Actual Total Time": 45.688,
                                                                                            "Actual Rows": 3041,
                                                                                            "Actual Loops": 1
                                                                                        },
                                                                                        {
                                                                                            "Worker Number": 1,
                                                                                            "Actual Startup Time": 2.892,
                                                                                            "Actual Total Time": 39.534,
                                                                                            "Actual Rows": 1027,
                                                                                            "Actual Loops": 1
                                                                                        },
                                                                                        {
                                                                                            "Worker Number": 2,
                                                                                            "Actual Startup Time": 8.226,
                                                                                            "Actual Total Time": 45.03,
                                                                                            "Actual Rows": 1261,
                                                                                            "Actual Loops": 1
                                                                                        },
                                                                                        {
                                                                                            "Worker Number": 3,
                                                                                            "Actual Startup Time": 3.767,
                                                                                            "Actual Total Time": 40.636,
                                                                                            "Actual Rows": 1315,
                                                                                            "Actual Loops": 1
                                                                                        }
                                                                                    ],
                                                                                    "Plans": [
                                                                                        {
                                                                                            "Node Type": "Index Scan",
                                                                                            "Parent Relationship": "Outer",
                                                                                            "Parallel Aware": true,
                                                                                            "Scan Direction": "Forward",
                                                                                            "Index Name": "title_pkey",
                                                                                            "Relation Name": "title",
                                                                                            "Schema": "public",
                                                                                            "Alias": "t",
                                                                                            "Startup Cost": 0.43,
                                                                                            "Total Cost": 92969.49,
                                                                                            "Plan Rows": 195388,
                                                                                            "Plan Width": 21,
                                                                                            "Actual Startup Time": 0.366,
                                                                                            "Actual Total Time": 34.196,
                                                                                            "Actual Rows": 13097,
                                                                                            "Actual Loops": 5,
                                                                                            "Output": [
                                                                                                "t.id",
                                                                                                "t.title",
                                                                                                "t.imdb_index",
                                                                                                "t.kind_id",
                                                                                                "t.production_year",
                                                                                                "t.imdb_id",
                                                                                                "t.phonetic_code",
                                                                                                "t.episode_of_id",
                                                                                                "t.season_nr",
                                                                                                "t.episode_nr",
                                                                                                "t.series_years",
                                                                                                "t.md5sum"
                                                                                            ],
                                                                                            "Filter": "(t.production_year > 2007)",
                                                                                            "Rows Removed by Filter": 24139,
                                                                                            "Workers": [
                                                                                                {
                                                                                                    "Worker Number": 0,
                                                                                                    "Actual Startup Time": 0.682,
                                                                                                    "Actual Total Time": 37.267,
                                                                                                    "Actual Rows": 15230,
                                                                                                    "Actual Loops": 1
                                                                                                },
                                                                                                {
                                                                                                    "Worker Number": 1,
                                                                                                    "Actual Startup Time": 0.628,
                                                                                                    "Actual Total Time": 29.012,
                                                                                                    "Actual Rows": 8629,
                                                                                                    "Actual Loops": 1
                                                                                                },
                                                                                                {
                                                                                                    "Worker Number": 2,
                                                                                                    "Actual Startup Time": 0.137,
                                                                                                    "Actual Total Time": 36.476,
                                                                                                    "Actual Rows": 13824,
                                                                                                    "Actual Loops": 1
                                                                                                },
                                                                                                {
                                                                                                    "Worker Number": 3,
                                                                                                    "Actual Startup Time": 0.258,
                                                                                                    "Actual Total Time": 30.415,
                                                                                                    "Actual Rows": 8394,
                                                                                                    "Actual Loops": 1
                                                                                                }
                                                                                            ]
                                                                                        },
                                                                                        {
                                                                                            "Node Type": "Index Scan",
                                                                                            "Parent Relationship": "Inner",
                                                                                            "Parallel Aware": false,
                                                                                            "Scan Direction": "Forward",
                                                                                            "Index Name": "movie_id_movie_link",
                                                                                            "Relation Name": "movie_link",
                                                                                            "Schema": "public",
                                                                                            "Alias": "ml",
                                                                                            "Startup Cost": 0.29,
                                                                                            "Total Cost": 1111.51,
                                                                                            "Plan Rows": 29997,
                                                                                            "Plan Width": 8,
                                                                                            "Actual Startup Time": 0.103,
                                                                                            "Actual Total Time": 5.711,
                                                                                            "Actual Rows": 29997,
                                                                                            "Actual Loops": 5,
                                                                                            "Output": [
                                                                                                "ml.id",
                                                                                                "ml.movie_id",
                                                                                                "ml.linked_movie_id",
                                                                                                "ml.link_type_id"
                                                                                            ],
                                                                                            "Workers": [
                                                                                                {
                                                                                                    "Worker Number": 0,
                                                                                                    "Actual Startup Time": 0.114,
                                                                                                    "Actual Total Time": 5.183,
                                                                                                    "Actual Rows": 29997,
                                                                                                    "Actual Loops": 1
                                                                                                },
                                                                                                {
                                                                                                    "Worker Number": 1,
                                                                                                    "Actual Startup Time": 0.125,
                                                                                                    "Actual Total Time": 6.678,
                                                                                                    "Actual Rows": 29997,
                                                                                                    "Actual Loops": 1
                                                                                                },
                                                                                                {
                                                                                                    "Worker Number": 2,
                                                                                                    "Actual Startup Time": 0.126,
                                                                                                    "Actual Total Time": 5.522,
                                                                                                    "Actual Rows": 29997,
                                                                                                    "Actual Loops": 1
                                                                                                },
                                                                                                {
                                                                                                    "Worker Number": 3,
                                                                                                    "Actual Startup Time": 0.128,
                                                                                                    "Actual Total Time": 6.482,
                                                                                                    "Actual Rows": 29997,
                                                                                                    "Actual Loops": 1
                                                                                                }
                                                                                            ]
                                                                                        }
                                                                                    ]
                                                                                },
                                                                                {
                                                                                    "Node Type": "Index Scan",
                                                                                    "Parent Relationship": "Inner",
                                                                                    "Parallel Aware": false,
                                                                                    "Scan Direction": "Forward",
                                                                                    "Index Name": "movie_id_movie_companies",
                                                                                    "Relation Name": "movie_companies",
                                                                                    "Schema": "public",
                                                                                    "Alias": "mc",
                                                                                    "Startup Cost": 0.43,
                                                                                    "Total Cost": 140586.81,
                                                                                    "Plan Rows": 1336309,
                                                                                    "Plan Width": 36,
                                                                                    "Actual Startup Time": 0.079,
                                                                                    "Actual Total Time": 30.501,
                                                                                    "Actual Rows": 44890,
                                                                                    "Actual Loops": 5,
                                                                                    "Output": [
                                                                                        "mc.id",
                                                                                        "mc.movie_id",
                                                                                        "mc.company_id",
                                                                                        "mc.company_type_id",
                                                                                        "mc.note"
                                                                                    ],
                                                                                    "Filter": "(mc.note IS NOT NULL)",
                                                                                    "Rows Removed by Filter": 45794,
                                                                                    "Workers": [
                                                                                        {
                                                                                            "Worker Number": 0,
                                                                                            "Actual Startup Time": 0.09,
                                                                                            "Actual Total Time": 27.212,
                                                                                            "Actual Rows": 43792,
                                                                                            "Actual Loops": 1
                                                                                        },
                                                                                        {
                                                                                            "Worker Number": 1,
                                                                                            "Actual Startup Time": 0.136,
                                                                                            "Actual Total Time": 32.522,
                                                                                            "Actual Rows": 41941,
                                                                                            "Actual Loops": 1
                                                                                        },
                                                                                        {
                                                                                            "Worker Number": 2,
                                                                                            "Actual Startup Time": 0.086,
                                                                                            "Actual Total Time": 28.366,
                                                                                            "Actual Rows": 41983,
                                                                                            "Actual Loops": 1
                                                                                        },
                                                                                        {
                                                                                            "Worker Number": 3,
                                                                                            "Actual Startup Time": 0.067,
                                                                                            "Actual Total Time": 37.323,
                                                                                            "Actual Rows": 51290,
                                                                                            "Actual Loops": 1
                                                                                        }
                                                                                    ]
                                                                                }
                                                                            ]
                                                                        },
                                                                        {
                                                                            "Node Type": "Hash",
                                                                            "Parent Relationship": "Inner",
                                                                            "Parallel Aware": true,
                                                                            "Startup Cost": 5414.09,
                                                                            "Total Cost": 5414.09,
                                                                            "Plan Rows": 25,
                                                                            "Plan Width": 23,
                                                                            "Actual Startup Time": 14.811,
                                                                            "Actual Total Time": 14.812,
                                                                            "Actual Rows": 18,
                                                                            "Actual Loops": 5,
                                                                            "Output": [
                                                                                "cn.name",
                                                                                "cn.id"
                                                                            ],
                                                                            "Hash Buckets": 1024,
                                                                            "Original Hash Buckets": 1024,
                                                                            "Hash Batches": 1,
                                                                            "Original Hash Batches": 1,
                                                                            "Peak Memory Usage": 40,
                                                                            "Workers": [
                                                                                {
                                                                                    "Worker Number": 0,
                                                                                    "Actual Startup Time": 11.908,
                                                                                    "Actual Total Time": 11.909,
                                                                                    "Actual Rows": 0,
                                                                                    "Actual Loops": 1
                                                                                },
                                                                                {
                                                                                    "Worker Number": 1,
                                                                                    "Actual Startup Time": 12.017,
                                                                                    "Actual Total Time": 12.018,
                                                                                    "Actual Rows": 0,
                                                                                    "Actual Loops": 1
                                                                                },
                                                                                {
                                                                                    "Worker Number": 2,
                                                                                    "Actual Startup Time": 12.016,
                                                                                    "Actual Total Time": 12.016,
                                                                                    "Actual Rows": 0,
                                                                                    "Actual Loops": 1
                                                                                },
                                                                                {
                                                                                    "Worker Number": 3,
                                                                                    "Actual Startup Time": 13.002,
                                                                                    "Actual Total Time": 13.003,
                                                                                    "Actual Rows": 0,
                                                                                    "Actual Loops": 1
                                                                                }
                                                                            ],
                                                                            "Plans": [
                                                                                {
                                                                                    "Node Type": "Seq Scan",
                                                                                    "Parent Relationship": "Outer",
                                                                                    "Parallel Aware": true,
                                                                                    "Relation Name": "company_name",
                                                                                    "Schema": "public",
                                                                                    "Alias": "cn",
                                                                                    "Startup Cost": 0.0,
                                                                                    "Total Cost": 5414.09,
                                                                                    "Plan Rows": 25,
                                                                                    "Plan Width": 23,
                                                                                    "Actual Startup Time": 9.781,
                                                                                    "Actual Total Time": 14.712,
                                                                                    "Actual Rows": 18,
                                                                                    "Actual Loops": 5,
                                                                                    "Output": [
                                                                                        "cn.name",
                                                                                        "cn.id"
                                                                                    ],
                                                                                    "Filter": "(((cn.country_code)::text <> '[pl]'::text) AND ((cn.name ~~ '20th Century Fox%'::text) OR (cn.name ~~ 'Twentieth Century Fox%'::text)))",
                                                                                    "Rows Removed by Filter": 46982,
                                                                                    "Workers": [
                                                                                        {
                                                                                            "Worker Number": 0,
                                                                                            "Actual Startup Time": 11.827,
                                                                                            "Actual Total Time": 11.827,
                                                                                            "Actual Rows": 0,
                                                                                            "Actual Loops": 1
                                                                                        },
                                                                                        {
                                                                                            "Worker Number": 1,
                                                                                            "Actual Startup Time": 11.939,
                                                                                            "Actual Total Time": 11.939,
                                                                                            "Actual Rows": 0,
                                                                                            "Actual Loops": 1
                                                                                        },
                                                                                        {
                                                                                            "Worker Number": 2,
                                                                                            "Actual Startup Time": 11.934,
                                                                                            "Actual Total Time": 11.934,
                                                                                            "Actual Rows": 0,
                                                                                            "Actual Loops": 1
                                                                                        },
                                                                                        {
                                                                                            "Worker Number": 3,
                                                                                            "Actual Startup Time": 12.925,
                                                                                            "Actual Total Time": 12.925,
                                                                                            "Actual Rows": 0,
                                                                                            "Actual Loops": 1
                                                                                        }
                                                                                    ]
                                                                                }
                                                                            ]
                                                                        }
                                                                    ]
                                                                },
                                                                {
                                                                    "Node Type": "Hash",
                                                                    "Parent Relationship": "Inner",
                                                                    "Parallel Aware": false,
                                                                    "Startup Cost": 1.05,
                                                                    "Total Cost": 1.05,
                                                                    "Plan Rows": 3,
                                                                    "Plan Width": 4,
                                                                    "Actual Startup Time": 0.077,
                                                                    "Actual Total Time": 0.078,
                                                                    "Actual Rows": 3,
                                                                    "Actual Loops": 5,
                                                                    "Output": [
                                                                        "ct.id"
                                                                    ],
                                                                    "Hash Buckets": 1024,
                                                                    "Original Hash Buckets": 1024,
                                                                    "Hash Batches": 1,
                                                                    "Original Hash Batches": 1,
                                                                    "Peak Memory Usage": 9,
                                                                    "Workers": [
                                                                        {
                                                                            "Worker Number": 0,
                                                                            "Actual Startup Time": 0.088,
                                                                            "Actual Total Time": 0.089,
                                                                            "Actual Rows": 3,
                                                                            "Actual Loops": 1
                                                                        },
                                                                        {
                                                                            "Worker Number": 1,
                                                                            "Actual Startup Time": 0.098,
                                                                            "Actual Total Time": 0.099,
                                                                            "Actual Rows": 3,
                                                                            "Actual Loops": 1
                                                                        },
                                                                        {
                                                                            "Worker Number": 2,
                                                                            "Actual Startup Time": 0.098,
                                                                            "Actual Total Time": 0.099,
                                                                            "Actual Rows": 3,
                                                                            "Actual Loops": 1
                                                                        },
                                                                        {
                                                                            "Worker Number": 3,
                                                                            "Actual Startup Time": 0.086,
                                                                            "Actual Total Time": 0.087,
                                                                            "Actual Rows": 3,
                                                                            "Actual Loops": 1
                                                                        }
                                                                    ],
                                                                    "Plans": [
                                                                        {
                                                                            "Node Type": "Seq Scan",
                                                                            "Parent Relationship": "Outer",
                                                                            "Parallel Aware": false,
                                                                            "Relation Name": "company_type",
                                                                            "Schema": "public",
                                                                            "Alias": "ct",
                                                                            "Startup Cost": 0.0,
                                                                            "Total Cost": 1.05,
                                                                            "Plan Rows": 3,
                                                                            "Plan Width": 4,
                                                                            "Actual Startup Time": 0.05,
                                                                            "Actual Total Time": 0.055,
                                                                            "Actual Rows": 3,
                                                                            "Actual Loops": 5,
                                                                            "Output": [
                                                                                "ct.id"
                                                                            ],
                                                                            "Filter": "((ct.kind IS NOT NULL) AND ((ct.kind)::text <> 'miscellaneous companies'::text))",
                                                                            "Rows Removed by Filter": 1,
                                                                            "Workers": [
                                                                                {
                                                                                    "Worker Number": 0,
                                                                                    "Actual Startup Time": 0.058,
                                                                                    "Actual Total Time": 0.064,
                                                                                    "Actual Rows": 3,
                                                                                    "Actual Loops": 1
                                                                                },
                                                                                {
                                                                                    "Worker Number": 1,
                                                                                    "Actual Startup Time": 0.063,
                                                                                    "Actual Total Time": 0.069,
                                                                                    "Actual Rows": 3,
                                                                                    "Actual Loops": 1
                                                                                },
                                                                                {
                                                                                    "Worker Number": 2,
                                                                                    "Actual Startup Time": 0.064,
                                                                                    "Actual Total Time": 0.069,
                                                                                    "Actual Rows": 3,
                                                                                    "Actual Loops": 1
                                                                                },
                                                                                {
                                                                                    "Worker Number": 3,
                                                                                    "Actual Startup Time": 0.056,
                                                                                    "Actual Total Time": 0.062,
                                                                                    "Actual Rows": 3,
                                                                                    "Actual Loops": 1
                                                                                }
                                                                            ]
                                                                        }
                                                                    ]
                                                                }
                                                            ]
                                                        }
                                                    ]
                                                }
                                            ]
                                        }
                                    ]
                                },
                                {
                                    "Node Type": "Hash",
                                    "Parent Relationship": "Inner",
                                    "Parallel Aware": false,
                                    "Startup Cost": 2793.84,
                                    "Total Cost": 2793.84,
                                    "Plan Rows": 3,
                                    "Plan Width": 4,
                                    "Actual Startup Time": 38.698,
                                    "Actual Total Time": 38.7,
                                    "Actual Rows": 3,
                                    "Actual Loops": 1,
                                    "Output": [
                                        "k.id"
                                    ],
                                    "Hash Buckets": 1024,
                                    "Original Hash Buckets": 1024,
                                    "Hash Batches": 1,
                                    "Original Hash Batches": 1,
                                    "Peak Memory Usage": 9,
                                    "Plans": [
                                        {
                                            "Node Type": "Seq Scan",
                                            "Parent Relationship": "Outer",
                                            "Parallel Aware": false,
                                            "Relation Name": "keyword",
                                            "Schema": "public",
                                            "Alias": "k",
                                            "Startup Cost": 0.0,
                                            "Total Cost": 2793.84,
                                            "Plan Rows": 3,
                                            "Plan Width": 4,
                                            "Actual Startup Time": 1.195,
                                            "Actual Total Time": 38.673,
                                            "Actual Rows": 3,
                                            "Actual Loops": 1,
                                            "Output": [
                                                "k.id"
                                            ],
                                            "Filter": "(k.keyword = ANY ('{sequel,laser,domineering-mother}'::text[]))",
                                            "Rows Removed by Filter": 134167
                                        }
                                    ]
                                }
                            ]
                        },
                        {
                            "Node Type": "Hash",
                            "Parent Relationship": "Inner",
                            "Parallel Aware": false,
                            "Startup Cost": 1.18,
                            "Total Cost": 1.18,
                            "Plan Rows": 18,
                            "Plan Width": 4,
                            "Actual Startup Time": 0.057,
                            "Actual Total Time": 0.058,
                            "Actual Rows": 18,
                            "Actual Loops": 1,
                            "Output": [
                                "lt.id"
                            ],
                            "Hash Buckets": 1024,
                            "Original Hash Buckets": 1024,
                            "Hash Batches": 1,
                            "Original Hash Batches": 1,
                            "Peak Memory Usage": 9,
                            "Plans": [
                                {
                                    "Node Type": "Seq Scan",
                                    "Parent Relationship": "Outer",
                                    "Parallel Aware": false,
                                    "Relation Name": "link_type",
                                    "Schema": "public",
                                    "Alias": "lt",
                                    "Startup Cost": 0.0,
                                    "Total Cost": 1.18,
                                    "Plan Rows": 18,
                                    "Plan Width": 4,
                                    "Actual Startup Time": 0.019,
                                    "Actual Total Time": 0.026,
                                    "Actual Rows": 18,
                                    "Actual Loops": 1,
                                    "Output": [
                                        "lt.id"
                                    ]
                                }
                            ]
                        }
                    ]
                }
            ]
        },
        "Planning Time": 520.912,
        "Triggers": [],
        "Execution Time": 166.523
    }
]