[
    {
        "Bao": {
            "Bao prediction": "NaN",
            "Bao recommended hint": "(no hint)"
        }
    },
    {
        "Plan": {
            "Node Type": "Aggregate",
            "Strategy": "Plain",
            "Partial Mode": "Finalize",
            "Parallel Aware": false,
            "Startup Cost": 350319.79,
            "Total Cost": 350319.8,
            "Plan Rows": 1,
            "Plan Width": 8,
            "Actual Startup Time": 904.12,
            "Actual Total Time": 937.994,
            "Actual Rows": 1,
            "Actual Loops": 1,
            "Output": [
                "count(*)"
            ],
            "Plans": [
                {
                    "Node Type": "Gather",
                    "Parent Relationship": "Outer",
                    "Parallel Aware": false,
                    "Startup Cost": 350319.17,
                    "Total Cost": 350319.78,
                    "Plan Rows": 6,
                    "Plan Width": 8,
                    "Actual Startup Time": 903.999,
                    "Actual Total Time": 937.986,
                    "Actual Rows": 7,
                    "Actual Loops": 1,
                    "Output": [
                        "(PARTIAL count(*))"
                    ],
                    "Workers Planned": 6,
                    "Workers Launched": 6,
                    "Single Copy": false,
                    "Plans": [
                        {
                            "Node Type": "Aggregate",
                            "Strategy": "Plain",
                            "Partial Mode": "Partial",
                            "Parent Relationship": "Outer",
                            "Parallel Aware": false,
                            "Startup Cost": 349319.17,
                            "Total Cost": 349319.18,
                            "Plan Rows": 1,
                            "Plan Width": 8,
                            "Actual Startup Time": 894.233,
                            "Actual Total Time": 894.234,
                            "Actual Rows": 1,
                            "Actual Loops": 7,
                            "Output": [
                                "PARTIAL count(*)"
                            ],
                            "Workers": [
                                {
                                    "Worker Number": 0,
                                    "Actual Startup Time": 891.87,
                                    "Actual Total Time": 891.871,
                                    "Actual Rows": 1,
                                    "Actual Loops": 1
                                },
                                {
                                    "Worker Number": 1,
                                    "Actual Startup Time": 892.14,
                                    "Actual Total Time": 892.141,
                                    "Actual Rows": 1,
                                    "Actual Loops": 1
                                },
                                {
                                    "Worker Number": 2,
                                    "Actual Startup Time": 892.582,
                                    "Actual Total Time": 892.583,
                                    "Actual Rows": 1,
                                    "Actual Loops": 1
                                },
                                {
                                    "Worker Number": 3,
                                    "Actual Startup Time": 892.927,
                                    "Actual Total Time": 892.928,
                                    "Actual Rows": 1,
                                    "Actual Loops": 1
                                },
                                {
                                    "Worker Number": 4,
                                    "Actual Startup Time": 893.221,
                                    "Actual Total Time": 893.222,
                                    "Actual Rows": 1,
                                    "Actual Loops": 1
                                },
                                {
                                    "Worker Number": 5,
                                    "Actual Startup Time": 893.208,
                                    "Actual Total Time": 893.209,
                                    "Actual Rows": 1,
                                    "Actual Loops": 1
                                }
                            ],
                            "Plans": [
                                {
                                    "Node Type": "Seq Scan",
                                    "Parent Relationship": "Outer",
                                    "Parallel Aware": true,
                                    "Relation Name": "cast_info",
                                    "Schema": "public",
                                    "Alias": "ci",
                                    "Startup Cost": 0.0,
                                    "Total Cost": 343318.94,
                                    "Plan Rows": 2400091,
                                    "Plan Width": 0,
                                    "Actual Startup Time": 239.281,
                                    "Actual Total Time": 789.826,
                                    "Actual Rows": 1756780,
                                    "Actual Loops": 7,
                                    "Output": [
                                        "id",
                                        "person_id",
                                        "movie_id",
                                        "person_role_id",
                                        "note",
                                        "nr_order",
                                        "role_id"
                                    ],
                                    "Filter": "((ci.person_id > 1660107) AND (ci.role_id < 5))",
                                    "Rows Removed by Filter": 3420984,
                                    "Workers": [
                                        {
                                            "Worker Number": 0,
                                            "Actual Startup Time": 236.918,
                                            "Actual Total Time": 788.186,
                                            "Actual Rows": 1572637,
                                            "Actual Loops": 1
                                        },
                                        {
                                            "Worker Number": 1,
                                            "Actual Startup Time": 237.186,
                                            "Actual Total Time": 788.398,
                                            "Actual Rows": 1568457,
                                            "Actual Loops": 1
                                        },
                                        {
                                            "Worker Number": 2,
                                            "Actual Startup Time": 237.637,
                                            "Actual Total Time": 789.848,
                                            "Actual Rows": 1553633,
                                            "Actual Loops": 1
                                        },
                                        {
                                            "Worker Number": 3,
                                            "Actual Startup Time": 237.989,
                                            "Actual Total Time": 788.932,
                                            "Actual Rows": 1570667,
                                            "Actual Loops": 1
                                        },
                                        {
                                            "Worker Number": 4,
                                            "Actual Startup Time": 238.275,
                                            "Actual Total Time": 789.782,
                                            "Actual Rows": 1565783,
                                            "Actual Loops": 1
                                        },
                                        {
                                            "Worker Number": 5,
                                            "Actual Startup Time": 238.242,
                                            "Actual Total Time": 791.379,
                                            "Actual Rows": 1538564,
                                            "Actual Loops": 1
                                        }
                                    ]
                                }
                            ]
                        }
                    ]
                }
            ]
        },
        "Planning Time": 202.806,
        "Triggers": [],
        "Execution Time": 938.037
    }
]