[
  {
    "Plan": {
      "Node Type": "Aggregate",
      "Strategy": "Plain",
      "Partial Mode": "Finalize",
      "Parallel Aware": false,
      "Startup Cost": 377263.82,
      "Total Cost": 377263.83,
      "Plan Rows": 1,
      "Plan Width": 8,
      "Actual Startup Time": 1784.703,
      "Actual Total Time": 1840.8,
      "Actual Rows": 1,
      "Actual Loops": 1,
      "Plans": [
        {
          "Node Type": "Gather",
          "Parent Relationship": "Outer",
          "Parallel Aware": false,
          "Startup Cost": 377263.2,
          "Total Cost": 377263.81,
          "Plan Rows": 6,
          "Plan Width": 8,
          "Actual Startup Time": 1781.196,
          "Actual Total Time": 1840.792,
          "Actual Rows": 7,
          "Actual Loops": 1,
          "Workers Planned": 6,
          "Workers Launched": 6,
          "Single Copy": false,
          "Plans": [
            {
              "Node Type": "Aggregate",
              "Strategy": "Plain",
              "Partial Mode": "Partial",
              "Parent Relationship": "Outer",
              "Parallel Aware": false,
              "Startup Cost": 376263.2,
              "Total Cost": 376263.21,
              "Plan Rows": 1,
              "Plan Width": 8,
              "Actual Startup Time": 1774.212,
              "Actual Total Time": 1774.216,
              "Actual Rows": 1,
              "Actual Loops": 7,
              "Plans": [
                {
                  "Node Type": "Hash Join",
                  "Parent Relationship": "Outer",
                  "Parallel Aware": true,
                  "Join Type": "Inner",
                  "Startup Cost": 46103.61,
                  "Total Cost": 375070.27,
                  "Plan Rows": 477172,
                  "Plan Width": 0,
                  "Actual Startup Time": 111.062,
                  "Actual Total Time": 1736.814,
                  "Actual Rows": 645296,
                  "Actual Loops": 7,
                  "Inner Unique": true,
                  "Hash Cond": "(ci.movie_id = t.id)",
                  "Plans": [
                    {
                      "Node Type": "Seq Scan",
                      "Parent Relationship": "Outer",
                      "Parallel Aware": true,
                      "Relation Name": "cast_info",
                      "Alias": "ci",
                      "Startup Cost": 0.0,
                      "Total Cost": 313106.51,
                      "Plan Rows": 6041951,
                      "Plan Width": 4,
                      "Actual Startup Time": 0.035,
                      "Actual Total Time": 611.322,
                      "Actual Rows": 5177763,
                      "Actual Loops": 7
                    },
                    {
                      "Node Type": "Hash",
                      "Parent Relationship": "Inner",
                      "Parallel Aware": true,
                      "Startup Cost": 45479.59,
                      "Total Cost": 45479.59,
                      "Plan Rows": 49922,
                      "Plan Width": 4,
                      "Actual Startup Time": 109.618,
                      "Actual Total Time": 109.619,
                      "Actual Rows": 48041,
                      "Actual Loops": 7,
                      "Hash Buckets": 524288,
                      "Original Hash Buckets": 262144,
                      "Hash Batches": 1,
                      "Original Hash Batches": 1,
                      "Peak Memory Usage": 19392,
                      "Plans": [
                        {
                          "Node Type": "Seq Scan",
                          "Parent Relationship": "Outer",
                          "Parallel Aware": true,
                          "Relation Name": "title",
                          "Alias": "t",
                          "Startup Cost": 0.0,
                          "Total Cost": 45479.59,
                          "Plan Rows": 49922,
                          "Plan Width": 4,
                          "Actual Startup Time": 44.971,
                          "Actual Total Time": 78.805,
                          "Actual Rows": 48041,
                          "Actual Loops": 7,
                          "Filter": "((production_year < 1994) AND (kind_id = 1))",
                          "Rows Removed by Filter": 313146
                        }
                      ]
                    }
                  ]
                }
              ]
            }
          ]
        }
      ]
    },
    "Planning Time": 0.492,
    "Triggers": [],
    "Execution Time": 1840.858
  }
]