[
  {
    "Plan": {
      "Node Type": "Aggregate",
      "Strategy": "Plain",
      "Partial Mode": "Finalize",
      "Parallel Aware": false,
      "Startup Cost": 33118.35,
      "Total Cost": 33118.36,
      "Plan Rows": 1,
      "Plan Width": 8,
      "Actual Startup Time": 114.255,
      "Actual Total Time": 122.24,
      "Actual Rows": 1,
      "Actual Loops": 1,
      "Plans": [
        {
          "Node Type": "Gather",
          "Parent Relationship": "Outer",
          "Parallel Aware": false,
          "Startup Cost": 33118.04,
          "Total Cost": 33118.35,
          "Plan Rows": 3,
          "Plan Width": 8,
          "Actual Startup Time": 114.155,
          "Actual Total Time": 122.231,
          "Actual Rows": 4,
          "Actual Loops": 1,
          "Workers Planned": 3,
          "Workers Launched": 3,
          "Single Copy": false,
          "Plans": [
            {
              "Node Type": "Aggregate",
              "Strategy": "Plain",
              "Partial Mode": "Partial",
              "Parent Relationship": "Outer",
              "Parallel Aware": false,
              "Startup Cost": 32118.04,
              "Total Cost": 32118.05,
              "Plan Rows": 1,
              "Plan Width": 8,
              "Actual Startup Time": 107.77,
              "Actual Total Time": 107.772,
              "Actual Rows": 1,
              "Actual Loops": 4,
              "Plans": [
                {
                  "Node Type": "Seq Scan",
                  "Parent Relationship": "Outer",
                  "Parallel Aware": true,
                  "Relation Name": "movie_companies",
                  "Alias": "mc",
                  "Startup Cost": 0.0,
                  "Total Cost": 31414.82,
                  "Plan Rows": 281287,
                  "Plan Width": 0,
                  "Actual Startup Time": 0.04,
                  "Actual Total Time": 90.047,
                  "Actual Rows": 294747,
                  "Actual Loops": 4,
                  "Filter": "((company_id < 25172) AND (company_type_id = 1))",
                  "Rows Removed by Filter": 357536
                }
              ]
            }
          ]
        }
      ]
    },
    "Planning Time": 0.156,
    "Triggers": [],
    "Execution Time": 122.284
  }
]