[
  {
    "Plan": {
      "Node Type": "Aggregate",
      "Strategy": "Plain",
      "Partial Mode": "Finalize",
      "Parallel Aware": false,
      "Startup Cost": 47279.44,
      "Total Cost": 47279.45,
      "Plan Rows": 1,
      "Plan Width": 8,
      "Actual Startup Time": 182.728,
      "Actual Total Time": 191.947,
      "Actual Rows": 1,
      "Actual Loops": 1,
      "Plans": [
        {
          "Node Type": "Gather",
          "Parent Relationship": "Outer",
          "Parallel Aware": false,
          "Startup Cost": 47279.12,
          "Total Cost": 47279.43,
          "Plan Rows": 3,
          "Plan Width": 8,
          "Actual Startup Time": 182.604,
          "Actual Total Time": 191.936,
          "Actual Rows": 4,
          "Actual Loops": 1,
          "Workers Planned": 3,
          "Workers Launched": 3,
          "Single Copy": false,
          "Plans": [
            {
              "Node Type": "Aggregate",
              "Strategy": "Plain",
              "Partial Mode": "Partial",
              "Parent Relationship": "Outer",
              "Parallel Aware": false,
              "Startup Cost": 46279.12,
              "Total Cost": 46279.13,
              "Plan Rows": 1,
              "Plan Width": 8,
              "Actual Startup Time": 177.001,
              "Actual Total Time": 177.002,
              "Actual Rows": 1,
              "Actual Loops": 4,
              "Plans": [
                {
                  "Node Type": "Seq Scan",
                  "Parent Relationship": "Outer",
                  "Parallel Aware": true,
                  "Relation Name": "movie_keyword",
                  "Alias": "mk",
                  "Startup Cost": 0.0,
                  "Total Cost": 42695.65,
                  "Plan Rows": 1433388,
                  "Plan Width": 0,
                  "Actual Startup Time": 0.048,
                  "Actual Total Time": 127.05,
                  "Actual Rows": 1111201,
                  "Actual Loops": 4,
                  "Filter": "(keyword_id < 88101)",
                  "Rows Removed by Filter": 19781
                }
              ]
            }
          ]
        }
      ]
    },
    "Planning Time": 0.122,
    "Triggers": [],
    "Execution Time": 191.995
  }
]