[
  {
    "Plan": {
      "Node Type": "Aggregate",
      "Strategy": "Plain",
      "Partial Mode": "Finalize",
      "Parallel Aware": false,
      "Startup Cost": 345920.49,
      "Total Cost": 345920.5,
      "Plan Rows": 1,
      "Plan Width": 8,
      "Actual Startup Time": 673.242,
      "Actual Total Time": 734.436,
      "Actual Rows": 1,
      "Actual Loops": 1,
      "Plans": [
        {
          "Node Type": "Gather",
          "Parent Relationship": "Outer",
          "Parallel Aware": false,
          "Startup Cost": 345919.86,
          "Total Cost": 345920.47,
          "Plan Rows": 6,
          "Plan Width": 8,
          "Actual Startup Time": 673.047,
          "Actual Total Time": 734.425,
          "Actual Rows": 7,
          "Actual Loops": 1,
          "Workers Planned": 6,
          "Workers Launched": 6,
          "Single Copy": false,
          "Plans": [
            {
              "Node Type": "Aggregate",
              "Strategy": "Plain",
              "Partial Mode": "Partial",
              "Parent Relationship": "Outer",
              "Parallel Aware": false,
              "Startup Cost": 344919.86,
              "Total Cost": 344919.87,
              "Plan Rows": 1,
              "Plan Width": 8,
              "Actual Startup Time": 666.909,
              "Actual Total Time": 666.911,
              "Actual Rows": 1,
              "Actual Loops": 7,
              "Plans": [
                {
                  "Node Type": "Seq Scan",
                  "Parent Relationship": "Outer",
                  "Parallel Aware": true,
                  "Relation Name": "cast_info",
                  "Alias": "ci",
                  "Startup Cost": 0.0,
                  "Total Cost": 343316.27,
                  "Plan Rows": 641437,
                  "Plan Width": 0,
                  "Actual Startup Time": 403.838,
                  "Actual Total Time": 628.396,
                  "Actual Rows": 833119,
                  "Actual Loops": 7,
                  "Filter": "((person_id > 3060937) AND (role_id > 1))",
                  "Rows Removed by Filter": 4344644
                }
              ]
            }
          ]
        }
      ]
    },
    "Planning Time": 0.105,
    "Triggers": [],
    "Execution Time": 734.486
  }
]