{
  "Plan": {
    "Node Type": "Aggregate",
    "Strategy": "Plain",
    "Partial Mode": "Finalize",
    "Parallel Aware": false,
    "Startup Cost": 357461.71,
    "Total Cost": 357461.72,
    "Plan Rows": 1,
    "Plan Width": 8,
    "Actual Startup Time": 1874.948,
    "Actual Total Time": 1924.008,
    "Actual Rows": 1,
    "Actual Loops": 1,
    "Plans": [
      {
        "Node Type": "Gather",
        "Parent Relationship": "Outer",
        "Parallel Aware": false,
        "Startup Cost": 357461.6,
        "Total Cost": 357461.71,
        "Plan Rows": 1,
        "Plan Width": 8,
        "Actual Startup Time": 1873.905,
        "Actual Total Time": 1923.998,
        "Actual Rows": 2,
        "Actual Loops": 1,
        "Workers Planned": 1,
        "Workers Launched": 1,
        "Single Copy": false,
        "Plans": [
          {
            "Node Type": "Aggregate",
            "Strategy": "Plain",
            "Partial Mode": "Partial",
            "Parent Relationship": "Outer",
            "Parallel Aware": false,
            "Startup Cost": 356461.6,
            "Total Cost": 356461.61,
            "Plan Rows": 1,
            "Plan Width": 8,
            "Actual Startup Time": 1868.247,
            "Actual Total Time": 1868.251,
            "Actual Rows": 1,
            "Actual Loops": 2,
            "Plans": [
              {
                "Node Type": "Hash Join",
                "Parent Relationship": "Outer",
                "Parallel Aware": true,
                "Join Type": "Inner",
                "Startup Cost": 61275.96,
                "Total Cost": 353228.06,
                "Plan Rows": 1293418,
                "Plan Width": 0,
                "Actual Startup Time": 204.788,
                "Actual Total Time": 1851.941,
                "Actual Rows": 407309,
                "Actual Loops": 2,
                "Inner Unique": true,
                "Hash Cond": "(mi.movie_id = t.id)",
                "Plans": [
                  {
                    "Node Type": "Seq Scan",
                    "Parent Relationship": "Outer",
                    "Parallel Aware": true,
                    "Relation Name": "movie_info",
                    "Alias": "mi",
                    "Startup Cost": 0.0,
                    "Total Cost": 270696.42,
                    "Plan Rows": 8097390,
                    "Plan Width": 4,
                    "Actual Startup Time": 0.013,
                    "Actual Total Time": 759.08,
                    "Actual Rows": 6933678,
                    "Actual Loops": 2,
                    "Filter": "(info_type_id < 94)",
                    "Rows Removed by Filter": 484182
                  },
                  {
                    "Node Type": "Hash",
                    "Parent Relationship": "Inner",
                    "Parallel Aware": true,
                    "Startup Cost": 58306.47,
                    "Total Cost": 58306.47,
                    "Plan Rows": 237559,
                    "Plan Width": 4,
                    "Actual Startup Time": 197.152,
                    "Actual Total Time": 197.153,
                    "Actual Rows": 217109,
                    "Actual Loops": 2,
                    "Hash Buckets": 524288,
                    "Original Hash Buckets": 524288,
                    "Hash Batches": 1,
                    "Original Hash Batches": 1,
                    "Peak Memory Usage": 21120,
                    "Plans": [
                      {
                        "Node Type": "Seq Scan",
                        "Parent Relationship": "Outer",
                        "Parallel Aware": true,
                        "Relation Name": "title",
                        "Alias": "t",
                        "Startup Cost": 0.0,
                        "Total Cost": 58306.47,
                        "Plan Rows": 237559,
                        "Plan Width": 4,
                        "Actual Startup Time": 0.034,
                        "Actual Total Time": 147.386,
                        "Actual Rows": 217109,
                        "Actual Loops": 2,
                        "Filter": "((production_year > 2008) AND (kind_id = 7))",
                        "Rows Removed by Filter": 1047047
                      }
                    ]
                  }
                ]
              }
            ]
          }
        ]
      }
    ]
  },
  "Planning Time": 0.608,
  "Triggers": [],
  "Execution Time": 1924.123
}