{
  "Plan": {
    "Node Type": "Aggregate",
    "Strategy": "Plain",
    "Partial Mode": "Finalize",
    "Parallel Aware": false,
    "Startup Cost": 496521.98,
    "Total Cost": 496521.99,
    "Plan Rows": 1,
    "Plan Width": 8,
    "Actual Startup Time": 10883.109,
    "Actual Total Time": 10953.504,
    "Actual Rows": 1,
    "Actual Loops": 1,
    "Plans": [
      {
        "Node Type": "Gather",
        "Parent Relationship": "Outer",
        "Parallel Aware": false,
        "Startup Cost": 496521.87,
        "Total Cost": 496521.98,
        "Plan Rows": 1,
        "Plan Width": 8,
        "Actual Startup Time": 10881.218,
        "Actual Total Time": 10953.49,
        "Actual Rows": 2,
        "Actual Loops": 1,
        "Workers Planned": 1,
        "Workers Launched": 1,
        "Single Copy": false,
        "Plans": [
          {
            "Node Type": "Aggregate",
            "Strategy": "Plain",
            "Partial Mode": "Partial",
            "Parent Relationship": "Outer",
            "Parallel Aware": false,
            "Startup Cost": 495521.87,
            "Total Cost": 495521.88,
            "Plan Rows": 1,
            "Plan Width": 8,
            "Actual Startup Time": 10874.767,
            "Actual Total Time": 10874.772,
            "Actual Rows": 1,
            "Actual Loops": 2,
            "Plans": [
              {
                "Node Type": "Nested Loop",
                "Parent Relationship": "Outer",
                "Parallel Aware": false,
                "Join Type": "Inner",
                "Startup Cost": 66449.46,
                "Total Cost": 493238.33,
                "Plan Rows": 913417,
                "Plan Width": 0,
                "Actual Startup Time": 215.157,
                "Actual Total Time": 10078.14,
                "Actual Rows": 18419394,
                "Actual Loops": 2,
                "Inner Unique": false,
                "Plans": [
                  {
                    "Node Type": "Hash Join",
                    "Parent Relationship": "Outer",
                    "Parallel Aware": true,
                    "Join Type": "Inner",
                    "Startup Cost": 66448.9,
                    "Total Cost": 232436.06,
                    "Plan Rows": 63746,
                    "Plan Width": 8,
                    "Actual Startup Time": 214.982,
                    "Actual Total Time": 334.389,
                    "Actual Rows": 198779,
                    "Actual Loops": 2,
                    "Inner Unique": true,
                    "Hash Cond": "(mi.movie_id = t.id)",
                    "Plans": [
                      {
                        "Node Type": "Bitmap Heap Scan",
                        "Parent Relationship": "Outer",
                        "Parallel Aware": true,
                        "Relation Name": "movie_info",
                        "Alias": "mi",
                        "Startup Cost": 8135.65,
                        "Total Cost": 173429.61,
                        "Plan Rows": 264077,
                        "Plan Width": 4,
                        "Actual Startup Time": 12.934,
                        "Actual Total Time": 44.458,
                        "Actual Rows": 214326,
                        "Actual Loops": 2,
                        "Recheck Cond": "(info_type_id > 104)",
                        "Rows Removed by Index Recheck": 0,
                        "Exact Heap Blocks": 3015,
                        "Lossy Heap Blocks": 0,
                        "Plans": [
                          {
                            "Node Type": "Bitmap Index Scan",
                            "Parent Relationship": "Outer",
                            "Parallel Aware": false,
                            "Index Name": "info_type_id_movie_info",
                            "Startup Cost": 0.0,
                            "Total Cost": 8023.42,
                            "Plan Rows": 448931,
                            "Plan Width": 0,
                            "Actual Startup Time": 12.103,
                            "Actual Total Time": 12.104,
                            "Actual Rows": 428651,
                            "Actual Loops": 1,
                            "Index Cond": "(info_type_id > 104)"
                          }
                        ]
                      },
                      {
                        "Node Type": "Hash",
                        "Parent Relationship": "Inner",
                        "Parallel Aware": true,
                        "Startup Cost": 53825.69,
                        "Total Cost": 53825.69,
                        "Plan Rows": 359005,
                        "Plan Width": 4,
                        "Actual Startup Time": 193.065,
                        "Actual Total Time": 193.066,
                        "Actual Rows": 261610,
                        "Actual Loops": 2,
                        "Hash Buckets": 1048576,
                        "Original Hash Buckets": 1048576,
                        "Hash Batches": 1,
                        "Original Hash Batches": 1,
                        "Peak Memory Usage": 28704,
                        "Plans": [
                          {
                            "Node Type": "Bitmap Heap Scan",
                            "Parent Relationship": "Outer",
                            "Parallel Aware": true,
                            "Relation Name": "title",
                            "Alias": "t",
                            "Startup Cost": 11975.43,
                            "Total Cost": 53825.69,
                            "Plan Rows": 359005,
                            "Plan Width": 4,
                            "Actual Startup Time": 30.899,
                            "Actual Total Time": 111.02,
                            "Actual Rows": 261610,
                            "Actual Loops": 2,
                            "Recheck Cond": "(kind_id = 1)",
                            "Rows Removed by Index Recheck": 0,
                            "Filter": "(production_year > 1936)",
                            "Rows Removed by Filter": 69803,
                            "Exact Heap Blocks": 8862,
                            "Lossy Heap Blocks": 0,
                            "Plans": [
                              {
                                "Node Type": "Bitmap Index Scan",
                                "Parent Relationship": "Outer",
                                "Parallel Aware": false,
                                "Index Name": "kind_id_title",
                                "Startup Cost": 0.0,
                                "Total Cost": 11822.85,
                                "Plan Rows": 663256,
                                "Plan Width": 0,
                                "Actual Startup Time": 28.994,
                                "Actual Total Time": 28.995,
                                "Actual Rows": 662825,
                                "Actual Loops": 1,
                                "Index Cond": "(kind_id = 1)"
                              }
                            ]
                          }
                        ]
                      }
                    ]
                  },
                  {
                    "Node Type": "Index Only Scan",
                    "Parent Relationship": "Inner",
                    "Parallel Aware": false,
                    "Scan Direction": "Forward",
                    "Index Name": "movie_id_cast_info",
                    "Relation Name": "cast_info",
                    "Alias": "ci",
                    "Startup Cost": 0.56,
                    "Total Cost": 3.72,
                    "Plan Rows": 37,
                    "Plan Width": 4,
                    "Actual Startup Time": 0.005,
                    "Actual Total Time": 0.042,
                    "Actual Rows": 93,
                    "Actual Loops": 397558,
                    "Index Cond": "(movie_id = t.id)",
                    "Rows Removed by Index Recheck": 0,
                    "Heap Fetches": 36838788
                  }
                ]
              }
            ]
          }
        ]
      }
    ]
  },
  "Planning Time": 0.956,
  "Triggers": [],
  "Execution Time": 10953.686
}