{
  "Plan": {
    "Node Type": "Aggregate",
    "Strategy": "Plain",
    "Partial Mode": "Finalize",
    "Parallel Aware": false,
    "Startup Cost": 204259.43,
    "Total Cost": 204259.44,
    "Plan Rows": 1,
    "Plan Width": 8,
    "Actual Startup Time": 175.146,
    "Actual Total Time": 192.752,
    "Actual Rows": 1,
    "Actual Loops": 1,
    "Plans": [
      {
        "Node Type": "Gather",
        "Parent Relationship": "Outer",
        "Parallel Aware": false,
        "Startup Cost": 204259.32,
        "Total Cost": 204259.43,
        "Plan Rows": 1,
        "Plan Width": 8,
        "Actual Startup Time": 175.02,
        "Actual Total Time": 192.744,
        "Actual Rows": 2,
        "Actual Loops": 1,
        "Workers Planned": 1,
        "Workers Launched": 1,
        "Single Copy": false,
        "Plans": [
          {
            "Node Type": "Aggregate",
            "Strategy": "Plain",
            "Partial Mode": "Partial",
            "Parent Relationship": "Outer",
            "Parallel Aware": false,
            "Startup Cost": 203259.32,
            "Total Cost": 203259.33,
            "Plan Rows": 1,
            "Plan Width": 8,
            "Actual Startup Time": 169.015,
            "Actual Total Time": 169.016,
            "Actual Rows": 1,
            "Actual Loops": 2,
            "Plans": [
              {
                "Node Type": "Nested Loop",
                "Parent Relationship": "Outer",
                "Parallel Aware": false,
                "Join Type": "Inner",
                "Startup Cost": 0.43,
                "Total Cost": 203243.76,
                "Plan Rows": 6226,
                "Plan Width": 0,
                "Actual Startup Time": 88.148,
                "Actual Total Time": 168.063,
                "Actual Rows": 15352,
                "Actual Loops": 2,
                "Inner Unique": false,
                "Plans": [
                  {
                    "Node Type": "Seq Scan",
                    "Parent Relationship": "Outer",
                    "Parallel Aware": true,
                    "Relation Name": "title",
                    "Alias": "t",
                    "Startup Cost": 0.0,
                    "Total Cost": 54588.39,
                    "Plan Rows": 1065,
                    "Plan Width": 4,
                    "Actual Startup Time": 88.074,
                    "Actual Total Time": 131.579,
                    "Actual Rows": 1254,
                    "Actual Loops": 2,
                    "Filter": "(production_year = 1931)",
                    "Rows Removed by Filter": 1262902
                  },
                  {
                    "Node Type": "Index Only Scan",
                    "Parent Relationship": "Inner",
                    "Parallel Aware": false,
                    "Scan Direction": "Forward",
                    "Index Name": "movie_id_movie_info",
                    "Relation Name": "movie_info",
                    "Alias": "mi",
                    "Startup Cost": 0.43,
                    "Total Cost": 139.16,
                    "Plan Rows": 42,
                    "Plan Width": 4,
                    "Actual Startup Time": 0.01,
                    "Actual Total Time": 0.028,
                    "Actual Rows": 12,
                    "Actual Loops": 2507,
                    "Index Cond": "(movie_id = t.id)",
                    "Rows Removed by Index Recheck": 0,
                    "Heap Fetches": 30703
                  }
                ]
              }
            ]
          }
        ]
      }
    ]
  },
  "Planning Time": 0.405,
  "Triggers": [],
  "Execution Time": 192.834
}