[
  {
    "Plan": {
      "Node Type": "Aggregate",
      "Strategy": "Plain",
      "Partial Mode": "Finalize",
      "Parallel Aware": false,
      "Startup Cost": 84767.83,
      "Total Cost": 84767.84,
      "Plan Rows": 1,
      "Plan Width": 8,
      "Actual Startup Time": 507.507,
      "Actual Total Time": 531.326,
      "Actual Rows": 1,
      "Actual Loops": 1,
      "Plans": [
        {
          "Node Type": "Gather",
          "Parent Relationship": "Outer",
          "Parallel Aware": false,
          "Startup Cost": 84767.51,
          "Total Cost": 84767.82,
          "Plan Rows": 3,
          "Plan Width": 8,
          "Actual Startup Time": 496.63,
          "Actual Total Time": 531.31,
          "Actual Rows": 4,
          "Actual Loops": 1,
          "Workers Planned": 3,
          "Workers Launched": 3,
          "Single Copy": false,
          "Plans": [
            {
              "Node Type": "Aggregate",
              "Strategy": "Plain",
              "Partial Mode": "Partial",
              "Parent Relationship": "Outer",
              "Parallel Aware": false,
              "Startup Cost": 83767.51,
              "Total Cost": 83767.52,
              "Plan Rows": 1,
              "Plan Width": 8,
              "Actual Startup Time": 484.392,
              "Actual Total Time": 484.396,
              "Actual Rows": 1,
              "Actual Loops": 4,
              "Plans": [
                {
                  "Node Type": "Hash Join",
                  "Parent Relationship": "Outer",
                  "Parallel Aware": true,
                  "Join Type": "Inner",
                  "Startup Cost": 57392.03,
                  "Total Cost": 83494.96,
                  "Plan Rows": 109020,
                  "Plan Width": 0,
                  "Actual Startup Time": 399.391,
                  "Actual Total Time": 479.758,
                  "Actual Rows": 84216,
                  "Actual Loops": 4,
                  "Inner Unique": true,
                  "Hash Cond": "(mk.movie_id = t.id)",
                  "Plans": [
                    {
                      "Node Type": "Bitmap Heap Scan",
                      "Parent Relationship": "Outer",
                      "Parallel Aware": true,
                      "Relation Name": "movie_keyword",
                      "Alias": "mk",
                      "Startup Cost": 7171.65,
                      "Total Cost": 32988.4,
                      "Plan Rows": 109020,
                      "Plan Width": 4,
                      "Actual Startup Time": 25.582,
                      "Actual Total Time": 73.196,
                      "Actual Rows": 84216,
                      "Actual Loops": 4,
                      "Recheck Cond": "(keyword_id > 49014)",
                      "Rows Removed by Index Recheck": 0,
                      "Exact Heap Blocks": 4837,
                      "Lossy Heap Blocks": 0,
                      "Plans": [
                        {
                          "Node Type": "Bitmap Index Scan",
                          "Parent Relationship": "Outer",
                          "Parallel Aware": false,
                          "Index Name": "keyword_id_movie_keyword",
                          "Startup Cost": 0.0,
                          "Total Cost": 7087.15,
                          "Plan Rows": 337963,
                          "Plan Width": 0,
                          "Actual Startup Time": 22.371,
                          "Actual Total Time": 22.372,
                          "Actual Rows": 336866,
                          "Actual Loops": 1,
                          "Index Cond": "(keyword_id > 49014)"
                        }
                      ]
                    },
                    {
                      "Node Type": "Hash",
                      "Parent Relationship": "Inner",
                      "Parallel Aware": true,
                      "Startup Cost": 42319.06,
                      "Total Cost": 42319.06,
                      "Plan Rows": 632106,
                      "Plan Width": 4,
                      "Actual Startup Time": 364.053,
                      "Actual Total Time": 364.054,
                      "Actual Rows": 632078,
                      "Actual Loops": 4,
                      "Hash Buckets": 4194304,
                      "Original Hash Buckets": 4194304,
                      "Hash Batches": 1,
                      "Original Hash Batches": 1,
                      "Peak Memory Usage": 131744,
                      "Plans": [
                        {
                          "Node Type": "Seq Scan",
                          "Parent Relationship": "Outer",
                          "Parallel Aware": true,
                          "Relation Name": "title",
                          "Alias": "t",
                          "Startup Cost": 0.0,
                          "Total Cost": 42319.06,
                          "Plan Rows": 632106,
                          "Plan Width": 4,
                          "Actual Startup Time": 0.05,
                          "Actual Total Time": 105.114,
                          "Actual Rows": 632078,
                          "Actual Loops": 4
                        }
                      ]
                    }
                  ]
                }
              ]
            }
          ]
        }
      ]
    },
    "Planning Time": 0.452,
    "Triggers": [],
    "Execution Time": 531.379
  }
]