[
  {
    "Plan": {
      "Node Type": "Aggregate",
      "Strategy": "Plain",
      "Partial Mode": "Simple",
      "Parallel Aware": false,
      "Startup Cost": 3085.03,
      "Total Cost": 3085.04,
      "Plan Rows": 1,
      "Plan Width": 8,
      "Actual Startup Time": 10.123,
      "Actual Total Time": 10.125,
      "Actual Rows": 1,
      "Actual Loops": 1,
      "Plans": [
        {
          "Node Type": "Nested Loop",
          "Parent Relationship": "Outer",
          "Parallel Aware": false,
          "Join Type": "Inner",
          "Startup Cost": 7.22,
          "Total Cost": 3084.78,
          "Plan Rows": 100,
          "Plan Width": 0,
          "Actual Startup Time": 8.53,
          "Actual Total Time": 10.082,
          "Actual Rows": 237,
          "Actual Loops": 1,
          "Inner Unique": false,
          "Plans": [
            {
              "Node Type": "Nested Loop",
              "Parent Relationship": "Outer",
              "Parallel Aware": false,
              "Join Type": "Inner",
              "Startup Cost": 6.79,
              "Total Cost": 3018.6,
              "Plan Rows": 97,
              "Plan Width": 8,
              "Actual Startup Time": 8.501,
              "Actual Total Time": 9.327,
              "Actual Rows": 52,
              "Actual Loops": 1,
              "Inner Unique": true,
              "Plans": [
                {
                  "Node Type": "Bitmap Heap Scan",
                  "Parent Relationship": "Outer",
                  "Parallel Aware": false,
                  "Relation Name": "movie_keyword",
                  "Alias": "mk",
                  "Startup Cost": 6.36,
                  "Total Cost": 926.55,
                  "Plan Rows": 249,
                  "Plan Width": 4,
                  "Actual Startup Time": 8.46,
                  "Actual Total Time": 8.639,
                  "Actual Rows": 53,
                  "Actual Loops": 1,
                  "Recheck Cond": "(keyword_id = 25611)",
                  "Rows Removed by Index Recheck": 0,
                  "Exact Heap Blocks": 51,
                  "Lossy Heap Blocks": 0,
                  "Plans": [
                    {
                      "Node Type": "Bitmap Index Scan",
                      "Parent Relationship": "Outer",
                      "Parallel Aware": false,
                      "Index Name": "keyword_id_movie_keyword",
                      "Startup Cost": 0.0,
                      "Total Cost": 6.3,
                      "Plan Rows": 249,
                      "Plan Width": 0,
                      "Actual Startup Time": 8.427,
                      "Actual Total Time": 8.428,
                      "Actual Rows": 53,
                      "Actual Loops": 1,
                      "Index Cond": "(keyword_id = 25611)"
                    }
                  ]
                },
                {
                  "Node Type": "Index Scan",
                  "Parent Relationship": "Inner",
                  "Parallel Aware": false,
                  "Scan Direction": "Forward",
                  "Index Name": "title_pkey",
                  "Relation Name": "title",
                  "Alias": "t",
                  "Startup Cost": 0.43,
                  "Total Cost": 8.4,
                  "Plan Rows": 1,
                  "Plan Width": 4,
                  "Actual Startup Time": 0.012,
                  "Actual Total Time": 0.012,
                  "Actual Rows": 1,
                  "Actual Loops": 53,
                  "Index Cond": "(id = mk.movie_id)",
                  "Rows Removed by Index Recheck": 0,
                  "Filter": "(kind_id < 7)",
                  "Rows Removed by Filter": 0
                }
              ]
            },
            {
              "Node Type": "Index Only Scan",
              "Parent Relationship": "Inner",
              "Parallel Aware": false,
              "Scan Direction": "Forward",
              "Index Name": "movie_id_movie_companies",
              "Relation Name": "movie_companies",
              "Alias": "mc",
              "Startup Cost": 0.43,
              "Total Cost": 0.63,
              "Plan Rows": 5,
              "Plan Width": 4,
              "Actual Startup Time": 0.01,
              "Actual Total Time": 0.013,
              "Actual Rows": 5,
              "Actual Loops": 52,
              "Index Cond": "(movie_id = t.id)",
              "Rows Removed by Index Recheck": 0,
              "Heap Fetches": 237
            }
          ]
        }
      ]
    },
    "Planning Time": 0.786,
    "Triggers": [],
    "Execution Time": 10.173
  }
]