{
  "Plan": {
    "Node Type": "Aggregate",
    "Strategy": "Plain",
    "Partial Mode": "Finalize",
    "Parallel Aware": false,
    "Startup Cost": 146559.36,
    "Total Cost": 146559.37,
    "Plan Rows": 1,
    "Plan Width": 8,
    "Actual Startup Time": 321.177,
    "Actual Total Time": 351.198,
    "Actual Rows": 1,
    "Actual Loops": 1,
    "Plans": [
      {
        "Node Type": "Gather",
        "Parent Relationship": "Outer",
        "Parallel Aware": false,
        "Startup Cost": 146559.25,
        "Total Cost": 146559.36,
        "Plan Rows": 1,
        "Plan Width": 8,
        "Actual Startup Time": 320.809,
        "Actual Total Time": 351.191,
        "Actual Rows": 2,
        "Actual Loops": 1,
        "Workers Planned": 1,
        "Workers Launched": 1,
        "Single Copy": false,
        "Plans": [
          {
            "Node Type": "Aggregate",
            "Strategy": "Plain",
            "Partial Mode": "Partial",
            "Parent Relationship": "Outer",
            "Parallel Aware": false,
            "Startup Cost": 145559.25,
            "Total Cost": 145559.26,
            "Plan Rows": 1,
            "Plan Width": 8,
            "Actual Startup Time": 314.643,
            "Actual Total Time": 314.647,
            "Actual Rows": 1,
            "Actual Loops": 2,
            "Plans": [
              {
                "Node Type": "Nested Loop",
                "Parent Relationship": "Outer",
                "Parallel Aware": false,
                "Join Type": "Inner",
                "Startup Cost": 28844.85,
                "Total Cost": 145286.57,
                "Plan Rows": 109072,
                "Plan Width": 0,
                "Actual Startup Time": 85.93,
                "Actual Total Time": 312.515,
                "Actual Rows": 38726,
                "Actual Loops": 2,
                "Inner Unique": false,
                "Plans": [
                  {
                    "Node Type": "Hash Join",
                    "Parent Relationship": "Outer",
                    "Parallel Aware": true,
                    "Join Type": "Inner",
                    "Startup Cost": 28844.41,
                    "Total Cost": 85511.86,
                    "Plan Rows": 18654,
                    "Plan Width": 8,
                    "Actual Startup Time": 85.838,
                    "Actual Total Time": 246.442,
                    "Actual Rows": 3801,
                    "Actual Loops": 2,
                    "Inner Unique": false,
                    "Hash Cond": "(t.id = mc.movie_id)",
                    "Plans": [
                      {
                        "Node Type": "Seq Scan",
                        "Parent Relationship": "Outer",
                        "Parallel Aware": true,
                        "Relation Name": "title",
                        "Alias": "t",
                        "Startup Cost": 0.0,
                        "Total Cost": 54588.39,
                        "Plan Rows": 315092,
                        "Plan Width": 4,
                        "Actual Startup Time": 0.011,
                        "Actual Total Time": 124.613,
                        "Actual Rows": 266684,
                        "Actual Loops": 2,
                        "Filter": "(production_year > 2009)",
                        "Rows Removed by Filter": 997472
                      },
                      {
                        "Node Type": "Hash",
                        "Parent Relationship": "Inner",
                        "Parallel Aware": true,
                        "Startup Cost": 27743.86,
                        "Total Cost": 27743.86,
                        "Plan Rows": 88044,
                        "Plan Width": 4,
                        "Actual Startup Time": 82.344,
                        "Actual Total Time": 82.345,
                        "Actual Rows": 34246,
                        "Actual Loops": 2,
                        "Hash Buckets": 262144,
                        "Original Hash Buckets": 262144,
                        "Hash Batches": 1,
                        "Original Hash Batches": 1,
                        "Peak Memory Usage": 4768,
                        "Plans": [
                          {
                            "Node Type": "Bitmap Heap Scan",
                            "Parent Relationship": "Outer",
                            "Parallel Aware": true,
                            "Relation Name": "movie_companies",
                            "Alias": "mc",
                            "Startup Cost": 6352.77,
                            "Total Cost": 27743.86,
                            "Plan Rows": 88044,
                            "Plan Width": 4,
                            "Actual Startup Time": 60.73,
                            "Actual Total Time": 75.074,
                            "Actual Rows": 34246,
                            "Actual Loops": 2,
                            "Recheck Cond": "(company_id < 160)",
                            "Rows Removed by Index Recheck": 0,
                            "Filter": "(company_type_id = 2)",
                            "Rows Removed by Filter": 112192,
                            "Exact Heap Blocks": 14057,
                            "Lossy Heap Blocks": 0,
                            "Plans": [
                              {
                                "Node Type": "Bitmap Index Scan",
                                "Parent Relationship": "Outer",
                                "Parallel Aware": false,
                                "Index Name": "company_id_movie_companies",
                                "Startup Cost": 0.0,
                                "Total Cost": 6315.35,
                                "Plan Rows": 294790,
                                "Plan Width": 0,
                                "Actual Startup Time": 26.458,
                                "Actual Total Time": 26.458,
                                "Actual Rows": 292877,
                                "Actual Loops": 1,
                                "Index Cond": "(company_id < 160)"
                              }
                            ]
                          }
                        ]
                      }
                    ]
                  },
                  {
                    "Node Type": "Index Only Scan",
                    "Parent Relationship": "Inner",
                    "Parallel Aware": false,
                    "Scan Direction": "Forward",
                    "Index Name": "movie_id_movie_info",
                    "Relation Name": "movie_info",
                    "Alias": "mi",
                    "Startup Cost": 0.43,
                    "Total Cost": 2.78,
                    "Plan Rows": 42,
                    "Plan Width": 4,
                    "Actual Startup Time": 0.006,
                    "Actual Total Time": 0.016,
                    "Actual Rows": 10,
                    "Actual Loops": 7602,
                    "Index Cond": "(movie_id = t.id)",
                    "Rows Removed by Index Recheck": 0,
                    "Heap Fetches": 77452
                  }
                ]
              }
            ]
          }
        ]
      }
    ]
  },
  "Planning Time": 1.015,
  "Triggers": [],
  "Execution Time": 351.308
}