[
  {
    "Plan": {
      "Node Type": "Aggregate",
      "Strategy": "Plain",
      "Partial Mode": "Finalize",
      "Parallel Aware": false,
      "Startup Cost": 46763.0,
      "Total Cost": 46763.01,
      "Plan Rows": 1,
      "Plan Width": 8,
      "Actual Startup Time": 199.411,
      "Actual Total Time": 209.141,
      "Actual Rows": 1,
      "Actual Loops": 1,
      "Plans": [
        {
          "Node Type": "Gather",
          "Parent Relationship": "Outer",
          "Parallel Aware": false,
          "Startup Cost": 46762.68,
          "Total Cost": 46762.99,
          "Plan Rows": 3,
          "Plan Width": 8,
          "Actual Startup Time": 199.225,
          "Actual Total Time": 209.126,
          "Actual Rows": 4,
          "Actual Loops": 1,
          "Workers Planned": 3,
          "Workers Launched": 3,
          "Single Copy": false,
          "Plans": [
            {
              "Node Type": "Aggregate",
              "Strategy": "Plain",
              "Partial Mode": "Partial",
              "Parent Relationship": "Outer",
              "Parallel Aware": false,
              "Startup Cost": 45762.68,
              "Total Cost": 45762.69,
              "Plan Rows": 1,
              "Plan Width": 8,
              "Actual Startup Time": 192.329,
              "Actual Total Time": 192.33,
              "Actual Rows": 1,
              "Actual Loops": 4,
              "Plans": [
                {
                  "Node Type": "Seq Scan",
                  "Parent Relationship": "Outer",
                  "Parallel Aware": true,
                  "Relation Name": "movie_keyword",
                  "Alias": "mk",
                  "Startup Cost": 0.0,
                  "Total Cost": 42695.65,
                  "Plan Rows": 1226812,
                  "Plan Width": 0,
                  "Actual Startup Time": 0.071,
                  "Actual Total Time": 141.8,
                  "Actual Rows": 950611,
                  "Actual Loops": 4,
                  "Filter": "(keyword_id > 641)",
                  "Rows Removed by Filter": 180372
                }
              ]
            }
          ]
        }
      ]
    },
    "Planning Time": 0.163,
    "Triggers": [],
    "Execution Time": 209.201
  }
]