[
  {
    "Plan": {
      "Node Type": "Aggregate",
      "Strategy": "Plain",
      "Partial Mode": "Finalize",
      "Parallel Aware": false,
      "Startup Cost": 349752.97,
      "Total Cost": 349752.98,
      "Plan Rows": 1,
      "Plan Width": 8,
      "Actual Startup Time": 873.649,
      "Actual Total Time": 942.245,
      "Actual Rows": 1,
      "Actual Loops": 1,
      "Plans": [
        {
          "Node Type": "Gather",
          "Parent Relationship": "Outer",
          "Parallel Aware": false,
          "Startup Cost": 349752.35,
          "Total Cost": 349752.96,
          "Plan Rows": 6,
          "Plan Width": 8,
          "Actual Startup Time": 873.461,
          "Actual Total Time": 942.23,
          "Actual Rows": 7,
          "Actual Loops": 1,
          "Workers Planned": 6,
          "Workers Launched": 6,
          "Single Copy": false,
          "Plans": [
            {
              "Node Type": "Aggregate",
              "Strategy": "Plain",
              "Partial Mode": "Partial",
              "Parent Relationship": "Outer",
              "Parallel Aware": false,
              "Startup Cost": 348752.35,
              "Total Cost": 348752.36,
              "Plan Rows": 1,
              "Plan Width": 8,
              "Actual Startup Time": 864.301,
              "Actual Total Time": 864.302,
              "Actual Rows": 1,
              "Actual Loops": 7,
              "Plans": [
                {
                  "Node Type": "Seq Scan",
                  "Parent Relationship": "Outer",
                  "Parallel Aware": true,
                  "Relation Name": "cast_info",
                  "Alias": "ci",
                  "Startup Cost": 0.0,
                  "Total Cost": 343316.27,
                  "Plan Rows": 2174430,
                  "Plan Width": 0,
                  "Actual Startup Time": 385.813,
                  "Actual Total Time": 763.581,
                  "Actual Rows": 2028355,
                  "Actual Loops": 7,
                  "Filter": "((person_id > 664006) AND (role_id > 2))",
                  "Rows Removed by Filter": 3149408
                }
              ]
            }
          ]
        }
      ]
    },
    "Planning Time": 0.109,
    "Triggers": [],
    "Execution Time": 942.297
  }
]