{
  "Plan": {
    "Node Type": "Aggregate",
    "Strategy": "Plain",
    "Partial Mode": "Finalize",
    "Parallel Aware": false,
    "Startup Cost": 49175.35,
    "Total Cost": 49175.36,
    "Plan Rows": 1,
    "Plan Width": 8,
    "Actual Startup Time": 50.079,
    "Actual Total Time": 58.44,
    "Actual Rows": 1,
    "Actual Loops": 1,
    "Plans": [
      {
        "Node Type": "Gather",
        "Parent Relationship": "Outer",
        "Parallel Aware": false,
        "Startup Cost": 49175.24,
        "Total Cost": 49175.35,
        "Plan Rows": 1,
        "Plan Width": 8,
        "Actual Startup Time": 49.984,
        "Actual Total Time": 58.435,
        "Actual Rows": 2,
        "Actual Loops": 1,
        "Workers Planned": 1,
        "Workers Launched": 1,
        "Single Copy": false,
        "Plans": [
          {
            "Node Type": "Aggregate",
            "Strategy": "Plain",
            "Partial Mode": "Partial",
            "Parent Relationship": "Outer",
            "Parallel Aware": false,
            "Startup Cost": 48175.24,
            "Total Cost": 48175.25,
            "Plan Rows": 1,
            "Plan Width": 8,
            "Actual Startup Time": 44.021,
            "Actual Total Time": 44.022,
            "Actual Rows": 1,
            "Actual Loops": 2,
            "Plans": [
              {
                "Node Type": "Nested Loop",
                "Parent Relationship": "Outer",
                "Parallel Aware": false,
                "Join Type": "Inner",
                "Startup Cost": 169.63,
                "Total Cost": 48165.82,
                "Plan Rows": 3768,
                "Plan Width": 0,
                "Actual Startup Time": 4.157,
                "Actual Total Time": 43.534,
                "Actual Rows": 3391,
                "Actual Loops": 2,
                "Inner Unique": true,
                "Plans": [
                  {
                    "Node Type": "Bitmap Heap Scan",
                    "Parent Relationship": "Outer",
                    "Parallel Aware": true,
                    "Relation Name": "movie_keyword",
                    "Alias": "mk",
                    "Startup Cost": 169.2,
                    "Total Cost": 16600.91,
                    "Plan Rows": 4612,
                    "Plan Width": 4,
                    "Actual Startup Time": 3.939,
                    "Actual Total Time": 16.234,
                    "Actual Rows": 3710,
                    "Actual Loops": 2,
                    "Recheck Cond": "(keyword_id = 373)",
                    "Rows Removed by Index Recheck": 0,
                    "Exact Heap Blocks": 5189,
                    "Lossy Heap Blocks": 0,
                    "Plans": [
                      {
                        "Node Type": "Bitmap Index Scan",
                        "Parent Relationship": "Outer",
                        "Parallel Aware": false,
                        "Index Name": "keyword_id_movie_keyword",
                        "Startup Cost": 0.0,
                        "Total Cost": 167.24,
                        "Plan Rows": 7841,
                        "Plan Width": 0,
                        "Actual Startup Time": 4.523,
                        "Actual Total Time": 4.524,
                        "Actual Rows": 7419,
                        "Actual Loops": 1,
                        "Index Cond": "(keyword_id = 373)"
                      }
                    ]
                  },
                  {
                    "Node Type": "Index Scan",
                    "Parent Relationship": "Inner",
                    "Parallel Aware": false,
                    "Scan Direction": "Forward",
                    "Index Name": "title_pkey",
                    "Relation Name": "title",
                    "Alias": "t",
                    "Startup Cost": 0.43,
                    "Total Cost": 6.84,
                    "Plan Rows": 1,
                    "Plan Width": 4,
                    "Actual Startup Time": 0.007,
                    "Actual Total Time": 0.007,
                    "Actual Rows": 1,
                    "Actual Loops": 7419,
                    "Index Cond": "(id = mk.movie_id)",
                    "Rows Removed by Index Recheck": 0,
                    "Filter": "(production_year < 2011)",
                    "Rows Removed by Filter": 0
                  }
                ]
              }
            ]
          }
        ]
      }
    ]
  },
  "Planning Time": 0.591,
  "Triggers": [],
  "Execution Time": 58.524
}