[
    {
        "Bao": {
            "Bao prediction": "NaN",
            "Bao recommended hint": "(no hint)"
        }
    },
    {
        "Plan": {
            "Node Type": "Aggregate",
            "Strategy": "Plain",
            "Partial Mode": "Finalize",
            "Parallel Aware": false,
            "Startup Cost": 167176.46,
            "Total Cost": 167176.47,
            "Plan Rows": 1,
            "Plan Width": 8,
            "Actual Startup Time": 257.164,
            "Actual Total Time": 270.818,
            "Actual Rows": 1,
            "Actual Loops": 1,
            "Output": [
                "count(*)"
            ],
            "Plans": [
                {
                    "Node Type": "Gather",
                    "Parent Relationship": "Outer",
                    "Parallel Aware": false,
                    "Startup Cost": 167175.94,
                    "Total Cost": 167176.45,
                    "Plan Rows": 5,
                    "Plan Width": 8,
                    "Actual Startup Time": 256.714,
                    "Actual Total Time": 270.808,
                    "Actual Rows": 6,
                    "Actual Loops": 1,
                    "Output": [
                        "(PARTIAL count(*))"
                    ],
                    "Workers Planned": 5,
                    "Workers Launched": 5,
                    "Single Copy": false,
                    "Plans": [
                        {
                            "Node Type": "Aggregate",
                            "Strategy": "Plain",
                            "Partial Mode": "Partial",
                            "Parent Relationship": "Outer",
                            "Parallel Aware": false,
                            "Startup Cost": 166175.94,
                            "Total Cost": 166175.95,
                            "Plan Rows": 1,
                            "Plan Width": 8,
                            "Actual Startup Time": 245.435,
                            "Actual Total Time": 245.439,
                            "Actual Rows": 1,
                            "Actual Loops": 6,
                            "Output": [
                                "PARTIAL count(*)"
                            ],
                            "Workers": [
                                {
                                    "Worker Number": 0,
                                    "Actual Startup Time": 243.874,
                                    "Actual Total Time": 243.878,
                                    "Actual Rows": 1,
                                    "Actual Loops": 1
                                },
                                {
                                    "Worker Number": 1,
                                    "Actual Startup Time": 244.103,
                                    "Actual Total Time": 244.107,
                                    "Actual Rows": 1,
                                    "Actual Loops": 1
                                },
                                {
                                    "Worker Number": 2,
                                    "Actual Startup Time": 244.288,
                                    "Actual Total Time": 244.293,
                                    "Actual Rows": 1,
                                    "Actual Loops": 1
                                },
                                {
                                    "Worker Number": 3,
                                    "Actual Startup Time": 244.826,
                                    "Actual Total Time": 244.829,
                                    "Actual Rows": 1,
                                    "Actual Loops": 1
                                },
                                {
                                    "Worker Number": 4,
                                    "Actual Startup Time": 239.317,
                                    "Actual Total Time": 239.321,
                                    "Actual Rows": 1,
                                    "Actual Loops": 1
                                }
                            ],
                            "Plans": [
                                {
                                    "Node Type": "Nested Loop",
                                    "Parent Relationship": "Outer",
                                    "Parallel Aware": false,
                                    "Join Type": "Inner",
                                    "Startup Cost": 44008.37,
                                    "Total Cost": 166142.91,
                                    "Plan Rows": 13211,
                                    "Plan Width": 0,
                                    "Actual Startup Time": 174.979,
                                    "Actual Total Time": 245.427,
                                    "Actual Rows": 53,
                                    "Actual Loops": 6,
                                    "Inner Unique": false,
                                    "Join Filter": "(t.id = mi.movie_id)",
                                    "Rows Removed by Join Filter": 0,
                                    "Workers": [
                                        {
                                            "Worker Number": 0,
                                            "Actual Startup Time": 243.869,
                                            "Actual Total Time": 243.873,
                                            "Actual Rows": 0,
                                            "Actual Loops": 1
                                        },
                                        {
                                            "Worker Number": 1,
                                            "Actual Startup Time": 244.097,
                                            "Actual Total Time": 244.101,
                                            "Actual Rows": 0,
                                            "Actual Loops": 1
                                        },
                                        {
                                            "Worker Number": 2,
                                            "Actual Startup Time": 244.282,
                                            "Actual Total Time": 244.286,
                                            "Actual Rows": 0,
                                            "Actual Loops": 1
                                        },
                                        {
                                            "Worker Number": 3,
                                            "Actual Startup Time": 96.287,
                                            "Actual Total Time": 244.793,
                                            "Actual Rows": 276,
                                            "Actual Loops": 1
                                        },
                                        {
                                            "Worker Number": 4,
                                            "Actual Startup Time": 90.014,
                                            "Actual Total Time": 239.308,
                                            "Actual Rows": 25,
                                            "Actual Loops": 1
                                        }
                                    ],
                                    "Plans": [
                                        {
                                            "Node Type": "Hash Join",
                                            "Parent Relationship": "Outer",
                                            "Parallel Aware": true,
                                            "Join Type": "Inner",
                                            "Startup Cost": 44007.93,
                                            "Total Cost": 160136.97,
                                            "Plan Rows": 2264,
                                            "Plan Width": 8,
                                            "Actual Startup Time": 174.943,
                                            "Actual Total Time": 245.036,
                                            "Actual Rows": 4,
                                            "Actual Loops": 6,
                                            "Output": [
                                                "t.id",
                                                "ci.movie_id"
                                            ],
                                            "Inner Unique": true,
                                            "Hash Cond": "(ci.movie_id = t.id)",
                                            "Workers": [
                                                {
                                                    "Worker Number": 0,
                                                    "Actual Startup Time": 243.868,
                                                    "Actual Total Time": 243.871,
                                                    "Actual Rows": 0,
                                                    "Actual Loops": 1
                                                },
                                                {
                                                    "Worker Number": 1,
                                                    "Actual Startup Time": 244.096,
                                                    "Actual Total Time": 244.098,
                                                    "Actual Rows": 0,
                                                    "Actual Loops": 1
                                                },
                                                {
                                                    "Worker Number": 2,
                                                    "Actual Startup Time": 244.28,
                                                    "Actual Total Time": 244.284,
                                                    "Actual Rows": 0,
                                                    "Actual Loops": 1
                                                },
                                                {
                                                    "Worker Number": 3,
                                                    "Actual Startup Time": 96.204,
                                                    "Actual Total Time": 242.882,
                                                    "Actual Rows": 21,
                                                    "Actual Loops": 1
                                                },
                                                {
                                                    "Worker Number": 4,
                                                    "Actual Startup Time": 89.907,
                                                    "Actual Total Time": 238.923,
                                                    "Actual Rows": 2,
                                                    "Actual Loops": 1
                                                }
                                            ],
                                            "Plans": [
                                                {
                                                    "Node Type": "Index Scan",
                                                    "Parent Relationship": "Outer",
                                                    "Parallel Aware": true,
                                                    "Scan Direction": "Forward",
                                                    "Index Name": "role_id_cast_info",
                                                    "Relation Name": "cast_info",
                                                    "Schema": "public",
                                                    "Alias": "ci",
                                                    "Startup Cost": 0.56,
                                                    "Total Cost": 115696.32,
                                                    "Plan Rows": 165062,
                                                    "Plan Width": 4,
                                                    "Actual Startup Time": 0.113,
                                                    "Actual Total Time": 155.348,
                                                    "Actual Rows": 47679,
                                                    "Actual Loops": 6,
                                                    "Output": [
                                                        "ci.id",
                                                        "ci.person_id",
                                                        "ci.movie_id",
                                                        "ci.person_role_id",
                                                        "ci.note",
                                                        "ci.nr_order",
                                                        "ci.role_id"
                                                    ],
                                                    "Index Cond": "(ci.role_id = 10)",
                                                    "Rows Removed by Index Recheck": 0,
                                                    "Filter": "(ci.person_id < 703922)",
                                                    "Rows Removed by Filter": 672824,
                                                    "Workers": [
                                                        {
                                                            "Worker Number": 0,
                                                            "Actual Startup Time": 0.081,
                                                            "Actual Total Time": 155.527,
                                                            "Actual Rows": 43645,
                                                            "Actual Loops": 1
                                                        },
                                                        {
                                                            "Worker Number": 1,
                                                            "Actual Startup Time": 0.071,
                                                            "Actual Total Time": 156.007,
                                                            "Actual Rows": 40160,
                                                            "Actual Loops": 1
                                                        },
                                                        {
                                                            "Worker Number": 2,
                                                            "Actual Startup Time": 0.086,
                                                            "Actual Total Time": 155.485,
                                                            "Actual Rows": 40141,
                                                            "Actual Loops": 1
                                                        },
                                                        {
                                                            "Worker Number": 3,
                                                            "Actual Startup Time": 0.288,
                                                            "Actual Total Time": 153.923,
                                                            "Actual Rows": 55421,
                                                            "Actual Loops": 1
                                                        },
                                                        {
                                                            "Worker Number": 4,
                                                            "Actual Startup Time": 0.123,
                                                            "Actual Total Time": 155.283,
                                                            "Actual Rows": 42714,
                                                            "Actual Loops": 1
                                                        }
                                                    ]
                                                },
                                                {
                                                    "Node Type": "Hash",
                                                    "Parent Relationship": "Inner",
                                                    "Parallel Aware": true,
                                                    "Startup Cost": 43899.01,
                                                    "Total Cost": 43899.01,
                                                    "Plan Rows": 8669,
                                                    "Plan Width": 4,
                                                    "Actual Startup Time": 80.669,
                                                    "Actual Total Time": 80.67,
                                                    "Actual Rows": 5842,
                                                    "Actual Loops": 6,
                                                    "Output": [
                                                        "t.id"
                                                    ],
                                                    "Hash Buckets": 65536,
                                                    "Original Hash Buckets": 65536,
                                                    "Hash Batches": 1,
                                                    "Original Hash Batches": 1,
                                                    "Peak Memory Usage": 2016,
                                                    "Workers": [
                                                        {
                                                            "Worker Number": 0,
                                                            "Actual Startup Time": 79.133,
                                                            "Actual Total Time": 79.134,
                                                            "Actual Rows": 4348,
                                                            "Actual Loops": 1
                                                        },
                                                        {
                                                            "Worker Number": 1,
                                                            "Actual Startup Time": 79.383,
                                                            "Actual Total Time": 79.385,
                                                            "Actual Rows": 4200,
                                                            "Actual Loops": 1
                                                        },
                                                        {
                                                            "Worker Number": 2,
                                                            "Actual Startup Time": 79.619,
                                                            "Actual Total Time": 79.621,
                                                            "Actual Rows": 4175,
                                                            "Actual Loops": 1
                                                        },
                                                        {
                                                            "Worker Number": 3,
                                                            "Actual Startup Time": 80.13,
                                                            "Actual Total Time": 80.131,
                                                            "Actual Rows": 7013,
                                                            "Actual Loops": 1
                                                        },
                                                        {
                                                            "Worker Number": 4,
                                                            "Actual Startup Time": 74.6,
                                                            "Actual Total Time": 74.601,
                                                            "Actual Rows": 4405,
                                                            "Actual Loops": 1
                                                        }
                                                    ],
                                                    "Plans": [
                                                        {
                                                            "Node Type": "Seq Scan",
                                                            "Parent Relationship": "Outer",
                                                            "Parallel Aware": true,
                                                            "Relation Name": "title",
                                                            "Schema": "public",
                                                            "Alias": "t",
                                                            "Startup Cost": 0.0,
                                                            "Total Cost": 43899.01,
                                                            "Plan Rows": 8669,
                                                            "Plan Width": 4,
                                                            "Actual Startup Time": 48.818,
                                                            "Actual Total Time": 77.932,
                                                            "Actual Rows": 5842,
                                                            "Actual Loops": 6,
                                                            "Output": [
                                                                "t.id"
                                                            ],
                                                            "Filter": "(t.production_year < 1912)",
                                                            "Rows Removed by Filter": 415544,
                                                            "Workers": [
                                                                {
                                                                    "Worker Number": 0,
                                                                    "Actual Startup Time": 50.88,
                                                                    "Actual Total Time": 76.811,
                                                                    "Actual Rows": 4348,
                                                                    "Actual Loops": 1
                                                                },
                                                                {
                                                                    "Worker Number": 1,
                                                                    "Actual Startup Time": 51.142,
                                                                    "Actual Total Time": 76.651,
                                                                    "Actual Rows": 4200,
                                                                    "Actual Loops": 1
                                                                },
                                                                {
                                                                    "Worker Number": 2,
                                                                    "Actual Startup Time": 51.393,
                                                                    "Actual Total Time": 76.512,
                                                                    "Actual Rows": 4175,
                                                                    "Actual Loops": 1
                                                                },
                                                                {
                                                                    "Worker Number": 3,
                                                                    "Actual Startup Time": 51.88,
                                                                    "Actual Total Time": 77.414,
                                                                    "Actual Rows": 7013,
                                                                    "Actual Loops": 1
                                                                },
                                                                {
                                                                    "Worker Number": 4,
                                                                    "Actual Startup Time": 24.717,
                                                                    "Actual Total Time": 72.261,
                                                                    "Actual Rows": 4405,
                                                                    "Actual Loops": 1
                                                                }
                                                            ]
                                                        }
                                                    ]
                                                }
                                            ]
                                        },
                                        {
                                            "Node Type": "Index Only Scan",
                                            "Parent Relationship": "Inner",
                                            "Parallel Aware": false,
                                            "Scan Direction": "Forward",
                                            "Index Name": "movie_id_movie_info",
                                            "Relation Name": "movie_info",
                                            "Schema": "public",
                                            "Alias": "mi",
                                            "Startup Cost": 0.43,
                                            "Total Cost": 2.17,
                                            "Plan Rows": 39,
                                            "Plan Width": 4,
                                            "Actual Startup Time": 0.038,
                                            "Actual Total Time": 0.094,
                                            "Actual Rows": 13,
                                            "Actual Loops": 24,
                                            "Output": [
                                                "mi.movie_id"
                                            ],
                                            "Index Cond": "(mi.movie_id = ci.movie_id)",
                                            "Rows Removed by Index Recheck": 0,
                                            "Heap Fetches": 316,
                                            "Workers": [
                                                {
                                                    "Worker Number": 3,
                                                    "Actual Startup Time": 0.035,
                                                    "Actual Total Time": 0.088,
                                                    "Actual Rows": 13,
                                                    "Actual Loops": 21
                                                },
                                                {
                                                    "Worker Number": 4,
                                                    "Actual Startup Time": 0.081,
                                                    "Actual Total Time": 0.183,
                                                    "Actual Rows": 12,
                                                    "Actual Loops": 2
                                                }
                                            ]
                                        }
                                    ]
                                }
                            ]
                        }
                    ]
                }
            ]
        },
        "Planning Time": 278.171,
        "Triggers": [],
        "Execution Time": 270.898
    }
]