[
  {
    "Plan": {
      "Node Type": "Aggregate",
      "Strategy": "Plain",
      "Partial Mode": "Simple",
      "Parallel Aware": false,
      "Startup Cost": 16410.74,
      "Total Cost": 16410.75,
      "Plan Rows": 1,
      "Plan Width": 8,
      "Actual Startup Time": 18.854,
      "Actual Total Time": 18.855,
      "Actual Rows": 1,
      "Actual Loops": 1,
      "Plans": [
        {
          "Node Type": "Bitmap Heap Scan",
          "Parent Relationship": "Outer",
          "Parallel Aware": false,
          "Relation Name": "movie_companies",
          "Alias": "mc",
          "Startup Cost": 211.92,
          "Total Cost": 16386.39,
          "Plan Rows": 9741,
          "Plan Width": 0,
          "Actual Startup Time": 4.978,
          "Actual Total Time": 17.536,
          "Actual Rows": 9230,
          "Actual Loops": 1,
          "Recheck Cond": "(company_id = 11141)",
          "Rows Removed by Index Recheck": 0,
          "Exact Heap Blocks": 4061,
          "Lossy Heap Blocks": 0,
          "Plans": [
            {
              "Node Type": "Bitmap Index Scan",
              "Parent Relationship": "Outer",
              "Parallel Aware": false,
              "Index Name": "company_id_movie_companies",
              "Startup Cost": 0.0,
              "Total Cost": 209.49,
              "Plan Rows": 9741,
              "Plan Width": 0,
              "Actual Startup Time": 3.097,
              "Actual Total Time": 3.097,
              "Actual Rows": 9230,
              "Actual Loops": 1,
              "Index Cond": "(company_id = 11141)"
            }
          ]
        }
      ]
    },
    "Planning Time": 0.146,
    "Triggers": [],
    "Execution Time": 18.908
  }
]