[
    {
        "Bao": {
            "Bao prediction": 888.068,
            "Bao recommended hint": "(no hint)"
        }
    },
    {
        "Plan": {
            "Node Type": "Aggregate",
            "Strategy": "Plain",
            "Partial Mode": "Finalize",
            "Parallel Aware": false,
            "Startup Cost": 73856.73,
            "Total Cost": 73856.74,
            "Plan Rows": 1,
            "Plan Width": 8,
            "Actual Startup Time": 243.586,
            "Actual Total Time": 250.71,
            "Actual Rows": 1,
            "Actual Loops": 1,
            "Output": [
                "count(*)"
            ],
            "Plans": [
                {
                    "Node Type": "Gather",
                    "Parent Relationship": "Outer",
                    "Parallel Aware": false,
                    "Startup Cost": 73856.31,
                    "Total Cost": 73856.72,
                    "Plan Rows": 4,
                    "Plan Width": 8,
                    "Actual Startup Time": 242.023,
                    "Actual Total Time": 250.7,
                    "Actual Rows": 5,
                    "Actual Loops": 1,
                    "Output": [
                        "(PARTIAL count(*))"
                    ],
                    "Workers Planned": 4,
                    "Workers Launched": 4,
                    "Single Copy": false,
                    "Plans": [
                        {
                            "Node Type": "Aggregate",
                            "Strategy": "Plain",
                            "Partial Mode": "Partial",
                            "Parent Relationship": "Outer",
                            "Parallel Aware": false,
                            "Startup Cost": 72856.31,
                            "Total Cost": 72856.32,
                            "Plan Rows": 1,
                            "Plan Width": 8,
                            "Actual Startup Time": 233.091,
                            "Actual Total Time": 233.095,
                            "Actual Rows": 1,
                            "Actual Loops": 5,
                            "Output": [
                                "PARTIAL count(*)"
                            ],
                            "Workers": [
                                {
                                    "Worker Number": 0,
                                    "Actual Startup Time": 230.872,
                                    "Actual Total Time": 230.875,
                                    "Actual Rows": 1,
                                    "Actual Loops": 1
                                },
                                {
                                    "Worker Number": 1,
                                    "Actual Startup Time": 230.785,
                                    "Actual Total Time": 230.789,
                                    "Actual Rows": 1,
                                    "Actual Loops": 1
                                },
                                {
                                    "Worker Number": 2,
                                    "Actual Startup Time": 231.156,
                                    "Actual Total Time": 231.159,
                                    "Actual Rows": 1,
                                    "Actual Loops": 1
                                },
                                {
                                    "Worker Number": 3,
                                    "Actual Startup Time": 231.353,
                                    "Actual Total Time": 231.356,
                                    "Actual Rows": 1,
                                    "Actual Loops": 1
                                }
                            ],
                            "Plans": [
                                {
                                    "Node Type": "Hash Join",
                                    "Parent Relationship": "Outer",
                                    "Parallel Aware": true,
                                    "Join Type": "Inner",
                                    "Startup Cost": 26982.79,
                                    "Total Cost": 72684.15,
                                    "Plan Rows": 68866,
                                    "Plan Width": 0,
                                    "Actual Startup Time": 157.933,
                                    "Actual Total Time": 229.914,
                                    "Actual Rows": 55679,
                                    "Actual Loops": 5,
                                    "Inner Unique": false,
                                    "Hash Cond": "(t.id = mc.movie_id)",
                                    "Workers": [
                                        {
                                            "Worker Number": 0,
                                            "Actual Startup Time": 155.23,
                                            "Actual Total Time": 227.579,
                                            "Actual Rows": 43926,
                                            "Actual Loops": 1
                                        },
                                        {
                                            "Worker Number": 1,
                                            "Actual Startup Time": 156.193,
                                            "Actual Total Time": 227.558,
                                            "Actual Rows": 43535,
                                            "Actual Loops": 1
                                        },
                                        {
                                            "Worker Number": 2,
                                            "Actual Startup Time": 155.641,
                                            "Actual Total Time": 228.061,
                                            "Actual Rows": 59820,
                                            "Actual Loops": 1
                                        },
                                        {
                                            "Worker Number": 3,
                                            "Actual Startup Time": 155.707,
                                            "Actual Total Time": 228.212,
                                            "Actual Rows": 60393,
                                            "Actual Loops": 1
                                        }
                                    ],
                                    "Plans": [
                                        {
                                            "Node Type": "Seq Scan",
                                            "Parent Relationship": "Outer",
                                            "Parallel Aware": true,
                                            "Relation Name": "title",
                                            "Schema": "public",
                                            "Alias": "t",
                                            "Startup Cost": 0.0,
                                            "Total Cost": 42318.81,
                                            "Plan Rows": 632080,
                                            "Plan Width": 4,
                                            "Actual Startup Time": 0.01,
                                            "Actual Total Time": 60.888,
                                            "Actual Rows": 505662,
                                            "Actual Loops": 5,
                                            "Output": [
                                                "t.id",
                                                "t.title",
                                                "t.imdb_index",
                                                "t.kind_id",
                                                "t.production_year",
                                                "t.imdb_id",
                                                "t.phonetic_code",
                                                "t.episode_of_id",
                                                "t.season_nr",
                                                "t.episode_nr",
                                                "t.series_years",
                                                "t.md5sum"
                                            ],
                                            "Workers": [
                                                {
                                                    "Worker Number": 0,
                                                    "Actual Startup Time": 0.011,
                                                    "Actual Total Time": 65.044,
                                                    "Actual Rows": 392785,
                                                    "Actual Loops": 1
                                                },
                                                {
                                                    "Worker Number": 1,
                                                    "Actual Startup Time": 0.011,
                                                    "Actual Total Time": 64.646,
                                                    "Actual Rows": 386132,
                                                    "Actual Loops": 1
                                                },
                                                {
                                                    "Worker Number": 2,
                                                    "Actual Startup Time": 0.012,
                                                    "Actual Total Time": 60.63,
                                                    "Actual Rows": 546115,
                                                    "Actual Loops": 1
                                                },
                                                {
                                                    "Worker Number": 3,
                                                    "Actual Startup Time": 0.009,
                                                    "Actual Total Time": 61.176,
                                                    "Actual Rows": 548657,
                                                    "Actual Loops": 1
                                                }
                                            ]
                                        },
                                        {
                                            "Node Type": "Hash",
                                            "Parent Relationship": "Inner",
                                            "Parallel Aware": true,
                                            "Startup Cost": 25872.04,
                                            "Total Cost": 25872.04,
                                            "Plan Rows": 88860,
                                            "Plan Width": 4,
                                            "Actual Startup Time": 73.406,
                                            "Actual Total Time": 73.408,
                                            "Actual Rows": 55679,
                                            "Actual Loops": 5,
                                            "Output": [
                                                "mc.movie_id"
                                            ],
                                            "Hash Buckets": 524288,
                                            "Original Hash Buckets": 524288,
                                            "Hash Batches": 1,
                                            "Original Hash Batches": 1,
                                            "Peak Memory Usage": 15072,
                                            "Workers": [
                                                {
                                                    "Worker Number": 0,
                                                    "Actual Startup Time": 73.288,
                                                    "Actual Total Time": 73.29,
                                                    "Actual Rows": 41123,
                                                    "Actual Loops": 1
                                                },
                                                {
                                                    "Worker Number": 1,
                                                    "Actual Startup Time": 73.405,
                                                    "Actual Total Time": 73.406,
                                                    "Actual Rows": 38587,
                                                    "Actual Loops": 1
                                                },
                                                {
                                                    "Worker Number": 2,
                                                    "Actual Startup Time": 73.753,
                                                    "Actual Total Time": 73.754,
                                                    "Actual Rows": 42184,
                                                    "Actual Loops": 1
                                                },
                                                {
                                                    "Worker Number": 3,
                                                    "Actual Startup Time": 73.964,
                                                    "Actual Total Time": 73.965,
                                                    "Actual Rows": 39169,
                                                    "Actual Loops": 1
                                                }
                                            ],
                                            "Plans": [
                                                {
                                                    "Node Type": "Bitmap Heap Scan",
                                                    "Parent Relationship": "Outer",
                                                    "Parallel Aware": true,
                                                    "Relation Name": "movie_companies",
                                                    "Schema": "public",
                                                    "Alias": "mc",
                                                    "Startup Cost": 5971.29,
                                                    "Total Cost": 25872.04,
                                                    "Plan Rows": 88860,
                                                    "Plan Width": 4,
                                                    "Actual Startup Time": 25.61,
                                                    "Actual Total Time": 51.296,
                                                    "Actual Rows": 55679,
                                                    "Actual Loops": 5,
                                                    "Output": [
                                                        "mc.movie_id"
                                                    ],
                                                    "Recheck Cond": "(mc.company_id > 96161)",
                                                    "Rows Removed by Index Recheck": 0,
                                                    "Exact Heap Blocks": 1988,
                                                    "Lossy Heap Blocks": 0,
                                                    "Workers": [
                                                        {
                                                            "Worker Number": 0,
                                                            "Actual Startup Time": 25.596,
                                                            "Actual Total Time": 52.356,
                                                            "Actual Rows": 41123,
                                                            "Actual Loops": 1
                                                        },
                                                        {
                                                            "Worker Number": 1,
                                                            "Actual Startup Time": 25.652,
                                                            "Actual Total Time": 52.151,
                                                            "Actual Rows": 38587,
                                                            "Actual Loops": 1
                                                        },
                                                        {
                                                            "Worker Number": 2,
                                                            "Actual Startup Time": 25.565,
                                                            "Actual Total Time": 52.138,
                                                            "Actual Rows": 42184,
                                                            "Actual Loops": 1
                                                        },
                                                        {
                                                            "Worker Number": 3,
                                                            "Actual Startup Time": 25.598,
                                                            "Actual Total Time": 52.157,
                                                            "Actual Rows": 39169,
                                                            "Actual Loops": 1
                                                        }
                                                    ],
                                                    "Plans": [
                                                        {
                                                            "Node Type": "Bitmap Index Scan",
                                                            "Parent Relationship": "Outer",
                                                            "Parallel Aware": false,
                                                            "Index Name": "company_id_movie_companies",
                                                            "Startup Cost": 0.0,
                                                            "Total Cost": 5902.43,
                                                            "Plan Rows": 275466,
                                                            "Plan Width": 0,
                                                            "Actual Startup Time": 24.547,
                                                            "Actual Total Time": 24.547,
                                                            "Actual Rows": 278395,
                                                            "Actual Loops": 1,
                                                            "Index Cond": "(mc.company_id > 96161)"
                                                        }
                                                    ]
                                                }
                                            ]
                                        }
                                    ]
                                }
                            ]
                        }
                    ]
                }
            ]
        },
        "Planning Time": 380.354,
        "Triggers": [],
        "Execution Time": 250.825
    }
]