[
  {
    "Plan": {
      "Node Type": "Aggregate",
      "Strategy": "Plain",
      "Partial Mode": "Finalize",
      "Parallel Aware": false,
      "Startup Cost": 337127.35,
      "Total Cost": 337127.36,
      "Plan Rows": 1,
      "Plan Width": 8,
      "Actual Startup Time": 779.105,
      "Actual Total Time": 822.787,
      "Actual Rows": 1,
      "Actual Loops": 1,
      "Plans": [
        {
          "Node Type": "Gather",
          "Parent Relationship": "Outer",
          "Parallel Aware": false,
          "Startup Cost": 337126.73,
          "Total Cost": 337127.34,
          "Plan Rows": 6,
          "Plan Width": 8,
          "Actual Startup Time": 778.927,
          "Actual Total Time": 822.771,
          "Actual Rows": 7,
          "Actual Loops": 1,
          "Workers Planned": 6,
          "Workers Launched": 6,
          "Single Copy": false,
          "Plans": [
            {
              "Node Type": "Aggregate",
              "Strategy": "Plain",
              "Partial Mode": "Partial",
              "Parent Relationship": "Outer",
              "Parallel Aware": false,
              "Startup Cost": 336126.73,
              "Total Cost": 336126.74,
              "Plan Rows": 1,
              "Plan Width": 8,
              "Actual Startup Time": 771.115,
              "Actual Total Time": 771.118,
              "Actual Rows": 1,
              "Actual Loops": 7,
              "Plans": [
                {
                  "Node Type": "Seq Scan",
                  "Parent Relationship": "Outer",
                  "Parallel Aware": true,
                  "Relation Name": "cast_info",
                  "Alias": "ci",
                  "Startup Cost": 0.0,
                  "Total Cost": 328211.39,
                  "Plan Rows": 3166134,
                  "Plan Width": 0,
                  "Actual Startup Time": 0.046,
                  "Actual Total Time": 632.829,
                  "Actual Rows": 2741760,
                  "Actual Loops": 7,
                  "Filter": "(person_id < 1917726)",
                  "Rows Removed by Filter": 2436003
                }
              ]
            }
          ]
        }
      ]
    },
    "Planning Time": 0.092,
    "Triggers": [],
    "Execution Time": 822.834
  }
]