[
  {
    "Plan": {
      "Node Type": "Aggregate",
      "Strategy": "Plain",
      "Partial Mode": "Finalize",
      "Parallel Aware": false,
      "Startup Cost": 335086.26,
      "Total Cost": 335086.27,
      "Plan Rows": 1,
      "Plan Width": 8,
      "Actual Startup Time": 682.88,
      "Actual Total Time": 729.138,
      "Actual Rows": 1,
      "Actual Loops": 1,
      "Plans": [
        {
          "Node Type": "Gather",
          "Parent Relationship": "Outer",
          "Parallel Aware": false,
          "Startup Cost": 335085.63,
          "Total Cost": 335086.24,
          "Plan Rows": 6,
          "Plan Width": 8,
          "Actual Startup Time": 682.681,
          "Actual Total Time": 729.124,
          "Actual Rows": 7,
          "Actual Loops": 1,
          "Workers Planned": 6,
          "Workers Launched": 6,
          "Single Copy": false,
          "Plans": [
            {
              "Node Type": "Aggregate",
              "Strategy": "Plain",
              "Partial Mode": "Partial",
              "Parent Relationship": "Outer",
              "Parallel Aware": false,
              "Startup Cost": 334085.63,
              "Total Cost": 334085.64,
              "Plan Rows": 1,
              "Plan Width": 8,
              "Actual Startup Time": 675.671,
              "Actual Total Time": 675.672,
              "Actual Rows": 1,
              "Actual Loops": 7,
              "Plans": [
                {
                  "Node Type": "Seq Scan",
                  "Parent Relationship": "Outer",
                  "Parallel Aware": true,
                  "Relation Name": "cast_info",
                  "Alias": "ci",
                  "Startup Cost": 0.0,
                  "Total Cost": 328211.39,
                  "Plan Rows": 2349696,
                  "Plan Width": 0,
                  "Actual Startup Time": 0.04,
                  "Actual Total Time": 577.416,
                  "Actual Rows": 2033993,
                  "Actual Loops": 7,
                  "Filter": "(person_id < 1402051)",
                  "Rows Removed by Filter": 3143771
                }
              ]
            }
          ]
        }
      ]
    },
    "Planning Time": 0.095,
    "Triggers": [],
    "Execution Time": 729.182
  }
]