[
  {
    "Plan": {
      "Node Type": "Aggregate",
      "Strategy": "Plain",
      "Partial Mode": "Finalize",
      "Parallel Aware": false,
      "Startup Cost": 83098.79,
      "Total Cost": 83098.8,
      "Plan Rows": 1,
      "Plan Width": 8,
      "Actual Startup Time": 266.932,
      "Actual Total Time": 287.289,
      "Actual Rows": 1,
      "Actual Loops": 1,
      "Plans": [
        {
          "Node Type": "Gather",
          "Parent Relationship": "Outer",
          "Parallel Aware": false,
          "Startup Cost": 83098.47,
          "Total Cost": 83098.78,
          "Plan Rows": 3,
          "Plan Width": 8,
          "Actual Startup Time": 265.542,
          "Actual Total Time": 287.279,
          "Actual Rows": 4,
          "Actual Loops": 1,
          "Workers Planned": 3,
          "Workers Launched": 3,
          "Single Copy": false,
          "Plans": [
            {
              "Node Type": "Aggregate",
              "Strategy": "Plain",
              "Partial Mode": "Partial",
              "Parent Relationship": "Outer",
              "Parallel Aware": false,
              "Startup Cost": 82098.47,
              "Total Cost": 82098.48,
              "Plan Rows": 1,
              "Plan Width": 8,
              "Actual Startup Time": 256.538,
              "Actual Total Time": 256.542,
              "Actual Rows": 1,
              "Actual Loops": 4,
              "Plans": [
                {
                  "Node Type": "Hash Join",
                  "Parent Relationship": "Outer",
                  "Parallel Aware": true,
                  "Join Type": "Inner",
                  "Startup Cost": 55146.57,
                  "Total Cost": 82072.61,
                  "Plan Rows": 10346,
                  "Plan Width": 0,
                  "Actual Startup Time": 166.691,
                  "Actual Total Time": 256.177,
                  "Actual Rows": 3800,
                  "Actual Loops": 4,
                  "Inner Unique": true,
                  "Hash Cond": "(mk.movie_id = t.id)",
                  "Plans": [
                    {
                      "Node Type": "Bitmap Heap Scan",
                      "Parent Relationship": "Outer",
                      "Parallel Aware": true,
                      "Relation Name": "movie_keyword",
                      "Alias": "mk",
                      "Startup Cost": 10747.09,
                      "Total Cost": 37244.1,
                      "Plan Rows": 163441,
                      "Plan Width": 4,
                      "Actual Startup Time": 38.629,
                      "Actual Total Time": 105.518,
                      "Actual Rows": 127089,
                      "Actual Loops": 4,
                      "Recheck Cond": "(keyword_id > 35712)",
                      "Rows Removed by Index Recheck": 0,
                      "Exact Heap Blocks": 8549,
                      "Lossy Heap Blocks": 0,
                      "Plans": [
                        {
                          "Node Type": "Bitmap Index Scan",
                          "Parent Relationship": "Outer",
                          "Parallel Aware": false,
                          "Index Name": "keyword_id_movie_keyword",
                          "Startup Cost": 0.0,
                          "Total Cost": 10620.43,
                          "Plan Rows": 506666,
                          "Plan Width": 0,
                          "Actual Startup Time": 35.079,
                          "Actual Total Time": 35.08,
                          "Actual Rows": 508357,
                          "Actual Loops": 1,
                          "Index Cond": "(keyword_id > 35712)"
                        }
                      ]
                    },
                    {
                      "Node Type": "Hash",
                      "Parent Relationship": "Inner",
                      "Parallel Aware": true,
                      "Startup Cost": 43899.32,
                      "Total Cost": 43899.32,
                      "Plan Rows": 40012,
                      "Plan Width": 4,
                      "Actual Startup Time": 125.826,
                      "Actual Total Time": 125.827,
                      "Actual Rows": 41077,
                      "Actual Loops": 4,
                      "Hash Buckets": 262144,
                      "Original Hash Buckets": 262144,
                      "Hash Batches": 1,
                      "Original Hash Batches": 1,
                      "Peak Memory Usage": 8512,
                      "Plans": [
                        {
                          "Node Type": "Seq Scan",
                          "Parent Relationship": "Outer",
                          "Parallel Aware": true,
                          "Relation Name": "title",
                          "Alias": "t",
                          "Startup Cost": 0.0,
                          "Total Cost": 43899.32,
                          "Plan Rows": 40012,
                          "Plan Width": 4,
                          "Actual Startup Time": 0.057,
                          "Actual Total Time": 107.348,
                          "Actual Rows": 41077,
                          "Actual Loops": 4,
                          "Filter": "(production_year = 2012)",
                          "Rows Removed by Filter": 591001
                        }
                      ]
                    }
                  ]
                }
              ]
            }
          ]
        }
      ]
    },
    "Planning Time": 0.349,
    "Triggers": [],
    "Execution Time": 287.347
  }
]