[
  {
    "Plan": {
      "Node Type": "Aggregate",
      "Strategy": "Plain",
      "Partial Mode": "Finalize",
      "Parallel Aware": false,
      "Startup Cost": 335304.67,
      "Total Cost": 335304.68,
      "Plan Rows": 1,
      "Plan Width": 8,
      "Actual Startup Time": 725.823,
      "Actual Total Time": 775.388,
      "Actual Rows": 1,
      "Actual Loops": 1,
      "Plans": [
        {
          "Node Type": "Gather",
          "Parent Relationship": "Outer",
          "Parallel Aware": false,
          "Startup Cost": 335304.04,
          "Total Cost": 335304.65,
          "Plan Rows": 6,
          "Plan Width": 8,
          "Actual Startup Time": 725.692,
          "Actual Total Time": 775.377,
          "Actual Rows": 7,
          "Actual Loops": 1,
          "Workers Planned": 6,
          "Workers Launched": 6,
          "Single Copy": false,
          "Plans": [
            {
              "Node Type": "Aggregate",
              "Strategy": "Plain",
              "Partial Mode": "Partial",
              "Parent Relationship": "Outer",
              "Parallel Aware": false,
              "Startup Cost": 334304.04,
              "Total Cost": 334304.05,
              "Plan Rows": 1,
              "Plan Width": 8,
              "Actual Startup Time": 718.517,
              "Actual Total Time": 718.518,
              "Actual Rows": 1,
              "Actual Loops": 7,
              "Plans": [
                {
                  "Node Type": "Seq Scan",
                  "Parent Relationship": "Outer",
                  "Parallel Aware": true,
                  "Relation Name": "cast_info",
                  "Alias": "ci",
                  "Startup Cost": 0.0,
                  "Total Cost": 328211.39,
                  "Plan Rows": 2437060,
                  "Plan Width": 0,
                  "Actual Startup Time": 251.936,
                  "Actual Total Time": 612.139,
                  "Actual Rows": 2051066,
                  "Actual Loops": 7,
                  "Filter": "(person_id > 2226097)",
                  "Rows Removed by Filter": 3126697
                }
              ]
            }
          ]
        }
      ]
    },
    "Planning Time": 0.174,
    "Triggers": [],
    "Execution Time": 775.455
  }
]