[
  {
    "Plan": {
      "Node Type": "Aggregate",
      "Strategy": "Plain",
      "Partial Mode": "Finalize",
      "Parallel Aware": false,
      "Startup Cost": 34417.69,
      "Total Cost": 34417.7,
      "Plan Rows": 1,
      "Plan Width": 8,
      "Actual Startup Time": 116.212,
      "Actual Total Time": 125.052,
      "Actual Rows": 1,
      "Actual Loops": 1,
      "Plans": [
        {
          "Node Type": "Gather",
          "Parent Relationship": "Outer",
          "Parallel Aware": false,
          "Startup Cost": 34417.38,
          "Total Cost": 34417.69,
          "Plan Rows": 3,
          "Plan Width": 8,
          "Actual Startup Time": 115.878,
          "Actual Total Time": 125.041,
          "Actual Rows": 4,
          "Actual Loops": 1,
          "Workers Planned": 3,
          "Workers Launched": 3,
          "Single Copy": false,
          "Plans": [
            {
              "Node Type": "Aggregate",
              "Strategy": "Plain",
              "Partial Mode": "Partial",
              "Parent Relationship": "Outer",
              "Parallel Aware": false,
              "Startup Cost": 33417.38,
              "Total Cost": 33417.39,
              "Plan Rows": 1,
              "Plan Width": 8,
              "Actual Startup Time": 109.633,
              "Actual Total Time": 109.635,
              "Actual Rows": 1,
              "Actual Loops": 4,
              "Plans": [
                {
                  "Node Type": "Bitmap Heap Scan",
                  "Parent Relationship": "Outer",
                  "Parallel Aware": true,
                  "Relation Name": "movie_keyword",
                  "Alias": "mk",
                  "Startup Cost": 7298.7,
                  "Total Cost": 33139.93,
                  "Plan Rows": 110979,
                  "Plan Width": 0,
                  "Actual Startup Time": 38.637,
                  "Actual Total Time": 104.47,
                  "Actual Rows": 85985,
                  "Actual Loops": 4,
                  "Recheck Cond": "(keyword_id > 48356)",
                  "Rows Removed by Index Recheck": 0,
                  "Exact Heap Blocks": 10834,
                  "Lossy Heap Blocks": 0,
                  "Plans": [
                    {
                      "Node Type": "Bitmap Index Scan",
                      "Parent Relationship": "Outer",
                      "Parallel Aware": false,
                      "Index Name": "keyword_id_movie_keyword",
                      "Startup Cost": 0.0,
                      "Total Cost": 7212.69,
                      "Plan Rows": 344034,
                      "Plan Width": 0,
                      "Actual Startup Time": 40.79,
                      "Actual Total Time": 40.791,
                      "Actual Rows": 343939,
                      "Actual Loops": 1,
                      "Index Cond": "(keyword_id > 48356)"
                    }
                  ]
                }
              ]
            }
          ]
        }
      ]
    },
    "Planning Time": 0.161,
    "Triggers": [],
    "Execution Time": 125.124
  }
]