{
  "Plan": {
    "Node Type": "Aggregate",
    "Strategy": "Plain",
    "Partial Mode": "Finalize",
    "Parallel Aware": false,
    "Startup Cost": 1418937.45,
    "Total Cost": 1418937.46,
    "Plan Rows": 1,
    "Plan Width": 8,
    "Actual Startup Time": 3647.91,
    "Actual Total Time": 3679.657,
    "Actual Rows": 1,
    "Actual Loops": 1,
    "Plans": [
      {
        "Node Type": "Gather",
        "Parent Relationship": "Outer",
        "Parallel Aware": false,
        "Startup Cost": 1418937.33,
        "Total Cost": 1418937.44,
        "Plan Rows": 1,
        "Plan Width": 8,
        "Actual Startup Time": 3647.792,
        "Actual Total Time": 3679.65,
        "Actual Rows": 2,
        "Actual Loops": 1,
        "Workers Planned": 1,
        "Workers Launched": 1,
        "Single Copy": false,
        "Plans": [
          {
            "Node Type": "Aggregate",
            "Strategy": "Plain",
            "Partial Mode": "Partial",
            "Parent Relationship": "Outer",
            "Parallel Aware": false,
            "Startup Cost": 1417937.33,
            "Total Cost": 1417937.34,
            "Plan Rows": 1,
            "Plan Width": 8,
            "Actual Startup Time": 3641.824,
            "Actual Total Time": 3641.826,
            "Actual Rows": 1,
            "Actual Loops": 2,
            "Plans": [
              {
                "Node Type": "Merge Join",
                "Parent Relationship": "Outer",
                "Parallel Aware": false,
                "Join Type": "Inner",
                "Startup Cost": 9.85,
                "Total Cost": 1405058.14,
                "Plan Rows": 5151676,
                "Plan Width": 0,
                "Actual Startup Time": 6.772,
                "Actual Total Time": 3514.211,
                "Actual Rows": 3048136,
                "Actual Loops": 2,
                "Inner Unique": false,
                "Merge Cond": "(mi.movie_id = t.id)",
                "Plans": [
                  {
                    "Node Type": "Index Only Scan",
                    "Parent Relationship": "Outer",
                    "Parallel Aware": true,
                    "Scan Direction": "Forward",
                    "Index Name": "movie_id_movie_info",
                    "Relation Name": "movie_info",
                    "Alias": "mi",
                    "Startup Cost": 0.43,
                    "Total Cost": 1018223.42,
                    "Plan Rows": 8696274,
                    "Plan Width": 4,
                    "Actual Startup Time": 0.107,
                    "Actual Total Time": 720.919,
                    "Actual Rows": 2366103,
                    "Actual Loops": 2,
                    "Heap Fetches": 4732206
                  },
                  {
                    "Node Type": "Materialize",
                    "Parent Relationship": "Inner",
                    "Parallel Aware": false,
                    "Startup Cost": 3.39,
                    "Total Cost": 291786.06,
                    "Plan Rows": 1497762,
                    "Plan Width": 8,
                    "Actual Startup Time": 1.005,
                    "Actual Total Time": 2346.807,
                    "Actual Rows": 3393656,
                    "Actual Loops": 2,
                    "Plans": [
                      {
                        "Node Type": "Merge Join",
                        "Parent Relationship": "Outer",
                        "Parallel Aware": false,
                        "Join Type": "Inner",
                        "Startup Cost": 3.39,
                        "Total Cost": 288041.65,
                        "Plan Rows": 1497762,
                        "Plan Width": 8,
                        "Actual Startup Time": 0.995,
                        "Actual Total Time": 2147.348,
                        "Actual Rows": 691033,
                        "Actual Loops": 2,
                        "Inner Unique": true,
                        "Merge Cond": "(mc.movie_id = t.id)",
                        "Plans": [
                          {
                            "Node Type": "Index Only Scan",
                            "Parent Relationship": "Outer",
                            "Parallel Aware": false,
                            "Scan Direction": "Forward",
                            "Index Name": "movie_id_movie_companies",
                            "Relation Name": "movie_companies",
                            "Alias": "mc",
                            "Startup Cost": 0.43,
                            "Total Cost": 140059.44,
                            "Plan Rows": 2609129,
                            "Plan Width": 4,
                            "Actual Startup Time": 0.125,
                            "Actual Total Time": 711.499,
                            "Actual Rows": 2609129,
                            "Actual Loops": 2,
                            "Heap Fetches": 5218258
                          },
                          {
                            "Node Type": "Index Scan",
                            "Parent Relationship": "Inner",
                            "Parallel Aware": false,
                            "Scan Direction": "Forward",
                            "Index Name": "title_pkey",
                            "Relation Name": "title",
                            "Alias": "t",
                            "Startup Cost": 0.43,
                            "Total Cost": 122981.43,
                            "Plan Rows": 1451358,
                            "Plan Width": 4,
                            "Actual Startup Time": 0.143,
                            "Actual Total Time": 1185.823,
                            "Actual Rows": 1438177,
                            "Actual Loops": 2,
                            "Filter": "((production_year < 2013) AND (kind_id = 7))",
                            "Rows Removed by Filter": 1087643
                          }
                        ]
                      }
                    ]
                  }
                ]
              }
            ]
          }
        ]
      }
    ]
  },
  "Planning Time": 1.046,
  "Triggers": [],
  "Execution Time": 3679.749
}