[
  {
    "Plan": {
      "Node Type": "Aggregate",
      "Strategy": "Plain",
      "Partial Mode": "Finalize",
      "Parallel Aware": false,
      "Startup Cost": 99285.49,
      "Total Cost": 99285.5,
      "Plan Rows": 1,
      "Plan Width": 8,
      "Actual Startup Time": 543.773,
      "Actual Total Time": 569.514,
      "Actual Rows": 1,
      "Actual Loops": 1,
      "Plans": [
        {
          "Node Type": "Gather",
          "Parent Relationship": "Outer",
          "Parallel Aware": false,
          "Startup Cost": 99285.17,
          "Total Cost": 99285.48,
          "Plan Rows": 3,
          "Plan Width": 8,
          "Actual Startup Time": 539.238,
          "Actual Total Time": 569.504,
          "Actual Rows": 4,
          "Actual Loops": 1,
          "Workers Planned": 3,
          "Workers Launched": 3,
          "Single Copy": false,
          "Plans": [
            {
              "Node Type": "Aggregate",
              "Strategy": "Plain",
              "Partial Mode": "Partial",
              "Parent Relationship": "Outer",
              "Parallel Aware": false,
              "Startup Cost": 98285.17,
              "Total Cost": 98285.18,
              "Plan Rows": 1,
              "Plan Width": 8,
              "Actual Startup Time": 531.275,
              "Actual Total Time": 531.52,
              "Actual Rows": 1,
              "Actual Loops": 4,
              "Plans": [
                {
                  "Node Type": "Hash Join",
                  "Parent Relationship": "Outer",
                  "Parallel Aware": true,
                  "Join Type": "Inner",
                  "Startup Cost": 72014.91,
                  "Total Cost": 98244.63,
                  "Plan Rows": 16219,
                  "Plan Width": 0,
                  "Actual Startup Time": 442.995,
                  "Actual Total Time": 528.146,
                  "Actual Rows": 48947,
                  "Actual Loops": 4,
                  "Inner Unique": false,
                  "Hash Cond": "(mk.movie_id = t.id)",
                  "Plans": [
                    {
                      "Node Type": "Bitmap Heap Scan",
                      "Parent Relationship": "Outer",
                      "Parallel Aware": true,
                      "Relation Name": "movie_keyword",
                      "Alias": "mk",
                      "Startup Cost": 7021.81,
                      "Total Cost": 32810.55,
                      "Plan Rows": 106779,
                      "Plan Width": 4,
                      "Actual Startup Time": 35.688,
                      "Actual Total Time": 91.615,
                      "Actual Rows": 82940,
                      "Actual Loops": 4,
                      "Recheck Cond": "(keyword_id > 49767)",
                      "Rows Removed by Index Recheck": 0,
                      "Exact Heap Blocks": 7696,
                      "Lossy Heap Blocks": 0,
                      "Plans": [
                        {
                          "Node Type": "Bitmap Index Scan",
                          "Parent Relationship": "Outer",
                          "Parallel Aware": false,
                          "Index Name": "keyword_id_movie_keyword",
                          "Startup Cost": 0.0,
                          "Total Cost": 6939.05,
                          "Plan Rows": 331016,
                          "Plan Width": 0,
                          "Actual Startup Time": 30.431,
                          "Actual Total Time": 30.432,
                          "Actual Rows": 331760,
                          "Actual Loops": 1,
                          "Index Cond": "(keyword_id > 49767)"
                        }
                      ]
                    },
                    {
                      "Node Type": "Hash",
                      "Parent Relationship": "Inner",
                      "Parallel Aware": true,
                      "Startup Cost": 63792.96,
                      "Total Cost": 63792.96,
                      "Plan Rows": 96012,
                      "Plan Width": 8,
                      "Actual Startup Time": 403.969,
                      "Actual Total Time": 404.211,
                      "Actual Rows": 98292,
                      "Actual Loops": 4,
                      "Hash Buckets": 524288,
                      "Original Hash Buckets": 524288,
                      "Hash Batches": 1,
                      "Original Hash Batches": 1,
                      "Peak Memory Usage": 19552,
                      "Plans": [
                        {
                          "Node Type": "Hash Join",
                          "Parent Relationship": "Outer",
                          "Parallel Aware": true,
                          "Join Type": "Inner",
                          "Startup Cost": 17494.62,
                          "Total Cost": 63792.96,
                          "Plan Rows": 96012,
                          "Plan Width": 8,
                          "Actual Startup Time": 105.771,
                          "Actual Total Time": 362.826,
                          "Actual Rows": 98292,
                          "Actual Loops": 4,
                          "Inner Unique": false,
                          "Hash Cond": "(t.id = mi_idx.movie_id)",
                          "Plans": [
                            {
                              "Node Type": "Seq Scan",
                              "Parent Relationship": "Outer",
                              "Parallel Aware": true,
                              "Relation Name": "title",
                              "Alias": "t",
                              "Startup Cost": 0.0,
                              "Total Cost": 43899.32,
                              "Plan Rows": 533057,
                              "Plan Width": 4,
                              "Actual Startup Time": 0.015,
                              "Actual Total Time": 114.098,
                              "Actual Rows": 529593,
                              "Actual Loops": 4,
                              "Filter": "(production_year > 1967)",
                              "Rows Removed by Filter": 102485
                            },
                            {
                              "Node Type": "Hash",
                              "Parent Relationship": "Inner",
                              "Parallel Aware": true,
                              "Startup Cost": 15122.68,
                              "Total Cost": 15122.68,
                              "Plan Rows": 189755,
                              "Plan Width": 4,
                              "Actual Startup Time": 103.932,
                              "Actual Total Time": 103.933,
                              "Actual Rows": 114981,
                              "Actual Loops": 4,
                              "Hash Buckets": 524288,
                              "Original Hash Buckets": 524288,
                              "Hash Batches": 1,
                              "Original Hash Batches": 1,
                              "Peak Memory Usage": 22176,
                              "Plans": [
                                {
                                  "Node Type": "Seq Scan",
                                  "Parent Relationship": "Outer",
                                  "Parallel Aware": true,
                                  "Relation Name": "movie_info_idx",
                                  "Alias": "mi_idx",
                                  "Startup Cost": 0.0,
                                  "Total Cost": 15122.68,
                                  "Plan Rows": 189755,
                                  "Plan Width": 4,
                                  "Actual Startup Time": 0.056,
                                  "Actual Total Time": 51.721,
                                  "Actual Rows": 114981,
                                  "Actual Loops": 4,
                                  "Filter": "(info_type_id = 99)",
                                  "Rows Removed by Filter": 230028
                                }
                              ]
                            }
                          ]
                        }
                      ]
                    }
                  ]
                }
              ]
            }
          ]
        }
      ]
    },
    "Planning Time": 1.242,
    "Triggers": [],
    "Execution Time": 569.628
  }
]