[
  {
    "Plan": {
      "Node Type": "Aggregate",
      "Strategy": "Plain",
      "Partial Mode": "Finalize",
      "Parallel Aware": false,
      "Startup Cost": 125616.69,
      "Total Cost": 125616.7,
      "Plan Rows": 1,
      "Plan Width": 8,
      "Actual Startup Time": 789.561,
      "Actual Total Time": 809.948,
      "Actual Rows": 1,
      "Actual Loops": 1,
      "Plans": [
        {
          "Node Type": "Gather",
          "Parent Relationship": "Outer",
          "Parallel Aware": false,
          "Startup Cost": 125616.37,
          "Total Cost": 125616.68,
          "Plan Rows": 3,
          "Plan Width": 8,
          "Actual Startup Time": 783.101,
          "Actual Total Time": 809.937,
          "Actual Rows": 4,
          "Actual Loops": 1,
          "Workers Planned": 3,
          "Workers Launched": 3,
          "Single Copy": false,
          "Plans": [
            {
              "Node Type": "Aggregate",
              "Strategy": "Plain",
              "Partial Mode": "Partial",
              "Parent Relationship": "Outer",
              "Parallel Aware": false,
              "Startup Cost": 124616.37,
              "Total Cost": 124616.38,
              "Plan Rows": 1,
              "Plan Width": 8,
              "Actual Startup Time": 774.277,
              "Actual Total Time": 774.392,
              "Actual Rows": 1,
              "Actual Loops": 4,
              "Plans": [
                {
                  "Node Type": "Hash Join",
                  "Parent Relationship": "Outer",
                  "Parallel Aware": true,
                  "Join Type": "Inner",
                  "Startup Cost": 93091.76,
                  "Total Cost": 124109.08,
                  "Plan Rows": 202915,
                  "Plan Width": 0,
                  "Actual Startup Time": 432.14,
                  "Actual Total Time": 706.914,
                  "Actual Rows": 1600869,
                  "Actual Loops": 4,
                  "Inner Unique": false,
                  "Hash Cond": "(mc.movie_id = t.id)",
                  "Plans": [
                    {
                      "Node Type": "Seq Scan",
                      "Parent Relationship": "Outer",
                      "Parallel Aware": true,
                      "Relation Name": "movie_companies",
                      "Alias": "mc",
                      "Startup Cost": 0.0,
                      "Total Cost": 27206.55,
                      "Plan Rows": 841655,
                      "Plan Width": 4,
                      "Actual Startup Time": 0.022,
                      "Actual Total Time": 59.961,
                      "Actual Rows": 652282,
                      "Actual Loops": 4
                    },
                    {
                      "Node Type": "Hash",
                      "Parent Relationship": "Inner",
                      "Parallel Aware": true,
                      "Startup Cost": 90633.9,
                      "Total Cost": 90633.9,
                      "Plan Rows": 196629,
                      "Plan Width": 8,
                      "Actual Startup Time": 425.998,
                      "Actual Total Time": 426.111,
                      "Actual Rows": 221286,
                      "Actual Loops": 4,
                      "Hash Buckets": 1048576,
                      "Original Hash Buckets": 1048576,
                      "Hash Batches": 1,
                      "Original Hash Batches": 1,
                      "Peak Memory Usage": 42880,
                      "Plans": [
                        {
                          "Node Type": "Hash Join",
                          "Parent Relationship": "Outer",
                          "Parallel Aware": true,
                          "Join Type": "Inner",
                          "Startup Cost": 45887.25,
                          "Total Cost": 90633.9,
                          "Plan Rows": 196629,
                          "Plan Width": 8,
                          "Actual Startup Time": 171.297,
                          "Actual Total Time": 368.223,
                          "Actual Rows": 221286,
                          "Actual Loops": 4,
                          "Inner Unique": true,
                          "Hash Cond": "(mk.movie_id = t.id)",
                          "Plans": [
                            {
                              "Node Type": "Seq Scan",
                              "Parent Relationship": "Outer",
                              "Parallel Aware": true,
                              "Relation Name": "movie_keyword",
                              "Alias": "mk",
                              "Startup Cost": 0.0,
                              "Total Cost": 42695.65,
                              "Plan Rows": 781331,
                              "Plan Width": 4,
                              "Actual Startup Time": 0.264,
                              "Actual Total Time": 116.329,
                              "Actual Rows": 603971,
                              "Actual Loops": 4,
                              "Filter": "(keyword_id > 3806)",
                              "Rows Removed by Filter": 527012
                            },
                            {
                              "Node Type": "Hash",
                              "Parent Relationship": "Inner",
                              "Parallel Aware": true,
                              "Startup Cost": 43898.92,
                              "Total Cost": 43898.92,
                              "Plan Rows": 159067,
                              "Plan Width": 4,
                              "Actual Startup Time": 168.269,
                              "Actual Total Time": 168.27,
                              "Actual Rows": 160743,
                              "Actual Loops": 4,
                              "Hash Buckets": 1048576,
                              "Original Hash Buckets": 1048576,
                              "Hash Batches": 1,
                              "Original Hash Batches": 1,
                              "Peak Memory Usage": 33408,
                              "Plans": [
                                {
                                  "Node Type": "Seq Scan",
                                  "Parent Relationship": "Outer",
                                  "Parallel Aware": true,
                                  "Relation Name": "title",
                                  "Alias": "t",
                                  "Startup Cost": 0.0,
                                  "Total Cost": 43898.92,
                                  "Plan Rows": 159067,
                                  "Plan Width": 4,
                                  "Actual Startup Time": 0.045,
                                  "Actual Total Time": 104.625,
                                  "Actual Rows": 160743,
                                  "Actual Loops": 4,
                                  "Filter": "(production_year < 1988)",
                                  "Rows Removed by Filter": 471335
                                }
                              ]
                            }
                          ]
                        }
                      ]
                    }
                  ]
                }
              ]
            }
          ]
        }
      ]
    },
    "Planning Time": 1.442,
    "Triggers": [],
    "Execution Time": 810.029
  }
]