{
  "Plan": {
    "Node Type": "Aggregate",
    "Strategy": "Plain",
    "Partial Mode": "Finalize",
    "Parallel Aware": false,
    "Startup Cost": 95861.55,
    "Total Cost": 95861.56,
    "Plan Rows": 1,
    "Plan Width": 8,
    "Actual Startup Time": 237.986,
    "Actual Total Time": 249.899,
    "Actual Rows": 1,
    "Actual Loops": 1,
    "Plans": [
      {
        "Node Type": "Gather",
        "Parent Relationship": "Outer",
        "Parallel Aware": false,
        "Startup Cost": 95861.44,
        "Total Cost": 95861.55,
        "Plan Rows": 1,
        "Plan Width": 8,
        "Actual Startup Time": 237.737,
        "Actual Total Time": 249.891,
        "Actual Rows": 2,
        "Actual Loops": 1,
        "Workers Planned": 1,
        "Workers Launched": 1,
        "Single Copy": false,
        "Plans": [
          {
            "Node Type": "Aggregate",
            "Strategy": "Plain",
            "Partial Mode": "Partial",
            "Parent Relationship": "Outer",
            "Parallel Aware": false,
            "Startup Cost": 94861.44,
            "Total Cost": 94861.45,
            "Plan Rows": 1,
            "Plan Width": 8,
            "Actual Startup Time": 234.973,
            "Actual Total Time": 234.976,
            "Actual Rows": 1,
            "Actual Loops": 2,
            "Plans": [
              {
                "Node Type": "Hash Join",
                "Parent Relationship": "Outer",
                "Parallel Aware": true,
                "Join Type": "Inner",
                "Startup Cost": 70706.51,
                "Total Cost": 94853.64,
                "Plan Rows": 3121,
                "Plan Width": 0,
                "Actual Startup Time": 157.066,
                "Actual Total Time": 234.699,
                "Actual Rows": 3731,
                "Actual Loops": 2,
                "Inner Unique": true,
                "Hash Cond": "(mc.movie_id = t.id)",
                "Plans": [
                  {
                    "Node Type": "Bitmap Heap Scan",
                    "Parent Relationship": "Outer",
                    "Parallel Aware": true,
                    "Relation Name": "movie_companies",
                    "Alias": "mc",
                    "Startup Cost": 12041.62,
                    "Total Cost": 35763.85,
                    "Plan Rows": 161865,
                    "Plan Width": 4,
                    "Actual Startup Time": 23.012,
                    "Actual Total Time": 79.302,
                    "Actual Rows": 203702,
                    "Actual Loops": 2,
                    "Recheck Cond": "(company_id < 573)",
                    "Rows Removed by Index Recheck": 0,
                    "Filter": "(company_type_id = 1)",
                    "Rows Removed by Filter": 72196,
                    "Exact Heap Blocks": 10875,
                    "Lossy Heap Blocks": 0,
                    "Plans": [
                      {
                        "Node Type": "Bitmap Index Scan",
                        "Parent Relationship": "Outer",
                        "Parallel Aware": false,
                        "Index Name": "company_id_movie_companies",
                        "Startup Cost": 0.0,
                        "Total Cost": 11972.83,
                        "Plan Rows": 558986,
                        "Plan Width": 0,
                        "Actual Startup Time": 20.254,
                        "Actual Total Time": 20.254,
                        "Actual Rows": 551798,
                        "Actual Loops": 1,
                        "Index Cond": "(company_id < 573)"
                      }
                    ]
                  },
                  {
                    "Node Type": "Hash",
                    "Parent Relationship": "Inner",
                    "Parallel Aware": true,
                    "Startup Cost": 58306.47,
                    "Total Cost": 58306.47,
                    "Plan Rows": 28674,
                    "Plan Width": 4,
                    "Actual Startup Time": 132.659,
                    "Actual Total Time": 132.66,
                    "Actual Rows": 17744,
                    "Actual Loops": 2,
                    "Hash Buckets": 65536,
                    "Original Hash Buckets": 65536,
                    "Hash Batches": 1,
                    "Original Hash Batches": 1,
                    "Peak Memory Usage": 1920,
                    "Plans": [
                      {
                        "Node Type": "Seq Scan",
                        "Parent Relationship": "Outer",
                        "Parallel Aware": true,
                        "Relation Name": "title",
                        "Alias": "t",
                        "Startup Cost": 0.0,
                        "Total Cost": 58306.47,
                        "Plan Rows": 28674,
                        "Plan Width": 4,
                        "Actual Startup Time": 0.091,
                        "Actual Total Time": 127.675,
                        "Actual Rows": 17744,
                        "Actual Loops": 2,
                        "Filter": "((kind_id < 7) AND (production_year = 2007))",
                        "Rows Removed by Filter": 1246412
                      }
                    ]
                  }
                ]
              }
            ]
          }
        ]
      }
    ]
  },
  "Planning Time": 0.452,
  "Triggers": [],
  "Execution Time": 249.983
}