{
  "Plan": {
    "Node Type": "Aggregate",
    "Strategy": "Plain",
    "Partial Mode": "Finalize",
    "Parallel Aware": false,
    "Startup Cost": 225995.47,
    "Total Cost": 225995.48,
    "Plan Rows": 1,
    "Plan Width": 8,
    "Actual Startup Time": 840.501,
    "Actual Total Time": 853.306,
    "Actual Rows": 1,
    "Actual Loops": 1,
    "Plans": [
      {
        "Node Type": "Gather",
        "Parent Relationship": "Outer",
        "Parallel Aware": false,
        "Startup Cost": 225995.36,
        "Total Cost": 225995.47,
        "Plan Rows": 1,
        "Plan Width": 8,
        "Actual Startup Time": 840.493,
        "Actual Total Time": 853.301,
        "Actual Rows": 2,
        "Actual Loops": 1,
        "Workers Planned": 1,
        "Workers Launched": 1,
        "Single Copy": false,
        "Plans": [
          {
            "Node Type": "Aggregate",
            "Strategy": "Plain",
            "Partial Mode": "Partial",
            "Parent Relationship": "Outer",
            "Parallel Aware": false,
            "Startup Cost": 224995.36,
            "Total Cost": 224995.37,
            "Plan Rows": 1,
            "Plan Width": 8,
            "Actual Startup Time": 823.22,
            "Actual Total Time": 823.227,
            "Actual Rows": 1,
            "Actual Loops": 2,
            "Plans": [
              {
                "Node Type": "Merge Join",
                "Parent Relationship": "Outer",
                "Parallel Aware": false,
                "Join Type": "Inner",
                "Startup Cost": 220051.64,
                "Total Cost": 224829.59,
                "Plan Rows": 66305,
                "Plan Width": 0,
                "Actual Startup Time": 786.458,
                "Actual Total Time": 821.877,
                "Actual Rows": 30764,
                "Actual Loops": 2,
                "Inner Unique": false,
                "Merge Cond": "(t.id = mi_idx.movie_id)",
                "Plans": [
                  {
                    "Node Type": "Sort",
                    "Parent Relationship": "Outer",
                    "Parallel Aware": false,
                    "Startup Cost": 155487.58,
                    "Total Cost": 156409.41,
                    "Plan Rows": 368733,
                    "Plan Width": 8,
                    "Actual Startup Time": 623.447,
                    "Actual Total Time": 625.694,
                    "Actual Rows": 63887,
                    "Actual Loops": 2,
                    "Sort Key": [
                      "mk.movie_id"
                    ],
                    "Sort Method": "quicksort",
                    "Sort Space Used": 4100,
                    "Sort Space Type": "Memory",
                    "Workers": [
                      {
                        "Worker Number": 0,
                        "Sort Method": "quicksort",
                        "Sort Space Used": 6498,
                        "Sort Space Type": "Memory"
                      }
                    ],
                    "Plans": [
                      {
                        "Node Type": "Hash Join",
                        "Parent Relationship": "Outer",
                        "Parallel Aware": true,
                        "Join Type": "Inner",
                        "Startup Cost": 87765.28,
                        "Total Cost": 121394.13,
                        "Plan Rows": 368733,
                        "Plan Width": 8,
                        "Actual Startup Time": 421.839,
                        "Actual Total Time": 610.375,
                        "Actual Rows": 63887,
                        "Actual Loops": 2,
                        "Inner Unique": true,
                        "Hash Cond": "(mk.movie_id = t.id)",
                        "Plans": [
                          {
                            "Node Type": "Bitmap Heap Scan",
                            "Parent Relationship": "Outer",
                            "Parallel Aware": true,
                            "Relation Name": "movie_keyword",
                            "Alias": "mk",
                            "Startup Cost": 21876.41,
                            "Total Cost": 53912.93,
                            "Plan Rows": 606602,
                            "Plan Width": 4,
                            "Actual Startup Time": 59.785,
                            "Actual Total Time": 149.617,
                            "Actual Rows": 517382,
                            "Actual Loops": 2,
                            "Recheck Cond": "(keyword_id < 1025)",
                            "Rows Removed by Index Recheck": 0,
                            "Exact Heap Blocks": 12549,
                            "Lossy Heap Blocks": 0,
                            "Plans": [
                              {
                                "Node Type": "Bitmap Index Scan",
                                "Parent Relationship": "Outer",
                                "Parallel Aware": false,
                                "Index Name": "keyword_id_movie_keyword",
                                "Startup Cost": 0.0,
                                "Total Cost": 21618.6,
                                "Plan Rows": 1031223,
                                "Plan Width": 0,
                                "Actual Startup Time": 56.134,
                                "Actual Total Time": 56.135,
                                "Actual Rows": 1034765,
                                "Actual Loops": 1,
                                "Index Cond": "(keyword_id < 1025)"
                              }
                            ]
                          },
                          {
                            "Node Type": "Hash",
                            "Parent Relationship": "Inner",
                            "Parallel Aware": true,
                            "Startup Cost": 54588.39,
                            "Total Cost": 54588.39,
                            "Plan Rows": 904038,
                            "Plan Width": 4,
                            "Actual Startup Time": 347.124,
                            "Actual Total Time": 347.126,
                            "Actual Rows": 771632,
                            "Actual Loops": 2,
                            "Hash Buckets": 2097152,
                            "Original Hash Buckets": 2097152,
                            "Hash Batches": 1,
                            "Original Hash Batches": 1,
                            "Peak Memory Usage": 76768,
                            "Plans": [
                              {
                                "Node Type": "Seq Scan",
                                "Parent Relationship": "Outer",
                                "Parallel Aware": true,
                                "Relation Name": "title",
                                "Alias": "t",
                                "Startup Cost": 0.0,
                                "Total Cost": 54588.39,
                                "Plan Rows": 904038,
                                "Plan Width": 4,
                                "Actual Startup Time": 0.031,
                                "Actual Total Time": 157.319,
                                "Actual Rows": 771632,
                                "Actual Loops": 2,
                                "Filter": "(kind_id = 7)",
                                "Rows Removed by Filter": 492524
                              }
                            ]
                          }
                        ]
                      }
                    ]
                  },
                  {
                    "Node Type": "Sort",
                    "Parent Relationship": "Inner",
                    "Parallel Aware": false,
                    "Startup Cost": 64564.02,
                    "Total Cost": 65700.6,
                    "Plan Rows": 454630,
                    "Plan Width": 4,
                    "Actual Startup Time": 162.989,
                    "Actual Total Time": 174.337,
                    "Actual Rows": 336992,
                    "Actual Loops": 2,
                    "Sort Key": [
                      "mi_idx.movie_id"
                    ],
                    "Sort Method": "quicksort",
                    "Sort Space Used": 33847,
                    "Sort Space Type": "Memory",
                    "Workers": [
                      {
                        "Worker Number": 0,
                        "Sort Method": "quicksort",
                        "Sort Space Used": 33847,
                        "Sort Space Type": "Memory"
                      }
                    ],
                    "Plans": [
                      {
                        "Node Type": "Bitmap Heap Scan",
                        "Parent Relationship": "Outer",
                        "Parallel Aware": false,
                        "Relation Name": "movie_info_idx",
                        "Alias": "mi_idx",
                        "Startup Cost": 8223.81,
                        "Total Cost": 21841.68,
                        "Plan Rows": 454630,
                        "Plan Width": 4,
                        "Actual Startup Time": 19.52,
                        "Actual Total Time": 74.422,
                        "Actual Rows": 459925,
                        "Actual Loops": 2,
                        "Recheck Cond": "(info_type_id < 100)",
                        "Rows Removed by Index Recheck": 0,
                        "Exact Heap Blocks": 7934,
                        "Lossy Heap Blocks": 0,
                        "Plans": [
                          {
                            "Node Type": "Bitmap Index Scan",
                            "Parent Relationship": "Outer",
                            "Parallel Aware": false,
                            "Index Name": "info_type_id_movie_info_idx",
                            "Startup Cost": 0.0,
                            "Total Cost": 8110.15,
                            "Plan Rows": 454630,
                            "Plan Width": 0,
                            "Actual Startup Time": 18.597,
                            "Actual Total Time": 18.597,
                            "Actual Rows": 459925,
                            "Actual Loops": 2,
                            "Index Cond": "(info_type_id < 100)"
                          }
                        ]
                      }
                    ]
                  }
                ]
              }
            ]
          }
        ]
      }
    ]
  },
  "Planning Time": 1.003,
  "Triggers": [],
  "Execution Time": 856.567
}