{
  "Plan": {
    "Node Type": "Aggregate",
    "Strategy": "Plain",
    "Partial Mode": "Finalize",
    "Parallel Aware": false,
    "Startup Cost": 70265.9,
    "Total Cost": 70265.91,
    "Plan Rows": 1,
    "Plan Width": 8,
    "Actual Startup Time": 146.082,
    "Actual Total Time": 157.605,
    "Actual Rows": 1,
    "Actual Loops": 1,
    "Plans": [
      {
        "Node Type": "Gather",
        "Parent Relationship": "Outer",
        "Parallel Aware": false,
        "Startup Cost": 70265.78,
        "Total Cost": 70265.89,
        "Plan Rows": 1,
        "Plan Width": 8,
        "Actual Startup Time": 145.967,
        "Actual Total Time": 157.596,
        "Actual Rows": 2,
        "Actual Loops": 1,
        "Workers Planned": 1,
        "Workers Launched": 1,
        "Single Copy": false,
        "Plans": [
          {
            "Node Type": "Aggregate",
            "Strategy": "Plain",
            "Partial Mode": "Partial",
            "Parent Relationship": "Outer",
            "Parallel Aware": false,
            "Startup Cost": 69265.78,
            "Total Cost": 69265.79,
            "Plan Rows": 1,
            "Plan Width": 8,
            "Actual Startup Time": 140.159,
            "Actual Total Time": 140.161,
            "Actual Rows": 1,
            "Actual Loops": 2,
            "Plans": [
              {
                "Node Type": "Nested Loop",
                "Parent Relationship": "Outer",
                "Parallel Aware": false,
                "Join Type": "Inner",
                "Startup Cost": 0.43,
                "Total Cost": 69264.41,
                "Plan Rows": 548,
                "Plan Width": 0,
                "Actual Startup Time": 15.69,
                "Actual Total Time": 140.137,
                "Actual Rows": 135,
                "Actual Loops": 2,
                "Inner Unique": false,
                "Plans": [
                  {
                    "Node Type": "Seq Scan",
                    "Parent Relationship": "Outer",
                    "Parallel Aware": true,
                    "Relation Name": "title",
                    "Alias": "t",
                    "Startup Cost": 0.0,
                    "Total Cost": 58306.47,
                    "Plan Rows": 1506,
                    "Plan Width": 4,
                    "Actual Startup Time": 0.466,
                    "Actual Total Time": 137.032,
                    "Actual Rows": 1022,
                    "Actual Loops": 2,
                    "Filter": "((kind_id = 7) AND (production_year = 1950))",
                    "Rows Removed by Filter": 1263134
                  },
                  {
                    "Node Type": "Index Scan",
                    "Parent Relationship": "Inner",
                    "Parallel Aware": false,
                    "Scan Direction": "Forward",
                    "Index Name": "movie_id_movie_info_idx",
                    "Relation Name": "movie_info_idx",
                    "Alias": "mi_idx",
                    "Startup Cost": 0.43,
                    "Total Cost": 7.26,
                    "Plan Rows": 2,
                    "Plan Width": 4,
                    "Actual Startup Time": 0.003,
                    "Actual Total Time": 0.003,
                    "Actual Rows": 0,
                    "Actual Loops": 2043,
                    "Index Cond": "(movie_id = t.id)",
                    "Rows Removed by Index Recheck": 0,
                    "Filter": "(info_type_id < 101)",
                    "Rows Removed by Filter": 0
                  }
                ]
              }
            ]
          }
        ]
      }
    ]
  },
  "Planning Time": 0.491,
  "Triggers": [],
  "Execution Time": 157.681
}