[
  {
    "Plan": {
      "Node Type": "Aggregate",
      "Strategy": "Plain",
      "Partial Mode": "Finalize",
      "Parallel Aware": false,
      "Startup Cost": 80146.44,
      "Total Cost": 80146.45,
      "Plan Rows": 1,
      "Plan Width": 8,
      "Actual Startup Time": 245.197,
      "Actual Total Time": 260.081,
      "Actual Rows": 1,
      "Actual Loops": 1,
      "Plans": [
        {
          "Node Type": "Gather",
          "Parent Relationship": "Outer",
          "Parallel Aware": false,
          "Startup Cost": 80146.12,
          "Total Cost": 80146.43,
          "Plan Rows": 3,
          "Plan Width": 8,
          "Actual Startup Time": 241.742,
          "Actual Total Time": 260.073,
          "Actual Rows": 4,
          "Actual Loops": 1,
          "Workers Planned": 3,
          "Workers Launched": 3,
          "Single Copy": false,
          "Plans": [
            {
              "Node Type": "Aggregate",
              "Strategy": "Plain",
              "Partial Mode": "Partial",
              "Parent Relationship": "Outer",
              "Parallel Aware": false,
              "Startup Cost": 79146.12,
              "Total Cost": 79146.13,
              "Plan Rows": 1,
              "Plan Width": 8,
              "Actual Startup Time": 234.576,
              "Actual Total Time": 234.579,
              "Actual Rows": 1,
              "Actual Loops": 4,
              "Plans": [
                {
                  "Node Type": "Hash Join",
                  "Parent Relationship": "Outer",
                  "Parallel Aware": true,
                  "Join Type": "Inner",
                  "Startup Cost": 47171.56,
                  "Total Cost": 79051.31,
                  "Plan Rows": 37927,
                  "Plan Width": 0,
                  "Actual Startup Time": 181.86,
                  "Actual Total Time": 233.814,
                  "Actual Rows": 17189,
                  "Actual Loops": 4,
                  "Inner Unique": true,
                  "Hash Cond": "(mc.movie_id = t.id)",
                  "Plans": [
                    {
                      "Node Type": "Seq Scan",
                      "Parent Relationship": "Outer",
                      "Parallel Aware": true,
                      "Relation Name": "movie_companies",
                      "Alias": "mc",
                      "Startup Cost": 0.0,
                      "Total Cost": 31414.82,
                      "Plan Rows": 177115,
                      "Plan Width": 4,
                      "Actual Startup Time": 30.859,
                      "Actual Total Time": 60.204,
                      "Actual Rows": 84707,
                      "Actual Loops": 4,
                      "Filter": "((company_id < 6926) AND (company_type_id > 1))",
                      "Rows Removed by Filter": 567575
                    },
                    {
                      "Node Type": "Hash",
                      "Parent Relationship": "Inner",
                      "Parallel Aware": true,
                      "Startup Cost": 45479.59,
                      "Total Cost": 45479.59,
                      "Plan Rows": 135358,
                      "Plan Width": 4,
                      "Actual Startup Time": 146.292,
                      "Actual Total Time": 146.293,
                      "Actual Rows": 114952,
                      "Actual Loops": 4,
                      "Hash Buckets": 1048576,
                      "Original Hash Buckets": 1048576,
                      "Hash Batches": 1,
                      "Original Hash Batches": 1,
                      "Peak Memory Usage": 26240,
                      "Plans": [
                        {
                          "Node Type": "Seq Scan",
                          "Parent Relationship": "Outer",
                          "Parallel Aware": true,
                          "Relation Name": "title",
                          "Alias": "t",
                          "Startup Cost": 0.0,
                          "Total Cost": 45479.59,
                          "Plan Rows": 135358,
                          "Plan Width": 4,
                          "Actual Startup Time": 0.035,
                          "Actual Total Time": 98.873,
                          "Actual Rows": 114952,
                          "Actual Loops": 4,
                          "Filter": "((kind_id < 7) AND (production_year > 2000))",
                          "Rows Removed by Filter": 517126
                        }
                      ]
                    }
                  ]
                }
              ]
            }
          ]
        }
      ]
    },
    "Planning Time": 0.574,
    "Triggers": [],
    "Execution Time": 260.138
  }
]