[
  {
    "Plan": {
      "Node Type": "Aggregate",
      "Strategy": "Plain",
      "Partial Mode": "Finalize",
      "Parallel Aware": false,
      "Startup Cost": 80154.36,
      "Total Cost": 80154.37,
      "Plan Rows": 1,
      "Plan Width": 8,
      "Actual Startup Time": 277.458,
      "Actual Total Time": 295.484,
      "Actual Rows": 1,
      "Actual Loops": 1,
      "Plans": [
        {
          "Node Type": "Gather",
          "Parent Relationship": "Outer",
          "Parallel Aware": false,
          "Startup Cost": 80154.05,
          "Total Cost": 80154.36,
          "Plan Rows": 3,
          "Plan Width": 8,
          "Actual Startup Time": 275.216,
          "Actual Total Time": 295.475,
          "Actual Rows": 4,
          "Actual Loops": 1,
          "Workers Planned": 3,
          "Workers Launched": 3,
          "Single Copy": false,
          "Plans": [
            {
              "Node Type": "Aggregate",
              "Strategy": "Plain",
              "Partial Mode": "Partial",
              "Parent Relationship": "Outer",
              "Parallel Aware": false,
              "Startup Cost": 79154.05,
              "Total Cost": 79154.06,
              "Plan Rows": 1,
              "Plan Width": 8,
              "Actual Startup Time": 266.835,
              "Actual Total Time": 266.838,
              "Actual Rows": 1,
              "Actual Loops": 4,
              "Plans": [
                {
                  "Node Type": "Hash Join",
                  "Parent Relationship": "Outer",
                  "Parallel Aware": true,
                  "Join Type": "Inner",
                  "Startup Cost": 47179.17,
                  "Total Cost": 79058.79,
                  "Plan Rows": 38101,
                  "Plan Width": 0,
                  "Actual Startup Time": 203.233,
                  "Actual Total Time": 265.763,
                  "Actual Rows": 17189,
                  "Actual Loops": 4,
                  "Inner Unique": true,
                  "Hash Cond": "(mc.movie_id = t.id)",
                  "Plans": [
                    {
                      "Node Type": "Seq Scan",
                      "Parent Relationship": "Outer",
                      "Parallel Aware": true,
                      "Relation Name": "movie_companies",
                      "Alias": "mc",
                      "Startup Cost": 0.0,
                      "Total Cost": 31414.82,
                      "Plan Rows": 177068,
                      "Plan Width": 4,
                      "Actual Startup Time": 36.697,
                      "Actual Total Time": 74.143,
                      "Actual Rows": 84707,
                      "Actual Loops": 4,
                      "Filter": "((company_id < 6926) AND (company_type_id > 1))",
                      "Rows Removed by Filter": 567575
                    },
                    {
                      "Node Type": "Hash",
                      "Parent Relationship": "Inner",
                      "Parallel Aware": true,
                      "Startup Cost": 45479.1,
                      "Total Cost": 45479.1,
                      "Plan Rows": 136006,
                      "Plan Width": 4,
                      "Actual Startup Time": 161.317,
                      "Actual Total Time": 161.317,
                      "Actual Rows": 114952,
                      "Actual Loops": 4,
                      "Hash Buckets": 1048576,
                      "Original Hash Buckets": 1048576,
                      "Hash Batches": 1,
                      "Original Hash Batches": 1,
                      "Peak Memory Usage": 26240,
                      "Plans": [
                        {
                          "Node Type": "Seq Scan",
                          "Parent Relationship": "Outer",
                          "Parallel Aware": true,
                          "Relation Name": "title",
                          "Alias": "t",
                          "Startup Cost": 0.0,
                          "Total Cost": 45479.1,
                          "Plan Rows": 136006,
                          "Plan Width": 4,
                          "Actual Startup Time": 0.052,
                          "Actual Total Time": 114.414,
                          "Actual Rows": 114952,
                          "Actual Loops": 4,
                          "Filter": "((kind_id < 7) AND (production_year > 2000))",
                          "Rows Removed by Filter": 517126
                        }
                      ]
                    }
                  ]
                }
              ]
            }
          ]
        }
      ]
    },
    "Planning Time": 0.671,
    "Triggers": [],
    "Execution Time": 295.554
  }
]