[
    {
        "Bao": {
            "Bao prediction": 624.572,
            "Bao recommended hint": "(no hint)"
        }
    },
    {
        "Plan": {
            "Node Type": "Aggregate",
            "Strategy": "Plain",
            "Partial Mode": "Simple",
            "Parallel Aware": false,
            "Startup Cost": 28861.38,
            "Total Cost": 28861.39,
            "Plan Rows": 1,
            "Plan Width": 8,
            "Actual Startup Time": 76.246,
            "Actual Total Time": 76.247,
            "Actual Rows": 1,
            "Actual Loops": 1,
            "Output": [
                "count(*)"
            ],
            "Plans": [
                {
                    "Node Type": "Bitmap Heap Scan",
                    "Parent Relationship": "Outer",
                    "Parallel Aware": false,
                    "Relation Name": "movie_keyword",
                    "Schema": "public",
                    "Alias": "mk",
                    "Startup Cost": 2583.02,
                    "Total Cost": 28557.32,
                    "Plan Rows": 121624,
                    "Plan Width": 0,
                    "Actual Startup Time": 27.728,
                    "Actual Total Time": 70.708,
                    "Actual Rows": 121921,
                    "Actual Loops": 1,
                    "Recheck Cond": "(mk.keyword_id < 117)",
                    "Rows Removed by Index Recheck": 0,
                    "Exact Heap Blocks": 22702,
                    "Lossy Heap Blocks": 0,
                    "Plans": [
                        {
                            "Node Type": "Bitmap Index Scan",
                            "Parent Relationship": "Outer",
                            "Parallel Aware": false,
                            "Index Name": "keyword_id_movie_keyword",
                            "Startup Cost": 0.0,
                            "Total Cost": 2552.61,
                            "Plan Rows": 121624,
                            "Plan Width": 0,
                            "Actual Startup Time": 21.43,
                            "Actual Total Time": 21.43,
                            "Actual Rows": 121921,
                            "Actual Loops": 1,
                            "Index Cond": "(mk.keyword_id < 117)"
                        }
                    ]
                }
            ]
        },
        "Planning Time": 447.125,
        "Triggers": [],
        "Execution Time": 76.33
    }
]