[
  {
    "Plan": {
      "Node Type": "Aggregate",
      "Strategy": "Plain",
      "Partial Mode": "Simple",
      "Parallel Aware": false,
      "Startup Cost": 50173.33,
      "Total Cost": 50173.34,
      "Plan Rows": 1,
      "Plan Width": 64,
      "Actual Startup Time": 186.331,
      "Actual Total Time": 206.994,
      "Actual Rows": 1,
      "Actual Loops": 1,
      "Plans": [
        {
          "Node Type": "Nested Loop",
          "Parent Relationship": "Outer",
          "Parallel Aware": false,
          "Join Type": "Inner",
          "Startup Cost": 4239.91,
          "Total Cost": 50173.33,
          "Plan Rows": 1,
          "Plan Width": 27,
          "Actual Startup Time": 186.317,
          "Actual Total Time": 206.978,
          "Actual Rows": 0,
          "Actual Loops": 1,
          "Inner Unique": true,
          "Plans": [
            {
              "Node Type": "Nested Loop",
              "Parent Relationship": "Outer",
              "Parallel Aware": false,
              "Join Type": "Inner",
              "Startup Cost": 4239.48,
              "Total Cost": 50168.89,
              "Plan Rows": 1,
              "Plan Width": 31,
              "Actual Startup Time": 186.311,
              "Actual Total Time": 206.972,
              "Actual Rows": 0,
              "Actual Loops": 1,
              "Inner Unique": true,
              "Join Filter": "(mc.company_type_id = ct.id)",
              "Rows Removed by Join Filter": 0,
              "Plans": [
                {
                  "Node Type": "Nested Loop",
                  "Parent Relationship": "Outer",
                  "Parallel Aware": false,
                  "Join Type": "Inner",
                  "Startup Cost": 4239.48,
                  "Total Cost": 50167.8,
                  "Plan Rows": 1,
                  "Plan Width": 35,
                  "Actual Startup Time": 186.309,
                  "Actual Total Time": 206.969,
                  "Actual Rows": 0,
                  "Actual Loops": 1,
                  "Inner Unique": true,
                  "Plans": [
                    {
                      "Node Type": "Nested Loop",
                      "Parent Relationship": "Outer",
                      "Parallel Aware": false,
                      "Join Type": "Inner",
                      "Startup Cost": 4239.05,
                      "Total Cost": 50163.35,
                      "Plan Rows": 1,
                      "Plan Width": 39,
                      "Actual Startup Time": 186.309,
                      "Actual Total Time": 206.968,
                      "Actual Rows": 0,
                      "Actual Loops": 1,
                      "Inner Unique": false,
                      "Join Filter": "(t.id = mc.movie_id)",
                      "Rows Removed by Join Filter": 0,
                      "Plans": [
                        {
                          "Node Type": "Nested Loop",
                          "Parent Relationship": "Outer",
                          "Parallel Aware": false,
                          "Join Type": "Inner",
                          "Startup Cost": 4238.57,
                          "Total Cost": 50158.75,
                          "Plan Rows": 1,
                          "Plan Width": 47,
                          "Actual Startup Time": 186.308,
                          "Actual Total Time": 206.967,
                          "Actual Rows": 0,
                          "Actual Loops": 1,
                          "Inner Unique": false,
                          "Plans": [
                            {
                              "Node Type": "Nested Loop",
                              "Parent Relationship": "Outer",
                              "Parallel Aware": false,
                              "Join Type": "Inner",
                              "Startup Cost": 4237.62,
                              "Total Cost": 50152.77,
                              "Plan Rows": 1,
                              "Plan Width": 39,
                              "Actual Startup Time": 186.308,
                              "Actual Total Time": 206.966,
                              "Actual Rows": 0,
                              "Actual Loops": 1,
                              "Inner Unique": true,
                              "Join Filter": "(mi.info_type_id = it1.id)",
                              "Rows Removed by Join Filter": 0,
                              "Plans": [
                                {
                                  "Node Type": "Gather",
                                  "Parent Relationship": "Outer",
                                  "Parallel Aware": false,
                                  "Startup Cost": 4237.62,
                                  "Total Cost": 50150.34,
                                  "Plan Rows": 1,
                                  "Plan Width": 43,
                                  "Actual Startup Time": 186.307,
                                  "Actual Total Time": 206.962,
                                  "Actual Rows": 0,
                                  "Actual Loops": 1,
                                  "Workers Planned": 4,
                                  "Workers Launched": 4,
                                  "Single Copy": false,
                                  "Plans": [
                                    {
                                      "Node Type": "Nested Loop",
                                      "Parent Relationship": "Outer",
                                      "Parallel Aware": false,
                                      "Join Type": "Inner",
                                      "Startup Cost": 3237.62,
                                      "Total Cost": 49150.24,
                                      "Plan Rows": 1,
                                      "Plan Width": 43,
                                      "Actual Startup Time": 175.49,
                                      "Actual Total Time": 175.501,
                                      "Actual Rows": 0,
                                      "Actual Loops": 5,
                                      "Inner Unique": false,
                                      "Plans": [
                                        {
                                          "Node Type": "Hash Join",
                                          "Parent Relationship": "Outer",
                                          "Parallel Aware": false,
                                          "Join Type": "Inner",
                                          "Startup Cost": 3236.49,
                                          "Total Cost": 47656.58,
                                          "Plan Rows": 252,
                                          "Plan Width": 35,
                                          "Actual Startup Time": 145.785,
                                          "Actual Total Time": 174.455,
                                          "Actual Rows": 4,
                                          "Actual Loops": 5,
                                          "Inner Unique": true,
                                          "Hash Cond": "(t.kind_id = kt.id)",
                                          "Plans": [
                                            {
                                              "Node Type": "Hash Join",
                                              "Parent Relationship": "Outer",
                                              "Parallel Aware": false,
                                              "Join Type": "Inner",
                                              "Startup Cost": 3235.39,
                                              "Total Cost": 47648.02,
                                              "Plan Rows": 1768,
                                              "Plan Width": 29,
                                              "Actual Startup Time": 54.218,
                                              "Actual Total Time": 173.985,
                                              "Actual Rows": 31,
                                              "Actual Loops": 5,
                                              "Inner Unique": false,
                                              "Hash Cond": "(t.id = cc.movie_id)",
                                              "Plans": [
                                                {
                                                  "Node Type": "Seq Scan",
                                                  "Parent Relationship": "Outer",
                                                  "Parallel Aware": true,
                                                  "Relation Name": "title",
                                                  "Alias": "t",
                                                  "Startup Cost": 0.0,
                                                  "Total Cost": 43898.62,
                                                  "Plan Rows": 132358,
                                                  "Plan Width": 25,
                                                  "Actual Startup Time": 0.065,
                                                  "Actual Total Time": 107.08,
                                                  "Actual Rows": 106674,
                                                  "Actual Loops": 5,
                                                  "Filter": "(production_year > 2009)",
                                                  "Rows Removed by Filter": 398989
                                                },
                                                {
                                                  "Node Type": "Hash",
                                                  "Parent Relationship": "Inner",
                                                  "Parallel Aware": false,
                                                  "Startup Cost": 2813.24,
                                                  "Total Cost": 2813.24,
                                                  "Plan Rows": 33772,
                                                  "Plan Width": 4,
                                                  "Actual Startup Time": 45.965,
                                                  "Actual Total Time": 45.971,
                                                  "Actual Rows": 24592,
                                                  "Actual Loops": 5,
                                                  "Hash Buckets": 65536,
                                                  "Original Hash Buckets": 65536,
                                                  "Hash Batches": 1,
                                                  "Original Hash Batches": 1,
                                                  "Peak Memory Usage": 1377,
                                                  "Plans": [
                                                    {
                                                      "Node Type": "Hash Join",
                                                      "Parent Relationship": "Outer",
                                                      "Parallel Aware": false,
                                                      "Join Type": "Inner",
                                                      "Startup Cost": 1.06,
                                                      "Total Cost": 2813.24,
                                                      "Plan Rows": 33772,
                                                      "Plan Width": 4,
                                                      "Actual Startup Time": 0.165,
                                                      "Actual Total Time": 40.093,
                                                      "Actual Rows": 24592,
                                                      "Actual Loops": 5,
                                                      "Inner Unique": true,
                                                      "Hash Cond": "(cc.status_id = cct1.id)",
                                                      "Plans": [
                                                        {
                                                          "Node Type": "Seq Scan",
                                                          "Parent Relationship": "Outer",
                                                          "Parallel Aware": false,
                                                          "Relation Name": "complete_cast",
                                                          "Alias": "cc",
                                                          "Startup Cost": 0.0,
                                                          "Total Cost": 2081.86,
                                                          "Plan Rows": 135086,
                                                          "Plan Width": 8,
                                                          "Actual Startup Time": 0.068,
                                                          "Actual Total Time": 22.311,
                                                          "Actual Rows": 135086,
                                                          "Actual Loops": 5
                                                        },
                                                        {
                                                          "Node Type": "Hash",
                                                          "Parent Relationship": "Inner",
                                                          "Parallel Aware": false,
                                                          "Startup Cost": 1.05,
                                                          "Total Cost": 1.05,
                                                          "Plan Rows": 1,
                                                          "Plan Width": 4,
                                                          "Actual Startup Time": 0.053,
                                                          "Actual Total Time": 0.055,
                                                          "Actual Rows": 1,
                                                          "Actual Loops": 5,
                                                          "Hash Buckets": 1024,
                                                          "Original Hash Buckets": 1024,
                                                          "Hash Batches": 1,
                                                          "Original Hash Batches": 1,
                                                          "Peak Memory Usage": 9,
                                                          "Plans": [
                                                            {
                                                              "Node Type": "Seq Scan",
                                                              "Parent Relationship": "Outer",
                                                              "Parallel Aware": false,
                                                              "Relation Name": "comp_cast_type",
                                                              "Alias": "cct1",
                                                              "Startup Cost": 0.0,
                                                              "Total Cost": 1.05,
                                                              "Plan Rows": 1,
                                                              "Plan Width": 4,
                                                              "Actual Startup Time": 0.039,
                                                              "Actual Total Time": 0.041,
                                                              "Actual Rows": 1,
                                                              "Actual Loops": 5,
                                                              "Filter": "((kind)::text = 'complete+verified'::text)",
                                                              "Rows Removed by Filter": 3
                                                            }
                                                          ]
                                                        }
                                                      ]
                                                    }
                                                  ]
                                                }
                                              ]
                                            },
                                            {
                                              "Node Type": "Hash",
                                              "Parent Relationship": "Inner",
                                              "Parallel Aware": false,
                                              "Startup Cost": 1.09,
                                              "Total Cost": 1.09,
                                              "Plan Rows": 1,
                                              "Plan Width": 14,
                                              "Actual Startup Time": 0.103,
                                              "Actual Total Time": 0.104,
                                              "Actual Rows": 1,
                                              "Actual Loops": 5,
                                              "Hash Buckets": 1024,
                                              "Original Hash Buckets": 1024,
                                              "Hash Batches": 1,
                                              "Original Hash Batches": 1,
                                              "Peak Memory Usage": 9,
                                              "Plans": [
                                                {
                                                  "Node Type": "Seq Scan",
                                                  "Parent Relationship": "Outer",
                                                  "Parallel Aware": false,
                                                  "Relation Name": "kind_type",
                                                  "Alias": "kt",
                                                  "Startup Cost": 0.0,
                                                  "Total Cost": 1.09,
                                                  "Plan Rows": 1,
                                                  "Plan Width": 14,
                                                  "Actual Startup Time": 0.079,
                                                  "Actual Total Time": 0.084,
                                                  "Actual Rows": 1,
                                                  "Actual Loops": 5,
                                                  "Filter": "((kind)::text = 'movie'::text)",
                                                  "Rows Removed by Filter": 6
                                                }
                                              ]
                                            }
                                          ]
                                        },
                                        {
                                          "Node Type": "Bitmap Heap Scan",
                                          "Parent Relationship": "Inner",
                                          "Parallel Aware": false,
                                          "Relation Name": "movie_info",
                                          "Alias": "mi",
                                          "Startup Cost": 1.14,
                                          "Total Cost": 5.92,
                                          "Plan Rows": 1,
                                          "Plan Width": 8,
                                          "Actual Startup Time": 0.282,
                                          "Actual Total Time": 0.283,
                                          "Actual Rows": 0,
                                          "Actual Loops": 18,
                                          "Recheck Cond": "(movie_id = t.id)",
                                          "Rows Removed by Index Recheck": 0,
                                          "Filter": "((info IS NOT NULL) AND (note ~~ '%internet%'::text) AND ((info ~~ 'USA:% 199%'::text) OR (info ~~ 'USA:% 200%'::text)))",
                                          "Rows Removed by Filter": 124,
                                          "Exact Heap Blocks": 56,
                                          "Lossy Heap Blocks": 0,
                                          "Plans": [
                                            {
                                              "Node Type": "Bitmap Index Scan",
                                              "Parent Relationship": "Outer",
                                              "Parallel Aware": false,
                                              "Index Name": "movie_id_movie_info",
                                              "Startup Cost": 0.0,
                                              "Total Cost": 1.14,
                                              "Plan Rows": 39,
                                              "Plan Width": 0,
                                              "Actual Startup Time": 0.06,
                                              "Actual Total Time": 0.06,
                                              "Actual Rows": 124,
                                              "Actual Loops": 18,
                                              "Index Cond": "(movie_id = t.id)"
                                            }
                                          ]
                                        }
                                      ]
                                    }
                                  ]
                                },
                                {
                                  "Node Type": "Seq Scan",
                                  "Parent Relationship": "Inner",
                                  "Parallel Aware": false,
                                  "Relation Name": "info_type",
                                  "Alias": "it1",
                                  "Startup Cost": 0.0,
                                  "Total Cost": 2.41,
                                  "Plan Rows": 1,
                                  "Plan Width": 4,
                                  "Actual Startup Time": 0.0,
                                  "Actual Total Time": 0.0,
                                  "Actual Rows": 0,
                                  "Actual Loops": 0,
                                  "Filter": "((info)::text = 'release dates'::text)",
                                  "Rows Removed by Filter": 0
                                }
                              ]
                            },
                            {
                              "Node Type": "Bitmap Heap Scan",
                              "Parent Relationship": "Inner",
                              "Parallel Aware": false,
                              "Relation Name": "movie_keyword",
                              "Alias": "mk",
                              "Startup Cost": 0.95,
                              "Total Cost": 5.52,
                              "Plan Rows": 46,
                              "Plan Width": 8,
                              "Actual Startup Time": 0.0,
                              "Actual Total Time": 0.0,
                              "Actual Rows": 0,
                              "Actual Loops": 0,
                              "Recheck Cond": "(movie_id = t.id)",
                              "Rows Removed by Index Recheck": 0,
                              "Exact Heap Blocks": 0,
                              "Lossy Heap Blocks": 0,
                              "Plans": [
                                {
                                  "Node Type": "Bitmap Index Scan",
                                  "Parent Relationship": "Outer",
                                  "Parallel Aware": false,
                                  "Index Name": "movie_id_movie_keyword",
                                  "Startup Cost": 0.0,
                                  "Total Cost": 0.94,
                                  "Plan Rows": 46,
                                  "Plan Width": 0,
                                  "Actual Startup Time": 0.0,
                                  "Actual Total Time": 0.0,
                                  "Actual Rows": 0,
                                  "Actual Loops": 0,
                                  "Index Cond": "(movie_id = t.id)"
                                }
                              ]
                            }
                          ]
                        },
                        {
                          "Node Type": "Bitmap Heap Scan",
                          "Parent Relationship": "Inner",
                          "Parallel Aware": false,
                          "Relation Name": "movie_companies",
                          "Alias": "mc",
                          "Startup Cost": 0.48,
                          "Total Cost": 4.54,
                          "Plan Rows": 5,
                          "Plan Width": 12,
                          "Actual Startup Time": 0.0,
                          "Actual Total Time": 0.0,
                          "Actual Rows": 0,
                          "Actual Loops": 0,
                          "Recheck Cond": "(movie_id = mk.movie_id)",
                          "Rows Removed by Index Recheck": 0,
                          "Exact Heap Blocks": 0,
                          "Lossy Heap Blocks": 0,
                          "Plans": [
                            {
                              "Node Type": "Bitmap Index Scan",
                              "Parent Relationship": "Outer",
                              "Parallel Aware": false,
                              "Index Name": "movie_id_movie_companies",
                              "Startup Cost": 0.0,
                              "Total Cost": 0.48,
                              "Plan Rows": 5,
                              "Plan Width": 0,
                              "Actual Startup Time": 0.0,
                              "Actual Total Time": 0.0,
                              "Actual Rows": 0,
                              "Actual Loops": 0,
                              "Index Cond": "(movie_id = mk.movie_id)"
                            }
                          ]
                        }
                      ]
                    },
                    {
                      "Node Type": "Bitmap Heap Scan",
                      "Parent Relationship": "Inner",
                      "Parallel Aware": false,
                      "Relation Name": "company_name",
                      "Alias": "cn",
                      "Startup Cost": 0.43,
                      "Total Cost": 4.44,
                      "Plan Rows": 1,
                      "Plan Width": 4,
                      "Actual Startup Time": 0.0,
                      "Actual Total Time": 0.0,
                      "Actual Rows": 0,
                      "Actual Loops": 0,
                      "Recheck Cond": "(id = mc.company_id)",
                      "Rows Removed by Index Recheck": 0,
                      "Filter": "((country_code)::text = '[us]'::text)",
                      "Rows Removed by Filter": 0,
                      "Exact Heap Blocks": 0,
                      "Lossy Heap Blocks": 0,
                      "Plans": [
                        {
                          "Node Type": "Bitmap Index Scan",
                          "Parent Relationship": "Outer",
                          "Parallel Aware": false,
                          "Index Name": "company_name_pkey",
                          "Startup Cost": 0.0,
                          "Total Cost": 0.43,
                          "Plan Rows": 1,
                          "Plan Width": 0,
                          "Actual Startup Time": 0.0,
                          "Actual Total Time": 0.0,
                          "Actual Rows": 0,
                          "Actual Loops": 0,
                          "Index Cond": "(id = mc.company_id)"
                        }
                      ]
                    }
                  ]
                },
                {
                  "Node Type": "Seq Scan",
                  "Parent Relationship": "Inner",
                  "Parallel Aware": false,
                  "Relation Name": "company_type",
                  "Alias": "ct",
                  "Startup Cost": 0.0,
                  "Total Cost": 1.04,
                  "Plan Rows": 4,
                  "Plan Width": 4,
                  "Actual Startup Time": 0.0,
                  "Actual Total Time": 0.0,
                  "Actual Rows": 0,
                  "Actual Loops": 0
                }
              ]
            },
            {
              "Node Type": "Bitmap Heap Scan",
              "Parent Relationship": "Inner",
              "Parallel Aware": false,
              "Relation Name": "keyword",
              "Alias": "k",
              "Startup Cost": 0.43,
              "Total Cost": 4.44,
              "Plan Rows": 1,
              "Plan Width": 4,
              "Actual Startup Time": 0.0,
              "Actual Total Time": 0.0,
              "Actual Rows": 0,
              "Actual Loops": 0,
              "Recheck Cond": "(id = mk.keyword_id)",
              "Rows Removed by Index Recheck": 0,
              "Exact Heap Blocks": 0,
              "Lossy Heap Blocks": 0,
              "Plans": [
                {
                  "Node Type": "Bitmap Index Scan",
                  "Parent Relationship": "Outer",
                  "Parallel Aware": false,
                  "Index Name": "keyword_pkey",
                  "Startup Cost": 0.0,
                  "Total Cost": 0.43,
                  "Plan Rows": 1,
                  "Plan Width": 0,
                  "Actual Startup Time": 0.0,
                  "Actual Total Time": 0.0,
                  "Actual Rows": 0,
                  "Actual Loops": 0,
                  "Index Cond": "(id = mk.keyword_id)"
                }
              ]
            }
          ]
        }
      ]
    },
    "Planning Time": 26.814,
    "Triggers": [],
    "Execution Time": 207.374
  }
]