[
  {
    "Plan": {
      "Node Type": "Aggregate",
      "Strategy": "Plain",
      "Partial Mode": "Finalize",
      "Parallel Aware": false,
      "Startup Cost": 27000.21,
      "Total Cost": 27000.22,
      "Plan Rows": 1,
      "Plan Width": 8,
      "Actual Startup Time": 50.414,
      "Actual Total Time": 58.033,
      "Actual Rows": 1,
      "Actual Loops": 1,
      "Plans": [
        {
          "Node Type": "Gather",
          "Parent Relationship": "Outer",
          "Parallel Aware": false,
          "Startup Cost": 26999.99,
          "Total Cost": 27000.2,
          "Plan Rows": 2,
          "Plan Width": 8,
          "Actual Startup Time": 50.32,
          "Actual Total Time": 58.028,
          "Actual Rows": 3,
          "Actual Loops": 1,
          "Workers Planned": 2,
          "Workers Launched": 2,
          "Single Copy": false,
          "Plans": [
            {
              "Node Type": "Aggregate",
              "Strategy": "Plain",
              "Partial Mode": "Partial",
              "Parent Relationship": "Outer",
              "Parallel Aware": false,
              "Startup Cost": 25999.99,
              "Total Cost": 26000.0,
              "Plan Rows": 1,
              "Plan Width": 8,
              "Actual Startup Time": 42.141,
              "Actual Total Time": 42.142,
              "Actual Rows": 1,
              "Actual Loops": 3,
              "Plans": [
                {
                  "Node Type": "Nested Loop",
                  "Parent Relationship": "Outer",
                  "Parallel Aware": false,
                  "Join Type": "Inner",
                  "Startup Cost": 93.65,
                  "Total Cost": 25997.79,
                  "Plan Rows": 880,
                  "Plan Width": 0,
                  "Actual Startup Time": 1.625,
                  "Actual Total Time": 41.936,
                  "Actual Rows": 1142,
                  "Actual Loops": 3,
                  "Inner Unique": false,
                  "Plans": [
                    {
                      "Node Type": "Nested Loop",
                      "Parent Relationship": "Outer",
                      "Parallel Aware": false,
                      "Join Type": "Inner",
                      "Startup Cost": 93.22,
                      "Total Cost": 23114.56,
                      "Plan Rows": 1740,
                      "Plan Width": 8,
                      "Actual Startup Time": 1.471,
                      "Actual Total Time": 14.789,
                      "Actual Rows": 1265,
                      "Actual Loops": 3,
                      "Inner Unique": true,
                      "Plans": [
                        {
                          "Node Type": "Bitmap Heap Scan",
                          "Parent Relationship": "Outer",
                          "Parallel Aware": true,
                          "Relation Name": "movie_companies",
                          "Alias": "mc",
                          "Startup Cost": 92.79,
                          "Total Cost": 10104.64,
                          "Plan Rows": 1740,
                          "Plan Width": 4,
                          "Actual Startup Time": 1.31,
                          "Actual Total Time": 4.277,
                          "Actual Rows": 1265,
                          "Actual Loops": 3,
                          "Recheck Cond": "(company_id = 11244)",
                          "Rows Removed by Index Recheck": 0,
                          "Exact Heap Blocks": 1188,
                          "Lossy Heap Blocks": 0,
                          "Plans": [
                            {
                              "Node Type": "Bitmap Index Scan",
                              "Parent Relationship": "Outer",
                              "Parallel Aware": false,
                              "Index Name": "company_id_movie_companies",
                              "Startup Cost": 0.0,
                              "Total Cost": 91.74,
                              "Plan Rows": 4175,
                              "Plan Width": 0,
                              "Actual Startup Time": 2.935,
                              "Actual Total Time": 2.935,
                              "Actual Rows": 3796,
                              "Actual Loops": 1,
                              "Index Cond": "(company_id = 11244)"
                            }
                          ]
                        },
                        {
                          "Node Type": "Index Only Scan",
                          "Parent Relationship": "Inner",
                          "Parallel Aware": false,
                          "Scan Direction": "Forward",
                          "Index Name": "title_pkey",
                          "Relation Name": "title",
                          "Alias": "t",
                          "Startup Cost": 0.43,
                          "Total Cost": 7.48,
                          "Plan Rows": 1,
                          "Plan Width": 4,
                          "Actual Startup Time": 0.008,
                          "Actual Total Time": 0.008,
                          "Actual Rows": 1,
                          "Actual Loops": 3796,
                          "Index Cond": "(id = mc.movie_id)",
                          "Rows Removed by Index Recheck": 0,
                          "Heap Fetches": 3796
                        }
                      ]
                    },
                    {
                      "Node Type": "Index Scan",
                      "Parent Relationship": "Inner",
                      "Parallel Aware": false,
                      "Scan Direction": "Forward",
                      "Index Name": "movie_id_movie_info",
                      "Relation Name": "movie_info",
                      "Alias": "mi",
                      "Startup Cost": 0.43,
                      "Total Cost": 1.62,
                      "Plan Rows": 4,
                      "Plan Width": 4,
                      "Actual Startup Time": 0.009,
                      "Actual Total Time": 0.021,
                      "Actual Rows": 1,
                      "Actual Loops": 3796,
                      "Index Cond": "(movie_id = t.id)",
                      "Rows Removed by Index Recheck": 0,
                      "Filter": "(info_type_id = 4)",
                      "Rows Removed by Filter": 13
                    }
                  ]
                }
              ]
            }
          ]
        }
      ]
    },
    "Planning Time": 1.461,
    "Triggers": [],
    "Execution Time": 58.126
  }
]