[
  {
    "Plan": {
      "Node Type": "Aggregate",
      "Strategy": "Plain",
      "Partial Mode": "Finalize",
      "Parallel Aware": false,
      "Startup Cost": 30739.97,
      "Total Cost": 30739.98,
      "Plan Rows": 1,
      "Plan Width": 8,
      "Actual Startup Time": 80.859,
      "Actual Total Time": 86.64,
      "Actual Rows": 1,
      "Actual Loops": 1,
      "Plans": [
        {
          "Node Type": "Gather",
          "Parent Relationship": "Outer",
          "Parallel Aware": false,
          "Startup Cost": 30739.65,
          "Total Cost": 30739.96,
          "Plan Rows": 3,
          "Plan Width": 8,
          "Actual Startup Time": 80.802,
          "Actual Total Time": 86.635,
          "Actual Rows": 4,
          "Actual Loops": 1,
          "Workers Planned": 3,
          "Workers Launched": 3,
          "Single Copy": false,
          "Plans": [
            {
              "Node Type": "Aggregate",
              "Strategy": "Plain",
              "Partial Mode": "Partial",
              "Parent Relationship": "Outer",
              "Parallel Aware": false,
              "Startup Cost": 29739.65,
              "Total Cost": 29739.66,
              "Plan Rows": 1,
              "Plan Width": 8,
              "Actual Startup Time": 73.651,
              "Actual Total Time": 73.652,
              "Actual Rows": 1,
              "Actual Loops": 4,
              "Plans": [
                {
                  "Node Type": "Seq Scan",
                  "Parent Relationship": "Outer",
                  "Parallel Aware": true,
                  "Relation Name": "movie_companies",
                  "Alias": "mc",
                  "Startup Cost": 0.0,
                  "Total Cost": 29310.68,
                  "Plan Rows": 171588,
                  "Plan Width": 0,
                  "Actual Startup Time": 0.052,
                  "Actual Total Time": 65.734,
                  "Actual Rows": 131802,
                  "Actual Loops": 4,
                  "Filter": "(company_id < 487)",
                  "Rows Removed by Filter": 520480
                }
              ]
            }
          ]
        }
      ]
    },
    "Planning Time": 0.065,
    "Triggers": [],
    "Execution Time": 86.661
  }
]