[
    {
        "Bao": {
            "Bao prediction": "NaN",
            "Bao recommended hint": "(no hint)"
        }
    },
    {
        "Plan": {
            "Node Type": "Aggregate",
            "Strategy": "Plain",
            "Partial Mode": "Finalize",
            "Parallel Aware": false,
            "Startup Cost": 329859.38,
            "Total Cost": 329859.39,
            "Plan Rows": 1,
            "Plan Width": 8,
            "Actual Startup Time": 327.907,
            "Actual Total Time": 336.189,
            "Actual Rows": 1,
            "Actual Loops": 1,
            "Output": [
                "count(*)"
            ],
            "Plans": [
                {
                    "Node Type": "Gather",
                    "Parent Relationship": "Outer",
                    "Parallel Aware": false,
                    "Startup Cost": 329858.76,
                    "Total Cost": 329859.37,
                    "Plan Rows": 6,
                    "Plan Width": 8,
                    "Actual Startup Time": 326.973,
                    "Actual Total Time": 336.179,
                    "Actual Rows": 7,
                    "Actual Loops": 1,
                    "Output": [
                        "(PARTIAL count(*))"
                    ],
                    "Workers Planned": 6,
                    "Workers Launched": 6,
                    "Single Copy": false,
                    "Plans": [
                        {
                            "Node Type": "Aggregate",
                            "Strategy": "Plain",
                            "Partial Mode": "Partial",
                            "Parent Relationship": "Outer",
                            "Parallel Aware": false,
                            "Startup Cost": 328858.76,
                            "Total Cost": 328858.77,
                            "Plan Rows": 1,
                            "Plan Width": 8,
                            "Actual Startup Time": 316.474,
                            "Actual Total Time": 316.475,
                            "Actual Rows": 1,
                            "Actual Loops": 7,
                            "Output": [
                                "PARTIAL count(*)"
                            ],
                            "Workers": [
                                {
                                    "Worker Number": 0,
                                    "Actual Startup Time": 314.013,
                                    "Actual Total Time": 314.015,
                                    "Actual Rows": 1,
                                    "Actual Loops": 1
                                },
                                {
                                    "Worker Number": 1,
                                    "Actual Startup Time": 314.532,
                                    "Actual Total Time": 314.534,
                                    "Actual Rows": 1,
                                    "Actual Loops": 1
                                },
                                {
                                    "Worker Number": 2,
                                    "Actual Startup Time": 314.776,
                                    "Actual Total Time": 314.778,
                                    "Actual Rows": 1,
                                    "Actual Loops": 1
                                },
                                {
                                    "Worker Number": 3,
                                    "Actual Startup Time": 315.085,
                                    "Actual Total Time": 315.087,
                                    "Actual Rows": 1,
                                    "Actual Loops": 1
                                },
                                {
                                    "Worker Number": 4,
                                    "Actual Startup Time": 315.238,
                                    "Actual Total Time": 315.24,
                                    "Actual Rows": 1,
                                    "Actual Loops": 1
                                },
                                {
                                    "Worker Number": 5,
                                    "Actual Startup Time": 315.24,
                                    "Actual Total Time": 315.241,
                                    "Actual Rows": 1,
                                    "Actual Loops": 1
                                }
                            ],
                            "Plans": [
                                {
                                    "Node Type": "Bitmap Heap Scan",
                                    "Parent Relationship": "Outer",
                                    "Parallel Aware": true,
                                    "Relation Name": "cast_info",
                                    "Schema": "public",
                                    "Alias": "ci",
                                    "Startup Cost": 67964.01,
                                    "Total Cost": 328403.84,
                                    "Plan Rows": 181968,
                                    "Plan Width": 0,
                                    "Actual Startup Time": 169.626,
                                    "Actual Total Time": 296.8,
                                    "Actual Rows": 323682,
                                    "Actual Loops": 7,
                                    "Recheck Cond": "(ci.person_id < 305179)",
                                    "Rows Removed by Index Recheck": 0,
                                    "Filter": "(ci.role_id < 2)",
                                    "Rows Removed by Filter": 126470,
                                    "Exact Heap Blocks": 6702,
                                    "Lossy Heap Blocks": 0,
                                    "Workers": [
                                        {
                                            "Worker Number": 0,
                                            "Actual Startup Time": 167.398,
                                            "Actual Total Time": 294.641,
                                            "Actual Rows": 245163,
                                            "Actual Loops": 1
                                        },
                                        {
                                            "Worker Number": 1,
                                            "Actual Startup Time": 167.585,
                                            "Actual Total Time": 295.088,
                                            "Actual Rows": 243892,
                                            "Actual Loops": 1
                                        },
                                        {
                                            "Worker Number": 2,
                                            "Actual Startup Time": 168.056,
                                            "Actual Total Time": 295.361,
                                            "Actual Rows": 244102,
                                            "Actual Loops": 1
                                        },
                                        {
                                            "Worker Number": 3,
                                            "Actual Startup Time": 168.281,
                                            "Actual Total Time": 295.734,
                                            "Actual Rows": 350798,
                                            "Actual Loops": 1
                                        },
                                        {
                                            "Worker Number": 4,
                                            "Actual Startup Time": 168.469,
                                            "Actual Total Time": 296.283,
                                            "Actual Rows": 352584,
                                            "Actual Loops": 1
                                        },
                                        {
                                            "Worker Number": 5,
                                            "Actual Startup Time": 168.423,
                                            "Actual Total Time": 296.295,
                                            "Actual Rows": 351114,
                                            "Actual Loops": 1
                                        }
                                    ],
                                    "Plans": [
                                        {
                                            "Node Type": "Bitmap Index Scan",
                                            "Parent Relationship": "Outer",
                                            "Parallel Aware": false,
                                            "Index Name": "person_id_cast_info",
                                            "Startup Cost": 0.0,
                                            "Total Cost": 67691.05,
                                            "Plan Rows": 3101132,
                                            "Plan Width": 0,
                                            "Actual Startup Time": 173.896,
                                            "Actual Total Time": 173.897,
                                            "Actual Rows": 3151065,
                                            "Actual Loops": 1,
                                            "Index Cond": "(ci.person_id < 305179)"
                                        }
                                    ]
                                }
                            ]
                        }
                    ]
                }
            ]
        },
        "Planning Time": 174.127,
        "Triggers": [],
        "Execution Time": 336.302
    }
]