[
  {
    "Plan": {
      "Node Type": "Aggregate",
      "Strategy": "Plain",
      "Partial Mode": "Finalize",
      "Parallel Aware": false,
      "Startup Cost": 139652.14,
      "Total Cost": 139652.15,
      "Plan Rows": 1,
      "Plan Width": 8,
      "Actual Startup Time": 997.947,
      "Actual Total Time": 1017.857,
      "Actual Rows": 1,
      "Actual Loops": 1,
      "Plans": [
        {
          "Node Type": "Gather",
          "Parent Relationship": "Outer",
          "Parallel Aware": false,
          "Startup Cost": 139651.82,
          "Total Cost": 139652.13,
          "Plan Rows": 3,
          "Plan Width": 8,
          "Actual Startup Time": 983.906,
          "Actual Total Time": 1017.845,
          "Actual Rows": 4,
          "Actual Loops": 1,
          "Workers Planned": 3,
          "Workers Launched": 3,
          "Single Copy": false,
          "Plans": [
            {
              "Node Type": "Aggregate",
              "Strategy": "Plain",
              "Partial Mode": "Partial",
              "Parent Relationship": "Outer",
              "Parallel Aware": false,
              "Startup Cost": 138651.82,
              "Total Cost": 138651.83,
              "Plan Rows": 1,
              "Plan Width": 8,
              "Actual Startup Time": 976.531,
              "Actual Total Time": 976.789,
              "Actual Rows": 1,
              "Actual Loops": 4,
              "Plans": [
                {
                  "Node Type": "Hash Join",
                  "Parent Relationship": "Outer",
                  "Parallel Aware": true,
                  "Join Type": "Inner",
                  "Startup Cost": 87764.56,
                  "Total Cost": 136777.8,
                  "Plan Rows": 749608,
                  "Plan Width": 0,
                  "Actual Startup Time": 670.688,
                  "Actual Total Time": 938.058,
                  "Actual Rows": 881590,
                  "Actual Loops": 4,
                  "Inner Unique": false,
                  "Hash Cond": "(mk.movie_id = t.id)",
                  "Plans": [
                    {
                      "Node Type": "Seq Scan",
                      "Parent Relationship": "Outer",
                      "Parallel Aware": true,
                      "Relation Name": "movie_keyword",
                      "Alias": "mk",
                      "Startup Cost": 0.0,
                      "Total Cost": 42695.65,
                      "Plan Rows": 1039865,
                      "Plan Width": 4,
                      "Actual Startup Time": 0.037,
                      "Actual Total Time": 113.165,
                      "Actual Rows": 805632,
                      "Actual Loops": 4,
                      "Filter": "(keyword_id < 13546)",
                      "Rows Removed by Filter": 325350
                    },
                    {
                      "Node Type": "Hash",
                      "Parent Relationship": "Inner",
                      "Parallel Aware": true,
                      "Startup Cost": 80415.11,
                      "Total Cost": 80415.11,
                      "Plan Rows": 587956,
                      "Plan Width": 8,
                      "Actual Startup Time": 666.061,
                      "Actual Total Time": 666.317,
                      "Actual Rows": 321816,
                      "Actual Loops": 4,
                      "Hash Buckets": 2097152,
                      "Original Hash Buckets": 2097152,
                      "Hash Batches": 1,
                      "Original Hash Batches": 1,
                      "Peak Memory Usage": 66816,
                      "Plans": [
                        {
                          "Node Type": "Hash Join",
                          "Parent Relationship": "Outer",
                          "Parallel Aware": true,
                          "Join Type": "Inner",
                          "Startup Cost": 50999.22,
                          "Total Cost": 80415.11,
                          "Plan Rows": 587956,
                          "Plan Width": 8,
                          "Actual Startup Time": 284.354,
                          "Actual Total Time": 556.557,
                          "Actual Rows": 321816,
                          "Actual Loops": 4,
                          "Inner Unique": true,
                          "Hash Cond": "(mc.movie_id = t.id)",
                          "Plans": [
                            {
                              "Node Type": "Seq Scan",
                              "Parent Relationship": "Outer",
                              "Parallel Aware": true,
                              "Relation Name": "movie_companies",
                              "Alias": "mc",
                              "Startup Cost": 0.0,
                              "Total Cost": 27206.55,
                              "Plan Rows": 841655,
                              "Plan Width": 4,
                              "Actual Startup Time": 0.009,
                              "Actual Total Time": 62.459,
                              "Actual Rows": 652282,
                              "Actual Loops": 4
                            },
                            {
                              "Node Type": "Hash",
                              "Parent Relationship": "Inner",
                              "Parallel Aware": true,
                              "Startup Cost": 45479.59,
                              "Total Cost": 45479.59,
                              "Plan Rows": 441571,
                              "Plan Width": 4,
                              "Actual Startup Time": 281.138,
                              "Actual Total Time": 281.14,
                              "Actual Rows": 449976,
                              "Actual Loops": 4,
                              "Hash Buckets": 2097152,
                              "Original Hash Buckets": 2097152,
                              "Hash Batches": 1,
                              "Original Hash Batches": 1,
                              "Peak Memory Usage": 86848,
                              "Plans": [
                                {
                                  "Node Type": "Seq Scan",
                                  "Parent Relationship": "Outer",
                                  "Parallel Aware": true,
                                  "Relation Name": "title",
                                  "Alias": "t",
                                  "Startup Cost": 0.0,
                                  "Total Cost": 45479.59,
                                  "Plan Rows": 441571,
                                  "Plan Width": 4,
                                  "Actual Startup Time": 0.055,
                                  "Actual Total Time": 117.399,
                                  "Actual Rows": 449976,
                                  "Actual Loops": 4,
                                  "Filter": "((kind_id > 1) AND (production_year > 1915))",
                                  "Rows Removed by Filter": 182102
                                }
                              ]
                            }
                          ]
                        }
                      ]
                    }
                  ]
                }
              ]
            }
          ]
        }
      ]
    },
    "Planning Time": 0.533,
    "Triggers": [],
    "Execution Time": 1017.901
  }
]