[
  {
    "Plan": {
      "Node Type": "Aggregate",
      "Strategy": "Plain",
      "Partial Mode": "Finalize",
      "Parallel Aware": false,
      "Startup Cost": 33350.09,
      "Total Cost": 33350.1,
      "Plan Rows": 1,
      "Plan Width": 8,
      "Actual Startup Time": 102.751,
      "Actual Total Time": 109.19,
      "Actual Rows": 1,
      "Actual Loops": 1,
      "Plans": [
        {
          "Node Type": "Gather",
          "Parent Relationship": "Outer",
          "Parallel Aware": false,
          "Startup Cost": 33349.78,
          "Total Cost": 33350.09,
          "Plan Rows": 3,
          "Plan Width": 8,
          "Actual Startup Time": 102.668,
          "Actual Total Time": 109.181,
          "Actual Rows": 4,
          "Actual Loops": 1,
          "Workers Planned": 3,
          "Workers Launched": 3,
          "Single Copy": false,
          "Plans": [
            {
              "Node Type": "Aggregate",
              "Strategy": "Plain",
              "Partial Mode": "Partial",
              "Parent Relationship": "Outer",
              "Parallel Aware": false,
              "Startup Cost": 32349.78,
              "Total Cost": 32349.79,
              "Plan Rows": 1,
              "Plan Width": 8,
              "Actual Startup Time": 98.193,
              "Actual Total Time": 98.194,
              "Actual Rows": 1,
              "Actual Loops": 4,
              "Plans": [
                {
                  "Node Type": "Seq Scan",
                  "Parent Relationship": "Outer",
                  "Parallel Aware": true,
                  "Relation Name": "movie_companies",
                  "Alias": "mc",
                  "Startup Cost": 0.0,
                  "Total Cost": 31414.82,
                  "Plan Rows": 373983,
                  "Plan Width": 0,
                  "Actual Startup Time": 38.104,
                  "Actual Total Time": 81.615,
                  "Actual Rows": 316383,
                  "Actual Loops": 4,
                  "Filter": "((company_id > 165) AND (company_type_id > 1))",
                  "Rows Removed by Filter": 335900
                }
              ]
            }
          ]
        }
      ]
    },
    "Planning Time": 0.11,
    "Triggers": [],
    "Execution Time": 109.222
  }
]