[
  {
    "Plan": {
      "Node Type": "Aggregate",
      "Strategy": "Plain",
      "Partial Mode": "Finalize",
      "Parallel Aware": false,
      "Startup Cost": 345657.82,
      "Total Cost": 345657.83,
      "Plan Rows": 1,
      "Plan Width": 8,
      "Actual Startup Time": 708.472,
      "Actual Total Time": 755.272,
      "Actual Rows": 1,
      "Actual Loops": 1,
      "Plans": [
        {
          "Node Type": "Gather",
          "Parent Relationship": "Outer",
          "Parallel Aware": false,
          "Startup Cost": 345657.2,
          "Total Cost": 345657.8,
          "Plan Rows": 6,
          "Plan Width": 8,
          "Actual Startup Time": 708.317,
          "Actual Total Time": 755.261,
          "Actual Rows": 7,
          "Actual Loops": 1,
          "Workers Planned": 6,
          "Workers Launched": 6,
          "Single Copy": false,
          "Plans": [
            {
              "Node Type": "Aggregate",
              "Strategy": "Plain",
              "Partial Mode": "Partial",
              "Parent Relationship": "Outer",
              "Parallel Aware": false,
              "Startup Cost": 344657.2,
              "Total Cost": 344657.21,
              "Plan Rows": 1,
              "Plan Width": 8,
              "Actual Startup Time": 700.734,
              "Actual Total Time": 700.735,
              "Actual Rows": 1,
              "Actual Loops": 7,
              "Plans": [
                {
                  "Node Type": "Seq Scan",
                  "Parent Relationship": "Outer",
                  "Parallel Aware": true,
                  "Relation Name": "cast_info",
                  "Alias": "ci",
                  "Startup Cost": 0.0,
                  "Total Cost": 343316.27,
                  "Plan Rows": 536370,
                  "Plan Width": 0,
                  "Actual Startup Time": 464.058,
                  "Actual Total Time": 661.715,
                  "Actual Rows": 703930,
                  "Actual Loops": 7,
                  "Filter": "((person_id > 3179768) AND (role_id > 1))",
                  "Rows Removed by Filter": 4473834
                }
              ]
            }
          ]
        }
      ]
    },
    "Planning Time": 0.173,
    "Triggers": [],
    "Execution Time": 755.328
  }
]