{
  "Plan": {
    "Node Type": "Aggregate",
    "Strategy": "Plain",
    "Partial Mode": "Finalize",
    "Parallel Aware": false,
    "Startup Cost": 102954.14,
    "Total Cost": 102954.15,
    "Plan Rows": 1,
    "Plan Width": 8,
    "Actual Startup Time": 363.03,
    "Actual Total Time": 381.251,
    "Actual Rows": 1,
    "Actual Loops": 1,
    "Plans": [
      {
        "Node Type": "Gather",
        "Parent Relationship": "Outer",
        "Parallel Aware": false,
        "Startup Cost": 102954.02,
        "Total Cost": 102954.13,
        "Plan Rows": 1,
        "Plan Width": 8,
        "Actual Startup Time": 362.136,
        "Actual Total Time": 381.242,
        "Actual Rows": 2,
        "Actual Loops": 1,
        "Workers Planned": 1,
        "Workers Launched": 1,
        "Single Copy": false,
        "Plans": [
          {
            "Node Type": "Aggregate",
            "Strategy": "Plain",
            "Partial Mode": "Partial",
            "Parent Relationship": "Outer",
            "Parallel Aware": false,
            "Startup Cost": 101954.02,
            "Total Cost": 101954.03,
            "Plan Rows": 1,
            "Plan Width": 8,
            "Actual Startup Time": 355.674,
            "Actual Total Time": 355.678,
            "Actual Rows": 1,
            "Actual Loops": 2,
            "Plans": [
              {
                "Node Type": "Hash Join",
                "Parent Relationship": "Outer",
                "Parallel Aware": true,
                "Join Type": "Inner",
                "Startup Cost": 58810.78,
                "Total Cost": 101920.49,
                "Plan Rows": 13414,
                "Plan Width": 0,
                "Actual Startup Time": 244.734,
                "Actual Total Time": 353.555,
                "Actual Rows": 41338,
                "Actual Loops": 2,
                "Inner Unique": true,
                "Hash Cond": "(mc.movie_id = t.id)",
                "Plans": [
                  {
                    "Node Type": "Seq Scan",
                    "Parent Relationship": "Outer",
                    "Parallel Aware": true,
                    "Relation Name": "movie_companies",
                    "Alias": "mc",
                    "Startup Cost": 0.0,
                    "Total Cost": 41811.73,
                    "Plan Rows": 494469,
                    "Plan Width": 4,
                    "Actual Startup Time": 58.154,
                    "Actual Total Time": 124.283,
                    "Actual Rows": 265262,
                    "Actual Loops": 2,
                    "Filter": "((company_id < 17915) AND (company_type_id > 1))",
                    "Rows Removed by Filter": 1039302
                  },
                  {
                    "Node Type": "Hash",
                    "Parent Relationship": "Inner",
                    "Parallel Aware": true,
                    "Startup Cost": 58306.47,
                    "Total Cost": 58306.47,
                    "Plan Rows": 40345,
                    "Plan Width": 4,
                    "Actual Startup Time": 182.69,
                    "Actual Total Time": 182.691,
                    "Actual Rows": 85362,
                    "Actual Loops": 2,
                    "Hash Buckets": 262144,
                    "Original Hash Buckets": 131072,
                    "Hash Batches": 1,
                    "Original Hash Batches": 1,
                    "Peak Memory Usage": 9792,
                    "Plans": [
                      {
                        "Node Type": "Seq Scan",
                        "Parent Relationship": "Outer",
                        "Parallel Aware": true,
                        "Relation Name": "title",
                        "Alias": "t",
                        "Startup Cost": 0.0,
                        "Total Cost": 58306.47,
                        "Plan Rows": 40345,
                        "Plan Width": 4,
                        "Actual Startup Time": 0.388,
                        "Actual Total Time": 157.534,
                        "Actual Rows": 85362,
                        "Actual Loops": 2,
                        "Filter": "((kind_id < 7) AND (production_year < 1953))",
                        "Rows Removed by Filter": 1178794
                      }
                    ]
                  }
                ]
              }
            ]
          }
        ]
      }
    ]
  },
  "Planning Time": 0.65,
  "Triggers": [],
  "Execution Time": 381.325
}