[
  {
    "Plan": {
      "Node Type": "Aggregate",
      "Strategy": "Plain",
      "Partial Mode": "Finalize",
      "Parallel Aware": false,
      "Startup Cost": 349502.33,
      "Total Cost": 349502.34,
      "Plan Rows": 1,
      "Plan Width": 8,
      "Actual Startup Time": 702.427,
      "Actual Total Time": 756.782,
      "Actual Rows": 1,
      "Actual Loops": 1,
      "Plans": [
        {
          "Node Type": "Gather",
          "Parent Relationship": "Outer",
          "Parallel Aware": false,
          "Startup Cost": 349501.71,
          "Total Cost": 349502.32,
          "Plan Rows": 6,
          "Plan Width": 8,
          "Actual Startup Time": 702.283,
          "Actual Total Time": 756.771,
          "Actual Rows": 7,
          "Actual Loops": 1,
          "Workers Planned": 6,
          "Workers Launched": 6,
          "Single Copy": false,
          "Plans": [
            {
              "Node Type": "Aggregate",
              "Strategy": "Plain",
              "Partial Mode": "Partial",
              "Parent Relationship": "Outer",
              "Parallel Aware": false,
              "Startup Cost": 348501.71,
              "Total Cost": 348501.72,
              "Plan Rows": 1,
              "Plan Width": 8,
              "Actual Startup Time": 696.461,
              "Actual Total Time": 696.462,
              "Actual Rows": 1,
              "Actual Loops": 7,
              "Plans": [
                {
                  "Node Type": "Seq Scan",
                  "Parent Relationship": "Outer",
                  "Parallel Aware": true,
                  "Relation Name": "cast_info",
                  "Alias": "ci",
                  "Startup Cost": 0.0,
                  "Total Cost": 343257.03,
                  "Plan Rows": 2097871,
                  "Plan Width": 0,
                  "Actual Startup Time": 350.743,
                  "Actual Total Time": 647.139,
                  "Actual Rows": 1116328,
                  "Actual Loops": 7,
                  "Filter": "((person_id < 2852160) AND (role_id > 2))",
                  "Rows Removed by Filter": 4061435
                }
              ]
            }
          ]
        }
      ]
    },
    "Planning Time": 0.226,
    "Triggers": [],
    "Execution Time": 756.857
  }
]