[
    {
        "Bao": {
            "Bao prediction": "NaN",
            "Bao recommended hint": "(no hint)"
        }
    },
    {
        "Plan": {
            "Node Type": "Aggregate",
            "Strategy": "Plain",
            "Partial Mode": "Finalize",
            "Parallel Aware": false,
            "Startup Cost": 124323.73,
            "Total Cost": 124323.74,
            "Plan Rows": 1,
            "Plan Width": 8,
            "Actual Startup Time": 724.391,
            "Actual Total Time": 742.615,
            "Actual Rows": 1,
            "Actual Loops": 1,
            "Output": [
                "count(*)"
            ],
            "Plans": [
                {
                    "Node Type": "Gather",
                    "Parent Relationship": "Outer",
                    "Parallel Aware": false,
                    "Startup Cost": 124323.41,
                    "Total Cost": 124323.72,
                    "Plan Rows": 3,
                    "Plan Width": 8,
                    "Actual Startup Time": 719.901,
                    "Actual Total Time": 742.606,
                    "Actual Rows": 4,
                    "Actual Loops": 1,
                    "Output": [
                        "(PARTIAL count(*))"
                    ],
                    "Workers Planned": 3,
                    "Workers Launched": 3,
                    "Single Copy": false,
                    "Plans": [
                        {
                            "Node Type": "Aggregate",
                            "Strategy": "Plain",
                            "Partial Mode": "Partial",
                            "Parent Relationship": "Outer",
                            "Parallel Aware": false,
                            "Startup Cost": 123323.41,
                            "Total Cost": 123323.42,
                            "Plan Rows": 1,
                            "Plan Width": 8,
                            "Actual Startup Time": 711.048,
                            "Actual Total Time": 711.17,
                            "Actual Rows": 1,
                            "Actual Loops": 4,
                            "Output": [
                                "PARTIAL count(*)"
                            ],
                            "Workers": [
                                {
                                    "Worker Number": 0,
                                    "Actual Startup Time": 708.375,
                                    "Actual Total Time": 708.381,
                                    "Actual Rows": 1,
                                    "Actual Loops": 1
                                },
                                {
                                    "Worker Number": 1,
                                    "Actual Startup Time": 707.924,
                                    "Actual Total Time": 707.929,
                                    "Actual Rows": 1,
                                    "Actual Loops": 1
                                },
                                {
                                    "Worker Number": 2,
                                    "Actual Startup Time": 708.301,
                                    "Actual Total Time": 708.307,
                                    "Actual Rows": 1,
                                    "Actual Loops": 1
                                }
                            ],
                            "Plans": [
                                {
                                    "Node Type": "Hash Join",
                                    "Parent Relationship": "Outer",
                                    "Parallel Aware": true,
                                    "Join Type": "Inner",
                                    "Startup Cost": 95723.05,
                                    "Total Cost": 123163.8,
                                    "Plan Rows": 63844,
                                    "Plan Width": 0,
                                    "Actual Startup Time": 537.474,
                                    "Actual Total Time": 681.262,
                                    "Actual Rows": 636416,
                                    "Actual Loops": 4,
                                    "Inner Unique": false,
                                    "Hash Cond": "(mk.movie_id = t.id)",
                                    "Workers": [
                                        {
                                            "Worker Number": 0,
                                            "Actual Startup Time": 534.151,
                                            "Actual Total Time": 677.883,
                                            "Actual Rows": 473374,
                                            "Actual Loops": 1
                                        },
                                        {
                                            "Worker Number": 1,
                                            "Actual Startup Time": 534.724,
                                            "Actual Total Time": 679.472,
                                            "Actual Rows": 660527,
                                            "Actual Loops": 1
                                        },
                                        {
                                            "Worker Number": 2,
                                            "Actual Startup Time": 534.854,
                                            "Actual Total Time": 679.971,
                                            "Actual Rows": 654759,
                                            "Actual Loops": 1
                                        }
                                    ],
                                    "Plans": [
                                        {
                                            "Node Type": "Bitmap Heap Scan",
                                            "Parent Relationship": "Outer",
                                            "Parallel Aware": true,
                                            "Relation Name": "movie_keyword",
                                            "Schema": "public",
                                            "Alias": "mk",
                                            "Startup Cost": 11440.26,
                                            "Total Cost": 38068.98,
                                            "Plan Rows": 173978,
                                            "Plan Width": 4,
                                            "Actual Startup Time": 71.446,
                                            "Actual Total Time": 130.101,
                                            "Actual Rows": 133298,
                                            "Actual Loops": 4,
                                            "Output": [
                                                "mk.id",
                                                "mk.movie_id",
                                                "mk.keyword_id"
                                            ],
                                            "Recheck Cond": "(mk.keyword_id > 34341)",
                                            "Rows Removed by Index Recheck": 0,
                                            "Exact Heap Blocks": 6697,
                                            "Lossy Heap Blocks": 0,
                                            "Workers": [
                                                {
                                                    "Worker Number": 0,
                                                    "Actual Startup Time": 71.197,
                                                    "Actual Total Time": 131.719,
                                                    "Actual Rows": 116528,
                                                    "Actual Loops": 1
                                                },
                                                {
                                                    "Worker Number": 1,
                                                    "Actual Startup Time": 71.572,
                                                    "Actual Total Time": 132.916,
                                                    "Actual Rows": 131568,
                                                    "Actual Loops": 1
                                                },
                                                {
                                                    "Worker Number": 2,
                                                    "Actual Startup Time": 71.573,
                                                    "Actual Total Time": 132.943,
                                                    "Actual Rows": 131282,
                                                    "Actual Loops": 1
                                                }
                                            ],
                                            "Plans": [
                                                {
                                                    "Node Type": "Bitmap Index Scan",
                                                    "Parent Relationship": "Outer",
                                                    "Parallel Aware": false,
                                                    "Index Name": "keyword_id_movie_keyword",
                                                    "Startup Cost": 0.0,
                                                    "Total Cost": 11305.42,
                                                    "Plan Rows": 539332,
                                                    "Plan Width": 0,
                                                    "Actual Startup Time": 65.751,
                                                    "Actual Total Time": 65.752,
                                                    "Actual Rows": 533191,
                                                    "Actual Loops": 1,
                                                    "Index Cond": "(mk.keyword_id > 34341)",
                                                    "Workers": [
                                                        {
                                                            "Worker Number": 0,
                                                            "Actual Startup Time": 65.751,
                                                            "Actual Total Time": 65.752,
                                                            "Actual Rows": 533191,
                                                            "Actual Loops": 1
                                                        }
                                                    ]
                                                }
                                            ]
                                        },
                                        {
                                            "Node Type": "Hash",
                                            "Parent Relationship": "Inner",
                                            "Parallel Aware": true,
                                            "Startup Cost": 81383.4,
                                            "Total Cost": 81383.4,
                                            "Plan Rows": 231951,
                                            "Plan Width": 8,
                                            "Actual Startup Time": 462.806,
                                            "Actual Total Time": 462.926,
                                            "Actual Rows": 192837,
                                            "Actual Loops": 4,
                                            "Output": [
                                                "t.id",
                                                "mc.movie_id"
                                            ],
                                            "Hash Buckets": 1048576,
                                            "Original Hash Buckets": 1048576,
                                            "Hash Batches": 1,
                                            "Original Hash Batches": 1,
                                            "Peak Memory Usage": 38432,
                                            "Workers": [
                                                {
                                                    "Worker Number": 0,
                                                    "Actual Startup Time": 461.863,
                                                    "Actual Total Time": 461.867,
                                                    "Actual Rows": 150897,
                                                    "Actual Loops": 1
                                                },
                                                {
                                                    "Worker Number": 1,
                                                    "Actual Startup Time": 462.177,
                                                    "Actual Total Time": 462.181,
                                                    "Actual Rows": 196923,
                                                    "Actual Loops": 1
                                                },
                                                {
                                                    "Worker Number": 2,
                                                    "Actual Startup Time": 462.455,
                                                    "Actual Total Time": 462.459,
                                                    "Actual Rows": 199372,
                                                    "Actual Loops": 1
                                                }
                                            ],
                                            "Plans": [
                                                {
                                                    "Node Type": "Hash Join",
                                                    "Parent Relationship": "Outer",
                                                    "Parallel Aware": true,
                                                    "Join Type": "Inner",
                                                    "Startup Cost": 35155.97,
                                                    "Total Cost": 81383.4,
                                                    "Plan Rows": 231951,
                                                    "Plan Width": 8,
                                                    "Actual Startup Time": 142.092,
                                                    "Actual Total Time": 402.285,
                                                    "Actual Rows": 192837,
                                                    "Actual Loops": 4,
                                                    "Output": [
                                                        "t.id",
                                                        "mc.movie_id"
                                                    ],
                                                    "Inner Unique": false,
                                                    "Hash Cond": "(t.id = mc.movie_id)",
                                                    "Workers": [
                                                        {
                                                            "Worker Number": 0,
                                                            "Actual Startup Time": 141.058,
                                                            "Actual Total Time": 401.159,
                                                            "Actual Rows": 150897,
                                                            "Actual Loops": 1
                                                        },
                                                        {
                                                            "Worker Number": 1,
                                                            "Actual Startup Time": 141.326,
                                                            "Actual Total Time": 401.979,
                                                            "Actual Rows": 196923,
                                                            "Actual Loops": 1
                                                        },
                                                        {
                                                            "Worker Number": 2,
                                                            "Actual Startup Time": 141.758,
                                                            "Actual Total Time": 402.972,
                                                            "Actual Rows": 199372,
                                                            "Actual Loops": 1
                                                        }
                                                    ],
                                                    "Plans": [
                                                        {
                                                            "Node Type": "Seq Scan",
                                                            "Parent Relationship": "Outer",
                                                            "Parallel Aware": true,
                                                            "Relation Name": "title",
                                                            "Schema": "public",
                                                            "Alias": "t",
                                                            "Startup Cost": 0.0,
                                                            "Total Cost": 42318.81,
                                                            "Plan Rows": 632080,
                                                            "Plan Width": 4,
                                                            "Actual Startup Time": 0.008,
                                                            "Actual Total Time": 76.148,
                                                            "Actual Rows": 632078,
                                                            "Actual Loops": 4,
                                                            "Output": [
                                                                "t.id",
                                                                "t.title",
                                                                "t.imdb_index",
                                                                "t.kind_id",
                                                                "t.production_year",
                                                                "t.imdb_id",
                                                                "t.phonetic_code",
                                                                "t.episode_of_id",
                                                                "t.season_nr",
                                                                "t.episode_nr",
                                                                "t.series_years",
                                                                "t.md5sum"
                                                            ],
                                                            "Workers": [
                                                                {
                                                                    "Worker Number": 0,
                                                                    "Actual Startup Time": 0.008,
                                                                    "Actual Total Time": 85.275,
                                                                    "Actual Rows": 488968,
                                                                    "Actual Loops": 1
                                                                },
                                                                {
                                                                    "Worker Number": 1,
                                                                    "Actual Startup Time": 0.008,
                                                                    "Actual Total Time": 77.314,
                                                                    "Actual Rows": 634915,
                                                                    "Actual Loops": 1
                                                                },
                                                                {
                                                                    "Worker Number": 2,
                                                                    "Actual Startup Time": 0.009,
                                                                    "Actual Total Time": 77.265,
                                                                    "Actual Rows": 636314,
                                                                    "Actual Loops": 1
                                                                }
                                                            ]
                                                        },
                                                        {
                                                            "Node Type": "Hash",
                                                            "Parent Relationship": "Inner",
                                                            "Parallel Aware": true,
                                                            "Startup Cost": 31414.82,
                                                            "Total Cost": 31414.82,
                                                            "Plan Rows": 299292,
                                                            "Plan Width": 4,
                                                            "Actual Startup Time": 140.249,
                                                            "Actual Total Time": 140.25,
                                                            "Actual Rows": 192837,
                                                            "Actual Loops": 4,
                                                            "Output": [
                                                                "mc.movie_id"
                                                            ],
                                                            "Hash Buckets": 1048576,
                                                            "Original Hash Buckets": 1048576,
                                                            "Hash Batches": 1,
                                                            "Original Hash Batches": 1,
                                                            "Peak Memory Usage": 38464,
                                                            "Workers": [
                                                                {
                                                                    "Worker Number": 0,
                                                                    "Actual Startup Time": 140.838,
                                                                    "Actual Total Time": 140.84,
                                                                    "Actual Rows": 141570,
                                                                    "Actual Loops": 1
                                                                },
                                                                {
                                                                    "Worker Number": 1,
                                                                    "Actual Startup Time": 141.202,
                                                                    "Actual Total Time": 141.203,
                                                                    "Actual Rows": 188252,
                                                                    "Actual Loops": 1
                                                                },
                                                                {
                                                                    "Worker Number": 2,
                                                                    "Actual Startup Time": 141.571,
                                                                    "Actual Total Time": 141.573,
                                                                    "Actual Rows": 188701,
                                                                    "Actual Loops": 1
                                                                }
                                                            ],
                                                            "Plans": [
                                                                {
                                                                    "Node Type": "Seq Scan",
                                                                    "Parent Relationship": "Outer",
                                                                    "Parallel Aware": true,
                                                                    "Relation Name": "movie_companies",
                                                                    "Schema": "public",
                                                                    "Alias": "mc",
                                                                    "Startup Cost": 0.0,
                                                                    "Total Cost": 31414.82,
                                                                    "Plan Rows": 299292,
                                                                    "Plan Width": 4,
                                                                    "Actual Startup Time": 0.649,
                                                                    "Actual Total Time": 81.63,
                                                                    "Actual Rows": 192837,
                                                                    "Actual Loops": 4,
                                                                    "Output": [
                                                                        "mc.movie_id"
                                                                    ],
                                                                    "Filter": "((mc.company_id > 1356) AND (mc.company_type_id = 1))",
                                                                    "Rows Removed by Filter": 459446,
                                                                    "Workers": [
                                                                        {
                                                                            "Worker Number": 0,
                                                                            "Actual Startup Time": 0.607,
                                                                            "Actual Total Time": 84.229,
                                                                            "Actual Rows": 141570,
                                                                            "Actual Loops": 1
                                                                        },
                                                                        {
                                                                            "Worker Number": 1,
                                                                            "Actual Startup Time": 0.682,
                                                                            "Actual Total Time": 81.511,
                                                                            "Actual Rows": 188252,
                                                                            "Actual Loops": 1
                                                                        },
                                                                        {
                                                                            "Worker Number": 2,
                                                                            "Actual Startup Time": 0.628,
                                                                            "Actual Total Time": 81.451,
                                                                            "Actual Rows": 188701,
                                                                            "Actual Loops": 1
                                                                        }
                                                                    ]
                                                                }
                                                            ]
                                                        }
                                                    ]
                                                }
                                            ]
                                        }
                                    ]
                                }
                            ]
                        }
                    ]
                }
            ]
        },
        "Planning Time": 197.906,
        "Triggers": [],
        "Execution Time": 742.688
    }
]