[
    {
        "Bao": {
            "Bao prediction": "NaN",
            "Bao recommended hint": "(no hint)"
        }
    },
    {
        "Plan": {
            "Node Type": "Aggregate",
            "Strategy": "Plain",
            "Partial Mode": "Finalize",
            "Parallel Aware": false,
            "Startup Cost": 136307.87,
            "Total Cost": 136307.88,
            "Plan Rows": 1,
            "Plan Width": 8,
            "Actual Startup Time": 704.084,
            "Actual Total Time": 738.753,
            "Actual Rows": 1,
            "Actual Loops": 1,
            "Output": [
                "count(*)"
            ],
            "Plans": [
                {
                    "Node Type": "Gather",
                    "Parent Relationship": "Outer",
                    "Parallel Aware": false,
                    "Startup Cost": 136307.56,
                    "Total Cost": 136307.87,
                    "Plan Rows": 3,
                    "Plan Width": 8,
                    "Actual Startup Time": 703.324,
                    "Actual Total Time": 738.744,
                    "Actual Rows": 4,
                    "Actual Loops": 1,
                    "Output": [
                        "(PARTIAL count(*))"
                    ],
                    "Workers Planned": 3,
                    "Workers Launched": 3,
                    "Single Copy": false,
                    "Plans": [
                        {
                            "Node Type": "Aggregate",
                            "Strategy": "Plain",
                            "Partial Mode": "Partial",
                            "Parent Relationship": "Outer",
                            "Parallel Aware": false,
                            "Startup Cost": 135307.56,
                            "Total Cost": 135307.57,
                            "Plan Rows": 1,
                            "Plan Width": 8,
                            "Actual Startup Time": 694.399,
                            "Actual Total Time": 694.403,
                            "Actual Rows": 1,
                            "Actual Loops": 4,
                            "Output": [
                                "PARTIAL count(*)"
                            ],
                            "Workers": [
                                {
                                    "Worker Number": 0,
                                    "Actual Startup Time": 691.304,
                                    "Actual Total Time": 691.309,
                                    "Actual Rows": 1,
                                    "Actual Loops": 1
                                },
                                {
                                    "Worker Number": 1,
                                    "Actual Startup Time": 691.43,
                                    "Actual Total Time": 691.433,
                                    "Actual Rows": 1,
                                    "Actual Loops": 1
                                },
                                {
                                    "Worker Number": 2,
                                    "Actual Startup Time": 691.975,
                                    "Actual Total Time": 691.979,
                                    "Actual Rows": 1,
                                    "Actual Loops": 1
                                }
                            ],
                            "Plans": [
                                {
                                    "Node Type": "Nested Loop",
                                    "Parent Relationship": "Outer",
                                    "Parallel Aware": false,
                                    "Join Type": "Inner",
                                    "Startup Cost": 38454.01,
                                    "Total Cost": 134857.89,
                                    "Plan Rows": 179868,
                                    "Plan Width": 0,
                                    "Actual Startup Time": 66.475,
                                    "Actual Total Time": 667.129,
                                    "Actual Rows": 524546,
                                    "Actual Loops": 4,
                                    "Inner Unique": false,
                                    "Join Filter": "(t.id = mi.movie_id)",
                                    "Rows Removed by Join Filter": 0,
                                    "Workers": [
                                        {
                                            "Worker Number": 0,
                                            "Actual Startup Time": 63.392,
                                            "Actual Total Time": 662.251,
                                            "Actual Rows": 359573,
                                            "Actual Loops": 1
                                        },
                                        {
                                            "Worker Number": 1,
                                            "Actual Startup Time": 63.375,
                                            "Actual Total Time": 665.15,
                                            "Actual Rows": 535753,
                                            "Actual Loops": 1
                                        },
                                        {
                                            "Worker Number": 2,
                                            "Actual Startup Time": 64.161,
                                            "Actual Total Time": 665.756,
                                            "Actual Rows": 538196,
                                            "Actual Loops": 1
                                        }
                                    ],
                                    "Plans": [
                                        {
                                            "Node Type": "Hash Join",
                                            "Parent Relationship": "Outer",
                                            "Parallel Aware": true,
                                            "Join Type": "Inner",
                                            "Startup Cost": 38453.57,
                                            "Total Cost": 67869.46,
                                            "Plan Rows": 33554,
                                            "Plan Width": 8,
                                            "Actual Startup Time": 66.413,
                                            "Actual Total Time": 191.995,
                                            "Actual Rows": 50092,
                                            "Actual Loops": 4,
                                            "Output": [
                                                "t.id",
                                                "mc.movie_id"
                                            ],
                                            "Inner Unique": true,
                                            "Hash Cond": "(mc.movie_id = t.id)",
                                            "Workers": [
                                                {
                                                    "Worker Number": 0,
                                                    "Actual Startup Time": 63.311,
                                                    "Actual Total Time": 188.134,
                                                    "Actual Rows": 34570,
                                                    "Actual Loops": 1
                                                },
                                                {
                                                    "Worker Number": 1,
                                                    "Actual Startup Time": 63.298,
                                                    "Actual Total Time": 185.592,
                                                    "Actual Rows": 51537,
                                                    "Actual Loops": 1
                                                },
                                                {
                                                    "Worker Number": 2,
                                                    "Actual Startup Time": 64.091,
                                                    "Actual Total Time": 184.336,
                                                    "Actual Rows": 50591,
                                                    "Actual Loops": 1
                                                }
                                            ],
                                            "Plans": [
                                                {
                                                    "Node Type": "Seq Scan",
                                                    "Parent Relationship": "Outer",
                                                    "Parallel Aware": true,
                                                    "Relation Name": "movie_companies",
                                                    "Schema": "public",
                                                    "Alias": "mc",
                                                    "Startup Cost": 0.0,
                                                    "Total Cost": 27206.55,
                                                    "Plan Rows": 841655,
                                                    "Plan Width": 4,
                                                    "Actual Startup Time": 0.021,
                                                    "Actual Total Time": 56.715,
                                                    "Actual Rows": 652282,
                                                    "Actual Loops": 4,
                                                    "Output": [
                                                        "mc.id",
                                                        "mc.movie_id",
                                                        "mc.company_id",
                                                        "mc.company_type_id",
                                                        "mc.note"
                                                    ],
                                                    "Workers": [
                                                        {
                                                            "Worker Number": 0,
                                                            "Actual Startup Time": 0.027,
                                                            "Actual Total Time": 58.835,
                                                            "Actual Rows": 449669,
                                                            "Actual Loops": 1
                                                        },
                                                        {
                                                            "Worker Number": 1,
                                                            "Actual Startup Time": 0.026,
                                                            "Actual Total Time": 57.005,
                                                            "Actual Rows": 679252,
                                                            "Actual Loops": 1
                                                        },
                                                        {
                                                            "Worker Number": 2,
                                                            "Actual Startup Time": 0.021,
                                                            "Actual Total Time": 53.897,
                                                            "Actual Rows": 642926,
                                                            "Actual Loops": 1
                                                        }
                                                    ]
                                                },
                                                {
                                                    "Node Type": "Hash",
                                                    "Parent Relationship": "Inner",
                                                    "Parallel Aware": true,
                                                    "Startup Cost": 38138.59,
                                                    "Total Cost": 38138.59,
                                                    "Plan Rows": 25199,
                                                    "Plan Width": 4,
                                                    "Actual Startup Time": 41.854,
                                                    "Actual Total Time": 41.855,
                                                    "Actual Rows": 25134,
                                                    "Actual Loops": 4,
                                                    "Output": [
                                                        "t.id"
                                                    ],
                                                    "Hash Buckets": 131072,
                                                    "Original Hash Buckets": 131072,
                                                    "Hash Batches": 1,
                                                    "Original Hash Batches": 1,
                                                    "Peak Memory Usage": 5056,
                                                    "Workers": [
                                                        {
                                                            "Worker Number": 0,
                                                            "Actual Startup Time": 39.196,
                                                            "Actual Total Time": 39.198,
                                                            "Actual Rows": 14069,
                                                            "Actual Loops": 1
                                                        },
                                                        {
                                                            "Worker Number": 1,
                                                            "Actual Startup Time": 39.2,
                                                            "Actual Total Time": 39.201,
                                                            "Actual Rows": 15630,
                                                            "Actual Loops": 1
                                                        },
                                                        {
                                                            "Worker Number": 2,
                                                            "Actual Startup Time": 40.088,
                                                            "Actual Total Time": 40.089,
                                                            "Actual Rows": 12378,
                                                            "Actual Loops": 1
                                                        }
                                                    ],
                                                    "Plans": [
                                                        {
                                                            "Node Type": "Bitmap Heap Scan",
                                                            "Parent Relationship": "Outer",
                                                            "Parallel Aware": true,
                                                            "Relation Name": "title",
                                                            "Schema": "public",
                                                            "Alias": "t",
                                                            "Startup Cost": 1825.6,
                                                            "Total Cost": 38138.59,
                                                            "Plan Rows": 25199,
                                                            "Plan Width": 4,
                                                            "Actual Startup Time": 3.171,
                                                            "Actual Total Time": 33.599,
                                                            "Actual Rows": 25134,
                                                            "Actual Loops": 4,
                                                            "Output": [
                                                                "t.id"
                                                            ],
                                                            "Recheck Cond": "(t.kind_id = 3)",
                                                            "Rows Removed by Index Recheck": 0,
                                                            "Exact Heap Blocks": 7504,
                                                            "Lossy Heap Blocks": 0,
                                                            "Workers": [
                                                                {
                                                                    "Worker Number": 0,
                                                                    "Actual Startup Time": 0.673,
                                                                    "Actual Total Time": 32.129,
                                                                    "Actual Rows": 14069,
                                                                    "Actual Loops": 1
                                                                },
                                                                {
                                                                    "Worker Number": 1,
                                                                    "Actual Startup Time": 0.815,
                                                                    "Actual Total Time": 32.413,
                                                                    "Actual Rows": 15630,
                                                                    "Actual Loops": 1
                                                                },
                                                                {
                                                                    "Worker Number": 2,
                                                                    "Actual Startup Time": 1.231,
                                                                    "Actual Total Time": 33.197,
                                                                    "Actual Rows": 12378,
                                                                    "Actual Loops": 1
                                                                }
                                                            ],
                                                            "Plans": [
                                                                {
                                                                    "Node Type": "Bitmap Index Scan",
                                                                    "Parent Relationship": "Outer",
                                                                    "Parallel Aware": false,
                                                                    "Index Name": "kind_id_title",
                                                                    "Startup Cost": 0.0,
                                                                    "Total Cost": 1800.4,
                                                                    "Plan Rows": 100796,
                                                                    "Plan Width": 0,
                                                                    "Actual Startup Time": 7.524,
                                                                    "Actual Total Time": 7.524,
                                                                    "Actual Rows": 100537,
                                                                    "Actual Loops": 1,
                                                                    "Index Cond": "(t.kind_id = 3)"
                                                                }
                                                            ]
                                                        }
                                                    ]
                                                }
                                            ]
                                        },
                                        {
                                            "Node Type": "Index Scan",
                                            "Parent Relationship": "Inner",
                                            "Parallel Aware": false,
                                            "Scan Direction": "Forward",
                                            "Index Name": "movie_id_movie_info",
                                            "Relation Name": "movie_info",
                                            "Schema": "public",
                                            "Alias": "mi",
                                            "Startup Cost": 0.43,
                                            "Total Cost": 1.55,
                                            "Plan Rows": 36,
                                            "Plan Width": 4,
                                            "Actual Startup Time": 0.003,
                                            "Actual Total Time": 0.008,
                                            "Actual Rows": 10,
                                            "Actual Loops": 200368,
                                            "Output": [
                                                "mi.id",
                                                "mi.movie_id",
                                                "mi.info_type_id",
                                                "mi.info",
                                                "mi.note"
                                            ],
                                            "Index Cond": "(mi.movie_id = mc.movie_id)",
                                            "Rows Removed by Index Recheck": 0,
                                            "Filter": "(mi.info_type_id < 35)",
                                            "Rows Removed by Filter": 1,
                                            "Workers": [
                                                {
                                                    "Worker Number": 0,
                                                    "Actual Startup Time": 0.005,
                                                    "Actual Total Time": 0.012,
                                                    "Actual Rows": 10,
                                                    "Actual Loops": 34570
                                                },
                                                {
                                                    "Worker Number": 1,
                                                    "Actual Startup Time": 0.004,
                                                    "Actual Total Time": 0.008,
                                                    "Actual Rows": 10,
                                                    "Actual Loops": 51537
                                                },
                                                {
                                                    "Worker Number": 2,
                                                    "Actual Startup Time": 0.004,
                                                    "Actual Total Time": 0.008,
                                                    "Actual Rows": 11,
                                                    "Actual Loops": 50591
                                                }
                                            ]
                                        }
                                    ]
                                }
                            ]
                        }
                    ]
                }
            ]
        },
        "Planning Time": 208.072,
        "Triggers": [],
        "Execution Time": 738.856
    }
]