[
  {
    "Plan": {
      "Node Type": "Aggregate",
      "Strategy": "Plain",
      "Partial Mode": "Finalize",
      "Parallel Aware": false,
      "Startup Cost": 338060.75,
      "Total Cost": 338060.76,
      "Plan Rows": 1,
      "Plan Width": 8,
      "Actual Startup Time": 739.183,
      "Actual Total Time": 783.528,
      "Actual Rows": 1,
      "Actual Loops": 1,
      "Plans": [
        {
          "Node Type": "Gather",
          "Parent Relationship": "Outer",
          "Parallel Aware": false,
          "Startup Cost": 338060.13,
          "Total Cost": 338060.74,
          "Plan Rows": 6,
          "Plan Width": 8,
          "Actual Startup Time": 738.843,
          "Actual Total Time": 783.516,
          "Actual Rows": 7,
          "Actual Loops": 1,
          "Workers Planned": 6,
          "Workers Launched": 6,
          "Single Copy": false,
          "Plans": [
            {
              "Node Type": "Aggregate",
              "Strategy": "Plain",
              "Partial Mode": "Partial",
              "Parent Relationship": "Outer",
              "Parallel Aware": false,
              "Startup Cost": 337060.13,
              "Total Cost": 337060.14,
              "Plan Rows": 1,
              "Plan Width": 8,
              "Actual Startup Time": 731.809,
              "Actual Total Time": 731.81,
              "Actual Rows": 1,
              "Actual Loops": 7,
              "Plans": [
                {
                  "Node Type": "Seq Scan",
                  "Parent Relationship": "Outer",
                  "Parallel Aware": true,
                  "Relation Name": "cast_info",
                  "Alias": "ci",
                  "Startup Cost": 0.0,
                  "Total Cost": 328211.39,
                  "Plan Rows": 3539494,
                  "Plan Width": 0,
                  "Actual Startup Time": 0.043,
                  "Actual Total Time": 586.51,
                  "Actual Rows": 3072728,
                  "Actual Loops": 7,
                  "Filter": "(person_id < 2180282)",
                  "Rows Removed by Filter": 2105036
                }
              ]
            }
          ]
        }
      ]
    },
    "Planning Time": 0.1,
    "Triggers": [],
    "Execution Time": 783.566
  }
]