[
  {
    "Plan": {
      "Node Type": "Aggregate",
      "Strategy": "Plain",
      "Partial Mode": "Finalize",
      "Parallel Aware": false,
      "Startup Cost": 338107.56,
      "Total Cost": 338107.57,
      "Plan Rows": 1,
      "Plan Width": 8,
      "Actual Startup Time": 736.541,
      "Actual Total Time": 791.285,
      "Actual Rows": 1,
      "Actual Loops": 1,
      "Plans": [
        {
          "Node Type": "Gather",
          "Parent Relationship": "Outer",
          "Parallel Aware": false,
          "Startup Cost": 338106.93,
          "Total Cost": 338107.54,
          "Plan Rows": 6,
          "Plan Width": 8,
          "Actual Startup Time": 736.386,
          "Actual Total Time": 791.274,
          "Actual Rows": 7,
          "Actual Loops": 1,
          "Workers Planned": 6,
          "Workers Launched": 6,
          "Single Copy": false,
          "Plans": [
            {
              "Node Type": "Aggregate",
              "Strategy": "Plain",
              "Partial Mode": "Partial",
              "Parent Relationship": "Outer",
              "Parallel Aware": false,
              "Startup Cost": 337106.93,
              "Total Cost": 337106.95,
              "Plan Rows": 1,
              "Plan Width": 8,
              "Actual Startup Time": 725.764,
              "Actual Total Time": 725.766,
              "Actual Rows": 1,
              "Actual Loops": 7,
              "Plans": [
                {
                  "Node Type": "Seq Scan",
                  "Parent Relationship": "Outer",
                  "Parallel Aware": true,
                  "Relation Name": "cast_info",
                  "Alias": "ci",
                  "Startup Cost": 0.0,
                  "Total Cost": 328162.03,
                  "Plan Rows": 3577964,
                  "Plan Width": 0,
                  "Actual Startup Time": 0.054,
                  "Actual Total Time": 592.651,
                  "Actual Rows": 3072728,
                  "Actual Loops": 7,
                  "Filter": "(person_id < 2180282)",
                  "Rows Removed by Filter": 2105036
                }
              ]
            }
          ]
        }
      ]
    },
    "Planning Time": 0.187,
    "Triggers": [],
    "Execution Time": 791.361
  }
]