[
    {
        "Bao": {
            "Bao prediction": "NaN",
            "Bao recommended hint": "(no hint)"
        }
    },
    {
        "Plan": {
            "Node Type": "Aggregate",
            "Strategy": "Plain",
            "Partial Mode": "Finalize",
            "Parallel Aware": false,
            "Startup Cost": 31088.03,
            "Total Cost": 31088.04,
            "Plan Rows": 1,
            "Plan Width": 8,
            "Actual Startup Time": 85.817,
            "Actual Total Time": 89.511,
            "Actual Rows": 1,
            "Actual Loops": 1,
            "Output": [
                "count(*)"
            ],
            "Plans": [
                {
                    "Node Type": "Gather",
                    "Parent Relationship": "Outer",
                    "Parallel Aware": false,
                    "Startup Cost": 31087.71,
                    "Total Cost": 31088.02,
                    "Plan Rows": 3,
                    "Plan Width": 8,
                    "Actual Startup Time": 85.613,
                    "Actual Total Time": 89.501,
                    "Actual Rows": 4,
                    "Actual Loops": 1,
                    "Output": [
                        "(PARTIAL count(*))"
                    ],
                    "Workers Planned": 3,
                    "Workers Launched": 3,
                    "Single Copy": false,
                    "Plans": [
                        {
                            "Node Type": "Aggregate",
                            "Strategy": "Plain",
                            "Partial Mode": "Partial",
                            "Parent Relationship": "Outer",
                            "Parallel Aware": false,
                            "Startup Cost": 30087.71,
                            "Total Cost": 30087.72,
                            "Plan Rows": 1,
                            "Plan Width": 8,
                            "Actual Startup Time": 77.062,
                            "Actual Total Time": 77.064,
                            "Actual Rows": 1,
                            "Actual Loops": 4,
                            "Output": [
                                "PARTIAL count(*)"
                            ],
                            "Workers": [
                                {
                                    "Worker Number": 0,
                                    "Actual Startup Time": 74.108,
                                    "Actual Total Time": 74.11,
                                    "Actual Rows": 1,
                                    "Actual Loops": 1
                                },
                                {
                                    "Worker Number": 1,
                                    "Actual Startup Time": 74.329,
                                    "Actual Total Time": 74.331,
                                    "Actual Rows": 1,
                                    "Actual Loops": 1
                                },
                                {
                                    "Worker Number": 2,
                                    "Actual Startup Time": 74.48,
                                    "Actual Total Time": 74.483,
                                    "Actual Rows": 1,
                                    "Actual Loops": 1
                                }
                            ],
                            "Plans": [
                                {
                                    "Node Type": "Bitmap Heap Scan",
                                    "Parent Relationship": "Outer",
                                    "Parallel Aware": true,
                                    "Relation Name": "movie_companies",
                                    "Schema": "public",
                                    "Alias": "mc",
                                    "Startup Cost": 9089.04,
                                    "Total Cost": 29920.9,
                                    "Plan Rows": 66724,
                                    "Plan Width": 0,
                                    "Actual Startup Time": 18.181,
                                    "Actual Total Time": 71.135,
                                    "Actual Rows": 80506,
                                    "Actual Loops": 4,
                                    "Recheck Cond": "(mc.company_id < 295)",
                                    "Rows Removed by Index Recheck": 0,
                                    "Filter": "(mc.company_type_id < 2)",
                                    "Rows Removed by Filter": 24676,
                                    "Exact Heap Blocks": 8086,
                                    "Lossy Heap Blocks": 0,
                                    "Workers": [
                                        {
                                            "Worker Number": 0,
                                            "Actual Startup Time": 15.303,
                                            "Actual Total Time": 68.726,
                                            "Actual Rows": 49333,
                                            "Actual Loops": 1
                                        },
                                        {
                                            "Worker Number": 1,
                                            "Actual Startup Time": 15.584,
                                            "Actual Total Time": 69.007,
                                            "Actual Rows": 43803,
                                            "Actual Loops": 1
                                        },
                                        {
                                            "Worker Number": 2,
                                            "Actual Startup Time": 15.663,
                                            "Actual Total Time": 69.039,
                                            "Actual Rows": 44292,
                                            "Actual Loops": 1
                                        }
                                    ],
                                    "Plans": [
                                        {
                                            "Node Type": "Bitmap Index Scan",
                                            "Parent Relationship": "Outer",
                                            "Parallel Aware": false,
                                            "Index Name": "company_id_movie_companies",
                                            "Startup Cost": 0.0,
                                            "Total Cost": 9037.33,
                                            "Plan Rows": 421986,
                                            "Plan Width": 0,
                                            "Actual Startup Time": 23.523,
                                            "Actual Total Time": 23.524,
                                            "Actual Rows": 420728,
                                            "Actual Loops": 1,
                                            "Index Cond": "(mc.company_id < 295)"
                                        }
                                    ]
                                }
                            ]
                        }
                    ]
                }
            ]
        },
        "Planning Time": 193.829,
        "Triggers": [],
        "Execution Time": 89.571
    }
]