{
  "Plan": {
    "Node Type": "Aggregate",
    "Strategy": "Plain",
    "Partial Mode": "Finalize",
    "Parallel Aware": false,
    "Startup Cost": 84446.11,
    "Total Cost": 84446.12,
    "Plan Rows": 1,
    "Plan Width": 8,
    "Actual Startup Time": 399.012,
    "Actual Total Time": 403.405,
    "Actual Rows": 1,
    "Actual Loops": 1,
    "Plans": [
      {
        "Node Type": "Gather",
        "Parent Relationship": "Outer",
        "Parallel Aware": false,
        "Startup Cost": 84446.0,
        "Total Cost": 84446.11,
        "Plan Rows": 1,
        "Plan Width": 8,
        "Actual Startup Time": 399.005,
        "Actual Total Time": 403.401,
        "Actual Rows": 2,
        "Actual Loops": 1,
        "Workers Planned": 1,
        "Workers Launched": 1,
        "Single Copy": false,
        "Plans": [
          {
            "Node Type": "Aggregate",
            "Strategy": "Plain",
            "Partial Mode": "Partial",
            "Parent Relationship": "Outer",
            "Parallel Aware": false,
            "Startup Cost": 83446.0,
            "Total Cost": 83446.01,
            "Plan Rows": 1,
            "Plan Width": 8,
            "Actual Startup Time": 389.532,
            "Actual Total Time": 389.538,
            "Actual Rows": 1,
            "Actual Loops": 2,
            "Plans": [
              {
                "Node Type": "Merge Join",
                "Parent Relationship": "Outer",
                "Parallel Aware": false,
                "Join Type": "Inner",
                "Startup Cost": 82972.37,
                "Total Cost": 83445.97,
                "Plan Rows": 12,
                "Plan Width": 0,
                "Actual Startup Time": 378.437,
                "Actual Total Time": 389.53,
                "Actual Rows": 9,
                "Actual Loops": 2,
                "Inner Unique": false,
                "Merge Cond": "(t.id = ci.movie_id)",
                "Plans": [
                  {
                    "Node Type": "Sort",
                    "Parent Relationship": "Outer",
                    "Parallel Aware": false,
                    "Startup Cost": 81899.09,
                    "Total Cost": 82135.23,
                    "Plan Rows": 94456,
                    "Plan Width": 8,
                    "Actual Startup Time": 370.612,
                    "Actual Total Time": 378.354,
                    "Actual Rows": 188520,
                    "Actual Loops": 2,
                    "Sort Key": [
                      "t.id"
                    ],
                    "Sort Method": "quicksort",
                    "Sort Space Used": 18103,
                    "Sort Space Type": "Memory",
                    "Workers": [
                      {
                        "Worker Number": 0,
                        "Sort Method": "quicksort",
                        "Sort Space Used": 9089,
                        "Sort Space Type": "Memory"
                      }
                    ],
                    "Plans": [
                      {
                        "Node Type": "Hash Join",
                        "Parent Relationship": "Outer",
                        "Parallel Aware": true,
                        "Join Type": "Inner",
                        "Startup Cost": 55909.77,
                        "Total Cost": 74093.56,
                        "Plan Rows": 94456,
                        "Plan Width": 8,
                        "Actual Startup Time": 207.487,
                        "Actual Total Time": 328.245,
                        "Actual Rows": 191734,
                        "Actual Loops": 2,
                        "Inner Unique": true,
                        "Hash Cond": "(mi_idx.movie_id = t.id)",
                        "Plans": [
                          {
                            "Node Type": "Seq Scan",
                            "Parent Relationship": "Outer",
                            "Parallel Aware": true,
                            "Relation Name": "movie_info_idx",
                            "Alias": "mi_idx",
                            "Startup Cost": 0.0,
                            "Total Cost": 16052.85,
                            "Plan Rows": 811785,
                            "Plan Width": 4,
                            "Actual Startup Time": 0.021,
                            "Actual Total Time": 59.917,
                            "Actual Rows": 690018,
                            "Actual Loops": 2
                          },
                          {
                            "Node Type": "Hash",
                            "Parent Relationship": "Inner",
                            "Parallel Aware": true,
                            "Startup Cost": 53746.65,
                            "Total Cost": 53746.65,
                            "Plan Rows": 173049,
                            "Plan Width": 4,
                            "Actual Startup Time": 147.09,
                            "Actual Total Time": 147.091,
                            "Actual Rows": 195518,
                            "Actual Loops": 2,
                            "Hash Buckets": 524288,
                            "Original Hash Buckets": 524288,
                            "Hash Batches": 1,
                            "Original Hash Batches": 1,
                            "Peak Memory Usage": 19456,
                            "Plans": [
                              {
                                "Node Type": "Bitmap Heap Scan",
                                "Parent Relationship": "Outer",
                                "Parallel Aware": true,
                                "Relation Name": "title",
                                "Alias": "t",
                                "Startup Cost": 11896.4,
                                "Total Cost": 53746.65,
                                "Plan Rows": 173049,
                                "Plan Width": 4,
                                "Actual Startup Time": 30.686,
                                "Actual Total Time": 101.915,
                                "Actual Rows": 195518,
                                "Actual Loops": 2,
                                "Recheck Cond": "(kind_id < 2)",
                                "Rows Removed by Index Recheck": 0,
                                "Filter": "(production_year < 2002)",
                                "Rows Removed by Filter": 135894,
                                "Exact Heap Blocks": 9009,
                                "Lossy Heap Blocks": 0,
                                "Plans": [
                                  {
                                    "Node Type": "Bitmap Index Scan",
                                    "Parent Relationship": "Outer",
                                    "Parallel Aware": false,
                                    "Index Name": "kind_id_title",
                                    "Startup Cost": 0.0,
                                    "Total Cost": 11822.85,
                                    "Plan Rows": 663256,
                                    "Plan Width": 0,
                                    "Actual Startup Time": 29.753,
                                    "Actual Total Time": 29.754,
                                    "Actual Rows": 662825,
                                    "Actual Loops": 1,
                                    "Index Cond": "(kind_id < 2)"
                                  }
                                ]
                              }
                            ]
                          }
                        ]
                      }
                    ]
                  },
                  {
                    "Node Type": "Sort",
                    "Parent Relationship": "Inner",
                    "Parallel Aware": false,
                    "Startup Cost": 1073.28,
                    "Total Cost": 1074.09,
                    "Plan Rows": 326,
                    "Plan Width": 4,
                    "Actual Startup Time": 0.365,
                    "Actual Total Time": 0.391,
                    "Actual Rows": 557,
                    "Actual Loops": 2,
                    "Sort Key": [
                      "ci.movie_id"
                    ],
                    "Sort Method": "quicksort",
                    "Sort Space Used": 50,
                    "Sort Space Type": "Memory",
                    "Workers": [
                      {
                        "Worker Number": 0,
                        "Sort Method": "quicksort",
                        "Sort Space Used": 50,
                        "Sort Space Type": "Memory"
                      }
                    ],
                    "Plans": [
                      {
                        "Node Type": "Index Scan",
                        "Parent Relationship": "Outer",
                        "Parallel Aware": false,
                        "Scan Direction": "Forward",
                        "Index Name": "person_id_cast_info",
                        "Relation Name": "cast_info",
                        "Alias": "ci",
                        "Startup Cost": 0.56,
                        "Total Cost": 1059.67,
                        "Plan Rows": 326,
                        "Plan Width": 4,
                        "Actual Startup Time": 0.108,
                        "Actual Total Time": 0.259,
                        "Actual Rows": 551,
                        "Actual Loops": 2,
                        "Index Cond": "(person_id = 2719092)",
                        "Rows Removed by Index Recheck": 0,
                        "Filter": "(role_id > 1)",
                        "Rows Removed by Filter": 0
                      }
                    ]
                  }
                ]
              }
            ]
          }
        ]
      }
    ]
  },
  "Planning Time": 0.677,
  "Triggers": [],
  "Execution Time": 403.502
}