[
    {
        "Bao": {
            "Bao prediction": "NaN",
            "Bao recommended hint": "(no hint)"
        }
    },
    {
        "Plan": {
            "Node Type": "Aggregate",
            "Strategy": "Plain",
            "Partial Mode": "Finalize",
            "Parallel Aware": false,
            "Startup Cost": 25814.98,
            "Total Cost": 25814.99,
            "Plan Rows": 1,
            "Plan Width": 8,
            "Actual Startup Time": 63.839,
            "Actual Total Time": 68.295,
            "Actual Rows": 1,
            "Actual Loops": 1,
            "Output": [
                "count(*)"
            ],
            "Plans": [
                {
                    "Node Type": "Gather",
                    "Parent Relationship": "Outer",
                    "Parallel Aware": false,
                    "Startup Cost": 25814.66,
                    "Total Cost": 25814.97,
                    "Plan Rows": 3,
                    "Plan Width": 8,
                    "Actual Startup Time": 63.566,
                    "Actual Total Time": 68.288,
                    "Actual Rows": 4,
                    "Actual Loops": 1,
                    "Output": [
                        "(PARTIAL count(*))"
                    ],
                    "Workers Planned": 3,
                    "Workers Launched": 3,
                    "Single Copy": false,
                    "Plans": [
                        {
                            "Node Type": "Aggregate",
                            "Strategy": "Plain",
                            "Partial Mode": "Partial",
                            "Parent Relationship": "Outer",
                            "Parallel Aware": false,
                            "Startup Cost": 24814.66,
                            "Total Cost": 24814.67,
                            "Plan Rows": 1,
                            "Plan Width": 8,
                            "Actual Startup Time": 54.992,
                            "Actual Total Time": 54.993,
                            "Actual Rows": 1,
                            "Actual Loops": 4,
                            "Output": [
                                "PARTIAL count(*)"
                            ],
                            "Workers": [
                                {
                                    "Worker Number": 0,
                                    "Actual Startup Time": 52.206,
                                    "Actual Total Time": 52.207,
                                    "Actual Rows": 1,
                                    "Actual Loops": 1
                                },
                                {
                                    "Worker Number": 1,
                                    "Actual Startup Time": 51.93,
                                    "Actual Total Time": 51.932,
                                    "Actual Rows": 1,
                                    "Actual Loops": 1
                                },
                                {
                                    "Worker Number": 2,
                                    "Actual Startup Time": 52.534,
                                    "Actual Total Time": 52.535,
                                    "Actual Rows": 1,
                                    "Actual Loops": 1
                                }
                            ],
                            "Plans": [
                                {
                                    "Node Type": "Bitmap Heap Scan",
                                    "Parent Relationship": "Outer",
                                    "Parallel Aware": true,
                                    "Relation Name": "movie_companies",
                                    "Schema": "public",
                                    "Alias": "mc",
                                    "Startup Cost": 4925.28,
                                    "Total Cost": 24631.43,
                                    "Plan Rows": 73292,
                                    "Plan Width": 0,
                                    "Actual Startup Time": 10.229,
                                    "Actual Total Time": 50.747,
                                    "Actual Rows": 56859,
                                    "Actual Loops": 4,
                                    "Recheck Cond": "(mc.company_id < 84)",
                                    "Rows Removed by Index Recheck": 0,
                                    "Exact Heap Blocks": 10544,
                                    "Lossy Heap Blocks": 0,
                                    "Workers": [
                                        {
                                            "Worker Number": 0,
                                            "Actual Startup Time": 7.648,
                                            "Actual Total Time": 48.596,
                                            "Actual Rows": 27688,
                                            "Actual Loops": 1
                                        },
                                        {
                                            "Worker Number": 1,
                                            "Actual Startup Time": 7.189,
                                            "Actual Total Time": 48.437,
                                            "Actual Rows": 28069,
                                            "Actual Loops": 1
                                        },
                                        {
                                            "Worker Number": 2,
                                            "Actual Startup Time": 7.815,
                                            "Actual Total Time": 48.901,
                                            "Actual Rows": 27842,
                                            "Actual Loops": 1
                                        }
                                    ],
                                    "Plans": [
                                        {
                                            "Node Type": "Bitmap Index Scan",
                                            "Parent Relationship": "Outer",
                                            "Parallel Aware": false,
                                            "Index Name": "company_id_movie_companies",
                                            "Startup Cost": 0.0,
                                            "Total Cost": 4868.48,
                                            "Plan Rows": 227206,
                                            "Plan Width": 0,
                                            "Actual Startup Time": 15.232,
                                            "Actual Total Time": 15.232,
                                            "Actual Rows": 227437,
                                            "Actual Loops": 1,
                                            "Index Cond": "(mc.company_id < 84)"
                                        }
                                    ]
                                }
                            ]
                        }
                    ]
                }
            ]
        },
        "Planning Time": 187.776,
        "Triggers": [],
        "Execution Time": 68.344
    }
]