[
  {
    "Plan": {
      "Node Type": "Aggregate",
      "Strategy": "Plain",
      "Partial Mode": "Finalize",
      "Parallel Aware": false,
      "Startup Cost": 64235.38,
      "Total Cost": 64235.39,
      "Plan Rows": 1,
      "Plan Width": 8,
      "Actual Startup Time": 103.989,
      "Actual Total Time": 118.279,
      "Actual Rows": 1,
      "Actual Loops": 1,
      "Plans": [
        {
          "Node Type": "Gather",
          "Parent Relationship": "Outer",
          "Parallel Aware": false,
          "Startup Cost": 64234.96,
          "Total Cost": 64235.37,
          "Plan Rows": 4,
          "Plan Width": 8,
          "Actual Startup Time": 103.808,
          "Actual Total Time": 118.268,
          "Actual Rows": 5,
          "Actual Loops": 1,
          "Workers Planned": 4,
          "Workers Launched": 4,
          "Single Copy": false,
          "Plans": [
            {
              "Node Type": "Aggregate",
              "Strategy": "Plain",
              "Partial Mode": "Partial",
              "Parent Relationship": "Outer",
              "Parallel Aware": false,
              "Startup Cost": 63234.96,
              "Total Cost": 63234.97,
              "Plan Rows": 1,
              "Plan Width": 8,
              "Actual Startup Time": 96.936,
              "Actual Total Time": 96.938,
              "Actual Rows": 1,
              "Actual Loops": 5,
              "Plans": [
                {
                  "Node Type": "Nested Loop",
                  "Parent Relationship": "Outer",
                  "Parallel Aware": false,
                  "Join Type": "Inner",
                  "Startup Cost": 0.43,
                  "Total Cost": 63233.21,
                  "Plan Rows": 702,
                  "Plan Width": 0,
                  "Actual Startup Time": 2.933,
                  "Actual Total Time": 96.815,
                  "Actual Rows": 1081,
                  "Actual Loops": 5,
                  "Inner Unique": false,
                  "Plans": [
                    {
                      "Node Type": "Seq Scan",
                      "Parent Relationship": "Outer",
                      "Parallel Aware": true,
                      "Relation Name": "title",
                      "Alias": "t",
                      "Startup Cost": 0.0,
                      "Total Cost": 45479.59,
                      "Plan Rows": 1282,
                      "Plan Width": 4,
                      "Actual Startup Time": 2.841,
                      "Actual Total Time": 81.573,
                      "Actual Rows": 1172,
                      "Actual Loops": 5,
                      "Filter": "((kind_id < 7) AND (production_year = 1969))",
                      "Rows Removed by Filter": 504490
                    },
                    {
                      "Node Type": "Index Scan",
                      "Parent Relationship": "Inner",
                      "Parallel Aware": false,
                      "Scan Direction": "Forward",
                      "Index Name": "movie_id_movie_companies",
                      "Relation Name": "movie_companies",
                      "Alias": "mc",
                      "Startup Cost": 0.43,
                      "Total Cost": 13.82,
                      "Plan Rows": 3,
                      "Plan Width": 4,
                      "Actual Startup Time": 0.011,
                      "Actual Total Time": 0.012,
                      "Actual Rows": 1,
                      "Actual Loops": 5861,
                      "Index Cond": "(movie_id = t.id)",
                      "Rows Removed by Index Recheck": 0,
                      "Filter": "(company_id < 12120)",
                      "Rows Removed by Filter": 1
                    }
                  ]
                }
              ]
            }
          ]
        }
      ]
    },
    "Planning Time": 0.443,
    "Triggers": [],
    "Execution Time": 118.32
  }
]