[
  {
    "Plan": {
      "Node Type": "Aggregate",
      "Strategy": "Plain",
      "Partial Mode": "Finalize",
      "Parallel Aware": false,
      "Startup Cost": 415305.9,
      "Total Cost": 415305.91,
      "Plan Rows": 1,
      "Plan Width": 8,
      "Actual Startup Time": 2109.614,
      "Actual Total Time": 2164.166,
      "Actual Rows": 1,
      "Actual Loops": 1,
      "Plans": [
        {
          "Node Type": "Gather",
          "Parent Relationship": "Outer",
          "Parallel Aware": false,
          "Startup Cost": 415305.27,
          "Total Cost": 415305.88,
          "Plan Rows": 6,
          "Plan Width": 8,
          "Actual Startup Time": 2099.402,
          "Actual Total Time": 2164.151,
          "Actual Rows": 7,
          "Actual Loops": 1,
          "Workers Planned": 6,
          "Workers Launched": 6,
          "Single Copy": false,
          "Plans": [
            {
              "Node Type": "Aggregate",
              "Strategy": "Plain",
              "Partial Mode": "Partial",
              "Parent Relationship": "Outer",
              "Parallel Aware": false,
              "Startup Cost": 414305.27,
              "Total Cost": 414305.28,
              "Plan Rows": 1,
              "Plan Width": 8,
              "Actual Startup Time": 2089.6,
              "Actual Total Time": 2089.946,
              "Actual Rows": 1,
              "Actual Loops": 7,
              "Plans": [
                {
                  "Node Type": "Hash Join",
                  "Parent Relationship": "Outer",
                  "Parallel Aware": true,
                  "Join Type": "Inner",
                  "Startup Cost": 67008.98,
                  "Total Cost": 409980.6,
                  "Plan Rows": 1729869,
                  "Plan Width": 0,
                  "Actual Startup Time": 293.318,
                  "Actual Total Time": 1958.202,
                  "Actual Rows": 2877901,
                  "Actual Loops": 7,
                  "Inner Unique": false,
                  "Hash Cond": "(ci.movie_id = t.id)",
                  "Plans": [
                    {
                      "Node Type": "Seq Scan",
                      "Parent Relationship": "Outer",
                      "Parallel Aware": true,
                      "Relation Name": "cast_info",
                      "Alias": "ci",
                      "Startup Cost": 0.0,
                      "Total Cost": 313106.51,
                      "Plan Rows": 6041951,
                      "Plan Width": 4,
                      "Actual Startup Time": 0.061,
                      "Actual Total Time": 546.832,
                      "Actual Rows": 5177763,
                      "Actual Loops": 7
                    },
                    {
                      "Node Type": "Hash",
                      "Parent Relationship": "Inner",
                      "Parallel Aware": true,
                      "Startup Cost": 63238.61,
                      "Total Cost": 63238.61,
                      "Plan Rows": 301630,
                      "Plan Width": 8,
                      "Actual Startup Time": 290.232,
                      "Actual Total Time": 290.576,
                      "Actual Rows": 89509,
                      "Actual Loops": 7,
                      "Hash Buckets": 1048576,
                      "Original Hash Buckets": 1048576,
                      "Hash Batches": 1,
                      "Original Hash Batches": 1,
                      "Peak Memory Usage": 32832,
                      "Plans": [
                        {
                          "Node Type": "Hash Join",
                          "Parent Relationship": "Outer",
                          "Parallel Aware": true,
                          "Join Type": "Inner",
                          "Startup Cost": 48044.05,
                          "Total Cost": 63238.61,
                          "Plan Rows": 301630,
                          "Plan Width": 8,
                          "Actual Startup Time": 189.062,
                          "Actual Total Time": 255.433,
                          "Actual Rows": 89509,
                          "Actual Loops": 7,
                          "Inner Unique": true,
                          "Hash Cond": "(mi_idx.movie_id = t.id)",
                          "Plans": [
                            {
                              "Node Type": "Seq Scan",
                              "Parent Relationship": "Outer",
                              "Parallel Aware": true,
                              "Relation Name": "movie_info_idx",
                              "Alias": "mi_idx",
                              "Startup Cost": 0.0,
                              "Total Cost": 13685.15,
                              "Plan Rows": 575015,
                              "Plan Width": 4,
                              "Actual Startup Time": 0.012,
                              "Actual Total Time": 20.556,
                              "Actual Rows": 197148,
                              "Actual Loops": 7
                            },
                            {
                              "Node Type": "Hash",
                              "Parent Relationship": "Inner",
                              "Parallel Aware": true,
                              "Startup Cost": 43899.32,
                              "Total Cost": 43899.32,
                              "Plan Rows": 331578,
                              "Plan Width": 4,
                              "Actual Startup Time": 186.55,
                              "Actual Total Time": 186.551,
                              "Actual Rows": 188980,
                              "Actual Loops": 7,
                              "Hash Buckets": 2097152,
                              "Original Hash Buckets": 2097152,
                              "Hash Batches": 1,
                              "Original Hash Batches": 1,
                              "Peak Memory Usage": 68224,
                              "Plans": [
                                {
                                  "Node Type": "Seq Scan",
                                  "Parent Relationship": "Outer",
                                  "Parallel Aware": true,
                                  "Relation Name": "title",
                                  "Alias": "t",
                                  "Startup Cost": 0.0,
                                  "Total Cost": 43899.32,
                                  "Plan Rows": 331578,
                                  "Plan Width": 4,
                                  "Actual Startup Time": 0.062,
                                  "Actual Total Time": 82.323,
                                  "Actual Rows": 188980,
                                  "Actual Loops": 7,
                                  "Filter": "(production_year > 2001)",
                                  "Rows Removed by Filter": 172207
                                }
                              ]
                            }
                          ]
                        }
                      ]
                    }
                  ]
                }
              ]
            }
          ]
        }
      ]
    },
    "Planning Time": 0.844,
    "Triggers": [],
    "Execution Time": 2164.249
  }
]