[
  {
    "Plan": {
      "Node Type": "Aggregate",
      "Strategy": "Plain",
      "Partial Mode": "Finalize",
      "Parallel Aware": false,
      "Startup Cost": 229934.04,
      "Total Cost": 229934.05,
      "Plan Rows": 1,
      "Plan Width": 8,
      "Actual Startup Time": 371.682,
      "Actual Total Time": 390.884,
      "Actual Rows": 1,
      "Actual Loops": 1,
      "Plans": [
        {
          "Node Type": "Gather",
          "Parent Relationship": "Outer",
          "Parallel Aware": false,
          "Startup Cost": 229933.52,
          "Total Cost": 229934.03,
          "Plan Rows": 5,
          "Plan Width": 8,
          "Actual Startup Time": 366.948,
          "Actual Total Time": 390.874,
          "Actual Rows": 6,
          "Actual Loops": 1,
          "Workers Planned": 5,
          "Workers Launched": 5,
          "Single Copy": false,
          "Plans": [
            {
              "Node Type": "Aggregate",
              "Strategy": "Plain",
              "Partial Mode": "Partial",
              "Parent Relationship": "Outer",
              "Parallel Aware": false,
              "Startup Cost": 228933.52,
              "Total Cost": 228933.53,
              "Plan Rows": 1,
              "Plan Width": 8,
              "Actual Startup Time": 355.758,
              "Actual Total Time": 355.762,
              "Actual Rows": 1,
              "Actual Loops": 6,
              "Plans": [
                {
                  "Node Type": "Nested Loop",
                  "Parent Relationship": "Outer",
                  "Parallel Aware": false,
                  "Join Type": "Inner",
                  "Startup Cost": 52304.2,
                  "Total Cost": 228886.23,
                  "Plan Rows": 18917,
                  "Plan Width": 0,
                  "Actual Startup Time": 182.345,
                  "Actual Total Time": 349.29,
                  "Actual Rows": 131973,
                  "Actual Loops": 6,
                  "Inner Unique": false,
                  "Plans": [
                    {
                      "Node Type": "Hash Join",
                      "Parent Relationship": "Outer",
                      "Parallel Aware": true,
                      "Join Type": "Inner",
                      "Startup Cost": 52303.77,
                      "Total Cost": 215353.67,
                      "Plan Rows": 18331,
                      "Plan Width": 8,
                      "Actual Startup Time": 182.229,
                      "Actual Total Time": 222.125,
                      "Actual Rows": 28247,
                      "Actual Loops": 6,
                      "Inner Unique": true,
                      "Hash Cond": "(mi.movie_id = t.id)",
                      "Plans": [
                        {
                          "Node Type": "Bitmap Heap Scan",
                          "Parent Relationship": "Outer",
                          "Parallel Aware": true,
                          "Relation Name": "movie_info",
                          "Alias": "mi",
                          "Startup Cost": 6332.18,
                          "Total Cost": 169198.65,
                          "Plan Rows": 69877,
                          "Plan Width": 4,
                          "Actual Startup Time": 24.876,
                          "Actual Total Time": 62.435,
                          "Actual Rows": 54810,
                          "Actual Loops": 6,
                          "Recheck Cond": "(info_type_id = 98)",
                          "Rows Removed by Index Recheck": 0,
                          "Exact Heap Blocks": 4628,
                          "Lossy Heap Blocks": 0,
                          "Plans": [
                            {
                              "Node Type": "Bitmap Index Scan",
                              "Parent Relationship": "Outer",
                              "Parallel Aware": false,
                              "Index Name": "info_type_id_movie_info",
                              "Startup Cost": 0.0,
                              "Total Cost": 6244.84,
                              "Plan Rows": 349387,
                              "Plan Width": 0,
                              "Actual Startup Time": 21.038,
                              "Actual Total Time": 21.038,
                              "Actual Rows": 328857,
                              "Actual Loops": 1,
                              "Index Cond": "(info_type_id = 98)"
                            }
                          ]
                        },
                        {
                          "Node Type": "Hash",
                          "Parent Relationship": "Inner",
                          "Parallel Aware": true,
                          "Startup Cost": 43898.92,
                          "Total Cost": 43898.92,
                          "Plan Rows": 165814,
                          "Plan Width": 4,
                          "Actual Startup Time": 128.891,
                          "Actual Total Time": 128.892,
                          "Actual Rows": 110471,
                          "Actual Loops": 6,
                          "Hash Buckets": 1048576,
                          "Original Hash Buckets": 1048576,
                          "Hash Batches": 1,
                          "Original Hash Batches": 1,
                          "Peak Memory Usage": 34240,
                          "Plans": [
                            {
                              "Node Type": "Seq Scan",
                              "Parent Relationship": "Outer",
                              "Parallel Aware": true,
                              "Relation Name": "title",
                              "Alias": "t",
                              "Startup Cost": 0.0,
                              "Total Cost": 43898.92,
                              "Plan Rows": 165814,
                              "Plan Width": 4,
                              "Actual Startup Time": 44.259,
                              "Actual Total Time": 84.303,
                              "Actual Rows": 110471,
                              "Actual Loops": 6,
                              "Filter": "(kind_id = 1)",
                              "Rows Removed by Filter": 310914
                            }
                          ]
                        }
                      ]
                    },
                    {
                      "Node Type": "Index Only Scan",
                      "Parent Relationship": "Inner",
                      "Parallel Aware": false,
                      "Scan Direction": "Forward",
                      "Index Name": "movie_id_movie_companies",
                      "Relation Name": "movie_companies",
                      "Alias": "mc",
                      "Startup Cost": 0.43,
                      "Total Cost": 0.69,
                      "Plan Rows": 5,
                      "Plan Width": 4,
                      "Actual Startup Time": 0.003,
                      "Actual Total Time": 0.004,
                      "Actual Rows": 5,
                      "Actual Loops": 169482,
                      "Index Cond": "(movie_id = t.id)",
                      "Rows Removed by Index Recheck": 0,
                      "Heap Fetches": 791837
                    }
                  ]
                }
              ]
            }
          ]
        }
      ]
    },
    "Planning Time": 1.427,
    "Triggers": [],
    "Execution Time": 390.996
  }
]