{
  "Plan": {
    "Node Type": "Aggregate",
    "Strategy": "Plain",
    "Partial Mode": "Finalize",
    "Parallel Aware": false,
    "Startup Cost": 396222.61,
    "Total Cost": 396222.62,
    "Plan Rows": 1,
    "Plan Width": 8,
    "Actual Startup Time": 933.811,
    "Actual Total Time": 948.813,
    "Actual Rows": 1,
    "Actual Loops": 1,
    "Plans": [
      {
        "Node Type": "Gather",
        "Parent Relationship": "Outer",
        "Parallel Aware": false,
        "Startup Cost": 396222.5,
        "Total Cost": 396222.61,
        "Plan Rows": 1,
        "Plan Width": 8,
        "Actual Startup Time": 930.916,
        "Actual Total Time": 948.804,
        "Actual Rows": 2,
        "Actual Loops": 1,
        "Workers Planned": 1,
        "Workers Launched": 1,
        "Single Copy": false,
        "Plans": [
          {
            "Node Type": "Aggregate",
            "Strategy": "Plain",
            "Partial Mode": "Partial",
            "Parent Relationship": "Outer",
            "Parallel Aware": false,
            "Startup Cost": 395222.5,
            "Total Cost": 395222.51,
            "Plan Rows": 1,
            "Plan Width": 8,
            "Actual Startup Time": 923.737,
            "Actual Total Time": 923.74,
            "Actual Rows": 1,
            "Actual Loops": 2,
            "Plans": [
              {
                "Node Type": "Hash Join",
                "Parent Relationship": "Outer",
                "Parallel Aware": true,
                "Join Type": "Inner",
                "Startup Cost": 119623.2,
                "Total Cost": 393633.36,
                "Plan Rows": 635655,
                "Plan Width": 0,
                "Actual Startup Time": 418.338,
                "Actual Total Time": 901.389,
                "Actual Rows": 520461,
                "Actual Loops": 2,
                "Inner Unique": true,
                "Hash Cond": "(ci.movie_id = t.id)",
                "Plans": [
                  {
                    "Node Type": "Bitmap Heap Scan",
                    "Parent Relationship": "Outer",
                    "Parallel Aware": true,
                    "Relation Name": "cast_info",
                    "Alias": "ci",
                    "Startup Cost": 52934.61,
                    "Total Cost": 323244.04,
                    "Plan Rows": 1409795,
                    "Plan Width": 4,
                    "Actual Startup Time": 85.191,
                    "Actual Total Time": 202.26,
                    "Actual Rows": 1209076,
                    "Actual Loops": 2,
                    "Recheck Cond": "(person_id < 234978)",
                    "Rows Removed by Index Recheck": 0,
                    "Exact Heap Blocks": 13329,
                    "Lossy Heap Blocks": 0,
                    "Plans": [
                      {
                        "Node Type": "Bitmap Index Scan",
                        "Parent Relationship": "Outer",
                        "Parallel Aware": false,
                        "Index Name": "person_id_cast_info",
                        "Startup Cost": 0.0,
                        "Total Cost": 52335.45,
                        "Plan Rows": 2396651,
                        "Plan Width": 0,
                        "Actual Startup Time": 81.376,
                        "Actual Total Time": 81.376,
                        "Actual Rows": 2418153,
                        "Actual Loops": 1,
                        "Index Cond": "(person_id < 234978)"
                      }
                    ]
                  },
                  {
                    "Node Type": "Hash",
                    "Parent Relationship": "Inner",
                    "Parallel Aware": true,
                    "Startup Cost": 58306.47,
                    "Total Cost": 58306.47,
                    "Plan Rows": 670570,
                    "Plan Width": 4,
                    "Actual Startup Time": 318.564,
                    "Actual Total Time": 318.565,
                    "Actual Rows": 547790,
                    "Actual Loops": 2,
                    "Hash Buckets": 2097152,
                    "Original Hash Buckets": 2097152,
                    "Hash Batches": 1,
                    "Original Hash Batches": 1,
                    "Peak Memory Usage": 59264,
                    "Plans": [
                      {
                        "Node Type": "Seq Scan",
                        "Parent Relationship": "Outer",
                        "Parallel Aware": true,
                        "Relation Name": "title",
                        "Alias": "t",
                        "Startup Cost": 0.0,
                        "Total Cost": 58306.47,
                        "Plan Rows": 670570,
                        "Plan Width": 4,
                        "Actual Startup Time": 0.025,
                        "Actual Total Time": 160.775,
                        "Actual Rows": 547790,
                        "Actual Loops": 2,
                        "Filter": "((kind_id > 1) AND (production_year < 2007))",
                        "Rows Removed by Filter": 716366
                      }
                    ]
                  }
                ]
              }
            ]
          }
        ]
      }
    ]
  },
  "Planning Time": 0.502,
  "Triggers": [],
  "Execution Time": 948.91
}