{
  "Plan": {
    "Node Type": "Aggregate",
    "Strategy": "Plain",
    "Partial Mode": "Finalize",
    "Parallel Aware": false,
    "Startup Cost": 131023.4,
    "Total Cost": 131023.41,
    "Plan Rows": 1,
    "Plan Width": 8,
    "Actual Startup Time": 899.996,
    "Actual Total Time": 919.31,
    "Actual Rows": 1,
    "Actual Loops": 1,
    "Plans": [
      {
        "Node Type": "Gather",
        "Parent Relationship": "Outer",
        "Parallel Aware": false,
        "Startup Cost": 131023.29,
        "Total Cost": 131023.4,
        "Plan Rows": 1,
        "Plan Width": 8,
        "Actual Startup Time": 895.942,
        "Actual Total Time": 919.301,
        "Actual Rows": 2,
        "Actual Loops": 1,
        "Workers Planned": 1,
        "Workers Launched": 1,
        "Single Copy": false,
        "Plans": [
          {
            "Node Type": "Aggregate",
            "Strategy": "Plain",
            "Partial Mode": "Partial",
            "Parent Relationship": "Outer",
            "Parallel Aware": false,
            "Startup Cost": 130023.29,
            "Total Cost": 130023.3,
            "Plan Rows": 1,
            "Plan Width": 8,
            "Actual Startup Time": 888.68,
            "Actual Total Time": 888.684,
            "Actual Rows": 1,
            "Actual Loops": 2,
            "Plans": [
              {
                "Node Type": "Hash Join",
                "Parent Relationship": "Outer",
                "Parallel Aware": true,
                "Join Type": "Inner",
                "Startup Cost": 63454.08,
                "Total Cost": 127258.85,
                "Plan Rows": 1105776,
                "Plan Width": 0,
                "Actual Startup Time": 383.732,
                "Actual Total Time": 855.849,
                "Actual Rows": 693100,
                "Actual Loops": 2,
                "Inner Unique": true,
                "Hash Cond": "(mk.movie_id = t.id)",
                "Plans": [
                  {
                    "Node Type": "Seq Scan",
                    "Parent Relationship": "Outer",
                    "Parallel Aware": true,
                    "Relation Name": "movie_keyword",
                    "Alias": "mk",
                    "Startup Cost": 0.0,
                    "Total Cost": 57718.19,
                    "Plan Rows": 2318692,
                    "Plan Width": 4,
                    "Actual Startup Time": 0.039,
                    "Actual Total Time": 234.174,
                    "Actual Rows": 1964511,
                    "Actual Loops": 2,
                    "Filter": "(keyword_id > 432)",
                    "Rows Removed by Filter": 297454
                  },
                  {
                    "Node Type": "Hash",
                    "Parent Relationship": "Inner",
                    "Parallel Aware": true,
                    "Startup Cost": 54588.39,
                    "Total Cost": 54588.39,
                    "Plan Rows": 709255,
                    "Plan Width": 4,
                    "Actual Startup Time": 369.067,
                    "Actual Total Time": 369.068,
                    "Actual Rows": 596259,
                    "Actual Loops": 2,
                    "Hash Buckets": 2097152,
                    "Original Hash Buckets": 2097152,
                    "Hash Batches": 1,
                    "Original Hash Batches": 1,
                    "Peak Memory Usage": 63072,
                    "Plans": [
                      {
                        "Node Type": "Seq Scan",
                        "Parent Relationship": "Outer",
                        "Parallel Aware": true,
                        "Relation Name": "title",
                        "Alias": "t",
                        "Startup Cost": 0.0,
                        "Total Cost": 54588.39,
                        "Plan Rows": 709255,
                        "Plan Width": 4,
                        "Actual Startup Time": 0.03,
                        "Actual Total Time": 186.663,
                        "Actual Rows": 596259,
                        "Actual Loops": 2,
                        "Filter": "(production_year > 2003)",
                        "Rows Removed by Filter": 667897
                      }
                    ]
                  }
                ]
              }
            ]
          }
        ]
      }
    ]
  },
  "Planning Time": 0.575,
  "Triggers": [],
  "Execution Time": 919.376
}