[
    {
        "Bao": {
            "Bao prediction": "NaN",
            "Bao recommended hint": "(no hint)"
        }
    },
    {
        "Plan": {
            "Node Type": "Aggregate",
            "Strategy": "Plain",
            "Partial Mode": "Finalize",
            "Parallel Aware": false,
            "Startup Cost": 350039.78,
            "Total Cost": 350039.79,
            "Plan Rows": 1,
            "Plan Width": 8,
            "Actual Startup Time": 814.308,
            "Actual Total Time": 842.833,
            "Actual Rows": 1,
            "Actual Loops": 1,
            "Output": [
                "count(*)"
            ],
            "Plans": [
                {
                    "Node Type": "Gather",
                    "Parent Relationship": "Outer",
                    "Parallel Aware": false,
                    "Startup Cost": 350039.15,
                    "Total Cost": 350039.76,
                    "Plan Rows": 6,
                    "Plan Width": 8,
                    "Actual Startup Time": 814.224,
                    "Actual Total Time": 842.825,
                    "Actual Rows": 7,
                    "Actual Loops": 1,
                    "Output": [
                        "(PARTIAL count(*))"
                    ],
                    "Workers Planned": 6,
                    "Workers Launched": 6,
                    "Single Copy": false,
                    "Plans": [
                        {
                            "Node Type": "Aggregate",
                            "Strategy": "Plain",
                            "Partial Mode": "Partial",
                            "Parent Relationship": "Outer",
                            "Parallel Aware": false,
                            "Startup Cost": 349039.15,
                            "Total Cost": 349039.16,
                            "Plan Rows": 1,
                            "Plan Width": 8,
                            "Actual Startup Time": 804.786,
                            "Actual Total Time": 804.787,
                            "Actual Rows": 1,
                            "Actual Loops": 7,
                            "Output": [
                                "PARTIAL count(*)"
                            ],
                            "Workers": [
                                {
                                    "Worker Number": 0,
                                    "Actual Startup Time": 802.418,
                                    "Actual Total Time": 802.419,
                                    "Actual Rows": 1,
                                    "Actual Loops": 1
                                },
                                {
                                    "Worker Number": 1,
                                    "Actual Startup Time": 802.471,
                                    "Actual Total Time": 802.473,
                                    "Actual Rows": 1,
                                    "Actual Loops": 1
                                },
                                {
                                    "Worker Number": 2,
                                    "Actual Startup Time": 803.382,
                                    "Actual Total Time": 803.383,
                                    "Actual Rows": 1,
                                    "Actual Loops": 1
                                },
                                {
                                    "Worker Number": 3,
                                    "Actual Startup Time": 803.666,
                                    "Actual Total Time": 803.666,
                                    "Actual Rows": 1,
                                    "Actual Loops": 1
                                },
                                {
                                    "Worker Number": 4,
                                    "Actual Startup Time": 803.777,
                                    "Actual Total Time": 803.777,
                                    "Actual Rows": 1,
                                    "Actual Loops": 1
                                },
                                {
                                    "Worker Number": 5,
                                    "Actual Startup Time": 803.92,
                                    "Actual Total Time": 803.921,
                                    "Actual Rows": 1,
                                    "Actual Loops": 1
                                }
                            ],
                            "Plans": [
                                {
                                    "Node Type": "Seq Scan",
                                    "Parent Relationship": "Outer",
                                    "Parallel Aware": true,
                                    "Relation Name": "cast_info",
                                    "Schema": "public",
                                    "Alias": "ci",
                                    "Startup Cost": 0.0,
                                    "Total Cost": 343318.94,
                                    "Plan Rows": 2288084,
                                    "Plan Width": 0,
                                    "Actual Startup Time": 208.462,
                                    "Actual Total Time": 671.348,
                                    "Actual Rows": 2767848,
                                    "Actual Loops": 7,
                                    "Output": [
                                        "id",
                                        "person_id",
                                        "movie_id",
                                        "person_role_id",
                                        "note",
                                        "nr_order",
                                        "role_id"
                                    ],
                                    "Filter": "((ci.person_id > 1482393) AND (ci.role_id > 1))",
                                    "Rows Removed by Filter": 2409915,
                                    "Workers": [
                                        {
                                            "Worker Number": 0,
                                            "Actual Startup Time": 206.079,
                                            "Actual Total Time": 670.965,
                                            "Actual Rows": 1987900,
                                            "Actual Loops": 1
                                        },
                                        {
                                            "Worker Number": 1,
                                            "Actual Startup Time": 206.162,
                                            "Actual Total Time": 671.311,
                                            "Actual Rows": 1969471,
                                            "Actual Loops": 1
                                        },
                                        {
                                            "Worker Number": 2,
                                            "Actual Startup Time": 207.074,
                                            "Actual Total Time": 669.862,
                                            "Actual Rows": 2017461,
                                            "Actual Loops": 1
                                        },
                                        {
                                            "Worker Number": 3,
                                            "Actual Startup Time": 207.332,
                                            "Actual Total Time": 673.748,
                                            "Actual Rows": 3186833,
                                            "Actual Loops": 1
                                        },
                                        {
                                            "Worker Number": 4,
                                            "Actual Startup Time": 207.449,
                                            "Actual Total Time": 673.538,
                                            "Actual Rows": 3194767,
                                            "Actual Loops": 1
                                        },
                                        {
                                            "Worker Number": 5,
                                            "Actual Startup Time": 207.604,
                                            "Actual Total Time": 673.631,
                                            "Actual Rows": 3195333,
                                            "Actual Loops": 1
                                        }
                                    ]
                                }
                            ]
                        }
                    ]
                }
            ]
        },
        "Planning Time": 172.996,
        "Triggers": [],
        "Execution Time": 842.884
    }
]