[
    {
        "Bao": {
            "Bao prediction": 869.97,
            "Bao recommended hint": "SET enable_nestloop TO off; "
        }
    },
    {
        "Plan": {
            "Node Type": "Aggregate",
            "Strategy": "Plain",
            "Partial Mode": "Simple",
            "Parallel Aware": false,
            "Startup Cost": 107492.36,
            "Total Cost": 107492.37,
            "Plan Rows": 1,
            "Plan Width": 64,
            "Actual Startup Time": 559.265,
            "Actual Total Time": 576.304,
            "Actual Rows": 1,
            "Actual Loops": 1,
            "Output": [
                "min(mi_idx.info)",
                "min(t.title)"
            ],
            "Plans": [
                {
                    "Node Type": "Gather",
                    "Parent Relationship": "Outer",
                    "Parallel Aware": false,
                    "Startup Cost": 62072.49,
                    "Total Cost": 107492.35,
                    "Plan Rows": 2,
                    "Plan Width": 22,
                    "Actual Startup Time": 402.311,
                    "Actual Total Time": 575.881,
                    "Actual Rows": 1732,
                    "Actual Loops": 1,
                    "Output": [
                        "mi_idx.info",
                        "t.title"
                    ],
                    "Workers Planned": 4,
                    "Workers Launched": 4,
                    "Single Copy": false,
                    "Plans": [
                        {
                            "Node Type": "Hash Join",
                            "Parent Relationship": "Outer",
                            "Parallel Aware": true,
                            "Join Type": "Inner",
                            "Startup Cost": 61072.49,
                            "Total Cost": 106492.15,
                            "Plan Rows": 1,
                            "Plan Width": 22,
                            "Actual Startup Time": 394.857,
                            "Actual Total Time": 547.372,
                            "Actual Rows": 346,
                            "Actual Loops": 5,
                            "Output": [
                                "mi_idx.info",
                                "t.title"
                            ],
                            "Inner Unique": false,
                            "Hash Cond": "(t.id = mi_idx.movie_id)",
                            "Workers": [
                                {
                                    "Worker Number": 0,
                                    "Actual Startup Time": 401.942,
                                    "Actual Total Time": 544.877,
                                    "Actual Rows": 357,
                                    "Actual Loops": 1
                                },
                                {
                                    "Worker Number": 1,
                                    "Actual Startup Time": 389.776,
                                    "Actual Total Time": 545.278,
                                    "Actual Rows": 334,
                                    "Actual Loops": 1
                                },
                                {
                                    "Worker Number": 2,
                                    "Actual Startup Time": 391.317,
                                    "Actual Total Time": 545.289,
                                    "Actual Rows": 339,
                                    "Actual Loops": 1
                                },
                                {
                                    "Worker Number": 3,
                                    "Actual Startup Time": 390.573,
                                    "Actual Total Time": 545.241,
                                    "Actual Rows": 371,
                                    "Actual Loops": 1
                                }
                            ],
                            "Plans": [
                                {
                                    "Node Type": "Seq Scan",
                                    "Parent Relationship": "Outer",
                                    "Parallel Aware": true,
                                    "Relation Name": "title",
                                    "Schema": "public",
                                    "Alias": "t",
                                    "Startup Cost": 0.0,
                                    "Total Cost": 43899.32,
                                    "Plan Rows": 405421,
                                    "Plan Width": 21,
                                    "Actual Startup Time": 0.027,
                                    "Actual Total Time": 115.874,
                                    "Actual Rows": 321415,
                                    "Actual Loops": 5,
                                    "Output": [
                                        "t.id",
                                        "t.title",
                                        "t.imdb_index",
                                        "t.kind_id",
                                        "t.production_year",
                                        "t.imdb_id",
                                        "t.phonetic_code",
                                        "t.episode_of_id",
                                        "t.season_nr",
                                        "t.episode_nr",
                                        "t.series_years",
                                        "t.md5sum"
                                    ],
                                    "Filter": "(t.production_year > 1995)",
                                    "Rows Removed by Filter": 184247,
                                    "Workers": [
                                        {
                                            "Worker Number": 0,
                                            "Actual Startup Time": 0.032,
                                            "Actual Total Time": 116.418,
                                            "Actual Rows": 329837,
                                            "Actual Loops": 1
                                        },
                                        {
                                            "Worker Number": 1,
                                            "Actual Startup Time": 0.03,
                                            "Actual Total Time": 116.14,
                                            "Actual Rows": 317738,
                                            "Actual Loops": 1
                                        },
                                        {
                                            "Worker Number": 2,
                                            "Actual Startup Time": 0.031,
                                            "Actual Total Time": 116.131,
                                            "Actual Rows": 326316,
                                            "Actual Loops": 1
                                        },
                                        {
                                            "Worker Number": 3,
                                            "Actual Startup Time": 0.031,
                                            "Actual Total Time": 115.556,
                                            "Actual Rows": 322737,
                                            "Actual Loops": 1
                                        }
                                    ]
                                },
                                {
                                    "Node Type": "Hash",
                                    "Parent Relationship": "Inner",
                                    "Parallel Aware": true,
                                    "Startup Cost": 61072.47,
                                    "Total Cost": 61072.47,
                                    "Plan Rows": 1,
                                    "Plan Width": 13,
                                    "Actual Startup Time": 389.656,
                                    "Actual Total Time": 389.666,
                                    "Actual Rows": 826,
                                    "Actual Loops": 5,
                                    "Output": [
                                        "mi_idx.info",
                                        "mi_idx.movie_id",
                                        "mk.movie_id"
                                    ],
                                    "Hash Buckets": 8192,
                                    "Original Hash Buckets": 1024,
                                    "Hash Batches": 1,
                                    "Original Hash Batches": 1,
                                    "Peak Memory Usage": 472,
                                    "Workers": [
                                        {
                                            "Worker Number": 0,
                                            "Actual Startup Time": 387.72,
                                            "Actual Total Time": 387.729,
                                            "Actual Rows": 1385,
                                            "Actual Loops": 1
                                        },
                                        {
                                            "Worker Number": 1,
                                            "Actual Startup Time": 388.099,
                                            "Actual Total Time": 388.108,
                                            "Actual Rows": 691,
                                            "Actual Loops": 1
                                        },
                                        {
                                            "Worker Number": 2,
                                            "Actual Startup Time": 388.072,
                                            "Actual Total Time": 388.081,
                                            "Actual Rows": 684,
                                            "Actual Loops": 1
                                        },
                                        {
                                            "Worker Number": 3,
                                            "Actual Startup Time": 388.053,
                                            "Actual Total Time": 388.061,
                                            "Actual Rows": 686,
                                            "Actual Loops": 1
                                        }
                                    ],
                                    "Plans": [
                                        {
                                            "Node Type": "Hash Join",
                                            "Parent Relationship": "Outer",
                                            "Parallel Aware": true,
                                            "Join Type": "Inner",
                                            "Startup Cost": 45508.67,
                                            "Total Cost": 61072.47,
                                            "Plan Rows": 1,
                                            "Plan Width": 13,
                                            "Actual Startup Time": 303.927,
                                            "Actual Total Time": 368.353,
                                            "Actual Rows": 826,
                                            "Actual Loops": 5,
                                            "Output": [
                                                "mi_idx.info",
                                                "mi_idx.movie_id",
                                                "mk.movie_id"
                                            ],
                                            "Inner Unique": false,
                                            "Hash Cond": "(mi_idx.movie_id = mk.movie_id)",
                                            "Workers": [
                                                {
                                                    "Worker Number": 0,
                                                    "Actual Startup Time": 300.93,
                                                    "Actual Total Time": 386.168,
                                                    "Actual Rows": 1385,
                                                    "Actual Loops": 1
                                                },
                                                {
                                                    "Worker Number": 1,
                                                    "Actual Startup Time": 301.384,
                                                    "Actual Total Time": 359.68,
                                                    "Actual Rows": 691,
                                                    "Actual Loops": 1
                                                },
                                                {
                                                    "Worker Number": 2,
                                                    "Actual Startup Time": 304.239,
                                                    "Actual Total Time": 363.265,
                                                    "Actual Rows": 684,
                                                    "Actual Loops": 1
                                                },
                                                {
                                                    "Worker Number": 3,
                                                    "Actual Startup Time": 301.803,
                                                    "Actual Total Time": 362.392,
                                                    "Actual Rows": 686,
                                                    "Actual Loops": 1
                                                }
                                            ],
                                            "Plans": [
                                                {
                                                    "Node Type": "Hash Join",
                                                    "Parent Relationship": "Outer",
                                                    "Parallel Aware": false,
                                                    "Join Type": "Inner",
                                                    "Startup Cost": 2.43,
                                                    "Total Cost": 15560.91,
                                                    "Plan Rows": 1416,
                                                    "Plan Width": 9,
                                                    "Actual Startup Time": 0.149,
                                                    "Actual Total Time": 56.586,
                                                    "Actual Rows": 54424,
                                                    "Actual Loops": 5,
                                                    "Output": [
                                                        "mi_idx.info",
                                                        "mi_idx.movie_id"
                                                    ],
                                                    "Inner Unique": true,
                                                    "Hash Cond": "(mi_idx.info_type_id = it.id)",
                                                    "Workers": [
                                                        {
                                                            "Worker Number": 0,
                                                            "Actual Startup Time": 0.159,
                                                            "Actual Total Time": 73.979,
                                                            "Actual Rows": 71310,
                                                            "Actual Loops": 1
                                                        },
                                                        {
                                                            "Worker Number": 1,
                                                            "Actual Startup Time": 0.171,
                                                            "Actual Total Time": 50.446,
                                                            "Actual Rows": 48739,
                                                            "Actual Loops": 1
                                                        },
                                                        {
                                                            "Worker Number": 2,
                                                            "Actual Startup Time": 0.158,
                                                            "Actual Total Time": 53.609,
                                                            "Actual Rows": 51465,
                                                            "Actual Loops": 1
                                                        },
                                                        {
                                                            "Worker Number": 3,
                                                            "Actual Startup Time": 0.155,
                                                            "Actual Total Time": 52.92,
                                                            "Actual Rows": 50193,
                                                            "Actual Loops": 1
                                                        }
                                                    ],
                                                    "Plans": [
                                                        {
                                                            "Node Type": "Seq Scan",
                                                            "Parent Relationship": "Outer",
                                                            "Parallel Aware": true,
                                                            "Relation Name": "movie_info_idx",
                                                            "Schema": "public",
                                                            "Alias": "mi_idx",
                                                            "Startup Cost": 0.0,
                                                            "Total Cost": 15122.68,
                                                            "Plan Rows": 160020,
                                                            "Plan Width": 13,
                                                            "Actual Startup Time": 0.036,
                                                            "Actual Total Time": 43.212,
                                                            "Actual Rows": 77332,
                                                            "Actual Loops": 5,
                                                            "Output": [
                                                                "mi_idx.id",
                                                                "mi_idx.movie_id",
                                                                "mi_idx.info_type_id",
                                                                "mi_idx.info",
                                                                "mi_idx.note"
                                                            ],
                                                            "Filter": "(mi_idx.info > '6'::text)",
                                                            "Rows Removed by Filter": 198675,
                                                            "Workers": [
                                                                {
                                                                    "Worker Number": 0,
                                                                    "Actual Startup Time": 0.034,
                                                                    "Actual Total Time": 56.725,
                                                                    "Actual Rows": 102202,
                                                                    "Actual Loops": 1
                                                                },
                                                                {
                                                                    "Worker Number": 1,
                                                                    "Actual Startup Time": 0.042,
                                                                    "Actual Total Time": 38.537,
                                                                    "Actual Rows": 69040,
                                                                    "Actual Loops": 1
                                                                },
                                                                {
                                                                    "Worker Number": 2,
                                                                    "Actual Startup Time": 0.035,
                                                                    "Actual Total Time": 40.99,
                                                                    "Actual Rows": 72681,
                                                                    "Actual Loops": 1
                                                                },
                                                                {
                                                                    "Worker Number": 3,
                                                                    "Actual Startup Time": 0.046,
                                                                    "Actual Total Time": 39.964,
                                                                    "Actual Rows": 70897,
                                                                    "Actual Loops": 1
                                                                }
                                                            ]
                                                        },
                                                        {
                                                            "Node Type": "Hash",
                                                            "Parent Relationship": "Inner",
                                                            "Parallel Aware": false,
                                                            "Startup Cost": 2.41,
                                                            "Total Cost": 2.41,
                                                            "Plan Rows": 1,
                                                            "Plan Width": 4,
                                                            "Actual Startup Time": 0.067,
                                                            "Actual Total Time": 0.068,
                                                            "Actual Rows": 1,
                                                            "Actual Loops": 5,
                                                            "Output": [
                                                                "it.id"
                                                            ],
                                                            "Hash Buckets": 1024,
                                                            "Original Hash Buckets": 1024,
                                                            "Hash Batches": 1,
                                                            "Original Hash Batches": 1,
                                                            "Peak Memory Usage": 9,
                                                            "Workers": [
                                                                {
                                                                    "Worker Number": 0,
                                                                    "Actual Startup Time": 0.082,
                                                                    "Actual Total Time": 0.084,
                                                                    "Actual Rows": 1,
                                                                    "Actual Loops": 1
                                                                },
                                                                {
                                                                    "Worker Number": 1,
                                                                    "Actual Startup Time": 0.076,
                                                                    "Actual Total Time": 0.077,
                                                                    "Actual Rows": 1,
                                                                    "Actual Loops": 1
                                                                },
                                                                {
                                                                    "Worker Number": 2,
                                                                    "Actual Startup Time": 0.076,
                                                                    "Actual Total Time": 0.077,
                                                                    "Actual Rows": 1,
                                                                    "Actual Loops": 1
                                                                },
                                                                {
                                                                    "Worker Number": 3,
                                                                    "Actual Startup Time": 0.061,
                                                                    "Actual Total Time": 0.063,
                                                                    "Actual Rows": 1,
                                                                    "Actual Loops": 1
                                                                }
                                                            ],
                                                            "Plans": [
                                                                {
                                                                    "Node Type": "Seq Scan",
                                                                    "Parent Relationship": "Outer",
                                                                    "Parallel Aware": false,
                                                                    "Relation Name": "info_type",
                                                                    "Schema": "public",
                                                                    "Alias": "it",
                                                                    "Startup Cost": 0.0,
                                                                    "Total Cost": 2.41,
                                                                    "Plan Rows": 1,
                                                                    "Plan Width": 4,
                                                                    "Actual Startup Time": 0.051,
                                                                    "Actual Total Time": 0.054,
                                                                    "Actual Rows": 1,
                                                                    "Actual Loops": 5,
                                                                    "Output": [
                                                                        "it.id"
                                                                    ],
                                                                    "Filter": "((it.info)::text = 'rating'::text)",
                                                                    "Rows Removed by Filter": 112,
                                                                    "Workers": [
                                                                        {
                                                                            "Worker Number": 0,
                                                                            "Actual Startup Time": 0.06,
                                                                            "Actual Total Time": 0.062,
                                                                            "Actual Rows": 1,
                                                                            "Actual Loops": 1
                                                                        },
                                                                        {
                                                                            "Worker Number": 1,
                                                                            "Actual Startup Time": 0.062,
                                                                            "Actual Total Time": 0.065,
                                                                            "Actual Rows": 1,
                                                                            "Actual Loops": 1
                                                                        },
                                                                        {
                                                                            "Worker Number": 2,
                                                                            "Actual Startup Time": 0.063,
                                                                            "Actual Total Time": 0.066,
                                                                            "Actual Rows": 1,
                                                                            "Actual Loops": 1
                                                                        },
                                                                        {
                                                                            "Worker Number": 3,
                                                                            "Actual Startup Time": 0.048,
                                                                            "Actual Total Time": 0.051,
                                                                            "Actual Rows": 1,
                                                                            "Actual Loops": 1
                                                                        }
                                                                    ]
                                                                }
                                                            ]
                                                        }
                                                    ]
                                                },
                                                {
                                                    "Node Type": "Hash",
                                                    "Parent Relationship": "Inner",
                                                    "Parallel Aware": true,
                                                    "Startup Cost": 45504.48,
                                                    "Total Cost": 45504.48,
                                                    "Plan Rows": 141,
                                                    "Plan Width": 4,
                                                    "Actual Startup Time": 302.576,
                                                    "Actual Total Time": 302.581,
                                                    "Actual Rows": 2590,
                                                    "Actual Loops": 5,
                                                    "Output": [
                                                        "mk.movie_id"
                                                    ],
                                                    "Hash Buckets": 16384,
                                                    "Original Hash Buckets": 1024,
                                                    "Hash Batches": 1,
                                                    "Original Hash Batches": 1,
                                                    "Peak Memory Usage": 888,
                                                    "Workers": [
                                                        {
                                                            "Worker Number": 0,
                                                            "Actual Startup Time": 300.653,
                                                            "Actual Total Time": 300.657,
                                                            "Actual Rows": 2608,
                                                            "Actual Loops": 1
                                                        },
                                                        {
                                                            "Worker Number": 1,
                                                            "Actual Startup Time": 301.0,
                                                            "Actual Total Time": 301.004,
                                                            "Actual Rows": 3356,
                                                            "Actual Loops": 1
                                                        },
                                                        {
                                                            "Worker Number": 2,
                                                            "Actual Startup Time": 300.971,
                                                            "Actual Total Time": 300.974,
                                                            "Actual Rows": 2614,
                                                            "Actual Loops": 1
                                                        },
                                                        {
                                                            "Worker Number": 3,
                                                            "Actual Startup Time": 300.971,
                                                            "Actual Total Time": 300.974,
                                                            "Actual Rows": 1750,
                                                            "Actual Loops": 1
                                                        }
                                                    ],
                                                    "Plans": [
                                                        {
                                                            "Node Type": "Hash Join",
                                                            "Parent Relationship": "Outer",
                                                            "Parallel Aware": false,
                                                            "Join Type": "Inner",
                                                            "Startup Cost": 2626.29,
                                                            "Total Cost": 45504.48,
                                                            "Plan Rows": 141,
                                                            "Plan Width": 4,
                                                            "Actual Startup Time": 37.122,
                                                            "Actual Total Time": 241.97,
                                                            "Actual Rows": 2590,
                                                            "Actual Loops": 5,
                                                            "Output": [
                                                                "mk.movie_id"
                                                            ],
                                                            "Inner Unique": true,
                                                            "Hash Cond": "(mk.keyword_id = k.id)",
                                                            "Workers": [
                                                                {
                                                                    "Worker Number": 0,
                                                                    "Actual Startup Time": 36.345,
                                                                    "Actual Total Time": 240.173,
                                                                    "Actual Rows": 2608,
                                                                    "Actual Loops": 1
                                                                },
                                                                {
                                                                    "Worker Number": 1,
                                                                    "Actual Startup Time": 38.074,
                                                                    "Actual Total Time": 270.03,
                                                                    "Actual Rows": 3356,
                                                                    "Actual Loops": 1
                                                                },
                                                                {
                                                                    "Worker Number": 2,
                                                                    "Actual Startup Time": 36.879,
                                                                    "Actual Total Time": 245.321,
                                                                    "Actual Rows": 2614,
                                                                    "Actual Loops": 1
                                                                },
                                                                {
                                                                    "Worker Number": 3,
                                                                    "Actual Startup Time": 36.319,
                                                                    "Actual Total Time": 194.869,
                                                                    "Actual Rows": 1750,
                                                                    "Actual Loops": 1
                                                                }
                                                            ],
                                                            "Plans": [
                                                                {
                                                                    "Node Type": "Seq Scan",
                                                                    "Parent Relationship": "Outer",
                                                                    "Parallel Aware": true,
                                                                    "Relation Name": "movie_keyword",
                                                                    "Schema": "public",
                                                                    "Alias": "mk",
                                                                    "Startup Cost": 0.0,
                                                                    "Total Cost": 39047.32,
                                                                    "Plan Rows": 1459332,
                                                                    "Plan Width": 8,
                                                                    "Actual Startup Time": 0.063,
                                                                    "Actual Total Time": 111.555,
                                                                    "Actual Rows": 904786,
                                                                    "Actual Loops": 5,
                                                                    "Output": [
                                                                        "mk.id",
                                                                        "mk.movie_id",
                                                                        "mk.keyword_id"
                                                                    ],
                                                                    "Workers": [
                                                                        {
                                                                            "Worker Number": 0,
                                                                            "Actual Startup Time": 0.088,
                                                                            "Actual Total Time": 110.841,
                                                                            "Actual Rows": 893920,
                                                                            "Actual Loops": 1
                                                                        },
                                                                        {
                                                                            "Worker Number": 1,
                                                                            "Actual Startup Time": 0.07,
                                                                            "Actual Total Time": 125.622,
                                                                            "Actual Rows": 1090945,
                                                                            "Actual Loops": 1
                                                                        },
                                                                        {
                                                                            "Worker Number": 2,
                                                                            "Actual Startup Time": 0.069,
                                                                            "Actual Total Time": 113.587,
                                                                            "Actual Rows": 907550,
                                                                            "Actual Loops": 1
                                                                        },
                                                                        {
                                                                            "Worker Number": 3,
                                                                            "Actual Startup Time": 0.068,
                                                                            "Actual Total Time": 87.724,
                                                                            "Actual Rows": 623450,
                                                                            "Actual Loops": 1
                                                                        }
                                                                    ]
                                                                },
                                                                {
                                                                    "Node Type": "Hash",
                                                                    "Parent Relationship": "Inner",
                                                                    "Parallel Aware": false,
                                                                    "Startup Cost": 2626.12,
                                                                    "Total Cost": 2626.12,
                                                                    "Plan Rows": 13,
                                                                    "Plan Width": 4,
                                                                    "Actual Startup Time": 36.424,
                                                                    "Actual Total Time": 36.426,
                                                                    "Actual Rows": 30,
                                                                    "Actual Loops": 5,
                                                                    "Output": [
                                                                        "k.id"
                                                                    ],
                                                                    "Hash Buckets": 1024,
                                                                    "Original Hash Buckets": 1024,
                                                                    "Hash Batches": 1,
                                                                    "Original Hash Batches": 1,
                                                                    "Peak Memory Usage": 10,
                                                                    "Workers": [
                                                                        {
                                                                            "Worker Number": 0,
                                                                            "Actual Startup Time": 35.844,
                                                                            "Actual Total Time": 35.845,
                                                                            "Actual Rows": 30,
                                                                            "Actual Loops": 1
                                                                        },
                                                                        {
                                                                            "Worker Number": 1,
                                                                            "Actual Startup Time": 36.22,
                                                                            "Actual Total Time": 36.221,
                                                                            "Actual Rows": 30,
                                                                            "Actual Loops": 1
                                                                        },
                                                                        {
                                                                            "Worker Number": 2,
                                                                            "Actual Startup Time": 36.187,
                                                                            "Actual Total Time": 36.188,
                                                                            "Actual Rows": 30,
                                                                            "Actual Loops": 1
                                                                        },
                                                                        {
                                                                            "Worker Number": 3,
                                                                            "Actual Startup Time": 36.179,
                                                                            "Actual Total Time": 36.18,
                                                                            "Actual Rows": 30,
                                                                            "Actual Loops": 1
                                                                        }
                                                                    ],
                                                                    "Plans": [
                                                                        {
                                                                            "Node Type": "Seq Scan",
                                                                            "Parent Relationship": "Outer",
                                                                            "Parallel Aware": false,
                                                                            "Relation Name": "keyword",
                                                                            "Schema": "public",
                                                                            "Alias": "k",
                                                                            "Startup Cost": 0.0,
                                                                            "Total Cost": 2626.12,
                                                                            "Plan Rows": 13,
                                                                            "Plan Width": 4,
                                                                            "Actual Startup Time": 3.848,
                                                                            "Actual Total Time": 36.369,
                                                                            "Actual Rows": 30,
                                                                            "Actual Loops": 5,
                                                                            "Output": [
                                                                                "k.id"
                                                                            ],
                                                                            "Filter": "(k.keyword ~~ '%sequel%'::text)",
                                                                            "Rows Removed by Filter": 134140,
                                                                            "Workers": [
                                                                                {
                                                                                    "Worker Number": 0,
                                                                                    "Actual Startup Time": 3.766,
                                                                                    "Actual Total Time": 35.788,
                                                                                    "Actual Rows": 30,
                                                                                    "Actual Loops": 1
                                                                                },
                                                                                {
                                                                                    "Worker Number": 1,
                                                                                    "Actual Startup Time": 3.9,
                                                                                    "Actual Total Time": 36.163,
                                                                                    "Actual Rows": 30,
                                                                                    "Actual Loops": 1
                                                                                },
                                                                                {
                                                                                    "Worker Number": 2,
                                                                                    "Actual Startup Time": 3.922,
                                                                                    "Actual Total Time": 36.131,
                                                                                    "Actual Rows": 30,
                                                                                    "Actual Loops": 1
                                                                                },
                                                                                {
                                                                                    "Worker Number": 3,
                                                                                    "Actual Startup Time": 3.91,
                                                                                    "Actual Total Time": 36.12,
                                                                                    "Actual Rows": 30,
                                                                                    "Actual Loops": 1
                                                                                }
                                                                            ]
                                                                        }
                                                                    ]
                                                                }
                                                            ]
                                                        }
                                                    ]
                                                }
                                            ]
                                        }
                                    ]
                                }
                            ]
                        }
                    ]
                }
            ]
        },
        "Planning Time": 2050.898,
        "Triggers": [],
        "Execution Time": 576.968
    }
]