{
  "Plan": {
    "Node Type": "Aggregate",
    "Strategy": "Plain",
    "Partial Mode": "Finalize",
    "Parallel Aware": false,
    "Startup Cost": 607530.09,
    "Total Cost": 607530.1,
    "Plan Rows": 1,
    "Plan Width": 8,
    "Actual Startup Time": 1247.753,
    "Actual Total Time": 1279.268,
    "Actual Rows": 1,
    "Actual Loops": 1,
    "Plans": [
      {
        "Node Type": "Gather",
        "Parent Relationship": "Outer",
        "Parallel Aware": false,
        "Startup Cost": 607529.98,
        "Total Cost": 607530.09,
        "Plan Rows": 1,
        "Plan Width": 8,
        "Actual Startup Time": 1246.879,
        "Actual Total Time": 1279.259,
        "Actual Rows": 2,
        "Actual Loops": 1,
        "Workers Planned": 1,
        "Workers Launched": 1,
        "Single Copy": false,
        "Plans": [
          {
            "Node Type": "Aggregate",
            "Strategy": "Plain",
            "Partial Mode": "Partial",
            "Parent Relationship": "Outer",
            "Parallel Aware": false,
            "Startup Cost": 606529.98,
            "Total Cost": 606529.99,
            "Plan Rows": 1,
            "Plan Width": 8,
            "Actual Startup Time": 1241.183,
            "Actual Total Time": 1241.195,
            "Actual Rows": 1,
            "Actual Loops": 2,
            "Plans": [
              {
                "Node Type": "Hash Join",
                "Parent Relationship": "Outer",
                "Parallel Aware": true,
                "Join Type": "Inner",
                "Startup Cost": 263860.32,
                "Total Cost": 606458.34,
                "Plan Rows": 28654,
                "Plan Width": 0,
                "Actual Startup Time": 559.891,
                "Actual Total Time": 1238.972,
                "Actual Rows": 46266,
                "Actual Loops": 2,
                "Inner Unique": false,
                "Hash Cond": "(ci.movie_id = t.id)",
                "Plans": [
                  {
                    "Node Type": "Bitmap Heap Scan",
                    "Parent Relationship": "Outer",
                    "Parallel Aware": true,
                    "Relation Name": "cast_info",
                    "Alias": "ci",
                    "Startup Cost": 186989.55,
                    "Total Cost": 514551.9,
                    "Plan Rows": 3964566,
                    "Plan Width": 4,
                    "Actual Startup Time": 315.025,
                    "Actual Total Time": 843.142,
                    "Actual Rows": 1870534,
                    "Actual Loops": 2,
                    "Recheck Cond": "(person_id > 2844740)",
                    "Rows Removed by Index Recheck": 0,
                    "Filter": "(role_id < 8)",
                    "Rows Removed by Filter": 2327900,
                    "Exact Heap Blocks": 52180,
                    "Lossy Heap Blocks": 0,
                    "Plans": [
                      {
                        "Node Type": "Bitmap Index Scan",
                        "Parent Relationship": "Outer",
                        "Parallel Aware": false,
                        "Index Name": "person_id_cast_info",
                        "Startup Cost": 0.0,
                        "Total Cost": 185304.61,
                        "Plan Rows": 8485873,
                        "Plan Width": 0,
                        "Actual Startup Time": 297.628,
                        "Actual Total Time": 297.629,
                        "Actual Rows": 8396867,
                        "Actual Loops": 1,
                        "Index Cond": "(person_id > 2844740)"
                      }
                    ]
                  },
                  {
                    "Node Type": "Hash",
                    "Parent Relationship": "Inner",
                    "Parallel Aware": true,
                    "Startup Cost": 76736.41,
                    "Total Cost": 76736.41,
                    "Plan Rows": 10749,
                    "Plan Width": 8,
                    "Actual Startup Time": 244.124,
                    "Actual Total Time": 244.134,
                    "Actual Rows": 17994,
                    "Actual Loops": 2,
                    "Hash Buckets": 65536,
                    "Original Hash Buckets": 32768,
                    "Hash Batches": 1,
                    "Original Hash Batches": 1,
                    "Peak Memory Usage": 2208,
                    "Plans": [
                      {
                        "Node Type": "Hash Join",
                        "Parent Relationship": "Outer",
                        "Parallel Aware": true,
                        "Join Type": "Inner",
                        "Startup Cost": 58552.62,
                        "Total Cost": 76736.41,
                        "Plan Rows": 10749,
                        "Plan Width": 8,
                        "Actual Startup Time": 134.502,
                        "Actual Total Time": 239.178,
                        "Actual Rows": 17994,
                        "Actual Loops": 2,
                        "Inner Unique": true,
                        "Hash Cond": "(mi_idx.movie_id = t.id)",
                        "Plans": [
                          {
                            "Node Type": "Seq Scan",
                            "Parent Relationship": "Outer",
                            "Parallel Aware": true,
                            "Relation Name": "movie_info_idx",
                            "Alias": "mi_idx",
                            "Startup Cost": 0.0,
                            "Total Cost": 16052.85,
                            "Plan Rows": 811785,
                            "Plan Width": 4,
                            "Actual Startup Time": 0.018,
                            "Actual Total Time": 50.321,
                            "Actual Rows": 690018,
                            "Actual Loops": 2
                          },
                          {
                            "Node Type": "Hash",
                            "Parent Relationship": "Inner",
                            "Parallel Aware": true,
                            "Startup Cost": 58306.47,
                            "Total Cost": 58306.47,
                            "Plan Rows": 19692,
                            "Plan Width": 4,
                            "Actual Startup Time": 134.132,
                            "Actual Total Time": 134.133,
                            "Actual Rows": 14056,
                            "Actual Loops": 2,
                            "Hash Buckets": 65536,
                            "Original Hash Buckets": 65536,
                            "Hash Batches": 1,
                            "Original Hash Batches": 1,
                            "Peak Memory Usage": 1664,
                            "Plans": [
                              {
                                "Node Type": "Seq Scan",
                                "Parent Relationship": "Outer",
                                "Parallel Aware": true,
                                "Relation Name": "title",
                                "Alias": "t",
                                "Startup Cost": 0.0,
                                "Total Cost": 58306.47,
                                "Plan Rows": 19692,
                                "Plan Width": 4,
                                "Actual Startup Time": 0.255,
                                "Actual Total Time": 129.492,
                                "Actual Rows": 14056,
                                "Actual Loops": 2,
                                "Filter": "((kind_id < 7) AND (production_year = 2004))",
                                "Rows Removed by Filter": 1250100
                              }
                            ]
                          }
                        ]
                      }
                    ]
                  }
                ]
              }
            ]
          }
        ]
      }
    ]
  },
  "Planning Time": 0.544,
  "Triggers": [],
  "Execution Time": 1279.33
}