{
  "Plan": {
    "Node Type": "Aggregate",
    "Strategy": "Plain",
    "Partial Mode": "Finalize",
    "Parallel Aware": false,
    "Startup Cost": 672641.05,
    "Total Cost": 672641.06,
    "Plan Rows": 1,
    "Plan Width": 8,
    "Actual Startup Time": 3750.08,
    "Actual Total Time": 3807.534,
    "Actual Rows": 1,
    "Actual Loops": 1,
    "Plans": [
      {
        "Node Type": "Gather",
        "Parent Relationship": "Outer",
        "Parallel Aware": false,
        "Startup Cost": 672640.94,
        "Total Cost": 672641.05,
        "Plan Rows": 1,
        "Plan Width": 8,
        "Actual Startup Time": 3747.462,
        "Actual Total Time": 3807.527,
        "Actual Rows": 2,
        "Actual Loops": 1,
        "Workers Planned": 1,
        "Workers Launched": 1,
        "Single Copy": false,
        "Plans": [
          {
            "Node Type": "Aggregate",
            "Strategy": "Plain",
            "Partial Mode": "Partial",
            "Parent Relationship": "Outer",
            "Parallel Aware": false,
            "Startup Cost": 671640.94,
            "Total Cost": 671640.95,
            "Plan Rows": 1,
            "Plan Width": 8,
            "Actual Startup Time": 3741.1,
            "Actual Total Time": 3741.105,
            "Actual Rows": 1,
            "Actual Loops": 2,
            "Plans": [
              {
                "Node Type": "Hash Join",
                "Parent Relationship": "Outer",
                "Parallel Aware": true,
                "Join Type": "Inner",
                "Startup Cost": 616645.18,
                "Total Cost": 670465.03,
                "Plan Rows": 470364,
                "Plan Width": 0,
                "Actual Startup Time": 3316.901,
                "Actual Total Time": 3713.854,
                "Actual Rows": 668174,
                "Actual Loops": 2,
                "Inner Unique": false,
                "Hash Cond": "(mc.movie_id = t.id)",
                "Plans": [
                  {
                    "Node Type": "Seq Scan",
                    "Parent Relationship": "Outer",
                    "Parallel Aware": true,
                    "Relation Name": "movie_companies",
                    "Alias": "mc",
                    "Startup Cost": 0.0,
                    "Total Cost": 37974.77,
                    "Plan Rows": 1494655,
                    "Plan Width": 4,
                    "Actual Startup Time": 0.017,
                    "Actual Total Time": 123.991,
                    "Actual Rows": 1271999,
                    "Actual Loops": 2,
                    "Filter": "(company_id < 180063)",
                    "Rows Removed by Filter": 32566
                  },
                  {
                    "Node Type": "Hash",
                    "Parent Relationship": "Inner",
                    "Parallel Aware": true,
                    "Startup Cost": 610794.83,
                    "Total Cost": 610794.83,
                    "Plan Rows": 468028,
                    "Plan Width": 8,
                    "Actual Startup Time": 3307.861,
                    "Actual Total Time": 3307.865,
                    "Actual Rows": 542507,
                    "Actual Loops": 2,
                    "Hash Buckets": 2097152,
                    "Original Hash Buckets": 1048576,
                    "Hash Batches": 1,
                    "Original Hash Batches": 1,
                    "Peak Memory Usage": 67072,
                    "Plans": [
                      {
                        "Node Type": "Hash Join",
                        "Parent Relationship": "Outer",
                        "Parallel Aware": true,
                        "Join Type": "Inner",
                        "Startup Cost": 59004.48,
                        "Total Cost": 610794.83,
                        "Plan Rows": 468028,
                        "Plan Width": 8,
                        "Actual Startup Time": 562.354,
                        "Actual Total Time": 3114.839,
                        "Actual Rows": 542507,
                        "Actual Loops": 2,
                        "Inner Unique": true,
                        "Hash Cond": "(ci.movie_id = t.id)",
                        "Plans": [
                          {
                            "Node Type": "Seq Scan",
                            "Parent Relationship": "Outer",
                            "Parallel Aware": true,
                            "Relation Name": "cast_info",
                            "Alias": "ci",
                            "Startup Cost": 0.0,
                            "Total Cost": 519069.44,
                            "Plan Rows": 12465085,
                            "Plan Width": 4,
                            "Actual Startup Time": 388.37,
                            "Actual Total Time": 1583.635,
                            "Actual Rows": 10622358,
                            "Actual Loops": 2,
                            "Filter": "(person_id > 1480543)",
                            "Rows Removed by Filter": 7499814
                          },
                          {
                            "Node Type": "Hash",
                            "Parent Relationship": "Inner",
                            "Parallel Aware": true,
                            "Startup Cost": 58306.47,
                            "Total Cost": 58306.47,
                            "Plan Rows": 55841,
                            "Plan Width": 4,
                            "Actual Startup Time": 172.844,
                            "Actual Total Time": 172.845,
                            "Actual Rows": 50296,
                            "Actual Loops": 2,
                            "Hash Buckets": 131072,
                            "Original Hash Buckets": 131072,
                            "Hash Batches": 1,
                            "Original Hash Batches": 1,
                            "Peak Memory Usage": 4992,
                            "Plans": [
                              {
                                "Node Type": "Seq Scan",
                                "Parent Relationship": "Outer",
                                "Parallel Aware": true,
                                "Relation Name": "title",
                                "Alias": "t",
                                "Startup Cost": 0.0,
                                "Total Cost": 58306.47,
                                "Plan Rows": 55841,
                                "Plan Width": 4,
                                "Actual Startup Time": 0.038,
                                "Actual Total Time": 156.273,
                                "Actual Rows": 50296,
                                "Actual Loops": 2,
                                "Filter": "((kind_id > 1) AND (production_year = 2009))",
                                "Rows Removed by Filter": 1213860
                              }
                            ]
                          }
                        ]
                      }
                    ]
                  }
                ]
              }
            ]
          }
        ]
      }
    ]
  },
  "Planning Time": 1.033,
  "Triggers": [],
  "Execution Time": 3807.634
}