[
    {
        "Bao": {
            "Bao prediction": "NaN",
            "Bao recommended hint": "(no hint)"
        }
    },
    {
        "Plan": {
            "Node Type": "Aggregate",
            "Strategy": "Plain",
            "Partial Mode": "Finalize",
            "Parallel Aware": false,
            "Startup Cost": 243663.2,
            "Total Cost": 243663.21,
            "Plan Rows": 1,
            "Plan Width": 8,
            "Actual Startup Time": 572.219,
            "Actual Total Time": 594.812,
            "Actual Rows": 1,
            "Actual Loops": 1,
            "Output": [
                "count(*)"
            ],
            "Plans": [
                {
                    "Node Type": "Gather",
                    "Parent Relationship": "Outer",
                    "Parallel Aware": false,
                    "Startup Cost": 243662.68,
                    "Total Cost": 243663.19,
                    "Plan Rows": 5,
                    "Plan Width": 8,
                    "Actual Startup Time": 570.761,
                    "Actual Total Time": 594.805,
                    "Actual Rows": 6,
                    "Actual Loops": 1,
                    "Output": [
                        "(PARTIAL count(*))"
                    ],
                    "Workers Planned": 5,
                    "Workers Launched": 5,
                    "Single Copy": false,
                    "Plans": [
                        {
                            "Node Type": "Aggregate",
                            "Strategy": "Plain",
                            "Partial Mode": "Partial",
                            "Parent Relationship": "Outer",
                            "Parallel Aware": false,
                            "Startup Cost": 242662.68,
                            "Total Cost": 242662.69,
                            "Plan Rows": 1,
                            "Plan Width": 8,
                            "Actual Startup Time": 561.031,
                            "Actual Total Time": 561.034,
                            "Actual Rows": 1,
                            "Actual Loops": 6,
                            "Output": [
                                "PARTIAL count(*)"
                            ],
                            "Workers": [
                                {
                                    "Worker Number": 0,
                                    "Actual Startup Time": 558.554,
                                    "Actual Total Time": 558.557,
                                    "Actual Rows": 1,
                                    "Actual Loops": 1
                                },
                                {
                                    "Worker Number": 1,
                                    "Actual Startup Time": 558.901,
                                    "Actual Total Time": 558.904,
                                    "Actual Rows": 1,
                                    "Actual Loops": 1
                                },
                                {
                                    "Worker Number": 2,
                                    "Actual Startup Time": 559.153,
                                    "Actual Total Time": 559.156,
                                    "Actual Rows": 1,
                                    "Actual Loops": 1
                                },
                                {
                                    "Worker Number": 3,
                                    "Actual Startup Time": 559.298,
                                    "Actual Total Time": 559.301,
                                    "Actual Rows": 1,
                                    "Actual Loops": 1
                                },
                                {
                                    "Worker Number": 4,
                                    "Actual Startup Time": 559.859,
                                    "Actual Total Time": 559.861,
                                    "Actual Rows": 1,
                                    "Actual Loops": 1
                                }
                            ],
                            "Plans": [
                                {
                                    "Node Type": "Hash Join",
                                    "Parent Relationship": "Outer",
                                    "Parallel Aware": true,
                                    "Join Type": "Inner",
                                    "Startup Cost": 38896.36,
                                    "Total Cost": 242479.68,
                                    "Plan Rows": 73199,
                                    "Plan Width": 0,
                                    "Actual Startup Time": 70.793,
                                    "Actual Total Time": 557.35,
                                    "Actual Rows": 59549,
                                    "Actual Loops": 6,
                                    "Inner Unique": true,
                                    "Hash Cond": "(mi.movie_id = t.id)",
                                    "Workers": [
                                        {
                                            "Worker Number": 0,
                                            "Actual Startup Time": 68.331,
                                            "Actual Total Time": 554.8,
                                            "Actual Rows": 43395,
                                            "Actual Loops": 1
                                        },
                                        {
                                            "Worker Number": 1,
                                            "Actual Startup Time": 68.573,
                                            "Actual Total Time": 555.035,
                                            "Actual Rows": 45090,
                                            "Actual Loops": 1
                                        },
                                        {
                                            "Worker Number": 2,
                                            "Actual Startup Time": 68.94,
                                            "Actual Total Time": 555.435,
                                            "Actual Rows": 42915,
                                            "Actual Loops": 1
                                        },
                                        {
                                            "Worker Number": 3,
                                            "Actual Startup Time": 69.075,
                                            "Actual Total Time": 555.619,
                                            "Actual Rows": 69945,
                                            "Actual Loops": 1
                                        },
                                        {
                                            "Worker Number": 4,
                                            "Actual Startup Time": 69.637,
                                            "Actual Total Time": 556.375,
                                            "Actual Rows": 68375,
                                            "Actual Loops": 1
                                        }
                                    ],
                                    "Plans": [
                                        {
                                            "Node Type": "Seq Scan",
                                            "Parent Relationship": "Outer",
                                            "Parallel Aware": true,
                                            "Relation Name": "movie_info",
                                            "Schema": "public",
                                            "Alias": "mi",
                                            "Startup Cost": 0.0,
                                            "Total Cost": 198880.74,
                                            "Plan Rows": 1791457,
                                            "Plan Width": 4,
                                            "Actual Startup Time": 16.237,
                                            "Actual Total Time": 336.74,
                                            "Actual Rows": 1491793,
                                            "Actual Loops": 6,
                                            "Output": [
                                                "mi.id",
                                                "mi.movie_id",
                                                "mi.info_type_id",
                                                "mi.info",
                                                "mi.note"
                                            ],
                                            "Filter": "(mi.info_type_id > 6)",
                                            "Rows Removed by Filter": 980827,
                                            "Workers": [
                                                {
                                                    "Worker Number": 0,
                                                    "Actual Startup Time": 16.23,
                                                    "Actual Total Time": 341.513,
                                                    "Actual Rows": 1108188,
                                                    "Actual Loops": 1
                                                },
                                                {
                                                    "Worker Number": 1,
                                                    "Actual Startup Time": 16.224,
                                                    "Actual Total Time": 340.807,
                                                    "Actual Rows": 1104492,
                                                    "Actual Loops": 1
                                                },
                                                {
                                                    "Worker Number": 2,
                                                    "Actual Startup Time": 16.24,
                                                    "Actual Total Time": 345.074,
                                                    "Actual Rows": 1091313,
                                                    "Actual Loops": 1
                                                },
                                                {
                                                    "Worker Number": 3,
                                                    "Actual Startup Time": 16.26,
                                                    "Actual Total Time": 335.485,
                                                    "Actual Rows": 1728329,
                                                    "Actual Loops": 1
                                                },
                                                {
                                                    "Worker Number": 4,
                                                    "Actual Startup Time": 16.219,
                                                    "Actual Total Time": 342.572,
                                                    "Actual Rows": 1706732,
                                                    "Actual Loops": 1
                                                }
                                            ]
                                        },
                                        {
                                            "Node Type": "Hash",
                                            "Parent Relationship": "Inner",
                                            "Parallel Aware": true,
                                            "Startup Cost": 38573.52,
                                            "Total Cost": 38573.52,
                                            "Plan Rows": 25827,
                                            "Plan Width": 4,
                                            "Actual Startup Time": 41.523,
                                            "Actual Total Time": 41.524,
                                            "Actual Rows": 19653,
                                            "Actual Loops": 6,
                                            "Output": [
                                                "t.id"
                                            ],
                                            "Hash Buckets": 131072,
                                            "Original Hash Buckets": 131072,
                                            "Hash Batches": 1,
                                            "Original Hash Batches": 1,
                                            "Peak Memory Usage": 5760,
                                            "Workers": [
                                                {
                                                    "Worker Number": 0,
                                                    "Actual Startup Time": 39.211,
                                                    "Actual Total Time": 39.212,
                                                    "Actual Rows": 13907,
                                                    "Actual Loops": 1
                                                },
                                                {
                                                    "Worker Number": 1,
                                                    "Actual Startup Time": 39.408,
                                                    "Actual Total Time": 39.409,
                                                    "Actual Rows": 14232,
                                                    "Actual Loops": 1
                                                },
                                                {
                                                    "Worker Number": 2,
                                                    "Actual Startup Time": 39.825,
                                                    "Actual Total Time": 39.826,
                                                    "Actual Rows": 12771,
                                                    "Actual Loops": 1
                                                },
                                                {
                                                    "Worker Number": 3,
                                                    "Actual Startup Time": 39.986,
                                                    "Actual Total Time": 39.987,
                                                    "Actual Rows": 16065,
                                                    "Actual Loops": 1
                                                },
                                                {
                                                    "Worker Number": 4,
                                                    "Actual Startup Time": 40.533,
                                                    "Actual Total Time": 40.533,
                                                    "Actual Rows": 12388,
                                                    "Actual Loops": 1
                                                }
                                            ],
                                            "Plans": [
                                                {
                                                    "Node Type": "Bitmap Heap Scan",
                                                    "Parent Relationship": "Outer",
                                                    "Parallel Aware": true,
                                                    "Relation Name": "title",
                                                    "Schema": "public",
                                                    "Alias": "t",
                                                    "Startup Cost": 2132.43,
                                                    "Total Cost": 38573.52,
                                                    "Plan Rows": 25827,
                                                    "Plan Width": 4,
                                                    "Actual Startup Time": 2.323,
                                                    "Actual Total Time": 33.066,
                                                    "Actual Rows": 19653,
                                                    "Actual Loops": 6,
                                                    "Output": [
                                                        "t.id"
                                                    ],
                                                    "Recheck Cond": "(t.kind_id = 4)",
                                                    "Rows Removed by Index Recheck": 0,
                                                    "Filter": "(t.production_year > 1959)",
                                                    "Rows Removed by Filter": 53,
                                                    "Exact Heap Blocks": 5348,
                                                    "Lossy Heap Blocks": 0,
                                                    "Workers": [
                                                        {
                                                            "Worker Number": 0,
                                                            "Actual Startup Time": 0.206,
                                                            "Actual Total Time": 31.593,
                                                            "Actual Rows": 13907,
                                                            "Actual Loops": 1
                                                        },
                                                        {
                                                            "Worker Number": 1,
                                                            "Actual Startup Time": 0.155,
                                                            "Actual Total Time": 31.888,
                                                            "Actual Rows": 14232,
                                                            "Actual Loops": 1
                                                        },
                                                        {
                                                            "Worker Number": 2,
                                                            "Actual Startup Time": 0.553,
                                                            "Actual Total Time": 31.89,
                                                            "Actual Rows": 12771,
                                                            "Actual Loops": 1
                                                        },
                                                        {
                                                            "Worker Number": 3,
                                                            "Actual Startup Time": 0.784,
                                                            "Actual Total Time": 32.621,
                                                            "Actual Rows": 16065,
                                                            "Actual Loops": 1
                                                        },
                                                        {
                                                            "Worker Number": 4,
                                                            "Actual Startup Time": 1.45,
                                                            "Actual Total Time": 32.308,
                                                            "Actual Rows": 12388,
                                                            "Actual Loops": 1
                                                        }
                                                    ],
                                                    "Plans": [
                                                        {
                                                            "Node Type": "Bitmap Index Scan",
                                                            "Parent Relationship": "Outer",
                                                            "Parallel Aware": false,
                                                            "Index Name": "kind_id_title",
                                                            "Startup Cost": 0.0,
                                                            "Total Cost": 2106.61,
                                                            "Plan Rows": 118157,
                                                            "Plan Width": 0,
                                                            "Actual Startup Time": 8.252,
                                                            "Actual Total Time": 8.252,
                                                            "Actual Rows": 118234,
                                                            "Actual Loops": 1,
                                                            "Index Cond": "(t.kind_id = 4)"
                                                        }
                                                    ]
                                                }
                                            ]
                                        }
                                    ]
                                }
                            ]
                        }
                    ]
                }
            ]
        },
        "Planning Time": 198.101,
        "Triggers": [],
        "Execution Time": 594.884
    }
]