[
    {
        "Bao": {
            "Bao prediction": "NaN",
            "Bao recommended hint": "(no hint)"
        }
    },
    {
        "Plan": {
            "Node Type": "Aggregate",
            "Strategy": "Plain",
            "Partial Mode": "Finalize",
            "Parallel Aware": false,
            "Startup Cost": 35431.35,
            "Total Cost": 35431.36,
            "Plan Rows": 1,
            "Plan Width": 8,
            "Actual Startup Time": 100.116,
            "Actual Total Time": 104.526,
            "Actual Rows": 1,
            "Actual Loops": 1,
            "Output": [
                "count(*)"
            ],
            "Plans": [
                {
                    "Node Type": "Gather",
                    "Parent Relationship": "Outer",
                    "Parallel Aware": false,
                    "Startup Cost": 35431.03,
                    "Total Cost": 35431.34,
                    "Plan Rows": 3,
                    "Plan Width": 8,
                    "Actual Startup Time": 99.946,
                    "Actual Total Time": 104.518,
                    "Actual Rows": 4,
                    "Actual Loops": 1,
                    "Output": [
                        "(PARTIAL count(*))"
                    ],
                    "Workers Planned": 3,
                    "Workers Launched": 3,
                    "Single Copy": false,
                    "Plans": [
                        {
                            "Node Type": "Aggregate",
                            "Strategy": "Plain",
                            "Partial Mode": "Partial",
                            "Parent Relationship": "Outer",
                            "Parallel Aware": false,
                            "Startup Cost": 34431.03,
                            "Total Cost": 34431.04,
                            "Plan Rows": 1,
                            "Plan Width": 8,
                            "Actual Startup Time": 91.526,
                            "Actual Total Time": 91.528,
                            "Actual Rows": 1,
                            "Actual Loops": 4,
                            "Output": [
                                "PARTIAL count(*)"
                            ],
                            "Workers": [
                                {
                                    "Worker Number": 0,
                                    "Actual Startup Time": 88.492,
                                    "Actual Total Time": 88.494,
                                    "Actual Rows": 1,
                                    "Actual Loops": 1
                                },
                                {
                                    "Worker Number": 1,
                                    "Actual Startup Time": 88.888,
                                    "Actual Total Time": 88.889,
                                    "Actual Rows": 1,
                                    "Actual Loops": 1
                                },
                                {
                                    "Worker Number": 2,
                                    "Actual Startup Time": 89.054,
                                    "Actual Total Time": 89.055,
                                    "Actual Rows": 1,
                                    "Actual Loops": 1
                                }
                            ],
                            "Plans": [
                                {
                                    "Node Type": "Bitmap Heap Scan",
                                    "Parent Relationship": "Outer",
                                    "Parallel Aware": true,
                                    "Relation Name": "movie_keyword",
                                    "Schema": "public",
                                    "Alias": "mk",
                                    "Startup Cost": 8124.14,
                                    "Total Cost": 34122.21,
                                    "Plan Rows": 123526,
                                    "Plan Width": 0,
                                    "Actual Startup Time": 21.946,
                                    "Actual Total Time": 85.874,
                                    "Actual Rows": 94809,
                                    "Actual Loops": 4,
                                    "Recheck Cond": "(mk.keyword_id > 44981)",
                                    "Rows Removed by Index Recheck": 0,
                                    "Exact Heap Blocks": 9582,
                                    "Lossy Heap Blocks": 0,
                                    "Workers": [
                                        {
                                            "Worker Number": 0,
                                            "Actual Startup Time": 18.876,
                                            "Actual Total Time": 83.172,
                                            "Actual Rows": 77628,
                                            "Actual Loops": 1
                                        },
                                        {
                                            "Worker Number": 1,
                                            "Actual Startup Time": 19.302,
                                            "Actual Total Time": 83.53,
                                            "Actual Rows": 71486,
                                            "Actual Loops": 1
                                        },
                                        {
                                            "Worker Number": 2,
                                            "Actual Startup Time": 19.816,
                                            "Actual Total Time": 83.836,
                                            "Actual Rows": 69093,
                                            "Actual Loops": 1
                                        }
                                    ],
                                    "Plans": [
                                        {
                                            "Node Type": "Bitmap Index Scan",
                                            "Parent Relationship": "Outer",
                                            "Parallel Aware": false,
                                            "Index Name": "keyword_id_movie_keyword",
                                            "Startup Cost": 0.0,
                                            "Total Cost": 8028.41,
                                            "Plan Rows": 382930,
                                            "Plan Width": 0,
                                            "Actual Startup Time": 26.591,
                                            "Actual Total Time": 26.592,
                                            "Actual Rows": 379237,
                                            "Actual Loops": 1,
                                            "Index Cond": "(mk.keyword_id > 44981)"
                                        }
                                    ]
                                }
                            ]
                        }
                    ]
                }
            ]
        },
        "Planning Time": 182.191,
        "Triggers": [],
        "Execution Time": 104.609
    }
]