[
  {
    "Plan": {
      "Node Type": "Aggregate",
      "Strategy": "Plain",
      "Partial Mode": "Finalize",
      "Parallel Aware": false,
      "Startup Cost": 63917.27,
      "Total Cost": 63917.28,
      "Plan Rows": 1,
      "Plan Width": 8,
      "Actual Startup Time": 337.782,
      "Actual Total Time": 352.401,
      "Actual Rows": 1,
      "Actual Loops": 1,
      "Plans": [
        {
          "Node Type": "Gather",
          "Parent Relationship": "Outer",
          "Parallel Aware": false,
          "Startup Cost": 63917.05,
          "Total Cost": 63917.26,
          "Plan Rows": 2,
          "Plan Width": 8,
          "Actual Startup Time": 336.015,
          "Actual Total Time": 352.394,
          "Actual Rows": 3,
          "Actual Loops": 1,
          "Workers Planned": 2,
          "Workers Launched": 2,
          "Single Copy": false,
          "Plans": [
            {
              "Node Type": "Aggregate",
              "Strategy": "Plain",
              "Partial Mode": "Partial",
              "Parent Relationship": "Outer",
              "Parallel Aware": false,
              "Startup Cost": 62917.05,
              "Total Cost": 62917.06,
              "Plan Rows": 1,
              "Plan Width": 8,
              "Actual Startup Time": 328.154,
              "Actual Total Time": 328.158,
              "Actual Rows": 1,
              "Actual Loops": 3,
              "Plans": [
                {
                  "Node Type": "Hash Join",
                  "Parent Relationship": "Outer",
                  "Parallel Aware": true,
                  "Join Type": "Inner",
                  "Startup Cost": 47377.15,
                  "Total Cost": 62571.71,
                  "Plan Rows": 138137,
                  "Plan Width": 0,
                  "Actual Startup Time": 238.048,
                  "Actual Total Time": 318.859,
                  "Actual Rows": 189715,
                  "Actual Loops": 3,
                  "Inner Unique": true,
                  "Hash Cond": "(mi_idx.movie_id = t.id)",
                  "Plans": [
                    {
                      "Node Type": "Seq Scan",
                      "Parent Relationship": "Outer",
                      "Parallel Aware": true,
                      "Relation Name": "movie_info_idx",
                      "Alias": "mi_idx",
                      "Startup Cost": 0.0,
                      "Total Cost": 13685.15,
                      "Plan Rows": 575015,
                      "Plan Width": 4,
                      "Actual Startup Time": 0.025,
                      "Actual Total Time": 40.453,
                      "Actual Rows": 460012,
                      "Actual Loops": 3
                    },
                    {
                      "Node Type": "Hash",
                      "Parent Relationship": "Inner",
                      "Parallel Aware": true,
                      "Startup Cost": 45479.1,
                      "Total Cost": 45479.1,
                      "Plan Rows": 151844,
                      "Plan Width": 4,
                      "Actual Startup Time": 191.09,
                      "Actual Total Time": 191.091,
                      "Actual Rows": 170376,
                      "Actual Loops": 3,
                      "Hash Buckets": 1048576,
                      "Original Hash Buckets": 1048576,
                      "Hash Batches": 1,
                      "Original Hash Batches": 1,
                      "Peak Memory Usage": 28224,
                      "Plans": [
                        {
                          "Node Type": "Seq Scan",
                          "Parent Relationship": "Outer",
                          "Parallel Aware": true,
                          "Relation Name": "title",
                          "Alias": "t",
                          "Startup Cost": 0.0,
                          "Total Cost": 45479.1,
                          "Plan Rows": 151844,
                          "Plan Width": 4,
                          "Actual Startup Time": 52.331,
                          "Actual Total Time": 132.723,
                          "Actual Rows": 170376,
                          "Actual Loops": 3,
                          "Filter": "((production_year > 1941) AND (kind_id = 1))",
                          "Rows Removed by Filter": 672394
                        }
                      ]
                    }
                  ]
                }
              ]
            }
          ]
        }
      ]
    },
    "Planning Time": 0.725,
    "Triggers": [],
    "Execution Time": 352.475
  }
]