[
  {
    "Plan": {
      "Node Type": "Aggregate",
      "Strategy": "Plain",
      "Partial Mode": "Finalize",
      "Parallel Aware": false,
      "Startup Cost": 80267.96,
      "Total Cost": 80267.97,
      "Plan Rows": 1,
      "Plan Width": 8,
      "Actual Startup Time": 514.869,
      "Actual Total Time": 530.561,
      "Actual Rows": 1,
      "Actual Loops": 1,
      "Plans": [
        {
          "Node Type": "Gather",
          "Parent Relationship": "Outer",
          "Parallel Aware": false,
          "Startup Cost": 80267.65,
          "Total Cost": 80267.96,
          "Plan Rows": 3,
          "Plan Width": 8,
          "Actual Startup Time": 506.233,
          "Actual Total Time": 530.545,
          "Actual Rows": 4,
          "Actual Loops": 1,
          "Workers Planned": 3,
          "Workers Launched": 3,
          "Single Copy": false,
          "Plans": [
            {
              "Node Type": "Aggregate",
              "Strategy": "Plain",
              "Partial Mode": "Partial",
              "Parent Relationship": "Outer",
              "Parallel Aware": false,
              "Startup Cost": 79267.65,
              "Total Cost": 79267.66,
              "Plan Rows": 1,
              "Plan Width": 8,
              "Actual Startup Time": 485.942,
              "Actual Total Time": 485.947,
              "Actual Rows": 1,
              "Actual Loops": 4,
              "Plans": [
                {
                  "Node Type": "Hash Join",
                  "Parent Relationship": "Outer",
                  "Parallel Aware": true,
                  "Join Type": "Inner",
                  "Startup Cost": 53843.39,
                  "Total Cost": 79130.02,
                  "Plan Rows": 55050,
                  "Plan Width": 0,
                  "Actual Startup Time": 425.059,
                  "Actual Total Time": 483.102,
                  "Actual Rows": 42016,
                  "Actual Loops": 4,
                  "Inner Unique": true,
                  "Hash Cond": "(mk.movie_id = t.id)",
                  "Plans": [
                    {
                      "Node Type": "Bitmap Heap Scan",
                      "Parent Relationship": "Outer",
                      "Parallel Aware": true,
                      "Relation Name": "movie_keyword",
                      "Alias": "mk",
                      "Startup Cost": 3623.01,
                      "Total Cost": 28765.13,
                      "Plan Rows": 55050,
                      "Plan Width": 4,
                      "Actual Startup Time": 12.652,
                      "Actual Total Time": 52.091,
                      "Actual Rows": 42016,
                      "Actual Loops": 4,
                      "Recheck Cond": "(keyword_id > 72217)",
                      "Rows Removed by Index Recheck": 0,
                      "Exact Heap Blocks": 8569,
                      "Lossy Heap Blocks": 0,
                      "Plans": [
                        {
                          "Node Type": "Bitmap Index Scan",
                          "Parent Relationship": "Outer",
                          "Parallel Aware": false,
                          "Index Name": "keyword_id_movie_keyword",
                          "Startup Cost": 0.0,
                          "Total Cost": 3580.34,
                          "Plan Rows": 170655,
                          "Plan Width": 0,
                          "Actual Startup Time": 9.513,
                          "Actual Total Time": 9.514,
                          "Actual Rows": 168063,
                          "Actual Loops": 1,
                          "Index Cond": "(keyword_id > 72217)"
                        }
                      ]
                    },
                    {
                      "Node Type": "Hash",
                      "Parent Relationship": "Inner",
                      "Parallel Aware": true,
                      "Startup Cost": 42319.06,
                      "Total Cost": 42319.06,
                      "Plan Rows": 632106,
                      "Plan Width": 4,
                      "Actual Startup Time": 401.776,
                      "Actual Total Time": 401.777,
                      "Actual Rows": 632078,
                      "Actual Loops": 4,
                      "Hash Buckets": 4194304,
                      "Original Hash Buckets": 4194304,
                      "Hash Batches": 1,
                      "Original Hash Batches": 1,
                      "Peak Memory Usage": 131744,
                      "Plans": [
                        {
                          "Node Type": "Seq Scan",
                          "Parent Relationship": "Outer",
                          "Parallel Aware": true,
                          "Relation Name": "title",
                          "Alias": "t",
                          "Startup Cost": 0.0,
                          "Total Cost": 42319.06,
                          "Plan Rows": 632106,
                          "Plan Width": 4,
                          "Actual Startup Time": 0.028,
                          "Actual Total Time": 121.191,
                          "Actual Rows": 632078,
                          "Actual Loops": 4
                        }
                      ]
                    }
                  ]
                }
              ]
            }
          ]
        }
      ]
    },
    "Planning Time": 0.374,
    "Triggers": [],
    "Execution Time": 530.624
  }
]