{
  "Plan": {
    "Node Type": "Aggregate",
    "Strategy": "Plain",
    "Partial Mode": "Finalize",
    "Parallel Aware": false,
    "Startup Cost": 650143.07,
    "Total Cost": 650143.08,
    "Plan Rows": 1,
    "Plan Width": 8,
    "Actual Startup Time": 2274.091,
    "Actual Total Time": 2344.158,
    "Actual Rows": 1,
    "Actual Loops": 1,
    "Plans": [
      {
        "Node Type": "Gather",
        "Parent Relationship": "Outer",
        "Parallel Aware": false,
        "Startup Cost": 650142.96,
        "Total Cost": 650143.07,
        "Plan Rows": 1,
        "Plan Width": 8,
        "Actual Startup Time": 2273.136,
        "Actual Total Time": 2344.15,
        "Actual Rows": 2,
        "Actual Loops": 1,
        "Workers Planned": 1,
        "Workers Launched": 1,
        "Single Copy": false,
        "Plans": [
          {
            "Node Type": "Aggregate",
            "Strategy": "Plain",
            "Partial Mode": "Partial",
            "Parent Relationship": "Outer",
            "Parallel Aware": false,
            "Startup Cost": 649142.96,
            "Total Cost": 649142.97,
            "Plan Rows": 1,
            "Plan Width": 8,
            "Actual Startup Time": 2267.171,
            "Actual Total Time": 2267.177,
            "Actual Rows": 1,
            "Actual Loops": 2,
            "Plans": [
              {
                "Node Type": "Hash Join",
                "Parent Relationship": "Outer",
                "Parallel Aware": true,
                "Join Type": "Inner",
                "Startup Cost": 604574.71,
                "Total Cost": 648584.8,
                "Plan Rows": 223262,
                "Plan Width": 0,
                "Actual Startup Time": 2097.499,
                "Actual Total Time": 2265.632,
                "Actual Rows": 38034,
                "Actual Loops": 2,
                "Inner Unique": false,
                "Hash Cond": "(mc.movie_id = t.id)",
                "Plans": [
                  {
                    "Node Type": "Seq Scan",
                    "Parent Relationship": "Outer",
                    "Parallel Aware": true,
                    "Relation Name": "movie_companies",
                    "Alias": "mc",
                    "Startup Cost": 0.0,
                    "Total Cost": 37974.77,
                    "Plan Rows": 755522,
                    "Plan Width": 4,
                    "Actual Startup Time": 0.013,
                    "Actual Total Time": 106.634,
                    "Actual Rows": 637123,
                    "Actual Loops": 2,
                    "Filter": "(company_type_id = 1)",
                    "Rows Removed by Filter": 667442
                  },
                  {
                    "Node Type": "Hash",
                    "Parent Relationship": "Inner",
                    "Parallel Aware": true,
                    "Startup Cost": 599081.11,
                    "Total Cost": 599081.11,
                    "Plan Rows": 439488,
                    "Plan Width": 8,
                    "Actual Startup Time": 2087.536,
                    "Actual Total Time": 2087.54,
                    "Actual Rows": 50812,
                    "Actual Loops": 2,
                    "Hash Buckets": 1048576,
                    "Original Hash Buckets": 1048576,
                    "Hash Batches": 1,
                    "Original Hash Batches": 1,
                    "Peak Memory Usage": 12192,
                    "Plans": [
                      {
                        "Node Type": "Hash Join",
                        "Parent Relationship": "Outer",
                        "Parallel Aware": true,
                        "Join Type": "Inner",
                        "Startup Cost": 59344.18,
                        "Total Cost": 599081.11,
                        "Plan Rows": 439488,
                        "Plan Width": 8,
                        "Actual Startup Time": 686.327,
                        "Actual Total Time": 2065.184,
                        "Actual Rows": 50812,
                        "Actual Loops": 2,
                        "Inner Unique": true,
                        "Hash Cond": "(ci.movie_id = t.id)",
                        "Plans": [
                          {
                            "Node Type": "Seq Scan",
                            "Parent Relationship": "Outer",
                            "Parallel Aware": true,
                            "Relation Name": "cast_info",
                            "Alias": "ci",
                            "Startup Cost": 0.0,
                            "Total Cost": 519069.44,
                            "Plan Rows": 7873315,
                            "Plan Width": 4,
                            "Actual Startup Time": 537.632,
                            "Actual Total Time": 1322.006,
                            "Actual Rows": 6676389,
                            "Actual Loops": 2,
                            "Filter": "(person_id > 2337435)",
                            "Rows Removed by Filter": 11445783
                          },
                          {
                            "Node Type": "Hash",
                            "Parent Relationship": "Inner",
                            "Parallel Aware": true,
                            "Startup Cost": 58306.47,
                            "Total Cost": 58306.47,
                            "Plan Rows": 83017,
                            "Plan Width": 4,
                            "Actual Startup Time": 146.088,
                            "Actual Total Time": 146.089,
                            "Actual Rows": 23214,
                            "Actual Loops": 2,
                            "Hash Buckets": 262144,
                            "Original Hash Buckets": 262144,
                            "Hash Batches": 1,
                            "Original Hash Batches": 1,
                            "Peak Memory Usage": 3904,
                            "Plans": [
                              {
                                "Node Type": "Seq Scan",
                                "Parent Relationship": "Outer",
                                "Parallel Aware": true,
                                "Relation Name": "title",
                                "Alias": "t",
                                "Startup Cost": 0.0,
                                "Total Cost": 58306.47,
                                "Plan Rows": 83017,
                                "Plan Width": 4,
                                "Actual Startup Time": 0.067,
                                "Actual Total Time": 136.62,
                                "Actual Rows": 23214,
                                "Actual Loops": 2,
                                "Filter": "((kind_id > 4) AND (production_year < 1960))",
                                "Rows Removed by Filter": 1240942
                              }
                            ]
                          }
                        ]
                      }
                    ]
                  }
                ]
              }
            ]
          }
        ]
      }
    ]
  },
  "Planning Time": 0.971,
  "Triggers": [],
  "Execution Time": 2344.255
}