[
  {
    "Plan": {
      "Node Type": "Aggregate",
      "Strategy": "Plain",
      "Partial Mode": "Finalize",
      "Parallel Aware": false,
      "Startup Cost": 49582.29,
      "Total Cost": 49582.3,
      "Plan Rows": 1,
      "Plan Width": 8,
      "Actual Startup Time": 96.943,
      "Actual Total Time": 110.74,
      "Actual Rows": 1,
      "Actual Loops": 1,
      "Plans": [
        {
          "Node Type": "Gather",
          "Parent Relationship": "Outer",
          "Parallel Aware": false,
          "Startup Cost": 49581.87,
          "Total Cost": 49582.28,
          "Plan Rows": 4,
          "Plan Width": 8,
          "Actual Startup Time": 96.797,
          "Actual Total Time": 110.733,
          "Actual Rows": 5,
          "Actual Loops": 1,
          "Workers Planned": 4,
          "Workers Launched": 4,
          "Single Copy": false,
          "Plans": [
            {
              "Node Type": "Aggregate",
              "Strategy": "Plain",
              "Partial Mode": "Partial",
              "Parent Relationship": "Outer",
              "Parallel Aware": false,
              "Startup Cost": 48581.87,
              "Total Cost": 48581.88,
              "Plan Rows": 1,
              "Plan Width": 8,
              "Actual Startup Time": 87.389,
              "Actual Total Time": 87.391,
              "Actual Rows": 1,
              "Actual Loops": 5,
              "Plans": [
                {
                  "Node Type": "Nested Loop",
                  "Parent Relationship": "Outer",
                  "Parallel Aware": false,
                  "Join Type": "Inner",
                  "Startup Cost": 0.43,
                  "Total Cost": 48581.69,
                  "Plan Rows": 72,
                  "Plan Width": 0,
                  "Actual Startup Time": 57.656,
                  "Actual Total Time": 87.355,
                  "Actual Rows": 214,
                  "Actual Loops": 5,
                  "Inner Unique": false,
                  "Plans": [
                    {
                      "Node Type": "Seq Scan",
                      "Parent Relationship": "Outer",
                      "Parallel Aware": true,
                      "Relation Name": "title",
                      "Alias": "t",
                      "Startup Cost": 0.0,
                      "Total Cost": 45479.1,
                      "Plan Rows": 404,
                      "Plan Width": 4,
                      "Actual Startup Time": 57.531,
                      "Actual Total Time": 82.642,
                      "Actual Rows": 531,
                      "Actual Loops": 5,
                      "Filter": "((kind_id = 1) AND (production_year = 1952))",
                      "Rows Removed by Filter": 505131
                    },
                    {
                      "Node Type": "Index Scan",
                      "Parent Relationship": "Inner",
                      "Parallel Aware": false,
                      "Scan Direction": "Forward",
                      "Index Name": "movie_id_movie_info_idx",
                      "Relation Name": "movie_info_idx",
                      "Alias": "mi_idx",
                      "Startup Cost": 0.43,
                      "Total Cost": 7.67,
                      "Plan Rows": 1,
                      "Plan Width": 4,
                      "Actual Startup Time": 0.008,
                      "Actual Total Time": 0.008,
                      "Actual Rows": 0,
                      "Actual Loops": 2657,
                      "Index Cond": "(movie_id = t.id)",
                      "Rows Removed by Index Recheck": 0,
                      "Filter": "(info_type_id = 99)",
                      "Rows Removed by Filter": 1
                    }
                  ]
                }
              ]
            }
          ]
        }
      ]
    },
    "Planning Time": 0.615,
    "Triggers": [],
    "Execution Time": 110.821
  }
]