{
  "Plan": {
    "Node Type": "Aggregate",
    "Strategy": "Plain",
    "Partial Mode": "Simple",
    "Parallel Aware": false,
    "Startup Cost": 10248.62,
    "Total Cost": 10248.63,
    "Plan Rows": 1,
    "Plan Width": 128,
    "Actual Startup Time": 93.053,
    "Actual Total Time": 102.469,
    "Actual Rows": 1,
    "Actual Loops": 1,
    "Plans": [
      {
        "Node Type": "Gather",
        "Parent Relationship": "Outer",
        "Parallel Aware": false,
        "Startup Cost": 1003.86,
        "Total Cost": 10248.61,
        "Plan Rows": 1,
        "Plan Width": 81,
        "Actual Startup Time": 48.032,
        "Actual Total Time": 102.448,
        "Actual Rows": 24,
        "Actual Loops": 1,
        "Workers Planned": 1,
        "Workers Launched": 1,
        "Single Copy": false,
        "Plans": [
          {
            "Node Type": "Nested Loop",
            "Parent Relationship": "Outer",
            "Parallel Aware": false,
            "Join Type": "Inner",
            "Startup Cost": 3.86,
            "Total Cost": 9248.51,
            "Plan Rows": 1,
            "Plan Width": 81,
            "Actual Startup Time": 40.146,
            "Actual Total Time": 84.703,
            "Actual Rows": 12,
            "Actual Loops": 2,
            "Inner Unique": true,
            "Plans": [
              {
                "Node Type": "Nested Loop",
                "Parent Relationship": "Outer",
                "Parallel Aware": false,
                "Join Type": "Inner",
                "Startup Cost": 3.71,
                "Total Cost": 9248.32,
                "Plan Rows": 1,
                "Plan Width": 85,
                "Actual Startup Time": 40.129,
                "Actual Total Time": 84.654,
                "Actual Rows": 36,
                "Actual Loops": 2,
                "Inner Unique": true,
                "Plans": [
                  {
                    "Node Type": "Nested Loop",
                    "Parent Relationship": "Outer",
                    "Parallel Aware": false,
                    "Join Type": "Inner",
                    "Startup Cost": 3.57,
                    "Total Cost": 9248.14,
                    "Plan Rows": 1,
                    "Plan Width": 89,
                    "Actual Startup Time": 40.113,
                    "Actual Total Time": 84.591,
                    "Actual Rows": 36,
                    "Actual Loops": 2,
                    "Inner Unique": true,
                    "Plans": [
                      {
                        "Node Type": "Nested Loop",
                        "Parent Relationship": "Outer",
                        "Parallel Aware": false,
                        "Join Type": "Inner",
                        "Startup Cost": 3.15,
                        "Total Cost": 9247.69,
                        "Plan Rows": 1,
                        "Plan Width": 93,
                        "Actual Startup Time": 39.096,
                        "Actual Total Time": 80.628,
                        "Actual Rows": 1683,
                        "Actual Loops": 2,
                        "Inner Unique": false,
                        "Join Filter": "(t.id = mi_idx.movie_id)",
                        "Rows Removed by Join Filter": 0,
                        "Plans": [
                          {
                            "Node Type": "Nested Loop",
                            "Parent Relationship": "Outer",
                            "Parallel Aware": false,
                            "Join Type": "Inner",
                            "Startup Cost": 2.72,
                            "Total Cost": 9247.16,
                            "Plan Rows": 1,
                            "Plan Width": 103,
                            "Actual Startup Time": 39.051,
                            "Actual Total Time": 79.025,
                            "Actual Rows": 561,
                            "Actual Loops": 2,
                            "Inner Unique": true,
                            "Plans": [
                              {
                                "Node Type": "Nested Loop",
                                "Parent Relationship": "Outer",
                                "Parallel Aware": false,
                                "Join Type": "Inner",
                                "Startup Cost": 2.29,
                                "Total Cost": 9246.47,
                                "Plan Rows": 1,
                                "Plan Width": 92,
                                "Actual Startup Time": 38.986,
                                "Actual Total Time": 77.691,
                                "Actual Rows": 561,
                                "Actual Loops": 2,
                                "Inner Unique": false,
                                "Join Filter": "(t.id = ci.movie_id)",
                                "Rows Removed by Join Filter": 0,
                                "Plans": [
                                  {
                                    "Node Type": "Nested Loop",
                                    "Parent Relationship": "Outer",
                                    "Parallel Aware": false,
                                    "Join Type": "Inner",
                                    "Startup Cost": 1.73,
                                    "Total Cost": 9244.75,
                                    "Plan Rows": 1,
                                    "Plan Width": 84,
                                    "Actual Startup Time": 38.329,
                                    "Actual Total Time": 56.959,
                                    "Actual Rows": 280,
                                    "Actual Loops": 2,
                                    "Inner Unique": false,
                                    "Join Filter": "(t.id = mk.movie_id)",
                                    "Rows Removed by Join Filter": 0,
                                    "Plans": [
                                      {
                                        "Node Type": "Nested Loop",
                                        "Parent Relationship": "Outer",
                                        "Parallel Aware": false,
                                        "Join Type": "Inner",
                                        "Startup Cost": 1.29,
                                        "Total Cost": 9241.07,
                                        "Plan Rows": 1,
                                        "Plan Width": 76,
                                        "Actual Startup Time": 38.274,
                                        "Actual Total Time": 56.774,
                                        "Actual Rows": 2,
                                        "Actual Loops": 2,
                                        "Inner Unique": false,
                                        "Join Filter": "(t.id = mi.movie_id)",
                                        "Rows Removed by Join Filter": 0,
                                        "Plans": [
                                          {
                                            "Node Type": "Nested Loop",
                                            "Parent Relationship": "Outer",
                                            "Parallel Aware": false,
                                            "Join Type": "Inner",
                                            "Startup Cost": 0.86,
                                            "Total Cost": 9215.23,
                                            "Plan Rows": 1,
                                            "Plan Width": 25,
                                            "Actual Startup Time": 37.81,
                                            "Actual Total Time": 56.262,
                                            "Actual Rows": 2,
                                            "Actual Loops": 2,
                                            "Inner Unique": true,
                                            "Plans": [
                                              {
                                                "Node Type": "Nested Loop",
                                                "Parent Relationship": "Outer",
                                                "Parallel Aware": false,
                                                "Join Type": "Inner",
                                                "Startup Cost": 0.43,
                                                "Total Cost": 9206.23,
                                                "Plan Rows": 2,
                                                "Plan Width": 4,
                                                "Actual Startup Time": 7.746,
                                                "Actual Total Time": 47.625,
                                                "Actual Rows": 1166,
                                                "Actual Loops": 2,
                                                "Inner Unique": false,
                                                "Plans": [
                                                  {
                                                    "Node Type": "Seq Scan",
                                                    "Parent Relationship": "Outer",
                                                    "Parallel Aware": true,
                                                    "Relation Name": "company_name",
                                                    "Alias": "cn",
                                                    "Startup Cost": 0.0,
                                                    "Total Cost": 4722.92,
                                                    "Plan Rows": 14,
                                                    "Plan Width": 4,
                                                    "Actual Startup Time": 0.172,
                                                    "Actual Total Time": 14.718,
                                                    "Actual Rows": 124,
                                                    "Actual Loops": 2,
                                                    "Filter": "(name ~~ 'Warner%'::text)",
                                                    "Rows Removed by Filter": 117374
                                                  },
                                                  {
                                                    "Node Type": "Index Scan",
                                                    "Parent Relationship": "Inner",
                                                    "Parallel Aware": false,
                                                    "Scan Direction": "Forward",
                                                    "Index Name": "company_id_movie_companies",
                                                    "Relation Name": "movie_companies",
                                                    "Alias": "mc",
                                                    "Startup Cost": 0.43,
                                                    "Total Cost": 320.22,
                                                    "Plan Rows": 2,
                                                    "Plan Width": 8,
                                                    "Actual Startup Time": 0.176,
                                                    "Actual Total Time": 0.262,
                                                    "Actual Rows": 9,
                                                    "Actual Loops": 249,
                                                    "Index Cond": "(company_id = cn.id)",
                                                    "Rows Removed by Index Recheck": 0,
                                                    "Filter": "(note ~~ '%(Germany)%'::text)",
                                                    "Rows Removed by Filter": 193
                                                  }
                                                ]
                                              },
                                              {
                                                "Node Type": "Index Scan",
                                                "Parent Relationship": "Inner",
                                                "Parallel Aware": false,
                                                "Scan Direction": "Forward",
                                                "Index Name": "title_pkey",
                                                "Relation Name": "title",
                                                "Alias": "t",
                                                "Startup Cost": 0.43,
                                                "Total Cost": 4.49,
                                                "Plan Rows": 1,
                                                "Plan Width": 21,
                                                "Actual Startup Time": 0.007,
                                                "Actual Total Time": 0.007,
                                                "Actual Rows": 0,
                                                "Actual Loops": 2333,
                                                "Index Cond": "(id = mc.movie_id)",
                                                "Rows Removed by Index Recheck": 0,
                                                "Filter": "((production_year > 2001) AND ((title ~~ '%Freddy%'::text) OR (title ~~ '%Jason%'::text) OR (title ~~ 'Saw%'::text)))",
                                                "Rows Removed by Filter": 1
                                              }
                                            ]
                                          },
                                          {
                                            "Node Type": "Index Scan",
                                            "Parent Relationship": "Inner",
                                            "Parallel Aware": false,
                                            "Scan Direction": "Forward",
                                            "Index Name": "movie_id_movie_info",
                                            "Relation Name": "movie_info",
                                            "Alias": "mi",
                                            "Startup Cost": 0.43,
                                            "Total Cost": 25.83,
                                            "Plan Rows": 1,
                                            "Plan Width": 51,
                                            "Actual Startup Time": 0.336,
                                            "Actual Total Time": 0.338,
                                            "Actual Rows": 1,
                                            "Actual Loops": 3,
                                            "Index Cond": "(movie_id = mc.movie_id)",
                                            "Rows Removed by Index Recheck": 0,
                                            "Filter": "(info = ANY ('{Action,Action}'::text[]))",
                                            "Rows Removed by Filter": 456
                                          }
                                        ]
                                      },
                                      {
                                        "Node Type": "Index Scan",
                                        "Parent Relationship": "Inner",
                                        "Parallel Aware": false,
                                        "Scan Direction": "Forward",
                                        "Index Name": "movie_id_movie_keyword",
                                        "Relation Name": "movie_keyword",
                                        "Alias": "mk",
                                        "Startup Cost": 0.43,
                                        "Total Cost": 3.1,
                                        "Plan Rows": 46,
                                        "Plan Width": 8,
                                        "Actual Startup Time": 0.036,
                                        "Actual Total Time": 0.083,
                                        "Actual Rows": 187,
                                        "Actual Loops": 3,
                                        "Index Cond": "(movie_id = mi.movie_id)",
                                        "Rows Removed by Index Recheck": 0
                                      }
                                    ]
                                  },
                                  {
                                    "Node Type": "Index Scan",
                                    "Parent Relationship": "Inner",
                                    "Parallel Aware": false,
                                    "Scan Direction": "Forward",
                                    "Index Name": "movie_id_cast_info",
                                    "Relation Name": "cast_info",
                                    "Alias": "ci",
                                    "Startup Cost": 0.56,
                                    "Total Cost": 1.71,
                                    "Plan Rows": 1,
                                    "Plan Width": 8,
                                    "Actual Startup Time": 0.031,
                                    "Actual Total Time": 0.073,
                                    "Actual Rows": 2,
                                    "Actual Loops": 561,
                                    "Index Cond": "(movie_id = mk.movie_id)",
                                    "Rows Removed by Index Recheck": 0,
                                    "Filter": "(note = ANY ('{(writer),\"(head writer)\",\"(written by)\",(story),\"(story editor)\"}'::text[]))",
                                    "Rows Removed by Filter": 130
                                  }
                                ]
                              },
                              {
                                "Node Type": "Index Scan",
                                "Parent Relationship": "Inner",
                                "Parallel Aware": false,
                                "Scan Direction": "Forward",
                                "Index Name": "name_pkey",
                                "Relation Name": "name",
                                "Alias": "n",
                                "Startup Cost": 0.43,
                                "Total Cost": 0.69,
                                "Plan Rows": 1,
                                "Plan Width": 19,
                                "Actual Startup Time": 0.002,
                                "Actual Total Time": 0.002,
                                "Actual Rows": 1,
                                "Actual Loops": 1122,
                                "Index Cond": "(id = ci.person_id)",
                                "Rows Removed by Index Recheck": 0,
                                "Filter": "((gender)::text = 'm'::text)",
                                "Rows Removed by Filter": 0
                              }
                            ]
                          },
                          {
                            "Node Type": "Index Scan",
                            "Parent Relationship": "Inner",
                            "Parallel Aware": false,
                            "Scan Direction": "Forward",
                            "Index Name": "movie_id_movie_info_idx",
                            "Relation Name": "movie_info_idx",
                            "Alias": "mi_idx",
                            "Startup Cost": 0.43,
                            "Total Cost": 0.49,
                            "Plan Rows": 3,
                            "Plan Width": 14,
                            "Actual Startup Time": 0.002,
                            "Actual Total Time": 0.002,
                            "Actual Rows": 3,
                            "Actual Loops": 1122,
                            "Index Cond": "(movie_id = mk.movie_id)",
                            "Rows Removed by Index Recheck": 0
                          }
                        ]
                      },
                      {
                        "Node Type": "Index Scan",
                        "Parent Relationship": "Inner",
                        "Parallel Aware": false,
                        "Scan Direction": "Forward",
                        "Index Name": "keyword_pkey",
                        "Relation Name": "keyword",
                        "Alias": "k",
                        "Startup Cost": 0.42,
                        "Total Cost": 0.45,
                        "Plan Rows": 1,
                        "Plan Width": 4,
                        "Actual Startup Time": 0.002,
                        "Actual Total Time": 0.002,
                        "Actual Rows": 0,
                        "Actual Loops": 3366,
                        "Index Cond": "(id = mk.keyword_id)",
                        "Rows Removed by Index Recheck": 0,
                        "Filter": "(keyword = ANY ('{murder,violence,blood,gore,death,female-nudity,hospital}'::text[]))",
                        "Rows Removed by Filter": 1
                      }
                    ]
                  },
                  {
                    "Node Type": "Index Scan",
                    "Parent Relationship": "Inner",
                    "Parallel Aware": false,
                    "Scan Direction": "Forward",
                    "Index Name": "info_type_pkey",
                    "Relation Name": "info_type",
                    "Alias": "it1",
                    "Startup Cost": 0.14,
                    "Total Cost": 0.16,
                    "Plan Rows": 1,
                    "Plan Width": 4,
                    "Actual Startup Time": 0.001,
                    "Actual Total Time": 0.001,
                    "Actual Rows": 1,
                    "Actual Loops": 72,
                    "Index Cond": "(id = mi.info_type_id)",
                    "Rows Removed by Index Recheck": 0,
                    "Filter": "((info)::text = 'genres'::text)",
                    "Rows Removed by Filter": 0
                  }
                ]
              },
              {
                "Node Type": "Index Scan",
                "Parent Relationship": "Inner",
                "Parallel Aware": false,
                "Scan Direction": "Forward",
                "Index Name": "info_type_pkey",
                "Relation Name": "info_type",
                "Alias": "it2",
                "Startup Cost": 0.14,
                "Total Cost": 0.16,
                "Plan Rows": 1,
                "Plan Width": 4,
                "Actual Startup Time": 0.001,
                "Actual Total Time": 0.001,
                "Actual Rows": 0,
                "Actual Loops": 72,
                "Index Cond": "(id = mi_idx.info_type_id)",
                "Rows Removed by Index Recheck": 0,
                "Filter": "((info)::text = 'votes'::text)",
                "Rows Removed by Filter": 1
              }
            ]
          }
        ]
      }
    ]
  },
  "Planning Time": 4.194,
  "Triggers": [],
  "Execution Time": 102.655
}