[
  {
    "Plan": {
      "Node Type": "Aggregate",
      "Strategy": "Plain",
      "Partial Mode": "Finalize",
      "Parallel Aware": false,
      "Startup Cost": 44309.78,
      "Total Cost": 44309.79,
      "Plan Rows": 1,
      "Plan Width": 8,
      "Actual Startup Time": 99.635,
      "Actual Total Time": 106.897,
      "Actual Rows": 1,
      "Actual Loops": 1,
      "Plans": [
        {
          "Node Type": "Gather",
          "Parent Relationship": "Outer",
          "Parallel Aware": false,
          "Startup Cost": 44309.47,
          "Total Cost": 44309.78,
          "Plan Rows": 3,
          "Plan Width": 8,
          "Actual Startup Time": 99.563,
          "Actual Total Time": 106.891,
          "Actual Rows": 4,
          "Actual Loops": 1,
          "Workers Planned": 3,
          "Workers Launched": 3,
          "Single Copy": false,
          "Plans": [
            {
              "Node Type": "Aggregate",
              "Strategy": "Plain",
              "Partial Mode": "Partial",
              "Parent Relationship": "Outer",
              "Parallel Aware": false,
              "Startup Cost": 43309.47,
              "Total Cost": 43309.48,
              "Plan Rows": 1,
              "Plan Width": 8,
              "Actual Startup Time": 96.252,
              "Actual Total Time": 96.253,
              "Actual Rows": 1,
              "Actual Loops": 4,
              "Plans": [
                {
                  "Node Type": "Seq Scan",
                  "Parent Relationship": "Outer",
                  "Parallel Aware": true,
                  "Relation Name": "movie_keyword",
                  "Alias": "mk",
                  "Startup Cost": 0.0,
                  "Total Cost": 42695.65,
                  "Plan Rows": 245525,
                  "Plan Width": 0,
                  "Actual Startup Time": 2.961,
                  "Actual Total Time": 87.286,
                  "Actual Rows": 186386,
                  "Actual Loops": 4,
                  "Filter": "(keyword_id > 25141)",
                  "Rows Removed by Filter": 944596
                }
              ]
            }
          ]
        }
      ]
    },
    "Planning Time": 0.068,
    "Triggers": [],
    "Execution Time": 106.923
  }
]