{
  "Plan": {
    "Node Type": "Aggregate",
    "Strategy": "Plain",
    "Partial Mode": "Finalize",
    "Parallel Aware": false,
    "Startup Cost": 114162.66,
    "Total Cost": 114162.67,
    "Plan Rows": 1,
    "Plan Width": 8,
    "Actual Startup Time": 885.955,
    "Actual Total Time": 901.672,
    "Actual Rows": 1,
    "Actual Loops": 1,
    "Plans": [
      {
        "Node Type": "Gather",
        "Parent Relationship": "Outer",
        "Parallel Aware": false,
        "Startup Cost": 114162.55,
        "Total Cost": 114162.66,
        "Plan Rows": 1,
        "Plan Width": 8,
        "Actual Startup Time": 881.964,
        "Actual Total Time": 901.658,
        "Actual Rows": 2,
        "Actual Loops": 1,
        "Workers Planned": 1,
        "Workers Launched": 1,
        "Single Copy": false,
        "Plans": [
          {
            "Node Type": "Aggregate",
            "Strategy": "Plain",
            "Partial Mode": "Partial",
            "Parent Relationship": "Outer",
            "Parallel Aware": false,
            "Startup Cost": 113162.55,
            "Total Cost": 113162.56,
            "Plan Rows": 1,
            "Plan Width": 8,
            "Actual Startup Time": 876.695,
            "Actual Total Time": 877.285,
            "Actual Rows": 1,
            "Actual Loops": 2,
            "Plans": [
              {
                "Node Type": "Hash Join",
                "Parent Relationship": "Outer",
                "Parallel Aware": true,
                "Join Type": "Inner",
                "Startup Cost": 48507.16,
                "Total Cost": 111823.46,
                "Plan Rows": 535635,
                "Plan Width": 0,
                "Actual Startup Time": 320.746,
                "Actual Total Time": 855.142,
                "Actual Rows": 550438,
                "Actual Loops": 2,
                "Inner Unique": false,
                "Hash Cond": "(t.id = mc.movie_id)",
                "Plans": [
                  {
                    "Node Type": "Seq Scan",
                    "Parent Relationship": "Outer",
                    "Parallel Aware": true,
                    "Relation Name": "title",
                    "Alias": "t",
                    "Startup Cost": 0.0,
                    "Total Cost": 50870.31,
                    "Plan Rows": 1487231,
                    "Plan Width": 4,
                    "Actual Startup Time": 0.01,
                    "Actual Total Time": 124.718,
                    "Actual Rows": 1264156,
                    "Actual Loops": 2
                  },
                  {
                    "Node Type": "Hash",
                    "Parent Relationship": "Inner",
                    "Parallel Aware": true,
                    "Startup Cost": 41811.73,
                    "Total Cost": 41811.73,
                    "Plan Rows": 535635,
                    "Plan Width": 4,
                    "Actual Startup Time": 311.561,
                    "Actual Total Time": 311.562,
                    "Actual Rows": 550438,
                    "Actual Loops": 2,
                    "Hash Buckets": 2097152,
                    "Original Hash Buckets": 1048576,
                    "Hash Batches": 1,
                    "Original Hash Batches": 1,
                    "Peak Memory Usage": 67680,
                    "Plans": [
                      {
                        "Node Type": "Seq Scan",
                        "Parent Relationship": "Outer",
                        "Parallel Aware": true,
                        "Relation Name": "movie_companies",
                        "Alias": "mc",
                        "Startup Cost": 0.0,
                        "Total Cost": 41811.73,
                        "Plan Rows": 535635,
                        "Plan Width": 4,
                        "Actual Startup Time": 68.072,
                        "Actual Total Time": 143.69,
                        "Actual Rows": 550438,
                        "Actual Loops": 2,
                        "Filter": "((company_id > 1844) AND (company_type_id > 1))",
                        "Rows Removed by Filter": 754127
                      }
                    ]
                  }
                ]
              }
            ]
          }
        ]
      }
    ]
  },
  "Planning Time": 0.674,
  "Triggers": [],
  "Execution Time": 901.752
}