[
  {
    "Plan": {
      "Node Type": "Aggregate",
      "Strategy": "Plain",
      "Partial Mode": "Finalize",
      "Parallel Aware": false,
      "Startup Cost": 290911.75,
      "Total Cost": 290911.76,
      "Plan Rows": 1,
      "Plan Width": 8,
      "Actual Startup Time": 1743.08,
      "Actual Total Time": 1791.911,
      "Actual Rows": 1,
      "Actual Loops": 1,
      "Plans": [
        {
          "Node Type": "Gather",
          "Parent Relationship": "Outer",
          "Parallel Aware": false,
          "Startup Cost": 290911.22,
          "Total Cost": 290911.73,
          "Plan Rows": 5,
          "Plan Width": 8,
          "Actual Startup Time": 1729.825,
          "Actual Total Time": 1791.896,
          "Actual Rows": 6,
          "Actual Loops": 1,
          "Workers Planned": 5,
          "Workers Launched": 5,
          "Single Copy": false,
          "Plans": [
            {
              "Node Type": "Aggregate",
              "Strategy": "Plain",
              "Partial Mode": "Partial",
              "Parent Relationship": "Outer",
              "Parallel Aware": false,
              "Startup Cost": 289911.22,
              "Total Cost": 289911.23,
              "Plan Rows": 1,
              "Plan Width": 8,
              "Actual Startup Time": 1721.298,
              "Actual Total Time": 1721.399,
              "Actual Rows": 1,
              "Actual Loops": 6,
              "Plans": [
                {
                  "Node Type": "Hash Join",
                  "Parent Relationship": "Outer",
                  "Parallel Aware": true,
                  "Join Type": "Inner",
                  "Startup Cost": 79293.1,
                  "Total Cost": 288537.66,
                  "Plan Rows": 549425,
                  "Plan Width": 0,
                  "Actual Startup Time": 352.947,
                  "Actual Total Time": 1487.151,
                  "Actual Rows": 4913126,
                  "Actual Loops": 6,
                  "Inner Unique": false,
                  "Hash Cond": "(mi.movie_id = t.id)",
                  "Plans": [
                    {
                      "Node Type": "Seq Scan",
                      "Parent Relationship": "Outer",
                      "Parallel Aware": true,
                      "Relation Name": "movie_info",
                      "Alias": "mi",
                      "Startup Cost": 0.0,
                      "Total Cost": 199108.24,
                      "Plan Rows": 2230394,
                      "Plan Width": 4,
                      "Actual Startup Time": 0.056,
                      "Actual Total Time": 374.478,
                      "Actual Rows": 1868457,
                      "Actual Loops": 6,
                      "Filter": "(info_type_id > 3)",
                      "Rows Removed by Filter": 604163
                    },
                    {
                      "Node Type": "Hash",
                      "Parent Relationship": "Inner",
                      "Parallel Aware": true,
                      "Startup Cost": 76781.65,
                      "Total Cost": 76781.65,
                      "Plan Rows": 200916,
                      "Plan Width": 8,
                      "Actual Startup Time": 348.269,
                      "Actual Total Time": 348.368,
                      "Actual Rows": 154113,
                      "Actual Loops": 6,
                      "Hash Buckets": 1048576,
                      "Original Hash Buckets": 1048576,
                      "Hash Batches": 1,
                      "Original Hash Batches": 1,
                      "Peak Memory Usage": 44480,
                      "Plans": [
                        {
                          "Node Type": "Hash Join",
                          "Parent Relationship": "Outer",
                          "Parallel Aware": true,
                          "Join Type": "Inner",
                          "Startup Cost": 47365.76,
                          "Total Cost": 76781.65,
                          "Plan Rows": 200916,
                          "Plan Width": 8,
                          "Actual Startup Time": 134.114,
                          "Actual Total Time": 287.568,
                          "Actual Rows": 154113,
                          "Actual Loops": 6,
                          "Inner Unique": true,
                          "Hash Cond": "(mc.movie_id = t.id)",
                          "Plans": [
                            {
                              "Node Type": "Seq Scan",
                              "Parent Relationship": "Outer",
                              "Parallel Aware": true,
                              "Relation Name": "movie_companies",
                              "Alias": "mc",
                              "Startup Cost": 0.0,
                              "Total Cost": 27206.55,
                              "Plan Rows": 841655,
                              "Plan Width": 4,
                              "Actual Startup Time": 0.011,
                              "Actual Total Time": 49.82,
                              "Actual Rows": 434855,
                              "Actual Loops": 6
                            },
                            {
                              "Node Type": "Hash",
                              "Parent Relationship": "Inner",
                              "Parallel Aware": true,
                              "Startup Cost": 45479.59,
                              "Total Cost": 45479.59,
                              "Plan Rows": 150894,
                              "Plan Width": 4,
                              "Actual Startup Time": 132.671,
                              "Actual Total Time": 132.673,
                              "Actual Rows": 84568,
                              "Actual Loops": 6,
                              "Hash Buckets": 1048576,
                              "Original Hash Buckets": 1048576,
                              "Hash Batches": 1,
                              "Original Hash Batches": 1,
                              "Peak Memory Usage": 28160,
                              "Plans": [
                                {
                                  "Node Type": "Seq Scan",
                                  "Parent Relationship": "Outer",
                                  "Parallel Aware": true,
                                  "Relation Name": "title",
                                  "Alias": "t",
                                  "Startup Cost": 0.0,
                                  "Total Cost": 45479.59,
                                  "Plan Rows": 150894,
                                  "Plan Width": 4,
                                  "Actual Startup Time": 0.057,
                                  "Actual Total Time": 88.279,
                                  "Actual Rows": 84568,
                                  "Actual Loops": 6,
                                  "Filter": "((kind_id < 7) AND (production_year > 1997))",
                                  "Rows Removed by Filter": 336818
                                }
                              ]
                            }
                          ]
                        }
                      ]
                    }
                  ]
                }
              ]
            }
          ]
        }
      ]
    },
    "Planning Time": 0.782,
    "Triggers": [],
    "Execution Time": 1791.985
  }
]