[
  {
    "Plan": {
      "Node Type": "Aggregate",
      "Strategy": "Plain",
      "Partial Mode": "Finalize",
      "Parallel Aware": false,
      "Startup Cost": 30980.49,
      "Total Cost": 30980.5,
      "Plan Rows": 1,
      "Plan Width": 8,
      "Actual Startup Time": 96.612,
      "Actual Total Time": 104.312,
      "Actual Rows": 1,
      "Actual Loops": 1,
      "Plans": [
        {
          "Node Type": "Gather",
          "Parent Relationship": "Outer",
          "Parallel Aware": false,
          "Startup Cost": 30980.17,
          "Total Cost": 30980.48,
          "Plan Rows": 3,
          "Plan Width": 8,
          "Actual Startup Time": 96.51,
          "Actual Total Time": 104.305,
          "Actual Rows": 4,
          "Actual Loops": 1,
          "Workers Planned": 3,
          "Workers Launched": 3,
          "Single Copy": false,
          "Plans": [
            {
              "Node Type": "Aggregate",
              "Strategy": "Plain",
              "Partial Mode": "Partial",
              "Parent Relationship": "Outer",
              "Parallel Aware": false,
              "Startup Cost": 29980.17,
              "Total Cost": 29980.18,
              "Plan Rows": 1,
              "Plan Width": 8,
              "Actual Startup Time": 88.231,
              "Actual Total Time": 88.232,
              "Actual Rows": 1,
              "Actual Loops": 4,
              "Plans": [
                {
                  "Node Type": "Seq Scan",
                  "Parent Relationship": "Outer",
                  "Parallel Aware": true,
                  "Relation Name": "movie_companies",
                  "Alias": "mc",
                  "Startup Cost": 0.0,
                  "Total Cost": 29310.68,
                  "Plan Rows": 267796,
                  "Plan Width": 0,
                  "Actual Startup Time": 0.046,
                  "Actual Total Time": 74.746,
                  "Actual Rows": 206430,
                  "Actual Loops": 4,
                  "Filter": "(company_id < 2020)",
                  "Rows Removed by Filter": 445852
                }
              ]
            }
          ]
        }
      ]
    },
    "Planning Time": 0.17,
    "Triggers": [],
    "Execution Time": 104.364
  }
]