{
  "Plan": {
    "Node Type": "Aggregate",
    "Strategy": "Plain",
    "Partial Mode": "Simple",
    "Parallel Aware": false,
    "Startup Cost": 8211.67,
    "Total Cost": 8211.68,
    "Plan Rows": 1,
    "Plan Width": 96,
    "Actual Startup Time": 731.595,
    "Actual Total Time": 731.603,
    "Actual Rows": 1,
    "Actual Loops": 1,
    "Plans": [
      {
        "Node Type": "Nested Loop",
        "Parent Relationship": "Outer",
        "Parallel Aware": false,
        "Join Type": "Inner",
        "Startup Cost": 14.47,
        "Total Cost": 8211.66,
        "Plan Rows": 1,
        "Plan Width": 42,
        "Actual Startup Time": 10.177,
        "Actual Total Time": 730.332,
        "Actual Rows": 4765,
        "Actual Loops": 1,
        "Inner Unique": true,
        "Plans": [
          {
            "Node Type": "Hash Join",
            "Parent Relationship": "Outer",
            "Parallel Aware": false,
            "Join Type": "Inner",
            "Startup Cost": 14.05,
            "Total Cost": 8211.11,
            "Plan Rows": 1,
            "Plan Width": 27,
            "Actual Startup Time": 10.161,
            "Actual Total Time": 713.497,
            "Actual Rows": 4917,
            "Actual Loops": 1,
            "Inner Unique": true,
            "Hash Cond": "(mc.company_type_id = ct.id)",
            "Plans": [
              {
                "Node Type": "Nested Loop",
                "Parent Relationship": "Outer",
                "Parallel Aware": false,
                "Join Type": "Inner",
                "Startup Cost": 12.96,
                "Total Cost": 8210.02,
                "Plan Rows": 1,
                "Plan Width": 31,
                "Actual Startup Time": 10.115,
                "Actual Total Time": 711.376,
                "Actual Rows": 4917,
                "Actual Loops": 1,
                "Inner Unique": true,
                "Join Filter": "(t.kind_id = kt.id)",
                "Rows Removed by Join Filter": 451,
                "Plans": [
                  {
                    "Node Type": "Nested Loop",
                    "Parent Relationship": "Outer",
                    "Parallel Aware": false,
                    "Join Type": "Inner",
                    "Startup Cost": 12.96,
                    "Total Cost": 8208.91,
                    "Plan Rows": 1,
                    "Plan Width": 35,
                    "Actual Startup Time": 10.101,
                    "Actual Total Time": 698.666,
                    "Actual Rows": 5077,
                    "Actual Loops": 1,
                    "Inner Unique": true,
                    "Join Filter": "(mi_idx.info_type_id = it2.id)",
                    "Rows Removed by Join Filter": 10837,
                    "Plans": [
                      {
                        "Node Type": "Nested Loop",
                        "Parent Relationship": "Outer",
                        "Parallel Aware": false,
                        "Join Type": "Inner",
                        "Startup Cost": 12.96,
                        "Total Cost": 8206.48,
                        "Plan Rows": 1,
                        "Plan Width": 39,
                        "Actual Startup Time": 9.873,
                        "Actual Total Time": 572.479,
                        "Actual Rows": 15914,
                        "Actual Loops": 1,
                        "Inner Unique": false,
                        "Plans": [
                          {
                            "Node Type": "Nested Loop",
                            "Parent Relationship": "Outer",
                            "Parallel Aware": false,
                            "Join Type": "Inner",
                            "Startup Cost": 12.53,
                            "Total Cost": 8205.91,
                            "Plan Rows": 1,
                            "Plan Width": 51,
                            "Actual Startup Time": 9.851,
                            "Actual Total Time": 552.397,
                            "Actual Rows": 1491,
                            "Actual Loops": 1,
                            "Inner Unique": false,
                            "Join Filter": "(mi.info_type_id = it1.id)",
                            "Rows Removed by Join Filter": 1592,
                            "Plans": [
                              {
                                "Node Type": "Seq Scan",
                                "Parent Relationship": "Outer",
                                "Parallel Aware": false,
                                "Relation Name": "info_type",
                                "Alias": "it1",
                                "Startup Cost": 0.0,
                                "Total Cost": 2.41,
                                "Plan Rows": 1,
                                "Plan Width": 4,
                                "Actual Startup Time": 0.021,
                                "Actual Total Time": 0.027,
                                "Actual Rows": 1,
                                "Actual Loops": 1,
                                "Filter": "((info)::text = 'countries'::text)",
                                "Rows Removed by Filter": 112
                              },
                              {
                                "Node Type": "Nested Loop",
                                "Parent Relationship": "Inner",
                                "Parallel Aware": false,
                                "Join Type": "Inner",
                                "Startup Cost": 12.53,
                                "Total Cost": 8203.12,
                                "Plan Rows": 30,
                                "Plan Width": 55,
                                "Actual Startup Time": 9.824,
                                "Actual Total Time": 551.959,
                                "Actual Rows": 3083,
                                "Actual Loops": 1,
                                "Inner Unique": false,
                                "Join Filter": "(cc.subject_id = cct1.id)",
                                "Rows Removed by Join Filter": 10113,
                                "Plans": [
                                  {
                                    "Node Type": "Seq Scan",
                                    "Parent Relationship": "Outer",
                                    "Parallel Aware": false,
                                    "Relation Name": "comp_cast_type",
                                    "Alias": "cct1",
                                    "Startup Cost": 0.0,
                                    "Total Cost": 1.05,
                                    "Plan Rows": 1,
                                    "Plan Width": 4,
                                    "Actual Startup Time": 0.011,
                                    "Actual Total Time": 0.013,
                                    "Actual Rows": 1,
                                    "Actual Loops": 1,
                                    "Filter": "((kind)::text = 'crew'::text)",
                                    "Rows Removed by Filter": 3
                                  },
                                  {
                                    "Node Type": "Nested Loop",
                                    "Parent Relationship": "Inner",
                                    "Parallel Aware": false,
                                    "Join Type": "Inner",
                                    "Startup Cost": 12.53,
                                    "Total Cost": 8200.59,
                                    "Plan Rows": 118,
                                    "Plan Width": 59,
                                    "Actual Startup Time": 9.237,
                                    "Actual Total Time": 550.776,
                                    "Actual Rows": 13196,
                                    "Actual Loops": 1,
                                    "Inner Unique": false,
                                    "Plans": [
                                      {
                                        "Node Type": "Nested Loop",
                                        "Parent Relationship": "Outer",
                                        "Parallel Aware": false,
                                        "Join Type": "Inner",
                                        "Startup Cost": 12.1,
                                        "Total Cost": 7793.36,
                                        "Plan Rows": 223,
                                        "Plan Width": 51,
                                        "Actual Startup Time": 9.064,
                                        "Actual Total Time": 232.971,
                                        "Actual Rows": 7039,
                                        "Actual Loops": 1,
                                        "Inner Unique": true,
                                        "Plans": [
                                          {
                                            "Node Type": "Nested Loop",
                                            "Parent Relationship": "Outer",
                                            "Parallel Aware": false,
                                            "Join Type": "Inner",
                                            "Startup Cost": 11.67,
                                            "Total Cost": 7593.53,
                                            "Plan Rows": 408,
                                            "Plan Width": 26,
                                            "Actual Startup Time": 9.01,
                                            "Actual Total Time": 173.767,
                                            "Actual Rows": 29665,
                                            "Actual Loops": 1,
                                            "Inner Unique": false,
                                            "Plans": [
                                              {
                                                "Node Type": "Nested Loop",
                                                "Parent Relationship": "Outer",
                                                "Parallel Aware": false,
                                                "Join Type": "Inner",
                                                "Startup Cost": 11.24,
                                                "Total Cost": 7520.38,
                                                "Plan Rows": 138,
                                                "Plan Width": 12,
                                                "Actual Startup Time": 8.99,
                                                "Actual Total Time": 132.743,
                                                "Actual Rows": 10536,
                                                "Actual Loops": 1,
                                                "Inner Unique": true,
                                                "Join Filter": "(cc.status_id = cct2.id)",
                                                "Rows Removed by Join Filter": 49536,
                                                "Plans": [
                                                  {
                                                    "Node Type": "Nested Loop",
                                                    "Parent Relationship": "Outer",
                                                    "Parallel Aware": false,
                                                    "Join Type": "Inner",
                                                    "Startup Cost": 11.24,
                                                    "Total Cost": 7512.08,
                                                    "Plan Rows": 184,
                                                    "Plan Width": 16,
                                                    "Actual Startup Time": 8.948,
                                                    "Actual Total Time": 124.765,
                                                    "Actual Rows": 20024,
                                                    "Actual Loops": 1,
                                                    "Inner Unique": false,
                                                    "Plans": [
                                                      {
                                                        "Node Type": "Nested Loop",
                                                        "Parent Relationship": "Outer",
                                                        "Parallel Aware": false,
                                                        "Join Type": "Inner",
                                                        "Startup Cost": 10.82,
                                                        "Total Cost": 7447.81,
                                                        "Plan Rows": 135,
                                                        "Plan Width": 4,
                                                        "Actual Startup Time": 8.645,
                                                        "Actual Total Time": 71.101,
                                                        "Actual Rows": 37091,
                                                        "Actual Loops": 1,
                                                        "Inner Unique": false,
                                                        "Plans": [
                                                          {
                                                            "Node Type": "Seq Scan",
                                                            "Parent Relationship": "Outer",
                                                            "Parallel Aware": false,
                                                            "Relation Name": "keyword",
                                                            "Alias": "k",
                                                            "Startup Cost": 0.0,
                                                            "Total Cost": 2961.55,
                                                            "Plan Rows": 4,
                                                            "Plan Width": 4,
                                                            "Actual Startup Time": 2.51,
                                                            "Actual Total Time": 15.291,
                                                            "Actual Rows": 3,
                                                            "Actual Loops": 1,
                                                            "Filter": "(keyword = ANY ('{murder,murder-in-title,blood,violence}'::text[]))",
                                                            "Rows Removed by Filter": 134167
                                                          },
                                                          {
                                                            "Node Type": "Bitmap Heap Scan",
                                                            "Parent Relationship": "Inner",
                                                            "Parallel Aware": false,
                                                            "Relation Name": "movie_keyword",
                                                            "Alias": "mk",
                                                            "Startup Cost": 10.82,
                                                            "Total Cost": 1118.49,
                                                            "Plan Rows": 308,
                                                            "Plan Width": 8,
                                                            "Actual Startup Time": 3.518,
                                                            "Actual Total Time": 17.577,
                                                            "Actual Rows": 12364,
                                                            "Actual Loops": 3,
                                                            "Recheck Cond": "(keyword_id = k.id)",
                                                            "Rows Removed by Index Recheck": 0,
                                                            "Exact Heap Blocks": 26312,
                                                            "Lossy Heap Blocks": 0,
                                                            "Plans": [
                                                              {
                                                                "Node Type": "Bitmap Index Scan",
                                                                "Parent Relationship": "Outer",
                                                                "Parallel Aware": false,
                                                                "Index Name": "keyword_id_movie_keyword",
                                                                "Startup Cost": 0.0,
                                                                "Total Cost": 10.74,
                                                                "Plan Rows": 308,
                                                                "Plan Width": 0,
                                                                "Actual Startup Time": 1.907,
                                                                "Actual Total Time": 1.907,
                                                                "Actual Rows": 12364,
                                                                "Actual Loops": 3,
                                                                "Index Cond": "(keyword_id = k.id)"
                                                              }
                                                            ]
                                                          }
                                                        ]
                                                      },
                                                      {
                                                        "Node Type": "Index Scan",
                                                        "Parent Relationship": "Inner",
                                                        "Parallel Aware": false,
                                                        "Scan Direction": "Forward",
                                                        "Index Name": "movie_id_complete_cast",
                                                        "Relation Name": "complete_cast",
                                                        "Alias": "cc",
                                                        "Startup Cost": 0.42,
                                                        "Total Cost": 0.46,
                                                        "Plan Rows": 2,
                                                        "Plan Width": 12,
                                                        "Actual Startup Time": 0.001,
                                                        "Actual Total Time": 0.001,
                                                        "Actual Rows": 1,
                                                        "Actual Loops": 37091,
                                                        "Index Cond": "(movie_id = mk.movie_id)",
                                                        "Rows Removed by Index Recheck": 0
                                                      }
                                                    ]
                                                  },
                                                  {
                                                    "Node Type": "Materialize",
                                                    "Parent Relationship": "Inner",
                                                    "Parallel Aware": false,
                                                    "Startup Cost": 0.0,
                                                    "Total Cost": 1.06,
                                                    "Plan Rows": 3,
                                                    "Plan Width": 4,
                                                    "Actual Startup Time": 0.0,
                                                    "Actual Total Time": 0.0,
                                                    "Actual Rows": 3,
                                                    "Actual Loops": 20024,
                                                    "Plans": [
                                                      {
                                                        "Node Type": "Seq Scan",
                                                        "Parent Relationship": "Outer",
                                                        "Parallel Aware": false,
                                                        "Relation Name": "comp_cast_type",
                                                        "Alias": "cct2",
                                                        "Startup Cost": 0.0,
                                                        "Total Cost": 1.05,
                                                        "Plan Rows": 3,
                                                        "Plan Width": 4,
                                                        "Actual Startup Time": 0.013,
                                                        "Actual Total Time": 0.015,
                                                        "Actual Rows": 3,
                                                        "Actual Loops": 1,
                                                        "Filter": "((kind)::text <> 'complete+verified'::text)",
                                                        "Rows Removed by Filter": 1
                                                      }
                                                    ]
                                                  }
                                                ]
                                              },
                                              {
                                                "Node Type": "Index Scan",
                                                "Parent Relationship": "Inner",
                                                "Parallel Aware": false,
                                                "Scan Direction": "Forward",
                                                "Index Name": "movie_id_movie_info_idx",
                                                "Relation Name": "movie_info_idx",
                                                "Alias": "mi_idx",
                                                "Startup Cost": 0.43,
                                                "Total Cost": 0.5,
                                                "Plan Rows": 3,
                                                "Plan Width": 14,
                                                "Actual Startup Time": 0.003,
                                                "Actual Total Time": 0.003,
                                                "Actual Rows": 3,
                                                "Actual Loops": 10536,
                                                "Index Cond": "(movie_id = mk.movie_id)",
                                                "Rows Removed by Index Recheck": 0,
                                                "Filter": "(info < '8.5'::text)",
                                                "Rows Removed by Filter": 0
                                              }
                                            ]
                                          },
                                          {
                                            "Node Type": "Index Scan",
                                            "Parent Relationship": "Inner",
                                            "Parallel Aware": false,
                                            "Scan Direction": "Forward",
                                            "Index Name": "title_pkey",
                                            "Relation Name": "title",
                                            "Alias": "t",
                                            "Startup Cost": 0.43,
                                            "Total Cost": 0.49,
                                            "Plan Rows": 1,
                                            "Plan Width": 25,
                                            "Actual Startup Time": 0.002,
                                            "Actual Total Time": 0.002,
                                            "Actual Rows": 0,
                                            "Actual Loops": 29665,
                                            "Index Cond": "(id = mk.movie_id)",
                                            "Rows Removed by Index Recheck": 0,
                                            "Filter": "(production_year > 2000)",
                                            "Rows Removed by Filter": 1
                                          }
                                        ]
                                      },
                                      {
                                        "Node Type": "Index Scan",
                                        "Parent Relationship": "Inner",
                                        "Parallel Aware": false,
                                        "Scan Direction": "Forward",
                                        "Index Name": "movie_id_movie_info",
                                        "Relation Name": "movie_info",
                                        "Alias": "mi",
                                        "Startup Cost": 0.43,
                                        "Total Cost": 1.8,
                                        "Plan Rows": 3,
                                        "Plan Width": 8,
                                        "Actual Startup Time": 0.007,
                                        "Actual Total Time": 0.045,
                                        "Actual Rows": 2,
                                        "Actual Loops": 7039,
                                        "Index Cond": "(movie_id = mk.movie_id)",
                                        "Rows Removed by Index Recheck": 0,
                                        "Filter": "(info = ANY ('{America,American,Swedish,English,USA,Germany,Denish,Norway,Norwegian,Danish}'::text[]))",
                                        "Rows Removed by Filter": 134
                                      }
                                    ]
                                  }
                                ]
                              }
                            ]
                          },
                          {
                            "Node Type": "Index Scan",
                            "Parent Relationship": "Inner",
                            "Parallel Aware": false,
                            "Scan Direction": "Forward",
                            "Index Name": "movie_id_movie_companies",
                            "Relation Name": "movie_companies",
                            "Alias": "mc",
                            "Startup Cost": 0.43,
                            "Total Cost": 0.57,
                            "Plan Rows": 1,
                            "Plan Width": 12,
                            "Actual Startup Time": 0.004,
                            "Actual Total Time": 0.012,
                            "Actual Rows": 11,
                            "Actual Loops": 1491,
                            "Index Cond": "(movie_id = mk.movie_id)",
                            "Rows Removed by Index Recheck": 0,
                            "Filter": "((note !~~ '%(USA)%'::text) AND (note ~~ '%(200%)%'::text))",
                            "Rows Removed by Filter": 10
                          }
                        ]
                      },
                      {
                        "Node Type": "Seq Scan",
                        "Parent Relationship": "Inner",
                        "Parallel Aware": false,
                        "Relation Name": "info_type",
                        "Alias": "it2",
                        "Startup Cost": 0.0,
                        "Total Cost": 2.41,
                        "Plan Rows": 1,
                        "Plan Width": 4,
                        "Actual Startup Time": 0.006,
                        "Actual Total Time": 0.006,
                        "Actual Rows": 1,
                        "Actual Loops": 15914,
                        "Filter": "((info)::text = 'rating'::text)",
                        "Rows Removed by Filter": 108
                      }
                    ]
                  },
                  {
                    "Node Type": "Seq Scan",
                    "Parent Relationship": "Inner",
                    "Parallel Aware": false,
                    "Relation Name": "kind_type",
                    "Alias": "kt",
                    "Startup Cost": 0.0,
                    "Total Cost": 1.09,
                    "Plan Rows": 2,
                    "Plan Width": 4,
                    "Actual Startup Time": 0.001,
                    "Actual Total Time": 0.001,
                    "Actual Rows": 1,
                    "Actual Loops": 5077,
                    "Filter": "((kind)::text = ANY ('{movie,episode}'::text[]))",
                    "Rows Removed by Filter": 0
                  }
                ]
              },
              {
                "Node Type": "Hash",
                "Parent Relationship": "Inner",
                "Parallel Aware": false,
                "Startup Cost": 1.04,
                "Total Cost": 1.04,
                "Plan Rows": 4,
                "Plan Width": 4,
                "Actual Startup Time": 0.029,
                "Actual Total Time": 0.029,
                "Actual Rows": 4,
                "Actual Loops": 1,
                "Hash Buckets": 1024,
                "Original Hash Buckets": 1024,
                "Hash Batches": 1,
                "Original Hash Batches": 1,
                "Peak Memory Usage": 9,
                "Plans": [
                  {
                    "Node Type": "Seq Scan",
                    "Parent Relationship": "Outer",
                    "Parallel Aware": false,
                    "Relation Name": "company_type",
                    "Alias": "ct",
                    "Startup Cost": 0.0,
                    "Total Cost": 1.04,
                    "Plan Rows": 4,
                    "Plan Width": 4,
                    "Actual Startup Time": 0.016,
                    "Actual Total Time": 0.019,
                    "Actual Rows": 4,
                    "Actual Loops": 1
                  }
                ]
              }
            ]
          },
          {
            "Node Type": "Index Scan",
            "Parent Relationship": "Inner",
            "Parallel Aware": false,
            "Scan Direction": "Forward",
            "Index Name": "company_name_pkey",
            "Relation Name": "company_name",
            "Alias": "cn",
            "Startup Cost": 0.42,
            "Total Cost": 0.55,
            "Plan Rows": 1,
            "Plan Width": 23,
            "Actual Startup Time": 0.003,
            "Actual Total Time": 0.003,
            "Actual Rows": 1,
            "Actual Loops": 4917,
            "Index Cond": "(id = mc.company_id)",
            "Rows Removed by Index Recheck": 0,
            "Filter": "((country_code)::text <> '[us]'::text)",
            "Rows Removed by Filter": 0
          }
        ]
      }
    ]
  },
  "Planning Time": 4.747,
  "Triggers": [],
  "Execution Time": 731.835
}