[
  {
    "Plan": {
      "Node Type": "Aggregate",
      "Strategy": "Plain",
      "Partial Mode": "Finalize",
      "Parallel Aware": false,
      "Startup Cost": 116956.18,
      "Total Cost": 116956.19,
      "Plan Rows": 1,
      "Plan Width": 8,
      "Actual Startup Time": 903.494,
      "Actual Total Time": 926.43,
      "Actual Rows": 1,
      "Actual Loops": 1,
      "Plans": [
        {
          "Node Type": "Gather",
          "Parent Relationship": "Outer",
          "Parallel Aware": false,
          "Startup Cost": 116955.86,
          "Total Cost": 116956.17,
          "Plan Rows": 3,
          "Plan Width": 8,
          "Actual Startup Time": 889.875,
          "Actual Total Time": 926.42,
          "Actual Rows": 4,
          "Actual Loops": 1,
          "Workers Planned": 3,
          "Workers Launched": 3,
          "Single Copy": false,
          "Plans": [
            {
              "Node Type": "Aggregate",
              "Strategy": "Plain",
              "Partial Mode": "Partial",
              "Parent Relationship": "Outer",
              "Parallel Aware": false,
              "Startup Cost": 115955.86,
              "Total Cost": 115955.87,
              "Plan Rows": 1,
              "Plan Width": 8,
              "Actual Startup Time": 882.837,
              "Actual Total Time": 883.453,
              "Actual Rows": 1,
              "Actual Loops": 4,
              "Plans": [
                {
                  "Node Type": "Hash Join",
                  "Parent Relationship": "Outer",
                  "Parallel Aware": true,
                  "Join Type": "Inner",
                  "Startup Cost": 69074.29,
                  "Total Cost": 115342.23,
                  "Plan Rows": 245451,
                  "Plan Width": 0,
                  "Actual Startup Time": 561.565,
                  "Actual Total Time": 832.714,
                  "Actual Rows": 992260,
                  "Actual Loops": 4,
                  "Inner Unique": false,
                  "Hash Cond": "(mk.movie_id = t.id)",
                  "Plans": [
                    {
                      "Node Type": "Seq Scan",
                      "Parent Relationship": "Outer",
                      "Parallel Aware": true,
                      "Relation Name": "movie_keyword",
                      "Alias": "mk",
                      "Startup Cost": 0.0,
                      "Total Cost": 42695.65,
                      "Plan Rows": 679887,
                      "Plan Width": 4,
                      "Actual Startup Time": 0.427,
                      "Actual Total Time": 119.959,
                      "Actual Rows": 523096,
                      "Actual Loops": 4,
                      "Filter": "(keyword_id > 5761)",
                      "Rows Removed by Filter": 607886
                    },
                    {
                      "Node Type": "Hash",
                      "Parent Relationship": "Inner",
                      "Parallel Aware": true,
                      "Startup Cost": 64320.11,
                      "Total Cost": 64320.11,
                      "Plan Rows": 380335,
                      "Plan Width": 8,
                      "Actual Startup Time": 557.481,
                      "Actual Total Time": 558.095,
                      "Actual Rows": 267176,
                      "Actual Loops": 4,
                      "Hash Buckets": 2097152,
                      "Original Hash Buckets": 1048576,
                      "Hash Batches": 1,
                      "Original Hash Batches": 1,
                      "Peak Memory Usage": 66432,
                      "Plans": [
                        {
                          "Node Type": "Hash Join",
                          "Parent Relationship": "Outer",
                          "Parallel Aware": true,
                          "Join Type": "Inner",
                          "Startup Cost": 49125.55,
                          "Total Cost": 64320.11,
                          "Plan Rows": 380335,
                          "Plan Width": 8,
                          "Actual Startup Time": 300.08,
                          "Actual Total Time": 438.624,
                          "Actual Rows": 267176,
                          "Actual Loops": 4,
                          "Inner Unique": true,
                          "Hash Cond": "(mi_idx.movie_id = t.id)",
                          "Plans": [
                            {
                              "Node Type": "Seq Scan",
                              "Parent Relationship": "Outer",
                              "Parallel Aware": true,
                              "Relation Name": "movie_info_idx",
                              "Alias": "mi_idx",
                              "Startup Cost": 0.0,
                              "Total Cost": 13685.15,
                              "Plan Rows": 575015,
                              "Plan Width": 4,
                              "Actual Startup Time": 0.017,
                              "Actual Total Time": 37.381,
                              "Actual Rows": 345009,
                              "Actual Loops": 4
                            },
                            {
                              "Node Type": "Hash",
                              "Parent Relationship": "Inner",
                              "Parallel Aware": true,
                              "Startup Cost": 43899.32,
                              "Total Cost": 43899.32,
                              "Plan Rows": 418098,
                              "Plan Width": 4,
                              "Actual Startup Time": 296.021,
                              "Actual Total Time": 296.022,
                              "Actual Rows": 417823,
                              "Actual Loops": 4,
                              "Hash Buckets": 2097152,
                              "Original Hash Buckets": 2097152,
                              "Hash Batches": 1,
                              "Original Hash Batches": 1,
                              "Peak Memory Usage": 81824,
                              "Plans": [
                                {
                                  "Node Type": "Seq Scan",
                                  "Parent Relationship": "Outer",
                                  "Parallel Aware": true,
                                  "Relation Name": "title",
                                  "Alias": "t",
                                  "Startup Cost": 0.0,
                                  "Total Cost": 43899.32,
                                  "Plan Rows": 418098,
                                  "Plan Width": 4,
                                  "Actual Startup Time": 0.04,
                                  "Actual Total Time": 124.903,
                                  "Actual Rows": 417823,
                                  "Actual Loops": 4,
                                  "Filter": "(production_year < 2008)",
                                  "Rows Removed by Filter": 214255
                                }
                              ]
                            }
                          ]
                        }
                      ]
                    }
                  ]
                }
              ]
            }
          ]
        }
      ]
    },
    "Planning Time": 0.574,
    "Triggers": [],
    "Execution Time": 926.474
  }
]