[
  {
    "Plan": {
      "Node Type": "Aggregate",
      "Strategy": "Plain",
      "Partial Mode": "Simple",
      "Parallel Aware": false,
      "Startup Cost": 66540.43,
      "Total Cost": 66540.44,
      "Plan Rows": 1,
      "Plan Width": 96,
      "Actual Startup Time": 453.681,
      "Actual Total Time": 743.682,
      "Actual Rows": 1,
      "Actual Loops": 1,
      "Plans": [
        {
          "Node Type": "Merge Join",
          "Parent Relationship": "Outer",
          "Parallel Aware": false,
          "Join Type": "Inner",
          "Startup Cost": 23875.64,
          "Total Cost": 66540.43,
          "Plan Rows": 1,
          "Plan Width": 48,
          "Actual Startup Time": 390.984,
          "Actual Total Time": 743.511,
          "Actual Rows": 1410,
          "Actual Loops": 1,
          "Inner Unique": true,
          "Merge Cond": "(ml.movie_id = t.id)",
          "Plans": [
            {
              "Node Type": "Merge Join",
              "Parent Relationship": "Outer",
              "Parallel Aware": false,
              "Join Type": "Inner",
              "Startup Cost": 23875.21,
              "Total Cost": 57369.12,
              "Plan Rows": 1,
              "Plan Width": 47,
              "Actual Startup Time": 332.834,
              "Actual Total Time": 623.497,
              "Actual Rows": 1816,
              "Actual Loops": 1,
              "Inner Unique": false,
              "Merge Cond": "(mi.movie_id = ml.movie_id)",
              "Plans": [
                {
                  "Node Type": "Gather Merge",
                  "Parent Relationship": "Outer",
                  "Parallel Aware": false,
                  "Startup Cost": 1000.51,
                  "Total Cost": 1012838.07,
                  "Plan Rows": 151437,
                  "Plan Width": 4,
                  "Actual Startup Time": 14.463,
                  "Actual Total Time": 452.767,
                  "Actual Rows": 3239,
                  "Actual Loops": 1,
                  "Workers Planned": 5,
                  "Workers Launched": 5,
                  "Plans": [
                    {
                      "Node Type": "Index Scan",
                      "Parent Relationship": "Outer",
                      "Parallel Aware": true,
                      "Scan Direction": "Forward",
                      "Index Name": "movie_id_movie_info",
                      "Relation Name": "movie_info",
                      "Alias": "mi",
                      "Startup Cost": 0.43,
                      "Total Cost": 993601.22,
                      "Plan Rows": 30287,
                      "Plan Width": 4,
                      "Actual Startup Time": 1.548,
                      "Actual Total Time": 619.108,
                      "Actual Rows": 821,
                      "Actual Loops": 6,
                      "Filter": "(info = ANY ('{Sweden,Norway,Germany,Denmark,Swedish,Denish,Norwegian,German}'::text[]))",
                      "Rows Removed by Filter": 144795
                    }
                  ]
                },
                {
                  "Node Type": "Sort",
                  "Parent Relationship": "Inner",
                  "Parallel Aware": false,
                  "Startup Cost": 22874.7,
                  "Total Cost": 22874.7,
                  "Plan Rows": 1,
                  "Plan Width": 43,
                  "Actual Startup Time": 170.024,
                  "Actual Total Time": 170.212,
                  "Actual Rows": 1816,
                  "Actual Loops": 1,
                  "Sort Key": [
                    "mc.movie_id"
                  ],
                  "Sort Method": "quicksort",
                  "Sort Space Used": 70,
                  "Sort Space Type": "Memory",
                  "Plans": [
                    {
                      "Node Type": "Merge Join",
                      "Parent Relationship": "Outer",
                      "Parallel Aware": false,
                      "Join Type": "Inner",
                      "Startup Cost": 22834.19,
                      "Total Cost": 22874.69,
                      "Plan Rows": 1,
                      "Plan Width": 43,
                      "Actual Startup Time": 169.796,
                      "Actual Total Time": 170.007,
                      "Actual Rows": 402,
                      "Actual Loops": 1,
                      "Inner Unique": true,
                      "Merge Cond": "(mk.keyword_id = k.id)",
                      "Plans": [
                        {
                          "Node Type": "Sort",
                          "Parent Relationship": "Outer",
                          "Parallel Aware": false,
                          "Startup Cost": 20207.94,
                          "Total Cost": 20228.24,
                          "Plan Rows": 8118,
                          "Plan Width": 47,
                          "Actual Startup Time": 154.572,
                          "Actual Total Time": 154.907,
                          "Actual Rows": 2218,
                          "Actual Loops": 1,
                          "Sort Key": [
                            "mk.keyword_id"
                          ],
                          "Sort Method": "quicksort",
                          "Sort Space Used": 1466,
                          "Sort Space Type": "Memory",
                          "Plans": [
                            {
                              "Node Type": "Merge Join",
                              "Parent Relationship": "Outer",
                              "Parallel Aware": false,
                              "Join Type": "Inner",
                              "Startup Cost": 15440.2,
                              "Total Cost": 19680.81,
                              "Plan Rows": 8118,
                              "Plan Width": 47,
                              "Actual Startup Time": 126.631,
                              "Actual Total Time": 151.695,
                              "Actual Rows": 8713,
                              "Actual Loops": 1,
                              "Inner Unique": false,
                              "Merge Cond": "(mk.movie_id = ml.movie_id)",
                              "Plans": [
                                {
                                  "Node Type": "Index Scan",
                                  "Parent Relationship": "Outer",
                                  "Parallel Aware": false,
                                  "Scan Direction": "Forward",
                                  "Index Name": "movie_id_movie_keyword",
                                  "Relation Name": "movie_keyword",
                                  "Alias": "mk",
                                  "Startup Cost": 0.43,
                                  "Total Cost": 177156.82,
                                  "Plan Rows": 4523930,
                                  "Plan Width": 8,
                                  "Actual Startup Time": 0.025,
                                  "Actual Total Time": 17.894,
                                  "Actual Rows": 82171,
                                  "Actual Loops": 1
                                },
                                {
                                  "Node Type": "Sort",
                                  "Parent Relationship": "Inner",
                                  "Parallel Aware": false,
                                  "Startup Cost": 15439.65,
                                  "Total Cost": 15440.09,
                                  "Plan Rows": 177,
                                  "Plan Width": 39,
                                  "Actual Startup Time": 126.18,
                                  "Actual Total Time": 126.682,
                                  "Actual Rows": 8920,
                                  "Actual Loops": 1,
                                  "Sort Key": [
                                    "mc.movie_id"
                                  ],
                                  "Sort Method": "quicksort",
                                  "Sort Space Used": 148,
                                  "Sort Space Type": "Memory",
                                  "Plans": [
                                    {
                                      "Node Type": "Gather",
                                      "Parent Relationship": "Outer",
                                      "Parallel Aware": false,
                                      "Startup Cost": 15412.21,
                                      "Total Cost": 15433.04,
                                      "Plan Rows": 177,
                                      "Plan Width": 39,
                                      "Actual Startup Time": 110.036,
                                      "Actual Total Time": 125.905,
                                      "Actual Rows": 1152,
                                      "Actual Loops": 1,
                                      "Workers Planned": 1,
                                      "Workers Launched": 1,
                                      "Single Copy": false,
                                      "Plans": [
                                        {
                                          "Node Type": "Merge Join",
                                          "Parent Relationship": "Outer",
                                          "Parallel Aware": false,
                                          "Join Type": "Inner",
                                          "Startup Cost": 14412.21,
                                          "Total Cost": 14415.34,
                                          "Plan Rows": 104,
                                          "Plan Width": 39,
                                          "Actual Startup Time": 111.276,
                                          "Actual Total Time": 111.411,
                                          "Actual Rows": 576,
                                          "Actual Loops": 2,
                                          "Inner Unique": true,
                                          "Merge Cond": "(mc.company_type_id = ct.id)",
                                          "Plans": [
                                            {
                                              "Node Type": "Sort",
                                              "Parent Relationship": "Outer",
                                              "Parallel Aware": false,
                                              "Startup Cost": 14411.15,
                                              "Total Cost": 14412.19,
                                              "Plan Rows": 416,
                                              "Plan Width": 43,
                                              "Actual Startup Time": 111.202,
                                              "Actual Total Time": 111.237,
                                              "Actual Rows": 600,
                                              "Actual Loops": 2,
                                              "Sort Key": [
                                                "mc.company_type_id"
                                              ],
                                              "Sort Method": "quicksort",
                                              "Sort Space Used": 97,
                                              "Sort Space Type": "Memory",
                                              "Workers": [
                                                {
                                                  "Worker Number": 0,
                                                  "Sort Method": "quicksort",
                                                  "Sort Space Used": 69,
                                                  "Sort Space Type": "Memory"
                                                }
                                              ],
                                              "Plans": [
                                                {
                                                  "Node Type": "Merge Join",
                                                  "Parent Relationship": "Outer",
                                                  "Parallel Aware": false,
                                                  "Join Type": "Inner",
                                                  "Startup Cost": 14254.9,
                                                  "Total Cost": 14393.06,
                                                  "Plan Rows": 416,
                                                  "Plan Width": 43,
                                                  "Actual Startup Time": 108.778,
                                                  "Actual Total Time": 110.989,
                                                  "Actual Rows": 600,
                                                  "Actual Loops": 2,
                                                  "Inner Unique": false,
                                                  "Merge Cond": "(cn.id = mc.company_id)",
                                                  "Plans": [
                                                    {
                                                      "Node Type": "Sort",
                                                      "Parent Relationship": "Outer",
                                                      "Parallel Aware": false,
                                                      "Startup Cost": 7037.55,
                                                      "Total Cost": 7093.71,
                                                      "Plan Rows": 22462,
                                                      "Plan Width": 23,
                                                      "Actual Startup Time": 63.255,
                                                      "Actual Total Time": 64.087,
                                                      "Actual Rows": 7102,
                                                      "Actual Loops": 2,
                                                      "Sort Key": [
                                                        "cn.id"
                                                      ],
                                                      "Sort Method": "quicksort",
                                                      "Sort Space Used": 3917,
                                                      "Sort Space Type": "Memory",
                                                      "Workers": [
                                                        {
                                                          "Worker Number": 0,
                                                          "Sort Method": "quicksort",
                                                          "Sort Space Used": 1491,
                                                          "Sort Space Type": "Memory"
                                                        }
                                                      ],
                                                      "Plans": [
                                                        {
                                                          "Node Type": "Seq Scan",
                                                          "Parent Relationship": "Outer",
                                                          "Parallel Aware": true,
                                                          "Relation Name": "company_name",
                                                          "Alias": "cn",
                                                          "Startup Cost": 0.0,
                                                          "Total Cost": 5414.09,
                                                          "Plan Rows": 22462,
                                                          "Plan Width": 23,
                                                          "Actual Startup Time": 0.066,
                                                          "Actual Total Time": 52.659,
                                                          "Actual Rows": 24151,
                                                          "Actual Loops": 2,
                                                          "Filter": "(((country_code)::text <> '[pl]'::text) AND ((name ~~ '%Film%'::text) OR (name ~~ '%Warner%'::text)))",
                                                          "Rows Removed by Filter": 93348
                                                        }
                                                      ]
                                                    },
                                                    {
                                                      "Node Type": "Sort",
                                                      "Parent Relationship": "Inner",
                                                      "Parallel Aware": false,
                                                      "Startup Cost": 7217.34,
                                                      "Total Cost": 7228.2,
                                                      "Plan Rows": 4347,
                                                      "Plan Width": 28,
                                                      "Actual Startup Time": 45.42,
                                                      "Actual Total Time": 45.753,
                                                      "Actual Rows": 5069,
                                                      "Actual Loops": 2,
                                                      "Sort Key": [
                                                        "mc.company_id"
                                                      ],
                                                      "Sort Method": "quicksort",
                                                      "Sort Space Used": 589,
                                                      "Sort Space Type": "Memory",
                                                      "Workers": [
                                                        {
                                                          "Worker Number": 0,
                                                          "Sort Method": "quicksort",
                                                          "Sort Space Used": 589,
                                                          "Sort Space Type": "Memory"
                                                        }
                                                      ],
                                                      "Plans": [
                                                        {
                                                          "Node Type": "Merge Join",
                                                          "Parent Relationship": "Outer",
                                                          "Parallel Aware": false,
                                                          "Join Type": "Inner",
                                                          "Startup Cost": 1618.85,
                                                          "Total Cost": 6954.65,
                                                          "Plan Rows": 4347,
                                                          "Plan Width": 28,
                                                          "Actual Startup Time": 2.846,
                                                          "Actual Total Time": 43.641,
                                                          "Actual Rows": 5069,
                                                          "Actual Loops": 2,
                                                          "Inner Unique": false,
                                                          "Merge Cond": "(mc.movie_id = ml.movie_id)",
                                                          "Plans": [
                                                            {
                                                              "Node Type": "Index Scan",
                                                              "Parent Relationship": "Outer",
                                                              "Parallel Aware": false,
                                                              "Scan Direction": "Forward",
                                                              "Index Name": "movie_id_movie_companies",
                                                              "Relation Name": "movie_companies",
                                                              "Alias": "mc",
                                                              "Startup Cost": 0.43,
                                                              "Total Cost": 140880.84,
                                                              "Plan Rows": 1269863,
                                                              "Plan Width": 12,
                                                              "Actual Startup Time": 0.069,
                                                              "Actual Total Time": 36.55,
                                                              "Actual Rows": 49142,
                                                              "Actual Loops": 2,
                                                              "Filter": "(note IS NULL)",
                                                              "Rows Removed by Filter": 50735
                                                            },
                                                            {
                                                              "Node Type": "Sort",
                                                              "Parent Relationship": "Inner",
                                                              "Parallel Aware": false,
                                                              "Startup Cost": 1618.42,
                                                              "Total Cost": 1622.58,
                                                              "Plan Rows": 1666,
                                                              "Plan Width": 16,
                                                              "Actual Startup Time": 2.68,
                                                              "Actual Total Time": 3.007,
                                                              "Actual Rows": 5369,
                                                              "Actual Loops": 2,
                                                              "Sort Key": [
                                                                "ml.movie_id"
                                                              ],
                                                              "Sort Method": "quicksort",
                                                              "Sort Space Used": 205,
                                                              "Sort Space Type": "Memory",
                                                              "Workers": [
                                                                {
                                                                  "Worker Number": 0,
                                                                  "Sort Method": "quicksort",
                                                                  "Sort Space Used": 205,
                                                                  "Sort Space Type": "Memory"
                                                                }
                                                              ],
                                                              "Plans": [
                                                                {
                                                                  "Node Type": "Merge Join",
                                                                  "Parent Relationship": "Outer",
                                                                  "Parallel Aware": false,
                                                                  "Join Type": "Inner",
                                                                  "Startup Cost": 0.42,
                                                                  "Total Cost": 1529.27,
                                                                  "Plan Rows": 1666,
                                                                  "Plan Width": 16,
                                                                  "Actual Startup Time": 0.067,
                                                                  "Actual Total Time": 1.989,
                                                                  "Actual Rows": 2315,
                                                                  "Actual Loops": 2,
                                                                  "Inner Unique": false,
                                                                  "Merge Cond": "(lt.id = ml.link_type_id)",
                                                                  "Plans": [
                                                                    {
                                                                      "Node Type": "Index Scan",
                                                                      "Parent Relationship": "Outer",
                                                                      "Parallel Aware": false,
                                                                      "Scan Direction": "Forward",
                                                                      "Index Name": "link_type_pkey",
                                                                      "Relation Name": "link_type",
                                                                      "Alias": "lt",
                                                                      "Startup Cost": 0.14,
                                                                      "Total Cost": 12.45,
                                                                      "Plan Rows": 1,
                                                                      "Plan Width": 16,
                                                                      "Actual Startup Time": 0.016,
                                                                      "Actual Total Time": 0.022,
                                                                      "Actual Rows": 2,
                                                                      "Actual Loops": 2,
                                                                      "Filter": "((link)::text ~~ '%follow%'::text)",
                                                                      "Rows Removed by Filter": 16
                                                                    },
                                                                    {
                                                                      "Node Type": "Index Scan",
                                                                      "Parent Relationship": "Inner",
                                                                      "Parallel Aware": false,
                                                                      "Scan Direction": "Forward",
                                                                      "Index Name": "link_type_id_movie_link",
                                                                      "Relation Name": "movie_link",
                                                                      "Alias": "ml",
                                                                      "Startup Cost": 0.29,
                                                                      "Total Cost": 1425.16,
                                                                      "Plan Rows": 29997,
                                                                      "Plan Width": 8,
                                                                      "Actual Startup Time": 0.046,
                                                                      "Actual Total Time": 1.588,
                                                                      "Actual Rows": 2316,
                                                                      "Actual Loops": 2
                                                                    }
                                                                  ]
                                                                }
                                                              ]
                                                            }
                                                          ]
                                                        }
                                                      ]
                                                    }
                                                  ]
                                                }
                                              ]
                                            },
                                            {
                                              "Node Type": "Sort",
                                              "Parent Relationship": "Inner",
                                              "Parallel Aware": false,
                                              "Startup Cost": 1.06,
                                              "Total Cost": 1.06,
                                              "Plan Rows": 1,
                                              "Plan Width": 4,
                                              "Actual Startup Time": 0.064,
                                              "Actual Total Time": 0.065,
                                              "Actual Rows": 1,
                                              "Actual Loops": 2,
                                              "Sort Key": [
                                                "ct.id"
                                              ],
                                              "Sort Method": "quicksort",
                                              "Sort Space Used": 25,
                                              "Sort Space Type": "Memory",
                                              "Workers": [
                                                {
                                                  "Worker Number": 0,
                                                  "Sort Method": "quicksort",
                                                  "Sort Space Used": 25,
                                                  "Sort Space Type": "Memory"
                                                }
                                              ],
                                              "Plans": [
                                                {
                                                  "Node Type": "Seq Scan",
                                                  "Parent Relationship": "Outer",
                                                  "Parallel Aware": false,
                                                  "Relation Name": "company_type",
                                                  "Alias": "ct",
                                                  "Startup Cost": 0.0,
                                                  "Total Cost": 1.05,
                                                  "Plan Rows": 1,
                                                  "Plan Width": 4,
                                                  "Actual Startup Time": 0.048,
                                                  "Actual Total Time": 0.049,
                                                  "Actual Rows": 1,
                                                  "Actual Loops": 2,
                                                  "Filter": "((kind)::text = 'production companies'::text)",
                                                  "Rows Removed by Filter": 3
                                                }
                                              ]
                                            }
                                          ]
                                        }
                                      ]
                                    }
                                  ]
                                }
                              ]
                            }
                          ]
                        },
                        {
                          "Node Type": "Sort",
                          "Parent Relationship": "Inner",
                          "Parallel Aware": false,
                          "Startup Cost": 2626.14,
                          "Total Cost": 2626.14,
                          "Plan Rows": 1,
                          "Plan Width": 4,
                          "Actual Startup Time": 14.842,
                          "Actual Total Time": 14.843,
                          "Actual Rows": 1,
                          "Actual Loops": 1,
                          "Sort Key": [
                            "k.id"
                          ],
                          "Sort Method": "quicksort",
                          "Sort Space Used": 25,
                          "Sort Space Type": "Memory",
                          "Plans": [
                            {
                              "Node Type": "Seq Scan",
                              "Parent Relationship": "Outer",
                              "Parallel Aware": false,
                              "Relation Name": "keyword",
                              "Alias": "k",
                              "Startup Cost": 0.0,
                              "Total Cost": 2626.12,
                              "Plan Rows": 1,
                              "Plan Width": 4,
                              "Actual Startup Time": 0.788,
                              "Actual Total Time": 14.831,
                              "Actual Rows": 1,
                              "Actual Loops": 1,
                              "Filter": "(keyword = 'sequel'::text)",
                              "Rows Removed by Filter": 134169
                            }
                          ]
                        }
                      ]
                    }
                  ]
                }
              ]
            },
            {
              "Node Type": "Index Scan",
              "Parent Relationship": "Inner",
              "Parallel Aware": false,
              "Scan Direction": "Forward",
              "Index Name": "title_pkey",
              "Relation Name": "title",
              "Alias": "t",
              "Startup Cost": 0.43,
              "Total Cost": 122990.13,
              "Plan Rows": 919576,
              "Plan Width": 21,
              "Actual Startup Time": 0.039,
              "Actual Total Time": 117.4,
              "Actual Rows": 44153,
              "Actual Loops": 1,
              "Filter": "((production_year >= 1950) AND (production_year <= 2000))",
              "Rows Removed by Filter": 94782
            }
          ]
        }
      ]
    },
    "Planning Time": 27.464,
    "Triggers": [],
    "Execution Time": 744.723
  }
]