{
  "Plan": {
    "Node Type": "Aggregate",
    "Strategy": "Plain",
    "Partial Mode": "Finalize",
    "Parallel Aware": false,
    "Startup Cost": 720884.6,
    "Total Cost": 720884.61,
    "Plan Rows": 1,
    "Plan Width": 8,
    "Actual Startup Time": 4643.034,
    "Actual Total Time": 4712.393,
    "Actual Rows": 1,
    "Actual Loops": 1,
    "Plans": [
      {
        "Node Type": "Gather",
        "Parent Relationship": "Outer",
        "Parallel Aware": false,
        "Startup Cost": 720884.49,
        "Total Cost": 720884.6,
        "Plan Rows": 1,
        "Plan Width": 8,
        "Actual Startup Time": 4638.94,
        "Actual Total Time": 4712.385,
        "Actual Rows": 2,
        "Actual Loops": 1,
        "Workers Planned": 1,
        "Workers Launched": 1,
        "Single Copy": false,
        "Plans": [
          {
            "Node Type": "Aggregate",
            "Strategy": "Plain",
            "Partial Mode": "Partial",
            "Parent Relationship": "Outer",
            "Parallel Aware": false,
            "Startup Cost": 719884.49,
            "Total Cost": 719884.5,
            "Plan Rows": 1,
            "Plan Width": 8,
            "Actual Startup Time": 4632.734,
            "Actual Total Time": 4632.744,
            "Actual Rows": 1,
            "Actual Loops": 2,
            "Plans": [
              {
                "Node Type": "Hash Join",
                "Parent Relationship": "Outer",
                "Parallel Aware": true,
                "Join Type": "Inner",
                "Startup Cost": 88779.73,
                "Total Cost": 708427.81,
                "Plan Rows": 4582672,
                "Plan Width": 0,
                "Actual Startup Time": 533.679,
                "Actual Total Time": 4414.698,
                "Actual Rows": 5341724,
                "Actual Loops": 2,
                "Inner Unique": false,
                "Hash Cond": "(ci.movie_id = t.id)",
                "Plans": [
                  {
                    "Node Type": "Seq Scan",
                    "Parent Relationship": "Outer",
                    "Parallel Aware": true,
                    "Relation Name": "cast_info",
                    "Alias": "ci",
                    "Startup Cost": 0.0,
                    "Total Cost": 519069.44,
                    "Plan Rows": 19632468,
                    "Plan Width": 4,
                    "Actual Startup Time": 0.021,
                    "Actual Total Time": 1637.886,
                    "Actual Rows": 16753156,
                    "Actual Loops": 2,
                    "Filter": "(person_id < 3538898)",
                    "Rows Removed by Filter": 1369016
                  },
                  {
                    "Node Type": "Hash",
                    "Parent Relationship": "Inner",
                    "Parallel Aware": true,
                    "Startup Cost": 84440.31,
                    "Total Cost": 84440.31,
                    "Plan Rows": 347154,
                    "Plan Width": 8,
                    "Actual Startup Time": 523.964,
                    "Actual Total Time": 523.968,
                    "Actual Rows": 157492,
                    "Actual Loops": 2,
                    "Hash Buckets": 1048576,
                    "Original Hash Buckets": 1048576,
                    "Hash Batches": 1,
                    "Original Hash Batches": 1,
                    "Peak Memory Usage": 20544,
                    "Plans": [
                      {
                        "Node Type": "Hash Join",
                        "Parent Relationship": "Outer",
                        "Parallel Aware": true,
                        "Join Type": "Inner",
                        "Startup Cost": 66256.52,
                        "Total Cost": 84440.31,
                        "Plan Rows": 347154,
                        "Plan Width": 8,
                        "Actual Startup Time": 325.852,
                        "Actual Total Time": 486.735,
                        "Actual Rows": 157492,
                        "Actual Loops": 2,
                        "Inner Unique": true,
                        "Hash Cond": "(mi_idx.movie_id = t.id)",
                        "Plans": [
                          {
                            "Node Type": "Seq Scan",
                            "Parent Relationship": "Outer",
                            "Parallel Aware": true,
                            "Relation Name": "movie_info_idx",
                            "Alias": "mi_idx",
                            "Startup Cost": 0.0,
                            "Total Cost": 16052.85,
                            "Plan Rows": 811785,
                            "Plan Width": 4,
                            "Actual Startup Time": 0.018,
                            "Actual Total Time": 49.982,
                            "Actual Rows": 690018,
                            "Actual Loops": 2
                          },
                          {
                            "Node Type": "Hash",
                            "Parent Relationship": "Inner",
                            "Parallel Aware": true,
                            "Startup Cost": 58306.47,
                            "Total Cost": 58306.47,
                            "Plan Rows": 636004,
                            "Plan Width": 4,
                            "Actual Startup Time": 316.31,
                            "Actual Total Time": 316.311,
                            "Actual Rows": 588452,
                            "Actual Loops": 2,
                            "Hash Buckets": 2097152,
                            "Original Hash Buckets": 2097152,
                            "Hash Batches": 1,
                            "Original Hash Batches": 1,
                            "Peak Memory Usage": 62432,
                            "Plans": [
                              {
                                "Node Type": "Seq Scan",
                                "Parent Relationship": "Outer",
                                "Parallel Aware": true,
                                "Relation Name": "title",
                                "Alias": "t",
                                "Startup Cost": 0.0,
                                "Total Cost": 58306.47,
                                "Plan Rows": 636004,
                                "Plan Width": 4,
                                "Actual Startup Time": 0.035,
                                "Actual Total Time": 162.543,
                                "Actual Rows": 588452,
                                "Actual Loops": 2,
                                "Filter": "((production_year > 1989) AND (kind_id = 7))",
                                "Rows Removed by Filter": 675704
                              }
                            ]
                          }
                        ]
                      }
                    ]
                  }
                ]
              }
            ]
          }
        ]
      }
    ]
  },
  "Planning Time": 0.878,
  "Triggers": [],
  "Execution Time": 4712.49
}