{
  "Plan": {
    "Node Type": "Aggregate",
    "Strategy": "Plain",
    "Partial Mode": "Finalize",
    "Parallel Aware": false,
    "Startup Cost": 90690.9,
    "Total Cost": 90690.91,
    "Plan Rows": 1,
    "Plan Width": 8,
    "Actual Startup Time": 481.656,
    "Actual Total Time": 497.411,
    "Actual Rows": 1,
    "Actual Loops": 1,
    "Plans": [
      {
        "Node Type": "Gather",
        "Parent Relationship": "Outer",
        "Parallel Aware": false,
        "Startup Cost": 90690.79,
        "Total Cost": 90690.9,
        "Plan Rows": 1,
        "Plan Width": 8,
        "Actual Startup Time": 480.867,
        "Actual Total Time": 497.399,
        "Actual Rows": 2,
        "Actual Loops": 1,
        "Workers Planned": 1,
        "Workers Launched": 1,
        "Single Copy": false,
        "Plans": [
          {
            "Node Type": "Aggregate",
            "Strategy": "Plain",
            "Partial Mode": "Partial",
            "Parent Relationship": "Outer",
            "Parallel Aware": false,
            "Startup Cost": 89690.79,
            "Total Cost": 89690.8,
            "Plan Rows": 1,
            "Plan Width": 8,
            "Actual Startup Time": 476.844,
            "Actual Total Time": 476.848,
            "Actual Rows": 1,
            "Actual Loops": 2,
            "Plans": [
              {
                "Node Type": "Hash Join",
                "Parent Relationship": "Outer",
                "Parallel Aware": true,
                "Join Type": "Inner",
                "Startup Cost": 28809.75,
                "Total Cost": 89477.38,
                "Plan Rows": 85362,
                "Plan Width": 0,
                "Actual Startup Time": 117.818,
                "Actual Total Time": 470.494,
                "Actual Rows": 112192,
                "Actual Loops": 2,
                "Inner Unique": false,
                "Hash Cond": "(t.id = mc.movie_id)",
                "Plans": [
                  {
                    "Node Type": "Seq Scan",
                    "Parent Relationship": "Outer",
                    "Parallel Aware": true,
                    "Relation Name": "title",
                    "Alias": "t",
                    "Startup Cost": 0.0,
                    "Total Cost": 50870.31,
                    "Plan Rows": 1487231,
                    "Plan Width": 4,
                    "Actual Startup Time": 0.011,
                    "Actual Total Time": 134.146,
                    "Actual Rows": 1264156,
                    "Actual Loops": 2
                  },
                  {
                    "Node Type": "Hash",
                    "Parent Relationship": "Inner",
                    "Parallel Aware": true,
                    "Startup Cost": 27742.72,
                    "Total Cost": 27742.72,
                    "Plan Rows": 85362,
                    "Plan Width": 4,
                    "Actual Startup Time": 115.173,
                    "Actual Total Time": 115.175,
                    "Actual Rows": 112192,
                    "Actual Loops": 2,
                    "Hash Buckets": 262144,
                    "Original Hash Buckets": 262144,
                    "Hash Batches": 1,
                    "Original Hash Batches": 1,
                    "Peak Memory Usage": 10880,
                    "Plans": [
                      {
                        "Node Type": "Bitmap Heap Scan",
                        "Parent Relationship": "Outer",
                        "Parallel Aware": true,
                        "Relation Name": "movie_companies",
                        "Alias": "mc",
                        "Startup Cost": 6351.63,
                        "Total Cost": 27742.72,
                        "Plan Rows": 85362,
                        "Plan Width": 4,
                        "Actual Startup Time": 28.346,
                        "Actual Total Time": 86.213,
                        "Actual Rows": 112192,
                        "Actual Loops": 2,
                        "Recheck Cond": "(company_id < 160)",
                        "Rows Removed by Index Recheck": 0,
                        "Filter": "(company_type_id < 2)",
                        "Rows Removed by Filter": 34246,
                        "Exact Heap Blocks": 9619,
                        "Lossy Heap Blocks": 0,
                        "Plans": [
                          {
                            "Node Type": "Bitmap Index Scan",
                            "Parent Relationship": "Outer",
                            "Parallel Aware": false,
                            "Index Name": "company_id_movie_companies",
                            "Startup Cost": 0.0,
                            "Total Cost": 6315.35,
                            "Plan Rows": 294790,
                            "Plan Width": 0,
                            "Actual Startup Time": 25.388,
                            "Actual Total Time": 25.388,
                            "Actual Rows": 292877,
                            "Actual Loops": 1,
                            "Index Cond": "(company_id < 160)"
                          }
                        ]
                      }
                    ]
                  }
                ]
              }
            ]
          }
        ]
      }
    ]
  },
  "Planning Time": 0.586,
  "Triggers": [],
  "Execution Time": 497.49
}