[
  {
    "Plan": {
      "Node Type": "Aggregate",
      "Strategy": "Plain",
      "Partial Mode": "Finalize",
      "Parallel Aware": false,
      "Startup Cost": 72325.81,
      "Total Cost": 72325.82,
      "Plan Rows": 1,
      "Plan Width": 8,
      "Actual Startup Time": 174.842,
      "Actual Total Time": 190.494,
      "Actual Rows": 1,
      "Actual Loops": 1,
      "Plans": [
        {
          "Node Type": "Gather",
          "Parent Relationship": "Outer",
          "Parallel Aware": false,
          "Startup Cost": 72325.49,
          "Total Cost": 72325.8,
          "Plan Rows": 3,
          "Plan Width": 8,
          "Actual Startup Time": 174.212,
          "Actual Total Time": 190.486,
          "Actual Rows": 4,
          "Actual Loops": 1,
          "Workers Planned": 3,
          "Workers Launched": 3,
          "Single Copy": false,
          "Plans": [
            {
              "Node Type": "Aggregate",
              "Strategy": "Plain",
              "Partial Mode": "Partial",
              "Parent Relationship": "Outer",
              "Parallel Aware": false,
              "Startup Cost": 71325.49,
              "Total Cost": 71325.5,
              "Plan Rows": 1,
              "Plan Width": 8,
              "Actual Startup Time": 166.574,
              "Actual Total Time": 166.578,
              "Actual Rows": 1,
              "Actual Loops": 4,
              "Plans": [
                {
                  "Node Type": "Hash Join",
                  "Parent Relationship": "Outer",
                  "Parallel Aware": true,
                  "Join Type": "Inner",
                  "Startup Cost": 50899.92,
                  "Total Cost": 71320.05,
                  "Plan Rows": 2177,
                  "Plan Width": 0,
                  "Actual Startup Time": 130.428,
                  "Actual Total Time": 166.329,
                  "Actual Rows": 3010,
                  "Actual Loops": 4,
                  "Inner Unique": true,
                  "Hash Cond": "(mc.movie_id = t.id)",
                  "Plans": [
                    {
                      "Node Type": "Bitmap Heap Scan",
                      "Parent Relationship": "Outer",
                      "Parallel Aware": true,
                      "Relation Name": "movie_companies",
                      "Alias": "mc",
                      "Startup Cost": 6663.21,
                      "Total Cost": 26949.51,
                      "Plan Rows": 50981,
                      "Plan Width": 4,
                      "Actual Startup Time": 12.5,
                      "Actual Total Time": 33.587,
                      "Actual Rows": 76541,
                      "Actual Loops": 4,
                      "Recheck Cond": "(company_id > 93209)",
                      "Rows Removed by Index Recheck": 0,
                      "Filter": "(company_type_id = 2)",
                      "Rows Removed by Filter": 0,
                      "Exact Heap Blocks": 1699,
                      "Lossy Heap Blocks": 0,
                      "Plans": [
                        {
                          "Node Type": "Bitmap Index Scan",
                          "Parent Relationship": "Outer",
                          "Parallel Aware": false,
                          "Index Name": "company_id_movie_companies",
                          "Startup Cost": 0.0,
                          "Total Cost": 6623.7,
                          "Plan Rows": 309236,
                          "Plan Width": 0,
                          "Actual Startup Time": 11.863,
                          "Actual Total Time": 11.863,
                          "Actual Rows": 306165,
                          "Actual Loops": 1,
                          "Index Cond": "(company_id > 93209)"
                        }
                      ]
                    },
                    {
                      "Node Type": "Hash",
                      "Parent Relationship": "Inner",
                      "Parallel Aware": true,
                      "Startup Cost": 43899.32,
                      "Total Cost": 43899.32,
                      "Plan Rows": 26991,
                      "Plan Width": 4,
                      "Actual Startup Time": 116.684,
                      "Actual Total Time": 116.685,
                      "Actual Rows": 27107,
                      "Actual Loops": 4,
                      "Hash Buckets": 131072,
                      "Original Hash Buckets": 131072,
                      "Hash Batches": 1,
                      "Original Hash Batches": 1,
                      "Peak Memory Usage": 5312,
                      "Plans": [
                        {
                          "Node Type": "Seq Scan",
                          "Parent Relationship": "Outer",
                          "Parallel Aware": true,
                          "Relation Name": "title",
                          "Alias": "t",
                          "Startup Cost": 0.0,
                          "Total Cost": 43899.32,
                          "Plan Rows": 26991,
                          "Plan Width": 4,
                          "Actual Startup Time": 0.053,
                          "Actual Total Time": 104.193,
                          "Actual Rows": 27107,
                          "Actual Loops": 4,
                          "Filter": "(production_year = 2006)",
                          "Rows Removed by Filter": 604971
                        }
                      ]
                    }
                  ]
                }
              ]
            }
          ]
        }
      ]
    },
    "Planning Time": 0.54,
    "Triggers": [],
    "Execution Time": 190.566
  }
]