[
  {
    "Plan": {
      "Node Type": "Aggregate",
      "Strategy": "Plain",
      "Partial Mode": "Finalize",
      "Parallel Aware": false,
      "Startup Cost": 89573.35,
      "Total Cost": 89573.36,
      "Plan Rows": 1,
      "Plan Width": 8,
      "Actual Startup Time": 277.014,
      "Actual Total Time": 294.914,
      "Actual Rows": 1,
      "Actual Loops": 1,
      "Plans": [
        {
          "Node Type": "Gather",
          "Parent Relationship": "Outer",
          "Parallel Aware": false,
          "Startup Cost": 89573.04,
          "Total Cost": 89573.35,
          "Plan Rows": 3,
          "Plan Width": 8,
          "Actual Startup Time": 274.756,
          "Actual Total Time": 294.903,
          "Actual Rows": 4,
          "Actual Loops": 1,
          "Workers Planned": 3,
          "Workers Launched": 3,
          "Single Copy": false,
          "Plans": [
            {
              "Node Type": "Aggregate",
              "Strategy": "Plain",
              "Partial Mode": "Partial",
              "Parent Relationship": "Outer",
              "Parallel Aware": false,
              "Startup Cost": 88573.04,
              "Total Cost": 88573.05,
              "Plan Rows": 1,
              "Plan Width": 8,
              "Actual Startup Time": 266.25,
              "Actual Total Time": 266.253,
              "Actual Rows": 1,
              "Actual Loops": 4,
              "Plans": [
                {
                  "Node Type": "Hash Join",
                  "Parent Relationship": "Outer",
                  "Parallel Aware": true,
                  "Join Type": "Inner",
                  "Startup Cost": 44964.38,
                  "Total Cost": 88469.12,
                  "Plan Rows": 41565,
                  "Plan Width": 0,
                  "Actual Startup Time": 135.158,
                  "Actual Total Time": 263.783,
                  "Actual Rows": 49911,
                  "Actual Loops": 4,
                  "Inner Unique": true,
                  "Hash Cond": "(mk.movie_id = t.id)",
                  "Plans": [
                    {
                      "Node Type": "Seq Scan",
                      "Parent Relationship": "Outer",
                      "Parallel Aware": true,
                      "Relation Name": "movie_keyword",
                      "Alias": "mk",
                      "Startup Cost": 0.0,
                      "Total Cost": 42695.65,
                      "Plan Rows": 308226,
                      "Plan Width": 4,
                      "Actual Startup Time": 1.55,
                      "Actual Total Time": 97.079,
                      "Actual Rows": 238408,
                      "Actual Loops": 4,
                      "Filter": "(keyword_id > 19891)",
                      "Rows Removed by Filter": 892574
                    },
                    {
                      "Node Type": "Hash",
                      "Parent Relationship": "Inner",
                      "Parallel Aware": true,
                      "Startup Cost": 43898.92,
                      "Total Cost": 43898.92,
                      "Plan Rows": 85237,
                      "Plan Width": 4,
                      "Actual Startup Time": 130.063,
                      "Actual Total Time": 130.064,
                      "Actual Rows": 88020,
                      "Actual Loops": 4,
                      "Hash Buckets": 524288,
                      "Original Hash Buckets": 524288,
                      "Hash Batches": 1,
                      "Original Hash Batches": 1,
                      "Peak Memory Usage": 17920,
                      "Plans": [
                        {
                          "Node Type": "Seq Scan",
                          "Parent Relationship": "Outer",
                          "Parallel Aware": true,
                          "Relation Name": "title",
                          "Alias": "t",
                          "Startup Cost": 0.0,
                          "Total Cost": 43898.92,
                          "Plan Rows": 85237,
                          "Plan Width": 4,
                          "Actual Startup Time": 0.044,
                          "Actual Total Time": 99.698,
                          "Actual Rows": 88020,
                          "Actual Loops": 4,
                          "Filter": "(production_year < 1969)",
                          "Rows Removed by Filter": 544058
                        }
                      ]
                    }
                  ]
                }
              ]
            }
          ]
        }
      ]
    },
    "Planning Time": 0.538,
    "Triggers": [],
    "Execution Time": 294.977
  }
]