[
  {
    "Plan": {
      "Node Type": "Aggregate",
      "Strategy": "Plain",
      "Partial Mode": "Finalize",
      "Parallel Aware": false,
      "Startup Cost": 448901.77,
      "Total Cost": 448901.78,
      "Plan Rows": 1,
      "Plan Width": 8,
      "Actual Startup Time": 2910.499,
      "Actual Total Time": 2968.105,
      "Actual Rows": 1,
      "Actual Loops": 1,
      "Plans": [
        {
          "Node Type": "Gather",
          "Parent Relationship": "Outer",
          "Parallel Aware": false,
          "Startup Cost": 448901.15,
          "Total Cost": 448901.76,
          "Plan Rows": 6,
          "Plan Width": 8,
          "Actual Startup Time": 2884.662,
          "Actual Total Time": 2968.092,
          "Actual Rows": 7,
          "Actual Loops": 1,
          "Workers Planned": 6,
          "Workers Launched": 6,
          "Single Copy": false,
          "Plans": [
            {
              "Node Type": "Aggregate",
              "Strategy": "Plain",
              "Partial Mode": "Partial",
              "Parent Relationship": "Outer",
              "Parallel Aware": false,
              "Startup Cost": 447901.15,
              "Total Cost": 447901.16,
              "Plan Rows": 1,
              "Plan Width": 8,
              "Actual Startup Time": 2873.797,
              "Actual Total Time": 2874.243,
              "Actual Rows": 1,
              "Actual Loops": 7,
              "Plans": [
                {
                  "Node Type": "Hash Join",
                  "Parent Relationship": "Outer",
                  "Parallel Aware": true,
                  "Join Type": "Inner",
                  "Startup Cost": 95711.15,
                  "Total Cost": 444020.64,
                  "Plan Rows": 1552204,
                  "Plan Width": 0,
                  "Actual Startup Time": 538.867,
                  "Actual Total Time": 2477.236,
                  "Actual Rows": 10035086,
                  "Actual Loops": 7,
                  "Inner Unique": false,
                  "Hash Cond": "(ci.movie_id = t.id)",
                  "Plans": [
                    {
                      "Node Type": "Seq Scan",
                      "Parent Relationship": "Outer",
                      "Parallel Aware": true,
                      "Relation Name": "cast_info",
                      "Alias": "ci",
                      "Startup Cost": 0.0,
                      "Total Cost": 328162.03,
                      "Plan Rows": 4037428,
                      "Plan Width": 4,
                      "Actual Startup Time": 113.597,
                      "Actual Total Time": 565.795,
                      "Actual Rows": 3465737,
                      "Actual Loops": 7,
                      "Filter": "(person_id > 1179515)",
                      "Rows Removed by Filter": 1712026
                    },
                    {
                      "Node Type": "Hash",
                      "Parent Relationship": "Inner",
                      "Parallel Aware": true,
                      "Startup Cost": 91791.75,
                      "Total Cost": 91791.75,
                      "Plan Rows": 313552,
                      "Plan Width": 8,
                      "Actual Startup Time": 421.893,
                      "Actual Total Time": 422.338,
                      "Actual Rows": 300795,
                      "Actual Loops": 7,
                      "Hash Buckets": 4194304,
                      "Original Hash Buckets": 1048576,
                      "Hash Batches": 1,
                      "Original Hash Batches": 1,
                      "Peak Memory Usage": 139808,
                      "Plans": [
                        {
                          "Node Type": "Hash Join",
                          "Parent Relationship": "Outer",
                          "Parallel Aware": true,
                          "Join Type": "Inner",
                          "Startup Cost": 46997.13,
                          "Total Cost": 91791.75,
                          "Plan Rows": 313552,
                          "Plan Width": 8,
                          "Actual Startup Time": 135.703,
                          "Actual Total Time": 272.246,
                          "Actual Rows": 300795,
                          "Actual Loops": 7,
                          "Inner Unique": true,
                          "Hash Cond": "(mk.movie_id = t.id)",
                          "Plans": [
                            {
                              "Node Type": "Seq Scan",
                              "Parent Relationship": "Outer",
                              "Parallel Aware": true,
                              "Relation Name": "movie_keyword",
                              "Alias": "mk",
                              "Startup Cost": 0.0,
                              "Total Cost": 42695.65,
                              "Plan Rows": 799606,
                              "Plan Width": 4,
                              "Actual Startup Time": 0.158,
                              "Actual Total Time": 70.799,
                              "Actual Rows": 354379,
                              "Actual Loops": 7,
                              "Filter": "(keyword_id > 3644)",
                              "Rows Removed by Filter": 291896
                            },
                            {
                              "Node Type": "Hash",
                              "Parent Relationship": "Inner",
                              "Parallel Aware": true,
                              "Startup Cost": 43898.92,
                              "Total Cost": 43898.92,
                              "Plan Rows": 247857,
                              "Plan Width": 4,
                              "Actual Startup Time": 133.962,
                              "Actual Total Time": 133.963,
                              "Actual Rows": 140721,
                              "Actual Loops": 7,
                              "Hash Buckets": 1048576,
                              "Original Hash Buckets": 1048576,
                              "Hash Batches": 1,
                              "Original Hash Batches": 1,
                              "Peak Memory Usage": 46848,
                              "Plans": [
                                {
                                  "Node Type": "Seq Scan",
                                  "Parent Relationship": "Outer",
                                  "Parallel Aware": true,
                                  "Relation Name": "title",
                                  "Alias": "t",
                                  "Startup Cost": 0.0,
                                  "Total Cost": 43898.92,
                                  "Plan Rows": 247857,
                                  "Plan Width": 4,
                                  "Actual Startup Time": 0.049,
                                  "Actual Total Time": 76.269,
                                  "Actual Rows": 140721,
                                  "Actual Loops": 7,
                                  "Filter": "(kind_id < 7)",
                                  "Rows Removed by Filter": 220466
                                }
                              ]
                            }
                          ]
                        }
                      ]
                    }
                  ]
                }
              ]
            }
          ]
        }
      ]
    },
    "Planning Time": 1.39,
    "Triggers": [],
    "Execution Time": 2968.207
  }
]