{
  "Plan": {
    "Node Type": "Aggregate",
    "Strategy": "Plain",
    "Partial Mode": "Finalize",
    "Parallel Aware": false,
    "Startup Cost": 106546.93,
    "Total Cost": 106546.94,
    "Plan Rows": 1,
    "Plan Width": 8,
    "Actual Startup Time": 396.034,
    "Actual Total Time": 437.659,
    "Actual Rows": 1,
    "Actual Loops": 1,
    "Plans": [
      {
        "Node Type": "Gather",
        "Parent Relationship": "Outer",
        "Parallel Aware": false,
        "Startup Cost": 106546.82,
        "Total Cost": 106546.93,
        "Plan Rows": 1,
        "Plan Width": 8,
        "Actual Startup Time": 395.655,
        "Actual Total Time": 437.652,
        "Actual Rows": 2,
        "Actual Loops": 1,
        "Workers Planned": 1,
        "Workers Launched": 1,
        "Single Copy": false,
        "Plans": [
          {
            "Node Type": "Aggregate",
            "Strategy": "Plain",
            "Partial Mode": "Partial",
            "Parent Relationship": "Outer",
            "Parallel Aware": false,
            "Startup Cost": 105546.82,
            "Total Cost": 105546.83,
            "Plan Rows": 1,
            "Plan Width": 8,
            "Actual Startup Time": 389.528,
            "Actual Total Time": 389.531,
            "Actual Rows": 1,
            "Actual Loops": 2,
            "Plans": [
              {
                "Node Type": "Nested Loop",
                "Parent Relationship": "Outer",
                "Parallel Aware": false,
                "Join Type": "Inner",
                "Startup Cost": 68177.8,
                "Total Cost": 105543.39,
                "Plan Rows": 1371,
                "Plan Width": 0,
                "Actual Startup Time": 170.456,
                "Actual Total Time": 388.832,
                "Actual Rows": 7416,
                "Actual Loops": 2,
                "Inner Unique": false,
                "Join Filter": "(t.id = mi.movie_id)",
                "Rows Removed by Join Filter": 0,
                "Plans": [
                  {
                    "Node Type": "Hash Join",
                    "Parent Relationship": "Outer",
                    "Parallel Aware": true,
                    "Join Type": "Inner",
                    "Startup Cost": 68177.37,
                    "Total Cost": 96690.8,
                    "Plan Rows": 2749,
                    "Plan Width": 8,
                    "Actual Startup Time": 170.343,
                    "Actual Total Time": 257.296,
                    "Actual Rows": 7246,
                    "Actual Loops": 2,
                    "Inner Unique": true,
                    "Hash Cond": "(mk.movie_id = t.id)",
                    "Plans": [
                      {
                        "Node Type": "Bitmap Heap Scan",
                        "Parent Relationship": "Outer",
                        "Parallel Aware": true,
                        "Relation Name": "movie_keyword",
                        "Alias": "mk",
                        "Startup Cost": 9680.5,
                        "Total Cost": 37489.41,
                        "Plan Rows": 268392,
                        "Plan Width": 4,
                        "Actual Startup Time": 30.079,
                        "Actual Total Time": 89.798,
                        "Actual Rows": 236272,
                        "Actual Loops": 2,
                        "Recheck Cond": "(keyword_id < 359)",
                        "Rows Removed by Index Recheck": 0,
                        "Exact Heap Blocks": 15476,
                        "Lossy Heap Blocks": 0,
                        "Plans": [
                          {
                            "Node Type": "Bitmap Index Scan",
                            "Parent Relationship": "Outer",
                            "Parallel Aware": false,
                            "Index Name": "keyword_id_movie_keyword",
                            "Startup Cost": 0.0,
                            "Total Cost": 9566.44,
                            "Plan Rows": 456267,
                            "Plan Width": 0,
                            "Actual Startup Time": 26.453,
                            "Actual Total Time": 26.453,
                            "Actual Rows": 472545,
                            "Actual Loops": 1,
                            "Index Cond": "(keyword_id < 359)"
                          }
                        ]
                      },
                      {
                        "Node Type": "Hash",
                        "Parent Relationship": "Inner",
                        "Parallel Aware": true,
                        "Startup Cost": 58306.47,
                        "Total Cost": 58306.47,
                        "Plan Rows": 15232,
                        "Plan Width": 4,
                        "Actual Startup Time": 139.245,
                        "Actual Total Time": 139.245,
                        "Actual Rows": 11758,
                        "Actual Loops": 2,
                        "Hash Buckets": 32768,
                        "Original Hash Buckets": 32768,
                        "Hash Batches": 1,
                        "Original Hash Batches": 1,
                        "Peak Memory Usage": 1216,
                        "Plans": [
                          {
                            "Node Type": "Seq Scan",
                            "Parent Relationship": "Outer",
                            "Parallel Aware": true,
                            "Relation Name": "title",
                            "Alias": "t",
                            "Startup Cost": 0.0,
                            "Total Cost": 58306.47,
                            "Plan Rows": 15232,
                            "Plan Width": 4,
                            "Actual Startup Time": 0.559,
                            "Actual Total Time": 135.882,
                            "Actual Rows": 11758,
                            "Actual Loops": 2,
                            "Filter": "((kind_id < 6) AND (production_year = 2003))",
                            "Rows Removed by Filter": 1252398
                          }
                        ]
                      }
                    ]
                  },
                  {
                    "Node Type": "Index Scan",
                    "Parent Relationship": "Inner",
                    "Parallel Aware": false,
                    "Scan Direction": "Forward",
                    "Index Name": "movie_id_movie_info",
                    "Relation Name": "movie_info",
                    "Alias": "mi",
                    "Startup Cost": 0.43,
                    "Total Cost": 3.17,
                    "Plan Rows": 4,
                    "Plan Width": 4,
                    "Actual Startup Time": 0.016,
                    "Actual Total Time": 0.018,
                    "Actual Rows": 1,
                    "Actual Loops": 14493,
                    "Index Cond": "(movie_id = mk.movie_id)",
                    "Rows Removed by Index Recheck": 0,
                    "Filter": "(info_type_id = 2)",
                    "Rows Removed by Filter": 54
                  }
                ]
              }
            ]
          }
        ]
      }
    ]
  },
  "Planning Time": 1.093,
  "Triggers": [],
  "Execution Time": 437.782
}