[
  {
    "Plan": {
      "Node Type": "Aggregate",
      "Strategy": "Plain",
      "Partial Mode": "Finalize",
      "Parallel Aware": false,
      "Startup Cost": 45168.22,
      "Total Cost": 45168.23,
      "Plan Rows": 1,
      "Plan Width": 8,
      "Actual Startup Time": 140.007,
      "Actual Total Time": 149.158,
      "Actual Rows": 1,
      "Actual Loops": 1,
      "Plans": [
        {
          "Node Type": "Gather",
          "Parent Relationship": "Outer",
          "Parallel Aware": false,
          "Startup Cost": 45167.91,
          "Total Cost": 45168.22,
          "Plan Rows": 3,
          "Plan Width": 8,
          "Actual Startup Time": 139.896,
          "Actual Total Time": 149.148,
          "Actual Rows": 4,
          "Actual Loops": 1,
          "Workers Planned": 3,
          "Workers Launched": 3,
          "Single Copy": false,
          "Plans": [
            {
              "Node Type": "Aggregate",
              "Strategy": "Plain",
              "Partial Mode": "Partial",
              "Parent Relationship": "Outer",
              "Parallel Aware": false,
              "Startup Cost": 44167.91,
              "Total Cost": 44167.92,
              "Plan Rows": 1,
              "Plan Width": 8,
              "Actual Startup Time": 132.617,
              "Actual Total Time": 132.618,
              "Actual Rows": 1,
              "Actual Loops": 4,
              "Plans": [
                {
                  "Node Type": "Seq Scan",
                  "Parent Relationship": "Outer",
                  "Parallel Aware": true,
                  "Relation Name": "movie_keyword",
                  "Alias": "mk",
                  "Startup Cost": 0.0,
                  "Total Cost": 42695.65,
                  "Plan Rows": 588901,
                  "Plan Width": 0,
                  "Actual Startup Time": 0.903,
                  "Actual Total Time": 111.003,
                  "Actual Rows": 458928,
                  "Actual Loops": 4,
                  "Filter": "(keyword_id > 7594)",
                  "Rows Removed by Filter": 672054
                }
              ]
            }
          ]
        }
      ]
    },
    "Planning Time": 0.15,
    "Triggers": [],
    "Execution Time": 149.204
  }
]