[
    {
        "Bao": {
            "Bao prediction": "NaN",
            "Bao recommended hint": "(no hint)"
        }
    },
    {
        "Plan": {
            "Node Type": "Aggregate",
            "Strategy": "Plain",
            "Partial Mode": "Finalize",
            "Parallel Aware": false,
            "Startup Cost": 29213.29,
            "Total Cost": 29213.3,
            "Plan Rows": 1,
            "Plan Width": 8,
            "Actual Startup Time": 87.408,
            "Actual Total Time": 92.432,
            "Actual Rows": 1,
            "Actual Loops": 1,
            "Output": [
                "count(*)"
            ],
            "Plans": [
                {
                    "Node Type": "Gather",
                    "Parent Relationship": "Outer",
                    "Parallel Aware": false,
                    "Startup Cost": 29212.97,
                    "Total Cost": 29213.28,
                    "Plan Rows": 3,
                    "Plan Width": 8,
                    "Actual Startup Time": 87.181,
                    "Actual Total Time": 92.422,
                    "Actual Rows": 4,
                    "Actual Loops": 1,
                    "Output": [
                        "(PARTIAL count(*))"
                    ],
                    "Workers Planned": 3,
                    "Workers Launched": 3,
                    "Single Copy": false,
                    "Plans": [
                        {
                            "Node Type": "Aggregate",
                            "Strategy": "Plain",
                            "Partial Mode": "Partial",
                            "Parent Relationship": "Outer",
                            "Parallel Aware": false,
                            "Startup Cost": 28212.97,
                            "Total Cost": 28212.98,
                            "Plan Rows": 1,
                            "Plan Width": 8,
                            "Actual Startup Time": 79.333,
                            "Actual Total Time": 79.334,
                            "Actual Rows": 1,
                            "Actual Loops": 4,
                            "Output": [
                                "PARTIAL count(*)"
                            ],
                            "Workers": [
                                {
                                    "Worker Number": 0,
                                    "Actual Startup Time": 74.996,
                                    "Actual Total Time": 74.997,
                                    "Actual Rows": 1,
                                    "Actual Loops": 1
                                },
                                {
                                    "Worker Number": 1,
                                    "Actual Startup Time": 80.862,
                                    "Actual Total Time": 80.864,
                                    "Actual Rows": 1,
                                    "Actual Loops": 1
                                },
                                {
                                    "Worker Number": 2,
                                    "Actual Startup Time": 75.033,
                                    "Actual Total Time": 75.035,
                                    "Actual Rows": 1,
                                    "Actual Loops": 1
                                }
                            ],
                            "Plans": [
                                {
                                    "Node Type": "Bitmap Heap Scan",
                                    "Parent Relationship": "Outer",
                                    "Parallel Aware": true,
                                    "Relation Name": "movie_keyword",
                                    "Schema": "public",
                                    "Alias": "mk",
                                    "Startup Cost": 3061.52,
                                    "Total Cost": 28096.73,
                                    "Plan Rows": 46497,
                                    "Plan Width": 0,
                                    "Actual Startup Time": 27.402,
                                    "Actual Total Time": 76.39,
                                    "Actual Rows": 34359,
                                    "Actual Loops": 4,
                                    "Recheck Cond": "(mk.keyword_id > 75330)",
                                    "Rows Removed by Index Recheck": 0,
                                    "Exact Heap Blocks": 8440,
                                    "Lossy Heap Blocks": 0,
                                    "Workers": [
                                        {
                                            "Worker Number": 0,
                                            "Actual Startup Time": 23.218,
                                            "Actual Total Time": 72.61,
                                            "Actual Rows": 22468,
                                            "Actual Loops": 1
                                        },
                                        {
                                            "Worker Number": 1,
                                            "Actual Startup Time": 28.849,
                                            "Actual Total Time": 78.264,
                                            "Actual Rows": 33317,
                                            "Actual Loops": 1
                                        },
                                        {
                                            "Worker Number": 2,
                                            "Actual Startup Time": 23.269,
                                            "Actual Total Time": 72.729,
                                            "Actual Rows": 21091,
                                            "Actual Loops": 1
                                        }
                                    ],
                                    "Plans": [
                                        {
                                            "Node Type": "Bitmap Index Scan",
                                            "Parent Relationship": "Outer",
                                            "Parallel Aware": false,
                                            "Index Name": "keyword_id_movie_keyword",
                                            "Startup Cost": 0.0,
                                            "Total Cost": 3025.48,
                                            "Plan Rows": 144140,
                                            "Plan Width": 0,
                                            "Actual Startup Time": 28.748,
                                            "Actual Total Time": 28.749,
                                            "Actual Rows": 137437,
                                            "Actual Loops": 1,
                                            "Index Cond": "(mk.keyword_id > 75330)"
                                        }
                                    ]
                                }
                            ]
                        }
                    ]
                }
            ]
        },
        "Planning Time": 180.349,
        "Triggers": [],
        "Execution Time": 92.542
    }
]