[
    {
        "Bao": {
            "Bao prediction": 354.508,
            "Bao recommended hint": "(no hint)"
        }
    },
    {
        "Plan": {
            "Node Type": "Aggregate",
            "Strategy": "Plain",
            "Partial Mode": "Simple",
            "Parallel Aware": false,
            "Startup Cost": 66849.85,
            "Total Cost": 66849.86,
            "Plan Rows": 1,
            "Plan Width": 64,
            "Actual Startup Time": 413.15,
            "Actual Total Time": 432.483,
            "Actual Rows": 1,
            "Actual Loops": 1,
            "Output": [
                "min(n.name)",
                "min(t.title)"
            ],
            "Plans": [
                {
                    "Node Type": "Nested Loop",
                    "Parent Relationship": "Outer",
                    "Parallel Aware": false,
                    "Join Type": "Inner",
                    "Startup Cost": 6354.01,
                    "Total Cost": 66849.84,
                    "Plan Rows": 1,
                    "Plan Width": 32,
                    "Actual Startup Time": 104.482,
                    "Actual Total Time": 432.463,
                    "Actual Rows": 15,
                    "Actual Loops": 1,
                    "Output": [
                        "n.name",
                        "t.title"
                    ],
                    "Inner Unique": true,
                    "Plans": [
                        {
                            "Node Type": "Nested Loop",
                            "Parent Relationship": "Outer",
                            "Parallel Aware": false,
                            "Join Type": "Inner",
                            "Startup Cost": 6353.88,
                            "Total Cost": 66849.67,
                            "Plan Rows": 1,
                            "Plan Width": 36,
                            "Actual Startup Time": 104.459,
                            "Actual Total Time": 432.42,
                            "Actual Rows": 15,
                            "Actual Loops": 1,
                            "Output": [
                                "ci.role_id",
                                "n.name",
                                "t.title"
                            ],
                            "Inner Unique": true,
                            "Join Filter": "(ci.person_id = n.id)",
                            "Rows Removed by Join Filter": 0,
                            "Plans": [
                                {
                                    "Node Type": "Nested Loop",
                                    "Parent Relationship": "Outer",
                                    "Parallel Aware": false,
                                    "Join Type": "Inner",
                                    "Startup Cost": 6353.45,
                                    "Total Cost": 66848.89,
                                    "Plan Rows": 1,
                                    "Plan Width": 29,
                                    "Actual Startup Time": 99.665,
                                    "Actual Total Time": 431.497,
                                    "Actual Rows": 142,
                                    "Actual Loops": 1,
                                    "Output": [
                                        "an.person_id",
                                        "ci.person_id",
                                        "ci.role_id",
                                        "t.title"
                                    ],
                                    "Inner Unique": true,
                                    "Plans": [
                                        {
                                            "Node Type": "Nested Loop",
                                            "Parent Relationship": "Outer",
                                            "Parallel Aware": false,
                                            "Join Type": "Inner",
                                            "Startup Cost": 6353.3,
                                            "Total Cost": 66848.69,
                                            "Plan Rows": 1,
                                            "Plan Width": 33,
                                            "Actual Startup Time": 99.625,
                                            "Actual Total Time": 431.183,
                                            "Actual Rows": 142,
                                            "Actual Loops": 1,
                                            "Output": [
                                                "an.person_id",
                                                "ci.person_id",
                                                "ci.role_id",
                                                "mi.info_type_id",
                                                "t.title"
                                            ],
                                            "Inner Unique": true,
                                            "Plans": [
                                                {
                                                    "Node Type": "Nested Loop",
                                                    "Parent Relationship": "Outer",
                                                    "Parallel Aware": false,
                                                    "Join Type": "Inner",
                                                    "Startup Cost": 6352.87,
                                                    "Total Cost": 66847.97,
                                                    "Plan Rows": 1,
                                                    "Plan Width": 37,
                                                    "Actual Startup Time": 99.552,
                                                    "Actual Total Time": 429.877,
                                                    "Actual Rows": 142,
                                                    "Actual Loops": 1,
                                                    "Output": [
                                                        "an.person_id",
                                                        "ci.person_id",
                                                        "ci.role_id",
                                                        "ci.person_role_id",
                                                        "mi.info_type_id",
                                                        "t.title"
                                                    ],
                                                    "Inner Unique": false,
                                                    "Plans": [
                                                        {
                                                            "Node Type": "Nested Loop",
                                                            "Parent Relationship": "Outer",
                                                            "Parallel Aware": false,
                                                            "Join Type": "Inner",
                                                            "Startup Cost": 6352.45,
                                                            "Total Cost": 66847.4,
                                                            "Plan Rows": 1,
                                                            "Plan Width": 33,
                                                            "Actual Startup Time": 99.492,
                                                            "Actual Total Time": 428.898,
                                                            "Actual Rows": 34,
                                                            "Actual Loops": 1,
                                                            "Output": [
                                                                "ci.person_id",
                                                                "ci.role_id",
                                                                "ci.person_role_id",
                                                                "mi.info_type_id",
                                                                "t.title"
                                                            ],
                                                            "Inner Unique": false,
                                                            "Join Filter": "(t.id = ci.movie_id)",
                                                            "Rows Removed by Join Filter": 0,
                                                            "Plans": [
                                                                {
                                                                    "Node Type": "Gather",
                                                                    "Parent Relationship": "Outer",
                                                                    "Parallel Aware": false,
                                                                    "Startup Cost": 6351.88,
                                                                    "Total Cost": 66833.21,
                                                                    "Plan Rows": 1,
                                                                    "Plan Width": 33,
                                                                    "Actual Startup Time": 98.653,
                                                                    "Actual Total Time": 404.188,
                                                                    "Actual Rows": 93,
                                                                    "Actual Loops": 1,
                                                                    "Output": [
                                                                        "mc.movie_id",
                                                                        "mi.movie_id",
                                                                        "mi.info_type_id",
                                                                        "t.title",
                                                                        "t.id"
                                                                    ],
                                                                    "Workers Planned": 3,
                                                                    "Workers Launched": 3,
                                                                    "Single Copy": false,
                                                                    "Plans": [
                                                                        {
                                                                            "Node Type": "Nested Loop",
                                                                            "Parent Relationship": "Outer",
                                                                            "Parallel Aware": false,
                                                                            "Join Type": "Inner",
                                                                            "Startup Cost": 5351.88,
                                                                            "Total Cost": 65833.11,
                                                                            "Plan Rows": 1,
                                                                            "Plan Width": 33,
                                                                            "Actual Startup Time": 69.933,
                                                                            "Actual Total Time": 394.683,
                                                                            "Actual Rows": 23,
                                                                            "Actual Loops": 4,
                                                                            "Output": [
                                                                                "mc.movie_id",
                                                                                "mi.movie_id",
                                                                                "mi.info_type_id",
                                                                                "t.title",
                                                                                "t.id"
                                                                            ],
                                                                            "Inner Unique": false,
                                                                            "Join Filter": "(t.id = mi.movie_id)",
                                                                            "Rows Removed by Join Filter": 0,
                                                                            "Workers": [
                                                                                {
                                                                                    "Worker Number": 0,
                                                                                    "Actual Startup Time": 64.725,
                                                                                    "Actual Total Time": 398.679,
                                                                                    "Actual Rows": 18,
                                                                                    "Actual Loops": 1
                                                                                },
                                                                                {
                                                                                    "Worker Number": 1,
                                                                                    "Actual Startup Time": 76.307,
                                                                                    "Actual Total Time": 398.766,
                                                                                    "Actual Rows": 30,
                                                                                    "Actual Loops": 1
                                                                                },
                                                                                {
                                                                                    "Worker Number": 2,
                                                                                    "Actual Startup Time": 41.796,
                                                                                    "Actual Total Time": 398.667,
                                                                                    "Actual Rows": 27,
                                                                                    "Actual Loops": 1
                                                                                }
                                                                            ],
                                                                            "Plans": [
                                                                                {
                                                                                    "Node Type": "Nested Loop",
                                                                                    "Parent Relationship": "Outer",
                                                                                    "Parallel Aware": false,
                                                                                    "Join Type": "Inner",
                                                                                    "Startup Cost": 5351.45,
                                                                                    "Total Cost": 65439.9,
                                                                                    "Plan Rows": 40,
                                                                                    "Plan Width": 25,
                                                                                    "Actual Startup Time": 42.647,
                                                                                    "Actual Total Time": 385.403,
                                                                                    "Actual Rows": 98,
                                                                                    "Actual Loops": 4,
                                                                                    "Output": [
                                                                                        "mc.movie_id",
                                                                                        "t.title",
                                                                                        "t.id"
                                                                                    ],
                                                                                    "Inner Unique": true,
                                                                                    "Workers": [
                                                                                        {
                                                                                            "Worker Number": 0,
                                                                                            "Actual Startup Time": 47.436,
                                                                                            "Actual Total Time": 387.389,
                                                                                            "Actual Rows": 107,
                                                                                            "Actual Loops": 1
                                                                                        },
                                                                                        {
                                                                                            "Worker Number": 1,
                                                                                            "Actual Startup Time": 40.515,
                                                                                            "Actual Total Time": 389.222,
                                                                                            "Actual Rows": 101,
                                                                                            "Actual Loops": 1
                                                                                        },
                                                                                        {
                                                                                            "Worker Number": 2,
                                                                                            "Actual Startup Time": 34.044,
                                                                                            "Actual Total Time": 388.654,
                                                                                            "Actual Rows": 105,
                                                                                            "Actual Loops": 1
                                                                                        }
                                                                                    ],
                                                                                    "Plans": [
                                                                                        {
                                                                                            "Node Type": "Hash Join",
                                                                                            "Parent Relationship": "Outer",
                                                                                            "Parallel Aware": true,
                                                                                            "Join Type": "Inner",
                                                                                            "Startup Cost": 5351.02,
                                                                                            "Total Cost": 38955.31,
                                                                                            "Plan Rows": 11818,
                                                                                            "Plan Width": 4,
                                                                                            "Actual Startup Time": 35.124,
                                                                                            "Actual Total Time": 193.005,
                                                                                            "Actual Rows": 44266,
                                                                                            "Actual Loops": 4,
                                                                                            "Output": [
                                                                                                "mc.movie_id"
                                                                                            ],
                                                                                            "Inner Unique": true,
                                                                                            "Hash Cond": "(mc.company_id = cn.id)",
                                                                                            "Workers": [
                                                                                                {
                                                                                                    "Worker Number": 0,
                                                                                                    "Actual Startup Time": 32.058,
                                                                                                    "Actual Total Time": 193.373,
                                                                                                    "Actual Rows": 45898,
                                                                                                    "Actual Loops": 1
                                                                                                },
                                                                                                {
                                                                                                    "Worker Number": 1,
                                                                                                    "Actual Startup Time": 32.122,
                                                                                                    "Actual Total Time": 195.084,
                                                                                                    "Actual Rows": 45321,
                                                                                                    "Actual Loops": 1
                                                                                                },
                                                                                                {
                                                                                                    "Worker Number": 2,
                                                                                                    "Actual Startup Time": 32.137,
                                                                                                    "Actual Total Time": 194.58,
                                                                                                    "Actual Rows": 46224,
                                                                                                    "Actual Loops": 1
                                                                                                }
                                                                                            ],
                                                                                            "Plans": [
                                                                                                {
                                                                                                    "Node Type": "Seq Scan",
                                                                                                    "Parent Relationship": "Outer",
                                                                                                    "Parallel Aware": true,
                                                                                                    "Relation Name": "movie_companies",
                                                                                                    "Schema": "public",
                                                                                                    "Alias": "mc",
                                                                                                    "Startup Cost": 0.0,
                                                                                                    "Total Cost": 33518.95,
                                                                                                    "Plan Rows": 32511,
                                                                                                    "Plan Width": 8,
                                                                                                    "Actual Startup Time": 0.03,
                                                                                                    "Actual Total Time": 137.487,
                                                                                                    "Actual Rows": 49630,
                                                                                                    "Actual Loops": 4,
                                                                                                    "Output": [
                                                                                                        "mc.id",
                                                                                                        "mc.movie_id",
                                                                                                        "mc.company_id",
                                                                                                        "mc.company_type_id",
                                                                                                        "mc.note"
                                                                                                    ],
                                                                                                    "Filter": "((mc.note ~~ '%(200%)%'::text) AND ((mc.note ~~ '%(USA)%'::text) OR (mc.note ~~ '%(worldwide)%'::text)))",
                                                                                                    "Rows Removed by Filter": 602652,
                                                                                                    "Workers": [
                                                                                                        {
                                                                                                            "Worker Number": 0,
                                                                                                            "Actual Startup Time": 0.028,
                                                                                                            "Actual Total Time": 140.402,
                                                                                                            "Actual Rows": 51582,
                                                                                                            "Actual Loops": 1
                                                                                                        },
                                                                                                        {
                                                                                                            "Worker Number": 1,
                                                                                                            "Actual Startup Time": 0.037,
                                                                                                            "Actual Total Time": 141.971,
                                                                                                            "Actual Rows": 50764,
                                                                                                            "Actual Loops": 1
                                                                                                        },
                                                                                                        {
                                                                                                            "Worker Number": 2,
                                                                                                            "Actual Startup Time": 0.039,
                                                                                                            "Actual Total Time": 141.56,
                                                                                                            "Actual Rows": 51943,
                                                                                                            "Actual Loops": 1
                                                                                                        }
                                                                                                    ]
                                                                                                },
                                                                                                {
                                                                                                    "Node Type": "Hash",
                                                                                                    "Parent Relationship": "Inner",
                                                                                                    "Parallel Aware": true,
                                                                                                    "Startup Cost": 4722.92,
                                                                                                    "Total Cost": 4722.92,
                                                                                                    "Plan Rows": 50248,
                                                                                                    "Plan Width": 4,
                                                                                                    "Actual Startup Time": 33.372,
                                                                                                    "Actual Total Time": 33.373,
                                                                                                    "Actual Rows": 21211,
                                                                                                    "Actual Loops": 4,
                                                                                                    "Output": [
                                                                                                        "cn.id"
                                                                                                    ],
                                                                                                    "Hash Buckets": 131072,
                                                                                                    "Original Hash Buckets": 131072,
                                                                                                    "Hash Batches": 1,
                                                                                                    "Original Hash Batches": 1,
                                                                                                    "Peak Memory Usage": 4416,
                                                                                                    "Workers": [
                                                                                                        {
                                                                                                            "Worker Number": 0,
                                                                                                            "Actual Startup Time": 31.558,
                                                                                                            "Actual Total Time": 31.559,
                                                                                                            "Actual Rows": 19791,
                                                                                                            "Actual Loops": 1
                                                                                                        },
                                                                                                        {
                                                                                                            "Worker Number": 1,
                                                                                                            "Actual Startup Time": 31.44,
                                                                                                            "Actual Total Time": 31.44,
                                                                                                            "Actual Rows": 19373,
                                                                                                            "Actual Loops": 1
                                                                                                        },
                                                                                                        {
                                                                                                            "Worker Number": 2,
                                                                                                            "Actual Startup Time": 31.568,
                                                                                                            "Actual Total Time": 31.569,
                                                                                                            "Actual Rows": 20534,
                                                                                                            "Actual Loops": 1
                                                                                                        }
                                                                                                    ],
                                                                                                    "Plans": [
                                                                                                        {
                                                                                                            "Node Type": "Seq Scan",
                                                                                                            "Parent Relationship": "Outer",
                                                                                                            "Parallel Aware": true,
                                                                                                            "Relation Name": "company_name",
                                                                                                            "Schema": "public",
                                                                                                            "Alias": "cn",
                                                                                                            "Startup Cost": 0.0,
                                                                                                            "Total Cost": 4722.92,
                                                                                                            "Plan Rows": 50248,
                                                                                                            "Plan Width": 4,
                                                                                                            "Actual Startup Time": 0.098,
                                                                                                            "Actual Total Time": 22.508,
                                                                                                            "Actual Rows": 21211,
                                                                                                            "Actual Loops": 4,
                                                                                                            "Output": [
                                                                                                                "cn.id"
                                                                                                            ],
                                                                                                            "Filter": "((cn.country_code)::text = '[us]'::text)",
                                                                                                            "Rows Removed by Filter": 37538,
                                                                                                            "Workers": [
                                                                                                                {
                                                                                                                    "Worker Number": 0,
                                                                                                                    "Actual Startup Time": 0.125,
                                                                                                                    "Actual Total Time": 20.975,
                                                                                                                    "Actual Rows": 19791,
                                                                                                                    "Actual Loops": 1
                                                                                                                },
                                                                                                                {
                                                                                                                    "Worker Number": 1,
                                                                                                                    "Actual Startup Time": 0.129,
                                                                                                                    "Actual Total Time": 21.524,
                                                                                                                    "Actual Rows": 19373,
                                                                                                                    "Actual Loops": 1
                                                                                                                },
                                                                                                                {
                                                                                                                    "Worker Number": 2,
                                                                                                                    "Actual Startup Time": 0.099,
                                                                                                                    "Actual Total Time": 20.725,
                                                                                                                    "Actual Rows": 20534,
                                                                                                                    "Actual Loops": 1
                                                                                                                }
                                                                                                            ]
                                                                                                        }
                                                                                                    ]
                                                                                                }
                                                                                            ]
                                                                                        },
                                                                                        {
                                                                                            "Node Type": "Index Scan",
                                                                                            "Parent Relationship": "Inner",
                                                                                            "Parallel Aware": false,
                                                                                            "Scan Direction": "Forward",
                                                                                            "Index Name": "title_pkey",
                                                                                            "Relation Name": "title",
                                                                                            "Schema": "public",
                                                                                            "Alias": "t",
                                                                                            "Startup Cost": 0.43,
                                                                                            "Total Cost": 2.24,
                                                                                            "Plan Rows": 1,
                                                                                            "Plan Width": 21,
                                                                                            "Actual Startup Time": 0.004,
                                                                                            "Actual Total Time": 0.004,
                                                                                            "Actual Rows": 0,
                                                                                            "Actual Loops": 177065,
                                                                                            "Output": [
                                                                                                "t.id",
                                                                                                "t.title",
                                                                                                "t.imdb_index",
                                                                                                "t.kind_id",
                                                                                                "t.production_year",
                                                                                                "t.imdb_id",
                                                                                                "t.phonetic_code",
                                                                                                "t.episode_of_id",
                                                                                                "t.season_nr",
                                                                                                "t.episode_nr",
                                                                                                "t.series_years",
                                                                                                "t.md5sum"
                                                                                            ],
                                                                                            "Index Cond": "(t.id = mc.movie_id)",
                                                                                            "Rows Removed by Index Recheck": 0,
                                                                                            "Filter": "((t.title ~~ '%Two%'::text) AND (t.production_year >= 2000) AND (t.production_year <= 2009))",
                                                                                            "Rows Removed by Filter": 1,
                                                                                            "Workers": [
                                                                                                {
                                                                                                    "Worker Number": 0,
                                                                                                    "Actual Startup Time": 0.004,
                                                                                                    "Actual Total Time": 0.004,
                                                                                                    "Actual Rows": 0,
                                                                                                    "Actual Loops": 45898
                                                                                                },
                                                                                                {
                                                                                                    "Worker Number": 1,
                                                                                                    "Actual Startup Time": 0.004,
                                                                                                    "Actual Total Time": 0.004,
                                                                                                    "Actual Rows": 0,
                                                                                                    "Actual Loops": 45321
                                                                                                },
                                                                                                {
                                                                                                    "Worker Number": 2,
                                                                                                    "Actual Startup Time": 0.004,
                                                                                                    "Actual Total Time": 0.004,
                                                                                                    "Actual Rows": 0,
                                                                                                    "Actual Loops": 46224
                                                                                                }
                                                                                            ]
                                                                                        }
                                                                                    ]
                                                                                },
                                                                                {
                                                                                    "Node Type": "Index Scan",
                                                                                    "Parent Relationship": "Inner",
                                                                                    "Parallel Aware": false,
                                                                                    "Scan Direction": "Forward",
                                                                                    "Index Name": "movie_id_movie_info",
                                                                                    "Relation Name": "movie_info",
                                                                                    "Schema": "public",
                                                                                    "Alias": "mi",
                                                                                    "Startup Cost": 0.43,
                                                                                    "Total Cost": 9.82,
                                                                                    "Plan Rows": 1,
                                                                                    "Plan Width": 8,
                                                                                    "Actual Startup Time": 0.086,
                                                                                    "Actual Total Time": 0.094,
                                                                                    "Actual Rows": 0,
                                                                                    "Actual Loops": 394,
                                                                                    "Output": [
                                                                                        "mi.id",
                                                                                        "mi.movie_id",
                                                                                        "mi.info_type_id",
                                                                                        "mi.info",
                                                                                        "mi.note"
                                                                                    ],
                                                                                    "Index Cond": "(mi.movie_id = mc.movie_id)",
                                                                                    "Rows Removed by Index Recheck": 0,
                                                                                    "Filter": "((mi.info IS NOT NULL) AND ((mi.info ~~ 'Japan:%2007%'::text) OR (mi.info ~~ 'USA:%2008%'::text)))",
                                                                                    "Rows Removed by Filter": 34,
                                                                                    "Workers": [
                                                                                        {
                                                                                            "Worker Number": 0,
                                                                                            "Actual Startup Time": 0.097,
                                                                                            "Actual Total Time": 0.105,
                                                                                            "Actual Rows": 0,
                                                                                            "Actual Loops": 107
                                                                                        },
                                                                                        {
                                                                                            "Worker Number": 1,
                                                                                            "Actual Startup Time": 0.085,
                                                                                            "Actual Total Time": 0.094,
                                                                                            "Actual Rows": 0,
                                                                                            "Actual Loops": 101
                                                                                        },
                                                                                        {
                                                                                            "Worker Number": 2,
                                                                                            "Actual Startup Time": 0.085,
                                                                                            "Actual Total Time": 0.095,
                                                                                            "Actual Rows": 0,
                                                                                            "Actual Loops": 105
                                                                                        }
                                                                                    ]
                                                                                }
                                                                            ]
                                                                        }
                                                                    ]
                                                                },
                                                                {
                                                                    "Node Type": "Index Scan",
                                                                    "Parent Relationship": "Inner",
                                                                    "Parallel Aware": false,
                                                                    "Scan Direction": "Forward",
                                                                    "Index Name": "movie_id_cast_info",
                                                                    "Relation Name": "cast_info",
                                                                    "Schema": "public",
                                                                    "Alias": "ci",
                                                                    "Startup Cost": 0.56,
                                                                    "Total Cost": 14.18,
                                                                    "Plan Rows": 1,
                                                                    "Plan Width": 16,
                                                                    "Actual Startup Time": 0.238,
                                                                    "Actual Total Time": 0.265,
                                                                    "Actual Rows": 0,
                                                                    "Actual Loops": 93,
                                                                    "Output": [
                                                                        "ci.id",
                                                                        "ci.person_id",
                                                                        "ci.movie_id",
                                                                        "ci.person_role_id",
                                                                        "ci.note",
                                                                        "ci.nr_order",
                                                                        "ci.role_id"
                                                                    ],
                                                                    "Index Cond": "(ci.movie_id = mc.movie_id)",
                                                                    "Rows Removed by Index Recheck": 0,
                                                                    "Filter": "(ci.note = '(voice)'::text)",
                                                                    "Rows Removed by Filter": 65
                                                                }
                                                            ]
                                                        },
                                                        {
                                                            "Node Type": "Index Only Scan",
                                                            "Parent Relationship": "Inner",
                                                            "Parallel Aware": false,
                                                            "Scan Direction": "Forward",
                                                            "Index Name": "person_id_aka_name",
                                                            "Relation Name": "aka_name",
                                                            "Schema": "public",
                                                            "Alias": "an",
                                                            "Startup Cost": 0.42,
                                                            "Total Cost": 0.54,
                                                            "Plan Rows": 2,
                                                            "Plan Width": 4,
                                                            "Actual Startup Time": 0.021,
                                                            "Actual Total Time": 0.027,
                                                            "Actual Rows": 4,
                                                            "Actual Loops": 34,
                                                            "Output": [
                                                                "an.person_id"
                                                            ],
                                                            "Index Cond": "(an.person_id = ci.person_id)",
                                                            "Rows Removed by Index Recheck": 0,
                                                            "Heap Fetches": 142
                                                        }
                                                    ]
                                                },
                                                {
                                                    "Node Type": "Index Only Scan",
                                                    "Parent Relationship": "Inner",
                                                    "Parallel Aware": false,
                                                    "Scan Direction": "Forward",
                                                    "Index Name": "char_name_pkey",
                                                    "Relation Name": "char_name",
                                                    "Schema": "public",
                                                    "Alias": "chn",
                                                    "Startup Cost": 0.43,
                                                    "Total Cost": 0.72,
                                                    "Plan Rows": 1,
                                                    "Plan Width": 4,
                                                    "Actual Startup Time": 0.009,
                                                    "Actual Total Time": 0.009,
                                                    "Actual Rows": 1,
                                                    "Actual Loops": 142,
                                                    "Output": [
                                                        "chn.id"
                                                    ],
                                                    "Index Cond": "(chn.id = ci.person_role_id)",
                                                    "Rows Removed by Index Recheck": 0,
                                                    "Heap Fetches": 142
                                                }
                                            ]
                                        },
                                        {
                                            "Node Type": "Index Scan",
                                            "Parent Relationship": "Inner",
                                            "Parallel Aware": false,
                                            "Scan Direction": "Forward",
                                            "Index Name": "info_type_pkey",
                                            "Relation Name": "info_type",
                                            "Schema": "public",
                                            "Alias": "it",
                                            "Startup Cost": 0.14,
                                            "Total Cost": 0.17,
                                            "Plan Rows": 1,
                                            "Plan Width": 4,
                                            "Actual Startup Time": 0.001,
                                            "Actual Total Time": 0.001,
                                            "Actual Rows": 1,
                                            "Actual Loops": 142,
                                            "Output": [
                                                "it.id",
                                                "it.info"
                                            ],
                                            "Index Cond": "(it.id = mi.info_type_id)",
                                            "Rows Removed by Index Recheck": 0,
                                            "Filter": "((it.info)::text = 'release dates'::text)",
                                            "Rows Removed by Filter": 0
                                        }
                                    ]
                                },
                                {
                                    "Node Type": "Index Scan",
                                    "Parent Relationship": "Inner",
                                    "Parallel Aware": false,
                                    "Scan Direction": "Forward",
                                    "Index Name": "name_pkey",
                                    "Relation Name": "name",
                                    "Schema": "public",
                                    "Alias": "n",
                                    "Startup Cost": 0.43,
                                    "Total Cost": 0.77,
                                    "Plan Rows": 1,
                                    "Plan Width": 19,
                                    "Actual Startup Time": 0.006,
                                    "Actual Total Time": 0.006,
                                    "Actual Rows": 0,
                                    "Actual Loops": 142,
                                    "Output": [
                                        "n.id",
                                        "n.name",
                                        "n.imdb_index",
                                        "n.imdb_id",
                                        "n.gender",
                                        "n.name_pcode_cf",
                                        "n.name_pcode_nf",
                                        "n.surname_pcode",
                                        "n.md5sum"
                                    ],
                                    "Index Cond": "(n.id = an.person_id)",
                                    "Rows Removed by Index Recheck": 0,
                                    "Filter": "((n.name ~~ '%Kavner,%'::text) AND ((n.gender)::text = 'f'::text))",
                                    "Rows Removed by Filter": 1
                                }
                            ]
                        },
                        {
                            "Node Type": "Index Scan",
                            "Parent Relationship": "Inner",
                            "Parallel Aware": false,
                            "Scan Direction": "Forward",
                            "Index Name": "role_type_pkey",
                            "Relation Name": "role_type",
                            "Schema": "public",
                            "Alias": "rt",
                            "Startup Cost": 0.14,
                            "Total Cost": 0.16,
                            "Plan Rows": 1,
                            "Plan Width": 4,
                            "Actual Startup Time": 0.002,
                            "Actual Total Time": 0.002,
                            "Actual Rows": 1,
                            "Actual Loops": 15,
                            "Output": [
                                "rt.id",
                                "rt.role"
                            ],
                            "Index Cond": "(rt.id = ci.role_id)",
                            "Rows Removed by Index Recheck": 0,
                            "Filter": "((rt.role)::text = 'actress'::text)",
                            "Rows Removed by Filter": 0
                        }
                    ]
                }
            ]
        },
        "Planning Time": 1176.128,
        "Triggers": [],
        "Execution Time": 433.523
    }
]