[
  {
    "Plan": {
      "Node Type": "Aggregate",
      "Strategy": "Plain",
      "Partial Mode": "Finalize",
      "Parallel Aware": false,
      "Startup Cost": 299677.51,
      "Total Cost": 299677.52,
      "Plan Rows": 1,
      "Plan Width": 8,
      "Actual Startup Time": 645.67,
      "Actual Total Time": 685.227,
      "Actual Rows": 1,
      "Actual Loops": 1,
      "Plans": [
        {
          "Node Type": "Gather",
          "Parent Relationship": "Outer",
          "Parallel Aware": false,
          "Startup Cost": 299677.19,
          "Total Cost": 299677.5,
          "Plan Rows": 3,
          "Plan Width": 8,
          "Actual Startup Time": 644.662,
          "Actual Total Time": 685.217,
          "Actual Rows": 4,
          "Actual Loops": 1,
          "Workers Planned": 3,
          "Workers Launched": 3,
          "Single Copy": false,
          "Plans": [
            {
              "Node Type": "Aggregate",
              "Strategy": "Plain",
              "Partial Mode": "Partial",
              "Parent Relationship": "Outer",
              "Parallel Aware": false,
              "Startup Cost": 298677.19,
              "Total Cost": 298677.2,
              "Plan Rows": 1,
              "Plan Width": 8,
              "Actual Startup Time": 635.344,
              "Actual Total Time": 635.349,
              "Actual Rows": 1,
              "Actual Loops": 4,
              "Plans": [
                {
                  "Node Type": "Hash Join",
                  "Parent Relationship": "Outer",
                  "Parallel Aware": true,
                  "Join Type": "Inner",
                  "Startup Cost": 252925.65,
                  "Total Cost": 298061.33,
                  "Plan Rows": 246346,
                  "Plan Width": 0,
                  "Actual Startup Time": 471.448,
                  "Actual Total Time": 635.325,
                  "Actual Rows": 232,
                  "Actual Loops": 4,
                  "Inner Unique": false,
                  "Hash Cond": "(mk.movie_id = t.id)",
                  "Plans": [
                    {
                      "Node Type": "Seq Scan",
                      "Parent Relationship": "Outer",
                      "Parallel Aware": true,
                      "Relation Name": "movie_keyword",
                      "Alias": "mk",
                      "Startup Cost": 0.0,
                      "Total Cost": 39047.32,
                      "Plan Rows": 1459332,
                      "Plan Width": 4,
                      "Actual Startup Time": 0.02,
                      "Actual Total Time": 88.504,
                      "Actual Rows": 1130982,
                      "Actual Loops": 4
                    },
                    {
                      "Node Type": "Hash",
                      "Parent Relationship": "Inner",
                      "Parallel Aware": true,
                      "Startup Cost": 251591.85,
                      "Total Cost": 251591.85,
                      "Plan Rows": 106704,
                      "Plan Width": 8,
                      "Actual Startup Time": 462.448,
                      "Actual Total Time": 462.452,
                      "Actual Rows": 68,
                      "Actual Loops": 4,
                      "Hash Buckets": 524288,
                      "Original Hash Buckets": 524288,
                      "Hash Batches": 1,
                      "Original Hash Batches": 1,
                      "Peak Memory Usage": 4224,
                      "Plans": [
                        {
                          "Node Type": "Hash Join",
                          "Parent Relationship": "Outer",
                          "Parallel Aware": true,
                          "Join Type": "Inner",
                          "Startup Cost": 202773.89,
                          "Total Cost": 251591.85,
                          "Plan Rows": 106704,
                          "Plan Width": 8,
                          "Actual Startup Time": 317.788,
                          "Actual Total Time": 462.067,
                          "Actual Rows": 68,
                          "Actual Loops": 4,
                          "Inner Unique": false,
                          "Hash Cond": "(t.id = ci.movie_id)",
                          "Plans": [
                            {
                              "Node Type": "Seq Scan",
                              "Parent Relationship": "Outer",
                              "Parallel Aware": true,
                              "Relation Name": "title",
                              "Alias": "t",
                              "Startup Cost": 0.0,
                              "Total Cost": 42319.06,
                              "Plan Rows": 632106,
                              "Plan Width": 4,
                              "Actual Startup Time": 0.013,
                              "Actual Total Time": 79.019,
                              "Actual Rows": 632078,
                              "Actual Loops": 4
                            },
                            {
                              "Node Type": "Hash",
                              "Parent Relationship": "Inner",
                              "Parallel Aware": true,
                              "Startup Cost": 201884.69,
                              "Total Cost": 201884.69,
                              "Plan Rows": 71136,
                              "Plan Width": 4,
                              "Actual Startup Time": 315.117,
                              "Actual Total Time": 315.118,
                              "Actual Rows": 68,
                              "Actual Loops": 4,
                              "Hash Buckets": 524288,
                              "Original Hash Buckets": 524288,
                              "Hash Batches": 1,
                              "Original Hash Batches": 1,
                              "Peak Memory Usage": 4224,
                              "Plans": [
                                {
                                  "Node Type": "Index Scan",
                                  "Parent Relationship": "Outer",
                                  "Parallel Aware": true,
                                  "Scan Direction": "Forward",
                                  "Index Name": "role_id_cast_info",
                                  "Relation Name": "cast_info",
                                  "Alias": "ci",
                                  "Startup Cost": 0.56,
                                  "Total Cost": 201884.69,
                                  "Plan Rows": 71136,
                                  "Plan Width": 4,
                                  "Actual Startup Time": 5.357,
                                  "Actual Total Time": 314.786,
                                  "Actual Rows": 68,
                                  "Actual Loops": 4,
                                  "Index Cond": "(role_id = 2)",
                                  "Rows Removed by Index Recheck": 0,
                                  "Filter": "(person_id < 207170)",
                                  "Rows Removed by Filter": 1862925
                                }
                              ]
                            }
                          ]
                        }
                      ]
                    }
                  ]
                }
              ]
            }
          ]
        }
      ]
    },
    "Planning Time": 0.663,
    "Triggers": [],
    "Execution Time": 685.295
  }
]