[
  {
    "Plan": {
      "Node Type": "Aggregate",
      "Strategy": "Plain",
      "Partial Mode": "Finalize",
      "Parallel Aware": false,
      "Startup Cost": 128825.88,
      "Total Cost": 128825.89,
      "Plan Rows": 1,
      "Plan Width": 8,
      "Actual Startup Time": 405.191,
      "Actual Total Time": 423.773,
      "Actual Rows": 1,
      "Actual Loops": 1,
      "Plans": [
        {
          "Node Type": "Gather",
          "Parent Relationship": "Outer",
          "Parallel Aware": false,
          "Startup Cost": 128825.36,
          "Total Cost": 128825.87,
          "Plan Rows": 5,
          "Plan Width": 8,
          "Actual Startup Time": 401.298,
          "Actual Total Time": 423.762,
          "Actual Rows": 6,
          "Actual Loops": 1,
          "Workers Planned": 5,
          "Workers Launched": 5,
          "Single Copy": false,
          "Plans": [
            {
              "Node Type": "Aggregate",
              "Strategy": "Plain",
              "Partial Mode": "Partial",
              "Parent Relationship": "Outer",
              "Parallel Aware": false,
              "Startup Cost": 127825.36,
              "Total Cost": 127825.37,
              "Plan Rows": 1,
              "Plan Width": 8,
              "Actual Startup Time": 390.926,
              "Actual Total Time": 390.929,
              "Actual Rows": 1,
              "Actual Loops": 6,
              "Plans": [
                {
                  "Node Type": "Hash Join",
                  "Parent Relationship": "Outer",
                  "Parallel Aware": true,
                  "Join Type": "Inner",
                  "Startup Cost": 48405.5,
                  "Total Cost": 127387.45,
                  "Plan Rows": 175164,
                  "Plan Width": 0,
                  "Actual Startup Time": 170.188,
                  "Actual Total Time": 385.13,
                  "Actual Rows": 106929,
                  "Actual Loops": 6,
                  "Inner Unique": true,
                  "Hash Cond": "(ci.movie_id = t.id)",
                  "Plans": [
                    {
                      "Node Type": "Index Scan",
                      "Parent Relationship": "Outer",
                      "Parallel Aware": true,
                      "Scan Direction": "Forward",
                      "Index Name": "role_id_cast_info",
                      "Relation Name": "cast_info",
                      "Alias": "ci",
                      "Startup Cost": 0.56,
                      "Total Cost": 77740.85,
                      "Plan Rows": 473013,
                      "Plan Width": 4,
                      "Actual Startup Time": 0.259,
                      "Actual Total Time": 100.177,
                      "Actual Rows": 317732,
                      "Actual Loops": 6,
                      "Index Cond": "(role_id = 4)",
                      "Rows Removed by Index Recheck": 0,
                      "Filter": "(person_id < 3047998)",
                      "Rows Removed by Filter": 137092
                    },
                    {
                      "Node Type": "Hash",
                      "Parent Relationship": "Inner",
                      "Parallel Aware": true,
                      "Startup Cost": 45479.1,
                      "Total Cost": 45479.1,
                      "Plan Rows": 234067,
                      "Plan Width": 4,
                      "Actual Startup Time": 166.25,
                      "Actual Total Time": 166.251,
                      "Actual Rows": 158449,
                      "Actual Loops": 6,
                      "Hash Buckets": 1048576,
                      "Original Hash Buckets": 1048576,
                      "Hash Batches": 1,
                      "Original Hash Batches": 1,
                      "Peak Memory Usage": 45472,
                      "Plans": [
                        {
                          "Node Type": "Seq Scan",
                          "Parent Relationship": "Outer",
                          "Parallel Aware": true,
                          "Relation Name": "title",
                          "Alias": "t",
                          "Startup Cost": 0.0,
                          "Total Cost": 45479.1,
                          "Plan Rows": 234067,
                          "Plan Width": 4,
                          "Actual Startup Time": 0.052,
                          "Actual Total Time": 93.53,
                          "Actual Rows": 158449,
                          "Actual Loops": 6,
                          "Filter": "((kind_id < 7) AND (production_year < 2013))",
                          "Rows Removed by Filter": 262936
                        }
                      ]
                    }
                  ]
                }
              ]
            }
          ]
        }
      ]
    },
    "Planning Time": 0.643,
    "Triggers": [],
    "Execution Time": 423.85
  }
]