{
    "Plan": {
        "Node Type": "Aggregate",
        "Strategy": "Plain",
        "Partial Mode": "Finalize",
        "Parallel Aware": false,
        "Startup Cost": 251036.8,
        "Total Cost": 251036.81,
        "Plan Rows": 1,
        "Plan Width": 8,
        "Actual Startup Time": 608.173,
        "Actual Total Time": 644.279,
        "Actual Rows": 1,
        "Actual Loops": 1,
        "Output": [
            "count(*)"
        ],
        "Plans": [
            {
                "Node Type": "Gather",
                "Parent Relationship": "Outer",
                "Parallel Aware": false,
                "Startup Cost": 251036.28,
                "Total Cost": 251036.79,
                "Plan Rows": 5,
                "Plan Width": 8,
                "Actual Startup Time": 600.972,
                "Actual Total Time": 644.267,
                "Actual Rows": 6,
                "Actual Loops": 1,
                "Output": [
                    "(PARTIAL count(*))"
                ],
                "Workers Planned": 5,
                "Workers Launched": 5,
                "Single Copy": false,
                "Plans": [
                    {
                        "Node Type": "Aggregate",
                        "Strategy": "Plain",
                        "Partial Mode": "Partial",
                        "Parent Relationship": "Outer",
                        "Parallel Aware": false,
                        "Startup Cost": 250036.28,
                        "Total Cost": 250036.29,
                        "Plan Rows": 1,
                        "Plan Width": 8,
                        "Actual Startup Time": 586.613,
                        "Actual Total Time": 586.616,
                        "Actual Rows": 1,
                        "Actual Loops": 6,
                        "Output": [
                            "PARTIAL count(*)"
                        ],
                        "Workers": [
                            {
                                "Worker Number": 0,
                                "Actual Startup Time": 583.457,
                                "Actual Total Time": 583.46,
                                "Actual Rows": 1,
                                "Actual Loops": 1
                            },
                            {
                                "Worker Number": 1,
                                "Actual Startup Time": 583.635,
                                "Actual Total Time": 583.639,
                                "Actual Rows": 1,
                                "Actual Loops": 1
                            },
                            {
                                "Worker Number": 2,
                                "Actual Startup Time": 583.732,
                                "Actual Total Time": 583.735,
                                "Actual Rows": 1,
                                "Actual Loops": 1
                            },
                            {
                                "Worker Number": 3,
                                "Actual Startup Time": 583.847,
                                "Actual Total Time": 583.851,
                                "Actual Rows": 1,
                                "Actual Loops": 1
                            },
                            {
                                "Worker Number": 4,
                                "Actual Startup Time": 584.83,
                                "Actual Total Time": 584.832,
                                "Actual Rows": 1,
                                "Actual Loops": 1
                            }
                        ],
                        "Plans": [
                            {
                                "Node Type": "Hash Join",
                                "Parent Relationship": "Outer",
                                "Parallel Aware": true,
                                "Join Type": "Inner",
                                "Startup Cost": 49778.92,
                                "Total Cost": 249465.28,
                                "Plan Rows": 228399,
                                "Plan Width": 0,
                                "Actual Startup Time": 475.017,
                                "Actual Total Time": 579.71,
                                "Actual Rows": 174667,
                                "Actual Loops": 6,
                                "Inner Unique": true,
                                "Hash Cond": "(mi.movie_id = t.id)",
                                "Workers": [
                                    {
                                        "Worker Number": 0,
                                        "Actual Startup Time": 472.035,
                                        "Actual Total Time": 576.618,
                                        "Actual Rows": 173267,
                                        "Actual Loops": 1
                                    },
                                    {
                                        "Worker Number": 1,
                                        "Actual Startup Time": 472.213,
                                        "Actual Total Time": 576.892,
                                        "Actual Rows": 173130,
                                        "Actual Loops": 1
                                    },
                                    {
                                        "Worker Number": 2,
                                        "Actual Startup Time": 472.314,
                                        "Actual Total Time": 577.074,
                                        "Actual Rows": 171875,
                                        "Actual Loops": 1
                                    },
                                    {
                                        "Worker Number": 3,
                                        "Actual Startup Time": 472.424,
                                        "Actual Total Time": 577.025,
                                        "Actual Rows": 174999,
                                        "Actual Loops": 1
                                    },
                                    {
                                        "Worker Number": 4,
                                        "Actual Startup Time": 472.351,
                                        "Actual Total Time": 578.142,
                                        "Actual Rows": 171117,
                                        "Actual Loops": 1
                                    }
                                ],
                                "Plans": [
                                    {
                                        "Node Type": "Seq Scan",
                                        "Parent Relationship": "Outer",
                                        "Parallel Aware": true,
                                        "Relation Name": "movie_info",
                                        "Schema": "public",
                                        "Alias": "mi",
                                        "Startup Cost": 0.0,
                                        "Total Cost": 198880.74,
                                        "Plan Rows": 306906,
                                        "Plan Width": 4,
                                        "Actual Startup Time": 252.04,
                                        "Actual Total Time": 284.658,
                                        "Actual Rows": 255652,
                                        "Actual Loops": 6,
                                        "Output": [
                                            "mi.id",
                                            "mi.movie_id",
                                            "mi.info_type_id",
                                            "mi.info",
                                            "mi.note"
                                        ],
                                        "Filter": "(mi.info_type_id = 3)",
                                        "Rows Removed by Filter": 2216968,
                                        "Workers": [
                                            {
                                                "Worker Number": 0,
                                                "Actual Startup Time": 252.0,
                                                "Actual Total Time": 285.824,
                                                "Actual Rows": 252809,
                                                "Actual Loops": 1
                                            },
                                            {
                                                "Worker Number": 1,
                                                "Actual Startup Time": 252.025,
                                                "Actual Total Time": 285.442,
                                                "Actual Rows": 252390,
                                                "Actual Loops": 1
                                            },
                                            {
                                                "Worker Number": 2,
                                                "Actual Startup Time": 252.034,
                                                "Actual Total Time": 284.941,
                                                "Actual Rows": 252489,
                                                "Actual Loops": 1
                                            },
                                            {
                                                "Worker Number": 3,
                                                "Actual Startup Time": 252.183,
                                                "Actual Total Time": 285.786,
                                                "Actual Rows": 253916,
                                                "Actual Loops": 1
                                            },
                                            {
                                                "Worker Number": 4,
                                                "Actual Startup Time": 251.997,
                                                "Actual Total Time": 285.446,
                                                "Actual Rows": 251853,
                                                "Actual Loops": 1
                                            }
                                        ]
                                    },
                                    {
                                        "Node Type": "Hash",
                                        "Parent Relationship": "Inner",
                                        "Parallel Aware": true,
                                        "Startup Cost": 43899.01,
                                        "Total Cost": 43899.01,
                                        "Plan Rows": 470393,
                                        "Plan Width": 4,
                                        "Actual Startup Time": 217.279,
                                        "Actual Total Time": 217.28,
                                        "Actual Rows": 314628,
                                        "Actual Loops": 6,
                                        "Output": [
                                            "t.id"
                                        ],
                                        "Hash Buckets": 2097152,
                                        "Original Hash Buckets": 2097152,
                                        "Hash Batches": 1,
                                        "Original Hash Batches": 1,
                                        "Peak Memory Usage": 90272,
                                        "Workers": [
                                            {
                                                "Worker Number": 0,
                                                "Actual Startup Time": 219.231,
                                                "Actual Total Time": 219.232,
                                                "Actual Rows": 294335,
                                                "Actual Loops": 1
                                            },
                                            {
                                                "Worker Number": 1,
                                                "Actual Startup Time": 219.435,
                                                "Actual Total Time": 219.437,
                                                "Actual Rows": 298451,
                                                "Actual Loops": 1
                                            },
                                            {
                                                "Worker Number": 2,
                                                "Actual Startup Time": 219.528,
                                                "Actual Total Time": 219.529,
                                                "Actual Rows": 294292,
                                                "Actual Loops": 1
                                            },
                                            {
                                                "Worker Number": 3,
                                                "Actual Startup Time": 219.677,
                                                "Actual Total Time": 219.678,
                                                "Actual Rows": 296589,
                                                "Actual Loops": 1
                                            },
                                            {
                                                "Worker Number": 4,
                                                "Actual Startup Time": 219.593,
                                                "Actual Total Time": 219.594,
                                                "Actual Rows": 295132,
                                                "Actual Loops": 1
                                            }
                                        ],
                                        "Plans": [
                                            {
                                                "Node Type": "Seq Scan",
                                                "Parent Relationship": "Outer",
                                                "Parallel Aware": true,
                                                "Relation Name": "title",
                                                "Schema": "public",
                                                "Alias": "t",
                                                "Startup Cost": 0.0,
                                                "Total Cost": 43899.01,
                                                "Plan Rows": 470393,
                                                "Plan Width": 4,
                                                "Actual Startup Time": 0.062,
                                                "Actual Total Time": 85.363,
                                                "Actual Rows": 314628,
                                                "Actual Loops": 6,
                                                "Output": [
                                                    "t.id"
                                                ],
                                                "Filter": "(t.production_year > 1983)",
                                                "Rows Removed by Filter": 106757,
                                                "Workers": [
                                                    {
                                                        "Worker Number": 0,
                                                        "Actual Startup Time": 0.077,
                                                        "Actual Total Time": 87.993,
                                                        "Actual Rows": 294335,
                                                        "Actual Loops": 1
                                                    },
                                                    {
                                                        "Worker Number": 1,
                                                        "Actual Startup Time": 0.074,
                                                        "Actual Total Time": 87.885,
                                                        "Actual Rows": 298451,
                                                        "Actual Loops": 1
                                                    },
                                                    {
                                                        "Worker Number": 2,
                                                        "Actual Startup Time": 0.066,
                                                        "Actual Total Time": 89.429,
                                                        "Actual Rows": 294292,
                                                        "Actual Loops": 1
                                                    },
                                                    {
                                                        "Worker Number": 3,
                                                        "Actual Startup Time": 0.063,
                                                        "Actual Total Time": 87.756,
                                                        "Actual Rows": 296589,
                                                        "Actual Loops": 1
                                                    },
                                                    {
                                                        "Worker Number": 4,
                                                        "Actual Startup Time": 0.073,
                                                        "Actual Total Time": 88.241,
                                                        "Actual Rows": 295132,
                                                        "Actual Loops": 1
                                                    }
                                                ]
                                            }
                                        ]
                                    }
                                ]
                            }
                        ]
                    }
                ]
            }
        ]
    },
    "Planning Time": 0.685,
    "Triggers": [],
    "Execution Time": 644.356
}