[
  {
    "Plan": {
      "Node Type": "Aggregate",
      "Strategy": "Plain",
      "Partial Mode": "Finalize",
      "Parallel Aware": false,
      "Startup Cost": 170062.9,
      "Total Cost": 170062.91,
      "Plan Rows": 1,
      "Plan Width": 8,
      "Actual Startup Time": 1078.281,
      "Actual Total Time": 1141.88,
      "Actual Rows": 1,
      "Actual Loops": 1,
      "Plans": [
        {
          "Node Type": "Gather",
          "Parent Relationship": "Outer",
          "Parallel Aware": false,
          "Startup Cost": 170062.48,
          "Total Cost": 170062.89,
          "Plan Rows": 4,
          "Plan Width": 8,
          "Actual Startup Time": 1075.214,
          "Actual Total Time": 1141.869,
          "Actual Rows": 5,
          "Actual Loops": 1,
          "Workers Planned": 4,
          "Workers Launched": 4,
          "Single Copy": false,
          "Plans": [
            {
              "Node Type": "Aggregate",
              "Strategy": "Plain",
              "Partial Mode": "Partial",
              "Parent Relationship": "Outer",
              "Parallel Aware": false,
              "Startup Cost": 169062.48,
              "Total Cost": 169062.49,
              "Plan Rows": 1,
              "Plan Width": 8,
              "Actual Startup Time": 1065.096,
              "Actual Total Time": 1065.1,
              "Actual Rows": 1,
              "Actual Loops": 5,
              "Plans": [
                {
                  "Node Type": "Nested Loop",
                  "Parent Relationship": "Outer",
                  "Parallel Aware": false,
                  "Join Type": "Inner",
                  "Startup Cost": 31351.74,
                  "Total Cost": 168937.68,
                  "Plan Rows": 49920,
                  "Plan Width": 0,
                  "Actual Startup Time": 118.06,
                  "Actual Total Time": 1046.266,
                  "Actual Rows": 368173,
                  "Actual Loops": 5,
                  "Inner Unique": false,
                  "Plans": [
                    {
                      "Node Type": "Hash Join",
                      "Parent Relationship": "Outer",
                      "Parallel Aware": true,
                      "Join Type": "Inner",
                      "Startup Cost": 31351.3,
                      "Total Cost": 77006.18,
                      "Plan Rows": 54493,
                      "Plan Width": 8,
                      "Actual Startup Time": 117.907,
                      "Actual Total Time": 329.878,
                      "Actual Rows": 66828,
                      "Actual Loops": 5,
                      "Inner Unique": false,
                      "Hash Cond": "(t.id = mc.movie_id)",
                      "Plans": [
                        {
                          "Node Type": "Seq Scan",
                          "Parent Relationship": "Outer",
                          "Parallel Aware": true,
                          "Relation Name": "title",
                          "Alias": "t",
                          "Startup Cost": 0.0,
                          "Total Cost": 42318.73,
                          "Plan Rows": 632073,
                          "Plan Width": 4,
                          "Actual Startup Time": 0.011,
                          "Actual Total Time": 62.791,
                          "Actual Rows": 505662,
                          "Actual Loops": 5
                        },
                        {
                          "Node Type": "Hash",
                          "Parent Relationship": "Inner",
                          "Parallel Aware": true,
                          "Startup Cost": 30472.39,
                          "Total Cost": 30472.39,
                          "Plan Rows": 70313,
                          "Plan Width": 4,
                          "Actual Startup Time": 116.044,
                          "Actual Total Time": 116.045,
                          "Actual Rows": 66828,
                          "Actual Loops": 5,
                          "Hash Buckets": 524288,
                          "Original Hash Buckets": 262144,
                          "Hash Batches": 1,
                          "Original Hash Batches": 1,
                          "Peak Memory Usage": 19296,
                          "Plans": [
                            {
                              "Node Type": "Bitmap Heap Scan",
                              "Parent Relationship": "Outer",
                              "Parallel Aware": true,
                              "Relation Name": "movie_companies",
                              "Alias": "mc",
                              "Startup Cost": 9539.86,
                              "Total Cost": 30472.39,
                              "Plan Rows": 70313,
                              "Plan Width": 4,
                              "Actual Startup Time": 34.544,
                              "Actual Total Time": 83.351,
                              "Actual Rows": 66828,
                              "Actual Loops": 5,
                              "Recheck Cond": "(company_id < 329)",
                              "Rows Removed by Index Recheck": 0,
                              "Filter": "(company_type_id < 2)",
                              "Rows Removed by Filter": 21035,
                              "Exact Heap Blocks": 6785,
                              "Lossy Heap Blocks": 0,
                              "Plans": [
                                {
                                  "Node Type": "Bitmap Index Scan",
                                  "Parent Relationship": "Outer",
                                  "Parallel Aware": false,
                                  "Index Name": "company_id_movie_companies",
                                  "Startup Cost": 0.0,
                                  "Total Cost": 9485.36,
                                  "Plan Rows": 442791,
                                  "Plan Width": 0,
                                  "Actual Startup Time": 34.661,
                                  "Actual Total Time": 34.661,
                                  "Actual Rows": 439315,
                                  "Actual Loops": 1,
                                  "Index Cond": "(company_id < 329)"
                                }
                              ]
                            }
                          ]
                        }
                      ]
                    },
                    {
                      "Node Type": "Index Scan",
                      "Parent Relationship": "Inner",
                      "Parallel Aware": false,
                      "Scan Direction": "Forward",
                      "Index Name": "movie_id_movie_info",
                      "Relation Name": "movie_info",
                      "Alias": "mi",
                      "Startup Cost": 0.43,
                      "Total Cost": 1.62,
                      "Plan Rows": 7,
                      "Plan Width": 4,
                      "Actual Startup Time": 0.005,
                      "Actual Total Time": 0.01,
                      "Actual Rows": 6,
                      "Actual Loops": 334142,
                      "Index Cond": "(movie_id = t.id)",
                      "Rows Removed by Index Recheck": 0,
                      "Filter": "(info_type_id > 16)",
                      "Rows Removed by Filter": 14
                    }
                  ]
                }
              ]
            }
          ]
        }
      ]
    },
    "Planning Time": 1.424,
    "Triggers": [],
    "Execution Time": 1142.007
  }
]