[
  {
    "Plan": {
      "Node Type": "Aggregate",
      "Strategy": "Plain",
      "Partial Mode": "Finalize",
      "Parallel Aware": false,
      "Startup Cost": 46505.41,
      "Total Cost": 46505.42,
      "Plan Rows": 1,
      "Plan Width": 8,
      "Actual Startup Time": 223.659,
      "Actual Total Time": 234.011,
      "Actual Rows": 1,
      "Actual Loops": 1,
      "Plans": [
        {
          "Node Type": "Gather",
          "Parent Relationship": "Outer",
          "Parallel Aware": false,
          "Startup Cost": 46505.09,
          "Total Cost": 46505.4,
          "Plan Rows": 3,
          "Plan Width": 8,
          "Actual Startup Time": 223.524,
          "Actual Total Time": 234.0,
          "Actual Rows": 4,
          "Actual Loops": 1,
          "Workers Planned": 3,
          "Workers Launched": 3,
          "Single Copy": false,
          "Plans": [
            {
              "Node Type": "Aggregate",
              "Strategy": "Plain",
              "Partial Mode": "Partial",
              "Parent Relationship": "Outer",
              "Parallel Aware": false,
              "Startup Cost": 45505.09,
              "Total Cost": 45505.1,
              "Plan Rows": 1,
              "Plan Width": 8,
              "Actual Startup Time": 215.559,
              "Actual Total Time": 215.561,
              "Actual Rows": 1,
              "Actual Loops": 4,
              "Plans": [
                {
                  "Node Type": "Seq Scan",
                  "Parent Relationship": "Outer",
                  "Parallel Aware": true,
                  "Relation Name": "movie_keyword",
                  "Alias": "mk",
                  "Startup Cost": 0.0,
                  "Total Cost": 42695.65,
                  "Plan Rows": 1123775,
                  "Plan Width": 0,
                  "Actual Startup Time": 0.062,
                  "Actual Total Time": 161.75,
                  "Actual Rows": 871260,
                  "Actual Loops": 4,
                  "Filter": "(keyword_id < 17069)",
                  "Rows Removed by Filter": 259722
                }
              ]
            }
          ]
        }
      ]
    },
    "Planning Time": 0.149,
    "Triggers": [],
    "Execution Time": 234.059
  }
]