[
  {
    "Plan": {
      "Node Type": "Aggregate",
      "Strategy": "Plain",
      "Partial Mode": "Finalize",
      "Parallel Aware": false,
      "Startup Cost": 283781.0,
      "Total Cost": 283781.01,
      "Plan Rows": 1,
      "Plan Width": 8,
      "Actual Startup Time": 1436.99,
      "Actual Total Time": 1486.185,
      "Actual Rows": 1,
      "Actual Loops": 1,
      "Plans": [
        {
          "Node Type": "Gather",
          "Parent Relationship": "Outer",
          "Parallel Aware": false,
          "Startup Cost": 283780.48,
          "Total Cost": 283780.99,
          "Plan Rows": 5,
          "Plan Width": 8,
          "Actual Startup Time": 1429.744,
          "Actual Total Time": 1486.173,
          "Actual Rows": 6,
          "Actual Loops": 1,
          "Workers Planned": 5,
          "Workers Launched": 5,
          "Single Copy": false,
          "Plans": [
            {
              "Node Type": "Aggregate",
              "Strategy": "Plain",
              "Partial Mode": "Partial",
              "Parent Relationship": "Outer",
              "Parallel Aware": false,
              "Startup Cost": 282780.48,
              "Total Cost": 282780.49,
              "Plan Rows": 1,
              "Plan Width": 8,
              "Actual Startup Time": 1419.693,
              "Actual Total Time": 1420.108,
              "Actual Rows": 1,
              "Actual Loops": 6,
              "Plans": [
                {
                  "Node Type": "Hash Join",
                  "Parent Relationship": "Outer",
                  "Parallel Aware": true,
                  "Join Type": "Inner",
                  "Startup Cost": 77805.34,
                  "Total Cost": 281764.44,
                  "Plan Rows": 406415,
                  "Plan Width": 0,
                  "Actual Startup Time": 340.184,
                  "Actual Total Time": 1311.647,
                  "Actual Rows": 2233134,
                  "Actual Loops": 6,
                  "Inner Unique": false,
                  "Hash Cond": "(mi.movie_id = t.id)",
                  "Plans": [
                    {
                      "Node Type": "Seq Scan",
                      "Parent Relationship": "Outer",
                      "Parallel Aware": true,
                      "Relation Name": "movie_info",
                      "Alias": "mi",
                      "Startup Cost": 0.0,
                      "Total Cost": 191560.33,
                      "Plan Rows": 2956733,
                      "Plan Width": 4,
                      "Actual Startup Time": 0.014,
                      "Actual Total Time": 327.968,
                      "Actual Rows": 2472620,
                      "Actual Loops": 6
                    },
                    {
                      "Node Type": "Hash",
                      "Parent Relationship": "Inner",
                      "Parallel Aware": true,
                      "Startup Cost": 76404.03,
                      "Total Cost": 76404.03,
                      "Plan Rows": 112105,
                      "Plan Width": 8,
                      "Actual Startup Time": 324.022,
                      "Actual Total Time": 324.435,
                      "Actual Rows": 106770,
                      "Actual Loops": 6,
                      "Hash Buckets": 1048576,
                      "Original Hash Buckets": 524288,
                      "Hash Batches": 1,
                      "Original Hash Batches": 1,
                      "Peak Memory Usage": 37472,
                      "Plans": [
                        {
                          "Node Type": "Hash Join",
                          "Parent Relationship": "Outer",
                          "Parallel Aware": true,
                          "Join Type": "Inner",
                          "Startup Cost": 45971.59,
                          "Total Cost": 76404.03,
                          "Plan Rows": 112105,
                          "Plan Width": 8,
                          "Actual Startup Time": 204.899,
                          "Actual Total Time": 270.835,
                          "Actual Rows": 106770,
                          "Actual Loops": 6,
                          "Inner Unique": true,
                          "Hash Cond": "(mc.movie_id = t.id)",
                          "Plans": [
                            {
                              "Node Type": "Seq Scan",
                              "Parent Relationship": "Outer",
                              "Parallel Aware": true,
                              "Relation Name": "movie_companies",
                              "Alias": "mc",
                              "Startup Cost": 0.0,
                              "Total Cost": 29310.68,
                              "Plan Rows": 427336,
                              "Plan Width": 4,
                              "Actual Startup Time": 25.476,
                              "Actual Total Time": 57.768,
                              "Actual Rows": 222480,
                              "Actual Loops": 6,
                              "Filter": "(company_type_id > 1)",
                              "Rows Removed by Filter": 212374
                            },
                            {
                              "Node Type": "Hash",
                              "Parent Relationship": "Inner",
                              "Parallel Aware": true,
                              "Startup Cost": 43898.92,
                              "Total Cost": 43898.92,
                              "Plan Rows": 165814,
                              "Plan Width": 4,
                              "Actual Startup Time": 146.264,
                              "Actual Total Time": 146.265,
                              "Actual Rows": 110471,
                              "Actual Loops": 6,
                              "Hash Buckets": 1048576,
                              "Original Hash Buckets": 1048576,
                              "Hash Batches": 1,
                              "Original Hash Batches": 1,
                              "Peak Memory Usage": 34240,
                              "Plans": [
                                {
                                  "Node Type": "Seq Scan",
                                  "Parent Relationship": "Outer",
                                  "Parallel Aware": true,
                                  "Relation Name": "title",
                                  "Alias": "t",
                                  "Startup Cost": 0.0,
                                  "Total Cost": 43898.92,
                                  "Plan Rows": 165814,
                                  "Plan Width": 4,
                                  "Actual Startup Time": 46.113,
                                  "Actual Total Time": 90.593,
                                  "Actual Rows": 110471,
                                  "Actual Loops": 6,
                                  "Filter": "(kind_id = 1)",
                                  "Rows Removed by Filter": 310914
                                }
                              ]
                            }
                          ]
                        }
                      ]
                    }
                  ]
                }
              ]
            }
          ]
        }
      ]
    },
    "Planning Time": 1.409,
    "Triggers": [],
    "Execution Time": 1486.274
  }
]