[
  {
    "Plan": {
      "Node Type": "Aggregate",
      "Strategy": "Plain",
      "Partial Mode": "Finalize",
      "Parallel Aware": false,
      "Startup Cost": 326567.52,
      "Total Cost": 326567.53,
      "Plan Rows": 1,
      "Plan Width": 8,
      "Actual Startup Time": 265.112,
      "Actual Total Time": 275.57,
      "Actual Rows": 1,
      "Actual Loops": 1,
      "Plans": [
        {
          "Node Type": "Gather",
          "Parent Relationship": "Outer",
          "Parallel Aware": false,
          "Startup Cost": 326566.9,
          "Total Cost": 326567.51,
          "Plan Rows": 6,
          "Plan Width": 8,
          "Actual Startup Time": 264.292,
          "Actual Total Time": 275.562,
          "Actual Rows": 7,
          "Actual Loops": 1,
          "Workers Planned": 6,
          "Workers Launched": 6,
          "Single Copy": false,
          "Plans": [
            {
              "Node Type": "Aggregate",
              "Strategy": "Plain",
              "Partial Mode": "Partial",
              "Parent Relationship": "Outer",
              "Parallel Aware": false,
              "Startup Cost": 325566.9,
              "Total Cost": 325566.91,
              "Plan Rows": 1,
              "Plan Width": 8,
              "Actual Startup Time": 256.15,
              "Actual Total Time": 256.152,
              "Actual Rows": 1,
              "Actual Loops": 7,
              "Plans": [
                {
                  "Node Type": "Bitmap Heap Scan",
                  "Parent Relationship": "Outer",
                  "Parallel Aware": true,
                  "Relation Name": "cast_info",
                  "Alias": "ci",
                  "Startup Cost": 65037.66,
                  "Total Cost": 325141.23,
                  "Plan Rows": 170268,
                  "Plan Width": 0,
                  "Actual Startup Time": 125.703,
                  "Actual Total Time": 239.557,
                  "Actual Rows": 311081,
                  "Actual Loops": 7,
                  "Recheck Cond": "(person_id < 293630)",
                  "Rows Removed by Index Recheck": 0,
                  "Filter": "(role_id < 2)",
                  "Rows Removed by Filter": 121051,
                  "Exact Heap Blocks": 7111,
                  "Lossy Heap Blocks": 0,
                  "Plans": [
                    {
                      "Node Type": "Bitmap Index Scan",
                      "Parent Relationship": "Outer",
                      "Parallel Aware": false,
                      "Index Name": "person_id_cast_info",
                      "Startup Cost": 0.0,
                      "Total Cost": 64782.26,
                      "Plan Rows": 2966626,
                      "Plan Width": 0,
                      "Actual Startup Time": 127.7,
                      "Actual Total Time": 127.701,
                      "Actual Rows": 3024926,
                      "Actual Loops": 1,
                      "Index Cond": "(person_id < 293630)"
                    }
                  ]
                }
              ]
            }
          ]
        }
      ]
    },
    "Planning Time": 0.191,
    "Triggers": [],
    "Execution Time": 275.637
  }
]