[
  {
    "Plan": {
      "Node Type": "Aggregate",
      "Strategy": "Plain",
      "Partial Mode": "Simple",
      "Parallel Aware": false,
      "Startup Cost": 1150.86,
      "Total Cost": 1150.87,
      "Plan Rows": 1,
      "Plan Width": 8,
      "Actual Startup Time": 8.271,
      "Actual Total Time": 8.272,
      "Actual Rows": 1,
      "Actual Loops": 1,
      "Plans": [
        {
          "Node Type": "Nested Loop",
          "Parent Relationship": "Outer",
          "Parallel Aware": false,
          "Join Type": "Inner",
          "Startup Cost": 1.29,
          "Total Cost": 1150.84,
          "Plan Rows": 9,
          "Plan Width": 0,
          "Actual Startup Time": 0.344,
          "Actual Total Time": 8.106,
          "Actual Rows": 3792,
          "Actual Loops": 1,
          "Inner Unique": false,
          "Plans": [
            {
              "Node Type": "Nested Loop",
              "Parent Relationship": "Outer",
              "Parallel Aware": false,
              "Join Type": "Inner",
              "Startup Cost": 0.86,
              "Total Cost": 1135.05,
              "Plan Rows": 5,
              "Plan Width": 8,
              "Actual Startup Time": 0.326,
              "Actual Total Time": 6.767,
              "Actual Rows": 49,
              "Actual Loops": 1,
              "Inner Unique": true,
              "Plans": [
                {
                  "Node Type": "Index Scan",
                  "Parent Relationship": "Outer",
                  "Parallel Aware": false,
                  "Scan Direction": "Forward",
                  "Index Name": "company_id_movie_companies",
                  "Relation Name": "movie_companies",
                  "Alias": "mc",
                  "Startup Cost": 0.43,
                  "Total Cost": 273.15,
                  "Plan Rows": 102,
                  "Plan Width": 4,
                  "Actual Startup Time": 0.099,
                  "Actual Total Time": 1.713,
                  "Actual Rows": 1477,
                  "Actual Loops": 1,
                  "Index Cond": "(company_id = 2690)",
                  "Rows Removed by Index Recheck": 0
                },
                {
                  "Node Type": "Index Scan",
                  "Parent Relationship": "Inner",
                  "Parallel Aware": false,
                  "Scan Direction": "Forward",
                  "Index Name": "title_pkey",
                  "Relation Name": "title",
                  "Alias": "t",
                  "Startup Cost": 0.43,
                  "Total Cost": 8.45,
                  "Plan Rows": 1,
                  "Plan Width": 4,
                  "Actual Startup Time": 0.003,
                  "Actual Total Time": 0.003,
                  "Actual Rows": 0,
                  "Actual Loops": 1477,
                  "Index Cond": "(id = mc.movie_id)",
                  "Rows Removed by Index Recheck": 0,
                  "Filter": "(production_year = 2008)",
                  "Rows Removed by Filter": 1
                }
              ]
            },
            {
              "Node Type": "Index Only Scan",
              "Parent Relationship": "Inner",
              "Parallel Aware": false,
              "Scan Direction": "Forward",
              "Index Name": "movie_id_movie_keyword",
              "Relation Name": "movie_keyword",
              "Alias": "mk",
              "Startup Cost": 0.43,
              "Total Cost": 2.7,
              "Plan Rows": 46,
              "Plan Width": 4,
              "Actual Startup Time": 0.011,
              "Actual Total Time": 0.022,
              "Actual Rows": 77,
              "Actual Loops": 49,
              "Index Cond": "(movie_id = t.id)",
              "Rows Removed by Index Recheck": 0,
              "Heap Fetches": 3792
            }
          ]
        }
      ]
    },
    "Planning Time": 0.497,
    "Triggers": [],
    "Execution Time": 8.302
  }
]