{
  "Plan": {
    "Node Type": "Aggregate",
    "Strategy": "Plain",
    "Partial Mode": "Finalize",
    "Parallel Aware": false,
    "Startup Cost": 647039.29,
    "Total Cost": 647039.3,
    "Plan Rows": 1,
    "Plan Width": 8,
    "Actual Startup Time": 9497.949,
    "Actual Total Time": 9564.486,
    "Actual Rows": 1,
    "Actual Loops": 1,
    "Plans": [
      {
        "Node Type": "Gather",
        "Parent Relationship": "Outer",
        "Parallel Aware": false,
        "Startup Cost": 647039.18,
        "Total Cost": 647039.29,
        "Plan Rows": 1,
        "Plan Width": 8,
        "Actual Startup Time": 9491.826,
        "Actual Total Time": 9564.475,
        "Actual Rows": 2,
        "Actual Loops": 1,
        "Workers Planned": 1,
        "Workers Launched": 1,
        "Single Copy": false,
        "Plans": [
          {
            "Node Type": "Aggregate",
            "Strategy": "Plain",
            "Partial Mode": "Partial",
            "Parent Relationship": "Outer",
            "Parallel Aware": false,
            "Startup Cost": 646039.18,
            "Total Cost": 646039.19,
            "Plan Rows": 1,
            "Plan Width": 8,
            "Actual Startup Time": 9479.774,
            "Actual Total Time": 9479.778,
            "Actual Rows": 1,
            "Actual Loops": 2,
            "Plans": [
              {
                "Node Type": "Hash Join",
                "Parent Relationship": "Outer",
                "Parallel Aware": true,
                "Join Type": "Inner",
                "Startup Cost": 72622.76,
                "Total Cost": 594356.12,
                "Plan Rows": 20673223,
                "Plan Width": 0,
                "Actual Startup Time": 538.734,
                "Actual Total Time": 8781.172,
                "Actual Rows": 17913992,
                "Actual Loops": 2,
                "Inner Unique": true,
                "Hash Cond": "(ci.movie_id = t.id)",
                "Plans": [
                  {
                    "Node Type": "Seq Scan",
                    "Parent Relationship": "Outer",
                    "Parallel Aware": true,
                    "Relation Name": "cast_info",
                    "Alias": "ci",
                    "Startup Cost": 0.0,
                    "Total Cost": 465792.95,
                    "Plan Rows": 21310595,
                    "Plan Width": 4,
                    "Actual Startup Time": 0.015,
                    "Actual Total Time": 1326.013,
                    "Actual Rows": 18122172,
                    "Actual Loops": 2
                  },
                  {
                    "Node Type": "Hash",
                    "Parent Relationship": "Inner",
                    "Parallel Aware": true,
                    "Startup Cost": 54588.39,
                    "Total Cost": 54588.39,
                    "Plan Rows": 1442750,
                    "Plan Width": 4,
                    "Actual Startup Time": 515.945,
                    "Actual Total Time": 515.946,
                    "Actual Rows": 1225173,
                    "Actual Loops": 2,
                    "Hash Buckets": 4194304,
                    "Original Hash Buckets": 4194304,
                    "Hash Batches": 1,
                    "Original Hash Batches": 1,
                    "Peak Memory Usage": 128640,
                    "Plans": [
                      {
                        "Node Type": "Seq Scan",
                        "Parent Relationship": "Outer",
                        "Parallel Aware": true,
                        "Relation Name": "title",
                        "Alias": "t",
                        "Startup Cost": 0.0,
                        "Total Cost": 54588.39,
                        "Plan Rows": 1442750,
                        "Plan Width": 4,
                        "Actual Startup Time": 0.03,
                        "Actual Total Time": 181.949,
                        "Actual Rows": 1225173,
                        "Actual Loops": 2,
                        "Filter": "(production_year > 1899)",
                        "Rows Removed by Filter": 38983
                      }
                    ]
                  }
                ]
              }
            ]
          }
        ]
      }
    ]
  },
  "Planning Time": 0.424,
  "Triggers": [],
  "Execution Time": 9564.569
}