[
  {
    "Plan": {
      "Node Type": "Aggregate",
      "Strategy": "Plain",
      "Partial Mode": "Finalize",
      "Parallel Aware": false,
      "Startup Cost": 91864.53,
      "Total Cost": 91864.54,
      "Plan Rows": 1,
      "Plan Width": 8,
      "Actual Startup Time": 422.252,
      "Actual Total Time": 441.731,
      "Actual Rows": 1,
      "Actual Loops": 1,
      "Plans": [
        {
          "Node Type": "Gather",
          "Parent Relationship": "Outer",
          "Parallel Aware": false,
          "Startup Cost": 91864.22,
          "Total Cost": 91864.53,
          "Plan Rows": 3,
          "Plan Width": 8,
          "Actual Startup Time": 419.294,
          "Actual Total Time": 441.715,
          "Actual Rows": 4,
          "Actual Loops": 1,
          "Workers Planned": 3,
          "Workers Launched": 3,
          "Single Copy": false,
          "Plans": [
            {
              "Node Type": "Aggregate",
              "Strategy": "Plain",
              "Partial Mode": "Partial",
              "Parent Relationship": "Outer",
              "Parallel Aware": false,
              "Startup Cost": 90864.22,
              "Total Cost": 90864.23,
              "Plan Rows": 1,
              "Plan Width": 8,
              "Actual Startup Time": 412.397,
              "Actual Total Time": 412.401,
              "Actual Rows": 1,
              "Actual Loops": 4,
              "Plans": [
                {
                  "Node Type": "Hash Join",
                  "Parent Relationship": "Outer",
                  "Parallel Aware": true,
                  "Join Type": "Inner",
                  "Startup Cost": 45085.65,
                  "Total Cost": 90478.53,
                  "Plan Rows": 154274,
                  "Plan Width": 0,
                  "Actual Startup Time": 153.244,
                  "Actual Total Time": 402.215,
                  "Actual Rows": 178078,
                  "Actual Loops": 4,
                  "Inner Unique": true,
                  "Hash Cond": "(mk.movie_id = t.id)",
                  "Plans": [
                    {
                      "Node Type": "Seq Scan",
                      "Parent Relationship": "Outer",
                      "Parallel Aware": true,
                      "Relation Name": "movie_keyword",
                      "Alias": "mk",
                      "Startup Cost": 0.0,
                      "Total Cost": 42695.65,
                      "Plan Rows": 1027517,
                      "Plan Width": 4,
                      "Actual Startup Time": 0.036,
                      "Actual Total Time": 141.746,
                      "Actual Rows": 795979,
                      "Actual Loops": 4,
                      "Filter": "(keyword_id < 12813)",
                      "Rows Removed by Filter": 335004
                    },
                    {
                      "Node Type": "Hash",
                      "Parent Relationship": "Inner",
                      "Parallel Aware": true,
                      "Startup Cost": 43899.32,
                      "Total Cost": 43899.32,
                      "Plan Rows": 94906,
                      "Plan Width": 4,
                      "Actual Startup Time": 151.039,
                      "Actual Total Time": 151.04,
                      "Actual Rows": 98968,
                      "Actual Loops": 4,
                      "Hash Buckets": 524288,
                      "Original Hash Buckets": 524288,
                      "Hash Batches": 1,
                      "Original Hash Batches": 1,
                      "Peak Memory Usage": 19616,
                      "Plans": [
                        {
                          "Node Type": "Seq Scan",
                          "Parent Relationship": "Outer",
                          "Parallel Aware": true,
                          "Relation Name": "title",
                          "Alias": "t",
                          "Startup Cost": 0.0,
                          "Total Cost": 43899.32,
                          "Plan Rows": 94906,
                          "Plan Width": 4,
                          "Actual Startup Time": 0.034,
                          "Actual Total Time": 109.738,
                          "Actual Rows": 98968,
                          "Actual Loops": 4,
                          "Filter": "(production_year < 1972)",
                          "Rows Removed by Filter": 533110
                        }
                      ]
                    }
                  ]
                }
              ]
            }
          ]
        }
      ]
    },
    "Planning Time": 0.213,
    "Triggers": [],
    "Execution Time": 441.764
  }
]