[
  {
    "Plan": {
      "Node Type": "Aggregate",
      "Strategy": "Plain",
      "Partial Mode": "Finalize",
      "Parallel Aware": false,
      "Startup Cost": 46865.98,
      "Total Cost": 46865.99,
      "Plan Rows": 1,
      "Plan Width": 8,
      "Actual Startup Time": 86.146,
      "Actual Total Time": 100.738,
      "Actual Rows": 1,
      "Actual Loops": 1,
      "Plans": [
        {
          "Node Type": "Gather",
          "Parent Relationship": "Outer",
          "Parallel Aware": false,
          "Startup Cost": 46865.76,
          "Total Cost": 46865.97,
          "Plan Rows": 2,
          "Plan Width": 8,
          "Actual Startup Time": 85.864,
          "Actual Total Time": 100.728,
          "Actual Rows": 3,
          "Actual Loops": 1,
          "Workers Planned": 2,
          "Workers Launched": 2,
          "Single Copy": false,
          "Plans": [
            {
              "Node Type": "Aggregate",
              "Strategy": "Plain",
              "Partial Mode": "Partial",
              "Parent Relationship": "Outer",
              "Parallel Aware": false,
              "Startup Cost": 45865.76,
              "Total Cost": 45865.77,
              "Plan Rows": 1,
              "Plan Width": 8,
              "Actual Startup Time": 77.335,
              "Actual Total Time": 77.337,
              "Actual Rows": 1,
              "Actual Loops": 3,
              "Plans": [
                {
                  "Node Type": "Nested Loop",
                  "Parent Relationship": "Outer",
                  "Parallel Aware": false,
                  "Join Type": "Inner",
                  "Startup Cost": 171.24,
                  "Total Cost": 45816.88,
                  "Plan Rows": 19552,
                  "Plan Width": 0,
                  "Actual Startup Time": 2.127,
                  "Actual Total Time": 75.662,
                  "Actual Rows": 18212,
                  "Actual Loops": 3,
                  "Inner Unique": false,
                  "Plans": [
                    {
                      "Node Type": "Nested Loop",
                      "Parent Relationship": "Outer",
                      "Parallel Aware": false,
                      "Join Type": "Inner",
                      "Startup Cost": 170.8,
                      "Total Cost": 39474.84,
                      "Plan Rows": 3330,
                      "Plan Width": 8,
                      "Actual Startup Time": 1.93,
                      "Actual Total Time": 29.592,
                      "Actual Rows": 3020,
                      "Actual Loops": 3,
                      "Inner Unique": true,
                      "Plans": [
                        {
                          "Node Type": "Bitmap Heap Scan",
                          "Parent Relationship": "Outer",
                          "Parallel Aware": true,
                          "Relation Name": "movie_keyword",
                          "Alias": "mk",
                          "Startup Cost": 170.37,
                          "Total Cost": 16768.0,
                          "Plan Rows": 3330,
                          "Plan Width": 4,
                          "Actual Startup Time": 1.746,
                          "Actual Total Time": 6.044,
                          "Actual Rows": 3020,
                          "Actual Loops": 3,
                          "Recheck Cond": "(keyword_id = 47)",
                          "Rows Removed by Index Recheck": 0,
                          "Exact Heap Blocks": 1421,
                          "Lossy Heap Blocks": 0,
                          "Plans": [
                            {
                              "Node Type": "Bitmap Index Scan",
                              "Parent Relationship": "Outer",
                              "Parallel Aware": false,
                              "Index Name": "keyword_id_movie_keyword",
                              "Startup Cost": 0.0,
                              "Total Cost": 168.37,
                              "Plan Rows": 7992,
                              "Plan Width": 0,
                              "Actual Startup Time": 3.923,
                              "Actual Total Time": 3.924,
                              "Actual Rows": 9060,
                              "Actual Loops": 1,
                              "Index Cond": "(keyword_id = 47)"
                            }
                          ]
                        },
                        {
                          "Node Type": "Index Only Scan",
                          "Parent Relationship": "Inner",
                          "Parallel Aware": false,
                          "Scan Direction": "Forward",
                          "Index Name": "title_pkey",
                          "Relation Name": "title",
                          "Alias": "t",
                          "Startup Cost": 0.43,
                          "Total Cost": 6.82,
                          "Plan Rows": 1,
                          "Plan Width": 4,
                          "Actual Startup Time": 0.007,
                          "Actual Total Time": 0.007,
                          "Actual Rows": 1,
                          "Actual Loops": 9060,
                          "Index Cond": "(id = mk.movie_id)",
                          "Rows Removed by Index Recheck": 0,
                          "Heap Fetches": 9060
                        }
                      ]
                    },
                    {
                      "Node Type": "Index Only Scan",
                      "Parent Relationship": "Inner",
                      "Parallel Aware": false,
                      "Scan Direction": "Forward",
                      "Index Name": "movie_id_movie_info",
                      "Relation Name": "movie_info",
                      "Alias": "mi",
                      "Startup Cost": 0.43,
                      "Total Cost": 1.49,
                      "Plan Rows": 41,
                      "Plan Width": 4,
                      "Actual Startup Time": 0.006,
                      "Actual Total Time": 0.014,
                      "Actual Rows": 6,
                      "Actual Loops": 9060,
                      "Index Cond": "(movie_id = t.id)",
                      "Rows Removed by Index Recheck": 0,
                      "Heap Fetches": 54637
                    }
                  ]
                }
              ]
            }
          ]
        }
      ]
    },
    "Planning Time": 1.373,
    "Triggers": [],
    "Execution Time": 100.839
  }
]