[
  {
    "Plan": {
      "Node Type": "Aggregate",
      "Strategy": "Plain",
      "Partial Mode": "Finalize",
      "Parallel Aware": false,
      "Startup Cost": 349170.29,
      "Total Cost": 349170.3,
      "Plan Rows": 1,
      "Plan Width": 8,
      "Actual Startup Time": 732.582,
      "Actual Total Time": 776.919,
      "Actual Rows": 1,
      "Actual Loops": 1,
      "Plans": [
        {
          "Node Type": "Gather",
          "Parent Relationship": "Outer",
          "Parallel Aware": false,
          "Startup Cost": 349169.66,
          "Total Cost": 349170.27,
          "Plan Rows": 6,
          "Plan Width": 8,
          "Actual Startup Time": 732.408,
          "Actual Total Time": 776.904,
          "Actual Rows": 7,
          "Actual Loops": 1,
          "Workers Planned": 6,
          "Workers Launched": 6,
          "Single Copy": false,
          "Plans": [
            {
              "Node Type": "Aggregate",
              "Strategy": "Plain",
              "Partial Mode": "Partial",
              "Parent Relationship": "Outer",
              "Parallel Aware": false,
              "Startup Cost": 348169.66,
              "Total Cost": 348169.67,
              "Plan Rows": 1,
              "Plan Width": 8,
              "Actual Startup Time": 727.743,
              "Actual Total Time": 727.745,
              "Actual Rows": 1,
              "Actual Loops": 7,
              "Plans": [
                {
                  "Node Type": "Seq Scan",
                  "Parent Relationship": "Outer",
                  "Parallel Aware": true,
                  "Relation Name": "cast_info",
                  "Alias": "ci",
                  "Startup Cost": 0.0,
                  "Total Cost": 343316.27,
                  "Plan Rows": 1941356,
                  "Plan Width": 0,
                  "Actual Startup Time": 0.03,
                  "Actual Total Time": 637.413,
                  "Actual Rows": 1912106,
                  "Actual Loops": 7,
                  "Filter": "((person_id < 1471514) AND (role_id < 7))",
                  "Rows Removed by Filter": 3265657
                }
              ]
            }
          ]
        }
      ]
    },
    "Planning Time": 0.197,
    "Triggers": [],
    "Execution Time": 776.983
  }
]