[
  {
    "Plan": {
      "Node Type": "Aggregate",
      "Strategy": "Plain",
      "Partial Mode": "Finalize",
      "Parallel Aware": false,
      "Startup Cost": 349142.72,
      "Total Cost": 349142.73,
      "Plan Rows": 1,
      "Plan Width": 8,
      "Actual Startup Time": 779.825,
      "Actual Total Time": 839.96,
      "Actual Rows": 1,
      "Actual Loops": 1,
      "Plans": [
        {
          "Node Type": "Gather",
          "Parent Relationship": "Outer",
          "Parallel Aware": false,
          "Startup Cost": 349142.1,
          "Total Cost": 349142.71,
          "Plan Rows": 6,
          "Plan Width": 8,
          "Actual Startup Time": 779.698,
          "Actual Total Time": 839.949,
          "Actual Rows": 7,
          "Actual Loops": 1,
          "Workers Planned": 6,
          "Workers Launched": 6,
          "Single Copy": false,
          "Plans": [
            {
              "Node Type": "Aggregate",
              "Strategy": "Plain",
              "Partial Mode": "Partial",
              "Parent Relationship": "Outer",
              "Parallel Aware": false,
              "Startup Cost": 348142.1,
              "Total Cost": 348142.11,
              "Plan Rows": 1,
              "Plan Width": 8,
              "Actual Startup Time": 769.352,
              "Actual Total Time": 769.354,
              "Actual Rows": 1,
              "Actual Loops": 7,
              "Plans": [
                {
                  "Node Type": "Seq Scan",
                  "Parent Relationship": "Outer",
                  "Parallel Aware": true,
                  "Relation Name": "cast_info",
                  "Alias": "ci",
                  "Startup Cost": 0.0,
                  "Total Cost": 343257.03,
                  "Plan Rows": 1954027,
                  "Plan Width": 0,
                  "Actual Startup Time": 0.054,
                  "Actual Total Time": 681.21,
                  "Actual Rows": 1912106,
                  "Actual Loops": 7,
                  "Filter": "((person_id < 1471514) AND (role_id < 7))",
                  "Rows Removed by Filter": 3265657
                }
              ]
            }
          ]
        }
      ]
    },
    "Planning Time": 0.209,
    "Triggers": [],
    "Execution Time": 840.026
  }
]