[
  {
    "Plan": {
      "Node Type": "Aggregate",
      "Strategy": "Plain",
      "Partial Mode": "Finalize",
      "Parallel Aware": false,
      "Startup Cost": 56869.45,
      "Total Cost": 56869.46,
      "Plan Rows": 1,
      "Plan Width": 8,
      "Actual Startup Time": 193.15,
      "Actual Total Time": 205.128,
      "Actual Rows": 1,
      "Actual Loops": 1,
      "Plans": [
        {
          "Node Type": "Gather",
          "Parent Relationship": "Outer",
          "Parallel Aware": false,
          "Startup Cost": 56869.13,
          "Total Cost": 56869.44,
          "Plan Rows": 3,
          "Plan Width": 8,
          "Actual Startup Time": 192.197,
          "Actual Total Time": 205.118,
          "Actual Rows": 4,
          "Actual Loops": 1,
          "Workers Planned": 3,
          "Workers Launched": 3,
          "Single Copy": false,
          "Plans": [
            {
              "Node Type": "Aggregate",
              "Strategy": "Plain",
              "Partial Mode": "Partial",
              "Parent Relationship": "Outer",
              "Parallel Aware": false,
              "Startup Cost": 55869.13,
              "Total Cost": 55869.14,
              "Plan Rows": 1,
              "Plan Width": 8,
              "Actual Startup Time": 182.591,
              "Actual Total Time": 182.595,
              "Actual Rows": 1,
              "Actual Loops": 4,
              "Plans": [
                {
                  "Node Type": "Nested Loop",
                  "Parent Relationship": "Outer",
                  "Parallel Aware": false,
                  "Join Type": "Inner",
                  "Startup Cost": 25055.43,
                  "Total Cost": 55851.47,
                  "Plan Rows": 7062,
                  "Plan Width": 0,
                  "Actual Startup Time": 70.659,
                  "Actual Total Time": 181.363,
                  "Actual Rows": 12981,
                  "Actual Loops": 4,
                  "Inner Unique": true,
                  "Join Filter": "(mc.movie_id = t.id)",
                  "Rows Removed by Join Filter": 0,
                  "Plans": [
                    {
                      "Node Type": "Hash Join",
                      "Parent Relationship": "Outer",
                      "Parallel Aware": true,
                      "Join Type": "Inner",
                      "Startup Cost": 25055.0,
                      "Total Cost": 33961.59,
                      "Plan Rows": 20535,
                      "Plan Width": 8,
                      "Actual Startup Time": 70.59,
                      "Actual Total Time": 113.317,
                      "Actual Rows": 14659,
                      "Actual Loops": 4,
                      "Inner Unique": false,
                      "Hash Cond": "(ci.movie_id = mc.movie_id)",
                      "Plans": [
                        {
                          "Node Type": "Index Scan",
                          "Parent Relationship": "Outer",
                          "Parallel Aware": true,
                          "Scan Direction": "Forward",
                          "Index Name": "role_id_cast_info",
                          "Relation Name": "cast_info",
                          "Alias": "ci",
                          "Startup Cost": 0.56,
                          "Total Cost": 8359.83,
                          "Plan Rows": 96218,
                          "Plan Width": 4,
                          "Actual Startup Time": 0.217,
                          "Actual Total Time": 16.809,
                          "Actual Rows": 79030,
                          "Actual Loops": 4,
                          "Index Cond": "(role_id > 10)",
                          "Rows Removed by Index Recheck": 0
                        },
                        {
                          "Node Type": "Hash",
                          "Parent Relationship": "Inner",
                          "Parallel Aware": true,
                          "Startup Cost": 24204.87,
                          "Total Cost": 24204.87,
                          "Plan Rows": 67965,
                          "Plan Width": 4,
                          "Actual Startup Time": 68.1,
                          "Actual Total Time": 68.101,
                          "Actual Rows": 51476,
                          "Actual Loops": 4,
                          "Hash Buckets": 262144,
                          "Original Hash Buckets": 262144,
                          "Hash Batches": 1,
                          "Original Hash Batches": 1,
                          "Peak Memory Usage": 10176,
                          "Plans": [
                            {
                              "Node Type": "Bitmap Heap Scan",
                              "Parent Relationship": "Outer",
                              "Parallel Aware": true,
                              "Relation Name": "movie_companies",
                              "Alias": "mc",
                              "Startup Cost": 4565.3,
                              "Total Cost": 24204.87,
                              "Plan Rows": 67965,
                              "Plan Width": 4,
                              "Actual Startup Time": 17.629,
                              "Actual Total Time": 45.402,
                              "Actual Rows": 51476,
                              "Actual Loops": 4,
                              "Recheck Cond": "(company_id > 111759)",
                              "Rows Removed by Index Recheck": 0,
                              "Exact Heap Blocks": 1772,
                              "Lossy Heap Blocks": 0,
                              "Plans": [
                                {
                                  "Node Type": "Bitmap Index Scan",
                                  "Parent Relationship": "Outer",
                                  "Parallel Aware": false,
                                  "Index Name": "company_id_movie_companies",
                                  "Startup Cost": 0.0,
                                  "Total Cost": 4512.63,
                                  "Plan Rows": 210693,
                                  "Plan Width": 0,
                                  "Actual Startup Time": 19.636,
                                  "Actual Total Time": 19.637,
                                  "Actual Rows": 205906,
                                  "Actual Loops": 1,
                                  "Index Cond": "(company_id > 111759)"
                                }
                              ]
                            }
                          ]
                        }
                      ]
                    },
                    {
                      "Node Type": "Index Scan",
                      "Parent Relationship": "Inner",
                      "Parallel Aware": false,
                      "Scan Direction": "Forward",
                      "Index Name": "title_pkey",
                      "Relation Name": "title",
                      "Alias": "t",
                      "Startup Cost": 0.43,
                      "Total Cost": 1.05,
                      "Plan Rows": 1,
                      "Plan Width": 4,
                      "Actual Startup Time": 0.004,
                      "Actual Total Time": 0.004,
                      "Actual Rows": 1,
                      "Actual Loops": 58635,
                      "Index Cond": "(id = ci.movie_id)",
                      "Rows Removed by Index Recheck": 0,
                      "Filter": "(production_year < 2012)",
                      "Rows Removed by Filter": 0
                    }
                  ]
                }
              ]
            }
          ]
        }
      ]
    },
    "Planning Time": 1.493,
    "Triggers": [],
    "Execution Time": 205.242
  }
]