[
  {
    "Plan": {
      "Node Type": "Aggregate",
      "Strategy": "Plain",
      "Partial Mode": "Finalize",
      "Parallel Aware": false,
      "Startup Cost": 45273.01,
      "Total Cost": 45273.02,
      "Plan Rows": 1,
      "Plan Width": 8,
      "Actual Startup Time": 160.629,
      "Actual Total Time": 170.016,
      "Actual Rows": 1,
      "Actual Loops": 1,
      "Plans": [
        {
          "Node Type": "Gather",
          "Parent Relationship": "Outer",
          "Parallel Aware": false,
          "Startup Cost": 45272.69,
          "Total Cost": 45273.0,
          "Plan Rows": 3,
          "Plan Width": 8,
          "Actual Startup Time": 160.512,
          "Actual Total Time": 170.001,
          "Actual Rows": 4,
          "Actual Loops": 1,
          "Workers Planned": 3,
          "Workers Launched": 3,
          "Single Copy": false,
          "Plans": [
            {
              "Node Type": "Aggregate",
              "Strategy": "Plain",
              "Partial Mode": "Partial",
              "Parent Relationship": "Outer",
              "Parallel Aware": false,
              "Startup Cost": 44272.69,
              "Total Cost": 44272.7,
              "Plan Rows": 1,
              "Plan Width": 8,
              "Actual Startup Time": 156.096,
              "Actual Total Time": 156.097,
              "Actual Rows": 1,
              "Actual Loops": 4,
              "Plans": [
                {
                  "Node Type": "Seq Scan",
                  "Parent Relationship": "Outer",
                  "Parallel Aware": true,
                  "Relation Name": "movie_keyword",
                  "Alias": "mk",
                  "Startup Cost": 0.0,
                  "Total Cost": 42695.65,
                  "Plan Rows": 630815,
                  "Plan Width": 0,
                  "Actual Startup Time": 0.966,
                  "Actual Total Time": 128.324,
                  "Actual Rows": 486148,
                  "Actual Loops": 4,
                  "Filter": "(keyword_id > 6708)",
                  "Rows Removed by Filter": 644835
                }
              ]
            }
          ]
        }
      ]
    },
    "Planning Time": 0.216,
    "Triggers": [],
    "Execution Time": 170.128
  }
]