[
  {
    "Plan": {
      "Node Type": "Aggregate",
      "Strategy": "Plain",
      "Partial Mode": "Finalize",
      "Parallel Aware": false,
      "Startup Cost": 45265.06,
      "Total Cost": 45265.07,
      "Plan Rows": 1,
      "Plan Width": 8,
      "Actual Startup Time": 150.286,
      "Actual Total Time": 157.827,
      "Actual Rows": 1,
      "Actual Loops": 1,
      "Plans": [
        {
          "Node Type": "Gather",
          "Parent Relationship": "Outer",
          "Parallel Aware": false,
          "Startup Cost": 45264.74,
          "Total Cost": 45265.05,
          "Plan Rows": 3,
          "Plan Width": 8,
          "Actual Startup Time": 150.188,
          "Actual Total Time": 157.818,
          "Actual Rows": 4,
          "Actual Loops": 1,
          "Workers Planned": 3,
          "Workers Launched": 3,
          "Single Copy": false,
          "Plans": [
            {
              "Node Type": "Aggregate",
              "Strategy": "Plain",
              "Partial Mode": "Partial",
              "Parent Relationship": "Outer",
              "Parallel Aware": false,
              "Startup Cost": 44264.74,
              "Total Cost": 44264.75,
              "Plan Rows": 1,
              "Plan Width": 8,
              "Actual Startup Time": 142.243,
              "Actual Total Time": 142.244,
              "Actual Rows": 1,
              "Actual Loops": 4,
              "Plans": [
                {
                  "Node Type": "Seq Scan",
                  "Parent Relationship": "Outer",
                  "Parallel Aware": true,
                  "Relation Name": "movie_keyword",
                  "Alias": "mk",
                  "Startup Cost": 0.0,
                  "Total Cost": 42695.65,
                  "Plan Rows": 627635,
                  "Plan Width": 0,
                  "Actual Startup Time": 0.638,
                  "Actual Total Time": 116.948,
                  "Actual Rows": 486148,
                  "Actual Loops": 4,
                  "Filter": "(keyword_id > 6708)",
                  "Rows Removed by Filter": 644835
                }
              ]
            }
          ]
        }
      ]
    },
    "Planning Time": 0.185,
    "Triggers": [],
    "Execution Time": 157.884
  }
]