[
  {
    "Plan": {
      "Node Type": "Aggregate",
      "Strategy": "Plain",
      "Partial Mode": "Finalize",
      "Parallel Aware": false,
      "Startup Cost": 396227.76,
      "Total Cost": 396227.77,
      "Plan Rows": 1,
      "Plan Width": 8,
      "Actual Startup Time": 1431.89,
      "Actual Total Time": 1459.491,
      "Actual Rows": 1,
      "Actual Loops": 1,
      "Plans": [
        {
          "Node Type": "Gather",
          "Parent Relationship": "Outer",
          "Parallel Aware": false,
          "Startup Cost": 396227.13,
          "Total Cost": 396227.74,
          "Plan Rows": 6,
          "Plan Width": 8,
          "Actual Startup Time": 1398.231,
          "Actual Total Time": 1459.479,
          "Actual Rows": 7,
          "Actual Loops": 1,
          "Workers Planned": 6,
          "Workers Launched": 6,
          "Single Copy": false,
          "Plans": [
            {
              "Node Type": "Aggregate",
              "Strategy": "Plain",
              "Partial Mode": "Partial",
              "Parent Relationship": "Outer",
              "Parallel Aware": false,
              "Startup Cost": 395227.13,
              "Total Cost": 395227.14,
              "Plan Rows": 1,
              "Plan Width": 8,
              "Actual Startup Time": 1377.197,
              "Actual Total Time": 1377.201,
              "Actual Rows": 1,
              "Actual Loops": 7,
              "Plans": [
                {
                  "Node Type": "Hash Join",
                  "Parent Relationship": "Outer",
                  "Parallel Aware": true,
                  "Join Type": "Inner",
                  "Startup Cost": 50220.21,
                  "Total Cost": 390460.34,
                  "Plan Rows": 1906718,
                  "Plan Width": 0,
                  "Actual Startup Time": 313.727,
                  "Actual Total Time": 1305.9,
                  "Actual Rows": 1495135,
                  "Actual Loops": 7,
                  "Inner Unique": true,
                  "Hash Cond": "(ci.movie_id = t.id)",
                  "Plans": [
                    {
                      "Node Type": "Index Scan",
                      "Parent Relationship": "Outer",
                      "Parallel Aware": true,
                      "Scan Direction": "Forward",
                      "Index Name": "role_id_cast_info",
                      "Relation Name": "cast_info",
                      "Alias": "ci",
                      "Startup Cost": 0.56,
                      "Total Cost": 335235.55,
                      "Plan Rows": 1906718,
                      "Plan Width": 4,
                      "Actual Startup Time": 63.66,
                      "Actual Total Time": 387.342,
                      "Actual Rows": 1495135,
                      "Actual Loops": 7,
                      "Index Cond": "(role_id = 1)",
                      "Rows Removed by Index Recheck": 0,
                      "Filter": "(person_id > 297578)",
                      "Rows Removed by Filter": 314963
                    },
                    {
                      "Node Type": "Hash",
                      "Parent Relationship": "Inner",
                      "Parallel Aware": true,
                      "Startup Cost": 42318.73,
                      "Total Cost": 42318.73,
                      "Plan Rows": 632073,
                      "Plan Width": 4,
                      "Actual Startup Time": 243.462,
                      "Actual Total Time": 243.463,
                      "Actual Rows": 361187,
                      "Actual Loops": 7,
                      "Hash Buckets": 4194304,
                      "Original Hash Buckets": 4194304,
                      "Hash Batches": 1,
                      "Original Hash Batches": 1,
                      "Peak Memory Usage": 131776,
                      "Plans": [
                        {
                          "Node Type": "Seq Scan",
                          "Parent Relationship": "Outer",
                          "Parallel Aware": true,
                          "Relation Name": "title",
                          "Alias": "t",
                          "Startup Cost": 0.0,
                          "Total Cost": 42318.73,
                          "Plan Rows": 632073,
                          "Plan Width": 4,
                          "Actual Startup Time": 0.037,
                          "Actual Total Time": 74.431,
                          "Actual Rows": 361187,
                          "Actual Loops": 7
                        }
                      ]
                    }
                  ]
                }
              ]
            }
          ]
        }
      ]
    },
    "Planning Time": 0.667,
    "Triggers": [],
    "Execution Time": 1459.578
  }
]