{
  "Plan": {
    "Node Type": "Aggregate",
    "Strategy": "Plain",
    "Partial Mode": "Finalize",
    "Parallel Aware": false,
    "Startup Cost": 132593.87,
    "Total Cost": 132593.88,
    "Plan Rows": 1,
    "Plan Width": 8,
    "Actual Startup Time": 1056.92,
    "Actual Total Time": 1076.436,
    "Actual Rows": 1,
    "Actual Loops": 1,
    "Plans": [
      {
        "Node Type": "Gather",
        "Parent Relationship": "Outer",
        "Parallel Aware": false,
        "Startup Cost": 132593.76,
        "Total Cost": 132593.87,
        "Plan Rows": 1,
        "Plan Width": 8,
        "Actual Startup Time": 1052.012,
        "Actual Total Time": 1076.426,
        "Actual Rows": 2,
        "Actual Loops": 1,
        "Workers Planned": 1,
        "Workers Launched": 1,
        "Single Copy": false,
        "Plans": [
          {
            "Node Type": "Aggregate",
            "Strategy": "Plain",
            "Partial Mode": "Partial",
            "Parent Relationship": "Outer",
            "Parallel Aware": false,
            "Startup Cost": 131593.76,
            "Total Cost": 131593.77,
            "Plan Rows": 1,
            "Plan Width": 8,
            "Actual Startup Time": 1046.197,
            "Actual Total Time": 1046.863,
            "Actual Rows": 1,
            "Actual Loops": 2,
            "Plans": [
              {
                "Node Type": "Hash Join",
                "Parent Relationship": "Outer",
                "Parallel Aware": true,
                "Join Type": "Inner",
                "Startup Cost": 110609.02,
                "Total Cost": 131332.77,
                "Plan Rows": 104396,
                "Plan Width": 0,
                "Actual Startup Time": 835.011,
                "Actual Total Time": 1025.462,
                "Actual Rows": 435127,
                "Actual Loops": 2,
                "Inner Unique": false,
                "Hash Cond": "(mi_idx.movie_id = t.id)",
                "Plans": [
                  {
                    "Node Type": "Seq Scan",
                    "Parent Relationship": "Outer",
                    "Parallel Aware": true,
                    "Relation Name": "movie_info_idx",
                    "Alias": "mi_idx",
                    "Startup Cost": 0.0,
                    "Total Cost": 18082.32,
                    "Plan Rows": 540622,
                    "Plan Width": 4,
                    "Actual Startup Time": 0.025,
                    "Actual Total Time": 70.803,
                    "Actual Rows": 459925,
                    "Actual Loops": 2,
                    "Filter": "(info_type_id < 101)",
                    "Rows Removed by Filter": 230092
                  },
                  {
                    "Node Type": "Hash",
                    "Parent Relationship": "Inner",
                    "Parallel Aware": true,
                    "Startup Cost": 107019.12,
                    "Total Cost": 107019.12,
                    "Plan Rows": 287192,
                    "Plan Width": 8,
                    "Actual Startup Time": 828.728,
                    "Actual Total Time": 829.392,
                    "Actual Rows": 346748,
                    "Actual Loops": 2,
                    "Hash Buckets": 1048576,
                    "Original Hash Buckets": 524288,
                    "Hash Batches": 1,
                    "Original Hash Batches": 1,
                    "Peak Memory Usage": 39456,
                    "Plans": [
                      {
                        "Node Type": "Hash Join",
                        "Parent Relationship": "Outer",
                        "Parallel Aware": true,
                        "Join Type": "Inner",
                        "Startup Cost": 45164.25,
                        "Total Cost": 107019.12,
                        "Plan Rows": 287192,
                        "Plan Width": 8,
                        "Actual Startup Time": 238.822,
                        "Actual Total Time": 721.194,
                        "Actual Rows": 346748,
                        "Actual Loops": 2,
                        "Inner Unique": false,
                        "Hash Cond": "(t.id = mc.movie_id)",
                        "Plans": [
                          {
                            "Node Type": "Seq Scan",
                            "Parent Relationship": "Outer",
                            "Parallel Aware": true,
                            "Relation Name": "title",
                            "Alias": "t",
                            "Startup Cost": 0.0,
                            "Total Cost": 50870.31,
                            "Plan Rows": 1487231,
                            "Plan Width": 4,
                            "Actual Startup Time": 0.013,
                            "Actual Total Time": 142.041,
                            "Actual Rows": 1264156,
                            "Actual Loops": 2
                          },
                          {
                            "Node Type": "Hash",
                            "Parent Relationship": "Inner",
                            "Parallel Aware": true,
                            "Startup Cost": 41574.35,
                            "Total Cost": 41574.35,
                            "Plan Rows": 287192,
                            "Plan Width": 4,
                            "Actual Startup Time": 234.94,
                            "Actual Total Time": 234.941,
                            "Actual Rows": 346748,
                            "Actual Loops": 2,
                            "Hash Buckets": 1048576,
                            "Original Hash Buckets": 524288,
                            "Hash Batches": 1,
                            "Original Hash Batches": 1,
                            "Peak Memory Usage": 39456,
                            "Plans": [
                              {
                                "Node Type": "Index Scan",
                                "Parent Relationship": "Outer",
                                "Parallel Aware": true,
                                "Scan Direction": "Forward",
                                "Index Name": "company_type_id_movie_companies",
                                "Relation Name": "movie_companies",
                                "Alias": "mc",
                                "Startup Cost": 0.43,
                                "Total Cost": 41574.35,
                                "Plan Rows": 287192,
                                "Plan Width": 4,
                                "Actual Startup Time": 0.12,
                                "Actual Total Time": 142.386,
                                "Actual Rows": 346748,
                                "Actual Loops": 2,
                                "Index Cond": "(company_type_id = 1)",
                                "Rows Removed by Index Recheck": 0,
                                "Filter": "(company_id < 4568)",
                                "Rows Removed by Filter": 290376
                              }
                            ]
                          }
                        ]
                      }
                    ]
                  }
                ]
              }
            ]
          }
        ]
      }
    ]
  },
  "Planning Time": 1.04,
  "Triggers": [],
  "Execution Time": 1076.523
}