[
  {
    "Plan": {
      "Node Type": "Aggregate",
      "Strategy": "Plain",
      "Partial Mode": "Finalize",
      "Parallel Aware": false,
      "Startup Cost": 30698.74,
      "Total Cost": 30698.75,
      "Plan Rows": 1,
      "Plan Width": 8,
      "Actual Startup Time": 91.657,
      "Actual Total Time": 99.82,
      "Actual Rows": 1,
      "Actual Loops": 1,
      "Plans": [
        {
          "Node Type": "Gather",
          "Parent Relationship": "Outer",
          "Parallel Aware": false,
          "Startup Cost": 30698.43,
          "Total Cost": 30698.74,
          "Plan Rows": 3,
          "Plan Width": 8,
          "Actual Startup Time": 91.556,
          "Actual Total Time": 99.813,
          "Actual Rows": 4,
          "Actual Loops": 1,
          "Workers Planned": 3,
          "Workers Launched": 3,
          "Single Copy": false,
          "Plans": [
            {
              "Node Type": "Aggregate",
              "Strategy": "Plain",
              "Partial Mode": "Partial",
              "Parent Relationship": "Outer",
              "Parallel Aware": false,
              "Startup Cost": 29698.43,
              "Total Cost": 29698.44,
              "Plan Rows": 1,
              "Plan Width": 8,
              "Actual Startup Time": 83.166,
              "Actual Total Time": 83.167,
              "Actual Rows": 1,
              "Actual Loops": 4,
              "Plans": [
                {
                  "Node Type": "Seq Scan",
                  "Parent Relationship": "Outer",
                  "Parallel Aware": true,
                  "Relation Name": "movie_companies",
                  "Alias": "mc",
                  "Startup Cost": 0.0,
                  "Total Cost": 29310.68,
                  "Plan Rows": 155098,
                  "Plan Width": 0,
                  "Actual Startup Time": 0.047,
                  "Actual Total Time": 73.842,
                  "Actual Rows": 119288,
                  "Actual Loops": 4,
                  "Filter": "(company_id < 424)",
                  "Rows Removed by Filter": 532994
                }
              ]
            }
          ]
        }
      ]
    },
    "Planning Time": 0.167,
    "Triggers": [],
    "Execution Time": 99.87
  }
]