[
  {
    "Plan": {
      "Node Type": "Aggregate",
      "Strategy": "Plain",
      "Partial Mode": "Finalize",
      "Parallel Aware": false,
      "Startup Cost": 332421.46,
      "Total Cost": 332421.47,
      "Plan Rows": 1,
      "Plan Width": 8,
      "Actual Startup Time": 644.579,
      "Actual Total Time": 702.413,
      "Actual Rows": 1,
      "Actual Loops": 1,
      "Plans": [
        {
          "Node Type": "Gather",
          "Parent Relationship": "Outer",
          "Parallel Aware": false,
          "Startup Cost": 332420.84,
          "Total Cost": 332421.45,
          "Plan Rows": 6,
          "Plan Width": 8,
          "Actual Startup Time": 644.327,
          "Actual Total Time": 702.372,
          "Actual Rows": 7,
          "Actual Loops": 1,
          "Workers Planned": 6,
          "Workers Launched": 6,
          "Single Copy": false,
          "Plans": [
            {
              "Node Type": "Aggregate",
              "Strategy": "Plain",
              "Partial Mode": "Partial",
              "Parent Relationship": "Outer",
              "Parallel Aware": false,
              "Startup Cost": 331420.84,
              "Total Cost": 331420.85,
              "Plan Rows": 1,
              "Plan Width": 8,
              "Actual Startup Time": 635.241,
              "Actual Total Time": 635.242,
              "Actual Rows": 1,
              "Actual Loops": 7,
              "Plans": [
                {
                  "Node Type": "Seq Scan",
                  "Parent Relationship": "Outer",
                  "Parallel Aware": true,
                  "Relation Name": "cast_info",
                  "Alias": "ci",
                  "Startup Cost": 0.0,
                  "Total Cost": 328162.03,
                  "Plan Rows": 1303524,
                  "Plan Width": 0,
                  "Actual Startup Time": 0.047,
                  "Actual Total Time": 578.636,
                  "Actual Rows": 1140527,
                  "Actual Loops": 7,
                  "Filter": "(person_id < 780348)",
                  "Rows Removed by Filter": 4037236
                }
              ]
            }
          ]
        }
      ]
    },
    "Planning Time": 0.166,
    "Triggers": [],
    "Execution Time": 702.477
  }
]