[
  {
    "Plan": {
      "Node Type": "Aggregate",
      "Strategy": "Plain",
      "Partial Mode": "Finalize",
      "Parallel Aware": false,
      "Startup Cost": 433447.82,
      "Total Cost": 433447.83,
      "Plan Rows": 1,
      "Plan Width": 8,
      "Actual Startup Time": 2853.141,
      "Actual Total Time": 2924.156,
      "Actual Rows": 1,
      "Actual Loops": 1,
      "Plans": [
        {
          "Node Type": "Gather",
          "Parent Relationship": "Outer",
          "Parallel Aware": false,
          "Startup Cost": 433447.19,
          "Total Cost": 433447.8,
          "Plan Rows": 6,
          "Plan Width": 8,
          "Actual Startup Time": 2839.013,
          "Actual Total Time": 2924.145,
          "Actual Rows": 7,
          "Actual Loops": 1,
          "Workers Planned": 6,
          "Workers Launched": 6,
          "Single Copy": false,
          "Plans": [
            {
              "Node Type": "Aggregate",
              "Strategy": "Plain",
              "Partial Mode": "Partial",
              "Parent Relationship": "Outer",
              "Parallel Aware": false,
              "Startup Cost": 432447.19,
              "Total Cost": 432447.2,
              "Plan Rows": 1,
              "Plan Width": 8,
              "Actual Startup Time": 2826.565,
              "Actual Total Time": 2826.578,
              "Actual Rows": 1,
              "Actual Loops": 7,
              "Plans": [
                {
                  "Node Type": "Hash Join",
                  "Parent Relationship": "Outer",
                  "Parallel Aware": true,
                  "Join Type": "Inner",
                  "Startup Cost": 84833.29,
                  "Total Cost": 426495.01,
                  "Plan Rows": 2380873,
                  "Plan Width": 0,
                  "Actual Startup Time": 431.284,
                  "Actual Total Time": 2658.308,
                  "Actual Rows": 4019013,
                  "Actual Loops": 7,
                  "Inner Unique": false,
                  "Hash Cond": "(ci.movie_id = t.id)",
                  "Plans": [
                    {
                      "Node Type": "Seq Scan",
                      "Parent Relationship": "Outer",
                      "Parallel Aware": true,
                      "Relation Name": "cast_info",
                      "Alias": "ci",
                      "Startup Cost": 0.0,
                      "Total Cost": 313067.02,
                      "Plan Rows": 6038002,
                      "Plan Width": 4,
                      "Actual Startup Time": 0.022,
                      "Actual Total Time": 540.854,
                      "Actual Rows": 5177763,
                      "Actual Loops": 7
                    },
                    {
                      "Node Type": "Hash",
                      "Parent Relationship": "Inner",
                      "Parallel Aware": true,
                      "Startup Cost": 81717.84,
                      "Total Cost": 81717.84,
                      "Plan Rows": 249236,
                      "Plan Width": 8,
                      "Actual Startup Time": 426.752,
                      "Actual Total Time": 426.763,
                      "Actual Rows": 164718,
                      "Actual Loops": 7,
                      "Hash Buckets": 2097152,
                      "Original Hash Buckets": 1048576,
                      "Hash Batches": 1,
                      "Original Hash Batches": 1,
                      "Peak Memory Usage": 69824,
                      "Plans": [
                        {
                          "Node Type": "Hash Join",
                          "Parent Relationship": "Outer",
                          "Parallel Aware": true,
                          "Join Type": "Inner",
                          "Startup Cost": 35434.76,
                          "Total Cost": 81717.84,
                          "Plan Rows": 249236,
                          "Plan Width": 8,
                          "Actual Startup Time": 152.573,
                          "Actual Total Time": 338.751,
                          "Actual Rows": 164718,
                          "Actual Loops": 7,
                          "Inner Unique": false,
                          "Hash Cond": "(t.id = mc.movie_id)",
                          "Plans": [
                            {
                              "Node Type": "Seq Scan",
                              "Parent Relationship": "Outer",
                              "Parallel Aware": true,
                              "Relation Name": "title",
                              "Alias": "t",
                              "Startup Cost": 0.0,
                              "Total Cost": 42318.73,
                              "Plan Rows": 632073,
                              "Plan Width": 4,
                              "Actual Startup Time": 0.015,
                              "Actual Total Time": 55.672,
                              "Actual Rows": 361187,
                              "Actual Loops": 7
                            },
                            {
                              "Node Type": "Hash",
                              "Parent Relationship": "Inner",
                              "Parallel Aware": true,
                              "Startup Cost": 31414.82,
                              "Total Cost": 31414.82,
                              "Plan Rows": 321595,
                              "Plan Width": 4,
                              "Actual Startup Time": 151.002,
                              "Actual Total Time": 151.003,
                              "Actual Rows": 164718,
                              "Actual Loops": 7,
                              "Hash Buckets": 2097152,
                              "Original Hash Buckets": 1048576,
                              "Hash Batches": 1,
                              "Original Hash Batches": 1,
                              "Peak Memory Usage": 69792,
                              "Plans": [
                                {
                                  "Node Type": "Seq Scan",
                                  "Parent Relationship": "Outer",
                                  "Parallel Aware": true,
                                  "Relation Name": "movie_companies",
                                  "Alias": "mc",
                                  "Startup Cost": 0.0,
                                  "Total Cost": 31414.82,
                                  "Plan Rows": 321595,
                                  "Plan Width": 4,
                                  "Actual Startup Time": 39.352,
                                  "Actual Total Time": 66.952,
                                  "Actual Rows": 164718,
                                  "Actual Loops": 7,
                                  "Filter": "((company_id > 846) AND (company_type_id = 2))",
                                  "Rows Removed by Filter": 208015
                                }
                              ]
                            }
                          ]
                        }
                      ]
                    }
                  ]
                }
              ]
            }
          ]
        }
      ]
    },
    "Planning Time": 1.413,
    "Triggers": [],
    "Execution Time": 2924.262
  }
]