[
  {
    "Plan": {
      "Node Type": "Aggregate",
      "Strategy": "Plain",
      "Partial Mode": "Finalize",
      "Parallel Aware": false,
      "Startup Cost": 92174.99,
      "Total Cost": 92175.0,
      "Plan Rows": 1,
      "Plan Width": 8,
      "Actual Startup Time": 284.993,
      "Actual Total Time": 296.05,
      "Actual Rows": 1,
      "Actual Loops": 1,
      "Plans": [
        {
          "Node Type": "Gather",
          "Parent Relationship": "Outer",
          "Parallel Aware": false,
          "Startup Cost": 92174.68,
          "Total Cost": 92174.99,
          "Plan Rows": 3,
          "Plan Width": 8,
          "Actual Startup Time": 283.922,
          "Actual Total Time": 296.043,
          "Actual Rows": 4,
          "Actual Loops": 1,
          "Workers Planned": 3,
          "Workers Launched": 3,
          "Single Copy": false,
          "Plans": [
            {
              "Node Type": "Aggregate",
              "Strategy": "Plain",
              "Partial Mode": "Partial",
              "Parent Relationship": "Outer",
              "Parallel Aware": false,
              "Startup Cost": 91174.68,
              "Total Cost": 91174.69,
              "Plan Rows": 1,
              "Plan Width": 8,
              "Actual Startup Time": 280.865,
              "Actual Total Time": 280.868,
              "Actual Rows": 1,
              "Actual Loops": 4,
              "Plans": [
                {
                  "Node Type": "Hash Join",
                  "Parent Relationship": "Outer",
                  "Parallel Aware": true,
                  "Join Type": "Inner",
                  "Startup Cost": 46708.23,
                  "Total Cost": 90946.19,
                  "Plan Rows": 91394,
                  "Plan Width": 0,
                  "Actual Startup Time": 140.866,
                  "Actual Total Time": 274.668,
                  "Actual Rows": 114629,
                  "Actual Loops": 4,
                  "Inner Unique": true,
                  "Hash Cond": "(mk.movie_id = t.id)",
                  "Plans": [
                    {
                      "Node Type": "Seq Scan",
                      "Parent Relationship": "Outer",
                      "Parallel Aware": true,
                      "Relation Name": "movie_keyword",
                      "Alias": "mk",
                      "Startup Cost": 0.0,
                      "Total Cost": 42695.65,
                      "Plan Rows": 587545,
                      "Plan Width": 4,
                      "Actual Startup Time": 0.434,
                      "Actual Total Time": 107.263,
                      "Actual Rows": 449319,
                      "Actual Loops": 4,
                      "Filter": "(keyword_id > 7759)",
                      "Rows Removed by Filter": 681664
                    },
                    {
                      "Node Type": "Hash",
                      "Parent Relationship": "Inner",
                      "Parallel Aware": true,
                      "Startup Cost": 45479.21,
                      "Total Cost": 45479.21,
                      "Plan Rows": 98322,
                      "Plan Width": 4,
                      "Actual Startup Time": 110.817,
                      "Actual Total Time": 110.818,
                      "Actual Rows": 72423,
                      "Actual Loops": 4,
                      "Hash Buckets": 524288,
                      "Original Hash Buckets": 524288,
                      "Hash Batches": 1,
                      "Original Hash Batches": 1,
                      "Peak Memory Usage": 15488,
                      "Plans": [
                        {
                          "Node Type": "Seq Scan",
                          "Parent Relationship": "Outer",
                          "Parallel Aware": true,
                          "Relation Name": "title",
                          "Alias": "t",
                          "Startup Cost": 0.0,
                          "Total Cost": 45479.21,
                          "Plan Rows": 98322,
                          "Plan Width": 4,
                          "Actual Startup Time": 35.802,
                          "Actual Total Time": 87.491,
                          "Actual Rows": 72423,
                          "Actual Loops": 4,
                          "Filter": "((production_year > 1998) AND (kind_id = 1))",
                          "Rows Removed by Filter": 559655
                        }
                      ]
                    }
                  ]
                }
              ]
            }
          ]
        }
      ]
    },
    "Planning Time": 0.259,
    "Triggers": [],
    "Execution Time": 296.085
  }
]