{
  "Plan": {
    "Node Type": "Aggregate",
    "Strategy": "Plain",
    "Partial Mode": "Finalize",
    "Parallel Aware": false,
    "Startup Cost": 111799.33,
    "Total Cost": 111799.34,
    "Plan Rows": 1,
    "Plan Width": 8,
    "Actual Startup Time": 738.876,
    "Actual Total Time": 760.537,
    "Actual Rows": 1,
    "Actual Loops": 1,
    "Plans": [
      {
        "Node Type": "Gather",
        "Parent Relationship": "Outer",
        "Parallel Aware": false,
        "Startup Cost": 111799.22,
        "Total Cost": 111799.33,
        "Plan Rows": 1,
        "Plan Width": 8,
        "Actual Startup Time": 732.791,
        "Actual Total Time": 760.526,
        "Actual Rows": 2,
        "Actual Loops": 1,
        "Workers Planned": 1,
        "Workers Launched": 1,
        "Single Copy": false,
        "Plans": [
          {
            "Node Type": "Aggregate",
            "Strategy": "Plain",
            "Partial Mode": "Partial",
            "Parent Relationship": "Outer",
            "Parallel Aware": false,
            "Startup Cost": 110799.22,
            "Total Cost": 110799.23,
            "Plan Rows": 1,
            "Plan Width": 8,
            "Actual Startup Time": 720.852,
            "Actual Total Time": 720.857,
            "Actual Rows": 1,
            "Actual Loops": 2,
            "Plans": [
              {
                "Node Type": "Nested Loop",
                "Parent Relationship": "Outer",
                "Parallel Aware": false,
                "Join Type": "Inner",
                "Startup Cost": 70330.27,
                "Total Cost": 110737.2,
                "Plan Rows": 24808,
                "Plan Width": 0,
                "Actual Startup Time": 586.797,
                "Actual Total Time": 717.213,
                "Actual Rows": 74276,
                "Actual Loops": 2,
                "Inner Unique": false,
                "Plans": [
                  {
                    "Node Type": "Hash Join",
                    "Parent Relationship": "Outer",
                    "Parallel Aware": true,
                    "Join Type": "Inner",
                    "Startup Cost": 70329.84,
                    "Total Cost": 96018.38,
                    "Plan Rows": 24039,
                    "Plan Width": 8,
                    "Actual Startup Time": 586.719,
                    "Actual Total Time": 627.908,
                    "Actual Rows": 20920,
                    "Actual Loops": 2,
                    "Inner Unique": true,
                    "Hash Cond": "(mk.movie_id = t.id)",
                    "Plans": [
                      {
                        "Node Type": "Bitmap Heap Scan",
                        "Parent Relationship": "Outer",
                        "Parallel Aware": true,
                        "Relation Name": "movie_keyword",
                        "Alias": "mk",
                        "Startup Cost": 869.14,
                        "Total Cost": 26494.58,
                        "Plan Rows": 24039,
                        "Plan Width": 4,
                        "Actual Startup Time": 4.175,
                        "Actual Total Time": 27.158,
                        "Actual Rows": 20920,
                        "Actual Loops": 2,
                        "Recheck Cond": "(keyword_id = 117)",
                        "Rows Removed by Index Recheck": 0,
                        "Exact Heap Blocks": 6871,
                        "Lossy Heap Blocks": 0,
                        "Plans": [
                          {
                            "Node Type": "Bitmap Index Scan",
                            "Parent Relationship": "Outer",
                            "Parallel Aware": false,
                            "Index Name": "keyword_id_movie_keyword",
                            "Startup Cost": 0.0,
                            "Total Cost": 858.93,
                            "Plan Rows": 40866,
                            "Plan Width": 0,
                            "Actual Startup Time": 2.581,
                            "Actual Total Time": 2.582,
                            "Actual Rows": 41840,
                            "Actual Loops": 1,
                            "Index Cond": "(keyword_id = 117)"
                          }
                        ]
                      },
                      {
                        "Node Type": "Hash",
                        "Parent Relationship": "Inner",
                        "Parallel Aware": true,
                        "Startup Cost": 50870.31,
                        "Total Cost": 50870.31,
                        "Plan Rows": 1487231,
                        "Plan Width": 4,
                        "Actual Startup Time": 560.746,
                        "Actual Total Time": 560.747,
                        "Actual Rows": 1264156,
                        "Actual Loops": 2,
                        "Hash Buckets": 4194304,
                        "Original Hash Buckets": 4194304,
                        "Hash Batches": 1,
                        "Original Hash Batches": 1,
                        "Peak Memory Usage": 131712,
                        "Plans": [
                          {
                            "Node Type": "Seq Scan",
                            "Parent Relationship": "Outer",
                            "Parallel Aware": true,
                            "Relation Name": "title",
                            "Alias": "t",
                            "Startup Cost": 0.0,
                            "Total Cost": 50870.31,
                            "Plan Rows": 1487231,
                            "Plan Width": 4,
                            "Actual Startup Time": 0.027,
                            "Actual Total Time": 160.056,
                            "Actual Rows": 1264156,
                            "Actual Loops": 2
                          }
                        ]
                      }
                    ]
                  },
                  {
                    "Node Type": "Index Only Scan",
                    "Parent Relationship": "Inner",
                    "Parallel Aware": false,
                    "Scan Direction": "Forward",
                    "Index Name": "movie_id_movie_companies",
                    "Relation Name": "movie_companies",
                    "Alias": "mc",
                    "Startup Cost": 0.43,
                    "Total Cost": 0.56,
                    "Plan Rows": 5,
                    "Plan Width": 4,
                    "Actual Startup Time": 0.003,
                    "Actual Total Time": 0.004,
                    "Actual Rows": 4,
                    "Actual Loops": 41840,
                    "Index Cond": "(movie_id = t.id)",
                    "Rows Removed by Index Recheck": 0,
                    "Heap Fetches": 148552
                  }
                ]
              }
            ]
          }
        ]
      }
    ]
  },
  "Planning Time": 0.941,
  "Triggers": [],
  "Execution Time": 760.644
}