{
  "Plan": {
    "Node Type": "Aggregate",
    "Strategy": "Plain",
    "Partial Mode": "Finalize",
    "Parallel Aware": false,
    "Startup Cost": 85830.1,
    "Total Cost": 85830.11,
    "Plan Rows": 1,
    "Plan Width": 8,
    "Actual Startup Time": 170.81,
    "Actual Total Time": 185.355,
    "Actual Rows": 1,
    "Actual Loops": 1,
    "Plans": [
      {
        "Node Type": "Gather",
        "Parent Relationship": "Outer",
        "Parallel Aware": false,
        "Startup Cost": 85829.98,
        "Total Cost": 85830.09,
        "Plan Rows": 1,
        "Plan Width": 8,
        "Actual Startup Time": 170.691,
        "Actual Total Time": 185.348,
        "Actual Rows": 2,
        "Actual Loops": 1,
        "Workers Planned": 1,
        "Workers Launched": 1,
        "Single Copy": false,
        "Plans": [
          {
            "Node Type": "Aggregate",
            "Strategy": "Plain",
            "Partial Mode": "Partial",
            "Parent Relationship": "Outer",
            "Parallel Aware": false,
            "Startup Cost": 84829.98,
            "Total Cost": 84829.99,
            "Plan Rows": 1,
            "Plan Width": 8,
            "Actual Startup Time": 164.932,
            "Actual Total Time": 164.934,
            "Actual Rows": 1,
            "Actual Loops": 2,
            "Plans": [
              {
                "Node Type": "Nested Loop",
                "Parent Relationship": "Outer",
                "Parallel Aware": false,
                "Join Type": "Inner",
                "Startup Cost": 0.43,
                "Total Cost": 84816.64,
                "Plan Rows": 5338,
                "Plan Width": 0,
                "Actual Startup Time": 0.507,
                "Actual Total Time": 164.76,
                "Actual Rows": 1788,
                "Actual Loops": 2,
                "Inner Unique": false,
                "Plans": [
                  {
                    "Node Type": "Seq Scan",
                    "Parent Relationship": "Outer",
                    "Parallel Aware": true,
                    "Relation Name": "title",
                    "Alias": "t",
                    "Startup Cost": 0.0,
                    "Total Cost": 58306.47,
                    "Plan Rows": 2984,
                    "Plan Width": 4,
                    "Actual Startup Time": 0.324,
                    "Actual Total Time": 153.889,
                    "Actual Rows": 2922,
                    "Actual Loops": 2,
                    "Filter": "((kind_id > 3) AND (production_year = 1957))",
                    "Rows Removed by Filter": 1261234
                  },
                  {
                    "Node Type": "Index Only Scan",
                    "Parent Relationship": "Inner",
                    "Parallel Aware": false,
                    "Scan Direction": "Forward",
                    "Index Name": "movie_id_movie_keyword",
                    "Relation Name": "movie_keyword",
                    "Alias": "mk",
                    "Startup Cost": 0.43,
                    "Total Cost": 8.43,
                    "Plan Rows": 45,
                    "Plan Width": 4,
                    "Actual Startup Time": 0.003,
                    "Actual Total Time": 0.003,
                    "Actual Rows": 1,
                    "Actual Loops": 5845,
                    "Index Cond": "(movie_id = t.id)",
                    "Rows Removed by Index Recheck": 0,
                    "Heap Fetches": 3577
                  }
                ]
              }
            ]
          }
        ]
      }
    ]
  },
  "Planning Time": 0.448,
  "Triggers": [],
  "Execution Time": 185.427
}