[
  {
    "Plan": {
      "Node Type": "Aggregate",
      "Strategy": "Plain",
      "Partial Mode": "Simple",
      "Parallel Aware": false,
      "Startup Cost": 1144.25,
      "Total Cost": 1144.26,
      "Plan Rows": 1,
      "Plan Width": 8,
      "Actual Startup Time": 0.059,
      "Actual Total Time": 0.061,
      "Actual Rows": 1,
      "Actual Loops": 1,
      "Plans": [
        {
          "Node Type": "Nested Loop",
          "Parent Relationship": "Outer",
          "Parallel Aware": false,
          "Join Type": "Inner",
          "Startup Cost": 0.86,
          "Total Cost": 1144.18,
          "Plan Rows": 27,
          "Plan Width": 0,
          "Actual Startup Time": 0.05,
          "Actual Total Time": 0.054,
          "Actual Rows": 1,
          "Actual Loops": 1,
          "Inner Unique": true,
          "Plans": [
            {
              "Node Type": "Index Scan",
              "Parent Relationship": "Outer",
              "Parallel Aware": false,
              "Scan Direction": "Forward",
              "Index Name": "company_id_movie_companies",
              "Relation Name": "movie_companies",
              "Alias": "mc",
              "Startup Cost": 0.43,
              "Total Cost": 273.57,
              "Plan Rows": 103,
              "Plan Width": 4,
              "Actual Startup Time": 0.025,
              "Actual Total Time": 0.027,
              "Actual Rows": 1,
              "Actual Loops": 1,
              "Index Cond": "(company_id = 131480)",
              "Rows Removed by Index Recheck": 0
            },
            {
              "Node Type": "Index Scan",
              "Parent Relationship": "Inner",
              "Parallel Aware": false,
              "Scan Direction": "Forward",
              "Index Name": "title_pkey",
              "Relation Name": "title",
              "Alias": "t",
              "Startup Cost": 0.43,
              "Total Cost": 8.45,
              "Plan Rows": 1,
              "Plan Width": 4,
              "Actual Startup Time": 0.02,
              "Actual Total Time": 0.02,
              "Actual Rows": 1,
              "Actual Loops": 1,
              "Index Cond": "(id = mc.movie_id)",
              "Rows Removed by Index Recheck": 0,
              "Filter": "((kind_id < 7) AND (production_year < 2008))",
              "Rows Removed by Filter": 0
            }
          ]
        }
      ]
    },
    "Planning Time": 0.619,
    "Triggers": [],
    "Execution Time": 0.119
  }
]