{
  "Plan": {
    "Node Type": "Aggregate",
    "Strategy": "Plain",
    "Partial Mode": "Simple",
    "Parallel Aware": false,
    "Startup Cost": 1302987.31,
    "Total Cost": 1302987.32,
    "Plan Rows": 1,
    "Plan Width": 32,
    "Actual Startup Time": 7305.058,
    "Actual Total Time": 7305.206,
    "Actual Rows": 1,
    "Actual Loops": 1,
    "Plans": [
      {
        "Node Type": "Hash Join",
        "Parent Relationship": "Outer",
        "Parallel Aware": false,
        "Join Type": "Inner",
        "Startup Cost": 1299494.96,
        "Total Cost": 1302986.53,
        "Plan Rows": 313,
        "Plan Width": 17,
        "Actual Startup Time": 7287.546,
        "Actual Total Time": 7304.617,
        "Actual Rows": 7535,
        "Actual Loops": 1,
        "Inner Unique": false,
        "Hash Cond": "(k.id = mk.keyword_id)",
        "Plans": [
          {
            "Node Type": "Seq Scan",
            "Parent Relationship": "Outer",
            "Parallel Aware": false,
            "Relation Name": "keyword",
            "Alias": "k",
            "Startup Cost": 0.0,
            "Total Cost": 2626.12,
            "Plan Rows": 13,
            "Plan Width": 4,
            "Actual Startup Time": 2.952,
            "Actual Total Time": 17.369,
            "Actual Rows": 30,
            "Actual Loops": 1,
            "Filter": "(keyword ~~ '%sequel%'::text)",
            "Rows Removed by Filter": 134140
          },
          {
            "Node Type": "Hash",
            "Parent Relationship": "Inner",
            "Parallel Aware": false,
            "Startup Cost": 1259050.85,
            "Total Cost": 1259050.85,
            "Plan Rows": 3235529,
            "Plan Width": 21,
            "Actual Startup Time": 7249.631,
            "Actual Total Time": 7249.778,
            "Actual Rows": 2453777,
            "Actual Loops": 1,
            "Hash Buckets": 4194304,
            "Original Hash Buckets": 4194304,
            "Hash Batches": 1,
            "Original Hash Batches": 1,
            "Peak Memory Usage": 161593,
            "Plans": [
              {
                "Node Type": "Merge Join",
                "Parent Relationship": "Outer",
                "Parallel Aware": false,
                "Join Type": "Inner",
                "Startup Cost": 933731.07,
                "Total Cost": 1259050.85,
                "Plan Rows": 3235529,
                "Plan Width": 21,
                "Actual Startup Time": 3177.48,
                "Actual Total Time": 6713.515,
                "Actual Rows": 2453777,
                "Actual Loops": 1,
                "Inner Unique": false,
                "Merge Cond": "(t.id = mi.movie_id)",
                "Plans": [
                  {
                    "Node Type": "Index Scan",
                    "Parent Relationship": "Outer",
                    "Parallel Aware": false,
                    "Scan Direction": "Forward",
                    "Index Name": "title_pkey",
                    "Relation Name": "title",
                    "Alias": "t",
                    "Startup Cost": 0.43,
                    "Total Cost": 116680.33,
                    "Plan Rows": 959055,
                    "Plan Width": 21,
                    "Actual Startup Time": 0.025,
                    "Actual Total Time": 1522.299,
                    "Actual Rows": 970397,
                    "Actual Loops": 1,
                    "Filter": "(production_year < 1999)",
                    "Rows Removed by Filter": 1555425
                  },
                  {
                    "Node Type": "Materialize",
                    "Parent Relationship": "Inner",
                    "Parallel Aware": false,
                    "Startup Cost": 933727.42,
                    "Total Cost": 1086410.07,
                    "Plan Rows": 8530338,
                    "Plan Width": 12,
                    "Actual Startup Time": 3176.865,
                    "Actual Total Time": 4746.562,
                    "Actual Rows": 4060930,
                    "Actual Loops": 1,
                    "Plans": [
                      {
                        "Node Type": "Merge Join",
                        "Parent Relationship": "Outer",
                        "Parallel Aware": false,
                        "Join Type": "Inner",
                        "Startup Cost": 933727.42,
                        "Total Cost": 1065084.23,
                        "Plan Rows": 8530338,
                        "Plan Width": 12,
                        "Actual Startup Time": 3176.856,
                        "Actual Total Time": 4108.084,
                        "Actual Rows": 4060930,
                        "Actual Loops": 1,
                        "Inner Unique": false,
                        "Merge Cond": "(mi.movie_id = mk.movie_id)",
                        "Plans": [
                          {
                            "Node Type": "Sort",
                            "Parent Relationship": "Outer",
                            "Parallel Aware": false,
                            "Startup Cost": 363932.8,
                            "Total Cost": 365634.71,
                            "Plan Rows": 680764,
                            "Plan Width": 4,
                            "Actual Startup Time": 1179.263,
                            "Actual Total Time": 1237.979,
                            "Actual Rows": 706674,
                            "Actual Loops": 1,
                            "Sort Key": [
                              "mi.movie_id"
                            ],
                            "Sort Method": "quicksort",
                            "Sort Space Used": 57702,
                            "Sort Space Type": "Memory",
                            "Plans": [
                              {
                                "Node Type": "Gather",
                                "Parent Relationship": "Outer",
                                "Parallel Aware": false,
                                "Startup Cost": 1000.0,
                                "Total Cost": 297977.68,
                                "Plan Rows": 680764,
                                "Plan Width": 4,
                                "Actual Startup Time": 3.086,
                                "Actual Total Time": 969.954,
                                "Actual Rows": 706674,
                                "Actual Loops": 1,
                                "Workers Planned": 5,
                                "Workers Launched": 5,
                                "Single Copy": false,
                                "Plans": [
                                  {
                                    "Node Type": "Seq Scan",
                                    "Parent Relationship": "Outer",
                                    "Parallel Aware": true,
                                    "Relation Name": "movie_info",
                                    "Alias": "mi",
                                    "Startup Cost": 0.0,
                                    "Total Cost": 228901.28,
                                    "Plan Rows": 136153,
                                    "Plan Width": 4,
                                    "Actual Startup Time": 0.576,
                                    "Actual Total Time": 966.405,
                                    "Actual Rows": 117779,
                                    "Actual Loops": 6,
                                    "Filter": "(info = ANY ('{Sweden,Norway,Germany,Denmark,Swedish,Denish,Norwegian,German,USA,American}'::text[]))",
                                    "Rows Removed by Filter": 2354841
                                  }
                                ]
                              }
                            ]
                          },
                          {
                            "Node Type": "Sort",
                            "Parent Relationship": "Inner",
                            "Parallel Aware": false,
                            "Startup Cost": 569794.43,
                            "Total Cost": 581104.25,
                            "Plan Rows": 4523930,
                            "Plan Width": 8,
                            "Actual Startup Time": 1997.577,
                            "Actual Total Time": 2287.958,
                            "Actual Rows": 5699046,
                            "Actual Loops": 1,
                            "Sort Key": [
                              "mk.movie_id"
                            ],
                            "Sort Method": "quicksort",
                            "Sort Space Used": 408668,
                            "Sort Space Type": "Memory",
                            "Plans": [
                              {
                                "Node Type": "Seq Scan",
                                "Parent Relationship": "Outer",
                                "Parallel Aware": false,
                                "Relation Name": "movie_keyword",
                                "Alias": "mk",
                                "Startup Cost": 0.0,
                                "Total Cost": 69693.3,
                                "Plan Rows": 4523930,
                                "Plan Width": 8,
                                "Actual Startup Time": 0.025,
                                "Actual Total Time": 654.303,
                                "Actual Rows": 4523930,
                                "Actual Loops": 1
                              }
                            ]
                          }
                        ]
                      }
                    ]
                  }
                ]
              }
            ]
          }
        ]
      }
    ]
  },
  "Planning Time": 6.612,
  "Triggers": [],
  "Execution Time": 7371.731
}