{
  "Plan": {
    "Node Type": "Aggregate",
    "Strategy": "Plain",
    "Partial Mode": "Finalize",
    "Parallel Aware": false,
    "Startup Cost": 157736.16,
    "Total Cost": 157736.17,
    "Plan Rows": 1,
    "Plan Width": 8,
    "Actual Startup Time": 830.594,
    "Actual Total Time": 848.558,
    "Actual Rows": 1,
    "Actual Loops": 1,
    "Plans": [
      {
        "Node Type": "Gather",
        "Parent Relationship": "Outer",
        "Parallel Aware": false,
        "Startup Cost": 157736.05,
        "Total Cost": 157736.16,
        "Plan Rows": 1,
        "Plan Width": 8,
        "Actual Startup Time": 825.344,
        "Actual Total Time": 848.55,
        "Actual Rows": 2,
        "Actual Loops": 1,
        "Workers Planned": 1,
        "Workers Launched": 1,
        "Single Copy": false,
        "Plans": [
          {
            "Node Type": "Aggregate",
            "Strategy": "Plain",
            "Partial Mode": "Partial",
            "Parent Relationship": "Outer",
            "Parallel Aware": false,
            "Startup Cost": 156736.05,
            "Total Cost": 156736.06,
            "Plan Rows": 1,
            "Plan Width": 8,
            "Actual Startup Time": 814.511,
            "Actual Total Time": 814.515,
            "Actual Rows": 1,
            "Actual Loops": 2,
            "Plans": [
              {
                "Node Type": "Hash Join",
                "Parent Relationship": "Outer",
                "Parallel Aware": false,
                "Join Type": "Inner",
                "Startup Cost": 93090.53,
                "Total Cost": 156735.74,
                "Plan Rows": 123,
                "Plan Width": 0,
                "Actual Startup Time": 786.029,
                "Actual Total Time": 814.509,
                "Actual Rows": 3,
                "Actual Loops": 2,
                "Inner Unique": false,
                "Hash Cond": "(t.id = ci.movie_id)",
                "Plans": [
                  {
                    "Node Type": "Hash Join",
                    "Parent Relationship": "Outer",
                    "Parallel Aware": true,
                    "Join Type": "Inner",
                    "Startup Cost": 92025.89,
                    "Total Cost": 125944.94,
                    "Plan Rows": 625788,
                    "Plan Width": 8,
                    "Actual Startup Time": 560.943,
                    "Actual Total Time": 785.921,
                    "Actual Rows": 534699,
                    "Actual Loops": 2,
                    "Inner Unique": true,
                    "Hash Cond": "(mk.movie_id = t.id)",
                    "Plans": [
                      {
                        "Node Type": "Bitmap Heap Scan",
                        "Parent Relationship": "Outer",
                        "Parallel Aware": true,
                        "Relation Name": "movie_keyword",
                        "Alias": "mk",
                        "Startup Cost": 22565.19,
                        "Total Cost": 54841.55,
                        "Plan Rows": 625788,
                        "Plan Width": 4,
                        "Actual Startup Time": 54.917,
                        "Actual Total Time": 142.98,
                        "Actual Rows": 534699,
                        "Actual Loops": 2,
                        "Recheck Cond": "(keyword_id < 1074)",
                        "Rows Removed by Index Recheck": 0,
                        "Exact Heap Blocks": 13294,
                        "Lossy Heap Blocks": 0,
                        "Plans": [
                          {
                            "Node Type": "Bitmap Index Scan",
                            "Parent Relationship": "Outer",
                            "Parallel Aware": false,
                            "Index Name": "keyword_id_movie_keyword",
                            "Startup Cost": 0.0,
                            "Total Cost": 22299.23,
                            "Plan Rows": 1063840,
                            "Plan Width": 0,
                            "Actual Startup Time": 51.305,
                            "Actual Total Time": 51.306,
                            "Actual Rows": 1069398,
                            "Actual Loops": 1,
                            "Index Cond": "(keyword_id < 1074)"
                          }
                        ]
                      },
                      {
                        "Node Type": "Hash",
                        "Parent Relationship": "Inner",
                        "Parallel Aware": true,
                        "Startup Cost": 50870.31,
                        "Total Cost": 50870.31,
                        "Plan Rows": 1487231,
                        "Plan Width": 4,
                        "Actual Startup Time": 485.759,
                        "Actual Total Time": 485.76,
                        "Actual Rows": 1264156,
                        "Actual Loops": 2,
                        "Hash Buckets": 4194304,
                        "Original Hash Buckets": 4194304,
                        "Hash Batches": 1,
                        "Original Hash Batches": 1,
                        "Peak Memory Usage": 131712,
                        "Plans": [
                          {
                            "Node Type": "Seq Scan",
                            "Parent Relationship": "Outer",
                            "Parallel Aware": true,
                            "Relation Name": "title",
                            "Alias": "t",
                            "Startup Cost": 0.0,
                            "Total Cost": 50870.31,
                            "Plan Rows": 1487231,
                            "Plan Width": 4,
                            "Actual Startup Time": 0.022,
                            "Actual Total Time": 143.096,
                            "Actual Rows": 1264156,
                            "Actual Loops": 2
                          }
                        ]
                      }
                    ]
                  },
                  {
                    "Node Type": "Hash",
                    "Parent Relationship": "Inner",
                    "Parallel Aware": false,
                    "Startup Cost": 1058.43,
                    "Total Cost": 1058.43,
                    "Plan Rows": 497,
                    "Plan Width": 4,
                    "Actual Startup Time": 0.345,
                    "Actual Total Time": 0.346,
                    "Actual Rows": 82,
                    "Actual Loops": 2,
                    "Hash Buckets": 1024,
                    "Original Hash Buckets": 1024,
                    "Hash Batches": 1,
                    "Original Hash Batches": 1,
                    "Peak Memory Usage": 11,
                    "Plans": [
                      {
                        "Node Type": "Index Scan",
                        "Parent Relationship": "Outer",
                        "Parallel Aware": false,
                        "Scan Direction": "Forward",
                        "Index Name": "person_id_cast_info",
                        "Relation Name": "cast_info",
                        "Alias": "ci",
                        "Startup Cost": 0.56,
                        "Total Cost": 1058.43,
                        "Plan Rows": 497,
                        "Plan Width": 4,
                        "Actual Startup Time": 0.231,
                        "Actual Total Time": 0.279,
                        "Actual Rows": 82,
                        "Actual Loops": 2,
                        "Index Cond": "(person_id = 2525284)",
                        "Rows Removed by Index Recheck": 0
                      }
                    ]
                  }
                ]
              }
            ]
          }
        ]
      }
    ]
  },
  "Planning Time": 0.869,
  "Triggers": [],
  "Execution Time": 848.661
}