{
  "Plan": {
    "Node Type": "Aggregate",
    "Strategy": "Plain",
    "Partial Mode": "Simple",
    "Parallel Aware": false,
    "Startup Cost": 152505.39,
    "Total Cost": 152505.4,
    "Plan Rows": 1,
    "Plan Width": 96,
    "Actual Startup Time": 343.245,
    "Actual Total Time": 343.376,
    "Actual Rows": 1,
    "Actual Loops": 1,
    "Plans": [
      {
        "Node Type": "Nested Loop",
        "Parent Relationship": "Outer",
        "Parallel Aware": false,
        "Join Type": "Inner",
        "Startup Cost": 1001.43,
        "Total Cost": 152505.38,
        "Plan Rows": 1,
        "Plan Width": 48,
        "Actual Startup Time": 343.239,
        "Actual Total Time": 343.368,
        "Actual Rows": 0,
        "Actual Loops": 1,
        "Inner Unique": false,
        "Join Filter": "(mk.keyword_id = k.id)",
        "Rows Removed by Join Filter": 0,
        "Plans": [
          {
            "Node Type": "Seq Scan",
            "Parent Relationship": "Outer",
            "Parallel Aware": false,
            "Relation Name": "keyword",
            "Alias": "k",
            "Startup Cost": 0.0,
            "Total Cost": 3632.4,
            "Plan Rows": 8,
            "Plan Width": 20,
            "Actual Startup Time": 0.119,
            "Actual Total Time": 35.022,
            "Actual Rows": 8,
            "Actual Loops": 1,
            "Filter": "(keyword = ANY ('{superhero,sequel,second-part,marvel-comics,based-on-comic,tv-special,fight,violence}'::text[]))",
            "Rows Removed by Filter": 134162
          },
          {
            "Node Type": "Materialize",
            "Parent Relationship": "Inner",
            "Parallel Aware": false,
            "Startup Cost": 1001.43,
            "Total Cost": 148852.53,
            "Plan Rows": 174,
            "Plan Width": 36,
            "Actual Startup Time": 38.526,
            "Actual Total Time": 38.542,
            "Actual Rows": 0,
            "Actual Loops": 8,
            "Plans": [
              {
                "Node Type": "Gather",
                "Parent Relationship": "Outer",
                "Parallel Aware": false,
                "Startup Cost": 1001.43,
                "Total Cost": 148851.66,
                "Plan Rows": 174,
                "Plan Width": 36,
                "Actual Startup Time": 308.203,
                "Actual Total Time": 308.33,
                "Actual Rows": 0,
                "Actual Loops": 1,
                "Workers Planned": 4,
                "Workers Launched": 4,
                "Single Copy": false,
                "Plans": [
                  {
                    "Node Type": "Nested Loop",
                    "Parent Relationship": "Outer",
                    "Parallel Aware": false,
                    "Join Type": "Inner",
                    "Startup Cost": 1.43,
                    "Total Cost": 147834.26,
                    "Plan Rows": 44,
                    "Plan Width": 36,
                    "Actual Startup Time": 301.53,
                    "Actual Total Time": 301.537,
                    "Actual Rows": 0,
                    "Actual Loops": 5,
                    "Inner Unique": false,
                    "Join Filter": "(t.id = mk.movie_id)",
                    "Rows Removed by Join Filter": 0,
                    "Plans": [
                      {
                        "Node Type": "Nested Loop",
                        "Parent Relationship": "Outer",
                        "Parallel Aware": false,
                        "Join Type": "Inner",
                        "Startup Cost": 0.99,
                        "Total Cost": 147817.91,
                        "Plan Rows": 9,
                        "Plan Width": 40,
                        "Actual Startup Time": 301.529,
                        "Actual Total Time": 301.533,
                        "Actual Rows": 0,
                        "Actual Loops": 5,
                        "Inner Unique": true,
                        "Plans": [
                          {
                            "Node Type": "Nested Loop",
                            "Parent Relationship": "Outer",
                            "Parallel Aware": false,
                            "Join Type": "Inner",
                            "Startup Cost": 0.56,
                            "Total Cost": 147405.25,
                            "Plan Rows": 907,
                            "Plan Width": 19,
                            "Actual Startup Time": 193.734,
                            "Actual Total Time": 298.968,
                            "Actual Rows": 97,
                            "Actual Loops": 5,
                            "Inner Unique": false,
                            "Plans": [
                              {
                                "Node Type": "Seq Scan",
                                "Parent Relationship": "Outer",
                                "Parallel Aware": true,
                                "Relation Name": "name",
                                "Alias": "n",
                                "Startup Cost": 0.0,
                                "Total Cost": 68636.18,
                                "Plan Rows": 104,
                                "Plan Width": 19,
                                "Actual Startup Time": 193.672,
                                "Actual Total Time": 298.798,
                                "Actual Rows": 0,
                                "Actual Loops": 5,
                                "Filter": "(name ~~ '%Downey%Robert%'::text)",
                                "Rows Removed by Filter": 833498
                              },
                              {
                                "Node Type": "Index Scan",
                                "Parent Relationship": "Inner",
                                "Parallel Aware": false,
                                "Scan Direction": "Forward",
                                "Index Name": "person_id_cast_info",
                                "Relation Name": "cast_info",
                                "Alias": "ci",
                                "Startup Cost": 0.56,
                                "Total Cost": 752.29,
                                "Plan Rows": 510,
                                "Plan Width": 8,
                                "Actual Startup Time": 0.139,
                                "Actual Total Time": 0.358,
                                "Actual Rows": 243,
                                "Actual Loops": 2,
                                "Index Cond": "(person_id = n.id)",
                                "Rows Removed by Index Recheck": 0
                              }
                            ]
                          },
                          {
                            "Node Type": "Index Scan",
                            "Parent Relationship": "Inner",
                            "Parallel Aware": false,
                            "Scan Direction": "Forward",
                            "Index Name": "title_pkey",
                            "Relation Name": "title",
                            "Alias": "t",
                            "Startup Cost": 0.43,
                            "Total Cost": 0.45,
                            "Plan Rows": 1,
                            "Plan Width": 21,
                            "Actual Startup Time": 0.026,
                            "Actual Total Time": 0.026,
                            "Actual Rows": 0,
                            "Actual Loops": 486,
                            "Index Cond": "(id = ci.movie_id)",
                            "Rows Removed by Index Recheck": 0,
                            "Filter": "(production_year < 1910)",
                            "Rows Removed by Filter": 1
                          }
                        ]
                      },
                      {
                        "Node Type": "Index Scan",
                        "Parent Relationship": "Inner",
                        "Parallel Aware": false,
                        "Scan Direction": "Forward",
                        "Index Name": "movie_id_movie_keyword",
                        "Relation Name": "movie_keyword",
                        "Alias": "mk",
                        "Startup Cost": 0.43,
                        "Total Cost": 1.24,
                        "Plan Rows": 46,
                        "Plan Width": 8,
                        "Actual Startup Time": 0.0,
                        "Actual Total Time": 0.0,
                        "Actual Rows": 0,
                        "Actual Loops": 0,
                        "Index Cond": "(movie_id = ci.movie_id)",
                        "Rows Removed by Index Recheck": 0
                      }
                    ]
                  }
                ]
              }
            ]
          }
        ]
      }
    ]
  },
  "Planning Time": 0.766,
  "Triggers": [],
  "Execution Time": 343.445
}