[
  {
    "Plan": {
      "Node Type": "Aggregate",
      "Strategy": "Plain",
      "Partial Mode": "Finalize",
      "Parallel Aware": false,
      "Startup Cost": 36029.16,
      "Total Cost": 36029.17,
      "Plan Rows": 1,
      "Plan Width": 8,
      "Actual Startup Time": 41.329,
      "Actual Total Time": 47.528,
      "Actual Rows": 1,
      "Actual Loops": 1,
      "Plans": [
        {
          "Node Type": "Gather",
          "Parent Relationship": "Outer",
          "Parallel Aware": false,
          "Startup Cost": 36028.94,
          "Total Cost": 36029.15,
          "Plan Rows": 2,
          "Plan Width": 8,
          "Actual Startup Time": 41.19,
          "Actual Total Time": 47.522,
          "Actual Rows": 3,
          "Actual Loops": 1,
          "Workers Planned": 2,
          "Workers Launched": 2,
          "Single Copy": false,
          "Plans": [
            {
              "Node Type": "Aggregate",
              "Strategy": "Plain",
              "Partial Mode": "Partial",
              "Parent Relationship": "Outer",
              "Parallel Aware": false,
              "Startup Cost": 35028.94,
              "Total Cost": 35028.95,
              "Plan Rows": 1,
              "Plan Width": 8,
              "Actual Startup Time": 33.08,
              "Actual Total Time": 33.081,
              "Actual Rows": 1,
              "Actual Loops": 3,
              "Plans": [
                {
                  "Node Type": "Nested Loop",
                  "Parent Relationship": "Outer",
                  "Parallel Aware": false,
                  "Join Type": "Inner",
                  "Startup Cost": 145.45,
                  "Total Cost": 35027.93,
                  "Plan Rows": 403,
                  "Plan Width": 0,
                  "Actual Startup Time": 5.256,
                  "Actual Total Time": 32.947,
                  "Actual Rows": 822,
                  "Actual Loops": 3,
                  "Inner Unique": true,
                  "Plans": [
                    {
                      "Node Type": "Bitmap Heap Scan",
                      "Parent Relationship": "Outer",
                      "Parallel Aware": true,
                      "Relation Name": "movie_keyword",
                      "Alias": "mk",
                      "Startup Cost": 145.02,
                      "Total Cost": 15193.32,
                      "Plan Rows": 2828,
                      "Plan Width": 4,
                      "Actual Startup Time": 2.44,
                      "Actual Total Time": 10.727,
                      "Actual Rows": 1957,
                      "Actual Loops": 3,
                      "Recheck Cond": "(keyword_id = 2860)",
                      "Rows Removed by Index Recheck": 0,
                      "Exact Heap Blocks": 3387,
                      "Lossy Heap Blocks": 0,
                      "Plans": [
                        {
                          "Node Type": "Bitmap Index Scan",
                          "Parent Relationship": "Outer",
                          "Parallel Aware": false,
                          "Index Name": "keyword_id_movie_keyword",
                          "Startup Cost": 0.0,
                          "Total Cost": 143.33,
                          "Plan Rows": 6786,
                          "Plan Width": 0,
                          "Actual Startup Time": 4.612,
                          "Actual Total Time": 4.612,
                          "Actual Rows": 5871,
                          "Actual Loops": 1,
                          "Index Cond": "(keyword_id = 2860)"
                        }
                      ]
                    },
                    {
                      "Node Type": "Index Scan",
                      "Parent Relationship": "Inner",
                      "Parallel Aware": false,
                      "Scan Direction": "Forward",
                      "Index Name": "title_pkey",
                      "Relation Name": "title",
                      "Alias": "t",
                      "Startup Cost": 0.43,
                      "Total Cost": 7.01,
                      "Plan Rows": 1,
                      "Plan Width": 4,
                      "Actual Startup Time": 0.011,
                      "Actual Total Time": 0.011,
                      "Actual Rows": 0,
                      "Actual Loops": 5871,
                      "Index Cond": "(id = mk.movie_id)",
                      "Rows Removed by Index Recheck": 0,
                      "Filter": "((kind_id < 7) AND (production_year < 1998))",
                      "Rows Removed by Filter": 1
                    }
                  ]
                }
              ]
            }
          ]
        }
      ]
    },
    "Planning Time": 0.655,
    "Triggers": [],
    "Execution Time": 47.618
  }
]