[
  {
    "Plan": {
      "Node Type": "Aggregate",
      "Strategy": "Plain",
      "Partial Mode": "Finalize",
      "Parallel Aware": false,
      "Startup Cost": 46008.6,
      "Total Cost": 46008.61,
      "Plan Rows": 1,
      "Plan Width": 8,
      "Actual Startup Time": 151.004,
      "Actual Total Time": 163.746,
      "Actual Rows": 1,
      "Actual Loops": 1,
      "Plans": [
        {
          "Node Type": "Gather",
          "Parent Relationship": "Outer",
          "Parallel Aware": false,
          "Startup Cost": 46008.28,
          "Total Cost": 46008.59,
          "Plan Rows": 3,
          "Plan Width": 8,
          "Actual Startup Time": 150.845,
          "Actual Total Time": 163.738,
          "Actual Rows": 4,
          "Actual Loops": 1,
          "Workers Planned": 3,
          "Workers Launched": 3,
          "Single Copy": false,
          "Plans": [
            {
              "Node Type": "Aggregate",
              "Strategy": "Plain",
              "Partial Mode": "Partial",
              "Parent Relationship": "Outer",
              "Parallel Aware": false,
              "Startup Cost": 45008.28,
              "Total Cost": 45008.29,
              "Plan Rows": 1,
              "Plan Width": 8,
              "Actual Startup Time": 147.394,
              "Actual Total Time": 147.395,
              "Actual Rows": 1,
              "Actual Loops": 4,
              "Plans": [
                {
                  "Node Type": "Seq Scan",
                  "Parent Relationship": "Outer",
                  "Parallel Aware": true,
                  "Relation Name": "movie_keyword",
                  "Alias": "mk",
                  "Startup Cost": 0.0,
                  "Total Cost": 42695.65,
                  "Plan Rows": 925052,
                  "Plan Width": 0,
                  "Actual Startup Time": 0.033,
                  "Actual Total Time": 115.222,
                  "Actual Rows": 720266,
                  "Actual Loops": 4,
                  "Filter": "(keyword_id < 8995)",
                  "Rows Removed by Filter": 410716
                }
              ]
            }
          ]
        }
      ]
    },
    "Planning Time": 0.179,
    "Triggers": [],
    "Execution Time": 163.799
  }
]