{
  "Plan": {
    "Node Type": "Aggregate",
    "Strategy": "Plain",
    "Partial Mode": "Finalize",
    "Parallel Aware": false,
    "Startup Cost": 347555.57,
    "Total Cost": 347555.58,
    "Plan Rows": 1,
    "Plan Width": 8,
    "Actual Startup Time": 523.249,
    "Actual Total Time": 538.14,
    "Actual Rows": 1,
    "Actual Loops": 1,
    "Plans": [
      {
        "Node Type": "Gather",
        "Parent Relationship": "Outer",
        "Parallel Aware": false,
        "Startup Cost": 347555.46,
        "Total Cost": 347555.57,
        "Plan Rows": 1,
        "Plan Width": 8,
        "Actual Startup Time": 521.213,
        "Actual Total Time": 538.134,
        "Actual Rows": 2,
        "Actual Loops": 1,
        "Workers Planned": 1,
        "Workers Launched": 1,
        "Single Copy": false,
        "Plans": [
          {
            "Node Type": "Aggregate",
            "Strategy": "Plain",
            "Partial Mode": "Partial",
            "Parent Relationship": "Outer",
            "Parallel Aware": false,
            "Startup Cost": 346555.46,
            "Total Cost": 346555.47,
            "Plan Rows": 1,
            "Plan Width": 8,
            "Actual Startup Time": 515.301,
            "Actual Total Time": 515.304,
            "Actual Rows": 1,
            "Actual Loops": 2,
            "Plans": [
              {
                "Node Type": "Hash Join",
                "Parent Relationship": "Outer",
                "Parallel Aware": true,
                "Join Type": "Inner",
                "Startup Cost": 84266.1,
                "Total Cost": 345970.96,
                "Plan Rows": 233799,
                "Plan Width": 0,
                "Actual Startup Time": 301.991,
                "Actual Total Time": 507.387,
                "Actual Rows": 175206,
                "Actual Loops": 2,
                "Inner Unique": true,
                "Hash Cond": "(ci.movie_id = t.id)",
                "Plans": [
                  {
                    "Node Type": "Bitmap Heap Scan",
                    "Parent Relationship": "Outer",
                    "Parallel Aware": true,
                    "Relation Name": "cast_info",
                    "Alias": "ci",
                    "Startup Cost": 22387.79,
                    "Total Cost": 282527.57,
                    "Plan Rows": 596222,
                    "Plan Width": 4,
                    "Actual Startup Time": 31.275,
                    "Actual Total Time": 90.868,
                    "Actual Rows": 491494,
                    "Actual Loops": 2,
                    "Recheck Cond": "(person_id > 3872758)",
                    "Rows Removed by Index Recheck": 0,
                    "Exact Heap Blocks": 7217,
                    "Lossy Heap Blocks": 0,
                    "Plans": [
                      {
                        "Node Type": "Bitmap Index Scan",
                        "Parent Relationship": "Outer",
                        "Parallel Aware": false,
                        "Index Name": "person_id_cast_info",
                        "Startup Cost": 0.0,
                        "Total Cost": 22134.4,
                        "Plan Rows": 1013578,
                        "Plan Width": 0,
                        "Actual Startup Time": 29.064,
                        "Actual Total Time": 29.065,
                        "Actual Rows": 982988,
                        "Actual Loops": 1,
                        "Index Cond": "(person_id > 3872758)"
                      }
                    ]
                  },
                  {
                    "Node Type": "Hash",
                    "Parent Relationship": "Inner",
                    "Parallel Aware": true,
                    "Startup Cost": 54588.39,
                    "Total Cost": 54588.39,
                    "Plan Rows": 583193,
                    "Plan Width": 4,
                    "Actual Startup Time": 264.458,
                    "Actual Total Time": 264.459,
                    "Actual Rows": 492524,
                    "Actual Loops": 2,
                    "Hash Buckets": 1048576,
                    "Original Hash Buckets": 1048576,
                    "Hash Batches": 1,
                    "Original Hash Batches": 1,
                    "Peak Memory Usage": 46784,
                    "Plans": [
                      {
                        "Node Type": "Seq Scan",
                        "Parent Relationship": "Outer",
                        "Parallel Aware": true,
                        "Relation Name": "title",
                        "Alias": "t",
                        "Startup Cost": 0.0,
                        "Total Cost": 54588.39,
                        "Plan Rows": 583193,
                        "Plan Width": 4,
                        "Actual Startup Time": 0.03,
                        "Actual Total Time": 154.184,
                        "Actual Rows": 492524,
                        "Actual Loops": 2,
                        "Filter": "(kind_id < 7)",
                        "Rows Removed by Filter": 771632
                      }
                    ]
                  }
                ]
              }
            ]
          }
        ]
      }
    ]
  },
  "Planning Time": 0.342,
  "Triggers": [],
  "Execution Time": 538.192
}