[
  {
    "Plan": {
      "Node Type": "Aggregate",
      "Strategy": "Plain",
      "Partial Mode": "Finalize",
      "Parallel Aware": false,
      "Startup Cost": 84827.17,
      "Total Cost": 84827.18,
      "Plan Rows": 1,
      "Plan Width": 8,
      "Actual Startup Time": 410.966,
      "Actual Total Time": 446.844,
      "Actual Rows": 1,
      "Actual Loops": 1,
      "Plans": [
        {
          "Node Type": "Gather",
          "Parent Relationship": "Outer",
          "Parallel Aware": false,
          "Startup Cost": 84826.75,
          "Total Cost": 84827.16,
          "Plan Rows": 4,
          "Plan Width": 8,
          "Actual Startup Time": 410.104,
          "Actual Total Time": 446.836,
          "Actual Rows": 5,
          "Actual Loops": 1,
          "Workers Planned": 4,
          "Workers Launched": 4,
          "Single Copy": false,
          "Plans": [
            {
              "Node Type": "Aggregate",
              "Strategy": "Plain",
              "Partial Mode": "Partial",
              "Parent Relationship": "Outer",
              "Parallel Aware": false,
              "Startup Cost": 83826.75,
              "Total Cost": 83826.76,
              "Plan Rows": 1,
              "Plan Width": 8,
              "Actual Startup Time": 399.557,
              "Actual Total Time": 399.561,
              "Actual Rows": 1,
              "Actual Loops": 5,
              "Plans": [
                {
                  "Node Type": "Nested Loop",
                  "Parent Relationship": "Outer",
                  "Parallel Aware": false,
                  "Join Type": "Inner",
                  "Startup Cost": 21192.38,
                  "Total Cost": 83799.91,
                  "Plan Rows": 10734,
                  "Plan Width": 0,
                  "Actual Startup Time": 138.471,
                  "Actual Total Time": 397.054,
                  "Actual Rows": 40892,
                  "Actual Loops": 5,
                  "Inner Unique": false,
                  "Plans": [
                    {
                      "Node Type": "Hash Join",
                      "Parent Relationship": "Outer",
                      "Parallel Aware": true,
                      "Join Type": "Inner",
                      "Startup Cost": 21191.94,
                      "Total Cost": 67803.47,
                      "Plan Rows": 9100,
                      "Plan Width": 8,
                      "Actual Startup Time": 137.756,
                      "Actual Total Time": 185.24,
                      "Actual Rows": 14195,
                      "Actual Loops": 5,
                      "Inner Unique": false,
                      "Hash Cond": "(t.id = mc.movie_id)",
                      "Plans": [
                        {
                          "Node Type": "Seq Scan",
                          "Parent Relationship": "Outer",
                          "Parallel Aware": true,
                          "Relation Name": "title",
                          "Alias": "t",
                          "Startup Cost": 0.0,
                          "Total Cost": 43898.92,
                          "Plan Rows": 536650,
                          "Plan Width": 4,
                          "Actual Startup Time": 0.015,
                          "Actual Total Time": 87.766,
                          "Actual Rows": 426595,
                          "Actual Loops": 5,
                          "Filter": "(production_year > 1966)",
                          "Rows Removed by Filter": 79068
                        },
                        {
                          "Node Type": "Hash",
                          "Parent Relationship": "Inner",
                          "Parallel Aware": true,
                          "Startup Cost": 21019.07,
                          "Total Cost": 21019.07,
                          "Plan Rows": 13830,
                          "Plan Width": 4,
                          "Actual Startup Time": 33.545,
                          "Actual Total Time": 33.546,
                          "Actual Rows": 16174,
                          "Actual Loops": 5,
                          "Hash Buckets": 131072,
                          "Original Hash Buckets": 65536,
                          "Hash Batches": 1,
                          "Original Hash Batches": 1,
                          "Peak Memory Usage": 4832,
                          "Plans": [
                            {
                              "Node Type": "Bitmap Heap Scan",
                              "Parent Relationship": "Outer",
                              "Parallel Aware": true,
                              "Relation Name": "movie_companies",
                              "Alias": "mc",
                              "Startup Cost": 1820.47,
                              "Total Cost": 21019.07,
                              "Plan Rows": 13830,
                              "Plan Width": 4,
                              "Actual Startup Time": 4.804,
                              "Actual Total Time": 21.199,
                              "Actual Rows": 16174,
                              "Actual Loops": 5,
                              "Recheck Cond": "(company_id > 169498)",
                              "Rows Removed by Index Recheck": 0,
                              "Filter": "(company_type_id = 2)",
                              "Rows Removed by Filter": 0,
                              "Exact Heap Blocks": 1041,
                              "Lossy Heap Blocks": 0,
                              "Plans": [
                                {
                                  "Node Type": "Bitmap Index Scan",
                                  "Parent Relationship": "Outer",
                                  "Parallel Aware": false,
                                  "Index Name": "company_id_movie_companies",
                                  "Startup Cost": 0.0,
                                  "Total Cost": 1809.75,
                                  "Plan Rows": 84443,
                                  "Plan Width": 0,
                                  "Actual Startup Time": 10.387,
                                  "Actual Total Time": 10.387,
                                  "Actual Rows": 80868,
                                  "Actual Loops": 1,
                                  "Index Cond": "(company_id > 169498)"
                                }
                              ]
                            }
                          ]
                        }
                      ]
                    },
                    {
                      "Node Type": "Index Scan",
                      "Parent Relationship": "Inner",
                      "Parallel Aware": false,
                      "Scan Direction": "Forward",
                      "Index Name": "movie_id_movie_info",
                      "Relation Name": "movie_info",
                      "Alias": "mi",
                      "Startup Cost": 0.43,
                      "Total Cost": 1.68,
                      "Plan Rows": 8,
                      "Plan Width": 4,
                      "Actual Startup Time": 0.008,
                      "Actual Total Time": 0.014,
                      "Actual Rows": 3,
                      "Actual Loops": 70976,
                      "Index Cond": "(movie_id = t.id)",
                      "Rows Removed by Index Recheck": 0,
                      "Filter": "(info_type_id = 16)",
                      "Rows Removed by Filter": 15
                    }
                  ]
                }
              ]
            }
          ]
        }
      ]
    },
    "Planning Time": 1.48,
    "Triggers": [],
    "Execution Time": 446.964
  }
]