[
  {
    "Bao": {
      "Bao prediction": 1800.765,
      "Bao recommended hint": "SET enable_nestloop TO off; SET enable_hashjoin TO off; "
    }
  },
  {
    "Plan": {
      "Node Type": "Aggregate",
      "Strategy": "Plain",
      "Partial Mode": "Finalize",
      "Parallel Aware": false,
      "Startup Cost": 67203.45,
      "Total Cost": 67203.46,
      "Plan Rows": 1,
      "Plan Width": 96,
      "Actual Startup Time": 287.004,
      "Actual Total Time": 298.195,
      "Actual Rows": 1,
      "Actual Loops": 1,
      "Plans": [
        {
          "Node Type": "Gather",
          "Parent Relationship": "Outer",
          "Parallel Aware": false,
          "Startup Cost": 67202.9,
          "Total Cost": 67203.41,
          "Plan Rows": 5,
          "Plan Width": 96,
          "Actual Startup Time": 210.43,
          "Actual Total Time": 298.173,
          "Actual Rows": 6,
          "Actual Loops": 1,
          "Workers Planned": 5,
          "Workers Launched": 5,
          "Single Copy": false,
          "Plans": [
            {
              "Node Type": "Aggregate",
              "Strategy": "Plain",
              "Partial Mode": "Partial",
              "Parent Relationship": "Outer",
              "Parallel Aware": false,
              "Startup Cost": 66202.9,
              "Total Cost": 66202.91,
              "Plan Rows": 1,
              "Plan Width": 96,
              "Actual Startup Time": 210.447,
              "Actual Total Time": 210.467,
              "Actual Rows": 1,
              "Actual Loops": 6,
              "Plans": [
                {
                  "Node Type": "Merge Join",
                  "Parent Relationship": "Outer",
                  "Parallel Aware": false,
                  "Join Type": "Inner",
                  "Startup Cost": 66202.87,
                  "Total Cost": 66202.9,
                  "Plan Rows": 1,
                  "Plan Width": 48,
                  "Actual Startup Time": 210.43,
                  "Actual Total Time": 210.456,
                  "Actual Rows": 41,
                  "Actual Loops": 6,
                  "Inner Unique": true,
                  "Merge Cond": "(ml.link_type_id = lt.id)",
                  "Plans": [
                    {
                      "Node Type": "Sort",
                      "Parent Relationship": "Outer",
                      "Parallel Aware": false,
                      "Startup Cost": 66201.64,
                      "Total Cost": 66201.64,
                      "Plan Rows": 1,
                      "Plan Width": 40,
                      "Actual Startup Time": 210.425,
                      "Actual Total Time": 210.441,
                      "Actual Rows": 41,
                      "Actual Loops": 6,
                      "Sort Key": [
                        "ml.link_type_id"
                      ],
                      "Sort Method": "quicksort",
                      "Sort Space Used": 25,
                      "Sort Space Type": "Memory",
                      "Workers": [
                        {
                          "Worker Number": 0,
                          "Sort Method": "quicksort",
                          "Sort Space Used": 25,
                          "Sort Space Type": "Memory"
                        },
                        {
                          "Worker Number": 1,
                          "Sort Method": "quicksort",
                          "Sort Space Used": 25,
                          "Sort Space Type": "Memory"
                        },
                        {
                          "Worker Number": 2,
                          "Sort Method": "quicksort",
                          "Sort Space Used": 25,
                          "Sort Space Type": "Memory"
                        },
                        {
                          "Worker Number": 3,
                          "Sort Method": "quicksort",
                          "Sort Space Used": 47,
                          "Sort Space Type": "Memory"
                        },
                        {
                          "Worker Number": 4,
                          "Sort Method": "quicksort",
                          "Sort Space Used": 25,
                          "Sort Space Type": "Memory"
                        }
                      ],
                      "Plans": [
                        {
                          "Node Type": "Merge Join",
                          "Parent Relationship": "Outer",
                          "Parallel Aware": false,
                          "Join Type": "Inner",
                          "Startup Cost": 66201.6,
                          "Total Cost": 66201.63,
                          "Plan Rows": 1,
                          "Plan Width": 40,
                          "Actual Startup Time": 210.322,
                          "Actual Total Time": 210.344,
                          "Actual Rows": 41,
                          "Actual Loops": 6,
                          "Inner Unique": true,
                          "Merge Cond": "(mc.company_type_id = ct.id)",
                          "Plans": [
                            {
                              "Node Type": "Sort",
                              "Parent Relationship": "Outer",
                              "Parallel Aware": false,
                              "Startup Cost": 66200.54,
                              "Total Cost": 66200.55,
                              "Plan Rows": 1,
                              "Plan Width": 44,
                              "Actual Startup Time": 210.316,
                              "Actual Total Time": 210.332,
                              "Actual Rows": 41,
                              "Actual Loops": 6,
                              "Sort Key": [
                                "mc.company_type_id"
                              ],
                              "Sort Method": "quicksort",
                              "Sort Space Used": 25,
                              "Sort Space Type": "Memory",
                              "Workers": [
                                {
                                  "Worker Number": 0,
                                  "Sort Method": "quicksort",
                                  "Sort Space Used": 25,
                                  "Sort Space Type": "Memory"
                                },
                                {
                                  "Worker Number": 1,
                                  "Sort Method": "quicksort",
                                  "Sort Space Used": 25,
                                  "Sort Space Type": "Memory"
                                },
                                {
                                  "Worker Number": 2,
                                  "Sort Method": "quicksort",
                                  "Sort Space Used": 25,
                                  "Sort Space Type": "Memory"
                                },
                                {
                                  "Worker Number": 3,
                                  "Sort Method": "quicksort",
                                  "Sort Space Used": 53,
                                  "Sort Space Type": "Memory"
                                },
                                {
                                  "Worker Number": 4,
                                  "Sort Method": "quicksort",
                                  "Sort Space Used": 25,
                                  "Sort Space Type": "Memory"
                                }
                              ],
                              "Plans": [
                                {
                                  "Node Type": "Merge Join",
                                  "Parent Relationship": "Outer",
                                  "Parallel Aware": false,
                                  "Join Type": "Inner",
                                  "Startup Cost": 65924.75,
                                  "Total Cost": 66200.53,
                                  "Plan Rows": 1,
                                  "Plan Width": 44,
                                  "Actual Startup Time": 209.861,
                                  "Actual Total Time": 210.305,
                                  "Actual Rows": 41,
                                  "Actual Loops": 6,
                                  "Inner Unique": true,
                                  "Merge Cond": "(mc.company_id = cn.id)",
                                  "Plans": [
                                    {
                                      "Node Type": "Sort",
                                      "Parent Relationship": "Outer",
                                      "Parallel Aware": false,
                                      "Startup Cost": 54470.77,
                                      "Total Cost": 54470.77,
                                      "Plan Rows": 1,
                                      "Plan Width": 29,
                                      "Actual Startup Time": 199.517,
                                      "Actual Total Time": 199.538,
                                      "Actual Rows": 89,
                                      "Actual Loops": 6,
                                      "Sort Key": [
                                        "mc.company_id"
                                      ],
                                      "Sort Method": "quicksort",
                                      "Sort Space Used": 25,
                                      "Sort Space Type": "Memory",
                                      "Workers": [
                                        {
                                          "Worker Number": 0,
                                          "Sort Method": "quicksort",
                                          "Sort Space Used": 25,
                                          "Sort Space Type": "Memory"
                                        },
                                        {
                                          "Worker Number": 1,
                                          "Sort Method": "quicksort",
                                          "Sort Space Used": 25,
                                          "Sort Space Type": "Memory"
                                        },
                                        {
                                          "Worker Number": 2,
                                          "Sort Method": "quicksort",
                                          "Sort Space Used": 25,
                                          "Sort Space Type": "Memory"
                                        },
                                        {
                                          "Worker Number": 3,
                                          "Sort Method": "quicksort",
                                          "Sort Space Used": 66,
                                          "Sort Space Type": "Memory"
                                        },
                                        {
                                          "Worker Number": 4,
                                          "Sort Method": "quicksort",
                                          "Sort Space Used": 25,
                                          "Sort Space Type": "Memory"
                                        }
                                      ],
                                      "Plans": [
                                        {
                                          "Node Type": "Merge Join",
                                          "Parent Relationship": "Outer",
                                          "Parallel Aware": false,
                                          "Join Type": "Inner",
                                          "Startup Cost": 54470.73,
                                          "Total Cost": 54470.76,
                                          "Plan Rows": 1,
                                          "Plan Width": 29,
                                          "Actual Startup Time": 199.455,
                                          "Actual Total Time": 199.481,
                                          "Actual Rows": 89,
                                          "Actual Loops": 6,
                                          "Inner Unique": true,
                                          "Merge Cond": "(cc.status_id = cct2.id)",
                                          "Plans": [
                                            {
                                              "Node Type": "Sort",
                                              "Parent Relationship": "Outer",
                                              "Parallel Aware": false,
                                              "Startup Cost": 54469.67,
                                              "Total Cost": 54469.68,
                                              "Plan Rows": 1,
                                              "Plan Width": 33,
                                              "Actual Startup Time": 199.451,
                                              "Actual Total Time": 199.466,
                                              "Actual Rows": 89,
                                              "Actual Loops": 6,
                                              "Sort Key": [
                                                "cc.status_id"
                                              ],
                                              "Sort Method": "quicksort",
                                              "Sort Space Used": 25,
                                              "Sort Space Type": "Memory",
                                              "Workers": [
                                                {
                                                  "Worker Number": 0,
                                                  "Sort Method": "quicksort",
                                                  "Sort Space Used": 25,
                                                  "Sort Space Type": "Memory"
                                                },
                                                {
                                                  "Worker Number": 1,
                                                  "Sort Method": "quicksort",
                                                  "Sort Space Used": 25,
                                                  "Sort Space Type": "Memory"
                                                },
                                                {
                                                  "Worker Number": 2,
                                                  "Sort Method": "quicksort",
                                                  "Sort Space Used": 25,
                                                  "Sort Space Type": "Memory"
                                                },
                                                {
                                                  "Worker Number": 3,
                                                  "Sort Method": "quicksort",
                                                  "Sort Space Used": 102,
                                                  "Sort Space Type": "Memory"
                                                },
                                                {
                                                  "Worker Number": 4,
                                                  "Sort Method": "quicksort",
                                                  "Sort Space Used": 25,
                                                  "Sort Space Type": "Memory"
                                                }
                                              ],
                                              "Plans": [
                                                {
                                                  "Node Type": "Merge Join",
                                                  "Parent Relationship": "Outer",
                                                  "Parallel Aware": false,
                                                  "Join Type": "Inner",
                                                  "Startup Cost": 54469.64,
                                                  "Total Cost": 54469.66,
                                                  "Plan Rows": 1,
                                                  "Plan Width": 33,
                                                  "Actual Startup Time": 199.37,
                                                  "Actual Total Time": 199.408,
                                                  "Actual Rows": 165,
                                                  "Actual Loops": 6,
                                                  "Inner Unique": true,
                                                  "Merge Cond": "(cc.subject_id = cct1.id)",
                                                  "Plans": [
                                                    {
                                                      "Node Type": "Sort",
                                                      "Parent Relationship": "Outer",
                                                      "Parallel Aware": false,
                                                      "Startup Cost": 54468.58,
                                                      "Total Cost": 54468.58,
                                                      "Plan Rows": 1,
                                                      "Plan Width": 37,
                                                      "Actual Startup Time": 199.362,
                                                      "Actual Total Time": 199.379,
                                                      "Actual Rows": 165,
                                                      "Actual Loops": 6,
                                                      "Sort Key": [
                                                        "cc.subject_id"
                                                      ],
                                                      "Sort Method": "quicksort",
                                                      "Sort Space Used": 25,
                                                      "Sort Space Type": "Memory",
                                                      "Workers": [
                                                        {
                                                          "Worker Number": 0,
                                                          "Sort Method": "quicksort",
                                                          "Sort Space Used": 25,
                                                          "Sort Space Type": "Memory"
                                                        },
                                                        {
                                                          "Worker Number": 1,
                                                          "Sort Method": "quicksort",
                                                          "Sort Space Used": 25,
                                                          "Sort Space Type": "Memory"
                                                        },
                                                        {
                                                          "Worker Number": 2,
                                                          "Sort Method": "quicksort",
                                                          "Sort Space Used": 25,
                                                          "Sort Space Type": "Memory"
                                                        },
                                                        {
                                                          "Worker Number": 3,
                                                          "Sort Method": "quicksort",
                                                          "Sort Space Used": 102,
                                                          "Sort Space Type": "Memory"
                                                        },
                                                        {
                                                          "Worker Number": 4,
                                                          "Sort Method": "quicksort",
                                                          "Sort Space Used": 25,
                                                          "Sort Space Type": "Memory"
                                                        }
                                                      ],
                                                      "Plans": [
                                                        {
                                                          "Node Type": "Merge Join",
                                                          "Parent Relationship": "Outer",
                                                          "Parallel Aware": false,
                                                          "Join Type": "Inner",
                                                          "Startup Cost": 54464.28,
                                                          "Total Cost": 54468.57,
                                                          "Plan Rows": 1,
                                                          "Plan Width": 37,
                                                          "Actual Startup Time": 199.287,
                                                          "Actual Total Time": 199.323,
                                                          "Actual Rows": 165,
                                                          "Actual Loops": 6,
                                                          "Inner Unique": true,
                                                          "Merge Cond": "(mk.keyword_id = k.id)",
                                                          "Plans": [
                                                            {
                                                              "Node Type": "Sort",
                                                              "Parent Relationship": "Outer",
                                                              "Parallel Aware": false,
                                                              "Startup Cost": 51838.13,
                                                              "Total Cost": 51840.27,
                                                              "Plan Rows": 856,
                                                              "Plan Width": 41,
                                                              "Actual Startup Time": 197.442,
                                                              "Actual Total Time": 197.485,
                                                              "Actual Rows": 494,
                                                              "Actual Loops": 6,
                                                              "Sort Key": [
                                                                "mk.keyword_id"
                                                              ],
                                                              "Sort Method": "quicksort",
                                                              "Sort Space Used": 25,
                                                              "Sort Space Type": "Memory",
                                                              "Workers": [
                                                                {
                                                                  "Worker Number": 0,
                                                                  "Sort Method": "quicksort",
                                                                  "Sort Space Used": 25,
                                                                  "Sort Space Type": "Memory"
                                                                },
                                                                {
                                                                  "Worker Number": 1,
                                                                  "Sort Method": "quicksort",
                                                                  "Sort Space Used": 25,
                                                                  "Sort Space Type": "Memory"
                                                                },
                                                                {
                                                                  "Worker Number": 2,
                                                                  "Sort Method": "quicksort",
                                                                  "Sort Space Used": 25,
                                                                  "Sort Space Type": "Memory"
                                                                },
                                                                {
                                                                  "Worker Number": 3,
                                                                  "Sort Method": "quicksort",
                                                                  "Sort Space Used": 1055,
                                                                  "Sort Space Type": "Memory"
                                                                },
                                                                {
                                                                  "Worker Number": 4,
                                                                  "Sort Method": "quicksort",
                                                                  "Sort Space Used": 25,
                                                                  "Sort Space Type": "Memory"
                                                                }
                                                              ],
                                                              "Plans": [
                                                                {
                                                                  "Node Type": "Merge Join",
                                                                  "Parent Relationship": "Outer",
                                                                  "Parallel Aware": false,
                                                                  "Join Type": "Inner",
                                                                  "Startup Cost": 19.32,
                                                                  "Total Cost": 51796.44,
                                                                  "Plan Rows": 856,
                                                                  "Plan Width": 41,
                                                                  "Actual Startup Time": 195.198,
                                                                  "Actual Total Time": 197.103,
                                                                  "Actual Rows": 1431,
                                                                  "Actual Loops": 6,
                                                                  "Inner Unique": false,
                                                                  "Merge Cond": "(ml.movie_id = mk.movie_id)",
                                                                  "Plans": [
                                                                    {
                                                                      "Node Type": "Merge Join",
                                                                      "Parent Relationship": "Outer",
                                                                      "Parallel Aware": false,
                                                                      "Join Type": "Inner",
                                                                      "Startup Cost": 1.55,
                                                                      "Total Cost": 43638.31,
                                                                      "Plan Rows": 42,
                                                                      "Plan Width": 33,
                                                                      "Actual Startup Time": 124.686,
                                                                      "Actual Total Time": 161.555,
                                                                      "Actual Rows": 51,
                                                                      "Actual Loops": 6,
                                                                      "Inner Unique": true,
                                                                      "Merge Cond": "(ml.movie_id = t.id)",
                                                                      "Plans": [
                                                                        {
                                                                          "Node Type": "Merge Join",
                                                                          "Parent Relationship": "Outer",
                                                                          "Parallel Aware": false,
                                                                          "Join Type": "Inner",
                                                                          "Startup Cost": 1.12,
                                                                          "Total Cost": 34778.77,
                                                                          "Plan Rows": 2336,
                                                                          "Plan Width": 12,
                                                                          "Actual Startup Time": 4.821,
                                                                          "Actual Total Time": 53.063,
                                                                          "Actual Rows": 552,
                                                                          "Actual Loops": 6,
                                                                          "Inner Unique": false,
                                                                          "Merge Cond": "(mi.movie_id = ml.movie_id)",
                                                                          "Plans": [
                                                                            {
                                                                              "Node Type": "Index Scan",
                                                                              "Parent Relationship": "Outer",
                                                                              "Parallel Aware": true,
                                                                              "Scan Direction": "Forward",
                                                                              "Index Name": "movie_id_movie_info",
                                                                              "Relation Name": "movie_info",
                                                                              "Alias": "mi",
                                                                              "Startup Cost": 0.43,
                                                                              "Total Cost": 977342.53,
                                                                              "Plan Rows": 28127,
                                                                              "Plan Width": 4,
                                                                              "Actual Startup Time": 1.456,
                                                                              "Actual Total Time": 45.357,
                                                                              "Actual Rows": 590,
                                                                              "Actual Loops": 6,
                                                                              "Filter": "(info = ANY ('{Sweden,Germany,Swedish,German}'::text[]))",
                                                                              "Rows Removed by Filter": 86826
                                                                            },
                                                                            {
                                                                              "Node Type": "Index Scan",
                                                                              "Parent Relationship": "Inner",
                                                                              "Parallel Aware": false,
                                                                              "Scan Direction": "Forward",
                                                                              "Index Name": "movie_id_movie_link",
                                                                              "Relation Name": "movie_link",
                                                                              "Alias": "ml",
                                                                              "Startup Cost": 0.29,
                                                                              "Total Cost": 1111.51,
                                                                              "Plan Rows": 29997,
                                                                              "Plan Width": 8,
                                                                              "Actual Startup Time": 0.12,
                                                                              "Actual Total Time": 5.294,
                                                                              "Actual Rows": 30249,
                                                                              "Actual Loops": 6
                                                                            }
                                                                          ]
                                                                        },
                                                                        {
                                                                          "Node Type": "Index Scan",
                                                                          "Parent Relationship": "Inner",
                                                                          "Parallel Aware": false,
                                                                          "Scan Direction": "Forward",
                                                                          "Index Name": "title_pkey",
                                                                          "Relation Name": "title",
                                                                          "Alias": "t",
                                                                          "Startup Cost": 0.43,
                                                                          "Total Cost": 116680.33,
                                                                          "Plan Rows": 45766,
                                                                          "Plan Width": 21,
                                                                          "Actual Startup Time": 5.662,
                                                                          "Actual Total Time": 108.173,
                                                                          "Actual Rows": 3669,
                                                                          "Actual Loops": 6,
                                                                          "Filter": "(production_year = 1998)",
                                                                          "Rows Removed by Filter": 156101
                                                                        }
                                                                      ]
                                                                    },
                                                                    {
                                                                      "Node Type": "Materialize",
                                                                      "Parent Relationship": "Inner",
                                                                      "Parallel Aware": false,
                                                                      "Startup Cost": 17.77,
                                                                      "Total Cost": 378636.44,
                                                                      "Plan Rows": 2851928,
                                                                      "Plan Width": 32,
                                                                      "Actual Startup Time": 0.459,
                                                                      "Actual Total Time": 40.966,
                                                                      "Actual Rows": 17508,
                                                                      "Actual Loops": 5,
                                                                      "Plans": [
                                                                        {
                                                                          "Node Type": "Merge Join",
                                                                          "Parent Relationship": "Outer",
                                                                          "Parallel Aware": false,
                                                                          "Join Type": "Inner",
                                                                          "Startup Cost": 17.77,
                                                                          "Total Cost": 371506.62,
                                                                          "Plan Rows": 2851928,
                                                                          "Plan Width": 32,
                                                                          "Actual Startup Time": 0.445,
                                                                          "Actual Total Time": 36.828,
                                                                          "Actual Rows": 15822,
                                                                          "Actual Loops": 5,
                                                                          "Inner Unique": false,
                                                                          "Merge Cond": "(mc.movie_id = mk.movie_id)",
                                                                          "Plans": [
                                                                            {
                                                                              "Node Type": "Merge Join",
                                                                              "Parent Relationship": "Outer",
                                                                              "Parallel Aware": false,
                                                                              "Join Type": "Inner",
                                                                              "Startup Cost": 8.88,
                                                                              "Total Cost": 153744.0,
                                                                              "Plan Rows": 328848,
                                                                              "Plan Width": 24,
                                                                              "Actual Startup Time": 0.267,
                                                                              "Actual Total Time": 20.631,
                                                                              "Actual Rows": 3746,
                                                                              "Actual Loops": 5,
                                                                              "Inner Unique": false,
                                                                              "Merge Cond": "(cc.movie_id = mc.movie_id)",
                                                                              "Plans": [
                                                                                {
                                                                                  "Node Type": "Index Scan",
                                                                                  "Parent Relationship": "Outer",
                                                                                  "Parallel Aware": false,
                                                                                  "Scan Direction": "Forward",
                                                                                  "Index Name": "movie_id_complete_cast",
                                                                                  "Relation Name": "complete_cast",
                                                                                  "Alias": "cc",
                                                                                  "Startup Cost": 0.42,
                                                                                  "Total Cost": 6650.11,
                                                                                  "Plan Rows": 135086,
                                                                                  "Plan Width": 12,
                                                                                  "Actual Startup Time": 0.037,
                                                                                  "Actual Total Time": 1.475,
                                                                                  "Actual Rows": 4084,
                                                                                  "Actual Loops": 5
                                                                                },
                                                                                {
                                                                                  "Node Type": "Index Scan",
                                                                                  "Parent Relationship": "Inner",
                                                                                  "Parallel Aware": false,
                                                                                  "Scan Direction": "Forward",
                                                                                  "Index Name": "movie_id_movie_companies",
                                                                                  "Relation Name": "movie_companies",
                                                                                  "Alias": "mc",
                                                                                  "Startup Cost": 0.43,
                                                                                  "Total Cost": 140404.76,
                                                                                  "Plan Rows": 1269863,
                                                                                  "Plan Width": 12,
                                                                                  "Actual Startup Time": 0.052,
                                                                                  "Actual Total Time": 16.825,
                                                                                  "Actual Rows": 30855,
                                                                                  "Actual Loops": 5,
                                                                                  "Filter": "(note IS NULL)",
                                                                                  "Rows Removed by Filter": 33550
                                                                                }
                                                                              ]
                                                                            },
                                                                            {
                                                                              "Node Type": "Index Scan",
                                                                              "Parent Relationship": "Inner",
                                                                              "Parallel Aware": false,
                                                                              "Scan Direction": "Forward",
                                                                              "Index Name": "movie_id_movie_keyword",
                                                                              "Relation Name": "movie_keyword",
                                                                              "Alias": "mk",
                                                                              "Startup Cost": 0.43,
                                                                              "Total Cost": 177148.48,
                                                                              "Plan Rows": 4523930,
                                                                              "Plan Width": 8,
                                                                              "Actual Startup Time": 0.037,
                                                                              "Actual Total Time": 10.375,
                                                                              "Actual Rows": 70884,
                                                                              "Actual Loops": 5
                                                                            }
                                                                          ]
                                                                        }
                                                                      ]
                                                                    }
                                                                  ]
                                                                }
                                                              ]
                                                            },
                                                            {
                                                              "Node Type": "Sort",
                                                              "Parent Relationship": "Inner",
                                                              "Parallel Aware": false,
                                                              "Startup Cost": 2626.14,
                                                              "Total Cost": 2626.14,
                                                              "Plan Rows": 1,
                                                              "Plan Width": 4,
                                                              "Actual Startup Time": 10.762,
                                                              "Actual Total Time": 10.763,
                                                              "Actual Rows": 1,
                                                              "Actual Loops": 1,
                                                              "Sort Key": [
                                                                "k.id"
                                                              ],
                                                              "Workers": [
                                                                {
                                                                  "Worker Number": 3,
                                                                  "Sort Method": "quicksort",
                                                                  "Sort Space Used": 25,
                                                                  "Sort Space Type": "Memory"
                                                                }
                                                              ],
                                                              "Plans": [
                                                                {
                                                                  "Node Type": "Seq Scan",
                                                                  "Parent Relationship": "Outer",
                                                                  "Parallel Aware": false,
                                                                  "Relation Name": "keyword",
                                                                  "Alias": "k",
                                                                  "Startup Cost": 0.0,
                                                                  "Total Cost": 2626.12,
                                                                  "Plan Rows": 1,
                                                                  "Plan Width": 4,
                                                                  "Actual Startup Time": 0.648,
                                                                  "Actual Total Time": 10.752,
                                                                  "Actual Rows": 1,
                                                                  "Actual Loops": 1,
                                                                  "Filter": "(keyword = 'sequel'::text)",
                                                                  "Rows Removed by Filter": 134169
                                                                }
                                                              ]
                                                            }
                                                          ]
                                                        }
                                                      ]
                                                    },
                                                    {
                                                      "Node Type": "Sort",
                                                      "Parent Relationship": "Inner",
                                                      "Parallel Aware": false,
                                                      "Startup Cost": 1.06,
                                                      "Total Cost": 1.06,
                                                      "Plan Rows": 2,
                                                      "Plan Width": 4,
                                                      "Actual Startup Time": 0.042,
                                                      "Actual Total Time": 0.042,
                                                      "Actual Rows": 2,
                                                      "Actual Loops": 1,
                                                      "Sort Key": [
                                                        "cct1.id"
                                                      ],
                                                      "Workers": [
                                                        {
                                                          "Worker Number": 3,
                                                          "Sort Method": "quicksort",
                                                          "Sort Space Used": 25,
                                                          "Sort Space Type": "Memory"
                                                        }
                                                      ],
                                                      "Plans": [
                                                        {
                                                          "Node Type": "Seq Scan",
                                                          "Parent Relationship": "Outer",
                                                          "Parallel Aware": false,
                                                          "Relation Name": "comp_cast_type",
                                                          "Alias": "cct1",
                                                          "Startup Cost": 0.0,
                                                          "Total Cost": 1.05,
                                                          "Plan Rows": 2,
                                                          "Plan Width": 4,
                                                          "Actual Startup Time": 0.028,
                                                          "Actual Total Time": 0.029,
                                                          "Actual Rows": 2,
                                                          "Actual Loops": 1,
                                                          "Filter": "((kind)::text = ANY ('{cast,crew}'::text[]))",
                                                          "Rows Removed by Filter": 2
                                                        }
                                                      ]
                                                    }
                                                  ]
                                                }
                                              ]
                                            },
                                            {
                                              "Node Type": "Sort",
                                              "Parent Relationship": "Inner",
                                              "Parallel Aware": false,
                                              "Startup Cost": 1.06,
                                              "Total Cost": 1.06,
                                              "Plan Rows": 1,
                                              "Plan Width": 4,
                                              "Actual Startup Time": 0.012,
                                              "Actual Total Time": 0.013,
                                              "Actual Rows": 1,
                                              "Actual Loops": 1,
                                              "Sort Key": [
                                                "cct2.id"
                                              ],
                                              "Workers": [
                                                {
                                                  "Worker Number": 3,
                                                  "Sort Method": "quicksort",
                                                  "Sort Space Used": 25,
                                                  "Sort Space Type": "Memory"
                                                }
                                              ],
                                              "Plans": [
                                                {
                                                  "Node Type": "Seq Scan",
                                                  "Parent Relationship": "Outer",
                                                  "Parallel Aware": false,
                                                  "Relation Name": "comp_cast_type",
                                                  "Alias": "cct2",
                                                  "Startup Cost": 0.0,
                                                  "Total Cost": 1.05,
                                                  "Plan Rows": 1,
                                                  "Plan Width": 4,
                                                  "Actual Startup Time": 0.003,
                                                  "Actual Total Time": 0.003,
                                                  "Actual Rows": 1,
                                                  "Actual Loops": 1,
                                                  "Filter": "((kind)::text = 'complete'::text)",
                                                  "Rows Removed by Filter": 3
                                                }
                                              ]
                                            }
                                          ]
                                        }
                                      ]
                                    },
                                    {
                                      "Node Type": "Sort",
                                      "Parent Relationship": "Inner",
                                      "Parallel Aware": false,
                                      "Startup Cost": 11453.99,
                                      "Total Cost": 11591.95,
                                      "Plan Rows": 55187,
                                      "Plan Width": 23,
                                      "Actual Startup Time": 61.984,
                                      "Actual Total Time": 63.321,
                                      "Actual Rows": 14127,
                                      "Actual Loops": 1,
                                      "Sort Key": [
                                        "cn.id"
                                      ],
                                      "Workers": [
                                        {
                                          "Worker Number": 3,
                                          "Sort Method": "quicksort",
                                          "Sort Space Used": 5023,
                                          "Sort Space Type": "Memory"
                                        }
                                      ],
                                      "Plans": [
                                        {
                                          "Node Type": "Seq Scan",
                                          "Parent Relationship": "Outer",
                                          "Parallel Aware": false,
                                          "Relation Name": "company_name",
                                          "Alias": "cn",
                                          "Startup Cost": 0.0,
                                          "Total Cost": 7107.45,
                                          "Plan Rows": 55187,
                                          "Plan Width": 23,
                                          "Actual Startup Time": 0.027,
                                          "Actual Total Time": 47.405,
                                          "Actual Rows": 48302,
                                          "Actual Loops": 1,
                                          "Filter": "(((country_code)::text <> '[pl]'::text) AND ((name ~~ '%Film%'::text) OR (name ~~ '%Warner%'::text)))",
                                          "Rows Removed by Filter": 186695
                                        }
                                      ]
                                    }
                                  ]
                                }
                              ]
                            },
                            {
                              "Node Type": "Sort",
                              "Parent Relationship": "Inner",
                              "Parallel Aware": false,
                              "Startup Cost": 1.06,
                              "Total Cost": 1.06,
                              "Plan Rows": 1,
                              "Plan Width": 4,
                              "Actual Startup Time": 0.03,
                              "Actual Total Time": 0.03,
                              "Actual Rows": 1,
                              "Actual Loops": 1,
                              "Sort Key": [
                                "ct.id"
                              ],
                              "Workers": [
                                {
                                  "Worker Number": 3,
                                  "Sort Method": "quicksort",
                                  "Sort Space Used": 25,
                                  "Sort Space Type": "Memory"
                                }
                              ],
                              "Plans": [
                                {
                                  "Node Type": "Seq Scan",
                                  "Parent Relationship": "Outer",
                                  "Parallel Aware": false,
                                  "Relation Name": "company_type",
                                  "Alias": "ct",
                                  "Startup Cost": 0.0,
                                  "Total Cost": 1.05,
                                  "Plan Rows": 1,
                                  "Plan Width": 4,
                                  "Actual Startup Time": 0.025,
                                  "Actual Total Time": 0.025,
                                  "Actual Rows": 1,
                                  "Actual Loops": 1,
                                  "Filter": "((kind)::text = 'production companies'::text)",
                                  "Rows Removed by Filter": 3
                                }
                              ]
                            }
                          ]
                        }
                      ]
                    },
                    {
                      "Node Type": "Sort",
                      "Parent Relationship": "Inner",
                      "Parallel Aware": false,
                      "Startup Cost": 1.24,
                      "Total Cost": 1.24,
                      "Plan Rows": 1,
                      "Plan Width": 16,
                      "Actual Startup Time": 0.023,
                      "Actual Total Time": 0.024,
                      "Actual Rows": 2,
                      "Actual Loops": 1,
                      "Sort Key": [
                        "lt.id"
                      ],
                      "Workers": [
                        {
                          "Worker Number": 3,
                          "Sort Method": "quicksort",
                          "Sort Space Used": 25,
                          "Sort Space Type": "Memory"
                        }
                      ],
                      "Plans": [
                        {
                          "Node Type": "Seq Scan",
                          "Parent Relationship": "Outer",
                          "Parallel Aware": false,
                          "Relation Name": "link_type",
                          "Alias": "lt",
                          "Startup Cost": 0.0,
                          "Total Cost": 1.23,
                          "Plan Rows": 1,
                          "Plan Width": 16,
                          "Actual Startup Time": 0.019,
                          "Actual Total Time": 0.022,
                          "Actual Rows": 2,
                          "Actual Loops": 1,
                          "Filter": "((link)::text ~~ '%follow%'::text)",
                          "Rows Removed by Filter": 16
                        }
                      ]
                    }
                  ]
                }
              ]
            }
          ]
        }
      ]
    },
    "Planning Time": 2269.405,
    "Triggers": [],
    "Execution Time": 299.169
  }
]