{
  "Plan": {
    "Node Type": "Aggregate",
    "Strategy": "Plain",
    "Partial Mode": "Finalize",
    "Parallel Aware": false,
    "Startup Cost": 104114.47,
    "Total Cost": 104114.48,
    "Plan Rows": 1,
    "Plan Width": 8,
    "Actual Startup Time": 377.199,
    "Actual Total Time": 389.556,
    "Actual Rows": 1,
    "Actual Loops": 1,
    "Plans": [
      {
        "Node Type": "Gather",
        "Parent Relationship": "Outer",
        "Parallel Aware": false,
        "Startup Cost": 104114.36,
        "Total Cost": 104114.47,
        "Plan Rows": 1,
        "Plan Width": 8,
        "Actual Startup Time": 376.291,
        "Actual Total Time": 389.547,
        "Actual Rows": 2,
        "Actual Loops": 1,
        "Workers Planned": 1,
        "Workers Launched": 1,
        "Single Copy": false,
        "Plans": [
          {
            "Node Type": "Aggregate",
            "Strategy": "Plain",
            "Partial Mode": "Partial",
            "Parent Relationship": "Outer",
            "Parallel Aware": false,
            "Startup Cost": 103114.36,
            "Total Cost": 103114.37,
            "Plan Rows": 1,
            "Plan Width": 8,
            "Actual Startup Time": 370.63,
            "Actual Total Time": 370.784,
            "Actual Rows": 1,
            "Actual Loops": 2,
            "Plans": [
              {
                "Node Type": "Hash Join",
                "Parent Relationship": "Outer",
                "Parallel Aware": true,
                "Join Type": "Inner",
                "Startup Cost": 59549.41,
                "Total Cost": 103009.41,
                "Plan Rows": 41982,
                "Plan Width": 0,
                "Actual Startup Time": 242.107,
                "Actual Total Time": 366.887,
                "Actual Rows": 90275,
                "Actual Loops": 2,
                "Inner Unique": true,
                "Hash Cond": "(mc.movie_id = t.id)",
                "Plans": [
                  {
                    "Node Type": "Seq Scan",
                    "Parent Relationship": "Outer",
                    "Parallel Aware": true,
                    "Relation Name": "movie_companies",
                    "Alias": "mc",
                    "Startup Cost": 0.0,
                    "Total Cost": 41811.73,
                    "Plan Rows": 627914,
                    "Plan Width": 4,
                    "Actual Startup Time": 47.822,
                    "Actual Total Time": 108.637,
                    "Actual Rows": 408276,
                    "Actual Loops": 2,
                    "Filter": "((company_id < 73455) AND (company_type_id = 2))",
                    "Rows Removed by Filter": 896288
                  },
                  {
                    "Node Type": "Hash",
                    "Parent Relationship": "Inner",
                    "Parallel Aware": true,
                    "Startup Cost": 58306.47,
                    "Total Cost": 58306.47,
                    "Plan Rows": 99435,
                    "Plan Width": 4,
                    "Actual Startup Time": 190.534,
                    "Actual Total Time": 190.535,
                    "Actual Rows": 153092,
                    "Actual Loops": 2,
                    "Hash Buckets": 524288,
                    "Original Hash Buckets": 262144,
                    "Hash Batches": 1,
                    "Original Hash Batches": 1,
                    "Peak Memory Usage": 18144,
                    "Plans": [
                      {
                        "Node Type": "Seq Scan",
                        "Parent Relationship": "Outer",
                        "Parallel Aware": true,
                        "Relation Name": "title",
                        "Alias": "t",
                        "Startup Cost": 0.0,
                        "Total Cost": 58306.47,
                        "Plan Rows": 99435,
                        "Plan Width": 4,
                        "Actual Startup Time": 0.089,
                        "Actual Total Time": 152.966,
                        "Actual Rows": 153092,
                        "Actual Loops": 2,
                        "Filter": "((kind_id < 4) AND (production_year < 1980))",
                        "Rows Removed by Filter": 1111064
                      }
                    ]
                  }
                ]
              }
            ]
          }
        ]
      }
    ]
  },
  "Planning Time": 0.684,
  "Triggers": [],
  "Execution Time": 389.63
}