[
  {
    "Plan": {
      "Node Type": "Aggregate",
      "Strategy": "Plain",
      "Partial Mode": "Finalize",
      "Parallel Aware": false,
      "Startup Cost": 124127.52,
      "Total Cost": 124127.53,
      "Plan Rows": 1,
      "Plan Width": 8,
      "Actual Startup Time": 546.915,
      "Actual Total Time": 566.617,
      "Actual Rows": 1,
      "Actual Loops": 1,
      "Plans": [
        {
          "Node Type": "Gather",
          "Parent Relationship": "Outer",
          "Parallel Aware": false,
          "Startup Cost": 124127.21,
          "Total Cost": 124127.52,
          "Plan Rows": 3,
          "Plan Width": 8,
          "Actual Startup Time": 541.953,
          "Actual Total Time": 566.61,
          "Actual Rows": 4,
          "Actual Loops": 1,
          "Workers Planned": 3,
          "Workers Launched": 3,
          "Single Copy": false,
          "Plans": [
            {
              "Node Type": "Aggregate",
              "Strategy": "Plain",
              "Partial Mode": "Partial",
              "Parent Relationship": "Outer",
              "Parallel Aware": false,
              "Startup Cost": 123127.21,
              "Total Cost": 123127.22,
              "Plan Rows": 1,
              "Plan Width": 8,
              "Actual Startup Time": 528.138,
              "Actual Total Time": 528.145,
              "Actual Rows": 1,
              "Actual Loops": 4,
              "Plans": [
                {
                  "Node Type": "Hash Join",
                  "Parent Relationship": "Outer",
                  "Parallel Aware": true,
                  "Join Type": "Inner",
                  "Startup Cost": 78868.06,
                  "Total Cost": 123052.03,
                  "Plan Rows": 30070,
                  "Plan Width": 0,
                  "Actual Startup Time": 391.347,
                  "Actual Total Time": 514.786,
                  "Actual Rows": 324852,
                  "Actual Loops": 4,
                  "Inner Unique": false,
                  "Hash Cond": "(mk.movie_id = t.id)",
                  "Plans": [
                    {
                      "Node Type": "Seq Scan",
                      "Parent Relationship": "Outer",
                      "Parallel Aware": true,
                      "Relation Name": "movie_keyword",
                      "Alias": "mk",
                      "Startup Cost": 0.0,
                      "Total Cost": 42695.65,
                      "Plan Rows": 371017,
                      "Plan Width": 4,
                      "Actual Startup Time": 1.345,
                      "Actual Total Time": 89.015,
                      "Actual Rows": 288562,
                      "Actual Loops": 4,
                      "Filter": "(keyword_id > 16151)",
                      "Rows Removed by Filter": 842421
                    },
                    {
                      "Node Type": "Hash",
                      "Parent Relationship": "Inner",
                      "Parallel Aware": true,
                      "Startup Cost": 78041.76,
                      "Total Cost": 78041.76,
                      "Plan Rows": 66104,
                      "Plan Width": 8,
                      "Actual Startup Time": 365.408,
                      "Actual Total Time": 365.413,
                      "Actual Rows": 145186,
                      "Actual Loops": 4,
                      "Hash Buckets": 1048576,
                      "Original Hash Buckets": 262144,
                      "Hash Batches": 1,
                      "Original Hash Batches": 1,
                      "Peak Memory Usage": 37120,
                      "Plans": [
                        {
                          "Node Type": "Hash Join",
                          "Parent Relationship": "Outer",
                          "Parallel Aware": true,
                          "Join Type": "Inner",
                          "Startup Cost": 45962.36,
                          "Total Cost": 78041.76,
                          "Plan Rows": 66104,
                          "Plan Width": 8,
                          "Actual Startup Time": 224.72,
                          "Actual Total Time": 301.65,
                          "Actual Rows": 145186,
                          "Actual Loops": 4,
                          "Inner Unique": true,
                          "Hash Cond": "(mc.movie_id = t.id)",
                          "Plans": [
                            {
                              "Node Type": "Seq Scan",
                              "Parent Relationship": "Outer",
                              "Parallel Aware": true,
                              "Relation Name": "movie_companies",
                              "Alias": "mc",
                              "Startup Cost": 0.0,
                              "Total Cost": 31414.82,
                              "Plan Rows": 253176,
                              "Plan Width": 4,
                              "Actual Startup Time": 29.821,
                              "Actual Total Time": 67.022,
                              "Actual Rows": 249071,
                              "Actual Loops": 4,
                              "Filter": "((company_id > 6893) AND (company_type_id > 1))",
                              "Rows Removed by Filter": 403211
                            },
                            {
                              "Node Type": "Hash",
                              "Parent Relationship": "Inner",
                              "Parallel Aware": true,
                              "Startup Cost": 43899.32,
                              "Total Cost": 43899.32,
                              "Plan Rows": 165043,
                              "Plan Width": 4,
                              "Actual Startup Time": 161.495,
                              "Actual Total Time": 161.496,
                              "Actual Rows": 165706,
                              "Actual Loops": 4,
                              "Hash Buckets": 1048576,
                              "Original Hash Buckets": 1048576,
                              "Hash Batches": 1,
                              "Original Hash Batches": 1,
                              "Peak Memory Usage": 34176,
                              "Plans": [
                                {
                                  "Node Type": "Seq Scan",
                                  "Parent Relationship": "Outer",
                                  "Parallel Aware": true,
                                  "Relation Name": "title",
                                  "Alias": "t",
                                  "Startup Cost": 0.0,
                                  "Total Cost": 43899.32,
                                  "Plan Rows": 165043,
                                  "Plan Width": 4,
                                  "Actual Startup Time": 45.663,
                                  "Actual Total Time": 99.358,
                                  "Actual Rows": 165706,
                                  "Actual Loops": 4,
                                  "Filter": "(kind_id < 2)",
                                  "Rows Removed by Filter": 466372
                                }
                              ]
                            }
                          ]
                        }
                      ]
                    }
                  ]
                }
              ]
            }
          ]
        }
      ]
    },
    "Planning Time": 1.446,
    "Triggers": [],
    "Execution Time": 566.696
  }
]