[
  {
    "Plan": {
      "Node Type": "Aggregate",
      "Strategy": "Plain",
      "Partial Mode": "Finalize",
      "Parallel Aware": false,
      "Startup Cost": 295982.8,
      "Total Cost": 295982.81,
      "Plan Rows": 1,
      "Plan Width": 8,
      "Actual Startup Time": 1176.169,
      "Actual Total Time": 1225.225,
      "Actual Rows": 1,
      "Actual Loops": 1,
      "Plans": [
        {
          "Node Type": "Gather",
          "Parent Relationship": "Outer",
          "Parallel Aware": false,
          "Startup Cost": 295982.28,
          "Total Cost": 295982.79,
          "Plan Rows": 5,
          "Plan Width": 8,
          "Actual Startup Time": 1163.703,
          "Actual Total Time": 1225.214,
          "Actual Rows": 6,
          "Actual Loops": 1,
          "Workers Planned": 5,
          "Workers Launched": 5,
          "Single Copy": false,
          "Plans": [
            {
              "Node Type": "Aggregate",
              "Strategy": "Plain",
              "Partial Mode": "Partial",
              "Parent Relationship": "Outer",
              "Parallel Aware": false,
              "Startup Cost": 294982.28,
              "Total Cost": 294982.29,
              "Plan Rows": 1,
              "Plan Width": 8,
              "Actual Startup Time": 1152.81,
              "Actual Total Time": 1152.816,
              "Actual Rows": 1,
              "Actual Loops": 6,
              "Plans": [
                {
                  "Node Type": "Hash Join",
                  "Parent Relationship": "Outer",
                  "Parallel Aware": true,
                  "Join Type": "Inner",
                  "Startup Cost": 85066.3,
                  "Total Cost": 293057.32,
                  "Plan Rows": 769985,
                  "Plan Width": 0,
                  "Actual Startup Time": 370.249,
                  "Actual Total Time": 1107.127,
                  "Actual Rows": 1063631,
                  "Actual Loops": 6,
                  "Inner Unique": false,
                  "Hash Cond": "(mi.movie_id = t.id)",
                  "Plans": [
                    {
                      "Node Type": "Seq Scan",
                      "Parent Relationship": "Outer",
                      "Parallel Aware": true,
                      "Relation Name": "movie_info",
                      "Alias": "mi",
                      "Startup Cost": 0.0,
                      "Total Cost": 198952.16,
                      "Plan Rows": 1897040,
                      "Plan Width": 4,
                      "Actual Startup Time": 0.018,
                      "Actual Total Time": 338.889,
                      "Actual Rows": 1594192,
                      "Actual Loops": 6,
                      "Filter": "(info_type_id < 16)",
                      "Rows Removed by Filter": 878428
                    },
                    {
                      "Node Type": "Hash",
                      "Parent Relationship": "Inner",
                      "Parallel Aware": true,
                      "Startup Cost": 81859.41,
                      "Total Cost": 81859.41,
                      "Plan Rows": 256551,
                      "Plan Width": 8,
                      "Actual Startup Time": 365.204,
                      "Actual Total Time": 365.208,
                      "Actual Rows": 122897,
                      "Actual Loops": 6,
                      "Hash Buckets": 1048576,
                      "Original Hash Buckets": 1048576,
                      "Hash Batches": 1,
                      "Original Hash Batches": 1,
                      "Peak Memory Usage": 37120,
                      "Plans": [
                        {
                          "Node Type": "Hash Join",
                          "Parent Relationship": "Outer",
                          "Parallel Aware": true,
                          "Join Type": "Inner",
                          "Startup Cost": 35552.73,
                          "Total Cost": 81859.41,
                          "Plan Rows": 256551,
                          "Plan Width": 8,
                          "Actual Startup Time": 124.349,
                          "Actual Total Time": 315.993,
                          "Actual Rows": 122897,
                          "Actual Loops": 6,
                          "Inner Unique": false,
                          "Hash Cond": "(t.id = mc.movie_id)",
                          "Plans": [
                            {
                              "Node Type": "Seq Scan",
                              "Parent Relationship": "Outer",
                              "Parallel Aware": true,
                              "Relation Name": "title",
                              "Alias": "t",
                              "Startup Cost": 0.0,
                              "Total Cost": 42318.73,
                              "Plan Rows": 632073,
                              "Plan Width": 4,
                              "Actual Startup Time": 0.011,
                              "Actual Total Time": 60.793,
                              "Actual Rows": 421385,
                              "Actual Loops": 6
                            },
                            {
                              "Node Type": "Hash",
                              "Parent Relationship": "Inner",
                              "Parallel Aware": true,
                              "Startup Cost": 31414.82,
                              "Total Cost": 31414.82,
                              "Plan Rows": 331033,
                              "Plan Width": 4,
                              "Actual Startup Time": 122.526,
                              "Actual Total Time": 122.528,
                              "Actual Rows": 122897,
                              "Actual Loops": 6,
                              "Hash Buckets": 1048576,
                              "Original Hash Buckets": 1048576,
                              "Hash Batches": 1,
                              "Original Hash Batches": 1,
                              "Peak Memory Usage": 37120,
                              "Plans": [
                                {
                                  "Node Type": "Seq Scan",
                                  "Parent Relationship": "Outer",
                                  "Parallel Aware": true,
                                  "Relation Name": "movie_companies",
                                  "Alias": "mc",
                                  "Startup Cost": 0.0,
                                  "Total Cost": 31414.82,
                                  "Plan Rows": 331033,
                                  "Plan Width": 4,
                                  "Actual Startup Time": 43.006,
                                  "Actual Total Time": 71.837,
                                  "Actual Rows": 122897,
                                  "Actual Loops": 6,
                                  "Filter": "((company_id < 67303) AND (company_type_id = 2))",
                                  "Rows Removed by Filter": 311958
                                }
                              ]
                            }
                          ]
                        }
                      ]
                    }
                  ]
                }
              ]
            }
          ]
        }
      ]
    },
    "Planning Time": 1.549,
    "Triggers": [],
    "Execution Time": 1225.329
  }
]