[
  {
    "Plan": {
      "Node Type": "Aggregate",
      "Strategy": "Plain",
      "Partial Mode": "Finalize",
      "Parallel Aware": false,
      "Startup Cost": 266298.4,
      "Total Cost": 266298.41,
      "Plan Rows": 1,
      "Plan Width": 8,
      "Actual Startup Time": 849.752,
      "Actual Total Time": 872.124,
      "Actual Rows": 1,
      "Actual Loops": 1,
      "Plans": [
        {
          "Node Type": "Gather",
          "Parent Relationship": "Outer",
          "Parallel Aware": false,
          "Startup Cost": 266298.08,
          "Total Cost": 266298.39,
          "Plan Rows": 3,
          "Plan Width": 8,
          "Actual Startup Time": 839.86,
          "Actual Total Time": 872.114,
          "Actual Rows": 4,
          "Actual Loops": 1,
          "Workers Planned": 3,
          "Workers Launched": 3,
          "Single Copy": false,
          "Plans": [
            {
              "Node Type": "Aggregate",
              "Strategy": "Plain",
              "Partial Mode": "Partial",
              "Parent Relationship": "Outer",
              "Parallel Aware": false,
              "Startup Cost": 265298.08,
              "Total Cost": 265298.09,
              "Plan Rows": 1,
              "Plan Width": 8,
              "Actual Startup Time": 830.904,
              "Actual Total Time": 831.463,
              "Actual Rows": 1,
              "Actual Loops": 4,
              "Plans": [
                {
                  "Node Type": "Hash Join",
                  "Parent Relationship": "Outer",
                  "Parallel Aware": true,
                  "Join Type": "Inner",
                  "Startup Cost": 234105.39,
                  "Total Cost": 265115.68,
                  "Plan Rows": 72960,
                  "Plan Width": 0,
                  "Actual Startup Time": 469.905,
                  "Actual Total Time": 743.569,
                  "Actual Rows": 2285585,
                  "Actual Loops": 4,
                  "Inner Unique": false,
                  "Hash Cond": "(mc.movie_id = t.id)",
                  "Plans": [
                    {
                      "Node Type": "Seq Scan",
                      "Parent Relationship": "Outer",
                      "Parallel Aware": true,
                      "Relation Name": "movie_companies",
                      "Alias": "mc",
                      "Startup Cost": 0.0,
                      "Total Cost": 29310.68,
                      "Plan Rows": 414318,
                      "Plan Width": 4,
                      "Actual Startup Time": 0.02,
                      "Actual Total Time": 61.798,
                      "Actual Rows": 318562,
                      "Actual Loops": 4,
                      "Filter": "(company_type_id < 2)",
                      "Rows Removed by Filter": 333721
                    },
                    {
                      "Node Type": "Hash",
                      "Parent Relationship": "Inner",
                      "Parallel Aware": true,
                      "Startup Cost": 232992.34,
                      "Total Cost": 232992.34,
                      "Plan Rows": 89044,
                      "Plan Width": 8,
                      "Actual Startup Time": 466.718,
                      "Actual Total Time": 467.276,
                      "Actual Rows": 235941,
                      "Actual Loops": 4,
                      "Hash Buckets": 1048576,
                      "Original Hash Buckets": 524288,
                      "Hash Batches": 1,
                      "Original Hash Batches": 1,
                      "Peak Memory Usage": 49280,
                      "Plans": [
                        {
                          "Node Type": "Hash Join",
                          "Parent Relationship": "Outer",
                          "Parallel Aware": true,
                          "Join Type": "Inner",
                          "Startup Cost": 67564.8,
                          "Total Cost": 232992.34,
                          "Plan Rows": 89044,
                          "Plan Width": 8,
                          "Actual Startup Time": 224.927,
                          "Actual Total Time": 394.795,
                          "Actual Rows": 235941,
                          "Actual Loops": 4,
                          "Inner Unique": true,
                          "Hash Cond": "(mi.movie_id = t.id)",
                          "Plans": [
                            {
                              "Node Type": "Bitmap Heap Scan",
                              "Parent Relationship": "Outer",
                              "Parallel Aware": true,
                              "Relation Name": "movie_info",
                              "Alias": "mi",
                              "Startup Cost": 20567.67,
                              "Total Cost": 185399.13,
                              "Plan Rows": 227077,
                              "Plan Width": 4,
                              "Actual Startup Time": 42.668,
                              "Actual Total Time": 117.448,
                              "Actual Rows": 272378,
                              "Actual Loops": 4,
                              "Recheck Cond": "(info_type_id > 67)",
                              "Rows Removed by Index Recheck": 0,
                              "Exact Heap Blocks": 11235,
                              "Lossy Heap Blocks": 0,
                              "Plans": [
                                {
                                  "Node Type": "Bitmap Index Scan",
                                  "Parent Relationship": "Outer",
                                  "Parallel Aware": false,
                                  "Index Name": "info_type_id_movie_info",
                                  "Startup Cost": 0.0,
                                  "Total Cost": 20283.82,
                                  "Plan Rows": 1135385,
                                  "Plan Width": 0,
                                  "Actual Startup Time": 36.951,
                                  "Actual Total Time": 36.951,
                                  "Actual Rows": 1089512,
                                  "Actual Loops": 1,
                                  "Index Cond": "(info_type_id > 67)"
                                }
                              ]
                            },
                            {
                              "Node Type": "Hash",
                              "Parent Relationship": "Inner",
                              "Parallel Aware": true,
                              "Startup Cost": 43898.92,
                              "Total Cost": 43898.92,
                              "Plan Rows": 247857,
                              "Plan Width": 4,
                              "Actual Startup Time": 178.958,
                              "Actual Total Time": 178.958,
                              "Actual Rows": 246262,
                              "Actual Loops": 4,
                              "Hash Buckets": 1048576,
                              "Original Hash Buckets": 1048576,
                              "Hash Batches": 1,
                              "Original Hash Batches": 1,
                              "Peak Memory Usage": 46784,
                              "Plans": [
                                {
                                  "Node Type": "Seq Scan",
                                  "Parent Relationship": "Outer",
                                  "Parallel Aware": true,
                                  "Relation Name": "title",
                                  "Alias": "t",
                                  "Startup Cost": 0.0,
                                  "Total Cost": 43898.92,
                                  "Plan Rows": 247857,
                                  "Plan Width": 4,
                                  "Actual Startup Time": 0.041,
                                  "Actual Total Time": 98.289,
                                  "Actual Rows": 246262,
                                  "Actual Loops": 4,
                                  "Filter": "(kind_id < 7)",
                                  "Rows Removed by Filter": 385816
                                }
                              ]
                            }
                          ]
                        }
                      ]
                    }
                  ]
                }
              ]
            }
          ]
        }
      ]
    },
    "Planning Time": 1.462,
    "Triggers": [],
    "Execution Time": 872.241
  }
]