{
  "Plan": {
    "Node Type": "Aggregate",
    "Strategy": "Plain",
    "Partial Mode": "Finalize",
    "Parallel Aware": false,
    "Startup Cost": 98448.85,
    "Total Cost": 98448.86,
    "Plan Rows": 1,
    "Plan Width": 8,
    "Actual Startup Time": 325.976,
    "Actual Total Time": 345.708,
    "Actual Rows": 1,
    "Actual Loops": 1,
    "Plans": [
      {
        "Node Type": "Gather",
        "Parent Relationship": "Outer",
        "Parallel Aware": false,
        "Startup Cost": 98448.74,
        "Total Cost": 98448.85,
        "Plan Rows": 1,
        "Plan Width": 8,
        "Actual Startup Time": 325.548,
        "Actual Total Time": 345.701,
        "Actual Rows": 2,
        "Actual Loops": 1,
        "Workers Planned": 1,
        "Workers Launched": 1,
        "Single Copy": false,
        "Plans": [
          {
            "Node Type": "Aggregate",
            "Strategy": "Plain",
            "Partial Mode": "Partial",
            "Parent Relationship": "Outer",
            "Parallel Aware": false,
            "Startup Cost": 97448.74,
            "Total Cost": 97448.75,
            "Plan Rows": 1,
            "Plan Width": 8,
            "Actual Startup Time": 319.604,
            "Actual Total Time": 319.608,
            "Actual Rows": 1,
            "Actual Loops": 2,
            "Plans": [
              {
                "Node Type": "Hash Join",
                "Parent Relationship": "Outer",
                "Parallel Aware": true,
                "Join Type": "Inner",
                "Startup Cost": 67683.79,
                "Total Cost": 97425.96,
                "Plan Rows": 9114,
                "Plan Width": 0,
                "Actual Startup Time": 200.021,
                "Actual Total Time": 319.371,
                "Actual Rows": 2430,
                "Actual Loops": 2,
                "Inner Unique": true,
                "Hash Cond": "(mk.movie_id = t.id)",
                "Plans": [
                  {
                    "Node Type": "Bitmap Heap Scan",
                    "Parent Relationship": "Outer",
                    "Parallel Aware": true,
                    "Relation Name": "movie_keyword",
                    "Alias": "mk",
                    "Startup Cost": 12610.82,
                    "Total Cost": 41435.2,
                    "Plan Rows": 349631,
                    "Plan Width": 4,
                    "Actual Startup Time": 33.391,
                    "Actual Total Time": 114.851,
                    "Actual Rows": 303373,
                    "Actual Loops": 2,
                    "Recheck Cond": "(keyword_id < 460)",
                    "Rows Removed by Index Recheck": 0,
                    "Exact Heap Blocks": 16875,
                    "Lossy Heap Blocks": 0,
                    "Plans": [
                      {
                        "Node Type": "Bitmap Index Scan",
                        "Parent Relationship": "Outer",
                        "Parallel Aware": false,
                        "Index Name": "keyword_id_movie_keyword",
                        "Startup Cost": 0.0,
                        "Total Cost": 12462.22,
                        "Plan Rows": 594372,
                        "Plan Width": 0,
                        "Actual Startup Time": 29.764,
                        "Actual Total Time": 29.764,
                        "Actual Rows": 606746,
                        "Actual Loops": 1,
                        "Index Cond": "(keyword_id < 460)"
                      }
                    ]
                  },
                  {
                    "Node Type": "Hash",
                    "Parent Relationship": "Inner",
                    "Parallel Aware": true,
                    "Startup Cost": 54588.39,
                    "Total Cost": 54588.39,
                    "Plan Rows": 38767,
                    "Plan Width": 4,
                    "Actual Startup Time": 164.142,
                    "Actual Total Time": 164.142,
                    "Actual Rows": 31914,
                    "Actual Loops": 2,
                    "Hash Buckets": 131072,
                    "Original Hash Buckets": 131072,
                    "Hash Batches": 1,
                    "Original Hash Batches": 1,
                    "Peak Memory Usage": 3552,
                    "Plans": [
                      {
                        "Node Type": "Seq Scan",
                        "Parent Relationship": "Outer",
                        "Parallel Aware": true,
                        "Relation Name": "title",
                        "Alias": "t",
                        "Startup Cost": 0.0,
                        "Total Cost": 54588.39,
                        "Plan Rows": 38767,
                        "Plan Width": 4,
                        "Actual Startup Time": 0.058,
                        "Actual Total Time": 152.524,
                        "Actual Rows": 31914,
                        "Actual Loops": 2,
                        "Filter": "(production_year = 2013)",
                        "Rows Removed by Filter": 1232242
                      }
                    ]
                  }
                ]
              }
            ]
          }
        ]
      }
    ]
  },
  "Planning Time": 0.426,
  "Triggers": [],
  "Execution Time": 345.799
}