[
  {
    "Plan": {
      "Node Type": "Aggregate",
      "Strategy": "Plain",
      "Partial Mode": "Simple",
      "Parallel Aware": false,
      "Startup Cost": 8489.6,
      "Total Cost": 8489.61,
      "Plan Rows": 1,
      "Plan Width": 8,
      "Actual Startup Time": 4.001,
      "Actual Total Time": 4.003,
      "Actual Rows": 1,
      "Actual Loops": 1,
      "Plans": [
        {
          "Node Type": "Bitmap Heap Scan",
          "Parent Relationship": "Outer",
          "Parallel Aware": false,
          "Relation Name": "movie_keyword",
          "Alias": "mk",
          "Startup Cost": 67.51,
          "Total Cost": 8482.16,
          "Plan Rows": 2978,
          "Plan Width": 0,
          "Actual Startup Time": 0.734,
          "Actual Total Time": 3.569,
          "Actual Rows": 2389,
          "Actual Loops": 1,
          "Recheck Cond": "(keyword_id > 131866)",
          "Rows Removed by Index Recheck": 0,
          "Exact Heap Blocks": 776,
          "Lossy Heap Blocks": 0,
          "Plans": [
            {
              "Node Type": "Bitmap Index Scan",
              "Parent Relationship": "Outer",
              "Parallel Aware": false,
              "Index Name": "keyword_id_movie_keyword",
              "Startup Cost": 0.0,
              "Total Cost": 66.77,
              "Plan Rows": 2978,
              "Plan Width": 0,
              "Actual Startup Time": 0.454,
              "Actual Total Time": 0.455,
              "Actual Rows": 2389,
              "Actual Loops": 1,
              "Index Cond": "(keyword_id > 131866)"
            }
          ]
        }
      ]
    },
    "Planning Time": 0.256,
    "Triggers": [],
    "Execution Time": 4.065
  }
]