[
  {
    "Plan": {
      "Node Type": "Aggregate",
      "Strategy": "Plain",
      "Partial Mode": "Finalize",
      "Parallel Aware": false,
      "Startup Cost": 143238.37,
      "Total Cost": 143238.38,
      "Plan Rows": 1,
      "Plan Width": 8,
      "Actual Startup Time": 1801.568,
      "Actual Total Time": 1837.557,
      "Actual Rows": 1,
      "Actual Loops": 1,
      "Plans": [
        {
          "Node Type": "Gather",
          "Parent Relationship": "Outer",
          "Parallel Aware": false,
          "Startup Cost": 143238.05,
          "Total Cost": 143238.36,
          "Plan Rows": 3,
          "Plan Width": 8,
          "Actual Startup Time": 1779.976,
          "Actual Total Time": 1837.544,
          "Actual Rows": 4,
          "Actual Loops": 1,
          "Workers Planned": 3,
          "Workers Launched": 3,
          "Single Copy": false,
          "Plans": [
            {
              "Node Type": "Aggregate",
              "Strategy": "Plain",
              "Partial Mode": "Partial",
              "Parent Relationship": "Outer",
              "Parallel Aware": false,
              "Startup Cost": 142238.05,
              "Total Cost": 142238.06,
              "Plan Rows": 1,
              "Plan Width": 8,
              "Actual Startup Time": 1765.866,
              "Actual Total Time": 1765.873,
              "Actual Rows": 1,
              "Actual Loops": 4,
              "Plans": [
                {
                  "Node Type": "Hash Join",
                  "Parent Relationship": "Outer",
                  "Parallel Aware": true,
                  "Join Type": "Inner",
                  "Startup Cost": 90624.69,
                  "Total Cost": 139140.87,
                  "Plan Rows": 1238873,
                  "Plan Width": 0,
                  "Actual Startup Time": 800.497,
                  "Actual Total Time": 1475.646,
                  "Actual Rows": 7093438,
                  "Actual Loops": 4,
                  "Inner Unique": false,
                  "Hash Cond": "(mk.movie_id = t.id)",
                  "Plans": [
                    {
                      "Node Type": "Seq Scan",
                      "Parent Relationship": "Outer",
                      "Parallel Aware": true,
                      "Relation Name": "movie_keyword",
                      "Alias": "mk",
                      "Startup Cost": 0.0,
                      "Total Cost": 39047.32,
                      "Plan Rows": 1459332,
                      "Plan Width": 4,
                      "Actual Startup Time": 0.046,
                      "Actual Total Time": 84.835,
                      "Actual Rows": 1130982,
                      "Actual Loops": 4
                    },
                    {
                      "Node Type": "Hash",
                      "Parent Relationship": "Inner",
                      "Parallel Aware": true,
                      "Startup Cost": 81969.63,
                      "Total Cost": 81969.63,
                      "Plan Rows": 692405,
                      "Plan Width": 8,
                      "Actual Startup Time": 792.414,
                      "Actual Total Time": 792.419,
                      "Actual Rows": 475434,
                      "Actual Loops": 4,
                      "Hash Buckets": 4194304,
                      "Original Hash Buckets": 4194304,
                      "Hash Batches": 1,
                      "Original Hash Batches": 1,
                      "Peak Memory Usage": 107232,
                      "Plans": [
                        {
                          "Node Type": "Hash Join",
                          "Parent Relationship": "Outer",
                          "Parallel Aware": true,
                          "Join Type": "Inner",
                          "Startup Cost": 50474.95,
                          "Total Cost": 81969.63,
                          "Plan Rows": 692405,
                          "Plan Width": 8,
                          "Actual Startup Time": 336.141,
                          "Actual Total Time": 621.639,
                          "Actual Rows": 475434,
                          "Actual Loops": 4,
                          "Inner Unique": true,
                          "Hash Cond": "(mc.movie_id = t.id)",
                          "Plans": [
                            {
                              "Node Type": "Seq Scan",
                              "Parent Relationship": "Outer",
                              "Parallel Aware": true,
                              "Relation Name": "movie_companies",
                              "Alias": "mc",
                              "Startup Cost": 0.0,
                              "Total Cost": 29310.68,
                              "Plan Rows": 832000,
                              "Plan Width": 4,
                              "Actual Startup Time": 0.012,
                              "Actual Total Time": 78.663,
                              "Actual Rows": 645012,
                              "Actual Loops": 4,
                              "Filter": "(company_id < 208492)",
                              "Rows Removed by Filter": 7270
                            },
                            {
                              "Node Type": "Hash",
                              "Parent Relationship": "Inner",
                              "Parallel Aware": true,
                              "Startup Cost": 43899.32,
                              "Total Cost": 43899.32,
                              "Plan Rows": 526050,
                              "Plan Width": 4,
                              "Actual Startup Time": 328.961,
                              "Actual Total Time": 328.963,
                              "Actual Rows": 522447,
                              "Actual Loops": 4,
                              "Hash Buckets": 4194304,
                              "Original Hash Buckets": 4194304,
                              "Hash Batches": 1,
                              "Original Hash Batches": 1,
                              "Peak Memory Usage": 114624,
                              "Plans": [
                                {
                                  "Node Type": "Seq Scan",
                                  "Parent Relationship": "Outer",
                                  "Parallel Aware": true,
                                  "Relation Name": "title",
                                  "Alias": "t",
                                  "Startup Cost": 0.0,
                                  "Total Cost": 43899.32,
                                  "Plan Rows": 526050,
                                  "Plan Width": 4,
                                  "Actual Startup Time": 0.074,
                                  "Actual Total Time": 112.039,
                                  "Actual Rows": 522447,
                                  "Actual Loops": 4,
                                  "Filter": "(production_year > 1969)",
                                  "Rows Removed by Filter": 109631
                                }
                              ]
                            }
                          ]
                        }
                      ]
                    }
                  ]
                }
              ]
            }
          ]
        }
      ]
    },
    "Planning Time": 0.451,
    "Triggers": [],
    "Execution Time": 1837.601
  }
]