[
  {
    "Plan": {
      "Node Type": "Aggregate",
      "Strategy": "Plain",
      "Partial Mode": "Finalize",
      "Parallel Aware": false,
      "Startup Cost": 47263.2,
      "Total Cost": 47263.21,
      "Plan Rows": 1,
      "Plan Width": 8,
      "Actual Startup Time": 224.506,
      "Actual Total Time": 237.594,
      "Actual Rows": 1,
      "Actual Loops": 1,
      "Plans": [
        {
          "Node Type": "Gather",
          "Parent Relationship": "Outer",
          "Parallel Aware": false,
          "Startup Cost": 47262.88,
          "Total Cost": 47263.19,
          "Plan Rows": 3,
          "Plan Width": 8,
          "Actual Startup Time": 224.392,
          "Actual Total Time": 237.584,
          "Actual Rows": 4,
          "Actual Loops": 1,
          "Workers Planned": 3,
          "Workers Launched": 3,
          "Single Copy": false,
          "Plans": [
            {
              "Node Type": "Aggregate",
              "Strategy": "Plain",
              "Partial Mode": "Partial",
              "Parent Relationship": "Outer",
              "Parallel Aware": false,
              "Startup Cost": 46262.88,
              "Total Cost": 46262.89,
              "Plan Rows": 1,
              "Plan Width": 8,
              "Actual Startup Time": 218.298,
              "Actual Total Time": 218.3,
              "Actual Rows": 1,
              "Actual Loops": 4,
              "Plans": [
                {
                  "Node Type": "Seq Scan",
                  "Parent Relationship": "Outer",
                  "Parallel Aware": true,
                  "Relation Name": "movie_keyword",
                  "Alias": "mk",
                  "Startup Cost": 0.0,
                  "Total Cost": 42695.65,
                  "Plan Rows": 1426890,
                  "Plan Width": 0,
                  "Actual Startup Time": 0.057,
                  "Actual Total Time": 155.593,
                  "Actual Rows": 1103098,
                  "Actual Loops": 4,
                  "Filter": "(keyword_id > 108)",
                  "Rows Removed by Filter": 27884
                }
              ]
            }
          ]
        }
      ]
    },
    "Planning Time": 0.183,
    "Triggers": [],
    "Execution Time": 237.659
  }
]