[
  {
    "Plan": {
      "Node Type": "Aggregate",
      "Strategy": "Plain",
      "Partial Mode": "Finalize",
      "Parallel Aware": false,
      "Startup Cost": 15123.18,
      "Total Cost": 15123.19,
      "Plan Rows": 1,
      "Plan Width": 8,
      "Actual Startup Time": 20.121,
      "Actual Total Time": 24.006,
      "Actual Rows": 1,
      "Actual Loops": 1,
      "Plans": [
        {
          "Node Type": "Gather",
          "Parent Relationship": "Outer",
          "Parallel Aware": false,
          "Startup Cost": 15123.06,
          "Total Cost": 15123.17,
          "Plan Rows": 1,
          "Plan Width": 8,
          "Actual Startup Time": 19.942,
          "Actual Total Time": 24.0,
          "Actual Rows": 2,
          "Actual Loops": 1,
          "Workers Planned": 1,
          "Workers Launched": 1,
          "Single Copy": false,
          "Plans": [
            {
              "Node Type": "Aggregate",
              "Strategy": "Plain",
              "Partial Mode": "Partial",
              "Parent Relationship": "Outer",
              "Parallel Aware": false,
              "Startup Cost": 14123.06,
              "Total Cost": 14123.07,
              "Plan Rows": 1,
              "Plan Width": 8,
              "Actual Startup Time": 17.215,
              "Actual Total Time": 17.216,
              "Actual Rows": 1,
              "Actual Loops": 2,
              "Plans": [
                {
                  "Node Type": "Nested Loop",
                  "Parent Relationship": "Outer",
                  "Parallel Aware": false,
                  "Join Type": "Inner",
                  "Startup Cost": 43.14,
                  "Total Cost": 14121.72,
                  "Plan Rows": 539,
                  "Plan Width": 0,
                  "Actual Startup Time": 1.53,
                  "Actual Total Time": 17.144,
                  "Actual Rows": 444,
                  "Actual Loops": 2,
                  "Inner Unique": true,
                  "Plans": [
                    {
                      "Node Type": "Bitmap Heap Scan",
                      "Parent Relationship": "Outer",
                      "Parallel Aware": true,
                      "Relation Name": "movie_companies",
                      "Alias": "mc",
                      "Startup Cost": 42.71,
                      "Total Cost": 5472.45,
                      "Plan Rows": 1084,
                      "Plan Width": 4,
                      "Actual Startup Time": 0.53,
                      "Actual Total Time": 3.578,
                      "Actual Rows": 2356,
                      "Actual Loops": 2,
                      "Recheck Cond": "(company_id < 6)",
                      "Rows Removed by Index Recheck": 0,
                      "Exact Heap Blocks": 1635,
                      "Lossy Heap Blocks": 0,
                      "Plans": [
                        {
                          "Node Type": "Bitmap Index Scan",
                          "Parent Relationship": "Outer",
                          "Parallel Aware": false,
                          "Index Name": "company_id_movie_companies",
                          "Startup Cost": 0.0,
                          "Total Cost": 42.25,
                          "Plan Rows": 1843,
                          "Plan Width": 0,
                          "Actual Startup Time": 0.735,
                          "Actual Total Time": 0.736,
                          "Actual Rows": 4712,
                          "Actual Loops": 1,
                          "Index Cond": "(company_id < 6)"
                        }
                      ]
                    },
                    {
                      "Node Type": "Index Scan",
                      "Parent Relationship": "Inner",
                      "Parallel Aware": false,
                      "Scan Direction": "Forward",
                      "Index Name": "title_pkey",
                      "Relation Name": "title",
                      "Alias": "t",
                      "Startup Cost": 0.43,
                      "Total Cost": 7.98,
                      "Plan Rows": 1,
                      "Plan Width": 4,
                      "Actual Startup Time": 0.005,
                      "Actual Total Time": 0.005,
                      "Actual Rows": 0,
                      "Actual Loops": 4712,
                      "Index Cond": "(id = mc.movie_id)",
                      "Rows Removed by Index Recheck": 0,
                      "Filter": "(production_year < 2004)",
                      "Rows Removed by Filter": 1
                    }
                  ]
                }
              ]
            }
          ]
        }
      ]
    },
    "Planning Time": 0.28,
    "Triggers": [],
    "Execution Time": 24.044
  }
]