[
  {
    "Plan": {
      "Node Type": "Aggregate",
      "Strategy": "Plain",
      "Partial Mode": "Finalize",
      "Parallel Aware": false,
      "Startup Cost": 347092.67,
      "Total Cost": 347092.68,
      "Plan Rows": 1,
      "Plan Width": 8,
      "Actual Startup Time": 514.937,
      "Actual Total Time": 530.467,
      "Actual Rows": 1,
      "Actual Loops": 1,
      "Plans": [
        {
          "Node Type": "Gather",
          "Parent Relationship": "Outer",
          "Parallel Aware": false,
          "Startup Cost": 347092.04,
          "Total Cost": 347092.65,
          "Plan Rows": 6,
          "Plan Width": 8,
          "Actual Startup Time": 499.002,
          "Actual Total Time": 530.456,
          "Actual Rows": 7,
          "Actual Loops": 1,
          "Workers Planned": 6,
          "Workers Launched": 6,
          "Single Copy": false,
          "Plans": [
            {
              "Node Type": "Aggregate",
              "Strategy": "Plain",
              "Partial Mode": "Partial",
              "Parent Relationship": "Outer",
              "Parallel Aware": false,
              "Startup Cost": 346092.04,
              "Total Cost": 346092.05,
              "Plan Rows": 1,
              "Plan Width": 8,
              "Actual Startup Time": 482.163,
              "Actual Total Time": 482.167,
              "Actual Rows": 1,
              "Actual Loops": 7,
              "Plans": [
                {
                  "Node Type": "Hash Join",
                  "Parent Relationship": "Outer",
                  "Parallel Aware": true,
                  "Join Type": "Inner",
                  "Startup Cost": 88438.44,
                  "Total Cost": 345575.8,
                  "Plan Rows": 206497,
                  "Plan Width": 0,
                  "Actual Startup Time": 303.635,
                  "Actual Total Time": 472.614,
                  "Actual Rows": 180779,
                  "Actual Loops": 7,
                  "Inner Unique": true,
                  "Hash Cond": "(ci.movie_id = t.id)",
                  "Plans": [
                    {
                      "Node Type": "Bitmap Heap Scan",
                      "Parent Relationship": "Outer",
                      "Parallel Aware": true,
                      "Relation Name": "cast_info",
                      "Alias": "ci",
                      "Startup Cost": 38994.66,
                      "Total Cost": 295359.65,
                      "Plan Rows": 294239,
                      "Plan Width": 4,
                      "Actual Startup Time": 94.685,
                      "Actual Total Time": 151.585,
                      "Actual Rows": 244309,
                      "Actual Loops": 7,
                      "Recheck Cond": "(person_id > 3722777)",
                      "Rows Removed by Index Recheck": 0,
                      "Exact Heap Blocks": 4118,
                      "Lossy Heap Blocks": 0,
                      "Plans": [
                        {
                          "Node Type": "Bitmap Index Scan",
                          "Parent Relationship": "Outer",
                          "Parallel Aware": false,
                          "Index Name": "person_id_cast_info",
                          "Startup Cost": 0.0,
                          "Total Cost": 38553.31,
                          "Plan Rows": 1765432,
                          "Plan Width": 0,
                          "Actual Startup Time": 88.725,
                          "Actual Total Time": 88.726,
                          "Actual Rows": 1710160,
                          "Actual Loops": 1,
                          "Index Cond": "(person_id > 3722777)"
                        }
                      ]
                    },
                    {
                      "Node Type": "Hash",
                      "Parent Relationship": "Inner",
                      "Parallel Aware": true,
                      "Startup Cost": 43898.92,
                      "Total Cost": 43898.92,
                      "Plan Rows": 443589,
                      "Plan Width": 4,
                      "Actual Startup Time": 204.039,
                      "Actual Total Time": 204.04,
                      "Actual Rows": 253519,
                      "Actual Loops": 7,
                      "Hash Buckets": 2097152,
                      "Original Hash Buckets": 2097152,
                      "Hash Batches": 1,
                      "Original Hash Batches": 1,
                      "Peak Memory Usage": 85888,
                      "Plans": [
                        {
                          "Node Type": "Seq Scan",
                          "Parent Relationship": "Outer",
                          "Parallel Aware": true,
                          "Relation Name": "title",
                          "Alias": "t",
                          "Startup Cost": 0.0,
                          "Total Cost": 43898.92,
                          "Plan Rows": 443589,
                          "Plan Width": 4,
                          "Actual Startup Time": 0.039,
                          "Actual Total Time": 78.87,
                          "Actual Rows": 253519,
                          "Actual Loops": 7,
                          "Filter": "(kind_id > 2)",
                          "Rows Removed by Filter": 107668
                        }
                      ]
                    }
                  ]
                }
              ]
            }
          ]
        }
      ]
    },
    "Planning Time": 0.62,
    "Triggers": [],
    "Execution Time": 530.563
  }
]