[
  {
    "Plan": {
      "Node Type": "Aggregate",
      "Strategy": "Plain",
      "Partial Mode": "Simple",
      "Parallel Aware": false,
      "Startup Cost": 4362.29,
      "Total Cost": 4362.3,
      "Plan Rows": 1,
      "Plan Width": 32,
      "Actual Startup Time": 6277.83,
      "Actual Total Time": 6277.836,
      "Actual Rows": 1,
      "Actual Loops": 1,
      "Plans": [
        {
          "Node Type": "Nested Loop",
          "Parent Relationship": "Outer",
          "Parallel Aware": false,
          "Join Type": "Inner",
          "Startup Cost": 13.07,
          "Total Cost": 4362.29,
          "Plan Rows": 1,
          "Plan Width": 15,
          "Actual Startup Time": 19.121,
          "Actual Total Time": 6271.143,
          "Actual Rows": 49975,
          "Actual Loops": 1,
          "Inner Unique": true,
          "Plans": [
            {
              "Node Type": "Nested Loop",
              "Parent Relationship": "Outer",
              "Parallel Aware": false,
              "Join Type": "Inner",
              "Startup Cost": 12.64,
              "Total Cost": 4361.84,
              "Plan Rows": 1,
              "Plan Width": 27,
              "Actual Startup Time": 19.062,
              "Actual Total Time": 6176.025,
              "Actual Rows": 49975,
              "Actual Loops": 1,
              "Inner Unique": true,
              "Plans": [
                {
                  "Node Type": "Nested Loop",
                  "Parent Relationship": "Outer",
                  "Parallel Aware": false,
                  "Join Type": "Inner",
                  "Startup Cost": 12.22,
                  "Total Cost": 4361.39,
                  "Plan Rows": 1,
                  "Plan Width": 31,
                  "Actual Startup Time": 19.023,
                  "Actual Total Time": 6044.668,
                  "Actual Rows": 49975,
                  "Actual Loops": 1,
                  "Inner Unique": false,
                  "Plans": [
                    {
                      "Node Type": "Nested Loop",
                      "Parent Relationship": "Outer",
                      "Parallel Aware": false,
                      "Join Type": "Inner",
                      "Startup Cost": 11.79,
                      "Total Cost": 4360.82,
                      "Plan Rows": 1,
                      "Plan Width": 23,
                      "Actual Startup Time": 18.998,
                      "Actual Total Time": 5994.928,
                      "Actual Rows": 5500,
                      "Actual Loops": 1,
                      "Inner Unique": true,
                      "Plans": [
                        {
                          "Node Type": "Nested Loop",
                          "Parent Relationship": "Outer",
                          "Parallel Aware": false,
                          "Join Type": "Inner",
                          "Startup Cost": 11.36,
                          "Total Cost": 3821.54,
                          "Plan Rows": 1178,
                          "Plan Width": 12,
                          "Actual Startup Time": 10.311,
                          "Actual Total Time": 1990.191,
                          "Actual Rows": 1038393,
                          "Actual Loops": 1,
                          "Inner Unique": false,
                          "Plans": [
                            {
                              "Node Type": "Nested Loop",
                              "Parent Relationship": "Outer",
                              "Parallel Aware": false,
                              "Join Type": "Inner",
                              "Startup Cost": 10.8,
                              "Total Cost": 3758.1,
                              "Plan Rows": 34,
                              "Plan Width": 4,
                              "Actual Startup Time": 10.23,
                              "Actual Total Time": 70.954,
                              "Actual Rows": 41840,
                              "Actual Loops": 1,
                              "Inner Unique": false,
                              "Plans": [
                                {
                                  "Node Type": "Seq Scan",
                                  "Parent Relationship": "Outer",
                                  "Parallel Aware": false,
                                  "Relation Name": "keyword",
                                  "Alias": "k",
                                  "Startup Cost": 0.0,
                                  "Total Cost": 2626.12,
                                  "Plan Rows": 1,
                                  "Plan Width": 4,
                                  "Actual Startup Time": 1.467,
                                  "Actual Total Time": 9.83,
                                  "Actual Rows": 1,
                                  "Actual Loops": 1,
                                  "Filter": "(keyword = 'character-name-in-title'::text)",
                                  "Rows Removed by Filter": 134169
                                },
                                {
                                  "Node Type": "Bitmap Heap Scan",
                                  "Parent Relationship": "Inner",
                                  "Parallel Aware": false,
                                  "Relation Name": "movie_keyword",
                                  "Alias": "mk",
                                  "Startup Cost": 10.8,
                                  "Total Cost": 1128.92,
                                  "Plan Rows": 305,
                                  "Plan Width": 8,
                                  "Actual Startup Time": 8.752,
                                  "Actual Total Time": 54.982,
                                  "Actual Rows": 41840,
                                  "Actual Loops": 1,
                                  "Recheck Cond": "(keyword_id = k.id)",
                                  "Rows Removed by Index Recheck": 0,
                                  "Exact Heap Blocks": 11541,
                                  "Lossy Heap Blocks": 0,
                                  "Plans": [
                                    {
                                      "Node Type": "Bitmap Index Scan",
                                      "Parent Relationship": "Outer",
                                      "Parallel Aware": false,
                                      "Index Name": "keyword_id_movie_keyword",
                                      "Startup Cost": 0.0,
                                      "Total Cost": 10.72,
                                      "Plan Rows": 305,
                                      "Plan Width": 0,
                                      "Actual Startup Time": 6.17,
                                      "Actual Total Time": 6.17,
                                      "Actual Rows": 41840,
                                      "Actual Loops": 1,
                                      "Index Cond": "(keyword_id = k.id)"
                                    }
                                  ]
                                }
                              ]
                            },
                            {
                              "Node Type": "Index Scan",
                              "Parent Relationship": "Inner",
                              "Parallel Aware": false,
                              "Scan Direction": "Forward",
                              "Index Name": "movie_id_cast_info",
                              "Relation Name": "cast_info",
                              "Alias": "ci",
                              "Startup Cost": 0.56,
                              "Total Cost": 1.52,
                              "Plan Rows": 35,
                              "Plan Width": 8,
                              "Actual Startup Time": 0.006,
                              "Actual Total Time": 0.043,
                              "Actual Rows": 25,
                              "Actual Loops": 41840,
                              "Index Cond": "(movie_id = mk.movie_id)",
                              "Rows Removed by Index Recheck": 0
                            }
                          ]
                        },
                        {
                          "Node Type": "Index Scan",
                          "Parent Relationship": "Inner",
                          "Parallel Aware": false,
                          "Scan Direction": "Forward",
                          "Index Name": "name_pkey",
                          "Relation Name": "name",
                          "Alias": "n",
                          "Startup Cost": 0.43,
                          "Total Cost": 0.46,
                          "Plan Rows": 1,
                          "Plan Width": 19,
                          "Actual Startup Time": 0.004,
                          "Actual Total Time": 0.004,
                          "Actual Rows": 0,
                          "Actual Loops": 1038393,
                          "Index Cond": "(id = ci.person_id)",
                          "Rows Removed by Index Recheck": 0,
                          "Filter": "(name ~~ '%Alex%'::text)",
                          "Rows Removed by Filter": 1
                        }
                      ]
                    },
                    {
                      "Node Type": "Index Scan",
                      "Parent Relationship": "Inner",
                      "Parallel Aware": false,
                      "Scan Direction": "Forward",
                      "Index Name": "movie_id_movie_companies",
                      "Relation Name": "movie_companies",
                      "Alias": "mc",
                      "Startup Cost": 0.43,
                      "Total Cost": 0.52,
                      "Plan Rows": 5,
                      "Plan Width": 8,
                      "Actual Startup Time": 0.005,
                      "Actual Total Time": 0.008,
                      "Actual Rows": 9,
                      "Actual Loops": 5500,
                      "Index Cond": "(movie_id = ci.movie_id)",
                      "Rows Removed by Index Recheck": 0
                    }
                  ]
                },
                {
                  "Node Type": "Index Only Scan",
                  "Parent Relationship": "Inner",
                  "Parallel Aware": false,
                  "Scan Direction": "Forward",
                  "Index Name": "company_name_pkey",
                  "Relation Name": "company_name",
                  "Alias": "cn",
                  "Startup Cost": 0.42,
                  "Total Cost": 0.44,
                  "Plan Rows": 1,
                  "Plan Width": 4,
                  "Actual Startup Time": 0.002,
                  "Actual Total Time": 0.002,
                  "Actual Rows": 1,
                  "Actual Loops": 49975,
                  "Index Cond": "(id = mc.company_id)",
                  "Rows Removed by Index Recheck": 0,
                  "Heap Fetches": 49975
                }
              ]
            },
            {
              "Node Type": "Index Only Scan",
              "Parent Relationship": "Inner",
              "Parallel Aware": false,
              "Scan Direction": "Forward",
              "Index Name": "title_pkey",
              "Relation Name": "title",
              "Alias": "t",
              "Startup Cost": 0.43,
              "Total Cost": 0.45,
              "Plan Rows": 1,
              "Plan Width": 4,
              "Actual Startup Time": 0.002,
              "Actual Total Time": 0.002,
              "Actual Rows": 1,
              "Actual Loops": 49975,
              "Index Cond": "(id = ci.movie_id)",
              "Rows Removed by Index Recheck": 0,
              "Heap Fetches": 49975
            }
          ]
        }
      ]
    },
    "Planning Time": 14.846,
    "Triggers": [],
    "Execution Time": 6278.439
  }
]