[
  {
    "Plan": {
      "Node Type": "Aggregate",
      "Strategy": "Plain",
      "Partial Mode": "Finalize",
      "Parallel Aware": false,
      "Startup Cost": 44291.25,
      "Total Cost": 44291.26,
      "Plan Rows": 1,
      "Plan Width": 8,
      "Actual Startup Time": 117.348,
      "Actual Total Time": 124.475,
      "Actual Rows": 1,
      "Actual Loops": 1,
      "Plans": [
        {
          "Node Type": "Gather",
          "Parent Relationship": "Outer",
          "Parallel Aware": false,
          "Startup Cost": 44290.94,
          "Total Cost": 44291.25,
          "Plan Rows": 3,
          "Plan Width": 8,
          "Actual Startup Time": 117.131,
          "Actual Total Time": 124.467,
          "Actual Rows": 4,
          "Actual Loops": 1,
          "Workers Planned": 3,
          "Workers Launched": 3,
          "Single Copy": false,
          "Plans": [
            {
              "Node Type": "Aggregate",
              "Strategy": "Plain",
              "Partial Mode": "Partial",
              "Parent Relationship": "Outer",
              "Parallel Aware": false,
              "Startup Cost": 43290.94,
              "Total Cost": 43290.95,
              "Plan Rows": 1,
              "Plan Width": 8,
              "Actual Startup Time": 110.801,
              "Actual Total Time": 110.802,
              "Actual Rows": 1,
              "Actual Loops": 4,
              "Plans": [
                {
                  "Node Type": "Seq Scan",
                  "Parent Relationship": "Outer",
                  "Parallel Aware": true,
                  "Relation Name": "movie_keyword",
                  "Alias": "mk",
                  "Startup Cost": 0.0,
                  "Total Cost": 42695.65,
                  "Plan Rows": 238113,
                  "Plan Width": 0,
                  "Actual Startup Time": 6.469,
                  "Actual Total Time": 101.587,
                  "Actual Rows": 181968,
                  "Actual Loops": 4,
                  "Filter": "(keyword_id > 25768)",
                  "Rows Removed by Filter": 949015
                }
              ]
            }
          ]
        }
      ]
    },
    "Planning Time": 0.176,
    "Triggers": [],
    "Execution Time": 124.527
  }
]