[
  {
    "Plan": {
      "Node Type": "Aggregate",
      "Strategy": "Plain",
      "Partial Mode": "Finalize",
      "Parallel Aware": false,
      "Startup Cost": 91975.58,
      "Total Cost": 91975.59,
      "Plan Rows": 1,
      "Plan Width": 8,
      "Actual Startup Time": 303.406,
      "Actual Total Time": 320.858,
      "Actual Rows": 1,
      "Actual Loops": 1,
      "Plans": [
        {
          "Node Type": "Gather",
          "Parent Relationship": "Outer",
          "Parallel Aware": false,
          "Startup Cost": 91975.27,
          "Total Cost": 91975.58,
          "Plan Rows": 3,
          "Plan Width": 8,
          "Actual Startup Time": 301.869,
          "Actual Total Time": 320.833,
          "Actual Rows": 4,
          "Actual Loops": 1,
          "Workers Planned": 3,
          "Workers Launched": 3,
          "Single Copy": false,
          "Plans": [
            {
              "Node Type": "Aggregate",
              "Strategy": "Plain",
              "Partial Mode": "Partial",
              "Parent Relationship": "Outer",
              "Parallel Aware": false,
              "Startup Cost": 90975.27,
              "Total Cost": 90975.28,
              "Plan Rows": 1,
              "Plan Width": 8,
              "Actual Startup Time": 293.019,
              "Actual Total Time": 293.022,
              "Actual Rows": 1,
              "Actual Loops": 4,
              "Plans": [
                {
                  "Node Type": "Hash Join",
                  "Parent Relationship": "Outer",
                  "Parallel Aware": true,
                  "Join Type": "Inner",
                  "Startup Cost": 46739.82,
                  "Total Cost": 90772.14,
                  "Plan Rows": 81252,
                  "Plan Width": 0,
                  "Actual Startup Time": 161.215,
                  "Actual Total Time": 288.204,
                  "Actual Rows": 105198,
                  "Actual Loops": 4,
                  "Inner Unique": true,
                  "Hash Cond": "(mk.movie_id = t.id)",
                  "Plans": [
                    {
                      "Node Type": "Seq Scan",
                      "Parent Relationship": "Outer",
                      "Parallel Aware": true,
                      "Relation Name": "movie_keyword",
                      "Alias": "mk",
                      "Startup Cost": 0.0,
                      "Total Cost": 42695.65,
                      "Plan Rows": 509204,
                      "Plan Width": 4,
                      "Actual Startup Time": 0.632,
                      "Actual Total Time": 104.26,
                      "Actual Rows": 396862,
                      "Actual Loops": 4,
                      "Filter": "(keyword_id > 9786)",
                      "Rows Removed by Filter": 734120
                    },
                    {
                      "Node Type": "Hash",
                      "Parent Relationship": "Inner",
                      "Parallel Aware": true,
                      "Startup Cost": 45479.1,
                      "Total Cost": 45479.1,
                      "Plan Rows": 100858,
                      "Plan Width": 4,
                      "Actual Startup Time": 129.805,
                      "Actual Total Time": 129.806,
                      "Actual Rows": 74192,
                      "Actual Loops": 4,
                      "Hash Buckets": 524288,
                      "Original Hash Buckets": 524288,
                      "Hash Batches": 1,
                      "Original Hash Batches": 1,
                      "Peak Memory Usage": 15776,
                      "Plans": [
                        {
                          "Node Type": "Seq Scan",
                          "Parent Relationship": "Outer",
                          "Parallel Aware": true,
                          "Relation Name": "title",
                          "Alias": "t",
                          "Startup Cost": 0.0,
                          "Total Cost": 45479.1,
                          "Plan Rows": 100858,
                          "Plan Width": 4,
                          "Actual Startup Time": 48.593,
                          "Actual Total Time": 104.798,
                          "Actual Rows": 74192,
                          "Actual Loops": 4,
                          "Filter": "((production_year > 1997) AND (kind_id = 1))",
                          "Rows Removed by Filter": 557886
                        }
                      ]
                    }
                  ]
                }
              ]
            }
          ]
        }
      ]
    },
    "Planning Time": 0.601,
    "Triggers": [],
    "Execution Time": 320.924
  }
]