{
    "Plan": {
        "Node Type": "Aggregate",
        "Strategy": "Plain",
        "Partial Mode": "Finalize",
        "Parallel Aware": false,
        "Startup Cost": 103351.23,
        "Total Cost": 103351.24,
        "Plan Rows": 1,
        "Plan Width": 32,
        "Actual Startup Time": 4663.159,
        "Actual Total Time": 4775.675,
        "Actual Rows": 1,
        "Actual Loops": 1,
        "Plans": [
            {
                "Node Type": "Gather",
                "Parent Relationship": "Outer",
                "Parallel Aware": false,
                "Startup Cost": 103351.12,
                "Total Cost": 103351.23,
                "Plan Rows": 1,
                "Plan Width": 32,
                "Actual Startup Time": 4654.028,
                "Actual Total Time": 4775.665,
                "Actual Rows": 2,
                "Actual Loops": 1,
                "Workers Planned": 1,
                "Workers Launched": 1,
                "Single Copy": false,
                "Plans": [
                    {
                        "Node Type": "Aggregate",
                        "Strategy": "Plain",
                        "Partial Mode": "Partial",
                        "Parent Relationship": "Outer",
                        "Parallel Aware": false,
                        "Startup Cost": 102351.12,
                        "Total Cost": 102351.13,
                        "Plan Rows": 1,
                        "Plan Width": 32,
                        "Actual Startup Time": 4646.647,
                        "Actual Total Time": 4646.686,
                        "Actual Rows": 1,
                        "Actual Loops": 2,
                        "Plans": [
                            {
                                "Node Type": "Hash Join",
                                "Parent Relationship": "Outer",
                                "Parallel Aware": false,
                                "Join Type": "Inner",
                                "Startup Cost": 3836.22,
                                "Total Cost": 102350.87,
                                "Plan Rows": 101,
                                "Plan Width": 15,
                                "Actual Startup Time": 3450.09,
                                "Actual Total Time": 4570.117,
                                "Actual Rows": 1416278,
                                "Actual Loops": 2,
                                "Inner Unique": false,
                                "Hash Cond": "(n.id = ci.person_id)",
                                "Plans": [
                                    {
                                        "Node Type": "Seq Scan",
                                        "Parent Relationship": "Outer",
                                        "Parallel Aware": true,
                                        "Relation Name": "name",
                                        "Alias": "n",
                                        "Startup Cost": 0.0,
                                        "Total Cost": 80127.65,
                                        "Plan Rows": 2451465,
                                        "Plan Width": 19,
                                        "Actual Startup Time": 0.034,
                                        "Actual Total Time": 203.29,
                                        "Actual Rows": 2083746,
                                        "Actual Loops": 2
                                    },
                                    {
                                        "Node Type": "Hash",
                                        "Parent Relationship": "Inner",
                                        "Parallel Aware": false,
                                        "Startup Cost": 3834.07,
                                        "Total Cost": 3834.07,
                                        "Plan Rows": 172,
                                        "Plan Width": 4,
                                        "Actual Startup Time": 3449.867,
                                        "Actual Total Time": 3449.904,
                                        "Actual Rows": 2832555,
                                        "Actual Loops": 2,
                                        "Hash Buckets": 4194304,
                                        "Original Hash Buckets": 1024,
                                        "Hash Batches": 1,
                                        "Original Hash Batches": 1,
                                        "Peak Memory Usage": 132351,
                                        "Plans": [
                                            {
                                                "Node Type": "Nested Loop",
                                                "Parent Relationship": "Outer",
                                                "Parallel Aware": false,
                                                "Join Type": "Inner",
                                                "Startup Cost": 8.65,
                                                "Total Cost": 3834.07,
                                                "Plan Rows": 172,
                                                "Plan Width": 4,
                                                "Actual Startup Time": 15.127,
                                                "Actual Total Time": 3025.035,
                                                "Actual Rows": 2832555,
                                                "Actual Loops": 2,
                                                "Inner Unique": false,
                                                "Join Filter": "(t.id = ci.movie_id)",
                                                "Rows Removed by Join Filter": 0,
                                                "Plans": [
                                                    {
                                                        "Node Type": "Nested Loop",
                                                        "Parent Relationship": "Outer",
                                                        "Parallel Aware": false,
                                                        "Join Type": "Inner",
                                                        "Startup Cost": 8.08,
                                                        "Total Cost": 3810.23,
                                                        "Plan Rows": 12,
                                                        "Plan Width": 12,
                                                        "Actual Startup Time": 14.321,
                                                        "Actual Total Time": 754.029,
                                                        "Actual Rows": 68316,
                                                        "Actual Loops": 2,
                                                        "Inner Unique": true,
                                                        "Plans": [
                                                            {
                                                                "Node Type": "Nested Loop",
                                                                "Parent Relationship": "Outer",
                                                                "Parallel Aware": false,
                                                                "Join Type": "Inner",
                                                                "Startup Cost": 7.66,
                                                                "Total Cost": 3794.63,
                                                                "Plan Rows": 35,
                                                                "Plan Width": 16,
                                                                "Actual Startup Time": 14.169,
                                                                "Actual Total Time": 408.56,
                                                                "Actual Rows": 148552,
                                                                "Actual Loops": 2,
                                                                "Inner Unique": false,
                                                                "Join Filter": "(t.id = mc.movie_id)",
                                                                "Rows Removed by Join Filter": 0,
                                                                "Plans": [
                                                                    {
                                                                        "Node Type": "Nested Loop",
                                                                        "Parent Relationship": "Outer",
                                                                        "Parallel Aware": false,
                                                                        "Join Type": "Inner",
                                                                        "Startup Cost": 7.23,
                                                                        "Total Cost": 3774.13,
                                                                        "Plan Rows": 34,
                                                                        "Plan Width": 8,
                                                                        "Actual Startup Time": 14.028,
                                                                        "Actual Total Time": 226.646,
                                                                        "Actual Rows": 41840,
                                                                        "Actual Loops": 2,
                                                                        "Inner Unique": true,
                                                                        "Plans": [
                                                                            {
                                                                                "Node Type": "Nested Loop",
                                                                                "Parent Relationship": "Outer",
                                                                                "Parallel Aware": false,
                                                                                "Join Type": "Inner",
                                                                                "Startup Cost": 6.8,
                                                                                "Total Cost": 3757.63,
                                                                                "Plan Rows": 34,
                                                                                "Plan Width": 4,
                                                                                "Actual Startup Time": 13.953,
                                                                                "Actual Total Time": 62.511,
                                                                                "Actual Rows": 41840,
                                                                                "Actual Loops": 2,
                                                                                "Inner Unique": false,
                                                                                "Plans": [
                                                                                    {
                                                                                        "Node Type": "Seq Scan",
                                                                                        "Parent Relationship": "Outer",
                                                                                        "Parallel Aware": false,
                                                                                        "Relation Name": "keyword",
                                                                                        "Alias": "k",
                                                                                        "Startup Cost": 0.0,
                                                                                        "Total Cost": 2626.12,
                                                                                        "Plan Rows": 1,
                                                                                        "Plan Width": 4,
                                                                                        "Actual Startup Time": 1.542,
                                                                                        "Actual Total Time": 10.104,
                                                                                        "Actual Rows": 1,
                                                                                        "Actual Loops": 2,
                                                                                        "Filter": "(keyword = 'character-name-in-title'::text)",
                                                                                        "Rows Removed by Filter": 134169
                                                                                    },
                                                                                    {
                                                                                        "Node Type": "Bitmap Heap Scan",
                                                                                        "Parent Relationship": "Inner",
                                                                                        "Parallel Aware": false,
                                                                                        "Relation Name": "movie_keyword",
                                                                                        "Alias": "mk",
                                                                                        "Startup Cost": 6.8,
                                                                                        "Total Cost": 1128.44,
                                                                                        "Plan Rows": 306,
                                                                                        "Plan Width": 8,
                                                                                        "Actual Startup Time": 12.397,
                                                                                        "Actual Total Time": 47.457,
                                                                                        "Actual Rows": 41840,
                                                                                        "Actual Loops": 2,
                                                                                        "Recheck Cond": "(keyword_id = k.id)",
                                                                                        "Rows Removed by Index Recheck": 0,
                                                                                        "Exact Heap Blocks": 11541,
                                                                                        "Lossy Heap Blocks": 0,
                                                                                        "Plans": [
                                                                                            {
                                                                                                "Node Type": "Bitmap Index Scan",
                                                                                                "Parent Relationship": "Outer",
                                                                                                "Parallel Aware": false,
                                                                                                "Index Name": "keyword_id_movie_keyword",
                                                                                                "Startup Cost": 0.0,
                                                                                                "Total Cost": 6.73,
                                                                                                "Plan Rows": 306,
                                                                                                "Plan Width": 0,
                                                                                                "Actual Startup Time": 8.684,
                                                                                                "Actual Total Time": 8.684,
                                                                                                "Actual Rows": 41840,
                                                                                                "Actual Loops": 2,
                                                                                                "Index Cond": "(keyword_id = k.id)"
                                                                                            }
                                                                                        ]
                                                                                    }
                                                                                ]
                                                                            },
                                                                            {
                                                                                "Node Type": "Index Only Scan",
                                                                                "Parent Relationship": "Inner",
                                                                                "Parallel Aware": false,
                                                                                "Scan Direction": "Forward",
                                                                                "Index Name": "title_pkey",
                                                                                "Relation Name": "title",
                                                                                "Alias": "t",
                                                                                "Startup Cost": 0.43,
                                                                                "Total Cost": 0.49,
                                                                                "Plan Rows": 1,
                                                                                "Plan Width": 4,
                                                                                "Actual Startup Time": 0.004,
                                                                                "Actual Total Time": 0.004,
                                                                                "Actual Rows": 1,
                                                                                "Actual Loops": 83680,
                                                                                "Index Cond": "(id = mk.movie_id)",
                                                                                "Rows Removed by Index Recheck": 0,
                                                                                "Heap Fetches": 83680
                                                                            }
                                                                        ]
                                                                    },
                                                                    {
                                                                        "Node Type": "Index Scan",
                                                                        "Parent Relationship": "Inner",
                                                                        "Parallel Aware": false,
                                                                        "Scan Direction": "Forward",
                                                                        "Index Name": "movie_id_movie_companies",
                                                                        "Relation Name": "movie_companies",
                                                                        "Alias": "mc",
                                                                        "Startup Cost": 0.43,
                                                                        "Total Cost": 0.54,
                                                                        "Plan Rows": 5,
                                                                        "Plan Width": 8,
                                                                        "Actual Startup Time": 0.002,
                                                                        "Actual Total Time": 0.004,
                                                                        "Actual Rows": 4,
                                                                        "Actual Loops": 83680,
                                                                        "Index Cond": "(movie_id = mk.movie_id)",
                                                                        "Rows Removed by Index Recheck": 0
                                                                    }
                                                                ]
                                                            },
                                                            {
                                                                "Node Type": "Index Scan",
                                                                "Parent Relationship": "Inner",
                                                                "Parallel Aware": false,
                                                                "Scan Direction": "Forward",
                                                                "Index Name": "company_name_pkey",
                                                                "Relation Name": "company_name",
                                                                "Alias": "cn",
                                                                "Startup Cost": 0.42,
                                                                "Total Cost": 0.45,
                                                                "Plan Rows": 1,
                                                                "Plan Width": 4,
                                                                "Actual Startup Time": 0.002,
                                                                "Actual Total Time": 0.002,
                                                                "Actual Rows": 0,
                                                                "Actual Loops": 297104,
                                                                "Index Cond": "(id = mc.company_id)",
                                                                "Rows Removed by Index Recheck": 0,
                                                                "Filter": "((country_code)::text = '[us]'::text)",
                                                                "Rows Removed by Filter": 1
                                                            }
                                                        ]
                                                    },
                                                    {
                                                        "Node Type": "Index Scan",
                                                        "Parent Relationship": "Inner",
                                                        "Parallel Aware": false,
                                                        "Scan Direction": "Forward",
                                                        "Index Name": "movie_id_cast_info",
                                                        "Relation Name": "cast_info",
                                                        "Alias": "ci",
                                                        "Startup Cost": 0.56,
                                                        "Total Cost": 1.52,
                                                        "Plan Rows": 37,
                                                        "Plan Width": 8,
                                                        "Actual Startup Time": 0.003,
                                                        "Actual Total Time": 0.028,
                                                        "Actual Rows": 41,
                                                        "Actual Loops": 136632,
                                                        "Index Cond": "(movie_id = mk.movie_id)",
                                                        "Rows Removed by Index Recheck": 0
                                                    }
                                                ]
                                            }
                                        ]
                                    }
                                ]
                            }
                        ]
                    }
                ]
            }
        ]
    },
    "Planning Time": 2.496,
    "Triggers": [],
    "Execution Time": 4777.404
}