[
  {
    "Plan": {
      "Node Type": "Aggregate",
      "Strategy": "Plain",
      "Partial Mode": "Finalize",
      "Parallel Aware": false,
      "Startup Cost": 76885.96,
      "Total Cost": 76885.97,
      "Plan Rows": 1,
      "Plan Width": 8,
      "Actual Startup Time": 297.695,
      "Actual Total Time": 310.513,
      "Actual Rows": 1,
      "Actual Loops": 1,
      "Plans": [
        {
          "Node Type": "Gather",
          "Parent Relationship": "Outer",
          "Parallel Aware": false,
          "Startup Cost": 76885.64,
          "Total Cost": 76885.95,
          "Plan Rows": 3,
          "Plan Width": 8,
          "Actual Startup Time": 293.428,
          "Actual Total Time": 310.503,
          "Actual Rows": 4,
          "Actual Loops": 1,
          "Workers Planned": 3,
          "Workers Launched": 3,
          "Single Copy": false,
          "Plans": [
            {
              "Node Type": "Aggregate",
              "Strategy": "Plain",
              "Partial Mode": "Partial",
              "Parent Relationship": "Outer",
              "Parallel Aware": false,
              "Startup Cost": 75885.64,
              "Total Cost": 75885.65,
              "Plan Rows": 1,
              "Plan Width": 8,
              "Actual Startup Time": 280.817,
              "Actual Total Time": 280.822,
              "Actual Rows": 1,
              "Actual Loops": 4,
              "Plans": [
                {
                  "Node Type": "Hash Join",
                  "Parent Relationship": "Outer",
                  "Parallel Aware": true,
                  "Join Type": "Inner",
                  "Startup Cost": 50880.93,
                  "Total Cost": 75835.36,
                  "Plan Rows": 20112,
                  "Plan Width": 0,
                  "Actual Startup Time": 237.493,
                  "Actual Total Time": 280.517,
                  "Actual Rows": 4678,
                  "Actual Loops": 4,
                  "Inner Unique": true,
                  "Hash Cond": "(mk.movie_id = t.id)",
                  "Plans": [
                    {
                      "Node Type": "Bitmap Heap Scan",
                      "Parent Relationship": "Outer",
                      "Parallel Aware": true,
                      "Relation Name": "movie_keyword",
                      "Alias": "mk",
                      "Startup Cost": 2179.32,
                      "Total Cost": 27046.89,
                      "Plan Rows": 33086,
                      "Plan Width": 4,
                      "Actual Startup Time": 10.012,
                      "Actual Total Time": 39.227,
                      "Actual Rows": 29348,
                      "Actual Loops": 4,
                      "Recheck Cond": "(keyword_id < 115)",
                      "Rows Removed by Index Recheck": 0,
                      "Exact Heap Blocks": 8861,
                      "Lossy Heap Blocks": 0,
                      "Plans": [
                        {
                          "Node Type": "Bitmap Index Scan",
                          "Parent Relationship": "Outer",
                          "Parallel Aware": false,
                          "Index Name": "keyword_id_movie_keyword",
                          "Startup Cost": 0.0,
                          "Total Cost": 2153.68,
                          "Plan Rows": 102566,
                          "Plan Width": 0,
                          "Actual Startup Time": 6.77,
                          "Actual Total Time": 6.771,
                          "Actual Rows": 117394,
                          "Actual Loops": 1,
                          "Index Cond": "(keyword_id < 115)"
                        }
                      ]
                    },
                    {
                      "Node Type": "Hash",
                      "Parent Relationship": "Inner",
                      "Parallel Aware": true,
                      "Startup Cost": 43898.92,
                      "Total Cost": 43898.92,
                      "Plan Rows": 384216,
                      "Plan Width": 4,
                      "Actual Startup Time": 219.518,
                      "Actual Total Time": 219.519,
                      "Actual Rows": 385816,
                      "Actual Loops": 4,
                      "Hash Buckets": 2097152,
                      "Original Hash Buckets": 2097152,
                      "Hash Batches": 1,
                      "Original Hash Batches": 1,
                      "Peak Memory Usage": 76800,
                      "Plans": [
                        {
                          "Node Type": "Seq Scan",
                          "Parent Relationship": "Outer",
                          "Parallel Aware": true,
                          "Relation Name": "title",
                          "Alias": "t",
                          "Startup Cost": 0.0,
                          "Total Cost": 43898.92,
                          "Plan Rows": 384216,
                          "Plan Width": 4,
                          "Actual Startup Time": 0.034,
                          "Actual Total Time": 96.371,
                          "Actual Rows": 385816,
                          "Actual Loops": 4,
                          "Filter": "(kind_id = 7)",
                          "Rows Removed by Filter": 246262
                        }
                      ]
                    }
                  ]
                }
              ]
            }
          ]
        }
      ]
    },
    "Planning Time": 0.615,
    "Triggers": [],
    "Execution Time": 310.604
  }
]