[
  {
    "Plan": {
      "Node Type": "Aggregate",
      "Strategy": "Plain",
      "Partial Mode": "Finalize",
      "Parallel Aware": false,
      "Startup Cost": 33209.74,
      "Total Cost": 33209.75,
      "Plan Rows": 1,
      "Plan Width": 8,
      "Actual Startup Time": 98.606,
      "Actual Total Time": 106.134,
      "Actual Rows": 1,
      "Actual Loops": 1,
      "Plans": [
        {
          "Node Type": "Gather",
          "Parent Relationship": "Outer",
          "Parallel Aware": false,
          "Startup Cost": 33209.42,
          "Total Cost": 33209.73,
          "Plan Rows": 3,
          "Plan Width": 8,
          "Actual Startup Time": 98.464,
          "Actual Total Time": 106.125,
          "Actual Rows": 4,
          "Actual Loops": 1,
          "Workers Planned": 3,
          "Workers Launched": 3,
          "Single Copy": false,
          "Plans": [
            {
              "Node Type": "Aggregate",
              "Strategy": "Plain",
              "Partial Mode": "Partial",
              "Parent Relationship": "Outer",
              "Parallel Aware": false,
              "Startup Cost": 32209.42,
              "Total Cost": 32209.43,
              "Plan Rows": 1,
              "Plan Width": 8,
              "Actual Startup Time": 91.958,
              "Actual Total Time": 91.959,
              "Actual Rows": 1,
              "Actual Loops": 4,
              "Plans": [
                {
                  "Node Type": "Seq Scan",
                  "Parent Relationship": "Outer",
                  "Parallel Aware": true,
                  "Relation Name": "movie_companies",
                  "Alias": "mc",
                  "Startup Cost": 0.0,
                  "Total Cost": 31414.82,
                  "Plan Rows": 317841,
                  "Plan Width": 0,
                  "Actual Startup Time": 0.408,
                  "Actual Total Time": 81.159,
                  "Actual Rows": 210614,
                  "Actual Loops": 4,
                  "Filter": "((company_id > 688) AND (company_type_id = 1))",
                  "Rows Removed by Filter": 441668
                }
              ]
            }
          ]
        }
      ]
    },
    "Planning Time": 0.231,
    "Triggers": [],
    "Execution Time": 106.196
  }
]