{
  "Plan": {
    "Node Type": "Aggregate",
    "Strategy": "Plain",
    "Partial Mode": "Finalize",
    "Parallel Aware": false,
    "Startup Cost": 120451.02,
    "Total Cost": 120451.03,
    "Plan Rows": 1,
    "Plan Width": 8,
    "Actual Startup Time": 390.342,
    "Actual Total Time": 403.371,
    "Actual Rows": 1,
    "Actual Loops": 1,
    "Plans": [
      {
        "Node Type": "Gather",
        "Parent Relationship": "Outer",
        "Parallel Aware": false,
        "Startup Cost": 120450.91,
        "Total Cost": 120451.02,
        "Plan Rows": 1,
        "Plan Width": 8,
        "Actual Startup Time": 390.118,
        "Actual Total Time": 403.364,
        "Actual Rows": 2,
        "Actual Loops": 1,
        "Workers Planned": 1,
        "Workers Launched": 1,
        "Single Copy": false,
        "Plans": [
          {
            "Node Type": "Aggregate",
            "Strategy": "Plain",
            "Partial Mode": "Partial",
            "Parent Relationship": "Outer",
            "Parallel Aware": false,
            "Startup Cost": 119450.91,
            "Total Cost": 119450.92,
            "Plan Rows": 1,
            "Plan Width": 8,
            "Actual Startup Time": 385.79,
            "Actual Total Time": 385.792,
            "Actual Rows": 1,
            "Actual Loops": 2,
            "Plans": [
              {
                "Node Type": "Hash Join",
                "Parent Relationship": "Outer",
                "Parallel Aware": true,
                "Join Type": "Inner",
                "Startup Cost": 59090.42,
                "Total Cost": 119348.89,
                "Plan Rows": 40809,
                "Plan Width": 0,
                "Actual Startup Time": 154.294,
                "Actual Total Time": 385.012,
                "Actual Rows": 16449,
                "Actual Loops": 2,
                "Inner Unique": true,
                "Hash Cond": "(mk.movie_id = t.id)",
                "Plans": [
                  {
                    "Node Type": "Seq Scan",
                    "Parent Relationship": "Outer",
                    "Parallel Aware": true,
                    "Relation Name": "movie_keyword",
                    "Alias": "mk",
                    "Startup Cost": 0.0,
                    "Total Cost": 57718.19,
                    "Plan Rows": 967726,
                    "Plan Width": 4,
                    "Actual Startup Time": 0.781,
                    "Actual Total Time": 166.224,
                    "Actual Rows": 824128,
                    "Actual Loops": 2,
                    "Filter": "(keyword_id > 8916)",
                    "Rows Removed by Filter": 1437838
                  },
                  {
                    "Node Type": "Hash",
                    "Parent Relationship": "Inner",
                    "Parallel Aware": true,
                    "Startup Cost": 58306.47,
                    "Total Cost": 58306.47,
                    "Plan Rows": 62716,
                    "Plan Width": 4,
                    "Actual Startup Time": 151.121,
                    "Actual Total Time": 151.122,
                    "Actual Rows": 54256,
                    "Actual Loops": 2,
                    "Hash Buckets": 131072,
                    "Original Hash Buckets": 131072,
                    "Hash Batches": 1,
                    "Original Hash Batches": 1,
                    "Peak Memory Usage": 5280,
                    "Plans": [
                      {
                        "Node Type": "Seq Scan",
                        "Parent Relationship": "Outer",
                        "Parallel Aware": true,
                        "Relation Name": "title",
                        "Alias": "t",
                        "Startup Cost": 0.0,
                        "Total Cost": 58306.47,
                        "Plan Rows": 62716,
                        "Plan Width": 4,
                        "Actual Startup Time": 0.03,
                        "Actual Total Time": 136.59,
                        "Actual Rows": 54256,
                        "Actual Loops": 2,
                        "Filter": "((kind_id > 1) AND (production_year = 2010))",
                        "Rows Removed by Filter": 1209900
                      }
                    ]
                  }
                ]
              }
            ]
          }
        ]
      }
    ]
  },
  "Planning Time": 0.487,
  "Triggers": [],
  "Execution Time": 403.439
}