[
  {
    "Plan": {
      "Node Type": "Aggregate",
      "Strategy": "Plain",
      "Partial Mode": "Simple",
      "Parallel Aware": false,
      "Startup Cost": 3779.02,
      "Total Cost": 3779.03,
      "Plan Rows": 1,
      "Plan Width": 8,
      "Actual Startup Time": 3.857,
      "Actual Total Time": 3.859,
      "Actual Rows": 1,
      "Actual Loops": 1,
      "Plans": [
        {
          "Node Type": "Nested Loop",
          "Parent Relationship": "Outer",
          "Parallel Aware": false,
          "Join Type": "Inner",
          "Startup Cost": 0.99,
          "Total Cost": 3778.74,
          "Plan Rows": 112,
          "Plan Width": 0,
          "Actual Startup Time": 0.041,
          "Actual Total Time": 3.852,
          "Actual Rows": 17,
          "Actual Loops": 1,
          "Inner Unique": true,
          "Plans": [
            {
              "Node Type": "Index Scan",
              "Parent Relationship": "Outer",
              "Parallel Aware": false,
              "Scan Direction": "Forward",
              "Index Name": "person_id_cast_info",
              "Relation Name": "cast_info",
              "Alias": "ci",
              "Startup Cost": 0.56,
              "Total Cost": 1039.59,
              "Plan Rows": 327,
              "Plan Width": 4,
              "Actual Startup Time": 0.03,
              "Actual Total Time": 0.417,
              "Actual Rows": 956,
              "Actual Loops": 1,
              "Index Cond": "(person_id = 2091435)",
              "Rows Removed by Index Recheck": 0,
              "Filter": "(role_id > 1)",
              "Rows Removed by Filter": 0
            },
            {
              "Node Type": "Index Scan",
              "Parent Relationship": "Inner",
              "Parallel Aware": false,
              "Scan Direction": "Forward",
              "Index Name": "title_pkey",
              "Relation Name": "title",
              "Alias": "t",
              "Startup Cost": 0.43,
              "Total Cost": 8.38,
              "Plan Rows": 1,
              "Plan Width": 4,
              "Actual Startup Time": 0.003,
              "Actual Total Time": 0.003,
              "Actual Rows": 0,
              "Actual Loops": 956,
              "Index Cond": "(id = ci.movie_id)",
              "Rows Removed by Index Recheck": 0,
              "Filter": "(kind_id < 4)",
              "Rows Removed by Filter": 1
            }
          ]
        }
      ]
    },
    "Planning Time": 0.332,
    "Triggers": [],
    "Execution Time": 3.891
  }
]