[
  {
    "Plan": {
      "Node Type": "Aggregate",
      "Strategy": "Plain",
      "Partial Mode": "Finalize",
      "Parallel Aware": false,
      "Startup Cost": 32673.28,
      "Total Cost": 32673.29,
      "Plan Rows": 1,
      "Plan Width": 8,
      "Actual Startup Time": 79.138,
      "Actual Total Time": 87.569,
      "Actual Rows": 1,
      "Actual Loops": 1,
      "Plans": [
        {
          "Node Type": "Gather",
          "Parent Relationship": "Outer",
          "Parallel Aware": false,
          "Startup Cost": 32672.96,
          "Total Cost": 32673.27,
          "Plan Rows": 3,
          "Plan Width": 8,
          "Actual Startup Time": 78.956,
          "Actual Total Time": 87.559,
          "Actual Rows": 4,
          "Actual Loops": 1,
          "Workers Planned": 3,
          "Workers Launched": 3,
          "Single Copy": false,
          "Plans": [
            {
              "Node Type": "Aggregate",
              "Strategy": "Plain",
              "Partial Mode": "Partial",
              "Parent Relationship": "Outer",
              "Parallel Aware": false,
              "Startup Cost": 31672.96,
              "Total Cost": 31672.97,
              "Plan Rows": 1,
              "Plan Width": 8,
              "Actual Startup Time": 75.254,
              "Actual Total Time": 75.255,
              "Actual Rows": 1,
              "Actual Loops": 4,
              "Plans": [
                {
                  "Node Type": "Seq Scan",
                  "Parent Relationship": "Outer",
                  "Parallel Aware": true,
                  "Relation Name": "movie_companies",
                  "Alias": "mc",
                  "Startup Cost": 0.0,
                  "Total Cost": 31414.82,
                  "Plan Rows": 103257,
                  "Plan Width": 0,
                  "Actual Startup Time": 0.016,
                  "Actual Total Time": 68.942,
                  "Actual Rows": 116573,
                  "Actual Loops": 4,
                  "Filter": "((company_id < 874) AND (company_type_id < 2))",
                  "Rows Removed by Filter": 535709
                }
              ]
            }
          ]
        }
      ]
    },
    "Planning Time": 0.08,
    "Triggers": [],
    "Execution Time": 87.598
  }
]