[
  {
    "Plan": {
      "Node Type": "Aggregate",
      "Strategy": "Plain",
      "Partial Mode": "Finalize",
      "Parallel Aware": false,
      "Startup Cost": 32673.35,
      "Total Cost": 32673.36,
      "Plan Rows": 1,
      "Plan Width": 8,
      "Actual Startup Time": 89.727,
      "Actual Total Time": 95.065,
      "Actual Rows": 1,
      "Actual Loops": 1,
      "Plans": [
        {
          "Node Type": "Gather",
          "Parent Relationship": "Outer",
          "Parallel Aware": false,
          "Startup Cost": 32673.03,
          "Total Cost": 32673.34,
          "Plan Rows": 3,
          "Plan Width": 8,
          "Actual Startup Time": 89.495,
          "Actual Total Time": 95.058,
          "Actual Rows": 4,
          "Actual Loops": 1,
          "Workers Planned": 3,
          "Workers Launched": 3,
          "Single Copy": false,
          "Plans": [
            {
              "Node Type": "Aggregate",
              "Strategy": "Plain",
              "Partial Mode": "Partial",
              "Parent Relationship": "Outer",
              "Parallel Aware": false,
              "Startup Cost": 31673.03,
              "Total Cost": 31673.04,
              "Plan Rows": 1,
              "Plan Width": 8,
              "Actual Startup Time": 82.45,
              "Actual Total Time": 82.451,
              "Actual Rows": 1,
              "Actual Loops": 4,
              "Plans": [
                {
                  "Node Type": "Seq Scan",
                  "Parent Relationship": "Outer",
                  "Parallel Aware": true,
                  "Relation Name": "movie_companies",
                  "Alias": "mc",
                  "Startup Cost": 0.0,
                  "Total Cost": 31414.82,
                  "Plan Rows": 103284,
                  "Plan Width": 0,
                  "Actual Startup Time": 0.044,
                  "Actual Total Time": 73.616,
                  "Actual Rows": 116573,
                  "Actual Loops": 4,
                  "Filter": "((company_id < 874) AND (company_type_id < 2))",
                  "Rows Removed by Filter": 535709
                }
              ]
            }
          ]
        }
      ]
    },
    "Planning Time": 0.15,
    "Triggers": [],
    "Execution Time": 95.11
  }
]