[
  {
    "Plan": {
      "Node Type": "Aggregate",
      "Strategy": "Plain",
      "Partial Mode": "Finalize",
      "Parallel Aware": false,
      "Startup Cost": 57657.44,
      "Total Cost": 57657.45,
      "Plan Rows": 1,
      "Plan Width": 8,
      "Actual Startup Time": 118.898,
      "Actual Total Time": 136.23,
      "Actual Rows": 1,
      "Actual Loops": 1,
      "Plans": [
        {
          "Node Type": "Gather",
          "Parent Relationship": "Outer",
          "Parallel Aware": false,
          "Startup Cost": 57657.02,
          "Total Cost": 57657.43,
          "Plan Rows": 4,
          "Plan Width": 8,
          "Actual Startup Time": 118.774,
          "Actual Total Time": 136.223,
          "Actual Rows": 5,
          "Actual Loops": 1,
          "Workers Planned": 4,
          "Workers Launched": 4,
          "Single Copy": false,
          "Plans": [
            {
              "Node Type": "Aggregate",
              "Strategy": "Plain",
              "Partial Mode": "Partial",
              "Parent Relationship": "Outer",
              "Parallel Aware": false,
              "Startup Cost": 56657.02,
              "Total Cost": 56657.03,
              "Plan Rows": 1,
              "Plan Width": 8,
              "Actual Startup Time": 108.635,
              "Actual Total Time": 108.636,
              "Actual Rows": 1,
              "Actual Loops": 5,
              "Plans": [
                {
                  "Node Type": "Nested Loop",
                  "Parent Relationship": "Outer",
                  "Parallel Aware": false,
                  "Join Type": "Inner",
                  "Startup Cost": 0.86,
                  "Total Cost": 56653.6,
                  "Plan Rows": 1366,
                  "Plan Width": 0,
                  "Actual Startup Time": 56.616,
                  "Actual Total Time": 108.266,
                  "Actual Rows": 5941,
                  "Actual Loops": 5,
                  "Inner Unique": false,
                  "Join Filter": "(t.id = mi.movie_id)",
                  "Rows Removed by Join Filter": 0,
                  "Plans": [
                    {
                      "Node Type": "Nested Loop",
                      "Parent Relationship": "Outer",
                      "Parallel Aware": false,
                      "Join Type": "Inner",
                      "Startup Cost": 0.43,
                      "Total Cost": 55213.55,
                      "Plan Rows": 593,
                      "Plan Width": 8,
                      "Actual Startup Time": 56.543,
                      "Actual Total Time": 84.694,
                      "Actual Rows": 856,
                      "Actual Loops": 5,
                      "Inner Unique": false,
                      "Plans": [
                        {
                          "Node Type": "Seq Scan",
                          "Parent Relationship": "Outer",
                          "Parallel Aware": true,
                          "Relation Name": "title",
                          "Alias": "t",
                          "Startup Cost": 0.0,
                          "Total Cost": 45479.1,
                          "Plan Rows": 1630,
                          "Plan Width": 4,
                          "Actual Startup Time": 56.402,
                          "Actual Total Time": 77.601,
                          "Actual Rows": 1001,
                          "Actual Loops": 5,
                          "Filter": "((kind_id = 1) AND (production_year = 1991))",
                          "Rows Removed by Filter": 504661
                        },
                        {
                          "Node Type": "Index Scan",
                          "Parent Relationship": "Inner",
                          "Parallel Aware": false,
                          "Scan Direction": "Forward",
                          "Index Name": "movie_id_movie_info_idx",
                          "Relation Name": "movie_info_idx",
                          "Alias": "mi_idx",
                          "Startup Cost": 0.43,
                          "Total Cost": 5.95,
                          "Plan Rows": 2,
                          "Plan Width": 4,
                          "Actual Startup Time": 0.006,
                          "Actual Total Time": 0.007,
                          "Actual Rows": 1,
                          "Actual Loops": 5006,
                          "Index Cond": "(movie_id = t.id)",
                          "Rows Removed by Index Recheck": 0,
                          "Filter": "(info_type_id < 101)",
                          "Rows Removed by Filter": 0
                        }
                      ]
                    },
                    {
                      "Node Type": "Index Scan",
                      "Parent Relationship": "Inner",
                      "Parallel Aware": false,
                      "Scan Direction": "Forward",
                      "Index Name": "movie_id_movie_info",
                      "Relation Name": "movie_info",
                      "Alias": "mi",
                      "Startup Cost": 0.43,
                      "Total Cost": 2.22,
                      "Plan Rows": 17,
                      "Plan Width": 4,
                      "Actual Startup Time": 0.008,
                      "Actual Total Time": 0.027,
                      "Actual Rows": 7,
                      "Actual Loops": 4282,
                      "Index Cond": "(movie_id = mi_idx.movie_id)",
                      "Rows Removed by Index Recheck": 0,
                      "Filter": "(info_type_id < 7)",
                      "Rows Removed by Filter": 16
                    }
                  ]
                }
              ]
            }
          ]
        }
      ]
    },
    "Planning Time": 1.446,
    "Triggers": [],
    "Execution Time": 136.318
  }
]