[
  {
    "Plan": {
      "Node Type": "Aggregate",
      "Strategy": "Plain",
      "Partial Mode": "Finalize",
      "Parallel Aware": false,
      "Startup Cost": 46369.27,
      "Total Cost": 46369.28,
      "Plan Rows": 1,
      "Plan Width": 8,
      "Actual Startup Time": 127.847,
      "Actual Total Time": 139.507,
      "Actual Rows": 1,
      "Actual Loops": 1,
      "Plans": [
        {
          "Node Type": "Gather",
          "Parent Relationship": "Outer",
          "Parallel Aware": false,
          "Startup Cost": 46368.85,
          "Total Cost": 46369.26,
          "Plan Rows": 4,
          "Plan Width": 8,
          "Actual Startup Time": 127.685,
          "Actual Total Time": 139.499,
          "Actual Rows": 5,
          "Actual Loops": 1,
          "Workers Planned": 4,
          "Workers Launched": 4,
          "Single Copy": false,
          "Plans": [
            {
              "Node Type": "Aggregate",
              "Strategy": "Plain",
              "Partial Mode": "Partial",
              "Parent Relationship": "Outer",
              "Parallel Aware": false,
              "Startup Cost": 45368.85,
              "Total Cost": 45368.86,
              "Plan Rows": 1,
              "Plan Width": 8,
              "Actual Startup Time": 117.944,
              "Actual Total Time": 117.945,
              "Actual Rows": 1,
              "Actual Loops": 5,
              "Plans": [
                {
                  "Node Type": "Seq Scan",
                  "Parent Relationship": "Outer",
                  "Parallel Aware": true,
                  "Relation Name": "title",
                  "Alias": "t",
                  "Startup Cost": 0.0,
                  "Total Cost": 43898.92,
                  "Plan Rows": 587975,
                  "Plan Width": 0,
                  "Actual Startup Time": 0.045,
                  "Actual Total Time": 95.103,
                  "Actual Rows": 469878,
                  "Actual Loops": 5,
                  "Filter": "(production_year > 1926)",
                  "Rows Removed by Filter": 35784
                }
              ]
            }
          ]
        }
      ]
    },
    "Planning Time": 0.156,
    "Triggers": [],
    "Execution Time": 139.569
  }
]