{
  "Plan": {
    "Node Type": "Aggregate",
    "Strategy": "Plain",
    "Partial Mode": "Finalize",
    "Parallel Aware": false,
    "Startup Cost": 259392.4,
    "Total Cost": 259392.41,
    "Plan Rows": 1,
    "Plan Width": 8,
    "Actual Startup Time": 448.991,
    "Actual Total Time": 463.932,
    "Actual Rows": 1,
    "Actual Loops": 1,
    "Plans": [
      {
        "Node Type": "Gather",
        "Parent Relationship": "Outer",
        "Parallel Aware": false,
        "Startup Cost": 259392.28,
        "Total Cost": 259392.39,
        "Plan Rows": 1,
        "Plan Width": 8,
        "Actual Startup Time": 447.623,
        "Actual Total Time": 463.923,
        "Actual Rows": 2,
        "Actual Loops": 1,
        "Workers Planned": 1,
        "Workers Launched": 1,
        "Single Copy": false,
        "Plans": [
          {
            "Node Type": "Aggregate",
            "Strategy": "Plain",
            "Partial Mode": "Partial",
            "Parent Relationship": "Outer",
            "Parallel Aware": false,
            "Startup Cost": 258392.28,
            "Total Cost": 258392.29,
            "Plan Rows": 1,
            "Plan Width": 8,
            "Actual Startup Time": 442.187,
            "Actual Total Time": 442.361,
            "Actual Rows": 1,
            "Actual Loops": 2,
            "Plans": [
              {
                "Node Type": "Hash Join",
                "Parent Relationship": "Outer",
                "Parallel Aware": true,
                "Join Type": "Inner",
                "Startup Cost": 84261.35,
                "Total Cost": 258223.68,
                "Plan Rows": 67440,
                "Plan Width": 0,
                "Actual Startup Time": 247.833,
                "Actual Total Time": 426.559,
                "Actual Rows": 380006,
                "Actual Loops": 2,
                "Inner Unique": true,
                "Hash Cond": "(mi.movie_id = t.id)",
                "Plans": [
                  {
                    "Node Type": "Bitmap Heap Scan",
                    "Parent Relationship": "Outer",
                    "Parallel Aware": true,
                    "Relation Name": "movie_info",
                    "Alias": "mi",
                    "Startup Cost": 24370.61,
                    "Total Cost": 196255.62,
                    "Plan Rows": 791361,
                    "Plan Width": 4,
                    "Actual Startup Time": 54.466,
                    "Actual Total Time": 119.833,
                    "Actual Rows": 700951,
                    "Actual Loops": 2,
                    "Recheck Cond": "(info_type_id = 7)",
                    "Rows Removed by Index Recheck": 0,
                    "Exact Heap Blocks": 4772,
                    "Lossy Heap Blocks": 0,
                    "Plans": [
                      {
                        "Node Type": "Bitmap Index Scan",
                        "Parent Relationship": "Outer",
                        "Parallel Aware": false,
                        "Index Name": "info_type_id_movie_info",
                        "Startup Cost": 0.0,
                        "Total Cost": 24034.28,
                        "Plan Rows": 1345313,
                        "Plan Width": 0,
                        "Actual Startup Time": 53.0,
                        "Actual Total Time": 53.001,
                        "Actual Rows": 1401902,
                        "Actual Loops": 1,
                        "Index Cond": "(info_type_id = 7)"
                      }
                    ]
                  },
                  {
                    "Node Type": "Hash",
                    "Parent Relationship": "Inner",
                    "Parallel Aware": true,
                    "Startup Cost": 58306.47,
                    "Total Cost": 58306.47,
                    "Plan Rows": 126742,
                    "Plan Width": 4,
                    "Actual Startup Time": 189.809,
                    "Actual Total Time": 189.81,
                    "Actual Rows": 179762,
                    "Actual Loops": 2,
                    "Hash Buckets": 524288,
                    "Original Hash Buckets": 262144,
                    "Hash Batches": 1,
                    "Original Hash Batches": 1,
                    "Peak Memory Usage": 20256,
                    "Plans": [
                      {
                        "Node Type": "Seq Scan",
                        "Parent Relationship": "Outer",
                        "Parallel Aware": true,
                        "Relation Name": "title",
                        "Alias": "t",
                        "Startup Cost": 0.0,
                        "Total Cost": 58306.47,
                        "Plan Rows": 126742,
                        "Plan Width": 4,
                        "Actual Startup Time": 0.062,
                        "Actual Total Time": 146.393,
                        "Actual Rows": 179762,
                        "Actual Loops": 2,
                        "Filter": "((kind_id < 4) AND (production_year < 1988))",
                        "Rows Removed by Filter": 1084394
                      }
                    ]
                  }
                ]
              }
            ]
          }
        ]
      }
    ]
  },
  "Planning Time": 0.558,
  "Triggers": [],
  "Execution Time": 464.025
}