{
  "Plan": {
    "Node Type": "Aggregate",
    "Strategy": "Plain",
    "Partial Mode": "Finalize",
    "Parallel Aware": false,
    "Startup Cost": 472640.06,
    "Total Cost": 472640.07,
    "Plan Rows": 1,
    "Plan Width": 8,
    "Actual Startup Time": 1831.776,
    "Actual Total Time": 1856.648,
    "Actual Rows": 1,
    "Actual Loops": 1,
    "Plans": [
      {
        "Node Type": "Gather",
        "Parent Relationship": "Outer",
        "Parallel Aware": false,
        "Startup Cost": 472639.95,
        "Total Cost": 472640.06,
        "Plan Rows": 1,
        "Plan Width": 8,
        "Actual Startup Time": 1825.553,
        "Actual Total Time": 1856.64,
        "Actual Rows": 2,
        "Actual Loops": 1,
        "Workers Planned": 1,
        "Workers Launched": 1,
        "Single Copy": false,
        "Plans": [
          {
            "Node Type": "Aggregate",
            "Strategy": "Plain",
            "Partial Mode": "Partial",
            "Parent Relationship": "Outer",
            "Parallel Aware": false,
            "Startup Cost": 471639.95,
            "Total Cost": 471639.96,
            "Plan Rows": 1,
            "Plan Width": 8,
            "Actual Startup Time": 1816.577,
            "Actual Total Time": 1816.583,
            "Actual Rows": 1,
            "Actual Loops": 2,
            "Plans": [
              {
                "Node Type": "Hash Join",
                "Parent Relationship": "Outer",
                "Parallel Aware": true,
                "Join Type": "Inner",
                "Startup Cost": 181973.29,
                "Total Cost": 468530.19,
                "Plan Rows": 1243901,
                "Plan Width": 0,
                "Actual Startup Time": 1176.045,
                "Actual Total Time": 1769.07,
                "Actual Rows": 1197936,
                "Actual Loops": 2,
                "Inner Unique": false,
                "Hash Cond": "(ci.movie_id = t.id)",
                "Plans": [
                  {
                    "Node Type": "Bitmap Heap Scan",
                    "Parent Relationship": "Outer",
                    "Parallel Aware": true,
                    "Relation Name": "cast_info",
                    "Alias": "ci",
                    "Startup Cost": 61352.79,
                    "Total Cost": 334465.06,
                    "Plan Rows": 1634021,
                    "Plan Width": 4,
                    "Actual Startup Time": 129.719,
                    "Actual Total Time": 277.18,
                    "Actual Rows": 1420834,
                    "Actual Loops": 2,
                    "Recheck Cond": "(person_id < 274631)",
                    "Rows Removed by Index Recheck": 0,
                    "Exact Heap Blocks": 15524,
                    "Lossy Heap Blocks": 0,
                    "Plans": [
                      {
                        "Node Type": "Bitmap Index Scan",
                        "Parent Relationship": "Outer",
                        "Parallel Aware": false,
                        "Index Name": "person_id_cast_info",
                        "Startup Cost": 0.0,
                        "Total Cost": 60658.34,
                        "Plan Rows": 2777836,
                        "Plan Width": 0,
                        "Actual Startup Time": 124.942,
                        "Actual Total Time": 124.943,
                        "Actual Rows": 2841667,
                        "Actual Loops": 1,
                        "Index Cond": "(person_id < 274631)"
                      }
                    ]
                  },
                  {
                    "Node Type": "Hash",
                    "Parent Relationship": "Inner",
                    "Parallel Aware": true,
                    "Startup Cost": 106468.53,
                    "Total Cost": 106468.53,
                    "Plan Rows": 1132157,
                    "Plan Width": 8,
                    "Actual Startup Time": 1031.138,
                    "Actual Total Time": 1031.141,
                    "Actual Rows": 650720,
                    "Actual Loops": 2,
                    "Hash Buckets": 2097152,
                    "Original Hash Buckets": 2097152,
                    "Hash Batches": 1,
                    "Original Hash Batches": 1,
                    "Peak Memory Usage": 67328,
                    "Plans": [
                      {
                        "Node Type": "Hash Join",
                        "Parent Relationship": "Outer",
                        "Parallel Aware": true,
                        "Join Type": "Inner",
                        "Startup Cost": 68301.9,
                        "Total Cost": 106468.53,
                        "Plan Rows": 1132157,
                        "Plan Width": 8,
                        "Actual Startup Time": 399.994,
                        "Actual Total Time": 863.122,
                        "Actual Rows": 650720,
                        "Actual Loops": 2,
                        "Inner Unique": true,
                        "Hash Cond": "(mc.movie_id = t.id)",
                        "Plans": [
                          {
                            "Node Type": "Seq Scan",
                            "Parent Relationship": "Outer",
                            "Parallel Aware": true,
                            "Relation Name": "movie_companies",
                            "Alias": "mc",
                            "Startup Cost": 0.0,
                            "Total Cost": 34137.82,
                            "Plan Rows": 1534782,
                            "Plan Width": 4,
                            "Actual Startup Time": 0.014,
                            "Actual Total Time": 100.256,
                            "Actual Rows": 1304564,
                            "Actual Loops": 2
                          },
                          {
                            "Node Type": "Hash",
                            "Parent Relationship": "Inner",
                            "Parallel Aware": true,
                            "Startup Cost": 54588.39,
                            "Total Cost": 54588.39,
                            "Plan Rows": 1097081,
                            "Plan Width": 4,
                            "Actual Startup Time": 392.249,
                            "Actual Total Time": 392.25,
                            "Actual Rows": 932744,
                            "Actual Loops": 2,
                            "Hash Buckets": 2097152,
                            "Original Hash Buckets": 2097152,
                            "Hash Batches": 1,
                            "Original Hash Batches": 1,
                            "Peak Memory Usage": 89408,
                            "Plans": [
                              {
                                "Node Type": "Seq Scan",
                                "Parent Relationship": "Outer",
                                "Parallel Aware": true,
                                "Relation Name": "title",
                                "Alias": "t",
                                "Startup Cost": 0.0,
                                "Total Cost": 54588.39,
                                "Plan Rows": 1097081,
                                "Plan Width": 4,
                                "Actual Startup Time": 0.044,
                                "Actual Total Time": 167.332,
                                "Actual Rows": 932744,
                                "Actual Loops": 2,
                                "Filter": "(kind_id > 1)",
                                "Rows Removed by Filter": 331412
                              }
                            ]
                          }
                        ]
                      }
                    ]
                  }
                ]
              }
            ]
          }
        ]
      }
    ]
  },
  "Planning Time": 1.099,
  "Triggers": [],
  "Execution Time": 1856.754
}