{
  "Plan": {
    "Node Type": "Aggregate",
    "Strategy": "Plain",
    "Partial Mode": "Finalize",
    "Parallel Aware": false,
    "Startup Cost": 48065.68,
    "Total Cost": 48065.69,
    "Plan Rows": 1,
    "Plan Width": 8,
    "Actual Startup Time": 49.958,
    "Actual Total Time": 57.324,
    "Actual Rows": 1,
    "Actual Loops": 1,
    "Plans": [
      {
        "Node Type": "Gather",
        "Parent Relationship": "Outer",
        "Parallel Aware": false,
        "Startup Cost": 48065.56,
        "Total Cost": 48065.67,
        "Plan Rows": 1,
        "Plan Width": 8,
        "Actual Startup Time": 49.841,
        "Actual Total Time": 57.319,
        "Actual Rows": 2,
        "Actual Loops": 1,
        "Workers Planned": 1,
        "Workers Launched": 1,
        "Single Copy": false,
        "Plans": [
          {
            "Node Type": "Aggregate",
            "Strategy": "Plain",
            "Partial Mode": "Partial",
            "Parent Relationship": "Outer",
            "Parallel Aware": false,
            "Startup Cost": 47065.56,
            "Total Cost": 47065.57,
            "Plan Rows": 1,
            "Plan Width": 8,
            "Actual Startup Time": 43.554,
            "Actual Total Time": 43.555,
            "Actual Rows": 1,
            "Actual Loops": 2,
            "Plans": [
              {
                "Node Type": "Nested Loop",
                "Parent Relationship": "Outer",
                "Parallel Aware": false,
                "Join Type": "Inner",
                "Startup Cost": 163.73,
                "Total Cost": 47065.18,
                "Plan Rows": 155,
                "Plan Width": 0,
                "Actual Startup Time": 6.08,
                "Actual Total Time": 43.459,
                "Actual Rows": 768,
                "Actual Loops": 2,
                "Inner Unique": false,
                "Plans": [
                  {
                    "Node Type": "Nested Loop",
                    "Parent Relationship": "Outer",
                    "Parallel Aware": false,
                    "Join Type": "Inner",
                    "Startup Cost": 163.3,
                    "Total Cost": 46781.09,
                    "Plan Rows": 150,
                    "Plan Width": 8,
                    "Actual Startup Time": 4.023,
                    "Actual Total Time": 40.113,
                    "Actual Rows": 254,
                    "Actual Loops": 2,
                    "Inner Unique": true,
                    "Plans": [
                      {
                        "Node Type": "Bitmap Heap Scan",
                        "Parent Relationship": "Outer",
                        "Parallel Aware": true,
                        "Relation Name": "movie_keyword",
                        "Alias": "mk",
                        "Startup Cost": 162.87,
                        "Total Cost": 16220.17,
                        "Plan Rows": 4435,
                        "Plan Width": 4,
                        "Actual Startup Time": 3.388,
                        "Actual Total Time": 12.669,
                        "Actual Rows": 3324,
                        "Actual Loops": 2,
                        "Recheck Cond": "(keyword_id = 500)",
                        "Rows Removed by Index Recheck": 0,
                        "Exact Heap Blocks": 3760,
                        "Lossy Heap Blocks": 0,
                        "Plans": [
                          {
                            "Node Type": "Bitmap Index Scan",
                            "Parent Relationship": "Outer",
                            "Parallel Aware": false,
                            "Index Name": "keyword_id_movie_keyword",
                            "Startup Cost": 0.0,
                            "Total Cost": 160.98,
                            "Plan Rows": 7540,
                            "Plan Width": 0,
                            "Actual Startup Time": 4.256,
                            "Actual Total Time": 4.257,
                            "Actual Rows": 6649,
                            "Actual Loops": 1,
                            "Index Cond": "(keyword_id = 500)"
                          }
                        ]
                      },
                      {
                        "Node Type": "Index Scan",
                        "Parent Relationship": "Inner",
                        "Parallel Aware": false,
                        "Scan Direction": "Forward",
                        "Index Name": "title_pkey",
                        "Relation Name": "title",
                        "Alias": "t",
                        "Startup Cost": 0.43,
                        "Total Cost": 6.89,
                        "Plan Rows": 1,
                        "Plan Width": 4,
                        "Actual Startup Time": 0.008,
                        "Actual Total Time": 0.008,
                        "Actual Rows": 0,
                        "Actual Loops": 6649,
                        "Index Cond": "(id = mk.movie_id)",
                        "Rows Removed by Index Recheck": 0,
                        "Filter": "(production_year = 2004)",
                        "Rows Removed by Filter": 1
                      }
                    ]
                  },
                  {
                    "Node Type": "Index Only Scan",
                    "Parent Relationship": "Inner",
                    "Parallel Aware": false,
                    "Scan Direction": "Forward",
                    "Index Name": "movie_id_movie_companies",
                    "Relation Name": "movie_companies",
                    "Alias": "mc",
                    "Startup Cost": 0.43,
                    "Total Cost": 1.84,
                    "Plan Rows": 5,
                    "Plan Width": 4,
                    "Actual Startup Time": 0.01,
                    "Actual Total Time": 0.012,
                    "Actual Rows": 3,
                    "Actual Loops": 509,
                    "Index Cond": "(movie_id = t.id)",
                    "Rows Removed by Index Recheck": 0,
                    "Heap Fetches": 1537
                  }
                ]
              }
            ]
          }
        ]
      }
    ]
  },
  "Planning Time": 1.001,
  "Triggers": [],
  "Execution Time": 57.422
}