{
  "Plan": {
    "Node Type": "Aggregate",
    "Strategy": "Plain",
    "Partial Mode": "Finalize",
    "Parallel Aware": false,
    "Startup Cost": 94254.73,
    "Total Cost": 94254.74,
    "Plan Rows": 1,
    "Plan Width": 8,
    "Actual Startup Time": 159.191,
    "Actual Total Time": 174.576,
    "Actual Rows": 1,
    "Actual Loops": 1,
    "Plans": [
      {
        "Node Type": "Gather",
        "Parent Relationship": "Outer",
        "Parallel Aware": false,
        "Startup Cost": 94254.62,
        "Total Cost": 94254.73,
        "Plan Rows": 1,
        "Plan Width": 8,
        "Actual Startup Time": 159.106,
        "Actual Total Time": 174.569,
        "Actual Rows": 2,
        "Actual Loops": 1,
        "Workers Planned": 1,
        "Workers Launched": 1,
        "Single Copy": false,
        "Plans": [
          {
            "Node Type": "Aggregate",
            "Strategy": "Plain",
            "Partial Mode": "Partial",
            "Parent Relationship": "Outer",
            "Parallel Aware": false,
            "Startup Cost": 93254.62,
            "Total Cost": 93254.63,
            "Plan Rows": 1,
            "Plan Width": 8,
            "Actual Startup Time": 153.445,
            "Actual Total Time": 153.446,
            "Actual Rows": 1,
            "Actual Loops": 2,
            "Plans": [
              {
                "Node Type": "Nested Loop",
                "Parent Relationship": "Outer",
                "Parallel Aware": false,
                "Join Type": "Inner",
                "Startup Cost": 0.43,
                "Total Cost": 93237.88,
                "Plan Rows": 6694,
                "Plan Width": 0,
                "Actual Startup Time": 0.642,
                "Actual Total Time": 152.989,
                "Actual Rows": 8490,
                "Actual Loops": 2,
                "Inner Unique": false,
                "Plans": [
                  {
                    "Node Type": "Seq Scan",
                    "Parent Relationship": "Outer",
                    "Parallel Aware": true,
                    "Relation Name": "title",
                    "Alias": "t",
                    "Startup Cost": 0.0,
                    "Total Cost": 54588.39,
                    "Plan Rows": 4511,
                    "Plan Width": 4,
                    "Actual Startup Time": 0.218,
                    "Actual Total Time": 131.554,
                    "Actual Rows": 4746,
                    "Actual Loops": 2,
                    "Filter": "(production_year = 1957)",
                    "Rows Removed by Filter": 1259410
                  },
                  {
                    "Node Type": "Index Scan",
                    "Parent Relationship": "Inner",
                    "Parallel Aware": false,
                    "Scan Direction": "Forward",
                    "Index Name": "movie_id_movie_keyword",
                    "Relation Name": "movie_keyword",
                    "Alias": "mk",
                    "Startup Cost": 0.43,
                    "Total Cost": 8.19,
                    "Plan Rows": 38,
                    "Plan Width": 4,
                    "Actual Startup Time": 0.004,
                    "Actual Total Time": 0.004,
                    "Actual Rows": 2,
                    "Actual Loops": 9491,
                    "Index Cond": "(movie_id = t.id)",
                    "Rows Removed by Index Recheck": 0,
                    "Filter": "(keyword_id < 24562)",
                    "Rows Removed by Filter": 0
                  }
                ]
              }
            ]
          }
        ]
      }
    ]
  },
  "Planning Time": 0.443,
  "Triggers": [],
  "Execution Time": 174.644
}