[
  {
    "Plan": {
      "Node Type": "Aggregate",
      "Strategy": "Plain",
      "Partial Mode": "Finalize",
      "Parallel Aware": false,
      "Startup Cost": 380383.3,
      "Total Cost": 380383.31,
      "Plan Rows": 1,
      "Plan Width": 8,
      "Actual Startup Time": 1655.498,
      "Actual Total Time": 1725.869,
      "Actual Rows": 1,
      "Actual Loops": 1,
      "Plans": [
        {
          "Node Type": "Gather",
          "Parent Relationship": "Outer",
          "Parallel Aware": false,
          "Startup Cost": 380382.68,
          "Total Cost": 380383.29,
          "Plan Rows": 6,
          "Plan Width": 8,
          "Actual Startup Time": 1653.82,
          "Actual Total Time": 1725.848,
          "Actual Rows": 7,
          "Actual Loops": 1,
          "Workers Planned": 6,
          "Workers Launched": 6,
          "Single Copy": false,
          "Plans": [
            {
              "Node Type": "Aggregate",
              "Strategy": "Plain",
              "Partial Mode": "Partial",
              "Parent Relationship": "Outer",
              "Parallel Aware": false,
              "Startup Cost": 379382.68,
              "Total Cost": 379382.69,
              "Plan Rows": 1,
              "Plan Width": 8,
              "Actual Startup Time": 1642.104,
              "Actual Total Time": 1642.107,
              "Actual Rows": 1,
              "Actual Loops": 7,
              "Plans": [
                {
                  "Node Type": "Hash Join",
                  "Parent Relationship": "Outer",
                  "Parallel Aware": true,
                  "Join Type": "Inner",
                  "Startup Cost": 47192.45,
                  "Total Cost": 376109.25,
                  "Plan Rows": 1309373,
                  "Plan Width": 0,
                  "Actual Startup Time": 115.875,
                  "Actual Total Time": 1594.248,
                  "Actual Rows": 1030505,
                  "Actual Loops": 7,
                  "Inner Unique": true,
                  "Hash Cond": "(ci.movie_id = t.id)",
                  "Plans": [
                    {
                      "Node Type": "Seq Scan",
                      "Parent Relationship": "Outer",
                      "Parallel Aware": true,
                      "Relation Name": "cast_info",
                      "Alias": "ci",
                      "Startup Cost": 0.0,
                      "Total Cost": 313067.02,
                      "Plan Rows": 6038002,
                      "Plan Width": 4,
                      "Actual Startup Time": 0.019,
                      "Actual Total Time": 533.007,
                      "Actual Rows": 5177763,
                      "Actual Loops": 7
                    },
                    {
                      "Node Type": "Hash",
                      "Parent Relationship": "Inner",
                      "Parallel Aware": true,
                      "Startup Cost": 45479.1,
                      "Total Cost": 45479.1,
                      "Plan Rows": 137068,
                      "Plan Width": 4,
                      "Actual Startup Time": 112.38,
                      "Actual Total Time": 112.381,
                      "Actual Rows": 60804,
                      "Actual Loops": 7,
                      "Hash Buckets": 1048576,
                      "Original Hash Buckets": 1048576,
                      "Hash Batches": 1,
                      "Original Hash Batches": 1,
                      "Peak Memory Usage": 24960,
                      "Plans": [
                        {
                          "Node Type": "Seq Scan",
                          "Parent Relationship": "Outer",
                          "Parallel Aware": true,
                          "Relation Name": "title",
                          "Alias": "t",
                          "Startup Cost": 0.0,
                          "Total Cost": 45479.1,
                          "Plan Rows": 137068,
                          "Plan Width": 4,
                          "Actual Startup Time": 0.045,
                          "Actual Total Time": 78.732,
                          "Actual Rows": 60804,
                          "Actual Loops": 7,
                          "Filter": "((kind_id < 3) AND (production_year > 1986))",
                          "Rows Removed by Filter": 300384
                        }
                      ]
                    }
                  ]
                }
              ]
            }
          ]
        }
      ]
    },
    "Planning Time": 0.561,
    "Triggers": [],
    "Execution Time": 1725.953
  }
]