[
  {
    "Plan": {
      "Node Type": "Aggregate",
      "Strategy": "Plain",
      "Partial Mode": "Finalize",
      "Parallel Aware": false,
      "Startup Cost": 328094.12,
      "Total Cost": 328094.13,
      "Plan Rows": 1,
      "Plan Width": 8,
      "Actual Startup Time": 146.794,
      "Actual Total Time": 162.586,
      "Actual Rows": 1,
      "Actual Loops": 1,
      "Plans": [
        {
          "Node Type": "Gather",
          "Parent Relationship": "Outer",
          "Parallel Aware": false,
          "Startup Cost": 328093.6,
          "Total Cost": 328094.11,
          "Plan Rows": 5,
          "Plan Width": 8,
          "Actual Startup Time": 145.12,
          "Actual Total Time": 162.578,
          "Actual Rows": 6,
          "Actual Loops": 1,
          "Workers Planned": 5,
          "Workers Launched": 5,
          "Single Copy": false,
          "Plans": [
            {
              "Node Type": "Aggregate",
              "Strategy": "Plain",
              "Partial Mode": "Partial",
              "Parent Relationship": "Outer",
              "Parallel Aware": false,
              "Startup Cost": 327093.6,
              "Total Cost": 327093.61,
              "Plan Rows": 1,
              "Plan Width": 8,
              "Actual Startup Time": 134.087,
              "Actual Total Time": 134.091,
              "Actual Rows": 1,
              "Actual Loops": 6,
              "Plans": [
                {
                  "Node Type": "Nested Loop",
                  "Parent Relationship": "Outer",
                  "Parallel Aware": false,
                  "Join Type": "Inner",
                  "Startup Cost": 50025.05,
                  "Total Cost": 327062.38,
                  "Plan Rows": 12486,
                  "Plan Width": 0,
                  "Actual Startup Time": 106.695,
                  "Actual Total Time": 133.541,
                  "Actual Rows": 7698,
                  "Actual Loops": 6,
                  "Inner Unique": false,
                  "Join Filter": "(t.id = mi.movie_id)",
                  "Rows Removed by Join Filter": 0,
                  "Plans": [
                    {
                      "Node Type": "Hash Join",
                      "Parent Relationship": "Outer",
                      "Parallel Aware": true,
                      "Join Type": "Inner",
                      "Startup Cost": 50024.62,
                      "Total Cost": 312457.64,
                      "Plan Rows": 2135,
                      "Plan Width": 8,
                      "Actual Startup Time": 106.587,
                      "Actual Total Time": 113.129,
                      "Actual Rows": 916,
                      "Actual Loops": 6,
                      "Inner Unique": true,
                      "Hash Cond": "(ci.movie_id = t.id)",
                      "Plans": [
                        {
                          "Node Type": "Bitmap Heap Scan",
                          "Parent Relationship": "Outer",
                          "Parallel Aware": true,
                          "Relation Name": "cast_info",
                          "Alias": "ci",
                          "Startup Cost": 5621.89,
                          "Total Cost": 267967.01,
                          "Plan Rows": 33489,
                          "Plan Width": 4,
                          "Actual Startup Time": 15.353,
                          "Actual Total Time": 18.409,
                          "Actual Rows": 10555,
                          "Actual Loops": 6,
                          "Recheck Cond": "(person_id < 29889)",
                          "Rows Removed by Index Recheck": 0,
                          "Filter": "(role_id > 1)",
                          "Rows Removed by Filter": 31736,
                          "Exact Heap Blocks": 842,
                          "Lossy Heap Blocks": 0,
                          "Plans": [
                            {
                              "Node Type": "Bitmap Index Scan",
                              "Parent Relationship": "Outer",
                              "Parallel Aware": false,
                              "Index Name": "person_id_cast_info",
                              "Startup Cost": 0.0,
                              "Total Cost": 5580.03,
                              "Plan Rows": 255395,
                              "Plan Width": 0,
                              "Actual Startup Time": 9.267,
                              "Actual Total Time": 9.268,
                              "Actual Rows": 253751,
                              "Actual Loops": 1,
                              "Index Cond": "(person_id < 29889)"
                            }
                          ]
                        },
                        {
                          "Node Type": "Hash",
                          "Parent Relationship": "Inner",
                          "Parallel Aware": true,
                          "Startup Cost": 43898.92,
                          "Total Cost": 43898.92,
                          "Plan Rows": 40305,
                          "Plan Width": 4,
                          "Actual Startup Time": 89.404,
                          "Actual Total Time": 89.405,
                          "Actual Rows": 26670,
                          "Actual Loops": 6,
                          "Hash Buckets": 262144,
                          "Original Hash Buckets": 262144,
                          "Hash Batches": 1,
                          "Original Hash Batches": 1,
                          "Peak Memory Usage": 8384,
                          "Plans": [
                            {
                              "Node Type": "Seq Scan",
                              "Parent Relationship": "Outer",
                              "Parallel Aware": true,
                              "Relation Name": "title",
                              "Alias": "t",
                              "Startup Cost": 0.0,
                              "Total Cost": 43898.92,
                              "Plan Rows": 40305,
                              "Plan Width": 4,
                              "Actual Startup Time": 0.04,
                              "Actual Total Time": 76.933,
                              "Actual Rows": 26670,
                              "Actual Loops": 6,
                              "Filter": "(production_year = 2011)",
                              "Rows Removed by Filter": 394716
                            }
                          ]
                        }
                      ]
                    },
                    {
                      "Node Type": "Index Only Scan",
                      "Parent Relationship": "Inner",
                      "Parallel Aware": false,
                      "Scan Direction": "Forward",
                      "Index Name": "movie_id_movie_info",
                      "Relation Name": "movie_info",
                      "Alias": "mi",
                      "Startup Cost": 0.43,
                      "Total Cost": 6.32,
                      "Plan Rows": 42,
                      "Plan Width": 4,
                      "Actual Startup Time": 0.009,
                      "Actual Total Time": 0.021,
                      "Actual Rows": 8,
                      "Actual Loops": 5497,
                      "Index Cond": "(movie_id = ci.movie_id)",
                      "Rows Removed by Index Recheck": 0,
                      "Heap Fetches": 46185
                    }
                  ]
                }
              ]
            }
          ]
        }
      ]
    },
    "Planning Time": 1.502,
    "Triggers": [],
    "Execution Time": 162.696
  }
]