[
    {
        "Bao": {
            "Bao prediction": "NaN",
            "Bao recommended hint": "(no hint)"
        }
    },
    {
        "Plan": {
            "Node Type": "Aggregate",
            "Strategy": "Plain",
            "Partial Mode": "Finalize",
            "Parallel Aware": false,
            "Startup Cost": 32553.26,
            "Total Cost": 32553.27,
            "Plan Rows": 1,
            "Plan Width": 8,
            "Actual Startup Time": 78.666,
            "Actual Total Time": 83.235,
            "Actual Rows": 1,
            "Actual Loops": 1,
            "Output": [
                "count(*)"
            ],
            "Plans": [
                {
                    "Node Type": "Gather",
                    "Parent Relationship": "Outer",
                    "Parallel Aware": false,
                    "Startup Cost": 32552.94,
                    "Total Cost": 32553.25,
                    "Plan Rows": 3,
                    "Plan Width": 8,
                    "Actual Startup Time": 78.35,
                    "Actual Total Time": 83.226,
                    "Actual Rows": 4,
                    "Actual Loops": 1,
                    "Output": [
                        "(PARTIAL count(*))"
                    ],
                    "Workers Planned": 3,
                    "Workers Launched": 3,
                    "Single Copy": false,
                    "Plans": [
                        {
                            "Node Type": "Aggregate",
                            "Strategy": "Plain",
                            "Partial Mode": "Partial",
                            "Parent Relationship": "Outer",
                            "Parallel Aware": false,
                            "Startup Cost": 31552.94,
                            "Total Cost": 31552.95,
                            "Plan Rows": 1,
                            "Plan Width": 8,
                            "Actual Startup Time": 70.121,
                            "Actual Total Time": 70.123,
                            "Actual Rows": 1,
                            "Actual Loops": 4,
                            "Output": [
                                "PARTIAL count(*)"
                            ],
                            "Workers": [
                                {
                                    "Worker Number": 0,
                                    "Actual Startup Time": 67.272,
                                    "Actual Total Time": 67.273,
                                    "Actual Rows": 1,
                                    "Actual Loops": 1
                                },
                                {
                                    "Worker Number": 1,
                                    "Actual Startup Time": 67.449,
                                    "Actual Total Time": 67.451,
                                    "Actual Rows": 1,
                                    "Actual Loops": 1
                                },
                                {
                                    "Worker Number": 2,
                                    "Actual Startup Time": 67.661,
                                    "Actual Total Time": 67.663,
                                    "Actual Rows": 1,
                                    "Actual Loops": 1
                                }
                            ],
                            "Plans": [
                                {
                                    "Node Type": "Bitmap Heap Scan",
                                    "Parent Relationship": "Outer",
                                    "Parallel Aware": true,
                                    "Relation Name": "movie_keyword",
                                    "Schema": "public",
                                    "Alias": "mk",
                                    "Startup Cost": 5780.36,
                                    "Total Cost": 31333.18,
                                    "Plan Rows": 87905,
                                    "Plan Width": 0,
                                    "Actual Startup Time": 13.998,
                                    "Actual Total Time": 65.728,
                                    "Actual Rows": 67912,
                                    "Actual Loops": 4,
                                    "Recheck Cond": "(mk.keyword_id > 58085)",
                                    "Rows Removed by Index Recheck": 0,
                                    "Exact Heap Blocks": 11122,
                                    "Lossy Heap Blocks": 0,
                                    "Workers": [
                                        {
                                            "Worker Number": 0,
                                            "Actual Startup Time": 11.115,
                                            "Actual Total Time": 63.398,
                                            "Actual Rows": 37758,
                                            "Actual Loops": 1
                                        },
                                        {
                                            "Worker Number": 1,
                                            "Actual Startup Time": 11.473,
                                            "Actual Total Time": 63.625,
                                            "Actual Rows": 46565,
                                            "Actual Loops": 1
                                        },
                                        {
                                            "Worker Number": 2,
                                            "Actual Startup Time": 11.743,
                                            "Actual Total Time": 63.767,
                                            "Actual Rows": 47549,
                                            "Actual Loops": 1
                                        }
                                    ],
                                    "Plans": [
                                        {
                                            "Node Type": "Bitmap Index Scan",
                                            "Parent Relationship": "Outer",
                                            "Parallel Aware": false,
                                            "Index Name": "keyword_id_movie_keyword",
                                            "Startup Cost": 0.0,
                                            "Total Cost": 5712.23,
                                            "Plan Rows": 272507,
                                            "Plan Width": 0,
                                            "Actual Startup Time": 18.458,
                                            "Actual Total Time": 18.458,
                                            "Actual Rows": 271648,
                                            "Actual Loops": 1,
                                            "Index Cond": "(mk.keyword_id > 58085)"
                                        }
                                    ]
                                }
                            ]
                        }
                    ]
                }
            ]
        },
        "Planning Time": 179.03,
        "Triggers": [],
        "Execution Time": 83.29
    }
]