{
  "Plan": {
    "Node Type": "Aggregate",
    "Strategy": "Plain",
    "Partial Mode": "Simple",
    "Parallel Aware": false,
    "Startup Cost": 459805.89,
    "Total Cost": 459805.9,
    "Plan Rows": 1,
    "Plan Width": 128,
    "Actual Startup Time": 3259.808,
    "Actual Total Time": 3275.357,
    "Actual Rows": 1,
    "Actual Loops": 1,
    "Plans": [
      {
        "Node Type": "Nested Loop",
        "Parent Relationship": "Outer",
        "Parallel Aware": false,
        "Join Type": "Inner",
        "Startup Cost": 345548.46,
        "Total Cost": 459805.88,
        "Plan Rows": 1,
        "Plan Width": 81,
        "Actual Startup Time": 2533.559,
        "Actual Total Time": 3275.313,
        "Actual Rows": 17,
        "Actual Loops": 1,
        "Inner Unique": true,
        "Plans": [
          {
            "Node Type": "Hash Join",
            "Parent Relationship": "Outer",
            "Parallel Aware": false,
            "Join Type": "Inner",
            "Startup Cost": 345548.32,
            "Total Cost": 459805.7,
            "Plan Rows": 1,
            "Plan Width": 85,
            "Actual Startup Time": 2533.525,
            "Actual Total Time": 3275.15,
            "Actual Rows": 51,
            "Actual Loops": 1,
            "Inner Unique": false,
            "Hash Cond": "(n.id = ci.person_id)",
            "Plans": [
              {
                "Node Type": "Seq Scan",
                "Parent Relationship": "Outer",
                "Parallel Aware": false,
                "Relation Name": "name",
                "Alias": "n",
                "Startup Cost": 0.0,
                "Total Cost": 107705.21,
                "Plan Rows": 1747242,
                "Plan Width": 19,
                "Actual Startup Time": 0.05,
                "Actual Total Time": 668.316,
                "Actual Rows": 1739579,
                "Actual Loops": 1,
                "Filter": "((gender)::text = 'm'::text)",
                "Rows Removed by Filter": 2427912
              },
              {
                "Node Type": "Hash",
                "Parent Relationship": "Inner",
                "Parallel Aware": false,
                "Startup Cost": 345548.31,
                "Total Cost": 345548.31,
                "Plan Rows": 1,
                "Plan Width": 74,
                "Actual Startup Time": 2426.48,
                "Actual Total Time": 2442.024,
                "Actual Rows": 93,
                "Actual Loops": 1,
                "Hash Buckets": 1024,
                "Original Hash Buckets": 1024,
                "Hash Batches": 1,
                "Original Hash Batches": 1,
                "Peak Memory Usage": 15,
                "Plans": [
                  {
                    "Node Type": "Nested Loop",
                    "Parent Relationship": "Outer",
                    "Parallel Aware": false,
                    "Join Type": "Inner",
                    "Startup Cost": 345543.76,
                    "Total Cost": 345548.31,
                    "Plan Rows": 1,
                    "Plan Width": 74,
                    "Actual Startup Time": 2405.997,
                    "Actual Total Time": 2441.96,
                    "Actual Rows": 93,
                    "Actual Loops": 1,
                    "Inner Unique": false,
                    "Join Filter": "(t.id = ci.movie_id)",
                    "Rows Removed by Join Filter": 0,
                    "Plans": [
                      {
                        "Node Type": "Nested Loop",
                        "Parent Relationship": "Outer",
                        "Parallel Aware": false,
                        "Join Type": "Inner",
                        "Startup Cost": 345543.2,
                        "Total Cost": 345546.51,
                        "Plan Rows": 1,
                        "Plan Width": 86,
                        "Actual Startup Time": 2404.087,
                        "Actual Total Time": 2419.782,
                        "Actual Rows": 123,
                        "Actual Loops": 1,
                        "Inner Unique": false,
                        "Join Filter": "(mi.info_type_id = it1.id)",
                        "Rows Removed by Join Filter": 0,
                        "Plans": [
                          {
                            "Node Type": "Seq Scan",
                            "Parent Relationship": "Outer",
                            "Parallel Aware": false,
                            "Relation Name": "info_type",
                            "Alias": "it1",
                            "Startup Cost": 0.0,
                            "Total Cost": 2.41,
                            "Plan Rows": 1,
                            "Plan Width": 4,
                            "Actual Startup Time": 0.011,
                            "Actual Total Time": 0.026,
                            "Actual Rows": 1,
                            "Actual Loops": 1,
                            "Filter": "((info)::text = 'genres'::text)",
                            "Rows Removed by Filter": 112
                          },
                          {
                            "Node Type": "Merge Join",
                            "Parent Relationship": "Inner",
                            "Parallel Aware": false,
                            "Join Type": "Inner",
                            "Startup Cost": 345543.2,
                            "Total Cost": 345544.09,
                            "Plan Rows": 1,
                            "Plan Width": 90,
                            "Actual Startup Time": 2404.069,
                            "Actual Total Time": 2419.723,
                            "Actual Rows": 123,
                            "Actual Loops": 1,
                            "Inner Unique": false,
                            "Merge Cond": "(t.id = mi.movie_id)",
                            "Plans": [
                              {
                                "Node Type": "Sort",
                                "Parent Relationship": "Outer",
                                "Parallel Aware": false,
                                "Startup Cost": 46497.9,
                                "Total Cost": 46498.23,
                                "Plan Rows": 133,
                                "Plan Width": 21,
                                "Actual Startup Time": 190.177,
                                "Actual Total Time": 190.306,
                                "Actual Rows": 113,
                                "Actual Loops": 1,
                                "Sort Key": [
                                  "t.id"
                                ],
                                "Sort Method": "quicksort",
                                "Sort Space Used": 33,
                                "Sort Space Type": "Memory",
                                "Plans": [
                                  {
                                    "Node Type": "Gather",
                                    "Parent Relationship": "Outer",
                                    "Parallel Aware": false,
                                    "Startup Cost": 1000.0,
                                    "Total Cost": 46493.21,
                                    "Plan Rows": 133,
                                    "Plan Width": 21,
                                    "Actual Startup Time": 15.155,
                                    "Actual Total Time": 190.144,
                                    "Actual Rows": 113,
                                    "Actual Loops": 1,
                                    "Workers Planned": 4,
                                    "Workers Launched": 4,
                                    "Single Copy": false,
                                    "Plans": [
                                      {
                                        "Node Type": "Seq Scan",
                                        "Parent Relationship": "Outer",
                                        "Parallel Aware": true,
                                        "Relation Name": "title",
                                        "Alias": "t",
                                        "Startup Cost": 0.0,
                                        "Total Cost": 45479.91,
                                        "Plan Rows": 33,
                                        "Plan Width": 21,
                                        "Actual Startup Time": 26.636,
                                        "Actual Total Time": 180.603,
                                        "Actual Rows": 23,
                                        "Actual Loops": 5,
                                        "Filter": "((production_year < 2006) AND (title ~~ 'Vampire%'::text))",
                                        "Rows Removed by Filter": 505640
                                      }
                                    ]
                                  }
                                ]
                              },
                              {
                                "Node Type": "Sort",
                                "Parent Relationship": "Inner",
                                "Parallel Aware": false,
                                "Startup Cost": 299045.3,
                                "Total Cost": 299045.41,
                                "Plan Rows": 43,
                                "Plan Width": 69,
                                "Actual Startup Time": 2206.974,
                                "Actual Total Time": 2225.463,
                                "Actual Rows": 34957,
                                "Actual Loops": 1,
                                "Sort Key": [
                                  "mk.movie_id"
                                ],
                                "Sort Method": "quicksort",
                                "Sort Space Used": 4416,
                                "Sort Space Type": "Memory",
                                "Plans": [
                                  {
                                    "Node Type": "Gather",
                                    "Parent Relationship": "Outer",
                                    "Parallel Aware": false,
                                    "Startup Cost": 99852.87,
                                    "Total Cost": 299044.13,
                                    "Plan Rows": 43,
                                    "Plan Width": 69,
                                    "Actual Startup Time": 1921.294,
                                    "Actual Total Time": 2209.901,
                                    "Actual Rows": 36852,
                                    "Actual Loops": 1,
                                    "Workers Planned": 5,
                                    "Workers Launched": 3,
                                    "Single Copy": false,
                                    "Plans": [
                                      {
                                        "Node Type": "Hash Join",
                                        "Parent Relationship": "Outer",
                                        "Parallel Aware": true,
                                        "Join Type": "Inner",
                                        "Startup Cost": 98852.87,
                                        "Total Cost": 298039.83,
                                        "Plan Rows": 9,
                                        "Plan Width": 69,
                                        "Actual Startup Time": 1912.543,
                                        "Actual Total Time": 2171.813,
                                        "Actual Rows": 9213,
                                        "Actual Loops": 4,
                                        "Inner Unique": false,
                                        "Hash Cond": "(mi.movie_id = mi_idx.movie_id)",
                                        "Plans": [
                                          {
                                            "Node Type": "Seq Scan",
                                            "Parent Relationship": "Outer",
                                            "Parallel Aware": true,
                                            "Relation Name": "movie_info",
                                            "Alias": "mi",
                                            "Startup Cost": 0.0,
                                            "Total Cost": 199164.27,
                                            "Plan Rows": 6047,
                                            "Plan Width": 51,
                                            "Actual Startup Time": 483.238,
                                            "Actual Total Time": 735.471,
                                            "Actual Rows": 7700,
                                            "Actual Loops": 4,
                                            "Filter": "(info = 'Horror'::text)",
                                            "Rows Removed by Filter": 3701230
                                          },
                                          {
                                            "Node Type": "Hash",
                                            "Parent Relationship": "Inner",
                                            "Parallel Aware": true,
                                            "Startup Cost": 98850.78,
                                            "Total Cost": 98850.78,
                                            "Plan Rows": 167,
                                            "Plan Width": 18,
                                            "Actual Startup Time": 1428.051,
                                            "Actual Total Time": 1428.062,
                                            "Actual Rows": 38180,
                                            "Actual Loops": 4,
                                            "Hash Buckets": 262144,
                                            "Original Hash Buckets": 1024,
                                            "Hash Batches": 1,
                                            "Original Hash Batches": 1,
                                            "Peak Memory Usage": 11832,
                                            "Plans": [
                                              {
                                                "Node Type": "Hash Join",
                                                "Parent Relationship": "Outer",
                                                "Parallel Aware": false,
                                                "Join Type": "Inner",
                                                "Startup Cost": 24002.16,
                                                "Total Cost": 98850.78,
                                                "Plan Rows": 167,
                                                "Plan Width": 18,
                                                "Actual Startup Time": 306.746,
                                                "Actual Total Time": 1273.074,
                                                "Actual Rows": 38180,
                                                "Actual Loops": 4,
                                                "Inner Unique": true,
                                                "Hash Cond": "(mk.keyword_id = k.id)",
                                                "Plans": [
                                                  {
                                                    "Node Type": "Hash Join",
                                                    "Parent Relationship": "Outer",
                                                    "Parallel Aware": true,
                                                    "Join Type": "Inner",
                                                    "Startup Cost": 20872.83,
                                                    "Total Cost": 83999.06,
                                                    "Plan Rows": 4465535,
                                                    "Plan Width": 22,
                                                    "Actual Startup Time": 272.25,
                                                    "Actual Total Time": 1028.503,
                                                    "Actual Rows": 2606156,
                                                    "Actual Loops": 4,
                                                    "Inner Unique": false,
                                                    "Hash Cond": "(mk.movie_id = mi_idx.movie_id)",
                                                    "Plans": [
                                                      {
                                                        "Node Type": "Seq Scan",
                                                        "Parent Relationship": "Outer",
                                                        "Parallel Aware": true,
                                                        "Relation Name": "movie_keyword",
                                                        "Alias": "mk",
                                                        "Startup Cost": 0.0,
                                                        "Total Cost": 39047.32,
                                                        "Plan Rows": 1459332,
                                                        "Plan Width": 8,
                                                        "Actual Startup Time": 0.063,
                                                        "Actual Total Time": 148.702,
                                                        "Actual Rows": 1130982,
                                                        "Actual Loops": 4
                                                      },
                                                      {
                                                        "Node Type": "Hash",
                                                        "Parent Relationship": "Inner",
                                                        "Parallel Aware": true,
                                                        "Startup Cost": 13685.15,
                                                        "Total Cost": 13685.15,
                                                        "Plan Rows": 575015,
                                                        "Plan Width": 14,
                                                        "Actual Startup Time": 265.827,
                                                        "Actual Total Time": 265.83,
                                                        "Actual Rows": 345009,
                                                        "Actual Loops": 4,
                                                        "Hash Buckets": 2097152,
                                                        "Original Hash Buckets": 2097152,
                                                        "Hash Batches": 1,
                                                        "Original Hash Batches": 1,
                                                        "Peak Memory Usage": 84832,
                                                        "Plans": [
                                                          {
                                                            "Node Type": "Seq Scan",
                                                            "Parent Relationship": "Outer",
                                                            "Parallel Aware": true,
                                                            "Relation Name": "movie_info_idx",
                                                            "Alias": "mi_idx",
                                                            "Startup Cost": 0.0,
                                                            "Total Cost": 13685.15,
                                                            "Plan Rows": 575015,
                                                            "Plan Width": 14,
                                                            "Actual Startup Time": 0.066,
                                                            "Actual Total Time": 84.769,
                                                            "Actual Rows": 345009,
                                                            "Actual Loops": 4
                                                          }
                                                        ]
                                                      }
                                                    ]
                                                  },
                                                  {
                                                    "Node Type": "Hash",
                                                    "Parent Relationship": "Inner",
                                                    "Parallel Aware": false,
                                                    "Startup Cost": 3129.26,
                                                    "Total Cost": 3129.26,
                                                    "Plan Rows": 5,
                                                    "Plan Width": 4,
                                                    "Actual Startup Time": 33.771,
                                                    "Actual Total Time": 33.772,
                                                    "Actual Rows": 5,
                                                    "Actual Loops": 4,
                                                    "Hash Buckets": 1024,
                                                    "Original Hash Buckets": 1024,
                                                    "Hash Batches": 1,
                                                    "Original Hash Batches": 1,
                                                    "Peak Memory Usage": 9,
                                                    "Plans": [
                                                      {
                                                        "Node Type": "Seq Scan",
                                                        "Parent Relationship": "Outer",
                                                        "Parallel Aware": false,
                                                        "Relation Name": "keyword",
                                                        "Alias": "k",
                                                        "Startup Cost": 0.0,
                                                        "Total Cost": 3129.26,
                                                        "Plan Rows": 5,
                                                        "Plan Width": 4,
                                                        "Actual Startup Time": 1.5,
                                                        "Actual Total Time": 33.738,
                                                        "Actual Rows": 5,
                                                        "Actual Loops": 4,
                                                        "Filter": "(keyword = ANY ('{murder,blood,gore,death,female-nudity}'::text[]))",
                                                        "Rows Removed by Filter": 134165
                                                      }
                                                    ]
                                                  }
                                                ]
                                              }
                                            ]
                                          }
                                        ]
                                      }
                                    ]
                                  }
                                ]
                              }
                            ]
                          }
                        ]
                      },
                      {
                        "Node Type": "Index Scan",
                        "Parent Relationship": "Inner",
                        "Parallel Aware": false,
                        "Scan Direction": "Forward",
                        "Index Name": "movie_id_cast_info",
                        "Relation Name": "cast_info",
                        "Alias": "ci",
                        "Startup Cost": 0.56,
                        "Total Cost": 1.78,
                        "Plan Rows": 1,
                        "Plan Width": 8,
                        "Actual Startup Time": 0.15,
                        "Actual Total Time": 0.18,
                        "Actual Rows": 1,
                        "Actual Loops": 123,
                        "Index Cond": "(movie_id = mk.movie_id)",
                        "Rows Removed by Index Recheck": 0,
                        "Filter": "(note = ANY ('{(writer),\"(head writer)\",\"(written by)\",(story),\"(story editor)\"}'::text[]))",
                        "Rows Removed by Filter": 50
                      }
                    ]
                  }
                ]
              }
            ]
          },
          {
            "Node Type": "Index Scan",
            "Parent Relationship": "Inner",
            "Parallel Aware": false,
            "Scan Direction": "Forward",
            "Index Name": "info_type_pkey",
            "Relation Name": "info_type",
            "Alias": "it2",
            "Startup Cost": 0.14,
            "Total Cost": 0.16,
            "Plan Rows": 1,
            "Plan Width": 4,
            "Actual Startup Time": 0.002,
            "Actual Total Time": 0.002,
            "Actual Rows": 0,
            "Actual Loops": 51,
            "Index Cond": "(id = mi_idx.info_type_id)",
            "Rows Removed by Index Recheck": 0,
            "Filter": "((info)::text = 'votes'::text)",
            "Rows Removed by Filter": 1
          }
        ]
      }
    ]
  },
  "Planning Time": 24.423,
  "Triggers": [],
  "Execution Time": 3276.214
}