[
  {
    "Plan": {
      "Node Type": "Aggregate",
      "Strategy": "Plain",
      "Partial Mode": "Finalize",
      "Parallel Aware": false,
      "Startup Cost": 97164.72,
      "Total Cost": 97164.73,
      "Plan Rows": 1,
      "Plan Width": 8,
      "Actual Startup Time": 801.369,
      "Actual Total Time": 819.701,
      "Actual Rows": 1,
      "Actual Loops": 1,
      "Plans": [
        {
          "Node Type": "Gather",
          "Parent Relationship": "Outer",
          "Parallel Aware": false,
          "Startup Cost": 97164.5,
          "Total Cost": 97164.71,
          "Plan Rows": 2,
          "Plan Width": 8,
          "Actual Startup Time": 793.617,
          "Actual Total Time": 819.693,
          "Actual Rows": 3,
          "Actual Loops": 1,
          "Workers Planned": 2,
          "Workers Launched": 2,
          "Single Copy": false,
          "Plans": [
            {
              "Node Type": "Aggregate",
              "Strategy": "Plain",
              "Partial Mode": "Partial",
              "Parent Relationship": "Outer",
              "Parallel Aware": false,
              "Startup Cost": 96164.5,
              "Total Cost": 96164.51,
              "Plan Rows": 1,
              "Plan Width": 8,
              "Actual Startup Time": 788.617,
              "Actual Total Time": 788.624,
              "Actual Rows": 1,
              "Actual Loops": 3,
              "Plans": [
                {
                  "Node Type": "Hash Join",
                  "Parent Relationship": "Outer",
                  "Parallel Aware": true,
                  "Join Type": "Inner",
                  "Startup Cost": 79894.58,
                  "Total Cost": 95950.27,
                  "Plan Rows": 85695,
                  "Plan Width": 0,
                  "Actual Startup Time": 630.359,
                  "Actual Total Time": 773.827,
                  "Actual Rows": 323656,
                  "Actual Loops": 3,
                  "Inner Unique": false,
                  "Hash Cond": "(mi_idx.movie_id = t.id)",
                  "Plans": [
                    {
                      "Node Type": "Seq Scan",
                      "Parent Relationship": "Outer",
                      "Parallel Aware": true,
                      "Relation Name": "movie_info_idx",
                      "Alias": "mi_idx",
                      "Startup Cost": 0.0,
                      "Total Cost": 13685.15,
                      "Plan Rows": 575015,
                      "Plan Width": 4,
                      "Actual Startup Time": 0.029,
                      "Actual Total Time": 40.985,
                      "Actual Rows": 460012,
                      "Actual Loops": 3
                    },
                    {
                      "Node Type": "Hash",
                      "Parent Relationship": "Inner",
                      "Parallel Aware": true,
                      "Startup Cost": 78717.1,
                      "Total Cost": 78717.1,
                      "Plan Rows": 94198,
                      "Plan Width": 8,
                      "Actual Startup Time": 625.839,
                      "Actual Total Time": 625.844,
                      "Actual Rows": 234134,
                      "Actual Loops": 3,
                      "Hash Buckets": 1048576,
                      "Original Hash Buckets": 524288,
                      "Hash Batches": 1,
                      "Original Hash Batches": 1,
                      "Peak Memory Usage": 39808,
                      "Plans": [
                        {
                          "Node Type": "Hash Join",
                          "Parent Relationship": "Outer",
                          "Parallel Aware": true,
                          "Join Type": "Inner",
                          "Startup Cost": 32934.14,
                          "Total Cost": 78717.1,
                          "Plan Rows": 94198,
                          "Plan Width": 8,
                          "Actual Startup Time": 184.968,
                          "Actual Total Time": 538.798,
                          "Actual Rows": 234134,
                          "Actual Loops": 3,
                          "Inner Unique": false,
                          "Hash Cond": "(t.id = mc.movie_id)",
                          "Plans": [
                            {
                              "Node Type": "Seq Scan",
                              "Parent Relationship": "Outer",
                              "Parallel Aware": true,
                              "Relation Name": "title",
                              "Alias": "t",
                              "Startup Cost": 0.0,
                              "Total Cost": 42318.73,
                              "Plan Rows": 632073,
                              "Plan Width": 4,
                              "Actual Startup Time": 0.013,
                              "Actual Total Time": 103.336,
                              "Actual Rows": 842771,
                              "Actual Loops": 3
                            },
                            {
                              "Node Type": "Hash",
                              "Parent Relationship": "Inner",
                              "Parallel Aware": true,
                              "Startup Cost": 31414.82,
                              "Total Cost": 31414.82,
                              "Plan Rows": 121546,
                              "Plan Width": 4,
                              "Actual Startup Time": 182.856,
                              "Actual Total Time": 182.857,
                              "Actual Rows": 234134,
                              "Actual Loops": 3,
                              "Hash Buckets": 1048576,
                              "Original Hash Buckets": 524288,
                              "Hash Batches": 1,
                              "Original Hash Batches": 1,
                              "Peak Memory Usage": 39808,
                              "Plans": [
                                {
                                  "Node Type": "Seq Scan",
                                  "Parent Relationship": "Outer",
                                  "Parallel Aware": true,
                                  "Relation Name": "movie_companies",
                                  "Alias": "mc",
                                  "Startup Cost": 0.0,
                                  "Total Cost": 31414.82,
                                  "Plan Rows": 121546,
                                  "Plan Width": 4,
                                  "Actual Startup Time": 51.332,
                                  "Actual Total Time": 104.476,
                                  "Actual Rows": 234134,
                                  "Actual Loops": 3,
                                  "Filter": "((company_id > 35884) AND (company_type_id = 2))",
                                  "Rows Removed by Filter": 635575
                                }
                              ]
                            }
                          ]
                        }
                      ]
                    }
                  ]
                }
              ]
            }
          ]
        }
      ]
    },
    "Planning Time": 0.826,
    "Triggers": [],
    "Execution Time": 819.76
  }
]