[
  {
    "Plan": {
      "Node Type": "Aggregate",
      "Strategy": "Plain",
      "Partial Mode": "Finalize",
      "Parallel Aware": false,
      "Startup Cost": 90034.57,
      "Total Cost": 90034.58,
      "Plan Rows": 1,
      "Plan Width": 8,
      "Actual Startup Time": 358.718,
      "Actual Total Time": 375.637,
      "Actual Rows": 1,
      "Actual Loops": 1,
      "Plans": [
        {
          "Node Type": "Gather",
          "Parent Relationship": "Outer",
          "Parallel Aware": false,
          "Startup Cost": 90034.25,
          "Total Cost": 90034.56,
          "Plan Rows": 3,
          "Plan Width": 8,
          "Actual Startup Time": 357.549,
          "Actual Total Time": 375.626,
          "Actual Rows": 4,
          "Actual Loops": 1,
          "Workers Planned": 3,
          "Workers Launched": 3,
          "Single Copy": false,
          "Plans": [
            {
              "Node Type": "Aggregate",
              "Strategy": "Plain",
              "Partial Mode": "Partial",
              "Parent Relationship": "Outer",
              "Parallel Aware": false,
              "Startup Cost": 89034.25,
              "Total Cost": 89034.26,
              "Plan Rows": 1,
              "Plan Width": 8,
              "Actual Startup Time": 348.755,
              "Actual Total Time": 348.759,
              "Actual Rows": 1,
              "Actual Loops": 4,
              "Plans": [
                {
                  "Node Type": "Hash Join",
                  "Parent Relationship": "Outer",
                  "Parallel Aware": true,
                  "Join Type": "Inner",
                  "Startup Cost": 45942.45,
                  "Total Cost": 88820.53,
                  "Plan Rows": 85488,
                  "Plan Width": 0,
                  "Actual Startup Time": 127.214,
                  "Actual Total Time": 338.098,
                  "Actual Rows": 232526,
                  "Actual Loops": 4,
                  "Inner Unique": true,
                  "Hash Cond": "(mk.movie_id = t.id)",
                  "Plans": [
                    {
                      "Node Type": "Seq Scan",
                      "Parent Relationship": "Outer",
                      "Parallel Aware": true,
                      "Relation Name": "movie_keyword",
                      "Alias": "mk",
                      "Startup Cost": 0.0,
                      "Total Cost": 39047.32,
                      "Plan Rows": 1459332,
                      "Plan Width": 4,
                      "Actual Startup Time": 0.013,
                      "Actual Total Time": 90.343,
                      "Actual Rows": 1130982,
                      "Actual Loops": 4
                    },
                    {
                      "Node Type": "Hash",
                      "Parent Relationship": "Inner",
                      "Parallel Aware": true,
                      "Startup Cost": 45479.59,
                      "Total Cost": 45479.59,
                      "Plan Rows": 37029,
                      "Plan Width": 4,
                      "Actual Startup Time": 124.598,
                      "Actual Total Time": 124.599,
                      "Actual Rows": 64512,
                      "Actual Loops": 4,
                      "Hash Buckets": 262144,
                      "Original Hash Buckets": 262144,
                      "Hash Batches": 1,
                      "Original Hash Batches": 1,
                      "Peak Memory Usage": 12224,
                      "Plans": [
                        {
                          "Node Type": "Seq Scan",
                          "Parent Relationship": "Outer",
                          "Parallel Aware": true,
                          "Relation Name": "title",
                          "Alias": "t",
                          "Startup Cost": 0.0,
                          "Total Cost": 45479.59,
                          "Plan Rows": 37029,
                          "Plan Width": 4,
                          "Actual Startup Time": 0.202,
                          "Actual Total Time": 102.026,
                          "Actual Rows": 64512,
                          "Actual Loops": 4,
                          "Filter": "((kind_id < 7) AND (production_year < 1972))",
                          "Rows Removed by Filter": 567566
                        }
                      ]
                    }
                  ]
                }
              ]
            }
          ]
        }
      ]
    },
    "Planning Time": 0.525,
    "Triggers": [],
    "Execution Time": 375.705
  }
]