[
  {
    "Plan": {
      "Node Type": "Aggregate",
      "Strategy": "Plain",
      "Partial Mode": "Finalize",
      "Parallel Aware": false,
      "Startup Cost": 74679.56,
      "Total Cost": 74679.57,
      "Plan Rows": 1,
      "Plan Width": 8,
      "Actual Startup Time": 446.527,
      "Actual Total Time": 465.907,
      "Actual Rows": 1,
      "Actual Loops": 1,
      "Plans": [
        {
          "Node Type": "Gather",
          "Parent Relationship": "Outer",
          "Parallel Aware": false,
          "Startup Cost": 74679.24,
          "Total Cost": 74679.55,
          "Plan Rows": 3,
          "Plan Width": 8,
          "Actual Startup Time": 435.228,
          "Actual Total Time": 465.893,
          "Actual Rows": 4,
          "Actual Loops": 1,
          "Workers Planned": 3,
          "Workers Launched": 3,
          "Single Copy": false,
          "Plans": [
            {
              "Node Type": "Aggregate",
              "Strategy": "Plain",
              "Partial Mode": "Partial",
              "Parent Relationship": "Outer",
              "Parallel Aware": false,
              "Startup Cost": 73679.24,
              "Total Cost": 73679.25,
              "Plan Rows": 1,
              "Plan Width": 8,
              "Actual Startup Time": 421.729,
              "Actual Total Time": 421.733,
              "Actual Rows": 1,
              "Actual Loops": 4,
              "Plans": [
                {
                  "Node Type": "Hash Join",
                  "Parent Relationship": "Outer",
                  "Parallel Aware": true,
                  "Join Type": "Inner",
                  "Startup Cost": 53919.16,
                  "Total Cost": 73541.64,
                  "Plan Rows": 55040,
                  "Plan Width": 0,
                  "Actual Startup Time": 367.619,
                  "Actual Total Time": 419.525,
                  "Actual Rows": 41927,
                  "Actual Loops": 4,
                  "Inner Unique": true,
                  "Hash Cond": "(mc.movie_id = t.id)",
                  "Plans": [
                    {
                      "Node Type": "Bitmap Heap Scan",
                      "Parent Relationship": "Outer",
                      "Parallel Aware": true,
                      "Relation Name": "movie_companies",
                      "Alias": "mc",
                      "Startup Cost": 3698.77,
                      "Total Cost": 23176.78,
                      "Plan Rows": 55040,
                      "Plan Width": 4,
                      "Actual Startup Time": 8.071,
                      "Actual Total Time": 30.418,
                      "Actual Rows": 41927,
                      "Actual Loops": 4,
                      "Recheck Cond": "(company_id < 34)",
                      "Rows Removed by Index Recheck": 0,
                      "Exact Heap Blocks": 4619,
                      "Lossy Heap Blocks": 0,
                      "Plans": [
                        {
                          "Node Type": "Bitmap Index Scan",
                          "Parent Relationship": "Outer",
                          "Parallel Aware": false,
                          "Index Name": "company_id_movie_companies",
                          "Startup Cost": 0.0,
                          "Total Cost": 3656.12,
                          "Plan Rows": 170625,
                          "Plan Width": 0,
                          "Actual Startup Time": 6.265,
                          "Actual Total Time": 6.266,
                          "Actual Rows": 167708,
                          "Actual Loops": 1,
                          "Index Cond": "(company_id < 34)"
                        }
                      ]
                    },
                    {
                      "Node Type": "Hash",
                      "Parent Relationship": "Inner",
                      "Parallel Aware": true,
                      "Startup Cost": 42319.06,
                      "Total Cost": 42319.06,
                      "Plan Rows": 632106,
                      "Plan Width": 4,
                      "Actual Startup Time": 350.797,
                      "Actual Total Time": 350.798,
                      "Actual Rows": 632078,
                      "Actual Loops": 4,
                      "Hash Buckets": 4194304,
                      "Original Hash Buckets": 4194304,
                      "Hash Batches": 1,
                      "Original Hash Batches": 1,
                      "Peak Memory Usage": 131712,
                      "Plans": [
                        {
                          "Node Type": "Seq Scan",
                          "Parent Relationship": "Outer",
                          "Parallel Aware": true,
                          "Relation Name": "title",
                          "Alias": "t",
                          "Startup Cost": 0.0,
                          "Total Cost": 42319.06,
                          "Plan Rows": 632106,
                          "Plan Width": 4,
                          "Actual Startup Time": 0.049,
                          "Actual Total Time": 100.378,
                          "Actual Rows": 632078,
                          "Actual Loops": 4
                        }
                      ]
                    }
                  ]
                }
              ]
            }
          ]
        }
      ]
    },
    "Planning Time": 0.307,
    "Triggers": [],
    "Execution Time": 465.958
  }
]