[
  {
    "Plan": {
      "Node Type": "Aggregate",
      "Strategy": "Plain",
      "Partial Mode": "Finalize",
      "Parallel Aware": false,
      "Startup Cost": 353586.82,
      "Total Cost": 353586.83,
      "Plan Rows": 1,
      "Plan Width": 96,
      "Actual Startup Time": 1494.188,
      "Actual Total Time": 1544.984,
      "Actual Rows": 1,
      "Actual Loops": 1,
      "Plans": [
        {
          "Node Type": "Gather",
          "Parent Relationship": "Outer",
          "Parallel Aware": false,
          "Startup Cost": 353586.38,
          "Total Cost": 353586.79,
          "Plan Rows": 4,
          "Plan Width": 96,
          "Actual Startup Time": 1493.458,
          "Actual Total Time": 1544.961,
          "Actual Rows": 5,
          "Actual Loops": 1,
          "Workers Planned": 4,
          "Workers Launched": 4,
          "Single Copy": false,
          "Plans": [
            {
              "Node Type": "Aggregate",
              "Strategy": "Plain",
              "Partial Mode": "Partial",
              "Parent Relationship": "Outer",
              "Parallel Aware": false,
              "Startup Cost": 352586.38,
              "Total Cost": 352586.39,
              "Plan Rows": 1,
              "Plan Width": 96,
              "Actual Startup Time": 1480.105,
              "Actual Total Time": 1480.169,
              "Actual Rows": 1,
              "Actual Loops": 5,
              "Plans": [
                {
                  "Node Type": "Hash Join",
                  "Parent Relationship": "Outer",
                  "Parallel Aware": false,
                  "Join Type": "Inner",
                  "Startup Cost": 307756.16,
                  "Total Cost": 352586.37,
                  "Plan Rows": 1,
                  "Plan Width": 42,
                  "Actual Startup Time": 1436.864,
                  "Actual Total Time": 1480.12,
                  "Actual Rows": 30,
                  "Actual Loops": 5,
                  "Inner Unique": true,
                  "Hash Cond": "(t.kind_id = kt.id)",
                  "Plans": [
                    {
                      "Node Type": "Hash Join",
                      "Parent Relationship": "Outer",
                      "Parallel Aware": true,
                      "Join Type": "Inner",
                      "Startup Cost": 307755.05,
                      "Total Cost": 352585.26,
                      "Plan Rows": 1,
                      "Plan Width": 46,
                      "Actual Startup Time": 1436.046,
                      "Actual Total Time": 1479.293,
                      "Actual Rows": 32,
                      "Actual Loops": 5,
                      "Inner Unique": false,
                      "Hash Cond": "(t.id = mi.movie_id)",
                      "Plans": [
                        {
                          "Node Type": "Seq Scan",
                          "Parent Relationship": "Outer",
                          "Parallel Aware": true,
                          "Relation Name": "title",
                          "Alias": "t",
                          "Startup Cost": 0.0,
                          "Total Cost": 43898.79,
                          "Plan Rows": 248376,
                          "Plan Width": 25,
                          "Actual Startup Time": 0.02,
                          "Actual Total Time": 169.193,
                          "Actual Rows": 202584,
                          "Actual Loops": 5,
                          "Filter": "(production_year > 2005)",
                          "Rows Removed by Filter": 303078
                        },
                        {
                          "Node Type": "Hash",
                          "Parent Relationship": "Inner",
                          "Parallel Aware": true,
                          "Startup Cost": 307755.04,
                          "Total Cost": 307755.04,
                          "Plan Rows": 1,
                          "Plan Width": 45,
                          "Actual Startup Time": 1292.63,
                          "Actual Total Time": 1292.691,
                          "Actual Rows": 247,
                          "Actual Loops": 5,
                          "Hash Buckets": 1024,
                          "Original Hash Buckets": 1024,
                          "Hash Batches": 1,
                          "Original Hash Batches": 1,
                          "Peak Memory Usage": 168,
                          "Plans": [
                            {
                              "Node Type": "Hash Join",
                              "Parent Relationship": "Outer",
                              "Parallel Aware": false,
                              "Join Type": "Inner",
                              "Startup Cost": 302753.69,
                              "Total Cost": 307755.04,
                              "Plan Rows": 1,
                              "Plan Width": 45,
                              "Actual Startup Time": 1277.519,
                              "Actual Total Time": 1292.491,
                              "Actual Rows": 247,
                              "Actual Loops": 5,
                              "Inner Unique": true,
                              "Hash Cond": "(mc.company_type_id = ct.id)",
                              "Plans": [
                                {
                                  "Node Type": "Hash Join",
                                  "Parent Relationship": "Outer",
                                  "Parallel Aware": true,
                                  "Join Type": "Inner",
                                  "Startup Cost": 302752.6,
                                  "Total Cost": 307753.95,
                                  "Plan Rows": 1,
                                  "Plan Width": 49,
                                  "Actual Startup Time": 1277.399,
                                  "Actual Total Time": 1292.317,
                                  "Actual Rows": 247,
                                  "Actual Loops": 5,
                                  "Inner Unique": false,
                                  "Hash Cond": "(cn.id = mc.company_id)",
                                  "Plans": [
                                    {
                                      "Node Type": "Seq Scan",
                                      "Parent Relationship": "Outer",
                                      "Parallel Aware": true,
                                      "Relation Name": "company_name",
                                      "Alias": "cn",
                                      "Startup Cost": 0.0,
                                      "Total Cost": 4722.92,
                                      "Plan Rows": 74245,
                                      "Plan Width": 23,
                                      "Actual Startup Time": 0.024,
                                      "Actual Total Time": 12.628,
                                      "Actual Rows": 25246,
                                      "Actual Loops": 5,
                                      "Filter": "((country_code)::text <> '[us]'::text)",
                                      "Rows Removed by Filter": 21753
                                    },
                                    {
                                      "Node Type": "Hash",
                                      "Parent Relationship": "Inner",
                                      "Parallel Aware": true,
                                      "Startup Cost": 302752.58,
                                      "Total Cost": 302752.58,
                                      "Plan Rows": 1,
                                      "Plan Width": 34,
                                      "Actual Startup Time": 1277.193,
                                      "Actual Total Time": 1277.241,
                                      "Actual Rows": 254,
                                      "Actual Loops": 5,
                                      "Hash Buckets": 1024,
                                      "Original Hash Buckets": 1024,
                                      "Hash Batches": 1,
                                      "Original Hash Batches": 1,
                                      "Peak Memory Usage": 168,
                                      "Plans": [
                                        {
                                          "Node Type": "Hash Join",
                                          "Parent Relationship": "Outer",
                                          "Parallel Aware": true,
                                          "Join Type": "Inner",
                                          "Startup Cost": 271151.7,
                                          "Total Cost": 302752.58,
                                          "Plan Rows": 1,
                                          "Plan Width": 34,
                                          "Actual Startup Time": 1192.562,
                                          "Actual Total Time": 1277.074,
                                          "Actual Rows": 254,
                                          "Actual Loops": 5,
                                          "Inner Unique": false,
                                          "Hash Cond": "(mc.movie_id = mi.movie_id)",
                                          "Plans": [
                                            {
                                              "Node Type": "Seq Scan",
                                              "Parent Relationship": "Outer",
                                              "Parallel Aware": true,
                                              "Relation Name": "movie_companies",
                                              "Alias": "mc",
                                              "Startup Cost": 0.0,
                                              "Total Cost": 31414.82,
                                              "Plan Rows": 49615,
                                              "Plan Width": 12,
                                              "Actual Startup Time": 0.046,
                                              "Actual Total Time": 99.453,
                                              "Actual Rows": 60654,
                                              "Actual Loops": 5,
                                              "Filter": "((note !~~ '%(USA)%'::text) AND (note ~~ '%(200%)%'::text))",
                                              "Rows Removed by Filter": 461172
                                            },
                                            {
                                              "Node Type": "Hash",
                                              "Parent Relationship": "Inner",
                                              "Parallel Aware": true,
                                              "Startup Cost": 271151.69,
                                              "Total Cost": 271151.69,
                                              "Plan Rows": 1,
                                              "Plan Width": 22,
                                              "Actual Startup Time": 1173.114,
                                              "Actual Total Time": 1173.158,
                                              "Actual Rows": 21,
                                              "Actual Loops": 5,
                                              "Hash Buckets": 1024,
                                              "Original Hash Buckets": 1024,
                                              "Hash Batches": 1,
                                              "Original Hash Batches": 1,
                                              "Peak Memory Usage": 168,
                                              "Plans": [
                                                {
                                                  "Node Type": "Hash Join",
                                                  "Parent Relationship": "Outer",
                                                  "Parallel Aware": false,
                                                  "Join Type": "Inner",
                                                  "Startup Cost": 64560.27,
                                                  "Total Cost": 271151.69,
                                                  "Plan Rows": 1,
                                                  "Plan Width": 22,
                                                  "Actual Startup Time": 1072.289,
                                                  "Actual Total Time": 1173.025,
                                                  "Actual Rows": 21,
                                                  "Actual Loops": 5,
                                                  "Inner Unique": true,
                                                  "Hash Cond": "(cc.status_id = cct2.id)",
                                                  "Plans": [
                                                    {
                                                      "Node Type": "Hash Join",
                                                      "Parent Relationship": "Outer",
                                                      "Parallel Aware": true,
                                                      "Join Type": "Inner",
                                                      "Startup Cost": 64559.19,
                                                      "Total Cost": 271150.6,
                                                      "Plan Rows": 1,
                                                      "Plan Width": 26,
                                                      "Actual Startup Time": 1071.95,
                                                      "Actual Total Time": 1172.899,
                                                      "Actual Rows": 28,
                                                      "Actual Loops": 5,
                                                      "Inner Unique": false,
                                                      "Hash Cond": "(mi.movie_id = mk.movie_id)",
                                                      "Plans": [
                                                        {
                                                          "Node Type": "Hash Join",
                                                          "Parent Relationship": "Outer",
                                                          "Parallel Aware": false,
                                                          "Join Type": "Inner",
                                                          "Startup Cost": 2.43,
                                                          "Total Cost": 206592.92,
                                                          "Plan Rows": 242,
                                                          "Plan Width": 4,
                                                          "Actual Startup Time": 620.294,
                                                          "Actual Total Time": 732.331,
                                                          "Actual Rows": 11823,
                                                          "Actual Loops": 5,
                                                          "Inner Unique": true,
                                                          "Hash Cond": "(mi.info_type_id = it1.id)",
                                                          "Plans": [
                                                            {
                                                              "Node Type": "Seq Scan",
                                                              "Parent Relationship": "Outer",
                                                              "Parallel Aware": true,
                                                              "Relation Name": "movie_info",
                                                              "Alias": "mi",
                                                              "Startup Cost": 0.0,
                                                              "Total Cost": 206515.92,
                                                              "Plan Rows": 27385,
                                                              "Plan Width": 8,
                                                              "Actual Startup Time": 0.315,
                                                              "Actual Total Time": 729.023,
                                                              "Actual Rows": 26848,
                                                              "Actual Loops": 5,
                                                              "Filter": "(info = ANY ('{Sweden,Germany,Swedish,German}'::text[]))",
                                                              "Rows Removed by Filter": 2940296
                                                            },
                                                            {
                                                              "Node Type": "Hash",
                                                              "Parent Relationship": "Inner",
                                                              "Parallel Aware": false,
                                                              "Startup Cost": 2.41,
                                                              "Total Cost": 2.41,
                                                              "Plan Rows": 1,
                                                              "Plan Width": 4,
                                                              "Actual Startup Time": 0.032,
                                                              "Actual Total Time": 0.036,
                                                              "Actual Rows": 1,
                                                              "Actual Loops": 5,
                                                              "Hash Buckets": 1024,
                                                              "Original Hash Buckets": 1024,
                                                              "Hash Batches": 1,
                                                              "Original Hash Batches": 1,
                                                              "Peak Memory Usage": 9,
                                                              "Plans": [
                                                                {
                                                                  "Node Type": "Seq Scan",
                                                                  "Parent Relationship": "Outer",
                                                                  "Parallel Aware": false,
                                                                  "Relation Name": "info_type",
                                                                  "Alias": "it1",
                                                                  "Startup Cost": 0.0,
                                                                  "Total Cost": 2.41,
                                                                  "Plan Rows": 1,
                                                                  "Plan Width": 4,
                                                                  "Actual Startup Time": 0.016,
                                                                  "Actual Total Time": 0.022,
                                                                  "Actual Rows": 1,
                                                                  "Actual Loops": 5,
                                                                  "Filter": "((info)::text = 'countries'::text)",
                                                                  "Rows Removed by Filter": 112
                                                                }
                                                              ]
                                                            }
                                                          ]
                                                        },
                                                        {
                                                          "Node Type": "Hash",
                                                          "Parent Relationship": "Inner",
                                                          "Parallel Aware": true,
                                                          "Startup Cost": 64556.75,
                                                          "Total Cost": 64556.75,
                                                          "Plan Rows": 1,
                                                          "Plan Width": 22,
                                                          "Actual Startup Time": 438.923,
                                                          "Actual Total Time": 438.947,
                                                          "Actual Rows": 608,
                                                          "Actual Loops": 5,
                                                          "Hash Buckets": 4096,
                                                          "Original Hash Buckets": 1024,
                                                          "Hash Batches": 1,
                                                          "Original Hash Batches": 1,
                                                          "Peak Memory Usage": 280,
                                                          "Plans": [
                                                            {
                                                              "Node Type": "Hash Join",
                                                              "Parent Relationship": "Outer",
                                                              "Parallel Aware": true,
                                                              "Join Type": "Inner",
                                                              "Startup Cost": 49078.11,
                                                              "Total Cost": 64556.75,
                                                              "Plan Rows": 1,
                                                              "Plan Width": 22,
                                                              "Actual Startup Time": 377.077,
                                                              "Actual Total Time": 437.23,
                                                              "Actual Rows": 608,
                                                              "Actual Loops": 5,
                                                              "Inner Unique": false,
                                                              "Hash Cond": "(mi_idx.movie_id = mk.movie_id)",
                                                              "Plans": [
                                                                {
                                                                  "Node Type": "Hash Join",
                                                                  "Parent Relationship": "Outer",
                                                                  "Parallel Aware": false,
                                                                  "Join Type": "Inner",
                                                                  "Startup Cost": 2.43,
                                                                  "Total Cost": 15476.78,
                                                                  "Plan Rows": 1142,
                                                                  "Plan Width": 10,
                                                                  "Actual Startup Time": 0.234,
                                                                  "Actual Total Time": 55.827,
                                                                  "Actual Rows": 38983,
                                                                  "Actual Loops": 5,
                                                                  "Inner Unique": true,
                                                                  "Hash Cond": "(mi_idx.info_type_id = it2.id)",
                                                                  "Plans": [
                                                                    {
                                                                      "Node Type": "Seq Scan",
                                                                      "Parent Relationship": "Outer",
                                                                      "Parallel Aware": true,
                                                                      "Relation Name": "movie_info_idx",
                                                                      "Alias": "mi_idx",
                                                                      "Startup Cost": 0.0,
                                                                      "Total Cost": 15122.68,
                                                                      "Plan Rows": 129125,
                                                                      "Plan Width": 14,
                                                                      "Actual Startup Time": 0.052,
                                                                      "Actual Total Time": 47.021,
                                                                      "Actual Rows": 61653,
                                                                      "Actual Loops": 5,
                                                                      "Filter": "(info > '6.5'::text)",
                                                                      "Rows Removed by Filter": 214354
                                                                    },
                                                                    {
                                                                      "Node Type": "Hash",
                                                                      "Parent Relationship": "Inner",
                                                                      "Parallel Aware": false,
                                                                      "Startup Cost": 2.41,
                                                                      "Total Cost": 2.41,
                                                                      "Plan Rows": 1,
                                                                      "Plan Width": 4,
                                                                      "Actual Startup Time": 0.1,
                                                                      "Actual Total Time": 0.103,
                                                                      "Actual Rows": 1,
                                                                      "Actual Loops": 5,
                                                                      "Hash Buckets": 1024,
                                                                      "Original Hash Buckets": 1024,
                                                                      "Hash Batches": 1,
                                                                      "Original Hash Batches": 1,
                                                                      "Peak Memory Usage": 9,
                                                                      "Plans": [
                                                                        {
                                                                          "Node Type": "Seq Scan",
                                                                          "Parent Relationship": "Outer",
                                                                          "Parallel Aware": false,
                                                                          "Relation Name": "info_type",
                                                                          "Alias": "it2",
                                                                          "Startup Cost": 0.0,
                                                                          "Total Cost": 2.41,
                                                                          "Plan Rows": 1,
                                                                          "Plan Width": 4,
                                                                          "Actual Startup Time": 0.077,
                                                                          "Actual Total Time": 0.088,
                                                                          "Actual Rows": 1,
                                                                          "Actual Loops": 5,
                                                                          "Filter": "((info)::text = 'rating'::text)",
                                                                          "Rows Removed by Filter": 112
                                                                        }
                                                                      ]
                                                                    }
                                                                  ]
                                                                },
                                                                {
                                                                  "Node Type": "Hash",
                                                                  "Parent Relationship": "Inner",
                                                                  "Parallel Aware": true,
                                                                  "Startup Cost": 49075.49,
                                                                  "Total Cost": 49075.49,
                                                                  "Plan Rows": 15,
                                                                  "Plan Width": 12,
                                                                  "Actual Startup Time": 375.791,
                                                                  "Actual Total Time": 375.805,
                                                                  "Actual Rows": 1243,
                                                                  "Actual Loops": 5,
                                                                  "Hash Buckets": 8192,
                                                                  "Original Hash Buckets": 1024,
                                                                  "Hash Batches": 1,
                                                                  "Original Hash Batches": 1,
                                                                  "Peak Memory Usage": 536,
                                                                  "Plans": [
                                                                    {
                                                                      "Node Type": "Hash Join",
                                                                      "Parent Relationship": "Outer",
                                                                      "Parallel Aware": false,
                                                                      "Join Type": "Inner",
                                                                      "Startup Cost": 6196.99,
                                                                      "Total Cost": 49075.49,
                                                                      "Plan Rows": 15,
                                                                      "Plan Width": 12,
                                                                      "Actual Startup Time": 73.322,
                                                                      "Actual Total Time": 251.096,
                                                                      "Actual Rows": 1243,
                                                                      "Actual Loops": 5,
                                                                      "Inner Unique": false,
                                                                      "Hash Cond": "(mk.movie_id = cc.movie_id)",
                                                                      "Plans": [
                                                                        {
                                                                          "Node Type": "Hash Join",
                                                                          "Parent Relationship": "Outer",
                                                                          "Parallel Aware": false,
                                                                          "Join Type": "Inner",
                                                                          "Startup Cost": 2961.6,
                                                                          "Total Cost": 45839.79,
                                                                          "Plan Rows": 44,
                                                                          "Plan Width": 4,
                                                                          "Actual Startup Time": 22.712,
                                                                          "Actual Total Time": 198.462,
                                                                          "Actual Rows": 7418,
                                                                          "Actual Loops": 5,
                                                                          "Inner Unique": true,
                                                                          "Hash Cond": "(mk.keyword_id = k.id)",
                                                                          "Plans": [
                                                                            {
                                                                              "Node Type": "Seq Scan",
                                                                              "Parent Relationship": "Outer",
                                                                              "Parallel Aware": true,
                                                                              "Relation Name": "movie_keyword",
                                                                              "Alias": "mk",
                                                                              "Startup Cost": 0.0,
                                                                              "Total Cost": 39047.32,
                                                                              "Plan Rows": 1459332,
                                                                              "Plan Width": 8,
                                                                              "Actual Startup Time": 0.03,
                                                                              "Actual Total Time": 111.647,
                                                                              "Actual Rows": 904786,
                                                                              "Actual Loops": 5
                                                                            },
                                                                            {
                                                                              "Node Type": "Hash",
                                                                              "Parent Relationship": "Inner",
                                                                              "Parallel Aware": false,
                                                                              "Startup Cost": 2961.55,
                                                                              "Total Cost": 2961.55,
                                                                              "Plan Rows": 4,
                                                                              "Plan Width": 4,
                                                                              "Actual Startup Time": 22.513,
                                                                              "Actual Total Time": 22.516,
                                                                              "Actual Rows": 3,
                                                                              "Actual Loops": 5,
                                                                              "Hash Buckets": 1024,
                                                                              "Original Hash Buckets": 1024,
                                                                              "Hash Batches": 1,
                                                                              "Original Hash Batches": 1,
                                                                              "Peak Memory Usage": 9,
                                                                              "Plans": [
                                                                                {
                                                                                  "Node Type": "Seq Scan",
                                                                                  "Parent Relationship": "Outer",
                                                                                  "Parallel Aware": false,
                                                                                  "Relation Name": "keyword",
                                                                                  "Alias": "k",
                                                                                  "Startup Cost": 0.0,
                                                                                  "Total Cost": 2961.55,
                                                                                  "Plan Rows": 4,
                                                                                  "Plan Width": 4,
                                                                                  "Actual Startup Time": 1.088,
                                                                                  "Actual Total Time": 22.505,
                                                                                  "Actual Rows": 3,
                                                                                  "Actual Loops": 5,
                                                                                  "Filter": "(keyword = ANY ('{murder,murder-in-title,blood,violence}'::text[]))",
                                                                                  "Rows Removed by Filter": 134167
                                                                                }
                                                                              ]
                                                                            }
                                                                          ]
                                                                        },
                                                                        {
                                                                          "Node Type": "Hash",
                                                                          "Parent Relationship": "Inner",
                                                                          "Parallel Aware": false,
                                                                          "Startup Cost": 2813.24,
                                                                          "Total Cost": 2813.24,
                                                                          "Plan Rows": 33772,
                                                                          "Plan Width": 8,
                                                                          "Actual Startup Time": 48.865,
                                                                          "Actual Total Time": 48.871,
                                                                          "Actual Rows": 49145,
                                                                          "Actual Loops": 5,
                                                                          "Hash Buckets": 65536,
                                                                          "Original Hash Buckets": 65536,
                                                                          "Hash Batches": 1,
                                                                          "Original Hash Batches": 1,
                                                                          "Peak Memory Usage": 2432,
                                                                          "Plans": [
                                                                            {
                                                                              "Node Type": "Hash Join",
                                                                              "Parent Relationship": "Outer",
                                                                              "Parallel Aware": false,
                                                                              "Join Type": "Inner",
                                                                              "Startup Cost": 1.06,
                                                                              "Total Cost": 2813.24,
                                                                              "Plan Rows": 33772,
                                                                              "Plan Width": 8,
                                                                              "Actual Startup Time": 26.48,
                                                                              "Actual Total Time": 39.977,
                                                                              "Actual Rows": 49145,
                                                                              "Actual Loops": 5,
                                                                              "Inner Unique": true,
                                                                              "Hash Cond": "(cc.subject_id = cct1.id)",
                                                                              "Plans": [
                                                                                {
                                                                                  "Node Type": "Seq Scan",
                                                                                  "Parent Relationship": "Outer",
                                                                                  "Parallel Aware": false,
                                                                                  "Relation Name": "complete_cast",
                                                                                  "Alias": "cc",
                                                                                  "Startup Cost": 0.0,
                                                                                  "Total Cost": 2081.86,
                                                                                  "Plan Rows": 135086,
                                                                                  "Plan Width": 12,
                                                                                  "Actual Startup Time": 0.051,
                                                                                  "Actual Total Time": 22.223,
                                                                                  "Actual Rows": 135086,
                                                                                  "Actual Loops": 5
                                                                                },
                                                                                {
                                                                                  "Node Type": "Hash",
                                                                                  "Parent Relationship": "Inner",
                                                                                  "Parallel Aware": false,
                                                                                  "Startup Cost": 1.05,
                                                                                  "Total Cost": 1.05,
                                                                                  "Plan Rows": 1,
                                                                                  "Plan Width": 4,
                                                                                  "Actual Startup Time": 0.026,
                                                                                  "Actual Total Time": 0.029,
                                                                                  "Actual Rows": 1,
                                                                                  "Actual Loops": 5,
                                                                                  "Hash Buckets": 1024,
                                                                                  "Original Hash Buckets": 1024,
                                                                                  "Hash Batches": 1,
                                                                                  "Original Hash Batches": 1,
                                                                                  "Peak Memory Usage": 9,
                                                                                  "Plans": [
                                                                                    {
                                                                                      "Node Type": "Seq Scan",
                                                                                      "Parent Relationship": "Outer",
                                                                                      "Parallel Aware": false,
                                                                                      "Relation Name": "comp_cast_type",
                                                                                      "Alias": "cct1",
                                                                                      "Startup Cost": 0.0,
                                                                                      "Total Cost": 1.05,
                                                                                      "Plan Rows": 1,
                                                                                      "Plan Width": 4,
                                                                                      "Actual Startup Time": 0.01,
                                                                                      "Actual Total Time": 0.014,
                                                                                      "Actual Rows": 1,
                                                                                      "Actual Loops": 5,
                                                                                      "Filter": "((kind)::text = 'crew'::text)",
                                                                                      "Rows Removed by Filter": 3
                                                                                    }
                                                                                  ]
                                                                                }
                                                                              ]
                                                                            }
                                                                          ]
                                                                        }
                                                                      ]
                                                                    }
                                                                  ]
                                                                }
                                                              ]
                                                            }
                                                          ]
                                                        }
                                                      ]
                                                    },
                                                    {
                                                      "Node Type": "Hash",
                                                      "Parent Relationship": "Inner",
                                                      "Parallel Aware": false,
                                                      "Startup Cost": 1.05,
                                                      "Total Cost": 1.05,
                                                      "Plan Rows": 3,
                                                      "Plan Width": 4,
                                                      "Actual Startup Time": 0.059,
                                                      "Actual Total Time": 0.062,
                                                      "Actual Rows": 3,
                                                      "Actual Loops": 5,
                                                      "Hash Buckets": 1024,
                                                      "Original Hash Buckets": 1024,
                                                      "Hash Batches": 1,
                                                      "Original Hash Batches": 1,
                                                      "Peak Memory Usage": 9,
                                                      "Plans": [
                                                        {
                                                          "Node Type": "Seq Scan",
                                                          "Parent Relationship": "Outer",
                                                          "Parallel Aware": false,
                                                          "Relation Name": "comp_cast_type",
                                                          "Alias": "cct2",
                                                          "Startup Cost": 0.0,
                                                          "Total Cost": 1.05,
                                                          "Plan Rows": 3,
                                                          "Plan Width": 4,
                                                          "Actual Startup Time": 0.045,
                                                          "Actual Total Time": 0.048,
                                                          "Actual Rows": 3,
                                                          "Actual Loops": 5,
                                                          "Filter": "((kind)::text <> 'complete+verified'::text)",
                                                          "Rows Removed by Filter": 1
                                                        }
                                                      ]
                                                    }
                                                  ]
                                                }
                                              ]
                                            }
                                          ]
                                        }
                                      ]
                                    }
                                  ]
                                },
                                {
                                  "Node Type": "Hash",
                                  "Parent Relationship": "Inner",
                                  "Parallel Aware": false,
                                  "Startup Cost": 1.04,
                                  "Total Cost": 1.04,
                                  "Plan Rows": 4,
                                  "Plan Width": 4,
                                  "Actual Startup Time": 0.071,
                                  "Actual Total Time": 0.073,
                                  "Actual Rows": 4,
                                  "Actual Loops": 5,
                                  "Hash Buckets": 1024,
                                  "Original Hash Buckets": 1024,
                                  "Hash Batches": 1,
                                  "Original Hash Batches": 1,
                                  "Peak Memory Usage": 9,
                                  "Plans": [
                                    {
                                      "Node Type": "Seq Scan",
                                      "Parent Relationship": "Outer",
                                      "Parallel Aware": false,
                                      "Relation Name": "company_type",
                                      "Alias": "ct",
                                      "Startup Cost": 0.0,
                                      "Total Cost": 1.04,
                                      "Plan Rows": 4,
                                      "Plan Width": 4,
                                      "Actual Startup Time": 0.056,
                                      "Actual Total Time": 0.059,
                                      "Actual Rows": 4,
                                      "Actual Loops": 5
                                    }
                                  ]
                                }
                              ]
                            }
                          ]
                        }
                      ]
                    },
                    {
                      "Node Type": "Hash",
                      "Parent Relationship": "Inner",
                      "Parallel Aware": false,
                      "Startup Cost": 1.09,
                      "Total Cost": 1.09,
                      "Plan Rows": 2,
                      "Plan Width": 4,
                      "Actual Startup Time": 0.106,
                      "Actual Total Time": 0.107,
                      "Actual Rows": 2,
                      "Actual Loops": 5,
                      "Hash Buckets": 1024,
                      "Original Hash Buckets": 1024,
                      "Hash Batches": 1,
                      "Original Hash Batches": 1,
                      "Peak Memory Usage": 9,
                      "Plans": [
                        {
                          "Node Type": "Seq Scan",
                          "Parent Relationship": "Outer",
                          "Parallel Aware": false,
                          "Relation Name": "kind_type",
                          "Alias": "kt",
                          "Startup Cost": 0.0,
                          "Total Cost": 1.09,
                          "Plan Rows": 2,
                          "Plan Width": 4,
                          "Actual Startup Time": 0.067,
                          "Actual Total Time": 0.073,
                          "Actual Rows": 2,
                          "Actual Loops": 5,
                          "Filter": "((kind)::text = ANY ('{movie,episode}'::text[]))",
                          "Rows Removed by Filter": 5
                        }
                      ]
                    }
                  ]
                }
              ]
            }
          ]
        }
      ]
    },
    "Planning Time": 254.444,
    "Triggers": [],
    "Execution Time": 1545.814
  }
]