[
  {
    "Plan": {
      "Node Type": "Aggregate",
      "Strategy": "Plain",
      "Partial Mode": "Finalize",
      "Parallel Aware": false,
      "Startup Cost": 37536.6,
      "Total Cost": 37536.61,
      "Plan Rows": 1,
      "Plan Width": 8,
      "Actual Startup Time": 142.098,
      "Actual Total Time": 151.496,
      "Actual Rows": 1,
      "Actual Loops": 1,
      "Plans": [
        {
          "Node Type": "Gather",
          "Parent Relationship": "Outer",
          "Parallel Aware": false,
          "Startup Cost": 37536.28,
          "Total Cost": 37536.59,
          "Plan Rows": 3,
          "Plan Width": 8,
          "Actual Startup Time": 141.735,
          "Actual Total Time": 151.484,
          "Actual Rows": 4,
          "Actual Loops": 1,
          "Workers Planned": 3,
          "Workers Launched": 3,
          "Single Copy": false,
          "Plans": [
            {
              "Node Type": "Aggregate",
              "Strategy": "Plain",
              "Partial Mode": "Partial",
              "Parent Relationship": "Outer",
              "Parallel Aware": false,
              "Startup Cost": 36536.28,
              "Total Cost": 36536.29,
              "Plan Rows": 1,
              "Plan Width": 8,
              "Actual Startup Time": 132.575,
              "Actual Total Time": 132.577,
              "Actual Rows": 1,
              "Actual Loops": 4,
              "Plans": [
                {
                  "Node Type": "Bitmap Heap Scan",
                  "Parent Relationship": "Outer",
                  "Parallel Aware": true,
                  "Relation Name": "movie_keyword",
                  "Alias": "mk",
                  "Startup Cost": 9838.39,
                  "Total Cost": 36162.3,
                  "Plan Rows": 149593,
                  "Plan Width": 0,
                  "Actual Startup Time": 47.674,
                  "Actual Total Time": 124.599,
                  "Actual Rows": 114868,
                  "Actual Loops": 4,
                  "Recheck Cond": "(keyword_id > 38632)",
                  "Rows Removed by Index Recheck": 0,
                  "Exact Heap Blocks": 8190,
                  "Lossy Heap Blocks": 0,
                  "Plans": [
                    {
                      "Node Type": "Bitmap Index Scan",
                      "Parent Relationship": "Outer",
                      "Parallel Aware": false,
                      "Index Name": "keyword_id_movie_keyword",
                      "Startup Cost": 0.0,
                      "Total Cost": 9722.46,
                      "Plan Rows": 463737,
                      "Plan Width": 0,
                      "Actual Startup Time": 50.671,
                      "Actual Total Time": 50.672,
                      "Actual Rows": 459473,
                      "Actual Loops": 1,
                      "Index Cond": "(keyword_id > 38632)"
                    }
                  ]
                }
              ]
            }
          ]
        }
      ]
    },
    "Planning Time": 0.211,
    "Triggers": [],
    "Execution Time": 151.567
  }
]