[
  {
    "Plan": {
      "Node Type": "Aggregate",
      "Strategy": "Plain",
      "Partial Mode": "Finalize",
      "Parallel Aware": false,
      "Startup Cost": 37716.09,
      "Total Cost": 37716.1,
      "Plan Rows": 1,
      "Plan Width": 8,
      "Actual Startup Time": 138.084,
      "Actual Total Time": 144.664,
      "Actual Rows": 1,
      "Actual Loops": 1,
      "Plans": [
        {
          "Node Type": "Gather",
          "Parent Relationship": "Outer",
          "Parallel Aware": false,
          "Startup Cost": 37715.78,
          "Total Cost": 37716.09,
          "Plan Rows": 3,
          "Plan Width": 8,
          "Actual Startup Time": 137.835,
          "Actual Total Time": 144.648,
          "Actual Rows": 4,
          "Actual Loops": 1,
          "Workers Planned": 3,
          "Workers Launched": 3,
          "Single Copy": false,
          "Plans": [
            {
              "Node Type": "Aggregate",
              "Strategy": "Plain",
              "Partial Mode": "Partial",
              "Parent Relationship": "Outer",
              "Parallel Aware": false,
              "Startup Cost": 36715.78,
              "Total Cost": 36715.79,
              "Plan Rows": 1,
              "Plan Width": 8,
              "Actual Startup Time": 130.373,
              "Actual Total Time": 130.374,
              "Actual Rows": 1,
              "Actual Loops": 4,
              "Plans": [
                {
                  "Node Type": "Bitmap Heap Scan",
                  "Parent Relationship": "Outer",
                  "Parallel Aware": true,
                  "Relation Name": "movie_keyword",
                  "Alias": "mk",
                  "Startup Cost": 9984.26,
                  "Total Cost": 36336.19,
                  "Plan Rows": 151835,
                  "Plan Width": 0,
                  "Actual Startup Time": 50.2,
                  "Actual Total Time": 121.66,
                  "Actual Rows": 114868,
                  "Actual Loops": 4,
                  "Recheck Cond": "(keyword_id > 38632)",
                  "Rows Removed by Index Recheck": 0,
                  "Exact Heap Blocks": 8853,
                  "Lossy Heap Blocks": 0,
                  "Plans": [
                    {
                      "Node Type": "Bitmap Index Scan",
                      "Parent Relationship": "Outer",
                      "Parallel Aware": false,
                      "Index Name": "keyword_id_movie_keyword",
                      "Startup Cost": 0.0,
                      "Total Cost": 9866.59,
                      "Plan Rows": 470687,
                      "Plan Width": 0,
                      "Actual Startup Time": 51.249,
                      "Actual Total Time": 51.25,
                      "Actual Rows": 459473,
                      "Actual Loops": 1,
                      "Index Cond": "(keyword_id > 38632)"
                    }
                  ]
                }
              ]
            }
          ]
        }
      ]
    },
    "Planning Time": 0.179,
    "Triggers": [],
    "Execution Time": 144.742
  }
]