[
  {
    "Plan": {
      "Node Type": "Aggregate",
      "Strategy": "Plain",
      "Partial Mode": "Finalize",
      "Parallel Aware": false,
      "Startup Cost": 51351.01,
      "Total Cost": 51351.02,
      "Plan Rows": 1,
      "Plan Width": 8,
      "Actual Startup Time": 86.285,
      "Actual Total Time": 97.949,
      "Actual Rows": 1,
      "Actual Loops": 1,
      "Plans": [
        {
          "Node Type": "Gather",
          "Parent Relationship": "Outer",
          "Parallel Aware": false,
          "Startup Cost": 51350.59,
          "Total Cost": 51351.0,
          "Plan Rows": 4,
          "Plan Width": 8,
          "Actual Startup Time": 86.107,
          "Actual Total Time": 97.938,
          "Actual Rows": 5,
          "Actual Loops": 1,
          "Workers Planned": 4,
          "Workers Launched": 4,
          "Single Copy": false,
          "Plans": [
            {
              "Node Type": "Aggregate",
              "Strategy": "Plain",
              "Partial Mode": "Partial",
              "Parent Relationship": "Outer",
              "Parallel Aware": false,
              "Startup Cost": 50350.59,
              "Total Cost": 50350.6,
              "Plan Rows": 1,
              "Plan Width": 8,
              "Actual Startup Time": 79.34,
              "Actual Total Time": 79.343,
              "Actual Rows": 1,
              "Actual Loops": 5,
              "Plans": [
                {
                  "Node Type": "Nested Loop",
                  "Parent Relationship": "Outer",
                  "Parallel Aware": false,
                  "Join Type": "Inner",
                  "Startup Cost": 0.43,
                  "Total Cost": 50350.14,
                  "Plan Rows": 181,
                  "Plan Width": 0,
                  "Actual Startup Time": 68.647,
                  "Actual Total Time": 79.334,
                  "Actual Rows": 0,
                  "Actual Loops": 5,
                  "Inner Unique": false,
                  "Plans": [
                    {
                      "Node Type": "Seq Scan",
                      "Parent Relationship": "Outer",
                      "Parallel Aware": true,
                      "Relation Name": "title",
                      "Alias": "t",
                      "Startup Cost": 0.0,
                      "Total Cost": 45479.59,
                      "Plan Rows": 534,
                      "Plan Width": 4,
                      "Actual Startup Time": 4.527,
                      "Actual Total Time": 78.784,
                      "Actual Rows": 27,
                      "Actual Loops": 5,
                      "Filter": "((production_year > 2013) AND (kind_id = 7))",
                      "Rows Removed by Filter": 505635
                    },
                    {
                      "Node Type": "Index Scan",
                      "Parent Relationship": "Inner",
                      "Parallel Aware": false,
                      "Scan Direction": "Forward",
                      "Index Name": "movie_id_movie_keyword",
                      "Relation Name": "movie_keyword",
                      "Alias": "mk",
                      "Startup Cost": 0.43,
                      "Total Cost": 9.03,
                      "Plan Rows": 9,
                      "Plan Width": 4,
                      "Actual Startup Time": 0.019,
                      "Actual Total Time": 0.019,
                      "Actual Rows": 0,
                      "Actual Loops": 137,
                      "Index Cond": "(movie_id = t.id)",
                      "Rows Removed by Index Recheck": 0,
                      "Filter": "(keyword_id < 816)",
                      "Rows Removed by Filter": 0
                    }
                  ]
                }
              ]
            }
          ]
        }
      ]
    },
    "Planning Time": 0.239,
    "Triggers": [],
    "Execution Time": 97.984
  }
]