[
  {
    "Plan": {
      "Node Type": "Aggregate",
      "Strategy": "Plain",
      "Partial Mode": "Finalize",
      "Parallel Aware": false,
      "Startup Cost": 50553.88,
      "Total Cost": 50553.89,
      "Plan Rows": 1,
      "Plan Width": 8,
      "Actual Startup Time": 94.311,
      "Actual Total Time": 106.68,
      "Actual Rows": 1,
      "Actual Loops": 1,
      "Plans": [
        {
          "Node Type": "Gather",
          "Parent Relationship": "Outer",
          "Parallel Aware": false,
          "Startup Cost": 50553.46,
          "Total Cost": 50553.87,
          "Plan Rows": 4,
          "Plan Width": 8,
          "Actual Startup Time": 94.198,
          "Actual Total Time": 106.67,
          "Actual Rows": 5,
          "Actual Loops": 1,
          "Workers Planned": 4,
          "Workers Launched": 4,
          "Single Copy": false,
          "Plans": [
            {
              "Node Type": "Aggregate",
              "Strategy": "Plain",
              "Partial Mode": "Partial",
              "Parent Relationship": "Outer",
              "Parallel Aware": false,
              "Startup Cost": 49553.46,
              "Total Cost": 49553.47,
              "Plan Rows": 1,
              "Plan Width": 8,
              "Actual Startup Time": 84.666,
              "Actual Total Time": 84.667,
              "Actual Rows": 1,
              "Actual Loops": 5,
              "Plans": [
                {
                  "Node Type": "Nested Loop",
                  "Parent Relationship": "Outer",
                  "Parallel Aware": false,
                  "Join Type": "Inner",
                  "Startup Cost": 0.43,
                  "Total Cost": 49553.09,
                  "Plan Rows": 149,
                  "Plan Width": 0,
                  "Actual Startup Time": 75.113,
                  "Actual Total Time": 84.661,
                  "Actual Rows": 0,
                  "Actual Loops": 5,
                  "Inner Unique": false,
                  "Plans": [
                    {
                      "Node Type": "Seq Scan",
                      "Parent Relationship": "Outer",
                      "Parallel Aware": true,
                      "Relation Name": "title",
                      "Alias": "t",
                      "Startup Cost": 0.0,
                      "Total Cost": 45479.1,
                      "Plan Rows": 444,
                      "Plan Width": 4,
                      "Actual Startup Time": 3.056,
                      "Actual Total Time": 84.138,
                      "Actual Rows": 27,
                      "Actual Loops": 5,
                      "Filter": "((production_year > 2013) AND (kind_id = 7))",
                      "Rows Removed by Filter": 505635
                    },
                    {
                      "Node Type": "Index Scan",
                      "Parent Relationship": "Inner",
                      "Parallel Aware": false,
                      "Scan Direction": "Forward",
                      "Index Name": "movie_id_movie_keyword",
                      "Relation Name": "movie_keyword",
                      "Alias": "mk",
                      "Startup Cost": 0.43,
                      "Total Cost": 9.09,
                      "Plan Rows": 9,
                      "Plan Width": 4,
                      "Actual Startup Time": 0.017,
                      "Actual Total Time": 0.017,
                      "Actual Rows": 0,
                      "Actual Loops": 137,
                      "Index Cond": "(movie_id = t.id)",
                      "Rows Removed by Index Recheck": 0,
                      "Filter": "(keyword_id < 816)",
                      "Rows Removed by Filter": 0
                    }
                  ]
                }
              ]
            }
          ]
        }
      ]
    },
    "Planning Time": 0.658,
    "Triggers": [],
    "Execution Time": 106.754
  }
]