[
  {
    "Plan": {
      "Node Type": "Aggregate",
      "Strategy": "Plain",
      "Partial Mode": "Finalize",
      "Parallel Aware": false,
      "Startup Cost": 30809.15,
      "Total Cost": 30809.16,
      "Plan Rows": 1,
      "Plan Width": 8,
      "Actual Startup Time": 102.941,
      "Actual Total Time": 111.502,
      "Actual Rows": 1,
      "Actual Loops": 1,
      "Plans": [
        {
          "Node Type": "Gather",
          "Parent Relationship": "Outer",
          "Parallel Aware": false,
          "Startup Cost": 30808.83,
          "Total Cost": 30809.14,
          "Plan Rows": 3,
          "Plan Width": 8,
          "Actual Startup Time": 102.823,
          "Actual Total Time": 111.493,
          "Actual Rows": 4,
          "Actual Loops": 1,
          "Workers Planned": 3,
          "Workers Launched": 3,
          "Single Copy": false,
          "Plans": [
            {
              "Node Type": "Aggregate",
              "Strategy": "Plain",
              "Partial Mode": "Partial",
              "Parent Relationship": "Outer",
              "Parallel Aware": false,
              "Startup Cost": 29808.83,
              "Total Cost": 29808.84,
              "Plan Rows": 1,
              "Plan Width": 8,
              "Actual Startup Time": 95.648,
              "Actual Total Time": 95.649,
              "Actual Rows": 1,
              "Actual Loops": 4,
              "Plans": [
                {
                  "Node Type": "Seq Scan",
                  "Parent Relationship": "Outer",
                  "Parallel Aware": true,
                  "Relation Name": "movie_companies",
                  "Alias": "mc",
                  "Startup Cost": 0.0,
                  "Total Cost": 29310.68,
                  "Plan Rows": 199261,
                  "Plan Width": 0,
                  "Actual Startup Time": 0.038,
                  "Actual Total Time": 84.197,
                  "Actual Rows": 153277,
                  "Actual Loops": 4,
                  "Filter": "(company_id < 741)",
                  "Rows Removed by Filter": 499006
                }
              ]
            }
          ]
        }
      ]
    },
    "Planning Time": 0.192,
    "Triggers": [],
    "Execution Time": 111.556
  }
]