[
  {
    "Plan": {
      "Node Type": "Aggregate",
      "Strategy": "Plain",
      "Partial Mode": "Finalize",
      "Parallel Aware": false,
      "Startup Cost": 44314.55,
      "Total Cost": 44314.56,
      "Plan Rows": 1,
      "Plan Width": 8,
      "Actual Startup Time": 122.724,
      "Actual Total Time": 130.196,
      "Actual Rows": 1,
      "Actual Loops": 1,
      "Plans": [
        {
          "Node Type": "Gather",
          "Parent Relationship": "Outer",
          "Parallel Aware": false,
          "Startup Cost": 44314.23,
          "Total Cost": 44314.54,
          "Plan Rows": 3,
          "Plan Width": 8,
          "Actual Startup Time": 122.627,
          "Actual Total Time": 130.188,
          "Actual Rows": 4,
          "Actual Loops": 1,
          "Workers Planned": 3,
          "Workers Launched": 3,
          "Single Copy": false,
          "Plans": [
            {
              "Node Type": "Aggregate",
              "Strategy": "Plain",
              "Partial Mode": "Partial",
              "Parent Relationship": "Outer",
              "Parallel Aware": false,
              "Startup Cost": 43314.23,
              "Total Cost": 43314.24,
              "Plan Rows": 1,
              "Plan Width": 8,
              "Actual Startup Time": 115.549,
              "Actual Total Time": 115.55,
              "Actual Rows": 1,
              "Actual Loops": 4,
              "Plans": [
                {
                  "Node Type": "Seq Scan",
                  "Parent Relationship": "Outer",
                  "Parallel Aware": true,
                  "Relation Name": "movie_keyword",
                  "Alias": "mk",
                  "Startup Cost": 0.0,
                  "Total Cost": 42695.65,
                  "Plan Rows": 247432,
                  "Plan Width": 0,
                  "Actual Startup Time": 3.921,
                  "Actual Total Time": 104.873,
                  "Actual Rows": 189103,
                  "Actual Loops": 4,
                  "Filter": "(keyword_id > 24736)",
                  "Rows Removed by Filter": 941879
                }
              ]
            }
          ]
        }
      ]
    },
    "Planning Time": 0.21,
    "Triggers": [],
    "Execution Time": 130.251
  }
]