{
  "Plan": {
    "Node Type": "Aggregate",
    "Strategy": "Plain",
    "Partial Mode": "Finalize",
    "Parallel Aware": false,
    "Startup Cost": 146080.0,
    "Total Cost": 146080.01,
    "Plan Rows": 1,
    "Plan Width": 8,
    "Actual Startup Time": 703.814,
    "Actual Total Time": 717.196,
    "Actual Rows": 1,
    "Actual Loops": 1,
    "Plans": [
      {
        "Node Type": "Gather",
        "Parent Relationship": "Outer",
        "Parallel Aware": false,
        "Startup Cost": 146079.89,
        "Total Cost": 146080.0,
        "Plan Rows": 1,
        "Plan Width": 8,
        "Actual Startup Time": 702.111,
        "Actual Total Time": 717.189,
        "Actual Rows": 2,
        "Actual Loops": 1,
        "Workers Planned": 1,
        "Workers Launched": 1,
        "Single Copy": false,
        "Plans": [
          {
            "Node Type": "Aggregate",
            "Strategy": "Plain",
            "Partial Mode": "Partial",
            "Parent Relationship": "Outer",
            "Parallel Aware": false,
            "Startup Cost": 145079.89,
            "Total Cost": 145079.9,
            "Plan Rows": 1,
            "Plan Width": 8,
            "Actual Startup Time": 695.226,
            "Actual Total Time": 695.233,
            "Actual Rows": 1,
            "Actual Loops": 2,
            "Plans": [
              {
                "Node Type": "Hash Join",
                "Parent Relationship": "Outer",
                "Parallel Aware": true,
                "Join Type": "Inner",
                "Startup Cost": 77197.92,
                "Total Cost": 144841.73,
                "Plan Rows": 95264,
                "Plan Width": 0,
                "Actual Startup Time": 335.993,
                "Actual Total Time": 661.209,
                "Actual Rows": 800139,
                "Actual Loops": 2,
                "Inner Unique": false,
                "Hash Cond": "(mk.movie_id = t.id)",
                "Plans": [
                  {
                    "Node Type": "Seq Scan",
                    "Parent Relationship": "Outer",
                    "Parallel Aware": true,
                    "Relation Name": "movie_keyword",
                    "Alias": "mk",
                    "Startup Cost": 0.0,
                    "Total Cost": 57718.19,
                    "Plan Rows": 2497398,
                    "Plan Width": 4,
                    "Actual Startup Time": 0.022,
                    "Actual Total Time": 196.144,
                    "Actual Rows": 2115222,
                    "Actual Loops": 2,
                    "Filter": "(keyword_id > 236)",
                    "Rows Removed by Filter": 146742
                  },
                  {
                    "Node Type": "Hash",
                    "Parent Relationship": "Inner",
                    "Parallel Aware": true,
                    "Startup Cost": 76488.78,
                    "Total Cost": 76488.78,
                    "Plan Rows": 56731,
                    "Plan Width": 8,
                    "Actual Startup Time": 273.052,
                    "Actual Total Time": 273.057,
                    "Actual Rows": 72892,
                    "Actual Loops": 2,
                    "Hash Buckets": 262144,
                    "Original Hash Buckets": 131072,
                    "Hash Batches": 1,
                    "Original Hash Batches": 1,
                    "Peak Memory Usage": 8800,
                    "Plans": [
                      {
                        "Node Type": "Hash Join",
                        "Parent Relationship": "Outer",
                        "Parallel Aware": true,
                        "Join Type": "Inner",
                        "Startup Cost": 57694.66,
                        "Total Cost": 76488.78,
                        "Plan Rows": 56731,
                        "Plan Width": 8,
                        "Actual Startup Time": 189.246,
                        "Actual Total Time": 255.281,
                        "Actual Rows": 72892,
                        "Actual Loops": 2,
                        "Inner Unique": true,
                        "Hash Cond": "(mi_idx.movie_id = t.id)",
                        "Plans": [
                          {
                            "Node Type": "Seq Scan",
                            "Parent Relationship": "Outer",
                            "Parallel Aware": true,
                            "Relation Name": "movie_info_idx",
                            "Alias": "mi_idx",
                            "Startup Cost": 0.0,
                            "Total Cost": 18082.32,
                            "Plan Rows": 271164,
                            "Plan Width": 4,
                            "Actual Startup Time": 0.021,
                            "Actual Total Time": 50.87,
                            "Actual Rows": 230092,
                            "Actual Loops": 2,
                            "Filter": "(info_type_id > 100)",
                            "Rows Removed by Filter": 459925
                          },
                          {
                            "Node Type": "Hash",
                            "Parent Relationship": "Inner",
                            "Parallel Aware": true,
                            "Startup Cost": 53805.35,
                            "Total Cost": 53805.35,
                            "Plan Rows": 311145,
                            "Plan Width": 4,
                            "Actual Startup Time": 146.989,
                            "Actual Total Time": 146.991,
                            "Actual Rows": 201865,
                            "Actual Loops": 2,
                            "Hash Buckets": 1048576,
                            "Original Hash Buckets": 1048576,
                            "Hash Batches": 1,
                            "Original Hash Batches": 1,
                            "Peak Memory Usage": 24000,
                            "Plans": [
                              {
                                "Node Type": "Bitmap Heap Scan",
                                "Parent Relationship": "Outer",
                                "Parallel Aware": true,
                                "Relation Name": "title",
                                "Alias": "t",
                                "Startup Cost": 11955.09,
                                "Total Cost": 53805.35,
                                "Plan Rows": 311145,
                                "Plan Width": 4,
                                "Actual Startup Time": 30.616,
                                "Actual Total Time": 97.093,
                                "Actual Rows": 201865,
                                "Actual Loops": 2,
                                "Recheck Cond": "(kind_id = 1)",
                                "Rows Removed by Index Recheck": 0,
                                "Filter": "(production_year > 1975)",
                                "Rows Removed by Filter": 129548,
                                "Exact Heap Blocks": 8018,
                                "Lossy Heap Blocks": 0,
                                "Plans": [
                                  {
                                    "Node Type": "Bitmap Index Scan",
                                    "Parent Relationship": "Outer",
                                    "Parallel Aware": false,
                                    "Index Name": "kind_id_title",
                                    "Startup Cost": 0.0,
                                    "Total Cost": 11822.85,
                                    "Plan Rows": 663256,
                                    "Plan Width": 0,
                                    "Actual Startup Time": 28.682,
                                    "Actual Total Time": 28.683,
                                    "Actual Rows": 662825,
                                    "Actual Loops": 1,
                                    "Index Cond": "(kind_id = 1)"
                                  }
                                ]
                              }
                            ]
                          }
                        ]
                      }
                    ]
                  }
                ]
              }
            ]
          }
        ]
      }
    ]
  },
  "Planning Time": 0.986,
  "Triggers": [],
  "Execution Time": 717.295
}