{
    "Plan": {
        "Node Type": "Aggregate",
        "Strategy": "Plain",
        "Partial Mode": "Finalize",
        "Parallel Aware": false,
        "Startup Cost": 445510.97,
        "Total Cost": 445510.98,
        "Plan Rows": 1,
        "Plan Width": 8,
        "Actual Startup Time": 862.336,
        "Actual Total Time": 906.932,
        "Actual Rows": 1,
        "Actual Loops": 1,
        "Output": [
            "count(*)"
        ],
        "Plans": [
            {
                "Node Type": "Gather",
                "Parent Relationship": "Outer",
                "Parallel Aware": false,
                "Startup Cost": 445510.35,
                "Total Cost": 445510.96,
                "Plan Rows": 6,
                "Plan Width": 8,
                "Actual Startup Time": 847.777,
                "Actual Total Time": 906.922,
                "Actual Rows": 7,
                "Actual Loops": 1,
                "Output": [
                    "(PARTIAL count(*))"
                ],
                "Workers Planned": 6,
                "Workers Launched": 6,
                "Single Copy": false,
                "Plans": [
                    {
                        "Node Type": "Aggregate",
                        "Strategy": "Plain",
                        "Partial Mode": "Partial",
                        "Parent Relationship": "Outer",
                        "Parallel Aware": false,
                        "Startup Cost": 444510.35,
                        "Total Cost": 444510.36,
                        "Plan Rows": 1,
                        "Plan Width": 8,
                        "Actual Startup Time": 835.619,
                        "Actual Total Time": 835.949,
                        "Actual Rows": 1,
                        "Actual Loops": 7,
                        "Output": [
                            "PARTIAL count(*)"
                        ],
                        "Workers": [
                            {
                                "Worker Number": 0,
                                "Actual Startup Time": 833.781,
                                "Actual Total Time": 833.787,
                                "Actual Rows": 1,
                                "Actual Loops": 1
                            },
                            {
                                "Worker Number": 1,
                                "Actual Startup Time": 833.393,
                                "Actual Total Time": 833.4,
                                "Actual Rows": 1,
                                "Actual Loops": 1
                            },
                            {
                                "Worker Number": 2,
                                "Actual Startup Time": 833.213,
                                "Actual Total Time": 833.22,
                                "Actual Rows": 1,
                                "Actual Loops": 1
                            },
                            {
                                "Worker Number": 3,
                                "Actual Startup Time": 833.665,
                                "Actual Total Time": 833.67,
                                "Actual Rows": 1,
                                "Actual Loops": 1
                            },
                            {
                                "Worker Number": 4,
                                "Actual Startup Time": 833.735,
                                "Actual Total Time": 833.742,
                                "Actual Rows": 1,
                                "Actual Loops": 1
                            },
                            {
                                "Worker Number": 5,
                                "Actual Startup Time": 834.779,
                                "Actual Total Time": 834.784,
                                "Actual Rows": 1,
                                "Actual Loops": 1
                            }
                        ],
                        "Plans": [
                            {
                                "Node Type": "Hash Join",
                                "Parent Relationship": "Outer",
                                "Parallel Aware": true,
                                "Join Type": "Inner",
                                "Startup Cost": 96011.97,
                                "Total Cost": 443822.74,
                                "Plan Rows": 275044,
                                "Plan Width": 0,
                                "Actual Startup Time": 826.43,
                                "Actual Total Time": 835.593,
                                "Actual Rows": 6874,
                                "Actual Loops": 7,
                                "Inner Unique": false,
                                "Hash Cond": "(ci.movie_id = t.id)",
                                "Workers": [
                                    {
                                        "Worker Number": 0,
                                        "Actual Startup Time": 824.881,
                                        "Actual Total Time": 833.443,
                                        "Actual Rows": 4945,
                                        "Actual Loops": 1
                                    },
                                    {
                                        "Worker Number": 1,
                                        "Actual Startup Time": 824.232,
                                        "Actual Total Time": 833.0,
                                        "Actual Rows": 5824,
                                        "Actual Loops": 1
                                    },
                                    {
                                        "Worker Number": 2,
                                        "Actual Startup Time": 824.176,
                                        "Actual Total Time": 832.863,
                                        "Actual Rows": 5151,
                                        "Actual Loops": 1
                                    },
                                    {
                                        "Worker Number": 3,
                                        "Actual Startup Time": 824.548,
                                        "Actual Total Time": 833.328,
                                        "Actual Rows": 7837,
                                        "Actual Loops": 1
                                    },
                                    {
                                        "Worker Number": 4,
                                        "Actual Startup Time": 824.587,
                                        "Actual Total Time": 833.396,
                                        "Actual Rows": 7897,
                                        "Actual Loops": 1
                                    },
                                    {
                                        "Worker Number": 5,
                                        "Actual Startup Time": 824.936,
                                        "Actual Total Time": 834.422,
                                        "Actual Rows": 8466,
                                        "Actual Loops": 1
                                    }
                                ],
                                "Plans": [
                                    {
                                        "Node Type": "Index Scan",
                                        "Parent Relationship": "Outer",
                                        "Parallel Aware": true,
                                        "Scan Direction": "Forward",
                                        "Index Name": "role_id_cast_info",
                                        "Relation Name": "cast_info",
                                        "Schema": "public",
                                        "Alias": "ci",
                                        "Startup Cost": 0.56,
                                        "Total Cost": 342814.42,
                                        "Plan Rows": 1095910,
                                        "Plan Width": 4,
                                        "Actual Startup Time": 389.855,
                                        "Actual Total Time": 392.744,
                                        "Actual Rows": 11665,
                                        "Actual Loops": 7,
                                        "Output": [
                                            "ci.id",
                                            "ci.person_id",
                                            "ci.movie_id",
                                            "ci.person_role_id",
                                            "ci.note",
                                            "ci.nr_order",
                                            "ci.role_id"
                                        ],
                                        "Index Cond": "(ci.role_id < 2)",
                                        "Rows Removed by Index Recheck": 0,
                                        "Filter": "(ci.person_id > 1728409)",
                                        "Rows Removed by Filter": 1798433,
                                        "Workers": [
                                            {
                                                "Worker Number": 0,
                                                "Actual Startup Time": 389.888,
                                                "Actual Total Time": 392.871,
                                                "Actual Rows": 8970,
                                                "Actual Loops": 1
                                            },
                                            {
                                                "Worker Number": 1,
                                                "Actual Startup Time": 389.869,
                                                "Actual Total Time": 392.915,
                                                "Actual Rows": 8970,
                                                "Actual Loops": 1
                                            },
                                            {
                                                "Worker Number": 2,
                                                "Actual Startup Time": 389.904,
                                                "Actual Total Time": 392.971,
                                                "Actual Rows": 9360,
                                                "Actual Loops": 1
                                            },
                                            {
                                                "Worker Number": 3,
                                                "Actual Startup Time": 389.855,
                                                "Actual Total Time": 392.7,
                                                "Actual Rows": 13650,
                                                "Actual Loops": 1
                                            },
                                            {
                                                "Worker Number": 4,
                                                "Actual Startup Time": 389.821,
                                                "Actual Total Time": 392.673,
                                                "Actual Rows": 12480,
                                                "Actual Loops": 1
                                            },
                                            {
                                                "Worker Number": 5,
                                                "Actual Startup Time": 389.808,
                                                "Actual Total Time": 392.726,
                                                "Actual Rows": 13234,
                                                "Actual Loops": 1
                                            }
                                        ]
                                    },
                                    {
                                        "Node Type": "Hash",
                                        "Parent Relationship": "Inner",
                                        "Parallel Aware": true,
                                        "Startup Cost": 93452.77,
                                        "Total Cost": 93452.77,
                                        "Plan Rows": 204691,
                                        "Plan Width": 8,
                                        "Actual Startup Time": 433.175,
                                        "Actual Total Time": 433.503,
                                        "Actual Rows": 88227,
                                        "Actual Loops": 7,
                                        "Output": [
                                            "t.id",
                                            "mk.movie_id"
                                        ],
                                        "Hash Buckets": 1048576,
                                        "Original Hash Buckets": 1048576,
                                        "Hash Batches": 1,
                                        "Original Hash Batches": 1,
                                        "Peak Memory Usage": 32544,
                                        "Workers": [
                                            {
                                                "Worker Number": 0,
                                                "Actual Startup Time": 434.396,
                                                "Actual Total Time": 434.4,
                                                "Actual Rows": 66568,
                                                "Actual Loops": 1
                                            },
                                            {
                                                "Worker Number": 1,
                                                "Actual Startup Time": 433.884,
                                                "Actual Total Time": 433.889,
                                                "Actual Rows": 67097,
                                                "Actual Loops": 1
                                            },
                                            {
                                                "Worker Number": 2,
                                                "Actual Startup Time": 433.675,
                                                "Actual Total Time": 433.68,
                                                "Actual Rows": 66278,
                                                "Actual Loops": 1
                                            },
                                            {
                                                "Worker Number": 3,
                                                "Actual Startup Time": 434.206,
                                                "Actual Total Time": 434.209,
                                                "Actual Rows": 99802,
                                                "Actual Loops": 1
                                            },
                                            {
                                                "Worker Number": 4,
                                                "Actual Startup Time": 434.293,
                                                "Actual Total Time": 434.298,
                                                "Actual Rows": 94174,
                                                "Actual Loops": 1
                                            },
                                            {
                                                "Worker Number": 5,
                                                "Actual Startup Time": 434.297,
                                                "Actual Total Time": 434.3,
                                                "Actual Rows": 94897,
                                                "Actual Loops": 1
                                            }
                                        ],
                                        "Plans": [
                                            {
                                                "Node Type": "Hash Join",
                                                "Parent Relationship": "Outer",
                                                "Parallel Aware": true,
                                                "Join Type": "Inner",
                                                "Startup Cost": 50219.81,
                                                "Total Cost": 93452.77,
                                                "Plan Rows": 204691,
                                                "Plan Width": 8,
                                                "Actual Startup Time": 282.108,
                                                "Actual Total Time": 384.952,
                                                "Actual Rows": 88227,
                                                "Actual Loops": 7,
                                                "Output": [
                                                    "t.id",
                                                    "mk.movie_id"
                                                ],
                                                "Inner Unique": true,
                                                "Hash Cond": "(mk.movie_id = t.id)",
                                                "Workers": [
                                                    {
                                                        "Worker Number": 0,
                                                        "Actual Startup Time": 282.05,
                                                        "Actual Total Time": 384.692,
                                                        "Actual Rows": 66568,
                                                        "Actual Loops": 1
                                                    },
                                                    {
                                                        "Worker Number": 1,
                                                        "Actual Startup Time": 282.106,
                                                        "Actual Total Time": 384.807,
                                                        "Actual Rows": 67097,
                                                        "Actual Loops": 1
                                                    },
                                                    {
                                                        "Worker Number": 2,
                                                        "Actual Startup Time": 282.124,
                                                        "Actual Total Time": 384.776,
                                                        "Actual Rows": 66278,
                                                        "Actual Loops": 1
                                                    },
                                                    {
                                                        "Worker Number": 3,
                                                        "Actual Startup Time": 282.047,
                                                        "Actual Total Time": 387.198,
                                                        "Actual Rows": 99802,
                                                        "Actual Loops": 1
                                                    },
                                                    {
                                                        "Worker Number": 4,
                                                        "Actual Startup Time": 282.142,
                                                        "Actual Total Time": 384.916,
                                                        "Actual Rows": 94174,
                                                        "Actual Loops": 1
                                                    },
                                                    {
                                                        "Worker Number": 5,
                                                        "Actual Startup Time": 282.079,
                                                        "Actual Total Time": 384.65,
                                                        "Actual Rows": 94897,
                                                        "Actual Loops": 1
                                                    }
                                                ],
                                                "Plans": [
                                                    {
                                                        "Node Type": "Seq Scan",
                                                        "Parent Relationship": "Outer",
                                                        "Parallel Aware": true,
                                                        "Relation Name": "movie_keyword",
                                                        "Schema": "public",
                                                        "Alias": "mk",
                                                        "Startup Cost": 0.0,
                                                        "Total Cost": 42695.65,
                                                        "Plan Rows": 204691,
                                                        "Plan Width": 4,
                                                        "Actual Startup Time": 2.187,
                                                        "Actual Total Time": 71.682,
                                                        "Actual Rows": 88227,
                                                        "Actual Loops": 7,
                                                        "Output": [
                                                            "mk.id",
                                                            "mk.movie_id",
                                                            "mk.keyword_id"
                                                        ],
                                                        "Filter": "(mk.keyword_id > 29534)",
                                                        "Rows Removed by Filter": 558049,
                                                        "Workers": [
                                                            {
                                                                "Worker Number": 0,
                                                                "Actual Startup Time": 2.164,
                                                                "Actual Total Time": 72.826,
                                                                "Actual Rows": 66568,
                                                                "Actual Loops": 1
                                                            },
                                                            {
                                                                "Worker Number": 1,
                                                                "Actual Startup Time": 2.182,
                                                                "Actual Total Time": 73.184,
                                                                "Actual Rows": 67097,
                                                                "Actual Loops": 1
                                                            },
                                                            {
                                                                "Worker Number": 2,
                                                                "Actual Startup Time": 2.202,
                                                                "Actual Total Time": 73.025,
                                                                "Actual Rows": 66278,
                                                                "Actual Loops": 1
                                                            },
                                                            {
                                                                "Worker Number": 3,
                                                                "Actual Startup Time": 2.179,
                                                                "Actual Total Time": 73.571,
                                                                "Actual Rows": 99802,
                                                                "Actual Loops": 1
                                                            },
                                                            {
                                                                "Worker Number": 4,
                                                                "Actual Startup Time": 2.201,
                                                                "Actual Total Time": 73.07,
                                                                "Actual Rows": 94174,
                                                                "Actual Loops": 1
                                                            },
                                                            {
                                                                "Worker Number": 5,
                                                                "Actual Startup Time": 2.202,
                                                                "Actual Total Time": 72.775,
                                                                "Actual Rows": 94897,
                                                                "Actual Loops": 1
                                                            }
                                                        ]
                                                    },
                                                    {
                                                        "Node Type": "Hash",
                                                        "Parent Relationship": "Inner",
                                                        "Parallel Aware": true,
                                                        "Startup Cost": 42318.81,
                                                        "Total Cost": 42318.81,
                                                        "Plan Rows": 632080,
                                                        "Plan Width": 4,
                                                        "Actual Startup Time": 275.472,
                                                        "Actual Total Time": 275.473,
                                                        "Actual Rows": 361187,
                                                        "Actual Loops": 7,
                                                        "Output": [
                                                            "t.id"
                                                        ],
                                                        "Hash Buckets": 4194304,
                                                        "Original Hash Buckets": 4194304,
                                                        "Hash Batches": 1,
                                                        "Original Hash Batches": 1,
                                                        "Peak Memory Usage": 131808,
                                                        "Workers": [
                                                            {
                                                                "Worker Number": 0,
                                                                "Actual Startup Time": 279.782,
                                                                "Actual Total Time": 279.783,
                                                                "Actual Rows": 294898,
                                                                "Actual Loops": 1
                                                            },
                                                            {
                                                                "Worker Number": 1,
                                                                "Actual Startup Time": 279.819,
                                                                "Actual Total Time": 279.821,
                                                                "Actual Rows": 297790,
                                                                "Actual Loops": 1
                                                            },
                                                            {
                                                                "Worker Number": 2,
                                                                "Actual Startup Time": 279.83,
                                                                "Actual Total Time": 279.832,
                                                                "Actual Rows": 294546,
                                                                "Actual Loops": 1
                                                            },
                                                            {
                                                                "Worker Number": 3,
                                                                "Actual Startup Time": 279.778,
                                                                "Actual Total Time": 279.779,
                                                                "Actual Rows": 387441,
                                                                "Actual Loops": 1
                                                            },
                                                            {
                                                                "Worker Number": 4,
                                                                "Actual Startup Time": 279.839,
                                                                "Actual Total Time": 279.84,
                                                                "Actual Rows": 365236,
                                                                "Actual Loops": 1
                                                            },
                                                            {
                                                                "Worker Number": 5,
                                                                "Actual Startup Time": 279.69,
                                                                "Actual Total Time": 279.691,
                                                                "Actual Rows": 371495,
                                                                "Actual Loops": 1
                                                            }
                                                        ],
                                                        "Plans": [
                                                            {
                                                                "Node Type": "Seq Scan",
                                                                "Parent Relationship": "Outer",
                                                                "Parallel Aware": true,
                                                                "Relation Name": "title",
                                                                "Schema": "public",
                                                                "Alias": "t",
                                                                "Startup Cost": 0.0,
                                                                "Total Cost": 42318.81,
                                                                "Plan Rows": 632080,
                                                                "Plan Width": 4,
                                                                "Actual Startup Time": 0.066,
                                                                "Actual Total Time": 74.831,
                                                                "Actual Rows": 361187,
                                                                "Actual Loops": 7,
                                                                "Output": [
                                                                    "t.id"
                                                                ],
                                                                "Workers": [
                                                                    {
                                                                        "Worker Number": 0,
                                                                        "Actual Startup Time": 0.085,
                                                                        "Actual Total Time": 79.335,
                                                                        "Actual Rows": 294898,
                                                                        "Actual Loops": 1
                                                                    },
                                                                    {
                                                                        "Worker Number": 1,
                                                                        "Actual Startup Time": 0.074,
                                                                        "Actual Total Time": 79.502,
                                                                        "Actual Rows": 297790,
                                                                        "Actual Loops": 1
                                                                    },
                                                                    {
                                                                        "Worker Number": 2,
                                                                        "Actual Startup Time": 0.074,
                                                                        "Actual Total Time": 79.147,
                                                                        "Actual Rows": 294546,
                                                                        "Actual Loops": 1
                                                                    },
                                                                    {
                                                                        "Worker Number": 3,
                                                                        "Actual Startup Time": 0.064,
                                                                        "Actual Total Time": 75.763,
                                                                        "Actual Rows": 387441,
                                                                        "Actual Loops": 1
                                                                    },
                                                                    {
                                                                        "Worker Number": 4,
                                                                        "Actual Startup Time": 0.071,
                                                                        "Actual Total Time": 75.704,
                                                                        "Actual Rows": 365236,
                                                                        "Actual Loops": 1
                                                                    },
                                                                    {
                                                                        "Worker Number": 5,
                                                                        "Actual Startup Time": 0.083,
                                                                        "Actual Total Time": 76.058,
                                                                        "Actual Rows": 371495,
                                                                        "Actual Loops": 1
                                                                    }
                                                                ]
                                                            }
                                                        ]
                                                    }
                                                ]
                                            }
                                        ]
                                    }
                                ]
                            }
                        ]
                    }
                ]
            }
        ]
    },
    "Planning Time": 1.524,
    "Triggers": [],
    "Execution Time": 907.032
}