[
    {
        "Bao": {
            "Bao prediction": "NaN",
            "Bao recommended hint": "(no hint)"
        }
    },
    {
        "Plan": {
            "Node Type": "Aggregate",
            "Strategy": "Plain",
            "Partial Mode": "Finalize",
            "Parallel Aware": false,
            "Startup Cost": 33040.73,
            "Total Cost": 33040.74,
            "Plan Rows": 1,
            "Plan Width": 8,
            "Actual Startup Time": 94.861,
            "Actual Total Time": 101.695,
            "Actual Rows": 1,
            "Actual Loops": 1,
            "Output": [
                "count(*)"
            ],
            "Plans": [
                {
                    "Node Type": "Gather",
                    "Parent Relationship": "Outer",
                    "Parallel Aware": false,
                    "Startup Cost": 33040.41,
                    "Total Cost": 33040.72,
                    "Plan Rows": 3,
                    "Plan Width": 8,
                    "Actual Startup Time": 94.625,
                    "Actual Total Time": 101.687,
                    "Actual Rows": 4,
                    "Actual Loops": 1,
                    "Output": [
                        "(PARTIAL count(*))"
                    ],
                    "Workers Planned": 3,
                    "Workers Launched": 3,
                    "Single Copy": false,
                    "Plans": [
                        {
                            "Node Type": "Aggregate",
                            "Strategy": "Plain",
                            "Partial Mode": "Partial",
                            "Parent Relationship": "Outer",
                            "Parallel Aware": false,
                            "Startup Cost": 32040.41,
                            "Total Cost": 32040.42,
                            "Plan Rows": 1,
                            "Plan Width": 8,
                            "Actual Startup Time": 85.997,
                            "Actual Total Time": 85.999,
                            "Actual Rows": 1,
                            "Actual Loops": 4,
                            "Output": [
                                "PARTIAL count(*)"
                            ],
                            "Workers": [
                                {
                                    "Worker Number": 0,
                                    "Actual Startup Time": 82.901,
                                    "Actual Total Time": 82.903,
                                    "Actual Rows": 1,
                                    "Actual Loops": 1
                                },
                                {
                                    "Worker Number": 1,
                                    "Actual Startup Time": 83.27,
                                    "Actual Total Time": 83.272,
                                    "Actual Rows": 1,
                                    "Actual Loops": 1
                                },
                                {
                                    "Worker Number": 2,
                                    "Actual Startup Time": 83.612,
                                    "Actual Total Time": 83.614,
                                    "Actual Rows": 1,
                                    "Actual Loops": 1
                                }
                            ],
                            "Plans": [
                                {
                                    "Node Type": "Bitmap Heap Scan",
                                    "Parent Relationship": "Outer",
                                    "Parallel Aware": true,
                                    "Relation Name": "movie_keyword",
                                    "Schema": "public",
                                    "Alias": "mk",
                                    "Startup Cost": 6177.33,
                                    "Total Cost": 31805.57,
                                    "Plan Rows": 93939,
                                    "Plan Width": 0,
                                    "Actual Startup Time": 21.566,
                                    "Actual Total Time": 81.64,
                                    "Actual Rows": 72031,
                                    "Actual Loops": 4,
                                    "Recheck Cond": "(mk.keyword_id > 55591)",
                                    "Rows Removed by Index Recheck": 0,
                                    "Exact Heap Blocks": 10863,
                                    "Lossy Heap Blocks": 0,
                                    "Workers": [
                                        {
                                            "Worker Number": 0,
                                            "Actual Startup Time": 18.7,
                                            "Actual Total Time": 78.947,
                                            "Actual Rows": 50875,
                                            "Actual Loops": 1
                                        },
                                        {
                                            "Worker Number": 1,
                                            "Actual Startup Time": 18.909,
                                            "Actual Total Time": 79.423,
                                            "Actual Rows": 47399,
                                            "Actual Loops": 1
                                        },
                                        {
                                            "Worker Number": 2,
                                            "Actual Startup Time": 19.209,
                                            "Actual Total Time": 79.802,
                                            "Actual Rows": 46004,
                                            "Actual Loops": 1
                                        }
                                    ],
                                    "Plans": [
                                        {
                                            "Node Type": "Bitmap Index Scan",
                                            "Parent Relationship": "Outer",
                                            "Parallel Aware": false,
                                            "Index Name": "keyword_id_movie_keyword",
                                            "Startup Cost": 0.0,
                                            "Total Cost": 6104.52,
                                            "Plan Rows": 291212,
                                            "Plan Width": 0,
                                            "Actual Startup Time": 25.549,
                                            "Actual Total Time": 25.549,
                                            "Actual Rows": 288123,
                                            "Actual Loops": 1,
                                            "Index Cond": "(mk.keyword_id > 55591)"
                                        }
                                    ]
                                }
                            ]
                        }
                    ]
                }
            ]
        },
        "Planning Time": 205.648,
        "Triggers": [],
        "Execution Time": 101.798
    }
]