{
    "Plan": {
        "Node Type": "Aggregate",
        "Strategy": "Plain",
        "Partial Mode": "Finalize",
        "Parallel Aware": false,
        "Startup Cost": 80806.51,
        "Total Cost": 80806.52,
        "Plan Rows": 1,
        "Plan Width": 8,
        "Actual Startup Time": 579.886,
        "Actual Total Time": 594.933,
        "Actual Rows": 1,
        "Actual Loops": 1,
        "Output": [
            "count(*)"
        ],
        "Plans": [
            {
                "Node Type": "Gather",
                "Parent Relationship": "Outer",
                "Parallel Aware": false,
                "Startup Cost": 80806.19,
                "Total Cost": 80806.5,
                "Plan Rows": 3,
                "Plan Width": 8,
                "Actual Startup Time": 571.253,
                "Actual Total Time": 594.919,
                "Actual Rows": 4,
                "Actual Loops": 1,
                "Output": [
                    "(PARTIAL count(*))"
                ],
                "Workers Planned": 3,
                "Workers Launched": 3,
                "Single Copy": false,
                "Plans": [
                    {
                        "Node Type": "Aggregate",
                        "Strategy": "Plain",
                        "Partial Mode": "Partial",
                        "Parent Relationship": "Outer",
                        "Parallel Aware": false,
                        "Startup Cost": 79806.19,
                        "Total Cost": 79806.2,
                        "Plan Rows": 1,
                        "Plan Width": 8,
                        "Actual Startup Time": 558.849,
                        "Actual Total Time": 558.852,
                        "Actual Rows": 1,
                        "Actual Loops": 4,
                        "Output": [
                            "PARTIAL count(*)"
                        ],
                        "Workers": [
                            {
                                "Worker Number": 0,
                                "Actual Startup Time": 555.359,
                                "Actual Total Time": 555.362,
                                "Actual Rows": 1,
                                "Actual Loops": 1
                            },
                            {
                                "Worker Number": 1,
                                "Actual Startup Time": 554.677,
                                "Actual Total Time": 554.68,
                                "Actual Rows": 1,
                                "Actual Loops": 1
                            },
                            {
                                "Worker Number": 2,
                                "Actual Startup Time": 554.764,
                                "Actual Total Time": 554.768,
                                "Actual Rows": 1,
                                "Actual Loops": 1
                            }
                        ],
                        "Plans": [
                            {
                                "Node Type": "Hash Join",
                                "Parent Relationship": "Outer",
                                "Parallel Aware": true,
                                "Join Type": "Inner",
                                "Startup Cost": 49025.14,
                                "Total Cost": 78441.03,
                                "Plan Rows": 546062,
                                "Plan Width": 0,
                                "Actual Startup Time": 290.696,
                                "Actual Total Time": 542.97,
                                "Actual Rows": 350656,
                                "Actual Loops": 4,
                                "Inner Unique": true,
                                "Hash Cond": "(mc.movie_id = t.id)",
                                "Workers": [
                                    {
                                        "Worker Number": 0,
                                        "Actual Startup Time": 286.686,
                                        "Actual Total Time": 539.845,
                                        "Actual Rows": 385848,
                                        "Actual Loops": 1
                                    },
                                    {
                                        "Worker Number": 1,
                                        "Actual Startup Time": 286.738,
                                        "Actual Total Time": 538.985,
                                        "Actual Rows": 391085,
                                        "Actual Loops": 1
                                    },
                                    {
                                        "Worker Number": 2,
                                        "Actual Startup Time": 286.826,
                                        "Actual Total Time": 541.176,
                                        "Actual Rows": 331709,
                                        "Actual Loops": 1
                                    }
                                ],
                                "Plans": [
                                    {
                                        "Node Type": "Seq Scan",
                                        "Parent Relationship": "Outer",
                                        "Parallel Aware": true,
                                        "Relation Name": "movie_companies",
                                        "Schema": "public",
                                        "Alias": "mc",
                                        "Startup Cost": 0.0,
                                        "Total Cost": 27206.55,
                                        "Plan Rows": 841655,
                                        "Plan Width": 4,
                                        "Actual Startup Time": 0.024,
                                        "Actual Total Time": 58.512,
                                        "Actual Rows": 652282,
                                        "Actual Loops": 4,
                                        "Output": [
                                            "mc.id",
                                            "mc.movie_id",
                                            "mc.company_id",
                                            "mc.company_type_id",
                                            "mc.note"
                                        ],
                                        "Workers": [
                                            {
                                                "Worker Number": 0,
                                                "Actual Startup Time": 0.026,
                                                "Actual Total Time": 59.974,
                                                "Actual Rows": 720937,
                                                "Actual Loops": 1
                                            },
                                            {
                                                "Worker Number": 1,
                                                "Actual Startup Time": 0.023,
                                                "Actual Total Time": 59.937,
                                                "Actual Rows": 724416,
                                                "Actual Loops": 1
                                            },
                                            {
                                                "Worker Number": 2,
                                                "Actual Startup Time": 0.04,
                                                "Actual Total Time": 57.707,
                                                "Actual Rows": 621867,
                                                "Actual Loops": 1
                                            }
                                        ]
                                    },
                                    {
                                        "Node Type": "Hash",
                                        "Parent Relationship": "Inner",
                                        "Parallel Aware": true,
                                        "Startup Cost": 43899.01,
                                        "Total Cost": 43899.01,
                                        "Plan Rows": 410091,
                                        "Plan Width": 4,
                                        "Actual Startup Time": 282.577,
                                        "Actual Total Time": 282.578,
                                        "Actual Rows": 410878,
                                        "Actual Loops": 4,
                                        "Output": [
                                            "t.id"
                                        ],
                                        "Hash Buckets": 2097152,
                                        "Original Hash Buckets": 2097152,
                                        "Hash Batches": 1,
                                        "Original Hash Batches": 1,
                                        "Peak Memory Usage": 80736,
                                        "Workers": [
                                            {
                                                "Worker Number": 0,
                                                "Actual Startup Time": 285.825,
                                                "Actual Total Time": 285.826,
                                                "Actual Rows": 433870,
                                                "Actual Loops": 1
                                            },
                                            {
                                                "Worker Number": 1,
                                                "Actual Startup Time": 285.827,
                                                "Actual Total Time": 285.827,
                                                "Actual Rows": 433901,
                                                "Actual Loops": 1
                                            },
                                            {
                                                "Worker Number": 2,
                                                "Actual Startup Time": 285.956,
                                                "Actual Total Time": 285.957,
                                                "Actual Rows": 376267,
                                                "Actual Loops": 1
                                            }
                                        ],
                                        "Plans": [
                                            {
                                                "Node Type": "Seq Scan",
                                                "Parent Relationship": "Outer",
                                                "Parallel Aware": true,
                                                "Relation Name": "title",
                                                "Schema": "public",
                                                "Alias": "t",
                                                "Startup Cost": 0.0,
                                                "Total Cost": 43899.01,
                                                "Plan Rows": 410091,
                                                "Plan Width": 4,
                                                "Actual Startup Time": 0.065,
                                                "Actual Total Time": 121.3,
                                                "Actual Rows": 410878,
                                                "Actual Loops": 4,
                                                "Output": [
                                                    "t.id"
                                                ],
                                                "Filter": "(t.production_year > 1994)",
                                                "Rows Removed by Filter": 221200,
                                                "Workers": [
                                                    {
                                                        "Worker Number": 0,
                                                        "Actual Startup Time": 0.085,
                                                        "Actual Total Time": 124.379,
                                                        "Actual Rows": 433870,
                                                        "Actual Loops": 1
                                                    },
                                                    {
                                                        "Worker Number": 1,
                                                        "Actual Startup Time": 0.087,
                                                        "Actual Total Time": 125.469,
                                                        "Actual Rows": 433901,
                                                        "Actual Loops": 1
                                                    },
                                                    {
                                                        "Worker Number": 2,
                                                        "Actual Startup Time": 0.073,
                                                        "Actual Total Time": 120.51,
                                                        "Actual Rows": 376267,
                                                        "Actual Loops": 1
                                                    }
                                                ]
                                            }
                                        ]
                                    }
                                ]
                            }
                        ]
                    }
                ]
            }
        ]
    },
    "Planning Time": 0.697,
    "Triggers": [],
    "Execution Time": 595.006
}