[
  {
    "Plan": {
      "Node Type": "Aggregate",
      "Strategy": "Plain",
      "Partial Mode": "Finalize",
      "Parallel Aware": false,
      "Startup Cost": 46771.69,
      "Total Cost": 46771.7,
      "Plan Rows": 1,
      "Plan Width": 8,
      "Actual Startup Time": 187.343,
      "Actual Total Time": 199.003,
      "Actual Rows": 1,
      "Actual Loops": 1,
      "Plans": [
        {
          "Node Type": "Gather",
          "Parent Relationship": "Outer",
          "Parallel Aware": false,
          "Startup Cost": 46771.38,
          "Total Cost": 46771.69,
          "Plan Rows": 3,
          "Plan Width": 8,
          "Actual Startup Time": 187.173,
          "Actual Total Time": 198.991,
          "Actual Rows": 4,
          "Actual Loops": 1,
          "Workers Planned": 3,
          "Workers Launched": 3,
          "Single Copy": false,
          "Plans": [
            {
              "Node Type": "Aggregate",
              "Strategy": "Plain",
              "Partial Mode": "Partial",
              "Parent Relationship": "Outer",
              "Parallel Aware": false,
              "Startup Cost": 45771.38,
              "Total Cost": 45771.39,
              "Plan Rows": 1,
              "Plan Width": 8,
              "Actual Startup Time": 181.402,
              "Actual Total Time": 181.404,
              "Actual Rows": 1,
              "Actual Loops": 4,
              "Plans": [
                {
                  "Node Type": "Seq Scan",
                  "Parent Relationship": "Outer",
                  "Parallel Aware": true,
                  "Relation Name": "movie_keyword",
                  "Alias": "mk",
                  "Startup Cost": 0.0,
                  "Total Cost": 42695.65,
                  "Plan Rows": 1230289,
                  "Plan Width": 0,
                  "Actual Startup Time": 0.04,
                  "Actual Total Time": 133.637,
                  "Actual Rows": 954110,
                  "Actual Loops": 4,
                  "Filter": "(keyword_id < 26697)",
                  "Rows Removed by Filter": 176872
                }
              ]
            }
          ]
        }
      ]
    },
    "Planning Time": 0.147,
    "Triggers": [],
    "Execution Time": 199.051
  }
]