[
  {
    "Plan": {
      "Node Type": "Aggregate",
      "Strategy": "Plain",
      "Partial Mode": "Finalize",
      "Parallel Aware": false,
      "Startup Cost": 46767.29,
      "Total Cost": 46767.3,
      "Plan Rows": 1,
      "Plan Width": 8,
      "Actual Startup Time": 186.151,
      "Actual Total Time": 194.137,
      "Actual Rows": 1,
      "Actual Loops": 1,
      "Plans": [
        {
          "Node Type": "Gather",
          "Parent Relationship": "Outer",
          "Parallel Aware": false,
          "Startup Cost": 46766.97,
          "Total Cost": 46767.28,
          "Plan Rows": 3,
          "Plan Width": 8,
          "Actual Startup Time": 185.993,
          "Actual Total Time": 194.127,
          "Actual Rows": 4,
          "Actual Loops": 1,
          "Workers Planned": 3,
          "Workers Launched": 3,
          "Single Copy": false,
          "Plans": [
            {
              "Node Type": "Aggregate",
              "Strategy": "Plain",
              "Partial Mode": "Partial",
              "Parent Relationship": "Outer",
              "Parallel Aware": false,
              "Startup Cost": 45766.97,
              "Total Cost": 45766.98,
              "Plan Rows": 1,
              "Plan Width": 8,
              "Actual Startup Time": 177.769,
              "Actual Total Time": 177.77,
              "Actual Rows": 1,
              "Actual Loops": 4,
              "Plans": [
                {
                  "Node Type": "Seq Scan",
                  "Parent Relationship": "Outer",
                  "Parallel Aware": true,
                  "Relation Name": "movie_keyword",
                  "Alias": "mk",
                  "Startup Cost": 0.0,
                  "Total Cost": 42695.65,
                  "Plan Rows": 1228527,
                  "Plan Width": 0,
                  "Actual Startup Time": 0.058,
                  "Actual Total Time": 130.978,
                  "Actual Rows": 954110,
                  "Actual Loops": 4,
                  "Filter": "(keyword_id < 26697)",
                  "Rows Removed by Filter": 176872
                }
              ]
            }
          ]
        }
      ]
    },
    "Planning Time": 0.157,
    "Triggers": [],
    "Execution Time": 194.196
  }
]