[
  {
    "Plan": {
      "Node Type": "Aggregate",
      "Strategy": "Plain",
      "Partial Mode": "Finalize",
      "Parallel Aware": false,
      "Startup Cost": 46490.41,
      "Total Cost": 46490.42,
      "Plan Rows": 1,
      "Plan Width": 8,
      "Actual Startup Time": 69.602,
      "Actual Total Time": 75.576,
      "Actual Rows": 1,
      "Actual Loops": 1,
      "Plans": [
        {
          "Node Type": "Gather",
          "Parent Relationship": "Outer",
          "Parallel Aware": false,
          "Startup Cost": 46489.99,
          "Total Cost": 46490.4,
          "Plan Rows": 4,
          "Plan Width": 8,
          "Actual Startup Time": 69.497,
          "Actual Total Time": 75.571,
          "Actual Rows": 5,
          "Actual Loops": 1,
          "Workers Planned": 4,
          "Workers Launched": 4,
          "Single Copy": false,
          "Plans": [
            {
              "Node Type": "Aggregate",
              "Strategy": "Plain",
              "Partial Mode": "Partial",
              "Parent Relationship": "Outer",
              "Parallel Aware": false,
              "Startup Cost": 45489.99,
              "Total Cost": 45490.0,
              "Plan Rows": 1,
              "Plan Width": 8,
              "Actual Startup Time": 65.419,
              "Actual Total Time": 65.42,
              "Actual Rows": 1,
              "Actual Loops": 5,
              "Plans": [
                {
                  "Node Type": "Seq Scan",
                  "Parent Relationship": "Outer",
                  "Parallel Aware": true,
                  "Relation Name": "title",
                  "Alias": "t",
                  "Startup Cost": 0.0,
                  "Total Cost": 45479.21,
                  "Plan Rows": 4314,
                  "Plan Width": 0,
                  "Actual Startup Time": 38.48,
                  "Actual Total Time": 65.145,
                  "Actual Rows": 3761,
                  "Actual Loops": 5,
                  "Filter": "((kind_id = 1) AND (production_year = 2013))",
                  "Rows Removed by Filter": 501902
                }
              ]
            }
          ]
        }
      ]
    },
    "Planning Time": 0.072,
    "Triggers": [],
    "Execution Time": 75.601
  }
]