[
  {
    "Plan": {
      "Node Type": "Aggregate",
      "Strategy": "Plain",
      "Partial Mode": "Finalize",
      "Parallel Aware": false,
      "Startup Cost": 81838.6,
      "Total Cost": 81838.61,
      "Plan Rows": 1,
      "Plan Width": 8,
      "Actual Startup Time": 353.009,
      "Actual Total Time": 367.805,
      "Actual Rows": 1,
      "Actual Loops": 1,
      "Plans": [
        {
          "Node Type": "Gather",
          "Parent Relationship": "Outer",
          "Parallel Aware": false,
          "Startup Cost": 81838.28,
          "Total Cost": 81838.59,
          "Plan Rows": 3,
          "Plan Width": 8,
          "Actual Startup Time": 348.978,
          "Actual Total Time": 367.791,
          "Actual Rows": 4,
          "Actual Loops": 1,
          "Workers Planned": 3,
          "Workers Launched": 3,
          "Single Copy": false,
          "Plans": [
            {
              "Node Type": "Aggregate",
              "Strategy": "Plain",
              "Partial Mode": "Partial",
              "Parent Relationship": "Outer",
              "Parallel Aware": false,
              "Startup Cost": 80838.28,
              "Total Cost": 80838.29,
              "Plan Rows": 1,
              "Plan Width": 8,
              "Actual Startup Time": 342.682,
              "Actual Total Time": 342.686,
              "Actual Rows": 1,
              "Actual Loops": 4,
              "Plans": [
                {
                  "Node Type": "Hash Join",
                  "Parent Relationship": "Outer",
                  "Parallel Aware": true,
                  "Join Type": "Inner",
                  "Startup Cost": 48235.85,
                  "Total Cost": 80430.61,
                  "Plan Rows": 163071,
                  "Plan Width": 0,
                  "Actual Startup Time": 234.505,
                  "Actual Total Time": 337.321,
                  "Actual Rows": 131823,
                  "Actual Loops": 4,
                  "Inner Unique": true,
                  "Hash Cond": "(mc.movie_id = t.id)",
                  "Plans": [
                    {
                      "Node Type": "Seq Scan",
                      "Parent Relationship": "Outer",
                      "Parallel Aware": true,
                      "Relation Name": "movie_companies",
                      "Alias": "mc",
                      "Startup Cost": 0.0,
                      "Total Cost": 31414.82,
                      "Plan Rows": 297121,
                      "Plan Width": 4,
                      "Actual Startup Time": 28.792,
                      "Actual Total Time": 63.625,
                      "Actual Rows": 275423,
                      "Actual Loops": 4,
                      "Filter": "((company_id > 1824) AND (company_type_id = 2))",
                      "Rows Removed by Filter": 376859
                    },
                    {
                      "Node Type": "Hash",
                      "Parent Relationship": "Inner",
                      "Parallel Aware": true,
                      "Startup Cost": 43899.32,
                      "Total Cost": 43899.32,
                      "Plan Rows": 346922,
                      "Plan Width": 4,
                      "Actual Startup Time": 201.07,
                      "Actual Total Time": 201.071,
                      "Actual Rows": 345363,
                      "Actual Loops": 4,
                      "Hash Buckets": 2097152,
                      "Original Hash Buckets": 2097152,
                      "Hash Batches": 1,
                      "Original Hash Batches": 1,
                      "Peak Memory Usage": 70496,
                      "Plans": [
                        {
                          "Node Type": "Seq Scan",
                          "Parent Relationship": "Outer",
                          "Parallel Aware": true,
                          "Relation Name": "title",
                          "Alias": "t",
                          "Startup Cost": 0.0,
                          "Total Cost": 43899.32,
                          "Plan Rows": 346922,
                          "Plan Width": 4,
                          "Actual Startup Time": 0.022,
                          "Actual Total Time": 96.613,
                          "Actual Rows": 345363,
                          "Actual Loops": 4,
                          "Filter": "(production_year > 2000)",
                          "Rows Removed by Filter": 286715
                        }
                      ]
                    }
                  ]
                }
              ]
            }
          ]
        }
      ]
    },
    "Planning Time": 0.635,
    "Triggers": [],
    "Execution Time": 367.84
  }
]