[
  {
    "Plan": {
      "Node Type": "Aggregate",
      "Strategy": "Plain",
      "Partial Mode": "Finalize",
      "Parallel Aware": false,
      "Startup Cost": 336297.87,
      "Total Cost": 336297.88,
      "Plan Rows": 1,
      "Plan Width": 8,
      "Actual Startup Time": 659.26,
      "Actual Total Time": 722.804,
      "Actual Rows": 1,
      "Actual Loops": 1,
      "Plans": [
        {
          "Node Type": "Gather",
          "Parent Relationship": "Outer",
          "Parallel Aware": false,
          "Startup Cost": 336297.24,
          "Total Cost": 336297.85,
          "Plan Rows": 6,
          "Plan Width": 8,
          "Actual Startup Time": 659.147,
          "Actual Total Time": 722.794,
          "Actual Rows": 7,
          "Actual Loops": 1,
          "Workers Planned": 6,
          "Workers Launched": 6,
          "Single Copy": false,
          "Plans": [
            {
              "Node Type": "Aggregate",
              "Strategy": "Plain",
              "Partial Mode": "Partial",
              "Parent Relationship": "Outer",
              "Parallel Aware": false,
              "Startup Cost": 335297.24,
              "Total Cost": 335297.25,
              "Plan Rows": 1,
              "Plan Width": 8,
              "Actual Startup Time": 649.662,
              "Actual Total Time": 649.663,
              "Actual Rows": 1,
              "Actual Loops": 7,
              "Plans": [
                {
                  "Node Type": "Seq Scan",
                  "Parent Relationship": "Outer",
                  "Parallel Aware": true,
                  "Relation Name": "cast_info",
                  "Alias": "ci",
                  "Startup Cost": 0.0,
                  "Total Cost": 328162.03,
                  "Plan Rows": 2854086,
                  "Plan Width": 0,
                  "Actual Startup Time": 0.052,
                  "Actual Total Time": 549.407,
                  "Actual Rows": 2457230,
                  "Actual Loops": 7,
                  "Filter": "(person_id < 1698815)",
                  "Rows Removed by Filter": 2720533
                }
              ]
            }
          ]
        }
      ]
    },
    "Planning Time": 0.2,
    "Triggers": [],
    "Execution Time": 722.877
  }
]