{
  "Plan": {
    "Node Type": "Aggregate",
    "Strategy": "Plain",
    "Partial Mode": "Finalize",
    "Parallel Aware": false,
    "Startup Cost": 98063.11,
    "Total Cost": 98063.12,
    "Plan Rows": 1,
    "Plan Width": 8,
    "Actual Startup Time": 265.144,
    "Actual Total Time": 280.38,
    "Actual Rows": 1,
    "Actual Loops": 1,
    "Plans": [
      {
        "Node Type": "Gather",
        "Parent Relationship": "Outer",
        "Parallel Aware": false,
        "Startup Cost": 98063.0,
        "Total Cost": 98063.11,
        "Plan Rows": 1,
        "Plan Width": 8,
        "Actual Startup Time": 264.96,
        "Actual Total Time": 280.372,
        "Actual Rows": 2,
        "Actual Loops": 1,
        "Workers Planned": 1,
        "Workers Launched": 1,
        "Single Copy": false,
        "Plans": [
          {
            "Node Type": "Aggregate",
            "Strategy": "Plain",
            "Partial Mode": "Partial",
            "Parent Relationship": "Outer",
            "Parallel Aware": false,
            "Startup Cost": 97063.0,
            "Total Cost": 97063.01,
            "Plan Rows": 1,
            "Plan Width": 8,
            "Actual Startup Time": 261.258,
            "Actual Total Time": 261.262,
            "Actual Rows": 1,
            "Actual Loops": 2,
            "Plans": [
              {
                "Node Type": "Hash Join",
                "Parent Relationship": "Outer",
                "Parallel Aware": true,
                "Join Type": "Inner",
                "Startup Cost": 54723.91,
                "Total Cost": 97057.74,
                "Plan Rows": 2104,
                "Plan Width": 0,
                "Actual Startup Time": 133.567,
                "Actual Total Time": 261.041,
                "Actual Rows": 3613,
                "Actual Loops": 2,
                "Inner Unique": true,
                "Hash Cond": "(mc.movie_id = t.id)",
                "Plans": [
                  {
                    "Node Type": "Index Scan",
                    "Parent Relationship": "Outer",
                    "Parallel Aware": true,
                    "Scan Direction": "Forward",
                    "Index Name": "company_type_id_movie_companies",
                    "Relation Name": "movie_companies",
                    "Alias": "mc",
                    "Startup Cost": 0.43,
                    "Total Cost": 41574.35,
                    "Plan Rows": 289489,
                    "Plan Width": 4,
                    "Actual Startup Time": 0.051,
                    "Actual Total Time": 98.66,
                    "Actual Rows": 348974,
                    "Actual Loops": 2,
                    "Index Cond": "(company_type_id = 1)",
                    "Rows Removed by Index Recheck": 0,
                    "Filter": "(company_id < 4626)",
                    "Rows Removed by Filter": 288150
                  },
                  {
                    "Node Type": "Hash",
                    "Parent Relationship": "Inner",
                    "Parallel Aware": true,
                    "Startup Cost": 54588.39,
                    "Total Cost": 54588.39,
                    "Plan Rows": 10807,
                    "Plan Width": 4,
                    "Actual Startup Time": 132.394,
                    "Actual Total Time": 132.395,
                    "Actual Rows": 10061,
                    "Actual Loops": 2,
                    "Hash Buckets": 32768,
                    "Original Hash Buckets": 32768,
                    "Hash Batches": 1,
                    "Original Hash Batches": 1,
                    "Peak Memory Usage": 1088,
                    "Plans": [
                      {
                        "Node Type": "Seq Scan",
                        "Parent Relationship": "Outer",
                        "Parallel Aware": true,
                        "Relation Name": "title",
                        "Alias": "t",
                        "Startup Cost": 0.0,
                        "Total Cost": 54588.39,
                        "Plan Rows": 10807,
                        "Plan Width": 4,
                        "Actual Startup Time": 0.039,
                        "Actual Total Time": 128.74,
                        "Actual Rows": 10061,
                        "Actual Loops": 2,
                        "Filter": "(production_year = 1987)",
                        "Rows Removed by Filter": 1254095
                      }
                    ]
                  }
                ]
              }
            ]
          }
        ]
      }
    ]
  },
  "Planning Time": 0.396,
  "Triggers": [],
  "Execution Time": 280.448
}