[
  {
    "Plan": {
      "Node Type": "Aggregate",
      "Strategy": "Plain",
      "Partial Mode": "Finalize",
      "Parallel Aware": false,
      "Startup Cost": 162516.04,
      "Total Cost": 162516.05,
      "Plan Rows": 1,
      "Plan Width": 8,
      "Actual Startup Time": 1947.403,
      "Actual Total Time": 2018.755,
      "Actual Rows": 1,
      "Actual Loops": 1,
      "Plans": [
        {
          "Node Type": "Gather",
          "Parent Relationship": "Outer",
          "Parallel Aware": false,
          "Startup Cost": 162515.72,
          "Total Cost": 162516.03,
          "Plan Rows": 3,
          "Plan Width": 8,
          "Actual Startup Time": 1938.573,
          "Actual Total Time": 2018.744,
          "Actual Rows": 4,
          "Actual Loops": 1,
          "Workers Planned": 3,
          "Workers Launched": 3,
          "Single Copy": false,
          "Plans": [
            {
              "Node Type": "Aggregate",
              "Strategy": "Plain",
              "Partial Mode": "Partial",
              "Parent Relationship": "Outer",
              "Parallel Aware": false,
              "Startup Cost": 161515.72,
              "Total Cost": 161515.73,
              "Plan Rows": 1,
              "Plan Width": 8,
              "Actual Startup Time": 1920.302,
              "Actual Total Time": 1920.306,
              "Actual Rows": 1,
              "Actual Loops": 4,
              "Plans": [
                {
                  "Node Type": "Nested Loop",
                  "Parent Relationship": "Outer",
                  "Parallel Aware": false,
                  "Join Type": "Inner",
                  "Startup Cost": 52701.83,
                  "Total Cost": 160166.03,
                  "Plan Rows": 539877,
                  "Plan Width": 0,
                  "Actual Startup Time": 366.034,
                  "Actual Total Time": 1841.269,
                  "Actual Rows": 1639414,
                  "Actual Loops": 4,
                  "Inner Unique": false,
                  "Plans": [
                    {
                      "Node Type": "Hash Join",
                      "Parent Relationship": "Outer",
                      "Parallel Aware": true,
                      "Join Type": "Inner",
                      "Startup Cost": 52701.27,
                      "Total Cost": 77725.14,
                      "Plan Rows": 37677,
                      "Plan Width": 8,
                      "Actual Startup Time": 365.92,
                      "Actual Total Time": 411.909,
                      "Actual Rows": 28832,
                      "Actual Loops": 4,
                      "Inner Unique": true,
                      "Hash Cond": "(mk.movie_id = t.id)",
                      "Plans": [
                        {
                          "Node Type": "Bitmap Heap Scan",
                          "Parent Relationship": "Outer",
                          "Parallel Aware": true,
                          "Relation Name": "movie_keyword",
                          "Alias": "mk",
                          "Startup Cost": 2481.62,
                          "Total Cost": 27406.59,
                          "Plan Rows": 37677,
                          "Plan Width": 4,
                          "Actual Startup Time": 9.676,
                          "Actual Total Time": 36.559,
                          "Actual Rows": 28832,
                          "Actual Loops": 4,
                          "Recheck Cond": "(keyword_id > 79021)",
                          "Rows Removed by Index Recheck": 0,
                          "Exact Heap Blocks": 5729,
                          "Lossy Heap Blocks": 0,
                          "Plans": [
                            {
                              "Node Type": "Bitmap Index Scan",
                              "Parent Relationship": "Outer",
                              "Parallel Aware": false,
                              "Index Name": "keyword_id_movie_keyword",
                              "Startup Cost": 0.0,
                              "Total Cost": 2452.42,
                              "Plan Rows": 116799,
                              "Plan Width": 0,
                              "Actual Startup Time": 6.966,
                              "Actual Total Time": 6.966,
                              "Actual Rows": 115330,
                              "Actual Loops": 1,
                              "Index Cond": "(keyword_id > 79021)"
                            }
                          ]
                        },
                        {
                          "Node Type": "Hash",
                          "Parent Relationship": "Inner",
                          "Parallel Aware": true,
                          "Startup Cost": 42318.73,
                          "Total Cost": 42318.73,
                          "Plan Rows": 632073,
                          "Plan Width": 4,
                          "Actual Startup Time": 345.085,
                          "Actual Total Time": 345.086,
                          "Actual Rows": 632078,
                          "Actual Loops": 4,
                          "Hash Buckets": 4194304,
                          "Original Hash Buckets": 4194304,
                          "Hash Batches": 1,
                          "Original Hash Batches": 1,
                          "Peak Memory Usage": 131776,
                          "Plans": [
                            {
                              "Node Type": "Seq Scan",
                              "Parent Relationship": "Outer",
                              "Parallel Aware": true,
                              "Relation Name": "title",
                              "Alias": "t",
                              "Startup Cost": 0.0,
                              "Total Cost": 42318.73,
                              "Plan Rows": 632073,
                              "Plan Width": 4,
                              "Actual Startup Time": 0.033,
                              "Actual Total Time": 101.68,
                              "Actual Rows": 632078,
                              "Actual Loops": 4
                            }
                          ]
                        }
                      ]
                    },
                    {
                      "Node Type": "Index Only Scan",
                      "Parent Relationship": "Inner",
                      "Parallel Aware": false,
                      "Scan Direction": "Forward",
                      "Index Name": "movie_id_cast_info",
                      "Relation Name": "cast_info",
                      "Alias": "ci",
                      "Startup Cost": 0.56,
                      "Total Cost": 1.82,
                      "Plan Rows": 37,
                      "Plan Width": 4,
                      "Actual Startup Time": 0.006,
                      "Actual Total Time": 0.045,
                      "Actual Rows": 57,
                      "Actual Loops": 115330,
                      "Index Cond": "(movie_id = t.id)",
                      "Rows Removed by Index Recheck": 0,
                      "Heap Fetches": 6557656
                    }
                  ]
                }
              ]
            }
          ]
        }
      ]
    },
    "Planning Time": 1.287,
    "Triggers": [],
    "Execution Time": 2018.931
  }
]