[
  {
    "Plan": {
      "Node Type": "Aggregate",
      "Strategy": "Plain",
      "Partial Mode": "Finalize",
      "Parallel Aware": false,
      "Startup Cost": 300407.56,
      "Total Cost": 300407.57,
      "Plan Rows": 1,
      "Plan Width": 8,
      "Actual Startup Time": 1040.415,
      "Actual Total Time": 1099.155,
      "Actual Rows": 1,
      "Actual Loops": 1,
      "Plans": [
        {
          "Node Type": "Gather",
          "Parent Relationship": "Outer",
          "Parallel Aware": false,
          "Startup Cost": 300407.24,
          "Total Cost": 300407.55,
          "Plan Rows": 3,
          "Plan Width": 8,
          "Actual Startup Time": 1038.288,
          "Actual Total Time": 1099.146,
          "Actual Rows": 4,
          "Actual Loops": 1,
          "Workers Planned": 3,
          "Workers Launched": 3,
          "Single Copy": false,
          "Plans": [
            {
              "Node Type": "Aggregate",
              "Strategy": "Plain",
              "Partial Mode": "Partial",
              "Parent Relationship": "Outer",
              "Parallel Aware": false,
              "Startup Cost": 299407.24,
              "Total Cost": 299407.25,
              "Plan Rows": 1,
              "Plan Width": 8,
              "Actual Startup Time": 1029.032,
              "Actual Total Time": 1029.038,
              "Actual Rows": 1,
              "Actual Loops": 4,
              "Plans": [
                {
                  "Node Type": "Hash Join",
                  "Parent Relationship": "Outer",
                  "Parallel Aware": true,
                  "Join Type": "Inner",
                  "Startup Cost": 252631.22,
                  "Total Cost": 298153.79,
                  "Plan Rows": 501380,
                  "Plan Width": 0,
                  "Actual Startup Time": 833.723,
                  "Actual Total Time": 1021.999,
                  "Actual Rows": 180282,
                  "Actual Loops": 4,
                  "Inner Unique": false,
                  "Hash Cond": "(mk.movie_id = t.id)",
                  "Plans": [
                    {
                      "Node Type": "Seq Scan",
                      "Parent Relationship": "Outer",
                      "Parallel Aware": true,
                      "Relation Name": "movie_keyword",
                      "Alias": "mk",
                      "Startup Cost": 0.0,
                      "Total Cost": 39047.32,
                      "Plan Rows": 1459332,
                      "Plan Width": 4,
                      "Actual Startup Time": 0.017,
                      "Actual Total Time": 85.298,
                      "Actual Rows": 1130982,
                      "Actual Loops": 4
                    },
                    {
                      "Node Type": "Hash",
                      "Parent Relationship": "Inner",
                      "Parallel Aware": true,
                      "Startup Cost": 250459.5,
                      "Total Cost": 250459.5,
                      "Plan Rows": 173737,
                      "Plan Width": 8,
                      "Actual Startup Time": 827.847,
                      "Actual Total Time": 827.851,
                      "Actual Rows": 120836,
                      "Actual Loops": 4,
                      "Hash Buckets": 1048576,
                      "Original Hash Buckets": 1048576,
                      "Hash Batches": 1,
                      "Original Hash Batches": 1,
                      "Peak Memory Usage": 27136,
                      "Plans": [
                        {
                          "Node Type": "Hash Join",
                          "Parent Relationship": "Outer",
                          "Parallel Aware": true,
                          "Join Type": "Inner",
                          "Startup Cost": 46175.86,
                          "Total Cost": 250459.5,
                          "Plan Rows": 173737,
                          "Plan Width": 8,
                          "Actual Startup Time": 136.259,
                          "Actual Total Time": 786.383,
                          "Actual Rows": 120836,
                          "Actual Loops": 4,
                          "Inner Unique": true,
                          "Hash Cond": "(mi.movie_id = t.id)",
                          "Plans": [
                            {
                              "Node Type": "Seq Scan",
                              "Parent Relationship": "Outer",
                              "Parallel Aware": true,
                              "Relation Name": "movie_info",
                              "Alias": "mi",
                              "Startup Cost": 0.0,
                              "Total Cost": 199108.24,
                              "Plan Rows": 1971577,
                              "Plan Width": 4,
                              "Actual Startup Time": 20.651,
                              "Actual Total Time": 435.976,
                              "Actual Rows": 2477938,
                              "Actual Loops": 4,
                              "Filter": "(info_type_id > 4)",
                              "Rows Removed by Filter": 1230992
                            },
                            {
                              "Node Type": "Hash",
                              "Parent Relationship": "Inner",
                              "Parallel Aware": true,
                              "Startup Cost": 45479.59,
                              "Total Cost": 45479.59,
                              "Plan Rows": 55702,
                              "Plan Width": 4,
                              "Actual Startup Time": 114.525,
                              "Actual Total Time": 114.526,
                              "Actual Rows": 32389,
                              "Actual Loops": 4,
                              "Hash Buckets": 262144,
                              "Original Hash Buckets": 262144,
                              "Hash Batches": 1,
                              "Original Hash Batches": 1,
                              "Peak Memory Usage": 7168,
                              "Plans": [
                                {
                                  "Node Type": "Seq Scan",
                                  "Parent Relationship": "Outer",
                                  "Parallel Aware": true,
                                  "Relation Name": "title",
                                  "Alias": "t",
                                  "Startup Cost": 0.0,
                                  "Total Cost": 45479.59,
                                  "Plan Rows": 55702,
                                  "Plan Width": 4,
                                  "Actual Startup Time": 0.049,
                                  "Actual Total Time": 99.259,
                                  "Actual Rows": 32389,
                                  "Actual Loops": 4,
                                  "Filter": "((production_year < 1971) AND (kind_id = 7))",
                                  "Rows Removed by Filter": 599689
                                }
                              ]
                            }
                          ]
                        }
                      ]
                    }
                  ]
                }
              ]
            }
          ]
        }
      ]
    },
    "Planning Time": 1.492,
    "Triggers": [],
    "Execution Time": 1099.254
  }
]