[
  {
    "Plan": {
      "Node Type": "Aggregate",
      "Strategy": "Plain",
      "Partial Mode": "Finalize",
      "Parallel Aware": false,
      "Startup Cost": 124721.49,
      "Total Cost": 124721.5,
      "Plan Rows": 1,
      "Plan Width": 8,
      "Actual Startup Time": 708.35,
      "Actual Total Time": 728.04,
      "Actual Rows": 1,
      "Actual Loops": 1,
      "Plans": [
        {
          "Node Type": "Gather",
          "Parent Relationship": "Outer",
          "Parallel Aware": false,
          "Startup Cost": 124721.18,
          "Total Cost": 124721.49,
          "Plan Rows": 3,
          "Plan Width": 8,
          "Actual Startup Time": 699.44,
          "Actual Total Time": 728.031,
          "Actual Rows": 4,
          "Actual Loops": 1,
          "Workers Planned": 3,
          "Workers Launched": 3,
          "Single Copy": false,
          "Plans": [
            {
              "Node Type": "Aggregate",
              "Strategy": "Plain",
              "Partial Mode": "Partial",
              "Parent Relationship": "Outer",
              "Parallel Aware": false,
              "Startup Cost": 123721.18,
              "Total Cost": 123721.19,
              "Plan Rows": 1,
              "Plan Width": 8,
              "Actual Startup Time": 690.997,
              "Actual Total Time": 691.14,
              "Actual Rows": 1,
              "Actual Loops": 4,
              "Plans": [
                {
                  "Node Type": "Hash Join",
                  "Parent Relationship": "Outer",
                  "Parallel Aware": true,
                  "Join Type": "Inner",
                  "Startup Cost": 90363.61,
                  "Total Cost": 123539.69,
                  "Plan Rows": 72593,
                  "Plan Width": 0,
                  "Actual Startup Time": 521.458,
                  "Actual Total Time": 665.166,
                  "Actual Rows": 658381,
                  "Actual Loops": 4,
                  "Inner Unique": false,
                  "Hash Cond": "(mc.movie_id = t.id)",
                  "Plans": [
                    {
                      "Node Type": "Seq Scan",
                      "Parent Relationship": "Outer",
                      "Parallel Aware": true,
                      "Relation Name": "movie_companies",
                      "Alias": "mc",
                      "Startup Cost": 0.0,
                      "Total Cost": 31414.82,
                      "Plan Rows": 407227,
                      "Plan Width": 4,
                      "Actual Startup Time": 0.024,
                      "Actual Total Time": 66.318,
                      "Actual Rows": 318562,
                      "Actual Loops": 4,
                      "Filter": "((company_id < 197835) AND (company_type_id < 2))",
                      "Rows Removed by Filter": 333721
                    },
                    {
                      "Node Type": "Hash",
                      "Parent Relationship": "Inner",
                      "Parallel Aware": true,
                      "Startup Cost": 88546.29,
                      "Total Cost": 88546.29,
                      "Plan Rows": 145385,
                      "Plan Width": 8,
                      "Actual Startup Time": 509.294,
                      "Actual Total Time": 509.436,
                      "Actual Rows": 101862,
                      "Actual Loops": 4,
                      "Hash Buckets": 524288,
                      "Original Hash Buckets": 524288,
                      "Hash Batches": 1,
                      "Original Hash Batches": 1,
                      "Peak Memory Usage": 20128,
                      "Plans": [
                        {
                          "Node Type": "Hash Join",
                          "Parent Relationship": "Outer",
                          "Parallel Aware": true,
                          "Join Type": "Inner",
                          "Startup Cost": 61642.19,
                          "Total Cost": 88546.29,
                          "Plan Rows": 145385,
                          "Plan Width": 8,
                          "Actual Startup Time": 390.582,
                          "Actual Total Time": 484.946,
                          "Actual Rows": 101862,
                          "Actual Loops": 4,
                          "Inner Unique": true,
                          "Hash Cond": "(mk.movie_id = t.id)",
                          "Plans": [
                            {
                              "Node Type": "Bitmap Heap Scan",
                              "Parent Relationship": "Outer",
                              "Parallel Aware": true,
                              "Relation Name": "movie_keyword",
                              "Alias": "mk",
                              "Startup Cost": 10652.25,
                              "Total Cost": 37131.13,
                              "Plan Rows": 161990,
                              "Plan Width": 4,
                              "Actual Startup Time": 37.578,
                              "Actual Total Time": 90.972,
                              "Actual Rows": 122352,
                              "Actual Loops": 4,
                              "Recheck Cond": "(keyword_id > 36742)",
                              "Rows Removed by Index Recheck": 0,
                              "Exact Heap Blocks": 6555,
                              "Lossy Heap Blocks": 0,
                              "Plans": [
                                {
                                  "Node Type": "Bitmap Index Scan",
                                  "Parent Relationship": "Outer",
                                  "Parallel Aware": false,
                                  "Index Name": "keyword_id_movie_keyword",
                                  "Startup Cost": 0.0,
                                  "Total Cost": 10526.71,
                                  "Plan Rows": 502170,
                                  "Plan Width": 0,
                                  "Actual Startup Time": 34.008,
                                  "Actual Total Time": 34.009,
                                  "Actual Rows": 489408,
                                  "Actual Loops": 1,
                                  "Index Cond": "(keyword_id > 36742)"
                                }
                              ]
                            },
                            {
                              "Node Type": "Hash",
                              "Parent Relationship": "Inner",
                              "Parallel Aware": true,
                              "Startup Cost": 43898.92,
                              "Total Cost": 43898.92,
                              "Plan Rows": 567282,
                              "Plan Width": 4,
                              "Actual Startup Time": 344.224,
                              "Actual Total Time": 344.227,
                              "Actual Rows": 565307,
                              "Actual Loops": 4,
                              "Hash Buckets": 4194304,
                              "Original Hash Buckets": 4194304,
                              "Hash Batches": 1,
                              "Original Hash Batches": 1,
                              "Peak Memory Usage": 121312,
                              "Plans": [
                                {
                                  "Node Type": "Seq Scan",
                                  "Parent Relationship": "Outer",
                                  "Parallel Aware": true,
                                  "Relation Name": "title",
                                  "Alias": "t",
                                  "Startup Cost": 0.0,
                                  "Total Cost": 43898.92,
                                  "Plan Rows": 567282,
                                  "Plan Width": 4,
                                  "Actual Startup Time": 0.047,
                                  "Actual Total Time": 112.787,
                                  "Actual Rows": 565307,
                                  "Actual Loops": 4,
                                  "Filter": "(production_year > 1954)",
                                  "Rows Removed by Filter": 66771
                                }
                              ]
                            }
                          ]
                        }
                      ]
                    }
                  ]
                }
              ]
            }
          ]
        }
      ]
    },
    "Planning Time": 1.421,
    "Triggers": [],
    "Execution Time": 728.144
  }
]