{
  "Plan": {
    "Node Type": "Aggregate",
    "Strategy": "Plain",
    "Partial Mode": "Finalize",
    "Parallel Aware": false,
    "Startup Cost": 251335.28,
    "Total Cost": 251335.29,
    "Plan Rows": 1,
    "Plan Width": 8,
    "Actual Startup Time": 604.541,
    "Actual Total Time": 628.059,
    "Actual Rows": 1,
    "Actual Loops": 1,
    "Plans": [
      {
        "Node Type": "Gather",
        "Parent Relationship": "Outer",
        "Parallel Aware": false,
        "Startup Cost": 251335.17,
        "Total Cost": 251335.28,
        "Plan Rows": 1,
        "Plan Width": 8,
        "Actual Startup Time": 603.19,
        "Actual Total Time": 628.052,
        "Actual Rows": 2,
        "Actual Loops": 1,
        "Workers Planned": 1,
        "Workers Launched": 1,
        "Single Copy": false,
        "Plans": [
          {
            "Node Type": "Aggregate",
            "Strategy": "Plain",
            "Partial Mode": "Partial",
            "Parent Relationship": "Outer",
            "Parallel Aware": false,
            "Startup Cost": 250335.17,
            "Total Cost": 250335.18,
            "Plan Rows": 1,
            "Plan Width": 8,
            "Actual Startup Time": 599.107,
            "Actual Total Time": 599.113,
            "Actual Rows": 1,
            "Actual Loops": 2,
            "Plans": [
              {
                "Node Type": "Nested Loop",
                "Parent Relationship": "Outer",
                "Parallel Aware": false,
                "Join Type": "Inner",
                "Startup Cost": 78939.95,
                "Total Cost": 250293.9,
                "Plan Rows": 16508,
                "Plan Width": 0,
                "Actual Startup Time": 341.928,
                "Actual Total Time": 597.354,
                "Actual Rows": 20760,
                "Actual Loops": 2,
                "Inner Unique": false,
                "Plans": [
                  {
                    "Node Type": "Hash Join",
                    "Parent Relationship": "Outer",
                    "Parallel Aware": true,
                    "Join Type": "Inner",
                    "Startup Cost": 78939.51,
                    "Total Cost": 105010.19,
                    "Plan Rows": 52410,
                    "Plan Width": 8,
                    "Actual Startup Time": 341.855,
                    "Actual Total Time": 413.824,
                    "Actual Rows": 31388,
                    "Actual Loops": 2,
                    "Inner Unique": true,
                    "Hash Cond": "(mc.movie_id = t.id)",
                    "Plans": [
                      {
                        "Node Type": "Bitmap Heap Scan",
                        "Parent Relationship": "Outer",
                        "Parallel Aware": true,
                        "Relation Name": "movie_companies",
                        "Alias": "mc",
                        "Startup Cost": 16328.2,
                        "Total Cost": 41804.76,
                        "Plan Rows": 226332,
                        "Plan Width": 4,
                        "Actual Startup Time": 79.943,
                        "Actual Total Time": 110.907,
                        "Actual Rows": 111454,
                        "Actual Loops": 2,
                        "Recheck Cond": "(company_id < 1465)",
                        "Rows Removed by Index Recheck": 0,
                        "Filter": "(company_type_id > 1)",
                        "Rows Removed by Filter": 264045,
                        "Exact Heap Blocks": 13055,
                        "Lossy Heap Blocks": 0,
                        "Plans": [
                          {
                            "Node Type": "Bitmap Index Scan",
                            "Parent Relationship": "Outer",
                            "Parallel Aware": false,
                            "Index Name": "company_id_movie_companies",
                            "Startup Cost": 0.0,
                            "Total Cost": 16232.01,
                            "Plan Rows": 757810,
                            "Plan Width": 0,
                            "Actual Startup Time": 29.54,
                            "Actual Total Time": 29.541,
                            "Actual Rows": 750999,
                            "Actual Loops": 1,
                            "Index Cond": "(company_id < 1465)"
                          }
                        ]
                      },
                      {
                        "Node Type": "Hash",
                        "Parent Relationship": "Inner",
                        "Parallel Aware": true,
                        "Startup Cost": 58306.47,
                        "Total Cost": 58306.47,
                        "Plan Rows": 344388,
                        "Plan Width": 4,
                        "Actual Startup Time": 254.209,
                        "Actual Total Time": 254.21,
                        "Actual Rows": 243184,
                        "Actual Loops": 2,
                        "Hash Buckets": 1048576,
                        "Original Hash Buckets": 1048576,
                        "Hash Batches": 1,
                        "Original Hash Batches": 1,
                        "Peak Memory Usage": 27232,
                        "Plans": [
                          {
                            "Node Type": "Seq Scan",
                            "Parent Relationship": "Outer",
                            "Parallel Aware": true,
                            "Relation Name": "title",
                            "Alias": "t",
                            "Startup Cost": 0.0,
                            "Total Cost": 58306.47,
                            "Plan Rows": 344388,
                            "Plan Width": 4,
                            "Actual Startup Time": 0.021,
                            "Actual Total Time": 168.329,
                            "Actual Rows": 243184,
                            "Actual Loops": 2,
                            "Filter": "((production_year < 1999) AND (kind_id = 7))",
                            "Rows Removed by Filter": 1020972
                          }
                        ]
                      }
                    ]
                  },
                  {
                    "Node Type": "Index Scan",
                    "Parent Relationship": "Inner",
                    "Parallel Aware": false,
                    "Scan Direction": "Forward",
                    "Index Name": "movie_id_movie_info",
                    "Relation Name": "movie_info",
                    "Alias": "mi",
                    "Startup Cost": 0.43,
                    "Total Cost": 2.75,
                    "Plan Rows": 2,
                    "Plan Width": 4,
                    "Actual Startup Time": 0.003,
                    "Actual Total Time": 0.006,
                    "Actual Rows": 1,
                    "Actual Loops": 62775,
                    "Index Cond": "(movie_id = t.id)",
                    "Rows Removed by Index Recheck": 0,
                    "Filter": "(info_type_id < 2)",
                    "Rows Removed by Filter": 8
                  }
                ]
              }
            ]
          }
        ]
      }
    ]
  },
  "Planning Time": 0.644,
  "Triggers": [],
  "Execution Time": 628.133
}