[
  {
    "Plan": {
      "Node Type": "Aggregate",
      "Strategy": "Plain",
      "Partial Mode": "Finalize",
      "Parallel Aware": false,
      "Startup Cost": 9663.75,
      "Total Cost": 9663.76,
      "Plan Rows": 1,
      "Plan Width": 8,
      "Actual Startup Time": 34.279,
      "Actual Total Time": 36.087,
      "Actual Rows": 1,
      "Actual Loops": 1,
      "Plans": [
        {
          "Node Type": "Gather",
          "Parent Relationship": "Outer",
          "Parallel Aware": false,
          "Startup Cost": 9663.43,
          "Total Cost": 9663.74,
          "Plan Rows": 3,
          "Plan Width": 8,
          "Actual Startup Time": 34.188,
          "Actual Total Time": 36.079,
          "Actual Rows": 4,
          "Actual Loops": 1,
          "Workers Planned": 3,
          "Workers Launched": 3,
          "Single Copy": false,
          "Plans": [
            {
              "Node Type": "Aggregate",
              "Strategy": "Plain",
              "Partial Mode": "Partial",
              "Parent Relationship": "Outer",
              "Parallel Aware": false,
              "Startup Cost": 8663.43,
              "Total Cost": 8663.44,
              "Plan Rows": 1,
              "Plan Width": 8,
              "Actual Startup Time": 27.08,
              "Actual Total Time": 27.081,
              "Actual Rows": 1,
              "Actual Loops": 4,
              "Plans": [
                {
                  "Node Type": "Index Scan",
                  "Parent Relationship": "Outer",
                  "Parallel Aware": true,
                  "Scan Direction": "Forward",
                  "Index Name": "role_id_cast_info",
                  "Relation Name": "cast_info",
                  "Alias": "ci",
                  "Startup Cost": 0.56,
                  "Total Cost": 8600.37,
                  "Plan Rows": 25225,
                  "Plan Width": 0,
                  "Actual Startup Time": 0.201,
                  "Actual Total Time": 25.916,
                  "Actual Rows": 9678,
                  "Actual Loops": 4,
                  "Index Cond": "(role_id > 10)",
                  "Rows Removed by Index Recheck": 0,
                  "Filter": "(person_id < 941702)",
                  "Rows Removed by Filter": 69352
                }
              ]
            }
          ]
        }
      ]
    },
    "Planning Time": 0.214,
    "Triggers": [],
    "Execution Time": 36.151
  }
]