[
  {
    "Plan": {
      "Node Type": "Aggregate",
      "Strategy": "Plain",
      "Partial Mode": "Finalize",
      "Parallel Aware": false,
      "Startup Cost": 390696.15,
      "Total Cost": 390696.16,
      "Plan Rows": 1,
      "Plan Width": 8,
      "Actual Startup Time": 1357.282,
      "Actual Total Time": 1384.311,
      "Actual Rows": 1,
      "Actual Loops": 1,
      "Plans": [
        {
          "Node Type": "Gather",
          "Parent Relationship": "Outer",
          "Parallel Aware": false,
          "Startup Cost": 390695.52,
          "Total Cost": 390696.13,
          "Plan Rows": 6,
          "Plan Width": 8,
          "Actual Startup Time": 1342.239,
          "Actual Total Time": 1384.3,
          "Actual Rows": 7,
          "Actual Loops": 1,
          "Workers Planned": 6,
          "Workers Launched": 6,
          "Single Copy": false,
          "Plans": [
            {
              "Node Type": "Aggregate",
              "Strategy": "Plain",
              "Partial Mode": "Partial",
              "Parent Relationship": "Outer",
              "Parallel Aware": false,
              "Startup Cost": 389695.52,
              "Total Cost": 389695.53,
              "Plan Rows": 1,
              "Plan Width": 8,
              "Actual Startup Time": 1327.486,
              "Actual Total Time": 1327.489,
              "Actual Rows": 1,
              "Actual Loops": 7,
              "Plans": [
                {
                  "Node Type": "Hash Join",
                  "Parent Relationship": "Outer",
                  "Parallel Aware": true,
                  "Join Type": "Inner",
                  "Startup Cost": 49224.56,
                  "Total Cost": 386240.13,
                  "Plan Rows": 1382157,
                  "Plan Width": 0,
                  "Actual Startup Time": 209.646,
                  "Actual Total Time": 1267.966,
                  "Actual Rows": 1273632,
                  "Actual Loops": 7,
                  "Inner Unique": true,
                  "Hash Cond": "(ci.movie_id = t.id)",
                  "Plans": [
                    {
                      "Node Type": "Index Scan",
                      "Parent Relationship": "Outer",
                      "Parallel Aware": true,
                      "Scan Direction": "Forward",
                      "Index Name": "role_id_cast_info",
                      "Relation Name": "cast_info",
                      "Alias": "ci",
                      "Startup Cost": 0.56,
                      "Total Cost": 331632.96,
                      "Plan Rows": 2050731,
                      "Plan Width": 4,
                      "Actual Startup Time": 0.272,
                      "Actual Total Time": 383.529,
                      "Actual Rows": 1712402,
                      "Actual Loops": 7,
                      "Index Cond": "(role_id > 3)",
                      "Rows Removed by Index Recheck": 0,
                      "Filter": "(person_id < 4042283)",
                      "Rows Removed by Filter": 18119
                    },
                    {
                      "Node Type": "Hash",
                      "Parent Relationship": "Inner",
                      "Parallel Aware": true,
                      "Startup Cost": 43898.92,
                      "Total Cost": 43898.92,
                      "Plan Rows": 426006,
                      "Plan Width": 4,
                      "Actual Startup Time": 204.702,
                      "Actual Total Time": 204.703,
                      "Actual Rows": 242902,
                      "Actual Loops": 7,
                      "Hash Buckets": 2097152,
                      "Original Hash Buckets": 2097152,
                      "Hash Batches": 1,
                      "Original Hash Batches": 1,
                      "Peak Memory Usage": 82976,
                      "Plans": [
                        {
                          "Node Type": "Seq Scan",
                          "Parent Relationship": "Outer",
                          "Parallel Aware": true,
                          "Relation Name": "title",
                          "Alias": "t",
                          "Startup Cost": 0.0,
                          "Total Cost": 43898.92,
                          "Plan Rows": 426006,
                          "Plan Width": 4,
                          "Actual Startup Time": 0.056,
                          "Actual Total Time": 84.64,
                          "Actual Rows": 242902,
                          "Actual Loops": 7,
                          "Filter": "(production_year > 1992)",
                          "Rows Removed by Filter": 118285
                        }
                      ]
                    }
                  ]
                }
              ]
            }
          ]
        }
      ]
    },
    "Planning Time": 0.731,
    "Triggers": [],
    "Execution Time": 1384.394
  }
]