[
  {
    "Plan": {
      "Node Type": "Aggregate",
      "Strategy": "Plain",
      "Partial Mode": "Finalize",
      "Parallel Aware": false,
      "Startup Cost": 32886.03,
      "Total Cost": 32886.04,
      "Plan Rows": 1,
      "Plan Width": 8,
      "Actual Startup Time": 109.398,
      "Actual Total Time": 117.512,
      "Actual Rows": 1,
      "Actual Loops": 1,
      "Plans": [
        {
          "Node Type": "Gather",
          "Parent Relationship": "Outer",
          "Parallel Aware": false,
          "Startup Cost": 32885.71,
          "Total Cost": 32886.02,
          "Plan Rows": 3,
          "Plan Width": 8,
          "Actual Startup Time": 109.113,
          "Actual Total Time": 117.502,
          "Actual Rows": 4,
          "Actual Loops": 1,
          "Workers Planned": 3,
          "Workers Launched": 3,
          "Single Copy": false,
          "Plans": [
            {
              "Node Type": "Aggregate",
              "Strategy": "Plain",
              "Partial Mode": "Partial",
              "Parent Relationship": "Outer",
              "Parallel Aware": false,
              "Startup Cost": 31885.71,
              "Total Cost": 31885.72,
              "Plan Rows": 1,
              "Plan Width": 8,
              "Actual Startup Time": 101.035,
              "Actual Total Time": 101.037,
              "Actual Rows": 1,
              "Actual Loops": 4,
              "Plans": [
                {
                  "Node Type": "Bitmap Heap Scan",
                  "Parent Relationship": "Outer",
                  "Parallel Aware": true,
                  "Relation Name": "movie_keyword",
                  "Alias": "mk",
                  "Startup Cost": 6051.34,
                  "Total Cost": 31655.65,
                  "Plan Rows": 92025,
                  "Plan Width": 0,
                  "Actual Startup Time": 29.373,
                  "Actual Total Time": 95.395,
                  "Actual Rows": 70708,
                  "Actual Loops": 4,
                  "Recheck Cond": "(keyword_id > 56595)",
                  "Rows Removed by Index Recheck": 0,
                  "Exact Heap Blocks": 8910,
                  "Lossy Heap Blocks": 0,
                  "Plans": [
                    {
                      "Node Type": "Bitmap Index Scan",
                      "Parent Relationship": "Outer",
                      "Parallel Aware": false,
                      "Index Name": "keyword_id_movie_keyword",
                      "Startup Cost": 0.0,
                      "Total Cost": 5980.02,
                      "Plan Rows": 285278,
                      "Plan Width": 0,
                      "Actual Startup Time": 31.618,
                      "Actual Total Time": 31.618,
                      "Actual Rows": 282831,
                      "Actual Loops": 1,
                      "Index Cond": "(keyword_id > 56595)"
                    }
                  ]
                }
              ]
            }
          ]
        }
      ]
    },
    "Planning Time": 0.15,
    "Triggers": [],
    "Execution Time": 117.583
  }
]