[
  {
    "Plan": {
      "Node Type": "Aggregate",
      "Strategy": "Plain",
      "Partial Mode": "Finalize",
      "Parallel Aware": false,
      "Startup Cost": 334574.02,
      "Total Cost": 334574.03,
      "Plan Rows": 1,
      "Plan Width": 8,
      "Actual Startup Time": 704.094,
      "Actual Total Time": 748.692,
      "Actual Rows": 1,
      "Actual Loops": 1,
      "Plans": [
        {
          "Node Type": "Gather",
          "Parent Relationship": "Outer",
          "Parallel Aware": false,
          "Startup Cost": 334573.4,
          "Total Cost": 334574.01,
          "Plan Rows": 6,
          "Plan Width": 8,
          "Actual Startup Time": 703.896,
          "Actual Total Time": 748.677,
          "Actual Rows": 7,
          "Actual Loops": 1,
          "Workers Planned": 6,
          "Workers Launched": 6,
          "Single Copy": false,
          "Plans": [
            {
              "Node Type": "Aggregate",
              "Strategy": "Plain",
              "Partial Mode": "Partial",
              "Parent Relationship": "Outer",
              "Parallel Aware": false,
              "Startup Cost": 333573.4,
              "Total Cost": 333573.41,
              "Plan Rows": 1,
              "Plan Width": 8,
              "Actual Startup Time": 694.247,
              "Actual Total Time": 694.249,
              "Actual Rows": 1,
              "Actual Loops": 7,
              "Plans": [
                {
                  "Node Type": "Seq Scan",
                  "Parent Relationship": "Outer",
                  "Parallel Aware": true,
                  "Relation Name": "cast_info",
                  "Alias": "ci",
                  "Startup Cost": 0.0,
                  "Total Cost": 328211.39,
                  "Plan Rows": 2144802,
                  "Plan Width": 0,
                  "Actual Startup Time": 0.066,
                  "Actual Total Time": 597.979,
                  "Actual Rows": 1851050,
                  "Actual Loops": 7,
                  "Filter": "(person_id < 1280266)",
                  "Rows Removed by Filter": 3326714
                }
              ]
            }
          ]
        }
      ]
    },
    "Planning Time": 0.203,
    "Triggers": [],
    "Execution Time": 748.762
  }
]