[
  {
    "Plan": {
      "Node Type": "Aggregate",
      "Strategy": "Plain",
      "Partial Mode": "Finalize",
      "Parallel Aware": false,
      "Startup Cost": 334565.75,
      "Total Cost": 334565.76,
      "Plan Rows": 1,
      "Plan Width": 8,
      "Actual Startup Time": 728.026,
      "Actual Total Time": 786.148,
      "Actual Rows": 1,
      "Actual Loops": 1,
      "Plans": [
        {
          "Node Type": "Gather",
          "Parent Relationship": "Outer",
          "Parallel Aware": false,
          "Startup Cost": 334565.13,
          "Total Cost": 334565.74,
          "Plan Rows": 6,
          "Plan Width": 8,
          "Actual Startup Time": 727.914,
          "Actual Total Time": 786.137,
          "Actual Rows": 7,
          "Actual Loops": 1,
          "Workers Planned": 6,
          "Workers Launched": 6,
          "Single Copy": false,
          "Plans": [
            {
              "Node Type": "Aggregate",
              "Strategy": "Plain",
              "Partial Mode": "Partial",
              "Parent Relationship": "Outer",
              "Parallel Aware": false,
              "Startup Cost": 333565.13,
              "Total Cost": 333565.14,
              "Plan Rows": 1,
              "Plan Width": 8,
              "Actual Startup Time": 718.114,
              "Actual Total Time": 718.115,
              "Actual Rows": 1,
              "Actual Loops": 7,
              "Plans": [
                {
                  "Node Type": "Seq Scan",
                  "Parent Relationship": "Outer",
                  "Parallel Aware": true,
                  "Relation Name": "cast_info",
                  "Alias": "ci",
                  "Startup Cost": 0.0,
                  "Total Cost": 328162.03,
                  "Plan Rows": 2161241,
                  "Plan Width": 0,
                  "Actual Startup Time": 0.06,
                  "Actual Total Time": 620.253,
                  "Actual Rows": 1851050,
                  "Actual Loops": 7,
                  "Filter": "(person_id < 1280266)",
                  "Rows Removed by Filter": 3326714
                }
              ]
            }
          ]
        }
      ]
    },
    "Planning Time": 0.178,
    "Triggers": [],
    "Execution Time": 786.219
  }
]