{
  "Plan": {
    "Node Type": "Aggregate",
    "Strategy": "Plain",
    "Partial Mode": "Finalize",
    "Parallel Aware": false,
    "Startup Cost": 133195.98,
    "Total Cost": 133195.99,
    "Plan Rows": 1,
    "Plan Width": 8,
    "Actual Startup Time": 457.108,
    "Actual Total Time": 484.363,
    "Actual Rows": 1,
    "Actual Loops": 1,
    "Plans": [
      {
        "Node Type": "Gather",
        "Parent Relationship": "Outer",
        "Parallel Aware": false,
        "Startup Cost": 133195.87,
        "Total Cost": 133195.98,
        "Plan Rows": 1,
        "Plan Width": 8,
        "Actual Startup Time": 456.522,
        "Actual Total Time": 484.356,
        "Actual Rows": 2,
        "Actual Loops": 1,
        "Workers Planned": 1,
        "Workers Launched": 1,
        "Single Copy": false,
        "Plans": [
          {
            "Node Type": "Aggregate",
            "Strategy": "Plain",
            "Partial Mode": "Partial",
            "Parent Relationship": "Outer",
            "Parallel Aware": false,
            "Startup Cost": 132195.87,
            "Total Cost": 132195.88,
            "Plan Rows": 1,
            "Plan Width": 8,
            "Actual Startup Time": 450.242,
            "Actual Total Time": 450.246,
            "Actual Rows": 1,
            "Actual Loops": 2,
            "Plans": [
              {
                "Node Type": "Nested Loop",
                "Parent Relationship": "Outer",
                "Parallel Aware": false,
                "Join Type": "Inner",
                "Startup Cost": 26881.23,
                "Total Cost": 132090.44,
                "Plan Rows": 42170,
                "Plan Width": 0,
                "Actual Startup Time": 102.238,
                "Actual Total Time": 441.222,
                "Actual Rows": 218617,
                "Actual Loops": 2,
                "Inner Unique": false,
                "Plans": [
                  {
                    "Node Type": "Hash Join",
                    "Parent Relationship": "Outer",
                    "Parallel Aware": true,
                    "Join Type": "Inner",
                    "Startup Cost": 26880.79,
                    "Total Cost": 83282.25,
                    "Plan Rows": 23568,
                    "Plan Width": 8,
                    "Actual Startup Time": 102.16,
                    "Actual Total Time": 290.563,
                    "Actual Rows": 42250,
                    "Actual Loops": 2,
                    "Inner Unique": false,
                    "Hash Cond": "(t.id = mc.movie_id)",
                    "Plans": [
                      {
                        "Node Type": "Seq Scan",
                        "Parent Relationship": "Outer",
                        "Parallel Aware": true,
                        "Relation Name": "title",
                        "Alias": "t",
                        "Startup Cost": 0.0,
                        "Total Cost": 54588.39,
                        "Plan Rows": 267909,
                        "Plan Width": 4,
                        "Actual Startup Time": 0.013,
                        "Actual Total Time": 127.71,
                        "Actual Rows": 232782,
                        "Actual Loops": 2,
                        "Filter": "(production_year < 1977)",
                        "Rows Removed by Filter": 1031374
                      },
                      {
                        "Node Type": "Hash",
                        "Parent Relationship": "Inner",
                        "Parallel Aware": true,
                        "Startup Cost": 25245.44,
                        "Total Cost": 25245.44,
                        "Plan Rows": 130828,
                        "Plan Width": 4,
                        "Actual Startup Time": 98.707,
                        "Actual Total Time": 98.709,
                        "Actual Rows": 111176,
                        "Actual Loops": 2,
                        "Hash Buckets": 262144,
                        "Original Hash Buckets": 262144,
                        "Hash Batches": 1,
                        "Original Hash Batches": 1,
                        "Peak Memory Usage": 10752,
                        "Plans": [
                          {
                            "Node Type": "Bitmap Heap Scan",
                            "Parent Relationship": "Outer",
                            "Parallel Aware": true,
                            "Relation Name": "movie_companies",
                            "Alias": "mc",
                            "Startup Cost": 4820.09,
                            "Total Cost": 25245.44,
                            "Plan Rows": 130828,
                            "Plan Width": 4,
                            "Actual Startup Time": 26.524,
                            "Actual Total Time": 73.842,
                            "Actual Rows": 111176,
                            "Actual Loops": 2,
                            "Recheck Cond": "(company_id < 78)",
                            "Rows Removed by Index Recheck": 0,
                            "Exact Heap Blocks": 11694,
                            "Lossy Heap Blocks": 0,
                            "Plans": [
                              {
                                "Node Type": "Bitmap Index Scan",
                                "Parent Relationship": "Outer",
                                "Parallel Aware": false,
                                "Index Name": "company_id_movie_companies",
                                "Startup Cost": 0.0,
                                "Total Cost": 4764.49,
                                "Plan Rows": 222408,
                                "Plan Width": 0,
                                "Actual Startup Time": 25.448,
                                "Actual Total Time": 25.449,
                                "Actual Rows": 222351,
                                "Actual Loops": 1,
                                "Index Cond": "(company_id < 78)"
                              }
                            ]
                          }
                        ]
                      }
                    ]
                  },
                  {
                    "Node Type": "Index Only Scan",
                    "Parent Relationship": "Inner",
                    "Parallel Aware": false,
                    "Scan Direction": "Forward",
                    "Index Name": "movie_id_movie_keyword",
                    "Relation Name": "movie_keyword",
                    "Alias": "mk",
                    "Startup Cost": 0.43,
                    "Total Cost": 1.62,
                    "Plan Rows": 45,
                    "Plan Width": 4,
                    "Actual Startup Time": 0.002,
                    "Actual Total Time": 0.003,
                    "Actual Rows": 5,
                    "Actual Loops": 84500,
                    "Index Cond": "(movie_id = t.id)",
                    "Rows Removed by Index Recheck": 0,
                    "Heap Fetches": 437234
                  }
                ]
              }
            ]
          }
        ]
      }
    ]
  },
  "Planning Time": 0.975,
  "Triggers": [],
  "Execution Time": 484.473
}