[
  {
    "Plan": {
      "Node Type": "Aggregate",
      "Strategy": "Plain",
      "Partial Mode": "Finalize",
      "Parallel Aware": false,
      "Startup Cost": 393029.2,
      "Total Cost": 393029.21,
      "Plan Rows": 1,
      "Plan Width": 8,
      "Actual Startup Time": 626.81,
      "Actual Total Time": 663.733,
      "Actual Rows": 1,
      "Actual Loops": 1,
      "Plans": [
        {
          "Node Type": "Gather",
          "Parent Relationship": "Outer",
          "Parallel Aware": false,
          "Startup Cost": 393028.57,
          "Total Cost": 393029.18,
          "Plan Rows": 6,
          "Plan Width": 8,
          "Actual Startup Time": 624.799,
          "Actual Total Time": 663.724,
          "Actual Rows": 7,
          "Actual Loops": 1,
          "Workers Planned": 6,
          "Workers Launched": 6,
          "Single Copy": false,
          "Plans": [
            {
              "Node Type": "Aggregate",
              "Strategy": "Plain",
              "Partial Mode": "Partial",
              "Parent Relationship": "Outer",
              "Parallel Aware": false,
              "Startup Cost": 392028.57,
              "Total Cost": 392028.58,
              "Plan Rows": 1,
              "Plan Width": 8,
              "Actual Startup Time": 616.316,
              "Actual Total Time": 616.319,
              "Actual Rows": 1,
              "Actual Loops": 7,
              "Plans": [
                {
                  "Node Type": "Hash Join",
                  "Parent Relationship": "Outer",
                  "Parallel Aware": true,
                  "Join Type": "Inner",
                  "Startup Cost": 46304.65,
                  "Total Cost": 391615.52,
                  "Plan Rows": 165220,
                  "Plan Width": 0,
                  "Actual Startup Time": 285.377,
                  "Actual Total Time": 612.413,
                  "Actual Rows": 78748,
                  "Actual Loops": 7,
                  "Inner Unique": true,
                  "Hash Cond": "(ci.movie_id = t.id)",
                  "Plans": [
                    {
                      "Node Type": "Index Scan",
                      "Parent Relationship": "Outer",
                      "Parallel Aware": true,
                      "Scan Direction": "Forward",
                      "Index Name": "role_id_cast_info",
                      "Relation Name": "cast_info",
                      "Alias": "ci",
                      "Startup Cost": 0.56,
                      "Total Cost": 341155.22,
                      "Plan Rows": 1583316,
                      "Plan Width": 4,
                      "Actual Startup Time": 193.075,
                      "Actual Total Time": 385.119,
                      "Actual Rows": 867034,
                      "Actual Loops": 7,
                      "Index Cond": "(role_id < 2)",
                      "Rows Removed by Index Recheck": 0,
                      "Filter": "(person_id > 902428)",
                      "Rows Removed by Filter": 943064
                    },
                    {
                      "Node Type": "Hash",
                      "Parent Relationship": "Inner",
                      "Parallel Aware": true,
                      "Startup Cost": 45479.59,
                      "Total Cost": 45479.59,
                      "Plan Rows": 65960,
                      "Plan Width": 4,
                      "Actual Startup Time": 90.328,
                      "Actual Total Time": 90.33,
                      "Actual Rows": 30897,
                      "Actual Loops": 7,
                      "Hash Buckets": 524288,
                      "Original Hash Buckets": 524288,
                      "Hash Batches": 1,
                      "Original Hash Batches": 1,
                      "Peak Memory Usage": 12672,
                      "Plans": [
                        {
                          "Node Type": "Seq Scan",
                          "Parent Relationship": "Outer",
                          "Parallel Aware": true,
                          "Relation Name": "title",
                          "Alias": "t",
                          "Startup Cost": 0.0,
                          "Total Cost": 45479.59,
                          "Plan Rows": 65960,
                          "Plan Width": 4,
                          "Actual Startup Time": 38.491,
                          "Actual Total Time": 74.035,
                          "Actual Rows": 30897,
                          "Actual Loops": 7,
                          "Filter": "((production_year > 2005) AND (kind_id = 1))",
                          "Rows Removed by Filter": 330290
                        }
                      ]
                    }
                  ]
                }
              ]
            }
          ]
        }
      ]
    },
    "Planning Time": 0.458,
    "Triggers": [],
    "Execution Time": 663.815
  }
]