[
    {
        "Bao": {
            "Bao prediction": "NaN",
            "Bao recommended hint": "(no hint)"
        }
    },
    {
        "Plan": {
            "Node Type": "Aggregate",
            "Strategy": "Plain",
            "Partial Mode": "Simple",
            "Parallel Aware": false,
            "Startup Cost": 15676.49,
            "Total Cost": 15676.5,
            "Plan Rows": 1,
            "Plan Width": 8,
            "Actual Startup Time": 8.926,
            "Actual Total Time": 8.927,
            "Actual Rows": 1,
            "Actual Loops": 1,
            "Output": [
                "count(*)"
            ],
            "Plans": [
                {
                    "Node Type": "Bitmap Heap Scan",
                    "Parent Relationship": "Outer",
                    "Parallel Aware": false,
                    "Relation Name": "movie_keyword",
                    "Schema": "public",
                    "Alias": "mk",
                    "Startup Cost": 151.36,
                    "Total Cost": 15658.77,
                    "Plan Rows": 7087,
                    "Plan Width": 0,
                    "Actual Startup Time": 1.62,
                    "Actual Total Time": 8.558,
                    "Actual Rows": 6560,
                    "Actual Loops": 1,
                    "Recheck Cond": "(mk.keyword_id = 12015)",
                    "Rows Removed by Index Recheck": 0,
                    "Exact Heap Blocks": 4368,
                    "Lossy Heap Blocks": 0,
                    "Plans": [
                        {
                            "Node Type": "Bitmap Index Scan",
                            "Parent Relationship": "Outer",
                            "Parallel Aware": false,
                            "Index Name": "keyword_id_movie_keyword",
                            "Startup Cost": 0.0,
                            "Total Cost": 149.59,
                            "Plan Rows": 7087,
                            "Plan Width": 0,
                            "Actual Startup Time": 0.994,
                            "Actual Total Time": 0.995,
                            "Actual Rows": 6560,
                            "Actual Loops": 1,
                            "Index Cond": "(mk.keyword_id = 12015)"
                        }
                    ]
                }
            ]
        },
        "Planning Time": 226.123,
        "Triggers": [],
        "Execution Time": 8.978
    }
]