{
  "Plan": {
    "Node Type": "Aggregate",
    "Strategy": "Plain",
    "Partial Mode": "Simple",
    "Parallel Aware": false,
    "Startup Cost": 3070.12,
    "Total Cost": 3070.13,
    "Plan Rows": 1,
    "Plan Width": 8,
    "Actual Startup Time": 27.81,
    "Actual Total Time": 27.812,
    "Actual Rows": 1,
    "Actual Loops": 1,
    "Plans": [
      {
        "Node Type": "Nested Loop",
        "Parent Relationship": "Outer",
        "Parallel Aware": false,
        "Join Type": "Inner",
        "Startup Cost": 7.07,
        "Total Cost": 3069.8,
        "Plan Rows": 129,
        "Plan Width": 0,
        "Actual Startup Time": 0.246,
        "Actual Total Time": 25.852,
        "Actual Rows": 14680,
        "Actual Loops": 1,
        "Inner Unique": false,
        "Plans": [
          {
            "Node Type": "Nested Loop",
            "Parent Relationship": "Outer",
            "Parallel Aware": false,
            "Join Type": "Inner",
            "Startup Cost": 6.64,
            "Total Cost": 2737.4,
            "Plan Rows": 213,
            "Plan Width": 8,
            "Actual Startup Time": 0.207,
            "Actual Total Time": 3.302,
            "Actual Rows": 252,
            "Actual Loops": 1,
            "Inner Unique": true,
            "Plans": [
              {
                "Node Type": "Bitmap Heap Scan",
                "Parent Relationship": "Outer",
                "Parallel Aware": false,
                "Relation Name": "movie_info_idx",
                "Alias": "mi_idx",
                "Startup Cost": 6.21,
                "Total Cost": 801.9,
                "Plan Rows": 230,
                "Plan Width": 4,
                "Actual Startup Time": 0.165,
                "Actual Total Time": 0.223,
                "Actual Rows": 260,
                "Actual Loops": 1,
                "Recheck Cond": "(info_type_id > 101)",
                "Rows Removed by Index Recheck": 0,
                "Exact Heap Blocks": 2,
                "Lossy Heap Blocks": 0,
                "Plans": [
                  {
                    "Node Type": "Bitmap Index Scan",
                    "Parent Relationship": "Outer",
                    "Parallel Aware": false,
                    "Index Name": "info_type_id_movie_info_idx",
                    "Startup Cost": 0.0,
                    "Total Cost": 6.15,
                    "Plan Rows": 230,
                    "Plan Width": 0,
                    "Actual Startup Time": 0.143,
                    "Actual Total Time": 0.143,
                    "Actual Rows": 260,
                    "Actual Loops": 1,
                    "Index Cond": "(info_type_id > 101)"
                  }
                ]
              },
              {
                "Node Type": "Index Scan",
                "Parent Relationship": "Inner",
                "Parallel Aware": false,
                "Scan Direction": "Forward",
                "Index Name": "title_pkey",
                "Relation Name": "title",
                "Alias": "t",
                "Startup Cost": 0.43,
                "Total Cost": 8.42,
                "Plan Rows": 1,
                "Plan Width": 4,
                "Actual Startup Time": 0.011,
                "Actual Total Time": 0.011,
                "Actual Rows": 1,
                "Actual Loops": 260,
                "Index Cond": "(id = mi_idx.movie_id)",
                "Rows Removed by Index Recheck": 0,
                "Filter": "(production_year > 1931)",
                "Rows Removed by Filter": 0
              }
            ]
          },
          {
            "Node Type": "Index Scan",
            "Parent Relationship": "Inner",
            "Parallel Aware": false,
            "Scan Direction": "Forward",
            "Index Name": "movie_id_movie_keyword",
            "Relation Name": "movie_keyword",
            "Alias": "mk",
            "Startup Cost": 0.43,
            "Total Cost": 1.41,
            "Plan Rows": 15,
            "Plan Width": 4,
            "Actual Startup Time": 0.025,
            "Actual Total Time": 0.076,
            "Actual Rows": 58,
            "Actual Loops": 252,
            "Index Cond": "(movie_id = t.id)",
            "Rows Removed by Index Recheck": 0,
            "Filter": "(keyword_id > 10299)",
            "Rows Removed by Filter": 94
          }
        ]
      }
    ]
  },
  "Planning Time": 1.02,
  "Triggers": [],
  "Execution Time": 27.898
}