[
  {
    "Plan": {
      "Node Type": "Aggregate",
      "Strategy": "Plain",
      "Partial Mode": "Finalize",
      "Parallel Aware": false,
      "Startup Cost": 59212.07,
      "Total Cost": 59212.08,
      "Plan Rows": 1,
      "Plan Width": 8,
      "Actual Startup Time": 183.868,
      "Actual Total Time": 196.009,
      "Actual Rows": 1,
      "Actual Loops": 1,
      "Plans": [
        {
          "Node Type": "Gather",
          "Parent Relationship": "Outer",
          "Parallel Aware": false,
          "Startup Cost": 59211.75,
          "Total Cost": 59212.06,
          "Plan Rows": 3,
          "Plan Width": 8,
          "Actual Startup Time": 181.191,
          "Actual Total Time": 196.0,
          "Actual Rows": 4,
          "Actual Loops": 1,
          "Workers Planned": 3,
          "Workers Launched": 3,
          "Single Copy": false,
          "Plans": [
            {
              "Node Type": "Aggregate",
              "Strategy": "Plain",
              "Partial Mode": "Partial",
              "Parent Relationship": "Outer",
              "Parallel Aware": false,
              "Startup Cost": 58211.75,
              "Total Cost": 58211.76,
              "Plan Rows": 1,
              "Plan Width": 8,
              "Actual Startup Time": 171.963,
              "Actual Total Time": 171.968,
              "Actual Rows": 1,
              "Actual Loops": 4,
              "Plans": [
                {
                  "Node Type": "Nested Loop",
                  "Parent Relationship": "Outer",
                  "Parallel Aware": false,
                  "Join Type": "Inner",
                  "Startup Cost": 47340.47,
                  "Total Cost": 58204.15,
                  "Plan Rows": 3039,
                  "Plan Width": 0,
                  "Actual Startup Time": 153.467,
                  "Actual Total Time": 171.885,
                  "Actual Rows": 1022,
                  "Actual Loops": 4,
                  "Inner Unique": false,
                  "Plans": [
                    {
                      "Node Type": "Hash Join",
                      "Parent Relationship": "Outer",
                      "Parallel Aware": true,
                      "Join Type": "Inner",
                      "Startup Cost": 47340.04,
                      "Total Cost": 55972.68,
                      "Plan Rows": 2945,
                      "Plan Width": 8,
                      "Actual Startup Time": 153.384,
                      "Actual Total Time": 166.95,
                      "Actual Rows": 743,
                      "Actual Loops": 4,
                      "Inner Unique": true,
                      "Hash Cond": "(ci.movie_id = t.id)",
                      "Plans": [
                        {
                          "Node Type": "Index Scan",
                          "Parent Relationship": "Outer",
                          "Parallel Aware": true,
                          "Scan Direction": "Forward",
                          "Index Name": "role_id_cast_info",
                          "Relation Name": "cast_info",
                          "Alias": "ci",
                          "Startup Cost": 0.56,
                          "Total Cost": 8600.37,
                          "Plan Rows": 12507,
                          "Plan Width": 4,
                          "Actual Startup Time": 0.163,
                          "Actual Total Time": 11.1,
                          "Actual Rows": 4742,
                          "Actual Loops": 4,
                          "Index Cond": "(role_id > 10)",
                          "Rows Removed by Index Recheck": 0,
                          "Filter": "(person_id < 470454)",
                          "Rows Removed by Filter": 74288
                        },
                        {
                          "Node Type": "Hash",
                          "Parent Relationship": "Inner",
                          "Parallel Aware": true,
                          "Startup Cost": 45479.1,
                          "Total Cost": 45479.1,
                          "Plan Rows": 148830,
                          "Plan Width": 4,
                          "Actual Startup Time": 148.099,
                          "Actual Total Time": 148.101,
                          "Actual Rows": 117770,
                          "Actual Loops": 4,
                          "Hash Buckets": 1048576,
                          "Original Hash Buckets": 1048576,
                          "Hash Batches": 1,
                          "Original Hash Batches": 1,
                          "Peak Memory Usage": 26720,
                          "Plans": [
                            {
                              "Node Type": "Seq Scan",
                              "Parent Relationship": "Outer",
                              "Parallel Aware": true,
                              "Relation Name": "title",
                              "Alias": "t",
                              "Startup Cost": 0.0,
                              "Total Cost": 45479.1,
                              "Plan Rows": 148830,
                              "Plan Width": 4,
                              "Actual Startup Time": 0.044,
                              "Actual Total Time": 99.823,
                              "Actual Rows": 117770,
                              "Actual Loops": 4,
                              "Filter": "((kind_id > 1) AND (production_year < 1995))",
                              "Rows Removed by Filter": 514308
                            }
                          ]
                        }
                      ]
                    },
                    {
                      "Node Type": "Index Only Scan",
                      "Parent Relationship": "Inner",
                      "Parallel Aware": false,
                      "Scan Direction": "Forward",
                      "Index Name": "movie_id_movie_companies",
                      "Relation Name": "movie_companies",
                      "Alias": "mc",
                      "Startup Cost": 0.43,
                      "Total Cost": 0.71,
                      "Plan Rows": 5,
                      "Plan Width": 4,
                      "Actual Startup Time": 0.005,
                      "Actual Total Time": 0.006,
                      "Actual Rows": 1,
                      "Actual Loops": 2971,
                      "Index Cond": "(movie_id = t.id)",
                      "Rows Removed by Index Recheck": 0,
                      "Heap Fetches": 4088
                    }
                  ]
                }
              ]
            }
          ]
        }
      ]
    },
    "Planning Time": 1.484,
    "Triggers": [],
    "Execution Time": 196.109
  }
]