{
  "Plan": {
    "Node Type": "Aggregate",
    "Strategy": "Plain",
    "Partial Mode": "Finalize",
    "Parallel Aware": false,
    "Startup Cost": 583800.34,
    "Total Cost": 583800.35,
    "Plan Rows": 1,
    "Plan Width": 8,
    "Actual Startup Time": 2100.076,
    "Actual Total Time": 2143.43,
    "Actual Rows": 1,
    "Actual Loops": 1,
    "Plans": [
      {
        "Node Type": "Gather",
        "Parent Relationship": "Outer",
        "Parallel Aware": false,
        "Startup Cost": 583800.23,
        "Total Cost": 583800.34,
        "Plan Rows": 1,
        "Plan Width": 8,
        "Actual Startup Time": 2099.983,
        "Actual Total Time": 2143.422,
        "Actual Rows": 2,
        "Actual Loops": 1,
        "Workers Planned": 1,
        "Workers Launched": 1,
        "Single Copy": false,
        "Plans": [
          {
            "Node Type": "Aggregate",
            "Strategy": "Plain",
            "Partial Mode": "Partial",
            "Parent Relationship": "Outer",
            "Parallel Aware": false,
            "Startup Cost": 582800.23,
            "Total Cost": 582800.24,
            "Plan Rows": 1,
            "Plan Width": 8,
            "Actual Startup Time": 2093.783,
            "Actual Total Time": 2093.786,
            "Actual Rows": 1,
            "Actual Loops": 2,
            "Plans": [
              {
                "Node Type": "Hash Join",
                "Parent Relationship": "Outer",
                "Parallel Aware": true,
                "Join Type": "Inner",
                "Startup Cost": 54709.18,
                "Total Cost": 582644.37,
                "Plan Rows": 62341,
                "Plan Width": 0,
                "Actual Startup Time": 146.469,
                "Actual Total Time": 2091.757,
                "Actual Rows": 31788,
                "Actual Loops": 2,
                "Inner Unique": true,
                "Hash Cond": "(ci.movie_id = t.id)",
                "Plans": [
                  {
                    "Node Type": "Index Scan",
                    "Parent Relationship": "Outer",
                    "Parallel Aware": true,
                    "Scan Direction": "Forward",
                    "Index Name": "role_id_cast_info",
                    "Relation Name": "cast_info",
                    "Alias": "ci",
                    "Startup Cost": 0.56,
                    "Total Cost": 502630.18,
                    "Plan Rows": 9640203,
                    "Plan Width": 4,
                    "Actual Startup Time": 0.055,
                    "Actual Total Time": 1145.379,
                    "Actual Rows": 8060842,
                    "Actual Loops": 2,
                    "Index Cond": "(role_id > 2)",
                    "Rows Removed by Index Recheck": 0
                  },
                  {
                    "Node Type": "Hash",
                    "Parent Relationship": "Inner",
                    "Parallel Aware": true,
                    "Startup Cost": 54588.39,
                    "Total Cost": 54588.39,
                    "Plan Rows": 9618,
                    "Plan Width": 4,
                    "Actual Startup Time": 144.763,
                    "Actual Total Time": 144.764,
                    "Actual Rows": 7118,
                    "Actual Loops": 2,
                    "Hash Buckets": 16384,
                    "Original Hash Buckets": 16384,
                    "Hash Batches": 1,
                    "Original Hash Batches": 1,
                    "Peak Memory Usage": 704,
                    "Plans": [
                      {
                        "Node Type": "Seq Scan",
                        "Parent Relationship": "Outer",
                        "Parallel Aware": true,
                        "Relation Name": "title",
                        "Alias": "t",
                        "Startup Cost": 0.0,
                        "Total Cost": 54588.39,
                        "Plan Rows": 9618,
                        "Plan Width": 4,
                        "Actual Startup Time": 0.106,
                        "Actual Total Time": 141.723,
                        "Actual Rows": 7118,
                        "Actual Loops": 2,
                        "Filter": "(production_year = 1968)",
                        "Rows Removed by Filter": 1257038
                      }
                    ]
                  }
                ]
              }
            ]
          }
        ]
      }
    ]
  },
  "Planning Time": 0.451,
  "Triggers": [],
  "Execution Time": 2143.517
}