[
  {
    "Plan": {
      "Node Type": "Aggregate",
      "Strategy": "Plain",
      "Partial Mode": "Finalize",
      "Parallel Aware": false,
      "Startup Cost": 32870.98,
      "Total Cost": 32870.99,
      "Plan Rows": 1,
      "Plan Width": 8,
      "Actual Startup Time": 125.177,
      "Actual Total Time": 138.8,
      "Actual Rows": 1,
      "Actual Loops": 1,
      "Plans": [
        {
          "Node Type": "Gather",
          "Parent Relationship": "Outer",
          "Parallel Aware": false,
          "Startup Cost": 32870.66,
          "Total Cost": 32870.97,
          "Plan Rows": 3,
          "Plan Width": 8,
          "Actual Startup Time": 124.875,
          "Actual Total Time": 138.788,
          "Actual Rows": 4,
          "Actual Loops": 1,
          "Workers Planned": 3,
          "Workers Launched": 3,
          "Single Copy": false,
          "Plans": [
            {
              "Node Type": "Aggregate",
              "Strategy": "Plain",
              "Partial Mode": "Partial",
              "Parent Relationship": "Outer",
              "Parallel Aware": false,
              "Startup Cost": 31870.66,
              "Total Cost": 31870.67,
              "Plan Rows": 1,
              "Plan Width": 8,
              "Actual Startup Time": 115.888,
              "Actual Total Time": 115.89,
              "Actual Rows": 1,
              "Actual Loops": 4,
              "Plans": [
                {
                  "Node Type": "Seq Scan",
                  "Parent Relationship": "Outer",
                  "Parallel Aware": true,
                  "Relation Name": "movie_companies",
                  "Alias": "mc",
                  "Startup Cost": 0.0,
                  "Total Cost": 31414.82,
                  "Plan Rows": 182338,
                  "Plan Width": 0,
                  "Actual Startup Time": 0.034,
                  "Actual Total Time": 100.104,
                  "Actual Rows": 196182,
                  "Actual Loops": 4,
                  "Filter": "((company_id < 9715) AND (company_type_id = 1))",
                  "Rows Removed by Filter": 456100
                }
              ]
            }
          ]
        }
      ]
    },
    "Planning Time": 0.252,
    "Triggers": [],
    "Execution Time": 138.886
  }
]