{
  "Plan": {
    "Node Type": "Aggregate",
    "Strategy": "Plain",
    "Partial Mode": "Finalize",
    "Parallel Aware": false,
    "Startup Cost": 99443.42,
    "Total Cost": 99443.43,
    "Plan Rows": 1,
    "Plan Width": 8,
    "Actual Startup Time": 300.48,
    "Actual Total Time": 316.316,
    "Actual Rows": 1,
    "Actual Loops": 1,
    "Plans": [
      {
        "Node Type": "Gather",
        "Parent Relationship": "Outer",
        "Parallel Aware": false,
        "Startup Cost": 99443.31,
        "Total Cost": 99443.42,
        "Plan Rows": 1,
        "Plan Width": 8,
        "Actual Startup Time": 300.346,
        "Actual Total Time": 316.309,
        "Actual Rows": 2,
        "Actual Loops": 1,
        "Workers Planned": 1,
        "Workers Launched": 1,
        "Single Copy": false,
        "Plans": [
          {
            "Node Type": "Aggregate",
            "Strategy": "Plain",
            "Partial Mode": "Partial",
            "Parent Relationship": "Outer",
            "Parallel Aware": false,
            "Startup Cost": 98443.31,
            "Total Cost": 98443.32,
            "Plan Rows": 1,
            "Plan Width": 8,
            "Actual Startup Time": 296.749,
            "Actual Total Time": 296.752,
            "Actual Rows": 1,
            "Actual Loops": 2,
            "Plans": [
              {
                "Node Type": "Hash Join",
                "Parent Relationship": "Outer",
                "Parallel Aware": true,
                "Join Type": "Inner",
                "Startup Cost": 58411.93,
                "Total Cost": 98432.26,
                "Plan Rows": 4421,
                "Plan Width": 0,
                "Actual Startup Time": 186.636,
                "Actual Total Time": 296.429,
                "Actual Rows": 6006,
                "Actual Loops": 2,
                "Inner Unique": true,
                "Hash Cond": "(mc.movie_id = t.id)",
                "Plans": [
                  {
                    "Node Type": "Seq Scan",
                    "Parent Relationship": "Outer",
                    "Parallel Aware": true,
                    "Relation Name": "movie_companies",
                    "Alias": "mc",
                    "Startup Cost": 0.0,
                    "Total Cost": 37974.77,
                    "Plan Rows": 779260,
                    "Plan Width": 4,
                    "Actual Startup Time": 46.629,
                    "Actual Total Time": 109.669,
                    "Actual Rows": 667442,
                    "Actual Loops": 2,
                    "Filter": "(company_type_id = 2)",
                    "Rows Removed by Filter": 637123
                  },
                  {
                    "Node Type": "Hash",
                    "Parent Relationship": "Inner",
                    "Parallel Aware": true,
                    "Startup Cost": 58306.47,
                    "Total Cost": 58306.47,
                    "Plan Rows": 8437,
                    "Plan Width": 4,
                    "Actual Startup Time": 138.894,
                    "Actual Total Time": 138.895,
                    "Actual Rows": 6104,
                    "Actual Loops": 2,
                    "Hash Buckets": 16384,
                    "Original Hash Buckets": 16384,
                    "Hash Batches": 1,
                    "Original Hash Batches": 1,
                    "Peak Memory Usage": 640,
                    "Plans": [
                      {
                        "Node Type": "Seq Scan",
                        "Parent Relationship": "Outer",
                        "Parallel Aware": true,
                        "Relation Name": "title",
                        "Alias": "t",
                        "Startup Cost": 0.0,
                        "Total Cost": 58306.47,
                        "Plan Rows": 8437,
                        "Plan Width": 4,
                        "Actual Startup Time": 0.124,
                        "Actual Total Time": 137.005,
                        "Actual Rows": 6104,
                        "Actual Loops": 2,
                        "Filter": "((kind_id < 7) AND (production_year = 1996))",
                        "Rows Removed by Filter": 1258052
                      }
                    ]
                  }
                ]
              }
            ]
          }
        ]
      }
    ]
  },
  "Planning Time": 0.332,
  "Triggers": [],
  "Execution Time": 316.37
}