[
  {
    "Plan": {
      "Node Type": "Aggregate",
      "Strategy": "Plain",
      "Partial Mode": "Finalize",
      "Parallel Aware": false,
      "Startup Cost": 62985.49,
      "Total Cost": 62985.5,
      "Plan Rows": 1,
      "Plan Width": 8,
      "Actual Startup Time": 220.707,
      "Actual Total Time": 232.697,
      "Actual Rows": 1,
      "Actual Loops": 1,
      "Plans": [
        {
          "Node Type": "Gather",
          "Parent Relationship": "Outer",
          "Parallel Aware": false,
          "Startup Cost": 62985.27,
          "Total Cost": 62985.48,
          "Plan Rows": 2,
          "Plan Width": 8,
          "Actual Startup Time": 219.53,
          "Actual Total Time": 232.688,
          "Actual Rows": 3,
          "Actual Loops": 1,
          "Workers Planned": 2,
          "Workers Launched": 2,
          "Single Copy": false,
          "Plans": [
            {
              "Node Type": "Aggregate",
              "Strategy": "Plain",
              "Partial Mode": "Partial",
              "Parent Relationship": "Outer",
              "Parallel Aware": false,
              "Startup Cost": 61985.27,
              "Total Cost": 61985.28,
              "Plan Rows": 1,
              "Plan Width": 8,
              "Actual Startup Time": 212.114,
              "Actual Total Time": 212.117,
              "Actual Rows": 1,
              "Actual Loops": 3,
              "Plans": [
                {
                  "Node Type": "Hash Join",
                  "Parent Relationship": "Outer",
                  "Parallel Aware": true,
                  "Join Type": "Inner",
                  "Startup Cost": 46315.22,
                  "Total Cost": 61935.16,
                  "Plan Rows": 20047,
                  "Plan Width": 0,
                  "Actual Startup Time": 144.433,
                  "Actual Total Time": 211.799,
                  "Actual Rows": 6530,
                  "Actual Loops": 3,
                  "Inner Unique": true,
                  "Hash Cond": "(mi_idx.movie_id = t.id)",
                  "Plans": [
                    {
                      "Node Type": "Seq Scan",
                      "Parent Relationship": "Outer",
                      "Parallel Aware": true,
                      "Relation Name": "movie_info_idx",
                      "Alias": "mi_idx",
                      "Startup Cost": 0.0,
                      "Total Cost": 15122.68,
                      "Plan Rows": 189429,
                      "Plan Width": 4,
                      "Actual Startup Time": 0.029,
                      "Actual Total Time": 40.66,
                      "Actual Rows": 153308,
                      "Actual Loops": 3,
                      "Filter": "(info_type_id < 100)",
                      "Rows Removed by Filter": 306703
                    },
                    {
                      "Node Type": "Hash",
                      "Parent Relationship": "Inner",
                      "Parallel Aware": true,
                      "Startup Cost": 45479.1,
                      "Total Cost": 45479.1,
                      "Plan Rows": 66890,
                      "Plan Width": 4,
                      "Actual Startup Time": 139.889,
                      "Actual Total Time": 139.89,
                      "Actual Rows": 56515,
                      "Actual Loops": 3,
                      "Hash Buckets": 524288,
                      "Original Hash Buckets": 524288,
                      "Hash Batches": 1,
                      "Original Hash Batches": 1,
                      "Peak Memory Usage": 10752,
                      "Plans": [
                        {
                          "Node Type": "Seq Scan",
                          "Parent Relationship": "Outer",
                          "Parallel Aware": true,
                          "Relation Name": "title",
                          "Alias": "t",
                          "Startup Cost": 0.0,
                          "Total Cost": 45479.1,
                          "Plan Rows": 66890,
                          "Plan Width": 4,
                          "Actual Startup Time": 0.034,
                          "Actual Total Time": 118.941,
                          "Actual Rows": 56515,
                          "Actual Loops": 3,
                          "Filter": "((production_year < 1976) AND (kind_id = 7))",
                          "Rows Removed by Filter": 786256
                        }
                      ]
                    }
                  ]
                }
              ]
            }
          ]
        }
      ]
    },
    "Planning Time": 0.611,
    "Triggers": [],
    "Execution Time": 232.768
  }
]