[
  {
    "Plan": {
      "Node Type": "Aggregate",
      "Strategy": "Plain",
      "Partial Mode": "Finalize",
      "Parallel Aware": false,
      "Startup Cost": 179558.2,
      "Total Cost": 179558.21,
      "Plan Rows": 1,
      "Plan Width": 8,
      "Actual Startup Time": 845.605,
      "Actual Total Time": 874.61,
      "Actual Rows": 1,
      "Actual Loops": 1,
      "Plans": [
        {
          "Node Type": "Gather",
          "Parent Relationship": "Outer",
          "Parallel Aware": false,
          "Startup Cost": 179557.67,
          "Total Cost": 179558.18,
          "Plan Rows": 5,
          "Plan Width": 8,
          "Actual Startup Time": 816.255,
          "Actual Total Time": 874.569,
          "Actual Rows": 6,
          "Actual Loops": 1,
          "Workers Planned": 5,
          "Workers Launched": 5,
          "Single Copy": false,
          "Plans": [
            {
              "Node Type": "Aggregate",
              "Strategy": "Plain",
              "Partial Mode": "Partial",
              "Parent Relationship": "Outer",
              "Parallel Aware": false,
              "Startup Cost": 178557.67,
              "Total Cost": 178557.68,
              "Plan Rows": 1,
              "Plan Width": 8,
              "Actual Startup Time": 794.258,
              "Actual Total Time": 794.263,
              "Actual Rows": 1,
              "Actual Loops": 6,
              "Plans": [
                {
                  "Node Type": "Hash Join",
                  "Parent Relationship": "Outer",
                  "Parallel Aware": true,
                  "Join Type": "Inner",
                  "Startup Cost": 50220.95,
                  "Total Cost": 177745.34,
                  "Plan Rows": 324934,
                  "Plan Width": 0,
                  "Actual Startup Time": 294.599,
                  "Actual Total Time": 763.41,
                  "Actual Rows": 607948,
                  "Actual Loops": 6,
                  "Inner Unique": true,
                  "Hash Cond": "(ci.movie_id = t.id)",
                  "Plans": [
                    {
                      "Node Type": "Index Scan",
                      "Parent Relationship": "Outer",
                      "Parallel Aware": true,
                      "Scan Direction": "Forward",
                      "Index Name": "role_id_cast_info",
                      "Relation Name": "cast_info",
                      "Alias": "ci",
                      "Startup Cost": 0.56,
                      "Total Cost": 126672.01,
                      "Plan Rows": 324934,
                      "Plan Width": 4,
                      "Actual Startup Time": 0.256,
                      "Actual Total Time": 190.126,
                      "Actual Rows": 607948,
                      "Actual Loops": 6,
                      "Index Cond": "(role_id > 9)",
                      "Rows Removed by Index Recheck": 0,
                      "Filter": "(person_id > 2429720)",
                      "Rows Removed by Filter": 165241
                    },
                    {
                      "Node Type": "Hash",
                      "Parent Relationship": "Inner",
                      "Parallel Aware": true,
                      "Startup Cost": 42319.06,
                      "Total Cost": 42319.06,
                      "Plan Rows": 632106,
                      "Plan Width": 4,
                      "Actual Startup Time": 286.122,
                      "Actual Total Time": 286.123,
                      "Actual Rows": 421385,
                      "Actual Loops": 6,
                      "Hash Buckets": 4194304,
                      "Original Hash Buckets": 4194304,
                      "Hash Batches": 1,
                      "Original Hash Batches": 1,
                      "Peak Memory Usage": 131776,
                      "Plans": [
                        {
                          "Node Type": "Seq Scan",
                          "Parent Relationship": "Outer",
                          "Parallel Aware": true,
                          "Relation Name": "title",
                          "Alias": "t",
                          "Startup Cost": 0.0,
                          "Total Cost": 42319.06,
                          "Plan Rows": 632106,
                          "Plan Width": 4,
                          "Actual Startup Time": 0.054,
                          "Actual Total Time": 84.174,
                          "Actual Rows": 421385,
                          "Actual Loops": 6
                        }
                      ]
                    }
                  ]
                }
              ]
            }
          ]
        }
      ]
    },
    "Planning Time": 0.662,
    "Triggers": [],
    "Execution Time": 874.692
  }
]