[
  {
    "Plan": {
      "Node Type": "Aggregate",
      "Strategy": "Plain",
      "Partial Mode": "Finalize",
      "Parallel Aware": false,
      "Startup Cost": 45136.1,
      "Total Cost": 45136.11,
      "Plan Rows": 1,
      "Plan Width": 8,
      "Actual Startup Time": 123.742,
      "Actual Total Time": 132.209,
      "Actual Rows": 1,
      "Actual Loops": 1,
      "Plans": [
        {
          "Node Type": "Gather",
          "Parent Relationship": "Outer",
          "Parallel Aware": false,
          "Startup Cost": 45135.78,
          "Total Cost": 45136.09,
          "Plan Rows": 3,
          "Plan Width": 8,
          "Actual Startup Time": 123.599,
          "Actual Total Time": 132.202,
          "Actual Rows": 4,
          "Actual Loops": 1,
          "Workers Planned": 3,
          "Workers Launched": 3,
          "Single Copy": false,
          "Plans": [
            {
              "Node Type": "Aggregate",
              "Strategy": "Plain",
              "Partial Mode": "Partial",
              "Parent Relationship": "Outer",
              "Parallel Aware": false,
              "Startup Cost": 44135.78,
              "Total Cost": 44135.79,
              "Plan Rows": 1,
              "Plan Width": 8,
              "Actual Startup Time": 120.032,
              "Actual Total Time": 120.033,
              "Actual Rows": 1,
              "Actual Loops": 4,
              "Plans": [
                {
                  "Node Type": "Seq Scan",
                  "Parent Relationship": "Outer",
                  "Parallel Aware": true,
                  "Relation Name": "movie_keyword",
                  "Alias": "mk",
                  "Startup Cost": 0.0,
                  "Total Cost": 42695.65,
                  "Plan Rows": 576051,
                  "Plan Width": 0,
                  "Actual Startup Time": 1.08,
                  "Actual Total Time": 99.993,
                  "Actual Rows": 442999,
                  "Actual Loops": 4,
                  "Filter": "(keyword_id > 7821)",
                  "Rows Removed by Filter": 687984
                }
              ]
            }
          ]
        }
      ]
    },
    "Planning Time": 0.184,
    "Triggers": [],
    "Execution Time": 132.263
  }
]