{
    "Plan": {
        "Node Type": "Aggregate",
        "Strategy": "Plain",
        "Partial Mode": "Simple",
        "Parallel Aware": false,
        "Startup Cost": 55770.91,
        "Total Cost": 55770.92,
        "Plan Rows": 1,
        "Plan Width": 8,
        "Actual Startup Time": 52.979,
        "Actual Total Time": 52.98,
        "Actual Rows": 1,
        "Actual Loops": 1,
        "Output": [
            "count(*)"
        ],
        "Plans": [
            {
                "Node Type": "Nested Loop",
                "Parent Relationship": "Outer",
                "Parallel Aware": false,
                "Join Type": "Inner",
                "Startup Cost": 1.43,
                "Total Cost": 55765.0,
                "Plan Rows": 2363,
                "Plan Width": 0,
                "Actual Startup Time": 0.236,
                "Actual Total Time": 52.06,
                "Actual Rows": 4338,
                "Actual Loops": 1,
                "Inner Unique": false,
                "Plans": [
                    {
                        "Node Type": "Nested Loop",
                        "Parent Relationship": "Outer",
                        "Parallel Aware": false,
                        "Join Type": "Inner",
                        "Startup Cost": 0.86,
                        "Total Cost": 48723.23,
                        "Plan Rows": 3051,
                        "Plan Width": 8,
                        "Actual Startup Time": 0.176,
                        "Actual Total Time": 18.522,
                        "Actual Rows": 4339,
                        "Actual Loops": 1,
                        "Output": [
                            "t.id",
                            "mk.movie_id"
                        ],
                        "Inner Unique": true,
                        "Plans": [
                            {
                                "Node Type": "Index Scan",
                                "Parent Relationship": "Outer",
                                "Parallel Aware": false,
                                "Scan Direction": "Forward",
                                "Index Name": "keyword_id_movie_keyword",
                                "Relation Name": "movie_keyword",
                                "Schema": "public",
                                "Alias": "mk",
                                "Startup Cost": 0.43,
                                "Total Cost": 16187.38,
                                "Plan Rows": 4373,
                                "Plan Width": 4,
                                "Actual Startup Time": 0.135,
                                "Actual Total Time": 2.143,
                                "Actual Rows": 4389,
                                "Actual Loops": 1,
                                "Output": [
                                    "mk.id",
                                    "mk.movie_id",
                                    "mk.keyword_id"
                                ],
                                "Index Cond": "(mk.keyword_id = 29028)",
                                "Rows Removed by Index Recheck": 0
                            },
                            {
                                "Node Type": "Index Scan",
                                "Parent Relationship": "Inner",
                                "Parallel Aware": false,
                                "Scan Direction": "Forward",
                                "Index Name": "title_pkey",
                                "Relation Name": "title",
                                "Schema": "public",
                                "Alias": "t",
                                "Startup Cost": 0.43,
                                "Total Cost": 7.44,
                                "Plan Rows": 1,
                                "Plan Width": 4,
                                "Actual Startup Time": 0.003,
                                "Actual Total Time": 0.003,
                                "Actual Rows": 1,
                                "Actual Loops": 4389,
                                "Output": [
                                    "t.id",
                                    "t.title",
                                    "t.imdb_index",
                                    "t.kind_id",
                                    "t.production_year",
                                    "t.imdb_id",
                                    "t.phonetic_code",
                                    "t.episode_of_id",
                                    "t.season_nr",
                                    "t.episode_nr",
                                    "t.series_years",
                                    "t.md5sum"
                                ],
                                "Index Cond": "(t.id = mk.movie_id)",
                                "Rows Removed by Index Recheck": 0,
                                "Filter": "(t.kind_id > 2)",
                                "Rows Removed by Filter": 0
                            }
                        ]
                    },
                    {
                        "Node Type": "Index Scan",
                        "Parent Relationship": "Inner",
                        "Parallel Aware": false,
                        "Scan Direction": "Forward",
                        "Index Name": "movie_id_cast_info",
                        "Relation Name": "cast_info",
                        "Schema": "public",
                        "Alias": "ci",
                        "Startup Cost": 0.56,
                        "Total Cost": 2.29,
                        "Plan Rows": 2,
                        "Plan Width": 4,
                        "Actual Startup Time": 0.007,
                        "Actual Total Time": 0.007,
                        "Actual Rows": 1,
                        "Actual Loops": 4339,
                        "Output": [
                            "ci.id",
                            "ci.person_id",
                            "ci.movie_id",
                            "ci.person_role_id",
                            "ci.note",
                            "ci.nr_order",
                            "ci.role_id"
                        ],
                        "Index Cond": "(ci.movie_id = t.id)",
                        "Rows Removed by Index Recheck": 0,
                        "Filter": "((ci.person_id > 930458) AND (ci.role_id = 4))",
                        "Rows Removed by Filter": 6
                    }
                ]
            }
        ]
    },
    "Planning Time": 1.532,
    "Triggers": [],
    "Execution Time": 53.05
}