[
  {
    "Plan": {
      "Node Type": "Aggregate",
      "Strategy": "Plain",
      "Partial Mode": "Finalize",
      "Parallel Aware": false,
      "Startup Cost": 216067.69,
      "Total Cost": 216067.7,
      "Plan Rows": 1,
      "Plan Width": 8,
      "Actual Startup Time": 131.487,
      "Actual Total Time": 151.664,
      "Actual Rows": 1,
      "Actual Loops": 1,
      "Plans": [
        {
          "Node Type": "Gather",
          "Parent Relationship": "Outer",
          "Parallel Aware": false,
          "Startup Cost": 216067.27,
          "Total Cost": 216067.68,
          "Plan Rows": 4,
          "Plan Width": 8,
          "Actual Startup Time": 131.365,
          "Actual Total Time": 151.656,
          "Actual Rows": 5,
          "Actual Loops": 1,
          "Workers Planned": 4,
          "Workers Launched": 4,
          "Single Copy": false,
          "Plans": [
            {
              "Node Type": "Aggregate",
              "Strategy": "Plain",
              "Partial Mode": "Partial",
              "Parent Relationship": "Outer",
              "Parallel Aware": false,
              "Startup Cost": 215067.27,
              "Total Cost": 215067.28,
              "Plan Rows": 1,
              "Plan Width": 8,
              "Actual Startup Time": 121.26,
              "Actual Total Time": 121.261,
              "Actual Rows": 1,
              "Actual Loops": 5,
              "Plans": [
                {
                  "Node Type": "Nested Loop",
                  "Parent Relationship": "Outer",
                  "Parallel Aware": false,
                  "Join Type": "Inner",
                  "Startup Cost": 0.43,
                  "Total Cost": 215035.55,
                  "Plan Rows": 12688,
                  "Plan Width": 0,
                  "Actual Startup Time": 0.366,
                  "Actual Total Time": 120.093,
                  "Actual Rows": 14598,
                  "Actual Loops": 5,
                  "Inner Unique": false,
                  "Plans": [
                    {
                      "Node Type": "Seq Scan",
                      "Parent Relationship": "Outer",
                      "Parallel Aware": true,
                      "Relation Name": "title",
                      "Alias": "t",
                      "Startup Cost": 0.0,
                      "Total Cost": 43898.92,
                      "Plan Rows": 2170,
                      "Plan Width": 4,
                      "Actual Startup Time": 0.162,
                      "Actual Total Time": 72.756,
                      "Actual Rows": 1726,
                      "Actual Loops": 5,
                      "Filter": "(production_year = 1956)",
                      "Rows Removed by Filter": 503937
                    },
                    {
                      "Node Type": "Index Only Scan",
                      "Parent Relationship": "Inner",
                      "Parallel Aware": false,
                      "Scan Direction": "Forward",
                      "Index Name": "movie_id_movie_info",
                      "Relation Name": "movie_info",
                      "Alias": "mi",
                      "Startup Cost": 0.43,
                      "Total Cost": 78.44,
                      "Plan Rows": 42,
                      "Plan Width": 4,
                      "Actual Startup Time": 0.01,
                      "Actual Total Time": 0.026,
                      "Actual Rows": 8,
                      "Actual Loops": 8628,
                      "Index Cond": "(movie_id = t.id)",
                      "Rows Removed by Index Recheck": 0,
                      "Heap Fetches": 72988
                    }
                  ]
                }
              ]
            }
          ]
        }
      ]
    },
    "Planning Time": 0.591,
    "Triggers": [],
    "Execution Time": 151.744
  }
]