[
  {
    "Plan": {
      "Node Type": "Aggregate",
      "Strategy": "Plain",
      "Partial Mode": "Finalize",
      "Parallel Aware": false,
      "Startup Cost": 45537.46,
      "Total Cost": 45537.47,
      "Plan Rows": 1,
      "Plan Width": 8,
      "Actual Startup Time": 148.811,
      "Actual Total Time": 158.75,
      "Actual Rows": 1,
      "Actual Loops": 1,
      "Plans": [
        {
          "Node Type": "Gather",
          "Parent Relationship": "Outer",
          "Parallel Aware": false,
          "Startup Cost": 45537.15,
          "Total Cost": 45537.46,
          "Plan Rows": 3,
          "Plan Width": 8,
          "Actual Startup Time": 148.683,
          "Actual Total Time": 158.742,
          "Actual Rows": 4,
          "Actual Loops": 1,
          "Workers Planned": 3,
          "Workers Launched": 3,
          "Single Copy": false,
          "Plans": [
            {
              "Node Type": "Aggregate",
              "Strategy": "Plain",
              "Partial Mode": "Partial",
              "Parent Relationship": "Outer",
              "Parallel Aware": false,
              "Startup Cost": 44537.15,
              "Total Cost": 44537.16,
              "Plan Rows": 1,
              "Plan Width": 8,
              "Actual Startup Time": 140.324,
              "Actual Total Time": 140.325,
              "Actual Rows": 1,
              "Actual Loops": 4,
              "Plans": [
                {
                  "Node Type": "Seq Scan",
                  "Parent Relationship": "Outer",
                  "Parallel Aware": true,
                  "Relation Name": "movie_keyword",
                  "Alias": "mk",
                  "Startup Cost": 0.0,
                  "Total Cost": 42695.65,
                  "Plan Rows": 736597,
                  "Plan Width": 0,
                  "Actual Startup Time": 0.069,
                  "Actual Total Time": 114.107,
                  "Actual Rows": 570891,
                  "Actual Loops": 4,
                  "Filter": "(keyword_id < 4847)",
                  "Rows Removed by Filter": 560092
                }
              ]
            }
          ]
        }
      ]
    },
    "Planning Time": 0.116,
    "Triggers": [],
    "Execution Time": 158.787
  }
]