[
  {
    "Plan": {
      "Node Type": "Aggregate",
      "Strategy": "Plain",
      "Partial Mode": "Finalize",
      "Parallel Aware": false,
      "Startup Cost": 47250.49,
      "Total Cost": 47250.5,
      "Plan Rows": 1,
      "Plan Width": 8,
      "Actual Startup Time": 117.512,
      "Actual Total Time": 129.582,
      "Actual Rows": 1,
      "Actual Loops": 1,
      "Plans": [
        {
          "Node Type": "Gather",
          "Parent Relationship": "Outer",
          "Parallel Aware": false,
          "Startup Cost": 47250.07,
          "Total Cost": 47250.48,
          "Plan Rows": 4,
          "Plan Width": 8,
          "Actual Startup Time": 117.263,
          "Actual Total Time": 129.574,
          "Actual Rows": 5,
          "Actual Loops": 1,
          "Workers Planned": 4,
          "Workers Launched": 4,
          "Single Copy": false,
          "Plans": [
            {
              "Node Type": "Aggregate",
              "Strategy": "Plain",
              "Partial Mode": "Partial",
              "Parent Relationship": "Outer",
              "Parallel Aware": false,
              "Startup Cost": 46250.07,
              "Total Cost": 46250.08,
              "Plan Rows": 1,
              "Plan Width": 8,
              "Actual Startup Time": 109.084,
              "Actual Total Time": 109.085,
              "Actual Rows": 1,
              "Actual Loops": 5,
              "Plans": [
                {
                  "Node Type": "Seq Scan",
                  "Parent Relationship": "Outer",
                  "Parallel Aware": true,
                  "Relation Name": "title",
                  "Alias": "t",
                  "Startup Cost": 0.0,
                  "Total Cost": 45479.1,
                  "Plan Rows": 308389,
                  "Plan Width": 0,
                  "Actual Startup Time": 0.038,
                  "Actual Total Time": 93.995,
                  "Actual Rows": 263351,
                  "Actual Loops": 5,
                  "Filter": "((production_year > 1974) AND (kind_id = 7))",
                  "Rows Removed by Filter": 242312
                }
              ]
            }
          ]
        }
      ]
    },
    "Planning Time": 0.185,
    "Triggers": [],
    "Execution Time": 129.641
  }
]