[
  {
    "Plan": {
      "Node Type": "Aggregate",
      "Strategy": "Plain",
      "Partial Mode": "Finalize",
      "Parallel Aware": false,
      "Startup Cost": 46554.52,
      "Total Cost": 46554.53,
      "Plan Rows": 1,
      "Plan Width": 8,
      "Actual Startup Time": 164.219,
      "Actual Total Time": 174.412,
      "Actual Rows": 1,
      "Actual Loops": 1,
      "Plans": [
        {
          "Node Type": "Gather",
          "Parent Relationship": "Outer",
          "Parallel Aware": false,
          "Startup Cost": 46554.2,
          "Total Cost": 46554.51,
          "Plan Rows": 3,
          "Plan Width": 8,
          "Actual Startup Time": 164.062,
          "Actual Total Time": 174.404,
          "Actual Rows": 4,
          "Actual Loops": 1,
          "Workers Planned": 3,
          "Workers Launched": 3,
          "Single Copy": false,
          "Plans": [
            {
              "Node Type": "Aggregate",
              "Strategy": "Plain",
              "Partial Mode": "Partial",
              "Parent Relationship": "Outer",
              "Parallel Aware": false,
              "Startup Cost": 45554.2,
              "Total Cost": 45554.21,
              "Plan Rows": 1,
              "Plan Width": 8,
              "Actual Startup Time": 157.958,
              "Actual Total Time": 157.96,
              "Actual Rows": 1,
              "Actual Loops": 4,
              "Plans": [
                {
                  "Node Type": "Seq Scan",
                  "Parent Relationship": "Outer",
                  "Parallel Aware": true,
                  "Relation Name": "movie_keyword",
                  "Alias": "mk",
                  "Startup Cost": 0.0,
                  "Total Cost": 42695.65,
                  "Plan Rows": 1143420,
                  "Plan Width": 0,
                  "Actual Startup Time": 0.05,
                  "Actual Total Time": 118.559,
                  "Actual Rows": 887224,
                  "Actual Loops": 4,
                  "Filter": "(keyword_id < 19229)",
                  "Rows Removed by Filter": 243758
                }
              ]
            }
          ]
        }
      ]
    },
    "Planning Time": 0.151,
    "Triggers": [],
    "Execution Time": 174.459
  }
]