[
  {
    "Plan": {
      "Node Type": "Aggregate",
      "Strategy": "Plain",
      "Partial Mode": "Finalize",
      "Parallel Aware": false,
      "Startup Cost": 77257.39,
      "Total Cost": 77257.4,
      "Plan Rows": 1,
      "Plan Width": 8,
      "Actual Startup Time": 271.023,
      "Actual Total Time": 291.994,
      "Actual Rows": 1,
      "Actual Loops": 1,
      "Plans": [
        {
          "Node Type": "Gather",
          "Parent Relationship": "Outer",
          "Parallel Aware": false,
          "Startup Cost": 77257.08,
          "Total Cost": 77257.39,
          "Plan Rows": 3,
          "Plan Width": 8,
          "Actual Startup Time": 269.401,
          "Actual Total Time": 291.984,
          "Actual Rows": 4,
          "Actual Loops": 1,
          "Workers Planned": 3,
          "Workers Launched": 3,
          "Single Copy": false,
          "Plans": [
            {
              "Node Type": "Aggregate",
              "Strategy": "Plain",
              "Partial Mode": "Partial",
              "Parent Relationship": "Outer",
              "Parallel Aware": false,
              "Startup Cost": 76257.08,
              "Total Cost": 76257.09,
              "Plan Rows": 1,
              "Plan Width": 8,
              "Actual Startup Time": 262.19,
              "Actual Total Time": 262.262,
              "Actual Rows": 1,
              "Actual Loops": 4,
              "Plans": [
                {
                  "Node Type": "Hash Join",
                  "Parent Relationship": "Outer",
                  "Parallel Aware": true,
                  "Join Type": "Inner",
                  "Startup Cost": 45821.64,
                  "Total Cost": 76212.54,
                  "Plan Rows": 17815,
                  "Plan Width": 0,
                  "Actual Startup Time": 161.916,
                  "Actual Total Time": 258.533,
                  "Actual Rows": 72175,
                  "Actual Loops": 4,
                  "Inner Unique": true,
                  "Hash Cond": "(mc.movie_id = t.id)",
                  "Plans": [
                    {
                      "Node Type": "Seq Scan",
                      "Parent Relationship": "Outer",
                      "Parallel Aware": true,
                      "Relation Name": "movie_companies",
                      "Alias": "mc",
                      "Startup Cost": 0.0,
                      "Total Cost": 29310.68,
                      "Plan Rows": 411513,
                      "Plan Width": 4,
                      "Actual Startup Time": 0.011,
                      "Actual Total Time": 75.298,
                      "Actual Rows": 318562,
                      "Actual Loops": 4,
                      "Filter": "(company_type_id = 1)",
                      "Rows Removed by Filter": 333721
                    },
                    {
                      "Node Type": "Hash",
                      "Parent Relationship": "Inner",
                      "Parallel Aware": true,
                      "Startup Cost": 45479.59,
                      "Total Cost": 45479.59,
                      "Plan Rows": 27364,
                      "Plan Width": 4,
                      "Actual Startup Time": 128.458,
                      "Actual Total Time": 128.459,
                      "Actual Rows": 62052,
                      "Actual Loops": 4,
                      "Hash Buckets": 262144,
                      "Original Hash Buckets": 131072,
                      "Hash Batches": 1,
                      "Original Hash Batches": 1,
                      "Peak Memory Usage": 12832,
                      "Plans": [
                        {
                          "Node Type": "Seq Scan",
                          "Parent Relationship": "Outer",
                          "Parallel Aware": true,
                          "Relation Name": "title",
                          "Alias": "t",
                          "Startup Cost": 0.0,
                          "Total Cost": 45479.59,
                          "Plan Rows": 27364,
                          "Plan Width": 4,
                          "Actual Startup Time": 61.225,
                          "Actual Total Time": 103.622,
                          "Actual Rows": 62052,
                          "Actual Loops": 4,
                          "Filter": "((production_year < 1975) AND (kind_id = 1))",
                          "Rows Removed by Filter": 570026
                        }
                      ]
                    }
                  ]
                }
              ]
            }
          ]
        }
      ]
    },
    "Planning Time": 0.538,
    "Triggers": [],
    "Execution Time": 292.061
  }
]