{
  "Plan": {
    "Node Type": "Aggregate",
    "Strategy": "Plain",
    "Partial Mode": "Finalize",
    "Parallel Aware": false,
    "Startup Cost": 352955.18,
    "Total Cost": 352955.19,
    "Plan Rows": 1,
    "Plan Width": 8,
    "Actual Startup Time": 440.526,
    "Actual Total Time": 452.64,
    "Actual Rows": 1,
    "Actual Loops": 1,
    "Plans": [
      {
        "Node Type": "Gather",
        "Parent Relationship": "Outer",
        "Parallel Aware": false,
        "Startup Cost": 352955.07,
        "Total Cost": 352955.18,
        "Plan Rows": 1,
        "Plan Width": 8,
        "Actual Startup Time": 439.561,
        "Actual Total Time": 452.632,
        "Actual Rows": 2,
        "Actual Loops": 1,
        "Workers Planned": 1,
        "Workers Launched": 1,
        "Single Copy": false,
        "Plans": [
          {
            "Node Type": "Aggregate",
            "Strategy": "Plain",
            "Partial Mode": "Partial",
            "Parent Relationship": "Outer",
            "Parallel Aware": false,
            "Startup Cost": 351955.07,
            "Total Cost": 351955.08,
            "Plan Rows": 1,
            "Plan Width": 8,
            "Actual Startup Time": 436.791,
            "Actual Total Time": 436.795,
            "Actual Rows": 1,
            "Actual Loops": 2,
            "Plans": [
              {
                "Node Type": "Hash Join",
                "Parent Relationship": "Outer",
                "Parallel Aware": true,
                "Join Type": "Inner",
                "Startup Cost": 86596.19,
                "Total Cost": 351792.22,
                "Plan Rows": 65139,
                "Plan Width": 0,
                "Actual Startup Time": 248.99,
                "Actual Total Time": 433.667,
                "Actual Rows": 56414,
                "Actual Loops": 2,
                "Inner Unique": true,
                "Hash Cond": "(ci.movie_id = t.id)",
                "Plans": [
                  {
                    "Node Type": "Bitmap Heap Scan",
                    "Parent Relationship": "Outer",
                    "Parallel Aware": true,
                    "Relation Name": "cast_info",
                    "Alias": "ci",
                    "Startup Cost": 27966.83,
                    "Total Cost": 291868.83,
                    "Plan Rows": 492962,
                    "Plan Width": 4,
                    "Actual Startup Time": 74.65,
                    "Actual Total Time": 174.995,
                    "Actual Rows": 522778,
                    "Actual Loops": 2,
                    "Recheck Cond": "(person_id < 130872)",
                    "Rows Removed by Index Recheck": 0,
                    "Filter": "(role_id < 4)",
                    "Rows Removed by Filter": 130473,
                    "Exact Heap Blocks": 9324,
                    "Lossy Heap Blocks": 0,
                    "Plans": [
                      {
                        "Node Type": "Bitmap Index Scan",
                        "Parent Relationship": "Outer",
                        "Parallel Aware": false,
                        "Index Name": "person_id_cast_info",
                        "Startup Cost": 0.0,
                        "Total Cost": 27757.32,
                        "Plan Rows": 1271034,
                        "Plan Width": 0,
                        "Actual Startup Time": 72.497,
                        "Actual Total Time": 72.497,
                        "Actual Rows": 1306503,
                        "Actual Loops": 1,
                        "Index Cond": "(person_id < 130872)"
                      }
                    ]
                  },
                  {
                    "Node Type": "Hash",
                    "Parent Relationship": "Inner",
                    "Parallel Aware": true,
                    "Startup Cost": 56172.86,
                    "Total Cost": 56172.86,
                    "Plan Rows": 196520,
                    "Plan Width": 4,
                    "Actual Startup Time": 171.066,
                    "Actual Total Time": 171.067,
                    "Actual Rows": 134642,
                    "Actual Loops": 2,
                    "Hash Buckets": 524288,
                    "Original Hash Buckets": 524288,
                    "Hash Batches": 1,
                    "Original Hash Batches": 1,
                    "Peak Memory Usage": 14656,
                    "Plans": [
                      {
                        "Node Type": "Bitmap Heap Scan",
                        "Parent Relationship": "Outer",
                        "Parallel Aware": true,
                        "Relation Name": "title",
                        "Alias": "t",
                        "Startup Cost": 13522.48,
                        "Total Cost": 56172.86,
                        "Plan Rows": 196520,
                        "Plan Width": 4,
                        "Actual Startup Time": 40.623,
                        "Actual Total Time": 139.639,
                        "Actual Rows": 134642,
                        "Actual Loops": 2,
                        "Recheck Cond": "(kind_id < 3)",
                        "Rows Removed by Index Recheck": 0,
                        "Filter": "(production_year > 2004)",
                        "Rows Removed by Filter": 242197,
                        "Exact Heap Blocks": 28527,
                        "Lossy Heap Blocks": 0,
                        "Plans": [
                          {
                            "Node Type": "Bitmap Index Scan",
                            "Parent Relationship": "Outer",
                            "Parallel Aware": false,
                            "Index Name": "kind_id_title",
                            "Startup Cost": 0.0,
                            "Total Cost": 13438.96,
                            "Plan Rows": 753937,
                            "Plan Width": 0,
                            "Actual Startup Time": 34.919,
                            "Actual Total Time": 34.92,
                            "Actual Rows": 753677,
                            "Actual Loops": 1,
                            "Index Cond": "(kind_id < 3)"
                          }
                        ]
                      }
                    ]
                  }
                ]
              }
            ]
          }
        ]
      }
    ]
  },
  "Planning Time": 0.31,
  "Triggers": [],
  "Execution Time": 452.694
}