[
  {
    "Plan": {
      "Node Type": "Aggregate",
      "Strategy": "Plain",
      "Partial Mode": "Finalize",
      "Parallel Aware": false,
      "Startup Cost": 81147.18,
      "Total Cost": 81147.19,
      "Plan Rows": 1,
      "Plan Width": 8,
      "Actual Startup Time": 225.665,
      "Actual Total Time": 235.193,
      "Actual Rows": 1,
      "Actual Loops": 1,
      "Plans": [
        {
          "Node Type": "Gather",
          "Parent Relationship": "Outer",
          "Parallel Aware": false,
          "Startup Cost": 81146.76,
          "Total Cost": 81147.17,
          "Plan Rows": 4,
          "Plan Width": 8,
          "Actual Startup Time": 223.0,
          "Actual Total Time": 235.184,
          "Actual Rows": 5,
          "Actual Loops": 1,
          "Workers Planned": 4,
          "Workers Launched": 4,
          "Single Copy": false,
          "Plans": [
            {
              "Node Type": "Aggregate",
              "Strategy": "Plain",
              "Partial Mode": "Partial",
              "Parent Relationship": "Outer",
              "Parallel Aware": false,
              "Startup Cost": 80146.76,
              "Total Cost": 80146.77,
              "Plan Rows": 1,
              "Plan Width": 8,
              "Actual Startup Time": 219.104,
              "Actual Total Time": 219.107,
              "Actual Rows": 1,
              "Actual Loops": 5,
              "Plans": [
                {
                  "Node Type": "Hash Join",
                  "Parent Relationship": "Outer",
                  "Parallel Aware": true,
                  "Join Type": "Inner",
                  "Startup Cost": 33815.36,
                  "Total Cost": 79774.67,
                  "Plan Rows": 148834,
                  "Plan Width": 0,
                  "Actual Startup Time": 153.826,
                  "Actual Total Time": 216.141,
                  "Actual Rows": 66986,
                  "Actual Loops": 5,
                  "Inner Unique": false,
                  "Hash Cond": "(t.id = mc.movie_id)",
                  "Plans": [
                    {
                      "Node Type": "Seq Scan",
                      "Parent Relationship": "Outer",
                      "Parallel Aware": true,
                      "Relation Name": "title",
                      "Alias": "t",
                      "Startup Cost": 0.0,
                      "Total Cost": 42318.81,
                      "Plan Rows": 632080,
                      "Plan Width": 4,
                      "Actual Startup Time": 0.012,
                      "Actual Total Time": 54.825,
                      "Actual Rows": 505662,
                      "Actual Loops": 5
                    },
                    {
                      "Node Type": "Hash",
                      "Parent Relationship": "Inner",
                      "Parallel Aware": true,
                      "Startup Cost": 31414.82,
                      "Total Cost": 31414.82,
                      "Plan Rows": 192043,
                      "Plan Width": 4,
                      "Actual Startup Time": 77.208,
                      "Actual Total Time": 77.209,
                      "Actual Rows": 66986,
                      "Actual Loops": 5,
                      "Hash Buckets": 1048576,
                      "Original Hash Buckets": 1048576,
                      "Hash Batches": 1,
                      "Original Hash Batches": 1,
                      "Peak Memory Usage": 21344,
                      "Plans": [
                        {
                          "Node Type": "Seq Scan",
                          "Parent Relationship": "Outer",
                          "Parallel Aware": true,
                          "Relation Name": "movie_companies",
                          "Alias": "mc",
                          "Startup Cost": 0.0,
                          "Total Cost": 31414.82,
                          "Plan Rows": 192043,
                          "Plan Width": 4,
                          "Actual Startup Time": 11.127,
                          "Actual Total Time": 54.93,
                          "Actual Rows": 66986,
                          "Actual Loops": 5,
                          "Filter": "((company_id > 12006) AND (company_type_id < 2))",
                          "Rows Removed by Filter": 454840
                        }
                      ]
                    }
                  ]
                }
              ]
            }
          ]
        }
      ]
    },
    "Planning Time": 0.271,
    "Triggers": [],
    "Execution Time": 235.226
  }
]