{
  "Plan": {
    "Node Type": "Aggregate",
    "Strategy": "Plain",
    "Partial Mode": "Finalize",
    "Parallel Aware": false,
    "Startup Cost": 122390.55,
    "Total Cost": 122390.56,
    "Plan Rows": 1,
    "Plan Width": 8,
    "Actual Startup Time": 592.325,
    "Actual Total Time": 607.63,
    "Actual Rows": 1,
    "Actual Loops": 1,
    "Plans": [
      {
        "Node Type": "Gather",
        "Parent Relationship": "Outer",
        "Parallel Aware": false,
        "Startup Cost": 122390.43,
        "Total Cost": 122390.54,
        "Plan Rows": 1,
        "Plan Width": 8,
        "Actual Startup Time": 590.011,
        "Actual Total Time": 607.621,
        "Actual Rows": 2,
        "Actual Loops": 1,
        "Workers Planned": 1,
        "Workers Launched": 1,
        "Single Copy": false,
        "Plans": [
          {
            "Node Type": "Aggregate",
            "Strategy": "Plain",
            "Partial Mode": "Partial",
            "Parent Relationship": "Outer",
            "Parallel Aware": false,
            "Startup Cost": 121390.43,
            "Total Cost": 121390.44,
            "Plan Rows": 1,
            "Plan Width": 8,
            "Actual Startup Time": 584.229,
            "Actual Total Time": 584.233,
            "Actual Rows": 1,
            "Actual Loops": 2,
            "Plans": [
              {
                "Node Type": "Hash Join",
                "Parent Relationship": "Outer",
                "Parallel Aware": true,
                "Join Type": "Inner",
                "Startup Cost": 86062.03,
                "Total Cost": 120746.28,
                "Plan Rows": 257663,
                "Plan Width": 0,
                "Actual Startup Time": 360.777,
                "Actual Total Time": 571.478,
                "Actual Rows": 298504,
                "Actual Loops": 2,
                "Inner Unique": true,
                "Hash Cond": "(mk.movie_id = t.id)",
                "Plans": [
                  {
                    "Node Type": "Bitmap Heap Scan",
                    "Parent Relationship": "Outer",
                    "Parallel Aware": true,
                    "Relation Name": "movie_keyword",
                    "Alias": "mk",
                    "Startup Cost": 24391.74,
                    "Total Cost": 57300.49,
                    "Plan Rows": 676380,
                    "Plan Width": 4,
                    "Actual Startup Time": 78.047,
                    "Actual Total Time": 170.799,
                    "Actual Rows": 579304,
                    "Actual Loops": 2,
                    "Recheck Cond": "(keyword_id < 1376)",
                    "Rows Removed by Index Recheck": 0,
                    "Exact Heap Blocks": 11994,
                    "Lossy Heap Blocks": 0,
                    "Plans": [
                      {
                        "Node Type": "Bitmap Index Scan",
                        "Parent Relationship": "Outer",
                        "Parallel Aware": false,
                        "Index Name": "keyword_id_movie_keyword",
                        "Startup Cost": 0.0,
                        "Total Cost": 24104.28,
                        "Plan Rows": 1149846,
                        "Plan Width": 0,
                        "Actual Startup Time": 74.402,
                        "Actual Total Time": 74.403,
                        "Actual Rows": 1158608,
                        "Actual Loops": 1,
                        "Index Cond": "(keyword_id < 1376)"
                      }
                    ]
                  },
                  {
                    "Node Type": "Hash",
                    "Parent Relationship": "Inner",
                    "Parallel Aware": true,
                    "Startup Cost": 54588.39,
                    "Total Cost": 54588.39,
                    "Plan Rows": 566552,
                    "Plan Width": 4,
                    "Actual Startup Time": 273.18,
                    "Actual Total Time": 273.181,
                    "Actual Rows": 485594,
                    "Actual Loops": 2,
                    "Hash Buckets": 1048576,
                    "Original Hash Buckets": 1048576,
                    "Hash Batches": 1,
                    "Original Hash Batches": 1,
                    "Peak Memory Usage": 46208,
                    "Plans": [
                      {
                        "Node Type": "Seq Scan",
                        "Parent Relationship": "Outer",
                        "Parallel Aware": true,
                        "Relation Name": "title",
                        "Alias": "t",
                        "Startup Cost": 0.0,
                        "Total Cost": 54588.39,
                        "Plan Rows": 566552,
                        "Plan Width": 4,
                        "Actual Startup Time": 0.029,
                        "Actual Total Time": 153.255,
                        "Actual Rows": 485594,
                        "Actual Loops": 2,
                        "Filter": "(production_year < 1999)",
                        "Rows Removed by Filter": 778562
                      }
                    ]
                  }
                ]
              }
            ]
          }
        ]
      }
    ]
  },
  "Planning Time": 0.446,
  "Triggers": [],
  "Execution Time": 607.721
}