[
  {
    "Plan": {
      "Node Type": "Aggregate",
      "Strategy": "Plain",
      "Partial Mode": "Finalize",
      "Parallel Aware": false,
      "Startup Cost": 70432.84,
      "Total Cost": 70432.85,
      "Plan Rows": 1,
      "Plan Width": 8,
      "Actual Startup Time": 155.07,
      "Actual Total Time": 172.336,
      "Actual Rows": 1,
      "Actual Loops": 1,
      "Plans": [
        {
          "Node Type": "Gather",
          "Parent Relationship": "Outer",
          "Parallel Aware": false,
          "Startup Cost": 70432.52,
          "Total Cost": 70432.83,
          "Plan Rows": 3,
          "Plan Width": 8,
          "Actual Startup Time": 154.666,
          "Actual Total Time": 172.326,
          "Actual Rows": 4,
          "Actual Loops": 1,
          "Workers Planned": 3,
          "Workers Launched": 3,
          "Single Copy": false,
          "Plans": [
            {
              "Node Type": "Aggregate",
              "Strategy": "Plain",
              "Partial Mode": "Partial",
              "Parent Relationship": "Outer",
              "Parallel Aware": false,
              "Startup Cost": 69432.52,
              "Total Cost": 69432.53,
              "Plan Rows": 1,
              "Plan Width": 8,
              "Actual Startup Time": 147.324,
              "Actual Total Time": 147.328,
              "Actual Rows": 1,
              "Actual Loops": 4,
              "Plans": [
                {
                  "Node Type": "Hash Join",
                  "Parent Relationship": "Outer",
                  "Parallel Aware": true,
                  "Join Type": "Inner",
                  "Startup Cost": 49419.28,
                  "Total Cost": 69430.06,
                  "Plan Rows": 985,
                  "Plan Width": 0,
                  "Actual Startup Time": 109.534,
                  "Actual Total Time": 147.243,
                  "Actual Rows": 729,
                  "Actual Loops": 4,
                  "Inner Unique": true,
                  "Hash Cond": "(mc.movie_id = t.id)",
                  "Plans": [
                    {
                      "Node Type": "Bitmap Heap Scan",
                      "Parent Relationship": "Outer",
                      "Parallel Aware": true,
                      "Relation Name": "movie_companies",
                      "Alias": "mc",
                      "Startup Cost": 5423.56,
                      "Total Cost": 25222.47,
                      "Plan Rows": 80713,
                      "Plan Width": 4,
                      "Actual Startup Time": 13.992,
                      "Actual Total Time": 42.435,
                      "Actual Rows": 60982,
                      "Actual Loops": 4,
                      "Recheck Cond": "(company_id < 114)",
                      "Rows Removed by Index Recheck": 0,
                      "Exact Heap Blocks": 7071,
                      "Lossy Heap Blocks": 0,
                      "Plans": [
                        {
                          "Node Type": "Bitmap Index Scan",
                          "Parent Relationship": "Outer",
                          "Parallel Aware": false,
                          "Index Name": "company_id_movie_companies",
                          "Startup Cost": 0.0,
                          "Total Cost": 5361.01,
                          "Plan Rows": 250210,
                          "Plan Width": 0,
                          "Actual Startup Time": 11.54,
                          "Actual Total Time": 11.54,
                          "Actual Rows": 243927,
                          "Actual Loops": 1,
                          "Index Cond": "(company_id < 114)"
                        }
                      ]
                    },
                    {
                      "Node Type": "Hash",
                      "Parent Relationship": "Inner",
                      "Parallel Aware": true,
                      "Startup Cost": 43899.32,
                      "Total Cost": 43899.32,
                      "Plan Rows": 7712,
                      "Plan Width": 4,
                      "Actual Startup Time": 94.243,
                      "Actual Total Time": 94.244,
                      "Actual Rows": 7507,
                      "Actual Loops": 4,
                      "Hash Buckets": 32768,
                      "Original Hash Buckets": 32768,
                      "Hash Batches": 1,
                      "Original Hash Batches": 1,
                      "Peak Memory Usage": 1504,
                      "Plans": [
                        {
                          "Node Type": "Seq Scan",
                          "Parent Relationship": "Outer",
                          "Parallel Aware": true,
                          "Relation Name": "title",
                          "Alias": "t",
                          "Startup Cost": 0.0,
                          "Total Cost": 43899.32,
                          "Plan Rows": 7712,
                          "Plan Width": 4,
                          "Actual Startup Time": 0.078,
                          "Actual Total Time": 90.658,
                          "Actual Rows": 7507,
                          "Actual Loops": 4,
                          "Filter": "(production_year = 1994)",
                          "Rows Removed by Filter": 624571
                        }
                      ]
                    }
                  ]
                }
              ]
            }
          ]
        }
      ]
    },
    "Planning Time": 0.404,
    "Triggers": [],
    "Execution Time": 172.399
  }
]