[
  {
    "Plan": {
      "Node Type": "Aggregate",
      "Strategy": "Plain",
      "Partial Mode": "Finalize",
      "Parallel Aware": false,
      "Startup Cost": 33047.22,
      "Total Cost": 33047.23,
      "Plan Rows": 1,
      "Plan Width": 8,
      "Actual Startup Time": 89.14,
      "Actual Total Time": 96.812,
      "Actual Rows": 1,
      "Actual Loops": 1,
      "Plans": [
        {
          "Node Type": "Gather",
          "Parent Relationship": "Outer",
          "Parallel Aware": false,
          "Startup Cost": 33046.91,
          "Total Cost": 33047.22,
          "Plan Rows": 3,
          "Plan Width": 8,
          "Actual Startup Time": 89.028,
          "Actual Total Time": 96.805,
          "Actual Rows": 4,
          "Actual Loops": 1,
          "Workers Planned": 3,
          "Workers Launched": 3,
          "Single Copy": false,
          "Plans": [
            {
              "Node Type": "Aggregate",
              "Strategy": "Plain",
              "Partial Mode": "Partial",
              "Parent Relationship": "Outer",
              "Parallel Aware": false,
              "Startup Cost": 32046.91,
              "Total Cost": 32046.92,
              "Plan Rows": 1,
              "Plan Width": 8,
              "Actual Startup Time": 82.229,
              "Actual Total Time": 82.231,
              "Actual Rows": 1,
              "Actual Loops": 4,
              "Plans": [
                {
                  "Node Type": "Seq Scan",
                  "Parent Relationship": "Outer",
                  "Parallel Aware": true,
                  "Relation Name": "movie_companies",
                  "Alias": "mc",
                  "Startup Cost": 0.0,
                  "Total Cost": 31414.82,
                  "Plan Rows": 252835,
                  "Plan Width": 0,
                  "Actual Startup Time": 3.346,
                  "Actual Total Time": 75.35,
                  "Actual Rows": 141719,
                  "Actual Loops": 4,
                  "Filter": "((company_id > 5197) AND (company_type_id < 2))",
                  "Rows Removed by Filter": 510563
                }
              ]
            }
          ]
        }
      ]
    },
    "Planning Time": 0.106,
    "Triggers": [],
    "Execution Time": 96.844
  }
]