[
  {
    "Plan": {
      "Node Type": "Aggregate",
      "Strategy": "Plain",
      "Partial Mode": "Finalize",
      "Parallel Aware": false,
      "Startup Cost": 92673.93,
      "Total Cost": 92673.94,
      "Plan Rows": 1,
      "Plan Width": 8,
      "Actual Startup Time": 540.491,
      "Actual Total Time": 561.148,
      "Actual Rows": 1,
      "Actual Loops": 1,
      "Plans": [
        {
          "Node Type": "Gather",
          "Parent Relationship": "Outer",
          "Parallel Aware": false,
          "Startup Cost": 92673.61,
          "Total Cost": 92673.92,
          "Plan Rows": 3,
          "Plan Width": 8,
          "Actual Startup Time": 524.453,
          "Actual Total Time": 561.134,
          "Actual Rows": 4,
          "Actual Loops": 1,
          "Workers Planned": 3,
          "Workers Launched": 3,
          "Single Copy": false,
          "Plans": [
            {
              "Node Type": "Aggregate",
              "Strategy": "Plain",
              "Partial Mode": "Partial",
              "Parent Relationship": "Outer",
              "Parallel Aware": false,
              "Startup Cost": 91673.61,
              "Total Cost": 91673.62,
              "Plan Rows": 1,
              "Plan Width": 8,
              "Actual Startup Time": 511.735,
              "Actual Total Time": 511.739,
              "Actual Rows": 1,
              "Actual Loops": 4,
              "Plans": [
                {
                  "Node Type": "Hash Join",
                  "Parent Relationship": "Outer",
                  "Parallel Aware": true,
                  "Join Type": "Inner",
                  "Startup Cost": 63626.57,
                  "Total Cost": 91163.96,
                  "Plan Rows": 203861,
                  "Plan Width": 0,
                  "Actual Startup Time": 384.855,
                  "Actual Total Time": 504.342,
                  "Actual Rows": 160432,
                  "Actual Loops": 4,
                  "Inner Unique": true,
                  "Hash Cond": "(mk.movie_id = t.id)",
                  "Plans": [
                    {
                      "Node Type": "Bitmap Heap Scan",
                      "Parent Relationship": "Outer",
                      "Parallel Aware": true,
                      "Relation Name": "movie_keyword",
                      "Alias": "mk",
                      "Startup Cost": 13406.18,
                      "Total Cost": 40408.44,
                      "Plan Rows": 203861,
                      "Plan Width": 4,
                      "Actual Startup Time": 40.201,
                      "Actual Total Time": 98.046,
                      "Actual Rows": 160432,
                      "Actual Loops": 4,
                      "Recheck Cond": "(keyword_id < 498)",
                      "Rows Removed by Index Recheck": 0,
                      "Exact Heap Blocks": 7198,
                      "Lossy Heap Blocks": 0,
                      "Plans": [
                        {
                          "Node Type": "Bitmap Index Scan",
                          "Parent Relationship": "Outer",
                          "Parallel Aware": false,
                          "Index Name": "keyword_id_movie_keyword",
                          "Startup Cost": 0.0,
                          "Total Cost": 13248.19,
                          "Plan Rows": 631968,
                          "Plan Width": 0,
                          "Actual Startup Time": 36.554,
                          "Actual Total Time": 36.556,
                          "Actual Rows": 641726,
                          "Actual Loops": 1,
                          "Index Cond": "(keyword_id < 498)"
                        }
                      ]
                    },
                    {
                      "Node Type": "Hash",
                      "Parent Relationship": "Inner",
                      "Parallel Aware": true,
                      "Startup Cost": 42319.06,
                      "Total Cost": 42319.06,
                      "Plan Rows": 632106,
                      "Plan Width": 4,
                      "Actual Startup Time": 336.766,
                      "Actual Total Time": 336.767,
                      "Actual Rows": 632078,
                      "Actual Loops": 4,
                      "Hash Buckets": 4194304,
                      "Original Hash Buckets": 4194304,
                      "Hash Batches": 1,
                      "Original Hash Batches": 1,
                      "Peak Memory Usage": 131776,
                      "Plans": [
                        {
                          "Node Type": "Seq Scan",
                          "Parent Relationship": "Outer",
                          "Parallel Aware": true,
                          "Relation Name": "title",
                          "Alias": "t",
                          "Startup Cost": 0.0,
                          "Total Cost": 42319.06,
                          "Plan Rows": 632106,
                          "Plan Width": 4,
                          "Actual Startup Time": 0.045,
                          "Actual Total Time": 98.102,
                          "Actual Rows": 632078,
                          "Actual Loops": 4
                        }
                      ]
                    }
                  ]
                }
              ]
            }
          ]
        }
      ]
    },
    "Planning Time": 0.169,
    "Triggers": [],
    "Execution Time": 561.183
  }
]