[
  {
    "Plan": {
      "Node Type": "Aggregate",
      "Strategy": "Plain",
      "Partial Mode": "Finalize",
      "Parallel Aware": false,
      "Startup Cost": 46482.53,
      "Total Cost": 46482.54,
      "Plan Rows": 1,
      "Plan Width": 8,
      "Actual Startup Time": 101.953,
      "Actual Total Time": 113.667,
      "Actual Rows": 1,
      "Actual Loops": 1,
      "Plans": [
        {
          "Node Type": "Gather",
          "Parent Relationship": "Outer",
          "Parallel Aware": false,
          "Startup Cost": 46482.11,
          "Total Cost": 46482.52,
          "Plan Rows": 4,
          "Plan Width": 8,
          "Actual Startup Time": 101.705,
          "Actual Total Time": 113.657,
          "Actual Rows": 5,
          "Actual Loops": 1,
          "Workers Planned": 4,
          "Workers Launched": 4,
          "Single Copy": false,
          "Plans": [
            {
              "Node Type": "Aggregate",
              "Strategy": "Plain",
              "Partial Mode": "Partial",
              "Parent Relationship": "Outer",
              "Parallel Aware": false,
              "Startup Cost": 45482.11,
              "Total Cost": 45482.12,
              "Plan Rows": 1,
              "Plan Width": 8,
              "Actual Startup Time": 93.838,
              "Actual Total Time": 93.84,
              "Actual Rows": 1,
              "Actual Loops": 5,
              "Plans": [
                {
                  "Node Type": "Seq Scan",
                  "Parent Relationship": "Outer",
                  "Parallel Aware": true,
                  "Relation Name": "title",
                  "Alias": "t",
                  "Startup Cost": 0.0,
                  "Total Cost": 45479.1,
                  "Plan Rows": 1205,
                  "Plan Width": 0,
                  "Actual Startup Time": 62.489,
                  "Actual Total Time": 93.71,
                  "Actual Rows": 936,
                  "Actual Loops": 5,
                  "Filter": "((kind_id < 2) AND (production_year = 1987))",
                  "Rows Removed by Filter": 504726
                }
              ]
            }
          ]
        }
      ]
    },
    "Planning Time": 0.157,
    "Triggers": [],
    "Execution Time": 113.721
  }
]