{
  "Plan": {
    "Node Type": "Aggregate",
    "Strategy": "Plain",
    "Partial Mode": "Finalize",
    "Parallel Aware": false,
    "Startup Cost": 38679.23,
    "Total Cost": 38679.24,
    "Plan Rows": 1,
    "Plan Width": 8,
    "Actual Startup Time": 41.487,
    "Actual Total Time": 45.379,
    "Actual Rows": 1,
    "Actual Loops": 1,
    "Plans": [
      {
        "Node Type": "Gather",
        "Parent Relationship": "Outer",
        "Parallel Aware": false,
        "Startup Cost": 38679.12,
        "Total Cost": 38679.23,
        "Plan Rows": 1,
        "Plan Width": 8,
        "Actual Startup Time": 41.386,
        "Actual Total Time": 45.375,
        "Actual Rows": 2,
        "Actual Loops": 1,
        "Workers Planned": 1,
        "Workers Launched": 1,
        "Single Copy": false,
        "Plans": [
          {
            "Node Type": "Aggregate",
            "Strategy": "Plain",
            "Partial Mode": "Partial",
            "Parent Relationship": "Outer",
            "Parallel Aware": false,
            "Startup Cost": 37679.12,
            "Total Cost": 37679.13,
            "Plan Rows": 1,
            "Plan Width": 8,
            "Actual Startup Time": 35.404,
            "Actual Total Time": 35.405,
            "Actual Rows": 1,
            "Actual Loops": 2,
            "Plans": [
              {
                "Node Type": "Nested Loop",
                "Parent Relationship": "Outer",
                "Parallel Aware": false,
                "Join Type": "Inner",
                "Startup Cost": 211.15,
                "Total Cost": 37671.85,
                "Plan Rows": 2909,
                "Plan Width": 0,
                "Actual Startup Time": 13.459,
                "Actual Total Time": 35.114,
                "Actual Rows": 2078,
                "Actual Loops": 2,
                "Inner Unique": true,
                "Plans": [
                  {
                    "Node Type": "Bitmap Heap Scan",
                    "Parent Relationship": "Outer",
                    "Parallel Aware": true,
                    "Relation Name": "movie_companies",
                    "Alias": "mc",
                    "Startup Cost": 210.72,
                    "Total Cost": 16349.38,
                    "Plan Rows": 2909,
                    "Plan Width": 4,
                    "Actual Startup Time": 13.355,
                    "Actual Total Time": 18.423,
                    "Actual Rows": 2078,
                    "Actual Loops": 2,
                    "Recheck Cond": "(company_id = 846)",
                    "Rows Removed by Index Recheck": 0,
                    "Filter": "(company_type_id > 1)",
                    "Rows Removed by Filter": 3004,
                    "Exact Heap Blocks": 5155,
                    "Lossy Heap Blocks": 0,
                    "Plans": [
                      {
                        "Node Type": "Bitmap Index Scan",
                        "Parent Relationship": "Outer",
                        "Parallel Aware": false,
                        "Index Name": "company_id_movie_companies",
                        "Startup Cost": 0.0,
                        "Total Cost": 209.49,
                        "Plan Rows": 9741,
                        "Plan Width": 0,
                        "Actual Startup Time": 5.397,
                        "Actual Total Time": 5.397,
                        "Actual Rows": 10163,
                        "Actual Loops": 1,
                        "Index Cond": "(company_id = 846)"
                      }
                    ]
                  },
                  {
                    "Node Type": "Index Only Scan",
                    "Parent Relationship": "Inner",
                    "Parallel Aware": false,
                    "Scan Direction": "Forward",
                    "Index Name": "title_pkey",
                    "Relation Name": "title",
                    "Alias": "t",
                    "Startup Cost": 0.43,
                    "Total Cost": 7.33,
                    "Plan Rows": 1,
                    "Plan Width": 4,
                    "Actual Startup Time": 0.007,
                    "Actual Total Time": 0.007,
                    "Actual Rows": 1,
                    "Actual Loops": 4155,
                    "Index Cond": "(id = mc.movie_id)",
                    "Rows Removed by Index Recheck": 0,
                    "Heap Fetches": 4155
                  }
                ]
              }
            ]
          }
        ]
      }
    ]
  },
  "Planning Time": 0.516,
  "Triggers": [],
  "Execution Time": 45.466
}