{
  "Plan": {
    "Node Type": "Aggregate",
    "Strategy": "Plain",
    "Partial Mode": "Finalize",
    "Parallel Aware": false,
    "Startup Cost": 142633.45,
    "Total Cost": 142633.46,
    "Plan Rows": 1,
    "Plan Width": 8,
    "Actual Startup Time": 1027.955,
    "Actual Total Time": 1050.276,
    "Actual Rows": 1,
    "Actual Loops": 1,
    "Plans": [
      {
        "Node Type": "Gather",
        "Parent Relationship": "Outer",
        "Parallel Aware": false,
        "Startup Cost": 142633.34,
        "Total Cost": 142633.45,
        "Plan Rows": 1,
        "Plan Width": 8,
        "Actual Startup Time": 1023.627,
        "Actual Total Time": 1050.26,
        "Actual Rows": 2,
        "Actual Loops": 1,
        "Workers Planned": 1,
        "Workers Launched": 1,
        "Single Copy": false,
        "Plans": [
          {
            "Node Type": "Aggregate",
            "Strategy": "Plain",
            "Partial Mode": "Partial",
            "Parent Relationship": "Outer",
            "Parallel Aware": false,
            "Startup Cost": 141633.34,
            "Total Cost": 141633.35,
            "Plan Rows": 1,
            "Plan Width": 8,
            "Actual Startup Time": 1010.527,
            "Actual Total Time": 1010.544,
            "Actual Rows": 1,
            "Actual Loops": 2,
            "Plans": [
              {
                "Node Type": "Hash Join",
                "Parent Relationship": "Outer",
                "Parallel Aware": true,
                "Join Type": "Inner",
                "Startup Cost": 100804.39,
                "Total Cost": 141354.27,
                "Plan Rows": 111626,
                "Plan Width": 0,
                "Actual Startup Time": 723.626,
                "Actual Total Time": 978.289,
                "Actual Rows": 832636,
                "Actual Loops": 2,
                "Inner Unique": false,
                "Hash Cond": "(mc.movie_id = t.id)",
                "Plans": [
                  {
                    "Node Type": "Seq Scan",
                    "Parent Relationship": "Outer",
                    "Parallel Aware": true,
                    "Relation Name": "movie_companies",
                    "Alias": "mc",
                    "Startup Cost": 0.0,
                    "Total Cost": 34137.82,
                    "Plan Rows": 1534782,
                    "Plan Width": 4,
                    "Actual Startup Time": 0.026,
                    "Actual Total Time": 101.96,
                    "Actual Rows": 1304564,
                    "Actual Loops": 2
                  },
                  {
                    "Node Type": "Hash",
                    "Parent Relationship": "Inner",
                    "Parallel Aware": true,
                    "Startup Cost": 99452.29,
                    "Total Cost": 99452.29,
                    "Plan Rows": 108168,
                    "Plan Width": 8,
                    "Actual Startup Time": 675.988,
                    "Actual Total Time": 676.002,
                    "Actual Rows": 90686,
                    "Actual Loops": 2,
                    "Hash Buckets": 262144,
                    "Original Hash Buckets": 262144,
                    "Hash Batches": 1,
                    "Original Hash Batches": 1,
                    "Peak Memory Usage": 9152,
                    "Plans": [
                      {
                        "Node Type": "Hash Join",
                        "Parent Relationship": "Outer",
                        "Parallel Aware": true,
                        "Join Type": "Inner",
                        "Startup Cost": 73362.25,
                        "Total Cost": 99452.29,
                        "Plan Rows": 108168,
                        "Plan Width": 8,
                        "Actual Startup Time": 572.329,
                        "Actual Total Time": 652.201,
                        "Actual Rows": 90686,
                        "Actual Loops": 2,
                        "Inner Unique": true,
                        "Hash Cond": "(mk.movie_id = t.id)",
                        "Plans": [
                          {
                            "Node Type": "Bitmap Heap Scan",
                            "Parent Relationship": "Outer",
                            "Parallel Aware": true,
                            "Relation Name": "movie_keyword",
                            "Alias": "mk",
                            "Startup Cost": 3901.55,
                            "Total Cost": 29707.65,
                            "Plan Rows": 108168,
                            "Plan Width": 4,
                            "Actual Startup Time": 13.183,
                            "Actual Total Time": 63.304,
                            "Actual Rows": 90686,
                            "Actual Loops": 2,
                            "Recheck Cond": "(keyword_id > 71605)",
                            "Rows Removed by Index Recheck": 0,
                            "Exact Heap Blocks": 11648,
                            "Lossy Heap Blocks": 0,
                            "Plans": [
                              {
                                "Node Type": "Bitmap Index Scan",
                                "Parent Relationship": "Outer",
                                "Parallel Aware": false,
                                "Index Name": "keyword_id_movie_keyword",
                                "Startup Cost": 0.0,
                                "Total Cost": 3855.58,
                                "Plan Rows": 183886,
                                "Plan Width": 0,
                                "Actual Startup Time": 10.294,
                                "Actual Total Time": 10.295,
                                "Actual Rows": 181372,
                                "Actual Loops": 1,
                                "Index Cond": "(keyword_id > 71605)"
                              }
                            ]
                          },
                          {
                            "Node Type": "Hash",
                            "Parent Relationship": "Inner",
                            "Parallel Aware": true,
                            "Startup Cost": 50870.31,
                            "Total Cost": 50870.31,
                            "Plan Rows": 1487231,
                            "Plan Width": 4,
                            "Actual Startup Time": 540.609,
                            "Actual Total Time": 540.61,
                            "Actual Rows": 1264156,
                            "Actual Loops": 2,
                            "Hash Buckets": 4194304,
                            "Original Hash Buckets": 4194304,
                            "Hash Batches": 1,
                            "Original Hash Batches": 1,
                            "Peak Memory Usage": 131680,
                            "Plans": [
                              {
                                "Node Type": "Seq Scan",
                                "Parent Relationship": "Outer",
                                "Parallel Aware": true,
                                "Relation Name": "title",
                                "Alias": "t",
                                "Startup Cost": 0.0,
                                "Total Cost": 50870.31,
                                "Plan Rows": 1487231,
                                "Plan Width": 4,
                                "Actual Startup Time": 0.042,
                                "Actual Total Time": 158.697,
                                "Actual Rows": 1264156,
                                "Actual Loops": 2
                              }
                            ]
                          }
                        ]
                      }
                    ]
                  }
                ]
              }
            ]
          }
        ]
      }
    ]
  },
  "Planning Time": 1.064,
  "Triggers": [],
  "Execution Time": 1050.403
}