[
  {
    "Plan": {
      "Node Type": "Aggregate",
      "Strategy": "Plain",
      "Partial Mode": "Finalize",
      "Parallel Aware": false,
      "Startup Cost": 46918.14,
      "Total Cost": 46918.15,
      "Plan Rows": 1,
      "Plan Width": 8,
      "Actual Startup Time": 212.731,
      "Actual Total Time": 219.283,
      "Actual Rows": 1,
      "Actual Loops": 1,
      "Plans": [
        {
          "Node Type": "Gather",
          "Parent Relationship": "Outer",
          "Parallel Aware": false,
          "Startup Cost": 46917.82,
          "Total Cost": 46918.13,
          "Plan Rows": 3,
          "Plan Width": 8,
          "Actual Startup Time": 212.633,
          "Actual Total Time": 219.276,
          "Actual Rows": 4,
          "Actual Loops": 1,
          "Workers Planned": 3,
          "Workers Launched": 3,
          "Single Copy": false,
          "Plans": [
            {
              "Node Type": "Aggregate",
              "Strategy": "Plain",
              "Partial Mode": "Partial",
              "Parent Relationship": "Outer",
              "Parallel Aware": false,
              "Startup Cost": 45917.82,
              "Total Cost": 45917.83,
              "Plan Rows": 1,
              "Plan Width": 8,
              "Actual Startup Time": 205.347,
              "Actual Total Time": 205.348,
              "Actual Rows": 1,
              "Actual Loops": 4,
              "Plans": [
                {
                  "Node Type": "Seq Scan",
                  "Parent Relationship": "Outer",
                  "Parallel Aware": true,
                  "Relation Name": "movie_keyword",
                  "Alias": "mk",
                  "Startup Cost": 0.0,
                  "Total Cost": 42695.65,
                  "Plan Rows": 1288867,
                  "Plan Width": 0,
                  "Actual Startup Time": 0.044,
                  "Actual Total Time": 145.4,
                  "Actual Rows": 1001594,
                  "Actual Loops": 4,
                  "Filter": "(keyword_id < 34990)",
                  "Rows Removed by Filter": 129388
                }
              ]
            }
          ]
        }
      ]
    },
    "Planning Time": 0.103,
    "Triggers": [],
    "Execution Time": 219.316
  }
]