{
  "Plan": {
    "Node Type": "Aggregate",
    "Strategy": "Plain",
    "Partial Mode": "Finalize",
    "Parallel Aware": false,
    "Startup Cost": 893101.71,
    "Total Cost": 893101.72,
    "Plan Rows": 1,
    "Plan Width": 8,
    "Actual Startup Time": 4272.416,
    "Actual Total Time": 4345.254,
    "Actual Rows": 1,
    "Actual Loops": 1,
    "Plans": [
      {
        "Node Type": "Gather",
        "Parent Relationship": "Outer",
        "Parallel Aware": false,
        "Startup Cost": 893101.6,
        "Total Cost": 893101.71,
        "Plan Rows": 1,
        "Plan Width": 8,
        "Actual Startup Time": 4269.975,
        "Actual Total Time": 4345.243,
        "Actual Rows": 2,
        "Actual Loops": 1,
        "Workers Planned": 1,
        "Workers Launched": 1,
        "Single Copy": false,
        "Plans": [
          {
            "Node Type": "Aggregate",
            "Strategy": "Plain",
            "Partial Mode": "Partial",
            "Parent Relationship": "Outer",
            "Parallel Aware": false,
            "Startup Cost": 892101.6,
            "Total Cost": 892101.61,
            "Plan Rows": 1,
            "Plan Width": 8,
            "Actual Startup Time": 4263.727,
            "Actual Total Time": 4263.733,
            "Actual Rows": 1,
            "Actual Loops": 2,
            "Plans": [
              {
                "Node Type": "Hash Join",
                "Parent Relationship": "Outer",
                "Parallel Aware": true,
                "Join Type": "Inner",
                "Startup Cost": 587238.65,
                "Total Cost": 888395.65,
                "Plan Rows": 1482381,
                "Plan Width": 0,
                "Actual Startup Time": 1925.809,
                "Actual Total Time": 4108.538,
                "Actual Rows": 3601561,
                "Actual Loops": 2,
                "Inner Unique": false,
                "Hash Cond": "(mi.movie_id = t.id)",
                "Plans": [
                  {
                    "Node Type": "Seq Scan",
                    "Parent Relationship": "Outer",
                    "Parallel Aware": true,
                    "Relation Name": "movie_info",
                    "Alias": "mi",
                    "Startup Cost": 0.0,
                    "Total Cost": 248955.74,
                    "Plan Rows": 8696274,
                    "Plan Width": 4,
                    "Actual Startup Time": 0.03,
                    "Actual Total Time": 674.442,
                    "Actual Rows": 7417860,
                    "Actual Loops": 2
                  },
                  {
                    "Node Type": "Hash",
                    "Parent Relationship": "Inner",
                    "Parallel Aware": true,
                    "Startup Cost": 584069.7,
                    "Total Cost": 584069.7,
                    "Plan Rows": 253516,
                    "Plan Width": 8,
                    "Actual Startup Time": 1919.273,
                    "Actual Total Time": 1919.277,
                    "Actual Rows": 277356,
                    "Actual Loops": 2,
                    "Hash Buckets": 1048576,
                    "Original Hash Buckets": 524288,
                    "Hash Batches": 1,
                    "Original Hash Batches": 1,
                    "Peak Memory Usage": 34016,
                    "Plans": [
                      {
                        "Node Type": "Hash Join",
                        "Parent Relationship": "Outer",
                        "Parallel Aware": true,
                        "Join Type": "Inner",
                        "Startup Cost": 252158.71,
                        "Total Cost": 584069.7,
                        "Plan Rows": 253516,
                        "Plan Width": 8,
                        "Actual Startup Time": 516.158,
                        "Actual Total Time": 1819.488,
                        "Actual Rows": 277356,
                        "Actual Loops": 2,
                        "Inner Unique": true,
                        "Hash Cond": "(ci.movie_id = t.id)",
                        "Plans": [
                          {
                            "Node Type": "Bitmap Heap Scan",
                            "Parent Relationship": "Outer",
                            "Parallel Aware": true,
                            "Relation Name": "cast_info",
                            "Alias": "ci",
                            "Startup Cost": 196670.54,
                            "Total Cost": 514831.9,
                            "Plan Rows": 5237949,
                            "Plan Width": 4,
                            "Actual Startup Time": 338.587,
                            "Actual Total Time": 895.675,
                            "Actual Rows": 4414218,
                            "Actual Loops": 2,
                            "Recheck Cond": "(person_id > 2809168)",
                            "Rows Removed by Index Recheck": 0,
                            "Exact Heap Blocks": 64335,
                            "Lossy Heap Blocks": 0,
                            "Plans": [
                              {
                                "Node Type": "Bitmap Index Scan",
                                "Parent Relationship": "Outer",
                                "Parallel Aware": false,
                                "Index Name": "person_id_cast_info",
                                "Startup Cost": 0.0,
                                "Total Cost": 194444.41,
                                "Plan Rows": 8904513,
                                "Plan Width": 0,
                                "Actual Startup Time": 319.832,
                                "Actual Total Time": 319.832,
                                "Actual Rows": 8828437,
                                "Actual Loops": 1,
                                "Index Cond": "(person_id > 2809168)"
                              }
                            ]
                          },
                          {
                            "Node Type": "Hash",
                            "Parent Relationship": "Inner",
                            "Parallel Aware": true,
                            "Startup Cost": 54588.39,
                            "Total Cost": 54588.39,
                            "Plan Rows": 71982,
                            "Plan Width": 4,
                            "Actual Startup Time": 176.598,
                            "Actual Total Time": 176.599,
                            "Actual Rows": 61430,
                            "Actual Loops": 2,
                            "Hash Buckets": 131072,
                            "Original Hash Buckets": 131072,
                            "Hash Batches": 1,
                            "Original Hash Batches": 1,
                            "Peak Memory Usage": 5856,
                            "Plans": [
                              {
                                "Node Type": "Seq Scan",
                                "Parent Relationship": "Outer",
                                "Parallel Aware": true,
                                "Relation Name": "title",
                                "Alias": "t",
                                "Startup Cost": 0.0,
                                "Total Cost": 54588.39,
                                "Plan Rows": 71982,
                                "Plan Width": 4,
                                "Actual Startup Time": 0.043,
                                "Actual Total Time": 157.61,
                                "Actual Rows": 61430,
                                "Actual Loops": 2,
                                "Filter": "(production_year = 2008)",
                                "Rows Removed by Filter": 1202726
                              }
                            ]
                          }
                        ]
                      }
                    ]
                  }
                ]
              }
            ]
          }
        ]
      }
    ]
  },
  "Planning Time": 0.993,
  "Triggers": [],
  "Execution Time": 4345.371
}