[
  {
    "Plan": {
      "Node Type": "Aggregate",
      "Strategy": "Plain",
      "Partial Mode": "Finalize",
      "Parallel Aware": false,
      "Startup Cost": 33020.8,
      "Total Cost": 33020.81,
      "Plan Rows": 1,
      "Plan Width": 8,
      "Actual Startup Time": 87.774,
      "Actual Total Time": 95.58,
      "Actual Rows": 1,
      "Actual Loops": 1,
      "Plans": [
        {
          "Node Type": "Gather",
          "Parent Relationship": "Outer",
          "Parallel Aware": false,
          "Startup Cost": 33020.49,
          "Total Cost": 33020.8,
          "Plan Rows": 3,
          "Plan Width": 8,
          "Actual Startup Time": 87.654,
          "Actual Total Time": 95.573,
          "Actual Rows": 4,
          "Actual Loops": 1,
          "Workers Planned": 3,
          "Workers Launched": 3,
          "Single Copy": false,
          "Plans": [
            {
              "Node Type": "Aggregate",
              "Strategy": "Plain",
              "Partial Mode": "Partial",
              "Parent Relationship": "Outer",
              "Parallel Aware": false,
              "Startup Cost": 32020.49,
              "Total Cost": 32020.5,
              "Plan Rows": 1,
              "Plan Width": 8,
              "Actual Startup Time": 81.456,
              "Actual Total Time": 81.457,
              "Actual Rows": 1,
              "Actual Loops": 4,
              "Plans": [
                {
                  "Node Type": "Seq Scan",
                  "Parent Relationship": "Outer",
                  "Parallel Aware": true,
                  "Relation Name": "movie_companies",
                  "Alias": "mc",
                  "Startup Cost": 0.0,
                  "Total Cost": 31414.82,
                  "Plan Rows": 242267,
                  "Plan Width": 0,
                  "Actual Startup Time": 45.68,
                  "Actual Total Time": 76.348,
                  "Actual Rows": 117692,
                  "Actual Loops": 4,
                  "Filter": "((company_id < 13513) AND (company_type_id = 2))",
                  "Rows Removed by Filter": 534590
                }
              ]
            }
          ]
        }
      ]
    },
    "Planning Time": 0.172,
    "Triggers": [],
    "Execution Time": 95.621
  }
]