[
    {
        "Bao": {
            "Bao prediction": "NaN",
            "Bao recommended hint": "(no hint)"
        }
    },
    {
        "Plan": {
            "Node Type": "Aggregate",
            "Strategy": "Plain",
            "Partial Mode": "Finalize",
            "Parallel Aware": false,
            "Startup Cost": 348991.32,
            "Total Cost": 348991.33,
            "Plan Rows": 1,
            "Plan Width": 8,
            "Actual Startup Time": 687.046,
            "Actual Total Time": 713.277,
            "Actual Rows": 1,
            "Actual Loops": 1,
            "Output": [
                "count(*)"
            ],
            "Plans": [
                {
                    "Node Type": "Gather",
                    "Parent Relationship": "Outer",
                    "Parallel Aware": false,
                    "Startup Cost": 348990.7,
                    "Total Cost": 348991.3,
                    "Plan Rows": 6,
                    "Plan Width": 8,
                    "Actual Startup Time": 686.938,
                    "Actual Total Time": 713.269,
                    "Actual Rows": 7,
                    "Actual Loops": 1,
                    "Output": [
                        "(PARTIAL count(*))"
                    ],
                    "Workers Planned": 6,
                    "Workers Launched": 6,
                    "Single Copy": false,
                    "Plans": [
                        {
                            "Node Type": "Aggregate",
                            "Strategy": "Plain",
                            "Partial Mode": "Partial",
                            "Parent Relationship": "Outer",
                            "Parallel Aware": false,
                            "Startup Cost": 347990.7,
                            "Total Cost": 347990.71,
                            "Plan Rows": 1,
                            "Plan Width": 8,
                            "Actual Startup Time": 677.072,
                            "Actual Total Time": 677.074,
                            "Actual Rows": 1,
                            "Actual Loops": 7,
                            "Output": [
                                "PARTIAL count(*)"
                            ],
                            "Workers": [
                                {
                                    "Worker Number": 0,
                                    "Actual Startup Time": 674.952,
                                    "Actual Total Time": 674.953,
                                    "Actual Rows": 1,
                                    "Actual Loops": 1
                                },
                                {
                                    "Worker Number": 1,
                                    "Actual Startup Time": 674.84,
                                    "Actual Total Time": 674.841,
                                    "Actual Rows": 1,
                                    "Actual Loops": 1
                                },
                                {
                                    "Worker Number": 2,
                                    "Actual Startup Time": 675.534,
                                    "Actual Total Time": 675.535,
                                    "Actual Rows": 1,
                                    "Actual Loops": 1
                                },
                                {
                                    "Worker Number": 3,
                                    "Actual Startup Time": 675.571,
                                    "Actual Total Time": 675.571,
                                    "Actual Rows": 1,
                                    "Actual Loops": 1
                                },
                                {
                                    "Worker Number": 4,
                                    "Actual Startup Time": 675.816,
                                    "Actual Total Time": 675.818,
                                    "Actual Rows": 1,
                                    "Actual Loops": 1
                                },
                                {
                                    "Worker Number": 5,
                                    "Actual Startup Time": 676.242,
                                    "Actual Total Time": 676.243,
                                    "Actual Rows": 1,
                                    "Actual Loops": 1
                                }
                            ],
                            "Plans": [
                                {
                                    "Node Type": "Seq Scan",
                                    "Parent Relationship": "Outer",
                                    "Parallel Aware": true,
                                    "Relation Name": "cast_info",
                                    "Schema": "public",
                                    "Alias": "ci",
                                    "Startup Cost": 0.0,
                                    "Total Cost": 343318.94,
                                    "Plan Rows": 1868702,
                                    "Plan Width": 0,
                                    "Actual Startup Time": 0.059,
                                    "Actual Total Time": 596.062,
                                    "Actual Rows": 1752721,
                                    "Actual Loops": 7,
                                    "Output": [
                                        "id",
                                        "person_id",
                                        "movie_id",
                                        "person_role_id",
                                        "note",
                                        "nr_order",
                                        "role_id"
                                    ],
                                    "Filter": "((ci.person_id < 1264664) AND (ci.role_id < 10))",
                                    "Rows Removed by Filter": 3425042,
                                    "Workers": [
                                        {
                                            "Worker Number": 0,
                                            "Actual Startup Time": 0.067,
                                            "Actual Total Time": 593.961,
                                            "Actual Rows": 1176275,
                                            "Actual Loops": 1
                                        },
                                        {
                                            "Worker Number": 1,
                                            "Actual Startup Time": 0.063,
                                            "Actual Total Time": 596.56,
                                            "Actual Rows": 1787387,
                                            "Actual Loops": 1
                                        },
                                        {
                                            "Worker Number": 2,
                                            "Actual Startup Time": 0.066,
                                            "Actual Total Time": 596.533,
                                            "Actual Rows": 1727777,
                                            "Actual Loops": 1
                                        },
                                        {
                                            "Worker Number": 3,
                                            "Actual Startup Time": 0.063,
                                            "Actual Total Time": 596.35,
                                            "Actual Rows": 1795974,
                                            "Actual Loops": 1
                                        },
                                        {
                                            "Worker Number": 4,
                                            "Actual Startup Time": 0.065,
                                            "Actual Total Time": 599.847,
                                            "Actual Rows": 1737529,
                                            "Actual Loops": 1
                                        },
                                        {
                                            "Worker Number": 5,
                                            "Actual Startup Time": 0.073,
                                            "Actual Total Time": 599.894,
                                            "Actual Rows": 1745332,
                                            "Actual Loops": 1
                                        }
                                    ]
                                }
                            ]
                        }
                    ]
                }
            ]
        },
        "Planning Time": 219.533,
        "Triggers": [],
        "Execution Time": 713.331
    }
]