{
  "Plan": {
    "Node Type": "Aggregate",
    "Strategy": "Plain",
    "Partial Mode": "Simple",
    "Parallel Aware": false,
    "Startup Cost": 139213.64,
    "Total Cost": 139213.65,
    "Plan Rows": 1,
    "Plan Width": 128,
    "Actual Startup Time": 3092.193,
    "Actual Total Time": 3212.445,
    "Actual Rows": 1,
    "Actual Loops": 1,
    "Plans": [
      {
        "Node Type": "Gather",
        "Parent Relationship": "Outer",
        "Parallel Aware": false,
        "Startup Cost": 73926.35,
        "Total Cost": 139213.63,
        "Plan Rows": 1,
        "Plan Width": 81,
        "Actual Startup Time": 867.575,
        "Actual Total Time": 3211.147,
        "Actual Rows": 4815,
        "Actual Loops": 1,
        "Workers Planned": 1,
        "Workers Launched": 1,
        "Single Copy": false,
        "Plans": [
          {
            "Node Type": "Nested Loop",
            "Parent Relationship": "Outer",
            "Parallel Aware": false,
            "Join Type": "Inner",
            "Startup Cost": 72926.35,
            "Total Cost": 138213.53,
            "Plan Rows": 1,
            "Plan Width": 81,
            "Actual Startup Time": 867.857,
            "Actual Total Time": 3074.932,
            "Actual Rows": 2408,
            "Actual Loops": 2,
            "Inner Unique": true,
            "Plans": [
              {
                "Node Type": "Nested Loop",
                "Parent Relationship": "Outer",
                "Parallel Aware": false,
                "Join Type": "Inner",
                "Startup Cost": 72926.21,
                "Total Cost": 138213.34,
                "Plan Rows": 1,
                "Plan Width": 85,
                "Actual Startup Time": 867.685,
                "Actual Total Time": 3067.672,
                "Actual Rows": 7270,
                "Actual Loops": 2,
                "Inner Unique": true,
                "Plans": [
                  {
                    "Node Type": "Nested Loop",
                    "Parent Relationship": "Outer",
                    "Parallel Aware": false,
                    "Join Type": "Inner",
                    "Startup Cost": 72926.07,
                    "Total Cost": 138213.0,
                    "Plan Rows": 2,
                    "Plan Width": 89,
                    "Actual Startup Time": 867.654,
                    "Actual Total Time": 3057.51,
                    "Actual Rows": 8170,
                    "Actual Loops": 2,
                    "Inner Unique": true,
                    "Plans": [
                      {
                        "Node Type": "Nested Loop",
                        "Parent Relationship": "Outer",
                        "Parallel Aware": false,
                        "Join Type": "Inner",
                        "Startup Cost": 72925.64,
                        "Total Cost": 138209.57,
                        "Plan Rows": 5,
                        "Plan Width": 78,
                        "Actual Startup Time": 867.54,
                        "Actual Total Time": 3011.009,
                        "Actual Rows": 13358,
                        "Actual Loops": 2,
                        "Inner Unique": false,
                        "Join Filter": "(t.id = ci.movie_id)",
                        "Rows Removed by Join Filter": 0,
                        "Plans": [
                          {
                            "Node Type": "Nested Loop",
                            "Parent Relationship": "Outer",
                            "Parallel Aware": false,
                            "Join Type": "Inner",
                            "Startup Cost": 72925.07,
                            "Total Cost": 138194.06,
                            "Plan Rows": 9,
                            "Plan Width": 90,
                            "Actual Startup Time": 859.021,
                            "Actual Total Time": 2060.966,
                            "Actual Rows": 23314,
                            "Actual Loops": 2,
                            "Inner Unique": false,
                            "Join Filter": "(t.id = mi_idx.movie_id)",
                            "Rows Removed by Join Filter": 0,
                            "Plans": [
                              {
                                "Node Type": "Nested Loop",
                                "Parent Relationship": "Outer",
                                "Parallel Aware": false,
                                "Join Type": "Inner",
                                "Startup Cost": 72924.64,
                                "Total Cost": 138185.05,
                                "Plan Rows": 17,
                                "Plan Width": 76,
                                "Actual Startup Time": 858.967,
                                "Actual Total Time": 2017.623,
                                "Actual Rows": 9342,
                                "Actual Loops": 2,
                                "Inner Unique": false,
                                "Join Filter": "(t.id = mi.movie_id)",
                                "Rows Removed by Join Filter": 0,
                                "Plans": [
                                  {
                                    "Node Type": "Hash Join",
                                    "Parent Relationship": "Outer",
                                    "Parallel Aware": false,
                                    "Join Type": "Inner",
                                    "Startup Cost": 72924.21,
                                    "Total Cost": 137960.75,
                                    "Plan Rows": 139,
                                    "Plan Width": 25,
                                    "Actual Startup Time": 858.733,
                                    "Actual Total Time": 1673.627,
                                    "Actual Rows": 12623,
                                    "Actual Loops": 2,
                                    "Inner Unique": true,
                                    "Hash Cond": "(mk.keyword_id = k.id)",
                                    "Plans": [
                                      {
                                        "Node Type": "Hash Join",
                                        "Parent Relationship": "Outer",
                                        "Parallel Aware": true,
                                        "Join Type": "Inner",
                                        "Startup Cost": 69459.43,
                                        "Total Cost": 127510.28,
                                        "Plan Rows": 2661135,
                                        "Plan Width": 29,
                                        "Actual Startup Time": 809.471,
                                        "Actual Total Time": 1490.34,
                                        "Actual Rows": 2261965,
                                        "Actual Loops": 2,
                                        "Inner Unique": true,
                                        "Hash Cond": "(mk.movie_id = t.id)",
                                        "Plans": [
                                          {
                                            "Node Type": "Seq Scan",
                                            "Parent Relationship": "Outer",
                                            "Parallel Aware": true,
                                            "Relation Name": "movie_keyword",
                                            "Alias": "mk",
                                            "Startup Cost": 0.0,
                                            "Total Cost": 51065.35,
                                            "Plan Rows": 2661135,
                                            "Plan Width": 8,
                                            "Actual Startup Time": 0.025,
                                            "Actual Total Time": 177.711,
                                            "Actual Rows": 2261965,
                                            "Actual Loops": 2
                                          },
                                          {
                                            "Node Type": "Hash",
                                            "Parent Relationship": "Inner",
                                            "Parallel Aware": true,
                                            "Startup Cost": 50869.75,
                                            "Total Cost": 50869.75,
                                            "Plan Rows": 1487175,
                                            "Plan Width": 21,
                                            "Actual Startup Time": 792.992,
                                            "Actual Total Time": 792.993,
                                            "Actual Rows": 1264156,
                                            "Actual Loops": 2,
                                            "Hash Buckets": 4194304,
                                            "Original Hash Buckets": 4194304,
                                            "Hash Batches": 1,
                                            "Original Hash Batches": 1,
                                            "Peak Memory Usage": 174752,
                                            "Plans": [
                                              {
                                                "Node Type": "Seq Scan",
                                                "Parent Relationship": "Outer",
                                                "Parallel Aware": true,
                                                "Relation Name": "title",
                                                "Alias": "t",
                                                "Startup Cost": 0.0,
                                                "Total Cost": 50869.75,
                                                "Plan Rows": 1487175,
                                                "Plan Width": 21,
                                                "Actual Startup Time": 0.022,
                                                "Actual Total Time": 205.463,
                                                "Actual Rows": 1264156,
                                                "Actual Loops": 2
                                              }
                                            ]
                                          }
                                        ]
                                      },
                                      {
                                        "Node Type": "Hash",
                                        "Parent Relationship": "Inner",
                                        "Parallel Aware": false,
                                        "Startup Cost": 3464.69,
                                        "Total Cost": 3464.69,
                                        "Plan Rows": 7,
                                        "Plan Width": 4,
                                        "Actual Startup Time": 48.626,
                                        "Actual Total Time": 48.627,
                                        "Actual Rows": 6,
                                        "Actual Loops": 2,
                                        "Hash Buckets": 1024,
                                        "Original Hash Buckets": 1024,
                                        "Hash Batches": 1,
                                        "Original Hash Batches": 1,
                                        "Peak Memory Usage": 9,
                                        "Plans": [
                                          {
                                            "Node Type": "Seq Scan",
                                            "Parent Relationship": "Outer",
                                            "Parallel Aware": false,
                                            "Relation Name": "keyword",
                                            "Alias": "k",
                                            "Startup Cost": 0.0,
                                            "Total Cost": 3464.69,
                                            "Plan Rows": 7,
                                            "Plan Width": 4,
                                            "Actual Startup Time": 0.338,
                                            "Actual Total Time": 48.599,
                                            "Actual Rows": 6,
                                            "Actual Loops": 2,
                                            "Filter": "(keyword = ANY ('{tv-special,violence,superhero,second-part,based-on-comic,tv-special,interview}'::text[]))",
                                            "Rows Removed by Filter": 134164
                                          }
                                        ]
                                      }
                                    ]
                                  },
                                  {
                                    "Node Type": "Index Scan",
                                    "Parent Relationship": "Inner",
                                    "Parallel Aware": false,
                                    "Scan Direction": "Forward",
                                    "Index Name": "movie_id_movie_info",
                                    "Relation Name": "movie_info",
                                    "Alias": "mi",
                                    "Startup Cost": 0.43,
                                    "Total Cost": 1.6,
                                    "Plan Rows": 1,
                                    "Plan Width": 51,
                                    "Actual Startup Time": 0.026,
                                    "Actual Total Time": 0.027,
                                    "Actual Rows": 1,
                                    "Actual Loops": 25246,
                                    "Index Cond": "(movie_id = mk.movie_id)",
                                    "Rows Removed by Index Recheck": 0,
                                    "Filter": "(info = ANY ('{Crime,Family,Western,Horror,Action,Documentary}'::text[]))",
                                    "Rows Removed by Filter": 38
                                  }
                                ]
                              },
                              {
                                "Node Type": "Index Scan",
                                "Parent Relationship": "Inner",
                                "Parallel Aware": false,
                                "Scan Direction": "Forward",
                                "Index Name": "movie_id_movie_info_idx",
                                "Relation Name": "movie_info_idx",
                                "Alias": "mi_idx",
                                "Startup Cost": 0.43,
                                "Total Cost": 0.49,
                                "Plan Rows": 3,
                                "Plan Width": 14,
                                "Actual Startup Time": 0.003,
                                "Actual Total Time": 0.004,
                                "Actual Rows": 2,
                                "Actual Loops": 18684,
                                "Index Cond": "(movie_id = mk.movie_id)",
                                "Rows Removed by Index Recheck": 0
                              }
                            ]
                          },
                          {
                            "Node Type": "Index Scan",
                            "Parent Relationship": "Inner",
                            "Parallel Aware": false,
                            "Scan Direction": "Forward",
                            "Index Name": "movie_id_cast_info",
                            "Relation Name": "cast_info",
                            "Alias": "ci",
                            "Startup Cost": 0.56,
                            "Total Cost": 1.71,
                            "Plan Rows": 1,
                            "Plan Width": 8,
                            "Actual Startup Time": 0.033,
                            "Actual Total Time": 0.04,
                            "Actual Rows": 1,
                            "Actual Loops": 46628,
                            "Index Cond": "(movie_id = mk.movie_id)",
                            "Rows Removed by Index Recheck": 0,
                            "Filter": "(note = ANY ('{(writer),\"(head writer)\",\"(written by)\",(story),\"(story editor)\"}'::text[]))",
                            "Rows Removed by Filter": 57
                          }
                        ]
                      },
                      {
                        "Node Type": "Index Scan",
                        "Parent Relationship": "Inner",
                        "Parallel Aware": false,
                        "Scan Direction": "Forward",
                        "Index Name": "name_pkey",
                        "Relation Name": "name",
                        "Alias": "n",
                        "Startup Cost": 0.43,
                        "Total Cost": 0.69,
                        "Plan Rows": 1,
                        "Plan Width": 19,
                        "Actual Startup Time": 0.003,
                        "Actual Total Time": 0.003,
                        "Actual Rows": 1,
                        "Actual Loops": 26716,
                        "Index Cond": "(id = ci.person_id)",
                        "Rows Removed by Index Recheck": 0,
                        "Filter": "((gender)::text = 'm'::text)",
                        "Rows Removed by Filter": 0
                      }
                    ]
                  },
                  {
                    "Node Type": "Index Scan",
                    "Parent Relationship": "Inner",
                    "Parallel Aware": false,
                    "Scan Direction": "Forward",
                    "Index Name": "info_type_pkey",
                    "Relation Name": "info_type",
                    "Alias": "it1",
                    "Startup Cost": 0.14,
                    "Total Cost": 0.16,
                    "Plan Rows": 1,
                    "Plan Width": 4,
                    "Actual Startup Time": 0.001,
                    "Actual Total Time": 0.001,
                    "Actual Rows": 1,
                    "Actual Loops": 16341,
                    "Index Cond": "(id = mi.info_type_id)",
                    "Rows Removed by Index Recheck": 0,
                    "Filter": "((info)::text = 'genres'::text)",
                    "Rows Removed by Filter": 0
                  }
                ]
              },
              {
                "Node Type": "Index Scan",
                "Parent Relationship": "Inner",
                "Parallel Aware": false,
                "Scan Direction": "Forward",
                "Index Name": "info_type_pkey",
                "Relation Name": "info_type",
                "Alias": "it2",
                "Startup Cost": 0.14,
                "Total Cost": 0.16,
                "Plan Rows": 1,
                "Plan Width": 4,
                "Actual Startup Time": 0.001,
                "Actual Total Time": 0.001,
                "Actual Rows": 0,
                "Actual Loops": 14541,
                "Index Cond": "(id = mi_idx.info_type_id)",
                "Rows Removed by Index Recheck": 0,
                "Filter": "((info)::text = 'votes'::text)",
                "Rows Removed by Filter": 1
              }
            ]
          }
        ]
      }
    ]
  },
  "Planning Time": 2.927,
  "Triggers": [],
  "Execution Time": 3212.646
}