[
  {
    "Plan": {
      "Node Type": "Aggregate",
      "Strategy": "Plain",
      "Partial Mode": "Finalize",
      "Parallel Aware": false,
      "Startup Cost": 31344.88,
      "Total Cost": 31344.89,
      "Plan Rows": 1,
      "Plan Width": 8,
      "Actual Startup Time": 85.074,
      "Actual Total Time": 92.792,
      "Actual Rows": 1,
      "Actual Loops": 1,
      "Plans": [
        {
          "Node Type": "Gather",
          "Parent Relationship": "Outer",
          "Parallel Aware": false,
          "Startup Cost": 31344.56,
          "Total Cost": 31344.87,
          "Plan Rows": 3,
          "Plan Width": 8,
          "Actual Startup Time": 84.808,
          "Actual Total Time": 92.784,
          "Actual Rows": 4,
          "Actual Loops": 1,
          "Workers Planned": 3,
          "Workers Launched": 3,
          "Single Copy": false,
          "Plans": [
            {
              "Node Type": "Aggregate",
              "Strategy": "Plain",
              "Partial Mode": "Partial",
              "Parent Relationship": "Outer",
              "Parallel Aware": false,
              "Startup Cost": 30344.56,
              "Total Cost": 30344.57,
              "Plan Rows": 1,
              "Plan Width": 8,
              "Actual Startup Time": 79.221,
              "Actual Total Time": 79.223,
              "Actual Rows": 1,
              "Actual Loops": 4,
              "Plans": [
                {
                  "Node Type": "Bitmap Heap Scan",
                  "Parent Relationship": "Outer",
                  "Parallel Aware": true,
                  "Relation Name": "movie_keyword",
                  "Alias": "mk",
                  "Startup Cost": 4796.6,
                  "Total Cost": 30162.24,
                  "Plan Rows": 72931,
                  "Plan Width": 0,
                  "Actual Startup Time": 23.979,
                  "Actual Total Time": 75.57,
                  "Actual Rows": 54182,
                  "Actual Loops": 4,
                  "Recheck Cond": "(keyword_id > 65349)",
                  "Rows Removed by Index Recheck": 0,
                  "Exact Heap Blocks": 11753,
                  "Lossy Heap Blocks": 0,
                  "Plans": [
                    {
                      "Node Type": "Bitmap Index Scan",
                      "Parent Relationship": "Outer",
                      "Parallel Aware": false,
                      "Index Name": "keyword_id_movie_keyword",
                      "Startup Cost": 0.0,
                      "Total Cost": 4740.08,
                      "Plan Rows": 226086,
                      "Plan Width": 0,
                      "Actual Startup Time": 24.776,
                      "Actual Total Time": 24.776,
                      "Actual Rows": 216730,
                      "Actual Loops": 1,
                      "Index Cond": "(keyword_id > 65349)"
                    }
                  ]
                }
              ]
            }
          ]
        }
      ]
    },
    "Planning Time": 0.177,
    "Triggers": [],
    "Execution Time": 92.874
  }
]