[
  {
    "Plan": {
      "Node Type": "Aggregate",
      "Strategy": "Plain",
      "Partial Mode": "Finalize",
      "Parallel Aware": false,
      "Startup Cost": 203969.97,
      "Total Cost": 203969.98,
      "Plan Rows": 1,
      "Plan Width": 8,
      "Actual Startup Time": 247.531,
      "Actual Total Time": 262.074,
      "Actual Rows": 1,
      "Actual Loops": 1,
      "Plans": [
        {
          "Node Type": "Gather",
          "Parent Relationship": "Outer",
          "Parallel Aware": false,
          "Startup Cost": 203969.34,
          "Total Cost": 203969.95,
          "Plan Rows": 6,
          "Plan Width": 8,
          "Actual Startup Time": 247.393,
          "Actual Total Time": 262.062,
          "Actual Rows": 7,
          "Actual Loops": 1,
          "Workers Planned": 6,
          "Workers Launched": 6,
          "Single Copy": false,
          "Plans": [
            {
              "Node Type": "Aggregate",
              "Strategy": "Plain",
              "Partial Mode": "Partial",
              "Parent Relationship": "Outer",
              "Parallel Aware": false,
              "Startup Cost": 202969.34,
              "Total Cost": 202969.35,
              "Plan Rows": 1,
              "Plan Width": 8,
              "Actual Startup Time": 239.6,
              "Actual Total Time": 239.601,
              "Actual Rows": 1,
              "Actual Loops": 7,
              "Plans": [
                {
                  "Node Type": "Index Scan",
                  "Parent Relationship": "Outer",
                  "Parallel Aware": true,
                  "Scan Direction": "Forward",
                  "Index Name": "role_id_cast_info",
                  "Relation Name": "cast_info",
                  "Alias": "ci",
                  "Startup Cost": 0.56,
                  "Total Cost": 201884.69,
                  "Plan Rows": 433860,
                  "Plan Width": 0,
                  "Actual Startup Time": 165.686,
                  "Actual Total Time": 225.582,
                  "Actual Rows": 282806,
                  "Actual Loops": 7,
                  "Index Cond": "(role_id = 2)",
                  "Rows Removed by Index Recheck": 0,
                  "Filter": "(person_id > 2443506)",
                  "Rows Removed by Filter": 781761
                }
              ]
            }
          ]
        }
      ]
    },
    "Planning Time": 0.19,
    "Triggers": [],
    "Execution Time": 262.119
  }
]