[
  {
    "Plan": {
      "Node Type": "Aggregate",
      "Strategy": "Plain",
      "Partial Mode": "Finalize",
      "Parallel Aware": false,
      "Startup Cost": 199931.18,
      "Total Cost": 199931.19,
      "Plan Rows": 1,
      "Plan Width": 8,
      "Actual Startup Time": 263.917,
      "Actual Total Time": 277.048,
      "Actual Rows": 1,
      "Actual Loops": 1,
      "Plans": [
        {
          "Node Type": "Gather",
          "Parent Relationship": "Outer",
          "Parallel Aware": false,
          "Startup Cost": 199930.55,
          "Total Cost": 199931.16,
          "Plan Rows": 6,
          "Plan Width": 8,
          "Actual Startup Time": 263.817,
          "Actual Total Time": 277.039,
          "Actual Rows": 7,
          "Actual Loops": 1,
          "Workers Planned": 6,
          "Workers Launched": 6,
          "Single Copy": false,
          "Plans": [
            {
              "Node Type": "Aggregate",
              "Strategy": "Plain",
              "Partial Mode": "Partial",
              "Parent Relationship": "Outer",
              "Parallel Aware": false,
              "Startup Cost": 198930.55,
              "Total Cost": 198930.56,
              "Plan Rows": 1,
              "Plan Width": 8,
              "Actual Startup Time": 253.353,
              "Actual Total Time": 253.354,
              "Actual Rows": 1,
              "Actual Loops": 7,
              "Plans": [
                {
                  "Node Type": "Index Scan",
                  "Parent Relationship": "Outer",
                  "Parallel Aware": true,
                  "Scan Direction": "Forward",
                  "Index Name": "role_id_cast_info",
                  "Relation Name": "cast_info",
                  "Alias": "ci",
                  "Startup Cost": 0.56,
                  "Total Cost": 197877.72,
                  "Plan Rows": 421131,
                  "Plan Width": 0,
                  "Actual Startup Time": 182.618,
                  "Actual Total Time": 241.8,
                  "Actual Rows": 282806,
                  "Actual Loops": 7,
                  "Index Cond": "(role_id = 2)",
                  "Rows Removed by Index Recheck": 0,
                  "Filter": "(person_id > 2443506)",
                  "Rows Removed by Filter": 781761
                }
              ]
            }
          ]
        }
      ]
    },
    "Planning Time": 0.248,
    "Triggers": [],
    "Execution Time": 277.107
  }
]