[
  {
    "Plan": {
      "Node Type": "Aggregate",
      "Strategy": "Plain",
      "Partial Mode": "Finalize",
      "Parallel Aware": false,
      "Startup Cost": 425438.46,
      "Total Cost": 425438.47,
      "Plan Rows": 1,
      "Plan Width": 8,
      "Actual Startup Time": 2590.538,
      "Actual Total Time": 2658.136,
      "Actual Rows": 1,
      "Actual Loops": 1,
      "Plans": [
        {
          "Node Type": "Gather",
          "Parent Relationship": "Outer",
          "Parallel Aware": false,
          "Startup Cost": 425438.14,
          "Total Cost": 425438.45,
          "Plan Rows": 3,
          "Plan Width": 8,
          "Actual Startup Time": 2568.514,
          "Actual Total Time": 2658.12,
          "Actual Rows": 4,
          "Actual Loops": 1,
          "Workers Planned": 3,
          "Workers Launched": 3,
          "Single Copy": false,
          "Plans": [
            {
              "Node Type": "Aggregate",
              "Strategy": "Plain",
              "Partial Mode": "Partial",
              "Parent Relationship": "Outer",
              "Parallel Aware": false,
              "Startup Cost": 424438.14,
              "Total Cost": 424438.15,
              "Plan Rows": 1,
              "Plan Width": 8,
              "Actual Startup Time": 2545.372,
              "Actual Total Time": 2545.38,
              "Actual Rows": 1,
              "Actual Loops": 4,
              "Plans": [
                {
                  "Node Type": "Hash Join",
                  "Parent Relationship": "Outer",
                  "Parallel Aware": true,
                  "Join Type": "Inner",
                  "Startup Cost": 388758.24,
                  "Total Cost": 421247.85,
                  "Plan Rows": 1276115,
                  "Plan Width": 0,
                  "Actual Startup Time": 1952.671,
                  "Actual Total Time": 2458.842,
                  "Actual Rows": 2153786,
                  "Actual Loops": 4,
                  "Inner Unique": false,
                  "Hash Cond": "(mc.movie_id = t.id)",
                  "Plans": [
                    {
                      "Node Type": "Seq Scan",
                      "Parent Relationship": "Outer",
                      "Parallel Aware": true,
                      "Relation Name": "movie_companies",
                      "Alias": "mc",
                      "Startup Cost": 0.0,
                      "Total Cost": 27206.55,
                      "Plan Rows": 841655,
                      "Plan Width": 4,
                      "Actual Startup Time": 0.017,
                      "Actual Total Time": 58.237,
                      "Actual Rows": 652282,
                      "Actual Loops": 4
                    },
                    {
                      "Node Type": "Hash",
                      "Parent Relationship": "Inner",
                      "Parallel Aware": true,
                      "Startup Cost": 380772.0,
                      "Total Cost": 380772.0,
                      "Plan Rows": 638899,
                      "Plan Width": 8,
                      "Actual Startup Time": 1941.189,
                      "Actual Total Time": 1941.195,
                      "Actual Rows": 1005083,
                      "Actual Loops": 4,
                      "Hash Buckets": 4194304,
                      "Original Hash Buckets": 4194304,
                      "Hash Batches": 1,
                      "Original Hash Batches": 1,
                      "Peak Memory Usage": 190112,
                      "Plans": [
                        {
                          "Node Type": "Hash Join",
                          "Parent Relationship": "Outer",
                          "Parallel Aware": true,
                          "Join Type": "Inner",
                          "Startup Cost": 50646.09,
                          "Total Cost": 380772.0,
                          "Plan Rows": 638899,
                          "Plan Width": 8,
                          "Actual Startup Time": 310.849,
                          "Actual Total Time": 1580.249,
                          "Actual Rows": 1005083,
                          "Actual Loops": 4,
                          "Inner Unique": true,
                          "Hash Cond": "(ci.movie_id = t.id)",
                          "Plans": [
                            {
                              "Node Type": "Seq Scan",
                              "Parent Relationship": "Outer",
                              "Parallel Aware": true,
                              "Relation Name": "cast_info",
                              "Alias": "ci",
                              "Startup Cost": 0.0,
                              "Total Cost": 328162.03,
                              "Plan Rows": 748148,
                              "Plan Width": 4,
                              "Actual Startup Time": 0.017,
                              "Actual Total Time": 741.836,
                              "Actual Rows": 1149558,
                              "Actual Loops": 4,
                              "Filter": "(person_id < 444728)",
                              "Rows Removed by Filter": 7911528
                            },
                            {
                              "Node Type": "Hash",
                              "Parent Relationship": "Inner",
                              "Parallel Aware": true,
                              "Startup Cost": 43898.92,
                              "Total Cost": 43898.92,
                              "Plan Rows": 539774,
                              "Plan Width": 4,
                              "Actual Startup Time": 304.813,
                              "Actual Total Time": 304.814,
                              "Actual Rows": 536671,
                              "Actual Loops": 4,
                              "Hash Buckets": 4194304,
                              "Original Hash Buckets": 4194304,
                              "Hash Batches": 1,
                              "Original Hash Batches": 1,
                              "Peak Memory Usage": 116864,
                              "Plans": [
                                {
                                  "Node Type": "Seq Scan",
                                  "Parent Relationship": "Outer",
                                  "Parallel Aware": true,
                                  "Relation Name": "title",
                                  "Alias": "t",
                                  "Startup Cost": 0.0,
                                  "Total Cost": 43898.92,
                                  "Plan Rows": 539774,
                                  "Plan Width": 4,
                                  "Actual Startup Time": 0.05,
                                  "Actual Total Time": 108.466,
                                  "Actual Rows": 536671,
                                  "Actual Loops": 4,
                                  "Filter": "(production_year > 1965)",
                                  "Rows Removed by Filter": 95407
                                }
                              ]
                            }
                          ]
                        }
                      ]
                    }
                  ]
                }
              ]
            }
          ]
        }
      ]
    },
    "Planning Time": 1.341,
    "Triggers": [],
    "Execution Time": 2658.232
  }
]