[
  {
    "Plan": {
      "Node Type": "Aggregate",
      "Strategy": "Plain",
      "Partial Mode": "Simple",
      "Parallel Aware": false,
      "Startup Cost": 446014.81,
      "Total Cost": 446014.82,
      "Plan Rows": 1,
      "Plan Width": 68,
      "Actual Startup Time": 12409.593,
      "Actual Total Time": 12409.598,
      "Actual Rows": 1,
      "Actual Loops": 1,
      "Output": [
        "min(t.title)",
        "min(t.production_year)",
        "min(cn.name)"
      ],
      "Plans": [
        {
          "Node Type": "Nested Loop",
          "Parent Relationship": "Outer",
          "Parallel Aware": false,
          "Join Type": "Inner",
          "Startup Cost": 64569.06,
          "Total Cost": 431526.24,
          "Plan Rows": 1931810,
          "Plan Width": 37,
          "Actual Startup Time": 506.479,
          "Actual Total Time": 12170.278,
          "Actual Rows": 1412041,
          "Actual Loops": 1,
          "Output": [
            "t.title",
            "t.production_year",
            "cn.name"
          ],
          "Inner Unique": true,
          "Plans": [
            {
              "Node Type": "Hash Join",
              "Parent Relationship": "Outer",
              "Parallel Aware": false,
              "Join Type": "Inner",
              "Startup Cost": 64568.63,
              "Total Cost": 340074.1,
              "Plan Rows": 193181,
              "Plan Width": 25,
              "Actual Startup Time": 505.652,
              "Actual Total Time": 5387.791,
              "Actual Rows": 1840956,
              "Actual Loops": 1,
              "Output": [
                "ci.person_role_id",
                "t.title",
                "t.production_year"
              ],
              "Inner Unique": true,
              "Hash Cond": "(ci.movie_id = t.id)",
              "Plans": [
                {
                  "Node Type": "Index Scan",
                  "Parent Relationship": "Outer",
                  "Parallel Aware": false,
                  "Scan Direction": "Forward",
                  "Index Name": "role_id_cast_info",
                  "Relation Name": "cast_info",
                  "Schema": "public",
                  "Alias": "ci",
                  "Startup Cost": 0.56,
                  "Total Cost": 256175.64,
                  "Plan Rows": 7363947,
                  "Plan Width": 8,
                  "Actual Startup Time": 0.424,
                  "Actual Total Time": 1932.827,
                  "Actual Rows": 7451973,
                  "Actual Loops": 1,
                  "Output": [
                    "ci.id",
                    "ci.person_id",
                    "ci.movie_id",
                    "ci.person_role_id",
                    "ci.note",
                    "ci.nr_order",
                    "ci.role_id"
                  ],
                  "Index Cond": "(ci.role_id = 2)",
                  "Rows Removed by Index Recheck": 0
                },
                {
                  "Node Type": "Hash",
                  "Parent Relationship": "Inner",
                  "Parallel Aware": false,
                  "Startup Cost": 56277.36,
                  "Total Cost": 56277.36,
                  "Plan Rows": 663256,
                  "Plan Width": 25,
                  "Actual Startup Time": 492.492,
                  "Actual Total Time": 492.494,
                  "Actual Rows": 662825,
                  "Actual Loops": 1,
                  "Output": [
                    "t.title",
                    "t.production_year",
                    "t.id"
                  ],
                  "Hash Buckets": 1048576,
                  "Original Hash Buckets": 1048576,
                  "Hash Batches": 1,
                  "Original Hash Batches": 1,
                  "Peak Memory Usage": 46985,
                  "Plans": [
                    {
                      "Node Type": "Bitmap Heap Scan",
                      "Parent Relationship": "Outer",
                      "Parallel Aware": false,
                      "Relation Name": "title",
                      "Schema": "public",
                      "Alias": "t",
                      "Startup Cost": 11988.66,
                      "Total Cost": 56277.36,
                      "Plan Rows": 663256,
                      "Plan Width": 25,
                      "Actual Startup Time": 62.82,
                      "Actual Total Time": 242.873,
                      "Actual Rows": 662825,
                      "Actual Loops": 1,
                      "Output": [
                        "t.title",
                        "t.production_year",
                        "t.id"
                      ],
                      "Recheck Cond": "(t.kind_id = 1)",
                      "Rows Removed by Index Recheck": 0,
                      "Exact Heap Blocks": 12863,
                      "Lossy Heap Blocks": 0,
                      "Plans": [
                        {
                          "Node Type": "Bitmap Index Scan",
                          "Parent Relationship": "Outer",
                          "Parallel Aware": false,
                          "Index Name": "kind_id_title",
                          "Startup Cost": 0.0,
                          "Total Cost": 11822.85,
                          "Plan Rows": 663256,
                          "Plan Width": 0,
                          "Actual Startup Time": 60.445,
                          "Actual Total Time": 60.445,
                          "Actual Rows": 662825,
                          "Actual Loops": 1,
                          "Index Cond": "(t.kind_id = 1)"
                        }
                      ]
                    }
                  ]
                }
              ]
            },
            {
              "Node Type": "Index Scan",
              "Parent Relationship": "Inner",
              "Parallel Aware": false,
              "Scan Direction": "Forward",
              "Index Name": "char_name_pkey",
              "Relation Name": "char_name",
              "Schema": "public",
              "Alias": "cn",
              "Startup Cost": 0.43,
              "Total Cost": 0.47,
              "Plan Rows": 1,
              "Plan Width": 20,
              "Actual Startup Time": 0.003,
              "Actual Total Time": 0.003,
              "Actual Rows": 1,
              "Actual Loops": 1840956,
              "Output": [
                "cn.id",
                "cn.name",
                "cn.imdb_index",
                "cn.imdb_id",
                "cn.name_pcode_nf",
                "cn.surname_pcode",
                "cn.md5sum"
              ],
              "Index Cond": "(cn.id = ci.person_role_id)",
              "Rows Removed by Index Recheck": 0
            }
          ]
        }
      ]
    },
    "Planning Time": 5175.744,
    "Triggers": [],
    "Execution Time": 12410.55
  }
]