[
  {
    "Plan": {
      "Node Type": "Aggregate",
      "Strategy": "Plain",
      "Partial Mode": "Finalize",
      "Parallel Aware": false,
      "Startup Cost": 31909.0,
      "Total Cost": 31909.01,
      "Plan Rows": 1,
      "Plan Width": 8,
      "Actual Startup Time": 58.5,
      "Actual Total Time": 61.626,
      "Actual Rows": 1,
      "Actual Loops": 1,
      "Plans": [
        {
          "Node Type": "Gather",
          "Parent Relationship": "Outer",
          "Parallel Aware": false,
          "Startup Cost": 31908.68,
          "Total Cost": 31908.99,
          "Plan Rows": 3,
          "Plan Width": 8,
          "Actual Startup Time": 58.309,
          "Actual Total Time": 61.62,
          "Actual Rows": 4,
          "Actual Loops": 1,
          "Workers Planned": 3,
          "Workers Launched": 3,
          "Single Copy": false,
          "Plans": [
            {
              "Node Type": "Aggregate",
              "Strategy": "Plain",
              "Partial Mode": "Partial",
              "Parent Relationship": "Outer",
              "Parallel Aware": false,
              "Startup Cost": 30908.68,
              "Total Cost": 30908.69,
              "Plan Rows": 1,
              "Plan Width": 8,
              "Actual Startup Time": 49.316,
              "Actual Total Time": 49.319,
              "Actual Rows": 1,
              "Actual Loops": 4,
              "Plans": [
                {
                  "Node Type": "Nested Loop",
                  "Parent Relationship": "Outer",
                  "Parallel Aware": false,
                  "Join Type": "Inner",
                  "Startup Cost": 20061.14,
                  "Total Cost": 30907.96,
                  "Plan Rows": 287,
                  "Plan Width": 0,
                  "Actual Startup Time": 10.117,
                  "Actual Total Time": 49.113,
                  "Actual Rows": 1242,
                  "Actual Loops": 4,
                  "Inner Unique": true,
                  "Join Filter": "(mc.movie_id = t.id)",
                  "Rows Removed by Join Filter": 0,
                  "Plans": [
                    {
                      "Node Type": "Hash Join",
                      "Parent Relationship": "Outer",
                      "Parallel Aware": true,
                      "Join Type": "Inner",
                      "Startup Cost": 20060.71,
                      "Total Cost": 28907.12,
                      "Plan Rows": 1877,
                      "Plan Width": 8,
                      "Actual Startup Time": 10.009,
                      "Actual Total Time": 39.085,
                      "Actual Rows": 1242,
                      "Actual Loops": 4,
                      "Inner Unique": false,
                      "Hash Cond": "(ci.movie_id = mc.movie_id)",
                      "Plans": [
                        {
                          "Node Type": "Index Scan",
                          "Parent Relationship": "Outer",
                          "Parallel Aware": true,
                          "Scan Direction": "Forward",
                          "Index Name": "role_id_cast_info",
                          "Relation Name": "cast_info",
                          "Alias": "ci",
                          "Startup Cost": 0.56,
                          "Total Cost": 8359.83,
                          "Plan Rows": 96218,
                          "Plan Width": 4,
                          "Actual Startup Time": 0.117,
                          "Actual Total Time": 16.635,
                          "Actual Rows": 79030,
                          "Actual Loops": 4,
                          "Index Cond": "(role_id > 10)",
                          "Rows Removed by Index Recheck": 0
                        },
                        {
                          "Node Type": "Hash",
                          "Parent Relationship": "Inner",
                          "Parallel Aware": true,
                          "Startup Cost": 19982.48,
                          "Total Cost": 19982.48,
                          "Plan Rows": 6213,
                          "Plan Width": 4,
                          "Actual Startup Time": 8.477,
                          "Actual Total Time": 8.478,
                          "Actual Rows": 4432,
                          "Actual Loops": 4,
                          "Hash Buckets": 32768,
                          "Original Hash Buckets": 32768,
                          "Hash Batches": 1,
                          "Original Hash Batches": 1,
                          "Peak Memory Usage": 1024,
                          "Plans": [
                            {
                              "Node Type": "Bitmap Heap Scan",
                              "Parent Relationship": "Outer",
                              "Parallel Aware": true,
                              "Relation Name": "movie_companies",
                              "Alias": "mc",
                              "Startup Cost": 417.69,
                              "Total Cost": 19982.48,
                              "Plan Rows": 6213,
                              "Plan Width": 4,
                              "Actual Startup Time": 0.732,
                              "Actual Total Time": 5.824,
                              "Actual Rows": 4432,
                              "Actual Loops": 4,
                              "Recheck Cond": "(company_id > 218341)",
                              "Rows Removed by Index Recheck": 0,
                              "Exact Heap Blocks": 474,
                              "Lossy Heap Blocks": 0,
                              "Plans": [
                                {
                                  "Node Type": "Bitmap Index Scan",
                                  "Parent Relationship": "Outer",
                                  "Parallel Aware": false,
                                  "Index Name": "company_id_movie_companies",
                                  "Startup Cost": 0.0,
                                  "Total Cost": 412.88,
                                  "Plan Rows": 19260,
                                  "Plan Width": 0,
                                  "Actual Startup Time": 2.26,
                                  "Actual Total Time": 2.26,
                                  "Actual Rows": 17728,
                                  "Actual Loops": 1,
                                  "Index Cond": "(company_id > 218341)"
                                }
                              ]
                            }
                          ]
                        }
                      ]
                    },
                    {
                      "Node Type": "Index Scan",
                      "Parent Relationship": "Inner",
                      "Parallel Aware": false,
                      "Scan Direction": "Forward",
                      "Index Name": "title_pkey",
                      "Relation Name": "title",
                      "Alias": "t",
                      "Startup Cost": 0.43,
                      "Total Cost": 1.05,
                      "Plan Rows": 1,
                      "Plan Width": 4,
                      "Actual Startup Time": 0.007,
                      "Actual Total Time": 0.007,
                      "Actual Rows": 1,
                      "Actual Loops": 4967,
                      "Index Cond": "(id = ci.movie_id)",
                      "Rows Removed by Index Recheck": 0,
                      "Filter": "(kind_id < 7)",
                      "Rows Removed by Filter": 0
                    }
                  ]
                }
              ]
            }
          ]
        }
      ]
    },
    "Planning Time": 1.426,
    "Triggers": [],
    "Execution Time": 61.729
  }
]