{
  "Plan": {
    "Node Type": "Aggregate",
    "Strategy": "Plain",
    "Partial Mode": "Finalize",
    "Parallel Aware": false,
    "Startup Cost": 1788042.73,
    "Total Cost": 1788042.74,
    "Plan Rows": 1,
    "Plan Width": 8,
    "Actual Startup Time": 9275.94,
    "Actual Total Time": 9344.917,
    "Actual Rows": 1,
    "Actual Loops": 1,
    "Plans": [
      {
        "Node Type": "Gather",
        "Parent Relationship": "Outer",
        "Parallel Aware": false,
        "Startup Cost": 1788042.62,
        "Total Cost": 1788042.73,
        "Plan Rows": 1,
        "Plan Width": 8,
        "Actual Startup Time": 9252.061,
        "Actual Total Time": 9344.907,
        "Actual Rows": 2,
        "Actual Loops": 1,
        "Workers Planned": 1,
        "Workers Launched": 1,
        "Single Copy": false,
        "Plans": [
          {
            "Node Type": "Aggregate",
            "Strategy": "Plain",
            "Partial Mode": "Partial",
            "Parent Relationship": "Outer",
            "Parallel Aware": false,
            "Startup Cost": 1787042.62,
            "Total Cost": 1787042.63,
            "Plan Rows": 1,
            "Plan Width": 8,
            "Actual Startup Time": 9237.669,
            "Actual Total Time": 9237.678,
            "Actual Rows": 1,
            "Actual Loops": 2,
            "Plans": [
              {
                "Node Type": "Merge Join",
                "Parent Relationship": "Outer",
                "Parallel Aware": false,
                "Join Type": "Inner",
                "Startup Cost": 1740233.8,
                "Total Cost": 1786451.64,
                "Plan Rows": 236391,
                "Plan Width": 0,
                "Actual Startup Time": 8136.109,
                "Actual Total Time": 9237.498,
                "Actual Rows": 3162,
                "Actual Loops": 2,
                "Inner Unique": false,
                "Merge Cond": "(t.id = mi.movie_id)",
                "Plans": [
                  {
                    "Node Type": "Sort",
                    "Parent Relationship": "Outer",
                    "Parallel Aware": false,
                    "Startup Cost": 1605166.38,
                    "Total Cost": 1626518.89,
                    "Plan Rows": 8541004,
                    "Plan Width": 8,
                    "Actual Startup Time": 8102.261,
                    "Actual Total Time": 8731.088,
                    "Actual Rows": 7243122,
                    "Actual Loops": 2,
                    "Sort Key": [
                      "t.id"
                    ],
                    "Sort Method": "quicksort",
                    "Sort Space Used": 535674,
                    "Sort Space Type": "Memory",
                    "Workers": [
                      {
                        "Worker Number": 0,
                        "Sort Method": "quicksort",
                        "Sort Space Used": 536586,
                        "Sort Space Type": "Memory"
                      }
                    ],
                    "Plans": [
                      {
                        "Node Type": "Hash Join",
                        "Parent Relationship": "Outer",
                        "Parallel Aware": true,
                        "Join Type": "Inner",
                        "Startup Cost": 65888.86,
                        "Total Cost": 621841.69,
                        "Plan Rows": 8541004,
                        "Plan Width": 8,
                        "Actual Startup Time": 377.152,
                        "Actual Total Time": 6303.025,
                        "Actual Rows": 7243122,
                        "Actual Loops": 2,
                        "Inner Unique": true,
                        "Hash Cond": "(ci.movie_id = t.id)",
                        "Plans": [
                          {
                            "Node Type": "Seq Scan",
                            "Parent Relationship": "Outer",
                            "Parallel Aware": true,
                            "Relation Name": "cast_info",
                            "Alias": "ci",
                            "Startup Cost": 0.0,
                            "Total Cost": 519069.44,
                            "Plan Rows": 14050786,
                            "Plan Width": 4,
                            "Actual Startup Time": 0.019,
                            "Actual Total Time": 1868.74,
                            "Actual Rows": 12065349,
                            "Actual Loops": 2,
                            "Filter": "(role_id < 4)",
                            "Rows Removed by Filter": 6056823
                          },
                          {
                            "Node Type": "Hash",
                            "Parent Relationship": "Inner",
                            "Parallel Aware": true,
                            "Startup Cost": 54588.39,
                            "Total Cost": 54588.39,
                            "Plan Rows": 904038,
                            "Plan Width": 4,
                            "Actual Startup Time": 362.362,
                            "Actual Total Time": 362.363,
                            "Actual Rows": 771632,
                            "Actual Loops": 2,
                            "Hash Buckets": 2097152,
                            "Original Hash Buckets": 2097152,
                            "Hash Batches": 1,
                            "Original Hash Batches": 1,
                            "Peak Memory Usage": 76800,
                            "Plans": [
                              {
                                "Node Type": "Seq Scan",
                                "Parent Relationship": "Outer",
                                "Parallel Aware": true,
                                "Relation Name": "title",
                                "Alias": "t",
                                "Startup Cost": 0.0,
                                "Total Cost": 54588.39,
                                "Plan Rows": 904038,
                                "Plan Width": 4,
                                "Actual Startup Time": 0.028,
                                "Actual Total Time": 163.122,
                                "Actual Rows": 771632,
                                "Actual Loops": 2,
                                "Filter": "(kind_id = 7)",
                                "Rows Removed by Filter": 492524
                              }
                            ]
                          }
                        ]
                      }
                    ]
                  },
                  {
                    "Node Type": "Sort",
                    "Parent Relationship": "Inner",
                    "Parallel Aware": false,
                    "Startup Cost": 135066.56,
                    "Total Cost": 135241.5,
                    "Plan Rows": 69976,
                    "Plan Width": 4,
                    "Actual Startup Time": 24.591,
                    "Actual Total Time": 27.152,
                    "Actual Rows": 70882,
                    "Actual Loops": 2,
                    "Sort Key": [
                      "mi.movie_id"
                    ],
                    "Sort Method": "quicksort",
                    "Sort Space Used": 6261,
                    "Sort Space Type": "Memory",
                    "Workers": [
                      {
                        "Worker Number": 0,
                        "Sort Method": "quicksort",
                        "Sort Space Used": 6261,
                        "Sort Space Type": "Memory"
                      }
                    ],
                    "Plans": [
                      {
                        "Node Type": "Bitmap Heap Scan",
                        "Parent Relationship": "Outer",
                        "Parallel Aware": false,
                        "Relation Name": "movie_info",
                        "Alias": "mi",
                        "Startup Cost": 1270.75,
                        "Total Cost": 129435.39,
                        "Plan Rows": 69976,
                        "Plan Width": 4,
                        "Actual Startup Time": 2.639,
                        "Actual Total Time": 13.705,
                        "Actual Rows": 68025,
                        "Actual Loops": 2,
                        "Recheck Cond": "(info_type_id = 94)",
                        "Rows Removed by Index Recheck": 0,
                        "Exact Heap Blocks": 2221,
                        "Lossy Heap Blocks": 0,
                        "Plans": [
                          {
                            "Node Type": "Bitmap Index Scan",
                            "Parent Relationship": "Outer",
                            "Parallel Aware": false,
                            "Index Name": "info_type_id_movie_info",
                            "Startup Cost": 0.0,
                            "Total Cost": 1253.25,
                            "Plan Rows": 69976,
                            "Plan Width": 0,
                            "Actual Startup Time": 2.406,
                            "Actual Total Time": 2.407,
                            "Actual Rows": 68025,
                            "Actual Loops": 2,
                            "Index Cond": "(info_type_id = 94)"
                          }
                        ]
                      }
                    ]
                  }
                ]
              }
            ]
          }
        ]
      }
    ]
  },
  "Planning Time": 1.135,
  "Triggers": [],
  "Execution Time": 9392.867
}