{
  "Plan": {
    "Node Type": "Aggregate",
    "Strategy": "Plain",
    "Partial Mode": "Finalize",
    "Parallel Aware": false,
    "Startup Cost": 681198.15,
    "Total Cost": 681198.16,
    "Plan Rows": 1,
    "Plan Width": 8,
    "Actual Startup Time": 3162.254,
    "Actual Total Time": 3228.196,
    "Actual Rows": 1,
    "Actual Loops": 1,
    "Plans": [
      {
        "Node Type": "Gather",
        "Parent Relationship": "Outer",
        "Parallel Aware": false,
        "Startup Cost": 681198.03,
        "Total Cost": 681198.14,
        "Plan Rows": 1,
        "Plan Width": 8,
        "Actual Startup Time": 3161.966,
        "Actual Total Time": 3228.186,
        "Actual Rows": 2,
        "Actual Loops": 1,
        "Workers Planned": 1,
        "Workers Launched": 1,
        "Single Copy": false,
        "Plans": [
          {
            "Node Type": "Aggregate",
            "Strategy": "Plain",
            "Partial Mode": "Partial",
            "Parent Relationship": "Outer",
            "Parallel Aware": false,
            "Startup Cost": 680198.03,
            "Total Cost": 680198.04,
            "Plan Rows": 1,
            "Plan Width": 8,
            "Actual Startup Time": 3155.752,
            "Actual Total Time": 3155.758,
            "Actual Rows": 1,
            "Actual Loops": 2,
            "Plans": [
              {
                "Node Type": "Hash Join",
                "Parent Relationship": "Outer",
                "Parallel Aware": true,
                "Join Type": "Inner",
                "Startup Cost": 80491.81,
                "Total Cost": 679786.46,
                "Plan Rows": 164631,
                "Plan Width": 0,
                "Actual Startup Time": 228.57,
                "Actual Total Time": 3154.913,
                "Actual Rows": 7732,
                "Actual Loops": 2,
                "Inner Unique": false,
                "Hash Cond": "(ci.movie_id = t.id)",
                "Plans": [
                  {
                    "Node Type": "Seq Scan",
                    "Parent Relationship": "Outer",
                    "Parallel Aware": true,
                    "Relation Name": "cast_info",
                    "Alias": "ci",
                    "Startup Cost": 0.0,
                    "Total Cost": 519069.44,
                    "Plan Rows": 21135138,
                    "Plan Width": 4,
                    "Actual Startup Time": 0.028,
                    "Actual Total Time": 1968.613,
                    "Actual Rows": 17964113,
                    "Actual Loops": 2,
                    "Filter": "(role_id < 11)",
                    "Rows Removed by Filter": 158059
                  },
                  {
                    "Node Type": "Hash",
                    "Parent Relationship": "Inner",
                    "Parallel Aware": true,
                    "Startup Cost": 80346.99,
                    "Total Cost": 80346.99,
                    "Plan Rows": 11585,
                    "Plan Width": 8,
                    "Actual Startup Time": 226.71,
                    "Actual Total Time": 226.714,
                    "Actual Rows": 310,
                    "Actual Loops": 2,
                    "Hash Buckets": 32768,
                    "Original Hash Buckets": 32768,
                    "Hash Batches": 1,
                    "Original Hash Batches": 1,
                    "Peak Memory Usage": 320,
                    "Plans": [
                      {
                        "Node Type": "Hash Join",
                        "Parent Relationship": "Outer",
                        "Parallel Aware": true,
                        "Join Type": "Inner",
                        "Startup Cost": 20113.34,
                        "Total Cost": 80346.99,
                        "Plan Rows": 11585,
                        "Plan Width": 8,
                        "Actual Startup Time": 20.9,
                        "Actual Total Time": 226.463,
                        "Actual Rows": 310,
                        "Actual Loops": 2,
                        "Inner Unique": false,
                        "Hash Cond": "(t.id = mc.movie_id)",
                        "Plans": [
                          {
                            "Node Type": "Seq Scan",
                            "Parent Relationship": "Outer",
                            "Parallel Aware": true,
                            "Relation Name": "title",
                            "Alias": "t",
                            "Startup Cost": 0.0,
                            "Total Cost": 50870.31,
                            "Plan Rows": 1487231,
                            "Plan Width": 4,
                            "Actual Startup Time": 0.011,
                            "Actual Total Time": 123.875,
                            "Actual Rows": 1264156,
                            "Actual Loops": 2
                          },
                          {
                            "Node Type": "Hash",
                            "Parent Relationship": "Inner",
                            "Parallel Aware": true,
                            "Startup Cost": 19968.53,
                            "Total Cost": 19968.53,
                            "Plan Rows": 11585,
                            "Plan Width": 4,
                            "Actual Startup Time": 19.84,
                            "Actual Total Time": 19.842,
                            "Actual Rows": 310,
                            "Actual Loops": 2,
                            "Hash Buckets": 32768,
                            "Original Hash Buckets": 32768,
                            "Hash Batches": 1,
                            "Original Hash Batches": 1,
                            "Peak Memory Usage": 320,
                            "Plans": [
                              {
                                "Node Type": "Bitmap Heap Scan",
                                "Parent Relationship": "Outer",
                                "Parallel Aware": true,
                                "Relation Name": "movie_companies",
                                "Alias": "mc",
                                "Startup Cost": 836.27,
                                "Total Cost": 19968.53,
                                "Plan Rows": 11585,
                                "Plan Width": 4,
                                "Actual Startup Time": 18.72,
                                "Actual Total Time": 19.659,
                                "Actual Rows": 310,
                                "Actual Loops": 2,
                                "Recheck Cond": "(company_id = 160)",
                                "Rows Removed by Index Recheck": 0,
                                "Filter": "(company_type_id > 1)",
                                "Rows Removed by Filter": 17758,
                                "Exact Heap Blocks": 3944,
                                "Lossy Heap Blocks": 0,
                                "Plans": [
                                  {
                                    "Node Type": "Bitmap Index Scan",
                                    "Parent Relationship": "Outer",
                                    "Parallel Aware": false,
                                    "Index Name": "company_id_movie_companies",
                                    "Startup Cost": 0.0,
                                    "Total Cost": 831.35,
                                    "Plan Rows": 38789,
                                    "Plan Width": 0,
                                    "Actual Startup Time": 6.988,
                                    "Actual Total Time": 6.989,
                                    "Actual Rows": 36136,
                                    "Actual Loops": 1,
                                    "Index Cond": "(company_id = 160)"
                                  }
                                ]
                              }
                            ]
                          }
                        ]
                      }
                    ]
                  }
                ]
              }
            ]
          }
        ]
      }
    ]
  },
  "Planning Time": 0.97,
  "Triggers": [],
  "Execution Time": 3228.316
}