[
  {
    "Plan": {
      "Node Type": "Aggregate",
      "Strategy": "Plain",
      "Partial Mode": "Finalize",
      "Parallel Aware": false,
      "Startup Cost": 267101.14,
      "Total Cost": 267101.15,
      "Plan Rows": 1,
      "Plan Width": 8,
      "Actual Startup Time": 620.219,
      "Actual Total Time": 637.921,
      "Actual Rows": 1,
      "Actual Loops": 1,
      "Plans": [
        {
          "Node Type": "Gather",
          "Parent Relationship": "Outer",
          "Parallel Aware": false,
          "Startup Cost": 267100.83,
          "Total Cost": 267101.14,
          "Plan Rows": 3,
          "Plan Width": 8,
          "Actual Startup Time": 611.451,
          "Actual Total Time": 637.91,
          "Actual Rows": 4,
          "Actual Loops": 1,
          "Workers Planned": 3,
          "Workers Launched": 3,
          "Single Copy": false,
          "Plans": [
            {
              "Node Type": "Aggregate",
              "Strategy": "Plain",
              "Partial Mode": "Partial",
              "Parent Relationship": "Outer",
              "Parallel Aware": false,
              "Startup Cost": 266100.83,
              "Total Cost": 266100.84,
              "Plan Rows": 1,
              "Plan Width": 8,
              "Actual Startup Time": 601.734,
              "Actual Total Time": 601.822,
              "Actual Rows": 1,
              "Actual Loops": 4,
              "Plans": [
                {
                  "Node Type": "Hash Join",
                  "Parent Relationship": "Outer",
                  "Parallel Aware": true,
                  "Join Type": "Inner",
                  "Startup Cost": 221432.16,
                  "Total Cost": 266022.67,
                  "Plan Rows": 31263,
                  "Plan Width": 0,
                  "Actual Startup Time": 402.732,
                  "Actual Total Time": 571.186,
                  "Actual Rows": 726115,
                  "Actual Loops": 4,
                  "Inner Unique": false,
                  "Hash Cond": "(mk.movie_id = t.id)",
                  "Plans": [
                    {
                      "Node Type": "Seq Scan",
                      "Parent Relationship": "Outer",
                      "Parallel Aware": true,
                      "Relation Name": "movie_keyword",
                      "Alias": "mk",
                      "Startup Cost": 0.0,
                      "Total Cost": 42695.65,
                      "Plan Rows": 488623,
                      "Plan Width": 4,
                      "Actual Startup Time": 0.728,
                      "Actual Total Time": 101.814,
                      "Actual Rows": 375560,
                      "Actual Loops": 4,
                      "Filter": "(keyword_id > 10793)",
                      "Rows Removed by Filter": 755422
                    },
                    {
                      "Node Type": "Hash",
                      "Parent Relationship": "Inner",
                      "Parallel Aware": true,
                      "Startup Cost": 221027.74,
                      "Total Cost": 221027.74,
                      "Plan Rows": 32354,
                      "Plan Width": 8,
                      "Actual Startup Time": 373.893,
                      "Actual Total Time": 373.979,
                      "Actual Rows": 90888,
                      "Actual Loops": 4,
                      "Hash Buckets": 524288,
                      "Original Hash Buckets": 262144,
                      "Hash Batches": 1,
                      "Original Hash Batches": 1,
                      "Peak Memory Usage": 20416,
                      "Plans": [
                        {
                          "Node Type": "Hash Join",
                          "Parent Relationship": "Outer",
                          "Parallel Aware": true,
                          "Join Type": "Inner",
                          "Startup Cost": 57160.52,
                          "Total Cost": 221027.74,
                          "Plan Rows": 32354,
                          "Plan Width": 8,
                          "Actual Startup Time": 266.776,
                          "Actual Total Time": 320.059,
                          "Actual Rows": 90888,
                          "Actual Loops": 4,
                          "Inner Unique": true,
                          "Hash Cond": "(mi.movie_id = t.id)",
                          "Plans": [
                            {
                              "Node Type": "Bitmap Heap Scan",
                              "Parent Relationship": "Outer",
                              "Parallel Aware": true,
                              "Relation Name": "movie_info",
                              "Alias": "mi",
                              "Startup Cost": 11198.16,
                              "Total Cost": 174740.1,
                              "Plan Rows": 123915,
                              "Plan Width": 4,
                              "Actual Startup Time": 28.339,
                              "Actual Total Time": 58.189,
                              "Actual Rows": 165231,
                              "Actual Loops": 4,
                              "Recheck Cond": "(info_type_id = 18)",
                              "Rows Removed by Index Recheck": 0,
                              "Exact Heap Blocks": 2176,
                              "Lossy Heap Blocks": 0,
                              "Plans": [
                                {
                                  "Node Type": "Bitmap Index Scan",
                                  "Parent Relationship": "Outer",
                                  "Parallel Aware": false,
                                  "Index Name": "info_type_id_movie_info",
                                  "Startup Cost": 0.0,
                                  "Total Cost": 11043.26,
                                  "Plan Rows": 619577,
                                  "Plan Width": 0,
                                  "Actual Startup Time": 27.296,
                                  "Actual Total Time": 27.296,
                                  "Actual Rows": 660923,
                                  "Actual Loops": 1,
                                  "Index Cond": "(info_type_id = 18)"
                                }
                              ]
                            },
                            {
                              "Node Type": "Hash",
                              "Parent Relationship": "Inner",
                              "Parallel Aware": true,
                              "Startup Cost": 43899.32,
                              "Total Cost": 43899.32,
                              "Plan Rows": 165043,
                              "Plan Width": 4,
                              "Actual Startup Time": 203.241,
                              "Actual Total Time": 203.242,
                              "Actual Rows": 165706,
                              "Actual Loops": 4,
                              "Hash Buckets": 1048576,
                              "Original Hash Buckets": 1048576,
                              "Hash Batches": 1,
                              "Original Hash Batches": 1,
                              "Peak Memory Usage": 34176,
                              "Plans": [
                                {
                                  "Node Type": "Seq Scan",
                                  "Parent Relationship": "Outer",
                                  "Parallel Aware": true,
                                  "Relation Name": "title",
                                  "Alias": "t",
                                  "Startup Cost": 0.0,
                                  "Total Cost": 43899.32,
                                  "Plan Rows": 165043,
                                  "Plan Width": 4,
                                  "Actual Startup Time": 46.719,
                                  "Actual Total Time": 103.97,
                                  "Actual Rows": 165706,
                                  "Actual Loops": 4,
                                  "Filter": "(kind_id = 1)",
                                  "Rows Removed by Filter": 466372
                                }
                              ]
                            }
                          ]
                        }
                      ]
                    }
                  ]
                }
              ]
            }
          ]
        }
      ]
    },
    "Planning Time": 1.482,
    "Triggers": [],
    "Execution Time": 638.031
  }
]