[
    {
        "Bao": {
            "Bao prediction": 453.872,
            "Bao recommended hint": "(no hint)"
        }
    },
    {
        "Plan": {
            "Node Type": "Aggregate",
            "Strategy": "Plain",
            "Partial Mode": "Finalize",
            "Parallel Aware": false,
            "Startup Cost": 44522.77,
            "Total Cost": 44522.78,
            "Plan Rows": 1,
            "Plan Width": 8,
            "Actual Startup Time": 173.35,
            "Actual Total Time": 182.028,
            "Actual Rows": 1,
            "Actual Loops": 1,
            "Output": [
                "count(*)"
            ],
            "Plans": [
                {
                    "Node Type": "Gather",
                    "Parent Relationship": "Outer",
                    "Parallel Aware": false,
                    "Startup Cost": 44522.45,
                    "Total Cost": 44522.76,
                    "Plan Rows": 3,
                    "Plan Width": 8,
                    "Actual Startup Time": 173.11,
                    "Actual Total Time": 182.014,
                    "Actual Rows": 4,
                    "Actual Loops": 1,
                    "Output": [
                        "(PARTIAL count(*))"
                    ],
                    "Workers Planned": 3,
                    "Workers Launched": 3,
                    "Single Copy": false,
                    "Plans": [
                        {
                            "Node Type": "Aggregate",
                            "Strategy": "Plain",
                            "Partial Mode": "Partial",
                            "Parent Relationship": "Outer",
                            "Parallel Aware": false,
                            "Startup Cost": 43522.45,
                            "Total Cost": 43522.46,
                            "Plan Rows": 1,
                            "Plan Width": 8,
                            "Actual Startup Time": 164.506,
                            "Actual Total Time": 164.508,
                            "Actual Rows": 1,
                            "Actual Loops": 4,
                            "Output": [
                                "PARTIAL count(*)"
                            ],
                            "Workers": [
                                {
                                    "Worker Number": 0,
                                    "Actual Startup Time": 161.852,
                                    "Actual Total Time": 161.854,
                                    "Actual Rows": 1,
                                    "Actual Loops": 1
                                },
                                {
                                    "Worker Number": 1,
                                    "Actual Startup Time": 161.854,
                                    "Actual Total Time": 161.855,
                                    "Actual Rows": 1,
                                    "Actual Loops": 1
                                },
                                {
                                    "Worker Number": 2,
                                    "Actual Startup Time": 161.853,
                                    "Actual Total Time": 161.855,
                                    "Actual Rows": 1,
                                    "Actual Loops": 1
                                }
                            ],
                            "Plans": [
                                {
                                    "Node Type": "Seq Scan",
                                    "Parent Relationship": "Outer",
                                    "Parallel Aware": true,
                                    "Relation Name": "movie_keyword",
                                    "Schema": "public",
                                    "Alias": "mk",
                                    "Startup Cost": 0.0,
                                    "Total Cost": 42695.65,
                                    "Plan Rows": 330718,
                                    "Plan Width": 0,
                                    "Actual Startup Time": 3.799,
                                    "Actual Total Time": 144.931,
                                    "Actual Rows": 251023,
                                    "Actual Loops": 4,
                                    "Output": [
                                        "id",
                                        "movie_id",
                                        "keyword_id"
                                    ],
                                    "Filter": "(mk.keyword_id > 18362)",
                                    "Rows Removed by Filter": 879960,
                                    "Workers": [
                                        {
                                            "Worker Number": 0,
                                            "Actual Startup Time": 1.152,
                                            "Actual Total Time": 143.389,
                                            "Actual Rows": 239393,
                                            "Actual Loops": 1
                                        },
                                        {
                                            "Worker Number": 1,
                                            "Actual Startup Time": 1.161,
                                            "Actual Total Time": 143.247,
                                            "Actual Rows": 241297,
                                            "Actual Loops": 1
                                        },
                                        {
                                            "Worker Number": 2,
                                            "Actual Startup Time": 1.146,
                                            "Actual Total Time": 143.379,
                                            "Actual Rows": 236866,
                                            "Actual Loops": 1
                                        }
                                    ]
                                }
                            ]
                        }
                    ]
                }
            ]
        },
        "Planning Time": 2164.383,
        "Triggers": [],
        "Execution Time": 182.15
    }
]