[
  {
    "Plan": {
      "Node Type": "Aggregate",
      "Strategy": "Plain",
      "Partial Mode": "Finalize",
      "Parallel Aware": false,
      "Startup Cost": 44865.15,
      "Total Cost": 44865.16,
      "Plan Rows": 1,
      "Plan Width": 8,
      "Actual Startup Time": 143.24,
      "Actual Total Time": 152.629,
      "Actual Rows": 1,
      "Actual Loops": 1,
      "Plans": [
        {
          "Node Type": "Gather",
          "Parent Relationship": "Outer",
          "Parallel Aware": false,
          "Startup Cost": 44864.84,
          "Total Cost": 44865.15,
          "Plan Rows": 3,
          "Plan Width": 8,
          "Actual Startup Time": 143.104,
          "Actual Total Time": 152.619,
          "Actual Rows": 4,
          "Actual Loops": 1,
          "Workers Planned": 3,
          "Workers Launched": 3,
          "Single Copy": false,
          "Plans": [
            {
              "Node Type": "Aggregate",
              "Strategy": "Plain",
              "Partial Mode": "Partial",
              "Parent Relationship": "Outer",
              "Parallel Aware": false,
              "Startup Cost": 43864.84,
              "Total Cost": 43864.85,
              "Plan Rows": 1,
              "Plan Width": 8,
              "Actual Startup Time": 134.832,
              "Actual Total Time": 134.834,
              "Actual Rows": 1,
              "Actual Loops": 4,
              "Plans": [
                {
                  "Node Type": "Seq Scan",
                  "Parent Relationship": "Outer",
                  "Parallel Aware": true,
                  "Relation Name": "movie_keyword",
                  "Alias": "mk",
                  "Startup Cost": 0.0,
                  "Total Cost": 42695.65,
                  "Plan Rows": 467673,
                  "Plan Width": 0,
                  "Actual Startup Time": 1.819,
                  "Actual Total Time": 115.492,
                  "Actual Rows": 364219,
                  "Actual Loops": 4,
                  "Filter": "(keyword_id > 11427)",
                  "Rows Removed by Filter": 766764
                }
              ]
            }
          ]
        }
      ]
    },
    "Planning Time": 0.156,
    "Triggers": [],
    "Execution Time": 152.681
  }
]