[
  {
    "Plan": {
      "Node Type": "Aggregate",
      "Strategy": "Plain",
      "Partial Mode": "Finalize",
      "Parallel Aware": false,
      "Startup Cost": 44922.46,
      "Total Cost": 44922.47,
      "Plan Rows": 1,
      "Plan Width": 8,
      "Actual Startup Time": 142.184,
      "Actual Total Time": 152.978,
      "Actual Rows": 1,
      "Actual Loops": 1,
      "Plans": [
        {
          "Node Type": "Gather",
          "Parent Relationship": "Outer",
          "Parallel Aware": false,
          "Startup Cost": 44922.14,
          "Total Cost": 44922.45,
          "Plan Rows": 3,
          "Plan Width": 8,
          "Actual Startup Time": 142.076,
          "Actual Total Time": 152.969,
          "Actual Rows": 4,
          "Actual Loops": 1,
          "Workers Planned": 3,
          "Workers Launched": 3,
          "Single Copy": false,
          "Plans": [
            {
              "Node Type": "Aggregate",
              "Strategy": "Plain",
              "Partial Mode": "Partial",
              "Parent Relationship": "Outer",
              "Parallel Aware": false,
              "Startup Cost": 43922.14,
              "Total Cost": 43922.15,
              "Plan Rows": 1,
              "Plan Width": 8,
              "Actual Startup Time": 134.27,
              "Actual Total Time": 134.271,
              "Actual Rows": 1,
              "Actual Loops": 4,
              "Plans": [
                {
                  "Node Type": "Seq Scan",
                  "Parent Relationship": "Outer",
                  "Parallel Aware": true,
                  "Relation Name": "movie_keyword",
                  "Alias": "mk",
                  "Startup Cost": 0.0,
                  "Total Cost": 42695.65,
                  "Plan Rows": 490594,
                  "Plan Width": 0,
                  "Actual Startup Time": 1.667,
                  "Actual Total Time": 114.484,
                  "Actual Rows": 381926,
                  "Actual Loops": 4,
                  "Filter": "(keyword_id > 10494)",
                  "Rows Removed by Filter": 749056
                }
              ]
            }
          ]
        }
      ]
    },
    "Planning Time": 0.181,
    "Triggers": [],
    "Execution Time": 153.044
  }
]