[
  {
    "Plan": {
      "Node Type": "Aggregate",
      "Strategy": "Plain",
      "Partial Mode": "Finalize",
      "Parallel Aware": false,
      "Startup Cost": 343317.85,
      "Total Cost": 343317.86,
      "Plan Rows": 1,
      "Plan Width": 8,
      "Actual Startup Time": 1004.56,
      "Actual Total Time": 1054.224,
      "Actual Rows": 1,
      "Actual Loops": 1,
      "Plans": [
        {
          "Node Type": "Gather",
          "Parent Relationship": "Outer",
          "Parallel Aware": false,
          "Startup Cost": 343317.22,
          "Total Cost": 343317.83,
          "Plan Rows": 6,
          "Plan Width": 8,
          "Actual Startup Time": 1004.317,
          "Actual Total Time": 1054.205,
          "Actual Rows": 7,
          "Actual Loops": 1,
          "Workers Planned": 6,
          "Workers Launched": 6,
          "Single Copy": false,
          "Plans": [
            {
              "Node Type": "Aggregate",
              "Strategy": "Plain",
              "Partial Mode": "Partial",
              "Parent Relationship": "Outer",
              "Parallel Aware": false,
              "Startup Cost": 342317.22,
              "Total Cost": 342317.23,
              "Plan Rows": 1,
              "Plan Width": 8,
              "Actual Startup Time": 995.959,
              "Actual Total Time": 995.961,
              "Actual Rows": 1,
              "Actual Loops": 7,
              "Plans": [
                {
                  "Node Type": "Seq Scan",
                  "Parent Relationship": "Outer",
                  "Parallel Aware": true,
                  "Relation Name": "cast_info",
                  "Alias": "ci",
                  "Startup Cost": 0.0,
                  "Total Cost": 328211.39,
                  "Plan Rows": 5642332,
                  "Plan Width": 0,
                  "Actual Startup Time": 0.056,
                  "Actual Total Time": 728.505,
                  "Actual Rows": 4844816,
                  "Actual Loops": 7,
                  "Filter": "(person_id < 3607595)",
                  "Rows Removed by Filter": 332948
                }
              ]
            }
          ]
        }
      ]
    },
    "Planning Time": 0.189,
    "Triggers": [],
    "Execution Time": 1054.285
  }
]