[
  {
    "Plan": {
      "Node Type": "Aggregate",
      "Strategy": "Plain",
      "Partial Mode": "Simple",
      "Parallel Aware": false,
      "Startup Cost": 17691.57,
      "Total Cost": 17691.58,
      "Plan Rows": 1,
      "Plan Width": 8,
      "Actual Startup Time": 5.085,
      "Actual Total Time": 5.087,
      "Actual Rows": 1,
      "Actual Loops": 1,
      "Plans": [
        {
          "Node Type": "Index Scan",
          "Parent Relationship": "Outer",
          "Parallel Aware": false,
          "Scan Direction": "Forward",
          "Index Name": "person_id_cast_info",
          "Relation Name": "cast_info",
          "Alias": "ci",
          "Startup Cost": 0.56,
          "Total Cost": 17684.29,
          "Plan Rows": 2911,
          "Plan Width": 0,
          "Actual Startup Time": 0.251,
          "Actual Total Time": 5.003,
          "Actual Rows": 398,
          "Actual Loops": 1,
          "Index Cond": "(person_id = 598206)",
          "Rows Removed by Index Recheck": 0,
          "Filter": "(role_id = 1)",
          "Rows Removed by Filter": 7844
        }
      ]
    },
    "Planning Time": 0.192,
    "Triggers": [],
    "Execution Time": 5.135
  }
]