{
    "Plan": {
        "Node Type": "Aggregate",
        "Strategy": "Plain",
        "Partial Mode": "Finalize",
        "Parallel Aware": false,
        "Startup Cost": 591009.34,
        "Total Cost": 591009.35,
        "Plan Rows": 1,
        "Plan Width": 8,
        "Actual Startup Time": 1912.19,
        "Actual Total Time": 1978.696,
        "Actual Rows": 1,
        "Actual Loops": 1,
        "Output": [
            "count(*)"
        ],
        "Plans": [
            {
                "Node Type": "Gather",
                "Parent Relationship": "Outer",
                "Parallel Aware": false,
                "Startup Cost": 591008.82,
                "Total Cost": 591009.33,
                "Plan Rows": 5,
                "Plan Width": 8,
                "Actual Startup Time": 1898.355,
                "Actual Total Time": 1978.682,
                "Actual Rows": 6,
                "Actual Loops": 1,
                "Output": [
                    "(PARTIAL count(*))"
                ],
                "Workers Planned": 5,
                "Workers Launched": 5,
                "Single Copy": false,
                "Plans": [
                    {
                        "Node Type": "Aggregate",
                        "Strategy": "Plain",
                        "Partial Mode": "Partial",
                        "Parent Relationship": "Outer",
                        "Parallel Aware": false,
                        "Startup Cost": 590008.82,
                        "Total Cost": 590008.83,
                        "Plan Rows": 1,
                        "Plan Width": 8,
                        "Actual Startup Time": 1883.075,
                        "Actual Total Time": 1883.484,
                        "Actual Rows": 1,
                        "Actual Loops": 6,
                        "Output": [
                            "PARTIAL count(*)"
                        ],
                        "Workers": [
                            {
                                "Worker Number": 0,
                                "Actual Startup Time": 1881.459,
                                "Actual Total Time": 1881.466,
                                "Actual Rows": 1,
                                "Actual Loops": 1
                            },
                            {
                                "Worker Number": 1,
                                "Actual Startup Time": 1879.837,
                                "Actual Total Time": 1879.842,
                                "Actual Rows": 1,
                                "Actual Loops": 1
                            },
                            {
                                "Worker Number": 2,
                                "Actual Startup Time": 1879.88,
                                "Actual Total Time": 1879.886,
                                "Actual Rows": 1,
                                "Actual Loops": 1
                            },
                            {
                                "Worker Number": 3,
                                "Actual Startup Time": 1879.931,
                                "Actual Total Time": 1879.936,
                                "Actual Rows": 1,
                                "Actual Loops": 1
                            },
                            {
                                "Worker Number": 4,
                                "Actual Startup Time": 1879.938,
                                "Actual Total Time": 1879.943,
                                "Actual Rows": 1,
                                "Actual Loops": 1
                            }
                        ],
                        "Plans": [
                            {
                                "Node Type": "Hash Join",
                                "Parent Relationship": "Outer",
                                "Parallel Aware": true,
                                "Join Type": "Inner",
                                "Startup Cost": 377355.23,
                                "Total Cost": 583958.37,
                                "Plan Rows": 2420178,
                                "Plan Width": 0,
                                "Actual Startup Time": 875.269,
                                "Actual Total Time": 1835.434,
                                "Actual Rows": 1109895,
                                "Actual Loops": 6,
                                "Inner Unique": false,
                                "Hash Cond": "(mi.movie_id = t.id)",
                                "Workers": [
                                    {
                                        "Worker Number": 0,
                                        "Actual Startup Time": 872.257,
                                        "Actual Total Time": 1829.239,
                                        "Actual Rows": 820622,
                                        "Actual Loops": 1
                                    },
                                    {
                                        "Worker Number": 1,
                                        "Actual Startup Time": 872.363,
                                        "Actual Total Time": 1833.816,
                                        "Actual Rows": 1160023,
                                        "Actual Loops": 1
                                    },
                                    {
                                        "Worker Number": 2,
                                        "Actual Startup Time": 872.362,
                                        "Actual Total Time": 1834.817,
                                        "Actual Rows": 1123184,
                                        "Actual Loops": 1
                                    },
                                    {
                                        "Worker Number": 3,
                                        "Actual Startup Time": 872.389,
                                        "Actual Total Time": 1834.877,
                                        "Actual Rows": 1123576,
                                        "Actual Loops": 1
                                    },
                                    {
                                        "Worker Number": 4,
                                        "Actual Startup Time": 872.379,
                                        "Actual Total Time": 1834.634,
                                        "Actual Rows": 1124927,
                                        "Actual Loops": 1
                                    }
                                ],
                                "Plans": [
                                    {
                                        "Node Type": "Seq Scan",
                                        "Parent Relationship": "Outer",
                                        "Parallel Aware": true,
                                        "Relation Name": "movie_info",
                                        "Schema": "public",
                                        "Alias": "mi",
                                        "Startup Cost": 0.0,
                                        "Total Cost": 191503.19,
                                        "Plan Rows": 2951019,
                                        "Plan Width": 4,
                                        "Actual Startup Time": 0.03,
                                        "Actual Total Time": 293.954,
                                        "Actual Rows": 2472620,
                                        "Actual Loops": 6,
                                        "Output": [
                                            "mi.id",
                                            "mi.movie_id",
                                            "mi.info_type_id",
                                            "mi.info",
                                            "mi.note"
                                        ],
                                        "Workers": [
                                            {
                                                "Worker Number": 0,
                                                "Actual Startup Time": 0.035,
                                                "Actual Total Time": 320.052,
                                                "Actual Rows": 1808703,
                                                "Actual Loops": 1
                                            },
                                            {
                                                "Worker Number": 1,
                                                "Actual Startup Time": 0.037,
                                                "Actual Total Time": 304.464,
                                                "Actual Rows": 2597664,
                                                "Actual Loops": 1
                                            },
                                            {
                                                "Worker Number": 2,
                                                "Actual Startup Time": 0.033,
                                                "Actual Total Time": 297.815,
                                                "Actual Rows": 2453265,
                                                "Actual Loops": 1
                                            },
                                            {
                                                "Worker Number": 3,
                                                "Actual Startup Time": 0.028,
                                                "Actual Total Time": 301.095,
                                                "Actual Rows": 2498069,
                                                "Actual Loops": 1
                                            },
                                            {
                                                "Worker Number": 4,
                                                "Actual Startup Time": 0.035,
                                                "Actual Total Time": 300.099,
                                                "Actual Rows": 2461020,
                                                "Actual Loops": 1
                                            }
                                        ]
                                    },
                                    {
                                        "Node Type": "Hash",
                                        "Parent Relationship": "Inner",
                                        "Parallel Aware": true,
                                        "Startup Cost": 373035.4,
                                        "Total Cost": 373035.4,
                                        "Plan Rows": 345586,
                                        "Plan Width": 8,
                                        "Actual Startup Time": 869.788,
                                        "Actual Total Time": 870.196,
                                        "Actual Rows": 191481,
                                        "Actual Loops": 6,
                                        "Output": [
                                            "t.id",
                                            "ci.movie_id"
                                        ],
                                        "Hash Buckets": 2097152,
                                        "Original Hash Buckets": 2097152,
                                        "Hash Batches": 1,
                                        "Original Hash Batches": 1,
                                        "Peak Memory Usage": 61376,
                                        "Workers": [
                                            {
                                                "Worker Number": 0,
                                                "Actual Startup Time": 871.81,
                                                "Actual Total Time": 871.815,
                                                "Actual Rows": 150362,
                                                "Actual Loops": 1
                                            },
                                            {
                                                "Worker Number": 1,
                                                "Actual Startup Time": 871.837,
                                                "Actual Total Time": 871.841,
                                                "Actual Rows": 195827,
                                                "Actual Loops": 1
                                            },
                                            {
                                                "Worker Number": 2,
                                                "Actual Startup Time": 871.934,
                                                "Actual Total Time": 871.938,
                                                "Actual Rows": 190279,
                                                "Actual Loops": 1
                                            },
                                            {
                                                "Worker Number": 3,
                                                "Actual Startup Time": 871.819,
                                                "Actual Total Time": 871.822,
                                                "Actual Rows": 195368,
                                                "Actual Loops": 1
                                            },
                                            {
                                                "Worker Number": 4,
                                                "Actual Startup Time": 871.913,
                                                "Actual Total Time": 871.917,
                                                "Actual Rows": 185568,
                                                "Actual Loops": 1
                                            }
                                        ],
                                        "Plans": [
                                            {
                                                "Node Type": "Hash Join",
                                                "Parent Relationship": "Outer",
                                                "Parallel Aware": true,
                                                "Join Type": "Inner",
                                                "Startup Cost": 49096.85,
                                                "Total Cost": 373035.4,
                                                "Plan Rows": 345586,
                                                "Plan Width": 8,
                                                "Actual Startup Time": 215.005,
                                                "Actual Total Time": 775.069,
                                                "Actual Rows": 191481,
                                                "Actual Loops": 6,
                                                "Output": [
                                                    "t.id",
                                                    "ci.movie_id"
                                                ],
                                                "Inner Unique": true,
                                                "Hash Cond": "(ci.movie_id = t.id)",
                                                "Workers": [
                                                    {
                                                        "Worker Number": 0,
                                                        "Actual Startup Time": 215.028,
                                                        "Actual Total Time": 774.449,
                                                        "Actual Rows": 150362,
                                                        "Actual Loops": 1
                                                    },
                                                    {
                                                        "Worker Number": 1,
                                                        "Actual Startup Time": 214.927,
                                                        "Actual Total Time": 776.271,
                                                        "Actual Rows": 195827,
                                                        "Actual Loops": 1
                                                    },
                                                    {
                                                        "Worker Number": 2,
                                                        "Actual Startup Time": 215.088,
                                                        "Actual Total Time": 774.444,
                                                        "Actual Rows": 190279,
                                                        "Actual Loops": 1
                                                    },
                                                    {
                                                        "Worker Number": 3,
                                                        "Actual Startup Time": 215.095,
                                                        "Actual Total Time": 777.139,
                                                        "Actual Rows": 195368,
                                                        "Actual Loops": 1
                                                    },
                                                    {
                                                        "Worker Number": 4,
                                                        "Actual Startup Time": 214.974,
                                                        "Actual Total Time": 776.488,
                                                        "Actual Rows": 185568,
                                                        "Actual Loops": 1
                                                    }
                                                ],
                                                "Plans": [
                                                    {
                                                        "Node Type": "Index Scan",
                                                        "Parent Relationship": "Outer",
                                                        "Parallel Aware": true,
                                                        "Scan Direction": "Forward",
                                                        "Index Name": "role_id_cast_info",
                                                        "Relation Name": "cast_info",
                                                        "Schema": "public",
                                                        "Alias": "ci",
                                                        "Startup Cost": 0.56,
                                                        "Total Cost": 322560.04,
                                                        "Plan Rows": 525367,
                                                        "Plan Width": 4,
                                                        "Actual Startup Time": 0.151,
                                                        "Actual Total Time": 391.067,
                                                        "Actual Rows": 323758,
                                                        "Actual Loops": 6,
                                                        "Output": [
                                                            "ci.id",
                                                            "ci.person_id",
                                                            "ci.movie_id",
                                                            "ci.person_role_id",
                                                            "ci.note",
                                                            "ci.nr_order",
                                                            "ci.role_id"
                                                        ],
                                                        "Index Cond": "(ci.role_id > 3)",
                                                        "Rows Removed by Index Recheck": 0,
                                                        "Filter": "(ci.person_id < 941210)",
                                                        "Rows Removed by Filter": 1695183,
                                                        "Workers": [
                                                            {
                                                                "Worker Number": 0,
                                                                "Actual Startup Time": 0.11,
                                                                "Actual Total Time": 401.197,
                                                                "Actual Rows": 242486,
                                                                "Actual Loops": 1
                                                            },
                                                            {
                                                                "Worker Number": 1,
                                                                "Actual Startup Time": 0.082,
                                                                "Actual Total Time": 398.275,
                                                                "Actual Rows": 338106,
                                                                "Actual Loops": 1
                                                            },
                                                            {
                                                                "Worker Number": 2,
                                                                "Actual Startup Time": 0.214,
                                                                "Actual Total Time": 390.89,
                                                                "Actual Rows": 320328,
                                                                "Actual Loops": 1
                                                            },
                                                            {
                                                                "Worker Number": 3,
                                                                "Actual Startup Time": 0.297,
                                                                "Actual Total Time": 392.416,
                                                                "Actual Rows": 327310,
                                                                "Actual Loops": 1
                                                            },
                                                            {
                                                                "Worker Number": 4,
                                                                "Actual Startup Time": 0.168,
                                                                "Actual Total Time": 393.075,
                                                                "Actual Rows": 319742,
                                                                "Actual Loops": 1
                                                            }
                                                        ]
                                                    },
                                                    {
                                                        "Node Type": "Hash",
                                                        "Parent Relationship": "Inner",
                                                        "Parallel Aware": true,
                                                        "Startup Cost": 43899.01,
                                                        "Total Cost": 43899.01,
                                                        "Plan Rows": 415782,
                                                        "Plan Width": 4,
                                                        "Actual Startup Time": 212.085,
                                                        "Actual Total Time": 212.086,
                                                        "Actual Rows": 279016,
                                                        "Actual Loops": 6,
                                                        "Output": [
                                                            "t.id"
                                                        ],
                                                        "Hash Buckets": 2097152,
                                                        "Original Hash Buckets": 2097152,
                                                        "Hash Batches": 1,
                                                        "Original Hash Batches": 1,
                                                        "Peak Memory Usage": 81920,
                                                        "Workers": [
                                                            {
                                                                "Worker Number": 0,
                                                                "Actual Startup Time": 214.533,
                                                                "Actual Total Time": 214.534,
                                                                "Actual Rows": 203651,
                                                                "Actual Loops": 1
                                                            },
                                                            {
                                                                "Worker Number": 1,
                                                                "Actual Startup Time": 214.551,
                                                                "Actual Total Time": 214.552,
                                                                "Actual Rows": 264650,
                                                                "Actual Loops": 1
                                                            },
                                                            {
                                                                "Worker Number": 2,
                                                                "Actual Startup Time": 214.545,
                                                                "Actual Total Time": 214.546,
                                                                "Actual Rows": 269786,
                                                                "Actual Loops": 1
                                                            },
                                                            {
                                                                "Worker Number": 3,
                                                                "Actual Startup Time": 214.497,
                                                                "Actual Total Time": 214.498,
                                                                "Actual Rows": 269695,
                                                                "Actual Loops": 1
                                                            },
                                                            {
                                                                "Worker Number": 4,
                                                                "Actual Startup Time": 214.522,
                                                                "Actual Total Time": 214.523,
                                                                "Actual Rows": 271266,
                                                                "Actual Loops": 1
                                                            }
                                                        ],
                                                        "Plans": [
                                                            {
                                                                "Node Type": "Seq Scan",
                                                                "Parent Relationship": "Outer",
                                                                "Parallel Aware": true,
                                                                "Relation Name": "title",
                                                                "Schema": "public",
                                                                "Alias": "t",
                                                                "Startup Cost": 0.0,
                                                                "Total Cost": 43899.01,
                                                                "Plan Rows": 415782,
                                                                "Plan Width": 4,
                                                                "Actual Startup Time": 0.064,
                                                                "Actual Total Time": 81.838,
                                                                "Actual Rows": 279016,
                                                                "Actual Loops": 6,
                                                                "Output": [
                                                                    "t.id"
                                                                ],
                                                                "Filter": "(t.kind_id > 3)",
                                                                "Rows Removed by Filter": 142369,
                                                                "Workers": [
                                                                    {
                                                                        "Worker Number": 0,
                                                                        "Actual Startup Time": 0.077,
                                                                        "Actual Total Time": 86.13,
                                                                        "Actual Rows": 203651,
                                                                        "Actual Loops": 1
                                                                    },
                                                                    {
                                                                        "Worker Number": 1,
                                                                        "Actual Startup Time": 0.076,
                                                                        "Actual Total Time": 83.802,
                                                                        "Actual Rows": 264650,
                                                                        "Actual Loops": 1
                                                                    },
                                                                    {
                                                                        "Worker Number": 2,
                                                                        "Actual Startup Time": 0.066,
                                                                        "Actual Total Time": 83.556,
                                                                        "Actual Rows": 269786,
                                                                        "Actual Loops": 1
                                                                    },
                                                                    {
                                                                        "Worker Number": 3,
                                                                        "Actual Startup Time": 0.065,
                                                                        "Actual Total Time": 83.425,
                                                                        "Actual Rows": 269695,
                                                                        "Actual Loops": 1
                                                                    },
                                                                    {
                                                                        "Worker Number": 4,
                                                                        "Actual Startup Time": 0.083,
                                                                        "Actual Total Time": 83.974,
                                                                        "Actual Rows": 271266,
                                                                        "Actual Loops": 1
                                                                    }
                                                                ]
                                                            }
                                                        ]
                                                    }
                                                ]
                                            }
                                        ]
                                    }
                                ]
                            }
                        ]
                    }
                ]
            }
        ]
    },
    "Planning Time": 1.559,
    "Triggers": [],
    "Execution Time": 1978.796
}