[
  {
    "Plan": {
      "Node Type": "Aggregate",
      "Strategy": "Plain",
      "Partial Mode": "Finalize",
      "Parallel Aware": false,
      "Startup Cost": 118887.35,
      "Total Cost": 118887.36,
      "Plan Rows": 1,
      "Plan Width": 8,
      "Actual Startup Time": 461.542,
      "Actual Total Time": 484.531,
      "Actual Rows": 1,
      "Actual Loops": 1,
      "Plans": [
        {
          "Node Type": "Gather",
          "Parent Relationship": "Outer",
          "Parallel Aware": false,
          "Startup Cost": 118887.03,
          "Total Cost": 118887.34,
          "Plan Rows": 3,
          "Plan Width": 8,
          "Actual Startup Time": 460.679,
          "Actual Total Time": 484.522,
          "Actual Rows": 4,
          "Actual Loops": 1,
          "Workers Planned": 3,
          "Workers Launched": 3,
          "Single Copy": false,
          "Plans": [
            {
              "Node Type": "Aggregate",
              "Strategy": "Plain",
              "Partial Mode": "Partial",
              "Parent Relationship": "Outer",
              "Parallel Aware": false,
              "Startup Cost": 117887.03,
              "Total Cost": 117887.04,
              "Plan Rows": 1,
              "Plan Width": 8,
              "Actual Startup Time": 455.068,
              "Actual Total Time": 455.072,
              "Actual Rows": 1,
              "Actual Loops": 4,
              "Plans": [
                {
                  "Node Type": "Nested Loop",
                  "Parent Relationship": "Outer",
                  "Parallel Aware": false,
                  "Join Type": "Inner",
                  "Startup Cost": 44292.71,
                  "Total Cost": 117768.95,
                  "Plan Rows": 47234,
                  "Plan Width": 0,
                  "Actual Startup Time": 102.885,
                  "Actual Total Time": 442.527,
                  "Actual Rows": 279158,
                  "Actual Loops": 4,
                  "Inner Unique": false,
                  "Join Filter": "(t.id = mc.movie_id)",
                  "Rows Removed by Join Filter": 0,
                  "Plans": [
                    {
                      "Node Type": "Hash Join",
                      "Parent Relationship": "Outer",
                      "Parallel Aware": true,
                      "Join Type": "Inner",
                      "Startup Cost": 44292.28,
                      "Total Cost": 89403.87,
                      "Plan Rows": 45773,
                      "Plan Width": 8,
                      "Actual Startup Time": 102.794,
                      "Actual Total Time": 277.706,
                      "Actual Rows": 31840,
                      "Actual Loops": 4,
                      "Inner Unique": true,
                      "Hash Cond": "(mk.movie_id = t.id)",
                      "Plans": [
                        {
                          "Node Type": "Seq Scan",
                          "Parent Relationship": "Outer",
                          "Parallel Aware": true,
                          "Relation Name": "movie_keyword",
                          "Alias": "mk",
                          "Startup Cost": 0.0,
                          "Total Cost": 42695.65,
                          "Plan Rows": 920356,
                          "Plan Width": 4,
                          "Actual Startup Time": 0.03,
                          "Actual Total Time": 111.376,
                          "Actual Rows": 717122,
                          "Actual Loops": 4,
                          "Filter": "(keyword_id < 8832)",
                          "Rows Removed by Filter": 413860
                        },
                        {
                          "Node Type": "Hash",
                          "Parent Relationship": "Inner",
                          "Parallel Aware": true,
                          "Startup Cost": 43899.32,
                          "Total Cost": 43899.32,
                          "Plan Rows": 31437,
                          "Plan Width": 4,
                          "Actual Startup Time": 102.057,
                          "Actual Total Time": 102.058,
                          "Actual Rows": 32174,
                          "Actual Loops": 4,
                          "Hash Buckets": 131072,
                          "Original Hash Buckets": 131072,
                          "Hash Batches": 1,
                          "Original Hash Batches": 1,
                          "Peak Memory Usage": 6144,
                          "Plans": [
                            {
                              "Node Type": "Seq Scan",
                              "Parent Relationship": "Outer",
                              "Parallel Aware": true,
                              "Relation Name": "title",
                              "Alias": "t",
                              "Startup Cost": 0.0,
                              "Total Cost": 43899.32,
                              "Plan Rows": 31437,
                              "Plan Width": 4,
                              "Actual Startup Time": 0.03,
                              "Actual Total Time": 90.064,
                              "Actual Rows": 32174,
                              "Actual Loops": 4,
                              "Filter": "(production_year = 2009)",
                              "Rows Removed by Filter": 599904
                            }
                          ]
                        }
                      ]
                    },
                    {
                      "Node Type": "Index Only Scan",
                      "Parent Relationship": "Inner",
                      "Parallel Aware": false,
                      "Scan Direction": "Forward",
                      "Index Name": "movie_id_movie_companies",
                      "Relation Name": "movie_companies",
                      "Alias": "mc",
                      "Startup Cost": 0.43,
                      "Total Cost": 0.56,
                      "Plan Rows": 5,
                      "Plan Width": 4,
                      "Actual Startup Time": 0.002,
                      "Actual Total Time": 0.004,
                      "Actual Rows": 9,
                      "Actual Loops": 127358,
                      "Index Cond": "(movie_id = mk.movie_id)",
                      "Rows Removed by Index Recheck": 0,
                      "Heap Fetches": 1116633
                    }
                  ]
                }
              ]
            }
          ]
        }
      ]
    },
    "Planning Time": 0.562,
    "Triggers": [],
    "Execution Time": 484.581
  }
]