{
  "Plan": {
    "Node Type": "Aggregate",
    "Strategy": "Plain",
    "Partial Mode": "Finalize",
    "Parallel Aware": false,
    "Startup Cost": 107447.66,
    "Total Cost": 107447.67,
    "Plan Rows": 1,
    "Plan Width": 8,
    "Actual Startup Time": 377.335,
    "Actual Total Time": 418.008,
    "Actual Rows": 1,
    "Actual Loops": 1,
    "Plans": [
      {
        "Node Type": "Gather",
        "Parent Relationship": "Outer",
        "Parallel Aware": false,
        "Startup Cost": 107447.54,
        "Total Cost": 107447.65,
        "Plan Rows": 1,
        "Plan Width": 8,
        "Actual Startup Time": 377.063,
        "Actual Total Time": 417.998,
        "Actual Rows": 2,
        "Actual Loops": 1,
        "Workers Planned": 1,
        "Workers Launched": 1,
        "Single Copy": false,
        "Plans": [
          {
            "Node Type": "Aggregate",
            "Strategy": "Plain",
            "Partial Mode": "Partial",
            "Parent Relationship": "Outer",
            "Parallel Aware": false,
            "Startup Cost": 106447.54,
            "Total Cost": 106447.55,
            "Plan Rows": 1,
            "Plan Width": 8,
            "Actual Startup Time": 370.741,
            "Actual Total Time": 370.745,
            "Actual Rows": 1,
            "Actual Loops": 2,
            "Plans": [
              {
                "Node Type": "Nested Loop",
                "Parent Relationship": "Outer",
                "Parallel Aware": false,
                "Join Type": "Inner",
                "Startup Cost": 54693.05,
                "Total Cost": 106420.82,
                "Plan Rows": 10691,
                "Plan Width": 0,
                "Actual Startup Time": 198.975,
                "Actual Total Time": 369.896,
                "Actual Rows": 12811,
                "Actual Loops": 2,
                "Inner Unique": false,
                "Join Filter": "(t.id = ci.movie_id)",
                "Rows Removed by Join Filter": 0,
                "Plans": [
                  {
                    "Node Type": "Hash Join",
                    "Parent Relationship": "Outer",
                    "Parallel Aware": true,
                    "Join Type": "Inner",
                    "Startup Cost": 54692.49,
                    "Total Cost": 97644.28,
                    "Plan Rows": 2432,
                    "Plan Width": 8,
                    "Actual Startup Time": 198.885,
                    "Actual Total Time": 275.142,
                    "Actual Rows": 1968,
                    "Actual Loops": 2,
                    "Inner Unique": true,
                    "Hash Cond": "(mc.movie_id = t.id)",
                    "Plans": [
                      {
                        "Node Type": "Seq Scan",
                        "Parent Relationship": "Outer",
                        "Parallel Aware": true,
                        "Relation Name": "movie_companies",
                        "Alias": "mc",
                        "Startup Cost": 0.0,
                        "Total Cost": 41811.73,
                        "Plan Rows": 434311,
                        "Plan Width": 4,
                        "Actual Startup Time": 52.661,
                        "Actual Total Time": 106.906,
                        "Actual Rows": 231934,
                        "Actual Loops": 2,
                        "Filter": "((company_id < 13015) AND (company_type_id > 1))",
                        "Rows Removed by Filter": 1072630
                      },
                      {
                        "Node Type": "Hash",
                        "Parent Relationship": "Inner",
                        "Parallel Aware": true,
                        "Startup Cost": 54588.39,
                        "Total Cost": 54588.39,
                        "Plan Rows": 8328,
                        "Plan Width": 4,
                        "Actual Startup Time": 145.126,
                        "Actual Total Time": 145.127,
                        "Actual Rows": 7463,
                        "Actual Loops": 2,
                        "Hash Buckets": 16384,
                        "Original Hash Buckets": 16384,
                        "Hash Batches": 1,
                        "Original Hash Batches": 1,
                        "Peak Memory Usage": 736,
                        "Plans": [
                          {
                            "Node Type": "Seq Scan",
                            "Parent Relationship": "Outer",
                            "Parallel Aware": true,
                            "Relation Name": "title",
                            "Alias": "t",
                            "Startup Cost": 0.0,
                            "Total Cost": 54588.39,
                            "Plan Rows": 8328,
                            "Plan Width": 4,
                            "Actual Startup Time": 0.059,
                            "Actual Total Time": 142.314,
                            "Actual Rows": 7463,
                            "Actual Loops": 2,
                            "Filter": "(production_year = 1979)",
                            "Rows Removed by Filter": 1256693
                          }
                        ]
                      }
                    ]
                  },
                  {
                    "Node Type": "Index Scan",
                    "Parent Relationship": "Inner",
                    "Parallel Aware": false,
                    "Scan Direction": "Forward",
                    "Index Name": "movie_id_cast_info",
                    "Relation Name": "cast_info",
                    "Alias": "ci",
                    "Startup Cost": 0.56,
                    "Total Cost": 3.47,
                    "Plan Rows": 11,
                    "Plan Width": 4,
                    "Actual Startup Time": 0.017,
                    "Actual Total Time": 0.047,
                    "Actual Rows": 7,
                    "Actual Loops": 3937,
                    "Index Cond": "(movie_id = mc.movie_id)",
                    "Rows Removed by Index Recheck": 0,
                    "Filter": "((person_id > 392631) AND (role_id = 1))",
                    "Rows Removed by Filter": 14
                  }
                ]
              }
            ]
          }
        ]
      }
    ]
  },
  "Planning Time": 1.084,
  "Triggers": [],
  "Execution Time": 418.129
}