[
  {
    "Plan": {
      "Node Type": "Aggregate",
      "Strategy": "Plain",
      "Partial Mode": "Finalize",
      "Parallel Aware": false,
      "Startup Cost": 390786.04,
      "Total Cost": 390786.05,
      "Plan Rows": 1,
      "Plan Width": 8,
      "Actual Startup Time": 1975.993,
      "Actual Total Time": 2029.114,
      "Actual Rows": 1,
      "Actual Loops": 1,
      "Plans": [
        {
          "Node Type": "Gather",
          "Parent Relationship": "Outer",
          "Parallel Aware": false,
          "Startup Cost": 390785.42,
          "Total Cost": 390786.03,
          "Plan Rows": 6,
          "Plan Width": 8,
          "Actual Startup Time": 1967.042,
          "Actual Total Time": 2029.103,
          "Actual Rows": 7,
          "Actual Loops": 1,
          "Workers Planned": 6,
          "Workers Launched": 6,
          "Single Copy": false,
          "Plans": [
            {
              "Node Type": "Aggregate",
              "Strategy": "Plain",
              "Partial Mode": "Partial",
              "Parent Relationship": "Outer",
              "Parallel Aware": false,
              "Startup Cost": 389785.42,
              "Total Cost": 389785.43,
              "Plan Rows": 1,
              "Plan Width": 8,
              "Actual Startup Time": 1953.964,
              "Actual Total Time": 1953.968,
              "Actual Rows": 1,
              "Actual Loops": 7,
              "Plans": [
                {
                  "Node Type": "Hash Join",
                  "Parent Relationship": "Outer",
                  "Parallel Aware": true,
                  "Join Type": "Inner",
                  "Startup Cost": 48857.97,
                  "Total Cost": 385028.4,
                  "Plan Rows": 1902806,
                  "Plan Width": 0,
                  "Actual Startup Time": 409.571,
                  "Actual Total Time": 1862.517,
                  "Actual Rows": 1827808,
                  "Actual Loops": 7,
                  "Inner Unique": true,
                  "Hash Cond": "(ci.movie_id = t.id)",
                  "Plans": [
                    {
                      "Node Type": "Seq Scan",
                      "Parent Relationship": "Outer",
                      "Parallel Aware": true,
                      "Relation Name": "cast_info",
                      "Alias": "ci",
                      "Startup Cost": 0.0,
                      "Total Cost": 328211.39,
                      "Plan Rows": 3032010,
                      "Plan Width": 4,
                      "Actual Startup Time": 198.944,
                      "Actual Total Time": 631.74,
                      "Actual Rows": 2572260,
                      "Actual Loops": 7,
                      "Filter": "(person_id > 1811702)",
                      "Rows Removed by Filter": 2605504
                    },
                    {
                      "Node Type": "Hash",
                      "Parent Relationship": "Inner",
                      "Parallel Aware": true,
                      "Startup Cost": 43899.32,
                      "Total Cost": 43899.32,
                      "Plan Rows": 396692,
                      "Plan Width": 4,
                      "Actual Startup Time": 206.918,
                      "Actual Total Time": 206.92,
                      "Actual Rows": 224367,
                      "Actual Loops": 7,
                      "Hash Buckets": 2097152,
                      "Original Hash Buckets": 2097152,
                      "Hash Batches": 1,
                      "Original Hash Batches": 1,
                      "Peak Memory Usage": 77888,
                      "Plans": [
                        {
                          "Node Type": "Seq Scan",
                          "Parent Relationship": "Outer",
                          "Parallel Aware": true,
                          "Relation Name": "title",
                          "Alias": "t",
                          "Startup Cost": 0.0,
                          "Total Cost": 43899.32,
                          "Plan Rows": 396692,
                          "Plan Width": 4,
                          "Actual Startup Time": 0.058,
                          "Actual Total Time": 88.268,
                          "Actual Rows": 224367,
                          "Actual Loops": 7,
                          "Filter": "(production_year > 1996)",
                          "Rows Removed by Filter": 136821
                        }
                      ]
                    }
                  ]
                }
              ]
            }
          ]
        }
      ]
    },
    "Planning Time": 0.329,
    "Triggers": [],
    "Execution Time": 2029.176
  }
]