[
  {
    "Plan": {
      "Node Type": "Aggregate",
      "Strategy": "Plain",
      "Partial Mode": "Finalize",
      "Parallel Aware": false,
      "Startup Cost": 390538.48,
      "Total Cost": 390538.49,
      "Plan Rows": 1,
      "Plan Width": 8,
      "Actual Startup Time": 1810.023,
      "Actual Total Time": 1868.98,
      "Actual Rows": 1,
      "Actual Loops": 1,
      "Plans": [
        {
          "Node Type": "Gather",
          "Parent Relationship": "Outer",
          "Parallel Aware": false,
          "Startup Cost": 390537.85,
          "Total Cost": 390538.46,
          "Plan Rows": 6,
          "Plan Width": 8,
          "Actual Startup Time": 1796.181,
          "Actual Total Time": 1868.965,
          "Actual Rows": 7,
          "Actual Loops": 1,
          "Workers Planned": 6,
          "Workers Launched": 6,
          "Single Copy": false,
          "Plans": [
            {
              "Node Type": "Aggregate",
              "Strategy": "Plain",
              "Partial Mode": "Partial",
              "Parent Relationship": "Outer",
              "Parallel Aware": false,
              "Startup Cost": 389537.85,
              "Total Cost": 389537.86,
              "Plan Rows": 1,
              "Plan Width": 8,
              "Actual Startup Time": 1781.636,
              "Actual Total Time": 1781.639,
              "Actual Rows": 1,
              "Actual Loops": 7,
              "Plans": [
                {
                  "Node Type": "Hash Join",
                  "Parent Relationship": "Outer",
                  "Parallel Aware": true,
                  "Join Type": "Inner",
                  "Startup Cost": 48825.97,
                  "Total Cost": 384861.63,
                  "Plan Rows": 1870490,
                  "Plan Width": 0,
                  "Actual Startup Time": 379.683,
                  "Actual Total Time": 1702.533,
                  "Actual Rows": 1827808,
                  "Actual Loops": 7,
                  "Inner Unique": true,
                  "Hash Cond": "(ci.movie_id = t.id)",
                  "Plans": [
                    {
                      "Node Type": "Seq Scan",
                      "Parent Relationship": "Outer",
                      "Parallel Aware": true,
                      "Relation Name": "cast_info",
                      "Alias": "ci",
                      "Startup Cost": 0.0,
                      "Total Cost": 328162.03,
                      "Plan Rows": 2999476,
                      "Plan Width": 4,
                      "Actual Startup Time": 184.433,
                      "Actual Total Time": 575.968,
                      "Actual Rows": 2572260,
                      "Actual Loops": 7,
                      "Filter": "(person_id > 1811702)",
                      "Rows Removed by Filter": 2605504
                    },
                    {
                      "Node Type": "Hash",
                      "Parent Relationship": "Inner",
                      "Parallel Aware": true,
                      "Startup Cost": 43898.92,
                      "Total Cost": 43898.92,
                      "Plan Rows": 394164,
                      "Plan Width": 4,
                      "Actual Startup Time": 190.536,
                      "Actual Total Time": 190.537,
                      "Actual Rows": 224367,
                      "Actual Loops": 7,
                      "Hash Buckets": 2097152,
                      "Original Hash Buckets": 2097152,
                      "Hash Batches": 1,
                      "Original Hash Batches": 1,
                      "Peak Memory Usage": 77984,
                      "Plans": [
                        {
                          "Node Type": "Seq Scan",
                          "Parent Relationship": "Outer",
                          "Parallel Aware": true,
                          "Relation Name": "title",
                          "Alias": "t",
                          "Startup Cost": 0.0,
                          "Total Cost": 43898.92,
                          "Plan Rows": 394164,
                          "Plan Width": 4,
                          "Actual Startup Time": 0.05,
                          "Actual Total Time": 80.259,
                          "Actual Rows": 224367,
                          "Actual Loops": 7,
                          "Filter": "(production_year > 1996)",
                          "Rows Removed by Filter": 136821
                        }
                      ]
                    }
                  ]
                }
              ]
            }
          ]
        }
      ]
    },
    "Planning Time": 0.595,
    "Triggers": [],
    "Execution Time": 1869.064
  }
]