[
  {
    "Plan": {
      "Node Type": "Aggregate",
      "Strategy": "Plain",
      "Partial Mode": "Simple",
      "Parallel Aware": false,
      "Startup Cost": 4845.46,
      "Total Cost": 4845.47,
      "Plan Rows": 1,
      "Plan Width": 8,
      "Actual Startup Time": 43.577,
      "Actual Total Time": 43.579,
      "Actual Rows": 1,
      "Actual Loops": 1,
      "Plans": [
        {
          "Node Type": "Nested Loop",
          "Parent Relationship": "Outer",
          "Parallel Aware": false,
          "Join Type": "Inner",
          "Startup Cost": 8.14,
          "Total Cost": 4844.97,
          "Plan Rows": 198,
          "Plan Width": 0,
          "Actual Startup Time": 0.503,
          "Actual Total Time": 43.461,
          "Actual Rows": 699,
          "Actual Loops": 1,
          "Inner Unique": false,
          "Plans": [
            {
              "Node Type": "Nested Loop",
              "Parent Relationship": "Outer",
              "Parallel Aware": false,
              "Join Type": "Inner",
              "Startup Cost": 7.71,
              "Total Cost": 4299.44,
              "Plan Rows": 324,
              "Plan Width": 8,
              "Actual Startup Time": 0.105,
              "Actual Total Time": 2.36,
              "Actual Rows": 254,
              "Actual Loops": 1,
              "Inner Unique": true,
              "Plans": [
                {
                  "Node Type": "Bitmap Heap Scan",
                  "Parent Relationship": "Outer",
                  "Parallel Aware": false,
                  "Relation Name": "movie_info_idx",
                  "Alias": "mi_idx",
                  "Startup Cost": 7.28,
                  "Total Cost": 1221.84,
                  "Plan Rows": 368,
                  "Plan Width": 4,
                  "Actual Startup Time": 0.073,
                  "Actual Total Time": 0.13,
                  "Actual Rows": 260,
                  "Actual Loops": 1,
                  "Recheck Cond": "(info_type_id > 101)",
                  "Rows Removed by Index Recheck": 0,
                  "Exact Heap Blocks": 2,
                  "Lossy Heap Blocks": 0,
                  "Plans": [
                    {
                      "Node Type": "Bitmap Index Scan",
                      "Parent Relationship": "Outer",
                      "Parallel Aware": false,
                      "Index Name": "info_type_id_movie_info_idx",
                      "Startup Cost": 0.0,
                      "Total Cost": 7.19,
                      "Plan Rows": 368,
                      "Plan Width": 0,
                      "Actual Startup Time": 0.047,
                      "Actual Total Time": 0.047,
                      "Actual Rows": 260,
                      "Actual Loops": 1,
                      "Index Cond": "(info_type_id > 101)"
                    }
                  ]
                },
                {
                  "Node Type": "Index Scan",
                  "Parent Relationship": "Inner",
                  "Parallel Aware": false,
                  "Scan Direction": "Forward",
                  "Index Name": "title_pkey",
                  "Relation Name": "title",
                  "Alias": "t",
                  "Startup Cost": 0.43,
                  "Total Cost": 8.36,
                  "Plan Rows": 1,
                  "Plan Width": 4,
                  "Actual Startup Time": 0.008,
                  "Actual Total Time": 0.008,
                  "Actual Rows": 1,
                  "Actual Loops": 260,
                  "Index Cond": "(id = mi_idx.movie_id)",
                  "Rows Removed by Index Recheck": 0,
                  "Filter": "(production_year < 2012)",
                  "Rows Removed by Filter": 0
                }
              ]
            },
            {
              "Node Type": "Index Scan",
              "Parent Relationship": "Inner",
              "Parallel Aware": false,
              "Scan Direction": "Forward",
              "Index Name": "movie_id_movie_info",
              "Relation Name": "movie_info",
              "Alias": "mi",
              "Startup Cost": 0.43,
              "Total Cost": 1.64,
              "Plan Rows": 4,
              "Plan Width": 4,
              "Actual Startup Time": 0.16,
              "Actual Total Time": 0.161,
              "Actual Rows": 3,
              "Actual Loops": 254,
              "Index Cond": "(movie_id = t.id)",
              "Rows Removed by Index Recheck": 0,
              "Filter": "(info_type_id = 3)",
              "Rows Removed by Filter": 358
            }
          ]
        }
      ]
    },
    "Planning Time": 1.361,
    "Triggers": [],
    "Execution Time": 43.665
  }
]