{
  "Plan": {
    "Node Type": "Sort",
    "Parallel Aware": false,
    "Startup Cost": 4677061.49,
    "Total Cost": 4677089.27,
    "Plan Rows": 11111,
    "Plan Width": 23,
    "Actual Startup Time": 32783.308,
    "Actual Total Time": 33379.409,
    "Actual Rows": 65120,
    "Actual Loops": 1,
    "Sort Key": [
      "(count(*)) DESC"
    ],
    "Sort Method": "quicksort",
    "Sort Space Used": 6616,
    "Sort Space Type": "Memory",
    "Plans": [
      {
        "Node Type": "Aggregate",
        "Strategy": "Sorted",
        "Partial Mode": "Finalize",
        "Parent Relationship": "Outer",
        "Parallel Aware": false,
        "Startup Cost": 4675321.38,
        "Total Cost": 4676314.85,
        "Plan Rows": 11111,
        "Plan Width": 23,
        "Actual Startup Time": 32670.329,
        "Actual Total Time": 33360.121,
        "Actual Rows": 65120,
        "Actual Loops": 1,
        "Group Key": [
          "n.name"
        ],
        "Plans": [
          {
            "Node Type": "Gather Merge",
            "Parent Relationship": "Outer",
            "Parallel Aware": false,
            "Startup Cost": 4675321.38,
            "Total Cost": 4676171.06,
            "Plan Rows": 6536,
            "Plan Width": 23,
            "Actual Startup Time": 32670.321,
            "Actual Total Time": 33339.185,
            "Actual Rows": 98953,
            "Actual Loops": 1,
            "Workers Planned": 1,
            "Workers Launched": 1,
            "Plans": [
              {
                "Node Type": "Aggregate",
                "Strategy": "Sorted",
                "Partial Mode": "Partial",
                "Parent Relationship": "Outer",
                "Parallel Aware": false,
                "Startup Cost": 4674321.37,
                "Total Cost": 4674435.75,
                "Plan Rows": 6536,
                "Plan Width": 23,
                "Actual Startup Time": 32565.796,
                "Actual Total Time": 32622.571,
                "Actual Rows": 49476,
                "Actual Loops": 2,
                "Group Key": [
                  "n.name"
                ],
                "Plans": [
                  {
                    "Node Type": "Sort",
                    "Parent Relationship": "Outer",
                    "Parallel Aware": false,
                    "Startup Cost": 4674321.37,
                    "Total Cost": 4674337.71,
                    "Plan Rows": 6536,
                    "Plan Width": 15,
                    "Actual Startup Time": 32565.784,
                    "Actual Total Time": 32590.264,
                    "Actual Rows": 225150,
                    "Actual Loops": 2,
                    "Sort Key": [
                      "n.name COLLATE \"C\""
                    ],
                    "Sort Method": "quicksort",
                    "Sort Space Used": 18484,
                    "Sort Space Type": "Memory",
                    "Workers": [
                      {
                        "Worker Number": 0,
                        "Sort Method": "quicksort",
                        "Sort Space Used": 18532,
                        "Sort Space Type": "Memory"
                      }
                    ],
                    "Plans": [
                      {
                        "Node Type": "Hash Join",
                        "Parent Relationship": "Outer",
                        "Parallel Aware": false,
                        "Join Type": "Inner",
                        "Startup Cost": 3597613.92,
                        "Total Cost": 4673907.17,
                        "Plan Rows": 6536,
                        "Plan Width": 15,
                        "Actual Startup Time": 23025.592,
                        "Actual Total Time": 32376.944,
                        "Actual Rows": 225150,
                        "Actual Loops": 2,
                        "Inner Unique": true,
                        "Hash Cond": "(pi.info_type_id = it2.id)",
                        "Plans": [
                          {
                            "Node Type": "Nested Loop",
                            "Parent Relationship": "Outer",
                            "Parallel Aware": false,
                            "Join Type": "Inner",
                            "Startup Cost": 3597611.49,
                            "Total Cost": 4672898.99,
                            "Plan Rows": 369290,
                            "Plan Width": 19,
                            "Actual Startup Time": 23025.32,
                            "Actual Total Time": 32147.828,
                            "Actual Rows": 1239558,
                            "Actual Loops": 2,
                            "Inner Unique": false,
                            "Plans": [
                              {
                                "Node Type": "Hash Join",
                                "Parent Relationship": "Outer",
                                "Parallel Aware": true,
                                "Join Type": "Inner",
                                "Startup Cost": 3597611.49,
                                "Total Cost": 3778293.97,
                                "Plan Rows": 369290,
                                "Plan Width": 23,
                                "Actual Startup Time": 23025.296,
                                "Actual Total Time": 23741.968,
                                "Actual Rows": 1239558,
                                "Actual Loops": 2,
                                "Inner Unique": false,
                                "Hash Cond": "(mi.movie_id = t.id)",
                                "Plans": [
                                  {
                                    "Node Type": "Bitmap Heap Scan",
                                    "Parent Relationship": "Outer",
                                    "Parallel Aware": true,
                                    "Relation Name": "movie_info",
                                    "Alias": "mi",
                                    "Startup Cost": 27429.56,
                                    "Total Cost": 205224.41,
                                    "Plan Rows": 10218,
                                    "Plan Width": 8,
                                    "Actual Startup Time": 47.209,
                                    "Actual Total Time": 328.439,
                                    "Actual Rows": 47072,
                                    "Actual Loops": 2,
                                    "Recheck Cond": "(info_type_id = 3)",
                                    "Rows Removed by Index Recheck": 0,
                                    "Filter": "((info ~~* '%romance%'::text) OR (info ~~* '%action%'::text))",
                                    "Rows Removed by Filter": 719882,
                                    "Exact Heap Blocks": 4934,
                                    "Lossy Heap Blocks": 0,
                                    "Plans": [
                                      {
                                        "Node Type": "Bitmap Index Scan",
                                        "Parent Relationship": "Outer",
                                        "Parallel Aware": false,
                                        "Index Name": "info_type_id_movie_info",
                                        "Startup Cost": 0.0,
                                        "Total Cost": 27425.21,
                                        "Plan Rows": 1535037,
                                        "Plan Width": 0,
                                        "Actual Startup Time": 45.772,
                                        "Actual Total Time": 45.773,
                                        "Actual Rows": 1533909,
                                        "Actual Loops": 1,
                                        "Index Cond": "(info_type_id = 3)"
                                      }
                                    ]
                                  },
                                  {
                                    "Node Type": "Hash",
                                    "Parent Relationship": "Inner",
                                    "Parallel Aware": true,
                                    "Startup Cost": 2898281.29,
                                    "Total Cost": 2898281.29,
                                    "Plan Rows": 53752051,
                                    "Plan Width": 27,
                                    "Actual Startup Time": 22781.287,
                                    "Actual Total Time": 22781.296,
                                    "Actual Rows": 22735585,
                                    "Actual Loops": 2,
                                    "Hash Buckets": 67108864,
                                    "Original Hash Buckets": 67108864,
                                    "Hash Batches": 1,
                                    "Original Hash Batches": 1,
                                    "Peak Memory Usage": 3323680,
                                    "Plans": [
                                      {
                                        "Node Type": "Hash Join",
                                        "Parent Relationship": "Outer",
                                        "Parallel Aware": true,
                                        "Join Type": "Inner",
                                        "Startup Cost": 335662.38,
                                        "Total Cost": 2898281.29,
                                        "Plan Rows": 53752051,
                                        "Plan Width": 27,
                                        "Actual Startup Time": 4100.258,
                                        "Actual Total Time": 16315.153,
                                        "Actual Rows": 22735585,
                                        "Actual Loops": 2,
                                        "Inner Unique": true,
                                        "Hash Cond": "(ci.movie_id = t.id)",
                                        "Plans": [
                                          {
                                            "Node Type": "Merge Join",
                                            "Parent Relationship": "Outer",
                                            "Parallel Aware": false,
                                            "Join Type": "Inner",
                                            "Startup Cost": 266201.68,
                                            "Total Cost": 2687721.23,
                                            "Plan Rows": 53752051,
                                            "Plan Width": 23,
                                            "Actual Startup Time": 3618.44,
                                            "Actual Total Time": 11447.846,
                                            "Actual Rows": 22735585,
                                            "Actual Loops": 2,
                                            "Inner Unique": false,
                                            "Merge Cond": "(ci.person_id = pi.person_id)",
                                            "Plans": [
                                              {
                                                "Node Type": "Index Scan",
                                                "Parent Relationship": "Outer",
                                                "Parallel Aware": true,
                                                "Scan Direction": "Forward",
                                                "Index Name": "person_id_cast_info",
                                                "Relation Name": "cast_info",
                                                "Alias": "ci",
                                                "Startup Cost": 0.56,
                                                "Total Cost": 1562050.79,
                                                "Plan Rows": 21310595,
                                                "Plan Width": 8,
                                                "Actual Startup Time": 0.042,
                                                "Actual Total Time": 3105.856,
                                                "Actual Rows": 18122172,
                                                "Actual Loops": 2
                                              },
                                              {
                                                "Node Type": "Sort",
                                                "Parent Relationship": "Inner",
                                                "Parallel Aware": false,
                                                "Startup Cost": 266176.18,
                                                "Total Cost": 266940.44,
                                                "Plan Rows": 305703,
                                                "Plan Width": 27,
                                                "Actual Startup Time": 3618.378,
                                                "Actual Total Time": 4508.733,
                                                "Actual Rows": 22915944,
                                                "Actual Loops": 2,
                                                "Sort Key": [
                                                  "pi.person_id"
                                                ],
                                                "Sort Method": "quicksort",
                                                "Sort Space Used": 43177,
                                                "Sort Space Type": "Memory",
                                                "Workers": [
                                                  {
                                                    "Worker Number": 0,
                                                    "Sort Method": "quicksort",
                                                    "Sort Space Used": 43177,
                                                    "Sort Space Type": "Memory"
                                                  }
                                                ],
                                                "Plans": [
                                                  {
                                                    "Node Type": "Hash Join",
                                                    "Parent Relationship": "Outer",
                                                    "Parallel Aware": false,
                                                    "Join Type": "Inner",
                                                    "Startup Cost": 149385.82,
                                                    "Total Cost": 238323.93,
                                                    "Plan Rows": 305703,
                                                    "Plan Width": 27,
                                                    "Actual Startup Time": 1644.064,
                                                    "Actual Total Time": 3487.819,
                                                    "Actual Rows": 395457,
                                                    "Actual Loops": 2,
                                                    "Inner Unique": true,
                                                    "Hash Cond": "(pi.person_id = n.id)",
                                                    "Plans": [
                                                      {
                                                        "Node Type": "Seq Scan",
                                                        "Parent Relationship": "Outer",
                                                        "Parallel Aware": false,
                                                        "Relation Name": "person_info",
                                                        "Alias": "pi",
                                                        "Startup Cost": 0.0,
                                                        "Total Cost": 88135.64,
                                                        "Plan Rows": 305703,
                                                        "Plan Width": 8,
                                                        "Actual Startup Time": 0.161,
                                                        "Actual Total Time": 1685.872,
                                                        "Actual Rows": 395457,
                                                        "Actual Loops": 2,
                                                        "Filter": "(info ~~* '%usa%'::text)",
                                                        "Rows Removed by Filter": 2568207
                                                      },
                                                      {
                                                        "Node Type": "Hash",
                                                        "Parent Relationship": "Inner",
                                                        "Parallel Aware": false,
                                                        "Startup Cost": 97289.81,
                                                        "Total Cost": 97289.81,
                                                        "Plan Rows": 4167681,
                                                        "Plan Width": 19,
                                                        "Actual Startup Time": 1631.366,
                                                        "Actual Total Time": 1631.367,
                                                        "Actual Rows": 4167491,
                                                        "Actual Loops": 2,
                                                        "Hash Buckets": 4194304,
                                                        "Original Hash Buckets": 4194304,
                                                        "Hash Batches": 1,
                                                        "Original Hash Batches": 1,
                                                        "Peak Memory Usage": 248744,
                                                        "Plans": [
                                                          {
                                                            "Node Type": "Seq Scan",
                                                            "Parent Relationship": "Outer",
                                                            "Parallel Aware": false,
                                                            "Relation Name": "name",
                                                            "Alias": "n",
                                                            "Startup Cost": 0.0,
                                                            "Total Cost": 97289.81,
                                                            "Plan Rows": 4167681,
                                                            "Plan Width": 19,
                                                            "Actual Startup Time": 0.027,
                                                            "Actual Total Time": 465.868,
                                                            "Actual Rows": 4167491,
                                                            "Actual Loops": 2
                                                          }
                                                        ]
                                                      }
                                                    ]
                                                  }
                                                ]
                                              }
                                            ]
                                          },
                                          {
                                            "Node Type": "Hash",
                                            "Parent Relationship": "Inner",
                                            "Parallel Aware": true,
                                            "Startup Cost": 50870.31,
                                            "Total Cost": 50870.31,
                                            "Plan Rows": 1487231,
                                            "Plan Width": 4,
                                            "Actual Startup Time": 470.893,
                                            "Actual Total Time": 470.893,
                                            "Actual Rows": 1264156,
                                            "Actual Loops": 2,
                                            "Hash Buckets": 4194304,
                                            "Original Hash Buckets": 4194304,
                                            "Hash Batches": 1,
                                            "Original Hash Batches": 1,
                                            "Peak Memory Usage": 131712,
                                            "Plans": [
                                              {
                                                "Node Type": "Seq Scan",
                                                "Parent Relationship": "Outer",
                                                "Parallel Aware": true,
                                                "Relation Name": "title",
                                                "Alias": "t",
                                                "Startup Cost": 0.0,
                                                "Total Cost": 50870.31,
                                                "Plan Rows": 1487231,
                                                "Plan Width": 4,
                                                "Actual Startup Time": 0.058,
                                                "Actual Total Time": 155.96,
                                                "Actual Rows": 1264156,
                                                "Actual Loops": 2
                                              }
                                            ]
                                          }
                                        ]
                                      }
                                    ]
                                  }
                                ]
                              },
                              {
                                "Node Type": "Seq Scan",
                                "Parent Relationship": "Inner",
                                "Parallel Aware": false,
                                "Relation Name": "info_type",
                                "Alias": "it1",
                                "Startup Cost": 0.0,
                                "Total Cost": 2.41,
                                "Plan Rows": 1,
                                "Plan Width": 4,
                                "Actual Startup Time": 0.002,
                                "Actual Total Time": 0.006,
                                "Actual Rows": 1,
                                "Actual Loops": 2479115,
                                "Filter": "(id = 3)",
                                "Rows Removed by Filter": 112
                              }
                            ]
                          },
                          {
                            "Node Type": "Hash",
                            "Parent Relationship": "Inner",
                            "Parallel Aware": false,
                            "Startup Cost": 2.41,
                            "Total Cost": 2.41,
                            "Plan Rows": 2,
                            "Plan Width": 4,
                            "Actual Startup Time": 0.178,
                            "Actual Total Time": 0.179,
                            "Actual Rows": 3,
                            "Actual Loops": 2,
                            "Hash Buckets": 1024,
                            "Original Hash Buckets": 1024,
                            "Hash Batches": 1,
                            "Original Hash Batches": 1,
                            "Peak Memory Usage": 9,
                            "Plans": [
                              {
                                "Node Type": "Seq Scan",
                                "Parent Relationship": "Outer",
                                "Parallel Aware": false,
                                "Relation Name": "info_type",
                                "Alias": "it2",
                                "Startup Cost": 0.0,
                                "Total Cost": 2.41,
                                "Plan Rows": 2,
                                "Plan Width": 4,
                                "Actual Startup Time": 0.075,
                                "Actual Total Time": 0.159,
                                "Actual Rows": 3,
                                "Actual Loops": 2,
                                "Filter": "((info)::text ~~* '%birth%'::text)",
                                "Rows Removed by Filter": 110
                              }
                            ]
                          }
                        ]
                      }
                    ]
                  }
                ]
              }
            ]
          }
        ]
      }
    ]
  },
  "Planning Time": 2.95,
  "Triggers": [],
  "Execution Time": 33392.765
}