[
  {
    "Plan": {
      "Node Type": "Aggregate",
      "Strategy": "Plain",
      "Partial Mode": "Finalize",
      "Parallel Aware": false,
      "Startup Cost": 44405.72,
      "Total Cost": 44405.73,
      "Plan Rows": 1,
      "Plan Width": 8,
      "Actual Startup Time": 127.764,
      "Actual Total Time": 137.177,
      "Actual Rows": 1,
      "Actual Loops": 1,
      "Plans": [
        {
          "Node Type": "Gather",
          "Parent Relationship": "Outer",
          "Parallel Aware": false,
          "Startup Cost": 44405.41,
          "Total Cost": 44405.72,
          "Plan Rows": 3,
          "Plan Width": 8,
          "Actual Startup Time": 127.638,
          "Actual Total Time": 137.169,
          "Actual Rows": 4,
          "Actual Loops": 1,
          "Workers Planned": 3,
          "Workers Launched": 3,
          "Single Copy": false,
          "Plans": [
            {
              "Node Type": "Aggregate",
              "Strategy": "Plain",
              "Partial Mode": "Partial",
              "Parent Relationship": "Outer",
              "Parallel Aware": false,
              "Startup Cost": 43405.41,
              "Total Cost": 43405.42,
              "Plan Rows": 1,
              "Plan Width": 8,
              "Actual Startup Time": 120.998,
              "Actual Total Time": 120.999,
              "Actual Rows": 1,
              "Actual Loops": 4,
              "Plans": [
                {
                  "Node Type": "Seq Scan",
                  "Parent Relationship": "Outer",
                  "Parallel Aware": true,
                  "Relation Name": "movie_keyword",
                  "Alias": "mk",
                  "Startup Cost": 0.0,
                  "Total Cost": 42695.65,
                  "Plan Rows": 283901,
                  "Plan Width": 0,
                  "Actual Startup Time": 4.401,
                  "Actual Total Time": 109.188,
                  "Actual Rows": 219405,
                  "Actual Loops": 4,
                  "Filter": "(keyword_id > 21022)",
                  "Rows Removed by Filter": 911577
                }
              ]
            }
          ]
        }
      ]
    },
    "Planning Time": 0.164,
    "Triggers": [],
    "Execution Time": 137.225
  }
]