{
    "Plan": {
        "Node Type": "Aggregate",
        "Strategy": "Plain",
        "Partial Mode": "Simple",
        "Parallel Aware": false,
        "Startup Cost": 70000268584.18,
        "Total Cost": 70000268584.19,
        "Plan Rows": 1,
        "Plan Width": 64,
        "Actual Startup Time": 3276.477,
        "Actual Total Time": 3276.484,
        "Actual Rows": 1,
        "Actual Loops": 1,
        "Output": [
            "min(an1.name)",
            "min(t.title)"
        ],
        "Plans": [
            {
                "Node Type": "Nested Loop",
                "Parent Relationship": "Outer",
                "Parallel Aware": false,
                "Join Type": "Inner",
                "Startup Cost": 70000000012.55,
                "Total Cost": 70000268584.17,
                "Plan Rows": 1,
                "Plan Width": 33,
                "Actual Startup Time": 2645.796,
                "Actual Total Time": 3276.473,
                "Actual Rows": 2,
                "Actual Loops": 1,
                "Output": [
                    "an1.name",
                    "t.title"
                ],
                "Inner Unique": true,
                "Join Filter": "(ci.movie_id = t.id)",
                "Rows Removed by Join Filter": 0,
                "Plans": [
                    {
                        "Node Type": "Nested Loop",
                        "Parent Relationship": "Outer",
                        "Parallel Aware": false,
                        "Join Type": "Inner",
                        "Startup Cost": 60000000010.09,
                        "Total Cost": 60000268577.69,
                        "Plan Rows": 1,
                        "Plan Width": 24,
                        "Actual Startup Time": 2645.763,
                        "Actual Total Time": 3276.433,
                        "Actual Rows": 2,
                        "Actual Loops": 1,
                        "Output": [
                            "an1.name",
                            "ci.movie_id",
                            "mc.movie_id"
                        ],
                        "Inner Unique": true,
                        "Plans": [
                            {
                                "Node Type": "Nested Loop",
                                "Parent Relationship": "Outer",
                                "Parallel Aware": false,
                                "Join Type": "Inner",
                                "Startup Cost": 50000000009.94,
                                "Total Cost": 50000268569.52,
                                "Plan Rows": 1,
                                "Plan Width": 28,
                                "Actual Startup Time": 2645.747,
                                "Actual Total Time": 3276.411,
                                "Actual Rows": 2,
                                "Actual Loops": 1,
                                "Output": [
                                    "an1.name",
                                    "ci.movie_id",
                                    "ci.role_id",
                                    "mc.movie_id"
                                ],
                                "Inner Unique": true,
                                "Plans": [
                                    {
                                        "Node Type": "Nested Loop",
                                        "Parent Relationship": "Outer",
                                        "Parallel Aware": false,
                                        "Join Type": "Inner",
                                        "Startup Cost": 40000000009.44,
                                        "Total Cost": 40000268560.45,
                                        "Plan Rows": 2,
                                        "Plan Width": 36,
                                        "Actual Startup Time": 1660.398,
                                        "Actual Total Time": 3275.703,
                                        "Actual Rows": 57,
                                        "Actual Loops": 1,
                                        "Output": [
                                            "an1.name",
                                            "an1.person_id",
                                            "ci.person_id",
                                            "ci.movie_id",
                                            "ci.role_id",
                                            "mc.movie_id"
                                        ],
                                        "Inner Unique": false,
                                        "Plans": [
                                            {
                                                "Node Type": "Nested Loop",
                                                "Parent Relationship": "Outer",
                                                "Parallel Aware": false,
                                                "Join Type": "Inner",
                                                "Startup Cost": 30000000005.65,
                                                "Total Cost": 30000268548.7,
                                                "Plan Rows": 1,
                                                "Plan Width": 16,
                                                "Actual Startup Time": 1616.295,
                                                "Actual Total Time": 3274.823,
                                                "Actual Rows": 64,
                                                "Actual Loops": 1,
                                                "Output": [
                                                    "ci.person_id",
                                                    "ci.movie_id",
                                                    "ci.role_id",
                                                    "mc.movie_id"
                                                ],
                                                "Inner Unique": false,
                                                "Plans": [
                                                    {
                                                        "Node Type": "Nested Loop",
                                                        "Parent Relationship": "Outer",
                                                        "Parallel Aware": false,
                                                        "Join Type": "Inner",
                                                        "Startup Cost": 20000000001.06,
                                                        "Total Cost": 20000236264.17,
                                                        "Plan Rows": 498,
                                                        "Plan Width": 4,
                                                        "Actual Startup Time": 0.8,
                                                        "Actual Total Time": 1135.023,
                                                        "Actual Rows": 48328,
                                                        "Actual Loops": 1,
                                                        "Output": [
                                                            "mc.movie_id"
                                                        ],
                                                        "Inner Unique": true,
                                                        "Plans": [
                                                            {
                                                                "Node Type": "Index Scan",
                                                                "Parent Relationship": "Outer",
                                                                "Parallel Aware": false,
                                                                "Scan Direction": "Forward",
                                                                "Index Name": "movie_id_movie_companies",
                                                                "Relation Name": "movie_companies",
                                                                "Schema": "public",
                                                                "Alias": "mc",
                                                                "Startup Cost": 10000000000.43,
                                                                "Total Cost": 10000153895.57,
                                                                "Plan Rows": 17745,
                                                                "Plan Width": 8,
                                                                "Actual Startup Time": 0.705,
                                                                "Actual Total Time": 820.625,
                                                                "Actual Rows": 48897,
                                                                "Actual Loops": 1,
                                                                "Output": [
                                                                    "mc.id",
                                                                    "mc.movie_id",
                                                                    "mc.company_id",
                                                                    "mc.company_type_id",
                                                                    "mc.note"
                                                                ],
                                                                "Filter": "((mc.note ~~ '%(Japan)%'::text) AND (mc.note !~~ '%(USA)%'::text))",
                                                                "Rows Removed by Filter": 2560232
                                                            },
                                                            {
                                                                "Node Type": "Bitmap Heap Scan",
                                                                "Parent Relationship": "Inner",
                                                                "Parallel Aware": false,
                                                                "Relation Name": "company_name",
                                                                "Schema": "public",
                                                                "Alias": "cn",
                                                                "Startup Cost": 0.63,
                                                                "Total Cost": 4.64,
                                                                "Plan Rows": 1,
                                                                "Plan Width": 4,
                                                                "Actual Startup Time": 0.004,
                                                                "Actual Total Time": 0.004,
                                                                "Actual Rows": 1,
                                                                "Actual Loops": 48897,
                                                                "Output": [
                                                                    "cn.id",
                                                                    "cn.name",
                                                                    "cn.country_code",
                                                                    "cn.imdb_id",
                                                                    "cn.name_pcode_nf",
                                                                    "cn.name_pcode_sf",
                                                                    "cn.md5sum"
                                                                ],
                                                                "Recheck Cond": "(cn.id = mc.company_id)",
                                                                "Rows Removed by Index Recheck": 0,
                                                                "Filter": "((cn.country_code)::text = '[jp]'::text)",
                                                                "Rows Removed by Filter": 0,
                                                                "Exact Heap Blocks": 48897,
                                                                "Lossy Heap Blocks": 0,
                                                                "Plans": [
                                                                    {
                                                                        "Node Type": "Bitmap Index Scan",
                                                                        "Parent Relationship": "Outer",
                                                                        "Parallel Aware": false,
                                                                        "Index Name": "company_name_pkey",
                                                                        "Startup Cost": 0.0,
                                                                        "Total Cost": 0.63,
                                                                        "Plan Rows": 1,
                                                                        "Plan Width": 0,
                                                                        "Actual Startup Time": 0.002,
                                                                        "Actual Total Time": 0.002,
                                                                        "Actual Rows": 1,
                                                                        "Actual Loops": 48897,
                                                                        "Index Cond": "(cn.id = mc.company_id)"
                                                                    }
                                                                ]
                                                            }
                                                        ]
                                                    },
                                                    {
                                                        "Node Type": "Bitmap Heap Scan",
                                                        "Parent Relationship": "Inner",
                                                        "Parallel Aware": false,
                                                        "Relation Name": "cast_info",
                                                        "Schema": "public",
                                                        "Alias": "ci",
                                                        "Startup Cost": 4.6,
                                                        "Total Cost": 64.82,
                                                        "Plan Rows": 1,
                                                        "Plan Width": 12,
                                                        "Actual Startup Time": 0.042,
                                                        "Actual Total Time": 0.042,
                                                        "Actual Rows": 0,
                                                        "Actual Loops": 48328,
                                                        "Output": [
                                                            "ci.id",
                                                            "ci.person_id",
                                                            "ci.movie_id",
                                                            "ci.person_role_id",
                                                            "ci.note",
                                                            "ci.nr_order",
                                                            "ci.role_id"
                                                        ],
                                                        "Recheck Cond": "(ci.movie_id = mc.movie_id)",
                                                        "Rows Removed by Index Recheck": 0,
                                                        "Filter": "(ci.note = '(associate choreographer)'::text)",
                                                        "Rows Removed by Filter": 32,
                                                        "Exact Heap Blocks": 1503163,
                                                        "Lossy Heap Blocks": 0,
                                                        "Plans": [
                                                            {
                                                                "Node Type": "Bitmap Index Scan",
                                                                "Parent Relationship": "Outer",
                                                                "Parallel Aware": false,
                                                                "Index Name": "movie_id_cast_info",
                                                                "Startup Cost": 0.0,
                                                                "Total Cost": 4.59,
                                                                "Plan Rows": 38,
                                                                "Plan Width": 0,
                                                                "Actual Startup Time": 0.008,
                                                                "Actual Total Time": 0.008,
                                                                "Actual Rows": 32,
                                                                "Actual Loops": 48328,
                                                                "Index Cond": "(ci.movie_id = mc.movie_id)"
                                                            }
                                                        ]
                                                    }
                                                ]
                                            },
                                            {
                                                "Node Type": "Bitmap Heap Scan",
                                                "Parent Relationship": "Inner",
                                                "Parallel Aware": false,
                                                "Relation Name": "aka_name",
                                                "Schema": "public",
                                                "Alias": "an1",
                                                "Startup Cost": 3.79,
                                                "Total Cost": 11.73,
                                                "Plan Rows": 2,
                                                "Plan Width": 20,
                                                "Actual Startup Time": 0.01,
                                                "Actual Total Time": 0.011,
                                                "Actual Rows": 1,
                                                "Actual Loops": 64,
                                                "Output": [
                                                    "an1.id",
                                                    "an1.person_id",
                                                    "an1.name",
                                                    "an1.imdb_index",
                                                    "an1.name_pcode_cf",
                                                    "an1.name_pcode_nf",
                                                    "an1.surname_pcode",
                                                    "an1.md5sum"
                                                ],
                                                "Recheck Cond": "(an1.person_id = ci.person_id)",
                                                "Rows Removed by Index Recheck": 0,
                                                "Exact Heap Blocks": 38,
                                                "Lossy Heap Blocks": 0,
                                                "Plans": [
                                                    {
                                                        "Node Type": "Bitmap Index Scan",
                                                        "Parent Relationship": "Outer",
                                                        "Parallel Aware": false,
                                                        "Index Name": "person_id_aka_name",
                                                        "Startup Cost": 0.0,
                                                        "Total Cost": 3.79,
                                                        "Plan Rows": 2,
                                                        "Plan Width": 0,
                                                        "Actual Startup Time": 0.007,
                                                        "Actual Total Time": 0.007,
                                                        "Actual Rows": 1,
                                                        "Actual Loops": 64,
                                                        "Index Cond": "(an1.person_id = ci.person_id)"
                                                    }
                                                ]
                                            }
                                        ]
                                    },
                                    {
                                        "Node Type": "Bitmap Heap Scan",
                                        "Parent Relationship": "Inner",
                                        "Parallel Aware": false,
                                        "Relation Name": "name",
                                        "Schema": "public",
                                        "Alias": "n1",
                                        "Startup Cost": 0.5,
                                        "Total Cost": 4.52,
                                        "Plan Rows": 1,
                                        "Plan Width": 4,
                                        "Actual Startup Time": 0.01,
                                        "Actual Total Time": 0.01,
                                        "Actual Rows": 0,
                                        "Actual Loops": 57,
                                        "Output": [
                                            "n1.id",
                                            "n1.name",
                                            "n1.imdb_index",
                                            "n1.imdb_id",
                                            "n1.gender",
                                            "n1.name_pcode_cf",
                                            "n1.name_pcode_nf",
                                            "n1.surname_pcode",
                                            "n1.md5sum"
                                        ],
                                        "Recheck Cond": "(n1.id = an1.person_id)",
                                        "Rows Removed by Index Recheck": 0,
                                        "Filter": "((n1.name ~~ '%Yo%'::text) AND (n1.name !~~ '%Yu%'::text))",
                                        "Rows Removed by Filter": 1,
                                        "Exact Heap Blocks": 57,
                                        "Lossy Heap Blocks": 0,
                                        "Plans": [
                                            {
                                                "Node Type": "Bitmap Index Scan",
                                                "Parent Relationship": "Outer",
                                                "Parallel Aware": false,
                                                "Index Name": "name_pkey",
                                                "Startup Cost": 0.0,
                                                "Total Cost": 0.5,
                                                "Plan Rows": 1,
                                                "Plan Width": 0,
                                                "Actual Startup Time": 0.006,
                                                "Actual Total Time": 0.006,
                                                "Actual Rows": 1,
                                                "Actual Loops": 57,
                                                "Index Cond": "(n1.id = an1.person_id)"
                                            }
                                        ]
                                    }
                                ]
                            },
                            {
                                "Node Type": "Bitmap Heap Scan",
                                "Parent Relationship": "Inner",
                                "Parallel Aware": false,
                                "Relation Name": "role_type",
                                "Schema": "public",
                                "Alias": "rt",
                                "Startup Cost": 0.15,
                                "Total Cost": 4.16,
                                "Plan Rows": 1,
                                "Plan Width": 4,
                                "Actual Startup Time": 0.007,
                                "Actual Total Time": 0.007,
                                "Actual Rows": 1,
                                "Actual Loops": 2,
                                "Output": [
                                    "rt.id",
                                    "rt.role"
                                ],
                                "Recheck Cond": "(rt.id = ci.role_id)",
                                "Rows Removed by Index Recheck": 0,
                                "Filter": "((rt.role)::text = 'miscellaneous crew'::text)",
                                "Rows Removed by Filter": 0,
                                "Exact Heap Blocks": 2,
                                "Lossy Heap Blocks": 0,
                                "Plans": [
                                    {
                                        "Node Type": "Bitmap Index Scan",
                                        "Parent Relationship": "Outer",
                                        "Parallel Aware": false,
                                        "Index Name": "role_type_pkey",
                                        "Startup Cost": 0.0,
                                        "Total Cost": 0.15,
                                        "Plan Rows": 1,
                                        "Plan Width": 0,
                                        "Actual Startup Time": 0.002,
                                        "Actual Total Time": 0.002,
                                        "Actual Rows": 1,
                                        "Actual Loops": 2,
                                        "Index Cond": "(rt.id = ci.role_id)"
                                    }
                                ]
                            }
                        ]
                    },
                    {
                        "Node Type": "Bitmap Heap Scan",
                        "Parent Relationship": "Inner",
                        "Parallel Aware": false,
                        "Relation Name": "title",
                        "Schema": "public",
                        "Alias": "t",
                        "Startup Cost": 2.45,
                        "Total Cost": 6.47,
                        "Plan Rows": 1,
                        "Plan Width": 21,
                        "Actual Startup Time": 0.015,
                        "Actual Total Time": 0.016,
                        "Actual Rows": 1,
                        "Actual Loops": 2,
                        "Output": [
                            "t.id",
                            "t.title",
                            "t.imdb_index",
                            "t.kind_id",
                            "t.production_year",
                            "t.imdb_id",
                            "t.phonetic_code",
                            "t.episode_of_id",
                            "t.season_nr",
                            "t.episode_nr",
                            "t.series_years",
                            "t.md5sum"
                        ],
                        "Recheck Cond": "(t.id = mc.movie_id)",
                        "Rows Removed by Index Recheck": 0,
                        "Exact Heap Blocks": 2,
                        "Lossy Heap Blocks": 0,
                        "Plans": [
                            {
                                "Node Type": "Bitmap Index Scan",
                                "Parent Relationship": "Outer",
                                "Parallel Aware": false,
                                "Index Name": "title_pkey",
                                "Startup Cost": 0.0,
                                "Total Cost": 2.45,
                                "Plan Rows": 1,
                                "Plan Width": 0,
                                "Actual Startup Time": 0.007,
                                "Actual Total Time": 0.007,
                                "Actual Rows": 1,
                                "Actual Loops": 2,
                                "Index Cond": "(t.id = mc.movie_id)"
                            }
                        ]
                    }
                ]
            }
        ]
    },
    "Planning Time": 8.798,
    "Triggers": [],
    "Execution Time": 3277.198
}