[
  {
    "Plan": {
      "Node Type": "Aggregate",
      "Strategy": "Plain",
      "Partial Mode": "Finalize",
      "Parallel Aware": false,
      "Startup Cost": 32857.0,
      "Total Cost": 32857.01,
      "Plan Rows": 1,
      "Plan Width": 8,
      "Actual Startup Time": 94.34,
      "Actual Total Time": 102.112,
      "Actual Rows": 1,
      "Actual Loops": 1,
      "Plans": [
        {
          "Node Type": "Gather",
          "Parent Relationship": "Outer",
          "Parallel Aware": false,
          "Startup Cost": 32856.68,
          "Total Cost": 32856.99,
          "Plan Rows": 3,
          "Plan Width": 8,
          "Actual Startup Time": 94.243,
          "Actual Total Time": 102.105,
          "Actual Rows": 4,
          "Actual Loops": 1,
          "Workers Planned": 3,
          "Workers Launched": 3,
          "Single Copy": false,
          "Plans": [
            {
              "Node Type": "Aggregate",
              "Strategy": "Plain",
              "Partial Mode": "Partial",
              "Parent Relationship": "Outer",
              "Parallel Aware": false,
              "Startup Cost": 31856.68,
              "Total Cost": 31856.69,
              "Plan Rows": 1,
              "Plan Width": 8,
              "Actual Startup Time": 87.74,
              "Actual Total Time": 87.741,
              "Actual Rows": 1,
              "Actual Loops": 4,
              "Plans": [
                {
                  "Node Type": "Seq Scan",
                  "Parent Relationship": "Outer",
                  "Parallel Aware": true,
                  "Relation Name": "movie_companies",
                  "Alias": "mc",
                  "Startup Cost": 0.0,
                  "Total Cost": 31414.82,
                  "Plan Rows": 176746,
                  "Plan Width": 0,
                  "Actual Startup Time": 46.655,
                  "Actual Total Time": 79.517,
                  "Actual Rows": 211816,
                  "Actual Loops": 4,
                  "Filter": "((company_id > 14274) AND (company_type_id > 1))",
                  "Rows Removed by Filter": 440466
                }
              ]
            }
          ]
        }
      ]
    },
    "Planning Time": 0.222,
    "Triggers": [],
    "Execution Time": 102.167
  }
]