{
  "Plan": {
    "Node Type": "Aggregate",
    "Strategy": "Plain",
    "Partial Mode": "Finalize",
    "Parallel Aware": false,
    "Startup Cost": 983204.34,
    "Total Cost": 983204.35,
    "Plan Rows": 1,
    "Plan Width": 8,
    "Actual Startup Time": 5365.566,
    "Actual Total Time": 5471.975,
    "Actual Rows": 1,
    "Actual Loops": 1,
    "Plans": [
      {
        "Node Type": "Gather",
        "Parent Relationship": "Outer",
        "Parallel Aware": false,
        "Startup Cost": 983204.23,
        "Total Cost": 983204.34,
        "Plan Rows": 1,
        "Plan Width": 8,
        "Actual Startup Time": 5364.011,
        "Actual Total Time": 5471.964,
        "Actual Rows": 2,
        "Actual Loops": 1,
        "Workers Planned": 1,
        "Workers Launched": 1,
        "Single Copy": false,
        "Plans": [
          {
            "Node Type": "Aggregate",
            "Strategy": "Plain",
            "Partial Mode": "Partial",
            "Parent Relationship": "Outer",
            "Parallel Aware": false,
            "Startup Cost": 982204.23,
            "Total Cost": 982204.24,
            "Plan Rows": 1,
            "Plan Width": 8,
            "Actual Startup Time": 5358.149,
            "Actual Total Time": 5358.256,
            "Actual Rows": 1,
            "Actual Loops": 2,
            "Plans": [
              {
                "Node Type": "Hash Join",
                "Parent Relationship": "Outer",
                "Parallel Aware": true,
                "Join Type": "Inner",
                "Startup Cost": 657443.27,
                "Total Cost": 979047.84,
                "Plan Rows": 1262554,
                "Plan Width": 0,
                "Actual Startup Time": 3095.086,
                "Actual Total Time": 5183.161,
                "Actual Rows": 4368183,
                "Actual Loops": 2,
                "Inner Unique": false,
                "Hash Cond": "(mi.movie_id = t.id)",
                "Plans": [
                  {
                    "Node Type": "Seq Scan",
                    "Parent Relationship": "Outer",
                    "Parallel Aware": true,
                    "Relation Name": "movie_info",
                    "Alias": "mi",
                    "Startup Cost": 0.0,
                    "Total Cost": 248955.74,
                    "Plan Rows": 8696274,
                    "Plan Width": 4,
                    "Actual Startup Time": 0.012,
                    "Actual Total Time": 626.621,
                    "Actual Rows": 7417860,
                    "Actual Loops": 2
                  },
                  {
                    "Node Type": "Hash",
                    "Parent Relationship": "Inner",
                    "Parallel Aware": true,
                    "Startup Cost": 654744.26,
                    "Total Cost": 654744.26,
                    "Plan Rows": 215921,
                    "Plan Width": 8,
                    "Actual Startup Time": 3087.897,
                    "Actual Total Time": 3088.001,
                    "Actual Rows": 250402,
                    "Actual Loops": 2,
                    "Hash Buckets": 524288,
                    "Original Hash Buckets": 524288,
                    "Hash Batches": 1,
                    "Original Hash Batches": 1,
                    "Peak Memory Usage": 23712,
                    "Plans": [
                      {
                        "Node Type": "Hash Join",
                        "Parent Relationship": "Outer",
                        "Parallel Aware": true,
                        "Join Type": "Inner",
                        "Startup Cost": 54972.59,
                        "Total Cost": 654744.26,
                        "Plan Rows": 215921,
                        "Plan Width": 8,
                        "Actual Startup Time": 642.642,
                        "Actual Total Time": 3013.295,
                        "Actual Rows": 250402,
                        "Actual Loops": 2,
                        "Inner Unique": true,
                        "Hash Cond": "(ci.movie_id = t.id)",
                        "Plans": [
                          {
                            "Node Type": "Seq Scan",
                            "Parent Relationship": "Outer",
                            "Parallel Aware": true,
                            "Relation Name": "cast_info",
                            "Alias": "ci",
                            "Startup Cost": 0.0,
                            "Total Cost": 572345.93,
                            "Plan Rows": 10447885,
                            "Plan Width": 4,
                            "Actual Startup Time": 501.222,
                            "Actual Total Time": 1783.092,
                            "Actual Rows": 10483572,
                            "Actual Loops": 2,
                            "Filter": "((person_id > 913756) AND (role_id > 1))",
                            "Rows Removed by Filter": 7638600
                          },
                          {
                            "Node Type": "Hash",
                            "Parent Relationship": "Inner",
                            "Parallel Aware": true,
                            "Startup Cost": 54588.39,
                            "Total Cost": 54588.39,
                            "Plan Rows": 30736,
                            "Plan Width": 4,
                            "Actual Startup Time": 140.842,
                            "Actual Total Time": 140.843,
                            "Actual Rows": 29295,
                            "Actual Loops": 2,
                            "Hash Buckets": 65536,
                            "Original Hash Buckets": 65536,
                            "Hash Batches": 1,
                            "Original Hash Batches": 1,
                            "Peak Memory Usage": 2816,
                            "Plans": [
                              {
                                "Node Type": "Seq Scan",
                                "Parent Relationship": "Outer",
                                "Parallel Aware": true,
                                "Relation Name": "title",
                                "Alias": "t",
                                "Startup Cost": 0.0,
                                "Total Cost": 54588.39,
                                "Plan Rows": 30736,
                                "Plan Width": 4,
                                "Actual Startup Time": 0.04,
                                "Actual Total Time": 131.686,
                                "Actual Rows": 29295,
                                "Actual Loops": 2,
                                "Filter": "(production_year = 2001)",
                                "Rows Removed by Filter": 1234861
                              }
                            ]
                          }
                        ]
                      }
                    ]
                  }
                ]
              }
            ]
          }
        ]
      }
    ]
  },
  "Planning Time": 0.948,
  "Triggers": [],
  "Execution Time": 5472.072
}