[
  {
    "Plan": {
      "Node Type": "Aggregate",
      "Strategy": "Plain",
      "Partial Mode": "Finalize",
      "Parallel Aware": false,
      "Startup Cost": 615315.36,
      "Total Cost": 615315.37,
      "Plan Rows": 1,
      "Plan Width": 8,
      "Actual Startup Time": 1957.59,
      "Actual Total Time": 2062.745,
      "Actual Rows": 1,
      "Actual Loops": 1,
      "Plans": [
        {
          "Node Type": "Gather",
          "Parent Relationship": "Outer",
          "Parallel Aware": false,
          "Startup Cost": 615314.84,
          "Total Cost": 615315.35,
          "Plan Rows": 5,
          "Plan Width": 8,
          "Actual Startup Time": 1941.405,
          "Actual Total Time": 2062.732,
          "Actual Rows": 6,
          "Actual Loops": 1,
          "Workers Planned": 5,
          "Workers Launched": 5,
          "Single Copy": false,
          "Plans": [
            {
              "Node Type": "Aggregate",
              "Strategy": "Plain",
              "Partial Mode": "Partial",
              "Parent Relationship": "Outer",
              "Parallel Aware": false,
              "Startup Cost": 614314.84,
              "Total Cost": 614314.85,
              "Plan Rows": 1,
              "Plan Width": 8,
              "Actual Startup Time": 1921.046,
              "Actual Total Time": 1921.494,
              "Actual Rows": 1,
              "Actual Loops": 6,
              "Plans": [
                {
                  "Node Type": "Hash Join",
                  "Parent Relationship": "Outer",
                  "Parallel Aware": true,
                  "Join Type": "Inner",
                  "Startup Cost": 400144.2,
                  "Total Cost": 609452.1,
                  "Plan Rows": 1945098,
                  "Plan Width": 0,
                  "Actual Startup Time": 1182.74,
                  "Actual Total Time": 1905.035,
                  "Actual Rows": 320856,
                  "Actual Loops": 6,
                  "Inner Unique": false,
                  "Hash Cond": "(mi.movie_id = t.id)",
                  "Plans": [
                    {
                      "Node Type": "Seq Scan",
                      "Parent Relationship": "Outer",
                      "Parallel Aware": true,
                      "Relation Name": "movie_info",
                      "Alias": "mi",
                      "Startup Cost": 0.0,
                      "Total Cost": 198952.16,
                      "Plan Rows": 1897040,
                      "Plan Width": 4,
                      "Actual Startup Time": 0.034,
                      "Actual Total Time": 370.822,
                      "Actual Rows": 1594192,
                      "Actual Loops": 6,
                      "Filter": "(info_type_id < 16)",
                      "Rows Removed by Filter": 878428
                    },
                    {
                      "Node Type": "Hash",
                      "Parent Relationship": "Inner",
                      "Parallel Aware": true,
                      "Startup Cost": 394743.49,
                      "Total Cost": 394743.49,
                      "Plan Rows": 432057,
                      "Plan Width": 8,
                      "Actual Startup Time": 1174.357,
                      "Actual Total Time": 1174.804,
                      "Actual Rows": 211843,
                      "Actual Loops": 6,
                      "Hash Buckets": 4194304,
                      "Original Hash Buckets": 4194304,
                      "Hash Batches": 1,
                      "Original Hash Batches": 1,
                      "Peak Memory Usage": 82624,
                      "Plans": [
                        {
                          "Node Type": "Hash Join",
                          "Parent Relationship": "Outer",
                          "Parallel Aware": true,
                          "Join Type": "Inner",
                          "Startup Cost": 48235.26,
                          "Total Cost": 394743.49,
                          "Plan Rows": 432057,
                          "Plan Width": 8,
                          "Actual Startup Time": 498.308,
                          "Actual Total Time": 1068.917,
                          "Actual Rows": 211843,
                          "Actual Loops": 6,
                          "Inner Unique": true,
                          "Hash Cond": "(ci.movie_id = t.id)",
                          "Plans": [
                            {
                              "Node Type": "Seq Scan",
                              "Parent Relationship": "Outer",
                              "Parallel Aware": true,
                              "Relation Name": "cast_info",
                              "Alias": "ci",
                              "Startup Cost": 0.0,
                              "Total Cost": 343257.03,
                              "Plan Rows": 1238552,
                              "Plan Width": 4,
                              "Actual Startup Time": 333.922,
                              "Actual Total Time": 734.79,
                              "Actual Rows": 495836,
                              "Actual Loops": 6,
                              "Filter": "((person_id > 2317207) AND (role_id < 3))",
                              "Rows Removed by Filter": 5544888
                            },
                            {
                              "Node Type": "Hash",
                              "Parent Relationship": "Inner",
                              "Parallel Aware": true,
                              "Startup Cost": 45479.1,
                              "Total Cost": 45479.1,
                              "Plan Rows": 220493,
                              "Plan Width": 4,
                              "Actual Startup Time": 163.141,
                              "Actual Total Time": 163.142,
                              "Actual Rows": 160507,
                              "Actual Loops": 6,
                              "Hash Buckets": 1048576,
                              "Original Hash Buckets": 1048576,
                              "Hash Batches": 1,
                              "Original Hash Batches": 1,
                              "Peak Memory Usage": 45920,
                              "Plans": [
                                {
                                  "Node Type": "Seq Scan",
                                  "Parent Relationship": "Outer",
                                  "Parallel Aware": true,
                                  "Relation Name": "title",
                                  "Alias": "t",
                                  "Startup Cost": 0.0,
                                  "Total Cost": 45479.1,
                                  "Plan Rows": 220493,
                                  "Plan Width": 4,
                                  "Actual Startup Time": 0.047,
                                  "Actual Total Time": 92.998,
                                  "Actual Rows": 160507,
                                  "Actual Loops": 6,
                                  "Filter": "((kind_id > 4) AND (production_year > 1999))",
                                  "Rows Removed by Filter": 260878
                                }
                              ]
                            }
                          ]
                        }
                      ]
                    }
                  ]
                }
              ]
            }
          ]
        }
      ]
    },
    "Planning Time": 1.397,
    "Triggers": [],
    "Execution Time": 2062.845
  }
]