{
  "Plan": {
    "Node Type": "Aggregate",
    "Strategy": "Plain",
    "Partial Mode": "Finalize",
    "Parallel Aware": false,
    "Startup Cost": 226316.73,
    "Total Cost": 226316.74,
    "Plan Rows": 1,
    "Plan Width": 8,
    "Actual Startup Time": 175.296,
    "Actual Total Time": 187.659,
    "Actual Rows": 1,
    "Actual Loops": 1,
    "Plans": [
      {
        "Node Type": "Gather",
        "Parent Relationship": "Outer",
        "Parallel Aware": false,
        "Startup Cost": 226316.61,
        "Total Cost": 226316.72,
        "Plan Rows": 1,
        "Plan Width": 8,
        "Actual Startup Time": 175.092,
        "Actual Total Time": 187.653,
        "Actual Rows": 2,
        "Actual Loops": 1,
        "Workers Planned": 1,
        "Workers Launched": 1,
        "Single Copy": false,
        "Plans": [
          {
            "Node Type": "Aggregate",
            "Strategy": "Plain",
            "Partial Mode": "Partial",
            "Parent Relationship": "Outer",
            "Parallel Aware": false,
            "Startup Cost": 225316.61,
            "Total Cost": 225316.62,
            "Plan Rows": 1,
            "Plan Width": 8,
            "Actual Startup Time": 169.15,
            "Actual Total Time": 169.153,
            "Actual Rows": 1,
            "Actual Loops": 2,
            "Plans": [
              {
                "Node Type": "Hash Join",
                "Parent Relationship": "Outer",
                "Parallel Aware": true,
                "Join Type": "Inner",
                "Startup Cost": 61126.98,
                "Total Cost": 225313.33,
                "Plan Rows": 1315,
                "Plan Width": 0,
                "Actual Startup Time": 155.01,
                "Actual Total Time": 169.144,
                "Actual Rows": 10,
                "Actual Loops": 2,
                "Inner Unique": true,
                "Hash Cond": "(mi.movie_id = t.id)",
                "Plans": [
                  {
                    "Node Type": "Bitmap Heap Scan",
                    "Parent Relationship": "Outer",
                    "Parallel Aware": true,
                    "Relation Name": "movie_info",
                    "Alias": "mi",
                    "Startup Cost": 2521.42,
                    "Total Cost": 166493.19,
                    "Plan Rows": 81745,
                    "Plan Width": 4,
                    "Actual Startup Time": 5.114,
                    "Actual Total Time": 16.406,
                    "Actual Rows": 60932,
                    "Actual Loops": 2,
                    "Recheck Cond": "(info_type_id = 105)",
                    "Rows Removed by Index Recheck": 0,
                    "Exact Heap Blocks": 2997,
                    "Lossy Heap Blocks": 0,
                    "Plans": [
                      {
                        "Node Type": "Bitmap Index Scan",
                        "Parent Relationship": "Outer",
                        "Parallel Aware": false,
                        "Index Name": "info_type_id_movie_info",
                        "Startup Cost": 0.0,
                        "Total Cost": 2486.68,
                        "Plan Rows": 138966,
                        "Plan Width": 0,
                        "Actual Startup Time": 4.38,
                        "Actual Total Time": 4.38,
                        "Actual Rows": 121863,
                        "Actual Loops": 1,
                        "Index Cond": "(info_type_id = 105)"
                      }
                    ]
                  },
                  {
                    "Node Type": "Hash",
                    "Parent Relationship": "Inner",
                    "Parallel Aware": true,
                    "Startup Cost": 58306.47,
                    "Total Cost": 58306.47,
                    "Plan Rows": 23927,
                    "Plan Width": 4,
                    "Actual Startup Time": 143.189,
                    "Actual Total Time": 143.19,
                    "Actual Rows": 21926,
                    "Actual Loops": 2,
                    "Hash Buckets": 65536,
                    "Original Hash Buckets": 65536,
                    "Hash Batches": 1,
                    "Original Hash Batches": 1,
                    "Peak Memory Usage": 2240,
                    "Plans": [
                      {
                        "Node Type": "Seq Scan",
                        "Parent Relationship": "Outer",
                        "Parallel Aware": true,
                        "Relation Name": "title",
                        "Alias": "t",
                        "Startup Cost": 0.0,
                        "Total Cost": 58306.47,
                        "Plan Rows": 23927,
                        "Plan Width": 4,
                        "Actual Startup Time": 0.04,
                        "Actual Total Time": 136.545,
                        "Actual Rows": 21926,
                        "Actual Loops": 2,
                        "Filter": "((kind_id = 7) AND (production_year = 2003))",
                        "Rows Removed by Filter": 1242230
                      }
                    ]
                  }
                ]
              }
            ]
          }
        ]
      }
    ]
  },
  "Planning Time": 0.471,
  "Triggers": [],
  "Execution Time": 187.751
}