[
  {
    "Plan": {
      "Node Type": "Aggregate",
      "Strategy": "Plain",
      "Partial Mode": "Finalize",
      "Parallel Aware": false,
      "Startup Cost": 77242.67,
      "Total Cost": 77242.68,
      "Plan Rows": 1,
      "Plan Width": 8,
      "Actual Startup Time": 446.341,
      "Actual Total Time": 464.621,
      "Actual Rows": 1,
      "Actual Loops": 1,
      "Plans": [
        {
          "Node Type": "Gather",
          "Parent Relationship": "Outer",
          "Parallel Aware": false,
          "Startup Cost": 77242.35,
          "Total Cost": 77242.66,
          "Plan Rows": 3,
          "Plan Width": 8,
          "Actual Startup Time": 437.1,
          "Actual Total Time": 464.611,
          "Actual Rows": 4,
          "Actual Loops": 1,
          "Workers Planned": 3,
          "Workers Launched": 3,
          "Single Copy": false,
          "Plans": [
            {
              "Node Type": "Aggregate",
              "Strategy": "Plain",
              "Partial Mode": "Partial",
              "Parent Relationship": "Outer",
              "Parallel Aware": false,
              "Startup Cost": 76242.35,
              "Total Cost": 76242.36,
              "Plan Rows": 1,
              "Plan Width": 8,
              "Actual Startup Time": 424.15,
              "Actual Total Time": 424.156,
              "Actual Rows": 1,
              "Actual Loops": 4,
              "Plans": [
                {
                  "Node Type": "Hash Join",
                  "Parent Relationship": "Outer",
                  "Parallel Aware": true,
                  "Join Type": "Inner",
                  "Startup Cost": 55949.45,
                  "Total Cost": 76029.17,
                  "Plan Rows": 85271,
                  "Plan Width": 0,
                  "Actual Startup Time": 351.206,
                  "Actual Total Time": 421.057,
                  "Actual Rows": 64852,
                  "Actual Loops": 4,
                  "Inner Unique": true,
                  "Hash Cond": "(mc.movie_id = t.id)",
                  "Plans": [
                    {
                      "Node Type": "Bitmap Heap Scan",
                      "Parent Relationship": "Outer",
                      "Parallel Aware": true,
                      "Relation Name": "movie_companies",
                      "Alias": "mc",
                      "Startup Cost": 5729.07,
                      "Total Cost": 25584.95,
                      "Plan Rows": 85271,
                      "Plan Width": 4,
                      "Actual Startup Time": 14.047,
                      "Actual Total Time": 43.586,
                      "Actual Rows": 64852,
                      "Actual Loops": 4,
                      "Recheck Cond": "(company_id < 133)",
                      "Rows Removed by Index Recheck": 0,
                      "Exact Heap Blocks": 6061,
                      "Lossy Heap Blocks": 0,
                      "Plans": [
                        {
                          "Node Type": "Bitmap Index Scan",
                          "Parent Relationship": "Outer",
                          "Parallel Aware": false,
                          "Index Name": "company_id_movie_companies",
                          "Startup Cost": 0.0,
                          "Total Cost": 5662.98,
                          "Plan Rows": 264340,
                          "Plan Width": 0,
                          "Actual Startup Time": 11.488,
                          "Actual Total Time": 11.494,
                          "Actual Rows": 259406,
                          "Actual Loops": 1,
                          "Index Cond": "(company_id < 133)"
                        }
                      ]
                    },
                    {
                      "Node Type": "Hash",
                      "Parent Relationship": "Inner",
                      "Parallel Aware": true,
                      "Startup Cost": 42319.06,
                      "Total Cost": 42319.06,
                      "Plan Rows": 632106,
                      "Plan Width": 4,
                      "Actual Startup Time": 328.612,
                      "Actual Total Time": 328.613,
                      "Actual Rows": 632078,
                      "Actual Loops": 4,
                      "Hash Buckets": 4194304,
                      "Original Hash Buckets": 4194304,
                      "Hash Batches": 1,
                      "Original Hash Batches": 1,
                      "Peak Memory Usage": 131744,
                      "Plans": [
                        {
                          "Node Type": "Seq Scan",
                          "Parent Relationship": "Outer",
                          "Parallel Aware": true,
                          "Relation Name": "title",
                          "Alias": "t",
                          "Startup Cost": 0.0,
                          "Total Cost": 42319.06,
                          "Plan Rows": 632106,
                          "Plan Width": 4,
                          "Actual Startup Time": 0.035,
                          "Actual Total Time": 96.505,
                          "Actual Rows": 632078,
                          "Actual Loops": 4
                        }
                      ]
                    }
                  ]
                }
              ]
            }
          ]
        }
      ]
    },
    "Planning Time": 0.314,
    "Triggers": [],
    "Execution Time": 464.672
  }
]