{
    "Plan": {
        "Node Type": "Aggregate",
        "Strategy": "Plain",
        "Partial Mode": "Simple",
        "Parallel Aware": false,
        "Startup Cost": 40001222588.96,
        "Total Cost": 40001222588.97,
        "Plan Rows": 1,
        "Plan Width": 128,
        "Actual Startup Time": 3861.45,
        "Actual Total Time": 3951.314,
        "Actual Rows": 1,
        "Actual Loops": 1,
        "Output": [
            "min(mi.info)",
            "min(mi_idx.info)",
            "min(n.name)",
            "min(t.title)"
        ],
        "Plans": [
            {
                "Node Type": "Nested Loop",
                "Parent Relationship": "Outer",
                "Parallel Aware": false,
                "Join Type": "Inner",
                "Startup Cost": 40001216731.18,
                "Total Cost": 40001222588.95,
                "Plan Rows": 1,
                "Plan Width": 80,
                "Actual Startup Time": 3861.096,
                "Actual Total Time": 3951.305,
                "Actual Rows": 1,
                "Actual Loops": 1,
                "Output": [
                    "mi.info",
                    "mi_idx.info",
                    "n.name",
                    "t.title"
                ],
                "Inner Unique": true,
                "Plans": [
                    {
                        "Node Type": "Nested Loop",
                        "Parent Relationship": "Outer",
                        "Parallel Aware": false,
                        "Join Type": "Inner",
                        "Startup Cost": 30001216731.03,
                        "Total Cost": 30001222580.77,
                        "Plan Rows": 1,
                        "Plan Width": 84,
                        "Actual Startup Time": 3861.07,
                        "Actual Total Time": 3951.273,
                        "Actual Rows": 3,
                        "Actual Loops": 1,
                        "Output": [
                            "mi.info",
                            "mi_idx.info",
                            "mi_idx.info_type_id",
                            "n.name",
                            "t.title"
                        ],
                        "Inner Unique": false,
                        "Join Filter": "(t.id = mi_idx.movie_id)",
                        "Rows Removed by Join Filter": 0,
                        "Plans": [
                            {
                                "Node Type": "Merge Join",
                                "Parent Relationship": "Outer",
                                "Parallel Aware": false,
                                "Join Type": "Inner",
                                "Startup Cost": 20001216730.57,
                                "Total Cost": 20001222576.24,
                                "Plan Rows": 1,
                                "Plan Width": 91,
                                "Actual Startup Time": 3861.006,
                                "Actual Total Time": 3951.205,
                                "Actual Rows": 1,
                                "Actual Loops": 1,
                                "Output": [
                                    "ci.movie_id",
                                    "mi.info",
                                    "mi.movie_id",
                                    "mk.movie_id",
                                    "n.name",
                                    "t.title",
                                    "t.id"
                                ],
                                "Inner Unique": true,
                                "Merge Cond": "(mk.keyword_id = k.id)",
                                "Plans": [
                                    {
                                        "Node Type": "Sort",
                                        "Parent Relationship": "Outer",
                                        "Parallel Aware": false,
                                        "Startup Cost": 20001216730.15,
                                        "Total Cost": 20001216730.15,
                                        "Plan Rows": 1,
                                        "Plan Width": 95,
                                        "Actual Startup Time": 3860.571,
                                        "Actual Total Time": 3950.426,
                                        "Actual Rows": 9,
                                        "Actual Loops": 1,
                                        "Output": [
                                            "ci.movie_id",
                                            "mi.info",
                                            "mi.movie_id",
                                            "mk.movie_id",
                                            "mk.keyword_id",
                                            "n.name",
                                            "t.title",
                                            "t.id"
                                        ],
                                        "Sort Key": [
                                            "mk.keyword_id"
                                        ],
                                        "Sort Method": "quicksort",
                                        "Sort Space Used": 26,
                                        "Sort Space Type": "Memory",
                                        "Plans": [
                                            {
                                                "Node Type": "Gather",
                                                "Parent Relationship": "Outer",
                                                "Parallel Aware": false,
                                                "Startup Cost": 20001065583.21,
                                                "Total Cost": 20001216730.14,
                                                "Plan Rows": 1,
                                                "Plan Width": 95,
                                                "Actual Startup Time": 3860.192,
                                                "Actual Total Time": 3950.404,
                                                "Actual Rows": 9,
                                                "Actual Loops": 1,
                                                "Output": [
                                                    "ci.movie_id",
                                                    "mi.info",
                                                    "mi.movie_id",
                                                    "mk.movie_id",
                                                    "mk.keyword_id",
                                                    "n.name",
                                                    "t.title",
                                                    "t.id"
                                                ],
                                                "Workers Planned": 4,
                                                "Workers Launched": 4,
                                                "Single Copy": false,
                                                "Plans": [
                                                    {
                                                        "Node Type": "Hash Join",
                                                        "Parent Relationship": "Outer",
                                                        "Parallel Aware": true,
                                                        "Join Type": "Inner",
                                                        "Startup Cost": 20001064583.21,
                                                        "Total Cost": 20001215730.04,
                                                        "Plan Rows": 1,
                                                        "Plan Width": 95,
                                                        "Actual Startup Time": 3784.211,
                                                        "Actual Total Time": 3850.081,
                                                        "Actual Rows": 2,
                                                        "Actual Loops": 5,
                                                        "Output": [
                                                            "ci.movie_id",
                                                            "mi.info",
                                                            "mi.movie_id",
                                                            "mk.movie_id",
                                                            "mk.keyword_id",
                                                            "n.name",
                                                            "t.title",
                                                            "t.id"
                                                        ],
                                                        "Inner Unique": false,
                                                        "Hash Cond": "(n.id = ci.person_id)",
                                                        "Workers": [
                                                            {
                                                                "Worker Number": 0,
                                                                "Actual Startup Time": 3845.82,
                                                                "Actual Total Time": 3845.831,
                                                                "Actual Rows": 0,
                                                                "Actual Loops": 1
                                                            },
                                                            {
                                                                "Worker Number": 1,
                                                                "Actual Startup Time": 3845.756,
                                                                "Actual Total Time": 3845.767,
                                                                "Actual Rows": 0,
                                                                "Actual Loops": 1
                                                            },
                                                            {
                                                                "Worker Number": 2,
                                                                "Actual Startup Time": 3523.267,
                                                                "Actual Total Time": 3852.571,
                                                                "Actual Rows": 9,
                                                                "Actual Loops": 1
                                                            },
                                                            {
                                                                "Worker Number": 3,
                                                                "Actual Startup Time": 3847.192,
                                                                "Actual Total Time": 3847.202,
                                                                "Actual Rows": 0,
                                                                "Actual Loops": 1
                                                            }
                                                        ],
                                                        "Plans": [
                                                            {
                                                                "Node Type": "Index Scan",
                                                                "Parent Relationship": "Outer",
                                                                "Parallel Aware": true,
                                                                "Scan Direction": "Forward",
                                                                "Index Name": "name_pkey",
                                                                "Relation Name": "name",
                                                                "Schema": "public",
                                                                "Alias": "n",
                                                                "Startup Cost": 0.43,
                                                                "Total Cost": 149521.9,
                                                                "Plan Rows": 433425,
                                                                "Plan Width": 19,
                                                                "Actual Startup Time": 0.247,
                                                                "Actual Total Time": 569.285,
                                                                "Actual Rows": 347916,
                                                                "Actual Loops": 5,
                                                                "Output": [
                                                                    "n.id",
                                                                    "n.name",
                                                                    "n.imdb_index",
                                                                    "n.imdb_id",
                                                                    "n.gender",
                                                                    "n.name_pcode_cf",
                                                                    "n.name_pcode_nf",
                                                                    "n.surname_pcode",
                                                                    "n.md5sum"
                                                                ],
                                                                "Filter": "((n.gender)::text = 'm'::text)",
                                                                "Rows Removed by Filter": 485582,
                                                                "Workers": [
                                                                    {
                                                                        "Worker Number": 0,
                                                                        "Actual Startup Time": 0.265,
                                                                        "Actual Total Time": 570.524,
                                                                        "Actual Rows": 394704,
                                                                        "Actual Loops": 1
                                                                    },
                                                                    {
                                                                        "Worker Number": 1,
                                                                        "Actual Startup Time": 0.221,
                                                                        "Actual Total Time": 564.57,
                                                                        "Actual Rows": 302406,
                                                                        "Actual Loops": 1
                                                                    },
                                                                    {
                                                                        "Worker Number": 2,
                                                                        "Actual Startup Time": 0.286,
                                                                        "Actual Total Time": 571.141,
                                                                        "Actual Rows": 221239,
                                                                        "Actual Loops": 1
                                                                    },
                                                                    {
                                                                        "Worker Number": 3,
                                                                        "Actual Startup Time": 0.174,
                                                                        "Actual Total Time": 569.887,
                                                                        "Actual Rows": 401119,
                                                                        "Actual Loops": 1
                                                                    }
                                                                ]
                                                            },
                                                            {
                                                                "Node Type": "Hash",
                                                                "Parent Relationship": "Inner",
                                                                "Parallel Aware": true,
                                                                "Startup Cost": 20001064582.77,
                                                                "Total Cost": 20001064582.77,
                                                                "Plan Rows": 1,
                                                                "Plan Width": 84,
                                                                "Actual Startup Time": 3253.928,
                                                                "Actual Total Time": 3253.938,
                                                                "Actual Rows": 4,
                                                                "Actual Loops": 5,
                                                                "Output": [
                                                                    "ci.movie_id",
                                                                    "ci.person_id",
                                                                    "mi.info",
                                                                    "mi.movie_id",
                                                                    "mk.movie_id",
                                                                    "mk.keyword_id",
                                                                    "t.title",
                                                                    "t.id"
                                                                ],
                                                                "Hash Buckets": 1024,
                                                                "Original Hash Buckets": 1024,
                                                                "Hash Batches": 1,
                                                                "Original Hash Batches": 1,
                                                                "Peak Memory Usage": 40,
                                                                "Workers": [
                                                                    {
                                                                        "Worker Number": 0,
                                                                        "Actual Startup Time": 3250.024,
                                                                        "Actual Total Time": 3250.033,
                                                                        "Actual Rows": 0,
                                                                        "Actual Loops": 1
                                                                    },
                                                                    {
                                                                        "Worker Number": 1,
                                                                        "Actual Startup Time": 3250.058,
                                                                        "Actual Total Time": 3250.067,
                                                                        "Actual Rows": 19,
                                                                        "Actual Loops": 1
                                                                    },
                                                                    {
                                                                        "Worker Number": 2,
                                                                        "Actual Startup Time": 3256.928,
                                                                        "Actual Total Time": 3256.941,
                                                                        "Actual Rows": 0,
                                                                        "Actual Loops": 1
                                                                    },
                                                                    {
                                                                        "Worker Number": 3,
                                                                        "Actual Startup Time": 3251.434,
                                                                        "Actual Total Time": 3251.443,
                                                                        "Actual Rows": 0,
                                                                        "Actual Loops": 1
                                                                    }
                                                                ],
                                                                "Plans": [
                                                                    {
                                                                        "Node Type": "Nested Loop",
                                                                        "Parent Relationship": "Outer",
                                                                        "Parallel Aware": false,
                                                                        "Join Type": "Inner",
                                                                        "Startup Cost": 20000198981.08,
                                                                        "Total Cost": 20001064582.77,
                                                                        "Plan Rows": 1,
                                                                        "Plan Width": 84,
                                                                        "Actual Startup Time": 2703.589,
                                                                        "Actual Total Time": 3253.365,
                                                                        "Actual Rows": 4,
                                                                        "Actual Loops": 5,
                                                                        "Output": [
                                                                            "ci.movie_id",
                                                                            "ci.person_id",
                                                                            "mi.info",
                                                                            "mi.movie_id",
                                                                            "mk.movie_id",
                                                                            "mk.keyword_id",
                                                                            "t.title",
                                                                            "t.id"
                                                                        ],
                                                                        "Inner Unique": true,
                                                                        "Workers": [
                                                                            {
                                                                                "Worker Number": 0,
                                                                                "Actual Startup Time": 3249.468,
                                                                                "Actual Total Time": 3249.477,
                                                                                "Actual Rows": 0,
                                                                                "Actual Loops": 1
                                                                            },
                                                                            {
                                                                                "Worker Number": 1,
                                                                                "Actual Startup Time": 500.367,
                                                                                "Actual Total Time": 3249.209,
                                                                                "Actual Rows": 19,
                                                                                "Actual Loops": 1
                                                                            },
                                                                            {
                                                                                "Worker Number": 2,
                                                                                "Actual Startup Time": 3256.869,
                                                                                "Actual Total Time": 3256.88,
                                                                                "Actual Rows": 0,
                                                                                "Actual Loops": 1
                                                                            },
                                                                            {
                                                                                "Worker Number": 3,
                                                                                "Actual Startup Time": 3250.626,
                                                                                "Actual Total Time": 3250.634,
                                                                                "Actual Rows": 0,
                                                                                "Actual Loops": 1
                                                                            }
                                                                        ],
                                                                        "Plans": [
                                                                            {
                                                                                "Node Type": "Hash Join",
                                                                                "Parent Relationship": "Outer",
                                                                                "Parallel Aware": true,
                                                                                "Join Type": "Inner",
                                                                                "Startup Cost": 10000198980.93,
                                                                                "Total Cost": 10001064532.93,
                                                                                "Plan Rows": 11,
                                                                                "Plan Width": 88,
                                                                                "Actual Startup Time": 2703.567,
                                                                                "Actual Total Time": 3253.315,
                                                                                "Actual Rows": 4,
                                                                                "Actual Loops": 5,
                                                                                "Output": [
                                                                                    "ci.movie_id",
                                                                                    "ci.person_id",
                                                                                    "mi.info",
                                                                                    "mi.movie_id",
                                                                                    "mi.info_type_id",
                                                                                    "mk.movie_id",
                                                                                    "mk.keyword_id",
                                                                                    "t.title",
                                                                                    "t.id"
                                                                                ],
                                                                                "Inner Unique": false,
                                                                                "Hash Cond": "(t.id = mi.movie_id)",
                                                                                "Workers": [
                                                                                    {
                                                                                        "Worker Number": 0,
                                                                                        "Actual Startup Time": 3249.466,
                                                                                        "Actual Total Time": 3249.473,
                                                                                        "Actual Rows": 0,
                                                                                        "Actual Loops": 1
                                                                                    },
                                                                                    {
                                                                                        "Worker Number": 1,
                                                                                        "Actual Startup Time": 500.261,
                                                                                        "Actual Total Time": 3248.974,
                                                                                        "Actual Rows": 19,
                                                                                        "Actual Loops": 1
                                                                                    },
                                                                                    {
                                                                                        "Worker Number": 2,
                                                                                        "Actual Startup Time": 3256.867,
                                                                                        "Actual Total Time": 3256.877,
                                                                                        "Actual Rows": 0,
                                                                                        "Actual Loops": 1
                                                                                    },
                                                                                    {
                                                                                        "Worker Number": 3,
                                                                                        "Actual Startup Time": 3250.624,
                                                                                        "Actual Total Time": 3250.63,
                                                                                        "Actual Rows": 0,
                                                                                        "Actual Loops": 1
                                                                                    }
                                                                                ],
                                                                                "Plans": [
                                                                                    {
                                                                                        "Node Type": "Nested Loop",
                                                                                        "Parent Relationship": "Outer",
                                                                                        "Parallel Aware": false,
                                                                                        "Join Type": "Inner",
                                                                                        "Startup Cost": 10000000001.83,
                                                                                        "Total Cost": 10000865411.55,
                                                                                        "Plan Rows": 105,
                                                                                        "Plan Width": 37,
                                                                                        "Actual Startup Time": 176.493,
                                                                                        "Actual Total Time": 2751.897,
                                                                                        "Actual Rows": 137,
                                                                                        "Actual Loops": 5,
                                                                                        "Output": [
                                                                                            "ci.movie_id",
                                                                                            "ci.person_id",
                                                                                            "mk.movie_id",
                                                                                            "mk.keyword_id",
                                                                                            "t.title",
                                                                                            "t.id"
                                                                                        ],
                                                                                        "Inner Unique": false,
                                                                                        "Join Filter": "(t.id = ci.movie_id)",
                                                                                        "Rows Removed by Join Filter": 0,
                                                                                        "Workers": [
                                                                                            {
                                                                                                "Worker Number": 0,
                                                                                                "Actual Startup Time": 383.526,
                                                                                                "Actual Total Time": 2752.01,
                                                                                                "Actual Rows": 57,
                                                                                                "Actual Loops": 1
                                                                                            },
                                                                                            {
                                                                                                "Worker Number": 1,
                                                                                                "Actual Startup Time": 2.803,
                                                                                                "Actual Total Time": 2751.354,
                                                                                                "Actual Rows": 496,
                                                                                                "Actual Loops": 1
                                                                                            },
                                                                                            {
                                                                                                "Worker Number": 2,
                                                                                                "Actual Startup Time": 77.588,
                                                                                                "Actual Total Time": 2752.156,
                                                                                                "Actual Rows": 102,
                                                                                                "Actual Loops": 1
                                                                                            },
                                                                                            {
                                                                                                "Worker Number": 3,
                                                                                                "Actual Startup Time": 221.639,
                                                                                                "Actual Total Time": 2751.863,
                                                                                                "Actual Rows": 20,
                                                                                                "Actual Loops": 1
                                                                                            }
                                                                                        ],
                                                                                        "Plans": [
                                                                                            {
                                                                                                "Node Type": "Nested Loop",
                                                                                                "Parent Relationship": "Outer",
                                                                                                "Parallel Aware": false,
                                                                                                "Join Type": "Inner",
                                                                                                "Startup Cost": 0.86,
                                                                                                "Total Cost": 864944.95,
                                                                                                "Plan Rows": 82,
                                                                                                "Plan Width": 29,
                                                                                                "Actual Startup Time": 67.486,
                                                                                                "Actual Total Time": 2729.669,
                                                                                                "Actual Rows": 197,
                                                                                                "Actual Loops": 5,
                                                                                                "Output": [
                                                                                                    "mk.movie_id",
                                                                                                    "mk.keyword_id",
                                                                                                    "t.title",
                                                                                                    "t.id"
                                                                                                ],
                                                                                                "Inner Unique": true,
                                                                                                "Workers": [
                                                                                                    {
                                                                                                        "Worker Number": 0,
                                                                                                        "Actual Startup Time": 126.56,
                                                                                                        "Actual Total Time": 2737.47,
                                                                                                        "Actual Rows": 204,
                                                                                                        "Actual Loops": 1
                                                                                                    },
                                                                                                    {
                                                                                                        "Worker Number": 1,
                                                                                                        "Actual Startup Time": 1.533,
                                                                                                        "Actual Total Time": 2721.312,
                                                                                                        "Actual Rows": 273,
                                                                                                        "Actual Loops": 1
                                                                                                    },
                                                                                                    {
                                                                                                        "Worker Number": 2,
                                                                                                        "Actual Startup Time": 0.265,
                                                                                                        "Actual Total Time": 2705.398,
                                                                                                        "Actual Rows": 294,
                                                                                                        "Actual Loops": 1
                                                                                                    },
                                                                                                    {
                                                                                                        "Worker Number": 3,
                                                                                                        "Actual Startup Time": 51.208,
                                                                                                        "Actual Total Time": 2738.846,
                                                                                                        "Actual Rows": 104,
                                                                                                        "Actual Loops": 1
                                                                                                    }
                                                                                                ],
                                                                                                "Plans": [
                                                                                                    {
                                                                                                        "Node Type": "Index Scan",
                                                                                                        "Parent Relationship": "Outer",
                                                                                                        "Parallel Aware": true,
                                                                                                        "Scan Direction": "Forward",
                                                                                                        "Index Name": "movie_id_movie_keyword",
                                                                                                        "Relation Name": "movie_keyword",
                                                                                                        "Schema": "public",
                                                                                                        "Alias": "mk",
                                                                                                        "Startup Cost": 0.43,
                                                                                                        "Total Cost": 146531.48,
                                                                                                        "Plan Rows": 1459332,
                                                                                                        "Plan Width": 8,
                                                                                                        "Actual Startup Time": 0.081,
                                                                                                        "Actual Total Time": 229.594,
                                                                                                        "Actual Rows": 904786,
                                                                                                        "Actual Loops": 5,
                                                                                                        "Output": [
                                                                                                            "mk.id",
                                                                                                            "mk.movie_id",
                                                                                                            "mk.keyword_id"
                                                                                                        ],
                                                                                                        "Workers": [
                                                                                                            {
                                                                                                                "Worker Number": 0,
                                                                                                                "Actual Startup Time": 0.06,
                                                                                                                "Actual Total Time": 231.034,
                                                                                                                "Actual Rows": 1015424,
                                                                                                                "Actual Loops": 1
                                                                                                            },
                                                                                                            {
                                                                                                                "Worker Number": 1,
                                                                                                                "Actual Startup Time": 0.101,
                                                                                                                "Actual Total Time": 245.521,
                                                                                                                "Actual Rows": 811080,
                                                                                                                "Actual Loops": 1
                                                                                                            },
                                                                                                            {
                                                                                                                "Worker Number": 2,
                                                                                                                "Actual Startup Time": 0.161,
                                                                                                                "Actual Total Time": 237.337,
                                                                                                                "Actual Rows": 795182,
                                                                                                                "Actual Loops": 1
                                                                                                            },
                                                                                                            {
                                                                                                                "Worker Number": 3,
                                                                                                                "Actual Startup Time": 0.057,
                                                                                                                "Actual Total Time": 229.806,
                                                                                                                "Actual Rows": 990755,
                                                                                                                "Actual Loops": 1
                                                                                                            }
                                                                                                        ]
                                                                                                    },
                                                                                                    {
                                                                                                        "Node Type": "Index Scan",
                                                                                                        "Parent Relationship": "Inner",
                                                                                                        "Parallel Aware": false,
                                                                                                        "Scan Direction": "Forward",
                                                                                                        "Index Name": "title_pkey",
                                                                                                        "Relation Name": "title",
                                                                                                        "Schema": "public",
                                                                                                        "Alias": "t",
                                                                                                        "Startup Cost": 0.43,
                                                                                                        "Total Cost": 0.49,
                                                                                                        "Plan Rows": 1,
                                                                                                        "Plan Width": 21,
                                                                                                        "Actual Startup Time": 0.003,
                                                                                                        "Actual Total Time": 0.003,
                                                                                                        "Actual Rows": 0,
                                                                                                        "Actual Loops": 4523930,
                                                                                                        "Output": [
                                                                                                            "t.id",
                                                                                                            "t.title",
                                                                                                            "t.imdb_index",
                                                                                                            "t.kind_id",
                                                                                                            "t.production_year",
                                                                                                            "t.imdb_id",
                                                                                                            "t.phonetic_code",
                                                                                                            "t.episode_of_id",
                                                                                                            "t.season_nr",
                                                                                                            "t.episode_nr",
                                                                                                            "t.series_years",
                                                                                                            "t.md5sum"
                                                                                                        ],
                                                                                                        "Index Cond": "(t.id = mk.movie_id)",
                                                                                                        "Rows Removed by Index Recheck": 0,
                                                                                                        "Filter": "((t.title ~~ '100%'::text) AND (t.production_year > 1997))",
                                                                                                        "Rows Removed by Filter": 1,
                                                                                                        "Workers": [
                                                                                                            {
                                                                                                                "Worker Number": 0,
                                                                                                                "Actual Startup Time": 0.002,
                                                                                                                "Actual Total Time": 0.002,
                                                                                                                "Actual Rows": 0,
                                                                                                                "Actual Loops": 1015424
                                                                                                            },
                                                                                                            {
                                                                                                                "Worker Number": 1,
                                                                                                                "Actual Startup Time": 0.003,
                                                                                                                "Actual Total Time": 0.003,
                                                                                                                "Actual Rows": 0,
                                                                                                                "Actual Loops": 811080
                                                                                                            },
                                                                                                            {
                                                                                                                "Worker Number": 2,
                                                                                                                "Actual Startup Time": 0.003,
                                                                                                                "Actual Total Time": 0.003,
                                                                                                                "Actual Rows": 0,
                                                                                                                "Actual Loops": 795182
                                                                                                            },
                                                                                                            {
                                                                                                                "Worker Number": 3,
                                                                                                                "Actual Startup Time": 0.002,
                                                                                                                "Actual Total Time": 0.002,
                                                                                                                "Actual Rows": 0,
                                                                                                                "Actual Loops": 990755
                                                                                                            }
                                                                                                        ]
                                                                                                    }
                                                                                                ]
                                                                                            },
                                                                                            {
                                                                                                "Node Type": "Bitmap Heap Scan",
                                                                                                "Parent Relationship": "Inner",
                                                                                                "Parallel Aware": false,
                                                                                                "Relation Name": "cast_info",
                                                                                                "Schema": "public",
                                                                                                "Alias": "ci",
                                                                                                "Startup Cost": 0.97,
                                                                                                "Total Cost": 5.68,
                                                                                                "Plan Rows": 1,
                                                                                                "Plan Width": 8,
                                                                                                "Actual Startup Time": 0.099,
                                                                                                "Actual Total Time": 0.11,
                                                                                                "Actual Rows": 1,
                                                                                                "Actual Loops": 985,
                                                                                                "Output": [
                                                                                                    "ci.id",
                                                                                                    "ci.person_id",
                                                                                                    "ci.movie_id",
                                                                                                    "ci.person_role_id",
                                                                                                    "ci.note",
                                                                                                    "ci.nr_order",
                                                                                                    "ci.role_id"
                                                                                                ],
                                                                                                "Recheck Cond": "(ci.movie_id = mk.movie_id)",
                                                                                                "Rows Removed by Index Recheck": 0,
                                                                                                "Filter": "(ci.note = ANY ('{(writer),\"(head writer)\",\"(written by)\",(story),\"(story editor)\"}'::text[]))",
                                                                                                "Rows Removed by Filter": 30,
                                                                                                "Exact Heap Blocks": 2259,
                                                                                                "Lossy Heap Blocks": 0,
                                                                                                "Workers": [
                                                                                                    {
                                                                                                        "Worker Number": 0,
                                                                                                        "Actual Startup Time": 0.062,
                                                                                                        "Actual Total Time": 0.068,
                                                                                                        "Actual Rows": 0,
                                                                                                        "Actual Loops": 204
                                                                                                    },
                                                                                                    {
                                                                                                        "Worker Number": 1,
                                                                                                        "Actual Startup Time": 0.094,
                                                                                                        "Actual Total Time": 0.107,
                                                                                                        "Actual Rows": 2,
                                                                                                        "Actual Loops": 273
                                                                                                    },
                                                                                                    {
                                                                                                        "Worker Number": 2,
                                                                                                        "Actual Startup Time": 0.136,
                                                                                                        "Actual Total Time": 0.156,
                                                                                                        "Actual Rows": 0,
                                                                                                        "Actual Loops": 294
                                                                                                    },
                                                                                                    {
                                                                                                        "Worker Number": 3,
                                                                                                        "Actual Startup Time": 0.121,
                                                                                                        "Actual Total Time": 0.122,
                                                                                                        "Actual Rows": 0,
                                                                                                        "Actual Loops": 104
                                                                                                    }
                                                                                                ],
                                                                                                "Plans": [
                                                                                                    {
                                                                                                        "Node Type": "Bitmap Index Scan",
                                                                                                        "Parent Relationship": "Outer",
                                                                                                        "Parallel Aware": false,
                                                                                                        "Index Name": "movie_id_cast_info",
                                                                                                        "Startup Cost": 0.0,
                                                                                                        "Total Cost": 0.97,
                                                                                                        "Plan Rows": 38,
                                                                                                        "Plan Width": 0,
                                                                                                        "Actual Startup Time": 0.008,
                                                                                                        "Actual Total Time": 0.008,
                                                                                                        "Actual Rows": 31,
                                                                                                        "Actual Loops": 985,
                                                                                                        "Index Cond": "(ci.movie_id = mk.movie_id)",
                                                                                                        "Workers": [
                                                                                                            {
                                                                                                                "Worker Number": 0,
                                                                                                                "Actual Startup Time": 0.007,
                                                                                                                "Actual Total Time": 0.007,
                                                                                                                "Actual Rows": 16,
                                                                                                                "Actual Loops": 204
                                                                                                            },
                                                                                                            {
                                                                                                                "Worker Number": 1,
                                                                                                                "Actual Startup Time": 0.009,
                                                                                                                "Actual Total Time": 0.009,
                                                                                                                "Actual Rows": 27,
                                                                                                                "Actual Loops": 273
                                                                                                            },
                                                                                                            {
                                                                                                                "Worker Number": 2,
                                                                                                                "Actual Startup Time": 0.009,
                                                                                                                "Actual Total Time": 0.009,
                                                                                                                "Actual Rows": 51,
                                                                                                                "Actual Loops": 294
                                                                                                            },
                                                                                                            {
                                                                                                                "Worker Number": 3,
                                                                                                                "Actual Startup Time": 0.01,
                                                                                                                "Actual Total Time": 0.01,
                                                                                                                "Actual Rows": 27,
                                                                                                                "Actual Loops": 104
                                                                                                            }
                                                                                                        ]
                                                                                                    }
                                                                                                ]
                                                                                            }
                                                                                        ]
                                                                                    },
                                                                                    {
                                                                                        "Node Type": "Hash",
                                                                                        "Parent Relationship": "Inner",
                                                                                        "Parallel Aware": true,
                                                                                        "Startup Cost": 198880.74,
                                                                                        "Total Cost": 198880.74,
                                                                                        "Plan Rows": 7869,
                                                                                        "Plan Width": 51,
                                                                                        "Actual Startup Time": 500.994,
                                                                                        "Actual Total Time": 500.995,
                                                                                        "Actual Rows": 7812,
                                                                                        "Actual Loops": 5,
                                                                                        "Output": [
                                                                                            "mi.info",
                                                                                            "mi.movie_id",
                                                                                            "mi.info_type_id"
                                                                                        ],
                                                                                        "Hash Buckets": 65536,
                                                                                        "Original Hash Buckets": 65536,
                                                                                        "Hash Batches": 1,
                                                                                        "Original Hash Batches": 1,
                                                                                        "Peak Memory Usage": 2368,
                                                                                        "Workers": [
                                                                                            {
                                                                                                "Worker Number": 0,
                                                                                                "Actual Startup Time": 497.152,
                                                                                                "Actual Total Time": 497.153,
                                                                                                "Actual Rows": 7490,
                                                                                                "Actual Loops": 1
                                                                                            },
                                                                                            {
                                                                                                "Worker Number": 1,
                                                                                                "Actual Startup Time": 497.188,
                                                                                                "Actual Total Time": 497.189,
                                                                                                "Actual Rows": 7347,
                                                                                                "Actual Loops": 1
                                                                                            },
                                                                                            {
                                                                                                "Worker Number": 2,
                                                                                                "Actual Startup Time": 504.206,
                                                                                                "Actual Total Time": 504.207,
                                                                                                "Actual Rows": 7467,
                                                                                                "Actual Loops": 1
                                                                                            },
                                                                                            {
                                                                                                "Worker Number": 3,
                                                                                                "Actual Startup Time": 498.593,
                                                                                                "Actual Total Time": 498.594,
                                                                                                "Actual Rows": 7468,
                                                                                                "Actual Loops": 1
                                                                                            }
                                                                                        ],
                                                                                        "Plans": [
                                                                                            {
                                                                                                "Node Type": "Seq Scan",
                                                                                                "Parent Relationship": "Outer",
                                                                                                "Parallel Aware": true,
                                                                                                "Relation Name": "movie_info",
                                                                                                "Schema": "public",
                                                                                                "Alias": "mi",
                                                                                                "Startup Cost": 0.0,
                                                                                                "Total Cost": 198880.74,
                                                                                                "Plan Rows": 7869,
                                                                                                "Plan Width": 51,
                                                                                                "Actual Startup Time": 427.235,
                                                                                                "Actual Total Time": 496.681,
                                                                                                "Actual Rows": 7812,
                                                                                                "Actual Loops": 5,
                                                                                                "Output": [
                                                                                                    "mi.info",
                                                                                                    "mi.movie_id",
                                                                                                    "mi.info_type_id"
                                                                                                ],
                                                                                                "Filter": "(mi.info = 'Family'::text)",
                                                                                                "Rows Removed by Filter": 2959332,
                                                                                                "Workers": [
                                                                                                    {
                                                                                                        "Worker Number": 0,
                                                                                                        "Actual Startup Time": 446.742,
                                                                                                        "Actual Total Time": 492.402,
                                                                                                        "Actual Rows": 7490,
                                                                                                        "Actual Loops": 1
                                                                                                    },
                                                                                                    {
                                                                                                        "Worker Number": 1,
                                                                                                        "Actual Startup Time": 446.764,
                                                                                                        "Actual Total Time": 493.209,
                                                                                                        "Actual Rows": 7347,
                                                                                                        "Actual Loops": 1
                                                                                                    },
                                                                                                    {
                                                                                                        "Worker Number": 2,
                                                                                                        "Actual Startup Time": 453.777,
                                                                                                        "Actual Total Time": 499.896,
                                                                                                        "Actual Rows": 7467,
                                                                                                        "Actual Loops": 1
                                                                                                    },
                                                                                                    {
                                                                                                        "Worker Number": 3,
                                                                                                        "Actual Startup Time": 448.152,
                                                                                                        "Actual Total Time": 494.311,
                                                                                                        "Actual Rows": 7468,
                                                                                                        "Actual Loops": 1
                                                                                                    }
                                                                                                ]
                                                                                            }
                                                                                        ]
                                                                                    }
                                                                                ]
                                                                            },
                                                                            {
                                                                                "Node Type": "Bitmap Heap Scan",
                                                                                "Parent Relationship": "Inner",
                                                                                "Parallel Aware": false,
                                                                                "Relation Name": "info_type",
                                                                                "Schema": "public",
                                                                                "Alias": "it1",
                                                                                "Startup Cost": 0.15,
                                                                                "Total Cost": 4.17,
                                                                                "Plan Rows": 1,
                                                                                "Plan Width": 4,
                                                                                "Actual Startup Time": 0.009,
                                                                                "Actual Total Time": 0.009,
                                                                                "Actual Rows": 1,
                                                                                "Actual Loops": 19,
                                                                                "Output": [
                                                                                    "it1.id",
                                                                                    "it1.info"
                                                                                ],
                                                                                "Recheck Cond": "(it1.id = mi.info_type_id)",
                                                                                "Rows Removed by Index Recheck": 0,
                                                                                "Filter": "((it1.info)::text = 'genres'::text)",
                                                                                "Rows Removed by Filter": 0,
                                                                                "Exact Heap Blocks": 0,
                                                                                "Lossy Heap Blocks": 0,
                                                                                "Workers": [
                                                                                    {
                                                                                        "Worker Number": 1,
                                                                                        "Actual Startup Time": 0.009,
                                                                                        "Actual Total Time": 0.009,
                                                                                        "Actual Rows": 1,
                                                                                        "Actual Loops": 19
                                                                                    }
                                                                                ],
                                                                                "Plans": [
                                                                                    {
                                                                                        "Node Type": "Bitmap Index Scan",
                                                                                        "Parent Relationship": "Outer",
                                                                                        "Parallel Aware": false,
                                                                                        "Index Name": "info_type_pkey",
                                                                                        "Startup Cost": 0.0,
                                                                                        "Total Cost": 0.15,
                                                                                        "Plan Rows": 1,
                                                                                        "Plan Width": 0,
                                                                                        "Actual Startup Time": 0.006,
                                                                                        "Actual Total Time": 0.006,
                                                                                        "Actual Rows": 1,
                                                                                        "Actual Loops": 19,
                                                                                        "Index Cond": "(it1.id = mi.info_type_id)",
                                                                                        "Workers": [
                                                                                            {
                                                                                                "Worker Number": 1,
                                                                                                "Actual Startup Time": 0.006,
                                                                                                "Actual Total Time": 0.006,
                                                                                                "Actual Rows": 1,
                                                                                                "Actual Loops": 19
                                                                                            }
                                                                                        ]
                                                                                    }
                                                                                ]
                                                                            }
                                                                        ]
                                                                    }
                                                                ]
                                                            }
                                                        ]
                                                    }
                                                ]
                                            }
                                        ]
                                    },
                                    {
                                        "Node Type": "Index Scan",
                                        "Parent Relationship": "Inner",
                                        "Parallel Aware": false,
                                        "Scan Direction": "Forward",
                                        "Index Name": "keyword_pkey",
                                        "Relation Name": "keyword",
                                        "Schema": "public",
                                        "Alias": "k",
                                        "Startup Cost": 0.42,
                                        "Total Cost": 5846.06,
                                        "Plan Rows": 5,
                                        "Plan Width": 4,
                                        "Actual Startup Time": 0.428,
                                        "Actual Total Time": 0.769,
                                        "Actual Rows": 2,
                                        "Actual Loops": 1,
                                        "Output": [
                                            "k.id",
                                            "k.keyword",
                                            "k.phonetic_code"
                                        ],
                                        "Filter": "(k.keyword = ANY ('{fight,claw,hand-to-hand-combat,superhero,husky-dog}'::text[]))",
                                        "Rows Removed by Filter": 1730
                                    }
                                ]
                            },
                            {
                                "Node Type": "Bitmap Heap Scan",
                                "Parent Relationship": "Inner",
                                "Parallel Aware": false,
                                "Relation Name": "movie_info_idx",
                                "Schema": "public",
                                "Alias": "mi_idx",
                                "Startup Cost": 0.46,
                                "Total Cost": 4.49,
                                "Plan Rows": 3,
                                "Plan Width": 13,
                                "Actual Startup Time": 0.052,
                                "Actual Total Time": 0.054,
                                "Actual Rows": 3,
                                "Actual Loops": 1,
                                "Output": [
                                    "mi_idx.id",
                                    "mi_idx.movie_id",
                                    "mi_idx.info_type_id",
                                    "mi_idx.info",
                                    "mi_idx.note"
                                ],
                                "Recheck Cond": "(mi_idx.movie_id = mk.movie_id)",
                                "Rows Removed by Index Recheck": 0,
                                "Exact Heap Blocks": 1,
                                "Lossy Heap Blocks": 0,
                                "Plans": [
                                    {
                                        "Node Type": "Bitmap Index Scan",
                                        "Parent Relationship": "Outer",
                                        "Parallel Aware": false,
                                        "Index Name": "movie_id_movie_info_idx",
                                        "Startup Cost": 0.0,
                                        "Total Cost": 0.46,
                                        "Plan Rows": 3,
                                        "Plan Width": 0,
                                        "Actual Startup Time": 0.032,
                                        "Actual Total Time": 0.033,
                                        "Actual Rows": 3,
                                        "Actual Loops": 1,
                                        "Index Cond": "(mi_idx.movie_id = mk.movie_id)"
                                    }
                                ]
                            }
                        ]
                    },
                    {
                        "Node Type": "Bitmap Heap Scan",
                        "Parent Relationship": "Inner",
                        "Parallel Aware": false,
                        "Relation Name": "info_type",
                        "Schema": "public",
                        "Alias": "it2",
                        "Startup Cost": 0.15,
                        "Total Cost": 4.17,
                        "Plan Rows": 1,
                        "Plan Width": 4,
                        "Actual Startup Time": 0.007,
                        "Actual Total Time": 0.007,
                        "Actual Rows": 0,
                        "Actual Loops": 3,
                        "Output": [
                            "it2.id",
                            "it2.info"
                        ],
                        "Recheck Cond": "(it2.id = mi_idx.info_type_id)",
                        "Rows Removed by Index Recheck": 0,
                        "Filter": "((it2.info)::text = 'votes'::text)",
                        "Rows Removed by Filter": 1,
                        "Exact Heap Blocks": 3,
                        "Lossy Heap Blocks": 0,
                        "Plans": [
                            {
                                "Node Type": "Bitmap Index Scan",
                                "Parent Relationship": "Outer",
                                "Parallel Aware": false,
                                "Index Name": "info_type_pkey",
                                "Startup Cost": 0.0,
                                "Total Cost": 0.15,
                                "Plan Rows": 1,
                                "Plan Width": 0,
                                "Actual Startup Time": 0.002,
                                "Actual Total Time": 0.002,
                                "Actual Rows": 1,
                                "Actual Loops": 3,
                                "Index Cond": "(it2.id = mi_idx.info_type_id)"
                            }
                        ]
                    }
                ]
            }
        ]
    },
    "Planning Time": 15.383,
    "Triggers": [],
    "Execution Time": 3951.557
}