[
  {
    "Plan": {
      "Node Type": "Aggregate",
      "Strategy": "Plain",
      "Partial Mode": "Finalize",
      "Parallel Aware": false,
      "Startup Cost": 94583.24,
      "Total Cost": 94583.25,
      "Plan Rows": 1,
      "Plan Width": 8,
      "Actual Startup Time": 426.832,
      "Actual Total Time": 441.504,
      "Actual Rows": 1,
      "Actual Loops": 1,
      "Plans": [
        {
          "Node Type": "Gather",
          "Parent Relationship": "Outer",
          "Parallel Aware": false,
          "Startup Cost": 94582.92,
          "Total Cost": 94583.23,
          "Plan Rows": 3,
          "Plan Width": 8,
          "Actual Startup Time": 424.343,
          "Actual Total Time": 441.453,
          "Actual Rows": 4,
          "Actual Loops": 1,
          "Workers Planned": 3,
          "Workers Launched": 3,
          "Single Copy": false,
          "Plans": [
            {
              "Node Type": "Aggregate",
              "Strategy": "Plain",
              "Partial Mode": "Partial",
              "Parent Relationship": "Outer",
              "Parallel Aware": false,
              "Startup Cost": 93582.92,
              "Total Cost": 93582.93,
              "Plan Rows": 1,
              "Plan Width": 8,
              "Actual Startup Time": 417.982,
              "Actual Total Time": 417.986,
              "Actual Rows": 1,
              "Actual Loops": 4,
              "Plans": [
                {
                  "Node Type": "Hash Join",
                  "Parent Relationship": "Outer",
                  "Parallel Aware": true,
                  "Join Type": "Inner",
                  "Startup Cost": 47755.25,
                  "Total Cost": 92908.74,
                  "Plan Rows": 269670,
                  "Plan Width": 0,
                  "Actual Startup Time": 166.125,
                  "Actual Total Time": 398.169,
                  "Actual Rows": 402174,
                  "Actual Loops": 4,
                  "Inner Unique": true,
                  "Hash Cond": "(mk.movie_id = t.id)",
                  "Plans": [
                    {
                      "Node Type": "Seq Scan",
                      "Parent Relationship": "Outer",
                      "Parallel Aware": true,
                      "Relation Name": "movie_keyword",
                      "Alias": "mk",
                      "Startup Cost": 0.0,
                      "Total Cost": 42695.65,
                      "Plan Rows": 936321,
                      "Plan Width": 4,
                      "Actual Startup Time": 0.029,
                      "Actual Total Time": 119.86,
                      "Actual Rows": 728395,
                      "Actual Loops": 4,
                      "Filter": "(keyword_id < 9427)",
                      "Rows Removed by Filter": 402588
                    },
                    {
                      "Node Type": "Hash",
                      "Parent Relationship": "Inner",
                      "Parallel Aware": true,
                      "Startup Cost": 45479.59,
                      "Total Cost": 45479.59,
                      "Plan Rows": 182053,
                      "Plan Width": 4,
                      "Actual Startup Time": 163.054,
                      "Actual Total Time": 163.055,
                      "Actual Rows": 157033,
                      "Actual Loops": 4,
                      "Hash Buckets": 1048576,
                      "Original Hash Buckets": 1048576,
                      "Hash Batches": 1,
                      "Original Hash Batches": 1,
                      "Peak Memory Usage": 32832,
                      "Plans": [
                        {
                          "Node Type": "Seq Scan",
                          "Parent Relationship": "Outer",
                          "Parallel Aware": true,
                          "Relation Name": "title",
                          "Alias": "t",
                          "Startup Cost": 0.0,
                          "Total Cost": 45479.59,
                          "Plan Rows": 182053,
                          "Plan Width": 4,
                          "Actual Startup Time": 0.03,
                          "Actual Total Time": 104.609,
                          "Actual Rows": 157033,
                          "Actual Loops": 4,
                          "Filter": "((kind_id < 7) AND (production_year > 1985))",
                          "Rows Removed by Filter": 475045
                        }
                      ]
                    }
                  ]
                }
              ]
            }
          ]
        }
      ]
    },
    "Planning Time": 0.311,
    "Triggers": [],
    "Execution Time": 441.548
  }
]