[
  {
    "Plan": {
      "Node Type": "Aggregate",
      "Strategy": "Plain",
      "Partial Mode": "Finalize",
      "Parallel Aware": false,
      "Startup Cost": 349292.68,
      "Total Cost": 349292.69,
      "Plan Rows": 1,
      "Plan Width": 8,
      "Actual Startup Time": 754.997,
      "Actual Total Time": 801.921,
      "Actual Rows": 1,
      "Actual Loops": 1,
      "Plans": [
        {
          "Node Type": "Gather",
          "Parent Relationship": "Outer",
          "Parallel Aware": false,
          "Startup Cost": 349292.05,
          "Total Cost": 349292.66,
          "Plan Rows": 6,
          "Plan Width": 8,
          "Actual Startup Time": 754.793,
          "Actual Total Time": 801.903,
          "Actual Rows": 7,
          "Actual Loops": 1,
          "Workers Planned": 6,
          "Workers Launched": 6,
          "Single Copy": false,
          "Plans": [
            {
              "Node Type": "Aggregate",
              "Strategy": "Plain",
              "Partial Mode": "Partial",
              "Parent Relationship": "Outer",
              "Parallel Aware": false,
              "Startup Cost": 348292.05,
              "Total Cost": 348292.07,
              "Plan Rows": 1,
              "Plan Width": 8,
              "Actual Startup Time": 746.32,
              "Actual Total Time": 746.322,
              "Actual Rows": 1,
              "Actual Loops": 7,
              "Plans": [
                {
                  "Node Type": "Seq Scan",
                  "Parent Relationship": "Outer",
                  "Parallel Aware": true,
                  "Relation Name": "cast_info",
                  "Alias": "ci",
                  "Startup Cost": 0.0,
                  "Total Cost": 343316.27,
                  "Plan Rows": 1990314,
                  "Plan Width": 0,
                  "Actual Startup Time": 0.053,
                  "Actual Total Time": 650.696,
                  "Actual Rows": 1949843,
                  "Actual Loops": 7,
                  "Filter": "((person_id < 1496209) AND (role_id < 8))",
                  "Rows Removed by Filter": 3227920
                }
              ]
            }
          ]
        }
      ]
    },
    "Planning Time": 0.254,
    "Triggers": [],
    "Execution Time": 802.059
  }
]