[
  {
    "Plan": {
      "Node Type": "Aggregate",
      "Strategy": "Plain",
      "Partial Mode": "Finalize",
      "Parallel Aware": false,
      "Startup Cost": 431894.55,
      "Total Cost": 431894.56,
      "Plan Rows": 1,
      "Plan Width": 8,
      "Actual Startup Time": 1850.836,
      "Actual Total Time": 1915.035,
      "Actual Rows": 1,
      "Actual Loops": 1,
      "Plans": [
        {
          "Node Type": "Gather",
          "Parent Relationship": "Outer",
          "Parallel Aware": false,
          "Startup Cost": 431893.92,
          "Total Cost": 431894.53,
          "Plan Rows": 6,
          "Plan Width": 8,
          "Actual Startup Time": 1842.166,
          "Actual Total Time": 1915.022,
          "Actual Rows": 7,
          "Actual Loops": 1,
          "Workers Planned": 6,
          "Workers Launched": 6,
          "Single Copy": false,
          "Plans": [
            {
              "Node Type": "Aggregate",
              "Strategy": "Plain",
              "Partial Mode": "Partial",
              "Parent Relationship": "Outer",
              "Parallel Aware": false,
              "Startup Cost": 430893.92,
              "Total Cost": 430893.93,
              "Plan Rows": 1,
              "Plan Width": 8,
              "Actual Startup Time": 1831.293,
              "Actual Total Time": 1831.361,
              "Actual Rows": 1,
              "Actual Loops": 7,
              "Plans": [
                {
                  "Node Type": "Hash Join",
                  "Parent Relationship": "Outer",
                  "Parallel Aware": true,
                  "Join Type": "Inner",
                  "Startup Cost": 80568.17,
                  "Total Cost": 428753.3,
                  "Plan Rows": 856248,
                  "Plan Width": 0,
                  "Actual Startup Time": 375.045,
                  "Actual Total Time": 1780.259,
                  "Actual Rows": 1027259,
                  "Actual Loops": 7,
                  "Inner Unique": false,
                  "Hash Cond": "(ci.movie_id = t.id)",
                  "Plans": [
                    {
                      "Node Type": "Seq Scan",
                      "Parent Relationship": "Outer",
                      "Parallel Aware": true,
                      "Relation Name": "cast_info",
                      "Alias": "ci",
                      "Startup Cost": 0.0,
                      "Total Cost": 328162.03,
                      "Plan Rows": 4602941,
                      "Plan Width": 4,
                      "Actual Startup Time": 93.411,
                      "Actual Total Time": 679.822,
                      "Actual Rows": 3929884,
                      "Actual Loops": 7,
                      "Filter": "(person_id > 860245)",
                      "Rows Removed by Filter": 1247880
                    },
                    {
                      "Node Type": "Hash",
                      "Parent Relationship": "Inner",
                      "Parallel Aware": true,
                      "Startup Cost": 78671.73,
                      "Total Cost": 78671.73,
                      "Plan Rows": 151715,
                      "Plan Width": 8,
                      "Actual Startup Time": 279.151,
                      "Actual Total Time": 279.218,
                      "Actual Rows": 65849,
                      "Actual Loops": 7,
                      "Hash Buckets": 524288,
                      "Original Hash Buckets": 524288,
                      "Hash Batches": 1,
                      "Original Hash Batches": 1,
                      "Peak Memory Usage": 22272,
                      "Plans": [
                        {
                          "Node Type": "Hash Join",
                          "Parent Relationship": "Outer",
                          "Parallel Aware": true,
                          "Join Type": "Inner",
                          "Startup Cost": 48208.0,
                          "Total Cost": 78671.73,
                          "Plan Rows": 151715,
                          "Plan Width": 8,
                          "Actual Startup Time": 148.806,
                          "Actual Total Time": 255.128,
                          "Actual Rows": 65849,
                          "Actual Loops": 7,
                          "Inner Unique": true,
                          "Hash Cond": "(mc.movie_id = t.id)",
                          "Plans": [
                            {
                              "Node Type": "Seq Scan",
                              "Parent Relationship": "Outer",
                              "Parallel Aware": true,
                              "Relation Name": "movie_companies",
                              "Alias": "mc",
                              "Startup Cost": 0.0,
                              "Total Cost": 29310.68,
                              "Plan Rows": 439257,
                              "Plan Width": 4,
                              "Actual Startup Time": 0.028,
                              "Actual Total Time": 49.752,
                              "Actual Rows": 193778,
                              "Actual Loops": 7,
                              "Filter": "(company_id < 11652)",
                              "Rows Removed by Filter": 178954
                            },
                            {
                              "Node Type": "Hash",
                              "Parent Relationship": "Inner",
                              "Parallel Aware": true,
                              "Startup Cost": 45479.1,
                              "Total Cost": 45479.1,
                              "Plan Rows": 218312,
                              "Plan Width": 4,
                              "Actual Startup Time": 146.806,
                              "Actual Total Time": 146.807,
                              "Actual Rows": 113598,
                              "Actual Loops": 7,
                              "Hash Buckets": 1048576,
                              "Original Hash Buckets": 1048576,
                              "Hash Batches": 1,
                              "Original Hash Batches": 1,
                              "Peak Memory Usage": 39424,
                              "Plans": [
                                {
                                  "Node Type": "Seq Scan",
                                  "Parent Relationship": "Outer",
                                  "Parallel Aware": true,
                                  "Relation Name": "title",
                                  "Alias": "t",
                                  "Startup Cost": 0.0,
                                  "Total Cost": 45479.1,
                                  "Plan Rows": 218312,
                                  "Plan Width": 4,
                                  "Actual Startup Time": 0.051,
                                  "Actual Total Time": 83.975,
                                  "Actual Rows": 113598,
                                  "Actual Loops": 7,
                                  "Filter": "((kind_id > 1) AND (production_year < 2003))",
                                  "Rows Removed by Filter": 247590
                                }
                              ]
                            }
                          ]
                        }
                      ]
                    }
                  ]
                }
              ]
            }
          ]
        }
      ]
    },
    "Planning Time": 1.48,
    "Triggers": [],
    "Execution Time": 1915.143
  }
]