[
  {
    "Plan": {
      "Node Type": "Aggregate",
      "Strategy": "Plain",
      "Partial Mode": "Finalize",
      "Parallel Aware": false,
      "Startup Cost": 98400.36,
      "Total Cost": 98400.37,
      "Plan Rows": 1,
      "Plan Width": 8,
      "Actual Startup Time": 104.813,
      "Actual Total Time": 119.996,
      "Actual Rows": 1,
      "Actual Loops": 1,
      "Plans": [
        {
          "Node Type": "Gather",
          "Parent Relationship": "Outer",
          "Parallel Aware": false,
          "Startup Cost": 98399.94,
          "Total Cost": 98400.35,
          "Plan Rows": 4,
          "Plan Width": 8,
          "Actual Startup Time": 104.643,
          "Actual Total Time": 119.987,
          "Actual Rows": 5,
          "Actual Loops": 1,
          "Workers Planned": 4,
          "Workers Launched": 4,
          "Single Copy": false,
          "Plans": [
            {
              "Node Type": "Aggregate",
              "Strategy": "Plain",
              "Partial Mode": "Partial",
              "Parent Relationship": "Outer",
              "Parallel Aware": false,
              "Startup Cost": 97399.94,
              "Total Cost": 97399.95,
              "Plan Rows": 1,
              "Plan Width": 8,
              "Actual Startup Time": 96.898,
              "Actual Total Time": 96.9,
              "Actual Rows": 1,
              "Actual Loops": 5,
              "Plans": [
                {
                  "Node Type": "Nested Loop",
                  "Parent Relationship": "Outer",
                  "Parallel Aware": false,
                  "Join Type": "Inner",
                  "Startup Cost": 0.43,
                  "Total Cost": 97399.61,
                  "Plan Rows": 132,
                  "Plan Width": 0,
                  "Actual Startup Time": 56.508,
                  "Actual Total Time": 96.848,
                  "Actual Rows": 259,
                  "Actual Loops": 5,
                  "Inner Unique": false,
                  "Plans": [
                    {
                      "Node Type": "Seq Scan",
                      "Parent Relationship": "Outer",
                      "Parallel Aware": true,
                      "Relation Name": "title",
                      "Alias": "t",
                      "Startup Cost": 0.0,
                      "Total Cost": 43899.32,
                      "Plan Rows": 379,
                      "Plan Width": 4,
                      "Actual Startup Time": 56.144,
                      "Actual Total Time": 78.048,
                      "Actual Rows": 524,
                      "Actual Loops": 5,
                      "Filter": "(production_year = 1903)",
                      "Rows Removed by Filter": 505139
                    },
                    {
                      "Node Type": "Index Scan",
                      "Parent Relationship": "Inner",
                      "Parallel Aware": false,
                      "Scan Direction": "Forward",
                      "Index Name": "movie_id_movie_info",
                      "Relation Name": "movie_info",
                      "Alias": "mi",
                      "Startup Cost": 0.43,
                      "Total Cost": 141.14,
                      "Plan Rows": 2,
                      "Plan Width": 4,
                      "Actual Startup Time": 0.03,
                      "Actual Total Time": 0.035,
                      "Actual Rows": 0,
                      "Actual Loops": 2618,
                      "Index Cond": "(movie_id = t.id)",
                      "Rows Removed by Index Recheck": 0,
                      "Filter": "(info_type_id > 97)",
                      "Rows Removed by Filter": 11
                    }
                  ]
                }
              ]
            }
          ]
        }
      ]
    },
    "Planning Time": 0.451,
    "Triggers": [],
    "Execution Time": 120.047
  }
]