[
  {
    "Plan": {
      "Node Type": "Aggregate",
      "Strategy": "Plain",
      "Partial Mode": "Finalize",
      "Parallel Aware": false,
      "Startup Cost": 342405.45,
      "Total Cost": 342405.46,
      "Plan Rows": 1,
      "Plan Width": 8,
      "Actual Startup Time": 907.718,
      "Actual Total Time": 964.187,
      "Actual Rows": 1,
      "Actual Loops": 1,
      "Plans": [
        {
          "Node Type": "Gather",
          "Parent Relationship": "Outer",
          "Parallel Aware": false,
          "Startup Cost": 342404.82,
          "Total Cost": 342405.43,
          "Plan Rows": 6,
          "Plan Width": 8,
          "Actual Startup Time": 907.602,
          "Actual Total Time": 964.176,
          "Actual Rows": 7,
          "Actual Loops": 1,
          "Workers Planned": 6,
          "Workers Launched": 6,
          "Single Copy": false,
          "Plans": [
            {
              "Node Type": "Aggregate",
              "Strategy": "Plain",
              "Partial Mode": "Partial",
              "Parent Relationship": "Outer",
              "Parallel Aware": false,
              "Startup Cost": 341404.82,
              "Total Cost": 341404.83,
              "Plan Rows": 1,
              "Plan Width": 8,
              "Actual Startup Time": 898.443,
              "Actual Total Time": 898.445,
              "Actual Rows": 1,
              "Actual Loops": 7,
              "Plans": [
                {
                  "Node Type": "Seq Scan",
                  "Parent Relationship": "Outer",
                  "Parallel Aware": true,
                  "Relation Name": "cast_info",
                  "Alias": "ci",
                  "Startup Cost": 0.0,
                  "Total Cost": 328162.03,
                  "Plan Rows": 5297119,
                  "Plan Width": 0,
                  "Actual Startup Time": 0.049,
                  "Actual Total Time": 684.117,
                  "Actual Rows": 4570584,
                  "Actual Loops": 7,
                  "Filter": "(person_id < 3281675)",
                  "Rows Removed by Filter": 607179
                }
              ]
            }
          ]
        }
      ]
    },
    "Planning Time": 0.16,
    "Triggers": [],
    "Execution Time": 964.251
  }
]