[
  {
    "Plan": {
      "Node Type": "Aggregate",
      "Strategy": "Plain",
      "Partial Mode": "Finalize",
      "Parallel Aware": false,
      "Startup Cost": 111778.45,
      "Total Cost": 111778.46,
      "Plan Rows": 1,
      "Plan Width": 8,
      "Actual Startup Time": 482.546,
      "Actual Total Time": 500.568,
      "Actual Rows": 1,
      "Actual Loops": 1,
      "Plans": [
        {
          "Node Type": "Gather",
          "Parent Relationship": "Outer",
          "Parallel Aware": false,
          "Startup Cost": 111778.13,
          "Total Cost": 111778.44,
          "Plan Rows": 3,
          "Plan Width": 8,
          "Actual Startup Time": 479.328,
          "Actual Total Time": 500.548,
          "Actual Rows": 4,
          "Actual Loops": 1,
          "Workers Planned": 3,
          "Workers Launched": 3,
          "Single Copy": false,
          "Plans": [
            {
              "Node Type": "Aggregate",
              "Strategy": "Plain",
              "Partial Mode": "Partial",
              "Parent Relationship": "Outer",
              "Parallel Aware": false,
              "Startup Cost": 110778.13,
              "Total Cost": 110778.14,
              "Plan Rows": 1,
              "Plan Width": 8,
              "Actual Startup Time": 469.441,
              "Actual Total Time": 469.509,
              "Actual Rows": 1,
              "Actual Loops": 4,
              "Plans": [
                {
                  "Node Type": "Hash Join",
                  "Parent Relationship": "Outer",
                  "Parallel Aware": true,
                  "Join Type": "Inner",
                  "Startup Cost": 63011.6,
                  "Total Cost": 110529.58,
                  "Plan Rows": 99418,
                  "Plan Width": 0,
                  "Actual Startup Time": 262.761,
                  "Actual Total Time": 445.053,
                  "Actual Rows": 623842,
                  "Actual Loops": 4,
                  "Inner Unique": false,
                  "Hash Cond": "(mk.movie_id = t.id)",
                  "Plans": [
                    {
                      "Node Type": "Seq Scan",
                      "Parent Relationship": "Outer",
                      "Parallel Aware": true,
                      "Relation Name": "movie_keyword",
                      "Alias": "mk",
                      "Startup Cost": 0.0,
                      "Total Cost": 42695.65,
                      "Plan Rows": 1175492,
                      "Plan Width": 4,
                      "Actual Startup Time": 0.057,
                      "Actual Total Time": 107.817,
                      "Actual Rows": 906978,
                      "Actual Loops": 4,
                      "Filter": "(keyword_id > 845)",
                      "Rows Removed by Filter": 224004
                    },
                    {
                      "Node Type": "Hash",
                      "Parent Relationship": "Inner",
                      "Parallel Aware": true,
                      "Startup Cost": 61897.88,
                      "Total Cost": 61897.88,
                      "Plan Rows": 89097,
                      "Plan Width": 8,
                      "Actual Startup Time": 228.22,
                      "Actual Total Time": 228.286,
                      "Actual Rows": 70889,
                      "Actual Loops": 4,
                      "Hash Buckets": 524288,
                      "Original Hash Buckets": 262144,
                      "Hash Batches": 1,
                      "Original Hash Batches": 1,
                      "Peak Memory Usage": 17280,
                      "Plans": [
                        {
                          "Node Type": "Hash Join",
                          "Parent Relationship": "Outer",
                          "Parallel Aware": true,
                          "Join Type": "Inner",
                          "Startup Cost": 46703.32,
                          "Total Cost": 61897.88,
                          "Plan Rows": 89097,
                          "Plan Width": 8,
                          "Actual Startup Time": 157.321,
                          "Actual Total Time": 205.145,
                          "Actual Rows": 70889,
                          "Actual Loops": 4,
                          "Inner Unique": true,
                          "Hash Cond": "(mi_idx.movie_id = t.id)",
                          "Plans": [
                            {
                              "Node Type": "Seq Scan",
                              "Parent Relationship": "Outer",
                              "Parallel Aware": true,
                              "Relation Name": "movie_info_idx",
                              "Alias": "mi_idx",
                              "Startup Cost": 0.0,
                              "Total Cost": 13685.15,
                              "Plan Rows": 575015,
                              "Plan Width": 4,
                              "Actual Startup Time": 0.024,
                              "Actual Total Time": 28.508,
                              "Actual Rows": 345009,
                              "Actual Loops": 4
                            },
                            {
                              "Node Type": "Hash",
                              "Parent Relationship": "Inner",
                              "Parallel Aware": true,
                              "Startup Cost": 45479.1,
                              "Total Cost": 45479.1,
                              "Plan Rows": 97938,
                              "Plan Width": 4,
                              "Actual Startup Time": 127.945,
                              "Actual Total Time": 127.946,
                              "Actual Rows": 72423,
                              "Actual Loops": 4,
                              "Hash Buckets": 524288,
                              "Original Hash Buckets": 524288,
                              "Hash Batches": 1,
                              "Original Hash Batches": 1,
                              "Peak Memory Usage": 15520,
                              "Plans": [
                                {
                                  "Node Type": "Seq Scan",
                                  "Parent Relationship": "Outer",
                                  "Parallel Aware": true,
                                  "Relation Name": "title",
                                  "Alias": "t",
                                  "Startup Cost": 0.0,
                                  "Total Cost": 45479.1,
                                  "Plan Rows": 97938,
                                  "Plan Width": 4,
                                  "Actual Startup Time": 49.56,
                                  "Actual Total Time": 103.33,
                                  "Actual Rows": 72423,
                                  "Actual Loops": 4,
                                  "Filter": "((production_year > 1998) AND (kind_id = 1))",
                                  "Rows Removed by Filter": 559655
                                }
                              ]
                            }
                          ]
                        }
                      ]
                    }
                  ]
                }
              ]
            }
          ]
        }
      ]
    },
    "Planning Time": 1.365,
    "Triggers": [],
    "Execution Time": 500.652
  }
]