[
  {
    "Plan": {
      "Node Type": "Aggregate",
      "Strategy": "Plain",
      "Partial Mode": "Finalize",
      "Parallel Aware": false,
      "Startup Cost": 44961.24,
      "Total Cost": 44961.25,
      "Plan Rows": 1,
      "Plan Width": 8,
      "Actual Startup Time": 87.469,
      "Actual Total Time": 98.471,
      "Actual Rows": 1,
      "Actual Loops": 1,
      "Plans": [
        {
          "Node Type": "Gather",
          "Parent Relationship": "Outer",
          "Parallel Aware": false,
          "Startup Cost": 44960.82,
          "Total Cost": 44961.23,
          "Plan Rows": 4,
          "Plan Width": 8,
          "Actual Startup Time": 87.33,
          "Actual Total Time": 98.463,
          "Actual Rows": 5,
          "Actual Loops": 1,
          "Workers Planned": 4,
          "Workers Launched": 4,
          "Single Copy": false,
          "Plans": [
            {
              "Node Type": "Aggregate",
              "Strategy": "Plain",
              "Partial Mode": "Partial",
              "Parent Relationship": "Outer",
              "Parallel Aware": false,
              "Startup Cost": 43960.82,
              "Total Cost": 43960.83,
              "Plan Rows": 1,
              "Plan Width": 8,
              "Actual Startup Time": 80.024,
              "Actual Total Time": 80.026,
              "Actual Rows": 1,
              "Actual Loops": 5,
              "Plans": [
                {
                  "Node Type": "Seq Scan",
                  "Parent Relationship": "Outer",
                  "Parallel Aware": true,
                  "Relation Name": "title",
                  "Alias": "t",
                  "Startup Cost": 0.0,
                  "Total Cost": 43898.92,
                  "Plan Rows": 24761,
                  "Plan Width": 0,
                  "Actual Startup Time": 49.029,
                  "Actual Total Time": 79.041,
                  "Actual Rows": 20239,
                  "Actual Loops": 5,
                  "Filter": "(production_year < 1925)",
                  "Rows Removed by Filter": 485424
                }
              ]
            }
          ]
        }
      ]
    },
    "Planning Time": 0.178,
    "Triggers": [],
    "Execution Time": 98.523
  }
]