{
  "Plan": {
    "Node Type": "Aggregate",
    "Strategy": "Plain",
    "Partial Mode": "Finalize",
    "Parallel Aware": false,
    "Startup Cost": 113808.13,
    "Total Cost": 113808.14,
    "Plan Rows": 1,
    "Plan Width": 8,
    "Actual Startup Time": 454.646,
    "Actual Total Time": 474.271,
    "Actual Rows": 1,
    "Actual Loops": 1,
    "Plans": [
      {
        "Node Type": "Gather",
        "Parent Relationship": "Outer",
        "Parallel Aware": false,
        "Startup Cost": 113808.02,
        "Total Cost": 113808.13,
        "Plan Rows": 1,
        "Plan Width": 8,
        "Actual Startup Time": 454.442,
        "Actual Total Time": 474.263,
        "Actual Rows": 2,
        "Actual Loops": 1,
        "Workers Planned": 1,
        "Workers Launched": 1,
        "Single Copy": false,
        "Plans": [
          {
            "Node Type": "Aggregate",
            "Strategy": "Plain",
            "Partial Mode": "Partial",
            "Parent Relationship": "Outer",
            "Parallel Aware": false,
            "Startup Cost": 112808.02,
            "Total Cost": 112808.03,
            "Plan Rows": 1,
            "Plan Width": 8,
            "Actual Startup Time": 448.225,
            "Actual Total Time": 448.23,
            "Actual Rows": 1,
            "Actual Loops": 2,
            "Plans": [
              {
                "Node Type": "Nested Loop",
                "Parent Relationship": "Outer",
                "Parallel Aware": false,
                "Join Type": "Inner",
                "Startup Cost": 38645.03,
                "Total Cost": 112757.68,
                "Plan Rows": 20135,
                "Plan Width": 0,
                "Actual Startup Time": 70.942,
                "Actual Total Time": 443.32,
                "Actual Rows": 118546,
                "Actual Loops": 2,
                "Inner Unique": false,
                "Join Filter": "(t.id = mc.movie_id)",
                "Rows Removed by Join Filter": 0,
                "Plans": [
                  {
                    "Node Type": "Hash Join",
                    "Parent Relationship": "Outer",
                    "Parallel Aware": true,
                    "Join Type": "Inner",
                    "Startup Cost": 38644.6,
                    "Total Cost": 100644.52,
                    "Plan Rows": 19511,
                    "Plan Width": 8,
                    "Actual Startup Time": 70.885,
                    "Actual Total Time": 360.311,
                    "Actual Rows": 26202,
                    "Actual Loops": 2,
                    "Inner Unique": true,
                    "Hash Cond": "(mk.movie_id = t.id)",
                    "Plans": [
                      {
                        "Node Type": "Seq Scan",
                        "Parent Relationship": "Outer",
                        "Parallel Aware": true,
                        "Relation Name": "movie_keyword",
                        "Alias": "mk",
                        "Startup Cost": 0.0,
                        "Total Cost": 57718.19,
                        "Plan Rows": 1631129,
                        "Plan Width": 4,
                        "Actual Startup Time": 0.025,
                        "Actual Total Time": 192.91,
                        "Actual Rows": 1384863,
                        "Actual Loops": 2,
                        "Filter": "(keyword_id < 7920)",
                        "Rows Removed by Filter": 877102
                      },
                      {
                        "Node Type": "Hash",
                        "Parent Relationship": "Inner",
                        "Parallel Aware": true,
                        "Startup Cost": 38422.22,
                        "Total Cost": 38422.22,
                        "Plan Rows": 17790,
                        "Plan Width": 4,
                        "Actual Startup Time": 69.684,
                        "Actual Total Time": 69.686,
                        "Actual Rows": 15657,
                        "Actual Loops": 2,
                        "Hash Buckets": 32768,
                        "Original Hash Buckets": 32768,
                        "Hash Batches": 1,
                        "Original Hash Batches": 1,
                        "Peak Memory Usage": 1504,
                        "Plans": [
                          {
                            "Node Type": "Bitmap Heap Scan",
                            "Parent Relationship": "Outer",
                            "Parallel Aware": true,
                            "Relation Name": "title",
                            "Alias": "t",
                            "Startup Cost": 1624.1,
                            "Total Cost": 38422.22,
                            "Plan Rows": 17790,
                            "Plan Width": 4,
                            "Actual Startup Time": 21.576,
                            "Actual Total Time": 65.928,
                            "Actual Rows": 15657,
                            "Actual Loops": 2,
                            "Recheck Cond": "(kind_id = 2)",
                            "Rows Removed by Index Recheck": 0,
                            "Filter": "(production_year < 1996)",
                            "Rows Removed by Filter": 29769,
                            "Exact Heap Blocks": 20499,
                            "Lossy Heap Blocks": 0,
                            "Plans": [
                              {
                                "Node Type": "Bitmap Index Scan",
                                "Parent Relationship": "Outer",
                                "Parallel Aware": false,
                                "Index Name": "kind_id_title",
                                "Startup Cost": 0.0,
                                "Total Cost": 1616.54,
                                "Plan Rows": 90681,
                                "Plan Width": 0,
                                "Actual Startup Time": 18.986,
                                "Actual Total Time": 18.987,
                                "Actual Rows": 90852,
                                "Actual Loops": 1,
                                "Index Cond": "(kind_id = 2)"
                              }
                            ]
                          }
                        ]
                      }
                    ]
                  },
                  {
                    "Node Type": "Index Only Scan",
                    "Parent Relationship": "Inner",
                    "Parallel Aware": false,
                    "Scan Direction": "Forward",
                    "Index Name": "movie_id_movie_companies",
                    "Relation Name": "movie_companies",
                    "Alias": "mc",
                    "Startup Cost": 0.43,
                    "Total Cost": 0.56,
                    "Plan Rows": 5,
                    "Plan Width": 4,
                    "Actual Startup Time": 0.002,
                    "Actual Total Time": 0.003,
                    "Actual Rows": 5,
                    "Actual Loops": 52405,
                    "Index Cond": "(movie_id = mk.movie_id)",
                    "Rows Removed by Index Recheck": 0,
                    "Heap Fetches": 237093
                  }
                ]
              }
            ]
          }
        ]
      }
    ]
  },
  "Planning Time": 1.111,
  "Triggers": [],
  "Execution Time": 474.384
}