{
  "Plan": {
    "Node Type": "Aggregate",
    "Strategy": "Plain",
    "Partial Mode": "Finalize",
    "Parallel Aware": false,
    "Startup Cost": 85846.43,
    "Total Cost": 85846.44,
    "Plan Rows": 1,
    "Plan Width": 8,
    "Actual Startup Time": 249.485,
    "Actual Total Time": 263.745,
    "Actual Rows": 1,
    "Actual Loops": 1,
    "Plans": [
      {
        "Node Type": "Gather",
        "Parent Relationship": "Outer",
        "Parallel Aware": false,
        "Startup Cost": 85846.32,
        "Total Cost": 85846.43,
        "Plan Rows": 1,
        "Plan Width": 8,
        "Actual Startup Time": 249.125,
        "Actual Total Time": 263.738,
        "Actual Rows": 2,
        "Actual Loops": 1,
        "Workers Planned": 1,
        "Workers Launched": 1,
        "Single Copy": false,
        "Plans": [
          {
            "Node Type": "Aggregate",
            "Strategy": "Plain",
            "Partial Mode": "Partial",
            "Parent Relationship": "Outer",
            "Parallel Aware": false,
            "Startup Cost": 84846.32,
            "Total Cost": 84846.33,
            "Plan Rows": 1,
            "Plan Width": 8,
            "Actual Startup Time": 243.055,
            "Actual Total Time": 243.058,
            "Actual Rows": 1,
            "Actual Loops": 2,
            "Plans": [
              {
                "Node Type": "Hash Join",
                "Parent Relationship": "Outer",
                "Parallel Aware": true,
                "Join Type": "Inner",
                "Startup Cost": 23563.45,
                "Total Cost": 84788.58,
                "Plan Rows": 23096,
                "Plan Width": 0,
                "Actual Startup Time": 67.964,
                "Actual Total Time": 242.593,
                "Actual Rows": 6588,
                "Actual Loops": 2,
                "Inner Unique": false,
                "Hash Cond": "(t.id = mc.movie_id)",
                "Plans": [
                  {
                    "Node Type": "Seq Scan",
                    "Parent Relationship": "Outer",
                    "Parallel Aware": true,
                    "Relation Name": "title",
                    "Alias": "t",
                    "Startup Cost": 0.0,
                    "Total Cost": 58306.47,
                    "Plan Rows": 445249,
                    "Plan Width": 4,
                    "Actual Startup Time": 0.012,
                    "Actual Total Time": 129.679,
                    "Actual Rows": 328600,
                    "Actual Loops": 2,
                    "Filter": "((kind_id < 7) AND (production_year > 1981))",
                    "Rows Removed by Filter": 935556
                  },
                  {
                    "Node Type": "Hash",
                    "Parent Relationship": "Inner",
                    "Parallel Aware": true,
                    "Startup Cost": 22599.14,
                    "Total Cost": 22599.14,
                    "Plan Rows": 77145,
                    "Plan Width": 4,
                    "Actual Startup Time": 64.577,
                    "Actual Total Time": 64.579,
                    "Actual Rows": 67404,
                    "Actual Loops": 2,
                    "Hash Buckets": 262144,
                    "Original Hash Buckets": 262144,
                    "Hash Batches": 1,
                    "Original Hash Batches": 1,
                    "Peak Memory Usage": 7360,
                    "Plans": [
                      {
                        "Node Type": "Bitmap Heap Scan",
                        "Parent Relationship": "Outer",
                        "Parallel Aware": true,
                        "Relation Name": "movie_companies",
                        "Alias": "mc",
                        "Startup Cost": 2844.82,
                        "Total Cost": 22599.14,
                        "Plan Rows": 77145,
                        "Plan Width": 4,
                        "Actual Startup Time": 15.505,
                        "Actual Total Time": 45.84,
                        "Actual Rows": 67404,
                        "Actual Loops": 2,
                        "Recheck Cond": "(company_id < 27)",
                        "Rows Removed by Index Recheck": 0,
                        "Exact Heap Blocks": 8488,
                        "Lossy Heap Blocks": 0,
                        "Plans": [
                          {
                            "Node Type": "Bitmap Index Scan",
                            "Parent Relationship": "Outer",
                            "Parallel Aware": false,
                            "Index Name": "company_id_movie_companies",
                            "Startup Cost": 0.0,
                            "Total Cost": 2812.03,
                            "Plan Rows": 131147,
                            "Plan Width": 0,
                            "Actual Startup Time": 15.232,
                            "Actual Total Time": 15.232,
                            "Actual Rows": 134807,
                            "Actual Loops": 1,
                            "Index Cond": "(company_id < 27)"
                          }
                        ]
                      }
                    ]
                  }
                ]
              }
            ]
          }
        ]
      }
    ]
  },
  "Planning Time": 0.548,
  "Triggers": [],
  "Execution Time": 263.838
}