[
    {
        "Bao": {
            "Bao prediction": "NaN",
            "Bao recommended hint": "(no hint)"
        }
    },
    {
        "Plan": {
            "Node Type": "Aggregate",
            "Strategy": "Plain",
            "Partial Mode": "Finalize",
            "Parallel Aware": false,
            "Startup Cost": 33178.15,
            "Total Cost": 33178.16,
            "Plan Rows": 1,
            "Plan Width": 8,
            "Actual Startup Time": 115.534,
            "Actual Total Time": 121.209,
            "Actual Rows": 1,
            "Actual Loops": 1,
            "Output": [
                "count(*)"
            ],
            "Plans": [
                {
                    "Node Type": "Gather",
                    "Parent Relationship": "Outer",
                    "Parallel Aware": false,
                    "Startup Cost": 33177.83,
                    "Total Cost": 33178.14,
                    "Plan Rows": 3,
                    "Plan Width": 8,
                    "Actual Startup Time": 115.462,
                    "Actual Total Time": 121.202,
                    "Actual Rows": 4,
                    "Actual Loops": 1,
                    "Output": [
                        "(PARTIAL count(*))"
                    ],
                    "Workers Planned": 3,
                    "Workers Launched": 3,
                    "Single Copy": false,
                    "Plans": [
                        {
                            "Node Type": "Aggregate",
                            "Strategy": "Plain",
                            "Partial Mode": "Partial",
                            "Parent Relationship": "Outer",
                            "Parallel Aware": false,
                            "Startup Cost": 32177.83,
                            "Total Cost": 32177.84,
                            "Plan Rows": 1,
                            "Plan Width": 8,
                            "Actual Startup Time": 106.616,
                            "Actual Total Time": 106.618,
                            "Actual Rows": 1,
                            "Actual Loops": 4,
                            "Output": [
                                "PARTIAL count(*)"
                            ],
                            "Workers": [
                                {
                                    "Worker Number": 0,
                                    "Actual Startup Time": 103.591,
                                    "Actual Total Time": 103.592,
                                    "Actual Rows": 1,
                                    "Actual Loops": 1
                                },
                                {
                                    "Worker Number": 1,
                                    "Actual Startup Time": 103.601,
                                    "Actual Total Time": 103.602,
                                    "Actual Rows": 1,
                                    "Actual Loops": 1
                                },
                                {
                                    "Worker Number": 2,
                                    "Actual Startup Time": 104.187,
                                    "Actual Total Time": 104.188,
                                    "Actual Rows": 1,
                                    "Actual Loops": 1
                                }
                            ],
                            "Plans": [
                                {
                                    "Node Type": "Seq Scan",
                                    "Parent Relationship": "Outer",
                                    "Parallel Aware": true,
                                    "Relation Name": "movie_companies",
                                    "Schema": "public",
                                    "Alias": "mc",
                                    "Startup Cost": 0.0,
                                    "Total Cost": 31414.82,
                                    "Plan Rows": 305205,
                                    "Plan Width": 0,
                                    "Actual Startup Time": 49.361,
                                    "Actual Total Time": 92.203,
                                    "Actual Rows": 277930,
                                    "Actual Loops": 4,
                                    "Output": [
                                        "id",
                                        "movie_id",
                                        "company_id",
                                        "company_type_id",
                                        "note"
                                    ],
                                    "Filter": "((mc.company_id > 1471) AND (mc.company_type_id > 1))",
                                    "Rows Removed by Filter": 374353,
                                    "Workers": [
                                        {
                                            "Worker Number": 0,
                                            "Actual Startup Time": 46.337,
                                            "Actual Total Time": 89.718,
                                            "Actual Rows": 339508,
                                            "Actual Loops": 1
                                        },
                                        {
                                            "Worker Number": 1,
                                            "Actual Startup Time": 46.346,
                                            "Actual Total Time": 89.495,
                                            "Actual Rows": 215396,
                                            "Actual Loops": 1
                                        },
                                        {
                                            "Worker Number": 2,
                                            "Actual Startup Time": 46.943,
                                            "Actual Total Time": 90.255,
                                            "Actual Rows": 345756,
                                            "Actual Loops": 1
                                        }
                                    ]
                                }
                            ]
                        }
                    ]
                }
            ]
        },
        "Planning Time": 279.74,
        "Triggers": [],
        "Execution Time": 121.265
    }
]