[
  {
    "Plan": {
      "Node Type": "Aggregate",
      "Strategy": "Plain",
      "Partial Mode": "Finalize",
      "Parallel Aware": false,
      "Startup Cost": 341336.48,
      "Total Cost": 341336.49,
      "Plan Rows": 1,
      "Plan Width": 8,
      "Actual Startup Time": 469.476,
      "Actual Total Time": 491.721,
      "Actual Rows": 1,
      "Actual Loops": 1,
      "Plans": [
        {
          "Node Type": "Gather",
          "Parent Relationship": "Outer",
          "Parallel Aware": false,
          "Startup Cost": 341335.86,
          "Total Cost": 341336.47,
          "Plan Rows": 6,
          "Plan Width": 8,
          "Actual Startup Time": 469.325,
          "Actual Total Time": 491.711,
          "Actual Rows": 7,
          "Actual Loops": 1,
          "Workers Planned": 6,
          "Workers Launched": 6,
          "Single Copy": false,
          "Plans": [
            {
              "Node Type": "Aggregate",
              "Strategy": "Plain",
              "Partial Mode": "Partial",
              "Parent Relationship": "Outer",
              "Parallel Aware": false,
              "Startup Cost": 340335.86,
              "Total Cost": 340335.87,
              "Plan Rows": 1,
              "Plan Width": 8,
              "Actual Startup Time": 459.964,
              "Actual Total Time": 459.966,
              "Actual Rows": 1,
              "Actual Loops": 7,
              "Plans": [
                {
                  "Node Type": "Index Scan",
                  "Parent Relationship": "Outer",
                  "Parallel Aware": true,
                  "Scan Direction": "Forward",
                  "Index Name": "role_id_cast_info",
                  "Relation Name": "cast_info",
                  "Alias": "ci",
                  "Startup Cost": 0.56,
                  "Total Cost": 335235.55,
                  "Plan Rows": 2040124,
                  "Plan Width": 0,
                  "Actual Startup Time": 28.896,
                  "Actual Total Time": 383.359,
                  "Actual Rows": 1739965,
                  "Actual Loops": 7,
                  "Index Cond": "(role_id < 2)",
                  "Rows Removed by Index Recheck": 0,
                  "Filter": "(person_id > 70727)",
                  "Rows Removed by Filter": 70134
                }
              ]
            }
          ]
        }
      ]
    },
    "Planning Time": 0.239,
    "Triggers": [],
    "Execution Time": 491.797
  }
]