[
  {
    "Plan": {
      "Node Type": "Aggregate",
      "Strategy": "Plain",
      "Partial Mode": "Finalize",
      "Parallel Aware": false,
      "Startup Cost": 120211.37,
      "Total Cost": 120211.38,
      "Plan Rows": 1,
      "Plan Width": 8,
      "Actual Startup Time": 573.74,
      "Actual Total Time": 592.089,
      "Actual Rows": 1,
      "Actual Loops": 1,
      "Plans": [
        {
          "Node Type": "Gather",
          "Parent Relationship": "Outer",
          "Parallel Aware": false,
          "Startup Cost": 120210.95,
          "Total Cost": 120211.36,
          "Plan Rows": 4,
          "Plan Width": 8,
          "Actual Startup Time": 555.828,
          "Actual Total Time": 592.08,
          "Actual Rows": 5,
          "Actual Loops": 1,
          "Workers Planned": 4,
          "Workers Launched": 4,
          "Single Copy": false,
          "Plans": [
            {
              "Node Type": "Aggregate",
              "Strategy": "Plain",
              "Partial Mode": "Partial",
              "Parent Relationship": "Outer",
              "Parallel Aware": false,
              "Startup Cost": 119210.95,
              "Total Cost": 119210.96,
              "Plan Rows": 1,
              "Plan Width": 8,
              "Actual Startup Time": 545.625,
              "Actual Total Time": 545.844,
              "Actual Rows": 1,
              "Actual Loops": 5,
              "Plans": [
                {
                  "Node Type": "Hash Join",
                  "Parent Relationship": "Outer",
                  "Parallel Aware": true,
                  "Join Type": "Inner",
                  "Startup Cost": 70140.02,
                  "Total Cost": 118948.22,
                  "Plan Rows": 105089,
                  "Plan Width": 0,
                  "Actual Startup Time": 396.089,
                  "Actual Total Time": 541.163,
                  "Actual Rows": 92464,
                  "Actual Loops": 5,
                  "Inner Unique": false,
                  "Hash Cond": "(ci.movie_id = t.id)",
                  "Plans": [
                    {
                      "Node Type": "Index Scan",
                      "Parent Relationship": "Outer",
                      "Parallel Aware": true,
                      "Scan Direction": "Forward",
                      "Index Name": "role_id_cast_info",
                      "Relation Name": "cast_info",
                      "Alias": "ci",
                      "Startup Cost": 0.56,
                      "Total Cost": 46764.42,
                      "Plan Rows": 428396,
                      "Plan Width": 4,
                      "Actual Startup Time": 0.253,
                      "Actual Total Time": 61.581,
                      "Actual Rows": 340709,
                      "Actual Loops": 5,
                      "Index Cond": "(role_id = 8)",
                      "Rows Removed by Index Recheck": 0
                    },
                    {
                      "Node Type": "Hash",
                      "Parent Relationship": "Inner",
                      "Parallel Aware": true,
                      "Startup Cost": 66909.18,
                      "Total Cost": 66909.18,
                      "Plan Rows": 258422,
                      "Plan Width": 8,
                      "Actual Startup Time": 391.762,
                      "Actual Total Time": 391.979,
                      "Actual Rows": 99919,
                      "Actual Loops": 5,
                      "Hash Buckets": 1048576,
                      "Original Hash Buckets": 1048576,
                      "Hash Batches": 1,
                      "Original Hash Batches": 1,
                      "Peak Memory Usage": 27808,
                      "Plans": [
                        {
                          "Node Type": "Hash Join",
                          "Parent Relationship": "Outer",
                          "Parallel Aware": true,
                          "Join Type": "Inner",
                          "Startup Cost": 50774.34,
                          "Total Cost": 66909.18,
                          "Plan Rows": 258422,
                          "Plan Width": 8,
                          "Actual Startup Time": 264.464,
                          "Actual Total Time": 356.527,
                          "Actual Rows": 99919,
                          "Actual Loops": 5,
                          "Inner Unique": true,
                          "Hash Cond": "(mi_idx.movie_id = t.id)",
                          "Plans": [
                            {
                              "Node Type": "Seq Scan",
                              "Parent Relationship": "Outer",
                              "Parallel Aware": true,
                              "Relation Name": "movie_info_idx",
                              "Alias": "mi_idx",
                              "Startup Cost": 0.0,
                              "Total Cost": 15122.68,
                              "Plan Rows": 385585,
                              "Plan Width": 4,
                              "Actual Startup Time": 0.032,
                              "Actual Total Time": 34.436,
                              "Actual Rows": 184022,
                              "Actual Loops": 5,
                              "Filter": "(info_type_id > 99)",
                              "Rows Removed by Filter": 91985
                            },
                            {
                              "Node Type": "Hash",
                              "Parent Relationship": "Inner",
                              "Parallel Aware": true,
                              "Startup Cost": 45479.1,
                              "Total Cost": 45479.1,
                              "Plan Rows": 423619,
                              "Plan Width": 4,
                              "Actual Startup Time": 260.641,
                              "Actual Total Time": 260.642,
                              "Actual Rows": 359418,
                              "Actual Loops": 5,
                              "Hash Buckets": 2097152,
                              "Original Hash Buckets": 2097152,
                              "Hash Batches": 1,
                              "Original Hash Batches": 1,
                              "Peak Memory Usage": 86752,
                              "Plans": [
                                {
                                  "Node Type": "Seq Scan",
                                  "Parent Relationship": "Outer",
                                  "Parallel Aware": true,
                                  "Relation Name": "title",
                                  "Alias": "t",
                                  "Startup Cost": 0.0,
                                  "Total Cost": 45479.1,
                                  "Plan Rows": 423619,
                                  "Plan Width": 4,
                                  "Actual Startup Time": 0.05,
                                  "Actual Total Time": 106.83,
                                  "Actual Rows": 359418,
                                  "Actual Loops": 5,
                                  "Filter": "((kind_id > 1) AND (production_year > 1949))",
                                  "Rows Removed by Filter": 146245
                                }
                              ]
                            }
                          ]
                        }
                      ]
                    }
                  ]
                }
              ]
            }
          ]
        }
      ]
    },
    "Planning Time": 1.319,
    "Triggers": [],
    "Execution Time": 592.188
  }
]