[
  {
    "Plan": {
      "Node Type": "Aggregate",
      "Strategy": "Plain",
      "Partial Mode": "Finalize",
      "Parallel Aware": false,
      "Startup Cost": 333113.18,
      "Total Cost": 333113.2,
      "Plan Rows": 1,
      "Plan Width": 8,
      "Actual Startup Time": 660.504,
      "Actual Total Time": 717.279,
      "Actual Rows": 1,
      "Actual Loops": 1,
      "Plans": [
        {
          "Node Type": "Gather",
          "Parent Relationship": "Outer",
          "Parallel Aware": false,
          "Startup Cost": 333112.56,
          "Total Cost": 333113.17,
          "Plan Rows": 6,
          "Plan Width": 8,
          "Actual Startup Time": 660.366,
          "Actual Total Time": 717.269,
          "Actual Rows": 7,
          "Actual Loops": 1,
          "Workers Planned": 6,
          "Workers Launched": 6,
          "Single Copy": false,
          "Plans": [
            {
              "Node Type": "Aggregate",
              "Strategy": "Plain",
              "Partial Mode": "Partial",
              "Parent Relationship": "Outer",
              "Parallel Aware": false,
              "Startup Cost": 332112.56,
              "Total Cost": 332112.57,
              "Plan Rows": 1,
              "Plan Width": 8,
              "Actual Startup Time": 652.184,
              "Actual Total Time": 652.186,
              "Actual Rows": 1,
              "Actual Loops": 7,
              "Plans": [
                {
                  "Node Type": "Seq Scan",
                  "Parent Relationship": "Outer",
                  "Parallel Aware": true,
                  "Relation Name": "cast_info",
                  "Alias": "ci",
                  "Startup Cost": 0.0,
                  "Total Cost": 328162.03,
                  "Plan Rows": 1580214,
                  "Plan Width": 0,
                  "Actual Startup Time": 316.786,
                  "Actual Total Time": 589.045,
                  "Actual Rows": 1342207,
                  "Actual Loops": 7,
                  "Filter": "(person_id > 2764382)",
                  "Rows Removed by Filter": 3835557
                }
              ]
            }
          ]
        }
      ]
    },
    "Planning Time": 0.204,
    "Triggers": [],
    "Execution Time": 717.351
  }
]