[
  {
    "Plan": {
      "Node Type": "Aggregate",
      "Strategy": "Plain",
      "Partial Mode": "Simple",
      "Parallel Aware": false,
      "Startup Cost": 15365.49,
      "Total Cost": 15365.5,
      "Plan Rows": 1,
      "Plan Width": 8,
      "Actual Startup Time": 17.243,
      "Actual Total Time": 17.244,
      "Actual Rows": 1,
      "Actual Loops": 1,
      "Plans": [
        {
          "Node Type": "Bitmap Heap Scan",
          "Parent Relationship": "Outer",
          "Parallel Aware": false,
          "Relation Name": "movie_companies",
          "Alias": "mc",
          "Startup Cost": 184.78,
          "Total Cost": 15354.71,
          "Plan Rows": 4311,
          "Plan Width": 0,
          "Actual Startup Time": 13.7,
          "Actual Total Time": 16.943,
          "Actual Rows": 2225,
          "Actual Loops": 1,
          "Recheck Cond": "(company_id = 11141)",
          "Rows Removed by Index Recheck": 0,
          "Filter": "(company_type_id > 1)",
          "Rows Removed by Filter": 7005,
          "Exact Heap Blocks": 4061,
          "Lossy Heap Blocks": 0,
          "Plans": [
            {
              "Node Type": "Bitmap Index Scan",
              "Parent Relationship": "Outer",
              "Parallel Aware": false,
              "Index Name": "company_id_movie_companies",
              "Startup Cost": 0.0,
              "Total Cost": 183.7,
              "Plan Rows": 8436,
              "Plan Width": 0,
              "Actual Startup Time": 3.037,
              "Actual Total Time": 3.038,
              "Actual Rows": 9230,
              "Actual Loops": 1,
              "Index Cond": "(company_id = 11141)"
            }
          ]
        }
      ]
    },
    "Planning Time": 0.209,
    "Triggers": [],
    "Execution Time": 17.312
  }
]