[
  {
    "Plan": {
      "Node Type": "Aggregate",
      "Strategy": "Plain",
      "Partial Mode": "Simple",
      "Parallel Aware": false,
      "Startup Cost": 16421.91,
      "Total Cost": 16421.92,
      "Plan Rows": 1,
      "Plan Width": 8,
      "Actual Startup Time": 13.144,
      "Actual Total Time": 13.146,
      "Actual Rows": 1,
      "Actual Loops": 1,
      "Plans": [
        {
          "Node Type": "Bitmap Heap Scan",
          "Parent Relationship": "Outer",
          "Parallel Aware": false,
          "Relation Name": "movie_companies",
          "Alias": "mc",
          "Startup Cost": 210.72,
          "Total Cost": 16409.54,
          "Plan Rows": 4946,
          "Plan Width": 0,
          "Actual Startup Time": 9.769,
          "Actual Total Time": 12.883,
          "Actual Rows": 2225,
          "Actual Loops": 1,
          "Recheck Cond": "(company_id = 11141)",
          "Rows Removed by Index Recheck": 0,
          "Filter": "(company_type_id > 1)",
          "Rows Removed by Filter": 7005,
          "Exact Heap Blocks": 4061,
          "Lossy Heap Blocks": 0,
          "Plans": [
            {
              "Node Type": "Bitmap Index Scan",
              "Parent Relationship": "Outer",
              "Parallel Aware": false,
              "Index Name": "company_id_movie_companies",
              "Startup Cost": 0.0,
              "Total Cost": 209.49,
              "Plan Rows": 9741,
              "Plan Width": 0,
              "Actual Startup Time": 1.841,
              "Actual Total Time": 1.842,
              "Actual Rows": 9230,
              "Actual Loops": 1,
              "Index Cond": "(company_id = 11141)"
            }
          ]
        }
      ]
    },
    "Planning Time": 0.144,
    "Triggers": [],
    "Execution Time": 13.189
  }
]