[
  {
    "Plan": {
      "Node Type": "Aggregate",
      "Strategy": "Plain",
      "Partial Mode": "Finalize",
      "Parallel Aware": false,
      "Startup Cost": 94943.76,
      "Total Cost": 94943.77,
      "Plan Rows": 1,
      "Plan Width": 8,
      "Actual Startup Time": 683.535,
      "Actual Total Time": 706.392,
      "Actual Rows": 1,
      "Actual Loops": 1,
      "Plans": [
        {
          "Node Type": "Gather",
          "Parent Relationship": "Outer",
          "Parallel Aware": false,
          "Startup Cost": 94943.44,
          "Total Cost": 94943.75,
          "Plan Rows": 3,
          "Plan Width": 8,
          "Actual Startup Time": 668.867,
          "Actual Total Time": 706.379,
          "Actual Rows": 4,
          "Actual Loops": 1,
          "Workers Planned": 3,
          "Workers Launched": 3,
          "Single Copy": false,
          "Plans": [
            {
              "Node Type": "Aggregate",
              "Strategy": "Plain",
              "Partial Mode": "Partial",
              "Parent Relationship": "Outer",
              "Parallel Aware": false,
              "Startup Cost": 93943.44,
              "Total Cost": 93943.45,
              "Plan Rows": 1,
              "Plan Width": 8,
              "Actual Startup Time": 649.534,
              "Actual Total Time": 649.538,
              "Actual Rows": 1,
              "Actual Loops": 4,
              "Plans": [
                {
                  "Node Type": "Hash Join",
                  "Parent Relationship": "Outer",
                  "Parallel Aware": true,
                  "Join Type": "Inner",
                  "Startup Cost": 65416.29,
                  "Total Cost": 93365.69,
                  "Plan Rows": 231101,
                  "Plan Width": 0,
                  "Actual Startup Time": 481.261,
                  "Actual Total Time": 637.935,
                  "Actual Rows": 180372,
                  "Actual Loops": 4,
                  "Inner Unique": true,
                  "Hash Cond": "(mk.movie_id = t.id)",
                  "Plans": [
                    {
                      "Node Type": "Bitmap Heap Scan",
                      "Parent Relationship": "Outer",
                      "Parallel Aware": true,
                      "Relation Name": "movie_keyword",
                      "Alias": "mk",
                      "Startup Cost": 15196.64,
                      "Total Cost": 42539.41,
                      "Plan Rows": 231101,
                      "Plan Width": 4,
                      "Actual Startup Time": 64.119,
                      "Actual Total Time": 140.081,
                      "Actual Rows": 180372,
                      "Actual Loops": 4,
                      "Recheck Cond": "(keyword_id < 643)",
                      "Rows Removed by Index Recheck": 0,
                      "Exact Heap Blocks": 6186,
                      "Lossy Heap Blocks": 0,
                      "Plans": [
                        {
                          "Node Type": "Bitmap Index Scan",
                          "Parent Relationship": "Outer",
                          "Parallel Aware": false,
                          "Index Name": "keyword_id_movie_keyword",
                          "Startup Cost": 0.0,
                          "Total Cost": 15017.54,
                          "Plan Rows": 716414,
                          "Plan Width": 0,
                          "Actual Startup Time": 58.168,
                          "Actual Total Time": 58.168,
                          "Actual Rows": 721487,
                          "Actual Loops": 1,
                          "Index Cond": "(keyword_id < 643)"
                        }
                      ]
                    },
                    {
                      "Node Type": "Hash",
                      "Parent Relationship": "Inner",
                      "Parallel Aware": true,
                      "Startup Cost": 42318.73,
                      "Total Cost": 42318.73,
                      "Plan Rows": 632073,
                      "Plan Width": 4,
                      "Actual Startup Time": 405.02,
                      "Actual Total Time": 405.021,
                      "Actual Rows": 632078,
                      "Actual Loops": 4,
                      "Hash Buckets": 4194304,
                      "Original Hash Buckets": 4194304,
                      "Hash Batches": 1,
                      "Original Hash Batches": 1,
                      "Peak Memory Usage": 131744,
                      "Plans": [
                        {
                          "Node Type": "Seq Scan",
                          "Parent Relationship": "Outer",
                          "Parallel Aware": true,
                          "Relation Name": "title",
                          "Alias": "t",
                          "Startup Cost": 0.0,
                          "Total Cost": 42318.73,
                          "Plan Rows": 632073,
                          "Plan Width": 4,
                          "Actual Startup Time": 0.037,
                          "Actual Total Time": 122.568,
                          "Actual Rows": 632078,
                          "Actual Loops": 4
                        }
                      ]
                    }
                  ]
                }
              ]
            }
          ]
        }
      ]
    },
    "Planning Time": 0.69,
    "Triggers": [],
    "Execution Time": 706.487
  }
]