[
  {
    "Plan": {
      "Node Type": "Aggregate",
      "Strategy": "Plain",
      "Partial Mode": "Finalize",
      "Parallel Aware": false,
      "Startup Cost": 44330.32,
      "Total Cost": 44330.33,
      "Plan Rows": 1,
      "Plan Width": 8,
      "Actual Startup Time": 128.08,
      "Actual Total Time": 137.841,
      "Actual Rows": 1,
      "Actual Loops": 1,
      "Plans": [
        {
          "Node Type": "Gather",
          "Parent Relationship": "Outer",
          "Parallel Aware": false,
          "Startup Cost": 44330.0,
          "Total Cost": 44330.31,
          "Plan Rows": 3,
          "Plan Width": 8,
          "Actual Startup Time": 127.953,
          "Actual Total Time": 137.833,
          "Actual Rows": 4,
          "Actual Loops": 1,
          "Workers Planned": 3,
          "Workers Launched": 3,
          "Single Copy": false,
          "Plans": [
            {
              "Node Type": "Aggregate",
              "Strategy": "Plain",
              "Partial Mode": "Partial",
              "Parent Relationship": "Outer",
              "Parallel Aware": false,
              "Startup Cost": 43330.0,
              "Total Cost": 43330.01,
              "Plan Rows": 1,
              "Plan Width": 8,
              "Actual Startup Time": 119.708,
              "Actual Total Time": 119.71,
              "Actual Rows": 1,
              "Actual Loops": 4,
              "Plans": [
                {
                  "Node Type": "Seq Scan",
                  "Parent Relationship": "Outer",
                  "Parallel Aware": true,
                  "Relation Name": "movie_keyword",
                  "Alias": "mk",
                  "Startup Cost": 0.0,
                  "Total Cost": 42695.65,
                  "Plan Rows": 253738,
                  "Plan Width": 0,
                  "Actual Startup Time": 6.026,
                  "Actual Total Time": 109.247,
                  "Actual Rows": 194651,
                  "Actual Loops": 4,
                  "Filter": "(keyword_id > 24213)",
                  "Rows Removed by Filter": 936331
                }
              ]
            }
          ]
        }
      ]
    },
    "Planning Time": 0.164,
    "Triggers": [],
    "Execution Time": 137.891
  }
]