[
  {
    "Plan": {
      "Node Type": "Aggregate",
      "Strategy": "Plain",
      "Partial Mode": "Simple",
      "Parallel Aware": false,
      "Startup Cost": 70542.71,
      "Total Cost": 70542.72,
      "Plan Rows": 1,
      "Plan Width": 64,
      "Actual Startup Time": 3212.564,
      "Actual Total Time": 3212.611,
      "Actual Rows": 1,
      "Actual Loops": 1,
      "Output": [
        "min(chn.name)",
        "min(t.title)"
      ],
      "Plans": [
        {
          "Node Type": "Hash Join",
          "Parent Relationship": "Outer",
          "Parallel Aware": false,
          "Join Type": "Inner",
          "Startup Cost": 5953.56,
          "Total Cost": 70541.19,
          "Plan Rows": 305,
          "Plan Width": 33,
          "Actual Startup Time": 3212.536,
          "Actual Total Time": 3212.579,
          "Actual Rows": 0,
          "Actual Loops": 1,
          "Output": [
            "chn.name",
            "t.title"
          ],
          "Inner Unique": true,
          "Hash Cond": "(mc.company_type_id = ct.id)",
          "Plans": [
            {
              "Node Type": "Nested Loop",
              "Parent Relationship": "Outer",
              "Parallel Aware": false,
              "Join Type": "Inner",
              "Startup Cost": 5952.47,
              "Total Cost": 70538.45,
              "Plan Rows": 305,
              "Plan Width": 37,
              "Actual Startup Time": 3212.403,
              "Actual Total Time": 3212.44,
              "Actual Rows": 0,
              "Actual Loops": 1,
              "Output": [
                "chn.name",
                "mc.company_type_id",
                "t.title"
              ],
              "Inner Unique": true,
              "Plans": [
                {
                  "Node Type": "Hash Join",
                  "Parent Relationship": "Outer",
                  "Parallel Aware": false,
                  "Join Type": "Inner",
                  "Startup Cost": 5952.04,
                  "Total Cost": 70361.68,
                  "Plan Rows": 305,
                  "Plan Width": 25,
                  "Actual Startup Time": 3212.402,
                  "Actual Total Time": 3212.435,
                  "Actual Rows": 0,
                  "Actual Loops": 1,
                  "Output": [
                    "ci.person_role_id",
                    "mc.company_type_id",
                    "t.title"
                  ],
                  "Inner Unique": true,
                  "Hash Cond": "(ci.role_id = rt.id)",
                  "Plans": [
                    {
                      "Node Type": "Nested Loop",
                      "Parent Relationship": "Outer",
                      "Parallel Aware": false,
                      "Join Type": "Inner",
                      "Startup Cost": 5950.88,
                      "Total Cost": 70347.52,
                      "Plan Rows": 3662,
                      "Plan Width": 29,
                      "Actual Startup Time": 146.998,
                      "Actual Total Time": 3210.153,
                      "Actual Rows": 2614,
                      "Actual Loops": 1,
                      "Output": [
                        "ci.person_role_id",
                        "ci.role_id",
                        "mc.company_type_id",
                        "t.title"
                      ],
                      "Inner Unique": false,
                      "Join Filter": "(t.id = ci.movie_id)",
                      "Rows Removed by Join Filter": 0,
                      "Plans": [
                        {
                          "Node Type": "Nested Loop",
                          "Parent Relationship": "Outer",
                          "Parallel Aware": false,
                          "Join Type": "Inner",
                          "Startup Cost": 5950.32,
                          "Total Cost": 65712.67,
                          "Plan Rows": 2393,
                          "Plan Width": 29,
                          "Actual Startup Time": 130.558,
                          "Actual Total Time": 1772.888,
                          "Actual Rows": 1259,
                          "Actual Loops": 1,
                          "Output": [
                            "mc.movie_id",
                            "mc.company_type_id",
                            "t.title",
                            "t.id"
                          ],
                          "Inner Unique": true,
                          "Plans": [
                            {
                              "Node Type": "Hash Join",
                              "Parent Relationship": "Outer",
                              "Parallel Aware": false,
                              "Join Type": "Inner",
                              "Startup Cost": 5949.89,
                              "Total Cost": 57680.26,
                              "Plan Rows": 15477,
                              "Plan Width": 8,
                              "Actual Startup Time": 129.048,
                              "Actual Total Time": 1384.949,
                              "Actual Rows": 8790,
                              "Actual Loops": 1,
                              "Output": [
                                "mc.movie_id",
                                "mc.company_type_id"
                              ],
                              "Inner Unique": true,
                              "Hash Cond": "(mc.company_id = cn.id)",
                              "Plans": [
                                {
                                  "Node Type": "Seq Scan",
                                  "Parent Relationship": "Outer",
                                  "Parallel Aware": false,
                                  "Relation Name": "movie_companies",
                                  "Schema": "public",
                                  "Alias": "mc",
                                  "Startup Cost": 0.0,
                                  "Total Cost": 44881.29,
                                  "Plan Rows": 2609129,
                                  "Plan Width": 12,
                                  "Actual Startup Time": 0.012,
                                  "Actual Total Time": 1050.421,
                                  "Actual Rows": 2609129,
                                  "Actual Loops": 1,
                                  "Output": [
                                    "mc.id",
                                    "mc.movie_id",
                                    "mc.company_id",
                                    "mc.company_type_id",
                                    "mc.note"
                                  ]
                                },
                                {
                                  "Node Type": "Hash",
                                  "Parent Relationship": "Inner",
                                  "Parallel Aware": false,
                                  "Startup Cost": 5932.46,
                                  "Total Cost": 5932.46,
                                  "Plan Rows": 1394,
                                  "Plan Width": 4,
                                  "Actual Startup Time": 127.257,
                                  "Actual Total Time": 127.266,
                                  "Actual Rows": 1361,
                                  "Actual Loops": 1,
                                  "Output": [
                                    "cn.id"
                                  ],
                                  "Hash Buckets": 2048,
                                  "Original Hash Buckets": 2048,
                                  "Hash Batches": 1,
                                  "Original Hash Batches": 1,
                                  "Peak Memory Usage": 64,
                                  "Plans": [
                                    {
                                      "Node Type": "Seq Scan",
                                      "Parent Relationship": "Outer",
                                      "Parallel Aware": false,
                                      "Relation Name": "company_name",
                                      "Schema": "public",
                                      "Alias": "cn",
                                      "Startup Cost": 0.0,
                                      "Total Cost": 5932.46,
                                      "Plan Rows": 1394,
                                      "Plan Width": 4,
                                      "Actual Startup Time": 0.107,
                                      "Actual Total Time": 126.246,
                                      "Actual Rows": 1361,
                                      "Actual Loops": 1,
                                      "Output": [
                                        "cn.id"
                                      ],
                                      "Filter": "((cn.country_code)::text = '[ru]'::text)",
                                      "Rows Removed by Filter": 233636
                                    }
                                  ]
                                }
                              ]
                            },
                            {
                              "Node Type": "Index Scan",
                              "Parent Relationship": "Inner",
                              "Parallel Aware": false,
                              "Scan Direction": "Forward",
                              "Index Name": "title_pkey",
                              "Relation Name": "title",
                              "Schema": "public",
                              "Alias": "t",
                              "Startup Cost": 0.43,
                              "Total Cost": 0.52,
                              "Plan Rows": 1,
                              "Plan Width": 21,
                              "Actual Startup Time": 0.043,
                              "Actual Total Time": 0.043,
                              "Actual Rows": 0,
                              "Actual Loops": 8790,
                              "Output": [
                                "t.id",
                                "t.title",
                                "t.imdb_index",
                                "t.kind_id",
                                "t.production_year",
                                "t.imdb_id",
                                "t.phonetic_code",
                                "t.episode_of_id",
                                "t.season_nr",
                                "t.episode_nr",
                                "t.series_years",
                                "t.md5sum"
                              ],
                              "Index Cond": "(t.id = mc.movie_id)",
                              "Rows Removed by Index Recheck": 0,
                              "Filter": "(t.production_year > 2010)",
                              "Rows Removed by Filter": 1
                            }
                          ]
                        },
                        {
                          "Node Type": "Index Scan",
                          "Parent Relationship": "Inner",
                          "Parallel Aware": false,
                          "Scan Direction": "Forward",
                          "Index Name": "movie_id_cast_info",
                          "Relation Name": "cast_info",
                          "Schema": "public",
                          "Alias": "ci",
                          "Startup Cost": 0.56,
                          "Total Cost": 1.91,
                          "Plan Rows": 2,
                          "Plan Width": 12,
                          "Actual Startup Time": 0.64,
                          "Actual Total Time": 1.138,
                          "Actual Rows": 2,
                          "Actual Loops": 1259,
                          "Output": [
                            "ci.id",
                            "ci.person_id",
                            "ci.movie_id",
                            "ci.person_role_id",
                            "ci.note",
                            "ci.nr_order",
                            "ci.role_id"
                          ],
                          "Index Cond": "(ci.movie_id = mc.movie_id)",
                          "Rows Removed by Index Recheck": 0,
                          "Filter": "(ci.note ~~ '%(producer)%'::text)",
                          "Rows Removed by Filter": 44
                        }
                      ]
                    },
                    {
                      "Node Type": "Hash",
                      "Parent Relationship": "Inner",
                      "Parallel Aware": false,
                      "Startup Cost": 1.15,
                      "Total Cost": 1.15,
                      "Plan Rows": 1,
                      "Plan Width": 4,
                      "Actual Startup Time": 0.418,
                      "Actual Total Time": 0.418,
                      "Actual Rows": 1,
                      "Actual Loops": 1,
                      "Output": [
                        "rt.id"
                      ],
                      "Hash Buckets": 1024,
                      "Original Hash Buckets": 1024,
                      "Hash Batches": 1,
                      "Original Hash Batches": 1,
                      "Peak Memory Usage": 9,
                      "Plans": [
                        {
                          "Node Type": "Seq Scan",
                          "Parent Relationship": "Outer",
                          "Parallel Aware": false,
                          "Relation Name": "role_type",
                          "Schema": "public",
                          "Alias": "rt",
                          "Startup Cost": 0.0,
                          "Total Cost": 1.15,
                          "Plan Rows": 1,
                          "Plan Width": 4,
                          "Actual Startup Time": 0.024,
                          "Actual Total Time": 0.026,
                          "Actual Rows": 1,
                          "Actual Loops": 1,
                          "Output": [
                            "rt.id"
                          ],
                          "Filter": "((rt.role)::text = 'actor'::text)",
                          "Rows Removed by Filter": 11
                        }
                      ]
                    }
                  ]
                },
                {
                  "Node Type": "Index Scan",
                  "Parent Relationship": "Inner",
                  "Parallel Aware": false,
                  "Scan Direction": "Forward",
                  "Index Name": "char_name_pkey",
                  "Relation Name": "char_name",
                  "Schema": "public",
                  "Alias": "chn",
                  "Startup Cost": 0.43,
                  "Total Cost": 0.58,
                  "Plan Rows": 1,
                  "Plan Width": 20,
                  "Actual Startup Time": 0.0,
                  "Actual Total Time": 0.0,
                  "Actual Rows": 0,
                  "Actual Loops": 0,
                  "Output": [
                    "chn.id",
                    "chn.name",
                    "chn.imdb_index",
                    "chn.imdb_id",
                    "chn.name_pcode_nf",
                    "chn.surname_pcode",
                    "chn.md5sum"
                  ],
                  "Index Cond": "(chn.id = ci.person_role_id)",
                  "Rows Removed by Index Recheck": 0
                }
              ]
            },
            {
              "Node Type": "Hash",
              "Parent Relationship": "Inner",
              "Parallel Aware": false,
              "Startup Cost": 1.04,
              "Total Cost": 1.04,
              "Plan Rows": 4,
              "Plan Width": 4,
              "Actual Startup Time": 0.049,
              "Actual Total Time": 0.049,
              "Actual Rows": 4,
              "Actual Loops": 1,
              "Output": [
                "ct.id"
              ],
              "Hash Buckets": 1024,
              "Original Hash Buckets": 1024,
              "Hash Batches": 1,
              "Original Hash Batches": 1,
              "Peak Memory Usage": 9,
              "Plans": [
                {
                  "Node Type": "Seq Scan",
                  "Parent Relationship": "Outer",
                  "Parallel Aware": false,
                  "Relation Name": "company_type",
                  "Schema": "public",
                  "Alias": "ct",
                  "Startup Cost": 0.0,
                  "Total Cost": 1.04,
                  "Plan Rows": 4,
                  "Plan Width": 4,
                  "Actual Startup Time": 0.019,
                  "Actual Total Time": 0.021,
                  "Actual Rows": 4,
                  "Actual Loops": 1,
                  "Output": [
                    "ct.id"
                  ]
                }
              ]
            }
          ]
        }
      ]
    },
    "Planning Time": 18.04,
    "Triggers": [],
    "Execution Time": 3213.801
  }
]