{
  "Plan": {
    "Node Type": "Aggregate",
    "Strategy": "Plain",
    "Partial Mode": "Finalize",
    "Parallel Aware": false,
    "Startup Cost": 265782.51,
    "Total Cost": 265782.52,
    "Plan Rows": 1,
    "Plan Width": 8,
    "Actual Startup Time": 406.145,
    "Actual Total Time": 420.718,
    "Actual Rows": 1,
    "Actual Loops": 1,
    "Plans": [
      {
        "Node Type": "Gather",
        "Parent Relationship": "Outer",
        "Parallel Aware": false,
        "Startup Cost": 265782.4,
        "Total Cost": 265782.51,
        "Plan Rows": 1,
        "Plan Width": 8,
        "Actual Startup Time": 405.189,
        "Actual Total Time": 420.698,
        "Actual Rows": 2,
        "Actual Loops": 1,
        "Workers Planned": 1,
        "Workers Launched": 1,
        "Single Copy": false,
        "Plans": [
          {
            "Node Type": "Aggregate",
            "Strategy": "Plain",
            "Partial Mode": "Partial",
            "Parent Relationship": "Outer",
            "Parallel Aware": false,
            "Startup Cost": 264782.4,
            "Total Cost": 264782.41,
            "Plan Rows": 1,
            "Plan Width": 8,
            "Actual Startup Time": 399.364,
            "Actual Total Time": 399.368,
            "Actual Rows": 1,
            "Actual Loops": 2,
            "Plans": [
              {
                "Node Type": "Hash Join",
                "Parent Relationship": "Outer",
                "Parallel Aware": true,
                "Join Type": "Inner",
                "Startup Cost": 88805.44,
                "Total Cost": 264455.75,
                "Plan Rows": 130657,
                "Plan Width": 0,
                "Actual Startup Time": 238.004,
                "Actual Total Time": 399.121,
                "Actual Rows": 3367,
                "Actual Loops": 2,
                "Inner Unique": true,
                "Hash Cond": "(mi.movie_id = t.id)",
                "Plans": [
                  {
                    "Node Type": "Bitmap Heap Scan",
                    "Parent Relationship": "Outer",
                    "Parallel Aware": true,
                    "Relation Name": "movie_info",
                    "Alias": "mi",
                    "Startup Cost": 27808.97,
                    "Total Cost": 201089.01,
                    "Plan Rows": 902963,
                    "Plan Width": 4,
                    "Actual Startup Time": 48.531,
                    "Actual Total Time": 114.792,
                    "Actual Rows": 766954,
                    "Actual Loops": 2,
                    "Recheck Cond": "(info_type_id = 3)",
                    "Rows Removed by Index Recheck": 0,
                    "Exact Heap Blocks": 4773,
                    "Lossy Heap Blocks": 0,
                    "Plans": [
                      {
                        "Node Type": "Bitmap Index Scan",
                        "Parent Relationship": "Outer",
                        "Parallel Aware": false,
                        "Index Name": "info_type_id_movie_info",
                        "Startup Cost": 0.0,
                        "Total Cost": 27425.21,
                        "Plan Rows": 1535037,
                        "Plan Width": 0,
                        "Actual Startup Time": 47.051,
                        "Actual Total Time": 47.052,
                        "Actual Rows": 1533909,
                        "Actual Loops": 1,
                        "Index Cond": "(info_type_id = 3)"
                      }
                    ]
                  },
                  {
                    "Node Type": "Hash",
                    "Parent Relationship": "Inner",
                    "Parallel Aware": true,
                    "Startup Cost": 58306.47,
                    "Total Cost": 58306.47,
                    "Plan Rows": 215200,
                    "Plan Width": 4,
                    "Actual Startup Time": 183.368,
                    "Actual Total Time": 183.369,
                    "Actual Rows": 128096,
                    "Actual Loops": 2,
                    "Hash Buckets": 524288,
                    "Original Hash Buckets": 524288,
                    "Hash Batches": 1,
                    "Original Hash Batches": 1,
                    "Peak Memory Usage": 14144,
                    "Plans": [
                      {
                        "Node Type": "Seq Scan",
                        "Parent Relationship": "Outer",
                        "Parallel Aware": true,
                        "Relation Name": "title",
                        "Alias": "t",
                        "Startup Cost": 0.0,
                        "Total Cost": 58306.47,
                        "Plan Rows": 215200,
                        "Plan Width": 4,
                        "Actual Startup Time": 0.032,
                        "Actual Total Time": 147.406,
                        "Actual Rows": 128096,
                        "Actual Loops": 2,
                        "Filter": "((kind_id > 4) AND (production_year < 1986))",
                        "Rows Removed by Filter": 1136060
                      }
                    ]
                  }
                ]
              }
            ]
          }
        ]
      }
    ]
  },
  "Planning Time": 0.488,
  "Triggers": [],
  "Execution Time": 420.793
}