[
  {
    "Plan": {
      "Node Type": "Aggregate",
      "Strategy": "Plain",
      "Partial Mode": "Finalize",
      "Parallel Aware": false,
      "Startup Cost": 66988.11,
      "Total Cost": 66988.12,
      "Plan Rows": 1,
      "Plan Width": 8,
      "Actual Startup Time": 143.288,
      "Actual Total Time": 160.233,
      "Actual Rows": 1,
      "Actual Loops": 1,
      "Plans": [
        {
          "Node Type": "Gather",
          "Parent Relationship": "Outer",
          "Parallel Aware": false,
          "Startup Cost": 66987.8,
          "Total Cost": 66988.11,
          "Plan Rows": 3,
          "Plan Width": 8,
          "Actual Startup Time": 143.014,
          "Actual Total Time": 160.219,
          "Actual Rows": 4,
          "Actual Loops": 1,
          "Workers Planned": 3,
          "Workers Launched": 3,
          "Single Copy": false,
          "Plans": [
            {
              "Node Type": "Aggregate",
              "Strategy": "Plain",
              "Partial Mode": "Partial",
              "Parent Relationship": "Outer",
              "Parallel Aware": false,
              "Startup Cost": 65987.8,
              "Total Cost": 65987.81,
              "Plan Rows": 1,
              "Plan Width": 8,
              "Actual Startup Time": 133.698,
              "Actual Total Time": 133.702,
              "Actual Rows": 1,
              "Actual Loops": 4,
              "Plans": [
                {
                  "Node Type": "Hash Join",
                  "Parent Relationship": "Outer",
                  "Parallel Aware": true,
                  "Join Type": "Inner",
                  "Startup Cost": 46893.15,
                  "Total Cost": 65987.4,
                  "Plan Rows": 159,
                  "Plan Width": 0,
                  "Actual Startup Time": 124.757,
                  "Actual Total Time": 133.692,
                  "Actual Rows": 4,
                  "Actual Loops": 4,
                  "Inner Unique": true,
                  "Hash Cond": "(mc.movie_id = t.id)",
                  "Plans": [
                    {
                      "Node Type": "Bitmap Heap Scan",
                      "Parent Relationship": "Outer",
                      "Parallel Aware": true,
                      "Relation Name": "movie_companies",
                      "Alias": "mc",
                      "Startup Cost": 1351.7,
                      "Total Cost": 20393.15,
                      "Plan Rows": 20115,
                      "Plan Width": 4,
                      "Actual Startup Time": 5.652,
                      "Actual Total Time": 15.713,
                      "Actual Rows": 15519,
                      "Actual Loops": 4,
                      "Recheck Cond": "(company_id = 6)",
                      "Rows Removed by Index Recheck": 0,
                      "Exact Heap Blocks": 2465,
                      "Lossy Heap Blocks": 0,
                      "Plans": [
                        {
                          "Node Type": "Bitmap Index Scan",
                          "Parent Relationship": "Outer",
                          "Parallel Aware": false,
                          "Index Name": "company_id_movie_companies",
                          "Startup Cost": 0.0,
                          "Total Cost": 1336.12,
                          "Plan Rows": 62358,
                          "Plan Width": 0,
                          "Actual Startup Time": 4.508,
                          "Actual Total Time": 4.509,
                          "Actual Rows": 62075,
                          "Actual Loops": 1,
                          "Index Cond": "(company_id = 6)"
                        }
                      ]
                    },
                    {
                      "Node Type": "Hash",
                      "Parent Relationship": "Inner",
                      "Parallel Aware": true,
                      "Startup Cost": 45479.1,
                      "Total Cost": 45479.1,
                      "Plan Rows": 4988,
                      "Plan Width": 4,
                      "Actual Startup Time": 113.754,
                      "Actual Total Time": 113.755,
                      "Actual Rows": 3460,
                      "Actual Loops": 4,
                      "Hash Buckets": 32768,
                      "Original Hash Buckets": 32768,
                      "Hash Batches": 1,
                      "Original Hash Batches": 1,
                      "Peak Memory Usage": 896,
                      "Plans": [
                        {
                          "Node Type": "Seq Scan",
                          "Parent Relationship": "Outer",
                          "Parallel Aware": true,
                          "Relation Name": "title",
                          "Alias": "t",
                          "Startup Cost": 0.0,
                          "Total Cost": 45479.1,
                          "Plan Rows": 4988,
                          "Plan Width": 4,
                          "Actual Startup Time": 0.557,
                          "Actual Total Time": 111.534,
                          "Actual Rows": 3460,
                          "Actual Loops": 4,
                          "Filter": "((kind_id < 3) AND (production_year = 2003))",
                          "Rows Removed by Filter": 628618
                        }
                      ]
                    }
                  ]
                }
              ]
            }
          ]
        }
      ]
    },
    "Planning Time": 0.674,
    "Triggers": [],
    "Execution Time": 160.377
  }
]