{
  "Plan": {
    "Node Type": "Aggregate",
    "Strategy": "Plain",
    "Partial Mode": "Finalize",
    "Parallel Aware": false,
    "Startup Cost": 618348.53,
    "Total Cost": 618348.54,
    "Plan Rows": 1,
    "Plan Width": 8,
    "Actual Startup Time": 3122.572,
    "Actual Total Time": 3158.795,
    "Actual Rows": 1,
    "Actual Loops": 1,
    "Plans": [
      {
        "Node Type": "Gather",
        "Parent Relationship": "Outer",
        "Parallel Aware": false,
        "Startup Cost": 618348.41,
        "Total Cost": 618348.52,
        "Plan Rows": 1,
        "Plan Width": 8,
        "Actual Startup Time": 3119.385,
        "Actual Total Time": 3158.786,
        "Actual Rows": 2,
        "Actual Loops": 1,
        "Workers Planned": 1,
        "Workers Launched": 1,
        "Single Copy": false,
        "Plans": [
          {
            "Node Type": "Aggregate",
            "Strategy": "Plain",
            "Partial Mode": "Partial",
            "Parent Relationship": "Outer",
            "Parallel Aware": false,
            "Startup Cost": 617348.41,
            "Total Cost": 617348.42,
            "Plan Rows": 1,
            "Plan Width": 8,
            "Actual Startup Time": 3113.867,
            "Actual Total Time": 3114.473,
            "Actual Rows": 1,
            "Actual Loops": 2,
            "Plans": [
              {
                "Node Type": "Hash Join",
                "Parent Relationship": "Outer",
                "Parallel Aware": true,
                "Join Type": "Inner",
                "Startup Cost": 65548.47,
                "Total Cost": 610564.7,
                "Plan Rows": 2713486,
                "Plan Width": 0,
                "Actual Startup Time": 420.045,
                "Actual Total Time": 3049.448,
                "Actual Rows": 1300446,
                "Actual Loops": 2,
                "Inner Unique": true,
                "Hash Cond": "(ci.movie_id = t.id)",
                "Plans": [
                  {
                    "Node Type": "Index Scan",
                    "Parent Relationship": "Outer",
                    "Parallel Aware": true,
                    "Scan Direction": "Forward",
                    "Index Name": "role_id_cast_info",
                    "Relation Name": "cast_info",
                    "Alias": "ci",
                    "Startup Cost": 0.56,
                    "Total Cost": 526730.69,
                    "Plan Rows": 6966122,
                    "Plan Width": 4,
                    "Actual Startup Time": 0.058,
                    "Actual Total Time": 1401.105,
                    "Actual Rows": 3089897,
                    "Actual Loops": 2,
                    "Index Cond": "(role_id > 2)",
                    "Rows Removed by Index Recheck": 0,
                    "Filter": "(person_id < 2719799)",
                    "Rows Removed by Filter": 4970944
                  },
                  {
                    "Node Type": "Hash",
                    "Parent Relationship": "Inner",
                    "Parallel Aware": true,
                    "Startup Cost": 58306.47,
                    "Total Cost": 58306.47,
                    "Plan Rows": 579315,
                    "Plan Width": 4,
                    "Actual Startup Time": 410.716,
                    "Actual Total Time": 410.717,
                    "Actual Rows": 528794,
                    "Actual Loops": 2,
                    "Hash Buckets": 2097152,
                    "Original Hash Buckets": 1048576,
                    "Hash Batches": 1,
                    "Original Hash Batches": 1,
                    "Peak Memory Usage": 65984,
                    "Plans": [
                      {
                        "Node Type": "Seq Scan",
                        "Parent Relationship": "Outer",
                        "Parallel Aware": true,
                        "Relation Name": "title",
                        "Alias": "t",
                        "Startup Cost": 0.0,
                        "Total Cost": 58306.47,
                        "Plan Rows": 579315,
                        "Plan Width": 4,
                        "Actual Startup Time": 0.032,
                        "Actual Total Time": 197.988,
                        "Actual Rows": 528794,
                        "Actual Loops": 2,
                        "Filter": "((kind_id > 1) AND (production_year > 2001))",
                        "Rows Removed by Filter": 735362
                      }
                    ]
                  }
                ]
              }
            ]
          }
        ]
      }
    ]
  },
  "Planning Time": 0.652,
  "Triggers": [],
  "Execution Time": 3158.873
}