{
  "Plan": {
    "Node Type": "Aggregate",
    "Strategy": "Plain",
    "Partial Mode": "Finalize",
    "Parallel Aware": false,
    "Startup Cost": 636073.29,
    "Total Cost": 636073.3,
    "Plan Rows": 1,
    "Plan Width": 8,
    "Actual Startup Time": 4310.916,
    "Actual Total Time": 4339.484,
    "Actual Rows": 1,
    "Actual Loops": 1,
    "Plans": [
      {
        "Node Type": "Gather",
        "Parent Relationship": "Outer",
        "Parallel Aware": false,
        "Startup Cost": 636073.18,
        "Total Cost": 636073.29,
        "Plan Rows": 1,
        "Plan Width": 8,
        "Actual Startup Time": 4306.551,
        "Actual Total Time": 4339.475,
        "Actual Rows": 2,
        "Actual Loops": 1,
        "Workers Planned": 1,
        "Workers Launched": 1,
        "Single Copy": false,
        "Plans": [
          {
            "Node Type": "Aggregate",
            "Strategy": "Plain",
            "Partial Mode": "Partial",
            "Parent Relationship": "Outer",
            "Parallel Aware": false,
            "Startup Cost": 635073.18,
            "Total Cost": 635073.19,
            "Plan Rows": 1,
            "Plan Width": 8,
            "Actual Startup Time": 4297.636,
            "Actual Total Time": 4297.643,
            "Actual Rows": 1,
            "Actual Loops": 2,
            "Plans": [
              {
                "Node Type": "Hash Join",
                "Parent Relationship": "Outer",
                "Parallel Aware": true,
                "Join Type": "Inner",
                "Startup Cost": 556644.91,
                "Total Cost": 631400.46,
                "Plan Rows": 1469088,
                "Plan Width": 0,
                "Actual Startup Time": 2315.082,
                "Actual Total Time": 3703.28,
                "Actual Rows": 14470482,
                "Actual Loops": 2,
                "Inner Unique": false,
                "Hash Cond": "(mk.movie_id = t.id)",
                "Plans": [
                  {
                    "Node Type": "Seq Scan",
                    "Parent Relationship": "Outer",
                    "Parallel Aware": true,
                    "Relation Name": "movie_keyword",
                    "Alias": "mk",
                    "Startup Cost": 0.0,
                    "Total Cost": 57718.19,
                    "Plan Rows": 2238846,
                    "Plan Width": 4,
                    "Actual Startup Time": 0.058,
                    "Actual Total Time": 206.558,
                    "Actual Rows": 1899252,
                    "Actual Loops": 2,
                    "Filter": "(keyword_id > 646)",
                    "Rows Removed by Filter": 362713
                  },
                  {
                    "Node Type": "Hash",
                    "Parent Relationship": "Inner",
                    "Parallel Aware": true,
                    "Startup Cost": 544446.26,
                    "Total Cost": 544446.26,
                    "Plan Rows": 975892,
                    "Plan Width": 8,
                    "Actual Startup Time": 2227.944,
                    "Actual Total Time": 2227.95,
                    "Actual Rows": 1078042,
                    "Actual Loops": 2,
                    "Hash Buckets": 4194304,
                    "Original Hash Buckets": 2097152,
                    "Hash Batches": 1,
                    "Original Hash Batches": 1,
                    "Peak Memory Usage": 133536,
                    "Plans": [
                      {
                        "Node Type": "Hash Join",
                        "Parent Relationship": "Outer",
                        "Parallel Aware": true,
                        "Join Type": "Inner",
                        "Startup Cost": 217911.91,
                        "Total Cost": 544446.26,
                        "Plan Rows": 975892,
                        "Plan Width": 8,
                        "Actual Startup Time": 458.542,
                        "Actual Total Time": 1821.671,
                        "Actual Rows": 1078042,
                        "Actual Loops": 2,
                        "Inner Unique": true,
                        "Hash Cond": "(ci.movie_id = t.id)",
                        "Plans": [
                          {
                            "Node Type": "Bitmap Heap Scan",
                            "Parent Relationship": "Outer",
                            "Parallel Aware": true,
                            "Relation Name": "cast_info",
                            "Alias": "ci",
                            "Startup Cost": 160171.47,
                            "Total Cost": 476940.7,
                            "Plan Rows": 3720044,
                            "Plan Width": 4,
                            "Actual Startup Time": 268.843,
                            "Actual Total Time": 832.974,
                            "Actual Rows": 3569060,
                            "Actual Loops": 2,
                            "Recheck Cond": "(person_id < 722230)",
                            "Rows Removed by Index Recheck": 0,
                            "Filter": "(role_id < 10)",
                            "Rows Removed by Filter": 161060,
                            "Exact Heap Blocks": 41772,
                            "Lossy Heap Blocks": 0,
                            "Plans": [
                              {
                                "Node Type": "Bitmap Index Scan",
                                "Parent Relationship": "Outer",
                                "Parallel Aware": false,
                                "Index Name": "person_id_cast_info",
                                "Startup Cost": 0.0,
                                "Total Cost": 158590.46,
                                "Plan Rows": 7262652,
                                "Plan Width": 0,
                                "Actual Startup Time": 255.244,
                                "Actual Total Time": 255.244,
                                "Actual Rows": 7460241,
                                "Actual Loops": 1,
                                "Index Cond": "(person_id < 722230)"
                              }
                            ]
                          },
                          {
                            "Node Type": "Hash",
                            "Parent Relationship": "Inner",
                            "Parallel Aware": true,
                            "Startup Cost": 52863.55,
                            "Total Cost": 52863.55,
                            "Plan Rows": 390151,
                            "Plan Width": 4,
                            "Actual Startup Time": 185.549,
                            "Actual Total Time": 185.551,
                            "Actual Rows": 331412,
                            "Actual Loops": 2,
                            "Hash Buckets": 1048576,
                            "Original Hash Buckets": 1048576,
                            "Hash Batches": 1,
                            "Original Hash Batches": 1,
                            "Peak Memory Usage": 34144,
                            "Plans": [
                              {
                                "Node Type": "Bitmap Heap Scan",
                                "Parent Relationship": "Outer",
                                "Parallel Aware": true,
                                "Relation Name": "title",
                                "Alias": "t",
                                "Startup Cost": 11988.66,
                                "Total Cost": 52863.55,
                                "Plan Rows": 390151,
                                "Plan Width": 4,
                                "Actual Startup Time": 23.286,
                                "Actual Total Time": 90.668,
                                "Actual Rows": 331412,
                                "Actual Loops": 2,
                                "Recheck Cond": "(kind_id = 1)",
                                "Rows Removed by Index Recheck": 0,
                                "Exact Heap Blocks": 7396,
                                "Lossy Heap Blocks": 0,
                                "Plans": [
                                  {
                                    "Node Type": "Bitmap Index Scan",
                                    "Parent Relationship": "Outer",
                                    "Parallel Aware": false,
                                    "Index Name": "kind_id_title",
                                    "Startup Cost": 0.0,
                                    "Total Cost": 11822.85,
                                    "Plan Rows": 663256,
                                    "Plan Width": 0,
                                    "Actual Startup Time": 21.462,
                                    "Actual Total Time": 21.462,
                                    "Actual Rows": 662825,
                                    "Actual Loops": 1,
                                    "Index Cond": "(kind_id = 1)"
                                  }
                                ]
                              }
                            ]
                          }
                        ]
                      }
                    ]
                  }
                ]
              }
            ]
          }
        ]
      }
    ]
  },
  "Planning Time": 0.924,
  "Triggers": [],
  "Execution Time": 4339.595
}