[
  {
    "Plan": {
      "Node Type": "Aggregate",
      "Strategy": "Plain",
      "Partial Mode": "Finalize",
      "Parallel Aware": false,
      "Startup Cost": 346861.42,
      "Total Cost": 346861.43,
      "Plan Rows": 1,
      "Plan Width": 8,
      "Actual Startup Time": 758.245,
      "Actual Total Time": 807.35,
      "Actual Rows": 1,
      "Actual Loops": 1,
      "Plans": [
        {
          "Node Type": "Gather",
          "Parent Relationship": "Outer",
          "Parallel Aware": false,
          "Startup Cost": 346860.79,
          "Total Cost": 346861.4,
          "Plan Rows": 6,
          "Plan Width": 8,
          "Actual Startup Time": 758.041,
          "Actual Total Time": 807.327,
          "Actual Rows": 7,
          "Actual Loops": 1,
          "Workers Planned": 6,
          "Workers Launched": 6,
          "Single Copy": false,
          "Plans": [
            {
              "Node Type": "Aggregate",
              "Strategy": "Plain",
              "Partial Mode": "Partial",
              "Parent Relationship": "Outer",
              "Parallel Aware": false,
              "Startup Cost": 345860.79,
              "Total Cost": 345860.8,
              "Plan Rows": 1,
              "Plan Width": 8,
              "Actual Startup Time": 747.082,
              "Actual Total Time": 747.084,
              "Actual Rows": 1,
              "Actual Loops": 7,
              "Plans": [
                {
                  "Node Type": "Seq Scan",
                  "Parent Relationship": "Outer",
                  "Parallel Aware": true,
                  "Relation Name": "cast_info",
                  "Alias": "ci",
                  "Startup Cost": 0.0,
                  "Total Cost": 343316.27,
                  "Plan Rows": 1017809,
                  "Plan Width": 0,
                  "Actual Startup Time": 398.628,
                  "Actual Total Time": 714.418,
                  "Actual Rows": 552678,
                  "Actual Loops": 7,
                  "Filter": "((person_id < 1375103) AND (role_id > 2))",
                  "Rows Removed by Filter": 4625086
                }
              ]
            }
          ]
        }
      ]
    },
    "Planning Time": 0.113,
    "Triggers": [],
    "Execution Time": 807.399
  }
]