[
  {
    "Plan": {
      "Node Type": "Aggregate",
      "Strategy": "Plain",
      "Partial Mode": "Finalize",
      "Parallel Aware": false,
      "Startup Cost": 44948.5,
      "Total Cost": 44948.51,
      "Plan Rows": 1,
      "Plan Width": 8,
      "Actual Startup Time": 70.459,
      "Actual Total Time": 76.673,
      "Actual Rows": 1,
      "Actual Loops": 1,
      "Plans": [
        {
          "Node Type": "Gather",
          "Parent Relationship": "Outer",
          "Parallel Aware": false,
          "Startup Cost": 44948.08,
          "Total Cost": 44948.49,
          "Plan Rows": 4,
          "Plan Width": 8,
          "Actual Startup Time": 70.372,
          "Actual Total Time": 76.666,
          "Actual Rows": 5,
          "Actual Loops": 1,
          "Workers Planned": 4,
          "Workers Launched": 4,
          "Single Copy": false,
          "Plans": [
            {
              "Node Type": "Aggregate",
              "Strategy": "Plain",
              "Partial Mode": "Partial",
              "Parent Relationship": "Outer",
              "Parallel Aware": false,
              "Startup Cost": 43948.08,
              "Total Cost": 43948.09,
              "Plan Rows": 1,
              "Plan Width": 8,
              "Actual Startup Time": 65.951,
              "Actual Total Time": 65.951,
              "Actual Rows": 1,
              "Actual Loops": 5,
              "Plans": [
                {
                  "Node Type": "Seq Scan",
                  "Parent Relationship": "Outer",
                  "Parallel Aware": true,
                  "Relation Name": "title",
                  "Alias": "t",
                  "Startup Cost": 0.0,
                  "Total Cost": 43899.01,
                  "Plan Rows": 19629,
                  "Plan Width": 0,
                  "Actual Startup Time": 34.583,
                  "Actual Total Time": 65.142,
                  "Actual Rows": 15573,
                  "Actual Loops": 5,
                  "Filter": "(production_year < 1918)",
                  "Rows Removed by Filter": 490089
                }
              ]
            }
          ]
        }
      ]
    },
    "Planning Time": 0.031,
    "Triggers": [],
    "Execution Time": 76.692
  }
]