[
    {
        "Bao": {
            "Bao prediction": "NaN",
            "Bao recommended hint": "(no hint)"
        }
    },
    {
        "Plan": {
            "Node Type": "Aggregate",
            "Strategy": "Plain",
            "Partial Mode": "Finalize",
            "Parallel Aware": false,
            "Startup Cost": 32717.3,
            "Total Cost": 32717.31,
            "Plan Rows": 1,
            "Plan Width": 8,
            "Actual Startup Time": 79.572,
            "Actual Total Time": 83.38,
            "Actual Rows": 1,
            "Actual Loops": 1,
            "Output": [
                "count(*)"
            ],
            "Plans": [
                {
                    "Node Type": "Gather",
                    "Parent Relationship": "Outer",
                    "Parallel Aware": false,
                    "Startup Cost": 32716.99,
                    "Total Cost": 32717.3,
                    "Plan Rows": 3,
                    "Plan Width": 8,
                    "Actual Startup Time": 79.457,
                    "Actual Total Time": 83.371,
                    "Actual Rows": 4,
                    "Actual Loops": 1,
                    "Output": [
                        "(PARTIAL count(*))"
                    ],
                    "Workers Planned": 3,
                    "Workers Launched": 3,
                    "Single Copy": false,
                    "Plans": [
                        {
                            "Node Type": "Aggregate",
                            "Strategy": "Plain",
                            "Partial Mode": "Partial",
                            "Parent Relationship": "Outer",
                            "Parallel Aware": false,
                            "Startup Cost": 31716.99,
                            "Total Cost": 31717.0,
                            "Plan Rows": 1,
                            "Plan Width": 8,
                            "Actual Startup Time": 71.674,
                            "Actual Total Time": 71.676,
                            "Actual Rows": 1,
                            "Actual Loops": 4,
                            "Output": [
                                "PARTIAL count(*)"
                            ],
                            "Workers": [
                                {
                                    "Worker Number": 0,
                                    "Actual Startup Time": 68.9,
                                    "Actual Total Time": 68.901,
                                    "Actual Rows": 1,
                                    "Actual Loops": 1
                                },
                                {
                                    "Worker Number": 1,
                                    "Actual Startup Time": 69.132,
                                    "Actual Total Time": 69.134,
                                    "Actual Rows": 1,
                                    "Actual Loops": 1
                                },
                                {
                                    "Worker Number": 2,
                                    "Actual Startup Time": 69.517,
                                    "Actual Total Time": 69.518,
                                    "Actual Rows": 1,
                                    "Actual Loops": 1
                                }
                            ],
                            "Plans": [
                                {
                                    "Node Type": "Seq Scan",
                                    "Parent Relationship": "Outer",
                                    "Parallel Aware": true,
                                    "Relation Name": "movie_companies",
                                    "Schema": "public",
                                    "Alias": "mc",
                                    "Startup Cost": 0.0,
                                    "Total Cost": 31414.82,
                                    "Plan Rows": 120867,
                                    "Plan Width": 0,
                                    "Actual Startup Time": 24.162,
                                    "Actual Total Time": 70.719,
                                    "Actual Rows": 14606,
                                    "Actual Loops": 4,
                                    "Output": [
                                        "id",
                                        "movie_id",
                                        "company_id",
                                        "company_type_id",
                                        "note"
                                    ],
                                    "Filter": "((mc.company_id > 34508) AND (mc.company_type_id < 2))",
                                    "Rows Removed by Filter": 637676,
                                    "Workers": [
                                        {
                                            "Worker Number": 0,
                                            "Actual Startup Time": 21.392,
                                            "Actual Total Time": 67.986,
                                            "Actual Rows": 13575,
                                            "Actual Loops": 1
                                        },
                                        {
                                            "Worker Number": 1,
                                            "Actual Startup Time": 21.624,
                                            "Actual Total Time": 68.205,
                                            "Actual Rows": 14134,
                                            "Actual Loops": 1
                                        },
                                        {
                                            "Worker Number": 2,
                                            "Actual Startup Time": 21.995,
                                            "Actual Total Time": 68.558,
                                            "Actual Rows": 14893,
                                            "Actual Loops": 1
                                        }
                                    ]
                                }
                            ]
                        }
                    ]
                }
            ]
        },
        "Planning Time": 306.885,
        "Triggers": [],
        "Execution Time": 83.432
    }
]