[
    {
        "Bao": {
            "Bao prediction": "NaN",
            "Bao recommended hint": "(no hint)"
        }
    },
    {
        "Plan": {
            "Node Type": "Aggregate",
            "Strategy": "Plain",
            "Partial Mode": "Finalize",
            "Parallel Aware": false,
            "Startup Cost": 30870.67,
            "Total Cost": 30870.68,
            "Plan Rows": 1,
            "Plan Width": 8,
            "Actual Startup Time": 95.889,
            "Actual Total Time": 100.564,
            "Actual Rows": 1,
            "Actual Loops": 1,
            "Output": [
                "count(*)"
            ],
            "Plans": [
                {
                    "Node Type": "Gather",
                    "Parent Relationship": "Outer",
                    "Parallel Aware": false,
                    "Startup Cost": 30870.35,
                    "Total Cost": 30870.66,
                    "Plan Rows": 3,
                    "Plan Width": 8,
                    "Actual Startup Time": 95.639,
                    "Actual Total Time": 100.555,
                    "Actual Rows": 4,
                    "Actual Loops": 1,
                    "Output": [
                        "(PARTIAL count(*))"
                    ],
                    "Workers Planned": 3,
                    "Workers Launched": 3,
                    "Single Copy": false,
                    "Plans": [
                        {
                            "Node Type": "Aggregate",
                            "Strategy": "Plain",
                            "Partial Mode": "Partial",
                            "Parent Relationship": "Outer",
                            "Parallel Aware": false,
                            "Startup Cost": 29870.35,
                            "Total Cost": 29870.36,
                            "Plan Rows": 1,
                            "Plan Width": 8,
                            "Actual Startup Time": 86.917,
                            "Actual Total Time": 86.919,
                            "Actual Rows": 1,
                            "Actual Loops": 4,
                            "Output": [
                                "PARTIAL count(*)"
                            ],
                            "Workers": [
                                {
                                    "Worker Number": 0,
                                    "Actual Startup Time": 84.056,
                                    "Actual Total Time": 84.057,
                                    "Actual Rows": 1,
                                    "Actual Loops": 1
                                },
                                {
                                    "Worker Number": 1,
                                    "Actual Startup Time": 84.128,
                                    "Actual Total Time": 84.129,
                                    "Actual Rows": 1,
                                    "Actual Loops": 1
                                },
                                {
                                    "Worker Number": 2,
                                    "Actual Startup Time": 84.461,
                                    "Actual Total Time": 84.462,
                                    "Actual Rows": 1,
                                    "Actual Loops": 1
                                }
                            ],
                            "Plans": [
                                {
                                    "Node Type": "Bitmap Heap Scan",
                                    "Parent Relationship": "Outer",
                                    "Parallel Aware": true,
                                    "Relation Name": "movie_keyword",
                                    "Schema": "public",
                                    "Alias": "mk",
                                    "Startup Cost": 4410.87,
                                    "Total Cost": 29702.77,
                                    "Plan Rows": 67032,
                                    "Plan Width": 0,
                                    "Actual Startup Time": 30.566,
                                    "Actual Total Time": 83.473,
                                    "Actual Rows": 51356,
                                    "Actual Loops": 4,
                                    "Recheck Cond": "(mk.keyword_id > 67432)",
                                    "Rows Removed by Index Recheck": 0,
                                    "Exact Heap Blocks": 11277,
                                    "Lossy Heap Blocks": 0,
                                    "Workers": [
                                        {
                                            "Worker Number": 0,
                                            "Actual Startup Time": 27.751,
                                            "Actual Total Time": 81.125,
                                            "Actual Rows": 31248,
                                            "Actual Loops": 1
                                        },
                                        {
                                            "Worker Number": 1,
                                            "Actual Startup Time": 28.088,
                                            "Actual Total Time": 81.185,
                                            "Actual Rows": 31076,
                                            "Actual Loops": 1
                                        },
                                        {
                                            "Worker Number": 2,
                                            "Actual Startup Time": 28.127,
                                            "Actual Total Time": 81.589,
                                            "Actual Rows": 30039,
                                            "Actual Loops": 1
                                        }
                                    ],
                                    "Plans": [
                                        {
                                            "Node Type": "Bitmap Index Scan",
                                            "Parent Relationship": "Outer",
                                            "Parallel Aware": false,
                                            "Index Name": "keyword_id_movie_keyword",
                                            "Startup Cost": 0.0,
                                            "Total Cost": 4358.93,
                                            "Plan Rows": 207799,
                                            "Plan Width": 0,
                                            "Actual Startup Time": 33.419,
                                            "Actual Total Time": 33.42,
                                            "Actual Rows": 205425,
                                            "Actual Loops": 1,
                                            "Index Cond": "(mk.keyword_id > 67432)"
                                        }
                                    ]
                                }
                            ]
                        }
                    ]
                }
            ]
        },
        "Planning Time": 237.686,
        "Triggers": [],
        "Execution Time": 100.665
    }
]