[
  {
    "Plan": {
      "Node Type": "Aggregate",
      "Strategy": "Plain",
      "Partial Mode": "Finalize",
      "Parallel Aware": false,
      "Startup Cost": 424169.36,
      "Total Cost": 424169.37,
      "Plan Rows": 1,
      "Plan Width": 8,
      "Actual Startup Time": 2179.289,
      "Actual Total Time": 2246.219,
      "Actual Rows": 1,
      "Actual Loops": 1,
      "Plans": [
        {
          "Node Type": "Gather",
          "Parent Relationship": "Outer",
          "Parallel Aware": false,
          "Startup Cost": 424168.73,
          "Total Cost": 424169.34,
          "Plan Rows": 6,
          "Plan Width": 8,
          "Actual Startup Time": 2171.033,
          "Actual Total Time": 2246.208,
          "Actual Rows": 7,
          "Actual Loops": 1,
          "Workers Planned": 6,
          "Workers Launched": 6,
          "Single Copy": false,
          "Plans": [
            {
              "Node Type": "Aggregate",
              "Strategy": "Plain",
              "Partial Mode": "Partial",
              "Parent Relationship": "Outer",
              "Parallel Aware": false,
              "Startup Cost": 423168.73,
              "Total Cost": 423168.74,
              "Plan Rows": 1,
              "Plan Width": 8,
              "Actual Startup Time": 2160.782,
              "Actual Total Time": 2160.889,
              "Actual Rows": 1,
              "Actual Loops": 7,
              "Plans": [
                {
                  "Node Type": "Hash Join",
                  "Parent Relationship": "Outer",
                  "Parallel Aware": true,
                  "Join Type": "Inner",
                  "Startup Cost": 79858.74,
                  "Total Cost": 419368.5,
                  "Plan Rows": 1520094,
                  "Plan Width": 0,
                  "Actual Startup Time": 305.247,
                  "Actual Total Time": 2057.244,
                  "Actual Rows": 2400462,
                  "Actual Loops": 7,
                  "Inner Unique": false,
                  "Hash Cond": "(ci.movie_id = t.id)",
                  "Plans": [
                    {
                      "Node Type": "Seq Scan",
                      "Parent Relationship": "Outer",
                      "Parallel Aware": true,
                      "Relation Name": "cast_info",
                      "Alias": "ci",
                      "Startup Cost": 0.0,
                      "Total Cost": 313067.02,
                      "Plan Rows": 6038002,
                      "Plan Width": 4,
                      "Actual Startup Time": 0.02,
                      "Actual Total Time": 541.409,
                      "Actual Rows": 5177763,
                      "Actual Loops": 7
                    },
                    {
                      "Node Type": "Hash",
                      "Parent Relationship": "Inner",
                      "Parallel Aware": true,
                      "Startup Cost": 77869.65,
                      "Total Cost": 77869.65,
                      "Plan Rows": 159127,
                      "Plan Width": 8,
                      "Actual Startup Time": 301.999,
                      "Actual Total Time": 302.104,
                      "Actual Rows": 92741,
                      "Actual Loops": 7,
                      "Hash Buckets": 1048576,
                      "Original Hash Buckets": 1048576,
                      "Hash Batches": 1,
                      "Original Hash Batches": 1,
                      "Peak Memory Usage": 33696,
                      "Plans": [
                        {
                          "Node Type": "Hash Join",
                          "Parent Relationship": "Outer",
                          "Parallel Aware": true,
                          "Join Type": "Inner",
                          "Startup Cost": 31877.24,
                          "Total Cost": 77869.65,
                          "Plan Rows": 159127,
                          "Plan Width": 8,
                          "Actual Startup Time": 108.086,
                          "Actual Total Time": 260.423,
                          "Actual Rows": 92741,
                          "Actual Loops": 7,
                          "Inner Unique": false,
                          "Hash Cond": "(t.id = mc.movie_id)",
                          "Plans": [
                            {
                              "Node Type": "Seq Scan",
                              "Parent Relationship": "Outer",
                              "Parallel Aware": true,
                              "Relation Name": "title",
                              "Alias": "t",
                              "Startup Cost": 0.0,
                              "Total Cost": 42318.73,
                              "Plan Rows": 632073,
                              "Plan Width": 4,
                              "Actual Startup Time": 0.013,
                              "Actual Total Time": 55.035,
                              "Actual Rows": 361187,
                              "Actual Loops": 7
                            },
                            {
                              "Node Type": "Hash",
                              "Parent Relationship": "Inner",
                              "Parallel Aware": true,
                              "Startup Cost": 29310.68,
                              "Total Cost": 29310.68,
                              "Plan Rows": 205325,
                              "Plan Width": 4,
                              "Actual Startup Time": 106.542,
                              "Actual Total Time": 106.543,
                              "Actual Rows": 92741,
                              "Actual Loops": 7,
                              "Hash Buckets": 1048576,
                              "Original Hash Buckets": 1048576,
                              "Hash Batches": 1,
                              "Original Hash Batches": 1,
                              "Peak Memory Usage": 33760,
                              "Plans": [
                                {
                                  "Node Type": "Seq Scan",
                                  "Parent Relationship": "Outer",
                                  "Parallel Aware": true,
                                  "Relation Name": "movie_companies",
                                  "Alias": "mc",
                                  "Startup Cost": 0.0,
                                  "Total Cost": 29310.68,
                                  "Plan Rows": 205325,
                                  "Plan Width": 4,
                                  "Actual Startup Time": 29.45,
                                  "Actual Total Time": 61.181,
                                  "Actual Rows": 92741,
                                  "Actual Loops": 7,
                                  "Filter": "(company_id > 54961)",
                                  "Rows Removed by Filter": 279991
                                }
                              ]
                            }
                          ]
                        }
                      ]
                    }
                  ]
                }
              ]
            }
          ]
        }
      ]
    },
    "Planning Time": 1.108,
    "Triggers": [],
    "Execution Time": 2246.31
  }
]