[
  {
    "Plan": {
      "Node Type": "Aggregate",
      "Strategy": "Plain",
      "Partial Mode": "Finalize",
      "Parallel Aware": false,
      "Startup Cost": 32918.87,
      "Total Cost": 32918.88,
      "Plan Rows": 1,
      "Plan Width": 8,
      "Actual Startup Time": 99.229,
      "Actual Total Time": 106.641,
      "Actual Rows": 1,
      "Actual Loops": 1,
      "Plans": [
        {
          "Node Type": "Gather",
          "Parent Relationship": "Outer",
          "Parallel Aware": false,
          "Startup Cost": 32918.56,
          "Total Cost": 32918.87,
          "Plan Rows": 3,
          "Plan Width": 8,
          "Actual Startup Time": 99.136,
          "Actual Total Time": 106.633,
          "Actual Rows": 4,
          "Actual Loops": 1,
          "Workers Planned": 3,
          "Workers Launched": 3,
          "Single Copy": false,
          "Plans": [
            {
              "Node Type": "Aggregate",
              "Strategy": "Plain",
              "Partial Mode": "Partial",
              "Parent Relationship": "Outer",
              "Parallel Aware": false,
              "Startup Cost": 31918.56,
              "Total Cost": 31918.57,
              "Plan Rows": 1,
              "Plan Width": 8,
              "Actual Startup Time": 91.206,
              "Actual Total Time": 91.207,
              "Actual Rows": 1,
              "Actual Loops": 4,
              "Plans": [
                {
                  "Node Type": "Seq Scan",
                  "Parent Relationship": "Outer",
                  "Parallel Aware": true,
                  "Relation Name": "movie_companies",
                  "Alias": "mc",
                  "Startup Cost": 0.0,
                  "Total Cost": 31414.82,
                  "Plan Rows": 201495,
                  "Plan Width": 0,
                  "Actual Startup Time": 49.513,
                  "Actual Total Time": 82.735,
                  "Actual Rows": 222362,
                  "Actual Loops": 4,
                  "Filter": "((company_id > 11872) AND (company_type_id = 2))",
                  "Rows Removed by Filter": 429920
                }
              ]
            }
          ]
        }
      ]
    },
    "Planning Time": 0.242,
    "Triggers": [],
    "Execution Time": 106.697
  }
]