[
  {
    "Plan": {
      "Node Type": "Aggregate",
      "Strategy": "Plain",
      "Partial Mode": "Finalize",
      "Parallel Aware": false,
      "Startup Cost": 99594.49,
      "Total Cost": 99594.5,
      "Plan Rows": 1,
      "Plan Width": 8,
      "Actual Startup Time": 281.733,
      "Actual Total Time": 311.875,
      "Actual Rows": 1,
      "Actual Loops": 1,
      "Plans": [
        {
          "Node Type": "Gather",
          "Parent Relationship": "Outer",
          "Parallel Aware": false,
          "Startup Cost": 99594.07,
          "Total Cost": 99594.48,
          "Plan Rows": 4,
          "Plan Width": 8,
          "Actual Startup Time": 278.721,
          "Actual Total Time": 311.864,
          "Actual Rows": 5,
          "Actual Loops": 1,
          "Workers Planned": 4,
          "Workers Launched": 4,
          "Single Copy": false,
          "Plans": [
            {
              "Node Type": "Aggregate",
              "Strategy": "Plain",
              "Partial Mode": "Partial",
              "Parent Relationship": "Outer",
              "Parallel Aware": false,
              "Startup Cost": 98594.07,
              "Total Cost": 98594.08,
              "Plan Rows": 1,
              "Plan Width": 8,
              "Actual Startup Time": 268.054,
              "Actual Total Time": 268.057,
              "Actual Rows": 1,
              "Actual Loops": 5,
              "Plans": [
                {
                  "Node Type": "Nested Loop",
                  "Parent Relationship": "Outer",
                  "Parallel Aware": false,
                  "Join Type": "Inner",
                  "Startup Cost": 45009.7,
                  "Total Cost": 98518.37,
                  "Plan Rows": 30277,
                  "Plan Width": 0,
                  "Actual Startup Time": 115.806,
                  "Actual Total Time": 265.039,
                  "Actual Rows": 53826,
                  "Actual Loops": 5,
                  "Inner Unique": false,
                  "Plans": [
                    {
                      "Node Type": "Hash Join",
                      "Parent Relationship": "Outer",
                      "Parallel Aware": true,
                      "Join Type": "Inner",
                      "Startup Cost": 45009.27,
                      "Total Cost": 67707.35,
                      "Plan Rows": 7722,
                      "Plan Width": 8,
                      "Actual Startup Time": 115.713,
                      "Actual Total Time": 151.272,
                      "Actual Rows": 4282,
                      "Actual Loops": 5,
                      "Inner Unique": true,
                      "Hash Cond": "(ci.movie_id = t.id)",
                      "Plans": [
                        {
                          "Node Type": "Index Scan",
                          "Parent Relationship": "Outer",
                          "Parallel Aware": true,
                          "Scan Direction": "Forward",
                          "Index Name": "role_id_cast_info",
                          "Relation Name": "cast_info",
                          "Alias": "ci",
                          "Startup Cost": 0.56,
                          "Total Cost": 22554.34,
                          "Plan Rows": 54973,
                          "Plan Width": 4,
                          "Actual Startup Time": 0.12,
                          "Actual Total Time": 22.358,
                          "Actual Rows": 32934,
                          "Actual Loops": 5,
                          "Index Cond": "(role_id = 6)",
                          "Rows Removed by Index Recheck": 0,
                          "Filter": "(person_id < 977375)",
                          "Rows Removed by Filter": 121800
                        },
                        {
                          "Node Type": "Hash",
                          "Parent Relationship": "Inner",
                          "Parallel Aware": true,
                          "Startup Cost": 43898.92,
                          "Total Cost": 43898.92,
                          "Plan Rows": 88783,
                          "Plan Width": 4,
                          "Actual Startup Time": 112.8,
                          "Actual Total Time": 112.801,
                          "Actual Rows": 73286,
                          "Actual Loops": 5,
                          "Hash Buckets": 524288,
                          "Original Hash Buckets": 524288,
                          "Hash Batches": 1,
                          "Original Hash Batches": 1,
                          "Peak Memory Usage": 18496,
                          "Plans": [
                            {
                              "Node Type": "Seq Scan",
                              "Parent Relationship": "Outer",
                              "Parallel Aware": true,
                              "Relation Name": "title",
                              "Alias": "t",
                              "Startup Cost": 0.0,
                              "Total Cost": 43898.92,
                              "Plan Rows": 88783,
                              "Plan Width": 4,
                              "Actual Startup Time": 0.037,
                              "Actual Total Time": 84.826,
                              "Actual Rows": 73286,
                              "Actual Loops": 5,
                              "Filter": "(production_year < 1970)",
                              "Rows Removed by Filter": 432376
                            }
                          ]
                        }
                      ]
                    },
                    {
                      "Node Type": "Index Scan",
                      "Parent Relationship": "Inner",
                      "Parallel Aware": false,
                      "Scan Direction": "Forward",
                      "Index Name": "movie_id_movie_info",
                      "Relation Name": "movie_info",
                      "Alias": "mi",
                      "Startup Cost": 0.43,
                      "Total Cost": 3.71,
                      "Plan Rows": 28,
                      "Plan Width": 4,
                      "Actual Startup Time": 0.01,
                      "Actual Total Time": 0.025,
                      "Actual Rows": 13,
                      "Actual Loops": 21408,
                      "Index Cond": "(movie_id = t.id)",
                      "Rows Removed by Index Recheck": 0,
                      "Filter": "(info_type_id > 4)",
                      "Rows Removed by Filter": 4
                    }
                  ]
                }
              ]
            }
          ]
        }
      ]
    },
    "Planning Time": 1.409,
    "Triggers": [],
    "Execution Time": 311.971
  }
]