[
  {
    "Plan": {
      "Node Type": "Aggregate",
      "Strategy": "Plain",
      "Partial Mode": "Simple",
      "Parallel Aware": false,
      "Startup Cost": 174718.22,
      "Total Cost": 174718.23,
      "Plan Rows": 1,
      "Plan Width": 8,
      "Actual Startup Time": 24.586,
      "Actual Total Time": 24.586,
      "Actual Rows": 1,
      "Actual Loops": 1,
      "Plans": [
        {
          "Node Type": "Index Scan",
          "Parent Relationship": "Outer",
          "Parallel Aware": false,
          "Scan Direction": "Forward",
          "Index Name": "person_id_cast_info",
          "Relation Name": "cast_info",
          "Alias": "ci",
          "Startup Cost": 0.56,
          "Total Cost": 174550.93,
          "Plan Rows": 66914,
          "Plan Width": 0,
          "Actual Startup Time": 0.032,
          "Actual Total Time": 19.926,
          "Actual Rows": 106002,
          "Actual Loops": 1,
          "Index Cond": "(person_id > 4044995)",
          "Rows Removed by Index Recheck": 0,
          "Filter": "(role_id > 1)",
          "Rows Removed by Filter": 0
        }
      ]
    },
    "Planning Time": 0.158,
    "Triggers": [],
    "Execution Time": 24.608
  }
]