[
  {
    "Plan": {
      "Node Type": "Aggregate",
      "Strategy": "Plain",
      "Partial Mode": "Finalize",
      "Parallel Aware": false,
      "Startup Cost": 272366.11,
      "Total Cost": 272366.12,
      "Plan Rows": 1,
      "Plan Width": 8,
      "Actual Startup Time": 862.445,
      "Actual Total Time": 889.583,
      "Actual Rows": 1,
      "Actual Loops": 1,
      "Plans": [
        {
          "Node Type": "Gather",
          "Parent Relationship": "Outer",
          "Parallel Aware": false,
          "Startup Cost": 272365.59,
          "Total Cost": 272366.1,
          "Plan Rows": 5,
          "Plan Width": 8,
          "Actual Startup Time": 850.958,
          "Actual Total Time": 889.575,
          "Actual Rows": 6,
          "Actual Loops": 1,
          "Workers Planned": 5,
          "Workers Launched": 5,
          "Single Copy": false,
          "Plans": [
            {
              "Node Type": "Aggregate",
              "Strategy": "Plain",
              "Partial Mode": "Partial",
              "Parent Relationship": "Outer",
              "Parallel Aware": false,
              "Startup Cost": 271365.59,
              "Total Cost": 271365.6,
              "Plan Rows": 1,
              "Plan Width": 8,
              "Actual Startup Time": 842.083,
              "Actual Total Time": 842.363,
              "Actual Rows": 1,
              "Actual Loops": 6,
              "Plans": [
                {
                  "Node Type": "Hash Join",
                  "Parent Relationship": "Outer",
                  "Parallel Aware": true,
                  "Join Type": "Inner",
                  "Startup Cost": 69273.0,
                  "Total Cost": 270885.29,
                  "Plan Rows": 192119,
                  "Plan Width": 0,
                  "Actual Startup Time": 442.091,
                  "Actual Total Time": 823.038,
                  "Actual Rows": 354375,
                  "Actual Loops": 6,
                  "Inner Unique": false,
                  "Hash Cond": "(mi.movie_id = t.id)",
                  "Plans": [
                    {
                      "Node Type": "Seq Scan",
                      "Parent Relationship": "Outer",
                      "Parallel Aware": true,
                      "Relation Name": "movie_info",
                      "Alias": "mi",
                      "Startup Cost": 0.0,
                      "Total Cost": 198880.74,
                      "Plan Rows": 600336,
                      "Plan Width": 4,
                      "Actual Startup Time": 77.176,
                      "Actual Total Time": 324.856,
                      "Actual Rows": 506120,
                      "Actual Loops": 6,
                      "Filter": "(info_type_id = 16)",
                      "Rows Removed by Filter": 1966500
                    },
                    {
                      "Node Type": "Hash",
                      "Parent Relationship": "Inner",
                      "Parallel Aware": true,
                      "Startup Cost": 66744.52,
                      "Total Cost": 66744.52,
                      "Plan Rows": 202278,
                      "Plan Width": 8,
                      "Actual Startup Time": 361.398,
                      "Actual Total Time": 361.676,
                      "Actual Rows": 145570,
                      "Actual Loops": 6,
                      "Hash Buckets": 1048576,
                      "Original Hash Buckets": 1048576,
                      "Hash Batches": 1,
                      "Original Hash Batches": 1,
                      "Peak Memory Usage": 42464,
                      "Plans": [
                        {
                          "Node Type": "Hash Join",
                          "Parent Relationship": "Outer",
                          "Parallel Aware": true,
                          "Join Type": "Inner",
                          "Startup Cost": 19920.93,
                          "Total Cost": 66744.52,
                          "Plan Rows": 202278,
                          "Plan Width": 8,
                          "Actual Startup Time": 106.775,
                          "Actual Total Time": 307.778,
                          "Actual Rows": 145570,
                          "Actual Loops": 6,
                          "Inner Unique": false,
                          "Hash Cond": "(t.id = mi_idx.movie_id)",
                          "Plans": [
                            {
                              "Node Type": "Seq Scan",
                              "Parent Relationship": "Outer",
                              "Parallel Aware": true,
                              "Relation Name": "title",
                              "Alias": "t",
                              "Startup Cost": 0.0,
                              "Total Cost": 43899.01,
                              "Plan Rows": 555134,
                              "Plan Width": 4,
                              "Actual Startup Time": 0.015,
                              "Actual Total Time": 81.396,
                              "Actual Rows": 370762,
                              "Actual Loops": 6,
                              "Filter": "(production_year < 2012)",
                              "Rows Removed by Filter": 50624
                            },
                            {
                              "Node Type": "Hash",
                              "Parent Relationship": "Inner",
                              "Parallel Aware": true,
                              "Startup Cost": 15122.68,
                              "Total Cost": 15122.68,
                              "Plan Rows": 383860,
                              "Plan Width": 4,
                              "Actual Startup Time": 104.87,
                              "Actual Total Time": 104.871,
                              "Actual Rows": 153308,
                              "Actual Loops": 6,
                              "Hash Buckets": 1048576,
                              "Original Hash Buckets": 1048576,
                              "Hash Batches": 1,
                              "Original Hash Batches": 1,
                              "Peak Memory Usage": 44256,
                              "Plans": [
                                {
                                  "Node Type": "Seq Scan",
                                  "Parent Relationship": "Outer",
                                  "Parallel Aware": true,
                                  "Relation Name": "movie_info_idx",
                                  "Alias": "mi_idx",
                                  "Startup Cost": 0.0,
                                  "Total Cost": 15122.68,
                                  "Plan Rows": 383860,
                                  "Plan Width": 4,
                                  "Actual Startup Time": 0.053,
                                  "Actual Total Time": 42.948,
                                  "Actual Rows": 153308,
                                  "Actual Loops": 6,
                                  "Filter": "(info_type_id < 101)",
                                  "Rows Removed by Filter": 76698
                                }
                              ]
                            }
                          ]
                        }
                      ]
                    }
                  ]
                }
              ]
            }
          ]
        }
      ]
    },
    "Planning Time": 1.326,
    "Triggers": [],
    "Execution Time": 889.664
  }
]