{
  "Plan": {
    "Node Type": "Aggregate",
    "Strategy": "Plain",
    "Partial Mode": "Finalize",
    "Parallel Aware": false,
    "Startup Cost": 208537.74,
    "Total Cost": 208537.75,
    "Plan Rows": 1,
    "Plan Width": 8,
    "Actual Startup Time": 249.909,
    "Actual Total Time": 274.302,
    "Actual Rows": 1,
    "Actual Loops": 1,
    "Plans": [
      {
        "Node Type": "Gather",
        "Parent Relationship": "Outer",
        "Parallel Aware": false,
        "Startup Cost": 208537.63,
        "Total Cost": 208537.74,
        "Plan Rows": 1,
        "Plan Width": 8,
        "Actual Startup Time": 249.664,
        "Actual Total Time": 274.294,
        "Actual Rows": 2,
        "Actual Loops": 1,
        "Workers Planned": 1,
        "Workers Launched": 1,
        "Single Copy": false,
        "Plans": [
          {
            "Node Type": "Aggregate",
            "Strategy": "Plain",
            "Partial Mode": "Partial",
            "Parent Relationship": "Outer",
            "Parallel Aware": false,
            "Startup Cost": 207537.63,
            "Total Cost": 207537.64,
            "Plan Rows": 1,
            "Plan Width": 8,
            "Actual Startup Time": 245.111,
            "Actual Total Time": 245.114,
            "Actual Rows": 1,
            "Actual Loops": 2,
            "Plans": [
              {
                "Node Type": "Nested Loop",
                "Parent Relationship": "Outer",
                "Parallel Aware": false,
                "Join Type": "Inner",
                "Startup Cost": 1.0,
                "Total Cost": 207346.28,
                "Plan Rows": 76541,
                "Plan Width": 0,
                "Actual Startup Time": 100.117,
                "Actual Total Time": 241.728,
                "Actual Rows": 59796,
                "Actual Loops": 2,
                "Inner Unique": false,
                "Join Filter": "(t.id = mi.movie_id)",
                "Rows Removed by Join Filter": 0,
                "Plans": [
                  {
                    "Node Type": "Nested Loop",
                    "Parent Relationship": "Outer",
                    "Parallel Aware": false,
                    "Join Type": "Inner",
                    "Startup Cost": 0.56,
                    "Total Cost": 184846.27,
                    "Plan Rows": 13090,
                    "Plan Width": 8,
                    "Actual Startup Time": 100.048,
                    "Actual Total Time": 180.529,
                    "Actual Rows": 5197,
                    "Actual Loops": 2,
                    "Inner Unique": false,
                    "Plans": [
                      {
                        "Node Type": "Seq Scan",
                        "Parent Relationship": "Outer",
                        "Parallel Aware": true,
                        "Relation Name": "title",
                        "Alias": "t",
                        "Startup Cost": 0.0,
                        "Total Cost": 58306.47,
                        "Plan Rows": 914,
                        "Plan Width": 4,
                        "Actual Startup Time": 99.935,
                        "Actual Total Time": 152.471,
                        "Actual Rows": 2298,
                        "Actual Loops": 2,
                        "Filter": "((kind_id < 7) AND (production_year = 1910))",
                        "Rows Removed by Filter": 1261858
                      },
                      {
                        "Node Type": "Index Only Scan",
                        "Parent Relationship": "Inner",
                        "Parallel Aware": false,
                        "Scan Direction": "Forward",
                        "Index Name": "movie_id_cast_info",
                        "Relation Name": "cast_info",
                        "Alias": "ci",
                        "Startup Cost": 0.56,
                        "Total Cost": 138.08,
                        "Plan Rows": 37,
                        "Plan Width": 4,
                        "Actual Startup Time": 0.008,
                        "Actual Total Time": 0.012,
                        "Actual Rows": 2,
                        "Actual Loops": 4597,
                        "Index Cond": "(movie_id = t.id)",
                        "Rows Removed by Index Recheck": 0,
                        "Heap Fetches": 10394
                      }
                    ]
                  },
                  {
                    "Node Type": "Index Only Scan",
                    "Parent Relationship": "Inner",
                    "Parallel Aware": false,
                    "Scan Direction": "Forward",
                    "Index Name": "movie_id_movie_info",
                    "Relation Name": "movie_info",
                    "Alias": "mi",
                    "Startup Cost": 0.43,
                    "Total Cost": 1.19,
                    "Plan Rows": 42,
                    "Plan Width": 4,
                    "Actual Startup Time": 0.004,
                    "Actual Total Time": 0.01,
                    "Actual Rows": 12,
                    "Actual Loops": 10394,
                    "Index Cond": "(movie_id = ci.movie_id)",
                    "Rows Removed by Index Recheck": 0,
                    "Heap Fetches": 119593
                  }
                ]
              }
            ]
          }
        ]
      }
    ]
  },
  "Planning Time": 0.549,
  "Triggers": [],
  "Execution Time": 274.371
}