{
  "Plan": {
    "Node Type": "Aggregate",
    "Strategy": "Plain",
    "Partial Mode": "Finalize",
    "Parallel Aware": false,
    "Startup Cost": 111284.61,
    "Total Cost": 111284.62,
    "Plan Rows": 1,
    "Plan Width": 8,
    "Actual Startup Time": 649.579,
    "Actual Total Time": 682.65,
    "Actual Rows": 1,
    "Actual Loops": 1,
    "Plans": [
      {
        "Node Type": "Gather",
        "Parent Relationship": "Outer",
        "Parallel Aware": false,
        "Startup Cost": 111284.49,
        "Total Cost": 111284.6,
        "Plan Rows": 1,
        "Plan Width": 8,
        "Actual Startup Time": 649.237,
        "Actual Total Time": 682.641,
        "Actual Rows": 2,
        "Actual Loops": 1,
        "Workers Planned": 1,
        "Workers Launched": 1,
        "Single Copy": false,
        "Plans": [
          {
            "Node Type": "Aggregate",
            "Strategy": "Plain",
            "Partial Mode": "Partial",
            "Parent Relationship": "Outer",
            "Parallel Aware": false,
            "Startup Cost": 110284.49,
            "Total Cost": 110284.5,
            "Plan Rows": 1,
            "Plan Width": 8,
            "Actual Startup Time": 643.15,
            "Actual Total Time": 643.154,
            "Actual Rows": 1,
            "Actual Loops": 2,
            "Plans": [
              {
                "Node Type": "Nested Loop",
                "Parent Relationship": "Outer",
                "Parallel Aware": false,
                "Join Type": "Inner",
                "Startup Cost": 58396.88,
                "Total Cost": 110210.16,
                "Plan Rows": 29732,
                "Plan Width": 0,
                "Actual Startup Time": 159.228,
                "Actual Total Time": 626.46,
                "Actual Rows": 370254,
                "Actual Loops": 2,
                "Inner Unique": false,
                "Join Filter": "(t.id = mi.movie_id)",
                "Rows Removed by Join Filter": 0,
                "Plans": [
                  {
                    "Node Type": "Hash Join",
                    "Parent Relationship": "Outer",
                    "Parallel Aware": true,
                    "Join Type": "Inner",
                    "Startup Cost": 58396.44,
                    "Total Cost": 99128.87,
                    "Plan Rows": 5085,
                    "Plan Width": 8,
                    "Actual Startup Time": 159.163,
                    "Actual Total Time": 337.227,
                    "Actual Rows": 33780,
                    "Actual Loops": 2,
                    "Inner Unique": true,
                    "Hash Cond": "(mc.movie_id = t.id)",
                    "Plans": [
                      {
                        "Node Type": "Seq Scan",
                        "Parent Relationship": "Outer",
                        "Parallel Aware": true,
                        "Relation Name": "movie_companies",
                        "Alias": "mc",
                        "Startup Cost": 0.0,
                        "Total Cost": 37974.77,
                        "Plan Rows": 1050534,
                        "Plan Width": 4,
                        "Actual Startup Time": 0.78,
                        "Actual Total Time": 113.347,
                        "Actual Rows": 895943,
                        "Actual Loops": 2,
                        "Filter": "(company_id > 1918)",
                        "Rows Removed by Filter": 408622
                      },
                      {
                        "Node Type": "Hash",
                        "Parent Relationship": "Inner",
                        "Parallel Aware": true,
                        "Startup Cost": 58306.47,
                        "Total Cost": 58306.47,
                        "Plan Rows": 7198,
                        "Plan Width": 4,
                        "Actual Startup Time": 140.524,
                        "Actual Total Time": 140.525,
                        "Actual Rows": 17524,
                        "Actual Loops": 2,
                        "Hash Buckets": 65536,
                        "Original Hash Buckets": 16384,
                        "Hash Batches": 1,
                        "Original Hash Batches": 1,
                        "Peak Memory Usage": 2304,
                        "Plans": [
                          {
                            "Node Type": "Seq Scan",
                            "Parent Relationship": "Outer",
                            "Parallel Aware": true,
                            "Relation Name": "title",
                            "Alias": "t",
                            "Startup Cost": 0.0,
                            "Total Cost": 58306.47,
                            "Plan Rows": 7198,
                            "Plan Width": 4,
                            "Actual Startup Time": 91.877,
                            "Actual Total Time": 135.494,
                            "Actual Rows": 17524,
                            "Actual Loops": 2,
                            "Filter": "((kind_id < 7) AND (production_year < 1912))",
                            "Rows Removed by Filter": 1246632
                          }
                        ]
                      }
                    ]
                  },
                  {
                    "Node Type": "Index Only Scan",
                    "Parent Relationship": "Inner",
                    "Parallel Aware": false,
                    "Scan Direction": "Forward",
                    "Index Name": "movie_id_movie_info",
                    "Relation Name": "movie_info",
                    "Alias": "mi",
                    "Startup Cost": 0.43,
                    "Total Cost": 1.65,
                    "Plan Rows": 42,
                    "Plan Width": 4,
                    "Actual Startup Time": 0.003,
                    "Actual Total Time": 0.007,
                    "Actual Rows": 11,
                    "Actual Loops": 67561,
                    "Index Cond": "(movie_id = mc.movie_id)",
                    "Rows Removed by Index Recheck": 0,
                    "Heap Fetches": 740508
                  }
                ]
              }
            ]
          }
        ]
      }
    ]
  },
  "Planning Time": 1.023,
  "Triggers": [],
  "Execution Time": 682.744
}