[
  {
    "Plan": {
      "Node Type": "Aggregate",
      "Strategy": "Plain",
      "Partial Mode": "Finalize",
      "Parallel Aware": false,
      "Startup Cost": 307298.76,
      "Total Cost": 307298.77,
      "Plan Rows": 1,
      "Plan Width": 8,
      "Actual Startup Time": 263.634,
      "Actual Total Time": 281.055,
      "Actual Rows": 1,
      "Actual Loops": 1,
      "Plans": [
        {
          "Node Type": "Gather",
          "Parent Relationship": "Outer",
          "Parallel Aware": false,
          "Startup Cost": 307298.14,
          "Total Cost": 307298.75,
          "Plan Rows": 6,
          "Plan Width": 8,
          "Actual Startup Time": 262.273,
          "Actual Total Time": 281.035,
          "Actual Rows": 7,
          "Actual Loops": 1,
          "Workers Planned": 6,
          "Workers Launched": 6,
          "Single Copy": false,
          "Plans": [
            {
              "Node Type": "Aggregate",
              "Strategy": "Plain",
              "Partial Mode": "Partial",
              "Parent Relationship": "Outer",
              "Parallel Aware": false,
              "Startup Cost": 306298.14,
              "Total Cost": 306298.15,
              "Plan Rows": 1,
              "Plan Width": 8,
              "Actual Startup Time": 250.972,
              "Actual Total Time": 250.975,
              "Actual Rows": 1,
              "Actual Loops": 7,
              "Plans": [
                {
                  "Node Type": "Bitmap Heap Scan",
                  "Parent Relationship": "Outer",
                  "Parallel Aware": true,
                  "Relation Name": "cast_info",
                  "Alias": "ci",
                  "Startup Cost": 48157.83,
                  "Total Cost": 305389.25,
                  "Plan Rows": 363554,
                  "Plan Width": 0,
                  "Actual Startup Time": 105.213,
                  "Actual Total Time": 228.293,
                  "Actual Rows": 302741,
                  "Actual Loops": 7,
                  "Recheck Cond": "(person_id > 3648614)",
                  "Rows Removed by Index Recheck": 0,
                  "Exact Heap Blocks": 6478,
                  "Lossy Heap Blocks": 0,
                  "Plans": [
                    {
                      "Node Type": "Bitmap Index Scan",
                      "Parent Relationship": "Outer",
                      "Parallel Aware": false,
                      "Index Name": "person_id_cast_info",
                      "Startup Cost": 0.0,
                      "Total Cost": 47612.5,
                      "Plan Rows": 2181324,
                      "Plan Width": 0,
                      "Actual Startup Time": 107.437,
                      "Actual Total Time": 107.439,
                      "Actual Rows": 2119188,
                      "Actual Loops": 1,
                      "Index Cond": "(person_id > 3648614)"
                    }
                  ]
                }
              ]
            }
          ]
        }
      ]
    },
    "Planning Time": 0.262,
    "Triggers": [],
    "Execution Time": 281.15
  }
]