[
    {
        "Bao": {
            "Bao prediction": "NaN",
            "Bao recommended hint": "(no hint)"
        }
    },
    {
        "Plan": {
            "Node Type": "Aggregate",
            "Strategy": "Plain",
            "Partial Mode": "Finalize",
            "Parallel Aware": false,
            "Startup Cost": 636012.12,
            "Total Cost": 636012.13,
            "Plan Rows": 1,
            "Plan Width": 8,
            "Actual Startup Time": 3150.211,
            "Actual Total Time": 3188.08,
            "Actual Rows": 1,
            "Actual Loops": 1,
            "Output": [
                "count(*)"
            ],
            "Plans": [
                {
                    "Node Type": "Gather",
                    "Parent Relationship": "Outer",
                    "Parallel Aware": false,
                    "Startup Cost": 636011.5,
                    "Total Cost": 636012.11,
                    "Plan Rows": 6,
                    "Plan Width": 8,
                    "Actual Startup Time": 3128.484,
                    "Actual Total Time": 3188.069,
                    "Actual Rows": 7,
                    "Actual Loops": 1,
                    "Output": [
                        "(PARTIAL count(*))"
                    ],
                    "Workers Planned": 6,
                    "Workers Launched": 6,
                    "Single Copy": false,
                    "Plans": [
                        {
                            "Node Type": "Aggregate",
                            "Strategy": "Plain",
                            "Partial Mode": "Partial",
                            "Parent Relationship": "Outer",
                            "Parallel Aware": false,
                            "Startup Cost": 635011.5,
                            "Total Cost": 635011.51,
                            "Plan Rows": 1,
                            "Plan Width": 8,
                            "Actual Startup Time": 3114.551,
                            "Actual Total Time": 3114.672,
                            "Actual Rows": 1,
                            "Actual Loops": 7,
                            "Output": [
                                "PARTIAL count(*)"
                            ],
                            "Workers": [
                                {
                                    "Worker Number": 0,
                                    "Actual Startup Time": 3113.404,
                                    "Actual Total Time": 3113.41,
                                    "Actual Rows": 1,
                                    "Actual Loops": 1
                                },
                                {
                                    "Worker Number": 1,
                                    "Actual Startup Time": 3111.916,
                                    "Actual Total Time": 3111.92,
                                    "Actual Rows": 1,
                                    "Actual Loops": 1
                                },
                                {
                                    "Worker Number": 2,
                                    "Actual Startup Time": 3111.971,
                                    "Actual Total Time": 3111.977,
                                    "Actual Rows": 1,
                                    "Actual Loops": 1
                                },
                                {
                                    "Worker Number": 3,
                                    "Actual Startup Time": 3112.073,
                                    "Actual Total Time": 3112.079,
                                    "Actual Rows": 1,
                                    "Actual Loops": 1
                                },
                                {
                                    "Worker Number": 4,
                                    "Actual Startup Time": 3112.082,
                                    "Actual Total Time": 3112.087,
                                    "Actual Rows": 1,
                                    "Actual Loops": 1
                                },
                                {
                                    "Worker Number": 5,
                                    "Actual Startup Time": 3112.345,
                                    "Actual Total Time": 3112.35,
                                    "Actual Rows": 1,
                                    "Actual Loops": 1
                                }
                            ],
                            "Plans": [
                                {
                                    "Node Type": "Hash Join",
                                    "Parent Relationship": "Outer",
                                    "Parallel Aware": true,
                                    "Join Type": "Inner",
                                    "Startup Cost": 260923.15,
                                    "Total Cost": 619739.72,
                                    "Plan Rows": 6108712,
                                    "Plan Width": 0,
                                    "Actual Startup Time": 1002.879,
                                    "Actual Total Time": 2949.206,
                                    "Actual Rows": 3491106,
                                    "Actual Loops": 7,
                                    "Inner Unique": false,
                                    "Hash Cond": "(ci.movie_id = t.id)",
                                    "Workers": [
                                        {
                                            "Worker Number": 0,
                                            "Actual Startup Time": 1000.381,
                                            "Actual Total Time": 2944.14,
                                            "Actual Rows": 3116377,
                                            "Actual Loops": 1
                                        },
                                        {
                                            "Worker Number": 1,
                                            "Actual Startup Time": 1000.508,
                                            "Actual Total Time": 2939.529,
                                            "Actual Rows": 3350718,
                                            "Actual Loops": 1
                                        },
                                        {
                                            "Worker Number": 2,
                                            "Actual Startup Time": 1000.565,
                                            "Actual Total Time": 2940.252,
                                            "Actual Rows": 2995994,
                                            "Actual Loops": 1
                                        },
                                        {
                                            "Worker Number": 3,
                                            "Actual Startup Time": 1000.675,
                                            "Actual Total Time": 2954.294,
                                            "Actual Rows": 3415426,
                                            "Actual Loops": 1
                                        },
                                        {
                                            "Worker Number": 4,
                                            "Actual Startup Time": 1000.675,
                                            "Actual Total Time": 2947.627,
                                            "Actual Rows": 3784243,
                                            "Actual Loops": 1
                                        },
                                        {
                                            "Worker Number": 5,
                                            "Actual Startup Time": 1000.668,
                                            "Actual Total Time": 2948.935,
                                            "Actual Rows": 3755565,
                                            "Actual Loops": 1
                                        }
                                    ],
                                    "Plans": [
                                        {
                                            "Node Type": "Seq Scan",
                                            "Parent Relationship": "Outer",
                                            "Parallel Aware": true,
                                            "Relation Name": "cast_info",
                                            "Schema": "public",
                                            "Alias": "ci",
                                            "Startup Cost": 0.0,
                                            "Total Cost": 328213.62,
                                            "Plan Rows": 4902810,
                                            "Plan Width": 4,
                                            "Actual Startup Time": 90.233,
                                            "Actual Total Time": 617.196,
                                            "Actual Rows": 4168751,
                                            "Actual Loops": 7,
                                            "Output": [
                                                "ci.id",
                                                "ci.person_id",
                                                "ci.movie_id",
                                                "ci.person_role_id",
                                                "ci.note",
                                                "ci.nr_order",
                                                "ci.role_id"
                                            ],
                                            "Filter": "(ci.person_id > 682231)",
                                            "Rows Removed by Filter": 1009013,
                                            "Workers": [
                                                {
                                                    "Worker Number": 0,
                                                    "Actual Startup Time": 90.237,
                                                    "Actual Total Time": 618.193,
                                                    "Actual Rows": 3665103,
                                                    "Actual Loops": 1
                                                },
                                                {
                                                    "Worker Number": 1,
                                                    "Actual Startup Time": 90.24,
                                                    "Actual Total Time": 648.613,
                                                    "Actual Rows": 4038090,
                                                    "Actual Loops": 1
                                                },
                                                {
                                                    "Worker Number": 2,
                                                    "Actual Startup Time": 90.17,
                                                    "Actual Total Time": 629.554,
                                                    "Actual Rows": 3545857,
                                                    "Actual Loops": 1
                                                },
                                                {
                                                    "Worker Number": 3,
                                                    "Actual Startup Time": 90.253,
                                                    "Actual Total Time": 601.76,
                                                    "Actual Rows": 4079429,
                                                    "Actual Loops": 1
                                                },
                                                {
                                                    "Worker Number": 4,
                                                    "Actual Startup Time": 90.256,
                                                    "Actual Total Time": 627.193,
                                                    "Actual Rows": 4484409,
                                                    "Actual Loops": 1
                                                },
                                                {
                                                    "Worker Number": 5,
                                                    "Actual Startup Time": 90.237,
                                                    "Actual Total Time": 628.544,
                                                    "Actual Rows": 4485477,
                                                    "Actual Loops": 1
                                                }
                                            ]
                                        },
                                        {
                                            "Node Type": "Hash",
                                            "Parent Relationship": "Inner",
                                            "Parallel Aware": true,
                                            "Startup Cost": 253047.67,
                                            "Total Cost": 253047.67,
                                            "Plan Rows": 630038,
                                            "Plan Width": 8,
                                            "Actual Startup Time": 907.805,
                                            "Actual Total Time": 907.923,
                                            "Actual Rows": 243257,
                                            "Actual Loops": 7,
                                            "Output": [
                                                "t.id",
                                                "mi.movie_id"
                                            ],
                                            "Hash Buckets": 4194304,
                                            "Original Hash Buckets": 4194304,
                                            "Hash Batches": 1,
                                            "Original Hash Batches": 1,
                                            "Peak Memory Usage": 99520,
                                            "Workers": [
                                                {
                                                    "Worker Number": 0,
                                                    "Actual Startup Time": 909.337,
                                                    "Actual Total Time": 909.342,
                                                    "Actual Rows": 191298,
                                                    "Actual Loops": 1
                                                },
                                                {
                                                    "Worker Number": 1,
                                                    "Actual Startup Time": 909.502,
                                                    "Actual Total Time": 909.505,
                                                    "Actual Rows": 198225,
                                                    "Actual Loops": 1
                                                },
                                                {
                                                    "Worker Number": 2,
                                                    "Actual Startup Time": 909.437,
                                                    "Actual Total Time": 909.441,
                                                    "Actual Rows": 189378,
                                                    "Actual Loops": 1
                                                },
                                                {
                                                    "Worker Number": 3,
                                                    "Actual Startup Time": 909.578,
                                                    "Actual Total Time": 909.582,
                                                    "Actual Rows": 253695,
                                                    "Actual Loops": 1
                                                },
                                                {
                                                    "Worker Number": 4,
                                                    "Actual Startup Time": 909.621,
                                                    "Actual Total Time": 909.624,
                                                    "Actual Rows": 280323,
                                                    "Actual Loops": 1
                                                },
                                                {
                                                    "Worker Number": 5,
                                                    "Actual Startup Time": 909.514,
                                                    "Actual Total Time": 909.518,
                                                    "Actual Rows": 279799,
                                                    "Actual Loops": 1
                                                }
                                            ],
                                            "Plans": [
                                                {
                                                    "Node Type": "Hash Join",
                                                    "Parent Relationship": "Outer",
                                                    "Parallel Aware": true,
                                                    "Join Type": "Inner",
                                                    "Startup Cost": 47414.33,
                                                    "Total Cost": 253047.67,
                                                    "Plan Rows": 630038,
                                                    "Plan Width": 8,
                                                    "Actual Startup Time": 116.772,
                                                    "Actual Total Time": 793.488,
                                                    "Actual Rows": 243257,
                                                    "Actual Loops": 7,
                                                    "Output": [
                                                        "t.id",
                                                        "mi.movie_id"
                                                    ],
                                                    "Inner Unique": true,
                                                    "Hash Cond": "(mi.movie_id = t.id)",
                                                    "Workers": [
                                                        {
                                                            "Worker Number": 0,
                                                            "Actual Startup Time": 116.785,
                                                            "Actual Total Time": 794.713,
                                                            "Actual Rows": 191298,
                                                            "Actual Loops": 1
                                                        },
                                                        {
                                                            "Worker Number": 1,
                                                            "Actual Startup Time": 116.79,
                                                            "Actual Total Time": 795.746,
                                                            "Actual Rows": 198225,
                                                            "Actual Loops": 1
                                                        },
                                                        {
                                                            "Worker Number": 2,
                                                            "Actual Startup Time": 116.808,
                                                            "Actual Total Time": 795.519,
                                                            "Actual Rows": 189378,
                                                            "Actual Loops": 1
                                                        },
                                                        {
                                                            "Worker Number": 3,
                                                            "Actual Startup Time": 116.669,
                                                            "Actual Total Time": 791.069,
                                                            "Actual Rows": 253695,
                                                            "Actual Loops": 1
                                                        },
                                                        {
                                                            "Worker Number": 4,
                                                            "Actual Startup Time": 116.756,
                                                            "Actual Total Time": 794.103,
                                                            "Actual Rows": 280323,
                                                            "Actual Loops": 1
                                                        },
                                                        {
                                                            "Worker Number": 5,
                                                            "Actual Startup Time": 116.746,
                                                            "Actual Total Time": 793.159,
                                                            "Actual Rows": 279799,
                                                            "Actual Loops": 1
                                                        }
                                                    ],
                                                    "Plans": [
                                                        {
                                                            "Node Type": "Seq Scan",
                                                            "Parent Relationship": "Outer",
                                                            "Parallel Aware": true,
                                                            "Relation Name": "movie_info",
                                                            "Schema": "public",
                                                            "Alias": "mi",
                                                            "Startup Cost": 0.0,
                                                            "Total Cost": 198880.74,
                                                            "Plan Rows": 2572415,
                                                            "Plan Width": 4,
                                                            "Actual Startup Time": 0.031,
                                                            "Actual Total Time": 333.078,
                                                            "Actual Rows": 1852870,
                                                            "Actual Loops": 7,
                                                            "Output": [
                                                                "mi.id",
                                                                "mi.movie_id",
                                                                "mi.info_type_id",
                                                                "mi.info",
                                                                "mi.note"
                                                            ],
                                                            "Filter": "(mi.info_type_id < 18)",
                                                            "Rows Removed by Filter": 266519,
                                                            "Workers": [
                                                                {
                                                                    "Worker Number": 0,
                                                                    "Actual Startup Time": 0.039,
                                                                    "Actual Total Time": 341.784,
                                                                    "Actual Rows": 1405708,
                                                                    "Actual Loops": 1
                                                                },
                                                                {
                                                                    "Worker Number": 1,
                                                                    "Actual Startup Time": 0.036,
                                                                    "Actual Total Time": 352.91,
                                                                    "Actual Rows": 1469334,
                                                                    "Actual Loops": 1
                                                                },
                                                                {
                                                                    "Worker Number": 2,
                                                                    "Actual Startup Time": 0.037,
                                                                    "Actual Total Time": 342.72,
                                                                    "Actual Rows": 1413326,
                                                                    "Actual Loops": 1
                                                                },
                                                                {
                                                                    "Worker Number": 3,
                                                                    "Actual Startup Time": 0.032,
                                                                    "Actual Total Time": 322.632,
                                                                    "Actual Rows": 1909756,
                                                                    "Actual Loops": 1
                                                                },
                                                                {
                                                                    "Worker Number": 4,
                                                                    "Actual Startup Time": 0.031,
                                                                    "Actual Total Time": 334.183,
                                                                    "Actual Rows": 2132613,
                                                                    "Actual Loops": 1
                                                                },
                                                                {
                                                                    "Worker Number": 5,
                                                                    "Actual Startup Time": 0.028,
                                                                    "Actual Total Time": 333.974,
                                                                    "Actual Rows": 2131047,
                                                                    "Actual Loops": 1
                                                                }
                                                            ]
                                                        },
                                                        {
                                                            "Node Type": "Hash",
                                                            "Parent Relationship": "Inner",
                                                            "Parallel Aware": true,
                                                            "Startup Cost": 45479.21,
                                                            "Total Cost": 45479.21,
                                                            "Plan Rows": 154810,
                                                            "Plan Width": 4,
                                                            "Actual Startup Time": 115.605,
                                                            "Actual Total Time": 115.607,
                                                            "Actual Rows": 74449,
                                                            "Actual Loops": 7,
                                                            "Output": [
                                                                "t.id"
                                                            ],
                                                            "Hash Buckets": 1048576,
                                                            "Original Hash Buckets": 1048576,
                                                            "Hash Batches": 1,
                                                            "Original Hash Batches": 1,
                                                            "Peak Memory Usage": 28672,
                                                            "Workers": [
                                                                {
                                                                    "Worker Number": 0,
                                                                    "Actual Startup Time": 116.405,
                                                                    "Actual Total Time": 116.407,
                                                                    "Actual Rows": 53491,
                                                                    "Actual Loops": 1
                                                                },
                                                                {
                                                                    "Worker Number": 1,
                                                                    "Actual Startup Time": 116.411,
                                                                    "Actual Total Time": 116.413,
                                                                    "Actual Rows": 57561,
                                                                    "Actual Loops": 1
                                                                },
                                                                {
                                                                    "Worker Number": 2,
                                                                    "Actual Startup Time": 116.397,
                                                                    "Actual Total Time": 116.399,
                                                                    "Actual Rows": 53680,
                                                                    "Actual Loops": 1
                                                                },
                                                                {
                                                                    "Worker Number": 3,
                                                                    "Actual Startup Time": 116.574,
                                                                    "Actual Total Time": 116.576,
                                                                    "Actual Rows": 67583,
                                                                    "Actual Loops": 1
                                                                },
                                                                {
                                                                    "Worker Number": 4,
                                                                    "Actual Startup Time": 116.417,
                                                                    "Actual Total Time": 116.418,
                                                                    "Actual Rows": 74938,
                                                                    "Actual Loops": 1
                                                                },
                                                                {
                                                                    "Worker Number": 5,
                                                                    "Actual Startup Time": 116.413,
                                                                    "Actual Total Time": 116.415,
                                                                    "Actual Rows": 73308,
                                                                    "Actual Loops": 1
                                                                }
                                                            ],
                                                            "Plans": [
                                                                {
                                                                    "Node Type": "Seq Scan",
                                                                    "Parent Relationship": "Outer",
                                                                    "Parallel Aware": true,
                                                                    "Relation Name": "title",
                                                                    "Schema": "public",
                                                                    "Alias": "t",
                                                                    "Startup Cost": 0.0,
                                                                    "Total Cost": 45479.21,
                                                                    "Plan Rows": 154810,
                                                                    "Plan Width": 4,
                                                                    "Actual Startup Time": 0.042,
                                                                    "Actual Total Time": 76.366,
                                                                    "Actual Rows": 74449,
                                                                    "Actual Loops": 7,
                                                                    "Output": [
                                                                        "t.id"
                                                                    ],
                                                                    "Filter": "((t.production_year < 2000) AND (t.kind_id = 7))",
                                                                    "Rows Removed by Filter": 286739,
                                                                    "Workers": [
                                                                        {
                                                                            "Worker Number": 0,
                                                                            "Actual Startup Time": 0.049,
                                                                            "Actual Total Time": 77.778,
                                                                            "Actual Rows": 53491,
                                                                            "Actual Loops": 1
                                                                        },
                                                                        {
                                                                            "Worker Number": 1,
                                                                            "Actual Startup Time": 0.051,
                                                                            "Actual Total Time": 78.624,
                                                                            "Actual Rows": 57561,
                                                                            "Actual Loops": 1
                                                                        },
                                                                        {
                                                                            "Worker Number": 2,
                                                                            "Actual Startup Time": 0.031,
                                                                            "Actual Total Time": 77.814,
                                                                            "Actual Rows": 53680,
                                                                            "Actual Loops": 1
                                                                        },
                                                                        {
                                                                            "Worker Number": 3,
                                                                            "Actual Startup Time": 0.048,
                                                                            "Actual Total Time": 76.238,
                                                                            "Actual Rows": 67583,
                                                                            "Actual Loops": 1
                                                                        },
                                                                        {
                                                                            "Worker Number": 4,
                                                                            "Actual Startup Time": 0.05,
                                                                            "Actual Total Time": 77.357,
                                                                            "Actual Rows": 74938,
                                                                            "Actual Loops": 1
                                                                        },
                                                                        {
                                                                            "Worker Number": 5,
                                                                            "Actual Startup Time": 0.051,
                                                                            "Actual Total Time": 76.854,
                                                                            "Actual Rows": 73308,
                                                                            "Actual Loops": 1
                                                                        }
                                                                    ]
                                                                }
                                                            ]
                                                        }
                                                    ]
                                                }
                                            ]
                                        }
                                    ]
                                }
                            ]
                        }
                    ]
                }
            ]
        },
        "Planning Time": 178.786,
        "Triggers": [],
        "Execution Time": 3188.17
    }
]