[
    {
        "Bao": {
            "Bao prediction": "NaN",
            "Bao recommended hint": "(no hint)"
        }
    },
    {
        "Plan": {
            "Node Type": "Aggregate",
            "Strategy": "Plain",
            "Partial Mode": "Finalize",
            "Parallel Aware": false,
            "Startup Cost": 44909.12,
            "Total Cost": 44909.13,
            "Plan Rows": 1,
            "Plan Width": 8,
            "Actual Startup Time": 84.236,
            "Actual Total Time": 89.925,
            "Actual Rows": 1,
            "Actual Loops": 1,
            "Output": [
                "count(*)"
            ],
            "Plans": [
                {
                    "Node Type": "Gather",
                    "Parent Relationship": "Outer",
                    "Parallel Aware": false,
                    "Startup Cost": 44908.7,
                    "Total Cost": 44909.11,
                    "Plan Rows": 4,
                    "Plan Width": 8,
                    "Actual Startup Time": 84.108,
                    "Actual Total Time": 89.918,
                    "Actual Rows": 5,
                    "Actual Loops": 1,
                    "Output": [
                        "(PARTIAL count(*))"
                    ],
                    "Workers Planned": 4,
                    "Workers Launched": 4,
                    "Single Copy": false,
                    "Plans": [
                        {
                            "Node Type": "Aggregate",
                            "Strategy": "Plain",
                            "Partial Mode": "Partial",
                            "Parent Relationship": "Outer",
                            "Parallel Aware": false,
                            "Startup Cost": 43908.7,
                            "Total Cost": 43908.71,
                            "Plan Rows": 1,
                            "Plan Width": 8,
                            "Actual Startup Time": 75.143,
                            "Actual Total Time": 75.144,
                            "Actual Rows": 1,
                            "Actual Loops": 5,
                            "Output": [
                                "PARTIAL count(*)"
                            ],
                            "Workers": [
                                {
                                    "Worker Number": 0,
                                    "Actual Startup Time": 72.873,
                                    "Actual Total Time": 72.874,
                                    "Actual Rows": 1,
                                    "Actual Loops": 1
                                },
                                {
                                    "Worker Number": 1,
                                    "Actual Startup Time": 72.882,
                                    "Actual Total Time": 72.883,
                                    "Actual Rows": 1,
                                    "Actual Loops": 1
                                },
                                {
                                    "Worker Number": 2,
                                    "Actual Startup Time": 72.985,
                                    "Actual Total Time": 72.986,
                                    "Actual Rows": 1,
                                    "Actual Loops": 1
                                },
                                {
                                    "Worker Number": 3,
                                    "Actual Startup Time": 73.271,
                                    "Actual Total Time": 73.273,
                                    "Actual Rows": 1,
                                    "Actual Loops": 1
                                }
                            ],
                            "Plans": [
                                {
                                    "Node Type": "Seq Scan",
                                    "Parent Relationship": "Outer",
                                    "Parallel Aware": true,
                                    "Relation Name": "title",
                                    "Schema": "public",
                                    "Alias": "t",
                                    "Startup Cost": 0.0,
                                    "Total Cost": 43899.01,
                                    "Plan Rows": 3878,
                                    "Plan Width": 0,
                                    "Actual Startup Time": 48.3,
                                    "Actual Total Time": 74.887,
                                    "Actual Rows": 2998,
                                    "Actual Loops": 5,
                                    "Output": [
                                        "id",
                                        "title",
                                        "imdb_index",
                                        "kind_id",
                                        "production_year",
                                        "imdb_id",
                                        "phonetic_code",
                                        "episode_of_id",
                                        "season_nr",
                                        "episode_nr",
                                        "series_years",
                                        "md5sum"
                                    ],
                                    "Filter": "(t.production_year < 1905)",
                                    "Rows Removed by Filter": 502665,
                                    "Workers": [
                                        {
                                            "Worker Number": 0,
                                            "Actual Startup Time": 30.06,
                                            "Actual Total Time": 72.606,
                                            "Actual Rows": 2745,
                                            "Actual Loops": 1
                                        },
                                        {
                                            "Worker Number": 1,
                                            "Actual Startup Time": 50.026,
                                            "Actual Total Time": 72.623,
                                            "Actual Rows": 2667,
                                            "Actual Loops": 1
                                        },
                                        {
                                            "Worker Number": 2,
                                            "Actual Startup Time": 50.137,
                                            "Actual Total Time": 72.72,
                                            "Actual Rows": 2743,
                                            "Actual Loops": 1
                                        },
                                        {
                                            "Worker Number": 3,
                                            "Actual Startup Time": 50.424,
                                            "Actual Total Time": 73.019,
                                            "Actual Rows": 2489,
                                            "Actual Loops": 1
                                        }
                                    ]
                                }
                            ]
                        }
                    ]
                }
            ]
        },
        "Planning Time": 185.664,
        "Triggers": [],
        "Execution Time": 89.984
    }
]