[
  {
    "Plan": {
      "Node Type": "Aggregate",
      "Strategy": "Plain",
      "Partial Mode": "Finalize",
      "Parallel Aware": false,
      "Startup Cost": 21603.75,
      "Total Cost": 21603.76,
      "Plan Rows": 1,
      "Plan Width": 8,
      "Actual Startup Time": 27.543,
      "Actual Total Time": 31.067,
      "Actual Rows": 1,
      "Actual Loops": 1,
      "Plans": [
        {
          "Node Type": "Gather",
          "Parent Relationship": "Outer",
          "Parallel Aware": false,
          "Startup Cost": 21603.53,
          "Total Cost": 21603.74,
          "Plan Rows": 2,
          "Plan Width": 8,
          "Actual Startup Time": 27.377,
          "Actual Total Time": 31.059,
          "Actual Rows": 3,
          "Actual Loops": 1,
          "Workers Planned": 2,
          "Workers Launched": 2,
          "Single Copy": false,
          "Plans": [
            {
              "Node Type": "Aggregate",
              "Strategy": "Plain",
              "Partial Mode": "Partial",
              "Parent Relationship": "Outer",
              "Parallel Aware": false,
              "Startup Cost": 20603.53,
              "Total Cost": 20603.54,
              "Plan Rows": 1,
              "Plan Width": 8,
              "Actual Startup Time": 19.315,
              "Actual Total Time": 19.317,
              "Actual Rows": 1,
              "Actual Loops": 3,
              "Plans": [
                {
                  "Node Type": "Nested Loop",
                  "Parent Relationship": "Outer",
                  "Parallel Aware": false,
                  "Join Type": "Inner",
                  "Startup Cost": 117.33,
                  "Total Cost": 20600.71,
                  "Plan Rows": 1130,
                  "Plan Width": 0,
                  "Actual Startup Time": 3.452,
                  "Actual Total Time": 19.115,
                  "Actual Rows": 808,
                  "Actual Loops": 3,
                  "Inner Unique": true,
                  "Plans": [
                    {
                      "Node Type": "Bitmap Heap Scan",
                      "Parent Relationship": "Outer",
                      "Parallel Aware": true,
                      "Relation Name": "movie_companies",
                      "Alias": "mc",
                      "Startup Cost": 116.9,
                      "Total Cost": 11808.64,
                      "Plan Rows": 1130,
                      "Plan Width": 4,
                      "Actual Startup Time": 3.245,
                      "Actual Total Time": 6.477,
                      "Actual Rows": 808,
                      "Actual Loops": 3,
                      "Recheck Cond": "(company_id = 73)",
                      "Rows Removed by Index Recheck": 0,
                      "Filter": "(company_type_id = 2)",
                      "Rows Removed by Filter": 1085,
                      "Exact Heap Blocks": 2316,
                      "Lossy Heap Blocks": 0,
                      "Plans": [
                        {
                          "Node Type": "Bitmap Index Scan",
                          "Parent Relationship": "Outer",
                          "Parallel Aware": false,
                          "Index Name": "company_id_movie_companies",
                          "Startup Cost": 0.0,
                          "Total Cost": 116.22,
                          "Plan Rows": 5305,
                          "Plan Width": 0,
                          "Actual Startup Time": 2.942,
                          "Actual Total Time": 2.942,
                          "Actual Rows": 5677,
                          "Actual Loops": 1,
                          "Index Cond": "(company_id = 73)"
                        }
                      ]
                    },
                    {
                      "Node Type": "Index Only Scan",
                      "Parent Relationship": "Inner",
                      "Parallel Aware": false,
                      "Scan Direction": "Forward",
                      "Index Name": "title_pkey",
                      "Relation Name": "title",
                      "Alias": "t",
                      "Startup Cost": 0.43,
                      "Total Cost": 7.78,
                      "Plan Rows": 1,
                      "Plan Width": 4,
                      "Actual Startup Time": 0.015,
                      "Actual Total Time": 0.015,
                      "Actual Rows": 1,
                      "Actual Loops": 2423,
                      "Index Cond": "(id = mc.movie_id)",
                      "Rows Removed by Index Recheck": 0,
                      "Heap Fetches": 2423
                    }
                  ]
                }
              ]
            }
          ]
        }
      ]
    },
    "Planning Time": 0.571,
    "Triggers": [],
    "Execution Time": 31.165
  }
]