{
  "Plan": {
    "Node Type": "Aggregate",
    "Strategy": "Plain",
    "Partial Mode": "Finalize",
    "Parallel Aware": false,
    "Startup Cost": 63567.78,
    "Total Cost": 63567.79,
    "Plan Rows": 1,
    "Plan Width": 8,
    "Actual Startup Time": 27.78,
    "Actual Total Time": 30.144,
    "Actual Rows": 1,
    "Actual Loops": 1,
    "Plans": [
      {
        "Node Type": "Gather",
        "Parent Relationship": "Outer",
        "Parallel Aware": false,
        "Startup Cost": 63567.67,
        "Total Cost": 63567.78,
        "Plan Rows": 1,
        "Plan Width": 8,
        "Actual Startup Time": 24.669,
        "Actual Total Time": 30.133,
        "Actual Rows": 2,
        "Actual Loops": 1,
        "Workers Planned": 1,
        "Workers Launched": 1,
        "Single Copy": false,
        "Plans": [
          {
            "Node Type": "Aggregate",
            "Strategy": "Plain",
            "Partial Mode": "Partial",
            "Parent Relationship": "Outer",
            "Parallel Aware": false,
            "Startup Cost": 62567.67,
            "Total Cost": 62567.68,
            "Plan Rows": 1,
            "Plan Width": 8,
            "Actual Startup Time": 20.09,
            "Actual Total Time": 20.092,
            "Actual Rows": 1,
            "Actual Loops": 2,
            "Plans": [
              {
                "Node Type": "Nested Loop",
                "Parent Relationship": "Outer",
                "Parallel Aware": false,
                "Join Type": "Inner",
                "Startup Cost": 190.51,
                "Total Cost": 62555.64,
                "Plan Rows": 4809,
                "Plan Width": 0,
                "Actual Startup Time": 1.432,
                "Actual Total Time": 19.492,
                "Actual Rows": 2876,
                "Actual Loops": 2,
                "Inner Unique": true,
                "Plans": [
                  {
                    "Node Type": "Bitmap Heap Scan",
                    "Parent Relationship": "Outer",
                    "Parallel Aware": true,
                    "Relation Name": "cast_info",
                    "Alias": "ci",
                    "Startup Cost": 190.08,
                    "Total Cost": 28984.0,
                    "Plan Rows": 4972,
                    "Plan Width": 4,
                    "Actual Startup Time": 1.308,
                    "Actual Total Time": 2.26,
                    "Actual Rows": 2876,
                    "Actual Loops": 2,
                    "Recheck Cond": "(person_id = 1737040)",
                    "Rows Removed by Index Recheck": 0,
                    "Exact Heap Blocks": 29,
                    "Lossy Heap Blocks": 0,
                    "Plans": [
                      {
                        "Node Type": "Bitmap Index Scan",
                        "Parent Relationship": "Outer",
                        "Parallel Aware": false,
                        "Index Name": "person_id_cast_info",
                        "Startup Cost": 0.0,
                        "Total Cost": 187.96,
                        "Plan Rows": 8453,
                        "Plan Width": 0,
                        "Actual Startup Time": 2.368,
                        "Actual Total Time": 2.369,
                        "Actual Rows": 5753,
                        "Actual Loops": 1,
                        "Index Cond": "(person_id = 1737040)"
                      }
                    ]
                  },
                  {
                    "Node Type": "Index Scan",
                    "Parent Relationship": "Inner",
                    "Parallel Aware": false,
                    "Scan Direction": "Forward",
                    "Index Name": "title_pkey",
                    "Relation Name": "title",
                    "Alias": "t",
                    "Startup Cost": 0.43,
                    "Total Cost": 6.75,
                    "Plan Rows": 1,
                    "Plan Width": 4,
                    "Actual Startup Time": 0.005,
                    "Actual Total Time": 0.005,
                    "Actual Rows": 1,
                    "Actual Loops": 5753,
                    "Index Cond": "(id = ci.movie_id)",
                    "Rows Removed by Index Recheck": 0,
                    "Filter": "(production_year > 1903)",
                    "Rows Removed by Filter": 0
                  }
                ]
              }
            ]
          }
        ]
      }
    ]
  },
  "Planning Time": 0.433,
  "Triggers": [],
  "Execution Time": 30.231
}