[
  {
    "Plan": {
      "Node Type": "Aggregate",
      "Strategy": "Plain",
      "Partial Mode": "Finalize",
      "Parallel Aware": false,
      "Startup Cost": 45096.64,
      "Total Cost": 45096.65,
      "Plan Rows": 1,
      "Plan Width": 8,
      "Actual Startup Time": 124.754,
      "Actual Total Time": 134.352,
      "Actual Rows": 1,
      "Actual Loops": 1,
      "Plans": [
        {
          "Node Type": "Gather",
          "Parent Relationship": "Outer",
          "Parallel Aware": false,
          "Startup Cost": 45096.32,
          "Total Cost": 45096.63,
          "Plan Rows": 3,
          "Plan Width": 8,
          "Actual Startup Time": 124.603,
          "Actual Total Time": 134.34,
          "Actual Rows": 4,
          "Actual Loops": 1,
          "Workers Planned": 3,
          "Workers Launched": 3,
          "Single Copy": false,
          "Plans": [
            {
              "Node Type": "Aggregate",
              "Strategy": "Plain",
              "Partial Mode": "Partial",
              "Parent Relationship": "Outer",
              "Parallel Aware": false,
              "Startup Cost": 44096.32,
              "Total Cost": 44096.33,
              "Plan Rows": 1,
              "Plan Width": 8,
              "Actual Startup Time": 120.779,
              "Actual Total Time": 120.781,
              "Actual Rows": 1,
              "Actual Loops": 4,
              "Plans": [
                {
                  "Node Type": "Seq Scan",
                  "Parent Relationship": "Outer",
                  "Parallel Aware": true,
                  "Relation Name": "movie_keyword",
                  "Alias": "mk",
                  "Startup Cost": 0.0,
                  "Total Cost": 42695.65,
                  "Plan Rows": 560267,
                  "Plan Width": 0,
                  "Actual Startup Time": 0.62,
                  "Actual Total Time": 102.166,
                  "Actual Rows": 431452,
                  "Actual Loops": 4,
                  "Filter": "(keyword_id > 8208)",
                  "Rows Removed by Filter": 699530
                }
              ]
            }
          ]
        }
      ]
    },
    "Planning Time": 0.096,
    "Triggers": [],
    "Execution Time": 134.384
  }
]