{
    "Plan": {
        "Node Type": "Aggregate",
        "Strategy": "Plain",
        "Partial Mode": "Finalize",
        "Parallel Aware": false,
        "Startup Cost": 445805.33,
        "Total Cost": 445805.34,
        "Plan Rows": 1,
        "Plan Width": 8,
        "Actual Startup Time": 2056.206,
        "Actual Total Time": 2113.079,
        "Actual Rows": 1,
        "Actual Loops": 1,
        "Output": [
            "count(*)"
        ],
        "Plans": [
            {
                "Node Type": "Gather",
                "Parent Relationship": "Outer",
                "Parallel Aware": false,
                "Startup Cost": 445804.71,
                "Total Cost": 445805.32,
                "Plan Rows": 6,
                "Plan Width": 8,
                "Actual Startup Time": 2040.779,
                "Actual Total Time": 2113.05,
                "Actual Rows": 7,
                "Actual Loops": 1,
                "Output": [
                    "(PARTIAL count(*))"
                ],
                "Workers Planned": 6,
                "Workers Launched": 6,
                "Single Copy": false,
                "Plans": [
                    {
                        "Node Type": "Aggregate",
                        "Strategy": "Plain",
                        "Partial Mode": "Partial",
                        "Parent Relationship": "Outer",
                        "Parallel Aware": false,
                        "Startup Cost": 444804.71,
                        "Total Cost": 444804.72,
                        "Plan Rows": 1,
                        "Plan Width": 8,
                        "Actual Startup Time": 2028.498,
                        "Actual Total Time": 2028.503,
                        "Actual Rows": 1,
                        "Actual Loops": 7,
                        "Output": [
                            "PARTIAL count(*)"
                        ],
                        "Workers": [
                            {
                                "Worker Number": 0,
                                "Actual Startup Time": 2026.032,
                                "Actual Total Time": 2026.037,
                                "Actual Rows": 1,
                                "Actual Loops": 1
                            },
                            {
                                "Worker Number": 1,
                                "Actual Startup Time": 2026.592,
                                "Actual Total Time": 2026.596,
                                "Actual Rows": 1,
                                "Actual Loops": 1
                            },
                            {
                                "Worker Number": 2,
                                "Actual Startup Time": 2026.729,
                                "Actual Total Time": 2026.735,
                                "Actual Rows": 1,
                                "Actual Loops": 1
                            },
                            {
                                "Worker Number": 3,
                                "Actual Startup Time": 2026.705,
                                "Actual Total Time": 2026.71,
                                "Actual Rows": 1,
                                "Actual Loops": 1
                            },
                            {
                                "Worker Number": 4,
                                "Actual Startup Time": 2026.75,
                                "Actual Total Time": 2026.755,
                                "Actual Rows": 1,
                                "Actual Loops": 1
                            },
                            {
                                "Worker Number": 5,
                                "Actual Startup Time": 2026.912,
                                "Actual Total Time": 2026.917,
                                "Actual Rows": 1,
                                "Actual Loops": 1
                            }
                        ],
                        "Plans": [
                            {
                                "Node Type": "Hash Join",
                                "Parent Relationship": "Outer",
                                "Parallel Aware": true,
                                "Join Type": "Inner",
                                "Startup Cost": 97066.17,
                                "Total Cost": 441911.39,
                                "Plan Rows": 1157328,
                                "Plan Width": 0,
                                "Actual Startup Time": 598.311,
                                "Actual Total Time": 1880.667,
                                "Actual Rows": 3196505,
                                "Actual Loops": 7,
                                "Inner Unique": false,
                                "Hash Cond": "(ci.movie_id = t.id)",
                                "Workers": [
                                    {
                                        "Worker Number": 0,
                                        "Actual Startup Time": 595.954,
                                        "Actual Total Time": 1869.917,
                                        "Actual Rows": 2468725,
                                        "Actual Loops": 1
                                    },
                                    {
                                        "Worker Number": 1,
                                        "Actual Startup Time": 596.926,
                                        "Actual Total Time": 1880.886,
                                        "Actual Rows": 3121375,
                                        "Actual Loops": 1
                                    },
                                    {
                                        "Worker Number": 2,
                                        "Actual Startup Time": 596.661,
                                        "Actual Total Time": 1882.847,
                                        "Actual Rows": 3709117,
                                        "Actual Loops": 1
                                    },
                                    {
                                        "Worker Number": 3,
                                        "Actual Startup Time": 596.716,
                                        "Actual Total Time": 1883.538,
                                        "Actual Rows": 3665217,
                                        "Actual Loops": 1
                                    },
                                    {
                                        "Worker Number": 4,
                                        "Actual Startup Time": 596.659,
                                        "Actual Total Time": 1883.169,
                                        "Actual Rows": 3700630,
                                        "Actual Loops": 1
                                    },
                                    {
                                        "Worker Number": 5,
                                        "Actual Startup Time": 596.791,
                                        "Actual Total Time": 1899.297,
                                        "Actual Rows": 3247715,
                                        "Actual Loops": 1
                                    }
                                ],
                                "Plans": [
                                    {
                                        "Node Type": "Seq Scan",
                                        "Parent Relationship": "Outer",
                                        "Parallel Aware": true,
                                        "Relation Name": "cast_info",
                                        "Schema": "public",
                                        "Alias": "ci",
                                        "Startup Cost": 0.0,
                                        "Total Cost": 328213.62,
                                        "Plan Rows": 3439542,
                                        "Plan Width": 4,
                                        "Actual Startup Time": 165.695,
                                        "Actual Total Time": 629.144,
                                        "Actual Rows": 2955894,
                                        "Actual Loops": 7,
                                        "Output": [
                                            "ci.id",
                                            "ci.person_id",
                                            "ci.movie_id",
                                            "ci.person_role_id",
                                            "ci.note",
                                            "ci.nr_order",
                                            "ci.role_id"
                                        ],
                                        "Filter": "(ci.person_id > 1534386)",
                                        "Rows Removed by Filter": 2221869,
                                        "Workers": [
                                            {
                                                "Worker Number": 0,
                                                "Actual Startup Time": 165.8,
                                                "Actual Total Time": 645.38,
                                                "Actual Rows": 2310774,
                                                "Actual Loops": 1
                                            },
                                            {
                                                "Worker Number": 1,
                                                "Actual Startup Time": 165.682,
                                                "Actual Total Time": 644.683,
                                                "Actual Rows": 2828098,
                                                "Actual Loops": 1
                                            },
                                            {
                                                "Worker Number": 2,
                                                "Actual Startup Time": 165.653,
                                                "Actual Total Time": 636.583,
                                                "Actual Rows": 3454034,
                                                "Actual Loops": 1
                                            },
                                            {
                                                "Worker Number": 3,
                                                "Actual Startup Time": 165.685,
                                                "Actual Total Time": 634.497,
                                                "Actual Rows": 3381173,
                                                "Actual Loops": 1
                                            },
                                            {
                                                "Worker Number": 4,
                                                "Actual Startup Time": 165.647,
                                                "Actual Total Time": 636.143,
                                                "Actual Rows": 3431056,
                                                "Actual Loops": 1
                                            },
                                            {
                                                "Worker Number": 5,
                                                "Actual Startup Time": 165.789,
                                                "Actual Total Time": 603.308,
                                                "Actual Rows": 2981372,
                                                "Actual Loops": 1
                                            }
                                        ]
                                    },
                                    {
                                        "Node Type": "Hash",
                                        "Parent Relationship": "Inner",
                                        "Parallel Aware": true,
                                        "Startup Cost": 93635.83,
                                        "Total Cost": 93635.83,
                                        "Plan Rows": 274427,
                                        "Plan Width": 8,
                                        "Actual Startup Time": 429.088,
                                        "Actual Total Time": 429.091,
                                        "Actual Rows": 119539,
                                        "Actual Loops": 7,
                                        "Output": [
                                            "t.id",
                                            "mk.movie_id"
                                        ],
                                        "Hash Buckets": 1048576,
                                        "Original Hash Buckets": 1048576,
                                        "Hash Batches": 1,
                                        "Original Hash Batches": 1,
                                        "Peak Memory Usage": 41024,
                                        "Workers": [
                                            {
                                                "Worker Number": 0,
                                                "Actual Startup Time": 429.509,
                                                "Actual Total Time": 429.513,
                                                "Actual Rows": 94581,
                                                "Actual Loops": 1
                                            },
                                            {
                                                "Worker Number": 1,
                                                "Actual Startup Time": 429.965,
                                                "Actual Total Time": 429.968,
                                                "Actual Rows": 94091,
                                                "Actual Loops": 1
                                            },
                                            {
                                                "Worker Number": 2,
                                                "Actual Startup Time": 430.161,
                                                "Actual Total Time": 430.164,
                                                "Actual Rows": 137903,
                                                "Actual Loops": 1
                                            },
                                            {
                                                "Worker Number": 3,
                                                "Actual Startup Time": 430.148,
                                                "Actual Total Time": 430.151,
                                                "Actual Rows": 139150,
                                                "Actual Loops": 1
                                            },
                                            {
                                                "Worker Number": 4,
                                                "Actual Startup Time": 430.233,
                                                "Actual Total Time": 430.236,
                                                "Actual Rows": 140625,
                                                "Actual Loops": 1
                                            },
                                            {
                                                "Worker Number": 5,
                                                "Actual Startup Time": 430.226,
                                                "Actual Total Time": 430.23,
                                                "Actual Rows": 125960,
                                                "Actual Loops": 1
                                            }
                                        ],
                                        "Plans": [
                                            {
                                                "Node Type": "Hash Join",
                                                "Parent Relationship": "Outer",
                                                "Parallel Aware": true,
                                                "Join Type": "Inner",
                                                "Startup Cost": 50219.81,
                                                "Total Cost": 93635.83,
                                                "Plan Rows": 274427,
                                                "Plan Width": 8,
                                                "Actual Startup Time": 270.153,
                                                "Actual Total Time": 381.762,
                                                "Actual Rows": 119539,
                                                "Actual Loops": 7,
                                                "Output": [
                                                    "t.id",
                                                    "mk.movie_id"
                                                ],
                                                "Inner Unique": true,
                                                "Hash Cond": "(mk.movie_id = t.id)",
                                                "Workers": [
                                                    {
                                                        "Worker Number": 0,
                                                        "Actual Startup Time": 270.143,
                                                        "Actual Total Time": 381.686,
                                                        "Actual Rows": 94581,
                                                        "Actual Loops": 1
                                                    },
                                                    {
                                                        "Worker Number": 1,
                                                        "Actual Startup Time": 270.099,
                                                        "Actual Total Time": 383.88,
                                                        "Actual Rows": 94091,
                                                        "Actual Loops": 1
                                                    },
                                                    {
                                                        "Worker Number": 2,
                                                        "Actual Startup Time": 270.106,
                                                        "Actual Total Time": 381.798,
                                                        "Actual Rows": 137903,
                                                        "Actual Loops": 1
                                                    },
                                                    {
                                                        "Worker Number": 3,
                                                        "Actual Startup Time": 270.087,
                                                        "Actual Total Time": 381.719,
                                                        "Actual Rows": 139150,
                                                        "Actual Loops": 1
                                                    },
                                                    {
                                                        "Worker Number": 4,
                                                        "Actual Startup Time": 270.098,
                                                        "Actual Total Time": 381.501,
                                                        "Actual Rows": 140625,
                                                        "Actual Loops": 1
                                                    },
                                                    {
                                                        "Worker Number": 5,
                                                        "Actual Startup Time": 270.204,
                                                        "Actual Total Time": 381.532,
                                                        "Actual Rows": 125960,
                                                        "Actual Loops": 1
                                                    }
                                                ],
                                                "Plans": [
                                                    {
                                                        "Node Type": "Seq Scan",
                                                        "Parent Relationship": "Outer",
                                                        "Parallel Aware": true,
                                                        "Relation Name": "movie_keyword",
                                                        "Schema": "public",
                                                        "Alias": "mk",
                                                        "Startup Cost": 0.0,
                                                        "Total Cost": 42695.65,
                                                        "Plan Rows": 274427,
                                                        "Plan Width": 4,
                                                        "Actual Startup Time": 1.19,
                                                        "Actual Total Time": 75.308,
                                                        "Actual Rows": 119539,
                                                        "Actual Loops": 7,
                                                        "Output": [
                                                            "mk.id",
                                                            "mk.movie_id",
                                                            "mk.keyword_id"
                                                        ],
                                                        "Filter": "(mk.keyword_id > 21996)",
                                                        "Rows Removed by Filter": 526737,
                                                        "Workers": [
                                                            {
                                                                "Worker Number": 0,
                                                                "Actual Startup Time": 1.143,
                                                                "Actual Total Time": 76.0,
                                                                "Actual Rows": 94581,
                                                                "Actual Loops": 1
                                                            },
                                                            {
                                                                "Worker Number": 1,
                                                                "Actual Startup Time": 1.156,
                                                                "Actual Total Time": 76.004,
                                                                "Actual Rows": 94091,
                                                                "Actual Loops": 1
                                                            },
                                                            {
                                                                "Worker Number": 2,
                                                                "Actual Startup Time": 1.148,
                                                                "Actual Total Time": 76.657,
                                                                "Actual Rows": 137903,
                                                                "Actual Loops": 1
                                                            },
                                                            {
                                                                "Worker Number": 3,
                                                                "Actual Startup Time": 1.217,
                                                                "Actual Total Time": 76.587,
                                                                "Actual Rows": 139150,
                                                                "Actual Loops": 1
                                                            },
                                                            {
                                                                "Worker Number": 4,
                                                                "Actual Startup Time": 1.209,
                                                                "Actual Total Time": 76.368,
                                                                "Actual Rows": 140625,
                                                                "Actual Loops": 1
                                                            },
                                                            {
                                                                "Worker Number": 5,
                                                                "Actual Startup Time": 1.231,
                                                                "Actual Total Time": 75.982,
                                                                "Actual Rows": 125960,
                                                                "Actual Loops": 1
                                                            }
                                                        ]
                                                    },
                                                    {
                                                        "Node Type": "Hash",
                                                        "Parent Relationship": "Inner",
                                                        "Parallel Aware": true,
                                                        "Startup Cost": 42318.81,
                                                        "Total Cost": 42318.81,
                                                        "Plan Rows": 632080,
                                                        "Plan Width": 4,
                                                        "Actual Startup Time": 264.038,
                                                        "Actual Total Time": 264.039,
                                                        "Actual Rows": 361187,
                                                        "Actual Loops": 7,
                                                        "Output": [
                                                            "t.id"
                                                        ],
                                                        "Hash Buckets": 4194304,
                                                        "Original Hash Buckets": 4194304,
                                                        "Hash Batches": 1,
                                                        "Original Hash Batches": 1,
                                                        "Peak Memory Usage": 131776,
                                                        "Workers": [
                                                            {
                                                                "Worker Number": 0,
                                                                "Actual Startup Time": 268.638,
                                                                "Actual Total Time": 268.639,
                                                                "Actual Rows": 306004,
                                                                "Actual Loops": 1
                                                            },
                                                            {
                                                                "Worker Number": 1,
                                                                "Actual Startup Time": 268.587,
                                                                "Actual Total Time": 268.588,
                                                                "Actual Rows": 300057,
                                                                "Actual Loops": 1
                                                            },
                                                            {
                                                                "Worker Number": 2,
                                                                "Actual Startup Time": 268.617,
                                                                "Actual Total Time": 268.618,
                                                                "Actual Rows": 401430,
                                                                "Actual Loops": 1
                                                            },
                                                            {
                                                                "Worker Number": 3,
                                                                "Actual Startup Time": 268.728,
                                                                "Actual Total Time": 268.729,
                                                                "Actual Rows": 384173,
                                                                "Actual Loops": 1
                                                            },
                                                            {
                                                                "Worker Number": 4,
                                                                "Actual Startup Time": 268.785,
                                                                "Actual Total Time": 268.786,
                                                                "Actual Rows": 402177,
                                                                "Actual Loops": 1
                                                            },
                                                            {
                                                                "Worker Number": 5,
                                                                "Actual Startup Time": 268.835,
                                                                "Actual Total Time": 268.836,
                                                                "Actual Rows": 343793,
                                                                "Actual Loops": 1
                                                            }
                                                        ],
                                                        "Plans": [
                                                            {
                                                                "Node Type": "Seq Scan",
                                                                "Parent Relationship": "Outer",
                                                                "Parallel Aware": true,
                                                                "Relation Name": "title",
                                                                "Schema": "public",
                                                                "Alias": "t",
                                                                "Startup Cost": 0.0,
                                                                "Total Cost": 42318.81,
                                                                "Plan Rows": 632080,
                                                                "Plan Width": 4,
                                                                "Actual Startup Time": 0.081,
                                                                "Actual Total Time": 75.635,
                                                                "Actual Rows": 361187,
                                                                "Actual Loops": 7,
                                                                "Output": [
                                                                    "t.id"
                                                                ],
                                                                "Workers": [
                                                                    {
                                                                        "Worker Number": 0,
                                                                        "Actual Startup Time": 0.088,
                                                                        "Actual Total Time": 80.483,
                                                                        "Actual Rows": 306004,
                                                                        "Actual Loops": 1
                                                                    },
                                                                    {
                                                                        "Worker Number": 1,
                                                                        "Actual Startup Time": 0.097,
                                                                        "Actual Total Time": 79.553,
                                                                        "Actual Rows": 300057,
                                                                        "Actual Loops": 1
                                                                    },
                                                                    {
                                                                        "Worker Number": 2,
                                                                        "Actual Startup Time": 0.096,
                                                                        "Actual Total Time": 75.866,
                                                                        "Actual Rows": 401430,
                                                                        "Actual Loops": 1
                                                                    },
                                                                    {
                                                                        "Worker Number": 3,
                                                                        "Actual Startup Time": 0.096,
                                                                        "Actual Total Time": 75.73,
                                                                        "Actual Rows": 384173,
                                                                        "Actual Loops": 1
                                                                    },
                                                                    {
                                                                        "Worker Number": 4,
                                                                        "Actual Startup Time": 0.098,
                                                                        "Actual Total Time": 76.644,
                                                                        "Actual Rows": 402177,
                                                                        "Actual Loops": 1
                                                                    },
                                                                    {
                                                                        "Worker Number": 5,
                                                                        "Actual Startup Time": 0.077,
                                                                        "Actual Total Time": 74.999,
                                                                        "Actual Rows": 343793,
                                                                        "Actual Loops": 1
                                                                    }
                                                                ]
                                                            }
                                                        ]
                                                    }
                                                ]
                                            }
                                        ]
                                    }
                                ]
                            }
                        ]
                    }
                ]
            }
        ]
    },
    "Planning Time": 1.424,
    "Triggers": [],
    "Execution Time": 2113.177
}