[
  {
    "Plan": {
      "Node Type": "Aggregate",
      "Strategy": "Plain",
      "Partial Mode": "Finalize",
      "Parallel Aware": false,
      "Startup Cost": 338387.08,
      "Total Cost": 338387.09,
      "Plan Rows": 1,
      "Plan Width": 8,
      "Actual Startup Time": 784.129,
      "Actual Total Time": 851.641,
      "Actual Rows": 1,
      "Actual Loops": 1,
      "Plans": [
        {
          "Node Type": "Gather",
          "Parent Relationship": "Outer",
          "Parallel Aware": false,
          "Startup Cost": 338386.45,
          "Total Cost": 338387.06,
          "Plan Rows": 6,
          "Plan Width": 8,
          "Actual Startup Time": 783.977,
          "Actual Total Time": 851.627,
          "Actual Rows": 7,
          "Actual Loops": 1,
          "Workers Planned": 6,
          "Workers Launched": 6,
          "Single Copy": false,
          "Plans": [
            {
              "Node Type": "Aggregate",
              "Strategy": "Plain",
              "Partial Mode": "Partial",
              "Parent Relationship": "Outer",
              "Parallel Aware": false,
              "Startup Cost": 337386.45,
              "Total Cost": 337386.46,
              "Plan Rows": 1,
              "Plan Width": 8,
              "Actual Startup Time": 774.449,
              "Actual Total Time": 774.451,
              "Actual Rows": 1,
              "Actual Loops": 7,
              "Plans": [
                {
                  "Node Type": "Seq Scan",
                  "Parent Relationship": "Outer",
                  "Parallel Aware": true,
                  "Relation Name": "cast_info",
                  "Alias": "ci",
                  "Startup Cost": 0.0,
                  "Total Cost": 328211.39,
                  "Plan Rows": 3670024,
                  "Plan Width": 0,
                  "Actual Startup Time": 0.062,
                  "Actual Total Time": 634.757,
                  "Actual Rows": 3186253,
                  "Actual Loops": 7,
                  "Filter": "(person_id < 2272855)",
                  "Rows Removed by Filter": 1991511
                }
              ]
            }
          ]
        }
      ]
    },
    "Planning Time": 0.204,
    "Triggers": [],
    "Execution Time": 851.706
  }
]