[
  {
    "Plan": {
      "Node Type": "Aggregate",
      "Strategy": "Plain",
      "Partial Mode": "Finalize",
      "Parallel Aware": false,
      "Startup Cost": 349601.17,
      "Total Cost": 349601.18,
      "Plan Rows": 1,
      "Plan Width": 8,
      "Actual Startup Time": 712.586,
      "Actual Total Time": 758.003,
      "Actual Rows": 1,
      "Actual Loops": 1,
      "Plans": [
        {
          "Node Type": "Gather",
          "Parent Relationship": "Outer",
          "Parallel Aware": false,
          "Startup Cost": 349600.54,
          "Total Cost": 349601.15,
          "Plan Rows": 6,
          "Plan Width": 8,
          "Actual Startup Time": 712.391,
          "Actual Total Time": 757.963,
          "Actual Rows": 7,
          "Actual Loops": 1,
          "Workers Planned": 6,
          "Workers Launched": 6,
          "Single Copy": false,
          "Plans": [
            {
              "Node Type": "Aggregate",
              "Strategy": "Plain",
              "Partial Mode": "Partial",
              "Parent Relationship": "Outer",
              "Parallel Aware": false,
              "Startup Cost": 348600.54,
              "Total Cost": 348600.55,
              "Plan Rows": 1,
              "Plan Width": 8,
              "Actual Startup Time": 705.225,
              "Actual Total Time": 705.226,
              "Actual Rows": 1,
              "Actual Loops": 7,
              "Plans": [
                {
                  "Node Type": "Seq Scan",
                  "Parent Relationship": "Outer",
                  "Parallel Aware": true,
                  "Relation Name": "cast_info",
                  "Alias": "ci",
                  "Startup Cost": 0.0,
                  "Total Cost": 343316.27,
                  "Plan Rows": 2113708,
                  "Plan Width": 0,
                  "Actual Startup Time": 231.134,
                  "Actual Total Time": 653.266,
                  "Actual Rows": 1011821,
                  "Actual Loops": 7,
                  "Filter": "((person_id < 1980622) AND (role_id > 1))",
                  "Rows Removed by Filter": 4165942
                }
              ]
            }
          ]
        }
      ]
    },
    "Planning Time": 0.114,
    "Triggers": [],
    "Execution Time": 758.048
  }
]