[
  {
    "Plan": {
      "Node Type": "Aggregate",
      "Strategy": "Plain",
      "Partial Mode": "Finalize",
      "Parallel Aware": false,
      "Startup Cost": 331181.18,
      "Total Cost": 331181.19,
      "Plan Rows": 1,
      "Plan Width": 8,
      "Actual Startup Time": 305.206,
      "Actual Total Time": 316.314,
      "Actual Rows": 1,
      "Actual Loops": 1,
      "Plans": [
        {
          "Node Type": "Gather",
          "Parent Relationship": "Outer",
          "Parallel Aware": false,
          "Startup Cost": 331180.55,
          "Total Cost": 331181.16,
          "Plan Rows": 6,
          "Plan Width": 8,
          "Actual Startup Time": 304.117,
          "Actual Total Time": 316.305,
          "Actual Rows": 7,
          "Actual Loops": 1,
          "Workers Planned": 6,
          "Workers Launched": 6,
          "Single Copy": false,
          "Plans": [
            {
              "Node Type": "Aggregate",
              "Strategy": "Plain",
              "Partial Mode": "Partial",
              "Parent Relationship": "Outer",
              "Parallel Aware": false,
              "Startup Cost": 330180.55,
              "Total Cost": 330180.56,
              "Plan Rows": 1,
              "Plan Width": 8,
              "Actual Startup Time": 294.231,
              "Actual Total Time": 294.233,
              "Actual Rows": 1,
              "Actual Loops": 7,
              "Plans": [
                {
                  "Node Type": "Bitmap Heap Scan",
                  "Parent Relationship": "Outer",
                  "Parallel Aware": true,
                  "Relation Name": "cast_info",
                  "Alias": "ci",
                  "Startup Cost": 69154.73,
                  "Total Cost": 329727.93,
                  "Plan Rows": 181050,
                  "Plan Width": 0,
                  "Actual Startup Time": 150.761,
                  "Actual Total Time": 276.866,
                  "Actual Rows": 332204,
                  "Actual Loops": 7,
                  "Recheck Cond": "(person_id < 312360)",
                  "Rows Removed by Index Recheck": 0,
                  "Filter": "(role_id < 2)",
                  "Rows Removed by Filter": 129296,
                  "Exact Heap Blocks": 7745,
                  "Lossy Heap Blocks": 0,
                  "Plans": [
                    {
                      "Node Type": "Bitmap Index Scan",
                      "Parent Relationship": "Outer",
                      "Parallel Aware": false,
                      "Index Name": "person_id_cast_info",
                      "Startup Cost": 0.0,
                      "Total Cost": 68883.16,
                      "Plan Rows": 3154479,
                      "Plan Width": 0,
                      "Actual Startup Time": 153.981,
                      "Actual Total Time": 153.982,
                      "Actual Rows": 3230503,
                      "Actual Loops": 1,
                      "Index Cond": "(person_id < 312360)"
                    }
                  ]
                }
              ]
            }
          ]
        }
      ]
    },
    "Planning Time": 0.198,
    "Triggers": [],
    "Execution Time": 316.382
  }
]