[
  {
    "Plan": {
      "Node Type": "Aggregate",
      "Strategy": "Plain",
      "Partial Mode": "Finalize",
      "Parallel Aware": false,
      "Startup Cost": 335835.81,
      "Total Cost": 335835.82,
      "Plan Rows": 1,
      "Plan Width": 8,
      "Actual Startup Time": 819.423,
      "Actual Total Time": 864.039,
      "Actual Rows": 1,
      "Actual Loops": 1,
      "Plans": [
        {
          "Node Type": "Gather",
          "Parent Relationship": "Outer",
          "Parallel Aware": false,
          "Startup Cost": 335835.18,
          "Total Cost": 335835.79,
          "Plan Rows": 6,
          "Plan Width": 8,
          "Actual Startup Time": 819.046,
          "Actual Total Time": 864.022,
          "Actual Rows": 7,
          "Actual Loops": 1,
          "Workers Planned": 6,
          "Workers Launched": 6,
          "Single Copy": false,
          "Plans": [
            {
              "Node Type": "Aggregate",
              "Strategy": "Plain",
              "Partial Mode": "Partial",
              "Parent Relationship": "Outer",
              "Parallel Aware": false,
              "Startup Cost": 334835.18,
              "Total Cost": 334835.19,
              "Plan Rows": 1,
              "Plan Width": 8,
              "Actual Startup Time": 812.521,
              "Actual Total Time": 812.526,
              "Actual Rows": 1,
              "Actual Loops": 7,
              "Plans": [
                {
                  "Node Type": "Seq Scan",
                  "Parent Relationship": "Outer",
                  "Parallel Aware": true,
                  "Relation Name": "cast_info",
                  "Alias": "ci",
                  "Startup Cost": 0.0,
                  "Total Cost": 328211.39,
                  "Plan Rows": 2649516,
                  "Plan Width": 0,
                  "Actual Startup Time": 0.04,
                  "Actual Total Time": 678.529,
                  "Actual Rows": 2295946,
                  "Actual Loops": 7,
                  "Filter": "(person_id < 1591179)",
                  "Rows Removed by Filter": 2881817
                }
              ]
            }
          ]
        }
      ]
    },
    "Planning Time": 0.109,
    "Triggers": [],
    "Execution Time": 864.084
  }
]