[
  {
    "Plan": {
      "Node Type": "Aggregate",
      "Strategy": "Plain",
      "Partial Mode": "Finalize",
      "Parallel Aware": false,
      "Startup Cost": 129824.28,
      "Total Cost": 129824.29,
      "Plan Rows": 1,
      "Plan Width": 8,
      "Actual Startup Time": 831.965,
      "Actual Total Time": 852.593,
      "Actual Rows": 1,
      "Actual Loops": 1,
      "Plans": [
        {
          "Node Type": "Gather",
          "Parent Relationship": "Outer",
          "Parallel Aware": false,
          "Startup Cost": 129823.96,
          "Total Cost": 129824.27,
          "Plan Rows": 3,
          "Plan Width": 8,
          "Actual Startup Time": 826.0,
          "Actual Total Time": 852.587,
          "Actual Rows": 4,
          "Actual Loops": 1,
          "Workers Planned": 3,
          "Workers Launched": 3,
          "Single Copy": false,
          "Plans": [
            {
              "Node Type": "Aggregate",
              "Strategy": "Plain",
              "Partial Mode": "Partial",
              "Parent Relationship": "Outer",
              "Parallel Aware": false,
              "Startup Cost": 128823.96,
              "Total Cost": 128823.97,
              "Plan Rows": 1,
              "Plan Width": 8,
              "Actual Startup Time": 814.891,
              "Actual Total Time": 814.897,
              "Actual Rows": 1,
              "Actual Loops": 4,
              "Plans": [
                {
                  "Node Type": "Hash Join",
                  "Parent Relationship": "Outer",
                  "Parallel Aware": true,
                  "Join Type": "Inner",
                  "Startup Cost": 80390.53,
                  "Total Cost": 128284.57,
                  "Plan Rows": 215757,
                  "Plan Width": 0,
                  "Actual Startup Time": 498.129,
                  "Actual Total Time": 771.853,
                  "Actual Rows": 1098804,
                  "Actual Loops": 4,
                  "Inner Unique": false,
                  "Hash Cond": "(mk.movie_id = t.id)",
                  "Plans": [
                    {
                      "Node Type": "Seq Scan",
                      "Parent Relationship": "Outer",
                      "Parallel Aware": true,
                      "Relation Name": "movie_keyword",
                      "Alias": "mk",
                      "Startup Cost": 0.0,
                      "Total Cost": 42695.65,
                      "Plan Rows": 1242398,
                      "Plan Width": 4,
                      "Actual Startup Time": 0.042,
                      "Actual Total Time": 108.608,
                      "Actual Rows": 965565,
                      "Actual Loops": 4,
                      "Filter": "(keyword_id < 28424)",
                      "Rows Removed by Filter": 165418
                    },
                    {
                      "Node Type": "Hash",
                      "Parent Relationship": "Inner",
                      "Parallel Aware": true,
                      "Startup Cost": 79018.44,
                      "Total Cost": 79018.44,
                      "Plan Rows": 109767,
                      "Plan Width": 8,
                      "Actual Startup Time": 494.072,
                      "Actual Total Time": 494.076,
                      "Actual Rows": 192436,
                      "Actual Loops": 4,
                      "Hash Buckets": 1048576,
                      "Original Hash Buckets": 524288,
                      "Hash Batches": 1,
                      "Original Hash Batches": 1,
                      "Peak Memory Usage": 42496,
                      "Plans": [
                        {
                          "Node Type": "Hash Join",
                          "Parent Relationship": "Outer",
                          "Parallel Aware": true,
                          "Join Type": "Inner",
                          "Startup Cost": 33185.26,
                          "Total Cost": 79018.44,
                          "Plan Rows": 109767,
                          "Plan Width": 8,
                          "Actual Startup Time": 158.133,
                          "Actual Total Time": 427.59,
                          "Actual Rows": 192436,
                          "Actual Loops": 4,
                          "Inner Unique": false,
                          "Hash Cond": "(t.id = mc.movie_id)",
                          "Plans": [
                            {
                              "Node Type": "Seq Scan",
                              "Parent Relationship": "Outer",
                              "Parallel Aware": true,
                              "Relation Name": "title",
                              "Alias": "t",
                              "Startup Cost": 0.0,
                              "Total Cost": 42318.73,
                              "Plan Rows": 632073,
                              "Plan Width": 4,
                              "Actual Startup Time": 0.011,
                              "Actual Total Time": 75.343,
                              "Actual Rows": 632078,
                              "Actual Loops": 4
                            },
                            {
                              "Node Type": "Hash",
                              "Parent Relationship": "Inner",
                              "Parallel Aware": true,
                              "Startup Cost": 31414.82,
                              "Total Cost": 31414.82,
                              "Plan Rows": 141635,
                              "Plan Width": 4,
                              "Actual Startup Time": 156.388,
                              "Actual Total Time": 156.389,
                              "Actual Rows": 192436,
                              "Actual Loops": 4,
                              "Hash Buckets": 1048576,
                              "Original Hash Buckets": 524288,
                              "Hash Batches": 1,
                              "Original Hash Batches": 1,
                              "Peak Memory Usage": 42464,
                              "Plans": [
                                {
                                  "Node Type": "Seq Scan",
                                  "Parent Relationship": "Outer",
                                  "Parallel Aware": true,
                                  "Relation Name": "movie_companies",
                                  "Alias": "mc",
                                  "Startup Cost": 0.0,
                                  "Total Cost": 31414.82,
                                  "Plan Rows": 141635,
                                  "Plan Width": 4,
                                  "Actual Startup Time": 48.962,
                                  "Actual Total Time": 88.566,
                                  "Actual Rows": 192436,
                                  "Actual Loops": 4,
                                  "Filter": "((company_id > 22982) AND (company_type_id > 1))",
                                  "Rows Removed by Filter": 459846
                                }
                              ]
                            }
                          ]
                        }
                      ]
                    }
                  ]
                }
              ]
            }
          ]
        }
      ]
    },
    "Planning Time": 1.146,
    "Triggers": [],
    "Execution Time": 852.664
  }
]