{
  "Plan": {
    "Node Type": "Aggregate",
    "Strategy": "Plain",
    "Partial Mode": "Finalize",
    "Parallel Aware": false,
    "Startup Cost": 510993.41,
    "Total Cost": 510993.42,
    "Plan Rows": 1,
    "Plan Width": 8,
    "Actual Startup Time": 1317.669,
    "Actual Total Time": 1345.818,
    "Actual Rows": 1,
    "Actual Loops": 1,
    "Plans": [
      {
        "Node Type": "Gather",
        "Parent Relationship": "Outer",
        "Parallel Aware": false,
        "Startup Cost": 510993.3,
        "Total Cost": 510993.41,
        "Plan Rows": 1,
        "Plan Width": 8,
        "Actual Startup Time": 1314.933,
        "Actual Total Time": 1345.808,
        "Actual Rows": 2,
        "Actual Loops": 1,
        "Workers Planned": 1,
        "Workers Launched": 1,
        "Single Copy": false,
        "Plans": [
          {
            "Node Type": "Aggregate",
            "Strategy": "Plain",
            "Partial Mode": "Partial",
            "Parent Relationship": "Outer",
            "Parallel Aware": false,
            "Startup Cost": 509993.3,
            "Total Cost": 509993.31,
            "Plan Rows": 1,
            "Plan Width": 8,
            "Actual Startup Time": 1308.822,
            "Actual Total Time": 1309.138,
            "Actual Rows": 1,
            "Actual Loops": 2,
            "Plans": [
              {
                "Node Type": "Hash Join",
                "Parent Relationship": "Outer",
                "Parallel Aware": true,
                "Join Type": "Inner",
                "Startup Cost": 202293.56,
                "Total Cost": 508632.36,
                "Plan Rows": 544377,
                "Plan Width": 0,
                "Actual Startup Time": 645.622,
                "Actual Total Time": 1286.071,
                "Actual Rows": 566126,
                "Actual Loops": 2,
                "Inner Unique": false,
                "Hash Cond": "(ci.movie_id = t.id)",
                "Plans": [
                  {
                    "Node Type": "Bitmap Heap Scan",
                    "Parent Relationship": "Outer",
                    "Parallel Aware": true,
                    "Relation Name": "cast_info",
                    "Alias": "ci",
                    "Startup Cost": 116571.53,
                    "Total Cost": 408065.9,
                    "Plan Rows": 3104589,
                    "Plan Width": 4,
                    "Actual Startup Time": 202.989,
                    "Actual Total Time": 494.602,
                    "Actual Rows": 2566719,
                    "Actual Loops": 2,
                    "Recheck Cond": "(person_id > 3153543)",
                    "Rows Removed by Index Recheck": 0,
                    "Exact Heap Blocks": 39104,
                    "Lossy Heap Blocks": 0,
                    "Plans": [
                      {
                        "Node Type": "Bitmap Index Scan",
                        "Parent Relationship": "Outer",
                        "Parallel Aware": false,
                        "Index Name": "person_id_cast_info",
                        "Startup Cost": 0.0,
                        "Total Cost": 115252.08,
                        "Plan Rows": 5277802,
                        "Plan Width": 0,
                        "Actual Startup Time": 190.635,
                        "Actual Total Time": 190.635,
                        "Actual Rows": 5133438,
                        "Actual Loops": 1,
                        "Index Cond": "(person_id > 3153543)"
                      }
                    ]
                  },
                  {
                    "Node Type": "Hash",
                    "Parent Relationship": "Inner",
                    "Parallel Aware": true,
                    "Startup Cost": 82462.28,
                    "Total Cost": 82462.28,
                    "Plan Rows": 260780,
                    "Plan Width": 8,
                    "Actual Startup Time": 436.605,
                    "Actual Total Time": 436.919,
                    "Actual Rows": 125860,
                    "Actual Loops": 2,
                    "Hash Buckets": 524288,
                    "Original Hash Buckets": 524288,
                    "Hash Batches": 1,
                    "Original Hash Batches": 1,
                    "Peak Memory Usage": 13952,
                    "Plans": [
                      {
                        "Node Type": "Hash Join",
                        "Parent Relationship": "Outer",
                        "Parallel Aware": true,
                        "Join Type": "Inner",
                        "Startup Cost": 64278.49,
                        "Total Cost": 82462.28,
                        "Plan Rows": 260780,
                        "Plan Width": 8,
                        "Actual Startup Time": 259.958,
                        "Actual Total Time": 413.58,
                        "Actual Rows": 125860,
                        "Actual Loops": 2,
                        "Inner Unique": true,
                        "Hash Cond": "(mi_idx.movie_id = t.id)",
                        "Plans": [
                          {
                            "Node Type": "Seq Scan",
                            "Parent Relationship": "Outer",
                            "Parallel Aware": true,
                            "Relation Name": "movie_info_idx",
                            "Alias": "mi_idx",
                            "Startup Cost": 0.0,
                            "Total Cost": 16052.85,
                            "Plan Rows": 811785,
                            "Plan Width": 4,
                            "Actual Startup Time": 0.018,
                            "Actual Total Time": 49.149,
                            "Actual Rows": 690018,
                            "Actual Loops": 2
                          },
                          {
                            "Node Type": "Hash",
                            "Parent Relationship": "Inner",
                            "Parallel Aware": true,
                            "Startup Cost": 58306.47,
                            "Total Cost": 58306.47,
                            "Plan Rows": 477762,
                            "Plan Width": 4,
                            "Actual Startup Time": 253.133,
                            "Actual Total Time": 253.134,
                            "Actual Rows": 369380,
                            "Actual Loops": 2,
                            "Hash Buckets": 1048576,
                            "Original Hash Buckets": 1048576,
                            "Hash Batches": 1,
                            "Original Hash Batches": 1,
                            "Peak Memory Usage": 37120,
                            "Plans": [
                              {
                                "Node Type": "Seq Scan",
                                "Parent Relationship": "Outer",
                                "Parallel Aware": true,
                                "Relation Name": "title",
                                "Alias": "t",
                                "Startup Cost": 0.0,
                                "Total Cost": 58306.47,
                                "Plan Rows": 477762,
                                "Plan Width": 4,
                                "Actual Startup Time": 0.037,
                                "Actual Total Time": 157.053,
                                "Actual Rows": 369380,
                                "Actual Loops": 2,
                                "Filter": "((production_year < 2005) AND (kind_id = 7))",
                                "Rows Removed by Filter": 894776
                              }
                            ]
                          }
                        ]
                      }
                    ]
                  }
                ]
              }
            ]
          }
        ]
      }
    ]
  },
  "Planning Time": 1.089,
  "Triggers": [],
  "Execution Time": 1345.926
}