{
    "Plan": {
        "Node Type": "Aggregate",
        "Strategy": "Plain",
        "Partial Mode": "Finalize",
        "Parallel Aware": false,
        "Startup Cost": 79610.55,
        "Total Cost": 79610.56,
        "Plan Rows": 1,
        "Plan Width": 8,
        "Actual Startup Time": 181.913,
        "Actual Total Time": 194.474,
        "Actual Rows": 1,
        "Actual Loops": 1,
        "Output": [
            "count(*)"
        ],
        "Plans": [
            {
                "Node Type": "Gather",
                "Parent Relationship": "Outer",
                "Parallel Aware": false,
                "Startup Cost": 79610.13,
                "Total Cost": 79610.54,
                "Plan Rows": 4,
                "Plan Width": 8,
                "Actual Startup Time": 181.17,
                "Actual Total Time": 194.466,
                "Actual Rows": 5,
                "Actual Loops": 1,
                "Output": [
                    "(PARTIAL count(*))"
                ],
                "Workers Planned": 4,
                "Workers Launched": 4,
                "Single Copy": false,
                "Plans": [
                    {
                        "Node Type": "Aggregate",
                        "Strategy": "Plain",
                        "Partial Mode": "Partial",
                        "Parent Relationship": "Outer",
                        "Parallel Aware": false,
                        "Startup Cost": 78610.13,
                        "Total Cost": 78610.14,
                        "Plan Rows": 1,
                        "Plan Width": 8,
                        "Actual Startup Time": 172.408,
                        "Actual Total Time": 172.412,
                        "Actual Rows": 1,
                        "Actual Loops": 5,
                        "Output": [
                            "PARTIAL count(*)"
                        ],
                        "Workers": [
                            {
                                "Worker Number": 0,
                                "Actual Startup Time": 169.137,
                                "Actual Total Time": 169.141,
                                "Actual Rows": 1,
                                "Actual Loops": 1
                            },
                            {
                                "Worker Number": 1,
                                "Actual Startup Time": 169.408,
                                "Actual Total Time": 169.411,
                                "Actual Rows": 1,
                                "Actual Loops": 1
                            },
                            {
                                "Worker Number": 2,
                                "Actual Startup Time": 173.775,
                                "Actual Total Time": 173.778,
                                "Actual Rows": 1,
                                "Actual Loops": 1
                            },
                            {
                                "Worker Number": 3,
                                "Actual Startup Time": 169.349,
                                "Actual Total Time": 169.354,
                                "Actual Rows": 1,
                                "Actual Loops": 1
                            }
                        ],
                        "Plans": [
                            {
                                "Node Type": "Hash Join",
                                "Parent Relationship": "Outer",
                                "Parallel Aware": true,
                                "Join Type": "Inner",
                                "Startup Cost": 32337.07,
                                "Total Cost": 78577.6,
                                "Plan Rows": 13015,
                                "Plan Width": 0,
                                "Actual Startup Time": 120.551,
                                "Actual Total Time": 172.21,
                                "Actual Rows": 1868,
                                "Actual Loops": 5,
                                "Inner Unique": false,
                                "Hash Cond": "(t.id = mc.movie_id)",
                                "Workers": [
                                    {
                                        "Worker Number": 0,
                                        "Actual Startup Time": 116.485,
                                        "Actual Total Time": 168.906,
                                        "Actual Rows": 1438,
                                        "Actual Loops": 1
                                    },
                                    {
                                        "Worker Number": 1,
                                        "Actual Startup Time": 115.861,
                                        "Actual Total Time": 169.206,
                                        "Actual Rows": 2068,
                                        "Actual Loops": 1
                                    },
                                    {
                                        "Worker Number": 2,
                                        "Actual Startup Time": 126.046,
                                        "Actual Total Time": 173.581,
                                        "Actual Rows": 2022,
                                        "Actual Loops": 1
                                    },
                                    {
                                        "Worker Number": 3,
                                        "Actual Startup Time": 116.635,
                                        "Actual Total Time": 169.12,
                                        "Actual Rows": 1417,
                                        "Actual Loops": 1
                                    }
                                ],
                                "Plans": [
                                    {
                                        "Node Type": "Seq Scan",
                                        "Parent Relationship": "Outer",
                                        "Parallel Aware": true,
                                        "Relation Name": "title",
                                        "Schema": "public",
                                        "Alias": "t",
                                        "Startup Cost": 0.0,
                                        "Total Cost": 45479.21,
                                        "Plan Rows": 143868,
                                        "Plan Width": 4,
                                        "Actual Startup Time": 34.462,
                                        "Actual Total Time": 79.68,
                                        "Actual Rows": 90801,
                                        "Actual Loops": 5,
                                        "Output": [
                                            "t.id",
                                            "t.title",
                                            "t.imdb_index",
                                            "t.kind_id",
                                            "t.production_year",
                                            "t.imdb_id",
                                            "t.phonetic_code",
                                            "t.episode_of_id",
                                            "t.season_nr",
                                            "t.episode_nr",
                                            "t.series_years",
                                            "t.md5sum"
                                        ],
                                        "Filter": "((t.production_year > 1963) AND (t.kind_id = 1))",
                                        "Rows Removed by Filter": 414862,
                                        "Workers": [
                                            {
                                                "Worker Number": 0,
                                                "Actual Startup Time": 3.085,
                                                "Actual Total Time": 80.108,
                                                "Actual Rows": 69420,
                                                "Actual Loops": 1
                                            },
                                            {
                                                "Worker Number": 1,
                                                "Actual Startup Time": 42.338,
                                                "Actual Total Time": 79.788,
                                                "Actual Rows": 97112,
                                                "Actual Loops": 1
                                            },
                                            {
                                                "Worker Number": 2,
                                                "Actual Startup Time": 42.381,
                                                "Actual Total Time": 79.804,
                                                "Actual Rows": 98540,
                                                "Actual Loops": 1
                                            },
                                            {
                                                "Worker Number": 3,
                                                "Actual Startup Time": 42.209,
                                                "Actual Total Time": 79.957,
                                                "Actual Rows": 69711,
                                                "Actual Loops": 1
                                            }
                                        ]
                                    },
                                    {
                                        "Node Type": "Hash",
                                        "Parent Relationship": "Inner",
                                        "Parallel Aware": true,
                                        "Startup Cost": 31414.82,
                                        "Total Cost": 31414.82,
                                        "Plan Rows": 73780,
                                        "Plan Width": 4,
                                        "Actual Startup Time": 74.282,
                                        "Actual Total Time": 74.283,
                                        "Actual Rows": 21445,
                                        "Actual Loops": 5,
                                        "Output": [
                                            "mc.movie_id"
                                        ],
                                        "Hash Buckets": 262144,
                                        "Original Hash Buckets": 262144,
                                        "Hash Batches": 1,
                                        "Original Hash Batches": 1,
                                        "Peak Memory Usage": 6336,
                                        "Workers": [
                                            {
                                                "Worker Number": 0,
                                                "Actual Startup Time": 72.545,
                                                "Actual Total Time": 72.546,
                                                "Actual Rows": 15657,
                                                "Actual Loops": 1
                                            },
                                            {
                                                "Worker Number": 1,
                                                "Actual Startup Time": 72.834,
                                                "Actual Total Time": 72.835,
                                                "Actual Rows": 23589,
                                                "Actual Loops": 1
                                            },
                                            {
                                                "Worker Number": 2,
                                                "Actual Startup Time": 77.28,
                                                "Actual Total Time": 77.281,
                                                "Actual Rows": 24262,
                                                "Actual Loops": 1
                                            },
                                            {
                                                "Worker Number": 3,
                                                "Actual Startup Time": 72.721,
                                                "Actual Total Time": 72.722,
                                                "Actual Rows": 15658,
                                                "Actual Loops": 1
                                            }
                                        ],
                                        "Plans": [
                                            {
                                                "Node Type": "Seq Scan",
                                                "Parent Relationship": "Outer",
                                                "Parallel Aware": true,
                                                "Relation Name": "movie_companies",
                                                "Schema": "public",
                                                "Alias": "mc",
                                                "Startup Cost": 0.0,
                                                "Total Cost": 31414.82,
                                                "Plan Rows": 73780,
                                                "Plan Width": 4,
                                                "Actual Startup Time": 40.884,
                                                "Actual Total Time": 66.432,
                                                "Actual Rows": 21445,
                                                "Actual Loops": 5,
                                                "Output": [
                                                    "mc.movie_id"
                                                ],
                                                "Filter": "((mc.company_id < 331) AND (mc.company_type_id > 1))",
                                                "Rows Removed by Filter": 500380,
                                                "Workers": [
                                                    {
                                                        "Worker Number": 0,
                                                        "Actual Startup Time": 39.381,
                                                        "Actual Total Time": 64.983,
                                                        "Actual Rows": 15657,
                                                        "Actual Loops": 1
                                                    },
                                                    {
                                                        "Worker Number": 1,
                                                        "Actual Startup Time": 39.656,
                                                        "Actual Total Time": 64.834,
                                                        "Actual Rows": 23589,
                                                        "Actual Loops": 1
                                                    },
                                                    {
                                                        "Worker Number": 2,
                                                        "Actual Startup Time": 42.866,
                                                        "Actual Total Time": 68.23,
                                                        "Actual Rows": 24262,
                                                        "Actual Loops": 1
                                                    },
                                                    {
                                                        "Worker Number": 3,
                                                        "Actual Startup Time": 39.595,
                                                        "Actual Total Time": 65.534,
                                                        "Actual Rows": 15658,
                                                        "Actual Loops": 1
                                                    }
                                                ]
                                            }
                                        ]
                                    }
                                ]
                            }
                        ]
                    }
                ]
            }
        ]
    },
    "Planning Time": 0.815,
    "Triggers": [],
    "Execution Time": 194.553
}