[
  {
    "Plan": {
      "Node Type": "Aggregate",
      "Strategy": "Plain",
      "Partial Mode": "Finalize",
      "Parallel Aware": false,
      "Startup Cost": 331340.65,
      "Total Cost": 331340.66,
      "Plan Rows": 1,
      "Plan Width": 8,
      "Actual Startup Time": 628.674,
      "Actual Total Time": 685.967,
      "Actual Rows": 1,
      "Actual Loops": 1,
      "Plans": [
        {
          "Node Type": "Gather",
          "Parent Relationship": "Outer",
          "Parallel Aware": false,
          "Startup Cost": 331340.02,
          "Total Cost": 331340.63,
          "Plan Rows": 6,
          "Plan Width": 8,
          "Actual Startup Time": 628.512,
          "Actual Total Time": 685.954,
          "Actual Rows": 7,
          "Actual Loops": 1,
          "Workers Planned": 6,
          "Workers Launched": 6,
          "Single Copy": false,
          "Plans": [
            {
              "Node Type": "Aggregate",
              "Strategy": "Plain",
              "Partial Mode": "Partial",
              "Parent Relationship": "Outer",
              "Parallel Aware": false,
              "Startup Cost": 330340.02,
              "Total Cost": 330340.03,
              "Plan Rows": 1,
              "Plan Width": 8,
              "Actual Startup Time": 617.747,
              "Actual Total Time": 617.748,
              "Actual Rows": 1,
              "Actual Loops": 7,
              "Plans": [
                {
                  "Node Type": "Seq Scan",
                  "Parent Relationship": "Outer",
                  "Parallel Aware": true,
                  "Relation Name": "cast_info",
                  "Alias": "ci",
                  "Startup Cost": 0.0,
                  "Total Cost": 328211.39,
                  "Plan Rows": 851453,
                  "Plan Width": 0,
                  "Actual Startup Time": 0.041,
                  "Actual Total Time": 574.51,
                  "Actual Rows": 753085,
                  "Actual Loops": 7,
                  "Filter": "(person_id < 509853)",
                  "Rows Removed by Filter": 4424678
                }
              ]
            }
          ]
        }
      ]
    },
    "Planning Time": 0.209,
    "Triggers": [],
    "Execution Time": 686.041
  }
]