[
  {
    "Plan": {
      "Node Type": "Aggregate",
      "Strategy": "Plain",
      "Partial Mode": "Finalize",
      "Parallel Aware": false,
      "Startup Cost": 331291.37,
      "Total Cost": 331291.38,
      "Plan Rows": 1,
      "Plan Width": 8,
      "Actual Startup Time": 592.395,
      "Actual Total Time": 648.11,
      "Actual Rows": 1,
      "Actual Loops": 1,
      "Plans": [
        {
          "Node Type": "Gather",
          "Parent Relationship": "Outer",
          "Parallel Aware": false,
          "Startup Cost": 331290.74,
          "Total Cost": 331291.35,
          "Plan Rows": 6,
          "Plan Width": 8,
          "Actual Startup Time": 592.255,
          "Actual Total Time": 648.098,
          "Actual Rows": 7,
          "Actual Loops": 1,
          "Workers Planned": 6,
          "Workers Launched": 6,
          "Single Copy": false,
          "Plans": [
            {
              "Node Type": "Aggregate",
              "Strategy": "Plain",
              "Partial Mode": "Partial",
              "Parent Relationship": "Outer",
              "Parallel Aware": false,
              "Startup Cost": 330290.74,
              "Total Cost": 330290.75,
              "Plan Rows": 1,
              "Plan Width": 8,
              "Actual Startup Time": 584.41,
              "Actual Total Time": 584.411,
              "Actual Rows": 1,
              "Actual Loops": 7,
              "Plans": [
                {
                  "Node Type": "Seq Scan",
                  "Parent Relationship": "Outer",
                  "Parallel Aware": true,
                  "Relation Name": "cast_info",
                  "Alias": "ci",
                  "Startup Cost": 0.0,
                  "Total Cost": 328162.03,
                  "Plan Rows": 851486,
                  "Plan Width": 0,
                  "Actual Startup Time": 0.047,
                  "Actual Total Time": 547.951,
                  "Actual Rows": 753085,
                  "Actual Loops": 7,
                  "Filter": "(person_id < 509853)",
                  "Rows Removed by Filter": 4424678
                }
              ]
            }
          ]
        }
      ]
    },
    "Planning Time": 0.248,
    "Triggers": [],
    "Execution Time": 648.186
  }
]