{
  "Plan": {
    "Node Type": "Aggregate",
    "Strategy": "Plain",
    "Partial Mode": "Finalize",
    "Parallel Aware": false,
    "Startup Cost": 1419054.79,
    "Total Cost": 1419054.8,
    "Plan Rows": 1,
    "Plan Width": 8,
    "Actual Startup Time": 5313.583,
    "Actual Total Time": 5313.674,
    "Actual Rows": 1,
    "Actual Loops": 1,
    "Plans": [
      {
        "Node Type": "Gather",
        "Parent Relationship": "Outer",
        "Parallel Aware": false,
        "Startup Cost": 1419054.68,
        "Total Cost": 1419054.79,
        "Plan Rows": 1,
        "Plan Width": 8,
        "Actual Startup Time": 5313.572,
        "Actual Total Time": 5313.668,
        "Actual Rows": 2,
        "Actual Loops": 1,
        "Workers Planned": 1,
        "Workers Launched": 1,
        "Single Copy": false,
        "Plans": [
          {
            "Node Type": "Aggregate",
            "Strategy": "Plain",
            "Partial Mode": "Partial",
            "Parent Relationship": "Outer",
            "Parallel Aware": false,
            "Startup Cost": 1418054.68,
            "Total Cost": 1418054.69,
            "Plan Rows": 1,
            "Plan Width": 8,
            "Actual Startup Time": 5065.785,
            "Actual Total Time": 5065.79,
            "Actual Rows": 1,
            "Actual Loops": 2,
            "Plans": [
              {
                "Node Type": "Merge Join",
                "Parent Relationship": "Outer",
                "Parallel Aware": false,
                "Join Type": "Inner",
                "Startup Cost": 1309782.76,
                "Total Cost": 1406751.45,
                "Plan Rows": 4521292,
                "Plan Width": 0,
                "Actual Startup Time": 3768.625,
                "Actual Total Time": 4857.833,
                "Actual Rows": 5409944,
                "Actual Loops": 2,
                "Inner Unique": false,
                "Merge Cond": "(mi.movie_id = t.id)",
                "Plans": [
                  {
                    "Node Type": "Sort",
                    "Parent Relationship": "Outer",
                    "Parallel Aware": false,
                    "Startup Cost": 926015.68,
                    "Total Cost": 940594.26,
                    "Plan Rows": 5831431,
                    "Plan Width": 4,
                    "Actual Startup Time": 2148.439,
                    "Actual Total Time": 2344.225,
                    "Actual Rows": 4955394,
                    "Actual Loops": 2,
                    "Sort Key": [
                      "mi.movie_id"
                    ],
                    "Sort Method": "quicksort",
                    "Sort Space Used": 490337,
                    "Sort Space Type": "Memory",
                    "Workers": [
                      {
                        "Worker Number": 0,
                        "Sort Method": "quicksort",
                        "Sort Space Used": 269189,
                        "Sort Space Type": "Memory"
                      }
                    ],
                    "Plans": [
                      {
                        "Node Type": "Seq Scan",
                        "Parent Relationship": "Outer",
                        "Parallel Aware": true,
                        "Relation Name": "movie_info",
                        "Alias": "mi",
                        "Startup Cost": 0.0,
                        "Total Cost": 270696.42,
                        "Plan Rows": 5831431,
                        "Plan Width": 4,
                        "Actual Startup Time": 56.396,
                        "Actual Total Time": 925.66,
                        "Actual Rows": 4955877,
                        "Actual Loops": 2,
                        "Filter": "(info_type_id > 4)",
                        "Rows Removed by Filter": 2461983
                      }
                    ]
                  },
                  {
                    "Node Type": "Sort",
                    "Parent Relationship": "Inner",
                    "Parallel Aware": false,
                    "Startup Cost": 383766.75,
                    "Total Cost": 388667.41,
                    "Plan Rows": 1960265,
                    "Plan Width": 8,
                    "Actual Startup Time": 1618.498,
                    "Actual Total Time": 1808.81,
                    "Actual Rows": 5558266,
                    "Actual Loops": 2,
                    "Sort Key": [
                      "t.id"
                    ],
                    "Sort Method": "quicksort",
                    "Sort Space Used": 69632,
                    "Sort Space Type": "Memory",
                    "Workers": [
                      {
                        "Worker Number": 0,
                        "Sort Method": "quicksort",
                        "Sort Space Used": 69632,
                        "Sort Space Type": "Memory"
                      }
                    ],
                    "Plans": [
                      {
                        "Node Type": "Hash Join",
                        "Parent Relationship": "Outer",
                        "Parallel Aware": false,
                        "Join Type": "Inner",
                        "Startup Cost": 90914.62,
                        "Total Cost": 178893.4,
                        "Plan Rows": 1960265,
                        "Plan Width": 8,
                        "Actual Startup Time": 746.912,
                        "Actual Total Time": 1428.029,
                        "Actual Rows": 961180,
                        "Actual Loops": 2,
                        "Inner Unique": true,
                        "Hash Cond": "(mk.movie_id = t.id)",
                        "Plans": [
                          {
                            "Node Type": "Seq Scan",
                            "Parent Relationship": "Outer",
                            "Parallel Aware": false,
                            "Relation Name": "movie_keyword",
                            "Alias": "mk",
                            "Startup Cost": 0.0,
                            "Total Cost": 81003.12,
                            "Plan Rows": 2657387,
                            "Plan Width": 4,
                            "Actual Startup Time": 0.731,
                            "Actual Total Time": 365.326,
                            "Actual Rows": 2651044,
                            "Actual Loops": 2,
                            "Filter": "(keyword_id > 3172)",
                            "Rows Removed by Filter": 1872886
                          },
                          {
                            "Node Type": "Hash",
                            "Parent Relationship": "Inner",
                            "Parallel Aware": false,
                            "Startup Cost": 67601.66,
                            "Total Cost": 67601.66,
                            "Plan Rows": 1865037,
                            "Plan Width": 4,
                            "Actual Startup Time": 735.721,
                            "Actual Total Time": 735.722,
                            "Actual Rows": 1865487,
                            "Actual Loops": 2,
                            "Hash Buckets": 2097152,
                            "Original Hash Buckets": 2097152,
                            "Hash Batches": 1,
                            "Original Hash Batches": 1,
                            "Peak Memory Usage": 81968,
                            "Plans": [
                              {
                                "Node Type": "Seq Scan",
                                "Parent Relationship": "Outer",
                                "Parallel Aware": false,
                                "Relation Name": "title",
                                "Alias": "t",
                                "Startup Cost": 0.0,
                                "Total Cost": 67601.66,
                                "Plan Rows": 1865037,
                                "Plan Width": 4,
                                "Actual Startup Time": 0.03,
                                "Actual Total Time": 319.764,
                                "Actual Rows": 1865487,
                                "Actual Loops": 2,
                                "Filter": "(kind_id > 1)",
                                "Rows Removed by Filter": 662825
                              }
                            ]
                          }
                        ]
                      }
                    ]
                  }
                ]
              }
            ]
          }
        ]
      }
    ]
  },
  "Planning Time": 0.972,
  "Triggers": [],
  "Execution Time": 5340.036
}