[
  {
    "Plan": {
      "Node Type": "Aggregate",
      "Strategy": "Plain",
      "Partial Mode": "Finalize",
      "Parallel Aware": false,
      "Startup Cost": 34762.89,
      "Total Cost": 34762.9,
      "Plan Rows": 1,
      "Plan Width": 8,
      "Actual Startup Time": 37.823,
      "Actual Total Time": 43.142,
      "Actual Rows": 1,
      "Actual Loops": 1,
      "Plans": [
        {
          "Node Type": "Gather",
          "Parent Relationship": "Outer",
          "Parallel Aware": false,
          "Startup Cost": 34762.67,
          "Total Cost": 34762.88,
          "Plan Rows": 2,
          "Plan Width": 8,
          "Actual Startup Time": 37.699,
          "Actual Total Time": 43.136,
          "Actual Rows": 3,
          "Actual Loops": 1,
          "Workers Planned": 2,
          "Workers Launched": 2,
          "Single Copy": false,
          "Plans": [
            {
              "Node Type": "Aggregate",
              "Strategy": "Plain",
              "Partial Mode": "Partial",
              "Parent Relationship": "Outer",
              "Parallel Aware": false,
              "Startup Cost": 33762.67,
              "Total Cost": 33762.68,
              "Plan Rows": 1,
              "Plan Width": 8,
              "Actual Startup Time": 29.838,
              "Actual Total Time": 29.84,
              "Actual Rows": 1,
              "Actual Loops": 3,
              "Plans": [
                {
                  "Node Type": "Nested Loop",
                  "Parent Relationship": "Outer",
                  "Parallel Aware": false,
                  "Join Type": "Inner",
                  "Startup Cost": 241.72,
                  "Total Cost": 33756.97,
                  "Plan Rows": 2283,
                  "Plan Width": 0,
                  "Actual Startup Time": 2.714,
                  "Actual Total Time": 29.48,
                  "Actual Rows": 2019,
                  "Actual Loops": 3,
                  "Inner Unique": true,
                  "Plans": [
                    {
                      "Node Type": "Bitmap Heap Scan",
                      "Parent Relationship": "Outer",
                      "Parallel Aware": true,
                      "Relation Name": "movie_companies",
                      "Alias": "mc",
                      "Startup Cost": 241.29,
                      "Total Cost": 17245.92,
                      "Plan Rows": 2283,
                      "Plan Width": 4,
                      "Actual Startup Time": 2.536,
                      "Actual Total Time": 10.081,
                      "Actual Rows": 2019,
                      "Actual Loops": 3,
                      "Recheck Cond": "(company_id = 11203)",
                      "Rows Removed by Index Recheck": 0,
                      "Filter": "(company_type_id < 2)",
                      "Rows Removed by Filter": 1920,
                      "Exact Heap Blocks": 2625,
                      "Lossy Heap Blocks": 0,
                      "Plans": [
                        {
                          "Node Type": "Bitmap Index Scan",
                          "Parent Relationship": "Outer",
                          "Parallel Aware": false,
                          "Index Name": "company_id_movie_companies",
                          "Startup Cost": 0.0,
                          "Total Cost": 239.92,
                          "Plan Rows": 11132,
                          "Plan Width": 0,
                          "Actual Startup Time": 5.588,
                          "Actual Total Time": 5.588,
                          "Actual Rows": 11817,
                          "Actual Loops": 1,
                          "Index Cond": "(company_id = 11203)"
                        }
                      ]
                    },
                    {
                      "Node Type": "Index Only Scan",
                      "Parent Relationship": "Inner",
                      "Parallel Aware": false,
                      "Scan Direction": "Forward",
                      "Index Name": "title_pkey",
                      "Relation Name": "title",
                      "Alias": "t",
                      "Startup Cost": 0.43,
                      "Total Cost": 7.23,
                      "Plan Rows": 1,
                      "Plan Width": 4,
                      "Actual Startup Time": 0.009,
                      "Actual Total Time": 0.009,
                      "Actual Rows": 1,
                      "Actual Loops": 6058,
                      "Index Cond": "(id = mc.movie_id)",
                      "Rows Removed by Index Recheck": 0,
                      "Heap Fetches": 6058
                    }
                  ]
                }
              ]
            }
          ]
        }
      ]
    },
    "Planning Time": 0.654,
    "Triggers": [],
    "Execution Time": 43.229
  }
]