[
  {
    "Plan": {
      "Node Type": "Aggregate",
      "Strategy": "Plain",
      "Partial Mode": "Finalize",
      "Parallel Aware": false,
      "Startup Cost": 335985.42,
      "Total Cost": 335985.43,
      "Plan Rows": 1,
      "Plan Width": 8,
      "Actual Startup Time": 745.281,
      "Actual Total Time": 807.333,
      "Actual Rows": 1,
      "Actual Loops": 1,
      "Plans": [
        {
          "Node Type": "Gather",
          "Parent Relationship": "Outer",
          "Parallel Aware": false,
          "Startup Cost": 335984.8,
          "Total Cost": 335985.41,
          "Plan Rows": 6,
          "Plan Width": 8,
          "Actual Startup Time": 745.066,
          "Actual Total Time": 807.316,
          "Actual Rows": 7,
          "Actual Loops": 1,
          "Workers Planned": 6,
          "Workers Launched": 6,
          "Single Copy": false,
          "Plans": [
            {
              "Node Type": "Aggregate",
              "Strategy": "Plain",
              "Partial Mode": "Partial",
              "Parent Relationship": "Outer",
              "Parallel Aware": false,
              "Startup Cost": 334984.8,
              "Total Cost": 334984.81,
              "Plan Rows": 1,
              "Plan Width": 8,
              "Actual Startup Time": 739.33,
              "Actual Total Time": 739.332,
              "Actual Rows": 1,
              "Actual Loops": 7,
              "Plans": [
                {
                  "Node Type": "Seq Scan",
                  "Parent Relationship": "Outer",
                  "Parallel Aware": true,
                  "Relation Name": "cast_info",
                  "Alias": "ci",
                  "Startup Cost": 0.0,
                  "Total Cost": 328211.39,
                  "Plan Rows": 2709362,
                  "Plan Width": 0,
                  "Actual Startup Time": 0.037,
                  "Actual Total Time": 624.746,
                  "Actual Rows": 2347320,
                  "Actual Loops": 7,
                  "Filter": "(person_id < 1626960)",
                  "Rows Removed by Filter": 2830444
                }
              ]
            }
          ]
        }
      ]
    },
    "Planning Time": 0.082,
    "Triggers": [],
    "Execution Time": 807.379
  }
]