[
  {
    "Plan": {
      "Node Type": "Aggregate",
      "Strategy": "Plain",
      "Partial Mode": "Finalize",
      "Parallel Aware": false,
      "Startup Cost": 336006.72,
      "Total Cost": 336006.73,
      "Plan Rows": 1,
      "Plan Width": 8,
      "Actual Startup Time": 718.611,
      "Actual Total Time": 778.3,
      "Actual Rows": 1,
      "Actual Loops": 1,
      "Plans": [
        {
          "Node Type": "Gather",
          "Parent Relationship": "Outer",
          "Parallel Aware": false,
          "Startup Cost": 336006.1,
          "Total Cost": 336006.71,
          "Plan Rows": 6,
          "Plan Width": 8,
          "Actual Startup Time": 718.47,
          "Actual Total Time": 778.287,
          "Actual Rows": 7,
          "Actual Loops": 1,
          "Workers Planned": 6,
          "Workers Launched": 6,
          "Single Copy": false,
          "Plans": [
            {
              "Node Type": "Aggregate",
              "Strategy": "Plain",
              "Partial Mode": "Partial",
              "Parent Relationship": "Outer",
              "Parallel Aware": false,
              "Startup Cost": 335006.1,
              "Total Cost": 335006.11,
              "Plan Rows": 1,
              "Plan Width": 8,
              "Actual Startup Time": 707.99,
              "Actual Total Time": 707.991,
              "Actual Rows": 1,
              "Actual Loops": 7,
              "Plans": [
                {
                  "Node Type": "Seq Scan",
                  "Parent Relationship": "Outer",
                  "Parallel Aware": true,
                  "Relation Name": "cast_info",
                  "Alias": "ci",
                  "Startup Cost": 0.0,
                  "Total Cost": 328162.03,
                  "Plan Rows": 2737629,
                  "Plan Width": 0,
                  "Actual Startup Time": 0.06,
                  "Actual Total Time": 600.997,
                  "Actual Rows": 2347320,
                  "Actual Loops": 7,
                  "Filter": "(person_id < 1626960)",
                  "Rows Removed by Filter": 2830444
                }
              ]
            }
          ]
        }
      ]
    },
    "Planning Time": 0.178,
    "Triggers": [],
    "Execution Time": 778.374
  }
]