[
    {
        "Bao": {
            "Bao prediction": "NaN",
            "Bao recommended hint": "(no hint)"
        }
    },
    {
        "Plan": {
            "Node Type": "Aggregate",
            "Strategy": "Plain",
            "Partial Mode": "Finalize",
            "Parallel Aware": false,
            "Startup Cost": 689098.34,
            "Total Cost": 689098.35,
            "Plan Rows": 1,
            "Plan Width": 8,
            "Actual Startup Time": 8923.657,
            "Actual Total Time": 9027.332,
            "Actual Rows": 1,
            "Actual Loops": 1,
            "Output": [
                "count(*)"
            ],
            "Plans": [
                {
                    "Node Type": "Gather",
                    "Parent Relationship": "Outer",
                    "Parallel Aware": false,
                    "Startup Cost": 689097.82,
                    "Total Cost": 689098.33,
                    "Plan Rows": 5,
                    "Plan Width": 8,
                    "Actual Startup Time": 8881.249,
                    "Actual Total Time": 9027.319,
                    "Actual Rows": 6,
                    "Actual Loops": 1,
                    "Output": [
                        "(PARTIAL count(*))"
                    ],
                    "Workers Planned": 5,
                    "Workers Launched": 5,
                    "Single Copy": false,
                    "Plans": [
                        {
                            "Node Type": "Aggregate",
                            "Strategy": "Plain",
                            "Partial Mode": "Partial",
                            "Parent Relationship": "Outer",
                            "Parallel Aware": false,
                            "Startup Cost": 688097.82,
                            "Total Cost": 688097.83,
                            "Plan Rows": 1,
                            "Plan Width": 8,
                            "Actual Startup Time": 8840.215,
                            "Actual Total Time": 8840.221,
                            "Actual Rows": 1,
                            "Actual Loops": 6,
                            "Output": [
                                "PARTIAL count(*)"
                            ],
                            "Workers": [
                                {
                                    "Worker Number": 0,
                                    "Actual Startup Time": 8832.116,
                                    "Actual Total Time": 8832.12,
                                    "Actual Rows": 1,
                                    "Actual Loops": 1
                                },
                                {
                                    "Worker Number": 1,
                                    "Actual Startup Time": 8831.921,
                                    "Actual Total Time": 8831.927,
                                    "Actual Rows": 1,
                                    "Actual Loops": 1
                                },
                                {
                                    "Worker Number": 2,
                                    "Actual Startup Time": 8832.183,
                                    "Actual Total Time": 8832.187,
                                    "Actual Rows": 1,
                                    "Actual Loops": 1
                                },
                                {
                                    "Worker Number": 3,
                                    "Actual Startup Time": 8832.071,
                                    "Actual Total Time": 8832.076,
                                    "Actual Rows": 1,
                                    "Actual Loops": 1
                                },
                                {
                                    "Worker Number": 4,
                                    "Actual Startup Time": 8832.107,
                                    "Actual Total Time": 8832.112,
                                    "Actual Rows": 1,
                                    "Actual Loops": 1
                                }
                            ],
                            "Plans": [
                                {
                                    "Node Type": "Hash Join",
                                    "Parent Relationship": "Outer",
                                    "Parallel Aware": true,
                                    "Join Type": "Inner",
                                    "Startup Cost": 413734.88,
                                    "Total Cost": 647235.03,
                                    "Plan Rows": 16345117,
                                    "Plan Width": 0,
                                    "Actual Startup Time": 2975.238,
                                    "Actual Total Time": 7646.514,
                                    "Actual Rows": 30081711,
                                    "Actual Loops": 6,
                                    "Inner Unique": false,
                                    "Hash Cond": "(mi.movie_id = t.id)",
                                    "Workers": [
                                        {
                                            "Worker Number": 0,
                                            "Actual Startup Time": 2968.434,
                                            "Actual Total Time": 7660.56,
                                            "Actual Rows": 30473717,
                                            "Actual Loops": 1
                                        },
                                        {
                                            "Worker Number": 1,
                                            "Actual Startup Time": 2968.393,
                                            "Actual Total Time": 7605.985,
                                            "Actual Rows": 28929500,
                                            "Actual Loops": 1
                                        },
                                        {
                                            "Worker Number": 2,
                                            "Actual Startup Time": 2968.607,
                                            "Actual Total Time": 7651.809,
                                            "Actual Rows": 30704650,
                                            "Actual Loops": 1
                                        },
                                        {
                                            "Worker Number": 3,
                                            "Actual Startup Time": 2968.528,
                                            "Actual Total Time": 7667.839,
                                            "Actual Rows": 30253219,
                                            "Actual Loops": 1
                                        },
                                        {
                                            "Worker Number": 4,
                                            "Actual Startup Time": 2968.54,
                                            "Actual Total Time": 7647.912,
                                            "Actual Rows": 30288551,
                                            "Actual Loops": 1
                                        }
                                    ],
                                    "Plans": [
                                        {
                                            "Node Type": "Seq Scan",
                                            "Parent Relationship": "Outer",
                                            "Parallel Aware": true,
                                            "Relation Name": "movie_info",
                                            "Schema": "public",
                                            "Alias": "mi",
                                            "Startup Cost": 0.0,
                                            "Total Cost": 191503.19,
                                            "Plan Rows": 2951019,
                                            "Plan Width": 4,
                                            "Actual Startup Time": 0.028,
                                            "Actual Total Time": 261.016,
                                            "Actual Rows": 2472620,
                                            "Actual Loops": 6,
                                            "Output": [
                                                "mi.id",
                                                "mi.movie_id",
                                                "mi.info_type_id",
                                                "mi.info",
                                                "mi.note"
                                            ],
                                            "Workers": [
                                                {
                                                    "Worker Number": 0,
                                                    "Actual Startup Time": 0.029,
                                                    "Actual Total Time": 276.734,
                                                    "Actual Rows": 2508984,
                                                    "Actual Loops": 1
                                                },
                                                {
                                                    "Worker Number": 1,
                                                    "Actual Startup Time": 0.034,
                                                    "Actual Total Time": 275.486,
                                                    "Actual Rows": 2328241,
                                                    "Actual Loops": 1
                                                },
                                                {
                                                    "Worker Number": 2,
                                                    "Actual Startup Time": 0.03,
                                                    "Actual Total Time": 277.944,
                                                    "Actual Rows": 2538527,
                                                    "Actual Loops": 1
                                                },
                                                {
                                                    "Worker Number": 3,
                                                    "Actual Startup Time": 0.032,
                                                    "Actual Total Time": 278.912,
                                                    "Actual Rows": 2504421,
                                                    "Actual Loops": 1
                                                },
                                                {
                                                    "Worker Number": 4,
                                                    "Actual Startup Time": 0.029,
                                                    "Actual Total Time": 267.143,
                                                    "Actual Rows": 2494977,
                                                    "Actual Loops": 1
                                                }
                                            ]
                                        },
                                        {
                                            "Node Type": "Hash",
                                            "Parent Relationship": "Inner",
                                            "Parallel Aware": true,
                                            "Startup Cost": 384560.13,
                                            "Total Cost": 384560.13,
                                            "Plan Rows": 2333980,
                                            "Plan Width": 8,
                                            "Actual Startup Time": 2958.128,
                                            "Actual Total Time": 2958.133,
                                            "Actual Rows": 2346749,
                                            "Actual Loops": 6,
                                            "Output": [
                                                "t.id",
                                                "ci.movie_id"
                                            ],
                                            "Hash Buckets": 16777216,
                                            "Original Hash Buckets": 16777216,
                                            "Hash Batches": 1,
                                            "Original Hash Batches": 1,
                                            "Peak Memory Usage": 682016,
                                            "Workers": [
                                                {
                                                    "Worker Number": 0,
                                                    "Actual Startup Time": 2967.527,
                                                    "Actual Total Time": 2967.53,
                                                    "Actual Rows": 2416721,
                                                    "Actual Loops": 1
                                                },
                                                {
                                                    "Worker Number": 1,
                                                    "Actual Startup Time": 2967.528,
                                                    "Actual Total Time": 2967.532,
                                                    "Actual Rows": 1869627,
                                                    "Actual Loops": 1
                                                },
                                                {
                                                    "Worker Number": 2,
                                                    "Actual Startup Time": 2967.436,
                                                    "Actual Total Time": 2967.439,
                                                    "Actual Rows": 2442624,
                                                    "Actual Loops": 1
                                                },
                                                {
                                                    "Worker Number": 3,
                                                    "Actual Startup Time": 2967.601,
                                                    "Actual Total Time": 2967.604,
                                                    "Actual Rows": 2405204,
                                                    "Actual Loops": 1
                                                },
                                                {
                                                    "Worker Number": 4,
                                                    "Actual Startup Time": 2967.703,
                                                    "Actual Total Time": 2967.706,
                                                    "Actual Rows": 2425900,
                                                    "Actual Loops": 1
                                                }
                                            ],
                                            "Plans": [
                                                {
                                                    "Node Type": "Hash Join",
                                                    "Parent Relationship": "Outer",
                                                    "Parallel Aware": true,
                                                    "Join Type": "Inner",
                                                    "Startup Cost": 50219.81,
                                                    "Total Cost": 384560.13,
                                                    "Plan Rows": 2333980,
                                                    "Plan Width": 8,
                                                    "Actual Startup Time": 488.288,
                                                    "Actual Total Time": 1972.391,
                                                    "Actual Rows": 2346749,
                                                    "Actual Loops": 6,
                                                    "Output": [
                                                        "t.id",
                                                        "ci.movie_id"
                                                    ],
                                                    "Inner Unique": true,
                                                    "Hash Cond": "(ci.movie_id = t.id)",
                                                    "Workers": [
                                                        {
                                                            "Worker Number": 0,
                                                            "Actual Startup Time": 488.259,
                                                            "Actual Total Time": 1976.476,
                                                            "Actual Rows": 2416721,
                                                            "Actual Loops": 1
                                                        },
                                                        {
                                                            "Worker Number": 1,
                                                            "Actual Startup Time": 488.262,
                                                            "Actual Total Time": 1976.906,
                                                            "Actual Rows": 1869627,
                                                            "Actual Loops": 1
                                                        },
                                                        {
                                                            "Worker Number": 2,
                                                            "Actual Startup Time": 488.227,
                                                            "Actual Total Time": 1979.313,
                                                            "Actual Rows": 2442624,
                                                            "Actual Loops": 1
                                                        },
                                                        {
                                                            "Worker Number": 3,
                                                            "Actual Startup Time": 488.23,
                                                            "Actual Total Time": 1978.511,
                                                            "Actual Rows": 2405204,
                                                            "Actual Loops": 1
                                                        },
                                                        {
                                                            "Worker Number": 4,
                                                            "Actual Startup Time": 488.216,
                                                            "Actual Total Time": 1967.054,
                                                            "Actual Rows": 2425900,
                                                            "Actual Loops": 1
                                                        }
                                                    ],
                                                    "Plans": [
                                                        {
                                                            "Node Type": "Seq Scan",
                                                            "Parent Relationship": "Outer",
                                                            "Parallel Aware": true,
                                                            "Relation Name": "cast_info",
                                                            "Schema": "public",
                                                            "Alias": "ci",
                                                            "Startup Cost": 0.0,
                                                            "Total Cost": 328213.62,
                                                            "Plan Rows": 2333980,
                                                            "Plan Width": 4,
                                                            "Actual Startup Time": 227.649,
                                                            "Actual Total Time": 604.876,
                                                            "Actual Rows": 2346749,
                                                            "Actual Loops": 6,
                                                            "Output": [
                                                                "ci.id",
                                                                "ci.person_id",
                                                                "ci.movie_id",
                                                                "ci.person_role_id",
                                                                "ci.note",
                                                                "ci.nr_order",
                                                                "ci.role_id"
                                                            ],
                                                            "Filter": "(ci.person_id > 2257731)",
                                                            "Rows Removed by Filter": 3693975,
                                                            "Workers": [
                                                                {
                                                                    "Worker Number": 0,
                                                                    "Actual Startup Time": 227.714,
                                                                    "Actual Total Time": 604.907,
                                                                    "Actual Rows": 2416721,
                                                                    "Actual Loops": 1
                                                                },
                                                                {
                                                                    "Worker Number": 1,
                                                                    "Actual Startup Time": 227.636,
                                                                    "Actual Total Time": 656.025,
                                                                    "Actual Rows": 1869627,
                                                                    "Actual Loops": 1
                                                                },
                                                                {
                                                                    "Worker Number": 2,
                                                                    "Actual Startup Time": 227.626,
                                                                    "Actual Total Time": 609.675,
                                                                    "Actual Rows": 2442624,
                                                                    "Actual Loops": 1
                                                                },
                                                                {
                                                                    "Worker Number": 3,
                                                                    "Actual Startup Time": 227.606,
                                                                    "Actual Total Time": 606.895,
                                                                    "Actual Rows": 2405204,
                                                                    "Actual Loops": 1
                                                                },
                                                                {
                                                                    "Worker Number": 4,
                                                                    "Actual Startup Time": 227.622,
                                                                    "Actual Total Time": 598.327,
                                                                    "Actual Rows": 2425900,
                                                                    "Actual Loops": 1
                                                                }
                                                            ]
                                                        },
                                                        {
                                                            "Node Type": "Hash",
                                                            "Parent Relationship": "Inner",
                                                            "Parallel Aware": true,
                                                            "Startup Cost": 42318.81,
                                                            "Total Cost": 42318.81,
                                                            "Plan Rows": 632080,
                                                            "Plan Width": 4,
                                                            "Actual Startup Time": 256.692,
                                                            "Actual Total Time": 256.694,
                                                            "Actual Rows": 421385,
                                                            "Actual Loops": 6,
                                                            "Output": [
                                                                "t.id"
                                                            ],
                                                            "Hash Buckets": 4194304,
                                                            "Original Hash Buckets": 4194304,
                                                            "Hash Batches": 1,
                                                            "Original Hash Batches": 1,
                                                            "Peak Memory Usage": 131744,
                                                            "Workers": [
                                                                {
                                                                    "Worker Number": 0,
                                                                    "Actual Startup Time": 260.466,
                                                                    "Actual Total Time": 260.468,
                                                                    "Actual Rows": 406902,
                                                                    "Actual Loops": 1
                                                                },
                                                                {
                                                                    "Worker Number": 1,
                                                                    "Actual Startup Time": 260.311,
                                                                    "Actual Total Time": 260.313,
                                                                    "Actual Rows": 313816,
                                                                    "Actual Loops": 1
                                                                },
                                                                {
                                                                    "Worker Number": 2,
                                                                    "Actual Startup Time": 260.314,
                                                                    "Actual Total Time": 260.316,
                                                                    "Actual Rows": 415283,
                                                                    "Actual Loops": 1
                                                                },
                                                                {
                                                                    "Worker Number": 3,
                                                                    "Actual Startup Time": 260.334,
                                                                    "Actual Total Time": 260.336,
                                                                    "Actual Rows": 410464,
                                                                    "Actual Loops": 1
                                                                },
                                                                {
                                                                    "Worker Number": 4,
                                                                    "Actual Startup Time": 260.296,
                                                                    "Actual Total Time": 260.297,
                                                                    "Actual Rows": 418704,
                                                                    "Actual Loops": 1
                                                                }
                                                            ],
                                                            "Plans": [
                                                                {
                                                                    "Node Type": "Seq Scan",
                                                                    "Parent Relationship": "Outer",
                                                                    "Parallel Aware": true,
                                                                    "Relation Name": "title",
                                                                    "Schema": "public",
                                                                    "Alias": "t",
                                                                    "Startup Cost": 0.0,
                                                                    "Total Cost": 42318.81,
                                                                    "Plan Rows": 632080,
                                                                    "Plan Width": 4,
                                                                    "Actual Startup Time": 0.058,
                                                                    "Actual Total Time": 72.166,
                                                                    "Actual Rows": 421385,
                                                                    "Actual Loops": 6,
                                                                    "Output": [
                                                                        "t.id"
                                                                    ],
                                                                    "Workers": [
                                                                        {
                                                                            "Worker Number": 0,
                                                                            "Actual Startup Time": 0.07,
                                                                            "Actual Total Time": 72.67,
                                                                            "Actual Rows": 406902,
                                                                            "Actual Loops": 1
                                                                        },
                                                                        {
                                                                            "Worker Number": 1,
                                                                            "Actual Startup Time": 0.065,
                                                                            "Actual Total Time": 80.204,
                                                                            "Actual Rows": 313816,
                                                                            "Actual Loops": 1
                                                                        },
                                                                        {
                                                                            "Worker Number": 2,
                                                                            "Actual Startup Time": 0.067,
                                                                            "Actual Total Time": 73.467,
                                                                            "Actual Rows": 415283,
                                                                            "Actual Loops": 1
                                                                        },
                                                                        {
                                                                            "Worker Number": 3,
                                                                            "Actual Startup Time": 0.078,
                                                                            "Actual Total Time": 73.137,
                                                                            "Actual Rows": 410464,
                                                                            "Actual Loops": 1
                                                                        },
                                                                        {
                                                                            "Worker Number": 4,
                                                                            "Actual Startup Time": 0.054,
                                                                            "Actual Total Time": 73.743,
                                                                            "Actual Rows": 418704,
                                                                            "Actual Loops": 1
                                                                        }
                                                                    ]
                                                                }
                                                            ]
                                                        }
                                                    ]
                                                }
                                            ]
                                        }
                                    ]
                                }
                            ]
                        }
                    ]
                }
            ]
        },
        "Planning Time": 178.445,
        "Triggers": [],
        "Execution Time": 9027.4
    }
]