[
  {
    "Plan": {
      "Node Type": "Aggregate",
      "Strategy": "Plain",
      "Partial Mode": "Finalize",
      "Parallel Aware": false,
      "Startup Cost": 289558.29,
      "Total Cost": 289558.3,
      "Plan Rows": 1,
      "Plan Width": 8,
      "Actual Startup Time": 1006.728,
      "Actual Total Time": 1054.254,
      "Actual Rows": 1,
      "Actual Loops": 1,
      "Plans": [
        {
          "Node Type": "Gather",
          "Parent Relationship": "Outer",
          "Parallel Aware": false,
          "Startup Cost": 289557.77,
          "Total Cost": 289558.28,
          "Plan Rows": 5,
          "Plan Width": 8,
          "Actual Startup Time": 1000.327,
          "Actual Total Time": 1054.243,
          "Actual Rows": 6,
          "Actual Loops": 1,
          "Workers Planned": 5,
          "Workers Launched": 5,
          "Single Copy": false,
          "Plans": [
            {
              "Node Type": "Aggregate",
              "Strategy": "Plain",
              "Partial Mode": "Partial",
              "Parent Relationship": "Outer",
              "Parallel Aware": false,
              "Startup Cost": 288557.77,
              "Total Cost": 288557.78,
              "Plan Rows": 1,
              "Plan Width": 8,
              "Actual Startup Time": 989.651,
              "Actual Total Time": 989.804,
              "Actual Rows": 1,
              "Actual Loops": 6,
              "Plans": [
                {
                  "Node Type": "Hash Join",
                  "Parent Relationship": "Outer",
                  "Parallel Aware": true,
                  "Join Type": "Inner",
                  "Startup Cost": 82301.39,
                  "Total Cost": 287594.81,
                  "Plan Rows": 385182,
                  "Plan Width": 0,
                  "Actual Startup Time": 322.429,
                  "Actual Total Time": 946.617,
                  "Actual Rows": 894653,
                  "Actual Loops": 6,
                  "Inner Unique": false,
                  "Hash Cond": "(mi.movie_id = t.id)",
                  "Plans": [
                    {
                      "Node Type": "Seq Scan",
                      "Parent Relationship": "Outer",
                      "Parallel Aware": true,
                      "Relation Name": "movie_info",
                      "Alias": "mi",
                      "Startup Cost": 0.0,
                      "Total Cost": 198952.16,
                      "Plan Rows": 1434213,
                      "Plan Width": 4,
                      "Actual Startup Time": 0.021,
                      "Actual Total Time": 356.284,
                      "Actual Rows": 1214478,
                      "Actual Loops": 6,
                      "Filter": "(info_type_id < 8)",
                      "Rows Removed by Filter": 1258142
                    },
                    {
                      "Node Type": "Hash",
                      "Parent Relationship": "Inner",
                      "Parallel Aware": true,
                      "Startup Cost": 80179.47,
                      "Total Cost": 80179.47,
                      "Plan Rows": 169754,
                      "Plan Width": 8,
                      "Actual Startup Time": 305.239,
                      "Actual Total Time": 305.391,
                      "Actual Rows": 75728,
                      "Actual Loops": 6,
                      "Hash Buckets": 1048576,
                      "Original Hash Buckets": 1048576,
                      "Hash Batches": 1,
                      "Original Hash Batches": 1,
                      "Peak Memory Usage": 26048,
                      "Plans": [
                        {
                          "Node Type": "Hash Join",
                          "Parent Relationship": "Outer",
                          "Parallel Aware": true,
                          "Join Type": "Inner",
                          "Startup Cost": 34152.78,
                          "Total Cost": 80179.47,
                          "Plan Rows": 169754,
                          "Plan Width": 8,
                          "Actual Startup Time": 192.197,
                          "Actual Total Time": 270.38,
                          "Actual Rows": 75728,
                          "Actual Loops": 6,
                          "Inner Unique": false,
                          "Hash Cond": "(t.id = mc.movie_id)",
                          "Plans": [
                            {
                              "Node Type": "Seq Scan",
                              "Parent Relationship": "Outer",
                              "Parallel Aware": true,
                              "Relation Name": "title",
                              "Alias": "t",
                              "Startup Cost": 0.0,
                              "Total Cost": 42318.73,
                              "Plan Rows": 632073,
                              "Plan Width": 4,
                              "Actual Startup Time": 0.017,
                              "Actual Total Time": 64.488,
                              "Actual Rows": 421385,
                              "Actual Loops": 6
                            },
                            {
                              "Node Type": "Hash",
                              "Parent Relationship": "Inner",
                              "Parallel Aware": true,
                              "Startup Cost": 31414.82,
                              "Total Cost": 31414.82,
                              "Plan Rows": 219037,
                              "Plan Width": 4,
                              "Actual Startup Time": 103.885,
                              "Actual Total Time": 103.886,
                              "Actual Rows": 75728,
                              "Actual Loops": 6,
                              "Hash Buckets": 1048576,
                              "Original Hash Buckets": 1048576,
                              "Hash Batches": 1,
                              "Original Hash Batches": 1,
                              "Peak Memory Usage": 26048,
                              "Plans": [
                                {
                                  "Node Type": "Seq Scan",
                                  "Parent Relationship": "Outer",
                                  "Parallel Aware": true,
                                  "Relation Name": "movie_companies",
                                  "Alias": "mc",
                                  "Startup Cost": 0.0,
                                  "Total Cost": 31414.82,
                                  "Plan Rows": 219037,
                                  "Plan Width": 4,
                                  "Actual Startup Time": 16.134,
                                  "Actual Total Time": 65.459,
                                  "Actual Rows": 75728,
                                  "Actual Loops": 6,
                                  "Filter": "((company_id > 11137) AND (company_type_id = 1))",
                                  "Rows Removed by Filter": 359127
                                }
                              ]
                            }
                          ]
                        }
                      ]
                    }
                  ]
                }
              ]
            }
          ]
        }
      ]
    },
    "Planning Time": 1.44,
    "Triggers": [],
    "Execution Time": 1054.347
  }
]