[
    {
        "Bao": {
            "Bao prediction": "NaN",
            "Bao recommended hint": "(no hint)"
        }
    },
    {
        "Plan": {
            "Node Type": "Aggregate",
            "Strategy": "Plain",
            "Partial Mode": "Finalize",
            "Parallel Aware": false,
            "Startup Cost": 33984.09,
            "Total Cost": 33984.1,
            "Plan Rows": 1,
            "Plan Width": 8,
            "Actual Startup Time": 96.977,
            "Actual Total Time": 104.137,
            "Actual Rows": 1,
            "Actual Loops": 1,
            "Output": [
                "count(*)"
            ],
            "Plans": [
                {
                    "Node Type": "Gather",
                    "Parent Relationship": "Outer",
                    "Parallel Aware": false,
                    "Startup Cost": 33983.78,
                    "Total Cost": 33984.09,
                    "Plan Rows": 3,
                    "Plan Width": 8,
                    "Actual Startup Time": 96.61,
                    "Actual Total Time": 104.13,
                    "Actual Rows": 4,
                    "Actual Loops": 1,
                    "Output": [
                        "(PARTIAL count(*))"
                    ],
                    "Workers Planned": 3,
                    "Workers Launched": 3,
                    "Single Copy": false,
                    "Plans": [
                        {
                            "Node Type": "Aggregate",
                            "Strategy": "Plain",
                            "Partial Mode": "Partial",
                            "Parent Relationship": "Outer",
                            "Parallel Aware": false,
                            "Startup Cost": 32983.78,
                            "Total Cost": 32983.79,
                            "Plan Rows": 1,
                            "Plan Width": 8,
                            "Actual Startup Time": 87.806,
                            "Actual Total Time": 87.81,
                            "Actual Rows": 1,
                            "Actual Loops": 4,
                            "Output": [
                                "PARTIAL count(*)"
                            ],
                            "Workers": [
                                {
                                    "Worker Number": 0,
                                    "Actual Startup Time": 84.954,
                                    "Actual Total Time": 84.956,
                                    "Actual Rows": 1,
                                    "Actual Loops": 1
                                },
                                {
                                    "Worker Number": 1,
                                    "Actual Startup Time": 85.114,
                                    "Actual Total Time": 85.116,
                                    "Actual Rows": 1,
                                    "Actual Loops": 1
                                },
                                {
                                    "Worker Number": 2,
                                    "Actual Startup Time": 84.86,
                                    "Actual Total Time": 84.869,
                                    "Actual Rows": 1,
                                    "Actual Loops": 1
                                }
                            ],
                            "Plans": [
                                {
                                    "Node Type": "Bitmap Heap Scan",
                                    "Parent Relationship": "Outer",
                                    "Parallel Aware": true,
                                    "Relation Name": "movie_keyword",
                                    "Schema": "public",
                                    "Alias": "mk",
                                    "Startup Cost": 6945.66,
                                    "Total Cost": 32719.76,
                                    "Plan Rows": 105608,
                                    "Plan Width": 0,
                                    "Actual Startup Time": 19.199,
                                    "Actual Total Time": 82.399,
                                    "Actual Rows": 81394,
                                    "Actual Loops": 4,
                                    "Recheck Cond": "(mk.keyword_id > 50464)",
                                    "Rows Removed by Index Recheck": 0,
                                    "Exact Heap Blocks": 12068,
                                    "Lossy Heap Blocks": 0,
                                    "Workers": [
                                        {
                                            "Worker Number": 0,
                                            "Actual Startup Time": 16.683,
                                            "Actual Total Time": 80.162,
                                            "Actual Rows": 50119,
                                            "Actual Loops": 1
                                        },
                                        {
                                            "Worker Number": 1,
                                            "Actual Startup Time": 16.457,
                                            "Actual Total Time": 80.214,
                                            "Actual Rows": 50795,
                                            "Actual Loops": 1
                                        },
                                        {
                                            "Worker Number": 2,
                                            "Actual Startup Time": 16.299,
                                            "Actual Total Time": 80.41,
                                            "Actual Rows": 46709,
                                            "Actual Loops": 1
                                        }
                                    ],
                                    "Plans": [
                                        {
                                            "Node Type": "Bitmap Index Scan",
                                            "Parent Relationship": "Outer",
                                            "Parallel Aware": false,
                                            "Index Name": "keyword_id_movie_keyword",
                                            "Startup Cost": 0.0,
                                            "Total Cost": 6863.81,
                                            "Plan Rows": 327384,
                                            "Plan Width": 0,
                                            "Actual Startup Time": 24.115,
                                            "Actual Total Time": 24.116,
                                            "Actual Rows": 325575,
                                            "Actual Loops": 1,
                                            "Index Cond": "(mk.keyword_id > 50464)"
                                        }
                                    ]
                                }
                            ]
                        }
                    ]
                }
            ]
        },
        "Planning Time": 217.886,
        "Triggers": [],
        "Execution Time": 104.199
    }
]