[
  {
    "Plan": {
      "Node Type": "Aggregate",
      "Strategy": "Plain",
      "Partial Mode": "Finalize",
      "Parallel Aware": false,
      "Startup Cost": 71004.04,
      "Total Cost": 71004.05,
      "Plan Rows": 1,
      "Plan Width": 8,
      "Actual Startup Time": 132.286,
      "Actual Total Time": 146.108,
      "Actual Rows": 1,
      "Actual Loops": 1,
      "Plans": [
        {
          "Node Type": "Gather",
          "Parent Relationship": "Outer",
          "Parallel Aware": false,
          "Startup Cost": 71003.73,
          "Total Cost": 71004.04,
          "Plan Rows": 3,
          "Plan Width": 8,
          "Actual Startup Time": 131.961,
          "Actual Total Time": 146.099,
          "Actual Rows": 4,
          "Actual Loops": 1,
          "Workers Planned": 3,
          "Workers Launched": 3,
          "Single Copy": false,
          "Plans": [
            {
              "Node Type": "Aggregate",
              "Strategy": "Plain",
              "Partial Mode": "Partial",
              "Parent Relationship": "Outer",
              "Parallel Aware": false,
              "Startup Cost": 70003.73,
              "Total Cost": 70003.74,
              "Plan Rows": 1,
              "Plan Width": 8,
              "Actual Startup Time": 122.194,
              "Actual Total Time": 122.198,
              "Actual Rows": 1,
              "Actual Loops": 4,
              "Plans": [
                {
                  "Node Type": "Nested Loop",
                  "Parent Relationship": "Outer",
                  "Parallel Aware": false,
                  "Join Type": "Inner",
                  "Startup Cost": 46631.14,
                  "Total Cost": 70000.2,
                  "Plan Rows": 1411,
                  "Plan Width": 0,
                  "Actual Startup Time": 110.353,
                  "Actual Total Time": 122.161,
                  "Actual Rows": 412,
                  "Actual Loops": 4,
                  "Inner Unique": false,
                  "Join Filter": "(t.id = mi.movie_id)",
                  "Rows Removed by Join Filter": 0,
                  "Plans": [
                    {
                      "Node Type": "Hash Join",
                      "Parent Relationship": "Outer",
                      "Parallel Aware": true,
                      "Join Type": "Inner",
                      "Startup Cost": 46630.71,
                      "Total Cost": 65651.12,
                      "Plan Rows": 241,
                      "Plan Width": 8,
                      "Actual Startup Time": 110.279,
                      "Actual Total Time": 120.862,
                      "Actual Rows": 54,
                      "Actual Loops": 4,
                      "Inner Unique": true,
                      "Hash Cond": "(mc.movie_id = t.id)",
                      "Plans": [
                        {
                          "Node Type": "Bitmap Heap Scan",
                          "Parent Relationship": "Outer",
                          "Parallel Aware": true,
                          "Relation Name": "movie_companies",
                          "Alias": "mc",
                          "Startup Cost": 1026.42,
                          "Total Cost": 20006.85,
                          "Plan Rows": 15234,
                          "Plan Width": 4,
                          "Actual Startup Time": 3.866,
                          "Actual Total Time": 12.134,
                          "Actual Rows": 11813,
                          "Actual Loops": 4,
                          "Recheck Cond": "(company_id = 19)",
                          "Rows Removed by Index Recheck": 0,
                          "Exact Heap Blocks": 1947,
                          "Lossy Heap Blocks": 0,
                          "Plans": [
                            {
                              "Node Type": "Bitmap Index Scan",
                              "Parent Relationship": "Outer",
                              "Parallel Aware": false,
                              "Index Name": "company_id_movie_companies",
                              "Startup Cost": 0.0,
                              "Total Cost": 1014.62,
                              "Plan Rows": 47225,
                              "Plan Width": 0,
                              "Actual Startup Time": 3.106,
                              "Actual Total Time": 3.106,
                              "Actual Rows": 47252,
                              "Actual Loops": 1,
                              "Index Cond": "(company_id = 19)"
                            }
                          ]
                        },
                        {
                          "Node Type": "Hash",
                          "Parent Relationship": "Inner",
                          "Parallel Aware": true,
                          "Startup Cost": 45479.1,
                          "Total Cost": 45479.1,
                          "Plan Rows": 10015,
                          "Plan Width": 4,
                          "Actual Startup Time": 104.422,
                          "Actual Total Time": 104.423,
                          "Actual Rows": 10030,
                          "Actual Loops": 4,
                          "Hash Buckets": 65536,
                          "Original Hash Buckets": 65536,
                          "Hash Batches": 1,
                          "Original Hash Batches": 1,
                          "Peak Memory Usage": 2176,
                          "Plans": [
                            {
                              "Node Type": "Seq Scan",
                              "Parent Relationship": "Outer",
                              "Parallel Aware": true,
                              "Relation Name": "title",
                              "Alias": "t",
                              "Startup Cost": 0.0,
                              "Total Cost": 45479.1,
                              "Plan Rows": 10015,
                              "Plan Width": 4,
                              "Actual Startup Time": 0.048,
                              "Actual Total Time": 99.253,
                              "Actual Rows": 10030,
                              "Actual Loops": 4,
                              "Filter": "((kind_id = 7) AND (production_year = 2013))",
                              "Rows Removed by Filter": 622048
                            }
                          ]
                        }
                      ]
                    },
                    {
                      "Node Type": "Index Only Scan",
                      "Parent Relationship": "Inner",
                      "Parallel Aware": false,
                      "Scan Direction": "Forward",
                      "Index Name": "movie_id_movie_info",
                      "Relation Name": "movie_info",
                      "Alias": "mi",
                      "Startup Cost": 0.43,
                      "Total Cost": 17.52,
                      "Plan Rows": 42,
                      "Plan Width": 4,
                      "Actual Startup Time": 0.009,
                      "Actual Total Time": 0.023,
                      "Actual Rows": 8,
                      "Actual Loops": 217,
                      "Index Cond": "(movie_id = mc.movie_id)",
                      "Rows Removed by Index Recheck": 0,
                      "Heap Fetches": 1647
                    }
                  ]
                }
              ]
            }
          ]
        }
      ]
    },
    "Planning Time": 1.494,
    "Triggers": [],
    "Execution Time": 146.215
  }
]