[
  {
    "Plan": {
      "Node Type": "Aggregate",
      "Strategy": "Plain",
      "Partial Mode": "Simple",
      "Parallel Aware": false,
      "Startup Cost": 28451.17,
      "Total Cost": 28451.18,
      "Plan Rows": 1,
      "Plan Width": 8,
      "Actual Startup Time": 65.558,
      "Actual Total Time": 65.559,
      "Actual Rows": 1,
      "Actual Loops": 1,
      "Plans": [
        {
          "Node Type": "Bitmap Heap Scan",
          "Parent Relationship": "Outer",
          "Parallel Aware": false,
          "Relation Name": "movie_keyword",
          "Alias": "mk",
          "Startup Cost": 2343.06,
          "Total Cost": 28175.48,
          "Plan Rows": 110274,
          "Plan Width": 0,
          "Actual Startup Time": 21.43,
          "Actual Total Time": 60.204,
          "Actual Rows": 111118,
          "Actual Loops": 1,
          "Recheck Cond": "(keyword_id > 79931)",
          "Rows Removed by Index Recheck": 0,
          "Exact Heap Blocks": 17882,
          "Lossy Heap Blocks": 0,
          "Plans": [
            {
              "Node Type": "Bitmap Index Scan",
              "Parent Relationship": "Outer",
              "Parallel Aware": false,
              "Index Name": "keyword_id_movie_keyword",
              "Startup Cost": 0.0,
              "Total Cost": 2315.49,
              "Plan Rows": 110274,
              "Plan Width": 0,
              "Actual Startup Time": 15.727,
              "Actual Total Time": 15.727,
              "Actual Rows": 111118,
              "Actual Loops": 1,
              "Index Cond": "(keyword_id > 79931)"
            }
          ]
        }
      ]
    },
    "Planning Time": 0.169,
    "Triggers": [],
    "Execution Time": 65.608
  }
]