{
  "Plan": {
    "Node Type": "Aggregate",
    "Strategy": "Plain",
    "Partial Mode": "Finalize",
    "Parallel Aware": false,
    "Startup Cost": 32311.06,
    "Total Cost": 32311.07,
    "Plan Rows": 1,
    "Plan Width": 8,
    "Actual Startup Time": 36.836,
    "Actual Total Time": 41.915,
    "Actual Rows": 1,
    "Actual Loops": 1,
    "Plans": [
      {
        "Node Type": "Gather",
        "Parent Relationship": "Outer",
        "Parallel Aware": false,
        "Startup Cost": 32310.95,
        "Total Cost": 32311.06,
        "Plan Rows": 1,
        "Plan Width": 8,
        "Actual Startup Time": 36.718,
        "Actual Total Time": 41.909,
        "Actual Rows": 2,
        "Actual Loops": 1,
        "Workers Planned": 1,
        "Workers Launched": 1,
        "Single Copy": false,
        "Plans": [
          {
            "Node Type": "Aggregate",
            "Strategy": "Plain",
            "Partial Mode": "Partial",
            "Parent Relationship": "Outer",
            "Parallel Aware": false,
            "Startup Cost": 31310.95,
            "Total Cost": 31310.96,
            "Plan Rows": 1,
            "Plan Width": 8,
            "Actual Startup Time": 30.591,
            "Actual Total Time": 30.592,
            "Actual Rows": 1,
            "Actual Loops": 2,
            "Plans": [
              {
                "Node Type": "Nested Loop",
                "Parent Relationship": "Outer",
                "Parallel Aware": false,
                "Join Type": "Inner",
                "Startup Cost": 99.92,
                "Total Cost": 31305.53,
                "Plan Rows": 2168,
                "Plan Width": 0,
                "Actual Startup Time": 2.703,
                "Actual Total Time": 30.242,
                "Actual Rows": 1592,
                "Actual Loops": 2,
                "Inner Unique": true,
                "Plans": [
                  {
                    "Node Type": "Bitmap Heap Scan",
                    "Parent Relationship": "Outer",
                    "Parallel Aware": true,
                    "Relation Name": "movie_keyword",
                    "Alias": "mk",
                    "Startup Cost": 99.49,
                    "Total Cost": 11584.6,
                    "Plan Rows": 2661,
                    "Plan Width": 4,
                    "Actual Startup Time": 2.537,
                    "Actual Total Time": 10.419,
                    "Actual Rows": 1832,
                    "Actual Loops": 2,
                    "Recheck Cond": "(keyword_id = 3518)",
                    "Rows Removed by Index Recheck": 0,
                    "Exact Heap Blocks": 2943,
                    "Lossy Heap Blocks": 0,
                    "Plans": [
                      {
                        "Node Type": "Bitmap Index Scan",
                        "Parent Relationship": "Outer",
                        "Parallel Aware": false,
                        "Index Name": "keyword_id_movie_keyword",
                        "Startup Cost": 0.0,
                        "Total Cost": 98.36,
                        "Plan Rows": 4524,
                        "Plan Width": 0,
                        "Actual Startup Time": 3.227,
                        "Actual Total Time": 3.227,
                        "Actual Rows": 3664,
                        "Actual Loops": 1,
                        "Index Cond": "(keyword_id = 3518)"
                      }
                    ]
                  },
                  {
                    "Node Type": "Index Scan",
                    "Parent Relationship": "Inner",
                    "Parallel Aware": false,
                    "Scan Direction": "Forward",
                    "Index Name": "title_pkey",
                    "Relation Name": "title",
                    "Alias": "t",
                    "Startup Cost": 0.43,
                    "Total Cost": 7.41,
                    "Plan Rows": 1,
                    "Plan Width": 4,
                    "Actual Startup Time": 0.01,
                    "Actual Total Time": 0.01,
                    "Actual Rows": 1,
                    "Actual Loops": 3664,
                    "Index Cond": "(id = mk.movie_id)",
                    "Rows Removed by Index Recheck": 0,
                    "Filter": "(production_year > 1972)",
                    "Rows Removed by Filter": 0
                  }
                ]
              }
            ]
          }
        ]
      }
    ]
  },
  "Planning Time": 0.61,
  "Triggers": [],
  "Execution Time": 42.003
}