[
  {
    "Plan": {
      "Node Type": "Aggregate",
      "Strategy": "Plain",
      "Partial Mode": "Finalize",
      "Parallel Aware": false,
      "Startup Cost": 90638.67,
      "Total Cost": 90638.68,
      "Plan Rows": 1,
      "Plan Width": 8,
      "Actual Startup Time": 368.843,
      "Actual Total Time": 385.294,
      "Actual Rows": 1,
      "Actual Loops": 1,
      "Plans": [
        {
          "Node Type": "Gather",
          "Parent Relationship": "Outer",
          "Parallel Aware": false,
          "Startup Cost": 90638.36,
          "Total Cost": 90638.67,
          "Plan Rows": 3,
          "Plan Width": 8,
          "Actual Startup Time": 367.555,
          "Actual Total Time": 385.287,
          "Actual Rows": 4,
          "Actual Loops": 1,
          "Workers Planned": 3,
          "Workers Launched": 3,
          "Single Copy": false,
          "Plans": [
            {
              "Node Type": "Aggregate",
              "Strategy": "Plain",
              "Partial Mode": "Partial",
              "Parent Relationship": "Outer",
              "Parallel Aware": false,
              "Startup Cost": 89638.36,
              "Total Cost": 89638.37,
              "Plan Rows": 1,
              "Plan Width": 8,
              "Actual Startup Time": 358.881,
              "Actual Total Time": 358.884,
              "Actual Rows": 1,
              "Actual Loops": 4,
              "Plans": [
                {
                  "Node Type": "Hash Join",
                  "Parent Relationship": "Outer",
                  "Parallel Aware": true,
                  "Join Type": "Inner",
                  "Startup Cost": 46355.56,
                  "Total Cost": 89233.64,
                  "Plan Rows": 161886,
                  "Plan Width": 0,
                  "Actual Startup Time": 165.642,
                  "Actual Total Time": 340.297,
                  "Actual Rows": 456276,
                  "Actual Loops": 4,
                  "Inner Unique": true,
                  "Hash Cond": "(mk.movie_id = t.id)",
                  "Plans": [
                    {
                      "Node Type": "Seq Scan",
                      "Parent Relationship": "Outer",
                      "Parallel Aware": true,
                      "Relation Name": "movie_keyword",
                      "Alias": "mk",
                      "Startup Cost": 0.0,
                      "Total Cost": 39047.32,
                      "Plan Rows": 1459332,
                      "Plan Width": 4,
                      "Actual Startup Time": 0.023,
                      "Actual Total Time": 85.605,
                      "Actual Rows": 1130982,
                      "Actual Loops": 4
                    },
                    {
                      "Node Type": "Hash",
                      "Parent Relationship": "Inner",
                      "Parallel Aware": true,
                      "Startup Cost": 45479.1,
                      "Total Cost": 45479.1,
                      "Plan Rows": 70117,
                      "Plan Width": 4,
                      "Actual Startup Time": 126.2,
                      "Actual Total Time": 126.201,
                      "Actual Rows": 95574,
                      "Actual Loops": 4,
                      "Hash Buckets": 524288,
                      "Original Hash Buckets": 524288,
                      "Hash Batches": 1,
                      "Original Hash Batches": 1,
                      "Peak Memory Usage": 19136,
                      "Plans": [
                        {
                          "Node Type": "Seq Scan",
                          "Parent Relationship": "Outer",
                          "Parallel Aware": true,
                          "Relation Name": "title",
                          "Alias": "t",
                          "Startup Cost": 0.0,
                          "Total Cost": 45479.1,
                          "Plan Rows": 70117,
                          "Plan Width": 4,
                          "Actual Startup Time": 58.825,
                          "Actual Total Time": 98.007,
                          "Actual Rows": 95574,
                          "Actual Loops": 4,
                          "Filter": "((production_year < 2001) AND (kind_id = 1))",
                          "Rows Removed by Filter": 536504
                        }
                      ]
                    }
                  ]
                }
              ]
            }
          ]
        }
      ]
    },
    "Planning Time": 0.645,
    "Triggers": [],
    "Execution Time": 385.363
  }
]