[
  {
    "Plan": {
      "Node Type": "Aggregate",
      "Strategy": "Plain",
      "Partial Mode": "Finalize",
      "Parallel Aware": false,
      "Startup Cost": 83123.76,
      "Total Cost": 83123.77,
      "Plan Rows": 1,
      "Plan Width": 8,
      "Actual Startup Time": 623.552,
      "Actual Total Time": 640.21,
      "Actual Rows": 1,
      "Actual Loops": 1,
      "Plans": [
        {
          "Node Type": "Gather",
          "Parent Relationship": "Outer",
          "Parallel Aware": false,
          "Startup Cost": 83123.45,
          "Total Cost": 83123.76,
          "Plan Rows": 3,
          "Plan Width": 8,
          "Actual Startup Time": 614.806,
          "Actual Total Time": 640.202,
          "Actual Rows": 4,
          "Actual Loops": 1,
          "Workers Planned": 3,
          "Workers Launched": 3,
          "Single Copy": false,
          "Plans": [
            {
              "Node Type": "Aggregate",
              "Strategy": "Plain",
              "Partial Mode": "Partial",
              "Parent Relationship": "Outer",
              "Parallel Aware": false,
              "Startup Cost": 82123.45,
              "Total Cost": 82123.46,
              "Plan Rows": 1,
              "Plan Width": 8,
              "Actual Startup Time": 603.659,
              "Actual Total Time": 603.663,
              "Actual Rows": 1,
              "Actual Loops": 4,
              "Plans": [
                {
                  "Node Type": "Hash Join",
                  "Parent Relationship": "Outer",
                  "Parallel Aware": true,
                  "Join Type": "Inner",
                  "Startup Cost": 50855.2,
                  "Total Cost": 80271.09,
                  "Plan Rows": 740944,
                  "Plan Width": 0,
                  "Actual Startup Time": 327.076,
                  "Actual Total Time": 582.183,
                  "Actual Rows": 527004,
                  "Actual Loops": 4,
                  "Inner Unique": true,
                  "Hash Cond": "(mc.movie_id = t.id)",
                  "Plans": [
                    {
                      "Node Type": "Seq Scan",
                      "Parent Relationship": "Outer",
                      "Parallel Aware": true,
                      "Relation Name": "movie_companies",
                      "Alias": "mc",
                      "Startup Cost": 0.0,
                      "Total Cost": 27206.55,
                      "Plan Rows": 841655,
                      "Plan Width": 4,
                      "Actual Startup Time": 0.01,
                      "Actual Total Time": 55.7,
                      "Actual Rows": 652282,
                      "Actual Loops": 4
                    },
                    {
                      "Node Type": "Hash",
                      "Parent Relationship": "Inner",
                      "Parallel Aware": true,
                      "Startup Cost": 43899.32,
                      "Total Cost": 43899.32,
                      "Plan Rows": 556470,
                      "Plan Width": 4,
                      "Actual Startup Time": 318.999,
                      "Actual Total Time": 319.0,
                      "Actual Rows": 553704,
                      "Actual Loops": 4,
                      "Hash Buckets": 4194304,
                      "Original Hash Buckets": 4194304,
                      "Hash Batches": 1,
                      "Original Hash Batches": 1,
                      "Peak Memory Usage": 119520,
                      "Plans": [
                        {
                          "Node Type": "Seq Scan",
                          "Parent Relationship": "Outer",
                          "Parallel Aware": true,
                          "Relation Name": "title",
                          "Alias": "t",
                          "Startup Cost": 0.0,
                          "Total Cost": 43899.32,
                          "Plan Rows": 556470,
                          "Plan Width": 4,
                          "Actual Startup Time": 0.031,
                          "Actual Total Time": 110.931,
                          "Actual Rows": 553704,
                          "Actual Loops": 4,
                          "Filter": "(production_year > 1959)",
                          "Rows Removed by Filter": 78374
                        }
                      ]
                    }
                  ]
                }
              ]
            }
          ]
        }
      ]
    },
    "Planning Time": 0.251,
    "Triggers": [],
    "Execution Time": 640.245
  }
]