[
  {
    "Plan": {
      "Node Type": "Aggregate",
      "Strategy": "Plain",
      "Partial Mode": "Finalize",
      "Parallel Aware": false,
      "Startup Cost": 57200.19,
      "Total Cost": 57200.2,
      "Plan Rows": 1,
      "Plan Width": 8,
      "Actual Startup Time": 229.497,
      "Actual Total Time": 240.458,
      "Actual Rows": 1,
      "Actual Loops": 1,
      "Plans": [
        {
          "Node Type": "Gather",
          "Parent Relationship": "Outer",
          "Parallel Aware": false,
          "Startup Cost": 57199.88,
          "Total Cost": 57200.19,
          "Plan Rows": 3,
          "Plan Width": 8,
          "Actual Startup Time": 225.553,
          "Actual Total Time": 240.448,
          "Actual Rows": 4,
          "Actual Loops": 1,
          "Workers Planned": 3,
          "Workers Launched": 3,
          "Single Copy": false,
          "Plans": [
            {
              "Node Type": "Aggregate",
              "Strategy": "Plain",
              "Partial Mode": "Partial",
              "Parent Relationship": "Outer",
              "Parallel Aware": false,
              "Startup Cost": 56199.88,
              "Total Cost": 56199.89,
              "Plan Rows": 1,
              "Plan Width": 8,
              "Actual Startup Time": 217.183,
              "Actual Total Time": 217.186,
              "Actual Rows": 1,
              "Actual Loops": 4,
              "Plans": [
                {
                  "Node Type": "Hash Join",
                  "Parent Relationship": "Outer",
                  "Parallel Aware": true,
                  "Join Type": "Inner",
                  "Startup Cost": 47525.75,
                  "Total Cost": 56137.58,
                  "Plan Rows": 24917,
                  "Plan Width": 0,
                  "Actual Startup Time": 178.276,
                  "Actual Total Time": 216.071,
                  "Actual Rows": 24445,
                  "Actual Loops": 4,
                  "Inner Unique": true,
                  "Hash Cond": "(ci.movie_id = t.id)",
                  "Plans": [
                    {
                      "Node Type": "Index Scan",
                      "Parent Relationship": "Outer",
                      "Parallel Aware": true,
                      "Scan Direction": "Forward",
                      "Index Name": "role_id_cast_info",
                      "Relation Name": "cast_info",
                      "Alias": "ci",
                      "Startup Cost": 0.56,
                      "Total Cost": 8359.83,
                      "Plan Rows": 96218,
                      "Plan Width": 4,
                      "Actual Startup Time": 0.203,
                      "Actual Total Time": 12.316,
                      "Actual Rows": 79030,
                      "Actual Loops": 4,
                      "Index Cond": "(role_id > 10)",
                      "Rows Removed by Index Recheck": 0
                    },
                    {
                      "Node Type": "Hash",
                      "Parent Relationship": "Inner",
                      "Parallel Aware": true,
                      "Startup Cost": 45479.1,
                      "Total Cost": 45479.1,
                      "Plan Rows": 163687,
                      "Plan Width": 4,
                      "Actual Startup Time": 173.057,
                      "Actual Total Time": 173.057,
                      "Actual Rows": 177795,
                      "Actual Loops": 4,
                      "Hash Buckets": 1048576,
                      "Original Hash Buckets": 1048576,
                      "Hash Batches": 1,
                      "Original Hash Batches": 1,
                      "Peak Memory Usage": 36096,
                      "Plans": [
                        {
                          "Node Type": "Seq Scan",
                          "Parent Relationship": "Outer",
                          "Parallel Aware": true,
                          "Relation Name": "title",
                          "Alias": "t",
                          "Startup Cost": 0.0,
                          "Total Cost": 45479.1,
                          "Plan Rows": 163687,
                          "Plan Width": 4,
                          "Actual Startup Time": 0.043,
                          "Actual Total Time": 107.637,
                          "Actual Rows": 177795,
                          "Actual Loops": 4,
                          "Filter": "((kind_id < 7) AND (production_year < 2008))",
                          "Rows Removed by Filter": 454283
                        }
                      ]
                    }
                  ]
                }
              ]
            }
          ]
        }
      ]
    },
    "Planning Time": 0.632,
    "Triggers": [],
    "Execution Time": 240.546
  }
]