[
  {
    "Plan": {
      "Node Type": "Aggregate",
      "Strategy": "Plain",
      "Partial Mode": "Finalize",
      "Parallel Aware": false,
      "Startup Cost": 215878.63,
      "Total Cost": 215878.64,
      "Plan Rows": 1,
      "Plan Width": 8,
      "Actual Startup Time": 139.436,
      "Actual Total Time": 160.832,
      "Actual Rows": 1,
      "Actual Loops": 1,
      "Plans": [
        {
          "Node Type": "Gather",
          "Parent Relationship": "Outer",
          "Parallel Aware": false,
          "Startup Cost": 215878.21,
          "Total Cost": 215878.62,
          "Plan Rows": 4,
          "Plan Width": 8,
          "Actual Startup Time": 139.315,
          "Actual Total Time": 160.823,
          "Actual Rows": 5,
          "Actual Loops": 1,
          "Workers Planned": 4,
          "Workers Launched": 4,
          "Single Copy": false,
          "Plans": [
            {
              "Node Type": "Aggregate",
              "Strategy": "Plain",
              "Partial Mode": "Partial",
              "Parent Relationship": "Outer",
              "Parallel Aware": false,
              "Startup Cost": 214878.21,
              "Total Cost": 214878.22,
              "Plan Rows": 1,
              "Plan Width": 8,
              "Actual Startup Time": 129.34,
              "Actual Total Time": 129.342,
              "Actual Rows": 1,
              "Actual Loops": 5,
              "Plans": [
                {
                  "Node Type": "Nested Loop",
                  "Parent Relationship": "Outer",
                  "Parallel Aware": false,
                  "Join Type": "Inner",
                  "Startup Cost": 0.43,
                  "Total Cost": 214875.68,
                  "Plan Rows": 1010,
                  "Plan Width": 0,
                  "Actual Startup Time": 1.136,
                  "Actual Total Time": 129.136,
                  "Actual Rows": 1370,
                  "Actual Loops": 5,
                  "Inner Unique": false,
                  "Plans": [
                    {
                      "Node Type": "Seq Scan",
                      "Parent Relationship": "Outer",
                      "Parallel Aware": true,
                      "Relation Name": "title",
                      "Alias": "t",
                      "Startup Cost": 0.0,
                      "Total Cost": 45479.1,
                      "Plan Rows": 1929,
                      "Plan Width": 4,
                      "Actual Startup Time": 0.78,
                      "Actual Total Time": 78.849,
                      "Actual Rows": 1280,
                      "Actual Loops": 5,
                      "Filter": "((kind_id < 3) AND (production_year = 1993))",
                      "Rows Removed by Filter": 504382
                    },
                    {
                      "Node Type": "Index Scan",
                      "Parent Relationship": "Inner",
                      "Parallel Aware": false,
                      "Scan Direction": "Forward",
                      "Index Name": "movie_id_movie_info",
                      "Relation Name": "movie_info",
                      "Alias": "mi",
                      "Startup Cost": 0.43,
                      "Total Cost": 87.78,
                      "Plan Rows": 4,
                      "Plan Width": 4,
                      "Actual Startup Time": 0.035,
                      "Actual Total Time": 0.039,
                      "Actual Rows": 1,
                      "Actual Loops": 6402,
                      "Index Cond": "(movie_id = t.id)",
                      "Rows Removed by Index Recheck": 0,
                      "Filter": "(info_type_id = 8)",
                      "Rows Removed by Filter": 12
                    }
                  ]
                }
              ]
            }
          ]
        }
      ]
    },
    "Planning Time": 0.689,
    "Triggers": [],
    "Execution Time": 160.916
  }
]