{
  "Plan": {
    "Node Type": "Aggregate",
    "Strategy": "Plain",
    "Partial Mode": "Simple",
    "Parallel Aware": false,
    "Startup Cost": 283215.31,
    "Total Cost": 283215.32,
    "Plan Rows": 1,
    "Plan Width": 96,
    "Actual Startup Time": 4788.686,
    "Actual Total Time": 4788.846,
    "Actual Rows": 1,
    "Actual Loops": 1,
    "Plans": [
      {
        "Node Type": "Hash Join",
        "Parent Relationship": "Outer",
        "Parallel Aware": false,
        "Join Type": "Inner",
        "Startup Cost": 259425.82,
        "Total Cost": 283215.3,
        "Plan Rows": 1,
        "Plan Width": 49,
        "Actual Startup Time": 4608.727,
        "Actual Total Time": 4788.789,
        "Actual Rows": 121,
        "Actual Loops": 1,
        "Inner Unique": false,
        "Hash Cond": "(an.person_id = n.id)",
        "Plans": [
          {
            "Node Type": "Seq Scan",
            "Parent Relationship": "Outer",
            "Parallel Aware": false,
            "Relation Name": "aka_name",
            "Alias": "an",
            "Startup Cost": 0.0,
            "Total Cost": 20409.43,
            "Plan Rows": 901343,
            "Plan Width": 20,
            "Actual Startup Time": 0.015,
            "Actual Total Time": 125.627,
            "Actual Rows": 901343,
            "Actual Loops": 1
          },
          {
            "Node Type": "Hash",
            "Parent Relationship": "Inner",
            "Parallel Aware": false,
            "Startup Cost": 259425.81,
            "Total Cost": 259425.81,
            "Plan Rows": 1,
            "Plan Width": 41,
            "Actual Startup Time": 4604.786,
            "Actual Total Time": 4604.944,
            "Actual Rows": 115,
            "Actual Loops": 1,
            "Hash Buckets": 1024,
            "Original Hash Buckets": 1024,
            "Hash Batches": 1,
            "Original Hash Batches": 1,
            "Peak Memory Usage": 17,
            "Plans": [
              {
                "Node Type": "Hash Join",
                "Parent Relationship": "Outer",
                "Parallel Aware": false,
                "Join Type": "Inner",
                "Startup Cost": 181314.49,
                "Total Cost": 259425.81,
                "Plan Rows": 1,
                "Plan Width": 41,
                "Actual Startup Time": 4099.951,
                "Actual Total Time": 4604.815,
                "Actual Rows": 115,
                "Actual Loops": 1,
                "Inner Unique": false,
                "Hash Cond": "(t.id = ci.movie_id)",
                "Plans": [
                  {
                    "Node Type": "Seq Scan",
                    "Parent Relationship": "Outer",
                    "Parallel Aware": false,
                    "Relation Name": "title",
                    "Alias": "t",
                    "Startup Cost": 0.0,
                    "Total Cost": 73925.64,
                    "Plan Rows": 1116180,
                    "Plan Width": 21,
                    "Actual Startup Time": 0.039,
                    "Actual Total Time": 472.495,
                    "Actual Rows": 1107888,
                    "Actual Loops": 1,
                    "Filter": "((production_year >= 2005) AND (production_year <= 2015))",
                    "Rows Removed by Filter": 1420424
                  },
                  {
                    "Node Type": "Hash",
                    "Parent Relationship": "Inner",
                    "Parallel Aware": false,
                    "Startup Cost": 181314.48,
                    "Total Cost": 181314.48,
                    "Plan Rows": 1,
                    "Plan Width": 32,
                    "Actual Startup Time": 4061.49,
                    "Actual Total Time": 4061.646,
                    "Actual Rows": 305,
                    "Actual Loops": 1,
                    "Hash Buckets": 1024,
                    "Original Hash Buckets": 1024,
                    "Hash Batches": 1,
                    "Original Hash Batches": 1,
                    "Peak Memory Usage": 27,
                    "Plans": [
                      {
                        "Node Type": "Nested Loop",
                        "Parent Relationship": "Outer",
                        "Parallel Aware": false,
                        "Join Type": "Inner",
                        "Startup Cost": 94466.57,
                        "Total Cost": 181314.48,
                        "Plan Rows": 1,
                        "Plan Width": 32,
                        "Actual Startup Time": 1337.364,
                        "Actual Total Time": 4061.415,
                        "Actual Rows": 305,
                        "Actual Loops": 1,
                        "Inner Unique": false,
                        "Join Filter": "(mc.company_id = cn.id)",
                        "Rows Removed by Join Filter": 27319141,
                        "Plans": [
                          {
                            "Node Type": "Seq Scan",
                            "Parent Relationship": "Outer",
                            "Parallel Aware": false,
                            "Relation Name": "company_name",
                            "Alias": "cn",
                            "Startup Cost": 0.0,
                            "Total Cost": 5932.46,
                            "Plan Rows": 85931,
                            "Plan Width": 4,
                            "Actual Startup Time": 0.048,
                            "Actual Total Time": 49.05,
                            "Actual Rows": 84843,
                            "Actual Loops": 1,
                            "Filter": "((country_code)::text = '[us]'::text)",
                            "Rows Removed by Filter": 150154
                          },
                          {
                            "Node Type": "Materialize",
                            "Parent Relationship": "Inner",
                            "Parallel Aware": false,
                            "Startup Cost": 94466.57,
                            "Total Cost": 174093.05,
                            "Plan Rows": 1,
                            "Plan Width": 36,
                            "Actual Startup Time": 0.004,
                            "Actual Total Time": 0.028,
                            "Actual Rows": 322,
                            "Actual Loops": 84843,
                            "Plans": [
                              {
                                "Node Type": "Hash Join",
                                "Parent Relationship": "Outer",
                                "Parallel Aware": false,
                                "Join Type": "Inner",
                                "Startup Cost": 94466.57,
                                "Total Cost": 174093.05,
                                "Plan Rows": 1,
                                "Plan Width": 36,
                                "Actual Startup Time": 334.754,
                                "Actual Total Time": 1329.504,
                                "Actual Rows": 322,
                                "Actual Loops": 1,
                                "Inner Unique": false,
                                "Hash Cond": "(chn.id = ci.person_role_id)",
                                "Plans": [
                                  {
                                    "Node Type": "Seq Scan",
                                    "Parent Relationship": "Outer",
                                    "Parallel Aware": false,
                                    "Relation Name": "char_name",
                                    "Alias": "chn",
                                    "Startup Cost": 0.0,
                                    "Total Cost": 67850.52,
                                    "Plan Rows": 3140252,
                                    "Plan Width": 20,
                                    "Actual Startup Time": 0.047,
                                    "Actual Total Time": 675.381,
                                    "Actual Rows": 3140339,
                                    "Actual Loops": 1
                                  },
                                  {
                                    "Node Type": "Hash",
                                    "Parent Relationship": "Inner",
                                    "Parallel Aware": false,
                                    "Startup Cost": 94466.56,
                                    "Total Cost": 94466.56,
                                    "Plan Rows": 1,
                                    "Plan Width": 24,
                                    "Actual Startup Time": 333.862,
                                    "Actual Total Time": 334.013,
                                    "Actual Rows": 322,
                                    "Actual Loops": 1,
                                    "Hash Buckets": 1024,
                                    "Original Hash Buckets": 1024,
                                    "Hash Batches": 1,
                                    "Original Hash Batches": 1,
                                    "Peak Memory Usage": 26,
                                    "Plans": [
                                      {
                                        "Node Type": "Nested Loop",
                                        "Parent Relationship": "Outer",
                                        "Parallel Aware": false,
                                        "Join Type": "Inner",
                                        "Startup Cost": 1001.0,
                                        "Total Cost": 94466.56,
                                        "Plan Rows": 1,
                                        "Plan Width": 24,
                                        "Actual Startup Time": 135.82,
                                        "Actual Total Time": 333.864,
                                        "Actual Rows": 351,
                                        "Actual Loops": 1,
                                        "Inner Unique": false,
                                        "Join Filter": "(ci.role_id = rt.id)",
                                        "Rows Removed by Join Filter": 4,
                                        "Plans": [
                                          {
                                            "Node Type": "Seq Scan",
                                            "Parent Relationship": "Outer",
                                            "Parallel Aware": false,
                                            "Relation Name": "role_type",
                                            "Alias": "rt",
                                            "Startup Cost": 0.0,
                                            "Total Cost": 1.15,
                                            "Plan Rows": 1,
                                            "Plan Width": 4,
                                            "Actual Startup Time": 0.007,
                                            "Actual Total Time": 0.014,
                                            "Actual Rows": 1,
                                            "Actual Loops": 1,
                                            "Filter": "((role)::text = 'actress'::text)",
                                            "Rows Removed by Filter": 11
                                          },
                                          {
                                            "Node Type": "Gather",
                                            "Parent Relationship": "Inner",
                                            "Parallel Aware": false,
                                            "Startup Cost": 1001.0,
                                            "Total Cost": 94465.32,
                                            "Plan Rows": 7,
                                            "Plan Width": 28,
                                            "Actual Startup Time": 135.81,
                                            "Actual Total Time": 333.764,
                                            "Actual Rows": 355,
                                            "Actual Loops": 1,
                                            "Workers Planned": 4,
                                            "Workers Launched": 4,
                                            "Single Copy": false,
                                            "Plans": [
                                              {
                                                "Node Type": "Nested Loop",
                                                "Parent Relationship": "Outer",
                                                "Parallel Aware": false,
                                                "Join Type": "Inner",
                                                "Startup Cost": 0.99,
                                                "Total Cost": 93464.62,
                                                "Plan Rows": 2,
                                                "Plan Width": 28,
                                                "Actual Startup Time": 125.928,
                                                "Actual Total Time": 322.462,
                                                "Actual Rows": 71,
                                                "Actual Loops": 5,
                                                "Inner Unique": false,
                                                "Plans": [
                                                  {
                                                    "Node Type": "Nested Loop",
                                                    "Parent Relationship": "Outer",
                                                    "Parallel Aware": false,
                                                    "Join Type": "Inner",
                                                    "Startup Cost": 0.56,
                                                    "Total Cost": 93461.24,
                                                    "Plan Rows": 5,
                                                    "Plan Width": 20,
                                                    "Actual Startup Time": 124.441,
                                                    "Actual Total Time": 318.18,
                                                    "Actual Rows": 146,
                                                    "Actual Loops": 5,
                                                    "Inner Unique": false,
                                                    "Plans": [
                                                      {
                                                        "Node Type": "Seq Scan",
                                                        "Parent Relationship": "Outer",
                                                        "Parallel Aware": true,
                                                        "Relation Name": "name",
                                                        "Alias": "n",
                                                        "Startup Cost": 0.0,
                                                        "Total Cost": 71240.66,
                                                        "Plan Rows": 24,
                                                        "Plan Width": 4,
                                                        "Actual Startup Time": 120.054,
                                                        "Actual Total Time": 263.356,
                                                        "Actual Rows": 1354,
                                                        "Actual Loops": 5,
                                                        "Filter": "((name ~~ '%Ang%'::text) AND ((gender)::text = 'f'::text))",
                                                        "Rows Removed by Filter": 832145
                                                      },
                                                      {
                                                        "Node Type": "Index Scan",
                                                        "Parent Relationship": "Inner",
                                                        "Parallel Aware": false,
                                                        "Scan Direction": "Forward",
                                                        "Index Name": "person_id_cast_info",
                                                        "Relation Name": "cast_info",
                                                        "Alias": "ci",
                                                        "Startup Cost": 0.56,
                                                        "Total Cost": 925.73,
                                                        "Plan Rows": 13,
                                                        "Plan Width": 16,
                                                        "Actual Startup Time": 0.039,
                                                        "Actual Total Time": 0.04,
                                                        "Actual Rows": 0,
                                                        "Actual Loops": 6768,
                                                        "Index Cond": "(person_id = n.id)",
                                                        "Rows Removed by Index Recheck": 0,
                                                        "Filter": "(note = ANY ('{(voice),\"(voice: Japanese version)\",\"(voice) (uncredited)\",\"(voice: English version)\"}'::text[]))",
                                                        "Rows Removed by Filter": 8
                                                      }
                                                    ]
                                                  },
                                                  {
                                                    "Node Type": "Index Scan",
                                                    "Parent Relationship": "Inner",
                                                    "Parallel Aware": false,
                                                    "Scan Direction": "Forward",
                                                    "Index Name": "movie_id_movie_companies",
                                                    "Relation Name": "movie_companies",
                                                    "Alias": "mc",
                                                    "Startup Cost": 0.43,
                                                    "Total Cost": 0.67,
                                                    "Plan Rows": 1,
                                                    "Plan Width": 8,
                                                    "Actual Startup Time": 0.025,
                                                    "Actual Total Time": 0.029,
                                                    "Actual Rows": 0,
                                                    "Actual Loops": 728,
                                                    "Index Cond": "(movie_id = ci.movie_id)",
                                                    "Rows Removed by Index Recheck": 0,
                                                    "Filter": "((note IS NOT NULL) AND ((note ~~ '%(USA)%'::text) OR (note ~~ '%(worldwide)%'::text)))",
                                                    "Rows Removed by Filter": 2
                                                  }
                                                ]
                                              }
                                            ]
                                          }
                                        ]
                                      }
                                    ]
                                  }
                                ]
                              }
                            ]
                          }
                        ]
                      }
                    ]
                  }
                ]
              }
            ]
          }
        ]
      }
    ]
  },
  "Planning Time": 18.287,
  "Triggers": [],
  "Execution Time": 4789.34
}