{
  "Plan": {
    "Node Type": "Aggregate",
    "Strategy": "Plain",
    "Partial Mode": "Finalize",
    "Parallel Aware": false,
    "Startup Cost": 75014.82,
    "Total Cost": 75014.83,
    "Plan Rows": 1,
    "Plan Width": 8,
    "Actual Startup Time": 271.886,
    "Actual Total Time": 285.108,
    "Actual Rows": 1,
    "Actual Loops": 1,
    "Plans": [
      {
        "Node Type": "Gather",
        "Parent Relationship": "Outer",
        "Parallel Aware": false,
        "Startup Cost": 75014.71,
        "Total Cost": 75014.82,
        "Plan Rows": 1,
        "Plan Width": 8,
        "Actual Startup Time": 271.419,
        "Actual Total Time": 285.102,
        "Actual Rows": 2,
        "Actual Loops": 1,
        "Workers Planned": 1,
        "Workers Launched": 1,
        "Single Copy": false,
        "Plans": [
          {
            "Node Type": "Aggregate",
            "Strategy": "Plain",
            "Partial Mode": "Partial",
            "Parent Relationship": "Outer",
            "Parallel Aware": false,
            "Startup Cost": 74014.71,
            "Total Cost": 74014.72,
            "Plan Rows": 1,
            "Plan Width": 8,
            "Actual Startup Time": 265.973,
            "Actual Total Time": 265.976,
            "Actual Rows": 1,
            "Actual Loops": 2,
            "Plans": [
              {
                "Node Type": "Hash Join",
                "Parent Relationship": "Outer",
                "Parallel Aware": true,
                "Join Type": "Inner",
                "Startup Cost": 55708.63,
                "Total Cost": 73892.42,
                "Plan Rows": 48917,
                "Plan Width": 0,
                "Actual Startup Time": 159.175,
                "Actual Total Time": 264.435,
                "Actual Rows": 38358,
                "Actual Loops": 2,
                "Inner Unique": true,
                "Hash Cond": "(mi_idx.movie_id = t.id)",
                "Plans": [
                  {
                    "Node Type": "Seq Scan",
                    "Parent Relationship": "Outer",
                    "Parallel Aware": true,
                    "Relation Name": "movie_info_idx",
                    "Alias": "mi_idx",
                    "Startup Cost": 0.0,
                    "Total Cost": 16052.85,
                    "Plan Rows": 811785,
                    "Plan Width": 4,
                    "Actual Startup Time": 0.019,
                    "Actual Total Time": 46.759,
                    "Actual Rows": 690018,
                    "Actual Loops": 2
                  },
                  {
                    "Node Type": "Hash",
                    "Parent Relationship": "Inner",
                    "Parallel Aware": true,
                    "Startup Cost": 54588.39,
                    "Total Cost": 54588.39,
                    "Plan Rows": 89619,
                    "Plan Width": 4,
                    "Actual Startup Time": 152.132,
                    "Actual Total Time": 152.133,
                    "Actual Rows": 78748,
                    "Actual Loops": 2,
                    "Hash Buckets": 262144,
                    "Original Hash Buckets": 262144,
                    "Hash Batches": 1,
                    "Original Hash Batches": 1,
                    "Peak Memory Usage": 8224,
                    "Plans": [
                      {
                        "Node Type": "Seq Scan",
                        "Parent Relationship": "Outer",
                        "Parallel Aware": true,
                        "Relation Name": "title",
                        "Alias": "t",
                        "Startup Cost": 0.0,
                        "Total Cost": 54588.39,
                        "Plan Rows": 89619,
                        "Plan Width": 4,
                        "Actual Startup Time": 2.831,
                        "Actual Total Time": 134.876,
                        "Actual Rows": 78748,
                        "Actual Loops": 2,
                        "Filter": "(production_year < 1948)",
                        "Rows Removed by Filter": 1185408
                      }
                    ]
                  }
                ]
              }
            ]
          }
        ]
      }
    ]
  },
  "Planning Time": 0.355,
  "Triggers": [],
  "Execution Time": 285.166
}