[
  {
    "Plan": {
      "Node Type": "Aggregate",
      "Strategy": "Plain",
      "Partial Mode": "Finalize",
      "Parallel Aware": false,
      "Startup Cost": 30648.3,
      "Total Cost": 30648.31,
      "Plan Rows": 1,
      "Plan Width": 8,
      "Actual Startup Time": 83.533,
      "Actual Total Time": 91.272,
      "Actual Rows": 1,
      "Actual Loops": 1,
      "Plans": [
        {
          "Node Type": "Gather",
          "Parent Relationship": "Outer",
          "Parallel Aware": false,
          "Startup Cost": 30647.98,
          "Total Cost": 30648.29,
          "Plan Rows": 3,
          "Plan Width": 8,
          "Actual Startup Time": 83.421,
          "Actual Total Time": 91.265,
          "Actual Rows": 4,
          "Actual Loops": 1,
          "Workers Planned": 3,
          "Workers Launched": 3,
          "Single Copy": false,
          "Plans": [
            {
              "Node Type": "Aggregate",
              "Strategy": "Plain",
              "Partial Mode": "Partial",
              "Parent Relationship": "Outer",
              "Parallel Aware": false,
              "Startup Cost": 29647.98,
              "Total Cost": 29647.99,
              "Plan Rows": 1,
              "Plan Width": 8,
              "Actual Startup Time": 76.626,
              "Actual Total Time": 76.627,
              "Actual Rows": 1,
              "Actual Loops": 4,
              "Plans": [
                {
                  "Node Type": "Seq Scan",
                  "Parent Relationship": "Outer",
                  "Parallel Aware": true,
                  "Relation Name": "movie_companies",
                  "Alias": "mc",
                  "Startup Cost": 0.0,
                  "Total Cost": 29310.68,
                  "Plan Rows": 134921,
                  "Plan Width": 0,
                  "Actual Startup Time": 46.258,
                  "Actual Total Time": 72.198,
                  "Actual Rows": 106385,
                  "Actual Loops": 4,
                  "Filter": "(company_id > 79657)",
                  "Rows Removed by Filter": 545897
                }
              ]
            }
          ]
        }
      ]
    },
    "Planning Time": 0.236,
    "Triggers": [],
    "Execution Time": 91.328
  }
]