{
  "Plan": {
    "Node Type": "Aggregate",
    "Strategy": "Plain",
    "Partial Mode": "Finalize",
    "Parallel Aware": false,
    "Startup Cost": 113531.14,
    "Total Cost": 113531.15,
    "Plan Rows": 1,
    "Plan Width": 8,
    "Actual Startup Time": 736.561,
    "Actual Total Time": 758.29,
    "Actual Rows": 1,
    "Actual Loops": 1,
    "Plans": [
      {
        "Node Type": "Gather",
        "Parent Relationship": "Outer",
        "Parallel Aware": false,
        "Startup Cost": 113531.03,
        "Total Cost": 113531.14,
        "Plan Rows": 1,
        "Plan Width": 8,
        "Actual Startup Time": 730.067,
        "Actual Total Time": 758.281,
        "Actual Rows": 2,
        "Actual Loops": 1,
        "Workers Planned": 1,
        "Workers Launched": 1,
        "Single Copy": false,
        "Plans": [
          {
            "Node Type": "Aggregate",
            "Strategy": "Plain",
            "Partial Mode": "Partial",
            "Parent Relationship": "Outer",
            "Parallel Aware": false,
            "Startup Cost": 112531.03,
            "Total Cost": 112531.04,
            "Plan Rows": 1,
            "Plan Width": 8,
            "Actual Startup Time": 719.262,
            "Actual Total Time": 719.266,
            "Actual Rows": 1,
            "Actual Loops": 2,
            "Plans": [
              {
                "Node Type": "Hash Join",
                "Parent Relationship": "Outer",
                "Parallel Aware": true,
                "Join Type": "Inner",
                "Startup Cost": 81965.56,
                "Total Cost": 111664.16,
                "Plan Rows": 346750,
                "Plan Width": 0,
                "Actual Startup Time": 547.062,
                "Actual Total Time": 706.112,
                "Actual Rows": 301525,
                "Actual Loops": 2,
                "Inner Unique": true,
                "Hash Cond": "(mk.movie_id = t.id)",
                "Plans": [
                  {
                    "Node Type": "Bitmap Heap Scan",
                    "Parent Relationship": "Outer",
                    "Parallel Aware": true,
                    "Relation Name": "movie_keyword",
                    "Alias": "mk",
                    "Startup Cost": 12504.86,
                    "Total Cost": 41293.24,
                    "Plan Rows": 346750,
                    "Plan Width": 4,
                    "Actual Startup Time": 32.156,
                    "Actual Total Time": 101.361,
                    "Actual Rows": 301525,
                    "Actual Loops": 2,
                    "Recheck Cond": "(keyword_id < 449)",
                    "Rows Removed by Index Recheck": 0,
                    "Exact Heap Blocks": 13488,
                    "Lossy Heap Blocks": 0,
                    "Plans": [
                      {
                        "Node Type": "Bitmap Index Scan",
                        "Parent Relationship": "Outer",
                        "Parallel Aware": false,
                        "Index Name": "keyword_id_movie_keyword",
                        "Startup Cost": 0.0,
                        "Total Cost": 12357.5,
                        "Plan Rows": 589475,
                        "Plan Width": 0,
                        "Actual Startup Time": 28.608,
                        "Actual Total Time": 28.609,
                        "Actual Rows": 603050,
                        "Actual Loops": 1,
                        "Index Cond": "(keyword_id < 449)"
                      }
                    ]
                  },
                  {
                    "Node Type": "Hash",
                    "Parent Relationship": "Inner",
                    "Parallel Aware": true,
                    "Startup Cost": 50870.31,
                    "Total Cost": 50870.31,
                    "Plan Rows": 1487231,
                    "Plan Width": 4,
                    "Actual Startup Time": 493.782,
                    "Actual Total Time": 493.782,
                    "Actual Rows": 1264156,
                    "Actual Loops": 2,
                    "Hash Buckets": 4194304,
                    "Original Hash Buckets": 4194304,
                    "Hash Batches": 1,
                    "Original Hash Batches": 1,
                    "Peak Memory Usage": 131712,
                    "Plans": [
                      {
                        "Node Type": "Seq Scan",
                        "Parent Relationship": "Outer",
                        "Parallel Aware": true,
                        "Relation Name": "title",
                        "Alias": "t",
                        "Startup Cost": 0.0,
                        "Total Cost": 50870.31,
                        "Plan Rows": 1487231,
                        "Plan Width": 4,
                        "Actual Startup Time": 0.031,
                        "Actual Total Time": 150.516,
                        "Actual Rows": 1264156,
                        "Actual Loops": 2
                      }
                    ]
                  }
                ]
              }
            ]
          }
        ]
      }
    ]
  },
  "Planning Time": 0.641,
  "Triggers": [],
  "Execution Time": 758.376
}