{
  "Plan": {
    "Node Type": "Aggregate",
    "Strategy": "Plain",
    "Partial Mode": "Finalize",
    "Parallel Aware": false,
    "Startup Cost": 654588.53,
    "Total Cost": 654588.54,
    "Plan Rows": 1,
    "Plan Width": 8,
    "Actual Startup Time": 2388.675,
    "Actual Total Time": 2438.525,
    "Actual Rows": 1,
    "Actual Loops": 1,
    "Plans": [
      {
        "Node Type": "Gather",
        "Parent Relationship": "Outer",
        "Parallel Aware": false,
        "Startup Cost": 654588.42,
        "Total Cost": 654588.53,
        "Plan Rows": 1,
        "Plan Width": 8,
        "Actual Startup Time": 2388.206,
        "Actual Total Time": 2438.515,
        "Actual Rows": 2,
        "Actual Loops": 1,
        "Workers Planned": 1,
        "Workers Launched": 1,
        "Single Copy": false,
        "Plans": [
          {
            "Node Type": "Aggregate",
            "Strategy": "Plain",
            "Partial Mode": "Partial",
            "Parent Relationship": "Outer",
            "Parallel Aware": false,
            "Startup Cost": 653588.42,
            "Total Cost": 653588.43,
            "Plan Rows": 1,
            "Plan Width": 8,
            "Actual Startup Time": 2382.458,
            "Actual Total Time": 2382.462,
            "Actual Rows": 1,
            "Actual Loops": 2,
            "Plans": [
              {
                "Node Type": "Hash Join",
                "Parent Relationship": "Outer",
                "Parallel Aware": true,
                "Join Type": "Inner",
                "Startup Cost": 58980.72,
                "Total Cost": 652845.13,
                "Plan Rows": 297313,
                "Plan Width": 0,
                "Actual Startup Time": 443.701,
                "Actual Total Time": 2370.336,
                "Actual Rows": 267637,
                "Actual Loops": 2,
                "Inner Unique": true,
                "Hash Cond": "(ci.movie_id = t.id)",
                "Plans": [
                  {
                    "Node Type": "Seq Scan",
                    "Parent Relationship": "Outer",
                    "Parallel Aware": true,
                    "Relation Name": "cast_info",
                    "Alias": "ci",
                    "Startup Cost": 0.0,
                    "Total Cost": 572345.93,
                    "Plan Rows": 8197506,
                    "Plan Width": 4,
                    "Actual Startup Time": 285.965,
                    "Actual Total Time": 1571.442,
                    "Actual Rows": 6171215,
                    "Actual Loops": 2,
                    "Filter": "((person_id > 1060759) AND (role_id < 3))",
                    "Rows Removed by Filter": 11950957
                  },
                  {
                    "Node Type": "Hash",
                    "Parent Relationship": "Inner",
                    "Parallel Aware": true,
                    "Startup Cost": 58306.47,
                    "Total Cost": 58306.47,
                    "Plan Rows": 53940,
                    "Plan Width": 4,
                    "Actual Startup Time": 155.182,
                    "Actual Total Time": 155.183,
                    "Actual Rows": 50896,
                    "Actual Loops": 2,
                    "Hash Buckets": 131072,
                    "Original Hash Buckets": 131072,
                    "Hash Batches": 1,
                    "Original Hash Batches": 1,
                    "Peak Memory Usage": 5024,
                    "Plans": [
                      {
                        "Node Type": "Seq Scan",
                        "Parent Relationship": "Outer",
                        "Parallel Aware": true,
                        "Relation Name": "title",
                        "Alias": "t",
                        "Startup Cost": 0.0,
                        "Total Cost": 58306.47,
                        "Plan Rows": 53940,
                        "Plan Width": 4,
                        "Actual Startup Time": 0.052,
                        "Actual Total Time": 140.773,
                        "Actual Rows": 50896,
                        "Actual Loops": 2,
                        "Filter": "((kind_id > 1) AND (production_year = 2007))",
                        "Rows Removed by Filter": 1213260
                      }
                    ]
                  }
                ]
              }
            ]
          }
        ]
      }
    ]
  },
  "Planning Time": 0.539,
  "Triggers": [],
  "Execution Time": 2438.614
}