[
  {
    "Plan": {
      "Node Type": "Aggregate",
      "Strategy": "Plain",
      "Partial Mode": "Finalize",
      "Parallel Aware": false,
      "Startup Cost": 333170.71,
      "Total Cost": 333170.72,
      "Plan Rows": 1,
      "Plan Width": 8,
      "Actual Startup Time": 5033.28,
      "Actual Total Time": 5082.479,
      "Actual Rows": 1,
      "Actual Loops": 1,
      "Plans": [
        {
          "Node Type": "Gather",
          "Parent Relationship": "Outer",
          "Parallel Aware": false,
          "Startup Cost": 333170.19,
          "Total Cost": 333170.7,
          "Plan Rows": 5,
          "Plan Width": 8,
          "Actual Startup Time": 4988.409,
          "Actual Total Time": 5082.466,
          "Actual Rows": 6,
          "Actual Loops": 1,
          "Workers Planned": 5,
          "Workers Launched": 5,
          "Single Copy": false,
          "Plans": [
            {
              "Node Type": "Aggregate",
              "Strategy": "Plain",
              "Partial Mode": "Partial",
              "Parent Relationship": "Outer",
              "Parallel Aware": false,
              "Startup Cost": 332170.19,
              "Total Cost": 332170.2,
              "Plan Rows": 1,
              "Plan Width": 8,
              "Actual Startup Time": 4963.35,
              "Actual Total Time": 4963.357,
              "Actual Rows": 1,
              "Actual Loops": 6,
              "Plans": [
                {
                  "Node Type": "Hash Join",
                  "Parent Relationship": "Outer",
                  "Parallel Aware": true,
                  "Join Type": "Inner",
                  "Startup Cost": 108558.69,
                  "Total Cost": 323017.15,
                  "Plan Rows": 3661217,
                  "Plan Width": 0,
                  "Actual Startup Time": 595.616,
                  "Actual Total Time": 3670.174,
                  "Actual Rows": 32968696,
                  "Actual Loops": 6,
                  "Inner Unique": false,
                  "Hash Cond": "(mi.movie_id = t.id)",
                  "Plans": [
                    {
                      "Node Type": "Seq Scan",
                      "Parent Relationship": "Outer",
                      "Parallel Aware": true,
                      "Relation Name": "movie_info",
                      "Alias": "mi",
                      "Startup Cost": 0.0,
                      "Total Cost": 191560.33,
                      "Plan Rows": 2956733,
                      "Plan Width": 4,
                      "Actual Startup Time": 0.048,
                      "Actual Total Time": 287.83,
                      "Actual Rows": 2472620,
                      "Actual Loops": 6
                    },
                    {
                      "Node Type": "Hash",
                      "Parent Relationship": "Inner",
                      "Parallel Aware": true,
                      "Startup Cost": 95934.92,
                      "Total Cost": 95934.92,
                      "Plan Rows": 1009902,
                      "Plan Width": 8,
                      "Actual Startup Time": 586.858,
                      "Actual Total Time": 586.863,
                      "Actual Rows": 621374,
                      "Actual Loops": 6,
                      "Hash Buckets": 4194304,
                      "Original Hash Buckets": 4194304,
                      "Hash Batches": 1,
                      "Original Hash Batches": 1,
                      "Peak Memory Usage": 178720,
                      "Plans": [
                        {
                          "Node Type": "Hash Join",
                          "Parent Relationship": "Outer",
                          "Parallel Aware": true,
                          "Join Type": "Inner",
                          "Startup Cost": 49499.24,
                          "Total Cost": 95934.92,
                          "Plan Rows": 1009902,
                          "Plan Width": 8,
                          "Actual Startup Time": 211.142,
                          "Actual Total Time": 426.416,
                          "Actual Rows": 621374,
                          "Actual Loops": 6,
                          "Inner Unique": true,
                          "Hash Cond": "(mk.movie_id = t.id)",
                          "Plans": [
                            {
                              "Node Type": "Seq Scan",
                              "Parent Relationship": "Outer",
                              "Parallel Aware": true,
                              "Relation Name": "movie_keyword",
                              "Alias": "mk",
                              "Startup Cost": 0.0,
                              "Total Cost": 42695.65,
                              "Plan Rows": 1424766,
                              "Plan Width": 4,
                              "Actual Startup Time": 0.034,
                              "Actual Total Time": 90.297,
                              "Actual Rows": 736252,
                              "Actual Loops": 6,
                              "Filter": "(keyword_id < 80869)",
                              "Rows Removed by Filter": 17737
                            },
                            {
                              "Node Type": "Hash",
                              "Parent Relationship": "Inner",
                              "Parallel Aware": true,
                              "Startup Cost": 43898.92,
                              "Total Cost": 43898.92,
                              "Plan Rows": 448026,
                              "Plan Width": 4,
                              "Actual Startup Time": 208.877,
                              "Actual Total Time": 208.879,
                              "Actual Rows": 299026,
                              "Actual Loops": 6,
                              "Hash Buckets": 2097152,
                              "Original Hash Buckets": 2097152,
                              "Hash Batches": 1,
                              "Original Hash Batches": 1,
                              "Peak Memory Usage": 86656,
                              "Plans": [
                                {
                                  "Node Type": "Seq Scan",
                                  "Parent Relationship": "Outer",
                                  "Parallel Aware": true,
                                  "Relation Name": "title",
                                  "Alias": "t",
                                  "Startup Cost": 0.0,
                                  "Total Cost": 43898.92,
                                  "Plan Rows": 448026,
                                  "Plan Width": 4,
                                  "Actual Startup Time": 0.042,
                                  "Actual Total Time": 86.746,
                                  "Actual Rows": 299026,
                                  "Actual Loops": 6,
                                  "Filter": "(production_year < 2009)",
                                  "Rows Removed by Filter": 122360
                                }
                              ]
                            }
                          ]
                        }
                      ]
                    }
                  ]
                }
              ]
            }
          ]
        }
      ]
    },
    "Planning Time": 1.388,
    "Triggers": [],
    "Execution Time": 5082.568
  }
]