[
  {
    "Plan": {
      "Node Type": "Aggregate",
      "Strategy": "Plain",
      "Partial Mode": "Finalize",
      "Parallel Aware": false,
      "Startup Cost": 28522.29,
      "Total Cost": 28522.3,
      "Plan Rows": 1,
      "Plan Width": 8,
      "Actual Startup Time": 22.097,
      "Actual Total Time": 26.37,
      "Actual Rows": 1,
      "Actual Loops": 1,
      "Plans": [
        {
          "Node Type": "Gather",
          "Parent Relationship": "Outer",
          "Parallel Aware": false,
          "Startup Cost": 28521.97,
          "Total Cost": 28522.28,
          "Plan Rows": 3,
          "Plan Width": 8,
          "Actual Startup Time": 21.923,
          "Actual Total Time": 26.364,
          "Actual Rows": 4,
          "Actual Loops": 1,
          "Workers Planned": 3,
          "Workers Launched": 3,
          "Single Copy": false,
          "Plans": [
            {
              "Node Type": "Aggregate",
              "Strategy": "Plain",
              "Partial Mode": "Partial",
              "Parent Relationship": "Outer",
              "Parallel Aware": false,
              "Startup Cost": 27521.97,
              "Total Cost": 27521.98,
              "Plan Rows": 1,
              "Plan Width": 8,
              "Actual Startup Time": 17.137,
              "Actual Total Time": 17.138,
              "Actual Rows": 1,
              "Actual Loops": 4,
              "Plans": [
                {
                  "Node Type": "Nested Loop",
                  "Parent Relationship": "Outer",
                  "Parallel Aware": false,
                  "Join Type": "Inner",
                  "Startup Cost": 234.34,
                  "Total Cost": 27521.73,
                  "Plan Rows": 97,
                  "Plan Width": 0,
                  "Actual Startup Time": 2.282,
                  "Actual Total Time": 17.101,
                  "Actual Rows": 223,
                  "Actual Loops": 4,
                  "Inner Unique": false,
                  "Plans": [
                    {
                      "Node Type": "Bitmap Heap Scan",
                      "Parent Relationship": "Outer",
                      "Parallel Aware": true,
                      "Relation Name": "title",
                      "Alias": "t",
                      "Startup Cost": 233.91,
                      "Total Cost": 26050.23,
                      "Plan Rows": 179,
                      "Plan Width": 4,
                      "Actual Startup Time": 1.913,
                      "Actual Total Time": 15.247,
                      "Actual Rows": 112,
                      "Actual Loops": 4,
                      "Recheck Cond": "(kind_id = 6)",
                      "Rows Removed by Index Recheck": 0,
                      "Filter": "(production_year = 2006)",
                      "Rows Removed by Filter": 3038,
                      "Exact Heap Blocks": 5125,
                      "Lossy Heap Blocks": 0,
                      "Plans": [
                        {
                          "Node Type": "Bitmap Index Scan",
                          "Parent Relationship": "Outer",
                          "Parallel Aware": false,
                          "Index Name": "kind_id_title",
                          "Startup Cost": 0.0,
                          "Total Cost": 233.77,
                          "Plan Rows": 12979,
                          "Plan Width": 0,
                          "Actual Startup Time": 3.488,
                          "Actual Total Time": 3.489,
                          "Actual Rows": 12600,
                          "Actual Loops": 1,
                          "Index Cond": "(kind_id = 6)"
                        }
                      ]
                    },
                    {
                      "Node Type": "Index Only Scan",
                      "Parent Relationship": "Inner",
                      "Parallel Aware": false,
                      "Scan Direction": "Forward",
                      "Index Name": "movie_id_movie_info_idx",
                      "Relation Name": "movie_info_idx",
                      "Alias": "mi_idx",
                      "Startup Cost": 0.43,
                      "Total Cost": 8.19,
                      "Plan Rows": 3,
                      "Plan Width": 4,
                      "Actual Startup Time": 0.015,
                      "Actual Total Time": 0.016,
                      "Actual Rows": 2,
                      "Actual Loops": 447,
                      "Index Cond": "(movie_id = t.id)",
                      "Rows Removed by Index Recheck": 0,
                      "Heap Fetches": 891
                    }
                  ]
                }
              ]
            }
          ]
        }
      ]
    },
    "Planning Time": 0.314,
    "Triggers": [],
    "Execution Time": 26.413
  }
]