[
  {
    "Plan": {
      "Node Type": "Aggregate",
      "Strategy": "Plain",
      "Partial Mode": "Finalize",
      "Parallel Aware": false,
      "Startup Cost": 28668.5,
      "Total Cost": 28668.51,
      "Plan Rows": 1,
      "Plan Width": 8,
      "Actual Startup Time": 35.39,
      "Actual Total Time": 40.296,
      "Actual Rows": 1,
      "Actual Loops": 1,
      "Plans": [
        {
          "Node Type": "Gather",
          "Parent Relationship": "Outer",
          "Parallel Aware": false,
          "Startup Cost": 28668.19,
          "Total Cost": 28668.5,
          "Plan Rows": 3,
          "Plan Width": 8,
          "Actual Startup Time": 35.147,
          "Actual Total Time": 40.289,
          "Actual Rows": 4,
          "Actual Loops": 1,
          "Workers Planned": 3,
          "Workers Launched": 3,
          "Single Copy": false,
          "Plans": [
            {
              "Node Type": "Aggregate",
              "Strategy": "Plain",
              "Partial Mode": "Partial",
              "Parent Relationship": "Outer",
              "Parallel Aware": false,
              "Startup Cost": 27668.19,
              "Total Cost": 27668.2,
              "Plan Rows": 1,
              "Plan Width": 8,
              "Actual Startup Time": 25.87,
              "Actual Total Time": 25.871,
              "Actual Rows": 1,
              "Actual Loops": 4,
              "Plans": [
                {
                  "Node Type": "Nested Loop",
                  "Parent Relationship": "Outer",
                  "Parallel Aware": false,
                  "Join Type": "Inner",
                  "Startup Cost": 234.97,
                  "Total Cost": 27667.93,
                  "Plan Rows": 102,
                  "Plan Width": 0,
                  "Actual Startup Time": 7.091,
                  "Actual Total Time": 25.824,
                  "Actual Rows": 223,
                  "Actual Loops": 4,
                  "Inner Unique": false,
                  "Plans": [
                    {
                      "Node Type": "Bitmap Heap Scan",
                      "Parent Relationship": "Outer",
                      "Parallel Aware": true,
                      "Relation Name": "title",
                      "Alias": "t",
                      "Startup Cost": 234.55,
                      "Total Cost": 26141.84,
                      "Plan Rows": 186,
                      "Plan Width": 4,
                      "Actual Startup Time": 6.838,
                      "Actual Total Time": 23.314,
                      "Actual Rows": 112,
                      "Actual Loops": 4,
                      "Recheck Cond": "(kind_id = 6)",
                      "Rows Removed by Index Recheck": 0,
                      "Filter": "(production_year = 2006)",
                      "Rows Removed by Filter": 3038,
                      "Exact Heap Blocks": 5818,
                      "Lossy Heap Blocks": 0,
                      "Plans": [
                        {
                          "Node Type": "Bitmap Index Scan",
                          "Parent Relationship": "Outer",
                          "Parallel Aware": false,
                          "Index Name": "kind_id_title",
                          "Startup Cost": 0.0,
                          "Total Cost": 234.4,
                          "Plan Rows": 13063,
                          "Plan Width": 0,
                          "Actual Startup Time": 9.792,
                          "Actual Total Time": 9.792,
                          "Actual Rows": 12600,
                          "Actual Loops": 1,
                          "Index Cond": "(kind_id = 6)"
                        }
                      ]
                    },
                    {
                      "Node Type": "Index Only Scan",
                      "Parent Relationship": "Inner",
                      "Parallel Aware": false,
                      "Scan Direction": "Forward",
                      "Index Name": "movie_id_movie_info_idx",
                      "Relation Name": "movie_info_idx",
                      "Alias": "mi_idx",
                      "Startup Cost": 0.43,
                      "Total Cost": 8.17,
                      "Plan Rows": 3,
                      "Plan Width": 4,
                      "Actual Startup Time": 0.02,
                      "Actual Total Time": 0.021,
                      "Actual Rows": 2,
                      "Actual Loops": 447,
                      "Index Cond": "(movie_id = t.id)",
                      "Rows Removed by Index Recheck": 0,
                      "Heap Fetches": 891
                    }
                  ]
                }
              ]
            }
          ]
        }
      ]
    },
    "Planning Time": 0.632,
    "Triggers": [],
    "Execution Time": 40.386
  }
]