{
  "Plan": {
    "Node Type": "Aggregate",
    "Strategy": "Plain",
    "Partial Mode": "Finalize",
    "Parallel Aware": false,
    "Startup Cost": 118544.83,
    "Total Cost": 118544.84,
    "Plan Rows": 1,
    "Plan Width": 8,
    "Actual Startup Time": 587.421,
    "Actual Total Time": 606.805,
    "Actual Rows": 1,
    "Actual Loops": 1,
    "Plans": [
      {
        "Node Type": "Gather",
        "Parent Relationship": "Outer",
        "Parallel Aware": false,
        "Startup Cost": 118544.71,
        "Total Cost": 118544.82,
        "Plan Rows": 1,
        "Plan Width": 8,
        "Actual Startup Time": 586.928,
        "Actual Total Time": 606.797,
        "Actual Rows": 2,
        "Actual Loops": 1,
        "Workers Planned": 1,
        "Workers Launched": 1,
        "Single Copy": false,
        "Plans": [
          {
            "Node Type": "Aggregate",
            "Strategy": "Plain",
            "Partial Mode": "Partial",
            "Parent Relationship": "Outer",
            "Parallel Aware": false,
            "Startup Cost": 117544.71,
            "Total Cost": 117544.72,
            "Plan Rows": 1,
            "Plan Width": 8,
            "Actual Startup Time": 581.667,
            "Actual Total Time": 581.671,
            "Actual Rows": 1,
            "Actual Loops": 2,
            "Plans": [
              {
                "Node Type": "Hash Join",
                "Parent Relationship": "Outer",
                "Parallel Aware": true,
                "Join Type": "Inner",
                "Startup Cost": 59180.93,
                "Total Cost": 117231.77,
                "Plan Rows": 125176,
                "Plan Width": 0,
                "Actual Startup Time": 185.541,
                "Actual Total Time": 579.843,
                "Actual Rows": 34862,
                "Actual Loops": 2,
                "Inner Unique": true,
                "Hash Cond": "(mk.movie_id = t.id)",
                "Plans": [
                  {
                    "Node Type": "Seq Scan",
                    "Parent Relationship": "Outer",
                    "Parallel Aware": true,
                    "Relation Name": "movie_keyword",
                    "Alias": "mk",
                    "Startup Cost": 0.0,
                    "Total Cost": 51065.35,
                    "Plan Rows": 2661135,
                    "Plan Width": 4,
                    "Actual Startup Time": 0.011,
                    "Actual Total Time": 187.745,
                    "Actual Rows": 2261965,
                    "Actual Loops": 2
                  },
                  {
                    "Node Type": "Hash",
                    "Parent Relationship": "Inner",
                    "Parallel Aware": true,
                    "Startup Cost": 58306.47,
                    "Total Cost": 58306.47,
                    "Plan Rows": 69957,
                    "Plan Width": 4,
                    "Actual Startup Time": 183.823,
                    "Actual Total Time": 183.824,
                    "Actual Rows": 61303,
                    "Actual Loops": 2,
                    "Hash Buckets": 131072,
                    "Original Hash Buckets": 131072,
                    "Hash Batches": 1,
                    "Original Hash Batches": 1,
                    "Peak Memory Usage": 5856,
                    "Plans": [
                      {
                        "Node Type": "Seq Scan",
                        "Parent Relationship": "Outer",
                        "Parallel Aware": true,
                        "Relation Name": "title",
                        "Alias": "t",
                        "Startup Cost": 0.0,
                        "Total Cost": 58306.47,
                        "Plan Rows": 69957,
                        "Plan Width": 4,
                        "Actual Startup Time": 0.033,
                        "Actual Total Time": 165.423,
                        "Actual Rows": 61303,
                        "Actual Loops": 2,
                        "Filter": "((kind_id > 1) AND (production_year = 2011))",
                        "Rows Removed by Filter": 1202853
                      }
                    ]
                  }
                ]
              }
            ]
          }
        ]
      }
    ]
  },
  "Planning Time": 0.289,
  "Triggers": [],
  "Execution Time": 606.858
}