[
  {
    "Plan": {
      "Node Type": "Aggregate",
      "Strategy": "Plain",
      "Partial Mode": "Finalize",
      "Parallel Aware": false,
      "Startup Cost": 74896.84,
      "Total Cost": 74896.85,
      "Plan Rows": 1,
      "Plan Width": 8,
      "Actual Startup Time": 325.888,
      "Actual Total Time": 350.4,
      "Actual Rows": 1,
      "Actual Loops": 1,
      "Plans": [
        {
          "Node Type": "Gather",
          "Parent Relationship": "Outer",
          "Parallel Aware": false,
          "Startup Cost": 74896.52,
          "Total Cost": 74896.83,
          "Plan Rows": 3,
          "Plan Width": 8,
          "Actual Startup Time": 324.459,
          "Actual Total Time": 350.389,
          "Actual Rows": 4,
          "Actual Loops": 1,
          "Workers Planned": 3,
          "Workers Launched": 3,
          "Single Copy": false,
          "Plans": [
            {
              "Node Type": "Aggregate",
              "Strategy": "Plain",
              "Partial Mode": "Partial",
              "Parent Relationship": "Outer",
              "Parallel Aware": false,
              "Startup Cost": 73896.52,
              "Total Cost": 73896.53,
              "Plan Rows": 1,
              "Plan Width": 8,
              "Actual Startup Time": 315.66,
              "Actual Total Time": 315.664,
              "Actual Rows": 1,
              "Actual Loops": 4,
              "Plans": [
                {
                  "Node Type": "Hash Join",
                  "Parent Relationship": "Outer",
                  "Parallel Aware": true,
                  "Join Type": "Inner",
                  "Startup Cost": 44358.38,
                  "Total Cost": 73774.27,
                  "Plan Rows": 48900,
                  "Plan Width": 0,
                  "Actual Startup Time": 131.632,
                  "Actual Total Time": 310.581,
                  "Actual Rows": 84780,
                  "Actual Loops": 4,
                  "Inner Unique": true,
                  "Hash Cond": "(mc.movie_id = t.id)",
                  "Plans": [
                    {
                      "Node Type": "Seq Scan",
                      "Parent Relationship": "Outer",
                      "Parallel Aware": true,
                      "Relation Name": "movie_companies",
                      "Alias": "mc",
                      "Startup Cost": 0.0,
                      "Total Cost": 27206.55,
                      "Plan Rows": 841655,
                      "Plan Width": 4,
                      "Actual Startup Time": 0.009,
                      "Actual Total Time": 73.534,
                      "Actual Rows": 652282,
                      "Actual Loops": 4
                    },
                    {
                      "Node Type": "Hash",
                      "Parent Relationship": "Inner",
                      "Parallel Aware": true,
                      "Startup Cost": 43899.32,
                      "Total Cost": 43899.32,
                      "Plan Rows": 36725,
                      "Plan Width": 4,
                      "Actual Startup Time": 127.881,
                      "Actual Total Time": 127.883,
                      "Actual Rows": 40084,
                      "Actual Loops": 4,
                      "Hash Buckets": 262144,
                      "Original Hash Buckets": 262144,
                      "Hash Batches": 1,
                      "Original Hash Batches": 1,
                      "Peak Memory Usage": 8384,
                      "Plans": [
                        {
                          "Node Type": "Seq Scan",
                          "Parent Relationship": "Outer",
                          "Parallel Aware": true,
                          "Relation Name": "title",
                          "Alias": "t",
                          "Startup Cost": 0.0,
                          "Total Cost": 43899.32,
                          "Plan Rows": 36725,
                          "Plan Width": 4,
                          "Actual Startup Time": 1.089,
                          "Actual Total Time": 112.502,
                          "Actual Rows": 40084,
                          "Actual Loops": 4,
                          "Filter": "(production_year < 1949)",
                          "Rows Removed by Filter": 591994
                        }
                      ]
                    }
                  ]
                }
              ]
            }
          ]
        }
      ]
    },
    "Planning Time": 0.423,
    "Triggers": [],
    "Execution Time": 350.455
  }
]