[
  {
    "Plan": {
      "Node Type": "Aggregate",
      "Strategy": "Plain",
      "Partial Mode": "Finalize",
      "Parallel Aware": false,
      "Startup Cost": 96182.99,
      "Total Cost": 96183.0,
      "Plan Rows": 1,
      "Plan Width": 8,
      "Actual Startup Time": 397.105,
      "Actual Total Time": 414.838,
      "Actual Rows": 1,
      "Actual Loops": 1,
      "Plans": [
        {
          "Node Type": "Gather",
          "Parent Relationship": "Outer",
          "Parallel Aware": false,
          "Startup Cost": 96182.67,
          "Total Cost": 96182.98,
          "Plan Rows": 3,
          "Plan Width": 8,
          "Actual Startup Time": 392.03,
          "Actual Total Time": 414.828,
          "Actual Rows": 4,
          "Actual Loops": 1,
          "Workers Planned": 3,
          "Workers Launched": 3,
          "Single Copy": false,
          "Plans": [
            {
              "Node Type": "Aggregate",
              "Strategy": "Plain",
              "Partial Mode": "Partial",
              "Parent Relationship": "Outer",
              "Parallel Aware": false,
              "Startup Cost": 95182.67,
              "Total Cost": 95182.68,
              "Plan Rows": 1,
              "Plan Width": 8,
              "Actual Startup Time": 388.349,
              "Actual Total Time": 388.467,
              "Actual Rows": 1,
              "Actual Loops": 4,
              "Plans": [
                {
                  "Node Type": "Hash Join",
                  "Parent Relationship": "Outer",
                  "Parallel Aware": true,
                  "Join Type": "Inner",
                  "Startup Cost": 64120.45,
                  "Total Cost": 94920.37,
                  "Plan Rows": 104922,
                  "Plan Width": 0,
                  "Actual Startup Time": 253.731,
                  "Actual Total Time": 383.818,
                  "Actual Rows": 113686,
                  "Actual Loops": 4,
                  "Inner Unique": false,
                  "Hash Cond": "(mc.movie_id = t.id)",
                  "Plans": [
                    {
                      "Node Type": "Seq Scan",
                      "Parent Relationship": "Outer",
                      "Parallel Aware": true,
                      "Relation Name": "movie_companies",
                      "Alias": "mc",
                      "Startup Cost": 0.0,
                      "Total Cost": 27206.55,
                      "Plan Rows": 841655,
                      "Plan Width": 4,
                      "Actual Startup Time": 0.011,
                      "Actual Total Time": 55.828,
                      "Actual Rows": 652282,
                      "Actual Loops": 4
                    },
                    {
                      "Node Type": "Hash",
                      "Parent Relationship": "Inner",
                      "Parallel Aware": true,
                      "Startup Cost": 62478.8,
                      "Total Cost": 62478.8,
                      "Plan Rows": 131332,
                      "Plan Width": 8,
                      "Actual Startup Time": 251.938,
                      "Actual Total Time": 252.054,
                      "Actual Rows": 45383,
                      "Actual Loops": 4,
                      "Hash Buckets": 524288,
                      "Original Hash Buckets": 524288,
                      "Hash Batches": 1,
                      "Original Hash Batches": 1,
                      "Peak Memory Usage": 11232,
                      "Plans": [
                        {
                          "Node Type": "Hash Join",
                          "Parent Relationship": "Outer",
                          "Parallel Aware": true,
                          "Join Type": "Inner",
                          "Startup Cost": 47284.24,
                          "Total Cost": 62478.8,
                          "Plan Rows": 131332,
                          "Plan Width": 8,
                          "Actual Startup Time": 156.849,
                          "Actual Total Time": 238.747,
                          "Actual Rows": 45383,
                          "Actual Loops": 4,
                          "Inner Unique": true,
                          "Hash Cond": "(mi_idx.movie_id = t.id)",
                          "Plans": [
                            {
                              "Node Type": "Seq Scan",
                              "Parent Relationship": "Outer",
                              "Parallel Aware": true,
                              "Relation Name": "movie_info_idx",
                              "Alias": "mi_idx",
                              "Startup Cost": 0.0,
                              "Total Cost": 13685.15,
                              "Plan Rows": 575015,
                              "Plan Width": 4,
                              "Actual Startup Time": 0.013,
                              "Actual Total Time": 30.335,
                              "Actual Rows": 345009,
                              "Actual Loops": 4
                            },
                            {
                              "Node Type": "Hash",
                              "Parent Relationship": "Inner",
                              "Parallel Aware": true,
                              "Startup Cost": 45479.59,
                              "Total Cost": 45479.59,
                              "Plan Rows": 144372,
                              "Plan Width": 4,
                              "Actual Startup Time": 154.62,
                              "Actual Total Time": 154.621,
                              "Actual Rows": 150633,
                              "Actual Loops": 4,
                              "Hash Buckets": 1048576,
                              "Original Hash Buckets": 1048576,
                              "Hash Batches": 1,
                              "Original Hash Batches": 1,
                              "Peak Memory Usage": 31840,
                              "Plans": [
                                {
                                  "Node Type": "Seq Scan",
                                  "Parent Relationship": "Outer",
                                  "Parallel Aware": true,
                                  "Relation Name": "title",
                                  "Alias": "t",
                                  "Startup Cost": 0.0,
                                  "Total Cost": 45479.59,
                                  "Plan Rows": 144372,
                                  "Plan Width": 4,
                                  "Actual Startup Time": 0.028,
                                  "Actual Total Time": 96.514,
                                  "Actual Rows": 150633,
                                  "Actual Loops": 4,
                                  "Filter": "((kind_id > 1) AND (production_year > 2007))",
                                  "Rows Removed by Filter": 481445
                                }
                              ]
                            }
                          ]
                        }
                      ]
                    }
                  ]
                }
              ]
            }
          ]
        }
      ]
    },
    "Planning Time": 0.855,
    "Triggers": [],
    "Execution Time": 414.886
  }
]