{
  "Plan": {
    "Node Type": "Aggregate",
    "Strategy": "Plain",
    "Partial Mode": "Finalize",
    "Parallel Aware": false,
    "Startup Cost": 181335.28,
    "Total Cost": 181335.29,
    "Plan Rows": 1,
    "Plan Width": 8,
    "Actual Startup Time": 1682.559,
    "Actual Total Time": 1702.951,
    "Actual Rows": 1,
    "Actual Loops": 1,
    "Plans": [
      {
        "Node Type": "Gather",
        "Parent Relationship": "Outer",
        "Parallel Aware": false,
        "Startup Cost": 181335.17,
        "Total Cost": 181335.28,
        "Plan Rows": 1,
        "Plan Width": 8,
        "Actual Startup Time": 1679.262,
        "Actual Total Time": 1702.944,
        "Actual Rows": 2,
        "Actual Loops": 1,
        "Workers Planned": 1,
        "Workers Launched": 1,
        "Single Copy": false,
        "Plans": [
          {
            "Node Type": "Aggregate",
            "Strategy": "Plain",
            "Partial Mode": "Partial",
            "Parent Relationship": "Outer",
            "Parallel Aware": false,
            "Startup Cost": 180335.17,
            "Total Cost": 180335.18,
            "Plan Rows": 1,
            "Plan Width": 8,
            "Actual Startup Time": 1672.881,
            "Actual Total Time": 1672.886,
            "Actual Rows": 1,
            "Actual Loops": 2,
            "Plans": [
              {
                "Node Type": "Hash Join",
                "Parent Relationship": "Outer",
                "Parallel Aware": true,
                "Join Type": "Inner",
                "Startup Cost": 111635.78,
                "Total Cost": 179270.56,
                "Plan Rows": 425844,
                "Plan Width": 0,
                "Actual Startup Time": 739.441,
                "Actual Total Time": 1457.535,
                "Actual Rows": 5589479,
                "Actual Loops": 2,
                "Inner Unique": false,
                "Hash Cond": "(mk.movie_id = t.id)",
                "Plans": [
                  {
                    "Node Type": "Seq Scan",
                    "Parent Relationship": "Outer",
                    "Parallel Aware": true,
                    "Relation Name": "movie_keyword",
                    "Alias": "mk",
                    "Startup Cost": 0.0,
                    "Total Cost": 57718.19,
                    "Plan Rows": 1976436,
                    "Plan Width": 4,
                    "Actual Startup Time": 0.1,
                    "Actual Total Time": 196.894,
                    "Actual Rows": 1674974,
                    "Actual Loops": 2,
                    "Filter": "(keyword_id > 1382)",
                    "Rows Removed by Filter": 586990
                  },
                  {
                    "Node Type": "Hash",
                    "Parent Relationship": "Inner",
                    "Parallel Aware": true,
                    "Startup Cost": 107630.29,
                    "Total Cost": 107630.29,
                    "Plan Rows": 320439,
                    "Plan Width": 8,
                    "Actual Startup Time": 730.085,
                    "Actual Total Time": 730.089,
                    "Actual Rows": 377176,
                    "Actual Loops": 2,
                    "Hash Buckets": 1048576,
                    "Original Hash Buckets": 1048576,
                    "Hash Batches": 1,
                    "Original Hash Batches": 1,
                    "Peak Memory Usage": 37728,
                    "Plans": [
                      {
                        "Node Type": "Hash Join",
                        "Parent Relationship": "Outer",
                        "Parallel Aware": true,
                        "Join Type": "Inner",
                        "Startup Cost": 45579.84,
                        "Total Cost": 107630.29,
                        "Plan Rows": 320439,
                        "Plan Width": 8,
                        "Actual Startup Time": 207.866,
                        "Actual Total Time": 634.089,
                        "Actual Rows": 377176,
                        "Actual Loops": 2,
                        "Inner Unique": false,
                        "Hash Cond": "(t.id = mc.movie_id)",
                        "Plans": [
                          {
                            "Node Type": "Seq Scan",
                            "Parent Relationship": "Outer",
                            "Parallel Aware": true,
                            "Relation Name": "title",
                            "Alias": "t",
                            "Startup Cost": 0.0,
                            "Total Cost": 50870.31,
                            "Plan Rows": 1487231,
                            "Plan Width": 4,
                            "Actual Startup Time": 0.011,
                            "Actual Total Time": 120.961,
                            "Actual Rows": 1264156,
                            "Actual Loops": 2
                          },
                          {
                            "Node Type": "Hash",
                            "Parent Relationship": "Inner",
                            "Parallel Aware": true,
                            "Startup Cost": 41574.35,
                            "Total Cost": 41574.35,
                            "Plan Rows": 320439,
                            "Plan Width": 4,
                            "Actual Startup Time": 202.501,
                            "Actual Total Time": 202.502,
                            "Actual Rows": 377176,
                            "Actual Loops": 2,
                            "Hash Buckets": 1048576,
                            "Original Hash Buckets": 1048576,
                            "Hash Batches": 1,
                            "Original Hash Batches": 1,
                            "Peak Memory Usage": 37728,
                            "Plans": [
                              {
                                "Node Type": "Index Scan",
                                "Parent Relationship": "Outer",
                                "Parallel Aware": true,
                                "Scan Direction": "Forward",
                                "Index Name": "company_type_id_movie_companies",
                                "Relation Name": "movie_companies",
                                "Alias": "mc",
                                "Startup Cost": 0.43,
                                "Total Cost": 41574.35,
                                "Plan Rows": 320439,
                                "Plan Width": 4,
                                "Actual Startup Time": 0.116,
                                "Actual Total Time": 119.012,
                                "Actual Rows": 377176,
                                "Actual Loops": 2,
                                "Index Cond": "(company_type_id < 2)",
                                "Rows Removed by Index Recheck": 0,
                                "Filter": "(company_id < 7642)",
                                "Rows Removed by Filter": 259947
                              }
                            ]
                          }
                        ]
                      }
                    ]
                  }
                ]
              }
            ]
          }
        ]
      }
    ]
  },
  "Planning Time": 1.145,
  "Triggers": [],
  "Execution Time": 1703.048
}