[
  {
    "Plan": {
      "Node Type": "Aggregate",
      "Strategy": "Plain",
      "Partial Mode": "Finalize",
      "Parallel Aware": false,
      "Startup Cost": 31079.73,
      "Total Cost": 31079.74,
      "Plan Rows": 1,
      "Plan Width": 8,
      "Actual Startup Time": 94.112,
      "Actual Total Time": 101.361,
      "Actual Rows": 1,
      "Actual Loops": 1,
      "Plans": [
        {
          "Node Type": "Gather",
          "Parent Relationship": "Outer",
          "Parallel Aware": false,
          "Startup Cost": 31079.42,
          "Total Cost": 31079.73,
          "Plan Rows": 3,
          "Plan Width": 8,
          "Actual Startup Time": 93.846,
          "Actual Total Time": 101.351,
          "Actual Rows": 4,
          "Actual Loops": 1,
          "Workers Planned": 3,
          "Workers Launched": 3,
          "Single Copy": false,
          "Plans": [
            {
              "Node Type": "Aggregate",
              "Strategy": "Plain",
              "Partial Mode": "Partial",
              "Parent Relationship": "Outer",
              "Parallel Aware": false,
              "Startup Cost": 30079.42,
              "Total Cost": 30079.43,
              "Plan Rows": 1,
              "Plan Width": 8,
              "Actual Startup Time": 85.191,
              "Actual Total Time": 85.192,
              "Actual Rows": 1,
              "Actual Loops": 4,
              "Plans": [
                {
                  "Node Type": "Bitmap Heap Scan",
                  "Parent Relationship": "Outer",
                  "Parallel Aware": true,
                  "Relation Name": "movie_companies",
                  "Alias": "mc",
                  "Startup Cost": 9082.15,
                  "Total Cost": 29912.05,
                  "Plan Rows": 66945,
                  "Plan Width": 0,
                  "Actual Startup Time": 26.954,
                  "Actual Total Time": 79.463,
                  "Actual Rows": 80506,
                  "Actual Loops": 4,
                  "Recheck Cond": "(company_id < 295)",
                  "Rows Removed by Index Recheck": 0,
                  "Filter": "(company_type_id < 2)",
                  "Rows Removed by Filter": 24676,
                  "Exact Heap Blocks": 9182,
                  "Lossy Heap Blocks": 0,
                  "Plans": [
                    {
                      "Node Type": "Bitmap Index Scan",
                      "Parent Relationship": "Outer",
                      "Parallel Aware": false,
                      "Index Name": "company_id_movie_companies",
                      "Startup Cost": 0.0,
                      "Total Cost": 9030.27,
                      "Plan Rows": 421579,
                      "Plan Width": 0,
                      "Actual Startup Time": 31.672,
                      "Actual Total Time": 31.673,
                      "Actual Rows": 420728,
                      "Actual Loops": 1,
                      "Index Cond": "(company_id < 295)"
                    }
                  ]
                }
              ]
            }
          ]
        }
      ]
    },
    "Planning Time": 0.212,
    "Triggers": [],
    "Execution Time": 101.447
  }
]