[
  {
    "Plan": {
      "Node Type": "Aggregate",
      "Strategy": "Plain",
      "Partial Mode": "Finalize",
      "Parallel Aware": false,
      "Startup Cost": 296541.01,
      "Total Cost": 296541.02,
      "Plan Rows": 1,
      "Plan Width": 8,
      "Actual Startup Time": 1507.052,
      "Actual Total Time": 1562.041,
      "Actual Rows": 1,
      "Actual Loops": 1,
      "Plans": [
        {
          "Node Type": "Gather",
          "Parent Relationship": "Outer",
          "Parallel Aware": false,
          "Startup Cost": 296540.69,
          "Total Cost": 296541.0,
          "Plan Rows": 3,
          "Plan Width": 8,
          "Actual Startup Time": 1499.006,
          "Actual Total Time": 1562.029,
          "Actual Rows": 4,
          "Actual Loops": 1,
          "Workers Planned": 3,
          "Workers Launched": 3,
          "Single Copy": false,
          "Plans": [
            {
              "Node Type": "Aggregate",
              "Strategy": "Plain",
              "Partial Mode": "Partial",
              "Parent Relationship": "Outer",
              "Parallel Aware": false,
              "Startup Cost": 295540.69,
              "Total Cost": 295540.7,
              "Plan Rows": 1,
              "Plan Width": 8,
              "Actual Startup Time": 1489.918,
              "Actual Total Time": 1490.275,
              "Actual Rows": 1,
              "Actual Loops": 4,
              "Plans": [
                {
                  "Node Type": "Hash Join",
                  "Parent Relationship": "Outer",
                  "Parallel Aware": true,
                  "Join Type": "Inner",
                  "Startup Cost": 248903.33,
                  "Total Cost": 294364.28,
                  "Plan Rows": 470566,
                  "Plan Width": 0,
                  "Actual Startup Time": 1020.101,
                  "Actual Total Time": 1397.596,
                  "Actual Rows": 2166505,
                  "Actual Loops": 4,
                  "Inner Unique": false,
                  "Hash Cond": "(mk.movie_id = t.id)",
                  "Plans": [
                    {
                      "Node Type": "Seq Scan",
                      "Parent Relationship": "Outer",
                      "Parallel Aware": true,
                      "Relation Name": "movie_keyword",
                      "Alias": "mk",
                      "Startup Cost": 0.0,
                      "Total Cost": 39047.32,
                      "Plan Rows": 1459332,
                      "Plan Width": 4,
                      "Actual Startup Time": 0.022,
                      "Actual Total Time": 94.001,
                      "Actual Rows": 1130982,
                      "Actual Loops": 4
                    },
                    {
                      "Node Type": "Hash",
                      "Parent Relationship": "Inner",
                      "Parallel Aware": true,
                      "Startup Cost": 246865.19,
                      "Total Cost": 246865.19,
                      "Plan Rows": 163051,
                      "Plan Width": 8,
                      "Actual Startup Time": 1014.686,
                      "Actual Total Time": 1015.041,
                      "Actual Rows": 307653,
                      "Actual Loops": 4,
                      "Hash Buckets": 2097152,
                      "Original Hash Buckets": 1048576,
                      "Hash Batches": 1,
                      "Original Hash Batches": 1,
                      "Peak Memory Usage": 72800,
                      "Plans": [
                        {
                          "Node Type": "Hash Join",
                          "Parent Relationship": "Outer",
                          "Parallel Aware": true,
                          "Join Type": "Inner",
                          "Startup Cost": 45101.84,
                          "Total Cost": 246865.19,
                          "Plan Rows": 163051,
                          "Plan Width": 8,
                          "Actual Startup Time": 149.089,
                          "Actual Total Time": 871.658,
                          "Actual Rows": 307653,
                          "Actual Loops": 4,
                          "Inner Unique": true,
                          "Hash Cond": "(mi.movie_id = t.id)",
                          "Plans": [
                            {
                              "Node Type": "Seq Scan",
                              "Parent Relationship": "Outer",
                              "Parallel Aware": true,
                              "Relation Name": "movie_info",
                              "Alias": "mi",
                              "Startup Cost": 0.0,
                              "Total Cost": 198952.16,
                              "Plan Rows": 1070929,
                              "Plan Width": 4,
                              "Actual Startup Time": 0.031,
                              "Actual Total Time": 437.646,
                              "Actual Rows": 1352630,
                              "Actual Loops": 4,
                              "Filter": "(info_type_id < 6)",
                              "Rows Removed by Filter": 2356300
                            },
                            {
                              "Node Type": "Hash",
                              "Parent Relationship": "Inner",
                              "Parallel Aware": true,
                              "Startup Cost": 43898.92,
                              "Total Cost": 43898.92,
                              "Plan Rows": 96234,
                              "Plan Width": 4,
                              "Actual Startup Time": 145.978,
                              "Actual Total Time": 145.979,
                              "Actual Rows": 98968,
                              "Actual Loops": 4,
                              "Hash Buckets": 524288,
                              "Original Hash Buckets": 524288,
                              "Hash Batches": 1,
                              "Original Hash Batches": 1,
                              "Peak Memory Usage": 19648,
                              "Plans": [
                                {
                                  "Node Type": "Seq Scan",
                                  "Parent Relationship": "Outer",
                                  "Parallel Aware": true,
                                  "Relation Name": "title",
                                  "Alias": "t",
                                  "Startup Cost": 0.0,
                                  "Total Cost": 43898.92,
                                  "Plan Rows": 96234,
                                  "Plan Width": 4,
                                  "Actual Startup Time": 0.039,
                                  "Actual Total Time": 104.596,
                                  "Actual Rows": 98968,
                                  "Actual Loops": 4,
                                  "Filter": "(production_year < 1972)",
                                  "Rows Removed by Filter": 533110
                                }
                              ]
                            }
                          ]
                        }
                      ]
                    }
                  ]
                }
              ]
            }
          ]
        }
      ]
    },
    "Planning Time": 1.455,
    "Triggers": [],
    "Execution Time": 1562.138
  }
]