[
  {
    "Plan": {
      "Node Type": "Aggregate",
      "Strategy": "Plain",
      "Partial Mode": "Finalize",
      "Parallel Aware": false,
      "Startup Cost": 127683.42,
      "Total Cost": 127683.43,
      "Plan Rows": 1,
      "Plan Width": 8,
      "Actual Startup Time": 529.152,
      "Actual Total Time": 550.064,
      "Actual Rows": 1,
      "Actual Loops": 1,
      "Plans": [
        {
          "Node Type": "Gather",
          "Parent Relationship": "Outer",
          "Parallel Aware": false,
          "Startup Cost": 127683.1,
          "Total Cost": 127683.41,
          "Plan Rows": 3,
          "Plan Width": 8,
          "Actual Startup Time": 525.665,
          "Actual Total Time": 550.052,
          "Actual Rows": 4,
          "Actual Loops": 1,
          "Workers Planned": 3,
          "Workers Launched": 3,
          "Single Copy": false,
          "Plans": [
            {
              "Node Type": "Aggregate",
              "Strategy": "Plain",
              "Partial Mode": "Partial",
              "Parent Relationship": "Outer",
              "Parallel Aware": false,
              "Startup Cost": 126683.1,
              "Total Cost": 126683.11,
              "Plan Rows": 1,
              "Plan Width": 8,
              "Actual Startup Time": 516.406,
              "Actual Total Time": 516.573,
              "Actual Rows": 1,
              "Actual Loops": 4,
              "Plans": [
                {
                  "Node Type": "Hash Join",
                  "Parent Relationship": "Outer",
                  "Parallel Aware": true,
                  "Join Type": "Inner",
                  "Startup Cost": 82188.85,
                  "Total Cost": 126500.39,
                  "Plan Rows": 73086,
                  "Plan Width": 0,
                  "Actual Startup Time": 374.959,
                  "Actual Total Time": 514.407,
                  "Actual Rows": 43578,
                  "Actual Loops": 4,
                  "Inner Unique": false,
                  "Hash Cond": "(mk.movie_id = t.id)",
                  "Plans": [
                    {
                      "Node Type": "Seq Scan",
                      "Parent Relationship": "Outer",
                      "Parallel Aware": true,
                      "Relation Name": "movie_keyword",
                      "Alias": "mk",
                      "Startup Cost": 0.0,
                      "Total Cost": 42695.65,
                      "Plan Rows": 382177,
                      "Plan Width": 4,
                      "Actual Startup Time": 1.228,
                      "Actual Total Time": 99.252,
                      "Actual Rows": 297100,
                      "Actual Loops": 4,
                      "Filter": "(keyword_id > 15579)",
                      "Rows Removed by Filter": 833883
                    },
                    {
                      "Node Type": "Hash",
                      "Parent Relationship": "Inner",
                      "Parallel Aware": true,
                      "Startup Cost": 80677.9,
                      "Total Cost": 80677.9,
                      "Plan Rows": 120876,
                      "Plan Width": 8,
                      "Actual Startup Time": 370.344,
                      "Actual Total Time": 370.51,
                      "Actual Rows": 81082,
                      "Actual Loops": 4,
                      "Hash Buckets": 524288,
                      "Original Hash Buckets": 524288,
                      "Hash Batches": 1,
                      "Original Hash Batches": 1,
                      "Peak Memory Usage": 16832,
                      "Plans": [
                        {
                          "Node Type": "Hash Join",
                          "Parent Relationship": "Outer",
                          "Parallel Aware": true,
                          "Join Type": "Inner",
                          "Startup Cost": 34057.77,
                          "Total Cost": 80677.9,
                          "Plan Rows": 120876,
                          "Plan Width": 8,
                          "Actual Startup Time": 134.417,
                          "Actual Total Time": 340.807,
                          "Actual Rows": 81082,
                          "Actual Loops": 4,
                          "Inner Unique": false,
                          "Hash Cond": "(t.id = mc.movie_id)",
                          "Plans": [
                            {
                              "Node Type": "Seq Scan",
                              "Parent Relationship": "Outer",
                              "Parallel Aware": true,
                              "Relation Name": "title",
                              "Alias": "t",
                              "Startup Cost": 0.0,
                              "Total Cost": 43898.92,
                              "Plan Rows": 466259,
                              "Plan Width": 4,
                              "Actual Startup Time": 0.017,
                              "Actual Total Time": 96.162,
                              "Actual Rows": 466372,
                              "Actual Loops": 4,
                              "Filter": "(kind_id > 1)",
                              "Rows Removed by Filter": 165706
                            },
                            {
                              "Node Type": "Hash",
                              "Parent Relationship": "Inner",
                              "Parallel Aware": true,
                              "Startup Cost": 31414.82,
                              "Total Cost": 31414.82,
                              "Plan Rows": 211436,
                              "Plan Width": 4,
                              "Actual Startup Time": 131.125,
                              "Actual Total Time": 131.129,
                              "Actual Rows": 104895,
                              "Actual Loops": 4,
                              "Hash Buckets": 1048576,
                              "Original Hash Buckets": 1048576,
                              "Hash Batches": 1,
                              "Original Hash Batches": 1,
                              "Peak Memory Usage": 24672,
                              "Plans": [
                                {
                                  "Node Type": "Seq Scan",
                                  "Parent Relationship": "Outer",
                                  "Parallel Aware": true,
                                  "Relation Name": "movie_companies",
                                  "Alias": "mc",
                                  "Startup Cost": 0.0,
                                  "Total Cost": 31414.82,
                                  "Plan Rows": 211436,
                                  "Plan Width": 4,
                                  "Actual Startup Time": 53.362,
                                  "Actual Total Time": 88.946,
                                  "Actual Rows": 104895,
                                  "Actual Loops": 4,
                                  "Filter": "((company_id < 11241) AND (company_type_id = 2))",
                                  "Rows Removed by Filter": 547388
                                }
                              ]
                            }
                          ]
                        }
                      ]
                    }
                  ]
                }
              ]
            }
          ]
        }
      ]
    },
    "Planning Time": 1.425,
    "Triggers": [],
    "Execution Time": 550.145
  }
]