[
  {
    "Plan": {
      "Node Type": "Aggregate",
      "Strategy": "Plain",
      "Partial Mode": "Finalize",
      "Parallel Aware": false,
      "Startup Cost": 335128.77,
      "Total Cost": 335128.78,
      "Plan Rows": 1,
      "Plan Width": 8,
      "Actual Startup Time": 753.779,
      "Actual Total Time": 813.909,
      "Actual Rows": 1,
      "Actual Loops": 1,
      "Plans": [
        {
          "Node Type": "Gather",
          "Parent Relationship": "Outer",
          "Parallel Aware": false,
          "Startup Cost": 335128.15,
          "Total Cost": 335128.76,
          "Plan Rows": 6,
          "Plan Width": 8,
          "Actual Startup Time": 753.674,
          "Actual Total Time": 813.898,
          "Actual Rows": 7,
          "Actual Loops": 1,
          "Workers Planned": 6,
          "Workers Launched": 6,
          "Single Copy": false,
          "Plans": [
            {
              "Node Type": "Aggregate",
              "Strategy": "Plain",
              "Partial Mode": "Partial",
              "Parent Relationship": "Outer",
              "Parallel Aware": false,
              "Startup Cost": 334128.15,
              "Total Cost": 334128.16,
              "Plan Rows": 1,
              "Plan Width": 8,
              "Actual Startup Time": 742.95,
              "Actual Total Time": 742.951,
              "Actual Rows": 1,
              "Actual Loops": 7,
              "Plans": [
                {
                  "Node Type": "Seq Scan",
                  "Parent Relationship": "Outer",
                  "Parallel Aware": true,
                  "Relation Name": "cast_info",
                  "Alias": "ci",
                  "Startup Cost": 0.0,
                  "Total Cost": 328162.03,
                  "Plan Rows": 2386448,
                  "Plan Width": 0,
                  "Actual Startup Time": 0.056,
                  "Actual Total Time": 638.014,
                  "Actual Rows": 2046030,
                  "Actual Loops": 7,
                  "Filter": "(person_id < 1410205)",
                  "Rows Removed by Filter": 3131734
                }
              ]
            }
          ]
        }
      ]
    },
    "Planning Time": 0.171,
    "Triggers": [],
    "Execution Time": 813.984
  }
]