[
  {
    "Plan": {
      "Node Type": "Aggregate",
      "Strategy": "Plain",
      "Partial Mode": "Finalize",
      "Parallel Aware": false,
      "Startup Cost": 46821.64,
      "Total Cost": 46821.65,
      "Plan Rows": 1,
      "Plan Width": 8,
      "Actual Startup Time": 98.703,
      "Actual Total Time": 113.704,
      "Actual Rows": 1,
      "Actual Loops": 1,
      "Plans": [
        {
          "Node Type": "Gather",
          "Parent Relationship": "Outer",
          "Parallel Aware": false,
          "Startup Cost": 46821.22,
          "Total Cost": 46821.63,
          "Plan Rows": 4,
          "Plan Width": 8,
          "Actual Startup Time": 98.586,
          "Actual Total Time": 113.696,
          "Actual Rows": 5,
          "Actual Loops": 1,
          "Workers Planned": 4,
          "Workers Launched": 4,
          "Single Copy": false,
          "Plans": [
            {
              "Node Type": "Aggregate",
              "Strategy": "Plain",
              "Partial Mode": "Partial",
              "Parent Relationship": "Outer",
              "Parallel Aware": false,
              "Startup Cost": 45821.22,
              "Total Cost": 45821.23,
              "Plan Rows": 1,
              "Plan Width": 8,
              "Actual Startup Time": 88.864,
              "Actual Total Time": 88.865,
              "Actual Rows": 1,
              "Actual Loops": 5,
              "Plans": [
                {
                  "Node Type": "Nested Loop",
                  "Parent Relationship": "Outer",
                  "Parallel Aware": false,
                  "Join Type": "Inner",
                  "Startup Cost": 0.43,
                  "Total Cost": 45821.2,
                  "Plan Rows": 7,
                  "Plan Width": 0,
                  "Actual Startup Time": 60.671,
                  "Actual Total Time": 88.821,
                  "Actual Rows": 296,
                  "Actual Loops": 5,
                  "Inner Unique": false,
                  "Plans": [
                    {
                      "Node Type": "Seq Scan",
                      "Parent Relationship": "Outer",
                      "Parallel Aware": true,
                      "Relation Name": "title",
                      "Alias": "t",
                      "Startup Cost": 0.0,
                      "Total Cost": 45479.1,
                      "Plan Rows": 2,
                      "Plan Width": 4,
                      "Actual Startup Time": 60.564,
                      "Actual Total Time": 84.104,
                      "Actual Rows": 86,
                      "Actual Loops": 5,
                      "Filter": "((production_year > 2014) AND (kind_id = 1))",
                      "Rows Removed by Filter": 505577
                    },
                    {
                      "Node Type": "Index Scan",
                      "Parent Relationship": "Inner",
                      "Parallel Aware": false,
                      "Scan Direction": "Forward",
                      "Index Name": "movie_id_movie_info",
                      "Relation Name": "movie_info",
                      "Alias": "mi",
                      "Startup Cost": 0.43,
                      "Total Cost": 170.77,
                      "Plan Rows": 28,
                      "Plan Width": 4,
                      "Actual Startup Time": 0.031,
                      "Actual Total Time": 0.054,
                      "Actual Rows": 3,
                      "Actual Loops": 428,
                      "Index Cond": "(movie_id = t.id)",
                      "Rows Removed by Index Recheck": 0,
                      "Filter": "(info_type_id > 4)",
                      "Rows Removed by Filter": 3
                    }
                  ]
                }
              ]
            }
          ]
        }
      ]
    },
    "Planning Time": 0.616,
    "Triggers": [],
    "Execution Time": 113.774
  }
]