[
    {
        "Bao": {
            "Bao prediction": "NaN",
            "Bao recommended hint": "(no hint)"
        }
    },
    {
        "Plan": {
            "Node Type": "Aggregate",
            "Strategy": "Plain",
            "Partial Mode": "Simple",
            "Parallel Aware": false,
            "Startup Cost": 26972.52,
            "Total Cost": 26972.53,
            "Plan Rows": 1,
            "Plan Width": 8,
            "Actual Startup Time": 24.591,
            "Actual Total Time": 24.593,
            "Actual Rows": 1,
            "Actual Loops": 1,
            "Output": [
                "count(*)"
            ],
            "Plans": [
                {
                    "Node Type": "Bitmap Heap Scan",
                    "Parent Relationship": "Outer",
                    "Parallel Aware": false,
                    "Relation Name": "movie_keyword",
                    "Schema": "public",
                    "Alias": "mk",
                    "Startup Cost": 754.75,
                    "Total Cost": 26884.03,
                    "Plan Rows": 35396,
                    "Plan Width": 0,
                    "Actual Startup Time": 5.166,
                    "Actual Total Time": 22.639,
                    "Actual Rows": 32639,
                    "Actual Loops": 1,
                    "Recheck Cond": "(mk.keyword_id > 108871)",
                    "Rows Removed by Index Recheck": 0,
                    "Exact Heap Blocks": 9120,
                    "Lossy Heap Blocks": 0,
                    "Plans": [
                        {
                            "Node Type": "Bitmap Index Scan",
                            "Parent Relationship": "Outer",
                            "Parallel Aware": false,
                            "Index Name": "keyword_id_movie_keyword",
                            "Startup Cost": 0.0,
                            "Total Cost": 745.9,
                            "Plan Rows": 35396,
                            "Plan Width": 0,
                            "Actual Startup Time": 3.2,
                            "Actual Total Time": 3.2,
                            "Actual Rows": 32639,
                            "Actual Loops": 1,
                            "Index Cond": "(mk.keyword_id > 108871)"
                        }
                    ]
                }
            ]
        },
        "Planning Time": 228.694,
        "Triggers": [],
        "Execution Time": 24.636
    }
]