[
  {
    "Plan": {
      "Node Type": "Aggregate",
      "Strategy": "Plain",
      "Partial Mode": "Finalize",
      "Parallel Aware": false,
      "Startup Cost": 207029.9,
      "Total Cost": 207029.91,
      "Plan Rows": 1,
      "Plan Width": 8,
      "Actual Startup Time": 523.121,
      "Actual Total Time": 557.896,
      "Actual Rows": 1,
      "Actual Loops": 1,
      "Plans": [
        {
          "Node Type": "Gather",
          "Parent Relationship": "Outer",
          "Parallel Aware": false,
          "Startup Cost": 207029.38,
          "Total Cost": 207029.89,
          "Plan Rows": 5,
          "Plan Width": 8,
          "Actual Startup Time": 522.965,
          "Actual Total Time": 557.886,
          "Actual Rows": 6,
          "Actual Loops": 1,
          "Workers Planned": 5,
          "Workers Launched": 5,
          "Single Copy": false,
          "Plans": [
            {
              "Node Type": "Aggregate",
              "Strategy": "Plain",
              "Partial Mode": "Partial",
              "Parent Relationship": "Outer",
              "Parallel Aware": false,
              "Startup Cost": 206029.38,
              "Total Cost": 206029.39,
              "Plan Rows": 1,
              "Plan Width": 8,
              "Actual Startup Time": 516.07,
              "Actual Total Time": 516.071,
              "Actual Rows": 1,
              "Actual Loops": 6,
              "Plans": [
                {
                  "Node Type": "Seq Scan",
                  "Parent Relationship": "Outer",
                  "Parallel Aware": true,
                  "Relation Name": "movie_info",
                  "Alias": "mi",
                  "Startup Cost": 0.0,
                  "Total Cost": 199108.24,
                  "Plan Rows": 2768454,
                  "Plan Width": 0,
                  "Actual Startup Time": 0.045,
                  "Actual Total Time": 399.891,
                  "Actual Rows": 2305888,
                  "Actual Loops": 6,
                  "Filter": "(info_type_id < 89)",
                  "Rows Removed by Filter": 166732
                }
              ]
            }
          ]
        }
      ]
    },
    "Planning Time": 0.217,
    "Triggers": [],
    "Execution Time": 557.959
  }
]