[
  {
    "Plan": {
      "Node Type": "Aggregate",
      "Strategy": "Plain",
      "Partial Mode": "Finalize",
      "Parallel Aware": false,
      "Startup Cost": 9782.16,
      "Total Cost": 9782.17,
      "Plan Rows": 1,
      "Plan Width": 8,
      "Actual Startup Time": 43.139,
      "Actual Total Time": 45.657,
      "Actual Rows": 1,
      "Actual Loops": 1,
      "Plans": [
        {
          "Node Type": "Gather",
          "Parent Relationship": "Outer",
          "Parallel Aware": false,
          "Startup Cost": 9781.84,
          "Total Cost": 9782.15,
          "Plan Rows": 3,
          "Plan Width": 8,
          "Actual Startup Time": 42.927,
          "Actual Total Time": 45.61,
          "Actual Rows": 4,
          "Actual Loops": 1,
          "Workers Planned": 3,
          "Workers Launched": 3,
          "Single Copy": false,
          "Plans": [
            {
              "Node Type": "Aggregate",
              "Strategy": "Plain",
              "Partial Mode": "Partial",
              "Parent Relationship": "Outer",
              "Parallel Aware": false,
              "Startup Cost": 8781.84,
              "Total Cost": 8781.85,
              "Plan Rows": 1,
              "Plan Width": 8,
              "Actual Startup Time": 35.397,
              "Actual Total Time": 35.398,
              "Actual Rows": 1,
              "Actual Loops": 4,
              "Plans": [
                {
                  "Node Type": "Index Scan",
                  "Parent Relationship": "Outer",
                  "Parallel Aware": true,
                  "Scan Direction": "Forward",
                  "Index Name": "role_id_cast_info",
                  "Relation Name": "cast_info",
                  "Alias": "ci",
                  "Startup Cost": 0.56,
                  "Total Cost": 8600.37,
                  "Plan Rows": 72587,
                  "Plan Width": 0,
                  "Actual Startup Time": 0.116,
                  "Actual Total Time": 29.347,
                  "Actual Rows": 69896,
                  "Actual Loops": 4,
                  "Index Cond": "(role_id > 10)",
                  "Rows Removed by Index Recheck": 0,
                  "Filter": "(person_id > 889699)",
                  "Rows Removed by Filter": 9134
                }
              ]
            }
          ]
        }
      ]
    },
    "Planning Time": 0.228,
    "Triggers": [],
    "Execution Time": 45.767
  }
]