[
  {
    "Plan": {
      "Node Type": "Aggregate",
      "Strategy": "Plain",
      "Partial Mode": "Finalize",
      "Parallel Aware": false,
      "Startup Cost": 97401.54,
      "Total Cost": 97401.55,
      "Plan Rows": 1,
      "Plan Width": 8,
      "Actual Startup Time": 761.931,
      "Actual Total Time": 777.949,
      "Actual Rows": 1,
      "Actual Loops": 1,
      "Plans": [
        {
          "Node Type": "Gather",
          "Parent Relationship": "Outer",
          "Parallel Aware": false,
          "Startup Cost": 97401.32,
          "Total Cost": 97401.53,
          "Plan Rows": 2,
          "Plan Width": 8,
          "Actual Startup Time": 757.513,
          "Actual Total Time": 777.939,
          "Actual Rows": 3,
          "Actual Loops": 1,
          "Workers Planned": 2,
          "Workers Launched": 2,
          "Single Copy": false,
          "Plans": [
            {
              "Node Type": "Aggregate",
              "Strategy": "Plain",
              "Partial Mode": "Partial",
              "Parent Relationship": "Outer",
              "Parallel Aware": false,
              "Startup Cost": 96401.32,
              "Total Cost": 96401.33,
              "Plan Rows": 1,
              "Plan Width": 8,
              "Actual Startup Time": 749.834,
              "Actual Total Time": 749.839,
              "Actual Rows": 1,
              "Actual Loops": 3,
              "Plans": [
                {
                  "Node Type": "Hash Join",
                  "Parent Relationship": "Outer",
                  "Parallel Aware": true,
                  "Join Type": "Inner",
                  "Startup Cost": 79838.89,
                  "Total Cost": 96040.83,
                  "Plan Rows": 144195,
                  "Plan Width": 0,
                  "Actual Startup Time": 595.24,
                  "Actual Total Time": 734.84,
                  "Actual Rows": 330596,
                  "Actual Loops": 3,
                  "Inner Unique": false,
                  "Hash Cond": "(mi_idx.movie_id = t.id)",
                  "Plans": [
                    {
                      "Node Type": "Seq Scan",
                      "Parent Relationship": "Outer",
                      "Parallel Aware": true,
                      "Relation Name": "movie_info_idx",
                      "Alias": "mi_idx",
                      "Startup Cost": 0.0,
                      "Total Cost": 13685.15,
                      "Plan Rows": 575015,
                      "Plan Width": 4,
                      "Actual Startup Time": 0.046,
                      "Actual Total Time": 38.878,
                      "Actual Rows": 460012,
                      "Actual Loops": 3
                    },
                    {
                      "Node Type": "Hash",
                      "Parent Relationship": "Inner",
                      "Parallel Aware": true,
                      "Startup Cost": 77857.59,
                      "Total Cost": 77857.59,
                      "Plan Rows": 158504,
                      "Plan Width": 8,
                      "Actual Startup Time": 588.597,
                      "Actual Total Time": 588.6,
                      "Actual Rows": 209936,
                      "Actual Loops": 3,
                      "Hash Buckets": 1048576,
                      "Original Hash Buckets": 1048576,
                      "Hash Batches": 1,
                      "Original Hash Batches": 1,
                      "Peak Memory Usage": 32864,
                      "Plans": [
                        {
                          "Node Type": "Hash Join",
                          "Parent Relationship": "Outer",
                          "Parallel Aware": true,
                          "Join Type": "Inner",
                          "Startup Cost": 31867.19,
                          "Total Cost": 77857.59,
                          "Plan Rows": 158504,
                          "Plan Width": 8,
                          "Actual Startup Time": 176.81,
                          "Actual Total Time": 519.25,
                          "Actual Rows": 209936,
                          "Actual Loops": 3,
                          "Inner Unique": false,
                          "Hash Cond": "(t.id = mc.movie_id)",
                          "Plans": [
                            {
                              "Node Type": "Seq Scan",
                              "Parent Relationship": "Outer",
                              "Parallel Aware": true,
                              "Relation Name": "title",
                              "Alias": "t",
                              "Startup Cost": 0.0,
                              "Total Cost": 42318.73,
                              "Plan Rows": 632073,
                              "Plan Width": 4,
                              "Actual Startup Time": 0.012,
                              "Actual Total Time": 100.527,
                              "Actual Rows": 842771,
                              "Actual Loops": 3
                            },
                            {
                              "Node Type": "Hash",
                              "Parent Relationship": "Inner",
                              "Parallel Aware": true,
                              "Startup Cost": 29310.68,
                              "Total Cost": 29310.68,
                              "Plan Rows": 204521,
                              "Plan Width": 4,
                              "Actual Startup Time": 173.167,
                              "Actual Total Time": 173.168,
                              "Actual Rows": 209936,
                              "Actual Loops": 3,
                              "Hash Buckets": 1048576,
                              "Original Hash Buckets": 1048576,
                              "Hash Batches": 1,
                              "Original Hash Batches": 1,
                              "Peak Memory Usage": 32896,
                              "Plans": [
                                {
                                  "Node Type": "Seq Scan",
                                  "Parent Relationship": "Outer",
                                  "Parallel Aware": true,
                                  "Relation Name": "movie_companies",
                                  "Alias": "mc",
                                  "Startup Cost": 0.0,
                                  "Total Cost": 29310.68,
                                  "Plan Rows": 204521,
                                  "Plan Width": 4,
                                  "Actual Startup Time": 0.048,
                                  "Actual Total Time": 97.674,
                                  "Actual Rows": 209936,
                                  "Actual Loops": 3,
                                  "Filter": "(company_id < 836)",
                                  "Rows Removed by Filter": 659773
                                }
                              ]
                            }
                          ]
                        }
                      ]
                    }
                  ]
                }
              ]
            }
          ]
        }
      ]
    },
    "Planning Time": 1.437,
    "Triggers": [],
    "Execution Time": 778.032
  }
]