[
  {
    "Plan": {
      "Node Type": "Aggregate",
      "Strategy": "Plain",
      "Partial Mode": "Finalize",
      "Parallel Aware": false,
      "Startup Cost": 99702.36,
      "Total Cost": 99702.37,
      "Plan Rows": 1,
      "Plan Width": 8,
      "Actual Startup Time": 645.534,
      "Actual Total Time": 665.913,
      "Actual Rows": 1,
      "Actual Loops": 1,
      "Plans": [
        {
          "Node Type": "Gather",
          "Parent Relationship": "Outer",
          "Parallel Aware": false,
          "Startup Cost": 99702.15,
          "Total Cost": 99702.36,
          "Plan Rows": 2,
          "Plan Width": 8,
          "Actual Startup Time": 640.679,
          "Actual Total Time": 665.903,
          "Actual Rows": 3,
          "Actual Loops": 1,
          "Workers Planned": 2,
          "Workers Launched": 2,
          "Single Copy": false,
          "Plans": [
            {
              "Node Type": "Aggregate",
              "Strategy": "Plain",
              "Partial Mode": "Partial",
              "Parent Relationship": "Outer",
              "Parallel Aware": false,
              "Startup Cost": 98702.15,
              "Total Cost": 98702.16,
              "Plan Rows": 1,
              "Plan Width": 8,
              "Actual Startup Time": 636.182,
              "Actual Total Time": 636.547,
              "Actual Rows": 1,
              "Actual Loops": 3,
              "Plans": [
                {
                  "Node Type": "Hash Join",
                  "Parent Relationship": "Outer",
                  "Parallel Aware": true,
                  "Join Type": "Inner",
                  "Startup Cost": 81768.23,
                  "Total Cost": 98536.16,
                  "Plan Rows": 66395,
                  "Plan Width": 0,
                  "Actual Startup Time": 529.833,
                  "Actual Total Time": 631.925,
                  "Actual Rows": 97759,
                  "Actual Loops": 3,
                  "Inner Unique": false,
                  "Hash Cond": "(mi_idx.movie_id = t.id)",
                  "Plans": [
                    {
                      "Node Type": "Seq Scan",
                      "Parent Relationship": "Outer",
                      "Parallel Aware": true,
                      "Relation Name": "movie_info_idx",
                      "Alias": "mi_idx",
                      "Startup Cost": 0.0,
                      "Total Cost": 15122.68,
                      "Plan Rows": 381618,
                      "Plan Width": 4,
                      "Actual Startup Time": 0.022,
                      "Actual Total Time": 48.468,
                      "Actual Rows": 306617,
                      "Actual Loops": 3,
                      "Filter": "(info_type_id < 101)",
                      "Rows Removed by Filter": 153395
                    },
                    {
                      "Node Type": "Hash",
                      "Parent Relationship": "Inner",
                      "Parallel Aware": true,
                      "Startup Cost": 79994.43,
                      "Total Cost": 79994.43,
                      "Plan Rows": 141904,
                      "Plan Width": 8,
                      "Actual Startup Time": 525.62,
                      "Actual Total Time": 525.982,
                      "Actual Rows": 122992,
                      "Actual Loops": 3,
                      "Hash Buckets": 524288,
                      "Original Hash Buckets": 524288,
                      "Hash Batches": 1,
                      "Original Hash Batches": 1,
                      "Peak Memory Usage": 18560,
                      "Plans": [
                        {
                          "Node Type": "Hash Join",
                          "Parent Relationship": "Outer",
                          "Parallel Aware": true,
                          "Join Type": "Inner",
                          "Startup Cost": 47831.02,
                          "Total Cost": 79994.43,
                          "Plan Rows": 141904,
                          "Plan Width": 8,
                          "Actual Startup Time": 356.521,
                          "Actual Total Time": 480.004,
                          "Actual Rows": 122992,
                          "Actual Loops": 3,
                          "Inner Unique": true,
                          "Hash Cond": "(mc.movie_id = t.id)",
                          "Plans": [
                            {
                              "Node Type": "Seq Scan",
                              "Parent Relationship": "Outer",
                              "Parallel Aware": true,
                              "Relation Name": "movie_companies",
                              "Alias": "mc",
                              "Startup Cost": 0.0,
                              "Total Cost": 31414.82,
                              "Plan Rows": 285177,
                              "Plan Width": 4,
                              "Actual Startup Time": 42.54,
                              "Actual Total Time": 91.963,
                              "Actual Rows": 189562,
                              "Actual Loops": 3,
                              "Filter": "((company_id < 23616) AND (company_type_id > 1))",
                              "Rows Removed by Filter": 680148
                            },
                            {
                              "Node Type": "Hash",
                              "Parent Relationship": "Inner",
                              "Parallel Aware": true,
                              "Startup Cost": 43899.32,
                              "Total Cost": 43899.32,
                              "Plan Rows": 314536,
                              "Plan Width": 4,
                              "Actual Startup Time": 306.511,
                              "Actual Total Time": 306.512,
                              "Actual Rows": 421233,
                              "Actual Loops": 3,
                              "Hash Buckets": 2097152,
                              "Original Hash Buckets": 2097152,
                              "Hash Batches": 1,
                              "Original Hash Batches": 1,
                              "Peak Memory Usage": 65888,
                              "Plans": [
                                {
                                  "Node Type": "Seq Scan",
                                  "Parent Relationship": "Outer",
                                  "Parallel Aware": true,
                                  "Relation Name": "title",
                                  "Alias": "t",
                                  "Startup Cost": 0.0,
                                  "Total Cost": 43899.32,
                                  "Plan Rows": 314536,
                                  "Plan Width": 4,
                                  "Actual Startup Time": 0.044,
                                  "Actual Total Time": 145.575,
                                  "Actual Rows": 421233,
                                  "Actual Loops": 3,
                                  "Filter": "(production_year < 2004)",
                                  "Rows Removed by Filter": 421537
                                }
                              ]
                            }
                          ]
                        }
                      ]
                    }
                  ]
                }
              ]
            }
          ]
        }
      ]
    },
    "Planning Time": 1.442,
    "Triggers": [],
    "Execution Time": 665.997
  }
]