[
  {
    "Plan": {
      "Node Type": "Aggregate",
      "Strategy": "Plain",
      "Partial Mode": "Simple",
      "Parallel Aware": false,
      "Startup Cost": 39186.37,
      "Total Cost": 39186.38,
      "Plan Rows": 1,
      "Plan Width": 8,
      "Actual Startup Time": 35.822,
      "Actual Total Time": 35.823,
      "Actual Rows": 1,
      "Actual Loops": 1,
      "Plans": [
        {
          "Node Type": "Bitmap Heap Scan",
          "Parent Relationship": "Outer",
          "Parallel Aware": false,
          "Relation Name": "title",
          "Alias": "t",
          "Startup Cost": 1727.55,
          "Total Cost": 39178.13,
          "Plan Rows": 3296,
          "Plan Width": 0,
          "Actual Startup Time": 7.146,
          "Actual Total Time": 35.622,
          "Actual Rows": 3637,
          "Actual Loops": 1,
          "Recheck Cond": "(kind_id = 3)",
          "Rows Removed by Index Recheck": 0,
          "Filter": "(production_year = 2004)",
          "Rows Removed by Filter": 96900,
          "Exact Heap Blocks": 12707,
          "Lossy Heap Blocks": 0,
          "Plans": [
            {
              "Node Type": "Bitmap Index Scan",
              "Parent Relationship": "Outer",
              "Parallel Aware": false,
              "Index Name": "kind_id_title",
              "Startup Cost": 0.0,
              "Total Cost": 1726.72,
              "Plan Rows": 96839,
              "Plan Width": 0,
              "Actual Startup Time": 5.166,
              "Actual Total Time": 5.166,
              "Actual Rows": 100537,
              "Actual Loops": 1,
              "Index Cond": "(kind_id = 3)"
            }
          ]
        }
      ]
    },
    "Planning Time": 0.079,
    "Triggers": [],
    "Execution Time": 35.851
  }
]