[
  {
    "Plan": {
      "Node Type": "Aggregate",
      "Strategy": "Plain",
      "Partial Mode": "Finalize",
      "Parallel Aware": false,
      "Startup Cost": 24457.33,
      "Total Cost": 24457.34,
      "Plan Rows": 1,
      "Plan Width": 8,
      "Actual Startup Time": 33.19,
      "Actual Total Time": 37.632,
      "Actual Rows": 1,
      "Actual Loops": 1,
      "Plans": [
        {
          "Node Type": "Gather",
          "Parent Relationship": "Outer",
          "Parallel Aware": false,
          "Startup Cost": 24457.12,
          "Total Cost": 24457.33,
          "Plan Rows": 2,
          "Plan Width": 8,
          "Actual Startup Time": 33.003,
          "Actual Total Time": 37.625,
          "Actual Rows": 3,
          "Actual Loops": 1,
          "Workers Planned": 2,
          "Workers Launched": 2,
          "Single Copy": false,
          "Plans": [
            {
              "Node Type": "Aggregate",
              "Strategy": "Plain",
              "Partial Mode": "Partial",
              "Parent Relationship": "Outer",
              "Parallel Aware": false,
              "Startup Cost": 23457.12,
              "Total Cost": 23457.13,
              "Plan Rows": 1,
              "Plan Width": 8,
              "Actual Startup Time": 25.052,
              "Actual Total Time": 25.053,
              "Actual Rows": 1,
              "Actual Loops": 3,
              "Plans": [
                {
                  "Node Type": "Nested Loop",
                  "Parent Relationship": "Outer",
                  "Parallel Aware": false,
                  "Join Type": "Inner",
                  "Startup Cost": 88.42,
                  "Total Cost": 23456.33,
                  "Plan Rows": 315,
                  "Plan Width": 0,
                  "Actual Startup Time": 3.213,
                  "Actual Total Time": 24.967,
                  "Actual Rows": 342,
                  "Actual Loops": 3,
                  "Inner Unique": true,
                  "Plans": [
                    {
                      "Node Type": "Bitmap Heap Scan",
                      "Parent Relationship": "Outer",
                      "Parallel Aware": true,
                      "Relation Name": "movie_keyword",
                      "Alias": "mk",
                      "Startup Cost": 87.99,
                      "Total Cost": 10726.09,
                      "Plan Rows": 1697,
                      "Plan Width": 4,
                      "Actual Startup Time": 1.697,
                      "Actual Total Time": 8.324,
                      "Actual Rows": 1145,
                      "Actual Loops": 3,
                      "Recheck Cond": "(keyword_id = 140)",
                      "Rows Removed by Index Recheck": 0,
                      "Exact Heap Blocks": 2402,
                      "Lossy Heap Blocks": 0,
                      "Plans": [
                        {
                          "Node Type": "Bitmap Index Scan",
                          "Parent Relationship": "Outer",
                          "Parallel Aware": false,
                          "Index Name": "keyword_id_movie_keyword",
                          "Startup Cost": 0.0,
                          "Total Cost": 86.97,
                          "Plan Rows": 4072,
                          "Plan Width": 0,
                          "Actual Startup Time": 3.302,
                          "Actual Total Time": 3.303,
                          "Actual Rows": 3434,
                          "Actual Loops": 1,
                          "Index Cond": "(keyword_id = 140)"
                        }
                      ]
                    },
                    {
                      "Node Type": "Index Scan",
                      "Parent Relationship": "Inner",
                      "Parallel Aware": false,
                      "Scan Direction": "Forward",
                      "Index Name": "title_pkey",
                      "Relation Name": "title",
                      "Alias": "t",
                      "Startup Cost": 0.43,
                      "Total Cost": 7.5,
                      "Plan Rows": 1,
                      "Plan Width": 4,
                      "Actual Startup Time": 0.014,
                      "Actual Total Time": 0.014,
                      "Actual Rows": 0,
                      "Actual Loops": 3434,
                      "Index Cond": "(id = mk.movie_id)",
                      "Rows Removed by Index Recheck": 0,
                      "Filter": "((kind_id < 4) AND (production_year > 2000))",
                      "Rows Removed by Filter": 1
                    }
                  ]
                }
              ]
            }
          ]
        }
      ]
    },
    "Planning Time": 0.673,
    "Triggers": [],
    "Execution Time": 37.723
  }
]