[
  {
    "Plan": {
      "Node Type": "Aggregate",
      "Strategy": "Plain",
      "Partial Mode": "Finalize",
      "Parallel Aware": false,
      "Startup Cost": 27182.3,
      "Total Cost": 27182.31,
      "Plan Rows": 1,
      "Plan Width": 8,
      "Actual Startup Time": 71.037,
      "Actual Total Time": 77.77,
      "Actual Rows": 1,
      "Actual Loops": 1,
      "Plans": [
        {
          "Node Type": "Gather",
          "Parent Relationship": "Outer",
          "Parallel Aware": false,
          "Startup Cost": 27181.98,
          "Total Cost": 27182.29,
          "Plan Rows": 3,
          "Plan Width": 8,
          "Actual Startup Time": 70.819,
          "Actual Total Time": 77.762,
          "Actual Rows": 4,
          "Actual Loops": 1,
          "Workers Planned": 3,
          "Workers Launched": 3,
          "Single Copy": false,
          "Plans": [
            {
              "Node Type": "Aggregate",
              "Strategy": "Plain",
              "Partial Mode": "Partial",
              "Parent Relationship": "Outer",
              "Parallel Aware": false,
              "Startup Cost": 26181.98,
              "Total Cost": 26181.99,
              "Plan Rows": 1,
              "Plan Width": 8,
              "Actual Startup Time": 65.127,
              "Actual Total Time": 65.128,
              "Actual Rows": 1,
              "Actual Loops": 4,
              "Plans": [
                {
                  "Node Type": "Bitmap Heap Scan",
                  "Parent Relationship": "Outer",
                  "Parallel Aware": true,
                  "Relation Name": "movie_companies",
                  "Alias": "mc",
                  "Startup Cost": 5943.95,
                  "Total Cost": 26068.32,
                  "Plan Rows": 45464,
                  "Plan Width": 0,
                  "Actual Startup Time": 51.362,
                  "Actual Total Time": 64.187,
                  "Actual Rows": 16002,
                  "Actual Loops": 4,
                  "Recheck Cond": "(company_id < 145)",
                  "Rows Removed by Index Recheck": 0,
                  "Filter": "(company_type_id > 1)",
                  "Rows Removed by Filter": 51856,
                  "Exact Heap Blocks": 8264,
                  "Lossy Heap Blocks": 0,
                  "Plans": [
                    {
                      "Node Type": "Bitmap Index Scan",
                      "Parent Relationship": "Outer",
                      "Parallel Aware": false,
                      "Index Name": "company_id_movie_companies",
                      "Startup Cost": 0.0,
                      "Total Cost": 5908.71,
                      "Plan Rows": 275771,
                      "Plan Width": 0,
                      "Actual Startup Time": 18.343,
                      "Actual Total Time": 18.344,
                      "Actual Rows": 271432,
                      "Actual Loops": 1,
                      "Index Cond": "(company_id < 145)"
                    }
                  ]
                }
              ]
            }
          ]
        }
      ]
    },
    "Planning Time": 0.093,
    "Triggers": [],
    "Execution Time": 77.81
  }
]