[
  {
    "Plan": {
      "Node Type": "Aggregate",
      "Strategy": "Plain",
      "Partial Mode": "Finalize",
      "Parallel Aware": false,
      "Startup Cost": 43110.13,
      "Total Cost": 43110.14,
      "Plan Rows": 1,
      "Plan Width": 8,
      "Actual Startup Time": 34.869,
      "Actual Total Time": 40.815,
      "Actual Rows": 1,
      "Actual Loops": 1,
      "Plans": [
        {
          "Node Type": "Gather",
          "Parent Relationship": "Outer",
          "Parallel Aware": false,
          "Startup Cost": 43109.91,
          "Total Cost": 43110.12,
          "Plan Rows": 2,
          "Plan Width": 8,
          "Actual Startup Time": 34.442,
          "Actual Total Time": 40.79,
          "Actual Rows": 3,
          "Actual Loops": 1,
          "Workers Planned": 2,
          "Workers Launched": 2,
          "Single Copy": false,
          "Plans": [
            {
              "Node Type": "Aggregate",
              "Strategy": "Plain",
              "Partial Mode": "Partial",
              "Parent Relationship": "Outer",
              "Parallel Aware": false,
              "Startup Cost": 42109.91,
              "Total Cost": 42109.92,
              "Plan Rows": 1,
              "Plan Width": 8,
              "Actual Startup Time": 28.51,
              "Actual Total Time": 28.512,
              "Actual Rows": 1,
              "Actual Loops": 3,
              "Plans": [
                {
                  "Node Type": "Nested Loop",
                  "Parent Relationship": "Outer",
                  "Parallel Aware": false,
                  "Join Type": "Inner",
                  "Startup Cost": 188.64,
                  "Total Cost": 42109.89,
                  "Plan Rows": 8,
                  "Plan Width": 0,
                  "Actual Startup Time": 10.491,
                  "Actual Total Time": 28.501,
                  "Actual Rows": 13,
                  "Actual Loops": 3,
                  "Inner Unique": true,
                  "Plans": [
                    {
                      "Node Type": "Bitmap Heap Scan",
                      "Parent Relationship": "Outer",
                      "Parallel Aware": true,
                      "Relation Name": "movie_keyword",
                      "Alias": "mk",
                      "Startup Cost": 188.21,
                      "Total Cost": 17652.02,
                      "Plan Rows": 3644,
                      "Plan Width": 4,
                      "Actual Startup Time": 0.95,
                      "Actual Total Time": 8.303,
                      "Actual Rows": 2167,
                      "Actual Loops": 3,
                      "Recheck Cond": "(keyword_id = 355)",
                      "Rows Removed by Index Recheck": 0,
                      "Exact Heap Blocks": 3129,
                      "Lossy Heap Blocks": 0,
                      "Plans": [
                        {
                          "Node Type": "Bitmap Index Scan",
                          "Parent Relationship": "Outer",
                          "Parallel Aware": false,
                          "Index Name": "keyword_id_movie_keyword",
                          "Startup Cost": 0.0,
                          "Total Cost": 186.03,
                          "Plan Rows": 8746,
                          "Plan Width": 0,
                          "Actual Startup Time": 1.738,
                          "Actual Total Time": 1.738,
                          "Actual Rows": 6501,
                          "Actual Loops": 1,
                          "Index Cond": "(keyword_id = 355)"
                        }
                      ]
                    },
                    {
                      "Node Type": "Index Scan",
                      "Parent Relationship": "Inner",
                      "Parallel Aware": false,
                      "Scan Direction": "Forward",
                      "Index Name": "title_pkey",
                      "Relation Name": "title",
                      "Alias": "t",
                      "Startup Cost": 0.43,
                      "Total Cost": 6.71,
                      "Plan Rows": 1,
                      "Plan Width": 4,
                      "Actual Startup Time": 0.009,
                      "Actual Total Time": 0.009,
                      "Actual Rows": 0,
                      "Actual Loops": 6501,
                      "Index Cond": "(id = mk.movie_id)",
                      "Rows Removed by Index Recheck": 0,
                      "Filter": "((kind_id < 7) AND (production_year = 1981))",
                      "Rows Removed by Filter": 1
                    }
                  ]
                }
              ]
            }
          ]
        }
      ]
    },
    "Planning Time": 0.304,
    "Triggers": [],
    "Execution Time": 40.871
  }
]