[
  {
    "Plan": {
      "Node Type": "Aggregate",
      "Strategy": "Plain",
      "Partial Mode": "Finalize",
      "Parallel Aware": false,
      "Startup Cost": 96481.32,
      "Total Cost": 96481.33,
      "Plan Rows": 1,
      "Plan Width": 8,
      "Actual Startup Time": 647.292,
      "Actual Total Time": 664.412,
      "Actual Rows": 1,
      "Actual Loops": 1,
      "Plans": [
        {
          "Node Type": "Gather",
          "Parent Relationship": "Outer",
          "Parallel Aware": false,
          "Startup Cost": 96481.1,
          "Total Cost": 96481.31,
          "Plan Rows": 2,
          "Plan Width": 8,
          "Actual Startup Time": 643.771,
          "Actual Total Time": 664.4,
          "Actual Rows": 3,
          "Actual Loops": 1,
          "Workers Planned": 2,
          "Workers Launched": 2,
          "Single Copy": false,
          "Plans": [
            {
              "Node Type": "Aggregate",
              "Strategy": "Plain",
              "Partial Mode": "Partial",
              "Parent Relationship": "Outer",
              "Parallel Aware": false,
              "Startup Cost": 95481.1,
              "Total Cost": 95481.11,
              "Plan Rows": 1,
              "Plan Width": 8,
              "Actual Startup Time": 636.552,
              "Actual Total Time": 636.871,
              "Actual Rows": 1,
              "Actual Loops": 3,
              "Plans": [
                {
                  "Node Type": "Hash Join",
                  "Parent Relationship": "Outer",
                  "Parallel Aware": true,
                  "Join Type": "Inner",
                  "Startup Cost": 79033.65,
                  "Total Cost": 95178.1,
                  "Plan Rows": 121199,
                  "Plan Width": 0,
                  "Actual Startup Time": 512.329,
                  "Actual Total Time": 626.962,
                  "Actual Rows": 249861,
                  "Actual Loops": 3,
                  "Inner Unique": false,
                  "Hash Cond": "(mi_idx.movie_id = t.id)",
                  "Plans": [
                    {
                      "Node Type": "Seq Scan",
                      "Parent Relationship": "Outer",
                      "Parallel Aware": true,
                      "Relation Name": "movie_info_idx",
                      "Alias": "mi_idx",
                      "Startup Cost": 0.0,
                      "Total Cost": 13685.15,
                      "Plan Rows": 575015,
                      "Plan Width": 4,
                      "Actual Startup Time": 0.027,
                      "Actual Total Time": 35.945,
                      "Actual Rows": 460012,
                      "Actual Loops": 3
                    },
                    {
                      "Node Type": "Hash",
                      "Parent Relationship": "Inner",
                      "Parallel Aware": true,
                      "Startup Cost": 77368.34,
                      "Total Cost": 77368.34,
                      "Plan Rows": 133225,
                      "Plan Width": 8,
                      "Actual Startup Time": 503.488,
                      "Actual Total Time": 503.805,
                      "Actual Rows": 180578,
                      "Actual Loops": 3,
                      "Hash Buckets": 1048576,
                      "Original Hash Buckets": 1048576,
                      "Hash Batches": 1,
                      "Original Hash Batches": 1,
                      "Peak Memory Usage": 29440,
                      "Plans": [
                        {
                          "Node Type": "Hash Join",
                          "Parent Relationship": "Outer",
                          "Parallel Aware": true,
                          "Join Type": "Inner",
                          "Startup Cost": 31459.48,
                          "Total Cost": 77368.34,
                          "Plan Rows": 133225,
                          "Plan Width": 8,
                          "Actual Startup Time": 153.431,
                          "Actual Total Time": 444.6,
                          "Actual Rows": 180578,
                          "Actual Loops": 3,
                          "Inner Unique": false,
                          "Hash Cond": "(t.id = mc.movie_id)",
                          "Plans": [
                            {
                              "Node Type": "Seq Scan",
                              "Parent Relationship": "Outer",
                              "Parallel Aware": true,
                              "Relation Name": "title",
                              "Alias": "t",
                              "Startup Cost": 0.0,
                              "Total Cost": 42318.73,
                              "Plan Rows": 632073,
                              "Plan Width": 4,
                              "Actual Startup Time": 0.011,
                              "Actual Total Time": 91.494,
                              "Actual Rows": 842771,
                              "Actual Loops": 3
                            },
                            {
                              "Node Type": "Hash",
                              "Parent Relationship": "Inner",
                              "Parallel Aware": true,
                              "Startup Cost": 29310.68,
                              "Total Cost": 29310.68,
                              "Plan Rows": 171904,
                              "Plan Width": 4,
                              "Actual Startup Time": 149.701,
                              "Actual Total Time": 149.702,
                              "Actual Rows": 180578,
                              "Actual Loops": 3,
                              "Hash Buckets": 1048576,
                              "Original Hash Buckets": 1048576,
                              "Hash Batches": 1,
                              "Original Hash Batches": 1,
                              "Peak Memory Usage": 29472,
                              "Plans": [
                                {
                                  "Node Type": "Seq Scan",
                                  "Parent Relationship": "Outer",
                                  "Parallel Aware": true,
                                  "Relation Name": "movie_companies",
                                  "Alias": "mc",
                                  "Startup Cost": 0.0,
                                  "Total Cost": 29310.68,
                                  "Plan Rows": 171904,
                                  "Plan Width": 4,
                                  "Actual Startup Time": 52.286,
                                  "Actual Total Time": 93.6,
                                  "Actual Rows": 180578,
                                  "Actual Loops": 3,
                                  "Filter": "(company_id > 72131)",
                                  "Rows Removed by Filter": 689132
                                }
                              ]
                            }
                          ]
                        }
                      ]
                    }
                  ]
                }
              ]
            }
          ]
        }
      ]
    },
    "Planning Time": 1.509,
    "Triggers": [],
    "Execution Time": 664.51
  }
]