{
  "Plan": {
    "Node Type": "Aggregate",
    "Strategy": "Plain",
    "Partial Mode": "Finalize",
    "Parallel Aware": false,
    "Startup Cost": 115182.91,
    "Total Cost": 115182.92,
    "Plan Rows": 1,
    "Plan Width": 8,
    "Actual Startup Time": 722.645,
    "Actual Total Time": 735.649,
    "Actual Rows": 1,
    "Actual Loops": 1,
    "Plans": [
      {
        "Node Type": "Gather",
        "Parent Relationship": "Outer",
        "Parallel Aware": false,
        "Startup Cost": 115182.8,
        "Total Cost": 115182.91,
        "Plan Rows": 1,
        "Plan Width": 8,
        "Actual Startup Time": 720.805,
        "Actual Total Time": 735.64,
        "Actual Rows": 2,
        "Actual Loops": 1,
        "Workers Planned": 1,
        "Workers Launched": 1,
        "Single Copy": false,
        "Plans": [
          {
            "Node Type": "Aggregate",
            "Strategy": "Plain",
            "Partial Mode": "Partial",
            "Parent Relationship": "Outer",
            "Parallel Aware": false,
            "Startup Cost": 114182.8,
            "Total Cost": 114182.81,
            "Plan Rows": 1,
            "Plan Width": 8,
            "Actual Startup Time": 715.1,
            "Actual Total Time": 715.104,
            "Actual Rows": 1,
            "Actual Loops": 2,
            "Plans": [
              {
                "Node Type": "Hash Join",
                "Parent Relationship": "Outer",
                "Parallel Aware": true,
                "Join Type": "Inner",
                "Startup Cost": 49117.88,
                "Total Cost": 112721.57,
                "Plan Rows": 584492,
                "Plan Width": 0,
                "Actual Startup Time": 245.175,
                "Actual Total Time": 701.145,
                "Actual Rows": 347238,
                "Actual Loops": 2,
                "Inner Unique": false,
                "Hash Cond": "(t.id = mc.movie_id)",
                "Plans": [
                  {
                    "Node Type": "Seq Scan",
                    "Parent Relationship": "Outer",
                    "Parallel Aware": true,
                    "Relation Name": "title",
                    "Alias": "t",
                    "Startup Cost": 0.0,
                    "Total Cost": 50870.31,
                    "Plan Rows": 1487231,
                    "Plan Width": 4,
                    "Actual Startup Time": 0.009,
                    "Actual Total Time": 122.857,
                    "Actual Rows": 1264156,
                    "Actual Loops": 2
                  },
                  {
                    "Node Type": "Hash",
                    "Parent Relationship": "Inner",
                    "Parallel Aware": true,
                    "Startup Cost": 41811.73,
                    "Total Cost": 41811.73,
                    "Plan Rows": 584492,
                    "Plan Width": 4,
                    "Actual Startup Time": 235.725,
                    "Actual Total Time": 235.726,
                    "Actual Rows": 347238,
                    "Actual Loops": 2,
                    "Hash Buckets": 1048576,
                    "Original Hash Buckets": 1048576,
                    "Hash Batches": 1,
                    "Original Hash Batches": 1,
                    "Peak Memory Usage": 35392,
                    "Plans": [
                      {
                        "Node Type": "Seq Scan",
                        "Parent Relationship": "Outer",
                        "Parallel Aware": true,
                        "Relation Name": "movie_companies",
                        "Alias": "mc",
                        "Startup Cost": 0.0,
                        "Total Cost": 41811.73,
                        "Plan Rows": 584492,
                        "Plan Width": 4,
                        "Actual Startup Time": 70.648,
                        "Actual Total Time": 141.166,
                        "Actual Rows": 347238,
                        "Actual Loops": 2,
                        "Filter": "((company_id < 51677) AND (company_type_id > 1))",
                        "Rows Removed by Filter": 957327
                      }
                    ]
                  }
                ]
              }
            ]
          }
        ]
      }
    ]
  },
  "Planning Time": 0.609,
  "Triggers": [],
  "Execution Time": 735.717
}