[
  {
    "Plan": {
      "Node Type": "Aggregate",
      "Strategy": "Plain",
      "Partial Mode": "Simple",
      "Parallel Aware": false,
      "Startup Cost": 5637.56,
      "Total Cost": 5637.57,
      "Plan Rows": 1,
      "Plan Width": 8,
      "Actual Startup Time": 4.164,
      "Actual Total Time": 4.164,
      "Actual Rows": 1,
      "Actual Loops": 1,
      "Plans": [
        {
          "Node Type": "Index Only Scan",
          "Parent Relationship": "Outer",
          "Parallel Aware": false,
          "Scan Direction": "Forward",
          "Index Name": "company_id_movie_companies",
          "Relation Name": "movie_companies",
          "Alias": "mc",
          "Startup Cost": 0.43,
          "Total Cost": 5631.91,
          "Plan Rows": 2261,
          "Plan Width": 0,
          "Actual Startup Time": 0.094,
          "Actual Total Time": 3.954,
          "Actual Rows": 3601,
          "Actual Loops": 1,
          "Index Cond": "(company_id = 521)",
          "Rows Removed by Index Recheck": 0,
          "Heap Fetches": 3601
        }
      ]
    },
    "Planning Time": 0.09,
    "Triggers": [],
    "Execution Time": 4.185
  }
]