[
  {
    "Plan": {
      "Node Type": "Aggregate",
      "Strategy": "Plain",
      "Partial Mode": "Simple",
      "Parallel Aware": false,
      "Startup Cost": 8925.02,
      "Total Cost": 8925.03,
      "Plan Rows": 1,
      "Plan Width": 8,
      "Actual Startup Time": 7.24,
      "Actual Total Time": 7.242,
      "Actual Rows": 1,
      "Actual Loops": 1,
      "Plans": [
        {
          "Node Type": "Index Only Scan",
          "Parent Relationship": "Outer",
          "Parallel Aware": false,
          "Scan Direction": "Forward",
          "Index Name": "company_id_movie_companies",
          "Relation Name": "movie_companies",
          "Alias": "mc",
          "Startup Cost": 0.43,
          "Total Cost": 8915.67,
          "Plan Rows": 3740,
          "Plan Width": 0,
          "Actual Startup Time": 0.209,
          "Actual Total Time": 6.604,
          "Actual Rows": 3601,
          "Actual Loops": 1,
          "Index Cond": "(company_id = 521)",
          "Rows Removed by Index Recheck": 0,
          "Heap Fetches": 3601
        }
      ]
    },
    "Planning Time": 0.152,
    "Triggers": [],
    "Execution Time": 7.29
  }
]