[
    {
        "Bao": {
            "Bao prediction": "NaN",
            "Bao recommended hint": "(no hint)"
        }
    },
    {
        "Plan": {
            "Node Type": "Aggregate",
            "Strategy": "Plain",
            "Partial Mode": "Simple",
            "Parallel Aware": false,
            "Startup Cost": 12217.59,
            "Total Cost": 12217.6,
            "Plan Rows": 1,
            "Plan Width": 8,
            "Actual Startup Time": 5.93,
            "Actual Total Time": 5.932,
            "Actual Rows": 1,
            "Actual Loops": 1,
            "Output": [
                "count(*)"
            ],
            "Plans": [
                {
                    "Node Type": "Bitmap Heap Scan",
                    "Parent Relationship": "Outer",
                    "Parallel Aware": false,
                    "Relation Name": "movie_companies",
                    "Schema": "public",
                    "Alias": "mc",
                    "Startup Cost": 122.86,
                    "Total Cost": 12210.77,
                    "Plan Rows": 2728,
                    "Plan Width": 0,
                    "Actual Startup Time": 1.03,
                    "Actual Total Time": 5.749,
                    "Actual Rows": 2629,
                    "Actual Loops": 1,
                    "Recheck Cond": "(mc.company_id = 11146)",
                    "Rows Removed by Index Recheck": 0,
                    "Filter": "(mc.company_type_id < 2)",
                    "Rows Removed by Filter": 2438,
                    "Exact Heap Blocks": 2691,
                    "Lossy Heap Blocks": 0,
                    "Plans": [
                        {
                            "Node Type": "Bitmap Index Scan",
                            "Parent Relationship": "Outer",
                            "Parallel Aware": false,
                            "Index Name": "company_id_movie_companies",
                            "Startup Cost": 0.0,
                            "Total Cost": 122.18,
                            "Plan Rows": 5566,
                            "Plan Width": 0,
                            "Actual Startup Time": 0.615,
                            "Actual Total Time": 0.616,
                            "Actual Rows": 5067,
                            "Actual Loops": 1,
                            "Index Cond": "(mc.company_id = 11146)"
                        }
                    ]
                }
            ]
        },
        "Planning Time": 272.58,
        "Triggers": [],
        "Execution Time": 5.981
    }
]