[
    {
        "Bao": {
            "Bao prediction": "NaN",
            "Bao recommended hint": "(no hint)"
        }
    },
    {
        "Plan": {
            "Node Type": "Aggregate",
            "Strategy": "Plain",
            "Partial Mode": "Finalize",
            "Parallel Aware": false,
            "Startup Cost": 154758.88,
            "Total Cost": 154758.89,
            "Plan Rows": 1,
            "Plan Width": 8,
            "Actual Startup Time": 330.47,
            "Actual Total Time": 343.979,
            "Actual Rows": 1,
            "Actual Loops": 1,
            "Output": [
                "count(*)"
            ],
            "Plans": [
                {
                    "Node Type": "Gather",
                    "Parent Relationship": "Outer",
                    "Parallel Aware": false,
                    "Startup Cost": 154758.36,
                    "Total Cost": 154758.87,
                    "Plan Rows": 5,
                    "Plan Width": 8,
                    "Actual Startup Time": 329.058,
                    "Actual Total Time": 343.966,
                    "Actual Rows": 6,
                    "Actual Loops": 1,
                    "Output": [
                        "(PARTIAL count(*))"
                    ],
                    "Workers Planned": 5,
                    "Workers Launched": 5,
                    "Single Copy": false,
                    "Plans": [
                        {
                            "Node Type": "Aggregate",
                            "Strategy": "Plain",
                            "Partial Mode": "Partial",
                            "Parent Relationship": "Outer",
                            "Parallel Aware": false,
                            "Startup Cost": 153758.36,
                            "Total Cost": 153758.37,
                            "Plan Rows": 1,
                            "Plan Width": 8,
                            "Actual Startup Time": 319.455,
                            "Actual Total Time": 319.459,
                            "Actual Rows": 1,
                            "Actual Loops": 6,
                            "Output": [
                                "PARTIAL count(*)"
                            ],
                            "Workers": [
                                {
                                    "Worker Number": 0,
                                    "Actual Startup Time": 316.744,
                                    "Actual Total Time": 316.748,
                                    "Actual Rows": 1,
                                    "Actual Loops": 1
                                },
                                {
                                    "Worker Number": 1,
                                    "Actual Startup Time": 317.27,
                                    "Actual Total Time": 317.273,
                                    "Actual Rows": 1,
                                    "Actual Loops": 1
                                },
                                {
                                    "Worker Number": 2,
                                    "Actual Startup Time": 317.665,
                                    "Actual Total Time": 317.668,
                                    "Actual Rows": 1,
                                    "Actual Loops": 1
                                },
                                {
                                    "Worker Number": 3,
                                    "Actual Startup Time": 318.083,
                                    "Actual Total Time": 318.087,
                                    "Actual Rows": 1,
                                    "Actual Loops": 1
                                },
                                {
                                    "Worker Number": 4,
                                    "Actual Startup Time": 318.272,
                                    "Actual Total Time": 318.274,
                                    "Actual Rows": 1,
                                    "Actual Loops": 1
                                }
                            ],
                            "Plans": [
                                {
                                    "Node Type": "Hash Join",
                                    "Parent Relationship": "Outer",
                                    "Parallel Aware": true,
                                    "Join Type": "Inner",
                                    "Startup Cost": 44342.02,
                                    "Total Cost": 153646.26,
                                    "Plan Rows": 44839,
                                    "Plan Width": 0,
                                    "Actual Startup Time": 84.92,
                                    "Actual Total Time": 316.413,
                                    "Actual Rows": 52549,
                                    "Actual Loops": 6,
                                    "Inner Unique": true,
                                    "Hash Cond": "(ci.movie_id = t.id)",
                                    "Workers": [
                                        {
                                            "Worker Number": 0,
                                            "Actual Startup Time": 82.356,
                                            "Actual Total Time": 313.468,
                                            "Actual Rows": 41707,
                                            "Actual Loops": 1
                                        },
                                        {
                                            "Worker Number": 1,
                                            "Actual Startup Time": 82.655,
                                            "Actual Total Time": 314.367,
                                            "Actual Rows": 60001,
                                            "Actual Loops": 1
                                        },
                                        {
                                            "Worker Number": 2,
                                            "Actual Startup Time": 82.988,
                                            "Actual Total Time": 314.493,
                                            "Actual Rows": 39563,
                                            "Actual Loops": 1
                                        },
                                        {
                                            "Worker Number": 3,
                                            "Actual Startup Time": 83.666,
                                            "Actual Total Time": 315.103,
                                            "Actual Rows": 52844,
                                            "Actual Loops": 1
                                        },
                                        {
                                            "Worker Number": 4,
                                            "Actual Startup Time": 83.832,
                                            "Actual Total Time": 315.247,
                                            "Actual Rows": 57954,
                                            "Actual Loops": 1
                                        }
                                    ],
                                    "Plans": [
                                        {
                                            "Node Type": "Index Scan",
                                            "Parent Relationship": "Outer",
                                            "Parallel Aware": true,
                                            "Scan Direction": "Forward",
                                            "Index Name": "role_id_cast_info",
                                            "Relation Name": "cast_info",
                                            "Schema": "public",
                                            "Alias": "ci",
                                            "Startup Cost": 0.56,
                                            "Total Cost": 107202.96,
                                            "Plan Rows": 800703,
                                            "Plan Width": 4,
                                            "Actual Startup Time": 0.101,
                                            "Actual Total Time": 123.46,
                                            "Actual Rows": 668006,
                                            "Actual Loops": 6,
                                            "Output": [
                                                "ci.id",
                                                "ci.person_id",
                                                "ci.movie_id",
                                                "ci.person_role_id",
                                                "ci.note",
                                                "ci.nr_order",
                                                "ci.role_id"
                                            ],
                                            "Index Cond": "(ci.role_id = 3)",
                                            "Rows Removed by Index Recheck": 0,
                                            "Workers": [
                                                {
                                                    "Worker Number": 0,
                                                    "Actual Startup Time": 0.127,
                                                    "Actual Total Time": 124.644,
                                                    "Actual Rows": 514033,
                                                    "Actual Loops": 1
                                                },
                                                {
                                                    "Worker Number": 1,
                                                    "Actual Startup Time": 0.06,
                                                    "Actual Total Time": 125.331,
                                                    "Actual Rows": 763887,
                                                    "Actual Loops": 1
                                                },
                                                {
                                                    "Worker Number": 2,
                                                    "Actual Startup Time": 0.064,
                                                    "Actual Total Time": 124.435,
                                                    "Actual Rows": 502340,
                                                    "Actual Loops": 1
                                                },
                                                {
                                                    "Worker Number": 3,
                                                    "Actual Startup Time": 0.097,
                                                    "Actual Total Time": 123.229,
                                                    "Actual Rows": 691892,
                                                    "Actual Loops": 1
                                                },
                                                {
                                                    "Worker Number": 4,
                                                    "Actual Startup Time": 0.227,
                                                    "Actual Total Time": 123.7,
                                                    "Actual Rows": 727378,
                                                    "Actual Loops": 1
                                                }
                                            ]
                                        },
                                        {
                                            "Node Type": "Hash",
                                            "Parent Relationship": "Inner",
                                            "Parallel Aware": true,
                                            "Startup Cost": 43899.01,
                                            "Total Cost": 43899.01,
                                            "Plan Rows": 35396,
                                            "Plan Width": 4,
                                            "Actual Startup Time": 83.544,
                                            "Actual Total Time": 83.545,
                                            "Actual Rows": 23617,
                                            "Actual Loops": 6,
                                            "Output": [
                                                "t.id"
                                            ],
                                            "Hash Buckets": 262144,
                                            "Original Hash Buckets": 262144,
                                            "Hash Batches": 1,
                                            "Original Hash Batches": 1,
                                            "Peak Memory Usage": 7648,
                                            "Workers": [
                                                {
                                                    "Worker Number": 0,
                                                    "Actual Startup Time": 81.663,
                                                    "Actual Total Time": 81.664,
                                                    "Actual Rows": 15464,
                                                    "Actual Loops": 1
                                                },
                                                {
                                                    "Worker Number": 1,
                                                    "Actual Startup Time": 82.129,
                                                    "Actual Total Time": 82.13,
                                                    "Actual Rows": 20814,
                                                    "Actual Loops": 1
                                                },
                                                {
                                                    "Worker Number": 2,
                                                    "Actual Startup Time": 82.308,
                                                    "Actual Total Time": 82.309,
                                                    "Actual Rows": 15435,
                                                    "Actual Loops": 1
                                                },
                                                {
                                                    "Worker Number": 3,
                                                    "Actual Startup Time": 82.973,
                                                    "Actual Total Time": 82.975,
                                                    "Actual Rows": 19865,
                                                    "Actual Loops": 1
                                                },
                                                {
                                                    "Worker Number": 4,
                                                    "Actual Startup Time": 83.116,
                                                    "Actual Total Time": 83.117,
                                                    "Actual Rows": 21184,
                                                    "Actual Loops": 1
                                                }
                                            ],
                                            "Plans": [
                                                {
                                                    "Node Type": "Seq Scan",
                                                    "Parent Relationship": "Outer",
                                                    "Parallel Aware": true,
                                                    "Relation Name": "title",
                                                    "Schema": "public",
                                                    "Alias": "t",
                                                    "Startup Cost": 0.0,
                                                    "Total Cost": 43899.01,
                                                    "Plan Rows": 35396,
                                                    "Plan Width": 4,
                                                    "Actual Startup Time": 0.059,
                                                    "Actual Total Time": 73.647,
                                                    "Actual Rows": 23617,
                                                    "Actual Loops": 6,
                                                    "Output": [
                                                        "t.id"
                                                    ],
                                                    "Filter": "(t.production_year = 2010)",
                                                    "Rows Removed by Filter": 397768,
                                                    "Workers": [
                                                        {
                                                            "Worker Number": 0,
                                                            "Actual Startup Time": 0.072,
                                                            "Actual Total Time": 72.725,
                                                            "Actual Rows": 15464,
                                                            "Actual Loops": 1
                                                        },
                                                        {
                                                            "Worker Number": 1,
                                                            "Actual Startup Time": 0.056,
                                                            "Actual Total Time": 72.321,
                                                            "Actual Rows": 20814,
                                                            "Actual Loops": 1
                                                        },
                                                        {
                                                            "Worker Number": 2,
                                                            "Actual Startup Time": 0.055,
                                                            "Actual Total Time": 71.891,
                                                            "Actual Rows": 15435,
                                                            "Actual Loops": 1
                                                        },
                                                        {
                                                            "Worker Number": 3,
                                                            "Actual Startup Time": 0.102,
                                                            "Actual Total Time": 73.946,
                                                            "Actual Rows": 19865,
                                                            "Actual Loops": 1
                                                        },
                                                        {
                                                            "Worker Number": 4,
                                                            "Actual Startup Time": 0.055,
                                                            "Actual Total Time": 74.317,
                                                            "Actual Rows": 21184,
                                                            "Actual Loops": 1
                                                        }
                                                    ]
                                                }
                                            ]
                                        }
                                    ]
                                }
                            ]
                        }
                    ]
                }
            ]
        },
        "Planning Time": 180.446,
        "Triggers": [],
        "Execution Time": 344.044
    }
]