[
  {
    "Plan": {
      "Node Type": "Aggregate",
      "Strategy": "Plain",
      "Partial Mode": "Finalize",
      "Parallel Aware": false,
      "Startup Cost": 44409.47,
      "Total Cost": 44409.48,
      "Plan Rows": 1,
      "Plan Width": 8,
      "Actual Startup Time": 125.564,
      "Actual Total Time": 136.518,
      "Actual Rows": 1,
      "Actual Loops": 1,
      "Plans": [
        {
          "Node Type": "Gather",
          "Parent Relationship": "Outer",
          "Parallel Aware": false,
          "Startup Cost": 44409.16,
          "Total Cost": 44409.47,
          "Plan Rows": 3,
          "Plan Width": 8,
          "Actual Startup Time": 125.424,
          "Actual Total Time": 136.508,
          "Actual Rows": 4,
          "Actual Loops": 1,
          "Workers Planned": 3,
          "Workers Launched": 3,
          "Single Copy": false,
          "Plans": [
            {
              "Node Type": "Aggregate",
              "Strategy": "Plain",
              "Partial Mode": "Partial",
              "Parent Relationship": "Outer",
              "Parallel Aware": false,
              "Startup Cost": 43409.16,
              "Total Cost": 43409.17,
              "Plan Rows": 1,
              "Plan Width": 8,
              "Actual Startup Time": 120.551,
              "Actual Total Time": 120.552,
              "Actual Rows": 1,
              "Actual Loops": 4,
              "Plans": [
                {
                  "Node Type": "Seq Scan",
                  "Parent Relationship": "Outer",
                  "Parallel Aware": true,
                  "Relation Name": "movie_keyword",
                  "Alias": "mk",
                  "Startup Cost": 0.0,
                  "Total Cost": 42695.65,
                  "Plan Rows": 285401,
                  "Plan Width": 0,
                  "Actual Startup Time": 3.535,
                  "Actual Total Time": 108.726,
                  "Actual Rows": 220117,
                  "Actual Loops": 4,
                  "Filter": "(keyword_id > 20949)",
                  "Rows Removed by Filter": 910866
                }
              ]
            }
          ]
        }
      ]
    },
    "Planning Time": 0.162,
    "Triggers": [],
    "Execution Time": 136.579
  }
]