{
  "Plan": {
    "Node Type": "Aggregate",
    "Strategy": "Plain",
    "Partial Mode": "Finalize",
    "Parallel Aware": false,
    "Startup Cost": 167608.37,
    "Total Cost": 167608.38,
    "Plan Rows": 1,
    "Plan Width": 8,
    "Actual Startup Time": 1027.431,
    "Actual Total Time": 1043.746,
    "Actual Rows": 1,
    "Actual Loops": 1,
    "Plans": [
      {
        "Node Type": "Gather",
        "Parent Relationship": "Outer",
        "Parallel Aware": false,
        "Startup Cost": 167608.26,
        "Total Cost": 167608.37,
        "Plan Rows": 1,
        "Plan Width": 8,
        "Actual Startup Time": 1025.665,
        "Actual Total Time": 1043.738,
        "Actual Rows": 2,
        "Actual Loops": 1,
        "Workers Planned": 1,
        "Workers Launched": 1,
        "Single Copy": false,
        "Plans": [
          {
            "Node Type": "Aggregate",
            "Strategy": "Plain",
            "Partial Mode": "Partial",
            "Parent Relationship": "Outer",
            "Parallel Aware": false,
            "Startup Cost": 166608.26,
            "Total Cost": 166608.27,
            "Plan Rows": 1,
            "Plan Width": 8,
            "Actual Startup Time": 1019.356,
            "Actual Total Time": 1019.361,
            "Actual Rows": 1,
            "Actual Loops": 2,
            "Plans": [
              {
                "Node Type": "Hash Join",
                "Parent Relationship": "Outer",
                "Parallel Aware": true,
                "Join Type": "Inner",
                "Startup Cost": 97855.17,
                "Total Cost": 166038.75,
                "Plan Rows": 227804,
                "Plan Width": 0,
                "Actual Startup Time": 536.434,
                "Actual Total Time": 968.766,
                "Actual Rows": 1259468,
                "Actual Loops": 2,
                "Inner Unique": false,
                "Hash Cond": "(mk.movie_id = t.id)",
                "Plans": [
                  {
                    "Node Type": "Seq Scan",
                    "Parent Relationship": "Outer",
                    "Parallel Aware": true,
                    "Relation Name": "movie_keyword",
                    "Alias": "mk",
                    "Startup Cost": 0.0,
                    "Total Cost": 57718.19,
                    "Plan Rows": 2433432,
                    "Plan Width": 4,
                    "Actual Startup Time": 0.013,
                    "Actual Total Time": 191.969,
                    "Actual Rows": 2074807,
                    "Actual Loops": 2,
                    "Filter": "(keyword_id < 45351)",
                    "Rows Removed by Filter": 187158
                  },
                  {
                    "Node Type": "Hash",
                    "Parent Relationship": "Inner",
                    "Parallel Aware": true,
                    "Startup Cost": 96114.85,
                    "Total Cost": 96114.85,
                    "Plan Rows": 139226,
                    "Plan Width": 8,
                    "Actual Startup Time": 532.657,
                    "Actual Total Time": 532.661,
                    "Actual Rows": 176646,
                    "Actual Loops": 2,
                    "Hash Buckets": 524288,
                    "Original Hash Buckets": 262144,
                    "Hash Batches": 1,
                    "Original Hash Batches": 1,
                    "Peak Memory Usage": 20000,
                    "Plans": [
                      {
                        "Node Type": "Hash Join",
                        "Parent Relationship": "Outer",
                        "Parallel Aware": true,
                        "Join Type": "Inner",
                        "Startup Cost": 35130.36,
                        "Total Cost": 96114.85,
                        "Plan Rows": 139226,
                        "Plan Width": 8,
                        "Actual Startup Time": 140.473,
                        "Actual Total Time": 484.335,
                        "Actual Rows": 176646,
                        "Actual Loops": 2,
                        "Inner Unique": false,
                        "Hash Cond": "(t.id = mc.movie_id)",
                        "Plans": [
                          {
                            "Node Type": "Seq Scan",
                            "Parent Relationship": "Outer",
                            "Parallel Aware": true,
                            "Relation Name": "title",
                            "Alias": "t",
                            "Startup Cost": 0.0,
                            "Total Cost": 50870.31,
                            "Plan Rows": 1487231,
                            "Plan Width": 4,
                            "Actual Startup Time": 0.01,
                            "Actual Total Time": 112.147,
                            "Actual Rows": 1264156,
                            "Actual Loops": 2
                          },
                          {
                            "Node Type": "Hash",
                            "Parent Relationship": "Inner",
                            "Parallel Aware": true,
                            "Startup Cost": 33390.04,
                            "Total Cost": 33390.04,
                            "Plan Rows": 139226,
                            "Plan Width": 4,
                            "Actual Startup Time": 138.419,
                            "Actual Total Time": 138.42,
                            "Actual Rows": 176646,
                            "Actual Loops": 2,
                            "Hash Buckets": 524288,
                            "Original Hash Buckets": 262144,
                            "Hash Batches": 1,
                            "Original Hash Batches": 1,
                            "Peak Memory Usage": 19968,
                            "Plans": [
                              {
                                "Node Type": "Bitmap Heap Scan",
                                "Parent Relationship": "Outer",
                                "Parallel Aware": true,
                                "Relation Name": "movie_companies",
                                "Alias": "mc",
                                "Startup Cost": 10357.64,
                                "Total Cost": 33390.04,
                                "Plan Rows": 139226,
                                "Plan Width": 4,
                                "Actual Startup Time": 36.493,
                                "Actual Total Time": 99.074,
                                "Actual Rows": 176646,
                                "Actual Loops": 2,
                                "Recheck Cond": "(company_id < 424)",
                                "Rows Removed by Index Recheck": 0,
                                "Filter": "(company_type_id < 2)",
                                "Rows Removed by Filter": 61930,
                                "Exact Heap Blocks": 11245,
                                "Lossy Heap Blocks": 0,
                                "Plans": [
                                  {
                                    "Node Type": "Bitmap Index Scan",
                                    "Parent Relationship": "Outer",
                                    "Parallel Aware": false,
                                    "Index Name": "company_id_movie_companies",
                                    "Startup Cost": 0.0,
                                    "Total Cost": 10298.47,
                                    "Plan Rows": 480805,
                                    "Plan Width": 0,
                                    "Actual Startup Time": 34.236,
                                    "Actual Total Time": 34.236,
                                    "Actual Rows": 477152,
                                    "Actual Loops": 1,
                                    "Index Cond": "(company_id < 424)"
                                  }
                                ]
                              }
                            ]
                          }
                        ]
                      }
                    ]
                  }
                ]
              }
            ]
          }
        ]
      }
    ]
  },
  "Planning Time": 0.914,
  "Triggers": [],
  "Execution Time": 1043.903
}