[
  {
    "Plan": {
      "Node Type": "Aggregate",
      "Strategy": "Plain",
      "Partial Mode": "Finalize",
      "Parallel Aware": false,
      "Startup Cost": 52324.84,
      "Total Cost": 52324.85,
      "Plan Rows": 1,
      "Plan Width": 8,
      "Actual Startup Time": 91.181,
      "Actual Total Time": 105.047,
      "Actual Rows": 1,
      "Actual Loops": 1,
      "Plans": [
        {
          "Node Type": "Gather",
          "Parent Relationship": "Outer",
          "Parallel Aware": false,
          "Startup Cost": 52324.42,
          "Total Cost": 52324.83,
          "Plan Rows": 4,
          "Plan Width": 8,
          "Actual Startup Time": 91.006,
          "Actual Total Time": 105.039,
          "Actual Rows": 5,
          "Actual Loops": 1,
          "Workers Planned": 4,
          "Workers Launched": 4,
          "Single Copy": false,
          "Plans": [
            {
              "Node Type": "Aggregate",
              "Strategy": "Plain",
              "Partial Mode": "Partial",
              "Parent Relationship": "Outer",
              "Parallel Aware": false,
              "Startup Cost": 51324.42,
              "Total Cost": 51324.43,
              "Plan Rows": 1,
              "Plan Width": 8,
              "Actual Startup Time": 86.407,
              "Actual Total Time": 86.409,
              "Actual Rows": 1,
              "Actual Loops": 5,
              "Plans": [
                {
                  "Node Type": "Nested Loop",
                  "Parent Relationship": "Outer",
                  "Parallel Aware": false,
                  "Join Type": "Inner",
                  "Startup Cost": 0.43,
                  "Total Cost": 51323.19,
                  "Plan Rows": 492,
                  "Plan Width": 0,
                  "Actual Startup Time": 52.582,
                  "Actual Total Time": 86.319,
                  "Actual Rows": 1344,
                  "Actual Loops": 5,
                  "Inner Unique": false,
                  "Plans": [
                    {
                      "Node Type": "Seq Scan",
                      "Parent Relationship": "Outer",
                      "Parallel Aware": true,
                      "Relation Name": "title",
                      "Alias": "t",
                      "Startup Cost": 0.0,
                      "Total Cost": 45479.59,
                      "Plan Rows": 638,
                      "Plan Width": 4,
                      "Actual Startup Time": 52.398,
                      "Actual Total Time": 78.2,
                      "Actual Rows": 560,
                      "Actual Loops": 5,
                      "Filter": "((kind_id = 1) AND (production_year = 1955))",
                      "Rows Removed by Filter": 505102
                    },
                    {
                      "Node Type": "Index Scan",
                      "Parent Relationship": "Inner",
                      "Parallel Aware": false,
                      "Scan Direction": "Forward",
                      "Index Name": "movie_id_movie_keyword",
                      "Relation Name": "movie_keyword",
                      "Alias": "mk",
                      "Startup Cost": 0.43,
                      "Total Cost": 8.96,
                      "Plan Rows": 20,
                      "Plan Width": 4,
                      "Actual Startup Time": 0.013,
                      "Actual Total Time": 0.014,
                      "Actual Rows": 2,
                      "Actual Loops": 2801,
                      "Index Cond": "(movie_id = t.id)",
                      "Rows Removed by Index Recheck": 0,
                      "Filter": "(keyword_id < 3404)",
                      "Rows Removed by Filter": 4
                    }
                  ]
                }
              ]
            }
          ]
        }
      ]
    },
    "Planning Time": 0.549,
    "Triggers": [],
    "Execution Time": 105.101
  }
]