[
  {
    "Plan": {
      "Node Type": "Aggregate",
      "Strategy": "Plain",
      "Partial Mode": "Finalize",
      "Parallel Aware": false,
      "Startup Cost": 133591.3,
      "Total Cost": 133591.31,
      "Plan Rows": 1,
      "Plan Width": 8,
      "Actual Startup Time": 1049.093,
      "Actual Total Time": 1070.401,
      "Actual Rows": 1,
      "Actual Loops": 1,
      "Plans": [
        {
          "Node Type": "Gather",
          "Parent Relationship": "Outer",
          "Parallel Aware": false,
          "Startup Cost": 133590.98,
          "Total Cost": 133591.29,
          "Plan Rows": 3,
          "Plan Width": 8,
          "Actual Startup Time": 1038.579,
          "Actual Total Time": 1070.391,
          "Actual Rows": 4,
          "Actual Loops": 1,
          "Workers Planned": 3,
          "Workers Launched": 3,
          "Single Copy": false,
          "Plans": [
            {
              "Node Type": "Aggregate",
              "Strategy": "Plain",
              "Partial Mode": "Partial",
              "Parent Relationship": "Outer",
              "Parallel Aware": false,
              "Startup Cost": 132590.98,
              "Total Cost": 132590.99,
              "Plan Rows": 1,
              "Plan Width": 8,
              "Actual Startup Time": 1029.743,
              "Actual Total Time": 1030.203,
              "Actual Rows": 1,
              "Actual Loops": 4,
              "Plans": [
                {
                  "Node Type": "Hash Join",
                  "Parent Relationship": "Outer",
                  "Parallel Aware": true,
                  "Join Type": "Inner",
                  "Startup Cost": 85098.04,
                  "Total Cost": 131104.42,
                  "Plan Rows": 594626,
                  "Plan Width": 0,
                  "Actual Startup Time": 617.29,
                  "Actual Total Time": 952.189,
                  "Actual Rows": 1951223,
                  "Actual Loops": 4,
                  "Inner Unique": false,
                  "Hash Cond": "(mk.movie_id = t.id)",
                  "Plans": [
                    {
                      "Node Type": "Seq Scan",
                      "Parent Relationship": "Outer",
                      "Parallel Aware": true,
                      "Relation Name": "movie_keyword",
                      "Alias": "mk",
                      "Startup Cost": 0.0,
                      "Total Cost": 39047.32,
                      "Plan Rows": 1459332,
                      "Plan Width": 4,
                      "Actual Startup Time": 0.028,
                      "Actual Total Time": 86.856,
                      "Actual Rows": 1130982,
                      "Actual Loops": 4
                    },
                    {
                      "Node Type": "Hash",
                      "Parent Relationship": "Inner",
                      "Parallel Aware": true,
                      "Startup Cost": 81878.7,
                      "Total Cost": 81878.7,
                      "Plan Rows": 257547,
                      "Plan Width": 8,
                      "Actual Startup Time": 611.508,
                      "Actual Total Time": 611.966,
                      "Actual Rows": 294536,
                      "Actual Loops": 4,
                      "Hash Buckets": 2097152,
                      "Original Hash Buckets": 1048576,
                      "Hash Batches": 1,
                      "Original Hash Batches": 1,
                      "Peak Memory Usage": 70720,
                      "Plans": [
                        {
                          "Node Type": "Hash Join",
                          "Parent Relationship": "Outer",
                          "Parallel Aware": true,
                          "Join Type": "Inner",
                          "Startup Cost": 35568.81,
                          "Total Cost": 81878.7,
                          "Plan Rows": 257547,
                          "Plan Width": 8,
                          "Actual Startup Time": 200.392,
                          "Actual Total Time": 497.755,
                          "Actual Rows": 294536,
                          "Actual Loops": 4,
                          "Inner Unique": false,
                          "Hash Cond": "(t.id = mc.movie_id)",
                          "Plans": [
                            {
                              "Node Type": "Seq Scan",
                              "Parent Relationship": "Outer",
                              "Parallel Aware": true,
                              "Relation Name": "title",
                              "Alias": "t",
                              "Startup Cost": 0.0,
                              "Total Cost": 42318.73,
                              "Plan Rows": 632073,
                              "Plan Width": 4,
                              "Actual Startup Time": 0.018,
                              "Actual Total Time": 75.962,
                              "Actual Rows": 632078,
                              "Actual Loops": 4
                            },
                            {
                              "Node Type": "Hash",
                              "Parent Relationship": "Inner",
                              "Parallel Aware": true,
                              "Startup Cost": 31414.82,
                              "Total Cost": 31414.82,
                              "Plan Rows": 332319,
                              "Plan Width": 4,
                              "Actual Startup Time": 197.706,
                              "Actual Total Time": 197.707,
                              "Actual Rows": 294536,
                              "Actual Loops": 4,
                              "Hash Buckets": 2097152,
                              "Original Hash Buckets": 1048576,
                              "Hash Batches": 1,
                              "Original Hash Batches": 1,
                              "Peak Memory Usage": 70720,
                              "Plans": [
                                {
                                  "Node Type": "Seq Scan",
                                  "Parent Relationship": "Outer",
                                  "Parallel Aware": true,
                                  "Relation Name": "movie_companies",
                                  "Alias": "mc",
                                  "Startup Cost": 0.0,
                                  "Total Cost": 31414.82,
                                  "Plan Rows": 332319,
                                  "Plan Width": 4,
                                  "Actual Startup Time": 48.656,
                                  "Actual Total Time": 92.076,
                                  "Actual Rows": 294536,
                                  "Actual Loops": 4,
                                  "Filter": "((company_id > 620) AND (company_type_id = 2))",
                                  "Rows Removed by Filter": 357746
                                }
                              ]
                            }
                          ]
                        }
                      ]
                    }
                  ]
                }
              ]
            }
          ]
        }
      ]
    },
    "Planning Time": 1.39,
    "Triggers": [],
    "Execution Time": 1070.48
  }
]