[
    {
        "Bao": {
            "Bao prediction": "NaN",
            "Bao recommended hint": "(no hint)"
        }
    },
    {
        "Plan": {
            "Node Type": "Aggregate",
            "Strategy": "Plain",
            "Partial Mode": "Finalize",
            "Parallel Aware": false,
            "Startup Cost": 350223.91,
            "Total Cost": 350223.92,
            "Plan Rows": 1,
            "Plan Width": 8,
            "Actual Startup Time": 753.32,
            "Actual Total Time": 792.907,
            "Actual Rows": 1,
            "Actual Loops": 1,
            "Output": [
                "count(*)"
            ],
            "Plans": [
                {
                    "Node Type": "Gather",
                    "Parent Relationship": "Outer",
                    "Parallel Aware": false,
                    "Startup Cost": 350223.28,
                    "Total Cost": 350223.89,
                    "Plan Rows": 6,
                    "Plan Width": 8,
                    "Actual Startup Time": 753.23,
                    "Actual Total Time": 792.899,
                    "Actual Rows": 7,
                    "Actual Loops": 1,
                    "Output": [
                        "(PARTIAL count(*))"
                    ],
                    "Workers Planned": 6,
                    "Workers Launched": 6,
                    "Single Copy": false,
                    "Plans": [
                        {
                            "Node Type": "Aggregate",
                            "Strategy": "Plain",
                            "Partial Mode": "Partial",
                            "Parent Relationship": "Outer",
                            "Parallel Aware": false,
                            "Startup Cost": 349223.28,
                            "Total Cost": 349223.29,
                            "Plan Rows": 1,
                            "Plan Width": 8,
                            "Actual Startup Time": 743.704,
                            "Actual Total Time": 743.705,
                            "Actual Rows": 1,
                            "Actual Loops": 7,
                            "Output": [
                                "PARTIAL count(*)"
                            ],
                            "Workers": [
                                {
                                    "Worker Number": 0,
                                    "Actual Startup Time": 741.479,
                                    "Actual Total Time": 741.48,
                                    "Actual Rows": 1,
                                    "Actual Loops": 1
                                },
                                {
                                    "Worker Number": 1,
                                    "Actual Startup Time": 741.961,
                                    "Actual Total Time": 741.962,
                                    "Actual Rows": 1,
                                    "Actual Loops": 1
                                },
                                {
                                    "Worker Number": 2,
                                    "Actual Startup Time": 741.971,
                                    "Actual Total Time": 741.973,
                                    "Actual Rows": 1,
                                    "Actual Loops": 1
                                },
                                {
                                    "Worker Number": 3,
                                    "Actual Startup Time": 742.429,
                                    "Actual Total Time": 742.43,
                                    "Actual Rows": 1,
                                    "Actual Loops": 1
                                },
                                {
                                    "Worker Number": 4,
                                    "Actual Startup Time": 742.153,
                                    "Actual Total Time": 742.154,
                                    "Actual Rows": 1,
                                    "Actual Loops": 1
                                },
                                {
                                    "Worker Number": 5,
                                    "Actual Startup Time": 743.071,
                                    "Actual Total Time": 743.072,
                                    "Actual Rows": 1,
                                    "Actual Loops": 1
                                }
                            ],
                            "Plans": [
                                {
                                    "Node Type": "Seq Scan",
                                    "Parent Relationship": "Outer",
                                    "Parallel Aware": true,
                                    "Relation Name": "cast_info",
                                    "Schema": "public",
                                    "Alias": "ci",
                                    "Startup Cost": 0.0,
                                    "Total Cost": 343318.94,
                                    "Plan Rows": 2361738,
                                    "Plan Width": 0,
                                    "Actual Startup Time": 345.207,
                                    "Actual Total Time": 660.265,
                                    "Actual Rows": 1709664,
                                    "Actual Loops": 7,
                                    "Output": [
                                        "id",
                                        "person_id",
                                        "movie_id",
                                        "person_role_id",
                                        "note",
                                        "nr_order",
                                        "role_id"
                                    ],
                                    "Filter": "((ci.person_id < 3297021) AND (ci.role_id > 2))",
                                    "Rows Removed by Filter": 3468099,
                                    "Workers": [
                                        {
                                            "Worker Number": 0,
                                            "Actual Startup Time": 342.983,
                                            "Actual Total Time": 659.001,
                                            "Actual Rows": 1237983,
                                            "Actual Loops": 1
                                        },
                                        {
                                            "Worker Number": 1,
                                            "Actual Startup Time": 343.472,
                                            "Actual Total Time": 660.204,
                                            "Actual Rows": 1934251,
                                            "Actual Loops": 1
                                        },
                                        {
                                            "Worker Number": 2,
                                            "Actual Startup Time": 343.485,
                                            "Actual Total Time": 659.284,
                                            "Actual Rows": 1240003,
                                            "Actual Loops": 1
                                        },
                                        {
                                            "Worker Number": 3,
                                            "Actual Startup Time": 343.927,
                                            "Actual Total Time": 662.098,
                                            "Actual Rows": 1961939,
                                            "Actual Loops": 1
                                        },
                                        {
                                            "Worker Number": 4,
                                            "Actual Startup Time": 343.658,
                                            "Actual Total Time": 659.271,
                                            "Actual Rows": 1240445,
                                            "Actual Loops": 1
                                        },
                                        {
                                            "Worker Number": 5,
                                            "Actual Startup Time": 344.572,
                                            "Actual Total Time": 662.802,
                                            "Actual Rows": 1960919,
                                            "Actual Loops": 1
                                        }
                                    ]
                                }
                            ]
                        }
                    ]
                }
            ]
        },
        "Planning Time": 180.998,
        "Triggers": [],
        "Execution Time": 792.955
    }
]