[
    {
        "Bao": {
            "Bao prediction": "NaN",
            "Bao recommended hint": "(no hint)"
        }
    },
    {
        "Plan": {
            "Node Type": "Aggregate",
            "Strategy": "Plain",
            "Partial Mode": "Finalize",
            "Parallel Aware": false,
            "Startup Cost": 33162.51,
            "Total Cost": 33162.52,
            "Plan Rows": 1,
            "Plan Width": 8,
            "Actual Startup Time": 99.588,
            "Actual Total Time": 104.742,
            "Actual Rows": 1,
            "Actual Loops": 1,
            "Output": [
                "count(*)"
            ],
            "Plans": [
                {
                    "Node Type": "Gather",
                    "Parent Relationship": "Outer",
                    "Parallel Aware": false,
                    "Startup Cost": 33162.2,
                    "Total Cost": 33162.51,
                    "Plan Rows": 3,
                    "Plan Width": 8,
                    "Actual Startup Time": 99.514,
                    "Actual Total Time": 104.734,
                    "Actual Rows": 4,
                    "Actual Loops": 1,
                    "Output": [
                        "(PARTIAL count(*))"
                    ],
                    "Workers Planned": 3,
                    "Workers Launched": 3,
                    "Single Copy": false,
                    "Plans": [
                        {
                            "Node Type": "Aggregate",
                            "Strategy": "Plain",
                            "Partial Mode": "Partial",
                            "Parent Relationship": "Outer",
                            "Parallel Aware": false,
                            "Startup Cost": 32162.2,
                            "Total Cost": 32162.21,
                            "Plan Rows": 1,
                            "Plan Width": 8,
                            "Actual Startup Time": 91.002,
                            "Actual Total Time": 91.006,
                            "Actual Rows": 1,
                            "Actual Loops": 4,
                            "Output": [
                                "PARTIAL count(*)"
                            ],
                            "Workers": [
                                {
                                    "Worker Number": 0,
                                    "Actual Startup Time": 88.201,
                                    "Actual Total Time": 88.202,
                                    "Actual Rows": 1,
                                    "Actual Loops": 1
                                },
                                {
                                    "Worker Number": 1,
                                    "Actual Startup Time": 88.205,
                                    "Actual Total Time": 88.208,
                                    "Actual Rows": 1,
                                    "Actual Loops": 1
                                },
                                {
                                    "Worker Number": 2,
                                    "Actual Startup Time": 88.721,
                                    "Actual Total Time": 88.73,
                                    "Actual Rows": 1,
                                    "Actual Loops": 1
                                }
                            ],
                            "Plans": [
                                {
                                    "Node Type": "Seq Scan",
                                    "Parent Relationship": "Outer",
                                    "Parallel Aware": true,
                                    "Relation Name": "movie_companies",
                                    "Schema": "public",
                                    "Alias": "mc",
                                    "Startup Cost": 0.0,
                                    "Total Cost": 31414.82,
                                    "Plan Rows": 298951,
                                    "Plan Width": 0,
                                    "Actual Startup Time": 49.961,
                                    "Actual Total Time": 84.014,
                                    "Actual Rows": 152294,
                                    "Actual Loops": 4,
                                    "Output": [
                                        "id",
                                        "movie_id",
                                        "company_id",
                                        "company_type_id",
                                        "note"
                                    ],
                                    "Filter": "((mc.company_id < 31129) AND (mc.company_type_id = 2))",
                                    "Rows Removed by Filter": 499988,
                                    "Workers": [
                                        {
                                            "Worker Number": 0,
                                            "Actual Startup Time": 47.004,
                                            "Actual Total Time": 81.193,
                                            "Actual Rows": 101827,
                                            "Actual Loops": 1
                                        },
                                        {
                                            "Worker Number": 1,
                                            "Actual Startup Time": 47.344,
                                            "Actual Total Time": 81.623,
                                            "Actual Rows": 159546,
                                            "Actual Loops": 1
                                        },
                                        {
                                            "Worker Number": 2,
                                            "Actual Startup Time": 47.831,
                                            "Actual Total Time": 81.865,
                                            "Actual Rows": 159540,
                                            "Actual Loops": 1
                                        }
                                    ]
                                }
                            ]
                        }
                    ]
                }
            ]
        },
        "Planning Time": 251.209,
        "Triggers": [],
        "Execution Time": 104.833
    }
]