{
  "Plan": {
    "Node Type": "Aggregate",
    "Strategy": "Plain",
    "Partial Mode": "Finalize",
    "Parallel Aware": false,
    "Startup Cost": 765903.51,
    "Total Cost": 765903.52,
    "Plan Rows": 1,
    "Plan Width": 8,
    "Actual Startup Time": 8772.74,
    "Actual Total Time": 8829.214,
    "Actual Rows": 1,
    "Actual Loops": 1,
    "Plans": [
      {
        "Node Type": "Gather",
        "Parent Relationship": "Outer",
        "Parallel Aware": false,
        "Startup Cost": 765903.4,
        "Total Cost": 765903.51,
        "Plan Rows": 1,
        "Plan Width": 8,
        "Actual Startup Time": 8765.904,
        "Actual Total Time": 8829.202,
        "Actual Rows": 2,
        "Actual Loops": 1,
        "Workers Planned": 1,
        "Workers Launched": 1,
        "Single Copy": false,
        "Plans": [
          {
            "Node Type": "Aggregate",
            "Strategy": "Plain",
            "Partial Mode": "Partial",
            "Parent Relationship": "Outer",
            "Parallel Aware": false,
            "Startup Cost": 764903.4,
            "Total Cost": 764903.41,
            "Plan Rows": 1,
            "Plan Width": 8,
            "Actual Startup Time": 8758.086,
            "Actual Total Time": 8759.343,
            "Actual Rows": 1,
            "Actual Loops": 2,
            "Plans": [
              {
                "Node Type": "Hash Join",
                "Parent Relationship": "Outer",
                "Parallel Aware": true,
                "Join Type": "Inner",
                "Startup Cost": 121901.43,
                "Total Cost": 745713.09,
                "Plan Rows": 7676124,
                "Plan Width": 0,
                "Actual Startup Time": 1159.839,
                "Actual Total Time": 8055.977,
                "Actual Rows": 15982070,
                "Actual Loops": 2,
                "Inner Unique": false,
                "Hash Cond": "(ci.movie_id = t.id)",
                "Plans": [
                  {
                    "Node Type": "Seq Scan",
                    "Parent Relationship": "Outer",
                    "Parallel Aware": true,
                    "Relation Name": "cast_info",
                    "Alias": "ci",
                    "Startup Cost": 0.0,
                    "Total Cost": 519069.44,
                    "Plan Rows": 15890274,
                    "Plan Width": 4,
                    "Actual Startup Time": 0.019,
                    "Actual Total Time": 1662.592,
                    "Actual Rows": 13554058,
                    "Actual Loops": 2,
                    "Filter": "(person_id < 2785325)",
                    "Rows Removed by Filter": 4568114
                  },
                  {
                    "Node Type": "Hash",
                    "Parent Relationship": "Inner",
                    "Parallel Aware": true,
                    "Startup Cost": 112920.95,
                    "Total Cost": 112920.95,
                    "Plan Rows": 718438,
                    "Plan Width": 8,
                    "Actual Startup Time": 1145.454,
                    "Actual Total Time": 1146.709,
                    "Actual Rows": 582831,
                    "Actual Loops": 2,
                    "Hash Buckets": 2097152,
                    "Original Hash Buckets": 2097152,
                    "Hash Batches": 1,
                    "Original Hash Batches": 1,
                    "Peak Memory Usage": 62016,
                    "Plans": [
                      {
                        "Node Type": "Hash Join",
                        "Parent Relationship": "Outer",
                        "Parallel Aware": true,
                        "Join Type": "Inner",
                        "Startup Cost": 69461.13,
                        "Total Cost": 112920.95,
                        "Plan Rows": 718438,
                        "Plan Width": 8,
                        "Actual Startup Time": 632.788,
                        "Actual Total Time": 979.127,
                        "Actual Rows": 582831,
                        "Actual Loops": 2,
                        "Inner Unique": true,
                        "Hash Cond": "(mc.movie_id = t.id)",
                        "Plans": [
                          {
                            "Node Type": "Index Scan",
                            "Parent Relationship": "Outer",
                            "Parallel Aware": true,
                            "Scan Direction": "Forward",
                            "Index Name": "company_type_id_movie_companies",
                            "Relation Name": "movie_companies",
                            "Alias": "mc",
                            "Startup Cost": 0.43,
                            "Total Cost": 41574.35,
                            "Plan Rows": 718438,
                            "Plan Width": 4,
                            "Actual Startup Time": 0.049,
                            "Actual Total Time": 139.906,
                            "Actual Rows": 582831,
                            "Actual Loops": 2,
                            "Index Cond": "(company_type_id < 2)",
                            "Rows Removed by Index Recheck": 0,
                            "Filter": "(company_id > 19)",
                            "Rows Removed by Filter": 54292
                          },
                          {
                            "Node Type": "Hash",
                            "Parent Relationship": "Inner",
                            "Parallel Aware": true,
                            "Startup Cost": 50870.31,
                            "Total Cost": 50870.31,
                            "Plan Rows": 1487231,
                            "Plan Width": 4,
                            "Actual Startup Time": 615.645,
                            "Actual Total Time": 615.647,
                            "Actual Rows": 1264156,
                            "Actual Loops": 2,
                            "Hash Buckets": 4194304,
                            "Original Hash Buckets": 4194304,
                            "Hash Batches": 1,
                            "Original Hash Batches": 1,
                            "Peak Memory Usage": 131712,
                            "Plans": [
                              {
                                "Node Type": "Seq Scan",
                                "Parent Relationship": "Outer",
                                "Parallel Aware": true,
                                "Relation Name": "title",
                                "Alias": "t",
                                "Startup Cost": 0.0,
                                "Total Cost": 50870.31,
                                "Plan Rows": 1487231,
                                "Plan Width": 4,
                                "Actual Startup Time": 0.027,
                                "Actual Total Time": 177.362,
                                "Actual Rows": 1264156,
                                "Actual Loops": 2
                              }
                            ]
                          }
                        ]
                      }
                    ]
                  }
                ]
              }
            ]
          }
        ]
      }
    ]
  },
  "Planning Time": 0.768,
  "Triggers": [],
  "Execution Time": 8829.311
}