{
  "Plan": {
    "Node Type": "Aggregate",
    "Strategy": "Plain",
    "Partial Mode": "Finalize",
    "Parallel Aware": false,
    "Startup Cost": 104180.05,
    "Total Cost": 104180.06,
    "Plan Rows": 1,
    "Plan Width": 8,
    "Actual Startup Time": 318.292,
    "Actual Total Time": 331.16,
    "Actual Rows": 1,
    "Actual Loops": 1,
    "Plans": [
      {
        "Node Type": "Gather",
        "Parent Relationship": "Outer",
        "Parallel Aware": false,
        "Startup Cost": 104179.94,
        "Total Cost": 104180.05,
        "Plan Rows": 1,
        "Plan Width": 8,
        "Actual Startup Time": 318.048,
        "Actual Total Time": 331.154,
        "Actual Rows": 2,
        "Actual Loops": 1,
        "Workers Planned": 1,
        "Workers Launched": 1,
        "Single Copy": false,
        "Plans": [
          {
            "Node Type": "Aggregate",
            "Strategy": "Plain",
            "Partial Mode": "Partial",
            "Parent Relationship": "Outer",
            "Parallel Aware": false,
            "Startup Cost": 103179.94,
            "Total Cost": 103179.95,
            "Plan Rows": 1,
            "Plan Width": 8,
            "Actual Startup Time": 312.661,
            "Actual Total Time": 312.665,
            "Actual Rows": 1,
            "Actual Loops": 2,
            "Plans": [
              {
                "Node Type": "Hash Join",
                "Parent Relationship": "Outer",
                "Parallel Aware": true,
                "Join Type": "Inner",
                "Startup Cost": 59573.36,
                "Total Cost": 103070.55,
                "Plan Rows": 43756,
                "Plan Width": 0,
                "Actual Startup Time": 204.187,
                "Actual Total Time": 311.79,
                "Actual Rows": 21242,
                "Actual Loops": 2,
                "Inner Unique": true,
                "Hash Cond": "(mc.movie_id = t.id)",
                "Plans": [
                  {
                    "Node Type": "Seq Scan",
                    "Parent Relationship": "Outer",
                    "Parallel Aware": true,
                    "Relation Name": "movie_companies",
                    "Alias": "mc",
                    "Startup Cost": 0.0,
                    "Total Cost": 41811.73,
                    "Plan Rows": 642083,
                    "Plan Width": 4,
                    "Actual Startup Time": 51.378,
                    "Actual Total Time": 114.384,
                    "Actual Rows": 433656,
                    "Actual Loops": 2,
                    "Filter": "((company_id < 76202) AND (company_type_id > 1))",
                    "Rows Removed by Filter": 870908
                  },
                  {
                    "Node Type": "Hash",
                    "Parent Relationship": "Inner",
                    "Parallel Aware": true,
                    "Startup Cost": 58306.47,
                    "Total Cost": 58306.47,
                    "Plan Rows": 101351,
                    "Plan Width": 4,
                    "Actual Startup Time": 150.986,
                    "Actual Total Time": 150.988,
                    "Actual Rows": 39546,
                    "Actual Loops": 2,
                    "Hash Buckets": 262144,
                    "Original Hash Buckets": 262144,
                    "Hash Batches": 1,
                    "Original Hash Batches": 1,
                    "Peak Memory Usage": 5184,
                    "Plans": [
                      {
                        "Node Type": "Seq Scan",
                        "Parent Relationship": "Outer",
                        "Parallel Aware": true,
                        "Relation Name": "title",
                        "Alias": "t",
                        "Startup Cost": 0.0,
                        "Total Cost": 58306.47,
                        "Plan Rows": 101351,
                        "Plan Width": 4,
                        "Actual Startup Time": 0.029,
                        "Actual Total Time": 138.224,
                        "Actual Rows": 39546,
                        "Actual Loops": 2,
                        "Filter": "((production_year < 1965) AND (kind_id = 7))",
                        "Rows Removed by Filter": 1224610
                      }
                    ]
                  }
                ]
              }
            ]
          }
        ]
      }
    ]
  },
  "Planning Time": 0.243,
  "Triggers": [],
  "Execution Time": 331.204
}