[
  {
    "Plan": {
      "Node Type": "Aggregate",
      "Strategy": "Plain",
      "Partial Mode": "Finalize",
      "Parallel Aware": false,
      "Startup Cost": 78250.92,
      "Total Cost": 78250.93,
      "Plan Rows": 1,
      "Plan Width": 8,
      "Actual Startup Time": 356.195,
      "Actual Total Time": 371.875,
      "Actual Rows": 1,
      "Actual Loops": 1,
      "Plans": [
        {
          "Node Type": "Gather",
          "Parent Relationship": "Outer",
          "Parallel Aware": false,
          "Startup Cost": 78250.6,
          "Total Cost": 78250.91,
          "Plan Rows": 3,
          "Plan Width": 8,
          "Actual Startup Time": 354.399,
          "Actual Total Time": 371.863,
          "Actual Rows": 4,
          "Actual Loops": 1,
          "Workers Planned": 3,
          "Workers Launched": 3,
          "Single Copy": false,
          "Plans": [
            {
              "Node Type": "Aggregate",
              "Strategy": "Plain",
              "Partial Mode": "Partial",
              "Parent Relationship": "Outer",
              "Parallel Aware": false,
              "Startup Cost": 77250.6,
              "Total Cost": 77250.61,
              "Plan Rows": 1,
              "Plan Width": 8,
              "Actual Startup Time": 345.889,
              "Actual Total Time": 345.892,
              "Actual Rows": 1,
              "Actual Loops": 4,
              "Plans": [
                {
                  "Node Type": "Hash Join",
                  "Parent Relationship": "Outer",
                  "Parallel Aware": true,
                  "Join Type": "Inner",
                  "Startup Cost": 47339.31,
                  "Total Cost": 76755.2,
                  "Plan Rows": 198161,
                  "Plan Width": 0,
                  "Actual Startup Time": 178.741,
                  "Actual Total Time": 335.756,
                  "Actual Rows": 230652,
                  "Actual Loops": 4,
                  "Inner Unique": true,
                  "Hash Cond": "(mc.movie_id = t.id)",
                  "Plans": [
                    {
                      "Node Type": "Seq Scan",
                      "Parent Relationship": "Outer",
                      "Parallel Aware": true,
                      "Relation Name": "movie_companies",
                      "Alias": "mc",
                      "Startup Cost": 0.0,
                      "Total Cost": 27206.55,
                      "Plan Rows": 841655,
                      "Plan Width": 4,
                      "Actual Startup Time": 0.016,
                      "Actual Total Time": 60.533,
                      "Actual Rows": 652282,
                      "Actual Loops": 4
                    },
                    {
                      "Node Type": "Hash",
                      "Parent Relationship": "Inner",
                      "Parallel Aware": true,
                      "Startup Cost": 45479.1,
                      "Total Cost": 45479.1,
                      "Plan Rows": 148817,
                      "Plan Width": 4,
                      "Actual Startup Time": 146.31,
                      "Actual Total Time": 146.311,
                      "Actual Rows": 120478,
                      "Actual Loops": 4,
                      "Hash Buckets": 1048576,
                      "Original Hash Buckets": 1048576,
                      "Hash Batches": 1,
                      "Original Hash Batches": 1,
                      "Peak Memory Usage": 27104,
                      "Plans": [
                        {
                          "Node Type": "Seq Scan",
                          "Parent Relationship": "Outer",
                          "Parallel Aware": true,
                          "Relation Name": "title",
                          "Alias": "t",
                          "Startup Cost": 0.0,
                          "Total Cost": 45479.1,
                          "Plan Rows": 148817,
                          "Plan Width": 4,
                          "Actual Startup Time": 48.263,
                          "Actual Total Time": 104.11,
                          "Actual Rows": 120478,
                          "Actual Loops": 4,
                          "Filter": "((production_year > 1954) AND (kind_id = 1))",
                          "Rows Removed by Filter": 511600
                        }
                      ]
                    }
                  ]
                }
              ]
            }
          ]
        }
      ]
    },
    "Planning Time": 0.656,
    "Triggers": [],
    "Execution Time": 371.959
  }
]