[
  {
    "Plan": {
      "Node Type": "Aggregate",
      "Strategy": "Plain",
      "Partial Mode": "Finalize",
      "Parallel Aware": false,
      "Startup Cost": 46375.44,
      "Total Cost": 46375.45,
      "Plan Rows": 1,
      "Plan Width": 8,
      "Actual Startup Time": 149.277,
      "Actual Total Time": 158.714,
      "Actual Rows": 1,
      "Actual Loops": 1,
      "Plans": [
        {
          "Node Type": "Gather",
          "Parent Relationship": "Outer",
          "Parallel Aware": false,
          "Startup Cost": 46375.12,
          "Total Cost": 46375.43,
          "Plan Rows": 3,
          "Plan Width": 8,
          "Actual Startup Time": 149.1,
          "Actual Total Time": 158.702,
          "Actual Rows": 4,
          "Actual Loops": 1,
          "Workers Planned": 3,
          "Workers Launched": 3,
          "Single Copy": false,
          "Plans": [
            {
              "Node Type": "Aggregate",
              "Strategy": "Plain",
              "Partial Mode": "Partial",
              "Parent Relationship": "Outer",
              "Parallel Aware": false,
              "Startup Cost": 45375.12,
              "Total Cost": 45375.13,
              "Plan Rows": 1,
              "Plan Width": 8,
              "Actual Startup Time": 143.917,
              "Actual Total Time": 143.918,
              "Actual Rows": 1,
              "Actual Loops": 4,
              "Plans": [
                {
                  "Node Type": "Seq Scan",
                  "Parent Relationship": "Outer",
                  "Parallel Aware": true,
                  "Relation Name": "movie_keyword",
                  "Alias": "mk",
                  "Startup Cost": 0.0,
                  "Total Cost": 42695.65,
                  "Plan Rows": 1071786,
                  "Plan Width": 0,
                  "Actual Startup Time": 0.079,
                  "Actual Total Time": 109.526,
                  "Actual Rows": 830806,
                  "Actual Loops": 4,
                  "Filter": "(keyword_id > 1479)",
                  "Rows Removed by Filter": 300176
                }
              ]
            }
          ]
        }
      ]
    },
    "Planning Time": 0.078,
    "Triggers": [],
    "Execution Time": 158.741
  }
]