{
  "Plan": {
    "Node Type": "Aggregate",
    "Strategy": "Plain",
    "Partial Mode": "Finalize",
    "Parallel Aware": false,
    "Startup Cost": 429763.18,
    "Total Cost": 429763.19,
    "Plan Rows": 1,
    "Plan Width": 8,
    "Actual Startup Time": 1605.519,
    "Actual Total Time": 1623.312,
    "Actual Rows": 1,
    "Actual Loops": 1,
    "Plans": [
      {
        "Node Type": "Gather",
        "Parent Relationship": "Outer",
        "Parallel Aware": false,
        "Startup Cost": 429763.07,
        "Total Cost": 429763.18,
        "Plan Rows": 1,
        "Plan Width": 8,
        "Actual Startup Time": 1600.421,
        "Actual Total Time": 1623.303,
        "Actual Rows": 2,
        "Actual Loops": 1,
        "Workers Planned": 1,
        "Workers Launched": 1,
        "Single Copy": false,
        "Plans": [
          {
            "Node Type": "Aggregate",
            "Strategy": "Plain",
            "Partial Mode": "Partial",
            "Parent Relationship": "Outer",
            "Parallel Aware": false,
            "Startup Cost": 428763.07,
            "Total Cost": 428763.08,
            "Plan Rows": 1,
            "Plan Width": 8,
            "Actual Startup Time": 1592.848,
            "Actual Total Time": 1592.852,
            "Actual Rows": 1,
            "Actual Loops": 2,
            "Plans": [
              {
                "Node Type": "Hash Join",
                "Parent Relationship": "Outer",
                "Parallel Aware": true,
                "Join Type": "Inner",
                "Startup Cost": 140971.82,
                "Total Cost": 425629.17,
                "Plan Rows": 1253561,
                "Plan Width": 0,
                "Actual Startup Time": 663.31,
                "Actual Total Time": 1527.355,
                "Actual Rows": 1567527,
                "Actual Loops": 2,
                "Inner Unique": true,
                "Hash Cond": "(ci.movie_id = t.id)",
                "Plans": [
                  {
                    "Node Type": "Bitmap Heap Scan",
                    "Parent Relationship": "Outer",
                    "Parallel Aware": true,
                    "Relation Name": "cast_info",
                    "Alias": "ci",
                    "Startup Cost": 71511.12,
                    "Total Cost": 352877.87,
                    "Plan Rows": 1253561,
                    "Plan Width": 4,
                    "Actual Startup Time": 144.424,
                    "Actual Total Time": 374.153,
                    "Actual Rows": 1567527,
                    "Actual Loops": 2,
                    "Recheck Cond": "(person_id > 3484212)",
                    "Rows Removed by Index Recheck": 0,
                    "Filter": "(role_id > 1)",
                    "Rows Removed by Filter": 0,
                    "Exact Heap Blocks": 23130,
                    "Lossy Heap Blocks": 0,
                    "Plans": [
                      {
                        "Node Type": "Bitmap Index Scan",
                        "Parent Relationship": "Outer",
                        "Parallel Aware": false,
                        "Index Name": "person_id_cast_info",
                        "Startup Cost": 0.0,
                        "Total Cost": 70978.36,
                        "Plan Rows": 3250372,
                        "Plan Width": 0,
                        "Actual Startup Time": 137.212,
                        "Actual Total Time": 137.213,
                        "Actual Rows": 3135054,
                        "Actual Loops": 1,
                        "Index Cond": "(person_id > 3484212)"
                      }
                    ]
                  },
                  {
                    "Node Type": "Hash",
                    "Parent Relationship": "Inner",
                    "Parallel Aware": true,
                    "Startup Cost": 50870.31,
                    "Total Cost": 50870.31,
                    "Plan Rows": 1487231,
                    "Plan Width": 4,
                    "Actual Startup Time": 504.07,
                    "Actual Total Time": 504.071,
                    "Actual Rows": 1264156,
                    "Actual Loops": 2,
                    "Hash Buckets": 4194304,
                    "Original Hash Buckets": 4194304,
                    "Hash Batches": 1,
                    "Original Hash Batches": 1,
                    "Peak Memory Usage": 131712,
                    "Plans": [
                      {
                        "Node Type": "Seq Scan",
                        "Parent Relationship": "Outer",
                        "Parallel Aware": true,
                        "Relation Name": "title",
                        "Alias": "t",
                        "Startup Cost": 0.0,
                        "Total Cost": 50870.31,
                        "Plan Rows": 1487231,
                        "Plan Width": 4,
                        "Actual Startup Time": 0.018,
                        "Actual Total Time": 145.58,
                        "Actual Rows": 1264156,
                        "Actual Loops": 2
                      }
                    ]
                  }
                ]
              }
            ]
          }
        ]
      }
    ]
  },
  "Planning Time": 0.248,
  "Triggers": [],
  "Execution Time": 1623.357
}