{
  "Plan": {
    "Node Type": "Aggregate",
    "Strategy": "Plain",
    "Partial Mode": "Simple",
    "Parallel Aware": false,
    "Startup Cost": 319726.02,
    "Total Cost": 319726.03,
    "Plan Rows": 1,
    "Plan Width": 128,
    "Actual Startup Time": 166.977,
    "Actual Total Time": 187.25,
    "Actual Rows": 1,
    "Actual Loops": 1,
    "Plans": [
      {
        "Node Type": "Nested Loop",
        "Parent Relationship": "Outer",
        "Parallel Aware": false,
        "Join Type": "Inner",
        "Startup Cost": 249450.64,
        "Total Cost": 319726.01,
        "Plan Rows": 1,
        "Plan Width": 81,
        "Actual Startup Time": 166.971,
        "Actual Total Time": 187.242,
        "Actual Rows": 0,
        "Actual Loops": 1,
        "Inner Unique": true,
        "Plans": [
          {
            "Node Type": "Nested Loop",
            "Parent Relationship": "Outer",
            "Parallel Aware": false,
            "Join Type": "Inner",
            "Startup Cost": 249450.5,
            "Total Cost": 319725.83,
            "Plan Rows": 1,
            "Plan Width": 85,
            "Actual Startup Time": 166.97,
            "Actual Total Time": 187.24,
            "Actual Rows": 0,
            "Actual Loops": 1,
            "Inner Unique": false,
            "Join Filter": "(cc.status_id = cct2.id)",
            "Rows Removed by Join Filter": 0,
            "Plans": [
              {
                "Node Type": "Seq Scan",
                "Parent Relationship": "Outer",
                "Parallel Aware": false,
                "Relation Name": "comp_cast_type",
                "Alias": "cct2",
                "Startup Cost": 0.0,
                "Total Cost": 1.05,
                "Plan Rows": 1,
                "Plan Width": 4,
                "Actual Startup Time": 0.011,
                "Actual Total Time": 0.015,
                "Actual Rows": 1,
                "Actual Loops": 1,
                "Filter": "((kind)::text = 'complete+verified'::text)",
                "Rows Removed by Filter": 3
              },
              {
                "Node Type": "Gather",
                "Parent Relationship": "Inner",
                "Parallel Aware": false,
                "Startup Cost": 249450.5,
                "Total Cost": 319724.77,
                "Plan Rows": 1,
                "Plan Width": 89,
                "Actual Startup Time": 166.953,
                "Actual Total Time": 187.221,
                "Actual Rows": 0,
                "Actual Loops": 1,
                "Workers Planned": 4,
                "Workers Launched": 4,
                "Single Copy": false,
                "Plans": [
                  {
                    "Node Type": "Hash Join",
                    "Parent Relationship": "Outer",
                    "Parallel Aware": false,
                    "Join Type": "Inner",
                    "Startup Cost": 248450.5,
                    "Total Cost": 318724.67,
                    "Plan Rows": 1,
                    "Plan Width": 89,
                    "Actual Startup Time": 154.09,
                    "Actual Total Time": 154.105,
                    "Actual Rows": 0,
                    "Actual Loops": 5,
                    "Inner Unique": false,
                    "Hash Cond": "(t.id = mi.movie_id)",
                    "Plans": [
                      {
                        "Node Type": "Hash Join",
                        "Parent Relationship": "Outer",
                        "Parallel Aware": true,
                        "Join Type": "Inner",
                        "Startup Cost": 56504.05,
                        "Total Cost": 126778.17,
                        "Plan Rows": 10,
                        "Plan Width": 40,
                        "Actual Startup Time": 154.088,
                        "Actual Total Time": 154.093,
                        "Actual Rows": 0,
                        "Actual Loops": 5,
                        "Inner Unique": false,
                        "Hash Cond": "(n.id = ci.person_id)",
                        "Plans": [
                          {
                            "Node Type": "Seq Scan",
                            "Parent Relationship": "Outer",
                            "Parallel Aware": true,
                            "Relation Name": "name",
                            "Alias": "n",
                            "Startup Cost": 0.0,
                            "Total Cost": 68636.05,
                            "Plan Rows": 436810,
                            "Plan Width": 19,
                            "Actual Startup Time": 0.0,
                            "Actual Total Time": 0.0,
                            "Actual Rows": 0,
                            "Actual Loops": 0,
                            "Filter": "((gender)::text = 'm'::text)",
                            "Rows Removed by Filter": 0
                          },
                          {
                            "Node Type": "Hash",
                            "Parent Relationship": "Inner",
                            "Parallel Aware": true,
                            "Startup Cost": 56503.75,
                            "Total Cost": 56503.75,
                            "Plan Rows": 24,
                            "Plan Width": 29,
                            "Actual Startup Time": 153.297,
                            "Actual Total Time": 153.299,
                            "Actual Rows": 0,
                            "Actual Loops": 5,
                            "Hash Buckets": 1024,
                            "Original Hash Buckets": 1024,
                            "Hash Batches": 1,
                            "Original Hash Batches": 1,
                            "Peak Memory Usage": 0,
                            "Plans": [
                              {
                                "Node Type": "Nested Loop",
                                "Parent Relationship": "Outer",
                                "Parallel Aware": false,
                                "Join Type": "Inner",
                                "Startup Cost": 0.56,
                                "Total Cost": 56503.75,
                                "Plan Rows": 24,
                                "Plan Width": 29,
                                "Actual Startup Time": 153.225,
                                "Actual Total Time": 153.226,
                                "Actual Rows": 0,
                                "Actual Loops": 5,
                                "Inner Unique": false,
                                "Plans": [
                                  {
                                    "Node Type": "Seq Scan",
                                    "Parent Relationship": "Outer",
                                    "Parallel Aware": true,
                                    "Relation Name": "title",
                                    "Alias": "t",
                                    "Startup Cost": 0.0,
                                    "Total Cost": 48640.54,
                                    "Plan Rows": 52,
                                    "Plan Width": 21,
                                    "Actual Startup Time": 146.746,
                                    "Actual Total Time": 153.145,
                                    "Actual Rows": 1,
                                    "Actual Loops": 5,
                                    "Filter": "((production_year < 1910) AND ((title ~~ '%Freddy%'::text) OR (title ~~ '%Jason%'::text) OR (title ~~ 'Saw%'::text)))",
                                    "Rows Removed by Filter": 505662
                                  },
                                  {
                                    "Node Type": "Index Scan",
                                    "Parent Relationship": "Inner",
                                    "Parallel Aware": false,
                                    "Scan Direction": "Forward",
                                    "Index Name": "movie_id_cast_info",
                                    "Relation Name": "cast_info",
                                    "Alias": "ci",
                                    "Startup Cost": 0.56,
                                    "Total Cost": 151.21,
                                    "Plan Rows": 1,
                                    "Plan Width": 8,
                                    "Actual Startup Time": 0.124,
                                    "Actual Total Time": 0.124,
                                    "Actual Rows": 0,
                                    "Actual Loops": 3,
                                    "Index Cond": "(movie_id = t.id)",
                                    "Rows Removed by Index Recheck": 0,
                                    "Filter": "(note = ANY ('{(writer),\"(head writer)\",\"(written by)\",(story),\"(story editor)\"}'::text[]))",
                                    "Rows Removed by Filter": 1
                                  }
                                ]
                              }
                            ]
                          }
                        ]
                      },
                      {
                        "Node Type": "Hash",
                        "Parent Relationship": "Inner",
                        "Parallel Aware": false,
                        "Startup Cost": 191946.44,
                        "Total Cost": 191946.44,
                        "Plan Rows": 1,
                        "Plan Width": 73,
                        "Actual Startup Time": 0.0,
                        "Actual Total Time": 0.0,
                        "Actual Rows": 0,
                        "Actual Loops": 0,
                        "Plans": [
                          {
                            "Node Type": "Merge Join",
                            "Parent Relationship": "Outer",
                            "Parallel Aware": false,
                            "Join Type": "Inner",
                            "Startup Cost": 191942.78,
                            "Total Cost": 191946.44,
                            "Plan Rows": 1,
                            "Plan Width": 73,
                            "Actual Startup Time": 0.0,
                            "Actual Total Time": 0.0,
                            "Actual Rows": 0,
                            "Actual Loops": 0,
                            "Inner Unique": false,
                            "Merge Cond": "(mi.movie_id = mi_idx.movie_id)",
                            "Plans": [
                              {
                                "Node Type": "Sort",
                                "Parent Relationship": "Outer",
                                "Parallel Aware": false,
                                "Startup Cost": 177671.81,
                                "Total Cost": 177673.36,
                                "Plan Rows": 623,
                                "Plan Width": 47,
                                "Actual Startup Time": 0.0,
                                "Actual Total Time": 0.0,
                                "Actual Rows": 0,
                                "Actual Loops": 0,
                                "Sort Key": [
                                  "mi.movie_id"
                                ],
                                "Plans": [
                                  {
                                    "Node Type": "Nested Loop",
                                    "Parent Relationship": "Outer",
                                    "Parallel Aware": false,
                                    "Join Type": "Inner",
                                    "Startup Cost": 3785.74,
                                    "Total Cost": 177642.89,
                                    "Plan Rows": 623,
                                    "Plan Width": 47,
                                    "Actual Startup Time": 0.0,
                                    "Actual Total Time": 0.0,
                                    "Actual Rows": 0,
                                    "Actual Loops": 0,
                                    "Inner Unique": false,
                                    "Plans": [
                                      {
                                        "Node Type": "Seq Scan",
                                        "Parent Relationship": "Outer",
                                        "Parallel Aware": false,
                                        "Relation Name": "info_type",
                                        "Alias": "it1",
                                        "Startup Cost": 0.0,
                                        "Total Cost": 2.41,
                                        "Plan Rows": 1,
                                        "Plan Width": 4,
                                        "Actual Startup Time": 0.0,
                                        "Actual Total Time": 0.0,
                                        "Actual Rows": 0,
                                        "Actual Loops": 0,
                                        "Filter": "((info)::text = 'genres'::text)",
                                        "Rows Removed by Filter": 0
                                      },
                                      {
                                        "Node Type": "Bitmap Heap Scan",
                                        "Parent Relationship": "Inner",
                                        "Parallel Aware": false,
                                        "Relation Name": "movie_info",
                                        "Alias": "mi",
                                        "Startup Cost": 3785.74,
                                        "Total Cost": 177630.43,
                                        "Plan Rows": 1005,
                                        "Plan Width": 51,
                                        "Actual Startup Time": 0.0,
                                        "Actual Total Time": 0.0,
                                        "Actual Rows": 0,
                                        "Actual Loops": 0,
                                        "Recheck Cond": "(info_type_id = it1.id)",
                                        "Rows Removed by Index Recheck": 0,
                                        "Filter": "(info = ANY ('{Horror,Thriller}'::text[]))",
                                        "Rows Removed by Filter": 0,
                                        "Exact Heap Blocks": 0,
                                        "Lossy Heap Blocks": 0,
                                        "Plans": [
                                          {
                                            "Node Type": "Bitmap Index Scan",
                                            "Parent Relationship": "Outer",
                                            "Parallel Aware": false,
                                            "Index Name": "info_type_id_movie_info",
                                            "Startup Cost": 0.0,
                                            "Total Cost": 3785.49,
                                            "Plan Rows": 212407,
                                            "Plan Width": 0,
                                            "Actual Startup Time": 0.0,
                                            "Actual Total Time": 0.0,
                                            "Actual Rows": 0,
                                            "Actual Loops": 0,
                                            "Index Cond": "(info_type_id = it1.id)"
                                          }
                                        ]
                                      }
                                    ]
                                  }
                                ]
                              },
                              {
                                "Node Type": "Sort",
                                "Parent Relationship": "Inner",
                                "Parallel Aware": false,
                                "Startup Cost": 14270.97,
                                "Total Cost": 14271.24,
                                "Plan Rows": 108,
                                "Plan Width": 26,
                                "Actual Startup Time": 0.0,
                                "Actual Total Time": 0.0,
                                "Actual Rows": 0,
                                "Actual Loops": 0,
                                "Sort Key": [
                                  "cc.movie_id"
                                ],
                                "Plans": [
                                  {
                                    "Node Type": "Nested Loop",
                                    "Parent Relationship": "Outer",
                                    "Parallel Aware": false,
                                    "Join Type": "Inner",
                                    "Startup Cost": 11072.62,
                                    "Total Cost": 14267.32,
                                    "Plan Rows": 108,
                                    "Plan Width": 26,
                                    "Actual Startup Time": 0.0,
                                    "Actual Total Time": 0.0,
                                    "Actual Rows": 0,
                                    "Actual Loops": 0,
                                    "Inner Unique": false,
                                    "Plans": [
                                      {
                                        "Node Type": "Nested Loop",
                                        "Parent Relationship": "Outer",
                                        "Parallel Aware": false,
                                        "Join Type": "Inner",
                                        "Startup Cost": 11072.2,
                                        "Total Cost": 14182.15,
                                        "Plan Rows": 163,
                                        "Plan Width": 12,
                                        "Actual Startup Time": 0.0,
                                        "Actual Total Time": 0.0,
                                        "Actual Rows": 0,
                                        "Actual Loops": 0,
                                        "Inner Unique": false,
                                        "Join Filter": "(cc.subject_id = cct1.id)",
                                        "Rows Removed by Join Filter": 0,
                                        "Plans": [
                                          {
                                            "Node Type": "Seq Scan",
                                            "Parent Relationship": "Outer",
                                            "Parallel Aware": false,
                                            "Relation Name": "comp_cast_type",
                                            "Alias": "cct1",
                                            "Startup Cost": 0.0,
                                            "Total Cost": 1.05,
                                            "Plan Rows": 2,
                                            "Plan Width": 4,
                                            "Actual Startup Time": 0.0,
                                            "Actual Total Time": 0.0,
                                            "Actual Rows": 0,
                                            "Actual Loops": 0,
                                            "Filter": "((kind)::text = ANY ('{cast,crew}'::text[]))",
                                            "Rows Removed by Filter": 0
                                          },
                                          {
                                            "Node Type": "Materialize",
                                            "Parent Relationship": "Inner",
                                            "Parallel Aware": false,
                                            "Startup Cost": 11072.2,
                                            "Total Cost": 14172.11,
                                            "Plan Rows": 327,
                                            "Plan Width": 16,
                                            "Actual Startup Time": 0.0,
                                            "Actual Total Time": 0.0,
                                            "Actual Rows": 0,
                                            "Actual Loops": 0,
                                            "Plans": [
                                              {
                                                "Node Type": "Hash Join",
                                                "Parent Relationship": "Outer",
                                                "Parallel Aware": false,
                                                "Join Type": "Inner",
                                                "Startup Cost": 11072.2,
                                                "Total Cost": 14170.47,
                                                "Plan Rows": 327,
                                                "Plan Width": 16,
                                                "Actual Startup Time": 0.0,
                                                "Actual Total Time": 0.0,
                                                "Actual Rows": 0,
                                                "Actual Loops": 0,
                                                "Inner Unique": false,
                                                "Hash Cond": "(cc.movie_id = mk.movie_id)",
                                                "Plans": [
                                                  {
                                                    "Node Type": "Seq Scan",
                                                    "Parent Relationship": "Outer",
                                                    "Parallel Aware": false,
                                                    "Relation Name": "complete_cast",
                                                    "Alias": "cc",
                                                    "Startup Cost": 0.0,
                                                    "Total Cost": 2081.86,
                                                    "Plan Rows": 135086,
                                                    "Plan Width": 12,
                                                    "Actual Startup Time": 0.0,
                                                    "Actual Total Time": 0.0,
                                                    "Actual Rows": 0,
                                                    "Actual Loops": 0
                                                  },
                                                  {
                                                    "Node Type": "Hash",
                                                    "Parent Relationship": "Inner",
                                                    "Parallel Aware": false,
                                                    "Startup Cost": 11069.25,
                                                    "Total Cost": 11069.25,
                                                    "Plan Rows": 236,
                                                    "Plan Width": 4,
                                                    "Actual Startup Time": 0.0,
                                                    "Actual Total Time": 0.0,
                                                    "Actual Rows": 0,
                                                    "Actual Loops": 0,
                                                    "Plans": [
                                                      {
                                                        "Node Type": "Nested Loop",
                                                        "Parent Relationship": "Outer",
                                                        "Parallel Aware": false,
                                                        "Join Type": "Inner",
                                                        "Startup Cost": 10.78,
                                                        "Total Cost": 11069.25,
                                                        "Plan Rows": 236,
                                                        "Plan Width": 4,
                                                        "Actual Startup Time": 0.0,
                                                        "Actual Total Time": 0.0,
                                                        "Actual Rows": 0,
                                                        "Actual Loops": 0,
                                                        "Inner Unique": false,
                                                        "Plans": [
                                                          {
                                                            "Node Type": "Seq Scan",
                                                            "Parent Relationship": "Outer",
                                                            "Parallel Aware": false,
                                                            "Relation Name": "keyword",
                                                            "Alias": "k",
                                                            "Startup Cost": 0.0,
                                                            "Total Cost": 3464.69,
                                                            "Plan Rows": 7,
                                                            "Plan Width": 4,
                                                            "Actual Startup Time": 0.0,
                                                            "Actual Total Time": 0.0,
                                                            "Actual Rows": 0,
                                                            "Actual Loops": 0,
                                                            "Filter": "(keyword = ANY ('{murder,violence,blood,gore,death,female-nudity,hospital}'::text[]))",
                                                            "Rows Removed by Filter": 0
                                                          },
                                                          {
                                                            "Node Type": "Bitmap Heap Scan",
                                                            "Parent Relationship": "Inner",
                                                            "Parallel Aware": false,
                                                            "Relation Name": "movie_keyword",
                                                            "Alias": "mk",
                                                            "Startup Cost": 10.78,
                                                            "Total Cost": 1083.34,
                                                            "Plan Rows": 303,
                                                            "Plan Width": 8,
                                                            "Actual Startup Time": 0.0,
                                                            "Actual Total Time": 0.0,
                                                            "Actual Rows": 0,
                                                            "Actual Loops": 0,
                                                            "Recheck Cond": "(keyword_id = k.id)",
                                                            "Rows Removed by Index Recheck": 0,
                                                            "Exact Heap Blocks": 0,
                                                            "Lossy Heap Blocks": 0,
                                                            "Plans": [
                                                              {
                                                                "Node Type": "Bitmap Index Scan",
                                                                "Parent Relationship": "Outer",
                                                                "Parallel Aware": false,
                                                                "Index Name": "keyword_id_movie_keyword",
                                                                "Startup Cost": 0.0,
                                                                "Total Cost": 10.71,
                                                                "Plan Rows": 303,
                                                                "Plan Width": 0,
                                                                "Actual Startup Time": 0.0,
                                                                "Actual Total Time": 0.0,
                                                                "Actual Rows": 0,
                                                                "Actual Loops": 0,
                                                                "Index Cond": "(keyword_id = k.id)"
                                                              }
                                                            ]
                                                          }
                                                        ]
                                                      }
                                                    ]
                                                  }
                                                ]
                                              }
                                            ]
                                          }
                                        ]
                                      },
                                      {
                                        "Node Type": "Index Scan",
                                        "Parent Relationship": "Inner",
                                        "Parallel Aware": false,
                                        "Scan Direction": "Forward",
                                        "Index Name": "movie_id_movie_info_idx",
                                        "Relation Name": "movie_info_idx",
                                        "Alias": "mi_idx",
                                        "Startup Cost": 0.43,
                                        "Total Cost": 0.49,
                                        "Plan Rows": 3,
                                        "Plan Width": 14,
                                        "Actual Startup Time": 0.0,
                                        "Actual Total Time": 0.0,
                                        "Actual Rows": 0,
                                        "Actual Loops": 0,
                                        "Index Cond": "(movie_id = mk.movie_id)",
                                        "Rows Removed by Index Recheck": 0
                                      }
                                    ]
                                  }
                                ]
                              }
                            ]
                          }
                        ]
                      }
                    ]
                  }
                ]
              }
            ]
          },
          {
            "Node Type": "Index Scan",
            "Parent Relationship": "Inner",
            "Parallel Aware": false,
            "Scan Direction": "Forward",
            "Index Name": "info_type_pkey",
            "Relation Name": "info_type",
            "Alias": "it2",
            "Startup Cost": 0.14,
            "Total Cost": 0.16,
            "Plan Rows": 1,
            "Plan Width": 4,
            "Actual Startup Time": 0.0,
            "Actual Total Time": 0.0,
            "Actual Rows": 0,
            "Actual Loops": 0,
            "Index Cond": "(id = mi_idx.info_type_id)",
            "Rows Removed by Index Recheck": 0,
            "Filter": "((info)::text = 'votes'::text)",
            "Rows Removed by Filter": 0
          }
        ]
      }
    ]
  },
  "Planning Time": 102.469,
  "Triggers": [],
  "Execution Time": 187.933
}