[
  {
    "Plan": {
      "Node Type": "Aggregate",
      "Strategy": "Plain",
      "Partial Mode": "Finalize",
      "Parallel Aware": false,
      "Startup Cost": 69867.16,
      "Total Cost": 69867.17,
      "Plan Rows": 1,
      "Plan Width": 8,
      "Actual Startup Time": 169.619,
      "Actual Total Time": 181.296,
      "Actual Rows": 1,
      "Actual Loops": 1,
      "Plans": [
        {
          "Node Type": "Gather",
          "Parent Relationship": "Outer",
          "Parallel Aware": false,
          "Startup Cost": 69866.84,
          "Total Cost": 69867.15,
          "Plan Rows": 3,
          "Plan Width": 8,
          "Actual Startup Time": 167.075,
          "Actual Total Time": 181.289,
          "Actual Rows": 4,
          "Actual Loops": 1,
          "Workers Planned": 3,
          "Workers Launched": 3,
          "Single Copy": false,
          "Plans": [
            {
              "Node Type": "Aggregate",
              "Strategy": "Plain",
              "Partial Mode": "Partial",
              "Parent Relationship": "Outer",
              "Parallel Aware": false,
              "Startup Cost": 68866.84,
              "Total Cost": 68866.85,
              "Plan Rows": 1,
              "Plan Width": 8,
              "Actual Startup Time": 159.606,
              "Actual Total Time": 159.61,
              "Actual Rows": 1,
              "Actual Loops": 4,
              "Plans": [
                {
                  "Node Type": "Hash Join",
                  "Parent Relationship": "Outer",
                  "Parallel Aware": true,
                  "Join Type": "Inner",
                  "Startup Cost": 49374.24,
                  "Total Cost": 68854.92,
                  "Plan Rows": 4769,
                  "Plan Width": 0,
                  "Actual Startup Time": 138.445,
                  "Actual Total Time": 159.07,
                  "Actual Rows": 11576,
                  "Actual Loops": 4,
                  "Inner Unique": true,
                  "Hash Cond": "(mc.movie_id = t.id)",
                  "Plans": [
                    {
                      "Node Type": "Bitmap Heap Scan",
                      "Parent Relationship": "Outer",
                      "Parallel Aware": true,
                      "Relation Name": "movie_companies",
                      "Alias": "mc",
                      "Startup Cost": 3069.52,
                      "Total Cost": 22430.33,
                      "Plan Rows": 45665,
                      "Plan Width": 4,
                      "Actual Startup Time": 5.511,
                      "Actual Total Time": 15.347,
                      "Actual Rows": 34606,
                      "Actual Loops": 4,
                      "Recheck Cond": "(company_id > 137077)",
                      "Rows Removed by Index Recheck": 0,
                      "Exact Heap Blocks": 1109,
                      "Lossy Heap Blocks": 0,
                      "Plans": [
                        {
                          "Node Type": "Bitmap Index Scan",
                          "Parent Relationship": "Outer",
                          "Parallel Aware": false,
                          "Index Name": "company_id_movie_companies",
                          "Startup Cost": 0.0,
                          "Total Cost": 3034.13,
                          "Plan Rows": 141560,
                          "Plan Width": 0,
                          "Actual Startup Time": 4.856,
                          "Actual Total Time": 4.857,
                          "Actual Rows": 138423,
                          "Actual Loops": 1,
                          "Index Cond": "(company_id > 137077)"
                        }
                      ]
                    },
                    {
                      "Node Type": "Hash",
                      "Parent Relationship": "Inner",
                      "Parallel Aware": true,
                      "Startup Cost": 45479.59,
                      "Total Cost": 45479.59,
                      "Plan Rows": 66011,
                      "Plan Width": 4,
                      "Actual Startup Time": 130.068,
                      "Actual Total Time": 130.069,
                      "Actual Rows": 93549,
                      "Actual Loops": 4,
                      "Hash Buckets": 524288,
                      "Original Hash Buckets": 524288,
                      "Hash Batches": 1,
                      "Original Hash Batches": 1,
                      "Peak Memory Usage": 18816,
                      "Plans": [
                        {
                          "Node Type": "Seq Scan",
                          "Parent Relationship": "Outer",
                          "Parallel Aware": true,
                          "Relation Name": "title",
                          "Alias": "t",
                          "Startup Cost": 0.0,
                          "Total Cost": 45479.59,
                          "Plan Rows": 66011,
                          "Plan Width": 4,
                          "Actual Startup Time": 55.393,
                          "Actual Total Time": 96.612,
                          "Actual Rows": 93549,
                          "Actual Loops": 4,
                          "Filter": "((kind_id < 2) AND (production_year < 2000))",
                          "Rows Removed by Filter": 538529
                        }
                      ]
                    }
                  ]
                }
              ]
            }
          ]
        }
      ]
    },
    "Planning Time": 0.671,
    "Triggers": [],
    "Execution Time": 181.385
  }
]