{
  "Plan": {
    "Node Type": "Aggregate",
    "Strategy": "Plain",
    "Partial Mode": "Finalize",
    "Parallel Aware": false,
    "Startup Cost": 804512.6,
    "Total Cost": 804512.61,
    "Plan Rows": 1,
    "Plan Width": 8,
    "Actual Startup Time": 12991.725,
    "Actual Total Time": 13065.422,
    "Actual Rows": 1,
    "Actual Loops": 1,
    "Plans": [
      {
        "Node Type": "Gather",
        "Parent Relationship": "Outer",
        "Parallel Aware": false,
        "Startup Cost": 804512.49,
        "Total Cost": 804512.6,
        "Plan Rows": 1,
        "Plan Width": 8,
        "Actual Startup Time": 12981.425,
        "Actual Total Time": 13065.411,
        "Actual Rows": 2,
        "Actual Loops": 1,
        "Workers Planned": 1,
        "Workers Launched": 1,
        "Single Copy": false,
        "Plans": [
          {
            "Node Type": "Aggregate",
            "Strategy": "Plain",
            "Partial Mode": "Partial",
            "Parent Relationship": "Outer",
            "Parallel Aware": false,
            "Startup Cost": 803512.49,
            "Total Cost": 803512.5,
            "Plan Rows": 1,
            "Plan Width": 8,
            "Actual Startup Time": 12974.959,
            "Actual Total Time": 12978.815,
            "Actual Rows": 1,
            "Actual Loops": 2,
            "Plans": [
              {
                "Node Type": "Hash Join",
                "Parent Relationship": "Outer",
                "Parallel Aware": true,
                "Join Type": "Inner",
                "Startup Cost": 132973.15,
                "Total Cost": 775926.12,
                "Plan Rows": 11034550,
                "Plan Width": 0,
                "Actual Startup Time": 1188.576,
                "Actual Total Time": 10407.146,
                "Actual Rows": 62296314,
                "Actual Loops": 2,
                "Inner Unique": false,
                "Hash Cond": "(ci.movie_id = t.id)",
                "Plans": [
                  {
                    "Node Type": "Seq Scan",
                    "Parent Relationship": "Outer",
                    "Parallel Aware": true,
                    "Relation Name": "cast_info",
                    "Alias": "ci",
                    "Startup Cost": 0.0,
                    "Total Cost": 519069.44,
                    "Plan Rows": 15726509,
                    "Plan Width": 4,
                    "Actual Startup Time": 0.012,
                    "Actual Total Time": 1817.649,
                    "Actual Rows": 13429820,
                    "Actual Loops": 2,
                    "Filter": "(role_id < 5)",
                    "Rows Removed by Filter": 4692352
                  },
                  {
                    "Node Type": "Hash",
                    "Parent Relationship": "Inner",
                    "Parallel Aware": true,
                    "Startup Cost": 119929.15,
                    "Total Cost": 119929.15,
                    "Plan Rows": 1043520,
                    "Plan Width": 8,
                    "Actual Startup Time": 1173.864,
                    "Actual Total Time": 1177.718,
                    "Actual Rows": 1939234,
                    "Actual Loops": 2,
                    "Hash Buckets": 4194304,
                    "Original Hash Buckets": 2097152,
                    "Hash Batches": 1,
                    "Original Hash Batches": 1,
                    "Peak Memory Usage": 200896,
                    "Plans": [
                      {
                        "Node Type": "Hash Join",
                        "Parent Relationship": "Outer",
                        "Parallel Aware": true,
                        "Join Type": "Inner",
                        "Startup Cost": 61878.3,
                        "Total Cost": 119929.15,
                        "Plan Rows": 1043520,
                        "Plan Width": 8,
                        "Actual Startup Time": 260.762,
                        "Actual Total Time": 804.536,
                        "Actual Rows": 1939234,
                        "Actual Loops": 2,
                        "Inner Unique": true,
                        "Hash Cond": "(mk.movie_id = t.id)",
                        "Plans": [
                          {
                            "Node Type": "Seq Scan",
                            "Parent Relationship": "Outer",
                            "Parallel Aware": true,
                            "Relation Name": "movie_keyword",
                            "Alias": "mk",
                            "Startup Cost": 0.0,
                            "Total Cost": 51065.35,
                            "Plan Rows": 2661135,
                            "Plan Width": 4,
                            "Actual Startup Time": 0.013,
                            "Actual Total Time": 162.986,
                            "Actual Rows": 2261965,
                            "Actual Loops": 2
                          },
                          {
                            "Node Type": "Hash",
                            "Parent Relationship": "Inner",
                            "Parallel Aware": true,
                            "Startup Cost": 54588.39,
                            "Total Cost": 54588.39,
                            "Plan Rows": 583193,
                            "Plan Width": 4,
                            "Actual Startup Time": 256.633,
                            "Actual Total Time": 256.634,
                            "Actual Rows": 492524,
                            "Actual Loops": 2,
                            "Hash Buckets": 1048576,
                            "Original Hash Buckets": 1048576,
                            "Hash Batches": 1,
                            "Original Hash Batches": 1,
                            "Peak Memory Usage": 46784,
                            "Plans": [
                              {
                                "Node Type": "Seq Scan",
                                "Parent Relationship": "Outer",
                                "Parallel Aware": true,
                                "Relation Name": "title",
                                "Alias": "t",
                                "Startup Cost": 0.0,
                                "Total Cost": 54588.39,
                                "Plan Rows": 583193,
                                "Plan Width": 4,
                                "Actual Startup Time": 0.028,
                                "Actual Total Time": 148.995,
                                "Actual Rows": 492524,
                                "Actual Loops": 2,
                                "Filter": "(kind_id < 7)",
                                "Rows Removed by Filter": 771632
                              }
                            ]
                          }
                        ]
                      }
                    ]
                  }
                ]
              }
            ]
          }
        ]
      }
    ]
  },
  "Planning Time": 0.888,
  "Triggers": [],
  "Execution Time": 13065.505
}