[
  {
    "Plan": {
      "Node Type": "Aggregate",
      "Strategy": "Plain",
      "Partial Mode": "Finalize",
      "Parallel Aware": false,
      "Startup Cost": 294807.92,
      "Total Cost": 294807.93,
      "Plan Rows": 1,
      "Plan Width": 8,
      "Actual Startup Time": 1309.141,
      "Actual Total Time": 1360.636,
      "Actual Rows": 1,
      "Actual Loops": 1,
      "Plans": [
        {
          "Node Type": "Gather",
          "Parent Relationship": "Outer",
          "Parallel Aware": false,
          "Startup Cost": 294807.4,
          "Total Cost": 294807.91,
          "Plan Rows": 5,
          "Plan Width": 8,
          "Actual Startup Time": 1295.064,
          "Actual Total Time": 1360.623,
          "Actual Rows": 6,
          "Actual Loops": 1,
          "Workers Planned": 5,
          "Workers Launched": 5,
          "Single Copy": false,
          "Plans": [
            {
              "Node Type": "Aggregate",
              "Strategy": "Plain",
              "Partial Mode": "Partial",
              "Parent Relationship": "Outer",
              "Parallel Aware": false,
              "Startup Cost": 293807.4,
              "Total Cost": 293807.41,
              "Plan Rows": 1,
              "Plan Width": 8,
              "Actual Startup Time": 1286.643,
              "Actual Total Time": 1286.809,
              "Actual Rows": 1,
              "Actual Loops": 6,
              "Plans": [
                {
                  "Node Type": "Hash Join",
                  "Parent Relationship": "Outer",
                  "Parallel Aware": true,
                  "Join Type": "Inner",
                  "Startup Cost": 85431.37,
                  "Total Cost": 291381.43,
                  "Plan Rows": 970389,
                  "Plan Width": 0,
                  "Actual Startup Time": 421.606,
                  "Actual Total Time": 1242.763,
                  "Actual Rows": 893831,
                  "Actual Loops": 6,
                  "Inner Unique": false,
                  "Hash Cond": "(mi.movie_id = t.id)",
                  "Plans": [
                    {
                      "Node Type": "Seq Scan",
                      "Parent Relationship": "Outer",
                      "Parallel Aware": true,
                      "Relation Name": "movie_info",
                      "Alias": "mi",
                      "Startup Cost": 0.0,
                      "Total Cost": 191685.19,
                      "Plan Rows": 2969219,
                      "Plan Width": 4,
                      "Actual Startup Time": 0.039,
                      "Actual Total Time": 321.003,
                      "Actual Rows": 2472620,
                      "Actual Loops": 6
                    },
                    {
                      "Node Type": "Hash",
                      "Parent Relationship": "Inner",
                      "Parallel Aware": true,
                      "Startup Cost": 82099.4,
                      "Total Cost": 82099.4,
                      "Plan Rows": 266558,
                      "Plan Width": 8,
                      "Actual Startup Time": 418.32,
                      "Actual Total Time": 418.484,
                      "Actual Rows": 101513,
                      "Actual Loops": 6,
                      "Hash Buckets": 1048576,
                      "Original Hash Buckets": 1048576,
                      "Hash Batches": 1,
                      "Original Hash Batches": 1,
                      "Peak Memory Usage": 32160,
                      "Plans": [
                        {
                          "Node Type": "Hash Join",
                          "Parent Relationship": "Outer",
                          "Parallel Aware": true,
                          "Join Type": "Inner",
                          "Startup Cost": 49737.61,
                          "Total Cost": 82099.4,
                          "Plan Rows": 266558,
                          "Plan Width": 8,
                          "Actual Startup Time": 267.643,
                          "Actual Total Time": 376.615,
                          "Actual Rows": 101513,
                          "Actual Loops": 6,
                          "Inner Unique": true,
                          "Hash Cond": "(mc.movie_id = t.id)",
                          "Plans": [
                            {
                              "Node Type": "Seq Scan",
                              "Parent Relationship": "Outer",
                              "Parallel Aware": true,
                              "Relation Name": "movie_companies",
                              "Alias": "mc",
                              "Startup Cost": 0.0,
                              "Total Cost": 31414.82,
                              "Plan Rows": 360750,
                              "Plan Width": 4,
                              "Actual Startup Time": 26.519,
                              "Actual Total Time": 58.783,
                              "Actual Rows": 206278,
                              "Actual Loops": 6,
                              "Filter": "((company_id > 285) AND (company_type_id = 2))",
                              "Rows Removed by Filter": 228577
                            },
                            {
                              "Node Type": "Hash",
                              "Parent Relationship": "Inner",
                              "Parallel Aware": true,
                              "Startup Cost": 43899.32,
                              "Total Cost": 43899.32,
                              "Plan Rows": 467063,
                              "Plan Width": 4,
                              "Actual Startup Time": 238.659,
                              "Actual Total Time": 238.661,
                              "Actual Rows": 310914,
                              "Actual Loops": 6,
                              "Hash Buckets": 2097152,
                              "Original Hash Buckets": 2097152,
                              "Hash Batches": 1,
                              "Original Hash Batches": 1,
                              "Peak Memory Usage": 89472,
                              "Plans": [
                                {
                                  "Node Type": "Seq Scan",
                                  "Parent Relationship": "Outer",
                                  "Parallel Aware": true,
                                  "Relation Name": "title",
                                  "Alias": "t",
                                  "Startup Cost": 0.0,
                                  "Total Cost": 43899.32,
                                  "Plan Rows": 467063,
                                  "Plan Width": 4,
                                  "Actual Startup Time": 0.052,
                                  "Actual Total Time": 95.527,
                                  "Actual Rows": 310914,
                                  "Actual Loops": 6,
                                  "Filter": "(kind_id > 1)",
                                  "Rows Removed by Filter": 110471
                                }
                              ]
                            }
                          ]
                        }
                      ]
                    }
                  ]
                }
              ]
            }
          ]
        }
      ]
    },
    "Planning Time": 0.696,
    "Triggers": [],
    "Execution Time": 1360.697
  }
]