{
  "Plan": {
    "Node Type": "Aggregate",
    "Strategy": "Plain",
    "Partial Mode": "Finalize",
    "Parallel Aware": false,
    "Startup Cost": 882656.55,
    "Total Cost": 882656.56,
    "Plan Rows": 1,
    "Plan Width": 8,
    "Actual Startup Time": 7443.891,
    "Actual Total Time": 7450.293,
    "Actual Rows": 1,
    "Actual Loops": 1,
    "Plans": [
      {
        "Node Type": "Gather",
        "Parent Relationship": "Outer",
        "Parallel Aware": false,
        "Startup Cost": 882656.44,
        "Total Cost": 882656.55,
        "Plan Rows": 1,
        "Plan Width": 8,
        "Actual Startup Time": 7443.879,
        "Actual Total Time": 7450.285,
        "Actual Rows": 2,
        "Actual Loops": 1,
        "Workers Planned": 1,
        "Workers Launched": 1,
        "Single Copy": false,
        "Plans": [
          {
            "Node Type": "Aggregate",
            "Strategy": "Plain",
            "Partial Mode": "Partial",
            "Parent Relationship": "Outer",
            "Parallel Aware": false,
            "Startup Cost": 881656.44,
            "Total Cost": 881656.45,
            "Plan Rows": 1,
            "Plan Width": 8,
            "Actual Startup Time": 7376.808,
            "Actual Total Time": 7376.815,
            "Actual Rows": 1,
            "Actual Loops": 2,
            "Plans": [
              {
                "Node Type": "Merge Join",
                "Parent Relationship": "Outer",
                "Parallel Aware": false,
                "Join Type": "Inner",
                "Startup Cost": 839606.41,
                "Total Cost": 877474.75,
                "Plan Rows": 1672678,
                "Plan Width": 0,
                "Actual Startup Time": 3413.756,
                "Actual Total Time": 6470.448,
                "Actual Rows": 22111832,
                "Actual Loops": 2,
                "Inner Unique": false,
                "Merge Cond": "(t.id = mc.movie_id)",
                "Plans": [
                  {
                    "Node Type": "Sort",
                    "Parent Relationship": "Outer",
                    "Parallel Aware": false,
                    "Startup Cost": 516655.25,
                    "Total Cost": 520707.39,
                    "Plan Rows": 1620855,
                    "Plan Width": 8,
                    "Actual Startup Time": 2651.179,
                    "Actual Total Time": 2785.409,
                    "Actual Rows": 2822094,
                    "Actual Loops": 2,
                    "Sort Key": [
                      "mi.movie_id"
                    ],
                    "Sort Method": "quicksort",
                    "Sort Space Used": 233647,
                    "Sort Space Type": "Memory",
                    "Workers": [
                      {
                        "Worker Number": 0,
                        "Sort Method": "quicksort",
                        "Sort Space Used": 227539,
                        "Sort Space Type": "Memory"
                      }
                    ],
                    "Plans": [
                      {
                        "Node Type": "Hash Join",
                        "Parent Relationship": "Outer",
                        "Parallel Aware": true,
                        "Join Type": "Inner",
                        "Startup Cost": 63473.69,
                        "Total Cost": 349477.64,
                        "Plan Rows": 1620855,
                        "Plan Width": 8,
                        "Actual Startup Time": 282.127,
                        "Actual Total Time": 2030.431,
                        "Actual Rows": 2822152,
                        "Actual Loops": 2,
                        "Inner Unique": true,
                        "Hash Cond": "(mi.movie_id = t.id)",
                        "Plans": [
                          {
                            "Node Type": "Seq Scan",
                            "Parent Relationship": "Outer",
                            "Parallel Aware": true,
                            "Relation Name": "movie_info",
                            "Alias": "mi",
                            "Startup Cost": 0.0,
                            "Total Cost": 270696.42,
                            "Plan Rows": 5831431,
                            "Plan Width": 4,
                            "Actual Startup Time": 33.742,
                            "Actual Total Time": 761.558,
                            "Actual Rows": 4955877,
                            "Actual Loops": 2,
                            "Filter": "(info_type_id > 4)",
                            "Rows Removed by Filter": 2461983
                          },
                          {
                            "Node Type": "Hash",
                            "Parent Relationship": "Inner",
                            "Parallel Aware": true,
                            "Startup Cost": 58306.47,
                            "Total Cost": 58306.47,
                            "Plan Rows": 413378,
                            "Plan Width": 4,
                            "Actual Startup Time": 239.461,
                            "Actual Total Time": 239.462,
                            "Actual Rows": 374966,
                            "Actual Loops": 2,
                            "Hash Buckets": 1048576,
                            "Original Hash Buckets": 1048576,
                            "Hash Batches": 1,
                            "Original Hash Batches": 1,
                            "Peak Memory Usage": 37568,
                            "Plans": [
                              {
                                "Node Type": "Seq Scan",
                                "Parent Relationship": "Outer",
                                "Parallel Aware": true,
                                "Relation Name": "title",
                                "Alias": "t",
                                "Startup Cost": 0.0,
                                "Total Cost": 58306.47,
                                "Plan Rows": 413378,
                                "Plan Width": 4,
                                "Actual Startup Time": 0.037,
                                "Actual Total Time": 152.612,
                                "Actual Rows": 374966,
                                "Actual Loops": 2,
                                "Filter": "((kind_id < 7) AND (production_year < 2009))",
                                "Rows Removed by Filter": 889190
                              }
                            ]
                          }
                        ]
                      }
                    ]
                  },
                  {
                    "Node Type": "Sort",
                    "Parent Relationship": "Inner",
                    "Parallel Aware": false,
                    "Startup Cost": 322951.0,
                    "Total Cost": 329473.82,
                    "Plan Rows": 2609129,
                    "Plan Width": 4,
                    "Actual Startup Time": 762.562,
                    "Actual Total Time": 1535.987,
                    "Actual Rows": 23318217,
                    "Actual Loops": 2,
                    "Sort Key": [
                      "mc.movie_id"
                    ],
                    "Sort Method": "quicksort",
                    "Sort Space Used": 220607,
                    "Sort Space Type": "Memory",
                    "Workers": [
                      {
                        "Worker Number": 0,
                        "Sort Method": "quicksort",
                        "Sort Space Used": 220607,
                        "Sort Space Type": "Memory"
                      }
                    ],
                    "Plans": [
                      {
                        "Node Type": "Seq Scan",
                        "Parent Relationship": "Outer",
                        "Parallel Aware": false,
                        "Relation Name": "movie_companies",
                        "Alias": "mc",
                        "Startup Cost": 0.0,
                        "Total Cost": 44881.29,
                        "Plan Rows": 2609129,
                        "Plan Width": 4,
                        "Actual Startup Time": 0.038,
                        "Actual Total Time": 231.452,
                        "Actual Rows": 2609129,
                        "Actual Loops": 2
                      }
                    ]
                  }
                ]
              }
            ]
          }
        ]
      }
    ]
  },
  "Planning Time": 1.028,
  "Triggers": [],
  "Execution Time": 7471.861
}