[
  {
    "Plan": {
      "Node Type": "Aggregate",
      "Strategy": "Plain",
      "Partial Mode": "Finalize",
      "Parallel Aware": false,
      "Startup Cost": 269514.83,
      "Total Cost": 269514.84,
      "Plan Rows": 1,
      "Plan Width": 8,
      "Actual Startup Time": 1752.441,
      "Actual Total Time": 1776.63,
      "Actual Rows": 1,
      "Actual Loops": 1,
      "Plans": [
        {
          "Node Type": "Gather",
          "Parent Relationship": "Outer",
          "Parallel Aware": false,
          "Startup Cost": 269514.51,
          "Total Cost": 269514.82,
          "Plan Rows": 3,
          "Plan Width": 8,
          "Actual Startup Time": 1736.401,
          "Actual Total Time": 1776.618,
          "Actual Rows": 4,
          "Actual Loops": 1,
          "Workers Planned": 3,
          "Workers Launched": 3,
          "Single Copy": false,
          "Plans": [
            {
              "Node Type": "Aggregate",
              "Strategy": "Plain",
              "Partial Mode": "Partial",
              "Parent Relationship": "Outer",
              "Parallel Aware": false,
              "Startup Cost": 268514.51,
              "Total Cost": 268514.52,
              "Plan Rows": 1,
              "Plan Width": 8,
              "Actual Startup Time": 1726.844,
              "Actual Total Time": 1726.851,
              "Actual Rows": 1,
              "Actual Loops": 4,
              "Plans": [
                {
                  "Node Type": "Hash Join",
                  "Parent Relationship": "Outer",
                  "Parallel Aware": true,
                  "Join Type": "Inner",
                  "Startup Cost": 222828.64,
                  "Total Cost": 267866.7,
                  "Plan Rows": 259123,
                  "Plan Width": 0,
                  "Actual Startup Time": 521.908,
                  "Actual Total Time": 1358.275,
                  "Actual Rows": 7375827,
                  "Actual Loops": 4,
                  "Inner Unique": false,
                  "Hash Cond": "(mk.movie_id = t.id)",
                  "Plans": [
                    {
                      "Node Type": "Seq Scan",
                      "Parent Relationship": "Outer",
                      "Parallel Aware": true,
                      "Relation Name": "movie_keyword",
                      "Alias": "mk",
                      "Startup Cost": 0.0,
                      "Total Cost": 39047.32,
                      "Plan Rows": 1459332,
                      "Plan Width": 4,
                      "Actual Startup Time": 0.05,
                      "Actual Total Time": 100.807,
                      "Actual Rows": 1130982,
                      "Actual Loops": 4
                    },
                    {
                      "Node Type": "Hash",
                      "Parent Relationship": "Inner",
                      "Parallel Aware": true,
                      "Startup Cost": 221706.31,
                      "Total Cost": 221706.31,
                      "Plan Rows": 89786,
                      "Plan Width": 8,
                      "Actual Startup Time": 518.377,
                      "Actual Total Time": 518.381,
                      "Actual Rows": 107163,
                      "Actual Loops": 4,
                      "Hash Buckets": 524288,
                      "Original Hash Buckets": 524288,
                      "Hash Batches": 1,
                      "Original Hash Batches": 1,
                      "Peak Memory Usage": 20928,
                      "Plans": [
                        {
                          "Node Type": "Hash Join",
                          "Parent Relationship": "Outer",
                          "Parallel Aware": true,
                          "Join Type": "Inner",
                          "Startup Cost": 58355.3,
                          "Total Cost": 221706.31,
                          "Plan Rows": 89786,
                          "Plan Width": 8,
                          "Actual Startup Time": 422.166,
                          "Actual Total Time": 486.323,
                          "Actual Rows": 107163,
                          "Actual Loops": 4,
                          "Inner Unique": true,
                          "Hash Cond": "(mi.movie_id = t.id)",
                          "Plans": [
                            {
                              "Node Type": "Bitmap Heap Scan",
                              "Parent Relationship": "Outer",
                              "Parallel Aware": true,
                              "Relation Name": "movie_info",
                              "Alias": "mi",
                              "Startup Cost": 8135.65,
                              "Total Cost": 171250.98,
                              "Plan Rows": 89786,
                              "Plan Width": 4,
                              "Actual Startup Time": 21.073,
                              "Actual Total Time": 42.975,
                              "Actual Rows": 107163,
                              "Actual Loops": 4,
                              "Recheck Cond": "(info_type_id > 104)",
                              "Rows Removed by Index Recheck": 0,
                              "Exact Heap Blocks": 1458,
                              "Lossy Heap Blocks": 0,
                              "Plans": [
                                {
                                  "Node Type": "Bitmap Index Scan",
                                  "Parent Relationship": "Outer",
                                  "Parallel Aware": false,
                                  "Index Name": "info_type_id_movie_info",
                                  "Startup Cost": 0.0,
                                  "Total Cost": 8023.42,
                                  "Plan Rows": 448931,
                                  "Plan Width": 0,
                                  "Actual Startup Time": 19.807,
                                  "Actual Total Time": 19.808,
                                  "Actual Rows": 428651,
                                  "Actual Loops": 1,
                                  "Index Cond": "(info_type_id > 104)"
                                }
                              ]
                            },
                            {
                              "Node Type": "Hash",
                              "Parent Relationship": "Inner",
                              "Parallel Aware": true,
                              "Startup Cost": 42318.73,
                              "Total Cost": 42318.73,
                              "Plan Rows": 632073,
                              "Plan Width": 4,
                              "Actual Startup Time": 391.584,
                              "Actual Total Time": 391.585,
                              "Actual Rows": 632078,
                              "Actual Loops": 4,
                              "Hash Buckets": 4194304,
                              "Original Hash Buckets": 4194304,
                              "Hash Batches": 1,
                              "Original Hash Batches": 1,
                              "Peak Memory Usage": 131744,
                              "Plans": [
                                {
                                  "Node Type": "Seq Scan",
                                  "Parent Relationship": "Outer",
                                  "Parallel Aware": true,
                                  "Relation Name": "title",
                                  "Alias": "t",
                                  "Startup Cost": 0.0,
                                  "Total Cost": 42318.73,
                                  "Plan Rows": 632073,
                                  "Plan Width": 4,
                                  "Actual Startup Time": 0.05,
                                  "Actual Total Time": 111.882,
                                  "Actual Rows": 632078,
                                  "Actual Loops": 4
                                }
                              ]
                            }
                          ]
                        }
                      ]
                    }
                  ]
                }
              ]
            }
          ]
        }
      ]
    },
    "Planning Time": 1.338,
    "Triggers": [],
    "Execution Time": 1776.731
  }
]