[
  {
    "Plan": {
      "Node Type": "Aggregate",
      "Strategy": "Plain",
      "Partial Mode": "Finalize",
      "Parallel Aware": false,
      "Startup Cost": 295816.43,
      "Total Cost": 295816.44,
      "Plan Rows": 1,
      "Plan Width": 8,
      "Actual Startup Time": 179.495,
      "Actual Total Time": 190.836,
      "Actual Rows": 1,
      "Actual Loops": 1,
      "Plans": [
        {
          "Node Type": "Gather",
          "Parent Relationship": "Outer",
          "Parallel Aware": false,
          "Startup Cost": 295815.81,
          "Total Cost": 295816.42,
          "Plan Rows": 6,
          "Plan Width": 8,
          "Actual Startup Time": 178.87,
          "Actual Total Time": 190.825,
          "Actual Rows": 7,
          "Actual Loops": 1,
          "Workers Planned": 6,
          "Workers Launched": 6,
          "Single Copy": false,
          "Plans": [
            {
              "Node Type": "Aggregate",
              "Strategy": "Plain",
              "Partial Mode": "Partial",
              "Parent Relationship": "Outer",
              "Parallel Aware": false,
              "Startup Cost": 294815.81,
              "Total Cost": 294815.82,
              "Plan Rows": 1,
              "Plan Width": 8,
              "Actual Startup Time": 169.926,
              "Actual Total Time": 169.928,
              "Actual Rows": 1,
              "Actual Loops": 7,
              "Plans": [
                {
                  "Node Type": "Bitmap Heap Scan",
                  "Parent Relationship": "Outer",
                  "Parallel Aware": true,
                  "Relation Name": "cast_info",
                  "Alias": "ci",
                  "Startup Cost": 37843.87,
                  "Total Cost": 294101.65,
                  "Plan Rows": 285662,
                  "Plan Width": 0,
                  "Actual Startup Time": 72.027,
                  "Actual Total Time": 155.186,
                  "Actual Rows": 233048,
                  "Actual Loops": 7,
                  "Recheck Cond": "(person_id > 3738908)",
                  "Rows Removed by Index Recheck": 0,
                  "Exact Heap Blocks": 4792,
                  "Lossy Heap Blocks": 0,
                  "Plans": [
                    {
                      "Node Type": "Bitmap Index Scan",
                      "Parent Relationship": "Outer",
                      "Parallel Aware": false,
                      "Index Name": "person_id_cast_info",
                      "Startup Cost": 0.0,
                      "Total Cost": 37415.38,
                      "Plan Rows": 1713975,
                      "Plan Width": 0,
                      "Actual Startup Time": 72.645,
                      "Actual Total Time": 72.645,
                      "Actual Rows": 1631337,
                      "Actual Loops": 1,
                      "Index Cond": "(person_id > 3738908)"
                    }
                  ]
                }
              ]
            }
          ]
        }
      ]
    },
    "Planning Time": 0.073,
    "Triggers": [],
    "Execution Time": 190.876
  }
]