[
  {
    "Plan": {
      "Node Type": "Aggregate",
      "Strategy": "Plain",
      "Partial Mode": "Finalize",
      "Parallel Aware": false,
      "Startup Cost": 18765.12,
      "Total Cost": 18765.13,
      "Plan Rows": 1,
      "Plan Width": 96,
      "Actual Startup Time": 1078.22,
      "Actual Total Time": 1140.91,
      "Actual Rows": 1,
      "Actual Loops": 1,
      "Plans": [
        {
          "Node Type": "Gather",
          "Parent Relationship": "Outer",
          "Parallel Aware": false,
          "Startup Cost": 18764.89,
          "Total Cost": 18765.1,
          "Plan Rows": 2,
          "Plan Width": 96,
          "Actual Startup Time": 1077.957,
          "Actual Total Time": 1140.895,
          "Actual Rows": 3,
          "Actual Loops": 1,
          "Workers Planned": 2,
          "Workers Launched": 2,
          "Single Copy": false,
          "Plans": [
            {
              "Node Type": "Aggregate",
              "Strategy": "Plain",
              "Partial Mode": "Partial",
              "Parent Relationship": "Outer",
              "Parallel Aware": false,
              "Startup Cost": 17764.89,
              "Total Cost": 17764.9,
              "Plan Rows": 1,
              "Plan Width": 96,
              "Actual Startup Time": 1073.352,
              "Actual Total Time": 1073.359,
              "Actual Rows": 1,
              "Actual Loops": 3,
              "Plans": [
                {
                  "Node Type": "Hash Join",
                  "Parent Relationship": "Outer",
                  "Parallel Aware": false,
                  "Join Type": "Inner",
                  "Startup Cost": 7.63,
                  "Total Cost": 17764.88,
                  "Plan Rows": 2,
                  "Plan Width": 41,
                  "Actual Startup Time": 8.236,
                  "Actual Total Time": 1072.177,
                  "Actual Rows": 3078,
                  "Actual Loops": 3,
                  "Inner Unique": true,
                  "Hash Cond": "(mi.info_type_id = it1.id)",
                  "Plans": [
                    {
                      "Node Type": "Nested Loop",
                      "Parent Relationship": "Outer",
                      "Parallel Aware": false,
                      "Join Type": "Inner",
                      "Startup Cost": 5.2,
                      "Total Cost": 17762.01,
                      "Plan Rows": 165,
                      "Plan Width": 45,
                      "Actual Startup Time": 8.054,
                      "Actual Total Time": 1070.567,
                      "Actual Rows": 3147,
                      "Actual Loops": 3,
                      "Inner Unique": false,
                      "Join Filter": "(t.id = mi.movie_id)",
                      "Rows Removed by Join Filter": 0,
                      "Plans": [
                        {
                          "Node Type": "Nested Loop",
                          "Parent Relationship": "Outer",
                          "Parallel Aware": false,
                          "Join Type": "Inner",
                          "Startup Cost": 4.77,
                          "Total Cost": 17365.47,
                          "Plan Rows": 248,
                          "Plan Width": 53,
                          "Actual Startup Time": 0.78,
                          "Actual Total Time": 656.131,
                          "Actual Rows": 20381,
                          "Actual Loops": 3,
                          "Inner Unique": true,
                          "Plans": [
                            {
                              "Node Type": "Hash Join",
                              "Parent Relationship": "Outer",
                              "Parallel Aware": false,
                              "Join Type": "Inner",
                              "Startup Cost": 4.35,
                              "Total Cost": 17061.78,
                              "Plan Rows": 681,
                              "Plan Width": 38,
                              "Actual Startup Time": 0.541,
                              "Actual Total Time": 517.871,
                              "Actual Rows": 41891,
                              "Actual Loops": 3,
                              "Inner Unique": true,
                              "Hash Cond": "(mc.company_type_id = ct.id)",
                              "Plans": [
                                {
                                  "Node Type": "Nested Loop",
                                  "Parent Relationship": "Outer",
                                  "Parallel Aware": false,
                                  "Join Type": "Inner",
                                  "Startup Cost": 3.29,
                                  "Total Cost": 17046.0,
                                  "Plan Rows": 2723,
                                  "Plan Width": 42,
                                  "Actual Startup Time": 0.455,
                                  "Actual Total Time": 499.365,
                                  "Actual Rows": 97956,
                                  "Actual Loops": 3,
                                  "Inner Unique": false,
                                  "Plans": [
                                    {
                                      "Node Type": "Nested Loop",
                                      "Parent Relationship": "Outer",
                                      "Parallel Aware": false,
                                      "Join Type": "Inner",
                                      "Startup Cost": 2.86,
                                      "Total Cost": 16692.07,
                                      "Plan Rows": 530,
                                      "Plan Width": 30,
                                      "Actual Startup Time": 0.322,
                                      "Actual Total Time": 339.293,
                                      "Actual Rows": 32074,
                                      "Actual Loops": 3,
                                      "Inner Unique": true,
                                      "Plans": [
                                        {
                                          "Node Type": "Hash Join",
                                          "Parent Relationship": "Outer",
                                          "Parallel Aware": false,
                                          "Join Type": "Inner",
                                          "Startup Cost": 2.43,
                                          "Total Cost": 15490.66,
                                          "Plan Rows": 1188,
                                          "Plan Width": 9,
                                          "Actual Startup Time": 0.08,
                                          "Actual Total Time": 92.06,
                                          "Actual Rows": 69567,
                                          "Actual Loops": 3,
                                          "Inner Unique": true,
                                          "Hash Cond": "(mi_idx.info_type_id = it2.id)",
                                          "Plans": [
                                            {
                                              "Node Type": "Seq Scan",
                                              "Parent Relationship": "Outer",
                                              "Parallel Aware": true,
                                              "Relation Name": "movie_info_idx",
                                              "Alias": "mi_idx",
                                              "Startup Cost": 0.0,
                                              "Total Cost": 15122.68,
                                              "Plan Rows": 134222,
                                              "Plan Width": 13,
                                              "Actual Startup Time": 0.027,
                                              "Actual Total Time": 70.468,
                                              "Actual Rows": 107352,
                                              "Actual Loops": 3,
                                              "Filter": "(info > '6.4'::text)",
                                              "Rows Removed by Filter": 352660
                                            },
                                            {
                                              "Node Type": "Hash",
                                              "Parent Relationship": "Inner",
                                              "Parallel Aware": false,
                                              "Startup Cost": 2.41,
                                              "Total Cost": 2.41,
                                              "Plan Rows": 1,
                                              "Plan Width": 4,
                                              "Actual Startup Time": 0.022,
                                              "Actual Total Time": 0.023,
                                              "Actual Rows": 1,
                                              "Actual Loops": 3,
                                              "Hash Buckets": 1024,
                                              "Original Hash Buckets": 1024,
                                              "Hash Batches": 1,
                                              "Original Hash Batches": 1,
                                              "Peak Memory Usage": 9,
                                              "Plans": [
                                                {
                                                  "Node Type": "Seq Scan",
                                                  "Parent Relationship": "Outer",
                                                  "Parallel Aware": false,
                                                  "Relation Name": "info_type",
                                                  "Alias": "it2",
                                                  "Startup Cost": 0.0,
                                                  "Total Cost": 2.41,
                                                  "Plan Rows": 1,
                                                  "Plan Width": 4,
                                                  "Actual Startup Time": 0.014,
                                                  "Actual Total Time": 0.017,
                                                  "Actual Rows": 1,
                                                  "Actual Loops": 3,
                                                  "Filter": "((info)::text = 'rating'::text)",
                                                  "Rows Removed by Filter": 112
                                                }
                                              ]
                                            }
                                          ]
                                        },
                                        {
                                          "Node Type": "Index Scan",
                                          "Parent Relationship": "Inner",
                                          "Parallel Aware": false,
                                          "Scan Direction": "Forward",
                                          "Index Name": "title_pkey",
                                          "Relation Name": "title",
                                          "Alias": "t",
                                          "Startup Cost": 0.43,
                                          "Total Cost": 1.01,
                                          "Plan Rows": 1,
                                          "Plan Width": 21,
                                          "Actual Startup Time": 0.003,
                                          "Actual Total Time": 0.003,
                                          "Actual Rows": 0,
                                          "Actual Loops": 208701,
                                          "Index Cond": "(id = mi_idx.movie_id)",
                                          "Rows Removed by Index Recheck": 0,
                                          "Filter": "((production_year >= 1995) AND (production_year <= 2009))",
                                          "Rows Removed by Filter": 1
                                        }
                                      ]
                                    },
                                    {
                                      "Node Type": "Index Scan",
                                      "Parent Relationship": "Inner",
                                      "Parallel Aware": false,
                                      "Scan Direction": "Forward",
                                      "Index Name": "movie_id_movie_companies",
                                      "Relation Name": "movie_companies",
                                      "Alias": "mc",
                                      "Startup Cost": 0.43,
                                      "Total Cost": 0.62,
                                      "Plan Rows": 5,
                                      "Plan Width": 12,
                                      "Actual Startup Time": 0.003,
                                      "Actual Total Time": 0.004,
                                      "Actual Rows": 3,
                                      "Actual Loops": 96223,
                                      "Index Cond": "(movie_id = t.id)",
                                      "Rows Removed by Index Recheck": 0
                                    }
                                  ]
                                },
                                {
                                  "Node Type": "Hash",
                                  "Parent Relationship": "Inner",
                                  "Parallel Aware": false,
                                  "Startup Cost": 1.05,
                                  "Total Cost": 1.05,
                                  "Plan Rows": 1,
                                  "Plan Width": 4,
                                  "Actual Startup Time": 0.024,
                                  "Actual Total Time": 0.025,
                                  "Actual Rows": 1,
                                  "Actual Loops": 3,
                                  "Hash Buckets": 1024,
                                  "Original Hash Buckets": 1024,
                                  "Hash Batches": 1,
                                  "Original Hash Batches": 1,
                                  "Peak Memory Usage": 9,
                                  "Plans": [
                                    {
                                      "Node Type": "Seq Scan",
                                      "Parent Relationship": "Outer",
                                      "Parallel Aware": false,
                                      "Relation Name": "company_type",
                                      "Alias": "ct",
                                      "Startup Cost": 0.0,
                                      "Total Cost": 1.05,
                                      "Plan Rows": 1,
                                      "Plan Width": 4,
                                      "Actual Startup Time": 0.016,
                                      "Actual Total Time": 0.017,
                                      "Actual Rows": 1,
                                      "Actual Loops": 3,
                                      "Filter": "((kind)::text = 'production companies'::text)",
                                      "Rows Removed by Filter": 3
                                    }
                                  ]
                                }
                              ]
                            },
                            {
                              "Node Type": "Index Scan",
                              "Parent Relationship": "Inner",
                              "Parallel Aware": false,
                              "Scan Direction": "Forward",
                              "Index Name": "company_name_pkey",
                              "Relation Name": "company_name",
                              "Alias": "cn",
                              "Startup Cost": 0.42,
                              "Total Cost": 0.45,
                              "Plan Rows": 1,
                              "Plan Width": 23,
                              "Actual Startup Time": 0.003,
                              "Actual Total Time": 0.003,
                              "Actual Rows": 0,
                              "Actual Loops": 125673,
                              "Index Cond": "(id = mc.company_id)",
                              "Rows Removed by Index Recheck": 0,
                              "Filter": "((country_code)::text = '[us]'::text)",
                              "Rows Removed by Filter": 1
                            }
                          ]
                        },
                        {
                          "Node Type": "Index Scan",
                          "Parent Relationship": "Inner",
                          "Parallel Aware": false,
                          "Scan Direction": "Forward",
                          "Index Name": "movie_id_movie_info",
                          "Relation Name": "movie_info",
                          "Alias": "mi",
                          "Startup Cost": 0.43,
                          "Total Cost": 1.59,
                          "Plan Rows": 1,
                          "Plan Width": 8,
                          "Actual Startup Time": 0.02,
                          "Actual Total Time": 0.02,
                          "Actual Rows": 0,
                          "Actual Loops": 61144,
                          "Index Cond": "(movie_id = mc.movie_id)",
                          "Rows Removed by Index Recheck": 0,
                          "Filter": "(info = ANY ('{Family,Drama}'::text[]))",
                          "Rows Removed by Filter": 32
                        }
                      ]
                    },
                    {
                      "Node Type": "Hash",
                      "Parent Relationship": "Inner",
                      "Parallel Aware": false,
                      "Startup Cost": 2.41,
                      "Total Cost": 2.41,
                      "Plan Rows": 1,
                      "Plan Width": 4,
                      "Actual Startup Time": 0.047,
                      "Actual Total Time": 0.048,
                      "Actual Rows": 1,
                      "Actual Loops": 3,
                      "Hash Buckets": 1024,
                      "Original Hash Buckets": 1024,
                      "Hash Batches": 1,
                      "Original Hash Batches": 1,
                      "Peak Memory Usage": 9,
                      "Plans": [
                        {
                          "Node Type": "Seq Scan",
                          "Parent Relationship": "Outer",
                          "Parallel Aware": false,
                          "Relation Name": "info_type",
                          "Alias": "it1",
                          "Startup Cost": 0.0,
                          "Total Cost": 2.41,
                          "Plan Rows": 1,
                          "Plan Width": 4,
                          "Actual Startup Time": 0.027,
                          "Actual Total Time": 0.036,
                          "Actual Rows": 1,
                          "Actual Loops": 3,
                          "Filter": "((info)::text = 'genres'::text)",
                          "Rows Removed by Filter": 112
                        }
                      ]
                    }
                  ]
                }
              ]
            }
          ]
        }
      ]
    },
    "Planning Time": 18.03,
    "Triggers": [],
    "Execution Time": 1141.441
  }
]