[
  {
    "Plan": {
      "Node Type": "Aggregate",
      "Strategy": "Plain",
      "Partial Mode": "Finalize",
      "Parallel Aware": false,
      "Startup Cost": 38303.59,
      "Total Cost": 38303.6,
      "Plan Rows": 1,
      "Plan Width": 8,
      "Actual Startup Time": 99.173,
      "Actual Total Time": 107.57,
      "Actual Rows": 1,
      "Actual Loops": 1,
      "Plans": [
        {
          "Node Type": "Gather",
          "Parent Relationship": "Outer",
          "Parallel Aware": false,
          "Startup Cost": 38303.27,
          "Total Cost": 38303.58,
          "Plan Rows": 3,
          "Plan Width": 8,
          "Actual Startup Time": 98.934,
          "Actual Total Time": 107.561,
          "Actual Rows": 4,
          "Actual Loops": 1,
          "Workers Planned": 3,
          "Workers Launched": 3,
          "Single Copy": false,
          "Plans": [
            {
              "Node Type": "Aggregate",
              "Strategy": "Plain",
              "Partial Mode": "Partial",
              "Parent Relationship": "Outer",
              "Parallel Aware": false,
              "Startup Cost": 37303.27,
              "Total Cost": 37303.28,
              "Plan Rows": 1,
              "Plan Width": 8,
              "Actual Startup Time": 95.271,
              "Actual Total Time": 95.272,
              "Actual Rows": 1,
              "Actual Loops": 4,
              "Plans": [
                {
                  "Node Type": "Bitmap Heap Scan",
                  "Parent Relationship": "Outer",
                  "Parallel Aware": true,
                  "Relation Name": "movie_keyword",
                  "Alias": "mk",
                  "Startup Cost": 10462.79,
                  "Total Cost": 36905.52,
                  "Plan Rows": 159099,
                  "Plan Width": 0,
                  "Actual Startup Time": 27.991,
                  "Actual Total Time": 89.006,
                  "Actual Rows": 123093,
                  "Actual Loops": 4,
                  "Recheck Cond": "(keyword_id > 36605)",
                  "Rows Removed by Index Recheck": 0,
                  "Exact Heap Blocks": 10036,
                  "Lossy Heap Blocks": 0,
                  "Plans": [
                    {
                      "Node Type": "Bitmap Index Scan",
                      "Parent Relationship": "Outer",
                      "Parallel Aware": false,
                      "Index Name": "keyword_id_movie_keyword",
                      "Startup Cost": 0.0,
                      "Total Cost": 10339.49,
                      "Plan Rows": 493207,
                      "Plan Width": 0,
                      "Actual Startup Time": 28.056,
                      "Actual Total Time": 28.057,
                      "Actual Rows": 492372,
                      "Actual Loops": 1,
                      "Index Cond": "(keyword_id > 36605)"
                    }
                  ]
                }
              ]
            }
          ]
        }
      ]
    },
    "Planning Time": 0.069,
    "Triggers": [],
    "Execution Time": 107.603
  }
]