[
  {
    "Plan": {
      "Node Type": "Aggregate",
      "Strategy": "Plain",
      "Partial Mode": "Finalize",
      "Parallel Aware": false,
      "Startup Cost": 108770.98,
      "Total Cost": 108770.99,
      "Plan Rows": 1,
      "Plan Width": 8,
      "Actual Startup Time": 347.89,
      "Actual Total Time": 372.358,
      "Actual Rows": 1,
      "Actual Loops": 1,
      "Plans": [
        {
          "Node Type": "Gather",
          "Parent Relationship": "Outer",
          "Parallel Aware": false,
          "Startup Cost": 108770.66,
          "Total Cost": 108770.97,
          "Plan Rows": 3,
          "Plan Width": 8,
          "Actual Startup Time": 346.875,
          "Actual Total Time": 372.347,
          "Actual Rows": 4,
          "Actual Loops": 1,
          "Workers Planned": 3,
          "Workers Launched": 3,
          "Single Copy": false,
          "Plans": [
            {
              "Node Type": "Aggregate",
              "Strategy": "Plain",
              "Partial Mode": "Partial",
              "Parent Relationship": "Outer",
              "Parallel Aware": false,
              "Startup Cost": 107770.66,
              "Total Cost": 107770.67,
              "Plan Rows": 1,
              "Plan Width": 8,
              "Actual Startup Time": 337.682,
              "Actual Total Time": 337.689,
              "Actual Rows": 1,
              "Actual Loops": 4,
              "Plans": [
                {
                  "Node Type": "Nested Loop",
                  "Parent Relationship": "Outer",
                  "Parallel Aware": false,
                  "Join Type": "Inner",
                  "Startup Cost": 38314.52,
                  "Total Cost": 107665.6,
                  "Plan Rows": 42024,
                  "Plan Width": 0,
                  "Actual Startup Time": 76.541,
                  "Actual Total Time": 326.8,
                  "Actual Rows": 236617,
                  "Actual Loops": 4,
                  "Inner Unique": false,
                  "Join Filter": "(t.id = mi.movie_id)",
                  "Rows Removed by Join Filter": 0,
                  "Plans": [
                    {
                      "Node Type": "Hash Join",
                      "Parent Relationship": "Outer",
                      "Parallel Aware": true,
                      "Join Type": "Inner",
                      "Startup Cost": 38314.09,
                      "Total Cost": 81930.83,
                      "Plan Rows": 10779,
                      "Plan Width": 8,
                      "Actual Startup Time": 76.443,
                      "Actual Total Time": 200.909,
                      "Actual Rows": 6667,
                      "Actual Loops": 4,
                      "Inner Unique": true,
                      "Hash Cond": "(mk.movie_id = t.id)",
                      "Plans": [
                        {
                          "Node Type": "Seq Scan",
                          "Parent Relationship": "Outer",
                          "Parallel Aware": true,
                          "Relation Name": "movie_keyword",
                          "Alias": "mk",
                          "Startup Cost": 0.0,
                          "Total Cost": 42695.65,
                          "Plan Rows": 350890,
                          "Plan Width": 4,
                          "Actual Startup Time": 1.137,
                          "Actual Total Time": 97.637,
                          "Actual Rows": 272059,
                          "Actual Loops": 4,
                          "Filter": "(keyword_id > 16264)",
                          "Rows Removed by Filter": 858923
                        },
                        {
                          "Node Type": "Hash",
                          "Parent Relationship": "Inner",
                          "Parallel Aware": true,
                          "Startup Cost": 38071.37,
                          "Total Cost": 38071.37,
                          "Plan Rows": 19417,
                          "Plan Width": 4,
                          "Actual Startup Time": 73.701,
                          "Actual Total Time": 73.705,
                          "Actual Rows": 19363,
                          "Actual Loops": 4,
                          "Hash Buckets": 131072,
                          "Original Hash Buckets": 131072,
                          "Hash Batches": 1,
                          "Original Hash Batches": 1,
                          "Peak Memory Usage": 4128,
                          "Plans": [
                            {
                              "Node Type": "Bitmap Heap Scan",
                              "Parent Relationship": "Outer",
                              "Parallel Aware": true,
                              "Relation Name": "title",
                              "Alias": "t",
                              "Startup Cost": 1716.86,
                              "Total Cost": 38071.37,
                              "Plan Rows": 19417,
                              "Plan Width": 4,
                              "Actual Startup Time": 15.716,
                              "Actual Total Time": 65.585,
                              "Actual Rows": 19363,
                              "Actual Loops": 4,
                              "Recheck Cond": "(kind_id = 2)",
                              "Rows Removed by Index Recheck": 0,
                              "Filter": "(production_year < 2011)",
                              "Rows Removed by Filter": 3350,
                              "Exact Heap Blocks": 14225,
                              "Lossy Heap Blocks": 0,
                              "Plans": [
                                {
                                  "Node Type": "Bitmap Index Scan",
                                  "Parent Relationship": "Outer",
                                  "Parallel Aware": false,
                                  "Index Name": "kind_id_title",
                                  "Startup Cost": 0.0,
                                  "Total Cost": 1697.45,
                                  "Plan Rows": 95069,
                                  "Plan Width": 0,
                                  "Actual Startup Time": 14.049,
                                  "Actual Total Time": 14.049,
                                  "Actual Rows": 90852,
                                  "Actual Loops": 1,
                                  "Index Cond": "(kind_id = 2)"
                                }
                              ]
                            }
                          ]
                        }
                      ]
                    },
                    {
                      "Node Type": "Index Scan",
                      "Parent Relationship": "Inner",
                      "Parallel Aware": false,
                      "Scan Direction": "Forward",
                      "Index Name": "movie_id_movie_info",
                      "Relation Name": "movie_info",
                      "Alias": "mi",
                      "Startup Cost": 0.43,
                      "Total Cost": 2.05,
                      "Plan Rows": 27,
                      "Plan Width": 4,
                      "Actual Startup Time": 0.005,
                      "Actual Total Time": 0.016,
                      "Actual Rows": 35,
                      "Actual Loops": 26669,
                      "Index Cond": "(movie_id = mk.movie_id)",
                      "Rows Removed by Index Recheck": 0,
                      "Filter": "(info_type_id > 4)",
                      "Rows Removed by Filter": 6
                    }
                  ]
                }
              ]
            }
          ]
        }
      ]
    },
    "Planning Time": 1.433,
    "Triggers": [],
    "Execution Time": 372.472
  }
]