[
  {
    "Plan": {
      "Node Type": "Aggregate",
      "Strategy": "Plain",
      "Partial Mode": "Finalize",
      "Parallel Aware": false,
      "Startup Cost": 107766.1,
      "Total Cost": 107766.11,
      "Plan Rows": 1,
      "Plan Width": 8,
      "Actual Startup Time": 344.744,
      "Actual Total Time": 366.915,
      "Actual Rows": 1,
      "Actual Loops": 1,
      "Plans": [
        {
          "Node Type": "Gather",
          "Parent Relationship": "Outer",
          "Parallel Aware": false,
          "Startup Cost": 107765.79,
          "Total Cost": 107766.1,
          "Plan Rows": 3,
          "Plan Width": 8,
          "Actual Startup Time": 344.251,
          "Actual Total Time": 366.905,
          "Actual Rows": 4,
          "Actual Loops": 1,
          "Workers Planned": 3,
          "Workers Launched": 3,
          "Single Copy": false,
          "Plans": [
            {
              "Node Type": "Aggregate",
              "Strategy": "Plain",
              "Partial Mode": "Partial",
              "Parent Relationship": "Outer",
              "Parallel Aware": false,
              "Startup Cost": 106765.79,
              "Total Cost": 106765.8,
              "Plan Rows": 1,
              "Plan Width": 8,
              "Actual Startup Time": 334.544,
              "Actual Total Time": 334.548,
              "Actual Rows": 1,
              "Actual Loops": 4,
              "Plans": [
                {
                  "Node Type": "Nested Loop",
                  "Parent Relationship": "Outer",
                  "Parallel Aware": false,
                  "Join Type": "Inner",
                  "Startup Cost": 38205.05,
                  "Total Cost": 106665.21,
                  "Plan Rows": 40230,
                  "Plan Width": 0,
                  "Actual Startup Time": 76.207,
                  "Actual Total Time": 323.341,
                  "Actual Rows": 236617,
                  "Actual Loops": 4,
                  "Inner Unique": false,
                  "Join Filter": "(t.id = mi.movie_id)",
                  "Rows Removed by Join Filter": 0,
                  "Plans": [
                    {
                      "Node Type": "Hash Join",
                      "Parent Relationship": "Outer",
                      "Parallel Aware": true,
                      "Join Type": "Inner",
                      "Startup Cost": 38204.61,
                      "Total Cost": 81819.48,
                      "Plan Rows": 10260,
                      "Plan Width": 8,
                      "Actual Startup Time": 76.105,
                      "Actual Total Time": 198.137,
                      "Actual Rows": 6667,
                      "Actual Loops": 4,
                      "Inner Unique": true,
                      "Hash Cond": "(mk.movie_id = t.id)",
                      "Plans": [
                        {
                          "Node Type": "Seq Scan",
                          "Parent Relationship": "Outer",
                          "Parallel Aware": true,
                          "Relation Name": "movie_keyword",
                          "Alias": "mk",
                          "Startup Cost": 0.0,
                          "Total Cost": 42695.65,
                          "Plan Rows": 350177,
                          "Plan Width": 4,
                          "Actual Startup Time": 1.239,
                          "Actual Total Time": 95.8,
                          "Actual Rows": 272059,
                          "Actual Loops": 4,
                          "Filter": "(keyword_id > 16264)",
                          "Rows Removed by Filter": 858923
                        },
                        {
                          "Node Type": "Hash",
                          "Parent Relationship": "Inner",
                          "Parallel Aware": true,
                          "Startup Cost": 37973.11,
                          "Total Cost": 37973.11,
                          "Plan Rows": 18520,
                          "Plan Width": 4,
                          "Actual Startup Time": 73.177,
                          "Actual Total Time": 73.178,
                          "Actual Rows": 19363,
                          "Actual Loops": 4,
                          "Hash Buckets": 131072,
                          "Original Hash Buckets": 131072,
                          "Hash Batches": 1,
                          "Original Hash Batches": 1,
                          "Peak Memory Usage": 4096,
                          "Plans": [
                            {
                              "Node Type": "Bitmap Heap Scan",
                              "Parent Relationship": "Outer",
                              "Parallel Aware": true,
                              "Relation Name": "title",
                              "Alias": "t",
                              "Startup Cost": 1635.06,
                              "Total Cost": 37973.11,
                              "Plan Rows": 18520,
                              "Plan Width": 4,
                              "Actual Startup Time": 17.936,
                              "Actual Total Time": 65.408,
                              "Actual Rows": 19363,
                              "Actual Loops": 4,
                              "Recheck Cond": "(kind_id = 2)",
                              "Rows Removed by Index Recheck": 0,
                              "Filter": "(production_year < 2011)",
                              "Rows Removed by Filter": 3350,
                              "Exact Heap Blocks": 13983,
                              "Lossy Heap Blocks": 0,
                              "Plans": [
                                {
                                  "Node Type": "Bitmap Index Scan",
                                  "Parent Relationship": "Outer",
                                  "Parallel Aware": false,
                                  "Index Name": "kind_id_title",
                                  "Startup Cost": 0.0,
                                  "Total Cost": 1616.54,
                                  "Plan Rows": 90681,
                                  "Plan Width": 0,
                                  "Actual Startup Time": 15.454,
                                  "Actual Total Time": 15.455,
                                  "Actual Rows": 90852,
                                  "Actual Loops": 1,
                                  "Index Cond": "(kind_id = 2)"
                                }
                              ]
                            }
                          ]
                        }
                      ]
                    },
                    {
                      "Node Type": "Index Scan",
                      "Parent Relationship": "Inner",
                      "Parallel Aware": false,
                      "Scan Direction": "Forward",
                      "Index Name": "movie_id_movie_info",
                      "Relation Name": "movie_info",
                      "Alias": "mi",
                      "Startup Cost": 0.43,
                      "Total Cost": 2.07,
                      "Plan Rows": 28,
                      "Plan Width": 4,
                      "Actual Startup Time": 0.004,
                      "Actual Total Time": 0.015,
                      "Actual Rows": 35,
                      "Actual Loops": 26669,
                      "Index Cond": "(movie_id = mk.movie_id)",
                      "Rows Removed by Index Recheck": 0,
                      "Filter": "(info_type_id > 4)",
                      "Rows Removed by Filter": 6
                    }
                  ]
                }
              ]
            }
          ]
        }
      ]
    },
    "Planning Time": 1.427,
    "Triggers": [],
    "Execution Time": 367.054
  }
]