[
  {
    "Plan": {
      "Node Type": "Aggregate",
      "Strategy": "Plain",
      "Partial Mode": "Finalize",
      "Parallel Aware": false,
      "Startup Cost": 233413.03,
      "Total Cost": 233413.04,
      "Plan Rows": 1,
      "Plan Width": 8,
      "Actual Startup Time": 503.936,
      "Actual Total Time": 525.64,
      "Actual Rows": 1,
      "Actual Loops": 1,
      "Plans": [
        {
          "Node Type": "Gather",
          "Parent Relationship": "Outer",
          "Parallel Aware": false,
          "Startup Cost": 233412.51,
          "Total Cost": 233413.02,
          "Plan Rows": 5,
          "Plan Width": 8,
          "Actual Startup Time": 487.34,
          "Actual Total Time": 525.628,
          "Actual Rows": 6,
          "Actual Loops": 1,
          "Workers Planned": 5,
          "Workers Launched": 5,
          "Single Copy": false,
          "Plans": [
            {
              "Node Type": "Aggregate",
              "Strategy": "Plain",
              "Partial Mode": "Partial",
              "Parent Relationship": "Outer",
              "Parallel Aware": false,
              "Startup Cost": 232412.51,
              "Total Cost": 232412.52,
              "Plan Rows": 1,
              "Plan Width": 8,
              "Actual Startup Time": 465.312,
              "Actual Total Time": 465.316,
              "Actual Rows": 1,
              "Actual Loops": 6,
              "Plans": [
                {
                  "Node Type": "Hash Join",
                  "Parent Relationship": "Outer",
                  "Parallel Aware": true,
                  "Join Type": "Inner",
                  "Startup Cost": 67129.48,
                  "Total Cost": 231945.84,
                  "Plan Rows": 186668,
                  "Plan Width": 0,
                  "Actual Startup Time": 329.579,
                  "Actual Total Time": 456.695,
                  "Actual Rows": 147654,
                  "Actual Loops": 6,
                  "Inner Unique": true,
                  "Hash Cond": "(mi.movie_id = t.id)",
                  "Plans": [
                    {
                      "Node Type": "Bitmap Heap Scan",
                      "Parent Relationship": "Outer",
                      "Parallel Aware": true,
                      "Relation Name": "movie_info",
                      "Alias": "mi",
                      "Startup Cost": 16909.84,
                      "Total Cost": 181236.19,
                      "Plan Rows": 186668,
                      "Plan Width": 4,
                      "Actual Startup Time": 40.155,
                      "Actual Total Time": 98.846,
                      "Actual Rows": 147654,
                      "Actual Loops": 6,
                      "Recheck Cond": "(info_type_id > 96)",
                      "Rows Removed by Index Recheck": 0,
                      "Exact Heap Blocks": 6701,
                      "Lossy Heap Blocks": 0,
                      "Plans": [
                        {
                          "Node Type": "Bitmap Index Scan",
                          "Parent Relationship": "Outer",
                          "Parallel Aware": false,
                          "Index Name": "info_type_id_movie_info",
                          "Startup Cost": 0.0,
                          "Total Cost": 16676.5,
                          "Plan Rows": 933342,
                          "Plan Width": 0,
                          "Actual Startup Time": 34.967,
                          "Actual Total Time": 34.967,
                          "Actual Rows": 885922,
                          "Actual Loops": 1,
                          "Index Cond": "(info_type_id > 96)"
                        }
                      ]
                    },
                    {
                      "Node Type": "Hash",
                      "Parent Relationship": "Inner",
                      "Parallel Aware": true,
                      "Startup Cost": 42318.73,
                      "Total Cost": 42318.73,
                      "Plan Rows": 632073,
                      "Plan Width": 4,
                      "Actual Startup Time": 281.743,
                      "Actual Total Time": 281.744,
                      "Actual Rows": 421385,
                      "Actual Loops": 6,
                      "Hash Buckets": 4194304,
                      "Original Hash Buckets": 4194304,
                      "Hash Batches": 1,
                      "Original Hash Batches": 1,
                      "Peak Memory Usage": 131776,
                      "Plans": [
                        {
                          "Node Type": "Seq Scan",
                          "Parent Relationship": "Outer",
                          "Parallel Aware": true,
                          "Relation Name": "title",
                          "Alias": "t",
                          "Startup Cost": 0.0,
                          "Total Cost": 42318.73,
                          "Plan Rows": 632073,
                          "Plan Width": 4,
                          "Actual Startup Time": 0.042,
                          "Actual Total Time": 82.473,
                          "Actual Rows": 421385,
                          "Actual Loops": 6
                        }
                      ]
                    }
                  ]
                }
              ]
            }
          ]
        }
      ]
    },
    "Planning Time": 0.594,
    "Triggers": [],
    "Execution Time": 525.729
  }
]