[
    {
        "Bao": {
            "Bao prediction": "NaN",
            "Bao recommended hint": "(no hint)"
        }
    },
    {
        "Plan": {
            "Node Type": "Aggregate",
            "Strategy": "Plain",
            "Partial Mode": "Finalize",
            "Parallel Aware": false,
            "Startup Cost": 27671.65,
            "Total Cost": 27671.66,
            "Plan Rows": 1,
            "Plan Width": 8,
            "Actual Startup Time": 65.586,
            "Actual Total Time": 68.81,
            "Actual Rows": 1,
            "Actual Loops": 1,
            "Output": [
                "count(*)"
            ],
            "Plans": [
                {
                    "Node Type": "Gather",
                    "Parent Relationship": "Outer",
                    "Parallel Aware": false,
                    "Startup Cost": 27671.23,
                    "Total Cost": 27671.64,
                    "Plan Rows": 4,
                    "Plan Width": 8,
                    "Actual Startup Time": 65.502,
                    "Actual Total Time": 68.797,
                    "Actual Rows": 5,
                    "Actual Loops": 1,
                    "Output": [
                        "(PARTIAL count(*))"
                    ],
                    "Workers Planned": 4,
                    "Workers Launched": 4,
                    "Single Copy": false,
                    "Plans": [
                        {
                            "Node Type": "Aggregate",
                            "Strategy": "Plain",
                            "Partial Mode": "Partial",
                            "Parent Relationship": "Outer",
                            "Parallel Aware": false,
                            "Startup Cost": 26671.23,
                            "Total Cost": 26671.24,
                            "Plan Rows": 1,
                            "Plan Width": 8,
                            "Actual Startup Time": 56.147,
                            "Actual Total Time": 56.148,
                            "Actual Rows": 1,
                            "Actual Loops": 5,
                            "Output": [
                                "PARTIAL count(*)"
                            ],
                            "Workers": [
                                {
                                    "Worker Number": 0,
                                    "Actual Startup Time": 53.66,
                                    "Actual Total Time": 53.661,
                                    "Actual Rows": 1,
                                    "Actual Loops": 1
                                },
                                {
                                    "Worker Number": 1,
                                    "Actual Startup Time": 53.687,
                                    "Actual Total Time": 53.688,
                                    "Actual Rows": 1,
                                    "Actual Loops": 1
                                },
                                {
                                    "Worker Number": 2,
                                    "Actual Startup Time": 53.9,
                                    "Actual Total Time": 53.9,
                                    "Actual Rows": 1,
                                    "Actual Loops": 1
                                },
                                {
                                    "Worker Number": 3,
                                    "Actual Startup Time": 54.312,
                                    "Actual Total Time": 54.313,
                                    "Actual Rows": 1,
                                    "Actual Loops": 1
                                }
                            ],
                            "Plans": [
                                {
                                    "Node Type": "Index Scan",
                                    "Parent Relationship": "Outer",
                                    "Parallel Aware": true,
                                    "Scan Direction": "Forward",
                                    "Index Name": "role_id_cast_info",
                                    "Relation Name": "cast_info",
                                    "Schema": "public",
                                    "Alias": "ci",
                                    "Startup Cost": 0.56,
                                    "Total Cost": 26238.71,
                                    "Plan Rows": 173009,
                                    "Plan Width": 0,
                                    "Actual Startup Time": 0.154,
                                    "Actual Total Time": 52.574,
                                    "Actual Rows": 54307,
                                    "Actual Loops": 5,
                                    "Output": [
                                        "id",
                                        "person_id",
                                        "movie_id",
                                        "person_role_id",
                                        "note",
                                        "nr_order",
                                        "role_id"
                                    ],
                                    "Index Cond": "(ci.role_id = 5)",
                                    "Rows Removed by Index Recheck": 0,
                                    "Filter": "(ci.person_id < 2748329)",
                                    "Rows Removed by Filter": 125371,
                                    "Workers": [
                                        {
                                            "Worker Number": 0,
                                            "Actual Startup Time": 0.208,
                                            "Actual Total Time": 50.513,
                                            "Actual Rows": 42051,
                                            "Actual Loops": 1
                                        },
                                        {
                                            "Worker Number": 1,
                                            "Actual Startup Time": 0.186,
                                            "Actual Total Time": 50.383,
                                            "Actual Rows": 43433,
                                            "Actual Loops": 1
                                        },
                                        {
                                            "Worker Number": 2,
                                            "Actual Startup Time": 0.149,
                                            "Actual Total Time": 50.524,
                                            "Actual Rows": 41957,
                                            "Actual Loops": 1
                                        },
                                        {
                                            "Worker Number": 3,
                                            "Actual Startup Time": 0.177,
                                            "Actual Total Time": 51.067,
                                            "Actual Rows": 45416,
                                            "Actual Loops": 1
                                        }
                                    ]
                                }
                            ]
                        }
                    ]
                }
            ]
        },
        "Planning Time": 182.408,
        "Triggers": [],
        "Execution Time": 68.864
    }
]