[
  {
    "Plan": {
      "Node Type": "Aggregate",
      "Strategy": "Plain",
      "Partial Mode": "Finalize",
      "Parallel Aware": false,
      "Startup Cost": 48915.32,
      "Total Cost": 48915.33,
      "Plan Rows": 1,
      "Plan Width": 8,
      "Actual Startup Time": 208.474,
      "Actual Total Time": 238.321,
      "Actual Rows": 1,
      "Actual Loops": 1,
      "Plans": [
        {
          "Node Type": "Gather",
          "Parent Relationship": "Outer",
          "Parallel Aware": false,
          "Startup Cost": 48915.1,
          "Total Cost": 48915.31,
          "Plan Rows": 2,
          "Plan Width": 8,
          "Actual Startup Time": 208.226,
          "Actual Total Time": 238.309,
          "Actual Rows": 3,
          "Actual Loops": 1,
          "Workers Planned": 2,
          "Workers Launched": 2,
          "Single Copy": false,
          "Plans": [
            {
              "Node Type": "Aggregate",
              "Strategy": "Plain",
              "Partial Mode": "Partial",
              "Parent Relationship": "Outer",
              "Parallel Aware": false,
              "Startup Cost": 47915.1,
              "Total Cost": 47915.11,
              "Plan Rows": 1,
              "Plan Width": 8,
              "Actual Startup Time": 200.045,
              "Actual Total Time": 200.048,
              "Actual Rows": 1,
              "Actual Loops": 3,
              "Plans": [
                {
                  "Node Type": "Nested Loop",
                  "Parent Relationship": "Outer",
                  "Parallel Aware": false,
                  "Join Type": "Inner",
                  "Startup Cost": 182.75,
                  "Total Cost": 47863.66,
                  "Plan Rows": 20575,
                  "Plan Width": 0,
                  "Actual Startup Time": 3.567,
                  "Actual Total Time": 188.754,
                  "Actual Rows": 196646,
                  "Actual Loops": 3,
                  "Inner Unique": false,
                  "Plans": [
                    {
                      "Node Type": "Nested Loop",
                      "Parent Relationship": "Outer",
                      "Parallel Aware": false,
                      "Join Type": "Inner",
                      "Startup Cost": 182.31,
                      "Total Cost": 41064.84,
                      "Plan Rows": 3519,
                      "Plan Width": 8,
                      "Actual Startup Time": 3.411,
                      "Actual Total Time": 35.479,
                      "Actual Rows": 2779,
                      "Actual Loops": 3,
                      "Inner Unique": true,
                      "Plans": [
                        {
                          "Node Type": "Bitmap Heap Scan",
                          "Parent Relationship": "Outer",
                          "Parallel Aware": true,
                          "Relation Name": "movie_keyword",
                          "Alias": "mk",
                          "Startup Cost": 181.88,
                          "Total Cost": 17308.51,
                          "Plan Rows": 3519,
                          "Plan Width": 4,
                          "Actual Startup Time": 3.257,
                          "Actual Total Time": 13.749,
                          "Actual Rows": 2779,
                          "Actual Loops": 3,
                          "Recheck Cond": "(keyword_id = 865)",
                          "Rows Removed by Index Recheck": 0,
                          "Exact Heap Blocks": 3692,
                          "Lossy Heap Blocks": 0,
                          "Plans": [
                            {
                              "Node Type": "Bitmap Index Scan",
                              "Parent Relationship": "Outer",
                              "Parallel Aware": false,
                              "Index Name": "keyword_id_movie_keyword",
                              "Startup Cost": 0.0,
                              "Total Cost": 179.77,
                              "Plan Rows": 8445,
                              "Plan Width": 0,
                              "Actual Startup Time": 5.853,
                              "Actual Total Time": 5.854,
                              "Actual Rows": 8337,
                              "Actual Loops": 1,
                              "Index Cond": "(keyword_id = 865)"
                            }
                          ]
                        },
                        {
                          "Node Type": "Index Only Scan",
                          "Parent Relationship": "Inner",
                          "Parallel Aware": false,
                          "Scan Direction": "Forward",
                          "Index Name": "title_pkey",
                          "Relation Name": "title",
                          "Alias": "t",
                          "Startup Cost": 0.43,
                          "Total Cost": 6.75,
                          "Plan Rows": 1,
                          "Plan Width": 4,
                          "Actual Startup Time": 0.007,
                          "Actual Total Time": 0.007,
                          "Actual Rows": 1,
                          "Actual Loops": 8337,
                          "Index Cond": "(id = mk.movie_id)",
                          "Rows Removed by Index Recheck": 0,
                          "Heap Fetches": 8337
                        }
                      ]
                    },
                    {
                      "Node Type": "Index Only Scan",
                      "Parent Relationship": "Inner",
                      "Parallel Aware": false,
                      "Scan Direction": "Forward",
                      "Index Name": "movie_id_movie_info",
                      "Relation Name": "movie_info",
                      "Alias": "mi",
                      "Startup Cost": 0.43,
                      "Total Cost": 1.51,
                      "Plan Rows": 42,
                      "Plan Width": 4,
                      "Actual Startup Time": 0.011,
                      "Actual Total Time": 0.049,
                      "Actual Rows": 71,
                      "Actual Loops": 8337,
                      "Index Cond": "(movie_id = t.id)",
                      "Rows Removed by Index Recheck": 0,
                      "Heap Fetches": 589939
                    }
                  ]
                }
              ]
            }
          ]
        }
      ]
    },
    "Planning Time": 1.325,
    "Triggers": [],
    "Execution Time": 238.431
  }
]