{
    "Plan": {
        "Node Type": "Aggregate",
        "Strategy": "Plain",
        "Partial Mode": "Finalize",
        "Parallel Aware": false,
        "Startup Cost": 169132.05,
        "Total Cost": 169132.06,
        "Plan Rows": 1,
        "Plan Width": 8,
        "Actual Startup Time": 227.687,
        "Actual Total Time": 257.204,
        "Actual Rows": 1,
        "Actual Loops": 1,
        "Output": [
            "count(*)"
        ],
        "Plans": [
            {
                "Node Type": "Gather",
                "Parent Relationship": "Outer",
                "Parallel Aware": false,
                "Startup Cost": 169131.63,
                "Total Cost": 169132.04,
                "Plan Rows": 4,
                "Plan Width": 8,
                "Actual Startup Time": 227.572,
                "Actual Total Time": 257.195,
                "Actual Rows": 5,
                "Actual Loops": 1,
                "Output": [
                    "(PARTIAL count(*))"
                ],
                "Workers Planned": 4,
                "Workers Launched": 4,
                "Single Copy": false,
                "Plans": [
                    {
                        "Node Type": "Aggregate",
                        "Strategy": "Plain",
                        "Partial Mode": "Partial",
                        "Parent Relationship": "Outer",
                        "Parallel Aware": false,
                        "Startup Cost": 168131.63,
                        "Total Cost": 168131.64,
                        "Plan Rows": 1,
                        "Plan Width": 8,
                        "Actual Startup Time": 217.477,
                        "Actual Total Time": 217.479,
                        "Actual Rows": 1,
                        "Actual Loops": 5,
                        "Output": [
                            "PARTIAL count(*)"
                        ],
                        "Workers": [
                            {
                                "Worker Number": 0,
                                "Actual Startup Time": 214.461,
                                "Actual Total Time": 214.462,
                                "Actual Rows": 1,
                                "Actual Loops": 1
                            },
                            {
                                "Worker Number": 1,
                                "Actual Startup Time": 214.978,
                                "Actual Total Time": 214.98,
                                "Actual Rows": 1,
                                "Actual Loops": 1
                            },
                            {
                                "Worker Number": 2,
                                "Actual Startup Time": 215.523,
                                "Actual Total Time": 215.525,
                                "Actual Rows": 1,
                                "Actual Loops": 1
                            },
                            {
                                "Worker Number": 3,
                                "Actual Startup Time": 215.688,
                                "Actual Total Time": 215.69,
                                "Actual Rows": 1,
                                "Actual Loops": 1
                            }
                        ],
                        "Plans": [
                            {
                                "Node Type": "Nested Loop",
                                "Parent Relationship": "Outer",
                                "Parallel Aware": false,
                                "Join Type": "Inner",
                                "Startup Cost": 1.0,
                                "Total Cost": 168011.84,
                                "Plan Rows": 47915,
                                "Plan Width": 0,
                                "Actual Startup Time": 60.82,
                                "Actual Total Time": 213.354,
                                "Actual Rows": 86219,
                                "Actual Loops": 5,
                                "Inner Unique": false,
                                "Join Filter": "(t.id = ci.movie_id)",
                                "Rows Removed by Join Filter": 0,
                                "Workers": [
                                    {
                                        "Worker Number": 0,
                                        "Actual Startup Time": 57.755,
                                        "Actual Total Time": 210.353,
                                        "Actual Rows": 84800,
                                        "Actual Loops": 1
                                    },
                                    {
                                        "Worker Number": 1,
                                        "Actual Startup Time": 58.263,
                                        "Actual Total Time": 211.677,
                                        "Actual Rows": 66569,
                                        "Actual Loops": 1
                                    },
                                    {
                                        "Worker Number": 2,
                                        "Actual Startup Time": 58.929,
                                        "Actual Total Time": 211.93,
                                        "Actual Rows": 70622,
                                        "Actual Loops": 1
                                    },
                                    {
                                        "Worker Number": 3,
                                        "Actual Startup Time": 59.162,
                                        "Actual Total Time": 211.897,
                                        "Actual Rows": 75730,
                                        "Actual Loops": 1
                                    }
                                ],
                                "Plans": [
                                    {
                                        "Node Type": "Nested Loop",
                                        "Parent Relationship": "Outer",
                                        "Parallel Aware": false,
                                        "Join Type": "Inner",
                                        "Startup Cost": 0.43,
                                        "Total Cost": 160670.77,
                                        "Plan Rows": 3820,
                                        "Plan Width": 8,
                                        "Actual Startup Time": 60.74,
                                        "Actual Total Time": 101.893,
                                        "Actual Rows": 3019,
                                        "Actual Loops": 5,
                                        "Output": [
                                            "t.id",
                                            "mi.movie_id"
                                        ],
                                        "Inner Unique": false,
                                        "Workers": [
                                            {
                                                "Worker Number": 0,
                                                "Actual Startup Time": 57.652,
                                                "Actual Total Time": 99.609,
                                                "Actual Rows": 2523,
                                                "Actual Loops": 1
                                            },
                                            {
                                                "Worker Number": 1,
                                                "Actual Startup Time": 58.17,
                                                "Actual Total Time": 100.84,
                                                "Actual Rows": 2659,
                                                "Actual Loops": 1
                                            },
                                            {
                                                "Worker Number": 2,
                                                "Actual Startup Time": 58.833,
                                                "Actual Total Time": 101.951,
                                                "Actual Rows": 2517,
                                                "Actual Loops": 1
                                            },
                                            {
                                                "Worker Number": 3,
                                                "Actual Startup Time": 59.072,
                                                "Actual Total Time": 99.186,
                                                "Actual Rows": 2561,
                                                "Actual Loops": 1
                                            }
                                        ],
                                        "Plans": [
                                            {
                                                "Node Type": "Seq Scan",
                                                "Parent Relationship": "Outer",
                                                "Parallel Aware": true,
                                                "Relation Name": "title",
                                                "Schema": "public",
                                                "Alias": "t",
                                                "Startup Cost": 0.0,
                                                "Total Cost": 45479.21,
                                                "Plan Rows": 1084,
                                                "Plan Width": 4,
                                                "Actual Startup Time": 60.624,
                                                "Actual Total Time": 83.68,
                                                "Actual Rows": 537,
                                                "Actual Loops": 5,
                                                "Output": [
                                                    "t.id",
                                                    "t.title",
                                                    "t.imdb_index",
                                                    "t.kind_id",
                                                    "t.production_year",
                                                    "t.imdb_id",
                                                    "t.phonetic_code",
                                                    "t.episode_of_id",
                                                    "t.season_nr",
                                                    "t.episode_nr",
                                                    "t.series_years",
                                                    "t.md5sum"
                                                ],
                                                "Filter": "((t.production_year > 2006) AND (t.kind_id = 6))",
                                                "Rows Removed by Filter": 505125,
                                                "Workers": [
                                                    {
                                                        "Worker Number": 0,
                                                        "Actual Startup Time": 57.502,
                                                        "Actual Total Time": 79.514,
                                                        "Actual Rows": 450,
                                                        "Actual Loops": 1
                                                    },
                                                    {
                                                        "Worker Number": 1,
                                                        "Actual Startup Time": 58.041,
                                                        "Actual Total Time": 79.795,
                                                        "Actual Rows": 494,
                                                        "Actual Loops": 1
                                                    },
                                                    {
                                                        "Worker Number": 2,
                                                        "Actual Startup Time": 58.691,
                                                        "Actual Total Time": 82.053,
                                                        "Actual Rows": 440,
                                                        "Actual Loops": 1
                                                    },
                                                    {
                                                        "Worker Number": 3,
                                                        "Actual Startup Time": 58.942,
                                                        "Actual Total Time": 79.697,
                                                        "Actual Rows": 464,
                                                        "Actual Loops": 1
                                                    }
                                                ]
                                            },
                                            {
                                                "Node Type": "Index Scan",
                                                "Parent Relationship": "Inner",
                                                "Parallel Aware": false,
                                                "Scan Direction": "Forward",
                                                "Index Name": "movie_id_movie_info",
                                                "Relation Name": "movie_info",
                                                "Schema": "public",
                                                "Alias": "mi",
                                                "Startup Cost": 0.43,
                                                "Total Cost": 106.03,
                                                "Plan Rows": 24,
                                                "Plan Width": 4,
                                                "Actual Startup Time": 0.012,
                                                "Actual Total Time": 0.033,
                                                "Actual Rows": 6,
                                                "Actual Loops": 2687,
                                                "Output": [
                                                    "mi.id",
                                                    "mi.movie_id",
                                                    "mi.info_type_id",
                                                    "mi.info",
                                                    "mi.note"
                                                ],
                                                "Index Cond": "(mi.movie_id = t.id)",
                                                "Rows Removed by Index Recheck": 0,
                                                "Filter": "(mi.info_type_id < 15)",
                                                "Rows Removed by Filter": 4,
                                                "Workers": [
                                                    {
                                                        "Worker Number": 0,
                                                        "Actual Startup Time": 0.016,
                                                        "Actual Total Time": 0.043,
                                                        "Actual Rows": 6,
                                                        "Actual Loops": 450
                                                    },
                                                    {
                                                        "Worker Number": 1,
                                                        "Actual Startup Time": 0.015,
                                                        "Actual Total Time": 0.041,
                                                        "Actual Rows": 5,
                                                        "Actual Loops": 494
                                                    },
                                                    {
                                                        "Worker Number": 2,
                                                        "Actual Startup Time": 0.016,
                                                        "Actual Total Time": 0.044,
                                                        "Actual Rows": 6,
                                                        "Actual Loops": 440
                                                    },
                                                    {
                                                        "Worker Number": 3,
                                                        "Actual Startup Time": 0.015,
                                                        "Actual Total Time": 0.041,
                                                        "Actual Rows": 6,
                                                        "Actual Loops": 464
                                                    }
                                                ]
                                            }
                                        ]
                                    },
                                    {
                                        "Node Type": "Index Scan",
                                        "Parent Relationship": "Inner",
                                        "Parallel Aware": false,
                                        "Scan Direction": "Forward",
                                        "Index Name": "movie_id_cast_info",
                                        "Relation Name": "cast_info",
                                        "Schema": "public",
                                        "Alias": "ci",
                                        "Startup Cost": 0.56,
                                        "Total Cost": 1.5,
                                        "Plan Rows": 34,
                                        "Plan Width": 4,
                                        "Actual Startup Time": 0.005,
                                        "Actual Total Time": 0.034,
                                        "Actual Rows": 29,
                                        "Actual Loops": 15093,
                                        "Output": [
                                            "ci.id",
                                            "ci.person_id",
                                            "ci.movie_id",
                                            "ci.person_role_id",
                                            "ci.note",
                                            "ci.nr_order",
                                            "ci.role_id"
                                        ],
                                        "Index Cond": "(ci.movie_id = mi.movie_id)",
                                        "Rows Removed by Index Recheck": 0,
                                        "Filter": "(ci.role_id < 10)",
                                        "Rows Removed by Filter": 21,
                                        "Workers": [
                                            {
                                                "Worker Number": 0,
                                                "Actual Startup Time": 0.006,
                                                "Actual Total Time": 0.041,
                                                "Actual Rows": 34,
                                                "Actual Loops": 2523
                                            },
                                            {
                                                "Worker Number": 1,
                                                "Actual Startup Time": 0.005,
                                                "Actual Total Time": 0.039,
                                                "Actual Rows": 25,
                                                "Actual Loops": 2659
                                            },
                                            {
                                                "Worker Number": 2,
                                                "Actual Startup Time": 0.005,
                                                "Actual Total Time": 0.041,
                                                "Actual Rows": 28,
                                                "Actual Loops": 2517
                                            },
                                            {
                                                "Worker Number": 3,
                                                "Actual Startup Time": 0.005,
                                                "Actual Total Time": 0.041,
                                                "Actual Rows": 30,
                                                "Actual Loops": 2561
                                            }
                                        ]
                                    }
                                ]
                            }
                        ]
                    }
                ]
            }
        ]
    },
    "Planning Time": 1.6,
    "Triggers": [],
    "Execution Time": 257.303
}