[
  {
    "Plan": {
      "Node Type": "Aggregate",
      "Strategy": "Plain",
      "Partial Mode": "Finalize",
      "Parallel Aware": false,
      "Startup Cost": 31123.58,
      "Total Cost": 31123.59,
      "Plan Rows": 1,
      "Plan Width": 8,
      "Actual Startup Time": 87.488,
      "Actual Total Time": 95.955,
      "Actual Rows": 1,
      "Actual Loops": 1,
      "Plans": [
        {
          "Node Type": "Gather",
          "Parent Relationship": "Outer",
          "Parallel Aware": false,
          "Startup Cost": 31123.26,
          "Total Cost": 31123.57,
          "Plan Rows": 3,
          "Plan Width": 8,
          "Actual Startup Time": 87.302,
          "Actual Total Time": 95.938,
          "Actual Rows": 4,
          "Actual Loops": 1,
          "Workers Planned": 3,
          "Workers Launched": 3,
          "Single Copy": false,
          "Plans": [
            {
              "Node Type": "Aggregate",
              "Strategy": "Plain",
              "Partial Mode": "Partial",
              "Parent Relationship": "Outer",
              "Parallel Aware": false,
              "Startup Cost": 30123.26,
              "Total Cost": 30123.27,
              "Plan Rows": 1,
              "Plan Width": 8,
              "Actual Startup Time": 81.959,
              "Actual Total Time": 81.961,
              "Actual Rows": 1,
              "Actual Loops": 4,
              "Plans": [
                {
                  "Node Type": "Seq Scan",
                  "Parent Relationship": "Outer",
                  "Parallel Aware": true,
                  "Relation Name": "movie_companies",
                  "Alias": "mc",
                  "Startup Cost": 0.0,
                  "Total Cost": 29310.68,
                  "Plan Rows": 325033,
                  "Plan Width": 0,
                  "Actual Startup Time": 13.093,
                  "Actual Total Time": 70.598,
                  "Actual Rows": 250492,
                  "Actual Loops": 4,
                  "Filter": "(company_id > 16651)",
                  "Rows Removed by Filter": 401791
                }
              ]
            }
          ]
        }
      ]
    },
    "Planning Time": 0.189,
    "Triggers": [],
    "Execution Time": 96.01
  }
]