{
  "Plan": {
    "Node Type": "Aggregate",
    "Strategy": "Plain",
    "Partial Mode": "Finalize",
    "Parallel Aware": false,
    "Startup Cost": 959041.65,
    "Total Cost": 959041.66,
    "Plan Rows": 1,
    "Plan Width": 8,
    "Actual Startup Time": 14736.696,
    "Actual Total Time": 14904.04,
    "Actual Rows": 1,
    "Actual Loops": 1,
    "Plans": [
      {
        "Node Type": "Gather",
        "Parent Relationship": "Outer",
        "Parallel Aware": false,
        "Startup Cost": 959041.54,
        "Total Cost": 959041.65,
        "Plan Rows": 1,
        "Plan Width": 8,
        "Actual Startup Time": 14698.608,
        "Actual Total Time": 14904.028,
        "Actual Rows": 2,
        "Actual Loops": 1,
        "Workers Planned": 1,
        "Workers Launched": 1,
        "Single Copy": false,
        "Plans": [
          {
            "Node Type": "Aggregate",
            "Strategy": "Plain",
            "Partial Mode": "Partial",
            "Parent Relationship": "Outer",
            "Parallel Aware": false,
            "Startup Cost": 958041.54,
            "Total Cost": 958041.55,
            "Plan Rows": 1,
            "Plan Width": 8,
            "Actual Startup Time": 14659.292,
            "Actual Total Time": 14663.315,
            "Actual Rows": 1,
            "Actual Loops": 2,
            "Plans": [
              {
                "Node Type": "Hash Join",
                "Parent Relationship": "Outer",
                "Parallel Aware": true,
                "Join Type": "Inner",
                "Startup Cost": 794283.98,
                "Total Cost": 933021.03,
                "Plan Rows": 10008204,
                "Plan Width": 0,
                "Actual Startup Time": 10571.64,
                "Actual Total Time": 13445.009,
                "Actual Rows": 31945039,
                "Actual Loops": 2,
                "Inner Unique": false,
                "Hash Cond": "(mk.movie_id = t.id)",
                "Plans": [
                  {
                    "Node Type": "Seq Scan",
                    "Parent Relationship": "Outer",
                    "Parallel Aware": true,
                    "Relation Name": "movie_keyword",
                    "Alias": "mk",
                    "Startup Cost": 0.0,
                    "Total Cost": 57718.19,
                    "Plan Rows": 1476471,
                    "Plan Width": 4,
                    "Actual Startup Time": 0.311,
                    "Actual Total Time": 193.376,
                    "Actual Rows": 1251408,
                    "Actual Loops": 2,
                    "Filter": "(keyword_id > 3617)",
                    "Rows Removed by Filter": 1010558
                  },
                  {
                    "Node Type": "Hash",
                    "Parent Relationship": "Inner",
                    "Parallel Aware": true,
                    "Startup Cost": 668269.68,
                    "Total Cost": 668269.68,
                    "Plan Rows": 10081144,
                    "Plan Width": 8,
                    "Actual Startup Time": 10471.23,
                    "Actual Total Time": 10475.249,
                    "Actual Rows": 10061330,
                    "Actual Loops": 2,
                    "Hash Buckets": 33554432,
                    "Original Hash Buckets": 33554432,
                    "Hash Batches": 1,
                    "Original Hash Batches": 1,
                    "Peak Memory Usage": 1049376,
                    "Plans": [
                      {
                        "Node Type": "Hash Join",
                        "Parent Relationship": "Outer",
                        "Parallel Aware": true,
                        "Join Type": "Inner",
                        "Startup Cost": 69460.7,
                        "Total Cost": 668269.68,
                        "Plan Rows": 10081144,
                        "Plan Width": 8,
                        "Actual Startup Time": 495.484,
                        "Actual Total Time": 6959.615,
                        "Actual Rows": 10061330,
                        "Actual Loops": 2,
                        "Inner Unique": true,
                        "Hash Cond": "(ci.movie_id = t.id)",
                        "Plans": [
                          {
                            "Node Type": "Seq Scan",
                            "Parent Relationship": "Outer",
                            "Parallel Aware": true,
                            "Relation Name": "cast_info",
                            "Alias": "ci",
                            "Startup Cost": 0.0,
                            "Total Cost": 572345.93,
                            "Plan Rows": 10081144,
                            "Plan Width": 4,
                            "Actual Startup Time": 0.017,
                            "Actual Total Time": 1967.054,
                            "Actual Rows": 10061330,
                            "Actual Loops": 2,
                            "Filter": "((person_id < 3204326) AND (role_id < 3))",
                            "Rows Removed by Filter": 8060842
                          },
                          {
                            "Node Type": "Hash",
                            "Parent Relationship": "Inner",
                            "Parallel Aware": true,
                            "Startup Cost": 50870.31,
                            "Total Cost": 50870.31,
                            "Plan Rows": 1487231,
                            "Plan Width": 4,
                            "Actual Startup Time": 483.86,
                            "Actual Total Time": 483.861,
                            "Actual Rows": 1264156,
                            "Actual Loops": 2,
                            "Hash Buckets": 4194304,
                            "Original Hash Buckets": 4194304,
                            "Hash Batches": 1,
                            "Original Hash Batches": 1,
                            "Peak Memory Usage": 131712,
                            "Plans": [
                              {
                                "Node Type": "Seq Scan",
                                "Parent Relationship": "Outer",
                                "Parallel Aware": true,
                                "Relation Name": "title",
                                "Alias": "t",
                                "Startup Cost": 0.0,
                                "Total Cost": 50870.31,
                                "Plan Rows": 1487231,
                                "Plan Width": 4,
                                "Actual Startup Time": 0.041,
                                "Actual Total Time": 152.842,
                                "Actual Rows": 1264156,
                                "Actual Loops": 2
                              }
                            ]
                          }
                        ]
                      }
                    ]
                  }
                ]
              }
            ]
          }
        ]
      }
    ]
  },
  "Planning Time": 1.034,
  "Triggers": [],
  "Execution Time": 14904.197
}