[
  {
    "Plan": {
      "Node Type": "Aggregate",
      "Strategy": "Plain",
      "Partial Mode": "Finalize",
      "Parallel Aware": false,
      "Startup Cost": 348603.91,
      "Total Cost": 348603.92,
      "Plan Rows": 1,
      "Plan Width": 8,
      "Actual Startup Time": 769.123,
      "Actual Total Time": 825.189,
      "Actual Rows": 1,
      "Actual Loops": 1,
      "Plans": [
        {
          "Node Type": "Gather",
          "Parent Relationship": "Outer",
          "Parallel Aware": false,
          "Startup Cost": 348603.29,
          "Total Cost": 348603.9,
          "Plan Rows": 6,
          "Plan Width": 8,
          "Actual Startup Time": 768.92,
          "Actual Total Time": 825.176,
          "Actual Rows": 7,
          "Actual Loops": 1,
          "Workers Planned": 6,
          "Workers Launched": 6,
          "Single Copy": false,
          "Plans": [
            {
              "Node Type": "Aggregate",
              "Strategy": "Plain",
              "Partial Mode": "Partial",
              "Parent Relationship": "Outer",
              "Parallel Aware": false,
              "Startup Cost": 347603.29,
              "Total Cost": 347603.3,
              "Plan Rows": 1,
              "Plan Width": 8,
              "Actual Startup Time": 759.701,
              "Actual Total Time": 759.702,
              "Actual Rows": 1,
              "Actual Loops": 7,
              "Plans": [
                {
                  "Node Type": "Seq Scan",
                  "Parent Relationship": "Outer",
                  "Parallel Aware": true,
                  "Relation Name": "cast_info",
                  "Alias": "ci",
                  "Startup Cost": 0.0,
                  "Total Cost": 343316.27,
                  "Plan Rows": 1714806,
                  "Plan Width": 0,
                  "Actual Startup Time": 316.02,
                  "Actual Total Time": 702.545,
                  "Actual Rows": 1064051,
                  "Actual Loops": 7,
                  "Filter": "((person_id > 2399269) AND (role_id < 8))",
                  "Rows Removed by Filter": 4113712
                }
              ]
            }
          ]
        }
      ]
    },
    "Planning Time": 0.105,
    "Triggers": [],
    "Execution Time": 825.234
  }
]