[
  {
    "Plan": {
      "Node Type": "Aggregate",
      "Strategy": "Plain",
      "Partial Mode": "Finalize",
      "Parallel Aware": false,
      "Startup Cost": 337046.04,
      "Total Cost": 337046.05,
      "Plan Rows": 1,
      "Plan Width": 8,
      "Actual Startup Time": 392.609,
      "Actual Total Time": 447.828,
      "Actual Rows": 1,
      "Actual Loops": 1,
      "Plans": [
        {
          "Node Type": "Gather",
          "Parent Relationship": "Outer",
          "Parallel Aware": false,
          "Startup Cost": 337045.62,
          "Total Cost": 337046.03,
          "Plan Rows": 4,
          "Plan Width": 8,
          "Actual Startup Time": 392.469,
          "Actual Total Time": 447.814,
          "Actual Rows": 5,
          "Actual Loops": 1,
          "Workers Planned": 4,
          "Workers Launched": 4,
          "Single Copy": false,
          "Plans": [
            {
              "Node Type": "Aggregate",
              "Strategy": "Plain",
              "Partial Mode": "Partial",
              "Parent Relationship": "Outer",
              "Parallel Aware": false,
              "Startup Cost": 336045.62,
              "Total Cost": 336045.63,
              "Plan Rows": 1,
              "Plan Width": 8,
              "Actual Startup Time": 383.658,
              "Actual Total Time": 383.66,
              "Actual Rows": 1,
              "Actual Loops": 5,
              "Plans": [
                {
                  "Node Type": "Nested Loop",
                  "Parent Relationship": "Outer",
                  "Parallel Aware": false,
                  "Join Type": "Inner",
                  "Startup Cost": 0.56,
                  "Total Cost": 335782.22,
                  "Plan Rows": 105360,
                  "Plan Width": 0,
                  "Actual Startup Time": 0.325,
                  "Actual Total Time": 374.138,
                  "Actual Rows": 94407,
                  "Actual Loops": 5,
                  "Inner Unique": false,
                  "Plans": [
                    {
                      "Node Type": "Seq Scan",
                      "Parent Relationship": "Outer",
                      "Parallel Aware": true,
                      "Relation Name": "title",
                      "Alias": "t",
                      "Startup Cost": 0.0,
                      "Total Cost": 45479.59,
                      "Plan Rows": 7348,
                      "Plan Width": 4,
                      "Actual Startup Time": 0.058,
                      "Actual Total Time": 76.104,
                      "Actual Rows": 6497,
                      "Actual Loops": 5,
                      "Filter": "((kind_id > 1) AND (production_year = 1997))",
                      "Rows Removed by Filter": 499165
                    },
                    {
                      "Node Type": "Index Only Scan",
                      "Parent Relationship": "Inner",
                      "Parallel Aware": false,
                      "Scan Direction": "Forward",
                      "Index Name": "movie_id_cast_info",
                      "Relation Name": "cast_info",
                      "Alias": "ci",
                      "Startup Cost": 0.56,
                      "Total Cost": 39.16,
                      "Plan Rows": 35,
                      "Plan Width": 4,
                      "Actual Startup Time": 0.01,
                      "Actual Total Time": 0.043,
                      "Actual Rows": 15,
                      "Actual Loops": 32487,
                      "Index Cond": "(movie_id = t.id)",
                      "Rows Removed by Index Recheck": 0,
                      "Heap Fetches": 472035
                    }
                  ]
                }
              ]
            }
          ]
        }
      ]
    },
    "Planning Time": 0.613,
    "Triggers": [],
    "Execution Time": 447.919
  }
]