[
    {
        "Bao": {
            "Bao prediction": "NaN",
            "Bao recommended hint": "(no hint)"
        }
    },
    {
        "Plan": {
            "Node Type": "Aggregate",
            "Strategy": "Plain",
            "Partial Mode": "Finalize",
            "Parallel Aware": false,
            "Startup Cost": 36474.69,
            "Total Cost": 36474.7,
            "Plan Rows": 1,
            "Plan Width": 8,
            "Actual Startup Time": 99.306,
            "Actual Total Time": 106.152,
            "Actual Rows": 1,
            "Actual Loops": 1,
            "Output": [
                "count(*)"
            ],
            "Plans": [
                {
                    "Node Type": "Gather",
                    "Parent Relationship": "Outer",
                    "Parallel Aware": false,
                    "Startup Cost": 36474.37,
                    "Total Cost": 36474.68,
                    "Plan Rows": 3,
                    "Plan Width": 8,
                    "Actual Startup Time": 99.03,
                    "Actual Total Time": 106.144,
                    "Actual Rows": 4,
                    "Actual Loops": 1,
                    "Output": [
                        "(PARTIAL count(*))"
                    ],
                    "Workers Planned": 3,
                    "Workers Launched": 3,
                    "Single Copy": false,
                    "Plans": [
                        {
                            "Node Type": "Aggregate",
                            "Strategy": "Plain",
                            "Partial Mode": "Partial",
                            "Parent Relationship": "Outer",
                            "Parallel Aware": false,
                            "Startup Cost": 35474.37,
                            "Total Cost": 35474.38,
                            "Plan Rows": 1,
                            "Plan Width": 8,
                            "Actual Startup Time": 90.678,
                            "Actual Total Time": 90.68,
                            "Actual Rows": 1,
                            "Actual Loops": 4,
                            "Output": [
                                "PARTIAL count(*)"
                            ],
                            "Workers": [
                                {
                                    "Worker Number": 0,
                                    "Actual Startup Time": 87.609,
                                    "Actual Total Time": 87.61,
                                    "Actual Rows": 1,
                                    "Actual Loops": 1
                                },
                                {
                                    "Worker Number": 1,
                                    "Actual Startup Time": 88.138,
                                    "Actual Total Time": 88.14,
                                    "Actual Rows": 1,
                                    "Actual Loops": 1
                                },
                                {
                                    "Worker Number": 2,
                                    "Actual Startup Time": 88.195,
                                    "Actual Total Time": 88.197,
                                    "Actual Rows": 1,
                                    "Actual Loops": 1
                                }
                            ],
                            "Plans": [
                                {
                                    "Node Type": "Bitmap Heap Scan",
                                    "Parent Relationship": "Outer",
                                    "Parallel Aware": true,
                                    "Relation Name": "movie_keyword",
                                    "Schema": "public",
                                    "Alias": "mk",
                                    "Startup Cost": 8974.02,
                                    "Total Cost": 35133.31,
                                    "Plan Rows": 136424,
                                    "Plan Width": 0,
                                    "Actual Startup Time": 20.912,
                                    "Actual Total Time": 84.751,
                                    "Actual Rows": 102901,
                                    "Actual Loops": 4,
                                    "Recheck Cond": "(mk.keyword_id > 42033)",
                                    "Rows Removed by Index Recheck": 0,
                                    "Exact Heap Blocks": 10478,
                                    "Lossy Heap Blocks": 0,
                                    "Workers": [
                                        {
                                            "Worker Number": 0,
                                            "Actual Startup Time": 18.172,
                                            "Actual Total Time": 82.623,
                                            "Actual Rows": 67140,
                                            "Actual Loops": 1
                                        },
                                        {
                                            "Worker Number": 1,
                                            "Actual Startup Time": 18.368,
                                            "Actual Total Time": 82.736,
                                            "Actual Rows": 76955,
                                            "Actual Loops": 1
                                        },
                                        {
                                            "Worker Number": 2,
                                            "Actual Startup Time": 18.439,
                                            "Actual Total Time": 82.749,
                                            "Actual Rows": 77007,
                                            "Actual Loops": 1
                                        }
                                    ],
                                    "Plans": [
                                        {
                                            "Node Type": "Bitmap Index Scan",
                                            "Parent Relationship": "Outer",
                                            "Parallel Aware": false,
                                            "Index Name": "keyword_id_movie_keyword",
                                            "Startup Cost": 0.0,
                                            "Total Cost": 8868.29,
                                            "Plan Rows": 422914,
                                            "Plan Width": 0,
                                            "Actual Startup Time": 25.414,
                                            "Actual Total Time": 25.415,
                                            "Actual Rows": 411603,
                                            "Actual Loops": 1,
                                            "Index Cond": "(mk.keyword_id > 42033)"
                                        }
                                    ]
                                }
                            ]
                        }
                    ]
                }
            ]
        },
        "Planning Time": 195.728,
        "Triggers": [],
        "Execution Time": 106.198
    }
]