[
  {
    "Plan": {
      "Node Type": "Aggregate",
      "Strategy": "Plain",
      "Partial Mode": "Finalize",
      "Parallel Aware": false,
      "Startup Cost": 127510.15,
      "Total Cost": 127510.16,
      "Plan Rows": 1,
      "Plan Width": 8,
      "Actual Startup Time": 682.514,
      "Actual Total Time": 704.133,
      "Actual Rows": 1,
      "Actual Loops": 1,
      "Plans": [
        {
          "Node Type": "Gather",
          "Parent Relationship": "Outer",
          "Parallel Aware": false,
          "Startup Cost": 127509.83,
          "Total Cost": 127510.14,
          "Plan Rows": 3,
          "Plan Width": 8,
          "Actual Startup Time": 676.246,
          "Actual Total Time": 704.115,
          "Actual Rows": 4,
          "Actual Loops": 1,
          "Workers Planned": 3,
          "Workers Launched": 3,
          "Single Copy": false,
          "Plans": [
            {
              "Node Type": "Aggregate",
              "Strategy": "Plain",
              "Partial Mode": "Partial",
              "Parent Relationship": "Outer",
              "Parallel Aware": false,
              "Startup Cost": 126509.83,
              "Total Cost": 126509.84,
              "Plan Rows": 1,
              "Plan Width": 8,
              "Actual Startup Time": 667.333,
              "Actual Total Time": 667.769,
              "Actual Rows": 1,
              "Actual Loops": 4,
              "Plans": [
                {
                  "Node Type": "Hash Join",
                  "Parent Relationship": "Outer",
                  "Parallel Aware": true,
                  "Join Type": "Inner",
                  "Startup Cost": 95039.16,
                  "Total Cost": 126266.43,
                  "Plan Rows": 97363,
                  "Plan Width": 0,
                  "Actual Startup Time": 543.951,
                  "Actual Total Time": 654.608,
                  "Actual Rows": 275603,
                  "Actual Loops": 4,
                  "Inner Unique": false,
                  "Hash Cond": "(mc.movie_id = t.id)",
                  "Plans": [
                    {
                      "Node Type": "Seq Scan",
                      "Parent Relationship": "Outer",
                      "Parallel Aware": true,
                      "Relation Name": "movie_companies",
                      "Alias": "mc",
                      "Startup Cost": 0.0,
                      "Total Cost": 29310.68,
                      "Plan Rows": 427336,
                      "Plan Width": 4,
                      "Actual Startup Time": 32.542,
                      "Actual Total Time": 73.849,
                      "Actual Rows": 333721,
                      "Actual Loops": 4,
                      "Filter": "(company_type_id = 2)",
                      "Rows Removed by Filter": 318562
                    },
                    {
                      "Node Type": "Hash",
                      "Parent Relationship": "Inner",
                      "Parallel Aware": true,
                      "Startup Cost": 92716.44,
                      "Total Cost": 92716.44,
                      "Plan Rows": 185818,
                      "Plan Width": 8,
                      "Actual Startup Time": 501.483,
                      "Actual Total Time": 501.917,
                      "Actual Rows": 119938,
                      "Actual Loops": 4,
                      "Hash Buckets": 1048576,
                      "Original Hash Buckets": 1048576,
                      "Hash Batches": 1,
                      "Original Hash Batches": 1,
                      "Peak Memory Usage": 27008,
                      "Plans": [
                        {
                          "Node Type": "Hash Join",
                          "Parent Relationship": "Outer",
                          "Parallel Aware": true,
                          "Join Type": "Inner",
                          "Startup Cost": 49308.35,
                          "Total Cost": 92716.44,
                          "Plan Rows": 185818,
                          "Plan Width": 8,
                          "Actual Startup Time": 306.197,
                          "Actual Total Time": 462.989,
                          "Actual Rows": 119938,
                          "Actual Loops": 4,
                          "Inner Unique": true,
                          "Hash Cond": "(mk.movie_id = t.id)",
                          "Plans": [
                            {
                              "Node Type": "Seq Scan",
                              "Parent Relationship": "Outer",
                              "Parallel Aware": true,
                              "Relation Name": "movie_keyword",
                              "Alias": "mk",
                              "Startup Cost": 0.0,
                              "Total Cost": 42695.65,
                              "Plan Rows": 271403,
                              "Plan Width": 4,
                              "Actual Startup Time": 1.953,
                              "Actual Total Time": 105.028,
                              "Actual Rows": 208028,
                              "Actual Loops": 4,
                              "Filter": "(keyword_id > 22122)",
                              "Rows Removed by Filter": 922955
                            },
                            {
                              "Node Type": "Hash",
                              "Parent Relationship": "Inner",
                              "Parallel Aware": true,
                              "Startup Cost": 43898.92,
                              "Total Cost": 43898.92,
                              "Plan Rows": 432755,
                              "Plan Width": 4,
                              "Actual Startup Time": 299.328,
                              "Actual Total Time": 299.329,
                              "Actual Rows": 431308,
                              "Actual Loops": 4,
                              "Hash Buckets": 2097152,
                              "Original Hash Buckets": 2097152,
                              "Hash Batches": 1,
                              "Original Hash Batches": 1,
                              "Peak Memory Usage": 83904,
                              "Plans": [
                                {
                                  "Node Type": "Seq Scan",
                                  "Parent Relationship": "Outer",
                                  "Parallel Aware": true,
                                  "Relation Name": "title",
                                  "Alias": "t",
                                  "Startup Cost": 0.0,
                                  "Total Cost": 43898.92,
                                  "Plan Rows": 432755,
                                  "Plan Width": 4,
                                  "Actual Startup Time": 0.047,
                                  "Actual Total Time": 122.886,
                                  "Actual Rows": 431308,
                                  "Actual Loops": 4,
                                  "Filter": "(production_year > 1991)",
                                  "Rows Removed by Filter": 200770
                                }
                              ]
                            }
                          ]
                        }
                      ]
                    }
                  ]
                }
              ]
            }
          ]
        }
      ]
    },
    "Planning Time": 1.459,
    "Triggers": [],
    "Execution Time": 704.234
  }
]