[
  {
    "Plan": {
      "Node Type": "Aggregate",
      "Strategy": "Plain",
      "Partial Mode": "Finalize",
      "Parallel Aware": false,
      "Startup Cost": 9810.33,
      "Total Cost": 9810.34,
      "Plan Rows": 1,
      "Plan Width": 8,
      "Actual Startup Time": 45.684,
      "Actual Total Time": 47.436,
      "Actual Rows": 1,
      "Actual Loops": 1,
      "Plans": [
        {
          "Node Type": "Gather",
          "Parent Relationship": "Outer",
          "Parallel Aware": false,
          "Startup Cost": 9810.01,
          "Total Cost": 9810.32,
          "Plan Rows": 3,
          "Plan Width": 8,
          "Actual Startup Time": 45.551,
          "Actual Total Time": 47.428,
          "Actual Rows": 4,
          "Actual Loops": 1,
          "Workers Planned": 3,
          "Workers Launched": 3,
          "Single Copy": false,
          "Plans": [
            {
              "Node Type": "Aggregate",
              "Strategy": "Plain",
              "Partial Mode": "Partial",
              "Parent Relationship": "Outer",
              "Parallel Aware": false,
              "Startup Cost": 8810.01,
              "Total Cost": 8810.02,
              "Plan Rows": 1,
              "Plan Width": 8,
              "Actual Startup Time": 38.184,
              "Actual Total Time": 38.185,
              "Actual Rows": 1,
              "Actual Loops": 4,
              "Plans": [
                {
                  "Node Type": "Index Scan",
                  "Parent Relationship": "Outer",
                  "Parallel Aware": true,
                  "Scan Direction": "Forward",
                  "Index Name": "role_id_cast_info",
                  "Relation Name": "cast_info",
                  "Alias": "ci",
                  "Startup Cost": 0.56,
                  "Total Cost": 8600.37,
                  "Plan Rows": 83857,
                  "Plan Width": 0,
                  "Actual Startup Time": 0.179,
                  "Actual Total Time": 31.157,
                  "Actual Rows": 74312,
                  "Actual Loops": 4,
                  "Index Cond": "(role_id > 10)",
                  "Rows Removed by Index Recheck": 0,
                  "Filter": "(person_id > 463755)",
                  "Rows Removed by Filter": 4718
                }
              ]
            }
          ]
        }
      ]
    },
    "Planning Time": 0.228,
    "Triggers": [],
    "Execution Time": 47.499
  }
]