{
  "Plan": {
    "Node Type": "Aggregate",
    "Strategy": "Plain",
    "Partial Mode": "Finalize",
    "Parallel Aware": false,
    "Startup Cost": 440375.01,
    "Total Cost": 440375.02,
    "Plan Rows": 1,
    "Plan Width": 8,
    "Actual Startup Time": 4538.65,
    "Actual Total Time": 4583.32,
    "Actual Rows": 1,
    "Actual Loops": 1,
    "Plans": [
      {
        "Node Type": "Gather",
        "Parent Relationship": "Outer",
        "Parallel Aware": false,
        "Startup Cost": 440374.9,
        "Total Cost": 440375.01,
        "Plan Rows": 1,
        "Plan Width": 8,
        "Actual Startup Time": 4533.16,
        "Actual Total Time": 4583.31,
        "Actual Rows": 2,
        "Actual Loops": 1,
        "Workers Planned": 1,
        "Workers Launched": 1,
        "Single Copy": false,
        "Plans": [
          {
            "Node Type": "Aggregate",
            "Strategy": "Plain",
            "Partial Mode": "Partial",
            "Parent Relationship": "Outer",
            "Parallel Aware": false,
            "Startup Cost": 439374.9,
            "Total Cost": 439374.91,
            "Plan Rows": 1,
            "Plan Width": 8,
            "Actual Startup Time": 4527.215,
            "Actual Total Time": 4527.503,
            "Actual Rows": 1,
            "Actual Loops": 2,
            "Plans": [
              {
                "Node Type": "Hash Join",
                "Parent Relationship": "Outer",
                "Parallel Aware": true,
                "Join Type": "Inner",
                "Startup Cost": 119323.81,
                "Total Cost": 433857.26,
                "Plan Rows": 2207053,
                "Plan Width": 0,
                "Actual Startup Time": 826.782,
                "Actual Total Time": 3815.169,
                "Actual Rows": 17794456,
                "Actual Loops": 2,
                "Inner Unique": false,
                "Hash Cond": "(mi.movie_id = t.id)",
                "Plans": [
                  {
                    "Node Type": "Seq Scan",
                    "Parent Relationship": "Outer",
                    "Parallel Aware": true,
                    "Relation Name": "movie_info",
                    "Alias": "mi",
                    "Startup Cost": 0.0,
                    "Total Cost": 270696.42,
                    "Plan Rows": 8227834,
                    "Plan Width": 4,
                    "Actual Startup Time": 0.023,
                    "Actual Total Time": 795.409,
                    "Actual Rows": 7016790,
                    "Actual Loops": 2,
                    "Filter": "(info_type_id > 1)",
                    "Rows Removed by Filter": 401070
                  },
                  {
                    "Node Type": "Hash",
                    "Parent Relationship": "Inner",
                    "Parallel Aware": true,
                    "Startup Cost": 114337.08,
                    "Total Cost": 114337.08,
                    "Plan Rows": 398938,
                    "Plan Width": 8,
                    "Actual Startup Time": 816.918,
                    "Actual Total Time": 817.204,
                    "Actual Rows": 332847,
                    "Actual Loops": 2,
                    "Hash Buckets": 1048576,
                    "Original Hash Buckets": 1048576,
                    "Hash Batches": 1,
                    "Original Hash Batches": 1,
                    "Peak Memory Usage": 34272,
                    "Plans": [
                      {
                        "Node Type": "Hash Join",
                        "Parent Relationship": "Outer",
                        "Parallel Aware": true,
                        "Join Type": "Inner",
                        "Startup Cost": 83849.14,
                        "Total Cost": 114337.08,
                        "Plan Rows": 398938,
                        "Plan Width": 8,
                        "Actual Startup Time": 579.317,
                        "Actual Total Time": 742.637,
                        "Actual Rows": 332847,
                        "Actual Loops": 2,
                        "Inner Unique": true,
                        "Hash Cond": "(mk.movie_id = t.id)",
                        "Plans": [
                          {
                            "Node Type": "Bitmap Heap Scan",
                            "Parent Relationship": "Outer",
                            "Parallel Aware": true,
                            "Relation Name": "movie_keyword",
                            "Alias": "mk",
                            "Startup Cost": 14388.44,
                            "Total Cost": 43829.17,
                            "Plan Rows": 398938,
                            "Plan Width": 4,
                            "Actual Startup Time": 40.89,
                            "Actual Total Time": 114.538,
                            "Actual Rows": 332847,
                            "Actual Loops": 2,
                            "Recheck Cond": "(keyword_id > 28186)",
                            "Rows Removed by Index Recheck": 0,
                            "Exact Heap Blocks": 13054,
                            "Lossy Heap Blocks": 0,
                            "Plans": [
                              {
                                "Node Type": "Bitmap Index Scan",
                                "Parent Relationship": "Outer",
                                "Parallel Aware": false,
                                "Index Name": "keyword_id_movie_keyword",
                                "Startup Cost": 0.0,
                                "Total Cost": 14218.9,
                                "Plan Rows": 678195,
                                "Plan Width": 0,
                                "Actual Startup Time": 37.367,
                                "Actual Total Time": 37.367,
                                "Actual Rows": 665694,
                                "Actual Loops": 1,
                                "Index Cond": "(keyword_id > 28186)"
                              }
                            ]
                          },
                          {
                            "Node Type": "Hash",
                            "Parent Relationship": "Inner",
                            "Parallel Aware": true,
                            "Startup Cost": 50870.31,
                            "Total Cost": 50870.31,
                            "Plan Rows": 1487231,
                            "Plan Width": 4,
                            "Actual Startup Time": 523.236,
                            "Actual Total Time": 523.236,
                            "Actual Rows": 1264156,
                            "Actual Loops": 2,
                            "Hash Buckets": 4194304,
                            "Original Hash Buckets": 4194304,
                            "Hash Batches": 1,
                            "Original Hash Batches": 1,
                            "Peak Memory Usage": 131712,
                            "Plans": [
                              {
                                "Node Type": "Seq Scan",
                                "Parent Relationship": "Outer",
                                "Parallel Aware": true,
                                "Relation Name": "title",
                                "Alias": "t",
                                "Startup Cost": 0.0,
                                "Total Cost": 50870.31,
                                "Plan Rows": 1487231,
                                "Plan Width": 4,
                                "Actual Startup Time": 0.031,
                                "Actual Total Time": 147.295,
                                "Actual Rows": 1264156,
                                "Actual Loops": 2
                              }
                            ]
                          }
                        ]
                      }
                    ]
                  }
                ]
              }
            ]
          }
        ]
      }
    ]
  },
  "Planning Time": 0.949,
  "Triggers": [],
  "Execution Time": 4583.428
}