[
  {
    "Plan": {
      "Node Type": "Aggregate",
      "Strategy": "Plain",
      "Partial Mode": "Finalize",
      "Parallel Aware": false,
      "Startup Cost": 32759.37,
      "Total Cost": 32759.38,
      "Plan Rows": 1,
      "Plan Width": 8,
      "Actual Startup Time": 91.909,
      "Actual Total Time": 99.394,
      "Actual Rows": 1,
      "Actual Loops": 1,
      "Plans": [
        {
          "Node Type": "Gather",
          "Parent Relationship": "Outer",
          "Parallel Aware": false,
          "Startup Cost": 32759.05,
          "Total Cost": 32759.36,
          "Plan Rows": 3,
          "Plan Width": 8,
          "Actual Startup Time": 91.827,
          "Actual Total Time": 99.388,
          "Actual Rows": 4,
          "Actual Loops": 1,
          "Workers Planned": 3,
          "Workers Launched": 3,
          "Single Copy": false,
          "Plans": [
            {
              "Node Type": "Aggregate",
              "Strategy": "Plain",
              "Partial Mode": "Partial",
              "Parent Relationship": "Outer",
              "Parallel Aware": false,
              "Startup Cost": 31759.05,
              "Total Cost": 31759.06,
              "Plan Rows": 1,
              "Plan Width": 8,
              "Actual Startup Time": 83.654,
              "Actual Total Time": 83.655,
              "Actual Rows": 1,
              "Actual Loops": 4,
              "Plans": [
                {
                  "Node Type": "Seq Scan",
                  "Parent Relationship": "Outer",
                  "Parallel Aware": true,
                  "Relation Name": "movie_companies",
                  "Alias": "mc",
                  "Startup Cost": 0.0,
                  "Total Cost": 31414.82,
                  "Plan Rows": 137694,
                  "Plan Width": 0,
                  "Actual Startup Time": 42.986,
                  "Actual Total Time": 76.126,
                  "Actual Rows": 189098,
                  "Actual Loops": 4,
                  "Filter": "((company_id > 24870) AND (company_type_id = 2))",
                  "Rows Removed by Filter": 463185
                }
              ]
            }
          ]
        }
      ]
    },
    "Planning Time": 0.101,
    "Triggers": [],
    "Execution Time": 99.424
  }
]