[
  {
    "Plan": {
      "Node Type": "Aggregate",
      "Strategy": "Plain",
      "Partial Mode": "Finalize",
      "Parallel Aware": false,
      "Startup Cost": 346427.65,
      "Total Cost": 346427.66,
      "Plan Rows": 1,
      "Plan Width": 8,
      "Actual Startup Time": 624.786,
      "Actual Total Time": 682.773,
      "Actual Rows": 1,
      "Actual Loops": 1,
      "Plans": [
        {
          "Node Type": "Gather",
          "Parent Relationship": "Outer",
          "Parallel Aware": false,
          "Startup Cost": 346427.03,
          "Total Cost": 346427.64,
          "Plan Rows": 6,
          "Plan Width": 8,
          "Actual Startup Time": 624.622,
          "Actual Total Time": 682.761,
          "Actual Rows": 7,
          "Actual Loops": 1,
          "Workers Planned": 6,
          "Workers Launched": 6,
          "Single Copy": false,
          "Plans": [
            {
              "Node Type": "Aggregate",
              "Strategy": "Plain",
              "Partial Mode": "Partial",
              "Parent Relationship": "Outer",
              "Parallel Aware": false,
              "Startup Cost": 345427.03,
              "Total Cost": 345427.04,
              "Plan Rows": 1,
              "Plan Width": 8,
              "Actual Startup Time": 614.612,
              "Actual Total Time": 614.613,
              "Actual Rows": 1,
              "Actual Loops": 7,
              "Plans": [
                {
                  "Node Type": "Seq Scan",
                  "Parent Relationship": "Outer",
                  "Parallel Aware": true,
                  "Relation Name": "cast_info",
                  "Alias": "ci",
                  "Startup Cost": 0.0,
                  "Total Cost": 343257.03,
                  "Plan Rows": 867999,
                  "Plan Width": 0,
                  "Actual Startup Time": 331.452,
                  "Actual Total Time": 594.963,
                  "Actual Rows": 458626,
                  "Actual Loops": 7,
                  "Filter": "((person_id < 1131833) AND (role_id > 2))",
                  "Rows Removed by Filter": 4719138
                }
              ]
            }
          ]
        }
      ]
    },
    "Planning Time": 0.181,
    "Triggers": [],
    "Execution Time": 682.838
  }
]