[
    {
        "Bao": {
            "Bao prediction": "NaN",
            "Bao recommended hint": "(no hint)"
        }
    },
    {
        "Plan": {
            "Node Type": "Aggregate",
            "Strategy": "Plain",
            "Partial Mode": "Finalize",
            "Parallel Aware": false,
            "Startup Cost": 341366.29,
            "Total Cost": 341366.3,
            "Plan Rows": 1,
            "Plan Width": 8,
            "Actual Startup Time": 923.342,
            "Actual Total Time": 956.642,
            "Actual Rows": 1,
            "Actual Loops": 1,
            "Output": [
                "count(*)"
            ],
            "Plans": [
                {
                    "Node Type": "Gather",
                    "Parent Relationship": "Outer",
                    "Parallel Aware": false,
                    "Startup Cost": 341365.67,
                    "Total Cost": 341366.28,
                    "Plan Rows": 6,
                    "Plan Width": 8,
                    "Actual Startup Time": 923.243,
                    "Actual Total Time": 956.634,
                    "Actual Rows": 7,
                    "Actual Loops": 1,
                    "Output": [
                        "(PARTIAL count(*))"
                    ],
                    "Workers Planned": 6,
                    "Workers Launched": 6,
                    "Single Copy": false,
                    "Plans": [
                        {
                            "Node Type": "Aggregate",
                            "Strategy": "Plain",
                            "Partial Mode": "Partial",
                            "Parent Relationship": "Outer",
                            "Parallel Aware": false,
                            "Startup Cost": 340365.67,
                            "Total Cost": 340365.68,
                            "Plan Rows": 1,
                            "Plan Width": 8,
                            "Actual Startup Time": 913.822,
                            "Actual Total Time": 913.823,
                            "Actual Rows": 1,
                            "Actual Loops": 7,
                            "Output": [
                                "PARTIAL count(*)"
                            ],
                            "Workers": [
                                {
                                    "Worker Number": 0,
                                    "Actual Startup Time": 911.606,
                                    "Actual Total Time": 911.607,
                                    "Actual Rows": 1,
                                    "Actual Loops": 1
                                },
                                {
                                    "Worker Number": 1,
                                    "Actual Startup Time": 911.976,
                                    "Actual Total Time": 911.978,
                                    "Actual Rows": 1,
                                    "Actual Loops": 1
                                },
                                {
                                    "Worker Number": 2,
                                    "Actual Startup Time": 912.118,
                                    "Actual Total Time": 912.119,
                                    "Actual Rows": 1,
                                    "Actual Loops": 1
                                },
                                {
                                    "Worker Number": 3,
                                    "Actual Startup Time": 912.668,
                                    "Actual Total Time": 912.669,
                                    "Actual Rows": 1,
                                    "Actual Loops": 1
                                },
                                {
                                    "Worker Number": 4,
                                    "Actual Startup Time": 912.807,
                                    "Actual Total Time": 912.807,
                                    "Actual Rows": 1,
                                    "Actual Loops": 1
                                },
                                {
                                    "Worker Number": 5,
                                    "Actual Startup Time": 912.926,
                                    "Actual Total Time": 912.927,
                                    "Actual Rows": 1,
                                    "Actual Loops": 1
                                }
                            ],
                            "Plans": [
                                {
                                    "Node Type": "Seq Scan",
                                    "Parent Relationship": "Outer",
                                    "Parallel Aware": true,
                                    "Relation Name": "cast_info",
                                    "Schema": "public",
                                    "Alias": "ci",
                                    "Startup Cost": 0.0,
                                    "Total Cost": 328213.62,
                                    "Plan Rows": 4860821,
                                    "Plan Width": 0,
                                    "Actual Startup Time": 90.786,
                                    "Actual Total Time": 689.895,
                                    "Actual Rows": 4132651,
                                    "Actual Loops": 7,
                                    "Output": [
                                        "id",
                                        "person_id",
                                        "movie_id",
                                        "person_role_id",
                                        "note",
                                        "nr_order",
                                        "role_id"
                                    ],
                                    "Filter": "(ci.person_id > 707014)",
                                    "Rows Removed by Filter": 1045113,
                                    "Workers": [
                                        {
                                            "Worker Number": 0,
                                            "Actual Startup Time": 88.572,
                                            "Actual Total Time": 688.622,
                                            "Actual Rows": 3517756,
                                            "Actual Loops": 1
                                        },
                                        {
                                            "Worker Number": 1,
                                            "Actual Startup Time": 88.952,
                                            "Actual Total Time": 692.557,
                                            "Actual Rows": 3338275,
                                            "Actual Loops": 1
                                        },
                                        {
                                            "Worker Number": 2,
                                            "Actual Startup Time": 89.084,
                                            "Actual Total Time": 693.037,
                                            "Actual Rows": 3332017,
                                            "Actual Loops": 1
                                        },
                                        {
                                            "Worker Number": 3,
                                            "Actual Startup Time": 89.609,
                                            "Actual Total Time": 693.426,
                                            "Actual Rows": 3460604,
                                            "Actual Loops": 1
                                        },
                                        {
                                            "Worker Number": 4,
                                            "Actual Startup Time": 89.772,
                                            "Actual Total Time": 693.787,
                                            "Actual Rows": 5415629,
                                            "Actual Loops": 1
                                        },
                                        {
                                            "Worker Number": 5,
                                            "Actual Startup Time": 89.894,
                                            "Actual Total Time": 694.037,
                                            "Actual Rows": 3331341,
                                            "Actual Loops": 1
                                        }
                                    ]
                                }
                            ]
                        }
                    ]
                }
            ]
        },
        "Planning Time": 189.889,
        "Triggers": [],
        "Execution Time": 956.727
    }
]