[
  {
    "Plan": {
      "Node Type": "Aggregate",
      "Strategy": "Plain",
      "Partial Mode": "Finalize",
      "Parallel Aware": false,
      "Startup Cost": 45194.61,
      "Total Cost": 45194.62,
      "Plan Rows": 1,
      "Plan Width": 8,
      "Actual Startup Time": 167.053,
      "Actual Total Time": 177.299,
      "Actual Rows": 1,
      "Actual Loops": 1,
      "Plans": [
        {
          "Node Type": "Gather",
          "Parent Relationship": "Outer",
          "Parallel Aware": false,
          "Startup Cost": 45194.3,
          "Total Cost": 45194.61,
          "Plan Rows": 3,
          "Plan Width": 8,
          "Actual Startup Time": 166.918,
          "Actual Total Time": 177.291,
          "Actual Rows": 4,
          "Actual Loops": 1,
          "Workers Planned": 3,
          "Workers Launched": 3,
          "Single Copy": false,
          "Plans": [
            {
              "Node Type": "Aggregate",
              "Strategy": "Plain",
              "Partial Mode": "Partial",
              "Parent Relationship": "Outer",
              "Parallel Aware": false,
              "Startup Cost": 44194.3,
              "Total Cost": 44194.31,
              "Plan Rows": 1,
              "Plan Width": 8,
              "Actual Startup Time": 161.263,
              "Actual Total Time": 161.264,
              "Actual Rows": 1,
              "Actual Loops": 4,
              "Plans": [
                {
                  "Node Type": "Seq Scan",
                  "Parent Relationship": "Outer",
                  "Parallel Aware": true,
                  "Relation Name": "movie_keyword",
                  "Alias": "mk",
                  "Startup Cost": 0.0,
                  "Total Cost": 42695.65,
                  "Plan Rows": 599457,
                  "Plan Width": 0,
                  "Actual Startup Time": 0.882,
                  "Actual Total Time": 133.987,
                  "Actual Rows": 464818,
                  "Actual Loops": 4,
                  "Filter": "(keyword_id > 7423)",
                  "Rows Removed by Filter": 666164
                }
              ]
            }
          ]
        }
      ]
    },
    "Planning Time": 0.152,
    "Triggers": [],
    "Execution Time": 177.344
  }
]