[
  {
    "Plan": {
      "Node Type": "Aggregate",
      "Strategy": "Plain",
      "Partial Mode": "Finalize",
      "Parallel Aware": false,
      "Startup Cost": 607709.0,
      "Total Cost": 607709.01,
      "Plan Rows": 1,
      "Plan Width": 8,
      "Actual Startup Time": 2788.178,
      "Actual Total Time": 2873.753,
      "Actual Rows": 1,
      "Actual Loops": 1,
      "Plans": [
        {
          "Node Type": "Gather",
          "Parent Relationship": "Outer",
          "Parallel Aware": false,
          "Startup Cost": 607708.38,
          "Total Cost": 607708.99,
          "Plan Rows": 6,
          "Plan Width": 8,
          "Actual Startup Time": 2777.53,
          "Actual Total Time": 2873.715,
          "Actual Rows": 7,
          "Actual Loops": 1,
          "Workers Planned": 6,
          "Workers Launched": 6,
          "Single Copy": false,
          "Plans": [
            {
              "Node Type": "Aggregate",
              "Strategy": "Plain",
              "Partial Mode": "Partial",
              "Parent Relationship": "Outer",
              "Parallel Aware": false,
              "Startup Cost": 606708.38,
              "Total Cost": 606708.39,
              "Plan Rows": 1,
              "Plan Width": 8,
              "Actual Startup Time": 2761.522,
              "Actual Total Time": 2761.687,
              "Actual Rows": 1,
              "Actual Loops": 7,
              "Plans": [
                {
                  "Node Type": "Hash Join",
                  "Parent Relationship": "Outer",
                  "Parallel Aware": true,
                  "Join Type": "Inner",
                  "Startup Cost": 247461.88,
                  "Total Cost": 599985.7,
                  "Plan Rows": 2689073,
                  "Plan Width": 0,
                  "Actual Startup Time": 825.766,
                  "Actual Total Time": 2610.939,
                  "Actual Rows": 3265722,
                  "Actual Loops": 7,
                  "Inner Unique": false,
                  "Hash Cond": "(ci.movie_id = t.id)",
                  "Plans": [
                    {
                      "Node Type": "Seq Scan",
                      "Parent Relationship": "Outer",
                      "Parallel Aware": true,
                      "Relation Name": "cast_info",
                      "Alias": "ci",
                      "Startup Cost": 0.0,
                      "Total Cost": 328211.39,
                      "Plan Rows": 5049141,
                      "Plan Width": 4,
                      "Actual Startup Time": 64.557,
                      "Actual Total Time": 626.478,
                      "Actual Rows": 4298335,
                      "Actual Loops": 7,
                      "Filter": "(person_id > 593880)",
                      "Rows Removed by Filter": 879428
                    },
                    {
                      "Node Type": "Hash",
                      "Parent Relationship": "Inner",
                      "Parallel Aware": true,
                      "Startup Cost": 244095.4,
                      "Total Cost": 244095.4,
                      "Plan Rows": 269318,
                      "Plan Width": 8,
                      "Actual Startup Time": 756.122,
                      "Actual Total Time": 756.285,
                      "Actual Rows": 140656,
                      "Actual Loops": 7,
                      "Hash Buckets": 2097152,
                      "Original Hash Buckets": 2097152,
                      "Hash Batches": 1,
                      "Original Hash Batches": 1,
                      "Peak Memory Usage": 55008,
                      "Plans": [
                        {
                          "Node Type": "Hash Join",
                          "Parent Relationship": "Outer",
                          "Parallel Aware": true,
                          "Join Type": "Inner",
                          "Startup Cost": 44616.0,
                          "Total Cost": 244095.4,
                          "Plan Rows": 269318,
                          "Plan Width": 8,
                          "Actual Startup Time": 101.374,
                          "Actual Total Time": 688.033,
                          "Actual Rows": 140656,
                          "Actual Loops": 7,
                          "Inner Unique": true,
                          "Hash Cond": "(mi.movie_id = t.id)",
                          "Plans": [
                            {
                              "Node Type": "Seq Scan",
                              "Parent Relationship": "Outer",
                              "Parallel Aware": true,
                              "Relation Name": "movie_info",
                              "Alias": "mi",
                              "Startup Cost": 0.0,
                              "Total Cost": 191685.19,
                              "Plan Rows": 2969219,
                              "Plan Width": 4,
                              "Actual Startup Time": 0.03,
                              "Actual Total Time": 278.029,
                              "Actual Rows": 2119389,
                              "Actual Loops": 7
                            },
                            {
                              "Node Type": "Hash",
                              "Parent Relationship": "Inner",
                              "Parallel Aware": true,
                              "Startup Cost": 43899.32,
                              "Total Cost": 43899.32,
                              "Plan Rows": 57334,
                              "Plan Width": 4,
                              "Actual Startup Time": 99.931,
                              "Actual Total Time": 99.932,
                              "Actual Rows": 33093,
                              "Actual Loops": 7,
                              "Hash Buckets": 262144,
                              "Original Hash Buckets": 262144,
                              "Hash Batches": 1,
                              "Original Hash Batches": 1,
                              "Peak Memory Usage": 11264,
                              "Plans": [
                                {
                                  "Node Type": "Seq Scan",
                                  "Parent Relationship": "Outer",
                                  "Parallel Aware": true,
                                  "Relation Name": "title",
                                  "Alias": "t",
                                  "Startup Cost": 0.0,
                                  "Total Cost": 43899.32,
                                  "Plan Rows": 57334,
                                  "Plan Width": 4,
                                  "Actual Startup Time": 0.057,
                                  "Actual Total Time": 80.858,
                                  "Actual Rows": 33093,
                                  "Actual Loops": 7,
                                  "Filter": "(production_year > 2011)",
                                  "Rows Removed by Filter": 328095
                                }
                              ]
                            }
                          ]
                        }
                      ]
                    }
                  ]
                }
              ]
            }
          ]
        }
      ]
    },
    "Planning Time": 1.374,
    "Triggers": [],
    "Execution Time": 2873.856
  }
]