{
  "Plan": {
    "Node Type": "Aggregate",
    "Strategy": "Plain",
    "Partial Mode": "Finalize",
    "Parallel Aware": false,
    "Startup Cost": 364163.91,
    "Total Cost": 364163.92,
    "Plan Rows": 1,
    "Plan Width": 8,
    "Actual Startup Time": 3562.017,
    "Actual Total Time": 3622.947,
    "Actual Rows": 1,
    "Actual Loops": 1,
    "Plans": [
      {
        "Node Type": "Gather",
        "Parent Relationship": "Outer",
        "Parallel Aware": false,
        "Startup Cost": 364163.8,
        "Total Cost": 364163.91,
        "Plan Rows": 1,
        "Plan Width": 8,
        "Actual Startup Time": 3560.226,
        "Actual Total Time": 3622.94,
        "Actual Rows": 2,
        "Actual Loops": 1,
        "Workers Planned": 1,
        "Workers Launched": 1,
        "Single Copy": false,
        "Plans": [
          {
            "Node Type": "Aggregate",
            "Strategy": "Plain",
            "Partial Mode": "Partial",
            "Parent Relationship": "Outer",
            "Parallel Aware": false,
            "Startup Cost": 363163.8,
            "Total Cost": 363163.81,
            "Plan Rows": 1,
            "Plan Width": 8,
            "Actual Startup Time": 3553.678,
            "Actual Total Time": 3553.682,
            "Actual Rows": 1,
            "Actual Loops": 2,
            "Plans": [
              {
                "Node Type": "Nested Loop",
                "Parent Relationship": "Outer",
                "Parallel Aware": false,
                "Join Type": "Inner",
                "Startup Cost": 72341.93,
                "Total Cost": 362561.37,
                "Plan Rows": 240971,
                "Plan Width": 0,
                "Actual Startup Time": 338.74,
                "Actual Total Time": 3436.725,
                "Actual Rows": 2353572,
                "Actual Loops": 2,
                "Inner Unique": false,
                "Plans": [
                  {
                    "Node Type": "Hash Join",
                    "Parent Relationship": "Outer",
                    "Parallel Aware": true,
                    "Join Type": "Inner",
                    "Startup Cost": 72341.5,
                    "Total Cost": 101184.06,
                    "Plan Rows": 113779,
                    "Plan Width": 8,
                    "Actual Startup Time": 338.622,
                    "Actual Total Time": 494.459,
                    "Actual Rows": 210933,
                    "Actual Loops": 2,
                    "Inner Unique": true,
                    "Hash Cond": "(mk.movie_id = t.id)",
                    "Plans": [
                      {
                        "Node Type": "Bitmap Heap Scan",
                        "Parent Relationship": "Outer",
                        "Parallel Aware": true,
                        "Relation Name": "movie_keyword",
                        "Alias": "mk",
                        "Startup Cost": 10463.2,
                        "Total Cost": 38544.11,
                        "Plan Rows": 290153,
                        "Plan Width": 4,
                        "Actual Startup Time": 31.096,
                        "Actual Total Time": 100.41,
                        "Actual Rows": 240062,
                        "Actual Loops": 2,
                        "Recheck Cond": "(keyword_id > 37265)",
                        "Rows Removed by Index Recheck": 0,
                        "Exact Heap Blocks": 14194,
                        "Lossy Heap Blocks": 0,
                        "Plans": [
                          {
                            "Node Type": "Bitmap Index Scan",
                            "Parent Relationship": "Outer",
                            "Parallel Aware": false,
                            "Index Name": "keyword_id_movie_keyword",
                            "Startup Cost": 0.0,
                            "Total Cost": 10339.88,
                            "Plan Rows": 493260,
                            "Plan Width": 0,
                            "Actual Startup Time": 27.659,
                            "Actual Total Time": 27.659,
                            "Actual Rows": 480123,
                            "Actual Loops": 1,
                            "Index Cond": "(keyword_id > 37265)"
                          }
                        ]
                      },
                      {
                        "Node Type": "Hash",
                        "Parent Relationship": "Inner",
                        "Parallel Aware": true,
                        "Startup Cost": 54588.39,
                        "Total Cost": 54588.39,
                        "Plan Rows": 583193,
                        "Plan Width": 4,
                        "Actual Startup Time": 298.21,
                        "Actual Total Time": 298.211,
                        "Actual Rows": 492524,
                        "Actual Loops": 2,
                        "Hash Buckets": 1048576,
                        "Original Hash Buckets": 1048576,
                        "Hash Batches": 1,
                        "Original Hash Batches": 1,
                        "Peak Memory Usage": 46752,
                        "Plans": [
                          {
                            "Node Type": "Seq Scan",
                            "Parent Relationship": "Outer",
                            "Parallel Aware": true,
                            "Relation Name": "title",
                            "Alias": "t",
                            "Startup Cost": 0.0,
                            "Total Cost": 54588.39,
                            "Plan Rows": 583193,
                            "Plan Width": 4,
                            "Actual Startup Time": 0.031,
                            "Actual Total Time": 171.529,
                            "Actual Rows": 492524,
                            "Actual Loops": 2,
                            "Filter": "(kind_id < 7)",
                            "Rows Removed by Filter": 771632
                          }
                        ]
                      }
                    ]
                  },
                  {
                    "Node Type": "Index Scan",
                    "Parent Relationship": "Inner",
                    "Parallel Aware": false,
                    "Scan Direction": "Forward",
                    "Index Name": "movie_id_movie_info",
                    "Relation Name": "movie_info",
                    "Alias": "mi",
                    "Startup Cost": 0.43,
                    "Total Cost": 2.15,
                    "Plan Rows": 15,
                    "Plan Width": 4,
                    "Actual Startup Time": 0.003,
                    "Actual Total Time": 0.013,
                    "Actual Rows": 11,
                    "Actual Loops": 421866,
                    "Index Cond": "(movie_id = t.id)",
                    "Rows Removed by Index Recheck": 0,
                    "Filter": "(info_type_id < 6)",
                    "Rows Removed by Filter": 51
                  }
                ]
              }
            ]
          }
        ]
      }
    ]
  },
  "Planning Time": 0.953,
  "Triggers": [],
  "Execution Time": 3623.071
}