[
  {
    "Plan": {
      "Node Type": "Aggregate",
      "Strategy": "Plain",
      "Partial Mode": "Finalize",
      "Parallel Aware": false,
      "Startup Cost": 56481.96,
      "Total Cost": 56481.97,
      "Plan Rows": 1,
      "Plan Width": 8,
      "Actual Startup Time": 103.753,
      "Actual Total Time": 118.255,
      "Actual Rows": 1,
      "Actual Loops": 1,
      "Plans": [
        {
          "Node Type": "Gather",
          "Parent Relationship": "Outer",
          "Parallel Aware": false,
          "Startup Cost": 56481.54,
          "Total Cost": 56481.95,
          "Plan Rows": 4,
          "Plan Width": 8,
          "Actual Startup Time": 103.631,
          "Actual Total Time": 118.248,
          "Actual Rows": 5,
          "Actual Loops": 1,
          "Workers Planned": 4,
          "Workers Launched": 4,
          "Single Copy": false,
          "Plans": [
            {
              "Node Type": "Aggregate",
              "Strategy": "Plain",
              "Partial Mode": "Partial",
              "Parent Relationship": "Outer",
              "Parallel Aware": false,
              "Startup Cost": 55481.54,
              "Total Cost": 55481.55,
              "Plan Rows": 1,
              "Plan Width": 8,
              "Actual Startup Time": 95.613,
              "Actual Total Time": 95.614,
              "Actual Rows": 1,
              "Actual Loops": 5,
              "Plans": [
                {
                  "Node Type": "Nested Loop",
                  "Parent Relationship": "Outer",
                  "Parallel Aware": false,
                  "Join Type": "Inner",
                  "Startup Cost": 0.43,
                  "Total Cost": 55479.69,
                  "Plan Rows": 739,
                  "Plan Width": 0,
                  "Actual Startup Time": 8.629,
                  "Actual Total Time": 95.474,
                  "Actual Rows": 1105,
                  "Actual Loops": 5,
                  "Inner Unique": false,
                  "Plans": [
                    {
                      "Node Type": "Seq Scan",
                      "Parent Relationship": "Outer",
                      "Parallel Aware": true,
                      "Relation Name": "title",
                      "Alias": "t",
                      "Startup Cost": 0.0,
                      "Total Cost": 43898.92,
                      "Plan Rows": 716,
                      "Plan Width": 4,
                      "Actual Startup Time": 2.176,
                      "Actual Total Time": 86.225,
                      "Actual Rows": 615,
                      "Actual Loops": 5,
                      "Filter": "(production_year = 2014)",
                      "Rows Removed by Filter": 505047
                    },
                    {
                      "Node Type": "Index Only Scan",
                      "Parent Relationship": "Inner",
                      "Parallel Aware": false,
                      "Scan Direction": "Forward",
                      "Index Name": "movie_id_movie_companies",
                      "Relation Name": "movie_companies",
                      "Alias": "mc",
                      "Startup Cost": 0.43,
                      "Total Cost": 16.12,
                      "Plan Rows": 5,
                      "Plan Width": 4,
                      "Actual Startup Time": 0.013,
                      "Actual Total Time": 0.014,
                      "Actual Rows": 2,
                      "Actual Loops": 3077,
                      "Index Cond": "(movie_id = t.id)",
                      "Rows Removed by Index Recheck": 0,
                      "Heap Fetches": 5524
                    }
                  ]
                }
              ]
            }
          ]
        }
      ]
    },
    "Planning Time": 0.477,
    "Triggers": [],
    "Execution Time": 118.314
  }
]