[
  {
    "Plan": {
      "Node Type": "Aggregate",
      "Strategy": "Plain",
      "Partial Mode": "Finalize",
      "Parallel Aware": false,
      "Startup Cost": 70647.98,
      "Total Cost": 70647.99,
      "Plan Rows": 1,
      "Plan Width": 8,
      "Actual Startup Time": 117.959,
      "Actual Total Time": 133.509,
      "Actual Rows": 1,
      "Actual Loops": 1,
      "Plans": [
        {
          "Node Type": "Gather",
          "Parent Relationship": "Outer",
          "Parallel Aware": false,
          "Startup Cost": 70647.56,
          "Total Cost": 70647.97,
          "Plan Rows": 4,
          "Plan Width": 8,
          "Actual Startup Time": 117.838,
          "Actual Total Time": 133.499,
          "Actual Rows": 5,
          "Actual Loops": 1,
          "Workers Planned": 4,
          "Workers Launched": 4,
          "Single Copy": false,
          "Plans": [
            {
              "Node Type": "Aggregate",
              "Strategy": "Plain",
              "Partial Mode": "Partial",
              "Parent Relationship": "Outer",
              "Parallel Aware": false,
              "Startup Cost": 69647.56,
              "Total Cost": 69647.57,
              "Plan Rows": 1,
              "Plan Width": 8,
              "Actual Startup Time": 107.81,
              "Actual Total Time": 107.811,
              "Actual Rows": 1,
              "Actual Loops": 5,
              "Plans": [
                {
                  "Node Type": "Nested Loop",
                  "Parent Relationship": "Outer",
                  "Parallel Aware": false,
                  "Join Type": "Inner",
                  "Startup Cost": 0.43,
                  "Total Cost": 69646.65,
                  "Plan Rows": 362,
                  "Plan Width": 0,
                  "Actual Startup Time": 74.637,
                  "Actual Total Time": 107.786,
                  "Actual Rows": 107,
                  "Actual Loops": 5,
                  "Inner Unique": false,
                  "Plans": [
                    {
                      "Node Type": "Seq Scan",
                      "Parent Relationship": "Outer",
                      "Parallel Aware": true,
                      "Relation Name": "title",
                      "Alias": "t",
                      "Startup Cost": 0.0,
                      "Total Cost": 45479.1,
                      "Plan Rows": 2437,
                      "Plan Width": 4,
                      "Actual Startup Time": 1.035,
                      "Actual Total Time": 84.505,
                      "Actual Rows": 1895,
                      "Actual Loops": 5,
                      "Filter": "((kind_id < 7) AND (production_year = 1991))",
                      "Rows Removed by Filter": 503768
                    },
                    {
                      "Node Type": "Index Scan",
                      "Parent Relationship": "Inner",
                      "Parallel Aware": false,
                      "Scan Direction": "Forward",
                      "Index Name": "movie_id_movie_companies",
                      "Relation Name": "movie_companies",
                      "Alias": "mc",
                      "Startup Cost": 0.43,
                      "Total Cost": 9.91,
                      "Plan Rows": 1,
                      "Plan Width": 4,
                      "Actual Startup Time": 0.012,
                      "Actual Total Time": 0.012,
                      "Actual Rows": 0,
                      "Actual Loops": 9474,
                      "Index Cond": "(movie_id = t.id)",
                      "Rows Removed by Index Recheck": 0,
                      "Filter": "((company_id > 33010) AND (company_type_id < 2))",
                      "Rows Removed by Filter": 2
                    }
                  ]
                }
              ]
            }
          ]
        }
      ]
    },
    "Planning Time": 0.696,
    "Triggers": [],
    "Execution Time": 133.587
  }
]