[
  {
    "Plan": {
      "Node Type": "Aggregate",
      "Strategy": "Plain",
      "Partial Mode": "Finalize",
      "Parallel Aware": false,
      "Startup Cost": 123231.67,
      "Total Cost": 123231.68,
      "Plan Rows": 1,
      "Plan Width": 8,
      "Actual Startup Time": 101.038,
      "Actual Total Time": 118.33,
      "Actual Rows": 1,
      "Actual Loops": 1,
      "Plans": [
        {
          "Node Type": "Gather",
          "Parent Relationship": "Outer",
          "Parallel Aware": false,
          "Startup Cost": 123231.25,
          "Total Cost": 123231.66,
          "Plan Rows": 4,
          "Plan Width": 8,
          "Actual Startup Time": 100.728,
          "Actual Total Time": 118.322,
          "Actual Rows": 5,
          "Actual Loops": 1,
          "Workers Planned": 4,
          "Workers Launched": 4,
          "Single Copy": false,
          "Plans": [
            {
              "Node Type": "Aggregate",
              "Strategy": "Plain",
              "Partial Mode": "Partial",
              "Parent Relationship": "Outer",
              "Parallel Aware": false,
              "Startup Cost": 122231.25,
              "Total Cost": 122231.26,
              "Plan Rows": 1,
              "Plan Width": 8,
              "Actual Startup Time": 96.244,
              "Actual Total Time": 96.246,
              "Actual Rows": 1,
              "Actual Loops": 5,
              "Plans": [
                {
                  "Node Type": "Nested Loop",
                  "Parent Relationship": "Outer",
                  "Parallel Aware": false,
                  "Join Type": "Inner",
                  "Startup Cost": 0.56,
                  "Total Cost": 122228.54,
                  "Plan Rows": 1086,
                  "Plan Width": 0,
                  "Actual Startup Time": 54.383,
                  "Actual Total Time": 96.218,
                  "Actual Rows": 67,
                  "Actual Loops": 5,
                  "Inner Unique": false,
                  "Plans": [
                    {
                      "Node Type": "Seq Scan",
                      "Parent Relationship": "Outer",
                      "Parallel Aware": true,
                      "Relation Name": "title",
                      "Alias": "t",
                      "Startup Cost": 0.0,
                      "Total Cost": 45479.59,
                      "Plan Rows": 614,
                      "Plan Width": 4,
                      "Actual Startup Time": 52.778,
                      "Actual Total Time": 80.224,
                      "Actual Rows": 1174,
                      "Actual Loops": 5,
                      "Filter": "((kind_id < 7) AND (production_year < 1900))",
                      "Rows Removed by Filter": 504488
                    },
                    {
                      "Node Type": "Index Scan",
                      "Parent Relationship": "Inner",
                      "Parallel Aware": false,
                      "Scan Direction": "Forward",
                      "Index Name": "movie_id_cast_info",
                      "Relation Name": "cast_info",
                      "Alias": "ci",
                      "Startup Cost": 0.56,
                      "Total Cost": 124.96,
                      "Plan Rows": 4,
                      "Plan Width": 4,
                      "Actual Startup Time": 0.013,
                      "Actual Total Time": 0.013,
                      "Actual Rows": 0,
                      "Actual Loops": 5872,
                      "Index Cond": "(movie_id = t.id)",
                      "Rows Removed by Index Recheck": 0,
                      "Filter": "((person_id < 795809) AND (role_id < 3))",
                      "Rows Removed by Filter": 1
                    }
                  ]
                }
              ]
            }
          ]
        }
      ]
    },
    "Planning Time": 0.511,
    "Triggers": [],
    "Execution Time": 118.39
  }
]