[
    {
        "Bao": {
            "Bao prediction": "NaN",
            "Bao recommended hint": "(no hint)"
        }
    },
    {
        "Plan": {
            "Node Type": "Aggregate",
            "Strategy": "Plain",
            "Partial Mode": "Finalize",
            "Parallel Aware": false,
            "Startup Cost": 40130.51,
            "Total Cost": 40130.52,
            "Plan Rows": 1,
            "Plan Width": 8,
            "Actual Startup Time": 107.57,
            "Actual Total Time": 112.288,
            "Actual Rows": 1,
            "Actual Loops": 1,
            "Output": [
                "count(*)"
            ],
            "Plans": [
                {
                    "Node Type": "Gather",
                    "Parent Relationship": "Outer",
                    "Parallel Aware": false,
                    "Startup Cost": 40130.2,
                    "Total Cost": 40130.51,
                    "Plan Rows": 3,
                    "Plan Width": 8,
                    "Actual Startup Time": 107.396,
                    "Actual Total Time": 112.28,
                    "Actual Rows": 4,
                    "Actual Loops": 1,
                    "Output": [
                        "(PARTIAL count(*))"
                    ],
                    "Workers Planned": 3,
                    "Workers Launched": 3,
                    "Single Copy": false,
                    "Plans": [
                        {
                            "Node Type": "Aggregate",
                            "Strategy": "Plain",
                            "Partial Mode": "Partial",
                            "Parent Relationship": "Outer",
                            "Parallel Aware": false,
                            "Startup Cost": 39130.2,
                            "Total Cost": 39130.21,
                            "Plan Rows": 1,
                            "Plan Width": 8,
                            "Actual Startup Time": 99.05,
                            "Actual Total Time": 99.052,
                            "Actual Rows": 1,
                            "Actual Loops": 4,
                            "Output": [
                                "PARTIAL count(*)"
                            ],
                            "Workers": [
                                {
                                    "Worker Number": 0,
                                    "Actual Startup Time": 96.185,
                                    "Actual Total Time": 96.187,
                                    "Actual Rows": 1,
                                    "Actual Loops": 1
                                },
                                {
                                    "Worker Number": 1,
                                    "Actual Startup Time": 96.431,
                                    "Actual Total Time": 96.433,
                                    "Actual Rows": 1,
                                    "Actual Loops": 1
                                },
                                {
                                    "Worker Number": 2,
                                    "Actual Startup Time": 96.46,
                                    "Actual Total Time": 96.461,
                                    "Actual Rows": 1,
                                    "Actual Loops": 1
                                }
                            ],
                            "Plans": [
                                {
                                    "Node Type": "Bitmap Heap Scan",
                                    "Parent Relationship": "Outer",
                                    "Parallel Aware": true,
                                    "Relation Name": "movie_keyword",
                                    "Schema": "public",
                                    "Alias": "mk",
                                    "Startup Cost": 11950.34,
                                    "Total Cost": 38675.89,
                                    "Plan Rows": 181724,
                                    "Plan Width": 0,
                                    "Actual Startup Time": 29.623,
                                    "Actual Total Time": 91.49,
                                    "Actual Rows": 139767,
                                    "Actual Loops": 4,
                                    "Recheck Cond": "(mk.keyword_id > 32911)",
                                    "Rows Removed by Index Recheck": 0,
                                    "Exact Heap Blocks": 10277,
                                    "Lossy Heap Blocks": 0,
                                    "Workers": [
                                        {
                                            "Worker Number": 0,
                                            "Actual Startup Time": 26.897,
                                            "Actual Total Time": 89.388,
                                            "Actual Rows": 103896,
                                            "Actual Loops": 1
                                        },
                                        {
                                            "Worker Number": 1,
                                            "Actual Startup Time": 27.126,
                                            "Actual Total Time": 89.575,
                                            "Actual Rows": 105315,
                                            "Actual Loops": 1
                                        },
                                        {
                                            "Worker Number": 2,
                                            "Actual Startup Time": 27.043,
                                            "Actual Total Time": 89.712,
                                            "Actual Rows": 102513,
                                            "Actual Loops": 1
                                        }
                                    ],
                                    "Plans": [
                                        {
                                            "Node Type": "Bitmap Index Scan",
                                            "Parent Relationship": "Outer",
                                            "Parallel Aware": false,
                                            "Index Name": "keyword_id_movie_keyword",
                                            "Startup Cost": 0.0,
                                            "Total Cost": 11809.51,
                                            "Plan Rows": 563343,
                                            "Plan Width": 0,
                                            "Actual Startup Time": 34.033,
                                            "Actual Total Time": 34.033,
                                            "Actual Rows": 559068,
                                            "Actual Loops": 1,
                                            "Index Cond": "(mk.keyword_id > 32911)"
                                        }
                                    ]
                                }
                            ]
                        }
                    ]
                }
            ]
        },
        "Planning Time": 187.63,
        "Triggers": [],
        "Execution Time": 112.344
    }
]