[
  {
    "Plan": {
      "Node Type": "Aggregate",
      "Strategy": "Plain",
      "Partial Mode": "Finalize",
      "Parallel Aware": false,
      "Startup Cost": 232108.33,
      "Total Cost": 232108.34,
      "Plan Rows": 1,
      "Plan Width": 8,
      "Actual Startup Time": 6061.254,
      "Actual Total Time": 6206.179,
      "Actual Rows": 1,
      "Actual Loops": 1,
      "Plans": [
        {
          "Node Type": "Gather",
          "Parent Relationship": "Outer",
          "Parallel Aware": false,
          "Startup Cost": 232107.8,
          "Total Cost": 232108.31,
          "Plan Rows": 5,
          "Plan Width": 8,
          "Actual Startup Time": 6061.107,
          "Actual Total Time": 6206.162,
          "Actual Rows": 6,
          "Actual Loops": 1,
          "Workers Planned": 5,
          "Workers Launched": 5,
          "Single Copy": false,
          "Plans": [
            {
              "Node Type": "Aggregate",
              "Strategy": "Plain",
              "Partial Mode": "Partial",
              "Parent Relationship": "Outer",
              "Parallel Aware": false,
              "Startup Cost": 231107.8,
              "Total Cost": 231107.81,
              "Plan Rows": 1,
              "Plan Width": 8,
              "Actual Startup Time": 6047.26,
              "Actual Total Time": 6047.267,
              "Actual Rows": 1,
              "Actual Loops": 6,
              "Plans": [
                {
                  "Node Type": "Nested Loop",
                  "Parent Relationship": "Outer",
                  "Parallel Aware": false,
                  "Join Type": "Inner",
                  "Startup Cost": 6.73,
                  "Total Cost": 231107.76,
                  "Plan Rows": 16,
                  "Plan Width": 0,
                  "Actual Startup Time": 832.327,
                  "Actual Total Time": 6045.458,
                  "Actual Rows": 11870,
                  "Actual Loops": 6,
                  "Inner Unique": true,
                  "Plans": [
                    {
                      "Node Type": "Hash Join",
                      "Parent Relationship": "Outer",
                      "Parallel Aware": false,
                      "Join Type": "Inner",
                      "Startup Cost": 6.3,
                      "Total Cost": 230863.27,
                      "Plan Rows": 537,
                      "Plan Width": 8,
                      "Actual Startup Time": 832.248,
                      "Actual Total Time": 5944.64,
                      "Actual Rows": 11870,
                      "Actual Loops": 6,
                      "Inner Unique": true,
                      "Hash Cond": "(pi.info_type_id = it2.id)",
                      "Plans": [
                        {
                          "Node Type": "Nested Loop",
                          "Parent Relationship": "Outer",
                          "Parallel Aware": false,
                          "Join Type": "Inner",
                          "Startup Cost": 3.86,
                          "Total Cost": 230778.15,
                          "Plan Rows": 30356,
                          "Plan Width": 12,
                          "Actual Startup Time": 828.183,
                          "Actual Total Time": 5933.876,
                          "Actual Rows": 76253,
                          "Actual Loops": 6,
                          "Inner Unique": false,
                          "Plans": [
                            {
                              "Node Type": "Nested Loop",
                              "Parent Relationship": "Outer",
                              "Parallel Aware": false,
                              "Join Type": "Inner",
                              "Startup Cost": 3.43,
                              "Total Cost": 203381.66,
                              "Plan Rows": 19331,
                              "Plan Width": 4,
                              "Actual Startup Time": 827.802,
                              "Actual Total Time": 1838.376,
                              "Actual Rows": 175508,
                              "Actual Loops": 6,
                              "Inner Unique": false,
                              "Plans": [
                                {
                                  "Node Type": "Nested Loop",
                                  "Parent Relationship": "Outer",
                                  "Parallel Aware": false,
                                  "Join Type": "Inner",
                                  "Startup Cost": 2.87,
                                  "Total Cost": 200541.18,
                                  "Plan Rows": 1349,
                                  "Plan Width": 8,
                                  "Actual Startup Time": 827.72,
                                  "Actual Total Time": 1308.138,
                                  "Actual Rows": 10340,
                                  "Actual Loops": 6,
                                  "Inner Unique": true,
                                  "Plans": [
                                    {
                                      "Node Type": "Hash Join",
                                      "Parent Relationship": "Outer",
                                      "Parallel Aware": false,
                                      "Join Type": "Inner",
                                      "Startup Cost": 2.44,
                                      "Total Cost": 199300.32,
                                      "Plan Rows": 1349,
                                      "Plan Width": 4,
                                      "Actual Startup Time": 827.62,
                                      "Actual Total Time": 1235.985,
                                      "Actual Rows": 10340,
                                      "Actual Loops": 6,
                                      "Inner Unique": true,
                                      "Hash Cond": "(mi.info_type_id = it1.id)",
                                      "Plans": [
                                        {
                                          "Node Type": "Seq Scan",
                                          "Parent Relationship": "Outer",
                                          "Parallel Aware": true,
                                          "Relation Name": "movie_info",
                                          "Alias": "mi",
                                          "Startup Cost": 0.0,
                                          "Total Cost": 199090.3,
                                          "Plan Rows": 76219,
                                          "Plan Width": 8,
                                          "Actual Startup Time": 77.66,
                                          "Actual Total Time": 1228.323,
                                          "Actual Rows": 42854,
                                          "Actual Loops": 6,
                                          "Filter": "(info ~~* '%france%'::text)",
                                          "Rows Removed by Filter": 2429766
                                        },
                                        {
                                          "Node Type": "Hash",
                                          "Parent Relationship": "Inner",
                                          "Parallel Aware": false,
                                          "Startup Cost": 2.41,
                                          "Total Cost": 2.41,
                                          "Plan Rows": 2,
                                          "Plan Width": 4,
                                          "Actual Startup Time": 0.074,
                                          "Actual Total Time": 0.075,
                                          "Actual Rows": 3,
                                          "Actual Loops": 6,
                                          "Hash Buckets": 1024,
                                          "Original Hash Buckets": 1024,
                                          "Hash Batches": 1,
                                          "Original Hash Batches": 1,
                                          "Peak Memory Usage": 9,
                                          "Plans": [
                                            {
                                              "Node Type": "Seq Scan",
                                              "Parent Relationship": "Outer",
                                              "Parallel Aware": false,
                                              "Relation Name": "info_type",
                                              "Alias": "it1",
                                              "Startup Cost": 0.0,
                                              "Total Cost": 2.41,
                                              "Plan Rows": 2,
                                              "Plan Width": 4,
                                              "Actual Startup Time": 0.022,
                                              "Actual Total Time": 0.057,
                                              "Actual Rows": 3,
                                              "Actual Loops": 6,
                                              "Filter": "((info)::text ~~* '%count%'::text)",
                                              "Rows Removed by Filter": 110
                                            }
                                          ]
                                        }
                                      ]
                                    },
                                    {
                                      "Node Type": "Index Only Scan",
                                      "Parent Relationship": "Inner",
                                      "Parallel Aware": false,
                                      "Scan Direction": "Forward",
                                      "Index Name": "title_pkey",
                                      "Relation Name": "title",
                                      "Alias": "t",
                                      "Startup Cost": 0.43,
                                      "Total Cost": 0.92,
                                      "Plan Rows": 1,
                                      "Plan Width": 4,
                                      "Actual Startup Time": 0.006,
                                      "Actual Total Time": 0.006,
                                      "Actual Rows": 1,
                                      "Actual Loops": 62041,
                                      "Index Cond": "(id = mi.movie_id)",
                                      "Rows Removed by Index Recheck": 0,
                                      "Heap Fetches": 62041
                                    }
                                  ]
                                },
                                {
                                  "Node Type": "Index Scan",
                                  "Parent Relationship": "Inner",
                                  "Parallel Aware": false,
                                  "Scan Direction": "Forward",
                                  "Index Name": "movie_id_cast_info",
                                  "Relation Name": "cast_info",
                                  "Alias": "ci",
                                  "Startup Cost": 0.56,
                                  "Total Cost": 1.77,
                                  "Plan Rows": 34,
                                  "Plan Width": 8,
                                  "Actual Startup Time": 0.007,
                                  "Actual Total Time": 0.049,
                                  "Actual Rows": 17,
                                  "Actual Loops": 62041,
                                  "Index Cond": "(movie_id = t.id)",
                                  "Rows Removed by Index Recheck": 0
                                }
                              ]
                            },
                            {
                              "Node Type": "Index Scan",
                              "Parent Relationship": "Inner",
                              "Parallel Aware": false,
                              "Scan Direction": "Forward",
                              "Index Name": "person_id_person_info",
                              "Relation Name": "person_info",
                              "Alias": "pi",
                              "Startup Cost": 0.43,
                              "Total Cost": 1.4,
                              "Plan Rows": 2,
                              "Plan Width": 8,
                              "Actual Startup Time": 0.012,
                              "Actual Total Time": 0.023,
                              "Actual Rows": 0,
                              "Actual Loops": 1053048,
                              "Index Cond": "(person_id = ci.person_id)",
                              "Rows Removed by Index Recheck": 0,
                              "Filter": "((info ~~* '%uk%'::text) OR (info ~~* '%spain%'::text) OR (info ~~* '%germany%'::text) OR (info ~~* '%italy%'::text) OR (info ~~* '%croatia%'::text) OR (info ~~* '%algeria%'::text) OR (info ~~* '%south%'::text) OR (info ~~* '%austria%'::text) OR (info ~~* '%hungary%'::text))",
                              "Rows Removed by Filter": 4
                            }
                          ]
                        },
                        {
                          "Node Type": "Hash",
                          "Parent Relationship": "Inner",
                          "Parallel Aware": false,
                          "Startup Cost": 2.41,
                          "Total Cost": 2.41,
                          "Plan Rows": 2,
                          "Plan Width": 4,
                          "Actual Startup Time": 0.217,
                          "Actual Total Time": 0.218,
                          "Actual Rows": 3,
                          "Actual Loops": 6,
                          "Hash Buckets": 1024,
                          "Original Hash Buckets": 1024,
                          "Hash Batches": 1,
                          "Original Hash Batches": 1,
                          "Peak Memory Usage": 9,
                          "Plans": [
                            {
                              "Node Type": "Seq Scan",
                              "Parent Relationship": "Outer",
                              "Parallel Aware": false,
                              "Relation Name": "info_type",
                              "Alias": "it2",
                              "Startup Cost": 0.0,
                              "Total Cost": 2.41,
                              "Plan Rows": 2,
                              "Plan Width": 4,
                              "Actual Startup Time": 0.121,
                              "Actual Total Time": 0.193,
                              "Actual Rows": 3,
                              "Actual Loops": 6,
                              "Filter": "((info)::text ~~* '%birth%'::text)",
                              "Rows Removed by Filter": 110
                            }
                          ]
                        }
                      ]
                    },
                    {
                      "Node Type": "Index Only Scan",
                      "Parent Relationship": "Inner",
                      "Parallel Aware": false,
                      "Scan Direction": "Forward",
                      "Index Name": "name_pkey",
                      "Relation Name": "name",
                      "Alias": "n",
                      "Startup Cost": 0.43,
                      "Total Cost": 0.46,
                      "Plan Rows": 1,
                      "Plan Width": 4,
                      "Actual Startup Time": 0.008,
                      "Actual Total Time": 0.008,
                      "Actual Rows": 1,
                      "Actual Loops": 71221,
                      "Index Cond": "(id = ci.person_id)",
                      "Rows Removed by Index Recheck": 0,
                      "Heap Fetches": 71221
                    }
                  ]
                }
              ]
            }
          ]
        }
      ]
    },
    "Planning Time": 14.298,
    "Triggers": [],
    "Execution Time": 6206.746
  }
]