{
  "Plan": {
    "Node Type": "Aggregate",
    "Strategy": "Plain",
    "Partial Mode": "Finalize",
    "Parallel Aware": false,
    "Startup Cost": 32642.11,
    "Total Cost": 32642.12,
    "Plan Rows": 1,
    "Plan Width": 8,
    "Actual Startup Time": 40.669,
    "Actual Total Time": 46.237,
    "Actual Rows": 1,
    "Actual Loops": 1,
    "Plans": [
      {
        "Node Type": "Gather",
        "Parent Relationship": "Outer",
        "Parallel Aware": false,
        "Startup Cost": 32641.99,
        "Total Cost": 32642.1,
        "Plan Rows": 1,
        "Plan Width": 8,
        "Actual Startup Time": 40.422,
        "Actual Total Time": 46.23,
        "Actual Rows": 2,
        "Actual Loops": 1,
        "Workers Planned": 1,
        "Workers Launched": 1,
        "Single Copy": false,
        "Plans": [
          {
            "Node Type": "Aggregate",
            "Strategy": "Plain",
            "Partial Mode": "Partial",
            "Parent Relationship": "Outer",
            "Parallel Aware": false,
            "Startup Cost": 31641.99,
            "Total Cost": 31642.0,
            "Plan Rows": 1,
            "Plan Width": 8,
            "Actual Startup Time": 34.246,
            "Actual Total Time": 34.248,
            "Actual Rows": 1,
            "Actual Loops": 2,
            "Plans": [
              {
                "Node Type": "Nested Loop",
                "Parent Relationship": "Outer",
                "Parallel Aware": false,
                "Join Type": "Inner",
                "Startup Cost": 88.86,
                "Total Cost": 31632.94,
                "Plan Rows": 3621,
                "Plan Width": 0,
                "Actual Startup Time": 2.56,
                "Actual Total Time": 33.959,
                "Actual Rows": 1638,
                "Actual Loops": 2,
                "Inner Unique": false,
                "Plans": [
                  {
                    "Node Type": "Nested Loop",
                    "Parent Relationship": "Outer",
                    "Parallel Aware": false,
                    "Join Type": "Inner",
                    "Startup Cost": 88.42,
                    "Total Cost": 28695.2,
                    "Plan Rows": 1456,
                    "Plan Width": 8,
                    "Actual Startup Time": 2.444,
                    "Actual Total Time": 23.766,
                    "Actual Rows": 288,
                    "Actual Loops": 2,
                    "Inner Unique": true,
                    "Plans": [
                      {
                        "Node Type": "Bitmap Heap Scan",
                        "Parent Relationship": "Outer",
                        "Parallel Aware": true,
                        "Relation Name": "movie_keyword",
                        "Alias": "mk",
                        "Startup Cost": 87.99,
                        "Total Cost": 10734.82,
                        "Plan Rows": 2395,
                        "Plan Width": 4,
                        "Actual Startup Time": 2.296,
                        "Actual Total Time": 8.218,
                        "Actual Rows": 1717,
                        "Actual Loops": 2,
                        "Recheck Cond": "(keyword_id = 140)",
                        "Rows Removed by Index Recheck": 0,
                        "Exact Heap Blocks": 2623,
                        "Lossy Heap Blocks": 0,
                        "Plans": [
                          {
                            "Node Type": "Bitmap Index Scan",
                            "Parent Relationship": "Outer",
                            "Parallel Aware": false,
                            "Index Name": "keyword_id_movie_keyword",
                            "Startup Cost": 0.0,
                            "Total Cost": 86.97,
                            "Plan Rows": 4072,
                            "Plan Width": 0,
                            "Actual Startup Time": 3.025,
                            "Actual Total Time": 3.025,
                            "Actual Rows": 3434,
                            "Actual Loops": 1,
                            "Index Cond": "(keyword_id = 140)"
                          }
                        ]
                      },
                      {
                        "Node Type": "Index Scan",
                        "Parent Relationship": "Inner",
                        "Parallel Aware": false,
                        "Scan Direction": "Forward",
                        "Index Name": "title_pkey",
                        "Relation Name": "title",
                        "Alias": "t",
                        "Startup Cost": 0.43,
                        "Total Cost": 7.5,
                        "Plan Rows": 1,
                        "Plan Width": 4,
                        "Actual Startup Time": 0.009,
                        "Actual Total Time": 0.009,
                        "Actual Rows": 0,
                        "Actual Loops": 3434,
                        "Index Cond": "(id = mk.movie_id)",
                        "Rows Removed by Index Recheck": 0,
                        "Filter": "(kind_id = 7)",
                        "Rows Removed by Filter": 1
                      }
                    ]
                  },
                  {
                    "Node Type": "Index Scan",
                    "Parent Relationship": "Inner",
                    "Parallel Aware": false,
                    "Scan Direction": "Forward",
                    "Index Name": "movie_id_movie_info",
                    "Relation Name": "movie_info",
                    "Alias": "mi",
                    "Startup Cost": 0.43,
                    "Total Cost": 1.84,
                    "Plan Rows": 18,
                    "Plan Width": 4,
                    "Actual Startup Time": 0.015,
                    "Actual Total Time": 0.033,
                    "Actual Rows": 6,
                    "Actual Loops": 577,
                    "Index Cond": "(movie_id = t.id)",
                    "Rows Removed by Index Recheck": 0,
                    "Filter": "(info_type_id > 8)",
                    "Rows Removed by Filter": 3
                  }
                ]
              }
            ]
          }
        ]
      }
    ]
  },
  "Planning Time": 0.986,
  "Triggers": [],
  "Execution Time": 46.328
}