[
  {
    "Plan": {
      "Node Type": "Aggregate",
      "Strategy": "Plain",
      "Partial Mode": "Finalize",
      "Parallel Aware": false,
      "Startup Cost": 45487.23,
      "Total Cost": 45487.24,
      "Plan Rows": 1,
      "Plan Width": 8,
      "Actual Startup Time": 143.326,
      "Actual Total Time": 152.385,
      "Actual Rows": 1,
      "Actual Loops": 1,
      "Plans": [
        {
          "Node Type": "Gather",
          "Parent Relationship": "Outer",
          "Parallel Aware": false,
          "Startup Cost": 45486.92,
          "Total Cost": 45487.23,
          "Plan Rows": 3,
          "Plan Width": 8,
          "Actual Startup Time": 143.246,
          "Actual Total Time": 152.379,
          "Actual Rows": 4,
          "Actual Loops": 1,
          "Workers Planned": 3,
          "Workers Launched": 3,
          "Single Copy": false,
          "Plans": [
            {
              "Node Type": "Aggregate",
              "Strategy": "Plain",
              "Partial Mode": "Partial",
              "Parent Relationship": "Outer",
              "Parallel Aware": false,
              "Startup Cost": 44486.92,
              "Total Cost": 44486.93,
              "Plan Rows": 1,
              "Plan Width": 8,
              "Actual Startup Time": 137.219,
              "Actual Total Time": 137.22,
              "Actual Rows": 1,
              "Actual Loops": 4,
              "Plans": [
                {
                  "Node Type": "Seq Scan",
                  "Parent Relationship": "Outer",
                  "Parallel Aware": true,
                  "Relation Name": "movie_keyword",
                  "Alias": "mk",
                  "Startup Cost": 0.0,
                  "Total Cost": 42695.65,
                  "Plan Rows": 716505,
                  "Plan Width": 0,
                  "Actual Startup Time": 0.049,
                  "Actual Total Time": 112.32,
                  "Actual Rows": 555999,
                  "Actual Loops": 4,
                  "Filter": "(keyword_id < 4557)",
                  "Rows Removed by Filter": 574984
                }
              ]
            }
          ]
        }
      ]
    },
    "Planning Time": 0.118,
    "Triggers": [],
    "Execution Time": 152.421
  }
]