[
  {
    "Plan": {
      "Node Type": "Aggregate",
      "Strategy": "Plain",
      "Partial Mode": "Finalize",
      "Parallel Aware": false,
      "Startup Cost": 32614.48,
      "Total Cost": 32614.49,
      "Plan Rows": 1,
      "Plan Width": 8,
      "Actual Startup Time": 93.09,
      "Actual Total Time": 101.014,
      "Actual Rows": 1,
      "Actual Loops": 1,
      "Plans": [
        {
          "Node Type": "Gather",
          "Parent Relationship": "Outer",
          "Parallel Aware": false,
          "Startup Cost": 32614.16,
          "Total Cost": 32614.47,
          "Plan Rows": 3,
          "Plan Width": 8,
          "Actual Startup Time": 92.996,
          "Actual Total Time": 101.007,
          "Actual Rows": 4,
          "Actual Loops": 1,
          "Workers Planned": 3,
          "Workers Launched": 3,
          "Single Copy": false,
          "Plans": [
            {
              "Node Type": "Aggregate",
              "Strategy": "Plain",
              "Partial Mode": "Partial",
              "Parent Relationship": "Outer",
              "Parallel Aware": false,
              "Startup Cost": 31614.16,
              "Total Cost": 31614.17,
              "Plan Rows": 1,
              "Plan Width": 8,
              "Actual Startup Time": 85.572,
              "Actual Total Time": 85.573,
              "Actual Rows": 1,
              "Actual Loops": 4,
              "Plans": [
                {
                  "Node Type": "Seq Scan",
                  "Parent Relationship": "Outer",
                  "Parallel Aware": true,
                  "Relation Name": "movie_companies",
                  "Alias": "mc",
                  "Startup Cost": 0.0,
                  "Total Cost": 31414.82,
                  "Plan Rows": 79737,
                  "Plan Width": 0,
                  "Actual Startup Time": 0.041,
                  "Actual Total Time": 77.528,
                  "Actual Rows": 91092,
                  "Actual Loops": 4,
                  "Filter": "((company_id < 450) AND (company_type_id = 1))",
                  "Rows Removed by Filter": 561190
                }
              ]
            }
          ]
        }
      ]
    },
    "Planning Time": 0.181,
    "Triggers": [],
    "Execution Time": 101.061
  }
]