[
  {
    "Plan": {
      "Node Type": "Aggregate",
      "Strategy": "Plain",
      "Partial Mode": "Finalize",
      "Parallel Aware": false,
      "Startup Cost": 29223.83,
      "Total Cost": 29223.84,
      "Plan Rows": 1,
      "Plan Width": 8,
      "Actual Startup Time": 75.333,
      "Actual Total Time": 79.901,
      "Actual Rows": 1,
      "Actual Loops": 1,
      "Plans": [
        {
          "Node Type": "Gather",
          "Parent Relationship": "Outer",
          "Parallel Aware": false,
          "Startup Cost": 29223.52,
          "Total Cost": 29223.83,
          "Plan Rows": 3,
          "Plan Width": 8,
          "Actual Startup Time": 75.094,
          "Actual Total Time": 79.894,
          "Actual Rows": 4,
          "Actual Loops": 1,
          "Workers Planned": 3,
          "Workers Launched": 3,
          "Single Copy": false,
          "Plans": [
            {
              "Node Type": "Aggregate",
              "Strategy": "Plain",
              "Partial Mode": "Partial",
              "Parent Relationship": "Outer",
              "Parallel Aware": false,
              "Startup Cost": 28223.52,
              "Total Cost": 28223.53,
              "Plan Rows": 1,
              "Plan Width": 8,
              "Actual Startup Time": 68.833,
              "Actual Total Time": 68.834,
              "Actual Rows": 1,
              "Actual Loops": 4,
              "Plans": [
                {
                  "Node Type": "Bitmap Heap Scan",
                  "Parent Relationship": "Outer",
                  "Parallel Aware": true,
                  "Relation Name": "movie_keyword",
                  "Alias": "mk",
                  "Startup Cost": 3069.55,
                  "Total Cost": 28106.85,
                  "Plan Rows": 46665,
                  "Plan Width": 0,
                  "Actual Startup Time": 17.559,
                  "Actual Total Time": 65.982,
                  "Actual Rows": 35632,
                  "Actual Loops": 4,
                  "Recheck Cond": "(keyword_id > 74655)",
                  "Rows Removed by Index Recheck": 0,
                  "Exact Heap Blocks": 10539,
                  "Lossy Heap Blocks": 0,
                  "Plans": [
                    {
                      "Node Type": "Bitmap Index Scan",
                      "Parent Relationship": "Outer",
                      "Parallel Aware": false,
                      "Index Name": "keyword_id_movie_keyword",
                      "Startup Cost": 0.0,
                      "Total Cost": 3033.38,
                      "Plan Rows": 144660,
                      "Plan Width": 0,
                      "Actual Startup Time": 19.249,
                      "Actual Total Time": 19.249,
                      "Actual Rows": 142526,
                      "Actual Loops": 1,
                      "Index Cond": "(keyword_id > 74655)"
                    }
                  ]
                }
              ]
            }
          ]
        }
      ]
    },
    "Planning Time": 0.122,
    "Triggers": [],
    "Execution Time": 79.949
  }
]