{
    "Plan": {
        "Node Type": "Aggregate",
        "Strategy": "Plain",
        "Partial Mode": "Simple",
        "Parallel Aware": false,
        "Startup Cost": 40000924184.76,
        "Total Cost": 40000924184.77,
        "Plan Rows": 1,
        "Plan Width": 64,
        "Actual Startup Time": 3692.142,
        "Actual Total Time": 3770.548,
        "Actual Rows": 1,
        "Actual Loops": 1,
        "Output": [
            "min(n.name)",
            "min(t.title)"
        ],
        "Plans": [
            {
                "Node Type": "Nested Loop",
                "Parent Relationship": "Outer",
                "Parallel Aware": false,
                "Join Type": "Inner",
                "Startup Cost": 40000762982.28,
                "Total Cost": 40000924184.76,
                "Plan Rows": 1,
                "Plan Width": 32,
                "Actual Startup Time": 3692.113,
                "Actual Total Time": 3770.538,
                "Actual Rows": 1,
                "Actual Loops": 1,
                "Output": [
                    "n.name",
                    "t.title"
                ],
                "Inner Unique": true,
                "Plans": [
                    {
                        "Node Type": "Hash Join",
                        "Parent Relationship": "Outer",
                        "Parallel Aware": false,
                        "Join Type": "Inner",
                        "Startup Cost": 30000762981.84,
                        "Total Cost": 30000924180.3,
                        "Plan Rows": 1,
                        "Plan Width": 36,
                        "Actual Startup Time": 3692.082,
                        "Actual Total Time": 3770.505,
                        "Actual Rows": 1,
                        "Actual Loops": 1,
                        "Output": [
                            "mc.company_id",
                            "n.name",
                            "t.title"
                        ],
                        "Inner Unique": true,
                        "Hash Cond": "(mi.info_type_id = it.id)",
                        "Plans": [
                            {
                                "Node Type": "Nested Loop",
                                "Parent Relationship": "Outer",
                                "Parallel Aware": false,
                                "Join Type": "Inner",
                                "Startup Cost": 30000762967.71,
                                "Total Cost": 30000924166.16,
                                "Plan Rows": 2,
                                "Plan Width": 40,
                                "Actual Startup Time": 3692.019,
                                "Actual Total Time": 3770.439,
                                "Actual Rows": 1,
                                "Actual Loops": 1,
                                "Output": [
                                    "mc.company_id",
                                    "mi.info_type_id",
                                    "n.name",
                                    "t.title"
                                ],
                                "Inner Unique": false,
                                "Join Filter": "(t.id = mi.movie_id)",
                                "Rows Removed by Join Filter": 0,
                                "Plans": [
                                    {
                                        "Node Type": "Hash Join",
                                        "Parent Relationship": "Outer",
                                        "Parallel Aware": false,
                                        "Join Type": "Inner",
                                        "Startup Cost": 30000762967.27,
                                        "Total Cost": 30000924162.88,
                                        "Plan Rows": 2,
                                        "Plan Width": 48,
                                        "Actual Startup Time": 3691.979,
                                        "Actual Total Time": 3770.388,
                                        "Actual Rows": 1,
                                        "Actual Loops": 1,
                                        "Output": [
                                            "ci.movie_id",
                                            "mc.movie_id",
                                            "mc.company_id",
                                            "n.name",
                                            "t.title",
                                            "t.id"
                                        ],
                                        "Inner Unique": true,
                                        "Hash Cond": "(ci.role_id = rt.id)",
                                        "Plans": [
                                            {
                                                "Node Type": "Merge Join",
                                                "Parent Relationship": "Outer",
                                                "Parallel Aware": false,
                                                "Join Type": "Inner",
                                                "Startup Cost": 30000762954.92,
                                                "Total Cost": 30000924150.44,
                                                "Plan Rows": 24,
                                                "Plan Width": 52,
                                                "Actual Startup Time": 3691.957,
                                                "Actual Total Time": 3770.362,
                                                "Actual Rows": 1,
                                                "Actual Loops": 1,
                                                "Output": [
                                                    "ci.movie_id",
                                                    "ci.role_id",
                                                    "mc.movie_id",
                                                    "mc.company_id",
                                                    "n.name",
                                                    "t.title",
                                                    "t.id"
                                                ],
                                                "Inner Unique": false,
                                                "Merge Cond": "(mc.movie_id = t.id)",
                                                "Plans": [
                                                    {
                                                        "Node Type": "Index Scan",
                                                        "Parent Relationship": "Outer",
                                                        "Parallel Aware": false,
                                                        "Scan Direction": "Forward",
                                                        "Index Name": "movie_id_movie_companies",
                                                        "Relation Name": "movie_companies",
                                                        "Schema": "public",
                                                        "Alias": "mc",
                                                        "Startup Cost": 0.43,
                                                        "Total Cost": 153895.57,
                                                        "Plan Rows": 292973,
                                                        "Plan Width": 8,
                                                        "Actual Startup Time": 0.015,
                                                        "Actual Total Time": 14.726,
                                                        "Actual Rows": 8748,
                                                        "Actual Loops": 1,
                                                        "Output": [
                                                            "mc.id",
                                                            "mc.movie_id",
                                                            "mc.company_id",
                                                            "mc.company_type_id",
                                                            "mc.note"
                                                        ],
                                                        "Filter": "((mc.note IS NOT NULL) AND ((mc.note ~~ '%(USA)%'::text) OR (mc.note ~~ '%(worldwide)%'::text)))",
                                                        "Rows Removed by Filter": 26785
                                                    },
                                                    {
                                                        "Node Type": "Materialize",
                                                        "Parent Relationship": "Inner",
                                                        "Parallel Aware": false,
                                                        "Startup Cost": 30000762954.49,
                                                        "Total Cost": 30000769522.15,
                                                        "Plan Rows": 77,
                                                        "Plan Width": 44,
                                                        "Actual Startup Time": 3676.534,
                                                        "Actual Total Time": 3754.932,
                                                        "Actual Rows": 1,
                                                        "Actual Loops": 1,
                                                        "Output": [
                                                            "ci.movie_id",
                                                            "ci.role_id",
                                                            "n.name",
                                                            "t.title",
                                                            "t.id"
                                                        ],
                                                        "Plans": [
                                                            {
                                                                "Node Type": "Merge Join",
                                                                "Parent Relationship": "Outer",
                                                                "Parallel Aware": false,
                                                                "Join Type": "Inner",
                                                                "Startup Cost": 30000762954.49,
                                                                "Total Cost": 30000769521.96,
                                                                "Plan Rows": 77,
                                                                "Plan Width": 44,
                                                                "Actual Startup Time": 3676.528,
                                                                "Actual Total Time": 3754.925,
                                                                "Actual Rows": 1,
                                                                "Actual Loops": 1,
                                                                "Output": [
                                                                    "ci.movie_id",
                                                                    "ci.role_id",
                                                                    "n.name",
                                                                    "t.title",
                                                                    "t.id"
                                                                ],
                                                                "Inner Unique": false,
                                                                "Merge Cond": "(t.id = ci.movie_id)",
                                                                "Plans": [
                                                                    {
                                                                        "Node Type": "Sort",
                                                                        "Parent Relationship": "Outer",
                                                                        "Parallel Aware": false,
                                                                        "Startup Cost": 10000207512.85,
                                                                        "Total Cost": 10000210799.03,
                                                                        "Plan Rows": 1314471,
                                                                        "Plan Width": 21,
                                                                        "Actual Startup Time": 979.545,
                                                                        "Actual Total Time": 987.084,
                                                                        "Actual Rows": 43015,
                                                                        "Actual Loops": 1,
                                                                        "Output": [
                                                                            "t.title",
                                                                            "t.id"
                                                                        ],
                                                                        "Sort Key": [
                                                                            "t.id"
                                                                        ],
                                                                        "Sort Method": "quicksort",
                                                                        "Sort Space Used": 140540,
                                                                        "Sort Space Type": "Memory",
                                                                        "Plans": [
                                                                            {
                                                                                "Node Type": "Seq Scan",
                                                                                "Parent Relationship": "Outer",
                                                                                "Parallel Aware": false,
                                                                                "Relation Name": "title",
                                                                                "Schema": "public",
                                                                                "Alias": "t",
                                                                                "Startup Cost": 10000000000.0,
                                                                                "Total Cost": 10000073922.83,
                                                                                "Plan Rows": 1314471,
                                                                                "Plan Width": 21,
                                                                                "Actual Startup Time": 0.016,
                                                                                "Actual Total Time": 438.603,
                                                                                "Actual Rows": 1314111,
                                                                                "Actual Loops": 1,
                                                                                "Output": [
                                                                                    "t.title",
                                                                                    "t.id"
                                                                                ],
                                                                                "Filter": "((t.production_year >= 2001) AND (t.production_year <= 2012))",
                                                                                "Rows Removed by Filter": 1214201
                                                                            }
                                                                        ]
                                                                    },
                                                                    {
                                                                        "Node Type": "Sort",
                                                                        "Parent Relationship": "Inner",
                                                                        "Parallel Aware": false,
                                                                        "Startup Cost": 20000555441.63,
                                                                        "Total Cost": 20000555442.0,
                                                                        "Plan Rows": 148,
                                                                        "Plan Width": 23,
                                                                        "Actual Startup Time": 2683.48,
                                                                        "Actual Total Time": 2761.872,
                                                                        "Actual Rows": 1,
                                                                        "Actual Loops": 1,
                                                                        "Output": [
                                                                            "ci.movie_id",
                                                                            "ci.role_id",
                                                                            "n.name"
                                                                        ],
                                                                        "Sort Key": [
                                                                            "ci.movie_id"
                                                                        ],
                                                                        "Sort Method": "quicksort",
                                                                        "Sort Space Used": 25,
                                                                        "Sort Space Type": "Memory",
                                                                        "Plans": [
                                                                            {
                                                                                "Node Type": "Gather",
                                                                                "Parent Relationship": "Outer",
                                                                                "Parallel Aware": false,
                                                                                "Startup Cost": 20000484112.64,
                                                                                "Total Cost": 20000555436.3,
                                                                                "Plan Rows": 148,
                                                                                "Plan Width": 23,
                                                                                "Actual Startup Time": 2582.979,
                                                                                "Actual Total Time": 2761.831,
                                                                                "Actual Rows": 1,
                                                                                "Actual Loops": 1,
                                                                                "Output": [
                                                                                    "ci.movie_id",
                                                                                    "ci.role_id",
                                                                                    "n.name"
                                                                                ],
                                                                                "Workers Planned": 4,
                                                                                "Workers Launched": 4,
                                                                                "Single Copy": false,
                                                                                "Plans": [
                                                                                    {
                                                                                        "Node Type": "Hash Join",
                                                                                        "Parent Relationship": "Outer",
                                                                                        "Parallel Aware": true,
                                                                                        "Join Type": "Inner",
                                                                                        "Startup Cost": 20000483112.64,
                                                                                        "Total Cost": 20000554421.5,
                                                                                        "Plan Rows": 37,
                                                                                        "Plan Width": 23,
                                                                                        "Actual Startup Time": 2637.537,
                                                                                        "Actual Total Time": 2654.434,
                                                                                        "Actual Rows": 0,
                                                                                        "Actual Loops": 5,
                                                                                        "Output": [
                                                                                            "ci.movie_id",
                                                                                            "ci.role_id",
                                                                                            "n.name"
                                                                                        ],
                                                                                        "Inner Unique": false,
                                                                                        "Hash Cond": "(n.id = an.person_id)",
                                                                                        "Workers": [
                                                                                            {
                                                                                                "Worker Number": 0,
                                                                                                "Actual Startup Time": 2649.606,
                                                                                                "Actual Total Time": 2649.614,
                                                                                                "Actual Rows": 0,
                                                                                                "Actual Loops": 1
                                                                                            },
                                                                                            {
                                                                                                "Worker Number": 1,
                                                                                                "Actual Startup Time": 2649.485,
                                                                                                "Actual Total Time": 2649.491,
                                                                                                "Actual Rows": 0,
                                                                                                "Actual Loops": 1
                                                                                            },
                                                                                            {
                                                                                                "Worker Number": 2,
                                                                                                "Actual Startup Time": 2649.627,
                                                                                                "Actual Total Time": 2649.636,
                                                                                                "Actual Rows": 0,
                                                                                                "Actual Loops": 1
                                                                                            },
                                                                                            {
                                                                                                "Worker Number": 3,
                                                                                                "Actual Startup Time": 2656.568,
                                                                                                "Actual Total Time": 2656.58,
                                                                                                "Actual Rows": 0,
                                                                                                "Actual Loops": 1
                                                                                            }
                                                                                        ],
                                                                                        "Plans": [
                                                                                            {
                                                                                                "Node Type": "Hash Join",
                                                                                                "Parent Relationship": "Outer",
                                                                                                "Parallel Aware": true,
                                                                                                "Join Type": "Inner",
                                                                                                "Startup Cost": 10000465174.63,
                                                                                                "Total Cost": 10000536482.48,
                                                                                                "Plan Rows": 16,
                                                                                                "Plan Width": 31,
                                                                                                "Actual Startup Time": 2512.874,
                                                                                                "Actual Total Time": 2529.766,
                                                                                                "Actual Rows": 0,
                                                                                                "Actual Loops": 5,
                                                                                                "Output": [
                                                                                                    "ci.movie_id",
                                                                                                    "ci.person_id",
                                                                                                    "ci.role_id",
                                                                                                    "n.name",
                                                                                                    "n.id"
                                                                                                ],
                                                                                                "Inner Unique": false,
                                                                                                "Hash Cond": "(n.id = ci.person_id)",
                                                                                                "Workers": [
                                                                                                    {
                                                                                                        "Worker Number": 0,
                                                                                                        "Actual Startup Time": 2527.909,
                                                                                                        "Actual Total Time": 2527.915,
                                                                                                        "Actual Rows": 0,
                                                                                                        "Actual Loops": 1
                                                                                                    },
                                                                                                    {
                                                                                                        "Worker Number": 1,
                                                                                                        "Actual Startup Time": 2528.007,
                                                                                                        "Actual Total Time": 2528.012,
                                                                                                        "Actual Rows": 0,
                                                                                                        "Actual Loops": 1
                                                                                                    },
                                                                                                    {
                                                                                                        "Worker Number": 2,
                                                                                                        "Actual Startup Time": 2528.01,
                                                                                                        "Actual Total Time": 2528.016,
                                                                                                        "Actual Rows": 0,
                                                                                                        "Actual Loops": 1
                                                                                                    },
                                                                                                    {
                                                                                                        "Worker Number": 3,
                                                                                                        "Actual Startup Time": 2531.635,
                                                                                                        "Actual Total Time": 2531.643,
                                                                                                        "Actual Rows": 0,
                                                                                                        "Actual Loops": 1
                                                                                                    }
                                                                                                ],
                                                                                                "Plans": [
                                                                                                    {
                                                                                                        "Node Type": "Seq Scan",
                                                                                                        "Parent Relationship": "Outer",
                                                                                                        "Parallel Aware": true,
                                                                                                        "Relation Name": "name",
                                                                                                        "Schema": "public",
                                                                                                        "Alias": "n",
                                                                                                        "Startup Cost": 10000000000.0,
                                                                                                        "Total Cost": 10000071241.31,
                                                                                                        "Plan Rows": 24,
                                                                                                        "Plan Width": 19,
                                                                                                        "Actual Startup Time": 178.637,
                                                                                                        "Actual Total Time": 194.468,
                                                                                                        "Actual Rows": 0,
                                                                                                        "Actual Loops": 5,
                                                                                                        "Output": [
                                                                                                            "n.id",
                                                                                                            "n.name",
                                                                                                            "n.imdb_index",
                                                                                                            "n.imdb_id",
                                                                                                            "n.gender",
                                                                                                            "n.name_pcode_cf",
                                                                                                            "n.name_pcode_nf",
                                                                                                            "n.surname_pcode",
                                                                                                            "n.md5sum"
                                                                                                        ],
                                                                                                        "Filter": "((n.name ~~ '%Reighard,%'::text) AND ((n.gender)::text = 'f'::text))",
                                                                                                        "Rows Removed by Filter": 833498,
                                                                                                        "Workers": [
                                                                                                            {
                                                                                                                "Worker Number": 0,
                                                                                                                "Actual Startup Time": 194.48,
                                                                                                                "Actual Total Time": 194.481,
                                                                                                                "Actual Rows": 0,
                                                                                                                "Actual Loops": 1
                                                                                                            },
                                                                                                            {
                                                                                                                "Worker Number": 1,
                                                                                                                "Actual Startup Time": 194.417,
                                                                                                                "Actual Total Time": 194.417,
                                                                                                                "Actual Rows": 0,
                                                                                                                "Actual Loops": 1
                                                                                                            },
                                                                                                            {
                                                                                                                "Worker Number": 2,
                                                                                                                "Actual Startup Time": 194.502,
                                                                                                                "Actual Total Time": 194.503,
                                                                                                                "Actual Rows": 0,
                                                                                                                "Actual Loops": 1
                                                                                                            },
                                                                                                            {
                                                                                                                "Worker Number": 3,
                                                                                                                "Actual Startup Time": 194.496,
                                                                                                                "Actual Total Time": 194.497,
                                                                                                                "Actual Rows": 0,
                                                                                                                "Actual Loops": 1
                                                                                                            }
                                                                                                        ]
                                                                                                    },
                                                                                                    {
                                                                                                        "Node Type": "Hash",
                                                                                                        "Parent Relationship": "Inner",
                                                                                                        "Parallel Aware": true,
                                                                                                        "Startup Cost": 459489.88,
                                                                                                        "Total Cost": 459489.88,
                                                                                                        "Plan Rows": 454780,
                                                                                                        "Plan Width": 12,
                                                                                                        "Actual Startup Time": 2324.969,
                                                                                                        "Actual Total Time": 2326.027,
                                                                                                        "Actual Rows": 130109,
                                                                                                        "Actual Loops": 5,
                                                                                                        "Output": [
                                                                                                            "ci.movie_id",
                                                                                                            "ci.person_id",
                                                                                                            "ci.role_id"
                                                                                                        ],
                                                                                                        "Hash Buckets": 4194304,
                                                                                                        "Original Hash Buckets": 4194304,
                                                                                                        "Hash Batches": 1,
                                                                                                        "Original Hash Batches": 1,
                                                                                                        "Peak Memory Usage": 63392,
                                                                                                        "Workers": [
                                                                                                            {
                                                                                                                "Worker Number": 0,
                                                                                                                "Actual Startup Time": 2333.353,
                                                                                                                "Actual Total Time": 2333.358,
                                                                                                                "Actual Rows": 126034,
                                                                                                                "Actual Loops": 1
                                                                                                            },
                                                                                                            {
                                                                                                                "Worker Number": 1,
                                                                                                                "Actual Startup Time": 2333.305,
                                                                                                                "Actual Total Time": 2333.309,
                                                                                                                "Actual Rows": 127000,
                                                                                                                "Actual Loops": 1
                                                                                                            },
                                                                                                            {
                                                                                                                "Worker Number": 2,
                                                                                                                "Actual Startup Time": 2333.41,
                                                                                                                "Actual Total Time": 2333.415,
                                                                                                                "Actual Rows": 128273,
                                                                                                                "Actual Loops": 1
                                                                                                            },
                                                                                                            {
                                                                                                                "Worker Number": 3,
                                                                                                                "Actual Startup Time": 2291.326,
                                                                                                                "Actual Total Time": 2291.332,
                                                                                                                "Actual Rows": 118790,
                                                                                                                "Actual Loops": 1
                                                                                                            }
                                                                                                        ],
                                                                                                        "Plans": [
                                                                                                            {
                                                                                                                "Node Type": "Hash Join",
                                                                                                                "Parent Relationship": "Outer",
                                                                                                                "Parallel Aware": true,
                                                                                                                "Join Type": "Inner",
                                                                                                                "Startup Cost": 114977.14,
                                                                                                                "Total Cost": 459489.88,
                                                                                                                "Plan Rows": 454780,
                                                                                                                "Plan Width": 12,
                                                                                                                "Actual Startup Time": 911.474,
                                                                                                                "Actual Total Time": 2221.583,
                                                                                                                "Actual Rows": 130109,
                                                                                                                "Actual Loops": 5,
                                                                                                                "Output": [
                                                                                                                    "ci.movie_id",
                                                                                                                    "ci.person_id",
                                                                                                                    "ci.role_id"
                                                                                                                ],
                                                                                                                "Inner Unique": true,
                                                                                                                "Hash Cond": "(ci.person_role_id = chn.id)",
                                                                                                                "Workers": [
                                                                                                                    {
                                                                                                                        "Worker Number": 0,
                                                                                                                        "Actual Startup Time": 911.38,
                                                                                                                        "Actual Total Time": 2219.639,
                                                                                                                        "Actual Rows": 126034,
                                                                                                                        "Actual Loops": 1
                                                                                                                    },
                                                                                                                    {
                                                                                                                        "Worker Number": 1,
                                                                                                                        "Actual Startup Time": 911.454,
                                                                                                                        "Actual Total Time": 2224.758,
                                                                                                                        "Actual Rows": 127000,
                                                                                                                        "Actual Loops": 1
                                                                                                                    },
                                                                                                                    {
                                                                                                                        "Worker Number": 2,
                                                                                                                        "Actual Startup Time": 911.371,
                                                                                                                        "Actual Total Time": 2217.411,
                                                                                                                        "Actual Rows": 128273,
                                                                                                                        "Actual Loops": 1
                                                                                                                    },
                                                                                                                    {
                                                                                                                        "Worker Number": 3,
                                                                                                                        "Actual Startup Time": 911.733,
                                                                                                                        "Actual Total Time": 2223.254,
                                                                                                                        "Actual Rows": 118790,
                                                                                                                        "Actual Loops": 1
                                                                                                                    }
                                                                                                                ],
                                                                                                                "Plans": [
                                                                                                                    {
                                                                                                                        "Node Type": "Seq Scan",
                                                                                                                        "Parent Relationship": "Outer",
                                                                                                                        "Parallel Aware": true,
                                                                                                                        "Relation Name": "cast_info",
                                                                                                                        "Schema": "public",
                                                                                                                        "Alias": "ci",
                                                                                                                        "Startup Cost": 0.0,
                                                                                                                        "Total Cost": 343318.94,
                                                                                                                        "Plan Rows": 454780,
                                                                                                                        "Plan Width": 16,
                                                                                                                        "Actual Startup Time": 0.049,
                                                                                                                        "Actual Total Time": 1207.21,
                                                                                                                        "Actual Rows": 560548,
                                                                                                                        "Actual Loops": 5,
                                                                                                                        "Output": [
                                                                                                                            "ci.id",
                                                                                                                            "ci.person_id",
                                                                                                                            "ci.movie_id",
                                                                                                                            "ci.person_role_id",
                                                                                                                            "ci.note",
                                                                                                                            "ci.nr_order",
                                                                                                                            "ci.role_id"
                                                                                                                        ],
                                                                                                                        "Filter": "(ci.note = ANY ('{(voice),(writer),(producer),\"(as Dominique) (credit only)\"}'::text[]))",
                                                                                                                        "Rows Removed by Filter": 6688321,
                                                                                                                        "Workers": [
                                                                                                                            {
                                                                                                                                "Worker Number": 0,
                                                                                                                                "Actual Startup Time": 0.029,
                                                                                                                                "Actual Total Time": 1210.688,
                                                                                                                                "Actual Rows": 547567,
                                                                                                                                "Actual Loops": 1
                                                                                                                            },
                                                                                                                            {
                                                                                                                                "Worker Number": 1,
                                                                                                                                "Actual Startup Time": 0.08,
                                                                                                                                "Actual Total Time": 1211.702,
                                                                                                                                "Actual Rows": 542738,
                                                                                                                                "Actual Loops": 1
                                                                                                                            },
                                                                                                                            {
                                                                                                                                "Worker Number": 2,
                                                                                                                                "Actual Startup Time": 0.035,
                                                                                                                                "Actual Total Time": 1207.002,
                                                                                                                                "Actual Rows": 548807,
                                                                                                                                "Actual Loops": 1
                                                                                                                            },
                                                                                                                            {
                                                                                                                                "Worker Number": 3,
                                                                                                                                "Actual Startup Time": 0.064,
                                                                                                                                "Actual Total Time": 1211.721,
                                                                                                                                "Actual Rows": 518377,
                                                                                                                                "Actual Loops": 1
                                                                                                                            }
                                                                                                                        ]
                                                                                                                    },
                                                                                                                    {
                                                                                                                        "Node Type": "Hash",
                                                                                                                        "Parent Relationship": "Inner",
                                                                                                                        "Parallel Aware": true,
                                                                                                                        "Startup Cost": 105163.93,
                                                                                                                        "Total Cost": 105163.93,
                                                                                                                        "Plan Rows": 785057,
                                                                                                                        "Plan Width": 4,
                                                                                                                        "Actual Startup Time": 902.926,
                                                                                                                        "Actual Total Time": 902.927,
                                                                                                                        "Actual Rows": 628068,
                                                                                                                        "Actual Loops": 5,
                                                                                                                        "Output": [
                                                                                                                            "chn.id"
                                                                                                                        ],
                                                                                                                        "Hash Buckets": 4194304,
                                                                                                                        "Original Hash Buckets": 4194304,
                                                                                                                        "Hash Batches": 1,
                                                                                                                        "Original Hash Batches": 1,
                                                                                                                        "Peak Memory Usage": 155680,
                                                                                                                        "Workers": [
                                                                                                                            {
                                                                                                                                "Worker Number": 0,
                                                                                                                                "Actual Startup Time": 911.21,
                                                                                                                                "Actual Total Time": 911.211,
                                                                                                                                "Actual Rows": 636975,
                                                                                                                                "Actual Loops": 1
                                                                                                                            },
                                                                                                                            {
                                                                                                                                "Worker Number": 1,
                                                                                                                                "Actual Startup Time": 911.217,
                                                                                                                                "Actual Total Time": 911.218,
                                                                                                                                "Actual Rows": 643357,
                                                                                                                                "Actual Loops": 1
                                                                                                                            },
                                                                                                                            {
                                                                                                                                "Worker Number": 2,
                                                                                                                                "Actual Startup Time": 911.251,
                                                                                                                                "Actual Total Time": 911.252,
                                                                                                                                "Actual Rows": 637039,
                                                                                                                                "Actual Loops": 1
                                                                                                                            },
                                                                                                                            {
                                                                                                                                "Worker Number": 3,
                                                                                                                                "Actual Startup Time": 869.652,
                                                                                                                                "Actual Total Time": 869.654,
                                                                                                                                "Actual Rows": 546083,
                                                                                                                                "Actual Loops": 1
                                                                                                                            }
                                                                                                                        ],
                                                                                                                        "Plans": [
                                                                                                                            {
                                                                                                                                "Node Type": "Index Scan",
                                                                                                                                "Parent Relationship": "Outer",
                                                                                                                                "Parallel Aware": true,
                                                                                                                                "Scan Direction": "Forward",
                                                                                                                                "Index Name": "char_name_pkey",
                                                                                                                                "Relation Name": "char_name",
                                                                                                                                "Schema": "public",
                                                                                                                                "Alias": "chn",
                                                                                                                                "Startup Cost": 0.43,
                                                                                                                                "Total Cost": 105163.93,
                                                                                                                                "Plan Rows": 785057,
                                                                                                                                "Plan Width": 4,
                                                                                                                                "Actual Startup Time": 0.076,
                                                                                                                                "Actual Total Time": 535.018,
                                                                                                                                "Actual Rows": 628068,
                                                                                                                                "Actual Loops": 5,
                                                                                                                                "Output": [
                                                                                                                                    "chn.id"
                                                                                                                                ],
                                                                                                                                "Workers": [
                                                                                                                                    {
                                                                                                                                        "Worker Number": 0,
                                                                                                                                        "Actual Startup Time": 0.119,
                                                                                                                                        "Actual Total Time": 532.81,
                                                                                                                                        "Actual Rows": 636975,
                                                                                                                                        "Actual Loops": 1
                                                                                                                                    },
                                                                                                                                    {
                                                                                                                                        "Worker Number": 1,
                                                                                                                                        "Actual Startup Time": 0.084,
                                                                                                                                        "Actual Total Time": 532.815,
                                                                                                                                        "Actual Rows": 643357,
                                                                                                                                        "Actual Loops": 1
                                                                                                                                    },
                                                                                                                                    {
                                                                                                                                        "Worker Number": 2,
                                                                                                                                        "Actual Startup Time": 0.061,
                                                                                                                                        "Actual Total Time": 532.628,
                                                                                                                                        "Actual Rows": 637039,
                                                                                                                                        "Actual Loops": 1
                                                                                                                                    },
                                                                                                                                    {
                                                                                                                                        "Worker Number": 3,
                                                                                                                                        "Actual Startup Time": 0.08,
                                                                                                                                        "Actual Total Time": 554.213,
                                                                                                                                        "Actual Rows": 546083,
                                                                                                                                        "Actual Loops": 1
                                                                                                                                    }
                                                                                                                                ]
                                                                                                                            }
                                                                                                                        ]
                                                                                                                    }
                                                                                                                ]
                                                                                                            }
                                                                                                        ]
                                                                                                    }
                                                                                                ]
                                                                                            },
                                                                                            {
                                                                                                "Node Type": "Hash",
                                                                                                "Parent Relationship": "Inner",
                                                                                                "Parallel Aware": true,
                                                                                                "Startup Cost": 10000014303.56,
                                                                                                "Total Cost": 10000014303.56,
                                                                                                "Plan Rows": 290756,
                                                                                                "Plan Width": 4,
                                                                                                "Actual Startup Time": 121.115,
                                                                                                "Actual Total Time": 121.116,
                                                                                                "Actual Rows": 180269,
                                                                                                "Actual Loops": 5,
                                                                                                "Output": [
                                                                                                    "an.person_id"
                                                                                                ],
                                                                                                "Hash Buckets": 1048576,
                                                                                                "Original Hash Buckets": 1048576,
                                                                                                "Hash Batches": 1,
                                                                                                "Original Hash Batches": 1,
                                                                                                "Peak Memory Usage": 43552,
                                                                                                "Workers": [
                                                                                                    {
                                                                                                        "Worker Number": 0,
                                                                                                        "Actual Startup Time": 120.757,
                                                                                                        "Actual Total Time": 120.758,
                                                                                                        "Actual Rows": 169717,
                                                                                                        "Actual Loops": 1
                                                                                                    },
                                                                                                    {
                                                                                                        "Worker Number": 1,
                                                                                                        "Actual Startup Time": 120.751,
                                                                                                        "Actual Total Time": 120.752,
                                                                                                        "Actual Rows": 171488,
                                                                                                        "Actual Loops": 1
                                                                                                    },
                                                                                                    {
                                                                                                        "Worker Number": 2,
                                                                                                        "Actual Startup Time": 120.796,
                                                                                                        "Actual Total Time": 120.797,
                                                                                                        "Actual Rows": 168999,
                                                                                                        "Actual Loops": 1
                                                                                                    },
                                                                                                    {
                                                                                                        "Worker Number": 3,
                                                                                                        "Actual Startup Time": 121.387,
                                                                                                        "Actual Total Time": 121.388,
                                                                                                        "Actual Rows": 156313,
                                                                                                        "Actual Loops": 1
                                                                                                    }
                                                                                                ],
                                                                                                "Plans": [
                                                                                                    {
                                                                                                        "Node Type": "Seq Scan",
                                                                                                        "Parent Relationship": "Outer",
                                                                                                        "Parallel Aware": true,
                                                                                                        "Relation Name": "aka_name",
                                                                                                        "Schema": "public",
                                                                                                        "Alias": "an",
                                                                                                        "Startup Cost": 10000000000.0,
                                                                                                        "Total Cost": 10000014303.56,
                                                                                                        "Plan Rows": 290756,
                                                                                                        "Plan Width": 4,
                                                                                                        "Actual Startup Time": 0.062,
                                                                                                        "Actual Total Time": 45.471,
                                                                                                        "Actual Rows": 180269,
                                                                                                        "Actual Loops": 5,
                                                                                                        "Output": [
                                                                                                            "an.person_id"
                                                                                                        ],
                                                                                                        "Workers": [
                                                                                                            {
                                                                                                                "Worker Number": 0,
                                                                                                                "Actual Startup Time": 0.075,
                                                                                                                "Actual Total Time": 47.184,
                                                                                                                "Actual Rows": 169717,
                                                                                                                "Actual Loops": 1
                                                                                                            },
                                                                                                            {
                                                                                                                "Worker Number": 1,
                                                                                                                "Actual Startup Time": 0.067,
                                                                                                                "Actual Total Time": 47.012,
                                                                                                                "Actual Rows": 171488,
                                                                                                                "Actual Loops": 1
                                                                                                            },
                                                                                                            {
                                                                                                                "Worker Number": 2,
                                                                                                                "Actual Startup Time": 0.084,
                                                                                                                "Actual Total Time": 46.936,
                                                                                                                "Actual Rows": 168999,
                                                                                                                "Actual Loops": 1
                                                                                                            },
                                                                                                            {
                                                                                                                "Worker Number": 3,
                                                                                                                "Actual Startup Time": 0.058,
                                                                                                                "Actual Total Time": 46.162,
                                                                                                                "Actual Rows": 156313,
                                                                                                                "Actual Loops": 1
                                                                                                            }
                                                                                                        ]
                                                                                                    }
                                                                                                ]
                                                                                            }
                                                                                        ]
                                                                                    }
                                                                                ]
                                                                            }
                                                                        ]
                                                                    }
                                                                ]
                                                            }
                                                        ]
                                                    }
                                                ]
                                            },
                                            {
                                                "Node Type": "Hash",
                                                "Parent Relationship": "Inner",
                                                "Parallel Aware": false,
                                                "Startup Cost": 12.35,
                                                "Total Cost": 12.35,
                                                "Plan Rows": 1,
                                                "Plan Width": 4,
                                                "Actual Startup Time": 0.013,
                                                "Actual Total Time": 0.015,
                                                "Actual Rows": 1,
                                                "Actual Loops": 1,
                                                "Output": [
                                                    "rt.id"
                                                ],
                                                "Hash Buckets": 1024,
                                                "Original Hash Buckets": 1024,
                                                "Hash Batches": 1,
                                                "Original Hash Batches": 1,
                                                "Peak Memory Usage": 9,
                                                "Plans": [
                                                    {
                                                        "Node Type": "Index Scan",
                                                        "Parent Relationship": "Outer",
                                                        "Parallel Aware": false,
                                                        "Scan Direction": "Forward",
                                                        "Index Name": "role_type_pkey",
                                                        "Relation Name": "role_type",
                                                        "Schema": "public",
                                                        "Alias": "rt",
                                                        "Startup Cost": 0.14,
                                                        "Total Cost": 12.35,
                                                        "Plan Rows": 1,
                                                        "Plan Width": 4,
                                                        "Actual Startup Time": 0.009,
                                                        "Actual Total Time": 0.013,
                                                        "Actual Rows": 1,
                                                        "Actual Loops": 1,
                                                        "Output": [
                                                            "rt.id"
                                                        ],
                                                        "Filter": "((rt.role)::text = 'actress'::text)",
                                                        "Rows Removed by Filter": 11
                                                    }
                                                ]
                                            }
                                        ]
                                    },
                                    {
                                        "Node Type": "Index Scan",
                                        "Parent Relationship": "Inner",
                                        "Parallel Aware": false,
                                        "Scan Direction": "Forward",
                                        "Index Name": "movie_id_movie_info",
                                        "Relation Name": "movie_info",
                                        "Schema": "public",
                                        "Alias": "mi",
                                        "Startup Cost": 0.43,
                                        "Total Cost": 1.63,
                                        "Plan Rows": 1,
                                        "Plan Width": 8,
                                        "Actual Startup Time": 0.033,
                                        "Actual Total Time": 0.043,
                                        "Actual Rows": 1,
                                        "Actual Loops": 1,
                                        "Output": [
                                            "mi.id",
                                            "mi.movie_id",
                                            "mi.info_type_id",
                                            "mi.info",
                                            "mi.note"
                                        ],
                                        "Index Cond": "(mi.movie_id = ci.movie_id)",
                                        "Rows Removed by Index Recheck": 0,
                                        "Filter": "((mi.info IS NOT NULL) AND ((mi.info ~~ 'Japan:%200%'::text) OR (mi.info ~~ 'USA:%200%'::text)))",
                                        "Rows Removed by Filter": 6
                                    }
                                ]
                            },
                            {
                                "Node Type": "Hash",
                                "Parent Relationship": "Inner",
                                "Parallel Aware": false,
                                "Startup Cost": 14.12,
                                "Total Cost": 14.12,
                                "Plan Rows": 1,
                                "Plan Width": 4,
                                "Actual Startup Time": 0.055,
                                "Actual Total Time": 0.056,
                                "Actual Rows": 1,
                                "Actual Loops": 1,
                                "Output": [
                                    "it.id"
                                ],
                                "Hash Buckets": 1024,
                                "Original Hash Buckets": 1024,
                                "Hash Batches": 1,
                                "Original Hash Batches": 1,
                                "Peak Memory Usage": 9,
                                "Plans": [
                                    {
                                        "Node Type": "Index Scan",
                                        "Parent Relationship": "Outer",
                                        "Parallel Aware": false,
                                        "Scan Direction": "Forward",
                                        "Index Name": "info_type_pkey",
                                        "Relation Name": "info_type",
                                        "Schema": "public",
                                        "Alias": "it",
                                        "Startup Cost": 0.14,
                                        "Total Cost": 14.12,
                                        "Plan Rows": 1,
                                        "Plan Width": 4,
                                        "Actual Startup Time": 0.026,
                                        "Actual Total Time": 0.051,
                                        "Actual Rows": 1,
                                        "Actual Loops": 1,
                                        "Output": [
                                            "it.id"
                                        ],
                                        "Filter": "((it.info)::text = 'release dates'::text)",
                                        "Rows Removed by Filter": 112
                                    }
                                ]
                            }
                        ]
                    },
                    {
                        "Node Type": "Bitmap Heap Scan",
                        "Parent Relationship": "Inner",
                        "Parallel Aware": false,
                        "Relation Name": "company_name",
                        "Schema": "public",
                        "Alias": "cn",
                        "Startup Cost": 0.44,
                        "Total Cost": 4.45,
                        "Plan Rows": 1,
                        "Plan Width": 4,
                        "Actual Startup Time": 0.018,
                        "Actual Total Time": 0.019,
                        "Actual Rows": 1,
                        "Actual Loops": 1,
                        "Output": [
                            "cn.id",
                            "cn.name",
                            "cn.country_code",
                            "cn.imdb_id",
                            "cn.name_pcode_nf",
                            "cn.name_pcode_sf",
                            "cn.md5sum"
                        ],
                        "Recheck Cond": "(cn.id = mc.company_id)",
                        "Rows Removed by Index Recheck": 0,
                        "Filter": "((cn.country_code)::text = '[us]'::text)",
                        "Rows Removed by Filter": 0,
                        "Exact Heap Blocks": 1,
                        "Lossy Heap Blocks": 0,
                        "Plans": [
                            {
                                "Node Type": "Bitmap Index Scan",
                                "Parent Relationship": "Outer",
                                "Parallel Aware": false,
                                "Index Name": "company_name_pkey",
                                "Startup Cost": 0.0,
                                "Total Cost": 0.44,
                                "Plan Rows": 1,
                                "Plan Width": 0,
                                "Actual Startup Time": 0.01,
                                "Actual Total Time": 0.011,
                                "Actual Rows": 1,
                                "Actual Loops": 1,
                                "Index Cond": "(cn.id = mc.company_id)"
                            }
                        ]
                    }
                ]
            }
        ]
    },
    "Planning Time": 18.699,
    "Triggers": [],
    "Execution Time": 3770.786
}