[
  {
    "Plan": {
      "Node Type": "Aggregate",
      "Strategy": "Plain",
      "Partial Mode": "Finalize",
      "Parallel Aware": false,
      "Startup Cost": 420003.35,
      "Total Cost": 420003.36,
      "Plan Rows": 1,
      "Plan Width": 8,
      "Actual Startup Time": 1249.704,
      "Actual Total Time": 1304.36,
      "Actual Rows": 1,
      "Actual Loops": 1,
      "Plans": [
        {
          "Node Type": "Gather",
          "Parent Relationship": "Outer",
          "Parallel Aware": false,
          "Startup Cost": 420002.72,
          "Total Cost": 420003.33,
          "Plan Rows": 6,
          "Plan Width": 8,
          "Actual Startup Time": 1236.519,
          "Actual Total Time": 1304.338,
          "Actual Rows": 7,
          "Actual Loops": 1,
          "Workers Planned": 6,
          "Workers Launched": 6,
          "Single Copy": false,
          "Plans": [
            {
              "Node Type": "Aggregate",
              "Strategy": "Plain",
              "Partial Mode": "Partial",
              "Parent Relationship": "Outer",
              "Parallel Aware": false,
              "Startup Cost": 419002.72,
              "Total Cost": 419002.73,
              "Plan Rows": 1,
              "Plan Width": 8,
              "Actual Startup Time": 1220.36,
              "Actual Total Time": 1220.588,
              "Actual Rows": 1,
              "Actual Loops": 7,
              "Plans": [
                {
                  "Node Type": "Hash Join",
                  "Parent Relationship": "Outer",
                  "Parallel Aware": true,
                  "Join Type": "Inner",
                  "Startup Cost": 83993.23,
                  "Total Cost": 417703.82,
                  "Plan Rows": 519562,
                  "Plan Width": 0,
                  "Actual Startup Time": 389.125,
                  "Actual Total Time": 1199.428,
                  "Actual Rows": 412624,
                  "Actual Loops": 7,
                  "Inner Unique": false,
                  "Hash Cond": "(ci.movie_id = t.id)",
                  "Plans": [
                    {
                      "Node Type": "Seq Scan",
                      "Parent Relationship": "Outer",
                      "Parallel Aware": true,
                      "Relation Name": "cast_info",
                      "Alias": "ci",
                      "Startup Cost": 0.0,
                      "Total Cost": 328211.39,
                      "Plan Rows": 1019517,
                      "Plan Width": 4,
                      "Actual Startup Time": 0.044,
                      "Actual Total Time": 581.908,
                      "Actual Rows": 898604,
                      "Actual Loops": 7,
                      "Filter": "(person_id < 606448)",
                      "Rows Removed by Filter": 4279160
                    },
                    {
                      "Node Type": "Hash",
                      "Parent Relationship": "Inner",
                      "Parallel Aware": true,
                      "Startup Cost": 78797.56,
                      "Total Cost": 78797.56,
                      "Plan Rows": 415653,
                      "Plan Width": 8,
                      "Actual Startup Time": 383.935,
                      "Actual Total Time": 384.161,
                      "Actual Rows": 76580,
                      "Actual Loops": 7,
                      "Hash Buckets": 2097152,
                      "Original Hash Buckets": 2097152,
                      "Hash Batches": 1,
                      "Original Hash Batches": 1,
                      "Peak Memory Usage": 37440,
                      "Plans": [
                        {
                          "Node Type": "Hash Join",
                          "Parent Relationship": "Outer",
                          "Parallel Aware": true,
                          "Join Type": "Inner",
                          "Startup Cost": 49381.67,
                          "Total Cost": 78797.56,
                          "Plan Rows": 415653,
                          "Plan Width": 8,
                          "Actual Startup Time": 194.775,
                          "Actual Total Time": 342.723,
                          "Actual Rows": 76580,
                          "Actual Loops": 7,
                          "Inner Unique": true,
                          "Hash Cond": "(mc.movie_id = t.id)",
                          "Plans": [
                            {
                              "Node Type": "Seq Scan",
                              "Parent Relationship": "Outer",
                              "Parallel Aware": true,
                              "Relation Name": "movie_companies",
                              "Alias": "mc",
                              "Startup Cost": 0.0,
                              "Total Cost": 27206.55,
                              "Plan Rows": 841655,
                              "Plan Width": 4,
                              "Actual Startup Time": 0.013,
                              "Actual Total Time": 43.809,
                              "Actual Rows": 372733,
                              "Actual Loops": 7
                            },
                            {
                              "Node Type": "Hash",
                              "Parent Relationship": "Inner",
                              "Parallel Aware": true,
                              "Startup Cost": 45479.59,
                              "Total Cost": 45479.59,
                              "Plan Rows": 312167,
                              "Plan Width": 4,
                              "Actual Startup Time": 192.291,
                              "Actual Total Time": 192.292,
                              "Actual Rows": 189225,
                              "Actual Loops": 7,
                              "Hash Buckets": 2097152,
                              "Original Hash Buckets": 2097152,
                              "Hash Batches": 1,
                              "Original Hash Batches": 1,
                              "Peak Memory Usage": 68320,
                              "Plans": [
                                {
                                  "Node Type": "Seq Scan",
                                  "Parent Relationship": "Outer",
                                  "Parallel Aware": true,
                                  "Relation Name": "title",
                                  "Alias": "t",
                                  "Startup Cost": 0.0,
                                  "Total Cost": 45479.59,
                                  "Plan Rows": 312167,
                                  "Plan Width": 4,
                                  "Actual Startup Time": 0.054,
                                  "Actual Total Time": 87.194,
                                  "Actual Rows": 189225,
                                  "Actual Loops": 7,
                                  "Filter": "((production_year > 1973) AND (kind_id = 7))",
                                  "Rows Removed by Filter": 171962
                                }
                              ]
                            }
                          ]
                        }
                      ]
                    }
                  ]
                }
              ]
            }
          ]
        }
      ]
    },
    "Planning Time": 1.419,
    "Triggers": [],
    "Execution Time": 1304.465
  }
]