[
  {
    "Plan": {
      "Node Type": "Aggregate",
      "Strategy": "Plain",
      "Partial Mode": "Finalize",
      "Parallel Aware": false,
      "Startup Cost": 74897.63,
      "Total Cost": 74897.64,
      "Plan Rows": 1,
      "Plan Width": 32,
      "Actual Startup Time": 158.038,
      "Actual Total Time": 171.178,
      "Actual Rows": 1,
      "Actual Loops": 1,
      "Plans": [
        {
          "Node Type": "Gather",
          "Parent Relationship": "Outer",
          "Parallel Aware": false,
          "Startup Cost": 74897.32,
          "Total Cost": 74897.63,
          "Plan Rows": 3,
          "Plan Width": 32,
          "Actual Startup Time": 157.961,
          "Actual Total Time": 171.169,
          "Actual Rows": 4,
          "Actual Loops": 1,
          "Workers Planned": 3,
          "Workers Launched": 3,
          "Single Copy": false,
          "Plans": [
            {
              "Node Type": "Aggregate",
              "Strategy": "Plain",
              "Partial Mode": "Partial",
              "Parent Relationship": "Outer",
              "Parallel Aware": false,
              "Startup Cost": 73897.32,
              "Total Cost": 73897.33,
              "Plan Rows": 1,
              "Plan Width": 32,
              "Actual Startup Time": 148.25,
              "Actual Total Time": 148.255,
              "Actual Rows": 1,
              "Actual Loops": 4,
              "Plans": [
                {
                  "Node Type": "Hash Join",
                  "Parent Relationship": "Outer",
                  "Parallel Aware": false,
                  "Join Type": "Inner",
                  "Startup Cost": 5.47,
                  "Total Cost": 73831.68,
                  "Plan Rows": 26253,
                  "Plan Width": 17,
                  "Actual Startup Time": 96.393,
                  "Actual Total Time": 148.169,
                  "Actual Rows": 326,
                  "Actual Loops": 4,
                  "Inner Unique": true,
                  "Hash Cond": "(mi.info_type_id = it.id)",
                  "Plans": [
                    {
                      "Node Type": "Nested Loop",
                      "Parent Relationship": "Outer",
                      "Parallel Aware": false,
                      "Join Type": "Inner",
                      "Startup Cost": 1.93,
                      "Total Cost": 73756.65,
                      "Plan Rows": 26253,
                      "Plan Width": 21,
                      "Actual Startup Time": 96.307,
                      "Actual Total Time": 147.909,
                      "Actual Rows": 326,
                      "Actual Loops": 4,
                      "Inner Unique": false,
                      "Plans": [
                        {
                          "Node Type": "Nested Loop",
                          "Parent Relationship": "Outer",
                          "Parallel Aware": false,
                          "Join Type": "Inner",
                          "Startup Cost": 1.49,
                          "Total Cost": 52899.32,
                          "Plan Rows": 9270,
                          "Plan Width": 25,
                          "Actual Startup Time": 96.144,
                          "Actual Total Time": 131.739,
                          "Actual Rows": 189,
                          "Actual Loops": 4,
                          "Inner Unique": true,
                          "Plans": [
                            {
                              "Node Type": "Hash Join",
                              "Parent Relationship": "Outer",
                              "Parallel Aware": false,
                              "Join Type": "Inner",
                              "Startup Cost": 1.06,
                              "Total Cost": 31735.32,
                              "Plan Rows": 14772,
                              "Plan Width": 4,
                              "Actual Startup Time": 95.919,
                              "Actual Total Time": 127.915,
                              "Actual Rows": 200,
                              "Actual Loops": 4,
                              "Inner Unique": true,
                              "Hash Cond": "(mc.company_type_id = ct.id)",
                              "Plans": [
                                {
                                  "Node Type": "Seq Scan",
                                  "Parent Relationship": "Outer",
                                  "Parallel Aware": true,
                                  "Relation Name": "movie_companies",
                                  "Alias": "mc",
                                  "Startup Cost": 0.0,
                                  "Total Cost": 31414.82,
                                  "Plan Rows": 59087,
                                  "Plan Width": 8,
                                  "Actual Startup Time": 0.092,
                                  "Actual Total Time": 121.775,
                                  "Actual Rows": 73907,
                                  "Actual Loops": 4,
                                  "Filter": "((note !~~ '%(TV)%'::text) AND (note ~~ '%(USA)%'::text))",
                                  "Rows Removed by Filter": 578375
                                },
                                {
                                  "Node Type": "Hash",
                                  "Parent Relationship": "Inner",
                                  "Parallel Aware": false,
                                  "Startup Cost": 1.05,
                                  "Total Cost": 1.05,
                                  "Plan Rows": 1,
                                  "Plan Width": 4,
                                  "Actual Startup Time": 0.07,
                                  "Actual Total Time": 0.071,
                                  "Actual Rows": 1,
                                  "Actual Loops": 4,
                                  "Hash Buckets": 1024,
                                  "Original Hash Buckets": 1024,
                                  "Hash Batches": 1,
                                  "Original Hash Batches": 1,
                                  "Peak Memory Usage": 9,
                                  "Plans": [
                                    {
                                      "Node Type": "Seq Scan",
                                      "Parent Relationship": "Outer",
                                      "Parallel Aware": false,
                                      "Relation Name": "company_type",
                                      "Alias": "ct",
                                      "Startup Cost": 0.0,
                                      "Total Cost": 1.05,
                                      "Plan Rows": 1,
                                      "Plan Width": 4,
                                      "Actual Startup Time": 0.049,
                                      "Actual Total Time": 0.052,
                                      "Actual Rows": 1,
                                      "Actual Loops": 4,
                                      "Filter": "((kind)::text = 'production companies'::text)",
                                      "Rows Removed by Filter": 3
                                    }
                                  ]
                                }
                              ]
                            },
                            {
                              "Node Type": "Index Scan",
                              "Parent Relationship": "Inner",
                              "Parallel Aware": false,
                              "Scan Direction": "Forward",
                              "Index Name": "title_pkey",
                              "Relation Name": "title",
                              "Alias": "t",
                              "Startup Cost": 0.43,
                              "Total Cost": 1.43,
                              "Plan Rows": 1,
                              "Plan Width": 21,
                              "Actual Startup Time": 0.018,
                              "Actual Total Time": 0.018,
                              "Actual Rows": 1,
                              "Actual Loops": 798,
                              "Index Cond": "(id = mc.movie_id)",
                              "Rows Removed by Index Recheck": 0,
                              "Filter": "(production_year > 1996)",
                              "Rows Removed by Filter": 0
                            }
                          ]
                        },
                        {
                          "Node Type": "Index Scan",
                          "Parent Relationship": "Inner",
                          "Parallel Aware": false,
                          "Scan Direction": "Forward",
                          "Index Name": "movie_id_movie_info",
                          "Relation Name": "movie_info",
                          "Alias": "mi",
                          "Startup Cost": 0.43,
                          "Total Cost": 2.21,
                          "Plan Rows": 4,
                          "Plan Width": 8,
                          "Actual Startup Time": 0.03,
                          "Actual Total Time": 0.085,
                          "Actual Rows": 2,
                          "Actual Loops": 756,
                          "Index Cond": "(movie_id = t.id)",
                          "Rows Removed by Index Recheck": 0,
                          "Filter": "(info = ANY ('{Swedish,Denish,Sweden,Norwegian,Norway,German,Danish,Bulgaria,English,USA}'::text[]))",
                          "Rows Removed by Filter": 9
                        }
                      ]
                    },
                    {
                      "Node Type": "Hash",
                      "Parent Relationship": "Inner",
                      "Parallel Aware": false,
                      "Startup Cost": 2.13,
                      "Total Cost": 2.13,
                      "Plan Rows": 113,
                      "Plan Width": 4,
                      "Actual Startup Time": 0.055,
                      "Actual Total Time": 0.056,
                      "Actual Rows": 113,
                      "Actual Loops": 4,
                      "Hash Buckets": 1024,
                      "Original Hash Buckets": 1024,
                      "Hash Batches": 1,
                      "Original Hash Batches": 1,
                      "Peak Memory Usage": 12,
                      "Plans": [
                        {
                          "Node Type": "Seq Scan",
                          "Parent Relationship": "Outer",
                          "Parallel Aware": false,
                          "Relation Name": "info_type",
                          "Alias": "it",
                          "Startup Cost": 0.0,
                          "Total Cost": 2.13,
                          "Plan Rows": 113,
                          "Plan Width": 4,
                          "Actual Startup Time": 0.024,
                          "Actual Total Time": 0.033,
                          "Actual Rows": 113,
                          "Actual Loops": 4
                        }
                      ]
                    }
                  ]
                }
              ]
            }
          ]
        }
      ]
    },
    "Planning Time": 8.614,
    "Triggers": [],
    "Execution Time": 171.539
  }
]