[
    {
        "Bao": {
            "Bao prediction": "NaN",
            "Bao recommended hint": "(no hint)"
        }
    },
    {
        "Plan": {
            "Node Type": "Aggregate",
            "Strategy": "Plain",
            "Partial Mode": "Finalize",
            "Parallel Aware": false,
            "Startup Cost": 338288.02,
            "Total Cost": 338288.03,
            "Plan Rows": 1,
            "Plan Width": 8,
            "Actual Startup Time": 795.816,
            "Actual Total Time": 825.756,
            "Actual Rows": 1,
            "Actual Loops": 1,
            "Output": [
                "count(*)"
            ],
            "Plans": [
                {
                    "Node Type": "Gather",
                    "Parent Relationship": "Outer",
                    "Parallel Aware": false,
                    "Startup Cost": 338287.4,
                    "Total Cost": 338288.01,
                    "Plan Rows": 6,
                    "Plan Width": 8,
                    "Actual Startup Time": 795.679,
                    "Actual Total Time": 825.746,
                    "Actual Rows": 7,
                    "Actual Loops": 1,
                    "Output": [
                        "(PARTIAL count(*))"
                    ],
                    "Workers Planned": 6,
                    "Workers Launched": 6,
                    "Single Copy": false,
                    "Plans": [
                        {
                            "Node Type": "Aggregate",
                            "Strategy": "Plain",
                            "Partial Mode": "Partial",
                            "Parent Relationship": "Outer",
                            "Parallel Aware": false,
                            "Startup Cost": 337287.4,
                            "Total Cost": 337287.41,
                            "Plan Rows": 1,
                            "Plan Width": 8,
                            "Actual Startup Time": 785.669,
                            "Actual Total Time": 785.67,
                            "Actual Rows": 1,
                            "Actual Loops": 7,
                            "Output": [
                                "PARTIAL count(*)"
                            ],
                            "Workers": [
                                {
                                    "Worker Number": 0,
                                    "Actual Startup Time": 783.308,
                                    "Actual Total Time": 783.309,
                                    "Actual Rows": 1,
                                    "Actual Loops": 1
                                },
                                {
                                    "Worker Number": 1,
                                    "Actual Startup Time": 783.571,
                                    "Actual Total Time": 783.572,
                                    "Actual Rows": 1,
                                    "Actual Loops": 1
                                },
                                {
                                    "Worker Number": 2,
                                    "Actual Startup Time": 783.948,
                                    "Actual Total Time": 783.948,
                                    "Actual Rows": 1,
                                    "Actual Loops": 1
                                },
                                {
                                    "Worker Number": 3,
                                    "Actual Startup Time": 784.552,
                                    "Actual Total Time": 784.553,
                                    "Actual Rows": 1,
                                    "Actual Loops": 1
                                },
                                {
                                    "Worker Number": 4,
                                    "Actual Startup Time": 784.627,
                                    "Actual Total Time": 784.628,
                                    "Actual Rows": 1,
                                    "Actual Loops": 1
                                },
                                {
                                    "Worker Number": 5,
                                    "Actual Startup Time": 784.81,
                                    "Actual Total Time": 784.811,
                                    "Actual Rows": 1,
                                    "Actual Loops": 1
                                }
                            ],
                            "Plans": [
                                {
                                    "Node Type": "Seq Scan",
                                    "Parent Relationship": "Outer",
                                    "Parallel Aware": true,
                                    "Relation Name": "cast_info",
                                    "Schema": "public",
                                    "Alias": "ci",
                                    "Startup Cost": 0.0,
                                    "Total Cost": 328213.62,
                                    "Plan Rows": 3629512,
                                    "Plan Width": 0,
                                    "Actual Startup Time": 164.996,
                                    "Actual Total Time": 626.003,
                                    "Actual Rows": 3113087,
                                    "Actual Loops": 7,
                                    "Output": [
                                        "id",
                                        "person_id",
                                        "movie_id",
                                        "person_role_id",
                                        "note",
                                        "nr_order",
                                        "role_id"
                                    ],
                                    "Filter": "(ci.person_id > 1423339)",
                                    "Rows Removed by Filter": 2064676,
                                    "Workers": [
                                        {
                                            "Worker Number": 0,
                                            "Actual Startup Time": 162.638,
                                            "Actual Total Time": 624.617,
                                            "Actual Rows": 2408614,
                                            "Actual Loops": 1
                                        },
                                        {
                                            "Worker Number": 1,
                                            "Actual Startup Time": 162.911,
                                            "Actual Total Time": 628.206,
                                            "Actual Rows": 2358803,
                                            "Actual Loops": 1
                                        },
                                        {
                                            "Worker Number": 2,
                                            "Actual Startup Time": 163.285,
                                            "Actual Total Time": 625.692,
                                            "Actual Rows": 3801457,
                                            "Actual Loops": 1
                                        },
                                        {
                                            "Worker Number": 3,
                                            "Actual Startup Time": 163.872,
                                            "Actual Total Time": 626.44,
                                            "Actual Rows": 3798643,
                                            "Actual Loops": 1
                                        },
                                        {
                                            "Worker Number": 4,
                                            "Actual Startup Time": 163.941,
                                            "Actual Total Time": 625.637,
                                            "Actual Rows": 2412596,
                                            "Actual Loops": 1
                                        },
                                        {
                                            "Worker Number": 5,
                                            "Actual Startup Time": 164.141,
                                            "Actual Total Time": 629.626,
                                            "Actual Rows": 2327525,
                                            "Actual Loops": 1
                                        }
                                    ]
                                }
                            ]
                        }
                    ]
                }
            ]
        },
        "Planning Time": 225.758,
        "Triggers": [],
        "Execution Time": 825.839
    }
]