[
  {
    "Plan": {
      "Node Type": "Aggregate",
      "Strategy": "Plain",
      "Partial Mode": "Finalize",
      "Parallel Aware": false,
      "Startup Cost": 124765.91,
      "Total Cost": 124765.92,
      "Plan Rows": 1,
      "Plan Width": 8,
      "Actual Startup Time": 477.901,
      "Actual Total Time": 496.98,
      "Actual Rows": 1,
      "Actual Loops": 1,
      "Plans": [
        {
          "Node Type": "Gather",
          "Parent Relationship": "Outer",
          "Parallel Aware": false,
          "Startup Cost": 124765.59,
          "Total Cost": 124765.9,
          "Plan Rows": 3,
          "Plan Width": 8,
          "Actual Startup Time": 473.365,
          "Actual Total Time": 496.971,
          "Actual Rows": 4,
          "Actual Loops": 1,
          "Workers Planned": 3,
          "Workers Launched": 3,
          "Single Copy": false,
          "Plans": [
            {
              "Node Type": "Aggregate",
              "Strategy": "Plain",
              "Partial Mode": "Partial",
              "Parent Relationship": "Outer",
              "Parallel Aware": false,
              "Startup Cost": 123765.59,
              "Total Cost": 123765.6,
              "Plan Rows": 1,
              "Plan Width": 8,
              "Actual Startup Time": 465.771,
              "Actual Total Time": 465.776,
              "Actual Rows": 1,
              "Actual Loops": 4,
              "Plans": [
                {
                  "Node Type": "Hash Join",
                  "Parent Relationship": "Outer",
                  "Parallel Aware": true,
                  "Join Type": "Inner",
                  "Startup Cost": 92727.67,
                  "Total Cost": 123470.8,
                  "Plan Rows": 117917,
                  "Plan Width": 0,
                  "Actual Startup Time": 335.617,
                  "Actual Total Time": 463.79,
                  "Actual Rows": 41998,
                  "Actual Loops": 4,
                  "Inner Unique": false,
                  "Hash Cond": "(mc.movie_id = t.id)",
                  "Plans": [
                    {
                      "Node Type": "Seq Scan",
                      "Parent Relationship": "Outer",
                      "Parallel Aware": true,
                      "Relation Name": "movie_companies",
                      "Alias": "mc",
                      "Startup Cost": 0.0,
                      "Total Cost": 27206.55,
                      "Plan Rows": 841655,
                      "Plan Width": 4,
                      "Actual Startup Time": 0.013,
                      "Actual Total Time": 60.199,
                      "Actual Rows": 652282,
                      "Actual Loops": 4
                    },
                    {
                      "Node Type": "Hash",
                      "Parent Relationship": "Inner",
                      "Parallel Aware": true,
                      "Startup Cost": 91299.29,
                      "Total Cost": 91299.29,
                      "Plan Rows": 114270,
                      "Plan Width": 8,
                      "Actual Startup Time": 330.322,
                      "Actual Total Time": 330.326,
                      "Actual Rows": 22144,
                      "Actual Loops": 4,
                      "Hash Buckets": 524288,
                      "Original Hash Buckets": 524288,
                      "Hash Batches": 1,
                      "Original Hash Batches": 1,
                      "Peak Memory Usage": 7616,
                      "Plans": [
                        {
                          "Node Type": "Hash Join",
                          "Parent Relationship": "Outer",
                          "Parallel Aware": true,
                          "Join Type": "Inner",
                          "Startup Cost": 47305.9,
                          "Total Cost": 91299.29,
                          "Plan Rows": 114270,
                          "Plan Width": 8,
                          "Actual Startup Time": 173.549,
                          "Actual Total Time": 321.245,
                          "Actual Rows": 22144,
                          "Actual Loops": 4,
                          "Inner Unique": true,
                          "Hash Cond": "(mk.movie_id = t.id)",
                          "Plans": [
                            {
                              "Node Type": "Seq Scan",
                              "Parent Relationship": "Outer",
                              "Parallel Aware": true,
                              "Relation Name": "movie_keyword",
                              "Alias": "mk",
                              "Startup Cost": 0.0,
                              "Total Cost": 42695.65,
                              "Plan Rows": 494377,
                              "Plan Width": 4,
                              "Actual Startup Time": 0.696,
                              "Actual Total Time": 101.24,
                              "Actual Rows": 380576,
                              "Actual Loops": 4,
                              "Filter": "(keyword_id > 10568)",
                              "Rows Removed by Filter": 750406
                            },
                            {
                              "Node Type": "Hash",
                              "Parent Relationship": "Inner",
                              "Parallel Aware": true,
                              "Startup Cost": 45479.59,
                              "Total Cost": 45479.59,
                              "Plan Rows": 146105,
                              "Plan Width": 4,
                              "Actual Startup Time": 169.478,
                              "Actual Total Time": 169.48,
                              "Actual Rows": 121592,
                              "Actual Loops": 4,
                              "Hash Buckets": 1048576,
                              "Original Hash Buckets": 1048576,
                              "Hash Batches": 1,
                              "Original Hash Batches": 1,
                              "Peak Memory Usage": 27296,
                              "Plans": [
                                {
                                  "Node Type": "Seq Scan",
                                  "Parent Relationship": "Outer",
                                  "Parallel Aware": true,
                                  "Relation Name": "title",
                                  "Alias": "t",
                                  "Startup Cost": 0.0,
                                  "Total Cost": 45479.59,
                                  "Plan Rows": 146105,
                                  "Plan Width": 4,
                                  "Actual Startup Time": 0.06,
                                  "Actual Total Time": 109.407,
                                  "Actual Rows": 121592,
                                  "Actual Loops": 4,
                                  "Filter": "((production_year < 1999) AND (kind_id = 7))",
                                  "Rows Removed by Filter": 510486
                                }
                              ]
                            }
                          ]
                        }
                      ]
                    }
                  ]
                }
              ]
            }
          ]
        }
      ]
    },
    "Planning Time": 1.345,
    "Triggers": [],
    "Execution Time": 497.055
  }
]