[
    {
        "Bao": {
            "Bao prediction": "NaN",
            "Bao recommended hint": "(no hint)"
        }
    },
    {
        "Plan": {
            "Node Type": "Aggregate",
            "Strategy": "Plain",
            "Partial Mode": "Finalize",
            "Parallel Aware": false,
            "Startup Cost": 352793.95,
            "Total Cost": 352793.96,
            "Plan Rows": 1,
            "Plan Width": 8,
            "Actual Startup Time": 757.133,
            "Actual Total Time": 778.823,
            "Actual Rows": 1,
            "Actual Loops": 1,
            "Output": [
                "count(*)"
            ],
            "Plans": [
                {
                    "Node Type": "Gather",
                    "Parent Relationship": "Outer",
                    "Parallel Aware": false,
                    "Startup Cost": 352793.32,
                    "Total Cost": 352793.93,
                    "Plan Rows": 6,
                    "Plan Width": 8,
                    "Actual Startup Time": 757.026,
                    "Actual Total Time": 778.812,
                    "Actual Rows": 7,
                    "Actual Loops": 1,
                    "Output": [
                        "(PARTIAL count(*))"
                    ],
                    "Workers Planned": 6,
                    "Workers Launched": 6,
                    "Single Copy": false,
                    "Plans": [
                        {
                            "Node Type": "Aggregate",
                            "Strategy": "Plain",
                            "Partial Mode": "Partial",
                            "Parent Relationship": "Outer",
                            "Parallel Aware": false,
                            "Startup Cost": 351793.32,
                            "Total Cost": 351793.33,
                            "Plan Rows": 1,
                            "Plan Width": 8,
                            "Actual Startup Time": 746.917,
                            "Actual Total Time": 746.918,
                            "Actual Rows": 1,
                            "Actual Loops": 7,
                            "Output": [
                                "PARTIAL count(*)"
                            ],
                            "Workers": [
                                {
                                    "Worker Number": 0,
                                    "Actual Startup Time": 744.345,
                                    "Actual Total Time": 744.346,
                                    "Actual Rows": 1,
                                    "Actual Loops": 1
                                },
                                {
                                    "Worker Number": 1,
                                    "Actual Startup Time": 744.548,
                                    "Actual Total Time": 744.549,
                                    "Actual Rows": 1,
                                    "Actual Loops": 1
                                },
                                {
                                    "Worker Number": 2,
                                    "Actual Startup Time": 745.253,
                                    "Actual Total Time": 745.254,
                                    "Actual Rows": 1,
                                    "Actual Loops": 1
                                },
                                {
                                    "Worker Number": 3,
                                    "Actual Startup Time": 745.566,
                                    "Actual Total Time": 745.568,
                                    "Actual Rows": 1,
                                    "Actual Loops": 1
                                },
                                {
                                    "Worker Number": 4,
                                    "Actual Startup Time": 746.019,
                                    "Actual Total Time": 746.02,
                                    "Actual Rows": 1,
                                    "Actual Loops": 1
                                },
                                {
                                    "Worker Number": 5,
                                    "Actual Startup Time": 746.185,
                                    "Actual Total Time": 746.186,
                                    "Actual Rows": 1,
                                    "Actual Loops": 1
                                }
                            ],
                            "Plans": [
                                {
                                    "Node Type": "Seq Scan",
                                    "Parent Relationship": "Outer",
                                    "Parallel Aware": true,
                                    "Relation Name": "cast_info",
                                    "Schema": "public",
                                    "Alias": "ci",
                                    "Startup Cost": 0.0,
                                    "Total Cost": 343318.94,
                                    "Plan Rows": 3389753,
                                    "Plan Width": 0,
                                    "Actual Startup Time": 117.515,
                                    "Actual Total Time": 626.892,
                                    "Actual Rows": 2734219,
                                    "Actual Loops": 7,
                                    "Output": [
                                        "id",
                                        "person_id",
                                        "movie_id",
                                        "person_role_id",
                                        "note",
                                        "nr_order",
                                        "role_id"
                                    ],
                                    "Filter": "((ci.person_id > 962169) AND (ci.role_id < 6))",
                                    "Rows Removed by Filter": 2443544,
                                    "Workers": [
                                        {
                                            "Worker Number": 0,
                                            "Actual Startup Time": 114.936,
                                            "Actual Total Time": 627.436,
                                            "Actual Rows": 2863995,
                                            "Actual Loops": 1
                                        },
                                        {
                                            "Worker Number": 1,
                                            "Actual Startup Time": 115.146,
                                            "Actual Total Time": 629.345,
                                            "Actual Rows": 2712005,
                                            "Actual Loops": 1
                                        },
                                        {
                                            "Worker Number": 2,
                                            "Actual Startup Time": 115.855,
                                            "Actual Total Time": 628.239,
                                            "Actual Rows": 2866791,
                                            "Actual Loops": 1
                                        },
                                        {
                                            "Worker Number": 3,
                                            "Actual Startup Time": 116.162,
                                            "Actual Total Time": 628.861,
                                            "Actual Rows": 2838601,
                                            "Actual Loops": 1
                                        },
                                        {
                                            "Worker Number": 4,
                                            "Actual Startup Time": 116.631,
                                            "Actual Total Time": 629.16,
                                            "Actual Rows": 2860080,
                                            "Actual Loops": 1
                                        },
                                        {
                                            "Worker Number": 5,
                                            "Actual Startup Time": 116.775,
                                            "Actual Total Time": 629.818,
                                            "Actual Rows": 2870036,
                                            "Actual Loops": 1
                                        }
                                    ]
                                }
                            ]
                        }
                    ]
                }
            ]
        },
        "Planning Time": 268.294,
        "Triggers": [],
        "Execution Time": 778.913
    }
]