{
  "Plan": {
    "Node Type": "Aggregate",
    "Strategy": "Plain",
    "Partial Mode": "Finalize",
    "Parallel Aware": false,
    "Startup Cost": 786149.24,
    "Total Cost": 786149.25,
    "Plan Rows": 1,
    "Plan Width": 8,
    "Actual Startup Time": 5920.238,
    "Actual Total Time": 5993.221,
    "Actual Rows": 1,
    "Actual Loops": 1,
    "Plans": [
      {
        "Node Type": "Gather",
        "Parent Relationship": "Outer",
        "Parallel Aware": false,
        "Startup Cost": 786149.13,
        "Total Cost": 786149.24,
        "Plan Rows": 1,
        "Plan Width": 8,
        "Actual Startup Time": 5914.642,
        "Actual Total Time": 5993.21,
        "Actual Rows": 2,
        "Actual Loops": 1,
        "Workers Planned": 1,
        "Workers Launched": 1,
        "Single Copy": false,
        "Plans": [
          {
            "Node Type": "Aggregate",
            "Strategy": "Plain",
            "Partial Mode": "Partial",
            "Parent Relationship": "Outer",
            "Parallel Aware": false,
            "Startup Cost": 785149.13,
            "Total Cost": 785149.14,
            "Plan Rows": 1,
            "Plan Width": 8,
            "Actual Startup Time": 5906.91,
            "Actual Total Time": 5907.506,
            "Actual Rows": 1,
            "Actual Loops": 2,
            "Plans": [
              {
                "Node Type": "Hash Join",
                "Parent Relationship": "Outer",
                "Parallel Aware": true,
                "Join Type": "Inner",
                "Startup Cost": 138941.99,
                "Total Cost": 755175.6,
                "Plan Rows": 11989411,
                "Plan Width": 0,
                "Actual Startup Time": 795.539,
                "Actual Total Time": 5498.161,
                "Actual Rows": 10120598,
                "Actual Loops": 2,
                "Inner Unique": false,
                "Hash Cond": "(ci.movie_id = t.id)",
                "Plans": [
                  {
                    "Node Type": "Seq Scan",
                    "Parent Relationship": "Outer",
                    "Parallel Aware": true,
                    "Relation Name": "cast_info",
                    "Alias": "ci",
                    "Startup Cost": 0.0,
                    "Total Cost": 465792.95,
                    "Plan Rows": 21310595,
                    "Plan Width": 4,
                    "Actual Startup Time": 0.014,
                    "Actual Total Time": 1333.277,
                    "Actual Rows": 18122172,
                    "Actual Loops": 2
                  },
                  {
                    "Node Type": "Hash",
                    "Parent Relationship": "Inner",
                    "Parallel Aware": true,
                    "Startup Cost": 128482.98,
                    "Total Cost": 128482.98,
                    "Plan Rows": 836721,
                    "Plan Width": 8,
                    "Actual Startup Time": 780.681,
                    "Actual Total Time": 781.275,
                    "Actual Rows": 339567,
                    "Actual Loops": 2,
                    "Hash Buckets": 2097152,
                    "Original Hash Buckets": 2097152,
                    "Hash Batches": 1,
                    "Original Hash Batches": 1,
                    "Peak Memory Usage": 42976,
                    "Plans": [
                      {
                        "Node Type": "Hash Join",
                        "Parent Relationship": "Outer",
                        "Parallel Aware": true,
                        "Join Type": "Inner",
                        "Startup Cost": 67635.13,
                        "Total Cost": 128482.98,
                        "Plan Rows": 836721,
                        "Plan Width": 8,
                        "Actual Startup Time": 390.659,
                        "Actual Total Time": 707.61,
                        "Actual Rows": 339567,
                        "Actual Loops": 2,
                        "Inner Unique": true,
                        "Hash Cond": "(mk.movie_id = t.id)",
                        "Plans": [
                          {
                            "Node Type": "Seq Scan",
                            "Parent Relationship": "Outer",
                            "Parallel Aware": true,
                            "Relation Name": "movie_keyword",
                            "Alias": "mk",
                            "Startup Cost": 0.0,
                            "Total Cost": 57718.19,
                            "Plan Rows": 1192251,
                            "Plan Width": 4,
                            "Actual Startup Time": 0.535,
                            "Actual Total Time": 179.295,
                            "Actual Rows": 1011324,
                            "Actual Loops": 2,
                            "Filter": "(keyword_id > 6114)",
                            "Rows Removed by Filter": 1250640
                          },
                          {
                            "Node Type": "Hash",
                            "Parent Relationship": "Inner",
                            "Parallel Aware": true,
                            "Startup Cost": 54588.39,
                            "Total Cost": 54588.39,
                            "Plan Rows": 1043739,
                            "Plan Width": 4,
                            "Actual Startup Time": 382.414,
                            "Actual Total Time": 382.415,
                            "Actual Rows": 887318,
                            "Actual Loops": 2,
                            "Hash Buckets": 2097152,
                            "Original Hash Buckets": 2097152,
                            "Hash Batches": 1,
                            "Original Hash Batches": 1,
                            "Peak Memory Usage": 85856,
                            "Plans": [
                              {
                                "Node Type": "Seq Scan",
                                "Parent Relationship": "Outer",
                                "Parallel Aware": true,
                                "Relation Name": "title",
                                "Alias": "t",
                                "Startup Cost": 0.0,
                                "Total Cost": 54588.39,
                                "Plan Rows": 1043739,
                                "Plan Width": 4,
                                "Actual Startup Time": 0.028,
                                "Actual Total Time": 162.893,
                                "Actual Rows": 887318,
                                "Actual Loops": 2,
                                "Filter": "(kind_id > 2)",
                                "Rows Removed by Filter": 376838
                              }
                            ]
                          }
                        ]
                      }
                    ]
                  }
                ]
              }
            ]
          }
        ]
      }
    ]
  },
  "Planning Time": 1.041,
  "Triggers": [],
  "Execution Time": 5993.319
}