{
  "Plan": {
    "Node Type": "Aggregate",
    "Strategy": "Plain",
    "Partial Mode": "Finalize",
    "Parallel Aware": false,
    "Startup Cost": 594367.32,
    "Total Cost": 594367.33,
    "Plan Rows": 1,
    "Plan Width": 8,
    "Actual Startup Time": 5295.376,
    "Actual Total Time": 5357.682,
    "Actual Rows": 1,
    "Actual Loops": 1,
    "Plans": [
      {
        "Node Type": "Gather",
        "Parent Relationship": "Outer",
        "Parallel Aware": false,
        "Startup Cost": 594367.21,
        "Total Cost": 594367.32,
        "Plan Rows": 1,
        "Plan Width": 8,
        "Actual Startup Time": 5293.988,
        "Actual Total Time": 5357.673,
        "Actual Rows": 2,
        "Actual Loops": 1,
        "Workers Planned": 1,
        "Workers Launched": 1,
        "Single Copy": false,
        "Plans": [
          {
            "Node Type": "Aggregate",
            "Strategy": "Plain",
            "Partial Mode": "Partial",
            "Parent Relationship": "Outer",
            "Parallel Aware": false,
            "Startup Cost": 593367.21,
            "Total Cost": 593367.22,
            "Plan Rows": 1,
            "Plan Width": 8,
            "Actual Startup Time": 5287.812,
            "Actual Total Time": 5287.816,
            "Actual Rows": 1,
            "Actual Loops": 2,
            "Plans": [
              {
                "Node Type": "Hash Join",
                "Parent Relationship": "Outer",
                "Parallel Aware": true,
                "Join Type": "Inner",
                "Startup Cost": 58435.25,
                "Total Cost": 580168.6,
                "Plan Rows": 5279442,
                "Plan Width": 0,
                "Actual Startup Time": 180.556,
                "Actual Total Time": 5079.654,
                "Actual Rows": 4972610,
                "Actual Loops": 2,
                "Inner Unique": true,
                "Hash Cond": "(ci.movie_id = t.id)",
                "Plans": [
                  {
                    "Node Type": "Seq Scan",
                    "Parent Relationship": "Outer",
                    "Parallel Aware": true,
                    "Relation Name": "cast_info",
                    "Alias": "ci",
                    "Startup Cost": 0.0,
                    "Total Cost": 465792.95,
                    "Plan Rows": 21310595,
                    "Plan Width": 4,
                    "Actual Startup Time": 0.019,
                    "Actual Total Time": 1371.197,
                    "Actual Rows": 18122172,
                    "Actual Loops": 2
                  },
                  {
                    "Node Type": "Hash",
                    "Parent Relationship": "Inner",
                    "Parallel Aware": true,
                    "Startup Cost": 53829.7,
                    "Total Cost": 53829.7,
                    "Plan Rows": 368444,
                    "Plan Width": 4,
                    "Actual Startup Time": 171.53,
                    "Actual Total Time": 171.531,
                    "Actual Rows": 317145,
                    "Actual Loops": 2,
                    "Hash Buckets": 1048576,
                    "Original Hash Buckets": 1048576,
                    "Hash Batches": 1,
                    "Original Hash Batches": 1,
                    "Peak Memory Usage": 33024,
                    "Plans": [
                      {
                        "Node Type": "Bitmap Heap Scan",
                        "Parent Relationship": "Outer",
                        "Parallel Aware": true,
                        "Relation Name": "title",
                        "Alias": "t",
                        "Startup Cost": 11979.44,
                        "Total Cost": 53829.7,
                        "Plan Rows": 368444,
                        "Plan Width": 4,
                        "Actual Startup Time": 30.916,
                        "Actual Total Time": 100.679,
                        "Actual Rows": 317145,
                        "Actual Loops": 2,
                        "Recheck Cond": "(kind_id = 1)",
                        "Rows Removed by Index Recheck": 0,
                        "Filter": "(production_year < 2013)",
                        "Rows Removed by Filter": 14268,
                        "Exact Heap Blocks": 7729,
                        "Lossy Heap Blocks": 0,
                        "Plans": [
                          {
                            "Node Type": "Bitmap Index Scan",
                            "Parent Relationship": "Outer",
                            "Parallel Aware": false,
                            "Index Name": "kind_id_title",
                            "Startup Cost": 0.0,
                            "Total Cost": 11822.85,
                            "Plan Rows": 663256,
                            "Plan Width": 0,
                            "Actual Startup Time": 29.152,
                            "Actual Total Time": 29.152,
                            "Actual Rows": 662825,
                            "Actual Loops": 1,
                            "Index Cond": "(kind_id = 1)"
                          }
                        ]
                      }
                    ]
                  }
                ]
              }
            ]
          }
        ]
      }
    ]
  },
  "Planning Time": 0.464,
  "Triggers": [],
  "Execution Time": 5357.791
}