[
  {
    "Plan": {
      "Node Type": "Aggregate",
      "Strategy": "Plain",
      "Partial Mode": "Simple",
      "Parallel Aware": false,
      "Startup Cost": 27474.01,
      "Total Cost": 27474.02,
      "Plan Rows": 1,
      "Plan Width": 8,
      "Actual Startup Time": 73.297,
      "Actual Total Time": 73.299,
      "Actual Rows": 1,
      "Actual Loops": 1,
      "Plans": [
        {
          "Node Type": "Bitmap Heap Scan",
          "Parent Relationship": "Outer",
          "Parallel Aware": false,
          "Relation Name": "movie_keyword",
          "Alias": "mk",
          "Startup Cost": 1770.18,
          "Total Cost": 27265.7,
          "Plan Rows": 83322,
          "Plan Width": 0,
          "Actual Startup Time": 12.085,
          "Actual Total Time": 67.639,
          "Actual Rows": 84961,
          "Actual Loops": 1,
          "Recheck Cond": "(keyword_id < 73)",
          "Rows Removed by Index Recheck": 0,
          "Exact Heap Blocks": 20520,
          "Lossy Heap Blocks": 0,
          "Plans": [
            {
              "Node Type": "Bitmap Index Scan",
              "Parent Relationship": "Outer",
              "Parallel Aware": false,
              "Index Name": "keyword_id_movie_keyword",
              "Startup Cost": 0.0,
              "Total Cost": 1749.35,
              "Plan Rows": 83322,
              "Plan Width": 0,
              "Actual Startup Time": 7.44,
              "Actual Total Time": 7.441,
              "Actual Rows": 84961,
              "Actual Loops": 1,
              "Index Cond": "(keyword_id < 73)"
            }
          ]
        }
      ]
    },
    "Planning Time": 0.095,
    "Triggers": [],
    "Execution Time": 73.335
  }
]