[
  {
    "Plan": {
      "Node Type": "Aggregate",
      "Strategy": "Plain",
      "Partial Mode": "Finalize",
      "Parallel Aware": false,
      "Startup Cost": 45082.88,
      "Total Cost": 45082.89,
      "Plan Rows": 1,
      "Plan Width": 8,
      "Actual Startup Time": 92.968,
      "Actual Total Time": 105.448,
      "Actual Rows": 1,
      "Actual Loops": 1,
      "Plans": [
        {
          "Node Type": "Gather",
          "Parent Relationship": "Outer",
          "Parallel Aware": false,
          "Startup Cost": 45082.46,
          "Total Cost": 45082.87,
          "Plan Rows": 4,
          "Plan Width": 8,
          "Actual Startup Time": 92.811,
          "Actual Total Time": 105.436,
          "Actual Rows": 5,
          "Actual Loops": 1,
          "Workers Planned": 4,
          "Workers Launched": 4,
          "Single Copy": false,
          "Plans": [
            {
              "Node Type": "Aggregate",
              "Strategy": "Plain",
              "Partial Mode": "Partial",
              "Parent Relationship": "Outer",
              "Parallel Aware": false,
              "Startup Cost": 44082.46,
              "Total Cost": 44082.47,
              "Plan Rows": 1,
              "Plan Width": 8,
              "Actual Startup Time": 87.69,
              "Actual Total Time": 87.691,
              "Actual Rows": 1,
              "Actual Loops": 5,
              "Plans": [
                {
                  "Node Type": "Seq Scan",
                  "Parent Relationship": "Outer",
                  "Parallel Aware": true,
                  "Relation Name": "title",
                  "Alias": "t",
                  "Startup Cost": 0.0,
                  "Total Cost": 43899.32,
                  "Plan Rows": 73254,
                  "Plan Width": 0,
                  "Actual Startup Time": 0.039,
                  "Actual Total Time": 83.787,
                  "Actual Rows": 61907,
                  "Actual Loops": 5,
                  "Filter": "(production_year < 1966)",
                  "Rows Removed by Filter": 443756
                }
              ]
            }
          ]
        }
      ]
    },
    "Planning Time": 0.062,
    "Triggers": [],
    "Execution Time": 105.477
  }
]