[
    {
        "Bao": {
            "Bao prediction": 672.545,
            "Bao recommended hint": "(no hint)"
        }
    },
    {
        "Plan": {
            "Node Type": "Aggregate",
            "Strategy": "Plain",
            "Partial Mode": "Finalize",
            "Parallel Aware": false,
            "Startup Cost": 42709.6,
            "Total Cost": 42709.61,
            "Plan Rows": 1,
            "Plan Width": 8,
            "Actual Startup Time": 183.143,
            "Actual Total Time": 188.975,
            "Actual Rows": 1,
            "Actual Loops": 1,
            "Output": [
                "count(*)"
            ],
            "Plans": [
                {
                    "Node Type": "Gather",
                    "Parent Relationship": "Outer",
                    "Parallel Aware": false,
                    "Startup Cost": 42709.28,
                    "Total Cost": 42709.59,
                    "Plan Rows": 3,
                    "Plan Width": 8,
                    "Actual Startup Time": 182.918,
                    "Actual Total Time": 188.966,
                    "Actual Rows": 4,
                    "Actual Loops": 1,
                    "Output": [
                        "(PARTIAL count(*))"
                    ],
                    "Workers Planned": 3,
                    "Workers Launched": 3,
                    "Single Copy": false,
                    "Plans": [
                        {
                            "Node Type": "Aggregate",
                            "Strategy": "Plain",
                            "Partial Mode": "Partial",
                            "Parent Relationship": "Outer",
                            "Parallel Aware": false,
                            "Startup Cost": 41709.28,
                            "Total Cost": 41709.29,
                            "Plan Rows": 1,
                            "Plan Width": 8,
                            "Actual Startup Time": 174.896,
                            "Actual Total Time": 174.897,
                            "Actual Rows": 1,
                            "Actual Loops": 4,
                            "Output": [
                                "PARTIAL count(*)"
                            ],
                            "Workers": [
                                {
                                    "Worker Number": 0,
                                    "Actual Startup Time": 172.325,
                                    "Actual Total Time": 172.328,
                                    "Actual Rows": 1,
                                    "Actual Loops": 1
                                },
                                {
                                    "Worker Number": 1,
                                    "Actual Startup Time": 172.343,
                                    "Actual Total Time": 172.344,
                                    "Actual Rows": 1,
                                    "Actual Loops": 1
                                },
                                {
                                    "Worker Number": 2,
                                    "Actual Startup Time": 172.545,
                                    "Actual Total Time": 172.546,
                                    "Actual Rows": 1,
                                    "Actual Loops": 1
                                }
                            ],
                            "Plans": [
                                {
                                    "Node Type": "Bitmap Heap Scan",
                                    "Parent Relationship": "Outer",
                                    "Parallel Aware": true,
                                    "Relation Name": "movie_keyword",
                                    "Schema": "public",
                                    "Alias": "mk",
                                    "Startup Cost": 14050.09,
                                    "Total Cost": 41175.08,
                                    "Plan Rows": 213680,
                                    "Plan Width": 0,
                                    "Actual Startup Time": 82.959,
                                    "Actual Total Time": 162.203,
                                    "Actual Rows": 162632,
                                    "Actual Loops": 4,
                                    "Recheck Cond": "(mk.keyword_id > 28900)",
                                    "Rows Removed by Index Recheck": 0,
                                    "Exact Heap Blocks": 8740,
                                    "Lossy Heap Blocks": 0,
                                    "Workers": [
                                        {
                                            "Worker Number": 0,
                                            "Actual Startup Time": 80.623,
                                            "Actual Total Time": 160.789,
                                            "Actual Rows": 136248,
                                            "Actual Loops": 1
                                        },
                                        {
                                            "Worker Number": 1,
                                            "Actual Startup Time": 80.459,
                                            "Actual Total Time": 160.941,
                                            "Actual Rows": 134855,
                                            "Actual Loops": 1
                                        },
                                        {
                                            "Worker Number": 2,
                                            "Actual Startup Time": 80.634,
                                            "Actual Total Time": 160.922,
                                            "Actual Rows": 136276,
                                            "Actual Loops": 1
                                        }
                                    ],
                                    "Plans": [
                                        {
                                            "Node Type": "Bitmap Index Scan",
                                            "Parent Relationship": "Outer",
                                            "Parallel Aware": false,
                                            "Index Name": "keyword_id_movie_keyword",
                                            "Startup Cost": 0.0,
                                            "Total Cost": 13884.49,
                                            "Plan Rows": 662407,
                                            "Plan Width": 0,
                                            "Actual Startup Time": 84.628,
                                            "Actual Total Time": 84.628,
                                            "Actual Rows": 650527,
                                            "Actual Loops": 1,
                                            "Index Cond": "(mk.keyword_id > 28900)"
                                        }
                                    ]
                                }
                            ]
                        }
                    ]
                }
            ]
        },
        "Planning Time": 3721.15,
        "Triggers": [],
        "Execution Time": 189.09
    }
]