[
    {
        "Bao": {
            "Bao prediction": "NaN",
            "Bao recommended hint": "(no hint)"
        }
    },
    {
        "Plan": {
            "Node Type": "Aggregate",
            "Strategy": "Plain",
            "Partial Mode": "Finalize",
            "Parallel Aware": false,
            "Startup Cost": 31700.31,
            "Total Cost": 31700.32,
            "Plan Rows": 1,
            "Plan Width": 8,
            "Actual Startup Time": 97.146,
            "Actual Total Time": 103.856,
            "Actual Rows": 1,
            "Actual Loops": 1,
            "Output": [
                "count(*)"
            ],
            "Plans": [
                {
                    "Node Type": "Gather",
                    "Parent Relationship": "Outer",
                    "Parallel Aware": false,
                    "Startup Cost": 31700.0,
                    "Total Cost": 31700.31,
                    "Plan Rows": 3,
                    "Plan Width": 8,
                    "Actual Startup Time": 96.864,
                    "Actual Total Time": 103.847,
                    "Actual Rows": 4,
                    "Actual Loops": 1,
                    "Output": [
                        "(PARTIAL count(*))"
                    ],
                    "Workers Planned": 3,
                    "Workers Launched": 3,
                    "Single Copy": false,
                    "Plans": [
                        {
                            "Node Type": "Aggregate",
                            "Strategy": "Plain",
                            "Partial Mode": "Partial",
                            "Parent Relationship": "Outer",
                            "Parallel Aware": false,
                            "Startup Cost": 30700.0,
                            "Total Cost": 30700.01,
                            "Plan Rows": 1,
                            "Plan Width": 8,
                            "Actual Startup Time": 88.114,
                            "Actual Total Time": 88.115,
                            "Actual Rows": 1,
                            "Actual Loops": 4,
                            "Output": [
                                "PARTIAL count(*)"
                            ],
                            "Workers": [
                                {
                                    "Worker Number": 0,
                                    "Actual Startup Time": 84.887,
                                    "Actual Total Time": 84.889,
                                    "Actual Rows": 1,
                                    "Actual Loops": 1
                                },
                                {
                                    "Worker Number": 1,
                                    "Actual Startup Time": 85.135,
                                    "Actual Total Time": 85.136,
                                    "Actual Rows": 1,
                                    "Actual Loops": 1
                                },
                                {
                                    "Worker Number": 2,
                                    "Actual Startup Time": 85.864,
                                    "Actual Total Time": 85.866,
                                    "Actual Rows": 1,
                                    "Actual Loops": 1
                                }
                            ],
                            "Plans": [
                                {
                                    "Node Type": "Bitmap Heap Scan",
                                    "Parent Relationship": "Outer",
                                    "Parallel Aware": true,
                                    "Relation Name": "movie_keyword",
                                    "Schema": "public",
                                    "Alias": "mk",
                                    "Startup Cost": 5086.14,
                                    "Total Cost": 30506.69,
                                    "Plan Rows": 77324,
                                    "Plan Width": 0,
                                    "Actual Startup Time": 20.576,
                                    "Actual Total Time": 83.531,
                                    "Actual Rows": 58830,
                                    "Actual Loops": 4,
                                    "Recheck Cond": "(mk.keyword_id > 62609)",
                                    "Rows Removed by Index Recheck": 0,
                                    "Exact Heap Blocks": 8884,
                                    "Lossy Heap Blocks": 0,
                                    "Workers": [
                                        {
                                            "Worker Number": 0,
                                            "Actual Startup Time": 17.434,
                                            "Actual Total Time": 81.082,
                                            "Actual Rows": 35602,
                                            "Actual Loops": 1
                                        },
                                        {
                                            "Worker Number": 1,
                                            "Actual Startup Time": 17.701,
                                            "Actual Total Time": 81.389,
                                            "Actual Rows": 49641,
                                            "Actual Loops": 1
                                        },
                                        {
                                            "Worker Number": 2,
                                            "Actual Startup Time": 18.419,
                                            "Actual Total Time": 81.988,
                                            "Actual Rows": 50832,
                                            "Actual Loops": 1
                                        }
                                    ],
                                    "Plans": [
                                        {
                                            "Node Type": "Bitmap Index Scan",
                                            "Parent Relationship": "Outer",
                                            "Parallel Aware": false,
                                            "Index Name": "keyword_id_movie_keyword",
                                            "Startup Cost": 0.0,
                                            "Total Cost": 5026.21,
                                            "Plan Rows": 239704,
                                            "Plan Width": 0,
                                            "Actual Startup Time": 23.844,
                                            "Actual Total Time": 23.845,
                                            "Actual Rows": 235321,
                                            "Actual Loops": 1,
                                            "Index Cond": "(mk.keyword_id > 62609)"
                                        }
                                    ]
                                }
                            ]
                        }
                    ]
                }
            ]
        },
        "Planning Time": 296.196,
        "Triggers": [],
        "Execution Time": 103.926
    }
]