{
  "Plan": {
    "Node Type": "Aggregate",
    "Strategy": "Plain",
    "Partial Mode": "Finalize",
    "Parallel Aware": false,
    "Startup Cost": 138308.25,
    "Total Cost": 138308.26,
    "Plan Rows": 1,
    "Plan Width": 8,
    "Actual Startup Time": 1158.2,
    "Actual Total Time": 1179.045,
    "Actual Rows": 1,
    "Actual Loops": 1,
    "Plans": [
      {
        "Node Type": "Gather",
        "Parent Relationship": "Outer",
        "Parallel Aware": false,
        "Startup Cost": 138308.14,
        "Total Cost": 138308.25,
        "Plan Rows": 1,
        "Plan Width": 8,
        "Actual Startup Time": 1154.544,
        "Actual Total Time": 1179.038,
        "Actual Rows": 2,
        "Actual Loops": 1,
        "Workers Planned": 1,
        "Workers Launched": 1,
        "Single Copy": false,
        "Plans": [
          {
            "Node Type": "Aggregate",
            "Strategy": "Plain",
            "Partial Mode": "Partial",
            "Parent Relationship": "Outer",
            "Parallel Aware": false,
            "Startup Cost": 137308.14,
            "Total Cost": 137308.15,
            "Plan Rows": 1,
            "Plan Width": 8,
            "Actual Startup Time": 1141.637,
            "Actual Total Time": 1141.641,
            "Actual Rows": 1,
            "Actual Loops": 2,
            "Plans": [
              {
                "Node Type": "Hash Join",
                "Parent Relationship": "Outer",
                "Parallel Aware": true,
                "Join Type": "Inner",
                "Startup Cost": 69460.7,
                "Total Cost": 132367.05,
                "Plan Rows": 1976436,
                "Plan Width": 0,
                "Actual Startup Time": 600.408,
                "Actual Total Time": 1076.588,
                "Actual Rows": 1674974,
                "Actual Loops": 2,
                "Inner Unique": true,
                "Hash Cond": "(mk.movie_id = t.id)",
                "Plans": [
                  {
                    "Node Type": "Seq Scan",
                    "Parent Relationship": "Outer",
                    "Parallel Aware": true,
                    "Relation Name": "movie_keyword",
                    "Alias": "mk",
                    "Startup Cost": 0.0,
                    "Total Cost": 57718.19,
                    "Plan Rows": 1976436,
                    "Plan Width": 4,
                    "Actual Startup Time": 0.14,
                    "Actual Total Time": 203.436,
                    "Actual Rows": 1674974,
                    "Actual Loops": 2,
                    "Filter": "(keyword_id > 1382)",
                    "Rows Removed by Filter": 586990
                  },
                  {
                    "Node Type": "Hash",
                    "Parent Relationship": "Inner",
                    "Parallel Aware": true,
                    "Startup Cost": 50870.31,
                    "Total Cost": 50870.31,
                    "Plan Rows": 1487231,
                    "Plan Width": 4,
                    "Actual Startup Time": 578.415,
                    "Actual Total Time": 578.416,
                    "Actual Rows": 1264156,
                    "Actual Loops": 2,
                    "Hash Buckets": 4194304,
                    "Original Hash Buckets": 4194304,
                    "Hash Batches": 1,
                    "Original Hash Batches": 1,
                    "Peak Memory Usage": 131712,
                    "Plans": [
                      {
                        "Node Type": "Seq Scan",
                        "Parent Relationship": "Outer",
                        "Parallel Aware": true,
                        "Relation Name": "title",
                        "Alias": "t",
                        "Startup Cost": 0.0,
                        "Total Cost": 50870.31,
                        "Plan Rows": 1487231,
                        "Plan Width": 4,
                        "Actual Startup Time": 0.029,
                        "Actual Total Time": 166.483,
                        "Actual Rows": 1264156,
                        "Actual Loops": 2
                      }
                    ]
                  }
                ]
              }
            ]
          }
        ]
      }
    ]
  },
  "Planning Time": 0.714,
  "Triggers": [],
  "Execution Time": 1179.113
}