[
  {
    "Plan": {
      "Node Type": "Aggregate",
      "Strategy": "Plain",
      "Partial Mode": "Finalize",
      "Parallel Aware": false,
      "Startup Cost": 29878.92,
      "Total Cost": 29878.93,
      "Plan Rows": 1,
      "Plan Width": 8,
      "Actual Startup Time": 31.969,
      "Actual Total Time": 36.979,
      "Actual Rows": 1,
      "Actual Loops": 1,
      "Plans": [
        {
          "Node Type": "Gather",
          "Parent Relationship": "Outer",
          "Parallel Aware": false,
          "Startup Cost": 29878.7,
          "Total Cost": 29878.91,
          "Plan Rows": 2,
          "Plan Width": 8,
          "Actual Startup Time": 31.852,
          "Actual Total Time": 36.975,
          "Actual Rows": 3,
          "Actual Loops": 1,
          "Workers Planned": 2,
          "Workers Launched": 2,
          "Single Copy": false,
          "Plans": [
            {
              "Node Type": "Aggregate",
              "Strategy": "Plain",
              "Partial Mode": "Partial",
              "Parent Relationship": "Outer",
              "Parallel Aware": false,
              "Startup Cost": 28878.7,
              "Total Cost": 28878.71,
              "Plan Rows": 1,
              "Plan Width": 8,
              "Actual Startup Time": 28.393,
              "Actual Total Time": 28.394,
              "Actual Rows": 1,
              "Actual Loops": 3,
              "Plans": [
                {
                  "Node Type": "Nested Loop",
                  "Parent Relationship": "Outer",
                  "Parallel Aware": false,
                  "Join Type": "Inner",
                  "Startup Cost": 113.77,
                  "Total Cost": 28877.06,
                  "Plan Rows": 657,
                  "Plan Width": 0,
                  "Actual Startup Time": 0.786,
                  "Actual Total Time": 28.164,
                  "Actual Rows": 2133,
                  "Actual Loops": 3,
                  "Inner Unique": true,
                  "Plans": [
                    {
                      "Node Type": "Bitmap Heap Scan",
                      "Parent Relationship": "Outer",
                      "Parallel Aware": true,
                      "Relation Name": "movie_keyword",
                      "Alias": "mk",
                      "Startup Cost": 113.34,
                      "Total Cost": 12888.65,
                      "Plan Rows": 2199,
                      "Plan Width": 4,
                      "Actual Startup Time": 0.689,
                      "Actual Total Time": 8.96,
                      "Actual Rows": 2556,
                      "Actual Loops": 3,
                      "Recheck Cond": "(keyword_id = 231)",
                      "Rows Removed by Index Recheck": 0,
                      "Exact Heap Blocks": 4564,
                      "Lossy Heap Blocks": 0,
                      "Plans": [
                        {
                          "Node Type": "Bitmap Index Scan",
                          "Parent Relationship": "Outer",
                          "Parallel Aware": false,
                          "Index Name": "keyword_id_movie_keyword",
                          "Startup Cost": 0.0,
                          "Total Cost": 112.02,
                          "Plan Rows": 5278,
                          "Plan Width": 0,
                          "Actual Startup Time": 1.138,
                          "Actual Total Time": 1.138,
                          "Actual Rows": 7668,
                          "Actual Loops": 1,
                          "Index Cond": "(keyword_id = 231)"
                        }
                      ]
                    },
                    {
                      "Node Type": "Index Scan",
                      "Parent Relationship": "Inner",
                      "Parallel Aware": false,
                      "Scan Direction": "Forward",
                      "Index Name": "title_pkey",
                      "Relation Name": "title",
                      "Alias": "t",
                      "Startup Cost": 0.43,
                      "Total Cost": 7.27,
                      "Plan Rows": 1,
                      "Plan Width": 4,
                      "Actual Startup Time": 0.007,
                      "Actual Total Time": 0.007,
                      "Actual Rows": 1,
                      "Actual Loops": 7668,
                      "Index Cond": "(id = mk.movie_id)",
                      "Rows Removed by Index Recheck": 0,
                      "Filter": "(kind_id < 3)",
                      "Rows Removed by Filter": 0
                    }
                  ]
                }
              ]
            }
          ]
        }
      ]
    },
    "Planning Time": 0.211,
    "Triggers": [],
    "Execution Time": 37.013
  }
]