[
  {
    "Plan": {
      "Node Type": "Aggregate",
      "Strategy": "Plain",
      "Partial Mode": "Finalize",
      "Parallel Aware": false,
      "Startup Cost": 30059.11,
      "Total Cost": 30059.12,
      "Plan Rows": 1,
      "Plan Width": 8,
      "Actual Startup Time": 82.418,
      "Actual Total Time": 87.132,
      "Actual Rows": 1,
      "Actual Loops": 1,
      "Plans": [
        {
          "Node Type": "Gather",
          "Parent Relationship": "Outer",
          "Parallel Aware": false,
          "Startup Cost": 30058.79,
          "Total Cost": 30059.1,
          "Plan Rows": 3,
          "Plan Width": 8,
          "Actual Startup Time": 82.201,
          "Actual Total Time": 87.125,
          "Actual Rows": 4,
          "Actual Loops": 1,
          "Workers Planned": 3,
          "Workers Launched": 3,
          "Single Copy": false,
          "Plans": [
            {
              "Node Type": "Aggregate",
              "Strategy": "Plain",
              "Partial Mode": "Partial",
              "Parent Relationship": "Outer",
              "Parallel Aware": false,
              "Startup Cost": 29058.79,
              "Total Cost": 29058.8,
              "Plan Rows": 1,
              "Plan Width": 8,
              "Actual Startup Time": 78.013,
              "Actual Total Time": 78.015,
              "Actual Rows": 1,
              "Actual Loops": 4,
              "Plans": [
                {
                  "Node Type": "Bitmap Heap Scan",
                  "Parent Relationship": "Outer",
                  "Parallel Aware": true,
                  "Relation Name": "movie_keyword",
                  "Alias": "mk",
                  "Startup Cost": 3749.82,
                  "Total Cost": 28916.3,
                  "Plan Rows": 56998,
                  "Plan Width": 0,
                  "Actual Startup Time": 30.008,
                  "Actual Total Time": 74.862,
                  "Actual Rows": 44266,
                  "Actual Loops": 4,
                  "Recheck Cond": "(keyword_id > 71742)",
                  "Rows Removed by Index Recheck": 0,
                  "Exact Heap Blocks": 11430,
                  "Lossy Heap Blocks": 0,
                  "Plans": [
                    {
                      "Node Type": "Bitmap Index Scan",
                      "Parent Relationship": "Outer",
                      "Parallel Aware": false,
                      "Index Name": "keyword_id_movie_keyword",
                      "Startup Cost": 0.0,
                      "Total Cost": 3705.64,
                      "Plan Rows": 176695,
                      "Plan Width": 0,
                      "Actual Startup Time": 28.819,
                      "Actual Total Time": 28.823,
                      "Actual Rows": 177066,
                      "Actual Loops": 1,
                      "Index Cond": "(keyword_id > 71742)"
                    }
                  ]
                }
              ]
            }
          ]
        }
      ]
    },
    "Planning Time": 0.184,
    "Triggers": [],
    "Execution Time": 87.206
  }
]