[
    {
        "Bao": {
            "Bao prediction": "NaN",
            "Bao recommended hint": "(no hint)"
        }
    },
    {
        "Plan": {
            "Node Type": "Aggregate",
            "Strategy": "Plain",
            "Partial Mode": "Finalize",
            "Parallel Aware": false,
            "Startup Cost": 171063.96,
            "Total Cost": 171063.97,
            "Plan Rows": 1,
            "Plan Width": 8,
            "Actual Startup Time": 436.243,
            "Actual Total Time": 451.352,
            "Actual Rows": 1,
            "Actual Loops": 1,
            "Output": [
                "count(*)"
            ],
            "Plans": [
                {
                    "Node Type": "Gather",
                    "Parent Relationship": "Outer",
                    "Parallel Aware": false,
                    "Startup Cost": 171063.44,
                    "Total Cost": 171063.95,
                    "Plan Rows": 5,
                    "Plan Width": 8,
                    "Actual Startup Time": 432.724,
                    "Actual Total Time": 451.344,
                    "Actual Rows": 6,
                    "Actual Loops": 1,
                    "Output": [
                        "(PARTIAL count(*))"
                    ],
                    "Workers Planned": 5,
                    "Workers Launched": 5,
                    "Single Copy": false,
                    "Plans": [
                        {
                            "Node Type": "Aggregate",
                            "Strategy": "Plain",
                            "Partial Mode": "Partial",
                            "Parent Relationship": "Outer",
                            "Parallel Aware": false,
                            "Startup Cost": 170063.44,
                            "Total Cost": 170063.45,
                            "Plan Rows": 1,
                            "Plan Width": 8,
                            "Actual Startup Time": 422.788,
                            "Actual Total Time": 422.791,
                            "Actual Rows": 1,
                            "Actual Loops": 6,
                            "Output": [
                                "PARTIAL count(*)"
                            ],
                            "Workers": [
                                {
                                    "Worker Number": 0,
                                    "Actual Startup Time": 420.567,
                                    "Actual Total Time": 420.57,
                                    "Actual Rows": 1,
                                    "Actual Loops": 1
                                },
                                {
                                    "Worker Number": 1,
                                    "Actual Startup Time": 420.592,
                                    "Actual Total Time": 420.595,
                                    "Actual Rows": 1,
                                    "Actual Loops": 1
                                },
                                {
                                    "Worker Number": 2,
                                    "Actual Startup Time": 420.751,
                                    "Actual Total Time": 420.756,
                                    "Actual Rows": 1,
                                    "Actual Loops": 1
                                },
                                {
                                    "Worker Number": 3,
                                    "Actual Startup Time": 421.012,
                                    "Actual Total Time": 421.016,
                                    "Actual Rows": 1,
                                    "Actual Loops": 1
                                },
                                {
                                    "Worker Number": 4,
                                    "Actual Startup Time": 421.529,
                                    "Actual Total Time": 421.533,
                                    "Actual Rows": 1,
                                    "Actual Loops": 1
                                }
                            ],
                            "Plans": [
                                {
                                    "Node Type": "Hash Join",
                                    "Parent Relationship": "Outer",
                                    "Parallel Aware": true,
                                    "Join Type": "Inner",
                                    "Startup Cost": 45895.5,
                                    "Total Cost": 169943.9,
                                    "Plan Rows": 47815,
                                    "Plan Width": 0,
                                    "Actual Startup Time": 108.885,
                                    "Actual Total Time": 421.335,
                                    "Actual Rows": 19688,
                                    "Actual Loops": 6,
                                    "Inner Unique": true,
                                    "Hash Cond": "(ci.movie_id = t.id)",
                                    "Workers": [
                                        {
                                            "Worker Number": 0,
                                            "Actual Startup Time": 107.177,
                                            "Actual Total Time": 419.002,
                                            "Actual Rows": 17486,
                                            "Actual Loops": 1
                                        },
                                        {
                                            "Worker Number": 1,
                                            "Actual Startup Time": 106.348,
                                            "Actual Total Time": 419.052,
                                            "Actual Rows": 16922,
                                            "Actual Loops": 1
                                        },
                                        {
                                            "Worker Number": 2,
                                            "Actual Startup Time": 107.615,
                                            "Actual Total Time": 419.214,
                                            "Actual Rows": 17292,
                                            "Actual Loops": 1
                                        },
                                        {
                                            "Worker Number": 3,
                                            "Actual Startup Time": 106.705,
                                            "Actual Total Time": 419.656,
                                            "Actual Rows": 24164,
                                            "Actual Loops": 1
                                        },
                                        {
                                            "Worker Number": 4,
                                            "Actual Startup Time": 107.661,
                                            "Actual Total Time": 420.09,
                                            "Actual Rows": 15511,
                                            "Actual Loops": 1
                                        }
                                    ],
                                    "Plans": [
                                        {
                                            "Node Type": "Index Scan",
                                            "Parent Relationship": "Outer",
                                            "Parallel Aware": true,
                                            "Scan Direction": "Forward",
                                            "Index Name": "role_id_cast_info",
                                            "Relation Name": "cast_info",
                                            "Schema": "public",
                                            "Alias": "ci",
                                            "Startup Cost": 0.56,
                                            "Total Cost": 121663.53,
                                            "Plan Rows": 908736,
                                            "Plan Width": 4,
                                            "Actual Startup Time": 0.106,
                                            "Actual Total Time": 163.519,
                                            "Actual Rows": 773189,
                                            "Actual Loops": 6,
                                            "Output": [
                                                "ci.id",
                                                "ci.person_id",
                                                "ci.movie_id",
                                                "ci.person_role_id",
                                                "ci.note",
                                                "ci.nr_order",
                                                "ci.role_id"
                                            ],
                                            "Index Cond": "(ci.role_id > 9)",
                                            "Rows Removed by Index Recheck": 0,
                                            "Workers": [
                                                {
                                                    "Worker Number": 0,
                                                    "Actual Startup Time": 0.214,
                                                    "Actual Total Time": 162.855,
                                                    "Actual Rows": 647158,
                                                    "Actual Loops": 1
                                                },
                                                {
                                                    "Worker Number": 1,
                                                    "Actual Startup Time": 0.066,
                                                    "Actual Total Time": 165.721,
                                                    "Actual Rows": 657559,
                                                    "Actual Loops": 1
                                                },
                                                {
                                                    "Worker Number": 2,
                                                    "Actual Startup Time": 0.155,
                                                    "Actual Total Time": 162.756,
                                                    "Actual Rows": 650930,
                                                    "Actual Loops": 1
                                                },
                                                {
                                                    "Worker Number": 3,
                                                    "Actual Startup Time": 0.104,
                                                    "Actual Total Time": 167.97,
                                                    "Actual Rows": 962548,
                                                    "Actual Loops": 1
                                                },
                                                {
                                                    "Worker Number": 4,
                                                    "Actual Startup Time": 0.068,
                                                    "Actual Total Time": 162.414,
                                                    "Actual Rows": 652702,
                                                    "Actual Loops": 1
                                                }
                                            ]
                                        },
                                        {
                                            "Node Type": "Hash",
                                            "Parent Relationship": "Inner",
                                            "Parallel Aware": true,
                                            "Startup Cost": 45479.21,
                                            "Total Cost": 45479.21,
                                            "Plan Rows": 33258,
                                            "Plan Width": 4,
                                            "Actual Startup Time": 106.835,
                                            "Actual Total Time": 106.836,
                                            "Actual Rows": 44226,
                                            "Actual Loops": 6,
                                            "Output": [
                                                "t.id"
                                            ],
                                            "Hash Buckets": 524288,
                                            "Original Hash Buckets": 262144,
                                            "Hash Batches": 1,
                                            "Original Hash Batches": 1,
                                            "Peak Memory Usage": 16608,
                                            "Workers": [
                                                {
                                                    "Worker Number": 0,
                                                    "Actual Startup Time": 105.298,
                                                    "Actual Total Time": 105.299,
                                                    "Actual Rows": 34950,
                                                    "Actual Loops": 1
                                                },
                                                {
                                                    "Worker Number": 1,
                                                    "Actual Startup Time": 105.579,
                                                    "Actual Total Time": 105.58,
                                                    "Actual Rows": 36384,
                                                    "Actual Loops": 1
                                                },
                                                {
                                                    "Worker Number": 2,
                                                    "Actual Startup Time": 105.8,
                                                    "Actual Total Time": 105.801,
                                                    "Actual Rows": 35682,
                                                    "Actual Loops": 1
                                                },
                                                {
                                                    "Worker Number": 3,
                                                    "Actual Startup Time": 106.128,
                                                    "Actual Total Time": 106.13,
                                                    "Actual Rows": 54619,
                                                    "Actual Loops": 1
                                                },
                                                {
                                                    "Worker Number": 4,
                                                    "Actual Startup Time": 106.563,
                                                    "Actual Total Time": 106.564,
                                                    "Actual Rows": 34168,
                                                    "Actual Loops": 1
                                                }
                                            ],
                                            "Plans": [
                                                {
                                                    "Node Type": "Seq Scan",
                                                    "Parent Relationship": "Outer",
                                                    "Parallel Aware": true,
                                                    "Relation Name": "title",
                                                    "Schema": "public",
                                                    "Alias": "t",
                                                    "Startup Cost": 0.0,
                                                    "Total Cost": 45479.21,
                                                    "Plan Rows": 33258,
                                                    "Plan Width": 4,
                                                    "Actual Startup Time": 48.602,
                                                    "Actual Total Time": 82.601,
                                                    "Actual Rows": 44226,
                                                    "Actual Loops": 6,
                                                    "Output": [
                                                        "t.id"
                                                    ],
                                                    "Filter": "((t.production_year < 1979) AND (t.kind_id = 1))",
                                                    "Rows Removed by Filter": 377160,
                                                    "Workers": [
                                                        {
                                                            "Worker Number": 0,
                                                            "Actual Startup Time": 46.77,
                                                            "Actual Total Time": 81.759,
                                                            "Actual Rows": 34950,
                                                            "Actual Loops": 1
                                                        },
                                                        {
                                                            "Worker Number": 1,
                                                            "Actual Startup Time": 47.035,
                                                            "Actual Total Time": 82.725,
                                                            "Actual Rows": 36384,
                                                            "Actual Loops": 1
                                                        },
                                                        {
                                                            "Worker Number": 2,
                                                            "Actual Startup Time": 47.815,
                                                            "Actual Total Time": 82.923,
                                                            "Actual Rows": 35682,
                                                            "Actual Loops": 1
                                                        },
                                                        {
                                                            "Worker Number": 3,
                                                            "Actual Startup Time": 48.383,
                                                            "Actual Total Time": 81.648,
                                                            "Actual Rows": 54619,
                                                            "Actual Loops": 1
                                                        },
                                                        {
                                                            "Worker Number": 4,
                                                            "Actual Startup Time": 48.312,
                                                            "Actual Total Time": 82.729,
                                                            "Actual Rows": 34168,
                                                            "Actual Loops": 1
                                                        }
                                                    ]
                                                }
                                            ]
                                        }
                                    ]
                                }
                            ]
                        }
                    ]
                }
            ]
        },
        "Planning Time": 222.837,
        "Triggers": [],
        "Execution Time": 451.423
    }
]