[
  {
    "Plan": {
      "Node Type": "Aggregate",
      "Strategy": "Plain",
      "Partial Mode": "Finalize",
      "Parallel Aware": false,
      "Startup Cost": 118203.21,
      "Total Cost": 118203.22,
      "Plan Rows": 1,
      "Plan Width": 8,
      "Actual Startup Time": 341.781,
      "Actual Total Time": 361.937,
      "Actual Rows": 1,
      "Actual Loops": 1,
      "Plans": [
        {
          "Node Type": "Gather",
          "Parent Relationship": "Outer",
          "Parallel Aware": false,
          "Startup Cost": 118202.9,
          "Total Cost": 118203.21,
          "Plan Rows": 3,
          "Plan Width": 8,
          "Actual Startup Time": 335.787,
          "Actual Total Time": 361.928,
          "Actual Rows": 4,
          "Actual Loops": 1,
          "Workers Planned": 3,
          "Workers Launched": 3,
          "Single Copy": false,
          "Plans": [
            {
              "Node Type": "Aggregate",
              "Strategy": "Plain",
              "Partial Mode": "Partial",
              "Parent Relationship": "Outer",
              "Parallel Aware": false,
              "Startup Cost": 117202.9,
              "Total Cost": 117202.91,
              "Plan Rows": 1,
              "Plan Width": 8,
              "Actual Startup Time": 325.745,
              "Actual Total Time": 325.75,
              "Actual Rows": 1,
              "Actual Loops": 4,
              "Plans": [
                {
                  "Node Type": "Nested Loop",
                  "Parent Relationship": "Outer",
                  "Parallel Aware": false,
                  "Join Type": "Inner",
                  "Startup Cost": 56205.41,
                  "Total Cost": 117108.76,
                  "Plan Rows": 37656,
                  "Plan Width": 0,
                  "Actual Startup Time": 245.749,
                  "Actual Total Time": 322.941,
                  "Actual Rows": 62549,
                  "Actual Loops": 4,
                  "Inner Unique": false,
                  "Plans": [
                    {
                      "Node Type": "Hash Join",
                      "Parent Relationship": "Outer",
                      "Parallel Aware": true,
                      "Join Type": "Inner",
                      "Startup Cost": 56204.98,
                      "Total Cost": 76955.29,
                      "Plan Rows": 21046,
                      "Plan Width": 8,
                      "Actual Startup Time": 245.662,
                      "Actual Total Time": 268.543,
                      "Actual Rows": 9156,
                      "Actual Loops": 4,
                      "Inner Unique": true,
                      "Hash Cond": "(mc.movie_id = t.id)",
                      "Plans": [
                        {
                          "Node Type": "Bitmap Heap Scan",
                          "Parent Relationship": "Outer",
                          "Parallel Aware": true,
                          "Relation Name": "movie_companies",
                          "Alias": "mc",
                          "Startup Cost": 8012.99,
                          "Total Cost": 28602.38,
                          "Plan Rows": 61307,
                          "Plan Width": 4,
                          "Actual Startup Time": 51.56,
                          "Actual Total Time": 63.108,
                          "Actual Rows": 21166,
                          "Actual Loops": 4,
                          "Recheck Cond": "(company_id < 197)",
                          "Rows Removed by Index Recheck": 0,
                          "Filter": "(company_type_id > 1)",
                          "Rows Removed by Filter": 70874,
                          "Exact Heap Blocks": 7518,
                          "Lossy Heap Blocks": 0,
                          "Plans": [
                            {
                              "Node Type": "Bitmap Index Scan",
                              "Parent Relationship": "Outer",
                              "Parallel Aware": false,
                              "Index Name": "company_id_movie_companies",
                              "Startup Cost": 0.0,
                              "Total Cost": 7965.48,
                              "Plan Rows": 371873,
                              "Plan Width": 0,
                              "Actual Startup Time": 19.737,
                              "Actual Total Time": 19.737,
                              "Actual Rows": 368162,
                              "Actual Loops": 1,
                              "Index Cond": "(company_id < 197)"
                            }
                          ]
                        },
                        {
                          "Node Type": "Hash",
                          "Parent Relationship": "Inner",
                          "Parallel Aware": true,
                          "Startup Cost": 45479.59,
                          "Total Cost": 45479.59,
                          "Plan Rows": 216992,
                          "Plan Width": 4,
                          "Actual Startup Time": 189.139,
                          "Actual Total Time": 189.139,
                          "Actual Rows": 224197,
                          "Actual Loops": 4,
                          "Hash Buckets": 1048576,
                          "Original Hash Buckets": 1048576,
                          "Hash Batches": 1,
                          "Original Hash Batches": 1,
                          "Peak Memory Usage": 43328,
                          "Plans": [
                            {
                              "Node Type": "Seq Scan",
                              "Parent Relationship": "Outer",
                              "Parallel Aware": true,
                              "Relation Name": "title",
                              "Alias": "t",
                              "Startup Cost": 0.0,
                              "Total Cost": 45479.59,
                              "Plan Rows": 216992,
                              "Plan Width": 4,
                              "Actual Startup Time": 0.043,
                              "Actual Total Time": 108.303,
                              "Actual Rows": 224197,
                              "Actual Loops": 4,
                              "Filter": "((kind_id < 7) AND (production_year < 2012))",
                              "Rows Removed by Filter": 407881
                            }
                          ]
                        }
                      ]
                    },
                    {
                      "Node Type": "Index Only Scan",
                      "Parent Relationship": "Inner",
                      "Parallel Aware": false,
                      "Scan Direction": "Forward",
                      "Index Name": "movie_id_movie_keyword",
                      "Relation Name": "movie_keyword",
                      "Alias": "mk",
                      "Startup Cost": 0.43,
                      "Total Cost": 1.45,
                      "Plan Rows": 46,
                      "Plan Width": 4,
                      "Actual Startup Time": 0.004,
                      "Actual Total Time": 0.005,
                      "Actual Rows": 7,
                      "Actual Loops": 36625,
                      "Index Cond": "(movie_id = t.id)",
                      "Rows Removed by Index Recheck": 0,
                      "Heap Fetches": 250196
                    }
                  ]
                }
              ]
            }
          ]
        }
      ]
    },
    "Planning Time": 1.499,
    "Triggers": [],
    "Execution Time": 362.054
  }
]