[
  {
    "Plan": {
      "Node Type": "Aggregate",
      "Strategy": "Plain",
      "Partial Mode": "Finalize",
      "Parallel Aware": false,
      "Startup Cost": 332257.94,
      "Total Cost": 332257.95,
      "Plan Rows": 1,
      "Plan Width": 8,
      "Actual Startup Time": 300.578,
      "Actual Total Time": 359.23,
      "Actual Rows": 1,
      "Actual Loops": 1,
      "Plans": [
        {
          "Node Type": "Gather",
          "Parent Relationship": "Outer",
          "Parallel Aware": false,
          "Startup Cost": 332257.52,
          "Total Cost": 332257.93,
          "Plan Rows": 4,
          "Plan Width": 8,
          "Actual Startup Time": 300.28,
          "Actual Total Time": 359.22,
          "Actual Rows": 5,
          "Actual Loops": 1,
          "Workers Planned": 4,
          "Workers Launched": 4,
          "Single Copy": false,
          "Plans": [
            {
              "Node Type": "Aggregate",
              "Strategy": "Plain",
              "Partial Mode": "Partial",
              "Parent Relationship": "Outer",
              "Parallel Aware": false,
              "Startup Cost": 331257.52,
              "Total Cost": 331257.53,
              "Plan Rows": 1,
              "Plan Width": 8,
              "Actual Startup Time": 289.929,
              "Actual Total Time": 289.93,
              "Actual Rows": 1,
              "Actual Loops": 5,
              "Plans": [
                {
                  "Node Type": "Nested Loop",
                  "Parent Relationship": "Outer",
                  "Parallel Aware": false,
                  "Join Type": "Inner",
                  "Startup Cost": 0.56,
                  "Total Cost": 331182.16,
                  "Plan Rows": 30147,
                  "Plan Width": 0,
                  "Actual Startup Time": 59.551,
                  "Actual Total Time": 288.774,
                  "Actual Rows": 15076,
                  "Actual Loops": 5,
                  "Inner Unique": false,
                  "Plans": [
                    {
                      "Node Type": "Seq Scan",
                      "Parent Relationship": "Outer",
                      "Parallel Aware": true,
                      "Relation Name": "title",
                      "Alias": "t",
                      "Startup Cost": 0.0,
                      "Total Cost": 45479.59,
                      "Plan Rows": 6475,
                      "Plan Width": 4,
                      "Actual Startup Time": 59.282,
                      "Actual Total Time": 84.254,
                      "Actual Rows": 3091,
                      "Actual Loops": 5,
                      "Filter": "((kind_id = 1) AND (production_year = 2005))",
                      "Rows Removed by Filter": 502571
                    },
                    {
                      "Node Type": "Index Scan",
                      "Parent Relationship": "Inner",
                      "Parallel Aware": false,
                      "Scan Direction": "Forward",
                      "Index Name": "movie_id_cast_info",
                      "Relation Name": "cast_info",
                      "Alias": "ci",
                      "Startup Cost": 0.56,
                      "Total Cost": 44.01,
                      "Plan Rows": 11,
                      "Plan Width": 4,
                      "Actual Startup Time": 0.017,
                      "Actual Total Time": 0.065,
                      "Actual Rows": 5,
                      "Actual Loops": 15457,
                      "Index Cond": "(movie_id = t.id)",
                      "Rows Removed by Index Recheck": 0,
                      "Filter": "((person_id > 264525) AND (role_id = 1))",
                      "Rows Removed by Filter": 14
                    }
                  ]
                }
              ]
            }
          ]
        }
      ]
    },
    "Planning Time": 0.755,
    "Triggers": [],
    "Execution Time": 359.331
  }
]