[
  {
    "Plan": {
      "Node Type": "Aggregate",
      "Strategy": "Plain",
      "Partial Mode": "Finalize",
      "Parallel Aware": false,
      "Startup Cost": 32790.7,
      "Total Cost": 32790.71,
      "Plan Rows": 1,
      "Plan Width": 8,
      "Actual Startup Time": 73.512,
      "Actual Total Time": 82.368,
      "Actual Rows": 1,
      "Actual Loops": 1,
      "Plans": [
        {
          "Node Type": "Gather",
          "Parent Relationship": "Outer",
          "Parallel Aware": false,
          "Startup Cost": 32790.38,
          "Total Cost": 32790.69,
          "Plan Rows": 3,
          "Plan Width": 8,
          "Actual Startup Time": 73.399,
          "Actual Total Time": 82.361,
          "Actual Rows": 4,
          "Actual Loops": 1,
          "Workers Planned": 3,
          "Workers Launched": 3,
          "Single Copy": false,
          "Plans": [
            {
              "Node Type": "Aggregate",
              "Strategy": "Plain",
              "Partial Mode": "Partial",
              "Parent Relationship": "Outer",
              "Parallel Aware": false,
              "Startup Cost": 31790.38,
              "Total Cost": 31790.39,
              "Plan Rows": 1,
              "Plan Width": 8,
              "Actual Startup Time": 69.856,
              "Actual Total Time": 69.857,
              "Actual Rows": 1,
              "Actual Loops": 4,
              "Plans": [
                {
                  "Node Type": "Seq Scan",
                  "Parent Relationship": "Outer",
                  "Parallel Aware": true,
                  "Relation Name": "movie_companies",
                  "Alias": "mc",
                  "Startup Cost": 0.0,
                  "Total Cost": 31414.82,
                  "Plan Rows": 150224,
                  "Plan Width": 0,
                  "Actual Startup Time": 36.586,
                  "Actual Total Time": 66.821,
                  "Actual Rows": 66226,
                  "Actual Loops": 4,
                  "Filter": "((company_id < 3043) AND (company_type_id = 2))",
                  "Rows Removed by Filter": 586056
                }
              ]
            }
          ]
        }
      ]
    },
    "Planning Time": 0.101,
    "Triggers": [],
    "Execution Time": 82.396
  }
]