[
  {
    "Plan": {
      "Node Type": "Aggregate",
      "Strategy": "Plain",
      "Partial Mode": "Finalize",
      "Parallel Aware": false,
      "Startup Cost": 338916.07,
      "Total Cost": 338916.08,
      "Plan Rows": 1,
      "Plan Width": 8,
      "Actual Startup Time": 363.67,
      "Actual Total Time": 377.905,
      "Actual Rows": 1,
      "Actual Loops": 1,
      "Plans": [
        {
          "Node Type": "Gather",
          "Parent Relationship": "Outer",
          "Parallel Aware": false,
          "Startup Cost": 338915.45,
          "Total Cost": 338916.06,
          "Plan Rows": 6,
          "Plan Width": 8,
          "Actual Startup Time": 357.304,
          "Actual Total Time": 377.89,
          "Actual Rows": 7,
          "Actual Loops": 1,
          "Workers Planned": 6,
          "Workers Launched": 6,
          "Single Copy": false,
          "Plans": [
            {
              "Node Type": "Aggregate",
              "Strategy": "Plain",
              "Partial Mode": "Partial",
              "Parent Relationship": "Outer",
              "Parallel Aware": false,
              "Startup Cost": 337915.45,
              "Total Cost": 337915.46,
              "Plan Rows": 1,
              "Plan Width": 8,
              "Actual Startup Time": 346.893,
              "Actual Total Time": 346.9,
              "Actual Rows": 1,
              "Actual Loops": 7,
              "Plans": [
                {
                  "Node Type": "Hash Join",
                  "Parent Relationship": "Outer",
                  "Parallel Aware": true,
                  "Join Type": "Inner",
                  "Startup Cost": 80620.92,
                  "Total Cost": 337694.26,
                  "Plan Rows": 88476,
                  "Plan Width": 0,
                  "Actual Startup Time": 206.271,
                  "Actual Total Time": 341.543,
                  "Actual Rows": 93134,
                  "Actual Loops": 7,
                  "Inner Unique": true,
                  "Hash Cond": "(ci.movie_id = t.id)",
                  "Plans": [
                    {
                      "Node Type": "Bitmap Heap Scan",
                      "Parent Relationship": "Outer",
                      "Parallel Aware": true,
                      "Relation Name": "cast_info",
                      "Alias": "ci",
                      "Startup Cost": 33561.36,
                      "Total Cost": 290054.02,
                      "Plan Rows": 221210,
                      "Plan Width": 4,
                      "Actual Startup Time": 62.263,
                      "Actual Total Time": 118.047,
                      "Actual Rows": 215024,
                      "Actual Loops": 7,
                      "Recheck Cond": "(person_id < 156442)",
                      "Rows Removed by Index Recheck": 0,
                      "Filter": "(role_id < 10)",
                      "Rows Removed by Filter": 9176,
                      "Exact Heap Blocks": 3137,
                      "Lossy Heap Blocks": 0,
                      "Plans": [
                        {
                          "Node Type": "Bitmap Index Scan",
                          "Parent Relationship": "Outer",
                          "Parallel Aware": false,
                          "Index Name": "person_id_cast_info",
                          "Startup Cost": 0.0,
                          "Total Cost": 33229.54,
                          "Plan Rows": 1522264,
                          "Plan Width": 0,
                          "Actual Startup Time": 59.395,
                          "Actual Total Time": 59.395,
                          "Actual Rows": 1569402,
                          "Actual Loops": 1,
                          "Index Cond": "(person_id < 156442)"
                        }
                      ]
                    },
                    {
                      "Node Type": "Hash",
                      "Parent Relationship": "Inner",
                      "Parallel Aware": true,
                      "Startup Cost": 43899.32,
                      "Total Cost": 43899.32,
                      "Plan Rows": 252819,
                      "Plan Width": 4,
                      "Actual Startup Time": 141.09,
                      "Actual Total Time": 141.091,
                      "Actual Rows": 145965,
                      "Actual Loops": 7,
                      "Hash Buckets": 1048576,
                      "Original Hash Buckets": 1048576,
                      "Hash Batches": 1,
                      "Original Hash Batches": 1,
                      "Peak Memory Usage": 48256,
                      "Plans": [
                        {
                          "Node Type": "Seq Scan",
                          "Parent Relationship": "Outer",
                          "Parallel Aware": true,
                          "Relation Name": "title",
                          "Alias": "t",
                          "Startup Cost": 0.0,
                          "Total Cost": 43899.32,
                          "Plan Rows": 252819,
                          "Plan Width": 4,
                          "Actual Startup Time": 0.04,
                          "Actual Total Time": 80.089,
                          "Actual Rows": 145965,
                          "Actual Loops": 7,
                          "Filter": "(production_year < 2000)",
                          "Rows Removed by Filter": 215223
                        }
                      ]
                    }
                  ]
                }
              ]
            }
          ]
        }
      ]
    },
    "Planning Time": 0.574,
    "Triggers": [],
    "Execution Time": 377.996
  }
]