[
  {
    "Plan": {
      "Node Type": "Aggregate",
      "Strategy": "Plain",
      "Partial Mode": "Finalize",
      "Parallel Aware": false,
      "Startup Cost": 346737.3,
      "Total Cost": 346737.31,
      "Plan Rows": 1,
      "Plan Width": 8,
      "Actual Startup Time": 650.98,
      "Actual Total Time": 712.291,
      "Actual Rows": 1,
      "Actual Loops": 1,
      "Plans": [
        {
          "Node Type": "Gather",
          "Parent Relationship": "Outer",
          "Parallel Aware": false,
          "Startup Cost": 346736.67,
          "Total Cost": 346737.28,
          "Plan Rows": 6,
          "Plan Width": 8,
          "Actual Startup Time": 650.842,
          "Actual Total Time": 712.264,
          "Actual Rows": 7,
          "Actual Loops": 1,
          "Workers Planned": 6,
          "Workers Launched": 6,
          "Single Copy": false,
          "Plans": [
            {
              "Node Type": "Aggregate",
              "Strategy": "Plain",
              "Partial Mode": "Partial",
              "Parent Relationship": "Outer",
              "Parallel Aware": false,
              "Startup Cost": 345736.67,
              "Total Cost": 345736.68,
              "Plan Rows": 1,
              "Plan Width": 8,
              "Actual Startup Time": 640.631,
              "Actual Total Time": 640.632,
              "Actual Rows": 1,
              "Actual Loops": 7,
              "Plans": [
                {
                  "Node Type": "Seq Scan",
                  "Parent Relationship": "Outer",
                  "Parallel Aware": true,
                  "Relation Name": "cast_info",
                  "Alias": "ci",
                  "Startup Cost": 0.0,
                  "Total Cost": 343257.03,
                  "Plan Rows": 991857,
                  "Plan Width": 0,
                  "Actual Startup Time": 347.065,
                  "Actual Total Time": 637.059,
                  "Actual Rows": 75371,
                  "Actual Loops": 7,
                  "Filter": "((person_id > 2632032) AND (role_id < 3))",
                  "Rows Removed by Filter": 5102392
                }
              ]
            }
          ]
        }
      ]
    },
    "Planning Time": 0.227,
    "Triggers": [],
    "Execution Time": 712.368
  }
]