[
  {
    "Plan": {
      "Node Type": "Aggregate",
      "Strategy": "Plain",
      "Partial Mode": "Finalize",
      "Parallel Aware": false,
      "Startup Cost": 46405.39,
      "Total Cost": 46405.4,
      "Plan Rows": 1,
      "Plan Width": 8,
      "Actual Startup Time": 167.11,
      "Actual Total Time": 176.688,
      "Actual Rows": 1,
      "Actual Loops": 1,
      "Plans": [
        {
          "Node Type": "Gather",
          "Parent Relationship": "Outer",
          "Parallel Aware": false,
          "Startup Cost": 46405.07,
          "Total Cost": 46405.38,
          "Plan Rows": 3,
          "Plan Width": 8,
          "Actual Startup Time": 166.998,
          "Actual Total Time": 176.68,
          "Actual Rows": 4,
          "Actual Loops": 1,
          "Workers Planned": 3,
          "Workers Launched": 3,
          "Single Copy": false,
          "Plans": [
            {
              "Node Type": "Aggregate",
              "Strategy": "Plain",
              "Partial Mode": "Partial",
              "Parent Relationship": "Outer",
              "Parallel Aware": false,
              "Startup Cost": 45405.07,
              "Total Cost": 45405.08,
              "Plan Rows": 1,
              "Plan Width": 8,
              "Actual Startup Time": 158.167,
              "Actual Total Time": 158.168,
              "Actual Rows": 1,
              "Actual Loops": 4,
              "Plans": [
                {
                  "Node Type": "Seq Scan",
                  "Parent Relationship": "Outer",
                  "Parallel Aware": true,
                  "Relation Name": "movie_keyword",
                  "Alias": "mk",
                  "Startup Cost": 0.0,
                  "Total Cost": 42695.65,
                  "Plan Rows": 1083767,
                  "Plan Width": 0,
                  "Actual Startup Time": 0.081,
                  "Actual Total Time": 120.789,
                  "Actual Rows": 838038,
                  "Actual Loops": 4,
                  "Filter": "(keyword_id < 15914)",
                  "Rows Removed by Filter": 292945
                }
              ]
            }
          ]
        }
      ]
    },
    "Planning Time": 0.17,
    "Triggers": [],
    "Execution Time": 176.743
  }
]