[
    {
        "Bao": {
            "Bao prediction": "NaN",
            "Bao recommended hint": "(no hint)"
        }
    },
    {
        "Plan": {
            "Node Type": "Aggregate",
            "Strategy": "Plain",
            "Partial Mode": "Finalize",
            "Parallel Aware": false,
            "Startup Cost": 262095.73,
            "Total Cost": 262095.74,
            "Plan Rows": 1,
            "Plan Width": 8,
            "Actual Startup Time": 177.164,
            "Actual Total Time": 184.365,
            "Actual Rows": 1,
            "Actual Loops": 1,
            "Output": [
                "count(*)"
            ],
            "Plans": [
                {
                    "Node Type": "Gather",
                    "Parent Relationship": "Outer",
                    "Parallel Aware": false,
                    "Startup Cost": 262095.21,
                    "Total Cost": 262095.72,
                    "Plan Rows": 5,
                    "Plan Width": 8,
                    "Actual Startup Time": 172.334,
                    "Actual Total Time": 184.357,
                    "Actual Rows": 6,
                    "Actual Loops": 1,
                    "Output": [
                        "(PARTIAL count(*))"
                    ],
                    "Workers Planned": 5,
                    "Workers Launched": 5,
                    "Single Copy": false,
                    "Plans": [
                        {
                            "Node Type": "Aggregate",
                            "Strategy": "Plain",
                            "Partial Mode": "Partial",
                            "Parent Relationship": "Outer",
                            "Parallel Aware": false,
                            "Startup Cost": 261095.21,
                            "Total Cost": 261095.22,
                            "Plan Rows": 1,
                            "Plan Width": 8,
                            "Actual Startup Time": 161.896,
                            "Actual Total Time": 161.9,
                            "Actual Rows": 1,
                            "Actual Loops": 6,
                            "Output": [
                                "PARTIAL count(*)"
                            ],
                            "Workers": [
                                {
                                    "Worker Number": 0,
                                    "Actual Startup Time": 159.42,
                                    "Actual Total Time": 159.423,
                                    "Actual Rows": 1,
                                    "Actual Loops": 1
                                },
                                {
                                    "Worker Number": 1,
                                    "Actual Startup Time": 159.936,
                                    "Actual Total Time": 159.939,
                                    "Actual Rows": 1,
                                    "Actual Loops": 1
                                },
                                {
                                    "Worker Number": 2,
                                    "Actual Startup Time": 159.47,
                                    "Actual Total Time": 159.473,
                                    "Actual Rows": 1,
                                    "Actual Loops": 1
                                },
                                {
                                    "Worker Number": 3,
                                    "Actual Startup Time": 160.162,
                                    "Actual Total Time": 160.166,
                                    "Actual Rows": 1,
                                    "Actual Loops": 1
                                },
                                {
                                    "Worker Number": 4,
                                    "Actual Startup Time": 160.441,
                                    "Actual Total Time": 160.443,
                                    "Actual Rows": 1,
                                    "Actual Loops": 1
                                }
                            ],
                            "Plans": [
                                {
                                    "Node Type": "Nested Loop",
                                    "Parent Relationship": "Outer",
                                    "Parallel Aware": false,
                                    "Join Type": "Inner",
                                    "Startup Cost": 53599.69,
                                    "Total Cost": 261000.17,
                                    "Plan Rows": 38014,
                                    "Plan Width": 0,
                                    "Actual Startup Time": 146.6,
                                    "Actual Total Time": 161.822,
                                    "Actual Rows": 1437,
                                    "Actual Loops": 6,
                                    "Inner Unique": false,
                                    "Workers": [
                                        {
                                            "Worker Number": 0,
                                            "Actual Startup Time": 143.954,
                                            "Actual Total Time": 159.391,
                                            "Actual Rows": 405,
                                            "Actual Loops": 1
                                        },
                                        {
                                            "Worker Number": 1,
                                            "Actual Startup Time": 144.018,
                                            "Actual Total Time": 159.821,
                                            "Actual Rows": 1828,
                                            "Actual Loops": 1
                                        },
                                        {
                                            "Worker Number": 2,
                                            "Actual Startup Time": 148.69,
                                            "Actual Total Time": 159.465,
                                            "Actual Rows": 16,
                                            "Actual Loops": 1
                                        },
                                        {
                                            "Worker Number": 3,
                                            "Actual Startup Time": 144.198,
                                            "Actual Total Time": 160.142,
                                            "Actual Rows": 247,
                                            "Actual Loops": 1
                                        },
                                        {
                                            "Worker Number": 4,
                                            "Actual Startup Time": 143.189,
                                            "Actual Total Time": 160.394,
                                            "Actual Rows": 621,
                                            "Actual Loops": 1
                                        }
                                    ],
                                    "Plans": [
                                        {
                                            "Node Type": "Hash Join",
                                            "Parent Relationship": "Outer",
                                            "Parallel Aware": true,
                                            "Join Type": "Inner",
                                            "Startup Cost": 53599.25,
                                            "Total Cost": 220808.62,
                                            "Plan Rows": 21245,
                                            "Plan Width": 8,
                                            "Actual Startup Time": 145.843,
                                            "Actual Total Time": 161.134,
                                            "Actual Rows": 47,
                                            "Actual Loops": 6,
                                            "Output": [
                                                "t.id",
                                                "mi.movie_id"
                                            ],
                                            "Inner Unique": true,
                                            "Hash Cond": "(mi.movie_id = t.id)",
                                            "Workers": [
                                                {
                                                    "Worker Number": 0,
                                                    "Actual Startup Time": 143.878,
                                                    "Actual Total Time": 159.053,
                                                    "Actual Rows": 23,
                                                    "Actual Loops": 1
                                                },
                                                {
                                                    "Worker Number": 1,
                                                    "Actual Startup Time": 143.905,
                                                    "Actual Total Time": 158.735,
                                                    "Actual Rows": 57,
                                                    "Actual Loops": 1
                                                },
                                                {
                                                    "Worker Number": 2,
                                                    "Actual Startup Time": 144.595,
                                                    "Actual Total Time": 159.34,
                                                    "Actual Rows": 4,
                                                    "Actual Loops": 1
                                                },
                                                {
                                                    "Worker Number": 3,
                                                    "Actual Startup Time": 144.101,
                                                    "Actual Total Time": 159.866,
                                                    "Actual Rows": 16,
                                                    "Actual Loops": 1
                                                },
                                                {
                                                    "Worker Number": 4,
                                                    "Actual Startup Time": 143.054,
                                                    "Actual Total Time": 159.815,
                                                    "Actual Rows": 103,
                                                    "Actual Loops": 1
                                                }
                                            ],
                                            "Plans": [
                                                {
                                                    "Node Type": "Bitmap Heap Scan",
                                                    "Parent Relationship": "Outer",
                                                    "Parallel Aware": true,
                                                    "Relation Name": "movie_info",
                                                    "Schema": "public",
                                                    "Alias": "mi",
                                                    "Startup Cost": 5183.22,
                                                    "Total Cost": 172242.55,
                                                    "Plan Rows": 57156,
                                                    "Plan Width": 4,
                                                    "Actual Startup Time": 12.109,
                                                    "Actual Total Time": 24.508,
                                                    "Actual Rows": 51131,
                                                    "Actual Loops": 6,
                                                    "Output": [
                                                        "mi.id",
                                                        "mi.movie_id",
                                                        "mi.info_type_id",
                                                        "mi.info",
                                                        "mi.note"
                                                    ],
                                                    "Recheck Cond": "(mi.info_type_id > 105)",
                                                    "Rows Removed by Index Recheck": 0,
                                                    "Exact Heap Blocks": 1139,
                                                    "Lossy Heap Blocks": 0,
                                                    "Workers": [
                                                        {
                                                            "Worker Number": 0,
                                                            "Actual Startup Time": 12.404,
                                                            "Actual Total Time": 24.733,
                                                            "Actual Rows": 48954,
                                                            "Actual Loops": 1
                                                        },
                                                        {
                                                            "Worker Number": 1,
                                                            "Actual Startup Time": 12.256,
                                                            "Actual Total Time": 24.26,
                                                            "Actual Rows": 45944,
                                                            "Actual Loops": 1
                                                        },
                                                        {
                                                            "Worker Number": 2,
                                                            "Actual Startup Time": 12.076,
                                                            "Actual Total Time": 24.777,
                                                            "Actual Rows": 49704,
                                                            "Actual Loops": 1
                                                        },
                                                        {
                                                            "Worker Number": 3,
                                                            "Actual Startup Time": 11.891,
                                                            "Actual Total Time": 25.177,
                                                            "Actual Rows": 48826,
                                                            "Actual Loops": 1
                                                        },
                                                        {
                                                            "Worker Number": 4,
                                                            "Actual Startup Time": 12.161,
                                                            "Actual Total Time": 24.782,
                                                            "Actual Rows": 48046,
                                                            "Actual Loops": 1
                                                        }
                                                    ],
                                                    "Plans": [
                                                        {
                                                            "Node Type": "Bitmap Index Scan",
                                                            "Parent Relationship": "Outer",
                                                            "Parallel Aware": false,
                                                            "Index Name": "info_type_id_movie_info",
                                                            "Startup Cost": 0.0,
                                                            "Total Cost": 5111.78,
                                                            "Plan Rows": 285779,
                                                            "Plan Width": 0,
                                                            "Actual Startup Time": 11.171,
                                                            "Actual Total Time": 11.171,
                                                            "Actual Rows": 306788,
                                                            "Actual Loops": 1,
                                                            "Index Cond": "(mi.info_type_id > 105)"
                                                        }
                                                    ]
                                                },
                                                {
                                                    "Node Type": "Hash",
                                                    "Parent Relationship": "Inner",
                                                    "Parallel Aware": true,
                                                    "Startup Cost": 45479.21,
                                                    "Total Cost": 45479.21,
                                                    "Plan Rows": 234946,
                                                    "Plan Width": 4,
                                                    "Actual Startup Time": 126.681,
                                                    "Actual Total Time": 126.681,
                                                    "Actual Rows": 146006,
                                                    "Actual Loops": 6,
                                                    "Output": [
                                                        "t.id"
                                                    ],
                                                    "Hash Buckets": 1048576,
                                                    "Original Hash Buckets": 1048576,
                                                    "Hash Batches": 1,
                                                    "Original Hash Batches": 1,
                                                    "Peak Memory Usage": 42560,
                                                    "Workers": [
                                                        {
                                                            "Worker Number": 0,
                                                            "Actual Startup Time": 125.848,
                                                            "Actual Total Time": 125.849,
                                                            "Actual Rows": 134193,
                                                            "Actual Loops": 1
                                                        },
                                                        {
                                                            "Worker Number": 1,
                                                            "Actual Startup Time": 125.836,
                                                            "Actual Total Time": 125.837,
                                                            "Actual Rows": 137112,
                                                            "Actual Loops": 1
                                                        },
                                                        {
                                                            "Worker Number": 2,
                                                            "Actual Startup Time": 125.98,
                                                            "Actual Total Time": 125.981,
                                                            "Actual Rows": 136589,
                                                            "Actual Loops": 1
                                                        },
                                                        {
                                                            "Worker Number": 3,
                                                            "Actual Startup Time": 126.571,
                                                            "Actual Total Time": 126.573,
                                                            "Actual Rows": 129169,
                                                            "Actual Loops": 1
                                                        },
                                                        {
                                                            "Worker Number": 4,
                                                            "Actual Startup Time": 126.853,
                                                            "Actual Total Time": 126.853,
                                                            "Actual Rows": 135798,
                                                            "Actual Loops": 1
                                                        }
                                                    ],
                                                    "Plans": [
                                                        {
                                                            "Node Type": "Seq Scan",
                                                            "Parent Relationship": "Outer",
                                                            "Parallel Aware": true,
                                                            "Relation Name": "title",
                                                            "Schema": "public",
                                                            "Alias": "t",
                                                            "Startup Cost": 0.0,
                                                            "Total Cost": 45479.21,
                                                            "Plan Rows": 234946,
                                                            "Plan Width": 4,
                                                            "Actual Startup Time": 0.036,
                                                            "Actual Total Time": 74.324,
                                                            "Actual Rows": 146006,
                                                            "Actual Loops": 6,
                                                            "Output": [
                                                                "t.id"
                                                            ],
                                                            "Filter": "((t.production_year < 2007) AND (t.kind_id = 7))",
                                                            "Rows Removed by Filter": 275379,
                                                            "Workers": [
                                                                {
                                                                    "Worker Number": 0,
                                                                    "Actual Startup Time": 0.036,
                                                                    "Actual Total Time": 75.746,
                                                                    "Actual Rows": 134193,
                                                                    "Actual Loops": 1
                                                                },
                                                                {
                                                                    "Worker Number": 1,
                                                                    "Actual Startup Time": 0.048,
                                                                    "Actual Total Time": 75.497,
                                                                    "Actual Rows": 137112,
                                                                    "Actual Loops": 1
                                                                },
                                                                {
                                                                    "Worker Number": 2,
                                                                    "Actual Startup Time": 0.036,
                                                                    "Actual Total Time": 75.905,
                                                                    "Actual Rows": 136589,
                                                                    "Actual Loops": 1
                                                                },
                                                                {
                                                                    "Worker Number": 3,
                                                                    "Actual Startup Time": 0.044,
                                                                    "Actual Total Time": 74.583,
                                                                    "Actual Rows": 129169,
                                                                    "Actual Loops": 1
                                                                },
                                                                {
                                                                    "Worker Number": 4,
                                                                    "Actual Startup Time": 0.039,
                                                                    "Actual Total Time": 76.197,
                                                                    "Actual Rows": 135798,
                                                                    "Actual Loops": 1
                                                                }
                                                            ]
                                                        }
                                                    ]
                                                }
                                            ]
                                        },
                                        {
                                            "Node Type": "Index Only Scan",
                                            "Parent Relationship": "Inner",
                                            "Parallel Aware": false,
                                            "Scan Direction": "Forward",
                                            "Index Name": "movie_id_movie_keyword",
                                            "Relation Name": "movie_keyword",
                                            "Schema": "public",
                                            "Alias": "mk",
                                            "Startup Cost": 0.43,
                                            "Total Cost": 1.43,
                                            "Plan Rows": 46,
                                            "Plan Width": 4,
                                            "Actual Startup Time": 0.006,
                                            "Actual Total Time": 0.012,
                                            "Actual Rows": 30,
                                            "Actual Loops": 284,
                                            "Output": [
                                                "mk.movie_id"
                                            ],
                                            "Index Cond": "(mk.movie_id = t.id)",
                                            "Rows Removed by Index Recheck": 0,
                                            "Heap Fetches": 8624,
                                            "Workers": [
                                                {
                                                    "Worker Number": 0,
                                                    "Actual Startup Time": 0.009,
                                                    "Actual Total Time": 0.012,
                                                    "Actual Rows": 18,
                                                    "Actual Loops": 23
                                                },
                                                {
                                                    "Worker Number": 1,
                                                    "Actual Startup Time": 0.006,
                                                    "Actual Total Time": 0.016,
                                                    "Actual Rows": 32,
                                                    "Actual Loops": 57
                                                },
                                                {
                                                    "Worker Number": 2,
                                                    "Actual Startup Time": 0.027,
                                                    "Actual Total Time": 0.028,
                                                    "Actual Rows": 4,
                                                    "Actual Loops": 4
                                                },
                                                {
                                                    "Worker Number": 3,
                                                    "Actual Startup Time": 0.012,
                                                    "Actual Total Time": 0.015,
                                                    "Actual Rows": 15,
                                                    "Actual Loops": 16
                                                },
                                                {
                                                    "Worker Number": 4,
                                                    "Actual Startup Time": 0.004,
                                                    "Actual Total Time": 0.005,
                                                    "Actual Rows": 6,
                                                    "Actual Loops": 103
                                                }
                                            ]
                                        }
                                    ]
                                }
                            ]
                        }
                    ]
                }
            ]
        },
        "Planning Time": 190.807,
        "Triggers": [],
        "Execution Time": 184.444
    }
]