[
  {
    "Plan": {
      "Node Type": "Aggregate",
      "Strategy": "Plain",
      "Partial Mode": "Finalize",
      "Parallel Aware": false,
      "Startup Cost": 131625.9,
      "Total Cost": 131625.91,
      "Plan Rows": 1,
      "Plan Width": 8,
      "Actual Startup Time": 1081.137,
      "Actual Total Time": 1102.504,
      "Actual Rows": 1,
      "Actual Loops": 1,
      "Plans": [
        {
          "Node Type": "Gather",
          "Parent Relationship": "Outer",
          "Parallel Aware": false,
          "Startup Cost": 131625.58,
          "Total Cost": 131625.89,
          "Plan Rows": 3,
          "Plan Width": 8,
          "Actual Startup Time": 1072.742,
          "Actual Total Time": 1102.491,
          "Actual Rows": 4,
          "Actual Loops": 1,
          "Workers Planned": 3,
          "Workers Launched": 3,
          "Single Copy": false,
          "Plans": [
            {
              "Node Type": "Aggregate",
              "Strategy": "Plain",
              "Partial Mode": "Partial",
              "Parent Relationship": "Outer",
              "Parallel Aware": false,
              "Startup Cost": 130625.58,
              "Total Cost": 130625.59,
              "Plan Rows": 1,
              "Plan Width": 8,
              "Actual Startup Time": 1063.6,
              "Actual Total Time": 1064.3,
              "Actual Rows": 1,
              "Actual Loops": 4,
              "Plans": [
                {
                  "Node Type": "Hash Join",
                  "Parent Relationship": "Outer",
                  "Parallel Aware": true,
                  "Join Type": "Inner",
                  "Startup Cost": 83655.43,
                  "Total Cost": 129400.41,
                  "Plan Rows": 490066,
                  "Plan Width": 0,
                  "Actual Startup Time": 635.226,
                  "Actual Total Time": 988.982,
                  "Actual Rows": 1756453,
                  "Actual Loops": 4,
                  "Inner Unique": false,
                  "Hash Cond": "(mk.movie_id = t.id)",
                  "Plans": [
                    {
                      "Node Type": "Seq Scan",
                      "Parent Relationship": "Outer",
                      "Parallel Aware": true,
                      "Relation Name": "movie_keyword",
                      "Alias": "mk",
                      "Startup Cost": 0.0,
                      "Total Cost": 39047.32,
                      "Plan Rows": 1459332,
                      "Plan Width": 4,
                      "Actual Startup Time": 0.029,
                      "Actual Total Time": 95.273,
                      "Actual Rows": 1130982,
                      "Actual Loops": 4
                    },
                    {
                      "Node Type": "Hash",
                      "Parent Relationship": "Inner",
                      "Parallel Aware": true,
                      "Startup Cost": 81002.18,
                      "Total Cost": 81002.18,
                      "Plan Rows": 212260,
                      "Plan Width": 8,
                      "Actual Startup Time": 628.582,
                      "Actual Total Time": 629.28,
                      "Actual Rows": 264927,
                      "Actual Loops": 4,
                      "Hash Buckets": 2097152,
                      "Original Hash Buckets": 1048576,
                      "Hash Batches": 1,
                      "Original Hash Batches": 1,
                      "Peak Memory Usage": 66112,
                      "Plans": [
                        {
                          "Node Type": "Hash Join",
                          "Parent Relationship": "Outer",
                          "Parallel Aware": true,
                          "Join Type": "Inner",
                          "Startup Cost": 34838.37,
                          "Total Cost": 81002.18,
                          "Plan Rows": 212260,
                          "Plan Width": 8,
                          "Actual Startup Time": 200.117,
                          "Actual Total Time": 510.467,
                          "Actual Rows": 264927,
                          "Actual Loops": 4,
                          "Inner Unique": false,
                          "Hash Cond": "(t.id = mc.movie_id)",
                          "Plans": [
                            {
                              "Node Type": "Seq Scan",
                              "Parent Relationship": "Outer",
                              "Parallel Aware": true,
                              "Relation Name": "title",
                              "Alias": "t",
                              "Startup Cost": 0.0,
                              "Total Cost": 42318.73,
                              "Plan Rows": 632073,
                              "Plan Width": 4,
                              "Actual Startup Time": 0.012,
                              "Actual Total Time": 82.981,
                              "Actual Rows": 632078,
                              "Actual Loops": 4
                            },
                            {
                              "Node Type": "Hash",
                              "Parent Relationship": "Inner",
                              "Parallel Aware": true,
                              "Startup Cost": 31414.82,
                              "Total Cost": 31414.82,
                              "Plan Rows": 273884,
                              "Plan Width": 4,
                              "Actual Startup Time": 197.43,
                              "Actual Total Time": 197.431,
                              "Actual Rows": 264927,
                              "Actual Loops": 4,
                              "Hash Buckets": 2097152,
                              "Original Hash Buckets": 1048576,
                              "Hash Batches": 1,
                              "Original Hash Batches": 1,
                              "Peak Memory Usage": 66080,
                              "Plans": [
                                {
                                  "Node Type": "Seq Scan",
                                  "Parent Relationship": "Outer",
                                  "Parallel Aware": true,
                                  "Relation Name": "movie_companies",
                                  "Alias": "mc",
                                  "Startup Cost": 0.0,
                                  "Total Cost": 31414.82,
                                  "Plan Rows": 273884,
                                  "Plan Width": 4,
                                  "Actual Startup Time": 48.802,
                                  "Actual Total Time": 93.152,
                                  "Actual Rows": 264927,
                                  "Actual Loops": 4,
                                  "Filter": "((company_id > 3432) AND (company_type_id = 2))",
                                  "Rows Removed by Filter": 387355
                                }
                              ]
                            }
                          ]
                        }
                      ]
                    }
                  ]
                }
              ]
            }
          ]
        }
      ]
    },
    "Planning Time": 1.412,
    "Triggers": [],
    "Execution Time": 1102.595
  }
]