[
  {
    "Plan": {
      "Node Type": "Aggregate",
      "Strategy": "Plain",
      "Partial Mode": "Finalize",
      "Parallel Aware": false,
      "Startup Cost": 330894.0,
      "Total Cost": 330894.01,
      "Plan Rows": 1,
      "Plan Width": 8,
      "Actual Startup Time": 391.371,
      "Actual Total Time": 406.964,
      "Actual Rows": 1,
      "Actual Loops": 1,
      "Plans": [
        {
          "Node Type": "Gather",
          "Parent Relationship": "Outer",
          "Parallel Aware": false,
          "Startup Cost": 330893.37,
          "Total Cost": 330893.98,
          "Plan Rows": 6,
          "Plan Width": 8,
          "Actual Startup Time": 377.418,
          "Actual Total Time": 406.953,
          "Actual Rows": 7,
          "Actual Loops": 1,
          "Workers Planned": 6,
          "Workers Launched": 6,
          "Single Copy": false,
          "Plans": [
            {
              "Node Type": "Aggregate",
              "Strategy": "Plain",
              "Partial Mode": "Partial",
              "Parent Relationship": "Outer",
              "Parallel Aware": false,
              "Startup Cost": 329893.37,
              "Total Cost": 329893.38,
              "Plan Rows": 1,
              "Plan Width": 8,
              "Actual Startup Time": 368.321,
              "Actual Total Time": 368.324,
              "Actual Rows": 1,
              "Actual Loops": 7,
              "Plans": [
                {
                  "Node Type": "Hash Join",
                  "Parent Relationship": "Outer",
                  "Parallel Aware": true,
                  "Join Type": "Inner",
                  "Startup Cost": 74084.74,
                  "Total Cost": 329555.43,
                  "Plan Rows": 135176,
                  "Plan Width": 0,
                  "Actual Startup Time": 242.458,
                  "Actual Total Time": 360.307,
                  "Actual Rows": 129068,
                  "Actual Loops": 7,
                  "Inner Unique": true,
                  "Hash Cond": "(ci.movie_id = t.id)",
                  "Plans": [
                    {
                      "Node Type": "Bitmap Heap Scan",
                      "Parent Relationship": "Outer",
                      "Parallel Aware": true,
                      "Relation Name": "cast_info",
                      "Alias": "ci",
                      "Startup Cost": 24382.7,
                      "Total Cost": 279370.28,
                      "Plan Rows": 184046,
                      "Plan Width": 4,
                      "Actual Startup Time": 53.53,
                      "Actual Total Time": 92.915,
                      "Actual Rows": 170436,
                      "Actual Loops": 7,
                      "Recheck Cond": "(person_id > 3830350)",
                      "Rows Removed by Index Recheck": 0,
                      "Exact Heap Blocks": 2119,
                      "Lossy Heap Blocks": 0,
                      "Plans": [
                        {
                          "Node Type": "Bitmap Index Scan",
                          "Parent Relationship": "Outer",
                          "Parallel Aware": false,
                          "Index Name": "person_id_cast_info",
                          "Startup Cost": 0.0,
                          "Total Cost": 24106.63,
                          "Plan Rows": 1104276,
                          "Plan Width": 0,
                          "Actual Startup Time": 50.741,
                          "Actual Total Time": 50.742,
                          "Actual Rows": 1193049,
                          "Actual Loops": 1,
                          "Index Cond": "(person_id > 3830350)"
                        }
                      ]
                    },
                    {
                      "Node Type": "Hash",
                      "Parent Relationship": "Inner",
                      "Parallel Aware": true,
                      "Startup Cost": 43899.01,
                      "Total Cost": 43899.01,
                      "Plan Rows": 464242,
                      "Plan Width": 4,
                      "Actual Startup Time": 185.829,
                      "Actual Total Time": 185.83,
                      "Actual Rows": 266498,
                      "Actual Loops": 7,
                      "Hash Buckets": 2097152,
                      "Original Hash Buckets": 2097152,
                      "Hash Batches": 1,
                      "Original Hash Batches": 1,
                      "Peak Memory Usage": 89472,
                      "Plans": [
                        {
                          "Node Type": "Seq Scan",
                          "Parent Relationship": "Outer",
                          "Parallel Aware": true,
                          "Relation Name": "title",
                          "Alias": "t",
                          "Startup Cost": 0.0,
                          "Total Cost": 43899.01,
                          "Plan Rows": 464242,
                          "Plan Width": 4,
                          "Actual Startup Time": 0.034,
                          "Actual Total Time": 74.997,
                          "Actual Rows": 266498,
                          "Actual Loops": 7,
                          "Filter": "(kind_id > 1)",
                          "Rows Removed by Filter": 94689
                        }
                      ]
                    }
                  ]
                }
              ]
            }
          ]
        }
      ]
    },
    "Planning Time": 0.289,
    "Triggers": [],
    "Execution Time": 407.014
  }
]