[
  {
    "Plan": {
      "Node Type": "Aggregate",
      "Strategy": "Plain",
      "Partial Mode": "Finalize",
      "Parallel Aware": false,
      "Startup Cost": 291808.43,
      "Total Cost": 291808.44,
      "Plan Rows": 1,
      "Plan Width": 8,
      "Actual Startup Time": 1269.868,
      "Actual Total Time": 1316.416,
      "Actual Rows": 1,
      "Actual Loops": 1,
      "Plans": [
        {
          "Node Type": "Gather",
          "Parent Relationship": "Outer",
          "Parallel Aware": false,
          "Startup Cost": 291807.91,
          "Total Cost": 291808.42,
          "Plan Rows": 5,
          "Plan Width": 8,
          "Actual Startup Time": 1242.955,
          "Actual Total Time": 1316.392,
          "Actual Rows": 6,
          "Actual Loops": 1,
          "Workers Planned": 5,
          "Workers Launched": 5,
          "Single Copy": false,
          "Plans": [
            {
              "Node Type": "Aggregate",
              "Strategy": "Plain",
              "Partial Mode": "Partial",
              "Parent Relationship": "Outer",
              "Parallel Aware": false,
              "Startup Cost": 290807.91,
              "Total Cost": 290807.92,
              "Plan Rows": 1,
              "Plan Width": 8,
              "Actual Startup Time": 1214.071,
              "Actual Total Time": 1214.081,
              "Actual Rows": 1,
              "Actual Loops": 6,
              "Plans": [
                {
                  "Node Type": "Hash Join",
                  "Parent Relationship": "Outer",
                  "Parallel Aware": true,
                  "Join Type": "Inner",
                  "Startup Cost": 80090.88,
                  "Total Cost": 289898.06,
                  "Plan Rows": 363938,
                  "Plan Width": 0,
                  "Actual Startup Time": 425.503,
                  "Actual Total Time": 1170.314,
                  "Actual Rows": 914407,
                  "Actual Loops": 6,
                  "Inner Unique": false,
                  "Hash Cond": "(mi.movie_id = t.id)",
                  "Plans": [
                    {
                      "Node Type": "Seq Scan",
                      "Parent Relationship": "Outer",
                      "Parallel Aware": true,
                      "Relation Name": "movie_info",
                      "Alias": "mi",
                      "Startup Cost": 0.0,
                      "Total Cost": 199108.24,
                      "Plan Rows": 2539986,
                      "Plan Width": 4,
                      "Actual Startup Time": 0.044,
                      "Actual Total Time": 386.656,
                      "Actual Rows": 2124109,
                      "Actual Loops": 6,
                      "Filter": "(info_type_id > 2)",
                      "Rows Removed by Filter": 348511
                    },
                    {
                      "Node Type": "Hash",
                      "Parent Relationship": "Inner",
                      "Parallel Aware": true,
                      "Startup Cost": 78630.07,
                      "Total Cost": 78630.07,
                      "Plan Rows": 116865,
                      "Plan Width": 8,
                      "Actual Startup Time": 422.923,
                      "Actual Total Time": 422.93,
                      "Actual Rows": 59393,
                      "Actual Loops": 6,
                      "Hash Buckets": 524288,
                      "Original Hash Buckets": 524288,
                      "Hash Batches": 1,
                      "Original Hash Batches": 1,
                      "Peak Memory Usage": 18144,
                      "Plans": [
                        {
                          "Node Type": "Hash Join",
                          "Parent Relationship": "Outer",
                          "Parallel Aware": true,
                          "Join Type": "Inner",
                          "Startup Cost": 58072.49,
                          "Total Cost": 78630.07,
                          "Plan Rows": 116865,
                          "Plan Width": 8,
                          "Actual Startup Time": 324.862,
                          "Actual Total Time": 396.091,
                          "Actual Rows": 59393,
                          "Actual Loops": 6,
                          "Inner Unique": true,
                          "Hash Cond": "(mc.movie_id = t.id)",
                          "Plans": [
                            {
                              "Node Type": "Bitmap Heap Scan",
                              "Parent Relationship": "Outer",
                              "Parallel Aware": true,
                              "Relation Name": "movie_companies",
                              "Alias": "mc",
                              "Startup Cost": 7852.11,
                              "Total Cost": 28102.92,
                              "Plan Rows": 116865,
                              "Plan Width": 4,
                              "Actual Startup Time": 18.963,
                              "Actual Total Time": 50.456,
                              "Actual Rows": 59393,
                              "Actual Loops": 6,
                              "Recheck Cond": "(company_id < 180)",
                              "Rows Removed by Index Recheck": 0,
                              "Exact Heap Blocks": 4046,
                              "Lossy Heap Blocks": 0,
                              "Plans": [
                                {
                                  "Node Type": "Bitmap Index Scan",
                                  "Parent Relationship": "Outer",
                                  "Parallel Aware": false,
                                  "Index Name": "company_id_movie_companies",
                                  "Startup Cost": 0.0,
                                  "Total Cost": 7761.54,
                                  "Plan Rows": 362281,
                                  "Plan Width": 0,
                                  "Actual Startup Time": 16.252,
                                  "Actual Total Time": 16.253,
                                  "Actual Rows": 356356,
                                  "Actual Loops": 1,
                                  "Index Cond": "(company_id < 180)"
                                }
                              ]
                            },
                            {
                              "Node Type": "Hash",
                              "Parent Relationship": "Inner",
                              "Parallel Aware": true,
                              "Startup Cost": 42319.06,
                              "Total Cost": 42319.06,
                              "Plan Rows": 632106,
                              "Plan Width": 4,
                              "Actual Startup Time": 298.815,
                              "Actual Total Time": 298.817,
                              "Actual Rows": 421385,
                              "Actual Loops": 6,
                              "Hash Buckets": 4194304,
                              "Original Hash Buckets": 4194304,
                              "Hash Batches": 1,
                              "Original Hash Batches": 1,
                              "Peak Memory Usage": 131744,
                              "Plans": [
                                {
                                  "Node Type": "Seq Scan",
                                  "Parent Relationship": "Outer",
                                  "Parallel Aware": true,
                                  "Relation Name": "title",
                                  "Alias": "t",
                                  "Startup Cost": 0.0,
                                  "Total Cost": 42319.06,
                                  "Plan Rows": 632106,
                                  "Plan Width": 4,
                                  "Actual Startup Time": 0.031,
                                  "Actual Total Time": 90.514,
                                  "Actual Rows": 421385,
                                  "Actual Loops": 6
                                }
                              ]
                            }
                          ]
                        }
                      ]
                    }
                  ]
                }
              ]
            }
          ]
        }
      ]
    },
    "Planning Time": 0.592,
    "Triggers": [],
    "Execution Time": 1316.502
  }
]