[
    {
        "Bao": {
            "Bao prediction": "NaN",
            "Bao recommended hint": "(no hint)"
        }
    },
    {
        "Plan": {
            "Node Type": "Aggregate",
            "Strategy": "Plain",
            "Partial Mode": "Finalize",
            "Parallel Aware": false,
            "Startup Cost": 30981.12,
            "Total Cost": 30981.13,
            "Plan Rows": 1,
            "Plan Width": 8,
            "Actual Startup Time": 85.771,
            "Actual Total Time": 89.987,
            "Actual Rows": 1,
            "Actual Loops": 1,
            "Output": [
                "count(*)"
            ],
            "Plans": [
                {
                    "Node Type": "Gather",
                    "Parent Relationship": "Outer",
                    "Parallel Aware": false,
                    "Startup Cost": 30980.8,
                    "Total Cost": 30981.11,
                    "Plan Rows": 3,
                    "Plan Width": 8,
                    "Actual Startup Time": 85.506,
                    "Actual Total Time": 89.98,
                    "Actual Rows": 4,
                    "Actual Loops": 1,
                    "Output": [
                        "(PARTIAL count(*))"
                    ],
                    "Workers Planned": 3,
                    "Workers Launched": 3,
                    "Single Copy": false,
                    "Plans": [
                        {
                            "Node Type": "Aggregate",
                            "Strategy": "Plain",
                            "Partial Mode": "Partial",
                            "Parent Relationship": "Outer",
                            "Parallel Aware": false,
                            "Startup Cost": 29980.8,
                            "Total Cost": 29980.81,
                            "Plan Rows": 1,
                            "Plan Width": 8,
                            "Actual Startup Time": 76.29,
                            "Actual Total Time": 76.291,
                            "Actual Rows": 1,
                            "Actual Loops": 4,
                            "Output": [
                                "PARTIAL count(*)"
                            ],
                            "Workers": [
                                {
                                    "Worker Number": 0,
                                    "Actual Startup Time": 73.03,
                                    "Actual Total Time": 73.031,
                                    "Actual Rows": 1,
                                    "Actual Loops": 1
                                },
                                {
                                    "Worker Number": 1,
                                    "Actual Startup Time": 73.027,
                                    "Actual Total Time": 73.029,
                                    "Actual Rows": 1,
                                    "Actual Loops": 1
                                },
                                {
                                    "Worker Number": 2,
                                    "Actual Startup Time": 74.118,
                                    "Actual Total Time": 74.12,
                                    "Actual Rows": 1,
                                    "Actual Loops": 1
                                }
                            ],
                            "Plans": [
                                {
                                    "Node Type": "Bitmap Heap Scan",
                                    "Parent Relationship": "Outer",
                                    "Parallel Aware": true,
                                    "Relation Name": "movie_companies",
                                    "Schema": "public",
                                    "Alias": "mc",
                                    "Startup Cost": 8998.13,
                                    "Total Cost": 29809.07,
                                    "Plan Rows": 68690,
                                    "Plan Width": 0,
                                    "Actual Startup Time": 60.669,
                                    "Actual Total Time": 75.041,
                                    "Actual Rows": 24180,
                                    "Actual Loops": 4,
                                    "Recheck Cond": "(mc.company_id < 276)",
                                    "Rows Removed by Index Recheck": 0,
                                    "Filter": "(mc.company_type_id = 2)",
                                    "Rows Removed by Filter": 79068,
                                    "Exact Heap Blocks": 9791,
                                    "Lossy Heap Blocks": 0,
                                    "Workers": [
                                        {
                                            "Worker Number": 0,
                                            "Actual Startup Time": 57.415,
                                            "Actual Total Time": 71.864,
                                            "Actual Rows": 21546,
                                            "Actual Loops": 1
                                        },
                                        {
                                            "Worker Number": 1,
                                            "Actual Startup Time": 57.412,
                                            "Actual Total Time": 71.865,
                                            "Actual Rows": 19785,
                                            "Actual Loops": 1
                                        },
                                        {
                                            "Worker Number": 2,
                                            "Actual Startup Time": 58.491,
                                            "Actual Total Time": 72.97,
                                            "Actual Rows": 19402,
                                            "Actual Loops": 1
                                        }
                                    ],
                                    "Plans": [
                                        {
                                            "Node Type": "Bitmap Index Scan",
                                            "Parent Relationship": "Outer",
                                            "Parallel Aware": false,
                                            "Index Name": "company_id_movie_companies",
                                            "Startup Cost": 0.0,
                                            "Total Cost": 8944.9,
                                            "Plan Rows": 417662,
                                            "Plan Width": 0,
                                            "Actual Startup Time": 28.5,
                                            "Actual Total Time": 28.5,
                                            "Actual Rows": 412991,
                                            "Actual Loops": 1,
                                            "Index Cond": "(mc.company_id < 276)"
                                        }
                                    ]
                                }
                            ]
                        }
                    ]
                }
            ]
        },
        "Planning Time": 216.063,
        "Triggers": [],
        "Execution Time": 90.092
    }
]