{
  "Plan": {
    "Node Type": "Aggregate",
    "Strategy": "Plain",
    "Partial Mode": "Finalize",
    "Parallel Aware": false,
    "Startup Cost": 233721.19,
    "Total Cost": 233721.2,
    "Plan Rows": 1,
    "Plan Width": 8,
    "Actual Startup Time": 1822.221,
    "Actual Total Time": 1848.456,
    "Actual Rows": 1,
    "Actual Loops": 1,
    "Plans": [
      {
        "Node Type": "Gather",
        "Parent Relationship": "Outer",
        "Parallel Aware": false,
        "Startup Cost": 233721.08,
        "Total Cost": 233721.19,
        "Plan Rows": 1,
        "Plan Width": 8,
        "Actual Startup Time": 1821.303,
        "Actual Total Time": 1848.449,
        "Actual Rows": 2,
        "Actual Loops": 1,
        "Workers Planned": 1,
        "Workers Launched": 1,
        "Single Copy": false,
        "Plans": [
          {
            "Node Type": "Aggregate",
            "Strategy": "Plain",
            "Partial Mode": "Partial",
            "Parent Relationship": "Outer",
            "Parallel Aware": false,
            "Startup Cost": 232721.08,
            "Total Cost": 232721.09,
            "Plan Rows": 1,
            "Plan Width": 8,
            "Actual Startup Time": 1815.221,
            "Actual Total Time": 1815.225,
            "Actual Rows": 1,
            "Actual Loops": 2,
            "Plans": [
              {
                "Node Type": "Hash Join",
                "Parent Relationship": "Outer",
                "Parallel Aware": true,
                "Join Type": "Inner",
                "Startup Cost": 169056.55,
                "Total Cost": 231939.7,
                "Plan Rows": 312551,
                "Plan Width": 0,
                "Actual Startup Time": 1212.049,
                "Actual Total Time": 1725.092,
                "Actual Rows": 1785612,
                "Actual Loops": 2,
                "Inner Unique": false,
                "Hash Cond": "(mk.movie_id = t.id)",
                "Plans": [
                  {
                    "Node Type": "Seq Scan",
                    "Parent Relationship": "Outer",
                    "Parallel Aware": true,
                    "Relation Name": "movie_keyword",
                    "Alias": "mk",
                    "Startup Cost": 0.0,
                    "Total Cost": 51065.35,
                    "Plan Rows": 2661135,
                    "Plan Width": 4,
                    "Actual Startup Time": 0.016,
                    "Actual Total Time": 174.397,
                    "Actual Rows": 2261965,
                    "Actual Loops": 2
                  },
                  {
                    "Node Type": "Hash",
                    "Parent Relationship": "Inner",
                    "Parallel Aware": true,
                    "Startup Cost": 166873.1,
                    "Total Cost": 166873.1,
                    "Plan Rows": 174676,
                    "Plan Width": 8,
                    "Actual Startup Time": 1206.421,
                    "Actual Total Time": 1206.423,
                    "Actual Rows": 218486,
                    "Actual Loops": 2,
                    "Hash Buckets": 524288,
                    "Original Hash Buckets": 524288,
                    "Hash Batches": 1,
                    "Original Hash Batches": 1,
                    "Peak Memory Usage": 21216,
                    "Plans": [
                      {
                        "Node Type": "Merge Join",
                        "Parent Relationship": "Outer",
                        "Parallel Aware": false,
                        "Join Type": "Inner",
                        "Startup Cost": 2.89,
                        "Total Cost": 166873.1,
                        "Plan Rows": 174676,
                        "Plan Width": 8,
                        "Actual Startup Time": 0.719,
                        "Actual Total Time": 1152.476,
                        "Actual Rows": 218486,
                        "Actual Loops": 2,
                        "Inner Unique": false,
                        "Merge Cond": "(t.id = mi_idx.movie_id)",
                        "Plans": [
                          {
                            "Node Type": "Index Scan",
                            "Parent Relationship": "Outer",
                            "Parallel Aware": true,
                            "Scan Direction": "Forward",
                            "Index Name": "title_pkey",
                            "Relation Name": "title",
                            "Alias": "t",
                            "Startup Cost": 0.43,
                            "Total Cost": 107365.5,
                            "Plan Rows": 320015,
                            "Plan Width": 4,
                            "Actual Startup Time": 0.392,
                            "Actual Total Time": 713.198,
                            "Actual Rows": 229736,
                            "Actual Loops": 2,
                            "Filter": "((kind_id < 7) AND (production_year > 2000))",
                            "Rows Removed by Filter": 1033216
                          },
                          {
                            "Node Type": "Index Only Scan",
                            "Parent Relationship": "Inner",
                            "Parallel Aware": false,
                            "Scan Direction": "Forward",
                            "Index Name": "movie_id_movie_info_idx",
                            "Relation Name": "movie_info_idx",
                            "Alias": "mi_idx",
                            "Startup Cost": 0.43,
                            "Total Cost": 53620.22,
                            "Plan Rows": 1380035,
                            "Plan Width": 4,
                            "Actual Startup Time": 0.155,
                            "Actual Total Time": 316.649,
                            "Actual Rows": 1380035,
                            "Actual Loops": 2,
                            "Heap Fetches": 2760070
                          }
                        ]
                      }
                    ]
                  }
                ]
              }
            ]
          }
        ]
      }
    ]
  },
  "Planning Time": 1.001,
  "Triggers": [],
  "Execution Time": 1848.545
}