[
  {
    "Plan": {
      "Node Type": "Aggregate",
      "Strategy": "Plain",
      "Partial Mode": "Finalize",
      "Parallel Aware": false,
      "Startup Cost": 81329.6,
      "Total Cost": 81329.61,
      "Plan Rows": 1,
      "Plan Width": 8,
      "Actual Startup Time": 292.046,
      "Actual Total Time": 309.866,
      "Actual Rows": 1,
      "Actual Loops": 1,
      "Plans": [
        {
          "Node Type": "Gather",
          "Parent Relationship": "Outer",
          "Parallel Aware": false,
          "Startup Cost": 81329.18,
          "Total Cost": 81329.59,
          "Plan Rows": 4,
          "Plan Width": 8,
          "Actual Startup Time": 290.277,
          "Actual Total Time": 309.838,
          "Actual Rows": 5,
          "Actual Loops": 1,
          "Workers Planned": 4,
          "Workers Launched": 4,
          "Single Copy": false,
          "Plans": [
            {
              "Node Type": "Aggregate",
              "Strategy": "Plain",
              "Partial Mode": "Partial",
              "Parent Relationship": "Outer",
              "Parallel Aware": false,
              "Startup Cost": 80329.18,
              "Total Cost": 80329.19,
              "Plan Rows": 1,
              "Plan Width": 8,
              "Actual Startup Time": 280.274,
              "Actual Total Time": 280.277,
              "Actual Rows": 1,
              "Actual Loops": 5,
              "Plans": [
                {
                  "Node Type": "Hash Join",
                  "Parent Relationship": "Outer",
                  "Parallel Aware": true,
                  "Join Type": "Inner",
                  "Startup Cost": 33950.07,
                  "Total Cost": 79936.22,
                  "Plan Rows": 157186,
                  "Plan Width": 0,
                  "Actual Startup Time": 200.779,
                  "Actual Total Time": 276.798,
                  "Actual Rows": 75904,
                  "Actual Loops": 5,
                  "Inner Unique": false,
                  "Hash Cond": "(t.id = mc.movie_id)",
                  "Plans": [
                    {
                      "Node Type": "Seq Scan",
                      "Parent Relationship": "Outer",
                      "Parallel Aware": true,
                      "Relation Name": "title",
                      "Alias": "t",
                      "Startup Cost": 0.0,
                      "Total Cost": 42318.73,
                      "Plan Rows": 632073,
                      "Plan Width": 4,
                      "Actual Startup Time": 0.014,
                      "Actual Total Time": 66.66,
                      "Actual Rows": 505662,
                      "Actual Loops": 5
                    },
                    {
                      "Node Type": "Hash",
                      "Parent Relationship": "Inner",
                      "Parallel Aware": true,
                      "Startup Cost": 31414.82,
                      "Total Cost": 31414.82,
                      "Plan Rows": 202820,
                      "Plan Width": 4,
                      "Actual Startup Time": 106.351,
                      "Actual Total Time": 106.352,
                      "Actual Rows": 75904,
                      "Actual Loops": 5,
                      "Hash Buckets": 1048576,
                      "Original Hash Buckets": 1048576,
                      "Hash Batches": 1,
                      "Original Hash Batches": 1,
                      "Peak Memory Usage": 23136,
                      "Plans": [
                        {
                          "Node Type": "Seq Scan",
                          "Parent Relationship": "Outer",
                          "Parallel Aware": true,
                          "Relation Name": "movie_companies",
                          "Alias": "mc",
                          "Startup Cost": 0.0,
                          "Total Cost": 31414.82,
                          "Plan Rows": 202820,
                          "Plan Width": 4,
                          "Actual Startup Time": 20.83,
                          "Actual Total Time": 74.239,
                          "Actual Rows": 75904,
                          "Actual Loops": 5,
                          "Filter": "((company_id > 11387) AND (company_type_id = 1))",
                          "Rows Removed by Filter": 445922
                        }
                      ]
                    }
                  ]
                }
              ]
            }
          ]
        }
      ]
    },
    "Planning Time": 0.604,
    "Triggers": [],
    "Execution Time": 309.959
  }
]