{
  "Plan": {
    "Node Type": "Aggregate",
    "Strategy": "Plain",
    "Partial Mode": "Finalize",
    "Parallel Aware": false,
    "Startup Cost": 126964.45,
    "Total Cost": 126964.46,
    "Plan Rows": 1,
    "Plan Width": 8,
    "Actual Startup Time": 771.544,
    "Actual Total Time": 792.096,
    "Actual Rows": 1,
    "Actual Loops": 1,
    "Plans": [
      {
        "Node Type": "Gather",
        "Parent Relationship": "Outer",
        "Parallel Aware": false,
        "Startup Cost": 126964.34,
        "Total Cost": 126964.45,
        "Plan Rows": 1,
        "Plan Width": 8,
        "Actual Startup Time": 768.58,
        "Actual Total Time": 792.088,
        "Actual Rows": 2,
        "Actual Loops": 1,
        "Workers Planned": 1,
        "Workers Launched": 1,
        "Single Copy": false,
        "Plans": [
          {
            "Node Type": "Aggregate",
            "Strategy": "Plain",
            "Partial Mode": "Partial",
            "Parent Relationship": "Outer",
            "Parallel Aware": false,
            "Startup Cost": 125964.34,
            "Total Cost": 125964.35,
            "Plan Rows": 1,
            "Plan Width": 8,
            "Actual Startup Time": 762.525,
            "Actual Total Time": 762.833,
            "Actual Rows": 1,
            "Actual Loops": 2,
            "Plans": [
              {
                "Node Type": "Hash Join",
                "Parent Relationship": "Outer",
                "Parallel Aware": true,
                "Join Type": "Inner",
                "Startup Cost": 80783.12,
                "Total Cost": 125809.42,
                "Plan Rows": 61969,
                "Plan Width": 0,
                "Actual Startup Time": 542.933,
                "Actual Total Time": 747.989,
                "Actual Rows": 294390,
                "Actual Loops": 2,
                "Inner Unique": false,
                "Hash Cond": "(mc.movie_id = t.id)",
                "Plans": [
                  {
                    "Node Type": "Seq Scan",
                    "Parent Relationship": "Outer",
                    "Parallel Aware": true,
                    "Relation Name": "movie_companies",
                    "Alias": "mc",
                    "Startup Cost": 0.0,
                    "Total Cost": 41811.73,
                    "Plan Rows": 760011,
                    "Plan Width": 4,
                    "Actual Startup Time": 60.04,
                    "Actual Total Time": 144.806,
                    "Actual Rows": 663781,
                    "Actual Loops": 2,
                    "Filter": "((company_id > 6) AND (company_type_id > 1))",
                    "Rows Removed by Filter": 640784
                  },
                  {
                    "Node Type": "Hash",
                    "Parent Relationship": "Inner",
                    "Parallel Aware": true,
                    "Startup Cost": 79267.31,
                    "Total Cost": 79267.31,
                    "Plan Rows": 121265,
                    "Plan Width": 8,
                    "Actual Startup Time": 479.307,
                    "Actual Total Time": 479.613,
                    "Actual Rows": 236322,
                    "Actual Loops": 2,
                    "Hash Buckets": 524288,
                    "Original Hash Buckets": 262144,
                    "Hash Batches": 1,
                    "Original Hash Batches": 1,
                    "Peak Memory Usage": 24672,
                    "Plans": [
                      {
                        "Node Type": "Hash Join",
                        "Parent Relationship": "Outer",
                        "Parallel Aware": true,
                        "Join Type": "Inner",
                        "Startup Cost": 61083.52,
                        "Total Cost": 79267.31,
                        "Plan Rows": 121265,
                        "Plan Width": 8,
                        "Actual Startup Time": 238.151,
                        "Actual Total Time": 422.659,
                        "Actual Rows": 236322,
                        "Actual Loops": 2,
                        "Inner Unique": true,
                        "Hash Cond": "(mi_idx.movie_id = t.id)",
                        "Plans": [
                          {
                            "Node Type": "Seq Scan",
                            "Parent Relationship": "Outer",
                            "Parallel Aware": true,
                            "Relation Name": "movie_info_idx",
                            "Alias": "mi_idx",
                            "Startup Cost": 0.0,
                            "Total Cost": 16052.85,
                            "Plan Rows": 811785,
                            "Plan Width": 4,
                            "Actual Startup Time": 0.021,
                            "Actual Total Time": 61.206,
                            "Actual Rows": 690018,
                            "Actual Loops": 2
                          },
                          {
                            "Node Type": "Hash",
                            "Parent Relationship": "Inner",
                            "Parallel Aware": true,
                            "Startup Cost": 58306.47,
                            "Total Cost": 58306.47,
                            "Plan Rows": 222164,
                            "Plan Width": 4,
                            "Actual Startup Time": 233.746,
                            "Actual Total Time": 233.747,
                            "Actual Rows": 242410,
                            "Actual Loops": 2,
                            "Hash Buckets": 524288,
                            "Original Hash Buckets": 524288,
                            "Hash Batches": 1,
                            "Original Hash Batches": 1,
                            "Peak Memory Usage": 23104,
                            "Plans": [
                              {
                                "Node Type": "Seq Scan",
                                "Parent Relationship": "Outer",
                                "Parallel Aware": true,
                                "Relation Name": "title",
                                "Alias": "t",
                                "Startup Cost": 0.0,
                                "Total Cost": 58306.47,
                                "Plan Rows": 222164,
                                "Plan Width": 4,
                                "Actual Startup Time": 0.036,
                                "Actual Total Time": 173.107,
                                "Actual Rows": 242410,
                                "Actual Loops": 2,
                                "Filter": "((kind_id < 7) AND (production_year < 1999))",
                                "Rows Removed by Filter": 1021746
                              }
                            ]
                          }
                        ]
                      }
                    ]
                  }
                ]
              }
            ]
          }
        ]
      }
    ]
  },
  "Planning Time": 0.952,
  "Triggers": [],
  "Execution Time": 792.179
}