{
  "Plan": {
    "Node Type": "Aggregate",
    "Strategy": "Plain",
    "Partial Mode": "Finalize",
    "Parallel Aware": false,
    "Startup Cost": 578874.18,
    "Total Cost": 578874.19,
    "Plan Rows": 1,
    "Plan Width": 8,
    "Actual Startup Time": 3370.94,
    "Actual Total Time": 3439.872,
    "Actual Rows": 1,
    "Actual Loops": 1,
    "Plans": [
      {
        "Node Type": "Gather",
        "Parent Relationship": "Outer",
        "Parallel Aware": false,
        "Startup Cost": 578874.06,
        "Total Cost": 578874.17,
        "Plan Rows": 1,
        "Plan Width": 8,
        "Actual Startup Time": 3370.645,
        "Actual Total Time": 3439.861,
        "Actual Rows": 2,
        "Actual Loops": 1,
        "Workers Planned": 1,
        "Workers Launched": 1,
        "Single Copy": false,
        "Plans": [
          {
            "Node Type": "Aggregate",
            "Strategy": "Plain",
            "Partial Mode": "Partial",
            "Parent Relationship": "Outer",
            "Parallel Aware": false,
            "Startup Cost": 577874.06,
            "Total Cost": 577874.07,
            "Plan Rows": 1,
            "Plan Width": 8,
            "Actual Startup Time": 3364.871,
            "Actual Total Time": 3364.874,
            "Actual Rows": 1,
            "Actual Loops": 2,
            "Plans": [
              {
                "Node Type": "Hash Join",
                "Parent Relationship": "Outer",
                "Parallel Aware": true,
                "Join Type": "Inner",
                "Startup Cost": 54989.94,
                "Total Cost": 576723.29,
                "Plan Rows": 460308,
                "Plan Width": 0,
                "Actual Startup Time": 146.967,
                "Actual Total Time": 3348.85,
                "Actual Rows": 351722,
                "Actual Loops": 2,
                "Inner Unique": true,
                "Hash Cond": "(ci.movie_id = t.id)",
                "Plans": [
                  {
                    "Node Type": "Seq Scan",
                    "Parent Relationship": "Outer",
                    "Parallel Aware": true,
                    "Relation Name": "cast_info",
                    "Alias": "ci",
                    "Startup Cost": 0.0,
                    "Total Cost": 465792.95,
                    "Plan Rows": 21310595,
                    "Plan Width": 4,
                    "Actual Startup Time": 0.013,
                    "Actual Total Time": 1313.643,
                    "Actual Rows": 18122172,
                    "Actual Loops": 2
                  },
                  {
                    "Node Type": "Hash",
                    "Parent Relationship": "Inner",
                    "Parallel Aware": true,
                    "Startup Cost": 54588.39,
                    "Total Cost": 54588.39,
                    "Plan Rows": 32124,
                    "Plan Width": 4,
                    "Actual Startup Time": 145.684,
                    "Actual Total Time": 145.685,
                    "Actual Rows": 25282,
                    "Actual Loops": 2,
                    "Hash Buckets": 65536,
                    "Original Hash Buckets": 65536,
                    "Hash Batches": 1,
                    "Original Hash Batches": 1,
                    "Peak Memory Usage": 2528,
                    "Plans": [
                      {
                        "Node Type": "Seq Scan",
                        "Parent Relationship": "Outer",
                        "Parallel Aware": true,
                        "Relation Name": "title",
                        "Alias": "t",
                        "Startup Cost": 0.0,
                        "Total Cost": 54588.39,
                        "Plan Rows": 32124,
                        "Plan Width": 4,
                        "Actual Startup Time": 0.044,
                        "Actual Total Time": 137.664,
                        "Actual Rows": 25282,
                        "Actual Loops": 2,
                        "Filter": "(production_year = 1999)",
                        "Rows Removed by Filter": 1238874
                      }
                    ]
                  }
                ]
              }
            ]
          }
        ]
      }
    ]
  },
  "Planning Time": 0.471,
  "Triggers": [],
  "Execution Time": 3439.959
}