[
  {
    "Plan": {
      "Node Type": "Aggregate",
      "Strategy": "Plain",
      "Partial Mode": "Finalize",
      "Parallel Aware": false,
      "Startup Cost": 376826.74,
      "Total Cost": 376826.75,
      "Plan Rows": 1,
      "Plan Width": 8,
      "Actual Startup Time": 749.752,
      "Actual Total Time": 771.597,
      "Actual Rows": 1,
      "Actual Loops": 1,
      "Plans": [
        {
          "Node Type": "Gather",
          "Parent Relationship": "Outer",
          "Parallel Aware": false,
          "Startup Cost": 376826.12,
          "Total Cost": 376826.73,
          "Plan Rows": 6,
          "Plan Width": 8,
          "Actual Startup Time": 722.87,
          "Actual Total Time": 771.585,
          "Actual Rows": 7,
          "Actual Loops": 1,
          "Workers Planned": 6,
          "Workers Launched": 6,
          "Single Copy": false,
          "Plans": [
            {
              "Node Type": "Aggregate",
              "Strategy": "Plain",
              "Partial Mode": "Partial",
              "Parent Relationship": "Outer",
              "Parallel Aware": false,
              "Startup Cost": 375826.12,
              "Total Cost": 375826.13,
              "Plan Rows": 1,
              "Plan Width": 8,
              "Actual Startup Time": 698.429,
              "Actual Total Time": 698.433,
              "Actual Rows": 1,
              "Actual Loops": 7,
              "Plans": [
                {
                  "Node Type": "Hash Join",
                  "Parent Relationship": "Outer",
                  "Parallel Aware": true,
                  "Join Type": "Inner",
                  "Startup Cost": 114896.06,
                  "Total Cost": 375402.82,
                  "Plan Rows": 169320,
                  "Plan Width": 0,
                  "Actual Startup Time": 431.861,
                  "Actual Total Time": 684.301,
                  "Actual Rows": 308962,
                  "Actual Loops": 7,
                  "Inner Unique": true,
                  "Hash Cond": "(ci.movie_id = t.id)",
                  "Plans": [
                    {
                      "Node Type": "Bitmap Heap Scan",
                      "Parent Relationship": "Outer",
                      "Parallel Aware": true,
                      "Relation Name": "cast_info",
                      "Alias": "ci",
                      "Startup Cost": 64676.42,
                      "Total Cost": 324738.71,
                      "Plan Rows": 169320,
                      "Plan Width": 4,
                      "Actual Startup Time": 175.103,
                      "Actual Total Time": 269.202,
                      "Actual Rows": 308962,
                      "Actual Loops": 7,
                      "Recheck Cond": "(person_id < 291929)",
                      "Rows Removed by Index Recheck": 0,
                      "Filter": "(role_id < 2)",
                      "Rows Removed by Filter": 120211,
                      "Exact Heap Blocks": 5654,
                      "Lossy Heap Blocks": 0,
                      "Plans": [
                        {
                          "Node Type": "Bitmap Index Scan",
                          "Parent Relationship": "Outer",
                          "Parallel Aware": false,
                          "Index Name": "person_id_cast_info",
                          "Startup Cost": 0.0,
                          "Total Cost": 64422.43,
                          "Plan Rows": 2950116,
                          "Plan Width": 0,
                          "Actual Startup Time": 169.643,
                          "Actual Total Time": 169.644,
                          "Actual Rows": 3004212,
                          "Actual Loops": 1,
                          "Index Cond": "(person_id < 291929)"
                        }
                      ]
                    },
                    {
                      "Node Type": "Hash",
                      "Parent Relationship": "Inner",
                      "Parallel Aware": true,
                      "Startup Cost": 42318.73,
                      "Total Cost": 42318.73,
                      "Plan Rows": 632073,
                      "Plan Width": 4,
                      "Actual Startup Time": 249.858,
                      "Actual Total Time": 249.859,
                      "Actual Rows": 361187,
                      "Actual Loops": 7,
                      "Hash Buckets": 4194304,
                      "Original Hash Buckets": 4194304,
                      "Hash Batches": 1,
                      "Original Hash Batches": 1,
                      "Peak Memory Usage": 131776,
                      "Plans": [
                        {
                          "Node Type": "Seq Scan",
                          "Parent Relationship": "Outer",
                          "Parallel Aware": true,
                          "Relation Name": "title",
                          "Alias": "t",
                          "Startup Cost": 0.0,
                          "Total Cost": 42318.73,
                          "Plan Rows": 632073,
                          "Plan Width": 4,
                          "Actual Startup Time": 0.035,
                          "Actual Total Time": 72.992,
                          "Actual Rows": 361187,
                          "Actual Loops": 7
                        }
                      ]
                    }
                  ]
                }
              ]
            }
          ]
        }
      ]
    },
    "Planning Time": 0.629,
    "Triggers": [],
    "Execution Time": 771.728
  }
]