[
    {
        "Bao": {
            "Bao prediction": "NaN",
            "Bao recommended hint": "(no hint)"
        }
    },
    {
        "Plan": {
            "Node Type": "Aggregate",
            "Strategy": "Plain",
            "Partial Mode": "Finalize",
            "Parallel Aware": false,
            "Startup Cost": 339298.99,
            "Total Cost": 339299.0,
            "Plan Rows": 1,
            "Plan Width": 8,
            "Actual Startup Time": 1517.959,
            "Actual Total Time": 1573.502,
            "Actual Rows": 1,
            "Actual Loops": 1,
            "Output": [
                "count(*)"
            ],
            "Plans": [
                {
                    "Node Type": "Gather",
                    "Parent Relationship": "Outer",
                    "Parallel Aware": false,
                    "Startup Cost": 339298.46,
                    "Total Cost": 339298.97,
                    "Plan Rows": 5,
                    "Plan Width": 8,
                    "Actual Startup Time": 1516.896,
                    "Actual Total Time": 1573.479,
                    "Actual Rows": 6,
                    "Actual Loops": 1,
                    "Output": [
                        "(PARTIAL count(*))"
                    ],
                    "Workers Planned": 5,
                    "Workers Launched": 5,
                    "Single Copy": false,
                    "Plans": [
                        {
                            "Node Type": "Aggregate",
                            "Strategy": "Plain",
                            "Partial Mode": "Partial",
                            "Parent Relationship": "Outer",
                            "Parallel Aware": false,
                            "Startup Cost": 338298.46,
                            "Total Cost": 338298.47,
                            "Plan Rows": 1,
                            "Plan Width": 8,
                            "Actual Startup Time": 1506.741,
                            "Actual Total Time": 1506.745,
                            "Actual Rows": 1,
                            "Actual Loops": 6,
                            "Output": [
                                "PARTIAL count(*)"
                            ],
                            "Workers": [
                                {
                                    "Worker Number": 0,
                                    "Actual Startup Time": 1504.312,
                                    "Actual Total Time": 1504.315,
                                    "Actual Rows": 1,
                                    "Actual Loops": 1
                                },
                                {
                                    "Worker Number": 1,
                                    "Actual Startup Time": 1504.313,
                                    "Actual Total Time": 1504.316,
                                    "Actual Rows": 1,
                                    "Actual Loops": 1
                                },
                                {
                                    "Worker Number": 2,
                                    "Actual Startup Time": 1504.692,
                                    "Actual Total Time": 1504.696,
                                    "Actual Rows": 1,
                                    "Actual Loops": 1
                                },
                                {
                                    "Worker Number": 3,
                                    "Actual Startup Time": 1505.002,
                                    "Actual Total Time": 1505.005,
                                    "Actual Rows": 1,
                                    "Actual Loops": 1
                                },
                                {
                                    "Worker Number": 4,
                                    "Actual Startup Time": 1505.632,
                                    "Actual Total Time": 1505.635,
                                    "Actual Rows": 1,
                                    "Actual Loops": 1
                                }
                            ],
                            "Plans": [
                                {
                                    "Node Type": "Nested Loop",
                                    "Parent Relationship": "Outer",
                                    "Parallel Aware": false,
                                    "Join Type": "Inner",
                                    "Startup Cost": 38306.12,
                                    "Total Cost": 338092.49,
                                    "Plan Rows": 82389,
                                    "Plan Width": 0,
                                    "Actual Startup Time": 63.37,
                                    "Actual Total Time": 1501.321,
                                    "Actual Rows": 91789,
                                    "Actual Loops": 6,
                                    "Inner Unique": false,
                                    "Join Filter": "(t.id = ci.movie_id)",
                                    "Rows Removed by Join Filter": 0,
                                    "Workers": [
                                        {
                                            "Worker Number": 0,
                                            "Actual Startup Time": 60.898,
                                            "Actual Total Time": 1498.873,
                                            "Actual Rows": 90083,
                                            "Actual Loops": 1
                                        },
                                        {
                                            "Worker Number": 1,
                                            "Actual Startup Time": 60.795,
                                            "Actual Total Time": 1498.968,
                                            "Actual Rows": 85379,
                                            "Actual Loops": 1
                                        },
                                        {
                                            "Worker Number": 2,
                                            "Actual Startup Time": 61.632,
                                            "Actual Total Time": 1499.576,
                                            "Actual Rows": 85613,
                                            "Actual Loops": 1
                                        },
                                        {
                                            "Worker Number": 3,
                                            "Actual Startup Time": 61.777,
                                            "Actual Total Time": 1499.5,
                                            "Actual Rows": 91100,
                                            "Actual Loops": 1
                                        },
                                        {
                                            "Worker Number": 4,
                                            "Actual Startup Time": 62.032,
                                            "Actual Total Time": 1500.37,
                                            "Actual Rows": 88950,
                                            "Actual Loops": 1
                                        }
                                    ],
                                    "Plans": [
                                        {
                                            "Node Type": "Hash Join",
                                            "Parent Relationship": "Outer",
                                            "Parallel Aware": true,
                                            "Join Type": "Inner",
                                            "Startup Cost": 38305.56,
                                            "Total Cost": 241888.88,
                                            "Plan Rows": 62230,
                                            "Plan Width": 8,
                                            "Actual Startup Time": 63.148,
                                            "Actual Total Time": 498.24,
                                            "Actual Rows": 65581,
                                            "Actual Loops": 6,
                                            "Output": [
                                                "t.id",
                                                "mi.movie_id"
                                            ],
                                            "Inner Unique": true,
                                            "Hash Cond": "(mi.movie_id = t.id)",
                                            "Workers": [
                                                {
                                                    "Worker Number": 0,
                                                    "Actual Startup Time": 60.713,
                                                    "Actual Total Time": 492.017,
                                                    "Actual Rows": 64022,
                                                    "Actual Loops": 1
                                                },
                                                {
                                                    "Worker Number": 1,
                                                    "Actual Startup Time": 60.717,
                                                    "Actual Total Time": 497.313,
                                                    "Actual Rows": 63859,
                                                    "Actual Loops": 1
                                                },
                                                {
                                                    "Worker Number": 2,
                                                    "Actual Startup Time": 61.111,
                                                    "Actual Total Time": 493.134,
                                                    "Actual Rows": 62584,
                                                    "Actual Loops": 1
                                                },
                                                {
                                                    "Worker Number": 3,
                                                    "Actual Startup Time": 61.491,
                                                    "Actual Total Time": 498.214,
                                                    "Actual Rows": 62616,
                                                    "Actual Loops": 1
                                                },
                                                {
                                                    "Worker Number": 4,
                                                    "Actual Startup Time": 61.957,
                                                    "Actual Total Time": 492.512,
                                                    "Actual Rows": 62537,
                                                    "Actual Loops": 1
                                                }
                                            ],
                                            "Plans": [
                                                {
                                                    "Node Type": "Seq Scan",
                                                    "Parent Relationship": "Outer",
                                                    "Parallel Aware": true,
                                                    "Relation Name": "movie_info",
                                                    "Schema": "public",
                                                    "Alias": "mi",
                                                    "Startup Cost": 0.0,
                                                    "Total Cost": 198880.74,
                                                    "Plan Rows": 1791457,
                                                    "Plan Width": 4,
                                                    "Actual Startup Time": 13.978,
                                                    "Actual Total Time": 287.786,
                                                    "Actual Rows": 1491793,
                                                    "Actual Loops": 6,
                                                    "Output": [
                                                        "mi.id",
                                                        "mi.movie_id",
                                                        "mi.info_type_id",
                                                        "mi.info",
                                                        "mi.note"
                                                    ],
                                                    "Filter": "(mi.info_type_id > 6)",
                                                    "Rows Removed by Filter": 980827,
                                                    "Workers": [
                                                        {
                                                            "Worker Number": 0,
                                                            "Actual Startup Time": 13.981,
                                                            "Actual Total Time": 286.459,
                                                            "Actual Rows": 1421002,
                                                            "Actual Loops": 1
                                                        },
                                                        {
                                                            "Worker Number": 1,
                                                            "Actual Startup Time": 13.964,
                                                            "Actual Total Time": 289.568,
                                                            "Actual Rows": 1433871,
                                                            "Actual Loops": 1
                                                        },
                                                        {
                                                            "Worker Number": 2,
                                                            "Actual Startup Time": 13.978,
                                                            "Actual Total Time": 292.502,
                                                            "Actual Rows": 1404856,
                                                            "Actual Loops": 1
                                                        },
                                                        {
                                                            "Worker Number": 3,
                                                            "Actual Startup Time": 13.977,
                                                            "Actual Total Time": 288.637,
                                                            "Actual Rows": 1451372,
                                                            "Actual Loops": 1
                                                        },
                                                        {
                                                            "Worker Number": 4,
                                                            "Actual Startup Time": 13.988,
                                                            "Actual Total Time": 292.196,
                                                            "Actual Rows": 1420402,
                                                            "Actual Loops": 1
                                                        }
                                                    ]
                                                },
                                                {
                                                    "Node Type": "Hash",
                                                    "Parent Relationship": "Inner",
                                                    "Parallel Aware": true,
                                                    "Startup Cost": 38031.11,
                                                    "Total Cost": 38031.11,
                                                    "Plan Rows": 21956,
                                                    "Plan Width": 4,
                                                    "Actual Startup Time": 48.583,
                                                    "Actual Total Time": 48.584,
                                                    "Actual Rows": 15109,
                                                    "Actual Loops": 6,
                                                    "Output": [
                                                        "t.id"
                                                    ],
                                                    "Hash Buckets": 131072,
                                                    "Original Hash Buckets": 131072,
                                                    "Hash Batches": 1,
                                                    "Original Hash Batches": 1,
                                                    "Peak Memory Usage": 4640,
                                                    "Workers": [
                                                        {
                                                            "Worker Number": 0,
                                                            "Actual Startup Time": 46.313,
                                                            "Actual Total Time": 46.315,
                                                            "Actual Rows": 10336,
                                                            "Actual Loops": 1
                                                        },
                                                        {
                                                            "Worker Number": 1,
                                                            "Actual Startup Time": 46.324,
                                                            "Actual Total Time": 46.325,
                                                            "Actual Rows": 10327,
                                                            "Actual Loops": 1
                                                        },
                                                        {
                                                            "Worker Number": 2,
                                                            "Actual Startup Time": 46.707,
                                                            "Actual Total Time": 46.708,
                                                            "Actual Rows": 9935,
                                                            "Actual Loops": 1
                                                        },
                                                        {
                                                            "Worker Number": 3,
                                                            "Actual Startup Time": 47.014,
                                                            "Actual Total Time": 47.015,
                                                            "Actual Rows": 10428,
                                                            "Actual Loops": 1
                                                        },
                                                        {
                                                            "Worker Number": 4,
                                                            "Actual Startup Time": 47.553,
                                                            "Actual Total Time": 47.554,
                                                            "Actual Rows": 10598,
                                                            "Actual Loops": 1
                                                        }
                                                    ],
                                                    "Plans": [
                                                        {
                                                            "Node Type": "Bitmap Heap Scan",
                                                            "Parent Relationship": "Outer",
                                                            "Parallel Aware": true,
                                                            "Relation Name": "title",
                                                            "Schema": "public",
                                                            "Alias": "t",
                                                            "Startup Cost": 1684.2,
                                                            "Total Cost": 38031.11,
                                                            "Plan Rows": 21956,
                                                            "Plan Width": 4,
                                                            "Actual Startup Time": 1.946,
                                                            "Actual Total Time": 42.566,
                                                            "Actual Rows": 15109,
                                                            "Actual Loops": 6,
                                                            "Output": [
                                                                "t.id"
                                                            ],
                                                            "Recheck Cond": "(t.kind_id = 2)",
                                                            "Rows Removed by Index Recheck": 0,
                                                            "Filter": "(t.production_year > 1915)",
                                                            "Rows Removed by Filter": 33,
                                                            "Exact Heap Blocks": 10209,
                                                            "Lossy Heap Blocks": 0,
                                                            "Workers": [
                                                                {
                                                                    "Worker Number": 0,
                                                                    "Actual Startup Time": 0.225,
                                                                    "Actual Total Time": 41.059,
                                                                    "Actual Rows": 10336,
                                                                    "Actual Loops": 1
                                                                },
                                                                {
                                                                    "Worker Number": 1,
                                                                    "Actual Startup Time": 0.151,
                                                                    "Actual Total Time": 40.793,
                                                                    "Actual Rows": 10327,
                                                                    "Actual Loops": 1
                                                                },
                                                                {
                                                                    "Worker Number": 2,
                                                                    "Actual Startup Time": 0.189,
                                                                    "Actual Total Time": 41.183,
                                                                    "Actual Rows": 9935,
                                                                    "Actual Loops": 1
                                                                },
                                                                {
                                                                    "Worker Number": 3,
                                                                    "Actual Startup Time": 0.138,
                                                                    "Actual Total Time": 41.386,
                                                                    "Actual Rows": 10428,
                                                                    "Actual Loops": 1
                                                                },
                                                                {
                                                                    "Worker Number": 4,
                                                                    "Actual Startup Time": 0.599,
                                                                    "Actual Total Time": 42.235,
                                                                    "Actual Rows": 10598,
                                                                    "Actual Loops": 1
                                                                }
                                                            ],
                                                            "Plans": [
                                                                {
                                                                    "Node Type": "Bitmap Index Scan",
                                                                    "Parent Relationship": "Outer",
                                                                    "Parallel Aware": false,
                                                                    "Index Name": "kind_id_title",
                                                                    "Startup Cost": 0.0,
                                                                    "Total Cost": 1662.25,
                                                                    "Plan Rows": 93042,
                                                                    "Plan Width": 0,
                                                                    "Actual Startup Time": 6.886,
                                                                    "Actual Total Time": 6.887,
                                                                    "Actual Rows": 90852,
                                                                    "Actual Loops": 1,
                                                                    "Index Cond": "(t.kind_id = 2)"
                                                                }
                                                            ]
                                                        }
                                                    ]
                                                }
                                            ]
                                        },
                                        {
                                            "Node Type": "Index Scan",
                                            "Parent Relationship": "Inner",
                                            "Parallel Aware": false,
                                            "Scan Direction": "Forward",
                                            "Index Name": "movie_id_cast_info",
                                            "Relation Name": "cast_info",
                                            "Schema": "public",
                                            "Alias": "ci",
                                            "Startup Cost": 0.56,
                                            "Total Cost": 1.5,
                                            "Plan Rows": 4,
                                            "Plan Width": 4,
                                            "Actual Startup Time": 0.007,
                                            "Actual Total Time": 0.015,
                                            "Actual Rows": 1,
                                            "Actual Loops": 393487,
                                            "Output": [
                                                "ci.id",
                                                "ci.person_id",
                                                "ci.movie_id",
                                                "ci.person_role_id",
                                                "ci.note",
                                                "ci.nr_order",
                                                "ci.role_id"
                                            ],
                                            "Index Cond": "(ci.movie_id = mi.movie_id)",
                                            "Rows Removed by Index Recheck": 0,
                                            "Filter": "(ci.person_id < 326210)",
                                            "Rows Removed by Filter": 15,
                                            "Workers": [
                                                {
                                                    "Worker Number": 0,
                                                    "Actual Startup Time": 0.007,
                                                    "Actual Total Time": 0.015,
                                                    "Actual Rows": 1,
                                                    "Actual Loops": 64022
                                                },
                                                {
                                                    "Worker Number": 1,
                                                    "Actual Startup Time": 0.008,
                                                    "Actual Total Time": 0.015,
                                                    "Actual Rows": 1,
                                                    "Actual Loops": 63859
                                                },
                                                {
                                                    "Worker Number": 2,
                                                    "Actual Startup Time": 0.008,
                                                    "Actual Total Time": 0.016,
                                                    "Actual Rows": 1,
                                                    "Actual Loops": 62584
                                                },
                                                {
                                                    "Worker Number": 3,
                                                    "Actual Startup Time": 0.008,
                                                    "Actual Total Time": 0.016,
                                                    "Actual Rows": 1,
                                                    "Actual Loops": 62616
                                                },
                                                {
                                                    "Worker Number": 4,
                                                    "Actual Startup Time": 0.008,
                                                    "Actual Total Time": 0.016,
                                                    "Actual Rows": 1,
                                                    "Actual Loops": 62537
                                                }
                                            ]
                                        }
                                    ]
                                }
                            ]
                        }
                    ]
                }
            ]
        },
        "Planning Time": 184.98,
        "Triggers": [],
        "Execution Time": 1573.608
    }
]