[
  {
    "Plan": {
      "Node Type": "Aggregate",
      "Strategy": "Plain",
      "Partial Mode": "Finalize",
      "Parallel Aware": false,
      "Startup Cost": 341446.72,
      "Total Cost": 341446.73,
      "Plan Rows": 1,
      "Plan Width": 8,
      "Actual Startup Time": 803.432,
      "Actual Total Time": 860.939,
      "Actual Rows": 1,
      "Actual Loops": 1,
      "Plans": [
        {
          "Node Type": "Gather",
          "Parent Relationship": "Outer",
          "Parallel Aware": false,
          "Startup Cost": 341446.1,
          "Total Cost": 341446.71,
          "Plan Rows": 6,
          "Plan Width": 8,
          "Actual Startup Time": 803.292,
          "Actual Total Time": 860.929,
          "Actual Rows": 7,
          "Actual Loops": 1,
          "Workers Planned": 6,
          "Workers Launched": 6,
          "Single Copy": false,
          "Plans": [
            {
              "Node Type": "Aggregate",
              "Strategy": "Plain",
              "Partial Mode": "Partial",
              "Parent Relationship": "Outer",
              "Parallel Aware": false,
              "Startup Cost": 340446.1,
              "Total Cost": 340446.11,
              "Plan Rows": 1,
              "Plan Width": 8,
              "Actual Startup Time": 795.03,
              "Actual Total Time": 795.031,
              "Actual Rows": 1,
              "Actual Loops": 7,
              "Plans": [
                {
                  "Node Type": "Seq Scan",
                  "Parent Relationship": "Outer",
                  "Parallel Aware": true,
                  "Relation Name": "cast_info",
                  "Alias": "ci",
                  "Startup Cost": 0.0,
                  "Total Cost": 328162.03,
                  "Plan Rows": 4913629,
                  "Plan Width": 0,
                  "Actual Startup Time": 0.046,
                  "Actual Total Time": 619.244,
                  "Actual Rows": 4236878,
                  "Actual Loops": 7,
                  "Filter": "(person_id < 3000128)",
                  "Rows Removed by Filter": 940886
                }
              ]
            }
          ]
        }
      ]
    },
    "Planning Time": 0.198,
    "Triggers": [],
    "Execution Time": 861.013
  }
]