[
    {
        "Bao": {
            "Bao prediction": "NaN",
            "Bao recommended hint": "(no hint)"
        }
    },
    {
        "Plan": {
            "Node Type": "Aggregate",
            "Strategy": "Plain",
            "Partial Mode": "Finalize",
            "Parallel Aware": false,
            "Startup Cost": 131793.12,
            "Total Cost": 131793.13,
            "Plan Rows": 1,
            "Plan Width": 8,
            "Actual Startup Time": 598.984,
            "Actual Total Time": 612.107,
            "Actual Rows": 1,
            "Actual Loops": 1,
            "Output": [
                "count(*)"
            ],
            "Plans": [
                {
                    "Node Type": "Gather",
                    "Parent Relationship": "Outer",
                    "Parallel Aware": false,
                    "Startup Cost": 131792.8,
                    "Total Cost": 131793.11,
                    "Plan Rows": 3,
                    "Plan Width": 8,
                    "Actual Startup Time": 592.352,
                    "Actual Total Time": 612.088,
                    "Actual Rows": 4,
                    "Actual Loops": 1,
                    "Output": [
                        "(PARTIAL count(*))"
                    ],
                    "Workers Planned": 3,
                    "Workers Launched": 3,
                    "Single Copy": false,
                    "Plans": [
                        {
                            "Node Type": "Aggregate",
                            "Strategy": "Plain",
                            "Partial Mode": "Partial",
                            "Parent Relationship": "Outer",
                            "Parallel Aware": false,
                            "Startup Cost": 130792.8,
                            "Total Cost": 130792.81,
                            "Plan Rows": 1,
                            "Plan Width": 8,
                            "Actual Startup Time": 583.617,
                            "Actual Total Time": 583.859,
                            "Actual Rows": 1,
                            "Actual Loops": 4,
                            "Output": [
                                "PARTIAL count(*)"
                            ],
                            "Workers": [
                                {
                                    "Worker Number": 0,
                                    "Actual Startup Time": 580.613,
                                    "Actual Total Time": 580.617,
                                    "Actual Rows": 1,
                                    "Actual Loops": 1
                                },
                                {
                                    "Worker Number": 1,
                                    "Actual Startup Time": 581.3,
                                    "Actual Total Time": 581.306,
                                    "Actual Rows": 1,
                                    "Actual Loops": 1
                                },
                                {
                                    "Worker Number": 2,
                                    "Actual Startup Time": 581.036,
                                    "Actual Total Time": 581.04,
                                    "Actual Rows": 1,
                                    "Actual Loops": 1
                                }
                            ],
                            "Plans": [
                                {
                                    "Node Type": "Hash Join",
                                    "Parent Relationship": "Outer",
                                    "Parallel Aware": true,
                                    "Join Type": "Inner",
                                    "Startup Cost": 80956.17,
                                    "Total Cost": 130027.5,
                                    "Plan Rows": 306121,
                                    "Plan Width": 0,
                                    "Actual Startup Time": 374.994,
                                    "Actual Total Time": 578.73,
                                    "Actual Rows": 114704,
                                    "Actual Loops": 4,
                                    "Inner Unique": false,
                                    "Hash Cond": "(mk.movie_id = t.id)",
                                    "Workers": [
                                        {
                                            "Worker Number": 0,
                                            "Actual Startup Time": 372.045,
                                            "Actual Total Time": 575.674,
                                            "Actual Rows": 120839,
                                            "Actual Loops": 1
                                        },
                                        {
                                            "Worker Number": 1,
                                            "Actual Startup Time": 372.391,
                                            "Actual Total Time": 575.791,
                                            "Actual Rows": 85468,
                                            "Actual Loops": 1
                                        },
                                        {
                                            "Worker Number": 2,
                                            "Actual Startup Time": 372.476,
                                            "Actual Total Time": 575.952,
                                            "Actual Rows": 124377,
                                            "Actual Loops": 1
                                        }
                                    ],
                                    "Plans": [
                                        {
                                            "Node Type": "Seq Scan",
                                            "Parent Relationship": "Outer",
                                            "Parallel Aware": true,
                                            "Relation Name": "movie_keyword",
                                            "Schema": "public",
                                            "Alias": "mk",
                                            "Startup Cost": 0.0,
                                            "Total Cost": 42695.65,
                                            "Plan Rows": 1436849,
                                            "Plan Width": 4,
                                            "Actual Startup Time": 0.022,
                                            "Actual Total Time": 115.324,
                                            "Actual Rows": 1114096,
                                            "Actual Loops": 4,
                                            "Output": [
                                                "mk.id",
                                                "mk.movie_id",
                                                "mk.keyword_id"
                                            ],
                                            "Filter": "(mk.keyword_id > 56)",
                                            "Rows Removed by Filter": 16886,
                                            "Workers": [
                                                {
                                                    "Worker Number": 0,
                                                    "Actual Startup Time": 0.02,
                                                    "Actual Total Time": 116.144,
                                                    "Actual Rows": 1187385,
                                                    "Actual Loops": 1
                                                },
                                                {
                                                    "Worker Number": 1,
                                                    "Actual Startup Time": 0.034,
                                                    "Actual Total Time": 118.389,
                                                    "Actual Rows": 773399,
                                                    "Actual Loops": 1
                                                },
                                                {
                                                    "Worker Number": 2,
                                                    "Actual Startup Time": 0.023,
                                                    "Actual Total Time": 115.69,
                                                    "Actual Rows": 1181878,
                                                    "Actual Loops": 1
                                                }
                                            ]
                                        },
                                        {
                                            "Node Type": "Hash",
                                            "Parent Relationship": "Inner",
                                            "Parallel Aware": true,
                                            "Startup Cost": 78784.16,
                                            "Total Cost": 78784.16,
                                            "Plan Rows": 173761,
                                            "Plan Width": 8,
                                            "Actual Startup Time": 372.033,
                                            "Actual Total Time": 372.274,
                                            "Actual Rows": 52106,
                                            "Actual Loops": 4,
                                            "Output": [
                                                "t.id",
                                                "mc.movie_id"
                                            ],
                                            "Hash Buckets": 1048576,
                                            "Original Hash Buckets": 1048576,
                                            "Hash Batches": 1,
                                            "Original Hash Batches": 1,
                                            "Peak Memory Usage": 16416,
                                            "Workers": [
                                                {
                                                    "Worker Number": 0,
                                                    "Actual Startup Time": 371.301,
                                                    "Actual Total Time": 371.304,
                                                    "Actual Rows": 50791,
                                                    "Actual Loops": 1
                                                },
                                                {
                                                    "Worker Number": 1,
                                                    "Actual Startup Time": 371.246,
                                                    "Actual Total Time": 371.25,
                                                    "Actual Rows": 52056,
                                                    "Actual Loops": 1
                                                },
                                                {
                                                    "Worker Number": 2,
                                                    "Actual Startup Time": 371.681,
                                                    "Actual Total Time": 371.684,
                                                    "Actual Rows": 50812,
                                                    "Actual Loops": 1
                                                }
                                            ],
                                            "Plans": [
                                                {
                                                    "Node Type": "Hash Join",
                                                    "Parent Relationship": "Outer",
                                                    "Parallel Aware": true,
                                                    "Join Type": "Inner",
                                                    "Startup Cost": 48727.04,
                                                    "Total Cost": 78784.16,
                                                    "Plan Rows": 173761,
                                                    "Plan Width": 8,
                                                    "Actual Startup Time": 239.982,
                                                    "Actual Total Time": 357.151,
                                                    "Actual Rows": 52106,
                                                    "Actual Loops": 4,
                                                    "Output": [
                                                        "t.id",
                                                        "mc.movie_id"
                                                    ],
                                                    "Inner Unique": true,
                                                    "Hash Cond": "(mc.movie_id = t.id)",
                                                    "Workers": [
                                                        {
                                                            "Worker Number": 0,
                                                            "Actual Startup Time": 239.243,
                                                            "Actual Total Time": 355.772,
                                                            "Actual Rows": 50791,
                                                            "Actual Loops": 1
                                                        },
                                                        {
                                                            "Worker Number": 1,
                                                            "Actual Startup Time": 239.209,
                                                            "Actual Total Time": 356.812,
                                                            "Actual Rows": 52056,
                                                            "Actual Loops": 1
                                                        },
                                                        {
                                                            "Worker Number": 2,
                                                            "Actual Startup Time": 239.618,
                                                            "Actual Total Time": 356.024,
                                                            "Actual Rows": 50812,
                                                            "Actual Loops": 1
                                                        }
                                                    ],
                                                    "Plans": [
                                                        {
                                                            "Node Type": "Seq Scan",
                                                            "Parent Relationship": "Outer",
                                                            "Parallel Aware": true,
                                                            "Relation Name": "movie_companies",
                                                            "Schema": "public",
                                                            "Alias": "mc",
                                                            "Startup Cost": 0.0,
                                                            "Total Cost": 29310.68,
                                                            "Plan Rows": 284357,
                                                            "Plan Width": 4,
                                                            "Actual Startup Time": 9.051,
                                                            "Actual Total Time": 58.748,
                                                            "Actual Rows": 221301,
                                                            "Actual Loops": 4,
                                                            "Output": [
                                                                "mc.id",
                                                                "mc.movie_id",
                                                                "mc.company_id",
                                                                "mc.company_type_id",
                                                                "mc.note"
                                                            ],
                                                            "Filter": "(mc.company_id > 22485)",
                                                            "Rows Removed by Filter": 430981,
                                                            "Workers": [
                                                                {
                                                                    "Worker Number": 0,
                                                                    "Actual Startup Time": 9.079,
                                                                    "Actual Total Time": 59.028,
                                                                    "Actual Rows": 218040,
                                                                    "Actual Loops": 1
                                                                },
                                                                {
                                                                    "Worker Number": 1,
                                                                    "Actual Startup Time": 9.08,
                                                                    "Actual Total Time": 60.693,
                                                                    "Actual Rows": 206603,
                                                                    "Actual Loops": 1
                                                                },
                                                                {
                                                                    "Worker Number": 2,
                                                                    "Actual Startup Time": 8.963,
                                                                    "Actual Total Time": 58.673,
                                                                    "Actual Rows": 217020,
                                                                    "Actual Loops": 1
                                                                }
                                                            ]
                                                        },
                                                        {
                                                            "Node Type": "Hash",
                                                            "Parent Relationship": "Inner",
                                                            "Parallel Aware": true,
                                                            "Startup Cost": 43899.01,
                                                            "Total Cost": 43899.01,
                                                            "Plan Rows": 386243,
                                                            "Plan Width": 4,
                                                            "Actual Startup Time": 227.559,
                                                            "Actual Total Time": 227.56,
                                                            "Actual Rows": 388966,
                                                            "Actual Loops": 4,
                                                            "Output": [
                                                                "t.id"
                                                            ],
                                                            "Hash Buckets": 2097152,
                                                            "Original Hash Buckets": 2097152,
                                                            "Hash Batches": 1,
                                                            "Original Hash Batches": 1,
                                                            "Peak Memory Usage": 77312,
                                                            "Workers": [
                                                                {
                                                                    "Worker Number": 0,
                                                                    "Actual Startup Time": 229.911,
                                                                    "Actual Total Time": 229.912,
                                                                    "Actual Rows": 353889,
                                                                    "Actual Loops": 1
                                                                },
                                                                {
                                                                    "Worker Number": 1,
                                                                    "Actual Startup Time": 229.964,
                                                                    "Actual Total Time": 229.965,
                                                                    "Actual Rows": 363747,
                                                                    "Actual Loops": 1
                                                                },
                                                                {
                                                                    "Worker Number": 2,
                                                                    "Actual Startup Time": 230.23,
                                                                    "Actual Total Time": 230.231,
                                                                    "Actual Rows": 355903,
                                                                    "Actual Loops": 1
                                                                }
                                                            ],
                                                            "Plans": [
                                                                {
                                                                    "Node Type": "Seq Scan",
                                                                    "Parent Relationship": "Outer",
                                                                    "Parallel Aware": true,
                                                                    "Relation Name": "title",
                                                                    "Schema": "public",
                                                                    "Alias": "t",
                                                                    "Startup Cost": 0.0,
                                                                    "Total Cost": 43899.01,
                                                                    "Plan Rows": 386243,
                                                                    "Plan Width": 4,
                                                                    "Actual Startup Time": 0.052,
                                                                    "Actual Total Time": 92.262,
                                                                    "Actual Rows": 388966,
                                                                    "Actual Loops": 4,
                                                                    "Output": [
                                                                        "t.id"
                                                                    ],
                                                                    "Filter": "(t.kind_id > 4)",
                                                                    "Rows Removed by Filter": 243112,
                                                                    "Workers": [
                                                                        {
                                                                            "Worker Number": 0,
                                                                            "Actual Startup Time": 0.057,
                                                                            "Actual Total Time": 93.686,
                                                                            "Actual Rows": 353889,
                                                                            "Actual Loops": 1
                                                                        },
                                                                        {
                                                                            "Worker Number": 1,
                                                                            "Actual Startup Time": 0.069,
                                                                            "Actual Total Time": 95.588,
                                                                            "Actual Rows": 363747,
                                                                            "Actual Loops": 1
                                                                        },
                                                                        {
                                                                            "Worker Number": 2,
                                                                            "Actual Startup Time": 0.07,
                                                                            "Actual Total Time": 93.777,
                                                                            "Actual Rows": 355903,
                                                                            "Actual Loops": 1
                                                                        }
                                                                    ]
                                                                }
                                                            ]
                                                        }
                                                    ]
                                                }
                                            ]
                                        }
                                    ]
                                }
                            ]
                        }
                    ]
                }
            ]
        },
        "Planning Time": 194.656,
        "Triggers": [],
        "Execution Time": 612.22
    }
]