{
  "Plan": {
    "Node Type": "Aggregate",
    "Strategy": "Plain",
    "Partial Mode": "Finalize",
    "Parallel Aware": false,
    "Startup Cost": 320836.99,
    "Total Cost": 320837.0,
    "Plan Rows": 1,
    "Plan Width": 8,
    "Actual Startup Time": 777.729,
    "Actual Total Time": 791.374,
    "Actual Rows": 1,
    "Actual Loops": 1,
    "Plans": [
      {
        "Node Type": "Gather",
        "Parent Relationship": "Outer",
        "Parallel Aware": false,
        "Startup Cost": 320836.87,
        "Total Cost": 320836.98,
        "Plan Rows": 1,
        "Plan Width": 8,
        "Actual Startup Time": 775.913,
        "Actual Total Time": 791.365,
        "Actual Rows": 2,
        "Actual Loops": 1,
        "Workers Planned": 1,
        "Workers Launched": 1,
        "Single Copy": false,
        "Plans": [
          {
            "Node Type": "Aggregate",
            "Strategy": "Plain",
            "Partial Mode": "Partial",
            "Parent Relationship": "Outer",
            "Parallel Aware": false,
            "Startup Cost": 319836.87,
            "Total Cost": 319836.88,
            "Plan Rows": 1,
            "Plan Width": 8,
            "Actual Startup Time": 769.64,
            "Actual Total Time": 769.645,
            "Actual Rows": 1,
            "Actual Loops": 2,
            "Plans": [
              {
                "Node Type": "Nested Loop",
                "Parent Relationship": "Outer",
                "Parallel Aware": false,
                "Join Type": "Inner",
                "Startup Cost": 74168.17,
                "Total Cost": 319659.75,
                "Plan Rows": 70850,
                "Plan Width": 0,
                "Actual Startup Time": 302.885,
                "Actual Total Time": 760.262,
                "Actual Rows": 202896,
                "Actual Loops": 2,
                "Inner Unique": false,
                "Join Filter": "(t.id = mi_idx.movie_id)",
                "Rows Removed by Join Filter": 0,
                "Plans": [
                  {
                    "Node Type": "Hash Join",
                    "Parent Relationship": "Outer",
                    "Parallel Aware": true,
                    "Join Type": "Inner",
                    "Startup Cost": 74167.74,
                    "Total Cost": 243245.88,
                    "Plan Rows": 129801,
                    "Plan Width": 8,
                    "Actual Startup Time": 302.74,
                    "Actual Total Time": 473.8,
                    "Actual Rows": 143372,
                    "Actual Loops": 2,
                    "Inner Unique": true,
                    "Hash Cond": "(mi.movie_id = t.id)",
                    "Plans": [
                      {
                        "Node Type": "Bitmap Heap Scan",
                        "Parent Relationship": "Outer",
                        "Parallel Aware": true,
                        "Relation Name": "movie_info",
                        "Alias": "mi",
                        "Startup Cost": 14428.12,
                        "Total Cost": 182276.62,
                        "Plan Rows": 468439,
                        "Plan Width": 4,
                        "Actual Startup Time": 23.648,
                        "Actual Total Time": 61.618,
                        "Actual Rows": 401070,
                        "Actual Loops": 2,
                        "Recheck Cond": "(info_type_id = 1)",
                        "Rows Removed by Index Recheck": 0,
                        "Exact Heap Blocks": 2510,
                        "Lossy Heap Blocks": 0,
                        "Plans": [
                          {
                            "Node Type": "Bitmap Index Scan",
                            "Parent Relationship": "Outer",
                            "Parallel Aware": false,
                            "Index Name": "info_type_id_movie_info",
                            "Startup Cost": 0.0,
                            "Total Cost": 14229.04,
                            "Plan Rows": 796347,
                            "Plan Width": 0,
                            "Actual Startup Time": 22.852,
                            "Actual Total Time": 22.852,
                            "Actual Rows": 802140,
                            "Actual Loops": 1,
                            "Index Cond": "(info_type_id = 1)"
                          }
                        ]
                      },
                      {
                        "Node Type": "Hash",
                        "Parent Relationship": "Inner",
                        "Parallel Aware": true,
                        "Startup Cost": 54588.39,
                        "Total Cost": 54588.39,
                        "Plan Rows": 412098,
                        "Plan Width": 4,
                        "Actual Startup Time": 269.77,
                        "Actual Total Time": 269.771,
                        "Actual Rows": 353593,
                        "Actual Loops": 2,
                        "Hash Buckets": 1048576,
                        "Original Hash Buckets": 1048576,
                        "Hash Batches": 1,
                        "Original Hash Batches": 1,
                        "Peak Memory Usage": 35904,
                        "Plans": [
                          {
                            "Node Type": "Seq Scan",
                            "Parent Relationship": "Outer",
                            "Parallel Aware": true,
                            "Relation Name": "title",
                            "Alias": "t",
                            "Startup Cost": 0.0,
                            "Total Cost": 54588.39,
                            "Plan Rows": 412098,
                            "Plan Width": 4,
                            "Actual Startup Time": 0.031,
                            "Actual Total Time": 158.808,
                            "Actual Rows": 353593,
                            "Actual Loops": 2,
                            "Filter": "(production_year < 1991)",
                            "Rows Removed by Filter": 910563
                          }
                        ]
                      }
                    ]
                  },
                  {
                    "Node Type": "Index Only Scan",
                    "Parent Relationship": "Inner",
                    "Parallel Aware": false,
                    "Scan Direction": "Forward",
                    "Index Name": "movie_id_movie_info_idx",
                    "Relation Name": "movie_info_idx",
                    "Alias": "mi_idx",
                    "Startup Cost": 0.43,
                    "Total Cost": 0.55,
                    "Plan Rows": 3,
                    "Plan Width": 4,
                    "Actual Startup Time": 0.002,
                    "Actual Total Time": 0.002,
                    "Actual Rows": 1,
                    "Actual Loops": 286745,
                    "Index Cond": "(movie_id = mi.movie_id)",
                    "Rows Removed by Index Recheck": 0,
                    "Heap Fetches": 405792
                  }
                ]
              }
            ]
          }
        ]
      }
    ]
  },
  "Planning Time": 1.074,
  "Triggers": [],
  "Execution Time": 791.488
}