{
  "Plan": {
    "Node Type": "Aggregate",
    "Strategy": "Plain",
    "Partial Mode": "Finalize",
    "Parallel Aware": false,
    "Startup Cost": 372040.1,
    "Total Cost": 372040.11,
    "Plan Rows": 1,
    "Plan Width": 8,
    "Actual Startup Time": 711.28,
    "Actual Total Time": 729.546,
    "Actual Rows": 1,
    "Actual Loops": 1,
    "Plans": [
      {
        "Node Type": "Gather",
        "Parent Relationship": "Outer",
        "Parallel Aware": false,
        "Startup Cost": 372039.99,
        "Total Cost": 372040.1,
        "Plan Rows": 1,
        "Plan Width": 8,
        "Actual Startup Time": 709.635,
        "Actual Total Time": 729.537,
        "Actual Rows": 2,
        "Actual Loops": 1,
        "Workers Planned": 1,
        "Workers Launched": 1,
        "Single Copy": false,
        "Plans": [
          {
            "Node Type": "Aggregate",
            "Strategy": "Plain",
            "Partial Mode": "Partial",
            "Parent Relationship": "Outer",
            "Parallel Aware": false,
            "Startup Cost": 371039.99,
            "Total Cost": 371040.0,
            "Plan Rows": 1,
            "Plan Width": 8,
            "Actual Startup Time": 703.422,
            "Actual Total Time": 703.427,
            "Actual Rows": 1,
            "Actual Loops": 2,
            "Plans": [
              {
                "Node Type": "Hash Join",
                "Parent Relationship": "Outer",
                "Parallel Aware": true,
                "Join Type": "Inner",
                "Startup Cost": 101338.39,
                "Total Cost": 370759.77,
                "Plan Rows": 112088,
                "Plan Width": 0,
                "Actual Startup Time": 344.261,
                "Actual Total Time": 693.017,
                "Actual Rows": 191546,
                "Actual Loops": 2,
                "Inner Unique": true,
                "Hash Cond": "(ci.movie_id = t.id)",
                "Plans": [
                  {
                    "Node Type": "Bitmap Heap Scan",
                    "Parent Relationship": "Outer",
                    "Parallel Aware": true,
                    "Relation Name": "cast_info",
                    "Alias": "ci",
                    "Startup Cost": 38576.09,
                    "Total Cost": 306769.89,
                    "Plan Rows": 467651,
                    "Plan Width": 4,
                    "Actual Startup Time": 60.549,
                    "Actual Total Time": 208.99,
                    "Actual Rows": 851584,
                    "Actual Loops": 2,
                    "Recheck Cond": "(person_id > 3724284)",
                    "Rows Removed by Index Recheck": 0,
                    "Filter": "(role_id > 2)",
                    "Rows Removed by Filter": 0,
                    "Exact Heap Blocks": 10233,
                    "Lossy Heap Blocks": 0,
                    "Plans": [
                      {
                        "Node Type": "Bitmap Index Scan",
                        "Parent Relationship": "Outer",
                        "Parallel Aware": false,
                        "Index Name": "person_id_cast_info",
                        "Startup Cost": 0.0,
                        "Total Cost": 38377.34,
                        "Plan Rows": 1757437,
                        "Plan Width": 0,
                        "Actual Startup Time": 56.856,
                        "Actual Total Time": 56.857,
                        "Actual Rows": 1703167,
                        "Actual Loops": 1,
                        "Index Cond": "(person_id > 3724284)"
                      }
                    ]
                  },
                  {
                    "Node Type": "Hash",
                    "Parent Relationship": "Inner",
                    "Parallel Aware": true,
                    "Startup Cost": 58306.47,
                    "Total Cost": 58306.47,
                    "Plan Rows": 356466,
                    "Plan Width": 4,
                    "Actual Startup Time": 274.317,
                    "Actual Total Time": 274.318,
                    "Actual Rows": 337845,
                    "Actual Loops": 2,
                    "Hash Buckets": 1048576,
                    "Original Hash Buckets": 1048576,
                    "Hash Batches": 1,
                    "Original Hash Batches": 1,
                    "Peak Memory Usage": 34656,
                    "Plans": [
                      {
                        "Node Type": "Seq Scan",
                        "Parent Relationship": "Outer",
                        "Parallel Aware": true,
                        "Relation Name": "title",
                        "Alias": "t",
                        "Startup Cost": 0.0,
                        "Total Cost": 58306.47,
                        "Plan Rows": 356466,
                        "Plan Width": 4,
                        "Actual Startup Time": 0.038,
                        "Actual Total Time": 179.624,
                        "Actual Rows": 337845,
                        "Actual Loops": 2,
                        "Filter": "((kind_id < 7) AND (production_year < 2007))",
                        "Rows Removed by Filter": 926311
                      }
                    ]
                  }
                ]
              }
            ]
          }
        ]
      }
    ]
  },
  "Planning Time": 0.725,
  "Triggers": [],
  "Execution Time": 729.644
}