[
  {
    "Plan": {
      "Node Type": "Aggregate",
      "Strategy": "Plain",
      "Partial Mode": "Finalize",
      "Parallel Aware": false,
      "Startup Cost": 89939.37,
      "Total Cost": 89939.38,
      "Plan Rows": 1,
      "Plan Width": 8,
      "Actual Startup Time": 366.528,
      "Actual Total Time": 386.493,
      "Actual Rows": 1,
      "Actual Loops": 1,
      "Plans": [
        {
          "Node Type": "Gather",
          "Parent Relationship": "Outer",
          "Parallel Aware": false,
          "Startup Cost": 89939.05,
          "Total Cost": 89939.36,
          "Plan Rows": 3,
          "Plan Width": 8,
          "Actual Startup Time": 365.242,
          "Actual Total Time": 386.483,
          "Actual Rows": 4,
          "Actual Loops": 1,
          "Workers Planned": 3,
          "Workers Launched": 3,
          "Single Copy": false,
          "Plans": [
            {
              "Node Type": "Aggregate",
              "Strategy": "Plain",
              "Partial Mode": "Partial",
              "Parent Relationship": "Outer",
              "Parallel Aware": false,
              "Startup Cost": 88939.05,
              "Total Cost": 88939.06,
              "Plan Rows": 1,
              "Plan Width": 8,
              "Actual Startup Time": 357.042,
              "Actual Total Time": 357.109,
              "Actual Rows": 1,
              "Actual Loops": 4,
              "Plans": [
                {
                  "Node Type": "Hash Join",
                  "Parent Relationship": "Outer",
                  "Parallel Aware": true,
                  "Join Type": "Inner",
                  "Startup Cost": 45877.16,
                  "Total Cost": 88755.24,
                  "Plan Rows": 73523,
                  "Plan Width": 0,
                  "Actual Startup Time": 130.519,
                  "Actual Total Time": 345.581,
                  "Actual Rows": 249567,
                  "Actual Loops": 4,
                  "Inner Unique": true,
                  "Hash Cond": "(mk.movie_id = t.id)",
                  "Plans": [
                    {
                      "Node Type": "Seq Scan",
                      "Parent Relationship": "Outer",
                      "Parallel Aware": true,
                      "Relation Name": "movie_keyword",
                      "Alias": "mk",
                      "Startup Cost": 0.0,
                      "Total Cost": 39047.32,
                      "Plan Rows": 1459332,
                      "Plan Width": 4,
                      "Actual Startup Time": 0.03,
                      "Actual Total Time": 93.874,
                      "Actual Rows": 1130982,
                      "Actual Loops": 4
                    },
                    {
                      "Node Type": "Hash",
                      "Parent Relationship": "Inner",
                      "Parallel Aware": true,
                      "Startup Cost": 45479.1,
                      "Total Cost": 45479.1,
                      "Plan Rows": 31845,
                      "Plan Width": 4,
                      "Actual Startup Time": 128.335,
                      "Actual Total Time": 128.336,
                      "Actual Rows": 64765,
                      "Actual Loops": 4,
                      "Hash Buckets": 262144,
                      "Original Hash Buckets": 131072,
                      "Hash Batches": 1,
                      "Original Hash Batches": 1,
                      "Peak Memory Usage": 13280,
                      "Plans": [
                        {
                          "Node Type": "Seq Scan",
                          "Parent Relationship": "Outer",
                          "Parallel Aware": true,
                          "Relation Name": "title",
                          "Alias": "t",
                          "Startup Cost": 0.0,
                          "Total Cost": 45479.1,
                          "Plan Rows": 31845,
                          "Plan Width": 4,
                          "Actual Startup Time": 0.147,
                          "Actual Total Time": 103.555,
                          "Actual Rows": 64765,
                          "Actual Loops": 4,
                          "Filter": "((kind_id < 3) AND (production_year < 1975))",
                          "Rows Removed by Filter": 567313
                        }
                      ]
                    }
                  ]
                }
              ]
            }
          ]
        }
      ]
    },
    "Planning Time": 0.648,
    "Triggers": [],
    "Execution Time": 386.561
  }
]