[
  {
    "Plan": {
      "Node Type": "Aggregate",
      "Strategy": "Plain",
      "Partial Mode": "Finalize",
      "Parallel Aware": false,
      "Startup Cost": 394166.27,
      "Total Cost": 394166.28,
      "Plan Rows": 1,
      "Plan Width": 8,
      "Actual Startup Time": 873.497,
      "Actual Total Time": 930.937,
      "Actual Rows": 1,
      "Actual Loops": 1,
      "Plans": [
        {
          "Node Type": "Gather",
          "Parent Relationship": "Outer",
          "Parallel Aware": false,
          "Startup Cost": 394165.64,
          "Total Cost": 394166.25,
          "Plan Rows": 6,
          "Plan Width": 8,
          "Actual Startup Time": 861.566,
          "Actual Total Time": 930.921,
          "Actual Rows": 7,
          "Actual Loops": 1,
          "Workers Planned": 6,
          "Workers Launched": 6,
          "Single Copy": false,
          "Plans": [
            {
              "Node Type": "Aggregate",
              "Strategy": "Plain",
              "Partial Mode": "Partial",
              "Parent Relationship": "Outer",
              "Parallel Aware": false,
              "Startup Cost": 393165.64,
              "Total Cost": 393165.65,
              "Plan Rows": 1,
              "Plan Width": 8,
              "Actual Startup Time": 844.915,
              "Actual Total Time": 844.918,
              "Actual Rows": 1,
              "Actual Loops": 7,
              "Plans": [
                {
                  "Node Type": "Hash Join",
                  "Parent Relationship": "Outer",
                  "Parallel Aware": true,
                  "Join Type": "Inner",
                  "Startup Cost": 47876.03,
                  "Total Cost": 392506.98,
                  "Plan Rows": 263465,
                  "Plan Width": 0,
                  "Actual Startup Time": 382.092,
                  "Actual Total Time": 840.253,
                  "Actual Rows": 103026,
                  "Actual Loops": 7,
                  "Inner Unique": true,
                  "Hash Cond": "(ci.movie_id = t.id)",
                  "Plans": [
                    {
                      "Node Type": "Seq Scan",
                      "Parent Relationship": "Outer",
                      "Parallel Aware": true,
                      "Relation Name": "cast_info",
                      "Alias": "ci",
                      "Startup Cost": 0.0,
                      "Total Cost": 343257.03,
                      "Plan Rows": 523398,
                      "Plan Width": 4,
                      "Actual Startup Time": 205.742,
                      "Actual Total Time": 578.838,
                      "Actual Rows": 196016,
                      "Actual Loops": 7,
                      "Filter": "((person_id < 480151) AND (role_id > 1))",
                      "Rows Removed by Filter": 4981747
                    },
                    {
                      "Node Type": "Hash",
                      "Parent Relationship": "Inner",
                      "Parallel Aware": true,
                      "Startup Cost": 43898.92,
                      "Total Cost": 43898.92,
                      "Plan Rows": 318169,
                      "Plan Width": 4,
                      "Actual Startup Time": 171.081,
                      "Actual Total Time": 171.082,
                      "Actual Rows": 180042,
                      "Actual Loops": 7,
                      "Hash Buckets": 2097152,
                      "Original Hash Buckets": 2097152,
                      "Hash Batches": 1,
                      "Original Hash Batches": 1,
                      "Peak Memory Usage": 65760,
                      "Plans": [
                        {
                          "Node Type": "Seq Scan",
                          "Parent Relationship": "Outer",
                          "Parallel Aware": true,
                          "Relation Name": "title",
                          "Alias": "t",
                          "Startup Cost": 0.0,
                          "Total Cost": 43898.92,
                          "Plan Rows": 318169,
                          "Plan Width": 4,
                          "Actual Startup Time": 0.044,
                          "Actual Total Time": 79.734,
                          "Actual Rows": 180042,
                          "Actual Loops": 7,
                          "Filter": "(production_year > 2002)",
                          "Rows Removed by Filter": 181145
                        }
                      ]
                    }
                  ]
                }
              ]
            }
          ]
        }
      ]
    },
    "Planning Time": 0.604,
    "Triggers": [],
    "Execution Time": 931.028
  }
]