{
  "Plan": {
    "Node Type": "Aggregate",
    "Strategy": "Plain",
    "Partial Mode": "Finalize",
    "Parallel Aware": false,
    "Startup Cost": 722328.12,
    "Total Cost": 722328.13,
    "Plan Rows": 1,
    "Plan Width": 8,
    "Actual Startup Time": 6896.217,
    "Actual Total Time": 6968.703,
    "Actual Rows": 1,
    "Actual Loops": 1,
    "Plans": [
      {
        "Node Type": "Gather",
        "Parent Relationship": "Outer",
        "Parallel Aware": false,
        "Startup Cost": 722328.01,
        "Total Cost": 722328.12,
        "Plan Rows": 1,
        "Plan Width": 8,
        "Actual Startup Time": 6893.382,
        "Actual Total Time": 6968.695,
        "Actual Rows": 2,
        "Actual Loops": 1,
        "Workers Planned": 1,
        "Workers Launched": 1,
        "Single Copy": false,
        "Plans": [
          {
            "Node Type": "Aggregate",
            "Strategy": "Plain",
            "Partial Mode": "Partial",
            "Parent Relationship": "Outer",
            "Parallel Aware": false,
            "Startup Cost": 721328.01,
            "Total Cost": 721328.02,
            "Plan Rows": 1,
            "Plan Width": 8,
            "Actual Startup Time": 6887.261,
            "Actual Total Time": 6887.266,
            "Actual Rows": 1,
            "Actual Loops": 2,
            "Plans": [
              {
                "Node Type": "Hash Join",
                "Parent Relationship": "Outer",
                "Parallel Aware": true,
                "Join Type": "Inner",
                "Startup Cost": 109873.24,
                "Total Cost": 717957.62,
                "Plan Rows": 1348156,
                "Plan Width": 0,
                "Actual Startup Time": 596.718,
                "Actual Total Time": 6832.798,
                "Actual Rows": 1094878,
                "Actual Loops": 2,
                "Inner Unique": false,
                "Hash Cond": "(t.id = mc.movie_id)",
                "Plans": [
                  {
                    "Node Type": "Hash Join",
                    "Parent Relationship": "Outer",
                    "Parallel Aware": true,
                    "Join Type": "Inner",
                    "Startup Cost": 62683.83,
                    "Total Cost": 633709.67,
                    "Plan Rows": 4660511,
                    "Plan Width": 8,
                    "Actual Startup Time": 315.616,
                    "Actual Total Time": 5482.031,
                    "Actual Rows": 2780876,
                    "Actual Loops": 2,
                    "Inner Unique": true,
                    "Hash Cond": "(ci.movie_id = t.id)",
                    "Plans": [
                      {
                        "Node Type": "Seq Scan",
                        "Parent Relationship": "Outer",
                        "Parallel Aware": true,
                        "Relation Name": "cast_info",
                        "Alias": "ci",
                        "Startup Cost": 0.0,
                        "Total Cost": 519069.44,
                        "Plan Rows": 19792881,
                        "Plan Width": 4,
                        "Actual Startup Time": 73.865,
                        "Actual Total Time": 1789.997,
                        "Actual Rows": 16809032,
                        "Actual Loops": 2,
                        "Filter": "(person_id > 252390)",
                        "Rows Removed by Filter": 1313140
                      },
                      {
                        "Node Type": "Hash",
                        "Parent Relationship": "Inner",
                        "Parallel Aware": true,
                        "Startup Cost": 58306.47,
                        "Total Cost": 58306.47,
                        "Plan Rows": 350189,
                        "Plan Width": 4,
                        "Actual Startup Time": 238.612,
                        "Actual Total Time": 238.613,
                        "Actual Rows": 235539,
                        "Actual Loops": 2,
                        "Hash Buckets": 1048576,
                        "Original Hash Buckets": 1048576,
                        "Hash Batches": 1,
                        "Original Hash Batches": 1,
                        "Peak Memory Usage": 26656,
                        "Plans": [
                          {
                            "Node Type": "Seq Scan",
                            "Parent Relationship": "Outer",
                            "Parallel Aware": true,
                            "Relation Name": "title",
                            "Alias": "t",
                            "Startup Cost": 0.0,
                            "Total Cost": 58306.47,
                            "Plan Rows": 350189,
                            "Plan Width": 4,
                            "Actual Startup Time": 0.018,
                            "Actual Total Time": 162.329,
                            "Actual Rows": 235539,
                            "Actual Loops": 2,
                            "Filter": "((kind_id > 1) AND (production_year < 1995))",
                            "Rows Removed by Filter": 1028617
                          }
                        ]
                      }
                    ]
                  },
                  {
                    "Node Type": "Hash",
                    "Parent Relationship": "Inner",
                    "Parallel Aware": true,
                    "Startup Cost": 41811.73,
                    "Total Cost": 41811.73,
                    "Plan Rows": 430215,
                    "Plan Width": 4,
                    "Actual Startup Time": 271.832,
                    "Actual Total Time": 271.832,
                    "Actual Rows": 477130,
                    "Actual Loops": 2,
                    "Hash Buckets": 1048576,
                    "Original Hash Buckets": 1048576,
                    "Hash Batches": 1,
                    "Original Hash Batches": 1,
                    "Peak Memory Usage": 45568,
                    "Plans": [
                      {
                        "Node Type": "Seq Scan",
                        "Parent Relationship": "Outer",
                        "Parallel Aware": true,
                        "Relation Name": "movie_companies",
                        "Alias": "mc",
                        "Startup Cost": 0.0,
                        "Total Cost": 41811.73,
                        "Plan Rows": 430215,
                        "Plan Width": 4,
                        "Actual Startup Time": 71.834,
                        "Actual Total Time": 157.819,
                        "Actual Rows": 477130,
                        "Actual Loops": 2,
                        "Filter": "((company_id > 9658) AND (company_type_id = 2))",
                        "Rows Removed by Filter": 827435
                      }
                    ]
                  }
                ]
              }
            ]
          }
        ]
      }
    ]
  },
  "Planning Time": 1.045,
  "Triggers": [],
  "Execution Time": 6968.802
}