[
  {
    "Plan": {
      "Node Type": "Aggregate",
      "Strategy": "Plain",
      "Partial Mode": "Finalize",
      "Parallel Aware": false,
      "Startup Cost": 44530.6,
      "Total Cost": 44530.61,
      "Plan Rows": 1,
      "Plan Width": 8,
      "Actual Startup Time": 118.03,
      "Actual Total Time": 126.461,
      "Actual Rows": 1,
      "Actual Loops": 1,
      "Plans": [
        {
          "Node Type": "Gather",
          "Parent Relationship": "Outer",
          "Parallel Aware": false,
          "Startup Cost": 44530.28,
          "Total Cost": 44530.59,
          "Plan Rows": 3,
          "Plan Width": 8,
          "Actual Startup Time": 117.905,
          "Actual Total Time": 126.448,
          "Actual Rows": 4,
          "Actual Loops": 1,
          "Workers Planned": 3,
          "Workers Launched": 3,
          "Single Copy": false,
          "Plans": [
            {
              "Node Type": "Aggregate",
              "Strategy": "Plain",
              "Partial Mode": "Partial",
              "Parent Relationship": "Outer",
              "Parallel Aware": false,
              "Startup Cost": 43530.28,
              "Total Cost": 43530.29,
              "Plan Rows": 1,
              "Plan Width": 8,
              "Actual Startup Time": 112.874,
              "Actual Total Time": 112.875,
              "Actual Rows": 1,
              "Actual Loops": 4,
              "Plans": [
                {
                  "Node Type": "Seq Scan",
                  "Parent Relationship": "Outer",
                  "Parallel Aware": true,
                  "Relation Name": "movie_keyword",
                  "Alias": "mk",
                  "Startup Cost": 0.0,
                  "Total Cost": 42695.65,
                  "Plan Rows": 333851,
                  "Plan Width": 0,
                  "Actual Startup Time": 1.875,
                  "Actual Total Time": 100.392,
                  "Actual Rows": 257267,
                  "Actual Loops": 4,
                  "Filter": "(keyword_id > 17286)",
                  "Rows Removed by Filter": 873716
                }
              ]
            }
          ]
        }
      ]
    },
    "Planning Time": 0.068,
    "Triggers": [],
    "Execution Time": 126.492
  }
]