[
  {
    "Plan": {
      "Node Type": "Aggregate",
      "Strategy": "Plain",
      "Partial Mode": "Finalize",
      "Parallel Aware": false,
      "Startup Cost": 39773.57,
      "Total Cost": 39773.58,
      "Plan Rows": 1,
      "Plan Width": 8,
      "Actual Startup Time": 121.52,
      "Actual Total Time": 130.299,
      "Actual Rows": 1,
      "Actual Loops": 1,
      "Plans": [
        {
          "Node Type": "Gather",
          "Parent Relationship": "Outer",
          "Parallel Aware": false,
          "Startup Cost": 39773.25,
          "Total Cost": 39773.56,
          "Plan Rows": 3,
          "Plan Width": 8,
          "Actual Startup Time": 121.21,
          "Actual Total Time": 130.289,
          "Actual Rows": 4,
          "Actual Loops": 1,
          "Workers Planned": 3,
          "Workers Launched": 3,
          "Single Copy": false,
          "Plans": [
            {
              "Node Type": "Aggregate",
              "Strategy": "Plain",
              "Partial Mode": "Partial",
              "Parent Relationship": "Outer",
              "Parallel Aware": false,
              "Startup Cost": 38773.25,
              "Total Cost": 38773.26,
              "Plan Rows": 1,
              "Plan Width": 8,
              "Actual Startup Time": 116.03,
              "Actual Total Time": 116.032,
              "Actual Rows": 1,
              "Actual Loops": 4,
              "Plans": [
                {
                  "Node Type": "Bitmap Heap Scan",
                  "Parent Relationship": "Outer",
                  "Parallel Aware": true,
                  "Relation Name": "movie_keyword",
                  "Alias": "mk",
                  "Startup Cost": 11659.87,
                  "Total Cost": 38330.02,
                  "Plan Rows": 177292,
                  "Plan Width": 0,
                  "Actual Startup Time": 36.205,
                  "Actual Total Time": 108.011,
                  "Actual Rows": 137511,
                  "Actual Loops": 4,
                  "Recheck Cond": "(keyword_id > 33508)",
                  "Rows Removed by Index Recheck": 0,
                  "Exact Heap Blocks": 10924,
                  "Lossy Heap Blocks": 0,
                  "Plans": [
                    {
                      "Node Type": "Bitmap Index Scan",
                      "Parent Relationship": "Outer",
                      "Parallel Aware": false,
                      "Index Name": "keyword_id_movie_keyword",
                      "Startup Cost": 0.0,
                      "Total Cost": 11522.47,
                      "Plan Rows": 549605,
                      "Plan Width": 0,
                      "Actual Startup Time": 37.564,
                      "Actual Total Time": 37.564,
                      "Actual Rows": 550045,
                      "Actual Loops": 1,
                      "Index Cond": "(keyword_id > 33508)"
                    }
                  ]
                }
              ]
            }
          ]
        }
      ]
    },
    "Planning Time": 0.084,
    "Triggers": [],
    "Execution Time": 130.337
  }
]