[
  {
    "Plan": {
      "Node Type": "Aggregate",
      "Strategy": "Plain",
      "Partial Mode": "Finalize",
      "Parallel Aware": false,
      "Startup Cost": 36299.11,
      "Total Cost": 36299.12,
      "Plan Rows": 1,
      "Plan Width": 8,
      "Actual Startup Time": 101.979,
      "Actual Total Time": 106.812,
      "Actual Rows": 1,
      "Actual Loops": 1,
      "Plans": [
        {
          "Node Type": "Gather",
          "Parent Relationship": "Outer",
          "Parallel Aware": false,
          "Startup Cost": 36298.8,
          "Total Cost": 36299.11,
          "Plan Rows": 3,
          "Plan Width": 8,
          "Actual Startup Time": 101.593,
          "Actual Total Time": 106.804,
          "Actual Rows": 4,
          "Actual Loops": 1,
          "Workers Planned": 3,
          "Workers Launched": 3,
          "Single Copy": false,
          "Plans": [
            {
              "Node Type": "Aggregate",
              "Strategy": "Plain",
              "Partial Mode": "Partial",
              "Parent Relationship": "Outer",
              "Parallel Aware": false,
              "Startup Cost": 35298.8,
              "Total Cost": 35298.81,
              "Plan Rows": 1,
              "Plan Width": 8,
              "Actual Startup Time": 95.643,
              "Actual Total Time": 95.645,
              "Actual Rows": 1,
              "Actual Loops": 4,
              "Plans": [
                {
                  "Node Type": "Bitmap Heap Scan",
                  "Parent Relationship": "Outer",
                  "Parallel Aware": true,
                  "Relation Name": "movie_keyword",
                  "Alias": "mk",
                  "Startup Cost": 8830.56,
                  "Total Cost": 34963.09,
                  "Plan Rows": 134282,
                  "Plan Width": 0,
                  "Actual Startup Time": 26.831,
                  "Actual Total Time": 89.821,
                  "Actual Rows": 101736,
                  "Actual Loops": 4,
                  "Recheck Cond": "(keyword_id > 42571)",
                  "Rows Removed by Index Recheck": 0,
                  "Exact Heap Blocks": 9922,
                  "Lossy Heap Blocks": 0,
                  "Plans": [
                    {
                      "Node Type": "Bitmap Index Scan",
                      "Parent Relationship": "Outer",
                      "Parallel Aware": false,
                      "Index Name": "keyword_id_movie_keyword",
                      "Startup Cost": 0.0,
                      "Total Cost": 8726.5,
                      "Plan Rows": 416275,
                      "Plan Width": 0,
                      "Actual Startup Time": 29.065,
                      "Actual Total Time": 29.065,
                      "Actual Rows": 406942,
                      "Actual Loops": 1,
                      "Index Cond": "(keyword_id > 42571)"
                    }
                  ]
                }
              ]
            }
          ]
        }
      ]
    },
    "Planning Time": 0.082,
    "Triggers": [],
    "Execution Time": 106.855
  }
]