[
  {
    "Plan": {
      "Node Type": "Aggregate",
      "Strategy": "Plain",
      "Partial Mode": "Finalize",
      "Parallel Aware": false,
      "Startup Cost": 31389.52,
      "Total Cost": 31389.53,
      "Plan Rows": 1,
      "Plan Width": 8,
      "Actual Startup Time": 109.912,
      "Actual Total Time": 118.76,
      "Actual Rows": 1,
      "Actual Loops": 1,
      "Plans": [
        {
          "Node Type": "Gather",
          "Parent Relationship": "Outer",
          "Parallel Aware": false,
          "Startup Cost": 31389.2,
          "Total Cost": 31389.51,
          "Plan Rows": 3,
          "Plan Width": 8,
          "Actual Startup Time": 109.712,
          "Actual Total Time": 118.68,
          "Actual Rows": 4,
          "Actual Loops": 1,
          "Workers Planned": 3,
          "Workers Launched": 3,
          "Single Copy": false,
          "Plans": [
            {
              "Node Type": "Aggregate",
              "Strategy": "Plain",
              "Partial Mode": "Partial",
              "Parent Relationship": "Outer",
              "Parallel Aware": false,
              "Startup Cost": 30389.2,
              "Total Cost": 30389.21,
              "Plan Rows": 1,
              "Plan Width": 8,
              "Actual Startup Time": 101.502,
              "Actual Total Time": 101.503,
              "Actual Rows": 1,
              "Actual Loops": 4,
              "Plans": [
                {
                  "Node Type": "Seq Scan",
                  "Parent Relationship": "Outer",
                  "Parallel Aware": true,
                  "Relation Name": "movie_companies",
                  "Alias": "mc",
                  "Startup Cost": 0.0,
                  "Total Cost": 29310.68,
                  "Plan Rows": 431408,
                  "Plan Width": 0,
                  "Actual Startup Time": 0.057,
                  "Actual Total Time": 81.254,
                  "Actual Rows": 334076,
                  "Actual Loops": 4,
                  "Filter": "(company_id < 11428)",
                  "Rows Removed by Filter": 318206
                }
              ]
            }
          ]
        }
      ]
    },
    "Planning Time": 0.166,
    "Triggers": [],
    "Execution Time": 118.811
  }
]