[
  {
    "Plan": {
      "Node Type": "Aggregate",
      "Strategy": "Plain",
      "Partial Mode": "Finalize",
      "Parallel Aware": false,
      "Startup Cost": 332315.36,
      "Total Cost": 332315.37,
      "Plan Rows": 1,
      "Plan Width": 8,
      "Actual Startup Time": 650.352,
      "Actual Total Time": 711.02,
      "Actual Rows": 1,
      "Actual Loops": 1,
      "Plans": [
        {
          "Node Type": "Gather",
          "Parent Relationship": "Outer",
          "Parallel Aware": false,
          "Startup Cost": 332314.73,
          "Total Cost": 332315.34,
          "Plan Rows": 6,
          "Plan Width": 8,
          "Actual Startup Time": 650.217,
          "Actual Total Time": 711.009,
          "Actual Rows": 7,
          "Actual Loops": 1,
          "Workers Planned": 6,
          "Workers Launched": 6,
          "Single Copy": false,
          "Plans": [
            {
              "Node Type": "Aggregate",
              "Strategy": "Plain",
              "Partial Mode": "Partial",
              "Parent Relationship": "Outer",
              "Parallel Aware": false,
              "Startup Cost": 331314.73,
              "Total Cost": 331314.74,
              "Plan Rows": 1,
              "Plan Width": 8,
              "Actual Startup Time": 641.993,
              "Actual Total Time": 641.995,
              "Actual Rows": 1,
              "Actual Loops": 7,
              "Plans": [
                {
                  "Node Type": "Seq Scan",
                  "Parent Relationship": "Outer",
                  "Parallel Aware": true,
                  "Relation Name": "cast_info",
                  "Alias": "ci",
                  "Startup Cost": 0.0,
                  "Total Cost": 328162.03,
                  "Plan Rows": 1261083,
                  "Plan Width": 0,
                  "Actual Startup Time": 0.051,
                  "Actual Total Time": 586.833,
                  "Actual Rows": 1107555,
                  "Actual Loops": 7,
                  "Filter": "(person_id < 754312)",
                  "Rows Removed by Filter": 4070208
                }
              ]
            }
          ]
        }
      ]
    },
    "Planning Time": 0.228,
    "Triggers": [],
    "Execution Time": 711.092
  }
]