[
  {
    "Plan": {
      "Node Type": "Aggregate",
      "Strategy": "Plain",
      "Partial Mode": "Finalize",
      "Parallel Aware": false,
      "Startup Cost": 56980.11,
      "Total Cost": 56980.12,
      "Plan Rows": 1,
      "Plan Width": 8,
      "Actual Startup Time": 116.433,
      "Actual Total Time": 131.321,
      "Actual Rows": 1,
      "Actual Loops": 1,
      "Plans": [
        {
          "Node Type": "Gather",
          "Parent Relationship": "Outer",
          "Parallel Aware": false,
          "Startup Cost": 56979.69,
          "Total Cost": 56980.1,
          "Plan Rows": 4,
          "Plan Width": 8,
          "Actual Startup Time": 116.297,
          "Actual Total Time": 131.311,
          "Actual Rows": 5,
          "Actual Loops": 1,
          "Workers Planned": 4,
          "Workers Launched": 4,
          "Single Copy": false,
          "Plans": [
            {
              "Node Type": "Aggregate",
              "Strategy": "Plain",
              "Partial Mode": "Partial",
              "Parent Relationship": "Outer",
              "Parallel Aware": false,
              "Startup Cost": 55979.69,
              "Total Cost": 55979.7,
              "Plan Rows": 1,
              "Plan Width": 8,
              "Actual Startup Time": 106.456,
              "Actual Total Time": 106.457,
              "Actual Rows": 1,
              "Actual Loops": 5,
              "Plans": [
                {
                  "Node Type": "Nested Loop",
                  "Parent Relationship": "Outer",
                  "Parallel Aware": false,
                  "Join Type": "Inner",
                  "Startup Cost": 0.43,
                  "Total Cost": 55977.04,
                  "Plan Rows": 1060,
                  "Plan Width": 0,
                  "Actual Startup Time": 9.049,
                  "Actual Total Time": 106.245,
                  "Actual Rows": 3060,
                  "Actual Loops": 5,
                  "Inner Unique": false,
                  "Plans": [
                    {
                      "Node Type": "Seq Scan",
                      "Parent Relationship": "Outer",
                      "Parallel Aware": true,
                      "Relation Name": "title",
                      "Alias": "t",
                      "Startup Cost": 0.0,
                      "Total Cost": 45479.1,
                      "Plan Rows": 1190,
                      "Plan Width": 4,
                      "Actual Startup Time": 1.757,
                      "Actual Total Time": 89.902,
                      "Actual Rows": 1198,
                      "Actual Loops": 5,
                      "Filter": "((kind_id < 7) AND (production_year = 1972))",
                      "Rows Removed by Filter": 504465
                    },
                    {
                      "Node Type": "Index Scan",
                      "Parent Relationship": "Inner",
                      "Parallel Aware": false,
                      "Scan Direction": "Forward",
                      "Index Name": "movie_id_movie_keyword",
                      "Relation Name": "movie_keyword",
                      "Alias": "mk",
                      "Startup Cost": 0.43,
                      "Total Cost": 8.59,
                      "Plan Rows": 23,
                      "Plan Width": 4,
                      "Actual Startup Time": 0.012,
                      "Actual Total Time": 0.013,
                      "Actual Rows": 3,
                      "Actual Loops": 5989,
                      "Index Cond": "(movie_id = t.id)",
                      "Rows Removed by Index Recheck": 0,
                      "Filter": "(keyword_id > 4777)",
                      "Rows Removed by Filter": 3
                    }
                  ]
                }
              ]
            }
          ]
        }
      ]
    },
    "Planning Time": 0.739,
    "Triggers": [],
    "Execution Time": 131.396
  }
]