[
  {
    "Plan": {
      "Node Type": "Aggregate",
      "Strategy": "Plain",
      "Partial Mode": "Finalize",
      "Parallel Aware": false,
      "Startup Cost": 45267.9,
      "Total Cost": 45267.91,
      "Plan Rows": 1,
      "Plan Width": 8,
      "Actual Startup Time": 135.476,
      "Actual Total Time": 145.217,
      "Actual Rows": 1,
      "Actual Loops": 1,
      "Plans": [
        {
          "Node Type": "Gather",
          "Parent Relationship": "Outer",
          "Parallel Aware": false,
          "Startup Cost": 45267.58,
          "Total Cost": 45267.89,
          "Plan Rows": 3,
          "Plan Width": 8,
          "Actual Startup Time": 135.374,
          "Actual Total Time": 145.205,
          "Actual Rows": 4,
          "Actual Loops": 1,
          "Workers Planned": 3,
          "Workers Launched": 3,
          "Single Copy": false,
          "Plans": [
            {
              "Node Type": "Aggregate",
              "Strategy": "Plain",
              "Partial Mode": "Partial",
              "Parent Relationship": "Outer",
              "Parallel Aware": false,
              "Startup Cost": 44267.58,
              "Total Cost": 44267.59,
              "Plan Rows": 1,
              "Plan Width": 8,
              "Actual Startup Time": 131.546,
              "Actual Total Time": 131.548,
              "Actual Rows": 1,
              "Actual Loops": 4,
              "Plans": [
                {
                  "Node Type": "Seq Scan",
                  "Parent Relationship": "Outer",
                  "Parallel Aware": true,
                  "Relation Name": "movie_keyword",
                  "Alias": "mk",
                  "Startup Cost": 0.0,
                  "Total Cost": 42695.65,
                  "Plan Rows": 628772,
                  "Plan Width": 0,
                  "Actual Startup Time": 0.027,
                  "Actual Total Time": 108.249,
                  "Actual Rows": 488060,
                  "Actual Loops": 4,
                  "Filter": "(keyword_id < 3397)",
                  "Rows Removed by Filter": 642922
                }
              ]
            }
          ]
        }
      ]
    },
    "Planning Time": 0.096,
    "Triggers": [],
    "Execution Time": 145.253
  }
]