[
  {
    "Plan": {
      "Node Type": "Aggregate",
      "Strategy": "Plain",
      "Partial Mode": "Finalize",
      "Parallel Aware": false,
      "Startup Cost": 45266.5,
      "Total Cost": 45266.51,
      "Plan Rows": 1,
      "Plan Width": 8,
      "Actual Startup Time": 143.118,
      "Actual Total Time": 152.188,
      "Actual Rows": 1,
      "Actual Loops": 1,
      "Plans": [
        {
          "Node Type": "Gather",
          "Parent Relationship": "Outer",
          "Parallel Aware": false,
          "Startup Cost": 45266.19,
          "Total Cost": 45266.5,
          "Plan Rows": 3,
          "Plan Width": 8,
          "Actual Startup Time": 143.005,
          "Actual Total Time": 152.179,
          "Actual Rows": 4,
          "Actual Loops": 1,
          "Workers Planned": 3,
          "Workers Launched": 3,
          "Single Copy": false,
          "Plans": [
            {
              "Node Type": "Aggregate",
              "Strategy": "Plain",
              "Partial Mode": "Partial",
              "Parent Relationship": "Outer",
              "Parallel Aware": false,
              "Startup Cost": 44266.19,
              "Total Cost": 44266.2,
              "Plan Rows": 1,
              "Plan Width": 8,
              "Actual Startup Time": 138.511,
              "Actual Total Time": 138.512,
              "Actual Rows": 1,
              "Actual Loops": 4,
              "Plans": [
                {
                  "Node Type": "Seq Scan",
                  "Parent Relationship": "Outer",
                  "Parallel Aware": true,
                  "Relation Name": "movie_keyword",
                  "Alias": "mk",
                  "Startup Cost": 0.0,
                  "Total Cost": 42695.65,
                  "Plan Rows": 628213,
                  "Plan Width": 0,
                  "Actual Startup Time": 0.038,
                  "Actual Total Time": 114.669,
                  "Actual Rows": 488060,
                  "Actual Loops": 4,
                  "Filter": "(keyword_id < 3397)",
                  "Rows Removed by Filter": 642922
                }
              ]
            }
          ]
        }
      ]
    },
    "Planning Time": 0.182,
    "Triggers": [],
    "Execution Time": 152.242
  }
]