{
  "Plan": {
    "Node Type": "Aggregate",
    "Strategy": "Plain",
    "Partial Mode": "Finalize",
    "Parallel Aware": false,
    "Startup Cost": 637339.69,
    "Total Cost": 637339.7,
    "Plan Rows": 1,
    "Plan Width": 8,
    "Actual Startup Time": 4853.398,
    "Actual Total Time": 4908.913,
    "Actual Rows": 1,
    "Actual Loops": 1,
    "Plans": [
      {
        "Node Type": "Gather",
        "Parent Relationship": "Outer",
        "Parallel Aware": false,
        "Startup Cost": 637339.57,
        "Total Cost": 637339.68,
        "Plan Rows": 1,
        "Plan Width": 8,
        "Actual Startup Time": 4851.492,
        "Actual Total Time": 4908.905,
        "Actual Rows": 2,
        "Actual Loops": 1,
        "Workers Planned": 1,
        "Workers Launched": 1,
        "Single Copy": false,
        "Plans": [
          {
            "Node Type": "Aggregate",
            "Strategy": "Plain",
            "Partial Mode": "Partial",
            "Parent Relationship": "Outer",
            "Parallel Aware": false,
            "Startup Cost": 636339.57,
            "Total Cost": 636339.58,
            "Plan Rows": 1,
            "Plan Width": 8,
            "Actual Startup Time": 4843.548,
            "Actual Total Time": 4843.554,
            "Actual Rows": 1,
            "Actual Loops": 2,
            "Plans": [
              {
                "Node Type": "Hash Join",
                "Parent Relationship": "Outer",
                "Parallel Aware": true,
                "Join Type": "Inner",
                "Startup Cost": 106462.38,
                "Total Cost": 635351.44,
                "Plan Rows": 395255,
                "Plan Width": 0,
                "Actual Startup Time": 537.763,
                "Actual Total Time": 4827.974,
                "Actual Rows": 276437,
                "Actual Loops": 2,
                "Inner Unique": false,
                "Hash Cond": "(t.id = mc.movie_id)",
                "Plans": [
                  {
                    "Node Type": "Hash Join",
                    "Parent Relationship": "Outer",
                    "Parallel Aware": true,
                    "Join Type": "Inner",
                    "Startup Cost": 58980.72,
                    "Total Cost": 580714.07,
                    "Plan Rows": 772908,
                    "Plan Width": 8,
                    "Actual Startup Time": 169.945,
                    "Actual Total Time": 4157.996,
                    "Actual Rows": 762734,
                    "Actual Loops": 2,
                    "Inner Unique": true,
                    "Hash Cond": "(ci.movie_id = t.id)",
                    "Plans": [
                      {
                        "Node Type": "Seq Scan",
                        "Parent Relationship": "Outer",
                        "Parallel Aware": true,
                        "Relation Name": "cast_info",
                        "Alias": "ci",
                        "Startup Cost": 0.0,
                        "Total Cost": 465792.95,
                        "Plan Rows": 21310595,
                        "Plan Width": 4,
                        "Actual Startup Time": 0.012,
                        "Actual Total Time": 1567.779,
                        "Actual Rows": 18122172,
                        "Actual Loops": 2
                      },
                      {
                        "Node Type": "Hash",
                        "Parent Relationship": "Inner",
                        "Parallel Aware": true,
                        "Startup Cost": 58306.47,
                        "Total Cost": 58306.47,
                        "Plan Rows": 53940,
                        "Plan Width": 4,
                        "Actual Startup Time": 169.482,
                        "Actual Total Time": 169.483,
                        "Actual Rows": 50896,
                        "Actual Loops": 2,
                        "Hash Buckets": 131072,
                        "Original Hash Buckets": 131072,
                        "Hash Batches": 1,
                        "Original Hash Batches": 1,
                        "Peak Memory Usage": 5056,
                        "Plans": [
                          {
                            "Node Type": "Seq Scan",
                            "Parent Relationship": "Outer",
                            "Parallel Aware": true,
                            "Relation Name": "title",
                            "Alias": "t",
                            "Startup Cost": 0.0,
                            "Total Cost": 58306.47,
                            "Plan Rows": 53940,
                            "Plan Width": 4,
                            "Actual Startup Time": 0.022,
                            "Actual Total Time": 152.536,
                            "Actual Rows": 50896,
                            "Actual Loops": 2,
                            "Filter": "((kind_id > 1) AND (production_year = 2007))",
                            "Rows Removed by Filter": 1213260
                          }
                        ]
                      }
                    ]
                  },
                  {
                    "Node Type": "Hash",
                    "Parent Relationship": "Inner",
                    "Parallel Aware": true,
                    "Startup Cost": 37974.77,
                    "Total Cost": 37974.77,
                    "Plan Rows": 760551,
                    "Plan Width": 4,
                    "Actual Startup Time": 353.501,
                    "Actual Total Time": 353.502,
                    "Actual Rows": 648944,
                    "Actual Loops": 2,
                    "Hash Buckets": 2097152,
                    "Original Hash Buckets": 2097152,
                    "Hash Batches": 1,
                    "Original Hash Batches": 1,
                    "Peak Memory Usage": 67200,
                    "Plans": [
                      {
                        "Node Type": "Seq Scan",
                        "Parent Relationship": "Outer",
                        "Parallel Aware": true,
                        "Relation Name": "movie_companies",
                        "Alias": "mc",
                        "Startup Cost": 0.0,
                        "Total Cost": 37974.77,
                        "Plan Rows": 760551,
                        "Plan Width": 4,
                        "Actual Startup Time": 25.343,
                        "Actual Total Time": 159.48,
                        "Actual Rows": 648944,
                        "Actual Loops": 2,
                        "Filter": "(company_id > 11339)",
                        "Rows Removed by Filter": 655621
                      }
                    ]
                  }
                ]
              }
            ]
          }
        ]
      }
    ]
  },
  "Planning Time": 0.968,
  "Triggers": [],
  "Execution Time": 4909.002
}