[
    {
        "Bao": {
            "Bao prediction": "NaN",
            "Bao recommended hint": "(no hint)"
        }
    },
    {
        "Plan": {
            "Node Type": "Aggregate",
            "Strategy": "Plain",
            "Partial Mode": "Finalize",
            "Parallel Aware": false,
            "Startup Cost": 78418.08,
            "Total Cost": 78418.09,
            "Plan Rows": 1,
            "Plan Width": 8,
            "Actual Startup Time": 323.485,
            "Actual Total Time": 333.787,
            "Actual Rows": 1,
            "Actual Loops": 1,
            "Output": [
                "count(*)"
            ],
            "Plans": [
                {
                    "Node Type": "Gather",
                    "Parent Relationship": "Outer",
                    "Parallel Aware": false,
                    "Startup Cost": 78417.76,
                    "Total Cost": 78418.07,
                    "Plan Rows": 3,
                    "Plan Width": 8,
                    "Actual Startup Time": 321.062,
                    "Actual Total Time": 333.778,
                    "Actual Rows": 4,
                    "Actual Loops": 1,
                    "Output": [
                        "(PARTIAL count(*))"
                    ],
                    "Workers Planned": 3,
                    "Workers Launched": 3,
                    "Single Copy": false,
                    "Plans": [
                        {
                            "Node Type": "Aggregate",
                            "Strategy": "Plain",
                            "Partial Mode": "Partial",
                            "Parent Relationship": "Outer",
                            "Parallel Aware": false,
                            "Startup Cost": 77417.76,
                            "Total Cost": 77417.77,
                            "Plan Rows": 1,
                            "Plan Width": 8,
                            "Actual Startup Time": 312.698,
                            "Actual Total Time": 312.701,
                            "Actual Rows": 1,
                            "Actual Loops": 4,
                            "Output": [
                                "PARTIAL count(*)"
                            ],
                            "Workers": [
                                {
                                    "Worker Number": 0,
                                    "Actual Startup Time": 309.471,
                                    "Actual Total Time": 309.473,
                                    "Actual Rows": 1,
                                    "Actual Loops": 1
                                },
                                {
                                    "Worker Number": 1,
                                    "Actual Startup Time": 310.457,
                                    "Actual Total Time": 310.459,
                                    "Actual Rows": 1,
                                    "Actual Loops": 1
                                },
                                {
                                    "Worker Number": 2,
                                    "Actual Startup Time": 310.257,
                                    "Actual Total Time": 310.259,
                                    "Actual Rows": 1,
                                    "Actual Loops": 1
                                }
                            ],
                            "Plans": [
                                {
                                    "Node Type": "Hash Join",
                                    "Parent Relationship": "Outer",
                                    "Parallel Aware": true,
                                    "Join Type": "Inner",
                                    "Startup Cost": 45996.98,
                                    "Total Cost": 76991.85,
                                    "Plan Rows": 170365,
                                    "Plan Width": 0,
                                    "Actual Startup Time": 166.255,
                                    "Actual Total Time": 302.625,
                                    "Actual Rows": 243005,
                                    "Actual Loops": 4,
                                    "Inner Unique": true,
                                    "Hash Cond": "(mc.movie_id = t.id)",
                                    "Workers": [
                                        {
                                            "Worker Number": 0,
                                            "Actual Startup Time": 163.119,
                                            "Actual Total Time": 299.949,
                                            "Actual Rows": 220950,
                                            "Actual Loops": 1
                                        },
                                        {
                                            "Worker Number": 1,
                                            "Actual Startup Time": 163.733,
                                            "Actual Total Time": 300.165,
                                            "Actual Rows": 239925,
                                            "Actual Loops": 1
                                        },
                                        {
                                            "Worker Number": 2,
                                            "Actual Startup Time": 163.915,
                                            "Actual Total Time": 299.921,
                                            "Actual Rows": 242892,
                                            "Actual Loops": 1
                                        }
                                    ],
                                    "Plans": [
                                        {
                                            "Node Type": "Seq Scan",
                                            "Parent Relationship": "Outer",
                                            "Parallel Aware": true,
                                            "Relation Name": "movie_companies",
                                            "Schema": "public",
                                            "Alias": "mc",
                                            "Startup Cost": 0.0,
                                            "Total Cost": 29310.68,
                                            "Plan Rows": 641595,
                                            "Plan Width": 4,
                                            "Actual Startup Time": 0.019,
                                            "Actual Total Time": 65.619,
                                            "Actual Rows": 497510,
                                            "Actual Loops": 4,
                                            "Output": [
                                                "mc.id",
                                                "mc.movie_id",
                                                "mc.company_id",
                                                "mc.company_type_id",
                                                "mc.note"
                                            ],
                                            "Filter": "(mc.company_id < 62541)",
                                            "Rows Removed by Filter": 154772,
                                            "Workers": [
                                                {
                                                    "Worker Number": 0,
                                                    "Actual Startup Time": 0.024,
                                                    "Actual Total Time": 62.648,
                                                    "Actual Rows": 447090,
                                                    "Actual Loops": 1
                                                },
                                                {
                                                    "Worker Number": 1,
                                                    "Actual Startup Time": 0.025,
                                                    "Actual Total Time": 68.299,
                                                    "Actual Rows": 491512,
                                                    "Actual Loops": 1
                                                },
                                                {
                                                    "Worker Number": 2,
                                                    "Actual Startup Time": 0.019,
                                                    "Actual Total Time": 68.482,
                                                    "Actual Rows": 499690,
                                                    "Actual Loops": 1
                                                }
                                            ]
                                        },
                                        {
                                            "Node Type": "Hash",
                                            "Parent Relationship": "Inner",
                                            "Parallel Aware": true,
                                            "Startup Cost": 43899.01,
                                            "Total Cost": 43899.01,
                                            "Plan Rows": 167838,
                                            "Plan Width": 4,
                                            "Actual Startup Time": 133.588,
                                            "Actual Total Time": 133.589,
                                            "Actual Rows": 165706,
                                            "Actual Loops": 4,
                                            "Output": [
                                                "t.id"
                                            ],
                                            "Hash Buckets": 1048576,
                                            "Original Hash Buckets": 1048576,
                                            "Hash Batches": 1,
                                            "Original Hash Batches": 1,
                                            "Peak Memory Usage": 34176,
                                            "Workers": [
                                                {
                                                    "Worker Number": 0,
                                                    "Actual Startup Time": 132.593,
                                                    "Actual Total Time": 132.594,
                                                    "Actual Rows": 146032,
                                                    "Actual Loops": 1
                                                },
                                                {
                                                    "Worker Number": 1,
                                                    "Actual Startup Time": 133.332,
                                                    "Actual Total Time": 133.333,
                                                    "Actual Rows": 161737,
                                                    "Actual Loops": 1
                                                },
                                                {
                                                    "Worker Number": 2,
                                                    "Actual Startup Time": 133.457,
                                                    "Actual Total Time": 133.458,
                                                    "Actual Rows": 167074,
                                                    "Actual Loops": 1
                                                }
                                            ],
                                            "Plans": [
                                                {
                                                    "Node Type": "Seq Scan",
                                                    "Parent Relationship": "Outer",
                                                    "Parallel Aware": true,
                                                    "Relation Name": "title",
                                                    "Schema": "public",
                                                    "Alias": "t",
                                                    "Startup Cost": 0.0,
                                                    "Total Cost": 43899.01,
                                                    "Plan Rows": 167838,
                                                    "Plan Width": 4,
                                                    "Actual Startup Time": 37.36,
                                                    "Actual Total Time": 86.751,
                                                    "Actual Rows": 165706,
                                                    "Actual Loops": 4,
                                                    "Output": [
                                                        "t.id"
                                                    ],
                                                    "Filter": "(t.kind_id = 1)",
                                                    "Rows Removed by Filter": 466372,
                                                    "Workers": [
                                                        {
                                                            "Worker Number": 0,
                                                            "Actual Startup Time": 47.491,
                                                            "Actual Total Time": 84.597,
                                                            "Actual Rows": 146032,
                                                            "Actual Loops": 1
                                                        },
                                                        {
                                                            "Worker Number": 1,
                                                            "Actual Startup Time": 48.214,
                                                            "Actual Total Time": 87.79,
                                                            "Actual Rows": 161737,
                                                            "Actual Loops": 1
                                                        },
                                                        {
                                                            "Worker Number": 2,
                                                            "Actual Startup Time": 48.388,
                                                            "Actual Total Time": 88.573,
                                                            "Actual Rows": 167074,
                                                            "Actual Loops": 1
                                                        }
                                                    ]
                                                }
                                            ]
                                        }
                                    ]
                                }
                            ]
                        }
                    ]
                }
            ]
        },
        "Planning Time": 184.205,
        "Triggers": [],
        "Execution Time": 333.879
    }
]