{
  "Plan": {
    "Node Type": "Hash Join",
    "Parallel Aware": false,
    "Join Type": "Inner",
    "Startup Cost": 428587.55,
    "Total Cost": 452501.83,
    "Plan Rows": 1559696,
    "Plan Width": 4,
    "Actual Startup Time": 4379.397,
    "Actual Total Time": 4497.828,
    "Actual Rows": 1565442,
    "Actual Loops": 1,
    "Inner Unique": false,
    "Hash Cond": "(kt.id = t.kind_id)",
    "Plans": [
      {
        "Node Type": "Seq Scan",
        "Parent Relationship": "Outer",
        "Parallel Aware": false,
        "Relation Name": "kind_type",
        "Alias": "kt",
        "Startup Cost": 0.0,
        "Total Cost": 1.07,
        "Plan Rows": 7,
        "Plan Width": 4,
        "Actual Startup Time": 0.022,
        "Actual Total Time": 0.034,
        "Actual Rows": 7,
        "Actual Loops": 1
      },
      {
        "Node Type": "Hash",
        "Parent Relationship": "Inner",
        "Parallel Aware": false,
        "Startup Cost": 409091.35,
        "Total Cost": 409091.35,
        "Plan Rows": 1559696,
        "Plan Width": 8,
        "Actual Startup Time": 4357.581,
        "Actual Total Time": 4357.589,
        "Actual Rows": 1565442,
        "Actual Loops": 1,
        "Hash Buckets": 2097152,
        "Original Hash Buckets": 2097152,
        "Hash Batches": 1,
        "Original Hash Batches": 1,
        "Peak Memory Usage": 77535,
        "Plans": [
          {
            "Node Type": "Hash Join",
            "Parent Relationship": "Outer",
            "Parallel Aware": false,
            "Join Type": "Inner",
            "Startup Cost": 385694.86,
            "Total Cost": 409091.35,
            "Plan Rows": 1559696,
            "Plan Width": 8,
            "Actual Startup Time": 4022.897,
            "Actual Total Time": 4168.858,
            "Actual Rows": 1565442,
            "Actual Loops": 1,
            "Inner Unique": false,
            "Hash Cond": "(ct.id = mc.company_type_id)",
            "Plans": [
              {
                "Node Type": "Seq Scan",
                "Parent Relationship": "Outer",
                "Parallel Aware": false,
                "Relation Name": "company_type",
                "Alias": "ct",
                "Startup Cost": 0.0,
                "Total Cost": 1.04,
                "Plan Rows": 4,
                "Plan Width": 4,
                "Actual Startup Time": 0.018,
                "Actual Total Time": 0.026,
                "Actual Rows": 4,
                "Actual Loops": 1
              },
              {
                "Node Type": "Hash",
                "Parent Relationship": "Inner",
                "Parallel Aware": false,
                "Startup Cost": 366198.66,
                "Total Cost": 366198.66,
                "Plan Rows": 1559696,
                "Plan Width": 12,
                "Actual Startup Time": 4009.141,
                "Actual Total Time": 4009.148,
                "Actual Rows": 1565442,
                "Actual Loops": 1,
                "Hash Buckets": 2097152,
                "Original Hash Buckets": 2097152,
                "Hash Batches": 1,
                "Original Hash Batches": 1,
                "Peak Memory Usage": 83650,
                "Plans": [
                  {
                    "Node Type": "Merge Join",
                    "Parent Relationship": "Outer",
                    "Parallel Aware": false,
                    "Join Type": "Inner",
                    "Startup Cost": 330580.52,
                    "Total Cost": 366198.66,
                    "Plan Rows": 1559696,
                    "Plan Width": 12,
                    "Actual Startup Time": 3320.619,
                    "Actual Total Time": 3794.131,
                    "Actual Rows": 1565442,
                    "Actual Loops": 1,
                    "Inner Unique": false,
                    "Merge Cond": "(cn.id = mc.company_id)",
                    "Plans": [
                      {
                        "Node Type": "Index Only Scan",
                        "Parent Relationship": "Outer",
                        "Parallel Aware": false,
                        "Scan Direction": "Forward",
                        "Index Name": "company_name_pkey",
                        "Relation Name": "company_name",
                        "Alias": "cn",
                        "Startup Cost": 0.42,
                        "Total Cost": 11881.93,
                        "Plan Rows": 234997,
                        "Plan Width": 4,
                        "Actual Startup Time": 0.052,
                        "Actual Total Time": 17.72,
                        "Actual Rows": 15149,
                        "Actual Loops": 1,
                        "Heap Fetches": 15149
                      },
                      {
                        "Node Type": "Sort",
                        "Parent Relationship": "Inner",
                        "Parallel Aware": false,
                        "Startup Cost": 330341.65,
                        "Total Cost": 334240.89,
                        "Plan Rows": 1559696,
                        "Plan Width": 12,
                        "Actual Startup Time": 3320.551,
                        "Actual Total Time": 3565.547,
                        "Actual Rows": 1565442,
                        "Actual Loops": 1,
                        "Sort Key": [
                          "mc.company_id"
                        ],
                        "Sort Method": "quicksort",
                        "Sort Space Used": 122533,
                        "Sort Space Type": "Memory",
                        "Plans": [
                          {
                            "Node Type": "Hash Join",
                            "Parent Relationship": "Outer",
                            "Parallel Aware": false,
                            "Join Type": "Inner",
                            "Startup Cost": 70900.31,
                            "Total Cost": 169904.82,
                            "Plan Rows": 1559696,
                            "Plan Width": 12,
                            "Actual Startup Time": 1044.728,
                            "Actual Total Time": 2921.284,
                            "Actual Rows": 1565442,
                            "Actual Loops": 1,
                            "Inner Unique": false,
                            "Hash Cond": "(t.id = mc.movie_id)",
                            "Plans": [
                              {
                                "Node Type": "Seq Scan",
                                "Parent Relationship": "Outer",
                                "Parallel Aware": false,
                                "Relation Name": "title",
                                "Alias": "t",
                                "Startup Cost": 0.0,
                                "Total Cost": 61283.09,
                                "Plan Rows": 2528509,
                                "Plan Width": 8,
                                "Actual Startup Time": 0.041,
                                "Actual Total Time": 436.104,
                                "Actual Rows": 2528312,
                                "Actual Loops": 1
                              },
                              {
                                "Node Type": "Hash",
                                "Parent Relationship": "Inner",
                                "Parallel Aware": false,
                                "Startup Cost": 51404.11,
                                "Total Cost": 51404.11,
                                "Plan Rows": 1559696,
                                "Plan Width": 12,
                                "Actual Startup Time": 1032.157,
                                "Actual Total Time": 1032.159,
                                "Actual Rows": 1565442,
                                "Actual Loops": 1,
                                "Hash Buckets": 2097152,
                                "Original Hash Buckets": 2097152,
                                "Hash Batches": 1,
                                "Original Hash Batches": 1,
                                "Peak Memory Usage": 83650,
                                "Plans": [
                                  {
                                    "Node Type": "Seq Scan",
                                    "Parent Relationship": "Outer",
                                    "Parallel Aware": false,
                                    "Relation Name": "movie_companies",
                                    "Alias": "mc",
                                    "Startup Cost": 0.0,
                                    "Total Cost": 51404.11,
                                    "Plan Rows": 1559696,
                                    "Plan Width": 12,
                                    "Actual Startup Time": 0.017,
                                    "Actual Total Time": 495.668,
                                    "Actual Rows": 1565442,
                                    "Actual Loops": 1,
                                    "Filter": "(company_id < 15149)",
                                    "Rows Removed by Filter": 1043687
                                  }
                                ]
                              }
                            ]
                          }
                        ]
                      }
                    ]
                  }
                ]
              }
            ]
          }
        ]
      }
    ]
  },
  "Planning Time": 5.772,
  "Triggers": [],
  "Execution Time": 4558.524
}