[
    {
        "Bao": {
            "Bao prediction": 473.841,
            "Bao recommended hint": "(no hint)"
        }
    },
    {
        "Plan": {
            "Node Type": "Aggregate",
            "Strategy": "Plain",
            "Partial Mode": "Finalize",
            "Parallel Aware": false,
            "Startup Cost": 347709.77,
            "Total Cost": 347709.78,
            "Plan Rows": 1,
            "Plan Width": 8,
            "Actual Startup Time": 849.935,
            "Actual Total Time": 881.864,
            "Actual Rows": 1,
            "Actual Loops": 1,
            "Output": [
                "count(*)"
            ],
            "Plans": [
                {
                    "Node Type": "Gather",
                    "Parent Relationship": "Outer",
                    "Parallel Aware": false,
                    "Startup Cost": 347709.14,
                    "Total Cost": 347709.75,
                    "Plan Rows": 6,
                    "Plan Width": 8,
                    "Actual Startup Time": 849.837,
                    "Actual Total Time": 881.857,
                    "Actual Rows": 7,
                    "Actual Loops": 1,
                    "Output": [
                        "(PARTIAL count(*))"
                    ],
                    "Workers Planned": 6,
                    "Workers Launched": 6,
                    "Single Copy": false,
                    "Plans": [
                        {
                            "Node Type": "Aggregate",
                            "Strategy": "Plain",
                            "Partial Mode": "Partial",
                            "Parent Relationship": "Outer",
                            "Parallel Aware": false,
                            "Startup Cost": 346709.14,
                            "Total Cost": 346709.15,
                            "Plan Rows": 1,
                            "Plan Width": 8,
                            "Actual Startup Time": 840.507,
                            "Actual Total Time": 840.508,
                            "Actual Rows": 1,
                            "Actual Loops": 7,
                            "Output": [
                                "PARTIAL count(*)"
                            ],
                            "Workers": [
                                {
                                    "Worker Number": 0,
                                    "Actual Startup Time": 838.521,
                                    "Actual Total Time": 838.522,
                                    "Actual Rows": 1,
                                    "Actual Loops": 1
                                },
                                {
                                    "Worker Number": 1,
                                    "Actual Startup Time": 838.698,
                                    "Actual Total Time": 838.699,
                                    "Actual Rows": 1,
                                    "Actual Loops": 1
                                },
                                {
                                    "Worker Number": 2,
                                    "Actual Startup Time": 839.072,
                                    "Actual Total Time": 839.073,
                                    "Actual Rows": 1,
                                    "Actual Loops": 1
                                },
                                {
                                    "Worker Number": 3,
                                    "Actual Startup Time": 839.059,
                                    "Actual Total Time": 839.06,
                                    "Actual Rows": 1,
                                    "Actual Loops": 1
                                },
                                {
                                    "Worker Number": 4,
                                    "Actual Startup Time": 839.451,
                                    "Actual Total Time": 839.452,
                                    "Actual Rows": 1,
                                    "Actual Loops": 1
                                },
                                {
                                    "Worker Number": 5,
                                    "Actual Startup Time": 839.714,
                                    "Actual Total Time": 839.715,
                                    "Actual Rows": 1,
                                    "Actual Loops": 1
                                }
                            ],
                            "Plans": [
                                {
                                    "Node Type": "Seq Scan",
                                    "Parent Relationship": "Outer",
                                    "Parallel Aware": true,
                                    "Relation Name": "cast_info",
                                    "Schema": "public",
                                    "Alias": "ci",
                                    "Startup Cost": 0.0,
                                    "Total Cost": 343318.94,
                                    "Plan Rows": 1356080,
                                    "Plan Width": 0,
                                    "Actual Startup Time": 346.059,
                                    "Actual Total Time": 803.506,
                                    "Actual Rows": 566254,
                                    "Actual Loops": 7,
                                    "Output": [
                                        "id",
                                        "person_id",
                                        "movie_id",
                                        "person_role_id",
                                        "note",
                                        "nr_order",
                                        "role_id"
                                    ],
                                    "Filter": "((ci.person_id > 2188327) AND (ci.role_id < 3))",
                                    "Rows Removed by Filter": 4611509,
                                    "Workers": [
                                        {
                                            "Worker Number": 0,
                                            "Actual Startup Time": 344.078,
                                            "Actual Total Time": 802.08,
                                            "Actual Rows": 552948,
                                            "Actual Loops": 1
                                        },
                                        {
                                            "Worker Number": 1,
                                            "Actual Startup Time": 344.255,
                                            "Actual Total Time": 802.225,
                                            "Actual Rows": 554199,
                                            "Actual Loops": 1
                                        },
                                        {
                                            "Worker Number": 2,
                                            "Actual Startup Time": 344.62,
                                            "Actual Total Time": 802.758,
                                            "Actual Rows": 551129,
                                            "Actual Loops": 1
                                        },
                                        {
                                            "Worker Number": 3,
                                            "Actual Startup Time": 344.615,
                                            "Actual Total Time": 802.844,
                                            "Actual Rows": 549664,
                                            "Actual Loops": 1
                                        },
                                        {
                                            "Worker Number": 4,
                                            "Actual Startup Time": 345.009,
                                            "Actual Total Time": 802.971,
                                            "Actual Rows": 551196,
                                            "Actual Loops": 1
                                        },
                                        {
                                            "Worker Number": 5,
                                            "Actual Startup Time": 345.267,
                                            "Actual Total Time": 803.4,
                                            "Actual Rows": 545572,
                                            "Actual Loops": 1
                                        }
                                    ]
                                }
                            ]
                        }
                    ]
                }
            ]
        },
        "Planning Time": 1707.065,
        "Triggers": [],
        "Execution Time": 881.955
    }
]