{
  "Plan": {
    "Node Type": "Aggregate",
    "Strategy": "Plain",
    "Partial Mode": "Finalize",
    "Parallel Aware": false,
    "Startup Cost": 100777.95,
    "Total Cost": 100777.96,
    "Plan Rows": 1,
    "Plan Width": 8,
    "Actual Startup Time": 348.318,
    "Actual Total Time": 363.306,
    "Actual Rows": 1,
    "Actual Loops": 1,
    "Plans": [
      {
        "Node Type": "Gather",
        "Parent Relationship": "Outer",
        "Parallel Aware": false,
        "Startup Cost": 100777.84,
        "Total Cost": 100777.95,
        "Plan Rows": 1,
        "Plan Width": 8,
        "Actual Startup Time": 347.985,
        "Actual Total Time": 363.299,
        "Actual Rows": 2,
        "Actual Loops": 1,
        "Workers Planned": 1,
        "Workers Launched": 1,
        "Single Copy": false,
        "Plans": [
          {
            "Node Type": "Aggregate",
            "Strategy": "Plain",
            "Partial Mode": "Partial",
            "Parent Relationship": "Outer",
            "Parallel Aware": false,
            "Startup Cost": 99777.84,
            "Total Cost": 99777.85,
            "Plan Rows": 1,
            "Plan Width": 8,
            "Actual Startup Time": 342.329,
            "Actual Total Time": 342.333,
            "Actual Rows": 1,
            "Actual Loops": 2,
            "Plans": [
              {
                "Node Type": "Hash Join",
                "Parent Relationship": "Outer",
                "Parallel Aware": true,
                "Join Type": "Inner",
                "Startup Cost": 56371.17,
                "Total Cost": 99755.88,
                "Plan Rows": 8786,
                "Plan Width": 0,
                "Actual Startup Time": 206.528,
                "Actual Total Time": 341.588,
                "Actual Rows": 11662,
                "Actual Loops": 2,
                "Inner Unique": true,
                "Hash Cond": "(mc.movie_id = t.id)",
                "Plans": [
                  {
                    "Node Type": "Seq Scan",
                    "Parent Relationship": "Outer",
                    "Parallel Aware": true,
                    "Relation Name": "movie_companies",
                    "Alias": "mc",
                    "Startup Cost": 0.0,
                    "Total Cost": 41811.73,
                    "Plan Rows": 599229,
                    "Plan Width": 4,
                    "Actual Startup Time": 61.295,
                    "Actual Total Time": 143.414,
                    "Actual Rows": 584772,
                    "Actual Loops": 2,
                    "Filter": "((company_id > 686) AND (company_type_id = 2))",
                    "Rows Removed by Filter": 719792
                  },
                  {
                    "Node Type": "Hash",
                    "Parent Relationship": "Inner",
                    "Parallel Aware": true,
                    "Startup Cost": 56098.61,
                    "Total Cost": 56098.61,
                    "Plan Rows": 21805,
                    "Plan Width": 4,
                    "Actual Startup Time": 144.59,
                    "Actual Total Time": 144.592,
                    "Actual Rows": 10915,
                    "Actual Loops": 2,
                    "Hash Buckets": 65536,
                    "Original Hash Buckets": 65536,
                    "Hash Batches": 1,
                    "Original Hash Batches": 1,
                    "Peak Memory Usage": 1408,
                    "Plans": [
                      {
                        "Node Type": "Bitmap Heap Scan",
                        "Parent Relationship": "Outer",
                        "Parallel Aware": true,
                        "Relation Name": "title",
                        "Alias": "t",
                        "Startup Cost": 13448.22,
                        "Total Cost": 56098.61,
                        "Plan Rows": 21805,
                        "Plan Width": 4,
                        "Actual Startup Time": 39.149,
                        "Actual Total Time": 140.344,
                        "Actual Rows": 10915,
                        "Actual Loops": 2,
                        "Recheck Cond": "(kind_id < 3)",
                        "Rows Removed by Index Recheck": 0,
                        "Filter": "(production_year = 2007)",
                        "Rows Removed by Filter": 365924,
                        "Exact Heap Blocks": 28289,
                        "Lossy Heap Blocks": 0,
                        "Plans": [
                          {
                            "Node Type": "Bitmap Index Scan",
                            "Parent Relationship": "Outer",
                            "Parallel Aware": false,
                            "Index Name": "kind_id_title",
                            "Startup Cost": 0.0,
                            "Total Cost": 13438.96,
                            "Plan Rows": 753937,
                            "Plan Width": 0,
                            "Actual Startup Time": 37.633,
                            "Actual Total Time": 37.633,
                            "Actual Rows": 753677,
                            "Actual Loops": 1,
                            "Index Cond": "(kind_id < 3)"
                          }
                        ]
                      }
                    ]
                  }
                ]
              }
            ]
          }
        ]
      }
    ]
  },
  "Planning Time": 0.276,
  "Triggers": [],
  "Execution Time": 363.368
}