[
  {
    "Plan": {
      "Node Type": "Aggregate",
      "Strategy": "Plain",
      "Partial Mode": "Simple",
      "Parallel Aware": false,
      "Startup Cost": 273.54,
      "Total Cost": 273.55,
      "Plan Rows": 1,
      "Plan Width": 8,
      "Actual Startup Time": 11.388,
      "Actual Total Time": 11.389,
      "Actual Rows": 1,
      "Actual Loops": 1,
      "Plans": [
        {
          "Node Type": "Index Scan",
          "Parent Relationship": "Outer",
          "Parallel Aware": false,
          "Scan Direction": "Forward",
          "Index Name": "company_id_movie_companies",
          "Relation Name": "movie_companies",
          "Alias": "mc",
          "Startup Cost": 0.43,
          "Total Cost": 273.41,
          "Plan Rows": 52,
          "Plan Width": 0,
          "Actual Startup Time": 10.986,
          "Actual Total Time": 11.36,
          "Actual Rows": 99,
          "Actual Loops": 1,
          "Index Cond": "(company_id = 14144)",
          "Rows Removed by Index Recheck": 0,
          "Filter": "(company_type_id > 1)",
          "Rows Removed by Filter": 41
        }
      ]
    },
    "Planning Time": 0.182,
    "Triggers": [],
    "Execution Time": 11.437
  }
]