{
  "Plan": {
    "Node Type": "Aggregate",
    "Strategy": "Plain",
    "Partial Mode": "Finalize",
    "Parallel Aware": false,
    "Startup Cost": 1087400.72,
    "Total Cost": 1087400.73,
    "Plan Rows": 1,
    "Plan Width": 8,
    "Actual Startup Time": 8531.483,
    "Actual Total Time": 8619.595,
    "Actual Rows": 1,
    "Actual Loops": 1,
    "Plans": [
      {
        "Node Type": "Gather",
        "Parent Relationship": "Outer",
        "Parallel Aware": false,
        "Startup Cost": 1087400.61,
        "Total Cost": 1087400.72,
        "Plan Rows": 1,
        "Plan Width": 8,
        "Actual Startup Time": 8523.182,
        "Actual Total Time": 8619.586,
        "Actual Rows": 2,
        "Actual Loops": 1,
        "Workers Planned": 1,
        "Workers Launched": 1,
        "Single Copy": false,
        "Plans": [
          {
            "Node Type": "Aggregate",
            "Strategy": "Plain",
            "Partial Mode": "Partial",
            "Parent Relationship": "Outer",
            "Parallel Aware": false,
            "Startup Cost": 1086400.61,
            "Total Cost": 1086400.62,
            "Plan Rows": 1,
            "Plan Width": 8,
            "Actual Startup Time": 8503.025,
            "Actual Total Time": 8503.031,
            "Actual Rows": 1,
            "Actual Loops": 2,
            "Plans": [
              {
                "Node Type": "Hash Join",
                "Parent Relationship": "Outer",
                "Parallel Aware": true,
                "Join Type": "Inner",
                "Startup Cost": 657929.32,
                "Total Cost": 1053905.56,
                "Plan Rows": 12998019,
                "Plan Width": 0,
                "Actual Startup Time": 5149.821,
                "Actual Total Time": 8166.88,
                "Actual Rows": 8438162,
                "Actual Loops": 2,
                "Inner Unique": false,
                "Hash Cond": "(mi.movie_id = t.id)",
                "Plans": [
                  {
                    "Node Type": "Seq Scan",
                    "Parent Relationship": "Outer",
                    "Parallel Aware": true,
                    "Relation Name": "movie_info",
                    "Alias": "mi",
                    "Startup Cost": 0.0,
                    "Total Cost": 270696.42,
                    "Plan Rows": 5579529,
                    "Plan Width": 4,
                    "Actual Startup Time": 0.035,
                    "Actual Total Time": 772.2,
                    "Actual Rows": 4782576,
                    "Actual Loops": 2,
                    "Filter": "(info_type_id < 16)",
                    "Rows Removed by Filter": 2635284
                  },
                  {
                    "Node Type": "Hash",
                    "Parent Relationship": "Inner",
                    "Parallel Aware": true,
                    "Startup Cost": 614621.32,
                    "Total Cost": 614621.32,
                    "Plan Rows": 3464640,
                    "Plan Width": 8,
                    "Actual Startup Time": 5116.415,
                    "Actual Total Time": 5116.419,
                    "Actual Rows": 2580380,
                    "Actual Loops": 2,
                    "Hash Buckets": 8388608,
                    "Original Hash Buckets": 8388608,
                    "Hash Batches": 1,
                    "Original Hash Batches": 1,
                    "Peak Memory Usage": 267456,
                    "Plans": [
                      {
                        "Node Type": "Hash Join",
                        "Parent Relationship": "Outer",
                        "Parallel Aware": true,
                        "Join Type": "Inner",
                        "Startup Cost": 63597.58,
                        "Total Cost": 614621.32,
                        "Plan Rows": 3464640,
                        "Plan Width": 8,
                        "Actual Startup Time": 253.869,
                        "Actual Total Time": 4195.659,
                        "Actual Rows": 2580380,
                        "Actual Loops": 2,
                        "Inner Unique": true,
                        "Hash Cond": "(ci.movie_id = t.id)",
                        "Plans": [
                          {
                            "Node Type": "Seq Scan",
                            "Parent Relationship": "Outer",
                            "Parallel Aware": true,
                            "Relation Name": "cast_info",
                            "Alias": "ci",
                            "Startup Cost": 0.0,
                            "Total Cost": 519069.44,
                            "Plan Rows": 12173045,
                            "Plan Width": 4,
                            "Actual Startup Time": 0.017,
                            "Actual Total Time": 1576.24,
                            "Actual Rows": 10363540,
                            "Actual Loops": 2,
                            "Filter": "(person_id < 2087249)",
                            "Rows Removed by Filter": 7758632
                          },
                          {
                            "Node Type": "Hash",
                            "Parent Relationship": "Inner",
                            "Parallel Aware": true,
                            "Startup Cost": 58306.47,
                            "Total Cost": 58306.47,
                            "Plan Rows": 423289,
                            "Plan Width": 4,
                            "Actual Startup Time": 250.989,
                            "Actual Total Time": 250.99,
                            "Actual Rows": 319215,
                            "Actual Loops": 2,
                            "Hash Buckets": 1048576,
                            "Original Hash Buckets": 1048576,
                            "Hash Batches": 1,
                            "Original Hash Batches": 1,
                            "Peak Memory Usage": 33184,
                            "Plans": [
                              {
                                "Node Type": "Seq Scan",
                                "Parent Relationship": "Outer",
                                "Parallel Aware": true,
                                "Relation Name": "title",
                                "Alias": "t",
                                "Startup Cost": 0.0,
                                "Total Cost": 58306.47,
                                "Plan Rows": 423289,
                                "Plan Width": 4,
                                "Actual Startup Time": 0.048,
                                "Actual Total Time": 157.717,
                                "Actual Rows": 319215,
                                "Actual Loops": 2,
                                "Filter": "((production_year < 2003) AND (kind_id = 7))",
                                "Rows Removed by Filter": 944941
                              }
                            ]
                          }
                        ]
                      }
                    ]
                  }
                ]
              }
            ]
          }
        ]
      }
    ]
  },
  "Planning Time": 0.954,
  "Triggers": [],
  "Execution Time": 8619.686
}