{
    "Plan": {
        "Node Type": "Aggregate",
        "Strategy": "Plain",
        "Partial Mode": "Simple",
        "Parallel Aware": false,
        "Startup Cost": 1812.86,
        "Total Cost": 1812.87,
        "Plan Rows": 1,
        "Plan Width": 8,
        "Actual Startup Time": 18.093,
        "Actual Total Time": 18.096,
        "Actual Rows": 1,
        "Actual Loops": 1,
        "Output": [
            "count(*)"
        ],
        "Plans": [
            {
                "Node Type": "Nested Loop",
                "Parent Relationship": "Outer",
                "Parallel Aware": false,
                "Join Type": "Inner",
                "Startup Cost": 1.29,
                "Total Cost": 1812.86,
                "Plan Rows": 1,
                "Plan Width": 0,
                "Actual Startup Time": 1.217,
                "Actual Total Time": 18.081,
                "Actual Rows": 13,
                "Actual Loops": 1,
                "Inner Unique": true,
                "Join Filter": "(mi_idx.movie_id = t.id)",
                "Rows Removed by Join Filter": 0,
                "Plans": [
                    {
                        "Node Type": "Nested Loop",
                        "Parent Relationship": "Outer",
                        "Parallel Aware": false,
                        "Join Type": "Inner",
                        "Startup Cost": 0.86,
                        "Total Cost": 1805.41,
                        "Plan Rows": 1,
                        "Plan Width": 8,
                        "Actual Startup Time": 1.192,
                        "Actual Total Time": 17.858,
                        "Actual Rows": 13,
                        "Actual Loops": 1,
                        "Output": [
                            "mi_idx.movie_id",
                            "mk.movie_id"
                        ],
                        "Inner Unique": false,
                        "Plans": [
                            {
                                "Node Type": "Index Scan",
                                "Parent Relationship": "Outer",
                                "Parallel Aware": false,
                                "Scan Direction": "Forward",
                                "Index Name": "info_type_id_movie_info_idx",
                                "Relation Name": "movie_info_idx",
                                "Schema": "public",
                                "Alias": "mi_idx",
                                "Startup Cost": 0.43,
                                "Total Cost": 493.93,
                                "Plan Rows": 138,
                                "Plan Width": 4,
                                "Actual Startup Time": 0.04,
                                "Actual Total Time": 0.137,
                                "Actual Rows": 260,
                                "Actual Loops": 1,
                                "Output": [
                                    "mi_idx.id",
                                    "mi_idx.movie_id",
                                    "mi_idx.info_type_id",
                                    "mi_idx.info",
                                    "mi_idx.note"
                                ],
                                "Index Cond": "(mi_idx.info_type_id > 101)",
                                "Rows Removed by Index Recheck": 0
                            },
                            {
                                "Node Type": "Index Scan",
                                "Parent Relationship": "Inner",
                                "Parallel Aware": false,
                                "Scan Direction": "Forward",
                                "Index Name": "movie_id_movie_keyword",
                                "Relation Name": "movie_keyword",
                                "Schema": "public",
                                "Alias": "mk",
                                "Startup Cost": 0.43,
                                "Total Cost": 9.49,
                                "Plan Rows": 1,
                                "Plan Width": 4,
                                "Actual Startup Time": 0.067,
                                "Actual Total Time": 0.067,
                                "Actual Rows": 0,
                                "Actual Loops": 260,
                                "Output": [
                                    "mk.id",
                                    "mk.movie_id",
                                    "mk.keyword_id"
                                ],
                                "Index Cond": "(mk.movie_id = mi_idx.movie_id)",
                                "Rows Removed by Index Recheck": 0,
                                "Filter": "(mk.keyword_id = 813)",
                                "Rows Removed by Filter": 151
                            }
                        ]
                    },
                    {
                        "Node Type": "Index Only Scan",
                        "Parent Relationship": "Inner",
                        "Parallel Aware": false,
                        "Scan Direction": "Forward",
                        "Index Name": "title_pkey",
                        "Relation Name": "title",
                        "Schema": "public",
                        "Alias": "t",
                        "Startup Cost": 0.43,
                        "Total Cost": 7.44,
                        "Plan Rows": 1,
                        "Plan Width": 4,
                        "Actual Startup Time": 0.015,
                        "Actual Total Time": 0.015,
                        "Actual Rows": 1,
                        "Actual Loops": 13,
                        "Output": [
                            "t.id"
                        ],
                        "Index Cond": "(t.id = mk.movie_id)",
                        "Rows Removed by Index Recheck": 0,
                        "Heap Fetches": 13
                    }
                ]
            }
        ]
    },
    "Planning Time": 1.514,
    "Triggers": [],
    "Execution Time": 18.176
}