[
  {
    "Plan": {
      "Node Type": "Aggregate",
      "Strategy": "Plain",
      "Partial Mode": "Finalize",
      "Parallel Aware": false,
      "Startup Cost": 32754.47,
      "Total Cost": 32754.48,
      "Plan Rows": 1,
      "Plan Width": 8,
      "Actual Startup Time": 94.146,
      "Actual Total Time": 100.812,
      "Actual Rows": 1,
      "Actual Loops": 1,
      "Plans": [
        {
          "Node Type": "Gather",
          "Parent Relationship": "Outer",
          "Parallel Aware": false,
          "Startup Cost": 32754.15,
          "Total Cost": 32754.46,
          "Plan Rows": 3,
          "Plan Width": 8,
          "Actual Startup Time": 94.023,
          "Actual Total Time": 100.804,
          "Actual Rows": 4,
          "Actual Loops": 1,
          "Workers Planned": 3,
          "Workers Launched": 3,
          "Single Copy": false,
          "Plans": [
            {
              "Node Type": "Aggregate",
              "Strategy": "Plain",
              "Partial Mode": "Partial",
              "Parent Relationship": "Outer",
              "Parallel Aware": false,
              "Startup Cost": 31754.15,
              "Total Cost": 31754.16,
              "Plan Rows": 1,
              "Plan Width": 8,
              "Actual Startup Time": 85.608,
              "Actual Total Time": 85.609,
              "Actual Rows": 1,
              "Actual Loops": 4,
              "Plans": [
                {
                  "Node Type": "Seq Scan",
                  "Parent Relationship": "Outer",
                  "Parallel Aware": true,
                  "Relation Name": "movie_companies",
                  "Alias": "mc",
                  "Startup Cost": 0.0,
                  "Total Cost": 31414.82,
                  "Plan Rows": 135732,
                  "Plan Width": 0,
                  "Actual Startup Time": 46.721,
                  "Actual Total Time": 78.229,
                  "Actual Rows": 187772,
                  "Actual Loops": 4,
                  "Filter": "((company_id > 26056) AND (company_type_id = 2))",
                  "Rows Removed by Filter": 464510
                }
              ]
            }
          ]
        }
      ]
    },
    "Planning Time": 0.203,
    "Triggers": [],
    "Execution Time": 100.865
  }
]