[
  {
    "Plan": {
      "Node Type": "Aggregate",
      "Strategy": "Plain",
      "Partial Mode": "Finalize",
      "Parallel Aware": false,
      "Startup Cost": 45147.46,
      "Total Cost": 45147.47,
      "Plan Rows": 1,
      "Plan Width": 8,
      "Actual Startup Time": 139.02,
      "Actual Total Time": 145.815,
      "Actual Rows": 1,
      "Actual Loops": 1,
      "Plans": [
        {
          "Node Type": "Gather",
          "Parent Relationship": "Outer",
          "Parallel Aware": false,
          "Startup Cost": 45147.15,
          "Total Cost": 45147.46,
          "Plan Rows": 3,
          "Plan Width": 8,
          "Actual Startup Time": 138.88,
          "Actual Total Time": 145.807,
          "Actual Rows": 4,
          "Actual Loops": 1,
          "Workers Planned": 3,
          "Workers Launched": 3,
          "Single Copy": false,
          "Plans": [
            {
              "Node Type": "Aggregate",
              "Strategy": "Plain",
              "Partial Mode": "Partial",
              "Parent Relationship": "Outer",
              "Parallel Aware": false,
              "Startup Cost": 44147.15,
              "Total Cost": 44147.16,
              "Plan Rows": 1,
              "Plan Width": 8,
              "Actual Startup Time": 133.487,
              "Actual Total Time": 133.488,
              "Actual Rows": 1,
              "Actual Loops": 4,
              "Plans": [
                {
                  "Node Type": "Seq Scan",
                  "Parent Relationship": "Outer",
                  "Parallel Aware": true,
                  "Relation Name": "movie_keyword",
                  "Alias": "mk",
                  "Startup Cost": 0.0,
                  "Total Cost": 42695.65,
                  "Plan Rows": 580597,
                  "Plan Width": 0,
                  "Actual Startup Time": 1.029,
                  "Actual Total Time": 110.946,
                  "Actual Rows": 447292,
                  "Actual Loops": 4,
                  "Filter": "(keyword_id > 7768)",
                  "Rows Removed by Filter": 683691
                }
              ]
            }
          ]
        }
      ]
    },
    "Planning Time": 0.163,
    "Triggers": [],
    "Execution Time": 145.862
  }
]