[
  {
    "Bao": {
      "Bao prediction": 563.881,
      "Bao recommended hint": "SET enable_nestloop TO off; SET enable_hashjoin TO off; "
    }
  },
  {
    "Plan": {
      "Node Type": "Aggregate",
      "Strategy": "Plain",
      "Partial Mode": "Simple",
      "Parallel Aware": false,
      "Startup Cost": 475561.41,
      "Total Cost": 475561.42,
      "Plan Rows": 1,
      "Plan Width": 32,
      "Actual Startup Time": 2630.283,
      "Actual Total Time": 2630.405,
      "Actual Rows": 1,
      "Actual Loops": 1,
      "Plans": [
        {
          "Node Type": "Merge Join",
          "Parent Relationship": "Outer",
          "Parallel Aware": false,
          "Join Type": "Inner",
          "Startup Cost": 359006.5,
          "Total Cost": 475561.26,
          "Plan Rows": 62,
          "Plan Width": 17,
          "Actual Startup Time": 1445.608,
          "Actual Total Time": 2625.66,
          "Actual Rows": 68316,
          "Actual Loops": 1,
          "Inner Unique": false,
          "Merge Cond": "(t.id = mc.movie_id)",
          "Plans": [
            {
              "Node Type": "Index Scan",
              "Parent Relationship": "Outer",
              "Parallel Aware": false,
              "Scan Direction": "Forward",
              "Index Name": "title_pkey",
              "Relation Name": "title",
              "Alias": "t",
              "Startup Cost": 0.43,
              "Total Cost": 110359.06,
              "Plan Rows": 2528509,
              "Plan Width": 21,
              "Actual Startup Time": 0.007,
              "Actual Total Time": 1007.213,
              "Actual Rows": 2524892,
              "Actual Loops": 1
            },
            {
              "Node Type": "Sort",
              "Parent Relationship": "Inner",
              "Parallel Aware": false,
              "Startup Cost": 359003.34,
              "Total Cost": 359003.5,
              "Plan Rows": 62,
              "Plan Width": 8,
              "Actual Startup Time": 1443.326,
              "Actual Total Time": 1456.321,
              "Actual Rows": 68316,
              "Actual Loops": 1,
              "Sort Key": [
                "mc.movie_id"
              ],
              "Sort Method": "quicksort",
              "Sort Space Used": 6275,
              "Sort Space Type": "Memory",
              "Plans": [
                {
                  "Node Type": "Merge Join",
                  "Parent Relationship": "Outer",
                  "Parallel Aware": false,
                  "Join Type": "Inner",
                  "Startup Cost": 346324.19,
                  "Total Cost": 359001.5,
                  "Plan Rows": 62,
                  "Plan Width": 8,
                  "Actual Startup Time": 1276.362,
                  "Actual Total Time": 1426.989,
                  "Actual Rows": 68316,
                  "Actual Loops": 1,
                  "Inner Unique": false,
                  "Merge Cond": "(cn.id = mc.company_id)",
                  "Plans": [
                    {
                      "Node Type": "Index Scan",
                      "Parent Relationship": "Outer",
                      "Parallel Aware": false,
                      "Scan Direction": "Forward",
                      "Index Name": "company_name_pkey",
                      "Relation Name": "company_name",
                      "Alias": "cn",
                      "Startup Cost": 0.42,
                      "Total Cost": 12469.43,
                      "Plan Rows": 85931,
                      "Plan Width": 4,
                      "Actual Startup Time": 0.007,
                      "Actual Total Time": 114.758,
                      "Actual Rows": 84843,
                      "Actual Loops": 1,
                      "Filter": "((country_code)::text = '[us]'::text)",
                      "Rows Removed by Filter": 150154
                    },
                    {
                      "Node Type": "Sort",
                      "Parent Relationship": "Inner",
                      "Parallel Aware": false,
                      "Startup Cost": 346323.74,
                      "Total Cost": 346324.17,
                      "Plan Rows": 170,
                      "Plan Width": 12,
                      "Actual Startup Time": 1276.352,
                      "Actual Total Time": 1292.826,
                      "Actual Rows": 148552,
                      "Actual Loops": 1,
                      "Sort Key": [
                        "mc.company_id"
                      ],
                      "Sort Method": "quicksort",
                      "Sort Space Used": 13108,
                      "Sort Space Type": "Memory",
                      "Plans": [
                        {
                          "Node Type": "Merge Join",
                          "Parent Relationship": "Outer",
                          "Parallel Aware": false,
                          "Join Type": "Inner",
                          "Startup Cost": 199395.79,
                          "Total Cost": 346317.44,
                          "Plan Rows": 170,
                          "Plan Width": 12,
                          "Actual Startup Time": 473.958,
                          "Actual Total Time": 1241.105,
                          "Actual Rows": 148552,
                          "Actual Loops": 1,
                          "Inner Unique": false,
                          "Merge Cond": "(mc.movie_id = mk.movie_id)",
                          "Plans": [
                            {
                              "Node Type": "Index Scan",
                              "Parent Relationship": "Outer",
                              "Parallel Aware": false,
                              "Scan Direction": "Forward",
                              "Index Name": "movie_id_movie_companies",
                              "Relation Name": "movie_companies",
                              "Alias": "mc",
                              "Startup Cost": 0.43,
                              "Total Cost": 140404.76,
                              "Plan Rows": 2609129,
                              "Plan Width": 8,
                              "Actual Startup Time": 0.01,
                              "Actual Total Time": 573.93,
                              "Actual Rows": 2609129,
                              "Actual Loops": 1
                            },
                            {
                              "Node Type": "Sort",
                              "Parent Relationship": "Inner",
                              "Parallel Aware": false,
                              "Startup Cost": 199387.31,
                              "Total Cost": 199387.39,
                              "Plan Rows": 34,
                              "Plan Width": 4,
                              "Actual Startup Time": 473.675,
                              "Actual Total Time": 484.669,
                              "Actual Rows": 154814,
                              "Actual Loops": 1,
                              "Sort Key": [
                                "mk.movie_id"
                              ],
                              "Sort Method": "quicksort",
                              "Sort Space Used": 3498,
                              "Sort Space Type": "Memory",
                              "Plans": [
                                {
                                  "Node Type": "Gather",
                                  "Parent Relationship": "Outer",
                                  "Parallel Aware": false,
                                  "Startup Cost": 192112.09,
                                  "Total Cost": 199386.44,
                                  "Plan Rows": 34,
                                  "Plan Width": 4,
                                  "Actual Startup Time": 448.066,
                                  "Actual Total Time": 463.373,
                                  "Actual Rows": 41840,
                                  "Actual Loops": 1,
                                  "Workers Planned": 3,
                                  "Workers Launched": 3,
                                  "Single Copy": false,
                                  "Plans": [
                                    {
                                      "Node Type": "Merge Join",
                                      "Parent Relationship": "Outer",
                                      "Parallel Aware": false,
                                      "Join Type": "Inner",
                                      "Startup Cost": 191112.09,
                                      "Total Cost": 198383.04,
                                      "Plan Rows": 11,
                                      "Plan Width": 4,
                                      "Actual Startup Time": 430.788,
                                      "Actual Total Time": 434.041,
                                      "Actual Rows": 10460,
                                      "Actual Loops": 4,
                                      "Inner Unique": true,
                                      "Merge Cond": "(mk.keyword_id = k.id)",
                                      "Plans": [
                                        {
                                          "Node Type": "Sort",
                                          "Parent Relationship": "Outer",
                                          "Parallel Aware": false,
                                          "Startup Cost": 188460.13,
                                          "Total Cost": 192108.46,
                                          "Plan Rows": 1459332,
                                          "Plan Width": 8,
                                          "Actual Startup Time": 411.602,
                                          "Actual Total Time": 419.367,
                                          "Actual Rows": 40941,
                                          "Actual Loops": 4,
                                          "Sort Key": [
                                            "mk.keyword_id"
                                          ],
                                          "Sort Method": "quicksort",
                                          "Sort Space Used": 106222,
                                          "Sort Space Type": "Memory",
                                          "Workers": [
                                            {
                                              "Worker Number": 0,
                                              "Sort Method": "quicksort",
                                              "Sort Space Used": 100681,
                                              "Sort Space Type": "Memory"
                                            },
                                            {
                                              "Worker Number": 1,
                                              "Sort Method": "quicksort",
                                              "Sort Space Used": 100585,
                                              "Sort Space Type": "Memory"
                                            },
                                            {
                                              "Worker Number": 2,
                                              "Sort Method": "quicksort",
                                              "Sort Space Used": 101181,
                                              "Sort Space Type": "Memory"
                                            }
                                          ],
                                          "Plans": [
                                            {
                                              "Node Type": "Seq Scan",
                                              "Parent Relationship": "Outer",
                                              "Parallel Aware": true,
                                              "Relation Name": "movie_keyword",
                                              "Alias": "mk",
                                              "Startup Cost": 0.0,
                                              "Total Cost": 39047.32,
                                              "Plan Rows": 1459332,
                                              "Plan Width": 8,
                                              "Actual Startup Time": 0.045,
                                              "Actual Total Time": 127.6,
                                              "Actual Rows": 1130982,
                                              "Actual Loops": 4
                                            }
                                          ]
                                        },
                                        {
                                          "Node Type": "Sort",
                                          "Parent Relationship": "Inner",
                                          "Parallel Aware": false,
                                          "Startup Cost": 2626.14,
                                          "Total Cost": 2626.14,
                                          "Plan Rows": 1,
                                          "Plan Width": 4,
                                          "Actual Startup Time": 11.03,
                                          "Actual Total Time": 11.03,
                                          "Actual Rows": 1,
                                          "Actual Loops": 4,
                                          "Sort Key": [
                                            "k.id"
                                          ],
                                          "Sort Method": "quicksort",
                                          "Sort Space Used": 25,
                                          "Sort Space Type": "Memory",
                                          "Workers": [
                                            {
                                              "Worker Number": 0,
                                              "Sort Method": "quicksort",
                                              "Sort Space Used": 25,
                                              "Sort Space Type": "Memory"
                                            },
                                            {
                                              "Worker Number": 1,
                                              "Sort Method": "quicksort",
                                              "Sort Space Used": 25,
                                              "Sort Space Type": "Memory"
                                            },
                                            {
                                              "Worker Number": 2,
                                              "Sort Method": "quicksort",
                                              "Sort Space Used": 25,
                                              "Sort Space Type": "Memory"
                                            }
                                          ],
                                          "Plans": [
                                            {
                                              "Node Type": "Seq Scan",
                                              "Parent Relationship": "Outer",
                                              "Parallel Aware": false,
                                              "Relation Name": "keyword",
                                              "Alias": "k",
                                              "Startup Cost": 0.0,
                                              "Total Cost": 2626.12,
                                              "Plan Rows": 1,
                                              "Plan Width": 4,
                                              "Actual Startup Time": 0.517,
                                              "Actual Total Time": 11.017,
                                              "Actual Rows": 1,
                                              "Actual Loops": 4,
                                              "Filter": "(keyword = 'character-name-in-title'::text)",
                                              "Rows Removed by Filter": 134169
                                            }
                                          ]
                                        }
                                      ]
                                    }
                                  ]
                                }
                              ]
                            }
                          ]
                        }
                      ]
                    }
                  ]
                }
              ]
            }
          ]
        }
      ]
    },
    "Planning Time": 257.359,
    "Triggers": [],
    "Execution Time": 2640.051
  }
]