[
  {
    "Plan": {
      "Node Type": "Aggregate",
      "Strategy": "Plain",
      "Partial Mode": "Finalize",
      "Parallel Aware": false,
      "Startup Cost": 348489.88,
      "Total Cost": 348489.89,
      "Plan Rows": 1,
      "Plan Width": 8,
      "Actual Startup Time": 891.702,
      "Actual Total Time": 937.544,
      "Actual Rows": 1,
      "Actual Loops": 1,
      "Plans": [
        {
          "Node Type": "Gather",
          "Parent Relationship": "Outer",
          "Parallel Aware": false,
          "Startup Cost": 348489.25,
          "Total Cost": 348489.86,
          "Plan Rows": 6,
          "Plan Width": 8,
          "Actual Startup Time": 891.469,
          "Actual Total Time": 937.534,
          "Actual Rows": 7,
          "Actual Loops": 1,
          "Workers Planned": 6,
          "Workers Launched": 6,
          "Single Copy": false,
          "Plans": [
            {
              "Node Type": "Aggregate",
              "Strategy": "Plain",
              "Partial Mode": "Partial",
              "Parent Relationship": "Outer",
              "Parallel Aware": false,
              "Startup Cost": 347489.25,
              "Total Cost": 347489.26,
              "Plan Rows": 1,
              "Plan Width": 8,
              "Actual Startup Time": 883.119,
              "Actual Total Time": 883.12,
              "Actual Rows": 1,
              "Actual Loops": 7,
              "Plans": [
                {
                  "Node Type": "Seq Scan",
                  "Parent Relationship": "Outer",
                  "Parallel Aware": true,
                  "Relation Name": "cast_info",
                  "Alias": "ci",
                  "Startup Cost": 0.0,
                  "Total Cost": 343316.27,
                  "Plan Rows": 1669193,
                  "Plan Width": 0,
                  "Actual Startup Time": 301.767,
                  "Actual Total Time": 760.257,
                  "Actual Rows": 2160369,
                  "Actual Loops": 7,
                  "Filter": "((person_id > 2132978) AND (role_id > 1))",
                  "Rows Removed by Filter": 3017394
                }
              ]
            }
          ]
        }
      ]
    },
    "Planning Time": 0.114,
    "Triggers": [],
    "Execution Time": 937.587
  }
]