[
  {
    "Plan": {
      "Node Type": "Aggregate",
      "Strategy": "Plain",
      "Partial Mode": "Finalize",
      "Parallel Aware": false,
      "Startup Cost": 348401.48,
      "Total Cost": 348401.49,
      "Plan Rows": 1,
      "Plan Width": 8,
      "Actual Startup Time": 779.338,
      "Actual Total Time": 836.371,
      "Actual Rows": 1,
      "Actual Loops": 1,
      "Plans": [
        {
          "Node Type": "Gather",
          "Parent Relationship": "Outer",
          "Parallel Aware": false,
          "Startup Cost": 348400.85,
          "Total Cost": 348401.46,
          "Plan Rows": 6,
          "Plan Width": 8,
          "Actual Startup Time": 779.2,
          "Actual Total Time": 836.361,
          "Actual Rows": 7,
          "Actual Loops": 1,
          "Workers Planned": 6,
          "Workers Launched": 6,
          "Single Copy": false,
          "Plans": [
            {
              "Node Type": "Aggregate",
              "Strategy": "Plain",
              "Partial Mode": "Partial",
              "Parent Relationship": "Outer",
              "Parallel Aware": false,
              "Startup Cost": 347400.85,
              "Total Cost": 347400.86,
              "Plan Rows": 1,
              "Plan Width": 8,
              "Actual Startup Time": 769.604,
              "Actual Total Time": 769.605,
              "Actual Rows": 1,
              "Actual Loops": 7,
              "Plans": [
                {
                  "Node Type": "Seq Scan",
                  "Parent Relationship": "Outer",
                  "Parallel Aware": true,
                  "Relation Name": "cast_info",
                  "Alias": "ci",
                  "Startup Cost": 0.0,
                  "Total Cost": 343257.03,
                  "Plan Rows": 1657530,
                  "Plan Width": 0,
                  "Actual Startup Time": 266.478,
                  "Actual Total Time": 673.957,
                  "Actual Rows": 2160369,
                  "Actual Loops": 7,
                  "Filter": "((person_id > 2132978) AND (role_id > 1))",
                  "Rows Removed by Filter": 3017394
                }
              ]
            }
          ]
        }
      ]
    },
    "Planning Time": 0.192,
    "Triggers": [],
    "Execution Time": 836.439
  }
]