[
  {
    "Plan": {
      "Node Type": "Aggregate",
      "Strategy": "Plain",
      "Partial Mode": "Finalize",
      "Parallel Aware": false,
      "Startup Cost": 353428.96,
      "Total Cost": 353428.97,
      "Plan Rows": 1,
      "Plan Width": 8,
      "Actual Startup Time": 821.02,
      "Actual Total Time": 891.386,
      "Actual Rows": 1,
      "Actual Loops": 1,
      "Plans": [
        {
          "Node Type": "Gather",
          "Parent Relationship": "Outer",
          "Parallel Aware": false,
          "Startup Cost": 353428.34,
          "Total Cost": 353428.95,
          "Plan Rows": 6,
          "Plan Width": 8,
          "Actual Startup Time": 820.895,
          "Actual Total Time": 891.374,
          "Actual Rows": 7,
          "Actual Loops": 1,
          "Workers Planned": 6,
          "Workers Launched": 6,
          "Single Copy": false,
          "Plans": [
            {
              "Node Type": "Aggregate",
              "Strategy": "Plain",
              "Partial Mode": "Partial",
              "Parent Relationship": "Outer",
              "Parallel Aware": false,
              "Startup Cost": 352428.34,
              "Total Cost": 352428.35,
              "Plan Rows": 1,
              "Plan Width": 8,
              "Actual Startup Time": 811.128,
              "Actual Total Time": 811.129,
              "Actual Rows": 1,
              "Actual Loops": 7,
              "Plans": [
                {
                  "Node Type": "Seq Scan",
                  "Parent Relationship": "Outer",
                  "Parallel Aware": true,
                  "Relation Name": "cast_info",
                  "Alias": "ci",
                  "Startup Cost": 0.0,
                  "Total Cost": 343257.03,
                  "Plan Rows": 3668523,
                  "Plan Width": 0,
                  "Actual Startup Time": 218.326,
                  "Actual Total Time": 683.053,
                  "Actual Rows": 3258390,
                  "Actual Loops": 7,
                  "Filter": "((person_id > 260869) AND (role_id > 1))",
                  "Rows Removed by Filter": 1919374
                }
              ]
            }
          ]
        }
      ]
    },
    "Planning Time": 0.23,
    "Triggers": [],
    "Execution Time": 891.465
  }
]