{
  "Plan": {
    "Node Type": "Aggregate",
    "Strategy": "Plain",
    "Partial Mode": "Finalize",
    "Parallel Aware": false,
    "Startup Cost": 625465.47,
    "Total Cost": 625465.48,
    "Plan Rows": 1,
    "Plan Width": 8,
    "Actual Startup Time": 3349.468,
    "Actual Total Time": 3419.298,
    "Actual Rows": 1,
    "Actual Loops": 1,
    "Plans": [
      {
        "Node Type": "Gather",
        "Parent Relationship": "Outer",
        "Parallel Aware": false,
        "Startup Cost": 625465.35,
        "Total Cost": 625465.46,
        "Plan Rows": 1,
        "Plan Width": 8,
        "Actual Startup Time": 3349.152,
        "Actual Total Time": 3419.29,
        "Actual Rows": 2,
        "Actual Loops": 1,
        "Workers Planned": 1,
        "Workers Launched": 1,
        "Single Copy": false,
        "Plans": [
          {
            "Node Type": "Aggregate",
            "Strategy": "Plain",
            "Partial Mode": "Partial",
            "Parent Relationship": "Outer",
            "Parallel Aware": false,
            "Startup Cost": 624465.35,
            "Total Cost": 624465.36,
            "Plan Rows": 1,
            "Plan Width": 8,
            "Actual Startup Time": 3342.99,
            "Actual Total Time": 3342.994,
            "Actual Rows": 1,
            "Actual Loops": 2,
            "Plans": [
              {
                "Node Type": "Hash Join",
                "Parent Relationship": "Outer",
                "Parallel Aware": true,
                "Join Type": "Inner",
                "Startup Cost": 58969.19,
                "Total Cost": 622940.86,
                "Plan Rows": 609796,
                "Plan Width": 0,
                "Actual Startup Time": 157.622,
                "Actual Total Time": 3320.156,
                "Actual Rows": 506426,
                "Actual Loops": 2,
                "Inner Unique": true,
                "Hash Cond": "(ci.movie_id = t.id)",
                "Plans": [
                  {
                    "Node Type": "Seq Scan",
                    "Parent Relationship": "Outer",
                    "Parallel Aware": true,
                    "Relation Name": "cast_info",
                    "Alias": "ci",
                    "Startup Cost": 0.0,
                    "Total Cost": 519069.44,
                    "Plan Rows": 17105582,
                    "Plan Width": 4,
                    "Actual Startup Time": 0.014,
                    "Actual Total Time": 1650.015,
                    "Actual Rows": 14615730,
                    "Actual Loops": 2,
                    "Filter": "(person_id < 2964008)",
                    "Rows Removed by Filter": 3506442
                  },
                  {
                    "Node Type": "Hash",
                    "Parent Relationship": "Inner",
                    "Parallel Aware": true,
                    "Startup Cost": 58306.47,
                    "Total Cost": 58306.47,
                    "Plan Rows": 53018,
                    "Plan Width": 4,
                    "Actual Startup Time": 155.369,
                    "Actual Total Time": 155.37,
                    "Actual Rows": 40495,
                    "Actual Loops": 2,
                    "Hash Buckets": 131072,
                    "Original Hash Buckets": 131072,
                    "Hash Batches": 1,
                    "Original Hash Batches": 1,
                    "Peak Memory Usage": 4224,
                    "Plans": [
                      {
                        "Node Type": "Seq Scan",
                        "Parent Relationship": "Outer",
                        "Parallel Aware": true,
                        "Relation Name": "title",
                        "Alias": "t",
                        "Startup Cost": 0.0,
                        "Total Cost": 58306.47,
                        "Plan Rows": 53018,
                        "Plan Width": 4,
                        "Actual Startup Time": 0.059,
                        "Actual Total Time": 145.039,
                        "Actual Rows": 40495,
                        "Actual Loops": 2,
                        "Filter": "((kind_id < 7) AND (production_year > 2011))",
                        "Rows Removed by Filter": 1223661
                      }
                    ]
                  }
                ]
              }
            ]
          }
        ]
      }
    ]
  },
  "Planning Time": 0.525,
  "Triggers": [],
  "Execution Time": 3419.388
}