[
  {
    "Plan": {
      "Node Type": "Aggregate",
      "Strategy": "Plain",
      "Partial Mode": "Finalize",
      "Parallel Aware": false,
      "Startup Cost": 766155.41,
      "Total Cost": 766155.42,
      "Plan Rows": 1,
      "Plan Width": 64,
      "Actual Startup Time": 5114.394,
      "Actual Total Time": 5302.285,
      "Actual Rows": 1,
      "Actual Loops": 1,
      "Plans": [
        {
          "Node Type": "Gather",
          "Parent Relationship": "Outer",
          "Parallel Aware": false,
          "Startup Cost": 766155.3,
          "Total Cost": 766155.41,
          "Plan Rows": 1,
          "Plan Width": 64,
          "Actual Startup Time": 5114.156,
          "Actual Total Time": 5302.277,
          "Actual Rows": 2,
          "Actual Loops": 1,
          "Workers Planned": 1,
          "Workers Launched": 1,
          "Single Copy": false,
          "Plans": [
            {
              "Node Type": "Aggregate",
              "Strategy": "Plain",
              "Partial Mode": "Partial",
              "Parent Relationship": "Outer",
              "Parallel Aware": false,
              "Startup Cost": 765155.3,
              "Total Cost": 765155.31,
              "Plan Rows": 1,
              "Plan Width": 64,
              "Actual Startup Time": 5106.861,
              "Actual Total Time": 5106.881,
              "Actual Rows": 1,
              "Actual Loops": 2,
              "Plans": [
                {
                  "Node Type": "Hash Join",
                  "Parent Relationship": "Outer",
                  "Parallel Aware": true,
                  "Join Type": "Inner",
                  "Startup Cost": 760244.35,
                  "Total Cost": 765155.29,
                  "Plan Rows": 1,
                  "Plan Width": 32,
                  "Actual Startup Time": 5089.737,
                  "Actual Total Time": 5106.811,
                  "Actual Rows": 542,
                  "Actual Loops": 2,
                  "Inner Unique": false,
                  "Hash Cond": "(cn.id = mc.company_id)",
                  "Plans": [
                    {
                      "Node Type": "Seq Scan",
                      "Parent Relationship": "Outer",
                      "Parallel Aware": true,
                      "Relation Name": "company_name",
                      "Alias": "cn",
                      "Startup Cost": 0.0,
                      "Total Cost": 4722.92,
                      "Plan Rows": 50137,
                      "Plan Width": 4,
                      "Actual Startup Time": 0.017,
                      "Actual Total Time": 14.225,
                      "Actual Rows": 42422,
                      "Actual Loops": 2,
                      "Filter": "((country_code)::text = '[us]'::text)",
                      "Rows Removed by Filter": 75077
                    },
                    {
                      "Node Type": "Hash",
                      "Parent Relationship": "Inner",
                      "Parallel Aware": true,
                      "Startup Cost": 760244.34,
                      "Total Cost": 760244.34,
                      "Plan Rows": 1,
                      "Plan Width": 36,
                      "Actual Startup Time": 5088.968,
                      "Actual Total Time": 5088.986,
                      "Actual Rows": 1258,
                      "Actual Loops": 2,
                      "Hash Buckets": 4096,
                      "Original Hash Buckets": 1024,
                      "Hash Batches": 1,
                      "Original Hash Batches": 1,
                      "Peak Memory Usage": 280,
                      "Plans": [
                        {
                          "Node Type": "Hash Join",
                          "Parent Relationship": "Outer",
                          "Parallel Aware": true,
                          "Join Type": "Inner",
                          "Startup Cost": 729881.57,
                          "Total Cost": 760244.34,
                          "Plan Rows": 1,
                          "Plan Width": 36,
                          "Actual Startup Time": 4832.696,
                          "Actual Total Time": 5027.989,
                          "Actual Rows": 1258,
                          "Actual Loops": 2,
                          "Inner Unique": false,
                          "Hash Cond": "(mc.movie_id = t.id)",
                          "Plans": [
                            {
                              "Node Type": "Seq Scan",
                              "Parent Relationship": "Outer",
                              "Parallel Aware": true,
                              "Relation Name": "movie_companies",
                              "Alias": "mc",
                              "Startup Cost": 0.0,
                              "Total Cost": 27206.55,
                              "Plan Rows": 841655,
                              "Plan Width": 8,
                              "Actual Startup Time": 0.008,
                              "Actual Total Time": 107.904,
                              "Actual Rows": 1304564,
                              "Actual Loops": 2
                            },
                            {
                              "Node Type": "Hash",
                              "Parent Relationship": "Inner",
                              "Parallel Aware": true,
                              "Startup Cost": 729881.56,
                              "Total Cost": 729881.56,
                              "Plan Rows": 1,
                              "Plan Width": 44,
                              "Actual Startup Time": 4830.618,
                              "Actual Total Time": 4830.636,
                              "Actual Rows": 207,
                              "Actual Loops": 2,
                              "Hash Buckets": 1024,
                              "Original Hash Buckets": 1024,
                              "Hash Batches": 1,
                              "Original Hash Batches": 1,
                              "Peak Memory Usage": 72,
                              "Plans": [
                                {
                                  "Node Type": "Hash Join",
                                  "Parent Relationship": "Outer",
                                  "Parallel Aware": true,
                                  "Join Type": "Inner",
                                  "Startup Cost": 685134.38,
                                  "Total Cost": 729881.56,
                                  "Plan Rows": 1,
                                  "Plan Width": 44,
                                  "Actual Startup Time": 4634.586,
                                  "Actual Total Time": 4830.5,
                                  "Actual Rows": 207,
                                  "Actual Loops": 2,
                                  "Inner Unique": false,
                                  "Hash Cond": "(t.id = mi.movie_id)",
                                  "Plans": [
                                    {
                                      "Node Type": "Seq Scan",
                                      "Parent Relationship": "Outer",
                                      "Parallel Aware": true,
                                      "Relation Name": "title",
                                      "Alias": "t",
                                      "Startup Cost": 0.0,
                                      "Total Cost": 43898.62,
                                      "Plan Rows": 226281,
                                      "Plan Width": 21,
                                      "Actual Startup Time": 0.022,
                                      "Actual Total Time": 166.726,
                                      "Actual Rows": 452246,
                                      "Actual Loops": 2,
                                      "Filter": "(production_year > 2006)",
                                      "Rows Removed by Filter": 811910
                                    },
                                    {
                                      "Node Type": "Hash",
                                      "Parent Relationship": "Inner",
                                      "Parallel Aware": true,
                                      "Startup Cost": 685134.37,
                                      "Total Cost": 685134.37,
                                      "Plan Rows": 1,
                                      "Plan Width": 23,
                                      "Actual Startup Time": 4634.284,
                                      "Actual Total Time": 4634.3,
                                      "Actual Rows": 276,
                                      "Actual Loops": 2,
                                      "Hash Buckets": 1024,
                                      "Original Hash Buckets": 1024,
                                      "Hash Batches": 1,
                                      "Original Hash Batches": 1,
                                      "Peak Memory Usage": 72,
                                      "Plans": [
                                        {
                                          "Node Type": "Hash Join",
                                          "Parent Relationship": "Outer",
                                          "Parallel Aware": true,
                                          "Join Type": "Inner",
                                          "Startup Cost": 637863.11,
                                          "Total Cost": 685134.37,
                                          "Plan Rows": 1,
                                          "Plan Width": 23,
                                          "Actual Startup Time": 4380.016,
                                          "Actual Total Time": 4634.211,
                                          "Actual Rows": 276,
                                          "Actual Loops": 2,
                                          "Inner Unique": false,
                                          "Hash Cond": "(chn.id = ci.person_role_id)",
                                          "Plans": [
                                            {
                                              "Node Type": "Seq Scan",
                                              "Parent Relationship": "Outer",
                                              "Parallel Aware": true,
                                              "Relation Name": "char_name",
                                              "Alias": "chn",
                                              "Startup Cost": 0.0,
                                              "Total Cost": 44325.46,
                                              "Plan Rows": 785546,
                                              "Plan Width": 4,
                                              "Actual Startup Time": 0.007,
                                              "Actual Total Time": 157.886,
                                              "Actual Rows": 1570170,
                                              "Actual Loops": 2
                                            },
                                            {
                                              "Node Type": "Hash",
                                              "Parent Relationship": "Inner",
                                              "Parallel Aware": true,
                                              "Startup Cost": 637863.09,
                                              "Total Cost": 637863.09,
                                              "Plan Rows": 1,
                                              "Plan Width": 27,
                                              "Actual Startup Time": 4379.328,
                                              "Actual Total Time": 4379.342,
                                              "Actual Rows": 280,
                                              "Actual Loops": 2,
                                              "Hash Buckets": 1024,
                                              "Original Hash Buckets": 1024,
                                              "Hash Batches": 1,
                                              "Original Hash Batches": 1,
                                              "Peak Memory Usage": 72,
                                              "Plans": [
                                                {
                                                  "Node Type": "Hash Join",
                                                  "Parent Relationship": "Outer",
                                                  "Parallel Aware": true,
                                                  "Join Type": "Inner",
                                                  "Startup Cost": 622469.19,
                                                  "Total Cost": 637863.09,
                                                  "Plan Rows": 1,
                                                  "Plan Width": 27,
                                                  "Actual Startup Time": 4299.261,
                                                  "Actual Total Time": 4379.242,
                                                  "Actual Rows": 280,
                                                  "Actual Loops": 2,
                                                  "Inner Unique": false,
                                                  "Hash Cond": "(an.person_id = n.id)",
                                                  "Plans": [
                                                    {
                                                      "Node Type": "Seq Scan",
                                                      "Parent Relationship": "Outer",
                                                      "Parallel Aware": true,
                                                      "Relation Name": "aka_name",
                                                      "Alias": "an",
                                                      "Startup Cost": 0.0,
                                                      "Total Cost": 14303.56,
                                                      "Plan Rows": 290756,
                                                      "Plan Width": 4,
                                                      "Actual Startup Time": 0.017,
                                                      "Actual Total Time": 51.031,
                                                      "Actual Rows": 450672,
                                                      "Actual Loops": 2
                                                    },
                                                    {
                                                      "Node Type": "Hash",
                                                      "Parent Relationship": "Inner",
                                                      "Parallel Aware": true,
                                                      "Startup Cost": 622469.18,
                                                      "Total Cost": 622469.18,
                                                      "Plan Rows": 1,
                                                      "Plan Width": 35,
                                                      "Actual Startup Time": 4298.062,
                                                      "Actual Total Time": 4298.074,
                                                      "Actual Rows": 307,
                                                      "Actual Loops": 2,
                                                      "Hash Buckets": 1024,
                                                      "Original Hash Buckets": 1024,
                                                      "Hash Batches": 1,
                                                      "Original Hash Batches": 1,
                                                      "Peak Memory Usage": 72,
                                                      "Plans": [
                                                        {
                                                          "Node Type": "Hash Join",
                                                          "Parent Relationship": "Outer",
                                                          "Parallel Aware": true,
                                                          "Join Type": "Inner",
                                                          "Startup Cost": 415574.37,
                                                          "Total Cost": 622469.18,
                                                          "Plan Rows": 1,
                                                          "Plan Width": 35,
                                                          "Actual Startup Time": 3430.841,
                                                          "Actual Total Time": 4297.866,
                                                          "Actual Rows": 307,
                                                          "Actual Loops": 2,
                                                          "Inner Unique": false,
                                                          "Hash Cond": "(mi.movie_id = ci.movie_id)",
                                                          "Plans": [
                                                            {
                                                              "Node Type": "Hash Join",
                                                              "Parent Relationship": "Outer",
                                                              "Parallel Aware": false,
                                                              "Join Type": "Inner",
                                                              "Startup Cost": 2.43,
                                                              "Total Cost": 206892.59,
                                                              "Plan Rows": 1236,
                                                              "Plan Width": 4,
                                                              "Actual Startup Time": 349.597,
                                                              "Actual Total Time": 1199.704,
                                                              "Actual Rows": 225520,
                                                              "Actual Loops": 2,
                                                              "Inner Unique": true,
                                                              "Hash Cond": "(mi.info_type_id = it.id)",
                                                              "Plans": [
                                                                {
                                                                  "Node Type": "Seq Scan",
                                                                  "Parent Relationship": "Outer",
                                                                  "Parallel Aware": true,
                                                                  "Relation Name": "movie_info",
                                                                  "Alias": "mi",
                                                                  "Startup Cost": 0.0,
                                                                  "Total Cost": 206509.76,
                                                                  "Plan Rows": 139676,
                                                                  "Plan Width": 8,
                                                                  "Actual Startup Time": 152.793,
                                                                  "Actual Total Time": 1165.231,
                                                                  "Actual Rows": 225552,
                                                                  "Actual Loops": 2,
                                                                  "Filter": "((info IS NOT NULL) AND ((info ~~ 'Japan:%200%'::text) OR (info ~~ 'USA:%200%'::text)))",
                                                                  "Rows Removed by Filter": 7192308
                                                                },
                                                                {
                                                                  "Node Type": "Hash",
                                                                  "Parent Relationship": "Inner",
                                                                  "Parallel Aware": false,
                                                                  "Startup Cost": 2.41,
                                                                  "Total Cost": 2.41,
                                                                  "Plan Rows": 1,
                                                                  "Plan Width": 4,
                                                                  "Actual Startup Time": 0.048,
                                                                  "Actual Total Time": 0.049,
                                                                  "Actual Rows": 1,
                                                                  "Actual Loops": 2,
                                                                  "Hash Buckets": 1024,
                                                                  "Original Hash Buckets": 1024,
                                                                  "Hash Batches": 1,
                                                                  "Original Hash Batches": 1,
                                                                  "Peak Memory Usage": 9,
                                                                  "Plans": [
                                                                    {
                                                                      "Node Type": "Seq Scan",
                                                                      "Parent Relationship": "Outer",
                                                                      "Parallel Aware": false,
                                                                      "Relation Name": "info_type",
                                                                      "Alias": "it",
                                                                      "Startup Cost": 0.0,
                                                                      "Total Cost": 2.41,
                                                                      "Plan Rows": 1,
                                                                      "Plan Width": 4,
                                                                      "Actual Startup Time": 0.035,
                                                                      "Actual Total Time": 0.041,
                                                                      "Actual Rows": 1,
                                                                      "Actual Loops": 2,
                                                                      "Filter": "((info)::text = 'release dates'::text)",
                                                                      "Rows Removed by Filter": 112
                                                                    }
                                                                  ]
                                                                }
                                                              ]
                                                            },
                                                            {
                                                              "Node Type": "Hash",
                                                              "Parent Relationship": "Inner",
                                                              "Parallel Aware": true,
                                                              "Startup Cost": 415571.93,
                                                              "Total Cost": 415571.93,
                                                              "Plan Rows": 1,
                                                              "Plan Width": 31,
                                                              "Actual Startup Time": 3078.52,
                                                              "Actual Total Time": 3078.528,
                                                              "Actual Rows": 317,
                                                              "Actual Loops": 2,
                                                              "Hash Buckets": 1024,
                                                              "Original Hash Buckets": 1024,
                                                              "Hash Batches": 1,
                                                              "Original Hash Batches": 1,
                                                              "Peak Memory Usage": 72,
                                                              "Plans": [
                                                                {
                                                                  "Node Type": "Hash Join",
                                                                  "Parent Relationship": "Outer",
                                                                  "Parallel Aware": false,
                                                                  "Join Type": "Inner",
                                                                  "Startup Cost": 71241.56,
                                                                  "Total Cost": 415571.93,
                                                                  "Plan Rows": 1,
                                                                  "Plan Width": 31,
                                                                  "Actual Startup Time": 1373.22,
                                                                  "Actual Total Time": 3078.237,
                                                                  "Actual Rows": 317,
                                                                  "Actual Loops": 2,
                                                                  "Inner Unique": true,
                                                                  "Hash Cond": "(ci.role_id = rt.id)",
                                                                  "Plans": [
                                                                    {
                                                                      "Node Type": "Hash Join",
                                                                      "Parent Relationship": "Outer",
                                                                      "Parallel Aware": true,
                                                                      "Join Type": "Inner",
                                                                      "Startup Cost": 71240.4,
                                                                      "Total Cost": 415570.73,
                                                                      "Plan Rows": 9,
                                                                      "Plan Width": 35,
                                                                      "Actual Startup Time": 1373.106,
                                                                      "Actual Total Time": 3077.989,
                                                                      "Actual Rows": 393,
                                                                      "Actual Loops": 2,
                                                                      "Inner Unique": true,
                                                                      "Hash Cond": "(ci.person_id = n.id)",
                                                                      "Plans": [
                                                                        {
                                                                          "Node Type": "Seq Scan",
                                                                          "Parent Relationship": "Outer",
                                                                          "Parallel Aware": true,
                                                                          "Relation Name": "cast_info",
                                                                          "Alias": "ci",
                                                                          "Startup Cost": 0.0,
                                                                          "Total Cost": 343259.37,
                                                                          "Plan Rows": 407986,
                                                                          "Plan Width": 16,
                                                                          "Actual Startup Time": 0.028,
                                                                          "Actual Total Time": 2478.002,
                                                                          "Actual Rows": 1200659,
                                                                          "Actual Loops": 2,
                                                                          "Filter": "(note = ANY ('{\"(executive producer)\",(uncredited),(writer),\"(as Ashley Marie Greiner)\"}'::text[]))",
                                                                          "Rows Removed by Filter": 16921513
                                                                        },
                                                                        {
                                                                          "Node Type": "Hash",
                                                                          "Parent Relationship": "Inner",
                                                                          "Parallel Aware": true,
                                                                          "Startup Cost": 71240.1,
                                                                          "Total Cost": 71240.1,
                                                                          "Plan Rows": 24,
                                                                          "Plan Width": 19,
                                                                          "Actual Startup Time": 473.835,
                                                                          "Actual Total Time": 473.835,
                                                                          "Actual Rows": 1276,
                                                                          "Actual Loops": 2,
                                                                          "Hash Buckets": 2048,
                                                                          "Original Hash Buckets": 1024,
                                                                          "Hash Batches": 1,
                                                                          "Original Hash Batches": 1,
                                                                          "Peak Memory Usage": 184,
                                                                          "Plans": [
                                                                            {
                                                                              "Node Type": "Seq Scan",
                                                                              "Parent Relationship": "Outer",
                                                                              "Parallel Aware": true,
                                                                              "Relation Name": "name",
                                                                              "Alias": "n",
                                                                              "Startup Cost": 0.0,
                                                                              "Total Cost": 71240.1,
                                                                              "Plan Rows": 24,
                                                                              "Plan Width": 19,
                                                                              "Actual Startup Time": 196.918,
                                                                              "Actual Total Time": 449.171,
                                                                              "Actual Rows": 1276,
                                                                              "Actual Loops": 2,
                                                                              "Filter": "((name ~~ '%Ashley%'::text) AND ((gender)::text = 'f'::text))",
                                                                              "Rows Removed by Filter": 2082470
                                                                            }
                                                                          ]
                                                                        }
                                                                      ]
                                                                    },
                                                                    {
                                                                      "Node Type": "Hash",
                                                                      "Parent Relationship": "Inner",
                                                                      "Parallel Aware": false,
                                                                      "Startup Cost": 1.15,
                                                                      "Total Cost": 1.15,
                                                                      "Plan Rows": 1,
                                                                      "Plan Width": 4,
                                                                      "Actual Startup Time": 0.076,
                                                                      "Actual Total Time": 0.077,
                                                                      "Actual Rows": 1,
                                                                      "Actual Loops": 2,
                                                                      "Hash Buckets": 1024,
                                                                      "Original Hash Buckets": 1024,
                                                                      "Hash Batches": 1,
                                                                      "Original Hash Batches": 1,
                                                                      "Peak Memory Usage": 9,
                                                                      "Plans": [
                                                                        {
                                                                          "Node Type": "Seq Scan",
                                                                          "Parent Relationship": "Outer",
                                                                          "Parallel Aware": false,
                                                                          "Relation Name": "role_type",
                                                                          "Alias": "rt",
                                                                          "Startup Cost": 0.0,
                                                                          "Total Cost": 1.15,
                                                                          "Plan Rows": 1,
                                                                          "Plan Width": 4,
                                                                          "Actual Startup Time": 0.052,
                                                                          "Actual Total Time": 0.056,
                                                                          "Actual Rows": 1,
                                                                          "Actual Loops": 2,
                                                                          "Filter": "((role)::text = 'actress'::text)",
                                                                          "Rows Removed by Filter": 11
                                                                        }
                                                                      ]
                                                                    }
                                                                  ]
                                                                }
                                                              ]
                                                            }
                                                          ]
                                                        }
                                                      ]
                                                    }
                                                  ]
                                                }
                                              ]
                                            }
                                          ]
                                        }
                                      ]
                                    }
                                  ]
                                }
                              ]
                            }
                          ]
                        }
                      ]
                    }
                  ]
                }
              ]
            }
          ]
        }
      ]
    },
    "Planning Time": 42.164,
    "Triggers": [],
    "Execution Time": 5302.775
  }
]