{
    "Plan": {
        "Node Type": "Aggregate",
        "Strategy": "Plain",
        "Partial Mode": "Finalize",
        "Parallel Aware": false,
        "Startup Cost": 74912.74,
        "Total Cost": 74912.75,
        "Plan Rows": 1,
        "Plan Width": 8,
        "Actual Startup Time": 209.546,
        "Actual Total Time": 226.089,
        "Actual Rows": 1,
        "Actual Loops": 1,
        "Output": [
            "count(*)"
        ],
        "Plans": [
            {
                "Node Type": "Gather",
                "Parent Relationship": "Outer",
                "Parallel Aware": false,
                "Startup Cost": 74912.42,
                "Total Cost": 74912.73,
                "Plan Rows": 3,
                "Plan Width": 8,
                "Actual Startup Time": 209.32,
                "Actual Total Time": 226.079,
                "Actual Rows": 4,
                "Actual Loops": 1,
                "Output": [
                    "(PARTIAL count(*))"
                ],
                "Workers Planned": 3,
                "Workers Launched": 3,
                "Single Copy": false,
                "Plans": [
                    {
                        "Node Type": "Aggregate",
                        "Strategy": "Plain",
                        "Partial Mode": "Partial",
                        "Parent Relationship": "Outer",
                        "Parallel Aware": false,
                        "Startup Cost": 73912.42,
                        "Total Cost": 73912.43,
                        "Plan Rows": 1,
                        "Plan Width": 8,
                        "Actual Startup Time": 200.351,
                        "Actual Total Time": 200.354,
                        "Actual Rows": 1,
                        "Actual Loops": 4,
                        "Output": [
                            "PARTIAL count(*)"
                        ],
                        "Workers": [
                            {
                                "Worker Number": 0,
                                "Actual Startup Time": 197.499,
                                "Actual Total Time": 197.502,
                                "Actual Rows": 1,
                                "Actual Loops": 1
                            },
                            {
                                "Worker Number": 1,
                                "Actual Startup Time": 197.629,
                                "Actual Total Time": 197.631,
                                "Actual Rows": 1,
                                "Actual Loops": 1
                            },
                            {
                                "Worker Number": 2,
                                "Actual Startup Time": 197.632,
                                "Actual Total Time": 197.635,
                                "Actual Rows": 1,
                                "Actual Loops": 1
                            }
                        ],
                        "Plans": [
                            {
                                "Node Type": "Hash Join",
                                "Parent Relationship": "Outer",
                                "Parallel Aware": true,
                                "Join Type": "Inner",
                                "Startup Cost": 44010.93,
                                "Total Cost": 73904.56,
                                "Plan Rows": 3146,
                                "Plan Width": 0,
                                "Actual Startup Time": 129.331,
                                "Actual Total Time": 200.151,
                                "Actual Rows": 2292,
                                "Actual Loops": 4,
                                "Inner Unique": true,
                                "Hash Cond": "(mc.movie_id = t.id)",
                                "Workers": [
                                    {
                                        "Worker Number": 0,
                                        "Actual Startup Time": 126.609,
                                        "Actual Total Time": 197.269,
                                        "Actual Rows": 1771,
                                        "Actual Loops": 1
                                    },
                                    {
                                        "Worker Number": 1,
                                        "Actual Startup Time": 126.437,
                                        "Actual Total Time": 197.43,
                                        "Actual Rows": 2654,
                                        "Actual Loops": 1
                                    },
                                    {
                                        "Worker Number": 2,
                                        "Actual Startup Time": 126.869,
                                        "Actual Total Time": 197.441,
                                        "Actual Rows": 2496,
                                        "Actual Loops": 1
                                    }
                                ],
                                "Plans": [
                                    {
                                        "Node Type": "Seq Scan",
                                        "Parent Relationship": "Outer",
                                        "Parallel Aware": true,
                                        "Relation Name": "movie_companies",
                                        "Schema": "public",
                                        "Alias": "mc",
                                        "Startup Cost": 0.0,
                                        "Total Cost": 29310.68,
                                        "Plan Rows": 222074,
                                        "Plan Width": 4,
                                        "Actual Startup Time": 19.86,
                                        "Actual Total Time": 69.352,
                                        "Actual Rows": 171318,
                                        "Actual Loops": 4,
                                        "Output": [
                                            "mc.id",
                                            "mc.movie_id",
                                            "mc.company_id",
                                            "mc.company_type_id",
                                            "mc.note"
                                        ],
                                        "Filter": "(mc.company_id > 47817)",
                                        "Rows Removed by Filter": 480964,
                                        "Workers": [
                                            {
                                                "Worker Number": 0,
                                                "Actual Startup Time": 19.84,
                                                "Actual Total Time": 69.388,
                                                "Actual Rows": 129944,
                                                "Actual Loops": 1
                                            },
                                            {
                                                "Worker Number": 1,
                                                "Actual Startup Time": 19.855,
                                                "Actual Total Time": 69.517,
                                                "Actual Rows": 198274,
                                                "Actual Loops": 1
                                            },
                                            {
                                                "Worker Number": 2,
                                                "Actual Startup Time": 19.852,
                                                "Actual Total Time": 69.309,
                                                "Actual Rows": 196793,
                                                "Actual Loops": 1
                                            }
                                        ]
                                    },
                                    {
                                        "Node Type": "Hash",
                                        "Parent Relationship": "Inner",
                                        "Parallel Aware": true,
                                        "Startup Cost": 43899.01,
                                        "Total Cost": 43899.01,
                                        "Plan Rows": 8954,
                                        "Plan Width": 4,
                                        "Actual Startup Time": 107.768,
                                        "Actual Total Time": 107.769,
                                        "Actual Rows": 9739,
                                        "Actual Loops": 4,
                                        "Output": [
                                            "t.id"
                                        ],
                                        "Hash Buckets": 65536,
                                        "Original Hash Buckets": 65536,
                                        "Hash Batches": 1,
                                        "Original Hash Batches": 1,
                                        "Peak Memory Usage": 2080,
                                        "Workers": [
                                            {
                                                "Worker Number": 0,
                                                "Actual Startup Time": 105.739,
                                                "Actual Total Time": 105.74,
                                                "Actual Rows": 7190,
                                                "Actual Loops": 1
                                            },
                                            {
                                                "Worker Number": 1,
                                                "Actual Startup Time": 105.929,
                                                "Actual Total Time": 105.929,
                                                "Actual Rows": 9731,
                                                "Actual Loops": 1
                                            },
                                            {
                                                "Worker Number": 2,
                                                "Actual Startup Time": 105.929,
                                                "Actual Total Time": 105.93,
                                                "Actual Rows": 9669,
                                                "Actual Loops": 1
                                            }
                                        ],
                                        "Plans": [
                                            {
                                                "Node Type": "Seq Scan",
                                                "Parent Relationship": "Outer",
                                                "Parallel Aware": true,
                                                "Relation Name": "title",
                                                "Schema": "public",
                                                "Alias": "t",
                                                "Startup Cost": 0.0,
                                                "Total Cost": 43899.01,
                                                "Plan Rows": 8954,
                                                "Plan Width": 4,
                                                "Actual Startup Time": 0.058,
                                                "Actual Total Time": 102.413,
                                                "Actual Rows": 9739,
                                                "Actual Loops": 4,
                                                "Output": [
                                                    "t.id"
                                                ],
                                                "Filter": "(t.production_year = 1997)",
                                                "Rows Removed by Filter": 622339,
                                                "Workers": [
                                                    {
                                                        "Worker Number": 0,
                                                        "Actual Startup Time": 0.064,
                                                        "Actual Total Time": 100.147,
                                                        "Actual Rows": 7190,
                                                        "Actual Loops": 1
                                                    },
                                                    {
                                                        "Worker Number": 1,
                                                        "Actual Startup Time": 0.091,
                                                        "Actual Total Time": 100.8,
                                                        "Actual Rows": 9731,
                                                        "Actual Loops": 1
                                                    },
                                                    {
                                                        "Worker Number": 2,
                                                        "Actual Startup Time": 0.052,
                                                        "Actual Total Time": 100.92,
                                                        "Actual Rows": 9669,
                                                        "Actual Loops": 1
                                                    }
                                                ]
                                            }
                                        ]
                                    }
                                ]
                            }
                        ]
                    }
                ]
            }
        ]
    },
    "Planning Time": 0.743,
    "Triggers": [],
    "Execution Time": 226.163
}