[
  {
    "Plan": {
      "Node Type": "Aggregate",
      "Strategy": "Plain",
      "Partial Mode": "Finalize",
      "Parallel Aware": false,
      "Startup Cost": 82267.72,
      "Total Cost": 82267.73,
      "Plan Rows": 1,
      "Plan Width": 8,
      "Actual Startup Time": 440.727,
      "Actual Total Time": 483.993,
      "Actual Rows": 1,
      "Actual Loops": 1,
      "Plans": [
        {
          "Node Type": "Gather",
          "Parent Relationship": "Outer",
          "Parallel Aware": false,
          "Startup Cost": 82267.4,
          "Total Cost": 82267.71,
          "Plan Rows": 3,
          "Plan Width": 8,
          "Actual Startup Time": 437.979,
          "Actual Total Time": 483.98,
          "Actual Rows": 4,
          "Actual Loops": 1,
          "Workers Planned": 3,
          "Workers Launched": 3,
          "Single Copy": false,
          "Plans": [
            {
              "Node Type": "Aggregate",
              "Strategy": "Plain",
              "Partial Mode": "Partial",
              "Parent Relationship": "Outer",
              "Parallel Aware": false,
              "Startup Cost": 81267.4,
              "Total Cost": 81267.41,
              "Plan Rows": 1,
              "Plan Width": 8,
              "Actual Startup Time": 429.597,
              "Actual Total Time": 429.602,
              "Actual Rows": 1,
              "Actual Loops": 4,
              "Plans": [
                {
                  "Node Type": "Nested Loop",
                  "Parent Relationship": "Outer",
                  "Parallel Aware": false,
                  "Join Type": "Inner",
                  "Startup Cost": 47645.97,
                  "Total Cost": 81234.63,
                  "Plan Rows": 13106,
                  "Plan Width": 0,
                  "Actual Startup Time": 218.628,
                  "Actual Total Time": 418.641,
                  "Actual Rows": 158740,
                  "Actual Loops": 4,
                  "Inner Unique": false,
                  "Plans": [
                    {
                      "Node Type": "Hash Join",
                      "Parent Relationship": "Outer",
                      "Parallel Aware": true,
                      "Join Type": "Inner",
                      "Startup Cost": 47645.54,
                      "Total Cost": 72625.78,
                      "Plan Rows": 2232,
                      "Plan Width": 8,
                      "Actual Startup Time": 218.451,
                      "Actual Total Time": 240.456,
                      "Actual Rows": 3182,
                      "Actual Loops": 4,
                      "Inner Unique": true,
                      "Hash Cond": "(mk.movie_id = t.id)",
                      "Plans": [
                        {
                          "Node Type": "Bitmap Heap Scan",
                          "Parent Relationship": "Outer",
                          "Parallel Aware": true,
                          "Relation Name": "movie_keyword",
                          "Alias": "mk",
                          "Startup Cost": 988.2,
                          "Total Cost": 25929.14,
                          "Plan Rows": 14975,
                          "Plan Width": 4,
                          "Actual Startup Time": 13.055,
                          "Actual Total Time": 40.544,
                          "Actual Rows": 9723,
                          "Actual Loops": 4,
                          "Recheck Cond": "(keyword_id < 47)",
                          "Rows Removed by Index Recheck": 0,
                          "Exact Heap Blocks": 5572,
                          "Lossy Heap Blocks": 0,
                          "Plans": [
                            {
                              "Node Type": "Bitmap Index Scan",
                              "Parent Relationship": "Outer",
                              "Parallel Aware": false,
                              "Index Name": "keyword_id_movie_keyword",
                              "Startup Cost": 0.0,
                              "Total Cost": 976.6,
                              "Plan Rows": 46422,
                              "Plan Width": 0,
                              "Actual Startup Time": 9.216,
                              "Actual Total Time": 9.217,
                              "Actual Rows": 38892,
                              "Actual Loops": 1,
                              "Index Cond": "(keyword_id < 47)"
                            }
                          ]
                        },
                        {
                          "Node Type": "Hash",
                          "Parent Relationship": "Inner",
                          "Parallel Aware": true,
                          "Startup Cost": 45479.59,
                          "Total Cost": 45479.59,
                          "Plan Rows": 94220,
                          "Plan Width": 4,
                          "Actual Startup Time": 187.775,
                          "Actual Total Time": 187.775,
                          "Actual Rows": 110007,
                          "Actual Loops": 4,
                          "Hash Buckets": 524288,
                          "Original Hash Buckets": 524288,
                          "Hash Batches": 1,
                          "Original Hash Batches": 1,
                          "Peak Memory Usage": 21376,
                          "Plans": [
                            {
                              "Node Type": "Seq Scan",
                              "Parent Relationship": "Outer",
                              "Parallel Aware": true,
                              "Relation Name": "title",
                              "Alias": "t",
                              "Startup Cost": 0.0,
                              "Total Cost": 45479.59,
                              "Plan Rows": 94220,
                              "Plan Width": 4,
                              "Actual Startup Time": 72.765,
                              "Actual Total Time": 136.264,
                              "Actual Rows": 110007,
                              "Actual Loops": 4,
                              "Filter": "((production_year < 2006) AND (kind_id = 1))",
                              "Rows Removed by Filter": 522071
                            }
                          ]
                        }
                      ]
                    },
                    {
                      "Node Type": "Index Only Scan",
                      "Parent Relationship": "Inner",
                      "Parallel Aware": false,
                      "Scan Direction": "Forward",
                      "Index Name": "movie_id_movie_info",
                      "Relation Name": "movie_info",
                      "Alias": "mi",
                      "Startup Cost": 0.43,
                      "Total Cost": 3.45,
                      "Plan Rows": 41,
                      "Plan Width": 4,
                      "Actual Startup Time": 0.012,
                      "Actual Total Time": 0.05,
                      "Actual Rows": 50,
                      "Actual Loops": 12730,
                      "Index Cond": "(movie_id = t.id)",
                      "Rows Removed by Index Recheck": 0,
                      "Heap Fetches": 634958
                    }
                  ]
                }
              ]
            }
          ]
        }
      ]
    },
    "Planning Time": 1.533,
    "Triggers": [],
    "Execution Time": 484.118
  }
]