{
  "Plan": {
    "Node Type": "Aggregate",
    "Strategy": "Plain",
    "Partial Mode": "Finalize",
    "Parallel Aware": false,
    "Startup Cost": 111078.16,
    "Total Cost": 111078.17,
    "Plan Rows": 1,
    "Plan Width": 8,
    "Actual Startup Time": 166.079,
    "Actual Total Time": 181.018,
    "Actual Rows": 1,
    "Actual Loops": 1,
    "Plans": [
      {
        "Node Type": "Gather",
        "Parent Relationship": "Outer",
        "Parallel Aware": false,
        "Startup Cost": 111078.05,
        "Total Cost": 111078.16,
        "Plan Rows": 1,
        "Plan Width": 8,
        "Actual Startup Time": 165.845,
        "Actual Total Time": 181.011,
        "Actual Rows": 2,
        "Actual Loops": 1,
        "Workers Planned": 1,
        "Workers Launched": 1,
        "Single Copy": false,
        "Plans": [
          {
            "Node Type": "Aggregate",
            "Strategy": "Plain",
            "Partial Mode": "Partial",
            "Parent Relationship": "Outer",
            "Parallel Aware": false,
            "Startup Cost": 110078.05,
            "Total Cost": 110078.06,
            "Plan Rows": 1,
            "Plan Width": 8,
            "Actual Startup Time": 159.864,
            "Actual Total Time": 159.866,
            "Actual Rows": 1,
            "Actual Loops": 2,
            "Plans": [
              {
                "Node Type": "Nested Loop",
                "Parent Relationship": "Outer",
                "Parallel Aware": false,
                "Join Type": "Inner",
                "Startup Cost": 0.86,
                "Total Cost": 110076.29,
                "Plan Rows": 704,
                "Plan Width": 0,
                "Actual Startup Time": 2.996,
                "Actual Total Time": 159.78,
                "Actual Rows": 678,
                "Actual Loops": 2,
                "Inner Unique": false,
                "Join Filter": "(t.id = mi_idx.movie_id)",
                "Rows Removed by Join Filter": 0,
                "Plans": [
                  {
                    "Node Type": "Nested Loop",
                    "Parent Relationship": "Outer",
                    "Parallel Aware": false,
                    "Join Type": "Inner",
                    "Startup Cost": 0.43,
                    "Total Cost": 107980.87,
                    "Plan Rows": 3912,
                    "Plan Width": 8,
                    "Actual Startup Time": 1.358,
                    "Actual Total Time": 154.467,
                    "Actual Rows": 1133,
                    "Actual Loops": 2,
                    "Inner Unique": false,
                    "Plans": [
                      {
                        "Node Type": "Seq Scan",
                        "Parent Relationship": "Outer",
                        "Parallel Aware": true,
                        "Relation Name": "title",
                        "Alias": "t",
                        "Startup Cost": 0.0,
                        "Total Cost": 58306.47,
                        "Plan Rows": 6217,
                        "Plan Width": 4,
                        "Actual Startup Time": 0.054,
                        "Actual Total Time": 135.956,
                        "Actual Rows": 5197,
                        "Actual Loops": 2,
                        "Filter": "((kind_id > 1) AND (production_year = 1970))",
                        "Rows Removed by Filter": 1258959
                      },
                      {
                        "Node Type": "Index Scan",
                        "Parent Relationship": "Inner",
                        "Parallel Aware": false,
                        "Scan Direction": "Forward",
                        "Index Name": "movie_id_movie_keyword",
                        "Relation Name": "movie_keyword",
                        "Alias": "mk",
                        "Startup Cost": 0.43,
                        "Total Cost": 7.83,
                        "Plan Rows": 16,
                        "Plan Width": 4,
                        "Actual Startup Time": 0.003,
                        "Actual Total Time": 0.003,
                        "Actual Rows": 0,
                        "Actual Loops": 10394,
                        "Index Cond": "(movie_id = t.id)",
                        "Rows Removed by Index Recheck": 0,
                        "Filter": "(keyword_id < 2486)",
                        "Rows Removed by Filter": 0
                      }
                    ]
                  },
                  {
                    "Node Type": "Index Scan",
                    "Parent Relationship": "Inner",
                    "Parallel Aware": false,
                    "Scan Direction": "Forward",
                    "Index Name": "movie_id_movie_info_idx",
                    "Relation Name": "movie_info_idx",
                    "Alias": "mi_idx",
                    "Startup Cost": 0.43,
                    "Total Cost": 0.52,
                    "Plan Rows": 1,
                    "Plan Width": 4,
                    "Actual Startup Time": 0.004,
                    "Actual Total Time": 0.004,
                    "Actual Rows": 1,
                    "Actual Loops": 2266,
                    "Index Cond": "(movie_id = mk.movie_id)",
                    "Rows Removed by Index Recheck": 0,
                    "Filter": "(info_type_id = 99)",
                    "Rows Removed by Filter": 1
                  }
                ]
              }
            ]
          }
        ]
      }
    ]
  },
  "Planning Time": 0.874,
  "Triggers": [],
  "Execution Time": 181.096
}