[
  {
    "Plan": {
      "Node Type": "Aggregate",
      "Strategy": "Plain",
      "Partial Mode": "Simple",
      "Parallel Aware": false,
      "Startup Cost": 24431.24,
      "Total Cost": 24431.25,
      "Plan Rows": 1,
      "Plan Width": 8,
      "Actual Startup Time": 28.433,
      "Actual Total Time": 28.434,
      "Actual Rows": 1,
      "Actual Loops": 1,
      "Plans": [
        {
          "Node Type": "Bitmap Heap Scan",
          "Parent Relationship": "Outer",
          "Parallel Aware": false,
          "Relation Name": "movie_keyword",
          "Alias": "mk",
          "Startup Cost": 389.85,
          "Total Cost": 24385.62,
          "Plan Rows": 18247,
          "Plan Width": 0,
          "Actual Startup Time": 4.974,
          "Actual Total Time": 26.977,
          "Actual Rows": 20522,
          "Actual Loops": 1,
          "Recheck Cond": "(keyword_id = 382)",
          "Rows Removed by Index Recheck": 0,
          "Exact Heap Blocks": 11073,
          "Lossy Heap Blocks": 0,
          "Plans": [
            {
              "Node Type": "Bitmap Index Scan",
              "Parent Relationship": "Outer",
              "Parallel Aware": false,
              "Index Name": "keyword_id_movie_keyword",
              "Startup Cost": 0.0,
              "Total Cost": 385.28,
              "Plan Rows": 18247,
              "Plan Width": 0,
              "Actual Startup Time": 2.375,
              "Actual Total Time": 2.375,
              "Actual Rows": 20522,
              "Actual Loops": 1,
              "Index Cond": "(keyword_id = 382)"
            }
          ]
        }
      ]
    },
    "Planning Time": 0.088,
    "Triggers": [],
    "Execution Time": 28.473
  }
]