[
  {
    "Plan": {
      "Node Type": "Aggregate",
      "Strategy": "Plain",
      "Partial Mode": "Finalize",
      "Parallel Aware": false,
      "Startup Cost": 332892.07,
      "Total Cost": 332892.08,
      "Plan Rows": 1,
      "Plan Width": 8,
      "Actual Startup Time": 914.612,
      "Actual Total Time": 992.024,
      "Actual Rows": 1,
      "Actual Loops": 1,
      "Plans": [
        {
          "Node Type": "Gather",
          "Parent Relationship": "Outer",
          "Parallel Aware": false,
          "Startup Cost": 332891.45,
          "Total Cost": 332892.06,
          "Plan Rows": 6,
          "Plan Width": 8,
          "Actual Startup Time": 914.32,
          "Actual Total Time": 992.002,
          "Actual Rows": 7,
          "Actual Loops": 1,
          "Workers Planned": 6,
          "Workers Launched": 6,
          "Single Copy": false,
          "Plans": [
            {
              "Node Type": "Aggregate",
              "Strategy": "Plain",
              "Partial Mode": "Partial",
              "Parent Relationship": "Outer",
              "Parallel Aware": false,
              "Startup Cost": 331891.45,
              "Total Cost": 331891.46,
              "Plan Rows": 1,
              "Plan Width": 8,
              "Actual Startup Time": 903.36,
              "Actual Total Time": 903.363,
              "Actual Rows": 1,
              "Actual Loops": 7,
              "Plans": [
                {
                  "Node Type": "Seq Scan",
                  "Parent Relationship": "Outer",
                  "Parallel Aware": true,
                  "Relation Name": "cast_info",
                  "Alias": "ci",
                  "Startup Cost": 0.0,
                  "Total Cost": 328211.39,
                  "Plan Rows": 1472023,
                  "Plan Width": 0,
                  "Actual Startup Time": 0.079,
                  "Actual Total Time": 824.08,
                  "Actual Rows": 1268206,
                  "Actual Loops": 7,
                  "Filter": "(person_id < 873902)",
                  "Rows Removed by Filter": 3909557
                }
              ]
            }
          ]
        }
      ]
    },
    "Planning Time": 0.221,
    "Triggers": [],
    "Execution Time": 992.098
  }
]