[
    {
        "Bao": {
            "Bao prediction": 218.958,
            "Bao recommended hint": "(no hint)"
        }
    },
    {
        "Plan": {
            "Node Type": "Aggregate",
            "Strategy": "Plain",
            "Partial Mode": "Finalize",
            "Parallel Aware": false,
            "Startup Cost": 19569.46,
            "Total Cost": 19569.47,
            "Plan Rows": 1,
            "Plan Width": 68,
            "Actual Startup Time": 135.118,
            "Actual Total Time": 141.771,
            "Actual Rows": 1,
            "Actual Loops": 1,
            "Output": [
                "min(mc.note)",
                "min(t.title)",
                "min(t.production_year)"
            ],
            "Plans": [
                {
                    "Node Type": "Gather",
                    "Parent Relationship": "Outer",
                    "Parallel Aware": false,
                    "Startup Cost": 19569.23,
                    "Total Cost": 19569.44,
                    "Plan Rows": 2,
                    "Plan Width": 68,
                    "Actual Startup Time": 129.199,
                    "Actual Total Time": 141.758,
                    "Actual Rows": 3,
                    "Actual Loops": 1,
                    "Output": [
                        "(PARTIAL min(mc.note))",
                        "(PARTIAL min(t.title))",
                        "(PARTIAL min(t.production_year))"
                    ],
                    "Workers Planned": 2,
                    "Workers Launched": 2,
                    "Single Copy": false,
                    "Plans": [
                        {
                            "Node Type": "Aggregate",
                            "Strategy": "Plain",
                            "Partial Mode": "Partial",
                            "Parent Relationship": "Outer",
                            "Parallel Aware": false,
                            "Startup Cost": 18569.23,
                            "Total Cost": 18569.24,
                            "Plan Rows": 1,
                            "Plan Width": 68,
                            "Actual Startup Time": 118.827,
                            "Actual Total Time": 118.833,
                            "Actual Rows": 1,
                            "Actual Loops": 3,
                            "Output": [
                                "PARTIAL min(mc.note)",
                                "PARTIAL min(t.title)",
                                "PARTIAL min(t.production_year)"
                            ],
                            "Workers": [
                                {
                                    "Worker Number": 0,
                                    "Actual Startup Time": 107.609,
                                    "Actual Total Time": 107.615,
                                    "Actual Rows": 1,
                                    "Actual Loops": 1
                                },
                                {
                                    "Worker Number": 1,
                                    "Actual Startup Time": 121.176,
                                    "Actual Total Time": 121.181,
                                    "Actual Rows": 1,
                                    "Actual Loops": 1
                                }
                            ],
                            "Plans": [
                                {
                                    "Node Type": "Nested Loop",
                                    "Parent Relationship": "Outer",
                                    "Parallel Aware": false,
                                    "Join Type": "Inner",
                                    "Startup Cost": 4.35,
                                    "Total Cost": 18568.97,
                                    "Plan Rows": 35,
                                    "Plan Width": 45,
                                    "Actual Startup Time": 112.571,
                                    "Actual Total Time": 118.796,
                                    "Actual Rows": 47,
                                    "Actual Loops": 3,
                                    "Output": [
                                        "mc.note",
                                        "t.title",
                                        "t.production_year"
                                    ],
                                    "Inner Unique": true,
                                    "Join Filter": "(mc.movie_id = t.id)",
                                    "Rows Removed by Join Filter": 0,
                                    "Workers": [
                                        {
                                            "Worker Number": 0,
                                            "Actual Startup Time": 107.603,
                                            "Actual Total Time": 107.61,
                                            "Actual Rows": 0,
                                            "Actual Loops": 1
                                        },
                                        {
                                            "Worker Number": 1,
                                            "Actual Startup Time": 108.96,
                                            "Actual Total Time": 121.116,
                                            "Actual Rows": 95,
                                            "Actual Loops": 1
                                        }
                                    ],
                                    "Plans": [
                                        {
                                            "Node Type": "Hash Join",
                                            "Parent Relationship": "Outer",
                                            "Parallel Aware": false,
                                            "Join Type": "Inner",
                                            "Startup Cost": 3.92,
                                            "Total Cost": 18548.3,
                                            "Plan Rows": 35,
                                            "Plan Width": 32,
                                            "Actual Startup Time": 112.513,
                                            "Actual Total Time": 117.79,
                                            "Actual Rows": 47,
                                            "Actual Loops": 3,
                                            "Output": [
                                                "mc.note",
                                                "mc.movie_id",
                                                "mi_idx.movie_id"
                                            ],
                                            "Inner Unique": true,
                                            "Hash Cond": "(mc.company_type_id = ct.id)",
                                            "Workers": [
                                                {
                                                    "Worker Number": 0,
                                                    "Actual Startup Time": 107.602,
                                                    "Actual Total Time": 107.608,
                                                    "Actual Rows": 0,
                                                    "Actual Loops": 1
                                                },
                                                {
                                                    "Worker Number": 1,
                                                    "Actual Startup Time": 108.854,
                                                    "Actual Total Time": 119.151,
                                                    "Actual Rows": 95,
                                                    "Actual Loops": 1
                                                }
                                            ],
                                            "Plans": [
                                                {
                                                    "Node Type": "Nested Loop",
                                                    "Parent Relationship": "Outer",
                                                    "Parallel Aware": false,
                                                    "Join Type": "Inner",
                                                    "Startup Cost": 2.86,
                                                    "Total Cost": 18546.47,
                                                    "Plan Rows": 142,
                                                    "Plan Width": 36,
                                                    "Actual Startup Time": 112.172,
                                                    "Actual Total Time": 117.414,
                                                    "Actual Rows": 49,
                                                    "Actual Loops": 3,
                                                    "Output": [
                                                        "mi_idx.movie_id",
                                                        "mc.note",
                                                        "mc.company_type_id",
                                                        "mc.movie_id"
                                                    ],
                                                    "Inner Unique": false,
                                                    "Workers": [
                                                        {
                                                            "Worker Number": 0,
                                                            "Actual Startup Time": 107.105,
                                                            "Actual Total Time": 107.109,
                                                            "Actual Rows": 0,
                                                            "Actual Loops": 1
                                                        },
                                                        {
                                                            "Worker Number": 1,
                                                            "Actual Startup Time": 108.506,
                                                            "Actual Total Time": 118.738,
                                                            "Actual Rows": 95,
                                                            "Actual Loops": 1
                                                        }
                                                    ],
                                                    "Plans": [
                                                        {
                                                            "Node Type": "Hash Join",
                                                            "Parent Relationship": "Outer",
                                                            "Parallel Aware": false,
                                                            "Join Type": "Inner",
                                                            "Startup Cost": 2.43,
                                                            "Total Cost": 15253.6,
                                                            "Plan Rows": 5089,
                                                            "Plan Width": 4,
                                                            "Actual Startup Time": 112.066,
                                                            "Actual Total Time": 112.139,
                                                            "Actual Rows": 83,
                                                            "Actual Loops": 3,
                                                            "Output": [
                                                                "mi_idx.movie_id"
                                                            ],
                                                            "Inner Unique": true,
                                                            "Hash Cond": "(mi_idx.info_type_id = it.id)",
                                                            "Workers": [
                                                                {
                                                                    "Worker Number": 0,
                                                                    "Actual Startup Time": 107.104,
                                                                    "Actual Total Time": 107.106,
                                                                    "Actual Rows": 0,
                                                                    "Actual Loops": 1
                                                                },
                                                                {
                                                                    "Worker Number": 1,
                                                                    "Actual Startup Time": 108.311,
                                                                    "Actual Total Time": 108.443,
                                                                    "Actual Rows": 162,
                                                                    "Actual Loops": 1
                                                                }
                                                            ],
                                                            "Plans": [
                                                                {
                                                                    "Node Type": "Seq Scan",
                                                                    "Parent Relationship": "Outer",
                                                                    "Parallel Aware": true,
                                                                    "Relation Name": "movie_info_idx",
                                                                    "Schema": "public",
                                                                    "Alias": "mi_idx",
                                                                    "Startup Cost": 0.0,
                                                                    "Total Cost": 13685.15,
                                                                    "Plan Rows": 575015,
                                                                    "Plan Width": 8,
                                                                    "Actual Startup Time": 0.056,
                                                                    "Actual Total Time": 62.944,
                                                                    "Actual Rows": 460012,
                                                                    "Actual Loops": 3,
                                                                    "Output": [
                                                                        "mi_idx.id",
                                                                        "mi_idx.movie_id",
                                                                        "mi_idx.info_type_id",
                                                                        "mi_idx.info",
                                                                        "mi_idx.note"
                                                                    ],
                                                                    "Workers": [
                                                                        {
                                                                            "Worker Number": 0,
                                                                            "Actual Startup Time": 0.102,
                                                                            "Actual Total Time": 60.778,
                                                                            "Actual Rows": 437231,
                                                                            "Actual Loops": 1
                                                                        },
                                                                        {
                                                                            "Worker Number": 1,
                                                                            "Actual Startup Time": 0.053,
                                                                            "Actual Total Time": 60.987,
                                                                            "Actual Rows": 458298,
                                                                            "Actual Loops": 1
                                                                        }
                                                                    ]
                                                                },
                                                                {
                                                                    "Node Type": "Hash",
                                                                    "Parent Relationship": "Inner",
                                                                    "Parallel Aware": false,
                                                                    "Startup Cost": 2.41,
                                                                    "Total Cost": 2.41,
                                                                    "Plan Rows": 1,
                                                                    "Plan Width": 4,
                                                                    "Actual Startup Time": 0.076,
                                                                    "Actual Total Time": 0.077,
                                                                    "Actual Rows": 1,
                                                                    "Actual Loops": 3,
                                                                    "Output": [
                                                                        "it.id"
                                                                    ],
                                                                    "Hash Buckets": 1024,
                                                                    "Original Hash Buckets": 1024,
                                                                    "Hash Batches": 1,
                                                                    "Original Hash Batches": 1,
                                                                    "Peak Memory Usage": 9,
                                                                    "Workers": [
                                                                        {
                                                                            "Worker Number": 0,
                                                                            "Actual Startup Time": 0.101,
                                                                            "Actual Total Time": 0.102,
                                                                            "Actual Rows": 1,
                                                                            "Actual Loops": 1
                                                                        },
                                                                        {
                                                                            "Worker Number": 1,
                                                                            "Actual Startup Time": 0.076,
                                                                            "Actual Total Time": 0.077,
                                                                            "Actual Rows": 1,
                                                                            "Actual Loops": 1
                                                                        }
                                                                    ],
                                                                    "Plans": [
                                                                        {
                                                                            "Node Type": "Seq Scan",
                                                                            "Parent Relationship": "Outer",
                                                                            "Parallel Aware": false,
                                                                            "Relation Name": "info_type",
                                                                            "Schema": "public",
                                                                            "Alias": "it",
                                                                            "Startup Cost": 0.0,
                                                                            "Total Cost": 2.41,
                                                                            "Plan Rows": 1,
                                                                            "Plan Width": 4,
                                                                            "Actual Startup Time": 0.063,
                                                                            "Actual Total Time": 0.065,
                                                                            "Actual Rows": 1,
                                                                            "Actual Loops": 3,
                                                                            "Output": [
                                                                                "it.id"
                                                                            ],
                                                                            "Filter": "((it.info)::text = 'top 250 rank'::text)",
                                                                            "Rows Removed by Filter": 112,
                                                                            "Workers": [
                                                                                {
                                                                                    "Worker Number": 0,
                                                                                    "Actual Startup Time": 0.087,
                                                                                    "Actual Total Time": 0.089,
                                                                                    "Actual Rows": 1,
                                                                                    "Actual Loops": 1
                                                                                },
                                                                                {
                                                                                    "Worker Number": 1,
                                                                                    "Actual Startup Time": 0.065,
                                                                                    "Actual Total Time": 0.067,
                                                                                    "Actual Rows": 1,
                                                                                    "Actual Loops": 1
                                                                                }
                                                                            ]
                                                                        }
                                                                    ]
                                                                }
                                                            ]
                                                        },
                                                        {
                                                            "Node Type": "Index Scan",
                                                            "Parent Relationship": "Inner",
                                                            "Parallel Aware": false,
                                                            "Scan Direction": "Forward",
                                                            "Index Name": "movie_id_movie_companies",
                                                            "Relation Name": "movie_companies",
                                                            "Schema": "public",
                                                            "Alias": "mc",
                                                            "Startup Cost": 0.43,
                                                            "Total Cost": 0.64,
                                                            "Plan Rows": 1,
                                                            "Plan Width": 32,
                                                            "Actual Startup Time": 0.062,
                                                            "Actual Total Time": 0.062,
                                                            "Actual Rows": 1,
                                                            "Actual Loops": 250,
                                                            "Output": [
                                                                "mc.id",
                                                                "mc.movie_id",
                                                                "mc.company_id",
                                                                "mc.company_type_id",
                                                                "mc.note"
                                                            ],
                                                            "Index Cond": "(mc.movie_id = mi_idx.movie_id)",
                                                            "Rows Removed by Index Recheck": 0,
                                                            "Filter": "((mc.note !~~ '%(as Metro-Goldwyn-Mayer Pictures)%'::text) AND ((mc.note ~~ '%(co-production)%'::text) OR (mc.note ~~ '%(presents)%'::text)))",
                                                            "Rows Removed by Filter": 33,
                                                            "Workers": [
                                                                {
                                                                    "Worker Number": 1,
                                                                    "Actual Startup Time": 0.062,
                                                                    "Actual Total Time": 0.063,
                                                                    "Actual Rows": 1,
                                                                    "Actual Loops": 162
                                                                }
                                                            ]
                                                        }
                                                    ]
                                                },
                                                {
                                                    "Node Type": "Hash",
                                                    "Parent Relationship": "Inner",
                                                    "Parallel Aware": false,
                                                    "Startup Cost": 1.05,
                                                    "Total Cost": 1.05,
                                                    "Plan Rows": 1,
                                                    "Plan Width": 4,
                                                    "Actual Startup Time": 0.066,
                                                    "Actual Total Time": 0.067,
                                                    "Actual Rows": 1,
                                                    "Actual Loops": 3,
                                                    "Output": [
                                                        "ct.id"
                                                    ],
                                                    "Hash Buckets": 1024,
                                                    "Original Hash Buckets": 1024,
                                                    "Hash Batches": 1,
                                                    "Original Hash Batches": 1,
                                                    "Peak Memory Usage": 9,
                                                    "Workers": [
                                                        {
                                                            "Worker Number": 0,
                                                            "Actual Startup Time": 0.087,
                                                            "Actual Total Time": 0.088,
                                                            "Actual Rows": 1,
                                                            "Actual Loops": 1
                                                        },
                                                        {
                                                            "Worker Number": 1,
                                                            "Actual Startup Time": 0.067,
                                                            "Actual Total Time": 0.067,
                                                            "Actual Rows": 1,
                                                            "Actual Loops": 1
                                                        }
                                                    ],
                                                    "Plans": [
                                                        {
                                                            "Node Type": "Seq Scan",
                                                            "Parent Relationship": "Outer",
                                                            "Parallel Aware": false,
                                                            "Relation Name": "company_type",
                                                            "Schema": "public",
                                                            "Alias": "ct",
                                                            "Startup Cost": 0.0,
                                                            "Total Cost": 1.05,
                                                            "Plan Rows": 1,
                                                            "Plan Width": 4,
                                                            "Actual Startup Time": 0.044,
                                                            "Actual Total Time": 0.048,
                                                            "Actual Rows": 1,
                                                            "Actual Loops": 3,
                                                            "Output": [
                                                                "ct.id"
                                                            ],
                                                            "Filter": "((ct.kind)::text = 'production companies'::text)",
                                                            "Rows Removed by Filter": 3,
                                                            "Workers": [
                                                                {
                                                                    "Worker Number": 0,
                                                                    "Actual Startup Time": 0.061,
                                                                    "Actual Total Time": 0.065,
                                                                    "Actual Rows": 1,
                                                                    "Actual Loops": 1
                                                                },
                                                                {
                                                                    "Worker Number": 1,
                                                                    "Actual Startup Time": 0.046,
                                                                    "Actual Total Time": 0.049,
                                                                    "Actual Rows": 1,
                                                                    "Actual Loops": 1
                                                                }
                                                            ]
                                                        }
                                                    ]
                                                }
                                            ]
                                        },
                                        {
                                            "Node Type": "Index Scan",
                                            "Parent Relationship": "Inner",
                                            "Parallel Aware": false,
                                            "Scan Direction": "Forward",
                                            "Index Name": "title_pkey",
                                            "Relation Name": "title",
                                            "Schema": "public",
                                            "Alias": "t",
                                            "Startup Cost": 0.43,
                                            "Total Cost": 0.58,
                                            "Plan Rows": 1,
                                            "Plan Width": 25,
                                            "Actual Startup Time": 0.02,
                                            "Actual Total Time": 0.02,
                                            "Actual Rows": 1,
                                            "Actual Loops": 142,
                                            "Output": [
                                                "t.id",
                                                "t.title",
                                                "t.imdb_index",
                                                "t.kind_id",
                                                "t.production_year",
                                                "t.imdb_id",
                                                "t.phonetic_code",
                                                "t.episode_of_id",
                                                "t.season_nr",
                                                "t.episode_nr",
                                                "t.series_years",
                                                "t.md5sum"
                                            ],
                                            "Index Cond": "(t.id = mi_idx.movie_id)",
                                            "Rows Removed by Index Recheck": 0,
                                            "Workers": [
                                                {
                                                    "Worker Number": 1,
                                                    "Actual Startup Time": 0.02,
                                                    "Actual Total Time": 0.02,
                                                    "Actual Rows": 1,
                                                    "Actual Loops": 95
                                                }
                                            ]
                                        }
                                    ]
                                }
                            ]
                        }
                    ]
                }
            ]
        },
        "Planning Time": 2465.63,
        "Triggers": [],
        "Execution Time": 142.493
    }
]