[
  {
    "Plan": {
      "Node Type": "Aggregate",
      "Strategy": "Plain",
      "Partial Mode": "Finalize",
      "Parallel Aware": false,
      "Startup Cost": 31173.88,
      "Total Cost": 31173.89,
      "Plan Rows": 1,
      "Plan Width": 8,
      "Actual Startup Time": 109.049,
      "Actual Total Time": 116.718,
      "Actual Rows": 1,
      "Actual Loops": 1,
      "Plans": [
        {
          "Node Type": "Gather",
          "Parent Relationship": "Outer",
          "Parallel Aware": false,
          "Startup Cost": 31173.57,
          "Total Cost": 31173.88,
          "Plan Rows": 3,
          "Plan Width": 8,
          "Actual Startup Time": 108.969,
          "Actual Total Time": 116.71,
          "Actual Rows": 4,
          "Actual Loops": 1,
          "Workers Planned": 3,
          "Workers Launched": 3,
          "Single Copy": false,
          "Plans": [
            {
              "Node Type": "Aggregate",
              "Strategy": "Plain",
              "Partial Mode": "Partial",
              "Parent Relationship": "Outer",
              "Parallel Aware": false,
              "Startup Cost": 30173.57,
              "Total Cost": 30173.58,
              "Plan Rows": 1,
              "Plan Width": 8,
              "Actual Startup Time": 101.387,
              "Actual Total Time": 101.388,
              "Actual Rows": 1,
              "Actual Loops": 4,
              "Plans": [
                {
                  "Node Type": "Seq Scan",
                  "Parent Relationship": "Outer",
                  "Parallel Aware": true,
                  "Relation Name": "movie_companies",
                  "Alias": "mc",
                  "Startup Cost": 0.0,
                  "Total Cost": 29310.68,
                  "Plan Rows": 345154,
                  "Plan Width": 0,
                  "Actual Startup Time": 21.824,
                  "Actual Total Time": 87.306,
                  "Actual Rows": 269526,
                  "Actual Loops": 4,
                  "Filter": "(company_id > 14405)",
                  "Rows Removed by Filter": 382756
                }
              ]
            }
          ]
        }
      ]
    },
    "Planning Time": 0.185,
    "Triggers": [],
    "Execution Time": 116.775
  }
]