[
  {
    "Plan": {
      "Node Type": "Aggregate",
      "Strategy": "Plain",
      "Partial Mode": "Finalize",
      "Parallel Aware": false,
      "Startup Cost": 341684.25,
      "Total Cost": 341684.26,
      "Plan Rows": 1,
      "Plan Width": 8,
      "Actual Startup Time": 907.329,
      "Actual Total Time": 967.718,
      "Actual Rows": 1,
      "Actual Loops": 1,
      "Plans": [
        {
          "Node Type": "Gather",
          "Parent Relationship": "Outer",
          "Parallel Aware": false,
          "Startup Cost": 341683.62,
          "Total Cost": 341684.23,
          "Plan Rows": 6,
          "Plan Width": 8,
          "Actual Startup Time": 907.215,
          "Actual Total Time": 967.706,
          "Actual Rows": 7,
          "Actual Loops": 1,
          "Workers Planned": 6,
          "Workers Launched": 6,
          "Single Copy": false,
          "Plans": [
            {
              "Node Type": "Aggregate",
              "Strategy": "Plain",
              "Partial Mode": "Partial",
              "Parent Relationship": "Outer",
              "Parallel Aware": false,
              "Startup Cost": 340683.62,
              "Total Cost": 340683.63,
              "Plan Rows": 1,
              "Plan Width": 8,
              "Actual Startup Time": 898.874,
              "Actual Total Time": 898.875,
              "Actual Rows": 1,
              "Actual Loops": 7,
              "Plans": [
                {
                  "Node Type": "Seq Scan",
                  "Parent Relationship": "Outer",
                  "Parallel Aware": true,
                  "Relation Name": "cast_info",
                  "Alias": "ci",
                  "Startup Cost": 0.0,
                  "Total Cost": 328162.03,
                  "Plan Rows": 5008639,
                  "Plan Width": 0,
                  "Actual Startup Time": 0.043,
                  "Actual Total Time": 691.134,
                  "Actual Rows": 4318782,
                  "Actual Loops": 7,
                  "Filter": "(person_id < 3046026)",
                  "Rows Removed by Filter": 858982
                }
              ]
            }
          ]
        }
      ]
    },
    "Planning Time": 0.164,
    "Triggers": [],
    "Execution Time": 967.78
  }
]