{
  "Plan": {
    "Node Type": "Aggregate",
    "Strategy": "Plain",
    "Partial Mode": "Finalize",
    "Parallel Aware": false,
    "Startup Cost": 542338.67,
    "Total Cost": 542338.68,
    "Plan Rows": 1,
    "Plan Width": 8,
    "Actual Startup Time": 2604.481,
    "Actual Total Time": 2639.163,
    "Actual Rows": 1,
    "Actual Loops": 1,
    "Plans": [
      {
        "Node Type": "Gather",
        "Parent Relationship": "Outer",
        "Parallel Aware": false,
        "Startup Cost": 542338.56,
        "Total Cost": 542338.67,
        "Plan Rows": 1,
        "Plan Width": 8,
        "Actual Startup Time": 2599.303,
        "Actual Total Time": 2639.155,
        "Actual Rows": 2,
        "Actual Loops": 1,
        "Workers Planned": 1,
        "Workers Launched": 1,
        "Single Copy": false,
        "Plans": [
          {
            "Node Type": "Aggregate",
            "Strategy": "Plain",
            "Partial Mode": "Partial",
            "Parent Relationship": "Outer",
            "Parallel Aware": false,
            "Startup Cost": 541338.56,
            "Total Cost": 541338.57,
            "Plan Rows": 1,
            "Plan Width": 8,
            "Actual Startup Time": 2583.978,
            "Actual Total Time": 2583.982,
            "Actual Rows": 1,
            "Actual Loops": 2,
            "Plans": [
              {
                "Node Type": "Hash Join",
                "Parent Relationship": "Outer",
                "Parallel Aware": true,
                "Join Type": "Inner",
                "Startup Cost": 218630.92,
                "Total Cost": 531406.56,
                "Plan Rows": 3972801,
                "Plan Width": 0,
                "Actual Startup Time": 797.502,
                "Actual Total Time": 2447.591,
                "Actual Rows": 3296942,
                "Actual Loops": 2,
                "Inner Unique": true,
                "Hash Cond": "(ci.movie_id = t.id)",
                "Plans": [
                  {
                    "Node Type": "Bitmap Heap Scan",
                    "Parent Relationship": "Outer",
                    "Parallel Aware": true,
                    "Relation Name": "cast_info",
                    "Alias": "ci",
                    "Startup Cost": 149170.22,
                    "Total Cost": 451517.24,
                    "Plan Rows": 3972801,
                    "Plan Width": 4,
                    "Actual Startup Time": 268.416,
                    "Actual Total Time": 625.193,
                    "Actual Rows": 3296942,
                    "Actual Loops": 2,
                    "Recheck Cond": "(person_id > 2999441)",
                    "Rows Removed by Index Recheck": 0,
                    "Exact Heap Blocks": 42951,
                    "Lossy Heap Blocks": 0,
                    "Plans": [
                      {
                        "Node Type": "Bitmap Index Scan",
                        "Parent Relationship": "Outer",
                        "Parallel Aware": false,
                        "Index Name": "person_id_cast_info",
                        "Startup Cost": 0.0,
                        "Total Cost": 147481.78,
                        "Plan Rows": 6753762,
                        "Plan Width": 0,
                        "Actual Startup Time": 253.83,
                        "Actual Total Time": 253.831,
                        "Actual Rows": 6593885,
                        "Actual Loops": 1,
                        "Index Cond": "(person_id > 2999441)"
                      }
                    ]
                  },
                  {
                    "Node Type": "Hash",
                    "Parent Relationship": "Inner",
                    "Parallel Aware": true,
                    "Startup Cost": 50870.31,
                    "Total Cost": 50870.31,
                    "Plan Rows": 1487231,
                    "Plan Width": 4,
                    "Actual Startup Time": 505.711,
                    "Actual Total Time": 505.712,
                    "Actual Rows": 1264156,
                    "Actual Loops": 2,
                    "Hash Buckets": 4194304,
                    "Original Hash Buckets": 4194304,
                    "Hash Batches": 1,
                    "Original Hash Batches": 1,
                    "Peak Memory Usage": 131712,
                    "Plans": [
                      {
                        "Node Type": "Seq Scan",
                        "Parent Relationship": "Outer",
                        "Parallel Aware": true,
                        "Relation Name": "title",
                        "Alias": "t",
                        "Startup Cost": 0.0,
                        "Total Cost": 50870.31,
                        "Plan Rows": 1487231,
                        "Plan Width": 4,
                        "Actual Startup Time": 0.033,
                        "Actual Total Time": 154.518,
                        "Actual Rows": 1264156,
                        "Actual Loops": 2
                      }
                    ]
                  }
                ]
              }
            ]
          }
        ]
      }
    ]
  },
  "Planning Time": 0.8,
  "Triggers": [],
  "Execution Time": 2639.273
}