{
  "Plan": {
    "Node Type": "Aggregate",
    "Strategy": "Plain",
    "Partial Mode": "Finalize",
    "Parallel Aware": false,
    "Startup Cost": 100271.45,
    "Total Cost": 100271.46,
    "Plan Rows": 1,
    "Plan Width": 8,
    "Actual Startup Time": 329.027,
    "Actual Total Time": 338.532,
    "Actual Rows": 1,
    "Actual Loops": 1,
    "Plans": [
      {
        "Node Type": "Gather",
        "Parent Relationship": "Outer",
        "Parallel Aware": false,
        "Startup Cost": 100271.34,
        "Total Cost": 100271.45,
        "Plan Rows": 1,
        "Plan Width": 8,
        "Actual Startup Time": 328.077,
        "Actual Total Time": 338.525,
        "Actual Rows": 2,
        "Actual Loops": 1,
        "Workers Planned": 1,
        "Workers Launched": 1,
        "Single Copy": false,
        "Plans": [
          {
            "Node Type": "Aggregate",
            "Strategy": "Plain",
            "Partial Mode": "Partial",
            "Parent Relationship": "Outer",
            "Parallel Aware": false,
            "Startup Cost": 99271.34,
            "Total Cost": 99271.35,
            "Plan Rows": 1,
            "Plan Width": 8,
            "Actual Startup Time": 321.918,
            "Actual Total Time": 321.922,
            "Actual Rows": 1,
            "Actual Loops": 2,
            "Plans": [
              {
                "Node Type": "Hash Join",
                "Parent Relationship": "Outer",
                "Parallel Aware": true,
                "Join Type": "Inner",
                "Startup Cost": 56755.79,
                "Total Cost": 99146.59,
                "Plan Rows": 49898,
                "Plan Width": 0,
                "Actual Startup Time": 220.377,
                "Actual Total Time": 317.85,
                "Actual Rows": 96015,
                "Actual Loops": 2,
                "Inner Unique": true,
                "Hash Cond": "(mc.movie_id = t.id)",
                "Plans": [
                  {
                    "Node Type": "Index Scan",
                    "Parent Relationship": "Outer",
                    "Parallel Aware": true,
                    "Scan Direction": "Forward",
                    "Index Name": "company_type_id_movie_companies",
                    "Relation Name": "movie_companies",
                    "Alias": "mc",
                    "Startup Cost": 0.43,
                    "Total Cost": 41574.35,
                    "Plan Rows": 311191,
                    "Plan Width": 4,
                    "Actual Startup Time": 0.037,
                    "Actual Total Time": 99.706,
                    "Actual Rows": 369076,
                    "Actual Loops": 2,
                    "Index Cond": "(company_type_id < 2)",
                    "Rows Removed by Index Recheck": 0,
                    "Filter": "(company_id < 6709)",
                    "Rows Removed by Filter": 268046
                  },
                  {
                    "Node Type": "Hash",
                    "Parent Relationship": "Inner",
                    "Parallel Aware": true,
                    "Startup Cost": 53774.46,
                    "Total Cost": 53774.46,
                    "Plan Rows": 238472,
                    "Plan Width": 4,
                    "Actual Startup Time": 150.408,
                    "Actual Total Time": 150.41,
                    "Actual Rows": 228073,
                    "Actual Loops": 2,
                    "Hash Buckets": 524288,
                    "Original Hash Buckets": 524288,
                    "Hash Batches": 1,
                    "Original Hash Batches": 1,
                    "Peak Memory Usage": 21984,
                    "Plans": [
                      {
                        "Node Type": "Bitmap Heap Scan",
                        "Parent Relationship": "Outer",
                        "Parallel Aware": true,
                        "Relation Name": "title",
                        "Alias": "t",
                        "Startup Cost": 11924.2,
                        "Total Cost": 53774.46,
                        "Plan Rows": 238472,
                        "Plan Width": 4,
                        "Actual Startup Time": 36.349,
                        "Actual Total Time": 103.769,
                        "Actual Rows": 228073,
                        "Actual Loops": 2,
                        "Recheck Cond": "(kind_id = 1)",
                        "Rows Removed by Index Recheck": 0,
                        "Filter": "(production_year < 2007)",
                        "Rows Removed by Filter": 103340,
                        "Exact Heap Blocks": 8044,
                        "Lossy Heap Blocks": 0,
                        "Plans": [
                          {
                            "Node Type": "Bitmap Index Scan",
                            "Parent Relationship": "Outer",
                            "Parallel Aware": false,
                            "Index Name": "kind_id_title",
                            "Startup Cost": 0.0,
                            "Total Cost": 11822.85,
                            "Plan Rows": 663256,
                            "Plan Width": 0,
                            "Actual Startup Time": 34.675,
                            "Actual Total Time": 34.675,
                            "Actual Rows": 662825,
                            "Actual Loops": 1,
                            "Index Cond": "(kind_id = 1)"
                          }
                        ]
                      }
                    ]
                  }
                ]
              }
            ]
          }
        ]
      }
    ]
  },
  "Planning Time": 0.711,
  "Triggers": [],
  "Execution Time": 338.623
}