[
  {
    "Plan": {
      "Node Type": "Aggregate",
      "Strategy": "Plain",
      "Partial Mode": "Finalize",
      "Parallel Aware": false,
      "Startup Cost": 73177.37,
      "Total Cost": 73177.38,
      "Plan Rows": 1,
      "Plan Width": 8,
      "Actual Startup Time": 115.197,
      "Actual Total Time": 130.438,
      "Actual Rows": 1,
      "Actual Loops": 1,
      "Plans": [
        {
          "Node Type": "Gather",
          "Parent Relationship": "Outer",
          "Parallel Aware": false,
          "Startup Cost": 73176.95,
          "Total Cost": 73177.36,
          "Plan Rows": 4,
          "Plan Width": 8,
          "Actual Startup Time": 115.029,
          "Actual Total Time": 130.429,
          "Actual Rows": 5,
          "Actual Loops": 1,
          "Workers Planned": 4,
          "Workers Launched": 4,
          "Single Copy": false,
          "Plans": [
            {
              "Node Type": "Aggregate",
              "Strategy": "Plain",
              "Partial Mode": "Partial",
              "Parent Relationship": "Outer",
              "Parallel Aware": false,
              "Startup Cost": 72176.95,
              "Total Cost": 72176.96,
              "Plan Rows": 1,
              "Plan Width": 8,
              "Actual Startup Time": 106.105,
              "Actual Total Time": 106.107,
              "Actual Rows": 1,
              "Actual Loops": 5,
              "Plans": [
                {
                  "Node Type": "Nested Loop",
                  "Parent Relationship": "Outer",
                  "Parallel Aware": false,
                  "Join Type": "Inner",
                  "Startup Cost": 0.43,
                  "Total Cost": 72168.48,
                  "Plan Rows": 3388,
                  "Plan Width": 0,
                  "Actual Startup Time": 61.056,
                  "Actual Total Time": 105.762,
                  "Actual Rows": 3963,
                  "Actual Loops": 5,
                  "Inner Unique": false,
                  "Plans": [
                    {
                      "Node Type": "Seq Scan",
                      "Parent Relationship": "Outer",
                      "Parallel Aware": true,
                      "Relation Name": "title",
                      "Alias": "t",
                      "Startup Cost": 0.0,
                      "Total Cost": 45479.1,
                      "Plan Rows": 3366,
                      "Plan Width": 4,
                      "Actual Startup Time": 60.951,
                      "Actual Total Time": 88.146,
                      "Actual Rows": 1620,
                      "Actual Loops": 5,
                      "Filter": "((kind_id = 1) AND (production_year = 2000))",
                      "Rows Removed by Filter": 504042
                    },
                    {
                      "Node Type": "Index Scan",
                      "Parent Relationship": "Inner",
                      "Parallel Aware": false,
                      "Scan Direction": "Forward",
                      "Index Name": "movie_id_movie_companies",
                      "Relation Name": "movie_companies",
                      "Alias": "mc",
                      "Startup Cost": 0.43,
                      "Total Cost": 7.88,
                      "Plan Rows": 5,
                      "Plan Width": 4,
                      "Actual Startup Time": 0.009,
                      "Actual Total Time": 0.01,
                      "Actual Rows": 2,
                      "Actual Loops": 8100,
                      "Index Cond": "(movie_id = t.id)",
                      "Rows Removed by Index Recheck": 0,
                      "Filter": "(company_id > 6)",
                      "Rows Removed by Filter": 0
                    }
                  ]
                }
              ]
            }
          ]
        }
      ]
    },
    "Planning Time": 0.92,
    "Triggers": [],
    "Execution Time": 130.5
  }
]