[
  {
    "Plan": {
      "Node Type": "Aggregate",
      "Strategy": "Plain",
      "Partial Mode": "Finalize",
      "Parallel Aware": false,
      "Startup Cost": 128823.7,
      "Total Cost": 128823.71,
      "Plan Rows": 1,
      "Plan Width": 8,
      "Actual Startup Time": 197.356,
      "Actual Total Time": 215.523,
      "Actual Rows": 1,
      "Actual Loops": 1,
      "Plans": [
        {
          "Node Type": "Gather",
          "Parent Relationship": "Outer",
          "Parallel Aware": false,
          "Startup Cost": 128823.18,
          "Total Cost": 128823.69,
          "Plan Rows": 5,
          "Plan Width": 8,
          "Actual Startup Time": 197.227,
          "Actual Total Time": 215.511,
          "Actual Rows": 6,
          "Actual Loops": 1,
          "Workers Planned": 5,
          "Workers Launched": 5,
          "Single Copy": false,
          "Plans": [
            {
              "Node Type": "Aggregate",
              "Strategy": "Plain",
              "Partial Mode": "Partial",
              "Parent Relationship": "Outer",
              "Parallel Aware": false,
              "Startup Cost": 127823.18,
              "Total Cost": 127823.19,
              "Plan Rows": 1,
              "Plan Width": 8,
              "Actual Startup Time": 186.605,
              "Actual Total Time": 186.606,
              "Actual Rows": 1,
              "Actual Loops": 6,
              "Plans": [
                {
                  "Node Type": "Index Scan",
                  "Parent Relationship": "Outer",
                  "Parallel Aware": true,
                  "Scan Direction": "Forward",
                  "Index Name": "role_id_cast_info",
                  "Relation Name": "cast_info",
                  "Alias": "ci",
                  "Startup Cost": 0.56,
                  "Total Cost": 126672.01,
                  "Plan Rows": 460469,
                  "Plan Width": 0,
                  "Actual Startup Time": 0.278,
                  "Actual Total Time": 179.087,
                  "Actual Rows": 129372,
                  "Actual Loops": 6,
                  "Index Cond": "(role_id > 9)",
                  "Rows Removed by Index Recheck": 0,
                  "Filter": "(person_id < 1800673)",
                  "Rows Removed by Filter": 643817
                }
              ]
            }
          ]
        }
      ]
    },
    "Planning Time": 0.239,
    "Triggers": [],
    "Execution Time": 215.598
  }
]