{
  "Plan": {
    "Node Type": "Aggregate",
    "Strategy": "Plain",
    "Partial Mode": "Finalize",
    "Parallel Aware": false,
    "Startup Cost": 100855.12,
    "Total Cost": 100855.13,
    "Plan Rows": 1,
    "Plan Width": 8,
    "Actual Startup Time": 368.693,
    "Actual Total Time": 383.663,
    "Actual Rows": 1,
    "Actual Loops": 1,
    "Plans": [
      {
        "Node Type": "Gather",
        "Parent Relationship": "Outer",
        "Parallel Aware": false,
        "Startup Cost": 100855.0,
        "Total Cost": 100855.11,
        "Plan Rows": 1,
        "Plan Width": 8,
        "Actual Startup Time": 368.477,
        "Actual Total Time": 383.656,
        "Actual Rows": 2,
        "Actual Loops": 1,
        "Workers Planned": 1,
        "Workers Launched": 1,
        "Single Copy": false,
        "Plans": [
          {
            "Node Type": "Aggregate",
            "Strategy": "Plain",
            "Partial Mode": "Partial",
            "Parent Relationship": "Outer",
            "Parallel Aware": false,
            "Startup Cost": 99855.0,
            "Total Cost": 99855.01,
            "Plan Rows": 1,
            "Plan Width": 8,
            "Actual Startup Time": 362.795,
            "Actual Total Time": 362.798,
            "Actual Rows": 1,
            "Actual Loops": 2,
            "Plans": [
              {
                "Node Type": "Hash Join",
                "Parent Relationship": "Outer",
                "Parallel Aware": true,
                "Join Type": "Inner",
                "Startup Cost": 58741.53,
                "Total Cost": 99786.57,
                "Plan Rows": 27372,
                "Plan Width": 0,
                "Actual Startup Time": 151.529,
                "Actual Total Time": 362.403,
                "Actual Rows": 8434,
                "Actual Loops": 2,
                "Inner Unique": true,
                "Hash Cond": "(mc.movie_id = t.id)",
                "Plans": [
                  {
                    "Node Type": "Seq Scan",
                    "Parent Relationship": "Outer",
                    "Parallel Aware": true,
                    "Relation Name": "movie_companies",
                    "Alias": "mc",
                    "Startup Cost": 0.0,
                    "Total Cost": 37974.77,
                    "Plan Rows": 1169627,
                    "Plan Width": 4,
                    "Actual Startup Time": 0.014,
                    "Actual Total Time": 118.142,
                    "Actual Rows": 988172,
                    "Actual Loops": 2,
                    "Filter": "(company_id < 58920)",
                    "Rows Removed by Filter": 316392
                  },
                  {
                    "Node Type": "Hash",
                    "Parent Relationship": "Inner",
                    "Parallel Aware": true,
                    "Startup Cost": 58306.47,
                    "Total Cost": 58306.47,
                    "Plan Rows": 34805,
                    "Plan Width": 4,
                    "Actual Startup Time": 149.842,
                    "Actual Total Time": 149.843,
                    "Actual Rows": 31376,
                    "Actual Loops": 2,
                    "Hash Buckets": 65536,
                    "Original Hash Buckets": 65536,
                    "Hash Batches": 1,
                    "Original Hash Batches": 1,
                    "Peak Memory Usage": 2976,
                    "Plans": [
                      {
                        "Node Type": "Seq Scan",
                        "Parent Relationship": "Outer",
                        "Parallel Aware": true,
                        "Relation Name": "title",
                        "Alias": "t",
                        "Startup Cost": 0.0,
                        "Total Cost": 58306.47,
                        "Plan Rows": 34805,
                        "Plan Width": 4,
                        "Actual Startup Time": 0.06,
                        "Actual Total Time": 140.79,
                        "Actual Rows": 31376,
                        "Actual Loops": 2,
                        "Filter": "((kind_id = 7) AND (production_year = 2005))",
                        "Rows Removed by Filter": 1232780
                      }
                    ]
                  }
                ]
              }
            ]
          }
        ]
      }
    ]
  },
  "Planning Time": 0.473,
  "Triggers": [],
  "Execution Time": 383.738
}