[
  {
    "Plan": {
      "Node Type": "Aggregate",
      "Strategy": "Plain",
      "Partial Mode": "Finalize",
      "Parallel Aware": false,
      "Startup Cost": 121406.6,
      "Total Cost": 121406.61,
      "Plan Rows": 1,
      "Plan Width": 8,
      "Actual Startup Time": 195.524,
      "Actual Total Time": 206.652,
      "Actual Rows": 1,
      "Actual Loops": 1,
      "Plans": [
        {
          "Node Type": "Gather",
          "Parent Relationship": "Outer",
          "Parallel Aware": false,
          "Startup Cost": 121406.08,
          "Total Cost": 121406.59,
          "Plan Rows": 5,
          "Plan Width": 8,
          "Actual Startup Time": 195.437,
          "Actual Total Time": 206.642,
          "Actual Rows": 6,
          "Actual Loops": 1,
          "Workers Planned": 5,
          "Workers Launched": 5,
          "Single Copy": false,
          "Plans": [
            {
              "Node Type": "Aggregate",
              "Strategy": "Plain",
              "Partial Mode": "Partial",
              "Parent Relationship": "Outer",
              "Parallel Aware": false,
              "Startup Cost": 120406.08,
              "Total Cost": 120406.09,
              "Plan Rows": 1,
              "Plan Width": 8,
              "Actual Startup Time": 185.874,
              "Actual Total Time": 185.876,
              "Actual Rows": 1,
              "Actual Loops": 6,
              "Plans": [
                {
                  "Node Type": "Index Scan",
                  "Parent Relationship": "Outer",
                  "Parallel Aware": true,
                  "Scan Direction": "Forward",
                  "Index Name": "role_id_cast_info",
                  "Relation Name": "cast_info",
                  "Alias": "ci",
                  "Startup Cost": 0.56,
                  "Total Cost": 119623.46,
                  "Plan Rows": 313050,
                  "Plan Width": 0,
                  "Actual Startup Time": 0.375,
                  "Actual Total Time": 158.025,
                  "Actual Rows": 570984,
                  "Actual Loops": 6,
                  "Index Cond": "(role_id = 10)",
                  "Rows Removed by Index Recheck": 0,
                  "Filter": "(person_id > 2389043)",
                  "Rows Removed by Filter": 149519
                }
              ]
            }
          ]
        }
      ]
    },
    "Planning Time": 0.242,
    "Triggers": [],
    "Execution Time": 206.723
  }
]