[
  {
    "Plan": {
      "Node Type": "Aggregate",
      "Strategy": "Plain",
      "Partial Mode": "Finalize",
      "Parallel Aware": false,
      "Startup Cost": 32767.28,
      "Total Cost": 32767.29,
      "Plan Rows": 1,
      "Plan Width": 8,
      "Actual Startup Time": 95.352,
      "Actual Total Time": 104.466,
      "Actual Rows": 1,
      "Actual Loops": 1,
      "Plans": [
        {
          "Node Type": "Gather",
          "Parent Relationship": "Outer",
          "Parallel Aware": false,
          "Startup Cost": 32766.96,
          "Total Cost": 32767.27,
          "Plan Rows": 3,
          "Plan Width": 8,
          "Actual Startup Time": 95.25,
          "Actual Total Time": 104.458,
          "Actual Rows": 4,
          "Actual Loops": 1,
          "Workers Planned": 3,
          "Workers Launched": 3,
          "Single Copy": false,
          "Plans": [
            {
              "Node Type": "Aggregate",
              "Strategy": "Plain",
              "Partial Mode": "Partial",
              "Parent Relationship": "Outer",
              "Parallel Aware": false,
              "Startup Cost": 31766.96,
              "Total Cost": 31766.97,
              "Plan Rows": 1,
              "Plan Width": 8,
              "Actual Startup Time": 88.695,
              "Actual Total Time": 88.696,
              "Actual Rows": 1,
              "Actual Loops": 4,
              "Plans": [
                {
                  "Node Type": "Seq Scan",
                  "Parent Relationship": "Outer",
                  "Parallel Aware": true,
                  "Relation Name": "movie_companies",
                  "Alias": "mc",
                  "Startup Cost": 0.0,
                  "Total Cost": 31414.82,
                  "Plan Rows": 140857,
                  "Plan Width": 0,
                  "Actual Startup Time": 0.04,
                  "Actual Total Time": 78.171,
                  "Actual Rows": 156318,
                  "Actual Loops": 4,
                  "Filter": "((company_id < 2652) AND (company_type_id < 2))",
                  "Rows Removed by Filter": 495964
                }
              ]
            }
          ]
        }
      ]
    },
    "Planning Time": 0.264,
    "Triggers": [],
    "Execution Time": 104.525
  }
]