{
    "Plan": {
        "Node Type": "Aggregate",
        "Strategy": "Plain",
        "Partial Mode": "Finalize",
        "Parallel Aware": false,
        "Startup Cost": 249595.93,
        "Total Cost": 249595.94,
        "Plan Rows": 1,
        "Plan Width": 8,
        "Actual Startup Time": 534.008,
        "Actual Total Time": 568.642,
        "Actual Rows": 1,
        "Actual Loops": 1,
        "Output": [
            "count(*)"
        ],
        "Plans": [
            {
                "Node Type": "Gather",
                "Parent Relationship": "Outer",
                "Parallel Aware": false,
                "Startup Cost": 249595.31,
                "Total Cost": 249595.92,
                "Plan Rows": 6,
                "Plan Width": 8,
                "Actual Startup Time": 533.345,
                "Actual Total Time": 568.628,
                "Actual Rows": 7,
                "Actual Loops": 1,
                "Output": [
                    "(PARTIAL count(*))"
                ],
                "Workers Planned": 6,
                "Workers Launched": 6,
                "Single Copy": false,
                "Plans": [
                    {
                        "Node Type": "Aggregate",
                        "Strategy": "Plain",
                        "Partial Mode": "Partial",
                        "Parent Relationship": "Outer",
                        "Parallel Aware": false,
                        "Startup Cost": 248595.31,
                        "Total Cost": 248595.32,
                        "Plan Rows": 1,
                        "Plan Width": 8,
                        "Actual Startup Time": 522.615,
                        "Actual Total Time": 522.619,
                        "Actual Rows": 1,
                        "Actual Loops": 7,
                        "Output": [
                            "PARTIAL count(*)"
                        ],
                        "Workers": [
                            {
                                "Worker Number": 0,
                                "Actual Startup Time": 520.498,
                                "Actual Total Time": 520.501,
                                "Actual Rows": 1,
                                "Actual Loops": 1
                            },
                            {
                                "Worker Number": 1,
                                "Actual Startup Time": 520.504,
                                "Actual Total Time": 520.507,
                                "Actual Rows": 1,
                                "Actual Loops": 1
                            },
                            {
                                "Worker Number": 2,
                                "Actual Startup Time": 520.593,
                                "Actual Total Time": 520.598,
                                "Actual Rows": 1,
                                "Actual Loops": 1
                            },
                            {
                                "Worker Number": 3,
                                "Actual Startup Time": 520.639,
                                "Actual Total Time": 520.643,
                                "Actual Rows": 1,
                                "Actual Loops": 1
                            },
                            {
                                "Worker Number": 4,
                                "Actual Startup Time": 521.641,
                                "Actual Total Time": 521.644,
                                "Actual Rows": 1,
                                "Actual Loops": 1
                            },
                            {
                                "Worker Number": 5,
                                "Actual Startup Time": 521.991,
                                "Actual Total Time": 521.995,
                                "Actual Rows": 1,
                                "Actual Loops": 1
                            }
                        ],
                        "Plans": [
                            {
                                "Node Type": "Hash Join",
                                "Parent Relationship": "Outer",
                                "Parallel Aware": true,
                                "Join Type": "Inner",
                                "Startup Cost": 45645.01,
                                "Total Cost": 248553.59,
                                "Plan Rows": 16687,
                                "Plan Width": 0,
                                "Actual Startup Time": 88.335,
                                "Actual Total Time": 521.542,
                                "Actual Rows": 11736,
                                "Actual Loops": 7,
                                "Inner Unique": true,
                                "Hash Cond": "(ci.movie_id = t.id)",
                                "Workers": [
                                    {
                                        "Worker Number": 0,
                                        "Actual Startup Time": 86.166,
                                        "Actual Total Time": 519.475,
                                        "Actual Rows": 10361,
                                        "Actual Loops": 1
                                    },
                                    {
                                        "Worker Number": 1,
                                        "Actual Startup Time": 86.585,
                                        "Actual Total Time": 519.456,
                                        "Actual Rows": 11045,
                                        "Actual Loops": 1
                                    },
                                    {
                                        "Worker Number": 2,
                                        "Actual Startup Time": 86.114,
                                        "Actual Total Time": 519.558,
                                        "Actual Rows": 11356,
                                        "Actual Loops": 1
                                    },
                                    {
                                        "Worker Number": 3,
                                        "Actual Startup Time": 86.095,
                                        "Actual Total Time": 519.521,
                                        "Actual Rows": 12396,
                                        "Actual Loops": 1
                                    },
                                    {
                                        "Worker Number": 4,
                                        "Actual Startup Time": 87.86,
                                        "Actual Total Time": 520.67,
                                        "Actual Rows": 10395,
                                        "Actual Loops": 1
                                    },
                                    {
                                        "Worker Number": 5,
                                        "Actual Startup Time": 87.669,
                                        "Actual Total Time": 520.854,
                                        "Actual Rows": 12792,
                                        "Actual Loops": 1
                                    }
                                ],
                                "Plans": [
                                    {
                                        "Node Type": "Index Scan",
                                        "Parent Relationship": "Outer",
                                        "Parallel Aware": true,
                                        "Scan Direction": "Forward",
                                        "Index Name": "role_id_cast_info",
                                        "Relation Name": "cast_info",
                                        "Schema": "public",
                                        "Alias": "ci",
                                        "Startup Cost": 0.56,
                                        "Total Cost": 200814.65,
                                        "Plan Rows": 797902,
                                        "Plan Width": 4,
                                        "Actual Startup Time": 0.149,
                                        "Actual Total Time": 323.26,
                                        "Actual Rows": 687105,
                                        "Actual Loops": 7,
                                        "Output": [
                                            "ci.id",
                                            "ci.person_id",
                                            "ci.movie_id",
                                            "ci.person_role_id",
                                            "ci.note",
                                            "ci.nr_order",
                                            "ci.role_id"
                                        ],
                                        "Index Cond": "(ci.role_id = 2)",
                                        "Rows Removed by Index Recheck": 0,
                                        "Filter": "(ci.person_id < 2359356)",
                                        "Rows Removed by Filter": 377462,
                                        "Workers": [
                                            {
                                                "Worker Number": 0,
                                                "Actual Startup Time": 0.164,
                                                "Actual Total Time": 324.03,
                                                "Actual Rows": 666531,
                                                "Actual Loops": 1
                                            },
                                            {
                                                "Worker Number": 1,
                                                "Actual Startup Time": 0.237,
                                                "Actual Total Time": 324.122,
                                                "Actual Rows": 667130,
                                                "Actual Loops": 1
                                            },
                                            {
                                                "Worker Number": 2,
                                                "Actual Startup Time": 0.135,
                                                "Actual Total Time": 325.075,
                                                "Actual Rows": 661740,
                                                "Actual Loops": 1
                                            },
                                            {
                                                "Worker Number": 3,
                                                "Actual Startup Time": 0.108,
                                                "Actual Total Time": 324.697,
                                                "Actual Rows": 666160,
                                                "Actual Loops": 1
                                            },
                                            {
                                                "Worker Number": 4,
                                                "Actual Startup Time": 0.262,
                                                "Actual Total Time": 324.943,
                                                "Actual Rows": 672613,
                                                "Actual Loops": 1
                                            },
                                            {
                                                "Worker Number": 5,
                                                "Actual Startup Time": 0.097,
                                                "Actual Total Time": 323.754,
                                                "Actual Rows": 671321,
                                                "Actual Loops": 1
                                            }
                                        ]
                                    },
                                    {
                                        "Node Type": "Hash",
                                        "Parent Relationship": "Inner",
                                        "Parallel Aware": true,
                                        "Startup Cost": 45479.21,
                                        "Total Cost": 45479.21,
                                        "Plan Rows": 13219,
                                        "Plan Width": 4,
                                        "Actual Startup Time": 86.69,
                                        "Actual Total Time": 86.691,
                                        "Actual Rows": 4944,
                                        "Actual Loops": 7,
                                        "Output": [
                                            "t.id"
                                        ],
                                        "Hash Buckets": 65536,
                                        "Original Hash Buckets": 65536,
                                        "Hash Batches": 1,
                                        "Original Hash Batches": 1,
                                        "Peak Memory Usage": 1920,
                                        "Workers": [
                                            {
                                                "Worker Number": 0,
                                                "Actual Startup Time": 85.25,
                                                "Actual Total Time": 85.251,
                                                "Actual Rows": 4788,
                                                "Actual Loops": 1
                                            },
                                            {
                                                "Worker Number": 1,
                                                "Actual Startup Time": 85.28,
                                                "Actual Total Time": 85.281,
                                                "Actual Rows": 4776,
                                                "Actual Loops": 1
                                            },
                                            {
                                                "Worker Number": 2,
                                                "Actual Startup Time": 85.338,
                                                "Actual Total Time": 85.34,
                                                "Actual Rows": 4240,
                                                "Actual Loops": 1
                                            },
                                            {
                                                "Worker Number": 3,
                                                "Actual Startup Time": 85.331,
                                                "Actual Total Time": 85.332,
                                                "Actual Rows": 4717,
                                                "Actual Loops": 1
                                            },
                                            {
                                                "Worker Number": 4,
                                                "Actual Startup Time": 86.407,
                                                "Actual Total Time": 86.408,
                                                "Actual Rows": 4789,
                                                "Actual Loops": 1
                                            },
                                            {
                                                "Worker Number": 5,
                                                "Actual Startup Time": 86.665,
                                                "Actual Total Time": 86.666,
                                                "Actual Rows": 4809,
                                                "Actual Loops": 1
                                            }
                                        ],
                                        "Plans": [
                                            {
                                                "Node Type": "Seq Scan",
                                                "Parent Relationship": "Outer",
                                                "Parallel Aware": true,
                                                "Relation Name": "title",
                                                "Schema": "public",
                                                "Alias": "t",
                                                "Startup Cost": 0.0,
                                                "Total Cost": 45479.21,
                                                "Plan Rows": 13219,
                                                "Plan Width": 4,
                                                "Actual Startup Time": 55.435,
                                                "Actual Total Time": 83.967,
                                                "Actual Rows": 4944,
                                                "Actual Loops": 7,
                                                "Output": [
                                                    "t.id"
                                                ],
                                                "Filter": "((t.production_year < 2002) AND (t.kind_id = 4))",
                                                "Rows Removed by Filter": 356244,
                                                "Workers": [
                                                    {
                                                        "Worker Number": 0,
                                                        "Actual Startup Time": 50.961,
                                                        "Actual Total Time": 82.799,
                                                        "Actual Rows": 4788,
                                                        "Actual Loops": 1
                                                    },
                                                    {
                                                        "Worker Number": 1,
                                                        "Actual Startup Time": 56.111,
                                                        "Actual Total Time": 82.585,
                                                        "Actual Rows": 4776,
                                                        "Actual Loops": 1
                                                    },
                                                    {
                                                        "Worker Number": 2,
                                                        "Actual Startup Time": 56.158,
                                                        "Actual Total Time": 82.049,
                                                        "Actual Rows": 4240,
                                                        "Actual Loops": 1
                                                    },
                                                    {
                                                        "Worker Number": 3,
                                                        "Actual Startup Time": 51.114,
                                                        "Actual Total Time": 82.848,
                                                        "Actual Rows": 4717,
                                                        "Actual Loops": 1
                                                    },
                                                    {
                                                        "Worker Number": 4,
                                                        "Actual Startup Time": 57.23,
                                                        "Actual Total Time": 83.547,
                                                        "Actual Rows": 4789,
                                                        "Actual Loops": 1
                                                    },
                                                    {
                                                        "Worker Number": 5,
                                                        "Actual Startup Time": 53.092,
                                                        "Actual Total Time": 83.964,
                                                        "Actual Rows": 4809,
                                                        "Actual Loops": 1
                                                    }
                                                ]
                                            }
                                        ]
                                    }
                                ]
                            }
                        ]
                    }
                ]
            }
        ]
    },
    "Planning Time": 0.794,
    "Triggers": [],
    "Execution Time": 568.775
}