[
  {
    "Plan": {
      "Node Type": "Aggregate",
      "Strategy": "Plain",
      "Partial Mode": "Finalize",
      "Parallel Aware": false,
      "Startup Cost": 335645.69,
      "Total Cost": 335645.7,
      "Plan Rows": 1,
      "Plan Width": 8,
      "Actual Startup Time": 4914.307,
      "Actual Total Time": 4954.031,
      "Actual Rows": 1,
      "Actual Loops": 1,
      "Plans": [
        {
          "Node Type": "Gather",
          "Parent Relationship": "Outer",
          "Parallel Aware": false,
          "Startup Cost": 335645.17,
          "Total Cost": 335645.68,
          "Plan Rows": 5,
          "Plan Width": 8,
          "Actual Startup Time": 4897.094,
          "Actual Total Time": 4954.019,
          "Actual Rows": 6,
          "Actual Loops": 1,
          "Workers Planned": 5,
          "Workers Launched": 5,
          "Single Copy": false,
          "Plans": [
            {
              "Node Type": "Aggregate",
              "Strategy": "Plain",
              "Partial Mode": "Partial",
              "Parent Relationship": "Outer",
              "Parallel Aware": false,
              "Startup Cost": 334645.17,
              "Total Cost": 334645.18,
              "Plan Rows": 1,
              "Plan Width": 8,
              "Actual Startup Time": 4878.856,
              "Actual Total Time": 4878.861,
              "Actual Rows": 1,
              "Actual Loops": 6,
              "Plans": [
                {
                  "Node Type": "Hash Join",
                  "Parent Relationship": "Outer",
                  "Parallel Aware": true,
                  "Join Type": "Inner",
                  "Startup Cost": 109712.59,
                  "Total Cost": 324990.28,
                  "Plan Rows": 3861957,
                  "Plan Width": 0,
                  "Actual Startup Time": 667.63,
                  "Actual Total Time": 3578.727,
                  "Actual Rows": 28801146,
                  "Actual Loops": 6,
                  "Inner Unique": false,
                  "Hash Cond": "(mi.movie_id = t.id)",
                  "Plans": [
                    {
                      "Node Type": "Seq Scan",
                      "Parent Relationship": "Outer",
                      "Parallel Aware": true,
                      "Relation Name": "movie_info",
                      "Alias": "mi",
                      "Startup Cost": 0.0,
                      "Total Cost": 191685.19,
                      "Plan Rows": 2969219,
                      "Plan Width": 4,
                      "Actual Startup Time": 0.042,
                      "Actual Total Time": 291.844,
                      "Actual Rows": 2472620,
                      "Actual Loops": 6
                    },
                    {
                      "Node Type": "Hash",
                      "Parent Relationship": "Inner",
                      "Parallel Aware": true,
                      "Startup Cost": 96451.99,
                      "Total Cost": 96451.99,
                      "Plan Rows": 1060848,
                      "Plan Width": 8,
                      "Actual Startup Time": 661.365,
                      "Actual Total Time": 661.369,
                      "Actual Rows": 517086,
                      "Actual Loops": 6,
                      "Hash Buckets": 4194304,
                      "Original Hash Buckets": 4194304,
                      "Hash Batches": 1,
                      "Original Hash Batches": 1,
                      "Peak Memory Usage": 154272,
                      "Plans": [
                        {
                          "Node Type": "Hash Join",
                          "Parent Relationship": "Outer",
                          "Parallel Aware": true,
                          "Join Type": "Inner",
                          "Startup Cost": 50340.15,
                          "Total Cost": 96451.99,
                          "Plan Rows": 1060848,
                          "Plan Width": 8,
                          "Actual Startup Time": 260.277,
                          "Actual Total Time": 494.167,
                          "Actual Rows": 517086,
                          "Actual Loops": 6,
                          "Inner Unique": true,
                          "Hash Cond": "(mk.movie_id = t.id)",
                          "Plans": [
                            {
                              "Node Type": "Seq Scan",
                              "Parent Relationship": "Outer",
                              "Parallel Aware": true,
                              "Relation Name": "movie_keyword",
                              "Alias": "mk",
                              "Startup Cost": 0.0,
                              "Total Cost": 42695.65,
                              "Plan Rows": 1301403,
                              "Plan Width": 4,
                              "Actual Startup Time": 0.039,
                              "Actual Total Time": 102.781,
                              "Actual Rows": 672788,
                              "Actual Loops": 6,
                              "Filter": "(keyword_id < 36862)",
                              "Rows Removed by Filter": 81200
                            },
                            {
                              "Node Type": "Hash",
                              "Parent Relationship": "Inner",
                              "Parallel Aware": true,
                              "Startup Cost": 43899.32,
                              "Total Cost": 43899.32,
                              "Plan Rows": 515266,
                              "Plan Width": 4,
                              "Actual Startup Time": 257.642,
                              "Actual Total Time": 257.643,
                              "Actual Rows": 341120,
                              "Actual Loops": 6,
                              "Hash Buckets": 2097152,
                              "Original Hash Buckets": 2097152,
                              "Hash Batches": 1,
                              "Original Hash Batches": 1,
                              "Peak Memory Usage": 96544,
                              "Plans": [
                                {
                                  "Node Type": "Seq Scan",
                                  "Parent Relationship": "Outer",
                                  "Parallel Aware": true,
                                  "Relation Name": "title",
                                  "Alias": "t",
                                  "Startup Cost": 0.0,
                                  "Total Cost": 43899.32,
                                  "Plan Rows": 515266,
                                  "Plan Width": 4,
                                  "Actual Startup Time": 0.05,
                                  "Actual Total Time": 100.496,
                                  "Actual Rows": 341120,
                                  "Actual Loops": 6,
                                  "Filter": "(production_year > 1972)",
                                  "Rows Removed by Filter": 80265
                                }
                              ]
                            }
                          ]
                        }
                      ]
                    }
                  ]
                }
              ]
            }
          ]
        }
      ]
    },
    "Planning Time": 0.523,
    "Triggers": [],
    "Execution Time": 4954.084
  }
]