{
  "Plan": {
    "Node Type": "Aggregate",
    "Strategy": "Plain",
    "Partial Mode": "Simple",
    "Parallel Aware": false,
    "Startup Cost": 222459.53,
    "Total Cost": 222459.54,
    "Plan Rows": 1,
    "Plan Width": 32,
    "Actual Startup Time": 2623.383,
    "Actual Total Time": 2669.128,
    "Actual Rows": 1,
    "Actual Loops": 1,
    "Plans": [
      {
        "Node Type": "Gather",
        "Parent Relationship": "Outer",
        "Parallel Aware": false,
        "Startup Cost": 172428.68,
        "Total Cost": 222459.53,
        "Plan Rows": 2,
        "Plan Width": 17,
        "Actual Startup Time": 2328.873,
        "Actual Total Time": 2668.612,
        "Actual Rows": 5228,
        "Actual Loops": 1,
        "Workers Planned": 4,
        "Workers Launched": 4,
        "Single Copy": false,
        "Plans": [
          {
            "Node Type": "Hash Join",
            "Parent Relationship": "Outer",
            "Parallel Aware": true,
            "Join Type": "Inner",
            "Startup Cost": 171428.68,
            "Total Cost": 221459.33,
            "Plan Rows": 1,
            "Plan Width": 17,
            "Actual Startup Time": 2143.445,
            "Actual Total Time": 2580.086,
            "Actual Rows": 1046,
            "Actual Loops": 5,
            "Inner Unique": true,
            "Hash Cond": "(mc.company_id = cn.id)",
            "Plans": [
              {
                "Node Type": "Hash Join",
                "Parent Relationship": "Outer",
                "Parallel Aware": false,
                "Join Type": "Inner",
                "Startup Cost": 166689.29,
                "Total Cost": 216719.83,
                "Plan Rows": 42,
                "Plan Width": 21,
                "Actual Startup Time": 2120.471,
                "Actual Total Time": 2557.946,
                "Actual Rows": 29710,
                "Actual Loops": 5,
                "Inner Unique": false,
                "Hash Cond": "(mc.movie_id = mk.movie_id)",
                "Plans": [
                  {
                    "Node Type": "Hash Join",
                    "Parent Relationship": "Outer",
                    "Parallel Aware": true,
                    "Join Type": "Inner",
                    "Startup Cost": 37727.23,
                    "Total Cost": 85311.28,
                    "Plan Rows": 652282,
                    "Plan Width": 29,
                    "Actual Startup Time": 351.462,
                    "Actual Total Time": 718.75,
                    "Actual Rows": 521826,
                    "Actual Loops": 5,
                    "Inner Unique": false,
                    "Hash Cond": "(t.id = mc.movie_id)",
                    "Plans": [
                      {
                        "Node Type": "Seq Scan",
                        "Parent Relationship": "Outer",
                        "Parallel Aware": true,
                        "Relation Name": "title",
                        "Alias": "t",
                        "Startup Cost": 0.0,
                        "Total Cost": 42319.27,
                        "Plan Rows": 632127,
                        "Plan Width": 21,
                        "Actual Startup Time": 0.038,
                        "Actual Total Time": 86.735,
                        "Actual Rows": 505662,
                        "Actual Loops": 5
                      },
                      {
                        "Node Type": "Hash",
                        "Parent Relationship": "Inner",
                        "Parallel Aware": true,
                        "Startup Cost": 27206.55,
                        "Total Cost": 27206.55,
                        "Plan Rows": 841655,
                        "Plan Width": 8,
                        "Actual Startup Time": 343.569,
                        "Actual Total Time": 343.57,
                        "Actual Rows": 521826,
                        "Actual Loops": 5,
                        "Hash Buckets": 4194304,
                        "Original Hash Buckets": 4194304,
                        "Hash Batches": 1,
                        "Original Hash Batches": 1,
                        "Peak Memory Usage": 134880,
                        "Plans": [
                          {
                            "Node Type": "Seq Scan",
                            "Parent Relationship": "Outer",
                            "Parallel Aware": true,
                            "Relation Name": "movie_companies",
                            "Alias": "mc",
                            "Startup Cost": 0.0,
                            "Total Cost": 27206.55,
                            "Plan Rows": 841655,
                            "Plan Width": 8,
                            "Actual Startup Time": 0.052,
                            "Actual Total Time": 100.045,
                            "Actual Rows": 521826,
                            "Actual Loops": 5
                          }
                        ]
                      }
                    ]
                  },
                  {
                    "Node Type": "Hash",
                    "Parent Relationship": "Inner",
                    "Parallel Aware": false,
                    "Startup Cost": 128961.63,
                    "Total Cost": 128961.63,
                    "Plan Rows": 34,
                    "Plan Width": 4,
                    "Actual Startup Time": 1768.652,
                    "Actual Total Time": 1768.656,
                    "Actual Rows": 41840,
                    "Actual Loops": 5,
                    "Hash Buckets": 65536,
                    "Original Hash Buckets": 1024,
                    "Hash Batches": 1,
                    "Original Hash Batches": 1,
                    "Peak Memory Usage": 1983,
                    "Plans": [
                      {
                        "Node Type": "Hash Join",
                        "Parent Relationship": "Outer",
                        "Parallel Aware": false,
                        "Join Type": "Inner",
                        "Startup Cost": 126242.43,
                        "Total Cost": 128961.63,
                        "Plan Rows": 34,
                        "Plan Width": 4,
                        "Actual Startup Time": 1738.715,
                        "Actual Total Time": 1761.002,
                        "Actual Rows": 41840,
                        "Actual Loops": 5,
                        "Inner Unique": false,
                        "Hash Cond": "(k.id = mk.keyword_id)",
                        "Plans": [
                          {
                            "Node Type": "Seq Scan",
                            "Parent Relationship": "Outer",
                            "Parallel Aware": false,
                            "Relation Name": "keyword",
                            "Alias": "k",
                            "Startup Cost": 0.0,
                            "Total Cost": 2626.12,
                            "Plan Rows": 1,
                            "Plan Width": 4,
                            "Actual Startup Time": 0.523,
                            "Actual Total Time": 12.615,
                            "Actual Rows": 1,
                            "Actual Loops": 5,
                            "Filter": "(keyword = 'character-name-in-title'::text)",
                            "Rows Removed by Filter": 134169
                          },
                          {
                            "Node Type": "Hash",
                            "Parent Relationship": "Inner",
                            "Parallel Aware": false,
                            "Startup Cost": 69693.3,
                            "Total Cost": 69693.3,
                            "Plan Rows": 4523930,
                            "Plan Width": 8,
                            "Actual Startup Time": 1650.985,
                            "Actual Total Time": 1650.986,
                            "Actual Rows": 4523930,
                            "Actual Loops": 5,
                            "Hash Buckets": 8388608,
                            "Original Hash Buckets": 8388608,
                            "Hash Batches": 1,
                            "Original Hash Batches": 1,
                            "Peak Memory Usage": 242253,
                            "Plans": [
                              {
                                "Node Type": "Seq Scan",
                                "Parent Relationship": "Outer",
                                "Parallel Aware": false,
                                "Relation Name": "movie_keyword",
                                "Alias": "mk",
                                "Startup Cost": 0.0,
                                "Total Cost": 69693.3,
                                "Plan Rows": 4523930,
                                "Plan Width": 8,
                                "Actual Startup Time": 0.063,
                                "Actual Total Time": 579.929,
                                "Actual Rows": 4523930,
                                "Actual Loops": 5
                              }
                            ]
                          }
                        ]
                      }
                    ]
                  }
                ]
              },
              {
                "Node Type": "Hash",
                "Parent Relationship": "Inner",
                "Parallel Aware": true,
                "Startup Cost": 4722.92,
                "Total Cost": 4722.92,
                "Plan Rows": 1318,
                "Plan Width": 4,
                "Actual Startup Time": 17.029,
                "Actual Total Time": 17.03,
                "Actual Rows": 468,
                "Actual Loops": 5,
                "Hash Buckets": 4096,
                "Original Hash Buckets": 4096,
                "Hash Batches": 1,
                "Original Hash Batches": 1,
                "Peak Memory Usage": 224,
                "Plans": [
                  {
                    "Node Type": "Seq Scan",
                    "Parent Relationship": "Outer",
                    "Parallel Aware": true,
                    "Relation Name": "company_name",
                    "Alias": "cn",
                    "Startup Cost": 0.0,
                    "Total Cost": 4722.92,
                    "Plan Rows": 1318,
                    "Plan Width": 4,
                    "Actual Startup Time": 0.105,
                    "Actual Total Time": 16.496,
                    "Actual Rows": 468,
                    "Actual Loops": 5,
                    "Filter": "((country_code)::text = '[nl]'::text)",
                    "Rows Removed by Filter": 46531
                  }
                ]
              }
            ]
          }
        ]
      }
    ]
  },
  "Planning Time": 2.439,
  "Triggers": [],
  "Execution Time": 2676.911
}