[
  {
    "Plan": {
      "Node Type": "Aggregate",
      "Strategy": "Plain",
      "Partial Mode": "Finalize",
      "Parallel Aware": false,
      "Startup Cost": 30361.95,
      "Total Cost": 30361.96,
      "Plan Rows": 1,
      "Plan Width": 8,
      "Actual Startup Time": 42.954,
      "Actual Total Time": 48.33,
      "Actual Rows": 1,
      "Actual Loops": 1,
      "Plans": [
        {
          "Node Type": "Gather",
          "Parent Relationship": "Outer",
          "Parallel Aware": false,
          "Startup Cost": 30361.73,
          "Total Cost": 30361.94,
          "Plan Rows": 2,
          "Plan Width": 8,
          "Actual Startup Time": 42.743,
          "Actual Total Time": 48.324,
          "Actual Rows": 3,
          "Actual Loops": 1,
          "Workers Planned": 2,
          "Workers Launched": 2,
          "Single Copy": false,
          "Plans": [
            {
              "Node Type": "Aggregate",
              "Strategy": "Plain",
              "Partial Mode": "Partial",
              "Parent Relationship": "Outer",
              "Parallel Aware": false,
              "Startup Cost": 29361.73,
              "Total Cost": 29361.74,
              "Plan Rows": 1,
              "Plan Width": 8,
              "Actual Startup Time": 34.594,
              "Actual Total Time": 34.596,
              "Actual Rows": 1,
              "Actual Loops": 3,
              "Plans": [
                {
                  "Node Type": "Nested Loop",
                  "Parent Relationship": "Outer",
                  "Parallel Aware": false,
                  "Join Type": "Inner",
                  "Startup Cost": 113.02,
                  "Total Cost": 29358.82,
                  "Plan Rows": 1166,
                  "Plan Width": 0,
                  "Actual Startup Time": 1.768,
                  "Actual Total Time": 34.344,
                  "Actual Rows": 2024,
                  "Actual Loops": 3,
                  "Inner Unique": false,
                  "Plans": [
                    {
                      "Node Type": "Nested Loop",
                      "Parent Relationship": "Outer",
                      "Parallel Aware": false,
                      "Join Type": "Inner",
                      "Startup Cost": 112.6,
                      "Total Cost": 28221.56,
                      "Plan Rows": 2136,
                      "Plan Width": 8,
                      "Actual Startup Time": 1.582,
                      "Actual Total Time": 22.136,
                      "Actual Rows": 1559,
                      "Actual Loops": 3,
                      "Inner Unique": true,
                      "Plans": [
                        {
                          "Node Type": "Bitmap Heap Scan",
                          "Parent Relationship": "Outer",
                          "Parallel Aware": true,
                          "Relation Name": "movie_keyword",
                          "Alias": "mk",
                          "Startup Cost": 112.17,
                          "Total Cost": 12637.41,
                          "Plan Rows": 2136,
                          "Plan Width": 4,
                          "Actual Startup Time": 1.37,
                          "Actual Total Time": 7.638,
                          "Actual Rows": 1559,
                          "Actual Loops": 3,
                          "Recheck Cond": "(keyword_id = 2849)",
                          "Rows Removed by Index Recheck": 0,
                          "Exact Heap Blocks": 2765,
                          "Lossy Heap Blocks": 0,
                          "Plans": [
                            {
                              "Node Type": "Bitmap Index Scan",
                              "Parent Relationship": "Outer",
                              "Parallel Aware": false,
                              "Index Name": "keyword_id_movie_keyword",
                              "Startup Cost": 0.0,
                              "Total Cost": 110.89,
                              "Plan Rows": 5127,
                              "Plan Width": 0,
                              "Actual Startup Time": 2.669,
                              "Actual Total Time": 2.67,
                              "Actual Rows": 4676,
                              "Actual Loops": 1,
                              "Index Cond": "(keyword_id = 2849)"
                            }
                          ]
                        },
                        {
                          "Node Type": "Index Only Scan",
                          "Parent Relationship": "Inner",
                          "Parallel Aware": false,
                          "Scan Direction": "Forward",
                          "Index Name": "title_pkey",
                          "Relation Name": "title",
                          "Alias": "t",
                          "Startup Cost": 0.43,
                          "Total Cost": 7.3,
                          "Plan Rows": 1,
                          "Plan Width": 4,
                          "Actual Startup Time": 0.009,
                          "Actual Total Time": 0.009,
                          "Actual Rows": 1,
                          "Actual Loops": 4676,
                          "Index Cond": "(id = mk.movie_id)",
                          "Rows Removed by Index Recheck": 0,
                          "Heap Fetches": 4676
                        }
                      ]
                    },
                    {
                      "Node Type": "Index Only Scan",
                      "Parent Relationship": "Inner",
                      "Parallel Aware": false,
                      "Scan Direction": "Forward",
                      "Index Name": "movie_id_movie_info_idx",
                      "Relation Name": "movie_info_idx",
                      "Alias": "mi_idx",
                      "Startup Cost": 0.43,
                      "Total Cost": 0.5,
                      "Plan Rows": 3,
                      "Plan Width": 4,
                      "Actual Startup Time": 0.007,
                      "Actual Total Time": 0.007,
                      "Actual Rows": 1,
                      "Actual Loops": 4676,
                      "Index Cond": "(movie_id = t.id)",
                      "Rows Removed by Index Recheck": 0,
                      "Heap Fetches": 6073
                    }
                  ]
                }
              ]
            }
          ]
        }
      ]
    },
    "Planning Time": 0.816,
    "Triggers": [],
    "Execution Time": 48.397
  }
]