[
  {
    "Plan": {
      "Node Type": "Aggregate",
      "Strategy": "Plain",
      "Partial Mode": "Finalize",
      "Parallel Aware": false,
      "Startup Cost": 45942.31,
      "Total Cost": 45942.32,
      "Plan Rows": 1,
      "Plan Width": 8,
      "Actual Startup Time": 165.446,
      "Actual Total Time": 174.648,
      "Actual Rows": 1,
      "Actual Loops": 1,
      "Plans": [
        {
          "Node Type": "Gather",
          "Parent Relationship": "Outer",
          "Parallel Aware": false,
          "Startup Cost": 45942.0,
          "Total Cost": 45942.31,
          "Plan Rows": 3,
          "Plan Width": 8,
          "Actual Startup Time": 165.224,
          "Actual Total Time": 174.637,
          "Actual Rows": 4,
          "Actual Loops": 1,
          "Workers Planned": 3,
          "Workers Launched": 3,
          "Single Copy": false,
          "Plans": [
            {
              "Node Type": "Aggregate",
              "Strategy": "Plain",
              "Partial Mode": "Partial",
              "Parent Relationship": "Outer",
              "Parallel Aware": false,
              "Startup Cost": 44942.0,
              "Total Cost": 44942.01,
              "Plan Rows": 1,
              "Plan Width": 8,
              "Actual Startup Time": 159.065,
              "Actual Total Time": 159.066,
              "Actual Rows": 1,
              "Actual Loops": 4,
              "Plans": [
                {
                  "Node Type": "Seq Scan",
                  "Parent Relationship": "Outer",
                  "Parallel Aware": true,
                  "Relation Name": "movie_keyword",
                  "Alias": "mk",
                  "Startup Cost": 0.0,
                  "Total Cost": 42695.65,
                  "Plan Rows": 898537,
                  "Plan Width": 0,
                  "Actual Startup Time": 0.442,
                  "Actual Total Time": 125.154,
                  "Actual Rows": 693169,
                  "Actual Loops": 4,
                  "Filter": "(keyword_id > 2857)",
                  "Rows Removed by Filter": 437814
                }
              ]
            }
          ]
        }
      ]
    },
    "Planning Time": 0.188,
    "Triggers": [],
    "Execution Time": 174.712
  }
]