[
  {
    "Plan": {
      "Node Type": "Aggregate",
      "Strategy": "Plain",
      "Partial Mode": "Finalize",
      "Parallel Aware": false,
      "Startup Cost": 26444.95,
      "Total Cost": 26444.96,
      "Plan Rows": 1,
      "Plan Width": 8,
      "Actual Startup Time": 96.639,
      "Actual Total Time": 104.545,
      "Actual Rows": 1,
      "Actual Loops": 1,
      "Plans": [
        {
          "Node Type": "Gather",
          "Parent Relationship": "Outer",
          "Parallel Aware": false,
          "Startup Cost": 26444.63,
          "Total Cost": 26444.94,
          "Plan Rows": 3,
          "Plan Width": 8,
          "Actual Startup Time": 96.421,
          "Actual Total Time": 104.529,
          "Actual Rows": 4,
          "Actual Loops": 1,
          "Workers Planned": 3,
          "Workers Launched": 3,
          "Single Copy": false,
          "Plans": [
            {
              "Node Type": "Aggregate",
              "Strategy": "Plain",
              "Partial Mode": "Partial",
              "Parent Relationship": "Outer",
              "Parallel Aware": false,
              "Startup Cost": 25444.63,
              "Total Cost": 25444.64,
              "Plan Rows": 1,
              "Plan Width": 8,
              "Actual Startup Time": 88.932,
              "Actual Total Time": 88.934,
              "Actual Rows": 1,
              "Actual Loops": 4,
              "Plans": [
                {
                  "Node Type": "Bitmap Heap Scan",
                  "Parent Relationship": "Outer",
                  "Parallel Aware": true,
                  "Relation Name": "movie_companies",
                  "Alias": "mc",
                  "Startup Cost": 5350.66,
                  "Total Cost": 25342.28,
                  "Plan Rows": 40940,
                  "Plan Width": 0,
                  "Actual Startup Time": 73.936,
                  "Actual Total Time": 88.032,
                  "Actual Rows": 13844,
                  "Actual Loops": 4,
                  "Recheck Cond": "(company_id < 108)",
                  "Rows Removed by Index Recheck": 0,
                  "Filter": "(company_type_id = 2)",
                  "Rows Removed by Filter": 46394,
                  "Exact Heap Blocks": 8029,
                  "Lossy Heap Blocks": 0,
                  "Plans": [
                    {
                      "Node Type": "Bitmap Index Scan",
                      "Parent Relationship": "Outer",
                      "Parallel Aware": false,
                      "Index Name": "company_id_movie_companies",
                      "Startup Cost": 0.0,
                      "Total Cost": 5318.94,
                      "Plan Rows": 248334,
                      "Plan Width": 0,
                      "Actual Startup Time": 37.606,
                      "Actual Total Time": 37.607,
                      "Actual Rows": 240950,
                      "Actual Loops": 1,
                      "Index Cond": "(company_id < 108)"
                    }
                  ]
                }
              ]
            }
          ]
        }
      ]
    },
    "Planning Time": 0.165,
    "Triggers": [],
    "Execution Time": 104.611
  }
]