[
  {
    "Plan": {
      "Node Type": "Aggregate",
      "Strategy": "Plain",
      "Partial Mode": "Finalize",
      "Parallel Aware": false,
      "Startup Cost": 249432.74,
      "Total Cost": 249432.75,
      "Plan Rows": 1,
      "Plan Width": 8,
      "Actual Startup Time": 955.865,
      "Actual Total Time": 1001.672,
      "Actual Rows": 1,
      "Actual Loops": 1,
      "Plans": [
        {
          "Node Type": "Gather",
          "Parent Relationship": "Outer",
          "Parallel Aware": false,
          "Startup Cost": 249432.22,
          "Total Cost": 249432.73,
          "Plan Rows": 5,
          "Plan Width": 8,
          "Actual Startup Time": 951.181,
          "Actual Total Time": 1001.663,
          "Actual Rows": 6,
          "Actual Loops": 1,
          "Workers Planned": 5,
          "Workers Launched": 5,
          "Single Copy": false,
          "Plans": [
            {
              "Node Type": "Aggregate",
              "Strategy": "Plain",
              "Partial Mode": "Partial",
              "Parent Relationship": "Outer",
              "Parallel Aware": false,
              "Startup Cost": 248432.22,
              "Total Cost": 248432.23,
              "Plan Rows": 1,
              "Plan Width": 8,
              "Actual Startup Time": 942.559,
              "Actual Total Time": 942.563,
              "Actual Rows": 1,
              "Actual Loops": 6,
              "Plans": [
                {
                  "Node Type": "Hash Join",
                  "Parent Relationship": "Outer",
                  "Parallel Aware": true,
                  "Join Type": "Inner",
                  "Startup Cost": 47270.4,
                  "Total Cost": 246749.8,
                  "Plan Rows": 672966,
                  "Plan Width": 0,
                  "Actual Startup Time": 133.595,
                  "Actual Total Time": 899.439,
                  "Actual Rows": 981829,
                  "Actual Loops": 6,
                  "Inner Unique": true,
                  "Hash Cond": "(mi.movie_id = t.id)",
                  "Plans": [
                    {
                      "Node Type": "Seq Scan",
                      "Parent Relationship": "Outer",
                      "Parallel Aware": true,
                      "Relation Name": "movie_info",
                      "Alias": "mi",
                      "Startup Cost": 0.0,
                      "Total Cost": 191685.19,
                      "Plan Rows": 2969219,
                      "Plan Width": 4,
                      "Actual Startup Time": 0.036,
                      "Actual Total Time": 308.003,
                      "Actual Rows": 2472620,
                      "Actual Loops": 6
                    },
                    {
                      "Node Type": "Hash",
                      "Parent Relationship": "Inner",
                      "Parallel Aware": true,
                      "Startup Cost": 45479.59,
                      "Total Cost": 45479.59,
                      "Plan Rows": 143265,
                      "Plan Width": 4,
                      "Actual Startup Time": 118.382,
                      "Actual Total Time": 118.383,
                      "Actual Rows": 76228,
                      "Actual Loops": 6,
                      "Hash Buckets": 1048576,
                      "Original Hash Buckets": 1048576,
                      "Hash Batches": 1,
                      "Original Hash Batches": 1,
                      "Peak Memory Usage": 26176,
                      "Plans": [
                        {
                          "Node Type": "Seq Scan",
                          "Parent Relationship": "Outer",
                          "Parallel Aware": true,
                          "Relation Name": "title",
                          "Alias": "t",
                          "Startup Cost": 0.0,
                          "Total Cost": 45479.59,
                          "Plan Rows": 143265,
                          "Plan Width": 4,
                          "Actual Startup Time": 42.285,
                          "Actual Total Time": 84.333,
                          "Actual Rows": 76228,
                          "Actual Loops": 6,
                          "Filter": "((production_year > 1962) AND (kind_id = 1))",
                          "Rows Removed by Filter": 345158
                        }
                      ]
                    }
                  ]
                }
              ]
            }
          ]
        }
      ]
    },
    "Planning Time": 0.359,
    "Triggers": [],
    "Execution Time": 1001.727
  }
]