[
  {
    "Plan": {
      "Node Type": "Aggregate",
      "Strategy": "Plain",
      "Partial Mode": "Finalize",
      "Parallel Aware": false,
      "Startup Cost": 249282.99,
      "Total Cost": 249283.0,
      "Plan Rows": 1,
      "Plan Width": 8,
      "Actual Startup Time": 900.681,
      "Actual Total Time": 946.118,
      "Actual Rows": 1,
      "Actual Loops": 1,
      "Plans": [
        {
          "Node Type": "Gather",
          "Parent Relationship": "Outer",
          "Parallel Aware": false,
          "Startup Cost": 249282.46,
          "Total Cost": 249282.97,
          "Plan Rows": 5,
          "Plan Width": 8,
          "Actual Startup Time": 898.945,
          "Actual Total Time": 946.11,
          "Actual Rows": 6,
          "Actual Loops": 1,
          "Workers Planned": 5,
          "Workers Launched": 5,
          "Single Copy": false,
          "Plans": [
            {
              "Node Type": "Aggregate",
              "Strategy": "Plain",
              "Partial Mode": "Partial",
              "Parent Relationship": "Outer",
              "Parallel Aware": false,
              "Startup Cost": 248282.46,
              "Total Cost": 248282.47,
              "Plan Rows": 1,
              "Plan Width": 8,
              "Actual Startup Time": 888.477,
              "Actual Total Time": 888.48,
              "Actual Rows": 1,
              "Actual Loops": 6,
              "Plans": [
                {
                  "Node Type": "Hash Join",
                  "Parent Relationship": "Outer",
                  "Parallel Aware": true,
                  "Join Type": "Inner",
                  "Startup Cost": 47277.85,
                  "Total Cost": 246599.61,
                  "Plan Rows": 673140,
                  "Plan Width": 0,
                  "Actual Startup Time": 130.978,
                  "Actual Total Time": 847.288,
                  "Actual Rows": 981829,
                  "Actual Loops": 6,
                  "Inner Unique": true,
                  "Hash Cond": "(mi.movie_id = t.id)",
                  "Plans": [
                    {
                      "Node Type": "Seq Scan",
                      "Parent Relationship": "Outer",
                      "Parallel Aware": true,
                      "Relation Name": "movie_info",
                      "Alias": "mi",
                      "Startup Cost": 0.0,
                      "Total Cost": 191560.33,
                      "Plan Rows": 2956733,
                      "Plan Width": 4,
                      "Actual Startup Time": 0.029,
                      "Actual Total Time": 286.58,
                      "Actual Rows": 2472620,
                      "Actual Loops": 6
                    },
                    {
                      "Node Type": "Hash",
                      "Parent Relationship": "Inner",
                      "Parallel Aware": true,
                      "Startup Cost": 45479.1,
                      "Total Cost": 45479.1,
                      "Plan Rows": 143900,
                      "Plan Width": 4,
                      "Actual Startup Time": 115.724,
                      "Actual Total Time": 115.725,
                      "Actual Rows": 76228,
                      "Actual Loops": 6,
                      "Hash Buckets": 1048576,
                      "Original Hash Buckets": 1048576,
                      "Hash Batches": 1,
                      "Original Hash Batches": 1,
                      "Peak Memory Usage": 26208,
                      "Plans": [
                        {
                          "Node Type": "Seq Scan",
                          "Parent Relationship": "Outer",
                          "Parallel Aware": true,
                          "Relation Name": "title",
                          "Alias": "t",
                          "Startup Cost": 0.0,
                          "Total Cost": 45479.1,
                          "Plan Rows": 143900,
                          "Plan Width": 4,
                          "Actual Startup Time": 44.52,
                          "Actual Total Time": 83.869,
                          "Actual Rows": 76228,
                          "Actual Loops": 6,
                          "Filter": "((production_year > 1962) AND (kind_id = 1))",
                          "Rows Removed by Filter": 345158
                        }
                      ]
                    }
                  ]
                }
              ]
            }
          ]
        }
      ]
    },
    "Planning Time": 0.595,
    "Triggers": [],
    "Execution Time": 946.191
  }
]