{
  "Plan": {
    "Node Type": "Aggregate",
    "Strategy": "Plain",
    "Partial Mode": "Finalize",
    "Parallel Aware": false,
    "Startup Cost": 169501.23,
    "Total Cost": 169501.24,
    "Plan Rows": 1,
    "Plan Width": 8,
    "Actual Startup Time": 1475.114,
    "Actual Total Time": 1501.535,
    "Actual Rows": 1,
    "Actual Loops": 1,
    "Plans": [
      {
        "Node Type": "Gather",
        "Parent Relationship": "Outer",
        "Parallel Aware": false,
        "Startup Cost": 169501.12,
        "Total Cost": 169501.23,
        "Plan Rows": 1,
        "Plan Width": 8,
        "Actual Startup Time": 1468.579,
        "Actual Total Time": 1501.527,
        "Actual Rows": 2,
        "Actual Loops": 1,
        "Workers Planned": 1,
        "Workers Launched": 1,
        "Single Copy": false,
        "Plans": [
          {
            "Node Type": "Aggregate",
            "Strategy": "Plain",
            "Partial Mode": "Partial",
            "Parent Relationship": "Outer",
            "Parallel Aware": false,
            "Startup Cost": 168501.12,
            "Total Cost": 168501.13,
            "Plan Rows": 1,
            "Plan Width": 8,
            "Actual Startup Time": 1462.218,
            "Actual Total Time": 1462.225,
            "Actual Rows": 1,
            "Actual Loops": 2,
            "Plans": [
              {
                "Node Type": "Hash Join",
                "Parent Relationship": "Outer",
                "Parallel Aware": true,
                "Join Type": "Inner",
                "Startup Cost": 124459.1,
                "Total Cost": 167263.77,
                "Plan Rows": 494941,
                "Plan Width": 0,
                "Actual Startup Time": 846.435,
                "Actual Total Time": 1334.152,
                "Actual Rows": 3242436,
                "Actual Loops": 2,
                "Inner Unique": false,
                "Hash Cond": "(mc.movie_id = t.id)",
                "Plans": [
                  {
                    "Node Type": "Seq Scan",
                    "Parent Relationship": "Outer",
                    "Parallel Aware": true,
                    "Relation Name": "movie_companies",
                    "Alias": "mc",
                    "Startup Cost": 0.0,
                    "Total Cost": 34137.82,
                    "Plan Rows": 1534782,
                    "Plan Width": 4,
                    "Actual Startup Time": 0.015,
                    "Actual Total Time": 99.426,
                    "Actual Rows": 1304564,
                    "Actual Loops": 2
                  },
                  {
                    "Node Type": "Hash",
                    "Parent Relationship": "Inner",
                    "Parallel Aware": true,
                    "Startup Cost": 118464.01,
                    "Total Cost": 118464.01,
                    "Plan Rows": 479607,
                    "Plan Width": 8,
                    "Actual Startup Time": 830.5,
                    "Actual Total Time": 830.504,
                    "Actual Rows": 402214,
                    "Actual Loops": 2,
                    "Hash Buckets": 1048576,
                    "Original Hash Buckets": 1048576,
                    "Hash Batches": 1,
                    "Original Hash Batches": 1,
                    "Peak Memory Usage": 39680,
                    "Plans": [
                      {
                        "Node Type": "Hash Join",
                        "Parent Relationship": "Outer",
                        "Parallel Aware": true,
                        "Join Type": "Inner",
                        "Startup Cost": 86755.95,
                        "Total Cost": 118464.01,
                        "Plan Rows": 479607,
                        "Plan Width": 8,
                        "Actual Startup Time": 564.872,
                        "Actual Total Time": 746.33,
                        "Actual Rows": 402214,
                        "Actual Loops": 2,
                        "Inner Unique": true,
                        "Hash Cond": "(mk.movie_id = t.id)",
                        "Plans": [
                          {
                            "Node Type": "Bitmap Heap Scan",
                            "Parent Relationship": "Outer",
                            "Parallel Aware": true,
                            "Relation Name": "movie_keyword",
                            "Alias": "mk",
                            "Startup Cost": 17295.26,
                            "Total Cost": 47744.34,
                            "Plan Rows": 479607,
                            "Plan Width": 4,
                            "Actual Startup Time": 47.288,
                            "Actual Total Time": 129.607,
                            "Actual Rows": 402214,
                            "Actual Loops": 2,
                            "Recheck Cond": "(keyword_id > 23032)",
                            "Rows Removed by Index Recheck": 0,
                            "Exact Heap Blocks": 12863,
                            "Lossy Heap Blocks": 0,
                            "Plans": [
                              {
                                "Node Type": "Bitmap Index Scan",
                                "Parent Relationship": "Outer",
                                "Parallel Aware": false,
                                "Index Name": "keyword_id_movie_keyword",
                                "Startup Cost": 0.0,
                                "Total Cost": 17091.42,
                                "Plan Rows": 815332,
                                "Plan Width": 0,
                                "Actual Startup Time": 43.701,
                                "Actual Total Time": 43.701,
                                "Actual Rows": 804428,
                                "Actual Loops": 1,
                                "Index Cond": "(keyword_id > 23032)"
                              }
                            ]
                          },
                          {
                            "Node Type": "Hash",
                            "Parent Relationship": "Inner",
                            "Parallel Aware": true,
                            "Startup Cost": 50870.31,
                            "Total Cost": 50870.31,
                            "Plan Rows": 1487231,
                            "Plan Width": 4,
                            "Actual Startup Time": 501.567,
                            "Actual Total Time": 501.568,
                            "Actual Rows": 1264156,
                            "Actual Loops": 2,
                            "Hash Buckets": 4194304,
                            "Original Hash Buckets": 4194304,
                            "Hash Batches": 1,
                            "Original Hash Batches": 1,
                            "Peak Memory Usage": 131712,
                            "Plans": [
                              {
                                "Node Type": "Seq Scan",
                                "Parent Relationship": "Outer",
                                "Parallel Aware": true,
                                "Relation Name": "title",
                                "Alias": "t",
                                "Startup Cost": 0.0,
                                "Total Cost": 50870.31,
                                "Plan Rows": 1487231,
                                "Plan Width": 4,
                                "Actual Startup Time": 0.034,
                                "Actual Total Time": 153.004,
                                "Actual Rows": 1264156,
                                "Actual Loops": 2
                              }
                            ]
                          }
                        ]
                      }
                    ]
                  }
                ]
              }
            ]
          }
        ]
      }
    ]
  },
  "Planning Time": 1.014,
  "Triggers": [],
  "Execution Time": 1501.635
}