[
  {
    "Plan": {
      "Node Type": "Aggregate",
      "Strategy": "Plain",
      "Partial Mode": "Finalize",
      "Parallel Aware": false,
      "Startup Cost": 346175.52,
      "Total Cost": 346175.53,
      "Plan Rows": 1,
      "Plan Width": 8,
      "Actual Startup Time": 605.603,
      "Actual Total Time": 666.935,
      "Actual Rows": 1,
      "Actual Loops": 1,
      "Plans": [
        {
          "Node Type": "Gather",
          "Parent Relationship": "Outer",
          "Parallel Aware": false,
          "Startup Cost": 346174.9,
          "Total Cost": 346175.51,
          "Plan Rows": 6,
          "Plan Width": 8,
          "Actual Startup Time": 605.363,
          "Actual Total Time": 666.911,
          "Actual Rows": 7,
          "Actual Loops": 1,
          "Workers Planned": 6,
          "Workers Launched": 6,
          "Single Copy": false,
          "Plans": [
            {
              "Node Type": "Aggregate",
              "Strategy": "Plain",
              "Partial Mode": "Partial",
              "Parent Relationship": "Outer",
              "Parallel Aware": false,
              "Startup Cost": 345174.9,
              "Total Cost": 345174.91,
              "Plan Rows": 1,
              "Plan Width": 8,
              "Actual Startup Time": 595.178,
              "Actual Total Time": 595.18,
              "Actual Rows": 1,
              "Actual Loops": 7,
              "Plans": [
                {
                  "Node Type": "Seq Scan",
                  "Parent Relationship": "Outer",
                  "Parallel Aware": true,
                  "Relation Name": "cast_info",
                  "Alias": "ci",
                  "Startup Cost": 0.0,
                  "Total Cost": 343257.03,
                  "Plan Rows": 767147,
                  "Plan Width": 0,
                  "Actual Startup Time": 326.412,
                  "Actual Total Time": 578.719,
                  "Actual Rows": 408704,
                  "Actual Loops": 7,
                  "Filter": "((person_id < 1006122) AND (role_id > 2))",
                  "Rows Removed by Filter": 4769059
                }
              ]
            }
          ]
        }
      ]
    },
    "Planning Time": 0.222,
    "Triggers": [],
    "Execution Time": 667.005
  }
]