{
  "Plan": {
    "Node Type": "Aggregate",
    "Strategy": "Plain",
    "Partial Mode": "Finalize",
    "Parallel Aware": false,
    "Startup Cost": 745837.06,
    "Total Cost": 745837.07,
    "Plan Rows": 1,
    "Plan Width": 8,
    "Actual Startup Time": 3148.483,
    "Actual Total Time": 3209.767,
    "Actual Rows": 1,
    "Actual Loops": 1,
    "Plans": [
      {
        "Node Type": "Gather",
        "Parent Relationship": "Outer",
        "Parallel Aware": false,
        "Startup Cost": 745836.95,
        "Total Cost": 745837.06,
        "Plan Rows": 1,
        "Plan Width": 8,
        "Actual Startup Time": 3144.821,
        "Actual Total Time": 3209.758,
        "Actual Rows": 2,
        "Actual Loops": 1,
        "Workers Planned": 1,
        "Workers Launched": 1,
        "Single Copy": false,
        "Plans": [
          {
            "Node Type": "Aggregate",
            "Strategy": "Plain",
            "Partial Mode": "Partial",
            "Parent Relationship": "Outer",
            "Parallel Aware": false,
            "Startup Cost": 744836.95,
            "Total Cost": 744836.96,
            "Plan Rows": 1,
            "Plan Width": 8,
            "Actual Startup Time": 3137.944,
            "Actual Total Time": 3137.95,
            "Actual Rows": 1,
            "Actual Loops": 2,
            "Plans": [
              {
                "Node Type": "Hash Join",
                "Parent Relationship": "Outer",
                "Parallel Aware": true,
                "Join Type": "Inner",
                "Startup Cost": 452767.65,
                "Total Cost": 741704.62,
                "Plan Rows": 1252934,
                "Plan Width": 0,
                "Actual Startup Time": 1159.139,
                "Actual Total Time": 3088.313,
                "Actual Rows": 1293000,
                "Actual Loops": 2,
                "Inner Unique": false,
                "Hash Cond": "(mi.movie_id = t.id)",
                "Plans": [
                  {
                    "Node Type": "Seq Scan",
                    "Parent Relationship": "Outer",
                    "Parallel Aware": true,
                    "Relation Name": "movie_info",
                    "Alias": "mi",
                    "Startup Cost": 0.0,
                    "Total Cost": 248955.74,
                    "Plan Rows": 8696274,
                    "Plan Width": 4,
                    "Actual Startup Time": 0.016,
                    "Actual Total Time": 630.006,
                    "Actual Rows": 7417860,
                    "Actual Loops": 2
                  },
                  {
                    "Node Type": "Hash",
                    "Parent Relationship": "Inner",
                    "Parallel Aware": true,
                    "Startup Cost": 450089.2,
                    "Total Cost": 450089.2,
                    "Plan Rows": 214276,
                    "Plan Width": 8,
                    "Actual Startup Time": 1152.182,
                    "Actual Total Time": 1152.187,
                    "Actual Rows": 404252,
                    "Actual Loops": 2,
                    "Hash Buckets": 1048576,
                    "Original Hash Buckets": 524288,
                    "Hash Batches": 1,
                    "Original Hash Batches": 1,
                    "Peak Memory Usage": 43936,
                    "Plans": [
                      {
                        "Node Type": "Hash Join",
                        "Parent Relationship": "Outer",
                        "Parallel Aware": true,
                        "Join Type": "Inner",
                        "Startup Cost": 157166.23,
                        "Total Cost": 450089.2,
                        "Plan Rows": 214276,
                        "Plan Width": 8,
                        "Actual Startup Time": 409.344,
                        "Actual Total Time": 1045.571,
                        "Actual Rows": 404252,
                        "Actual Loops": 2,
                        "Inner Unique": true,
                        "Hash Cond": "(ci.movie_id = t.id)",
                        "Plans": [
                          {
                            "Node Type": "Bitmap Heap Scan",
                            "Parent Relationship": "Outer",
                            "Parallel Aware": true,
                            "Relation Name": "cast_info",
                            "Alias": "ci",
                            "Startup Cost": 94287.5,
                            "Total Cost": 384923.51,
                            "Plan Rows": 871225,
                            "Plan Width": 4,
                            "Actual Startup Time": 164.348,
                            "Actual Total Time": 449.91,
                            "Actual Rows": 1589746,
                            "Actual Loops": 2,
                            "Recheck Cond": "(person_id < 425287)",
                            "Rows Removed by Index Recheck": 0,
                            "Filter": "(role_id = 1)",
                            "Rows Removed by Filter": 612585,
                            "Exact Heap Blocks": 25779,
                            "Lossy Heap Blocks": 0,
                            "Plans": [
                              {
                                "Node Type": "Bitmap Index Scan",
                                "Parent Relationship": "Outer",
                                "Parallel Aware": false,
                                "Index Name": "person_id_cast_info",
                                "Startup Cost": 0.0,
                                "Total Cost": 93917.23,
                                "Plan Rows": 4300888,
                                "Plan Width": 0,
                                "Actual Startup Time": 156.884,
                                "Actual Total Time": 156.884,
                                "Actual Rows": 4404662,
                                "Actual Loops": 1,
                                "Index Cond": "(person_id < 425287)"
                              }
                            ]
                          },
                          {
                            "Node Type": "Hash",
                            "Parent Relationship": "Inner",
                            "Parallel Aware": true,
                            "Startup Cost": 58306.47,
                            "Total Cost": 58306.47,
                            "Plan Rows": 365781,
                            "Plan Width": 4,
                            "Actual Startup Time": 238.032,
                            "Actual Total Time": 238.033,
                            "Actual Rows": 338464,
                            "Actual Loops": 2,
                            "Hash Buckets": 1048576,
                            "Original Hash Buckets": 1048576,
                            "Hash Batches": 1,
                            "Original Hash Batches": 1,
                            "Peak Memory Usage": 34688,
                            "Plans": [
                              {
                                "Node Type": "Seq Scan",
                                "Parent Relationship": "Outer",
                                "Parallel Aware": true,
                                "Relation Name": "title",
                                "Alias": "t",
                                "Startup Cost": 0.0,
                                "Total Cost": 58306.47,
                                "Plan Rows": 365781,
                                "Plan Width": 4,
                                "Actual Startup Time": 0.039,
                                "Actual Total Time": 152.139,
                                "Actual Rows": 338464,
                                "Actual Loops": 2,
                                "Filter": "((production_year > 2005) AND (kind_id = 7))",
                                "Rows Removed by Filter": 925692
                              }
                            ]
                          }
                        ]
                      }
                    ]
                  }
                ]
              }
            ]
          }
        ]
      }
    ]
  },
  "Planning Time": 0.983,
  "Triggers": [],
  "Execution Time": 3209.882
}