[
  {
    "Plan": {
      "Node Type": "Aggregate",
      "Strategy": "Plain",
      "Partial Mode": "Finalize",
      "Parallel Aware": false,
      "Startup Cost": 46764.38,
      "Total Cost": 46764.39,
      "Plan Rows": 1,
      "Plan Width": 8,
      "Actual Startup Time": 97.699,
      "Actual Total Time": 109.021,
      "Actual Rows": 1,
      "Actual Loops": 1,
      "Plans": [
        {
          "Node Type": "Gather",
          "Parent Relationship": "Outer",
          "Parallel Aware": false,
          "Startup Cost": 46763.96,
          "Total Cost": 46764.37,
          "Plan Rows": 4,
          "Plan Width": 8,
          "Actual Startup Time": 97.576,
          "Actual Total Time": 109.013,
          "Actual Rows": 5,
          "Actual Loops": 1,
          "Workers Planned": 4,
          "Workers Launched": 4,
          "Single Copy": false,
          "Plans": [
            {
              "Node Type": "Aggregate",
              "Strategy": "Plain",
              "Partial Mode": "Partial",
              "Parent Relationship": "Outer",
              "Parallel Aware": false,
              "Startup Cost": 45763.96,
              "Total Cost": 45763.97,
              "Plan Rows": 1,
              "Plan Width": 8,
              "Actual Startup Time": 90.638,
              "Actual Total Time": 90.639,
              "Actual Rows": 1,
              "Actual Loops": 5,
              "Plans": [
                {
                  "Node Type": "Seq Scan",
                  "Parent Relationship": "Outer",
                  "Parallel Aware": true,
                  "Relation Name": "title",
                  "Alias": "t",
                  "Startup Cost": 0.0,
                  "Total Cost": 45479.1,
                  "Plan Rows": 113945,
                  "Plan Width": 0,
                  "Actual Startup Time": 0.032,
                  "Actual Total Time": 86.558,
                  "Actual Rows": 64353,
                  "Actual Loops": 5,
                  "Filter": "((kind_id > 1) AND (production_year < 1987))",
                  "Rows Removed by Filter": 441309
                }
              ]
            }
          ]
        }
      ]
    },
    "Planning Time": 0.186,
    "Triggers": [],
    "Execution Time": 109.082
  }
]