{
  "Plan": {
    "Node Type": "Aggregate",
    "Strategy": "Plain",
    "Partial Mode": "Finalize",
    "Parallel Aware": false,
    "Startup Cost": 329712.79,
    "Total Cost": 329712.8,
    "Plan Rows": 1,
    "Plan Width": 8,
    "Actual Startup Time": 1916.275,
    "Actual Total Time": 1965.918,
    "Actual Rows": 1,
    "Actual Loops": 1,
    "Plans": [
      {
        "Node Type": "Gather",
        "Parent Relationship": "Outer",
        "Parallel Aware": false,
        "Startup Cost": 329712.67,
        "Total Cost": 329712.78,
        "Plan Rows": 1,
        "Plan Width": 8,
        "Actual Startup Time": 1915.643,
        "Actual Total Time": 1965.909,
        "Actual Rows": 2,
        "Actual Loops": 1,
        "Workers Planned": 1,
        "Workers Launched": 1,
        "Single Copy": false,
        "Plans": [
          {
            "Node Type": "Aggregate",
            "Strategy": "Plain",
            "Partial Mode": "Partial",
            "Parent Relationship": "Outer",
            "Parallel Aware": false,
            "Startup Cost": 328712.67,
            "Total Cost": 328712.68,
            "Plan Rows": 1,
            "Plan Width": 8,
            "Actual Startup Time": 1910.233,
            "Actual Total Time": 1910.236,
            "Actual Rows": 1,
            "Actual Loops": 2,
            "Plans": [
              {
                "Node Type": "Hash Join",
                "Parent Relationship": "Outer",
                "Parallel Aware": true,
                "Join Type": "Inner",
                "Startup Cost": 55667.36,
                "Total Cost": 327450.85,
                "Plan Rows": 504728,
                "Plan Width": 0,
                "Actual Startup Time": 175.55,
                "Actual Total Time": 1870.053,
                "Actual Rows": 849337,
                "Actual Loops": 2,
                "Inner Unique": true,
                "Hash Cond": "(mi.movie_id = t.id)",
                "Plans": [
                  {
                    "Node Type": "Seq Scan",
                    "Parent Relationship": "Outer",
                    "Parallel Aware": true,
                    "Relation Name": "movie_info",
                    "Alias": "mi",
                    "Startup Cost": 0.0,
                    "Total Cost": 248955.74,
                    "Plan Rows": 8696274,
                    "Plan Width": 4,
                    "Actual Startup Time": 0.011,
                    "Actual Total Time": 721.191,
                    "Actual Rows": 7417860,
                    "Actual Loops": 2
                  },
                  {
                    "Node Type": "Hash",
                    "Parent Relationship": "Inner",
                    "Parallel Aware": true,
                    "Startup Cost": 54588.39,
                    "Total Cost": 54588.39,
                    "Plan Rows": 86318,
                    "Plan Width": 4,
                    "Actual Startup Time": 168.795,
                    "Actual Total Time": 168.796,
                    "Actual Rows": 73860,
                    "Actual Loops": 2,
                    "Hash Buckets": 262144,
                    "Original Hash Buckets": 262144,
                    "Hash Batches": 1,
                    "Original Hash Batches": 1,
                    "Peak Memory Usage": 7840,
                    "Plans": [
                      {
                        "Node Type": "Seq Scan",
                        "Parent Relationship": "Outer",
                        "Parallel Aware": true,
                        "Relation Name": "title",
                        "Alias": "t",
                        "Startup Cost": 0.0,
                        "Total Cost": 54588.39,
                        "Plan Rows": 86318,
                        "Plan Width": 4,
                        "Actual Startup Time": 10.209,
                        "Actual Total Time": 149.673,
                        "Actual Rows": 73860,
                        "Actual Loops": 2,
                        "Filter": "(production_year < 1943)",
                        "Rows Removed by Filter": 1190296
                      }
                    ]
                  }
                ]
              }
            ]
          }
        ]
      }
    ]
  },
  "Planning Time": 0.425,
  "Triggers": [],
  "Execution Time": 1965.987
}