[
  {
    "Plan": {
      "Node Type": "Aggregate",
      "Strategy": "Plain",
      "Partial Mode": "Finalize",
      "Parallel Aware": false,
      "Startup Cost": 32732.1,
      "Total Cost": 32732.11,
      "Plan Rows": 1,
      "Plan Width": 8,
      "Actual Startup Time": 73.02,
      "Actual Total Time": 80.948,
      "Actual Rows": 1,
      "Actual Loops": 1,
      "Plans": [
        {
          "Node Type": "Gather",
          "Parent Relationship": "Outer",
          "Parallel Aware": false,
          "Startup Cost": 32731.78,
          "Total Cost": 32732.09,
          "Plan Rows": 3,
          "Plan Width": 8,
          "Actual Startup Time": 72.904,
          "Actual Total Time": 80.94,
          "Actual Rows": 4,
          "Actual Loops": 1,
          "Workers Planned": 3,
          "Workers Launched": 3,
          "Single Copy": false,
          "Plans": [
            {
              "Node Type": "Aggregate",
              "Strategy": "Plain",
              "Partial Mode": "Partial",
              "Parent Relationship": "Outer",
              "Parallel Aware": false,
              "Startup Cost": 31731.78,
              "Total Cost": 31731.79,
              "Plan Rows": 1,
              "Plan Width": 8,
              "Actual Startup Time": 68.952,
              "Actual Total Time": 68.953,
              "Actual Rows": 1,
              "Actual Loops": 4,
              "Plans": [
                {
                  "Node Type": "Seq Scan",
                  "Parent Relationship": "Outer",
                  "Parallel Aware": true,
                  "Relation Name": "movie_companies",
                  "Alias": "mc",
                  "Startup Cost": 0.0,
                  "Total Cost": 31414.82,
                  "Plan Rows": 126785,
                  "Plan Width": 0,
                  "Actual Startup Time": 17.291,
                  "Actual Total Time": 67.993,
                  "Actual Rows": 17270,
                  "Actual Loops": 4,
                  "Filter": "((company_id > 31250) AND (company_type_id = 1))",
                  "Rows Removed by Filter": 635012
                }
              ]
            }
          ]
        }
      ]
    },
    "Planning Time": 0.215,
    "Triggers": [],
    "Execution Time": 81.007
  }
]