[
    {
        "Bao": {
            "Bao prediction": "NaN",
            "Bao recommended hint": "(no hint)"
        }
    },
    {
        "Plan": {
            "Node Type": "Aggregate",
            "Strategy": "Plain",
            "Partial Mode": "Finalize",
            "Parallel Aware": false,
            "Startup Cost": 99073.11,
            "Total Cost": 99073.12,
            "Plan Rows": 1,
            "Plan Width": 8,
            "Actual Startup Time": 94.396,
            "Actual Total Time": 101.87,
            "Actual Rows": 1,
            "Actual Loops": 1,
            "Output": [
                "count(*)"
            ],
            "Plans": [
                {
                    "Node Type": "Gather",
                    "Parent Relationship": "Outer",
                    "Parallel Aware": false,
                    "Startup Cost": 99072.69,
                    "Total Cost": 99073.1,
                    "Plan Rows": 4,
                    "Plan Width": 8,
                    "Actual Startup Time": 94.281,
                    "Actual Total Time": 101.863,
                    "Actual Rows": 5,
                    "Actual Loops": 1,
                    "Output": [
                        "(PARTIAL count(*))"
                    ],
                    "Workers Planned": 4,
                    "Workers Launched": 4,
                    "Single Copy": false,
                    "Plans": [
                        {
                            "Node Type": "Aggregate",
                            "Strategy": "Plain",
                            "Partial Mode": "Partial",
                            "Parent Relationship": "Outer",
                            "Parallel Aware": false,
                            "Startup Cost": 98072.69,
                            "Total Cost": 98072.7,
                            "Plan Rows": 1,
                            "Plan Width": 8,
                            "Actual Startup Time": 84.643,
                            "Actual Total Time": 84.644,
                            "Actual Rows": 1,
                            "Actual Loops": 5,
                            "Output": [
                                "PARTIAL count(*)"
                            ],
                            "Workers": [
                                {
                                    "Worker Number": 0,
                                    "Actual Startup Time": 82.044,
                                    "Actual Total Time": 82.046,
                                    "Actual Rows": 1,
                                    "Actual Loops": 1
                                },
                                {
                                    "Worker Number": 1,
                                    "Actual Startup Time": 82.135,
                                    "Actual Total Time": 82.136,
                                    "Actual Rows": 1,
                                    "Actual Loops": 1
                                },
                                {
                                    "Worker Number": 2,
                                    "Actual Startup Time": 82.428,
                                    "Actual Total Time": 82.429,
                                    "Actual Rows": 1,
                                    "Actual Loops": 1
                                },
                                {
                                    "Worker Number": 3,
                                    "Actual Startup Time": 82.821,
                                    "Actual Total Time": 82.823,
                                    "Actual Rows": 1,
                                    "Actual Loops": 1
                                }
                            ],
                            "Plans": [
                                {
                                    "Node Type": "Nested Loop",
                                    "Parent Relationship": "Outer",
                                    "Parallel Aware": false,
                                    "Join Type": "Inner",
                                    "Startup Cost": 0.56,
                                    "Total Cost": 98071.22,
                                    "Plan Rows": 585,
                                    "Plan Width": 0,
                                    "Actual Startup Time": 29.088,
                                    "Actual Total Time": 84.631,
                                    "Actual Rows": 11,
                                    "Actual Loops": 5,
                                    "Inner Unique": false,
                                    "Workers": [
                                        {
                                            "Worker Number": 0,
                                            "Actual Startup Time": 33.047,
                                            "Actual Total Time": 82.033,
                                            "Actual Rows": 7,
                                            "Actual Loops": 1
                                        },
                                        {
                                            "Worker Number": 1,
                                            "Actual Startup Time": 28.033,
                                            "Actual Total Time": 82.124,
                                            "Actual Rows": 12,
                                            "Actual Loops": 1
                                        },
                                        {
                                            "Worker Number": 2,
                                            "Actual Startup Time": 31.059,
                                            "Actual Total Time": 82.416,
                                            "Actual Rows": 9,
                                            "Actual Loops": 1
                                        },
                                        {
                                            "Worker Number": 3,
                                            "Actual Startup Time": 30.453,
                                            "Actual Total Time": 82.81,
                                            "Actual Rows": 12,
                                            "Actual Loops": 1
                                        }
                                    ],
                                    "Plans": [
                                        {
                                            "Node Type": "Seq Scan",
                                            "Parent Relationship": "Outer",
                                            "Parallel Aware": true,
                                            "Relation Name": "title",
                                            "Schema": "public",
                                            "Alias": "t",
                                            "Startup Cost": 0.0,
                                            "Total Cost": 45479.21,
                                            "Plan Rows": 370,
                                            "Plan Width": 4,
                                            "Actual Startup Time": 20.687,
                                            "Actual Total Time": 82.916,
                                            "Actual Rows": 19,
                                            "Actual Loops": 5,
                                            "Output": [
                                                "t.id",
                                                "t.title",
                                                "t.imdb_index",
                                                "t.kind_id",
                                                "t.production_year",
                                                "t.imdb_id",
                                                "t.phonetic_code",
                                                "t.episode_of_id",
                                                "t.season_nr",
                                                "t.episode_nr",
                                                "t.series_years",
                                                "t.md5sum"
                                            ],
                                            "Filter": "((t.kind_id > 1) AND (t.production_year = 1946))",
                                            "Rows Removed by Filter": 505643,
                                            "Workers": [
                                                {
                                                    "Worker Number": 0,
                                                    "Actual Startup Time": 14.814,
                                                    "Actual Total Time": 79.572,
                                                    "Actual Rows": 17,
                                                    "Actual Loops": 1
                                                },
                                                {
                                                    "Worker Number": 1,
                                                    "Actual Startup Time": 21.275,
                                                    "Actual Total Time": 80.336,
                                                    "Actual Rows": 18,
                                                    "Actual Loops": 1
                                                },
                                                {
                                                    "Worker Number": 2,
                                                    "Actual Startup Time": 29.966,
                                                    "Actual Total Time": 80.845,
                                                    "Actual Rows": 13,
                                                    "Actual Loops": 1
                                                },
                                                {
                                                    "Worker Number": 3,
                                                    "Actual Startup Time": 30.303,
                                                    "Actual Total Time": 80.675,
                                                    "Actual Rows": 20,
                                                    "Actual Loops": 1
                                                }
                                            ]
                                        },
                                        {
                                            "Node Type": "Index Scan",
                                            "Parent Relationship": "Inner",
                                            "Parallel Aware": false,
                                            "Scan Direction": "Forward",
                                            "Index Name": "movie_id_cast_info",
                                            "Relation Name": "cast_info",
                                            "Schema": "public",
                                            "Alias": "ci",
                                            "Startup Cost": 0.56,
                                            "Total Cost": 142.1,
                                            "Plan Rows": 4,
                                            "Plan Width": 4,
                                            "Actual Startup Time": 0.078,
                                            "Actual Total Time": 0.089,
                                            "Actual Rows": 1,
                                            "Actual Loops": 95,
                                            "Output": [
                                                "ci.id",
                                                "ci.person_id",
                                                "ci.movie_id",
                                                "ci.person_role_id",
                                                "ci.note",
                                                "ci.nr_order",
                                                "ci.role_id"
                                            ],
                                            "Index Cond": "(ci.movie_id = t.id)",
                                            "Rows Removed by Index Recheck": 0,
                                            "Filter": "(ci.role_id = 3)",
                                            "Rows Removed by Filter": 7,
                                            "Workers": [
                                                {
                                                    "Worker Number": 0,
                                                    "Actual Startup Time": 0.13,
                                                    "Actual Total Time": 0.143,
                                                    "Actual Rows": 0,
                                                    "Actual Loops": 17
                                                },
                                                {
                                                    "Worker Number": 1,
                                                    "Actual Startup Time": 0.086,
                                                    "Actual Total Time": 0.098,
                                                    "Actual Rows": 1,
                                                    "Actual Loops": 18
                                                },
                                                {
                                                    "Worker Number": 2,
                                                    "Actual Startup Time": 0.098,
                                                    "Actual Total Time": 0.119,
                                                    "Actual Rows": 1,
                                                    "Actual Loops": 13
                                                },
                                                {
                                                    "Worker Number": 3,
                                                    "Actual Startup Time": 0.094,
                                                    "Actual Total Time": 0.105,
                                                    "Actual Rows": 1,
                                                    "Actual Loops": 20
                                                }
                                            ]
                                        }
                                    ]
                                }
                            ]
                        }
                    ]
                }
            ]
        },
        "Planning Time": 206.451,
        "Triggers": [],
        "Execution Time": 101.946
    }
]