[
    {
        "Bao": {
            "Bao prediction": "NaN",
            "Bao recommended hint": "(no hint)"
        }
    },
    {
        "Plan": {
            "Node Type": "Aggregate",
            "Strategy": "Plain",
            "Partial Mode": "Finalize",
            "Parallel Aware": false,
            "Startup Cost": 491294.76,
            "Total Cost": 491294.77,
            "Plan Rows": 1,
            "Plan Width": 8,
            "Actual Startup Time": 2905.275,
            "Actual Total Time": 2958.942,
            "Actual Rows": 1,
            "Actual Loops": 1,
            "Output": [
                "count(*)"
            ],
            "Plans": [
                {
                    "Node Type": "Gather",
                    "Parent Relationship": "Outer",
                    "Parallel Aware": false,
                    "Startup Cost": 491294.13,
                    "Total Cost": 491294.74,
                    "Plan Rows": 6,
                    "Plan Width": 8,
                    "Actual Startup Time": 2878.278,
                    "Actual Total Time": 2958.931,
                    "Actual Rows": 7,
                    "Actual Loops": 1,
                    "Output": [
                        "(PARTIAL count(*))"
                    ],
                    "Workers Planned": 6,
                    "Workers Launched": 6,
                    "Single Copy": false,
                    "Plans": [
                        {
                            "Node Type": "Aggregate",
                            "Strategy": "Plain",
                            "Partial Mode": "Partial",
                            "Parent Relationship": "Outer",
                            "Parallel Aware": false,
                            "Startup Cost": 490294.13,
                            "Total Cost": 490294.14,
                            "Plan Rows": 1,
                            "Plan Width": 8,
                            "Actual Startup Time": 2853.046,
                            "Actual Total Time": 2854.029,
                            "Actual Rows": 1,
                            "Actual Loops": 7,
                            "Output": [
                                "PARTIAL count(*)"
                            ],
                            "Workers": [
                                {
                                    "Worker Number": 0,
                                    "Actual Startup Time": 2848.182,
                                    "Actual Total Time": 2848.187,
                                    "Actual Rows": 1,
                                    "Actual Loops": 1
                                },
                                {
                                    "Worker Number": 1,
                                    "Actual Startup Time": 2848.134,
                                    "Actual Total Time": 2848.138,
                                    "Actual Rows": 1,
                                    "Actual Loops": 1
                                },
                                {
                                    "Worker Number": 2,
                                    "Actual Startup Time": 2852.359,
                                    "Actual Total Time": 2852.364,
                                    "Actual Rows": 1,
                                    "Actual Loops": 1
                                },
                                {
                                    "Worker Number": 3,
                                    "Actual Startup Time": 2848.221,
                                    "Actual Total Time": 2848.227,
                                    "Actual Rows": 1,
                                    "Actual Loops": 1
                                },
                                {
                                    "Worker Number": 4,
                                    "Actual Startup Time": 2848.22,
                                    "Actual Total Time": 2848.226,
                                    "Actual Rows": 1,
                                    "Actual Loops": 1
                                },
                                {
                                    "Worker Number": 5,
                                    "Actual Startup Time": 2848.456,
                                    "Actual Total Time": 2848.461,
                                    "Actual Rows": 1,
                                    "Actual Loops": 1
                                }
                            ],
                            "Plans": [
                                {
                                    "Node Type": "Hash Join",
                                    "Parent Relationship": "Outer",
                                    "Parallel Aware": true,
                                    "Join Type": "Inner",
                                    "Startup Cost": 111114.54,
                                    "Total Cost": 479055.43,
                                    "Plan Rows": 4495480,
                                    "Plan Width": 0,
                                    "Actual Startup Time": 841.257,
                                    "Actual Total Time": 2492.679,
                                    "Actual Rows": 8321296,
                                    "Actual Loops": 7,
                                    "Inner Unique": false,
                                    "Hash Cond": "(ci.movie_id = t.id)",
                                    "Workers": [
                                        {
                                            "Worker Number": 0,
                                            "Actual Startup Time": 836.978,
                                            "Actual Total Time": 2470.369,
                                            "Actual Rows": 6851135,
                                            "Actual Loops": 1
                                        },
                                        {
                                            "Worker Number": 1,
                                            "Actual Startup Time": 837.044,
                                            "Actual Total Time": 2493.591,
                                            "Actual Rows": 8582290,
                                            "Actual Loops": 1
                                        },
                                        {
                                            "Worker Number": 2,
                                            "Actual Startup Time": 836.955,
                                            "Actual Total Time": 2497.171,
                                            "Actual Rows": 8606666,
                                            "Actual Loops": 1
                                        },
                                        {
                                            "Worker Number": 3,
                                            "Actual Startup Time": 837.049,
                                            "Actual Total Time": 2497.396,
                                            "Actual Rows": 9038832,
                                            "Actual Loops": 1
                                        },
                                        {
                                            "Worker Number": 4,
                                            "Actual Startup Time": 837.009,
                                            "Actual Total Time": 2497.515,
                                            "Actual Rows": 9034138,
                                            "Actual Loops": 1
                                        },
                                        {
                                            "Worker Number": 5,
                                            "Actual Startup Time": 837.241,
                                            "Actual Total Time": 2471.622,
                                            "Actual Rows": 6838429,
                                            "Actual Loops": 1
                                        }
                                    ],
                                    "Plans": [
                                        {
                                            "Node Type": "Seq Scan",
                                            "Parent Relationship": "Outer",
                                            "Parallel Aware": true,
                                            "Relation Name": "cast_info",
                                            "Schema": "public",
                                            "Alias": "ci",
                                            "Startup Cost": 0.0,
                                            "Total Cost": 343318.94,
                                            "Plan Rows": 2698778,
                                            "Plan Width": 4,
                                            "Actual Startup Time": 190.514,
                                            "Actual Total Time": 612.122,
                                            "Actual Rows": 2102746,
                                            "Actual Loops": 7,
                                            "Output": [
                                                "ci.id",
                                                "ci.person_id",
                                                "ci.movie_id",
                                                "ci.person_role_id",
                                                "ci.note",
                                                "ci.nr_order",
                                                "ci.role_id"
                                            ],
                                            "Filter": "((ci.person_id > 1746501) AND (ci.role_id < 10))",
                                            "Rows Removed by Filter": 3075017,
                                            "Workers": [
                                                {
                                                    "Worker Number": 0,
                                                    "Actual Startup Time": 190.526,
                                                    "Actual Total Time": 626.995,
                                                    "Actual Rows": 1765098,
                                                    "Actual Loops": 1
                                                },
                                                {
                                                    "Worker Number": 1,
                                                    "Actual Startup Time": 190.525,
                                                    "Actual Total Time": 612.861,
                                                    "Actual Rows": 2163176,
                                                    "Actual Loops": 1
                                                },
                                                {
                                                    "Worker Number": 2,
                                                    "Actual Startup Time": 190.539,
                                                    "Actual Total Time": 611.273,
                                                    "Actual Rows": 2160728,
                                                    "Actual Loops": 1
                                                },
                                                {
                                                    "Worker Number": 3,
                                                    "Actual Startup Time": 190.495,
                                                    "Actual Total Time": 618.594,
                                                    "Actual Rows": 2277836,
                                                    "Actual Loops": 1
                                                },
                                                {
                                                    "Worker Number": 4,
                                                    "Actual Startup Time": 190.468,
                                                    "Actual Total Time": 615.626,
                                                    "Actual Rows": 2267253,
                                                    "Actual Loops": 1
                                                },
                                                {
                                                    "Worker Number": 5,
                                                    "Actual Startup Time": 190.559,
                                                    "Actual Total Time": 621.3,
                                                    "Actual Rows": 1765945,
                                                    "Actual Loops": 1
                                                }
                                            ]
                                        },
                                        {
                                            "Node Type": "Hash",
                                            "Parent Relationship": "Inner",
                                            "Parallel Aware": true,
                                            "Startup Cost": 94132.51,
                                            "Total Cost": 94132.51,
                                            "Plan Rows": 1358562,
                                            "Plan Width": 8,
                                            "Actual Startup Time": 641.59,
                                            "Actual Total Time": 642.572,
                                            "Actual Rows": 634482,
                                            "Actual Loops": 7,
                                            "Output": [
                                                "t.id",
                                                "mk.movie_id"
                                            ],
                                            "Hash Buckets": 8388608,
                                            "Original Hash Buckets": 8388608,
                                            "Hash Batches": 1,
                                            "Original Hash Batches": 1,
                                            "Peak Memory Usage": 239360,
                                            "Workers": [
                                                {
                                                    "Worker Number": 0,
                                                    "Actual Startup Time": 645.232,
                                                    "Actual Total Time": 645.236,
                                                    "Actual Rows": 475810,
                                                    "Actual Loops": 1
                                                },
                                                {
                                                    "Worker Number": 1,
                                                    "Actual Startup Time": 645.387,
                                                    "Actual Total Time": 645.39,
                                                    "Actual Rows": 689443,
                                                    "Actual Loops": 1
                                                },
                                                {
                                                    "Worker Number": 2,
                                                    "Actual Startup Time": 645.398,
                                                    "Actual Total Time": 645.401,
                                                    "Actual Rows": 685051,
                                                    "Actual Loops": 1
                                                },
                                                {
                                                    "Worker Number": 3,
                                                    "Actual Startup Time": 645.328,
                                                    "Actual Total Time": 645.332,
                                                    "Actual Rows": 709762,
                                                    "Actual Loops": 1
                                                },
                                                {
                                                    "Worker Number": 4,
                                                    "Actual Startup Time": 645.447,
                                                    "Actual Total Time": 645.451,
                                                    "Actual Rows": 679596,
                                                    "Actual Loops": 1
                                                },
                                                {
                                                    "Worker Number": 5,
                                                    "Actual Startup Time": 645.886,
                                                    "Actual Total Time": 645.89,
                                                    "Actual Rows": 473800,
                                                    "Actual Loops": 1
                                                }
                                            ],
                                            "Plans": [
                                                {
                                                    "Node Type": "Hash Join",
                                                    "Parent Relationship": "Outer",
                                                    "Parallel Aware": true,
                                                    "Join Type": "Inner",
                                                    "Startup Cost": 51254.43,
                                                    "Total Cost": 94132.51,
                                                    "Plan Rows": 1358562,
                                                    "Plan Width": 8,
                                                    "Actual Startup Time": 240.047,
                                                    "Actual Total Time": 439.54,
                                                    "Actual Rows": 634482,
                                                    "Actual Loops": 7,
                                                    "Output": [
                                                        "t.id",
                                                        "mk.movie_id"
                                                    ],
                                                    "Inner Unique": true,
                                                    "Hash Cond": "(mk.movie_id = t.id)",
                                                    "Workers": [
                                                        {
                                                            "Worker Number": 0,
                                                            "Actual Startup Time": 240.056,
                                                            "Actual Total Time": 440.477,
                                                            "Actual Rows": 475810,
                                                            "Actual Loops": 1
                                                        },
                                                        {
                                                            "Worker Number": 1,
                                                            "Actual Startup Time": 240.03,
                                                            "Actual Total Time": 438.342,
                                                            "Actual Rows": 689443,
                                                            "Actual Loops": 1
                                                        },
                                                        {
                                                            "Worker Number": 2,
                                                            "Actual Startup Time": 240.02,
                                                            "Actual Total Time": 438.012,
                                                            "Actual Rows": 685051,
                                                            "Actual Loops": 1
                                                        },
                                                        {
                                                            "Worker Number": 3,
                                                            "Actual Startup Time": 240.024,
                                                            "Actual Total Time": 438.681,
                                                            "Actual Rows": 709762,
                                                            "Actual Loops": 1
                                                        },
                                                        {
                                                            "Worker Number": 4,
                                                            "Actual Startup Time": 240.029,
                                                            "Actual Total Time": 437.934,
                                                            "Actual Rows": 679596,
                                                            "Actual Loops": 1
                                                        },
                                                        {
                                                            "Worker Number": 5,
                                                            "Actual Startup Time": 240.027,
                                                            "Actual Total Time": 438.446,
                                                            "Actual Rows": 473800,
                                                            "Actual Loops": 1
                                                        }
                                                    ],
                                                    "Plans": [
                                                        {
                                                            "Node Type": "Seq Scan",
                                                            "Parent Relationship": "Outer",
                                                            "Parallel Aware": true,
                                                            "Relation Name": "movie_keyword",
                                                            "Schema": "public",
                                                            "Alias": "mk",
                                                            "Startup Cost": 0.0,
                                                            "Total Cost": 39047.32,
                                                            "Plan Rows": 1459332,
                                                            "Plan Width": 4,
                                                            "Actual Startup Time": 0.014,
                                                            "Actual Total Time": 61.919,
                                                            "Actual Rows": 646276,
                                                            "Actual Loops": 7,
                                                            "Output": [
                                                                "mk.id",
                                                                "mk.movie_id",
                                                                "mk.keyword_id"
                                                            ],
                                                            "Workers": [
                                                                {
                                                                    "Worker Number": 0,
                                                                    "Actual Startup Time": 0.018,
                                                                    "Actual Total Time": 64.173,
                                                                    "Actual Rows": 485070,
                                                                    "Actual Loops": 1
                                                                },
                                                                {
                                                                    "Worker Number": 1,
                                                                    "Actual Startup Time": 0.012,
                                                                    "Actual Total Time": 62.814,
                                                                    "Actual Rows": 701335,
                                                                    "Actual Loops": 1
                                                                },
                                                                {
                                                                    "Worker Number": 2,
                                                                    "Actual Startup Time": 0.012,
                                                                    "Actual Total Time": 62.74,
                                                                    "Actual Rows": 697635,
                                                                    "Actual Loops": 1
                                                                },
                                                                {
                                                                    "Worker Number": 3,
                                                                    "Actual Startup Time": 0.016,
                                                                    "Actual Total Time": 63.083,
                                                                    "Actual Rows": 722610,
                                                                    "Actual Loops": 1
                                                                },
                                                                {
                                                                    "Worker Number": 4,
                                                                    "Actual Startup Time": 0.019,
                                                                    "Actual Total Time": 62.927,
                                                                    "Actual Rows": 692025,
                                                                    "Actual Loops": 1
                                                                },
                                                                {
                                                                    "Worker Number": 5,
                                                                    "Actual Startup Time": 0.018,
                                                                    "Actual Total Time": 63.821,
                                                                    "Actual Rows": 483220,
                                                                    "Actual Loops": 1
                                                                }
                                                            ]
                                                        },
                                                        {
                                                            "Node Type": "Hash",
                                                            "Parent Relationship": "Inner",
                                                            "Parallel Aware": true,
                                                            "Startup Cost": 43899.01,
                                                            "Total Cost": 43899.01,
                                                            "Plan Rows": 588434,
                                                            "Plan Width": 4,
                                                            "Actual Startup Time": 236.8,
                                                            "Actual Total Time": 236.801,
                                                            "Actual Rows": 336806,
                                                            "Actual Loops": 7,
                                                            "Output": [
                                                                "t.id"
                                                            ],
                                                            "Hash Buckets": 4194304,
                                                            "Original Hash Buckets": 4194304,
                                                            "Hash Batches": 1,
                                                            "Original Hash Batches": 1,
                                                            "Peak Memory Usage": 125088,
                                                            "Workers": [
                                                                {
                                                                    "Worker Number": 0,
                                                                    "Actual Startup Time": 239.945,
                                                                    "Actual Total Time": 239.947,
                                                                    "Actual Rows": 254503,
                                                                    "Actual Loops": 1
                                                                },
                                                                {
                                                                    "Worker Number": 1,
                                                                    "Actual Startup Time": 239.953,
                                                                    "Actual Total Time": 239.954,
                                                                    "Actual Rows": 337580,
                                                                    "Actual Loops": 1
                                                                },
                                                                {
                                                                    "Worker Number": 2,
                                                                    "Actual Startup Time": 239.919,
                                                                    "Actual Total Time": 239.921,
                                                                    "Actual Rows": 336967,
                                                                    "Actual Loops": 1
                                                                },
                                                                {
                                                                    "Worker Number": 3,
                                                                    "Actual Startup Time": 239.919,
                                                                    "Actual Total Time": 239.921,
                                                                    "Actual Rows": 350005,
                                                                    "Actual Loops": 1
                                                                },
                                                                {
                                                                    "Worker Number": 4,
                                                                    "Actual Startup Time": 239.928,
                                                                    "Actual Total Time": 239.93,
                                                                    "Actual Rows": 347928,
                                                                    "Actual Loops": 1
                                                                },
                                                                {
                                                                    "Worker Number": 5,
                                                                    "Actual Startup Time": 239.906,
                                                                    "Actual Total Time": 239.907,
                                                                    "Actual Rows": 252572,
                                                                    "Actual Loops": 1
                                                                }
                                                            ],
                                                            "Plans": [
                                                                {
                                                                    "Node Type": "Seq Scan",
                                                                    "Parent Relationship": "Outer",
                                                                    "Parallel Aware": true,
                                                                    "Relation Name": "title",
                                                                    "Schema": "public",
                                                                    "Alias": "t",
                                                                    "Startup Cost": 0.0,
                                                                    "Total Cost": 43899.01,
                                                                    "Plan Rows": 588434,
                                                                    "Plan Width": 4,
                                                                    "Actual Startup Time": 0.058,
                                                                    "Actual Total Time": 76.814,
                                                                    "Actual Rows": 336806,
                                                                    "Actual Loops": 7,
                                                                    "Output": [
                                                                        "t.id"
                                                                    ],
                                                                    "Filter": "(t.production_year > 1923)",
                                                                    "Rows Removed by Filter": 24382,
                                                                    "Workers": [
                                                                        {
                                                                            "Worker Number": 0,
                                                                            "Actual Startup Time": 0.072,
                                                                            "Actual Total Time": 82.898,
                                                                            "Actual Rows": 254503,
                                                                            "Actual Loops": 1
                                                                        },
                                                                        {
                                                                            "Worker Number": 1,
                                                                            "Actual Startup Time": 0.067,
                                                                            "Actual Total Time": 76.334,
                                                                            "Actual Rows": 337580,
                                                                            "Actual Loops": 1
                                                                        },
                                                                        {
                                                                            "Worker Number": 2,
                                                                            "Actual Startup Time": 0.074,
                                                                            "Actual Total Time": 76.019,
                                                                            "Actual Rows": 336967,
                                                                            "Actual Loops": 1
                                                                        },
                                                                        {
                                                                            "Worker Number": 3,
                                                                            "Actual Startup Time": 0.058,
                                                                            "Actual Total Time": 78.264,
                                                                            "Actual Rows": 350005,
                                                                            "Actual Loops": 1
                                                                        },
                                                                        {
                                                                            "Worker Number": 4,
                                                                            "Actual Startup Time": 0.062,
                                                                            "Actual Total Time": 77.532,
                                                                            "Actual Rows": 347928,
                                                                            "Actual Loops": 1
                                                                        },
                                                                        {
                                                                            "Worker Number": 5,
                                                                            "Actual Startup Time": 0.059,
                                                                            "Actual Total Time": 80.841,
                                                                            "Actual Rows": 252572,
                                                                            "Actual Loops": 1
                                                                        }
                                                                    ]
                                                                }
                                                            ]
                                                        }
                                                    ]
                                                }
                                            ]
                                        }
                                    ]
                                }
                            ]
                        }
                    ]
                }
            ]
        },
        "Planning Time": 215.701,
        "Triggers": [],
        "Execution Time": 2959.038
    }
]