[
  {
    "Plan": {
      "Node Type": "Aggregate",
      "Strategy": "Plain",
      "Partial Mode": "Finalize",
      "Parallel Aware": false,
      "Startup Cost": 150486.47,
      "Total Cost": 150486.48,
      "Plan Rows": 1,
      "Plan Width": 8,
      "Actual Startup Time": 1763.896,
      "Actual Total Time": 1820.345,
      "Actual Rows": 1,
      "Actual Loops": 1,
      "Plans": [
        {
          "Node Type": "Gather",
          "Parent Relationship": "Outer",
          "Parallel Aware": false,
          "Startup Cost": 150486.15,
          "Total Cost": 150486.46,
          "Plan Rows": 3,
          "Plan Width": 8,
          "Actual Startup Time": 1762.589,
          "Actual Total Time": 1820.337,
          "Actual Rows": 4,
          "Actual Loops": 1,
          "Workers Planned": 3,
          "Workers Launched": 3,
          "Single Copy": false,
          "Plans": [
            {
              "Node Type": "Aggregate",
              "Strategy": "Plain",
              "Partial Mode": "Partial",
              "Parent Relationship": "Outer",
              "Parallel Aware": false,
              "Startup Cost": 149486.15,
              "Total Cost": 149486.16,
              "Plan Rows": 1,
              "Plan Width": 8,
              "Actual Startup Time": 1753.341,
              "Actual Total Time": 1753.344,
              "Actual Rows": 1,
              "Actual Loops": 4,
              "Plans": [
                {
                  "Node Type": "Nested Loop",
                  "Parent Relationship": "Outer",
                  "Parallel Aware": false,
                  "Join Type": "Inner",
                  "Startup Cost": 45938.18,
                  "Total Cost": 149002.62,
                  "Plan Rows": 193413,
                  "Plan Width": 0,
                  "Actual Startup Time": 139.71,
                  "Actual Total Time": 1639.644,
                  "Actual Rows": 2772352,
                  "Actual Loops": 4,
                  "Inner Unique": false,
                  "Join Filter": "(t.id = mi.movie_id)",
                  "Rows Removed by Join Filter": 0,
                  "Plans": [
                    {
                      "Node Type": "Hash Join",
                      "Parent Relationship": "Outer",
                      "Parallel Aware": true,
                      "Join Type": "Inner",
                      "Startup Cost": 45937.75,
                      "Total Cost": 76744.2,
                      "Plan Rows": 33077,
                      "Plan Width": 8,
                      "Actual Startup Time": 139.628,
                      "Actual Total Time": 305.88,
                      "Actual Rows": 128306,
                      "Actual Loops": 4,
                      "Inner Unique": true,
                      "Hash Cond": "(mc.movie_id = t.id)",
                      "Plans": [
                        {
                          "Node Type": "Seq Scan",
                          "Parent Relationship": "Outer",
                          "Parallel Aware": true,
                          "Relation Name": "movie_companies",
                          "Alias": "mc",
                          "Startup Cost": 0.0,
                          "Total Cost": 29310.68,
                          "Plan Rows": 569817,
                          "Plan Width": 4,
                          "Actual Startup Time": 0.644,
                          "Actual Total Time": 69.653,
                          "Actual Rows": 443055,
                          "Actual Loops": 4,
                          "Filter": "(company_id > 2165)",
                          "Rows Removed by Filter": 209227
                        },
                        {
                          "Node Type": "Hash",
                          "Parent Relationship": "Inner",
                          "Parallel Aware": true,
                          "Startup Cost": 45479.1,
                          "Total Cost": 45479.1,
                          "Plan Rows": 36692,
                          "Plan Width": 4,
                          "Actual Startup Time": 125.477,
                          "Actual Total Time": 125.477,
                          "Actual Rows": 71784,
                          "Actual Loops": 4,
                          "Hash Buckets": 524288,
                          "Original Hash Buckets": 262144,
                          "Hash Batches": 1,
                          "Original Hash Batches": 1,
                          "Peak Memory Usage": 17440,
                          "Plans": [
                            {
                              "Node Type": "Seq Scan",
                              "Parent Relationship": "Outer",
                              "Parallel Aware": true,
                              "Relation Name": "title",
                              "Alias": "t",
                              "Startup Cost": 0.0,
                              "Total Cost": 45479.1,
                              "Plan Rows": 36692,
                              "Plan Width": 4,
                              "Actual Startup Time": 58.643,
                              "Actual Total Time": 97.29,
                              "Actual Rows": 71784,
                              "Actual Loops": 4,
                              "Filter": "((production_year < 1984) AND (kind_id = 1))",
                              "Rows Removed by Filter": 560294
                            }
                          ]
                        }
                      ]
                    },
                    {
                      "Node Type": "Index Only Scan",
                      "Parent Relationship": "Inner",
                      "Parallel Aware": false,
                      "Scan Direction": "Forward",
                      "Index Name": "movie_id_movie_info",
                      "Relation Name": "movie_info",
                      "Alias": "mi",
                      "Startup Cost": 0.43,
                      "Total Cost": 1.66,
                      "Plan Rows": 42,
                      "Plan Width": 4,
                      "Actual Startup Time": 0.003,
                      "Actual Total Time": 0.009,
                      "Actual Rows": 22,
                      "Actual Loops": 513225,
                      "Index Cond": "(movie_id = mc.movie_id)",
                      "Rows Removed by Index Recheck": 0,
                      "Heap Fetches": 11089409
                    }
                  ]
                }
              ]
            }
          ]
        }
      ]
    },
    "Planning Time": 1.493,
    "Triggers": [],
    "Execution Time": 1820.448
  }
]