{
  "Plan": {
    "Node Type": "Aggregate",
    "Strategy": "Plain",
    "Partial Mode": "Finalize",
    "Parallel Aware": false,
    "Startup Cost": 87867.44,
    "Total Cost": 87867.45,
    "Plan Rows": 1,
    "Plan Width": 8,
    "Actual Startup Time": 321.108,
    "Actual Total Time": 337.425,
    "Actual Rows": 1,
    "Actual Loops": 1,
    "Plans": [
      {
        "Node Type": "Gather",
        "Parent Relationship": "Outer",
        "Parallel Aware": false,
        "Startup Cost": 87867.33,
        "Total Cost": 87867.44,
        "Plan Rows": 1,
        "Plan Width": 8,
        "Actual Startup Time": 320.458,
        "Actual Total Time": 337.418,
        "Actual Rows": 2,
        "Actual Loops": 1,
        "Workers Planned": 1,
        "Workers Launched": 1,
        "Single Copy": false,
        "Plans": [
          {
            "Node Type": "Aggregate",
            "Strategy": "Plain",
            "Partial Mode": "Partial",
            "Parent Relationship": "Outer",
            "Parallel Aware": false,
            "Startup Cost": 86867.33,
            "Total Cost": 86867.34,
            "Plan Rows": 1,
            "Plan Width": 8,
            "Actual Startup Time": 314.413,
            "Actual Total Time": 314.417,
            "Actual Rows": 1,
            "Actual Loops": 2,
            "Plans": [
              {
                "Node Type": "Hash Join",
                "Parent Relationship": "Outer",
                "Parallel Aware": true,
                "Join Type": "Inner",
                "Startup Cost": 24749.82,
                "Total Cost": 86776.44,
                "Plan Rows": 36357,
                "Plan Width": 0,
                "Actual Startup Time": 79.99,
                "Actual Total Time": 313.037,
                "Actual Rows": 19212,
                "Actual Loops": 2,
                "Inner Unique": false,
                "Hash Cond": "(t.id = mc.movie_id)",
                "Plans": [
                  {
                    "Node Type": "Seq Scan",
                    "Parent Relationship": "Outer",
                    "Parallel Aware": true,
                    "Relation Name": "title",
                    "Alias": "t",
                    "Startup Cost": 0.0,
                    "Total Cost": 58306.47,
                    "Plan Rows": 561006,
                    "Plan Width": 4,
                    "Actual Startup Time": 0.018,
                    "Actual Total Time": 154.422,
                    "Actual Rows": 474337,
                    "Actual Loops": 2,
                    "Filter": "((kind_id < 7) AND (production_year > 1910))",
                    "Rows Removed by Filter": 789819
                  },
                  {
                    "Node Type": "Hash",
                    "Parent Relationship": "Inner",
                    "Parallel Aware": true,
                    "Startup Cost": 23545.05,
                    "Total Cost": 23545.05,
                    "Plan Rows": 96382,
                    "Plan Width": 4,
                    "Actual Startup Time": 76.664,
                    "Actual Total Time": 76.666,
                    "Actual Rows": 83854,
                    "Actual Loops": 2,
                    "Hash Buckets": 262144,
                    "Original Hash Buckets": 262144,
                    "Hash Batches": 1,
                    "Original Hash Batches": 1,
                    "Peak Memory Usage": 8640,
                    "Plans": [
                      {
                        "Node Type": "Bitmap Heap Scan",
                        "Parent Relationship": "Outer",
                        "Parallel Aware": true,
                        "Relation Name": "movie_companies",
                        "Alias": "mc",
                        "Startup Cost": 3550.27,
                        "Total Cost": 23545.05,
                        "Plan Rows": 96382,
                        "Plan Width": 4,
                        "Actual Startup Time": 19.311,
                        "Actual Total Time": 55.897,
                        "Actual Rows": 83854,
                        "Actual Loops": 2,
                        "Recheck Cond": "(company_id < 34)",
                        "Rows Removed by Index Recheck": 0,
                        "Exact Heap Blocks": 11100,
                        "Lossy Heap Blocks": 0,
                        "Plans": [
                          {
                            "Node Type": "Bitmap Index Scan",
                            "Parent Relationship": "Outer",
                            "Parallel Aware": false,
                            "Index Name": "company_id_movie_companies",
                            "Startup Cost": 0.0,
                            "Total Cost": 3509.3,
                            "Plan Rows": 163850,
                            "Plan Width": 0,
                            "Actual Startup Time": 18.052,
                            "Actual Total Time": 18.052,
                            "Actual Rows": 167708,
                            "Actual Loops": 1,
                            "Index Cond": "(company_id < 34)"
                          }
                        ]
                      }
                    ]
                  }
                ]
              }
            ]
          }
        ]
      }
    ]
  },
  "Planning Time": 0.552,
  "Triggers": [],
  "Execution Time": 337.512
}