{
    "Plan": {
        "Node Type": "Aggregate",
        "Strategy": "Plain",
        "Partial Mode": "Simple",
        "Parallel Aware": false,
        "Startup Cost": 50011740590.0,
        "Total Cost": 50011740590.01,
        "Plan Rows": 1,
        "Plan Width": 64,
        "Actual Startup Time": 23147.582,
        "Actual Total Time": 23147.596,
        "Actual Rows": 1,
        "Actual Loops": 1,
        "Output": [
            "min(an.name)",
            "min(t.title)"
        ],
        "Plans": [
            {
                "Node Type": "Nested Loop",
                "Parent Relationship": "Outer",
                "Parallel Aware": false,
                "Join Type": "Inner",
                "Startup Cost": 50011674298.95,
                "Total Cost": 50011740587.29,
                "Plan Rows": 543,
                "Plan Width": 33,
                "Actual Startup Time": 22050.642,
                "Actual Total Time": 23110.878,
                "Actual Rows": 147372,
                "Actual Loops": 1,
                "Output": [
                    "an.name",
                    "t.title"
                ],
                "Inner Unique": true,
                "Join Filter": "(an.person_id = n.id)",
                "Rows Removed by Join Filter": 0,
                "Plans": [
                    {
                        "Node Type": "Merge Join",
                        "Parent Relationship": "Outer",
                        "Parallel Aware": false,
                        "Join Type": "Inner",
                        "Startup Cost": 40011674298.51,
                        "Total Cost": 40011738163.12,
                        "Plan Rows": 543,
                        "Plan Width": 41,
                        "Actual Startup Time": 22050.619,
                        "Actual Total Time": 22415.101,
                        "Actual Rows": 147372,
                        "Actual Loops": 1,
                        "Output": [
                            "an.name",
                            "an.person_id",
                            "ci.person_id",
                            "t.title"
                        ],
                        "Inner Unique": false,
                        "Merge Cond": "(an.person_id = ci.person_id)",
                        "Plans": [
                            {
                                "Node Type": "Index Scan",
                                "Parent Relationship": "Outer",
                                "Parallel Aware": false,
                                "Scan Direction": "Forward",
                                "Index Name": "person_id_aka_name",
                                "Relation Name": "aka_name",
                                "Schema": "public",
                                "Alias": "an",
                                "Startup Cost": 0.42,
                                "Total Cost": 72012.16,
                                "Plan Rows": 901343,
                                "Plan Width": 20,
                                "Actual Startup Time": 0.022,
                                "Actual Total Time": 245.626,
                                "Actual Rows": 772499,
                                "Actual Loops": 1,
                                "Output": [
                                    "an.id",
                                    "an.person_id",
                                    "an.name",
                                    "an.imdb_index",
                                    "an.name_pcode_cf",
                                    "an.name_pcode_nf",
                                    "an.surname_pcode",
                                    "an.md5sum"
                                ]
                            },
                            {
                                "Node Type": "Sort",
                                "Parent Relationship": "Inner",
                                "Parallel Aware": false,
                                "Startup Cost": 40011674298.08,
                                "Total Cost": 40011674298.65,
                                "Plan Rows": 226,
                                "Plan Width": 21,
                                "Actual Startup Time": 22050.579,
                                "Actual Total Time": 22088.698,
                                "Actual Rows": 186550,
                                "Actual Loops": 1,
                                "Output": [
                                    "ci.person_id",
                                    "t.title"
                                ],
                                "Sort Key": [
                                    "ci.person_id"
                                ],
                                "Sort Method": "quicksort",
                                "Sort Space Used": 11369,
                                "Sort Space Type": "Memory",
                                "Plans": [
                                    {
                                        "Node Type": "Nested Loop",
                                        "Parent Relationship": "Outer",
                                        "Parallel Aware": false,
                                        "Join Type": "Inner",
                                        "Startup Cost": 40005167059.53,
                                        "Total Cost": 40011674289.25,
                                        "Plan Rows": 226,
                                        "Plan Width": 21,
                                        "Actual Startup Time": 11467.114,
                                        "Actual Total Time": 22008.21,
                                        "Actual Rows": 106948,
                                        "Actual Loops": 1,
                                        "Output": [
                                            "ci.person_id",
                                            "t.title"
                                        ],
                                        "Inner Unique": true,
                                        "Plans": [
                                            {
                                                "Node Type": "Merge Join",
                                                "Parent Relationship": "Outer",
                                                "Parallel Aware": false,
                                                "Join Type": "Inner",
                                                "Startup Cost": 30005167059.1,
                                                "Total Cost": 30011671493.91,
                                                "Plan Rows": 629,
                                                "Plan Width": 25,
                                                "Actual Startup Time": 11431.354,
                                                "Actual Total Time": 21218.06,
                                                "Actual Rows": 166764,
                                                "Actual Loops": 1,
                                                "Output": [
                                                    "ci.person_id",
                                                    "mc.company_id",
                                                    "t.title"
                                                ],
                                                "Inner Unique": false,
                                                "Merge Cond": "(ci.movie_id = t.id)",
                                                "Plans": [
                                                    {
                                                        "Node Type": "Sort",
                                                        "Parent Relationship": "Outer",
                                                        "Parallel Aware": false,
                                                        "Startup Cost": 5167038.66,
                                                        "Total Cost": 5257670.6,
                                                        "Plan Rows": 36252776,
                                                        "Plan Width": 8,
                                                        "Actual Startup Time": 11423.26,
                                                        "Actual Total Time": 14453.31,
                                                        "Actual Rows": 22287058,
                                                        "Actual Loops": 1,
                                                        "Output": [
                                                            "ci.person_id",
                                                            "ci.movie_id"
                                                        ],
                                                        "Sort Key": [
                                                            "ci.movie_id"
                                                        ],
                                                        "Sort Method": "quicksort",
                                                        "Sort Space Used": 3097055,
                                                        "Sort Space Type": "Memory",
                                                        "Plans": [
                                                            {
                                                                "Node Type": "Seq Scan",
                                                                "Parent Relationship": "Outer",
                                                                "Parallel Aware": false,
                                                                "Relation Name": "cast_info",
                                                                "Schema": "public",
                                                                "Alias": "ci",
                                                                "Startup Cost": 0.0,
                                                                "Total Cost": 615214.76,
                                                                "Plan Rows": 36252776,
                                                                "Plan Width": 8,
                                                                "Actual Startup Time": 0.025,
                                                                "Actual Total Time": 3432.658,
                                                                "Actual Rows": 36244344,
                                                                "Actual Loops": 1,
                                                                "Output": [
                                                                    "ci.person_id",
                                                                    "ci.movie_id"
                                                                ]
                                                            }
                                                        ]
                                                    },
                                                    {
                                                        "Node Type": "Materialize",
                                                        "Parent Relationship": "Inner",
                                                        "Parallel Aware": false,
                                                        "Startup Cost": 30000000002.32,
                                                        "Total Cost": 30006323184.56,
                                                        "Plan Rows": 32,
                                                        "Plan Width": 33,
                                                        "Actual Startup Time": 4.113,
                                                        "Actual Total Time": 5141.26,
                                                        "Actual Rows": 166742,
                                                        "Actual Loops": 1,
                                                        "Output": [
                                                            "mk.movie_id",
                                                            "mc.movie_id",
                                                            "mc.company_id",
                                                            "t.title",
                                                            "t.id"
                                                        ],
                                                        "Plans": [
                                                            {
                                                                "Node Type": "Nested Loop",
                                                                "Parent Relationship": "Outer",
                                                                "Parallel Aware": false,
                                                                "Join Type": "Inner",
                                                                "Startup Cost": 30000000002.32,
                                                                "Total Cost": 30006323184.48,
                                                                "Plan Rows": 32,
                                                                "Plan Width": 33,
                                                                "Actual Startup Time": 4.103,
                                                                "Actual Total Time": 5122.75,
                                                                "Actual Rows": 5073,
                                                                "Actual Loops": 1,
                                                                "Output": [
                                                                    "mk.movie_id",
                                                                    "mc.movie_id",
                                                                    "mc.company_id",
                                                                    "t.title",
                                                                    "t.id"
                                                                ],
                                                                "Inner Unique": false,
                                                                "Join Filter": "(t.id = mc.movie_id)",
                                                                "Rows Removed by Join Filter": 0,
                                                                "Plans": [
                                                                    {
                                                                        "Node Type": "Nested Loop",
                                                                        "Parent Relationship": "Outer",
                                                                        "Parallel Aware": false,
                                                                        "Join Type": "Inner",
                                                                        "Startup Cost": 20000000001.84,
                                                                        "Total Cost": 20006323156.87,
                                                                        "Plan Rows": 6,
                                                                        "Plan Width": 25,
                                                                        "Actual Startup Time": 1.423,
                                                                        "Actual Total Time": 5095.654,
                                                                        "Actual Rows": 3066,
                                                                        "Actual Loops": 1,
                                                                        "Output": [
                                                                            "mk.movie_id",
                                                                            "t.title",
                                                                            "t.id"
                                                                        ],
                                                                        "Inner Unique": true,
                                                                        "Plans": [
                                                                            {
                                                                                "Node Type": "Nested Loop",
                                                                                "Parent Relationship": "Outer",
                                                                                "Parallel Aware": false,
                                                                                "Join Type": "Inner",
                                                                                "Startup Cost": 10000000001.41,
                                                                                "Total Cost": 10002793478.46,
                                                                                "Plan Rows": 794401,
                                                                                "Plan Width": 29,
                                                                                "Actual Startup Time": 0.291,
                                                                                "Actual Total Time": 3640.912,
                                                                                "Actual Rows": 287511,
                                                                                "Actual Loops": 1,
                                                                                "Output": [
                                                                                    "mk.movie_id",
                                                                                    "mk.keyword_id",
                                                                                    "t.title",
                                                                                    "t.id"
                                                                                ],
                                                                                "Inner Unique": false,
                                                                                "Plans": [
                                                                                    {
                                                                                        "Node Type": "Index Scan",
                                                                                        "Parent Relationship": "Outer",
                                                                                        "Parallel Aware": false,
                                                                                        "Scan Direction": "Forward",
                                                                                        "Index Name": "title_pkey",
                                                                                        "Relation Name": "title",
                                                                                        "Schema": "public",
                                                                                        "Alias": "t",
                                                                                        "Startup Cost": 0.43,
                                                                                        "Total Cost": 122983.71,
                                                                                        "Plan Rows": 443973,
                                                                                        "Plan Width": 21,
                                                                                        "Actual Startup Time": 0.043,
                                                                                        "Actual Total Time": 1813.166,
                                                                                        "Actual Rows": 447723,
                                                                                        "Actual Loops": 1,
                                                                                        "Output": [
                                                                                            "t.id",
                                                                                            "t.title",
                                                                                            "t.imdb_index",
                                                                                            "t.kind_id",
                                                                                            "t.production_year",
                                                                                            "t.imdb_id",
                                                                                            "t.phonetic_code",
                                                                                            "t.episode_of_id",
                                                                                            "t.season_nr",
                                                                                            "t.episode_nr",
                                                                                            "t.series_years",
                                                                                            "t.md5sum"
                                                                                        ],
                                                                                        "Filter": "((t.episode_nr >= 3) AND (t.episode_nr <= 12))",
                                                                                        "Rows Removed by Filter": 2080589
                                                                                    },
                                                                                    {
                                                                                        "Node Type": "Bitmap Heap Scan",
                                                                                        "Parent Relationship": "Inner",
                                                                                        "Parallel Aware": false,
                                                                                        "Relation Name": "movie_keyword",
                                                                                        "Schema": "public",
                                                                                        "Alias": "mk",
                                                                                        "Startup Cost": 0.98,
                                                                                        "Total Cost": 5.55,
                                                                                        "Plan Rows": 46,
                                                                                        "Plan Width": 8,
                                                                                        "Actual Startup Time": 0.002,
                                                                                        "Actual Total Time": 0.002,
                                                                                        "Actual Rows": 1,
                                                                                        "Actual Loops": 447723,
                                                                                        "Output": [
                                                                                            "mk.id",
                                                                                            "mk.movie_id",
                                                                                            "mk.keyword_id"
                                                                                        ],
                                                                                        "Recheck Cond": "(mk.movie_id = t.id)",
                                                                                        "Rows Removed by Index Recheck": 0,
                                                                                        "Exact Heap Blocks": 39823,
                                                                                        "Lossy Heap Blocks": 0,
                                                                                        "Plans": [
                                                                                            {
                                                                                                "Node Type": "Bitmap Index Scan",
                                                                                                "Parent Relationship": "Outer",
                                                                                                "Parallel Aware": false,
                                                                                                "Index Name": "movie_id_movie_keyword",
                                                                                                "Startup Cost": 0.0,
                                                                                                "Total Cost": 0.97,
                                                                                                "Plan Rows": 46,
                                                                                                "Plan Width": 0,
                                                                                                "Actual Startup Time": 0.002,
                                                                                                "Actual Total Time": 0.002,
                                                                                                "Actual Rows": 1,
                                                                                                "Actual Loops": 447723,
                                                                                                "Index Cond": "(mk.movie_id = t.id)"
                                                                                            }
                                                                                        ]
                                                                                    }
                                                                                ]
                                                                            },
                                                                            {
                                                                                "Node Type": "Bitmap Heap Scan",
                                                                                "Parent Relationship": "Inner",
                                                                                "Parallel Aware": false,
                                                                                "Relation Name": "keyword",
                                                                                "Schema": "public",
                                                                                "Alias": "k",
                                                                                "Startup Cost": 0.43,
                                                                                "Total Cost": 4.44,
                                                                                "Plan Rows": 1,
                                                                                "Plan Width": 4,
                                                                                "Actual Startup Time": 0.003,
                                                                                "Actual Total Time": 0.003,
                                                                                "Actual Rows": 0,
                                                                                "Actual Loops": 287511,
                                                                                "Output": [
                                                                                    "k.id",
                                                                                    "k.keyword",
                                                                                    "k.phonetic_code"
                                                                                ],
                                                                                "Recheck Cond": "(k.id = mk.keyword_id)",
                                                                                "Rows Removed by Index Recheck": 0,
                                                                                "Filter": "(k.keyword = 'character-name-in-title'::text)",
                                                                                "Rows Removed by Filter": 1,
                                                                                "Exact Heap Blocks": 287511,
                                                                                "Lossy Heap Blocks": 0,
                                                                                "Plans": [
                                                                                    {
                                                                                        "Node Type": "Bitmap Index Scan",
                                                                                        "Parent Relationship": "Outer",
                                                                                        "Parallel Aware": false,
                                                                                        "Index Name": "keyword_pkey",
                                                                                        "Startup Cost": 0.0,
                                                                                        "Total Cost": 0.43,
                                                                                        "Plan Rows": 1,
                                                                                        "Plan Width": 0,
                                                                                        "Actual Startup Time": 0.002,
                                                                                        "Actual Total Time": 0.002,
                                                                                        "Actual Rows": 1,
                                                                                        "Actual Loops": 287511,
                                                                                        "Index Cond": "(k.id = mk.keyword_id)"
                                                                                    }
                                                                                ]
                                                                            }
                                                                        ]
                                                                    },
                                                                    {
                                                                        "Node Type": "Bitmap Heap Scan",
                                                                        "Parent Relationship": "Inner",
                                                                        "Parallel Aware": false,
                                                                        "Relation Name": "movie_companies",
                                                                        "Schema": "public",
                                                                        "Alias": "mc",
                                                                        "Startup Cost": 0.48,
                                                                        "Total Cost": 4.54,
                                                                        "Plan Rows": 5,
                                                                        "Plan Width": 8,
                                                                        "Actual Startup Time": 0.005,
                                                                        "Actual Total Time": 0.006,
                                                                        "Actual Rows": 2,
                                                                        "Actual Loops": 3066,
                                                                        "Output": [
                                                                            "mc.id",
                                                                            "mc.movie_id",
                                                                            "mc.company_id",
                                                                            "mc.company_type_id",
                                                                            "mc.note"
                                                                        ],
                                                                        "Recheck Cond": "(mc.movie_id = mk.movie_id)",
                                                                        "Rows Removed by Index Recheck": 0,
                                                                        "Exact Heap Blocks": 3232,
                                                                        "Lossy Heap Blocks": 0,
                                                                        "Plans": [
                                                                            {
                                                                                "Node Type": "Bitmap Index Scan",
                                                                                "Parent Relationship": "Outer",
                                                                                "Parallel Aware": false,
                                                                                "Index Name": "movie_id_movie_companies",
                                                                                "Startup Cost": 0.0,
                                                                                "Total Cost": 0.48,
                                                                                "Plan Rows": 5,
                                                                                "Plan Width": 0,
                                                                                "Actual Startup Time": 0.004,
                                                                                "Actual Total Time": 0.004,
                                                                                "Actual Rows": 2,
                                                                                "Actual Loops": 3066,
                                                                                "Index Cond": "(mc.movie_id = mk.movie_id)"
                                                                            }
                                                                        ]
                                                                    }
                                                                ]
                                                            }
                                                        ]
                                                    }
                                                ]
                                            },
                                            {
                                                "Node Type": "Bitmap Heap Scan",
                                                "Parent Relationship": "Inner",
                                                "Parallel Aware": false,
                                                "Relation Name": "company_name",
                                                "Schema": "public",
                                                "Alias": "cn",
                                                "Startup Cost": 0.43,
                                                "Total Cost": 4.44,
                                                "Plan Rows": 1,
                                                "Plan Width": 4,
                                                "Actual Startup Time": 0.003,
                                                "Actual Total Time": 0.003,
                                                "Actual Rows": 1,
                                                "Actual Loops": 166764,
                                                "Output": [
                                                    "cn.id",
                                                    "cn.name",
                                                    "cn.country_code",
                                                    "cn.imdb_id",
                                                    "cn.name_pcode_nf",
                                                    "cn.name_pcode_sf",
                                                    "cn.md5sum"
                                                ],
                                                "Recheck Cond": "(cn.id = mc.company_id)",
                                                "Rows Removed by Index Recheck": 0,
                                                "Filter": "((cn.country_code)::text = '[us]'::text)",
                                                "Rows Removed by Filter": 0,
                                                "Exact Heap Blocks": 166764,
                                                "Lossy Heap Blocks": 0,
                                                "Plans": [
                                                    {
                                                        "Node Type": "Bitmap Index Scan",
                                                        "Parent Relationship": "Outer",
                                                        "Parallel Aware": false,
                                                        "Index Name": "company_name_pkey",
                                                        "Startup Cost": 0.0,
                                                        "Total Cost": 0.43,
                                                        "Plan Rows": 1,
                                                        "Plan Width": 0,
                                                        "Actual Startup Time": 0.002,
                                                        "Actual Total Time": 0.002,
                                                        "Actual Rows": 1,
                                                        "Actual Loops": 166764,
                                                        "Index Cond": "(cn.id = mc.company_id)"
                                                    }
                                                ]
                                            }
                                        ]
                                    }
                                ]
                            }
                        ]
                    },
                    {
                        "Node Type": "Bitmap Heap Scan",
                        "Parent Relationship": "Inner",
                        "Parallel Aware": false,
                        "Relation Name": "name",
                        "Schema": "public",
                        "Alias": "n",
                        "Startup Cost": 0.44,
                        "Total Cost": 4.45,
                        "Plan Rows": 1,
                        "Plan Width": 4,
                        "Actual Startup Time": 0.003,
                        "Actual Total Time": 0.003,
                        "Actual Rows": 1,
                        "Actual Loops": 147372,
                        "Output": [
                            "n.id",
                            "n.name",
                            "n.imdb_index",
                            "n.imdb_id",
                            "n.gender",
                            "n.name_pcode_cf",
                            "n.name_pcode_nf",
                            "n.surname_pcode",
                            "n.md5sum"
                        ],
                        "Recheck Cond": "(n.id = ci.person_id)",
                        "Rows Removed by Index Recheck": 0,
                        "Exact Heap Blocks": 147372,
                        "Lossy Heap Blocks": 0,
                        "Plans": [
                            {
                                "Node Type": "Bitmap Index Scan",
                                "Parent Relationship": "Outer",
                                "Parallel Aware": false,
                                "Index Name": "name_pkey",
                                "Startup Cost": 0.0,
                                "Total Cost": 0.44,
                                "Plan Rows": 1,
                                "Plan Width": 0,
                                "Actual Startup Time": 0.002,
                                "Actual Total Time": 0.002,
                                "Actual Rows": 1,
                                "Actual Loops": 147372,
                                "Index Cond": "(n.id = ci.person_id)"
                            }
                        ]
                    }
                ]
            }
        ]
    },
    "Planning Time": 8.849,
    "Triggers": [],
    "Execution Time": 23147.978
}