[
  {
    "Plan": {
      "Node Type": "Aggregate",
      "Strategy": "Plain",
      "Partial Mode": "Finalize",
      "Parallel Aware": false,
      "Startup Cost": 339592.18,
      "Total Cost": 339592.19,
      "Plan Rows": 1,
      "Plan Width": 8,
      "Actual Startup Time": 844.716,
      "Actual Total Time": 890.022,
      "Actual Rows": 1,
      "Actual Loops": 1,
      "Plans": [
        {
          "Node Type": "Gather",
          "Parent Relationship": "Outer",
          "Parallel Aware": false,
          "Startup Cost": 339591.56,
          "Total Cost": 339592.17,
          "Plan Rows": 6,
          "Plan Width": 8,
          "Actual Startup Time": 844.524,
          "Actual Total Time": 890.011,
          "Actual Rows": 7,
          "Actual Loops": 1,
          "Workers Planned": 6,
          "Workers Launched": 6,
          "Single Copy": false,
          "Plans": [
            {
              "Node Type": "Aggregate",
              "Strategy": "Plain",
              "Partial Mode": "Partial",
              "Parent Relationship": "Outer",
              "Parallel Aware": false,
              "Startup Cost": 338591.56,
              "Total Cost": 338591.57,
              "Plan Rows": 1,
              "Plan Width": 8,
              "Actual Startup Time": 837.058,
              "Actual Total Time": 837.059,
              "Actual Rows": 1,
              "Actual Loops": 7,
              "Plans": [
                {
                  "Node Type": "Seq Scan",
                  "Parent Relationship": "Outer",
                  "Parallel Aware": true,
                  "Relation Name": "cast_info",
                  "Alias": "ci",
                  "Startup Cost": 0.0,
                  "Total Cost": 328211.39,
                  "Plan Rows": 4152067,
                  "Plan Width": 0,
                  "Actual Startup Time": 141.813,
                  "Actual Total Time": 654.583,
                  "Actual Rows": 3546211,
                  "Actual Loops": 7,
                  "Filter": "(person_id > 1122424)",
                  "Rows Removed by Filter": 1631552
                }
              ]
            }
          ]
        }
      ]
    },
    "Planning Time": 0.081,
    "Triggers": [],
    "Execution Time": 890.066
  }
]