[
    {
        "Bao": {
            "Bao prediction": "NaN",
            "Bao recommended hint": "(no hint)"
        }
    },
    {
        "Plan": {
            "Node Type": "Aggregate",
            "Strategy": "Plain",
            "Partial Mode": "Finalize",
            "Parallel Aware": false,
            "Startup Cost": 32026.03,
            "Total Cost": 32026.04,
            "Plan Rows": 1,
            "Plan Width": 8,
            "Actual Startup Time": 85.509,
            "Actual Total Time": 89.111,
            "Actual Rows": 1,
            "Actual Loops": 1,
            "Output": [
                "count(*)"
            ],
            "Plans": [
                {
                    "Node Type": "Gather",
                    "Parent Relationship": "Outer",
                    "Parallel Aware": false,
                    "Startup Cost": 32025.71,
                    "Total Cost": 32026.02,
                    "Plan Rows": 3,
                    "Plan Width": 8,
                    "Actual Startup Time": 85.364,
                    "Actual Total Time": 89.105,
                    "Actual Rows": 4,
                    "Actual Loops": 1,
                    "Output": [
                        "(PARTIAL count(*))"
                    ],
                    "Workers Planned": 3,
                    "Workers Launched": 3,
                    "Single Copy": false,
                    "Plans": [
                        {
                            "Node Type": "Aggregate",
                            "Strategy": "Plain",
                            "Partial Mode": "Partial",
                            "Parent Relationship": "Outer",
                            "Parallel Aware": false,
                            "Startup Cost": 31025.71,
                            "Total Cost": 31025.72,
                            "Plan Rows": 1,
                            "Plan Width": 8,
                            "Actual Startup Time": 76.647,
                            "Actual Total Time": 76.648,
                            "Actual Rows": 1,
                            "Actual Loops": 4,
                            "Output": [
                                "PARTIAL count(*)"
                            ],
                            "Workers": [
                                {
                                    "Worker Number": 0,
                                    "Actual Startup Time": 73.643,
                                    "Actual Total Time": 73.645,
                                    "Actual Rows": 1,
                                    "Actual Loops": 1
                                },
                                {
                                    "Worker Number": 1,
                                    "Actual Startup Time": 73.726,
                                    "Actual Total Time": 73.727,
                                    "Actual Rows": 1,
                                    "Actual Loops": 1
                                },
                                {
                                    "Worker Number": 2,
                                    "Actual Startup Time": 74.179,
                                    "Actual Total Time": 74.18,
                                    "Actual Rows": 1,
                                    "Actual Loops": 1
                                }
                            ],
                            "Plans": [
                                {
                                    "Node Type": "Bitmap Heap Scan",
                                    "Parent Relationship": "Outer",
                                    "Parallel Aware": true,
                                    "Relation Name": "movie_companies",
                                    "Schema": "public",
                                    "Alias": "mc",
                                    "Startup Cost": 9838.83,
                                    "Total Cost": 30838.0,
                                    "Plan Rows": 75087,
                                    "Plan Width": 0,
                                    "Actual Startup Time": 25.897,
                                    "Actual Total Time": 69.029,
                                    "Actual Rows": 114960,
                                    "Actual Loops": 4,
                                    "Recheck Cond": "(mc.company_id > 76613)",
                                    "Rows Removed by Index Recheck": 0,
                                    "Filter": "(mc.company_type_id = 2)",
                                    "Rows Removed by Filter": 0,
                                    "Exact Heap Blocks": 3584,
                                    "Lossy Heap Blocks": 0,
                                    "Workers": [
                                        {
                                            "Worker Number": 0,
                                            "Actual Startup Time": 23.055,
                                            "Actual Total Time": 66.596,
                                            "Actual Rows": 88654,
                                            "Actual Loops": 1
                                        },
                                        {
                                            "Worker Number": 1,
                                            "Actual Startup Time": 23.112,
                                            "Actual Total Time": 66.592,
                                            "Actual Rows": 70840,
                                            "Actual Loops": 1
                                        },
                                        {
                                            "Worker Number": 2,
                                            "Actual Startup Time": 23.404,
                                            "Actual Total Time": 67.452,
                                            "Actual Rows": 75270,
                                            "Actual Loops": 1
                                        }
                                    ],
                                    "Plans": [
                                        {
                                            "Node Type": "Bitmap Index Scan",
                                            "Parent Relationship": "Outer",
                                            "Parallel Aware": false,
                                            "Index Name": "company_id_movie_companies",
                                            "Startup Cost": 0.0,
                                            "Total Cost": 9780.64,
                                            "Plan Rows": 456561,
                                            "Plan Width": 0,
                                            "Actual Startup Time": 33.13,
                                            "Actual Total Time": 33.13,
                                            "Actual Rows": 459841,
                                            "Actual Loops": 1,
                                            "Index Cond": "(mc.company_id > 76613)"
                                        }
                                    ]
                                }
                            ]
                        }
                    ]
                }
            ]
        },
        "Planning Time": 204.19,
        "Triggers": [],
        "Execution Time": 89.175
    }
]