[
  {
    "Plan": {
      "Node Type": "Aggregate",
      "Strategy": "Plain",
      "Partial Mode": "Finalize",
      "Parallel Aware": false,
      "Startup Cost": 67481.94,
      "Total Cost": 67481.95,
      "Plan Rows": 1,
      "Plan Width": 8,
      "Actual Startup Time": 155.779,
      "Actual Total Time": 172.267,
      "Actual Rows": 1,
      "Actual Loops": 1,
      "Plans": [
        {
          "Node Type": "Gather",
          "Parent Relationship": "Outer",
          "Parallel Aware": false,
          "Startup Cost": 67481.62,
          "Total Cost": 67481.93,
          "Plan Rows": 3,
          "Plan Width": 8,
          "Actual Startup Time": 155.154,
          "Actual Total Time": 172.26,
          "Actual Rows": 4,
          "Actual Loops": 1,
          "Workers Planned": 3,
          "Workers Launched": 3,
          "Single Copy": false,
          "Plans": [
            {
              "Node Type": "Aggregate",
              "Strategy": "Plain",
              "Partial Mode": "Partial",
              "Parent Relationship": "Outer",
              "Parallel Aware": false,
              "Startup Cost": 66481.62,
              "Total Cost": 66481.63,
              "Plan Rows": 1,
              "Plan Width": 8,
              "Actual Startup Time": 146.223,
              "Actual Total Time": 146.227,
              "Actual Rows": 1,
              "Actual Loops": 4,
              "Plans": [
                {
                  "Node Type": "Nested Loop",
                  "Parent Relationship": "Outer",
                  "Parallel Aware": false,
                  "Join Type": "Inner",
                  "Startup Cost": 34192.72,
                  "Total Cost": 66481.52,
                  "Plan Rows": 40,
                  "Plan Width": 0,
                  "Actual Startup Time": 97.641,
                  "Actual Total Time": 146.21,
                  "Actual Rows": 45,
                  "Actual Loops": 4,
                  "Inner Unique": true,
                  "Join Filter": "(ci.movie_id = t.id)",
                  "Rows Removed by Join Filter": 0,
                  "Plans": [
                    {
                      "Node Type": "Hash Join",
                      "Parent Relationship": "Outer",
                      "Parallel Aware": true,
                      "Join Type": "Inner",
                      "Startup Cost": 34192.29,
                      "Total Cost": 60285.59,
                      "Plan Rows": 4430,
                      "Plan Width": 8,
                      "Actual Startup Time": 90.107,
                      "Actual Total Time": 133.279,
                      "Actual Rows": 2433,
                      "Actual Loops": 4,
                      "Inner Unique": false,
                      "Hash Cond": "(mk.movie_id = ci.movie_id)",
                      "Plans": [
                        {
                          "Node Type": "Bitmap Heap Scan",
                          "Parent Relationship": "Outer",
                          "Parallel Aware": true,
                          "Relation Name": "movie_keyword",
                          "Alias": "mk",
                          "Startup Cost": 4082.64,
                          "Total Cost": 29311.98,
                          "Plan Rows": 62027,
                          "Plan Width": 4,
                          "Actual Startup Time": 16.911,
                          "Actual Total Time": 52.668,
                          "Actual Rows": 49193,
                          "Actual Loops": 4,
                          "Recheck Cond": "(keyword_id > 69448)",
                          "Rows Removed by Index Recheck": 0,
                          "Exact Heap Blocks": 6256,
                          "Lossy Heap Blocks": 0,
                          "Plans": [
                            {
                              "Node Type": "Bitmap Index Scan",
                              "Parent Relationship": "Outer",
                              "Parallel Aware": false,
                              "Index Name": "keyword_id_movie_keyword",
                              "Startup Cost": 0.0,
                              "Total Cost": 4034.57,
                              "Plan Rows": 192285,
                              "Plan Width": 0,
                              "Actual Startup Time": 13.884,
                              "Actual Total Time": 13.884,
                              "Actual Rows": 196772,
                              "Actual Loops": 1,
                              "Index Cond": "(keyword_id > 69448)"
                            }
                          ]
                        },
                        {
                          "Node Type": "Hash",
                          "Parent Relationship": "Inner",
                          "Parallel Aware": true,
                          "Startup Cost": 29878.05,
                          "Total Cost": 29878.05,
                          "Plan Rows": 18528,
                          "Plan Width": 4,
                          "Actual Startup Time": 71.309,
                          "Actual Total Time": 71.31,
                          "Actual Rows": 8682,
                          "Actual Loops": 4,
                          "Hash Buckets": 131072,
                          "Original Hash Buckets": 131072,
                          "Hash Batches": 1,
                          "Original Hash Batches": 1,
                          "Peak Memory Usage": 2432,
                          "Plans": [
                            {
                              "Node Type": "Index Scan",
                              "Parent Relationship": "Outer",
                              "Parallel Aware": true,
                              "Scan Direction": "Forward",
                              "Index Name": "role_id_cast_info",
                              "Relation Name": "cast_info",
                              "Alias": "ci",
                              "Startup Cost": 0.56,
                              "Total Cost": 29878.05,
                              "Plan Rows": 18528,
                              "Plan Width": 4,
                              "Actual Startup Time": 0.18,
                              "Actual Total Time": 67.208,
                              "Actual Rows": 8682,
                              "Actual Loops": 4,
                              "Index Cond": "(role_id = 9)",
                              "Rows Removed by Index Recheck": 0,
                              "Filter": "(person_id < 250764)",
                              "Rows Removed by Filter": 264708
                            }
                          ]
                        }
                      ]
                    },
                    {
                      "Node Type": "Index Scan",
                      "Parent Relationship": "Inner",
                      "Parallel Aware": false,
                      "Scan Direction": "Forward",
                      "Index Name": "title_pkey",
                      "Relation Name": "title",
                      "Alias": "t",
                      "Startup Cost": 0.43,
                      "Total Cost": 1.39,
                      "Plan Rows": 1,
                      "Plan Width": 4,
                      "Actual Startup Time": 0.005,
                      "Actual Total Time": 0.005,
                      "Actual Rows": 0,
                      "Actual Loops": 9731,
                      "Index Cond": "(id = mk.movie_id)",
                      "Rows Removed by Index Recheck": 0,
                      "Filter": "(production_year = 2000)",
                      "Rows Removed by Filter": 1
                    }
                  ]
                }
              ]
            }
          ]
        }
      ]
    },
    "Planning Time": 0.67,
    "Triggers": [],
    "Execution Time": 172.345
  }
]