[
  {
    "Plan": {
      "Node Type": "Aggregate",
      "Strategy": "Plain",
      "Partial Mode": "Finalize",
      "Parallel Aware": false,
      "Startup Cost": 88702.68,
      "Total Cost": 88702.69,
      "Plan Rows": 1,
      "Plan Width": 8,
      "Actual Startup Time": 315.395,
      "Actual Total Time": 332.946,
      "Actual Rows": 1,
      "Actual Loops": 1,
      "Plans": [
        {
          "Node Type": "Gather",
          "Parent Relationship": "Outer",
          "Parallel Aware": false,
          "Startup Cost": 88702.36,
          "Total Cost": 88702.67,
          "Plan Rows": 3,
          "Plan Width": 8,
          "Actual Startup Time": 314.224,
          "Actual Total Time": 332.938,
          "Actual Rows": 4,
          "Actual Loops": 1,
          "Workers Planned": 3,
          "Workers Launched": 3,
          "Single Copy": false,
          "Plans": [
            {
              "Node Type": "Aggregate",
              "Strategy": "Plain",
              "Partial Mode": "Partial",
              "Parent Relationship": "Outer",
              "Parallel Aware": false,
              "Startup Cost": 87702.36,
              "Total Cost": 87702.37,
              "Plan Rows": 1,
              "Plan Width": 8,
              "Actual Startup Time": 306.359,
              "Actual Total Time": 306.361,
              "Actual Rows": 1,
              "Actual Loops": 4,
              "Plans": [
                {
                  "Node Type": "Hash Join",
                  "Parent Relationship": "Outer",
                  "Parallel Aware": true,
                  "Join Type": "Inner",
                  "Startup Cost": 44531.97,
                  "Total Cost": 87410.05,
                  "Plan Rows": 116926,
                  "Plan Width": 0,
                  "Actual Startup Time": 111.225,
                  "Actual Total Time": 299.781,
                  "Actual Rows": 166168,
                  "Actual Loops": 4,
                  "Inner Unique": true,
                  "Hash Cond": "(mk.movie_id = t.id)",
                  "Plans": [
                    {
                      "Node Type": "Seq Scan",
                      "Parent Relationship": "Outer",
                      "Parallel Aware": true,
                      "Relation Name": "movie_keyword",
                      "Alias": "mk",
                      "Startup Cost": 0.0,
                      "Total Cost": 39047.32,
                      "Plan Rows": 1459332,
                      "Plan Width": 4,
                      "Actual Startup Time": 0.024,
                      "Actual Total Time": 87.117,
                      "Actual Rows": 1130982,
                      "Actual Loops": 4
                    },
                    {
                      "Node Type": "Hash",
                      "Parent Relationship": "Inner",
                      "Parallel Aware": true,
                      "Startup Cost": 43898.92,
                      "Total Cost": 43898.92,
                      "Plan Rows": 50644,
                      "Plan Width": 4,
                      "Actual Startup Time": 108.72,
                      "Actual Total Time": 108.721,
                      "Actual Rows": 52906,
                      "Actual Loops": 4,
                      "Hash Buckets": 262144,
                      "Original Hash Buckets": 262144,
                      "Hash Batches": 1,
                      "Original Hash Batches": 1,
                      "Peak Memory Usage": 10368,
                      "Plans": [
                        {
                          "Node Type": "Seq Scan",
                          "Parent Relationship": "Outer",
                          "Parallel Aware": true,
                          "Relation Name": "title",
                          "Alias": "t",
                          "Startup Cost": 0.0,
                          "Total Cost": 43898.92,
                          "Plan Rows": 50644,
                          "Plan Width": 4,
                          "Actual Startup Time": 0.05,
                          "Actual Total Time": 91.529,
                          "Actual Rows": 52906,
                          "Actual Loops": 4,
                          "Filter": "(production_year < 1957)",
                          "Rows Removed by Filter": 579172
                        }
                      ]
                    }
                  ]
                }
              ]
            }
          ]
        }
      ]
    },
    "Planning Time": 0.563,
    "Triggers": [],
    "Execution Time": 333.013
  }
]