[
  {
    "Plan": {
      "Node Type": "Aggregate",
      "Strategy": "Plain",
      "Partial Mode": "Finalize",
      "Parallel Aware": false,
      "Startup Cost": 349553.96,
      "Total Cost": 349553.97,
      "Plan Rows": 1,
      "Plan Width": 8,
      "Actual Startup Time": 759.841,
      "Actual Total Time": 813.501,
      "Actual Rows": 1,
      "Actual Loops": 1,
      "Plans": [
        {
          "Node Type": "Gather",
          "Parent Relationship": "Outer",
          "Parallel Aware": false,
          "Startup Cost": 349553.33,
          "Total Cost": 349553.94,
          "Plan Rows": 6,
          "Plan Width": 8,
          "Actual Startup Time": 759.744,
          "Actual Total Time": 813.491,
          "Actual Rows": 7,
          "Actual Loops": 1,
          "Workers Planned": 6,
          "Workers Launched": 6,
          "Single Copy": false,
          "Plans": [
            {
              "Node Type": "Aggregate",
              "Strategy": "Plain",
              "Partial Mode": "Partial",
              "Parent Relationship": "Outer",
              "Parallel Aware": false,
              "Startup Cost": 348553.33,
              "Total Cost": 348553.34,
              "Plan Rows": 1,
              "Plan Width": 8,
              "Actual Startup Time": 752.086,
              "Actual Total Time": 752.087,
              "Actual Rows": 1,
              "Actual Loops": 7,
              "Plans": [
                {
                  "Node Type": "Seq Scan",
                  "Parent Relationship": "Outer",
                  "Parallel Aware": true,
                  "Relation Name": "cast_info",
                  "Alias": "ci",
                  "Startup Cost": 0.0,
                  "Total Cost": 343257.03,
                  "Plan Rows": 2118521,
                  "Plan Width": 0,
                  "Actual Startup Time": 341.322,
                  "Actual Total Time": 666.393,
                  "Actual Rows": 1974551,
                  "Actual Loops": 7,
                  "Filter": "((person_id > 810323) AND (role_id > 2))",
                  "Rows Removed by Filter": 3203212
                }
              ]
            }
          ]
        }
      ]
    },
    "Planning Time": 0.14,
    "Triggers": [],
    "Execution Time": 813.551
  }
]