[
  {
    "Plan": {
      "Node Type": "Aggregate",
      "Strategy": "Plain",
      "Partial Mode": "Finalize",
      "Parallel Aware": false,
      "Startup Cost": 31091.56,
      "Total Cost": 31091.57,
      "Plan Rows": 1,
      "Plan Width": 8,
      "Actual Startup Time": 39.617,
      "Actual Total Time": 42.712,
      "Actual Rows": 1,
      "Actual Loops": 1,
      "Plans": [
        {
          "Node Type": "Gather",
          "Parent Relationship": "Outer",
          "Parallel Aware": false,
          "Startup Cost": 31091.35,
          "Total Cost": 31091.56,
          "Plan Rows": 2,
          "Plan Width": 8,
          "Actual Startup Time": 39.497,
          "Actual Total Time": 42.706,
          "Actual Rows": 3,
          "Actual Loops": 1,
          "Workers Planned": 2,
          "Workers Launched": 2,
          "Single Copy": false,
          "Plans": [
            {
              "Node Type": "Aggregate",
              "Strategy": "Plain",
              "Partial Mode": "Partial",
              "Parent Relationship": "Outer",
              "Parallel Aware": false,
              "Startup Cost": 30091.35,
              "Total Cost": 30091.36,
              "Plan Rows": 1,
              "Plan Width": 8,
              "Actual Startup Time": 31.392,
              "Actual Total Time": 31.394,
              "Actual Rows": 1,
              "Actual Loops": 3,
              "Plans": [
                {
                  "Node Type": "Nested Loop",
                  "Parent Relationship": "Outer",
                  "Parallel Aware": false,
                  "Join Type": "Inner",
                  "Startup Cost": 184.97,
                  "Total Cost": 30090.01,
                  "Plan Rows": 534,
                  "Plan Width": 0,
                  "Actual Startup Time": 14.986,
                  "Actual Total Time": 31.375,
                  "Actual Rows": 126,
                  "Actual Loops": 3,
                  "Inner Unique": false,
                  "Plans": [
                    {
                      "Node Type": "Nested Loop",
                      "Parent Relationship": "Outer",
                      "Parallel Aware": false,
                      "Join Type": "Inner",
                      "Startup Cost": 184.54,
                      "Total Cost": 28391.67,
                      "Plan Rows": 1074,
                      "Plan Width": 8,
                      "Actual Startup Time": 1.661,
                      "Actual Total Time": 22.902,
                      "Actual Rows": 2599,
                      "Actual Loops": 3,
                      "Inner Unique": true,
                      "Plans": [
                        {
                          "Node Type": "Bitmap Heap Scan",
                          "Parent Relationship": "Outer",
                          "Parallel Aware": true,
                          "Relation Name": "movie_companies",
                          "Alias": "mc",
                          "Startup Cost": 184.11,
                          "Total Cost": 15205.39,
                          "Plan Rows": 1766,
                          "Plan Width": 4,
                          "Actual Startup Time": 1.478,
                          "Actual Total Time": 3.614,
                          "Actual Rows": 2869,
                          "Actual Loops": 3,
                          "Recheck Cond": "(company_id = 596)",
                          "Rows Removed by Index Recheck": 0,
                          "Filter": "(company_type_id = 2)",
                          "Rows Removed by Filter": 32,
                          "Exact Heap Blocks": 641,
                          "Lossy Heap Blocks": 0,
                          "Plans": [
                            {
                              "Node Type": "Bitmap Index Scan",
                              "Parent Relationship": "Outer",
                              "Parallel Aware": false,
                              "Index Name": "company_id_movie_companies",
                              "Startup Cost": 0.0,
                              "Total Cost": 183.05,
                              "Plan Rows": 8349,
                              "Plan Width": 0,
                              "Actual Startup Time": 3.435,
                              "Actual Total Time": 3.436,
                              "Actual Rows": 8702,
                              "Actual Loops": 1,
                              "Index Cond": "(company_id = 596)"
                            }
                          ]
                        },
                        {
                          "Node Type": "Index Scan",
                          "Parent Relationship": "Inner",
                          "Parallel Aware": false,
                          "Scan Direction": "Forward",
                          "Index Name": "title_pkey",
                          "Relation Name": "title",
                          "Alias": "t",
                          "Startup Cost": 0.43,
                          "Total Cost": 7.47,
                          "Plan Rows": 1,
                          "Plan Width": 4,
                          "Actual Startup Time": 0.006,
                          "Actual Total Time": 0.006,
                          "Actual Rows": 1,
                          "Actual Loops": 8606,
                          "Index Cond": "(id = mc.movie_id)",
                          "Rows Removed by Index Recheck": 0,
                          "Filter": "(kind_id = 7)",
                          "Rows Removed by Filter": 0
                        }
                      ]
                    },
                    {
                      "Node Type": "Index Scan",
                      "Parent Relationship": "Inner",
                      "Parallel Aware": false,
                      "Scan Direction": "Forward",
                      "Index Name": "movie_id_movie_keyword",
                      "Relation Name": "movie_keyword",
                      "Alias": "mk",
                      "Startup Cost": 0.43,
                      "Total Cost": 1.45,
                      "Plan Rows": 13,
                      "Plan Width": 4,
                      "Actual Startup Time": 0.003,
                      "Actual Total Time": 0.003,
                      "Actual Rows": 0,
                      "Actual Loops": 7798,
                      "Index Cond": "(movie_id = t.id)",
                      "Rows Removed by Index Recheck": 0,
                      "Filter": "(keyword_id > 14142)",
                      "Rows Removed by Filter": 0
                    }
                  ]
                }
              ]
            }
          ]
        }
      ]
    },
    "Planning Time": 1.408,
    "Triggers": [],
    "Execution Time": 42.805
  }
]