{
  "Plan": {
    "Node Type": "Aggregate",
    "Strategy": "Plain",
    "Partial Mode": "Finalize",
    "Parallel Aware": false,
    "Startup Cost": 86591.45,
    "Total Cost": 86591.46,
    "Plan Rows": 1,
    "Plan Width": 8,
    "Actual Startup Time": 316.41,
    "Actual Total Time": 328.503,
    "Actual Rows": 1,
    "Actual Loops": 1,
    "Plans": [
      {
        "Node Type": "Gather",
        "Parent Relationship": "Outer",
        "Parallel Aware": false,
        "Startup Cost": 86591.34,
        "Total Cost": 86591.45,
        "Plan Rows": 1,
        "Plan Width": 8,
        "Actual Startup Time": 315.92,
        "Actual Total Time": 328.495,
        "Actual Rows": 2,
        "Actual Loops": 1,
        "Workers Planned": 1,
        "Workers Launched": 1,
        "Single Copy": false,
        "Plans": [
          {
            "Node Type": "Aggregate",
            "Strategy": "Plain",
            "Partial Mode": "Partial",
            "Parent Relationship": "Outer",
            "Parallel Aware": false,
            "Startup Cost": 85591.34,
            "Total Cost": 85591.35,
            "Plan Rows": 1,
            "Plan Width": 8,
            "Actual Startup Time": 312.92,
            "Actual Total Time": 312.923,
            "Actual Rows": 1,
            "Actual Loops": 2,
            "Plans": [
              {
                "Node Type": "Hash Join",
                "Parent Relationship": "Outer",
                "Parallel Aware": true,
                "Join Type": "Inner",
                "Startup Cost": 23921.43,
                "Total Cost": 85444.33,
                "Plan Rows": 58804,
                "Plan Width": 0,
                "Actual Startup Time": 216.67,
                "Actual Total Time": 310.891,
                "Actual Rows": 47770,
                "Actual Loops": 2,
                "Inner Unique": false,
                "Hash Cond": "(t.id = mc.movie_id)",
                "Plans": [
                  {
                    "Node Type": "Seq Scan",
                    "Parent Relationship": "Outer",
                    "Parallel Aware": true,
                    "Relation Name": "title",
                    "Alias": "t",
                    "Startup Cost": 0.0,
                    "Total Cost": 54588.39,
                    "Plan Rows": 1054178,
                    "Plan Width": 4,
                    "Actual Startup Time": 0.012,
                    "Actual Total Time": 147.878,
                    "Actual Rows": 897076,
                    "Actual Loops": 2,
                    "Filter": "(production_year < 2009)",
                    "Rows Removed by Filter": 367080
                  },
                  {
                    "Node Type": "Hash",
                    "Parent Relationship": "Inner",
                    "Parallel Aware": true,
                    "Startup Cost": 22884.43,
                    "Total Cost": 22884.43,
                    "Plan Rows": 82960,
                    "Plan Width": 4,
                    "Actual Startup Time": 51.917,
                    "Actual Total Time": 51.919,
                    "Actual Rows": 68909,
                    "Actual Loops": 2,
                    "Hash Buckets": 262144,
                    "Original Hash Buckets": 262144,
                    "Hash Batches": 1,
                    "Original Hash Batches": 1,
                    "Peak Memory Usage": 7488,
                    "Plans": [
                      {
                        "Node Type": "Bitmap Heap Scan",
                        "Parent Relationship": "Outer",
                        "Parallel Aware": true,
                        "Relation Name": "movie_companies",
                        "Alias": "mc",
                        "Startup Cost": 3057.43,
                        "Total Cost": 22884.43,
                        "Plan Rows": 82960,
                        "Plan Width": 4,
                        "Actual Startup Time": 12.841,
                        "Actual Total Time": 35.604,
                        "Actual Rows": 68909,
                        "Actual Loops": 2,
                        "Recheck Cond": "(company_id > 137340)",
                        "Rows Removed by Index Recheck": 0,
                        "Exact Heap Blocks": 2712,
                        "Lossy Heap Blocks": 0,
                        "Plans": [
                          {
                            "Node Type": "Bitmap Index Scan",
                            "Parent Relationship": "Outer",
                            "Parallel Aware": false,
                            "Index Name": "company_id_movie_companies",
                            "Startup Cost": 0.0,
                            "Total Cost": 3022.17,
                            "Plan Rows": 141032,
                            "Plan Width": 0,
                            "Actual Startup Time": 12.087,
                            "Actual Total Time": 12.087,
                            "Actual Rows": 137818,
                            "Actual Loops": 1,
                            "Index Cond": "(company_id > 137340)"
                          }
                        ]
                      }
                    ]
                  }
                ]
              }
            ]
          }
        ]
      }
    ]
  },
  "Planning Time": 0.408,
  "Triggers": [],
  "Execution Time": 328.583
}