[
    {
        "Bao": {
            "Bao prediction": "NaN",
            "Bao recommended hint": "(no hint)"
        }
    },
    {
        "Plan": {
            "Node Type": "Aggregate",
            "Strategy": "Plain",
            "Partial Mode": "Finalize",
            "Parallel Aware": false,
            "Startup Cost": 32841.35,
            "Total Cost": 32841.36,
            "Plan Rows": 1,
            "Plan Width": 8,
            "Actual Startup Time": 93.89,
            "Actual Total Time": 97.933,
            "Actual Rows": 1,
            "Actual Loops": 1,
            "Output": [
                "count(*)"
            ],
            "Plans": [
                {
                    "Node Type": "Gather",
                    "Parent Relationship": "Outer",
                    "Parallel Aware": false,
                    "Startup Cost": 32841.03,
                    "Total Cost": 32841.34,
                    "Plan Rows": 3,
                    "Plan Width": 8,
                    "Actual Startup Time": 93.794,
                    "Actual Total Time": 97.926,
                    "Actual Rows": 4,
                    "Actual Loops": 1,
                    "Output": [
                        "(PARTIAL count(*))"
                    ],
                    "Workers Planned": 3,
                    "Workers Launched": 3,
                    "Single Copy": false,
                    "Plans": [
                        {
                            "Node Type": "Aggregate",
                            "Strategy": "Plain",
                            "Partial Mode": "Partial",
                            "Parent Relationship": "Outer",
                            "Parallel Aware": false,
                            "Startup Cost": 31841.03,
                            "Total Cost": 31841.04,
                            "Plan Rows": 1,
                            "Plan Width": 8,
                            "Actual Startup Time": 85.385,
                            "Actual Total Time": 85.386,
                            "Actual Rows": 1,
                            "Actual Loops": 4,
                            "Output": [
                                "PARTIAL count(*)"
                            ],
                            "Workers": [
                                {
                                    "Worker Number": 0,
                                    "Actual Startup Time": 82.66,
                                    "Actual Total Time": 82.661,
                                    "Actual Rows": 1,
                                    "Actual Loops": 1
                                },
                                {
                                    "Worker Number": 1,
                                    "Actual Startup Time": 82.63,
                                    "Actual Total Time": 82.631,
                                    "Actual Rows": 1,
                                    "Actual Loops": 1
                                },
                                {
                                    "Worker Number": 2,
                                    "Actual Startup Time": 82.988,
                                    "Actual Total Time": 82.99,
                                    "Actual Rows": 1,
                                    "Actual Loops": 1
                                }
                            ],
                            "Plans": [
                                {
                                    "Node Type": "Seq Scan",
                                    "Parent Relationship": "Outer",
                                    "Parallel Aware": true,
                                    "Relation Name": "movie_companies",
                                    "Schema": "public",
                                    "Alias": "mc",
                                    "Startup Cost": 0.0,
                                    "Total Cost": 31414.82,
                                    "Plan Rows": 170485,
                                    "Plan Width": 0,
                                    "Actual Startup Time": 45.105,
                                    "Actual Total Time": 76.968,
                                    "Actual Rows": 208106,
                                    "Actual Loops": 4,
                                    "Output": [
                                        "id",
                                        "movie_id",
                                        "company_id",
                                        "company_type_id",
                                        "note"
                                    ],
                                    "Filter": "((mc.company_id > 15290) AND (mc.company_type_id > 1))",
                                    "Rows Removed by Filter": 444177,
                                    "Workers": [
                                        {
                                            "Worker Number": 0,
                                            "Actual Startup Time": 42.373,
                                            "Actual Total Time": 74.543,
                                            "Actual Rows": 199940,
                                            "Actual Loops": 1
                                        },
                                        {
                                            "Worker Number": 1,
                                            "Actual Startup Time": 42.354,
                                            "Actual Total Time": 74.409,
                                            "Actual Rows": 200443,
                                            "Actual Loops": 1
                                        },
                                        {
                                            "Worker Number": 2,
                                            "Actual Startup Time": 42.713,
                                            "Actual Total Time": 74.81,
                                            "Actual Rows": 200329,
                                            "Actual Loops": 1
                                        }
                                    ]
                                }
                            ]
                        }
                    ]
                }
            ]
        },
        "Planning Time": 206.432,
        "Triggers": [],
        "Execution Time": 98.018
    }
]