{
  "Plan": {
    "Node Type": "Aggregate",
    "Strategy": "Plain",
    "Partial Mode": "Finalize",
    "Parallel Aware": false,
    "Startup Cost": 753628.27,
    "Total Cost": 753628.28,
    "Plan Rows": 1,
    "Plan Width": 8,
    "Actual Startup Time": 4022.019,
    "Actual Total Time": 4076.28,
    "Actual Rows": 1,
    "Actual Loops": 1,
    "Plans": [
      {
        "Node Type": "Gather",
        "Parent Relationship": "Outer",
        "Parallel Aware": false,
        "Startup Cost": 753628.16,
        "Total Cost": 753628.27,
        "Plan Rows": 1,
        "Plan Width": 8,
        "Actual Startup Time": 4017.578,
        "Actual Total Time": 4076.271,
        "Actual Rows": 2,
        "Actual Loops": 1,
        "Workers Planned": 1,
        "Workers Launched": 1,
        "Single Copy": false,
        "Plans": [
          {
            "Node Type": "Aggregate",
            "Strategy": "Plain",
            "Partial Mode": "Partial",
            "Parent Relationship": "Outer",
            "Parallel Aware": false,
            "Startup Cost": 752628.16,
            "Total Cost": 752628.17,
            "Plan Rows": 1,
            "Plan Width": 8,
            "Actual Startup Time": 4012.101,
            "Actual Total Time": 4012.654,
            "Actual Rows": 1,
            "Actual Loops": 2,
            "Plans": [
              {
                "Node Type": "Hash Join",
                "Parent Relationship": "Outer",
                "Parallel Aware": true,
                "Join Type": "Inner",
                "Startup Cost": 116097.6,
                "Total Cost": 743459.8,
                "Plan Rows": 3667342,
                "Plan Width": 0,
                "Actual Startup Time": 1369.477,
                "Actual Total Time": 3877.991,
                "Actual Rows": 3328440,
                "Actual Loops": 2,
                "Inner Unique": false,
                "Hash Cond": "(ci.movie_id = t.id)",
                "Plans": [
                  {
                    "Node Type": "Seq Scan",
                    "Parent Relationship": "Outer",
                    "Parallel Aware": true,
                    "Relation Name": "cast_info",
                    "Alias": "ci",
                    "Startup Cost": 0.0,
                    "Total Cost": 572345.93,
                    "Plan Rows": 8918316,
                    "Plan Width": 4,
                    "Actual Startup Time": 501.676,
                    "Actual Total Time": 1560.872,
                    "Actual Rows": 5251296,
                    "Actual Loops": 2,
                    "Filter": "((person_id < 2370092) AND (role_id > 1))",
                    "Rows Removed by Filter": 12870876
                  },
                  {
                    "Node Type": "Hash",
                    "Parent Relationship": "Inner",
                    "Parallel Aware": true,
                    "Startup Cost": 108452.96,
                    "Total Cost": 108452.96,
                    "Plan Rows": 611571,
                    "Plan Width": 8,
                    "Actual Startup Time": 858.824,
                    "Actual Total Time": 859.376,
                    "Actual Rows": 434414,
                    "Actual Loops": 2,
                    "Hash Buckets": 1048576,
                    "Original Hash Buckets": 1048576,
                    "Hash Batches": 1,
                    "Original Hash Batches": 1,
                    "Peak Memory Usage": 42240,
                    "Plans": [
                      {
                        "Node Type": "Hash Join",
                        "Parent Relationship": "Outer",
                        "Parallel Aware": true,
                        "Join Type": "Inner",
                        "Startup Cost": 68301.9,
                        "Total Cost": 108452.96,
                        "Plan Rows": 611571,
                        "Plan Width": 8,
                        "Actual Startup Time": 406.096,
                        "Actual Total Time": 752.332,
                        "Actual Rows": 434414,
                        "Actual Loops": 2,
                        "Inner Unique": true,
                        "Hash Cond": "(mc.movie_id = t.id)",
                        "Plans": [
                          {
                            "Node Type": "Seq Scan",
                            "Parent Relationship": "Outer",
                            "Parallel Aware": true,
                            "Relation Name": "movie_companies",
                            "Alias": "mc",
                            "Startup Cost": 0.0,
                            "Total Cost": 37974.77,
                            "Plan Rows": 829062,
                            "Plan Width": 4,
                            "Actual Startup Time": 0.013,
                            "Actual Total Time": 116.076,
                            "Actual Rows": 702774,
                            "Actual Loops": 2,
                            "Filter": "(company_id < 12297)",
                            "Rows Removed by Filter": 601791
                          },
                          {
                            "Node Type": "Hash",
                            "Parent Relationship": "Inner",
                            "Parallel Aware": true,
                            "Startup Cost": 54588.39,
                            "Total Cost": 54588.39,
                            "Plan Rows": 1097081,
                            "Plan Width": 4,
                            "Actual Startup Time": 396.651,
                            "Actual Total Time": 396.652,
                            "Actual Rows": 932744,
                            "Actual Loops": 2,
                            "Hash Buckets": 2097152,
                            "Original Hash Buckets": 2097152,
                            "Hash Batches": 1,
                            "Original Hash Batches": 1,
                            "Peak Memory Usage": 89376,
                            "Plans": [
                              {
                                "Node Type": "Seq Scan",
                                "Parent Relationship": "Outer",
                                "Parallel Aware": true,
                                "Relation Name": "title",
                                "Alias": "t",
                                "Startup Cost": 0.0,
                                "Total Cost": 54588.39,
                                "Plan Rows": 1097081,
                                "Plan Width": 4,
                                "Actual Startup Time": 0.032,
                                "Actual Total Time": 161.147,
                                "Actual Rows": 932744,
                                "Actual Loops": 2,
                                "Filter": "(kind_id > 1)",
                                "Rows Removed by Filter": 331412
                              }
                            ]
                          }
                        ]
                      }
                    ]
                  }
                ]
              }
            ]
          }
        ]
      }
    ]
  },
  "Planning Time": 1.005,
  "Triggers": [],
  "Execution Time": 4076.371
}