[
    {
        "Bao": {
            "Bao prediction": 439.652,
            "Bao recommended hint": "(no hint)"
        }
    },
    {
        "Plan": {
            "Node Type": "Aggregate",
            "Strategy": "Plain",
            "Partial Mode": "Finalize",
            "Parallel Aware": false,
            "Startup Cost": 32710.24,
            "Total Cost": 32710.25,
            "Plan Rows": 1,
            "Plan Width": 8,
            "Actual Startup Time": 110.294,
            "Actual Total Time": 121.375,
            "Actual Rows": 1,
            "Actual Loops": 1,
            "Output": [
                "count(*)"
            ],
            "Plans": [
                {
                    "Node Type": "Gather",
                    "Parent Relationship": "Outer",
                    "Parallel Aware": false,
                    "Startup Cost": 32709.92,
                    "Total Cost": 32710.23,
                    "Plan Rows": 3,
                    "Plan Width": 8,
                    "Actual Startup Time": 110.156,
                    "Actual Total Time": 121.364,
                    "Actual Rows": 4,
                    "Actual Loops": 1,
                    "Output": [
                        "(PARTIAL count(*))"
                    ],
                    "Workers Planned": 3,
                    "Workers Launched": 3,
                    "Single Copy": false,
                    "Plans": [
                        {
                            "Node Type": "Aggregate",
                            "Strategy": "Plain",
                            "Partial Mode": "Partial",
                            "Parent Relationship": "Outer",
                            "Parallel Aware": false,
                            "Startup Cost": 31709.92,
                            "Total Cost": 31709.93,
                            "Plan Rows": 1,
                            "Plan Width": 8,
                            "Actual Startup Time": 101.481,
                            "Actual Total Time": 101.482,
                            "Actual Rows": 1,
                            "Actual Loops": 4,
                            "Output": [
                                "PARTIAL count(*)"
                            ],
                            "Workers": [
                                {
                                    "Worker Number": 0,
                                    "Actual Startup Time": 98.353,
                                    "Actual Total Time": 98.355,
                                    "Actual Rows": 1,
                                    "Actual Loops": 1
                                },
                                {
                                    "Worker Number": 1,
                                    "Actual Startup Time": 98.606,
                                    "Actual Total Time": 98.608,
                                    "Actual Rows": 1,
                                    "Actual Loops": 1
                                },
                                {
                                    "Worker Number": 2,
                                    "Actual Startup Time": 99.47,
                                    "Actual Total Time": 99.471,
                                    "Actual Rows": 1,
                                    "Actual Loops": 1
                                }
                            ],
                            "Plans": [
                                {
                                    "Node Type": "Seq Scan",
                                    "Parent Relationship": "Outer",
                                    "Parallel Aware": true,
                                    "Relation Name": "movie_companies",
                                    "Schema": "public",
                                    "Alias": "mc",
                                    "Startup Cost": 0.0,
                                    "Total Cost": 31414.82,
                                    "Plan Rows": 118041,
                                    "Plan Width": 0,
                                    "Actual Startup Time": 33.307,
                                    "Actual Total Time": 100.525,
                                    "Actual Rows": 12784,
                                    "Actual Loops": 4,
                                    "Output": [
                                        "id",
                                        "movie_id",
                                        "company_id",
                                        "company_type_id",
                                        "note"
                                    ],
                                    "Filter": "((mc.company_id > 37367) AND (mc.company_type_id = 1))",
                                    "Rows Removed by Filter": 639498,
                                    "Workers": [
                                        {
                                            "Worker Number": 0,
                                            "Actual Startup Time": 30.176,
                                            "Actual Total Time": 97.42,
                                            "Actual Rows": 11772,
                                            "Actual Loops": 1
                                        },
                                        {
                                            "Worker Number": 1,
                                            "Actual Startup Time": 30.435,
                                            "Actual Total Time": 97.781,
                                            "Actual Rows": 10579,
                                            "Actual Loops": 1
                                        },
                                        {
                                            "Worker Number": 2,
                                            "Actual Startup Time": 31.297,
                                            "Actual Total Time": 98.535,
                                            "Actual Rows": 12033,
                                            "Actual Loops": 1
                                        }
                                    ]
                                }
                            ]
                        }
                    ]
                }
            ]
        },
        "Planning Time": 1648.78,
        "Triggers": [],
        "Execution Time": 121.498
    }
]