[
  {
    "Plan": {
      "Node Type": "Aggregate",
      "Strategy": "Plain",
      "Partial Mode": "Finalize",
      "Parallel Aware": false,
      "Startup Cost": 31443.49,
      "Total Cost": 31443.5,
      "Plan Rows": 1,
      "Plan Width": 8,
      "Actual Startup Time": 110.678,
      "Actual Total Time": 118.532,
      "Actual Rows": 1,
      "Actual Loops": 1,
      "Plans": [
        {
          "Node Type": "Gather",
          "Parent Relationship": "Outer",
          "Parallel Aware": false,
          "Startup Cost": 31443.18,
          "Total Cost": 31443.49,
          "Plan Rows": 3,
          "Plan Width": 8,
          "Actual Startup Time": 110.569,
          "Actual Total Time": 118.521,
          "Actual Rows": 4,
          "Actual Loops": 1,
          "Workers Planned": 3,
          "Workers Launched": 3,
          "Single Copy": false,
          "Plans": [
            {
              "Node Type": "Aggregate",
              "Strategy": "Plain",
              "Partial Mode": "Partial",
              "Parent Relationship": "Outer",
              "Parallel Aware": false,
              "Startup Cost": 30443.18,
              "Total Cost": 30443.19,
              "Plan Rows": 1,
              "Plan Width": 8,
              "Actual Startup Time": 102.878,
              "Actual Total Time": 102.879,
              "Actual Rows": 1,
              "Actual Loops": 4,
              "Plans": [
                {
                  "Node Type": "Seq Scan",
                  "Parent Relationship": "Outer",
                  "Parallel Aware": true,
                  "Relation Name": "movie_companies",
                  "Alias": "mc",
                  "Startup Cost": 0.0,
                  "Total Cost": 29310.68,
                  "Plan Rows": 452998,
                  "Plan Width": 0,
                  "Actual Startup Time": 0.044,
                  "Actual Total Time": 82.682,
                  "Actual Rows": 350314,
                  "Actual Loops": 4,
                  "Filter": "(company_id < 12218)",
                  "Rows Removed by Filter": 301969
                }
              ]
            }
          ]
        }
      ]
    },
    "Planning Time": 0.199,
    "Triggers": [],
    "Execution Time": 118.591
  }
]