[
  {
    "Plan": {
      "Node Type": "Aggregate",
      "Strategy": "Plain",
      "Partial Mode": "Finalize",
      "Parallel Aware": false,
      "Startup Cost": 47425.59,
      "Total Cost": 47425.6,
      "Plan Rows": 1,
      "Plan Width": 8,
      "Actual Startup Time": 131.751,
      "Actual Total Time": 144.626,
      "Actual Rows": 1,
      "Actual Loops": 1,
      "Plans": [
        {
          "Node Type": "Gather",
          "Parent Relationship": "Outer",
          "Parallel Aware": false,
          "Startup Cost": 47425.17,
          "Total Cost": 47425.58,
          "Plan Rows": 4,
          "Plan Width": 8,
          "Actual Startup Time": 131.423,
          "Actual Total Time": 144.614,
          "Actual Rows": 5,
          "Actual Loops": 1,
          "Workers Planned": 4,
          "Workers Launched": 4,
          "Single Copy": false,
          "Plans": [
            {
              "Node Type": "Aggregate",
              "Strategy": "Plain",
              "Partial Mode": "Partial",
              "Parent Relationship": "Outer",
              "Parallel Aware": false,
              "Startup Cost": 46425.17,
              "Total Cost": 46425.18,
              "Plan Rows": 1,
              "Plan Width": 8,
              "Actual Startup Time": 122.195,
              "Actual Total Time": 122.197,
              "Actual Rows": 1,
              "Actual Loops": 5,
              "Plans": [
                {
                  "Node Type": "Seq Scan",
                  "Parent Relationship": "Outer",
                  "Parallel Aware": true,
                  "Relation Name": "title",
                  "Alias": "t",
                  "Startup Cost": 0.0,
                  "Total Cost": 45479.59,
                  "Plan Rows": 378235,
                  "Plan Width": 0,
                  "Actual Startup Time": 0.058,
                  "Actual Total Time": 103.528,
                  "Actual Rows": 324034,
                  "Actual Loops": 5,
                  "Filter": "((kind_id > 1) AND (production_year > 1973))",
                  "Rows Removed by Filter": 181629
                }
              ]
            }
          ]
        }
      ]
    },
    "Planning Time": 0.062,
    "Triggers": [],
    "Execution Time": 144.653
  }
]