[
  {
    "Plan": {
      "Node Type": "Aggregate",
      "Strategy": "Plain",
      "Partial Mode": "Finalize",
      "Parallel Aware": false,
      "Startup Cost": 395932.22,
      "Total Cost": 395932.23,
      "Plan Rows": 1,
      "Plan Width": 8,
      "Actual Startup Time": 826.573,
      "Actual Total Time": 874.418,
      "Actual Rows": 1,
      "Actual Loops": 1,
      "Plans": [
        {
          "Node Type": "Gather",
          "Parent Relationship": "Outer",
          "Parallel Aware": false,
          "Startup Cost": 395931.59,
          "Total Cost": 395932.2,
          "Plan Rows": 6,
          "Plan Width": 8,
          "Actual Startup Time": 825.574,
          "Actual Total Time": 874.388,
          "Actual Rows": 7,
          "Actual Loops": 1,
          "Workers Planned": 6,
          "Workers Launched": 6,
          "Single Copy": false,
          "Plans": [
            {
              "Node Type": "Aggregate",
              "Strategy": "Plain",
              "Partial Mode": "Partial",
              "Parent Relationship": "Outer",
              "Parallel Aware": false,
              "Startup Cost": 394931.59,
              "Total Cost": 394931.6,
              "Plan Rows": 1,
              "Plan Width": 8,
              "Actual Startup Time": 818.359,
              "Actual Total Time": 818.363,
              "Actual Rows": 1,
              "Actual Loops": 7,
              "Plans": [
                {
                  "Node Type": "Hash Join",
                  "Parent Relationship": "Outer",
                  "Parallel Aware": true,
                  "Join Type": "Inner",
                  "Startup Cost": 45768.39,
                  "Total Cost": 394734.91,
                  "Plan Rows": 78675,
                  "Plan Width": 0,
                  "Actual Startup Time": 384.765,
                  "Actual Total Time": 815.407,
                  "Actual Rows": 60480,
                  "Actual Loops": 7,
                  "Inner Unique": true,
                  "Hash Cond": "(ci.movie_id = t.id)",
                  "Plans": [
                    {
                      "Node Type": "Seq Scan",
                      "Parent Relationship": "Outer",
                      "Parallel Aware": true,
                      "Relation Name": "cast_info",
                      "Alias": "ci",
                      "Startup Cost": 0.0,
                      "Total Cost": 343316.27,
                      "Plan Rows": 2152472,
                      "Plan Width": 4,
                      "Actual Startup Time": 311.34,
                      "Actual Total Time": 583.196,
                      "Actual Rows": 1307321,
                      "Actual Loops": 7,
                      "Filter": "((person_id < 2968157) AND (role_id > 2))",
                      "Rows Removed by Filter": 3870442
                    },
                    {
                      "Node Type": "Hash",
                      "Parent Relationship": "Inner",
                      "Parallel Aware": true,
                      "Startup Cost": 45479.59,
                      "Total Cost": 45479.59,
                      "Plan Rows": 23104,
                      "Plan Width": 4,
                      "Actual Startup Time": 72.48,
                      "Actual Total Time": 72.48,
                      "Actual Rows": 14393,
                      "Actual Loops": 7,
                      "Hash Buckets": 131072,
                      "Original Hash Buckets": 131072,
                      "Hash Batches": 1,
                      "Original Hash Batches": 1,
                      "Peak Memory Usage": 5056,
                      "Plans": [
                        {
                          "Node Type": "Seq Scan",
                          "Parent Relationship": "Outer",
                          "Parallel Aware": true,
                          "Relation Name": "title",
                          "Alias": "t",
                          "Startup Cost": 0.0,
                          "Total Cost": 45479.59,
                          "Plan Rows": 23104,
                          "Plan Width": 4,
                          "Actual Startup Time": 0.04,
                          "Actual Total Time": 66.436,
                          "Actual Rows": 14393,
                          "Actual Loops": 7,
                          "Filter": "((kind_id > 1) AND (production_year = 2008))",
                          "Rows Removed by Filter": 346794
                        }
                      ]
                    }
                  ]
                }
              ]
            }
          ]
        }
      ]
    },
    "Planning Time": 0.223,
    "Triggers": [],
    "Execution Time": 874.469
  }
]