[
  {
    "Plan": {
      "Node Type": "Aggregate",
      "Strategy": "Plain",
      "Partial Mode": "Finalize",
      "Parallel Aware": false,
      "Startup Cost": 395979.0,
      "Total Cost": 395979.01,
      "Plan Rows": 1,
      "Plan Width": 8,
      "Actual Startup Time": 915.101,
      "Actual Total Time": 976.484,
      "Actual Rows": 1,
      "Actual Loops": 1,
      "Plans": [
        {
          "Node Type": "Gather",
          "Parent Relationship": "Outer",
          "Parallel Aware": false,
          "Startup Cost": 395978.38,
          "Total Cost": 395978.99,
          "Plan Rows": 6,
          "Plan Width": 8,
          "Actual Startup Time": 913.588,
          "Actual Total Time": 976.471,
          "Actual Rows": 7,
          "Actual Loops": 1,
          "Workers Planned": 6,
          "Workers Launched": 6,
          "Single Copy": false,
          "Plans": [
            {
              "Node Type": "Aggregate",
              "Strategy": "Plain",
              "Partial Mode": "Partial",
              "Parent Relationship": "Outer",
              "Parallel Aware": false,
              "Startup Cost": 394978.38,
              "Total Cost": 394978.39,
              "Plan Rows": 1,
              "Plan Width": 8,
              "Actual Startup Time": 902.827,
              "Actual Total Time": 902.83,
              "Actual Rows": 1,
              "Actual Loops": 7,
              "Plans": [
                {
                  "Node Type": "Hash Join",
                  "Parent Relationship": "Outer",
                  "Parallel Aware": true,
                  "Join Type": "Inner",
                  "Startup Cost": 45761.19,
                  "Total Cost": 394782.38,
                  "Plan Rows": 78399,
                  "Plan Width": 0,
                  "Actual Startup Time": 420.682,
                  "Actual Total Time": 899.62,
                  "Actual Rows": 60480,
                  "Actual Loops": 7,
                  "Inner Unique": true,
                  "Hash Cond": "(ci.movie_id = t.id)",
                  "Plans": [
                    {
                      "Node Type": "Seq Scan",
                      "Parent Relationship": "Outer",
                      "Parallel Aware": true,
                      "Relation Name": "cast_info",
                      "Alias": "ci",
                      "Startup Cost": 0.0,
                      "Total Cost": 343257.03,
                      "Plan Rows": 2195867,
                      "Plan Width": 4,
                      "Actual Startup Time": 335.953,
                      "Actual Total Time": 641.547,
                      "Actual Rows": 1307321,
                      "Actual Loops": 7,
                      "Filter": "((person_id < 2968157) AND (role_id > 2))",
                      "Rows Removed by Filter": 3870442
                    },
                    {
                      "Node Type": "Hash",
                      "Parent Relationship": "Inner",
                      "Parallel Aware": true,
                      "Startup Cost": 45479.1,
                      "Total Cost": 45479.1,
                      "Plan Rows": 22567,
                      "Plan Width": 4,
                      "Actual Startup Time": 82.851,
                      "Actual Total Time": 82.852,
                      "Actual Rows": 14393,
                      "Actual Loops": 7,
                      "Hash Buckets": 131072,
                      "Original Hash Buckets": 131072,
                      "Hash Batches": 1,
                      "Original Hash Batches": 1,
                      "Peak Memory Usage": 5056,
                      "Plans": [
                        {
                          "Node Type": "Seq Scan",
                          "Parent Relationship": "Outer",
                          "Parallel Aware": true,
                          "Relation Name": "title",
                          "Alias": "t",
                          "Startup Cost": 0.0,
                          "Total Cost": 45479.1,
                          "Plan Rows": 22567,
                          "Plan Width": 4,
                          "Actual Startup Time": 0.044,
                          "Actual Total Time": 74.861,
                          "Actual Rows": 14393,
                          "Actual Loops": 7,
                          "Filter": "((kind_id > 1) AND (production_year = 2008))",
                          "Rows Removed by Filter": 346794
                        }
                      ]
                    }
                  ]
                }
              ]
            }
          ]
        }
      ]
    },
    "Planning Time": 0.697,
    "Triggers": [],
    "Execution Time": 976.585
  }
]