[
  {
    "Plan": {
      "Node Type": "Aggregate",
      "Strategy": "Plain",
      "Partial Mode": "Finalize",
      "Parallel Aware": false,
      "Startup Cost": 279836.99,
      "Total Cost": 279837.0,
      "Plan Rows": 1,
      "Plan Width": 8,
      "Actual Startup Time": 1071.198,
      "Actual Total Time": 1117.333,
      "Actual Rows": 1,
      "Actual Loops": 1,
      "Plans": [
        {
          "Node Type": "Gather",
          "Parent Relationship": "Outer",
          "Parallel Aware": false,
          "Startup Cost": 279836.47,
          "Total Cost": 279836.98,
          "Plan Rows": 5,
          "Plan Width": 8,
          "Actual Startup Time": 1064.887,
          "Actual Total Time": 1117.324,
          "Actual Rows": 6,
          "Actual Loops": 1,
          "Workers Planned": 5,
          "Workers Launched": 5,
          "Single Copy": false,
          "Plans": [
            {
              "Node Type": "Aggregate",
              "Strategy": "Plain",
              "Partial Mode": "Partial",
              "Parent Relationship": "Outer",
              "Parallel Aware": false,
              "Startup Cost": 278836.47,
              "Total Cost": 278836.48,
              "Plan Rows": 1,
              "Plan Width": 8,
              "Actual Startup Time": 1052.903,
              "Actual Total Time": 1052.908,
              "Actual Rows": 1,
              "Actual Loops": 6,
              "Plans": [
                {
                  "Node Type": "Hash Join",
                  "Parent Relationship": "Outer",
                  "Parallel Aware": true,
                  "Join Type": "Inner",
                  "Startup Cost": 69072.56,
                  "Total Cost": 276168.03,
                  "Plan Rows": 1067375,
                  "Plan Width": 0,
                  "Actual Startup Time": 324.844,
                  "Actual Total Time": 1018.699,
                  "Actual Rows": 784276,
                  "Actual Loops": 6,
                  "Inner Unique": false,
                  "Hash Cond": "(mi.movie_id = t.id)",
                  "Plans": [
                    {
                      "Node Type": "Seq Scan",
                      "Parent Relationship": "Outer",
                      "Parallel Aware": true,
                      "Relation Name": "movie_info",
                      "Alias": "mi",
                      "Startup Cost": 0.0,
                      "Total Cost": 191560.33,
                      "Plan Rows": 2956733,
                      "Plan Width": 4,
                      "Actual Startup Time": 0.032,
                      "Actual Total Time": 302.009,
                      "Actual Rows": 2472620,
                      "Actual Loops": 6
                    },
                    {
                      "Node Type": "Hash",
                      "Parent Relationship": "Inner",
                      "Parallel Aware": true,
                      "Startup Cost": 64318.88,
                      "Total Cost": 64318.88,
                      "Plan Rows": 380295,
                      "Plan Width": 8,
                      "Actual Startup Time": 320.162,
                      "Actual Total Time": 320.165,
                      "Actual Rows": 87655,
                      "Actual Loops": 6,
                      "Hash Buckets": 1048576,
                      "Original Hash Buckets": 1048576,
                      "Hash Batches": 1,
                      "Original Hash Batches": 1,
                      "Peak Memory Usage": 28864,
                      "Plans": [
                        {
                          "Node Type": "Hash Join",
                          "Parent Relationship": "Outer",
                          "Parallel Aware": true,
                          "Join Type": "Inner",
                          "Startup Cost": 49124.32,
                          "Total Cost": 64318.88,
                          "Plan Rows": 380295,
                          "Plan Width": 8,
                          "Actual Startup Time": 213.41,
                          "Actual Total Time": 289.135,
                          "Actual Rows": 87655,
                          "Actual Loops": 6,
                          "Inner Unique": true,
                          "Hash Cond": "(mi_idx.movie_id = t.id)",
                          "Plans": [
                            {
                              "Node Type": "Seq Scan",
                              "Parent Relationship": "Outer",
                              "Parallel Aware": true,
                              "Relation Name": "movie_info_idx",
                              "Alias": "mi_idx",
                              "Startup Cost": 0.0,
                              "Total Cost": 13685.15,
                              "Plan Rows": 575015,
                              "Plan Width": 4,
                              "Actual Startup Time": 0.029,
                              "Actual Total Time": 21.79,
                              "Actual Rows": 230006,
                              "Actual Loops": 6
                            },
                            {
                              "Node Type": "Hash",
                              "Parent Relationship": "Inner",
                              "Parallel Aware": true,
                              "Startup Cost": 43898.92,
                              "Total Cost": 43898.92,
                              "Plan Rows": 418032,
                              "Plan Width": 4,
                              "Actual Startup Time": 210.124,
                              "Actual Total Time": 210.125,
                              "Actual Rows": 279016,
                              "Actual Loops": 6,
                              "Hash Buckets": 2097152,
                              "Original Hash Buckets": 2097152,
                              "Hash Batches": 1,
                              "Original Hash Batches": 1,
                              "Peak Memory Usage": 81984,
                              "Plans": [
                                {
                                  "Node Type": "Seq Scan",
                                  "Parent Relationship": "Outer",
                                  "Parallel Aware": true,
                                  "Relation Name": "title",
                                  "Alias": "t",
                                  "Startup Cost": 0.0,
                                  "Total Cost": 43898.92,
                                  "Plan Rows": 418032,
                                  "Plan Width": 4,
                                  "Actual Startup Time": 0.045,
                                  "Actual Total Time": 83.928,
                                  "Actual Rows": 279016,
                                  "Actual Loops": 6,
                                  "Filter": "(kind_id > 3)",
                                  "Rows Removed by Filter": 142369
                                }
                              ]
                            }
                          ]
                        }
                      ]
                    }
                  ]
                }
              ]
            }
          ]
        }
      ]
    },
    "Planning Time": 1.396,
    "Triggers": [],
    "Execution Time": 1117.43
  }
]