[
  {
    "Plan": {
      "Node Type": "Aggregate",
      "Strategy": "Plain",
      "Partial Mode": "Finalize",
      "Parallel Aware": false,
      "Startup Cost": 9617.68,
      "Total Cost": 9617.69,
      "Plan Rows": 1,
      "Plan Width": 8,
      "Actual Startup Time": 32.404,
      "Actual Total Time": 34.508,
      "Actual Rows": 1,
      "Actual Loops": 1,
      "Plans": [
        {
          "Node Type": "Gather",
          "Parent Relationship": "Outer",
          "Parallel Aware": false,
          "Startup Cost": 9617.36,
          "Total Cost": 9617.67,
          "Plan Rows": 3,
          "Plan Width": 8,
          "Actual Startup Time": 32.29,
          "Actual Total Time": 34.5,
          "Actual Rows": 4,
          "Actual Loops": 1,
          "Workers Planned": 3,
          "Workers Launched": 3,
          "Single Copy": false,
          "Plans": [
            {
              "Node Type": "Aggregate",
              "Strategy": "Plain",
              "Partial Mode": "Partial",
              "Parent Relationship": "Outer",
              "Parallel Aware": false,
              "Startup Cost": 8617.36,
              "Total Cost": 8617.37,
              "Plan Rows": 1,
              "Plan Width": 8,
              "Actual Startup Time": 23.593,
              "Actual Total Time": 23.594,
              "Actual Rows": 1,
              "Actual Loops": 4,
              "Plans": [
                {
                  "Node Type": "Index Scan",
                  "Parent Relationship": "Outer",
                  "Parallel Aware": true,
                  "Scan Direction": "Forward",
                  "Index Name": "role_id_cast_info",
                  "Relation Name": "cast_info",
                  "Alias": "ci",
                  "Startup Cost": 0.56,
                  "Total Cost": 8600.37,
                  "Plan Rows": 6795,
                  "Plan Width": 0,
                  "Actual Startup Time": 15.606,
                  "Actual Total Time": 23.416,
                  "Actual Rows": 2296,
                  "Actual Loops": 4,
                  "Index Cond": "(role_id > 10)",
                  "Rows Removed by Index Recheck": 0,
                  "Filter": "(person_id < 250176)",
                  "Rows Removed by Filter": 76734
                }
              ]
            }
          ]
        }
      ]
    },
    "Planning Time": 0.116,
    "Triggers": [],
    "Execution Time": 34.546
  }
]