[
    {
        "Bao": {
            "Bao prediction": "NaN",
            "Bao recommended hint": "(no hint)"
        }
    },
    {
        "Plan": {
            "Node Type": "Aggregate",
            "Strategy": "Plain",
            "Partial Mode": "Simple",
            "Parallel Aware": false,
            "Startup Cost": 49217.97,
            "Total Cost": 49217.98,
            "Plan Rows": 1,
            "Plan Width": 8,
            "Actual Startup Time": 10.765,
            "Actual Total Time": 10.766,
            "Actual Rows": 1,
            "Actual Loops": 1,
            "Output": [
                "count(*)"
            ],
            "Plans": [
                {
                    "Node Type": "Bitmap Heap Scan",
                    "Parent Relationship": "Outer",
                    "Parallel Aware": false,
                    "Relation Name": "movie_info",
                    "Schema": "public",
                    "Alias": "mi",
                    "Startup Cost": 306.03,
                    "Total Cost": 49176.17,
                    "Plan Rows": 16722,
                    "Plan Width": 0,
                    "Actual Startup Time": 1.732,
                    "Actual Total Time": 9.723,
                    "Actual Rows": 18214,
                    "Actual Loops": 1,
                    "Recheck Cond": "(mi.info_type_id = 108)",
                    "Rows Removed by Index Recheck": 0,
                    "Exact Heap Blocks": 4137,
                    "Lossy Heap Blocks": 0,
                    "Plans": [
                        {
                            "Node Type": "Bitmap Index Scan",
                            "Parent Relationship": "Outer",
                            "Parallel Aware": false,
                            "Index Name": "info_type_id_movie_info",
                            "Startup Cost": 0.0,
                            "Total Cost": 301.85,
                            "Plan Rows": 16722,
                            "Plan Width": 0,
                            "Actual Startup Time": 1.132,
                            "Actual Total Time": 1.133,
                            "Actual Rows": 18214,
                            "Actual Loops": 1,
                            "Index Cond": "(mi.info_type_id = 108)"
                        }
                    ]
                }
            ]
        },
        "Planning Time": 200.315,
        "Triggers": [],
        "Execution Time": 10.808
    }
]