[
  {
    "Plan": {
      "Node Type": "Aggregate",
      "Strategy": "Plain",
      "Partial Mode": "Finalize",
      "Parallel Aware": false,
      "Startup Cost": 32884.9,
      "Total Cost": 32884.91,
      "Plan Rows": 1,
      "Plan Width": 8,
      "Actual Startup Time": 96.287,
      "Actual Total Time": 104.312,
      "Actual Rows": 1,
      "Actual Loops": 1,
      "Plans": [
        {
          "Node Type": "Gather",
          "Parent Relationship": "Outer",
          "Parallel Aware": false,
          "Startup Cost": 32884.59,
          "Total Cost": 32884.9,
          "Plan Rows": 3,
          "Plan Width": 8,
          "Actual Startup Time": 96.175,
          "Actual Total Time": 104.303,
          "Actual Rows": 4,
          "Actual Loops": 1,
          "Workers Planned": 3,
          "Workers Launched": 3,
          "Single Copy": false,
          "Plans": [
            {
              "Node Type": "Aggregate",
              "Strategy": "Plain",
              "Partial Mode": "Partial",
              "Parent Relationship": "Outer",
              "Parallel Aware": false,
              "Startup Cost": 31884.59,
              "Total Cost": 31884.6,
              "Plan Rows": 1,
              "Plan Width": 8,
              "Actual Startup Time": 88.919,
              "Actual Total Time": 88.92,
              "Actual Rows": 1,
              "Actual Loops": 4,
              "Plans": [
                {
                  "Node Type": "Seq Scan",
                  "Parent Relationship": "Outer",
                  "Parallel Aware": true,
                  "Relation Name": "movie_companies",
                  "Alias": "mc",
                  "Startup Cost": 0.0,
                  "Total Cost": 31414.82,
                  "Plan Rows": 187907,
                  "Plan Width": 0,
                  "Actual Startup Time": 47.093,
                  "Actual Total Time": 80.414,
                  "Actual Rows": 216740,
                  "Actual Loops": 4,
                  "Filter": "((company_id > 13121) AND (company_type_id = 2))",
                  "Rows Removed by Filter": 435542
                }
              ]
            }
          ]
        }
      ]
    },
    "Planning Time": 0.217,
    "Triggers": [],
    "Execution Time": 104.374
  }
]