[
  {
    "Plan": {
      "Node Type": "Aggregate",
      "Strategy": "Plain",
      "Partial Mode": "Simple",
      "Parallel Aware": false,
      "Startup Cost": 176102.43,
      "Total Cost": 176102.44,
      "Plan Rows": 1,
      "Plan Width": 8,
      "Actual Startup Time": 69.174,
      "Actual Total Time": 69.175,
      "Actual Rows": 1,
      "Actual Loops": 1,
      "Plans": [
        {
          "Node Type": "Bitmap Heap Scan",
          "Parent Relationship": "Outer",
          "Parallel Aware": false,
          "Relation Name": "movie_info",
          "Alias": "mi",
          "Startup Cost": 3374.32,
          "Total Cost": 175636.02,
          "Plan Rows": 186566,
          "Plan Width": 0,
          "Actual Startup Time": 25.47,
          "Actual Total Time": 58.179,
          "Actual Rows": 180112,
          "Actual Loops": 1,
          "Recheck Cond": "(info_type_id = 13)",
          "Rows Removed by Index Recheck": 0,
          "Exact Heap Blocks": 5815,
          "Lossy Heap Blocks": 0,
          "Plans": [
            {
              "Node Type": "Bitmap Index Scan",
              "Parent Relationship": "Outer",
              "Parallel Aware": false,
              "Index Name": "info_type_id_movie_info",
              "Startup Cost": 0.0,
              "Total Cost": 3327.68,
              "Plan Rows": 186566,
              "Plan Width": 0,
              "Actual Startup Time": 24.47,
              "Actual Total Time": 24.471,
              "Actual Rows": 180112,
              "Actual Loops": 1,
              "Index Cond": "(info_type_id = 13)"
            }
          ]
        }
      ]
    },
    "Planning Time": 0.171,
    "Triggers": [],
    "Execution Time": 69.246
  }
]