[
  {
    "Plan": {
      "Node Type": "Aggregate",
      "Strategy": "Plain",
      "Partial Mode": "Finalize",
      "Parallel Aware": false,
      "Startup Cost": 326495.71,
      "Total Cost": 326495.72,
      "Plan Rows": 1,
      "Plan Width": 8,
      "Actual Startup Time": 295.657,
      "Actual Total Time": 314.453,
      "Actual Rows": 1,
      "Actual Loops": 1,
      "Plans": [
        {
          "Node Type": "Gather",
          "Parent Relationship": "Outer",
          "Parallel Aware": false,
          "Startup Cost": 326495.29,
          "Total Cost": 326495.7,
          "Plan Rows": 4,
          "Plan Width": 8,
          "Actual Startup Time": 292.864,
          "Actual Total Time": 314.439,
          "Actual Rows": 5,
          "Actual Loops": 1,
          "Workers Planned": 4,
          "Workers Launched": 4,
          "Single Copy": false,
          "Plans": [
            {
              "Node Type": "Aggregate",
              "Strategy": "Plain",
              "Partial Mode": "Partial",
              "Parent Relationship": "Outer",
              "Parallel Aware": false,
              "Startup Cost": 325495.29,
              "Total Cost": 325495.3,
              "Plan Rows": 1,
              "Plan Width": 8,
              "Actual Startup Time": 285.193,
              "Actual Total Time": 285.197,
              "Actual Rows": 1,
              "Actual Loops": 5,
              "Plans": [
                {
                  "Node Type": "Hash Join",
                  "Parent Relationship": "Outer",
                  "Parallel Aware": true,
                  "Join Type": "Inner",
                  "Startup Cost": 276772.71,
                  "Total Cost": 325307.93,
                  "Plan Rows": 74942,
                  "Plan Width": 0,
                  "Actual Startup Time": 125.737,
                  "Actual Total Time": 282.976,
                  "Actual Rows": 40511,
                  "Actual Loops": 5,
                  "Inner Unique": false,
                  "Hash Cond": "(t.id = ci.movie_id)",
                  "Plans": [
                    {
                      "Node Type": "Seq Scan",
                      "Parent Relationship": "Outer",
                      "Parallel Aware": true,
                      "Relation Name": "title",
                      "Alias": "t",
                      "Startup Cost": 0.0,
                      "Total Cost": 43899.32,
                      "Plan Rows": 451100,
                      "Plan Width": 4,
                      "Actual Startup Time": 0.021,
                      "Actual Total Time": 86.302,
                      "Actual Rows": 358677,
                      "Actual Loops": 5,
                      "Filter": "(production_year > 1988)",
                      "Rows Removed by Filter": 146986
                    },
                    {
                      "Node Type": "Hash",
                      "Parent Relationship": "Inner",
                      "Parallel Aware": true,
                      "Startup Cost": 275897.6,
                      "Total Cost": 275897.6,
                      "Plan Rows": 70009,
                      "Plan Width": 4,
                      "Actual Startup Time": 122.938,
                      "Actual Total Time": 122.94,
                      "Actual Rows": 53454,
                      "Actual Loops": 5,
                      "Hash Buckets": 524288,
                      "Original Hash Buckets": 524288,
                      "Hash Batches": 1,
                      "Original Hash Batches": 1,
                      "Peak Memory Usage": 14624,
                      "Plans": [
                        {
                          "Node Type": "Bitmap Heap Scan",
                          "Parent Relationship": "Outer",
                          "Parallel Aware": true,
                          "Relation Name": "cast_info",
                          "Alias": "ci",
                          "Startup Cost": 20836.34,
                          "Total Cost": 275897.6,
                          "Plan Rows": 70009,
                          "Plan Width": 4,
                          "Actual Startup Time": 81.665,
                          "Actual Total Time": 100.419,
                          "Actual Rows": 53454,
                          "Actual Loops": 5,
                          "Recheck Cond": "(person_id < 101380)",
                          "Rows Removed by Index Recheck": 0,
                          "Filter": "(role_id > 2)",
                          "Rows Removed by Filter": 145077,
                          "Exact Heap Blocks": 4291,
                          "Lossy Heap Blocks": 0,
                          "Plans": [
                            {
                              "Node Type": "Bitmap Index Scan",
                              "Parent Relationship": "Outer",
                              "Parallel Aware": false,
                              "Index Name": "person_id_cast_info",
                              "Startup Cost": 0.0,
                              "Total Cost": 20731.33,
                              "Plan Rows": 949702,
                              "Plan Width": 0,
                              "Actual Startup Time": 43.02,
                              "Actual Total Time": 43.02,
                              "Actual Rows": 992655,
                              "Actual Loops": 1,
                              "Index Cond": "(person_id < 101380)"
                            }
                          ]
                        }
                      ]
                    }
                  ]
                }
              ]
            }
          ]
        }
      ]
    },
    "Planning Time": 0.644,
    "Triggers": [],
    "Execution Time": 314.547
  }
]