[
  {
    "Plan": {
      "Node Type": "Aggregate",
      "Strategy": "Plain",
      "Partial Mode": "Simple",
      "Parallel Aware": false,
      "Startup Cost": 17085.55,
      "Total Cost": 17085.56,
      "Plan Rows": 1,
      "Plan Width": 8,
      "Actual Startup Time": 23.68,
      "Actual Total Time": 23.682,
      "Actual Rows": 1,
      "Actual Loops": 1,
      "Plans": [
        {
          "Node Type": "Bitmap Heap Scan",
          "Parent Relationship": "Outer",
          "Parallel Aware": false,
          "Relation Name": "movie_companies",
          "Alias": "mc",
          "Startup Cost": 233.97,
          "Total Cost": 17072.48,
          "Plan Rows": 5230,
          "Plan Width": 0,
          "Actual Startup Time": 5.8,
          "Actual Total Time": 22.672,
          "Actual Rows": 6008,
          "Actual Loops": 1,
          "Recheck Cond": "(company_id = 846)",
          "Rows Removed by Index Recheck": 0,
          "Filter": "(company_type_id < 2)",
          "Rows Removed by Filter": 4155,
          "Exact Heap Blocks": 5689,
          "Lossy Heap Blocks": 0,
          "Plans": [
            {
              "Node Type": "Bitmap Index Scan",
              "Parent Relationship": "Outer",
              "Parallel Aware": false,
              "Index Name": "company_id_movie_companies",
              "Startup Cost": 0.0,
              "Total Cost": 232.66,
              "Plan Rows": 10697,
              "Plan Width": 0,
              "Actual Startup Time": 3.239,
              "Actual Total Time": 3.239,
              "Actual Rows": 10163,
              "Actual Loops": 1,
              "Index Cond": "(company_id = 846)"
            }
          ]
        }
      ]
    },
    "Planning Time": 0.215,
    "Triggers": [],
    "Execution Time": 23.749
  }
]