[
  {
    "Plan": {
      "Node Type": "Aggregate",
      "Strategy": "Plain",
      "Partial Mode": "Finalize",
      "Parallel Aware": false,
      "Startup Cost": 85391.85,
      "Total Cost": 85391.86,
      "Plan Rows": 1,
      "Plan Width": 8,
      "Actual Startup Time": 206.195,
      "Actual Total Time": 217.098,
      "Actual Rows": 1,
      "Actual Loops": 1,
      "Plans": [
        {
          "Node Type": "Gather",
          "Parent Relationship": "Outer",
          "Parallel Aware": false,
          "Startup Cost": 85391.54,
          "Total Cost": 85391.85,
          "Plan Rows": 3,
          "Plan Width": 8,
          "Actual Startup Time": 205.883,
          "Actual Total Time": 217.089,
          "Actual Rows": 4,
          "Actual Loops": 1,
          "Workers Planned": 3,
          "Workers Launched": 3,
          "Single Copy": false,
          "Plans": [
            {
              "Node Type": "Aggregate",
              "Strategy": "Plain",
              "Partial Mode": "Partial",
              "Parent Relationship": "Outer",
              "Parallel Aware": false,
              "Startup Cost": 84391.54,
              "Total Cost": 84391.55,
              "Plan Rows": 1,
              "Plan Width": 8,
              "Actual Startup Time": 198.53,
              "Actual Total Time": 198.538,
              "Actual Rows": 1,
              "Actual Loops": 4,
              "Plans": [
                {
                  "Node Type": "Hash Join",
                  "Parent Relationship": "Outer",
                  "Parallel Aware": true,
                  "Join Type": "Inner",
                  "Startup Cost": 38188.89,
                  "Total Cost": 84352.44,
                  "Plan Rows": 15640,
                  "Plan Width": 0,
                  "Actual Startup Time": 64.947,
                  "Actual Total Time": 198.195,
                  "Actual Rows": 7098,
                  "Actual Loops": 4,
                  "Inner Unique": true,
                  "Hash Cond": "(mk.movie_id = t.id)",
                  "Plans": [
                    {
                      "Node Type": "Seq Scan",
                      "Parent Relationship": "Outer",
                      "Parallel Aware": true,
                      "Relation Name": "movie_keyword",
                      "Alias": "mk",
                      "Startup Cost": 0.0,
                      "Total Cost": 42695.65,
                      "Plan Rows": 1321098,
                      "Plan Width": 4,
                      "Actual Startup Time": 0.027,
                      "Actual Total Time": 107.25,
                      "Actual Rows": 1024970,
                      "Actual Loops": 4,
                      "Filter": "(keyword_id < 41212)",
                      "Rows Removed by Filter": 106012
                    },
                    {
                      "Node Type": "Hash",
                      "Parent Relationship": "Inner",
                      "Parallel Aware": true,
                      "Startup Cost": 38095.35,
                      "Total Cost": 38095.35,
                      "Plan Rows": 7483,
                      "Plan Width": 4,
                      "Actual Startup Time": 31.376,
                      "Actual Total Time": 31.382,
                      "Actual Rows": 4706,
                      "Actual Loops": 4,
                      "Hash Buckets": 32768,
                      "Original Hash Buckets": 32768,
                      "Hash Batches": 1,
                      "Original Hash Batches": 1,
                      "Peak Memory Usage": 1056,
                      "Plans": [
                        {
                          "Node Type": "Bitmap Heap Scan",
                          "Parent Relationship": "Outer",
                          "Parallel Aware": true,
                          "Relation Name": "title",
                          "Alias": "t",
                          "Startup Cost": 1734.21,
                          "Total Cost": 38095.35,
                          "Plan Rows": 7483,
                          "Plan Width": 4,
                          "Actual Startup Time": 2.285,
                          "Actual Total Time": 29.571,
                          "Actual Rows": 4706,
                          "Actual Loops": 4,
                          "Recheck Cond": "(kind_id = 3)",
                          "Rows Removed by Index Recheck": 0,
                          "Filter": "(production_year > 2007)",
                          "Rows Removed by Filter": 20428,
                          "Exact Heap Blocks": 7851,
                          "Lossy Heap Blocks": 0,
                          "Plans": [
                            {
                              "Node Type": "Bitmap Index Scan",
                              "Parent Relationship": "Outer",
                              "Parallel Aware": false,
                              "Index Name": "kind_id_title",
                              "Startup Cost": 0.0,
                              "Total Cost": 1726.72,
                              "Plan Rows": 96839,
                              "Plan Width": 0,
                              "Actual Startup Time": 5.272,
                              "Actual Total Time": 5.273,
                              "Actual Rows": 100537,
                              "Actual Loops": 1,
                              "Index Cond": "(kind_id = 3)"
                            }
                          ]
                        }
                      ]
                    }
                  ]
                }
              ]
            }
          ]
        }
      ]
    },
    "Planning Time": 0.22,
    "Triggers": [],
    "Execution Time": 217.153
  }
]