[
  {
    "Plan": {
      "Node Type": "Aggregate",
      "Strategy": "Plain",
      "Partial Mode": "Finalize",
      "Parallel Aware": false,
      "Startup Cost": 290944.51,
      "Total Cost": 290944.52,
      "Plan Rows": 1,
      "Plan Width": 8,
      "Actual Startup Time": 1592.789,
      "Actual Total Time": 1647.761,
      "Actual Rows": 1,
      "Actual Loops": 1,
      "Plans": [
        {
          "Node Type": "Gather",
          "Parent Relationship": "Outer",
          "Parallel Aware": false,
          "Startup Cost": 290943.99,
          "Total Cost": 290944.5,
          "Plan Rows": 5,
          "Plan Width": 8,
          "Actual Startup Time": 1585.313,
          "Actual Total Time": 1647.748,
          "Actual Rows": 6,
          "Actual Loops": 1,
          "Workers Planned": 5,
          "Workers Launched": 5,
          "Single Copy": false,
          "Plans": [
            {
              "Node Type": "Aggregate",
              "Strategy": "Plain",
              "Partial Mode": "Partial",
              "Parent Relationship": "Outer",
              "Parallel Aware": false,
              "Startup Cost": 289943.99,
              "Total Cost": 289944.0,
              "Plan Rows": 1,
              "Plan Width": 8,
              "Actual Startup Time": 1575.938,
              "Actual Total Time": 1576.162,
              "Actual Rows": 1,
              "Actual Loops": 6,
              "Plans": [
                {
                  "Node Type": "Hash Join",
                  "Parent Relationship": "Outer",
                  "Parallel Aware": true,
                  "Join Type": "Inner",
                  "Startup Cost": 77984.51,
                  "Total Cost": 288903.87,
                  "Plan Rows": 416048,
                  "Plan Width": 0,
                  "Actual Startup Time": 385.335,
                  "Actual Total Time": 1458.312,
                  "Actual Rows": 2111290,
                  "Actual Loops": 6,
                  "Inner Unique": false,
                  "Hash Cond": "(mi.movie_id = t.id)",
                  "Plans": [
                    {
                      "Node Type": "Seq Scan",
                      "Parent Relationship": "Outer",
                      "Parallel Aware": true,
                      "Relation Name": "movie_info",
                      "Alias": "mi",
                      "Startup Cost": 0.0,
                      "Total Cost": 199108.24,
                      "Plan Rows": 2791737,
                      "Plan Width": 4,
                      "Actual Startup Time": 0.044,
                      "Actual Total Time": 444.705,
                      "Actual Rows": 2327249,
                      "Actual Loops": 6,
                      "Filter": "(info_type_id < 98)",
                      "Rows Removed by Filter": 145371
                    },
                    {
                      "Node Type": "Hash",
                      "Parent Relationship": "Inner",
                      "Parallel Aware": true,
                      "Startup Cost": 76465.13,
                      "Total Cost": 76465.13,
                      "Plan Rows": 121551,
                      "Plan Width": 8,
                      "Actual Startup Time": 381.96,
                      "Actual Total Time": 382.183,
                      "Actual Rows": 112570,
                      "Actual Loops": 6,
                      "Hash Buckets": 1048576,
                      "Original Hash Buckets": 524288,
                      "Hash Batches": 1,
                      "Original Hash Batches": 1,
                      "Peak Memory Usage": 38848,
                      "Plans": [
                        {
                          "Node Type": "Hash Join",
                          "Parent Relationship": "Outer",
                          "Parallel Aware": true,
                          "Join Type": "Inner",
                          "Startup Cost": 45169.28,
                          "Total Cost": 76465.13,
                          "Plan Rows": 121551,
                          "Plan Width": 8,
                          "Actual Startup Time": 133.692,
                          "Actual Total Time": 313.681,
                          "Actual Rows": 112570,
                          "Actual Loops": 6,
                          "Inner Unique": true,
                          "Hash Cond": "(mc.movie_id = t.id)",
                          "Plans": [
                            {
                              "Node Type": "Seq Scan",
                              "Parent Relationship": "Outer",
                              "Parallel Aware": true,
                              "Relation Name": "movie_companies",
                              "Alias": "mc",
                              "Startup Cost": 0.0,
                              "Total Cost": 29310.68,
                              "Plan Rows": 756252,
                              "Plan Width": 4,
                              "Actual Startup Time": 0.015,
                              "Actual Total Time": 75.771,
                              "Actual Rows": 391494,
                              "Actual Loops": 6,
                              "Filter": "(company_id < 99362)",
                              "Rows Removed by Filter": 43361
                            },
                            {
                              "Node Type": "Hash",
                              "Parent Relationship": "Inner",
                              "Parallel Aware": true,
                              "Startup Cost": 43899.32,
                              "Total Cost": 43899.32,
                              "Plan Rows": 101597,
                              "Plan Width": 4,
                              "Actual Startup Time": 132.445,
                              "Actual Total Time": 132.446,
                              "Actual Rows": 70630,
                              "Actual Loops": 6,
                              "Hash Buckets": 524288,
                              "Original Hash Buckets": 524288,
                              "Hash Batches": 1,
                              "Original Hash Batches": 1,
                              "Peak Memory Usage": 20736,
                              "Plans": [
                                {
                                  "Node Type": "Seq Scan",
                                  "Parent Relationship": "Outer",
                                  "Parallel Aware": true,
                                  "Relation Name": "title",
                                  "Alias": "t",
                                  "Startup Cost": 0.0,
                                  "Total Cost": 43899.32,
                                  "Plan Rows": 101597,
                                  "Plan Width": 4,
                                  "Actual Startup Time": 0.064,
                                  "Actual Total Time": 97.032,
                                  "Actual Rows": 70630,
                                  "Actual Loops": 6,
                                  "Filter": "(production_year < 1974)",
                                  "Rows Removed by Filter": 350756
                                }
                              ]
                            }
                          ]
                        }
                      ]
                    }
                  ]
                }
              ]
            }
          ]
        }
      ]
    },
    "Planning Time": 0.576,
    "Triggers": [],
    "Execution Time": 1647.828
  }
]