[
  {
    "Plan": {
      "Node Type": "Aggregate",
      "Strategy": "Plain",
      "Partial Mode": "Finalize",
      "Parallel Aware": false,
      "Startup Cost": 388777.26,
      "Total Cost": 388777.27,
      "Plan Rows": 1,
      "Plan Width": 8,
      "Actual Startup Time": 1585.541,
      "Actual Total Time": 1653.303,
      "Actual Rows": 1,
      "Actual Loops": 1,
      "Plans": [
        {
          "Node Type": "Gather",
          "Parent Relationship": "Outer",
          "Parallel Aware": false,
          "Startup Cost": 388776.63,
          "Total Cost": 388777.24,
          "Plan Rows": 6,
          "Plan Width": 8,
          "Actual Startup Time": 1584.388,
          "Actual Total Time": 1653.289,
          "Actual Rows": 7,
          "Actual Loops": 1,
          "Workers Planned": 6,
          "Workers Launched": 6,
          "Single Copy": false,
          "Plans": [
            {
              "Node Type": "Aggregate",
              "Strategy": "Plain",
              "Partial Mode": "Partial",
              "Parent Relationship": "Outer",
              "Parallel Aware": false,
              "Startup Cost": 387776.63,
              "Total Cost": 387776.64,
              "Plan Rows": 1,
              "Plan Width": 8,
              "Actual Startup Time": 1573.464,
              "Actual Total Time": 1573.468,
              "Actual Rows": 1,
              "Actual Loops": 7,
              "Plans": [
                {
                  "Node Type": "Hash Join",
                  "Parent Relationship": "Outer",
                  "Parallel Aware": true,
                  "Join Type": "Inner",
                  "Startup Cost": 45784.87,
                  "Total Cost": 387285.02,
                  "Plan Rows": 196646,
                  "Plan Width": 0,
                  "Actual Startup Time": 91.092,
                  "Actual Total Time": 1562.581,
                  "Actual Rows": 182062,
                  "Actual Loops": 7,
                  "Inner Unique": true,
                  "Hash Cond": "(ci.movie_id = t.id)",
                  "Plans": [
                    {
                      "Node Type": "Seq Scan",
                      "Parent Relationship": "Outer",
                      "Parallel Aware": true,
                      "Relation Name": "cast_info",
                      "Alias": "ci",
                      "Startup Cost": 0.0,
                      "Total Cost": 328162.03,
                      "Plan Rows": 5081180,
                      "Plan Width": 4,
                      "Actual Startup Time": 0.03,
                      "Actual Total Time": 812.011,
                      "Actual Rows": 4358807,
                      "Actual Loops": 7,
                      "Filter": "(role_id < 9)",
                      "Rows Removed by Filter": 818956
                    },
                    {
                      "Node Type": "Hash",
                      "Parent Relationship": "Inner",
                      "Parallel Aware": true,
                      "Startup Cost": 45479.1,
                      "Total Cost": 45479.1,
                      "Plan Rows": 24462,
                      "Plan Width": 4,
                      "Actual Startup Time": 89.197,
                      "Actual Total Time": 89.198,
                      "Actual Rows": 15772,
                      "Actual Loops": 7,
                      "Hash Buckets": 131072,
                      "Original Hash Buckets": 131072,
                      "Hash Batches": 1,
                      "Original Hash Batches": 1,
                      "Peak Memory Usage": 5472,
                      "Plans": [
                        {
                          "Node Type": "Seq Scan",
                          "Parent Relationship": "Outer",
                          "Parallel Aware": true,
                          "Relation Name": "title",
                          "Alias": "t",
                          "Startup Cost": 0.0,
                          "Total Cost": 45479.1,
                          "Plan Rows": 24462,
                          "Plan Width": 4,
                          "Actual Startup Time": 0.047,
                          "Actual Total Time": 80.663,
                          "Actual Rows": 15772,
                          "Actual Loops": 7,
                          "Filter": "((kind_id = 7) AND (production_year = 2012))",
                          "Rows Removed by Filter": 345416
                        }
                      ]
                    }
                  ]
                }
              ]
            }
          ]
        }
      ]
    },
    "Planning Time": 0.681,
    "Triggers": [],
    "Execution Time": 1653.395
  }
]