{
  "Plan": {
    "Node Type": "Aggregate",
    "Strategy": "Plain",
    "Partial Mode": "Finalize",
    "Parallel Aware": false,
    "Startup Cost": 228099.83,
    "Total Cost": 228099.84,
    "Plan Rows": 1,
    "Plan Width": 8,
    "Actual Startup Time": 224.002,
    "Actual Total Time": 237.81,
    "Actual Rows": 1,
    "Actual Loops": 1,
    "Plans": [
      {
        "Node Type": "Gather",
        "Parent Relationship": "Outer",
        "Parallel Aware": false,
        "Startup Cost": 228099.72,
        "Total Cost": 228099.83,
        "Plan Rows": 1,
        "Plan Width": 8,
        "Actual Startup Time": 223.557,
        "Actual Total Time": 237.802,
        "Actual Rows": 2,
        "Actual Loops": 1,
        "Workers Planned": 1,
        "Workers Launched": 1,
        "Single Copy": false,
        "Plans": [
          {
            "Node Type": "Aggregate",
            "Strategy": "Plain",
            "Partial Mode": "Partial",
            "Parent Relationship": "Outer",
            "Parallel Aware": false,
            "Startup Cost": 227099.72,
            "Total Cost": 227099.73,
            "Plan Rows": 1,
            "Plan Width": 8,
            "Actual Startup Time": 217.571,
            "Actual Total Time": 217.575,
            "Actual Rows": 1,
            "Actual Loops": 2,
            "Plans": [
              {
                "Node Type": "Hash Join",
                "Parent Relationship": "Outer",
                "Parallel Aware": true,
                "Join Type": "Inner",
                "Startup Cost": 61799.24,
                "Total Cost": 227084.9,
                "Plan Rows": 5928,
                "Plan Width": 0,
                "Actual Startup Time": 166.939,
                "Actual Total Time": 217.421,
                "Actual Rows": 2448,
                "Actual Loops": 2,
                "Inner Unique": true,
                "Hash Cond": "(mi.movie_id = t.id)",
                "Plans": [
                  {
                    "Node Type": "Bitmap Heap Scan",
                    "Parent Relationship": "Outer",
                    "Parallel Aware": true,
                    "Relation Name": "movie_info",
                    "Alias": "mi",
                    "Startup Cost": 6704.59,
                    "Total Cost": 171418.79,
                    "Plan Rows": 217696,
                    "Plan Width": 4,
                    "Actual Startup Time": 15.022,
                    "Actual Total Time": 46.003,
                    "Actual Rows": 184109,
                    "Actual Loops": 2,
                    "Recheck Cond": "(info_type_id = 17)",
                    "Rows Removed by Index Recheck": 0,
                    "Exact Heap Blocks": 6438,
                    "Lossy Heap Blocks": 0,
                    "Plans": [
                      {
                        "Node Type": "Bitmap Index Scan",
                        "Parent Relationship": "Outer",
                        "Parallel Aware": false,
                        "Index Name": "info_type_id_movie_info",
                        "Startup Cost": 0.0,
                        "Total Cost": 6612.07,
                        "Plan Rows": 370084,
                        "Plan Width": 0,
                        "Actual Startup Time": 13.477,
                        "Actual Total Time": 13.478,
                        "Actual Rows": 368218,
                        "Actual Loops": 1,
                        "Index Cond": "(info_type_id = 17)"
                      }
                    ]
                  },
                  {
                    "Node Type": "Hash",
                    "Parent Relationship": "Inner",
                    "Parallel Aware": true,
                    "Startup Cost": 54588.39,
                    "Total Cost": 54588.39,
                    "Plan Rows": 40501,
                    "Plan Width": 4,
                    "Actual Startup Time": 149.156,
                    "Actual Total Time": 149.157,
                    "Actual Rows": 33671,
                    "Actual Loops": 2,
                    "Hash Buckets": 131072,
                    "Original Hash Buckets": 131072,
                    "Hash Batches": 1,
                    "Original Hash Batches": 1,
                    "Peak Memory Usage": 3712,
                    "Plans": [
                      {
                        "Node Type": "Seq Scan",
                        "Parent Relationship": "Outer",
                        "Parallel Aware": true,
                        "Relation Name": "title",
                        "Alias": "t",
                        "Startup Cost": 0.0,
                        "Total Cost": 54588.39,
                        "Plan Rows": 40501,
                        "Plan Width": 4,
                        "Actual Startup Time": 0.073,
                        "Actual Total Time": 137.851,
                        "Actual Rows": 33671,
                        "Actual Loops": 2,
                        "Filter": "(production_year > 2012)",
                        "Rows Removed by Filter": 1230485
                      }
                    ]
                  }
                ]
              }
            ]
          }
        ]
      }
    ]
  },
  "Planning Time": 0.574,
  "Triggers": [],
  "Execution Time": 237.895
}