{
  "Plan": {
    "Node Type": "Aggregate",
    "Strategy": "Plain",
    "Partial Mode": "Finalize",
    "Parallel Aware": false,
    "Startup Cost": 150219.35,
    "Total Cost": 150219.36,
    "Plan Rows": 1,
    "Plan Width": 8,
    "Actual Startup Time": 762.586,
    "Actual Total Time": 781.012,
    "Actual Rows": 1,
    "Actual Loops": 1,
    "Plans": [
      {
        "Node Type": "Gather",
        "Parent Relationship": "Outer",
        "Parallel Aware": false,
        "Startup Cost": 150219.23,
        "Total Cost": 150219.34,
        "Plan Rows": 1,
        "Plan Width": 8,
        "Actual Startup Time": 761.613,
        "Actual Total Time": 781.003,
        "Actual Rows": 2,
        "Actual Loops": 1,
        "Workers Planned": 1,
        "Workers Launched": 1,
        "Single Copy": false,
        "Plans": [
          {
            "Node Type": "Aggregate",
            "Strategy": "Plain",
            "Partial Mode": "Partial",
            "Parent Relationship": "Outer",
            "Parallel Aware": false,
            "Startup Cost": 149219.23,
            "Total Cost": 149219.24,
            "Plan Rows": 1,
            "Plan Width": 8,
            "Actual Startup Time": 755.605,
            "Actual Total Time": 755.759,
            "Actual Rows": 1,
            "Actual Loops": 2,
            "Plans": [
              {
                "Node Type": "Hash Join",
                "Parent Relationship": "Outer",
                "Parallel Aware": true,
                "Join Type": "Inner",
                "Startup Cost": 86722.74,
                "Total Cost": 148786.21,
                "Plan Rows": 173208,
                "Plan Width": 0,
                "Actual Startup Time": 471.802,
                "Actual Total Time": 730.768,
                "Actual Rows": 650161,
                "Actual Loops": 2,
                "Inner Unique": false,
                "Hash Cond": "(mk.movie_id = t.id)",
                "Plans": [
                  {
                    "Node Type": "Seq Scan",
                    "Parent Relationship": "Outer",
                    "Parallel Aware": true,
                    "Relation Name": "movie_keyword",
                    "Alias": "mk",
                    "Startup Cost": 0.0,
                    "Total Cost": 51065.35,
                    "Plan Rows": 2661135,
                    "Plan Width": 4,
                    "Actual Startup Time": 0.008,
                    "Actual Total Time": 150.049,
                    "Actual Rows": 2261965,
                    "Actual Loops": 2
                  },
                  {
                    "Node Type": "Hash",
                    "Parent Relationship": "Inner",
                    "Parallel Aware": true,
                    "Startup Cost": 85512.72,
                    "Total Cost": 85512.72,
                    "Plan Rows": 96801,
                    "Plan Width": 8,
                    "Actual Startup Time": 367.356,
                    "Actual Total Time": 367.509,
                    "Actual Rows": 80313,
                    "Actual Loops": 2,
                    "Hash Buckets": 262144,
                    "Original Hash Buckets": 262144,
                    "Hash Batches": 1,
                    "Original Hash Batches": 1,
                    "Peak Memory Usage": 8384,
                    "Plans": [
                      {
                        "Node Type": "Hash Join",
                        "Parent Relationship": "Outer",
                        "Parallel Aware": true,
                        "Join Type": "Inner",
                        "Startup Cost": 24777.8,
                        "Total Cost": 85512.72,
                        "Plan Rows": 96801,
                        "Plan Width": 8,
                        "Actual Startup Time": 239.619,
                        "Actual Total Time": 349.546,
                        "Actual Rows": 80313,
                        "Actual Loops": 2,
                        "Inner Unique": false,
                        "Hash Cond": "(t.id = mc.movie_id)",
                        "Plans": [
                          {
                            "Node Type": "Seq Scan",
                            "Parent Relationship": "Outer",
                            "Parallel Aware": true,
                            "Relation Name": "title",
                            "Alias": "t",
                            "Startup Cost": 0.0,
                            "Total Cost": 50870.31,
                            "Plan Rows": 1487231,
                            "Plan Width": 4,
                            "Actual Startup Time": 0.011,
                            "Actual Total Time": 119.18,
                            "Actual Rows": 1264156,
                            "Actual Loops": 2
                          },
                          {
                            "Node Type": "Hash",
                            "Parent Relationship": "Inner",
                            "Parallel Aware": true,
                            "Startup Cost": 23567.79,
                            "Total Cost": 23567.79,
                            "Plan Rows": 96801,
                            "Plan Width": 4,
                            "Actual Startup Time": 61.12,
                            "Actual Total Time": 61.122,
                            "Actual Rows": 80313,
                            "Actual Loops": 2,
                            "Hash Buckets": 262144,
                            "Original Hash Buckets": 262144,
                            "Hash Batches": 1,
                            "Original Hash Batches": 1,
                            "Peak Memory Usage": 8384,
                            "Plans": [
                              {
                                "Node Type": "Bitmap Heap Scan",
                                "Parent Relationship": "Outer",
                                "Parallel Aware": true,
                                "Relation Name": "movie_companies",
                                "Alias": "mc",
                                "Startup Cost": 3567.78,
                                "Total Cost": 23567.79,
                                "Plan Rows": 96801,
                                "Plan Width": 4,
                                "Actual Startup Time": 16.136,
                                "Actual Total Time": 42.649,
                                "Actual Rows": 80313,
                                "Actual Loops": 2,
                                "Recheck Cond": "(company_id > 127534)",
                                "Rows Removed by Index Recheck": 0,
                                "Exact Heap Blocks": 3021,
                                "Lossy Heap Blocks": 0,
                                "Plans": [
                                  {
                                    "Node Type": "Bitmap Index Scan",
                                    "Parent Relationship": "Outer",
                                    "Parallel Aware": false,
                                    "Index Name": "company_id_movie_companies",
                                    "Startup Cost": 0.0,
                                    "Total Cost": 3526.64,
                                    "Plan Rows": 164561,
                                    "Plan Width": 0,
                                    "Actual Startup Time": 15.245,
                                    "Actual Total Time": 15.245,
                                    "Actual Rows": 160626,
                                    "Actual Loops": 1,
                                    "Index Cond": "(company_id > 127534)"
                                  }
                                ]
                              }
                            ]
                          }
                        ]
                      }
                    ]
                  }
                ]
              }
            ]
          }
        ]
      }
    ]
  },
  "Planning Time": 1.02,
  "Triggers": [],
  "Execution Time": 781.114
}