[
  {
    "Plan": {
      "Node Type": "Aggregate",
      "Strategy": "Plain",
      "Partial Mode": "Finalize",
      "Parallel Aware": false,
      "Startup Cost": 450390.68,
      "Total Cost": 450390.69,
      "Plan Rows": 1,
      "Plan Width": 8,
      "Actual Startup Time": 3276.962,
      "Actual Total Time": 3337.925,
      "Actual Rows": 1,
      "Actual Loops": 1,
      "Plans": [
        {
          "Node Type": "Gather",
          "Parent Relationship": "Outer",
          "Parallel Aware": false,
          "Startup Cost": 450390.06,
          "Total Cost": 450390.67,
          "Plan Rows": 6,
          "Plan Width": 8,
          "Actual Startup Time": 3262.194,
          "Actual Total Time": 3337.901,
          "Actual Rows": 7,
          "Actual Loops": 1,
          "Workers Planned": 6,
          "Workers Launched": 6,
          "Single Copy": false,
          "Plans": [
            {
              "Node Type": "Aggregate",
              "Strategy": "Plain",
              "Partial Mode": "Partial",
              "Parent Relationship": "Outer",
              "Parallel Aware": false,
              "Startup Cost": 449390.06,
              "Total Cost": 449390.07,
              "Plan Rows": 1,
              "Plan Width": 8,
              "Actual Startup Time": 3251.038,
              "Actual Total Time": 3251.196,
              "Actual Rows": 1,
              "Actual Loops": 7,
              "Plans": [
                {
                  "Node Type": "Hash Join",
                  "Parent Relationship": "Outer",
                  "Parallel Aware": true,
                  "Join Type": "Inner",
                  "Startup Cost": 92979.4,
                  "Total Cost": 445372.71,
                  "Plan Rows": 1606941,
                  "Plan Width": 0,
                  "Actual Startup Time": 389.317,
                  "Actual Total Time": 2711.473,
                  "Actual Rows": 13306172,
                  "Actual Loops": 7,
                  "Inner Unique": false,
                  "Hash Cond": "(ci.movie_id = t.id)",
                  "Plans": [
                    {
                      "Node Type": "Seq Scan",
                      "Parent Relationship": "Outer",
                      "Parallel Aware": true,
                      "Relation Name": "cast_info",
                      "Alias": "ci",
                      "Startup Cost": 0.0,
                      "Total Cost": 328162.03,
                      "Plan Rows": 5079359,
                      "Plan Width": 4,
                      "Actual Startup Time": 58.28,
                      "Actual Total Time": 605.491,
                      "Actual Rows": 4335755,
                      "Actual Loops": 7,
                      "Filter": "(person_id > 570852)",
                      "Rows Removed by Filter": 842008
                    },
                    {
                      "Node Type": "Hash",
                      "Parent Relationship": "Inner",
                      "Parallel Aware": true,
                      "Startup Cost": 89754.13,
                      "Total Cost": 89754.13,
                      "Plan Rows": 258022,
                      "Plan Width": 8,
                      "Actual Startup Time": 327.618,
                      "Actual Total Time": 327.775,
                      "Actual Rows": 201486,
                      "Actual Loops": 7,
                      "Hash Buckets": 2097152,
                      "Original Hash Buckets": 1048576,
                      "Hash Batches": 1,
                      "Original Hash Batches": 1,
                      "Peak Memory Usage": 79872,
                      "Plans": [
                        {
                          "Node Type": "Hash Join",
                          "Parent Relationship": "Outer",
                          "Parallel Aware": true,
                          "Join Type": "Inner",
                          "Startup Cost": 46876.05,
                          "Total Cost": 89754.13,
                          "Plan Rows": 258022,
                          "Plan Width": 8,
                          "Actual Startup Time": 123.743,
                          "Actual Total Time": 238.111,
                          "Actual Rows": 201486,
                          "Actual Loops": 7,
                          "Inner Unique": true,
                          "Hash Cond": "(mk.movie_id = t.id)",
                          "Plans": [
                            {
                              "Node Type": "Seq Scan",
                              "Parent Relationship": "Outer",
                              "Parallel Aware": true,
                              "Relation Name": "movie_keyword",
                              "Alias": "mk",
                              "Startup Cost": 0.0,
                              "Total Cost": 39047.32,
                              "Plan Rows": 1459332,
                              "Plan Width": 4,
                              "Actual Startup Time": 0.031,
                              "Actual Total Time": 58.897,
                              "Actual Rows": 646276,
                              "Actual Loops": 7
                            },
                            {
                              "Node Type": "Hash",
                              "Parent Relationship": "Inner",
                              "Parallel Aware": true,
                              "Startup Cost": 45479.1,
                              "Total Cost": 45479.1,
                              "Plan Rows": 111756,
                              "Plan Width": 4,
                              "Actual Startup Time": 99.865,
                              "Actual Total Time": 99.866,
                              "Actual Rows": 46441,
                              "Actual Loops": 7,
                              "Hash Buckets": 524288,
                              "Original Hash Buckets": 524288,
                              "Hash Batches": 1,
                              "Original Hash Batches": 1,
                              "Peak Memory Usage": 16928,
                              "Plans": [
                                {
                                  "Node Type": "Seq Scan",
                                  "Parent Relationship": "Outer",
                                  "Parallel Aware": true,
                                  "Relation Name": "title",
                                  "Alias": "t",
                                  "Startup Cost": 0.0,
                                  "Total Cost": 45479.1,
                                  "Plan Rows": 111756,
                                  "Plan Width": 4,
                                  "Actual Startup Time": 43.499,
                                  "Actual Total Time": 78.137,
                                  "Actual Rows": 46441,
                                  "Actual Loops": 7,
                                  "Filter": "((kind_id < 2) AND (production_year > 1992))",
                                  "Rows Removed by Filter": 314746
                                }
                              ]
                            }
                          ]
                        }
                      ]
                    }
                  ]
                }
              ]
            }
          ]
        }
      ]
    },
    "Planning Time": 1.284,
    "Triggers": [],
    "Execution Time": 3338.026
  }
]