[
  {
    "Plan": {
      "Node Type": "Aggregate",
      "Strategy": "Plain",
      "Partial Mode": "Finalize",
      "Parallel Aware": false,
      "Startup Cost": 67551.03,
      "Total Cost": 67551.04,
      "Plan Rows": 1,
      "Plan Width": 8,
      "Actual Startup Time": 466.729,
      "Actual Total Time": 480.289,
      "Actual Rows": 1,
      "Actual Loops": 1,
      "Plans": [
        {
          "Node Type": "Gather",
          "Parent Relationship": "Outer",
          "Parallel Aware": false,
          "Startup Cost": 67550.82,
          "Total Cost": 67551.03,
          "Plan Rows": 2,
          "Plan Width": 8,
          "Actual Startup Time": 460.056,
          "Actual Total Time": 480.278,
          "Actual Rows": 3,
          "Actual Loops": 1,
          "Workers Planned": 2,
          "Workers Launched": 2,
          "Single Copy": false,
          "Plans": [
            {
              "Node Type": "Aggregate",
              "Strategy": "Plain",
              "Partial Mode": "Partial",
              "Parent Relationship": "Outer",
              "Parallel Aware": false,
              "Startup Cost": 66550.82,
              "Total Cost": 66550.83,
              "Plan Rows": 1,
              "Plan Width": 8,
              "Actual Startup Time": 449.292,
              "Actual Total Time": 449.296,
              "Actual Rows": 1,
              "Actual Loops": 3,
              "Plans": [
                {
                  "Node Type": "Hash Join",
                  "Parent Relationship": "Outer",
                  "Parallel Aware": true,
                  "Join Type": "Inner",
                  "Startup Cost": 49893.44,
                  "Total Cost": 66017.87,
                  "Plan Rows": 213180,
                  "Plan Width": 0,
                  "Actual Startup Time": 323.138,
                  "Actual Total Time": 445.424,
                  "Actual Rows": 94563,
                  "Actual Loops": 3,
                  "Inner Unique": true,
                  "Hash Cond": "(mi_idx.movie_id = t.id)",
                  "Plans": [
                    {
                      "Node Type": "Seq Scan",
                      "Parent Relationship": "Outer",
                      "Parallel Aware": true,
                      "Relation Name": "movie_info_idx",
                      "Alias": "mi_idx",
                      "Startup Cost": 0.0,
                      "Total Cost": 15122.68,
                      "Plan Rows": 381618,
                      "Plan Width": 4,
                      "Actual Startup Time": 0.012,
                      "Actual Total Time": 47.374,
                      "Actual Rows": 306617,
                      "Actual Loops": 3,
                      "Filter": "(info_type_id < 101)",
                      "Rows Removed by Filter": 153395
                    },
                    {
                      "Node Type": "Hash",
                      "Parent Relationship": "Inner",
                      "Parallel Aware": true,
                      "Startup Cost": 45479.59,
                      "Total Cost": 45479.59,
                      "Plan Rows": 353108,
                      "Plan Width": 4,
                      "Actual Startup Time": 312.619,
                      "Actual Total Time": 312.621,
                      "Actual Rows": 492798,
                      "Actual Loops": 3,
                      "Hash Buckets": 2097152,
                      "Original Hash Buckets": 2097152,
                      "Hash Batches": 1,
                      "Original Hash Batches": 1,
                      "Peak Memory Usage": 74240,
                      "Plans": [
                        {
                          "Node Type": "Seq Scan",
                          "Parent Relationship": "Outer",
                          "Parallel Aware": true,
                          "Relation Name": "title",
                          "Alias": "t",
                          "Startup Cost": 0.0,
                          "Total Cost": 45479.59,
                          "Plan Rows": 353108,
                          "Plan Width": 4,
                          "Actual Startup Time": 0.037,
                          "Actual Total Time": 138.151,
                          "Actual Rows": 492798,
                          "Actual Loops": 3,
                          "Filter": "((production_year > 1943) AND (kind_id = 7))",
                          "Rows Removed by Filter": 349972
                        }
                      ]
                    }
                  ]
                }
              ]
            }
          ]
        }
      ]
    },
    "Planning Time": 0.617,
    "Triggers": [],
    "Execution Time": 480.359
  }
]