[
  {
    "Plan": {
      "Node Type": "Aggregate",
      "Strategy": "Plain",
      "Partial Mode": "Finalize",
      "Parallel Aware": false,
      "Startup Cost": 71256.17,
      "Total Cost": 71256.18,
      "Plan Rows": 1,
      "Plan Width": 8,
      "Actual Startup Time": 185.845,
      "Actual Total Time": 197.366,
      "Actual Rows": 1,
      "Actual Loops": 1,
      "Plans": [
        {
          "Node Type": "Gather",
          "Parent Relationship": "Outer",
          "Parallel Aware": false,
          "Startup Cost": 71255.86,
          "Total Cost": 71256.17,
          "Plan Rows": 3,
          "Plan Width": 8,
          "Actual Startup Time": 185.489,
          "Actual Total Time": 197.357,
          "Actual Rows": 4,
          "Actual Loops": 1,
          "Workers Planned": 3,
          "Workers Launched": 3,
          "Single Copy": false,
          "Plans": [
            {
              "Node Type": "Aggregate",
              "Strategy": "Plain",
              "Partial Mode": "Partial",
              "Parent Relationship": "Outer",
              "Parallel Aware": false,
              "Startup Cost": 70255.86,
              "Total Cost": 70255.87,
              "Plan Rows": 1,
              "Plan Width": 8,
              "Actual Startup Time": 179.922,
              "Actual Total Time": 179.925,
              "Actual Rows": 1,
              "Actual Loops": 4,
              "Plans": [
                {
                  "Node Type": "Hash Join",
                  "Parent Relationship": "Outer",
                  "Parallel Aware": true,
                  "Join Type": "Inner",
                  "Startup Cost": 38767.04,
                  "Total Cost": 70220.86,
                  "Plan Rows": 13998,
                  "Plan Width": 0,
                  "Actual Startup Time": 67.076,
                  "Actual Total Time": 179.198,
                  "Actual Rows": 13940,
                  "Actual Loops": 4,
                  "Inner Unique": true,
                  "Hash Cond": "(mc.movie_id = t.id)",
                  "Plans": [
                    {
                      "Node Type": "Seq Scan",
                      "Parent Relationship": "Outer",
                      "Parallel Aware": true,
                      "Relation Name": "movie_companies",
                      "Alias": "mc",
                      "Startup Cost": 0.0,
                      "Total Cost": 29310.68,
                      "Plan Rows": 816433,
                      "Plan Width": 4,
                      "Actual Startup Time": 0.008,
                      "Actual Total Time": 75.781,
                      "Actual Rows": 632863,
                      "Actual Loops": 4,
                      "Filter": "(company_id < 171483)",
                      "Rows Removed by Filter": 19420
                    },
                    {
                      "Node Type": "Hash",
                      "Parent Relationship": "Inner",
                      "Parallel Aware": true,
                      "Startup Cost": 38631.57,
                      "Total Cost": 38631.57,
                      "Plan Rows": 10838,
                      "Plan Width": 4,
                      "Actual Startup Time": 43.193,
                      "Actual Total Time": 43.194,
                      "Actual Rows": 11612,
                      "Actual Loops": 4,
                      "Hash Buckets": 65536,
                      "Original Hash Buckets": 65536,
                      "Hash Batches": 1,
                      "Original Hash Batches": 1,
                      "Peak Memory Usage": 2400,
                      "Plans": [
                        {
                          "Node Type": "Bitmap Heap Scan",
                          "Parent Relationship": "Outer",
                          "Parallel Aware": true,
                          "Relation Name": "title",
                          "Alias": "t",
                          "Startup Cost": 2178.14,
                          "Total Cost": 38631.57,
                          "Plan Rows": 10838,
                          "Plan Width": 4,
                          "Actual Startup Time": 11.383,
                          "Actual Total Time": 39.393,
                          "Actual Rows": 11612,
                          "Actual Loops": 4,
                          "Recheck Cond": "(kind_id = 4)",
                          "Rows Removed by Index Recheck": 0,
                          "Filter": "(production_year > 2006)",
                          "Rows Removed by Filter": 17946,
                          "Exact Heap Blocks": 6299,
                          "Lossy Heap Blocks": 0,
                          "Plans": [
                            {
                              "Node Type": "Bitmap Index Scan",
                              "Parent Relationship": "Outer",
                              "Parallel Aware": false,
                              "Index Name": "kind_id_title",
                              "Startup Cost": 0.0,
                              "Total Cost": 2167.3,
                              "Plan Rows": 121449,
                              "Plan Width": 0,
                              "Actual Startup Time": 11.869,
                              "Actual Total Time": 11.87,
                              "Actual Rows": 118234,
                              "Actual Loops": 1,
                              "Index Cond": "(kind_id = 4)"
                            }
                          ]
                        }
                      ]
                    }
                  ]
                }
              ]
            }
          ]
        }
      ]
    },
    "Planning Time": 0.448,
    "Triggers": [],
    "Execution Time": 197.432
  }
]