[
  {
    "Plan": {
      "Node Type": "Aggregate",
      "Strategy": "Plain",
      "Partial Mode": "Finalize",
      "Parallel Aware": false,
      "Startup Cost": 92531.3,
      "Total Cost": 92531.31,
      "Plan Rows": 1,
      "Plan Width": 8,
      "Actual Startup Time": 289.213,
      "Actual Total Time": 306.389,
      "Actual Rows": 1,
      "Actual Loops": 1,
      "Plans": [
        {
          "Node Type": "Gather",
          "Parent Relationship": "Outer",
          "Parallel Aware": false,
          "Startup Cost": 92530.99,
          "Total Cost": 92531.3,
          "Plan Rows": 3,
          "Plan Width": 8,
          "Actual Startup Time": 287.832,
          "Actual Total Time": 306.38,
          "Actual Rows": 4,
          "Actual Loops": 1,
          "Workers Planned": 3,
          "Workers Launched": 3,
          "Single Copy": false,
          "Plans": [
            {
              "Node Type": "Aggregate",
              "Strategy": "Plain",
              "Partial Mode": "Partial",
              "Parent Relationship": "Outer",
              "Parallel Aware": false,
              "Startup Cost": 91530.99,
              "Total Cost": 91531.0,
              "Plan Rows": 1,
              "Plan Width": 8,
              "Actual Startup Time": 278.901,
              "Actual Total Time": 278.904,
              "Actual Rows": 1,
              "Actual Loops": 4,
              "Plans": [
                {
                  "Node Type": "Hash Join",
                  "Parent Relationship": "Outer",
                  "Parallel Aware": true,
                  "Join Type": "Inner",
                  "Startup Cost": 47094.05,
                  "Total Cost": 91247.25,
                  "Plan Rows": 113495,
                  "Plan Width": 0,
                  "Actual Startup Time": 135.105,
                  "Actual Total Time": 277.407,
                  "Actual Rows": 33380,
                  "Actual Loops": 4,
                  "Inner Unique": true,
                  "Hash Cond": "(mk.movie_id = t.id)",
                  "Plans": [
                    {
                      "Node Type": "Seq Scan",
                      "Parent Relationship": "Outer",
                      "Parallel Aware": true,
                      "Relation Name": "movie_keyword",
                      "Alias": "mk",
                      "Startup Cost": 0.0,
                      "Total Cost": 42695.65,
                      "Plan Rows": 555256,
                      "Plan Width": 4,
                      "Actual Startup Time": 0.475,
                      "Actual Total Time": 96.097,
                      "Actual Rows": 432138,
                      "Actual Loops": 4,
                      "Filter": "(keyword_id > 8190)",
                      "Rows Removed by Filter": 698844
                    },
                    {
                      "Node Type": "Hash",
                      "Parent Relationship": "Inner",
                      "Parallel Aware": true,
                      "Startup Cost": 45479.1,
                      "Total Cost": 45479.1,
                      "Plan Rows": 129196,
                      "Plan Width": 4,
                      "Actual Startup Time": 131.119,
                      "Actual Total Time": 131.12,
                      "Actual Rows": 96540,
                      "Actual Loops": 4,
                      "Hash Buckets": 524288,
                      "Original Hash Buckets": 524288,
                      "Hash Batches": 1,
                      "Original Hash Batches": 1,
                      "Peak Memory Usage": 19232,
                      "Plans": [
                        {
                          "Node Type": "Seq Scan",
                          "Parent Relationship": "Outer",
                          "Parallel Aware": true,
                          "Relation Name": "title",
                          "Alias": "t",
                          "Startup Cost": 0.0,
                          "Total Cost": 45479.1,
                          "Plan Rows": 129196,
                          "Plan Width": 4,
                          "Actual Startup Time": 0.039,
                          "Actual Total Time": 98.846,
                          "Actual Rows": 96540,
                          "Actual Loops": 4,
                          "Filter": "((kind_id > 1) AND (production_year < 1991))",
                          "Rows Removed by Filter": 535538
                        }
                      ]
                    }
                  ]
                }
              ]
            }
          ]
        }
      ]
    },
    "Planning Time": 0.622,
    "Triggers": [],
    "Execution Time": 306.456
  }
]