{
  "Plan": {
    "Node Type": "Aggregate",
    "Strategy": "Plain",
    "Partial Mode": "Finalize",
    "Parallel Aware": false,
    "Startup Cost": 774928.44,
    "Total Cost": 774928.45,
    "Plan Rows": 1,
    "Plan Width": 8,
    "Actual Startup Time": 10289.874,
    "Actual Total Time": 10349.144,
    "Actual Rows": 1,
    "Actual Loops": 1,
    "Plans": [
      {
        "Node Type": "Gather",
        "Parent Relationship": "Outer",
        "Parallel Aware": false,
        "Startup Cost": 774928.33,
        "Total Cost": 774928.44,
        "Plan Rows": 1,
        "Plan Width": 8,
        "Actual Startup Time": 10281.205,
        "Actual Total Time": 10349.136,
        "Actual Rows": 2,
        "Actual Loops": 1,
        "Workers Planned": 1,
        "Workers Launched": 1,
        "Single Copy": false,
        "Plans": [
          {
            "Node Type": "Aggregate",
            "Strategy": "Plain",
            "Partial Mode": "Partial",
            "Parent Relationship": "Outer",
            "Parallel Aware": false,
            "Startup Cost": 773928.33,
            "Total Cost": 773928.34,
            "Plan Rows": 1,
            "Plan Width": 8,
            "Actual Startup Time": 10261.779,
            "Actual Total Time": 10261.785,
            "Actual Rows": 1,
            "Actual Loops": 2,
            "Plans": [
              {
                "Node Type": "Hash Join",
                "Parent Relationship": "Outer",
                "Parallel Aware": true,
                "Join Type": "Inner",
                "Startup Cost": 629557.23,
                "Total Cost": 757765.06,
                "Plan Rows": 6465306,
                "Plan Width": 0,
                "Actual Startup Time": 5944.657,
                "Actual Total Time": 8929.452,
                "Actual Rows": 34001102,
                "Actual Loops": 2,
                "Inner Unique": false,
                "Hash Cond": "(mk.movie_id = t.id)",
                "Plans": [
                  {
                    "Node Type": "Seq Scan",
                    "Parent Relationship": "Outer",
                    "Parallel Aware": true,
                    "Relation Name": "movie_keyword",
                    "Alias": "mk",
                    "Startup Cost": 0.0,
                    "Total Cost": 57718.19,
                    "Plan Rows": 2596674,
                    "Plan Width": 4,
                    "Actual Startup Time": 0.014,
                    "Actual Total Time": 206.374,
                    "Actual Rows": 2207186,
                    "Actual Loops": 2,
                    "Filter": "(keyword_id < 80212)",
                    "Rows Removed by Filter": 54778
                  },
                  {
                    "Node Type": "Hash",
                    "Parent Relationship": "Inner",
                    "Parallel Aware": true,
                    "Startup Cost": 583270.12,
                    "Total Cost": 583270.12,
                    "Plan Rows": 3702969,
                    "Plan Width": 8,
                    "Actual Startup Time": 5911.634,
                    "Actual Total Time": 5911.638,
                    "Actual Rows": 2953802,
                    "Actual Loops": 2,
                    "Hash Buckets": 8388608,
                    "Original Hash Buckets": 8388608,
                    "Hash Batches": 1,
                    "Original Hash Batches": 1,
                    "Peak Memory Usage": 296672,
                    "Plans": [
                      {
                        "Node Type": "Hash Join",
                        "Parent Relationship": "Outer",
                        "Parallel Aware": true,
                        "Join Type": "Inner",
                        "Startup Cost": 61536.77,
                        "Total Cost": 583270.12,
                        "Plan Rows": 3702969,
                        "Plan Width": 8,
                        "Actual Startup Time": 198.428,
                        "Actual Total Time": 4923.27,
                        "Actual Rows": 2953802,
                        "Actual Loops": 2,
                        "Inner Unique": true,
                        "Hash Cond": "(ci.movie_id = t.id)",
                        "Plans": [
                          {
                            "Node Type": "Seq Scan",
                            "Parent Relationship": "Outer",
                            "Parallel Aware": true,
                            "Relation Name": "cast_info",
                            "Alias": "ci",
                            "Startup Cost": 0.0,
                            "Total Cost": 465792.95,
                            "Plan Rows": 21310595,
                            "Plan Width": 4,
                            "Actual Startup Time": 0.014,
                            "Actual Total Time": 1356.317,
                            "Actual Rows": 18122172,
                            "Actual Loops": 2
                          },
                          {
                            "Node Type": "Hash",
                            "Parent Relationship": "Inner",
                            "Parallel Aware": true,
                            "Startup Cost": 58306.47,
                            "Total Cost": 58306.47,
                            "Plan Rows": 258424,
                            "Plan Width": 4,
                            "Actual Startup Time": 196.915,
                            "Actual Total Time": 196.916,
                            "Actual Rows": 184123,
                            "Actual Loops": 2,
                            "Hash Buckets": 524288,
                            "Original Hash Buckets": 524288,
                            "Hash Batches": 1,
                            "Original Hash Batches": 1,
                            "Peak Memory Usage": 18528,
                            "Plans": [
                              {
                                "Node Type": "Seq Scan",
                                "Parent Relationship": "Outer",
                                "Parallel Aware": true,
                                "Relation Name": "title",
                                "Alias": "t",
                                "Startup Cost": 0.0,
                                "Total Cost": 58306.47,
                                "Plan Rows": 258424,
                                "Plan Width": 4,
                                "Actual Startup Time": 0.034,
                                "Actual Total Time": 142.839,
                                "Actual Rows": 184123,
                                "Actual Loops": 2,
                                "Filter": "((kind_id < 7) AND (production_year > 2004))",
                                "Rows Removed by Filter": 1080033
                              }
                            ]
                          }
                        ]
                      }
                    ]
                  }
                ]
              }
            ]
          }
        ]
      }
    ]
  },
  "Planning Time": 1.039,
  "Triggers": [],
  "Execution Time": 10349.23
}