{
    "Plan": {
        "Node Type": "Aggregate",
        "Strategy": "Plain",
        "Partial Mode": "Finalize",
        "Parallel Aware": false,
        "Startup Cost": 56482.08,
        "Total Cost": 56482.09,
        "Plan Rows": 1,
        "Plan Width": 8,
        "Actual Startup Time": 264.451,
        "Actual Total Time": 276.306,
        "Actual Rows": 1,
        "Actual Loops": 1,
        "Output": [
            "count(*)"
        ],
        "Plans": [
            {
                "Node Type": "Gather",
                "Parent Relationship": "Outer",
                "Parallel Aware": false,
                "Startup Cost": 56481.76,
                "Total Cost": 56482.07,
                "Plan Rows": 3,
                "Plan Width": 8,
                "Actual Startup Time": 257.916,
                "Actual Total Time": 276.296,
                "Actual Rows": 4,
                "Actual Loops": 1,
                "Output": [
                    "(PARTIAL count(*))"
                ],
                "Workers Planned": 3,
                "Workers Launched": 3,
                "Single Copy": false,
                "Plans": [
                    {
                        "Node Type": "Aggregate",
                        "Strategy": "Plain",
                        "Partial Mode": "Partial",
                        "Parent Relationship": "Outer",
                        "Parallel Aware": false,
                        "Startup Cost": 55481.76,
                        "Total Cost": 55481.77,
                        "Plan Rows": 1,
                        "Plan Width": 8,
                        "Actual Startup Time": 248.382,
                        "Actual Total Time": 248.4,
                        "Actual Rows": 1,
                        "Actual Loops": 4,
                        "Output": [
                            "PARTIAL count(*)"
                        ],
                        "Workers": [
                            {
                                "Worker Number": 0,
                                "Actual Startup Time": 245.313,
                                "Actual Total Time": 245.316,
                                "Actual Rows": 1,
                                "Actual Loops": 1
                            },
                            {
                                "Worker Number": 1,
                                "Actual Startup Time": 245.374,
                                "Actual Total Time": 245.376,
                                "Actual Rows": 1,
                                "Actual Loops": 1
                            },
                            {
                                "Worker Number": 2,
                                "Actual Startup Time": 245.585,
                                "Actual Total Time": 245.589,
                                "Actual Rows": 1,
                                "Actual Loops": 1
                            }
                        ],
                        "Plans": [
                            {
                                "Node Type": "Hash Join",
                                "Parent Relationship": "Outer",
                                "Parallel Aware": true,
                                "Join Type": "Inner",
                                "Startup Cost": 46675.02,
                                "Total Cost": 55396.18,
                                "Plan Rows": 34234,
                                "Plan Width": 0,
                                "Actual Startup Time": 203.96,
                                "Actual Total Time": 246.891,
                                "Actual Rows": 29109,
                                "Actual Loops": 4,
                                "Inner Unique": true,
                                "Hash Cond": "(ci.movie_id = t.id)",
                                "Workers": [
                                    {
                                        "Worker Number": 0,
                                        "Actual Startup Time": 201.136,
                                        "Actual Total Time": 243.877,
                                        "Actual Rows": 34621,
                                        "Actual Loops": 1
                                    },
                                    {
                                        "Worker Number": 1,
                                        "Actual Startup Time": 200.94,
                                        "Actual Total Time": 243.953,
                                        "Actual Rows": 34073,
                                        "Actual Loops": 1
                                    },
                                    {
                                        "Worker Number": 2,
                                        "Actual Startup Time": 201.158,
                                        "Actual Total Time": 244.127,
                                        "Actual Rows": 22568,
                                        "Actual Loops": 1
                                    }
                                ],
                                "Plans": [
                                    {
                                        "Node Type": "Index Scan",
                                        "Parent Relationship": "Outer",
                                        "Parallel Aware": true,
                                        "Scan Direction": "Forward",
                                        "Index Name": "role_id_cast_info",
                                        "Relation Name": "cast_info",
                                        "Schema": "public",
                                        "Alias": "ci",
                                        "Startup Cost": 0.56,
                                        "Total Cost": 8465.91,
                                        "Plan Rows": 97454,
                                        "Plan Width": 4,
                                        "Actual Startup Time": 0.158,
                                        "Actual Total Time": 13.398,
                                        "Actual Rows": 79030,
                                        "Actual Loops": 4,
                                        "Output": [
                                            "ci.id",
                                            "ci.person_id",
                                            "ci.movie_id",
                                            "ci.person_role_id",
                                            "ci.note",
                                            "ci.nr_order",
                                            "ci.role_id"
                                        ],
                                        "Index Cond": "(ci.role_id > 10)",
                                        "Rows Removed by Index Recheck": 0,
                                        "Workers": [
                                            {
                                                "Worker Number": 0,
                                                "Actual Startup Time": 0.216,
                                                "Actual Total Time": 13.302,
                                                "Actual Rows": 93600,
                                                "Actual Loops": 1
                                            },
                                            {
                                                "Worker Number": 1,
                                                "Actual Startup Time": 0.062,
                                                "Actual Total Time": 13.2,
                                                "Actual Rows": 93600,
                                                "Actual Loops": 1
                                            },
                                            {
                                                "Worker Number": 2,
                                                "Actual Startup Time": 0.1,
                                                "Actual Total Time": 12.972,
                                                "Actual Rows": 58110,
                                                "Actual Loops": 1
                                            }
                                        ]
                                    },
                                    {
                                        "Node Type": "Hash",
                                        "Parent Relationship": "Inner",
                                        "Parallel Aware": true,
                                        "Startup Cost": 43899.01,
                                        "Total Cost": 43899.01,
                                        "Plan Rows": 222036,
                                        "Plan Width": 4,
                                        "Actual Startup Time": 199.173,
                                        "Actual Total Time": 199.174,
                                        "Actual Rows": 221412,
                                        "Actual Loops": 4,
                                        "Output": [
                                            "t.id"
                                        ],
                                        "Hash Buckets": 1048576,
                                        "Original Hash Buckets": 1048576,
                                        "Hash Batches": 1,
                                        "Original Hash Batches": 1,
                                        "Peak Memory Usage": 42912,
                                        "Workers": [
                                            {
                                                "Worker Number": 0,
                                                "Actual Startup Time": 200.486,
                                                "Actual Total Time": 200.487,
                                                "Actual Rows": 243394,
                                                "Actual Loops": 1
                                            },
                                            {
                                                "Worker Number": 1,
                                                "Actual Startup Time": 200.473,
                                                "Actual Total Time": 200.473,
                                                "Actual Rows": 243234,
                                                "Actual Loops": 1
                                            },
                                            {
                                                "Worker Number": 2,
                                                "Actual Startup Time": 200.678,
                                                "Actual Total Time": 200.679,
                                                "Actual Rows": 160404,
                                                "Actual Loops": 1
                                            }
                                        ],
                                        "Plans": [
                                            {
                                                "Node Type": "Seq Scan",
                                                "Parent Relationship": "Outer",
                                                "Parallel Aware": true,
                                                "Relation Name": "title",
                                                "Schema": "public",
                                                "Alias": "t",
                                                "Startup Cost": 0.0,
                                                "Total Cost": 43899.01,
                                                "Plan Rows": 222036,
                                                "Plan Width": 4,
                                                "Actual Startup Time": 0.069,
                                                "Actual Total Time": 118.825,
                                                "Actual Rows": 221412,
                                                "Actual Loops": 4,
                                                "Output": [
                                                    "t.id"
                                                ],
                                                "Filter": "(t.production_year < 1997)",
                                                "Rows Removed by Filter": 410666,
                                                "Workers": [
                                                    {
                                                        "Worker Number": 0,
                                                        "Actual Startup Time": 0.074,
                                                        "Actual Total Time": 121.194,
                                                        "Actual Rows": 243394,
                                                        "Actual Loops": 1
                                                    },
                                                    {
                                                        "Worker Number": 1,
                                                        "Actual Startup Time": 0.076,
                                                        "Actual Total Time": 121.742,
                                                        "Actual Rows": 243234,
                                                        "Actual Loops": 1
                                                    },
                                                    {
                                                        "Worker Number": 2,
                                                        "Actual Startup Time": 0.109,
                                                        "Actual Total Time": 121.054,
                                                        "Actual Rows": 160404,
                                                        "Actual Loops": 1
                                                    }
                                                ]
                                            }
                                        ]
                                    }
                                ]
                            }
                        ]
                    }
                ]
            }
        ]
    },
    "Planning Time": 0.718,
    "Triggers": [],
    "Execution Time": 276.436
}