[
  {
    "Plan": {
      "Node Type": "Aggregate",
      "Strategy": "Plain",
      "Partial Mode": "Finalize",
      "Parallel Aware": false,
      "Startup Cost": 369372.2,
      "Total Cost": 369372.21,
      "Plan Rows": 1,
      "Plan Width": 8,
      "Actual Startup Time": 624.634,
      "Actual Total Time": 667.932,
      "Actual Rows": 1,
      "Actual Loops": 1,
      "Plans": [
        {
          "Node Type": "Gather",
          "Parent Relationship": "Outer",
          "Parallel Aware": false,
          "Startup Cost": 369371.57,
          "Total Cost": 369372.18,
          "Plan Rows": 6,
          "Plan Width": 8,
          "Actual Startup Time": 623.669,
          "Actual Total Time": 667.923,
          "Actual Rows": 7,
          "Actual Loops": 1,
          "Workers Planned": 6,
          "Workers Launched": 6,
          "Single Copy": false,
          "Plans": [
            {
              "Node Type": "Aggregate",
              "Strategy": "Plain",
              "Partial Mode": "Partial",
              "Parent Relationship": "Outer",
              "Parallel Aware": false,
              "Startup Cost": 368371.57,
              "Total Cost": 368371.58,
              "Plan Rows": 1,
              "Plan Width": 8,
              "Actual Startup Time": 611.98,
              "Actual Total Time": 611.984,
              "Actual Rows": 1,
              "Actual Loops": 7,
              "Plans": [
                {
                  "Node Type": "Nested Loop",
                  "Parent Relationship": "Outer",
                  "Parallel Aware": false,
                  "Join Type": "Inner",
                  "Startup Cost": 79644.62,
                  "Total Cost": 368164.81,
                  "Plan Rows": 82704,
                  "Plan Width": 0,
                  "Actual Startup Time": 151.552,
                  "Actual Total Time": 596.869,
                  "Actual Rows": 273144,
                  "Actual Loops": 7,
                  "Inner Unique": false,
                  "Join Filter": "(t.id = mi.movie_id)",
                  "Rows Removed by Join Filter": 0,
                  "Plans": [
                    {
                      "Node Type": "Hash Join",
                      "Parent Relationship": "Outer",
                      "Parallel Aware": true,
                      "Join Type": "Inner",
                      "Startup Cost": 79644.19,
                      "Total Cost": 336180.22,
                      "Plan Rows": 14144,
                      "Plan Width": 8,
                      "Actual Startup Time": 151.334,
                      "Actual Total Time": 241.519,
                      "Actual Rows": 13134,
                      "Actual Loops": 7,
                      "Inner Unique": true,
                      "Hash Cond": "(ci.movie_id = t.id)",
                      "Plans": [
                        {
                          "Node Type": "Bitmap Heap Scan",
                          "Parent Relationship": "Outer",
                          "Parallel Aware": true,
                          "Relation Name": "cast_info",
                          "Alias": "ci",
                          "Startup Cost": 33725.96,
                          "Total Cost": 289593.98,
                          "Plan Rows": 254482,
                          "Plan Width": 4,
                          "Actual Startup Time": 69.702,
                          "Actual Total Time": 104.29,
                          "Actual Rows": 225539,
                          "Actual Loops": 7,
                          "Recheck Cond": "(person_id < 157263)",
                          "Rows Removed by Index Recheck": 0,
                          "Exact Heap Blocks": 3160,
                          "Lossy Heap Blocks": 0,
                          "Plans": [
                            {
                              "Node Type": "Bitmap Index Scan",
                              "Parent Relationship": "Outer",
                              "Parallel Aware": false,
                              "Index Name": "person_id_cast_info",
                              "Startup Cost": 0.0,
                              "Total Cost": 33344.24,
                              "Plan Rows": 1526890,
                              "Plan Width": 0,
                              "Actual Startup Time": 66.878,
                              "Actual Total Time": 66.879,
                              "Actual Rows": 1578771,
                              "Actual Loops": 1,
                              "Index Cond": "(person_id < 157263)"
                            }
                          ]
                        },
                        {
                          "Node Type": "Hash",
                          "Parent Relationship": "Inner",
                          "Parallel Aware": true,
                          "Startup Cost": 45479.1,
                          "Total Cost": 45479.1,
                          "Plan Rows": 35130,
                          "Plan Width": 4,
                          "Actual Startup Time": 79.812,
                          "Actual Total Time": 79.813,
                          "Actual Rows": 18883,
                          "Actual Loops": 7,
                          "Hash Buckets": 262144,
                          "Original Hash Buckets": 262144,
                          "Hash Batches": 1,
                          "Original Hash Batches": 1,
                          "Peak Memory Usage": 7328,
                          "Plans": [
                            {
                              "Node Type": "Seq Scan",
                              "Parent Relationship": "Outer",
                              "Parallel Aware": true,
                              "Relation Name": "title",
                              "Alias": "t",
                              "Startup Cost": 0.0,
                              "Total Cost": 45479.1,
                              "Plan Rows": 35130,
                              "Plan Width": 4,
                              "Actual Startup Time": 40.824,
                              "Actual Total Time": 72.97,
                              "Actual Rows": 18883,
                              "Actual Loops": 7,
                              "Filter": "((production_year > 2009) AND (kind_id = 1))",
                              "Rows Removed by Filter": 342304
                            }
                          ]
                        }
                      ]
                    },
                    {
                      "Node Type": "Index Only Scan",
                      "Parent Relationship": "Inner",
                      "Parallel Aware": false,
                      "Scan Direction": "Forward",
                      "Index Name": "movie_id_movie_info",
                      "Relation Name": "movie_info",
                      "Alias": "mi",
                      "Startup Cost": 0.43,
                      "Total Cost": 1.74,
                      "Plan Rows": 42,
                      "Plan Width": 4,
                      "Actual Startup Time": 0.008,
                      "Actual Total Time": 0.025,
                      "Actual Rows": 21,
                      "Actual Loops": 91939,
                      "Index Cond": "(movie_id = ci.movie_id)",
                      "Rows Removed by Index Recheck": 0,
                      "Heap Fetches": 1912005
                    }
                  ]
                }
              ]
            }
          ]
        }
      ]
    },
    "Planning Time": 1.392,
    "Triggers": [],
    "Execution Time": 668.061
  }
]