[
    {
        "Bao": {
            "Bao prediction": "NaN",
            "Bao recommended hint": "(no hint)"
        }
    },
    {
        "Plan": {
            "Node Type": "Aggregate",
            "Strategy": "Plain",
            "Partial Mode": "Finalize",
            "Parallel Aware": false,
            "Startup Cost": 32628.27,
            "Total Cost": 32628.28,
            "Plan Rows": 1,
            "Plan Width": 8,
            "Actual Startup Time": 86.98,
            "Actual Total Time": 91.949,
            "Actual Rows": 1,
            "Actual Loops": 1,
            "Output": [
                "count(*)"
            ],
            "Plans": [
                {
                    "Node Type": "Gather",
                    "Parent Relationship": "Outer",
                    "Parallel Aware": false,
                    "Startup Cost": 32627.96,
                    "Total Cost": 32628.27,
                    "Plan Rows": 3,
                    "Plan Width": 8,
                    "Actual Startup Time": 86.864,
                    "Actual Total Time": 91.941,
                    "Actual Rows": 4,
                    "Actual Loops": 1,
                    "Output": [
                        "(PARTIAL count(*))"
                    ],
                    "Workers Planned": 3,
                    "Workers Launched": 3,
                    "Single Copy": false,
                    "Plans": [
                        {
                            "Node Type": "Aggregate",
                            "Strategy": "Plain",
                            "Partial Mode": "Partial",
                            "Parent Relationship": "Outer",
                            "Parallel Aware": false,
                            "Startup Cost": 31627.96,
                            "Total Cost": 31627.97,
                            "Plan Rows": 1,
                            "Plan Width": 8,
                            "Actual Startup Time": 78.977,
                            "Actual Total Time": 78.978,
                            "Actual Rows": 1,
                            "Actual Loops": 4,
                            "Output": [
                                "PARTIAL count(*)"
                            ],
                            "Workers": [
                                {
                                    "Worker Number": 0,
                                    "Actual Startup Time": 76.792,
                                    "Actual Total Time": 76.793,
                                    "Actual Rows": 1,
                                    "Actual Loops": 1
                                },
                                {
                                    "Worker Number": 1,
                                    "Actual Startup Time": 76.795,
                                    "Actual Total Time": 76.796,
                                    "Actual Rows": 1,
                                    "Actual Loops": 1
                                },
                                {
                                    "Worker Number": 2,
                                    "Actual Startup Time": 76.56,
                                    "Actual Total Time": 76.561,
                                    "Actual Rows": 1,
                                    "Actual Loops": 1
                                }
                            ],
                            "Plans": [
                                {
                                    "Node Type": "Seq Scan",
                                    "Parent Relationship": "Outer",
                                    "Parallel Aware": true,
                                    "Relation Name": "movie_companies",
                                    "Schema": "public",
                                    "Alias": "mc",
                                    "Startup Cost": 0.0,
                                    "Total Cost": 31414.82,
                                    "Plan Rows": 85255,
                                    "Plan Width": 0,
                                    "Actual Startup Time": 46.215,
                                    "Actual Total Time": 77.099,
                                    "Actual Rows": 34238,
                                    "Actual Loops": 4,
                                    "Output": [
                                        "id",
                                        "movie_id",
                                        "company_id",
                                        "company_type_id",
                                        "note"
                                    ],
                                    "Filter": "((mc.company_id < 474) AND (mc.company_type_id = 2))",
                                    "Rows Removed by Filter": 618044,
                                    "Workers": [
                                        {
                                            "Worker Number": 0,
                                            "Actual Startup Time": 44.028,
                                            "Actual Total Time": 75.059,
                                            "Actual Rows": 39813,
                                            "Actual Loops": 1
                                        },
                                        {
                                            "Worker Number": 1,
                                            "Actual Startup Time": 44.031,
                                            "Actual Total Time": 74.923,
                                            "Actual Rows": 25929,
                                            "Actual Loops": 1
                                        },
                                        {
                                            "Worker Number": 2,
                                            "Actual Startup Time": 43.796,
                                            "Actual Total Time": 74.825,
                                            "Actual Rows": 39649,
                                            "Actual Loops": 1
                                        }
                                    ]
                                }
                            ]
                        }
                    ]
                }
            ]
        },
        "Planning Time": 275.711,
        "Triggers": [],
        "Execution Time": 91.999
    }
]