[
  {
    "Plan": {
      "Node Type": "Aggregate",
      "Strategy": "Plain",
      "Partial Mode": "Finalize",
      "Parallel Aware": false,
      "Startup Cost": 28818.78,
      "Total Cost": 28818.79,
      "Plan Rows": 1,
      "Plan Width": 8,
      "Actual Startup Time": 77.18,
      "Actual Total Time": 81.63,
      "Actual Rows": 1,
      "Actual Loops": 1,
      "Plans": [
        {
          "Node Type": "Gather",
          "Parent Relationship": "Outer",
          "Parallel Aware": false,
          "Startup Cost": 28818.46,
          "Total Cost": 28818.77,
          "Plan Rows": 3,
          "Plan Width": 8,
          "Actual Startup Time": 77.02,
          "Actual Total Time": 81.622,
          "Actual Rows": 4,
          "Actual Loops": 1,
          "Workers Planned": 3,
          "Workers Launched": 3,
          "Single Copy": false,
          "Plans": [
            {
              "Node Type": "Aggregate",
              "Strategy": "Plain",
              "Partial Mode": "Partial",
              "Parent Relationship": "Outer",
              "Parallel Aware": false,
              "Startup Cost": 27818.46,
              "Total Cost": 27818.47,
              "Plan Rows": 1,
              "Plan Width": 8,
              "Actual Startup Time": 70.068,
              "Actual Total Time": 70.069,
              "Actual Rows": 1,
              "Actual Loops": 4,
              "Plans": [
                {
                  "Node Type": "Bitmap Heap Scan",
                  "Parent Relationship": "Outer",
                  "Parallel Aware": true,
                  "Relation Name": "movie_companies",
                  "Alias": "mc",
                  "Startup Cost": 7380.27,
                  "Total Cost": 27543.76,
                  "Plan Rows": 109879,
                  "Plan Width": 0,
                  "Actual Startup Time": 30.508,
                  "Actual Total Time": 63.883,
                  "Actual Rows": 85521,
                  "Actual Loops": 4,
                  "Recheck Cond": "(company_id > 89075)",
                  "Rows Removed by Index Recheck": 0,
                  "Exact Heap Blocks": 2974,
                  "Lossy Heap Blocks": 0,
                  "Plans": [
                    {
                      "Node Type": "Bitmap Index Scan",
                      "Parent Relationship": "Outer",
                      "Parallel Aware": false,
                      "Index Name": "company_id_movie_companies",
                      "Startup Cost": 0.0,
                      "Total Cost": 7295.12,
                      "Plan Rows": 340625,
                      "Plan Width": 0,
                      "Actual Startup Time": 35.897,
                      "Actual Total Time": 35.897,
                      "Actual Rows": 342084,
                      "Actual Loops": 1,
                      "Index Cond": "(company_id > 89075)"
                    }
                  ]
                }
              ]
            }
          ]
        }
      ]
    },
    "Planning Time": 0.164,
    "Triggers": [],
    "Execution Time": 81.695
  }
]