[
  {
    "Plan": {
      "Node Type": "Aggregate",
      "Strategy": "Plain",
      "Partial Mode": "Finalize",
      "Parallel Aware": false,
      "Startup Cost": 206119.77,
      "Total Cost": 206119.78,
      "Plan Rows": 1,
      "Plan Width": 8,
      "Actual Startup Time": 484.443,
      "Actual Total Time": 521.608,
      "Actual Rows": 1,
      "Actual Loops": 1,
      "Plans": [
        {
          "Node Type": "Gather",
          "Parent Relationship": "Outer",
          "Parallel Aware": false,
          "Startup Cost": 206119.45,
          "Total Cost": 206119.76,
          "Plan Rows": 3,
          "Plan Width": 8,
          "Actual Startup Time": 482.357,
          "Actual Total Time": 521.596,
          "Actual Rows": 4,
          "Actual Loops": 1,
          "Workers Planned": 3,
          "Workers Launched": 3,
          "Single Copy": false,
          "Plans": [
            {
              "Node Type": "Aggregate",
              "Strategy": "Plain",
              "Partial Mode": "Partial",
              "Parent Relationship": "Outer",
              "Parallel Aware": false,
              "Startup Cost": 205119.45,
              "Total Cost": 205119.46,
              "Plan Rows": 1,
              "Plan Width": 8,
              "Actual Startup Time": 473.109,
              "Actual Total Time": 473.113,
              "Actual Rows": 1,
              "Actual Loops": 4,
              "Plans": [
                {
                  "Node Type": "Nested Loop",
                  "Parent Relationship": "Outer",
                  "Parallel Aware": false,
                  "Join Type": "Inner",
                  "Startup Cost": 46654.3,
                  "Total Cost": 205045.91,
                  "Plan Rows": 29414,
                  "Plan Width": 0,
                  "Actual Startup Time": 159.538,
                  "Actual Total Time": 472.451,
                  "Actual Rows": 6598,
                  "Actual Loops": 4,
                  "Inner Unique": false,
                  "Join Filter": "(t.id = mi.movie_id)",
                  "Rows Removed by Join Filter": 0,
                  "Plans": [
                    {
                      "Node Type": "Hash Join",
                      "Parent Relationship": "Outer",
                      "Parallel Aware": true,
                      "Join Type": "Inner",
                      "Startup Cost": 46653.86,
                      "Total Cost": 90325.42,
                      "Plan Rows": 55278,
                      "Plan Width": 8,
                      "Actual Startup Time": 159.316,
                      "Actual Total Time": 328.573,
                      "Actual Rows": 14204,
                      "Actual Loops": 4,
                      "Inner Unique": true,
                      "Hash Cond": "(mk.movie_id = t.id)",
                      "Plans": [
                        {
                          "Node Type": "Seq Scan",
                          "Parent Relationship": "Outer",
                          "Parallel Aware": true,
                          "Relation Name": "movie_keyword",
                          "Alias": "mk",
                          "Startup Cost": 0.0,
                          "Total Cost": 42695.65,
                          "Plan Rows": 371773,
                          "Plan Width": 4,
                          "Actual Startup Time": 1.475,
                          "Actual Total Time": 119.891,
                          "Actual Rows": 289476,
                          "Actual Loops": 4,
                          "Filter": "(keyword_id > 16131)",
                          "Rows Removed by Filter": 841507
                        },
                        {
                          "Node Type": "Hash",
                          "Parent Relationship": "Inner",
                          "Parallel Aware": true,
                          "Startup Cost": 45479.1,
                          "Total Cost": 45479.1,
                          "Plan Rows": 93981,
                          "Plan Width": 4,
                          "Actual Startup Time": 154.495,
                          "Actual Total Time": 154.496,
                          "Actual Rows": 95891,
                          "Actual Loops": 4,
                          "Hash Buckets": 524288,
                          "Original Hash Buckets": 524288,
                          "Hash Batches": 1,
                          "Original Hash Batches": 1,
                          "Peak Memory Usage": 19168,
                          "Plans": [
                            {
                              "Node Type": "Seq Scan",
                              "Parent Relationship": "Outer",
                              "Parallel Aware": true,
                              "Relation Name": "title",
                              "Alias": "t",
                              "Startup Cost": 0.0,
                              "Total Cost": 45479.1,
                              "Plan Rows": 93981,
                              "Plan Width": 4,
                              "Actual Startup Time": 0.029,
                              "Actual Total Time": 115.949,
                              "Actual Rows": 95891,
                              "Actual Loops": 4,
                              "Filter": "((kind_id > 2) AND (production_year > 2009))",
                              "Rows Removed by Filter": 536187
                            }
                          ]
                        }
                      ]
                    },
                    {
                      "Node Type": "Index Scan",
                      "Parent Relationship": "Inner",
                      "Parallel Aware": false,
                      "Scan Direction": "Forward",
                      "Index Name": "movie_id_movie_info",
                      "Relation Name": "movie_info",
                      "Alias": "mi",
                      "Startup Cost": 0.43,
                      "Total Cost": 2.03,
                      "Plan Rows": 4,
                      "Plan Width": 4,
                      "Actual Startup Time": 0.008,
                      "Actual Total Time": 0.01,
                      "Actual Rows": 0,
                      "Actual Loops": 56816,
                      "Index Cond": "(movie_id = mk.movie_id)",
                      "Rows Removed by Index Recheck": 0,
                      "Filter": "(info_type_id = 7)",
                      "Rows Removed by Filter": 10
                    }
                  ]
                }
              ]
            }
          ]
        }
      ]
    },
    "Planning Time": 1.414,
    "Triggers": [],
    "Execution Time": 521.723
  }
]