[
    {
        "Bao": {
            "Bao prediction": 513.774,
            "Bao recommended hint": "(no hint)"
        }
    },
    {
        "Plan": {
            "Node Type": "Aggregate",
            "Strategy": "Plain",
            "Partial Mode": "Finalize",
            "Parallel Aware": false,
            "Startup Cost": 340249.71,
            "Total Cost": 340249.72,
            "Plan Rows": 1,
            "Plan Width": 8,
            "Actual Startup Time": 801.313,
            "Actual Total Time": 829.46,
            "Actual Rows": 1,
            "Actual Loops": 1,
            "Output": [
                "count(*)"
            ],
            "Plans": [
                {
                    "Node Type": "Gather",
                    "Parent Relationship": "Outer",
                    "Parallel Aware": false,
                    "Startup Cost": 340249.08,
                    "Total Cost": 340249.69,
                    "Plan Rows": 6,
                    "Plan Width": 8,
                    "Actual Startup Time": 801.22,
                    "Actual Total Time": 829.451,
                    "Actual Rows": 7,
                    "Actual Loops": 1,
                    "Output": [
                        "(PARTIAL count(*))"
                    ],
                    "Workers Planned": 6,
                    "Workers Launched": 6,
                    "Single Copy": false,
                    "Plans": [
                        {
                            "Node Type": "Aggregate",
                            "Strategy": "Plain",
                            "Partial Mode": "Partial",
                            "Parent Relationship": "Outer",
                            "Parallel Aware": false,
                            "Startup Cost": 339249.08,
                            "Total Cost": 339249.09,
                            "Plan Rows": 1,
                            "Plan Width": 8,
                            "Actual Startup Time": 791.869,
                            "Actual Total Time": 791.87,
                            "Actual Rows": 1,
                            "Actual Loops": 7,
                            "Output": [
                                "PARTIAL count(*)"
                            ],
                            "Workers": [
                                {
                                    "Worker Number": 0,
                                    "Actual Startup Time": 789.772,
                                    "Actual Total Time": 789.773,
                                    "Actual Rows": 1,
                                    "Actual Loops": 1
                                },
                                {
                                    "Worker Number": 1,
                                    "Actual Startup Time": 789.957,
                                    "Actual Total Time": 789.958,
                                    "Actual Rows": 1,
                                    "Actual Loops": 1
                                },
                                {
                                    "Worker Number": 2,
                                    "Actual Startup Time": 790.222,
                                    "Actual Total Time": 790.223,
                                    "Actual Rows": 1,
                                    "Actual Loops": 1
                                },
                                {
                                    "Worker Number": 3,
                                    "Actual Startup Time": 790.394,
                                    "Actual Total Time": 790.395,
                                    "Actual Rows": 1,
                                    "Actual Loops": 1
                                },
                                {
                                    "Worker Number": 4,
                                    "Actual Startup Time": 791.09,
                                    "Actual Total Time": 791.091,
                                    "Actual Rows": 1,
                                    "Actual Loops": 1
                                },
                                {
                                    "Worker Number": 5,
                                    "Actual Startup Time": 791.24,
                                    "Actual Total Time": 791.241,
                                    "Actual Rows": 1,
                                    "Actual Loops": 1
                                }
                            ],
                            "Plans": [
                                {
                                    "Node Type": "Seq Scan",
                                    "Parent Relationship": "Outer",
                                    "Parallel Aware": true,
                                    "Relation Name": "cast_info",
                                    "Schema": "public",
                                    "Alias": "ci",
                                    "Startup Cost": 0.0,
                                    "Total Cost": 328213.62,
                                    "Plan Rows": 4414187,
                                    "Plan Width": 0,
                                    "Actual Startup Time": 113.079,
                                    "Actual Total Time": 610.353,
                                    "Actual Rows": 3778830,
                                    "Actual Loops": 7,
                                    "Output": [
                                        "id",
                                        "person_id",
                                        "movie_id",
                                        "person_role_id",
                                        "note",
                                        "nr_order",
                                        "role_id"
                                    ],
                                    "Filter": "(ci.person_id > 963169)",
                                    "Rows Removed by Filter": 1398933,
                                    "Workers": [
                                        {
                                            "Worker Number": 0,
                                            "Actual Startup Time": 110.965,
                                            "Actual Total Time": 606.996,
                                            "Actual Rows": 2766009,
                                            "Actual Loops": 1
                                        },
                                        {
                                            "Worker Number": 1,
                                            "Actual Startup Time": 111.171,
                                            "Actual Total Time": 612.467,
                                            "Actual Rows": 2699554,
                                            "Actual Loops": 1
                                        },
                                        {
                                            "Worker Number": 2,
                                            "Actual Startup Time": 111.443,
                                            "Actual Total Time": 611.056,
                                            "Actual Rows": 4332349,
                                            "Actual Loops": 1
                                        },
                                        {
                                            "Worker Number": 3,
                                            "Actual Startup Time": 111.62,
                                            "Actual Total Time": 613.923,
                                            "Actual Rows": 2683628,
                                            "Actual Loops": 1
                                        },
                                        {
                                            "Worker Number": 4,
                                            "Actual Startup Time": 112.302,
                                            "Actual Total Time": 612.035,
                                            "Actual Rows": 4329471,
                                            "Actual Loops": 1
                                        },
                                        {
                                            "Worker Number": 5,
                                            "Actual Startup Time": 112.433,
                                            "Actual Total Time": 612.261,
                                            "Actual Rows": 4311851,
                                            "Actual Loops": 1
                                        }
                                    ]
                                }
                            ]
                        }
                    ]
                }
            ]
        },
        "Planning Time": 449.481,
        "Triggers": [],
        "Execution Time": 829.542
    }
]