{
  "Plan": {
    "Node Type": "Aggregate",
    "Strategy": "Plain",
    "Partial Mode": "Finalize",
    "Parallel Aware": false,
    "Startup Cost": 619064.61,
    "Total Cost": 619064.62,
    "Plan Rows": 1,
    "Plan Width": 8,
    "Actual Startup Time": 16568.368,
    "Actual Total Time": 16686.188,
    "Actual Rows": 1,
    "Actual Loops": 1,
    "Plans": [
      {
        "Node Type": "Gather",
        "Parent Relationship": "Outer",
        "Parallel Aware": false,
        "Startup Cost": 619064.5,
        "Total Cost": 619064.61,
        "Plan Rows": 1,
        "Plan Width": 8,
        "Actual Startup Time": 16540.811,
        "Actual Total Time": 16686.179,
        "Actual Rows": 2,
        "Actual Loops": 1,
        "Workers Planned": 1,
        "Workers Launched": 1,
        "Single Copy": false,
        "Plans": [
          {
            "Node Type": "Aggregate",
            "Strategy": "Plain",
            "Partial Mode": "Partial",
            "Parent Relationship": "Outer",
            "Parallel Aware": false,
            "Startup Cost": 618064.5,
            "Total Cost": 618064.51,
            "Plan Rows": 1,
            "Plan Width": 8,
            "Actual Startup Time": 16512.788,
            "Actual Total Time": 16516.622,
            "Actual Rows": 1,
            "Actual Loops": 2,
            "Plans": [
              {
                "Node Type": "Hash Join",
                "Parent Relationship": "Outer",
                "Parallel Aware": true,
                "Join Type": "Inner",
                "Startup Cost": 437889.18,
                "Total Cost": 589776.94,
                "Plan Rows": 11315023,
                "Plan Width": 0,
                "Actual Startup Time": 5687.24,
                "Actual Total Time": 12626.497,
                "Actual Rows": 90600874,
                "Actual Loops": 2,
                "Inner Unique": false,
                "Hash Cond": "(mk.movie_id = t.id)",
                "Plans": [
                  {
                    "Node Type": "Seq Scan",
                    "Parent Relationship": "Outer",
                    "Parallel Aware": true,
                    "Relation Name": "movie_keyword",
                    "Alias": "mk",
                    "Startup Cost": 0.0,
                    "Total Cost": 57718.19,
                    "Plan Rows": 2208848,
                    "Plan Width": 4,
                    "Actual Startup Time": 0.065,
                    "Actual Total Time": 214.462,
                    "Actual Rows": 1872299,
                    "Actual Loops": 2,
                    "Filter": "(keyword_id > 743)",
                    "Rows Removed by Filter": 389666
                  },
                  {
                    "Node Type": "Hash",
                    "Parent Relationship": "Inner",
                    "Parallel Aware": true,
                    "Startup Cost": 342658.22,
                    "Total Cost": 342658.22,
                    "Plan Rows": 7618477,
                    "Plan Width": 8,
                    "Actual Startup Time": 5609.502,
                    "Actual Total Time": 5613.334,
                    "Actual Rows": 6056076,
                    "Actual Loops": 2,
                    "Hash Buckets": 16777216,
                    "Original Hash Buckets": 16777216,
                    "Hash Batches": 1,
                    "Original Hash Batches": 1,
                    "Peak Memory Usage": 604928,
                    "Plans": [
                      {
                        "Node Type": "Hash Join",
                        "Parent Relationship": "Outer",
                        "Parallel Aware": true,
                        "Join Type": "Inner",
                        "Startup Cost": 70874.73,
                        "Total Cost": 342658.22,
                        "Plan Rows": 7618477,
                        "Plan Width": 8,
                        "Actual Startup Time": 616.522,
                        "Actual Total Time": 3784.114,
                        "Actual Rows": 6056076,
                        "Actual Loops": 2,
                        "Inner Unique": true,
                        "Hash Cond": "(mi.movie_id = t.id)",
                        "Plans": [
                          {
                            "Node Type": "Seq Scan",
                            "Parent Relationship": "Outer",
                            "Parallel Aware": true,
                            "Relation Name": "movie_info",
                            "Alias": "mi",
                            "Startup Cost": 0.0,
                            "Total Cost": 248955.74,
                            "Plan Rows": 8696274,
                            "Plan Width": 4,
                            "Actual Startup Time": 0.01,
                            "Actual Total Time": 708.983,
                            "Actual Rows": 7417860,
                            "Actual Loops": 2
                          },
                          {
                            "Node Type": "Hash",
                            "Parent Relationship": "Inner",
                            "Parallel Aware": true,
                            "Startup Cost": 54588.39,
                            "Total Cost": 54588.39,
                            "Plan Rows": 1302907,
                            "Plan Width": 4,
                            "Actual Startup Time": 597.347,
                            "Actual Total Time": 597.348,
                            "Actual Rows": 1101848,
                            "Actual Loops": 2,
                            "Hash Buckets": 4194304,
                            "Original Hash Buckets": 4194304,
                            "Hash Batches": 1,
                            "Original Hash Batches": 1,
                            "Peak Memory Usage": 119008,
                            "Plans": [
                              {
                                "Node Type": "Seq Scan",
                                "Parent Relationship": "Outer",
                                "Parallel Aware": true,
                                "Relation Name": "title",
                                "Alias": "t",
                                "Startup Cost": 0.0,
                                "Total Cost": 54588.39,
                                "Plan Rows": 1302907,
                                "Plan Width": 4,
                                "Actual Startup Time": 0.046,
                                "Actual Total Time": 221.55,
                                "Actual Rows": 1101848,
                                "Actual Loops": 2,
                                "Filter": "(production_year > 1960)",
                                "Rows Removed by Filter": 162308
                              }
                            ]
                          }
                        ]
                      }
                    ]
                  }
                ]
              }
            ]
          }
        ]
      }
    ]
  },
  "Planning Time": 1.002,
  "Triggers": [],
  "Execution Time": 16686.27
}