{
  "Plan": {
    "Node Type": "Aggregate",
    "Strategy": "Plain",
    "Partial Mode": "Finalize",
    "Parallel Aware": false,
    "Startup Cost": 182883.13,
    "Total Cost": 182883.14,
    "Plan Rows": 1,
    "Plan Width": 8,
    "Actual Startup Time": 1414.56,
    "Actual Total Time": 1433.458,
    "Actual Rows": 1,
    "Actual Loops": 1,
    "Plans": [
      {
        "Node Type": "Gather",
        "Parent Relationship": "Outer",
        "Parallel Aware": false,
        "Startup Cost": 182883.02,
        "Total Cost": 182883.13,
        "Plan Rows": 1,
        "Plan Width": 8,
        "Actual Startup Time": 1411.468,
        "Actual Total Time": 1433.451,
        "Actual Rows": 2,
        "Actual Loops": 1,
        "Workers Planned": 1,
        "Workers Launched": 1,
        "Single Copy": false,
        "Plans": [
          {
            "Node Type": "Aggregate",
            "Strategy": "Plain",
            "Partial Mode": "Partial",
            "Parent Relationship": "Outer",
            "Parallel Aware": false,
            "Startup Cost": 181883.02,
            "Total Cost": 181883.03,
            "Plan Rows": 1,
            "Plan Width": 8,
            "Actual Startup Time": 1404.607,
            "Actual Total Time": 1404.614,
            "Actual Rows": 1,
            "Actual Loops": 2,
            "Plans": [
              {
                "Node Type": "Hash Join",
                "Parent Relationship": "Outer",
                "Parallel Aware": true,
                "Join Type": "Inner",
                "Startup Cost": 108875.38,
                "Total Cost": 180244.96,
                "Plan Rows": 655223,
                "Plan Width": 0,
                "Actual Startup Time": 767.909,
                "Actual Total Time": 1320.258,
                "Actual Rows": 2139782,
                "Actual Loops": 2,
                "Inner Unique": false,
                "Hash Cond": "(mk.movie_id = t.id)",
                "Plans": [
                  {
                    "Node Type": "Seq Scan",
                    "Parent Relationship": "Outer",
                    "Parallel Aware": true,
                    "Relation Name": "movie_keyword",
                    "Alias": "mk",
                    "Startup Cost": 0.0,
                    "Total Cost": 57718.19,
                    "Plan Rows": 2612569,
                    "Plan Width": 4,
                    "Actual Startup Time": 0.015,
                    "Actual Total Time": 210.089,
                    "Actual Rows": 2221487,
                    "Actual Loops": 2,
                    "Filter": "(keyword_id < 87523)",
                    "Rows Removed by Filter": 40478
                  },
                  {
                    "Node Type": "Hash",
                    "Parent Relationship": "Inner",
                    "Parallel Aware": true,
                    "Startup Cost": 104212.98,
                    "Total Cost": 104212.98,
                    "Plan Rows": 372992,
                    "Plan Width": 8,
                    "Actual Startup Time": 758.977,
                    "Actual Total Time": 758.982,
                    "Actual Rows": 323308,
                    "Actual Loops": 2,
                    "Hash Buckets": 1048576,
                    "Original Hash Buckets": 1048576,
                    "Hash Batches": 1,
                    "Original Hash Batches": 1,
                    "Peak Memory Usage": 33536,
                    "Plans": [
                      {
                        "Node Type": "Hash Join",
                        "Parent Relationship": "Outer",
                        "Parallel Aware": true,
                        "Join Type": "Inner",
                        "Startup Cost": 41853.41,
                        "Total Cost": 104212.98,
                        "Plan Rows": 372992,
                        "Plan Width": 8,
                        "Actual Startup Time": 201.391,
                        "Actual Total Time": 664.222,
                        "Actual Rows": 323308,
                        "Actual Loops": 2,
                        "Inner Unique": false,
                        "Hash Cond": "(t.id = mc.movie_id)",
                        "Plans": [
                          {
                            "Node Type": "Seq Scan",
                            "Parent Relationship": "Outer",
                            "Parallel Aware": true,
                            "Relation Name": "title",
                            "Alias": "t",
                            "Startup Cost": 0.0,
                            "Total Cost": 50870.31,
                            "Plan Rows": 1487231,
                            "Plan Width": 4,
                            "Actual Startup Time": 0.011,
                            "Actual Total Time": 127.51,
                            "Actual Rows": 1264156,
                            "Actual Loops": 2
                          },
                          {
                            "Node Type": "Hash",
                            "Parent Relationship": "Inner",
                            "Parallel Aware": true,
                            "Startup Cost": 37191.01,
                            "Total Cost": 37191.01,
                            "Plan Rows": 372992,
                            "Plan Width": 4,
                            "Actual Startup Time": 195.738,
                            "Actual Total Time": 195.74,
                            "Actual Rows": 323308,
                            "Actual Loops": 2,
                            "Hash Buckets": 1048576,
                            "Original Hash Buckets": 1048576,
                            "Hash Batches": 1,
                            "Original Hash Batches": 1,
                            "Peak Memory Usage": 33504,
                            "Plans": [
                              {
                                "Node Type": "Bitmap Heap Scan",
                                "Parent Relationship": "Outer",
                                "Parallel Aware": true,
                                "Relation Name": "movie_companies",
                                "Alias": "mc",
                                "Startup Cost": 13738.6,
                                "Total Cost": 37191.01,
                                "Plan Rows": 372992,
                                "Plan Width": 4,
                                "Actual Startup Time": 40.646,
                                "Actual Total Time": 104.059,
                                "Actual Rows": 323308,
                                "Actual Loops": 2,
                                "Recheck Cond": "(company_id > 55566)",
                                "Rows Removed by Index Recheck": 0,
                                "Exact Heap Blocks": 7484,
                                "Lossy Heap Blocks": 0,
                                "Plans": [
                                  {
                                    "Node Type": "Bitmap Index Scan",
                                    "Parent Relationship": "Outer",
                                    "Parallel Aware": false,
                                    "Index Name": "company_id_movie_companies",
                                    "Startup Cost": 0.0,
                                    "Total Cost": 13580.08,
                                    "Plan Rows": 634087,
                                    "Plan Width": 0,
                                    "Actual Startup Time": 39.122,
                                    "Actual Total Time": 39.123,
                                    "Actual Rows": 646617,
                                    "Actual Loops": 1,
                                    "Index Cond": "(company_id > 55566)"
                                  }
                                ]
                              }
                            ]
                          }
                        ]
                      }
                    ]
                  }
                ]
              }
            ]
          }
        ]
      }
    ]
  },
  "Planning Time": 1.028,
  "Triggers": [],
  "Execution Time": 1433.564
}