[
  {
    "Plan": {
      "Node Type": "Aggregate",
      "Strategy": "Plain",
      "Partial Mode": "Finalize",
      "Parallel Aware": false,
      "Startup Cost": 162365.56,
      "Total Cost": 162365.57,
      "Plan Rows": 1,
      "Plan Width": 8,
      "Actual Startup Time": 1049.763,
      "Actual Total Time": 1122.879,
      "Actual Rows": 1,
      "Actual Loops": 1,
      "Plans": [
        {
          "Node Type": "Gather",
          "Parent Relationship": "Outer",
          "Parallel Aware": false,
          "Startup Cost": 162365.25,
          "Total Cost": 162365.56,
          "Plan Rows": 3,
          "Plan Width": 8,
          "Actual Startup Time": 1049.171,
          "Actual Total Time": 1122.868,
          "Actual Rows": 4,
          "Actual Loops": 1,
          "Workers Planned": 3,
          "Workers Launched": 3,
          "Single Copy": false,
          "Plans": [
            {
              "Node Type": "Aggregate",
              "Strategy": "Plain",
              "Partial Mode": "Partial",
              "Parent Relationship": "Outer",
              "Parallel Aware": false,
              "Startup Cost": 161365.25,
              "Total Cost": 161365.26,
              "Plan Rows": 1,
              "Plan Width": 8,
              "Actual Startup Time": 1039.996,
              "Actual Total Time": 1039.999,
              "Actual Rows": 1,
              "Actual Loops": 4,
              "Plans": [
                {
                  "Node Type": "Nested Loop",
                  "Parent Relationship": "Outer",
                  "Parallel Aware": false,
                  "Join Type": "Inner",
                  "Startup Cost": 44301.63,
                  "Total Cost": 161347.86,
                  "Plan Rows": 6955,
                  "Plan Width": 0,
                  "Actual Startup Time": 114.011,
                  "Actual Total Time": 1038.841,
                  "Actual Rows": 15999,
                  "Actual Loops": 4,
                  "Inner Unique": false,
                  "Join Filter": "(t.id = ci.movie_id)",
                  "Rows Removed by Join Filter": 0,
                  "Plans": [
                    {
                      "Node Type": "Hash Join",
                      "Parent Relationship": "Outer",
                      "Parallel Aware": true,
                      "Join Type": "Inner",
                      "Startup Cost": 44301.07,
                      "Total Cost": 88733.14,
                      "Plan Rows": 33670,
                      "Plan Width": 8,
                      "Actual Startup Time": 109.564,
                      "Actual Total Time": 268.549,
                      "Actual Rows": 24310,
                      "Actual Loops": 4,
                      "Inner Unique": true,
                      "Hash Cond": "(mk.movie_id = t.id)",
                      "Plans": [
                        {
                          "Node Type": "Seq Scan",
                          "Parent Relationship": "Outer",
                          "Parallel Aware": true,
                          "Relation Name": "movie_keyword",
                          "Alias": "mk",
                          "Startup Cost": 0.0,
                          "Total Cost": 42695.65,
                          "Plan Rows": 661495,
                          "Plan Width": 4,
                          "Actual Startup Time": 0.396,
                          "Actual Total Time": 102.407,
                          "Actual Rows": 512208,
                          "Actual Loops": 4,
                          "Filter": "(keyword_id > 5976)",
                          "Rows Removed by Filter": 618775
                        },
                        {
                          "Node Type": "Hash",
                          "Parent Relationship": "Inner",
                          "Parallel Aware": true,
                          "Startup Cost": 43898.92,
                          "Total Cost": 43898.92,
                          "Plan Rows": 32172,
                          "Plan Width": 4,
                          "Actual Startup Time": 107.286,
                          "Actual Total Time": 107.286,
                          "Actual Rows": 32174,
                          "Actual Loops": 4,
                          "Hash Buckets": 131072,
                          "Original Hash Buckets": 131072,
                          "Hash Batches": 1,
                          "Original Hash Batches": 1,
                          "Peak Memory Usage": 6112,
                          "Plans": [
                            {
                              "Node Type": "Seq Scan",
                              "Parent Relationship": "Outer",
                              "Parallel Aware": true,
                              "Relation Name": "title",
                              "Alias": "t",
                              "Startup Cost": 0.0,
                              "Total Cost": 43898.92,
                              "Plan Rows": 32172,
                              "Plan Width": 4,
                              "Actual Startup Time": 0.043,
                              "Actual Total Time": 95.413,
                              "Actual Rows": 32174,
                              "Actual Loops": 4,
                              "Filter": "(production_year = 2009)",
                              "Rows Removed by Filter": 599904
                            }
                          ]
                        }
                      ]
                    },
                    {
                      "Node Type": "Index Scan",
                      "Parent Relationship": "Inner",
                      "Parallel Aware": false,
                      "Scan Direction": "Forward",
                      "Index Name": "movie_id_cast_info",
                      "Relation Name": "cast_info",
                      "Alias": "ci",
                      "Startup Cost": 0.56,
                      "Total Cost": 2.14,
                      "Plan Rows": 1,
                      "Plan Width": 4,
                      "Actual Startup Time": 0.026,
                      "Actual Total Time": 0.031,
                      "Actual Rows": 1,
                      "Actual Loops": 97239,
                      "Index Cond": "(movie_id = mk.movie_id)",
                      "Rows Removed by Index Recheck": 0,
                      "Filter": "((person_id < 248050) AND (role_id > 7))",
                      "Rows Removed by Filter": 60
                    }
                  ]
                }
              ]
            }
          ]
        }
      ]
    },
    "Planning Time": 1.368,
    "Triggers": [],
    "Execution Time": 1122.99
  }
]