[
  {
    "Plan": {
      "Node Type": "Aggregate",
      "Strategy": "Plain",
      "Partial Mode": "Finalize",
      "Parallel Aware": false,
      "Startup Cost": 108969.15,
      "Total Cost": 108969.16,
      "Plan Rows": 1,
      "Plan Width": 8,
      "Actual Startup Time": 699.203,
      "Actual Total Time": 720.47,
      "Actual Rows": 1,
      "Actual Loops": 1,
      "Plans": [
        {
          "Node Type": "Gather",
          "Parent Relationship": "Outer",
          "Parallel Aware": false,
          "Startup Cost": 108968.94,
          "Total Cost": 108969.15,
          "Plan Rows": 2,
          "Plan Width": 8,
          "Actual Startup Time": 694.252,
          "Actual Total Time": 720.453,
          "Actual Rows": 3,
          "Actual Loops": 1,
          "Workers Planned": 2,
          "Workers Launched": 2,
          "Single Copy": false,
          "Plans": [
            {
              "Node Type": "Aggregate",
              "Strategy": "Plain",
              "Partial Mode": "Partial",
              "Parent Relationship": "Outer",
              "Parallel Aware": false,
              "Startup Cost": 107968.94,
              "Total Cost": 107968.95,
              "Plan Rows": 1,
              "Plan Width": 8,
              "Actual Startup Time": 691.546,
              "Actual Total Time": 692.119,
              "Actual Rows": 1,
              "Actual Loops": 3,
              "Plans": [
                {
                  "Node Type": "Hash Join",
                  "Parent Relationship": "Outer",
                  "Parallel Aware": true,
                  "Join Type": "Inner",
                  "Startup Cost": 91599.01,
                  "Total Cost": 107738.19,
                  "Plan Rows": 92298,
                  "Plan Width": 0,
                  "Actual Startup Time": 534.648,
                  "Actual Total Time": 670.311,
                  "Actual Rows": 458206,
                  "Actual Loops": 3,
                  "Inner Unique": false,
                  "Hash Cond": "(mi_idx.movie_id = t.id)",
                  "Plans": [
                    {
                      "Node Type": "Seq Scan",
                      "Parent Relationship": "Outer",
                      "Parallel Aware": true,
                      "Relation Name": "movie_info_idx",
                      "Alias": "mi_idx",
                      "Startup Cost": 0.0,
                      "Total Cost": 13685.15,
                      "Plan Rows": 575015,
                      "Plan Width": 4,
                      "Actual Startup Time": 0.016,
                      "Actual Total Time": 41.333,
                      "Actual Rows": 460012,
                      "Actual Loops": 3
                    },
                    {
                      "Node Type": "Hash",
                      "Parent Relationship": "Inner",
                      "Parallel Aware": true,
                      "Startup Cost": 89962.54,
                      "Total Cost": 89962.54,
                      "Plan Rows": 130918,
                      "Plan Width": 8,
                      "Actual Startup Time": 532.228,
                      "Actual Total Time": 532.798,
                      "Actual Rows": 192349,
                      "Actual Loops": 3,
                      "Hash Buckets": 1048576,
                      "Original Hash Buckets": 524288,
                      "Hash Batches": 1,
                      "Original Hash Batches": 1,
                      "Peak Memory Usage": 34912,
                      "Plans": [
                        {
                          "Node Type": "Hash Join",
                          "Parent Relationship": "Outer",
                          "Parallel Aware": true,
                          "Join Type": "Inner",
                          "Startup Cost": 45929.15,
                          "Total Cost": 89962.54,
                          "Plan Rows": 130918,
                          "Plan Width": 8,
                          "Actual Startup Time": 229.104,
                          "Actual Total Time": 471.171,
                          "Actual Rows": 192349,
                          "Actual Loops": 3,
                          "Inner Unique": true,
                          "Hash Cond": "(mk.movie_id = t.id)",
                          "Plans": [
                            {
                              "Node Type": "Seq Scan",
                              "Parent Relationship": "Outer",
                              "Parallel Aware": true,
                              "Relation Name": "movie_keyword",
                              "Alias": "mk",
                              "Startup Cost": 0.0,
                              "Total Cost": 42695.65,
                              "Plan Rows": 509614,
                              "Plan Width": 4,
                              "Actual Startup Time": 0.028,
                              "Actual Total Time": 143.281,
                              "Actual Rows": 526721,
                              "Actual Loops": 3,
                              "Filter": "(keyword_id < 2399)",
                              "Rows Removed by Filter": 981256
                            },
                            {
                              "Node Type": "Hash",
                              "Parent Relationship": "Inner",
                              "Parallel Aware": true,
                              "Startup Cost": 43899.32,
                              "Total Cost": 43899.32,
                              "Plan Rows": 162386,
                              "Plan Width": 4,
                              "Actual Startup Time": 225.704,
                              "Actual Total Time": 225.705,
                              "Actual Rows": 220945,
                              "Actual Loops": 3,
                              "Hash Buckets": 1048576,
                              "Original Hash Buckets": 1048576,
                              "Hash Batches": 1,
                              "Original Hash Batches": 1,
                              "Peak Memory Usage": 34144,
                              "Plans": [
                                {
                                  "Node Type": "Seq Scan",
                                  "Parent Relationship": "Outer",
                                  "Parallel Aware": true,
                                  "Relation Name": "title",
                                  "Alias": "t",
                                  "Startup Cost": 0.0,
                                  "Total Cost": 43899.32,
                                  "Plan Rows": 162386,
                                  "Plan Width": 4,
                                  "Actual Startup Time": 0.025,
                                  "Actual Total Time": 133.462,
                                  "Actual Rows": 220945,
                                  "Actual Loops": 3,
                                  "Filter": "(production_year < 1989)",
                                  "Rows Removed by Filter": 621826
                                }
                              ]
                            }
                          ]
                        }
                      ]
                    }
                  ]
                }
              ]
            }
          ]
        }
      ]
    },
    "Planning Time": 0.506,
    "Triggers": [],
    "Execution Time": 720.518
  }
]