[
  {
    "Plan": {
      "Node Type": "Aggregate",
      "Strategy": "Plain",
      "Partial Mode": "Finalize",
      "Parallel Aware": false,
      "Startup Cost": 84874.51,
      "Total Cost": 84874.52,
      "Plan Rows": 1,
      "Plan Width": 8,
      "Actual Startup Time": 355.432,
      "Actual Total Time": 385.909,
      "Actual Rows": 1,
      "Actual Loops": 1,
      "Plans": [
        {
          "Node Type": "Gather",
          "Parent Relationship": "Outer",
          "Parallel Aware": false,
          "Startup Cost": 84874.2,
          "Total Cost": 84874.51,
          "Plan Rows": 3,
          "Plan Width": 8,
          "Actual Startup Time": 352.784,
          "Actual Total Time": 385.902,
          "Actual Rows": 4,
          "Actual Loops": 1,
          "Workers Planned": 3,
          "Workers Launched": 3,
          "Single Copy": false,
          "Plans": [
            {
              "Node Type": "Aggregate",
              "Strategy": "Plain",
              "Partial Mode": "Partial",
              "Parent Relationship": "Outer",
              "Parallel Aware": false,
              "Startup Cost": 83874.2,
              "Total Cost": 83874.21,
              "Plan Rows": 1,
              "Plan Width": 8,
              "Actual Startup Time": 343.657,
              "Actual Total Time": 343.663,
              "Actual Rows": 1,
              "Actual Loops": 4,
              "Plans": [
                {
                  "Node Type": "Nested Loop",
                  "Parent Relationship": "Outer",
                  "Parallel Aware": false,
                  "Join Type": "Inner",
                  "Startup Cost": 46081.31,
                  "Total Cost": 83856.71,
                  "Plan Rows": 6994,
                  "Plan Width": 0,
                  "Actual Startup Time": 154.597,
                  "Actual Total Time": 341.743,
                  "Actual Rows": 26114,
                  "Actual Loops": 4,
                  "Inner Unique": false,
                  "Join Filter": "(t.id = mi_idx.movie_id)",
                  "Rows Removed by Join Filter": 0,
                  "Plans": [
                    {
                      "Node Type": "Hash Join",
                      "Parent Relationship": "Outer",
                      "Parallel Aware": true,
                      "Join Type": "Inner",
                      "Startup Cost": 46080.89,
                      "Total Cost": 75833.58,
                      "Plan Rows": 12814,
                      "Plan Width": 8,
                      "Actual Startup Time": 154.462,
                      "Actual Total Time": 272.052,
                      "Actual Rows": 14966,
                      "Actual Loops": 4,
                      "Inner Unique": true,
                      "Hash Cond": "(mc.movie_id = t.id)",
                      "Plans": [
                        {
                          "Node Type": "Seq Scan",
                          "Parent Relationship": "Outer",
                          "Parallel Aware": true,
                          "Relation Name": "movie_companies",
                          "Alias": "mc",
                          "Startup Cost": 0.0,
                          "Total Cost": 29310.68,
                          "Plan Rows": 168385,
                          "Plan Width": 4,
                          "Actual Startup Time": 0.01,
                          "Actual Total Time": 78.516,
                          "Actual Rows": 129182,
                          "Actual Loops": 4,
                          "Filter": "(company_id < 475)",
                          "Rows Removed by Filter": 523100
                        },
                        {
                          "Node Type": "Hash",
                          "Parent Relationship": "Inner",
                          "Parallel Aware": true,
                          "Startup Cost": 45479.59,
                          "Total Cost": 45479.59,
                          "Plan Rows": 48104,
                          "Plan Width": 4,
                          "Actual Startup Time": 153.242,
                          "Actual Total Time": 153.244,
                          "Actual Rows": 76798,
                          "Actual Loops": 4,
                          "Hash Buckets": 524288,
                          "Original Hash Buckets": 262144,
                          "Hash Batches": 1,
                          "Original Hash Batches": 1,
                          "Peak Memory Usage": 18240,
                          "Plans": [
                            {
                              "Node Type": "Seq Scan",
                              "Parent Relationship": "Outer",
                              "Parallel Aware": true,
                              "Relation Name": "title",
                              "Alias": "t",
                              "Startup Cost": 0.0,
                              "Total Cost": 45479.59,
                              "Plan Rows": 48104,
                              "Plan Width": 4,
                              "Actual Startup Time": 0.14,
                              "Actual Total Time": 114.561,
                              "Actual Rows": 76798,
                              "Actual Loops": 4,
                              "Filter": "((kind_id < 7) AND (production_year < 1980))",
                              "Rows Removed by Filter": 555280
                            }
                          ]
                        }
                      ]
                    },
                    {
                      "Node Type": "Index Only Scan",
                      "Parent Relationship": "Inner",
                      "Parallel Aware": false,
                      "Scan Direction": "Forward",
                      "Index Name": "movie_id_movie_info_idx",
                      "Relation Name": "movie_info_idx",
                      "Alias": "mi_idx",
                      "Startup Cost": 0.43,
                      "Total Cost": 0.59,
                      "Plan Rows": 3,
                      "Plan Width": 4,
                      "Actual Startup Time": 0.004,
                      "Actual Total Time": 0.004,
                      "Actual Rows": 2,
                      "Actual Loops": 59863,
                      "Index Cond": "(movie_id = mc.movie_id)",
                      "Rows Removed by Index Recheck": 0,
                      "Heap Fetches": 104456
                    }
                  ]
                }
              ]
            }
          ]
        }
      ]
    },
    "Planning Time": 0.564,
    "Triggers": [],
    "Execution Time": 385.963
  }
]