[
  {
    "Plan": {
      "Node Type": "Aggregate",
      "Strategy": "Plain",
      "Partial Mode": "Finalize",
      "Parallel Aware": false,
      "Startup Cost": 77977.26,
      "Total Cost": 77977.27,
      "Plan Rows": 1,
      "Plan Width": 8,
      "Actual Startup Time": 232.279,
      "Actual Total Time": 248.984,
      "Actual Rows": 1,
      "Actual Loops": 1,
      "Plans": [
        {
          "Node Type": "Gather",
          "Parent Relationship": "Outer",
          "Parallel Aware": false,
          "Startup Cost": 77976.94,
          "Total Cost": 77977.25,
          "Plan Rows": 3,
          "Plan Width": 8,
          "Actual Startup Time": 231.342,
          "Actual Total Time": 248.976,
          "Actual Rows": 4,
          "Actual Loops": 1,
          "Workers Planned": 3,
          "Workers Launched": 3,
          "Single Copy": false,
          "Plans": [
            {
              "Node Type": "Aggregate",
              "Strategy": "Plain",
              "Partial Mode": "Partial",
              "Parent Relationship": "Outer",
              "Parallel Aware": false,
              "Startup Cost": 76976.94,
              "Total Cost": 76976.95,
              "Plan Rows": 1,
              "Plan Width": 8,
              "Actual Startup Time": 226.34,
              "Actual Total Time": 226.343,
              "Actual Rows": 1,
              "Actual Loops": 4,
              "Plans": [
                {
                  "Node Type": "Hash Join",
                  "Parent Relationship": "Outer",
                  "Parallel Aware": true,
                  "Join Type": "Inner",
                  "Startup Cost": 44396.05,
                  "Total Cost": 76911.07,
                  "Plan Rows": 26349,
                  "Plan Width": 0,
                  "Actual Startup Time": 142.607,
                  "Actual Total Time": 225.458,
                  "Actual Rows": 17786,
                  "Actual Loops": 4,
                  "Inner Unique": true,
                  "Hash Cond": "(mc.movie_id = t.id)",
                  "Plans": [
                    {
                      "Node Type": "Seq Scan",
                      "Parent Relationship": "Outer",
                      "Parallel Aware": true,
                      "Relation Name": "movie_companies",
                      "Alias": "mc",
                      "Startup Cost": 0.0,
                      "Total Cost": 31414.82,
                      "Plan Rows": 419125,
                      "Plan Width": 4,
                      "Actual Startup Time": 32.717,
                      "Actual Total Time": 73.296,
                      "Actual Rows": 331890,
                      "Actual Loops": 4,
                      "Filter": "((company_id > 6) AND (company_type_id = 2))",
                      "Rows Removed by Filter": 320392
                    },
                    {
                      "Node Type": "Hash",
                      "Parent Relationship": "Inner",
                      "Parallel Aware": true,
                      "Startup Cost": 43899.32,
                      "Total Cost": 43899.32,
                      "Plan Rows": 39738,
                      "Plan Width": 4,
                      "Actual Startup Time": 108.339,
                      "Actual Total Time": 108.34,
                      "Actual Rows": 40004,
                      "Actual Loops": 4,
                      "Hash Buckets": 262144,
                      "Original Hash Buckets": 262144,
                      "Hash Batches": 1,
                      "Original Hash Batches": 1,
                      "Peak Memory Usage": 8384,
                      "Plans": [
                        {
                          "Node Type": "Seq Scan",
                          "Parent Relationship": "Outer",
                          "Parallel Aware": true,
                          "Relation Name": "title",
                          "Alias": "t",
                          "Startup Cost": 0.0,
                          "Total Cost": 43899.32,
                          "Plan Rows": 39738,
                          "Plan Width": 4,
                          "Actual Startup Time": 0.031,
                          "Actual Total Time": 92.689,
                          "Actual Rows": 40004,
                          "Actual Loops": 4,
                          "Filter": "(production_year = 2011)",
                          "Rows Removed by Filter": 592074
                        }
                      ]
                    }
                  ]
                }
              ]
            }
          ]
        }
      ]
    },
    "Planning Time": 0.368,
    "Triggers": [],
    "Execution Time": 249.024
  }
]