{
  "Plan": {
    "Node Type": "Aggregate",
    "Strategy": "Plain",
    "Partial Mode": "Finalize",
    "Parallel Aware": false,
    "Startup Cost": 2200630.3,
    "Total Cost": 2200630.31,
    "Plan Rows": 1,
    "Plan Width": 8,
    "Actual Startup Time": 4351.715,
    "Actual Total Time": 4395.934,
    "Actual Rows": 1,
    "Actual Loops": 1,
    "Plans": [
      {
        "Node Type": "Gather",
        "Parent Relationship": "Outer",
        "Parallel Aware": false,
        "Startup Cost": 2200630.19,
        "Total Cost": 2200630.3,
        "Plan Rows": 1,
        "Plan Width": 8,
        "Actual Startup Time": 4347.994,
        "Actual Total Time": 4395.924,
        "Actual Rows": 2,
        "Actual Loops": 1,
        "Workers Planned": 1,
        "Workers Launched": 1,
        "Single Copy": false,
        "Plans": [
          {
            "Node Type": "Aggregate",
            "Strategy": "Plain",
            "Partial Mode": "Partial",
            "Parent Relationship": "Outer",
            "Parallel Aware": false,
            "Startup Cost": 2199630.19,
            "Total Cost": 2199630.2,
            "Plan Rows": 1,
            "Plan Width": 8,
            "Actual Startup Time": 4342.16,
            "Actual Total Time": 4342.174,
            "Actual Rows": 1,
            "Actual Loops": 2,
            "Plans": [
              {
                "Node Type": "Merge Join",
                "Parent Relationship": "Outer",
                "Parallel Aware": false,
                "Join Type": "Inner",
                "Startup Cost": 950577.8,
                "Total Cost": 2169758.33,
                "Plan Rows": 11948743,
                "Plan Width": 0,
                "Actual Startup Time": 3134.419,
                "Actual Total Time": 4290.971,
                "Actual Rows": 1168952,
                "Actual Loops": 2,
                "Inner Unique": false,
                "Merge Cond": "(mi.movie_id = t.id)",
                "Plans": [
                  {
                    "Node Type": "Index Only Scan",
                    "Parent Relationship": "Outer",
                    "Parallel Aware": true,
                    "Scan Direction": "Forward",
                    "Index Name": "movie_id_movie_info",
                    "Relation Name": "movie_info",
                    "Alias": "mi",
                    "Startup Cost": 0.43,
                    "Total Cost": 1018223.42,
                    "Plan Rows": 8696274,
                    "Plan Width": 4,
                    "Actual Startup Time": 0.109,
                    "Actual Total Time": 816.428,
                    "Actual Rows": 2366238,
                    "Actual Loops": 2,
                    "Heap Fetches": 4732477
                  },
                  {
                    "Node Type": "Sort",
                    "Parent Relationship": "Inner",
                    "Parallel Aware": false,
                    "Startup Cost": 950576.58,
                    "Total Cost": 959261.32,
                    "Plan Rows": 3473893,
                    "Plan Width": 8,
                    "Actual Startup Time": 3134.177,
                    "Actual Total Time": 3217.673,
                    "Actual Rows": 1458080,
                    "Actual Loops": 2,
                    "Sort Key": [
                      "t.id"
                    ],
                    "Sort Method": "quicksort",
                    "Sort Space Used": 51681,
                    "Sort Space Type": "Memory",
                    "Workers": [
                      {
                        "Worker Number": 0,
                        "Sort Method": "quicksort",
                        "Sort Space Used": 51681,
                        "Sort Space Type": "Memory"
                      }
                    ],
                    "Plans": [
                      {
                        "Node Type": "Hash Join",
                        "Parent Relationship": "Outer",
                        "Parallel Aware": false,
                        "Join Type": "Inner",
                        "Startup Cost": 89616.42,
                        "Total Cost": 573170.73,
                        "Plan Rows": 3473893,
                        "Plan Width": 8,
                        "Actual Startup Time": 2266.479,
                        "Actual Total Time": 2966.731,
                        "Actual Rows": 578223,
                        "Actual Loops": 2,
                        "Inner Unique": true,
                        "Hash Cond": "(ci.movie_id = t.id)",
                        "Plans": [
                          {
                            "Node Type": "Index Scan",
                            "Parent Relationship": "Outer",
                            "Parallel Aware": false,
                            "Scan Direction": "Forward",
                            "Index Name": "role_id_cast_info",
                            "Relation Name": "cast_info",
                            "Alias": "ci",
                            "Startup Cost": 0.56,
                            "Total Cost": 465190.97,
                            "Plan Rows": 6995762,
                            "Plan Width": 4,
                            "Actual Startup Time": 1573.455,
                            "Actual Total Time": 1809.586,
                            "Actual Rows": 1215387,
                            "Actual Loops": 2,
                            "Index Cond": "(role_id = 1)",
                            "Rows Removed by Index Recheck": 0,
                            "Filter": "(person_id > 1571736)",
                            "Rows Removed by Filter": 11455301
                          },
                          {
                            "Node Type": "Hash",
                            "Parent Relationship": "Inner",
                            "Parallel Aware": false,
                            "Startup Cost": 73922.39,
                            "Total Cost": 73922.39,
                            "Plan Rows": 1255477,
                            "Plan Width": 4,
                            "Actual Startup Time": 683.316,
                            "Actual Total Time": 683.318,
                            "Actual Rows": 1221534,
                            "Actual Loops": 2,
                            "Hash Buckets": 2097152,
                            "Original Hash Buckets": 2097152,
                            "Hash Batches": 1,
                            "Original Hash Batches": 1,
                            "Peak Memory Usage": 59329,
                            "Plans": [
                              {
                                "Node Type": "Seq Scan",
                                "Parent Relationship": "Outer",
                                "Parallel Aware": false,
                                "Relation Name": "title",
                                "Alias": "t",
                                "Startup Cost": 0.0,
                                "Total Cost": 73922.39,
                                "Plan Rows": 1255477,
                                "Plan Width": 4,
                                "Actual Startup Time": 0.037,
                                "Actual Total Time": 358.608,
                                "Actual Rows": 1221534,
                                "Actual Loops": 2,
                                "Filter": "((production_year < 2011) AND (kind_id = 7))",
                                "Rows Removed by Filter": 1306778
                              }
                            ]
                          }
                        ]
                      }
                    ]
                  }
                ]
              }
            ]
          }
        ]
      }
    ]
  },
  "Planning Time": 0.686,
  "Triggers": [],
  "Execution Time": 4413.274
}