[
  {
    "Plan": {
      "Node Type": "Aggregate",
      "Strategy": "Plain",
      "Partial Mode": "Finalize",
      "Parallel Aware": false,
      "Startup Cost": 90759.38,
      "Total Cost": 90759.39,
      "Plan Rows": 1,
      "Plan Width": 8,
      "Actual Startup Time": 460.031,
      "Actual Total Time": 487.76,
      "Actual Rows": 1,
      "Actual Loops": 1,
      "Plans": [
        {
          "Node Type": "Gather",
          "Parent Relationship": "Outer",
          "Parallel Aware": false,
          "Startup Cost": 90759.06,
          "Total Cost": 90759.37,
          "Plan Rows": 3,
          "Plan Width": 8,
          "Actual Startup Time": 459.76,
          "Actual Total Time": 487.751,
          "Actual Rows": 4,
          "Actual Loops": 1,
          "Workers Planned": 3,
          "Workers Launched": 3,
          "Single Copy": false,
          "Plans": [
            {
              "Node Type": "Aggregate",
              "Strategy": "Plain",
              "Partial Mode": "Partial",
              "Parent Relationship": "Outer",
              "Parallel Aware": false,
              "Startup Cost": 89759.06,
              "Total Cost": 89759.07,
              "Plan Rows": 1,
              "Plan Width": 8,
              "Actual Startup Time": 452.532,
              "Actual Total Time": 452.536,
              "Actual Rows": 1,
              "Actual Loops": 4,
              "Plans": [
                {
                  "Node Type": "Nested Loop",
                  "Parent Relationship": "Outer",
                  "Parallel Aware": false,
                  "Join Type": "Inner",
                  "Startup Cost": 45553.59,
                  "Total Cost": 89724.0,
                  "Plan Rows": 14024,
                  "Plan Width": 0,
                  "Actual Startup Time": 117.189,
                  "Actual Total Time": 435.181,
                  "Actual Rows": 289516,
                  "Actual Loops": 4,
                  "Inner Unique": false,
                  "Join Filter": "(t.id = mk.movie_id)",
                  "Rows Removed by Join Filter": 0,
                  "Plans": [
                    {
                      "Node Type": "Hash Join",
                      "Parent Relationship": "Outer",
                      "Parallel Aware": true,
                      "Join Type": "Inner",
                      "Startup Cost": 45553.16,
                      "Total Cost": 74969.05,
                      "Plan Rows": 7838,
                      "Plan Width": 8,
                      "Actual Startup Time": 117.077,
                      "Actual Total Time": 276.288,
                      "Actual Rows": 10138,
                      "Actual Loops": 4,
                      "Inner Unique": true,
                      "Hash Cond": "(mc.movie_id = t.id)",
                      "Plans": [
                        {
                          "Node Type": "Seq Scan",
                          "Parent Relationship": "Outer",
                          "Parallel Aware": true,
                          "Relation Name": "movie_companies",
                          "Alias": "mc",
                          "Startup Cost": 0.0,
                          "Total Cost": 27206.55,
                          "Plan Rows": 841655,
                          "Plan Width": 4,
                          "Actual Startup Time": 0.011,
                          "Actual Total Time": 75.43,
                          "Actual Rows": 652282,
                          "Actual Loops": 4
                        },
                        {
                          "Node Type": "Hash",
                          "Parent Relationship": "Inner",
                          "Parallel Aware": true,
                          "Startup Cost": 45479.59,
                          "Total Cost": 45479.59,
                          "Plan Rows": 5886,
                          "Plan Width": 4,
                          "Actual Startup Time": 116.192,
                          "Actual Total Time": 116.193,
                          "Actual Rows": 4302,
                          "Actual Loops": 4,
                          "Hash Buckets": 32768,
                          "Original Hash Buckets": 32768,
                          "Hash Batches": 1,
                          "Original Hash Batches": 1,
                          "Peak Memory Usage": 992,
                          "Plans": [
                            {
                              "Node Type": "Seq Scan",
                              "Parent Relationship": "Outer",
                              "Parallel Aware": true,
                              "Relation Name": "title",
                              "Alias": "t",
                              "Startup Cost": 0.0,
                              "Total Cost": 45479.59,
                              "Plan Rows": 5886,
                              "Plan Width": 4,
                              "Actual Startup Time": 1.119,
                              "Actual Total Time": 113.543,
                              "Actual Rows": 4302,
                              "Actual Loops": 4,
                              "Filter": "((kind_id < 4) AND (production_year = 2003))",
                              "Rows Removed by Filter": 627776
                            }
                          ]
                        }
                      ]
                    },
                    {
                      "Node Type": "Index Only Scan",
                      "Parent Relationship": "Inner",
                      "Parallel Aware": false,
                      "Scan Direction": "Forward",
                      "Index Name": "movie_id_movie_keyword",
                      "Relation Name": "movie_keyword",
                      "Alias": "mk",
                      "Startup Cost": 0.43,
                      "Total Cost": 1.31,
                      "Plan Rows": 46,
                      "Plan Width": 4,
                      "Actual Startup Time": 0.006,
                      "Actual Total Time": 0.012,
                      "Actual Rows": 29,
                      "Actual Loops": 40550,
                      "Index Cond": "(movie_id = mc.movie_id)",
                      "Rows Removed by Index Recheck": 0,
                      "Heap Fetches": 1158064
                    }
                  ]
                }
              ]
            }
          ]
        }
      ]
    },
    "Planning Time": 0.719,
    "Triggers": [],
    "Execution Time": 487.826
  }
]