[
    {
        "Bao": {
            "Bao prediction": "NaN",
            "Bao recommended hint": "(no hint)"
        }
    },
    {
        "Plan": {
            "Node Type": "Aggregate",
            "Strategy": "Plain",
            "Partial Mode": "Finalize",
            "Parallel Aware": false,
            "Startup Cost": 26044.78,
            "Total Cost": 26044.79,
            "Plan Rows": 1,
            "Plan Width": 8,
            "Actual Startup Time": 77.411,
            "Actual Total Time": 81.924,
            "Actual Rows": 1,
            "Actual Loops": 1,
            "Output": [
                "count(*)"
            ],
            "Plans": [
                {
                    "Node Type": "Gather",
                    "Parent Relationship": "Outer",
                    "Parallel Aware": false,
                    "Startup Cost": 26044.46,
                    "Total Cost": 26044.77,
                    "Plan Rows": 3,
                    "Plan Width": 8,
                    "Actual Startup Time": 77.164,
                    "Actual Total Time": 81.916,
                    "Actual Rows": 4,
                    "Actual Loops": 1,
                    "Output": [
                        "(PARTIAL count(*))"
                    ],
                    "Workers Planned": 3,
                    "Workers Launched": 3,
                    "Single Copy": false,
                    "Plans": [
                        {
                            "Node Type": "Aggregate",
                            "Strategy": "Plain",
                            "Partial Mode": "Partial",
                            "Parent Relationship": "Outer",
                            "Parallel Aware": false,
                            "Startup Cost": 25044.46,
                            "Total Cost": 25044.47,
                            "Plan Rows": 1,
                            "Plan Width": 8,
                            "Actual Startup Time": 68.535,
                            "Actual Total Time": 68.537,
                            "Actual Rows": 1,
                            "Actual Loops": 4,
                            "Output": [
                                "PARTIAL count(*)"
                            ],
                            "Workers": [
                                {
                                    "Worker Number": 0,
                                    "Actual Startup Time": 65.518,
                                    "Actual Total Time": 65.519,
                                    "Actual Rows": 1,
                                    "Actual Loops": 1
                                },
                                {
                                    "Worker Number": 1,
                                    "Actual Startup Time": 65.686,
                                    "Actual Total Time": 65.688,
                                    "Actual Rows": 1,
                                    "Actual Loops": 1
                                },
                                {
                                    "Worker Number": 2,
                                    "Actual Startup Time": 66.107,
                                    "Actual Total Time": 66.108,
                                    "Actual Rows": 1,
                                    "Actual Loops": 1
                                }
                            ],
                            "Plans": [
                                {
                                    "Node Type": "Bitmap Heap Scan",
                                    "Parent Relationship": "Outer",
                                    "Parallel Aware": true,
                                    "Relation Name": "movie_companies",
                                    "Schema": "public",
                                    "Alias": "mc",
                                    "Startup Cost": 5032.31,
                                    "Total Cost": 24952.16,
                                    "Plan Rows": 36921,
                                    "Plan Width": 0,
                                    "Actual Startup Time": 15.678,
                                    "Actual Total Time": 63.88,
                                    "Actual Rows": 44569,
                                    "Actual Loops": 4,
                                    "Recheck Cond": "(mc.company_id < 93)",
                                    "Rows Removed by Index Recheck": 0,
                                    "Filter": "(mc.company_type_id < 2)",
                                    "Rows Removed by Filter": 13598,
                                    "Exact Heap Blocks": 8255,
                                    "Lossy Heap Blocks": 0,
                                    "Workers": [
                                        {
                                            "Worker Number": 0,
                                            "Actual Startup Time": 12.748,
                                            "Actual Total Time": 61.544,
                                            "Actual Rows": 25873,
                                            "Actual Loops": 1
                                        },
                                        {
                                            "Worker Number": 1,
                                            "Actual Startup Time": 12.918,
                                            "Actual Total Time": 61.725,
                                            "Actual Rows": 29937,
                                            "Actual Loops": 1
                                        },
                                        {
                                            "Worker Number": 2,
                                            "Actual Startup Time": 13.333,
                                            "Actual Total Time": 62.202,
                                            "Actual Rows": 26310,
                                            "Actual Loops": 1
                                        }
                                    ],
                                    "Plans": [
                                        {
                                            "Node Type": "Bitmap Index Scan",
                                            "Parent Relationship": "Outer",
                                            "Parallel Aware": false,
                                            "Index Name": "company_id_movie_companies",
                                            "Startup Cost": 0.0,
                                            "Total Cost": 5003.69,
                                            "Plan Rows": 233502,
                                            "Plan Width": 0,
                                            "Actual Startup Time": 19.493,
                                            "Actual Total Time": 19.493,
                                            "Actual Rows": 232665,
                                            "Actual Loops": 1,
                                            "Index Cond": "(mc.company_id < 93)"
                                        }
                                    ]
                                }
                            ]
                        }
                    ]
                }
            ]
        },
        "Planning Time": 275.011,
        "Triggers": [],
        "Execution Time": 81.991
    }
]