{
    "Plan": {
        "Node Type": "Aggregate",
        "Strategy": "Plain",
        "Partial Mode": "Simple",
        "Parallel Aware": false,
        "Startup Cost": 70001167256.31,
        "Total Cost": 70001167256.32,
        "Plan Rows": 1,
        "Plan Width": 96,
        "Actual Startup Time": 4021.547,
        "Actual Total Time": 4021.552,
        "Actual Rows": 1,
        "Actual Loops": 1,
        "Output": [
            "min(mi.info)",
            "min(mi_idx.info)",
            "min(t.title)"
        ],
        "Plans": [
            {
                "Node Type": "Nested Loop",
                "Parent Relationship": "Outer",
                "Parallel Aware": false,
                "Join Type": "Inner",
                "Startup Cost": 70000000006.01,
                "Total Cost": 70001167256.3,
                "Plan Rows": 1,
                "Plan Width": 65,
                "Actual Startup Time": 30.999,
                "Actual Total Time": 4020.735,
                "Actual Rows": 1860,
                "Actual Loops": 1,
                "Output": [
                    "mi.info",
                    "mi_idx.info",
                    "t.title"
                ],
                "Inner Unique": true,
                "Join Filter": "(mi.movie_id = t.id)",
                "Rows Removed by Join Filter": 0,
                "Plans": [
                    {
                        "Node Type": "Nested Loop",
                        "Parent Relationship": "Outer",
                        "Parallel Aware": false,
                        "Join Type": "Inner",
                        "Startup Cost": 60000000005.56,
                        "Total Cost": 60001167247.35,
                        "Plan Rows": 2,
                        "Plan Width": 60,
                        "Actual Startup Time": 16.099,
                        "Actual Total Time": 3982.324,
                        "Actual Rows": 5820,
                        "Actual Loops": 1,
                        "Output": [
                            "ci.movie_id",
                            "mi.info",
                            "mi.movie_id",
                            "mi_idx.info",
                            "mi_idx.movie_id"
                        ],
                        "Inner Unique": true,
                        "Plans": [
                            {
                                "Node Type": "Nested Loop",
                                "Parent Relationship": "Outer",
                                "Parallel Aware": false,
                                "Join Type": "Inner",
                                "Startup Cost": 50000000005.11,
                                "Total Cost": 50001167189.28,
                                "Plan Rows": 13,
                                "Plan Width": 64,
                                "Actual Startup Time": 7.379,
                                "Actual Total Time": 3731.911,
                                "Actual Rows": 30094,
                                "Actual Loops": 1,
                                "Output": [
                                    "ci.movie_id",
                                    "ci.person_id",
                                    "mi.info",
                                    "mi.movie_id",
                                    "mi_idx.info",
                                    "mi_idx.movie_id"
                                ],
                                "Inner Unique": false,
                                "Join Filter": "(mi.movie_id = ci.movie_id)",
                                "Rows Removed by Join Filter": 0,
                                "Plans": [
                                    {
                                        "Node Type": "Nested Loop",
                                        "Parent Relationship": "Outer",
                                        "Parallel Aware": false,
                                        "Join Type": "Inner",
                                        "Startup Cost": 40000000002.28,
                                        "Total Cost": 40001167166.46,
                                        "Plan Rows": 3,
                                        "Plan Width": 56,
                                        "Actual Startup Time": 7.255,
                                        "Actual Total Time": 3325.466,
                                        "Actual Rows": 6670,
                                        "Actual Loops": 1,
                                        "Output": [
                                            "mi.info",
                                            "mi.movie_id",
                                            "mi_idx.info",
                                            "mi_idx.movie_id"
                                        ],
                                        "Inner Unique": true,
                                        "Plans": [
                                            {
                                                "Node Type": "Nested Loop",
                                                "Parent Relationship": "Outer",
                                                "Parallel Aware": false,
                                                "Join Type": "Inner",
                                                "Startup Cost": 30000000002.13,
                                                "Total Cost": 30001165879.33,
                                                "Plan Rows": 309,
                                                "Plan Width": 60,
                                                "Actual Startup Time": 7.239,
                                                "Actual Total Time": 3299.149,
                                                "Actual Rows": 6814,
                                                "Actual Loops": 1,
                                                "Output": [
                                                    "mi_idx.info",
                                                    "mi_idx.movie_id",
                                                    "mi.info",
                                                    "mi.movie_id",
                                                    "mi.info_type_id"
                                                ],
                                                "Inner Unique": false,
                                                "Plans": [
                                                    {
                                                        "Node Type": "Nested Loop",
                                                        "Parent Relationship": "Outer",
                                                        "Parallel Aware": false,
                                                        "Join Type": "Inner",
                                                        "Startup Cost": 20000000000.58,
                                                        "Total Cost": 20001151585.74,
                                                        "Plan Rows": 2325,
                                                        "Plan Width": 9,
                                                        "Actual Startup Time": 0.156,
                                                        "Actual Total Time": 1203.561,
                                                        "Actual Rows": 149798,
                                                        "Actual Loops": 1,
                                                        "Output": [
                                                            "mi_idx.info",
                                                            "mi_idx.movie_id"
                                                        ],
                                                        "Inner Unique": true,
                                                        "Plans": [
                                                            {
                                                                "Node Type": "Index Scan",
                                                                "Parent Relationship": "Outer",
                                                                "Parallel Aware": false,
                                                                "Scan Direction": "Forward",
                                                                "Index Name": "movie_id_movie_info_idx",
                                                                "Relation Name": "movie_info_idx",
                                                                "Schema": "public",
                                                                "Alias": "mi_idx",
                                                                "Startup Cost": 10000000000.43,
                                                                "Total Cost": 10000057080.9,
                                                                "Plan Rows": 262763,
                                                                "Plan Width": 13,
                                                                "Actual Startup Time": 0.099,
                                                                "Actual Total Time": 273.332,
                                                                "Actual Rows": 263151,
                                                                "Actual Loops": 1,
                                                                "Output": [
                                                                    "mi_idx.id",
                                                                    "mi_idx.movie_id",
                                                                    "mi_idx.info_type_id",
                                                                    "mi_idx.info",
                                                                    "mi_idx.note"
                                                                ],
                                                                "Filter": "(mi_idx.info > '6.8'::text)",
                                                                "Rows Removed by Filter": 1116884
                                                            },
                                                            {
                                                                "Node Type": "Bitmap Heap Scan",
                                                                "Parent Relationship": "Inner",
                                                                "Parallel Aware": false,
                                                                "Relation Name": "info_type",
                                                                "Schema": "public",
                                                                "Alias": "it2",
                                                                "Startup Cost": 0.15,
                                                                "Total Cost": 4.17,
                                                                "Plan Rows": 1,
                                                                "Plan Width": 4,
                                                                "Actual Startup Time": 0.002,
                                                                "Actual Total Time": 0.002,
                                                                "Actual Rows": 1,
                                                                "Actual Loops": 263151,
                                                                "Output": [
                                                                    "it2.id",
                                                                    "it2.info"
                                                                ],
                                                                "Recheck Cond": "(it2.id = mi_idx.info_type_id)",
                                                                "Rows Removed by Index Recheck": 0,
                                                                "Filter": "((it2.info)::text = 'rating'::text)",
                                                                "Rows Removed by Filter": 0,
                                                                "Exact Heap Blocks": 263151,
                                                                "Lossy Heap Blocks": 0,
                                                                "Plans": [
                                                                    {
                                                                        "Node Type": "Bitmap Index Scan",
                                                                        "Parent Relationship": "Outer",
                                                                        "Parallel Aware": false,
                                                                        "Index Name": "info_type_pkey",
                                                                        "Startup Cost": 0.0,
                                                                        "Total Cost": 0.15,
                                                                        "Plan Rows": 1,
                                                                        "Plan Width": 0,
                                                                        "Actual Startup Time": 0.001,
                                                                        "Actual Total Time": 0.001,
                                                                        "Actual Rows": 1,
                                                                        "Actual Loops": 263151,
                                                                        "Index Cond": "(it2.id = mi_idx.info_type_id)"
                                                                    }
                                                                ]
                                                            }
                                                        ]
                                                    },
                                                    {
                                                        "Node Type": "Bitmap Heap Scan",
                                                        "Parent Relationship": "Inner",
                                                        "Parallel Aware": false,
                                                        "Relation Name": "movie_info",
                                                        "Schema": "public",
                                                        "Alias": "mi",
                                                        "Startup Cost": 1.55,
                                                        "Total Cost": 6.14,
                                                        "Plan Rows": 1,
                                                        "Plan Width": 51,
                                                        "Actual Startup Time": 0.012,
                                                        "Actual Total Time": 0.012,
                                                        "Actual Rows": 0,
                                                        "Actual Loops": 149798,
                                                        "Output": [
                                                            "mi.id",
                                                            "mi.movie_id",
                                                            "mi.info_type_id",
                                                            "mi.info",
                                                            "mi.note"
                                                        ],
                                                        "Recheck Cond": "(mi.movie_id = mi_idx.movie_id)",
                                                        "Rows Removed by Index Recheck": 0,
                                                        "Filter": "((mi.note IS NULL) AND (mi.info = ANY ('{Family,Horror}'::text[])))",
                                                        "Rows Removed by Filter": 17,
                                                        "Exact Heap Blocks": 1124003,
                                                        "Lossy Heap Blocks": 0,
                                                        "Plans": [
                                                            {
                                                                "Node Type": "Bitmap Index Scan",
                                                                "Parent Relationship": "Outer",
                                                                "Parallel Aware": false,
                                                                "Index Name": "movie_id_movie_info",
                                                                "Startup Cost": 0.0,
                                                                "Total Cost": 1.55,
                                                                "Plan Rows": 39,
                                                                "Plan Width": 0,
                                                                "Actual Startup Time": 0.004,
                                                                "Actual Total Time": 0.004,
                                                                "Actual Rows": 17,
                                                                "Actual Loops": 149798,
                                                                "Index Cond": "(mi.movie_id = mi_idx.movie_id)"
                                                            }
                                                        ]
                                                    }
                                                ]
                                            },
                                            {
                                                "Node Type": "Bitmap Heap Scan",
                                                "Parent Relationship": "Inner",
                                                "Parallel Aware": false,
                                                "Relation Name": "info_type",
                                                "Schema": "public",
                                                "Alias": "it1",
                                                "Startup Cost": 0.15,
                                                "Total Cost": 4.17,
                                                "Plan Rows": 1,
                                                "Plan Width": 4,
                                                "Actual Startup Time": 0.002,
                                                "Actual Total Time": 0.002,
                                                "Actual Rows": 1,
                                                "Actual Loops": 6814,
                                                "Output": [
                                                    "it1.id",
                                                    "it1.info"
                                                ],
                                                "Recheck Cond": "(it1.id = mi.info_type_id)",
                                                "Rows Removed by Index Recheck": 0,
                                                "Filter": "((it1.info)::text = 'genres'::text)",
                                                "Rows Removed by Filter": 0,
                                                "Exact Heap Blocks": 6814,
                                                "Lossy Heap Blocks": 0,
                                                "Plans": [
                                                    {
                                                        "Node Type": "Bitmap Index Scan",
                                                        "Parent Relationship": "Outer",
                                                        "Parallel Aware": false,
                                                        "Index Name": "info_type_pkey",
                                                        "Startup Cost": 0.0,
                                                        "Total Cost": 0.15,
                                                        "Plan Rows": 1,
                                                        "Plan Width": 0,
                                                        "Actual Startup Time": 0.001,
                                                        "Actual Total Time": 0.001,
                                                        "Actual Rows": 1,
                                                        "Actual Loops": 6814,
                                                        "Index Cond": "(it1.id = mi.info_type_id)"
                                                    }
                                                ]
                                            }
                                        ]
                                    },
                                    {
                                        "Node Type": "Bitmap Heap Scan",
                                        "Parent Relationship": "Inner",
                                        "Parallel Aware": false,
                                        "Relation Name": "cast_info",
                                        "Schema": "public",
                                        "Alias": "ci",
                                        "Startup Cost": 2.83,
                                        "Total Cost": 7.54,
                                        "Plan Rows": 5,
                                        "Plan Width": 8,
                                        "Actual Startup Time": 0.031,
                                        "Actual Total Time": 0.059,
                                        "Actual Rows": 5,
                                        "Actual Loops": 6670,
                                        "Output": [
                                            "ci.id",
                                            "ci.person_id",
                                            "ci.movie_id",
                                            "ci.person_role_id",
                                            "ci.note",
                                            "ci.nr_order",
                                            "ci.role_id"
                                        ],
                                        "Recheck Cond": "(ci.movie_id = mi_idx.movie_id)",
                                        "Rows Removed by Index Recheck": 0,
                                        "Filter": "(ci.note = ANY ('{(producer),(writer),\"(executive producer)\",(uncredited),(voice)}'::text[]))",
                                        "Rows Removed by Filter": 19,
                                        "Exact Heap Blocks": 145683,
                                        "Lossy Heap Blocks": 0,
                                        "Plans": [
                                            {
                                                "Node Type": "Bitmap Index Scan",
                                                "Parent Relationship": "Outer",
                                                "Parallel Aware": false,
                                                "Index Name": "movie_id_cast_info",
                                                "Startup Cost": 0.0,
                                                "Total Cost": 2.83,
                                                "Plan Rows": 38,
                                                "Plan Width": 0,
                                                "Actual Startup Time": 0.011,
                                                "Actual Total Time": 0.011,
                                                "Actual Rows": 23,
                                                "Actual Loops": 6670,
                                                "Index Cond": "(ci.movie_id = mi_idx.movie_id)"
                                            }
                                        ]
                                    }
                                ]
                            },
                            {
                                "Node Type": "Bitmap Heap Scan",
                                "Parent Relationship": "Inner",
                                "Parallel Aware": false,
                                "Relation Name": "name",
                                "Schema": "public",
                                "Alias": "n",
                                "Startup Cost": 0.45,
                                "Total Cost": 4.47,
                                "Plan Rows": 1,
                                "Plan Width": 4,
                                "Actual Startup Time": 0.007,
                                "Actual Total Time": 0.007,
                                "Actual Rows": 0,
                                "Actual Loops": 30094,
                                "Output": [
                                    "n.id",
                                    "n.name",
                                    "n.imdb_index",
                                    "n.imdb_id",
                                    "n.gender",
                                    "n.name_pcode_cf",
                                    "n.name_pcode_nf",
                                    "n.surname_pcode",
                                    "n.md5sum"
                                ],
                                "Recheck Cond": "(n.id = ci.person_id)",
                                "Rows Removed by Index Recheck": 0,
                                "Filter": "((n.gender IS NOT NULL) AND ((n.gender)::text = 'f'::text))",
                                "Rows Removed by Filter": 1,
                                "Exact Heap Blocks": 30094,
                                "Lossy Heap Blocks": 0,
                                "Plans": [
                                    {
                                        "Node Type": "Bitmap Index Scan",
                                        "Parent Relationship": "Outer",
                                        "Parallel Aware": false,
                                        "Index Name": "name_pkey",
                                        "Startup Cost": 0.0,
                                        "Total Cost": 0.45,
                                        "Plan Rows": 1,
                                        "Plan Width": 0,
                                        "Actual Startup Time": 0.004,
                                        "Actual Total Time": 0.004,
                                        "Actual Rows": 1,
                                        "Actual Loops": 30094,
                                        "Index Cond": "(n.id = ci.person_id)"
                                    }
                                ]
                            }
                        ]
                    },
                    {
                        "Node Type": "Bitmap Heap Scan",
                        "Parent Relationship": "Inner",
                        "Parallel Aware": false,
                        "Relation Name": "title",
                        "Schema": "public",
                        "Alias": "t",
                        "Startup Cost": 0.45,
                        "Total Cost": 4.46,
                        "Plan Rows": 1,
                        "Plan Width": 21,
                        "Actual Startup Time": 0.005,
                        "Actual Total Time": 0.005,
                        "Actual Rows": 0,
                        "Actual Loops": 5820,
                        "Output": [
                            "t.id",
                            "t.title",
                            "t.imdb_index",
                            "t.kind_id",
                            "t.production_year",
                            "t.imdb_id",
                            "t.phonetic_code",
                            "t.episode_of_id",
                            "t.season_nr",
                            "t.episode_nr",
                            "t.series_years",
                            "t.md5sum"
                        ],
                        "Recheck Cond": "(t.id = ci.movie_id)",
                        "Rows Removed by Index Recheck": 0,
                        "Filter": "((t.production_year >= 2000) AND (t.production_year <= 2011))",
                        "Rows Removed by Filter": 1,
                        "Exact Heap Blocks": 5820,
                        "Lossy Heap Blocks": 0,
                        "Plans": [
                            {
                                "Node Type": "Bitmap Index Scan",
                                "Parent Relationship": "Outer",
                                "Parallel Aware": false,
                                "Index Name": "title_pkey",
                                "Startup Cost": 0.0,
                                "Total Cost": 0.45,
                                "Plan Rows": 1,
                                "Plan Width": 0,
                                "Actual Startup Time": 0.003,
                                "Actual Total Time": 0.003,
                                "Actual Rows": 1,
                                "Actual Loops": 5820,
                                "Index Cond": "(t.id = ci.movie_id)"
                            }
                        ]
                    }
                ]
            }
        ]
    },
    "Planning Time": 9.634,
    "Triggers": [],
    "Execution Time": 4022.16
}