[
    {
        "Bao": {
            "Bao prediction": 672.848,
            "Bao recommended hint": "(no hint)"
        }
    },
    {
        "Plan": {
            "Node Type": "Aggregate",
            "Strategy": "Plain",
            "Partial Mode": "Finalize",
            "Parallel Aware": false,
            "Startup Cost": 42933.46,
            "Total Cost": 42933.47,
            "Plan Rows": 1,
            "Plan Width": 8,
            "Actual Startup Time": 159.363,
            "Actual Total Time": 167.7,
            "Actual Rows": 1,
            "Actual Loops": 1,
            "Output": [
                "count(*)"
            ],
            "Plans": [
                {
                    "Node Type": "Gather",
                    "Parent Relationship": "Outer",
                    "Parallel Aware": false,
                    "Startup Cost": 42933.14,
                    "Total Cost": 42933.45,
                    "Plan Rows": 3,
                    "Plan Width": 8,
                    "Actual Startup Time": 159.091,
                    "Actual Total Time": 167.692,
                    "Actual Rows": 4,
                    "Actual Loops": 1,
                    "Output": [
                        "(PARTIAL count(*))"
                    ],
                    "Workers Planned": 3,
                    "Workers Launched": 3,
                    "Single Copy": false,
                    "Plans": [
                        {
                            "Node Type": "Aggregate",
                            "Strategy": "Plain",
                            "Partial Mode": "Partial",
                            "Parent Relationship": "Outer",
                            "Parallel Aware": false,
                            "Startup Cost": 41933.14,
                            "Total Cost": 41933.15,
                            "Plan Rows": 1,
                            "Plan Width": 8,
                            "Actual Startup Time": 150.879,
                            "Actual Total Time": 150.88,
                            "Actual Rows": 1,
                            "Actual Loops": 4,
                            "Output": [
                                "PARTIAL count(*)"
                            ],
                            "Workers": [
                                {
                                    "Worker Number": 0,
                                    "Actual Startup Time": 148.194,
                                    "Actual Total Time": 148.196,
                                    "Actual Rows": 1,
                                    "Actual Loops": 1
                                },
                                {
                                    "Worker Number": 1,
                                    "Actual Startup Time": 148.267,
                                    "Actual Total Time": 148.268,
                                    "Actual Rows": 1,
                                    "Actual Loops": 1
                                },
                                {
                                    "Worker Number": 2,
                                    "Actual Startup Time": 148.529,
                                    "Actual Total Time": 148.53,
                                    "Actual Rows": 1,
                                    "Actual Loops": 1
                                }
                            ],
                            "Plans": [
                                {
                                    "Node Type": "Bitmap Heap Scan",
                                    "Parent Relationship": "Outer",
                                    "Parallel Aware": true,
                                    "Relation Name": "movie_keyword",
                                    "Schema": "public",
                                    "Alias": "mk",
                                    "Startup Cost": 14232.49,
                                    "Total Cost": 41392.03,
                                    "Plan Rows": 216444,
                                    "Plan Width": 0,
                                    "Actual Startup Time": 55.233,
                                    "Actual Total Time": 140.282,
                                    "Actual Rows": 168458,
                                    "Actual Loops": 4,
                                    "Recheck Cond": "(mk.keyword_id < 542)",
                                    "Rows Removed by Index Recheck": 0,
                                    "Exact Heap Blocks": 11475,
                                    "Lossy Heap Blocks": 0,
                                    "Workers": [
                                        {
                                            "Worker Number": 0,
                                            "Actual Startup Time": 52.768,
                                            "Actual Total Time": 138.011,
                                            "Actual Rows": 122927,
                                            "Actual Loops": 1
                                        },
                                        {
                                            "Worker Number": 1,
                                            "Actual Startup Time": 52.757,
                                            "Actual Total Time": 138.134,
                                            "Actual Rows": 120173,
                                            "Actual Loops": 1
                                        },
                                        {
                                            "Worker Number": 2,
                                            "Actual Startup Time": 52.895,
                                            "Actual Total Time": 138.998,
                                            "Actual Rows": 116026,
                                            "Actual Loops": 1
                                        }
                                    ],
                                    "Plans": [
                                        {
                                            "Node Type": "Bitmap Index Scan",
                                            "Parent Relationship": "Outer",
                                            "Parallel Aware": false,
                                            "Index Name": "keyword_id_movie_keyword",
                                            "Startup Cost": 0.0,
                                            "Total Cost": 14064.75,
                                            "Plan Rows": 670975,
                                            "Plan Width": 0,
                                            "Actual Startup Time": 59.044,
                                            "Actual Total Time": 59.044,
                                            "Actual Rows": 673833,
                                            "Actual Loops": 1,
                                            "Index Cond": "(mk.keyword_id < 542)"
                                        }
                                    ]
                                }
                            ]
                        }
                    ]
                }
            ]
        },
        "Planning Time": 319.578,
        "Triggers": [],
        "Execution Time": 167.796
    }
]