[
    {
        "Bao": {
            "Bao prediction": 437.751,
            "Bao recommended hint": "(no hint)"
        }
    },
    {
        "Plan": {
            "Node Type": "Aggregate",
            "Strategy": "Plain",
            "Partial Mode": "Finalize",
            "Parallel Aware": false,
            "Startup Cost": 46647.53,
            "Total Cost": 46647.54,
            "Plan Rows": 1,
            "Plan Width": 8,
            "Actual Startup Time": 91.188,
            "Actual Total Time": 99.323,
            "Actual Rows": 1,
            "Actual Loops": 1,
            "Output": [
                "count(*)"
            ],
            "Plans": [
                {
                    "Node Type": "Gather",
                    "Parent Relationship": "Outer",
                    "Parallel Aware": false,
                    "Startup Cost": 46647.11,
                    "Total Cost": 46647.52,
                    "Plan Rows": 4,
                    "Plan Width": 8,
                    "Actual Startup Time": 91.09,
                    "Actual Total Time": 99.316,
                    "Actual Rows": 5,
                    "Actual Loops": 1,
                    "Output": [
                        "(PARTIAL count(*))"
                    ],
                    "Workers Planned": 4,
                    "Workers Launched": 4,
                    "Single Copy": false,
                    "Plans": [
                        {
                            "Node Type": "Aggregate",
                            "Strategy": "Plain",
                            "Partial Mode": "Partial",
                            "Parent Relationship": "Outer",
                            "Parallel Aware": false,
                            "Startup Cost": 45647.11,
                            "Total Cost": 45647.12,
                            "Plan Rows": 1,
                            "Plan Width": 8,
                            "Actual Startup Time": 82.686,
                            "Actual Total Time": 82.687,
                            "Actual Rows": 1,
                            "Actual Loops": 5,
                            "Output": [
                                "PARTIAL count(*)"
                            ],
                            "Workers": [
                                {
                                    "Worker Number": 0,
                                    "Actual Startup Time": 80.489,
                                    "Actual Total Time": 80.49,
                                    "Actual Rows": 1,
                                    "Actual Loops": 1
                                },
                                {
                                    "Worker Number": 1,
                                    "Actual Startup Time": 80.273,
                                    "Actual Total Time": 80.274,
                                    "Actual Rows": 1,
                                    "Actual Loops": 1
                                },
                                {
                                    "Worker Number": 2,
                                    "Actual Startup Time": 81.041,
                                    "Actual Total Time": 81.042,
                                    "Actual Rows": 1,
                                    "Actual Loops": 1
                                },
                                {
                                    "Worker Number": 3,
                                    "Actual Startup Time": 81.18,
                                    "Actual Total Time": 81.18,
                                    "Actual Rows": 1,
                                    "Actual Loops": 1
                                }
                            ],
                            "Plans": [
                                {
                                    "Node Type": "Seq Scan",
                                    "Parent Relationship": "Outer",
                                    "Parallel Aware": true,
                                    "Relation Name": "title",
                                    "Schema": "public",
                                    "Alias": "t",
                                    "Startup Cost": 0.0,
                                    "Total Cost": 45479.21,
                                    "Plan Rows": 67162,
                                    "Plan Width": 0,
                                    "Actual Startup Time": 42.971,
                                    "Actual Total Time": 80.589,
                                    "Actual Rows": 43256,
                                    "Actual Loops": 5,
                                    "Output": [
                                        "id",
                                        "title",
                                        "imdb_index",
                                        "kind_id",
                                        "production_year",
                                        "imdb_id",
                                        "phonetic_code",
                                        "episode_of_id",
                                        "season_nr",
                                        "episode_nr",
                                        "series_years",
                                        "md5sum"
                                    ],
                                    "Filter": "((t.kind_id < 2) AND (t.production_year > 2005))",
                                    "Rows Removed by Filter": 462406,
                                    "Workers": [
                                        {
                                            "Worker Number": 0,
                                            "Actual Startup Time": 49.772,
                                            "Actual Total Time": 78.493,
                                            "Actual Rows": 39641,
                                            "Actual Loops": 1
                                        },
                                        {
                                            "Worker Number": 1,
                                            "Actual Startup Time": 49.694,
                                            "Actual Total Time": 78.444,
                                            "Actual Rows": 37655,
                                            "Actual Loops": 1
                                        },
                                        {
                                            "Worker Number": 2,
                                            "Actual Startup Time": 4.922,
                                            "Actual Total Time": 79.045,
                                            "Actual Rows": 39494,
                                            "Actual Loops": 1
                                        },
                                        {
                                            "Worker Number": 3,
                                            "Actual Startup Time": 50.627,
                                            "Actual Total Time": 79.178,
                                            "Actual Rows": 39397,
                                            "Actual Loops": 1
                                        }
                                    ]
                                }
                            ]
                        }
                    ]
                }
            ]
        },
        "Planning Time": 608.379,
        "Triggers": [],
        "Execution Time": 99.406
    }
]