{
  "Plan": {
    "Node Type": "Aggregate",
    "Strategy": "Plain",
    "Partial Mode": "Finalize",
    "Parallel Aware": false,
    "Startup Cost": 108996.28,
    "Total Cost": 108996.29,
    "Plan Rows": 1,
    "Plan Width": 8,
    "Actual Startup Time": 795.621,
    "Actual Total Time": 810.645,
    "Actual Rows": 1,
    "Actual Loops": 1,
    "Plans": [
      {
        "Node Type": "Gather",
        "Parent Relationship": "Outer",
        "Parallel Aware": false,
        "Startup Cost": 108996.17,
        "Total Cost": 108996.28,
        "Plan Rows": 1,
        "Plan Width": 8,
        "Actual Startup Time": 793.246,
        "Actual Total Time": 810.637,
        "Actual Rows": 2,
        "Actual Loops": 1,
        "Workers Planned": 1,
        "Workers Launched": 1,
        "Single Copy": false,
        "Plans": [
          {
            "Node Type": "Aggregate",
            "Strategy": "Plain",
            "Partial Mode": "Partial",
            "Parent Relationship": "Outer",
            "Parallel Aware": false,
            "Startup Cost": 107996.17,
            "Total Cost": 107996.18,
            "Plan Rows": 1,
            "Plan Width": 8,
            "Actual Startup Time": 782.403,
            "Actual Total Time": 782.406,
            "Actual Rows": 1,
            "Actual Loops": 2,
            "Plans": [
              {
                "Node Type": "Hash Join",
                "Parent Relationship": "Outer",
                "Parallel Aware": true,
                "Join Type": "Inner",
                "Startup Cost": 43874.42,
                "Total Cost": 106816.24,
                "Plan Rows": 471972,
                "Plan Width": 0,
                "Actual Startup Time": 240.343,
                "Actual Total Time": 761.824,
                "Actual Rows": 408438,
                "Actual Loops": 2,
                "Inner Unique": false,
                "Hash Cond": "(t.id = mc.movie_id)",
                "Plans": [
                  {
                    "Node Type": "Seq Scan",
                    "Parent Relationship": "Outer",
                    "Parallel Aware": true,
                    "Relation Name": "title",
                    "Alias": "t",
                    "Startup Cost": 0.0,
                    "Total Cost": 50870.31,
                    "Plan Rows": 1487231,
                    "Plan Width": 4,
                    "Actual Startup Time": 0.009,
                    "Actual Total Time": 134.068,
                    "Actual Rows": 1264156,
                    "Actual Loops": 2
                  },
                  {
                    "Node Type": "Hash",
                    "Parent Relationship": "Inner",
                    "Parallel Aware": true,
                    "Startup Cost": 37974.77,
                    "Total Cost": 37974.77,
                    "Plan Rows": 471972,
                    "Plan Width": 4,
                    "Actual Startup Time": 235.47,
                    "Actual Total Time": 235.471,
                    "Actual Rows": 408438,
                    "Actual Loops": 2,
                    "Hash Buckets": 1048576,
                    "Original Hash Buckets": 1048576,
                    "Hash Batches": 1,
                    "Original Hash Batches": 1,
                    "Peak Memory Usage": 40192,
                    "Plans": [
                      {
                        "Node Type": "Seq Scan",
                        "Parent Relationship": "Outer",
                        "Parallel Aware": true,
                        "Relation Name": "movie_companies",
                        "Alias": "mc",
                        "Startup Cost": 0.0,
                        "Total Cost": 37974.77,
                        "Plan Rows": 471972,
                        "Plan Width": 4,
                        "Actual Startup Time": 24.526,
                        "Actual Total Time": 136.247,
                        "Actual Rows": 408438,
                        "Actual Loops": 2,
                        "Filter": "(company_id > 28437)",
                        "Rows Removed by Filter": 896126
                      }
                    ]
                  }
                ]
              }
            ]
          }
        ]
      }
    ]
  },
  "Planning Time": 0.305,
  "Triggers": [],
  "Execution Time": 810.682
}