{
  "Plan": {
    "Node Type": "Aggregate",
    "Strategy": "Plain",
    "Partial Mode": "Finalize",
    "Parallel Aware": false,
    "Startup Cost": 1545952.97,
    "Total Cost": 1545952.98,
    "Plan Rows": 1,
    "Plan Width": 8,
    "Actual Startup Time": 10771.169,
    "Actual Total Time": 10830.097,
    "Actual Rows": 1,
    "Actual Loops": 1,
    "Plans": [
      {
        "Node Type": "Gather",
        "Parent Relationship": "Outer",
        "Parallel Aware": false,
        "Startup Cost": 1545952.86,
        "Total Cost": 1545952.97,
        "Plan Rows": 1,
        "Plan Width": 8,
        "Actual Startup Time": 10770.693,
        "Actual Total Time": 10830.086,
        "Actual Rows": 2,
        "Actual Loops": 1,
        "Workers Planned": 1,
        "Workers Launched": 1,
        "Single Copy": false,
        "Plans": [
          {
            "Node Type": "Aggregate",
            "Strategy": "Plain",
            "Partial Mode": "Partial",
            "Parent Relationship": "Outer",
            "Parallel Aware": false,
            "Startup Cost": 1544952.86,
            "Total Cost": 1544952.87,
            "Plan Rows": 1,
            "Plan Width": 8,
            "Actual Startup Time": 10764.887,
            "Actual Total Time": 10764.889,
            "Actual Rows": 1,
            "Actual Loops": 2,
            "Plans": [
              {
                "Node Type": "Merge Join",
                "Parent Relationship": "Outer",
                "Parallel Aware": false,
                "Join Type": "Inner",
                "Startup Cost": 21.42,
                "Total Cost": 1521510.86,
                "Plan Rows": 9376802,
                "Plan Width": 0,
                "Actual Startup Time": 7.17,
                "Actual Total Time": 10267.45,
                "Actual Rows": 11359797,
                "Actual Loops": 2,
                "Inner Unique": false,
                "Merge Cond": "(t.id = mi.movie_id)",
                "Plans": [
                  {
                    "Node Type": "Merge Join",
                    "Parent Relationship": "Outer",
                    "Parallel Aware": false,
                    "Join Type": "Inner",
                    "Startup Cost": 14.76,
                    "Total Cost": 307912.44,
                    "Plan Rows": 1603615,
                    "Plan Width": 8,
                    "Actual Startup Time": 5.054,
                    "Actual Total Time": 2031.292,
                    "Actual Rows": 743251,
                    "Actual Loops": 2,
                    "Inner Unique": true,
                    "Merge Cond": "(mk.movie_id = t.id)",
                    "Plans": [
                      {
                        "Node Type": "Index Only Scan",
                        "Parent Relationship": "Outer",
                        "Parallel Aware": true,
                        "Scan Direction": "Forward",
                        "Index Name": "movie_id_movie_keyword",
                        "Relation Name": "movie_keyword",
                        "Alias": "mk",
                        "Startup Cost": 0.43,
                        "Total Cost": 158560.11,
                        "Plan Rows": 2661135,
                        "Plan Width": 4,
                        "Actual Startup Time": 0.109,
                        "Actual Total Time": 426.066,
                        "Actual Rows": 2261965,
                        "Actual Loops": 2,
                        "Heap Fetches": 4523930
                      },
                      {
                        "Node Type": "Index Scan",
                        "Parent Relationship": "Inner",
                        "Parallel Aware": false,
                        "Scan Direction": "Forward",
                        "Index Name": "title_pkey",
                        "Relation Name": "title",
                        "Alias": "t",
                        "Startup Cost": 0.43,
                        "Total Cost": 122981.43,
                        "Plan Rows": 1523563,
                        "Plan Width": 4,
                        "Actual Startup Time": 0.102,
                        "Actual Total Time": 1360.786,
                        "Actual Rows": 1506992,
                        "Actual Loops": 2,
                        "Filter": "((kind_id > 1) AND (production_year < 2011))",
                        "Rows Removed by Filter": 1018766
                      }
                    ]
                  },
                  {
                    "Node Type": "Index Only Scan",
                    "Parent Relationship": "Inner",
                    "Parallel Aware": false,
                    "Scan Direction": "Forward",
                    "Index Name": "movie_id_movie_info",
                    "Relation Name": "movie_info",
                    "Alias": "mi",
                    "Startup Cost": 0.43,
                    "Total Cost": 1079097.33,
                    "Plan Rows": 14783665,
                    "Plan Width": 4,
                    "Actual Startup Time": 0.102,
                    "Actual Total Time": 6486.086,
                    "Actual Rows": 25142753,
                    "Actual Loops": 2,
                    "Heap Fetches": 50285506
                  }
                ]
              }
            ]
          }
        ]
      }
    ]
  },
  "Planning Time": 1.105,
  "Triggers": [],
  "Execution Time": 10830.197
}