[
  {
    "Plan": {
      "Node Type": "Aggregate",
      "Strategy": "Plain",
      "Partial Mode": "Finalize",
      "Parallel Aware": false,
      "Startup Cost": 37341.47,
      "Total Cost": 37341.48,
      "Plan Rows": 1,
      "Plan Width": 8,
      "Actual Startup Time": 109.404,
      "Actual Total Time": 114.721,
      "Actual Rows": 1,
      "Actual Loops": 1,
      "Plans": [
        {
          "Node Type": "Gather",
          "Parent Relationship": "Outer",
          "Parallel Aware": false,
          "Startup Cost": 37341.15,
          "Total Cost": 37341.46,
          "Plan Rows": 3,
          "Plan Width": 8,
          "Actual Startup Time": 109.215,
          "Actual Total Time": 114.713,
          "Actual Rows": 4,
          "Actual Loops": 1,
          "Workers Planned": 3,
          "Workers Launched": 3,
          "Single Copy": false,
          "Plans": [
            {
              "Node Type": "Aggregate",
              "Strategy": "Plain",
              "Partial Mode": "Partial",
              "Parent Relationship": "Outer",
              "Parallel Aware": false,
              "Startup Cost": 36341.15,
              "Total Cost": 36341.16,
              "Plan Rows": 1,
              "Plan Width": 8,
              "Actual Startup Time": 101.032,
              "Actual Total Time": 101.033,
              "Actual Rows": 1,
              "Actual Loops": 4,
              "Plans": [
                {
                  "Node Type": "Bitmap Heap Scan",
                  "Parent Relationship": "Outer",
                  "Parallel Aware": true,
                  "Relation Name": "movie_keyword",
                  "Alias": "mk",
                  "Startup Cost": 9679.83,
                  "Total Cost": 35973.26,
                  "Plan Rows": 147155,
                  "Plan Width": 0,
                  "Actual Startup Time": 27.091,
                  "Actual Total Time": 94.61,
                  "Actual Rows": 113021,
                  "Actual Loops": 4,
                  "Recheck Cond": "(keyword_id > 39174)",
                  "Rows Removed by Index Recheck": 0,
                  "Exact Heap Blocks": 10027,
                  "Lossy Heap Blocks": 0,
                  "Plans": [
                    {
                      "Node Type": "Bitmap Index Scan",
                      "Parent Relationship": "Outer",
                      "Parallel Aware": false,
                      "Index Name": "keyword_id_movie_keyword",
                      "Startup Cost": 0.0,
                      "Total Cost": 9565.78,
                      "Plan Rows": 456180,
                      "Plan Width": 0,
                      "Actual Startup Time": 31.278,
                      "Actual Total Time": 31.278,
                      "Actual Rows": 452085,
                      "Actual Loops": 1,
                      "Index Cond": "(keyword_id > 39174)"
                    }
                  ]
                }
              ]
            }
          ]
        }
      ]
    },
    "Planning Time": 0.079,
    "Triggers": [],
    "Execution Time": 114.771
  }
]