[
  {
    "Plan": {
      "Node Type": "Aggregate",
      "Strategy": "Plain",
      "Partial Mode": "Finalize",
      "Parallel Aware": false,
      "Startup Cost": 37513.79,
      "Total Cost": 37513.8,
      "Plan Rows": 1,
      "Plan Width": 8,
      "Actual Startup Time": 141.948,
      "Actual Total Time": 150.001,
      "Actual Rows": 1,
      "Actual Loops": 1,
      "Plans": [
        {
          "Node Type": "Gather",
          "Parent Relationship": "Outer",
          "Parallel Aware": false,
          "Startup Cost": 37513.47,
          "Total Cost": 37513.78,
          "Plan Rows": 3,
          "Plan Width": 8,
          "Actual Startup Time": 141.631,
          "Actual Total Time": 149.992,
          "Actual Rows": 4,
          "Actual Loops": 1,
          "Workers Planned": 3,
          "Workers Launched": 3,
          "Single Copy": false,
          "Plans": [
            {
              "Node Type": "Aggregate",
              "Strategy": "Plain",
              "Partial Mode": "Partial",
              "Parent Relationship": "Outer",
              "Parallel Aware": false,
              "Startup Cost": 36513.47,
              "Total Cost": 36513.48,
              "Plan Rows": 1,
              "Plan Width": 8,
              "Actual Startup Time": 135.081,
              "Actual Total Time": 135.083,
              "Actual Rows": 1,
              "Actual Loops": 4,
              "Plans": [
                {
                  "Node Type": "Bitmap Heap Scan",
                  "Parent Relationship": "Outer",
                  "Parallel Aware": true,
                  "Relation Name": "movie_keyword",
                  "Alias": "mk",
                  "Startup Cost": 9819.74,
                  "Total Cost": 36140.18,
                  "Plan Rows": 149315,
                  "Plan Width": 0,
                  "Actual Startup Time": 50.68,
                  "Actual Total Time": 127.159,
                  "Actual Rows": 113021,
                  "Actual Loops": 4,
                  "Recheck Cond": "(keyword_id > 39174)",
                  "Rows Removed by Index Recheck": 0,
                  "Exact Heap Blocks": 8278,
                  "Lossy Heap Blocks": 0,
                  "Plans": [
                    {
                      "Node Type": "Bitmap Index Scan",
                      "Parent Relationship": "Outer",
                      "Parallel Aware": false,
                      "Index Name": "keyword_id_movie_keyword",
                      "Startup Cost": 0.0,
                      "Total Cost": 9704.02,
                      "Plan Rows": 462878,
                      "Plan Width": 0,
                      "Actual Startup Time": 50.967,
                      "Actual Total Time": 50.968,
                      "Actual Rows": 452085,
                      "Actual Loops": 1,
                      "Index Cond": "(keyword_id > 39174)"
                    }
                  ]
                }
              ]
            }
          ]
        }
      ]
    },
    "Planning Time": 0.167,
    "Triggers": [],
    "Execution Time": 150.066
  }
]