{
  "Plan": {
    "Node Type": "Aggregate",
    "Strategy": "Plain",
    "Partial Mode": "Finalize",
    "Parallel Aware": false,
    "Startup Cost": 237372.95,
    "Total Cost": 237372.96,
    "Plan Rows": 1,
    "Plan Width": 8,
    "Actual Startup Time": 689.593,
    "Actual Total Time": 709.153,
    "Actual Rows": 1,
    "Actual Loops": 1,
    "Plans": [
      {
        "Node Type": "Gather",
        "Parent Relationship": "Outer",
        "Parallel Aware": false,
        "Startup Cost": 237372.83,
        "Total Cost": 237372.94,
        "Plan Rows": 1,
        "Plan Width": 8,
        "Actual Startup Time": 682.545,
        "Actual Total Time": 709.145,
        "Actual Rows": 2,
        "Actual Loops": 1,
        "Workers Planned": 1,
        "Workers Launched": 1,
        "Single Copy": false,
        "Plans": [
          {
            "Node Type": "Aggregate",
            "Strategy": "Plain",
            "Partial Mode": "Partial",
            "Parent Relationship": "Outer",
            "Parallel Aware": false,
            "Startup Cost": 236372.83,
            "Total Cost": 236372.84,
            "Plan Rows": 1,
            "Plan Width": 8,
            "Actual Startup Time": 671.263,
            "Actual Total Time": 671.267,
            "Actual Rows": 1,
            "Actual Loops": 2,
            "Plans": [
              {
                "Node Type": "Hash Join",
                "Parent Relationship": "Outer",
                "Parallel Aware": true,
                "Join Type": "Inner",
                "Startup Cost": 71982.12,
                "Total Cost": 236168.47,
                "Plan Rows": 81745,
                "Plan Width": 0,
                "Actual Startup Time": 617.544,
                "Actual Total Time": 668.04,
                "Actual Rows": 60932,
                "Actual Loops": 2,
                "Inner Unique": true,
                "Hash Cond": "(mi.movie_id = t.id)",
                "Plans": [
                  {
                    "Node Type": "Bitmap Heap Scan",
                    "Parent Relationship": "Outer",
                    "Parallel Aware": true,
                    "Relation Name": "movie_info",
                    "Alias": "mi",
                    "Startup Cost": 2521.42,
                    "Total Cost": 166493.19,
                    "Plan Rows": 81745,
                    "Plan Width": 4,
                    "Actual Startup Time": 4.667,
                    "Actual Total Time": 19.31,
                    "Actual Rows": 60932,
                    "Actual Loops": 2,
                    "Recheck Cond": "(info_type_id = 105)",
                    "Rows Removed by Index Recheck": 0,
                    "Exact Heap Blocks": 3135,
                    "Lossy Heap Blocks": 0,
                    "Plans": [
                      {
                        "Node Type": "Bitmap Index Scan",
                        "Parent Relationship": "Outer",
                        "Parallel Aware": false,
                        "Index Name": "info_type_id_movie_info",
                        "Startup Cost": 0.0,
                        "Total Cost": 2486.68,
                        "Plan Rows": 138966,
                        "Plan Width": 0,
                        "Actual Startup Time": 3.969,
                        "Actual Total Time": 3.969,
                        "Actual Rows": 121863,
                        "Actual Loops": 1,
                        "Index Cond": "(info_type_id = 105)"
                      }
                    ]
                  },
                  {
                    "Node Type": "Hash",
                    "Parent Relationship": "Inner",
                    "Parallel Aware": true,
                    "Startup Cost": 50870.31,
                    "Total Cost": 50870.31,
                    "Plan Rows": 1487231,
                    "Plan Width": 4,
                    "Actual Startup Time": 591.464,
                    "Actual Total Time": 591.465,
                    "Actual Rows": 1264156,
                    "Actual Loops": 2,
                    "Hash Buckets": 4194304,
                    "Original Hash Buckets": 4194304,
                    "Hash Batches": 1,
                    "Original Hash Batches": 1,
                    "Peak Memory Usage": 131712,
                    "Plans": [
                      {
                        "Node Type": "Seq Scan",
                        "Parent Relationship": "Outer",
                        "Parallel Aware": true,
                        "Relation Name": "title",
                        "Alias": "t",
                        "Startup Cost": 0.0,
                        "Total Cost": 50870.31,
                        "Plan Rows": 1487231,
                        "Plan Width": 4,
                        "Actual Startup Time": 0.024,
                        "Actual Total Time": 181.924,
                        "Actual Rows": 1264156,
                        "Actual Loops": 2
                      }
                    ]
                  }
                ]
              }
            ]
          }
        ]
      }
    ]
  },
  "Planning Time": 0.661,
  "Triggers": [],
  "Execution Time": 709.238
}