{
    "Plan": {
        "Node Type": "Aggregate",
        "Strategy": "Plain",
        "Partial Mode": "Finalize",
        "Parallel Aware": false,
        "Startup Cost": 247827.8,
        "Total Cost": 247827.81,
        "Plan Rows": 1,
        "Plan Width": 8,
        "Actual Startup Time": 596.258,
        "Actual Total Time": 636.993,
        "Actual Rows": 1,
        "Actual Loops": 1,
        "Output": [
            "count(*)"
        ],
        "Plans": [
            {
                "Node Type": "Gather",
                "Parent Relationship": "Outer",
                "Parallel Aware": false,
                "Startup Cost": 247827.28,
                "Total Cost": 247827.79,
                "Plan Rows": 5,
                "Plan Width": 8,
                "Actual Startup Time": 592.443,
                "Actual Total Time": 636.98,
                "Actual Rows": 6,
                "Actual Loops": 1,
                "Output": [
                    "(PARTIAL count(*))"
                ],
                "Workers Planned": 5,
                "Workers Launched": 5,
                "Single Copy": false,
                "Plans": [
                    {
                        "Node Type": "Aggregate",
                        "Strategy": "Plain",
                        "Partial Mode": "Partial",
                        "Parent Relationship": "Outer",
                        "Parallel Aware": false,
                        "Startup Cost": 246827.28,
                        "Total Cost": 246827.29,
                        "Plan Rows": 1,
                        "Plan Width": 8,
                        "Actual Startup Time": 582.174,
                        "Actual Total Time": 582.177,
                        "Actual Rows": 1,
                        "Actual Loops": 6,
                        "Output": [
                            "PARTIAL count(*)"
                        ],
                        "Workers": [
                            {
                                "Worker Number": 0,
                                "Actual Startup Time": 580.11,
                                "Actual Total Time": 580.112,
                                "Actual Rows": 1,
                                "Actual Loops": 1
                            },
                            {
                                "Worker Number": 1,
                                "Actual Startup Time": 580.127,
                                "Actual Total Time": 580.129,
                                "Actual Rows": 1,
                                "Actual Loops": 1
                            },
                            {
                                "Worker Number": 2,
                                "Actual Startup Time": 580.799,
                                "Actual Total Time": 580.802,
                                "Actual Rows": 1,
                                "Actual Loops": 1
                            },
                            {
                                "Worker Number": 3,
                                "Actual Startup Time": 580.202,
                                "Actual Total Time": 580.205,
                                "Actual Rows": 1,
                                "Actual Loops": 1
                            },
                            {
                                "Worker Number": 4,
                                "Actual Startup Time": 580.211,
                                "Actual Total Time": 580.214,
                                "Actual Rows": 1,
                                "Actual Loops": 1
                            }
                        ],
                        "Plans": [
                            {
                                "Node Type": "Hash Join",
                                "Parent Relationship": "Outer",
                                "Parallel Aware": true,
                                "Join Type": "Inner",
                                "Startup Cost": 45976.11,
                                "Total Cost": 246432.73,
                                "Plan Rows": 157822,
                                "Plan Width": 0,
                                "Actual Startup Time": 215.103,
                                "Actual Total Time": 575.35,
                                "Actual Rows": 131302,
                                "Actual Loops": 6,
                                "Inner Unique": true,
                                "Hash Cond": "(mi.movie_id = t.id)",
                                "Workers": [
                                    {
                                        "Worker Number": 0,
                                        "Actual Startup Time": 213.129,
                                        "Actual Total Time": 572.674,
                                        "Actual Rows": 112699,
                                        "Actual Loops": 1
                                    },
                                    {
                                        "Worker Number": 1,
                                        "Actual Startup Time": 213.299,
                                        "Actual Total Time": 573.773,
                                        "Actual Rows": 154865,
                                        "Actual Loops": 1
                                    },
                                    {
                                        "Worker Number": 2,
                                        "Actual Startup Time": 213.177,
                                        "Actual Total Time": 573.747,
                                        "Actual Rows": 106767,
                                        "Actual Loops": 1
                                    },
                                    {
                                        "Worker Number": 3,
                                        "Actual Startup Time": 213.219,
                                        "Actual Total Time": 573.766,
                                        "Actual Rows": 157323,
                                        "Actual Loops": 1
                                    },
                                    {
                                        "Worker Number": 4,
                                        "Actual Startup Time": 213.217,
                                        "Actual Total Time": 572.968,
                                        "Actual Rows": 109750,
                                        "Actual Loops": 1
                                    }
                                ],
                                "Plans": [
                                    {
                                        "Node Type": "Seq Scan",
                                        "Parent Relationship": "Outer",
                                        "Parallel Aware": true,
                                        "Relation Name": "movie_info",
                                        "Schema": "public",
                                        "Alias": "mi",
                                        "Startup Cost": 0.0,
                                        "Total Cost": 198880.74,
                                        "Plan Rows": 600336,
                                        "Plan Width": 4,
                                        "Actual Startup Time": 73.495,
                                        "Actual Total Time": 315.283,
                                        "Actual Rows": 506120,
                                        "Actual Loops": 6,
                                        "Output": [
                                            "mi.id",
                                            "mi.movie_id",
                                            "mi.info_type_id",
                                            "mi.info",
                                            "mi.note"
                                        ],
                                        "Filter": "(mi.info_type_id = 16)",
                                        "Rows Removed by Filter": 1966500,
                                        "Workers": [
                                            {
                                                "Worker Number": 0,
                                                "Actual Startup Time": 73.592,
                                                "Actual Total Time": 320.779,
                                                "Actual Rows": 417742,
                                                "Actual Loops": 1
                                            },
                                            {
                                                "Worker Number": 1,
                                                "Actual Startup Time": 73.43,
                                                "Actual Total Time": 313.767,
                                                "Actual Rows": 603630,
                                                "Actual Loops": 1
                                            },
                                            {
                                                "Worker Number": 2,
                                                "Actual Startup Time": 73.605,
                                                "Actual Total Time": 320.867,
                                                "Actual Rows": 417072,
                                                "Actual Loops": 1
                                            },
                                            {
                                                "Worker Number": 3,
                                                "Actual Startup Time": 73.487,
                                                "Actual Total Time": 313.857,
                                                "Actual Rows": 606157,
                                                "Actual Loops": 1
                                            },
                                            {
                                                "Worker Number": 4,
                                                "Actual Startup Time": 73.412,
                                                "Actual Total Time": 320.607,
                                                "Actual Rows": 419887,
                                                "Actual Loops": 1
                                            }
                                        ]
                                    },
                                    {
                                        "Node Type": "Hash",
                                        "Parent Relationship": "Inner",
                                        "Parallel Aware": true,
                                        "Startup Cost": 43899.01,
                                        "Total Cost": 43899.01,
                                        "Plan Rows": 166168,
                                        "Plan Width": 4,
                                        "Actual Startup Time": 137.703,
                                        "Actual Total Time": 137.704,
                                        "Actual Rows": 110344,
                                        "Actual Loops": 6,
                                        "Output": [
                                            "t.id"
                                        ],
                                        "Hash Buckets": 1048576,
                                        "Original Hash Buckets": 1048576,
                                        "Hash Batches": 1,
                                        "Original Hash Batches": 1,
                                        "Peak Memory Usage": 34208,
                                        "Workers": [
                                            {
                                                "Worker Number": 0,
                                                "Actual Startup Time": 138.837,
                                                "Actual Total Time": 138.838,
                                                "Actual Rows": 88428,
                                                "Actual Loops": 1
                                            },
                                            {
                                                "Worker Number": 1,
                                                "Actual Startup Time": 138.906,
                                                "Actual Total Time": 138.906,
                                                "Actual Rows": 117639,
                                                "Actual Loops": 1
                                            },
                                            {
                                                "Worker Number": 2,
                                                "Actual Startup Time": 138.943,
                                                "Actual Total Time": 138.944,
                                                "Actual Rows": 88561,
                                                "Actual Loops": 1
                                            },
                                            {
                                                "Worker Number": 3,
                                                "Actual Startup Time": 138.896,
                                                "Actual Total Time": 138.897,
                                                "Actual Rows": 118773,
                                                "Actual Loops": 1
                                            },
                                            {
                                                "Worker Number": 4,
                                                "Actual Startup Time": 138.939,
                                                "Actual Total Time": 138.94,
                                                "Actual Rows": 87826,
                                                "Actual Loops": 1
                                            }
                                        ],
                                        "Plans": [
                                            {
                                                "Node Type": "Seq Scan",
                                                "Parent Relationship": "Outer",
                                                "Parallel Aware": true,
                                                "Relation Name": "title",
                                                "Schema": "public",
                                                "Alias": "t",
                                                "Startup Cost": 0.0,
                                                "Total Cost": 43899.01,
                                                "Plan Rows": 166168,
                                                "Plan Width": 4,
                                                "Actual Startup Time": 0.06,
                                                "Actual Total Time": 83.621,
                                                "Actual Rows": 110344,
                                                "Actual Loops": 6,
                                                "Output": [
                                                    "t.id"
                                                ],
                                                "Filter": "(t.production_year > 2008)",
                                                "Rows Removed by Filter": 311041,
                                                "Workers": [
                                                    {
                                                        "Worker Number": 0,
                                                        "Actual Startup Time": 0.071,
                                                        "Actual Total Time": 85.353,
                                                        "Actual Rows": 88428,
                                                        "Actual Loops": 1
                                                    },
                                                    {
                                                        "Worker Number": 1,
                                                        "Actual Startup Time": 0.065,
                                                        "Actual Total Time": 84.147,
                                                        "Actual Rows": 117639,
                                                        "Actual Loops": 1
                                                    },
                                                    {
                                                        "Worker Number": 2,
                                                        "Actual Startup Time": 0.063,
                                                        "Actual Total Time": 85.824,
                                                        "Actual Rows": 88561,
                                                        "Actual Loops": 1
                                                    },
                                                    {
                                                        "Worker Number": 3,
                                                        "Actual Startup Time": 0.073,
                                                        "Actual Total Time": 84.316,
                                                        "Actual Rows": 118773,
                                                        "Actual Loops": 1
                                                    },
                                                    {
                                                        "Worker Number": 4,
                                                        "Actual Startup Time": 0.068,
                                                        "Actual Total Time": 86.267,
                                                        "Actual Rows": 87826,
                                                        "Actual Loops": 1
                                                    }
                                                ]
                                            }
                                        ]
                                    }
                                ]
                            }
                        ]
                    }
                ]
            }
        ]
    },
    "Planning Time": 0.743,
    "Triggers": [],
    "Execution Time": 637.078
}