[
  {
    "Plan": {
      "Node Type": "Aggregate",
      "Strategy": "Plain",
      "Partial Mode": "Finalize",
      "Parallel Aware": false,
      "Startup Cost": 80395.65,
      "Total Cost": 80395.66,
      "Plan Rows": 1,
      "Plan Width": 8,
      "Actual Startup Time": 474.695,
      "Actual Total Time": 495.383,
      "Actual Rows": 1,
      "Actual Loops": 1,
      "Plans": [
        {
          "Node Type": "Gather",
          "Parent Relationship": "Outer",
          "Parallel Aware": false,
          "Startup Cost": 80395.33,
          "Total Cost": 80395.64,
          "Plan Rows": 3,
          "Plan Width": 8,
          "Actual Startup Time": 456.709,
          "Actual Total Time": 495.374,
          "Actual Rows": 4,
          "Actual Loops": 1,
          "Workers Planned": 3,
          "Workers Launched": 3,
          "Single Copy": false,
          "Plans": [
            {
              "Node Type": "Aggregate",
              "Strategy": "Plain",
              "Partial Mode": "Partial",
              "Parent Relationship": "Outer",
              "Parallel Aware": false,
              "Startup Cost": 79395.33,
              "Total Cost": 79395.34,
              "Plan Rows": 1,
              "Plan Width": 8,
              "Actual Startup Time": 443.131,
              "Actual Total Time": 443.135,
              "Actual Rows": 1,
              "Actual Loops": 4,
              "Plans": [
                {
                  "Node Type": "Hash Join",
                  "Parent Relationship": "Outer",
                  "Parallel Aware": true,
                  "Join Type": "Inner",
                  "Startup Cost": 58437.79,
                  "Total Cost": 79238.15,
                  "Plan Rows": 62872,
                  "Plan Width": 0,
                  "Actual Startup Time": 409.65,
                  "Actual Total Time": 441.976,
                  "Actual Rows": 21758,
                  "Actual Loops": 4,
                  "Inner Unique": true,
                  "Hash Cond": "(mc.movie_id = t.id)",
                  "Plans": [
                    {
                      "Node Type": "Bitmap Heap Scan",
                      "Parent Relationship": "Outer",
                      "Parallel Aware": true,
                      "Relation Name": "movie_companies",
                      "Alias": "mc",
                      "Startup Cost": 8217.41,
                      "Total Cost": 28852.73,
                      "Plan Rows": 62872,
                      "Plan Width": 4,
                      "Actual Startup Time": 42.177,
                      "Actual Total Time": 55.35,
                      "Actual Rows": 21758,
                      "Actual Loops": 4,
                      "Recheck Cond": "(company_id < 225)",
                      "Rows Removed by Index Recheck": 0,
                      "Filter": "(company_type_id > 1)",
                      "Rows Removed by Filter": 72397,
                      "Exact Heap Blocks": 7675,
                      "Lossy Heap Blocks": 0,
                      "Plans": [
                        {
                          "Node Type": "Bitmap Index Scan",
                          "Parent Relationship": "Outer",
                          "Parallel Aware": false,
                          "Index Name": "company_id_movie_companies",
                          "Startup Cost": 0.0,
                          "Total Cost": 8168.68,
                          "Plan Rows": 381367,
                          "Plan Width": 0,
                          "Actual Startup Time": 13.913,
                          "Actual Total Time": 13.914,
                          "Actual Rows": 376622,
                          "Actual Loops": 1,
                          "Index Cond": "(company_id < 225)"
                        }
                      ]
                    },
                    {
                      "Node Type": "Hash",
                      "Parent Relationship": "Inner",
                      "Parallel Aware": true,
                      "Startup Cost": 42319.06,
                      "Total Cost": 42319.06,
                      "Plan Rows": 632106,
                      "Plan Width": 4,
                      "Actual Startup Time": 358.231,
                      "Actual Total Time": 358.232,
                      "Actual Rows": 632078,
                      "Actual Loops": 4,
                      "Hash Buckets": 4194304,
                      "Original Hash Buckets": 4194304,
                      "Hash Batches": 1,
                      "Original Hash Batches": 1,
                      "Peak Memory Usage": 131776,
                      "Plans": [
                        {
                          "Node Type": "Seq Scan",
                          "Parent Relationship": "Outer",
                          "Parallel Aware": true,
                          "Relation Name": "title",
                          "Alias": "t",
                          "Startup Cost": 0.0,
                          "Total Cost": 42319.06,
                          "Plan Rows": 632106,
                          "Plan Width": 4,
                          "Actual Startup Time": 0.038,
                          "Actual Total Time": 105.579,
                          "Actual Rows": 632078,
                          "Actual Loops": 4
                        }
                      ]
                    }
                  ]
                }
              ]
            }
          ]
        }
      ]
    },
    "Planning Time": 0.356,
    "Triggers": [],
    "Execution Time": 495.433
  }
]