[
  {
    "Plan": {
      "Node Type": "Aggregate",
      "Strategy": "Plain",
      "Partial Mode": "Finalize",
      "Parallel Aware": false,
      "Startup Cost": 74174.75,
      "Total Cost": 74174.76,
      "Plan Rows": 1,
      "Plan Width": 8,
      "Actual Startup Time": 212.951,
      "Actual Total Time": 225.353,
      "Actual Rows": 1,
      "Actual Loops": 1,
      "Plans": [
        {
          "Node Type": "Gather",
          "Parent Relationship": "Outer",
          "Parallel Aware": false,
          "Startup Cost": 74174.43,
          "Total Cost": 74174.74,
          "Plan Rows": 3,
          "Plan Width": 8,
          "Actual Startup Time": 210.88,
          "Actual Total Time": 225.344,
          "Actual Rows": 4,
          "Actual Loops": 1,
          "Workers Planned": 3,
          "Workers Launched": 3,
          "Single Copy": false,
          "Plans": [
            {
              "Node Type": "Aggregate",
              "Strategy": "Plain",
              "Partial Mode": "Partial",
              "Parent Relationship": "Outer",
              "Parallel Aware": false,
              "Startup Cost": 73174.43,
              "Total Cost": 73174.44,
              "Plan Rows": 1,
              "Plan Width": 8,
              "Actual Startup Time": 201.602,
              "Actual Total Time": 201.606,
              "Actual Rows": 1,
              "Actual Loops": 4,
              "Plans": [
                {
                  "Node Type": "Hash Join",
                  "Parent Relationship": "Outer",
                  "Parallel Aware": true,
                  "Join Type": "Inner",
                  "Startup Cost": 48435.89,
                  "Total Cost": 73164.33,
                  "Plan Rows": 4042,
                  "Plan Width": 0,
                  "Actual Startup Time": 175.857,
                  "Actual Total Time": 200.998,
                  "Actual Rows": 9728,
                  "Actual Loops": 4,
                  "Inner Unique": true,
                  "Hash Cond": "(mk.movie_id = t.id)",
                  "Plans": [
                    {
                      "Node Type": "Bitmap Heap Scan",
                      "Parent Relationship": "Outer",
                      "Parallel Aware": true,
                      "Relation Name": "movie_keyword",
                      "Alias": "mk",
                      "Startup Cost": 1196.35,
                      "Total Cost": 25877.16,
                      "Plan Rows": 18145,
                      "Plan Width": 4,
                      "Actual Startup Time": 8.478,
                      "Actual Total Time": 25.858,
                      "Actual Rows": 14612,
                      "Actual Loops": 4,
                      "Recheck Cond": "(keyword_id = 16264)",
                      "Rows Removed by Index Recheck": 0,
                      "Exact Heap Blocks": 3775,
                      "Lossy Heap Blocks": 0,
                      "Plans": [
                        {
                          "Node Type": "Bitmap Index Scan",
                          "Parent Relationship": "Outer",
                          "Parallel Aware": false,
                          "Index Name": "keyword_id_movie_keyword",
                          "Startup Cost": 0.0,
                          "Total Cost": 1182.29,
                          "Plan Rows": 56248,
                          "Plan Width": 0,
                          "Actual Startup Time": 6.829,
                          "Actual Total Time": 6.829,
                          "Actual Rows": 58448,
                          "Actual Loops": 1,
                          "Index Cond": "(keyword_id = 16264)"
                        }
                      ]
                    },
                    {
                      "Node Type": "Hash",
                      "Parent Relationship": "Inner",
                      "Parallel Aware": true,
                      "Startup Cost": 45479.59,
                      "Total Cost": 45479.59,
                      "Plan Rows": 140796,
                      "Plan Width": 4,
                      "Actual Startup Time": 162.08,
                      "Actual Total Time": 162.081,
                      "Actual Rows": 160446,
                      "Actual Loops": 4,
                      "Hash Buckets": 1048576,
                      "Original Hash Buckets": 1048576,
                      "Hash Batches": 1,
                      "Original Hash Batches": 1,
                      "Peak Memory Usage": 33344,
                      "Plans": [
                        {
                          "Node Type": "Seq Scan",
                          "Parent Relationship": "Outer",
                          "Parallel Aware": true,
                          "Relation Name": "title",
                          "Alias": "t",
                          "Startup Cost": 0.0,
                          "Total Cost": 45479.59,
                          "Plan Rows": 140796,
                          "Plan Width": 4,
                          "Actual Startup Time": 0.058,
                          "Actual Total Time": 104.522,
                          "Actual Rows": 160446,
                          "Actual Loops": 4,
                          "Filter": "((kind_id < 7) AND (production_year < 2006))",
                          "Rows Removed by Filter": 471632
                        }
                      ]
                    }
                  ]
                }
              ]
            }
          ]
        }
      ]
    },
    "Planning Time": 0.634,
    "Triggers": [],
    "Execution Time": 225.45
  }
]