[
  {
    "Plan": {
      "Node Type": "Aggregate",
      "Strategy": "Plain",
      "Partial Mode": "Finalize",
      "Parallel Aware": false,
      "Startup Cost": 32753.36,
      "Total Cost": 32753.37,
      "Plan Rows": 1,
      "Plan Width": 8,
      "Actual Startup Time": 74.468,
      "Actual Total Time": 82.385,
      "Actual Rows": 1,
      "Actual Loops": 1,
      "Plans": [
        {
          "Node Type": "Gather",
          "Parent Relationship": "Outer",
          "Parallel Aware": false,
          "Startup Cost": 32753.04,
          "Total Cost": 32753.35,
          "Plan Rows": 3,
          "Plan Width": 8,
          "Actual Startup Time": 74.346,
          "Actual Total Time": 82.372,
          "Actual Rows": 4,
          "Actual Loops": 1,
          "Workers Planned": 3,
          "Workers Launched": 3,
          "Single Copy": false,
          "Plans": [
            {
              "Node Type": "Aggregate",
              "Strategy": "Plain",
              "Partial Mode": "Partial",
              "Parent Relationship": "Outer",
              "Parallel Aware": false,
              "Startup Cost": 31753.04,
              "Total Cost": 31753.05,
              "Plan Rows": 1,
              "Plan Width": 8,
              "Actual Startup Time": 69.44,
              "Actual Total Time": 69.441,
              "Actual Rows": 1,
              "Actual Loops": 4,
              "Plans": [
                {
                  "Node Type": "Seq Scan",
                  "Parent Relationship": "Outer",
                  "Parallel Aware": true,
                  "Relation Name": "movie_companies",
                  "Alias": "mc",
                  "Startup Cost": 0.0,
                  "Total Cost": 31414.82,
                  "Plan Rows": 135288,
                  "Plan Width": 0,
                  "Actual Startup Time": 15.359,
                  "Actual Total Time": 68.193,
                  "Actual Rows": 23391,
                  "Actual Loops": 4,
                  "Filter": "((company_id > 25473) AND (company_type_id = 1))",
                  "Rows Removed by Filter": 628891
                }
              ]
            }
          ]
        }
      ]
    },
    "Planning Time": 0.113,
    "Triggers": [],
    "Execution Time": 82.416
  }
]