[
  {
    "Plan": {
      "Node Type": "Aggregate",
      "Strategy": "Plain",
      "Partial Mode": "Finalize",
      "Parallel Aware": false,
      "Startup Cost": 32746.47,
      "Total Cost": 32746.48,
      "Plan Rows": 1,
      "Plan Width": 8,
      "Actual Startup Time": 82.967,
      "Actual Total Time": 88.652,
      "Actual Rows": 1,
      "Actual Loops": 1,
      "Plans": [
        {
          "Node Type": "Gather",
          "Parent Relationship": "Outer",
          "Parallel Aware": false,
          "Startup Cost": 32746.15,
          "Total Cost": 32746.46,
          "Plan Rows": 3,
          "Plan Width": 8,
          "Actual Startup Time": 82.845,
          "Actual Total Time": 88.641,
          "Actual Rows": 4,
          "Actual Loops": 1,
          "Workers Planned": 3,
          "Workers Launched": 3,
          "Single Copy": false,
          "Plans": [
            {
              "Node Type": "Aggregate",
              "Strategy": "Plain",
              "Partial Mode": "Partial",
              "Parent Relationship": "Outer",
              "Parallel Aware": false,
              "Startup Cost": 31746.15,
              "Total Cost": 31746.16,
              "Plan Rows": 1,
              "Plan Width": 8,
              "Actual Startup Time": 76.799,
              "Actual Total Time": 76.8,
              "Actual Rows": 1,
              "Actual Loops": 4,
              "Plans": [
                {
                  "Node Type": "Seq Scan",
                  "Parent Relationship": "Outer",
                  "Parallel Aware": true,
                  "Relation Name": "movie_companies",
                  "Alias": "mc",
                  "Startup Cost": 0.0,
                  "Total Cost": 31414.82,
                  "Plan Rows": 132532,
                  "Plan Width": 0,
                  "Actual Startup Time": 22.349,
                  "Actual Total Time": 75.451,
                  "Actual Rows": 23391,
                  "Actual Loops": 4,
                  "Filter": "((company_id > 25473) AND (company_type_id = 1))",
                  "Rows Removed by Filter": 628891
                }
              ]
            }
          ]
        }
      ]
    },
    "Planning Time": 0.227,
    "Triggers": [],
    "Execution Time": 88.713
  }
]