[
  {
    "Plan": {
      "Node Type": "Aggregate",
      "Strategy": "Plain",
      "Partial Mode": "Finalize",
      "Parallel Aware": false,
      "Startup Cost": 32878.99,
      "Total Cost": 32879.0,
      "Plan Rows": 1,
      "Plan Width": 8,
      "Actual Startup Time": 97.947,
      "Actual Total Time": 105.762,
      "Actual Rows": 1,
      "Actual Loops": 1,
      "Plans": [
        {
          "Node Type": "Gather",
          "Parent Relationship": "Outer",
          "Parallel Aware": false,
          "Startup Cost": 32878.67,
          "Total Cost": 32878.98,
          "Plan Rows": 3,
          "Plan Width": 8,
          "Actual Startup Time": 97.843,
          "Actual Total Time": 105.756,
          "Actual Rows": 4,
          "Actual Loops": 1,
          "Workers Planned": 3,
          "Workers Launched": 3,
          "Single Copy": false,
          "Plans": [
            {
              "Node Type": "Aggregate",
              "Strategy": "Plain",
              "Partial Mode": "Partial",
              "Parent Relationship": "Outer",
              "Parallel Aware": false,
              "Startup Cost": 31878.67,
              "Total Cost": 31878.68,
              "Plan Rows": 1,
              "Plan Width": 8,
              "Actual Startup Time": 89.285,
              "Actual Total Time": 89.287,
              "Actual Rows": 1,
              "Actual Loops": 4,
              "Plans": [
                {
                  "Node Type": "Seq Scan",
                  "Parent Relationship": "Outer",
                  "Parallel Aware": true,
                  "Relation Name": "movie_companies",
                  "Alias": "mc",
                  "Startup Cost": 0.0,
                  "Total Cost": 31414.82,
                  "Plan Rows": 185540,
                  "Plan Width": 0,
                  "Actual Startup Time": 48.253,
                  "Actual Total Time": 81.003,
                  "Actual Rows": 216192,
                  "Actual Loops": 4,
                  "Filter": "((company_id > 13422) AND (company_type_id = 2))",
                  "Rows Removed by Filter": 436090
                }
              ]
            }
          ]
        }
      ]
    },
    "Planning Time": 0.191,
    "Triggers": [],
    "Execution Time": 105.815
  }
]