[
  {
    "Plan": {
      "Node Type": "Aggregate",
      "Strategy": "Plain",
      "Partial Mode": "Finalize",
      "Parallel Aware": false,
      "Startup Cost": 43072.47,
      "Total Cost": 43072.48,
      "Plan Rows": 1,
      "Plan Width": 8,
      "Actual Startup Time": 183.526,
      "Actual Total Time": 215.492,
      "Actual Rows": 1,
      "Actual Loops": 1,
      "Plans": [
        {
          "Node Type": "Gather",
          "Parent Relationship": "Outer",
          "Parallel Aware": false,
          "Startup Cost": 43072.26,
          "Total Cost": 43072.47,
          "Plan Rows": 2,
          "Plan Width": 8,
          "Actual Startup Time": 183.343,
          "Actual Total Time": 215.486,
          "Actual Rows": 3,
          "Actual Loops": 1,
          "Workers Planned": 2,
          "Workers Launched": 2,
          "Single Copy": false,
          "Plans": [
            {
              "Node Type": "Aggregate",
              "Strategy": "Plain",
              "Partial Mode": "Partial",
              "Parent Relationship": "Outer",
              "Parallel Aware": false,
              "Startup Cost": 42072.26,
              "Total Cost": 42072.27,
              "Plan Rows": 1,
              "Plan Width": 8,
              "Actual Startup Time": 175.261,
              "Actual Total Time": 175.263,
              "Actual Rows": 1,
              "Actual Loops": 3,
              "Plans": [
                {
                  "Node Type": "Nested Loop",
                  "Parent Relationship": "Outer",
                  "Parallel Aware": false,
                  "Join Type": "Inner",
                  "Startup Cost": 170.07,
                  "Total Cost": 42053.55,
                  "Plan Rows": 7485,
                  "Plan Width": 0,
                  "Actual Startup Time": 2.165,
                  "Actual Total Time": 167.561,
                  "Actual Rows": 145832,
                  "Actual Loops": 3,
                  "Inner Unique": false,
                  "Plans": [
                    {
                      "Node Type": "Nested Loop",
                      "Parent Relationship": "Outer",
                      "Parallel Aware": false,
                      "Join Type": "Inner",
                      "Startup Cost": 169.63,
                      "Total Cost": 38943.71,
                      "Plan Rows": 1275,
                      "Plan Width": 8,
                      "Actual Startup Time": 1.987,
                      "Actual Total Time": 38.446,
                      "Actual Rows": 3045,
                      "Actual Loops": 3,
                      "Inner Unique": true,
                      "Plans": [
                        {
                          "Node Type": "Bitmap Heap Scan",
                          "Parent Relationship": "Outer",
                          "Parallel Aware": true,
                          "Relation Name": "movie_keyword",
                          "Alias": "mk",
                          "Startup Cost": 169.2,
                          "Total Cost": 16584.09,
                          "Plan Rows": 3267,
                          "Plan Width": 4,
                          "Actual Startup Time": 1.824,
                          "Actual Total Time": 12.494,
                          "Actual Rows": 3314,
                          "Actual Loops": 3,
                          "Recheck Cond": "(keyword_id = 56)",
                          "Rows Removed by Index Recheck": 0,
                          "Exact Heap Blocks": 4435,
                          "Lossy Heap Blocks": 0,
                          "Plans": [
                            {
                              "Node Type": "Bitmap Index Scan",
                              "Parent Relationship": "Outer",
                              "Parallel Aware": false,
                              "Index Name": "keyword_id_movie_keyword",
                              "Startup Cost": 0.0,
                              "Total Cost": 167.24,
                              "Plan Rows": 7841,
                              "Plan Width": 0,
                              "Actual Startup Time": 3.315,
                              "Actual Total Time": 3.316,
                              "Actual Rows": 9942,
                              "Actual Loops": 1,
                              "Index Cond": "(keyword_id = 56)"
                            }
                          ]
                        },
                        {
                          "Node Type": "Index Scan",
                          "Parent Relationship": "Inner",
                          "Parallel Aware": false,
                          "Scan Direction": "Forward",
                          "Index Name": "title_pkey",
                          "Relation Name": "title",
                          "Alias": "t",
                          "Startup Cost": 0.43,
                          "Total Cost": 6.84,
                          "Plan Rows": 1,
                          "Plan Width": 4,
                          "Actual Startup Time": 0.007,
                          "Actual Total Time": 0.007,
                          "Actual Rows": 1,
                          "Actual Loops": 9942,
                          "Index Cond": "(id = mk.movie_id)",
                          "Rows Removed by Index Recheck": 0,
                          "Filter": "(kind_id < 7)",
                          "Rows Removed by Filter": 0
                        }
                      ]
                    },
                    {
                      "Node Type": "Index Only Scan",
                      "Parent Relationship": "Inner",
                      "Parallel Aware": false,
                      "Scan Direction": "Forward",
                      "Index Name": "movie_id_movie_info",
                      "Relation Name": "movie_info",
                      "Alias": "mi",
                      "Startup Cost": 0.43,
                      "Total Cost": 2.03,
                      "Plan Rows": 41,
                      "Plan Width": 4,
                      "Actual Startup Time": 0.009,
                      "Actual Total Time": 0.039,
                      "Actual Rows": 48,
                      "Actual Loops": 9136,
                      "Index Cond": "(movie_id = t.id)",
                      "Rows Removed by Index Recheck": 0,
                      "Heap Fetches": 437497
                    }
                  ]
                }
              ]
            }
          ]
        }
      ]
    },
    "Planning Time": 0.533,
    "Triggers": [],
    "Execution Time": 215.547
  }
]