[
  {
    "Plan": {
      "Node Type": "Aggregate",
      "Strategy": "Plain",
      "Partial Mode": "Finalize",
      "Parallel Aware": false,
      "Startup Cost": 334410.27,
      "Total Cost": 334410.28,
      "Plan Rows": 1,
      "Plan Width": 8,
      "Actual Startup Time": 677.177,
      "Actual Total Time": 732.941,
      "Actual Rows": 1,
      "Actual Loops": 1,
      "Plans": [
        {
          "Node Type": "Gather",
          "Parent Relationship": "Outer",
          "Parallel Aware": false,
          "Startup Cost": 334409.64,
          "Total Cost": 334410.25,
          "Plan Rows": 6,
          "Plan Width": 8,
          "Actual Startup Time": 677.046,
          "Actual Total Time": 732.93,
          "Actual Rows": 7,
          "Actual Loops": 1,
          "Workers Planned": 6,
          "Workers Launched": 6,
          "Single Copy": false,
          "Plans": [
            {
              "Node Type": "Aggregate",
              "Strategy": "Plain",
              "Partial Mode": "Partial",
              "Parent Relationship": "Outer",
              "Parallel Aware": false,
              "Startup Cost": 333409.64,
              "Total Cost": 333409.65,
              "Plan Rows": 1,
              "Plan Width": 8,
              "Actual Startup Time": 669.14,
              "Actual Total Time": 669.141,
              "Actual Rows": 1,
              "Actual Loops": 7,
              "Plans": [
                {
                  "Node Type": "Seq Scan",
                  "Parent Relationship": "Outer",
                  "Parallel Aware": true,
                  "Relation Name": "cast_info",
                  "Alias": "ci",
                  "Startup Cost": 0.0,
                  "Total Cost": 328162.03,
                  "Plan Rows": 2099046,
                  "Plan Width": 0,
                  "Actual Startup Time": 266.159,
                  "Actual Total Time": 587.385,
                  "Actual Rows": 1796401,
                  "Actual Loops": 7,
                  "Filter": "(person_id > 2424684)",
                  "Rows Removed by Filter": 3381362
                }
              ]
            }
          ]
        }
      ]
    },
    "Planning Time": 0.197,
    "Triggers": [],
    "Execution Time": 733.016
  }
]