[
  {
    "Plan": {
      "Node Type": "Aggregate",
      "Strategy": "Plain",
      "Partial Mode": "Finalize",
      "Parallel Aware": false,
      "Startup Cost": 31728.65,
      "Total Cost": 31728.66,
      "Plan Rows": 1,
      "Plan Width": 8,
      "Actual Startup Time": 73.207,
      "Actual Total Time": 77.829,
      "Actual Rows": 1,
      "Actual Loops": 1,
      "Plans": [
        {
          "Node Type": "Gather",
          "Parent Relationship": "Outer",
          "Parallel Aware": false,
          "Startup Cost": 31728.33,
          "Total Cost": 31728.64,
          "Plan Rows": 3,
          "Plan Width": 8,
          "Actual Startup Time": 73.021,
          "Actual Total Time": 77.821,
          "Actual Rows": 4,
          "Actual Loops": 1,
          "Workers Planned": 3,
          "Workers Launched": 3,
          "Single Copy": false,
          "Plans": [
            {
              "Node Type": "Aggregate",
              "Strategy": "Plain",
              "Partial Mode": "Partial",
              "Parent Relationship": "Outer",
              "Parallel Aware": false,
              "Startup Cost": 30728.33,
              "Total Cost": 30728.34,
              "Plan Rows": 1,
              "Plan Width": 8,
              "Actual Startup Time": 67.559,
              "Actual Total Time": 67.56,
              "Actual Rows": 1,
              "Actual Loops": 4,
              "Plans": [
                {
                  "Node Type": "Bitmap Heap Scan",
                  "Parent Relationship": "Outer",
                  "Parallel Aware": true,
                  "Relation Name": "movie_companies",
                  "Alias": "mc",
                  "Startup Cost": 9598.88,
                  "Total Cost": 30544.71,
                  "Plan Rows": 73451,
                  "Plan Width": 0,
                  "Actual Startup Time": 22.862,
                  "Actual Total Time": 61.0,
                  "Actual Rows": 110901,
                  "Actual Loops": 4,
                  "Recheck Cond": "(company_id > 77866)",
                  "Rows Removed by Index Recheck": 0,
                  "Filter": "(company_type_id > 1)",
                  "Rows Removed by Filter": 0,
                  "Exact Heap Blocks": 3288,
                  "Lossy Heap Blocks": 0,
                  "Plans": [
                    {
                      "Node Type": "Bitmap Index Scan",
                      "Parent Relationship": "Outer",
                      "Parallel Aware": false,
                      "Index Name": "company_id_movie_companies",
                      "Startup Cost": 0.0,
                      "Total Cost": 9541.96,
                      "Plan Rows": 445537,
                      "Plan Width": 0,
                      "Actual Startup Time": 26.939,
                      "Actual Total Time": 26.94,
                      "Actual Rows": 443605,
                      "Actual Loops": 1,
                      "Index Cond": "(company_id > 77866)"
                    }
                  ]
                }
              ]
            }
          ]
        }
      ]
    },
    "Planning Time": 0.215,
    "Triggers": [],
    "Execution Time": 77.912
  }
]