[
  {
    "Plan": {
      "Node Type": "Aggregate",
      "Strategy": "Plain",
      "Partial Mode": "Finalize",
      "Parallel Aware": false,
      "Startup Cost": 31457.79,
      "Total Cost": 31457.8,
      "Plan Rows": 1,
      "Plan Width": 8,
      "Actual Startup Time": 100.592,
      "Actual Total Time": 105.24,
      "Actual Rows": 1,
      "Actual Loops": 1,
      "Plans": [
        {
          "Node Type": "Gather",
          "Parent Relationship": "Outer",
          "Parallel Aware": false,
          "Startup Cost": 31457.47,
          "Total Cost": 31457.78,
          "Plan Rows": 3,
          "Plan Width": 8,
          "Actual Startup Time": 100.416,
          "Actual Total Time": 105.232,
          "Actual Rows": 4,
          "Actual Loops": 1,
          "Workers Planned": 3,
          "Workers Launched": 3,
          "Single Copy": false,
          "Plans": [
            {
              "Node Type": "Aggregate",
              "Strategy": "Plain",
              "Partial Mode": "Partial",
              "Parent Relationship": "Outer",
              "Parallel Aware": false,
              "Startup Cost": 30457.47,
              "Total Cost": 30457.48,
              "Plan Rows": 1,
              "Plan Width": 8,
              "Actual Startup Time": 92.271,
              "Actual Total Time": 92.272,
              "Actual Rows": 1,
              "Actual Loops": 4,
              "Plans": [
                {
                  "Node Type": "Bitmap Heap Scan",
                  "Parent Relationship": "Outer",
                  "Parallel Aware": true,
                  "Relation Name": "movie_companies",
                  "Alias": "mc",
                  "Startup Cost": 9381.92,
                  "Total Cost": 30279.16,
                  "Plan Rows": 71327,
                  "Plan Width": 0,
                  "Actual Startup Time": 43.054,
                  "Actual Total Time": 85.367,
                  "Actual Rows": 110901,
                  "Actual Loops": 4,
                  "Recheck Cond": "(company_id > 77866)",
                  "Rows Removed by Index Recheck": 0,
                  "Filter": "(company_type_id > 1)",
                  "Rows Removed by Filter": 0,
                  "Exact Heap Blocks": 3626,
                  "Lossy Heap Blocks": 0,
                  "Plans": [
                    {
                      "Node Type": "Bitmap Index Scan",
                      "Parent Relationship": "Outer",
                      "Parallel Aware": false,
                      "Index Name": "company_id_movie_companies",
                      "Startup Cost": 0.0,
                      "Total Cost": 9326.64,
                      "Plan Rows": 435495,
                      "Plan Width": 0,
                      "Actual Startup Time": 49.395,
                      "Actual Total Time": 49.395,
                      "Actual Rows": 443605,
                      "Actual Loops": 1,
                      "Index Cond": "(company_id > 77866)"
                    }
                  ]
                }
              ]
            }
          ]
        }
      ]
    },
    "Planning Time": 0.216,
    "Triggers": [],
    "Execution Time": 105.313
  }
]