[
  {
    "Plan": {
      "Node Type": "Aggregate",
      "Strategy": "Plain",
      "Partial Mode": "Simple",
      "Parallel Aware": false,
      "Startup Cost": 30138.33,
      "Total Cost": 30138.34,
      "Plan Rows": 1,
      "Plan Width": 96,
      "Actual Startup Time": 1145.136,
      "Actual Total Time": 1145.316,
      "Actual Rows": 1,
      "Actual Loops": 1,
      "Plans": [
        {
          "Node Type": "Merge Join",
          "Parent Relationship": "Outer",
          "Parallel Aware": false,
          "Join Type": "Inner",
          "Startup Cost": 30138.22,
          "Total Cost": 30138.32,
          "Plan Rows": 1,
          "Plan Width": 60,
          "Actual Startup Time": 1143.13,
          "Actual Total Time": 1144.486,
          "Actual Rows": 6946,
          "Actual Loops": 1,
          "Inner Unique": true,
          "Merge Cond": "(ml.link_type_id = lt.id)",
          "Plans": [
            {
              "Node Type": "Sort",
              "Parent Relationship": "Outer",
              "Parallel Aware": false,
              "Startup Cost": 30136.66,
              "Total Cost": 30136.66,
              "Plan Rows": 1,
              "Plan Width": 64,
              "Actual Startup Time": 1143.098,
              "Actual Total Time": 1143.543,
              "Actual Rows": 6946,
              "Actual Loops": 1,
              "Sort Key": [
                "ml.link_type_id"
              ],
              "Sort Method": "quicksort",
              "Sort Space Used": 1169,
              "Sort Space Type": "Memory",
              "Plans": [
                {
                  "Node Type": "Merge Join",
                  "Parent Relationship": "Outer",
                  "Parallel Aware": false,
                  "Join Type": "Inner",
                  "Startup Cost": 30132.44,
                  "Total Cost": 30136.65,
                  "Plan Rows": 1,
                  "Plan Width": 64,
                  "Actual Startup Time": 1137.217,
                  "Actual Total Time": 1140.11,
                  "Actual Rows": 6946,
                  "Actual Loops": 1,
                  "Inner Unique": true,
                  "Merge Cond": "(mk.keyword_id = k.id)",
                  "Plans": [
                    {
                      "Node Type": "Sort",
                      "Parent Relationship": "Outer",
                      "Parallel Aware": false,
                      "Startup Cost": 27338.57,
                      "Total Cost": 27340.67,
                      "Plan Rows": 838,
                      "Plan Width": 68,
                      "Actual Startup Time": 1109.006,
                      "Actual Total Time": 1113.331,
                      "Actual Rows": 92508,
                      "Actual Loops": 1,
                      "Sort Key": [
                        "mk.keyword_id"
                      ],
                      "Sort Method": "quicksort",
                      "Sort Space Used": 134695,
                      "Sort Space Type": "Memory",
                      "Plans": [
                        {
                          "Node Type": "Merge Join",
                          "Parent Relationship": "Outer",
                          "Parallel Aware": false,
                          "Join Type": "Inner",
                          "Startup Cost": 23166.65,
                          "Total Cost": 27297.89,
                          "Plan Rows": 838,
                          "Plan Width": 68,
                          "Actual Startup Time": 405.54,
                          "Actual Total Time": 611.659,
                          "Actual Rows": 780776,
                          "Actual Loops": 1,
                          "Inner Unique": false,
                          "Merge Cond": "(mk.movie_id = ml.movie_id)",
                          "Plans": [
                            {
                              "Node Type": "Index Scan",
                              "Parent Relationship": "Outer",
                              "Parallel Aware": false,
                              "Scan Direction": "Forward",
                              "Index Name": "movie_id_movie_keyword",
                              "Relation Name": "movie_keyword",
                              "Alias": "mk",
                              "Startup Cost": 0.43,
                              "Total Cost": 177156.82,
                              "Plan Rows": 4523930,
                              "Plan Width": 8,
                              "Actual Startup Time": 0.018,
                              "Actual Total Time": 15.854,
                              "Actual Rows": 77819,
                              "Actual Loops": 1
                            },
                            {
                              "Node Type": "Sort",
                              "Parent Relationship": "Inner",
                              "Parallel Aware": false,
                              "Startup Cost": 23166.22,
                              "Total Cost": 23166.27,
                              "Plan Rows": 18,
                              "Plan Width": 76,
                              "Actual Startup Time": 404.001,
                              "Actual Total Time": 446.914,
                              "Actual Rows": 780794,
                              "Actual Loops": 1,
                              "Sort Key": [
                                "mc.movie_id"
                              ],
                              "Sort Method": "quicksort",
                              "Sort Space Used": 1609,
                              "Sort Space Type": "Memory",
                              "Plans": [
                                {
                                  "Node Type": "Gather",
                                  "Parent Relationship": "Outer",
                                  "Parallel Aware": false,
                                  "Startup Cost": 23163.96,
                                  "Total Cost": 23165.85,
                                  "Plan Rows": 18,
                                  "Plan Width": 76,
                                  "Actual Startup Time": 396.086,
                                  "Actual Total Time": 398.684,
                                  "Actual Rows": 8393,
                                  "Actual Loops": 1,
                                  "Workers Planned": 4,
                                  "Workers Launched": 4,
                                  "Single Copy": false,
                                  "Plans": [
                                    {
                                      "Node Type": "Merge Join",
                                      "Parent Relationship": "Outer",
                                      "Parallel Aware": false,
                                      "Join Type": "Inner",
                                      "Startup Cost": 22163.96,
                                      "Total Cost": 22164.05,
                                      "Plan Rows": 4,
                                      "Plan Width": 76,
                                      "Actual Startup Time": 378.85,
                                      "Actual Total Time": 379.344,
                                      "Actual Rows": 1679,
                                      "Actual Loops": 5,
                                      "Inner Unique": true,
                                      "Merge Cond": "(mc.company_type_id = ct.id)",
                                      "Plans": [
                                        {
                                          "Node Type": "Sort",
                                          "Parent Relationship": "Outer",
                                          "Parallel Aware": false,
                                          "Startup Cost": 22162.89,
                                          "Total Cost": 22162.9,
                                          "Plan Rows": 6,
                                          "Plan Width": 80,
                                          "Actual Startup Time": 378.683,
                                          "Actual Total Time": 378.795,
                                          "Actual Rows": 1680,
                                          "Actual Loops": 5,
                                          "Sort Key": [
                                            "mc.company_type_id"
                                          ],
                                          "Sort Method": "quicksort",
                                          "Sort Space Used": 1208,
                                          "Sort Space Type": "Memory",
                                          "Workers": [
                                            {
                                              "Worker Number": 0,
                                              "Sort Method": "quicksort",
                                              "Sort Space Used": 161,
                                              "Sort Space Type": "Memory"
                                            },
                                            {
                                              "Worker Number": 1,
                                              "Sort Method": "quicksort",
                                              "Sort Space Used": 99,
                                              "Sort Space Type": "Memory"
                                            },
                                            {
                                              "Worker Number": 2,
                                              "Sort Method": "quicksort",
                                              "Sort Space Used": 77,
                                              "Sort Space Type": "Memory"
                                            },
                                            {
                                              "Worker Number": 3,
                                              "Sort Method": "quicksort",
                                              "Sort Space Used": 49,
                                              "Sort Space Type": "Memory"
                                            }
                                          ],
                                          "Plans": [
                                            {
                                              "Node Type": "Merge Join",
                                              "Parent Relationship": "Outer",
                                              "Parallel Aware": false,
                                              "Join Type": "Inner",
                                              "Startup Cost": 22069.58,
                                              "Total Cost": 22162.81,
                                              "Plan Rows": 6,
                                              "Plan Width": 80,
                                              "Actual Startup Time": 371.773,
                                              "Actual Total Time": 377.011,
                                              "Actual Rows": 1680,
                                              "Actual Loops": 5,
                                              "Inner Unique": true,
                                              "Merge Cond": "(mc.company_id = cn.id)",
                                              "Plans": [
                                                {
                                                  "Node Type": "Sort",
                                                  "Parent Relationship": "Outer",
                                                  "Parallel Aware": false,
                                                  "Startup Cost": 14959.68,
                                                  "Total Cost": 15006.09,
                                                  "Plan Rows": 18565,
                                                  "Plan Width": 65,
                                                  "Actual Startup Time": 232.22,
                                                  "Actual Total Time": 237.151,
                                                  "Actual Rows": 20390,
                                                  "Actual Loops": 5,
                                                  "Sort Key": [
                                                    "mc.company_id"
                                                  ],
                                                  "Sort Method": "quicksort",
                                                  "Sort Space Used": 4926,
                                                  "Sort Space Type": "Memory",
                                                  "Workers": [
                                                    {
                                                      "Worker Number": 0,
                                                      "Sort Method": "quicksort",
                                                      "Sort Space Used": 2318,
                                                      "Sort Space Type": "Memory"
                                                    },
                                                    {
                                                      "Worker Number": 1,
                                                      "Sort Method": "quicksort",
                                                      "Sort Space Used": 2524,
                                                      "Sort Space Type": "Memory"
                                                    },
                                                    {
                                                      "Worker Number": 2,
                                                      "Sort Method": "quicksort",
                                                      "Sort Space Used": 2399,
                                                      "Sort Space Type": "Memory"
                                                    },
                                                    {
                                                      "Worker Number": 3,
                                                      "Sort Method": "quicksort",
                                                      "Sort Space Used": 5177,
                                                      "Sort Space Type": "Memory"
                                                    }
                                                  ],
                                                  "Plans": [
                                                    {
                                                      "Node Type": "Merge Join",
                                                      "Parent Relationship": "Outer",
                                                      "Parallel Aware": false,
                                                      "Join Type": "Inner",
                                                      "Startup Cost": 3.65,
                                                      "Total Cost": 13643.39,
                                                      "Plan Rows": 18565,
                                                      "Plan Width": 65,
                                                      "Actual Startup Time": 2.494,
                                                      "Actual Total Time": 209.391,
                                                      "Actual Rows": 20987,
                                                      "Actual Loops": 5,
                                                      "Inner Unique": false,
                                                      "Merge Cond": "(ml.movie_id = mc.movie_id)",
                                                      "Plans": [
                                                        {
                                                          "Node Type": "Merge Join",
                                                          "Parent Relationship": "Outer",
                                                          "Parallel Aware": false,
                                                          "Join Type": "Inner",
                                                          "Startup Cost": 0.8,
                                                          "Total Cost": 8163.52,
                                                          "Plan Rows": 6746,
                                                          "Plan Width": 29,
                                                          "Actual Startup Time": 1.059,
                                                          "Actual Total Time": 132.282,
                                                          "Actual Rows": 5945,
                                                          "Actual Loops": 5,
                                                          "Inner Unique": false,
                                                          "Merge Cond": "(t.id = ml.movie_id)",
                                                          "Plans": [
                                                            {
                                                              "Node Type": "Index Scan",
                                                              "Parent Relationship": "Outer",
                                                              "Parallel Aware": true,
                                                              "Scan Direction": "Forward",
                                                              "Index Name": "title_pkey",
                                                              "Relation Name": "title",
                                                              "Alias": "t",
                                                              "Startup Cost": 0.43,
                                                              "Total Cost": 92967.14,
                                                              "Plan Rows": 568545,
                                                              "Plan Width": 21,
                                                              "Actual Startup Time": 0.078,
                                                              "Actual Total Time": 111.477,
                                                              "Actual Rows": 35586,
                                                              "Actual Loops": 5,
                                                              "Filter": "(production_year > 1950)",
                                                              "Rows Removed by Filter": 1650
                                                            },
                                                            {
                                                              "Node Type": "Index Scan",
                                                              "Parent Relationship": "Inner",
                                                              "Parallel Aware": false,
                                                              "Scan Direction": "Forward",
                                                              "Index Name": "movie_id_movie_link",
                                                              "Relation Name": "movie_link",
                                                              "Alias": "ml",
                                                              "Startup Cost": 0.29,
                                                              "Total Cost": 1111.51,
                                                              "Plan Rows": 29997,
                                                              "Plan Width": 8,
                                                              "Actual Startup Time": 0.086,
                                                              "Actual Total Time": 12.554,
                                                              "Actual Rows": 29997,
                                                              "Actual Loops": 5
                                                            }
                                                          ]
                                                        },
                                                        {
                                                          "Node Type": "Index Scan",
                                                          "Parent Relationship": "Inner",
                                                          "Parallel Aware": false,
                                                          "Scan Direction": "Forward",
                                                          "Index Name": "movie_id_movie_companies",
                                                          "Relation Name": "movie_companies",
                                                          "Alias": "mc",
                                                          "Startup Cost": 0.43,
                                                          "Total Cost": 140880.84,
                                                          "Plan Rows": 1339266,
                                                          "Plan Width": 36,
                                                          "Actual Startup Time": 0.109,
                                                          "Actual Total Time": 68.719,
                                                          "Actual Rows": 63716,
                                                          "Actual Loops": 5,
                                                          "Filter": "(note IS NOT NULL)",
                                                          "Rows Removed by Filter": 56810
                                                        }
                                                      ]
                                                    }
                                                  ]
                                                },
                                                {
                                                  "Node Type": "Sort",
                                                  "Parent Relationship": "Inner",
                                                  "Parallel Aware": false,
                                                  "Startup Cost": 7109.86,
                                                  "Total Cost": 7110.05,
                                                  "Plan Rows": 77,
                                                  "Plan Width": 23,
                                                  "Actual Startup Time": 134.829,
                                                  "Actual Total Time": 134.855,
                                                  "Actual Rows": 89,
                                                  "Actual Loops": 5,
                                                  "Sort Key": [
                                                    "cn.id"
                                                  ],
                                                  "Sort Method": "quicksort",
                                                  "Sort Space Used": 32,
                                                  "Sort Space Type": "Memory",
                                                  "Workers": [
                                                    {
                                                      "Worker Number": 0,
                                                      "Sort Method": "quicksort",
                                                      "Sort Space Used": 32,
                                                      "Sort Space Type": "Memory"
                                                    },
                                                    {
                                                      "Worker Number": 1,
                                                      "Sort Method": "quicksort",
                                                      "Sort Space Used": 32,
                                                      "Sort Space Type": "Memory"
                                                    },
                                                    {
                                                      "Worker Number": 2,
                                                      "Sort Method": "quicksort",
                                                      "Sort Space Used": 32,
                                                      "Sort Space Type": "Memory"
                                                    },
                                                    {
                                                      "Worker Number": 3,
                                                      "Sort Method": "quicksort",
                                                      "Sort Space Used": 32,
                                                      "Sort Space Type": "Memory"
                                                    }
                                                  ],
                                                  "Plans": [
                                                    {
                                                      "Node Type": "Seq Scan",
                                                      "Parent Relationship": "Outer",
                                                      "Parallel Aware": false,
                                                      "Relation Name": "company_name",
                                                      "Alias": "cn",
                                                      "Startup Cost": 0.0,
                                                      "Total Cost": 7107.45,
                                                      "Plan Rows": 77,
                                                      "Plan Width": 23,
                                                      "Actual Startup Time": 0.817,
                                                      "Actual Total Time": 134.705,
                                                      "Actual Rows": 89,
                                                      "Actual Loops": 5,
                                                      "Filter": "(((country_code)::text <> '[pl]'::text) AND ((name ~~ '20th Century Fox%'::text) OR (name ~~ 'Twentieth Century Fox%'::text)))",
                                                      "Rows Removed by Filter": 234908
                                                    }
                                                  ]
                                                }
                                              ]
                                            }
                                          ]
                                        },
                                        {
                                          "Node Type": "Sort",
                                          "Parent Relationship": "Inner",
                                          "Parallel Aware": false,
                                          "Startup Cost": 1.07,
                                          "Total Cost": 1.08,
                                          "Plan Rows": 3,
                                          "Plan Width": 4,
                                          "Actual Startup Time": 0.152,
                                          "Actual Total Time": 0.152,
                                          "Actual Rows": 1,
                                          "Actual Loops": 5,
                                          "Sort Key": [
                                            "ct.id"
                                          ],
                                          "Sort Method": "quicksort",
                                          "Sort Space Used": 25,
                                          "Sort Space Type": "Memory",
                                          "Workers": [
                                            {
                                              "Worker Number": 0,
                                              "Sort Method": "quicksort",
                                              "Sort Space Used": 25,
                                              "Sort Space Type": "Memory"
                                            },
                                            {
                                              "Worker Number": 1,
                                              "Sort Method": "quicksort",
                                              "Sort Space Used": 25,
                                              "Sort Space Type": "Memory"
                                            },
                                            {
                                              "Worker Number": 2,
                                              "Sort Method": "quicksort",
                                              "Sort Space Used": 25,
                                              "Sort Space Type": "Memory"
                                            },
                                            {
                                              "Worker Number": 3,
                                              "Sort Method": "quicksort",
                                              "Sort Space Used": 25,
                                              "Sort Space Type": "Memory"
                                            }
                                          ],
                                          "Plans": [
                                            {
                                              "Node Type": "Seq Scan",
                                              "Parent Relationship": "Outer",
                                              "Parallel Aware": false,
                                              "Relation Name": "company_type",
                                              "Alias": "ct",
                                              "Startup Cost": 0.0,
                                              "Total Cost": 1.05,
                                              "Plan Rows": 3,
                                              "Plan Width": 4,
                                              "Actual Startup Time": 0.093,
                                              "Actual Total Time": 0.094,
                                              "Actual Rows": 3,
                                              "Actual Loops": 5,
                                              "Filter": "((kind IS NOT NULL) AND ((kind)::text <> 'production companies'::text))",
                                              "Rows Removed by Filter": 1
                                            }
                                          ]
                                        }
                                      ]
                                    }
                                  ]
                                }
                              ]
                            }
                          ]
                        }
                      ]
                    },
                    {
                      "Node Type": "Sort",
                      "Parent Relationship": "Inner",
                      "Parallel Aware": false,
                      "Startup Cost": 2793.86,
                      "Total Cost": 2793.87,
                      "Plan Rows": 3,
                      "Plan Width": 4,
                      "Actual Startup Time": 20.226,
                      "Actual Total Time": 20.228,
                      "Actual Rows": 3,
                      "Actual Loops": 1,
                      "Sort Key": [
                        "k.id"
                      ],
                      "Sort Method": "quicksort",
                      "Sort Space Used": 25,
                      "Sort Space Type": "Memory",
                      "Plans": [
                        {
                          "Node Type": "Seq Scan",
                          "Parent Relationship": "Outer",
                          "Parallel Aware": false,
                          "Relation Name": "keyword",
                          "Alias": "k",
                          "Startup Cost": 0.0,
                          "Total Cost": 2793.84,
                          "Plan Rows": 3,
                          "Plan Width": 4,
                          "Actual Startup Time": 0.815,
                          "Actual Total Time": 20.203,
                          "Actual Rows": 3,
                          "Actual Loops": 1,
                          "Filter": "(keyword = ANY ('{sequel,revenge,based-on-novel}'::text[]))",
                          "Rows Removed by Filter": 134167
                        }
                      ]
                    }
                  ]
                }
              ]
            },
            {
              "Node Type": "Sort",
              "Parent Relationship": "Inner",
              "Parallel Aware": false,
              "Startup Cost": 1.56,
              "Total Cost": 1.6,
              "Plan Rows": 18,
              "Plan Width": 4,
              "Actual Startup Time": 0.029,
              "Actual Total Time": 0.03,
              "Actual Rows": 15,
              "Actual Loops": 1,
              "Sort Key": [
                "lt.id"
              ],
              "Sort Method": "quicksort",
              "Sort Space Used": 25,
              "Sort Space Type": "Memory",
              "Plans": [
                {
                  "Node Type": "Seq Scan",
                  "Parent Relationship": "Outer",
                  "Parallel Aware": false,
                  "Relation Name": "link_type",
                  "Alias": "lt",
                  "Startup Cost": 0.0,
                  "Total Cost": 1.18,
                  "Plan Rows": 18,
                  "Plan Width": 4,
                  "Actual Startup Time": 0.016,
                  "Actual Total Time": 0.018,
                  "Actual Rows": 18,
                  "Actual Loops": 1
                }
              ]
            }
          ]
        }
      ]
    },
    "Planning Time": 12.951,
    "Triggers": [],
    "Execution Time": 1153.226
  }
]