[
  {
    "Plan": {
      "Node Type": "Aggregate",
      "Strategy": "Plain",
      "Partial Mode": "Finalize",
      "Parallel Aware": false,
      "Startup Cost": 338436.74,
      "Total Cost": 338436.75,
      "Plan Rows": 1,
      "Plan Width": 8,
      "Actual Startup Time": 808.287,
      "Actual Total Time": 867.299,
      "Actual Rows": 1,
      "Actual Loops": 1,
      "Plans": [
        {
          "Node Type": "Gather",
          "Parent Relationship": "Outer",
          "Parallel Aware": false,
          "Startup Cost": 338436.11,
          "Total Cost": 338436.72,
          "Plan Rows": 6,
          "Plan Width": 8,
          "Actual Startup Time": 808.17,
          "Actual Total Time": 867.286,
          "Actual Rows": 7,
          "Actual Loops": 1,
          "Workers Planned": 6,
          "Workers Launched": 6,
          "Single Copy": false,
          "Plans": [
            {
              "Node Type": "Aggregate",
              "Strategy": "Plain",
              "Partial Mode": "Partial",
              "Parent Relationship": "Outer",
              "Parallel Aware": false,
              "Startup Cost": 337436.11,
              "Total Cost": 337436.12,
              "Plan Rows": 1,
              "Plan Width": 8,
              "Actual Startup Time": 800.942,
              "Actual Total Time": 800.943,
              "Actual Rows": 1,
              "Actual Loops": 7,
              "Plans": [
                {
                  "Node Type": "Seq Scan",
                  "Parent Relationship": "Outer",
                  "Parallel Aware": true,
                  "Relation Name": "cast_info",
                  "Alias": "ci",
                  "Startup Cost": 0.0,
                  "Total Cost": 328162.03,
                  "Plan Rows": 3709635,
                  "Plan Width": 0,
                  "Actual Startup Time": 158.758,
                  "Actual Total Time": 644.75,
                  "Actual Rows": 3180773,
                  "Actual Loops": 7,
                  "Filter": "(person_id > 1377267)",
                  "Rows Removed by Filter": 1996991
                }
              ]
            }
          ]
        }
      ]
    },
    "Planning Time": 0.197,
    "Triggers": [],
    "Execution Time": 867.373
  }
]