[
    {
        "Bao": {
            "Bao prediction": 453.213,
            "Bao recommended hint": "SET enable_mergejoin TO off; "
        }
    },
    {
        "Plan": {
            "Node Type": "Aggregate",
            "Strategy": "Plain",
            "Partial Mode": "Finalize",
            "Parallel Aware": false,
            "Startup Cost": 33123.79,
            "Total Cost": 33123.8,
            "Plan Rows": 1,
            "Plan Width": 8,
            "Actual Startup Time": 129.108,
            "Actual Total Time": 137.552,
            "Actual Rows": 1,
            "Actual Loops": 1,
            "Output": [
                "count(*)"
            ],
            "Plans": [
                {
                    "Node Type": "Gather",
                    "Parent Relationship": "Outer",
                    "Parallel Aware": false,
                    "Startup Cost": 33123.48,
                    "Total Cost": 33123.79,
                    "Plan Rows": 3,
                    "Plan Width": 8,
                    "Actual Startup Time": 129.034,
                    "Actual Total Time": 137.544,
                    "Actual Rows": 4,
                    "Actual Loops": 1,
                    "Output": [
                        "(PARTIAL count(*))"
                    ],
                    "Workers Planned": 3,
                    "Workers Launched": 3,
                    "Single Copy": false,
                    "Plans": [
                        {
                            "Node Type": "Aggregate",
                            "Strategy": "Plain",
                            "Partial Mode": "Partial",
                            "Parent Relationship": "Outer",
                            "Parallel Aware": false,
                            "Startup Cost": 32123.48,
                            "Total Cost": 32123.49,
                            "Plan Rows": 1,
                            "Plan Width": 8,
                            "Actual Startup Time": 121.387,
                            "Actual Total Time": 121.388,
                            "Actual Rows": 1,
                            "Actual Loops": 4,
                            "Output": [
                                "PARTIAL count(*)"
                            ],
                            "Workers": [
                                {
                                    "Worker Number": 0,
                                    "Actual Startup Time": 118.506,
                                    "Actual Total Time": 118.507,
                                    "Actual Rows": 1,
                                    "Actual Loops": 1
                                },
                                {
                                    "Worker Number": 1,
                                    "Actual Startup Time": 119.123,
                                    "Actual Total Time": 119.124,
                                    "Actual Rows": 1,
                                    "Actual Loops": 1
                                },
                                {
                                    "Worker Number": 2,
                                    "Actual Startup Time": 119.463,
                                    "Actual Total Time": 119.464,
                                    "Actual Rows": 1,
                                    "Actual Loops": 1
                                }
                            ],
                            "Plans": [
                                {
                                    "Node Type": "Seq Scan",
                                    "Parent Relationship": "Outer",
                                    "Parallel Aware": true,
                                    "Relation Name": "movie_companies",
                                    "Schema": "public",
                                    "Alias": "mc",
                                    "Startup Cost": 0.0,
                                    "Total Cost": 31414.82,
                                    "Plan Rows": 283463,
                                    "Plan Width": 0,
                                    "Actual Startup Time": 53.128,
                                    "Actual Total Time": 104.005,
                                    "Actual Rows": 269338,
                                    "Actual Loops": 4,
                                    "Output": [
                                        "id",
                                        "movie_id",
                                        "company_id",
                                        "company_type_id",
                                        "note"
                                    ],
                                    "Filter": "((mc.company_id > 2640) AND (mc.company_type_id > 1))",
                                    "Rows Removed by Filter": 382944,
                                    "Workers": [
                                        {
                                            "Worker Number": 0,
                                            "Actual Startup Time": 50.26,
                                            "Actual Total Time": 101.845,
                                            "Actual Rows": 252558,
                                            "Actual Loops": 1
                                        },
                                        {
                                            "Worker Number": 1,
                                            "Actual Startup Time": 50.845,
                                            "Actual Total Time": 102.048,
                                            "Actual Rows": 260522,
                                            "Actual Loops": 1
                                        },
                                        {
                                            "Worker Number": 2,
                                            "Actual Startup Time": 51.219,
                                            "Actual Total Time": 102.352,
                                            "Actual Rows": 261204,
                                            "Actual Loops": 1
                                        }
                                    ]
                                }
                            ]
                        }
                    ]
                }
            ]
        },
        "Planning Time": 1882.079,
        "Triggers": [],
        "Execution Time": 137.641
    }
]