[
  {
    "Plan": {
      "Node Type": "Aggregate",
      "Strategy": "Plain",
      "Partial Mode": "Finalize",
      "Parallel Aware": false,
      "Startup Cost": 70239.71,
      "Total Cost": 70239.72,
      "Plan Rows": 1,
      "Plan Width": 8,
      "Actual Startup Time": 506.906,
      "Actual Total Time": 565.814,
      "Actual Rows": 1,
      "Actual Loops": 1,
      "Plans": [
        {
          "Node Type": "Gather",
          "Parent Relationship": "Outer",
          "Parallel Aware": false,
          "Startup Cost": 70239.49,
          "Total Cost": 70239.7,
          "Plan Rows": 2,
          "Plan Width": 8,
          "Actual Startup Time": 506.762,
          "Actual Total Time": 565.804,
          "Actual Rows": 3,
          "Actual Loops": 1,
          "Workers Planned": 2,
          "Workers Launched": 2,
          "Single Copy": false,
          "Plans": [
            {
              "Node Type": "Aggregate",
              "Strategy": "Plain",
              "Partial Mode": "Partial",
              "Parent Relationship": "Outer",
              "Parallel Aware": false,
              "Startup Cost": 69239.49,
              "Total Cost": 69239.5,
              "Plan Rows": 1,
              "Plan Width": 8,
              "Actual Startup Time": 500.911,
              "Actual Total Time": 500.915,
              "Actual Rows": 1,
              "Actual Loops": 3,
              "Plans": [
                {
                  "Node Type": "Nested Loop",
                  "Parent Relationship": "Outer",
                  "Parallel Aware": false,
                  "Join Type": "Inner",
                  "Startup Cost": 45522.7,
                  "Total Cost": 69151.69,
                  "Plan Rows": 35119,
                  "Plan Width": 0,
                  "Actual Startup Time": 126.309,
                  "Actual Total Time": 491.527,
                  "Actual Rows": 122544,
                  "Actual Loops": 3,
                  "Inner Unique": false,
                  "Join Filter": "(t.id = ci.movie_id)",
                  "Rows Removed by Join Filter": 0,
                  "Plans": [
                    {
                      "Node Type": "Hash Join",
                      "Parent Relationship": "Outer",
                      "Parallel Aware": true,
                      "Join Type": "Inner",
                      "Startup Cost": 45522.14,
                      "Total Cost": 60716.7,
                      "Plan Rows": 3096,
                      "Plan Width": 8,
                      "Actual Startup Time": 126.215,
                      "Actual Total Time": 225.351,
                      "Actual Rows": 5382,
                      "Actual Loops": 3,
                      "Inner Unique": true,
                      "Hash Cond": "(mi_idx.movie_id = t.id)",
                      "Plans": [
                        {
                          "Node Type": "Seq Scan",
                          "Parent Relationship": "Outer",
                          "Parallel Aware": true,
                          "Relation Name": "movie_info_idx",
                          "Alias": "mi_idx",
                          "Startup Cost": 0.0,
                          "Total Cost": 13685.15,
                          "Plan Rows": 575015,
                          "Plan Width": 4,
                          "Actual Startup Time": 0.013,
                          "Actual Total Time": 48.221,
                          "Actual Rows": 460012,
                          "Actual Loops": 3
                        },
                        {
                          "Node Type": "Hash",
                          "Parent Relationship": "Inner",
                          "Parallel Aware": true,
                          "Startup Cost": 45479.59,
                          "Total Cost": 45479.59,
                          "Plan Rows": 3404,
                          "Plan Width": 4,
                          "Actual Startup Time": 125.278,
                          "Actual Total Time": 125.279,
                          "Actual Rows": 4069,
                          "Actual Loops": 3,
                          "Hash Buckets": 16384,
                          "Original Hash Buckets": 16384,
                          "Hash Batches": 1,
                          "Original Hash Batches": 1,
                          "Peak Memory Usage": 640,
                          "Plans": [
                            {
                              "Node Type": "Seq Scan",
                              "Parent Relationship": "Outer",
                              "Parallel Aware": true,
                              "Relation Name": "title",
                              "Alias": "t",
                              "Startup Cost": 0.0,
                              "Total Cost": 45479.59,
                              "Plan Rows": 3404,
                              "Plan Width": 4,
                              "Actual Startup Time": 0.186,
                              "Actual Total Time": 123.408,
                              "Actual Rows": 4069,
                              "Actual Loops": 3,
                              "Filter": "((kind_id < 7) AND (production_year = 1996))",
                              "Rows Removed by Filter": 838701
                            }
                          ]
                        }
                      ]
                    },
                    {
                      "Node Type": "Index Scan",
                      "Parent Relationship": "Inner",
                      "Parallel Aware": false,
                      "Scan Direction": "Forward",
                      "Index Name": "movie_id_cast_info",
                      "Relation Name": "cast_info",
                      "Alias": "ci",
                      "Startup Cost": 0.56,
                      "Total Cost": 2.37,
                      "Plan Rows": 28,
                      "Plan Width": 4,
                      "Actual Startup Time": 0.006,
                      "Actual Total Time": 0.046,
                      "Actual Rows": 23,
                      "Actual Loops": 16145,
                      "Index Cond": "(movie_id = mi_idx.movie_id)",
                      "Rows Removed by Index Recheck": 0,
                      "Filter": "(person_id < 2921389)",
                      "Rows Removed by Filter": 7
                    }
                  ]
                }
              ]
            }
          ]
        }
      ]
    },
    "Planning Time": 0.975,
    "Triggers": [],
    "Execution Time": 565.89
  }
]