[
  {
    "Plan": {
      "Node Type": "Aggregate",
      "Strategy": "Plain",
      "Partial Mode": "Finalize",
      "Parallel Aware": false,
      "Startup Cost": 395041.35,
      "Total Cost": 395041.36,
      "Plan Rows": 1,
      "Plan Width": 8,
      "Actual Startup Time": 480.842,
      "Actual Total Time": 519.486,
      "Actual Rows": 1,
      "Actual Loops": 1,
      "Plans": [
        {
          "Node Type": "Gather",
          "Parent Relationship": "Outer",
          "Parallel Aware": false,
          "Startup Cost": 395040.73,
          "Total Cost": 395041.34,
          "Plan Rows": 6,
          "Plan Width": 8,
          "Actual Startup Time": 477.865,
          "Actual Total Time": 519.473,
          "Actual Rows": 7,
          "Actual Loops": 1,
          "Workers Planned": 6,
          "Workers Launched": 6,
          "Single Copy": false,
          "Plans": [
            {
              "Node Type": "Aggregate",
              "Strategy": "Plain",
              "Partial Mode": "Partial",
              "Parent Relationship": "Outer",
              "Parallel Aware": false,
              "Startup Cost": 394040.73,
              "Total Cost": 394040.74,
              "Plan Rows": 1,
              "Plan Width": 8,
              "Actual Startup Time": 466.5,
              "Actual Total Time": 466.504,
              "Actual Rows": 1,
              "Actual Loops": 7,
              "Plans": [
                {
                  "Node Type": "Nested Loop",
                  "Parent Relationship": "Outer",
                  "Parallel Aware": false,
                  "Join Type": "Inner",
                  "Startup Cost": 84794.96,
                  "Total Cost": 393917.67,
                  "Plan Rows": 49225,
                  "Plan Width": 0,
                  "Actual Startup Time": 201.327,
                  "Actual Total Time": 462.714,
                  "Actual Rows": 55586,
                  "Actual Loops": 7,
                  "Inner Unique": false,
                  "Join Filter": "(t.id = mi.movie_id)",
                  "Rows Removed by Join Filter": 0,
                  "Plans": [
                    {
                      "Node Type": "Hash Join",
                      "Parent Relationship": "Outer",
                      "Parallel Aware": true,
                      "Join Type": "Inner",
                      "Startup Cost": 84794.52,
                      "Total Cost": 342339.18,
                      "Plan Rows": 23242,
                      "Plan Width": 8,
                      "Actual Startup Time": 201.241,
                      "Actual Total Time": 242.335,
                      "Actual Rows": 8997,
                      "Actual Loops": 7,
                      "Inner Unique": true,
                      "Hash Cond": "(ci.movie_id = t.id)",
                      "Plans": [
                        {
                          "Node Type": "Bitmap Heap Scan",
                          "Parent Relationship": "Outer",
                          "Parallel Aware": true,
                          "Relation Name": "cast_info",
                          "Alias": "ci",
                          "Startup Cost": 38351.3,
                          "Total Cost": 295395.98,
                          "Plan Rows": 190469,
                          "Plan Width": 4,
                          "Actual Startup Time": 106.447,
                          "Actual Total Time": 124.303,
                          "Actual Rows": 71125,
                          "Actual Loops": 7,
                          "Recheck Cond": "(person_id < 175411)",
                          "Rows Removed by Index Recheck": 0,
                          "Filter": "(role_id > 1)",
                          "Rows Removed by Filter": 180204,
                          "Exact Heap Blocks": 2944,
                          "Lossy Heap Blocks": 0,
                          "Plans": [
                            {
                              "Node Type": "Bitmap Index Scan",
                              "Parent Relationship": "Outer",
                              "Parallel Aware": false,
                              "Index Name": "person_id_cast_info",
                              "Startup Cost": 0.0,
                              "Total Cost": 38065.6,
                              "Plan Rows": 1743071,
                              "Plan Width": 0,
                              "Actual Startup Time": 56.658,
                              "Actual Total Time": 56.659,
                              "Actual Rows": 1759299,
                              "Actual Loops": 1,
                              "Index Cond": "(person_id < 175411)"
                            }
                          ]
                        },
                        {
                          "Node Type": "Hash",
                          "Parent Relationship": "Inner",
                          "Parallel Aware": true,
                          "Startup Cost": 45479.1,
                          "Total Cost": 45479.1,
                          "Plan Rows": 77130,
                          "Plan Width": 4,
                          "Actual Startup Time": 92.509,
                          "Actual Total Time": 92.51,
                          "Actual Rows": 38086,
                          "Actual Loops": 7,
                          "Hash Buckets": 524288,
                          "Original Hash Buckets": 524288,
                          "Hash Batches": 1,
                          "Original Hash Batches": 1,
                          "Peak Memory Usage": 14656,
                          "Plans": [
                            {
                              "Node Type": "Seq Scan",
                              "Parent Relationship": "Outer",
                              "Parallel Aware": true,
                              "Relation Name": "title",
                              "Alias": "t",
                              "Startup Cost": 0.0,
                              "Total Cost": 45479.1,
                              "Plan Rows": 77130,
                              "Plan Width": 4,
                              "Actual Startup Time": 0.067,
                              "Actual Total Time": 74.955,
                              "Actual Rows": 38086,
                              "Actual Loops": 7,
                              "Filter": "((kind_id < 7) AND (production_year > 2007))",
                              "Rows Removed by Filter": 323102
                            }
                          ]
                        }
                      ]
                    },
                    {
                      "Node Type": "Index Scan",
                      "Parent Relationship": "Inner",
                      "Parallel Aware": false,
                      "Scan Direction": "Forward",
                      "Index Name": "movie_id_movie_info",
                      "Relation Name": "movie_info",
                      "Alias": "mi",
                      "Startup Cost": 0.43,
                      "Total Cost": 2.03,
                      "Plan Rows": 15,
                      "Plan Width": 4,
                      "Actual Startup Time": 0.008,
                      "Actual Total Time": 0.024,
                      "Actual Rows": 6,
                      "Actual Loops": 62978,
                      "Index Cond": "(movie_id = ci.movie_id)",
                      "Rows Removed by Index Recheck": 0,
                      "Filter": "(info_type_id < 6)",
                      "Rows Removed by Filter": 14
                    }
                  ]
                }
              ]
            }
          ]
        }
      ]
    },
    "Planning Time": 1.523,
    "Triggers": [],
    "Execution Time": 519.625
  }
]