{
  "Plan": {
    "Node Type": "Aggregate",
    "Strategy": "Plain",
    "Partial Mode": "Finalize",
    "Parallel Aware": false,
    "Startup Cost": 371111.11,
    "Total Cost": 371111.12,
    "Plan Rows": 1,
    "Plan Width": 8,
    "Actual Startup Time": 2931.942,
    "Actual Total Time": 2980.428,
    "Actual Rows": 1,
    "Actual Loops": 1,
    "Plans": [
      {
        "Node Type": "Gather",
        "Parent Relationship": "Outer",
        "Parallel Aware": false,
        "Startup Cost": 371111.0,
        "Total Cost": 371111.11,
        "Plan Rows": 1,
        "Plan Width": 8,
        "Actual Startup Time": 2926.312,
        "Actual Total Time": 2980.419,
        "Actual Rows": 2,
        "Actual Loops": 1,
        "Workers Planned": 1,
        "Workers Launched": 1,
        "Single Copy": false,
        "Plans": [
          {
            "Node Type": "Aggregate",
            "Strategy": "Plain",
            "Partial Mode": "Partial",
            "Parent Relationship": "Outer",
            "Parallel Aware": false,
            "Startup Cost": 370111.0,
            "Total Cost": 370111.01,
            "Plan Rows": 1,
            "Plan Width": 8,
            "Actual Startup Time": 2914.529,
            "Actual Total Time": 2914.533,
            "Actual Rows": 1,
            "Actual Loops": 2,
            "Plans": [
              {
                "Node Type": "Hash Join",
                "Parent Relationship": "Outer",
                "Parallel Aware": true,
                "Join Type": "Inner",
                "Startup Cost": 71830.85,
                "Total Cost": 357173.56,
                "Plan Rows": 5174976,
                "Plan Width": 0,
                "Actual Startup Time": 558.816,
                "Actual Total Time": 2748.435,
                "Actual Rows": 4228923,
                "Actual Loops": 2,
                "Inner Unique": true,
                "Hash Cond": "(mi.movie_id = t.id)",
                "Plans": [
                  {
                    "Node Type": "Seq Scan",
                    "Parent Relationship": "Outer",
                    "Parallel Aware": true,
                    "Relation Name": "movie_info",
                    "Alias": "mi",
                    "Startup Cost": 0.0,
                    "Total Cost": 270696.42,
                    "Plan Rows": 5579529,
                    "Plan Width": 4,
                    "Actual Startup Time": 0.012,
                    "Actual Total Time": 742.716,
                    "Actual Rows": 4782576,
                    "Actual Loops": 2,
                    "Filter": "(info_type_id < 16)",
                    "Rows Removed by Filter": 2635284
                  },
                  {
                    "Node Type": "Hash",
                    "Parent Relationship": "Inner",
                    "Parallel Aware": true,
                    "Startup Cost": 54588.39,
                    "Total Cost": 54588.39,
                    "Plan Rows": 1379397,
                    "Plan Width": 4,
                    "Actual Startup Time": 536.241,
                    "Actual Total Time": 536.242,
                    "Actual Rows": 1170452,
                    "Actual Loops": 2,
                    "Hash Buckets": 4194304,
                    "Original Hash Buckets": 4194304,
                    "Hash Batches": 1,
                    "Original Hash Batches": 1,
                    "Peak Memory Usage": 124352,
                    "Plans": [
                      {
                        "Node Type": "Seq Scan",
                        "Parent Relationship": "Outer",
                        "Parallel Aware": true,
                        "Relation Name": "title",
                        "Alias": "t",
                        "Startup Cost": 0.0,
                        "Total Cost": 54588.39,
                        "Plan Rows": 1379397,
                        "Plan Width": 4,
                        "Actual Startup Time": 0.027,
                        "Actual Total Time": 184.129,
                        "Actual Rows": 1170452,
                        "Actual Loops": 2,
                        "Filter": "(production_year > 1929)",
                        "Rows Removed by Filter": 93704
                      }
                    ]
                  }
                ]
              }
            ]
          }
        ]
      }
    ]
  },
  "Planning Time": 0.643,
  "Triggers": [],
  "Execution Time": 2980.501
}