[
  {
    "Plan": {
      "Node Type": "Aggregate",
      "Strategy": "Plain",
      "Partial Mode": "Finalize",
      "Parallel Aware": false,
      "Startup Cost": 102275.92,
      "Total Cost": 102275.93,
      "Plan Rows": 1,
      "Plan Width": 8,
      "Actual Startup Time": 368.996,
      "Actual Total Time": 390.66,
      "Actual Rows": 1,
      "Actual Loops": 1,
      "Plans": [
        {
          "Node Type": "Gather",
          "Parent Relationship": "Outer",
          "Parallel Aware": false,
          "Startup Cost": 102275.6,
          "Total Cost": 102275.91,
          "Plan Rows": 3,
          "Plan Width": 8,
          "Actual Startup Time": 368.585,
          "Actual Total Time": 390.648,
          "Actual Rows": 4,
          "Actual Loops": 1,
          "Workers Planned": 3,
          "Workers Launched": 3,
          "Single Copy": false,
          "Plans": [
            {
              "Node Type": "Aggregate",
              "Strategy": "Plain",
              "Partial Mode": "Partial",
              "Parent Relationship": "Outer",
              "Parallel Aware": false,
              "Startup Cost": 101275.6,
              "Total Cost": 101275.61,
              "Plan Rows": 1,
              "Plan Width": 8,
              "Actual Startup Time": 361.0,
              "Actual Total Time": 361.004,
              "Actual Rows": 1,
              "Actual Loops": 4,
              "Plans": [
                {
                  "Node Type": "Nested Loop",
                  "Parent Relationship": "Outer",
                  "Parallel Aware": false,
                  "Join Type": "Inner",
                  "Startup Cost": 45610.61,
                  "Total Cost": 101213.38,
                  "Plan Rows": 24889,
                  "Plan Width": 0,
                  "Actual Startup Time": 135.897,
                  "Actual Total Time": 352.792,
                  "Actual Rows": 154043,
                  "Actual Loops": 4,
                  "Inner Unique": false,
                  "Join Filter": "(t.id = mk.movie_id)",
                  "Rows Removed by Join Filter": 0,
                  "Plans": [
                    {
                      "Node Type": "Hash Join",
                      "Parent Relationship": "Outer",
                      "Parallel Aware": true,
                      "Join Type": "Inner",
                      "Startup Cost": 45610.17,
                      "Total Cost": 75026.06,
                      "Plan Rows": 13911,
                      "Plan Width": 8,
                      "Actual Startup Time": 135.488,
                      "Actual Total Time": 257.376,
                      "Actual Rows": 11260,
                      "Actual Loops": 4,
                      "Inner Unique": true,
                      "Hash Cond": "(mc.movie_id = t.id)",
                      "Plans": [
                        {
                          "Node Type": "Seq Scan",
                          "Parent Relationship": "Outer",
                          "Parallel Aware": true,
                          "Relation Name": "movie_companies",
                          "Alias": "mc",
                          "Startup Cost": 0.0,
                          "Total Cost": 27206.55,
                          "Plan Rows": 841655,
                          "Plan Width": 4,
                          "Actual Startup Time": 0.008,
                          "Actual Total Time": 67.306,
                          "Actual Rows": 652282,
                          "Actual Loops": 4
                        },
                        {
                          "Node Type": "Hash",
                          "Parent Relationship": "Inner",
                          "Parallel Aware": true,
                          "Startup Cost": 45479.59,
                          "Total Cost": 45479.59,
                          "Plan Rows": 10447,
                          "Plan Width": 4,
                          "Actual Startup Time": 107.822,
                          "Actual Total Time": 107.823,
                          "Actual Rows": 9890,
                          "Actual Loops": 4,
                          "Hash Buckets": 65536,
                          "Original Hash Buckets": 65536,
                          "Hash Batches": 1,
                          "Original Hash Batches": 1,
                          "Peak Memory Usage": 2112,
                          "Plans": [
                            {
                              "Node Type": "Seq Scan",
                              "Parent Relationship": "Outer",
                              "Parallel Aware": true,
                              "Relation Name": "title",
                              "Alias": "t",
                              "Startup Cost": 0.0,
                              "Total Cost": 45479.59,
                              "Plan Rows": 10447,
                              "Plan Width": 4,
                              "Actual Startup Time": 48.299,
                              "Actual Total Time": 103.737,
                              "Actual Rows": 9890,
                              "Actual Loops": 4,
                              "Filter": "((kind_id = 1) AND (production_year = 2012))",
                              "Rows Removed by Filter": 622188
                            }
                          ]
                        }
                      ]
                    },
                    {
                      "Node Type": "Index Only Scan",
                      "Parent Relationship": "Inner",
                      "Parallel Aware": false,
                      "Scan Direction": "Forward",
                      "Index Name": "movie_id_movie_keyword",
                      "Relation Name": "movie_keyword",
                      "Alias": "mk",
                      "Startup Cost": 0.43,
                      "Total Cost": 1.31,
                      "Plan Rows": 46,
                      "Plan Width": 4,
                      "Actual Startup Time": 0.004,
                      "Actual Total Time": 0.007,
                      "Actual Rows": 14,
                      "Actual Loops": 45042,
                      "Index Cond": "(movie_id = mc.movie_id)",
                      "Rows Removed by Index Recheck": 0,
                      "Heap Fetches": 616172
                    }
                  ]
                }
              ]
            }
          ]
        }
      ]
    },
    "Planning Time": 0.451,
    "Triggers": [],
    "Execution Time": 390.701
  }
]