[
  {
    "Plan": {
      "Node Type": "Aggregate",
      "Strategy": "Plain",
      "Partial Mode": "Finalize",
      "Parallel Aware": false,
      "Startup Cost": 46504.56,
      "Total Cost": 46504.57,
      "Plan Rows": 1,
      "Plan Width": 8,
      "Actual Startup Time": 96.204,
      "Actual Total Time": 108.766,
      "Actual Rows": 1,
      "Actual Loops": 1,
      "Plans": [
        {
          "Node Type": "Gather",
          "Parent Relationship": "Outer",
          "Parallel Aware": false,
          "Startup Cost": 46504.14,
          "Total Cost": 46504.55,
          "Plan Rows": 4,
          "Plan Width": 8,
          "Actual Startup Time": 96.068,
          "Actual Total Time": 108.758,
          "Actual Rows": 5,
          "Actual Loops": 1,
          "Workers Planned": 4,
          "Workers Launched": 4,
          "Single Copy": false,
          "Plans": [
            {
              "Node Type": "Aggregate",
              "Strategy": "Plain",
              "Partial Mode": "Partial",
              "Parent Relationship": "Outer",
              "Parallel Aware": false,
              "Startup Cost": 45504.14,
              "Total Cost": 45504.15,
              "Plan Rows": 1,
              "Plan Width": 8,
              "Actual Startup Time": 86.634,
              "Actual Total Time": 86.635,
              "Actual Rows": 1,
              "Actual Loops": 5,
              "Plans": [
                {
                  "Node Type": "Seq Scan",
                  "Parent Relationship": "Outer",
                  "Parallel Aware": true,
                  "Relation Name": "title",
                  "Alias": "t",
                  "Startup Cost": 0.0,
                  "Total Cost": 45479.1,
                  "Plan Rows": 10015,
                  "Plan Width": 0,
                  "Actual Startup Time": 0.051,
                  "Actual Total Time": 85.835,
                  "Actual Rows": 8024,
                  "Actual Loops": 5,
                  "Filter": "((kind_id > 6) AND (production_year = 2013))",
                  "Rows Removed by Filter": 497638
                }
              ]
            }
          ]
        }
      ]
    },
    "Planning Time": 0.211,
    "Triggers": [],
    "Execution Time": 108.82
  }
]