[
  {
    "Plan": {
      "Node Type": "Aggregate",
      "Strategy": "Plain",
      "Partial Mode": "Finalize",
      "Parallel Aware": false,
      "Startup Cost": 46648.27,
      "Total Cost": 46648.28,
      "Plan Rows": 1,
      "Plan Width": 8,
      "Actual Startup Time": 178.176,
      "Actual Total Time": 187.834,
      "Actual Rows": 1,
      "Actual Loops": 1,
      "Plans": [
        {
          "Node Type": "Gather",
          "Parent Relationship": "Outer",
          "Parallel Aware": false,
          "Startup Cost": 46647.95,
          "Total Cost": 46648.26,
          "Plan Rows": 3,
          "Plan Width": 8,
          "Actual Startup Time": 178.014,
          "Actual Total Time": 187.826,
          "Actual Rows": 4,
          "Actual Loops": 1,
          "Workers Planned": 3,
          "Workers Launched": 3,
          "Single Copy": false,
          "Plans": [
            {
              "Node Type": "Aggregate",
              "Strategy": "Plain",
              "Partial Mode": "Partial",
              "Parent Relationship": "Outer",
              "Parallel Aware": false,
              "Startup Cost": 45647.95,
              "Total Cost": 45647.96,
              "Plan Rows": 1,
              "Plan Width": 8,
              "Actual Startup Time": 172.758,
              "Actual Total Time": 172.759,
              "Actual Rows": 1,
              "Actual Loops": 4,
              "Plans": [
                {
                  "Node Type": "Seq Scan",
                  "Parent Relationship": "Outer",
                  "Parallel Aware": true,
                  "Relation Name": "movie_keyword",
                  "Alias": "mk",
                  "Startup Cost": 0.0,
                  "Total Cost": 42695.65,
                  "Plan Rows": 1180918,
                  "Plan Width": 0,
                  "Actual Startup Time": 0.039,
                  "Actual Total Time": 128.401,
                  "Actual Rows": 917192,
                  "Actual Loops": 4,
                  "Filter": "(keyword_id < 21488)",
                  "Rows Removed by Filter": 213790
                }
              ]
            }
          ]
        }
      ]
    },
    "Planning Time": 0.102,
    "Triggers": [],
    "Execution Time": 187.866
  }
]