[
  {
    "Plan": {
      "Node Type": "Aggregate",
      "Strategy": "Plain",
      "Partial Mode": "Finalize",
      "Parallel Aware": false,
      "Startup Cost": 31221.35,
      "Total Cost": 31221.36,
      "Plan Rows": 1,
      "Plan Width": 8,
      "Actual Startup Time": 92.308,
      "Actual Total Time": 100.302,
      "Actual Rows": 1,
      "Actual Loops": 1,
      "Plans": [
        {
          "Node Type": "Gather",
          "Parent Relationship": "Outer",
          "Parallel Aware": false,
          "Startup Cost": 31221.03,
          "Total Cost": 31221.34,
          "Plan Rows": 3,
          "Plan Width": 8,
          "Actual Startup Time": 92.185,
          "Actual Total Time": 100.22,
          "Actual Rows": 4,
          "Actual Loops": 1,
          "Workers Planned": 3,
          "Workers Launched": 3,
          "Single Copy": false,
          "Plans": [
            {
              "Node Type": "Aggregate",
              "Strategy": "Plain",
              "Partial Mode": "Partial",
              "Parent Relationship": "Outer",
              "Parallel Aware": false,
              "Startup Cost": 30221.03,
              "Total Cost": 30221.04,
              "Plan Rows": 1,
              "Plan Width": 8,
              "Actual Startup Time": 86.845,
              "Actual Total Time": 86.846,
              "Actual Rows": 1,
              "Actual Loops": 4,
              "Plans": [
                {
                  "Node Type": "Seq Scan",
                  "Parent Relationship": "Outer",
                  "Parallel Aware": true,
                  "Relation Name": "movie_companies",
                  "Alias": "mc",
                  "Startup Cost": 0.0,
                  "Total Cost": 29310.68,
                  "Plan Rows": 364141,
                  "Plan Width": 0,
                  "Actual Startup Time": 18.244,
                  "Actual Total Time": 74.89,
                  "Actual Rows": 283532,
                  "Actual Loops": 4,
                  "Filter": "(company_id > 13494)",
                  "Rows Removed by Filter": 368750
                }
              ]
            }
          ]
        }
      ]
    },
    "Planning Time": 0.118,
    "Triggers": [],
    "Execution Time": 100.34
  }
]