[
  {
    "Plan": {
      "Node Type": "Hash Join",
      "Parallel Aware": false,
      "Join Type": "Inner",
      "Startup Cost": 101166.1,
      "Total Cost": 158103.34,
      "Plan Rows": 1053921,
      "Plan Width": 40,
      "Actual Startup Time": 1951.404,
      "Actual Total Time": 3096.004,
      "Actual Rows": 1043520,
      "Actual Loops": 1,
      "Inner Unique": true,
      "Hash Cond": "(mc.movie_id = t.id)",
      "Plans": [
        {
          "Node Type": "Hash Join",
          "Parent Relationship": "Outer",
          "Parallel Aware": false,
          "Join Type": "Inner",
          "Startup Cost": 8282.43,
          "Total Cost": 62453.13,
          "Plan Rows": 1053921,
          "Plan Width": 40,
          "Actual Startup Time": 114.495,
          "Actual Total Time": 648.674,
          "Actual Rows": 1043520,
          "Actual Loops": 1,
          "Inner Unique": true,
          "Hash Cond": "(mc.company_id = cn.id)",
          "Plans": [
            {
              "Node Type": "Seq Scan",
              "Parent Relationship": "Outer",
              "Parallel Aware": false,
              "Relation Name": "movie_companies",
              "Alias": "mc",
              "Startup Cost": 0.0,
              "Total Cost": 51404.11,
              "Plan Rows": 1053921,
              "Plan Width": 40,
              "Actual Startup Time": 0.047,
              "Actual Total Time": 286.058,
              "Actual Rows": 1043520,
              "Actual Loops": 1,
              "Filter": "(company_id < 6029)",
              "Rows Removed by Filter": 1565609
            },
            {
              "Node Type": "Hash",
              "Parent Relationship": "Inner",
              "Parallel Aware": false,
              "Startup Cost": 5344.97,
              "Total Cost": 5344.97,
              "Plan Rows": 234997,
              "Plan Width": 4,
              "Actual Startup Time": 110.761,
              "Actual Total Time": 110.762,
              "Actual Rows": 234997,
              "Actual Loops": 1,
              "Hash Buckets": 262144,
              "Original Hash Buckets": 262144,
              "Hash Batches": 1,
              "Original Hash Batches": 1,
              "Peak Memory Usage": 10310,
              "Plans": [
                {
                  "Node Type": "Seq Scan",
                  "Parent Relationship": "Outer",
                  "Parallel Aware": false,
                  "Relation Name": "company_name",
                  "Alias": "cn",
                  "Startup Cost": 0.0,
                  "Total Cost": 5344.97,
                  "Plan Rows": 234997,
                  "Plan Width": 4,
                  "Actual Startup Time": 0.07,
                  "Actual Total Time": 52.935,
                  "Actual Rows": 234997,
                  "Actual Loops": 1
                }
              ]
            }
          ]
        },
        {
          "Node Type": "Hash",
          "Parent Relationship": "Inner",
          "Parallel Aware": false,
          "Startup Cost": 61280.52,
          "Total Cost": 61280.52,
          "Plan Rows": 2528252,
          "Plan Width": 4,
          "Actual Startup Time": 1810.366,
          "Actual Total Time": 1810.366,
          "Actual Rows": 2528312,
          "Actual Loops": 1,
          "Hash Buckets": 4194304,
          "Original Hash Buckets": 4194304,
          "Hash Batches": 1,
          "Original Hash Batches": 1,
          "Peak Memory Usage": 121654,
          "Plans": [
            {
              "Node Type": "Seq Scan",
              "Parent Relationship": "Outer",
              "Parallel Aware": false,
              "Relation Name": "title",
              "Alias": "t",
              "Startup Cost": 0.0,
              "Total Cost": 61280.52,
              "Plan Rows": 2528252,
              "Plan Width": 4,
              "Actual Startup Time": 0.053,
              "Actual Total Time": 599.464,
              "Actual Rows": 2528312,
              "Actual Loops": 1
            }
          ]
        }
      ]
    },
    "Planning Time": 4.307,
    "Triggers": [],
    "Execution Time": 3141.136
  }
]