[
  {
    "Plan": {
      "Node Type": "Aggregate",
      "Strategy": "Plain",
      "Partial Mode": "Finalize",
      "Parallel Aware": false,
      "Startup Cost": 190063.09,
      "Total Cost": 190063.1,
      "Plan Rows": 1,
      "Plan Width": 8,
      "Actual Startup Time": 1280.503,
      "Actual Total Time": 1357.595,
      "Actual Rows": 1,
      "Actual Loops": 1,
      "Plans": [
        {
          "Node Type": "Gather",
          "Parent Relationship": "Outer",
          "Parallel Aware": false,
          "Startup Cost": 190062.88,
          "Total Cost": 190063.09,
          "Plan Rows": 2,
          "Plan Width": 8,
          "Actual Startup Time": 1278.156,
          "Actual Total Time": 1357.584,
          "Actual Rows": 3,
          "Actual Loops": 1,
          "Workers Planned": 2,
          "Workers Launched": 2,
          "Single Copy": false,
          "Plans": [
            {
              "Node Type": "Aggregate",
              "Strategy": "Plain",
              "Partial Mode": "Partial",
              "Parent Relationship": "Outer",
              "Parallel Aware": false,
              "Startup Cost": 189062.88,
              "Total Cost": 189062.89,
              "Plan Rows": 1,
              "Plan Width": 8,
              "Actual Startup Time": 1269.826,
              "Actual Total Time": 1269.831,
              "Actual Rows": 1,
              "Actual Loops": 3,
              "Plans": [
                {
                  "Node Type": "Nested Loop",
                  "Parent Relationship": "Outer",
                  "Parallel Aware": false,
                  "Join Type": "Inner",
                  "Startup Cost": 47371.62,
                  "Total Cost": 189003.68,
                  "Plan Rows": 23678,
                  "Plan Width": 0,
                  "Actual Startup Time": 234.152,
                  "Actual Total Time": 1261.122,
                  "Actual Rows": 83774,
                  "Actual Loops": 3,
                  "Inner Unique": false,
                  "Plans": [
                    {
                      "Node Type": "Hash Join",
                      "Parent Relationship": "Outer",
                      "Parallel Aware": true,
                      "Join Type": "Inner",
                      "Startup Cost": 47371.19,
                      "Total Cost": 63001.13,
                      "Plan Rows": 46263,
                      "Plan Width": 8,
                      "Actual Startup Time": 233.99,
                      "Actual Total Time": 376.83,
                      "Actual Rows": 80035,
                      "Actual Loops": 3,
                      "Inner Unique": true,
                      "Hash Cond": "(mi_idx.movie_id = t.id)",
                      "Plans": [
                        {
                          "Node Type": "Seq Scan",
                          "Parent Relationship": "Outer",
                          "Parallel Aware": true,
                          "Relation Name": "movie_info_idx",
                          "Alias": "mi_idx",
                          "Startup Cost": 0.0,
                          "Total Cost": 15122.68,
                          "Plan Rows": 193243,
                          "Plan Width": 4,
                          "Actual Startup Time": 0.014,
                          "Actual Total Time": 57.64,
                          "Actual Rows": 153308,
                          "Actual Loops": 3,
                          "Filter": "(info_type_id = 101)",
                          "Rows Removed by Filter": 306703
                        },
                        {
                          "Node Type": "Hash",
                          "Parent Relationship": "Inner",
                          "Parallel Aware": true,
                          "Startup Cost": 45479.59,
                          "Total Cost": 45479.59,
                          "Plan Rows": 151328,
                          "Plan Width": 4,
                          "Actual Startup Time": 228.935,
                          "Actual Total Time": 228.937,
                          "Actual Rows": 225230,
                          "Actual Loops": 3,
                          "Hash Buckets": 1048576,
                          "Original Hash Buckets": 1048576,
                          "Hash Batches": 1,
                          "Original Hash Batches": 1,
                          "Peak Memory Usage": 34656,
                          "Plans": [
                            {
                              "Node Type": "Seq Scan",
                              "Parent Relationship": "Outer",
                              "Parallel Aware": true,
                              "Relation Name": "title",
                              "Alias": "t",
                              "Startup Cost": 0.0,
                              "Total Cost": 45479.59,
                              "Plan Rows": 151328,
                              "Plan Width": 4,
                              "Actual Startup Time": 0.049,
                              "Actual Total Time": 144.332,
                              "Actual Rows": 225230,
                              "Actual Loops": 3,
                              "Filter": "((kind_id < 7) AND (production_year < 2007))",
                              "Rows Removed by Filter": 617541
                            }
                          ]
                        }
                      ]
                    },
                    {
                      "Node Type": "Index Scan",
                      "Parent Relationship": "Inner",
                      "Parallel Aware": false,
                      "Scan Direction": "Forward",
                      "Index Name": "movie_id_movie_info",
                      "Relation Name": "movie_info",
                      "Alias": "mi",
                      "Startup Cost": 0.43,
                      "Total Cost": 2.68,
                      "Plan Rows": 4,
                      "Plan Width": 4,
                      "Actual Startup Time": 0.004,
                      "Actual Total Time": 0.011,
                      "Actual Rows": 1,
                      "Actual Loops": 240106,
                      "Index Cond": "(movie_id = t.id)",
                      "Rows Removed by Index Recheck": 0,
                      "Filter": "(info_type_id = 4)",
                      "Rows Removed by Filter": 17
                    }
                  ]
                }
              ]
            }
          ]
        }
      ]
    },
    "Planning Time": 0.866,
    "Triggers": [],
    "Execution Time": 1357.683
  }
]