[
    {
        "Bao": {
            "Bao prediction": 2632.749,
            "Bao recommended hint": "SET enable_nestloop TO off; "
        }
    },
    {
        "Plan": {
            "Node Type": "Aggregate",
            "Strategy": "Plain",
            "Partial Mode": "Finalize",
            "Parallel Aware": false,
            "Startup Cost": 767326.2,
            "Total Cost": 767326.21,
            "Plan Rows": 1,
            "Plan Width": 64,
            "Actual Startup Time": 4266.764,
            "Actual Total Time": 4459.385,
            "Actual Rows": 1,
            "Actual Loops": 1,
            "Output": [
                "min(n.name)",
                "min(t.title)"
            ],
            "Plans": [
                {
                    "Node Type": "Gather",
                    "Parent Relationship": "Outer",
                    "Parallel Aware": false,
                    "Startup Cost": 767325.88,
                    "Total Cost": 767326.19,
                    "Plan Rows": 3,
                    "Plan Width": 64,
                    "Actual Startup Time": 4224.639,
                    "Actual Total Time": 4459.361,
                    "Actual Rows": 4,
                    "Actual Loops": 1,
                    "Output": [
                        "(PARTIAL min(n.name))",
                        "(PARTIAL min(t.title))"
                    ],
                    "Workers Planned": 3,
                    "Workers Launched": 3,
                    "Single Copy": false,
                    "Plans": [
                        {
                            "Node Type": "Aggregate",
                            "Strategy": "Plain",
                            "Partial Mode": "Partial",
                            "Parent Relationship": "Outer",
                            "Parallel Aware": false,
                            "Startup Cost": 766325.88,
                            "Total Cost": 766325.89,
                            "Plan Rows": 1,
                            "Plan Width": 64,
                            "Actual Startup Time": 4212.732,
                            "Actual Total Time": 4213.166,
                            "Actual Rows": 1,
                            "Actual Loops": 4,
                            "Output": [
                                "PARTIAL min(n.name)",
                                "PARTIAL min(t.title)"
                            ],
                            "Workers": [
                                {
                                    "Worker Number": 0,
                                    "Actual Startup Time": 4209.952,
                                    "Actual Total Time": 4209.972,
                                    "Actual Rows": 1,
                                    "Actual Loops": 1
                                },
                                {
                                    "Worker Number": 1,
                                    "Actual Startup Time": 4208.903,
                                    "Actual Total Time": 4208.932,
                                    "Actual Rows": 1,
                                    "Actual Loops": 1
                                },
                                {
                                    "Worker Number": 2,
                                    "Actual Startup Time": 4209.628,
                                    "Actual Total Time": 4209.651,
                                    "Actual Rows": 1,
                                    "Actual Loops": 1
                                }
                            ],
                            "Plans": [
                                {
                                    "Node Type": "Hash Join",
                                    "Parent Relationship": "Outer",
                                    "Parallel Aware": true,
                                    "Join Type": "Inner",
                                    "Startup Cost": 750916.35,
                                    "Total Cost": 766311.1,
                                    "Plan Rows": 2955,
                                    "Plan Width": 32,
                                    "Actual Startup Time": 4106.745,
                                    "Actual Total Time": 4195.073,
                                    "Actual Rows": 246903,
                                    "Actual Loops": 4,
                                    "Output": [
                                        "n.name",
                                        "t.title"
                                    ],
                                    "Inner Unique": false,
                                    "Hash Cond": "(an.person_id = n.id)",
                                    "Workers": [
                                        {
                                            "Worker Number": 0,
                                            "Actual Startup Time": 4103.092,
                                            "Actual Total Time": 4187.506,
                                            "Actual Rows": 308282,
                                            "Actual Loops": 1
                                        },
                                        {
                                            "Worker Number": 1,
                                            "Actual Startup Time": 4103.314,
                                            "Actual Total Time": 4186.056,
                                            "Actual Rows": 318671,
                                            "Actual Loops": 1
                                        },
                                        {
                                            "Worker Number": 2,
                                            "Actual Startup Time": 4103.908,
                                            "Actual Total Time": 4198.329,
                                            "Actual Rows": 161687,
                                            "Actual Loops": 1
                                        }
                                    ],
                                    "Plans": [
                                        {
                                            "Node Type": "Seq Scan",
                                            "Parent Relationship": "Outer",
                                            "Parallel Aware": true,
                                            "Relation Name": "aka_name",
                                            "Schema": "public",
                                            "Alias": "an",
                                            "Startup Cost": 0.0,
                                            "Total Cost": 14303.56,
                                            "Plan Rows": 290756,
                                            "Plan Width": 4,
                                            "Actual Startup Time": 0.026,
                                            "Actual Total Time": 24.497,
                                            "Actual Rows": 225336,
                                            "Actual Loops": 4,
                                            "Output": [
                                                "an.id",
                                                "an.person_id",
                                                "an.name",
                                                "an.imdb_index",
                                                "an.name_pcode_cf",
                                                "an.name_pcode_nf",
                                                "an.surname_pcode",
                                                "an.md5sum"
                                            ],
                                            "Workers": [
                                                {
                                                    "Worker Number": 0,
                                                    "Actual Startup Time": 0.027,
                                                    "Actual Total Time": 21.219,
                                                    "Actual Rows": 193048,
                                                    "Actual Loops": 1
                                                },
                                                {
                                                    "Worker Number": 1,
                                                    "Actual Startup Time": 0.031,
                                                    "Actual Total Time": 20.523,
                                                    "Actual Rows": 189649,
                                                    "Actual Loops": 1
                                                },
                                                {
                                                    "Worker Number": 2,
                                                    "Actual Startup Time": 0.034,
                                                    "Actual Total Time": 29.485,
                                                    "Actual Rows": 257845,
                                                    "Actual Loops": 1
                                                }
                                            ]
                                        },
                                        {
                                            "Node Type": "Hash",
                                            "Parent Relationship": "Inner",
                                            "Parallel Aware": true,
                                            "Startup Cost": 750900.95,
                                            "Total Cost": 750900.95,
                                            "Plan Rows": 1232,
                                            "Plan Width": 40,
                                            "Actual Startup Time": 4105.461,
                                            "Actual Total Time": 4105.893,
                                            "Actual Rows": 109577,
                                            "Actual Loops": 4,
                                            "Output": [
                                                "ci.person_id",
                                                "n.name",
                                                "n.id",
                                                "t.title"
                                            ],
                                            "Hash Buckets": 524288,
                                            "Original Hash Buckets": 4096,
                                            "Hash Batches": 1,
                                            "Original Hash Batches": 1,
                                            "Peak Memory Usage": 41728,
                                            "Workers": [
                                                {
                                                    "Worker Number": 0,
                                                    "Actual Startup Time": 4102.267,
                                                    "Actual Total Time": 4102.286,
                                                    "Actual Rows": 112640,
                                                    "Actual Loops": 1
                                                },
                                                {
                                                    "Worker Number": 1,
                                                    "Actual Startup Time": 4102.259,
                                                    "Actual Total Time": 4102.286,
                                                    "Actual Rows": 119735,
                                                    "Actual Loops": 1
                                                },
                                                {
                                                    "Worker Number": 2,
                                                    "Actual Startup Time": 4102.977,
                                                    "Actual Total Time": 4102.999,
                                                    "Actual Rows": 100101,
                                                    "Actual Loops": 1
                                                }
                                            ],
                                            "Plans": [
                                                {
                                                    "Node Type": "Hash Join",
                                                    "Parent Relationship": "Outer",
                                                    "Parallel Aware": true,
                                                    "Join Type": "Inner",
                                                    "Startup Cost": 720527.61,
                                                    "Total Cost": 750900.95,
                                                    "Plan Rows": 1232,
                                                    "Plan Width": 40,
                                                    "Actual Startup Time": 3853.379,
                                                    "Actual Total Time": 4054.363,
                                                    "Actual Rows": 109577,
                                                    "Actual Loops": 4,
                                                    "Output": [
                                                        "ci.person_id",
                                                        "n.name",
                                                        "n.id",
                                                        "t.title"
                                                    ],
                                                    "Inner Unique": true,
                                                    "Hash Cond": "(mc.company_id = cn.id)",
                                                    "Workers": [
                                                        {
                                                            "Worker Number": 0,
                                                            "Actual Startup Time": 3850.072,
                                                            "Actual Total Time": 4046.706,
                                                            "Actual Rows": 112640,
                                                            "Actual Loops": 1
                                                        },
                                                        {
                                                            "Worker Number": 1,
                                                            "Actual Startup Time": 3850.059,
                                                            "Actual Total Time": 4050.067,
                                                            "Actual Rows": 119735,
                                                            "Actual Loops": 1
                                                        },
                                                        {
                                                            "Worker Number": 2,
                                                            "Actual Startup Time": 3851.5,
                                                            "Actual Total Time": 4055.655,
                                                            "Actual Rows": 100101,
                                                            "Actual Loops": 1
                                                        }
                                                    ],
                                                    "Plans": [
                                                        {
                                                            "Node Type": "Hash Join",
                                                            "Parent Relationship": "Outer",
                                                            "Parallel Aware": true,
                                                            "Join Type": "Inner",
                                                            "Startup Cost": 715176.59,
                                                            "Total Cost": 745541.04,
                                                            "Plan Rows": 3388,
                                                            "Plan Width": 44,
                                                            "Actual Startup Time": 3822.449,
                                                            "Actual Total Time": 3990.195,
                                                            "Actual Rows": 435583,
                                                            "Actual Loops": 4,
                                                            "Output": [
                                                                "ci.person_id",
                                                                "mc.company_id",
                                                                "n.name",
                                                                "n.id",
                                                                "t.title"
                                                            ],
                                                            "Inner Unique": false,
                                                            "Hash Cond": "(mc.movie_id = t.id)",
                                                            "Workers": [
                                                                {
                                                                    "Worker Number": 0,
                                                                    "Actual Startup Time": 3822.551,
                                                                    "Actual Total Time": 3985.147,
                                                                    "Actual Rows": 462991,
                                                                    "Actual Loops": 1
                                                                },
                                                                {
                                                                    "Worker Number": 1,
                                                                    "Actual Startup Time": 3822.537,
                                                                    "Actual Total Time": 3991.023,
                                                                    "Actual Rows": 400523,
                                                                    "Actual Loops": 1
                                                                },
                                                                {
                                                                    "Worker Number": 2,
                                                                    "Actual Startup Time": 3822.351,
                                                                    "Actual Total Time": 3993.087,
                                                                    "Actual Rows": 475396,
                                                                    "Actual Loops": 1
                                                                }
                                                            ],
                                                            "Plans": [
                                                                {
                                                                    "Node Type": "Seq Scan",
                                                                    "Parent Relationship": "Outer",
                                                                    "Parallel Aware": true,
                                                                    "Relation Name": "movie_companies",
                                                                    "Schema": "public",
                                                                    "Alias": "mc",
                                                                    "Startup Cost": 0.0,
                                                                    "Total Cost": 27206.55,
                                                                    "Plan Rows": 841655,
                                                                    "Plan Width": 8,
                                                                    "Actual Startup Time": 0.025,
                                                                    "Actual Total Time": 54.598,
                                                                    "Actual Rows": 652282,
                                                                    "Actual Loops": 4,
                                                                    "Output": [
                                                                        "mc.id",
                                                                        "mc.movie_id",
                                                                        "mc.company_id",
                                                                        "mc.company_type_id",
                                                                        "mc.note"
                                                                    ],
                                                                    "Workers": [
                                                                        {
                                                                            "Worker Number": 0,
                                                                            "Actual Startup Time": 0.024,
                                                                            "Actual Total Time": 52.379,
                                                                            "Actual Rows": 649933,
                                                                            "Actual Loops": 1
                                                                        },
                                                                        {
                                                                            "Worker Number": 1,
                                                                            "Actual Startup Time": 0.033,
                                                                            "Actual Total Time": 57.208,
                                                                            "Actual Rows": 713709,
                                                                            "Actual Loops": 1
                                                                        },
                                                                        {
                                                                            "Worker Number": 2,
                                                                            "Actual Startup Time": 0.031,
                                                                            "Actual Total Time": 54.597,
                                                                            "Actual Rows": 628434,
                                                                            "Actual Loops": 1
                                                                        }
                                                                    ]
                                                                },
                                                                {
                                                                    "Node Type": "Hash",
                                                                    "Parent Relationship": "Inner",
                                                                    "Parallel Aware": true,
                                                                    "Startup Cost": 715170.19,
                                                                    "Total Cost": 715170.19,
                                                                    "Plan Rows": 512,
                                                                    "Plan Width": 52,
                                                                    "Actual Startup Time": 3822.196,
                                                                    "Actual Total Time": 3822.622,
                                                                    "Actual Rows": 39815,
                                                                    "Actual Loops": 4,
                                                                    "Output": [
                                                                        "ci.movie_id",
                                                                        "ci.person_id",
                                                                        "mi.movie_id",
                                                                        "n.name",
                                                                        "n.id",
                                                                        "t.title",
                                                                        "t.id"
                                                                    ],
                                                                    "Hash Buckets": 262144,
                                                                    "Original Hash Buckets": 2048,
                                                                    "Hash Batches": 1,
                                                                    "Original Hash Batches": 1,
                                                                    "Peak Memory Usage": 18640,
                                                                    "Workers": [
                                                                        {
                                                                            "Worker Number": 0,
                                                                            "Actual Startup Time": 3822.12,
                                                                            "Actual Total Time": 3822.135,
                                                                            "Actual Rows": 41195,
                                                                            "Actual Loops": 1
                                                                        },
                                                                        {
                                                                            "Worker Number": 1,
                                                                            "Actual Startup Time": 3822.207,
                                                                            "Actual Total Time": 3822.23,
                                                                            "Actual Rows": 44523,
                                                                            "Actual Loops": 1
                                                                        },
                                                                        {
                                                                            "Worker Number": 2,
                                                                            "Actual Startup Time": 3822.194,
                                                                            "Actual Total Time": 3822.211,
                                                                            "Actual Rows": 38130,
                                                                            "Actual Loops": 1
                                                                        }
                                                                    ],
                                                                    "Plans": [
                                                                        {
                                                                            "Node Type": "Hash Join",
                                                                            "Parent Relationship": "Outer",
                                                                            "Parallel Aware": true,
                                                                            "Join Type": "Inner",
                                                                            "Startup Cost": 670422.39,
                                                                            "Total Cost": 715170.19,
                                                                            "Plan Rows": 512,
                                                                            "Plan Width": 52,
                                                                            "Actual Startup Time": 3573.194,
                                                                            "Actual Total Time": 3757.283,
                                                                            "Actual Rows": 39815,
                                                                            "Actual Loops": 4,
                                                                            "Output": [
                                                                                "ci.movie_id",
                                                                                "ci.person_id",
                                                                                "mi.movie_id",
                                                                                "n.name",
                                                                                "n.id",
                                                                                "t.title",
                                                                                "t.id"
                                                                            ],
                                                                            "Inner Unique": true,
                                                                            "Hash Cond": "(ci.person_role_id = chn.id)",
                                                                            "Workers": [
                                                                                {
                                                                                    "Worker Number": 0,
                                                                                    "Actual Startup Time": 3573.145,
                                                                                    "Actual Total Time": 3754.447,
                                                                                    "Actual Rows": 41195,
                                                                                    "Actual Loops": 1
                                                                                },
                                                                                {
                                                                                    "Worker Number": 1,
                                                                                    "Actual Startup Time": 3573.187,
                                                                                    "Actual Total Time": 3759.668,
                                                                                    "Actual Rows": 44523,
                                                                                    "Actual Loops": 1
                                                                                },
                                                                                {
                                                                                    "Worker Number": 2,
                                                                                    "Actual Startup Time": 3573.132,
                                                                                    "Actual Total Time": 3758.621,
                                                                                    "Actual Rows": 38130,
                                                                                    "Actual Loops": 1
                                                                                }
                                                                            ],
                                                                            "Plans": [
                                                                                {
                                                                                    "Node Type": "Hash Join",
                                                                                    "Parent Relationship": "Outer",
                                                                                    "Parallel Aware": true,
                                                                                    "Join Type": "Inner",
                                                                                    "Startup Cost": 616309.51,
                                                                                    "Total Cost": 661055.96,
                                                                                    "Plan Rows": 512,
                                                                                    "Plan Width": 56,
                                                                                    "Actual Startup Time": 3032.404,
                                                                                    "Actual Total Time": 3193.095,
                                                                                    "Actual Rows": 43480,
                                                                                    "Actual Loops": 4,
                                                                                    "Output": [
                                                                                        "ci.movie_id",
                                                                                        "ci.person_id",
                                                                                        "ci.person_role_id",
                                                                                        "mi.movie_id",
                                                                                        "n.name",
                                                                                        "n.id",
                                                                                        "t.title",
                                                                                        "t.id"
                                                                                    ],
                                                                                    "Inner Unique": false,
                                                                                    "Hash Cond": "(t.id = mi.movie_id)",
                                                                                    "Workers": [
                                                                                        {
                                                                                            "Worker Number": 0,
                                                                                            "Actual Startup Time": 3032.342,
                                                                                            "Actual Total Time": 3189.193,
                                                                                            "Actual Rows": 47030,
                                                                                            "Actual Loops": 1
                                                                                        },
                                                                                        {
                                                                                            "Worker Number": 1,
                                                                                            "Actual Startup Time": 3032.441,
                                                                                            "Actual Total Time": 3196.112,
                                                                                            "Actual Rows": 48210,
                                                                                            "Actual Loops": 1
                                                                                        },
                                                                                        {
                                                                                            "Worker Number": 2,
                                                                                            "Actual Startup Time": 3032.329,
                                                                                            "Actual Total Time": 3195.381,
                                                                                            "Actual Rows": 40827,
                                                                                            "Actual Loops": 1
                                                                                        }
                                                                                    ],
                                                                                    "Plans": [
                                                                                        {
                                                                                            "Node Type": "Seq Scan",
                                                                                            "Parent Relationship": "Outer",
                                                                                            "Parallel Aware": true,
                                                                                            "Relation Name": "title",
                                                                                            "Schema": "public",
                                                                                            "Alias": "t",
                                                                                            "Startup Cost": 0.0,
                                                                                            "Total Cost": 43899.32,
                                                                                            "Plan Rows": 225629,
                                                                                            "Plan Width": 21,
                                                                                            "Actual Startup Time": 0.043,
                                                                                            "Actual Total Time": 99.106,
                                                                                            "Actual Rows": 226123,
                                                                                            "Actual Loops": 4,
                                                                                            "Output": [
                                                                                                "t.id",
                                                                                                "t.title",
                                                                                                "t.imdb_index",
                                                                                                "t.kind_id",
                                                                                                "t.production_year",
                                                                                                "t.imdb_id",
                                                                                                "t.phonetic_code",
                                                                                                "t.episode_of_id",
                                                                                                "t.season_nr",
                                                                                                "t.episode_nr",
                                                                                                "t.series_years",
                                                                                                "t.md5sum"
                                                                                            ],
                                                                                            "Filter": "(t.production_year > 2006)",
                                                                                            "Rows Removed by Filter": 405955,
                                                                                            "Workers": [
                                                                                                {
                                                                                                    "Worker Number": 0,
                                                                                                    "Actual Startup Time": 0.048,
                                                                                                    "Actual Total Time": 97.148,
                                                                                                    "Actual Rows": 235243,
                                                                                                    "Actual Loops": 1
                                                                                                },
                                                                                                {
                                                                                                    "Worker Number": 1,
                                                                                                    "Actual Startup Time": 0.039,
                                                                                                    "Actual Total Time": 100.883,
                                                                                                    "Actual Rows": 253568,
                                                                                                    "Actual Loops": 1
                                                                                                },
                                                                                                {
                                                                                                    "Worker Number": 2,
                                                                                                    "Actual Startup Time": 0.057,
                                                                                                    "Actual Total Time": 99.194,
                                                                                                    "Actual Rows": 236703,
                                                                                                    "Actual Loops": 1
                                                                                                }
                                                                                            ]
                                                                                        },
                                                                                        {
                                                                                            "Node Type": "Hash",
                                                                                            "Parent Relationship": "Inner",
                                                                                            "Parallel Aware": true,
                                                                                            "Startup Cost": 616295.17,
                                                                                            "Total Cost": 616295.17,
                                                                                            "Plan Rows": 1147,
                                                                                            "Plan Width": 35,
                                                                                            "Actual Startup Time": 3032.132,
                                                                                            "Actual Total Time": 3032.552,
                                                                                            "Actual Rows": 109708,
                                                                                            "Actual Loops": 4,
                                                                                            "Output": [
                                                                                                "ci.movie_id",
                                                                                                "ci.person_id",
                                                                                                "ci.person_role_id",
                                                                                                "mi.movie_id",
                                                                                                "n.name",
                                                                                                "n.id"
                                                                                            ],
                                                                                            "Hash Buckets": 524288,
                                                                                            "Original Hash Buckets": 8192,
                                                                                            "Hash Batches": 1,
                                                                                            "Original Hash Batches": 1,
                                                                                            "Peak Memory Usage": 38624,
                                                                                            "Workers": [
                                                                                                {
                                                                                                    "Worker Number": 0,
                                                                                                    "Actual Startup Time": 3032.189,
                                                                                                    "Actual Total Time": 3032.199,
                                                                                                    "Actual Rows": 100567,
                                                                                                    "Actual Loops": 1
                                                                                                },
                                                                                                {
                                                                                                    "Worker Number": 1,
                                                                                                    "Actual Startup Time": 3032.013,
                                                                                                    "Actual Total Time": 3032.031,
                                                                                                    "Actual Rows": 105086,
                                                                                                    "Actual Loops": 1
                                                                                                },
                                                                                                {
                                                                                                    "Worker Number": 2,
                                                                                                    "Actual Startup Time": 3032.14,
                                                                                                    "Actual Total Time": 3032.151,
                                                                                                    "Actual Rows": 135343,
                                                                                                    "Actual Loops": 1
                                                                                                }
                                                                                            ],
                                                                                            "Plans": [
                                                                                                {
                                                                                                    "Node Type": "Hash Join",
                                                                                                    "Parent Relationship": "Outer",
                                                                                                    "Parallel Aware": true,
                                                                                                    "Join Type": "Inner",
                                                                                                    "Startup Cost": 416423.01,
                                                                                                    "Total Cost": 616295.17,
                                                                                                    "Plan Rows": 1147,
                                                                                                    "Plan Width": 35,
                                                                                                    "Actual Startup Time": 2191.952,
                                                                                                    "Actual Total Time": 2961.033,
                                                                                                    "Actual Rows": 109708,
                                                                                                    "Actual Loops": 4,
                                                                                                    "Output": [
                                                                                                        "ci.movie_id",
                                                                                                        "ci.person_id",
                                                                                                        "ci.person_role_id",
                                                                                                        "mi.movie_id",
                                                                                                        "n.name",
                                                                                                        "n.id"
                                                                                                    ],
                                                                                                    "Inner Unique": false,
                                                                                                    "Hash Cond": "(mi.movie_id = ci.movie_id)",
                                                                                                    "Workers": [
                                                                                                        {
                                                                                                            "Worker Number": 0,
                                                                                                            "Actual Startup Time": 2191.894,
                                                                                                            "Actual Total Time": 2954.62,
                                                                                                            "Actual Rows": 100567,
                                                                                                            "Actual Loops": 1
                                                                                                        },
                                                                                                        {
                                                                                                            "Worker Number": 1,
                                                                                                            "Actual Startup Time": 2191.995,
                                                                                                            "Actual Total Time": 2968.091,
                                                                                                            "Actual Rows": 105086,
                                                                                                            "Actual Loops": 1
                                                                                                        },
                                                                                                        {
                                                                                                            "Worker Number": 2,
                                                                                                            "Actual Startup Time": 2192.334,
                                                                                                            "Actual Total Time": 2960.252,
                                                                                                            "Actual Rows": 135343,
                                                                                                            "Actual Loops": 1
                                                                                                        }
                                                                                                    ],
                                                                                                    "Plans": [
                                                                                                        {
                                                                                                            "Node Type": "Hash Join",
                                                                                                            "Parent Relationship": "Outer",
                                                                                                            "Parallel Aware": false,
                                                                                                            "Join Type": "Inner",
                                                                                                            "Startup Cost": 2.43,
                                                                                                            "Total Cost": 199774.14,
                                                                                                            "Plan Rows": 26276,
                                                                                                            "Plan Width": 4,
                                                                                                            "Actual Startup Time": 249.662,
                                                                                                            "Actual Total Time": 866.106,
                                                                                                            "Actual Rows": 759180,
                                                                                                            "Actual Loops": 4,
                                                                                                            "Output": [
                                                                                                                "mi.movie_id"
                                                                                                            ],
                                                                                                            "Inner Unique": true,
                                                                                                            "Hash Cond": "(mi.info_type_id = it.id)",
                                                                                                            "Workers": [
                                                                                                                {
                                                                                                                    "Worker Number": 0,
                                                                                                                    "Actual Startup Time": 249.678,
                                                                                                                    "Actual Total Time": 866.085,
                                                                                                                    "Actual Rows": 663045,
                                                                                                                    "Actual Loops": 1
                                                                                                                },
                                                                                                                {
                                                                                                                    "Worker Number": 1,
                                                                                                                    "Actual Startup Time": 249.708,
                                                                                                                    "Actual Total Time": 873.654,
                                                                                                                    "Actual Rows": 754581,
                                                                                                                    "Actual Loops": 1
                                                                                                                },
                                                                                                                {
                                                                                                                    "Worker Number": 2,
                                                                                                                    "Actual Startup Time": 249.596,
                                                                                                                    "Actual Total Time": 856.427,
                                                                                                                    "Actual Rows": 961341,
                                                                                                                    "Actual Loops": 1
                                                                                                                }
                                                                                                            ],
                                                                                                            "Plans": [
                                                                                                                {
                                                                                                                    "Node Type": "Seq Scan",
                                                                                                                    "Parent Relationship": "Outer",
                                                                                                                    "Parallel Aware": true,
                                                                                                                    "Relation Name": "movie_info",
                                                                                                                    "Schema": "public",
                                                                                                                    "Alias": "mi",
                                                                                                                    "Startup Cost": 0.0,
                                                                                                                    "Total Cost": 191685.19,
                                                                                                                    "Plan Rows": 2969219,
                                                                                                                    "Plan Width": 8,
                                                                                                                    "Actual Startup Time": 0.031,
                                                                                                                    "Actual Total Time": 485.374,
                                                                                                                    "Actual Rows": 3708930,
                                                                                                                    "Actual Loops": 4,
                                                                                                                    "Output": [
                                                                                                                        "mi.id",
                                                                                                                        "mi.movie_id",
                                                                                                                        "mi.info_type_id",
                                                                                                                        "mi.info",
                                                                                                                        "mi.note"
                                                                                                                    ],
                                                                                                                    "Workers": [
                                                                                                                        {
                                                                                                                            "Worker Number": 0,
                                                                                                                            "Actual Startup Time": 0.032,
                                                                                                                            "Actual Total Time": 480.56,
                                                                                                                            "Actual Rows": 3618244,
                                                                                                                            "Actual Loops": 1
                                                                                                                        },
                                                                                                                        {
                                                                                                                            "Worker Number": 1,
                                                                                                                            "Actual Startup Time": 0.038,
                                                                                                                            "Actual Total Time": 485.891,
                                                                                                                            "Actual Rows": 4002699,
                                                                                                                            "Actual Loops": 1
                                                                                                                        },
                                                                                                                        {
                                                                                                                            "Worker Number": 2,
                                                                                                                            "Actual Startup Time": 0.041,
                                                                                                                            "Actual Total Time": 489.162,
                                                                                                                            "Actual Rows": 4144853,
                                                                                                                            "Actual Loops": 1
                                                                                                                        }
                                                                                                                    ]
                                                                                                                },
                                                                                                                {
                                                                                                                    "Node Type": "Hash",
                                                                                                                    "Parent Relationship": "Inner",
                                                                                                                    "Parallel Aware": false,
                                                                                                                    "Startup Cost": 2.41,
                                                                                                                    "Total Cost": 2.41,
                                                                                                                    "Plan Rows": 1,
                                                                                                                    "Plan Width": 4,
                                                                                                                    "Actual Startup Time": 0.07,
                                                                                                                    "Actual Total Time": 0.072,
                                                                                                                    "Actual Rows": 1,
                                                                                                                    "Actual Loops": 4,
                                                                                                                    "Output": [
                                                                                                                        "it.id"
                                                                                                                    ],
                                                                                                                    "Hash Buckets": 1024,
                                                                                                                    "Original Hash Buckets": 1024,
                                                                                                                    "Hash Batches": 1,
                                                                                                                    "Original Hash Batches": 1,
                                                                                                                    "Peak Memory Usage": 9,
                                                                                                                    "Workers": [
                                                                                                                        {
                                                                                                                            "Worker Number": 0,
                                                                                                                            "Actual Startup Time": 0.082,
                                                                                                                            "Actual Total Time": 0.083,
                                                                                                                            "Actual Rows": 1,
                                                                                                                            "Actual Loops": 1
                                                                                                                        },
                                                                                                                        {
                                                                                                                            "Worker Number": 1,
                                                                                                                            "Actual Startup Time": 0.077,
                                                                                                                            "Actual Total Time": 0.079,
                                                                                                                            "Actual Rows": 1,
                                                                                                                            "Actual Loops": 1
                                                                                                                        },
                                                                                                                        {
                                                                                                                            "Worker Number": 2,
                                                                                                                            "Actual Startup Time": 0.074,
                                                                                                                            "Actual Total Time": 0.075,
                                                                                                                            "Actual Rows": 1,
                                                                                                                            "Actual Loops": 1
                                                                                                                        }
                                                                                                                    ],
                                                                                                                    "Plans": [
                                                                                                                        {
                                                                                                                            "Node Type": "Seq Scan",
                                                                                                                            "Parent Relationship": "Outer",
                                                                                                                            "Parallel Aware": false,
                                                                                                                            "Relation Name": "info_type",
                                                                                                                            "Schema": "public",
                                                                                                                            "Alias": "it",
                                                                                                                            "Startup Cost": 0.0,
                                                                                                                            "Total Cost": 2.41,
                                                                                                                            "Plan Rows": 1,
                                                                                                                            "Plan Width": 4,
                                                                                                                            "Actual Startup Time": 0.051,
                                                                                                                            "Actual Total Time": 0.059,
                                                                                                                            "Actual Rows": 1,
                                                                                                                            "Actual Loops": 4,
                                                                                                                            "Output": [
                                                                                                                                "it.id"
                                                                                                                            ],
                                                                                                                            "Filter": "((it.info)::text = 'release dates'::text)",
                                                                                                                            "Rows Removed by Filter": 112,
                                                                                                                            "Workers": [
                                                                                                                                {
                                                                                                                                    "Worker Number": 0,
                                                                                                                                    "Actual Startup Time": 0.067,
                                                                                                                                    "Actual Total Time": 0.075,
                                                                                                                                    "Actual Rows": 1,
                                                                                                                                    "Actual Loops": 1
                                                                                                                                },
                                                                                                                                {
                                                                                                                                    "Worker Number": 1,
                                                                                                                                    "Actual Startup Time": 0.063,
                                                                                                                                    "Actual Total Time": 0.07,
                                                                                                                                    "Actual Rows": 1,
                                                                                                                                    "Actual Loops": 1
                                                                                                                                },
                                                                                                                                {
                                                                                                                                    "Worker Number": 2,
                                                                                                                                    "Actual Startup Time": 0.052,
                                                                                                                                    "Actual Total Time": 0.061,
                                                                                                                                    "Actual Rows": 1,
                                                                                                                                    "Actual Loops": 1
                                                                                                                                }
                                                                                                                            ]
                                                                                                                        }
                                                                                                                    ]
                                                                                                                }
                                                                                                            ]
                                                                                                        },
                                                                                                        {
                                                                                                            "Node Type": "Hash",
                                                                                                            "Parent Relationship": "Inner",
                                                                                                            "Parallel Aware": true,
                                                                                                            "Startup Cost": 416326.25,
                                                                                                            "Total Cost": 416326.25,
                                                                                                            "Plan Rows": 7547,
                                                                                                            "Plan Width": 31,
                                                                                                            "Actual Startup Time": 1941.746,
                                                                                                            "Actual Total Time": 1942.156,
                                                                                                            "Actual Rows": 55636,
                                                                                                            "Actual Loops": 4,
                                                                                                            "Output": [
                                                                                                                "ci.movie_id",
                                                                                                                "ci.person_id",
                                                                                                                "ci.person_role_id",
                                                                                                                "n.name",
                                                                                                                "n.id"
                                                                                                            ],
                                                                                                            "Hash Buckets": 262144,
                                                                                                            "Original Hash Buckets": 65536,
                                                                                                            "Hash Batches": 1,
                                                                                                            "Original Hash Batches": 1,
                                                                                                            "Peak Memory Usage": 17984,
                                                                                                            "Workers": [
                                                                                                                {
                                                                                                                    "Worker Number": 0,
                                                                                                                    "Actual Startup Time": 1941.81,
                                                                                                                    "Actual Total Time": 1941.815,
                                                                                                                    "Actual Rows": 57285,
                                                                                                                    "Actual Loops": 1
                                                                                                                },
                                                                                                                {
                                                                                                                    "Worker Number": 1,
                                                                                                                    "Actual Startup Time": 1941.592,
                                                                                                                    "Actual Total Time": 1941.598,
                                                                                                                    "Actual Rows": 56125,
                                                                                                                    "Actual Loops": 1
                                                                                                                },
                                                                                                                {
                                                                                                                    "Worker Number": 2,
                                                                                                                    "Actual Startup Time": 1941.801,
                                                                                                                    "Actual Total Time": 1941.808,
                                                                                                                    "Actual Rows": 53180,
                                                                                                                    "Actual Loops": 1
                                                                                                                }
                                                                                                            ],
                                                                                                            "Plans": [
                                                                                                                {
                                                                                                                    "Node Type": "Hash Join",
                                                                                                                    "Parent Relationship": "Outer",
                                                                                                                    "Parallel Aware": false,
                                                                                                                    "Join Type": "Inner",
                                                                                                                    "Startup Cost": 71665.84,
                                                                                                                    "Total Cost": 416326.25,
                                                                                                                    "Plan Rows": 7547,
                                                                                                                    "Plan Width": 31,
                                                                                                                    "Actual Startup Time": 806.267,
                                                                                                                    "Actual Total Time": 1895.164,
                                                                                                                    "Actual Rows": 55636,
                                                                                                                    "Actual Loops": 4,
                                                                                                                    "Output": [
                                                                                                                        "ci.movie_id",
                                                                                                                        "ci.person_id",
                                                                                                                        "ci.person_role_id",
                                                                                                                        "n.name",
                                                                                                                        "n.id"
                                                                                                                    ],
                                                                                                                    "Inner Unique": true,
                                                                                                                    "Hash Cond": "(ci.role_id = rt.id)",
                                                                                                                    "Workers": [
                                                                                                                        {
                                                                                                                            "Worker Number": 0,
                                                                                                                            "Actual Startup Time": 806.297,
                                                                                                                            "Actual Total Time": 1897.848,
                                                                                                                            "Actual Rows": 57285,
                                                                                                                            "Actual Loops": 1
                                                                                                                        },
                                                                                                                        {
                                                                                                                            "Worker Number": 1,
                                                                                                                            "Actual Startup Time": 806.287,
                                                                                                                            "Actual Total Time": 1896.402,
                                                                                                                            "Actual Rows": 56125,
                                                                                                                            "Actual Loops": 1
                                                                                                                        },
                                                                                                                        {
                                                                                                                            "Worker Number": 2,
                                                                                                                            "Actual Startup Time": 806.217,
                                                                                                                            "Actual Total Time": 1891.997,
                                                                                                                            "Actual Rows": 53180,
                                                                                                                            "Actual Loops": 1
                                                                                                                        }
                                                                                                                    ],
                                                                                                                    "Plans": [
                                                                                                                        {
                                                                                                                            "Node Type": "Hash Join",
                                                                                                                            "Parent Relationship": "Outer",
                                                                                                                            "Parallel Aware": true,
                                                                                                                            "Join Type": "Inner",
                                                                                                                            "Startup Cost": 71664.68,
                                                                                                                            "Total Cost": 416003.41,
                                                                                                                            "Plan Rows": 90561,
                                                                                                                            "Plan Width": 35,
                                                                                                                            "Actual Startup Time": 806.171,
                                                                                                                            "Actual Total Time": 1878.758,
                                                                                                                            "Actual Rows": 90627,
                                                                                                                            "Actual Loops": 4,
                                                                                                                            "Output": [
                                                                                                                                "ci.movie_id",
                                                                                                                                "ci.person_id",
                                                                                                                                "ci.role_id",
                                                                                                                                "ci.person_role_id",
                                                                                                                                "n.name",
                                                                                                                                "n.id"
                                                                                                                            ],
                                                                                                                            "Inner Unique": true,
                                                                                                                            "Hash Cond": "(ci.person_id = n.id)",
                                                                                                                            "Workers": [
                                                                                                                                {
                                                                                                                                    "Worker Number": 0,
                                                                                                                                    "Actual Startup Time": 806.202,
                                                                                                                                    "Actual Total Time": 1881.206,
                                                                                                                                    "Actual Rows": 91871,
                                                                                                                                    "Actual Loops": 1
                                                                                                                                },
                                                                                                                                {
                                                                                                                                    "Worker Number": 1,
                                                                                                                                    "Actual Startup Time": 806.189,
                                                                                                                                    "Actual Total Time": 1879.832,
                                                                                                                                    "Actual Rows": 92289,
                                                                                                                                    "Actual Loops": 1
                                                                                                                                },
                                                                                                                                {
                                                                                                                                    "Worker Number": 2,
                                                                                                                                    "Actual Startup Time": 806.095,
                                                                                                                                    "Actual Total Time": 1876.211,
                                                                                                                                    "Actual Rows": 87319,
                                                                                                                                    "Actual Loops": 1
                                                                                                                                }
                                                                                                                            ],
                                                                                                                            "Plans": [
                                                                                                                                {
                                                                                                                                    "Node Type": "Seq Scan",
                                                                                                                                    "Parent Relationship": "Outer",
                                                                                                                                    "Parallel Aware": true,
                                                                                                                                    "Relation Name": "cast_info",
                                                                                                                                    "Schema": "public",
                                                                                                                                    "Alias": "ci",
                                                                                                                                    "Startup Cost": 0.0,
                                                                                                                                    "Total Cost": 343316.27,
                                                                                                                                    "Plan Rows": 389508,
                                                                                                                                    "Plan Width": 16,
                                                                                                                                    "Actual Startup Time": 0.036,
                                                                                                                                    "Actual Total Time": 1413.211,
                                                                                                                                    "Actual Rows": 610826,
                                                                                                                                    "Actual Loops": 4,
                                                                                                                                    "Output": [
                                                                                                                                        "ci.id",
                                                                                                                                        "ci.person_id",
                                                                                                                                        "ci.movie_id",
                                                                                                                                        "ci.person_role_id",
                                                                                                                                        "ci.note",
                                                                                                                                        "ci.nr_order",
                                                                                                                                        "ci.role_id"
                                                                                                                                    ],
                                                                                                                                    "Filter": "(ci.note = ANY ('{\"(executive producer)\",(writer),(voice),\"(as Lauren) (credit only)\"}'::text[]))",
                                                                                                                                    "Rows Removed by Filter": 8450260,
                                                                                                                                    "Workers": [
                                                                                                                                        {
                                                                                                                                            "Worker Number": 0,
                                                                                                                                            "Actual Startup Time": 0.019,
                                                                                                                                            "Actual Total Time": 1416.341,
                                                                                                                                            "Actual Rows": 614978,
                                                                                                                                            "Actual Loops": 1
                                                                                                                                        },
                                                                                                                                        {
                                                                                                                                            "Worker Number": 1,
                                                                                                                                            "Actual Startup Time": 0.016,
                                                                                                                                            "Actual Total Time": 1414.375,
                                                                                                                                            "Actual Rows": 613709,
                                                                                                                                            "Actual Loops": 1
                                                                                                                                        },
                                                                                                                                        {
                                                                                                                                            "Worker Number": 2,
                                                                                                                                            "Actual Startup Time": 0.023,
                                                                                                                                            "Actual Total Time": 1408.758,
                                                                                                                                            "Actual Rows": 595889,
                                                                                                                                            "Actual Loops": 1
                                                                                                                                        }
                                                                                                                                    ]
                                                                                                                                },
                                                                                                                                {
                                                                                                                                    "Node Type": "Hash",
                                                                                                                                    "Parent Relationship": "Inner",
                                                                                                                                    "Parallel Aware": true,
                                                                                                                                    "Startup Cost": 68636.68,
                                                                                                                                    "Total Cost": 68636.68,
                                                                                                                                    "Plan Rows": 242240,
                                                                                                                                    "Plan Width": 19,
                                                                                                                                    "Actual Startup Time": 334.546,
                                                                                                                                    "Actual Total Time": 334.547,
                                                                                                                                    "Actual Rows": 240389,
                                                                                                                                    "Actual Loops": 4,
                                                                                                                                    "Output": [
                                                                                                                                        "n.name",
                                                                                                                                        "n.id"
                                                                                                                                    ],
                                                                                                                                    "Hash Buckets": 1048576,
                                                                                                                                    "Original Hash Buckets": 1048576,
                                                                                                                                    "Hash Batches": 1,
                                                                                                                                    "Original Hash Batches": 1,
                                                                                                                                    "Peak Memory Usage": 60544,
                                                                                                                                    "Workers": [
                                                                                                                                        {
                                                                                                                                            "Worker Number": 0,
                                                                                                                                            "Actual Startup Time": 336.045,
                                                                                                                                            "Actual Total Time": 336.045,
                                                                                                                                            "Actual Rows": 245090,
                                                                                                                                            "Actual Loops": 1
                                                                                                                                        },
                                                                                                                                        {
                                                                                                                                            "Worker Number": 1,
                                                                                                                                            "Actual Startup Time": 330.184,
                                                                                                                                            "Actual Total Time": 330.185,
                                                                                                                                            "Actual Rows": 247489,
                                                                                                                                            "Actual Loops": 1
                                                                                                                                        },
                                                                                                                                        {
                                                                                                                                            "Worker Number": 2,
                                                                                                                                            "Actual Startup Time": 335.939,
                                                                                                                                            "Actual Total Time": 335.94,
                                                                                                                                            "Actual Rows": 224580,
                                                                                                                                            "Actual Loops": 1
                                                                                                                                        }
                                                                                                                                    ],
                                                                                                                                    "Plans": [
                                                                                                                                        {
                                                                                                                                            "Node Type": "Seq Scan",
                                                                                                                                            "Parent Relationship": "Outer",
                                                                                                                                            "Parallel Aware": true,
                                                                                                                                            "Relation Name": "name",
                                                                                                                                            "Schema": "public",
                                                                                                                                            "Alias": "n",
                                                                                                                                            "Startup Cost": 0.0,
                                                                                                                                            "Total Cost": 68636.68,
                                                                                                                                            "Plan Rows": 242240,
                                                                                                                                            "Plan Width": 19,
                                                                                                                                            "Actual Startup Time": 85.736,
                                                                                                                                            "Actual Total Time": 214.981,
                                                                                                                                            "Actual Rows": 240389,
                                                                                                                                            "Actual Loops": 4,
                                                                                                                                            "Output": [
                                                                                                                                                "n.name",
                                                                                                                                                "n.id"
                                                                                                                                            ],
                                                                                                                                            "Filter": "((n.gender)::text = 'f'::text)",
                                                                                                                                            "Rows Removed by Filter": 801484,
                                                                                                                                            "Workers": [
                                                                                                                                                {
                                                                                                                                                    "Worker Number": 0,
                                                                                                                                                    "Actual Startup Time": 85.698,
                                                                                                                                                    "Actual Total Time": 215.829,
                                                                                                                                                    "Actual Rows": 245090,
                                                                                                                                                    "Actual Loops": 1
                                                                                                                                                },
                                                                                                                                                {
                                                                                                                                                    "Worker Number": 1,
                                                                                                                                                    "Actual Startup Time": 85.812,
                                                                                                                                                    "Actual Total Time": 216.286,
                                                                                                                                                    "Actual Rows": 247489,
                                                                                                                                                    "Actual Loops": 1
                                                                                                                                                },
                                                                                                                                                {
                                                                                                                                                    "Worker Number": 2,
                                                                                                                                                    "Actual Startup Time": 85.737,
                                                                                                                                                    "Actual Total Time": 212.394,
                                                                                                                                                    "Actual Rows": 224580,
                                                                                                                                                    "Actual Loops": 1
                                                                                                                                                }
                                                                                                                                            ]
                                                                                                                                        }
                                                                                                                                    ]
                                                                                                                                }
                                                                                                                            ]
                                                                                                                        },
                                                                                                                        {
                                                                                                                            "Node Type": "Hash",
                                                                                                                            "Parent Relationship": "Inner",
                                                                                                                            "Parallel Aware": false,
                                                                                                                            "Startup Cost": 1.15,
                                                                                                                            "Total Cost": 1.15,
                                                                                                                            "Plan Rows": 1,
                                                                                                                            "Plan Width": 4,
                                                                                                                            "Actual Startup Time": 0.062,
                                                                                                                            "Actual Total Time": 0.063,
                                                                                                                            "Actual Rows": 1,
                                                                                                                            "Actual Loops": 4,
                                                                                                                            "Output": [
                                                                                                                                "rt.id"
                                                                                                                            ],
                                                                                                                            "Hash Buckets": 1024,
                                                                                                                            "Original Hash Buckets": 1024,
                                                                                                                            "Hash Batches": 1,
                                                                                                                            "Original Hash Batches": 1,
                                                                                                                            "Peak Memory Usage": 9,
                                                                                                                            "Workers": [
                                                                                                                                {
                                                                                                                                    "Worker Number": 0,
                                                                                                                                    "Actual Startup Time": 0.067,
                                                                                                                                    "Actual Total Time": 0.068,
                                                                                                                                    "Actual Rows": 1,
                                                                                                                                    "Actual Loops": 1
                                                                                                                                },
                                                                                                                                {
                                                                                                                                    "Worker Number": 1,
                                                                                                                                    "Actual Startup Time": 0.072,
                                                                                                                                    "Actual Total Time": 0.073,
                                                                                                                                    "Actual Rows": 1,
                                                                                                                                    "Actual Loops": 1
                                                                                                                                },
                                                                                                                                {
                                                                                                                                    "Worker Number": 2,
                                                                                                                                    "Actual Startup Time": 0.08,
                                                                                                                                    "Actual Total Time": 0.081,
                                                                                                                                    "Actual Rows": 1,
                                                                                                                                    "Actual Loops": 1
                                                                                                                                }
                                                                                                                            ],
                                                                                                                            "Plans": [
                                                                                                                                {
                                                                                                                                    "Node Type": "Seq Scan",
                                                                                                                                    "Parent Relationship": "Outer",
                                                                                                                                    "Parallel Aware": false,
                                                                                                                                    "Relation Name": "role_type",
                                                                                                                                    "Schema": "public",
                                                                                                                                    "Alias": "rt",
                                                                                                                                    "Startup Cost": 0.0,
                                                                                                                                    "Total Cost": 1.15,
                                                                                                                                    "Plan Rows": 1,
                                                                                                                                    "Plan Width": 4,
                                                                                                                                    "Actual Startup Time": 0.048,
                                                                                                                                    "Actual Total Time": 0.051,
                                                                                                                                    "Actual Rows": 1,
                                                                                                                                    "Actual Loops": 4,
                                                                                                                                    "Output": [
                                                                                                                                        "rt.id"
                                                                                                                                    ],
                                                                                                                                    "Filter": "((rt.role)::text = 'actress'::text)",
                                                                                                                                    "Rows Removed by Filter": 11,
                                                                                                                                    "Workers": [
                                                                                                                                        {
                                                                                                                                            "Worker Number": 0,
                                                                                                                                            "Actual Startup Time": 0.053,
                                                                                                                                            "Actual Total Time": 0.056,
                                                                                                                                            "Actual Rows": 1,
                                                                                                                                            "Actual Loops": 1
                                                                                                                                        },
                                                                                                                                        {
                                                                                                                                            "Worker Number": 1,
                                                                                                                                            "Actual Startup Time": 0.057,
                                                                                                                                            "Actual Total Time": 0.06,
                                                                                                                                            "Actual Rows": 1,
                                                                                                                                            "Actual Loops": 1
                                                                                                                                        },
                                                                                                                                        {
                                                                                                                                            "Worker Number": 2,
                                                                                                                                            "Actual Startup Time": 0.065,
                                                                                                                                            "Actual Total Time": 0.068,
                                                                                                                                            "Actual Rows": 1,
                                                                                                                                            "Actual Loops": 1
                                                                                                                                        }
                                                                                                                                    ]
                                                                                                                                }
                                                                                                                            ]
                                                                                                                        }
                                                                                                                    ]
                                                                                                                }
                                                                                                            ]
                                                                                                        }
                                                                                                    ]
                                                                                                }
                                                                                            ]
                                                                                        }
                                                                                    ]
                                                                                },
                                                                                {
                                                                                    "Node Type": "Hash",
                                                                                    "Parent Relationship": "Inner",
                                                                                    "Parallel Aware": true,
                                                                                    "Startup Cost": 44299.06,
                                                                                    "Total Cost": 44299.06,
                                                                                    "Plan Rows": 785106,
                                                                                    "Plan Width": 4,
                                                                                    "Actual Startup Time": 531.656,
                                                                                    "Actual Total Time": 531.657,
                                                                                    "Actual Rows": 785085,
                                                                                    "Actual Loops": 4,
                                                                                    "Output": [
                                                                                        "chn.id"
                                                                                    ],
                                                                                    "Hash Buckets": 4194304,
                                                                                    "Original Hash Buckets": 4194304,
                                                                                    "Hash Batches": 1,
                                                                                    "Original Hash Batches": 1,
                                                                                    "Peak Memory Usage": 155648,
                                                                                    "Workers": [
                                                                                        {
                                                                                            "Worker Number": 0,
                                                                                            "Actual Startup Time": 540.668,
                                                                                            "Actual Total Time": 540.669,
                                                                                            "Actual Rows": 793830,
                                                                                            "Actual Loops": 1
                                                                                        },
                                                                                        {
                                                                                            "Worker Number": 1,
                                                                                            "Actual Startup Time": 540.696,
                                                                                            "Actual Total Time": 540.697,
                                                                                            "Actual Rows": 794989,
                                                                                            "Actual Loops": 1
                                                                                        },
                                                                                        {
                                                                                            "Worker Number": 2,
                                                                                            "Actual Startup Time": 540.679,
                                                                                            "Actual Total Time": 540.68,
                                                                                            "Actual Rows": 726180,
                                                                                            "Actual Loops": 1
                                                                                        }
                                                                                    ],
                                                                                    "Plans": [
                                                                                        {
                                                                                            "Node Type": "Seq Scan",
                                                                                            "Parent Relationship": "Outer",
                                                                                            "Parallel Aware": true,
                                                                                            "Relation Name": "char_name",
                                                                                            "Schema": "public",
                                                                                            "Alias": "chn",
                                                                                            "Startup Cost": 0.0,
                                                                                            "Total Cost": 44299.06,
                                                                                            "Plan Rows": 785106,
                                                                                            "Plan Width": 4,
                                                                                            "Actual Startup Time": 0.05,
                                                                                            "Actual Total Time": 153.495,
                                                                                            "Actual Rows": 785085,
                                                                                            "Actual Loops": 4,
                                                                                            "Output": [
                                                                                                "chn.id"
                                                                                            ],
                                                                                            "Workers": [
                                                                                                {
                                                                                                    "Worker Number": 0,
                                                                                                    "Actual Startup Time": 0.067,
                                                                                                    "Actual Total Time": 155.606,
                                                                                                    "Actual Rows": 793830,
                                                                                                    "Actual Loops": 1
                                                                                                },
                                                                                                {
                                                                                                    "Worker Number": 1,
                                                                                                    "Actual Startup Time": 0.063,
                                                                                                    "Actual Total Time": 155.173,
                                                                                                    "Actual Rows": 794989,
                                                                                                    "Actual Loops": 1
                                                                                                },
                                                                                                {
                                                                                                    "Worker Number": 2,
                                                                                                    "Actual Startup Time": 0.048,
                                                                                                    "Actual Total Time": 148.451,
                                                                                                    "Actual Rows": 726180,
                                                                                                    "Actual Loops": 1
                                                                                                }
                                                                                            ]
                                                                                        }
                                                                                    ]
                                                                                }
                                                                            ]
                                                                        }
                                                                    ]
                                                                }
                                                            ]
                                                        },
                                                        {
                                                            "Node Type": "Hash",
                                                            "Parent Relationship": "Inner",
                                                            "Parallel Aware": true,
                                                            "Startup Cost": 4722.92,
                                                            "Total Cost": 4722.92,
                                                            "Plan Rows": 50248,
                                                            "Plan Width": 4,
                                                            "Actual Startup Time": 29.834,
                                                            "Actual Total Time": 29.835,
                                                            "Actual Rows": 21211,
                                                            "Actual Loops": 4,
                                                            "Output": [
                                                                "cn.id"
                                                            ],
                                                            "Hash Buckets": 131072,
                                                            "Original Hash Buckets": 131072,
                                                            "Hash Batches": 1,
                                                            "Original Hash Batches": 1,
                                                            "Peak Memory Usage": 4416,
                                                            "Workers": [
                                                                {
                                                                    "Worker Number": 0,
                                                                    "Actual Startup Time": 27.403,
                                                                    "Actual Total Time": 27.404,
                                                                    "Actual Rows": 19878,
                                                                    "Actual Loops": 1
                                                                },
                                                                {
                                                                    "Worker Number": 1,
                                                                    "Actual Startup Time": 27.41,
                                                                    "Actual Total Time": 27.411,
                                                                    "Actual Rows": 20067,
                                                                    "Actual Loops": 1
                                                                },
                                                                {
                                                                    "Worker Number": 2,
                                                                    "Actual Startup Time": 28.034,
                                                                    "Actual Total Time": 28.035,
                                                                    "Actual Rows": 18315,
                                                                    "Actual Loops": 1
                                                                }
                                                            ],
                                                            "Plans": [
                                                                {
                                                                    "Node Type": "Seq Scan",
                                                                    "Parent Relationship": "Outer",
                                                                    "Parallel Aware": true,
                                                                    "Relation Name": "company_name",
                                                                    "Schema": "public",
                                                                    "Alias": "cn",
                                                                    "Startup Cost": 0.0,
                                                                    "Total Cost": 4722.92,
                                                                    "Plan Rows": 50248,
                                                                    "Plan Width": 4,
                                                                    "Actual Startup Time": 0.059,
                                                                    "Actual Total Time": 19.784,
                                                                    "Actual Rows": 21211,
                                                                    "Actual Loops": 4,
                                                                    "Output": [
                                                                        "cn.id"
                                                                    ],
                                                                    "Filter": "((cn.country_code)::text = '[us]'::text)",
                                                                    "Rows Removed by Filter": 37538,
                                                                    "Workers": [
                                                                        {
                                                                            "Worker Number": 0,
                                                                            "Actual Startup Time": 0.064,
                                                                            "Actual Total Time": 17.958,
                                                                            "Actual Rows": 19878,
                                                                            "Actual Loops": 1
                                                                        },
                                                                        {
                                                                            "Worker Number": 1,
                                                                            "Actual Startup Time": 0.065,
                                                                            "Actual Total Time": 18.378,
                                                                            "Actual Rows": 20067,
                                                                            "Actual Loops": 1
                                                                        },
                                                                        {
                                                                            "Worker Number": 2,
                                                                            "Actual Startup Time": 0.061,
                                                                            "Actual Total Time": 18.023,
                                                                            "Actual Rows": 18315,
                                                                            "Actual Loops": 1
                                                                        }
                                                                    ]
                                                                }
                                                            ]
                                                        }
                                                    ]
                                                }
                                            ]
                                        }
                                    ]
                                }
                            ]
                        }
                    ]
                }
            ]
        },
        "Planning Time": 2278.717,
        "Triggers": [],
        "Execution Time": 4460.531
    }
]