[
  {
    "Plan": {
      "Node Type": "Aggregate",
      "Strategy": "Plain",
      "Partial Mode": "Finalize",
      "Parallel Aware": false,
      "Startup Cost": 62510.42,
      "Total Cost": 62510.43,
      "Plan Rows": 1,
      "Plan Width": 8,
      "Actual Startup Time": 169.128,
      "Actual Total Time": 176.017,
      "Actual Rows": 1,
      "Actual Loops": 1,
      "Plans": [
        {
          "Node Type": "Gather",
          "Parent Relationship": "Outer",
          "Parallel Aware": false,
          "Startup Cost": 62510.2,
          "Total Cost": 62510.41,
          "Plan Rows": 2,
          "Plan Width": 8,
          "Actual Startup Time": 168.521,
          "Actual Total Time": 176.01,
          "Actual Rows": 3,
          "Actual Loops": 1,
          "Workers Planned": 2,
          "Workers Launched": 2,
          "Single Copy": false,
          "Plans": [
            {
              "Node Type": "Aggregate",
              "Strategy": "Plain",
              "Partial Mode": "Partial",
              "Parent Relationship": "Outer",
              "Parallel Aware": false,
              "Startup Cost": 61510.2,
              "Total Cost": 61510.21,
              "Plan Rows": 1,
              "Plan Width": 8,
              "Actual Startup Time": 165.753,
              "Actual Total Time": 165.756,
              "Actual Rows": 1,
              "Actual Loops": 3,
              "Plans": [
                {
                  "Node Type": "Hash Join",
                  "Parent Relationship": "Outer",
                  "Parallel Aware": true,
                  "Join Type": "Inner",
                  "Startup Cost": 45858.53,
                  "Total Cost": 61487.07,
                  "Plan Rows": 9252,
                  "Plan Width": 0,
                  "Actual Startup Time": 106.237,
                  "Actual Total Time": 165.55,
                  "Actual Rows": 3585,
                  "Actual Loops": 3,
                  "Inner Unique": true,
                  "Hash Cond": "(mi_idx.movie_id = t.id)",
                  "Plans": [
                    {
                      "Node Type": "Seq Scan",
                      "Parent Relationship": "Outer",
                      "Parallel Aware": true,
                      "Relation Name": "movie_info_idx",
                      "Alias": "mi_idx",
                      "Startup Cost": 0.0,
                      "Total Cost": 15122.68,
                      "Plan Rows": 192707,
                      "Plan Width": 4,
                      "Actual Startup Time": 0.019,
                      "Actual Total Time": 36.269,
                      "Actual Rows": 153308,
                      "Actual Loops": 3,
                      "Filter": "(info_type_id = 100)",
                      "Rows Removed by Filter": 306703
                    },
                    {
                      "Node Type": "Hash",
                      "Parent Relationship": "Inner",
                      "Parallel Aware": true,
                      "Startup Cost": 45479.21,
                      "Total Cost": 45479.21,
                      "Plan Rows": 30346,
                      "Plan Width": 4,
                      "Actual Startup Time": 105.139,
                      "Actual Total Time": 105.139,
                      "Actual Rows": 41582,
                      "Actual Loops": 3,
                      "Hash Buckets": 131072,
                      "Original Hash Buckets": 131072,
                      "Hash Batches": 1,
                      "Original Hash Batches": 1,
                      "Peak Memory Usage": 5952,
                      "Plans": [
                        {
                          "Node Type": "Seq Scan",
                          "Parent Relationship": "Outer",
                          "Parallel Aware": true,
                          "Relation Name": "title",
                          "Alias": "t",
                          "Startup Cost": 0.0,
                          "Total Cost": 45479.21,
                          "Plan Rows": 30346,
                          "Plan Width": 4,
                          "Actual Startup Time": 0.016,
                          "Actual Total Time": 92.577,
                          "Actual Rows": 41582,
                          "Actual Loops": 3,
                          "Filter": "((kind_id > 1) AND (production_year = 2012))",
                          "Rows Removed by Filter": 801188
                        }
                      ]
                    }
                  ]
                }
              ]
            }
          ]
        }
      ]
    },
    "Planning Time": 0.251,
    "Triggers": [],
    "Execution Time": 176.048
  }
]