[
  {
    "Plan": {
      "Node Type": "Aggregate",
      "Strategy": "Plain",
      "Partial Mode": "Finalize",
      "Parallel Aware": false,
      "Startup Cost": 356235.44,
      "Total Cost": 356235.45,
      "Plan Rows": 1,
      "Plan Width": 8,
      "Actual Startup Time": 1104.478,
      "Actual Total Time": 1160.913,
      "Actual Rows": 1,
      "Actual Loops": 1,
      "Plans": [
        {
          "Node Type": "Gather",
          "Parent Relationship": "Outer",
          "Parallel Aware": false,
          "Startup Cost": 356234.81,
          "Total Cost": 356235.42,
          "Plan Rows": 6,
          "Plan Width": 8,
          "Actual Startup Time": 1104.279,
          "Actual Total Time": 1160.897,
          "Actual Rows": 7,
          "Actual Loops": 1,
          "Workers Planned": 6,
          "Workers Launched": 6,
          "Single Copy": false,
          "Plans": [
            {
              "Node Type": "Aggregate",
              "Strategy": "Plain",
              "Partial Mode": "Partial",
              "Parent Relationship": "Outer",
              "Parallel Aware": false,
              "Startup Cost": 355234.81,
              "Total Cost": 355234.82,
              "Plan Rows": 1,
              "Plan Width": 8,
              "Actual Startup Time": 1095.808,
              "Actual Total Time": 1095.809,
              "Actual Rows": 1,
              "Actual Loops": 7,
              "Plans": [
                {
                  "Node Type": "Seq Scan",
                  "Parent Relationship": "Outer",
                  "Parallel Aware": true,
                  "Relation Name": "cast_info",
                  "Alias": "ci",
                  "Startup Cost": 0.0,
                  "Total Cost": 343316.27,
                  "Plan Rows": 4767417,
                  "Plan Width": 0,
                  "Actual Startup Time": 0.042,
                  "Actual Total Time": 854.097,
                  "Actual Rows": 4406588,
                  "Actual Loops": 7,
                  "Filter": "((person_id < 3441617) AND (role_id < 10))",
                  "Rows Removed by Filter": 771175
                }
              ]
            }
          ]
        }
      ]
    },
    "Planning Time": 0.107,
    "Triggers": [],
    "Execution Time": 1160.958
  }
]