[
  {
    "Plan": {
      "Node Type": "Aggregate",
      "Strategy": "Plain",
      "Partial Mode": "Finalize",
      "Parallel Aware": false,
      "Startup Cost": 349864.02,
      "Total Cost": 349864.03,
      "Plan Rows": 1,
      "Plan Width": 8,
      "Actual Startup Time": 922.948,
      "Actual Total Time": 987.321,
      "Actual Rows": 1,
      "Actual Loops": 1,
      "Plans": [
        {
          "Node Type": "Gather",
          "Parent Relationship": "Outer",
          "Parallel Aware": false,
          "Startup Cost": 349863.4,
          "Total Cost": 349864.01,
          "Plan Rows": 6,
          "Plan Width": 8,
          "Actual Startup Time": 922.835,
          "Actual Total Time": 987.309,
          "Actual Rows": 7,
          "Actual Loops": 1,
          "Workers Planned": 6,
          "Workers Launched": 6,
          "Single Copy": false,
          "Plans": [
            {
              "Node Type": "Aggregate",
              "Strategy": "Plain",
              "Partial Mode": "Partial",
              "Parent Relationship": "Outer",
              "Parallel Aware": false,
              "Startup Cost": 348863.4,
              "Total Cost": 348863.41,
              "Plan Rows": 1,
              "Plan Width": 8,
              "Actual Startup Time": 914.279,
              "Actual Total Time": 914.281,
              "Actual Rows": 1,
              "Actual Loops": 7,
              "Plans": [
                {
                  "Node Type": "Seq Scan",
                  "Parent Relationship": "Outer",
                  "Parallel Aware": true,
                  "Relation Name": "cast_info",
                  "Alias": "ci",
                  "Startup Cost": 0.0,
                  "Total Cost": 343257.03,
                  "Plan Rows": 2242547,
                  "Plan Width": 0,
                  "Actual Startup Time": 0.048,
                  "Actual Total Time": 784.793,
                  "Actual Rows": 2375976,
                  "Actual Loops": 7,
                  "Filter": "((person_id < 2055534) AND (role_id < 4))",
                  "Rows Removed by Filter": 2801788
                }
              ]
            }
          ]
        }
      ]
    },
    "Planning Time": 0.211,
    "Triggers": [],
    "Execution Time": 987.383
  }
]