[
  {
    "Plan": {
      "Node Type": "Aggregate",
      "Strategy": "Plain",
      "Partial Mode": "Finalize",
      "Parallel Aware": false,
      "Startup Cost": 60729.67,
      "Total Cost": 60729.68,
      "Plan Rows": 1,
      "Plan Width": 8,
      "Actual Startup Time": 101.256,
      "Actual Total Time": 114.252,
      "Actual Rows": 1,
      "Actual Loops": 1,
      "Plans": [
        {
          "Node Type": "Gather",
          "Parent Relationship": "Outer",
          "Parallel Aware": false,
          "Startup Cost": 60729.25,
          "Total Cost": 60729.66,
          "Plan Rows": 4,
          "Plan Width": 8,
          "Actual Startup Time": 101.13,
          "Actual Total Time": 114.246,
          "Actual Rows": 5,
          "Actual Loops": 1,
          "Workers Planned": 4,
          "Workers Launched": 4,
          "Single Copy": false,
          "Plans": [
            {
              "Node Type": "Aggregate",
              "Strategy": "Plain",
              "Partial Mode": "Partial",
              "Parent Relationship": "Outer",
              "Parallel Aware": false,
              "Startup Cost": 59729.25,
              "Total Cost": 59729.26,
              "Plan Rows": 1,
              "Plan Width": 8,
              "Actual Startup Time": 91.58,
              "Actual Total Time": 91.582,
              "Actual Rows": 1,
              "Actual Loops": 5,
              "Plans": [
                {
                  "Node Type": "Nested Loop",
                  "Parent Relationship": "Outer",
                  "Parallel Aware": false,
                  "Join Type": "Inner",
                  "Startup Cost": 0.43,
                  "Total Cost": 59725.27,
                  "Plan Rows": 1593,
                  "Plan Width": 0,
                  "Actual Startup Time": 57.017,
                  "Actual Total Time": 91.436,
                  "Actual Rows": 1993,
                  "Actual Loops": 5,
                  "Inner Unique": false,
                  "Plans": [
                    {
                      "Node Type": "Seq Scan",
                      "Parent Relationship": "Outer",
                      "Parallel Aware": true,
                      "Relation Name": "title",
                      "Alias": "t",
                      "Startup Cost": 0.0,
                      "Total Cost": 45479.1,
                      "Plan Rows": 2918,
                      "Plan Width": 4,
                      "Actual Startup Time": 55.386,
                      "Actual Total Time": 81.873,
                      "Actual Rows": 1415,
                      "Actual Loops": 5,
                      "Filter": "((kind_id = 1) AND (production_year = 1998))",
                      "Rows Removed by Filter": 504247
                    },
                    {
                      "Node Type": "Index Only Scan",
                      "Parent Relationship": "Inner",
                      "Parallel Aware": false,
                      "Scan Direction": "Forward",
                      "Index Name": "movie_id_movie_info_idx",
                      "Relation Name": "movie_info_idx",
                      "Alias": "mi_idx",
                      "Startup Cost": 0.43,
                      "Total Cost": 4.85,
                      "Plan Rows": 3,
                      "Plan Width": 4,
                      "Actual Startup Time": 0.006,
                      "Actual Total Time": 0.006,
                      "Actual Rows": 1,
                      "Actual Loops": 7075,
                      "Index Cond": "(movie_id = t.id)",
                      "Rows Removed by Index Recheck": 0,
                      "Heap Fetches": 9964
                    }
                  ]
                }
              ]
            }
          ]
        }
      ]
    },
    "Planning Time": 0.58,
    "Triggers": [],
    "Execution Time": 114.321
  }
]