[
  {
    "Plan": {
      "Node Type": "Aggregate",
      "Strategy": "Plain",
      "Partial Mode": "Finalize",
      "Parallel Aware": false,
      "Startup Cost": 46575.37,
      "Total Cost": 46575.38,
      "Plan Rows": 1,
      "Plan Width": 8,
      "Actual Startup Time": 99.883,
      "Actual Total Time": 112.573,
      "Actual Rows": 1,
      "Actual Loops": 1,
      "Plans": [
        {
          "Node Type": "Gather",
          "Parent Relationship": "Outer",
          "Parallel Aware": false,
          "Startup Cost": 46574.95,
          "Total Cost": 46575.36,
          "Plan Rows": 4,
          "Plan Width": 8,
          "Actual Startup Time": 99.743,
          "Actual Total Time": 112.565,
          "Actual Rows": 5,
          "Actual Loops": 1,
          "Workers Planned": 4,
          "Workers Launched": 4,
          "Single Copy": false,
          "Plans": [
            {
              "Node Type": "Aggregate",
              "Strategy": "Plain",
              "Partial Mode": "Partial",
              "Parent Relationship": "Outer",
              "Parallel Aware": false,
              "Startup Cost": 45574.95,
              "Total Cost": 45574.96,
              "Plan Rows": 1,
              "Plan Width": 8,
              "Actual Startup Time": 90.225,
              "Actual Total Time": 90.226,
              "Actual Rows": 1,
              "Actual Loops": 5,
              "Plans": [
                {
                  "Node Type": "Seq Scan",
                  "Parent Relationship": "Outer",
                  "Parallel Aware": true,
                  "Relation Name": "title",
                  "Alias": "t",
                  "Startup Cost": 0.0,
                  "Total Cost": 45479.1,
                  "Plan Rows": 38340,
                  "Plan Width": 0,
                  "Actual Startup Time": 0.094,
                  "Actual Total Time": 88.673,
                  "Actual Rows": 26952,
                  "Actual Loops": 5,
                  "Filter": "((kind_id < 7) AND (production_year > 2010))",
                  "Rows Removed by Filter": 478710
                }
              ]
            }
          ]
        }
      ]
    },
    "Planning Time": 0.172,
    "Triggers": [],
    "Execution Time": 112.631
  }
]