{
    "Plan": {
        "Node Type": "Aggregate",
        "Strategy": "Plain",
        "Partial Mode": "Finalize",
        "Parallel Aware": false,
        "Startup Cost": 78544.36,
        "Total Cost": 78544.37,
        "Plan Rows": 1,
        "Plan Width": 8,
        "Actual Startup Time": 205.344,
        "Actual Total Time": 218.564,
        "Actual Rows": 1,
        "Actual Loops": 1,
        "Output": [
            "count(*)"
        ],
        "Plans": [
            {
                "Node Type": "Gather",
                "Parent Relationship": "Outer",
                "Parallel Aware": false,
                "Startup Cost": 78544.04,
                "Total Cost": 78544.35,
                "Plan Rows": 3,
                "Plan Width": 8,
                "Actual Startup Time": 204.845,
                "Actual Total Time": 218.555,
                "Actual Rows": 4,
                "Actual Loops": 1,
                "Output": [
                    "(PARTIAL count(*))"
                ],
                "Workers Planned": 3,
                "Workers Launched": 3,
                "Single Copy": false,
                "Plans": [
                    {
                        "Node Type": "Aggregate",
                        "Strategy": "Plain",
                        "Partial Mode": "Partial",
                        "Parent Relationship": "Outer",
                        "Parallel Aware": false,
                        "Startup Cost": 77544.04,
                        "Total Cost": 77544.05,
                        "Plan Rows": 1,
                        "Plan Width": 8,
                        "Actual Startup Time": 195.729,
                        "Actual Total Time": 195.733,
                        "Actual Rows": 1,
                        "Actual Loops": 4,
                        "Output": [
                            "PARTIAL count(*)"
                        ],
                        "Workers": [
                            {
                                "Worker Number": 0,
                                "Actual Startup Time": 192.996,
                                "Actual Total Time": 192.999,
                                "Actual Rows": 1,
                                "Actual Loops": 1
                            },
                            {
                                "Worker Number": 1,
                                "Actual Startup Time": 192.906,
                                "Actual Total Time": 192.91,
                                "Actual Rows": 1,
                                "Actual Loops": 1
                            },
                            {
                                "Worker Number": 2,
                                "Actual Startup Time": 192.902,
                                "Actual Total Time": 192.905,
                                "Actual Rows": 1,
                                "Actual Loops": 1
                            }
                        ],
                        "Plans": [
                            {
                                "Node Type": "Hash Join",
                                "Parent Relationship": "Outer",
                                "Parallel Aware": true,
                                "Join Type": "Inner",
                                "Startup Cost": 45647.12,
                                "Total Cost": 77534.48,
                                "Plan Rows": 3826,
                                "Plan Width": 0,
                                "Actual Startup Time": 169.887,
                                "Actual Total Time": 195.212,
                                "Actual Rows": 9680,
                                "Actual Loops": 4,
                                "Inner Unique": true,
                                "Hash Cond": "(mc.movie_id = t.id)",
                                "Workers": [
                                    {
                                        "Worker Number": 0,
                                        "Actual Startup Time": 167.117,
                                        "Actual Total Time": 192.469,
                                        "Actual Rows": 6844,
                                        "Actual Loops": 1
                                    },
                                    {
                                        "Worker Number": 1,
                                        "Actual Startup Time": 167.076,
                                        "Actual Total Time": 192.406,
                                        "Actual Rows": 9477,
                                        "Actual Loops": 1
                                    },
                                    {
                                        "Worker Number": 2,
                                        "Actual Startup Time": 167.083,
                                        "Actual Total Time": 192.387,
                                        "Actual Rows": 9730,
                                        "Actual Loops": 1
                                    }
                                ],
                                "Plans": [
                                    {
                                        "Node Type": "Seq Scan",
                                        "Parent Relationship": "Outer",
                                        "Parallel Aware": true,
                                        "Relation Name": "movie_companies",
                                        "Schema": "public",
                                        "Alias": "mc",
                                        "Startup Cost": 0.0,
                                        "Total Cost": 31414.82,
                                        "Plan Rows": 180016,
                                        "Plan Width": 4,
                                        "Actual Startup Time": 32.868,
                                        "Actual Total Time": 65.63,
                                        "Actual Rows": 85970,
                                        "Actual Loops": 4,
                                        "Output": [
                                            "mc.id",
                                            "mc.movie_id",
                                            "mc.company_id",
                                            "mc.company_type_id",
                                            "mc.note"
                                        ],
                                        "Filter": "((mc.company_id < 7297) AND (mc.company_type_id = 2))",
                                        "Rows Removed by Filter": 566312,
                                        "Workers": [
                                            {
                                                "Worker Number": 0,
                                                "Actual Startup Time": 32.878,
                                                "Actual Total Time": 66.157,
                                                "Actual Rows": 63755,
                                                "Actual Loops": 1
                                            },
                                            {
                                                "Worker Number": 1,
                                                "Actual Startup Time": 32.865,
                                                "Actual Total Time": 66.157,
                                                "Actual Rows": 86655,
                                                "Actual Loops": 1
                                            },
                                            {
                                                "Worker Number": 2,
                                                "Actual Startup Time": 32.873,
                                                "Actual Total Time": 65.875,
                                                "Actual Rows": 86782,
                                                "Actual Loops": 1
                                            }
                                        ]
                                    },
                                    {
                                        "Node Type": "Hash",
                                        "Parent Relationship": "Inner",
                                        "Parallel Aware": true,
                                        "Startup Cost": 45479.21,
                                        "Total Cost": 45479.21,
                                        "Plan Rows": 13433,
                                        "Plan Width": 4,
                                        "Actual Startup Time": 113.24,
                                        "Actual Total Time": 113.241,
                                        "Actual Rows": 17405,
                                        "Actual Loops": 4,
                                        "Output": [
                                            "t.id"
                                        ],
                                        "Hash Buckets": 131072,
                                        "Original Hash Buckets": 65536,
                                        "Hash Batches": 1,
                                        "Original Hash Batches": 1,
                                        "Peak Memory Usage": 4352,
                                        "Workers": [
                                            {
                                                "Worker Number": 0,
                                                "Actual Startup Time": 111.391,
                                                "Actual Total Time": 111.393,
                                                "Actual Rows": 12448,
                                                "Actual Loops": 1
                                            },
                                            {
                                                "Worker Number": 1,
                                                "Actual Startup Time": 111.396,
                                                "Actual Total Time": 111.398,
                                                "Actual Rows": 16567,
                                                "Actual Loops": 1
                                            },
                                            {
                                                "Worker Number": 2,
                                                "Actual Startup Time": 111.357,
                                                "Actual Total Time": 111.358,
                                                "Actual Rows": 16559,
                                                "Actual Loops": 1
                                            }
                                        ],
                                        "Plans": [
                                            {
                                                "Node Type": "Seq Scan",
                                                "Parent Relationship": "Outer",
                                                "Parallel Aware": true,
                                                "Relation Name": "title",
                                                "Schema": "public",
                                                "Alias": "t",
                                                "Startup Cost": 0.0,
                                                "Total Cost": 45479.21,
                                                "Plan Rows": 13433,
                                                "Plan Width": 4,
                                                "Actual Startup Time": 68.203,
                                                "Actual Total Time": 104.98,
                                                "Actual Rows": 17405,
                                                "Actual Loops": 4,
                                                "Output": [
                                                    "t.id"
                                                ],
                                                "Filter": "((t.production_year < 2005) AND (t.kind_id = 3))",
                                                "Rows Removed by Filter": 614673,
                                                "Workers": [
                                                    {
                                                        "Worker Number": 0,
                                                        "Actual Startup Time": 69.48,
                                                        "Actual Total Time": 103.076,
                                                        "Actual Rows": 12448,
                                                        "Actual Loops": 1
                                                    },
                                                    {
                                                        "Worker Number": 1,
                                                        "Actual Startup Time": 63.055,
                                                        "Actual Total Time": 103.414,
                                                        "Actual Rows": 16567,
                                                        "Actual Loops": 1
                                                    },
                                                    {
                                                        "Worker Number": 2,
                                                        "Actual Startup Time": 63.313,
                                                        "Actual Total Time": 103.756,
                                                        "Actual Rows": 16559,
                                                        "Actual Loops": 1
                                                    }
                                                ]
                                            }
                                        ]
                                    }
                                ]
                            }
                        ]
                    }
                ]
            }
        ]
    },
    "Planning Time": 0.731,
    "Triggers": [],
    "Execution Time": 218.634
}