[
    {
        "Bao": {
            "Bao prediction": "NaN",
            "Bao recommended hint": "(no hint)"
        }
    },
    {
        "Plan": {
            "Node Type": "Aggregate",
            "Strategy": "Plain",
            "Partial Mode": "Finalize",
            "Parallel Aware": false,
            "Startup Cost": 346122.19,
            "Total Cost": 346122.2,
            "Plan Rows": 1,
            "Plan Width": 8,
            "Actual Startup Time": 700.123,
            "Actual Total Time": 729.326,
            "Actual Rows": 1,
            "Actual Loops": 1,
            "Output": [
                "count(*)"
            ],
            "Plans": [
                {
                    "Node Type": "Gather",
                    "Parent Relationship": "Outer",
                    "Parallel Aware": false,
                    "Startup Cost": 346121.57,
                    "Total Cost": 346122.17,
                    "Plan Rows": 6,
                    "Plan Width": 8,
                    "Actual Startup Time": 699.987,
                    "Actual Total Time": 729.316,
                    "Actual Rows": 7,
                    "Actual Loops": 1,
                    "Output": [
                        "(PARTIAL count(*))"
                    ],
                    "Workers Planned": 6,
                    "Workers Launched": 6,
                    "Single Copy": false,
                    "Plans": [
                        {
                            "Node Type": "Aggregate",
                            "Strategy": "Plain",
                            "Partial Mode": "Partial",
                            "Parent Relationship": "Outer",
                            "Parallel Aware": false,
                            "Startup Cost": 345121.57,
                            "Total Cost": 345121.58,
                            "Plan Rows": 1,
                            "Plan Width": 8,
                            "Actual Startup Time": 690.464,
                            "Actual Total Time": 690.465,
                            "Actual Rows": 1,
                            "Actual Loops": 7,
                            "Output": [
                                "PARTIAL count(*)"
                            ],
                            "Workers": [
                                {
                                    "Worker Number": 0,
                                    "Actual Startup Time": 688.286,
                                    "Actual Total Time": 688.288,
                                    "Actual Rows": 1,
                                    "Actual Loops": 1
                                },
                                {
                                    "Worker Number": 1,
                                    "Actual Startup Time": 688.652,
                                    "Actual Total Time": 688.653,
                                    "Actual Rows": 1,
                                    "Actual Loops": 1
                                },
                                {
                                    "Worker Number": 2,
                                    "Actual Startup Time": 688.983,
                                    "Actual Total Time": 688.984,
                                    "Actual Rows": 1,
                                    "Actual Loops": 1
                                },
                                {
                                    "Worker Number": 3,
                                    "Actual Startup Time": 689.178,
                                    "Actual Total Time": 689.18,
                                    "Actual Rows": 1,
                                    "Actual Loops": 1
                                },
                                {
                                    "Worker Number": 4,
                                    "Actual Startup Time": 689.24,
                                    "Actual Total Time": 689.241,
                                    "Actual Rows": 1,
                                    "Actual Loops": 1
                                },
                                {
                                    "Worker Number": 5,
                                    "Actual Startup Time": 689.253,
                                    "Actual Total Time": 689.255,
                                    "Actual Rows": 1,
                                    "Actual Loops": 1
                                }
                            ],
                            "Plans": [
                                {
                                    "Node Type": "Seq Scan",
                                    "Parent Relationship": "Outer",
                                    "Parallel Aware": true,
                                    "Relation Name": "cast_info",
                                    "Schema": "public",
                                    "Alias": "ci",
                                    "Startup Cost": 0.0,
                                    "Total Cost": 343318.94,
                                    "Plan Rows": 721050,
                                    "Plan Width": 0,
                                    "Actual Startup Time": 325.429,
                                    "Actual Total Time": 619.199,
                                    "Actual Rows": 1402828,
                                    "Actual Loops": 7,
                                    "Output": [
                                        "id",
                                        "person_id",
                                        "movie_id",
                                        "person_role_id",
                                        "note",
                                        "nr_order",
                                        "role_id"
                                    ],
                                    "Filter": "((ci.person_id > 2729131) AND (ci.role_id > 2))",
                                    "Rows Removed by Filter": 3774935,
                                    "Workers": [
                                        {
                                            "Worker Number": 0,
                                            "Actual Startup Time": 323.246,
                                            "Actual Total Time": 617.687,
                                            "Actual Rows": 1056998,
                                            "Actual Loops": 1
                                        },
                                        {
                                            "Worker Number": 1,
                                            "Actual Startup Time": 323.618,
                                            "Actual Total Time": 618.09,
                                            "Actual Rows": 1590428,
                                            "Actual Loops": 1
                                        },
                                        {
                                            "Worker Number": 2,
                                            "Actual Startup Time": 323.958,
                                            "Actual Total Time": 618.137,
                                            "Actual Rows": 1060940,
                                            "Actual Loops": 1
                                        },
                                        {
                                            "Worker Number": 3,
                                            "Actual Startup Time": 324.149,
                                            "Actual Total Time": 618.961,
                                            "Actual Rows": 1584601,
                                            "Actual Loops": 1
                                        },
                                        {
                                            "Worker Number": 4,
                                            "Actual Startup Time": 324.199,
                                            "Actual Total Time": 618.649,
                                            "Actual Rows": 1054137,
                                            "Actual Loops": 1
                                        },
                                        {
                                            "Worker Number": 5,
                                            "Actual Startup Time": 324.218,
                                            "Actual Total Time": 624.58,
                                            "Actual Rows": 1561977,
                                            "Actual Loops": 1
                                        }
                                    ]
                                }
                            ]
                        }
                    ]
                }
            ]
        },
        "Planning Time": 200.305,
        "Triggers": [],
        "Execution Time": 729.383
    }
]