[
  {
    "Plan": {
      "Node Type": "Aggregate",
      "Strategy": "Plain",
      "Partial Mode": "Finalize",
      "Parallel Aware": false,
      "Startup Cost": 110468.48,
      "Total Cost": 110468.49,
      "Plan Rows": 1,
      "Plan Width": 8,
      "Actual Startup Time": 461.576,
      "Actual Total Time": 482.164,
      "Actual Rows": 1,
      "Actual Loops": 1,
      "Plans": [
        {
          "Node Type": "Gather",
          "Parent Relationship": "Outer",
          "Parallel Aware": false,
          "Startup Cost": 110468.16,
          "Total Cost": 110468.47,
          "Plan Rows": 3,
          "Plan Width": 8,
          "Actual Startup Time": 461.117,
          "Actual Total Time": 482.152,
          "Actual Rows": 4,
          "Actual Loops": 1,
          "Workers Planned": 3,
          "Workers Launched": 3,
          "Single Copy": false,
          "Plans": [
            {
              "Node Type": "Aggregate",
              "Strategy": "Plain",
              "Partial Mode": "Partial",
              "Parent Relationship": "Outer",
              "Parallel Aware": false,
              "Startup Cost": 109468.16,
              "Total Cost": 109468.17,
              "Plan Rows": 1,
              "Plan Width": 8,
              "Actual Startup Time": 451.605,
              "Actual Total Time": 451.609,
              "Actual Rows": 1,
              "Actual Loops": 4,
              "Plans": [
                {
                  "Node Type": "Nested Loop",
                  "Parent Relationship": "Outer",
                  "Parallel Aware": false,
                  "Join Type": "Inner",
                  "Startup Cost": 38042.84,
                  "Total Cost": 109248.61,
                  "Plan Rows": 87819,
                  "Plan Width": 0,
                  "Actual Startup Time": 73.899,
                  "Actual Total Time": 431.999,
                  "Actual Rows": 494692,
                  "Actual Loops": 4,
                  "Inner Unique": false,
                  "Join Filter": "(t.id = mi.movie_id)",
                  "Rows Removed by Join Filter": 0,
                  "Plans": [
                    {
                      "Node Type": "Hash Join",
                      "Parent Relationship": "Outer",
                      "Parallel Aware": true,
                      "Join Type": "Inner",
                      "Startup Cost": 38042.41,
                      "Total Cost": 80920.49,
                      "Plan Rows": 15019,
                      "Plan Width": 8,
                      "Actual Startup Time": 73.835,
                      "Actual Total Time": 240.603,
                      "Actual Rows": 13913,
                      "Actual Loops": 4,
                      "Inner Unique": true,
                      "Hash Cond": "(mk.movie_id = t.id)",
                      "Plans": [
                        {
                          "Node Type": "Seq Scan",
                          "Parent Relationship": "Outer",
                          "Parallel Aware": true,
                          "Relation Name": "movie_keyword",
                          "Alias": "mk",
                          "Startup Cost": 0.0,
                          "Total Cost": 39047.32,
                          "Plan Rows": 1459332,
                          "Plan Width": 4,
                          "Actual Startup Time": 0.022,
                          "Actual Total Time": 86.268,
                          "Actual Rows": 1130982,
                          "Actual Loops": 4
                        },
                        {
                          "Node Type": "Hash",
                          "Parent Relationship": "Inner",
                          "Parallel Aware": true,
                          "Startup Cost": 37961.1,
                          "Total Cost": 37961.1,
                          "Plan Rows": 6505,
                          "Plan Width": 4,
                          "Actual Startup Time": 72.541,
                          "Actual Total Time": 72.543,
                          "Actual Rows": 6413,
                          "Actual Loops": 4,
                          "Hash Buckets": 32768,
                          "Original Hash Buckets": 32768,
                          "Hash Batches": 1,
                          "Original Hash Batches": 1,
                          "Peak Memory Usage": 1344,
                          "Plans": [
                            {
                              "Node Type": "Bitmap Heap Scan",
                              "Parent Relationship": "Outer",
                              "Parallel Aware": true,
                              "Relation Name": "title",
                              "Alias": "t",
                              "Startup Cost": 1623.04,
                              "Total Cost": 37961.1,
                              "Plan Rows": 6505,
                              "Plan Width": 4,
                              "Actual Startup Time": 20.356,
                              "Actual Total Time": 68.132,
                              "Actual Rows": 6413,
                              "Actual Loops": 4,
                              "Recheck Cond": "(kind_id = 2)",
                              "Rows Removed by Index Recheck": 0,
                              "Filter": "(production_year < 1992)",
                              "Rows Removed by Filter": 16300,
                              "Exact Heap Blocks": 15191,
                              "Lossy Heap Blocks": 0,
                              "Plans": [
                                {
                                  "Node Type": "Bitmap Index Scan",
                                  "Parent Relationship": "Outer",
                                  "Parallel Aware": false,
                                  "Index Name": "kind_id_title",
                                  "Startup Cost": 0.0,
                                  "Total Cost": 1616.54,
                                  "Plan Rows": 90681,
                                  "Plan Width": 0,
                                  "Actual Startup Time": 19.337,
                                  "Actual Total Time": 19.337,
                                  "Actual Rows": 90852,
                                  "Actual Loops": 1,
                                  "Index Cond": "(kind_id = 2)"
                                }
                              ]
                            }
                          ]
                        }
                      ]
                    },
                    {
                      "Node Type": "Index Only Scan",
                      "Parent Relationship": "Inner",
                      "Parallel Aware": false,
                      "Scan Direction": "Forward",
                      "Index Name": "movie_id_movie_info",
                      "Relation Name": "movie_info",
                      "Alias": "mi",
                      "Startup Cost": 0.43,
                      "Total Cost": 1.36,
                      "Plan Rows": 42,
                      "Plan Width": 4,
                      "Actual Startup Time": 0.003,
                      "Actual Total Time": 0.011,
                      "Actual Rows": 36,
                      "Actual Loops": 55651,
                      "Index Cond": "(movie_id = mk.movie_id)",
                      "Rows Removed by Index Recheck": 0,
                      "Heap Fetches": 1978766
                    }
                  ]
                }
              ]
            }
          ]
        }
      ]
    },
    "Planning Time": 1.332,
    "Triggers": [],
    "Execution Time": 482.271
  }
]