[
  {
    "Plan": {
      "Node Type": "Aggregate",
      "Strategy": "Plain",
      "Partial Mode": "Finalize",
      "Parallel Aware": false,
      "Startup Cost": 94823.41,
      "Total Cost": 94823.42,
      "Plan Rows": 1,
      "Plan Width": 8,
      "Actual Startup Time": 385.15,
      "Actual Total Time": 402.765,
      "Actual Rows": 1,
      "Actual Loops": 1,
      "Plans": [
        {
          "Node Type": "Gather",
          "Parent Relationship": "Outer",
          "Parallel Aware": false,
          "Startup Cost": 94823.09,
          "Total Cost": 94823.4,
          "Plan Rows": 3,
          "Plan Width": 8,
          "Actual Startup Time": 383.254,
          "Actual Total Time": 402.754,
          "Actual Rows": 4,
          "Actual Loops": 1,
          "Workers Planned": 3,
          "Workers Launched": 3,
          "Single Copy": false,
          "Plans": [
            {
              "Node Type": "Aggregate",
              "Strategy": "Plain",
              "Partial Mode": "Partial",
              "Parent Relationship": "Outer",
              "Parallel Aware": false,
              "Startup Cost": 93823.09,
              "Total Cost": 93823.1,
              "Plan Rows": 1,
              "Plan Width": 8,
              "Actual Startup Time": 374.954,
              "Actual Total Time": 374.959,
              "Actual Rows": 1,
              "Actual Loops": 4,
              "Plans": [
                {
                  "Node Type": "Hash Join",
                  "Parent Relationship": "Outer",
                  "Parallel Aware": true,
                  "Join Type": "Inner",
                  "Startup Cost": 47098.86,
                  "Total Cost": 93165.21,
                  "Plan Rows": 263154,
                  "Plan Width": 0,
                  "Actual Startup Time": 176.52,
                  "Actual Total Time": 371.997,
                  "Actual Rows": 72760,
                  "Actual Loops": 4,
                  "Inner Unique": true,
                  "Hash Cond": "(mk.movie_id = t.id)",
                  "Plans": [
                    {
                      "Node Type": "Seq Scan",
                      "Parent Relationship": "Outer",
                      "Parallel Aware": true,
                      "Relation Name": "movie_keyword",
                      "Alias": "mk",
                      "Startup Cost": 0.0,
                      "Total Cost": 42695.65,
                      "Plan Rows": 1284069,
                      "Plan Width": 4,
                      "Actual Startup Time": 0.015,
                      "Actual Total Time": 109.318,
                      "Actual Rows": 995206,
                      "Actual Loops": 4,
                      "Filter": "(keyword_id < 33824)",
                      "Rows Removed by Filter": 135777
                    },
                    {
                      "Node Type": "Hash",
                      "Parent Relationship": "Inner",
                      "Parallel Aware": true,
                      "Startup Cost": 45479.59,
                      "Total Cost": 45479.59,
                      "Plan Rows": 129542,
                      "Plan Width": 4,
                      "Actual Startup Time": 173.195,
                      "Actual Total Time": 173.197,
                      "Actual Rows": 139485,
                      "Actual Loops": 4,
                      "Hash Buckets": 1048576,
                      "Original Hash Buckets": 524288,
                      "Hash Batches": 1,
                      "Original Hash Batches": 1,
                      "Peak Memory Usage": 34144,
                      "Plans": [
                        {
                          "Node Type": "Seq Scan",
                          "Parent Relationship": "Outer",
                          "Parallel Aware": true,
                          "Relation Name": "title",
                          "Alias": "t",
                          "Startup Cost": 0.0,
                          "Total Cost": 45479.59,
                          "Plan Rows": 129542,
                          "Plan Width": 4,
                          "Actual Startup Time": 0.052,
                          "Actual Total Time": 105.347,
                          "Actual Rows": 139485,
                          "Actual Loops": 4,
                          "Filter": "((kind_id > 3) AND (production_year > 2007))",
                          "Rows Removed by Filter": 492593
                        }
                      ]
                    }
                  ]
                }
              ]
            }
          ]
        }
      ]
    },
    "Planning Time": 0.698,
    "Triggers": [],
    "Execution Time": 402.863
  }
]