[
  {
    "Plan": {
      "Node Type": "Aggregate",
      "Strategy": "Plain",
      "Partial Mode": "Finalize",
      "Parallel Aware": false,
      "Startup Cost": 357028.47,
      "Total Cost": 357028.48,
      "Plan Rows": 1,
      "Plan Width": 8,
      "Actual Startup Time": 1134.657,
      "Actual Total Time": 1185.168,
      "Actual Rows": 1,
      "Actual Loops": 1,
      "Plans": [
        {
          "Node Type": "Gather",
          "Parent Relationship": "Outer",
          "Parallel Aware": false,
          "Startup Cost": 357027.84,
          "Total Cost": 357028.45,
          "Plan Rows": 6,
          "Plan Width": 8,
          "Actual Startup Time": 1134.449,
          "Actual Total Time": 1185.157,
          "Actual Rows": 7,
          "Actual Loops": 1,
          "Workers Planned": 6,
          "Workers Launched": 6,
          "Single Copy": false,
          "Plans": [
            {
              "Node Type": "Aggregate",
              "Strategy": "Plain",
              "Partial Mode": "Partial",
              "Parent Relationship": "Outer",
              "Parallel Aware": false,
              "Startup Cost": 356027.84,
              "Total Cost": 356027.85,
              "Plan Rows": 1,
              "Plan Width": 8,
              "Actual Startup Time": 1126.341,
              "Actual Total Time": 1126.343,
              "Actual Rows": 1,
              "Actual Loops": 7,
              "Plans": [
                {
                  "Node Type": "Seq Scan",
                  "Parent Relationship": "Outer",
                  "Parallel Aware": true,
                  "Relation Name": "cast_info",
                  "Alias": "ci",
                  "Startup Cost": 0.0,
                  "Total Cost": 343316.27,
                  "Plan Rows": 5084628,
                  "Plan Width": 0,
                  "Actual Startup Time": 0.468,
                  "Actual Total Time": 871.955,
                  "Actual Rows": 4354766,
                  "Actual Loops": 7,
                  "Filter": "((person_id > 4211) AND (role_id < 9))",
                  "Rows Removed by Filter": 822997
                }
              ]
            }
          ]
        }
      ]
    },
    "Planning Time": 0.162,
    "Triggers": [],
    "Execution Time": 1185.218
  }
]