[
  {
    "Plan": {
      "Node Type": "Aggregate",
      "Strategy": "Plain",
      "Partial Mode": "Finalize",
      "Parallel Aware": false,
      "Startup Cost": 33362.72,
      "Total Cost": 33362.73,
      "Plan Rows": 1,
      "Plan Width": 8,
      "Actual Startup Time": 99.856,
      "Actual Total Time": 105.53,
      "Actual Rows": 1,
      "Actual Loops": 1,
      "Plans": [
        {
          "Node Type": "Gather",
          "Parent Relationship": "Outer",
          "Parallel Aware": false,
          "Startup Cost": 33362.41,
          "Total Cost": 33362.72,
          "Plan Rows": 3,
          "Plan Width": 8,
          "Actual Startup Time": 99.619,
          "Actual Total Time": 105.522,
          "Actual Rows": 4,
          "Actual Loops": 1,
          "Workers Planned": 3,
          "Workers Launched": 3,
          "Single Copy": false,
          "Plans": [
            {
              "Node Type": "Aggregate",
              "Strategy": "Plain",
              "Partial Mode": "Partial",
              "Parent Relationship": "Outer",
              "Parallel Aware": false,
              "Startup Cost": 32362.41,
              "Total Cost": 32362.42,
              "Plan Rows": 1,
              "Plan Width": 8,
              "Actual Startup Time": 93.997,
              "Actual Total Time": 93.999,
              "Actual Rows": 1,
              "Actual Loops": 4,
              "Plans": [
                {
                  "Node Type": "Seq Scan",
                  "Parent Relationship": "Outer",
                  "Parallel Aware": true,
                  "Relation Name": "movie_companies",
                  "Alias": "mc",
                  "Startup Cost": 0.0,
                  "Total Cost": 31414.82,
                  "Plan Rows": 379035,
                  "Plan Width": 0,
                  "Actual Startup Time": 0.058,
                  "Actual Total Time": 79.112,
                  "Actual Rows": 275730,
                  "Actual Loops": 4,
                  "Filter": "((company_id > 77) AND (company_type_id < 2))",
                  "Rows Removed by Filter": 376552
                }
              ]
            }
          ]
        }
      ]
    },
    "Planning Time": 0.177,
    "Triggers": [],
    "Execution Time": 105.576
  }
]