[
  {
    "Plan": {
      "Node Type": "Aggregate",
      "Strategy": "Plain",
      "Partial Mode": "Finalize",
      "Parallel Aware": false,
      "Startup Cost": 88185.13,
      "Total Cost": 88185.14,
      "Plan Rows": 1,
      "Plan Width": 8,
      "Actual Startup Time": 306.442,
      "Actual Total Time": 343.774,
      "Actual Rows": 1,
      "Actual Loops": 1,
      "Plans": [
        {
          "Node Type": "Gather",
          "Parent Relationship": "Outer",
          "Parallel Aware": false,
          "Startup Cost": 88184.81,
          "Total Cost": 88185.12,
          "Plan Rows": 3,
          "Plan Width": 8,
          "Actual Startup Time": 306.145,
          "Actual Total Time": 343.763,
          "Actual Rows": 4,
          "Actual Loops": 1,
          "Workers Planned": 3,
          "Workers Launched": 3,
          "Single Copy": false,
          "Plans": [
            {
              "Node Type": "Aggregate",
              "Strategy": "Plain",
              "Partial Mode": "Partial",
              "Parent Relationship": "Outer",
              "Parallel Aware": false,
              "Startup Cost": 87184.81,
              "Total Cost": 87184.82,
              "Plan Rows": 1,
              "Plan Width": 8,
              "Actual Startup Time": 296.86,
              "Actual Total Time": 296.867,
              "Actual Rows": 1,
              "Actual Loops": 4,
              "Plans": [
                {
                  "Node Type": "Nested Loop",
                  "Parent Relationship": "Outer",
                  "Parallel Aware": false,
                  "Join Type": "Inner",
                  "Startup Cost": 53843.02,
                  "Total Cost": 87125.96,
                  "Plan Rows": 23540,
                  "Plan Width": 0,
                  "Actual Startup Time": 131.326,
                  "Actual Total Time": 294.002,
                  "Actual Rows": 35026,
                  "Actual Loops": 4,
                  "Inner Unique": false,
                  "Join Filter": "(t.id = ci.movie_id)",
                  "Rows Removed by Join Filter": 0,
                  "Plans": [
                    {
                      "Node Type": "Hash Join",
                      "Parent Relationship": "Outer",
                      "Parallel Aware": true,
                      "Join Type": "Inner",
                      "Startup Cost": 53842.46,
                      "Total Cost": 74482.81,
                      "Plan Rows": 2226,
                      "Plan Width": 8,
                      "Actual Startup Time": 131.214,
                      "Actual Total Time": 172.69,
                      "Actual Rows": 1844,
                      "Actual Loops": 4,
                      "Inner Unique": true,
                      "Hash Cond": "(mc.movie_id = t.id)",
                      "Plans": [
                        {
                          "Node Type": "Bitmap Heap Scan",
                          "Parent Relationship": "Outer",
                          "Parallel Aware": true,
                          "Relation Name": "movie_companies",
                          "Alias": "mc",
                          "Startup Cost": 8219.59,
                          "Total Cost": 28538.82,
                          "Plan Rows": 122338,
                          "Plan Width": 4,
                          "Actual Startup Time": 26.508,
                          "Actual Total Time": 51.262,
                          "Actual Rows": 94156,
                          "Actual Loops": 4,
                          "Recheck Cond": "(company_id < 225)",
                          "Rows Removed by Index Recheck": 0,
                          "Exact Heap Blocks": 6897,
                          "Lossy Heap Blocks": 0,
                          "Plans": [
                            {
                              "Node Type": "Bitmap Index Scan",
                              "Parent Relationship": "Outer",
                              "Parallel Aware": false,
                              "Index Name": "company_id_movie_companies",
                              "Startup Cost": 0.0,
                              "Total Cost": 8124.78,
                              "Plan Rows": 379247,
                              "Plan Width": 0,
                              "Actual Startup Time": 22.214,
                              "Actual Total Time": 22.215,
                              "Actual Rows": 376622,
                              "Actual Loops": 1,
                              "Index Cond": "(company_id < 225)"
                            }
                          ]
                        },
                        {
                          "Node Type": "Hash",
                          "Parent Relationship": "Inner",
                          "Parallel Aware": true,
                          "Startup Cost": 45479.1,
                          "Total Cost": 45479.1,
                          "Plan Rows": 11501,
                          "Plan Width": 4,
                          "Actual Startup Time": 103.121,
                          "Actual Total Time": 103.124,
                          "Actual Rows": 13216,
                          "Actual Loops": 4,
                          "Hash Buckets": 65536,
                          "Original Hash Buckets": 65536,
                          "Hash Batches": 1,
                          "Original Hash Batches": 1,
                          "Peak Memory Usage": 2624,
                          "Plans": [
                            {
                              "Node Type": "Seq Scan",
                              "Parent Relationship": "Outer",
                              "Parallel Aware": true,
                              "Relation Name": "title",
                              "Alias": "t",
                              "Startup Cost": 0.0,
                              "Total Cost": 45479.1,
                              "Plan Rows": 11501,
                              "Plan Width": 4,
                              "Actual Startup Time": 0.06,
                              "Actual Total Time": 97.143,
                              "Actual Rows": 13216,
                              "Actual Loops": 4,
                              "Filter": "((kind_id > 1) AND (production_year = 2002))",
                              "Rows Removed by Filter": 618862
                            }
                          ]
                        }
                      ]
                    },
                    {
                      "Node Type": "Index Scan",
                      "Parent Relationship": "Inner",
                      "Parallel Aware": false,
                      "Scan Direction": "Forward",
                      "Index Name": "movie_id_cast_info",
                      "Relation Name": "cast_info",
                      "Alias": "ci",
                      "Startup Cost": 0.56,
                      "Total Cost": 5.34,
                      "Plan Rows": 27,
                      "Plan Width": 4,
                      "Actual Startup Time": 0.009,
                      "Actual Total Time": 0.063,
                      "Actual Rows": 19,
                      "Actual Loops": 7375,
                      "Index Cond": "(movie_id = mc.movie_id)",
                      "Rows Removed by Index Recheck": 0,
                      "Filter": "(role_id < 5)",
                      "Rows Removed by Filter": 9
                    }
                  ]
                }
              ]
            }
          ]
        }
      ]
    },
    "Planning Time": 1.455,
    "Triggers": [],
    "Execution Time": 343.898
  }
]