[
  {
    "Plan": {
      "Node Type": "Aggregate",
      "Strategy": "Plain",
      "Partial Mode": "Finalize",
      "Parallel Aware": false,
      "Startup Cost": 9807.67,
      "Total Cost": 9807.68,
      "Plan Rows": 1,
      "Plan Width": 8,
      "Actual Startup Time": 25.092,
      "Actual Total Time": 27.266,
      "Actual Rows": 1,
      "Actual Loops": 1,
      "Plans": [
        {
          "Node Type": "Gather",
          "Parent Relationship": "Outer",
          "Parallel Aware": false,
          "Startup Cost": 9807.35,
          "Total Cost": 9807.66,
          "Plan Rows": 3,
          "Plan Width": 8,
          "Actual Startup Time": 25.011,
          "Actual Total Time": 27.261,
          "Actual Rows": 4,
          "Actual Loops": 1,
          "Workers Planned": 3,
          "Workers Launched": 3,
          "Single Copy": false,
          "Plans": [
            {
              "Node Type": "Aggregate",
              "Strategy": "Plain",
              "Partial Mode": "Partial",
              "Parent Relationship": "Outer",
              "Parallel Aware": false,
              "Startup Cost": 8807.35,
              "Total Cost": 8807.36,
              "Plan Rows": 1,
              "Plan Width": 8,
              "Actual Startup Time": 21.42,
              "Actual Total Time": 21.42,
              "Actual Rows": 1,
              "Actual Loops": 4,
              "Plans": [
                {
                  "Node Type": "Index Scan",
                  "Parent Relationship": "Outer",
                  "Parallel Aware": true,
                  "Scan Direction": "Forward",
                  "Index Name": "role_id_cast_info",
                  "Relation Name": "cast_info",
                  "Alias": "ci",
                  "Startup Cost": 0.56,
                  "Total Cost": 8709.54,
                  "Plan Rows": 39123,
                  "Plan Width": 0,
                  "Actual Startup Time": 0.076,
                  "Actual Total Time": 18.102,
                  "Actual Rows": 59583,
                  "Actual Loops": 4,
                  "Index Cond": "(role_id > 10)",
                  "Rows Removed by Index Recheck": 0,
                  "Filter": "(person_id > 2190696)",
                  "Rows Removed by Filter": 19446
                }
              ]
            }
          ]
        }
      ]
    },
    "Planning Time": 0.079,
    "Triggers": [],
    "Execution Time": 27.289
  }
]