[
  {
    "Plan": {
      "Node Type": "Aggregate",
      "Strategy": "Plain",
      "Partial Mode": "Finalize",
      "Parallel Aware": false,
      "Startup Cost": 33049.32,
      "Total Cost": 33049.33,
      "Plan Rows": 1,
      "Plan Width": 8,
      "Actual Startup Time": 81.247,
      "Actual Total Time": 89.13,
      "Actual Rows": 1,
      "Actual Loops": 1,
      "Plans": [
        {
          "Node Type": "Gather",
          "Parent Relationship": "Outer",
          "Parallel Aware": false,
          "Startup Cost": 33049.0,
          "Total Cost": 33049.31,
          "Plan Rows": 3,
          "Plan Width": 8,
          "Actual Startup Time": 81.099,
          "Actual Total Time": 89.119,
          "Actual Rows": 4,
          "Actual Loops": 1,
          "Workers Planned": 3,
          "Workers Launched": 3,
          "Single Copy": false,
          "Plans": [
            {
              "Node Type": "Aggregate",
              "Strategy": "Plain",
              "Partial Mode": "Partial",
              "Parent Relationship": "Outer",
              "Parallel Aware": false,
              "Startup Cost": 32049.0,
              "Total Cost": 32049.01,
              "Plan Rows": 1,
              "Plan Width": 8,
              "Actual Startup Time": 77.78,
              "Actual Total Time": 77.781,
              "Actual Rows": 1,
              "Actual Loops": 4,
              "Plans": [
                {
                  "Node Type": "Seq Scan",
                  "Parent Relationship": "Outer",
                  "Parallel Aware": true,
                  "Relation Name": "movie_companies",
                  "Alias": "mc",
                  "Startup Cost": 0.0,
                  "Total Cost": 31414.82,
                  "Plan Rows": 253673,
                  "Plan Width": 0,
                  "Actual Startup Time": 2.231,
                  "Actual Total Time": 70.943,
                  "Actual Rows": 143016,
                  "Actual Loops": 4,
                  "Filter": "((company_id > 4828) AND (company_type_id = 1))",
                  "Rows Removed by Filter": 509266
                }
              ]
            }
          ]
        }
      ]
    },
    "Planning Time": 0.09,
    "Triggers": [],
    "Execution Time": 89.157
  }
]