[
  {
    "Plan": {
      "Node Type": "Aggregate",
      "Strategy": "Plain",
      "Partial Mode": "Finalize",
      "Parallel Aware": false,
      "Startup Cost": 45197.25,
      "Total Cost": 45197.26,
      "Plan Rows": 1,
      "Plan Width": 8,
      "Actual Startup Time": 144.898,
      "Actual Total Time": 154.633,
      "Actual Rows": 1,
      "Actual Loops": 1,
      "Plans": [
        {
          "Node Type": "Gather",
          "Parent Relationship": "Outer",
          "Parallel Aware": false,
          "Startup Cost": 45196.93,
          "Total Cost": 45197.24,
          "Plan Rows": 3,
          "Plan Width": 8,
          "Actual Startup Time": 144.767,
          "Actual Total Time": 154.624,
          "Actual Rows": 4,
          "Actual Loops": 1,
          "Workers Planned": 3,
          "Workers Launched": 3,
          "Single Copy": false,
          "Plans": [
            {
              "Node Type": "Aggregate",
              "Strategy": "Plain",
              "Partial Mode": "Partial",
              "Parent Relationship": "Outer",
              "Parallel Aware": false,
              "Startup Cost": 44196.93,
              "Total Cost": 44196.94,
              "Plan Rows": 1,
              "Plan Width": 8,
              "Actual Startup Time": 136.529,
              "Actual Total Time": 136.53,
              "Actual Rows": 1,
              "Actual Loops": 4,
              "Plans": [
                {
                  "Node Type": "Seq Scan",
                  "Parent Relationship": "Outer",
                  "Parallel Aware": true,
                  "Relation Name": "movie_keyword",
                  "Alias": "mk",
                  "Startup Cost": 0.0,
                  "Total Cost": 42695.65,
                  "Plan Rows": 600511,
                  "Plan Width": 0,
                  "Actual Startup Time": 0.061,
                  "Actual Total Time": 113.851,
                  "Actual Rows": 466234,
                  "Actual Loops": 4,
                  "Filter": "(keyword_id < 3152)",
                  "Rows Removed by Filter": 664748
                }
              ]
            }
          ]
        }
      ]
    },
    "Planning Time": 0.183,
    "Triggers": [],
    "Execution Time": 154.688
  }
]